<?xml version="1.0" encoding="UTF-8"?>
<testsuites name="TS1" time="1080.759" tests="1" failures="0" errors="1">
   <testsuite name="TS1" tests="1" failures="0" errors="1" time="1080.759" skipped="0" timestamp="2024-01-22 18:32:23" hostname="Fadli - LAPTOP-UEQ5K85B.mshome.net" id="Test Suites/TS1">
      <properties>
         <property name="deviceName" value=""/>
         <property name="devicePlatform" value=""/>
         <property name="logFolder" value="C:\\Users\\Fadli\\git\\KatalonDailyGetData2\\Reports\\20240122_174123\\TS1\\20240122_183220"/>
         <property name="logFiles" value="C:\\Users\\Fadli\\git\\KatalonDailyGetData2\\Reports\\20240122_174123\\TS1\\20240122_183220\\execution0.log"/>
         <property name="attachments" value="C:\\Users\\Fadli\\git\\KatalonDailyGetData2\\Reports\\20240122_174123\\TS1\\20240122_183220\\1705923242309.png, C:\\Users\\Fadli\\git\\KatalonDailyGetData2\\Reports\\20240122_174123\\TS1\\20240122_183220\\1705923244307.png, C:\\Users\\Fadli\\git\\KatalonDailyGetData2\\Reports\\20240122_174123\\TS1\\20240122_183220\\1705923246355.png, C:\\Users\\Fadli\\git\\KatalonDailyGetData2\\Reports\\20240122_174123\\TS1\\20240122_183220\\1705923248358.png, C:\\Users\\Fadli\\git\\KatalonDailyGetData2\\Reports\\20240122_174123\\TS1\\20240122_183220\\1705923269847.png, C:\\Users\\Fadli\\git\\KatalonDailyGetData2\\Reports\\20240122_174123\\TS1\\20240122_183220\\1705923271755.png, C:\\Users\\Fadli\\git\\KatalonDailyGetData2\\Reports\\20240122_174123\\TS1\\20240122_183220\\1705923274647.png, C:\\Users\\Fadli\\git\\KatalonDailyGetData2\\Reports\\20240122_174123\\TS1\\20240122_183220\\1705923276631.png, C:\\Users\\Fadli\\git\\KatalonDailyGetData2\\Reports\\20240122_174123\\TS1\\20240122_183220\\1705923296428.png, C:\\Users\\Fadli\\git\\KatalonDailyGetData2\\Reports\\20240122_174123\\TS1\\20240122_183220\\1705923298402.png, C:\\Users\\Fadli\\git\\KatalonDailyGetData2\\Reports\\20240122_174123\\TS1\\20240122_183220\\1705923300320.png, C:\\Users\\Fadli\\git\\KatalonDailyGetData2\\Reports\\20240122_174123\\TS1\\20240122_183220\\1705923302212.png, C:\\Users\\Fadli\\git\\KatalonDailyGetData2\\Reports\\20240122_174123\\TS1\\20240122_183220\\1705923322478.png, C:\\Users\\Fadli\\git\\KatalonDailyGetData2\\Reports\\20240122_174123\\TS1\\20240122_183220\\1705923324480.png, C:\\Users\\Fadli\\git\\KatalonDailyGetData2\\Reports\\20240122_174123\\TS1\\20240122_183220\\1705923326407.png, C:\\Users\\Fadli\\git\\KatalonDailyGetData2\\Reports\\20240122_174123\\TS1\\20240122_183220\\1705923328301.png, C:\\Users\\Fadli\\git\\KatalonDailyGetData2\\Reports\\20240122_174123\\TS1\\20240122_183220\\1705923363119.png, C:\\Users\\Fadli\\git\\KatalonDailyGetData2\\Reports\\20240122_174123\\TS1\\20240122_183220\\1705923364848.png, C:\\Users\\Fadli\\git\\KatalonDailyGetData2\\Reports\\20240122_174123\\TS1\\20240122_183220\\1705923366579.png, C:\\Users\\Fadli\\git\\KatalonDailyGetData2\\Reports\\20240122_174123\\TS1\\20240122_183220\\1705923368272.png, C:\\Users\\Fadli\\git\\KatalonDailyGetData2\\Reports\\20240122_174123\\TS1\\20240122_183220\\1705923386178.png, C:\\Users\\Fadli\\git\\KatalonDailyGetData2\\Reports\\20240122_174123\\TS1\\20240122_183220\\1705923387842.png, C:\\Users\\Fadli\\git\\KatalonDailyGetData2\\Reports\\20240122_174123\\TS1\\20240122_183220\\1705923389653.png, C:\\Users\\Fadli\\git\\KatalonDailyGetData2\\Reports\\20240122_174123\\TS1\\20240122_183220\\1705923391333.png, C:\\Users\\Fadli\\git\\KatalonDailyGetData2\\Reports\\20240122_174123\\TS1\\20240122_183220\\1705923410818.png, C:\\Users\\Fadli\\git\\KatalonDailyGetData2\\Reports\\20240122_174123\\TS1\\20240122_183220\\1705923412729.png, C:\\Users\\Fadli\\git\\KatalonDailyGetData2\\Reports\\20240122_174123\\TS1\\20240122_183220\\1705923414565.png, C:\\Users\\Fadli\\git\\KatalonDailyGetData2\\Reports\\20240122_174123\\TS1\\20240122_183220\\1705923416536.png, C:\\Users\\Fadli\\git\\KatalonDailyGetData2\\Reports\\20240122_174123\\TS1\\20240122_183220\\1705923435013.png, C:\\Users\\Fadli\\git\\KatalonDailyGetData2\\Reports\\20240122_174123\\TS1\\20240122_183220\\1705923436689.png, C:\\Users\\Fadli\\git\\KatalonDailyGetData2\\Reports\\20240122_174123\\TS1\\20240122_183220\\1705923455186.png, C:\\Users\\Fadli\\git\\KatalonDailyGetData2\\Reports\\20240122_174123\\TS1\\20240122_183220\\1705923456931.png, C:\\Users\\Fadli\\git\\KatalonDailyGetData2\\Reports\\20240122_174123\\TS1\\20240122_183220\\1705923458672.png, C:\\Users\\Fadli\\git\\KatalonDailyGetData2\\Reports\\20240122_174123\\TS1\\20240122_183220\\1705923460411.png, C:\\Users\\Fadli\\git\\KatalonDailyGetData2\\Reports\\20240122_174123\\TS1\\20240122_183220\\1705923479734.png, C:\\Users\\Fadli\\git\\KatalonDailyGetData2\\Reports\\20240122_174123\\TS1\\20240122_183220\\1705923481446.png, C:\\Users\\Fadli\\git\\KatalonDailyGetData2\\Reports\\20240122_174123\\TS1\\20240122_183220\\1705923483192.png, C:\\Users\\Fadli\\git\\KatalonDailyGetData2\\Reports\\20240122_174123\\TS1\\20240122_183220\\1705923484914.png, C:\\Users\\Fadli\\git\\KatalonDailyGetData2\\Reports\\20240122_174123\\TS1\\20240122_183220\\1705923502725.png, C:\\Users\\Fadli\\git\\KatalonDailyGetData2\\Reports\\20240122_174123\\TS1\\20240122_183220\\1705923504436.png, C:\\Users\\Fadli\\git\\KatalonDailyGetData2\\Reports\\20240122_174123\\TS1\\20240122_183220\\1705923506104.png, C:\\Users\\Fadli\\git\\KatalonDailyGetData2\\Reports\\20240122_174123\\TS1\\20240122_183220\\1705923507788.png, C:\\Users\\Fadli\\git\\KatalonDailyGetData2\\Reports\\20240122_174123\\TS1\\20240122_183220\\1705923525796.png, C:\\Users\\Fadli\\git\\KatalonDailyGetData2\\Reports\\20240122_174123\\TS1\\20240122_183220\\1705923527509.png, C:\\Users\\Fadli\\git\\KatalonDailyGetData2\\Reports\\20240122_174123\\TS1\\20240122_183220\\1705923529210.png, C:\\Users\\Fadli\\git\\KatalonDailyGetData2\\Reports\\20240122_174123\\TS1\\20240122_183220\\1705923530977.png, C:\\Users\\Fadli\\git\\KatalonDailyGetData2\\Reports\\20240122_174123\\TS1\\20240122_183220\\1705923550515.png, C:\\Users\\Fadli\\git\\KatalonDailyGetData2\\Reports\\20240122_174123\\TS1\\20240122_183220\\1705923552421.png, C:\\Users\\Fadli\\git\\KatalonDailyGetData2\\Reports\\20240122_174123\\TS1\\20240122_183220\\1705923554302.png, C:\\Users\\Fadli\\git\\KatalonDailyGetData2\\Reports\\20240122_174123\\TS1\\20240122_183220\\1705923556204.png, C:\\Users\\Fadli\\git\\KatalonDailyGetData2\\Reports\\20240122_174123\\TS1\\20240122_183220\\1705923574942.png, C:\\Users\\Fadli\\git\\KatalonDailyGetData2\\Reports\\20240122_174123\\TS1\\20240122_183220\\1705923576642.png, C:\\Users\\Fadli\\git\\KatalonDailyGetData2\\Reports\\20240122_174123\\TS1\\20240122_183220\\1705923578348.png, C:\\Users\\Fadli\\git\\KatalonDailyGetData2\\Reports\\20240122_174123\\TS1\\20240122_183220\\1705923580044.png, C:\\Users\\Fadli\\git\\KatalonDailyGetData2\\Reports\\20240122_174123\\TS1\\20240122_183220\\1705923598015.png, C:\\Users\\Fadli\\git\\KatalonDailyGetData2\\Reports\\20240122_174123\\TS1\\20240122_183220\\1705923599765.png, C:\\Users\\Fadli\\git\\KatalonDailyGetData2\\Reports\\20240122_174123\\TS1\\20240122_183220\\1705923601459.png, C:\\Users\\Fadli\\git\\KatalonDailyGetData2\\Reports\\20240122_174123\\TS1\\20240122_183220\\1705923603215.png, C:\\Users\\Fadli\\git\\KatalonDailyGetData2\\Reports\\20240122_174123\\TS1\\20240122_183220\\1705923620930.png, C:\\Users\\Fadli\\git\\KatalonDailyGetData2\\Reports\\20240122_174123\\TS1\\20240122_183220\\1705923622619.png, C:\\Users\\Fadli\\git\\KatalonDailyGetData2\\Reports\\20240122_174123\\TS1\\20240122_183220\\1705923624328.png, C:\\Users\\Fadli\\git\\KatalonDailyGetData2\\Reports\\20240122_174123\\TS1\\20240122_183220\\1705923626069.png, C:\\Users\\Fadli\\git\\KatalonDailyGetData2\\Reports\\20240122_174123\\TS1\\20240122_183220\\1705923643708.png, C:\\Users\\Fadli\\git\\KatalonDailyGetData2\\Reports\\20240122_174123\\TS1\\20240122_183220\\1705923645403.png, C:\\Users\\Fadli\\git\\KatalonDailyGetData2\\Reports\\20240122_174123\\TS1\\20240122_183220\\1705923647081.png, C:\\Users\\Fadli\\git\\KatalonDailyGetData2\\Reports\\20240122_174123\\TS1\\20240122_183220\\1705923648823.png, C:\\Users\\Fadli\\git\\KatalonDailyGetData2\\Reports\\20240122_174123\\TS1\\20240122_183220\\1705923667312.png, C:\\Users\\Fadli\\git\\KatalonDailyGetData2\\Reports\\20240122_174123\\TS1\\20240122_183220\\1705923669006.png, C:\\Users\\Fadli\\git\\KatalonDailyGetData2\\Reports\\20240122_174123\\TS1\\20240122_183220\\1705923670745.png, C:\\Users\\Fadli\\git\\KatalonDailyGetData2\\Reports\\20240122_174123\\TS1\\20240122_183220\\1705923672472.png, C:\\Users\\Fadli\\git\\KatalonDailyGetData2\\Reports\\20240122_174123\\TS1\\20240122_183220\\1705923690851.png, C:\\Users\\Fadli\\git\\KatalonDailyGetData2\\Reports\\20240122_174123\\TS1\\20240122_183220\\1705923692558.png, C:\\Users\\Fadli\\git\\KatalonDailyGetData2\\Reports\\20240122_174123\\TS1\\20240122_183220\\1705923694298.png, C:\\Users\\Fadli\\git\\KatalonDailyGetData2\\Reports\\20240122_174123\\TS1\\20240122_183220\\1705923696017.png, C:\\Users\\Fadli\\git\\KatalonDailyGetData2\\Reports\\20240122_174123\\TS1\\20240122_183220\\1705923714429.png, C:\\Users\\Fadli\\git\\KatalonDailyGetData2\\Reports\\20240122_174123\\TS1\\20240122_183220\\1705923716139.png, C:\\Users\\Fadli\\git\\KatalonDailyGetData2\\Reports\\20240122_174123\\TS1\\20240122_183220\\1705923717847.png, C:\\Users\\Fadli\\git\\KatalonDailyGetData2\\Reports\\20240122_174123\\TS1\\20240122_183220\\1705923719548.png, C:\\Users\\Fadli\\git\\KatalonDailyGetData2\\Reports\\20240122_174123\\TS1\\20240122_183220\\1705923737587.png, C:\\Users\\Fadli\\git\\KatalonDailyGetData2\\Reports\\20240122_174123\\TS1\\20240122_183220\\1705923739282.png, C:\\Users\\Fadli\\git\\KatalonDailyGetData2\\Reports\\20240122_174123\\TS1\\20240122_183220\\1705923740995.png, C:\\Users\\Fadli\\git\\KatalonDailyGetData2\\Reports\\20240122_174123\\TS1\\20240122_183220\\1705923742743.png, C:\\Users\\Fadli\\git\\KatalonDailyGetData2\\Reports\\20240122_174123\\TS1\\20240122_183220\\1705923760560.png, C:\\Users\\Fadli\\git\\KatalonDailyGetData2\\Reports\\20240122_174123\\TS1\\20240122_183220\\1705923762278.png, C:\\Users\\Fadli\\git\\KatalonDailyGetData2\\Reports\\20240122_174123\\TS1\\20240122_183220\\1705923763962.png, C:\\Users\\Fadli\\git\\KatalonDailyGetData2\\Reports\\20240122_174123\\TS1\\20240122_183220\\1705923765655.png, C:\\Users\\Fadli\\git\\KatalonDailyGetData2\\Reports\\20240122_174123\\TS1\\20240122_183220\\1705923784893.png, C:\\Users\\Fadli\\git\\KatalonDailyGetData2\\Reports\\20240122_174123\\TS1\\20240122_183220\\1705923786848.png, C:\\Users\\Fadli\\git\\KatalonDailyGetData2\\Reports\\20240122_174123\\TS1\\20240122_183220\\1705923788764.png, C:\\Users\\Fadli\\git\\KatalonDailyGetData2\\Reports\\20240122_174123\\TS1\\20240122_183220\\1705923790703.png, C:\\Users\\Fadli\\git\\KatalonDailyGetData2\\Reports\\20240122_174123\\TS1\\20240122_183220\\1705923810522.png, C:\\Users\\Fadli\\git\\KatalonDailyGetData2\\Reports\\20240122_174123\\TS1\\20240122_183220\\1705923812430.png, C:\\Users\\Fadli\\git\\KatalonDailyGetData2\\Reports\\20240122_174123\\TS1\\20240122_183220\\1705923814368.png, C:\\Users\\Fadli\\git\\KatalonDailyGetData2\\Reports\\20240122_174123\\TS1\\20240122_183220\\1705923816335.png, C:\\Users\\Fadli\\git\\KatalonDailyGetData2\\Reports\\20240122_174123\\TS1\\20240122_183220\\1705923834986.png, C:\\Users\\Fadli\\git\\KatalonDailyGetData2\\Reports\\20240122_174123\\TS1\\20240122_183220\\1705923836718.png, C:\\Users\\Fadli\\git\\KatalonDailyGetData2\\Reports\\20240122_174123\\TS1\\20240122_183220\\1705923838447.png, C:\\Users\\Fadli\\git\\KatalonDailyGetData2\\Reports\\20240122_174123\\TS1\\20240122_183220\\1705923840164.png, C:\\Users\\Fadli\\git\\KatalonDailyGetData2\\Reports\\20240122_174123\\TS1\\20240122_183220\\1705923858358.png, C:\\Users\\Fadli\\git\\KatalonDailyGetData2\\Reports\\20240122_174123\\TS1\\20240122_183220\\1705923860053.png, C:\\Users\\Fadli\\git\\KatalonDailyGetData2\\Reports\\20240122_174123\\TS1\\20240122_183220\\1705923861840.png, C:\\Users\\Fadli\\git\\KatalonDailyGetData2\\Reports\\20240122_174123\\TS1\\20240122_183220\\1705923863547.png, C:\\Users\\Fadli\\git\\KatalonDailyGetData2\\Reports\\20240122_174123\\TS1\\20240122_183220\\1705923882217.png, C:\\Users\\Fadli\\git\\KatalonDailyGetData2\\Reports\\20240122_174123\\TS1\\20240122_183220\\1705923883901.png, C:\\Users\\Fadli\\git\\KatalonDailyGetData2\\Reports\\20240122_174123\\TS1\\20240122_183220\\1705923885672.png, C:\\Users\\Fadli\\git\\KatalonDailyGetData2\\Reports\\20240122_174123\\TS1\\20240122_183220\\1705923887414.png, C:\\Users\\Fadli\\git\\KatalonDailyGetData2\\Reports\\20240122_174123\\TS1\\20240122_183220\\1705923905561.png, C:\\Users\\Fadli\\git\\KatalonDailyGetData2\\Reports\\20240122_174123\\TS1\\20240122_183220\\1705923907231.png, C:\\Users\\Fadli\\git\\KatalonDailyGetData2\\Reports\\20240122_174123\\TS1\\20240122_183220\\1705923908957.png, C:\\Users\\Fadli\\git\\KatalonDailyGetData2\\Reports\\20240122_174123\\TS1\\20240122_183220\\1705923910657.png, C:\\Users\\Fadli\\git\\KatalonDailyGetData2\\Reports\\20240122_174123\\TS1\\20240122_183220\\1705923929662.png, C:\\Users\\Fadli\\git\\KatalonDailyGetData2\\Reports\\20240122_174123\\TS1\\20240122_183220\\1705923931505.png, C:\\Users\\Fadli\\git\\KatalonDailyGetData2\\Reports\\20240122_174123\\TS1\\20240122_183220\\1705923933310.png, C:\\Users\\Fadli\\git\\KatalonDailyGetData2\\Reports\\20240122_174123\\TS1\\20240122_183220\\1705923935157.png, C:\\Users\\Fadli\\git\\KatalonDailyGetData2\\Reports\\20240122_174123\\TS1\\20240122_183220\\1705923954816.png, C:\\Users\\Fadli\\git\\KatalonDailyGetData2\\Reports\\20240122_174123\\TS1\\20240122_183220\\1705923956718.png, C:\\Users\\Fadli\\git\\KatalonDailyGetData2\\Reports\\20240122_174123\\TS1\\20240122_183220\\1705923958600.png, C:\\Users\\Fadli\\git\\KatalonDailyGetData2\\Reports\\20240122_174123\\TS1\\20240122_183220\\1705923960448.png, C:\\Users\\Fadli\\git\\KatalonDailyGetData2\\Reports\\20240122_174123\\TS1\\20240122_183220\\1705923978861.png, C:\\Users\\Fadli\\git\\KatalonDailyGetData2\\Reports\\20240122_174123\\TS1\\20240122_183220\\1705923980561.png, C:\\Users\\Fadli\\git\\KatalonDailyGetData2\\Reports\\20240122_174123\\TS1\\20240122_183220\\1705923982216.png, C:\\Users\\Fadli\\git\\KatalonDailyGetData2\\Reports\\20240122_174123\\TS1\\20240122_183220\\1705923983881.png, C:\\Users\\Fadli\\git\\KatalonDailyGetData2\\Reports\\20240122_174123\\TS1\\20240122_183220\\1705924001737.png, C:\\Users\\Fadli\\git\\KatalonDailyGetData2\\Reports\\20240122_174123\\TS1\\20240122_183220\\1705924003442.png, C:\\Users\\Fadli\\git\\KatalonDailyGetData2\\Reports\\20240122_174123\\TS1\\20240122_183220\\1705924005139.png, C:\\Users\\Fadli\\git\\KatalonDailyGetData2\\Reports\\20240122_174123\\TS1\\20240122_183220\\1705924006806.png, C:\\Users\\Fadli\\git\\KatalonDailyGetData2\\Reports\\20240122_174123\\TS1\\20240122_183220\\1705924026506.png, C:\\Users\\Fadli\\git\\KatalonDailyGetData2\\Reports\\20240122_174123\\TS1\\20240122_183220\\1705924028387.png, C:\\Users\\Fadli\\git\\KatalonDailyGetData2\\Reports\\20240122_174123\\TS1\\20240122_183220\\1705924030286.png, C:\\Users\\Fadli\\git\\KatalonDailyGetData2\\Reports\\20240122_174123\\TS1\\20240122_183220\\1705924032188.png, C:\\Users\\Fadli\\git\\KatalonDailyGetData2\\Reports\\20240122_174123\\TS1\\20240122_183220\\1705924052279.png, C:\\Users\\Fadli\\git\\KatalonDailyGetData2\\Reports\\20240122_174123\\TS1\\20240122_183220\\1705924054225.png, C:\\Users\\Fadli\\git\\KatalonDailyGetData2\\Reports\\20240122_174123\\TS1\\20240122_183220\\1705924056098.png, C:\\Users\\Fadli\\git\\KatalonDailyGetData2\\Reports\\20240122_174123\\TS1\\20240122_183220\\1705924057988.png, C:\\Users\\Fadli\\git\\KatalonDailyGetData2\\Reports\\20240122_174123\\TS1\\20240122_183220\\1705924078597.png, C:\\Users\\Fadli\\git\\KatalonDailyGetData2\\Reports\\20240122_174123\\TS1\\20240122_183220\\1705924080555.png, C:\\Users\\Fadli\\git\\KatalonDailyGetData2\\Reports\\20240122_174123\\TS1\\20240122_183220\\1705924082478.png, C:\\Users\\Fadli\\git\\KatalonDailyGetData2\\Reports\\20240122_174123\\TS1\\20240122_183220\\1705924084415.png, C:\\Users\\Fadli\\git\\KatalonDailyGetData2\\Reports\\20240122_174123\\TS1\\20240122_183220\\1705924105131.png, C:\\Users\\Fadli\\git\\KatalonDailyGetData2\\Reports\\20240122_174123\\TS1\\20240122_183220\\1705924107075.png, C:\\Users\\Fadli\\git\\KatalonDailyGetData2\\Reports\\20240122_174123\\TS1\\20240122_183220\\1705924108997.png, C:\\Users\\Fadli\\git\\KatalonDailyGetData2\\Reports\\20240122_174123\\TS1\\20240122_183220\\1705924110939.png, C:\\Users\\Fadli\\git\\KatalonDailyGetData2\\Reports\\20240122_174123\\TS1\\20240122_183220\\1705924132429.png, C:\\Users\\Fadli\\git\\KatalonDailyGetData2\\Reports\\20240122_174123\\TS1\\20240122_183220\\1705924134327.png, C:\\Users\\Fadli\\git\\KatalonDailyGetData2\\Reports\\20240122_174123\\TS1\\20240122_183220\\1705924136240.png, C:\\Users\\Fadli\\git\\KatalonDailyGetData2\\Reports\\20240122_174123\\TS1\\20240122_183220\\1705924138240.png, C:\\Users\\Fadli\\git\\KatalonDailyGetData2\\Reports\\20240122_174123\\TS1\\20240122_183220\\1705924156727.png, C:\\Users\\Fadli\\git\\KatalonDailyGetData2\\Reports\\20240122_174123\\TS1\\20240122_183220\\1705924158452.png, C:\\Users\\Fadli\\git\\KatalonDailyGetData2\\Reports\\20240122_174123\\TS1\\20240122_183220\\1705924160181.png, C:\\Users\\Fadli\\git\\KatalonDailyGetData2\\Reports\\20240122_174123\\TS1\\20240122_183220\\1705924161928.png, C:\\Users\\Fadli\\git\\KatalonDailyGetData2\\Reports\\20240122_174123\\TS1\\20240122_183220\\1705924180015.png, C:\\Users\\Fadli\\git\\KatalonDailyGetData2\\Reports\\20240122_174123\\TS1\\20240122_183220\\1705924181743.png, C:\\Users\\Fadli\\git\\KatalonDailyGetData2\\Reports\\20240122_174123\\TS1\\20240122_183220\\1705924183469.png, C:\\Users\\Fadli\\git\\KatalonDailyGetData2\\Reports\\20240122_174123\\TS1\\20240122_183220\\1705924185159.png, C:\\Users\\Fadli\\git\\KatalonDailyGetData2\\Reports\\20240122_174123\\TS1\\20240122_183220\\1705924203227.png, C:\\Users\\Fadli\\git\\KatalonDailyGetData2\\Reports\\20240122_174123\\TS1\\20240122_183220\\1705924204922.png, C:\\Users\\Fadli\\git\\KatalonDailyGetData2\\Reports\\20240122_174123\\TS1\\20240122_183220\\1705924206697.png, C:\\Users\\Fadli\\git\\KatalonDailyGetData2\\Reports\\20240122_174123\\TS1\\20240122_183220\\1705924208414.png"/>
         <property name="hostName" value="Fadli - LAPTOP-UEQ5K85B.mshome.net"/>
         <property name="os" value="Windows 10 64bit"/>
         <property name="katalonVersion" value="8.3.5.208"/>
         <property name="browser" value="Chrome 120.0.0.0"/>
         <property name="hostAddress" value="192.168.137.1"/>
         <property name="sessionId" value="df7131756e12f067ac7ec7ee434ad1ca"/>
         <property name="seleniumVersion" value="3.141.59"/>
         <property name="proxyInformation" value="ProxyInformation { proxyOption=NO_PROXY, proxyServerType=HTTP, username=supporting\anabatic.fadli, password=********, proxyServerAddress=10.254.38.4, proxyServerPort=8080, executionList=&quot;&quot;, isApplyToDesiredCapabilities=false }"/>
         <property name="platform" value="Windows 10"/>
      </properties>
      <testcase name="Test Cases/Stockbit/GetBrokSumPriceDaily" time="1080.38" classname="Test Cases/Stockbit/GetBrokSumPriceDaily" status="ERROR">
         <error type="ERROR" message="Test Cases/Stockbit/GetBrokSumPriceDaily FAILED.
Reason:
java.lang.NumberFormatException: For input string: &quot;-&quot;
	at GetBrokSumPriceDaily.run(GetBrokSumPriceDaily:185)
	at com.kms.katalon.core.main.ScriptEngine.run(ScriptEngine.java:194)
	at com.kms.katalon.core.main.ScriptEngine.runScriptAsRawText(ScriptEngine.java:119)
	at com.kms.katalon.core.main.TestCaseExecutor.runScript(TestCaseExecutor.java:445)
	at com.kms.katalon.core.main.TestCaseExecutor.doExecute(TestCaseExecutor.java:436)
	at com.kms.katalon.core.main.TestCaseExecutor.processExecutionPhase(TestCaseExecutor.java:415)
	at com.kms.katalon.core.main.TestCaseExecutor.accessMainPhase(TestCaseExecutor.java:407)
	at com.kms.katalon.core.main.TestCaseExecutor.execute(TestCaseExecutor.java:284)
	at com.kms.katalon.core.common.CommonExecutor.accessTestCaseMainPhase(CommonExecutor.java:65)
	at com.kms.katalon.core.main.TestSuiteExecutor.accessTestSuiteMainPhase(TestSuiteExecutor.java:144)
	at com.kms.katalon.core.main.TestSuiteExecutor.execute(TestSuiteExecutor.java:106)
	at com.kms.katalon.core.main.TestCaseMain.startTestSuite(TestCaseMain.java:185)
	at com.kms.katalon.core.main.TestCaseMain$startTestSuite$0.call(Unknown Source)
	at TempTestSuite1705923140048.run(TempTestSuite1705923140048.groovy:36)
"/>
         <system-out><![CDATA[2024-01-22 18:32:23 - [TEST_CASE][ERROR] - Test Cases/Stockbit/GetBrokSumPriceDaily: Test Cases/Stockbit/GetBrokSumPriceDaily FAILED.
Reason:
java.lang.NumberFormatException: For input string: "-"
	at GetBrokSumPriceDaily.run(GetBrokSumPriceDaily:185)
	at com.kms.katalon.core.main.ScriptEngine.run(ScriptEngine.java:194)
	at com.kms.katalon.core.main.ScriptEngine.runScriptAsRawText(ScriptEngine.java:119)
	at com.kms.katalon.core.main.TestCaseExecutor.runScript(TestCaseExecutor.java:445)
	at com.kms.katalon.core.main.TestCaseExecutor.doExecute(TestCaseExecutor.java:436)
	at com.kms.katalon.core.main.TestCaseExecutor.processExecutionPhase(TestCaseExecutor.java:415)
	at com.kms.katalon.core.main.TestCaseExecutor.accessMainPhase(TestCaseExecutor.java:407)
	at com.kms.katalon.core.main.TestCaseExecutor.execute(TestCaseExecutor.java:284)
	at com.kms.katalon.core.common.CommonExecutor.accessTestCaseMainPhase(CommonExecutor.java:65)
	at com.kms.katalon.core.main.TestSuiteExecutor.accessTestSuiteMainPhase(TestSuiteExecutor.java:144)
	at com.kms.katalon.core.main.TestSuiteExecutor.execute(TestSuiteExecutor.java:106)
	at com.kms.katalon.core.main.TestCaseMain.startTestSuite(TestCaseMain.java:185)
	at com.kms.katalon.core.main.TestCaseMain$startTestSuite$0.call(Unknown Source)
	at TempTestSuite1705923140048.run(TempTestSuite1705923140048.groovy:36)


2024-01-22 18:32:25 - [TEST_STEP][PASSED] - strTop1 = <not implemented yet for class: org.codehaus.groovy.ast.expr.EmptyExpression>: null

2024-01-22 18:32:25 - [TEST_STEP][PASSED] - strTop2 = <not implemented yet for class: org.codehaus.groovy.ast.expr.EmptyExpression>: null

2024-01-22 18:32:25 - [TEST_STEP][PASSED] - strTop3 = <not implemented yet for class: org.codehaus.groovy.ast.expr.EmptyExpression>: null

2024-01-22 18:32:25 - [TEST_STEP][PASSED] - strAllBrokAvg = <not implemented yet for class: org.codehaus.groovy.ast.expr.EmptyExpression>: null

2024-01-22 18:32:25 - [TEST_STEP][PASSED] - strAccDist = <not implemented yet for class: org.codehaus.groovy.ast.expr.EmptyExpression>: null

2024-01-22 18:32:25 - [TEST_STEP][PASSED] - strNetVal = <not implemented yet for class: org.codehaus.groovy.ast.expr.EmptyExpression>: null

2024-01-22 18:32:25 - [TEST_STEP][PASSED] - strNetVol = <not implemented yet for class: org.codehaus.groovy.ast.expr.EmptyExpression>: null

2024-01-22 18:32:25 - [TEST_STEP][PASSED] - strTanggal = <not implemented yet for class: org.codehaus.groovy.ast.expr.EmptyExpression>: null

2024-01-22 18:32:25 - [TEST_STEP][PASSED] - strBuyer1 = <not implemented yet for class: org.codehaus.groovy.ast.expr.EmptyExpression>: null

2024-01-22 18:32:25 - [TEST_STEP][PASSED] - strBuyerVol1 = <not implemented yet for class: org.codehaus.groovy.ast.expr.EmptyExpression>: null

2024-01-22 18:32:25 - [TEST_STEP][PASSED] - strBuyerAvg1 = <not implemented yet for class: org.codehaus.groovy.ast.expr.EmptyExpression>: null

2024-01-22 18:32:25 - [TEST_STEP][PASSED] - strSeller1 = <not implemented yet for class: org.codehaus.groovy.ast.expr.EmptyExpression>: null

2024-01-22 18:32:25 - [TEST_STEP][PASSED] - strSellerVol1 = <not implemented yet for class: org.codehaus.groovy.ast.expr.EmptyExpression>: null

2024-01-22 18:32:25 - [TEST_STEP][PASSED] - strSellerAvg1 = <not implemented yet for class: org.codehaus.groovy.ast.expr.EmptyExpression>: null

2024-01-22 18:32:25 - [TEST_STEP][PASSED] - strBuyer2 = <not implemented yet for class: org.codehaus.groovy.ast.expr.EmptyExpression>: null

2024-01-22 18:32:25 - [TEST_STEP][PASSED] - strBuyerVol2 = <not implemented yet for class: org.codehaus.groovy.ast.expr.EmptyExpression>: null

2024-01-22 18:32:25 - [TEST_STEP][PASSED] - strBuyerAvg2 = <not implemented yet for class: org.codehaus.groovy.ast.expr.EmptyExpression>: null

2024-01-22 18:32:25 - [TEST_STEP][PASSED] - strSeller2 = <not implemented yet for class: org.codehaus.groovy.ast.expr.EmptyExpression>: null

2024-01-22 18:32:25 - [TEST_STEP][PASSED] - strSellerVol2 = <not implemented yet for class: org.codehaus.groovy.ast.expr.EmptyExpression>: null

2024-01-22 18:32:25 - [TEST_STEP][PASSED] - strSellerAvg2 = <not implemented yet for class: org.codehaus.groovy.ast.expr.EmptyExpression>: null

2024-01-22 18:32:25 - [TEST_STEP][PASSED] - strBuyer3 = <not implemented yet for class: org.codehaus.groovy.ast.expr.EmptyExpression>: null

2024-01-22 18:32:25 - [TEST_STEP][PASSED] - strBuyerVol3 = <not implemented yet for class: org.codehaus.groovy.ast.expr.EmptyExpression>: null

2024-01-22 18:32:25 - [TEST_STEP][PASSED] - strBuyerAvg3 = <not implemented yet for class: org.codehaus.groovy.ast.expr.EmptyExpression>: null

2024-01-22 18:32:25 - [TEST_STEP][PASSED] - strSeller3 = <not implemented yet for class: org.codehaus.groovy.ast.expr.EmptyExpression>: null

2024-01-22 18:32:25 - [TEST_STEP][PASSED] - strSellerVol3 = <not implemented yet for class: org.codehaus.groovy.ast.expr.EmptyExpression>: null

2024-01-22 18:32:25 - [TEST_STEP][PASSED] - strSellerAvg3 = <not implemented yet for class: org.codehaus.groovy.ast.expr.EmptyExpression>: null

2024-01-22 18:32:25 - [TEST_STEP][PASSED] - strOpenPrice = <not implemented yet for class: org.codehaus.groovy.ast.expr.EmptyExpression>: null

2024-01-22 18:32:25 - [TEST_STEP][PASSED] - strLowPrice = <not implemented yet for class: org.codehaus.groovy.ast.expr.EmptyExpression>: null

2024-01-22 18:32:25 - [TEST_STEP][PASSED] - strHighPrice = <not implemented yet for class: org.codehaus.groovy.ast.expr.EmptyExpression>: null

2024-01-22 18:32:25 - [TEST_STEP][PASSED] - strClosePrice = <not implemented yet for class: org.codehaus.groovy.ast.expr.EmptyExpression>: null

2024-01-22 18:32:25 - [TEST_STEP][PASSED] - strVol = <not implemented yet for class: org.codehaus.groovy.ast.expr.EmptyExpression>: null

2024-01-22 18:32:25 - [TEST_STEP][PASSED] - strChange = <not implemented yet for class: org.codehaus.groovy.ast.expr.EmptyExpression>: null

2024-01-22 18:32:25 - [TEST_STEP][PASSED] - strFreq = <not implemented yet for class: org.codehaus.groovy.ast.expr.EmptyExpression>: null

2024-01-22 18:32:25 - [TEST_STEP][PASSED] - strFreqAnal = <not implemented yet for class: org.codehaus.groovy.ast.expr.EmptyExpression>: null

2024-01-22 18:32:25 - [TEST_STEP][PASSED] - intAvgRP = <not implemented yet for class: org.codehaus.groovy.ast.expr.EmptyExpression>: null

2024-01-22 18:32:25 - [TEST_STEP][PASSED] - strTemp = <not implemented yet for class: org.codehaus.groovy.ast.expr.EmptyExpression>: null

2024-01-22 18:32:25 - [TEST_STEP][PASSED] - dblFreqAnal = <not implemented yet for class: org.codehaus.groovy.ast.expr.EmptyExpression>: null

2024-01-22 18:32:25 - [TEST_STEP][PASSED] - ldt = LocalDate.now(): null

2024-01-22 18:32:25 - [TEST_STEP][PASSED] - strNama = <not implemented yet for class: org.codehaus.groovy.ast.expr.EmptyExpression>: null

2024-01-22 18:32:25 - [TEST_STEP][PASSED] - strStartDate2 = ldt.toString(): null

2024-01-22 18:32:25 - [TEST_STEP][PASSED] - strEndDate2 = ldt.toString(): null

2024-01-22 18:32:25 - [TEST_STEP][PASSED] - partSplit = <not implemented yet for class: org.codehaus.groovy.ast.expr.EmptyExpression>: null

2024-01-22 18:32:25 - [TEST_STEP][PASSED] - strHari = <not implemented yet for class: org.codehaus.groovy.ast.expr.EmptyExpression>: null

2024-01-22 18:32:25 - [TEST_STEP][PASSED] - strBulan = <not implemented yet for class: org.codehaus.groovy.ast.expr.EmptyExpression>: null

2024-01-22 18:32:25 - [TEST_STEP][PASSED] - strTahun = <not implemented yet for class: org.codehaus.groovy.ast.expr.EmptyExpression>: null

2024-01-22 18:32:25 - [TEST_STEP][PASSED] - builder = new java.lang.StringBuilder(): null

2024-01-22 18:32:25 - [TEST_STEP][PASSED] - startDate = LocalDate.parse(strStartDate2): null

2024-01-22 18:32:25 - [TEST_STEP][PASSED] - endDate = LocalDate.parse(strEndDate2): null

2024-01-22 18:32:25 - [TEST_STEP][PASSED] - d = startDate: null

2024-01-22 18:32:25 - [TEST_STEP][PASSED] - openBrowser("https://stockbit.com/login"): Browser is opened with url: 'https://stockbit.com/login'

2024-01-22 18:32:25 - [MESSAGE][INFO] - Starting 'Chrome' driver

2024-01-22 18:32:25 - [MESSAGE][INFO] - User set preference: ['acceptInsecureCerts', 'false']

2024-01-22 18:32:25 - [MESSAGE][INFO] - Action delay is set to 200 milliseconds

2024-01-22 18:32:27 - [MESSAGE][WARNING] - FFmpeg was not installed! Browser Recording will be disabled. Please follow this document to install FFmpeg first: https://docs.katalon.com/katalon-studio/docs/screenshots-videos.html#browser-based-recorder

2024-01-22 18:32:30 - [MESSAGE][PASSED] - Browser is opened with url: 'https://stockbit.com/login'

2024-01-22 18:32:30 - [TEST_STEP][PASSED] - maximizeWindow(): Current window maximized

2024-01-22 18:32:30 - [MESSAGE][PASSED] - Current window maximized

2024-01-22 18:32:30 - [TEST_STEP][PASSED] - setText(findTestObject("Stockbit/input_UserID"), "fadli_romi@yahoo.com"): Text 'fadli_romi@yahoo.com' is set on object 'Object Repository/Stockbit/input_UserID'

2024-01-22 18:32:31 - [MESSAGE][PASSED] - Text 'fadli_romi@yahoo.com' is set on object 'Object Repository/Stockbit/input_UserID'

2024-01-22 18:32:31 - [TEST_STEP][PASSED] - setEncryptedText(findTestObject("Stockbit/input_Password"), "qzE6rR3iJu4="): Text ****** has been set on object 'Object Repository/Stockbit/input_Password'

2024-01-22 18:32:32 - [MESSAGE][PASSED] - Text ****** has been set on object 'Object Repository/Stockbit/input_Password'

2024-01-22 18:32:32 - [TEST_STEP][PASSED] - click(findTestObject("Stockbit/button_Login")): Object: 'Object Repository/Stockbit/button_Login' is clicked on

2024-01-22 18:32:32 - [MESSAGE][PASSED] - Object: 'Object Repository/Stockbit/button_Login' is clicked on

2024-01-22 18:32:32 - [TEST_STEP][PASSED] - delay(3): Delayed 3 second(s)

2024-01-22 18:32:35 - [MESSAGE][PASSED] - Delayed 3 second(s)

2024-01-22 18:32:35 - [TEST_STEP][PASSED] - navigateToUrl("https://stockbit.com/screener"): Navigate to 'https://stockbit.com/screener' successfully

2024-01-22 18:32:39 - [MESSAGE][PASSED] - Navigate to 'https://stockbit.com/screener' successfully

2024-01-22 18:32:39 - [TEST_STEP][PASSED] - connection = null: null

2024-01-22 18:32:39 - [TEST_STEP][PASSED] - statement = null: null

2024-01-22 18:32:39 - [TEST_STEP][PASSED] - resultSet = null: null

2024-01-22 18:32:39 - [TEST_STEP][PASSED] - Class.forName("net.ucanaccess.jdbc.UcanaccessDriver"): null

2024-01-22 18:32:39 - [TEST_STEP][PASSED] - msAccDB = "C:\Fadli\Database1.accdb": null

2024-01-22 18:32:39 - [TEST_STEP][PASSED] - dbURL = "jdbc:ucanaccess://" + msAccDB: null

2024-01-22 18:32:39 - [TEST_STEP][PASSED] - strSQL = <not implemented yet for class: org.codehaus.groovy.ast.expr.EmptyExpression>: null

2024-01-22 18:32:39 - [TEST_STEP][PASSED] - connection = DriverManager.getConnection(dbURL): null

2024-01-22 18:33:34 - [TEST_STEP][PASSED] - statement = connection.createStatement(): null

2024-01-22 18:33:34 - [TEST_STEP][PASSED] - try: null

2024-01-22 18:33:34 - [TEST_STEP][PASSED] - Class.forName("net.ucanaccess.jdbc.UcanaccessDriver"): null

2024-01-22 18:33:34 - [TEST_STEP][PASSED] - excelFilePath = "C:\Fadli\GetPrice.xlsx": null

2024-01-22 18:33:34 - [TEST_STEP][PASSED] - sheetName = "Sheet1": null

2024-01-22 18:33:34 - [TEST_STEP][PASSED] - workbook01 = getWorkbook(excelFilePath): null

2024-01-22 18:33:35 - [TEST_STEP][PASSED] - sheet01 = getExcelSheet(workbook01, sheetName): null

2024-01-22 18:33:35 - [TEST_STEP][PASSED] - numTot = numTot = getCellValueByIndex(sheet01, 0, 0): null

2024-01-22 18:33:35 - [TEST_STEP][ERROR] - while (d.isBefore(endDate) || d.equals(endDate)): Test Cases/Stockbit/GetBrokSumPriceDaily FAILED.
Reason:
java.lang.NumberFormatException: For input string: "-"
	at GetBrokSumPriceDaily.run(GetBrokSumPriceDaily:185)
	at com.kms.katalon.core.main.ScriptEngine.run(ScriptEngine.java:194)
	at com.kms.katalon.core.main.ScriptEngine.runScriptAsRawText(ScriptEngine.java:119)
	at com.kms.katalon.core.main.TestCaseExecutor.runScript(TestCaseExecutor.java:445)
	at com.kms.katalon.core.main.TestCaseExecutor.doExecute(TestCaseExecutor.java:436)
	at com.kms.katalon.core.main.TestCaseExecutor.processExecutionPhase(TestCaseExecutor.java:415)
	at com.kms.katalon.core.main.TestCaseExecutor.accessMainPhase(TestCaseExecutor.java:407)
	at com.kms.katalon.core.main.TestCaseExecutor.execute(TestCaseExecutor.java:284)
	at com.kms.katalon.core.common.CommonExecutor.accessTestCaseMainPhase(CommonExecutor.java:65)
	at com.kms.katalon.core.main.TestSuiteExecutor.accessTestSuiteMainPhase(TestSuiteExecutor.java:144)
	at com.kms.katalon.core.main.TestSuiteExecutor.execute(TestSuiteExecutor.java:106)
	at com.kms.katalon.core.main.TestCaseMain.startTestSuite(TestCaseMain.java:185)
	at com.kms.katalon.core.main.TestCaseMain$startTestSuite$0.call(Unknown Source)
	at TempTestSuite1705923140048.run(TempTestSuite1705923140048.groovy:36)


2024-01-22 18:33:35 - [TEST_STEP][ERROR] - for ([rowIndex = 1, rowIndex < numTot + 1, (rowIndex++)]): Test Cases/Stockbit/GetBrokSumPriceDaily FAILED.
Reason:
java.lang.NumberFormatException: For input string: "-"
	at GetBrokSumPriceDaily.run(GetBrokSumPriceDaily:185)
	at com.kms.katalon.core.main.ScriptEngine.run(ScriptEngine.java:194)
	at com.kms.katalon.core.main.ScriptEngine.runScriptAsRawText(ScriptEngine.java:119)
	at com.kms.katalon.core.main.TestCaseExecutor.runScript(TestCaseExecutor.java:445)
	at com.kms.katalon.core.main.TestCaseExecutor.doExecute(TestCaseExecutor.java:436)
	at com.kms.katalon.core.main.TestCaseExecutor.processExecutionPhase(TestCaseExecutor.java:415)
	at com.kms.katalon.core.main.TestCaseExecutor.accessMainPhase(TestCaseExecutor.java:407)
	at com.kms.katalon.core.main.TestCaseExecutor.execute(TestCaseExecutor.java:284)
	at com.kms.katalon.core.common.CommonExecutor.accessTestCaseMainPhase(CommonExecutor.java:65)
	at com.kms.katalon.core.main.TestSuiteExecutor.accessTestSuiteMainPhase(TestSuiteExecutor.java:144)
	at com.kms.katalon.core.main.TestSuiteExecutor.execute(TestSuiteExecutor.java:106)
	at com.kms.katalon.core.main.TestCaseMain.startTestSuite(TestCaseMain.java:185)
	at com.kms.katalon.core.main.TestCaseMain$startTestSuite$0.call(Unknown Source)
	at TempTestSuite1705923140048.run(TempTestSuite1705923140048.groovy:36)


2024-01-22 18:33:35 - [TEST_STEP][PASSED] - strTemp = "NA": null

2024-01-22 18:33:35 - [TEST_STEP][PASSED] - if (getCellValueByIndex(sheet01, rowIndex, 4) != "DONE"): null

2024-01-22 18:33:35 - [TEST_STEP][PASSED] - strTemp = "NA": null

2024-01-22 18:33:35 - [TEST_STEP][PASSED] - if (getCellValueByIndex(sheet01, rowIndex, 4) != "DONE"): null

2024-01-22 18:33:35 - [TEST_STEP][PASSED] - strTemp = "NA": null

2024-01-22 18:33:35 - [TEST_STEP][PASSED] - if (getCellValueByIndex(sheet01, rowIndex, 4) != "DONE"): null

2024-01-22 18:33:35 - [TEST_STEP][PASSED] - strTemp = "NA": null

2024-01-22 18:33:35 - [TEST_STEP][PASSED] - if (getCellValueByIndex(sheet01, rowIndex, 4) != "DONE"): null

2024-01-22 18:33:35 - [TEST_STEP][PASSED] - strTemp = "NA": null

2024-01-22 18:33:35 - [TEST_STEP][PASSED] - if (getCellValueByIndex(sheet01, rowIndex, 4) != "DONE"): null

2024-01-22 18:33:35 - [TEST_STEP][PASSED] - strTemp = "NA": null

2024-01-22 18:33:35 - [TEST_STEP][PASSED] - if (getCellValueByIndex(sheet01, rowIndex, 4) != "DONE"): null

2024-01-22 18:33:35 - [TEST_STEP][PASSED] - strTemp = "NA": null

2024-01-22 18:33:35 - [TEST_STEP][PASSED] - if (getCellValueByIndex(sheet01, rowIndex, 4) != "DONE"): null

2024-01-22 18:33:35 - [TEST_STEP][PASSED] - strTemp = "NA": null

2024-01-22 18:33:35 - [TEST_STEP][PASSED] - if (getCellValueByIndex(sheet01, rowIndex, 4) != "DONE"): Object: 'Object Repository/Stockbit/menu_Bandarmology' is clicked on

2024-01-22 18:33:35 - [TEST_STEP][PASSED] - strNama = getCellValueByIndex(sheet01, rowIndex, 0): null

2024-01-22 18:33:35 - [TEST_STEP][PASSED] - navigateToUrl("https://stockbit.com/#/symbol/" + strNama): Navigate to 'https://stockbit.com/#/symbol/META' successfully

2024-01-22 18:33:36 - [MESSAGE][PASSED] - Navigate to 'https://stockbit.com/#/symbol/META' successfully

2024-01-22 18:33:36 - [TEST_STEP][PASSED] - waitForElementClickable(findTestObject("Stockbit/menu_Bandarmology"), 10): Object 'Object Repository/Stockbit/menu_Bandarmology' is clickable

2024-01-22 18:33:36 - [MESSAGE][PASSED] - Object 'Object Repository/Stockbit/menu_Bandarmology' is clickable

2024-01-22 18:33:36 - [TEST_STEP][PASSED] - click(findTestObject("Stockbit/menu_Bandarmology")): Object: 'Object Repository/Stockbit/menu_Bandarmology' is clicked on

2024-01-22 18:33:37 - [MESSAGE][PASSED] - Object: 'Object Repository/Stockbit/menu_Bandarmology' is clicked on

2024-01-22 18:33:37 - [TEST_STEP][PASSED] - strTanggal = d.format(DateTimeFormatter.ofPattern("MMM dd, yyyy")): null

2024-01-22 18:33:37 - [TEST_STEP][PASSED] - strTanggal = d.format(ISO_DATE): null

2024-01-22 18:33:37 - [TEST_STEP][PASSED] - out.println("strTanggal = " + strTanggal): null

2024-01-22 18:33:37 - [TEST_STEP][PASSED] - out.println("strNama = " + strNama): null

2024-01-22 18:33:37 - [TEST_STEP][PASSED] - out.println("Baris ke = " + rowIndex): null

2024-01-22 18:33:37 - [TEST_STEP][PASSED] - click(findTestObject("Stockbit/input__BandarmologyOpenStartDate")): Object: 'Object Repository/Stockbit/input__BandarmologyOpenStartDate' is clicked on

2024-01-22 18:33:39 - [MESSAGE][PASSED] - Object: 'Object Repository/Stockbit/input__BandarmologyOpenStartDate' is clicked on

2024-01-22 18:33:39 - [TEST_STEP][PASSED] - sendKeys(findTestObject("Stockbit/input__BandarmologyOpenStartDate"), Keys.chord(CONTROL, "a")): Keys 'CONTROL + a' sent to object: 'Object Repository/Stockbit/input__BandarmologyOpenStartDate'

2024-01-22 18:33:39 - [MESSAGE][PASSED] - Keys 'CONTROL + a' sent to object: 'Object Repository/Stockbit/input__BandarmologyOpenStartDate'

2024-01-22 18:33:39 - [TEST_STEP][PASSED] - sendKeys(findTestObject("Stockbit/input__BandarmologyOpenStartDate"), Keys.chord(BACK_SPACE)): Keys 'BACK_SPACE + ' sent to object: 'Object Repository/Stockbit/input__BandarmologyOpenStartDate'

2024-01-22 18:33:40 - [MESSAGE][PASSED] - Keys 'BACK_SPACE + ' sent to object: 'Object Repository/Stockbit/input__BandarmologyOpenStartDate'

2024-01-22 18:33:40 - [TEST_STEP][PASSED] - setText(findTestObject("Stockbit/input__BandarmologyOpenStartDate"), strTanggal): Text '2024-01-22' is set on object 'Object Repository/Stockbit/input__BandarmologyOpenStartDate'

2024-01-22 18:33:41 - [MESSAGE][PASSED] - Text '2024-01-22' is set on object 'Object Repository/Stockbit/input__BandarmologyOpenStartDate'

2024-01-22 18:33:41 - [TEST_STEP][PASSED] - sendKeys(findTestObject("Stockbit/input__BandarmologyOpenStartDate"), Keys.chord(ENTER)): Keys 'ENTER + ' sent to object: 'Object Repository/Stockbit/input__BandarmologyOpenStartDate'

2024-01-22 18:33:41 - [MESSAGE][PASSED] - Keys 'ENTER + ' sent to object: 'Object Repository/Stockbit/input__BandarmologyOpenStartDate'

2024-01-22 18:33:41 - [TEST_STEP][PASSED] - click(findTestObject("Stockbit/input__BandarmologyOpenEndDate")): Object: 'Object Repository/Stockbit/input__BandarmologyOpenEndDate' is clicked on

2024-01-22 18:33:41 - [MESSAGE][PASSED] - Object: 'Object Repository/Stockbit/input__BandarmologyOpenEndDate' is clicked on

2024-01-22 18:33:41 - [TEST_STEP][PASSED] - sendKeys(findTestObject("Stockbit/input__BandarmologyOpenEndDate"), Keys.chord(CONTROL, "a")): Keys 'CONTROL + a' sent to object: 'Object Repository/Stockbit/input__BandarmologyOpenEndDate'

2024-01-22 18:33:42 - [MESSAGE][PASSED] - Keys 'CONTROL + a' sent to object: 'Object Repository/Stockbit/input__BandarmologyOpenEndDate'

2024-01-22 18:33:42 - [TEST_STEP][PASSED] - sendKeys(findTestObject("Stockbit/input__BandarmologyOpenEndDate"), Keys.chord(BACK_SPACE)): Keys 'BACK_SPACE + ' sent to object: 'Object Repository/Stockbit/input__BandarmologyOpenEndDate'

2024-01-22 18:33:42 - [MESSAGE][PASSED] - Keys 'BACK_SPACE + ' sent to object: 'Object Repository/Stockbit/input__BandarmologyOpenEndDate'

2024-01-22 18:33:42 - [TEST_STEP][PASSED] - setText(findTestObject("Stockbit/input__BandarmologyOpenEndDate"), strTanggal): Text '2024-01-22' is set on object 'Object Repository/Stockbit/input__BandarmologyOpenEndDate'

2024-01-22 18:33:43 - [MESSAGE][PASSED] - Text '2024-01-22' is set on object 'Object Repository/Stockbit/input__BandarmologyOpenEndDate'

2024-01-22 18:33:43 - [TEST_STEP][PASSED] - sendKeys(findTestObject("Stockbit/input__BandarmologyOpenEndDate"), Keys.chord(ENTER)): Keys 'ENTER + ' sent to object: 'Object Repository/Stockbit/input__BandarmologyOpenEndDate'

2024-01-22 18:33:44 - [MESSAGE][PASSED] - Keys 'ENTER + ' sent to object: 'Object Repository/Stockbit/input__BandarmologyOpenEndDate'

2024-01-22 18:33:44 - [TEST_STEP][PASSED] - delay(2): Delayed 2 second(s)

2024-01-22 18:33:46 - [MESSAGE][PASSED] - Delayed 2 second(s)

2024-01-22 18:33:46 - [TEST_STEP][PASSED] - strTemp = getText(findTestObject("Stockbit/Bandarmology_AvgRP")): Text of object 'Object Repository/Stockbit/Bandarmology_AvgRP' is: '0'

2024-01-22 18:33:46 - [MESSAGE][PASSED] - Text of object 'Object Repository/Stockbit/Bandarmology_AvgRP' is: '0'

2024-01-22 18:33:46 - [TEST_STEP][PASSED] - out.println("Bandarmology_AvgRP = " + strTemp): null

2024-01-22 18:33:46 - [TEST_STEP][PASSED] - if (strTemp != "0"): null

2024-01-22 18:33:46 - [TEST_STEP][PASSED] - waitForElementClickable(findTestObject("Stockbit/menu_Bandarmology"), 10): Object 'Object Repository/Stockbit/menu_Bandarmology' is clickable

2024-01-22 18:33:46 - [MESSAGE][PASSED] - Object 'Object Repository/Stockbit/menu_Bandarmology' is clickable

2024-01-22 18:33:46 - [TEST_STEP][PASSED] - click(findTestObject("Stockbit/menu_Bandarmology")): Object: 'Object Repository/Stockbit/menu_Bandarmology' is clicked on

2024-01-22 18:33:46 - [MESSAGE][PASSED] - Object: 'Object Repository/Stockbit/menu_Bandarmology' is clicked on

2024-01-22 18:33:46 - [TEST_STEP][PASSED] - strTemp = "NA": null

2024-01-22 18:33:46 - [TEST_STEP][PASSED] - if (getCellValueByIndex(sheet01, rowIndex, 4) != "DONE"): null

2024-01-22 18:33:46 - [TEST_STEP][PASSED] - strTemp = "NA": null

2024-01-22 18:33:46 - [TEST_STEP][PASSED] - if (getCellValueByIndex(sheet01, rowIndex, 4) != "DONE"): null

2024-01-22 18:33:46 - [TEST_STEP][PASSED] - strTemp = "NA": null

2024-01-22 18:33:46 - [TEST_STEP][PASSED] - if (getCellValueByIndex(sheet01, rowIndex, 4) != "DONE"): null

2024-01-22 18:33:46 - [TEST_STEP][PASSED] - strTemp = "NA": null

2024-01-22 18:33:46 - [TEST_STEP][PASSED] - if (getCellValueByIndex(sheet01, rowIndex, 4) != "DONE"): null

2024-01-22 18:33:46 - [TEST_STEP][PASSED] - strTemp = "NA": null

2024-01-22 18:33:46 - [TEST_STEP][PASSED] - if (getCellValueByIndex(sheet01, rowIndex, 4) != "DONE"): null

2024-01-22 18:33:46 - [TEST_STEP][PASSED] - strTemp = "NA": null

2024-01-22 18:33:46 - [TEST_STEP][PASSED] - if (getCellValueByIndex(sheet01, rowIndex, 4) != "DONE"): null

2024-01-22 18:33:46 - [TEST_STEP][PASSED] - strTemp = "NA": null

2024-01-22 18:33:46 - [TEST_STEP][PASSED] - if (getCellValueByIndex(sheet01, rowIndex, 4) != "DONE"): null

2024-01-22 18:33:46 - [TEST_STEP][PASSED] - strTemp = "NA": null

2024-01-22 18:33:46 - [TEST_STEP][PASSED] - if (getCellValueByIndex(sheet01, rowIndex, 4) != "DONE"): null

2024-01-22 18:33:46 - [TEST_STEP][PASSED] - strTemp = "NA": null

2024-01-22 18:33:46 - [TEST_STEP][PASSED] - if (getCellValueByIndex(sheet01, rowIndex, 4) != "DONE"): null

2024-01-22 18:33:46 - [TEST_STEP][PASSED] - strTemp = "NA": null

2024-01-22 18:33:46 - [TEST_STEP][PASSED] - if (getCellValueByIndex(sheet01, rowIndex, 4) != "DONE"): null

2024-01-22 18:33:46 - [TEST_STEP][PASSED] - strTemp = "NA": null

2024-01-22 18:33:46 - [TEST_STEP][PASSED] - if (getCellValueByIndex(sheet01, rowIndex, 4) != "DONE"): null

2024-01-22 18:33:46 - [TEST_STEP][PASSED] - strTemp = "NA": null

2024-01-22 18:33:46 - [TEST_STEP][PASSED] - if (getCellValueByIndex(sheet01, rowIndex, 4) != "DONE"): null

2024-01-22 18:33:46 - [TEST_STEP][PASSED] - strTemp = "NA": null

2024-01-22 18:33:46 - [TEST_STEP][PASSED] - if (getCellValueByIndex(sheet01, rowIndex, 4) != "DONE"): null

2024-01-22 18:33:46 - [TEST_STEP][PASSED] - strTemp = "NA": null

2024-01-22 18:33:46 - [TEST_STEP][PASSED] - if (getCellValueByIndex(sheet01, rowIndex, 4) != "DONE"): null

2024-01-22 18:33:46 - [TEST_STEP][PASSED] - strTemp = "NA": null

2024-01-22 18:33:46 - [TEST_STEP][PASSED] - if (getCellValueByIndex(sheet01, rowIndex, 4) != "DONE"): null

2024-01-22 18:33:46 - [TEST_STEP][PASSED] - strTemp = "NA": null

2024-01-22 18:33:46 - [TEST_STEP][PASSED] - if (getCellValueByIndex(sheet01, rowIndex, 4) != "DONE"): null

2024-01-22 18:33:46 - [TEST_STEP][PASSED] - strTemp = "NA": null

2024-01-22 18:33:46 - [TEST_STEP][PASSED] - if (getCellValueByIndex(sheet01, rowIndex, 4) != "DONE"): null

2024-01-22 18:33:46 - [TEST_STEP][PASSED] - strTemp = "NA": null

2024-01-22 18:33:46 - [TEST_STEP][PASSED] - if (getCellValueByIndex(sheet01, rowIndex, 4) != "DONE"): null

2024-01-22 18:33:46 - [TEST_STEP][PASSED] - strTemp = "NA": null

2024-01-22 18:33:46 - [TEST_STEP][PASSED] - if (getCellValueByIndex(sheet01, rowIndex, 4) != "DONE"): null

2024-01-22 18:33:46 - [TEST_STEP][PASSED] - strTemp = "NA": null

2024-01-22 18:33:46 - [TEST_STEP][PASSED] - if (getCellValueByIndex(sheet01, rowIndex, 4) != "DONE"): null

2024-01-22 18:33:46 - [TEST_STEP][PASSED] - strTemp = "NA": null

2024-01-22 18:33:46 - [TEST_STEP][PASSED] - if (getCellValueByIndex(sheet01, rowIndex, 4) != "DONE"): null

2024-01-22 18:33:46 - [TEST_STEP][PASSED] - strTemp = "NA": null

2024-01-22 18:33:46 - [TEST_STEP][PASSED] - if (getCellValueByIndex(sheet01, rowIndex, 4) != "DONE"): null

2024-01-22 18:33:46 - [TEST_STEP][PASSED] - strTemp = "NA": null

2024-01-22 18:33:46 - [TEST_STEP][PASSED] - if (getCellValueByIndex(sheet01, rowIndex, 4) != "DONE"): null

2024-01-22 18:33:46 - [TEST_STEP][PASSED] - strTemp = "NA": null

2024-01-22 18:33:46 - [TEST_STEP][PASSED] - if (getCellValueByIndex(sheet01, rowIndex, 4) != "DONE"): null

2024-01-22 18:33:46 - [TEST_STEP][PASSED] - strTemp = "NA": null

2024-01-22 18:33:46 - [TEST_STEP][PASSED] - if (getCellValueByIndex(sheet01, rowIndex, 4) != "DONE"): null

2024-01-22 18:33:46 - [TEST_STEP][PASSED] - strTemp = "NA": null

2024-01-22 18:33:46 - [TEST_STEP][PASSED] - if (getCellValueByIndex(sheet01, rowIndex, 4) != "DONE"): null

2024-01-22 18:33:46 - [TEST_STEP][PASSED] - strTemp = "NA": null

2024-01-22 18:33:46 - [TEST_STEP][PASSED] - if (getCellValueByIndex(sheet01, rowIndex, 4) != "DONE"): null

2024-01-22 18:33:46 - [TEST_STEP][PASSED] - strTemp = "NA": null

2024-01-22 18:33:46 - [TEST_STEP][PASSED] - if (getCellValueByIndex(sheet01, rowIndex, 4) != "DONE"): null

2024-01-22 18:33:46 - [TEST_STEP][PASSED] - strTemp = "NA": null

2024-01-22 18:33:46 - [TEST_STEP][PASSED] - if (getCellValueByIndex(sheet01, rowIndex, 4) != "DONE"): null

2024-01-22 18:33:46 - [TEST_STEP][PASSED] - strTemp = "NA": null

2024-01-22 18:33:46 - [TEST_STEP][PASSED] - if (getCellValueByIndex(sheet01, rowIndex, 4) != "DONE"): null

2024-01-22 18:33:46 - [TEST_STEP][PASSED] - strTemp = "NA": null

2024-01-22 18:33:46 - [TEST_STEP][PASSED] - if (getCellValueByIndex(sheet01, rowIndex, 4) != "DONE"): null

2024-01-22 18:33:46 - [TEST_STEP][PASSED] - strTemp = "NA": null

2024-01-22 18:33:46 - [TEST_STEP][PASSED] - if (getCellValueByIndex(sheet01, rowIndex, 4) != "DONE"): null

2024-01-22 18:33:46 - [TEST_STEP][PASSED] - strTemp = "NA": null

2024-01-22 18:33:46 - [TEST_STEP][PASSED] - if (getCellValueByIndex(sheet01, rowIndex, 4) != "DONE"): null

2024-01-22 18:33:46 - [TEST_STEP][PASSED] - strTemp = "NA": null

2024-01-22 18:33:46 - [TEST_STEP][PASSED] - if (getCellValueByIndex(sheet01, rowIndex, 4) != "DONE"): null

2024-01-22 18:33:46 - [TEST_STEP][PASSED] - strTemp = "NA": null

2024-01-22 18:33:46 - [TEST_STEP][PASSED] - if (getCellValueByIndex(sheet01, rowIndex, 4) != "DONE"): null

2024-01-22 18:33:46 - [TEST_STEP][PASSED] - strTemp = "NA": null

2024-01-22 18:33:46 - [TEST_STEP][PASSED] - if (getCellValueByIndex(sheet01, rowIndex, 4) != "DONE"): null

2024-01-22 18:33:46 - [TEST_STEP][PASSED] - strTemp = "NA": null

2024-01-22 18:33:46 - [TEST_STEP][PASSED] - if (getCellValueByIndex(sheet01, rowIndex, 4) != "DONE"): null

2024-01-22 18:33:46 - [TEST_STEP][PASSED] - strTemp = "NA": null

2024-01-22 18:33:46 - [TEST_STEP][PASSED] - if (getCellValueByIndex(sheet01, rowIndex, 4) != "DONE"): null

2024-01-22 18:33:46 - [TEST_STEP][PASSED] - strTemp = "NA": null

2024-01-22 18:33:46 - [TEST_STEP][PASSED] - if (getCellValueByIndex(sheet01, rowIndex, 4) != "DONE"): null

2024-01-22 18:33:46 - [TEST_STEP][PASSED] - strTemp = "NA": null

2024-01-22 18:33:46 - [TEST_STEP][PASSED] - if (getCellValueByIndex(sheet01, rowIndex, 4) != "DONE"): null

2024-01-22 18:33:46 - [TEST_STEP][PASSED] - strTemp = "NA": null

2024-01-22 18:33:46 - [TEST_STEP][PASSED] - if (getCellValueByIndex(sheet01, rowIndex, 4) != "DONE"): null

2024-01-22 18:33:46 - [TEST_STEP][PASSED] - strTemp = "NA": null

2024-01-22 18:33:46 - [TEST_STEP][PASSED] - if (getCellValueByIndex(sheet01, rowIndex, 4) != "DONE"): null

2024-01-22 18:33:46 - [TEST_STEP][PASSED] - strTemp = "NA": null

2024-01-22 18:33:46 - [TEST_STEP][PASSED] - if (getCellValueByIndex(sheet01, rowIndex, 4) != "DONE"): null

2024-01-22 18:33:46 - [TEST_STEP][PASSED] - strTemp = "NA": null

2024-01-22 18:33:46 - [TEST_STEP][PASSED] - if (getCellValueByIndex(sheet01, rowIndex, 4) != "DONE"): null

2024-01-22 18:33:46 - [TEST_STEP][PASSED] - strTemp = "NA": null

2024-01-22 18:33:46 - [TEST_STEP][PASSED] - if (getCellValueByIndex(sheet01, rowIndex, 4) != "DONE"): null

2024-01-22 18:33:46 - [TEST_STEP][PASSED] - strTemp = "NA": null

2024-01-22 18:33:46 - [TEST_STEP][PASSED] - if (getCellValueByIndex(sheet01, rowIndex, 4) != "DONE"): null

2024-01-22 18:33:46 - [TEST_STEP][PASSED] - strTemp = "NA": null

2024-01-22 18:33:46 - [TEST_STEP][PASSED] - if (getCellValueByIndex(sheet01, rowIndex, 4) != "DONE"): null

2024-01-22 18:33:46 - [TEST_STEP][PASSED] - strTemp = "NA": null

2024-01-22 18:33:46 - [TEST_STEP][PASSED] - if (getCellValueByIndex(sheet01, rowIndex, 4) != "DONE"): null

2024-01-22 18:33:46 - [TEST_STEP][PASSED] - strTemp = "NA": null

2024-01-22 18:33:46 - [TEST_STEP][PASSED] - if (getCellValueByIndex(sheet01, rowIndex, 4) != "DONE"): null

2024-01-22 18:33:46 - [TEST_STEP][PASSED] - strTemp = "NA": null

2024-01-22 18:33:46 - [TEST_STEP][PASSED] - if (getCellValueByIndex(sheet01, rowIndex, 4) != "DONE"): null

2024-01-22 18:33:46 - [TEST_STEP][PASSED] - strTemp = "NA": null

2024-01-22 18:33:46 - [TEST_STEP][PASSED] - if (getCellValueByIndex(sheet01, rowIndex, 4) != "DONE"): null

2024-01-22 18:33:46 - [TEST_STEP][PASSED] - strTemp = "NA": null

2024-01-22 18:33:46 - [TEST_STEP][PASSED] - if (getCellValueByIndex(sheet01, rowIndex, 4) != "DONE"): null

2024-01-22 18:33:46 - [TEST_STEP][PASSED] - strTemp = "NA": null

2024-01-22 18:33:46 - [TEST_STEP][PASSED] - if (getCellValueByIndex(sheet01, rowIndex, 4) != "DONE"): null

2024-01-22 18:33:46 - [TEST_STEP][PASSED] - strTemp = "NA": null

2024-01-22 18:33:46 - [TEST_STEP][PASSED] - if (getCellValueByIndex(sheet01, rowIndex, 4) != "DONE"): null

2024-01-22 18:33:46 - [TEST_STEP][PASSED] - strTemp = "NA": null

2024-01-22 18:33:46 - [TEST_STEP][PASSED] - if (getCellValueByIndex(sheet01, rowIndex, 4) != "DONE"): null

2024-01-22 18:33:46 - [TEST_STEP][PASSED] - strTemp = "NA": null

2024-01-22 18:33:46 - [TEST_STEP][PASSED] - if (getCellValueByIndex(sheet01, rowIndex, 4) != "DONE"): null

2024-01-22 18:33:46 - [TEST_STEP][PASSED] - strTemp = "NA": null

2024-01-22 18:33:46 - [TEST_STEP][PASSED] - if (getCellValueByIndex(sheet01, rowIndex, 4) != "DONE"): null

2024-01-22 18:33:46 - [TEST_STEP][PASSED] - strTemp = "NA": null

2024-01-22 18:33:46 - [TEST_STEP][PASSED] - if (getCellValueByIndex(sheet01, rowIndex, 4) != "DONE"): null

2024-01-22 18:33:46 - [TEST_STEP][PASSED] - strTemp = "NA": null

2024-01-22 18:33:46 - [TEST_STEP][PASSED] - if (getCellValueByIndex(sheet01, rowIndex, 4) != "DONE"): null

2024-01-22 18:33:46 - [TEST_STEP][PASSED] - strTemp = "NA": null

2024-01-22 18:33:46 - [TEST_STEP][PASSED] - if (getCellValueByIndex(sheet01, rowIndex, 4) != "DONE"): null

2024-01-22 18:33:46 - [TEST_STEP][PASSED] - strTemp = "NA": null

2024-01-22 18:33:46 - [TEST_STEP][PASSED] - if (getCellValueByIndex(sheet01, rowIndex, 4) != "DONE"): null

2024-01-22 18:33:46 - [TEST_STEP][PASSED] - strTemp = "NA": null

2024-01-22 18:33:46 - [TEST_STEP][PASSED] - if (getCellValueByIndex(sheet01, rowIndex, 4) != "DONE"): null

2024-01-22 18:33:46 - [TEST_STEP][PASSED] - strTemp = "NA": null

2024-01-22 18:33:46 - [TEST_STEP][PASSED] - if (getCellValueByIndex(sheet01, rowIndex, 4) != "DONE"): null

2024-01-22 18:33:46 - [TEST_STEP][PASSED] - strTemp = "NA": null

2024-01-22 18:33:46 - [TEST_STEP][PASSED] - if (getCellValueByIndex(sheet01, rowIndex, 4) != "DONE"): null

2024-01-22 18:33:46 - [TEST_STEP][PASSED] - strTemp = "NA": null

2024-01-22 18:33:46 - [TEST_STEP][PASSED] - if (getCellValueByIndex(sheet01, rowIndex, 4) != "DONE"): null

2024-01-22 18:33:46 - [TEST_STEP][PASSED] - strTemp = "NA": null

2024-01-22 18:33:46 - [TEST_STEP][PASSED] - if (getCellValueByIndex(sheet01, rowIndex, 4) != "DONE"): null

2024-01-22 18:33:46 - [TEST_STEP][PASSED] - strTemp = "NA": null

2024-01-22 18:33:46 - [TEST_STEP][PASSED] - if (getCellValueByIndex(sheet01, rowIndex, 4) != "DONE"): null

2024-01-22 18:33:46 - [TEST_STEP][PASSED] - strTemp = "NA": null

2024-01-22 18:33:46 - [TEST_STEP][PASSED] - if (getCellValueByIndex(sheet01, rowIndex, 4) != "DONE"): null

2024-01-22 18:33:46 - [TEST_STEP][PASSED] - strTemp = "NA": null

2024-01-22 18:33:46 - [TEST_STEP][PASSED] - if (getCellValueByIndex(sheet01, rowIndex, 4) != "DONE"): null

2024-01-22 18:33:46 - [TEST_STEP][PASSED] - strTemp = "NA": null

2024-01-22 18:33:46 - [TEST_STEP][PASSED] - if (getCellValueByIndex(sheet01, rowIndex, 4) != "DONE"): null

2024-01-22 18:33:46 - [TEST_STEP][PASSED] - strTemp = "NA": null

2024-01-22 18:33:46 - [TEST_STEP][PASSED] - if (getCellValueByIndex(sheet01, rowIndex, 4) != "DONE"): null

2024-01-22 18:33:46 - [TEST_STEP][PASSED] - strTemp = "NA": null

2024-01-22 18:33:46 - [TEST_STEP][PASSED] - if (getCellValueByIndex(sheet01, rowIndex, 4) != "DONE"): null

2024-01-22 18:33:46 - [TEST_STEP][PASSED] - strTemp = "NA": null

2024-01-22 18:33:46 - [TEST_STEP][PASSED] - if (getCellValueByIndex(sheet01, rowIndex, 4) != "DONE"): null

2024-01-22 18:33:47 - [TEST_STEP][PASSED] - strTemp = "NA": null

2024-01-22 18:33:47 - [TEST_STEP][PASSED] - if (getCellValueByIndex(sheet01, rowIndex, 4) != "DONE"): null

2024-01-22 18:33:47 - [TEST_STEP][PASSED] - strTemp = "NA": null

2024-01-22 18:33:47 - [TEST_STEP][PASSED] - if (getCellValueByIndex(sheet01, rowIndex, 4) != "DONE"): null

2024-01-22 18:33:47 - [TEST_STEP][PASSED] - strTemp = "NA": null

2024-01-22 18:33:47 - [TEST_STEP][PASSED] - if (getCellValueByIndex(sheet01, rowIndex, 4) != "DONE"): null

2024-01-22 18:33:47 - [TEST_STEP][PASSED] - strTemp = "NA": null

2024-01-22 18:33:47 - [TEST_STEP][PASSED] - if (getCellValueByIndex(sheet01, rowIndex, 4) != "DONE"): null

2024-01-22 18:33:47 - [TEST_STEP][PASSED] - strTemp = "NA": null

2024-01-22 18:33:47 - [TEST_STEP][PASSED] - if (getCellValueByIndex(sheet01, rowIndex, 4) != "DONE"): null

2024-01-22 18:33:47 - [TEST_STEP][PASSED] - strTemp = "NA": null

2024-01-22 18:33:47 - [TEST_STEP][PASSED] - if (getCellValueByIndex(sheet01, rowIndex, 4) != "DONE"): null

2024-01-22 18:33:47 - [TEST_STEP][PASSED] - strTemp = "NA": null

2024-01-22 18:33:47 - [TEST_STEP][PASSED] - if (getCellValueByIndex(sheet01, rowIndex, 4) != "DONE"): null

2024-01-22 18:33:47 - [TEST_STEP][PASSED] - strTemp = "NA": null

2024-01-22 18:33:47 - [TEST_STEP][PASSED] - if (getCellValueByIndex(sheet01, rowIndex, 4) != "DONE"): null

2024-01-22 18:33:47 - [TEST_STEP][PASSED] - strTemp = "NA": null

2024-01-22 18:33:47 - [TEST_STEP][PASSED] - if (getCellValueByIndex(sheet01, rowIndex, 4) != "DONE"): null

2024-01-22 18:33:47 - [TEST_STEP][PASSED] - strTemp = "NA": null

2024-01-22 18:33:47 - [TEST_STEP][PASSED] - if (getCellValueByIndex(sheet01, rowIndex, 4) != "DONE"): null

2024-01-22 18:33:47 - [TEST_STEP][PASSED] - strTemp = "NA": null

2024-01-22 18:33:47 - [TEST_STEP][PASSED] - if (getCellValueByIndex(sheet01, rowIndex, 4) != "DONE"): null

2024-01-22 18:33:47 - [TEST_STEP][PASSED] - strTemp = "NA": null

2024-01-22 18:33:47 - [TEST_STEP][PASSED] - if (getCellValueByIndex(sheet01, rowIndex, 4) != "DONE"): null

2024-01-22 18:33:47 - [TEST_STEP][PASSED] - strTemp = "NA": null

2024-01-22 18:33:47 - [TEST_STEP][PASSED] - if (getCellValueByIndex(sheet01, rowIndex, 4) != "DONE"): null

2024-01-22 18:33:47 - [TEST_STEP][PASSED] - strTemp = "NA": null

2024-01-22 18:33:47 - [TEST_STEP][PASSED] - if (getCellValueByIndex(sheet01, rowIndex, 4) != "DONE"): null

2024-01-22 18:33:47 - [TEST_STEP][PASSED] - strTemp = "NA": null

2024-01-22 18:33:47 - [TEST_STEP][PASSED] - if (getCellValueByIndex(sheet01, rowIndex, 4) != "DONE"): null

2024-01-22 18:33:47 - [TEST_STEP][PASSED] - strTemp = "NA": null

2024-01-22 18:33:47 - [TEST_STEP][PASSED] - if (getCellValueByIndex(sheet01, rowIndex, 4) != "DONE"): null

2024-01-22 18:33:47 - [TEST_STEP][PASSED] - strTemp = "NA": null

2024-01-22 18:33:47 - [TEST_STEP][PASSED] - if (getCellValueByIndex(sheet01, rowIndex, 4) != "DONE"): null

2024-01-22 18:33:47 - [TEST_STEP][PASSED] - strTemp = "NA": null

2024-01-22 18:33:47 - [TEST_STEP][PASSED] - if (getCellValueByIndex(sheet01, rowIndex, 4) != "DONE"): null

2024-01-22 18:33:47 - [TEST_STEP][PASSED] - strTemp = "NA": null

2024-01-22 18:33:47 - [TEST_STEP][PASSED] - if (getCellValueByIndex(sheet01, rowIndex, 4) != "DONE"): null

2024-01-22 18:33:47 - [TEST_STEP][PASSED] - strTemp = "NA": null

2024-01-22 18:33:47 - [TEST_STEP][PASSED] - if (getCellValueByIndex(sheet01, rowIndex, 4) != "DONE"): null

2024-01-22 18:33:47 - [TEST_STEP][PASSED] - strTemp = "NA": null

2024-01-22 18:33:47 - [TEST_STEP][PASSED] - if (getCellValueByIndex(sheet01, rowIndex, 4) != "DONE"): null

2024-01-22 18:33:47 - [TEST_STEP][PASSED] - strTemp = "NA": null

2024-01-22 18:33:47 - [TEST_STEP][PASSED] - if (getCellValueByIndex(sheet01, rowIndex, 4) != "DONE"): null

2024-01-22 18:33:47 - [TEST_STEP][PASSED] - strTemp = "NA": null

2024-01-22 18:33:47 - [TEST_STEP][PASSED] - if (getCellValueByIndex(sheet01, rowIndex, 4) != "DONE"): null

2024-01-22 18:33:47 - [TEST_STEP][PASSED] - strTemp = "NA": null

2024-01-22 18:33:47 - [TEST_STEP][PASSED] - if (getCellValueByIndex(sheet01, rowIndex, 4) != "DONE"): null

2024-01-22 18:33:47 - [TEST_STEP][PASSED] - strTemp = "NA": null

2024-01-22 18:33:47 - [TEST_STEP][PASSED] - if (getCellValueByIndex(sheet01, rowIndex, 4) != "DONE"): null

2024-01-22 18:33:47 - [TEST_STEP][PASSED] - strTemp = "NA": null

2024-01-22 18:33:47 - [TEST_STEP][PASSED] - if (getCellValueByIndex(sheet01, rowIndex, 4) != "DONE"): null

2024-01-22 18:33:47 - [TEST_STEP][PASSED] - strTemp = "NA": null

2024-01-22 18:33:47 - [TEST_STEP][PASSED] - if (getCellValueByIndex(sheet01, rowIndex, 4) != "DONE"): null

2024-01-22 18:33:47 - [TEST_STEP][PASSED] - strTemp = "NA": null

2024-01-22 18:33:47 - [TEST_STEP][PASSED] - if (getCellValueByIndex(sheet01, rowIndex, 4) != "DONE"): null

2024-01-22 18:33:47 - [TEST_STEP][PASSED] - strTemp = "NA": null

2024-01-22 18:33:47 - [TEST_STEP][PASSED] - if (getCellValueByIndex(sheet01, rowIndex, 4) != "DONE"): null

2024-01-22 18:33:47 - [TEST_STEP][PASSED] - strTemp = "NA": null

2024-01-22 18:33:47 - [TEST_STEP][PASSED] - if (getCellValueByIndex(sheet01, rowIndex, 4) != "DONE"): null

2024-01-22 18:33:47 - [TEST_STEP][PASSED] - strTemp = "NA": null

2024-01-22 18:33:47 - [TEST_STEP][PASSED] - if (getCellValueByIndex(sheet01, rowIndex, 4) != "DONE"): null

2024-01-22 18:33:47 - [TEST_STEP][PASSED] - strTemp = "NA": null

2024-01-22 18:33:47 - [TEST_STEP][PASSED] - if (getCellValueByIndex(sheet01, rowIndex, 4) != "DONE"): null

2024-01-22 18:33:47 - [TEST_STEP][PASSED] - strTemp = "NA": null

2024-01-22 18:33:47 - [TEST_STEP][PASSED] - if (getCellValueByIndex(sheet01, rowIndex, 4) != "DONE"): null

2024-01-22 18:33:47 - [TEST_STEP][PASSED] - strTemp = "NA": null

2024-01-22 18:33:47 - [TEST_STEP][PASSED] - if (getCellValueByIndex(sheet01, rowIndex, 4) != "DONE"): null

2024-01-22 18:33:47 - [TEST_STEP][PASSED] - strTemp = "NA": null

2024-01-22 18:33:47 - [TEST_STEP][PASSED] - if (getCellValueByIndex(sheet01, rowIndex, 4) != "DONE"): null

2024-01-22 18:33:47 - [TEST_STEP][PASSED] - strTemp = "NA": null

2024-01-22 18:33:47 - [TEST_STEP][PASSED] - if (getCellValueByIndex(sheet01, rowIndex, 4) != "DONE"): null

2024-01-22 18:33:47 - [TEST_STEP][PASSED] - strTemp = "NA": null

2024-01-22 18:33:47 - [TEST_STEP][PASSED] - if (getCellValueByIndex(sheet01, rowIndex, 4) != "DONE"): null

2024-01-22 18:33:47 - [TEST_STEP][PASSED] - strTemp = "NA": null

2024-01-22 18:33:47 - [TEST_STEP][PASSED] - if (getCellValueByIndex(sheet01, rowIndex, 4) != "DONE"): Object: 'Object Repository/Stockbit/menu_Bandarmology' is clicked on

2024-01-22 18:33:47 - [TEST_STEP][PASSED] - strNama = getCellValueByIndex(sheet01, rowIndex, 0): null

2024-01-22 18:33:47 - [TEST_STEP][PASSED] - navigateToUrl("https://stockbit.com/#/symbol/" + strNama): Navigate to 'https://stockbit.com/#/symbol/BUMI' successfully

2024-01-22 18:33:49 - [MESSAGE][PASSED] - Navigate to 'https://stockbit.com/#/symbol/BUMI' successfully

2024-01-22 18:33:49 - [TEST_STEP][PASSED] - waitForElementClickable(findTestObject("Stockbit/menu_Bandarmology"), 10): Object 'Object Repository/Stockbit/menu_Bandarmology' is clickable

2024-01-22 18:33:49 - [MESSAGE][PASSED] - Object 'Object Repository/Stockbit/menu_Bandarmology' is clickable

2024-01-22 18:33:49 - [TEST_STEP][PASSED] - click(findTestObject("Stockbit/menu_Bandarmology")): Object: 'Object Repository/Stockbit/menu_Bandarmology' is clicked on

2024-01-22 18:33:50 - [MESSAGE][PASSED] - Object: 'Object Repository/Stockbit/menu_Bandarmology' is clicked on

2024-01-22 18:33:50 - [TEST_STEP][PASSED] - strTanggal = d.format(DateTimeFormatter.ofPattern("MMM dd, yyyy")): null

2024-01-22 18:33:50 - [TEST_STEP][PASSED] - strTanggal = d.format(ISO_DATE): null

2024-01-22 18:33:50 - [TEST_STEP][PASSED] - out.println("strTanggal = " + strTanggal): null

2024-01-22 18:33:50 - [TEST_STEP][PASSED] - out.println("strNama = " + strNama): null

2024-01-22 18:33:50 - [TEST_STEP][PASSED] - out.println("Baris ke = " + rowIndex): null

2024-01-22 18:33:50 - [TEST_STEP][PASSED] - click(findTestObject("Stockbit/input__BandarmologyOpenStartDate")): Object: 'Object Repository/Stockbit/input__BandarmologyOpenStartDate' is clicked on

2024-01-22 18:33:51 - [MESSAGE][PASSED] - Object: 'Object Repository/Stockbit/input__BandarmologyOpenStartDate' is clicked on

2024-01-22 18:33:51 - [TEST_STEP][PASSED] - sendKeys(findTestObject("Stockbit/input__BandarmologyOpenStartDate"), Keys.chord(CONTROL, "a")): Keys 'CONTROL + a' sent to object: 'Object Repository/Stockbit/input__BandarmologyOpenStartDate'

2024-01-22 18:33:52 - [MESSAGE][PASSED] - Keys 'CONTROL + a' sent to object: 'Object Repository/Stockbit/input__BandarmologyOpenStartDate'

2024-01-22 18:33:52 - [TEST_STEP][PASSED] - sendKeys(findTestObject("Stockbit/input__BandarmologyOpenStartDate"), Keys.chord(BACK_SPACE)): Keys 'BACK_SPACE + ' sent to object: 'Object Repository/Stockbit/input__BandarmologyOpenStartDate'

2024-01-22 18:33:52 - [MESSAGE][PASSED] - Keys 'BACK_SPACE + ' sent to object: 'Object Repository/Stockbit/input__BandarmologyOpenStartDate'

2024-01-22 18:33:52 - [TEST_STEP][PASSED] - setText(findTestObject("Stockbit/input__BandarmologyOpenStartDate"), strTanggal): Text '2024-01-22' is set on object 'Object Repository/Stockbit/input__BandarmologyOpenStartDate'

2024-01-22 18:33:53 - [MESSAGE][PASSED] - Text '2024-01-22' is set on object 'Object Repository/Stockbit/input__BandarmologyOpenStartDate'

2024-01-22 18:33:53 - [TEST_STEP][PASSED] - sendKeys(findTestObject("Stockbit/input__BandarmologyOpenStartDate"), Keys.chord(ENTER)): Keys 'ENTER + ' sent to object: 'Object Repository/Stockbit/input__BandarmologyOpenStartDate'

2024-01-22 18:33:54 - [MESSAGE][PASSED] - Keys 'ENTER + ' sent to object: 'Object Repository/Stockbit/input__BandarmologyOpenStartDate'

2024-01-22 18:33:54 - [TEST_STEP][PASSED] - click(findTestObject("Stockbit/input__BandarmologyOpenEndDate")): Object: 'Object Repository/Stockbit/input__BandarmologyOpenEndDate' is clicked on

2024-01-22 18:33:54 - [MESSAGE][PASSED] - Object: 'Object Repository/Stockbit/input__BandarmologyOpenEndDate' is clicked on

2024-01-22 18:33:54 - [TEST_STEP][PASSED] - sendKeys(findTestObject("Stockbit/input__BandarmologyOpenEndDate"), Keys.chord(CONTROL, "a")): Keys 'CONTROL + a' sent to object: 'Object Repository/Stockbit/input__BandarmologyOpenEndDate'

2024-01-22 18:33:55 - [MESSAGE][PASSED] - Keys 'CONTROL + a' sent to object: 'Object Repository/Stockbit/input__BandarmologyOpenEndDate'

2024-01-22 18:33:55 - [TEST_STEP][PASSED] - sendKeys(findTestObject("Stockbit/input__BandarmologyOpenEndDate"), Keys.chord(BACK_SPACE)): Keys 'BACK_SPACE + ' sent to object: 'Object Repository/Stockbit/input__BandarmologyOpenEndDate'

2024-01-22 18:33:55 - [MESSAGE][PASSED] - Keys 'BACK_SPACE + ' sent to object: 'Object Repository/Stockbit/input__BandarmologyOpenEndDate'

2024-01-22 18:33:55 - [TEST_STEP][PASSED] - setText(findTestObject("Stockbit/input__BandarmologyOpenEndDate"), strTanggal): Text '2024-01-22' is set on object 'Object Repository/Stockbit/input__BandarmologyOpenEndDate'

2024-01-22 18:33:56 - [MESSAGE][PASSED] - Text '2024-01-22' is set on object 'Object Repository/Stockbit/input__BandarmologyOpenEndDate'

2024-01-22 18:33:56 - [TEST_STEP][PASSED] - sendKeys(findTestObject("Stockbit/input__BandarmologyOpenEndDate"), Keys.chord(ENTER)): Keys 'ENTER + ' sent to object: 'Object Repository/Stockbit/input__BandarmologyOpenEndDate'

2024-01-22 18:33:56 - [MESSAGE][PASSED] - Keys 'ENTER + ' sent to object: 'Object Repository/Stockbit/input__BandarmologyOpenEndDate'

2024-01-22 18:33:56 - [TEST_STEP][PASSED] - delay(2): Delayed 2 second(s)

2024-01-22 18:33:58 - [MESSAGE][PASSED] - Delayed 2 second(s)

2024-01-22 18:33:58 - [TEST_STEP][PASSED] - strTemp = getText(findTestObject("Stockbit/Bandarmology_AvgRP")): Text of object 'Object Repository/Stockbit/Bandarmology_AvgRP' is: '93'

2024-01-22 18:33:59 - [MESSAGE][PASSED] - Text of object 'Object Repository/Stockbit/Bandarmology_AvgRP' is: '93'

2024-01-22 18:33:59 - [TEST_STEP][PASSED] - out.println("Bandarmology_AvgRP = " + strTemp): null

2024-01-22 18:33:59 - [TEST_STEP][PASSED] - if (strTemp != "0"): null

2024-01-22 18:33:59 - [TEST_STEP][PASSED] - strTop1 = getText(findTestObject("Stockbit/Bandarmology_Top1")): Text of object 'Object Repository/Stockbit/Bandarmology_Top1' is: 'Small Acc'

2024-01-22 18:33:59 - [MESSAGE][PASSED] - Text of object 'Object Repository/Stockbit/Bandarmology_Top1' is: 'Small Acc'

2024-01-22 18:33:59 - [TEST_STEP][PASSED] - strTop3 = getText(findTestObject("Stockbit/Bandarmology_Top3")): Text of object 'Object Repository/Stockbit/Bandarmology_Top3' is: 'Small Acc'

2024-01-22 18:33:59 - [MESSAGE][PASSED] - Text of object 'Object Repository/Stockbit/Bandarmology_Top3' is: 'Small Acc'

2024-01-22 18:33:59 - [TEST_STEP][PASSED] - strTop5 = getText(findTestObject("Stockbit/Bandarmology_Top5")): Text of object 'Object Repository/Stockbit/Bandarmology_Top5' is: 'Small Acc'

2024-01-22 18:33:59 - [MESSAGE][PASSED] - Text of object 'Object Repository/Stockbit/Bandarmology_Top5' is: 'Small Acc'

2024-01-22 18:33:59 - [TEST_STEP][PASSED] - strAllBrokAvg = getText(findTestObject("Stockbit/Bandarmology_TopAVG")): Text of object 'Object Repository/Stockbit/Bandarmology_TopAVG' is: 'Small Acc'

2024-01-22 18:33:59 - [MESSAGE][PASSED] - Text of object 'Object Repository/Stockbit/Bandarmology_TopAVG' is: 'Small Acc'

2024-01-22 18:33:59 - [TEST_STEP][PASSED] - strTemp = getText(findTestObject("Stockbit/Bandarmology_AvgRP")): Text of object 'Object Repository/Stockbit/Bandarmology_AvgRP' is: '93'

2024-01-22 18:33:59 - [MESSAGE][PASSED] - Text of object 'Object Repository/Stockbit/Bandarmology_AvgRP' is: '93'

2024-01-22 18:33:59 - [TEST_STEP][PASSED] - if (strTemp.contains(",")): null

2024-01-22 18:33:59 - [TEST_STEP][PASSED] - intAvgRP = strTemp.toInteger(): null

2024-01-22 18:33:59 - [TEST_STEP][PASSED] - strBuyer1 = getText(findTestObject("Stockbit/Bandarmology_Buyer1")): Text of object 'Object Repository/Stockbit/Bandarmology_Buyer1' is: 'AG'

2024-01-22 18:34:00 - [MESSAGE][PASSED] - Text of object 'Object Repository/Stockbit/Bandarmology_Buyer1' is: 'AG'

2024-01-22 18:34:00 - [TEST_STEP][PASSED] - strBuyerVol1 = getText(findTestObject("Stockbit/Bandarmology_BuyerVol1")): Text of object 'Object Repository/Stockbit/Bandarmology_BuyerVol1' is: '287 K'

2024-01-22 18:34:00 - [MESSAGE][PASSED] - Text of object 'Object Repository/Stockbit/Bandarmology_BuyerVol1' is: '287 K'

2024-01-22 18:34:00 - [TEST_STEP][PASSED] - strBuyerAvg1 = getText(findTestObject("Stockbit/Bandarmology_BuyerAvg1")): Text of object 'Object Repository/Stockbit/Bandarmology_BuyerAvg1' is: '93'

2024-01-22 18:34:00 - [MESSAGE][PASSED] - Text of object 'Object Repository/Stockbit/Bandarmology_BuyerAvg1' is: '93'

2024-01-22 18:34:00 - [TEST_STEP][PASSED] - if (strBuyerAvg1.contains(",")): null

2024-01-22 18:34:00 - [TEST_STEP][PASSED] - if (strBuyerVol1.contains(" B")): null

2024-01-22 18:34:00 - [TEST_STEP][PASSED] - else if (strBuyerVol1.contains(" M")): null

2024-01-22 18:34:00 - [TEST_STEP][PASSED] - else if (strBuyerVol1.contains(" K")): null

2024-01-22 18:34:00 - [TEST_STEP][PASSED] - strBuyerVol1 = strBuyerVol1.replace(" K", ""): null

2024-01-22 18:34:00 - [TEST_STEP][PASSED] - strBuyerVol1 = strBuyerVol1.toDouble() * 1000: null

2024-01-22 18:34:00 - [TEST_STEP][PASSED] - strSeller1 = getText(findTestObject("Stockbit/Bandarmology_Seller1")): Text of object 'Object Repository/Stockbit/Bandarmology_Seller1' is: 'AK'

2024-01-22 18:34:00 - [MESSAGE][PASSED] - Text of object 'Object Repository/Stockbit/Bandarmology_Seller1' is: 'AK'

2024-01-22 18:34:00 - [TEST_STEP][PASSED] - strSellerVol1 = getText(findTestObject("Stockbit/Bandarmology_SellerVol1")): Text of object 'Object Repository/Stockbit/Bandarmology_SellerVol1' is: '204.6 K'

2024-01-22 18:34:00 - [MESSAGE][PASSED] - Text of object 'Object Repository/Stockbit/Bandarmology_SellerVol1' is: '204.6 K'

2024-01-22 18:34:00 - [TEST_STEP][PASSED] - strSellerAvg1 = getText(findTestObject("Stockbit/Bandarmology_SellerAvg1")): Text of object 'Object Repository/Stockbit/Bandarmology_SellerAvg1' is: '93'

2024-01-22 18:34:00 - [MESSAGE][PASSED] - Text of object 'Object Repository/Stockbit/Bandarmology_SellerAvg1' is: '93'

2024-01-22 18:34:00 - [TEST_STEP][PASSED] - if (strSellerAvg1.contains(",")): null

2024-01-22 18:34:00 - [TEST_STEP][PASSED] - if (strSellerVol1.contains(" B")): null

2024-01-22 18:34:00 - [TEST_STEP][PASSED] - else if (strSellerVol1.contains(" M")): null

2024-01-22 18:34:00 - [TEST_STEP][PASSED] - else if (strSellerVol1.contains(" K")): null

2024-01-22 18:34:00 - [TEST_STEP][PASSED] - strSellerVol1 = strSellerVol1.replace(" K", ""): null

2024-01-22 18:34:00 - [TEST_STEP][PASSED] - strSellerVol1 = strSellerVol1.toDouble() * 1000: null

2024-01-22 18:34:00 - [TEST_STEP][PASSED] - if (verifyElementNotPresent(findTestObject("Stockbit/Bandarmology_Buyer2"), 1, OPTIONAL)): Web element with id: 'Object Repository/Stockbit/Bandarmology_Buyer2' located by 'By.xpath: //*[contains(@id, 'rc-tabs-')]/div[2]/div/div/div/div/div/div[2]/table/tbody/tr[3]/td[1]/p' is present after '1' second(s) (Root cause: com.kms.katalon.core.exception.StepFailedException: Web element with id: 'Object Repository/Stockbit/Bandarmology_Buyer2' located by 'By.xpath: //*[contains(@id, 'rc-tabs-')]/div[2]/div/div/div/div/div/div[2]/table/tbody/tr[3]/td[1]/p' is present after '1' second(s)
	at com.kms.katalon.core.webui.keyword.internal.WebUIKeywordMain.stepFailed(WebUIKeywordMain.groovy:64)
	at com.kms.katalon.core.webui.keyword.internal.WebUIKeywordMain$stepFailed$0.call(Unknown Source)
	at com.kms.katalon.core.webui.keyword.builtin.VerifyElementNotPresentKeyword$_verifyElementNotPresent_closure1.doCall(VerifyElementNotPresentKeyword.groovy:106)
	at com.kms.katalon.core.webui.keyword.builtin.VerifyElementNotPresentKeyword$_verifyElementNotPresent_closure1.doCall(VerifyElementNotPresentKeyword.groovy)
	at com.kms.katalon.core.webui.keyword.internal.WebUIKeywordMain.runKeyword(WebUIKeywordMain.groovy:20)
	at com.kms.katalon.core.webui.keyword.internal.WebUIKeywordMain$runKeyword.call(Unknown Source)
	at com.kms.katalon.core.webui.keyword.builtin.VerifyElementNotPresentKeyword.verifyElementNotPresent(VerifyElementNotPresentKeyword.groovy:117)
	at com.kms.katalon.core.webui.keyword.builtin.VerifyElementNotPresentKeyword.execute(VerifyElementNotPresentKeyword.groovy:68)
	at com.kms.katalon.core.keyword.internal.KeywordExecutor.executeKeywordForPlatform(KeywordExecutor.groovy:74)
	at com.kms.katalon.core.webui.keyword.WebUiBuiltInKeywords.verifyElementNotPresent(WebUiBuiltInKeywords.groovy:1481)
	at com.kms.katalon.core.webui.keyword.WebUiBuiltInKeywords$verifyElementNotPresent$8.call(Unknown Source)
	at GetBrokSumPriceDaily.run(GetBrokSumPriceDaily:258)
	at com.kms.katalon.core.main.ScriptEngine.run(ScriptEngine.java:194)
	at com.kms.katalon.core.main.ScriptEngine.runScriptAsRawText(ScriptEngine.java:119)
	at com.kms.katalon.core.main.TestCaseExecutor.runScript(TestCaseExecutor.java:445)
	at com.kms.katalon.core.main.TestCaseExecutor.doExecute(TestCaseExecutor.java:436)
	at com.kms.katalon.core.main.TestCaseExecutor.processExecutionPhase(TestCaseExecutor.java:415)
	at com.kms.katalon.core.main.TestCaseExecutor.accessMainPhase(TestCaseExecutor.java:407)
	at com.kms.katalon.core.main.TestCaseExecutor.execute(TestCaseExecutor.java:284)
	at com.kms.katalon.core.common.CommonExecutor.accessTestCaseMainPhase(CommonExecutor.java:65)
	at com.kms.katalon.core.main.TestSuiteExecutor.accessTestSuiteMainPhase(TestSuiteExecutor.java:144)
	at com.kms.katalon.core.main.TestSuiteExecutor.execute(TestSuiteExecutor.java:106)
	at com.kms.katalon.core.main.TestCaseMain.startTestSuite(TestCaseMain.java:185)
	at com.kms.katalon.core.main.TestCaseMain$startTestSuite$0.call(Unknown Source)
	at TempTestSuite1705923140048.run(TempTestSuite1705923140048.groovy:36)
)

2024-01-22 18:34:02 - [MESSAGE][WARNING] - Web element with id: 'Object Repository/Stockbit/Bandarmology_Buyer2' located by 'By.xpath: //*[contains(@id, 'rc-tabs-')]/div[2]/div/div/div/div/div/div[2]/table/tbody/tr[3]/td[1]/p' is present after '1' second(s) (Root cause: com.kms.katalon.core.exception.StepFailedException: Web element with id: 'Object Repository/Stockbit/Bandarmology_Buyer2' located by 'By.xpath: //*[contains(@id, 'rc-tabs-')]/div[2]/div/div/div/div/div/div[2]/table/tbody/tr[3]/td[1]/p' is present after '1' second(s)
	at com.kms.katalon.core.webui.keyword.internal.WebUIKeywordMain.stepFailed(WebUIKeywordMain.groovy:64)
	at com.kms.katalon.core.webui.keyword.internal.WebUIKeywordMain$stepFailed$0.call(Unknown Source)
	at com.kms.katalon.core.webui.keyword.builtin.VerifyElementNotPresentKeyword$_verifyElementNotPresent_closure1.doCall(VerifyElementNotPresentKeyword.groovy:106)
	at com.kms.katalon.core.webui.keyword.builtin.VerifyElementNotPresentKeyword$_verifyElementNotPresent_closure1.doCall(VerifyElementNotPresentKeyword.groovy)
	at com.kms.katalon.core.webui.keyword.internal.WebUIKeywordMain.runKeyword(WebUIKeywordMain.groovy:20)
	at com.kms.katalon.core.webui.keyword.internal.WebUIKeywordMain$runKeyword.call(Unknown Source)
	at com.kms.katalon.core.webui.keyword.builtin.VerifyElementNotPresentKeyword.verifyElementNotPresent(VerifyElementNotPresentKeyword.groovy:117)
	at com.kms.katalon.core.webui.keyword.builtin.VerifyElementNotPresentKeyword.execute(VerifyElementNotPresentKeyword.groovy:68)
	at com.kms.katalon.core.keyword.internal.KeywordExecutor.executeKeywordForPlatform(KeywordExecutor.groovy:74)
	at com.kms.katalon.core.webui.keyword.WebUiBuiltInKeywords.verifyElementNotPresent(WebUiBuiltInKeywords.groovy:1481)
	at com.kms.katalon.core.webui.keyword.WebUiBuiltInKeywords$verifyElementNotPresent$8.call(Unknown Source)
	at GetBrokSumPriceDaily.run(GetBrokSumPriceDaily:258)
	at com.kms.katalon.core.main.ScriptEngine.run(ScriptEngine.java:194)
	at com.kms.katalon.core.main.ScriptEngine.runScriptAsRawText(ScriptEngine.java:119)
	at com.kms.katalon.core.main.TestCaseExecutor.runScript(TestCaseExecutor.java:445)
	at com.kms.katalon.core.main.TestCaseExecutor.doExecute(TestCaseExecutor.java:436)
	at com.kms.katalon.core.main.TestCaseExecutor.processExecutionPhase(TestCaseExecutor.java:415)
	at com.kms.katalon.core.main.TestCaseExecutor.accessMainPhase(TestCaseExecutor.java:407)
	at com.kms.katalon.core.main.TestCaseExecutor.execute(TestCaseExecutor.java:284)
	at com.kms.katalon.core.common.CommonExecutor.accessTestCaseMainPhase(CommonExecutor.java:65)
	at com.kms.katalon.core.main.TestSuiteExecutor.accessTestSuiteMainPhase(TestSuiteExecutor.java:144)
	at com.kms.katalon.core.main.TestSuiteExecutor.execute(TestSuiteExecutor.java:106)
	at com.kms.katalon.core.main.TestCaseMain.startTestSuite(TestCaseMain.java:185)
	at com.kms.katalon.core.main.TestCaseMain$startTestSuite$0.call(Unknown Source)
	at TempTestSuite1705923140048.run(TempTestSuite1705923140048.groovy:36)
)
[[ATTACHMENT|C:\\Users\\Fadli\\git\\KatalonDailyGetData2\\Reports\\20240122_174123\\TS1\\20240122_183220\\1705923242309.png]]

2024-01-22 18:34:02 - [TEST_STEP][PASSED] - else: null

2024-01-22 18:34:02 - [TEST_STEP][PASSED] - strBuyer2 = getText(findTestObject("Stockbit/Bandarmology_Buyer2")): Text of object 'Object Repository/Stockbit/Bandarmology_Buyer2' is: 'YP'

2024-01-22 18:34:02 - [MESSAGE][PASSED] - Text of object 'Object Repository/Stockbit/Bandarmology_Buyer2' is: 'YP'

2024-01-22 18:34:02 - [TEST_STEP][PASSED] - strBuyerVol2 = getText(findTestObject("Stockbit/Bandarmology_BuyerVol2")): Text of object 'Object Repository/Stockbit/Bandarmology_BuyerVol2' is: '123.9 K'

2024-01-22 18:34:02 - [MESSAGE][PASSED] - Text of object 'Object Repository/Stockbit/Bandarmology_BuyerVol2' is: '123.9 K'

2024-01-22 18:34:02 - [TEST_STEP][PASSED] - strBuyerAvg2 = getText(findTestObject("Stockbit/Bandarmology_BuyerAvg2")): Text of object 'Object Repository/Stockbit/Bandarmology_BuyerAvg2' is: '93'

2024-01-22 18:34:03 - [MESSAGE][PASSED] - Text of object 'Object Repository/Stockbit/Bandarmology_BuyerAvg2' is: '93'

2024-01-22 18:34:03 - [TEST_STEP][PASSED] - if (strBuyer2 != ""): null

2024-01-22 18:34:03 - [TEST_STEP][PASSED] - if (strBuyerAvg2.contains(",")): null

2024-01-22 18:34:03 - [TEST_STEP][PASSED] - if (strBuyerVol2.contains(" B")): null

2024-01-22 18:34:03 - [TEST_STEP][PASSED] - else if (strBuyerVol2.contains(" M")): null

2024-01-22 18:34:03 - [TEST_STEP][PASSED] - else if (strBuyerVol2.contains(" K")): null

2024-01-22 18:34:03 - [TEST_STEP][PASSED] - strBuyerVol2 = strBuyerVol2.replace(" K", ""): null

2024-01-22 18:34:03 - [TEST_STEP][PASSED] - strBuyerVol2 = strBuyerVol2.toDouble() * 1000: null

2024-01-22 18:34:03 - [TEST_STEP][PASSED] - if (strBuyerVol2.contains(".")): null

2024-01-22 18:34:03 - [TEST_STEP][PASSED] - strBuyerVal2 = strBuyerVol2.replace(".", ""): null

2024-01-22 18:34:03 - [TEST_STEP][PASSED] - if (verifyElementNotPresent(findTestObject("Stockbit/Bandarmology_Seller2"), 1, OPTIONAL)): Web element with id: 'Object Repository/Stockbit/Bandarmology_Seller2' located by 'By.xpath: //*[contains(@id, 'rc-tabs-')]/div[2]/div/div/div/div/div/div[2]/table/tbody/tr[3]/td[5]/p' is present after '1' second(s) (Root cause: com.kms.katalon.core.exception.StepFailedException: Web element with id: 'Object Repository/Stockbit/Bandarmology_Seller2' located by 'By.xpath: //*[contains(@id, 'rc-tabs-')]/div[2]/div/div/div/div/div/div[2]/table/tbody/tr[3]/td[5]/p' is present after '1' second(s)
	at com.kms.katalon.core.webui.keyword.internal.WebUIKeywordMain.stepFailed(WebUIKeywordMain.groovy:64)
	at com.kms.katalon.core.webui.keyword.internal.WebUIKeywordMain$stepFailed$0.call(Unknown Source)
	at com.kms.katalon.core.webui.keyword.builtin.VerifyElementNotPresentKeyword$_verifyElementNotPresent_closure1.doCall(VerifyElementNotPresentKeyword.groovy:106)
	at com.kms.katalon.core.webui.keyword.builtin.VerifyElementNotPresentKeyword$_verifyElementNotPresent_closure1.doCall(VerifyElementNotPresentKeyword.groovy)
	at com.kms.katalon.core.webui.keyword.internal.WebUIKeywordMain.runKeyword(WebUIKeywordMain.groovy:20)
	at com.kms.katalon.core.webui.keyword.internal.WebUIKeywordMain$runKeyword.call(Unknown Source)
	at com.kms.katalon.core.webui.keyword.builtin.VerifyElementNotPresentKeyword.verifyElementNotPresent(VerifyElementNotPresentKeyword.groovy:117)
	at com.kms.katalon.core.webui.keyword.builtin.VerifyElementNotPresentKeyword.execute(VerifyElementNotPresentKeyword.groovy:68)
	at com.kms.katalon.core.keyword.internal.KeywordExecutor.executeKeywordForPlatform(KeywordExecutor.groovy:74)
	at com.kms.katalon.core.webui.keyword.WebUiBuiltInKeywords.verifyElementNotPresent(WebUiBuiltInKeywords.groovy:1481)
	at com.kms.katalon.core.webui.keyword.WebUiBuiltInKeywords$verifyElementNotPresent$8.call(Unknown Source)
	at GetBrokSumPriceDaily.run(GetBrokSumPriceDaily:309)
	at com.kms.katalon.core.main.ScriptEngine.run(ScriptEngine.java:194)
	at com.kms.katalon.core.main.ScriptEngine.runScriptAsRawText(ScriptEngine.java:119)
	at com.kms.katalon.core.main.TestCaseExecutor.runScript(TestCaseExecutor.java:445)
	at com.kms.katalon.core.main.TestCaseExecutor.doExecute(TestCaseExecutor.java:436)
	at com.kms.katalon.core.main.TestCaseExecutor.processExecutionPhase(TestCaseExecutor.java:415)
	at com.kms.katalon.core.main.TestCaseExecutor.accessMainPhase(TestCaseExecutor.java:407)
	at com.kms.katalon.core.main.TestCaseExecutor.execute(TestCaseExecutor.java:284)
	at com.kms.katalon.core.common.CommonExecutor.accessTestCaseMainPhase(CommonExecutor.java:65)
	at com.kms.katalon.core.main.TestSuiteExecutor.accessTestSuiteMainPhase(TestSuiteExecutor.java:144)
	at com.kms.katalon.core.main.TestSuiteExecutor.execute(TestSuiteExecutor.java:106)
	at com.kms.katalon.core.main.TestCaseMain.startTestSuite(TestCaseMain.java:185)
	at com.kms.katalon.core.main.TestCaseMain$startTestSuite$0.call(Unknown Source)
	at TempTestSuite1705923140048.run(TempTestSuite1705923140048.groovy:36)
)

2024-01-22 18:34:04 - [MESSAGE][WARNING] - Web element with id: 'Object Repository/Stockbit/Bandarmology_Seller2' located by 'By.xpath: //*[contains(@id, 'rc-tabs-')]/div[2]/div/div/div/div/div/div[2]/table/tbody/tr[3]/td[5]/p' is present after '1' second(s) (Root cause: com.kms.katalon.core.exception.StepFailedException: Web element with id: 'Object Repository/Stockbit/Bandarmology_Seller2' located by 'By.xpath: //*[contains(@id, 'rc-tabs-')]/div[2]/div/div/div/div/div/div[2]/table/tbody/tr[3]/td[5]/p' is present after '1' second(s)
	at com.kms.katalon.core.webui.keyword.internal.WebUIKeywordMain.stepFailed(WebUIKeywordMain.groovy:64)
	at com.kms.katalon.core.webui.keyword.internal.WebUIKeywordMain$stepFailed$0.call(Unknown Source)
	at com.kms.katalon.core.webui.keyword.builtin.VerifyElementNotPresentKeyword$_verifyElementNotPresent_closure1.doCall(VerifyElementNotPresentKeyword.groovy:106)
	at com.kms.katalon.core.webui.keyword.builtin.VerifyElementNotPresentKeyword$_verifyElementNotPresent_closure1.doCall(VerifyElementNotPresentKeyword.groovy)
	at com.kms.katalon.core.webui.keyword.internal.WebUIKeywordMain.runKeyword(WebUIKeywordMain.groovy:20)
	at com.kms.katalon.core.webui.keyword.internal.WebUIKeywordMain$runKeyword.call(Unknown Source)
	at com.kms.katalon.core.webui.keyword.builtin.VerifyElementNotPresentKeyword.verifyElementNotPresent(VerifyElementNotPresentKeyword.groovy:117)
	at com.kms.katalon.core.webui.keyword.builtin.VerifyElementNotPresentKeyword.execute(VerifyElementNotPresentKeyword.groovy:68)
	at com.kms.katalon.core.keyword.internal.KeywordExecutor.executeKeywordForPlatform(KeywordExecutor.groovy:74)
	at com.kms.katalon.core.webui.keyword.WebUiBuiltInKeywords.verifyElementNotPresent(WebUiBuiltInKeywords.groovy:1481)
	at com.kms.katalon.core.webui.keyword.WebUiBuiltInKeywords$verifyElementNotPresent$8.call(Unknown Source)
	at GetBrokSumPriceDaily.run(GetBrokSumPriceDaily:309)
	at com.kms.katalon.core.main.ScriptEngine.run(ScriptEngine.java:194)
	at com.kms.katalon.core.main.ScriptEngine.runScriptAsRawText(ScriptEngine.java:119)
	at com.kms.katalon.core.main.TestCaseExecutor.runScript(TestCaseExecutor.java:445)
	at com.kms.katalon.core.main.TestCaseExecutor.doExecute(TestCaseExecutor.java:436)
	at com.kms.katalon.core.main.TestCaseExecutor.processExecutionPhase(TestCaseExecutor.java:415)
	at com.kms.katalon.core.main.TestCaseExecutor.accessMainPhase(TestCaseExecutor.java:407)
	at com.kms.katalon.core.main.TestCaseExecutor.execute(TestCaseExecutor.java:284)
	at com.kms.katalon.core.common.CommonExecutor.accessTestCaseMainPhase(CommonExecutor.java:65)
	at com.kms.katalon.core.main.TestSuiteExecutor.accessTestSuiteMainPhase(TestSuiteExecutor.java:144)
	at com.kms.katalon.core.main.TestSuiteExecutor.execute(TestSuiteExecutor.java:106)
	at com.kms.katalon.core.main.TestCaseMain.startTestSuite(TestCaseMain.java:185)
	at com.kms.katalon.core.main.TestCaseMain$startTestSuite$0.call(Unknown Source)
	at TempTestSuite1705923140048.run(TempTestSuite1705923140048.groovy:36)
)
[[ATTACHMENT|C:\\Users\\Fadli\\git\\KatalonDailyGetData2\\Reports\\20240122_174123\\TS1\\20240122_183220\\1705923244307.png]]

2024-01-22 18:34:04 - [TEST_STEP][PASSED] - else: null

2024-01-22 18:34:04 - [TEST_STEP][PASSED] - strSeller2 = getText(findTestObject("Stockbit/Bandarmology_Seller2")): Text of object 'Object Repository/Stockbit/Bandarmology_Seller2' is: 'LG'

2024-01-22 18:34:04 - [MESSAGE][PASSED] - Text of object 'Object Repository/Stockbit/Bandarmology_Seller2' is: 'LG'

2024-01-22 18:34:04 - [TEST_STEP][PASSED] - strSellerVol2 = getText(findTestObject("Stockbit/Bandarmology_SellerVol2")): Text of object 'Object Repository/Stockbit/Bandarmology_SellerVol2' is: '144.8 K'

2024-01-22 18:34:04 - [MESSAGE][PASSED] - Text of object 'Object Repository/Stockbit/Bandarmology_SellerVol2' is: '144.8 K'

2024-01-22 18:34:04 - [TEST_STEP][PASSED] - strSellerAvg2 = getText(findTestObject("Stockbit/Bandarmology_SellerAvg2")): Text of object 'Object Repository/Stockbit/Bandarmology_SellerAvg2' is: '93'

2024-01-22 18:34:05 - [MESSAGE][PASSED] - Text of object 'Object Repository/Stockbit/Bandarmology_SellerAvg2' is: '93'

2024-01-22 18:34:05 - [TEST_STEP][PASSED] - if (strSeller2 != ""): null

2024-01-22 18:34:05 - [TEST_STEP][PASSED] - if (strSellerAvg2.contains(",")): null

2024-01-22 18:34:05 - [TEST_STEP][PASSED] - if (strSellerVol2.contains(" B")): null

2024-01-22 18:34:05 - [TEST_STEP][PASSED] - else if (strSellerVol2.contains(" M")): null

2024-01-22 18:34:05 - [TEST_STEP][PASSED] - else if (strSellerVol2.contains(" K")): null

2024-01-22 18:34:05 - [TEST_STEP][PASSED] - strSellerVol2 = strSellerVol2.replace(" K", ""): null

2024-01-22 18:34:05 - [TEST_STEP][PASSED] - strSellerVol2 = strSellerVol2.toDouble() * 1000: null

2024-01-22 18:34:05 - [TEST_STEP][PASSED] - if (verifyElementNotPresent(findTestObject("Stockbit/Bandarmology_Buyer3"), 1, OPTIONAL)): Web element with id: 'Object Repository/Stockbit/Bandarmology_Buyer3' located by 'By.xpath: //*[contains(@id, 'rc-tabs-')]/div[2]/div/div/div/div/div/div[2]/table/tbody/tr[4]/td[1]/p' is present after '1' second(s) (Root cause: com.kms.katalon.core.exception.StepFailedException: Web element with id: 'Object Repository/Stockbit/Bandarmology_Buyer3' located by 'By.xpath: //*[contains(@id, 'rc-tabs-')]/div[2]/div/div/div/div/div/div[2]/table/tbody/tr[4]/td[1]/p' is present after '1' second(s)
	at com.kms.katalon.core.webui.keyword.internal.WebUIKeywordMain.stepFailed(WebUIKeywordMain.groovy:64)
	at com.kms.katalon.core.webui.keyword.internal.WebUIKeywordMain$stepFailed$0.call(Unknown Source)
	at com.kms.katalon.core.webui.keyword.builtin.VerifyElementNotPresentKeyword$_verifyElementNotPresent_closure1.doCall(VerifyElementNotPresentKeyword.groovy:106)
	at com.kms.katalon.core.webui.keyword.builtin.VerifyElementNotPresentKeyword$_verifyElementNotPresent_closure1.doCall(VerifyElementNotPresentKeyword.groovy)
	at com.kms.katalon.core.webui.keyword.internal.WebUIKeywordMain.runKeyword(WebUIKeywordMain.groovy:20)
	at com.kms.katalon.core.webui.keyword.internal.WebUIKeywordMain$runKeyword.call(Unknown Source)
	at com.kms.katalon.core.webui.keyword.builtin.VerifyElementNotPresentKeyword.verifyElementNotPresent(VerifyElementNotPresentKeyword.groovy:117)
	at com.kms.katalon.core.webui.keyword.builtin.VerifyElementNotPresentKeyword.execute(VerifyElementNotPresentKeyword.groovy:68)
	at com.kms.katalon.core.keyword.internal.KeywordExecutor.executeKeywordForPlatform(KeywordExecutor.groovy:74)
	at com.kms.katalon.core.webui.keyword.WebUiBuiltInKeywords.verifyElementNotPresent(WebUiBuiltInKeywords.groovy:1481)
	at com.kms.katalon.core.webui.keyword.WebUiBuiltInKeywords$verifyElementNotPresent$8.call(Unknown Source)
	at GetBrokSumPriceDaily.run(GetBrokSumPriceDaily:361)
	at com.kms.katalon.core.main.ScriptEngine.run(ScriptEngine.java:194)
	at com.kms.katalon.core.main.ScriptEngine.runScriptAsRawText(ScriptEngine.java:119)
	at com.kms.katalon.core.main.TestCaseExecutor.runScript(TestCaseExecutor.java:445)
	at com.kms.katalon.core.main.TestCaseExecutor.doExecute(TestCaseExecutor.java:436)
	at com.kms.katalon.core.main.TestCaseExecutor.processExecutionPhase(TestCaseExecutor.java:415)
	at com.kms.katalon.core.main.TestCaseExecutor.accessMainPhase(TestCaseExecutor.java:407)
	at com.kms.katalon.core.main.TestCaseExecutor.execute(TestCaseExecutor.java:284)
	at com.kms.katalon.core.common.CommonExecutor.accessTestCaseMainPhase(CommonExecutor.java:65)
	at com.kms.katalon.core.main.TestSuiteExecutor.accessTestSuiteMainPhase(TestSuiteExecutor.java:144)
	at com.kms.katalon.core.main.TestSuiteExecutor.execute(TestSuiteExecutor.java:106)
	at com.kms.katalon.core.main.TestCaseMain.startTestSuite(TestCaseMain.java:185)
	at com.kms.katalon.core.main.TestCaseMain$startTestSuite$0.call(Unknown Source)
	at TempTestSuite1705923140048.run(TempTestSuite1705923140048.groovy:36)
)

2024-01-22 18:34:06 - [MESSAGE][WARNING] - Web element with id: 'Object Repository/Stockbit/Bandarmology_Buyer3' located by 'By.xpath: //*[contains(@id, 'rc-tabs-')]/div[2]/div/div/div/div/div/div[2]/table/tbody/tr[4]/td[1]/p' is present after '1' second(s) (Root cause: com.kms.katalon.core.exception.StepFailedException: Web element with id: 'Object Repository/Stockbit/Bandarmology_Buyer3' located by 'By.xpath: //*[contains(@id, 'rc-tabs-')]/div[2]/div/div/div/div/div/div[2]/table/tbody/tr[4]/td[1]/p' is present after '1' second(s)
	at com.kms.katalon.core.webui.keyword.internal.WebUIKeywordMain.stepFailed(WebUIKeywordMain.groovy:64)
	at com.kms.katalon.core.webui.keyword.internal.WebUIKeywordMain$stepFailed$0.call(Unknown Source)
	at com.kms.katalon.core.webui.keyword.builtin.VerifyElementNotPresentKeyword$_verifyElementNotPresent_closure1.doCall(VerifyElementNotPresentKeyword.groovy:106)
	at com.kms.katalon.core.webui.keyword.builtin.VerifyElementNotPresentKeyword$_verifyElementNotPresent_closure1.doCall(VerifyElementNotPresentKeyword.groovy)
	at com.kms.katalon.core.webui.keyword.internal.WebUIKeywordMain.runKeyword(WebUIKeywordMain.groovy:20)
	at com.kms.katalon.core.webui.keyword.internal.WebUIKeywordMain$runKeyword.call(Unknown Source)
	at com.kms.katalon.core.webui.keyword.builtin.VerifyElementNotPresentKeyword.verifyElementNotPresent(VerifyElementNotPresentKeyword.groovy:117)
	at com.kms.katalon.core.webui.keyword.builtin.VerifyElementNotPresentKeyword.execute(VerifyElementNotPresentKeyword.groovy:68)
	at com.kms.katalon.core.keyword.internal.KeywordExecutor.executeKeywordForPlatform(KeywordExecutor.groovy:74)
	at com.kms.katalon.core.webui.keyword.WebUiBuiltInKeywords.verifyElementNotPresent(WebUiBuiltInKeywords.groovy:1481)
	at com.kms.katalon.core.webui.keyword.WebUiBuiltInKeywords$verifyElementNotPresent$8.call(Unknown Source)
	at GetBrokSumPriceDaily.run(GetBrokSumPriceDaily:361)
	at com.kms.katalon.core.main.ScriptEngine.run(ScriptEngine.java:194)
	at com.kms.katalon.core.main.ScriptEngine.runScriptAsRawText(ScriptEngine.java:119)
	at com.kms.katalon.core.main.TestCaseExecutor.runScript(TestCaseExecutor.java:445)
	at com.kms.katalon.core.main.TestCaseExecutor.doExecute(TestCaseExecutor.java:436)
	at com.kms.katalon.core.main.TestCaseExecutor.processExecutionPhase(TestCaseExecutor.java:415)
	at com.kms.katalon.core.main.TestCaseExecutor.accessMainPhase(TestCaseExecutor.java:407)
	at com.kms.katalon.core.main.TestCaseExecutor.execute(TestCaseExecutor.java:284)
	at com.kms.katalon.core.common.CommonExecutor.accessTestCaseMainPhase(CommonExecutor.java:65)
	at com.kms.katalon.core.main.TestSuiteExecutor.accessTestSuiteMainPhase(TestSuiteExecutor.java:144)
	at com.kms.katalon.core.main.TestSuiteExecutor.execute(TestSuiteExecutor.java:106)
	at com.kms.katalon.core.main.TestCaseMain.startTestSuite(TestCaseMain.java:185)
	at com.kms.katalon.core.main.TestCaseMain$startTestSuite$0.call(Unknown Source)
	at TempTestSuite1705923140048.run(TempTestSuite1705923140048.groovy:36)
)
[[ATTACHMENT|C:\\Users\\Fadli\\git\\KatalonDailyGetData2\\Reports\\20240122_174123\\TS1\\20240122_183220\\1705923246355.png]]

2024-01-22 18:34:06 - [TEST_STEP][PASSED] - else: null

2024-01-22 18:34:06 - [TEST_STEP][PASSED] - strBuyer3 = getText(findTestObject("Stockbit/Bandarmology_Buyer3")): Text of object 'Object Repository/Stockbit/Bandarmology_Buyer3' is: 'AZ'

2024-01-22 18:34:06 - [MESSAGE][PASSED] - Text of object 'Object Repository/Stockbit/Bandarmology_Buyer3' is: 'AZ'

2024-01-22 18:34:06 - [TEST_STEP][PASSED] - strBuyerVol3 = getText(findTestObject("Stockbit/Bandarmology_BuyerVol3")): Text of object 'Object Repository/Stockbit/Bandarmology_BuyerVol3' is: '110.8 K'

2024-01-22 18:34:06 - [MESSAGE][PASSED] - Text of object 'Object Repository/Stockbit/Bandarmology_BuyerVol3' is: '110.8 K'

2024-01-22 18:34:06 - [TEST_STEP][PASSED] - strBuyerAvg3 = getText(findTestObject("Stockbit/Bandarmology_BuyerAvg3")): Text of object 'Object Repository/Stockbit/Bandarmology_BuyerAvg3' is: '93'

2024-01-22 18:34:07 - [MESSAGE][PASSED] - Text of object 'Object Repository/Stockbit/Bandarmology_BuyerAvg3' is: '93'

2024-01-22 18:34:07 - [TEST_STEP][PASSED] - if (strBuyer3 != ""): null

2024-01-22 18:34:07 - [TEST_STEP][PASSED] - if (strBuyerAvg3.contains(",")): null

2024-01-22 18:34:07 - [TEST_STEP][PASSED] - if (strBuyerVol3.contains(" B")): null

2024-01-22 18:34:07 - [TEST_STEP][PASSED] - else if (strBuyerVol3.contains(" M")): null

2024-01-22 18:34:07 - [TEST_STEP][PASSED] - else if (strBuyerVol3.contains(" K")): null

2024-01-22 18:34:07 - [TEST_STEP][PASSED] - strBuyerVol3 = strBuyerVol3.replace(" K", ""): null

2024-01-22 18:34:07 - [TEST_STEP][PASSED] - strBuyerVol3 = strBuyerVol3.toDouble() * 1000: null

2024-01-22 18:34:07 - [TEST_STEP][PASSED] - if (verifyElementNotPresent(findTestObject("Stockbit/Bandarmology_Seller3"), 1, OPTIONAL)): Web element with id: 'Object Repository/Stockbit/Bandarmology_Seller3' located by 'By.xpath: //*[contains(@id, 'rc-tabs-')]/div[2]/div/div/div/div/div/div[2]/table/tbody/tr[4]/td[5]/p' is present after '1' second(s) (Root cause: com.kms.katalon.core.exception.StepFailedException: Web element with id: 'Object Repository/Stockbit/Bandarmology_Seller3' located by 'By.xpath: //*[contains(@id, 'rc-tabs-')]/div[2]/div/div/div/div/div/div[2]/table/tbody/tr[4]/td[5]/p' is present after '1' second(s)
	at com.kms.katalon.core.webui.keyword.internal.WebUIKeywordMain.stepFailed(WebUIKeywordMain.groovy:64)
	at com.kms.katalon.core.webui.keyword.internal.WebUIKeywordMain$stepFailed$0.call(Unknown Source)
	at com.kms.katalon.core.webui.keyword.builtin.VerifyElementNotPresentKeyword$_verifyElementNotPresent_closure1.doCall(VerifyElementNotPresentKeyword.groovy:106)
	at com.kms.katalon.core.webui.keyword.builtin.VerifyElementNotPresentKeyword$_verifyElementNotPresent_closure1.doCall(VerifyElementNotPresentKeyword.groovy)
	at com.kms.katalon.core.webui.keyword.internal.WebUIKeywordMain.runKeyword(WebUIKeywordMain.groovy:20)
	at com.kms.katalon.core.webui.keyword.internal.WebUIKeywordMain$runKeyword.call(Unknown Source)
	at com.kms.katalon.core.webui.keyword.builtin.VerifyElementNotPresentKeyword.verifyElementNotPresent(VerifyElementNotPresentKeyword.groovy:117)
	at com.kms.katalon.core.webui.keyword.builtin.VerifyElementNotPresentKeyword.execute(VerifyElementNotPresentKeyword.groovy:68)
	at com.kms.katalon.core.keyword.internal.KeywordExecutor.executeKeywordForPlatform(KeywordExecutor.groovy:74)
	at com.kms.katalon.core.webui.keyword.WebUiBuiltInKeywords.verifyElementNotPresent(WebUiBuiltInKeywords.groovy:1481)
	at com.kms.katalon.core.webui.keyword.WebUiBuiltInKeywords$verifyElementNotPresent$8.call(Unknown Source)
	at GetBrokSumPriceDaily.run(GetBrokSumPriceDaily:414)
	at com.kms.katalon.core.main.ScriptEngine.run(ScriptEngine.java:194)
	at com.kms.katalon.core.main.ScriptEngine.runScriptAsRawText(ScriptEngine.java:119)
	at com.kms.katalon.core.main.TestCaseExecutor.runScript(TestCaseExecutor.java:445)
	at com.kms.katalon.core.main.TestCaseExecutor.doExecute(TestCaseExecutor.java:436)
	at com.kms.katalon.core.main.TestCaseExecutor.processExecutionPhase(TestCaseExecutor.java:415)
	at com.kms.katalon.core.main.TestCaseExecutor.accessMainPhase(TestCaseExecutor.java:407)
	at com.kms.katalon.core.main.TestCaseExecutor.execute(TestCaseExecutor.java:284)
	at com.kms.katalon.core.common.CommonExecutor.accessTestCaseMainPhase(CommonExecutor.java:65)
	at com.kms.katalon.core.main.TestSuiteExecutor.accessTestSuiteMainPhase(TestSuiteExecutor.java:144)
	at com.kms.katalon.core.main.TestSuiteExecutor.execute(TestSuiteExecutor.java:106)
	at com.kms.katalon.core.main.TestCaseMain.startTestSuite(TestCaseMain.java:185)
	at com.kms.katalon.core.main.TestCaseMain$startTestSuite$0.call(Unknown Source)
	at TempTestSuite1705923140048.run(TempTestSuite1705923140048.groovy:36)
)

2024-01-22 18:34:08 - [MESSAGE][WARNING] - Web element with id: 'Object Repository/Stockbit/Bandarmology_Seller3' located by 'By.xpath: //*[contains(@id, 'rc-tabs-')]/div[2]/div/div/div/div/div/div[2]/table/tbody/tr[4]/td[5]/p' is present after '1' second(s) (Root cause: com.kms.katalon.core.exception.StepFailedException: Web element with id: 'Object Repository/Stockbit/Bandarmology_Seller3' located by 'By.xpath: //*[contains(@id, 'rc-tabs-')]/div[2]/div/div/div/div/div/div[2]/table/tbody/tr[4]/td[5]/p' is present after '1' second(s)
	at com.kms.katalon.core.webui.keyword.internal.WebUIKeywordMain.stepFailed(WebUIKeywordMain.groovy:64)
	at com.kms.katalon.core.webui.keyword.internal.WebUIKeywordMain$stepFailed$0.call(Unknown Source)
	at com.kms.katalon.core.webui.keyword.builtin.VerifyElementNotPresentKeyword$_verifyElementNotPresent_closure1.doCall(VerifyElementNotPresentKeyword.groovy:106)
	at com.kms.katalon.core.webui.keyword.builtin.VerifyElementNotPresentKeyword$_verifyElementNotPresent_closure1.doCall(VerifyElementNotPresentKeyword.groovy)
	at com.kms.katalon.core.webui.keyword.internal.WebUIKeywordMain.runKeyword(WebUIKeywordMain.groovy:20)
	at com.kms.katalon.core.webui.keyword.internal.WebUIKeywordMain$runKeyword.call(Unknown Source)
	at com.kms.katalon.core.webui.keyword.builtin.VerifyElementNotPresentKeyword.verifyElementNotPresent(VerifyElementNotPresentKeyword.groovy:117)
	at com.kms.katalon.core.webui.keyword.builtin.VerifyElementNotPresentKeyword.execute(VerifyElementNotPresentKeyword.groovy:68)
	at com.kms.katalon.core.keyword.internal.KeywordExecutor.executeKeywordForPlatform(KeywordExecutor.groovy:74)
	at com.kms.katalon.core.webui.keyword.WebUiBuiltInKeywords.verifyElementNotPresent(WebUiBuiltInKeywords.groovy:1481)
	at com.kms.katalon.core.webui.keyword.WebUiBuiltInKeywords$verifyElementNotPresent$8.call(Unknown Source)
	at GetBrokSumPriceDaily.run(GetBrokSumPriceDaily:414)
	at com.kms.katalon.core.main.ScriptEngine.run(ScriptEngine.java:194)
	at com.kms.katalon.core.main.ScriptEngine.runScriptAsRawText(ScriptEngine.java:119)
	at com.kms.katalon.core.main.TestCaseExecutor.runScript(TestCaseExecutor.java:445)
	at com.kms.katalon.core.main.TestCaseExecutor.doExecute(TestCaseExecutor.java:436)
	at com.kms.katalon.core.main.TestCaseExecutor.processExecutionPhase(TestCaseExecutor.java:415)
	at com.kms.katalon.core.main.TestCaseExecutor.accessMainPhase(TestCaseExecutor.java:407)
	at com.kms.katalon.core.main.TestCaseExecutor.execute(TestCaseExecutor.java:284)
	at com.kms.katalon.core.common.CommonExecutor.accessTestCaseMainPhase(CommonExecutor.java:65)
	at com.kms.katalon.core.main.TestSuiteExecutor.accessTestSuiteMainPhase(TestSuiteExecutor.java:144)
	at com.kms.katalon.core.main.TestSuiteExecutor.execute(TestSuiteExecutor.java:106)
	at com.kms.katalon.core.main.TestCaseMain.startTestSuite(TestCaseMain.java:185)
	at com.kms.katalon.core.main.TestCaseMain$startTestSuite$0.call(Unknown Source)
	at TempTestSuite1705923140048.run(TempTestSuite1705923140048.groovy:36)
)
[[ATTACHMENT|C:\\Users\\Fadli\\git\\KatalonDailyGetData2\\Reports\\20240122_174123\\TS1\\20240122_183220\\1705923248358.png]]

2024-01-22 18:34:08 - [TEST_STEP][PASSED] - else: null

2024-01-22 18:34:08 - [TEST_STEP][PASSED] - strSeller3 = getText(findTestObject("Stockbit/Bandarmology_Seller3")): Text of object 'Object Repository/Stockbit/Bandarmology_Seller3' is: 'BQ'

2024-01-22 18:34:08 - [MESSAGE][PASSED] - Text of object 'Object Repository/Stockbit/Bandarmology_Seller3' is: 'BQ'

2024-01-22 18:34:08 - [TEST_STEP][PASSED] - strSellerVol3 = getText(findTestObject("Stockbit/Bandarmology_SellerVol3")): Text of object 'Object Repository/Stockbit/Bandarmology_SellerVol3' is: '95 K'

2024-01-22 18:34:08 - [MESSAGE][PASSED] - Text of object 'Object Repository/Stockbit/Bandarmology_SellerVol3' is: '95 K'

2024-01-22 18:34:08 - [TEST_STEP][PASSED] - strSellerAvg3 = getText(findTestObject("Stockbit/Bandarmology_SellerAvg3")): Text of object 'Object Repository/Stockbit/Bandarmology_SellerAvg3' is: '94'

2024-01-22 18:34:09 - [MESSAGE][PASSED] - Text of object 'Object Repository/Stockbit/Bandarmology_SellerAvg3' is: '94'

2024-01-22 18:34:09 - [TEST_STEP][PASSED] - if (strSeller3 != ""): null

2024-01-22 18:34:09 - [TEST_STEP][PASSED] - if (strSellerAvg3.contains(",")): null

2024-01-22 18:34:09 - [TEST_STEP][PASSED] - if (strSellerVol3.contains(" B")): null

2024-01-22 18:34:09 - [TEST_STEP][PASSED] - else if (strSellerVol3.contains(" M")): null

2024-01-22 18:34:09 - [TEST_STEP][PASSED] - else if (strSellerVol3.contains(" K")): null

2024-01-22 18:34:09 - [TEST_STEP][PASSED] - strSellerVol3 = strSellerVol3.replace(" K", ""): null

2024-01-22 18:34:09 - [TEST_STEP][PASSED] - strSellerVol3 = strSellerVol3.toDouble() * 1000: null

2024-01-22 18:34:09 - [TEST_STEP][PASSED] - strAccDist = getText(findTestObject("Stockbit/Bandarmology_AccDist")): Text of object 'Object Repository/Stockbit/Bandarmology_AccDist' is: 'Dist'

2024-01-22 18:34:09 - [MESSAGE][PASSED] - Text of object 'Object Repository/Stockbit/Bandarmology_AccDist' is: 'Dist'

2024-01-22 18:34:09 - [TEST_STEP][PASSED] - strNetVol = getText(findTestObject("Stockbit/Bandarmology_NetVol")): Text of object 'Object Repository/Stockbit/Bandarmology_NetVol' is: '937,003'

2024-01-22 18:34:09 - [MESSAGE][PASSED] - Text of object 'Object Repository/Stockbit/Bandarmology_NetVol' is: '937,003'

2024-01-22 18:34:09 - [TEST_STEP][PASSED] - strNetVol = strNetVol.replace(",", ""): null

2024-01-22 18:34:09 - [TEST_STEP][PASSED] - strNetVal = getText(findTestObject("Stockbit/Bandarmology_NetVal")): Text of object 'Object Repository/Stockbit/Bandarmology_NetVal' is: '8.7 B'

2024-01-22 18:34:09 - [MESSAGE][PASSED] - Text of object 'Object Repository/Stockbit/Bandarmology_NetVal' is: '8.7 B'

2024-01-22 18:34:09 - [TEST_STEP][PASSED] - delay(3): Delayed 3 second(s)

2024-01-22 18:34:12 - [MESSAGE][PASSED] - Delayed 3 second(s)

2024-01-22 18:34:12 - [TEST_STEP][PASSED] - strOpenPrice = getText(findTestObject("Stockbit/Home_OpenPrice")): Text of object 'Object Repository/Stockbit/Home_OpenPrice' is: '95'

2024-01-22 18:34:12 - [MESSAGE][PASSED] - Text of object 'Object Repository/Stockbit/Home_OpenPrice' is: '95'

2024-01-22 18:34:12 - [TEST_STEP][PASSED] - strOpenPrice = strOpenPrice.replace(",", ""): null

2024-01-22 18:34:12 - [TEST_STEP][PASSED] - strLowPrice = getText(findTestObject("Stockbit/Home_LowPrice")): Text of object 'Object Repository/Stockbit/Home_LowPrice' is: '92'

2024-01-22 18:34:13 - [MESSAGE][PASSED] - Text of object 'Object Repository/Stockbit/Home_LowPrice' is: '92'

2024-01-22 18:34:13 - [TEST_STEP][PASSED] - strLowPrice = strLowPrice.replace(",", ""): null

2024-01-22 18:34:13 - [TEST_STEP][PASSED] - strHighPrice = getText(findTestObject("Stockbit/Home_HighPrice")): Text of object 'Object Repository/Stockbit/Home_HighPrice' is: '95'

2024-01-22 18:34:13 - [MESSAGE][PASSED] - Text of object 'Object Repository/Stockbit/Home_HighPrice' is: '95'

2024-01-22 18:34:13 - [TEST_STEP][PASSED] - strHighPrice = strHighPrice.replace(",", ""): null

2024-01-22 18:34:13 - [TEST_STEP][PASSED] - strClosePrice = getText(findTestObject("Stockbit/Home_ClosePrice")): Text of object 'Object Repository/Stockbit/Home_ClosePrice' is: '92'

2024-01-22 18:34:13 - [MESSAGE][PASSED] - Text of object 'Object Repository/Stockbit/Home_ClosePrice' is: '92'

2024-01-22 18:34:13 - [TEST_STEP][PASSED] - strClosePrice = strClosePrice.replace(",", ""): null

2024-01-22 18:34:13 - [TEST_STEP][PASSED] - strVol = getText(findTestObject("Stockbit/Home_Volume")): Text of object 'Object Repository/Stockbit/Home_Volume' is: '1,803 K'

2024-01-22 18:34:13 - [MESSAGE][PASSED] - Text of object 'Object Repository/Stockbit/Home_Volume' is: '1,803 K'

2024-01-22 18:34:13 - [TEST_STEP][PASSED] - if (strVol.contains(" K")): null

2024-01-22 18:34:13 - [TEST_STEP][PASSED] - strVol = strVol.replace(" K", "000"): null

2024-01-22 18:34:13 - [TEST_STEP][PASSED] - if (strVol.contains(",")): null

2024-01-22 18:34:13 - [TEST_STEP][PASSED] - strVol = strVol.replace(",", ""): null

2024-01-22 18:34:13 - [TEST_STEP][PASSED] - strChange = getText(findTestObject("Stockbit/Home_Change")): Text of object 'Object Repository/Stockbit/Home_Change' is: '-2.13%'

2024-01-22 18:34:13 - [MESSAGE][PASSED] - Text of object 'Object Repository/Stockbit/Home_Change' is: '-2.13%'

2024-01-22 18:34:13 - [TEST_STEP][PASSED] - strChange = strChange.replace("%", ""): null

2024-01-22 18:34:13 - [TEST_STEP][PASSED] - strFreq = getText(findTestObject("Stockbit/Home_Freq")): Text of object 'Object Repository/Stockbit/Home_Freq' is: '2,628'

2024-01-22 18:34:13 - [MESSAGE][PASSED] - Text of object 'Object Repository/Stockbit/Home_Freq' is: '2,628'

2024-01-22 18:34:13 - [TEST_STEP][PASSED] - if (strFreq.contains(",")): null

2024-01-22 18:34:13 - [TEST_STEP][PASSED] - strFreq = strFreq.replace(",", ""): null

2024-01-22 18:34:13 - [TEST_STEP][PASSED] - if (strFreq == "NA" || strFreq == ""): null

2024-01-22 18:34:13 - [TEST_STEP][PASSED] - else: null

2024-01-22 18:34:13 - [TEST_STEP][PASSED] - dblFreqAnal = strVol.toDouble() / strFreq.toDouble() * strFreq.toDouble() * strFreq.toDouble() * 100000000: null

2024-01-22 18:34:13 - [TEST_STEP][PASSED] - strFreqAnal = String.format("%.4f", dblFreqAnal): null

2024-01-22 18:34:13 - [TEST_STEP][PASSED] - out.println("Double strFreqAnal: " + strFreqAnal): null

2024-01-22 18:34:13 - [TEST_STEP][PASSED] - strTanggal = d.format(DateTimeFormatter.ofPattern("yyyy-MM-dd")): null

2024-01-22 18:34:13 - [TEST_STEP][PASSED] - strTanggal = "#" + strTanggal + "#": null

2024-01-22 18:34:13 - [TEST_STEP][PASSED] - strSQL = "select count(*) as JumBaris from TblBrokSum where Nama = '" + strNama + "' and Tanggal = " + strTanggal + "": null

2024-01-22 18:34:13 - [TEST_STEP][PASSED] - resultSet = statement.executeQuery(strSQL): null

2024-01-22 18:34:13 - [TEST_STEP][PASSED] - resultSet.next(): null

2024-01-22 18:34:13 - [TEST_STEP][PASSED] - intJumBaris = resultSet.getInt("JumBaris"): null

2024-01-22 18:34:13 - [TEST_STEP][PASSED] - if (intJumBaris > 0): null

2024-01-22 18:34:13 - [TEST_STEP][PASSED] - else: null

2024-01-22 18:34:13 - [TEST_STEP][PASSED] - try: null

2024-01-22 18:34:13 - [TEST_STEP][PASSED] - out.println("Insert data"): null

2024-01-22 18:34:13 - [TEST_STEP][PASSED] - strSQL = "insert into TblBrokSum (nama, tanggal, top1, top2, top3, AllBrokAvg, AccDist, AvgRP, " + "Buyer1, BuyerVal1, BuyerAvg1, Seller1, SellerVal1, SellerAvg1, Buyer2, BuyerVal2, BuyerAvg2, " + "Seller2, SellerVal2, SellerAvg2, Buyer3, BuyerVal3, BuyerAvg3, Seller3, SellerVal3, SellerAvg3, NetVol, NetVal, " + "OpenPrice, LowPrice, HighPrice, ClosePrice, Volume, Change, Frekuensi, FrekAnal) " + "values ('" + strNama + "', " + strTanggal + ", '" + strTop1 + "', '" + strTop3 + "', '" + strTop5 + "', " + "'" + strAllBrokAvg + "', '" + strAccDist + "', " + intAvgRP + ", '" + strBuyer1 + "', '" + strBuyerVol1 + "', " + strBuyerAvg1 + ", " + "'" + strSeller1 + "', '" + strSellerVol1 + "', " + strSellerAvg1 + ", '" + strBuyer2 + "', '" + strBuyerVol2 + "', " + strBuyerAvg2 + ", " + "'" + strSeller2 + "', '" + strSellerVol2 + "', " + strSellerAvg2 + ", '" + strBuyer3 + "', '" + strBuyerVol3 + "', " + strBuyerAvg3 + ", " + "'" + strSeller3 + "', '" + strSellerVol3 + "', " + strSellerAvg3 + ", " + strNetVol + ", '" + strNetVal + "', " + "" + strOpenPrice + ", " + strLowPrice + ", " + strHighPrice + ", " + strClosePrice + ", '" + strVol + "', " + strChange + ", " + strFreq + ", " + strFreqAnal + ");": null

2024-01-22 18:34:13 - [TEST_STEP][PASSED] - out.println("strSQL = " + strSQL): null

2024-01-22 18:34:13 - [TEST_STEP][PASSED] - statement.executeUpdate(strSQL): null

2024-01-22 18:34:13 - [TEST_STEP][PASSED] - setValueToCellByIndex(sheet01, rowIndex, 4, "DONE"): null

2024-01-22 18:34:13 - [TEST_STEP][PASSED] - saveWorkbook(excelFilePath, workbook01): null

2024-01-22 18:34:14 - [TEST_STEP][PASSED] - waitForElementClickable(findTestObject("Stockbit/menu_Bandarmology"), 10): Object 'Object Repository/Stockbit/menu_Bandarmology' is clickable

2024-01-22 18:34:14 - [MESSAGE][PASSED] - Object 'Object Repository/Stockbit/menu_Bandarmology' is clickable

2024-01-22 18:34:14 - [TEST_STEP][PASSED] - click(findTestObject("Stockbit/menu_Bandarmology")): Object: 'Object Repository/Stockbit/menu_Bandarmology' is clicked on

2024-01-22 18:34:14 - [MESSAGE][PASSED] - Object: 'Object Repository/Stockbit/menu_Bandarmology' is clicked on

2024-01-22 18:34:14 - [TEST_STEP][PASSED] - strTemp = "NA": null

2024-01-22 18:34:14 - [TEST_STEP][PASSED] - if (getCellValueByIndex(sheet01, rowIndex, 4) != "DONE"): Object: 'Object Repository/Stockbit/menu_Bandarmology' is clicked on

2024-01-22 18:34:14 - [TEST_STEP][PASSED] - strNama = getCellValueByIndex(sheet01, rowIndex, 0): null

2024-01-22 18:34:14 - [TEST_STEP][PASSED] - navigateToUrl("https://stockbit.com/#/symbol/" + strNama): Navigate to 'https://stockbit.com/#/symbol/SIDO' successfully

2024-01-22 18:34:17 - [MESSAGE][PASSED] - Navigate to 'https://stockbit.com/#/symbol/SIDO' successfully

2024-01-22 18:34:17 - [TEST_STEP][PASSED] - waitForElementClickable(findTestObject("Stockbit/menu_Bandarmology"), 10): Object 'Object Repository/Stockbit/menu_Bandarmology' is clickable

2024-01-22 18:34:17 - [MESSAGE][PASSED] - Object 'Object Repository/Stockbit/menu_Bandarmology' is clickable

2024-01-22 18:34:17 - [TEST_STEP][PASSED] - click(findTestObject("Stockbit/menu_Bandarmology")): Object: 'Object Repository/Stockbit/menu_Bandarmology' is clicked on

2024-01-22 18:34:18 - [MESSAGE][PASSED] - Object: 'Object Repository/Stockbit/menu_Bandarmology' is clicked on

2024-01-22 18:34:18 - [TEST_STEP][PASSED] - strTanggal = d.format(DateTimeFormatter.ofPattern("MMM dd, yyyy")): null

2024-01-22 18:34:18 - [TEST_STEP][PASSED] - strTanggal = d.format(ISO_DATE): null

2024-01-22 18:34:18 - [TEST_STEP][PASSED] - out.println("strTanggal = " + strTanggal): null

2024-01-22 18:34:18 - [TEST_STEP][PASSED] - out.println("strNama = " + strNama): null

2024-01-22 18:34:18 - [TEST_STEP][PASSED] - out.println("Baris ke = " + rowIndex): null

2024-01-22 18:34:18 - [TEST_STEP][PASSED] - click(findTestObject("Stockbit/input__BandarmologyOpenStartDate")): Object: 'Object Repository/Stockbit/input__BandarmologyOpenStartDate' is clicked on

2024-01-22 18:34:19 - [MESSAGE][PASSED] - Object: 'Object Repository/Stockbit/input__BandarmologyOpenStartDate' is clicked on

2024-01-22 18:34:19 - [TEST_STEP][PASSED] - sendKeys(findTestObject("Stockbit/input__BandarmologyOpenStartDate"), Keys.chord(CONTROL, "a")): Keys 'CONTROL + a' sent to object: 'Object Repository/Stockbit/input__BandarmologyOpenStartDate'

2024-01-22 18:34:19 - [MESSAGE][PASSED] - Keys 'CONTROL + a' sent to object: 'Object Repository/Stockbit/input__BandarmologyOpenStartDate'

2024-01-22 18:34:19 - [TEST_STEP][PASSED] - sendKeys(findTestObject("Stockbit/input__BandarmologyOpenStartDate"), Keys.chord(BACK_SPACE)): Keys 'BACK_SPACE + ' sent to object: 'Object Repository/Stockbit/input__BandarmologyOpenStartDate'

2024-01-22 18:34:20 - [MESSAGE][PASSED] - Keys 'BACK_SPACE + ' sent to object: 'Object Repository/Stockbit/input__BandarmologyOpenStartDate'

2024-01-22 18:34:20 - [TEST_STEP][PASSED] - setText(findTestObject("Stockbit/input__BandarmologyOpenStartDate"), strTanggal): Text '2024-01-22' is set on object 'Object Repository/Stockbit/input__BandarmologyOpenStartDate'

2024-01-22 18:34:21 - [MESSAGE][PASSED] - Text '2024-01-22' is set on object 'Object Repository/Stockbit/input__BandarmologyOpenStartDate'

2024-01-22 18:34:21 - [TEST_STEP][PASSED] - sendKeys(findTestObject("Stockbit/input__BandarmologyOpenStartDate"), Keys.chord(ENTER)): Keys 'ENTER + ' sent to object: 'Object Repository/Stockbit/input__BandarmologyOpenStartDate'

2024-01-22 18:34:21 - [MESSAGE][PASSED] - Keys 'ENTER + ' sent to object: 'Object Repository/Stockbit/input__BandarmologyOpenStartDate'

2024-01-22 18:34:21 - [TEST_STEP][PASSED] - click(findTestObject("Stockbit/input__BandarmologyOpenEndDate")): Object: 'Object Repository/Stockbit/input__BandarmologyOpenEndDate' is clicked on

2024-01-22 18:34:22 - [MESSAGE][PASSED] - Object: 'Object Repository/Stockbit/input__BandarmologyOpenEndDate' is clicked on

2024-01-22 18:34:22 - [TEST_STEP][PASSED] - sendKeys(findTestObject("Stockbit/input__BandarmologyOpenEndDate"), Keys.chord(CONTROL, "a")): Keys 'CONTROL + a' sent to object: 'Object Repository/Stockbit/input__BandarmologyOpenEndDate'

2024-01-22 18:34:22 - [MESSAGE][PASSED] - Keys 'CONTROL + a' sent to object: 'Object Repository/Stockbit/input__BandarmologyOpenEndDate'

2024-01-22 18:34:22 - [TEST_STEP][PASSED] - sendKeys(findTestObject("Stockbit/input__BandarmologyOpenEndDate"), Keys.chord(BACK_SPACE)): Keys 'BACK_SPACE + ' sent to object: 'Object Repository/Stockbit/input__BandarmologyOpenEndDate'

2024-01-22 18:34:23 - [MESSAGE][PASSED] - Keys 'BACK_SPACE + ' sent to object: 'Object Repository/Stockbit/input__BandarmologyOpenEndDate'

2024-01-22 18:34:23 - [TEST_STEP][PASSED] - setText(findTestObject("Stockbit/input__BandarmologyOpenEndDate"), strTanggal): Text '2024-01-22' is set on object 'Object Repository/Stockbit/input__BandarmologyOpenEndDate'

2024-01-22 18:34:24 - [MESSAGE][PASSED] - Text '2024-01-22' is set on object 'Object Repository/Stockbit/input__BandarmologyOpenEndDate'

2024-01-22 18:34:24 - [TEST_STEP][PASSED] - sendKeys(findTestObject("Stockbit/input__BandarmologyOpenEndDate"), Keys.chord(ENTER)): Keys 'ENTER + ' sent to object: 'Object Repository/Stockbit/input__BandarmologyOpenEndDate'

2024-01-22 18:34:24 - [MESSAGE][PASSED] - Keys 'ENTER + ' sent to object: 'Object Repository/Stockbit/input__BandarmologyOpenEndDate'

2024-01-22 18:34:24 - [TEST_STEP][PASSED] - delay(2): Delayed 2 second(s)

2024-01-22 18:34:26 - [MESSAGE][PASSED] - Delayed 2 second(s)

2024-01-22 18:34:26 - [TEST_STEP][PASSED] - strTemp = getText(findTestObject("Stockbit/Bandarmology_AvgRP")): Text of object 'Object Repository/Stockbit/Bandarmology_AvgRP' is: '518'

2024-01-22 18:34:26 - [MESSAGE][PASSED] - Text of object 'Object Repository/Stockbit/Bandarmology_AvgRP' is: '518'

2024-01-22 18:34:26 - [TEST_STEP][PASSED] - out.println("Bandarmology_AvgRP = " + strTemp): null

2024-01-22 18:34:26 - [TEST_STEP][PASSED] - if (strTemp != "0"): null

2024-01-22 18:34:26 - [TEST_STEP][PASSED] - strTop1 = getText(findTestObject("Stockbit/Bandarmology_Top1")): Text of object 'Object Repository/Stockbit/Bandarmology_Top1' is: 'Small Acc'

2024-01-22 18:34:26 - [MESSAGE][PASSED] - Text of object 'Object Repository/Stockbit/Bandarmology_Top1' is: 'Small Acc'

2024-01-22 18:34:26 - [TEST_STEP][PASSED] - strTop3 = getText(findTestObject("Stockbit/Bandarmology_Top3")): Text of object 'Object Repository/Stockbit/Bandarmology_Top3' is: 'Normal Dist'

2024-01-22 18:34:27 - [MESSAGE][PASSED] - Text of object 'Object Repository/Stockbit/Bandarmology_Top3' is: 'Normal Dist'

2024-01-22 18:34:27 - [TEST_STEP][PASSED] - strTop5 = getText(findTestObject("Stockbit/Bandarmology_Top5")): Text of object 'Object Repository/Stockbit/Bandarmology_Top5' is: 'Small Dist'

2024-01-22 18:34:27 - [MESSAGE][PASSED] - Text of object 'Object Repository/Stockbit/Bandarmology_Top5' is: 'Small Dist'

2024-01-22 18:34:27 - [TEST_STEP][PASSED] - strAllBrokAvg = getText(findTestObject("Stockbit/Bandarmology_TopAVG")): Text of object 'Object Repository/Stockbit/Bandarmology_TopAVG' is: 'Small Dist'

2024-01-22 18:34:27 - [MESSAGE][PASSED] - Text of object 'Object Repository/Stockbit/Bandarmology_TopAVG' is: 'Small Dist'

2024-01-22 18:34:27 - [TEST_STEP][PASSED] - strTemp = getText(findTestObject("Stockbit/Bandarmology_AvgRP")): Text of object 'Object Repository/Stockbit/Bandarmology_AvgRP' is: '518'

2024-01-22 18:34:27 - [MESSAGE][PASSED] - Text of object 'Object Repository/Stockbit/Bandarmology_AvgRP' is: '518'

2024-01-22 18:34:27 - [TEST_STEP][PASSED] - if (strTemp.contains(",")): null

2024-01-22 18:34:27 - [TEST_STEP][PASSED] - intAvgRP = strTemp.toInteger(): null

2024-01-22 18:34:27 - [TEST_STEP][PASSED] - strBuyer1 = getText(findTestObject("Stockbit/Bandarmology_Buyer1")): Text of object 'Object Repository/Stockbit/Bandarmology_Buyer1' is: 'RB'

2024-01-22 18:34:27 - [MESSAGE][PASSED] - Text of object 'Object Repository/Stockbit/Bandarmology_Buyer1' is: 'RB'

2024-01-22 18:34:27 - [TEST_STEP][PASSED] - strBuyerVol1 = getText(findTestObject("Stockbit/Bandarmology_BuyerVol1")): Text of object 'Object Repository/Stockbit/Bandarmology_BuyerVol1' is: '65.2 K'

2024-01-22 18:34:27 - [MESSAGE][PASSED] - Text of object 'Object Repository/Stockbit/Bandarmology_BuyerVol1' is: '65.2 K'

2024-01-22 18:34:27 - [TEST_STEP][PASSED] - strBuyerAvg1 = getText(findTestObject("Stockbit/Bandarmology_BuyerAvg1")): Text of object 'Object Repository/Stockbit/Bandarmology_BuyerAvg1' is: '520'

2024-01-22 18:34:28 - [MESSAGE][PASSED] - Text of object 'Object Repository/Stockbit/Bandarmology_BuyerAvg1' is: '520'

2024-01-22 18:34:28 - [TEST_STEP][PASSED] - if (strBuyerAvg1.contains(",")): null

2024-01-22 18:34:28 - [TEST_STEP][PASSED] - if (strBuyerVol1.contains(" B")): null

2024-01-22 18:34:28 - [TEST_STEP][PASSED] - else if (strBuyerVol1.contains(" M")): null

2024-01-22 18:34:28 - [TEST_STEP][PASSED] - else if (strBuyerVol1.contains(" K")): null

2024-01-22 18:34:28 - [TEST_STEP][PASSED] - strBuyerVol1 = strBuyerVol1.replace(" K", ""): null

2024-01-22 18:34:28 - [TEST_STEP][PASSED] - strBuyerVol1 = strBuyerVol1.toDouble() * 1000: null

2024-01-22 18:34:28 - [TEST_STEP][PASSED] - strSeller1 = getText(findTestObject("Stockbit/Bandarmology_Seller1")): Text of object 'Object Repository/Stockbit/Bandarmology_Seller1' is: 'AK'

2024-01-22 18:34:28 - [MESSAGE][PASSED] - Text of object 'Object Repository/Stockbit/Bandarmology_Seller1' is: 'AK'

2024-01-22 18:34:28 - [TEST_STEP][PASSED] - strSellerVol1 = getText(findTestObject("Stockbit/Bandarmology_SellerVol1")): Text of object 'Object Repository/Stockbit/Bandarmology_SellerVol1' is: '55.1 K'

2024-01-22 18:34:28 - [MESSAGE][PASSED] - Text of object 'Object Repository/Stockbit/Bandarmology_SellerVol1' is: '55.1 K'

2024-01-22 18:34:28 - [TEST_STEP][PASSED] - strSellerAvg1 = getText(findTestObject("Stockbit/Bandarmology_SellerAvg1")): Text of object 'Object Repository/Stockbit/Bandarmology_SellerAvg1' is: '516'

2024-01-22 18:34:28 - [MESSAGE][PASSED] - Text of object 'Object Repository/Stockbit/Bandarmology_SellerAvg1' is: '516'

2024-01-22 18:34:28 - [TEST_STEP][PASSED] - if (strSellerAvg1.contains(",")): null

2024-01-22 18:34:28 - [TEST_STEP][PASSED] - if (strSellerVol1.contains(" B")): null

2024-01-22 18:34:28 - [TEST_STEP][PASSED] - else if (strSellerVol1.contains(" M")): null

2024-01-22 18:34:28 - [TEST_STEP][PASSED] - else if (strSellerVol1.contains(" K")): null

2024-01-22 18:34:28 - [TEST_STEP][PASSED] - strSellerVol1 = strSellerVol1.replace(" K", ""): null

2024-01-22 18:34:28 - [TEST_STEP][PASSED] - strSellerVol1 = strSellerVol1.toDouble() * 1000: null

2024-01-22 18:34:28 - [TEST_STEP][PASSED] - if (verifyElementNotPresent(findTestObject("Stockbit/Bandarmology_Buyer2"), 1, OPTIONAL)): Web element with id: 'Object Repository/Stockbit/Bandarmology_Buyer2' located by 'By.xpath: //*[contains(@id, 'rc-tabs-')]/div[2]/div/div/div/div/div/div[2]/table/tbody/tr[3]/td[1]/p' is present after '1' second(s) (Root cause: com.kms.katalon.core.exception.StepFailedException: Web element with id: 'Object Repository/Stockbit/Bandarmology_Buyer2' located by 'By.xpath: //*[contains(@id, 'rc-tabs-')]/div[2]/div/div/div/div/div/div[2]/table/tbody/tr[3]/td[1]/p' is present after '1' second(s)
	at com.kms.katalon.core.webui.keyword.internal.WebUIKeywordMain.stepFailed(WebUIKeywordMain.groovy:64)
	at com.kms.katalon.core.webui.keyword.internal.WebUIKeywordMain$stepFailed$0.call(Unknown Source)
	at com.kms.katalon.core.webui.keyword.builtin.VerifyElementNotPresentKeyword$_verifyElementNotPresent_closure1.doCall(VerifyElementNotPresentKeyword.groovy:106)
	at com.kms.katalon.core.webui.keyword.builtin.VerifyElementNotPresentKeyword$_verifyElementNotPresent_closure1.doCall(VerifyElementNotPresentKeyword.groovy)
	at com.kms.katalon.core.webui.keyword.internal.WebUIKeywordMain.runKeyword(WebUIKeywordMain.groovy:20)
	at com.kms.katalon.core.webui.keyword.internal.WebUIKeywordMain$runKeyword.call(Unknown Source)
	at com.kms.katalon.core.webui.keyword.builtin.VerifyElementNotPresentKeyword.verifyElementNotPresent(VerifyElementNotPresentKeyword.groovy:117)
	at com.kms.katalon.core.webui.keyword.builtin.VerifyElementNotPresentKeyword.execute(VerifyElementNotPresentKeyword.groovy:68)
	at com.kms.katalon.core.keyword.internal.KeywordExecutor.executeKeywordForPlatform(KeywordExecutor.groovy:74)
	at com.kms.katalon.core.webui.keyword.WebUiBuiltInKeywords.verifyElementNotPresent(WebUiBuiltInKeywords.groovy:1481)
	at com.kms.katalon.core.webui.keyword.WebUiBuiltInKeywords$verifyElementNotPresent$8.call(Unknown Source)
	at GetBrokSumPriceDaily.run(GetBrokSumPriceDaily:258)
	at com.kms.katalon.core.main.ScriptEngine.run(ScriptEngine.java:194)
	at com.kms.katalon.core.main.ScriptEngine.runScriptAsRawText(ScriptEngine.java:119)
	at com.kms.katalon.core.main.TestCaseExecutor.runScript(TestCaseExecutor.java:445)
	at com.kms.katalon.core.main.TestCaseExecutor.doExecute(TestCaseExecutor.java:436)
	at com.kms.katalon.core.main.TestCaseExecutor.processExecutionPhase(TestCaseExecutor.java:415)
	at com.kms.katalon.core.main.TestCaseExecutor.accessMainPhase(TestCaseExecutor.java:407)
	at com.kms.katalon.core.main.TestCaseExecutor.execute(TestCaseExecutor.java:284)
	at com.kms.katalon.core.common.CommonExecutor.accessTestCaseMainPhase(CommonExecutor.java:65)
	at com.kms.katalon.core.main.TestSuiteExecutor.accessTestSuiteMainPhase(TestSuiteExecutor.java:144)
	at com.kms.katalon.core.main.TestSuiteExecutor.execute(TestSuiteExecutor.java:106)
	at com.kms.katalon.core.main.TestCaseMain.startTestSuite(TestCaseMain.java:185)
	at com.kms.katalon.core.main.TestCaseMain$startTestSuite$0.call(Unknown Source)
	at TempTestSuite1705923140048.run(TempTestSuite1705923140048.groovy:36)
)

2024-01-22 18:34:30 - [MESSAGE][WARNING] - Web element with id: 'Object Repository/Stockbit/Bandarmology_Buyer2' located by 'By.xpath: //*[contains(@id, 'rc-tabs-')]/div[2]/div/div/div/div/div/div[2]/table/tbody/tr[3]/td[1]/p' is present after '1' second(s) (Root cause: com.kms.katalon.core.exception.StepFailedException: Web element with id: 'Object Repository/Stockbit/Bandarmology_Buyer2' located by 'By.xpath: //*[contains(@id, 'rc-tabs-')]/div[2]/div/div/div/div/div/div[2]/table/tbody/tr[3]/td[1]/p' is present after '1' second(s)
	at com.kms.katalon.core.webui.keyword.internal.WebUIKeywordMain.stepFailed(WebUIKeywordMain.groovy:64)
	at com.kms.katalon.core.webui.keyword.internal.WebUIKeywordMain$stepFailed$0.call(Unknown Source)
	at com.kms.katalon.core.webui.keyword.builtin.VerifyElementNotPresentKeyword$_verifyElementNotPresent_closure1.doCall(VerifyElementNotPresentKeyword.groovy:106)
	at com.kms.katalon.core.webui.keyword.builtin.VerifyElementNotPresentKeyword$_verifyElementNotPresent_closure1.doCall(VerifyElementNotPresentKeyword.groovy)
	at com.kms.katalon.core.webui.keyword.internal.WebUIKeywordMain.runKeyword(WebUIKeywordMain.groovy:20)
	at com.kms.katalon.core.webui.keyword.internal.WebUIKeywordMain$runKeyword.call(Unknown Source)
	at com.kms.katalon.core.webui.keyword.builtin.VerifyElementNotPresentKeyword.verifyElementNotPresent(VerifyElementNotPresentKeyword.groovy:117)
	at com.kms.katalon.core.webui.keyword.builtin.VerifyElementNotPresentKeyword.execute(VerifyElementNotPresentKeyword.groovy:68)
	at com.kms.katalon.core.keyword.internal.KeywordExecutor.executeKeywordForPlatform(KeywordExecutor.groovy:74)
	at com.kms.katalon.core.webui.keyword.WebUiBuiltInKeywords.verifyElementNotPresent(WebUiBuiltInKeywords.groovy:1481)
	at com.kms.katalon.core.webui.keyword.WebUiBuiltInKeywords$verifyElementNotPresent$8.call(Unknown Source)
	at GetBrokSumPriceDaily.run(GetBrokSumPriceDaily:258)
	at com.kms.katalon.core.main.ScriptEngine.run(ScriptEngine.java:194)
	at com.kms.katalon.core.main.ScriptEngine.runScriptAsRawText(ScriptEngine.java:119)
	at com.kms.katalon.core.main.TestCaseExecutor.runScript(TestCaseExecutor.java:445)
	at com.kms.katalon.core.main.TestCaseExecutor.doExecute(TestCaseExecutor.java:436)
	at com.kms.katalon.core.main.TestCaseExecutor.processExecutionPhase(TestCaseExecutor.java:415)
	at com.kms.katalon.core.main.TestCaseExecutor.accessMainPhase(TestCaseExecutor.java:407)
	at com.kms.katalon.core.main.TestCaseExecutor.execute(TestCaseExecutor.java:284)
	at com.kms.katalon.core.common.CommonExecutor.accessTestCaseMainPhase(CommonExecutor.java:65)
	at com.kms.katalon.core.main.TestSuiteExecutor.accessTestSuiteMainPhase(TestSuiteExecutor.java:144)
	at com.kms.katalon.core.main.TestSuiteExecutor.execute(TestSuiteExecutor.java:106)
	at com.kms.katalon.core.main.TestCaseMain.startTestSuite(TestCaseMain.java:185)
	at com.kms.katalon.core.main.TestCaseMain$startTestSuite$0.call(Unknown Source)
	at TempTestSuite1705923140048.run(TempTestSuite1705923140048.groovy:36)
)
[[ATTACHMENT|C:\\Users\\Fadli\\git\\KatalonDailyGetData2\\Reports\\20240122_174123\\TS1\\20240122_183220\\1705923269847.png]]

2024-01-22 18:34:30 - [TEST_STEP][PASSED] - else: null

2024-01-22 18:34:30 - [TEST_STEP][PASSED] - strBuyer2 = getText(findTestObject("Stockbit/Bandarmology_Buyer2")): Text of object 'Object Repository/Stockbit/Bandarmology_Buyer2' is: 'DR'

2024-01-22 18:34:30 - [MESSAGE][PASSED] - Text of object 'Object Repository/Stockbit/Bandarmology_Buyer2' is: 'DR'

2024-01-22 18:34:30 - [TEST_STEP][PASSED] - strBuyerVol2 = getText(findTestObject("Stockbit/Bandarmology_BuyerVol2")): Text of object 'Object Repository/Stockbit/Bandarmology_BuyerVol2' is: '15.8 K'

2024-01-22 18:34:30 - [MESSAGE][PASSED] - Text of object 'Object Repository/Stockbit/Bandarmology_BuyerVol2' is: '15.8 K'

2024-01-22 18:34:30 - [TEST_STEP][PASSED] - strBuyerAvg2 = getText(findTestObject("Stockbit/Bandarmology_BuyerAvg2")): Text of object 'Object Repository/Stockbit/Bandarmology_BuyerAvg2' is: '515'

2024-01-22 18:34:30 - [MESSAGE][PASSED] - Text of object 'Object Repository/Stockbit/Bandarmology_BuyerAvg2' is: '515'

2024-01-22 18:34:30 - [TEST_STEP][PASSED] - if (strBuyer2 != ""): null

2024-01-22 18:34:30 - [TEST_STEP][PASSED] - if (strBuyerAvg2.contains(",")): null

2024-01-22 18:34:30 - [TEST_STEP][PASSED] - if (strBuyerVol2.contains(" B")): null

2024-01-22 18:34:30 - [TEST_STEP][PASSED] - else if (strBuyerVol2.contains(" M")): null

2024-01-22 18:34:30 - [TEST_STEP][PASSED] - else if (strBuyerVol2.contains(" K")): null

2024-01-22 18:34:30 - [TEST_STEP][PASSED] - strBuyerVol2 = strBuyerVol2.replace(" K", ""): null

2024-01-22 18:34:30 - [TEST_STEP][PASSED] - strBuyerVol2 = strBuyerVol2.toDouble() * 1000: null

2024-01-22 18:34:30 - [TEST_STEP][PASSED] - if (strBuyerVol2.contains(".")): null

2024-01-22 18:34:30 - [TEST_STEP][PASSED] - strBuyerVal2 = strBuyerVol2.replace(".", ""): null

2024-01-22 18:34:30 - [TEST_STEP][PASSED] - if (verifyElementNotPresent(findTestObject("Stockbit/Bandarmology_Seller2"), 1, OPTIONAL)): Web element with id: 'Object Repository/Stockbit/Bandarmology_Seller2' located by 'By.xpath: //*[contains(@id, 'rc-tabs-')]/div[2]/div/div/div/div/div/div[2]/table/tbody/tr[3]/td[5]/p' is present after '1' second(s) (Root cause: com.kms.katalon.core.exception.StepFailedException: Web element with id: 'Object Repository/Stockbit/Bandarmology_Seller2' located by 'By.xpath: //*[contains(@id, 'rc-tabs-')]/div[2]/div/div/div/div/div/div[2]/table/tbody/tr[3]/td[5]/p' is present after '1' second(s)
	at com.kms.katalon.core.webui.keyword.internal.WebUIKeywordMain.stepFailed(WebUIKeywordMain.groovy:64)
	at com.kms.katalon.core.webui.keyword.internal.WebUIKeywordMain$stepFailed$0.call(Unknown Source)
	at com.kms.katalon.core.webui.keyword.builtin.VerifyElementNotPresentKeyword$_verifyElementNotPresent_closure1.doCall(VerifyElementNotPresentKeyword.groovy:106)
	at com.kms.katalon.core.webui.keyword.builtin.VerifyElementNotPresentKeyword$_verifyElementNotPresent_closure1.doCall(VerifyElementNotPresentKeyword.groovy)
	at com.kms.katalon.core.webui.keyword.internal.WebUIKeywordMain.runKeyword(WebUIKeywordMain.groovy:20)
	at com.kms.katalon.core.webui.keyword.internal.WebUIKeywordMain$runKeyword.call(Unknown Source)
	at com.kms.katalon.core.webui.keyword.builtin.VerifyElementNotPresentKeyword.verifyElementNotPresent(VerifyElementNotPresentKeyword.groovy:117)
	at com.kms.katalon.core.webui.keyword.builtin.VerifyElementNotPresentKeyword.execute(VerifyElementNotPresentKeyword.groovy:68)
	at com.kms.katalon.core.keyword.internal.KeywordExecutor.executeKeywordForPlatform(KeywordExecutor.groovy:74)
	at com.kms.katalon.core.webui.keyword.WebUiBuiltInKeywords.verifyElementNotPresent(WebUiBuiltInKeywords.groovy:1481)
	at com.kms.katalon.core.webui.keyword.WebUiBuiltInKeywords$verifyElementNotPresent$8.call(Unknown Source)
	at GetBrokSumPriceDaily.run(GetBrokSumPriceDaily:309)
	at com.kms.katalon.core.main.ScriptEngine.run(ScriptEngine.java:194)
	at com.kms.katalon.core.main.ScriptEngine.runScriptAsRawText(ScriptEngine.java:119)
	at com.kms.katalon.core.main.TestCaseExecutor.runScript(TestCaseExecutor.java:445)
	at com.kms.katalon.core.main.TestCaseExecutor.doExecute(TestCaseExecutor.java:436)
	at com.kms.katalon.core.main.TestCaseExecutor.processExecutionPhase(TestCaseExecutor.java:415)
	at com.kms.katalon.core.main.TestCaseExecutor.accessMainPhase(TestCaseExecutor.java:407)
	at com.kms.katalon.core.main.TestCaseExecutor.execute(TestCaseExecutor.java:284)
	at com.kms.katalon.core.common.CommonExecutor.accessTestCaseMainPhase(CommonExecutor.java:65)
	at com.kms.katalon.core.main.TestSuiteExecutor.accessTestSuiteMainPhase(TestSuiteExecutor.java:144)
	at com.kms.katalon.core.main.TestSuiteExecutor.execute(TestSuiteExecutor.java:106)
	at com.kms.katalon.core.main.TestCaseMain.startTestSuite(TestCaseMain.java:185)
	at com.kms.katalon.core.main.TestCaseMain$startTestSuite$0.call(Unknown Source)
	at TempTestSuite1705923140048.run(TempTestSuite1705923140048.groovy:36)
)

2024-01-22 18:34:31 - [MESSAGE][WARNING] - Web element with id: 'Object Repository/Stockbit/Bandarmology_Seller2' located by 'By.xpath: //*[contains(@id, 'rc-tabs-')]/div[2]/div/div/div/div/div/div[2]/table/tbody/tr[3]/td[5]/p' is present after '1' second(s) (Root cause: com.kms.katalon.core.exception.StepFailedException: Web element with id: 'Object Repository/Stockbit/Bandarmology_Seller2' located by 'By.xpath: //*[contains(@id, 'rc-tabs-')]/div[2]/div/div/div/div/div/div[2]/table/tbody/tr[3]/td[5]/p' is present after '1' second(s)
	at com.kms.katalon.core.webui.keyword.internal.WebUIKeywordMain.stepFailed(WebUIKeywordMain.groovy:64)
	at com.kms.katalon.core.webui.keyword.internal.WebUIKeywordMain$stepFailed$0.call(Unknown Source)
	at com.kms.katalon.core.webui.keyword.builtin.VerifyElementNotPresentKeyword$_verifyElementNotPresent_closure1.doCall(VerifyElementNotPresentKeyword.groovy:106)
	at com.kms.katalon.core.webui.keyword.builtin.VerifyElementNotPresentKeyword$_verifyElementNotPresent_closure1.doCall(VerifyElementNotPresentKeyword.groovy)
	at com.kms.katalon.core.webui.keyword.internal.WebUIKeywordMain.runKeyword(WebUIKeywordMain.groovy:20)
	at com.kms.katalon.core.webui.keyword.internal.WebUIKeywordMain$runKeyword.call(Unknown Source)
	at com.kms.katalon.core.webui.keyword.builtin.VerifyElementNotPresentKeyword.verifyElementNotPresent(VerifyElementNotPresentKeyword.groovy:117)
	at com.kms.katalon.core.webui.keyword.builtin.VerifyElementNotPresentKeyword.execute(VerifyElementNotPresentKeyword.groovy:68)
	at com.kms.katalon.core.keyword.internal.KeywordExecutor.executeKeywordForPlatform(KeywordExecutor.groovy:74)
	at com.kms.katalon.core.webui.keyword.WebUiBuiltInKeywords.verifyElementNotPresent(WebUiBuiltInKeywords.groovy:1481)
	at com.kms.katalon.core.webui.keyword.WebUiBuiltInKeywords$verifyElementNotPresent$8.call(Unknown Source)
	at GetBrokSumPriceDaily.run(GetBrokSumPriceDaily:309)
	at com.kms.katalon.core.main.ScriptEngine.run(ScriptEngine.java:194)
	at com.kms.katalon.core.main.ScriptEngine.runScriptAsRawText(ScriptEngine.java:119)
	at com.kms.katalon.core.main.TestCaseExecutor.runScript(TestCaseExecutor.java:445)
	at com.kms.katalon.core.main.TestCaseExecutor.doExecute(TestCaseExecutor.java:436)
	at com.kms.katalon.core.main.TestCaseExecutor.processExecutionPhase(TestCaseExecutor.java:415)
	at com.kms.katalon.core.main.TestCaseExecutor.accessMainPhase(TestCaseExecutor.java:407)
	at com.kms.katalon.core.main.TestCaseExecutor.execute(TestCaseExecutor.java:284)
	at com.kms.katalon.core.common.CommonExecutor.accessTestCaseMainPhase(CommonExecutor.java:65)
	at com.kms.katalon.core.main.TestSuiteExecutor.accessTestSuiteMainPhase(TestSuiteExecutor.java:144)
	at com.kms.katalon.core.main.TestSuiteExecutor.execute(TestSuiteExecutor.java:106)
	at com.kms.katalon.core.main.TestCaseMain.startTestSuite(TestCaseMain.java:185)
	at com.kms.katalon.core.main.TestCaseMain$startTestSuite$0.call(Unknown Source)
	at TempTestSuite1705923140048.run(TempTestSuite1705923140048.groovy:36)
)
[[ATTACHMENT|C:\\Users\\Fadli\\git\\KatalonDailyGetData2\\Reports\\20240122_174123\\TS1\\20240122_183220\\1705923271755.png]]

2024-01-22 18:34:31 - [TEST_STEP][PASSED] - else: null

2024-01-22 18:34:31 - [TEST_STEP][PASSED] - strSeller2 = getText(findTestObject("Stockbit/Bandarmology_Seller2")): Text of object 'Object Repository/Stockbit/Bandarmology_Seller2' is: 'ZP'

2024-01-22 18:34:33 - [MESSAGE][PASSED] - Text of object 'Object Repository/Stockbit/Bandarmology_Seller2' is: 'ZP'

2024-01-22 18:34:33 - [TEST_STEP][PASSED] - strSellerVol2 = getText(findTestObject("Stockbit/Bandarmology_SellerVol2")): Text of object 'Object Repository/Stockbit/Bandarmology_SellerVol2' is: '40 K'

2024-01-22 18:34:33 - [MESSAGE][PASSED] - Text of object 'Object Repository/Stockbit/Bandarmology_SellerVol2' is: '40 K'

2024-01-22 18:34:33 - [TEST_STEP][PASSED] - strSellerAvg2 = getText(findTestObject("Stockbit/Bandarmology_SellerAvg2")): Text of object 'Object Repository/Stockbit/Bandarmology_SellerAvg2' is: '517'

2024-01-22 18:34:33 - [MESSAGE][PASSED] - Text of object 'Object Repository/Stockbit/Bandarmology_SellerAvg2' is: '517'

2024-01-22 18:34:33 - [TEST_STEP][PASSED] - if (strSeller2 != ""): null

2024-01-22 18:34:33 - [TEST_STEP][PASSED] - if (strSellerAvg2.contains(",")): null

2024-01-22 18:34:33 - [TEST_STEP][PASSED] - if (strSellerVol2.contains(" B")): null

2024-01-22 18:34:33 - [TEST_STEP][PASSED] - else if (strSellerVol2.contains(" M")): null

2024-01-22 18:34:33 - [TEST_STEP][PASSED] - else if (strSellerVol2.contains(" K")): null

2024-01-22 18:34:33 - [TEST_STEP][PASSED] - strSellerVol2 = strSellerVol2.replace(" K", ""): null

2024-01-22 18:34:33 - [TEST_STEP][PASSED] - strSellerVol2 = strSellerVol2.toDouble() * 1000: null

2024-01-22 18:34:33 - [TEST_STEP][PASSED] - if (verifyElementNotPresent(findTestObject("Stockbit/Bandarmology_Buyer3"), 1, OPTIONAL)): Web element with id: 'Object Repository/Stockbit/Bandarmology_Buyer3' located by 'By.xpath: //*[contains(@id, 'rc-tabs-')]/div[2]/div/div/div/div/div/div[2]/table/tbody/tr[4]/td[1]/p' is present after '1' second(s) (Root cause: com.kms.katalon.core.exception.StepFailedException: Web element with id: 'Object Repository/Stockbit/Bandarmology_Buyer3' located by 'By.xpath: //*[contains(@id, 'rc-tabs-')]/div[2]/div/div/div/div/div/div[2]/table/tbody/tr[4]/td[1]/p' is present after '1' second(s)
	at com.kms.katalon.core.webui.keyword.internal.WebUIKeywordMain.stepFailed(WebUIKeywordMain.groovy:64)
	at com.kms.katalon.core.webui.keyword.internal.WebUIKeywordMain$stepFailed$0.call(Unknown Source)
	at com.kms.katalon.core.webui.keyword.builtin.VerifyElementNotPresentKeyword$_verifyElementNotPresent_closure1.doCall(VerifyElementNotPresentKeyword.groovy:106)
	at com.kms.katalon.core.webui.keyword.builtin.VerifyElementNotPresentKeyword$_verifyElementNotPresent_closure1.doCall(VerifyElementNotPresentKeyword.groovy)
	at com.kms.katalon.core.webui.keyword.internal.WebUIKeywordMain.runKeyword(WebUIKeywordMain.groovy:20)
	at com.kms.katalon.core.webui.keyword.internal.WebUIKeywordMain$runKeyword.call(Unknown Source)
	at com.kms.katalon.core.webui.keyword.builtin.VerifyElementNotPresentKeyword.verifyElementNotPresent(VerifyElementNotPresentKeyword.groovy:117)
	at com.kms.katalon.core.webui.keyword.builtin.VerifyElementNotPresentKeyword.execute(VerifyElementNotPresentKeyword.groovy:68)
	at com.kms.katalon.core.keyword.internal.KeywordExecutor.executeKeywordForPlatform(KeywordExecutor.groovy:74)
	at com.kms.katalon.core.webui.keyword.WebUiBuiltInKeywords.verifyElementNotPresent(WebUiBuiltInKeywords.groovy:1481)
	at com.kms.katalon.core.webui.keyword.WebUiBuiltInKeywords$verifyElementNotPresent$8.call(Unknown Source)
	at GetBrokSumPriceDaily.run(GetBrokSumPriceDaily:361)
	at com.kms.katalon.core.main.ScriptEngine.run(ScriptEngine.java:194)
	at com.kms.katalon.core.main.ScriptEngine.runScriptAsRawText(ScriptEngine.java:119)
	at com.kms.katalon.core.main.TestCaseExecutor.runScript(TestCaseExecutor.java:445)
	at com.kms.katalon.core.main.TestCaseExecutor.doExecute(TestCaseExecutor.java:436)
	at com.kms.katalon.core.main.TestCaseExecutor.processExecutionPhase(TestCaseExecutor.java:415)
	at com.kms.katalon.core.main.TestCaseExecutor.accessMainPhase(TestCaseExecutor.java:407)
	at com.kms.katalon.core.main.TestCaseExecutor.execute(TestCaseExecutor.java:284)
	at com.kms.katalon.core.common.CommonExecutor.accessTestCaseMainPhase(CommonExecutor.java:65)
	at com.kms.katalon.core.main.TestSuiteExecutor.accessTestSuiteMainPhase(TestSuiteExecutor.java:144)
	at com.kms.katalon.core.main.TestSuiteExecutor.execute(TestSuiteExecutor.java:106)
	at com.kms.katalon.core.main.TestCaseMain.startTestSuite(TestCaseMain.java:185)
	at com.kms.katalon.core.main.TestCaseMain$startTestSuite$0.call(Unknown Source)
	at TempTestSuite1705923140048.run(TempTestSuite1705923140048.groovy:36)
)

2024-01-22 18:34:35 - [MESSAGE][WARNING] - Web element with id: 'Object Repository/Stockbit/Bandarmology_Buyer3' located by 'By.xpath: //*[contains(@id, 'rc-tabs-')]/div[2]/div/div/div/div/div/div[2]/table/tbody/tr[4]/td[1]/p' is present after '1' second(s) (Root cause: com.kms.katalon.core.exception.StepFailedException: Web element with id: 'Object Repository/Stockbit/Bandarmology_Buyer3' located by 'By.xpath: //*[contains(@id, 'rc-tabs-')]/div[2]/div/div/div/div/div/div[2]/table/tbody/tr[4]/td[1]/p' is present after '1' second(s)
	at com.kms.katalon.core.webui.keyword.internal.WebUIKeywordMain.stepFailed(WebUIKeywordMain.groovy:64)
	at com.kms.katalon.core.webui.keyword.internal.WebUIKeywordMain$stepFailed$0.call(Unknown Source)
	at com.kms.katalon.core.webui.keyword.builtin.VerifyElementNotPresentKeyword$_verifyElementNotPresent_closure1.doCall(VerifyElementNotPresentKeyword.groovy:106)
	at com.kms.katalon.core.webui.keyword.builtin.VerifyElementNotPresentKeyword$_verifyElementNotPresent_closure1.doCall(VerifyElementNotPresentKeyword.groovy)
	at com.kms.katalon.core.webui.keyword.internal.WebUIKeywordMain.runKeyword(WebUIKeywordMain.groovy:20)
	at com.kms.katalon.core.webui.keyword.internal.WebUIKeywordMain$runKeyword.call(Unknown Source)
	at com.kms.katalon.core.webui.keyword.builtin.VerifyElementNotPresentKeyword.verifyElementNotPresent(VerifyElementNotPresentKeyword.groovy:117)
	at com.kms.katalon.core.webui.keyword.builtin.VerifyElementNotPresentKeyword.execute(VerifyElementNotPresentKeyword.groovy:68)
	at com.kms.katalon.core.keyword.internal.KeywordExecutor.executeKeywordForPlatform(KeywordExecutor.groovy:74)
	at com.kms.katalon.core.webui.keyword.WebUiBuiltInKeywords.verifyElementNotPresent(WebUiBuiltInKeywords.groovy:1481)
	at com.kms.katalon.core.webui.keyword.WebUiBuiltInKeywords$verifyElementNotPresent$8.call(Unknown Source)
	at GetBrokSumPriceDaily.run(GetBrokSumPriceDaily:361)
	at com.kms.katalon.core.main.ScriptEngine.run(ScriptEngine.java:194)
	at com.kms.katalon.core.main.ScriptEngine.runScriptAsRawText(ScriptEngine.java:119)
	at com.kms.katalon.core.main.TestCaseExecutor.runScript(TestCaseExecutor.java:445)
	at com.kms.katalon.core.main.TestCaseExecutor.doExecute(TestCaseExecutor.java:436)
	at com.kms.katalon.core.main.TestCaseExecutor.processExecutionPhase(TestCaseExecutor.java:415)
	at com.kms.katalon.core.main.TestCaseExecutor.accessMainPhase(TestCaseExecutor.java:407)
	at com.kms.katalon.core.main.TestCaseExecutor.execute(TestCaseExecutor.java:284)
	at com.kms.katalon.core.common.CommonExecutor.accessTestCaseMainPhase(CommonExecutor.java:65)
	at com.kms.katalon.core.main.TestSuiteExecutor.accessTestSuiteMainPhase(TestSuiteExecutor.java:144)
	at com.kms.katalon.core.main.TestSuiteExecutor.execute(TestSuiteExecutor.java:106)
	at com.kms.katalon.core.main.TestCaseMain.startTestSuite(TestCaseMain.java:185)
	at com.kms.katalon.core.main.TestCaseMain$startTestSuite$0.call(Unknown Source)
	at TempTestSuite1705923140048.run(TempTestSuite1705923140048.groovy:36)
)
[[ATTACHMENT|C:\\Users\\Fadli\\git\\KatalonDailyGetData2\\Reports\\20240122_174123\\TS1\\20240122_183220\\1705923274647.png]]

2024-01-22 18:34:35 - [TEST_STEP][PASSED] - else: null

2024-01-22 18:34:35 - [TEST_STEP][PASSED] - strBuyer3 = getText(findTestObject("Stockbit/Bandarmology_Buyer3")): Text of object 'Object Repository/Stockbit/Bandarmology_Buyer3' is: 'YU'

2024-01-22 18:34:35 - [MESSAGE][PASSED] - Text of object 'Object Repository/Stockbit/Bandarmology_Buyer3' is: 'YU'

2024-01-22 18:34:35 - [TEST_STEP][PASSED] - strBuyerVol3 = getText(findTestObject("Stockbit/Bandarmology_BuyerVol3")): Text of object 'Object Repository/Stockbit/Bandarmology_BuyerVol3' is: '12.7 K'

2024-01-22 18:34:35 - [MESSAGE][PASSED] - Text of object 'Object Repository/Stockbit/Bandarmology_BuyerVol3' is: '12.7 K'

2024-01-22 18:34:35 - [TEST_STEP][PASSED] - strBuyerAvg3 = getText(findTestObject("Stockbit/Bandarmology_BuyerAvg3")): Text of object 'Object Repository/Stockbit/Bandarmology_BuyerAvg3' is: '515'

2024-01-22 18:34:35 - [MESSAGE][PASSED] - Text of object 'Object Repository/Stockbit/Bandarmology_BuyerAvg3' is: '515'

2024-01-22 18:34:35 - [TEST_STEP][PASSED] - if (strBuyer3 != ""): null

2024-01-22 18:34:35 - [TEST_STEP][PASSED] - if (strBuyerAvg3.contains(",")): null

2024-01-22 18:34:35 - [TEST_STEP][PASSED] - if (strBuyerVol3.contains(" B")): null

2024-01-22 18:34:35 - [TEST_STEP][PASSED] - else if (strBuyerVol3.contains(" M")): null

2024-01-22 18:34:35 - [TEST_STEP][PASSED] - else if (strBuyerVol3.contains(" K")): null

2024-01-22 18:34:35 - [TEST_STEP][PASSED] - strBuyerVol3 = strBuyerVol3.replace(" K", ""): null

2024-01-22 18:34:35 - [TEST_STEP][PASSED] - strBuyerVol3 = strBuyerVol3.toDouble() * 1000: null

2024-01-22 18:34:35 - [TEST_STEP][PASSED] - if (verifyElementNotPresent(findTestObject("Stockbit/Bandarmology_Seller3"), 1, OPTIONAL)): Web element with id: 'Object Repository/Stockbit/Bandarmology_Seller3' located by 'By.xpath: //*[contains(@id, 'rc-tabs-')]/div[2]/div/div/div/div/div/div[2]/table/tbody/tr[4]/td[5]/p' is present after '1' second(s) (Root cause: com.kms.katalon.core.exception.StepFailedException: Web element with id: 'Object Repository/Stockbit/Bandarmology_Seller3' located by 'By.xpath: //*[contains(@id, 'rc-tabs-')]/div[2]/div/div/div/div/div/div[2]/table/tbody/tr[4]/td[5]/p' is present after '1' second(s)
	at com.kms.katalon.core.webui.keyword.internal.WebUIKeywordMain.stepFailed(WebUIKeywordMain.groovy:64)
	at com.kms.katalon.core.webui.keyword.internal.WebUIKeywordMain$stepFailed$0.call(Unknown Source)
	at com.kms.katalon.core.webui.keyword.builtin.VerifyElementNotPresentKeyword$_verifyElementNotPresent_closure1.doCall(VerifyElementNotPresentKeyword.groovy:106)
	at com.kms.katalon.core.webui.keyword.builtin.VerifyElementNotPresentKeyword$_verifyElementNotPresent_closure1.doCall(VerifyElementNotPresentKeyword.groovy)
	at com.kms.katalon.core.webui.keyword.internal.WebUIKeywordMain.runKeyword(WebUIKeywordMain.groovy:20)
	at com.kms.katalon.core.webui.keyword.internal.WebUIKeywordMain$runKeyword.call(Unknown Source)
	at com.kms.katalon.core.webui.keyword.builtin.VerifyElementNotPresentKeyword.verifyElementNotPresent(VerifyElementNotPresentKeyword.groovy:117)
	at com.kms.katalon.core.webui.keyword.builtin.VerifyElementNotPresentKeyword.execute(VerifyElementNotPresentKeyword.groovy:68)
	at com.kms.katalon.core.keyword.internal.KeywordExecutor.executeKeywordForPlatform(KeywordExecutor.groovy:74)
	at com.kms.katalon.core.webui.keyword.WebUiBuiltInKeywords.verifyElementNotPresent(WebUiBuiltInKeywords.groovy:1481)
	at com.kms.katalon.core.webui.keyword.WebUiBuiltInKeywords$verifyElementNotPresent$8.call(Unknown Source)
	at GetBrokSumPriceDaily.run(GetBrokSumPriceDaily:414)
	at com.kms.katalon.core.main.ScriptEngine.run(ScriptEngine.java:194)
	at com.kms.katalon.core.main.ScriptEngine.runScriptAsRawText(ScriptEngine.java:119)
	at com.kms.katalon.core.main.TestCaseExecutor.runScript(TestCaseExecutor.java:445)
	at com.kms.katalon.core.main.TestCaseExecutor.doExecute(TestCaseExecutor.java:436)
	at com.kms.katalon.core.main.TestCaseExecutor.processExecutionPhase(TestCaseExecutor.java:415)
	at com.kms.katalon.core.main.TestCaseExecutor.accessMainPhase(TestCaseExecutor.java:407)
	at com.kms.katalon.core.main.TestCaseExecutor.execute(TestCaseExecutor.java:284)
	at com.kms.katalon.core.common.CommonExecutor.accessTestCaseMainPhase(CommonExecutor.java:65)
	at com.kms.katalon.core.main.TestSuiteExecutor.accessTestSuiteMainPhase(TestSuiteExecutor.java:144)
	at com.kms.katalon.core.main.TestSuiteExecutor.execute(TestSuiteExecutor.java:106)
	at com.kms.katalon.core.main.TestCaseMain.startTestSuite(TestCaseMain.java:185)
	at com.kms.katalon.core.main.TestCaseMain$startTestSuite$0.call(Unknown Source)
	at TempTestSuite1705923140048.run(TempTestSuite1705923140048.groovy:36)
)

2024-01-22 18:34:36 - [MESSAGE][WARNING] - Web element with id: 'Object Repository/Stockbit/Bandarmology_Seller3' located by 'By.xpath: //*[contains(@id, 'rc-tabs-')]/div[2]/div/div/div/div/div/div[2]/table/tbody/tr[4]/td[5]/p' is present after '1' second(s) (Root cause: com.kms.katalon.core.exception.StepFailedException: Web element with id: 'Object Repository/Stockbit/Bandarmology_Seller3' located by 'By.xpath: //*[contains(@id, 'rc-tabs-')]/div[2]/div/div/div/div/div/div[2]/table/tbody/tr[4]/td[5]/p' is present after '1' second(s)
	at com.kms.katalon.core.webui.keyword.internal.WebUIKeywordMain.stepFailed(WebUIKeywordMain.groovy:64)
	at com.kms.katalon.core.webui.keyword.internal.WebUIKeywordMain$stepFailed$0.call(Unknown Source)
	at com.kms.katalon.core.webui.keyword.builtin.VerifyElementNotPresentKeyword$_verifyElementNotPresent_closure1.doCall(VerifyElementNotPresentKeyword.groovy:106)
	at com.kms.katalon.core.webui.keyword.builtin.VerifyElementNotPresentKeyword$_verifyElementNotPresent_closure1.doCall(VerifyElementNotPresentKeyword.groovy)
	at com.kms.katalon.core.webui.keyword.internal.WebUIKeywordMain.runKeyword(WebUIKeywordMain.groovy:20)
	at com.kms.katalon.core.webui.keyword.internal.WebUIKeywordMain$runKeyword.call(Unknown Source)
	at com.kms.katalon.core.webui.keyword.builtin.VerifyElementNotPresentKeyword.verifyElementNotPresent(VerifyElementNotPresentKeyword.groovy:117)
	at com.kms.katalon.core.webui.keyword.builtin.VerifyElementNotPresentKeyword.execute(VerifyElementNotPresentKeyword.groovy:68)
	at com.kms.katalon.core.keyword.internal.KeywordExecutor.executeKeywordForPlatform(KeywordExecutor.groovy:74)
	at com.kms.katalon.core.webui.keyword.WebUiBuiltInKeywords.verifyElementNotPresent(WebUiBuiltInKeywords.groovy:1481)
	at com.kms.katalon.core.webui.keyword.WebUiBuiltInKeywords$verifyElementNotPresent$8.call(Unknown Source)
	at GetBrokSumPriceDaily.run(GetBrokSumPriceDaily:414)
	at com.kms.katalon.core.main.ScriptEngine.run(ScriptEngine.java:194)
	at com.kms.katalon.core.main.ScriptEngine.runScriptAsRawText(ScriptEngine.java:119)
	at com.kms.katalon.core.main.TestCaseExecutor.runScript(TestCaseExecutor.java:445)
	at com.kms.katalon.core.main.TestCaseExecutor.doExecute(TestCaseExecutor.java:436)
	at com.kms.katalon.core.main.TestCaseExecutor.processExecutionPhase(TestCaseExecutor.java:415)
	at com.kms.katalon.core.main.TestCaseExecutor.accessMainPhase(TestCaseExecutor.java:407)
	at com.kms.katalon.core.main.TestCaseExecutor.execute(TestCaseExecutor.java:284)
	at com.kms.katalon.core.common.CommonExecutor.accessTestCaseMainPhase(CommonExecutor.java:65)
	at com.kms.katalon.core.main.TestSuiteExecutor.accessTestSuiteMainPhase(TestSuiteExecutor.java:144)
	at com.kms.katalon.core.main.TestSuiteExecutor.execute(TestSuiteExecutor.java:106)
	at com.kms.katalon.core.main.TestCaseMain.startTestSuite(TestCaseMain.java:185)
	at com.kms.katalon.core.main.TestCaseMain$startTestSuite$0.call(Unknown Source)
	at TempTestSuite1705923140048.run(TempTestSuite1705923140048.groovy:36)
)
[[ATTACHMENT|C:\\Users\\Fadli\\git\\KatalonDailyGetData2\\Reports\\20240122_174123\\TS1\\20240122_183220\\1705923276631.png]]

2024-01-22 18:34:36 - [TEST_STEP][PASSED] - else: null

2024-01-22 18:34:36 - [TEST_STEP][PASSED] - strSeller3 = getText(findTestObject("Stockbit/Bandarmology_Seller3")): Text of object 'Object Repository/Stockbit/Bandarmology_Seller3' is: 'CP'

2024-01-22 18:34:36 - [MESSAGE][PASSED] - Text of object 'Object Repository/Stockbit/Bandarmology_Seller3' is: 'CP'

2024-01-22 18:34:36 - [TEST_STEP][PASSED] - strSellerVol3 = getText(findTestObject("Stockbit/Bandarmology_SellerVol3")): Text of object 'Object Repository/Stockbit/Bandarmology_SellerVol3' is: '18.6 K'

2024-01-22 18:34:37 - [MESSAGE][PASSED] - Text of object 'Object Repository/Stockbit/Bandarmology_SellerVol3' is: '18.6 K'

2024-01-22 18:34:37 - [TEST_STEP][PASSED] - strSellerAvg3 = getText(findTestObject("Stockbit/Bandarmology_SellerAvg3")): Text of object 'Object Repository/Stockbit/Bandarmology_SellerAvg3' is: '520'

2024-01-22 18:34:37 - [MESSAGE][PASSED] - Text of object 'Object Repository/Stockbit/Bandarmology_SellerAvg3' is: '520'

2024-01-22 18:34:37 - [TEST_STEP][PASSED] - if (strSeller3 != ""): null

2024-01-22 18:34:37 - [TEST_STEP][PASSED] - if (strSellerAvg3.contains(",")): null

2024-01-22 18:34:37 - [TEST_STEP][PASSED] - if (strSellerVol3.contains(" B")): null

2024-01-22 18:34:37 - [TEST_STEP][PASSED] - else if (strSellerVol3.contains(" M")): null

2024-01-22 18:34:37 - [TEST_STEP][PASSED] - else if (strSellerVol3.contains(" K")): null

2024-01-22 18:34:37 - [TEST_STEP][PASSED] - strSellerVol3 = strSellerVol3.replace(" K", ""): null

2024-01-22 18:34:37 - [TEST_STEP][PASSED] - strSellerVol3 = strSellerVol3.toDouble() * 1000: null

2024-01-22 18:34:37 - [TEST_STEP][PASSED] - strAccDist = getText(findTestObject("Stockbit/Bandarmology_AccDist")): Text of object 'Object Repository/Stockbit/Bandarmology_AccDist' is: 'Dist'

2024-01-22 18:34:37 - [MESSAGE][PASSED] - Text of object 'Object Repository/Stockbit/Bandarmology_AccDist' is: 'Dist'

2024-01-22 18:34:37 - [TEST_STEP][PASSED] - strNetVol = getText(findTestObject("Stockbit/Bandarmology_NetVol")): Text of object 'Object Repository/Stockbit/Bandarmology_NetVol' is: '131,305'

2024-01-22 18:34:37 - [MESSAGE][PASSED] - Text of object 'Object Repository/Stockbit/Bandarmology_NetVol' is: '131,305'

2024-01-22 18:34:37 - [TEST_STEP][PASSED] - strNetVol = strNetVol.replace(",", ""): null

2024-01-22 18:34:37 - [TEST_STEP][PASSED] - strNetVal = getText(findTestObject("Stockbit/Bandarmology_NetVal")): Text of object 'Object Repository/Stockbit/Bandarmology_NetVal' is: '6.8 B'

2024-01-22 18:34:37 - [MESSAGE][PASSED] - Text of object 'Object Repository/Stockbit/Bandarmology_NetVal' is: '6.8 B'

2024-01-22 18:34:37 - [TEST_STEP][PASSED] - delay(3): Delayed 3 second(s)

2024-01-22 18:34:40 - [MESSAGE][PASSED] - Delayed 3 second(s)

2024-01-22 18:34:40 - [TEST_STEP][PASSED] - strOpenPrice = getText(findTestObject("Stockbit/Home_OpenPrice")): Text of object 'Object Repository/Stockbit/Home_OpenPrice' is: '520'

2024-01-22 18:34:40 - [MESSAGE][PASSED] - Text of object 'Object Repository/Stockbit/Home_OpenPrice' is: '520'

2024-01-22 18:34:40 - [TEST_STEP][PASSED] - strOpenPrice = strOpenPrice.replace(",", ""): null

2024-01-22 18:34:40 - [TEST_STEP][PASSED] - strLowPrice = getText(findTestObject("Stockbit/Home_LowPrice")): Text of object 'Object Repository/Stockbit/Home_LowPrice' is: '515'

2024-01-22 18:34:40 - [MESSAGE][PASSED] - Text of object 'Object Repository/Stockbit/Home_LowPrice' is: '515'

2024-01-22 18:34:40 - [TEST_STEP][PASSED] - strLowPrice = strLowPrice.replace(",", ""): null

2024-01-22 18:34:40 - [TEST_STEP][PASSED] - strHighPrice = getText(findTestObject("Stockbit/Home_HighPrice")): Text of object 'Object Repository/Stockbit/Home_HighPrice' is: '525'

2024-01-22 18:34:40 - [MESSAGE][PASSED] - Text of object 'Object Repository/Stockbit/Home_HighPrice' is: '525'

2024-01-22 18:34:40 - [TEST_STEP][PASSED] - strHighPrice = strHighPrice.replace(",", ""): null

2024-01-22 18:34:40 - [TEST_STEP][PASSED] - strClosePrice = getText(findTestObject("Stockbit/Home_ClosePrice")): Text of object 'Object Repository/Stockbit/Home_ClosePrice' is: '515'

2024-01-22 18:34:41 - [MESSAGE][PASSED] - Text of object 'Object Repository/Stockbit/Home_ClosePrice' is: '515'

2024-01-22 18:34:41 - [TEST_STEP][PASSED] - strClosePrice = strClosePrice.replace(",", ""): null

2024-01-22 18:34:41 - [TEST_STEP][PASSED] - strVol = getText(findTestObject("Stockbit/Home_Volume")): Text of object 'Object Repository/Stockbit/Home_Volume' is: '209 K'

2024-01-22 18:34:41 - [MESSAGE][PASSED] - Text of object 'Object Repository/Stockbit/Home_Volume' is: '209 K'

2024-01-22 18:34:41 - [TEST_STEP][PASSED] - if (strVol.contains(" K")): null

2024-01-22 18:34:41 - [TEST_STEP][PASSED] - strVol = strVol.replace(" K", "000"): null

2024-01-22 18:34:41 - [TEST_STEP][PASSED] - if (strVol.contains(",")): null

2024-01-22 18:34:41 - [TEST_STEP][PASSED] - strChange = getText(findTestObject("Stockbit/Home_Change")): Text of object 'Object Repository/Stockbit/Home_Change' is: '0.00%'

2024-01-22 18:34:41 - [MESSAGE][PASSED] - Text of object 'Object Repository/Stockbit/Home_Change' is: '0.00%'

2024-01-22 18:34:41 - [TEST_STEP][PASSED] - strChange = strChange.replace("%", ""): null

2024-01-22 18:34:41 - [TEST_STEP][PASSED] - strFreq = getText(findTestObject("Stockbit/Home_Freq")): Text of object 'Object Repository/Stockbit/Home_Freq' is: '3,465'

2024-01-22 18:34:41 - [MESSAGE][PASSED] - Text of object 'Object Repository/Stockbit/Home_Freq' is: '3,465'

2024-01-22 18:34:41 - [TEST_STEP][PASSED] - if (strFreq.contains(",")): null

2024-01-22 18:34:41 - [TEST_STEP][PASSED] - strFreq = strFreq.replace(",", ""): null

2024-01-22 18:34:41 - [TEST_STEP][PASSED] - if (strFreq == "NA" || strFreq == ""): null

2024-01-22 18:34:41 - [TEST_STEP][PASSED] - else: null

2024-01-22 18:34:41 - [TEST_STEP][PASSED] - dblFreqAnal = strVol.toDouble() / strFreq.toDouble() * strFreq.toDouble() * strFreq.toDouble() * 100000000: null

2024-01-22 18:34:41 - [TEST_STEP][PASSED] - strFreqAnal = String.format("%.4f", dblFreqAnal): null

2024-01-22 18:34:41 - [TEST_STEP][PASSED] - out.println("Double strFreqAnal: " + strFreqAnal): null

2024-01-22 18:34:41 - [TEST_STEP][PASSED] - strTanggal = d.format(DateTimeFormatter.ofPattern("yyyy-MM-dd")): null

2024-01-22 18:34:41 - [TEST_STEP][PASSED] - strTanggal = "#" + strTanggal + "#": null

2024-01-22 18:34:41 - [TEST_STEP][PASSED] - strSQL = "select count(*) as JumBaris from TblBrokSum where Nama = '" + strNama + "' and Tanggal = " + strTanggal + "": null

2024-01-22 18:34:41 - [TEST_STEP][PASSED] - resultSet = statement.executeQuery(strSQL): null

2024-01-22 18:34:41 - [TEST_STEP][PASSED] - resultSet.next(): null

2024-01-22 18:34:41 - [TEST_STEP][PASSED] - intJumBaris = resultSet.getInt("JumBaris"): null

2024-01-22 18:34:41 - [TEST_STEP][PASSED] - if (intJumBaris > 0): null

2024-01-22 18:34:41 - [TEST_STEP][PASSED] - else: null

2024-01-22 18:34:41 - [TEST_STEP][PASSED] - try: null

2024-01-22 18:34:41 - [TEST_STEP][PASSED] - out.println("Insert data"): null

2024-01-22 18:34:41 - [TEST_STEP][PASSED] - strSQL = "insert into TblBrokSum (nama, tanggal, top1, top2, top3, AllBrokAvg, AccDist, AvgRP, " + "Buyer1, BuyerVal1, BuyerAvg1, Seller1, SellerVal1, SellerAvg1, Buyer2, BuyerVal2, BuyerAvg2, " + "Seller2, SellerVal2, SellerAvg2, Buyer3, BuyerVal3, BuyerAvg3, Seller3, SellerVal3, SellerAvg3, NetVol, NetVal, " + "OpenPrice, LowPrice, HighPrice, ClosePrice, Volume, Change, Frekuensi, FrekAnal) " + "values ('" + strNama + "', " + strTanggal + ", '" + strTop1 + "', '" + strTop3 + "', '" + strTop5 + "', " + "'" + strAllBrokAvg + "', '" + strAccDist + "', " + intAvgRP + ", '" + strBuyer1 + "', '" + strBuyerVol1 + "', " + strBuyerAvg1 + ", " + "'" + strSeller1 + "', '" + strSellerVol1 + "', " + strSellerAvg1 + ", '" + strBuyer2 + "', '" + strBuyerVol2 + "', " + strBuyerAvg2 + ", " + "'" + strSeller2 + "', '" + strSellerVol2 + "', " + strSellerAvg2 + ", '" + strBuyer3 + "', '" + strBuyerVol3 + "', " + strBuyerAvg3 + ", " + "'" + strSeller3 + "', '" + strSellerVol3 + "', " + strSellerAvg3 + ", " + strNetVol + ", '" + strNetVal + "', " + "" + strOpenPrice + ", " + strLowPrice + ", " + strHighPrice + ", " + strClosePrice + ", '" + strVol + "', " + strChange + ", " + strFreq + ", " + strFreqAnal + ");": null

2024-01-22 18:34:41 - [TEST_STEP][PASSED] - out.println("strSQL = " + strSQL): null

2024-01-22 18:34:41 - [TEST_STEP][PASSED] - statement.executeUpdate(strSQL): null

2024-01-22 18:34:41 - [TEST_STEP][PASSED] - setValueToCellByIndex(sheet01, rowIndex, 4, "DONE"): null

2024-01-22 18:34:41 - [TEST_STEP][PASSED] - saveWorkbook(excelFilePath, workbook01): null

2024-01-22 18:34:41 - [TEST_STEP][PASSED] - waitForElementClickable(findTestObject("Stockbit/menu_Bandarmology"), 10): Object 'Object Repository/Stockbit/menu_Bandarmology' is clickable

2024-01-22 18:34:41 - [MESSAGE][PASSED] - Object 'Object Repository/Stockbit/menu_Bandarmology' is clickable

2024-01-22 18:34:41 - [TEST_STEP][PASSED] - click(findTestObject("Stockbit/menu_Bandarmology")): Object: 'Object Repository/Stockbit/menu_Bandarmology' is clicked on

2024-01-22 18:34:42 - [MESSAGE][PASSED] - Object: 'Object Repository/Stockbit/menu_Bandarmology' is clicked on

2024-01-22 18:34:42 - [TEST_STEP][PASSED] - strTemp = "NA": null

2024-01-22 18:34:42 - [TEST_STEP][PASSED] - if (getCellValueByIndex(sheet01, rowIndex, 4) != "DONE"): Object: 'Object Repository/Stockbit/menu_Bandarmology' is clicked on

2024-01-22 18:34:42 - [TEST_STEP][PASSED] - strNama = getCellValueByIndex(sheet01, rowIndex, 0): null

2024-01-22 18:34:42 - [TEST_STEP][PASSED] - navigateToUrl("https://stockbit.com/#/symbol/" + strNama): Navigate to 'https://stockbit.com/#/symbol/BRPT' successfully

2024-01-22 18:34:43 - [MESSAGE][PASSED] - Navigate to 'https://stockbit.com/#/symbol/BRPT' successfully

2024-01-22 18:34:43 - [TEST_STEP][PASSED] - waitForElementClickable(findTestObject("Stockbit/menu_Bandarmology"), 10): Object 'Object Repository/Stockbit/menu_Bandarmology' is clickable

2024-01-22 18:34:43 - [MESSAGE][PASSED] - Object 'Object Repository/Stockbit/menu_Bandarmology' is clickable

2024-01-22 18:34:43 - [TEST_STEP][PASSED] - click(findTestObject("Stockbit/menu_Bandarmology")): Object: 'Object Repository/Stockbit/menu_Bandarmology' is clicked on

2024-01-22 18:34:44 - [MESSAGE][PASSED] - Object: 'Object Repository/Stockbit/menu_Bandarmology' is clicked on

2024-01-22 18:34:44 - [TEST_STEP][PASSED] - strTanggal = d.format(DateTimeFormatter.ofPattern("MMM dd, yyyy")): null

2024-01-22 18:34:44 - [TEST_STEP][PASSED] - strTanggal = d.format(ISO_DATE): null

2024-01-22 18:34:44 - [TEST_STEP][PASSED] - out.println("strTanggal = " + strTanggal): null

2024-01-22 18:34:44 - [TEST_STEP][PASSED] - out.println("strNama = " + strNama): null

2024-01-22 18:34:44 - [TEST_STEP][PASSED] - out.println("Baris ke = " + rowIndex): null

2024-01-22 18:34:44 - [TEST_STEP][PASSED] - click(findTestObject("Stockbit/input__BandarmologyOpenStartDate")): Object: 'Object Repository/Stockbit/input__BandarmologyOpenStartDate' is clicked on

2024-01-22 18:34:46 - [MESSAGE][PASSED] - Object: 'Object Repository/Stockbit/input__BandarmologyOpenStartDate' is clicked on

2024-01-22 18:34:46 - [TEST_STEP][PASSED] - sendKeys(findTestObject("Stockbit/input__BandarmologyOpenStartDate"), Keys.chord(CONTROL, "a")): Keys 'CONTROL + a' sent to object: 'Object Repository/Stockbit/input__BandarmologyOpenStartDate'

2024-01-22 18:34:46 - [MESSAGE][PASSED] - Keys 'CONTROL + a' sent to object: 'Object Repository/Stockbit/input__BandarmologyOpenStartDate'

2024-01-22 18:34:46 - [TEST_STEP][PASSED] - sendKeys(findTestObject("Stockbit/input__BandarmologyOpenStartDate"), Keys.chord(BACK_SPACE)): Keys 'BACK_SPACE + ' sent to object: 'Object Repository/Stockbit/input__BandarmologyOpenStartDate'

2024-01-22 18:34:47 - [MESSAGE][PASSED] - Keys 'BACK_SPACE + ' sent to object: 'Object Repository/Stockbit/input__BandarmologyOpenStartDate'

2024-01-22 18:34:47 - [TEST_STEP][PASSED] - setText(findTestObject("Stockbit/input__BandarmologyOpenStartDate"), strTanggal): Text '2024-01-22' is set on object 'Object Repository/Stockbit/input__BandarmologyOpenStartDate'

2024-01-22 18:34:48 - [MESSAGE][PASSED] - Text '2024-01-22' is set on object 'Object Repository/Stockbit/input__BandarmologyOpenStartDate'

2024-01-22 18:34:48 - [TEST_STEP][PASSED] - sendKeys(findTestObject("Stockbit/input__BandarmologyOpenStartDate"), Keys.chord(ENTER)): Keys 'ENTER + ' sent to object: 'Object Repository/Stockbit/input__BandarmologyOpenStartDate'

2024-01-22 18:34:48 - [MESSAGE][PASSED] - Keys 'ENTER + ' sent to object: 'Object Repository/Stockbit/input__BandarmologyOpenStartDate'

2024-01-22 18:34:48 - [TEST_STEP][PASSED] - click(findTestObject("Stockbit/input__BandarmologyOpenEndDate")): Object: 'Object Repository/Stockbit/input__BandarmologyOpenEndDate' is clicked on

2024-01-22 18:34:49 - [MESSAGE][PASSED] - Object: 'Object Repository/Stockbit/input__BandarmologyOpenEndDate' is clicked on

2024-01-22 18:34:49 - [TEST_STEP][PASSED] - sendKeys(findTestObject("Stockbit/input__BandarmologyOpenEndDate"), Keys.chord(CONTROL, "a")): Keys 'CONTROL + a' sent to object: 'Object Repository/Stockbit/input__BandarmologyOpenEndDate'

2024-01-22 18:34:49 - [MESSAGE][PASSED] - Keys 'CONTROL + a' sent to object: 'Object Repository/Stockbit/input__BandarmologyOpenEndDate'

2024-01-22 18:34:49 - [TEST_STEP][PASSED] - sendKeys(findTestObject("Stockbit/input__BandarmologyOpenEndDate"), Keys.chord(BACK_SPACE)): Keys 'BACK_SPACE + ' sent to object: 'Object Repository/Stockbit/input__BandarmologyOpenEndDate'

2024-01-22 18:34:50 - [MESSAGE][PASSED] - Keys 'BACK_SPACE + ' sent to object: 'Object Repository/Stockbit/input__BandarmologyOpenEndDate'

2024-01-22 18:34:50 - [TEST_STEP][PASSED] - setText(findTestObject("Stockbit/input__BandarmologyOpenEndDate"), strTanggal): Text '2024-01-22' is set on object 'Object Repository/Stockbit/input__BandarmologyOpenEndDate'

2024-01-22 18:34:50 - [MESSAGE][PASSED] - Text '2024-01-22' is set on object 'Object Repository/Stockbit/input__BandarmologyOpenEndDate'

2024-01-22 18:34:50 - [TEST_STEP][PASSED] - sendKeys(findTestObject("Stockbit/input__BandarmologyOpenEndDate"), Keys.chord(ENTER)): Keys 'ENTER + ' sent to object: 'Object Repository/Stockbit/input__BandarmologyOpenEndDate'

2024-01-22 18:34:51 - [MESSAGE][PASSED] - Keys 'ENTER + ' sent to object: 'Object Repository/Stockbit/input__BandarmologyOpenEndDate'

2024-01-22 18:34:51 - [TEST_STEP][PASSED] - delay(2): Delayed 2 second(s)

2024-01-22 18:34:53 - [MESSAGE][PASSED] - Delayed 2 second(s)

2024-01-22 18:34:53 - [TEST_STEP][PASSED] - strTemp = getText(findTestObject("Stockbit/Bandarmology_AvgRP")): Text of object 'Object Repository/Stockbit/Bandarmology_AvgRP' is: '1,087'

2024-01-22 18:34:53 - [MESSAGE][PASSED] - Text of object 'Object Repository/Stockbit/Bandarmology_AvgRP' is: '1,087'

2024-01-22 18:34:53 - [TEST_STEP][PASSED] - out.println("Bandarmology_AvgRP = " + strTemp): null

2024-01-22 18:34:53 - [TEST_STEP][PASSED] - if (strTemp != "0"): null

2024-01-22 18:34:53 - [TEST_STEP][PASSED] - strTop1 = getText(findTestObject("Stockbit/Bandarmology_Top1")): Text of object 'Object Repository/Stockbit/Bandarmology_Top1' is: 'Normal Dist'

2024-01-22 18:34:53 - [MESSAGE][PASSED] - Text of object 'Object Repository/Stockbit/Bandarmology_Top1' is: 'Normal Dist'

2024-01-22 18:34:53 - [TEST_STEP][PASSED] - strTop3 = getText(findTestObject("Stockbit/Bandarmology_Top3")): Text of object 'Object Repository/Stockbit/Bandarmology_Top3' is: 'Big Dist'

2024-01-22 18:34:53 - [MESSAGE][PASSED] - Text of object 'Object Repository/Stockbit/Bandarmology_Top3' is: 'Big Dist'

2024-01-22 18:34:53 - [TEST_STEP][PASSED] - strTop5 = getText(findTestObject("Stockbit/Bandarmology_Top5")): Text of object 'Object Repository/Stockbit/Bandarmology_Top5' is: 'Big Dist'

2024-01-22 18:34:54 - [MESSAGE][PASSED] - Text of object 'Object Repository/Stockbit/Bandarmology_Top5' is: 'Big Dist'

2024-01-22 18:34:54 - [TEST_STEP][PASSED] - strAllBrokAvg = getText(findTestObject("Stockbit/Bandarmology_TopAVG")): Text of object 'Object Repository/Stockbit/Bandarmology_TopAVG' is: 'Big Dist'

2024-01-22 18:34:54 - [MESSAGE][PASSED] - Text of object 'Object Repository/Stockbit/Bandarmology_TopAVG' is: 'Big Dist'

2024-01-22 18:34:54 - [TEST_STEP][PASSED] - strTemp = getText(findTestObject("Stockbit/Bandarmology_AvgRP")): Text of object 'Object Repository/Stockbit/Bandarmology_AvgRP' is: '1,087'

2024-01-22 18:34:54 - [MESSAGE][PASSED] - Text of object 'Object Repository/Stockbit/Bandarmology_AvgRP' is: '1,087'

2024-01-22 18:34:54 - [TEST_STEP][PASSED] - if (strTemp.contains(",")): null

2024-01-22 18:34:54 - [TEST_STEP][PASSED] - strTemp = strTemp.replace(",", ""): null

2024-01-22 18:34:54 - [TEST_STEP][PASSED] - intAvgRP = strTemp.toInteger(): null

2024-01-22 18:34:54 - [TEST_STEP][PASSED] - strBuyer1 = getText(findTestObject("Stockbit/Bandarmology_Buyer1")): Text of object 'Object Repository/Stockbit/Bandarmology_Buyer1' is: 'DR'

2024-01-22 18:34:54 - [MESSAGE][PASSED] - Text of object 'Object Repository/Stockbit/Bandarmology_Buyer1' is: 'DR'

2024-01-22 18:34:54 - [TEST_STEP][PASSED] - strBuyerVol1 = getText(findTestObject("Stockbit/Bandarmology_BuyerVol1")): Text of object 'Object Repository/Stockbit/Bandarmology_BuyerVol1' is: '26.4 K'

2024-01-22 18:34:54 - [MESSAGE][PASSED] - Text of object 'Object Repository/Stockbit/Bandarmology_BuyerVol1' is: '26.4 K'

2024-01-22 18:34:54 - [TEST_STEP][PASSED] - strBuyerAvg1 = getText(findTestObject("Stockbit/Bandarmology_BuyerAvg1")): Text of object 'Object Repository/Stockbit/Bandarmology_BuyerAvg1' is: '1,089'

2024-01-22 18:34:54 - [MESSAGE][PASSED] - Text of object 'Object Repository/Stockbit/Bandarmology_BuyerAvg1' is: '1,089'

2024-01-22 18:34:54 - [TEST_STEP][PASSED] - if (strBuyerAvg1.contains(",")): null

2024-01-22 18:34:54 - [TEST_STEP][PASSED] - strBuyerAvg1 = strBuyerAvg1.replace(",", ""): null

2024-01-22 18:34:54 - [TEST_STEP][PASSED] - if (strBuyerVol1.contains(" B")): null

2024-01-22 18:34:54 - [TEST_STEP][PASSED] - else if (strBuyerVol1.contains(" M")): null

2024-01-22 18:34:54 - [TEST_STEP][PASSED] - else if (strBuyerVol1.contains(" K")): null

2024-01-22 18:34:54 - [TEST_STEP][PASSED] - strBuyerVol1 = strBuyerVol1.replace(" K", ""): null

2024-01-22 18:34:54 - [TEST_STEP][PASSED] - strBuyerVol1 = strBuyerVol1.toDouble() * 1000: null

2024-01-22 18:34:54 - [TEST_STEP][PASSED] - strSeller1 = getText(findTestObject("Stockbit/Bandarmology_Seller1")): Text of object 'Object Repository/Stockbit/Bandarmology_Seller1' is: 'BK'

2024-01-22 18:34:54 - [MESSAGE][PASSED] - Text of object 'Object Repository/Stockbit/Bandarmology_Seller1' is: 'BK'

2024-01-22 18:34:54 - [TEST_STEP][PASSED] - strSellerVol1 = getText(findTestObject("Stockbit/Bandarmology_SellerVol1")): Text of object 'Object Repository/Stockbit/Bandarmology_SellerVol1' is: '69.1 K'

2024-01-22 18:34:55 - [MESSAGE][PASSED] - Text of object 'Object Repository/Stockbit/Bandarmology_SellerVol1' is: '69.1 K'

2024-01-22 18:34:55 - [TEST_STEP][PASSED] - strSellerAvg1 = getText(findTestObject("Stockbit/Bandarmology_SellerAvg1")): Text of object 'Object Repository/Stockbit/Bandarmology_SellerAvg1' is: '1,086'

2024-01-22 18:34:55 - [MESSAGE][PASSED] - Text of object 'Object Repository/Stockbit/Bandarmology_SellerAvg1' is: '1,086'

2024-01-22 18:34:55 - [TEST_STEP][PASSED] - if (strSellerAvg1.contains(",")): null

2024-01-22 18:34:55 - [TEST_STEP][PASSED] - strSellerAvg1 = strSellerAvg1.replace(",", ""): null

2024-01-22 18:34:55 - [TEST_STEP][PASSED] - if (strSellerVol1.contains(" B")): null

2024-01-22 18:34:55 - [TEST_STEP][PASSED] - else if (strSellerVol1.contains(" M")): null

2024-01-22 18:34:55 - [TEST_STEP][PASSED] - else if (strSellerVol1.contains(" K")): null

2024-01-22 18:34:55 - [TEST_STEP][PASSED] - strSellerVol1 = strSellerVol1.replace(" K", ""): null

2024-01-22 18:34:55 - [TEST_STEP][PASSED] - strSellerVol1 = strSellerVol1.toDouble() * 1000: null

2024-01-22 18:34:55 - [TEST_STEP][PASSED] - if (verifyElementNotPresent(findTestObject("Stockbit/Bandarmology_Buyer2"), 1, OPTIONAL)): Web element with id: 'Object Repository/Stockbit/Bandarmology_Buyer2' located by 'By.xpath: //*[contains(@id, 'rc-tabs-')]/div[2]/div/div/div/div/div/div[2]/table/tbody/tr[3]/td[1]/p' is present after '1' second(s) (Root cause: com.kms.katalon.core.exception.StepFailedException: Web element with id: 'Object Repository/Stockbit/Bandarmology_Buyer2' located by 'By.xpath: //*[contains(@id, 'rc-tabs-')]/div[2]/div/div/div/div/div/div[2]/table/tbody/tr[3]/td[1]/p' is present after '1' second(s)
	at com.kms.katalon.core.webui.keyword.internal.WebUIKeywordMain.stepFailed(WebUIKeywordMain.groovy:64)
	at com.kms.katalon.core.webui.keyword.internal.WebUIKeywordMain$stepFailed$0.call(Unknown Source)
	at com.kms.katalon.core.webui.keyword.builtin.VerifyElementNotPresentKeyword$_verifyElementNotPresent_closure1.doCall(VerifyElementNotPresentKeyword.groovy:106)
	at com.kms.katalon.core.webui.keyword.builtin.VerifyElementNotPresentKeyword$_verifyElementNotPresent_closure1.doCall(VerifyElementNotPresentKeyword.groovy)
	at com.kms.katalon.core.webui.keyword.internal.WebUIKeywordMain.runKeyword(WebUIKeywordMain.groovy:20)
	at com.kms.katalon.core.webui.keyword.internal.WebUIKeywordMain$runKeyword.call(Unknown Source)
	at com.kms.katalon.core.webui.keyword.builtin.VerifyElementNotPresentKeyword.verifyElementNotPresent(VerifyElementNotPresentKeyword.groovy:117)
	at com.kms.katalon.core.webui.keyword.builtin.VerifyElementNotPresentKeyword.execute(VerifyElementNotPresentKeyword.groovy:68)
	at com.kms.katalon.core.keyword.internal.KeywordExecutor.executeKeywordForPlatform(KeywordExecutor.groovy:74)
	at com.kms.katalon.core.webui.keyword.WebUiBuiltInKeywords.verifyElementNotPresent(WebUiBuiltInKeywords.groovy:1481)
	at com.kms.katalon.core.webui.keyword.WebUiBuiltInKeywords$verifyElementNotPresent$8.call(Unknown Source)
	at GetBrokSumPriceDaily.run(GetBrokSumPriceDaily:258)
	at com.kms.katalon.core.main.ScriptEngine.run(ScriptEngine.java:194)
	at com.kms.katalon.core.main.ScriptEngine.runScriptAsRawText(ScriptEngine.java:119)
	at com.kms.katalon.core.main.TestCaseExecutor.runScript(TestCaseExecutor.java:445)
	at com.kms.katalon.core.main.TestCaseExecutor.doExecute(TestCaseExecutor.java:436)
	at com.kms.katalon.core.main.TestCaseExecutor.processExecutionPhase(TestCaseExecutor.java:415)
	at com.kms.katalon.core.main.TestCaseExecutor.accessMainPhase(TestCaseExecutor.java:407)
	at com.kms.katalon.core.main.TestCaseExecutor.execute(TestCaseExecutor.java:284)
	at com.kms.katalon.core.common.CommonExecutor.accessTestCaseMainPhase(CommonExecutor.java:65)
	at com.kms.katalon.core.main.TestSuiteExecutor.accessTestSuiteMainPhase(TestSuiteExecutor.java:144)
	at com.kms.katalon.core.main.TestSuiteExecutor.execute(TestSuiteExecutor.java:106)
	at com.kms.katalon.core.main.TestCaseMain.startTestSuite(TestCaseMain.java:185)
	at com.kms.katalon.core.main.TestCaseMain$startTestSuite$0.call(Unknown Source)
	at TempTestSuite1705923140048.run(TempTestSuite1705923140048.groovy:36)
)

2024-01-22 18:34:56 - [MESSAGE][WARNING] - Web element with id: 'Object Repository/Stockbit/Bandarmology_Buyer2' located by 'By.xpath: //*[contains(@id, 'rc-tabs-')]/div[2]/div/div/div/div/div/div[2]/table/tbody/tr[3]/td[1]/p' is present after '1' second(s) (Root cause: com.kms.katalon.core.exception.StepFailedException: Web element with id: 'Object Repository/Stockbit/Bandarmology_Buyer2' located by 'By.xpath: //*[contains(@id, 'rc-tabs-')]/div[2]/div/div/div/div/div/div[2]/table/tbody/tr[3]/td[1]/p' is present after '1' second(s)
	at com.kms.katalon.core.webui.keyword.internal.WebUIKeywordMain.stepFailed(WebUIKeywordMain.groovy:64)
	at com.kms.katalon.core.webui.keyword.internal.WebUIKeywordMain$stepFailed$0.call(Unknown Source)
	at com.kms.katalon.core.webui.keyword.builtin.VerifyElementNotPresentKeyword$_verifyElementNotPresent_closure1.doCall(VerifyElementNotPresentKeyword.groovy:106)
	at com.kms.katalon.core.webui.keyword.builtin.VerifyElementNotPresentKeyword$_verifyElementNotPresent_closure1.doCall(VerifyElementNotPresentKeyword.groovy)
	at com.kms.katalon.core.webui.keyword.internal.WebUIKeywordMain.runKeyword(WebUIKeywordMain.groovy:20)
	at com.kms.katalon.core.webui.keyword.internal.WebUIKeywordMain$runKeyword.call(Unknown Source)
	at com.kms.katalon.core.webui.keyword.builtin.VerifyElementNotPresentKeyword.verifyElementNotPresent(VerifyElementNotPresentKeyword.groovy:117)
	at com.kms.katalon.core.webui.keyword.builtin.VerifyElementNotPresentKeyword.execute(VerifyElementNotPresentKeyword.groovy:68)
	at com.kms.katalon.core.keyword.internal.KeywordExecutor.executeKeywordForPlatform(KeywordExecutor.groovy:74)
	at com.kms.katalon.core.webui.keyword.WebUiBuiltInKeywords.verifyElementNotPresent(WebUiBuiltInKeywords.groovy:1481)
	at com.kms.katalon.core.webui.keyword.WebUiBuiltInKeywords$verifyElementNotPresent$8.call(Unknown Source)
	at GetBrokSumPriceDaily.run(GetBrokSumPriceDaily:258)
	at com.kms.katalon.core.main.ScriptEngine.run(ScriptEngine.java:194)
	at com.kms.katalon.core.main.ScriptEngine.runScriptAsRawText(ScriptEngine.java:119)
	at com.kms.katalon.core.main.TestCaseExecutor.runScript(TestCaseExecutor.java:445)
	at com.kms.katalon.core.main.TestCaseExecutor.doExecute(TestCaseExecutor.java:436)
	at com.kms.katalon.core.main.TestCaseExecutor.processExecutionPhase(TestCaseExecutor.java:415)
	at com.kms.katalon.core.main.TestCaseExecutor.accessMainPhase(TestCaseExecutor.java:407)
	at com.kms.katalon.core.main.TestCaseExecutor.execute(TestCaseExecutor.java:284)
	at com.kms.katalon.core.common.CommonExecutor.accessTestCaseMainPhase(CommonExecutor.java:65)
	at com.kms.katalon.core.main.TestSuiteExecutor.accessTestSuiteMainPhase(TestSuiteExecutor.java:144)
	at com.kms.katalon.core.main.TestSuiteExecutor.execute(TestSuiteExecutor.java:106)
	at com.kms.katalon.core.main.TestCaseMain.startTestSuite(TestCaseMain.java:185)
	at com.kms.katalon.core.main.TestCaseMain$startTestSuite$0.call(Unknown Source)
	at TempTestSuite1705923140048.run(TempTestSuite1705923140048.groovy:36)
)
[[ATTACHMENT|C:\\Users\\Fadli\\git\\KatalonDailyGetData2\\Reports\\20240122_174123\\TS1\\20240122_183220\\1705923296428.png]]

2024-01-22 18:34:56 - [TEST_STEP][PASSED] - else: null

2024-01-22 18:34:56 - [TEST_STEP][PASSED] - strBuyer2 = getText(findTestObject("Stockbit/Bandarmology_Buyer2")): Text of object 'Object Repository/Stockbit/Bandarmology_Buyer2' is: 'AK'

2024-01-22 18:34:56 - [MESSAGE][PASSED] - Text of object 'Object Repository/Stockbit/Bandarmology_Buyer2' is: 'AK'

2024-01-22 18:34:56 - [TEST_STEP][PASSED] - strBuyerVol2 = getText(findTestObject("Stockbit/Bandarmology_BuyerVol2")): Text of object 'Object Repository/Stockbit/Bandarmology_BuyerVol2' is: '24.2 K'

2024-01-22 18:34:56 - [MESSAGE][PASSED] - Text of object 'Object Repository/Stockbit/Bandarmology_BuyerVol2' is: '24.2 K'

2024-01-22 18:34:56 - [TEST_STEP][PASSED] - strBuyerAvg2 = getText(findTestObject("Stockbit/Bandarmology_BuyerAvg2")): Text of object 'Object Repository/Stockbit/Bandarmology_BuyerAvg2' is: '1,089'

2024-01-22 18:34:57 - [MESSAGE][PASSED] - Text of object 'Object Repository/Stockbit/Bandarmology_BuyerAvg2' is: '1,089'

2024-01-22 18:34:57 - [TEST_STEP][PASSED] - if (strBuyer2 != ""): null

2024-01-22 18:34:57 - [TEST_STEP][PASSED] - if (strBuyerAvg2.contains(",")): null

2024-01-22 18:34:57 - [TEST_STEP][PASSED] - strBuyerAvg2 = strBuyerAvg2.replace(",", ""): null

2024-01-22 18:34:57 - [TEST_STEP][PASSED] - if (strBuyerVol2.contains(" B")): null

2024-01-22 18:34:57 - [TEST_STEP][PASSED] - else if (strBuyerVol2.contains(" M")): null

2024-01-22 18:34:57 - [TEST_STEP][PASSED] - else if (strBuyerVol2.contains(" K")): null

2024-01-22 18:34:57 - [TEST_STEP][PASSED] - strBuyerVol2 = strBuyerVol2.replace(" K", ""): null

2024-01-22 18:34:57 - [TEST_STEP][PASSED] - strBuyerVol2 = strBuyerVol2.toDouble() * 1000: null

2024-01-22 18:34:57 - [TEST_STEP][PASSED] - if (strBuyerVol2.contains(".")): null

2024-01-22 18:34:57 - [TEST_STEP][PASSED] - strBuyerVal2 = strBuyerVol2.replace(".", ""): null

2024-01-22 18:34:57 - [TEST_STEP][PASSED] - if (verifyElementNotPresent(findTestObject("Stockbit/Bandarmology_Seller2"), 1, OPTIONAL)): Web element with id: 'Object Repository/Stockbit/Bandarmology_Seller2' located by 'By.xpath: //*[contains(@id, 'rc-tabs-')]/div[2]/div/div/div/div/div/div[2]/table/tbody/tr[3]/td[5]/p' is present after '1' second(s) (Root cause: com.kms.katalon.core.exception.StepFailedException: Web element with id: 'Object Repository/Stockbit/Bandarmology_Seller2' located by 'By.xpath: //*[contains(@id, 'rc-tabs-')]/div[2]/div/div/div/div/div/div[2]/table/tbody/tr[3]/td[5]/p' is present after '1' second(s)
	at com.kms.katalon.core.webui.keyword.internal.WebUIKeywordMain.stepFailed(WebUIKeywordMain.groovy:64)
	at com.kms.katalon.core.webui.keyword.internal.WebUIKeywordMain$stepFailed$0.call(Unknown Source)
	at com.kms.katalon.core.webui.keyword.builtin.VerifyElementNotPresentKeyword$_verifyElementNotPresent_closure1.doCall(VerifyElementNotPresentKeyword.groovy:106)
	at com.kms.katalon.core.webui.keyword.builtin.VerifyElementNotPresentKeyword$_verifyElementNotPresent_closure1.doCall(VerifyElementNotPresentKeyword.groovy)
	at com.kms.katalon.core.webui.keyword.internal.WebUIKeywordMain.runKeyword(WebUIKeywordMain.groovy:20)
	at com.kms.katalon.core.webui.keyword.internal.WebUIKeywordMain$runKeyword.call(Unknown Source)
	at com.kms.katalon.core.webui.keyword.builtin.VerifyElementNotPresentKeyword.verifyElementNotPresent(VerifyElementNotPresentKeyword.groovy:117)
	at com.kms.katalon.core.webui.keyword.builtin.VerifyElementNotPresentKeyword.execute(VerifyElementNotPresentKeyword.groovy:68)
	at com.kms.katalon.core.keyword.internal.KeywordExecutor.executeKeywordForPlatform(KeywordExecutor.groovy:74)
	at com.kms.katalon.core.webui.keyword.WebUiBuiltInKeywords.verifyElementNotPresent(WebUiBuiltInKeywords.groovy:1481)
	at com.kms.katalon.core.webui.keyword.WebUiBuiltInKeywords$verifyElementNotPresent$8.call(Unknown Source)
	at GetBrokSumPriceDaily.run(GetBrokSumPriceDaily:309)
	at com.kms.katalon.core.main.ScriptEngine.run(ScriptEngine.java:194)
	at com.kms.katalon.core.main.ScriptEngine.runScriptAsRawText(ScriptEngine.java:119)
	at com.kms.katalon.core.main.TestCaseExecutor.runScript(TestCaseExecutor.java:445)
	at com.kms.katalon.core.main.TestCaseExecutor.doExecute(TestCaseExecutor.java:436)
	at com.kms.katalon.core.main.TestCaseExecutor.processExecutionPhase(TestCaseExecutor.java:415)
	at com.kms.katalon.core.main.TestCaseExecutor.accessMainPhase(TestCaseExecutor.java:407)
	at com.kms.katalon.core.main.TestCaseExecutor.execute(TestCaseExecutor.java:284)
	at com.kms.katalon.core.common.CommonExecutor.accessTestCaseMainPhase(CommonExecutor.java:65)
	at com.kms.katalon.core.main.TestSuiteExecutor.accessTestSuiteMainPhase(TestSuiteExecutor.java:144)
	at com.kms.katalon.core.main.TestSuiteExecutor.execute(TestSuiteExecutor.java:106)
	at com.kms.katalon.core.main.TestCaseMain.startTestSuite(TestCaseMain.java:185)
	at com.kms.katalon.core.main.TestCaseMain$startTestSuite$0.call(Unknown Source)
	at TempTestSuite1705923140048.run(TempTestSuite1705923140048.groovy:36)
)

2024-01-22 18:34:58 - [MESSAGE][WARNING] - Web element with id: 'Object Repository/Stockbit/Bandarmology_Seller2' located by 'By.xpath: //*[contains(@id, 'rc-tabs-')]/div[2]/div/div/div/div/div/div[2]/table/tbody/tr[3]/td[5]/p' is present after '1' second(s) (Root cause: com.kms.katalon.core.exception.StepFailedException: Web element with id: 'Object Repository/Stockbit/Bandarmology_Seller2' located by 'By.xpath: //*[contains(@id, 'rc-tabs-')]/div[2]/div/div/div/div/div/div[2]/table/tbody/tr[3]/td[5]/p' is present after '1' second(s)
	at com.kms.katalon.core.webui.keyword.internal.WebUIKeywordMain.stepFailed(WebUIKeywordMain.groovy:64)
	at com.kms.katalon.core.webui.keyword.internal.WebUIKeywordMain$stepFailed$0.call(Unknown Source)
	at com.kms.katalon.core.webui.keyword.builtin.VerifyElementNotPresentKeyword$_verifyElementNotPresent_closure1.doCall(VerifyElementNotPresentKeyword.groovy:106)
	at com.kms.katalon.core.webui.keyword.builtin.VerifyElementNotPresentKeyword$_verifyElementNotPresent_closure1.doCall(VerifyElementNotPresentKeyword.groovy)
	at com.kms.katalon.core.webui.keyword.internal.WebUIKeywordMain.runKeyword(WebUIKeywordMain.groovy:20)
	at com.kms.katalon.core.webui.keyword.internal.WebUIKeywordMain$runKeyword.call(Unknown Source)
	at com.kms.katalon.core.webui.keyword.builtin.VerifyElementNotPresentKeyword.verifyElementNotPresent(VerifyElementNotPresentKeyword.groovy:117)
	at com.kms.katalon.core.webui.keyword.builtin.VerifyElementNotPresentKeyword.execute(VerifyElementNotPresentKeyword.groovy:68)
	at com.kms.katalon.core.keyword.internal.KeywordExecutor.executeKeywordForPlatform(KeywordExecutor.groovy:74)
	at com.kms.katalon.core.webui.keyword.WebUiBuiltInKeywords.verifyElementNotPresent(WebUiBuiltInKeywords.groovy:1481)
	at com.kms.katalon.core.webui.keyword.WebUiBuiltInKeywords$verifyElementNotPresent$8.call(Unknown Source)
	at GetBrokSumPriceDaily.run(GetBrokSumPriceDaily:309)
	at com.kms.katalon.core.main.ScriptEngine.run(ScriptEngine.java:194)
	at com.kms.katalon.core.main.ScriptEngine.runScriptAsRawText(ScriptEngine.java:119)
	at com.kms.katalon.core.main.TestCaseExecutor.runScript(TestCaseExecutor.java:445)
	at com.kms.katalon.core.main.TestCaseExecutor.doExecute(TestCaseExecutor.java:436)
	at com.kms.katalon.core.main.TestCaseExecutor.processExecutionPhase(TestCaseExecutor.java:415)
	at com.kms.katalon.core.main.TestCaseExecutor.accessMainPhase(TestCaseExecutor.java:407)
	at com.kms.katalon.core.main.TestCaseExecutor.execute(TestCaseExecutor.java:284)
	at com.kms.katalon.core.common.CommonExecutor.accessTestCaseMainPhase(CommonExecutor.java:65)
	at com.kms.katalon.core.main.TestSuiteExecutor.accessTestSuiteMainPhase(TestSuiteExecutor.java:144)
	at com.kms.katalon.core.main.TestSuiteExecutor.execute(TestSuiteExecutor.java:106)
	at com.kms.katalon.core.main.TestCaseMain.startTestSuite(TestCaseMain.java:185)
	at com.kms.katalon.core.main.TestCaseMain$startTestSuite$0.call(Unknown Source)
	at TempTestSuite1705923140048.run(TempTestSuite1705923140048.groovy:36)
)
[[ATTACHMENT|C:\\Users\\Fadli\\git\\KatalonDailyGetData2\\Reports\\20240122_174123\\TS1\\20240122_183220\\1705923298402.png]]

2024-01-22 18:34:58 - [TEST_STEP][PASSED] - else: null

2024-01-22 18:34:58 - [TEST_STEP][PASSED] - strSeller2 = getText(findTestObject("Stockbit/Bandarmology_Seller2")): Text of object 'Object Repository/Stockbit/Bandarmology_Seller2' is: 'SQ'

2024-01-22 18:34:58 - [MESSAGE][PASSED] - Text of object 'Object Repository/Stockbit/Bandarmology_Seller2' is: 'SQ'

2024-01-22 18:34:58 - [TEST_STEP][PASSED] - strSellerVol2 = getText(findTestObject("Stockbit/Bandarmology_SellerVol2")): Text of object 'Object Repository/Stockbit/Bandarmology_SellerVol2' is: '66.2 K'

2024-01-22 18:34:58 - [MESSAGE][PASSED] - Text of object 'Object Repository/Stockbit/Bandarmology_SellerVol2' is: '66.2 K'

2024-01-22 18:34:58 - [TEST_STEP][PASSED] - strSellerAvg2 = getText(findTestObject("Stockbit/Bandarmology_SellerAvg2")): Text of object 'Object Repository/Stockbit/Bandarmology_SellerAvg2' is: '1,078'

2024-01-22 18:34:59 - [MESSAGE][PASSED] - Text of object 'Object Repository/Stockbit/Bandarmology_SellerAvg2' is: '1,078'

2024-01-22 18:34:59 - [TEST_STEP][PASSED] - if (strSeller2 != ""): null

2024-01-22 18:34:59 - [TEST_STEP][PASSED] - if (strSellerAvg2.contains(",")): null

2024-01-22 18:34:59 - [TEST_STEP][PASSED] - strSellerAvg2 = strSellerAvg2.replace(",", ""): null

2024-01-22 18:34:59 - [TEST_STEP][PASSED] - if (strSellerVol2.contains(" B")): null

2024-01-22 18:34:59 - [TEST_STEP][PASSED] - else if (strSellerVol2.contains(" M")): null

2024-01-22 18:34:59 - [TEST_STEP][PASSED] - else if (strSellerVol2.contains(" K")): null

2024-01-22 18:34:59 - [TEST_STEP][PASSED] - strSellerVol2 = strSellerVol2.replace(" K", ""): null

2024-01-22 18:34:59 - [TEST_STEP][PASSED] - strSellerVol2 = strSellerVol2.toDouble() * 1000: null

2024-01-22 18:34:59 - [TEST_STEP][PASSED] - if (verifyElementNotPresent(findTestObject("Stockbit/Bandarmology_Buyer3"), 1, OPTIONAL)): Web element with id: 'Object Repository/Stockbit/Bandarmology_Buyer3' located by 'By.xpath: //*[contains(@id, 'rc-tabs-')]/div[2]/div/div/div/div/div/div[2]/table/tbody/tr[4]/td[1]/p' is present after '1' second(s) (Root cause: com.kms.katalon.core.exception.StepFailedException: Web element with id: 'Object Repository/Stockbit/Bandarmology_Buyer3' located by 'By.xpath: //*[contains(@id, 'rc-tabs-')]/div[2]/div/div/div/div/div/div[2]/table/tbody/tr[4]/td[1]/p' is present after '1' second(s)
	at com.kms.katalon.core.webui.keyword.internal.WebUIKeywordMain.stepFailed(WebUIKeywordMain.groovy:64)
	at com.kms.katalon.core.webui.keyword.internal.WebUIKeywordMain$stepFailed$0.call(Unknown Source)
	at com.kms.katalon.core.webui.keyword.builtin.VerifyElementNotPresentKeyword$_verifyElementNotPresent_closure1.doCall(VerifyElementNotPresentKeyword.groovy:106)
	at com.kms.katalon.core.webui.keyword.builtin.VerifyElementNotPresentKeyword$_verifyElementNotPresent_closure1.doCall(VerifyElementNotPresentKeyword.groovy)
	at com.kms.katalon.core.webui.keyword.internal.WebUIKeywordMain.runKeyword(WebUIKeywordMain.groovy:20)
	at com.kms.katalon.core.webui.keyword.internal.WebUIKeywordMain$runKeyword.call(Unknown Source)
	at com.kms.katalon.core.webui.keyword.builtin.VerifyElementNotPresentKeyword.verifyElementNotPresent(VerifyElementNotPresentKeyword.groovy:117)
	at com.kms.katalon.core.webui.keyword.builtin.VerifyElementNotPresentKeyword.execute(VerifyElementNotPresentKeyword.groovy:68)
	at com.kms.katalon.core.keyword.internal.KeywordExecutor.executeKeywordForPlatform(KeywordExecutor.groovy:74)
	at com.kms.katalon.core.webui.keyword.WebUiBuiltInKeywords.verifyElementNotPresent(WebUiBuiltInKeywords.groovy:1481)
	at com.kms.katalon.core.webui.keyword.WebUiBuiltInKeywords$verifyElementNotPresent$8.call(Unknown Source)
	at GetBrokSumPriceDaily.run(GetBrokSumPriceDaily:361)
	at com.kms.katalon.core.main.ScriptEngine.run(ScriptEngine.java:194)
	at com.kms.katalon.core.main.ScriptEngine.runScriptAsRawText(ScriptEngine.java:119)
	at com.kms.katalon.core.main.TestCaseExecutor.runScript(TestCaseExecutor.java:445)
	at com.kms.katalon.core.main.TestCaseExecutor.doExecute(TestCaseExecutor.java:436)
	at com.kms.katalon.core.main.TestCaseExecutor.processExecutionPhase(TestCaseExecutor.java:415)
	at com.kms.katalon.core.main.TestCaseExecutor.accessMainPhase(TestCaseExecutor.java:407)
	at com.kms.katalon.core.main.TestCaseExecutor.execute(TestCaseExecutor.java:284)
	at com.kms.katalon.core.common.CommonExecutor.accessTestCaseMainPhase(CommonExecutor.java:65)
	at com.kms.katalon.core.main.TestSuiteExecutor.accessTestSuiteMainPhase(TestSuiteExecutor.java:144)
	at com.kms.katalon.core.main.TestSuiteExecutor.execute(TestSuiteExecutor.java:106)
	at com.kms.katalon.core.main.TestCaseMain.startTestSuite(TestCaseMain.java:185)
	at com.kms.katalon.core.main.TestCaseMain$startTestSuite$0.call(Unknown Source)
	at TempTestSuite1705923140048.run(TempTestSuite1705923140048.groovy:36)
)

2024-01-22 18:35:00 - [MESSAGE][WARNING] - Web element with id: 'Object Repository/Stockbit/Bandarmology_Buyer3' located by 'By.xpath: //*[contains(@id, 'rc-tabs-')]/div[2]/div/div/div/div/div/div[2]/table/tbody/tr[4]/td[1]/p' is present after '1' second(s) (Root cause: com.kms.katalon.core.exception.StepFailedException: Web element with id: 'Object Repository/Stockbit/Bandarmology_Buyer3' located by 'By.xpath: //*[contains(@id, 'rc-tabs-')]/div[2]/div/div/div/div/div/div[2]/table/tbody/tr[4]/td[1]/p' is present after '1' second(s)
	at com.kms.katalon.core.webui.keyword.internal.WebUIKeywordMain.stepFailed(WebUIKeywordMain.groovy:64)
	at com.kms.katalon.core.webui.keyword.internal.WebUIKeywordMain$stepFailed$0.call(Unknown Source)
	at com.kms.katalon.core.webui.keyword.builtin.VerifyElementNotPresentKeyword$_verifyElementNotPresent_closure1.doCall(VerifyElementNotPresentKeyword.groovy:106)
	at com.kms.katalon.core.webui.keyword.builtin.VerifyElementNotPresentKeyword$_verifyElementNotPresent_closure1.doCall(VerifyElementNotPresentKeyword.groovy)
	at com.kms.katalon.core.webui.keyword.internal.WebUIKeywordMain.runKeyword(WebUIKeywordMain.groovy:20)
	at com.kms.katalon.core.webui.keyword.internal.WebUIKeywordMain$runKeyword.call(Unknown Source)
	at com.kms.katalon.core.webui.keyword.builtin.VerifyElementNotPresentKeyword.verifyElementNotPresent(VerifyElementNotPresentKeyword.groovy:117)
	at com.kms.katalon.core.webui.keyword.builtin.VerifyElementNotPresentKeyword.execute(VerifyElementNotPresentKeyword.groovy:68)
	at com.kms.katalon.core.keyword.internal.KeywordExecutor.executeKeywordForPlatform(KeywordExecutor.groovy:74)
	at com.kms.katalon.core.webui.keyword.WebUiBuiltInKeywords.verifyElementNotPresent(WebUiBuiltInKeywords.groovy:1481)
	at com.kms.katalon.core.webui.keyword.WebUiBuiltInKeywords$verifyElementNotPresent$8.call(Unknown Source)
	at GetBrokSumPriceDaily.run(GetBrokSumPriceDaily:361)
	at com.kms.katalon.core.main.ScriptEngine.run(ScriptEngine.java:194)
	at com.kms.katalon.core.main.ScriptEngine.runScriptAsRawText(ScriptEngine.java:119)
	at com.kms.katalon.core.main.TestCaseExecutor.runScript(TestCaseExecutor.java:445)
	at com.kms.katalon.core.main.TestCaseExecutor.doExecute(TestCaseExecutor.java:436)
	at com.kms.katalon.core.main.TestCaseExecutor.processExecutionPhase(TestCaseExecutor.java:415)
	at com.kms.katalon.core.main.TestCaseExecutor.accessMainPhase(TestCaseExecutor.java:407)
	at com.kms.katalon.core.main.TestCaseExecutor.execute(TestCaseExecutor.java:284)
	at com.kms.katalon.core.common.CommonExecutor.accessTestCaseMainPhase(CommonExecutor.java:65)
	at com.kms.katalon.core.main.TestSuiteExecutor.accessTestSuiteMainPhase(TestSuiteExecutor.java:144)
	at com.kms.katalon.core.main.TestSuiteExecutor.execute(TestSuiteExecutor.java:106)
	at com.kms.katalon.core.main.TestCaseMain.startTestSuite(TestCaseMain.java:185)
	at com.kms.katalon.core.main.TestCaseMain$startTestSuite$0.call(Unknown Source)
	at TempTestSuite1705923140048.run(TempTestSuite1705923140048.groovy:36)
)
[[ATTACHMENT|C:\\Users\\Fadli\\git\\KatalonDailyGetData2\\Reports\\20240122_174123\\TS1\\20240122_183220\\1705923300320.png]]

2024-01-22 18:35:00 - [TEST_STEP][PASSED] - else: null

2024-01-22 18:35:00 - [TEST_STEP][PASSED] - strBuyer3 = getText(findTestObject("Stockbit/Bandarmology_Buyer3")): Text of object 'Object Repository/Stockbit/Bandarmology_Buyer3' is: 'DH'

2024-01-22 18:35:00 - [MESSAGE][PASSED] - Text of object 'Object Repository/Stockbit/Bandarmology_Buyer3' is: 'DH'

2024-01-22 18:35:00 - [TEST_STEP][PASSED] - strBuyerVol3 = getText(findTestObject("Stockbit/Bandarmology_BuyerVol3")): Text of object 'Object Repository/Stockbit/Bandarmology_BuyerVol3' is: '22.5 K'

2024-01-22 18:35:00 - [MESSAGE][PASSED] - Text of object 'Object Repository/Stockbit/Bandarmology_BuyerVol3' is: '22.5 K'

2024-01-22 18:35:00 - [TEST_STEP][PASSED] - strBuyerAvg3 = getText(findTestObject("Stockbit/Bandarmology_BuyerAvg3")): Text of object 'Object Repository/Stockbit/Bandarmology_BuyerAvg3' is: '1,092'

2024-01-22 18:35:00 - [MESSAGE][PASSED] - Text of object 'Object Repository/Stockbit/Bandarmology_BuyerAvg3' is: '1,092'

2024-01-22 18:35:00 - [TEST_STEP][PASSED] - if (strBuyer3 != ""): null

2024-01-22 18:35:00 - [TEST_STEP][PASSED] - if (strBuyerAvg3.contains(",")): null

2024-01-22 18:35:00 - [TEST_STEP][PASSED] - strBuyerAvg3 = strBuyerAvg3.replace(",", ""): null

2024-01-22 18:35:00 - [TEST_STEP][PASSED] - if (strBuyerVol3.contains(" B")): null

2024-01-22 18:35:00 - [TEST_STEP][PASSED] - else if (strBuyerVol3.contains(" M")): null

2024-01-22 18:35:00 - [TEST_STEP][PASSED] - else if (strBuyerVol3.contains(" K")): null

2024-01-22 18:35:00 - [TEST_STEP][PASSED] - strBuyerVol3 = strBuyerVol3.replace(" K", ""): null

2024-01-22 18:35:00 - [TEST_STEP][PASSED] - strBuyerVol3 = strBuyerVol3.toDouble() * 1000: null

2024-01-22 18:35:00 - [TEST_STEP][PASSED] - if (verifyElementNotPresent(findTestObject("Stockbit/Bandarmology_Seller3"), 1, OPTIONAL)): Web element with id: 'Object Repository/Stockbit/Bandarmology_Seller3' located by 'By.xpath: //*[contains(@id, 'rc-tabs-')]/div[2]/div/div/div/div/div/div[2]/table/tbody/tr[4]/td[5]/p' is present after '1' second(s) (Root cause: com.kms.katalon.core.exception.StepFailedException: Web element with id: 'Object Repository/Stockbit/Bandarmology_Seller3' located by 'By.xpath: //*[contains(@id, 'rc-tabs-')]/div[2]/div/div/div/div/div/div[2]/table/tbody/tr[4]/td[5]/p' is present after '1' second(s)
	at com.kms.katalon.core.webui.keyword.internal.WebUIKeywordMain.stepFailed(WebUIKeywordMain.groovy:64)
	at com.kms.katalon.core.webui.keyword.internal.WebUIKeywordMain$stepFailed$0.call(Unknown Source)
	at com.kms.katalon.core.webui.keyword.builtin.VerifyElementNotPresentKeyword$_verifyElementNotPresent_closure1.doCall(VerifyElementNotPresentKeyword.groovy:106)
	at com.kms.katalon.core.webui.keyword.builtin.VerifyElementNotPresentKeyword$_verifyElementNotPresent_closure1.doCall(VerifyElementNotPresentKeyword.groovy)
	at com.kms.katalon.core.webui.keyword.internal.WebUIKeywordMain.runKeyword(WebUIKeywordMain.groovy:20)
	at com.kms.katalon.core.webui.keyword.internal.WebUIKeywordMain$runKeyword.call(Unknown Source)
	at com.kms.katalon.core.webui.keyword.builtin.VerifyElementNotPresentKeyword.verifyElementNotPresent(VerifyElementNotPresentKeyword.groovy:117)
	at com.kms.katalon.core.webui.keyword.builtin.VerifyElementNotPresentKeyword.execute(VerifyElementNotPresentKeyword.groovy:68)
	at com.kms.katalon.core.keyword.internal.KeywordExecutor.executeKeywordForPlatform(KeywordExecutor.groovy:74)
	at com.kms.katalon.core.webui.keyword.WebUiBuiltInKeywords.verifyElementNotPresent(WebUiBuiltInKeywords.groovy:1481)
	at com.kms.katalon.core.webui.keyword.WebUiBuiltInKeywords$verifyElementNotPresent$8.call(Unknown Source)
	at GetBrokSumPriceDaily.run(GetBrokSumPriceDaily:414)
	at com.kms.katalon.core.main.ScriptEngine.run(ScriptEngine.java:194)
	at com.kms.katalon.core.main.ScriptEngine.runScriptAsRawText(ScriptEngine.java:119)
	at com.kms.katalon.core.main.TestCaseExecutor.runScript(TestCaseExecutor.java:445)
	at com.kms.katalon.core.main.TestCaseExecutor.doExecute(TestCaseExecutor.java:436)
	at com.kms.katalon.core.main.TestCaseExecutor.processExecutionPhase(TestCaseExecutor.java:415)
	at com.kms.katalon.core.main.TestCaseExecutor.accessMainPhase(TestCaseExecutor.java:407)
	at com.kms.katalon.core.main.TestCaseExecutor.execute(TestCaseExecutor.java:284)
	at com.kms.katalon.core.common.CommonExecutor.accessTestCaseMainPhase(CommonExecutor.java:65)
	at com.kms.katalon.core.main.TestSuiteExecutor.accessTestSuiteMainPhase(TestSuiteExecutor.java:144)
	at com.kms.katalon.core.main.TestSuiteExecutor.execute(TestSuiteExecutor.java:106)
	at com.kms.katalon.core.main.TestCaseMain.startTestSuite(TestCaseMain.java:185)
	at com.kms.katalon.core.main.TestCaseMain$startTestSuite$0.call(Unknown Source)
	at TempTestSuite1705923140048.run(TempTestSuite1705923140048.groovy:36)
)

2024-01-22 18:35:02 - [MESSAGE][WARNING] - Web element with id: 'Object Repository/Stockbit/Bandarmology_Seller3' located by 'By.xpath: //*[contains(@id, 'rc-tabs-')]/div[2]/div/div/div/div/div/div[2]/table/tbody/tr[4]/td[5]/p' is present after '1' second(s) (Root cause: com.kms.katalon.core.exception.StepFailedException: Web element with id: 'Object Repository/Stockbit/Bandarmology_Seller3' located by 'By.xpath: //*[contains(@id, 'rc-tabs-')]/div[2]/div/div/div/div/div/div[2]/table/tbody/tr[4]/td[5]/p' is present after '1' second(s)
	at com.kms.katalon.core.webui.keyword.internal.WebUIKeywordMain.stepFailed(WebUIKeywordMain.groovy:64)
	at com.kms.katalon.core.webui.keyword.internal.WebUIKeywordMain$stepFailed$0.call(Unknown Source)
	at com.kms.katalon.core.webui.keyword.builtin.VerifyElementNotPresentKeyword$_verifyElementNotPresent_closure1.doCall(VerifyElementNotPresentKeyword.groovy:106)
	at com.kms.katalon.core.webui.keyword.builtin.VerifyElementNotPresentKeyword$_verifyElementNotPresent_closure1.doCall(VerifyElementNotPresentKeyword.groovy)
	at com.kms.katalon.core.webui.keyword.internal.WebUIKeywordMain.runKeyword(WebUIKeywordMain.groovy:20)
	at com.kms.katalon.core.webui.keyword.internal.WebUIKeywordMain$runKeyword.call(Unknown Source)
	at com.kms.katalon.core.webui.keyword.builtin.VerifyElementNotPresentKeyword.verifyElementNotPresent(VerifyElementNotPresentKeyword.groovy:117)
	at com.kms.katalon.core.webui.keyword.builtin.VerifyElementNotPresentKeyword.execute(VerifyElementNotPresentKeyword.groovy:68)
	at com.kms.katalon.core.keyword.internal.KeywordExecutor.executeKeywordForPlatform(KeywordExecutor.groovy:74)
	at com.kms.katalon.core.webui.keyword.WebUiBuiltInKeywords.verifyElementNotPresent(WebUiBuiltInKeywords.groovy:1481)
	at com.kms.katalon.core.webui.keyword.WebUiBuiltInKeywords$verifyElementNotPresent$8.call(Unknown Source)
	at GetBrokSumPriceDaily.run(GetBrokSumPriceDaily:414)
	at com.kms.katalon.core.main.ScriptEngine.run(ScriptEngine.java:194)
	at com.kms.katalon.core.main.ScriptEngine.runScriptAsRawText(ScriptEngine.java:119)
	at com.kms.katalon.core.main.TestCaseExecutor.runScript(TestCaseExecutor.java:445)
	at com.kms.katalon.core.main.TestCaseExecutor.doExecute(TestCaseExecutor.java:436)
	at com.kms.katalon.core.main.TestCaseExecutor.processExecutionPhase(TestCaseExecutor.java:415)
	at com.kms.katalon.core.main.TestCaseExecutor.accessMainPhase(TestCaseExecutor.java:407)
	at com.kms.katalon.core.main.TestCaseExecutor.execute(TestCaseExecutor.java:284)
	at com.kms.katalon.core.common.CommonExecutor.accessTestCaseMainPhase(CommonExecutor.java:65)
	at com.kms.katalon.core.main.TestSuiteExecutor.accessTestSuiteMainPhase(TestSuiteExecutor.java:144)
	at com.kms.katalon.core.main.TestSuiteExecutor.execute(TestSuiteExecutor.java:106)
	at com.kms.katalon.core.main.TestCaseMain.startTestSuite(TestCaseMain.java:185)
	at com.kms.katalon.core.main.TestCaseMain$startTestSuite$0.call(Unknown Source)
	at TempTestSuite1705923140048.run(TempTestSuite1705923140048.groovy:36)
)
[[ATTACHMENT|C:\\Users\\Fadli\\git\\KatalonDailyGetData2\\Reports\\20240122_174123\\TS1\\20240122_183220\\1705923302212.png]]

2024-01-22 18:35:02 - [TEST_STEP][PASSED] - else: null

2024-01-22 18:35:02 - [TEST_STEP][PASSED] - strSeller3 = getText(findTestObject("Stockbit/Bandarmology_Seller3")): Text of object 'Object Repository/Stockbit/Bandarmology_Seller3' is: 'ZP'

2024-01-22 18:35:02 - [MESSAGE][PASSED] - Text of object 'Object Repository/Stockbit/Bandarmology_Seller3' is: 'ZP'

2024-01-22 18:35:02 - [TEST_STEP][PASSED] - strSellerVol3 = getText(findTestObject("Stockbit/Bandarmology_SellerVol3")): Text of object 'Object Repository/Stockbit/Bandarmology_SellerVol3' is: '54.9 K'

2024-01-22 18:35:02 - [MESSAGE][PASSED] - Text of object 'Object Repository/Stockbit/Bandarmology_SellerVol3' is: '54.9 K'

2024-01-22 18:35:02 - [TEST_STEP][PASSED] - strSellerAvg3 = getText(findTestObject("Stockbit/Bandarmology_SellerAvg3")): Text of object 'Object Repository/Stockbit/Bandarmology_SellerAvg3' is: '1,088'

2024-01-22 18:35:02 - [MESSAGE][PASSED] - Text of object 'Object Repository/Stockbit/Bandarmology_SellerAvg3' is: '1,088'

2024-01-22 18:35:02 - [TEST_STEP][PASSED] - if (strSeller3 != ""): null

2024-01-22 18:35:02 - [TEST_STEP][PASSED] - if (strSellerAvg3.contains(",")): null

2024-01-22 18:35:02 - [TEST_STEP][PASSED] - strSellerAvg3 = strSellerAvg3.replace(",", ""): null

2024-01-22 18:35:02 - [TEST_STEP][PASSED] - if (strSellerVol3.contains(" B")): null

2024-01-22 18:35:02 - [TEST_STEP][PASSED] - else if (strSellerVol3.contains(" M")): null

2024-01-22 18:35:02 - [TEST_STEP][PASSED] - else if (strSellerVol3.contains(" K")): null

2024-01-22 18:35:02 - [TEST_STEP][PASSED] - strSellerVol3 = strSellerVol3.replace(" K", ""): null

2024-01-22 18:35:02 - [TEST_STEP][PASSED] - strSellerVol3 = strSellerVol3.toDouble() * 1000: null

2024-01-22 18:35:02 - [TEST_STEP][PASSED] - strAccDist = getText(findTestObject("Stockbit/Bandarmology_AccDist")): Text of object 'Object Repository/Stockbit/Bandarmology_AccDist' is: 'Dist'

2024-01-22 18:35:03 - [MESSAGE][PASSED] - Text of object 'Object Repository/Stockbit/Bandarmology_AccDist' is: 'Dist'

2024-01-22 18:35:03 - [TEST_STEP][PASSED] - strNetVol = getText(findTestObject("Stockbit/Bandarmology_NetVol")): Text of object 'Object Repository/Stockbit/Bandarmology_NetVol' is: '263,629'

2024-01-22 18:35:03 - [MESSAGE][PASSED] - Text of object 'Object Repository/Stockbit/Bandarmology_NetVol' is: '263,629'

2024-01-22 18:35:03 - [TEST_STEP][PASSED] - strNetVol = strNetVol.replace(",", ""): null

2024-01-22 18:35:03 - [TEST_STEP][PASSED] - strNetVal = getText(findTestObject("Stockbit/Bandarmology_NetVal")): Text of object 'Object Repository/Stockbit/Bandarmology_NetVal' is: '28.7 B'

2024-01-22 18:35:03 - [MESSAGE][PASSED] - Text of object 'Object Repository/Stockbit/Bandarmology_NetVal' is: '28.7 B'

2024-01-22 18:35:03 - [TEST_STEP][PASSED] - delay(3): Delayed 3 second(s)

2024-01-22 18:35:06 - [MESSAGE][PASSED] - Delayed 3 second(s)

2024-01-22 18:35:06 - [TEST_STEP][PASSED] - strOpenPrice = getText(findTestObject("Stockbit/Home_OpenPrice")): Text of object 'Object Repository/Stockbit/Home_OpenPrice' is: '1,085'

2024-01-22 18:35:06 - [MESSAGE][PASSED] - Text of object 'Object Repository/Stockbit/Home_OpenPrice' is: '1,085'

2024-01-22 18:35:06 - [TEST_STEP][PASSED] - strOpenPrice = strOpenPrice.replace(",", ""): null

2024-01-22 18:35:06 - [TEST_STEP][PASSED] - strLowPrice = getText(findTestObject("Stockbit/Home_LowPrice")): Text of object 'Object Repository/Stockbit/Home_LowPrice' is: '1,065'

2024-01-22 18:35:06 - [MESSAGE][PASSED] - Text of object 'Object Repository/Stockbit/Home_LowPrice' is: '1,065'

2024-01-22 18:35:06 - [TEST_STEP][PASSED] - strLowPrice = strLowPrice.replace(",", ""): null

2024-01-22 18:35:06 - [TEST_STEP][PASSED] - strHighPrice = getText(findTestObject("Stockbit/Home_HighPrice")): Text of object 'Object Repository/Stockbit/Home_HighPrice' is: '1,105'

2024-01-22 18:35:06 - [MESSAGE][PASSED] - Text of object 'Object Repository/Stockbit/Home_HighPrice' is: '1,105'

2024-01-22 18:35:06 - [TEST_STEP][PASSED] - strHighPrice = strHighPrice.replace(",", ""): null

2024-01-22 18:35:06 - [TEST_STEP][PASSED] - strClosePrice = getText(findTestObject("Stockbit/Home_ClosePrice")): Text of object 'Object Repository/Stockbit/Home_ClosePrice' is: '1,090'

2024-01-22 18:35:07 - [MESSAGE][PASSED] - Text of object 'Object Repository/Stockbit/Home_ClosePrice' is: '1,090'

2024-01-22 18:35:07 - [TEST_STEP][PASSED] - strClosePrice = strClosePrice.replace(",", ""): null

2024-01-22 18:35:07 - [TEST_STEP][PASSED] - strVol = getText(findTestObject("Stockbit/Home_Volume")): Text of object 'Object Repository/Stockbit/Home_Volume' is: '1,181 K'

2024-01-22 18:35:07 - [MESSAGE][PASSED] - Text of object 'Object Repository/Stockbit/Home_Volume' is: '1,181 K'

2024-01-22 18:35:07 - [TEST_STEP][PASSED] - if (strVol.contains(" K")): null

2024-01-22 18:35:07 - [TEST_STEP][PASSED] - strVol = strVol.replace(" K", "000"): null

2024-01-22 18:35:07 - [TEST_STEP][PASSED] - if (strVol.contains(",")): null

2024-01-22 18:35:07 - [TEST_STEP][PASSED] - strVol = strVol.replace(",", ""): null

2024-01-22 18:35:07 - [TEST_STEP][PASSED] - strChange = getText(findTestObject("Stockbit/Home_Change")): Text of object 'Object Repository/Stockbit/Home_Change' is: '0.46%'

2024-01-22 18:35:07 - [MESSAGE][PASSED] - Text of object 'Object Repository/Stockbit/Home_Change' is: '0.46%'

2024-01-22 18:35:07 - [TEST_STEP][PASSED] - strChange = strChange.replace("%", ""): null

2024-01-22 18:35:07 - [TEST_STEP][PASSED] - strFreq = getText(findTestObject("Stockbit/Home_Freq")): Text of object 'Object Repository/Stockbit/Home_Freq' is: '10,946'

2024-01-22 18:35:07 - [MESSAGE][PASSED] - Text of object 'Object Repository/Stockbit/Home_Freq' is: '10,946'

2024-01-22 18:35:07 - [TEST_STEP][PASSED] - if (strFreq.contains(",")): null

2024-01-22 18:35:07 - [TEST_STEP][PASSED] - strFreq = strFreq.replace(",", ""): null

2024-01-22 18:35:07 - [TEST_STEP][PASSED] - if (strFreq == "NA" || strFreq == ""): null

2024-01-22 18:35:07 - [TEST_STEP][PASSED] - else: null

2024-01-22 18:35:07 - [TEST_STEP][PASSED] - dblFreqAnal = strVol.toDouble() / strFreq.toDouble() * strFreq.toDouble() * strFreq.toDouble() * 100000000: null

2024-01-22 18:35:07 - [TEST_STEP][PASSED] - strFreqAnal = String.format("%.4f", dblFreqAnal): null

2024-01-22 18:35:07 - [TEST_STEP][PASSED] - out.println("Double strFreqAnal: " + strFreqAnal): null

2024-01-22 18:35:07 - [TEST_STEP][PASSED] - strTanggal = d.format(DateTimeFormatter.ofPattern("yyyy-MM-dd")): null

2024-01-22 18:35:07 - [TEST_STEP][PASSED] - strTanggal = "#" + strTanggal + "#": null

2024-01-22 18:35:07 - [TEST_STEP][PASSED] - strSQL = "select count(*) as JumBaris from TblBrokSum where Nama = '" + strNama + "' and Tanggal = " + strTanggal + "": null

2024-01-22 18:35:07 - [TEST_STEP][PASSED] - resultSet = statement.executeQuery(strSQL): null

2024-01-22 18:35:07 - [TEST_STEP][PASSED] - resultSet.next(): null

2024-01-22 18:35:07 - [TEST_STEP][PASSED] - intJumBaris = resultSet.getInt("JumBaris"): null

2024-01-22 18:35:07 - [TEST_STEP][PASSED] - if (intJumBaris > 0): null

2024-01-22 18:35:07 - [TEST_STEP][PASSED] - else: null

2024-01-22 18:35:07 - [TEST_STEP][PASSED] - try: null

2024-01-22 18:35:07 - [TEST_STEP][PASSED] - out.println("Insert data"): null

2024-01-22 18:35:07 - [TEST_STEP][PASSED] - strSQL = "insert into TblBrokSum (nama, tanggal, top1, top2, top3, AllBrokAvg, AccDist, AvgRP, " + "Buyer1, BuyerVal1, BuyerAvg1, Seller1, SellerVal1, SellerAvg1, Buyer2, BuyerVal2, BuyerAvg2, " + "Seller2, SellerVal2, SellerAvg2, Buyer3, BuyerVal3, BuyerAvg3, Seller3, SellerVal3, SellerAvg3, NetVol, NetVal, " + "OpenPrice, LowPrice, HighPrice, ClosePrice, Volume, Change, Frekuensi, FrekAnal) " + "values ('" + strNama + "', " + strTanggal + ", '" + strTop1 + "', '" + strTop3 + "', '" + strTop5 + "', " + "'" + strAllBrokAvg + "', '" + strAccDist + "', " + intAvgRP + ", '" + strBuyer1 + "', '" + strBuyerVol1 + "', " + strBuyerAvg1 + ", " + "'" + strSeller1 + "', '" + strSellerVol1 + "', " + strSellerAvg1 + ", '" + strBuyer2 + "', '" + strBuyerVol2 + "', " + strBuyerAvg2 + ", " + "'" + strSeller2 + "', '" + strSellerVol2 + "', " + strSellerAvg2 + ", '" + strBuyer3 + "', '" + strBuyerVol3 + "', " + strBuyerAvg3 + ", " + "'" + strSeller3 + "', '" + strSellerVol3 + "', " + strSellerAvg3 + ", " + strNetVol + ", '" + strNetVal + "', " + "" + strOpenPrice + ", " + strLowPrice + ", " + strHighPrice + ", " + strClosePrice + ", '" + strVol + "', " + strChange + ", " + strFreq + ", " + strFreqAnal + ");": null

2024-01-22 18:35:07 - [TEST_STEP][PASSED] - out.println("strSQL = " + strSQL): null

2024-01-22 18:35:07 - [TEST_STEP][PASSED] - statement.executeUpdate(strSQL): null

2024-01-22 18:35:07 - [TEST_STEP][PASSED] - setValueToCellByIndex(sheet01, rowIndex, 4, "DONE"): null

2024-01-22 18:35:07 - [TEST_STEP][PASSED] - saveWorkbook(excelFilePath, workbook01): null

2024-01-22 18:35:07 - [TEST_STEP][PASSED] - waitForElementClickable(findTestObject("Stockbit/menu_Bandarmology"), 10): Object 'Object Repository/Stockbit/menu_Bandarmology' is clickable

2024-01-22 18:35:07 - [MESSAGE][PASSED] - Object 'Object Repository/Stockbit/menu_Bandarmology' is clickable

2024-01-22 18:35:07 - [TEST_STEP][PASSED] - click(findTestObject("Stockbit/menu_Bandarmology")): Object: 'Object Repository/Stockbit/menu_Bandarmology' is clicked on

2024-01-22 18:35:08 - [MESSAGE][PASSED] - Object: 'Object Repository/Stockbit/menu_Bandarmology' is clicked on

2024-01-22 18:35:08 - [TEST_STEP][PASSED] - strTemp = "NA": null

2024-01-22 18:35:08 - [TEST_STEP][PASSED] - if (getCellValueByIndex(sheet01, rowIndex, 4) != "DONE"): Object: 'Object Repository/Stockbit/menu_Bandarmology' is clicked on

2024-01-22 18:35:08 - [TEST_STEP][PASSED] - strNama = getCellValueByIndex(sheet01, rowIndex, 0): null

2024-01-22 18:35:08 - [TEST_STEP][PASSED] - navigateToUrl("https://stockbit.com/#/symbol/" + strNama): Navigate to 'https://stockbit.com/#/symbol/DSNG' successfully

2024-01-22 18:35:09 - [MESSAGE][PASSED] - Navigate to 'https://stockbit.com/#/symbol/DSNG' successfully

2024-01-22 18:35:09 - [TEST_STEP][PASSED] - waitForElementClickable(findTestObject("Stockbit/menu_Bandarmology"), 10): Object 'Object Repository/Stockbit/menu_Bandarmology' is clickable

2024-01-22 18:35:09 - [MESSAGE][PASSED] - Object 'Object Repository/Stockbit/menu_Bandarmology' is clickable

2024-01-22 18:35:09 - [TEST_STEP][PASSED] - click(findTestObject("Stockbit/menu_Bandarmology")): Object: 'Object Repository/Stockbit/menu_Bandarmology' is clicked on

2024-01-22 18:35:10 - [MESSAGE][PASSED] - Object: 'Object Repository/Stockbit/menu_Bandarmology' is clicked on

2024-01-22 18:35:10 - [TEST_STEP][PASSED] - strTanggal = d.format(DateTimeFormatter.ofPattern("MMM dd, yyyy")): null

2024-01-22 18:35:10 - [TEST_STEP][PASSED] - strTanggal = d.format(ISO_DATE): null

2024-01-22 18:35:10 - [TEST_STEP][PASSED] - out.println("strTanggal = " + strTanggal): null

2024-01-22 18:35:10 - [TEST_STEP][PASSED] - out.println("strNama = " + strNama): null

2024-01-22 18:35:10 - [TEST_STEP][PASSED] - out.println("Baris ke = " + rowIndex): null

2024-01-22 18:35:10 - [TEST_STEP][PASSED] - click(findTestObject("Stockbit/input__BandarmologyOpenStartDate")): Object: 'Object Repository/Stockbit/input__BandarmologyOpenStartDate' is clicked on

2024-01-22 18:35:12 - [MESSAGE][PASSED] - Object: 'Object Repository/Stockbit/input__BandarmologyOpenStartDate' is clicked on

2024-01-22 18:35:12 - [TEST_STEP][PASSED] - sendKeys(findTestObject("Stockbit/input__BandarmologyOpenStartDate"), Keys.chord(CONTROL, "a")): Keys 'CONTROL + a' sent to object: 'Object Repository/Stockbit/input__BandarmologyOpenStartDate'

2024-01-22 18:35:12 - [MESSAGE][PASSED] - Keys 'CONTROL + a' sent to object: 'Object Repository/Stockbit/input__BandarmologyOpenStartDate'

2024-01-22 18:35:12 - [TEST_STEP][PASSED] - sendKeys(findTestObject("Stockbit/input__BandarmologyOpenStartDate"), Keys.chord(BACK_SPACE)): Keys 'BACK_SPACE + ' sent to object: 'Object Repository/Stockbit/input__BandarmologyOpenStartDate'

2024-01-22 18:35:13 - [MESSAGE][PASSED] - Keys 'BACK_SPACE + ' sent to object: 'Object Repository/Stockbit/input__BandarmologyOpenStartDate'

2024-01-22 18:35:13 - [TEST_STEP][PASSED] - setText(findTestObject("Stockbit/input__BandarmologyOpenStartDate"), strTanggal): Text '2024-01-22' is set on object 'Object Repository/Stockbit/input__BandarmologyOpenStartDate'

2024-01-22 18:35:14 - [MESSAGE][PASSED] - Text '2024-01-22' is set on object 'Object Repository/Stockbit/input__BandarmologyOpenStartDate'

2024-01-22 18:35:14 - [TEST_STEP][PASSED] - sendKeys(findTestObject("Stockbit/input__BandarmologyOpenStartDate"), Keys.chord(ENTER)): Keys 'ENTER + ' sent to object: 'Object Repository/Stockbit/input__BandarmologyOpenStartDate'

2024-01-22 18:35:14 - [MESSAGE][PASSED] - Keys 'ENTER + ' sent to object: 'Object Repository/Stockbit/input__BandarmologyOpenStartDate'

2024-01-22 18:35:14 - [TEST_STEP][PASSED] - click(findTestObject("Stockbit/input__BandarmologyOpenEndDate")): Object: 'Object Repository/Stockbit/input__BandarmologyOpenEndDate' is clicked on

2024-01-22 18:35:15 - [MESSAGE][PASSED] - Object: 'Object Repository/Stockbit/input__BandarmologyOpenEndDate' is clicked on

2024-01-22 18:35:15 - [TEST_STEP][PASSED] - sendKeys(findTestObject("Stockbit/input__BandarmologyOpenEndDate"), Keys.chord(CONTROL, "a")): Keys 'CONTROL + a' sent to object: 'Object Repository/Stockbit/input__BandarmologyOpenEndDate'

2024-01-22 18:35:15 - [MESSAGE][PASSED] - Keys 'CONTROL + a' sent to object: 'Object Repository/Stockbit/input__BandarmologyOpenEndDate'

2024-01-22 18:35:15 - [TEST_STEP][PASSED] - sendKeys(findTestObject("Stockbit/input__BandarmologyOpenEndDate"), Keys.chord(BACK_SPACE)): Keys 'BACK_SPACE + ' sent to object: 'Object Repository/Stockbit/input__BandarmologyOpenEndDate'

2024-01-22 18:35:16 - [MESSAGE][PASSED] - Keys 'BACK_SPACE + ' sent to object: 'Object Repository/Stockbit/input__BandarmologyOpenEndDate'

2024-01-22 18:35:16 - [TEST_STEP][PASSED] - setText(findTestObject("Stockbit/input__BandarmologyOpenEndDate"), strTanggal): Text '2024-01-22' is set on object 'Object Repository/Stockbit/input__BandarmologyOpenEndDate'

2024-01-22 18:35:16 - [MESSAGE][PASSED] - Text '2024-01-22' is set on object 'Object Repository/Stockbit/input__BandarmologyOpenEndDate'

2024-01-22 18:35:16 - [TEST_STEP][PASSED] - sendKeys(findTestObject("Stockbit/input__BandarmologyOpenEndDate"), Keys.chord(ENTER)): Keys 'ENTER + ' sent to object: 'Object Repository/Stockbit/input__BandarmologyOpenEndDate'

2024-01-22 18:35:17 - [MESSAGE][PASSED] - Keys 'ENTER + ' sent to object: 'Object Repository/Stockbit/input__BandarmologyOpenEndDate'

2024-01-22 18:35:17 - [TEST_STEP][PASSED] - delay(2): Delayed 2 second(s)

2024-01-22 18:35:19 - [MESSAGE][PASSED] - Delayed 2 second(s)

2024-01-22 18:35:19 - [TEST_STEP][PASSED] - strTemp = getText(findTestObject("Stockbit/Bandarmology_AvgRP")): Text of object 'Object Repository/Stockbit/Bandarmology_AvgRP' is: '540'

2024-01-22 18:35:19 - [MESSAGE][PASSED] - Text of object 'Object Repository/Stockbit/Bandarmology_AvgRP' is: '540'

2024-01-22 18:35:19 - [TEST_STEP][PASSED] - out.println("Bandarmology_AvgRP = " + strTemp): null

2024-01-22 18:35:19 - [TEST_STEP][PASSED] - if (strTemp != "0"): null

2024-01-22 18:35:19 - [TEST_STEP][PASSED] - strTop1 = getText(findTestObject("Stockbit/Bandarmology_Top1")): Text of object 'Object Repository/Stockbit/Bandarmology_Top1' is: 'Neutral'

2024-01-22 18:35:19 - [MESSAGE][PASSED] - Text of object 'Object Repository/Stockbit/Bandarmology_Top1' is: 'Neutral'

2024-01-22 18:35:19 - [TEST_STEP][PASSED] - strTop3 = getText(findTestObject("Stockbit/Bandarmology_Top3")): Text of object 'Object Repository/Stockbit/Bandarmology_Top3' is: 'Neutral'

2024-01-22 18:35:19 - [MESSAGE][PASSED] - Text of object 'Object Repository/Stockbit/Bandarmology_Top3' is: 'Neutral'

2024-01-22 18:35:19 - [TEST_STEP][PASSED] - strTop5 = getText(findTestObject("Stockbit/Bandarmology_Top5")): Text of object 'Object Repository/Stockbit/Bandarmology_Top5' is: 'Normal Dist'

2024-01-22 18:35:20 - [MESSAGE][PASSED] - Text of object 'Object Repository/Stockbit/Bandarmology_Top5' is: 'Normal Dist'

2024-01-22 18:35:20 - [TEST_STEP][PASSED] - strAllBrokAvg = getText(findTestObject("Stockbit/Bandarmology_TopAVG")): Text of object 'Object Repository/Stockbit/Bandarmology_TopAVG' is: 'Small Dist'

2024-01-22 18:35:20 - [MESSAGE][PASSED] - Text of object 'Object Repository/Stockbit/Bandarmology_TopAVG' is: 'Small Dist'

2024-01-22 18:35:20 - [TEST_STEP][PASSED] - strTemp = getText(findTestObject("Stockbit/Bandarmology_AvgRP")): Text of object 'Object Repository/Stockbit/Bandarmology_AvgRP' is: '540'

2024-01-22 18:35:20 - [MESSAGE][PASSED] - Text of object 'Object Repository/Stockbit/Bandarmology_AvgRP' is: '540'

2024-01-22 18:35:20 - [TEST_STEP][PASSED] - if (strTemp.contains(",")): null

2024-01-22 18:35:20 - [TEST_STEP][PASSED] - intAvgRP = strTemp.toInteger(): null

2024-01-22 18:35:20 - [TEST_STEP][PASSED] - strBuyer1 = getText(findTestObject("Stockbit/Bandarmology_Buyer1")): Text of object 'Object Repository/Stockbit/Bandarmology_Buyer1' is: 'IU'

2024-01-22 18:35:20 - [MESSAGE][PASSED] - Text of object 'Object Repository/Stockbit/Bandarmology_Buyer1' is: 'IU'

2024-01-22 18:35:20 - [TEST_STEP][PASSED] - strBuyerVol1 = getText(findTestObject("Stockbit/Bandarmology_BuyerVol1")): Text of object 'Object Repository/Stockbit/Bandarmology_BuyerVol1' is: '12.8 K'

2024-01-22 18:35:20 - [MESSAGE][PASSED] - Text of object 'Object Repository/Stockbit/Bandarmology_BuyerVol1' is: '12.8 K'

2024-01-22 18:35:20 - [TEST_STEP][PASSED] - strBuyerAvg1 = getText(findTestObject("Stockbit/Bandarmology_BuyerAvg1")): Text of object 'Object Repository/Stockbit/Bandarmology_BuyerAvg1' is: '540'

2024-01-22 18:35:20 - [MESSAGE][PASSED] - Text of object 'Object Repository/Stockbit/Bandarmology_BuyerAvg1' is: '540'

2024-01-22 18:35:20 - [TEST_STEP][PASSED] - if (strBuyerAvg1.contains(",")): null

2024-01-22 18:35:20 - [TEST_STEP][PASSED] - if (strBuyerVol1.contains(" B")): null

2024-01-22 18:35:20 - [TEST_STEP][PASSED] - else if (strBuyerVol1.contains(" M")): null

2024-01-22 18:35:20 - [TEST_STEP][PASSED] - else if (strBuyerVol1.contains(" K")): null

2024-01-22 18:35:20 - [TEST_STEP][PASSED] - strBuyerVol1 = strBuyerVol1.replace(" K", ""): null

2024-01-22 18:35:20 - [TEST_STEP][PASSED] - strBuyerVol1 = strBuyerVol1.toDouble() * 1000: null

2024-01-22 18:35:20 - [TEST_STEP][PASSED] - strSeller1 = getText(findTestObject("Stockbit/Bandarmology_Seller1")): Text of object 'Object Repository/Stockbit/Bandarmology_Seller1' is: 'AZ'

2024-01-22 18:35:20 - [MESSAGE][PASSED] - Text of object 'Object Repository/Stockbit/Bandarmology_Seller1' is: 'AZ'

2024-01-22 18:35:20 - [TEST_STEP][PASSED] - strSellerVol1 = getText(findTestObject("Stockbit/Bandarmology_SellerVol1")): Text of object 'Object Repository/Stockbit/Bandarmology_SellerVol1' is: '13.4 K'

2024-01-22 18:35:21 - [MESSAGE][PASSED] - Text of object 'Object Repository/Stockbit/Bandarmology_SellerVol1' is: '13.4 K'

2024-01-22 18:35:21 - [TEST_STEP][PASSED] - strSellerAvg1 = getText(findTestObject("Stockbit/Bandarmology_SellerAvg1")): Text of object 'Object Repository/Stockbit/Bandarmology_SellerAvg1' is: '540'

2024-01-22 18:35:21 - [MESSAGE][PASSED] - Text of object 'Object Repository/Stockbit/Bandarmology_SellerAvg1' is: '540'

2024-01-22 18:35:21 - [TEST_STEP][PASSED] - if (strSellerAvg1.contains(",")): null

2024-01-22 18:35:21 - [TEST_STEP][PASSED] - if (strSellerVol1.contains(" B")): null

2024-01-22 18:35:21 - [TEST_STEP][PASSED] - else if (strSellerVol1.contains(" M")): null

2024-01-22 18:35:21 - [TEST_STEP][PASSED] - else if (strSellerVol1.contains(" K")): null

2024-01-22 18:35:21 - [TEST_STEP][PASSED] - strSellerVol1 = strSellerVol1.replace(" K", ""): null

2024-01-22 18:35:21 - [TEST_STEP][PASSED] - strSellerVol1 = strSellerVol1.toDouble() * 1000: null

2024-01-22 18:35:21 - [TEST_STEP][PASSED] - if (verifyElementNotPresent(findTestObject("Stockbit/Bandarmology_Buyer2"), 1, OPTIONAL)): Web element with id: 'Object Repository/Stockbit/Bandarmology_Buyer2' located by 'By.xpath: //*[contains(@id, 'rc-tabs-')]/div[2]/div/div/div/div/div/div[2]/table/tbody/tr[3]/td[1]/p' is present after '1' second(s) (Root cause: com.kms.katalon.core.exception.StepFailedException: Web element with id: 'Object Repository/Stockbit/Bandarmology_Buyer2' located by 'By.xpath: //*[contains(@id, 'rc-tabs-')]/div[2]/div/div/div/div/div/div[2]/table/tbody/tr[3]/td[1]/p' is present after '1' second(s)
	at com.kms.katalon.core.webui.keyword.internal.WebUIKeywordMain.stepFailed(WebUIKeywordMain.groovy:64)
	at com.kms.katalon.core.webui.keyword.internal.WebUIKeywordMain$stepFailed$0.call(Unknown Source)
	at com.kms.katalon.core.webui.keyword.builtin.VerifyElementNotPresentKeyword$_verifyElementNotPresent_closure1.doCall(VerifyElementNotPresentKeyword.groovy:106)
	at com.kms.katalon.core.webui.keyword.builtin.VerifyElementNotPresentKeyword$_verifyElementNotPresent_closure1.doCall(VerifyElementNotPresentKeyword.groovy)
	at com.kms.katalon.core.webui.keyword.internal.WebUIKeywordMain.runKeyword(WebUIKeywordMain.groovy:20)
	at com.kms.katalon.core.webui.keyword.internal.WebUIKeywordMain$runKeyword.call(Unknown Source)
	at com.kms.katalon.core.webui.keyword.builtin.VerifyElementNotPresentKeyword.verifyElementNotPresent(VerifyElementNotPresentKeyword.groovy:117)
	at com.kms.katalon.core.webui.keyword.builtin.VerifyElementNotPresentKeyword.execute(VerifyElementNotPresentKeyword.groovy:68)
	at com.kms.katalon.core.keyword.internal.KeywordExecutor.executeKeywordForPlatform(KeywordExecutor.groovy:74)
	at com.kms.katalon.core.webui.keyword.WebUiBuiltInKeywords.verifyElementNotPresent(WebUiBuiltInKeywords.groovy:1481)
	at com.kms.katalon.core.webui.keyword.WebUiBuiltInKeywords$verifyElementNotPresent$8.call(Unknown Source)
	at GetBrokSumPriceDaily.run(GetBrokSumPriceDaily:258)
	at com.kms.katalon.core.main.ScriptEngine.run(ScriptEngine.java:194)
	at com.kms.katalon.core.main.ScriptEngine.runScriptAsRawText(ScriptEngine.java:119)
	at com.kms.katalon.core.main.TestCaseExecutor.runScript(TestCaseExecutor.java:445)
	at com.kms.katalon.core.main.TestCaseExecutor.doExecute(TestCaseExecutor.java:436)
	at com.kms.katalon.core.main.TestCaseExecutor.processExecutionPhase(TestCaseExecutor.java:415)
	at com.kms.katalon.core.main.TestCaseExecutor.accessMainPhase(TestCaseExecutor.java:407)
	at com.kms.katalon.core.main.TestCaseExecutor.execute(TestCaseExecutor.java:284)
	at com.kms.katalon.core.common.CommonExecutor.accessTestCaseMainPhase(CommonExecutor.java:65)
	at com.kms.katalon.core.main.TestSuiteExecutor.accessTestSuiteMainPhase(TestSuiteExecutor.java:144)
	at com.kms.katalon.core.main.TestSuiteExecutor.execute(TestSuiteExecutor.java:106)
	at com.kms.katalon.core.main.TestCaseMain.startTestSuite(TestCaseMain.java:185)
	at com.kms.katalon.core.main.TestCaseMain$startTestSuite$0.call(Unknown Source)
	at TempTestSuite1705923140048.run(TempTestSuite1705923140048.groovy:36)
)

2024-01-22 18:35:22 - [MESSAGE][WARNING] - Web element with id: 'Object Repository/Stockbit/Bandarmology_Buyer2' located by 'By.xpath: //*[contains(@id, 'rc-tabs-')]/div[2]/div/div/div/div/div/div[2]/table/tbody/tr[3]/td[1]/p' is present after '1' second(s) (Root cause: com.kms.katalon.core.exception.StepFailedException: Web element with id: 'Object Repository/Stockbit/Bandarmology_Buyer2' located by 'By.xpath: //*[contains(@id, 'rc-tabs-')]/div[2]/div/div/div/div/div/div[2]/table/tbody/tr[3]/td[1]/p' is present after '1' second(s)
	at com.kms.katalon.core.webui.keyword.internal.WebUIKeywordMain.stepFailed(WebUIKeywordMain.groovy:64)
	at com.kms.katalon.core.webui.keyword.internal.WebUIKeywordMain$stepFailed$0.call(Unknown Source)
	at com.kms.katalon.core.webui.keyword.builtin.VerifyElementNotPresentKeyword$_verifyElementNotPresent_closure1.doCall(VerifyElementNotPresentKeyword.groovy:106)
	at com.kms.katalon.core.webui.keyword.builtin.VerifyElementNotPresentKeyword$_verifyElementNotPresent_closure1.doCall(VerifyElementNotPresentKeyword.groovy)
	at com.kms.katalon.core.webui.keyword.internal.WebUIKeywordMain.runKeyword(WebUIKeywordMain.groovy:20)
	at com.kms.katalon.core.webui.keyword.internal.WebUIKeywordMain$runKeyword.call(Unknown Source)
	at com.kms.katalon.core.webui.keyword.builtin.VerifyElementNotPresentKeyword.verifyElementNotPresent(VerifyElementNotPresentKeyword.groovy:117)
	at com.kms.katalon.core.webui.keyword.builtin.VerifyElementNotPresentKeyword.execute(VerifyElementNotPresentKeyword.groovy:68)
	at com.kms.katalon.core.keyword.internal.KeywordExecutor.executeKeywordForPlatform(KeywordExecutor.groovy:74)
	at com.kms.katalon.core.webui.keyword.WebUiBuiltInKeywords.verifyElementNotPresent(WebUiBuiltInKeywords.groovy:1481)
	at com.kms.katalon.core.webui.keyword.WebUiBuiltInKeywords$verifyElementNotPresent$8.call(Unknown Source)
	at GetBrokSumPriceDaily.run(GetBrokSumPriceDaily:258)
	at com.kms.katalon.core.main.ScriptEngine.run(ScriptEngine.java:194)
	at com.kms.katalon.core.main.ScriptEngine.runScriptAsRawText(ScriptEngine.java:119)
	at com.kms.katalon.core.main.TestCaseExecutor.runScript(TestCaseExecutor.java:445)
	at com.kms.katalon.core.main.TestCaseExecutor.doExecute(TestCaseExecutor.java:436)
	at com.kms.katalon.core.main.TestCaseExecutor.processExecutionPhase(TestCaseExecutor.java:415)
	at com.kms.katalon.core.main.TestCaseExecutor.accessMainPhase(TestCaseExecutor.java:407)
	at com.kms.katalon.core.main.TestCaseExecutor.execute(TestCaseExecutor.java:284)
	at com.kms.katalon.core.common.CommonExecutor.accessTestCaseMainPhase(CommonExecutor.java:65)
	at com.kms.katalon.core.main.TestSuiteExecutor.accessTestSuiteMainPhase(TestSuiteExecutor.java:144)
	at com.kms.katalon.core.main.TestSuiteExecutor.execute(TestSuiteExecutor.java:106)
	at com.kms.katalon.core.main.TestCaseMain.startTestSuite(TestCaseMain.java:185)
	at com.kms.katalon.core.main.TestCaseMain$startTestSuite$0.call(Unknown Source)
	at TempTestSuite1705923140048.run(TempTestSuite1705923140048.groovy:36)
)
[[ATTACHMENT|C:\\Users\\Fadli\\git\\KatalonDailyGetData2\\Reports\\20240122_174123\\TS1\\20240122_183220\\1705923322478.png]]

2024-01-22 18:35:22 - [TEST_STEP][PASSED] - else: null

2024-01-22 18:35:22 - [TEST_STEP][PASSED] - strBuyer2 = getText(findTestObject("Stockbit/Bandarmology_Buyer2")): Text of object 'Object Repository/Stockbit/Bandarmology_Buyer2' is: 'YU'

2024-01-22 18:35:22 - [MESSAGE][PASSED] - Text of object 'Object Repository/Stockbit/Bandarmology_Buyer2' is: 'YU'

2024-01-22 18:35:22 - [TEST_STEP][PASSED] - strBuyerVol2 = getText(findTestObject("Stockbit/Bandarmology_BuyerVol2")): Text of object 'Object Repository/Stockbit/Bandarmology_BuyerVol2' is: '8.7 K'

2024-01-22 18:35:23 - [MESSAGE][PASSED] - Text of object 'Object Repository/Stockbit/Bandarmology_BuyerVol2' is: '8.7 K'

2024-01-22 18:35:23 - [TEST_STEP][PASSED] - strBuyerAvg2 = getText(findTestObject("Stockbit/Bandarmology_BuyerAvg2")): Text of object 'Object Repository/Stockbit/Bandarmology_BuyerAvg2' is: '540'

2024-01-22 18:35:23 - [MESSAGE][PASSED] - Text of object 'Object Repository/Stockbit/Bandarmology_BuyerAvg2' is: '540'

2024-01-22 18:35:23 - [TEST_STEP][PASSED] - if (strBuyer2 != ""): null

2024-01-22 18:35:23 - [TEST_STEP][PASSED] - if (strBuyerAvg2.contains(",")): null

2024-01-22 18:35:23 - [TEST_STEP][PASSED] - if (strBuyerVol2.contains(" B")): null

2024-01-22 18:35:23 - [TEST_STEP][PASSED] - else if (strBuyerVol2.contains(" M")): null

2024-01-22 18:35:23 - [TEST_STEP][PASSED] - else if (strBuyerVol2.contains(" K")): null

2024-01-22 18:35:23 - [TEST_STEP][PASSED] - strBuyerVol2 = strBuyerVol2.replace(" K", ""): null

2024-01-22 18:35:23 - [TEST_STEP][PASSED] - strBuyerVol2 = strBuyerVol2.toDouble() * 1000: null

2024-01-22 18:35:23 - [TEST_STEP][PASSED] - if (strBuyerVol2.contains(".")): null

2024-01-22 18:35:23 - [TEST_STEP][PASSED] - strBuyerVal2 = strBuyerVol2.replace(".", ""): null

2024-01-22 18:35:23 - [TEST_STEP][PASSED] - if (verifyElementNotPresent(findTestObject("Stockbit/Bandarmology_Seller2"), 1, OPTIONAL)): Web element with id: 'Object Repository/Stockbit/Bandarmology_Seller2' located by 'By.xpath: //*[contains(@id, 'rc-tabs-')]/div[2]/div/div/div/div/div/div[2]/table/tbody/tr[3]/td[5]/p' is present after '1' second(s) (Root cause: com.kms.katalon.core.exception.StepFailedException: Web element with id: 'Object Repository/Stockbit/Bandarmology_Seller2' located by 'By.xpath: //*[contains(@id, 'rc-tabs-')]/div[2]/div/div/div/div/div/div[2]/table/tbody/tr[3]/td[5]/p' is present after '1' second(s)
	at com.kms.katalon.core.webui.keyword.internal.WebUIKeywordMain.stepFailed(WebUIKeywordMain.groovy:64)
	at com.kms.katalon.core.webui.keyword.internal.WebUIKeywordMain$stepFailed$0.call(Unknown Source)
	at com.kms.katalon.core.webui.keyword.builtin.VerifyElementNotPresentKeyword$_verifyElementNotPresent_closure1.doCall(VerifyElementNotPresentKeyword.groovy:106)
	at com.kms.katalon.core.webui.keyword.builtin.VerifyElementNotPresentKeyword$_verifyElementNotPresent_closure1.doCall(VerifyElementNotPresentKeyword.groovy)
	at com.kms.katalon.core.webui.keyword.internal.WebUIKeywordMain.runKeyword(WebUIKeywordMain.groovy:20)
	at com.kms.katalon.core.webui.keyword.internal.WebUIKeywordMain$runKeyword.call(Unknown Source)
	at com.kms.katalon.core.webui.keyword.builtin.VerifyElementNotPresentKeyword.verifyElementNotPresent(VerifyElementNotPresentKeyword.groovy:117)
	at com.kms.katalon.core.webui.keyword.builtin.VerifyElementNotPresentKeyword.execute(VerifyElementNotPresentKeyword.groovy:68)
	at com.kms.katalon.core.keyword.internal.KeywordExecutor.executeKeywordForPlatform(KeywordExecutor.groovy:74)
	at com.kms.katalon.core.webui.keyword.WebUiBuiltInKeywords.verifyElementNotPresent(WebUiBuiltInKeywords.groovy:1481)
	at com.kms.katalon.core.webui.keyword.WebUiBuiltInKeywords$verifyElementNotPresent$8.call(Unknown Source)
	at GetBrokSumPriceDaily.run(GetBrokSumPriceDaily:309)
	at com.kms.katalon.core.main.ScriptEngine.run(ScriptEngine.java:194)
	at com.kms.katalon.core.main.ScriptEngine.runScriptAsRawText(ScriptEngine.java:119)
	at com.kms.katalon.core.main.TestCaseExecutor.runScript(TestCaseExecutor.java:445)
	at com.kms.katalon.core.main.TestCaseExecutor.doExecute(TestCaseExecutor.java:436)
	at com.kms.katalon.core.main.TestCaseExecutor.processExecutionPhase(TestCaseExecutor.java:415)
	at com.kms.katalon.core.main.TestCaseExecutor.accessMainPhase(TestCaseExecutor.java:407)
	at com.kms.katalon.core.main.TestCaseExecutor.execute(TestCaseExecutor.java:284)
	at com.kms.katalon.core.common.CommonExecutor.accessTestCaseMainPhase(CommonExecutor.java:65)
	at com.kms.katalon.core.main.TestSuiteExecutor.accessTestSuiteMainPhase(TestSuiteExecutor.java:144)
	at com.kms.katalon.core.main.TestSuiteExecutor.execute(TestSuiteExecutor.java:106)
	at com.kms.katalon.core.main.TestCaseMain.startTestSuite(TestCaseMain.java:185)
	at com.kms.katalon.core.main.TestCaseMain$startTestSuite$0.call(Unknown Source)
	at TempTestSuite1705923140048.run(TempTestSuite1705923140048.groovy:36)
)

2024-01-22 18:35:24 - [MESSAGE][WARNING] - Web element with id: 'Object Repository/Stockbit/Bandarmology_Seller2' located by 'By.xpath: //*[contains(@id, 'rc-tabs-')]/div[2]/div/div/div/div/div/div[2]/table/tbody/tr[3]/td[5]/p' is present after '1' second(s) (Root cause: com.kms.katalon.core.exception.StepFailedException: Web element with id: 'Object Repository/Stockbit/Bandarmology_Seller2' located by 'By.xpath: //*[contains(@id, 'rc-tabs-')]/div[2]/div/div/div/div/div/div[2]/table/tbody/tr[3]/td[5]/p' is present after '1' second(s)
	at com.kms.katalon.core.webui.keyword.internal.WebUIKeywordMain.stepFailed(WebUIKeywordMain.groovy:64)
	at com.kms.katalon.core.webui.keyword.internal.WebUIKeywordMain$stepFailed$0.call(Unknown Source)
	at com.kms.katalon.core.webui.keyword.builtin.VerifyElementNotPresentKeyword$_verifyElementNotPresent_closure1.doCall(VerifyElementNotPresentKeyword.groovy:106)
	at com.kms.katalon.core.webui.keyword.builtin.VerifyElementNotPresentKeyword$_verifyElementNotPresent_closure1.doCall(VerifyElementNotPresentKeyword.groovy)
	at com.kms.katalon.core.webui.keyword.internal.WebUIKeywordMain.runKeyword(WebUIKeywordMain.groovy:20)
	at com.kms.katalon.core.webui.keyword.internal.WebUIKeywordMain$runKeyword.call(Unknown Source)
	at com.kms.katalon.core.webui.keyword.builtin.VerifyElementNotPresentKeyword.verifyElementNotPresent(VerifyElementNotPresentKeyword.groovy:117)
	at com.kms.katalon.core.webui.keyword.builtin.VerifyElementNotPresentKeyword.execute(VerifyElementNotPresentKeyword.groovy:68)
	at com.kms.katalon.core.keyword.internal.KeywordExecutor.executeKeywordForPlatform(KeywordExecutor.groovy:74)
	at com.kms.katalon.core.webui.keyword.WebUiBuiltInKeywords.verifyElementNotPresent(WebUiBuiltInKeywords.groovy:1481)
	at com.kms.katalon.core.webui.keyword.WebUiBuiltInKeywords$verifyElementNotPresent$8.call(Unknown Source)
	at GetBrokSumPriceDaily.run(GetBrokSumPriceDaily:309)
	at com.kms.katalon.core.main.ScriptEngine.run(ScriptEngine.java:194)
	at com.kms.katalon.core.main.ScriptEngine.runScriptAsRawText(ScriptEngine.java:119)
	at com.kms.katalon.core.main.TestCaseExecutor.runScript(TestCaseExecutor.java:445)
	at com.kms.katalon.core.main.TestCaseExecutor.doExecute(TestCaseExecutor.java:436)
	at com.kms.katalon.core.main.TestCaseExecutor.processExecutionPhase(TestCaseExecutor.java:415)
	at com.kms.katalon.core.main.TestCaseExecutor.accessMainPhase(TestCaseExecutor.java:407)
	at com.kms.katalon.core.main.TestCaseExecutor.execute(TestCaseExecutor.java:284)
	at com.kms.katalon.core.common.CommonExecutor.accessTestCaseMainPhase(CommonExecutor.java:65)
	at com.kms.katalon.core.main.TestSuiteExecutor.accessTestSuiteMainPhase(TestSuiteExecutor.java:144)
	at com.kms.katalon.core.main.TestSuiteExecutor.execute(TestSuiteExecutor.java:106)
	at com.kms.katalon.core.main.TestCaseMain.startTestSuite(TestCaseMain.java:185)
	at com.kms.katalon.core.main.TestCaseMain$startTestSuite$0.call(Unknown Source)
	at TempTestSuite1705923140048.run(TempTestSuite1705923140048.groovy:36)
)
[[ATTACHMENT|C:\\Users\\Fadli\\git\\KatalonDailyGetData2\\Reports\\20240122_174123\\TS1\\20240122_183220\\1705923324480.png]]

2024-01-22 18:35:24 - [TEST_STEP][PASSED] - else: null

2024-01-22 18:35:24 - [TEST_STEP][PASSED] - strSeller2 = getText(findTestObject("Stockbit/Bandarmology_Seller2")): Text of object 'Object Repository/Stockbit/Bandarmology_Seller2' is: 'CC'

2024-01-22 18:35:24 - [MESSAGE][PASSED] - Text of object 'Object Repository/Stockbit/Bandarmology_Seller2' is: 'CC'

2024-01-22 18:35:24 - [TEST_STEP][PASSED] - strSellerVol2 = getText(findTestObject("Stockbit/Bandarmology_SellerVol2")): Text of object 'Object Repository/Stockbit/Bandarmology_SellerVol2' is: '8.3 K'

2024-01-22 18:35:25 - [MESSAGE][PASSED] - Text of object 'Object Repository/Stockbit/Bandarmology_SellerVol2' is: '8.3 K'

2024-01-22 18:35:25 - [TEST_STEP][PASSED] - strSellerAvg2 = getText(findTestObject("Stockbit/Bandarmology_SellerAvg2")): Text of object 'Object Repository/Stockbit/Bandarmology_SellerAvg2' is: '540'

2024-01-22 18:35:25 - [MESSAGE][PASSED] - Text of object 'Object Repository/Stockbit/Bandarmology_SellerAvg2' is: '540'

2024-01-22 18:35:25 - [TEST_STEP][PASSED] - if (strSeller2 != ""): null

2024-01-22 18:35:25 - [TEST_STEP][PASSED] - if (strSellerAvg2.contains(",")): null

2024-01-22 18:35:25 - [TEST_STEP][PASSED] - if (strSellerVol2.contains(" B")): null

2024-01-22 18:35:25 - [TEST_STEP][PASSED] - else if (strSellerVol2.contains(" M")): null

2024-01-22 18:35:25 - [TEST_STEP][PASSED] - else if (strSellerVol2.contains(" K")): null

2024-01-22 18:35:25 - [TEST_STEP][PASSED] - strSellerVol2 = strSellerVol2.replace(" K", ""): null

2024-01-22 18:35:25 - [TEST_STEP][PASSED] - strSellerVol2 = strSellerVol2.toDouble() * 1000: null

2024-01-22 18:35:25 - [TEST_STEP][PASSED] - if (verifyElementNotPresent(findTestObject("Stockbit/Bandarmology_Buyer3"), 1, OPTIONAL)): Web element with id: 'Object Repository/Stockbit/Bandarmology_Buyer3' located by 'By.xpath: //*[contains(@id, 'rc-tabs-')]/div[2]/div/div/div/div/div/div[2]/table/tbody/tr[4]/td[1]/p' is present after '1' second(s) (Root cause: com.kms.katalon.core.exception.StepFailedException: Web element with id: 'Object Repository/Stockbit/Bandarmology_Buyer3' located by 'By.xpath: //*[contains(@id, 'rc-tabs-')]/div[2]/div/div/div/div/div/div[2]/table/tbody/tr[4]/td[1]/p' is present after '1' second(s)
	at com.kms.katalon.core.webui.keyword.internal.WebUIKeywordMain.stepFailed(WebUIKeywordMain.groovy:64)
	at com.kms.katalon.core.webui.keyword.internal.WebUIKeywordMain$stepFailed$0.call(Unknown Source)
	at com.kms.katalon.core.webui.keyword.builtin.VerifyElementNotPresentKeyword$_verifyElementNotPresent_closure1.doCall(VerifyElementNotPresentKeyword.groovy:106)
	at com.kms.katalon.core.webui.keyword.builtin.VerifyElementNotPresentKeyword$_verifyElementNotPresent_closure1.doCall(VerifyElementNotPresentKeyword.groovy)
	at com.kms.katalon.core.webui.keyword.internal.WebUIKeywordMain.runKeyword(WebUIKeywordMain.groovy:20)
	at com.kms.katalon.core.webui.keyword.internal.WebUIKeywordMain$runKeyword.call(Unknown Source)
	at com.kms.katalon.core.webui.keyword.builtin.VerifyElementNotPresentKeyword.verifyElementNotPresent(VerifyElementNotPresentKeyword.groovy:117)
	at com.kms.katalon.core.webui.keyword.builtin.VerifyElementNotPresentKeyword.execute(VerifyElementNotPresentKeyword.groovy:68)
	at com.kms.katalon.core.keyword.internal.KeywordExecutor.executeKeywordForPlatform(KeywordExecutor.groovy:74)
	at com.kms.katalon.core.webui.keyword.WebUiBuiltInKeywords.verifyElementNotPresent(WebUiBuiltInKeywords.groovy:1481)
	at com.kms.katalon.core.webui.keyword.WebUiBuiltInKeywords$verifyElementNotPresent$8.call(Unknown Source)
	at GetBrokSumPriceDaily.run(GetBrokSumPriceDaily:361)
	at com.kms.katalon.core.main.ScriptEngine.run(ScriptEngine.java:194)
	at com.kms.katalon.core.main.ScriptEngine.runScriptAsRawText(ScriptEngine.java:119)
	at com.kms.katalon.core.main.TestCaseExecutor.runScript(TestCaseExecutor.java:445)
	at com.kms.katalon.core.main.TestCaseExecutor.doExecute(TestCaseExecutor.java:436)
	at com.kms.katalon.core.main.TestCaseExecutor.processExecutionPhase(TestCaseExecutor.java:415)
	at com.kms.katalon.core.main.TestCaseExecutor.accessMainPhase(TestCaseExecutor.java:407)
	at com.kms.katalon.core.main.TestCaseExecutor.execute(TestCaseExecutor.java:284)
	at com.kms.katalon.core.common.CommonExecutor.accessTestCaseMainPhase(CommonExecutor.java:65)
	at com.kms.katalon.core.main.TestSuiteExecutor.accessTestSuiteMainPhase(TestSuiteExecutor.java:144)
	at com.kms.katalon.core.main.TestSuiteExecutor.execute(TestSuiteExecutor.java:106)
	at com.kms.katalon.core.main.TestCaseMain.startTestSuite(TestCaseMain.java:185)
	at com.kms.katalon.core.main.TestCaseMain$startTestSuite$0.call(Unknown Source)
	at TempTestSuite1705923140048.run(TempTestSuite1705923140048.groovy:36)
)

2024-01-22 18:35:26 - [MESSAGE][WARNING] - Web element with id: 'Object Repository/Stockbit/Bandarmology_Buyer3' located by 'By.xpath: //*[contains(@id, 'rc-tabs-')]/div[2]/div/div/div/div/div/div[2]/table/tbody/tr[4]/td[1]/p' is present after '1' second(s) (Root cause: com.kms.katalon.core.exception.StepFailedException: Web element with id: 'Object Repository/Stockbit/Bandarmology_Buyer3' located by 'By.xpath: //*[contains(@id, 'rc-tabs-')]/div[2]/div/div/div/div/div/div[2]/table/tbody/tr[4]/td[1]/p' is present after '1' second(s)
	at com.kms.katalon.core.webui.keyword.internal.WebUIKeywordMain.stepFailed(WebUIKeywordMain.groovy:64)
	at com.kms.katalon.core.webui.keyword.internal.WebUIKeywordMain$stepFailed$0.call(Unknown Source)
	at com.kms.katalon.core.webui.keyword.builtin.VerifyElementNotPresentKeyword$_verifyElementNotPresent_closure1.doCall(VerifyElementNotPresentKeyword.groovy:106)
	at com.kms.katalon.core.webui.keyword.builtin.VerifyElementNotPresentKeyword$_verifyElementNotPresent_closure1.doCall(VerifyElementNotPresentKeyword.groovy)
	at com.kms.katalon.core.webui.keyword.internal.WebUIKeywordMain.runKeyword(WebUIKeywordMain.groovy:20)
	at com.kms.katalon.core.webui.keyword.internal.WebUIKeywordMain$runKeyword.call(Unknown Source)
	at com.kms.katalon.core.webui.keyword.builtin.VerifyElementNotPresentKeyword.verifyElementNotPresent(VerifyElementNotPresentKeyword.groovy:117)
	at com.kms.katalon.core.webui.keyword.builtin.VerifyElementNotPresentKeyword.execute(VerifyElementNotPresentKeyword.groovy:68)
	at com.kms.katalon.core.keyword.internal.KeywordExecutor.executeKeywordForPlatform(KeywordExecutor.groovy:74)
	at com.kms.katalon.core.webui.keyword.WebUiBuiltInKeywords.verifyElementNotPresent(WebUiBuiltInKeywords.groovy:1481)
	at com.kms.katalon.core.webui.keyword.WebUiBuiltInKeywords$verifyElementNotPresent$8.call(Unknown Source)
	at GetBrokSumPriceDaily.run(GetBrokSumPriceDaily:361)
	at com.kms.katalon.core.main.ScriptEngine.run(ScriptEngine.java:194)
	at com.kms.katalon.core.main.ScriptEngine.runScriptAsRawText(ScriptEngine.java:119)
	at com.kms.katalon.core.main.TestCaseExecutor.runScript(TestCaseExecutor.java:445)
	at com.kms.katalon.core.main.TestCaseExecutor.doExecute(TestCaseExecutor.java:436)
	at com.kms.katalon.core.main.TestCaseExecutor.processExecutionPhase(TestCaseExecutor.java:415)
	at com.kms.katalon.core.main.TestCaseExecutor.accessMainPhase(TestCaseExecutor.java:407)
	at com.kms.katalon.core.main.TestCaseExecutor.execute(TestCaseExecutor.java:284)
	at com.kms.katalon.core.common.CommonExecutor.accessTestCaseMainPhase(CommonExecutor.java:65)
	at com.kms.katalon.core.main.TestSuiteExecutor.accessTestSuiteMainPhase(TestSuiteExecutor.java:144)
	at com.kms.katalon.core.main.TestSuiteExecutor.execute(TestSuiteExecutor.java:106)
	at com.kms.katalon.core.main.TestCaseMain.startTestSuite(TestCaseMain.java:185)
	at com.kms.katalon.core.main.TestCaseMain$startTestSuite$0.call(Unknown Source)
	at TempTestSuite1705923140048.run(TempTestSuite1705923140048.groovy:36)
)
[[ATTACHMENT|C:\\Users\\Fadli\\git\\KatalonDailyGetData2\\Reports\\20240122_174123\\TS1\\20240122_183220\\1705923326407.png]]

2024-01-22 18:35:26 - [TEST_STEP][PASSED] - else: null

2024-01-22 18:35:26 - [TEST_STEP][PASSED] - strBuyer3 = getText(findTestObject("Stockbit/Bandarmology_Buyer3")): Text of object 'Object Repository/Stockbit/Bandarmology_Buyer3' is: 'IF'

2024-01-22 18:35:26 - [MESSAGE][PASSED] - Text of object 'Object Repository/Stockbit/Bandarmology_Buyer3' is: 'IF'

2024-01-22 18:35:26 - [TEST_STEP][PASSED] - strBuyerVol3 = getText(findTestObject("Stockbit/Bandarmology_BuyerVol3")): Text of object 'Object Repository/Stockbit/Bandarmology_BuyerVol3' is: '5 K'

2024-01-22 18:35:26 - [MESSAGE][PASSED] - Text of object 'Object Repository/Stockbit/Bandarmology_BuyerVol3' is: '5 K'

2024-01-22 18:35:26 - [TEST_STEP][PASSED] - strBuyerAvg3 = getText(findTestObject("Stockbit/Bandarmology_BuyerAvg3")): Text of object 'Object Repository/Stockbit/Bandarmology_BuyerAvg3' is: '540'

2024-01-22 18:35:27 - [MESSAGE][PASSED] - Text of object 'Object Repository/Stockbit/Bandarmology_BuyerAvg3' is: '540'

2024-01-22 18:35:27 - [TEST_STEP][PASSED] - if (strBuyer3 != ""): null

2024-01-22 18:35:27 - [TEST_STEP][PASSED] - if (strBuyerAvg3.contains(",")): null

2024-01-22 18:35:27 - [TEST_STEP][PASSED] - if (strBuyerVol3.contains(" B")): null

2024-01-22 18:35:27 - [TEST_STEP][PASSED] - else if (strBuyerVol3.contains(" M")): null

2024-01-22 18:35:27 - [TEST_STEP][PASSED] - else if (strBuyerVol3.contains(" K")): null

2024-01-22 18:35:27 - [TEST_STEP][PASSED] - strBuyerVol3 = strBuyerVol3.replace(" K", ""): null

2024-01-22 18:35:27 - [TEST_STEP][PASSED] - strBuyerVol3 = strBuyerVol3.toDouble() * 1000: null

2024-01-22 18:35:27 - [TEST_STEP][PASSED] - if (verifyElementNotPresent(findTestObject("Stockbit/Bandarmology_Seller3"), 1, OPTIONAL)): Web element with id: 'Object Repository/Stockbit/Bandarmology_Seller3' located by 'By.xpath: //*[contains(@id, 'rc-tabs-')]/div[2]/div/div/div/div/div/div[2]/table/tbody/tr[4]/td[5]/p' is present after '1' second(s) (Root cause: com.kms.katalon.core.exception.StepFailedException: Web element with id: 'Object Repository/Stockbit/Bandarmology_Seller3' located by 'By.xpath: //*[contains(@id, 'rc-tabs-')]/div[2]/div/div/div/div/div/div[2]/table/tbody/tr[4]/td[5]/p' is present after '1' second(s)
	at com.kms.katalon.core.webui.keyword.internal.WebUIKeywordMain.stepFailed(WebUIKeywordMain.groovy:64)
	at com.kms.katalon.core.webui.keyword.internal.WebUIKeywordMain$stepFailed$0.call(Unknown Source)
	at com.kms.katalon.core.webui.keyword.builtin.VerifyElementNotPresentKeyword$_verifyElementNotPresent_closure1.doCall(VerifyElementNotPresentKeyword.groovy:106)
	at com.kms.katalon.core.webui.keyword.builtin.VerifyElementNotPresentKeyword$_verifyElementNotPresent_closure1.doCall(VerifyElementNotPresentKeyword.groovy)
	at com.kms.katalon.core.webui.keyword.internal.WebUIKeywordMain.runKeyword(WebUIKeywordMain.groovy:20)
	at com.kms.katalon.core.webui.keyword.internal.WebUIKeywordMain$runKeyword.call(Unknown Source)
	at com.kms.katalon.core.webui.keyword.builtin.VerifyElementNotPresentKeyword.verifyElementNotPresent(VerifyElementNotPresentKeyword.groovy:117)
	at com.kms.katalon.core.webui.keyword.builtin.VerifyElementNotPresentKeyword.execute(VerifyElementNotPresentKeyword.groovy:68)
	at com.kms.katalon.core.keyword.internal.KeywordExecutor.executeKeywordForPlatform(KeywordExecutor.groovy:74)
	at com.kms.katalon.core.webui.keyword.WebUiBuiltInKeywords.verifyElementNotPresent(WebUiBuiltInKeywords.groovy:1481)
	at com.kms.katalon.core.webui.keyword.WebUiBuiltInKeywords$verifyElementNotPresent$8.call(Unknown Source)
	at GetBrokSumPriceDaily.run(GetBrokSumPriceDaily:414)
	at com.kms.katalon.core.main.ScriptEngine.run(ScriptEngine.java:194)
	at com.kms.katalon.core.main.ScriptEngine.runScriptAsRawText(ScriptEngine.java:119)
	at com.kms.katalon.core.main.TestCaseExecutor.runScript(TestCaseExecutor.java:445)
	at com.kms.katalon.core.main.TestCaseExecutor.doExecute(TestCaseExecutor.java:436)
	at com.kms.katalon.core.main.TestCaseExecutor.processExecutionPhase(TestCaseExecutor.java:415)
	at com.kms.katalon.core.main.TestCaseExecutor.accessMainPhase(TestCaseExecutor.java:407)
	at com.kms.katalon.core.main.TestCaseExecutor.execute(TestCaseExecutor.java:284)
	at com.kms.katalon.core.common.CommonExecutor.accessTestCaseMainPhase(CommonExecutor.java:65)
	at com.kms.katalon.core.main.TestSuiteExecutor.accessTestSuiteMainPhase(TestSuiteExecutor.java:144)
	at com.kms.katalon.core.main.TestSuiteExecutor.execute(TestSuiteExecutor.java:106)
	at com.kms.katalon.core.main.TestCaseMain.startTestSuite(TestCaseMain.java:185)
	at com.kms.katalon.core.main.TestCaseMain$startTestSuite$0.call(Unknown Source)
	at TempTestSuite1705923140048.run(TempTestSuite1705923140048.groovy:36)
)

2024-01-22 18:35:28 - [MESSAGE][WARNING] - Web element with id: 'Object Repository/Stockbit/Bandarmology_Seller3' located by 'By.xpath: //*[contains(@id, 'rc-tabs-')]/div[2]/div/div/div/div/div/div[2]/table/tbody/tr[4]/td[5]/p' is present after '1' second(s) (Root cause: com.kms.katalon.core.exception.StepFailedException: Web element with id: 'Object Repository/Stockbit/Bandarmology_Seller3' located by 'By.xpath: //*[contains(@id, 'rc-tabs-')]/div[2]/div/div/div/div/div/div[2]/table/tbody/tr[4]/td[5]/p' is present after '1' second(s)
	at com.kms.katalon.core.webui.keyword.internal.WebUIKeywordMain.stepFailed(WebUIKeywordMain.groovy:64)
	at com.kms.katalon.core.webui.keyword.internal.WebUIKeywordMain$stepFailed$0.call(Unknown Source)
	at com.kms.katalon.core.webui.keyword.builtin.VerifyElementNotPresentKeyword$_verifyElementNotPresent_closure1.doCall(VerifyElementNotPresentKeyword.groovy:106)
	at com.kms.katalon.core.webui.keyword.builtin.VerifyElementNotPresentKeyword$_verifyElementNotPresent_closure1.doCall(VerifyElementNotPresentKeyword.groovy)
	at com.kms.katalon.core.webui.keyword.internal.WebUIKeywordMain.runKeyword(WebUIKeywordMain.groovy:20)
	at com.kms.katalon.core.webui.keyword.internal.WebUIKeywordMain$runKeyword.call(Unknown Source)
	at com.kms.katalon.core.webui.keyword.builtin.VerifyElementNotPresentKeyword.verifyElementNotPresent(VerifyElementNotPresentKeyword.groovy:117)
	at com.kms.katalon.core.webui.keyword.builtin.VerifyElementNotPresentKeyword.execute(VerifyElementNotPresentKeyword.groovy:68)
	at com.kms.katalon.core.keyword.internal.KeywordExecutor.executeKeywordForPlatform(KeywordExecutor.groovy:74)
	at com.kms.katalon.core.webui.keyword.WebUiBuiltInKeywords.verifyElementNotPresent(WebUiBuiltInKeywords.groovy:1481)
	at com.kms.katalon.core.webui.keyword.WebUiBuiltInKeywords$verifyElementNotPresent$8.call(Unknown Source)
	at GetBrokSumPriceDaily.run(GetBrokSumPriceDaily:414)
	at com.kms.katalon.core.main.ScriptEngine.run(ScriptEngine.java:194)
	at com.kms.katalon.core.main.ScriptEngine.runScriptAsRawText(ScriptEngine.java:119)
	at com.kms.katalon.core.main.TestCaseExecutor.runScript(TestCaseExecutor.java:445)
	at com.kms.katalon.core.main.TestCaseExecutor.doExecute(TestCaseExecutor.java:436)
	at com.kms.katalon.core.main.TestCaseExecutor.processExecutionPhase(TestCaseExecutor.java:415)
	at com.kms.katalon.core.main.TestCaseExecutor.accessMainPhase(TestCaseExecutor.java:407)
	at com.kms.katalon.core.main.TestCaseExecutor.execute(TestCaseExecutor.java:284)
	at com.kms.katalon.core.common.CommonExecutor.accessTestCaseMainPhase(CommonExecutor.java:65)
	at com.kms.katalon.core.main.TestSuiteExecutor.accessTestSuiteMainPhase(TestSuiteExecutor.java:144)
	at com.kms.katalon.core.main.TestSuiteExecutor.execute(TestSuiteExecutor.java:106)
	at com.kms.katalon.core.main.TestCaseMain.startTestSuite(TestCaseMain.java:185)
	at com.kms.katalon.core.main.TestCaseMain$startTestSuite$0.call(Unknown Source)
	at TempTestSuite1705923140048.run(TempTestSuite1705923140048.groovy:36)
)
[[ATTACHMENT|C:\\Users\\Fadli\\git\\KatalonDailyGetData2\\Reports\\20240122_174123\\TS1\\20240122_183220\\1705923328301.png]]

2024-01-22 18:35:28 - [TEST_STEP][PASSED] - else: null

2024-01-22 18:35:28 - [TEST_STEP][PASSED] - strSeller3 = getText(findTestObject("Stockbit/Bandarmology_Seller3")): Text of object 'Object Repository/Stockbit/Bandarmology_Seller3' is: 'PO'

2024-01-22 18:35:28 - [MESSAGE][PASSED] - Text of object 'Object Repository/Stockbit/Bandarmology_Seller3' is: 'PO'

2024-01-22 18:35:28 - [TEST_STEP][PASSED] - strSellerVol3 = getText(findTestObject("Stockbit/Bandarmology_SellerVol3")): Text of object 'Object Repository/Stockbit/Bandarmology_SellerVol3' is: '8 K'

2024-01-22 18:35:28 - [MESSAGE][PASSED] - Text of object 'Object Repository/Stockbit/Bandarmology_SellerVol3' is: '8 K'

2024-01-22 18:35:28 - [TEST_STEP][PASSED] - strSellerAvg3 = getText(findTestObject("Stockbit/Bandarmology_SellerAvg3")): Text of object 'Object Repository/Stockbit/Bandarmology_SellerAvg3' is: '540'

2024-01-22 18:35:29 - [MESSAGE][PASSED] - Text of object 'Object Repository/Stockbit/Bandarmology_SellerAvg3' is: '540'

2024-01-22 18:35:29 - [TEST_STEP][PASSED] - if (strSeller3 != ""): null

2024-01-22 18:35:29 - [TEST_STEP][PASSED] - if (strSellerAvg3.contains(",")): null

2024-01-22 18:35:29 - [TEST_STEP][PASSED] - if (strSellerVol3.contains(" B")): null

2024-01-22 18:35:29 - [TEST_STEP][PASSED] - else if (strSellerVol3.contains(" M")): null

2024-01-22 18:35:29 - [TEST_STEP][PASSED] - else if (strSellerVol3.contains(" K")): null

2024-01-22 18:35:29 - [TEST_STEP][PASSED] - strSellerVol3 = strSellerVol3.replace(" K", ""): null

2024-01-22 18:35:29 - [TEST_STEP][PASSED] - strSellerVol3 = strSellerVol3.toDouble() * 1000: null

2024-01-22 18:35:29 - [TEST_STEP][PASSED] - strAccDist = getText(findTestObject("Stockbit/Bandarmology_AccDist")): Text of object 'Object Repository/Stockbit/Bandarmology_AccDist' is: 'Dist'

2024-01-22 18:35:29 - [MESSAGE][PASSED] - Text of object 'Object Repository/Stockbit/Bandarmology_AccDist' is: 'Dist'

2024-01-22 18:35:29 - [TEST_STEP][PASSED] - strNetVol = getText(findTestObject("Stockbit/Bandarmology_NetVol")): Text of object 'Object Repository/Stockbit/Bandarmology_NetVol' is: '70,029'

2024-01-22 18:35:29 - [MESSAGE][PASSED] - Text of object 'Object Repository/Stockbit/Bandarmology_NetVol' is: '70,029'

2024-01-22 18:35:29 - [TEST_STEP][PASSED] - strNetVol = strNetVol.replace(",", ""): null

2024-01-22 18:35:29 - [TEST_STEP][PASSED] - strNetVal = getText(findTestObject("Stockbit/Bandarmology_NetVal")): Text of object 'Object Repository/Stockbit/Bandarmology_NetVal' is: '3.8 B'

2024-01-22 18:35:29 - [MESSAGE][PASSED] - Text of object 'Object Repository/Stockbit/Bandarmology_NetVal' is: '3.8 B'

2024-01-22 18:35:29 - [TEST_STEP][PASSED] - delay(3): Delayed 3 second(s)

2024-01-22 18:35:32 - [MESSAGE][PASSED] - Delayed 3 second(s)

2024-01-22 18:35:32 - [TEST_STEP][PASSED] - strOpenPrice = getText(findTestObject("Stockbit/Home_OpenPrice")): Text of object 'Object Repository/Stockbit/Home_OpenPrice' is: '545'

2024-01-22 18:35:32 - [MESSAGE][PASSED] - Text of object 'Object Repository/Stockbit/Home_OpenPrice' is: '545'

2024-01-22 18:35:32 - [TEST_STEP][PASSED] - strOpenPrice = strOpenPrice.replace(",", ""): null

2024-01-22 18:35:32 - [TEST_STEP][PASSED] - strLowPrice = getText(findTestObject("Stockbit/Home_LowPrice")): Text of object 'Object Repository/Stockbit/Home_LowPrice' is: '535'

2024-01-22 18:35:32 - [MESSAGE][PASSED] - Text of object 'Object Repository/Stockbit/Home_LowPrice' is: '535'

2024-01-22 18:35:32 - [TEST_STEP][PASSED] - strLowPrice = strLowPrice.replace(",", ""): null

2024-01-22 18:35:32 - [TEST_STEP][PASSED] - strHighPrice = getText(findTestObject("Stockbit/Home_HighPrice")): Text of object 'Object Repository/Stockbit/Home_HighPrice' is: '545'

2024-01-22 18:35:32 - [MESSAGE][PASSED] - Text of object 'Object Repository/Stockbit/Home_HighPrice' is: '545'

2024-01-22 18:35:32 - [TEST_STEP][PASSED] - strHighPrice = strHighPrice.replace(",", ""): null

2024-01-22 18:35:32 - [TEST_STEP][PASSED] - strClosePrice = getText(findTestObject("Stockbit/Home_ClosePrice")): Text of object 'Object Repository/Stockbit/Home_ClosePrice' is: '540'

2024-01-22 18:35:33 - [MESSAGE][PASSED] - Text of object 'Object Repository/Stockbit/Home_ClosePrice' is: '540'

2024-01-22 18:35:33 - [TEST_STEP][PASSED] - strClosePrice = strClosePrice.replace(",", ""): null

2024-01-22 18:35:33 - [TEST_STEP][PASSED] - strVol = getText(findTestObject("Stockbit/Home_Volume")): Text of object 'Object Repository/Stockbit/Home_Volume' is: '439 K'

2024-01-22 18:35:33 - [MESSAGE][PASSED] - Text of object 'Object Repository/Stockbit/Home_Volume' is: '439 K'

2024-01-22 18:35:33 - [TEST_STEP][PASSED] - if (strVol.contains(" K")): null

2024-01-22 18:35:33 - [TEST_STEP][PASSED] - strVol = strVol.replace(" K", "000"): null

2024-01-22 18:35:33 - [TEST_STEP][PASSED] - if (strVol.contains(",")): null

2024-01-22 18:35:33 - [TEST_STEP][PASSED] - strChange = getText(findTestObject("Stockbit/Home_Change")): Text of object 'Object Repository/Stockbit/Home_Change' is: '-0.92%'

2024-01-22 18:35:33 - [MESSAGE][PASSED] - Text of object 'Object Repository/Stockbit/Home_Change' is: '-0.92%'

2024-01-22 18:35:33 - [TEST_STEP][PASSED] - strChange = strChange.replace("%", ""): null

2024-01-22 18:35:33 - [TEST_STEP][PASSED] - strFreq = getText(findTestObject("Stockbit/Home_Freq")): Text of object 'Object Repository/Stockbit/Home_Freq' is: '1,870'

2024-01-22 18:35:33 - [MESSAGE][PASSED] - Text of object 'Object Repository/Stockbit/Home_Freq' is: '1,870'

2024-01-22 18:35:33 - [TEST_STEP][PASSED] - if (strFreq.contains(",")): null

2024-01-22 18:35:33 - [TEST_STEP][PASSED] - strFreq = strFreq.replace(",", ""): null

2024-01-22 18:35:33 - [TEST_STEP][PASSED] - if (strFreq == "NA" || strFreq == ""): null

2024-01-22 18:35:33 - [TEST_STEP][PASSED] - else: null

2024-01-22 18:35:33 - [TEST_STEP][PASSED] - dblFreqAnal = strVol.toDouble() / strFreq.toDouble() * strFreq.toDouble() * strFreq.toDouble() * 100000000: null

2024-01-22 18:35:33 - [TEST_STEP][PASSED] - strFreqAnal = String.format("%.4f", dblFreqAnal): null

2024-01-22 18:35:33 - [TEST_STEP][PASSED] - out.println("Double strFreqAnal: " + strFreqAnal): null

2024-01-22 18:35:33 - [TEST_STEP][PASSED] - strTanggal = d.format(DateTimeFormatter.ofPattern("yyyy-MM-dd")): null

2024-01-22 18:35:33 - [TEST_STEP][PASSED] - strTanggal = "#" + strTanggal + "#": null

2024-01-22 18:35:33 - [TEST_STEP][PASSED] - strSQL = "select count(*) as JumBaris from TblBrokSum where Nama = '" + strNama + "' and Tanggal = " + strTanggal + "": null

2024-01-22 18:35:33 - [TEST_STEP][PASSED] - resultSet = statement.executeQuery(strSQL): null

2024-01-22 18:35:33 - [TEST_STEP][PASSED] - resultSet.next(): null

2024-01-22 18:35:33 - [TEST_STEP][PASSED] - intJumBaris = resultSet.getInt("JumBaris"): null

2024-01-22 18:35:33 - [TEST_STEP][PASSED] - if (intJumBaris > 0): null

2024-01-22 18:35:33 - [TEST_STEP][PASSED] - else: null

2024-01-22 18:35:33 - [TEST_STEP][PASSED] - try: null

2024-01-22 18:35:33 - [TEST_STEP][PASSED] - out.println("Insert data"): null

2024-01-22 18:35:33 - [TEST_STEP][PASSED] - strSQL = "insert into TblBrokSum (nama, tanggal, top1, top2, top3, AllBrokAvg, AccDist, AvgRP, " + "Buyer1, BuyerVal1, BuyerAvg1, Seller1, SellerVal1, SellerAvg1, Buyer2, BuyerVal2, BuyerAvg2, " + "Seller2, SellerVal2, SellerAvg2, Buyer3, BuyerVal3, BuyerAvg3, Seller3, SellerVal3, SellerAvg3, NetVol, NetVal, " + "OpenPrice, LowPrice, HighPrice, ClosePrice, Volume, Change, Frekuensi, FrekAnal) " + "values ('" + strNama + "', " + strTanggal + ", '" + strTop1 + "', '" + strTop3 + "', '" + strTop5 + "', " + "'" + strAllBrokAvg + "', '" + strAccDist + "', " + intAvgRP + ", '" + strBuyer1 + "', '" + strBuyerVol1 + "', " + strBuyerAvg1 + ", " + "'" + strSeller1 + "', '" + strSellerVol1 + "', " + strSellerAvg1 + ", '" + strBuyer2 + "', '" + strBuyerVol2 + "', " + strBuyerAvg2 + ", " + "'" + strSeller2 + "', '" + strSellerVol2 + "', " + strSellerAvg2 + ", '" + strBuyer3 + "', '" + strBuyerVol3 + "', " + strBuyerAvg3 + ", " + "'" + strSeller3 + "', '" + strSellerVol3 + "', " + strSellerAvg3 + ", " + strNetVol + ", '" + strNetVal + "', " + "" + strOpenPrice + ", " + strLowPrice + ", " + strHighPrice + ", " + strClosePrice + ", '" + strVol + "', " + strChange + ", " + strFreq + ", " + strFreqAnal + ");": null

2024-01-22 18:35:33 - [TEST_STEP][PASSED] - out.println("strSQL = " + strSQL): null

2024-01-22 18:35:33 - [TEST_STEP][PASSED] - statement.executeUpdate(strSQL): null

2024-01-22 18:35:33 - [TEST_STEP][PASSED] - setValueToCellByIndex(sheet01, rowIndex, 4, "DONE"): null

2024-01-22 18:35:33 - [TEST_STEP][PASSED] - saveWorkbook(excelFilePath, workbook01): null

2024-01-22 18:35:33 - [TEST_STEP][PASSED] - waitForElementClickable(findTestObject("Stockbit/menu_Bandarmology"), 10): Object 'Object Repository/Stockbit/menu_Bandarmology' is clickable

2024-01-22 18:35:33 - [MESSAGE][PASSED] - Object 'Object Repository/Stockbit/menu_Bandarmology' is clickable

2024-01-22 18:35:33 - [TEST_STEP][PASSED] - click(findTestObject("Stockbit/menu_Bandarmology")): Object: 'Object Repository/Stockbit/menu_Bandarmology' is clicked on

2024-01-22 18:35:34 - [MESSAGE][PASSED] - Object: 'Object Repository/Stockbit/menu_Bandarmology' is clicked on

2024-01-22 18:35:34 - [TEST_STEP][PASSED] - strTemp = "NA": null

2024-01-22 18:35:34 - [TEST_STEP][PASSED] - if (getCellValueByIndex(sheet01, rowIndex, 4) != "DONE"): Object: 'Object Repository/Stockbit/menu_Bandarmology' is clicked on

2024-01-22 18:35:34 - [TEST_STEP][PASSED] - strNama = getCellValueByIndex(sheet01, rowIndex, 0): null

2024-01-22 18:35:34 - [TEST_STEP][PASSED] - navigateToUrl("https://stockbit.com/#/symbol/" + strNama): Navigate to 'https://stockbit.com/#/symbol/MINA' successfully

2024-01-22 18:35:35 - [MESSAGE][PASSED] - Navigate to 'https://stockbit.com/#/symbol/MINA' successfully

2024-01-22 18:35:35 - [TEST_STEP][PASSED] - waitForElementClickable(findTestObject("Stockbit/menu_Bandarmology"), 10): Object 'Object Repository/Stockbit/menu_Bandarmology' is clickable

2024-01-22 18:35:35 - [MESSAGE][PASSED] - Object 'Object Repository/Stockbit/menu_Bandarmology' is clickable

2024-01-22 18:35:35 - [TEST_STEP][PASSED] - click(findTestObject("Stockbit/menu_Bandarmology")): Object: 'Object Repository/Stockbit/menu_Bandarmology' is clicked on

2024-01-22 18:35:36 - [MESSAGE][PASSED] - Object: 'Object Repository/Stockbit/menu_Bandarmology' is clicked on

2024-01-22 18:35:36 - [TEST_STEP][PASSED] - strTanggal = d.format(DateTimeFormatter.ofPattern("MMM dd, yyyy")): null

2024-01-22 18:35:36 - [TEST_STEP][PASSED] - strTanggal = d.format(ISO_DATE): null

2024-01-22 18:35:36 - [TEST_STEP][PASSED] - out.println("strTanggal = " + strTanggal): null

2024-01-22 18:35:36 - [TEST_STEP][PASSED] - out.println("strNama = " + strNama): null

2024-01-22 18:35:36 - [TEST_STEP][PASSED] - out.println("Baris ke = " + rowIndex): null

2024-01-22 18:35:36 - [TEST_STEP][PASSED] - click(findTestObject("Stockbit/input__BandarmologyOpenStartDate")): Object: 'Object Repository/Stockbit/input__BandarmologyOpenStartDate' is clicked on

2024-01-22 18:35:37 - [MESSAGE][PASSED] - Object: 'Object Repository/Stockbit/input__BandarmologyOpenStartDate' is clicked on

2024-01-22 18:35:37 - [TEST_STEP][PASSED] - sendKeys(findTestObject("Stockbit/input__BandarmologyOpenStartDate"), Keys.chord(CONTROL, "a")): Keys 'CONTROL + a' sent to object: 'Object Repository/Stockbit/input__BandarmologyOpenStartDate'

2024-01-22 18:35:38 - [MESSAGE][PASSED] - Keys 'CONTROL + a' sent to object: 'Object Repository/Stockbit/input__BandarmologyOpenStartDate'

2024-01-22 18:35:38 - [TEST_STEP][PASSED] - sendKeys(findTestObject("Stockbit/input__BandarmologyOpenStartDate"), Keys.chord(BACK_SPACE)): Keys 'BACK_SPACE + ' sent to object: 'Object Repository/Stockbit/input__BandarmologyOpenStartDate'

2024-01-22 18:35:38 - [MESSAGE][PASSED] - Keys 'BACK_SPACE + ' sent to object: 'Object Repository/Stockbit/input__BandarmologyOpenStartDate'

2024-01-22 18:35:38 - [TEST_STEP][PASSED] - setText(findTestObject("Stockbit/input__BandarmologyOpenStartDate"), strTanggal): Text '2024-01-22' is set on object 'Object Repository/Stockbit/input__BandarmologyOpenStartDate'

2024-01-22 18:35:39 - [MESSAGE][PASSED] - Text '2024-01-22' is set on object 'Object Repository/Stockbit/input__BandarmologyOpenStartDate'

2024-01-22 18:35:39 - [TEST_STEP][PASSED] - sendKeys(findTestObject("Stockbit/input__BandarmologyOpenStartDate"), Keys.chord(ENTER)): Keys 'ENTER + ' sent to object: 'Object Repository/Stockbit/input__BandarmologyOpenStartDate'

2024-01-22 18:35:39 - [MESSAGE][PASSED] - Keys 'ENTER + ' sent to object: 'Object Repository/Stockbit/input__BandarmologyOpenStartDate'

2024-01-22 18:35:39 - [TEST_STEP][PASSED] - click(findTestObject("Stockbit/input__BandarmologyOpenEndDate")): Object: 'Object Repository/Stockbit/input__BandarmologyOpenEndDate' is clicked on

2024-01-22 18:35:40 - [MESSAGE][PASSED] - Object: 'Object Repository/Stockbit/input__BandarmologyOpenEndDate' is clicked on

2024-01-22 18:35:40 - [TEST_STEP][PASSED] - sendKeys(findTestObject("Stockbit/input__BandarmologyOpenEndDate"), Keys.chord(CONTROL, "a")): Keys 'CONTROL + a' sent to object: 'Object Repository/Stockbit/input__BandarmologyOpenEndDate'

2024-01-22 18:35:40 - [MESSAGE][PASSED] - Keys 'CONTROL + a' sent to object: 'Object Repository/Stockbit/input__BandarmologyOpenEndDate'

2024-01-22 18:35:40 - [TEST_STEP][PASSED] - sendKeys(findTestObject("Stockbit/input__BandarmologyOpenEndDate"), Keys.chord(BACK_SPACE)): Keys 'BACK_SPACE + ' sent to object: 'Object Repository/Stockbit/input__BandarmologyOpenEndDate'

2024-01-22 18:35:40 - [MESSAGE][PASSED] - Keys 'BACK_SPACE + ' sent to object: 'Object Repository/Stockbit/input__BandarmologyOpenEndDate'

2024-01-22 18:35:40 - [TEST_STEP][PASSED] - setText(findTestObject("Stockbit/input__BandarmologyOpenEndDate"), strTanggal): Text '2024-01-22' is set on object 'Object Repository/Stockbit/input__BandarmologyOpenEndDate'

2024-01-22 18:35:41 - [MESSAGE][PASSED] - Text '2024-01-22' is set on object 'Object Repository/Stockbit/input__BandarmologyOpenEndDate'

2024-01-22 18:35:41 - [TEST_STEP][PASSED] - sendKeys(findTestObject("Stockbit/input__BandarmologyOpenEndDate"), Keys.chord(ENTER)): Keys 'ENTER + ' sent to object: 'Object Repository/Stockbit/input__BandarmologyOpenEndDate'

2024-01-22 18:35:41 - [MESSAGE][PASSED] - Keys 'ENTER + ' sent to object: 'Object Repository/Stockbit/input__BandarmologyOpenEndDate'

2024-01-22 18:35:41 - [TEST_STEP][PASSED] - delay(2): Delayed 2 second(s)

2024-01-22 18:35:43 - [MESSAGE][PASSED] - Delayed 2 second(s)

2024-01-22 18:35:43 - [TEST_STEP][PASSED] - strTemp = getText(findTestObject("Stockbit/Bandarmology_AvgRP")): Text of object 'Object Repository/Stockbit/Bandarmology_AvgRP' is: '50'

2024-01-22 18:35:44 - [MESSAGE][PASSED] - Text of object 'Object Repository/Stockbit/Bandarmology_AvgRP' is: '50'

2024-01-22 18:35:44 - [TEST_STEP][PASSED] - out.println("Bandarmology_AvgRP = " + strTemp): null

2024-01-22 18:35:44 - [TEST_STEP][PASSED] - if (strTemp != "0"): null

2024-01-22 18:35:44 - [TEST_STEP][PASSED] - strTop1 = getText(findTestObject("Stockbit/Bandarmology_Top1")): Text of object 'Object Repository/Stockbit/Bandarmology_Top1' is: 'Neutral'

2024-01-22 18:35:44 - [MESSAGE][PASSED] - Text of object 'Object Repository/Stockbit/Bandarmology_Top1' is: 'Neutral'

2024-01-22 18:35:44 - [TEST_STEP][PASSED] - strTop3 = getText(findTestObject("Stockbit/Bandarmology_Top3")): Text of object 'Object Repository/Stockbit/Bandarmology_Top3' is: 'Neutral'

2024-01-22 18:35:44 - [MESSAGE][PASSED] - Text of object 'Object Repository/Stockbit/Bandarmology_Top3' is: 'Neutral'

2024-01-22 18:35:44 - [TEST_STEP][PASSED] - strTop5 = getText(findTestObject("Stockbit/Bandarmology_Top5")): Text of object 'Object Repository/Stockbit/Bandarmology_Top5' is: 'Neutral'

2024-01-22 18:35:44 - [MESSAGE][PASSED] - Text of object 'Object Repository/Stockbit/Bandarmology_Top5' is: 'Neutral'

2024-01-22 18:35:44 - [TEST_STEP][PASSED] - strAllBrokAvg = getText(findTestObject("Stockbit/Bandarmology_TopAVG")): Text of object 'Object Repository/Stockbit/Bandarmology_TopAVG' is: 'Neutral'

2024-01-22 18:35:44 - [MESSAGE][PASSED] - Text of object 'Object Repository/Stockbit/Bandarmology_TopAVG' is: 'Neutral'

2024-01-22 18:35:44 - [TEST_STEP][PASSED] - strTemp = getText(findTestObject("Stockbit/Bandarmology_AvgRP")): Text of object 'Object Repository/Stockbit/Bandarmology_AvgRP' is: '50'

2024-01-22 18:35:44 - [MESSAGE][PASSED] - Text of object 'Object Repository/Stockbit/Bandarmology_AvgRP' is: '50'

2024-01-22 18:35:44 - [TEST_STEP][PASSED] - if (strTemp.contains(",")): null

2024-01-22 18:35:44 - [TEST_STEP][PASSED] - intAvgRP = strTemp.toInteger(): null

2024-01-22 18:35:44 - [TEST_STEP][PASSED] - strBuyer1 = getText(findTestObject("Stockbit/Bandarmology_Buyer1")): Text of object 'Object Repository/Stockbit/Bandarmology_Buyer1' is: 'CC'

2024-01-22 18:35:44 - [MESSAGE][PASSED] - Text of object 'Object Repository/Stockbit/Bandarmology_Buyer1' is: 'CC'

2024-01-22 18:35:44 - [TEST_STEP][PASSED] - strBuyerVol1 = getText(findTestObject("Stockbit/Bandarmology_BuyerVol1")): Text of object 'Object Repository/Stockbit/Bandarmology_BuyerVol1' is: '500'

2024-01-22 18:35:44 - [MESSAGE][PASSED] - Text of object 'Object Repository/Stockbit/Bandarmology_BuyerVol1' is: '500'

2024-01-22 18:35:44 - [TEST_STEP][PASSED] - strBuyerAvg1 = getText(findTestObject("Stockbit/Bandarmology_BuyerAvg1")): Text of object 'Object Repository/Stockbit/Bandarmology_BuyerAvg1' is: '50'

2024-01-22 18:35:44 - [MESSAGE][PASSED] - Text of object 'Object Repository/Stockbit/Bandarmology_BuyerAvg1' is: '50'

2024-01-22 18:35:44 - [TEST_STEP][PASSED] - if (strBuyerAvg1.contains(",")): null

2024-01-22 18:35:44 - [TEST_STEP][PASSED] - if (strBuyerVol1.contains(" B")): null

2024-01-22 18:35:44 - [TEST_STEP][PASSED] - strSeller1 = getText(findTestObject("Stockbit/Bandarmology_Seller1")): Text of object 'Object Repository/Stockbit/Bandarmology_Seller1' is: 'RB'

2024-01-22 18:35:45 - [MESSAGE][PASSED] - Text of object 'Object Repository/Stockbit/Bandarmology_Seller1' is: 'RB'

2024-01-22 18:35:45 - [TEST_STEP][PASSED] - strSellerVol1 = getText(findTestObject("Stockbit/Bandarmology_SellerVol1")): Text of object 'Object Repository/Stockbit/Bandarmology_SellerVol1' is: '500'

2024-01-22 18:35:45 - [MESSAGE][PASSED] - Text of object 'Object Repository/Stockbit/Bandarmology_SellerVol1' is: '500'

2024-01-22 18:35:45 - [TEST_STEP][PASSED] - strSellerAvg1 = getText(findTestObject("Stockbit/Bandarmology_SellerAvg1")): Text of object 'Object Repository/Stockbit/Bandarmology_SellerAvg1' is: '50'

2024-01-22 18:35:45 - [MESSAGE][PASSED] - Text of object 'Object Repository/Stockbit/Bandarmology_SellerAvg1' is: '50'

2024-01-22 18:35:45 - [TEST_STEP][PASSED] - if (strSellerAvg1.contains(",")): null

2024-01-22 18:35:45 - [TEST_STEP][PASSED] - if (strSellerVol1.contains(" B")): null

2024-01-22 18:35:45 - [TEST_STEP][PASSED] - if (verifyElementNotPresent(findTestObject("Stockbit/Bandarmology_Buyer2"), 1, OPTIONAL)): null

2024-01-22 18:35:45 - [MESSAGE][PASSED] - Web element with id: 'Object Repository/Stockbit/Bandarmology_Buyer2' located by 'By.xpath: //*[contains(@id, 'rc-tabs-')]/div[2]/div/div/div/div/div/div[2]/table/tbody/tr[3]/td[1]/p' is not present after '1' second(s)

2024-01-22 18:35:45 - [TEST_STEP][PASSED] - strBuyer2 = "-": null

2024-01-22 18:35:45 - [TEST_STEP][PASSED] - strBuyerVol2 = "0": null

2024-01-22 18:35:45 - [TEST_STEP][PASSED] - strBuyerAvg2 = "0": null

2024-01-22 18:35:45 - [TEST_STEP][PASSED] - if (verifyElementNotPresent(findTestObject("Stockbit/Bandarmology_Seller2"), 1, OPTIONAL)): null

2024-01-22 18:35:45 - [MESSAGE][PASSED] - Web element with id: 'Object Repository/Stockbit/Bandarmology_Seller2' located by 'By.xpath: //*[contains(@id, 'rc-tabs-')]/div[2]/div/div/div/div/div/div[2]/table/tbody/tr[3]/td[5]/p' is not present after '1' second(s)

2024-01-22 18:35:45 - [TEST_STEP][PASSED] - strSeller2 = "-": null

2024-01-22 18:35:45 - [TEST_STEP][PASSED] - strSellerVol2 = "0": null

2024-01-22 18:35:45 - [TEST_STEP][PASSED] - strSellerAvg2 = "0": null

2024-01-22 18:35:45 - [TEST_STEP][PASSED] - if (verifyElementNotPresent(findTestObject("Stockbit/Bandarmology_Buyer3"), 1, OPTIONAL)): null

2024-01-22 18:35:45 - [MESSAGE][PASSED] - Web element with id: 'Object Repository/Stockbit/Bandarmology_Buyer3' located by 'By.xpath: //*[contains(@id, 'rc-tabs-')]/div[2]/div/div/div/div/div/div[2]/table/tbody/tr[4]/td[1]/p' is not present after '1' second(s)

2024-01-22 18:35:45 - [TEST_STEP][PASSED] - strBuyer3 = "-": null

2024-01-22 18:35:45 - [TEST_STEP][PASSED] - strBuyerVol3 = "0": null

2024-01-22 18:35:45 - [TEST_STEP][PASSED] - strBuyerAvg3 = "0": null

2024-01-22 18:35:45 - [TEST_STEP][PASSED] - if (verifyElementNotPresent(findTestObject("Stockbit/Bandarmology_Seller3"), 1, OPTIONAL)): null

2024-01-22 18:35:45 - [MESSAGE][PASSED] - Web element with id: 'Object Repository/Stockbit/Bandarmology_Seller3' located by 'By.xpath: //*[contains(@id, 'rc-tabs-')]/div[2]/div/div/div/div/div/div[2]/table/tbody/tr[4]/td[5]/p' is not present after '1' second(s)

2024-01-22 18:35:45 - [TEST_STEP][PASSED] - strSeller3 = "-": null

2024-01-22 18:35:45 - [TEST_STEP][PASSED] - strSellerVol3 = "0": null

2024-01-22 18:35:45 - [TEST_STEP][PASSED] - strSellerAvg3 = "0": null

2024-01-22 18:35:45 - [TEST_STEP][PASSED] - strAccDist = getText(findTestObject("Stockbit/Bandarmology_AccDist")): Text of object 'Object Repository/Stockbit/Bandarmology_AccDist' is: 'Dist'

2024-01-22 18:35:45 - [MESSAGE][PASSED] - Text of object 'Object Repository/Stockbit/Bandarmology_AccDist' is: 'Dist'

2024-01-22 18:35:45 - [TEST_STEP][PASSED] - strNetVol = getText(findTestObject("Stockbit/Bandarmology_NetVol")): Text of object 'Object Repository/Stockbit/Bandarmology_NetVol' is: '500'

2024-01-22 18:35:45 - [MESSAGE][PASSED] - Text of object 'Object Repository/Stockbit/Bandarmology_NetVol' is: '500'

2024-01-22 18:35:45 - [TEST_STEP][PASSED] - strNetVol = strNetVol.replace(",", ""): null

2024-01-22 18:35:45 - [TEST_STEP][PASSED] - strNetVal = getText(findTestObject("Stockbit/Bandarmology_NetVal")): Text of object 'Object Repository/Stockbit/Bandarmology_NetVal' is: '0 B'

2024-01-22 18:35:46 - [MESSAGE][PASSED] - Text of object 'Object Repository/Stockbit/Bandarmology_NetVal' is: '0 B'

2024-01-22 18:35:46 - [TEST_STEP][PASSED] - delay(3): Delayed 3 second(s)

2024-01-22 18:35:49 - [MESSAGE][PASSED] - Delayed 3 second(s)

2024-01-22 18:35:49 - [TEST_STEP][PASSED] - strOpenPrice = getText(findTestObject("Stockbit/Home_OpenPrice")): Text of object 'Object Repository/Stockbit/Home_OpenPrice' is: '50'

2024-01-22 18:35:49 - [MESSAGE][PASSED] - Text of object 'Object Repository/Stockbit/Home_OpenPrice' is: '50'

2024-01-22 18:35:49 - [TEST_STEP][PASSED] - strOpenPrice = strOpenPrice.replace(",", ""): null

2024-01-22 18:35:49 - [TEST_STEP][PASSED] - strLowPrice = getText(findTestObject("Stockbit/Home_LowPrice")): Text of object 'Object Repository/Stockbit/Home_LowPrice' is: '50'

2024-01-22 18:35:49 - [MESSAGE][PASSED] - Text of object 'Object Repository/Stockbit/Home_LowPrice' is: '50'

2024-01-22 18:35:49 - [TEST_STEP][PASSED] - strLowPrice = strLowPrice.replace(",", ""): null

2024-01-22 18:35:49 - [TEST_STEP][PASSED] - strHighPrice = getText(findTestObject("Stockbit/Home_HighPrice")): Text of object 'Object Repository/Stockbit/Home_HighPrice' is: '50'

2024-01-22 18:35:49 - [MESSAGE][PASSED] - Text of object 'Object Repository/Stockbit/Home_HighPrice' is: '50'

2024-01-22 18:35:49 - [TEST_STEP][PASSED] - strHighPrice = strHighPrice.replace(",", ""): null

2024-01-22 18:35:49 - [TEST_STEP][PASSED] - strClosePrice = getText(findTestObject("Stockbit/Home_ClosePrice")): Text of object 'Object Repository/Stockbit/Home_ClosePrice' is: '50'

2024-01-22 18:35:49 - [MESSAGE][PASSED] - Text of object 'Object Repository/Stockbit/Home_ClosePrice' is: '50'

2024-01-22 18:35:49 - [TEST_STEP][PASSED] - strClosePrice = strClosePrice.replace(",", ""): null

2024-01-22 18:35:49 - [TEST_STEP][PASSED] - strVol = getText(findTestObject("Stockbit/Home_Volume")): Text of object 'Object Repository/Stockbit/Home_Volume' is: '500'

2024-01-22 18:35:49 - [MESSAGE][PASSED] - Text of object 'Object Repository/Stockbit/Home_Volume' is: '500'

2024-01-22 18:35:49 - [TEST_STEP][PASSED] - if (strVol.contains(" K")): null

2024-01-22 18:35:49 - [TEST_STEP][PASSED] - if (strVol.contains(",")): null

2024-01-22 18:35:49 - [TEST_STEP][PASSED] - strChange = getText(findTestObject("Stockbit/Home_Change")): Text of object 'Object Repository/Stockbit/Home_Change' is: '0.00%'

2024-01-22 18:35:49 - [MESSAGE][PASSED] - Text of object 'Object Repository/Stockbit/Home_Change' is: '0.00%'

2024-01-22 18:35:49 - [TEST_STEP][PASSED] - strChange = strChange.replace("%", ""): null

2024-01-22 18:35:49 - [TEST_STEP][PASSED] - strFreq = getText(findTestObject("Stockbit/Home_Freq")): Text of object 'Object Repository/Stockbit/Home_Freq' is: '1'

2024-01-22 18:35:49 - [MESSAGE][PASSED] - Text of object 'Object Repository/Stockbit/Home_Freq' is: '1'

2024-01-22 18:35:49 - [TEST_STEP][PASSED] - if (strFreq.contains(",")): null

2024-01-22 18:35:49 - [TEST_STEP][PASSED] - if (strFreq == "NA" || strFreq == ""): null

2024-01-22 18:35:49 - [TEST_STEP][PASSED] - else: null

2024-01-22 18:35:49 - [TEST_STEP][PASSED] - dblFreqAnal = strVol.toDouble() / strFreq.toDouble() * strFreq.toDouble() * strFreq.toDouble() * 100000000: null

2024-01-22 18:35:49 - [TEST_STEP][PASSED] - strFreqAnal = String.format("%.4f", dblFreqAnal): null

2024-01-22 18:35:49 - [TEST_STEP][PASSED] - out.println("Double strFreqAnal: " + strFreqAnal): null

2024-01-22 18:35:49 - [TEST_STEP][PASSED] - strTanggal = d.format(DateTimeFormatter.ofPattern("yyyy-MM-dd")): null

2024-01-22 18:35:49 - [TEST_STEP][PASSED] - strTanggal = "#" + strTanggal + "#": null

2024-01-22 18:35:49 - [TEST_STEP][PASSED] - strSQL = "select count(*) as JumBaris from TblBrokSum where Nama = '" + strNama + "' and Tanggal = " + strTanggal + "": null

2024-01-22 18:35:49 - [TEST_STEP][PASSED] - resultSet = statement.executeQuery(strSQL): null

2024-01-22 18:35:49 - [TEST_STEP][PASSED] - resultSet.next(): null

2024-01-22 18:35:49 - [TEST_STEP][PASSED] - intJumBaris = resultSet.getInt("JumBaris"): null

2024-01-22 18:35:49 - [TEST_STEP][PASSED] - if (intJumBaris > 0): null

2024-01-22 18:35:49 - [TEST_STEP][PASSED] - else: null

2024-01-22 18:35:49 - [TEST_STEP][PASSED] - try: null

2024-01-22 18:35:49 - [TEST_STEP][PASSED] - out.println("Insert data"): null

2024-01-22 18:35:49 - [TEST_STEP][PASSED] - strSQL = "insert into TblBrokSum (nama, tanggal, top1, top2, top3, AllBrokAvg, AccDist, AvgRP, " + "Buyer1, BuyerVal1, BuyerAvg1, Seller1, SellerVal1, SellerAvg1, Buyer2, BuyerVal2, BuyerAvg2, " + "Seller2, SellerVal2, SellerAvg2, Buyer3, BuyerVal3, BuyerAvg3, Seller3, SellerVal3, SellerAvg3, NetVol, NetVal, " + "OpenPrice, LowPrice, HighPrice, ClosePrice, Volume, Change, Frekuensi, FrekAnal) " + "values ('" + strNama + "', " + strTanggal + ", '" + strTop1 + "', '" + strTop3 + "', '" + strTop5 + "', " + "'" + strAllBrokAvg + "', '" + strAccDist + "', " + intAvgRP + ", '" + strBuyer1 + "', '" + strBuyerVol1 + "', " + strBuyerAvg1 + ", " + "'" + strSeller1 + "', '" + strSellerVol1 + "', " + strSellerAvg1 + ", '" + strBuyer2 + "', '" + strBuyerVol2 + "', " + strBuyerAvg2 + ", " + "'" + strSeller2 + "', '" + strSellerVol2 + "', " + strSellerAvg2 + ", '" + strBuyer3 + "', '" + strBuyerVol3 + "', " + strBuyerAvg3 + ", " + "'" + strSeller3 + "', '" + strSellerVol3 + "', " + strSellerAvg3 + ", " + strNetVol + ", '" + strNetVal + "', " + "" + strOpenPrice + ", " + strLowPrice + ", " + strHighPrice + ", " + strClosePrice + ", '" + strVol + "', " + strChange + ", " + strFreq + ", " + strFreqAnal + ");": null

2024-01-22 18:35:49 - [TEST_STEP][PASSED] - out.println("strSQL = " + strSQL): null

2024-01-22 18:35:49 - [TEST_STEP][PASSED] - statement.executeUpdate(strSQL): null

2024-01-22 18:35:49 - [TEST_STEP][PASSED] - setValueToCellByIndex(sheet01, rowIndex, 4, "DONE"): null

2024-01-22 18:35:49 - [TEST_STEP][PASSED] - saveWorkbook(excelFilePath, workbook01): null

2024-01-22 18:35:49 - [TEST_STEP][PASSED] - waitForElementClickable(findTestObject("Stockbit/menu_Bandarmology"), 10): Object 'Object Repository/Stockbit/menu_Bandarmology' is clickable

2024-01-22 18:35:50 - [MESSAGE][PASSED] - Object 'Object Repository/Stockbit/menu_Bandarmology' is clickable

2024-01-22 18:35:50 - [TEST_STEP][PASSED] - click(findTestObject("Stockbit/menu_Bandarmology")): Object: 'Object Repository/Stockbit/menu_Bandarmology' is clicked on

2024-01-22 18:35:50 - [MESSAGE][PASSED] - Object: 'Object Repository/Stockbit/menu_Bandarmology' is clicked on

2024-01-22 18:35:50 - [TEST_STEP][PASSED] - strTemp = "NA": null

2024-01-22 18:35:50 - [TEST_STEP][PASSED] - if (getCellValueByIndex(sheet01, rowIndex, 4) != "DONE"): Object: 'Object Repository/Stockbit/menu_Bandarmology' is clicked on

2024-01-22 18:35:50 - [TEST_STEP][PASSED] - strNama = getCellValueByIndex(sheet01, rowIndex, 0): null

2024-01-22 18:35:50 - [TEST_STEP][PASSED] - navigateToUrl("https://stockbit.com/#/symbol/" + strNama): Navigate to 'https://stockbit.com/#/symbol/GTSI' successfully

2024-01-22 18:35:52 - [MESSAGE][PASSED] - Navigate to 'https://stockbit.com/#/symbol/GTSI' successfully

2024-01-22 18:35:52 - [TEST_STEP][PASSED] - waitForElementClickable(findTestObject("Stockbit/menu_Bandarmology"), 10): Object 'Object Repository/Stockbit/menu_Bandarmology' is clickable

2024-01-22 18:35:52 - [MESSAGE][PASSED] - Object 'Object Repository/Stockbit/menu_Bandarmology' is clickable

2024-01-22 18:35:52 - [TEST_STEP][PASSED] - click(findTestObject("Stockbit/menu_Bandarmology")): Object: 'Object Repository/Stockbit/menu_Bandarmology' is clicked on

2024-01-22 18:35:53 - [MESSAGE][PASSED] - Object: 'Object Repository/Stockbit/menu_Bandarmology' is clicked on

2024-01-22 18:35:53 - [TEST_STEP][PASSED] - strTanggal = d.format(DateTimeFormatter.ofPattern("MMM dd, yyyy")): null

2024-01-22 18:35:53 - [TEST_STEP][PASSED] - strTanggal = d.format(ISO_DATE): null

2024-01-22 18:35:53 - [TEST_STEP][PASSED] - out.println("strTanggal = " + strTanggal): null

2024-01-22 18:35:53 - [TEST_STEP][PASSED] - out.println("strNama = " + strNama): null

2024-01-22 18:35:53 - [TEST_STEP][PASSED] - out.println("Baris ke = " + rowIndex): null

2024-01-22 18:35:53 - [TEST_STEP][PASSED] - click(findTestObject("Stockbit/input__BandarmologyOpenStartDate")): Object: 'Object Repository/Stockbit/input__BandarmologyOpenStartDate' is clicked on

2024-01-22 18:35:54 - [MESSAGE][PASSED] - Object: 'Object Repository/Stockbit/input__BandarmologyOpenStartDate' is clicked on

2024-01-22 18:35:54 - [TEST_STEP][PASSED] - sendKeys(findTestObject("Stockbit/input__BandarmologyOpenStartDate"), Keys.chord(CONTROL, "a")): Keys 'CONTROL + a' sent to object: 'Object Repository/Stockbit/input__BandarmologyOpenStartDate'

2024-01-22 18:35:54 - [MESSAGE][PASSED] - Keys 'CONTROL + a' sent to object: 'Object Repository/Stockbit/input__BandarmologyOpenStartDate'

2024-01-22 18:35:54 - [TEST_STEP][PASSED] - sendKeys(findTestObject("Stockbit/input__BandarmologyOpenStartDate"), Keys.chord(BACK_SPACE)): Keys 'BACK_SPACE + ' sent to object: 'Object Repository/Stockbit/input__BandarmologyOpenStartDate'

2024-01-22 18:35:55 - [MESSAGE][PASSED] - Keys 'BACK_SPACE + ' sent to object: 'Object Repository/Stockbit/input__BandarmologyOpenStartDate'

2024-01-22 18:35:55 - [TEST_STEP][PASSED] - setText(findTestObject("Stockbit/input__BandarmologyOpenStartDate"), strTanggal): Text '2024-01-22' is set on object 'Object Repository/Stockbit/input__BandarmologyOpenStartDate'

2024-01-22 18:35:55 - [MESSAGE][PASSED] - Text '2024-01-22' is set on object 'Object Repository/Stockbit/input__BandarmologyOpenStartDate'

2024-01-22 18:35:55 - [TEST_STEP][PASSED] - sendKeys(findTestObject("Stockbit/input__BandarmologyOpenStartDate"), Keys.chord(ENTER)): Keys 'ENTER + ' sent to object: 'Object Repository/Stockbit/input__BandarmologyOpenStartDate'

2024-01-22 18:35:56 - [MESSAGE][PASSED] - Keys 'ENTER + ' sent to object: 'Object Repository/Stockbit/input__BandarmologyOpenStartDate'

2024-01-22 18:35:56 - [TEST_STEP][PASSED] - click(findTestObject("Stockbit/input__BandarmologyOpenEndDate")): Object: 'Object Repository/Stockbit/input__BandarmologyOpenEndDate' is clicked on

2024-01-22 18:35:56 - [MESSAGE][PASSED] - Object: 'Object Repository/Stockbit/input__BandarmologyOpenEndDate' is clicked on

2024-01-22 18:35:56 - [TEST_STEP][PASSED] - sendKeys(findTestObject("Stockbit/input__BandarmologyOpenEndDate"), Keys.chord(CONTROL, "a")): Keys 'CONTROL + a' sent to object: 'Object Repository/Stockbit/input__BandarmologyOpenEndDate'

2024-01-22 18:35:57 - [MESSAGE][PASSED] - Keys 'CONTROL + a' sent to object: 'Object Repository/Stockbit/input__BandarmologyOpenEndDate'

2024-01-22 18:35:57 - [TEST_STEP][PASSED] - sendKeys(findTestObject("Stockbit/input__BandarmologyOpenEndDate"), Keys.chord(BACK_SPACE)): Keys 'BACK_SPACE + ' sent to object: 'Object Repository/Stockbit/input__BandarmologyOpenEndDate'

2024-01-22 18:35:57 - [MESSAGE][PASSED] - Keys 'BACK_SPACE + ' sent to object: 'Object Repository/Stockbit/input__BandarmologyOpenEndDate'

2024-01-22 18:35:57 - [TEST_STEP][PASSED] - setText(findTestObject("Stockbit/input__BandarmologyOpenEndDate"), strTanggal): Text '2024-01-22' is set on object 'Object Repository/Stockbit/input__BandarmologyOpenEndDate'

2024-01-22 18:35:58 - [MESSAGE][PASSED] - Text '2024-01-22' is set on object 'Object Repository/Stockbit/input__BandarmologyOpenEndDate'

2024-01-22 18:35:58 - [TEST_STEP][PASSED] - sendKeys(findTestObject("Stockbit/input__BandarmologyOpenEndDate"), Keys.chord(ENTER)): Keys 'ENTER + ' sent to object: 'Object Repository/Stockbit/input__BandarmologyOpenEndDate'

2024-01-22 18:35:58 - [MESSAGE][PASSED] - Keys 'ENTER + ' sent to object: 'Object Repository/Stockbit/input__BandarmologyOpenEndDate'

2024-01-22 18:35:58 - [TEST_STEP][PASSED] - delay(2): Delayed 2 second(s)

2024-01-22 18:36:00 - [MESSAGE][PASSED] - Delayed 2 second(s)

2024-01-22 18:36:00 - [TEST_STEP][PASSED] - strTemp = getText(findTestObject("Stockbit/Bandarmology_AvgRP")): Text of object 'Object Repository/Stockbit/Bandarmology_AvgRP' is: '50'

2024-01-22 18:36:00 - [MESSAGE][PASSED] - Text of object 'Object Repository/Stockbit/Bandarmology_AvgRP' is: '50'

2024-01-22 18:36:00 - [TEST_STEP][PASSED] - out.println("Bandarmology_AvgRP = " + strTemp): null

2024-01-22 18:36:00 - [TEST_STEP][PASSED] - if (strTemp != "0"): null

2024-01-22 18:36:00 - [TEST_STEP][PASSED] - strTop1 = getText(findTestObject("Stockbit/Bandarmology_Top1")): Text of object 'Object Repository/Stockbit/Bandarmology_Top1' is: 'Neutral'

2024-01-22 18:36:00 - [MESSAGE][PASSED] - Text of object 'Object Repository/Stockbit/Bandarmology_Top1' is: 'Neutral'

2024-01-22 18:36:00 - [TEST_STEP][PASSED] - strTop3 = getText(findTestObject("Stockbit/Bandarmology_Top3")): Text of object 'Object Repository/Stockbit/Bandarmology_Top3' is: 'Normal Acc'

2024-01-22 18:36:00 - [MESSAGE][PASSED] - Text of object 'Object Repository/Stockbit/Bandarmology_Top3' is: 'Normal Acc'

2024-01-22 18:36:00 - [TEST_STEP][PASSED] - strTop5 = getText(findTestObject("Stockbit/Bandarmology_Top5")): Text of object 'Object Repository/Stockbit/Bandarmology_Top5' is: 'Normal Acc'

2024-01-22 18:36:01 - [MESSAGE][PASSED] - Text of object 'Object Repository/Stockbit/Bandarmology_Top5' is: 'Normal Acc'

2024-01-22 18:36:01 - [TEST_STEP][PASSED] - strAllBrokAvg = getText(findTestObject("Stockbit/Bandarmology_TopAVG")): Text of object 'Object Repository/Stockbit/Bandarmology_TopAVG' is: 'Small Acc'

2024-01-22 18:36:01 - [MESSAGE][PASSED] - Text of object 'Object Repository/Stockbit/Bandarmology_TopAVG' is: 'Small Acc'

2024-01-22 18:36:01 - [TEST_STEP][PASSED] - strTemp = getText(findTestObject("Stockbit/Bandarmology_AvgRP")): Text of object 'Object Repository/Stockbit/Bandarmology_AvgRP' is: '50'

2024-01-22 18:36:01 - [MESSAGE][PASSED] - Text of object 'Object Repository/Stockbit/Bandarmology_AvgRP' is: '50'

2024-01-22 18:36:01 - [TEST_STEP][PASSED] - if (strTemp.contains(",")): null

2024-01-22 18:36:01 - [TEST_STEP][PASSED] - intAvgRP = strTemp.toInteger(): null

2024-01-22 18:36:01 - [TEST_STEP][PASSED] - strBuyer1 = getText(findTestObject("Stockbit/Bandarmology_Buyer1")): Text of object 'Object Repository/Stockbit/Bandarmology_Buyer1' is: 'YP'

2024-01-22 18:36:01 - [MESSAGE][PASSED] - Text of object 'Object Repository/Stockbit/Bandarmology_Buyer1' is: 'YP'

2024-01-22 18:36:01 - [TEST_STEP][PASSED] - strBuyerVol1 = getText(findTestObject("Stockbit/Bandarmology_BuyerVol1")): Text of object 'Object Repository/Stockbit/Bandarmology_BuyerVol1' is: '20.3 K'

2024-01-22 18:36:01 - [MESSAGE][PASSED] - Text of object 'Object Repository/Stockbit/Bandarmology_BuyerVol1' is: '20.3 K'

2024-01-22 18:36:01 - [TEST_STEP][PASSED] - strBuyerAvg1 = getText(findTestObject("Stockbit/Bandarmology_BuyerAvg1")): Text of object 'Object Repository/Stockbit/Bandarmology_BuyerAvg1' is: '50'

2024-01-22 18:36:01 - [MESSAGE][PASSED] - Text of object 'Object Repository/Stockbit/Bandarmology_BuyerAvg1' is: '50'

2024-01-22 18:36:01 - [TEST_STEP][PASSED] - if (strBuyerAvg1.contains(",")): null

2024-01-22 18:36:01 - [TEST_STEP][PASSED] - if (strBuyerVol1.contains(" B")): null

2024-01-22 18:36:01 - [TEST_STEP][PASSED] - else if (strBuyerVol1.contains(" M")): null

2024-01-22 18:36:01 - [TEST_STEP][PASSED] - else if (strBuyerVol1.contains(" K")): null

2024-01-22 18:36:01 - [TEST_STEP][PASSED] - strBuyerVol1 = strBuyerVol1.replace(" K", ""): null

2024-01-22 18:36:01 - [TEST_STEP][PASSED] - strBuyerVol1 = strBuyerVol1.toDouble() * 1000: null

2024-01-22 18:36:01 - [TEST_STEP][PASSED] - strSeller1 = getText(findTestObject("Stockbit/Bandarmology_Seller1")): Text of object 'Object Repository/Stockbit/Bandarmology_Seller1' is: 'XC'

2024-01-22 18:36:01 - [MESSAGE][PASSED] - Text of object 'Object Repository/Stockbit/Bandarmology_Seller1' is: 'XC'

2024-01-22 18:36:01 - [TEST_STEP][PASSED] - strSellerVol1 = getText(findTestObject("Stockbit/Bandarmology_SellerVol1")): Text of object 'Object Repository/Stockbit/Bandarmology_SellerVol1' is: '19.5 K'

2024-01-22 18:36:01 - [MESSAGE][PASSED] - Text of object 'Object Repository/Stockbit/Bandarmology_SellerVol1' is: '19.5 K'

2024-01-22 18:36:01 - [TEST_STEP][PASSED] - strSellerAvg1 = getText(findTestObject("Stockbit/Bandarmology_SellerAvg1")): Text of object 'Object Repository/Stockbit/Bandarmology_SellerAvg1' is: '50'

2024-01-22 18:36:01 - [MESSAGE][PASSED] - Text of object 'Object Repository/Stockbit/Bandarmology_SellerAvg1' is: '50'

2024-01-22 18:36:01 - [TEST_STEP][PASSED] - if (strSellerAvg1.contains(",")): null

2024-01-22 18:36:01 - [TEST_STEP][PASSED] - if (strSellerVol1.contains(" B")): null

2024-01-22 18:36:01 - [TEST_STEP][PASSED] - else if (strSellerVol1.contains(" M")): null

2024-01-22 18:36:01 - [TEST_STEP][PASSED] - else if (strSellerVol1.contains(" K")): null

2024-01-22 18:36:01 - [TEST_STEP][PASSED] - strSellerVol1 = strSellerVol1.replace(" K", ""): null

2024-01-22 18:36:01 - [TEST_STEP][PASSED] - strSellerVol1 = strSellerVol1.toDouble() * 1000: null

2024-01-22 18:36:01 - [TEST_STEP][PASSED] - if (verifyElementNotPresent(findTestObject("Stockbit/Bandarmology_Buyer2"), 1, OPTIONAL)): Web element with id: 'Object Repository/Stockbit/Bandarmology_Buyer2' located by 'By.xpath: //*[contains(@id, 'rc-tabs-')]/div[2]/div/div/div/div/div/div[2]/table/tbody/tr[3]/td[1]/p' is present after '1' second(s) (Root cause: com.kms.katalon.core.exception.StepFailedException: Web element with id: 'Object Repository/Stockbit/Bandarmology_Buyer2' located by 'By.xpath: //*[contains(@id, 'rc-tabs-')]/div[2]/div/div/div/div/div/div[2]/table/tbody/tr[3]/td[1]/p' is present after '1' second(s)
	at com.kms.katalon.core.webui.keyword.internal.WebUIKeywordMain.stepFailed(WebUIKeywordMain.groovy:64)
	at com.kms.katalon.core.webui.keyword.internal.WebUIKeywordMain$stepFailed$0.call(Unknown Source)
	at com.kms.katalon.core.webui.keyword.builtin.VerifyElementNotPresentKeyword$_verifyElementNotPresent_closure1.doCall(VerifyElementNotPresentKeyword.groovy:106)
	at com.kms.katalon.core.webui.keyword.builtin.VerifyElementNotPresentKeyword$_verifyElementNotPresent_closure1.doCall(VerifyElementNotPresentKeyword.groovy)
	at com.kms.katalon.core.webui.keyword.internal.WebUIKeywordMain.runKeyword(WebUIKeywordMain.groovy:20)
	at com.kms.katalon.core.webui.keyword.internal.WebUIKeywordMain$runKeyword.call(Unknown Source)
	at com.kms.katalon.core.webui.keyword.builtin.VerifyElementNotPresentKeyword.verifyElementNotPresent(VerifyElementNotPresentKeyword.groovy:117)
	at com.kms.katalon.core.webui.keyword.builtin.VerifyElementNotPresentKeyword.execute(VerifyElementNotPresentKeyword.groovy:68)
	at com.kms.katalon.core.keyword.internal.KeywordExecutor.executeKeywordForPlatform(KeywordExecutor.groovy:74)
	at com.kms.katalon.core.webui.keyword.WebUiBuiltInKeywords.verifyElementNotPresent(WebUiBuiltInKeywords.groovy:1481)
	at com.kms.katalon.core.webui.keyword.WebUiBuiltInKeywords$verifyElementNotPresent$8.call(Unknown Source)
	at GetBrokSumPriceDaily.run(GetBrokSumPriceDaily:258)
	at com.kms.katalon.core.main.ScriptEngine.run(ScriptEngine.java:194)
	at com.kms.katalon.core.main.ScriptEngine.runScriptAsRawText(ScriptEngine.java:119)
	at com.kms.katalon.core.main.TestCaseExecutor.runScript(TestCaseExecutor.java:445)
	at com.kms.katalon.core.main.TestCaseExecutor.doExecute(TestCaseExecutor.java:436)
	at com.kms.katalon.core.main.TestCaseExecutor.processExecutionPhase(TestCaseExecutor.java:415)
	at com.kms.katalon.core.main.TestCaseExecutor.accessMainPhase(TestCaseExecutor.java:407)
	at com.kms.katalon.core.main.TestCaseExecutor.execute(TestCaseExecutor.java:284)
	at com.kms.katalon.core.common.CommonExecutor.accessTestCaseMainPhase(CommonExecutor.java:65)
	at com.kms.katalon.core.main.TestSuiteExecutor.accessTestSuiteMainPhase(TestSuiteExecutor.java:144)
	at com.kms.katalon.core.main.TestSuiteExecutor.execute(TestSuiteExecutor.java:106)
	at com.kms.katalon.core.main.TestCaseMain.startTestSuite(TestCaseMain.java:185)
	at com.kms.katalon.core.main.TestCaseMain$startTestSuite$0.call(Unknown Source)
	at TempTestSuite1705923140048.run(TempTestSuite1705923140048.groovy:36)
)

2024-01-22 18:36:03 - [MESSAGE][WARNING] - Web element with id: 'Object Repository/Stockbit/Bandarmology_Buyer2' located by 'By.xpath: //*[contains(@id, 'rc-tabs-')]/div[2]/div/div/div/div/div/div[2]/table/tbody/tr[3]/td[1]/p' is present after '1' second(s) (Root cause: com.kms.katalon.core.exception.StepFailedException: Web element with id: 'Object Repository/Stockbit/Bandarmology_Buyer2' located by 'By.xpath: //*[contains(@id, 'rc-tabs-')]/div[2]/div/div/div/div/div/div[2]/table/tbody/tr[3]/td[1]/p' is present after '1' second(s)
	at com.kms.katalon.core.webui.keyword.internal.WebUIKeywordMain.stepFailed(WebUIKeywordMain.groovy:64)
	at com.kms.katalon.core.webui.keyword.internal.WebUIKeywordMain$stepFailed$0.call(Unknown Source)
	at com.kms.katalon.core.webui.keyword.builtin.VerifyElementNotPresentKeyword$_verifyElementNotPresent_closure1.doCall(VerifyElementNotPresentKeyword.groovy:106)
	at com.kms.katalon.core.webui.keyword.builtin.VerifyElementNotPresentKeyword$_verifyElementNotPresent_closure1.doCall(VerifyElementNotPresentKeyword.groovy)
	at com.kms.katalon.core.webui.keyword.internal.WebUIKeywordMain.runKeyword(WebUIKeywordMain.groovy:20)
	at com.kms.katalon.core.webui.keyword.internal.WebUIKeywordMain$runKeyword.call(Unknown Source)
	at com.kms.katalon.core.webui.keyword.builtin.VerifyElementNotPresentKeyword.verifyElementNotPresent(VerifyElementNotPresentKeyword.groovy:117)
	at com.kms.katalon.core.webui.keyword.builtin.VerifyElementNotPresentKeyword.execute(VerifyElementNotPresentKeyword.groovy:68)
	at com.kms.katalon.core.keyword.internal.KeywordExecutor.executeKeywordForPlatform(KeywordExecutor.groovy:74)
	at com.kms.katalon.core.webui.keyword.WebUiBuiltInKeywords.verifyElementNotPresent(WebUiBuiltInKeywords.groovy:1481)
	at com.kms.katalon.core.webui.keyword.WebUiBuiltInKeywords$verifyElementNotPresent$8.call(Unknown Source)
	at GetBrokSumPriceDaily.run(GetBrokSumPriceDaily:258)
	at com.kms.katalon.core.main.ScriptEngine.run(ScriptEngine.java:194)
	at com.kms.katalon.core.main.ScriptEngine.runScriptAsRawText(ScriptEngine.java:119)
	at com.kms.katalon.core.main.TestCaseExecutor.runScript(TestCaseExecutor.java:445)
	at com.kms.katalon.core.main.TestCaseExecutor.doExecute(TestCaseExecutor.java:436)
	at com.kms.katalon.core.main.TestCaseExecutor.processExecutionPhase(TestCaseExecutor.java:415)
	at com.kms.katalon.core.main.TestCaseExecutor.accessMainPhase(TestCaseExecutor.java:407)
	at com.kms.katalon.core.main.TestCaseExecutor.execute(TestCaseExecutor.java:284)
	at com.kms.katalon.core.common.CommonExecutor.accessTestCaseMainPhase(CommonExecutor.java:65)
	at com.kms.katalon.core.main.TestSuiteExecutor.accessTestSuiteMainPhase(TestSuiteExecutor.java:144)
	at com.kms.katalon.core.main.TestSuiteExecutor.execute(TestSuiteExecutor.java:106)
	at com.kms.katalon.core.main.TestCaseMain.startTestSuite(TestCaseMain.java:185)
	at com.kms.katalon.core.main.TestCaseMain$startTestSuite$0.call(Unknown Source)
	at TempTestSuite1705923140048.run(TempTestSuite1705923140048.groovy:36)
)
[[ATTACHMENT|C:\\Users\\Fadli\\git\\KatalonDailyGetData2\\Reports\\20240122_174123\\TS1\\20240122_183220\\1705923363119.png]]

2024-01-22 18:36:03 - [TEST_STEP][PASSED] - else: null

2024-01-22 18:36:03 - [TEST_STEP][PASSED] - strBuyer2 = getText(findTestObject("Stockbit/Bandarmology_Buyer2")): Text of object 'Object Repository/Stockbit/Bandarmology_Buyer2' is: 'CD'

2024-01-22 18:36:03 - [MESSAGE][PASSED] - Text of object 'Object Repository/Stockbit/Bandarmology_Buyer2' is: 'CD'

2024-01-22 18:36:03 - [TEST_STEP][PASSED] - strBuyerVol2 = getText(findTestObject("Stockbit/Bandarmology_BuyerVol2")): Text of object 'Object Repository/Stockbit/Bandarmology_BuyerVol2' is: '13.8 K'

2024-01-22 18:36:03 - [MESSAGE][PASSED] - Text of object 'Object Repository/Stockbit/Bandarmology_BuyerVol2' is: '13.8 K'

2024-01-22 18:36:03 - [TEST_STEP][PASSED] - strBuyerAvg2 = getText(findTestObject("Stockbit/Bandarmology_BuyerAvg2")): Text of object 'Object Repository/Stockbit/Bandarmology_BuyerAvg2' is: '50'

2024-01-22 18:36:03 - [MESSAGE][PASSED] - Text of object 'Object Repository/Stockbit/Bandarmology_BuyerAvg2' is: '50'

2024-01-22 18:36:03 - [TEST_STEP][PASSED] - if (strBuyer2 != ""): null

2024-01-22 18:36:03 - [TEST_STEP][PASSED] - if (strBuyerAvg2.contains(",")): null

2024-01-22 18:36:03 - [TEST_STEP][PASSED] - if (strBuyerVol2.contains(" B")): null

2024-01-22 18:36:03 - [TEST_STEP][PASSED] - else if (strBuyerVol2.contains(" M")): null

2024-01-22 18:36:03 - [TEST_STEP][PASSED] - else if (strBuyerVol2.contains(" K")): null

2024-01-22 18:36:03 - [TEST_STEP][PASSED] - strBuyerVol2 = strBuyerVol2.replace(" K", ""): null

2024-01-22 18:36:03 - [TEST_STEP][PASSED] - strBuyerVol2 = strBuyerVol2.toDouble() * 1000: null

2024-01-22 18:36:03 - [TEST_STEP][PASSED] - if (strBuyerVol2.contains(".")): null

2024-01-22 18:36:03 - [TEST_STEP][PASSED] - strBuyerVal2 = strBuyerVol2.replace(".", ""): null

2024-01-22 18:36:03 - [TEST_STEP][PASSED] - if (verifyElementNotPresent(findTestObject("Stockbit/Bandarmology_Seller2"), 1, OPTIONAL)): Web element with id: 'Object Repository/Stockbit/Bandarmology_Seller2' located by 'By.xpath: //*[contains(@id, 'rc-tabs-')]/div[2]/div/div/div/div/div/div[2]/table/tbody/tr[3]/td[5]/p' is present after '1' second(s) (Root cause: com.kms.katalon.core.exception.StepFailedException: Web element with id: 'Object Repository/Stockbit/Bandarmology_Seller2' located by 'By.xpath: //*[contains(@id, 'rc-tabs-')]/div[2]/div/div/div/div/div/div[2]/table/tbody/tr[3]/td[5]/p' is present after '1' second(s)
	at com.kms.katalon.core.webui.keyword.internal.WebUIKeywordMain.stepFailed(WebUIKeywordMain.groovy:64)
	at com.kms.katalon.core.webui.keyword.internal.WebUIKeywordMain$stepFailed$0.call(Unknown Source)
	at com.kms.katalon.core.webui.keyword.builtin.VerifyElementNotPresentKeyword$_verifyElementNotPresent_closure1.doCall(VerifyElementNotPresentKeyword.groovy:106)
	at com.kms.katalon.core.webui.keyword.builtin.VerifyElementNotPresentKeyword$_verifyElementNotPresent_closure1.doCall(VerifyElementNotPresentKeyword.groovy)
	at com.kms.katalon.core.webui.keyword.internal.WebUIKeywordMain.runKeyword(WebUIKeywordMain.groovy:20)
	at com.kms.katalon.core.webui.keyword.internal.WebUIKeywordMain$runKeyword.call(Unknown Source)
	at com.kms.katalon.core.webui.keyword.builtin.VerifyElementNotPresentKeyword.verifyElementNotPresent(VerifyElementNotPresentKeyword.groovy:117)
	at com.kms.katalon.core.webui.keyword.builtin.VerifyElementNotPresentKeyword.execute(VerifyElementNotPresentKeyword.groovy:68)
	at com.kms.katalon.core.keyword.internal.KeywordExecutor.executeKeywordForPlatform(KeywordExecutor.groovy:74)
	at com.kms.katalon.core.webui.keyword.WebUiBuiltInKeywords.verifyElementNotPresent(WebUiBuiltInKeywords.groovy:1481)
	at com.kms.katalon.core.webui.keyword.WebUiBuiltInKeywords$verifyElementNotPresent$8.call(Unknown Source)
	at GetBrokSumPriceDaily.run(GetBrokSumPriceDaily:309)
	at com.kms.katalon.core.main.ScriptEngine.run(ScriptEngine.java:194)
	at com.kms.katalon.core.main.ScriptEngine.runScriptAsRawText(ScriptEngine.java:119)
	at com.kms.katalon.core.main.TestCaseExecutor.runScript(TestCaseExecutor.java:445)
	at com.kms.katalon.core.main.TestCaseExecutor.doExecute(TestCaseExecutor.java:436)
	at com.kms.katalon.core.main.TestCaseExecutor.processExecutionPhase(TestCaseExecutor.java:415)
	at com.kms.katalon.core.main.TestCaseExecutor.accessMainPhase(TestCaseExecutor.java:407)
	at com.kms.katalon.core.main.TestCaseExecutor.execute(TestCaseExecutor.java:284)
	at com.kms.katalon.core.common.CommonExecutor.accessTestCaseMainPhase(CommonExecutor.java:65)
	at com.kms.katalon.core.main.TestSuiteExecutor.accessTestSuiteMainPhase(TestSuiteExecutor.java:144)
	at com.kms.katalon.core.main.TestSuiteExecutor.execute(TestSuiteExecutor.java:106)
	at com.kms.katalon.core.main.TestCaseMain.startTestSuite(TestCaseMain.java:185)
	at com.kms.katalon.core.main.TestCaseMain$startTestSuite$0.call(Unknown Source)
	at TempTestSuite1705923140048.run(TempTestSuite1705923140048.groovy:36)
)

2024-01-22 18:36:05 - [MESSAGE][WARNING] - Web element with id: 'Object Repository/Stockbit/Bandarmology_Seller2' located by 'By.xpath: //*[contains(@id, 'rc-tabs-')]/div[2]/div/div/div/div/div/div[2]/table/tbody/tr[3]/td[5]/p' is present after '1' second(s) (Root cause: com.kms.katalon.core.exception.StepFailedException: Web element with id: 'Object Repository/Stockbit/Bandarmology_Seller2' located by 'By.xpath: //*[contains(@id, 'rc-tabs-')]/div[2]/div/div/div/div/div/div[2]/table/tbody/tr[3]/td[5]/p' is present after '1' second(s)
	at com.kms.katalon.core.webui.keyword.internal.WebUIKeywordMain.stepFailed(WebUIKeywordMain.groovy:64)
	at com.kms.katalon.core.webui.keyword.internal.WebUIKeywordMain$stepFailed$0.call(Unknown Source)
	at com.kms.katalon.core.webui.keyword.builtin.VerifyElementNotPresentKeyword$_verifyElementNotPresent_closure1.doCall(VerifyElementNotPresentKeyword.groovy:106)
	at com.kms.katalon.core.webui.keyword.builtin.VerifyElementNotPresentKeyword$_verifyElementNotPresent_closure1.doCall(VerifyElementNotPresentKeyword.groovy)
	at com.kms.katalon.core.webui.keyword.internal.WebUIKeywordMain.runKeyword(WebUIKeywordMain.groovy:20)
	at com.kms.katalon.core.webui.keyword.internal.WebUIKeywordMain$runKeyword.call(Unknown Source)
	at com.kms.katalon.core.webui.keyword.builtin.VerifyElementNotPresentKeyword.verifyElementNotPresent(VerifyElementNotPresentKeyword.groovy:117)
	at com.kms.katalon.core.webui.keyword.builtin.VerifyElementNotPresentKeyword.execute(VerifyElementNotPresentKeyword.groovy:68)
	at com.kms.katalon.core.keyword.internal.KeywordExecutor.executeKeywordForPlatform(KeywordExecutor.groovy:74)
	at com.kms.katalon.core.webui.keyword.WebUiBuiltInKeywords.verifyElementNotPresent(WebUiBuiltInKeywords.groovy:1481)
	at com.kms.katalon.core.webui.keyword.WebUiBuiltInKeywords$verifyElementNotPresent$8.call(Unknown Source)
	at GetBrokSumPriceDaily.run(GetBrokSumPriceDaily:309)
	at com.kms.katalon.core.main.ScriptEngine.run(ScriptEngine.java:194)
	at com.kms.katalon.core.main.ScriptEngine.runScriptAsRawText(ScriptEngine.java:119)
	at com.kms.katalon.core.main.TestCaseExecutor.runScript(TestCaseExecutor.java:445)
	at com.kms.katalon.core.main.TestCaseExecutor.doExecute(TestCaseExecutor.java:436)
	at com.kms.katalon.core.main.TestCaseExecutor.processExecutionPhase(TestCaseExecutor.java:415)
	at com.kms.katalon.core.main.TestCaseExecutor.accessMainPhase(TestCaseExecutor.java:407)
	at com.kms.katalon.core.main.TestCaseExecutor.execute(TestCaseExecutor.java:284)
	at com.kms.katalon.core.common.CommonExecutor.accessTestCaseMainPhase(CommonExecutor.java:65)
	at com.kms.katalon.core.main.TestSuiteExecutor.accessTestSuiteMainPhase(TestSuiteExecutor.java:144)
	at com.kms.katalon.core.main.TestSuiteExecutor.execute(TestSuiteExecutor.java:106)
	at com.kms.katalon.core.main.TestCaseMain.startTestSuite(TestCaseMain.java:185)
	at com.kms.katalon.core.main.TestCaseMain$startTestSuite$0.call(Unknown Source)
	at TempTestSuite1705923140048.run(TempTestSuite1705923140048.groovy:36)
)
[[ATTACHMENT|C:\\Users\\Fadli\\git\\KatalonDailyGetData2\\Reports\\20240122_174123\\TS1\\20240122_183220\\1705923364848.png]]

2024-01-22 18:36:05 - [TEST_STEP][PASSED] - else: null

2024-01-22 18:36:05 - [TEST_STEP][PASSED] - strSeller2 = getText(findTestObject("Stockbit/Bandarmology_Seller2")): Text of object 'Object Repository/Stockbit/Bandarmology_Seller2' is: 'KK'

2024-01-22 18:36:05 - [MESSAGE][PASSED] - Text of object 'Object Repository/Stockbit/Bandarmology_Seller2' is: 'KK'

2024-01-22 18:36:05 - [TEST_STEP][PASSED] - strSellerVol2 = getText(findTestObject("Stockbit/Bandarmology_SellerVol2")): Text of object 'Object Repository/Stockbit/Bandarmology_SellerVol2' is: '9.9 K'

2024-01-22 18:36:05 - [MESSAGE][PASSED] - Text of object 'Object Repository/Stockbit/Bandarmology_SellerVol2' is: '9.9 K'

2024-01-22 18:36:05 - [TEST_STEP][PASSED] - strSellerAvg2 = getText(findTestObject("Stockbit/Bandarmology_SellerAvg2")): Text of object 'Object Repository/Stockbit/Bandarmology_SellerAvg2' is: '50'

2024-01-22 18:36:05 - [MESSAGE][PASSED] - Text of object 'Object Repository/Stockbit/Bandarmology_SellerAvg2' is: '50'

2024-01-22 18:36:05 - [TEST_STEP][PASSED] - if (strSeller2 != ""): null

2024-01-22 18:36:05 - [TEST_STEP][PASSED] - if (strSellerAvg2.contains(",")): null

2024-01-22 18:36:05 - [TEST_STEP][PASSED] - if (strSellerVol2.contains(" B")): null

2024-01-22 18:36:05 - [TEST_STEP][PASSED] - else if (strSellerVol2.contains(" M")): null

2024-01-22 18:36:05 - [TEST_STEP][PASSED] - else if (strSellerVol2.contains(" K")): null

2024-01-22 18:36:05 - [TEST_STEP][PASSED] - strSellerVol2 = strSellerVol2.replace(" K", ""): null

2024-01-22 18:36:05 - [TEST_STEP][PASSED] - strSellerVol2 = strSellerVol2.toDouble() * 1000: null

2024-01-22 18:36:05 - [TEST_STEP][PASSED] - if (verifyElementNotPresent(findTestObject("Stockbit/Bandarmology_Buyer3"), 1, OPTIONAL)): Web element with id: 'Object Repository/Stockbit/Bandarmology_Buyer3' located by 'By.xpath: //*[contains(@id, 'rc-tabs-')]/div[2]/div/div/div/div/div/div[2]/table/tbody/tr[4]/td[1]/p' is present after '1' second(s) (Root cause: com.kms.katalon.core.exception.StepFailedException: Web element with id: 'Object Repository/Stockbit/Bandarmology_Buyer3' located by 'By.xpath: //*[contains(@id, 'rc-tabs-')]/div[2]/div/div/div/div/div/div[2]/table/tbody/tr[4]/td[1]/p' is present after '1' second(s)
	at com.kms.katalon.core.webui.keyword.internal.WebUIKeywordMain.stepFailed(WebUIKeywordMain.groovy:64)
	at com.kms.katalon.core.webui.keyword.internal.WebUIKeywordMain$stepFailed$0.call(Unknown Source)
	at com.kms.katalon.core.webui.keyword.builtin.VerifyElementNotPresentKeyword$_verifyElementNotPresent_closure1.doCall(VerifyElementNotPresentKeyword.groovy:106)
	at com.kms.katalon.core.webui.keyword.builtin.VerifyElementNotPresentKeyword$_verifyElementNotPresent_closure1.doCall(VerifyElementNotPresentKeyword.groovy)
	at com.kms.katalon.core.webui.keyword.internal.WebUIKeywordMain.runKeyword(WebUIKeywordMain.groovy:20)
	at com.kms.katalon.core.webui.keyword.internal.WebUIKeywordMain$runKeyword.call(Unknown Source)
	at com.kms.katalon.core.webui.keyword.builtin.VerifyElementNotPresentKeyword.verifyElementNotPresent(VerifyElementNotPresentKeyword.groovy:117)
	at com.kms.katalon.core.webui.keyword.builtin.VerifyElementNotPresentKeyword.execute(VerifyElementNotPresentKeyword.groovy:68)
	at com.kms.katalon.core.keyword.internal.KeywordExecutor.executeKeywordForPlatform(KeywordExecutor.groovy:74)
	at com.kms.katalon.core.webui.keyword.WebUiBuiltInKeywords.verifyElementNotPresent(WebUiBuiltInKeywords.groovy:1481)
	at com.kms.katalon.core.webui.keyword.WebUiBuiltInKeywords$verifyElementNotPresent$8.call(Unknown Source)
	at GetBrokSumPriceDaily.run(GetBrokSumPriceDaily:361)
	at com.kms.katalon.core.main.ScriptEngine.run(ScriptEngine.java:194)
	at com.kms.katalon.core.main.ScriptEngine.runScriptAsRawText(ScriptEngine.java:119)
	at com.kms.katalon.core.main.TestCaseExecutor.runScript(TestCaseExecutor.java:445)
	at com.kms.katalon.core.main.TestCaseExecutor.doExecute(TestCaseExecutor.java:436)
	at com.kms.katalon.core.main.TestCaseExecutor.processExecutionPhase(TestCaseExecutor.java:415)
	at com.kms.katalon.core.main.TestCaseExecutor.accessMainPhase(TestCaseExecutor.java:407)
	at com.kms.katalon.core.main.TestCaseExecutor.execute(TestCaseExecutor.java:284)
	at com.kms.katalon.core.common.CommonExecutor.accessTestCaseMainPhase(CommonExecutor.java:65)
	at com.kms.katalon.core.main.TestSuiteExecutor.accessTestSuiteMainPhase(TestSuiteExecutor.java:144)
	at com.kms.katalon.core.main.TestSuiteExecutor.execute(TestSuiteExecutor.java:106)
	at com.kms.katalon.core.main.TestCaseMain.startTestSuite(TestCaseMain.java:185)
	at com.kms.katalon.core.main.TestCaseMain$startTestSuite$0.call(Unknown Source)
	at TempTestSuite1705923140048.run(TempTestSuite1705923140048.groovy:36)
)

2024-01-22 18:36:06 - [MESSAGE][WARNING] - Web element with id: 'Object Repository/Stockbit/Bandarmology_Buyer3' located by 'By.xpath: //*[contains(@id, 'rc-tabs-')]/div[2]/div/div/div/div/div/div[2]/table/tbody/tr[4]/td[1]/p' is present after '1' second(s) (Root cause: com.kms.katalon.core.exception.StepFailedException: Web element with id: 'Object Repository/Stockbit/Bandarmology_Buyer3' located by 'By.xpath: //*[contains(@id, 'rc-tabs-')]/div[2]/div/div/div/div/div/div[2]/table/tbody/tr[4]/td[1]/p' is present after '1' second(s)
	at com.kms.katalon.core.webui.keyword.internal.WebUIKeywordMain.stepFailed(WebUIKeywordMain.groovy:64)
	at com.kms.katalon.core.webui.keyword.internal.WebUIKeywordMain$stepFailed$0.call(Unknown Source)
	at com.kms.katalon.core.webui.keyword.builtin.VerifyElementNotPresentKeyword$_verifyElementNotPresent_closure1.doCall(VerifyElementNotPresentKeyword.groovy:106)
	at com.kms.katalon.core.webui.keyword.builtin.VerifyElementNotPresentKeyword$_verifyElementNotPresent_closure1.doCall(VerifyElementNotPresentKeyword.groovy)
	at com.kms.katalon.core.webui.keyword.internal.WebUIKeywordMain.runKeyword(WebUIKeywordMain.groovy:20)
	at com.kms.katalon.core.webui.keyword.internal.WebUIKeywordMain$runKeyword.call(Unknown Source)
	at com.kms.katalon.core.webui.keyword.builtin.VerifyElementNotPresentKeyword.verifyElementNotPresent(VerifyElementNotPresentKeyword.groovy:117)
	at com.kms.katalon.core.webui.keyword.builtin.VerifyElementNotPresentKeyword.execute(VerifyElementNotPresentKeyword.groovy:68)
	at com.kms.katalon.core.keyword.internal.KeywordExecutor.executeKeywordForPlatform(KeywordExecutor.groovy:74)
	at com.kms.katalon.core.webui.keyword.WebUiBuiltInKeywords.verifyElementNotPresent(WebUiBuiltInKeywords.groovy:1481)
	at com.kms.katalon.core.webui.keyword.WebUiBuiltInKeywords$verifyElementNotPresent$8.call(Unknown Source)
	at GetBrokSumPriceDaily.run(GetBrokSumPriceDaily:361)
	at com.kms.katalon.core.main.ScriptEngine.run(ScriptEngine.java:194)
	at com.kms.katalon.core.main.ScriptEngine.runScriptAsRawText(ScriptEngine.java:119)
	at com.kms.katalon.core.main.TestCaseExecutor.runScript(TestCaseExecutor.java:445)
	at com.kms.katalon.core.main.TestCaseExecutor.doExecute(TestCaseExecutor.java:436)
	at com.kms.katalon.core.main.TestCaseExecutor.processExecutionPhase(TestCaseExecutor.java:415)
	at com.kms.katalon.core.main.TestCaseExecutor.accessMainPhase(TestCaseExecutor.java:407)
	at com.kms.katalon.core.main.TestCaseExecutor.execute(TestCaseExecutor.java:284)
	at com.kms.katalon.core.common.CommonExecutor.accessTestCaseMainPhase(CommonExecutor.java:65)
	at com.kms.katalon.core.main.TestSuiteExecutor.accessTestSuiteMainPhase(TestSuiteExecutor.java:144)
	at com.kms.katalon.core.main.TestSuiteExecutor.execute(TestSuiteExecutor.java:106)
	at com.kms.katalon.core.main.TestCaseMain.startTestSuite(TestCaseMain.java:185)
	at com.kms.katalon.core.main.TestCaseMain$startTestSuite$0.call(Unknown Source)
	at TempTestSuite1705923140048.run(TempTestSuite1705923140048.groovy:36)
)
[[ATTACHMENT|C:\\Users\\Fadli\\git\\KatalonDailyGetData2\\Reports\\20240122_174123\\TS1\\20240122_183220\\1705923366579.png]]

2024-01-22 18:36:06 - [TEST_STEP][PASSED] - else: null

2024-01-22 18:36:06 - [TEST_STEP][PASSED] - strBuyer3 = getText(findTestObject("Stockbit/Bandarmology_Buyer3")): Text of object 'Object Repository/Stockbit/Bandarmology_Buyer3' is: 'YJ'

2024-01-22 18:36:06 - [MESSAGE][PASSED] - Text of object 'Object Repository/Stockbit/Bandarmology_Buyer3' is: 'YJ'

2024-01-22 18:36:06 - [TEST_STEP][PASSED] - strBuyerVol3 = getText(findTestObject("Stockbit/Bandarmology_BuyerVol3")): Text of object 'Object Repository/Stockbit/Bandarmology_BuyerVol3' is: '9 K'

2024-01-22 18:36:06 - [MESSAGE][PASSED] - Text of object 'Object Repository/Stockbit/Bandarmology_BuyerVol3' is: '9 K'

2024-01-22 18:36:06 - [TEST_STEP][PASSED] - strBuyerAvg3 = getText(findTestObject("Stockbit/Bandarmology_BuyerAvg3")): Text of object 'Object Repository/Stockbit/Bandarmology_BuyerAvg3' is: '50'

2024-01-22 18:36:07 - [MESSAGE][PASSED] - Text of object 'Object Repository/Stockbit/Bandarmology_BuyerAvg3' is: '50'

2024-01-22 18:36:07 - [TEST_STEP][PASSED] - if (strBuyer3 != ""): null

2024-01-22 18:36:07 - [TEST_STEP][PASSED] - if (strBuyerAvg3.contains(",")): null

2024-01-22 18:36:07 - [TEST_STEP][PASSED] - if (strBuyerVol3.contains(" B")): null

2024-01-22 18:36:07 - [TEST_STEP][PASSED] - else if (strBuyerVol3.contains(" M")): null

2024-01-22 18:36:07 - [TEST_STEP][PASSED] - else if (strBuyerVol3.contains(" K")): null

2024-01-22 18:36:07 - [TEST_STEP][PASSED] - strBuyerVol3 = strBuyerVol3.replace(" K", ""): null

2024-01-22 18:36:07 - [TEST_STEP][PASSED] - strBuyerVol3 = strBuyerVol3.toDouble() * 1000: null

2024-01-22 18:36:07 - [TEST_STEP][PASSED] - if (verifyElementNotPresent(findTestObject("Stockbit/Bandarmology_Seller3"), 1, OPTIONAL)): Web element with id: 'Object Repository/Stockbit/Bandarmology_Seller3' located by 'By.xpath: //*[contains(@id, 'rc-tabs-')]/div[2]/div/div/div/div/div/div[2]/table/tbody/tr[4]/td[5]/p' is present after '1' second(s) (Root cause: com.kms.katalon.core.exception.StepFailedException: Web element with id: 'Object Repository/Stockbit/Bandarmology_Seller3' located by 'By.xpath: //*[contains(@id, 'rc-tabs-')]/div[2]/div/div/div/div/div/div[2]/table/tbody/tr[4]/td[5]/p' is present after '1' second(s)
	at com.kms.katalon.core.webui.keyword.internal.WebUIKeywordMain.stepFailed(WebUIKeywordMain.groovy:64)
	at com.kms.katalon.core.webui.keyword.internal.WebUIKeywordMain$stepFailed$0.call(Unknown Source)
	at com.kms.katalon.core.webui.keyword.builtin.VerifyElementNotPresentKeyword$_verifyElementNotPresent_closure1.doCall(VerifyElementNotPresentKeyword.groovy:106)
	at com.kms.katalon.core.webui.keyword.builtin.VerifyElementNotPresentKeyword$_verifyElementNotPresent_closure1.doCall(VerifyElementNotPresentKeyword.groovy)
	at com.kms.katalon.core.webui.keyword.internal.WebUIKeywordMain.runKeyword(WebUIKeywordMain.groovy:20)
	at com.kms.katalon.core.webui.keyword.internal.WebUIKeywordMain$runKeyword.call(Unknown Source)
	at com.kms.katalon.core.webui.keyword.builtin.VerifyElementNotPresentKeyword.verifyElementNotPresent(VerifyElementNotPresentKeyword.groovy:117)
	at com.kms.katalon.core.webui.keyword.builtin.VerifyElementNotPresentKeyword.execute(VerifyElementNotPresentKeyword.groovy:68)
	at com.kms.katalon.core.keyword.internal.KeywordExecutor.executeKeywordForPlatform(KeywordExecutor.groovy:74)
	at com.kms.katalon.core.webui.keyword.WebUiBuiltInKeywords.verifyElementNotPresent(WebUiBuiltInKeywords.groovy:1481)
	at com.kms.katalon.core.webui.keyword.WebUiBuiltInKeywords$verifyElementNotPresent$8.call(Unknown Source)
	at GetBrokSumPriceDaily.run(GetBrokSumPriceDaily:414)
	at com.kms.katalon.core.main.ScriptEngine.run(ScriptEngine.java:194)
	at com.kms.katalon.core.main.ScriptEngine.runScriptAsRawText(ScriptEngine.java:119)
	at com.kms.katalon.core.main.TestCaseExecutor.runScript(TestCaseExecutor.java:445)
	at com.kms.katalon.core.main.TestCaseExecutor.doExecute(TestCaseExecutor.java:436)
	at com.kms.katalon.core.main.TestCaseExecutor.processExecutionPhase(TestCaseExecutor.java:415)
	at com.kms.katalon.core.main.TestCaseExecutor.accessMainPhase(TestCaseExecutor.java:407)
	at com.kms.katalon.core.main.TestCaseExecutor.execute(TestCaseExecutor.java:284)
	at com.kms.katalon.core.common.CommonExecutor.accessTestCaseMainPhase(CommonExecutor.java:65)
	at com.kms.katalon.core.main.TestSuiteExecutor.accessTestSuiteMainPhase(TestSuiteExecutor.java:144)
	at com.kms.katalon.core.main.TestSuiteExecutor.execute(TestSuiteExecutor.java:106)
	at com.kms.katalon.core.main.TestCaseMain.startTestSuite(TestCaseMain.java:185)
	at com.kms.katalon.core.main.TestCaseMain$startTestSuite$0.call(Unknown Source)
	at TempTestSuite1705923140048.run(TempTestSuite1705923140048.groovy:36)
)

2024-01-22 18:36:08 - [MESSAGE][WARNING] - Web element with id: 'Object Repository/Stockbit/Bandarmology_Seller3' located by 'By.xpath: //*[contains(@id, 'rc-tabs-')]/div[2]/div/div/div/div/div/div[2]/table/tbody/tr[4]/td[5]/p' is present after '1' second(s) (Root cause: com.kms.katalon.core.exception.StepFailedException: Web element with id: 'Object Repository/Stockbit/Bandarmology_Seller3' located by 'By.xpath: //*[contains(@id, 'rc-tabs-')]/div[2]/div/div/div/div/div/div[2]/table/tbody/tr[4]/td[5]/p' is present after '1' second(s)
	at com.kms.katalon.core.webui.keyword.internal.WebUIKeywordMain.stepFailed(WebUIKeywordMain.groovy:64)
	at com.kms.katalon.core.webui.keyword.internal.WebUIKeywordMain$stepFailed$0.call(Unknown Source)
	at com.kms.katalon.core.webui.keyword.builtin.VerifyElementNotPresentKeyword$_verifyElementNotPresent_closure1.doCall(VerifyElementNotPresentKeyword.groovy:106)
	at com.kms.katalon.core.webui.keyword.builtin.VerifyElementNotPresentKeyword$_verifyElementNotPresent_closure1.doCall(VerifyElementNotPresentKeyword.groovy)
	at com.kms.katalon.core.webui.keyword.internal.WebUIKeywordMain.runKeyword(WebUIKeywordMain.groovy:20)
	at com.kms.katalon.core.webui.keyword.internal.WebUIKeywordMain$runKeyword.call(Unknown Source)
	at com.kms.katalon.core.webui.keyword.builtin.VerifyElementNotPresentKeyword.verifyElementNotPresent(VerifyElementNotPresentKeyword.groovy:117)
	at com.kms.katalon.core.webui.keyword.builtin.VerifyElementNotPresentKeyword.execute(VerifyElementNotPresentKeyword.groovy:68)
	at com.kms.katalon.core.keyword.internal.KeywordExecutor.executeKeywordForPlatform(KeywordExecutor.groovy:74)
	at com.kms.katalon.core.webui.keyword.WebUiBuiltInKeywords.verifyElementNotPresent(WebUiBuiltInKeywords.groovy:1481)
	at com.kms.katalon.core.webui.keyword.WebUiBuiltInKeywords$verifyElementNotPresent$8.call(Unknown Source)
	at GetBrokSumPriceDaily.run(GetBrokSumPriceDaily:414)
	at com.kms.katalon.core.main.ScriptEngine.run(ScriptEngine.java:194)
	at com.kms.katalon.core.main.ScriptEngine.runScriptAsRawText(ScriptEngine.java:119)
	at com.kms.katalon.core.main.TestCaseExecutor.runScript(TestCaseExecutor.java:445)
	at com.kms.katalon.core.main.TestCaseExecutor.doExecute(TestCaseExecutor.java:436)
	at com.kms.katalon.core.main.TestCaseExecutor.processExecutionPhase(TestCaseExecutor.java:415)
	at com.kms.katalon.core.main.TestCaseExecutor.accessMainPhase(TestCaseExecutor.java:407)
	at com.kms.katalon.core.main.TestCaseExecutor.execute(TestCaseExecutor.java:284)
	at com.kms.katalon.core.common.CommonExecutor.accessTestCaseMainPhase(CommonExecutor.java:65)
	at com.kms.katalon.core.main.TestSuiteExecutor.accessTestSuiteMainPhase(TestSuiteExecutor.java:144)
	at com.kms.katalon.core.main.TestSuiteExecutor.execute(TestSuiteExecutor.java:106)
	at com.kms.katalon.core.main.TestCaseMain.startTestSuite(TestCaseMain.java:185)
	at com.kms.katalon.core.main.TestCaseMain$startTestSuite$0.call(Unknown Source)
	at TempTestSuite1705923140048.run(TempTestSuite1705923140048.groovy:36)
)
[[ATTACHMENT|C:\\Users\\Fadli\\git\\KatalonDailyGetData2\\Reports\\20240122_174123\\TS1\\20240122_183220\\1705923368272.png]]

2024-01-22 18:36:08 - [TEST_STEP][PASSED] - else: null

2024-01-22 18:36:08 - [TEST_STEP][PASSED] - strSeller3 = getText(findTestObject("Stockbit/Bandarmology_Seller3")): Text of object 'Object Repository/Stockbit/Bandarmology_Seller3' is: 'XL'

2024-01-22 18:36:08 - [MESSAGE][PASSED] - Text of object 'Object Repository/Stockbit/Bandarmology_Seller3' is: 'XL'

2024-01-22 18:36:08 - [TEST_STEP][PASSED] - strSellerVol3 = getText(findTestObject("Stockbit/Bandarmology_SellerVol3")): Text of object 'Object Repository/Stockbit/Bandarmology_SellerVol3' is: '6.8 K'

2024-01-22 18:36:08 - [MESSAGE][PASSED] - Text of object 'Object Repository/Stockbit/Bandarmology_SellerVol3' is: '6.8 K'

2024-01-22 18:36:08 - [TEST_STEP][PASSED] - strSellerAvg3 = getText(findTestObject("Stockbit/Bandarmology_SellerAvg3")): Text of object 'Object Repository/Stockbit/Bandarmology_SellerAvg3' is: '50'

2024-01-22 18:36:08 - [MESSAGE][PASSED] - Text of object 'Object Repository/Stockbit/Bandarmology_SellerAvg3' is: '50'

2024-01-22 18:36:08 - [TEST_STEP][PASSED] - if (strSeller3 != ""): null

2024-01-22 18:36:08 - [TEST_STEP][PASSED] - if (strSellerAvg3.contains(",")): null

2024-01-22 18:36:08 - [TEST_STEP][PASSED] - if (strSellerVol3.contains(" B")): null

2024-01-22 18:36:08 - [TEST_STEP][PASSED] - else if (strSellerVol3.contains(" M")): null

2024-01-22 18:36:08 - [TEST_STEP][PASSED] - else if (strSellerVol3.contains(" K")): null

2024-01-22 18:36:08 - [TEST_STEP][PASSED] - strSellerVol3 = strSellerVol3.replace(" K", ""): null

2024-01-22 18:36:08 - [TEST_STEP][PASSED] - strSellerVol3 = strSellerVol3.toDouble() * 1000: null

2024-01-22 18:36:08 - [TEST_STEP][PASSED] - strAccDist = getText(findTestObject("Stockbit/Bandarmology_AccDist")): Text of object 'Object Repository/Stockbit/Bandarmology_AccDist' is: 'Acc'

2024-01-22 18:36:08 - [MESSAGE][PASSED] - Text of object 'Object Repository/Stockbit/Bandarmology_AccDist' is: 'Acc'

2024-01-22 18:36:08 - [TEST_STEP][PASSED] - strNetVol = getText(findTestObject("Stockbit/Bandarmology_NetVol")): Text of object 'Object Repository/Stockbit/Bandarmology_NetVol' is: '51,289'

2024-01-22 18:36:09 - [MESSAGE][PASSED] - Text of object 'Object Repository/Stockbit/Bandarmology_NetVol' is: '51,289'

2024-01-22 18:36:09 - [TEST_STEP][PASSED] - strNetVol = strNetVol.replace(",", ""): null

2024-01-22 18:36:09 - [TEST_STEP][PASSED] - strNetVal = getText(findTestObject("Stockbit/Bandarmology_NetVal")): Text of object 'Object Repository/Stockbit/Bandarmology_NetVal' is: '0.3 B'

2024-01-22 18:36:09 - [MESSAGE][PASSED] - Text of object 'Object Repository/Stockbit/Bandarmology_NetVal' is: '0.3 B'

2024-01-22 18:36:09 - [TEST_STEP][PASSED] - delay(3): Delayed 3 second(s)

2024-01-22 18:36:12 - [MESSAGE][PASSED] - Delayed 3 second(s)

2024-01-22 18:36:12 - [TEST_STEP][PASSED] - strOpenPrice = getText(findTestObject("Stockbit/Home_OpenPrice")): Text of object 'Object Repository/Stockbit/Home_OpenPrice' is: '50'

2024-01-22 18:36:12 - [MESSAGE][PASSED] - Text of object 'Object Repository/Stockbit/Home_OpenPrice' is: '50'

2024-01-22 18:36:12 - [TEST_STEP][PASSED] - strOpenPrice = strOpenPrice.replace(",", ""): null

2024-01-22 18:36:12 - [TEST_STEP][PASSED] - strLowPrice = getText(findTestObject("Stockbit/Home_LowPrice")): Text of object 'Object Repository/Stockbit/Home_LowPrice' is: '50'

2024-01-22 18:36:12 - [MESSAGE][PASSED] - Text of object 'Object Repository/Stockbit/Home_LowPrice' is: '50'

2024-01-22 18:36:12 - [TEST_STEP][PASSED] - strLowPrice = strLowPrice.replace(",", ""): null

2024-01-22 18:36:12 - [TEST_STEP][PASSED] - strHighPrice = getText(findTestObject("Stockbit/Home_HighPrice")): Text of object 'Object Repository/Stockbit/Home_HighPrice' is: '51'

2024-01-22 18:36:12 - [MESSAGE][PASSED] - Text of object 'Object Repository/Stockbit/Home_HighPrice' is: '51'

2024-01-22 18:36:12 - [TEST_STEP][PASSED] - strHighPrice = strHighPrice.replace(",", ""): null

2024-01-22 18:36:12 - [TEST_STEP][PASSED] - strClosePrice = getText(findTestObject("Stockbit/Home_ClosePrice")): Text of object 'Object Repository/Stockbit/Home_ClosePrice' is: '50'

2024-01-22 18:36:12 - [MESSAGE][PASSED] - Text of object 'Object Repository/Stockbit/Home_ClosePrice' is: '50'

2024-01-22 18:36:12 - [TEST_STEP][PASSED] - strClosePrice = strClosePrice.replace(",", ""): null

2024-01-22 18:36:12 - [TEST_STEP][PASSED] - strVol = getText(findTestObject("Stockbit/Home_Volume")): Text of object 'Object Repository/Stockbit/Home_Volume' is: '106 K'

2024-01-22 18:36:12 - [MESSAGE][PASSED] - Text of object 'Object Repository/Stockbit/Home_Volume' is: '106 K'

2024-01-22 18:36:12 - [TEST_STEP][PASSED] - if (strVol.contains(" K")): null

2024-01-22 18:36:12 - [TEST_STEP][PASSED] - strVol = strVol.replace(" K", "000"): null

2024-01-22 18:36:12 - [TEST_STEP][PASSED] - if (strVol.contains(",")): null

2024-01-22 18:36:12 - [TEST_STEP][PASSED] - strChange = getText(findTestObject("Stockbit/Home_Change")): Text of object 'Object Repository/Stockbit/Home_Change' is: '0.00%'

2024-01-22 18:36:12 - [MESSAGE][PASSED] - Text of object 'Object Repository/Stockbit/Home_Change' is: '0.00%'

2024-01-22 18:36:12 - [TEST_STEP][PASSED] - strChange = strChange.replace("%", ""): null

2024-01-22 18:36:12 - [TEST_STEP][PASSED] - strFreq = getText(findTestObject("Stockbit/Home_Freq")): Text of object 'Object Repository/Stockbit/Home_Freq' is: '171'

2024-01-22 18:36:12 - [MESSAGE][PASSED] - Text of object 'Object Repository/Stockbit/Home_Freq' is: '171'

2024-01-22 18:36:12 - [TEST_STEP][PASSED] - if (strFreq.contains(",")): null

2024-01-22 18:36:12 - [TEST_STEP][PASSED] - if (strFreq == "NA" || strFreq == ""): null

2024-01-22 18:36:12 - [TEST_STEP][PASSED] - else: null

2024-01-22 18:36:12 - [TEST_STEP][PASSED] - dblFreqAnal = strVol.toDouble() / strFreq.toDouble() * strFreq.toDouble() * strFreq.toDouble() * 100000000: null

2024-01-22 18:36:12 - [TEST_STEP][PASSED] - strFreqAnal = String.format("%.4f", dblFreqAnal): null

2024-01-22 18:36:12 - [TEST_STEP][PASSED] - out.println("Double strFreqAnal: " + strFreqAnal): null

2024-01-22 18:36:12 - [TEST_STEP][PASSED] - strTanggal = d.format(DateTimeFormatter.ofPattern("yyyy-MM-dd")): null

2024-01-22 18:36:12 - [TEST_STEP][PASSED] - strTanggal = "#" + strTanggal + "#": null

2024-01-22 18:36:12 - [TEST_STEP][PASSED] - strSQL = "select count(*) as JumBaris from TblBrokSum where Nama = '" + strNama + "' and Tanggal = " + strTanggal + "": null

2024-01-22 18:36:12 - [TEST_STEP][PASSED] - resultSet = statement.executeQuery(strSQL): null

2024-01-22 18:36:12 - [TEST_STEP][PASSED] - resultSet.next(): null

2024-01-22 18:36:12 - [TEST_STEP][PASSED] - intJumBaris = resultSet.getInt("JumBaris"): null

2024-01-22 18:36:12 - [TEST_STEP][PASSED] - if (intJumBaris > 0): null

2024-01-22 18:36:12 - [TEST_STEP][PASSED] - else: null

2024-01-22 18:36:12 - [TEST_STEP][PASSED] - try: null

2024-01-22 18:36:12 - [TEST_STEP][PASSED] - out.println("Insert data"): null

2024-01-22 18:36:12 - [TEST_STEP][PASSED] - strSQL = "insert into TblBrokSum (nama, tanggal, top1, top2, top3, AllBrokAvg, AccDist, AvgRP, " + "Buyer1, BuyerVal1, BuyerAvg1, Seller1, SellerVal1, SellerAvg1, Buyer2, BuyerVal2, BuyerAvg2, " + "Seller2, SellerVal2, SellerAvg2, Buyer3, BuyerVal3, BuyerAvg3, Seller3, SellerVal3, SellerAvg3, NetVol, NetVal, " + "OpenPrice, LowPrice, HighPrice, ClosePrice, Volume, Change, Frekuensi, FrekAnal) " + "values ('" + strNama + "', " + strTanggal + ", '" + strTop1 + "', '" + strTop3 + "', '" + strTop5 + "', " + "'" + strAllBrokAvg + "', '" + strAccDist + "', " + intAvgRP + ", '" + strBuyer1 + "', '" + strBuyerVol1 + "', " + strBuyerAvg1 + ", " + "'" + strSeller1 + "', '" + strSellerVol1 + "', " + strSellerAvg1 + ", '" + strBuyer2 + "', '" + strBuyerVol2 + "', " + strBuyerAvg2 + ", " + "'" + strSeller2 + "', '" + strSellerVol2 + "', " + strSellerAvg2 + ", '" + strBuyer3 + "', '" + strBuyerVol3 + "', " + strBuyerAvg3 + ", " + "'" + strSeller3 + "', '" + strSellerVol3 + "', " + strSellerAvg3 + ", " + strNetVol + ", '" + strNetVal + "', " + "" + strOpenPrice + ", " + strLowPrice + ", " + strHighPrice + ", " + strClosePrice + ", '" + strVol + "', " + strChange + ", " + strFreq + ", " + strFreqAnal + ");": null

2024-01-22 18:36:12 - [TEST_STEP][PASSED] - out.println("strSQL = " + strSQL): null

2024-01-22 18:36:12 - [TEST_STEP][PASSED] - statement.executeUpdate(strSQL): null

2024-01-22 18:36:12 - [TEST_STEP][PASSED] - setValueToCellByIndex(sheet01, rowIndex, 4, "DONE"): null

2024-01-22 18:36:12 - [TEST_STEP][PASSED] - saveWorkbook(excelFilePath, workbook01): null

2024-01-22 18:36:12 - [TEST_STEP][PASSED] - waitForElementClickable(findTestObject("Stockbit/menu_Bandarmology"), 10): Object 'Object Repository/Stockbit/menu_Bandarmology' is clickable

2024-01-22 18:36:13 - [MESSAGE][PASSED] - Object 'Object Repository/Stockbit/menu_Bandarmology' is clickable

2024-01-22 18:36:13 - [TEST_STEP][PASSED] - click(findTestObject("Stockbit/menu_Bandarmology")): Object: 'Object Repository/Stockbit/menu_Bandarmology' is clicked on

2024-01-22 18:36:13 - [MESSAGE][PASSED] - Object: 'Object Repository/Stockbit/menu_Bandarmology' is clicked on

2024-01-22 18:36:13 - [TEST_STEP][PASSED] - strTemp = "NA": null

2024-01-22 18:36:13 - [TEST_STEP][PASSED] - if (getCellValueByIndex(sheet01, rowIndex, 4) != "DONE"): Object: 'Object Repository/Stockbit/menu_Bandarmology' is clicked on

2024-01-22 18:36:13 - [TEST_STEP][PASSED] - strNama = getCellValueByIndex(sheet01, rowIndex, 0): null

2024-01-22 18:36:13 - [TEST_STEP][PASSED] - navigateToUrl("https://stockbit.com/#/symbol/" + strNama): Navigate to 'https://stockbit.com/#/symbol/AYLS' successfully

2024-01-22 18:36:14 - [MESSAGE][PASSED] - Navigate to 'https://stockbit.com/#/symbol/AYLS' successfully

2024-01-22 18:36:14 - [TEST_STEP][PASSED] - waitForElementClickable(findTestObject("Stockbit/menu_Bandarmology"), 10): Object 'Object Repository/Stockbit/menu_Bandarmology' is clickable

2024-01-22 18:36:15 - [MESSAGE][PASSED] - Object 'Object Repository/Stockbit/menu_Bandarmology' is clickable

2024-01-22 18:36:15 - [TEST_STEP][PASSED] - click(findTestObject("Stockbit/menu_Bandarmology")): Object: 'Object Repository/Stockbit/menu_Bandarmology' is clicked on

2024-01-22 18:36:15 - [MESSAGE][PASSED] - Object: 'Object Repository/Stockbit/menu_Bandarmology' is clicked on

2024-01-22 18:36:15 - [TEST_STEP][PASSED] - strTanggal = d.format(DateTimeFormatter.ofPattern("MMM dd, yyyy")): null

2024-01-22 18:36:15 - [TEST_STEP][PASSED] - strTanggal = d.format(ISO_DATE): null

2024-01-22 18:36:15 - [TEST_STEP][PASSED] - out.println("strTanggal = " + strTanggal): null

2024-01-22 18:36:15 - [TEST_STEP][PASSED] - out.println("strNama = " + strNama): null

2024-01-22 18:36:15 - [TEST_STEP][PASSED] - out.println("Baris ke = " + rowIndex): null

2024-01-22 18:36:15 - [TEST_STEP][PASSED] - click(findTestObject("Stockbit/input__BandarmologyOpenStartDate")): Object: 'Object Repository/Stockbit/input__BandarmologyOpenStartDate' is clicked on

2024-01-22 18:36:17 - [MESSAGE][PASSED] - Object: 'Object Repository/Stockbit/input__BandarmologyOpenStartDate' is clicked on

2024-01-22 18:36:17 - [TEST_STEP][PASSED] - sendKeys(findTestObject("Stockbit/input__BandarmologyOpenStartDate"), Keys.chord(CONTROL, "a")): Keys 'CONTROL + a' sent to object: 'Object Repository/Stockbit/input__BandarmologyOpenStartDate'

2024-01-22 18:36:17 - [MESSAGE][PASSED] - Keys 'CONTROL + a' sent to object: 'Object Repository/Stockbit/input__BandarmologyOpenStartDate'

2024-01-22 18:36:17 - [TEST_STEP][PASSED] - sendKeys(findTestObject("Stockbit/input__BandarmologyOpenStartDate"), Keys.chord(BACK_SPACE)): Keys 'BACK_SPACE + ' sent to object: 'Object Repository/Stockbit/input__BandarmologyOpenStartDate'

2024-01-22 18:36:17 - [MESSAGE][PASSED] - Keys 'BACK_SPACE + ' sent to object: 'Object Repository/Stockbit/input__BandarmologyOpenStartDate'

2024-01-22 18:36:17 - [TEST_STEP][PASSED] - setText(findTestObject("Stockbit/input__BandarmologyOpenStartDate"), strTanggal): Text '2024-01-22' is set on object 'Object Repository/Stockbit/input__BandarmologyOpenStartDate'

2024-01-22 18:36:18 - [MESSAGE][PASSED] - Text '2024-01-22' is set on object 'Object Repository/Stockbit/input__BandarmologyOpenStartDate'

2024-01-22 18:36:18 - [TEST_STEP][PASSED] - sendKeys(findTestObject("Stockbit/input__BandarmologyOpenStartDate"), Keys.chord(ENTER)): Keys 'ENTER + ' sent to object: 'Object Repository/Stockbit/input__BandarmologyOpenStartDate'

2024-01-22 18:36:19 - [MESSAGE][PASSED] - Keys 'ENTER + ' sent to object: 'Object Repository/Stockbit/input__BandarmologyOpenStartDate'

2024-01-22 18:36:19 - [TEST_STEP][PASSED] - click(findTestObject("Stockbit/input__BandarmologyOpenEndDate")): Object: 'Object Repository/Stockbit/input__BandarmologyOpenEndDate' is clicked on

2024-01-22 18:36:19 - [MESSAGE][PASSED] - Object: 'Object Repository/Stockbit/input__BandarmologyOpenEndDate' is clicked on

2024-01-22 18:36:19 - [TEST_STEP][PASSED] - sendKeys(findTestObject("Stockbit/input__BandarmologyOpenEndDate"), Keys.chord(CONTROL, "a")): Keys 'CONTROL + a' sent to object: 'Object Repository/Stockbit/input__BandarmologyOpenEndDate'

2024-01-22 18:36:20 - [MESSAGE][PASSED] - Keys 'CONTROL + a' sent to object: 'Object Repository/Stockbit/input__BandarmologyOpenEndDate'

2024-01-22 18:36:20 - [TEST_STEP][PASSED] - sendKeys(findTestObject("Stockbit/input__BandarmologyOpenEndDate"), Keys.chord(BACK_SPACE)): Keys 'BACK_SPACE + ' sent to object: 'Object Repository/Stockbit/input__BandarmologyOpenEndDate'

2024-01-22 18:36:20 - [MESSAGE][PASSED] - Keys 'BACK_SPACE + ' sent to object: 'Object Repository/Stockbit/input__BandarmologyOpenEndDate'

2024-01-22 18:36:20 - [TEST_STEP][PASSED] - setText(findTestObject("Stockbit/input__BandarmologyOpenEndDate"), strTanggal): Text '2024-01-22' is set on object 'Object Repository/Stockbit/input__BandarmologyOpenEndDate'

2024-01-22 18:36:21 - [MESSAGE][PASSED] - Text '2024-01-22' is set on object 'Object Repository/Stockbit/input__BandarmologyOpenEndDate'

2024-01-22 18:36:21 - [TEST_STEP][PASSED] - sendKeys(findTestObject("Stockbit/input__BandarmologyOpenEndDate"), Keys.chord(ENTER)): Keys 'ENTER + ' sent to object: 'Object Repository/Stockbit/input__BandarmologyOpenEndDate'

2024-01-22 18:36:21 - [MESSAGE][PASSED] - Keys 'ENTER + ' sent to object: 'Object Repository/Stockbit/input__BandarmologyOpenEndDate'

2024-01-22 18:36:21 - [TEST_STEP][PASSED] - delay(2): Delayed 2 second(s)

2024-01-22 18:36:23 - [MESSAGE][PASSED] - Delayed 2 second(s)

2024-01-22 18:36:23 - [TEST_STEP][PASSED] - strTemp = getText(findTestObject("Stockbit/Bandarmology_AvgRP")): Text of object 'Object Repository/Stockbit/Bandarmology_AvgRP' is: '50'

2024-01-22 18:36:23 - [MESSAGE][PASSED] - Text of object 'Object Repository/Stockbit/Bandarmology_AvgRP' is: '50'

2024-01-22 18:36:23 - [TEST_STEP][PASSED] - out.println("Bandarmology_AvgRP = " + strTemp): null

2024-01-22 18:36:23 - [TEST_STEP][PASSED] - if (strTemp != "0"): null

2024-01-22 18:36:23 - [TEST_STEP][PASSED] - strTop1 = getText(findTestObject("Stockbit/Bandarmology_Top1")): Text of object 'Object Repository/Stockbit/Bandarmology_Top1' is: 'Normal Dist'

2024-01-22 18:36:23 - [MESSAGE][PASSED] - Text of object 'Object Repository/Stockbit/Bandarmology_Top1' is: 'Normal Dist'

2024-01-22 18:36:23 - [TEST_STEP][PASSED] - strTop3 = getText(findTestObject("Stockbit/Bandarmology_Top3")): Text of object 'Object Repository/Stockbit/Bandarmology_Top3' is: 'Neutral'

2024-01-22 18:36:23 - [MESSAGE][PASSED] - Text of object 'Object Repository/Stockbit/Bandarmology_Top3' is: 'Neutral'

2024-01-22 18:36:23 - [TEST_STEP][PASSED] - strTop5 = getText(findTestObject("Stockbit/Bandarmology_Top5")): Text of object 'Object Repository/Stockbit/Bandarmology_Top5' is: 'Neutral'

2024-01-22 18:36:24 - [MESSAGE][PASSED] - Text of object 'Object Repository/Stockbit/Bandarmology_Top5' is: 'Neutral'

2024-01-22 18:36:24 - [TEST_STEP][PASSED] - strAllBrokAvg = getText(findTestObject("Stockbit/Bandarmology_TopAVG")): Text of object 'Object Repository/Stockbit/Bandarmology_TopAVG' is: 'Neutral'

2024-01-22 18:36:24 - [MESSAGE][PASSED] - Text of object 'Object Repository/Stockbit/Bandarmology_TopAVG' is: 'Neutral'

2024-01-22 18:36:24 - [TEST_STEP][PASSED] - strTemp = getText(findTestObject("Stockbit/Bandarmology_AvgRP")): Text of object 'Object Repository/Stockbit/Bandarmology_AvgRP' is: '50'

2024-01-22 18:36:24 - [MESSAGE][PASSED] - Text of object 'Object Repository/Stockbit/Bandarmology_AvgRP' is: '50'

2024-01-22 18:36:24 - [TEST_STEP][PASSED] - if (strTemp.contains(",")): null

2024-01-22 18:36:24 - [TEST_STEP][PASSED] - intAvgRP = strTemp.toInteger(): null

2024-01-22 18:36:24 - [TEST_STEP][PASSED] - strBuyer1 = getText(findTestObject("Stockbit/Bandarmology_Buyer1")): Text of object 'Object Repository/Stockbit/Bandarmology_Buyer1' is: 'YP'

2024-01-22 18:36:24 - [MESSAGE][PASSED] - Text of object 'Object Repository/Stockbit/Bandarmology_Buyer1' is: 'YP'

2024-01-22 18:36:24 - [TEST_STEP][PASSED] - strBuyerVol1 = getText(findTestObject("Stockbit/Bandarmology_BuyerVol1")): Text of object 'Object Repository/Stockbit/Bandarmology_BuyerVol1' is: '191'

2024-01-22 18:36:24 - [MESSAGE][PASSED] - Text of object 'Object Repository/Stockbit/Bandarmology_BuyerVol1' is: '191'

2024-01-22 18:36:24 - [TEST_STEP][PASSED] - strBuyerAvg1 = getText(findTestObject("Stockbit/Bandarmology_BuyerAvg1")): Text of object 'Object Repository/Stockbit/Bandarmology_BuyerAvg1' is: '50'

2024-01-22 18:36:24 - [MESSAGE][PASSED] - Text of object 'Object Repository/Stockbit/Bandarmology_BuyerAvg1' is: '50'

2024-01-22 18:36:24 - [TEST_STEP][PASSED] - if (strBuyerAvg1.contains(",")): null

2024-01-22 18:36:24 - [TEST_STEP][PASSED] - if (strBuyerVol1.contains(" B")): null

2024-01-22 18:36:24 - [TEST_STEP][PASSED] - strSeller1 = getText(findTestObject("Stockbit/Bandarmology_Seller1")): Text of object 'Object Repository/Stockbit/Bandarmology_Seller1' is: 'PD'

2024-01-22 18:36:24 - [MESSAGE][PASSED] - Text of object 'Object Repository/Stockbit/Bandarmology_Seller1' is: 'PD'

2024-01-22 18:36:24 - [TEST_STEP][PASSED] - strSellerVol1 = getText(findTestObject("Stockbit/Bandarmology_SellerVol1")): Text of object 'Object Repository/Stockbit/Bandarmology_SellerVol1' is: '221'

2024-01-22 18:36:24 - [MESSAGE][PASSED] - Text of object 'Object Repository/Stockbit/Bandarmology_SellerVol1' is: '221'

2024-01-22 18:36:24 - [TEST_STEP][PASSED] - strSellerAvg1 = getText(findTestObject("Stockbit/Bandarmology_SellerAvg1")): Text of object 'Object Repository/Stockbit/Bandarmology_SellerAvg1' is: '50'

2024-01-22 18:36:25 - [MESSAGE][PASSED] - Text of object 'Object Repository/Stockbit/Bandarmology_SellerAvg1' is: '50'

2024-01-22 18:36:25 - [TEST_STEP][PASSED] - if (strSellerAvg1.contains(",")): null

2024-01-22 18:36:25 - [TEST_STEP][PASSED] - if (strSellerVol1.contains(" B")): null

2024-01-22 18:36:25 - [TEST_STEP][PASSED] - if (verifyElementNotPresent(findTestObject("Stockbit/Bandarmology_Buyer2"), 1, OPTIONAL)): Web element with id: 'Object Repository/Stockbit/Bandarmology_Buyer2' located by 'By.xpath: //*[contains(@id, 'rc-tabs-')]/div[2]/div/div/div/div/div/div[2]/table/tbody/tr[3]/td[1]/p' is present after '1' second(s) (Root cause: com.kms.katalon.core.exception.StepFailedException: Web element with id: 'Object Repository/Stockbit/Bandarmology_Buyer2' located by 'By.xpath: //*[contains(@id, 'rc-tabs-')]/div[2]/div/div/div/div/div/div[2]/table/tbody/tr[3]/td[1]/p' is present after '1' second(s)
	at com.kms.katalon.core.webui.keyword.internal.WebUIKeywordMain.stepFailed(WebUIKeywordMain.groovy:64)
	at com.kms.katalon.core.webui.keyword.internal.WebUIKeywordMain$stepFailed$0.call(Unknown Source)
	at com.kms.katalon.core.webui.keyword.builtin.VerifyElementNotPresentKeyword$_verifyElementNotPresent_closure1.doCall(VerifyElementNotPresentKeyword.groovy:106)
	at com.kms.katalon.core.webui.keyword.builtin.VerifyElementNotPresentKeyword$_verifyElementNotPresent_closure1.doCall(VerifyElementNotPresentKeyword.groovy)
	at com.kms.katalon.core.webui.keyword.internal.WebUIKeywordMain.runKeyword(WebUIKeywordMain.groovy:20)
	at com.kms.katalon.core.webui.keyword.internal.WebUIKeywordMain$runKeyword.call(Unknown Source)
	at com.kms.katalon.core.webui.keyword.builtin.VerifyElementNotPresentKeyword.verifyElementNotPresent(VerifyElementNotPresentKeyword.groovy:117)
	at com.kms.katalon.core.webui.keyword.builtin.VerifyElementNotPresentKeyword.execute(VerifyElementNotPresentKeyword.groovy:68)
	at com.kms.katalon.core.keyword.internal.KeywordExecutor.executeKeywordForPlatform(KeywordExecutor.groovy:74)
	at com.kms.katalon.core.webui.keyword.WebUiBuiltInKeywords.verifyElementNotPresent(WebUiBuiltInKeywords.groovy:1481)
	at com.kms.katalon.core.webui.keyword.WebUiBuiltInKeywords$verifyElementNotPresent$8.call(Unknown Source)
	at GetBrokSumPriceDaily.run(GetBrokSumPriceDaily:258)
	at com.kms.katalon.core.main.ScriptEngine.run(ScriptEngine.java:194)
	at com.kms.katalon.core.main.ScriptEngine.runScriptAsRawText(ScriptEngine.java:119)
	at com.kms.katalon.core.main.TestCaseExecutor.runScript(TestCaseExecutor.java:445)
	at com.kms.katalon.core.main.TestCaseExecutor.doExecute(TestCaseExecutor.java:436)
	at com.kms.katalon.core.main.TestCaseExecutor.processExecutionPhase(TestCaseExecutor.java:415)
	at com.kms.katalon.core.main.TestCaseExecutor.accessMainPhase(TestCaseExecutor.java:407)
	at com.kms.katalon.core.main.TestCaseExecutor.execute(TestCaseExecutor.java:284)
	at com.kms.katalon.core.common.CommonExecutor.accessTestCaseMainPhase(CommonExecutor.java:65)
	at com.kms.katalon.core.main.TestSuiteExecutor.accessTestSuiteMainPhase(TestSuiteExecutor.java:144)
	at com.kms.katalon.core.main.TestSuiteExecutor.execute(TestSuiteExecutor.java:106)
	at com.kms.katalon.core.main.TestCaseMain.startTestSuite(TestCaseMain.java:185)
	at com.kms.katalon.core.main.TestCaseMain$startTestSuite$0.call(Unknown Source)
	at TempTestSuite1705923140048.run(TempTestSuite1705923140048.groovy:36)
)

2024-01-22 18:36:26 - [MESSAGE][WARNING] - Web element with id: 'Object Repository/Stockbit/Bandarmology_Buyer2' located by 'By.xpath: //*[contains(@id, 'rc-tabs-')]/div[2]/div/div/div/div/div/div[2]/table/tbody/tr[3]/td[1]/p' is present after '1' second(s) (Root cause: com.kms.katalon.core.exception.StepFailedException: Web element with id: 'Object Repository/Stockbit/Bandarmology_Buyer2' located by 'By.xpath: //*[contains(@id, 'rc-tabs-')]/div[2]/div/div/div/div/div/div[2]/table/tbody/tr[3]/td[1]/p' is present after '1' second(s)
	at com.kms.katalon.core.webui.keyword.internal.WebUIKeywordMain.stepFailed(WebUIKeywordMain.groovy:64)
	at com.kms.katalon.core.webui.keyword.internal.WebUIKeywordMain$stepFailed$0.call(Unknown Source)
	at com.kms.katalon.core.webui.keyword.builtin.VerifyElementNotPresentKeyword$_verifyElementNotPresent_closure1.doCall(VerifyElementNotPresentKeyword.groovy:106)
	at com.kms.katalon.core.webui.keyword.builtin.VerifyElementNotPresentKeyword$_verifyElementNotPresent_closure1.doCall(VerifyElementNotPresentKeyword.groovy)
	at com.kms.katalon.core.webui.keyword.internal.WebUIKeywordMain.runKeyword(WebUIKeywordMain.groovy:20)
	at com.kms.katalon.core.webui.keyword.internal.WebUIKeywordMain$runKeyword.call(Unknown Source)
	at com.kms.katalon.core.webui.keyword.builtin.VerifyElementNotPresentKeyword.verifyElementNotPresent(VerifyElementNotPresentKeyword.groovy:117)
	at com.kms.katalon.core.webui.keyword.builtin.VerifyElementNotPresentKeyword.execute(VerifyElementNotPresentKeyword.groovy:68)
	at com.kms.katalon.core.keyword.internal.KeywordExecutor.executeKeywordForPlatform(KeywordExecutor.groovy:74)
	at com.kms.katalon.core.webui.keyword.WebUiBuiltInKeywords.verifyElementNotPresent(WebUiBuiltInKeywords.groovy:1481)
	at com.kms.katalon.core.webui.keyword.WebUiBuiltInKeywords$verifyElementNotPresent$8.call(Unknown Source)
	at GetBrokSumPriceDaily.run(GetBrokSumPriceDaily:258)
	at com.kms.katalon.core.main.ScriptEngine.run(ScriptEngine.java:194)
	at com.kms.katalon.core.main.ScriptEngine.runScriptAsRawText(ScriptEngine.java:119)
	at com.kms.katalon.core.main.TestCaseExecutor.runScript(TestCaseExecutor.java:445)
	at com.kms.katalon.core.main.TestCaseExecutor.doExecute(TestCaseExecutor.java:436)
	at com.kms.katalon.core.main.TestCaseExecutor.processExecutionPhase(TestCaseExecutor.java:415)
	at com.kms.katalon.core.main.TestCaseExecutor.accessMainPhase(TestCaseExecutor.java:407)
	at com.kms.katalon.core.main.TestCaseExecutor.execute(TestCaseExecutor.java:284)
	at com.kms.katalon.core.common.CommonExecutor.accessTestCaseMainPhase(CommonExecutor.java:65)
	at com.kms.katalon.core.main.TestSuiteExecutor.accessTestSuiteMainPhase(TestSuiteExecutor.java:144)
	at com.kms.katalon.core.main.TestSuiteExecutor.execute(TestSuiteExecutor.java:106)
	at com.kms.katalon.core.main.TestCaseMain.startTestSuite(TestCaseMain.java:185)
	at com.kms.katalon.core.main.TestCaseMain$startTestSuite$0.call(Unknown Source)
	at TempTestSuite1705923140048.run(TempTestSuite1705923140048.groovy:36)
)
[[ATTACHMENT|C:\\Users\\Fadli\\git\\KatalonDailyGetData2\\Reports\\20240122_174123\\TS1\\20240122_183220\\1705923386178.png]]

2024-01-22 18:36:26 - [TEST_STEP][PASSED] - else: null

2024-01-22 18:36:26 - [TEST_STEP][PASSED] - strBuyer2 = getText(findTestObject("Stockbit/Bandarmology_Buyer2")): Text of object 'Object Repository/Stockbit/Bandarmology_Buyer2' is: 'XL'

2024-01-22 18:36:26 - [MESSAGE][PASSED] - Text of object 'Object Repository/Stockbit/Bandarmology_Buyer2' is: 'XL'

2024-01-22 18:36:26 - [TEST_STEP][PASSED] - strBuyerVol2 = getText(findTestObject("Stockbit/Bandarmology_BuyerVol2")): Text of object 'Object Repository/Stockbit/Bandarmology_BuyerVol2' is: '16'

2024-01-22 18:36:26 - [MESSAGE][PASSED] - Text of object 'Object Repository/Stockbit/Bandarmology_BuyerVol2' is: '16'

2024-01-22 18:36:26 - [TEST_STEP][PASSED] - strBuyerAvg2 = getText(findTestObject("Stockbit/Bandarmology_BuyerAvg2")): Text of object 'Object Repository/Stockbit/Bandarmology_BuyerAvg2' is: '50'

2024-01-22 18:36:26 - [MESSAGE][PASSED] - Text of object 'Object Repository/Stockbit/Bandarmology_BuyerAvg2' is: '50'

2024-01-22 18:36:26 - [TEST_STEP][PASSED] - if (strBuyer2 != ""): null

2024-01-22 18:36:26 - [TEST_STEP][PASSED] - if (strBuyerAvg2.contains(",")): null

2024-01-22 18:36:26 - [TEST_STEP][PASSED] - if (strBuyerVol2.contains(" B")): null

2024-01-22 18:36:26 - [TEST_STEP][PASSED] - if (strBuyerVol2.contains(".")): null

2024-01-22 18:36:26 - [TEST_STEP][PASSED] - if (verifyElementNotPresent(findTestObject("Stockbit/Bandarmology_Seller2"), 1, OPTIONAL)): Web element with id: 'Object Repository/Stockbit/Bandarmology_Seller2' located by 'By.xpath: //*[contains(@id, 'rc-tabs-')]/div[2]/div/div/div/div/div/div[2]/table/tbody/tr[3]/td[5]/p' is present after '1' second(s) (Root cause: com.kms.katalon.core.exception.StepFailedException: Web element with id: 'Object Repository/Stockbit/Bandarmology_Seller2' located by 'By.xpath: //*[contains(@id, 'rc-tabs-')]/div[2]/div/div/div/div/div/div[2]/table/tbody/tr[3]/td[5]/p' is present after '1' second(s)
	at com.kms.katalon.core.webui.keyword.internal.WebUIKeywordMain.stepFailed(WebUIKeywordMain.groovy:64)
	at com.kms.katalon.core.webui.keyword.internal.WebUIKeywordMain$stepFailed$0.call(Unknown Source)
	at com.kms.katalon.core.webui.keyword.builtin.VerifyElementNotPresentKeyword$_verifyElementNotPresent_closure1.doCall(VerifyElementNotPresentKeyword.groovy:106)
	at com.kms.katalon.core.webui.keyword.builtin.VerifyElementNotPresentKeyword$_verifyElementNotPresent_closure1.doCall(VerifyElementNotPresentKeyword.groovy)
	at com.kms.katalon.core.webui.keyword.internal.WebUIKeywordMain.runKeyword(WebUIKeywordMain.groovy:20)
	at com.kms.katalon.core.webui.keyword.internal.WebUIKeywordMain$runKeyword.call(Unknown Source)
	at com.kms.katalon.core.webui.keyword.builtin.VerifyElementNotPresentKeyword.verifyElementNotPresent(VerifyElementNotPresentKeyword.groovy:117)
	at com.kms.katalon.core.webui.keyword.builtin.VerifyElementNotPresentKeyword.execute(VerifyElementNotPresentKeyword.groovy:68)
	at com.kms.katalon.core.keyword.internal.KeywordExecutor.executeKeywordForPlatform(KeywordExecutor.groovy:74)
	at com.kms.katalon.core.webui.keyword.WebUiBuiltInKeywords.verifyElementNotPresent(WebUiBuiltInKeywords.groovy:1481)
	at com.kms.katalon.core.webui.keyword.WebUiBuiltInKeywords$verifyElementNotPresent$8.call(Unknown Source)
	at GetBrokSumPriceDaily.run(GetBrokSumPriceDaily:309)
	at com.kms.katalon.core.main.ScriptEngine.run(ScriptEngine.java:194)
	at com.kms.katalon.core.main.ScriptEngine.runScriptAsRawText(ScriptEngine.java:119)
	at com.kms.katalon.core.main.TestCaseExecutor.runScript(TestCaseExecutor.java:445)
	at com.kms.katalon.core.main.TestCaseExecutor.doExecute(TestCaseExecutor.java:436)
	at com.kms.katalon.core.main.TestCaseExecutor.processExecutionPhase(TestCaseExecutor.java:415)
	at com.kms.katalon.core.main.TestCaseExecutor.accessMainPhase(TestCaseExecutor.java:407)
	at com.kms.katalon.core.main.TestCaseExecutor.execute(TestCaseExecutor.java:284)
	at com.kms.katalon.core.common.CommonExecutor.accessTestCaseMainPhase(CommonExecutor.java:65)
	at com.kms.katalon.core.main.TestSuiteExecutor.accessTestSuiteMainPhase(TestSuiteExecutor.java:144)
	at com.kms.katalon.core.main.TestSuiteExecutor.execute(TestSuiteExecutor.java:106)
	at com.kms.katalon.core.main.TestCaseMain.startTestSuite(TestCaseMain.java:185)
	at com.kms.katalon.core.main.TestCaseMain$startTestSuite$0.call(Unknown Source)
	at TempTestSuite1705923140048.run(TempTestSuite1705923140048.groovy:36)
)

2024-01-22 18:36:28 - [MESSAGE][WARNING] - Web element with id: 'Object Repository/Stockbit/Bandarmology_Seller2' located by 'By.xpath: //*[contains(@id, 'rc-tabs-')]/div[2]/div/div/div/div/div/div[2]/table/tbody/tr[3]/td[5]/p' is present after '1' second(s) (Root cause: com.kms.katalon.core.exception.StepFailedException: Web element with id: 'Object Repository/Stockbit/Bandarmology_Seller2' located by 'By.xpath: //*[contains(@id, 'rc-tabs-')]/div[2]/div/div/div/div/div/div[2]/table/tbody/tr[3]/td[5]/p' is present after '1' second(s)
	at com.kms.katalon.core.webui.keyword.internal.WebUIKeywordMain.stepFailed(WebUIKeywordMain.groovy:64)
	at com.kms.katalon.core.webui.keyword.internal.WebUIKeywordMain$stepFailed$0.call(Unknown Source)
	at com.kms.katalon.core.webui.keyword.builtin.VerifyElementNotPresentKeyword$_verifyElementNotPresent_closure1.doCall(VerifyElementNotPresentKeyword.groovy:106)
	at com.kms.katalon.core.webui.keyword.builtin.VerifyElementNotPresentKeyword$_verifyElementNotPresent_closure1.doCall(VerifyElementNotPresentKeyword.groovy)
	at com.kms.katalon.core.webui.keyword.internal.WebUIKeywordMain.runKeyword(WebUIKeywordMain.groovy:20)
	at com.kms.katalon.core.webui.keyword.internal.WebUIKeywordMain$runKeyword.call(Unknown Source)
	at com.kms.katalon.core.webui.keyword.builtin.VerifyElementNotPresentKeyword.verifyElementNotPresent(VerifyElementNotPresentKeyword.groovy:117)
	at com.kms.katalon.core.webui.keyword.builtin.VerifyElementNotPresentKeyword.execute(VerifyElementNotPresentKeyword.groovy:68)
	at com.kms.katalon.core.keyword.internal.KeywordExecutor.executeKeywordForPlatform(KeywordExecutor.groovy:74)
	at com.kms.katalon.core.webui.keyword.WebUiBuiltInKeywords.verifyElementNotPresent(WebUiBuiltInKeywords.groovy:1481)
	at com.kms.katalon.core.webui.keyword.WebUiBuiltInKeywords$verifyElementNotPresent$8.call(Unknown Source)
	at GetBrokSumPriceDaily.run(GetBrokSumPriceDaily:309)
	at com.kms.katalon.core.main.ScriptEngine.run(ScriptEngine.java:194)
	at com.kms.katalon.core.main.ScriptEngine.runScriptAsRawText(ScriptEngine.java:119)
	at com.kms.katalon.core.main.TestCaseExecutor.runScript(TestCaseExecutor.java:445)
	at com.kms.katalon.core.main.TestCaseExecutor.doExecute(TestCaseExecutor.java:436)
	at com.kms.katalon.core.main.TestCaseExecutor.processExecutionPhase(TestCaseExecutor.java:415)
	at com.kms.katalon.core.main.TestCaseExecutor.accessMainPhase(TestCaseExecutor.java:407)
	at com.kms.katalon.core.main.TestCaseExecutor.execute(TestCaseExecutor.java:284)
	at com.kms.katalon.core.common.CommonExecutor.accessTestCaseMainPhase(CommonExecutor.java:65)
	at com.kms.katalon.core.main.TestSuiteExecutor.accessTestSuiteMainPhase(TestSuiteExecutor.java:144)
	at com.kms.katalon.core.main.TestSuiteExecutor.execute(TestSuiteExecutor.java:106)
	at com.kms.katalon.core.main.TestCaseMain.startTestSuite(TestCaseMain.java:185)
	at com.kms.katalon.core.main.TestCaseMain$startTestSuite$0.call(Unknown Source)
	at TempTestSuite1705923140048.run(TempTestSuite1705923140048.groovy:36)
)
[[ATTACHMENT|C:\\Users\\Fadli\\git\\KatalonDailyGetData2\\Reports\\20240122_174123\\TS1\\20240122_183220\\1705923387842.png]]

2024-01-22 18:36:28 - [TEST_STEP][PASSED] - else: null

2024-01-22 18:36:28 - [TEST_STEP][PASSED] - strSeller2 = getText(findTestObject("Stockbit/Bandarmology_Seller2")): Text of object 'Object Repository/Stockbit/Bandarmology_Seller2' is: 'RB'

2024-01-22 18:36:28 - [MESSAGE][PASSED] - Text of object 'Object Repository/Stockbit/Bandarmology_Seller2' is: 'RB'

2024-01-22 18:36:28 - [TEST_STEP][PASSED] - strSellerVol2 = getText(findTestObject("Stockbit/Bandarmology_SellerVol2")): Text of object 'Object Repository/Stockbit/Bandarmology_SellerVol2' is: '1'

2024-01-22 18:36:28 - [MESSAGE][PASSED] - Text of object 'Object Repository/Stockbit/Bandarmology_SellerVol2' is: '1'

2024-01-22 18:36:28 - [TEST_STEP][PASSED] - strSellerAvg2 = getText(findTestObject("Stockbit/Bandarmology_SellerAvg2")): Text of object 'Object Repository/Stockbit/Bandarmology_SellerAvg2' is: '51'

2024-01-22 18:36:28 - [MESSAGE][PASSED] - Text of object 'Object Repository/Stockbit/Bandarmology_SellerAvg2' is: '51'

2024-01-22 18:36:28 - [TEST_STEP][PASSED] - if (strSeller2 != ""): null

2024-01-22 18:36:28 - [TEST_STEP][PASSED] - if (strSellerAvg2.contains(",")): null

2024-01-22 18:36:28 - [TEST_STEP][PASSED] - if (strSellerVol2.contains(" B")): null

2024-01-22 18:36:28 - [TEST_STEP][PASSED] - if (verifyElementNotPresent(findTestObject("Stockbit/Bandarmology_Buyer3"), 1, OPTIONAL)): Web element with id: 'Object Repository/Stockbit/Bandarmology_Buyer3' located by 'By.xpath: //*[contains(@id, 'rc-tabs-')]/div[2]/div/div/div/div/div/div[2]/table/tbody/tr[4]/td[1]/p' is present after '1' second(s) (Root cause: com.kms.katalon.core.exception.StepFailedException: Web element with id: 'Object Repository/Stockbit/Bandarmology_Buyer3' located by 'By.xpath: //*[contains(@id, 'rc-tabs-')]/div[2]/div/div/div/div/div/div[2]/table/tbody/tr[4]/td[1]/p' is present after '1' second(s)
	at com.kms.katalon.core.webui.keyword.internal.WebUIKeywordMain.stepFailed(WebUIKeywordMain.groovy:64)
	at com.kms.katalon.core.webui.keyword.internal.WebUIKeywordMain$stepFailed$0.call(Unknown Source)
	at com.kms.katalon.core.webui.keyword.builtin.VerifyElementNotPresentKeyword$_verifyElementNotPresent_closure1.doCall(VerifyElementNotPresentKeyword.groovy:106)
	at com.kms.katalon.core.webui.keyword.builtin.VerifyElementNotPresentKeyword$_verifyElementNotPresent_closure1.doCall(VerifyElementNotPresentKeyword.groovy)
	at com.kms.katalon.core.webui.keyword.internal.WebUIKeywordMain.runKeyword(WebUIKeywordMain.groovy:20)
	at com.kms.katalon.core.webui.keyword.internal.WebUIKeywordMain$runKeyword.call(Unknown Source)
	at com.kms.katalon.core.webui.keyword.builtin.VerifyElementNotPresentKeyword.verifyElementNotPresent(VerifyElementNotPresentKeyword.groovy:117)
	at com.kms.katalon.core.webui.keyword.builtin.VerifyElementNotPresentKeyword.execute(VerifyElementNotPresentKeyword.groovy:68)
	at com.kms.katalon.core.keyword.internal.KeywordExecutor.executeKeywordForPlatform(KeywordExecutor.groovy:74)
	at com.kms.katalon.core.webui.keyword.WebUiBuiltInKeywords.verifyElementNotPresent(WebUiBuiltInKeywords.groovy:1481)
	at com.kms.katalon.core.webui.keyword.WebUiBuiltInKeywords$verifyElementNotPresent$8.call(Unknown Source)
	at GetBrokSumPriceDaily.run(GetBrokSumPriceDaily:361)
	at com.kms.katalon.core.main.ScriptEngine.run(ScriptEngine.java:194)
	at com.kms.katalon.core.main.ScriptEngine.runScriptAsRawText(ScriptEngine.java:119)
	at com.kms.katalon.core.main.TestCaseExecutor.runScript(TestCaseExecutor.java:445)
	at com.kms.katalon.core.main.TestCaseExecutor.doExecute(TestCaseExecutor.java:436)
	at com.kms.katalon.core.main.TestCaseExecutor.processExecutionPhase(TestCaseExecutor.java:415)
	at com.kms.katalon.core.main.TestCaseExecutor.accessMainPhase(TestCaseExecutor.java:407)
	at com.kms.katalon.core.main.TestCaseExecutor.execute(TestCaseExecutor.java:284)
	at com.kms.katalon.core.common.CommonExecutor.accessTestCaseMainPhase(CommonExecutor.java:65)
	at com.kms.katalon.core.main.TestSuiteExecutor.accessTestSuiteMainPhase(TestSuiteExecutor.java:144)
	at com.kms.katalon.core.main.TestSuiteExecutor.execute(TestSuiteExecutor.java:106)
	at com.kms.katalon.core.main.TestCaseMain.startTestSuite(TestCaseMain.java:185)
	at com.kms.katalon.core.main.TestCaseMain$startTestSuite$0.call(Unknown Source)
	at TempTestSuite1705923140048.run(TempTestSuite1705923140048.groovy:36)
)

2024-01-22 18:36:29 - [MESSAGE][WARNING] - Web element with id: 'Object Repository/Stockbit/Bandarmology_Buyer3' located by 'By.xpath: //*[contains(@id, 'rc-tabs-')]/div[2]/div/div/div/div/div/div[2]/table/tbody/tr[4]/td[1]/p' is present after '1' second(s) (Root cause: com.kms.katalon.core.exception.StepFailedException: Web element with id: 'Object Repository/Stockbit/Bandarmology_Buyer3' located by 'By.xpath: //*[contains(@id, 'rc-tabs-')]/div[2]/div/div/div/div/div/div[2]/table/tbody/tr[4]/td[1]/p' is present after '1' second(s)
	at com.kms.katalon.core.webui.keyword.internal.WebUIKeywordMain.stepFailed(WebUIKeywordMain.groovy:64)
	at com.kms.katalon.core.webui.keyword.internal.WebUIKeywordMain$stepFailed$0.call(Unknown Source)
	at com.kms.katalon.core.webui.keyword.builtin.VerifyElementNotPresentKeyword$_verifyElementNotPresent_closure1.doCall(VerifyElementNotPresentKeyword.groovy:106)
	at com.kms.katalon.core.webui.keyword.builtin.VerifyElementNotPresentKeyword$_verifyElementNotPresent_closure1.doCall(VerifyElementNotPresentKeyword.groovy)
	at com.kms.katalon.core.webui.keyword.internal.WebUIKeywordMain.runKeyword(WebUIKeywordMain.groovy:20)
	at com.kms.katalon.core.webui.keyword.internal.WebUIKeywordMain$runKeyword.call(Unknown Source)
	at com.kms.katalon.core.webui.keyword.builtin.VerifyElementNotPresentKeyword.verifyElementNotPresent(VerifyElementNotPresentKeyword.groovy:117)
	at com.kms.katalon.core.webui.keyword.builtin.VerifyElementNotPresentKeyword.execute(VerifyElementNotPresentKeyword.groovy:68)
	at com.kms.katalon.core.keyword.internal.KeywordExecutor.executeKeywordForPlatform(KeywordExecutor.groovy:74)
	at com.kms.katalon.core.webui.keyword.WebUiBuiltInKeywords.verifyElementNotPresent(WebUiBuiltInKeywords.groovy:1481)
	at com.kms.katalon.core.webui.keyword.WebUiBuiltInKeywords$verifyElementNotPresent$8.call(Unknown Source)
	at GetBrokSumPriceDaily.run(GetBrokSumPriceDaily:361)
	at com.kms.katalon.core.main.ScriptEngine.run(ScriptEngine.java:194)
	at com.kms.katalon.core.main.ScriptEngine.runScriptAsRawText(ScriptEngine.java:119)
	at com.kms.katalon.core.main.TestCaseExecutor.runScript(TestCaseExecutor.java:445)
	at com.kms.katalon.core.main.TestCaseExecutor.doExecute(TestCaseExecutor.java:436)
	at com.kms.katalon.core.main.TestCaseExecutor.processExecutionPhase(TestCaseExecutor.java:415)
	at com.kms.katalon.core.main.TestCaseExecutor.accessMainPhase(TestCaseExecutor.java:407)
	at com.kms.katalon.core.main.TestCaseExecutor.execute(TestCaseExecutor.java:284)
	at com.kms.katalon.core.common.CommonExecutor.accessTestCaseMainPhase(CommonExecutor.java:65)
	at com.kms.katalon.core.main.TestSuiteExecutor.accessTestSuiteMainPhase(TestSuiteExecutor.java:144)
	at com.kms.katalon.core.main.TestSuiteExecutor.execute(TestSuiteExecutor.java:106)
	at com.kms.katalon.core.main.TestCaseMain.startTestSuite(TestCaseMain.java:185)
	at com.kms.katalon.core.main.TestCaseMain$startTestSuite$0.call(Unknown Source)
	at TempTestSuite1705923140048.run(TempTestSuite1705923140048.groovy:36)
)
[[ATTACHMENT|C:\\Users\\Fadli\\git\\KatalonDailyGetData2\\Reports\\20240122_174123\\TS1\\20240122_183220\\1705923389653.png]]

2024-01-22 18:36:29 - [TEST_STEP][PASSED] - else: null

2024-01-22 18:36:29 - [TEST_STEP][PASSED] - strBuyer3 = getText(findTestObject("Stockbit/Bandarmology_Buyer3")): Text of object 'Object Repository/Stockbit/Bandarmology_Buyer3' is: 'AZ'

2024-01-22 18:36:29 - [MESSAGE][PASSED] - Text of object 'Object Repository/Stockbit/Bandarmology_Buyer3' is: 'AZ'

2024-01-22 18:36:29 - [TEST_STEP][PASSED] - strBuyerVol3 = getText(findTestObject("Stockbit/Bandarmology_BuyerVol3")): Text of object 'Object Repository/Stockbit/Bandarmology_BuyerVol3' is: '8'

2024-01-22 18:36:30 - [MESSAGE][PASSED] - Text of object 'Object Repository/Stockbit/Bandarmology_BuyerVol3' is: '8'

2024-01-22 18:36:30 - [TEST_STEP][PASSED] - strBuyerAvg3 = getText(findTestObject("Stockbit/Bandarmology_BuyerAvg3")): Text of object 'Object Repository/Stockbit/Bandarmology_BuyerAvg3' is: '50'

2024-01-22 18:36:30 - [MESSAGE][PASSED] - Text of object 'Object Repository/Stockbit/Bandarmology_BuyerAvg3' is: '50'

2024-01-22 18:36:30 - [TEST_STEP][PASSED] - if (strBuyer3 != ""): null

2024-01-22 18:36:30 - [TEST_STEP][PASSED] - if (strBuyerAvg3.contains(",")): null

2024-01-22 18:36:30 - [TEST_STEP][PASSED] - if (strBuyerVol3.contains(" B")): null

2024-01-22 18:36:30 - [TEST_STEP][PASSED] - if (verifyElementNotPresent(findTestObject("Stockbit/Bandarmology_Seller3"), 1, OPTIONAL)): Web element with id: 'Object Repository/Stockbit/Bandarmology_Seller3' located by 'By.xpath: //*[contains(@id, 'rc-tabs-')]/div[2]/div/div/div/div/div/div[2]/table/tbody/tr[4]/td[5]/p' is present after '1' second(s) (Root cause: com.kms.katalon.core.exception.StepFailedException: Web element with id: 'Object Repository/Stockbit/Bandarmology_Seller3' located by 'By.xpath: //*[contains(@id, 'rc-tabs-')]/div[2]/div/div/div/div/div/div[2]/table/tbody/tr[4]/td[5]/p' is present after '1' second(s)
	at com.kms.katalon.core.webui.keyword.internal.WebUIKeywordMain.stepFailed(WebUIKeywordMain.groovy:64)
	at com.kms.katalon.core.webui.keyword.internal.WebUIKeywordMain$stepFailed$0.call(Unknown Source)
	at com.kms.katalon.core.webui.keyword.builtin.VerifyElementNotPresentKeyword$_verifyElementNotPresent_closure1.doCall(VerifyElementNotPresentKeyword.groovy:106)
	at com.kms.katalon.core.webui.keyword.builtin.VerifyElementNotPresentKeyword$_verifyElementNotPresent_closure1.doCall(VerifyElementNotPresentKeyword.groovy)
	at com.kms.katalon.core.webui.keyword.internal.WebUIKeywordMain.runKeyword(WebUIKeywordMain.groovy:20)
	at com.kms.katalon.core.webui.keyword.internal.WebUIKeywordMain$runKeyword.call(Unknown Source)
	at com.kms.katalon.core.webui.keyword.builtin.VerifyElementNotPresentKeyword.verifyElementNotPresent(VerifyElementNotPresentKeyword.groovy:117)
	at com.kms.katalon.core.webui.keyword.builtin.VerifyElementNotPresentKeyword.execute(VerifyElementNotPresentKeyword.groovy:68)
	at com.kms.katalon.core.keyword.internal.KeywordExecutor.executeKeywordForPlatform(KeywordExecutor.groovy:74)
	at com.kms.katalon.core.webui.keyword.WebUiBuiltInKeywords.verifyElementNotPresent(WebUiBuiltInKeywords.groovy:1481)
	at com.kms.katalon.core.webui.keyword.WebUiBuiltInKeywords$verifyElementNotPresent$8.call(Unknown Source)
	at GetBrokSumPriceDaily.run(GetBrokSumPriceDaily:414)
	at com.kms.katalon.core.main.ScriptEngine.run(ScriptEngine.java:194)
	at com.kms.katalon.core.main.ScriptEngine.runScriptAsRawText(ScriptEngine.java:119)
	at com.kms.katalon.core.main.TestCaseExecutor.runScript(TestCaseExecutor.java:445)
	at com.kms.katalon.core.main.TestCaseExecutor.doExecute(TestCaseExecutor.java:436)
	at com.kms.katalon.core.main.TestCaseExecutor.processExecutionPhase(TestCaseExecutor.java:415)
	at com.kms.katalon.core.main.TestCaseExecutor.accessMainPhase(TestCaseExecutor.java:407)
	at com.kms.katalon.core.main.TestCaseExecutor.execute(TestCaseExecutor.java:284)
	at com.kms.katalon.core.common.CommonExecutor.accessTestCaseMainPhase(CommonExecutor.java:65)
	at com.kms.katalon.core.main.TestSuiteExecutor.accessTestSuiteMainPhase(TestSuiteExecutor.java:144)
	at com.kms.katalon.core.main.TestSuiteExecutor.execute(TestSuiteExecutor.java:106)
	at com.kms.katalon.core.main.TestCaseMain.startTestSuite(TestCaseMain.java:185)
	at com.kms.katalon.core.main.TestCaseMain$startTestSuite$0.call(Unknown Source)
	at TempTestSuite1705923140048.run(TempTestSuite1705923140048.groovy:36)
)

2024-01-22 18:36:31 - [MESSAGE][WARNING] - Web element with id: 'Object Repository/Stockbit/Bandarmology_Seller3' located by 'By.xpath: //*[contains(@id, 'rc-tabs-')]/div[2]/div/div/div/div/div/div[2]/table/tbody/tr[4]/td[5]/p' is present after '1' second(s) (Root cause: com.kms.katalon.core.exception.StepFailedException: Web element with id: 'Object Repository/Stockbit/Bandarmology_Seller3' located by 'By.xpath: //*[contains(@id, 'rc-tabs-')]/div[2]/div/div/div/div/div/div[2]/table/tbody/tr[4]/td[5]/p' is present after '1' second(s)
	at com.kms.katalon.core.webui.keyword.internal.WebUIKeywordMain.stepFailed(WebUIKeywordMain.groovy:64)
	at com.kms.katalon.core.webui.keyword.internal.WebUIKeywordMain$stepFailed$0.call(Unknown Source)
	at com.kms.katalon.core.webui.keyword.builtin.VerifyElementNotPresentKeyword$_verifyElementNotPresent_closure1.doCall(VerifyElementNotPresentKeyword.groovy:106)
	at com.kms.katalon.core.webui.keyword.builtin.VerifyElementNotPresentKeyword$_verifyElementNotPresent_closure1.doCall(VerifyElementNotPresentKeyword.groovy)
	at com.kms.katalon.core.webui.keyword.internal.WebUIKeywordMain.runKeyword(WebUIKeywordMain.groovy:20)
	at com.kms.katalon.core.webui.keyword.internal.WebUIKeywordMain$runKeyword.call(Unknown Source)
	at com.kms.katalon.core.webui.keyword.builtin.VerifyElementNotPresentKeyword.verifyElementNotPresent(VerifyElementNotPresentKeyword.groovy:117)
	at com.kms.katalon.core.webui.keyword.builtin.VerifyElementNotPresentKeyword.execute(VerifyElementNotPresentKeyword.groovy:68)
	at com.kms.katalon.core.keyword.internal.KeywordExecutor.executeKeywordForPlatform(KeywordExecutor.groovy:74)
	at com.kms.katalon.core.webui.keyword.WebUiBuiltInKeywords.verifyElementNotPresent(WebUiBuiltInKeywords.groovy:1481)
	at com.kms.katalon.core.webui.keyword.WebUiBuiltInKeywords$verifyElementNotPresent$8.call(Unknown Source)
	at GetBrokSumPriceDaily.run(GetBrokSumPriceDaily:414)
	at com.kms.katalon.core.main.ScriptEngine.run(ScriptEngine.java:194)
	at com.kms.katalon.core.main.ScriptEngine.runScriptAsRawText(ScriptEngine.java:119)
	at com.kms.katalon.core.main.TestCaseExecutor.runScript(TestCaseExecutor.java:445)
	at com.kms.katalon.core.main.TestCaseExecutor.doExecute(TestCaseExecutor.java:436)
	at com.kms.katalon.core.main.TestCaseExecutor.processExecutionPhase(TestCaseExecutor.java:415)
	at com.kms.katalon.core.main.TestCaseExecutor.accessMainPhase(TestCaseExecutor.java:407)
	at com.kms.katalon.core.main.TestCaseExecutor.execute(TestCaseExecutor.java:284)
	at com.kms.katalon.core.common.CommonExecutor.accessTestCaseMainPhase(CommonExecutor.java:65)
	at com.kms.katalon.core.main.TestSuiteExecutor.accessTestSuiteMainPhase(TestSuiteExecutor.java:144)
	at com.kms.katalon.core.main.TestSuiteExecutor.execute(TestSuiteExecutor.java:106)
	at com.kms.katalon.core.main.TestCaseMain.startTestSuite(TestCaseMain.java:185)
	at com.kms.katalon.core.main.TestCaseMain$startTestSuite$0.call(Unknown Source)
	at TempTestSuite1705923140048.run(TempTestSuite1705923140048.groovy:36)
)
[[ATTACHMENT|C:\\Users\\Fadli\\git\\KatalonDailyGetData2\\Reports\\20240122_174123\\TS1\\20240122_183220\\1705923391333.png]]

2024-01-22 18:36:31 - [TEST_STEP][PASSED] - else: null

2024-01-22 18:36:31 - [TEST_STEP][PASSED] - strSeller3 = getText(findTestObject("Stockbit/Bandarmology_Seller3")): Text of object 'Object Repository/Stockbit/Bandarmology_Seller3' is: ''

2024-01-22 18:36:31 - [MESSAGE][PASSED] - Text of object 'Object Repository/Stockbit/Bandarmology_Seller3' is: ''

2024-01-22 18:36:31 - [TEST_STEP][PASSED] - strSellerVol3 = getText(findTestObject("Stockbit/Bandarmology_SellerVol3")): Text of object 'Object Repository/Stockbit/Bandarmology_SellerVol3' is: ''

2024-01-22 18:36:31 - [MESSAGE][PASSED] - Text of object 'Object Repository/Stockbit/Bandarmology_SellerVol3' is: ''

2024-01-22 18:36:31 - [TEST_STEP][PASSED] - strSellerAvg3 = getText(findTestObject("Stockbit/Bandarmology_SellerAvg3")): Text of object 'Object Repository/Stockbit/Bandarmology_SellerAvg3' is: ''

2024-01-22 18:36:31 - [MESSAGE][PASSED] - Text of object 'Object Repository/Stockbit/Bandarmology_SellerAvg3' is: ''

2024-01-22 18:36:31 - [TEST_STEP][PASSED] - if (strSeller3 != ""): null

2024-01-22 18:36:31 - [TEST_STEP][PASSED] - else: null

2024-01-22 18:36:31 - [TEST_STEP][PASSED] - strSeller3 = "-": null

2024-01-22 18:36:31 - [TEST_STEP][PASSED] - strSellerVol3 = "0": null

2024-01-22 18:36:31 - [TEST_STEP][PASSED] - strSellerAvg3 = "0": null

2024-01-22 18:36:31 - [TEST_STEP][PASSED] - strAccDist = getText(findTestObject("Stockbit/Bandarmology_AccDist")): Text of object 'Object Repository/Stockbit/Bandarmology_AccDist' is: 'Dist'

2024-01-22 18:36:31 - [MESSAGE][PASSED] - Text of object 'Object Repository/Stockbit/Bandarmology_AccDist' is: 'Dist'

2024-01-22 18:36:31 - [TEST_STEP][PASSED] - strNetVol = getText(findTestObject("Stockbit/Bandarmology_NetVol")): Text of object 'Object Repository/Stockbit/Bandarmology_NetVol' is: '222'

2024-01-22 18:36:32 - [MESSAGE][PASSED] - Text of object 'Object Repository/Stockbit/Bandarmology_NetVol' is: '222'

2024-01-22 18:36:32 - [TEST_STEP][PASSED] - strNetVol = strNetVol.replace(",", ""): null

2024-01-22 18:36:32 - [TEST_STEP][PASSED] - strNetVal = getText(findTestObject("Stockbit/Bandarmology_NetVal")): Text of object 'Object Repository/Stockbit/Bandarmology_NetVal' is: '0 B'

2024-01-22 18:36:32 - [MESSAGE][PASSED] - Text of object 'Object Repository/Stockbit/Bandarmology_NetVal' is: '0 B'

2024-01-22 18:36:32 - [TEST_STEP][PASSED] - delay(3): Delayed 3 second(s)

2024-01-22 18:36:35 - [MESSAGE][PASSED] - Delayed 3 second(s)

2024-01-22 18:36:35 - [TEST_STEP][PASSED] - strOpenPrice = getText(findTestObject("Stockbit/Home_OpenPrice")): Text of object 'Object Repository/Stockbit/Home_OpenPrice' is: '51'

2024-01-22 18:36:35 - [MESSAGE][PASSED] - Text of object 'Object Repository/Stockbit/Home_OpenPrice' is: '51'

2024-01-22 18:36:35 - [TEST_STEP][PASSED] - strOpenPrice = strOpenPrice.replace(",", ""): null

2024-01-22 18:36:35 - [TEST_STEP][PASSED] - strLowPrice = getText(findTestObject("Stockbit/Home_LowPrice")): Text of object 'Object Repository/Stockbit/Home_LowPrice' is: '50'

2024-01-22 18:36:35 - [MESSAGE][PASSED] - Text of object 'Object Repository/Stockbit/Home_LowPrice' is: '50'

2024-01-22 18:36:35 - [TEST_STEP][PASSED] - strLowPrice = strLowPrice.replace(",", ""): null

2024-01-22 18:36:35 - [TEST_STEP][PASSED] - strHighPrice = getText(findTestObject("Stockbit/Home_HighPrice")): Text of object 'Object Repository/Stockbit/Home_HighPrice' is: '51'

2024-01-22 18:36:35 - [MESSAGE][PASSED] - Text of object 'Object Repository/Stockbit/Home_HighPrice' is: '51'

2024-01-22 18:36:35 - [TEST_STEP][PASSED] - strHighPrice = strHighPrice.replace(",", ""): null

2024-01-22 18:36:35 - [TEST_STEP][PASSED] - strClosePrice = getText(findTestObject("Stockbit/Home_ClosePrice")): Text of object 'Object Repository/Stockbit/Home_ClosePrice' is: '50'

2024-01-22 18:36:35 - [MESSAGE][PASSED] - Text of object 'Object Repository/Stockbit/Home_ClosePrice' is: '50'

2024-01-22 18:36:35 - [TEST_STEP][PASSED] - strClosePrice = strClosePrice.replace(",", ""): null

2024-01-22 18:36:35 - [TEST_STEP][PASSED] - strVol = getText(findTestObject("Stockbit/Home_Volume")): Text of object 'Object Repository/Stockbit/Home_Volume' is: '275'

2024-01-22 18:36:35 - [MESSAGE][PASSED] - Text of object 'Object Repository/Stockbit/Home_Volume' is: '275'

2024-01-22 18:36:35 - [TEST_STEP][PASSED] - if (strVol.contains(" K")): null

2024-01-22 18:36:35 - [TEST_STEP][PASSED] - if (strVol.contains(",")): null

2024-01-22 18:36:35 - [TEST_STEP][PASSED] - strChange = getText(findTestObject("Stockbit/Home_Change")): Text of object 'Object Repository/Stockbit/Home_Change' is: '0.00%'

2024-01-22 18:36:35 - [MESSAGE][PASSED] - Text of object 'Object Repository/Stockbit/Home_Change' is: '0.00%'

2024-01-22 18:36:35 - [TEST_STEP][PASSED] - strChange = strChange.replace("%", ""): null

2024-01-22 18:36:35 - [TEST_STEP][PASSED] - strFreq = getText(findTestObject("Stockbit/Home_Freq")): Text of object 'Object Repository/Stockbit/Home_Freq' is: '15'

2024-01-22 18:36:36 - [MESSAGE][PASSED] - Text of object 'Object Repository/Stockbit/Home_Freq' is: '15'

2024-01-22 18:36:36 - [TEST_STEP][PASSED] - if (strFreq.contains(",")): null

2024-01-22 18:36:36 - [TEST_STEP][PASSED] - if (strFreq == "NA" || strFreq == ""): null

2024-01-22 18:36:36 - [TEST_STEP][PASSED] - else: null

2024-01-22 18:36:36 - [TEST_STEP][PASSED] - dblFreqAnal = strVol.toDouble() / strFreq.toDouble() * strFreq.toDouble() * strFreq.toDouble() * 100000000: null

2024-01-22 18:36:36 - [TEST_STEP][PASSED] - strFreqAnal = String.format("%.4f", dblFreqAnal): null

2024-01-22 18:36:36 - [TEST_STEP][PASSED] - out.println("Double strFreqAnal: " + strFreqAnal): null

2024-01-22 18:36:36 - [TEST_STEP][PASSED] - strTanggal = d.format(DateTimeFormatter.ofPattern("yyyy-MM-dd")): null

2024-01-22 18:36:36 - [TEST_STEP][PASSED] - strTanggal = "#" + strTanggal + "#": null

2024-01-22 18:36:36 - [TEST_STEP][PASSED] - strSQL = "select count(*) as JumBaris from TblBrokSum where Nama = '" + strNama + "' and Tanggal = " + strTanggal + "": null

2024-01-22 18:36:36 - [TEST_STEP][PASSED] - resultSet = statement.executeQuery(strSQL): null

2024-01-22 18:36:36 - [TEST_STEP][PASSED] - resultSet.next(): null

2024-01-22 18:36:36 - [TEST_STEP][PASSED] - intJumBaris = resultSet.getInt("JumBaris"): null

2024-01-22 18:36:36 - [TEST_STEP][PASSED] - if (intJumBaris > 0): null

2024-01-22 18:36:36 - [TEST_STEP][PASSED] - else: null

2024-01-22 18:36:36 - [TEST_STEP][PASSED] - try: null

2024-01-22 18:36:36 - [TEST_STEP][PASSED] - out.println("Insert data"): null

2024-01-22 18:36:36 - [TEST_STEP][PASSED] - strSQL = "insert into TblBrokSum (nama, tanggal, top1, top2, top3, AllBrokAvg, AccDist, AvgRP, " + "Buyer1, BuyerVal1, BuyerAvg1, Seller1, SellerVal1, SellerAvg1, Buyer2, BuyerVal2, BuyerAvg2, " + "Seller2, SellerVal2, SellerAvg2, Buyer3, BuyerVal3, BuyerAvg3, Seller3, SellerVal3, SellerAvg3, NetVol, NetVal, " + "OpenPrice, LowPrice, HighPrice, ClosePrice, Volume, Change, Frekuensi, FrekAnal) " + "values ('" + strNama + "', " + strTanggal + ", '" + strTop1 + "', '" + strTop3 + "', '" + strTop5 + "', " + "'" + strAllBrokAvg + "', '" + strAccDist + "', " + intAvgRP + ", '" + strBuyer1 + "', '" + strBuyerVol1 + "', " + strBuyerAvg1 + ", " + "'" + strSeller1 + "', '" + strSellerVol1 + "', " + strSellerAvg1 + ", '" + strBuyer2 + "', '" + strBuyerVol2 + "', " + strBuyerAvg2 + ", " + "'" + strSeller2 + "', '" + strSellerVol2 + "', " + strSellerAvg2 + ", '" + strBuyer3 + "', '" + strBuyerVol3 + "', " + strBuyerAvg3 + ", " + "'" + strSeller3 + "', '" + strSellerVol3 + "', " + strSellerAvg3 + ", " + strNetVol + ", '" + strNetVal + "', " + "" + strOpenPrice + ", " + strLowPrice + ", " + strHighPrice + ", " + strClosePrice + ", '" + strVol + "', " + strChange + ", " + strFreq + ", " + strFreqAnal + ");": null

2024-01-22 18:36:36 - [TEST_STEP][PASSED] - out.println("strSQL = " + strSQL): null

2024-01-22 18:36:36 - [TEST_STEP][PASSED] - statement.executeUpdate(strSQL): null

2024-01-22 18:36:36 - [TEST_STEP][PASSED] - setValueToCellByIndex(sheet01, rowIndex, 4, "DONE"): null

2024-01-22 18:36:36 - [TEST_STEP][PASSED] - saveWorkbook(excelFilePath, workbook01): null

2024-01-22 18:36:36 - [TEST_STEP][PASSED] - waitForElementClickable(findTestObject("Stockbit/menu_Bandarmology"), 10): Object 'Object Repository/Stockbit/menu_Bandarmology' is clickable

2024-01-22 18:36:36 - [MESSAGE][PASSED] - Object 'Object Repository/Stockbit/menu_Bandarmology' is clickable

2024-01-22 18:36:36 - [TEST_STEP][PASSED] - click(findTestObject("Stockbit/menu_Bandarmology")): Object: 'Object Repository/Stockbit/menu_Bandarmology' is clicked on

2024-01-22 18:36:36 - [MESSAGE][PASSED] - Object: 'Object Repository/Stockbit/menu_Bandarmology' is clicked on

2024-01-22 18:36:36 - [TEST_STEP][PASSED] - strTemp = "NA": null

2024-01-22 18:36:36 - [TEST_STEP][PASSED] - if (getCellValueByIndex(sheet01, rowIndex, 4) != "DONE"): Object: 'Object Repository/Stockbit/menu_Bandarmology' is clicked on

2024-01-22 18:36:36 - [TEST_STEP][PASSED] - strNama = getCellValueByIndex(sheet01, rowIndex, 0): null

2024-01-22 18:36:36 - [TEST_STEP][PASSED] - navigateToUrl("https://stockbit.com/#/symbol/" + strNama): Navigate to 'https://stockbit.com/#/symbol/PEVE' successfully

2024-01-22 18:36:38 - [MESSAGE][PASSED] - Navigate to 'https://stockbit.com/#/symbol/PEVE' successfully

2024-01-22 18:36:38 - [TEST_STEP][PASSED] - waitForElementClickable(findTestObject("Stockbit/menu_Bandarmology"), 10): Object 'Object Repository/Stockbit/menu_Bandarmology' is clickable

2024-01-22 18:36:38 - [MESSAGE][PASSED] - Object 'Object Repository/Stockbit/menu_Bandarmology' is clickable

2024-01-22 18:36:38 - [TEST_STEP][PASSED] - click(findTestObject("Stockbit/menu_Bandarmology")): Object: 'Object Repository/Stockbit/menu_Bandarmology' is clicked on

2024-01-22 18:36:38 - [MESSAGE][PASSED] - Object: 'Object Repository/Stockbit/menu_Bandarmology' is clicked on

2024-01-22 18:36:38 - [TEST_STEP][PASSED] - strTanggal = d.format(DateTimeFormatter.ofPattern("MMM dd, yyyy")): null

2024-01-22 18:36:38 - [TEST_STEP][PASSED] - strTanggal = d.format(ISO_DATE): null

2024-01-22 18:36:38 - [TEST_STEP][PASSED] - out.println("strTanggal = " + strTanggal): null

2024-01-22 18:36:38 - [TEST_STEP][PASSED] - out.println("strNama = " + strNama): null

2024-01-22 18:36:38 - [TEST_STEP][PASSED] - out.println("Baris ke = " + rowIndex): null

2024-01-22 18:36:38 - [TEST_STEP][PASSED] - click(findTestObject("Stockbit/input__BandarmologyOpenStartDate")): Object: 'Object Repository/Stockbit/input__BandarmologyOpenStartDate' is clicked on

2024-01-22 18:36:39 - [MESSAGE][PASSED] - Object: 'Object Repository/Stockbit/input__BandarmologyOpenStartDate' is clicked on

2024-01-22 18:36:39 - [TEST_STEP][PASSED] - sendKeys(findTestObject("Stockbit/input__BandarmologyOpenStartDate"), Keys.chord(CONTROL, "a")): Keys 'CONTROL + a' sent to object: 'Object Repository/Stockbit/input__BandarmologyOpenStartDate'

2024-01-22 18:36:40 - [MESSAGE][PASSED] - Keys 'CONTROL + a' sent to object: 'Object Repository/Stockbit/input__BandarmologyOpenStartDate'

2024-01-22 18:36:40 - [TEST_STEP][PASSED] - sendKeys(findTestObject("Stockbit/input__BandarmologyOpenStartDate"), Keys.chord(BACK_SPACE)): Keys 'BACK_SPACE + ' sent to object: 'Object Repository/Stockbit/input__BandarmologyOpenStartDate'

2024-01-22 18:36:41 - [MESSAGE][PASSED] - Keys 'BACK_SPACE + ' sent to object: 'Object Repository/Stockbit/input__BandarmologyOpenStartDate'

2024-01-22 18:36:41 - [TEST_STEP][PASSED] - setText(findTestObject("Stockbit/input__BandarmologyOpenStartDate"), strTanggal): Text '2024-01-22' is set on object 'Object Repository/Stockbit/input__BandarmologyOpenStartDate'

2024-01-22 18:36:42 - [MESSAGE][PASSED] - Text '2024-01-22' is set on object 'Object Repository/Stockbit/input__BandarmologyOpenStartDate'

2024-01-22 18:36:42 - [TEST_STEP][PASSED] - sendKeys(findTestObject("Stockbit/input__BandarmologyOpenStartDate"), Keys.chord(ENTER)): Keys 'ENTER + ' sent to object: 'Object Repository/Stockbit/input__BandarmologyOpenStartDate'

2024-01-22 18:36:42 - [MESSAGE][PASSED] - Keys 'ENTER + ' sent to object: 'Object Repository/Stockbit/input__BandarmologyOpenStartDate'

2024-01-22 18:36:42 - [TEST_STEP][PASSED] - click(findTestObject("Stockbit/input__BandarmologyOpenEndDate")): Object: 'Object Repository/Stockbit/input__BandarmologyOpenEndDate' is clicked on

2024-01-22 18:36:43 - [MESSAGE][PASSED] - Object: 'Object Repository/Stockbit/input__BandarmologyOpenEndDate' is clicked on

2024-01-22 18:36:43 - [TEST_STEP][PASSED] - sendKeys(findTestObject("Stockbit/input__BandarmologyOpenEndDate"), Keys.chord(CONTROL, "a")): Keys 'CONTROL + a' sent to object: 'Object Repository/Stockbit/input__BandarmologyOpenEndDate'

2024-01-22 18:36:43 - [MESSAGE][PASSED] - Keys 'CONTROL + a' sent to object: 'Object Repository/Stockbit/input__BandarmologyOpenEndDate'

2024-01-22 18:36:43 - [TEST_STEP][PASSED] - sendKeys(findTestObject("Stockbit/input__BandarmologyOpenEndDate"), Keys.chord(BACK_SPACE)): Keys 'BACK_SPACE + ' sent to object: 'Object Repository/Stockbit/input__BandarmologyOpenEndDate'

2024-01-22 18:36:44 - [MESSAGE][PASSED] - Keys 'BACK_SPACE + ' sent to object: 'Object Repository/Stockbit/input__BandarmologyOpenEndDate'

2024-01-22 18:36:44 - [TEST_STEP][PASSED] - setText(findTestObject("Stockbit/input__BandarmologyOpenEndDate"), strTanggal): Text '2024-01-22' is set on object 'Object Repository/Stockbit/input__BandarmologyOpenEndDate'

2024-01-22 18:36:45 - [MESSAGE][PASSED] - Text '2024-01-22' is set on object 'Object Repository/Stockbit/input__BandarmologyOpenEndDate'

2024-01-22 18:36:45 - [TEST_STEP][PASSED] - sendKeys(findTestObject("Stockbit/input__BandarmologyOpenEndDate"), Keys.chord(ENTER)): Keys 'ENTER + ' sent to object: 'Object Repository/Stockbit/input__BandarmologyOpenEndDate'

2024-01-22 18:36:45 - [MESSAGE][PASSED] - Keys 'ENTER + ' sent to object: 'Object Repository/Stockbit/input__BandarmologyOpenEndDate'

2024-01-22 18:36:45 - [TEST_STEP][PASSED] - delay(2): Delayed 2 second(s)

2024-01-22 18:36:47 - [MESSAGE][PASSED] - Delayed 2 second(s)

2024-01-22 18:36:47 - [TEST_STEP][PASSED] - strTemp = getText(findTestObject("Stockbit/Bandarmology_AvgRP")): Text of object 'Object Repository/Stockbit/Bandarmology_AvgRP' is: '171'

2024-01-22 18:36:47 - [MESSAGE][PASSED] - Text of object 'Object Repository/Stockbit/Bandarmology_AvgRP' is: '171'

2024-01-22 18:36:47 - [TEST_STEP][PASSED] - out.println("Bandarmology_AvgRP = " + strTemp): null

2024-01-22 18:36:47 - [TEST_STEP][PASSED] - if (strTemp != "0"): null

2024-01-22 18:36:47 - [TEST_STEP][PASSED] - strTop1 = getText(findTestObject("Stockbit/Bandarmology_Top1")): Text of object 'Object Repository/Stockbit/Bandarmology_Top1' is: 'Small Dist'

2024-01-22 18:36:48 - [MESSAGE][PASSED] - Text of object 'Object Repository/Stockbit/Bandarmology_Top1' is: 'Small Dist'

2024-01-22 18:36:48 - [TEST_STEP][PASSED] - strTop3 = getText(findTestObject("Stockbit/Bandarmology_Top3")): Text of object 'Object Repository/Stockbit/Bandarmology_Top3' is: 'Neutral'

2024-01-22 18:36:48 - [MESSAGE][PASSED] - Text of object 'Object Repository/Stockbit/Bandarmology_Top3' is: 'Neutral'

2024-01-22 18:36:48 - [TEST_STEP][PASSED] - strTop5 = getText(findTestObject("Stockbit/Bandarmology_Top5")): Text of object 'Object Repository/Stockbit/Bandarmology_Top5' is: 'Neutral'

2024-01-22 18:36:48 - [MESSAGE][PASSED] - Text of object 'Object Repository/Stockbit/Bandarmology_Top5' is: 'Neutral'

2024-01-22 18:36:48 - [TEST_STEP][PASSED] - strAllBrokAvg = getText(findTestObject("Stockbit/Bandarmology_TopAVG")): Text of object 'Object Repository/Stockbit/Bandarmology_TopAVG' is: 'Neutral'

2024-01-22 18:36:48 - [MESSAGE][PASSED] - Text of object 'Object Repository/Stockbit/Bandarmology_TopAVG' is: 'Neutral'

2024-01-22 18:36:48 - [TEST_STEP][PASSED] - strTemp = getText(findTestObject("Stockbit/Bandarmology_AvgRP")): Text of object 'Object Repository/Stockbit/Bandarmology_AvgRP' is: '171'

2024-01-22 18:36:48 - [MESSAGE][PASSED] - Text of object 'Object Repository/Stockbit/Bandarmology_AvgRP' is: '171'

2024-01-22 18:36:48 - [TEST_STEP][PASSED] - if (strTemp.contains(",")): null

2024-01-22 18:36:48 - [TEST_STEP][PASSED] - intAvgRP = strTemp.toInteger(): null

2024-01-22 18:36:48 - [TEST_STEP][PASSED] - strBuyer1 = getText(findTestObject("Stockbit/Bandarmology_Buyer1")): Text of object 'Object Repository/Stockbit/Bandarmology_Buyer1' is: 'EP'

2024-01-22 18:36:48 - [MESSAGE][PASSED] - Text of object 'Object Repository/Stockbit/Bandarmology_Buyer1' is: 'EP'

2024-01-22 18:36:48 - [TEST_STEP][PASSED] - strBuyerVol1 = getText(findTestObject("Stockbit/Bandarmology_BuyerVol1")): Text of object 'Object Repository/Stockbit/Bandarmology_BuyerVol1' is: '294'

2024-01-22 18:36:48 - [MESSAGE][PASSED] - Text of object 'Object Repository/Stockbit/Bandarmology_BuyerVol1' is: '294'

2024-01-22 18:36:48 - [TEST_STEP][PASSED] - strBuyerAvg1 = getText(findTestObject("Stockbit/Bandarmology_BuyerAvg1")): Text of object 'Object Repository/Stockbit/Bandarmology_BuyerAvg1' is: '171'

2024-01-22 18:36:49 - [MESSAGE][PASSED] - Text of object 'Object Repository/Stockbit/Bandarmology_BuyerAvg1' is: '171'

2024-01-22 18:36:49 - [TEST_STEP][PASSED] - if (strBuyerAvg1.contains(",")): null

2024-01-22 18:36:49 - [TEST_STEP][PASSED] - if (strBuyerVol1.contains(" B")): null

2024-01-22 18:36:49 - [TEST_STEP][PASSED] - strSeller1 = getText(findTestObject("Stockbit/Bandarmology_Seller1")): Text of object 'Object Repository/Stockbit/Bandarmology_Seller1' is: 'YP'

2024-01-22 18:36:49 - [MESSAGE][PASSED] - Text of object 'Object Repository/Stockbit/Bandarmology_Seller1' is: 'YP'

2024-01-22 18:36:49 - [TEST_STEP][PASSED] - strSellerVol1 = getText(findTestObject("Stockbit/Bandarmology_SellerVol1")): Text of object 'Object Repository/Stockbit/Bandarmology_SellerVol1' is: '346'

2024-01-22 18:36:49 - [MESSAGE][PASSED] - Text of object 'Object Repository/Stockbit/Bandarmology_SellerVol1' is: '346'

2024-01-22 18:36:49 - [TEST_STEP][PASSED] - strSellerAvg1 = getText(findTestObject("Stockbit/Bandarmology_SellerAvg1")): Text of object 'Object Repository/Stockbit/Bandarmology_SellerAvg1' is: '171'

2024-01-22 18:36:49 - [MESSAGE][PASSED] - Text of object 'Object Repository/Stockbit/Bandarmology_SellerAvg1' is: '171'

2024-01-22 18:36:49 - [TEST_STEP][PASSED] - if (strSellerAvg1.contains(",")): null

2024-01-22 18:36:49 - [TEST_STEP][PASSED] - if (strSellerVol1.contains(" B")): null

2024-01-22 18:36:49 - [TEST_STEP][PASSED] - if (verifyElementNotPresent(findTestObject("Stockbit/Bandarmology_Buyer2"), 1, OPTIONAL)): Web element with id: 'Object Repository/Stockbit/Bandarmology_Buyer2' located by 'By.xpath: //*[contains(@id, 'rc-tabs-')]/div[2]/div/div/div/div/div/div[2]/table/tbody/tr[3]/td[1]/p' is present after '1' second(s) (Root cause: com.kms.katalon.core.exception.StepFailedException: Web element with id: 'Object Repository/Stockbit/Bandarmology_Buyer2' located by 'By.xpath: //*[contains(@id, 'rc-tabs-')]/div[2]/div/div/div/div/div/div[2]/table/tbody/tr[3]/td[1]/p' is present after '1' second(s)
	at com.kms.katalon.core.webui.keyword.internal.WebUIKeywordMain.stepFailed(WebUIKeywordMain.groovy:64)
	at com.kms.katalon.core.webui.keyword.internal.WebUIKeywordMain$stepFailed$0.call(Unknown Source)
	at com.kms.katalon.core.webui.keyword.builtin.VerifyElementNotPresentKeyword$_verifyElementNotPresent_closure1.doCall(VerifyElementNotPresentKeyword.groovy:106)
	at com.kms.katalon.core.webui.keyword.builtin.VerifyElementNotPresentKeyword$_verifyElementNotPresent_closure1.doCall(VerifyElementNotPresentKeyword.groovy)
	at com.kms.katalon.core.webui.keyword.internal.WebUIKeywordMain.runKeyword(WebUIKeywordMain.groovy:20)
	at com.kms.katalon.core.webui.keyword.internal.WebUIKeywordMain$runKeyword.call(Unknown Source)
	at com.kms.katalon.core.webui.keyword.builtin.VerifyElementNotPresentKeyword.verifyElementNotPresent(VerifyElementNotPresentKeyword.groovy:117)
	at com.kms.katalon.core.webui.keyword.builtin.VerifyElementNotPresentKeyword.execute(VerifyElementNotPresentKeyword.groovy:68)
	at com.kms.katalon.core.keyword.internal.KeywordExecutor.executeKeywordForPlatform(KeywordExecutor.groovy:74)
	at com.kms.katalon.core.webui.keyword.WebUiBuiltInKeywords.verifyElementNotPresent(WebUiBuiltInKeywords.groovy:1481)
	at com.kms.katalon.core.webui.keyword.WebUiBuiltInKeywords$verifyElementNotPresent$8.call(Unknown Source)
	at GetBrokSumPriceDaily.run(GetBrokSumPriceDaily:258)
	at com.kms.katalon.core.main.ScriptEngine.run(ScriptEngine.java:194)
	at com.kms.katalon.core.main.ScriptEngine.runScriptAsRawText(ScriptEngine.java:119)
	at com.kms.katalon.core.main.TestCaseExecutor.runScript(TestCaseExecutor.java:445)
	at com.kms.katalon.core.main.TestCaseExecutor.doExecute(TestCaseExecutor.java:436)
	at com.kms.katalon.core.main.TestCaseExecutor.processExecutionPhase(TestCaseExecutor.java:415)
	at com.kms.katalon.core.main.TestCaseExecutor.accessMainPhase(TestCaseExecutor.java:407)
	at com.kms.katalon.core.main.TestCaseExecutor.execute(TestCaseExecutor.java:284)
	at com.kms.katalon.core.common.CommonExecutor.accessTestCaseMainPhase(CommonExecutor.java:65)
	at com.kms.katalon.core.main.TestSuiteExecutor.accessTestSuiteMainPhase(TestSuiteExecutor.java:144)
	at com.kms.katalon.core.main.TestSuiteExecutor.execute(TestSuiteExecutor.java:106)
	at com.kms.katalon.core.main.TestCaseMain.startTestSuite(TestCaseMain.java:185)
	at com.kms.katalon.core.main.TestCaseMain$startTestSuite$0.call(Unknown Source)
	at TempTestSuite1705923140048.run(TempTestSuite1705923140048.groovy:36)
)

2024-01-22 18:36:51 - [MESSAGE][WARNING] - Web element with id: 'Object Repository/Stockbit/Bandarmology_Buyer2' located by 'By.xpath: //*[contains(@id, 'rc-tabs-')]/div[2]/div/div/div/div/div/div[2]/table/tbody/tr[3]/td[1]/p' is present after '1' second(s) (Root cause: com.kms.katalon.core.exception.StepFailedException: Web element with id: 'Object Repository/Stockbit/Bandarmology_Buyer2' located by 'By.xpath: //*[contains(@id, 'rc-tabs-')]/div[2]/div/div/div/div/div/div[2]/table/tbody/tr[3]/td[1]/p' is present after '1' second(s)
	at com.kms.katalon.core.webui.keyword.internal.WebUIKeywordMain.stepFailed(WebUIKeywordMain.groovy:64)
	at com.kms.katalon.core.webui.keyword.internal.WebUIKeywordMain$stepFailed$0.call(Unknown Source)
	at com.kms.katalon.core.webui.keyword.builtin.VerifyElementNotPresentKeyword$_verifyElementNotPresent_closure1.doCall(VerifyElementNotPresentKeyword.groovy:106)
	at com.kms.katalon.core.webui.keyword.builtin.VerifyElementNotPresentKeyword$_verifyElementNotPresent_closure1.doCall(VerifyElementNotPresentKeyword.groovy)
	at com.kms.katalon.core.webui.keyword.internal.WebUIKeywordMain.runKeyword(WebUIKeywordMain.groovy:20)
	at com.kms.katalon.core.webui.keyword.internal.WebUIKeywordMain$runKeyword.call(Unknown Source)
	at com.kms.katalon.core.webui.keyword.builtin.VerifyElementNotPresentKeyword.verifyElementNotPresent(VerifyElementNotPresentKeyword.groovy:117)
	at com.kms.katalon.core.webui.keyword.builtin.VerifyElementNotPresentKeyword.execute(VerifyElementNotPresentKeyword.groovy:68)
	at com.kms.katalon.core.keyword.internal.KeywordExecutor.executeKeywordForPlatform(KeywordExecutor.groovy:74)
	at com.kms.katalon.core.webui.keyword.WebUiBuiltInKeywords.verifyElementNotPresent(WebUiBuiltInKeywords.groovy:1481)
	at com.kms.katalon.core.webui.keyword.WebUiBuiltInKeywords$verifyElementNotPresent$8.call(Unknown Source)
	at GetBrokSumPriceDaily.run(GetBrokSumPriceDaily:258)
	at com.kms.katalon.core.main.ScriptEngine.run(ScriptEngine.java:194)
	at com.kms.katalon.core.main.ScriptEngine.runScriptAsRawText(ScriptEngine.java:119)
	at com.kms.katalon.core.main.TestCaseExecutor.runScript(TestCaseExecutor.java:445)
	at com.kms.katalon.core.main.TestCaseExecutor.doExecute(TestCaseExecutor.java:436)
	at com.kms.katalon.core.main.TestCaseExecutor.processExecutionPhase(TestCaseExecutor.java:415)
	at com.kms.katalon.core.main.TestCaseExecutor.accessMainPhase(TestCaseExecutor.java:407)
	at com.kms.katalon.core.main.TestCaseExecutor.execute(TestCaseExecutor.java:284)
	at com.kms.katalon.core.common.CommonExecutor.accessTestCaseMainPhase(CommonExecutor.java:65)
	at com.kms.katalon.core.main.TestSuiteExecutor.accessTestSuiteMainPhase(TestSuiteExecutor.java:144)
	at com.kms.katalon.core.main.TestSuiteExecutor.execute(TestSuiteExecutor.java:106)
	at com.kms.katalon.core.main.TestCaseMain.startTestSuite(TestCaseMain.java:185)
	at com.kms.katalon.core.main.TestCaseMain$startTestSuite$0.call(Unknown Source)
	at TempTestSuite1705923140048.run(TempTestSuite1705923140048.groovy:36)
)
[[ATTACHMENT|C:\\Users\\Fadli\\git\\KatalonDailyGetData2\\Reports\\20240122_174123\\TS1\\20240122_183220\\1705923410818.png]]

2024-01-22 18:36:51 - [TEST_STEP][PASSED] - else: null

2024-01-22 18:36:51 - [TEST_STEP][PASSED] - strBuyer2 = getText(findTestObject("Stockbit/Bandarmology_Buyer2")): Text of object 'Object Repository/Stockbit/Bandarmology_Buyer2' is: 'CP'

2024-01-22 18:36:51 - [MESSAGE][PASSED] - Text of object 'Object Repository/Stockbit/Bandarmology_Buyer2' is: 'CP'

2024-01-22 18:36:51 - [TEST_STEP][PASSED] - strBuyerVol2 = getText(findTestObject("Stockbit/Bandarmology_BuyerVol2")): Text of object 'Object Repository/Stockbit/Bandarmology_BuyerVol2' is: '223'

2024-01-22 18:36:51 - [MESSAGE][PASSED] - Text of object 'Object Repository/Stockbit/Bandarmology_BuyerVol2' is: '223'

2024-01-22 18:36:51 - [TEST_STEP][PASSED] - strBuyerAvg2 = getText(findTestObject("Stockbit/Bandarmology_BuyerAvg2")): Text of object 'Object Repository/Stockbit/Bandarmology_BuyerAvg2' is: '172'

2024-01-22 18:36:51 - [MESSAGE][PASSED] - Text of object 'Object Repository/Stockbit/Bandarmology_BuyerAvg2' is: '172'

2024-01-22 18:36:51 - [TEST_STEP][PASSED] - if (strBuyer2 != ""): null

2024-01-22 18:36:51 - [TEST_STEP][PASSED] - if (strBuyerAvg2.contains(",")): null

2024-01-22 18:36:51 - [TEST_STEP][PASSED] - if (strBuyerVol2.contains(" B")): null

2024-01-22 18:36:51 - [TEST_STEP][PASSED] - if (strBuyerVol2.contains(".")): null

2024-01-22 18:36:51 - [TEST_STEP][PASSED] - if (verifyElementNotPresent(findTestObject("Stockbit/Bandarmology_Seller2"), 1, OPTIONAL)): Web element with id: 'Object Repository/Stockbit/Bandarmology_Seller2' located by 'By.xpath: //*[contains(@id, 'rc-tabs-')]/div[2]/div/div/div/div/div/div[2]/table/tbody/tr[3]/td[5]/p' is present after '1' second(s) (Root cause: com.kms.katalon.core.exception.StepFailedException: Web element with id: 'Object Repository/Stockbit/Bandarmology_Seller2' located by 'By.xpath: //*[contains(@id, 'rc-tabs-')]/div[2]/div/div/div/div/div/div[2]/table/tbody/tr[3]/td[5]/p' is present after '1' second(s)
	at com.kms.katalon.core.webui.keyword.internal.WebUIKeywordMain.stepFailed(WebUIKeywordMain.groovy:64)
	at com.kms.katalon.core.webui.keyword.internal.WebUIKeywordMain$stepFailed$0.call(Unknown Source)
	at com.kms.katalon.core.webui.keyword.builtin.VerifyElementNotPresentKeyword$_verifyElementNotPresent_closure1.doCall(VerifyElementNotPresentKeyword.groovy:106)
	at com.kms.katalon.core.webui.keyword.builtin.VerifyElementNotPresentKeyword$_verifyElementNotPresent_closure1.doCall(VerifyElementNotPresentKeyword.groovy)
	at com.kms.katalon.core.webui.keyword.internal.WebUIKeywordMain.runKeyword(WebUIKeywordMain.groovy:20)
	at com.kms.katalon.core.webui.keyword.internal.WebUIKeywordMain$runKeyword.call(Unknown Source)
	at com.kms.katalon.core.webui.keyword.builtin.VerifyElementNotPresentKeyword.verifyElementNotPresent(VerifyElementNotPresentKeyword.groovy:117)
	at com.kms.katalon.core.webui.keyword.builtin.VerifyElementNotPresentKeyword.execute(VerifyElementNotPresentKeyword.groovy:68)
	at com.kms.katalon.core.keyword.internal.KeywordExecutor.executeKeywordForPlatform(KeywordExecutor.groovy:74)
	at com.kms.katalon.core.webui.keyword.WebUiBuiltInKeywords.verifyElementNotPresent(WebUiBuiltInKeywords.groovy:1481)
	at com.kms.katalon.core.webui.keyword.WebUiBuiltInKeywords$verifyElementNotPresent$8.call(Unknown Source)
	at GetBrokSumPriceDaily.run(GetBrokSumPriceDaily:309)
	at com.kms.katalon.core.main.ScriptEngine.run(ScriptEngine.java:194)
	at com.kms.katalon.core.main.ScriptEngine.runScriptAsRawText(ScriptEngine.java:119)
	at com.kms.katalon.core.main.TestCaseExecutor.runScript(TestCaseExecutor.java:445)
	at com.kms.katalon.core.main.TestCaseExecutor.doExecute(TestCaseExecutor.java:436)
	at com.kms.katalon.core.main.TestCaseExecutor.processExecutionPhase(TestCaseExecutor.java:415)
	at com.kms.katalon.core.main.TestCaseExecutor.accessMainPhase(TestCaseExecutor.java:407)
	at com.kms.katalon.core.main.TestCaseExecutor.execute(TestCaseExecutor.java:284)
	at com.kms.katalon.core.common.CommonExecutor.accessTestCaseMainPhase(CommonExecutor.java:65)
	at com.kms.katalon.core.main.TestSuiteExecutor.accessTestSuiteMainPhase(TestSuiteExecutor.java:144)
	at com.kms.katalon.core.main.TestSuiteExecutor.execute(TestSuiteExecutor.java:106)
	at com.kms.katalon.core.main.TestCaseMain.startTestSuite(TestCaseMain.java:185)
	at com.kms.katalon.core.main.TestCaseMain$startTestSuite$0.call(Unknown Source)
	at TempTestSuite1705923140048.run(TempTestSuite1705923140048.groovy:36)
)

2024-01-22 18:36:52 - [MESSAGE][WARNING] - Web element with id: 'Object Repository/Stockbit/Bandarmology_Seller2' located by 'By.xpath: //*[contains(@id, 'rc-tabs-')]/div[2]/div/div/div/div/div/div[2]/table/tbody/tr[3]/td[5]/p' is present after '1' second(s) (Root cause: com.kms.katalon.core.exception.StepFailedException: Web element with id: 'Object Repository/Stockbit/Bandarmology_Seller2' located by 'By.xpath: //*[contains(@id, 'rc-tabs-')]/div[2]/div/div/div/div/div/div[2]/table/tbody/tr[3]/td[5]/p' is present after '1' second(s)
	at com.kms.katalon.core.webui.keyword.internal.WebUIKeywordMain.stepFailed(WebUIKeywordMain.groovy:64)
	at com.kms.katalon.core.webui.keyword.internal.WebUIKeywordMain$stepFailed$0.call(Unknown Source)
	at com.kms.katalon.core.webui.keyword.builtin.VerifyElementNotPresentKeyword$_verifyElementNotPresent_closure1.doCall(VerifyElementNotPresentKeyword.groovy:106)
	at com.kms.katalon.core.webui.keyword.builtin.VerifyElementNotPresentKeyword$_verifyElementNotPresent_closure1.doCall(VerifyElementNotPresentKeyword.groovy)
	at com.kms.katalon.core.webui.keyword.internal.WebUIKeywordMain.runKeyword(WebUIKeywordMain.groovy:20)
	at com.kms.katalon.core.webui.keyword.internal.WebUIKeywordMain$runKeyword.call(Unknown Source)
	at com.kms.katalon.core.webui.keyword.builtin.VerifyElementNotPresentKeyword.verifyElementNotPresent(VerifyElementNotPresentKeyword.groovy:117)
	at com.kms.katalon.core.webui.keyword.builtin.VerifyElementNotPresentKeyword.execute(VerifyElementNotPresentKeyword.groovy:68)
	at com.kms.katalon.core.keyword.internal.KeywordExecutor.executeKeywordForPlatform(KeywordExecutor.groovy:74)
	at com.kms.katalon.core.webui.keyword.WebUiBuiltInKeywords.verifyElementNotPresent(WebUiBuiltInKeywords.groovy:1481)
	at com.kms.katalon.core.webui.keyword.WebUiBuiltInKeywords$verifyElementNotPresent$8.call(Unknown Source)
	at GetBrokSumPriceDaily.run(GetBrokSumPriceDaily:309)
	at com.kms.katalon.core.main.ScriptEngine.run(ScriptEngine.java:194)
	at com.kms.katalon.core.main.ScriptEngine.runScriptAsRawText(ScriptEngine.java:119)
	at com.kms.katalon.core.main.TestCaseExecutor.runScript(TestCaseExecutor.java:445)
	at com.kms.katalon.core.main.TestCaseExecutor.doExecute(TestCaseExecutor.java:436)
	at com.kms.katalon.core.main.TestCaseExecutor.processExecutionPhase(TestCaseExecutor.java:415)
	at com.kms.katalon.core.main.TestCaseExecutor.accessMainPhase(TestCaseExecutor.java:407)
	at com.kms.katalon.core.main.TestCaseExecutor.execute(TestCaseExecutor.java:284)
	at com.kms.katalon.core.common.CommonExecutor.accessTestCaseMainPhase(CommonExecutor.java:65)
	at com.kms.katalon.core.main.TestSuiteExecutor.accessTestSuiteMainPhase(TestSuiteExecutor.java:144)
	at com.kms.katalon.core.main.TestSuiteExecutor.execute(TestSuiteExecutor.java:106)
	at com.kms.katalon.core.main.TestCaseMain.startTestSuite(TestCaseMain.java:185)
	at com.kms.katalon.core.main.TestCaseMain$startTestSuite$0.call(Unknown Source)
	at TempTestSuite1705923140048.run(TempTestSuite1705923140048.groovy:36)
)
[[ATTACHMENT|C:\\Users\\Fadli\\git\\KatalonDailyGetData2\\Reports\\20240122_174123\\TS1\\20240122_183220\\1705923412729.png]]

2024-01-22 18:36:52 - [TEST_STEP][PASSED] - else: null

2024-01-22 18:36:52 - [TEST_STEP][PASSED] - strSeller2 = getText(findTestObject("Stockbit/Bandarmology_Seller2")): Text of object 'Object Repository/Stockbit/Bandarmology_Seller2' is: 'CC'

2024-01-22 18:36:53 - [MESSAGE][PASSED] - Text of object 'Object Repository/Stockbit/Bandarmology_Seller2' is: 'CC'

2024-01-22 18:36:53 - [TEST_STEP][PASSED] - strSellerVol2 = getText(findTestObject("Stockbit/Bandarmology_SellerVol2")): Text of object 'Object Repository/Stockbit/Bandarmology_SellerVol2' is: '200'

2024-01-22 18:36:53 - [MESSAGE][PASSED] - Text of object 'Object Repository/Stockbit/Bandarmology_SellerVol2' is: '200'

2024-01-22 18:36:53 - [TEST_STEP][PASSED] - strSellerAvg2 = getText(findTestObject("Stockbit/Bandarmology_SellerAvg2")): Text of object 'Object Repository/Stockbit/Bandarmology_SellerAvg2' is: '171'

2024-01-22 18:36:53 - [MESSAGE][PASSED] - Text of object 'Object Repository/Stockbit/Bandarmology_SellerAvg2' is: '171'

2024-01-22 18:36:53 - [TEST_STEP][PASSED] - if (strSeller2 != ""): null

2024-01-22 18:36:53 - [TEST_STEP][PASSED] - if (strSellerAvg2.contains(",")): null

2024-01-22 18:36:53 - [TEST_STEP][PASSED] - if (strSellerVol2.contains(" B")): null

2024-01-22 18:36:53 - [TEST_STEP][PASSED] - if (verifyElementNotPresent(findTestObject("Stockbit/Bandarmology_Buyer3"), 1, OPTIONAL)): Web element with id: 'Object Repository/Stockbit/Bandarmology_Buyer3' located by 'By.xpath: //*[contains(@id, 'rc-tabs-')]/div[2]/div/div/div/div/div/div[2]/table/tbody/tr[4]/td[1]/p' is present after '1' second(s) (Root cause: com.kms.katalon.core.exception.StepFailedException: Web element with id: 'Object Repository/Stockbit/Bandarmology_Buyer3' located by 'By.xpath: //*[contains(@id, 'rc-tabs-')]/div[2]/div/div/div/div/div/div[2]/table/tbody/tr[4]/td[1]/p' is present after '1' second(s)
	at com.kms.katalon.core.webui.keyword.internal.WebUIKeywordMain.stepFailed(WebUIKeywordMain.groovy:64)
	at com.kms.katalon.core.webui.keyword.internal.WebUIKeywordMain$stepFailed$0.call(Unknown Source)
	at com.kms.katalon.core.webui.keyword.builtin.VerifyElementNotPresentKeyword$_verifyElementNotPresent_closure1.doCall(VerifyElementNotPresentKeyword.groovy:106)
	at com.kms.katalon.core.webui.keyword.builtin.VerifyElementNotPresentKeyword$_verifyElementNotPresent_closure1.doCall(VerifyElementNotPresentKeyword.groovy)
	at com.kms.katalon.core.webui.keyword.internal.WebUIKeywordMain.runKeyword(WebUIKeywordMain.groovy:20)
	at com.kms.katalon.core.webui.keyword.internal.WebUIKeywordMain$runKeyword.call(Unknown Source)
	at com.kms.katalon.core.webui.keyword.builtin.VerifyElementNotPresentKeyword.verifyElementNotPresent(VerifyElementNotPresentKeyword.groovy:117)
	at com.kms.katalon.core.webui.keyword.builtin.VerifyElementNotPresentKeyword.execute(VerifyElementNotPresentKeyword.groovy:68)
	at com.kms.katalon.core.keyword.internal.KeywordExecutor.executeKeywordForPlatform(KeywordExecutor.groovy:74)
	at com.kms.katalon.core.webui.keyword.WebUiBuiltInKeywords.verifyElementNotPresent(WebUiBuiltInKeywords.groovy:1481)
	at com.kms.katalon.core.webui.keyword.WebUiBuiltInKeywords$verifyElementNotPresent$8.call(Unknown Source)
	at GetBrokSumPriceDaily.run(GetBrokSumPriceDaily:361)
	at com.kms.katalon.core.main.ScriptEngine.run(ScriptEngine.java:194)
	at com.kms.katalon.core.main.ScriptEngine.runScriptAsRawText(ScriptEngine.java:119)
	at com.kms.katalon.core.main.TestCaseExecutor.runScript(TestCaseExecutor.java:445)
	at com.kms.katalon.core.main.TestCaseExecutor.doExecute(TestCaseExecutor.java:436)
	at com.kms.katalon.core.main.TestCaseExecutor.processExecutionPhase(TestCaseExecutor.java:415)
	at com.kms.katalon.core.main.TestCaseExecutor.accessMainPhase(TestCaseExecutor.java:407)
	at com.kms.katalon.core.main.TestCaseExecutor.execute(TestCaseExecutor.java:284)
	at com.kms.katalon.core.common.CommonExecutor.accessTestCaseMainPhase(CommonExecutor.java:65)
	at com.kms.katalon.core.main.TestSuiteExecutor.accessTestSuiteMainPhase(TestSuiteExecutor.java:144)
	at com.kms.katalon.core.main.TestSuiteExecutor.execute(TestSuiteExecutor.java:106)
	at com.kms.katalon.core.main.TestCaseMain.startTestSuite(TestCaseMain.java:185)
	at com.kms.katalon.core.main.TestCaseMain$startTestSuite$0.call(Unknown Source)
	at TempTestSuite1705923140048.run(TempTestSuite1705923140048.groovy:36)
)

2024-01-22 18:36:54 - [MESSAGE][WARNING] - Web element with id: 'Object Repository/Stockbit/Bandarmology_Buyer3' located by 'By.xpath: //*[contains(@id, 'rc-tabs-')]/div[2]/div/div/div/div/div/div[2]/table/tbody/tr[4]/td[1]/p' is present after '1' second(s) (Root cause: com.kms.katalon.core.exception.StepFailedException: Web element with id: 'Object Repository/Stockbit/Bandarmology_Buyer3' located by 'By.xpath: //*[contains(@id, 'rc-tabs-')]/div[2]/div/div/div/div/div/div[2]/table/tbody/tr[4]/td[1]/p' is present after '1' second(s)
	at com.kms.katalon.core.webui.keyword.internal.WebUIKeywordMain.stepFailed(WebUIKeywordMain.groovy:64)
	at com.kms.katalon.core.webui.keyword.internal.WebUIKeywordMain$stepFailed$0.call(Unknown Source)
	at com.kms.katalon.core.webui.keyword.builtin.VerifyElementNotPresentKeyword$_verifyElementNotPresent_closure1.doCall(VerifyElementNotPresentKeyword.groovy:106)
	at com.kms.katalon.core.webui.keyword.builtin.VerifyElementNotPresentKeyword$_verifyElementNotPresent_closure1.doCall(VerifyElementNotPresentKeyword.groovy)
	at com.kms.katalon.core.webui.keyword.internal.WebUIKeywordMain.runKeyword(WebUIKeywordMain.groovy:20)
	at com.kms.katalon.core.webui.keyword.internal.WebUIKeywordMain$runKeyword.call(Unknown Source)
	at com.kms.katalon.core.webui.keyword.builtin.VerifyElementNotPresentKeyword.verifyElementNotPresent(VerifyElementNotPresentKeyword.groovy:117)
	at com.kms.katalon.core.webui.keyword.builtin.VerifyElementNotPresentKeyword.execute(VerifyElementNotPresentKeyword.groovy:68)
	at com.kms.katalon.core.keyword.internal.KeywordExecutor.executeKeywordForPlatform(KeywordExecutor.groovy:74)
	at com.kms.katalon.core.webui.keyword.WebUiBuiltInKeywords.verifyElementNotPresent(WebUiBuiltInKeywords.groovy:1481)
	at com.kms.katalon.core.webui.keyword.WebUiBuiltInKeywords$verifyElementNotPresent$8.call(Unknown Source)
	at GetBrokSumPriceDaily.run(GetBrokSumPriceDaily:361)
	at com.kms.katalon.core.main.ScriptEngine.run(ScriptEngine.java:194)
	at com.kms.katalon.core.main.ScriptEngine.runScriptAsRawText(ScriptEngine.java:119)
	at com.kms.katalon.core.main.TestCaseExecutor.runScript(TestCaseExecutor.java:445)
	at com.kms.katalon.core.main.TestCaseExecutor.doExecute(TestCaseExecutor.java:436)
	at com.kms.katalon.core.main.TestCaseExecutor.processExecutionPhase(TestCaseExecutor.java:415)
	at com.kms.katalon.core.main.TestCaseExecutor.accessMainPhase(TestCaseExecutor.java:407)
	at com.kms.katalon.core.main.TestCaseExecutor.execute(TestCaseExecutor.java:284)
	at com.kms.katalon.core.common.CommonExecutor.accessTestCaseMainPhase(CommonExecutor.java:65)
	at com.kms.katalon.core.main.TestSuiteExecutor.accessTestSuiteMainPhase(TestSuiteExecutor.java:144)
	at com.kms.katalon.core.main.TestSuiteExecutor.execute(TestSuiteExecutor.java:106)
	at com.kms.katalon.core.main.TestCaseMain.startTestSuite(TestCaseMain.java:185)
	at com.kms.katalon.core.main.TestCaseMain$startTestSuite$0.call(Unknown Source)
	at TempTestSuite1705923140048.run(TempTestSuite1705923140048.groovy:36)
)
[[ATTACHMENT|C:\\Users\\Fadli\\git\\KatalonDailyGetData2\\Reports\\20240122_174123\\TS1\\20240122_183220\\1705923414565.png]]

2024-01-22 18:36:54 - [TEST_STEP][PASSED] - else: null

2024-01-22 18:36:54 - [TEST_STEP][PASSED] - strBuyer3 = getText(findTestObject("Stockbit/Bandarmology_Buyer3")): Text of object 'Object Repository/Stockbit/Bandarmology_Buyer3' is: 'XL'

2024-01-22 18:36:54 - [MESSAGE][PASSED] - Text of object 'Object Repository/Stockbit/Bandarmology_Buyer3' is: 'XL'

2024-01-22 18:36:54 - [TEST_STEP][PASSED] - strBuyerVol3 = getText(findTestObject("Stockbit/Bandarmology_BuyerVol3")): Text of object 'Object Repository/Stockbit/Bandarmology_BuyerVol3' is: '114'

2024-01-22 18:36:55 - [MESSAGE][PASSED] - Text of object 'Object Repository/Stockbit/Bandarmology_BuyerVol3' is: '114'

2024-01-22 18:36:55 - [TEST_STEP][PASSED] - strBuyerAvg3 = getText(findTestObject("Stockbit/Bandarmology_BuyerAvg3")): Text of object 'Object Repository/Stockbit/Bandarmology_BuyerAvg3' is: '171'

2024-01-22 18:36:55 - [MESSAGE][PASSED] - Text of object 'Object Repository/Stockbit/Bandarmology_BuyerAvg3' is: '171'

2024-01-22 18:36:55 - [TEST_STEP][PASSED] - if (strBuyer3 != ""): null

2024-01-22 18:36:55 - [TEST_STEP][PASSED] - if (strBuyerAvg3.contains(",")): null

2024-01-22 18:36:55 - [TEST_STEP][PASSED] - if (strBuyerVol3.contains(" B")): null

2024-01-22 18:36:55 - [TEST_STEP][PASSED] - if (verifyElementNotPresent(findTestObject("Stockbit/Bandarmology_Seller3"), 1, OPTIONAL)): Web element with id: 'Object Repository/Stockbit/Bandarmology_Seller3' located by 'By.xpath: //*[contains(@id, 'rc-tabs-')]/div[2]/div/div/div/div/div/div[2]/table/tbody/tr[4]/td[5]/p' is present after '1' second(s) (Root cause: com.kms.katalon.core.exception.StepFailedException: Web element with id: 'Object Repository/Stockbit/Bandarmology_Seller3' located by 'By.xpath: //*[contains(@id, 'rc-tabs-')]/div[2]/div/div/div/div/div/div[2]/table/tbody/tr[4]/td[5]/p' is present after '1' second(s)
	at com.kms.katalon.core.webui.keyword.internal.WebUIKeywordMain.stepFailed(WebUIKeywordMain.groovy:64)
	at com.kms.katalon.core.webui.keyword.internal.WebUIKeywordMain$stepFailed$0.call(Unknown Source)
	at com.kms.katalon.core.webui.keyword.builtin.VerifyElementNotPresentKeyword$_verifyElementNotPresent_closure1.doCall(VerifyElementNotPresentKeyword.groovy:106)
	at com.kms.katalon.core.webui.keyword.builtin.VerifyElementNotPresentKeyword$_verifyElementNotPresent_closure1.doCall(VerifyElementNotPresentKeyword.groovy)
	at com.kms.katalon.core.webui.keyword.internal.WebUIKeywordMain.runKeyword(WebUIKeywordMain.groovy:20)
	at com.kms.katalon.core.webui.keyword.internal.WebUIKeywordMain$runKeyword.call(Unknown Source)
	at com.kms.katalon.core.webui.keyword.builtin.VerifyElementNotPresentKeyword.verifyElementNotPresent(VerifyElementNotPresentKeyword.groovy:117)
	at com.kms.katalon.core.webui.keyword.builtin.VerifyElementNotPresentKeyword.execute(VerifyElementNotPresentKeyword.groovy:68)
	at com.kms.katalon.core.keyword.internal.KeywordExecutor.executeKeywordForPlatform(KeywordExecutor.groovy:74)
	at com.kms.katalon.core.webui.keyword.WebUiBuiltInKeywords.verifyElementNotPresent(WebUiBuiltInKeywords.groovy:1481)
	at com.kms.katalon.core.webui.keyword.WebUiBuiltInKeywords$verifyElementNotPresent$8.call(Unknown Source)
	at GetBrokSumPriceDaily.run(GetBrokSumPriceDaily:414)
	at com.kms.katalon.core.main.ScriptEngine.run(ScriptEngine.java:194)
	at com.kms.katalon.core.main.ScriptEngine.runScriptAsRawText(ScriptEngine.java:119)
	at com.kms.katalon.core.main.TestCaseExecutor.runScript(TestCaseExecutor.java:445)
	at com.kms.katalon.core.main.TestCaseExecutor.doExecute(TestCaseExecutor.java:436)
	at com.kms.katalon.core.main.TestCaseExecutor.processExecutionPhase(TestCaseExecutor.java:415)
	at com.kms.katalon.core.main.TestCaseExecutor.accessMainPhase(TestCaseExecutor.java:407)
	at com.kms.katalon.core.main.TestCaseExecutor.execute(TestCaseExecutor.java:284)
	at com.kms.katalon.core.common.CommonExecutor.accessTestCaseMainPhase(CommonExecutor.java:65)
	at com.kms.katalon.core.main.TestSuiteExecutor.accessTestSuiteMainPhase(TestSuiteExecutor.java:144)
	at com.kms.katalon.core.main.TestSuiteExecutor.execute(TestSuiteExecutor.java:106)
	at com.kms.katalon.core.main.TestCaseMain.startTestSuite(TestCaseMain.java:185)
	at com.kms.katalon.core.main.TestCaseMain$startTestSuite$0.call(Unknown Source)
	at TempTestSuite1705923140048.run(TempTestSuite1705923140048.groovy:36)
)

2024-01-22 18:36:56 - [MESSAGE][WARNING] - Web element with id: 'Object Repository/Stockbit/Bandarmology_Seller3' located by 'By.xpath: //*[contains(@id, 'rc-tabs-')]/div[2]/div/div/div/div/div/div[2]/table/tbody/tr[4]/td[5]/p' is present after '1' second(s) (Root cause: com.kms.katalon.core.exception.StepFailedException: Web element with id: 'Object Repository/Stockbit/Bandarmology_Seller3' located by 'By.xpath: //*[contains(@id, 'rc-tabs-')]/div[2]/div/div/div/div/div/div[2]/table/tbody/tr[4]/td[5]/p' is present after '1' second(s)
	at com.kms.katalon.core.webui.keyword.internal.WebUIKeywordMain.stepFailed(WebUIKeywordMain.groovy:64)
	at com.kms.katalon.core.webui.keyword.internal.WebUIKeywordMain$stepFailed$0.call(Unknown Source)
	at com.kms.katalon.core.webui.keyword.builtin.VerifyElementNotPresentKeyword$_verifyElementNotPresent_closure1.doCall(VerifyElementNotPresentKeyword.groovy:106)
	at com.kms.katalon.core.webui.keyword.builtin.VerifyElementNotPresentKeyword$_verifyElementNotPresent_closure1.doCall(VerifyElementNotPresentKeyword.groovy)
	at com.kms.katalon.core.webui.keyword.internal.WebUIKeywordMain.runKeyword(WebUIKeywordMain.groovy:20)
	at com.kms.katalon.core.webui.keyword.internal.WebUIKeywordMain$runKeyword.call(Unknown Source)
	at com.kms.katalon.core.webui.keyword.builtin.VerifyElementNotPresentKeyword.verifyElementNotPresent(VerifyElementNotPresentKeyword.groovy:117)
	at com.kms.katalon.core.webui.keyword.builtin.VerifyElementNotPresentKeyword.execute(VerifyElementNotPresentKeyword.groovy:68)
	at com.kms.katalon.core.keyword.internal.KeywordExecutor.executeKeywordForPlatform(KeywordExecutor.groovy:74)
	at com.kms.katalon.core.webui.keyword.WebUiBuiltInKeywords.verifyElementNotPresent(WebUiBuiltInKeywords.groovy:1481)
	at com.kms.katalon.core.webui.keyword.WebUiBuiltInKeywords$verifyElementNotPresent$8.call(Unknown Source)
	at GetBrokSumPriceDaily.run(GetBrokSumPriceDaily:414)
	at com.kms.katalon.core.main.ScriptEngine.run(ScriptEngine.java:194)
	at com.kms.katalon.core.main.ScriptEngine.runScriptAsRawText(ScriptEngine.java:119)
	at com.kms.katalon.core.main.TestCaseExecutor.runScript(TestCaseExecutor.java:445)
	at com.kms.katalon.core.main.TestCaseExecutor.doExecute(TestCaseExecutor.java:436)
	at com.kms.katalon.core.main.TestCaseExecutor.processExecutionPhase(TestCaseExecutor.java:415)
	at com.kms.katalon.core.main.TestCaseExecutor.accessMainPhase(TestCaseExecutor.java:407)
	at com.kms.katalon.core.main.TestCaseExecutor.execute(TestCaseExecutor.java:284)
	at com.kms.katalon.core.common.CommonExecutor.accessTestCaseMainPhase(CommonExecutor.java:65)
	at com.kms.katalon.core.main.TestSuiteExecutor.accessTestSuiteMainPhase(TestSuiteExecutor.java:144)
	at com.kms.katalon.core.main.TestSuiteExecutor.execute(TestSuiteExecutor.java:106)
	at com.kms.katalon.core.main.TestCaseMain.startTestSuite(TestCaseMain.java:185)
	at com.kms.katalon.core.main.TestCaseMain$startTestSuite$0.call(Unknown Source)
	at TempTestSuite1705923140048.run(TempTestSuite1705923140048.groovy:36)
)
[[ATTACHMENT|C:\\Users\\Fadli\\git\\KatalonDailyGetData2\\Reports\\20240122_174123\\TS1\\20240122_183220\\1705923416536.png]]

2024-01-22 18:36:56 - [TEST_STEP][PASSED] - else: null

2024-01-22 18:36:56 - [TEST_STEP][PASSED] - strSeller3 = getText(findTestObject("Stockbit/Bandarmology_Seller3")): Text of object 'Object Repository/Stockbit/Bandarmology_Seller3' is: 'KK'

2024-01-22 18:36:56 - [MESSAGE][PASSED] - Text of object 'Object Repository/Stockbit/Bandarmology_Seller3' is: 'KK'

2024-01-22 18:36:56 - [TEST_STEP][PASSED] - strSellerVol3 = getText(findTestObject("Stockbit/Bandarmology_SellerVol3")): Text of object 'Object Repository/Stockbit/Bandarmology_SellerVol3' is: '100'

2024-01-22 18:36:57 - [MESSAGE][PASSED] - Text of object 'Object Repository/Stockbit/Bandarmology_SellerVol3' is: '100'

2024-01-22 18:36:57 - [TEST_STEP][PASSED] - strSellerAvg3 = getText(findTestObject("Stockbit/Bandarmology_SellerAvg3")): Text of object 'Object Repository/Stockbit/Bandarmology_SellerAvg3' is: '172'

2024-01-22 18:36:57 - [MESSAGE][PASSED] - Text of object 'Object Repository/Stockbit/Bandarmology_SellerAvg3' is: '172'

2024-01-22 18:36:57 - [TEST_STEP][PASSED] - if (strSeller3 != ""): null

2024-01-22 18:36:57 - [TEST_STEP][PASSED] - if (strSellerAvg3.contains(",")): null

2024-01-22 18:36:57 - [TEST_STEP][PASSED] - if (strSellerVol3.contains(" B")): null

2024-01-22 18:36:57 - [TEST_STEP][PASSED] - strAccDist = getText(findTestObject("Stockbit/Bandarmology_AccDist")): Text of object 'Object Repository/Stockbit/Bandarmology_AccDist' is: 'Acc'

2024-01-22 18:36:57 - [MESSAGE][PASSED] - Text of object 'Object Repository/Stockbit/Bandarmology_AccDist' is: 'Acc'

2024-01-22 18:36:57 - [TEST_STEP][PASSED] - strNetVol = getText(findTestObject("Stockbit/Bandarmology_NetVol")): Text of object 'Object Repository/Stockbit/Bandarmology_NetVol' is: '776'

2024-01-22 18:36:57 - [MESSAGE][PASSED] - Text of object 'Object Repository/Stockbit/Bandarmology_NetVol' is: '776'

2024-01-22 18:36:57 - [TEST_STEP][PASSED] - strNetVol = strNetVol.replace(",", ""): null

2024-01-22 18:36:57 - [TEST_STEP][PASSED] - strNetVal = getText(findTestObject("Stockbit/Bandarmology_NetVal")): Text of object 'Object Repository/Stockbit/Bandarmology_NetVal' is: '0 B'

2024-01-22 18:36:57 - [MESSAGE][PASSED] - Text of object 'Object Repository/Stockbit/Bandarmology_NetVal' is: '0 B'

2024-01-22 18:36:57 - [TEST_STEP][PASSED] - delay(3): Delayed 3 second(s)

2024-01-22 18:37:00 - [MESSAGE][PASSED] - Delayed 3 second(s)

2024-01-22 18:37:00 - [TEST_STEP][PASSED] - strOpenPrice = getText(findTestObject("Stockbit/Home_OpenPrice")): Text of object 'Object Repository/Stockbit/Home_OpenPrice' is: '173'

2024-01-22 18:37:00 - [MESSAGE][PASSED] - Text of object 'Object Repository/Stockbit/Home_OpenPrice' is: '173'

2024-01-22 18:37:00 - [TEST_STEP][PASSED] - strOpenPrice = strOpenPrice.replace(",", ""): null

2024-01-22 18:37:00 - [TEST_STEP][PASSED] - strLowPrice = getText(findTestObject("Stockbit/Home_LowPrice")): Text of object 'Object Repository/Stockbit/Home_LowPrice' is: '170'

2024-01-22 18:37:01 - [MESSAGE][PASSED] - Text of object 'Object Repository/Stockbit/Home_LowPrice' is: '170'

2024-01-22 18:37:01 - [TEST_STEP][PASSED] - strLowPrice = strLowPrice.replace(",", ""): null

2024-01-22 18:37:01 - [TEST_STEP][PASSED] - strHighPrice = getText(findTestObject("Stockbit/Home_HighPrice")): Text of object 'Object Repository/Stockbit/Home_HighPrice' is: '175'

2024-01-22 18:37:01 - [MESSAGE][PASSED] - Text of object 'Object Repository/Stockbit/Home_HighPrice' is: '175'

2024-01-22 18:37:01 - [TEST_STEP][PASSED] - strHighPrice = strHighPrice.replace(",", ""): null

2024-01-22 18:37:01 - [TEST_STEP][PASSED] - strClosePrice = getText(findTestObject("Stockbit/Home_ClosePrice")): Text of object 'Object Repository/Stockbit/Home_ClosePrice' is: '172'

2024-01-22 18:37:01 - [MESSAGE][PASSED] - Text of object 'Object Repository/Stockbit/Home_ClosePrice' is: '172'

2024-01-22 18:37:01 - [TEST_STEP][PASSED] - strClosePrice = strClosePrice.replace(",", ""): null

2024-01-22 18:37:01 - [TEST_STEP][PASSED] - strVol = getText(findTestObject("Stockbit/Home_Volume")): Text of object 'Object Repository/Stockbit/Home_Volume' is: '1 K'

2024-01-22 18:37:01 - [MESSAGE][PASSED] - Text of object 'Object Repository/Stockbit/Home_Volume' is: '1 K'

2024-01-22 18:37:01 - [TEST_STEP][PASSED] - if (strVol.contains(" K")): null

2024-01-22 18:37:01 - [TEST_STEP][PASSED] - strVol = strVol.replace(" K", "000"): null

2024-01-22 18:37:01 - [TEST_STEP][PASSED] - if (strVol.contains(",")): null

2024-01-22 18:37:01 - [TEST_STEP][PASSED] - strChange = getText(findTestObject("Stockbit/Home_Change")): Text of object 'Object Repository/Stockbit/Home_Change' is: '-0.58%'

2024-01-22 18:37:01 - [MESSAGE][PASSED] - Text of object 'Object Repository/Stockbit/Home_Change' is: '-0.58%'

2024-01-22 18:37:01 - [TEST_STEP][PASSED] - strChange = strChange.replace("%", ""): null

2024-01-22 18:37:01 - [TEST_STEP][PASSED] - strFreq = getText(findTestObject("Stockbit/Home_Freq")): Text of object 'Object Repository/Stockbit/Home_Freq' is: '57'

2024-01-22 18:37:01 - [MESSAGE][PASSED] - Text of object 'Object Repository/Stockbit/Home_Freq' is: '57'

2024-01-22 18:37:01 - [TEST_STEP][PASSED] - if (strFreq.contains(",")): null

2024-01-22 18:37:01 - [TEST_STEP][PASSED] - if (strFreq == "NA" || strFreq == ""): null

2024-01-22 18:37:01 - [TEST_STEP][PASSED] - else: null

2024-01-22 18:37:01 - [TEST_STEP][PASSED] - dblFreqAnal = strVol.toDouble() / strFreq.toDouble() * strFreq.toDouble() * strFreq.toDouble() * 100000000: null

2024-01-22 18:37:01 - [TEST_STEP][PASSED] - strFreqAnal = String.format("%.4f", dblFreqAnal): null

2024-01-22 18:37:01 - [TEST_STEP][PASSED] - out.println("Double strFreqAnal: " + strFreqAnal): null

2024-01-22 18:37:01 - [TEST_STEP][PASSED] - strTanggal = d.format(DateTimeFormatter.ofPattern("yyyy-MM-dd")): null

2024-01-22 18:37:01 - [TEST_STEP][PASSED] - strTanggal = "#" + strTanggal + "#": null

2024-01-22 18:37:01 - [TEST_STEP][PASSED] - strSQL = "select count(*) as JumBaris from TblBrokSum where Nama = '" + strNama + "' and Tanggal = " + strTanggal + "": null

2024-01-22 18:37:01 - [TEST_STEP][PASSED] - resultSet = statement.executeQuery(strSQL): null

2024-01-22 18:37:01 - [TEST_STEP][PASSED] - resultSet.next(): null

2024-01-22 18:37:01 - [TEST_STEP][PASSED] - intJumBaris = resultSet.getInt("JumBaris"): null

2024-01-22 18:37:01 - [TEST_STEP][PASSED] - if (intJumBaris > 0): null

2024-01-22 18:37:01 - [TEST_STEP][PASSED] - else: null

2024-01-22 18:37:01 - [TEST_STEP][PASSED] - try: null

2024-01-22 18:37:01 - [TEST_STEP][PASSED] - out.println("Insert data"): null

2024-01-22 18:37:01 - [TEST_STEP][PASSED] - strSQL = "insert into TblBrokSum (nama, tanggal, top1, top2, top3, AllBrokAvg, AccDist, AvgRP, " + "Buyer1, BuyerVal1, BuyerAvg1, Seller1, SellerVal1, SellerAvg1, Buyer2, BuyerVal2, BuyerAvg2, " + "Seller2, SellerVal2, SellerAvg2, Buyer3, BuyerVal3, BuyerAvg3, Seller3, SellerVal3, SellerAvg3, NetVol, NetVal, " + "OpenPrice, LowPrice, HighPrice, ClosePrice, Volume, Change, Frekuensi, FrekAnal) " + "values ('" + strNama + "', " + strTanggal + ", '" + strTop1 + "', '" + strTop3 + "', '" + strTop5 + "', " + "'" + strAllBrokAvg + "', '" + strAccDist + "', " + intAvgRP + ", '" + strBuyer1 + "', '" + strBuyerVol1 + "', " + strBuyerAvg1 + ", " + "'" + strSeller1 + "', '" + strSellerVol1 + "', " + strSellerAvg1 + ", '" + strBuyer2 + "', '" + strBuyerVol2 + "', " + strBuyerAvg2 + ", " + "'" + strSeller2 + "', '" + strSellerVol2 + "', " + strSellerAvg2 + ", '" + strBuyer3 + "', '" + strBuyerVol3 + "', " + strBuyerAvg3 + ", " + "'" + strSeller3 + "', '" + strSellerVol3 + "', " + strSellerAvg3 + ", " + strNetVol + ", '" + strNetVal + "', " + "" + strOpenPrice + ", " + strLowPrice + ", " + strHighPrice + ", " + strClosePrice + ", '" + strVol + "', " + strChange + ", " + strFreq + ", " + strFreqAnal + ");": null

2024-01-22 18:37:01 - [TEST_STEP][PASSED] - out.println("strSQL = " + strSQL): null

2024-01-22 18:37:01 - [TEST_STEP][PASSED] - statement.executeUpdate(strSQL): null

2024-01-22 18:37:01 - [TEST_STEP][PASSED] - setValueToCellByIndex(sheet01, rowIndex, 4, "DONE"): null

2024-01-22 18:37:01 - [TEST_STEP][PASSED] - saveWorkbook(excelFilePath, workbook01): null

2024-01-22 18:37:01 - [TEST_STEP][PASSED] - waitForElementClickable(findTestObject("Stockbit/menu_Bandarmology"), 10): Object 'Object Repository/Stockbit/menu_Bandarmology' is clickable

2024-01-22 18:37:02 - [MESSAGE][PASSED] - Object 'Object Repository/Stockbit/menu_Bandarmology' is clickable

2024-01-22 18:37:02 - [TEST_STEP][PASSED] - click(findTestObject("Stockbit/menu_Bandarmology")): Object: 'Object Repository/Stockbit/menu_Bandarmology' is clicked on

2024-01-22 18:37:02 - [MESSAGE][PASSED] - Object: 'Object Repository/Stockbit/menu_Bandarmology' is clicked on

2024-01-22 18:37:02 - [TEST_STEP][PASSED] - strTemp = "NA": null

2024-01-22 18:37:02 - [TEST_STEP][PASSED] - if (getCellValueByIndex(sheet01, rowIndex, 4) != "DONE"): Object: 'Object Repository/Stockbit/menu_Bandarmology' is clicked on

2024-01-22 18:37:02 - [TEST_STEP][PASSED] - strNama = getCellValueByIndex(sheet01, rowIndex, 0): null

2024-01-22 18:37:02 - [TEST_STEP][PASSED] - navigateToUrl("https://stockbit.com/#/symbol/" + strNama): Navigate to 'https://stockbit.com/#/symbol/KKES' successfully

2024-01-22 18:37:04 - [MESSAGE][PASSED] - Navigate to 'https://stockbit.com/#/symbol/KKES' successfully

2024-01-22 18:37:04 - [TEST_STEP][PASSED] - waitForElementClickable(findTestObject("Stockbit/menu_Bandarmology"), 10): Object 'Object Repository/Stockbit/menu_Bandarmology' is clickable

2024-01-22 18:37:04 - [MESSAGE][PASSED] - Object 'Object Repository/Stockbit/menu_Bandarmology' is clickable

2024-01-22 18:37:04 - [TEST_STEP][PASSED] - click(findTestObject("Stockbit/menu_Bandarmology")): Object: 'Object Repository/Stockbit/menu_Bandarmology' is clicked on

2024-01-22 18:37:05 - [MESSAGE][PASSED] - Object: 'Object Repository/Stockbit/menu_Bandarmology' is clicked on

2024-01-22 18:37:05 - [TEST_STEP][PASSED] - strTanggal = d.format(DateTimeFormatter.ofPattern("MMM dd, yyyy")): null

2024-01-22 18:37:05 - [TEST_STEP][PASSED] - strTanggal = d.format(ISO_DATE): null

2024-01-22 18:37:05 - [TEST_STEP][PASSED] - out.println("strTanggal = " + strTanggal): null

2024-01-22 18:37:05 - [TEST_STEP][PASSED] - out.println("strNama = " + strNama): null

2024-01-22 18:37:05 - [TEST_STEP][PASSED] - out.println("Baris ke = " + rowIndex): null

2024-01-22 18:37:05 - [TEST_STEP][PASSED] - click(findTestObject("Stockbit/input__BandarmologyOpenStartDate")): Object: 'Object Repository/Stockbit/input__BandarmologyOpenStartDate' is clicked on

2024-01-22 18:37:06 - [MESSAGE][PASSED] - Object: 'Object Repository/Stockbit/input__BandarmologyOpenStartDate' is clicked on

2024-01-22 18:37:06 - [TEST_STEP][PASSED] - sendKeys(findTestObject("Stockbit/input__BandarmologyOpenStartDate"), Keys.chord(CONTROL, "a")): Keys 'CONTROL + a' sent to object: 'Object Repository/Stockbit/input__BandarmologyOpenStartDate'

2024-01-22 18:37:06 - [MESSAGE][PASSED] - Keys 'CONTROL + a' sent to object: 'Object Repository/Stockbit/input__BandarmologyOpenStartDate'

2024-01-22 18:37:06 - [TEST_STEP][PASSED] - sendKeys(findTestObject("Stockbit/input__BandarmologyOpenStartDate"), Keys.chord(BACK_SPACE)): Keys 'BACK_SPACE + ' sent to object: 'Object Repository/Stockbit/input__BandarmologyOpenStartDate'

2024-01-22 18:37:07 - [MESSAGE][PASSED] - Keys 'BACK_SPACE + ' sent to object: 'Object Repository/Stockbit/input__BandarmologyOpenStartDate'

2024-01-22 18:37:07 - [TEST_STEP][PASSED] - setText(findTestObject("Stockbit/input__BandarmologyOpenStartDate"), strTanggal): Text '2024-01-22' is set on object 'Object Repository/Stockbit/input__BandarmologyOpenStartDate'

2024-01-22 18:37:07 - [MESSAGE][PASSED] - Text '2024-01-22' is set on object 'Object Repository/Stockbit/input__BandarmologyOpenStartDate'

2024-01-22 18:37:07 - [TEST_STEP][PASSED] - sendKeys(findTestObject("Stockbit/input__BandarmologyOpenStartDate"), Keys.chord(ENTER)): Keys 'ENTER + ' sent to object: 'Object Repository/Stockbit/input__BandarmologyOpenStartDate'

2024-01-22 18:37:08 - [MESSAGE][PASSED] - Keys 'ENTER + ' sent to object: 'Object Repository/Stockbit/input__BandarmologyOpenStartDate'

2024-01-22 18:37:08 - [TEST_STEP][PASSED] - click(findTestObject("Stockbit/input__BandarmologyOpenEndDate")): Object: 'Object Repository/Stockbit/input__BandarmologyOpenEndDate' is clicked on

2024-01-22 18:37:08 - [MESSAGE][PASSED] - Object: 'Object Repository/Stockbit/input__BandarmologyOpenEndDate' is clicked on

2024-01-22 18:37:08 - [TEST_STEP][PASSED] - sendKeys(findTestObject("Stockbit/input__BandarmologyOpenEndDate"), Keys.chord(CONTROL, "a")): Keys 'CONTROL + a' sent to object: 'Object Repository/Stockbit/input__BandarmologyOpenEndDate'

2024-01-22 18:37:09 - [MESSAGE][PASSED] - Keys 'CONTROL + a' sent to object: 'Object Repository/Stockbit/input__BandarmologyOpenEndDate'

2024-01-22 18:37:09 - [TEST_STEP][PASSED] - sendKeys(findTestObject("Stockbit/input__BandarmologyOpenEndDate"), Keys.chord(BACK_SPACE)): Keys 'BACK_SPACE + ' sent to object: 'Object Repository/Stockbit/input__BandarmologyOpenEndDate'

2024-01-22 18:37:09 - [MESSAGE][PASSED] - Keys 'BACK_SPACE + ' sent to object: 'Object Repository/Stockbit/input__BandarmologyOpenEndDate'

2024-01-22 18:37:09 - [TEST_STEP][PASSED] - setText(findTestObject("Stockbit/input__BandarmologyOpenEndDate"), strTanggal): Text '2024-01-22' is set on object 'Object Repository/Stockbit/input__BandarmologyOpenEndDate'

2024-01-22 18:37:10 - [MESSAGE][PASSED] - Text '2024-01-22' is set on object 'Object Repository/Stockbit/input__BandarmologyOpenEndDate'

2024-01-22 18:37:10 - [TEST_STEP][PASSED] - sendKeys(findTestObject("Stockbit/input__BandarmologyOpenEndDate"), Keys.chord(ENTER)): Keys 'ENTER + ' sent to object: 'Object Repository/Stockbit/input__BandarmologyOpenEndDate'

2024-01-22 18:37:10 - [MESSAGE][PASSED] - Keys 'ENTER + ' sent to object: 'Object Repository/Stockbit/input__BandarmologyOpenEndDate'

2024-01-22 18:37:10 - [TEST_STEP][PASSED] - delay(2): Delayed 2 second(s)

2024-01-22 18:37:12 - [MESSAGE][PASSED] - Delayed 2 second(s)

2024-01-22 18:37:12 - [TEST_STEP][PASSED] - strTemp = getText(findTestObject("Stockbit/Bandarmology_AvgRP")): Text of object 'Object Repository/Stockbit/Bandarmology_AvgRP' is: '50'

2024-01-22 18:37:12 - [MESSAGE][PASSED] - Text of object 'Object Repository/Stockbit/Bandarmology_AvgRP' is: '50'

2024-01-22 18:37:12 - [TEST_STEP][PASSED] - out.println("Bandarmology_AvgRP = " + strTemp): null

2024-01-22 18:37:12 - [TEST_STEP][PASSED] - if (strTemp != "0"): null

2024-01-22 18:37:12 - [TEST_STEP][PASSED] - strTop1 = getText(findTestObject("Stockbit/Bandarmology_Top1")): Text of object 'Object Repository/Stockbit/Bandarmology_Top1' is: 'Normal Dist'

2024-01-22 18:37:12 - [MESSAGE][PASSED] - Text of object 'Object Repository/Stockbit/Bandarmology_Top1' is: 'Normal Dist'

2024-01-22 18:37:12 - [TEST_STEP][PASSED] - strTop3 = getText(findTestObject("Stockbit/Bandarmology_Top3")): Text of object 'Object Repository/Stockbit/Bandarmology_Top3' is: 'Neutral'

2024-01-22 18:37:12 - [MESSAGE][PASSED] - Text of object 'Object Repository/Stockbit/Bandarmology_Top3' is: 'Neutral'

2024-01-22 18:37:12 - [TEST_STEP][PASSED] - strTop5 = getText(findTestObject("Stockbit/Bandarmology_Top5")): Text of object 'Object Repository/Stockbit/Bandarmology_Top5' is: 'Neutral'

2024-01-22 18:37:12 - [MESSAGE][PASSED] - Text of object 'Object Repository/Stockbit/Bandarmology_Top5' is: 'Neutral'

2024-01-22 18:37:12 - [TEST_STEP][PASSED] - strAllBrokAvg = getText(findTestObject("Stockbit/Bandarmology_TopAVG")): Text of object 'Object Repository/Stockbit/Bandarmology_TopAVG' is: 'Neutral'

2024-01-22 18:37:13 - [MESSAGE][PASSED] - Text of object 'Object Repository/Stockbit/Bandarmology_TopAVG' is: 'Neutral'

2024-01-22 18:37:13 - [TEST_STEP][PASSED] - strTemp = getText(findTestObject("Stockbit/Bandarmology_AvgRP")): Text of object 'Object Repository/Stockbit/Bandarmology_AvgRP' is: '50'

2024-01-22 18:37:13 - [MESSAGE][PASSED] - Text of object 'Object Repository/Stockbit/Bandarmology_AvgRP' is: '50'

2024-01-22 18:37:13 - [TEST_STEP][PASSED] - if (strTemp.contains(",")): null

2024-01-22 18:37:13 - [TEST_STEP][PASSED] - intAvgRP = strTemp.toInteger(): null

2024-01-22 18:37:13 - [TEST_STEP][PASSED] - strBuyer1 = getText(findTestObject("Stockbit/Bandarmology_Buyer1")): Text of object 'Object Repository/Stockbit/Bandarmology_Buyer1' is: 'XC'

2024-01-22 18:37:13 - [MESSAGE][PASSED] - Text of object 'Object Repository/Stockbit/Bandarmology_Buyer1' is: 'XC'

2024-01-22 18:37:13 - [TEST_STEP][PASSED] - strBuyerVol1 = getText(findTestObject("Stockbit/Bandarmology_BuyerVol1")): Text of object 'Object Repository/Stockbit/Bandarmology_BuyerVol1' is: '24'

2024-01-22 18:37:13 - [MESSAGE][PASSED] - Text of object 'Object Repository/Stockbit/Bandarmology_BuyerVol1' is: '24'

2024-01-22 18:37:13 - [TEST_STEP][PASSED] - strBuyerAvg1 = getText(findTestObject("Stockbit/Bandarmology_BuyerAvg1")): Text of object 'Object Repository/Stockbit/Bandarmology_BuyerAvg1' is: '50'

2024-01-22 18:37:13 - [MESSAGE][PASSED] - Text of object 'Object Repository/Stockbit/Bandarmology_BuyerAvg1' is: '50'

2024-01-22 18:37:13 - [TEST_STEP][PASSED] - if (strBuyerAvg1.contains(",")): null

2024-01-22 18:37:13 - [TEST_STEP][PASSED] - if (strBuyerVol1.contains(" B")): null

2024-01-22 18:37:13 - [TEST_STEP][PASSED] - strSeller1 = getText(findTestObject("Stockbit/Bandarmology_Seller1")): Text of object 'Object Repository/Stockbit/Bandarmology_Seller1' is: 'PG'

2024-01-22 18:37:13 - [MESSAGE][PASSED] - Text of object 'Object Repository/Stockbit/Bandarmology_Seller1' is: 'PG'

2024-01-22 18:37:13 - [TEST_STEP][PASSED] - strSellerVol1 = getText(findTestObject("Stockbit/Bandarmology_SellerVol1")): Text of object 'Object Repository/Stockbit/Bandarmology_SellerVol1' is: '28'

2024-01-22 18:37:13 - [MESSAGE][PASSED] - Text of object 'Object Repository/Stockbit/Bandarmology_SellerVol1' is: '28'

2024-01-22 18:37:13 - [TEST_STEP][PASSED] - strSellerAvg1 = getText(findTestObject("Stockbit/Bandarmology_SellerAvg1")): Text of object 'Object Repository/Stockbit/Bandarmology_SellerAvg1' is: '50'

2024-01-22 18:37:13 - [MESSAGE][PASSED] - Text of object 'Object Repository/Stockbit/Bandarmology_SellerAvg1' is: '50'

2024-01-22 18:37:13 - [TEST_STEP][PASSED] - if (strSellerAvg1.contains(",")): null

2024-01-22 18:37:13 - [TEST_STEP][PASSED] - if (strSellerVol1.contains(" B")): null

2024-01-22 18:37:13 - [TEST_STEP][PASSED] - if (verifyElementNotPresent(findTestObject("Stockbit/Bandarmology_Buyer2"), 1, OPTIONAL)): Web element with id: 'Object Repository/Stockbit/Bandarmology_Buyer2' located by 'By.xpath: //*[contains(@id, 'rc-tabs-')]/div[2]/div/div/div/div/div/div[2]/table/tbody/tr[3]/td[1]/p' is present after '1' second(s) (Root cause: com.kms.katalon.core.exception.StepFailedException: Web element with id: 'Object Repository/Stockbit/Bandarmology_Buyer2' located by 'By.xpath: //*[contains(@id, 'rc-tabs-')]/div[2]/div/div/div/div/div/div[2]/table/tbody/tr[3]/td[1]/p' is present after '1' second(s)
	at com.kms.katalon.core.webui.keyword.internal.WebUIKeywordMain.stepFailed(WebUIKeywordMain.groovy:64)
	at com.kms.katalon.core.webui.keyword.internal.WebUIKeywordMain$stepFailed$0.call(Unknown Source)
	at com.kms.katalon.core.webui.keyword.builtin.VerifyElementNotPresentKeyword$_verifyElementNotPresent_closure1.doCall(VerifyElementNotPresentKeyword.groovy:106)
	at com.kms.katalon.core.webui.keyword.builtin.VerifyElementNotPresentKeyword$_verifyElementNotPresent_closure1.doCall(VerifyElementNotPresentKeyword.groovy)
	at com.kms.katalon.core.webui.keyword.internal.WebUIKeywordMain.runKeyword(WebUIKeywordMain.groovy:20)
	at com.kms.katalon.core.webui.keyword.internal.WebUIKeywordMain$runKeyword.call(Unknown Source)
	at com.kms.katalon.core.webui.keyword.builtin.VerifyElementNotPresentKeyword.verifyElementNotPresent(VerifyElementNotPresentKeyword.groovy:117)
	at com.kms.katalon.core.webui.keyword.builtin.VerifyElementNotPresentKeyword.execute(VerifyElementNotPresentKeyword.groovy:68)
	at com.kms.katalon.core.keyword.internal.KeywordExecutor.executeKeywordForPlatform(KeywordExecutor.groovy:74)
	at com.kms.katalon.core.webui.keyword.WebUiBuiltInKeywords.verifyElementNotPresent(WebUiBuiltInKeywords.groovy:1481)
	at com.kms.katalon.core.webui.keyword.WebUiBuiltInKeywords$verifyElementNotPresent$8.call(Unknown Source)
	at GetBrokSumPriceDaily.run(GetBrokSumPriceDaily:258)
	at com.kms.katalon.core.main.ScriptEngine.run(ScriptEngine.java:194)
	at com.kms.katalon.core.main.ScriptEngine.runScriptAsRawText(ScriptEngine.java:119)
	at com.kms.katalon.core.main.TestCaseExecutor.runScript(TestCaseExecutor.java:445)
	at com.kms.katalon.core.main.TestCaseExecutor.doExecute(TestCaseExecutor.java:436)
	at com.kms.katalon.core.main.TestCaseExecutor.processExecutionPhase(TestCaseExecutor.java:415)
	at com.kms.katalon.core.main.TestCaseExecutor.accessMainPhase(TestCaseExecutor.java:407)
	at com.kms.katalon.core.main.TestCaseExecutor.execute(TestCaseExecutor.java:284)
	at com.kms.katalon.core.common.CommonExecutor.accessTestCaseMainPhase(CommonExecutor.java:65)
	at com.kms.katalon.core.main.TestSuiteExecutor.accessTestSuiteMainPhase(TestSuiteExecutor.java:144)
	at com.kms.katalon.core.main.TestSuiteExecutor.execute(TestSuiteExecutor.java:106)
	at com.kms.katalon.core.main.TestCaseMain.startTestSuite(TestCaseMain.java:185)
	at com.kms.katalon.core.main.TestCaseMain$startTestSuite$0.call(Unknown Source)
	at TempTestSuite1705923140048.run(TempTestSuite1705923140048.groovy:36)
)

2024-01-22 18:37:15 - [MESSAGE][WARNING] - Web element with id: 'Object Repository/Stockbit/Bandarmology_Buyer2' located by 'By.xpath: //*[contains(@id, 'rc-tabs-')]/div[2]/div/div/div/div/div/div[2]/table/tbody/tr[3]/td[1]/p' is present after '1' second(s) (Root cause: com.kms.katalon.core.exception.StepFailedException: Web element with id: 'Object Repository/Stockbit/Bandarmology_Buyer2' located by 'By.xpath: //*[contains(@id, 'rc-tabs-')]/div[2]/div/div/div/div/div/div[2]/table/tbody/tr[3]/td[1]/p' is present after '1' second(s)
	at com.kms.katalon.core.webui.keyword.internal.WebUIKeywordMain.stepFailed(WebUIKeywordMain.groovy:64)
	at com.kms.katalon.core.webui.keyword.internal.WebUIKeywordMain$stepFailed$0.call(Unknown Source)
	at com.kms.katalon.core.webui.keyword.builtin.VerifyElementNotPresentKeyword$_verifyElementNotPresent_closure1.doCall(VerifyElementNotPresentKeyword.groovy:106)
	at com.kms.katalon.core.webui.keyword.builtin.VerifyElementNotPresentKeyword$_verifyElementNotPresent_closure1.doCall(VerifyElementNotPresentKeyword.groovy)
	at com.kms.katalon.core.webui.keyword.internal.WebUIKeywordMain.runKeyword(WebUIKeywordMain.groovy:20)
	at com.kms.katalon.core.webui.keyword.internal.WebUIKeywordMain$runKeyword.call(Unknown Source)
	at com.kms.katalon.core.webui.keyword.builtin.VerifyElementNotPresentKeyword.verifyElementNotPresent(VerifyElementNotPresentKeyword.groovy:117)
	at com.kms.katalon.core.webui.keyword.builtin.VerifyElementNotPresentKeyword.execute(VerifyElementNotPresentKeyword.groovy:68)
	at com.kms.katalon.core.keyword.internal.KeywordExecutor.executeKeywordForPlatform(KeywordExecutor.groovy:74)
	at com.kms.katalon.core.webui.keyword.WebUiBuiltInKeywords.verifyElementNotPresent(WebUiBuiltInKeywords.groovy:1481)
	at com.kms.katalon.core.webui.keyword.WebUiBuiltInKeywords$verifyElementNotPresent$8.call(Unknown Source)
	at GetBrokSumPriceDaily.run(GetBrokSumPriceDaily:258)
	at com.kms.katalon.core.main.ScriptEngine.run(ScriptEngine.java:194)
	at com.kms.katalon.core.main.ScriptEngine.runScriptAsRawText(ScriptEngine.java:119)
	at com.kms.katalon.core.main.TestCaseExecutor.runScript(TestCaseExecutor.java:445)
	at com.kms.katalon.core.main.TestCaseExecutor.doExecute(TestCaseExecutor.java:436)
	at com.kms.katalon.core.main.TestCaseExecutor.processExecutionPhase(TestCaseExecutor.java:415)
	at com.kms.katalon.core.main.TestCaseExecutor.accessMainPhase(TestCaseExecutor.java:407)
	at com.kms.katalon.core.main.TestCaseExecutor.execute(TestCaseExecutor.java:284)
	at com.kms.katalon.core.common.CommonExecutor.accessTestCaseMainPhase(CommonExecutor.java:65)
	at com.kms.katalon.core.main.TestSuiteExecutor.accessTestSuiteMainPhase(TestSuiteExecutor.java:144)
	at com.kms.katalon.core.main.TestSuiteExecutor.execute(TestSuiteExecutor.java:106)
	at com.kms.katalon.core.main.TestCaseMain.startTestSuite(TestCaseMain.java:185)
	at com.kms.katalon.core.main.TestCaseMain$startTestSuite$0.call(Unknown Source)
	at TempTestSuite1705923140048.run(TempTestSuite1705923140048.groovy:36)
)
[[ATTACHMENT|C:\\Users\\Fadli\\git\\KatalonDailyGetData2\\Reports\\20240122_174123\\TS1\\20240122_183220\\1705923435013.png]]

2024-01-22 18:37:15 - [TEST_STEP][PASSED] - else: null

2024-01-22 18:37:15 - [TEST_STEP][PASSED] - strBuyer2 = getText(findTestObject("Stockbit/Bandarmology_Buyer2")): Text of object 'Object Repository/Stockbit/Bandarmology_Buyer2' is: 'PD'

2024-01-22 18:37:15 - [MESSAGE][PASSED] - Text of object 'Object Repository/Stockbit/Bandarmology_Buyer2' is: 'PD'

2024-01-22 18:37:15 - [TEST_STEP][PASSED] - strBuyerVol2 = getText(findTestObject("Stockbit/Bandarmology_BuyerVol2")): Text of object 'Object Repository/Stockbit/Bandarmology_BuyerVol2' is: '4'

2024-01-22 18:37:15 - [MESSAGE][PASSED] - Text of object 'Object Repository/Stockbit/Bandarmology_BuyerVol2' is: '4'

2024-01-22 18:37:15 - [TEST_STEP][PASSED] - strBuyerAvg2 = getText(findTestObject("Stockbit/Bandarmology_BuyerAvg2")): Text of object 'Object Repository/Stockbit/Bandarmology_BuyerAvg2' is: '50'

2024-01-22 18:37:15 - [MESSAGE][PASSED] - Text of object 'Object Repository/Stockbit/Bandarmology_BuyerAvg2' is: '50'

2024-01-22 18:37:15 - [TEST_STEP][PASSED] - if (strBuyer2 != ""): null

2024-01-22 18:37:15 - [TEST_STEP][PASSED] - if (strBuyerAvg2.contains(",")): null

2024-01-22 18:37:15 - [TEST_STEP][PASSED] - if (strBuyerVol2.contains(" B")): null

2024-01-22 18:37:15 - [TEST_STEP][PASSED] - if (strBuyerVol2.contains(".")): null

2024-01-22 18:37:15 - [TEST_STEP][PASSED] - if (verifyElementNotPresent(findTestObject("Stockbit/Bandarmology_Seller2"), 1, OPTIONAL)): Web element with id: 'Object Repository/Stockbit/Bandarmology_Seller2' located by 'By.xpath: //*[contains(@id, 'rc-tabs-')]/div[2]/div/div/div/div/div/div[2]/table/tbody/tr[3]/td[5]/p' is present after '1' second(s) (Root cause: com.kms.katalon.core.exception.StepFailedException: Web element with id: 'Object Repository/Stockbit/Bandarmology_Seller2' located by 'By.xpath: //*[contains(@id, 'rc-tabs-')]/div[2]/div/div/div/div/div/div[2]/table/tbody/tr[3]/td[5]/p' is present after '1' second(s)
	at com.kms.katalon.core.webui.keyword.internal.WebUIKeywordMain.stepFailed(WebUIKeywordMain.groovy:64)
	at com.kms.katalon.core.webui.keyword.internal.WebUIKeywordMain$stepFailed$0.call(Unknown Source)
	at com.kms.katalon.core.webui.keyword.builtin.VerifyElementNotPresentKeyword$_verifyElementNotPresent_closure1.doCall(VerifyElementNotPresentKeyword.groovy:106)
	at com.kms.katalon.core.webui.keyword.builtin.VerifyElementNotPresentKeyword$_verifyElementNotPresent_closure1.doCall(VerifyElementNotPresentKeyword.groovy)
	at com.kms.katalon.core.webui.keyword.internal.WebUIKeywordMain.runKeyword(WebUIKeywordMain.groovy:20)
	at com.kms.katalon.core.webui.keyword.internal.WebUIKeywordMain$runKeyword.call(Unknown Source)
	at com.kms.katalon.core.webui.keyword.builtin.VerifyElementNotPresentKeyword.verifyElementNotPresent(VerifyElementNotPresentKeyword.groovy:117)
	at com.kms.katalon.core.webui.keyword.builtin.VerifyElementNotPresentKeyword.execute(VerifyElementNotPresentKeyword.groovy:68)
	at com.kms.katalon.core.keyword.internal.KeywordExecutor.executeKeywordForPlatform(KeywordExecutor.groovy:74)
	at com.kms.katalon.core.webui.keyword.WebUiBuiltInKeywords.verifyElementNotPresent(WebUiBuiltInKeywords.groovy:1481)
	at com.kms.katalon.core.webui.keyword.WebUiBuiltInKeywords$verifyElementNotPresent$8.call(Unknown Source)
	at GetBrokSumPriceDaily.run(GetBrokSumPriceDaily:309)
	at com.kms.katalon.core.main.ScriptEngine.run(ScriptEngine.java:194)
	at com.kms.katalon.core.main.ScriptEngine.runScriptAsRawText(ScriptEngine.java:119)
	at com.kms.katalon.core.main.TestCaseExecutor.runScript(TestCaseExecutor.java:445)
	at com.kms.katalon.core.main.TestCaseExecutor.doExecute(TestCaseExecutor.java:436)
	at com.kms.katalon.core.main.TestCaseExecutor.processExecutionPhase(TestCaseExecutor.java:415)
	at com.kms.katalon.core.main.TestCaseExecutor.accessMainPhase(TestCaseExecutor.java:407)
	at com.kms.katalon.core.main.TestCaseExecutor.execute(TestCaseExecutor.java:284)
	at com.kms.katalon.core.common.CommonExecutor.accessTestCaseMainPhase(CommonExecutor.java:65)
	at com.kms.katalon.core.main.TestSuiteExecutor.accessTestSuiteMainPhase(TestSuiteExecutor.java:144)
	at com.kms.katalon.core.main.TestSuiteExecutor.execute(TestSuiteExecutor.java:106)
	at com.kms.katalon.core.main.TestCaseMain.startTestSuite(TestCaseMain.java:185)
	at com.kms.katalon.core.main.TestCaseMain$startTestSuite$0.call(Unknown Source)
	at TempTestSuite1705923140048.run(TempTestSuite1705923140048.groovy:36)
)

2024-01-22 18:37:16 - [MESSAGE][WARNING] - Web element with id: 'Object Repository/Stockbit/Bandarmology_Seller2' located by 'By.xpath: //*[contains(@id, 'rc-tabs-')]/div[2]/div/div/div/div/div/div[2]/table/tbody/tr[3]/td[5]/p' is present after '1' second(s) (Root cause: com.kms.katalon.core.exception.StepFailedException: Web element with id: 'Object Repository/Stockbit/Bandarmology_Seller2' located by 'By.xpath: //*[contains(@id, 'rc-tabs-')]/div[2]/div/div/div/div/div/div[2]/table/tbody/tr[3]/td[5]/p' is present after '1' second(s)
	at com.kms.katalon.core.webui.keyword.internal.WebUIKeywordMain.stepFailed(WebUIKeywordMain.groovy:64)
	at com.kms.katalon.core.webui.keyword.internal.WebUIKeywordMain$stepFailed$0.call(Unknown Source)
	at com.kms.katalon.core.webui.keyword.builtin.VerifyElementNotPresentKeyword$_verifyElementNotPresent_closure1.doCall(VerifyElementNotPresentKeyword.groovy:106)
	at com.kms.katalon.core.webui.keyword.builtin.VerifyElementNotPresentKeyword$_verifyElementNotPresent_closure1.doCall(VerifyElementNotPresentKeyword.groovy)
	at com.kms.katalon.core.webui.keyword.internal.WebUIKeywordMain.runKeyword(WebUIKeywordMain.groovy:20)
	at com.kms.katalon.core.webui.keyword.internal.WebUIKeywordMain$runKeyword.call(Unknown Source)
	at com.kms.katalon.core.webui.keyword.builtin.VerifyElementNotPresentKeyword.verifyElementNotPresent(VerifyElementNotPresentKeyword.groovy:117)
	at com.kms.katalon.core.webui.keyword.builtin.VerifyElementNotPresentKeyword.execute(VerifyElementNotPresentKeyword.groovy:68)
	at com.kms.katalon.core.keyword.internal.KeywordExecutor.executeKeywordForPlatform(KeywordExecutor.groovy:74)
	at com.kms.katalon.core.webui.keyword.WebUiBuiltInKeywords.verifyElementNotPresent(WebUiBuiltInKeywords.groovy:1481)
	at com.kms.katalon.core.webui.keyword.WebUiBuiltInKeywords$verifyElementNotPresent$8.call(Unknown Source)
	at GetBrokSumPriceDaily.run(GetBrokSumPriceDaily:309)
	at com.kms.katalon.core.main.ScriptEngine.run(ScriptEngine.java:194)
	at com.kms.katalon.core.main.ScriptEngine.runScriptAsRawText(ScriptEngine.java:119)
	at com.kms.katalon.core.main.TestCaseExecutor.runScript(TestCaseExecutor.java:445)
	at com.kms.katalon.core.main.TestCaseExecutor.doExecute(TestCaseExecutor.java:436)
	at com.kms.katalon.core.main.TestCaseExecutor.processExecutionPhase(TestCaseExecutor.java:415)
	at com.kms.katalon.core.main.TestCaseExecutor.accessMainPhase(TestCaseExecutor.java:407)
	at com.kms.katalon.core.main.TestCaseExecutor.execute(TestCaseExecutor.java:284)
	at com.kms.katalon.core.common.CommonExecutor.accessTestCaseMainPhase(CommonExecutor.java:65)
	at com.kms.katalon.core.main.TestSuiteExecutor.accessTestSuiteMainPhase(TestSuiteExecutor.java:144)
	at com.kms.katalon.core.main.TestSuiteExecutor.execute(TestSuiteExecutor.java:106)
	at com.kms.katalon.core.main.TestCaseMain.startTestSuite(TestCaseMain.java:185)
	at com.kms.katalon.core.main.TestCaseMain$startTestSuite$0.call(Unknown Source)
	at TempTestSuite1705923140048.run(TempTestSuite1705923140048.groovy:36)
)
[[ATTACHMENT|C:\\Users\\Fadli\\git\\KatalonDailyGetData2\\Reports\\20240122_174123\\TS1\\20240122_183220\\1705923436689.png]]

2024-01-22 18:37:16 - [TEST_STEP][PASSED] - else: null

2024-01-22 18:37:16 - [TEST_STEP][PASSED] - strSeller2 = getText(findTestObject("Stockbit/Bandarmology_Seller2")): Text of object 'Object Repository/Stockbit/Bandarmology_Seller2' is: ''

2024-01-22 18:37:16 - [MESSAGE][PASSED] - Text of object 'Object Repository/Stockbit/Bandarmology_Seller2' is: ''

2024-01-22 18:37:16 - [TEST_STEP][PASSED] - strSellerVol2 = getText(findTestObject("Stockbit/Bandarmology_SellerVol2")): Text of object 'Object Repository/Stockbit/Bandarmology_SellerVol2' is: ''

2024-01-22 18:37:17 - [MESSAGE][PASSED] - Text of object 'Object Repository/Stockbit/Bandarmology_SellerVol2' is: ''

2024-01-22 18:37:17 - [TEST_STEP][PASSED] - strSellerAvg2 = getText(findTestObject("Stockbit/Bandarmology_SellerAvg2")): Text of object 'Object Repository/Stockbit/Bandarmology_SellerAvg2' is: ''

2024-01-22 18:37:17 - [MESSAGE][PASSED] - Text of object 'Object Repository/Stockbit/Bandarmology_SellerAvg2' is: ''

2024-01-22 18:37:17 - [TEST_STEP][PASSED] - if (strSeller2 != ""): null

2024-01-22 18:37:17 - [TEST_STEP][PASSED] - else: null

2024-01-22 18:37:17 - [TEST_STEP][PASSED] - strSeller2 = "-": null

2024-01-22 18:37:17 - [TEST_STEP][PASSED] - strSellerVol2 = "0": null

2024-01-22 18:37:17 - [TEST_STEP][PASSED] - strSellerAvg2 = "0": null

2024-01-22 18:37:17 - [TEST_STEP][PASSED] - if (verifyElementNotPresent(findTestObject("Stockbit/Bandarmology_Buyer3"), 1, OPTIONAL)): null

2024-01-22 18:37:17 - [MESSAGE][PASSED] - Web element with id: 'Object Repository/Stockbit/Bandarmology_Buyer3' located by 'By.xpath: //*[contains(@id, 'rc-tabs-')]/div[2]/div/div/div/div/div/div[2]/table/tbody/tr[4]/td[1]/p' is not present after '1' second(s)

2024-01-22 18:37:17 - [TEST_STEP][PASSED] - strBuyer3 = "-": null

2024-01-22 18:37:17 - [TEST_STEP][PASSED] - strBuyerVol3 = "0": null

2024-01-22 18:37:17 - [TEST_STEP][PASSED] - strBuyerAvg3 = "0": null

2024-01-22 18:37:17 - [TEST_STEP][PASSED] - if (verifyElementNotPresent(findTestObject("Stockbit/Bandarmology_Seller3"), 1, OPTIONAL)): null

2024-01-22 18:37:17 - [MESSAGE][PASSED] - Web element with id: 'Object Repository/Stockbit/Bandarmology_Seller3' located by 'By.xpath: //*[contains(@id, 'rc-tabs-')]/div[2]/div/div/div/div/div/div[2]/table/tbody/tr[4]/td[5]/p' is not present after '1' second(s)

2024-01-22 18:37:17 - [TEST_STEP][PASSED] - strSeller3 = "-": null

2024-01-22 18:37:17 - [TEST_STEP][PASSED] - strSellerVol3 = "0": null

2024-01-22 18:37:17 - [TEST_STEP][PASSED] - strSellerAvg3 = "0": null

2024-01-22 18:37:17 - [TEST_STEP][PASSED] - strAccDist = getText(findTestObject("Stockbit/Bandarmology_AccDist")): Text of object 'Object Repository/Stockbit/Bandarmology_AccDist' is: 'Dist'

2024-01-22 18:37:17 - [MESSAGE][PASSED] - Text of object 'Object Repository/Stockbit/Bandarmology_AccDist' is: 'Dist'

2024-01-22 18:37:17 - [TEST_STEP][PASSED] - strNetVol = getText(findTestObject("Stockbit/Bandarmology_NetVol")): Text of object 'Object Repository/Stockbit/Bandarmology_NetVol' is: '28'

2024-01-22 18:37:17 - [MESSAGE][PASSED] - Text of object 'Object Repository/Stockbit/Bandarmology_NetVol' is: '28'

2024-01-22 18:37:17 - [TEST_STEP][PASSED] - strNetVol = strNetVol.replace(",", ""): null

2024-01-22 18:37:17 - [TEST_STEP][PASSED] - strNetVal = getText(findTestObject("Stockbit/Bandarmology_NetVal")): Text of object 'Object Repository/Stockbit/Bandarmology_NetVal' is: '0 B'

2024-01-22 18:37:17 - [MESSAGE][PASSED] - Text of object 'Object Repository/Stockbit/Bandarmology_NetVal' is: '0 B'

2024-01-22 18:37:17 - [TEST_STEP][PASSED] - delay(3): Delayed 3 second(s)

2024-01-22 18:37:20 - [MESSAGE][PASSED] - Delayed 3 second(s)

2024-01-22 18:37:20 - [TEST_STEP][PASSED] - strOpenPrice = getText(findTestObject("Stockbit/Home_OpenPrice")): Text of object 'Object Repository/Stockbit/Home_OpenPrice' is: '50'

2024-01-22 18:37:20 - [MESSAGE][PASSED] - Text of object 'Object Repository/Stockbit/Home_OpenPrice' is: '50'

2024-01-22 18:37:20 - [TEST_STEP][PASSED] - strOpenPrice = strOpenPrice.replace(",", ""): null

2024-01-22 18:37:20 - [TEST_STEP][PASSED] - strLowPrice = getText(findTestObject("Stockbit/Home_LowPrice")): Text of object 'Object Repository/Stockbit/Home_LowPrice' is: '50'

2024-01-22 18:37:20 - [MESSAGE][PASSED] - Text of object 'Object Repository/Stockbit/Home_LowPrice' is: '50'

2024-01-22 18:37:20 - [TEST_STEP][PASSED] - strLowPrice = strLowPrice.replace(",", ""): null

2024-01-22 18:37:20 - [TEST_STEP][PASSED] - strHighPrice = getText(findTestObject("Stockbit/Home_HighPrice")): Text of object 'Object Repository/Stockbit/Home_HighPrice' is: '50'

2024-01-22 18:37:21 - [MESSAGE][PASSED] - Text of object 'Object Repository/Stockbit/Home_HighPrice' is: '50'

2024-01-22 18:37:21 - [TEST_STEP][PASSED] - strHighPrice = strHighPrice.replace(",", ""): null

2024-01-22 18:37:21 - [TEST_STEP][PASSED] - strClosePrice = getText(findTestObject("Stockbit/Home_ClosePrice")): Text of object 'Object Repository/Stockbit/Home_ClosePrice' is: '50'

2024-01-22 18:37:21 - [MESSAGE][PASSED] - Text of object 'Object Repository/Stockbit/Home_ClosePrice' is: '50'

2024-01-22 18:37:21 - [TEST_STEP][PASSED] - strClosePrice = strClosePrice.replace(",", ""): null

2024-01-22 18:37:21 - [TEST_STEP][PASSED] - strVol = getText(findTestObject("Stockbit/Home_Volume")): Text of object 'Object Repository/Stockbit/Home_Volume' is: '28'

2024-01-22 18:37:21 - [MESSAGE][PASSED] - Text of object 'Object Repository/Stockbit/Home_Volume' is: '28'

2024-01-22 18:37:21 - [TEST_STEP][PASSED] - if (strVol.contains(" K")): null

2024-01-22 18:37:21 - [TEST_STEP][PASSED] - if (strVol.contains(",")): null

2024-01-22 18:37:21 - [TEST_STEP][PASSED] - strChange = getText(findTestObject("Stockbit/Home_Change")): Text of object 'Object Repository/Stockbit/Home_Change' is: '0.00%'

2024-01-22 18:37:21 - [MESSAGE][PASSED] - Text of object 'Object Repository/Stockbit/Home_Change' is: '0.00%'

2024-01-22 18:37:21 - [TEST_STEP][PASSED] - strChange = strChange.replace("%", ""): null

2024-01-22 18:37:21 - [TEST_STEP][PASSED] - strFreq = getText(findTestObject("Stockbit/Home_Freq")): Text of object 'Object Repository/Stockbit/Home_Freq' is: '4'

2024-01-22 18:37:21 - [MESSAGE][PASSED] - Text of object 'Object Repository/Stockbit/Home_Freq' is: '4'

2024-01-22 18:37:21 - [TEST_STEP][PASSED] - if (strFreq.contains(",")): null

2024-01-22 18:37:21 - [TEST_STEP][PASSED] - if (strFreq == "NA" || strFreq == ""): null

2024-01-22 18:37:21 - [TEST_STEP][PASSED] - else: null

2024-01-22 18:37:21 - [TEST_STEP][PASSED] - dblFreqAnal = strVol.toDouble() / strFreq.toDouble() * strFreq.toDouble() * strFreq.toDouble() * 100000000: null

2024-01-22 18:37:21 - [TEST_STEP][PASSED] - strFreqAnal = String.format("%.4f", dblFreqAnal): null

2024-01-22 18:37:21 - [TEST_STEP][PASSED] - out.println("Double strFreqAnal: " + strFreqAnal): null

2024-01-22 18:37:21 - [TEST_STEP][PASSED] - strTanggal = d.format(DateTimeFormatter.ofPattern("yyyy-MM-dd")): null

2024-01-22 18:37:21 - [TEST_STEP][PASSED] - strTanggal = "#" + strTanggal + "#": null

2024-01-22 18:37:21 - [TEST_STEP][PASSED] - strSQL = "select count(*) as JumBaris from TblBrokSum where Nama = '" + strNama + "' and Tanggal = " + strTanggal + "": null

2024-01-22 18:37:21 - [TEST_STEP][PASSED] - resultSet = statement.executeQuery(strSQL): null

2024-01-22 18:37:21 - [TEST_STEP][PASSED] - resultSet.next(): null

2024-01-22 18:37:21 - [TEST_STEP][PASSED] - intJumBaris = resultSet.getInt("JumBaris"): null

2024-01-22 18:37:21 - [TEST_STEP][PASSED] - if (intJumBaris > 0): null

2024-01-22 18:37:21 - [TEST_STEP][PASSED] - else: null

2024-01-22 18:37:21 - [TEST_STEP][PASSED] - try: null

2024-01-22 18:37:21 - [TEST_STEP][PASSED] - out.println("Insert data"): null

2024-01-22 18:37:21 - [TEST_STEP][PASSED] - strSQL = "insert into TblBrokSum (nama, tanggal, top1, top2, top3, AllBrokAvg, AccDist, AvgRP, " + "Buyer1, BuyerVal1, BuyerAvg1, Seller1, SellerVal1, SellerAvg1, Buyer2, BuyerVal2, BuyerAvg2, " + "Seller2, SellerVal2, SellerAvg2, Buyer3, BuyerVal3, BuyerAvg3, Seller3, SellerVal3, SellerAvg3, NetVol, NetVal, " + "OpenPrice, LowPrice, HighPrice, ClosePrice, Volume, Change, Frekuensi, FrekAnal) " + "values ('" + strNama + "', " + strTanggal + ", '" + strTop1 + "', '" + strTop3 + "', '" + strTop5 + "', " + "'" + strAllBrokAvg + "', '" + strAccDist + "', " + intAvgRP + ", '" + strBuyer1 + "', '" + strBuyerVol1 + "', " + strBuyerAvg1 + ", " + "'" + strSeller1 + "', '" + strSellerVol1 + "', " + strSellerAvg1 + ", '" + strBuyer2 + "', '" + strBuyerVol2 + "', " + strBuyerAvg2 + ", " + "'" + strSeller2 + "', '" + strSellerVol2 + "', " + strSellerAvg2 + ", '" + strBuyer3 + "', '" + strBuyerVol3 + "', " + strBuyerAvg3 + ", " + "'" + strSeller3 + "', '" + strSellerVol3 + "', " + strSellerAvg3 + ", " + strNetVol + ", '" + strNetVal + "', " + "" + strOpenPrice + ", " + strLowPrice + ", " + strHighPrice + ", " + strClosePrice + ", '" + strVol + "', " + strChange + ", " + strFreq + ", " + strFreqAnal + ");": null

2024-01-22 18:37:21 - [TEST_STEP][PASSED] - out.println("strSQL = " + strSQL): null

2024-01-22 18:37:21 - [TEST_STEP][PASSED] - statement.executeUpdate(strSQL): null

2024-01-22 18:37:21 - [TEST_STEP][PASSED] - setValueToCellByIndex(sheet01, rowIndex, 4, "DONE"): null

2024-01-22 18:37:21 - [TEST_STEP][PASSED] - saveWorkbook(excelFilePath, workbook01): null

2024-01-22 18:37:21 - [TEST_STEP][PASSED] - waitForElementClickable(findTestObject("Stockbit/menu_Bandarmology"), 10): Object 'Object Repository/Stockbit/menu_Bandarmology' is clickable

2024-01-22 18:37:21 - [MESSAGE][PASSED] - Object 'Object Repository/Stockbit/menu_Bandarmology' is clickable

2024-01-22 18:37:21 - [TEST_STEP][PASSED] - click(findTestObject("Stockbit/menu_Bandarmology")): Object: 'Object Repository/Stockbit/menu_Bandarmology' is clicked on

2024-01-22 18:37:22 - [MESSAGE][PASSED] - Object: 'Object Repository/Stockbit/menu_Bandarmology' is clicked on

2024-01-22 18:37:22 - [TEST_STEP][PASSED] - strTemp = "NA": null

2024-01-22 18:37:22 - [TEST_STEP][PASSED] - if (getCellValueByIndex(sheet01, rowIndex, 4) != "DONE"): Object: 'Object Repository/Stockbit/menu_Bandarmology' is clicked on

2024-01-22 18:37:22 - [TEST_STEP][PASSED] - strNama = getCellValueByIndex(sheet01, rowIndex, 0): null

2024-01-22 18:37:22 - [TEST_STEP][PASSED] - navigateToUrl("https://stockbit.com/#/symbol/" + strNama): Navigate to 'https://stockbit.com/#/symbol/ELPI' successfully

2024-01-22 18:37:23 - [MESSAGE][PASSED] - Navigate to 'https://stockbit.com/#/symbol/ELPI' successfully

2024-01-22 18:37:23 - [TEST_STEP][PASSED] - waitForElementClickable(findTestObject("Stockbit/menu_Bandarmology"), 10): Object 'Object Repository/Stockbit/menu_Bandarmology' is clickable

2024-01-22 18:37:24 - [MESSAGE][PASSED] - Object 'Object Repository/Stockbit/menu_Bandarmology' is clickable

2024-01-22 18:37:24 - [TEST_STEP][PASSED] - click(findTestObject("Stockbit/menu_Bandarmology")): Object: 'Object Repository/Stockbit/menu_Bandarmology' is clicked on

2024-01-22 18:37:24 - [MESSAGE][PASSED] - Object: 'Object Repository/Stockbit/menu_Bandarmology' is clicked on

2024-01-22 18:37:24 - [TEST_STEP][PASSED] - strTanggal = d.format(DateTimeFormatter.ofPattern("MMM dd, yyyy")): null

2024-01-22 18:37:24 - [TEST_STEP][PASSED] - strTanggal = d.format(ISO_DATE): null

2024-01-22 18:37:24 - [TEST_STEP][PASSED] - out.println("strTanggal = " + strTanggal): null

2024-01-22 18:37:24 - [TEST_STEP][PASSED] - out.println("strNama = " + strNama): null

2024-01-22 18:37:24 - [TEST_STEP][PASSED] - out.println("Baris ke = " + rowIndex): null

2024-01-22 18:37:24 - [TEST_STEP][PASSED] - click(findTestObject("Stockbit/input__BandarmologyOpenStartDate")): Object: 'Object Repository/Stockbit/input__BandarmologyOpenStartDate' is clicked on

2024-01-22 18:37:26 - [MESSAGE][PASSED] - Object: 'Object Repository/Stockbit/input__BandarmologyOpenStartDate' is clicked on

2024-01-22 18:37:26 - [TEST_STEP][PASSED] - sendKeys(findTestObject("Stockbit/input__BandarmologyOpenStartDate"), Keys.chord(CONTROL, "a")): Keys 'CONTROL + a' sent to object: 'Object Repository/Stockbit/input__BandarmologyOpenStartDate'

2024-01-22 18:37:26 - [MESSAGE][PASSED] - Keys 'CONTROL + a' sent to object: 'Object Repository/Stockbit/input__BandarmologyOpenStartDate'

2024-01-22 18:37:26 - [TEST_STEP][PASSED] - sendKeys(findTestObject("Stockbit/input__BandarmologyOpenStartDate"), Keys.chord(BACK_SPACE)): Keys 'BACK_SPACE + ' sent to object: 'Object Repository/Stockbit/input__BandarmologyOpenStartDate'

2024-01-22 18:37:27 - [MESSAGE][PASSED] - Keys 'BACK_SPACE + ' sent to object: 'Object Repository/Stockbit/input__BandarmologyOpenStartDate'

2024-01-22 18:37:27 - [TEST_STEP][PASSED] - setText(findTestObject("Stockbit/input__BandarmologyOpenStartDate"), strTanggal): Text '2024-01-22' is set on object 'Object Repository/Stockbit/input__BandarmologyOpenStartDate'

2024-01-22 18:37:27 - [MESSAGE][PASSED] - Text '2024-01-22' is set on object 'Object Repository/Stockbit/input__BandarmologyOpenStartDate'

2024-01-22 18:37:27 - [TEST_STEP][PASSED] - sendKeys(findTestObject("Stockbit/input__BandarmologyOpenStartDate"), Keys.chord(ENTER)): Keys 'ENTER + ' sent to object: 'Object Repository/Stockbit/input__BandarmologyOpenStartDate'

2024-01-22 18:37:28 - [MESSAGE][PASSED] - Keys 'ENTER + ' sent to object: 'Object Repository/Stockbit/input__BandarmologyOpenStartDate'

2024-01-22 18:37:28 - [TEST_STEP][PASSED] - click(findTestObject("Stockbit/input__BandarmologyOpenEndDate")): Object: 'Object Repository/Stockbit/input__BandarmologyOpenEndDate' is clicked on

2024-01-22 18:37:28 - [MESSAGE][PASSED] - Object: 'Object Repository/Stockbit/input__BandarmologyOpenEndDate' is clicked on

2024-01-22 18:37:28 - [TEST_STEP][PASSED] - sendKeys(findTestObject("Stockbit/input__BandarmologyOpenEndDate"), Keys.chord(CONTROL, "a")): Keys 'CONTROL + a' sent to object: 'Object Repository/Stockbit/input__BandarmologyOpenEndDate'

2024-01-22 18:37:28 - [MESSAGE][PASSED] - Keys 'CONTROL + a' sent to object: 'Object Repository/Stockbit/input__BandarmologyOpenEndDate'

2024-01-22 18:37:28 - [TEST_STEP][PASSED] - sendKeys(findTestObject("Stockbit/input__BandarmologyOpenEndDate"), Keys.chord(BACK_SPACE)): Keys 'BACK_SPACE + ' sent to object: 'Object Repository/Stockbit/input__BandarmologyOpenEndDate'

2024-01-22 18:37:29 - [MESSAGE][PASSED] - Keys 'BACK_SPACE + ' sent to object: 'Object Repository/Stockbit/input__BandarmologyOpenEndDate'

2024-01-22 18:37:29 - [TEST_STEP][PASSED] - setText(findTestObject("Stockbit/input__BandarmologyOpenEndDate"), strTanggal): Text '2024-01-22' is set on object 'Object Repository/Stockbit/input__BandarmologyOpenEndDate'

2024-01-22 18:37:30 - [MESSAGE][PASSED] - Text '2024-01-22' is set on object 'Object Repository/Stockbit/input__BandarmologyOpenEndDate'

2024-01-22 18:37:30 - [TEST_STEP][PASSED] - sendKeys(findTestObject("Stockbit/input__BandarmologyOpenEndDate"), Keys.chord(ENTER)): Keys 'ENTER + ' sent to object: 'Object Repository/Stockbit/input__BandarmologyOpenEndDate'

2024-01-22 18:37:30 - [MESSAGE][PASSED] - Keys 'ENTER + ' sent to object: 'Object Repository/Stockbit/input__BandarmologyOpenEndDate'

2024-01-22 18:37:30 - [TEST_STEP][PASSED] - delay(2): Delayed 2 second(s)

2024-01-22 18:37:32 - [MESSAGE][PASSED] - Delayed 2 second(s)

2024-01-22 18:37:32 - [TEST_STEP][PASSED] - strTemp = getText(findTestObject("Stockbit/Bandarmology_AvgRP")): Text of object 'Object Repository/Stockbit/Bandarmology_AvgRP' is: '292'

2024-01-22 18:37:32 - [MESSAGE][PASSED] - Text of object 'Object Repository/Stockbit/Bandarmology_AvgRP' is: '292'

2024-01-22 18:37:32 - [TEST_STEP][PASSED] - out.println("Bandarmology_AvgRP = " + strTemp): null

2024-01-22 18:37:32 - [TEST_STEP][PASSED] - if (strTemp != "0"): null

2024-01-22 18:37:32 - [TEST_STEP][PASSED] - strTop1 = getText(findTestObject("Stockbit/Bandarmology_Top1")): Text of object 'Object Repository/Stockbit/Bandarmology_Top1' is: 'Small Acc'

2024-01-22 18:37:32 - [MESSAGE][PASSED] - Text of object 'Object Repository/Stockbit/Bandarmology_Top1' is: 'Small Acc'

2024-01-22 18:37:32 - [TEST_STEP][PASSED] - strTop3 = getText(findTestObject("Stockbit/Bandarmology_Top3")): Text of object 'Object Repository/Stockbit/Bandarmology_Top3' is: 'Small Acc'

2024-01-22 18:37:32 - [MESSAGE][PASSED] - Text of object 'Object Repository/Stockbit/Bandarmology_Top3' is: 'Small Acc'

2024-01-22 18:37:32 - [TEST_STEP][PASSED] - strTop5 = getText(findTestObject("Stockbit/Bandarmology_Top5")): Text of object 'Object Repository/Stockbit/Bandarmology_Top5' is: 'Small Acc'

2024-01-22 18:37:33 - [MESSAGE][PASSED] - Text of object 'Object Repository/Stockbit/Bandarmology_Top5' is: 'Small Acc'

2024-01-22 18:37:33 - [TEST_STEP][PASSED] - strAllBrokAvg = getText(findTestObject("Stockbit/Bandarmology_TopAVG")): Text of object 'Object Repository/Stockbit/Bandarmology_TopAVG' is: 'Small Acc'

2024-01-22 18:37:33 - [MESSAGE][PASSED] - Text of object 'Object Repository/Stockbit/Bandarmology_TopAVG' is: 'Small Acc'

2024-01-22 18:37:33 - [TEST_STEP][PASSED] - strTemp = getText(findTestObject("Stockbit/Bandarmology_AvgRP")): Text of object 'Object Repository/Stockbit/Bandarmology_AvgRP' is: '292'

2024-01-22 18:37:33 - [MESSAGE][PASSED] - Text of object 'Object Repository/Stockbit/Bandarmology_AvgRP' is: '292'

2024-01-22 18:37:33 - [TEST_STEP][PASSED] - if (strTemp.contains(",")): null

2024-01-22 18:37:33 - [TEST_STEP][PASSED] - intAvgRP = strTemp.toInteger(): null

2024-01-22 18:37:33 - [TEST_STEP][PASSED] - strBuyer1 = getText(findTestObject("Stockbit/Bandarmology_Buyer1")): Text of object 'Object Repository/Stockbit/Bandarmology_Buyer1' is: 'YU'

2024-01-22 18:37:33 - [MESSAGE][PASSED] - Text of object 'Object Repository/Stockbit/Bandarmology_Buyer1' is: 'YU'

2024-01-22 18:37:33 - [TEST_STEP][PASSED] - strBuyerVol1 = getText(findTestObject("Stockbit/Bandarmology_BuyerVol1")): Text of object 'Object Repository/Stockbit/Bandarmology_BuyerVol1' is: '11.1 K'

2024-01-22 18:37:33 - [MESSAGE][PASSED] - Text of object 'Object Repository/Stockbit/Bandarmology_BuyerVol1' is: '11.1 K'

2024-01-22 18:37:33 - [TEST_STEP][PASSED] - strBuyerAvg1 = getText(findTestObject("Stockbit/Bandarmology_BuyerAvg1")): Text of object 'Object Repository/Stockbit/Bandarmology_BuyerAvg1' is: '291'

2024-01-22 18:37:33 - [MESSAGE][PASSED] - Text of object 'Object Repository/Stockbit/Bandarmology_BuyerAvg1' is: '291'

2024-01-22 18:37:33 - [TEST_STEP][PASSED] - if (strBuyerAvg1.contains(",")): null

2024-01-22 18:37:33 - [TEST_STEP][PASSED] - if (strBuyerVol1.contains(" B")): null

2024-01-22 18:37:33 - [TEST_STEP][PASSED] - else if (strBuyerVol1.contains(" M")): null

2024-01-22 18:37:33 - [TEST_STEP][PASSED] - else if (strBuyerVol1.contains(" K")): null

2024-01-22 18:37:33 - [TEST_STEP][PASSED] - strBuyerVol1 = strBuyerVol1.replace(" K", ""): null

2024-01-22 18:37:33 - [TEST_STEP][PASSED] - strBuyerVol1 = strBuyerVol1.toDouble() * 1000: null

2024-01-22 18:37:33 - [TEST_STEP][PASSED] - strSeller1 = getText(findTestObject("Stockbit/Bandarmology_Seller1")): Text of object 'Object Repository/Stockbit/Bandarmology_Seller1' is: 'AZ'

2024-01-22 18:37:33 - [MESSAGE][PASSED] - Text of object 'Object Repository/Stockbit/Bandarmology_Seller1' is: 'AZ'

2024-01-22 18:37:33 - [TEST_STEP][PASSED] - strSellerVol1 = getText(findTestObject("Stockbit/Bandarmology_SellerVol1")): Text of object 'Object Repository/Stockbit/Bandarmology_SellerVol1' is: '8.7 K'

2024-01-22 18:37:33 - [MESSAGE][PASSED] - Text of object 'Object Repository/Stockbit/Bandarmology_SellerVol1' is: '8.7 K'

2024-01-22 18:37:33 - [TEST_STEP][PASSED] - strSellerAvg1 = getText(findTestObject("Stockbit/Bandarmology_SellerAvg1")): Text of object 'Object Repository/Stockbit/Bandarmology_SellerAvg1' is: '291'

2024-01-22 18:37:33 - [MESSAGE][PASSED] - Text of object 'Object Repository/Stockbit/Bandarmology_SellerAvg1' is: '291'

2024-01-22 18:37:33 - [TEST_STEP][PASSED] - if (strSellerAvg1.contains(",")): null

2024-01-22 18:37:33 - [TEST_STEP][PASSED] - if (strSellerVol1.contains(" B")): null

2024-01-22 18:37:33 - [TEST_STEP][PASSED] - else if (strSellerVol1.contains(" M")): null

2024-01-22 18:37:33 - [TEST_STEP][PASSED] - else if (strSellerVol1.contains(" K")): null

2024-01-22 18:37:33 - [TEST_STEP][PASSED] - strSellerVol1 = strSellerVol1.replace(" K", ""): null

2024-01-22 18:37:33 - [TEST_STEP][PASSED] - strSellerVol1 = strSellerVol1.toDouble() * 1000: null

2024-01-22 18:37:33 - [TEST_STEP][PASSED] - if (verifyElementNotPresent(findTestObject("Stockbit/Bandarmology_Buyer2"), 1, OPTIONAL)): Web element with id: 'Object Repository/Stockbit/Bandarmology_Buyer2' located by 'By.xpath: //*[contains(@id, 'rc-tabs-')]/div[2]/div/div/div/div/div/div[2]/table/tbody/tr[3]/td[1]/p' is present after '1' second(s) (Root cause: com.kms.katalon.core.exception.StepFailedException: Web element with id: 'Object Repository/Stockbit/Bandarmology_Buyer2' located by 'By.xpath: //*[contains(@id, 'rc-tabs-')]/div[2]/div/div/div/div/div/div[2]/table/tbody/tr[3]/td[1]/p' is present after '1' second(s)
	at com.kms.katalon.core.webui.keyword.internal.WebUIKeywordMain.stepFailed(WebUIKeywordMain.groovy:64)
	at com.kms.katalon.core.webui.keyword.internal.WebUIKeywordMain$stepFailed$0.call(Unknown Source)
	at com.kms.katalon.core.webui.keyword.builtin.VerifyElementNotPresentKeyword$_verifyElementNotPresent_closure1.doCall(VerifyElementNotPresentKeyword.groovy:106)
	at com.kms.katalon.core.webui.keyword.builtin.VerifyElementNotPresentKeyword$_verifyElementNotPresent_closure1.doCall(VerifyElementNotPresentKeyword.groovy)
	at com.kms.katalon.core.webui.keyword.internal.WebUIKeywordMain.runKeyword(WebUIKeywordMain.groovy:20)
	at com.kms.katalon.core.webui.keyword.internal.WebUIKeywordMain$runKeyword.call(Unknown Source)
	at com.kms.katalon.core.webui.keyword.builtin.VerifyElementNotPresentKeyword.verifyElementNotPresent(VerifyElementNotPresentKeyword.groovy:117)
	at com.kms.katalon.core.webui.keyword.builtin.VerifyElementNotPresentKeyword.execute(VerifyElementNotPresentKeyword.groovy:68)
	at com.kms.katalon.core.keyword.internal.KeywordExecutor.executeKeywordForPlatform(KeywordExecutor.groovy:74)
	at com.kms.katalon.core.webui.keyword.WebUiBuiltInKeywords.verifyElementNotPresent(WebUiBuiltInKeywords.groovy:1481)
	at com.kms.katalon.core.webui.keyword.WebUiBuiltInKeywords$verifyElementNotPresent$8.call(Unknown Source)
	at GetBrokSumPriceDaily.run(GetBrokSumPriceDaily:258)
	at com.kms.katalon.core.main.ScriptEngine.run(ScriptEngine.java:194)
	at com.kms.katalon.core.main.ScriptEngine.runScriptAsRawText(ScriptEngine.java:119)
	at com.kms.katalon.core.main.TestCaseExecutor.runScript(TestCaseExecutor.java:445)
	at com.kms.katalon.core.main.TestCaseExecutor.doExecute(TestCaseExecutor.java:436)
	at com.kms.katalon.core.main.TestCaseExecutor.processExecutionPhase(TestCaseExecutor.java:415)
	at com.kms.katalon.core.main.TestCaseExecutor.accessMainPhase(TestCaseExecutor.java:407)
	at com.kms.katalon.core.main.TestCaseExecutor.execute(TestCaseExecutor.java:284)
	at com.kms.katalon.core.common.CommonExecutor.accessTestCaseMainPhase(CommonExecutor.java:65)
	at com.kms.katalon.core.main.TestSuiteExecutor.accessTestSuiteMainPhase(TestSuiteExecutor.java:144)
	at com.kms.katalon.core.main.TestSuiteExecutor.execute(TestSuiteExecutor.java:106)
	at com.kms.katalon.core.main.TestCaseMain.startTestSuite(TestCaseMain.java:185)
	at com.kms.katalon.core.main.TestCaseMain$startTestSuite$0.call(Unknown Source)
	at TempTestSuite1705923140048.run(TempTestSuite1705923140048.groovy:36)
)

2024-01-22 18:37:35 - [MESSAGE][WARNING] - Web element with id: 'Object Repository/Stockbit/Bandarmology_Buyer2' located by 'By.xpath: //*[contains(@id, 'rc-tabs-')]/div[2]/div/div/div/div/div/div[2]/table/tbody/tr[3]/td[1]/p' is present after '1' second(s) (Root cause: com.kms.katalon.core.exception.StepFailedException: Web element with id: 'Object Repository/Stockbit/Bandarmology_Buyer2' located by 'By.xpath: //*[contains(@id, 'rc-tabs-')]/div[2]/div/div/div/div/div/div[2]/table/tbody/tr[3]/td[1]/p' is present after '1' second(s)
	at com.kms.katalon.core.webui.keyword.internal.WebUIKeywordMain.stepFailed(WebUIKeywordMain.groovy:64)
	at com.kms.katalon.core.webui.keyword.internal.WebUIKeywordMain$stepFailed$0.call(Unknown Source)
	at com.kms.katalon.core.webui.keyword.builtin.VerifyElementNotPresentKeyword$_verifyElementNotPresent_closure1.doCall(VerifyElementNotPresentKeyword.groovy:106)
	at com.kms.katalon.core.webui.keyword.builtin.VerifyElementNotPresentKeyword$_verifyElementNotPresent_closure1.doCall(VerifyElementNotPresentKeyword.groovy)
	at com.kms.katalon.core.webui.keyword.internal.WebUIKeywordMain.runKeyword(WebUIKeywordMain.groovy:20)
	at com.kms.katalon.core.webui.keyword.internal.WebUIKeywordMain$runKeyword.call(Unknown Source)
	at com.kms.katalon.core.webui.keyword.builtin.VerifyElementNotPresentKeyword.verifyElementNotPresent(VerifyElementNotPresentKeyword.groovy:117)
	at com.kms.katalon.core.webui.keyword.builtin.VerifyElementNotPresentKeyword.execute(VerifyElementNotPresentKeyword.groovy:68)
	at com.kms.katalon.core.keyword.internal.KeywordExecutor.executeKeywordForPlatform(KeywordExecutor.groovy:74)
	at com.kms.katalon.core.webui.keyword.WebUiBuiltInKeywords.verifyElementNotPresent(WebUiBuiltInKeywords.groovy:1481)
	at com.kms.katalon.core.webui.keyword.WebUiBuiltInKeywords$verifyElementNotPresent$8.call(Unknown Source)
	at GetBrokSumPriceDaily.run(GetBrokSumPriceDaily:258)
	at com.kms.katalon.core.main.ScriptEngine.run(ScriptEngine.java:194)
	at com.kms.katalon.core.main.ScriptEngine.runScriptAsRawText(ScriptEngine.java:119)
	at com.kms.katalon.core.main.TestCaseExecutor.runScript(TestCaseExecutor.java:445)
	at com.kms.katalon.core.main.TestCaseExecutor.doExecute(TestCaseExecutor.java:436)
	at com.kms.katalon.core.main.TestCaseExecutor.processExecutionPhase(TestCaseExecutor.java:415)
	at com.kms.katalon.core.main.TestCaseExecutor.accessMainPhase(TestCaseExecutor.java:407)
	at com.kms.katalon.core.main.TestCaseExecutor.execute(TestCaseExecutor.java:284)
	at com.kms.katalon.core.common.CommonExecutor.accessTestCaseMainPhase(CommonExecutor.java:65)
	at com.kms.katalon.core.main.TestSuiteExecutor.accessTestSuiteMainPhase(TestSuiteExecutor.java:144)
	at com.kms.katalon.core.main.TestSuiteExecutor.execute(TestSuiteExecutor.java:106)
	at com.kms.katalon.core.main.TestCaseMain.startTestSuite(TestCaseMain.java:185)
	at com.kms.katalon.core.main.TestCaseMain$startTestSuite$0.call(Unknown Source)
	at TempTestSuite1705923140048.run(TempTestSuite1705923140048.groovy:36)
)
[[ATTACHMENT|C:\\Users\\Fadli\\git\\KatalonDailyGetData2\\Reports\\20240122_174123\\TS1\\20240122_183220\\1705923455186.png]]

2024-01-22 18:37:35 - [TEST_STEP][PASSED] - else: null

2024-01-22 18:37:35 - [TEST_STEP][PASSED] - strBuyer2 = getText(findTestObject("Stockbit/Bandarmology_Buyer2")): Text of object 'Object Repository/Stockbit/Bandarmology_Buyer2' is: 'CP'

2024-01-22 18:37:35 - [MESSAGE][PASSED] - Text of object 'Object Repository/Stockbit/Bandarmology_Buyer2' is: 'CP'

2024-01-22 18:37:35 - [TEST_STEP][PASSED] - strBuyerVol2 = getText(findTestObject("Stockbit/Bandarmology_BuyerVol2")): Text of object 'Object Repository/Stockbit/Bandarmology_BuyerVol2' is: '4.6 K'

2024-01-22 18:37:35 - [MESSAGE][PASSED] - Text of object 'Object Repository/Stockbit/Bandarmology_BuyerVol2' is: '4.6 K'

2024-01-22 18:37:35 - [TEST_STEP][PASSED] - strBuyerAvg2 = getText(findTestObject("Stockbit/Bandarmology_BuyerAvg2")): Text of object 'Object Repository/Stockbit/Bandarmology_BuyerAvg2' is: '291'

2024-01-22 18:37:35 - [MESSAGE][PASSED] - Text of object 'Object Repository/Stockbit/Bandarmology_BuyerAvg2' is: '291'

2024-01-22 18:37:35 - [TEST_STEP][PASSED] - if (strBuyer2 != ""): null

2024-01-22 18:37:35 - [TEST_STEP][PASSED] - if (strBuyerAvg2.contains(",")): null

2024-01-22 18:37:35 - [TEST_STEP][PASSED] - if (strBuyerVol2.contains(" B")): null

2024-01-22 18:37:35 - [TEST_STEP][PASSED] - else if (strBuyerVol2.contains(" M")): null

2024-01-22 18:37:35 - [TEST_STEP][PASSED] - else if (strBuyerVol2.contains(" K")): null

2024-01-22 18:37:35 - [TEST_STEP][PASSED] - strBuyerVol2 = strBuyerVol2.replace(" K", ""): null

2024-01-22 18:37:35 - [TEST_STEP][PASSED] - strBuyerVol2 = strBuyerVol2.toDouble() * 1000: null

2024-01-22 18:37:35 - [TEST_STEP][PASSED] - if (strBuyerVol2.contains(".")): null

2024-01-22 18:37:35 - [TEST_STEP][PASSED] - strBuyerVal2 = strBuyerVol2.replace(".", ""): null

2024-01-22 18:37:35 - [TEST_STEP][PASSED] - if (verifyElementNotPresent(findTestObject("Stockbit/Bandarmology_Seller2"), 1, OPTIONAL)): Web element with id: 'Object Repository/Stockbit/Bandarmology_Seller2' located by 'By.xpath: //*[contains(@id, 'rc-tabs-')]/div[2]/div/div/div/div/div/div[2]/table/tbody/tr[3]/td[5]/p' is present after '1' second(s) (Root cause: com.kms.katalon.core.exception.StepFailedException: Web element with id: 'Object Repository/Stockbit/Bandarmology_Seller2' located by 'By.xpath: //*[contains(@id, 'rc-tabs-')]/div[2]/div/div/div/div/div/div[2]/table/tbody/tr[3]/td[5]/p' is present after '1' second(s)
	at com.kms.katalon.core.webui.keyword.internal.WebUIKeywordMain.stepFailed(WebUIKeywordMain.groovy:64)
	at com.kms.katalon.core.webui.keyword.internal.WebUIKeywordMain$stepFailed$0.call(Unknown Source)
	at com.kms.katalon.core.webui.keyword.builtin.VerifyElementNotPresentKeyword$_verifyElementNotPresent_closure1.doCall(VerifyElementNotPresentKeyword.groovy:106)
	at com.kms.katalon.core.webui.keyword.builtin.VerifyElementNotPresentKeyword$_verifyElementNotPresent_closure1.doCall(VerifyElementNotPresentKeyword.groovy)
	at com.kms.katalon.core.webui.keyword.internal.WebUIKeywordMain.runKeyword(WebUIKeywordMain.groovy:20)
	at com.kms.katalon.core.webui.keyword.internal.WebUIKeywordMain$runKeyword.call(Unknown Source)
	at com.kms.katalon.core.webui.keyword.builtin.VerifyElementNotPresentKeyword.verifyElementNotPresent(VerifyElementNotPresentKeyword.groovy:117)
	at com.kms.katalon.core.webui.keyword.builtin.VerifyElementNotPresentKeyword.execute(VerifyElementNotPresentKeyword.groovy:68)
	at com.kms.katalon.core.keyword.internal.KeywordExecutor.executeKeywordForPlatform(KeywordExecutor.groovy:74)
	at com.kms.katalon.core.webui.keyword.WebUiBuiltInKeywords.verifyElementNotPresent(WebUiBuiltInKeywords.groovy:1481)
	at com.kms.katalon.core.webui.keyword.WebUiBuiltInKeywords$verifyElementNotPresent$8.call(Unknown Source)
	at GetBrokSumPriceDaily.run(GetBrokSumPriceDaily:309)
	at com.kms.katalon.core.main.ScriptEngine.run(ScriptEngine.java:194)
	at com.kms.katalon.core.main.ScriptEngine.runScriptAsRawText(ScriptEngine.java:119)
	at com.kms.katalon.core.main.TestCaseExecutor.runScript(TestCaseExecutor.java:445)
	at com.kms.katalon.core.main.TestCaseExecutor.doExecute(TestCaseExecutor.java:436)
	at com.kms.katalon.core.main.TestCaseExecutor.processExecutionPhase(TestCaseExecutor.java:415)
	at com.kms.katalon.core.main.TestCaseExecutor.accessMainPhase(TestCaseExecutor.java:407)
	at com.kms.katalon.core.main.TestCaseExecutor.execute(TestCaseExecutor.java:284)
	at com.kms.katalon.core.common.CommonExecutor.accessTestCaseMainPhase(CommonExecutor.java:65)
	at com.kms.katalon.core.main.TestSuiteExecutor.accessTestSuiteMainPhase(TestSuiteExecutor.java:144)
	at com.kms.katalon.core.main.TestSuiteExecutor.execute(TestSuiteExecutor.java:106)
	at com.kms.katalon.core.main.TestCaseMain.startTestSuite(TestCaseMain.java:185)
	at com.kms.katalon.core.main.TestCaseMain$startTestSuite$0.call(Unknown Source)
	at TempTestSuite1705923140048.run(TempTestSuite1705923140048.groovy:36)
)

2024-01-22 18:37:37 - [MESSAGE][WARNING] - Web element with id: 'Object Repository/Stockbit/Bandarmology_Seller2' located by 'By.xpath: //*[contains(@id, 'rc-tabs-')]/div[2]/div/div/div/div/div/div[2]/table/tbody/tr[3]/td[5]/p' is present after '1' second(s) (Root cause: com.kms.katalon.core.exception.StepFailedException: Web element with id: 'Object Repository/Stockbit/Bandarmology_Seller2' located by 'By.xpath: //*[contains(@id, 'rc-tabs-')]/div[2]/div/div/div/div/div/div[2]/table/tbody/tr[3]/td[5]/p' is present after '1' second(s)
	at com.kms.katalon.core.webui.keyword.internal.WebUIKeywordMain.stepFailed(WebUIKeywordMain.groovy:64)
	at com.kms.katalon.core.webui.keyword.internal.WebUIKeywordMain$stepFailed$0.call(Unknown Source)
	at com.kms.katalon.core.webui.keyword.builtin.VerifyElementNotPresentKeyword$_verifyElementNotPresent_closure1.doCall(VerifyElementNotPresentKeyword.groovy:106)
	at com.kms.katalon.core.webui.keyword.builtin.VerifyElementNotPresentKeyword$_verifyElementNotPresent_closure1.doCall(VerifyElementNotPresentKeyword.groovy)
	at com.kms.katalon.core.webui.keyword.internal.WebUIKeywordMain.runKeyword(WebUIKeywordMain.groovy:20)
	at com.kms.katalon.core.webui.keyword.internal.WebUIKeywordMain$runKeyword.call(Unknown Source)
	at com.kms.katalon.core.webui.keyword.builtin.VerifyElementNotPresentKeyword.verifyElementNotPresent(VerifyElementNotPresentKeyword.groovy:117)
	at com.kms.katalon.core.webui.keyword.builtin.VerifyElementNotPresentKeyword.execute(VerifyElementNotPresentKeyword.groovy:68)
	at com.kms.katalon.core.keyword.internal.KeywordExecutor.executeKeywordForPlatform(KeywordExecutor.groovy:74)
	at com.kms.katalon.core.webui.keyword.WebUiBuiltInKeywords.verifyElementNotPresent(WebUiBuiltInKeywords.groovy:1481)
	at com.kms.katalon.core.webui.keyword.WebUiBuiltInKeywords$verifyElementNotPresent$8.call(Unknown Source)
	at GetBrokSumPriceDaily.run(GetBrokSumPriceDaily:309)
	at com.kms.katalon.core.main.ScriptEngine.run(ScriptEngine.java:194)
	at com.kms.katalon.core.main.ScriptEngine.runScriptAsRawText(ScriptEngine.java:119)
	at com.kms.katalon.core.main.TestCaseExecutor.runScript(TestCaseExecutor.java:445)
	at com.kms.katalon.core.main.TestCaseExecutor.doExecute(TestCaseExecutor.java:436)
	at com.kms.katalon.core.main.TestCaseExecutor.processExecutionPhase(TestCaseExecutor.java:415)
	at com.kms.katalon.core.main.TestCaseExecutor.accessMainPhase(TestCaseExecutor.java:407)
	at com.kms.katalon.core.main.TestCaseExecutor.execute(TestCaseExecutor.java:284)
	at com.kms.katalon.core.common.CommonExecutor.accessTestCaseMainPhase(CommonExecutor.java:65)
	at com.kms.katalon.core.main.TestSuiteExecutor.accessTestSuiteMainPhase(TestSuiteExecutor.java:144)
	at com.kms.katalon.core.main.TestSuiteExecutor.execute(TestSuiteExecutor.java:106)
	at com.kms.katalon.core.main.TestCaseMain.startTestSuite(TestCaseMain.java:185)
	at com.kms.katalon.core.main.TestCaseMain$startTestSuite$0.call(Unknown Source)
	at TempTestSuite1705923140048.run(TempTestSuite1705923140048.groovy:36)
)
[[ATTACHMENT|C:\\Users\\Fadli\\git\\KatalonDailyGetData2\\Reports\\20240122_174123\\TS1\\20240122_183220\\1705923456931.png]]

2024-01-22 18:37:37 - [TEST_STEP][PASSED] - else: null

2024-01-22 18:37:37 - [TEST_STEP][PASSED] - strSeller2 = getText(findTestObject("Stockbit/Bandarmology_Seller2")): Text of object 'Object Repository/Stockbit/Bandarmology_Seller2' is: 'DR'

2024-01-22 18:37:37 - [MESSAGE][PASSED] - Text of object 'Object Repository/Stockbit/Bandarmology_Seller2' is: 'DR'

2024-01-22 18:37:37 - [TEST_STEP][PASSED] - strSellerVol2 = getText(findTestObject("Stockbit/Bandarmology_SellerVol2")): Text of object 'Object Repository/Stockbit/Bandarmology_SellerVol2' is: '4.1 K'

2024-01-22 18:37:37 - [MESSAGE][PASSED] - Text of object 'Object Repository/Stockbit/Bandarmology_SellerVol2' is: '4.1 K'

2024-01-22 18:37:37 - [TEST_STEP][PASSED] - strSellerAvg2 = getText(findTestObject("Stockbit/Bandarmology_SellerAvg2")): Text of object 'Object Repository/Stockbit/Bandarmology_SellerAvg2' is: '292'

2024-01-22 18:37:37 - [MESSAGE][PASSED] - Text of object 'Object Repository/Stockbit/Bandarmology_SellerAvg2' is: '292'

2024-01-22 18:37:37 - [TEST_STEP][PASSED] - if (strSeller2 != ""): null

2024-01-22 18:37:37 - [TEST_STEP][PASSED] - if (strSellerAvg2.contains(",")): null

2024-01-22 18:37:37 - [TEST_STEP][PASSED] - if (strSellerVol2.contains(" B")): null

2024-01-22 18:37:37 - [TEST_STEP][PASSED] - else if (strSellerVol2.contains(" M")): null

2024-01-22 18:37:37 - [TEST_STEP][PASSED] - else if (strSellerVol2.contains(" K")): null

2024-01-22 18:37:37 - [TEST_STEP][PASSED] - strSellerVol2 = strSellerVol2.replace(" K", ""): null

2024-01-22 18:37:37 - [TEST_STEP][PASSED] - strSellerVol2 = strSellerVol2.toDouble() * 1000: null

2024-01-22 18:37:37 - [TEST_STEP][PASSED] - if (verifyElementNotPresent(findTestObject("Stockbit/Bandarmology_Buyer3"), 1, OPTIONAL)): Web element with id: 'Object Repository/Stockbit/Bandarmology_Buyer3' located by 'By.xpath: //*[contains(@id, 'rc-tabs-')]/div[2]/div/div/div/div/div/div[2]/table/tbody/tr[4]/td[1]/p' is present after '1' second(s) (Root cause: com.kms.katalon.core.exception.StepFailedException: Web element with id: 'Object Repository/Stockbit/Bandarmology_Buyer3' located by 'By.xpath: //*[contains(@id, 'rc-tabs-')]/div[2]/div/div/div/div/div/div[2]/table/tbody/tr[4]/td[1]/p' is present after '1' second(s)
	at com.kms.katalon.core.webui.keyword.internal.WebUIKeywordMain.stepFailed(WebUIKeywordMain.groovy:64)
	at com.kms.katalon.core.webui.keyword.internal.WebUIKeywordMain$stepFailed$0.call(Unknown Source)
	at com.kms.katalon.core.webui.keyword.builtin.VerifyElementNotPresentKeyword$_verifyElementNotPresent_closure1.doCall(VerifyElementNotPresentKeyword.groovy:106)
	at com.kms.katalon.core.webui.keyword.builtin.VerifyElementNotPresentKeyword$_verifyElementNotPresent_closure1.doCall(VerifyElementNotPresentKeyword.groovy)
	at com.kms.katalon.core.webui.keyword.internal.WebUIKeywordMain.runKeyword(WebUIKeywordMain.groovy:20)
	at com.kms.katalon.core.webui.keyword.internal.WebUIKeywordMain$runKeyword.call(Unknown Source)
	at com.kms.katalon.core.webui.keyword.builtin.VerifyElementNotPresentKeyword.verifyElementNotPresent(VerifyElementNotPresentKeyword.groovy:117)
	at com.kms.katalon.core.webui.keyword.builtin.VerifyElementNotPresentKeyword.execute(VerifyElementNotPresentKeyword.groovy:68)
	at com.kms.katalon.core.keyword.internal.KeywordExecutor.executeKeywordForPlatform(KeywordExecutor.groovy:74)
	at com.kms.katalon.core.webui.keyword.WebUiBuiltInKeywords.verifyElementNotPresent(WebUiBuiltInKeywords.groovy:1481)
	at com.kms.katalon.core.webui.keyword.WebUiBuiltInKeywords$verifyElementNotPresent$8.call(Unknown Source)
	at GetBrokSumPriceDaily.run(GetBrokSumPriceDaily:361)
	at com.kms.katalon.core.main.ScriptEngine.run(ScriptEngine.java:194)
	at com.kms.katalon.core.main.ScriptEngine.runScriptAsRawText(ScriptEngine.java:119)
	at com.kms.katalon.core.main.TestCaseExecutor.runScript(TestCaseExecutor.java:445)
	at com.kms.katalon.core.main.TestCaseExecutor.doExecute(TestCaseExecutor.java:436)
	at com.kms.katalon.core.main.TestCaseExecutor.processExecutionPhase(TestCaseExecutor.java:415)
	at com.kms.katalon.core.main.TestCaseExecutor.accessMainPhase(TestCaseExecutor.java:407)
	at com.kms.katalon.core.main.TestCaseExecutor.execute(TestCaseExecutor.java:284)
	at com.kms.katalon.core.common.CommonExecutor.accessTestCaseMainPhase(CommonExecutor.java:65)
	at com.kms.katalon.core.main.TestSuiteExecutor.accessTestSuiteMainPhase(TestSuiteExecutor.java:144)
	at com.kms.katalon.core.main.TestSuiteExecutor.execute(TestSuiteExecutor.java:106)
	at com.kms.katalon.core.main.TestCaseMain.startTestSuite(TestCaseMain.java:185)
	at com.kms.katalon.core.main.TestCaseMain$startTestSuite$0.call(Unknown Source)
	at TempTestSuite1705923140048.run(TempTestSuite1705923140048.groovy:36)
)

2024-01-22 18:37:38 - [MESSAGE][WARNING] - Web element with id: 'Object Repository/Stockbit/Bandarmology_Buyer3' located by 'By.xpath: //*[contains(@id, 'rc-tabs-')]/div[2]/div/div/div/div/div/div[2]/table/tbody/tr[4]/td[1]/p' is present after '1' second(s) (Root cause: com.kms.katalon.core.exception.StepFailedException: Web element with id: 'Object Repository/Stockbit/Bandarmology_Buyer3' located by 'By.xpath: //*[contains(@id, 'rc-tabs-')]/div[2]/div/div/div/div/div/div[2]/table/tbody/tr[4]/td[1]/p' is present after '1' second(s)
	at com.kms.katalon.core.webui.keyword.internal.WebUIKeywordMain.stepFailed(WebUIKeywordMain.groovy:64)
	at com.kms.katalon.core.webui.keyword.internal.WebUIKeywordMain$stepFailed$0.call(Unknown Source)
	at com.kms.katalon.core.webui.keyword.builtin.VerifyElementNotPresentKeyword$_verifyElementNotPresent_closure1.doCall(VerifyElementNotPresentKeyword.groovy:106)
	at com.kms.katalon.core.webui.keyword.builtin.VerifyElementNotPresentKeyword$_verifyElementNotPresent_closure1.doCall(VerifyElementNotPresentKeyword.groovy)
	at com.kms.katalon.core.webui.keyword.internal.WebUIKeywordMain.runKeyword(WebUIKeywordMain.groovy:20)
	at com.kms.katalon.core.webui.keyword.internal.WebUIKeywordMain$runKeyword.call(Unknown Source)
	at com.kms.katalon.core.webui.keyword.builtin.VerifyElementNotPresentKeyword.verifyElementNotPresent(VerifyElementNotPresentKeyword.groovy:117)
	at com.kms.katalon.core.webui.keyword.builtin.VerifyElementNotPresentKeyword.execute(VerifyElementNotPresentKeyword.groovy:68)
	at com.kms.katalon.core.keyword.internal.KeywordExecutor.executeKeywordForPlatform(KeywordExecutor.groovy:74)
	at com.kms.katalon.core.webui.keyword.WebUiBuiltInKeywords.verifyElementNotPresent(WebUiBuiltInKeywords.groovy:1481)
	at com.kms.katalon.core.webui.keyword.WebUiBuiltInKeywords$verifyElementNotPresent$8.call(Unknown Source)
	at GetBrokSumPriceDaily.run(GetBrokSumPriceDaily:361)
	at com.kms.katalon.core.main.ScriptEngine.run(ScriptEngine.java:194)
	at com.kms.katalon.core.main.ScriptEngine.runScriptAsRawText(ScriptEngine.java:119)
	at com.kms.katalon.core.main.TestCaseExecutor.runScript(TestCaseExecutor.java:445)
	at com.kms.katalon.core.main.TestCaseExecutor.doExecute(TestCaseExecutor.java:436)
	at com.kms.katalon.core.main.TestCaseExecutor.processExecutionPhase(TestCaseExecutor.java:415)
	at com.kms.katalon.core.main.TestCaseExecutor.accessMainPhase(TestCaseExecutor.java:407)
	at com.kms.katalon.core.main.TestCaseExecutor.execute(TestCaseExecutor.java:284)
	at com.kms.katalon.core.common.CommonExecutor.accessTestCaseMainPhase(CommonExecutor.java:65)
	at com.kms.katalon.core.main.TestSuiteExecutor.accessTestSuiteMainPhase(TestSuiteExecutor.java:144)
	at com.kms.katalon.core.main.TestSuiteExecutor.execute(TestSuiteExecutor.java:106)
	at com.kms.katalon.core.main.TestCaseMain.startTestSuite(TestCaseMain.java:185)
	at com.kms.katalon.core.main.TestCaseMain$startTestSuite$0.call(Unknown Source)
	at TempTestSuite1705923140048.run(TempTestSuite1705923140048.groovy:36)
)
[[ATTACHMENT|C:\\Users\\Fadli\\git\\KatalonDailyGetData2\\Reports\\20240122_174123\\TS1\\20240122_183220\\1705923458672.png]]

2024-01-22 18:37:38 - [TEST_STEP][PASSED] - else: null

2024-01-22 18:37:38 - [TEST_STEP][PASSED] - strBuyer3 = getText(findTestObject("Stockbit/Bandarmology_Buyer3")): Text of object 'Object Repository/Stockbit/Bandarmology_Buyer3' is: 'CC'

2024-01-22 18:37:38 - [MESSAGE][PASSED] - Text of object 'Object Repository/Stockbit/Bandarmology_Buyer3' is: 'CC'

2024-01-22 18:37:38 - [TEST_STEP][PASSED] - strBuyerVol3 = getText(findTestObject("Stockbit/Bandarmology_BuyerVol3")): Text of object 'Object Repository/Stockbit/Bandarmology_BuyerVol3' is: '4.6 K'

2024-01-22 18:37:39 - [MESSAGE][PASSED] - Text of object 'Object Repository/Stockbit/Bandarmology_BuyerVol3' is: '4.6 K'

2024-01-22 18:37:39 - [TEST_STEP][PASSED] - strBuyerAvg3 = getText(findTestObject("Stockbit/Bandarmology_BuyerAvg3")): Text of object 'Object Repository/Stockbit/Bandarmology_BuyerAvg3' is: '290'

2024-01-22 18:37:39 - [MESSAGE][PASSED] - Text of object 'Object Repository/Stockbit/Bandarmology_BuyerAvg3' is: '290'

2024-01-22 18:37:39 - [TEST_STEP][PASSED] - if (strBuyer3 != ""): null

2024-01-22 18:37:39 - [TEST_STEP][PASSED] - if (strBuyerAvg3.contains(",")): null

2024-01-22 18:37:39 - [TEST_STEP][PASSED] - if (strBuyerVol3.contains(" B")): null

2024-01-22 18:37:39 - [TEST_STEP][PASSED] - else if (strBuyerVol3.contains(" M")): null

2024-01-22 18:37:39 - [TEST_STEP][PASSED] - else if (strBuyerVol3.contains(" K")): null

2024-01-22 18:37:39 - [TEST_STEP][PASSED] - strBuyerVol3 = strBuyerVol3.replace(" K", ""): null

2024-01-22 18:37:39 - [TEST_STEP][PASSED] - strBuyerVol3 = strBuyerVol3.toDouble() * 1000: null

2024-01-22 18:37:39 - [TEST_STEP][PASSED] - if (verifyElementNotPresent(findTestObject("Stockbit/Bandarmology_Seller3"), 1, OPTIONAL)): Web element with id: 'Object Repository/Stockbit/Bandarmology_Seller3' located by 'By.xpath: //*[contains(@id, 'rc-tabs-')]/div[2]/div/div/div/div/div/div[2]/table/tbody/tr[4]/td[5]/p' is present after '1' second(s) (Root cause: com.kms.katalon.core.exception.StepFailedException: Web element with id: 'Object Repository/Stockbit/Bandarmology_Seller3' located by 'By.xpath: //*[contains(@id, 'rc-tabs-')]/div[2]/div/div/div/div/div/div[2]/table/tbody/tr[4]/td[5]/p' is present after '1' second(s)
	at com.kms.katalon.core.webui.keyword.internal.WebUIKeywordMain.stepFailed(WebUIKeywordMain.groovy:64)
	at com.kms.katalon.core.webui.keyword.internal.WebUIKeywordMain$stepFailed$0.call(Unknown Source)
	at com.kms.katalon.core.webui.keyword.builtin.VerifyElementNotPresentKeyword$_verifyElementNotPresent_closure1.doCall(VerifyElementNotPresentKeyword.groovy:106)
	at com.kms.katalon.core.webui.keyword.builtin.VerifyElementNotPresentKeyword$_verifyElementNotPresent_closure1.doCall(VerifyElementNotPresentKeyword.groovy)
	at com.kms.katalon.core.webui.keyword.internal.WebUIKeywordMain.runKeyword(WebUIKeywordMain.groovy:20)
	at com.kms.katalon.core.webui.keyword.internal.WebUIKeywordMain$runKeyword.call(Unknown Source)
	at com.kms.katalon.core.webui.keyword.builtin.VerifyElementNotPresentKeyword.verifyElementNotPresent(VerifyElementNotPresentKeyword.groovy:117)
	at com.kms.katalon.core.webui.keyword.builtin.VerifyElementNotPresentKeyword.execute(VerifyElementNotPresentKeyword.groovy:68)
	at com.kms.katalon.core.keyword.internal.KeywordExecutor.executeKeywordForPlatform(KeywordExecutor.groovy:74)
	at com.kms.katalon.core.webui.keyword.WebUiBuiltInKeywords.verifyElementNotPresent(WebUiBuiltInKeywords.groovy:1481)
	at com.kms.katalon.core.webui.keyword.WebUiBuiltInKeywords$verifyElementNotPresent$8.call(Unknown Source)
	at GetBrokSumPriceDaily.run(GetBrokSumPriceDaily:414)
	at com.kms.katalon.core.main.ScriptEngine.run(ScriptEngine.java:194)
	at com.kms.katalon.core.main.ScriptEngine.runScriptAsRawText(ScriptEngine.java:119)
	at com.kms.katalon.core.main.TestCaseExecutor.runScript(TestCaseExecutor.java:445)
	at com.kms.katalon.core.main.TestCaseExecutor.doExecute(TestCaseExecutor.java:436)
	at com.kms.katalon.core.main.TestCaseExecutor.processExecutionPhase(TestCaseExecutor.java:415)
	at com.kms.katalon.core.main.TestCaseExecutor.accessMainPhase(TestCaseExecutor.java:407)
	at com.kms.katalon.core.main.TestCaseExecutor.execute(TestCaseExecutor.java:284)
	at com.kms.katalon.core.common.CommonExecutor.accessTestCaseMainPhase(CommonExecutor.java:65)
	at com.kms.katalon.core.main.TestSuiteExecutor.accessTestSuiteMainPhase(TestSuiteExecutor.java:144)
	at com.kms.katalon.core.main.TestSuiteExecutor.execute(TestSuiteExecutor.java:106)
	at com.kms.katalon.core.main.TestCaseMain.startTestSuite(TestCaseMain.java:185)
	at com.kms.katalon.core.main.TestCaseMain$startTestSuite$0.call(Unknown Source)
	at TempTestSuite1705923140048.run(TempTestSuite1705923140048.groovy:36)
)

2024-01-22 18:37:40 - [MESSAGE][WARNING] - Web element with id: 'Object Repository/Stockbit/Bandarmology_Seller3' located by 'By.xpath: //*[contains(@id, 'rc-tabs-')]/div[2]/div/div/div/div/div/div[2]/table/tbody/tr[4]/td[5]/p' is present after '1' second(s) (Root cause: com.kms.katalon.core.exception.StepFailedException: Web element with id: 'Object Repository/Stockbit/Bandarmology_Seller3' located by 'By.xpath: //*[contains(@id, 'rc-tabs-')]/div[2]/div/div/div/div/div/div[2]/table/tbody/tr[4]/td[5]/p' is present after '1' second(s)
	at com.kms.katalon.core.webui.keyword.internal.WebUIKeywordMain.stepFailed(WebUIKeywordMain.groovy:64)
	at com.kms.katalon.core.webui.keyword.internal.WebUIKeywordMain$stepFailed$0.call(Unknown Source)
	at com.kms.katalon.core.webui.keyword.builtin.VerifyElementNotPresentKeyword$_verifyElementNotPresent_closure1.doCall(VerifyElementNotPresentKeyword.groovy:106)
	at com.kms.katalon.core.webui.keyword.builtin.VerifyElementNotPresentKeyword$_verifyElementNotPresent_closure1.doCall(VerifyElementNotPresentKeyword.groovy)
	at com.kms.katalon.core.webui.keyword.internal.WebUIKeywordMain.runKeyword(WebUIKeywordMain.groovy:20)
	at com.kms.katalon.core.webui.keyword.internal.WebUIKeywordMain$runKeyword.call(Unknown Source)
	at com.kms.katalon.core.webui.keyword.builtin.VerifyElementNotPresentKeyword.verifyElementNotPresent(VerifyElementNotPresentKeyword.groovy:117)
	at com.kms.katalon.core.webui.keyword.builtin.VerifyElementNotPresentKeyword.execute(VerifyElementNotPresentKeyword.groovy:68)
	at com.kms.katalon.core.keyword.internal.KeywordExecutor.executeKeywordForPlatform(KeywordExecutor.groovy:74)
	at com.kms.katalon.core.webui.keyword.WebUiBuiltInKeywords.verifyElementNotPresent(WebUiBuiltInKeywords.groovy:1481)
	at com.kms.katalon.core.webui.keyword.WebUiBuiltInKeywords$verifyElementNotPresent$8.call(Unknown Source)
	at GetBrokSumPriceDaily.run(GetBrokSumPriceDaily:414)
	at com.kms.katalon.core.main.ScriptEngine.run(ScriptEngine.java:194)
	at com.kms.katalon.core.main.ScriptEngine.runScriptAsRawText(ScriptEngine.java:119)
	at com.kms.katalon.core.main.TestCaseExecutor.runScript(TestCaseExecutor.java:445)
	at com.kms.katalon.core.main.TestCaseExecutor.doExecute(TestCaseExecutor.java:436)
	at com.kms.katalon.core.main.TestCaseExecutor.processExecutionPhase(TestCaseExecutor.java:415)
	at com.kms.katalon.core.main.TestCaseExecutor.accessMainPhase(TestCaseExecutor.java:407)
	at com.kms.katalon.core.main.TestCaseExecutor.execute(TestCaseExecutor.java:284)
	at com.kms.katalon.core.common.CommonExecutor.accessTestCaseMainPhase(CommonExecutor.java:65)
	at com.kms.katalon.core.main.TestSuiteExecutor.accessTestSuiteMainPhase(TestSuiteExecutor.java:144)
	at com.kms.katalon.core.main.TestSuiteExecutor.execute(TestSuiteExecutor.java:106)
	at com.kms.katalon.core.main.TestCaseMain.startTestSuite(TestCaseMain.java:185)
	at com.kms.katalon.core.main.TestCaseMain$startTestSuite$0.call(Unknown Source)
	at TempTestSuite1705923140048.run(TempTestSuite1705923140048.groovy:36)
)
[[ATTACHMENT|C:\\Users\\Fadli\\git\\KatalonDailyGetData2\\Reports\\20240122_174123\\TS1\\20240122_183220\\1705923460411.png]]

2024-01-22 18:37:40 - [TEST_STEP][PASSED] - else: null

2024-01-22 18:37:40 - [TEST_STEP][PASSED] - strSeller3 = getText(findTestObject("Stockbit/Bandarmology_Seller3")): Text of object 'Object Repository/Stockbit/Bandarmology_Seller3' is: 'TP'

2024-01-22 18:37:40 - [MESSAGE][PASSED] - Text of object 'Object Repository/Stockbit/Bandarmology_Seller3' is: 'TP'

2024-01-22 18:37:40 - [TEST_STEP][PASSED] - strSellerVol3 = getText(findTestObject("Stockbit/Bandarmology_SellerVol3")): Text of object 'Object Repository/Stockbit/Bandarmology_SellerVol3' is: '3.8 K'

2024-01-22 18:37:40 - [MESSAGE][PASSED] - Text of object 'Object Repository/Stockbit/Bandarmology_SellerVol3' is: '3.8 K'

2024-01-22 18:37:40 - [TEST_STEP][PASSED] - strSellerAvg3 = getText(findTestObject("Stockbit/Bandarmology_SellerAvg3")): Text of object 'Object Repository/Stockbit/Bandarmology_SellerAvg3' is: '291'

2024-01-22 18:37:40 - [MESSAGE][PASSED] - Text of object 'Object Repository/Stockbit/Bandarmology_SellerAvg3' is: '291'

2024-01-22 18:37:40 - [TEST_STEP][PASSED] - if (strSeller3 != ""): null

2024-01-22 18:37:40 - [TEST_STEP][PASSED] - if (strSellerAvg3.contains(",")): null

2024-01-22 18:37:40 - [TEST_STEP][PASSED] - if (strSellerVol3.contains(" B")): null

2024-01-22 18:37:40 - [TEST_STEP][PASSED] - else if (strSellerVol3.contains(" M")): null

2024-01-22 18:37:40 - [TEST_STEP][PASSED] - else if (strSellerVol3.contains(" K")): null

2024-01-22 18:37:40 - [TEST_STEP][PASSED] - strSellerVol3 = strSellerVol3.replace(" K", ""): null

2024-01-22 18:37:40 - [TEST_STEP][PASSED] - strSellerVol3 = strSellerVol3.toDouble() * 1000: null

2024-01-22 18:37:40 - [TEST_STEP][PASSED] - strAccDist = getText(findTestObject("Stockbit/Bandarmology_AccDist")): Text of object 'Object Repository/Stockbit/Bandarmology_AccDist' is: 'Acc'

2024-01-22 18:37:41 - [MESSAGE][PASSED] - Text of object 'Object Repository/Stockbit/Bandarmology_AccDist' is: 'Acc'

2024-01-22 18:37:41 - [TEST_STEP][PASSED] - strNetVol = getText(findTestObject("Stockbit/Bandarmology_NetVol")): Text of object 'Object Repository/Stockbit/Bandarmology_NetVol' is: '36,452'

2024-01-22 18:37:41 - [MESSAGE][PASSED] - Text of object 'Object Repository/Stockbit/Bandarmology_NetVol' is: '36,452'

2024-01-22 18:37:41 - [TEST_STEP][PASSED] - strNetVol = strNetVol.replace(",", ""): null

2024-01-22 18:37:41 - [TEST_STEP][PASSED] - strNetVal = getText(findTestObject("Stockbit/Bandarmology_NetVal")): Text of object 'Object Repository/Stockbit/Bandarmology_NetVal' is: '1.1 B'

2024-01-22 18:37:41 - [MESSAGE][PASSED] - Text of object 'Object Repository/Stockbit/Bandarmology_NetVal' is: '1.1 B'

2024-01-22 18:37:41 - [TEST_STEP][PASSED] - delay(3): Delayed 3 second(s)

2024-01-22 18:37:44 - [MESSAGE][PASSED] - Delayed 3 second(s)

2024-01-22 18:37:44 - [TEST_STEP][PASSED] - strOpenPrice = getText(findTestObject("Stockbit/Home_OpenPrice")): Text of object 'Object Repository/Stockbit/Home_OpenPrice' is: '288'

2024-01-22 18:37:44 - [MESSAGE][PASSED] - Text of object 'Object Repository/Stockbit/Home_OpenPrice' is: '288'

2024-01-22 18:37:44 - [TEST_STEP][PASSED] - strOpenPrice = strOpenPrice.replace(",", ""): null

2024-01-22 18:37:44 - [TEST_STEP][PASSED] - strLowPrice = getText(findTestObject("Stockbit/Home_LowPrice")): Text of object 'Object Repository/Stockbit/Home_LowPrice' is: '284'

2024-01-22 18:37:44 - [MESSAGE][PASSED] - Text of object 'Object Repository/Stockbit/Home_LowPrice' is: '284'

2024-01-22 18:37:44 - [TEST_STEP][PASSED] - strLowPrice = strLowPrice.replace(",", ""): null

2024-01-22 18:37:44 - [TEST_STEP][PASSED] - strHighPrice = getText(findTestObject("Stockbit/Home_HighPrice")): Text of object 'Object Repository/Stockbit/Home_HighPrice' is: '296'

2024-01-22 18:37:44 - [MESSAGE][PASSED] - Text of object 'Object Repository/Stockbit/Home_HighPrice' is: '296'

2024-01-22 18:37:44 - [TEST_STEP][PASSED] - strHighPrice = strHighPrice.replace(",", ""): null

2024-01-22 18:37:44 - [TEST_STEP][PASSED] - strClosePrice = getText(findTestObject("Stockbit/Home_ClosePrice")): Text of object 'Object Repository/Stockbit/Home_ClosePrice' is: '292'

2024-01-22 18:37:44 - [MESSAGE][PASSED] - Text of object 'Object Repository/Stockbit/Home_ClosePrice' is: '292'

2024-01-22 18:37:44 - [TEST_STEP][PASSED] - strClosePrice = strClosePrice.replace(",", ""): null

2024-01-22 18:37:44 - [TEST_STEP][PASSED] - strVol = getText(findTestObject("Stockbit/Home_Volume")): Text of object 'Object Repository/Stockbit/Home_Volume' is: '143 K'

2024-01-22 18:37:44 - [MESSAGE][PASSED] - Text of object 'Object Repository/Stockbit/Home_Volume' is: '143 K'

2024-01-22 18:37:44 - [TEST_STEP][PASSED] - if (strVol.contains(" K")): null

2024-01-22 18:37:44 - [TEST_STEP][PASSED] - strVol = strVol.replace(" K", "000"): null

2024-01-22 18:37:44 - [TEST_STEP][PASSED] - if (strVol.contains(",")): null

2024-01-22 18:37:44 - [TEST_STEP][PASSED] - strChange = getText(findTestObject("Stockbit/Home_Change")): Text of object 'Object Repository/Stockbit/Home_Change' is: '1.39%'

2024-01-22 18:37:45 - [MESSAGE][PASSED] - Text of object 'Object Repository/Stockbit/Home_Change' is: '1.39%'

2024-01-22 18:37:45 - [TEST_STEP][PASSED] - strChange = strChange.replace("%", ""): null

2024-01-22 18:37:45 - [TEST_STEP][PASSED] - strFreq = getText(findTestObject("Stockbit/Home_Freq")): Text of object 'Object Repository/Stockbit/Home_Freq' is: '3,005'

2024-01-22 18:37:45 - [MESSAGE][PASSED] - Text of object 'Object Repository/Stockbit/Home_Freq' is: '3,005'

2024-01-22 18:37:45 - [TEST_STEP][PASSED] - if (strFreq.contains(",")): null

2024-01-22 18:37:45 - [TEST_STEP][PASSED] - strFreq = strFreq.replace(",", ""): null

2024-01-22 18:37:45 - [TEST_STEP][PASSED] - if (strFreq == "NA" || strFreq == ""): null

2024-01-22 18:37:45 - [TEST_STEP][PASSED] - else: null

2024-01-22 18:37:45 - [TEST_STEP][PASSED] - dblFreqAnal = strVol.toDouble() / strFreq.toDouble() * strFreq.toDouble() * strFreq.toDouble() * 100000000: null

2024-01-22 18:37:45 - [TEST_STEP][PASSED] - strFreqAnal = String.format("%.4f", dblFreqAnal): null

2024-01-22 18:37:45 - [TEST_STEP][PASSED] - out.println("Double strFreqAnal: " + strFreqAnal): null

2024-01-22 18:37:45 - [TEST_STEP][PASSED] - strTanggal = d.format(DateTimeFormatter.ofPattern("yyyy-MM-dd")): null

2024-01-22 18:37:45 - [TEST_STEP][PASSED] - strTanggal = "#" + strTanggal + "#": null

2024-01-22 18:37:45 - [TEST_STEP][PASSED] - strSQL = "select count(*) as JumBaris from TblBrokSum where Nama = '" + strNama + "' and Tanggal = " + strTanggal + "": null

2024-01-22 18:37:45 - [TEST_STEP][PASSED] - resultSet = statement.executeQuery(strSQL): null

2024-01-22 18:37:45 - [TEST_STEP][PASSED] - resultSet.next(): null

2024-01-22 18:37:45 - [TEST_STEP][PASSED] - intJumBaris = resultSet.getInt("JumBaris"): null

2024-01-22 18:37:45 - [TEST_STEP][PASSED] - if (intJumBaris > 0): null

2024-01-22 18:37:45 - [TEST_STEP][PASSED] - else: null

2024-01-22 18:37:45 - [TEST_STEP][PASSED] - try: null

2024-01-22 18:37:45 - [TEST_STEP][PASSED] - out.println("Insert data"): null

2024-01-22 18:37:45 - [TEST_STEP][PASSED] - strSQL = "insert into TblBrokSum (nama, tanggal, top1, top2, top3, AllBrokAvg, AccDist, AvgRP, " + "Buyer1, BuyerVal1, BuyerAvg1, Seller1, SellerVal1, SellerAvg1, Buyer2, BuyerVal2, BuyerAvg2, " + "Seller2, SellerVal2, SellerAvg2, Buyer3, BuyerVal3, BuyerAvg3, Seller3, SellerVal3, SellerAvg3, NetVol, NetVal, " + "OpenPrice, LowPrice, HighPrice, ClosePrice, Volume, Change, Frekuensi, FrekAnal) " + "values ('" + strNama + "', " + strTanggal + ", '" + strTop1 + "', '" + strTop3 + "', '" + strTop5 + "', " + "'" + strAllBrokAvg + "', '" + strAccDist + "', " + intAvgRP + ", '" + strBuyer1 + "', '" + strBuyerVol1 + "', " + strBuyerAvg1 + ", " + "'" + strSeller1 + "', '" + strSellerVol1 + "', " + strSellerAvg1 + ", '" + strBuyer2 + "', '" + strBuyerVol2 + "', " + strBuyerAvg2 + ", " + "'" + strSeller2 + "', '" + strSellerVol2 + "', " + strSellerAvg2 + ", '" + strBuyer3 + "', '" + strBuyerVol3 + "', " + strBuyerAvg3 + ", " + "'" + strSeller3 + "', '" + strSellerVol3 + "', " + strSellerAvg3 + ", " + strNetVol + ", '" + strNetVal + "', " + "" + strOpenPrice + ", " + strLowPrice + ", " + strHighPrice + ", " + strClosePrice + ", '" + strVol + "', " + strChange + ", " + strFreq + ", " + strFreqAnal + ");": null

2024-01-22 18:37:45 - [TEST_STEP][PASSED] - out.println("strSQL = " + strSQL): null

2024-01-22 18:37:45 - [TEST_STEP][PASSED] - statement.executeUpdate(strSQL): null

2024-01-22 18:37:45 - [TEST_STEP][PASSED] - setValueToCellByIndex(sheet01, rowIndex, 4, "DONE"): null

2024-01-22 18:37:45 - [TEST_STEP][PASSED] - saveWorkbook(excelFilePath, workbook01): null

2024-01-22 18:37:45 - [TEST_STEP][PASSED] - waitForElementClickable(findTestObject("Stockbit/menu_Bandarmology"), 10): Object 'Object Repository/Stockbit/menu_Bandarmology' is clickable

2024-01-22 18:37:45 - [MESSAGE][PASSED] - Object 'Object Repository/Stockbit/menu_Bandarmology' is clickable

2024-01-22 18:37:45 - [TEST_STEP][PASSED] - click(findTestObject("Stockbit/menu_Bandarmology")): Object: 'Object Repository/Stockbit/menu_Bandarmology' is clicked on

2024-01-22 18:37:45 - [MESSAGE][PASSED] - Object: 'Object Repository/Stockbit/menu_Bandarmology' is clicked on

2024-01-22 18:37:45 - [TEST_STEP][PASSED] - strTemp = "NA": null

2024-01-22 18:37:45 - [TEST_STEP][PASSED] - if (getCellValueByIndex(sheet01, rowIndex, 4) != "DONE"): Object: 'Object Repository/Stockbit/menu_Bandarmology' is clicked on

2024-01-22 18:37:45 - [TEST_STEP][PASSED] - strNama = getCellValueByIndex(sheet01, rowIndex, 0): null

2024-01-22 18:37:45 - [TEST_STEP][PASSED] - navigateToUrl("https://stockbit.com/#/symbol/" + strNama): Navigate to 'https://stockbit.com/#/symbol/EURO' successfully

2024-01-22 18:37:48 - [MESSAGE][PASSED] - Navigate to 'https://stockbit.com/#/symbol/EURO' successfully

2024-01-22 18:37:48 - [TEST_STEP][PASSED] - waitForElementClickable(findTestObject("Stockbit/menu_Bandarmology"), 10): Object 'Object Repository/Stockbit/menu_Bandarmology' is clickable

2024-01-22 18:37:49 - [MESSAGE][PASSED] - Object 'Object Repository/Stockbit/menu_Bandarmology' is clickable

2024-01-22 18:37:49 - [TEST_STEP][PASSED] - click(findTestObject("Stockbit/menu_Bandarmology")): Object: 'Object Repository/Stockbit/menu_Bandarmology' is clicked on

2024-01-22 18:37:49 - [MESSAGE][PASSED] - Object: 'Object Repository/Stockbit/menu_Bandarmology' is clicked on

2024-01-22 18:37:49 - [TEST_STEP][PASSED] - strTanggal = d.format(DateTimeFormatter.ofPattern("MMM dd, yyyy")): null

2024-01-22 18:37:49 - [TEST_STEP][PASSED] - strTanggal = d.format(ISO_DATE): null

2024-01-22 18:37:49 - [TEST_STEP][PASSED] - out.println("strTanggal = " + strTanggal): null

2024-01-22 18:37:49 - [TEST_STEP][PASSED] - out.println("strNama = " + strNama): null

2024-01-22 18:37:49 - [TEST_STEP][PASSED] - out.println("Baris ke = " + rowIndex): null

2024-01-22 18:37:49 - [TEST_STEP][PASSED] - click(findTestObject("Stockbit/input__BandarmologyOpenStartDate")): Object: 'Object Repository/Stockbit/input__BandarmologyOpenStartDate' is clicked on

2024-01-22 18:37:50 - [MESSAGE][PASSED] - Object: 'Object Repository/Stockbit/input__BandarmologyOpenStartDate' is clicked on

2024-01-22 18:37:50 - [TEST_STEP][PASSED] - sendKeys(findTestObject("Stockbit/input__BandarmologyOpenStartDate"), Keys.chord(CONTROL, "a")): Keys 'CONTROL + a' sent to object: 'Object Repository/Stockbit/input__BandarmologyOpenStartDate'

2024-01-22 18:37:51 - [MESSAGE][PASSED] - Keys 'CONTROL + a' sent to object: 'Object Repository/Stockbit/input__BandarmologyOpenStartDate'

2024-01-22 18:37:51 - [TEST_STEP][PASSED] - sendKeys(findTestObject("Stockbit/input__BandarmologyOpenStartDate"), Keys.chord(BACK_SPACE)): Keys 'BACK_SPACE + ' sent to object: 'Object Repository/Stockbit/input__BandarmologyOpenStartDate'

2024-01-22 18:37:51 - [MESSAGE][PASSED] - Keys 'BACK_SPACE + ' sent to object: 'Object Repository/Stockbit/input__BandarmologyOpenStartDate'

2024-01-22 18:37:51 - [TEST_STEP][PASSED] - setText(findTestObject("Stockbit/input__BandarmologyOpenStartDate"), strTanggal): Text '2024-01-22' is set on object 'Object Repository/Stockbit/input__BandarmologyOpenStartDate'

2024-01-22 18:37:52 - [MESSAGE][PASSED] - Text '2024-01-22' is set on object 'Object Repository/Stockbit/input__BandarmologyOpenStartDate'

2024-01-22 18:37:52 - [TEST_STEP][PASSED] - sendKeys(findTestObject("Stockbit/input__BandarmologyOpenStartDate"), Keys.chord(ENTER)): Keys 'ENTER + ' sent to object: 'Object Repository/Stockbit/input__BandarmologyOpenStartDate'

2024-01-22 18:37:52 - [MESSAGE][PASSED] - Keys 'ENTER + ' sent to object: 'Object Repository/Stockbit/input__BandarmologyOpenStartDate'

2024-01-22 18:37:52 - [TEST_STEP][PASSED] - click(findTestObject("Stockbit/input__BandarmologyOpenEndDate")): Object: 'Object Repository/Stockbit/input__BandarmologyOpenEndDate' is clicked on

2024-01-22 18:37:53 - [MESSAGE][PASSED] - Object: 'Object Repository/Stockbit/input__BandarmologyOpenEndDate' is clicked on

2024-01-22 18:37:53 - [TEST_STEP][PASSED] - sendKeys(findTestObject("Stockbit/input__BandarmologyOpenEndDate"), Keys.chord(CONTROL, "a")): Keys 'CONTROL + a' sent to object: 'Object Repository/Stockbit/input__BandarmologyOpenEndDate'

2024-01-22 18:37:53 - [MESSAGE][PASSED] - Keys 'CONTROL + a' sent to object: 'Object Repository/Stockbit/input__BandarmologyOpenEndDate'

2024-01-22 18:37:53 - [TEST_STEP][PASSED] - sendKeys(findTestObject("Stockbit/input__BandarmologyOpenEndDate"), Keys.chord(BACK_SPACE)): Keys 'BACK_SPACE + ' sent to object: 'Object Repository/Stockbit/input__BandarmologyOpenEndDate'

2024-01-22 18:37:54 - [MESSAGE][PASSED] - Keys 'BACK_SPACE + ' sent to object: 'Object Repository/Stockbit/input__BandarmologyOpenEndDate'

2024-01-22 18:37:54 - [TEST_STEP][PASSED] - setText(findTestObject("Stockbit/input__BandarmologyOpenEndDate"), strTanggal): Text '2024-01-22' is set on object 'Object Repository/Stockbit/input__BandarmologyOpenEndDate'

2024-01-22 18:37:54 - [MESSAGE][PASSED] - Text '2024-01-22' is set on object 'Object Repository/Stockbit/input__BandarmologyOpenEndDate'

2024-01-22 18:37:54 - [TEST_STEP][PASSED] - sendKeys(findTestObject("Stockbit/input__BandarmologyOpenEndDate"), Keys.chord(ENTER)): Keys 'ENTER + ' sent to object: 'Object Repository/Stockbit/input__BandarmologyOpenEndDate'

2024-01-22 18:37:55 - [MESSAGE][PASSED] - Keys 'ENTER + ' sent to object: 'Object Repository/Stockbit/input__BandarmologyOpenEndDate'

2024-01-22 18:37:55 - [TEST_STEP][PASSED] - delay(2): Delayed 2 second(s)

2024-01-22 18:37:57 - [MESSAGE][PASSED] - Delayed 2 second(s)

2024-01-22 18:37:57 - [TEST_STEP][PASSED] - strTemp = getText(findTestObject("Stockbit/Bandarmology_AvgRP")): Text of object 'Object Repository/Stockbit/Bandarmology_AvgRP' is: '128'

2024-01-22 18:37:57 - [MESSAGE][PASSED] - Text of object 'Object Repository/Stockbit/Bandarmology_AvgRP' is: '128'

2024-01-22 18:37:57 - [TEST_STEP][PASSED] - out.println("Bandarmology_AvgRP = " + strTemp): null

2024-01-22 18:37:57 - [TEST_STEP][PASSED] - if (strTemp != "0"): null

2024-01-22 18:37:57 - [TEST_STEP][PASSED] - strTop1 = getText(findTestObject("Stockbit/Bandarmology_Top1")): Text of object 'Object Repository/Stockbit/Bandarmology_Top1' is: 'Normal Dist'

2024-01-22 18:37:57 - [MESSAGE][PASSED] - Text of object 'Object Repository/Stockbit/Bandarmology_Top1' is: 'Normal Dist'

2024-01-22 18:37:57 - [TEST_STEP][PASSED] - strTop3 = getText(findTestObject("Stockbit/Bandarmology_Top3")): Text of object 'Object Repository/Stockbit/Bandarmology_Top3' is: 'Normal Dist'

2024-01-22 18:37:57 - [MESSAGE][PASSED] - Text of object 'Object Repository/Stockbit/Bandarmology_Top3' is: 'Normal Dist'

2024-01-22 18:37:57 - [TEST_STEP][PASSED] - strTop5 = getText(findTestObject("Stockbit/Bandarmology_Top5")): Text of object 'Object Repository/Stockbit/Bandarmology_Top5' is: 'Neutral'

2024-01-22 18:37:57 - [MESSAGE][PASSED] - Text of object 'Object Repository/Stockbit/Bandarmology_Top5' is: 'Neutral'

2024-01-22 18:37:57 - [TEST_STEP][PASSED] - strAllBrokAvg = getText(findTestObject("Stockbit/Bandarmology_TopAVG")): Text of object 'Object Repository/Stockbit/Bandarmology_TopAVG' is: 'Normal Dist'

2024-01-22 18:37:57 - [MESSAGE][PASSED] - Text of object 'Object Repository/Stockbit/Bandarmology_TopAVG' is: 'Normal Dist'

2024-01-22 18:37:57 - [TEST_STEP][PASSED] - strTemp = getText(findTestObject("Stockbit/Bandarmology_AvgRP")): Text of object 'Object Repository/Stockbit/Bandarmology_AvgRP' is: '128'

2024-01-22 18:37:57 - [MESSAGE][PASSED] - Text of object 'Object Repository/Stockbit/Bandarmology_AvgRP' is: '128'

2024-01-22 18:37:57 - [TEST_STEP][PASSED] - if (strTemp.contains(",")): null

2024-01-22 18:37:57 - [TEST_STEP][PASSED] - intAvgRP = strTemp.toInteger(): null

2024-01-22 18:37:57 - [TEST_STEP][PASSED] - strBuyer1 = getText(findTestObject("Stockbit/Bandarmology_Buyer1")): Text of object 'Object Repository/Stockbit/Bandarmology_Buyer1' is: 'CC'

2024-01-22 18:37:57 - [MESSAGE][PASSED] - Text of object 'Object Repository/Stockbit/Bandarmology_Buyer1' is: 'CC'

2024-01-22 18:37:57 - [TEST_STEP][PASSED] - strBuyerVol1 = getText(findTestObject("Stockbit/Bandarmology_BuyerVol1")): Text of object 'Object Repository/Stockbit/Bandarmology_BuyerVol1' is: '414'

2024-01-22 18:37:58 - [MESSAGE][PASSED] - Text of object 'Object Repository/Stockbit/Bandarmology_BuyerVol1' is: '414'

2024-01-22 18:37:58 - [TEST_STEP][PASSED] - strBuyerAvg1 = getText(findTestObject("Stockbit/Bandarmology_BuyerAvg1")): Text of object 'Object Repository/Stockbit/Bandarmology_BuyerAvg1' is: '131'

2024-01-22 18:37:58 - [MESSAGE][PASSED] - Text of object 'Object Repository/Stockbit/Bandarmology_BuyerAvg1' is: '131'

2024-01-22 18:37:58 - [TEST_STEP][PASSED] - if (strBuyerAvg1.contains(",")): null

2024-01-22 18:37:58 - [TEST_STEP][PASSED] - if (strBuyerVol1.contains(" B")): null

2024-01-22 18:37:58 - [TEST_STEP][PASSED] - strSeller1 = getText(findTestObject("Stockbit/Bandarmology_Seller1")): Text of object 'Object Repository/Stockbit/Bandarmology_Seller1' is: 'XC'

2024-01-22 18:37:58 - [MESSAGE][PASSED] - Text of object 'Object Repository/Stockbit/Bandarmology_Seller1' is: 'XC'

2024-01-22 18:37:58 - [TEST_STEP][PASSED] - strSellerVol1 = getText(findTestObject("Stockbit/Bandarmology_SellerVol1")): Text of object 'Object Repository/Stockbit/Bandarmology_SellerVol1' is: '606'

2024-01-22 18:37:58 - [MESSAGE][PASSED] - Text of object 'Object Repository/Stockbit/Bandarmology_SellerVol1' is: '606'

2024-01-22 18:37:58 - [TEST_STEP][PASSED] - strSellerAvg1 = getText(findTestObject("Stockbit/Bandarmology_SellerAvg1")): Text of object 'Object Repository/Stockbit/Bandarmology_SellerAvg1' is: '131'

2024-01-22 18:37:58 - [MESSAGE][PASSED] - Text of object 'Object Repository/Stockbit/Bandarmology_SellerAvg1' is: '131'

2024-01-22 18:37:58 - [TEST_STEP][PASSED] - if (strSellerAvg1.contains(",")): null

2024-01-22 18:37:58 - [TEST_STEP][PASSED] - if (strSellerVol1.contains(" B")): null

2024-01-22 18:37:58 - [TEST_STEP][PASSED] - if (verifyElementNotPresent(findTestObject("Stockbit/Bandarmology_Buyer2"), 1, OPTIONAL)): Web element with id: 'Object Repository/Stockbit/Bandarmology_Buyer2' located by 'By.xpath: //*[contains(@id, 'rc-tabs-')]/div[2]/div/div/div/div/div/div[2]/table/tbody/tr[3]/td[1]/p' is present after '1' second(s) (Root cause: com.kms.katalon.core.exception.StepFailedException: Web element with id: 'Object Repository/Stockbit/Bandarmology_Buyer2' located by 'By.xpath: //*[contains(@id, 'rc-tabs-')]/div[2]/div/div/div/div/div/div[2]/table/tbody/tr[3]/td[1]/p' is present after '1' second(s)
	at com.kms.katalon.core.webui.keyword.internal.WebUIKeywordMain.stepFailed(WebUIKeywordMain.groovy:64)
	at com.kms.katalon.core.webui.keyword.internal.WebUIKeywordMain$stepFailed$0.call(Unknown Source)
	at com.kms.katalon.core.webui.keyword.builtin.VerifyElementNotPresentKeyword$_verifyElementNotPresent_closure1.doCall(VerifyElementNotPresentKeyword.groovy:106)
	at com.kms.katalon.core.webui.keyword.builtin.VerifyElementNotPresentKeyword$_verifyElementNotPresent_closure1.doCall(VerifyElementNotPresentKeyword.groovy)
	at com.kms.katalon.core.webui.keyword.internal.WebUIKeywordMain.runKeyword(WebUIKeywordMain.groovy:20)
	at com.kms.katalon.core.webui.keyword.internal.WebUIKeywordMain$runKeyword.call(Unknown Source)
	at com.kms.katalon.core.webui.keyword.builtin.VerifyElementNotPresentKeyword.verifyElementNotPresent(VerifyElementNotPresentKeyword.groovy:117)
	at com.kms.katalon.core.webui.keyword.builtin.VerifyElementNotPresentKeyword.execute(VerifyElementNotPresentKeyword.groovy:68)
	at com.kms.katalon.core.keyword.internal.KeywordExecutor.executeKeywordForPlatform(KeywordExecutor.groovy:74)
	at com.kms.katalon.core.webui.keyword.WebUiBuiltInKeywords.verifyElementNotPresent(WebUiBuiltInKeywords.groovy:1481)
	at com.kms.katalon.core.webui.keyword.WebUiBuiltInKeywords$verifyElementNotPresent$8.call(Unknown Source)
	at GetBrokSumPriceDaily.run(GetBrokSumPriceDaily:258)
	at com.kms.katalon.core.main.ScriptEngine.run(ScriptEngine.java:194)
	at com.kms.katalon.core.main.ScriptEngine.runScriptAsRawText(ScriptEngine.java:119)
	at com.kms.katalon.core.main.TestCaseExecutor.runScript(TestCaseExecutor.java:445)
	at com.kms.katalon.core.main.TestCaseExecutor.doExecute(TestCaseExecutor.java:436)
	at com.kms.katalon.core.main.TestCaseExecutor.processExecutionPhase(TestCaseExecutor.java:415)
	at com.kms.katalon.core.main.TestCaseExecutor.accessMainPhase(TestCaseExecutor.java:407)
	at com.kms.katalon.core.main.TestCaseExecutor.execute(TestCaseExecutor.java:284)
	at com.kms.katalon.core.common.CommonExecutor.accessTestCaseMainPhase(CommonExecutor.java:65)
	at com.kms.katalon.core.main.TestSuiteExecutor.accessTestSuiteMainPhase(TestSuiteExecutor.java:144)
	at com.kms.katalon.core.main.TestSuiteExecutor.execute(TestSuiteExecutor.java:106)
	at com.kms.katalon.core.main.TestCaseMain.startTestSuite(TestCaseMain.java:185)
	at com.kms.katalon.core.main.TestCaseMain$startTestSuite$0.call(Unknown Source)
	at TempTestSuite1705923140048.run(TempTestSuite1705923140048.groovy:36)
)

2024-01-22 18:37:59 - [MESSAGE][WARNING] - Web element with id: 'Object Repository/Stockbit/Bandarmology_Buyer2' located by 'By.xpath: //*[contains(@id, 'rc-tabs-')]/div[2]/div/div/div/div/div/div[2]/table/tbody/tr[3]/td[1]/p' is present after '1' second(s) (Root cause: com.kms.katalon.core.exception.StepFailedException: Web element with id: 'Object Repository/Stockbit/Bandarmology_Buyer2' located by 'By.xpath: //*[contains(@id, 'rc-tabs-')]/div[2]/div/div/div/div/div/div[2]/table/tbody/tr[3]/td[1]/p' is present after '1' second(s)
	at com.kms.katalon.core.webui.keyword.internal.WebUIKeywordMain.stepFailed(WebUIKeywordMain.groovy:64)
	at com.kms.katalon.core.webui.keyword.internal.WebUIKeywordMain$stepFailed$0.call(Unknown Source)
	at com.kms.katalon.core.webui.keyword.builtin.VerifyElementNotPresentKeyword$_verifyElementNotPresent_closure1.doCall(VerifyElementNotPresentKeyword.groovy:106)
	at com.kms.katalon.core.webui.keyword.builtin.VerifyElementNotPresentKeyword$_verifyElementNotPresent_closure1.doCall(VerifyElementNotPresentKeyword.groovy)
	at com.kms.katalon.core.webui.keyword.internal.WebUIKeywordMain.runKeyword(WebUIKeywordMain.groovy:20)
	at com.kms.katalon.core.webui.keyword.internal.WebUIKeywordMain$runKeyword.call(Unknown Source)
	at com.kms.katalon.core.webui.keyword.builtin.VerifyElementNotPresentKeyword.verifyElementNotPresent(VerifyElementNotPresentKeyword.groovy:117)
	at com.kms.katalon.core.webui.keyword.builtin.VerifyElementNotPresentKeyword.execute(VerifyElementNotPresentKeyword.groovy:68)
	at com.kms.katalon.core.keyword.internal.KeywordExecutor.executeKeywordForPlatform(KeywordExecutor.groovy:74)
	at com.kms.katalon.core.webui.keyword.WebUiBuiltInKeywords.verifyElementNotPresent(WebUiBuiltInKeywords.groovy:1481)
	at com.kms.katalon.core.webui.keyword.WebUiBuiltInKeywords$verifyElementNotPresent$8.call(Unknown Source)
	at GetBrokSumPriceDaily.run(GetBrokSumPriceDaily:258)
	at com.kms.katalon.core.main.ScriptEngine.run(ScriptEngine.java:194)
	at com.kms.katalon.core.main.ScriptEngine.runScriptAsRawText(ScriptEngine.java:119)
	at com.kms.katalon.core.main.TestCaseExecutor.runScript(TestCaseExecutor.java:445)
	at com.kms.katalon.core.main.TestCaseExecutor.doExecute(TestCaseExecutor.java:436)
	at com.kms.katalon.core.main.TestCaseExecutor.processExecutionPhase(TestCaseExecutor.java:415)
	at com.kms.katalon.core.main.TestCaseExecutor.accessMainPhase(TestCaseExecutor.java:407)
	at com.kms.katalon.core.main.TestCaseExecutor.execute(TestCaseExecutor.java:284)
	at com.kms.katalon.core.common.CommonExecutor.accessTestCaseMainPhase(CommonExecutor.java:65)
	at com.kms.katalon.core.main.TestSuiteExecutor.accessTestSuiteMainPhase(TestSuiteExecutor.java:144)
	at com.kms.katalon.core.main.TestSuiteExecutor.execute(TestSuiteExecutor.java:106)
	at com.kms.katalon.core.main.TestCaseMain.startTestSuite(TestCaseMain.java:185)
	at com.kms.katalon.core.main.TestCaseMain$startTestSuite$0.call(Unknown Source)
	at TempTestSuite1705923140048.run(TempTestSuite1705923140048.groovy:36)
)
[[ATTACHMENT|C:\\Users\\Fadli\\git\\KatalonDailyGetData2\\Reports\\20240122_174123\\TS1\\20240122_183220\\1705923479734.png]]

2024-01-22 18:37:59 - [TEST_STEP][PASSED] - else: null

2024-01-22 18:37:59 - [TEST_STEP][PASSED] - strBuyer2 = getText(findTestObject("Stockbit/Bandarmology_Buyer2")): Text of object 'Object Repository/Stockbit/Bandarmology_Buyer2' is: 'XL'

2024-01-22 18:38:00 - [MESSAGE][PASSED] - Text of object 'Object Repository/Stockbit/Bandarmology_Buyer2' is: 'XL'

2024-01-22 18:38:00 - [TEST_STEP][PASSED] - strBuyerVol2 = getText(findTestObject("Stockbit/Bandarmology_BuyerVol2")): Text of object 'Object Repository/Stockbit/Bandarmology_BuyerVol2' is: '278'

2024-01-22 18:38:00 - [MESSAGE][PASSED] - Text of object 'Object Repository/Stockbit/Bandarmology_BuyerVol2' is: '278'

2024-01-22 18:38:00 - [TEST_STEP][PASSED] - strBuyerAvg2 = getText(findTestObject("Stockbit/Bandarmology_BuyerAvg2")): Text of object 'Object Repository/Stockbit/Bandarmology_BuyerAvg2' is: '134'

2024-01-22 18:38:00 - [MESSAGE][PASSED] - Text of object 'Object Repository/Stockbit/Bandarmology_BuyerAvg2' is: '134'

2024-01-22 18:38:00 - [TEST_STEP][PASSED] - if (strBuyer2 != ""): null

2024-01-22 18:38:00 - [TEST_STEP][PASSED] - if (strBuyerAvg2.contains(",")): null

2024-01-22 18:38:00 - [TEST_STEP][PASSED] - if (strBuyerVol2.contains(" B")): null

2024-01-22 18:38:00 - [TEST_STEP][PASSED] - if (strBuyerVol2.contains(".")): null

2024-01-22 18:38:00 - [TEST_STEP][PASSED] - if (verifyElementNotPresent(findTestObject("Stockbit/Bandarmology_Seller2"), 1, OPTIONAL)): Web element with id: 'Object Repository/Stockbit/Bandarmology_Seller2' located by 'By.xpath: //*[contains(@id, 'rc-tabs-')]/div[2]/div/div/div/div/div/div[2]/table/tbody/tr[3]/td[5]/p' is present after '1' second(s) (Root cause: com.kms.katalon.core.exception.StepFailedException: Web element with id: 'Object Repository/Stockbit/Bandarmology_Seller2' located by 'By.xpath: //*[contains(@id, 'rc-tabs-')]/div[2]/div/div/div/div/div/div[2]/table/tbody/tr[3]/td[5]/p' is present after '1' second(s)
	at com.kms.katalon.core.webui.keyword.internal.WebUIKeywordMain.stepFailed(WebUIKeywordMain.groovy:64)
	at com.kms.katalon.core.webui.keyword.internal.WebUIKeywordMain$stepFailed$0.call(Unknown Source)
	at com.kms.katalon.core.webui.keyword.builtin.VerifyElementNotPresentKeyword$_verifyElementNotPresent_closure1.doCall(VerifyElementNotPresentKeyword.groovy:106)
	at com.kms.katalon.core.webui.keyword.builtin.VerifyElementNotPresentKeyword$_verifyElementNotPresent_closure1.doCall(VerifyElementNotPresentKeyword.groovy)
	at com.kms.katalon.core.webui.keyword.internal.WebUIKeywordMain.runKeyword(WebUIKeywordMain.groovy:20)
	at com.kms.katalon.core.webui.keyword.internal.WebUIKeywordMain$runKeyword.call(Unknown Source)
	at com.kms.katalon.core.webui.keyword.builtin.VerifyElementNotPresentKeyword.verifyElementNotPresent(VerifyElementNotPresentKeyword.groovy:117)
	at com.kms.katalon.core.webui.keyword.builtin.VerifyElementNotPresentKeyword.execute(VerifyElementNotPresentKeyword.groovy:68)
	at com.kms.katalon.core.keyword.internal.KeywordExecutor.executeKeywordForPlatform(KeywordExecutor.groovy:74)
	at com.kms.katalon.core.webui.keyword.WebUiBuiltInKeywords.verifyElementNotPresent(WebUiBuiltInKeywords.groovy:1481)
	at com.kms.katalon.core.webui.keyword.WebUiBuiltInKeywords$verifyElementNotPresent$8.call(Unknown Source)
	at GetBrokSumPriceDaily.run(GetBrokSumPriceDaily:309)
	at com.kms.katalon.core.main.ScriptEngine.run(ScriptEngine.java:194)
	at com.kms.katalon.core.main.ScriptEngine.runScriptAsRawText(ScriptEngine.java:119)
	at com.kms.katalon.core.main.TestCaseExecutor.runScript(TestCaseExecutor.java:445)
	at com.kms.katalon.core.main.TestCaseExecutor.doExecute(TestCaseExecutor.java:436)
	at com.kms.katalon.core.main.TestCaseExecutor.processExecutionPhase(TestCaseExecutor.java:415)
	at com.kms.katalon.core.main.TestCaseExecutor.accessMainPhase(TestCaseExecutor.java:407)
	at com.kms.katalon.core.main.TestCaseExecutor.execute(TestCaseExecutor.java:284)
	at com.kms.katalon.core.common.CommonExecutor.accessTestCaseMainPhase(CommonExecutor.java:65)
	at com.kms.katalon.core.main.TestSuiteExecutor.accessTestSuiteMainPhase(TestSuiteExecutor.java:144)
	at com.kms.katalon.core.main.TestSuiteExecutor.execute(TestSuiteExecutor.java:106)
	at com.kms.katalon.core.main.TestCaseMain.startTestSuite(TestCaseMain.java:185)
	at com.kms.katalon.core.main.TestCaseMain$startTestSuite$0.call(Unknown Source)
	at TempTestSuite1705923140048.run(TempTestSuite1705923140048.groovy:36)
)

2024-01-22 18:38:01 - [MESSAGE][WARNING] - Web element with id: 'Object Repository/Stockbit/Bandarmology_Seller2' located by 'By.xpath: //*[contains(@id, 'rc-tabs-')]/div[2]/div/div/div/div/div/div[2]/table/tbody/tr[3]/td[5]/p' is present after '1' second(s) (Root cause: com.kms.katalon.core.exception.StepFailedException: Web element with id: 'Object Repository/Stockbit/Bandarmology_Seller2' located by 'By.xpath: //*[contains(@id, 'rc-tabs-')]/div[2]/div/div/div/div/div/div[2]/table/tbody/tr[3]/td[5]/p' is present after '1' second(s)
	at com.kms.katalon.core.webui.keyword.internal.WebUIKeywordMain.stepFailed(WebUIKeywordMain.groovy:64)
	at com.kms.katalon.core.webui.keyword.internal.WebUIKeywordMain$stepFailed$0.call(Unknown Source)
	at com.kms.katalon.core.webui.keyword.builtin.VerifyElementNotPresentKeyword$_verifyElementNotPresent_closure1.doCall(VerifyElementNotPresentKeyword.groovy:106)
	at com.kms.katalon.core.webui.keyword.builtin.VerifyElementNotPresentKeyword$_verifyElementNotPresent_closure1.doCall(VerifyElementNotPresentKeyword.groovy)
	at com.kms.katalon.core.webui.keyword.internal.WebUIKeywordMain.runKeyword(WebUIKeywordMain.groovy:20)
	at com.kms.katalon.core.webui.keyword.internal.WebUIKeywordMain$runKeyword.call(Unknown Source)
	at com.kms.katalon.core.webui.keyword.builtin.VerifyElementNotPresentKeyword.verifyElementNotPresent(VerifyElementNotPresentKeyword.groovy:117)
	at com.kms.katalon.core.webui.keyword.builtin.VerifyElementNotPresentKeyword.execute(VerifyElementNotPresentKeyword.groovy:68)
	at com.kms.katalon.core.keyword.internal.KeywordExecutor.executeKeywordForPlatform(KeywordExecutor.groovy:74)
	at com.kms.katalon.core.webui.keyword.WebUiBuiltInKeywords.verifyElementNotPresent(WebUiBuiltInKeywords.groovy:1481)
	at com.kms.katalon.core.webui.keyword.WebUiBuiltInKeywords$verifyElementNotPresent$8.call(Unknown Source)
	at GetBrokSumPriceDaily.run(GetBrokSumPriceDaily:309)
	at com.kms.katalon.core.main.ScriptEngine.run(ScriptEngine.java:194)
	at com.kms.katalon.core.main.ScriptEngine.runScriptAsRawText(ScriptEngine.java:119)
	at com.kms.katalon.core.main.TestCaseExecutor.runScript(TestCaseExecutor.java:445)
	at com.kms.katalon.core.main.TestCaseExecutor.doExecute(TestCaseExecutor.java:436)
	at com.kms.katalon.core.main.TestCaseExecutor.processExecutionPhase(TestCaseExecutor.java:415)
	at com.kms.katalon.core.main.TestCaseExecutor.accessMainPhase(TestCaseExecutor.java:407)
	at com.kms.katalon.core.main.TestCaseExecutor.execute(TestCaseExecutor.java:284)
	at com.kms.katalon.core.common.CommonExecutor.accessTestCaseMainPhase(CommonExecutor.java:65)
	at com.kms.katalon.core.main.TestSuiteExecutor.accessTestSuiteMainPhase(TestSuiteExecutor.java:144)
	at com.kms.katalon.core.main.TestSuiteExecutor.execute(TestSuiteExecutor.java:106)
	at com.kms.katalon.core.main.TestCaseMain.startTestSuite(TestCaseMain.java:185)
	at com.kms.katalon.core.main.TestCaseMain$startTestSuite$0.call(Unknown Source)
	at TempTestSuite1705923140048.run(TempTestSuite1705923140048.groovy:36)
)
[[ATTACHMENT|C:\\Users\\Fadli\\git\\KatalonDailyGetData2\\Reports\\20240122_174123\\TS1\\20240122_183220\\1705923481446.png]]

2024-01-22 18:38:01 - [TEST_STEP][PASSED] - else: null

2024-01-22 18:38:01 - [TEST_STEP][PASSED] - strSeller2 = getText(findTestObject("Stockbit/Bandarmology_Seller2")): Text of object 'Object Repository/Stockbit/Bandarmology_Seller2' is: 'YU'

2024-01-22 18:38:01 - [MESSAGE][PASSED] - Text of object 'Object Repository/Stockbit/Bandarmology_Seller2' is: 'YU'

2024-01-22 18:38:01 - [TEST_STEP][PASSED] - strSellerVol2 = getText(findTestObject("Stockbit/Bandarmology_SellerVol2")): Text of object 'Object Repository/Stockbit/Bandarmology_SellerVol2' is: '500'

2024-01-22 18:38:01 - [MESSAGE][PASSED] - Text of object 'Object Repository/Stockbit/Bandarmology_SellerVol2' is: '500'

2024-01-22 18:38:01 - [TEST_STEP][PASSED] - strSellerAvg2 = getText(findTestObject("Stockbit/Bandarmology_SellerAvg2")): Text of object 'Object Repository/Stockbit/Bandarmology_SellerAvg2' is: '125'

2024-01-22 18:38:02 - [MESSAGE][PASSED] - Text of object 'Object Repository/Stockbit/Bandarmology_SellerAvg2' is: '125'

2024-01-22 18:38:02 - [TEST_STEP][PASSED] - if (strSeller2 != ""): null

2024-01-22 18:38:02 - [TEST_STEP][PASSED] - if (strSellerAvg2.contains(",")): null

2024-01-22 18:38:02 - [TEST_STEP][PASSED] - if (strSellerVol2.contains(" B")): null

2024-01-22 18:38:02 - [TEST_STEP][PASSED] - if (verifyElementNotPresent(findTestObject("Stockbit/Bandarmology_Buyer3"), 1, OPTIONAL)): Web element with id: 'Object Repository/Stockbit/Bandarmology_Buyer3' located by 'By.xpath: //*[contains(@id, 'rc-tabs-')]/div[2]/div/div/div/div/div/div[2]/table/tbody/tr[4]/td[1]/p' is present after '1' second(s) (Root cause: com.kms.katalon.core.exception.StepFailedException: Web element with id: 'Object Repository/Stockbit/Bandarmology_Buyer3' located by 'By.xpath: //*[contains(@id, 'rc-tabs-')]/div[2]/div/div/div/div/div/div[2]/table/tbody/tr[4]/td[1]/p' is present after '1' second(s)
	at com.kms.katalon.core.webui.keyword.internal.WebUIKeywordMain.stepFailed(WebUIKeywordMain.groovy:64)
	at com.kms.katalon.core.webui.keyword.internal.WebUIKeywordMain$stepFailed$0.call(Unknown Source)
	at com.kms.katalon.core.webui.keyword.builtin.VerifyElementNotPresentKeyword$_verifyElementNotPresent_closure1.doCall(VerifyElementNotPresentKeyword.groovy:106)
	at com.kms.katalon.core.webui.keyword.builtin.VerifyElementNotPresentKeyword$_verifyElementNotPresent_closure1.doCall(VerifyElementNotPresentKeyword.groovy)
	at com.kms.katalon.core.webui.keyword.internal.WebUIKeywordMain.runKeyword(WebUIKeywordMain.groovy:20)
	at com.kms.katalon.core.webui.keyword.internal.WebUIKeywordMain$runKeyword.call(Unknown Source)
	at com.kms.katalon.core.webui.keyword.builtin.VerifyElementNotPresentKeyword.verifyElementNotPresent(VerifyElementNotPresentKeyword.groovy:117)
	at com.kms.katalon.core.webui.keyword.builtin.VerifyElementNotPresentKeyword.execute(VerifyElementNotPresentKeyword.groovy:68)
	at com.kms.katalon.core.keyword.internal.KeywordExecutor.executeKeywordForPlatform(KeywordExecutor.groovy:74)
	at com.kms.katalon.core.webui.keyword.WebUiBuiltInKeywords.verifyElementNotPresent(WebUiBuiltInKeywords.groovy:1481)
	at com.kms.katalon.core.webui.keyword.WebUiBuiltInKeywords$verifyElementNotPresent$8.call(Unknown Source)
	at GetBrokSumPriceDaily.run(GetBrokSumPriceDaily:361)
	at com.kms.katalon.core.main.ScriptEngine.run(ScriptEngine.java:194)
	at com.kms.katalon.core.main.ScriptEngine.runScriptAsRawText(ScriptEngine.java:119)
	at com.kms.katalon.core.main.TestCaseExecutor.runScript(TestCaseExecutor.java:445)
	at com.kms.katalon.core.main.TestCaseExecutor.doExecute(TestCaseExecutor.java:436)
	at com.kms.katalon.core.main.TestCaseExecutor.processExecutionPhase(TestCaseExecutor.java:415)
	at com.kms.katalon.core.main.TestCaseExecutor.accessMainPhase(TestCaseExecutor.java:407)
	at com.kms.katalon.core.main.TestCaseExecutor.execute(TestCaseExecutor.java:284)
	at com.kms.katalon.core.common.CommonExecutor.accessTestCaseMainPhase(CommonExecutor.java:65)
	at com.kms.katalon.core.main.TestSuiteExecutor.accessTestSuiteMainPhase(TestSuiteExecutor.java:144)
	at com.kms.katalon.core.main.TestSuiteExecutor.execute(TestSuiteExecutor.java:106)
	at com.kms.katalon.core.main.TestCaseMain.startTestSuite(TestCaseMain.java:185)
	at com.kms.katalon.core.main.TestCaseMain$startTestSuite$0.call(Unknown Source)
	at TempTestSuite1705923140048.run(TempTestSuite1705923140048.groovy:36)
)

2024-01-22 18:38:03 - [MESSAGE][WARNING] - Web element with id: 'Object Repository/Stockbit/Bandarmology_Buyer3' located by 'By.xpath: //*[contains(@id, 'rc-tabs-')]/div[2]/div/div/div/div/div/div[2]/table/tbody/tr[4]/td[1]/p' is present after '1' second(s) (Root cause: com.kms.katalon.core.exception.StepFailedException: Web element with id: 'Object Repository/Stockbit/Bandarmology_Buyer3' located by 'By.xpath: //*[contains(@id, 'rc-tabs-')]/div[2]/div/div/div/div/div/div[2]/table/tbody/tr[4]/td[1]/p' is present after '1' second(s)
	at com.kms.katalon.core.webui.keyword.internal.WebUIKeywordMain.stepFailed(WebUIKeywordMain.groovy:64)
	at com.kms.katalon.core.webui.keyword.internal.WebUIKeywordMain$stepFailed$0.call(Unknown Source)
	at com.kms.katalon.core.webui.keyword.builtin.VerifyElementNotPresentKeyword$_verifyElementNotPresent_closure1.doCall(VerifyElementNotPresentKeyword.groovy:106)
	at com.kms.katalon.core.webui.keyword.builtin.VerifyElementNotPresentKeyword$_verifyElementNotPresent_closure1.doCall(VerifyElementNotPresentKeyword.groovy)
	at com.kms.katalon.core.webui.keyword.internal.WebUIKeywordMain.runKeyword(WebUIKeywordMain.groovy:20)
	at com.kms.katalon.core.webui.keyword.internal.WebUIKeywordMain$runKeyword.call(Unknown Source)
	at com.kms.katalon.core.webui.keyword.builtin.VerifyElementNotPresentKeyword.verifyElementNotPresent(VerifyElementNotPresentKeyword.groovy:117)
	at com.kms.katalon.core.webui.keyword.builtin.VerifyElementNotPresentKeyword.execute(VerifyElementNotPresentKeyword.groovy:68)
	at com.kms.katalon.core.keyword.internal.KeywordExecutor.executeKeywordForPlatform(KeywordExecutor.groovy:74)
	at com.kms.katalon.core.webui.keyword.WebUiBuiltInKeywords.verifyElementNotPresent(WebUiBuiltInKeywords.groovy:1481)
	at com.kms.katalon.core.webui.keyword.WebUiBuiltInKeywords$verifyElementNotPresent$8.call(Unknown Source)
	at GetBrokSumPriceDaily.run(GetBrokSumPriceDaily:361)
	at com.kms.katalon.core.main.ScriptEngine.run(ScriptEngine.java:194)
	at com.kms.katalon.core.main.ScriptEngine.runScriptAsRawText(ScriptEngine.java:119)
	at com.kms.katalon.core.main.TestCaseExecutor.runScript(TestCaseExecutor.java:445)
	at com.kms.katalon.core.main.TestCaseExecutor.doExecute(TestCaseExecutor.java:436)
	at com.kms.katalon.core.main.TestCaseExecutor.processExecutionPhase(TestCaseExecutor.java:415)
	at com.kms.katalon.core.main.TestCaseExecutor.accessMainPhase(TestCaseExecutor.java:407)
	at com.kms.katalon.core.main.TestCaseExecutor.execute(TestCaseExecutor.java:284)
	at com.kms.katalon.core.common.CommonExecutor.accessTestCaseMainPhase(CommonExecutor.java:65)
	at com.kms.katalon.core.main.TestSuiteExecutor.accessTestSuiteMainPhase(TestSuiteExecutor.java:144)
	at com.kms.katalon.core.main.TestSuiteExecutor.execute(TestSuiteExecutor.java:106)
	at com.kms.katalon.core.main.TestCaseMain.startTestSuite(TestCaseMain.java:185)
	at com.kms.katalon.core.main.TestCaseMain$startTestSuite$0.call(Unknown Source)
	at TempTestSuite1705923140048.run(TempTestSuite1705923140048.groovy:36)
)
[[ATTACHMENT|C:\\Users\\Fadli\\git\\KatalonDailyGetData2\\Reports\\20240122_174123\\TS1\\20240122_183220\\1705923483192.png]]

2024-01-22 18:38:03 - [TEST_STEP][PASSED] - else: null

2024-01-22 18:38:03 - [TEST_STEP][PASSED] - strBuyer3 = getText(findTestObject("Stockbit/Bandarmology_Buyer3")): Text of object 'Object Repository/Stockbit/Bandarmology_Buyer3' is: 'YP'

2024-01-22 18:38:03 - [MESSAGE][PASSED] - Text of object 'Object Repository/Stockbit/Bandarmology_Buyer3' is: 'YP'

2024-01-22 18:38:03 - [TEST_STEP][PASSED] - strBuyerVol3 = getText(findTestObject("Stockbit/Bandarmology_BuyerVol3")): Text of object 'Object Repository/Stockbit/Bandarmology_BuyerVol3' is: '259'

2024-01-22 18:38:03 - [MESSAGE][PASSED] - Text of object 'Object Repository/Stockbit/Bandarmology_BuyerVol3' is: '259'

2024-01-22 18:38:03 - [TEST_STEP][PASSED] - strBuyerAvg3 = getText(findTestObject("Stockbit/Bandarmology_BuyerAvg3")): Text of object 'Object Repository/Stockbit/Bandarmology_BuyerAvg3' is: '125'

2024-01-22 18:38:03 - [MESSAGE][PASSED] - Text of object 'Object Repository/Stockbit/Bandarmology_BuyerAvg3' is: '125'

2024-01-22 18:38:03 - [TEST_STEP][PASSED] - if (strBuyer3 != ""): null

2024-01-22 18:38:03 - [TEST_STEP][PASSED] - if (strBuyerAvg3.contains(",")): null

2024-01-22 18:38:03 - [TEST_STEP][PASSED] - if (strBuyerVol3.contains(" B")): null

2024-01-22 18:38:03 - [TEST_STEP][PASSED] - if (verifyElementNotPresent(findTestObject("Stockbit/Bandarmology_Seller3"), 1, OPTIONAL)): Web element with id: 'Object Repository/Stockbit/Bandarmology_Seller3' located by 'By.xpath: //*[contains(@id, 'rc-tabs-')]/div[2]/div/div/div/div/div/div[2]/table/tbody/tr[4]/td[5]/p' is present after '1' second(s) (Root cause: com.kms.katalon.core.exception.StepFailedException: Web element with id: 'Object Repository/Stockbit/Bandarmology_Seller3' located by 'By.xpath: //*[contains(@id, 'rc-tabs-')]/div[2]/div/div/div/div/div/div[2]/table/tbody/tr[4]/td[5]/p' is present after '1' second(s)
	at com.kms.katalon.core.webui.keyword.internal.WebUIKeywordMain.stepFailed(WebUIKeywordMain.groovy:64)
	at com.kms.katalon.core.webui.keyword.internal.WebUIKeywordMain$stepFailed$0.call(Unknown Source)
	at com.kms.katalon.core.webui.keyword.builtin.VerifyElementNotPresentKeyword$_verifyElementNotPresent_closure1.doCall(VerifyElementNotPresentKeyword.groovy:106)
	at com.kms.katalon.core.webui.keyword.builtin.VerifyElementNotPresentKeyword$_verifyElementNotPresent_closure1.doCall(VerifyElementNotPresentKeyword.groovy)
	at com.kms.katalon.core.webui.keyword.internal.WebUIKeywordMain.runKeyword(WebUIKeywordMain.groovy:20)
	at com.kms.katalon.core.webui.keyword.internal.WebUIKeywordMain$runKeyword.call(Unknown Source)
	at com.kms.katalon.core.webui.keyword.builtin.VerifyElementNotPresentKeyword.verifyElementNotPresent(VerifyElementNotPresentKeyword.groovy:117)
	at com.kms.katalon.core.webui.keyword.builtin.VerifyElementNotPresentKeyword.execute(VerifyElementNotPresentKeyword.groovy:68)
	at com.kms.katalon.core.keyword.internal.KeywordExecutor.executeKeywordForPlatform(KeywordExecutor.groovy:74)
	at com.kms.katalon.core.webui.keyword.WebUiBuiltInKeywords.verifyElementNotPresent(WebUiBuiltInKeywords.groovy:1481)
	at com.kms.katalon.core.webui.keyword.WebUiBuiltInKeywords$verifyElementNotPresent$8.call(Unknown Source)
	at GetBrokSumPriceDaily.run(GetBrokSumPriceDaily:414)
	at com.kms.katalon.core.main.ScriptEngine.run(ScriptEngine.java:194)
	at com.kms.katalon.core.main.ScriptEngine.runScriptAsRawText(ScriptEngine.java:119)
	at com.kms.katalon.core.main.TestCaseExecutor.runScript(TestCaseExecutor.java:445)
	at com.kms.katalon.core.main.TestCaseExecutor.doExecute(TestCaseExecutor.java:436)
	at com.kms.katalon.core.main.TestCaseExecutor.processExecutionPhase(TestCaseExecutor.java:415)
	at com.kms.katalon.core.main.TestCaseExecutor.accessMainPhase(TestCaseExecutor.java:407)
	at com.kms.katalon.core.main.TestCaseExecutor.execute(TestCaseExecutor.java:284)
	at com.kms.katalon.core.common.CommonExecutor.accessTestCaseMainPhase(CommonExecutor.java:65)
	at com.kms.katalon.core.main.TestSuiteExecutor.accessTestSuiteMainPhase(TestSuiteExecutor.java:144)
	at com.kms.katalon.core.main.TestSuiteExecutor.execute(TestSuiteExecutor.java:106)
	at com.kms.katalon.core.main.TestCaseMain.startTestSuite(TestCaseMain.java:185)
	at com.kms.katalon.core.main.TestCaseMain$startTestSuite$0.call(Unknown Source)
	at TempTestSuite1705923140048.run(TempTestSuite1705923140048.groovy:36)
)

2024-01-22 18:38:05 - [MESSAGE][WARNING] - Web element with id: 'Object Repository/Stockbit/Bandarmology_Seller3' located by 'By.xpath: //*[contains(@id, 'rc-tabs-')]/div[2]/div/div/div/div/div/div[2]/table/tbody/tr[4]/td[5]/p' is present after '1' second(s) (Root cause: com.kms.katalon.core.exception.StepFailedException: Web element with id: 'Object Repository/Stockbit/Bandarmology_Seller3' located by 'By.xpath: //*[contains(@id, 'rc-tabs-')]/div[2]/div/div/div/div/div/div[2]/table/tbody/tr[4]/td[5]/p' is present after '1' second(s)
	at com.kms.katalon.core.webui.keyword.internal.WebUIKeywordMain.stepFailed(WebUIKeywordMain.groovy:64)
	at com.kms.katalon.core.webui.keyword.internal.WebUIKeywordMain$stepFailed$0.call(Unknown Source)
	at com.kms.katalon.core.webui.keyword.builtin.VerifyElementNotPresentKeyword$_verifyElementNotPresent_closure1.doCall(VerifyElementNotPresentKeyword.groovy:106)
	at com.kms.katalon.core.webui.keyword.builtin.VerifyElementNotPresentKeyword$_verifyElementNotPresent_closure1.doCall(VerifyElementNotPresentKeyword.groovy)
	at com.kms.katalon.core.webui.keyword.internal.WebUIKeywordMain.runKeyword(WebUIKeywordMain.groovy:20)
	at com.kms.katalon.core.webui.keyword.internal.WebUIKeywordMain$runKeyword.call(Unknown Source)
	at com.kms.katalon.core.webui.keyword.builtin.VerifyElementNotPresentKeyword.verifyElementNotPresent(VerifyElementNotPresentKeyword.groovy:117)
	at com.kms.katalon.core.webui.keyword.builtin.VerifyElementNotPresentKeyword.execute(VerifyElementNotPresentKeyword.groovy:68)
	at com.kms.katalon.core.keyword.internal.KeywordExecutor.executeKeywordForPlatform(KeywordExecutor.groovy:74)
	at com.kms.katalon.core.webui.keyword.WebUiBuiltInKeywords.verifyElementNotPresent(WebUiBuiltInKeywords.groovy:1481)
	at com.kms.katalon.core.webui.keyword.WebUiBuiltInKeywords$verifyElementNotPresent$8.call(Unknown Source)
	at GetBrokSumPriceDaily.run(GetBrokSumPriceDaily:414)
	at com.kms.katalon.core.main.ScriptEngine.run(ScriptEngine.java:194)
	at com.kms.katalon.core.main.ScriptEngine.runScriptAsRawText(ScriptEngine.java:119)
	at com.kms.katalon.core.main.TestCaseExecutor.runScript(TestCaseExecutor.java:445)
	at com.kms.katalon.core.main.TestCaseExecutor.doExecute(TestCaseExecutor.java:436)
	at com.kms.katalon.core.main.TestCaseExecutor.processExecutionPhase(TestCaseExecutor.java:415)
	at com.kms.katalon.core.main.TestCaseExecutor.accessMainPhase(TestCaseExecutor.java:407)
	at com.kms.katalon.core.main.TestCaseExecutor.execute(TestCaseExecutor.java:284)
	at com.kms.katalon.core.common.CommonExecutor.accessTestCaseMainPhase(CommonExecutor.java:65)
	at com.kms.katalon.core.main.TestSuiteExecutor.accessTestSuiteMainPhase(TestSuiteExecutor.java:144)
	at com.kms.katalon.core.main.TestSuiteExecutor.execute(TestSuiteExecutor.java:106)
	at com.kms.katalon.core.main.TestCaseMain.startTestSuite(TestCaseMain.java:185)
	at com.kms.katalon.core.main.TestCaseMain$startTestSuite$0.call(Unknown Source)
	at TempTestSuite1705923140048.run(TempTestSuite1705923140048.groovy:36)
)
[[ATTACHMENT|C:\\Users\\Fadli\\git\\KatalonDailyGetData2\\Reports\\20240122_174123\\TS1\\20240122_183220\\1705923484914.png]]

2024-01-22 18:38:05 - [TEST_STEP][PASSED] - else: null

2024-01-22 18:38:05 - [TEST_STEP][PASSED] - strSeller3 = getText(findTestObject("Stockbit/Bandarmology_Seller3")): Text of object 'Object Repository/Stockbit/Bandarmology_Seller3' is: 'XA'

2024-01-22 18:38:05 - [MESSAGE][PASSED] - Text of object 'Object Repository/Stockbit/Bandarmology_Seller3' is: 'XA'

2024-01-22 18:38:05 - [TEST_STEP][PASSED] - strSellerVol3 = getText(findTestObject("Stockbit/Bandarmology_SellerVol3")): Text of object 'Object Repository/Stockbit/Bandarmology_SellerVol3' is: '16'

2024-01-22 18:38:05 - [MESSAGE][PASSED] - Text of object 'Object Repository/Stockbit/Bandarmology_SellerVol3' is: '16'

2024-01-22 18:38:05 - [TEST_STEP][PASSED] - strSellerAvg3 = getText(findTestObject("Stockbit/Bandarmology_SellerAvg3")): Text of object 'Object Repository/Stockbit/Bandarmology_SellerAvg3' is: '132'

2024-01-22 18:38:05 - [MESSAGE][PASSED] - Text of object 'Object Repository/Stockbit/Bandarmology_SellerAvg3' is: '132'

2024-01-22 18:38:05 - [TEST_STEP][PASSED] - if (strSeller3 != ""): null

2024-01-22 18:38:05 - [TEST_STEP][PASSED] - if (strSellerAvg3.contains(",")): null

2024-01-22 18:38:05 - [TEST_STEP][PASSED] - if (strSellerVol3.contains(" B")): null

2024-01-22 18:38:05 - [TEST_STEP][PASSED] - strAccDist = getText(findTestObject("Stockbit/Bandarmology_AccDist")): Text of object 'Object Repository/Stockbit/Bandarmology_AccDist' is: 'Dist'

2024-01-22 18:38:05 - [MESSAGE][PASSED] - Text of object 'Object Repository/Stockbit/Bandarmology_AccDist' is: 'Dist'

2024-01-22 18:38:05 - [TEST_STEP][PASSED] - strNetVol = getText(findTestObject("Stockbit/Bandarmology_NetVol")): Text of object 'Object Repository/Stockbit/Bandarmology_NetVol' is: '1,126'

2024-01-22 18:38:05 - [MESSAGE][PASSED] - Text of object 'Object Repository/Stockbit/Bandarmology_NetVol' is: '1,126'

2024-01-22 18:38:05 - [TEST_STEP][PASSED] - strNetVol = strNetVol.replace(",", ""): null

2024-01-22 18:38:05 - [TEST_STEP][PASSED] - strNetVal = getText(findTestObject("Stockbit/Bandarmology_NetVal")): Text of object 'Object Repository/Stockbit/Bandarmology_NetVal' is: '0 B'

2024-01-22 18:38:05 - [MESSAGE][PASSED] - Text of object 'Object Repository/Stockbit/Bandarmology_NetVal' is: '0 B'

2024-01-22 18:38:05 - [TEST_STEP][PASSED] - delay(3): Delayed 3 second(s)

2024-01-22 18:38:08 - [MESSAGE][PASSED] - Delayed 3 second(s)

2024-01-22 18:38:08 - [TEST_STEP][PASSED] - strOpenPrice = getText(findTestObject("Stockbit/Home_OpenPrice")): Text of object 'Object Repository/Stockbit/Home_OpenPrice' is: '134'

2024-01-22 18:38:08 - [MESSAGE][PASSED] - Text of object 'Object Repository/Stockbit/Home_OpenPrice' is: '134'

2024-01-22 18:38:08 - [TEST_STEP][PASSED] - strOpenPrice = strOpenPrice.replace(",", ""): null

2024-01-22 18:38:08 - [TEST_STEP][PASSED] - strLowPrice = getText(findTestObject("Stockbit/Home_LowPrice")): Text of object 'Object Repository/Stockbit/Home_LowPrice' is: '125'

2024-01-22 18:38:09 - [MESSAGE][PASSED] - Text of object 'Object Repository/Stockbit/Home_LowPrice' is: '125'

2024-01-22 18:38:09 - [TEST_STEP][PASSED] - strLowPrice = strLowPrice.replace(",", ""): null

2024-01-22 18:38:09 - [TEST_STEP][PASSED] - strHighPrice = getText(findTestObject("Stockbit/Home_HighPrice")): Text of object 'Object Repository/Stockbit/Home_HighPrice' is: '136'

2024-01-22 18:38:09 - [MESSAGE][PASSED] - Text of object 'Object Repository/Stockbit/Home_HighPrice' is: '136'

2024-01-22 18:38:09 - [TEST_STEP][PASSED] - strHighPrice = strHighPrice.replace(",", ""): null

2024-01-22 18:38:09 - [TEST_STEP][PASSED] - strClosePrice = getText(findTestObject("Stockbit/Home_ClosePrice")): Text of object 'Object Repository/Stockbit/Home_ClosePrice' is: '125'

2024-01-22 18:38:09 - [MESSAGE][PASSED] - Text of object 'Object Repository/Stockbit/Home_ClosePrice' is: '125'

2024-01-22 18:38:09 - [TEST_STEP][PASSED] - strClosePrice = strClosePrice.replace(",", ""): null

2024-01-22 18:38:09 - [TEST_STEP][PASSED] - strVol = getText(findTestObject("Stockbit/Home_Volume")): Text of object 'Object Repository/Stockbit/Home_Volume' is: '2 K'

2024-01-22 18:38:09 - [MESSAGE][PASSED] - Text of object 'Object Repository/Stockbit/Home_Volume' is: '2 K'

2024-01-22 18:38:09 - [TEST_STEP][PASSED] - if (strVol.contains(" K")): null

2024-01-22 18:38:09 - [TEST_STEP][PASSED] - strVol = strVol.replace(" K", "000"): null

2024-01-22 18:38:09 - [TEST_STEP][PASSED] - if (strVol.contains(",")): null

2024-01-22 18:38:09 - [TEST_STEP][PASSED] - strChange = getText(findTestObject("Stockbit/Home_Change")): Text of object 'Object Repository/Stockbit/Home_Change' is: '-6.72%'

2024-01-22 18:38:09 - [MESSAGE][PASSED] - Text of object 'Object Repository/Stockbit/Home_Change' is: '-6.72%'

2024-01-22 18:38:09 - [TEST_STEP][PASSED] - strChange = strChange.replace("%", ""): null

2024-01-22 18:38:09 - [TEST_STEP][PASSED] - strFreq = getText(findTestObject("Stockbit/Home_Freq")): Text of object 'Object Repository/Stockbit/Home_Freq' is: '63'

2024-01-22 18:38:09 - [MESSAGE][PASSED] - Text of object 'Object Repository/Stockbit/Home_Freq' is: '63'

2024-01-22 18:38:09 - [TEST_STEP][PASSED] - if (strFreq.contains(",")): null

2024-01-22 18:38:09 - [TEST_STEP][PASSED] - if (strFreq == "NA" || strFreq == ""): null

2024-01-22 18:38:09 - [TEST_STEP][PASSED] - else: null

2024-01-22 18:38:09 - [TEST_STEP][PASSED] - dblFreqAnal = strVol.toDouble() / strFreq.toDouble() * strFreq.toDouble() * strFreq.toDouble() * 100000000: null

2024-01-22 18:38:09 - [TEST_STEP][PASSED] - strFreqAnal = String.format("%.4f", dblFreqAnal): null

2024-01-22 18:38:09 - [TEST_STEP][PASSED] - out.println("Double strFreqAnal: " + strFreqAnal): null

2024-01-22 18:38:09 - [TEST_STEP][PASSED] - strTanggal = d.format(DateTimeFormatter.ofPattern("yyyy-MM-dd")): null

2024-01-22 18:38:09 - [TEST_STEP][PASSED] - strTanggal = "#" + strTanggal + "#": null

2024-01-22 18:38:09 - [TEST_STEP][PASSED] - strSQL = "select count(*) as JumBaris from TblBrokSum where Nama = '" + strNama + "' and Tanggal = " + strTanggal + "": null

2024-01-22 18:38:09 - [TEST_STEP][PASSED] - resultSet = statement.executeQuery(strSQL): null

2024-01-22 18:38:09 - [TEST_STEP][PASSED] - resultSet.next(): null

2024-01-22 18:38:09 - [TEST_STEP][PASSED] - intJumBaris = resultSet.getInt("JumBaris"): null

2024-01-22 18:38:09 - [TEST_STEP][PASSED] - if (intJumBaris > 0): null

2024-01-22 18:38:09 - [TEST_STEP][PASSED] - else: null

2024-01-22 18:38:09 - [TEST_STEP][PASSED] - try: null

2024-01-22 18:38:09 - [TEST_STEP][PASSED] - out.println("Insert data"): null

2024-01-22 18:38:09 - [TEST_STEP][PASSED] - strSQL = "insert into TblBrokSum (nama, tanggal, top1, top2, top3, AllBrokAvg, AccDist, AvgRP, " + "Buyer1, BuyerVal1, BuyerAvg1, Seller1, SellerVal1, SellerAvg1, Buyer2, BuyerVal2, BuyerAvg2, " + "Seller2, SellerVal2, SellerAvg2, Buyer3, BuyerVal3, BuyerAvg3, Seller3, SellerVal3, SellerAvg3, NetVol, NetVal, " + "OpenPrice, LowPrice, HighPrice, ClosePrice, Volume, Change, Frekuensi, FrekAnal) " + "values ('" + strNama + "', " + strTanggal + ", '" + strTop1 + "', '" + strTop3 + "', '" + strTop5 + "', " + "'" + strAllBrokAvg + "', '" + strAccDist + "', " + intAvgRP + ", '" + strBuyer1 + "', '" + strBuyerVol1 + "', " + strBuyerAvg1 + ", " + "'" + strSeller1 + "', '" + strSellerVol1 + "', " + strSellerAvg1 + ", '" + strBuyer2 + "', '" + strBuyerVol2 + "', " + strBuyerAvg2 + ", " + "'" + strSeller2 + "', '" + strSellerVol2 + "', " + strSellerAvg2 + ", '" + strBuyer3 + "', '" + strBuyerVol3 + "', " + strBuyerAvg3 + ", " + "'" + strSeller3 + "', '" + strSellerVol3 + "', " + strSellerAvg3 + ", " + strNetVol + ", '" + strNetVal + "', " + "" + strOpenPrice + ", " + strLowPrice + ", " + strHighPrice + ", " + strClosePrice + ", '" + strVol + "', " + strChange + ", " + strFreq + ", " + strFreqAnal + ");": null

2024-01-22 18:38:09 - [TEST_STEP][PASSED] - out.println("strSQL = " + strSQL): null

2024-01-22 18:38:09 - [TEST_STEP][PASSED] - statement.executeUpdate(strSQL): null

2024-01-22 18:38:09 - [TEST_STEP][PASSED] - setValueToCellByIndex(sheet01, rowIndex, 4, "DONE"): null

2024-01-22 18:38:09 - [TEST_STEP][PASSED] - saveWorkbook(excelFilePath, workbook01): null

2024-01-22 18:38:09 - [TEST_STEP][PASSED] - waitForElementClickable(findTestObject("Stockbit/menu_Bandarmology"), 10): Object 'Object Repository/Stockbit/menu_Bandarmology' is clickable

2024-01-22 18:38:09 - [MESSAGE][PASSED] - Object 'Object Repository/Stockbit/menu_Bandarmology' is clickable

2024-01-22 18:38:09 - [TEST_STEP][PASSED] - click(findTestObject("Stockbit/menu_Bandarmology")): Object: 'Object Repository/Stockbit/menu_Bandarmology' is clicked on

2024-01-22 18:38:10 - [MESSAGE][PASSED] - Object: 'Object Repository/Stockbit/menu_Bandarmology' is clicked on

2024-01-22 18:38:10 - [TEST_STEP][PASSED] - strTemp = "NA": null

2024-01-22 18:38:10 - [TEST_STEP][PASSED] - if (getCellValueByIndex(sheet01, rowIndex, 4) != "DONE"): Object: 'Object Repository/Stockbit/menu_Bandarmology' is clicked on

2024-01-22 18:38:10 - [TEST_STEP][PASSED] - strNama = getCellValueByIndex(sheet01, rowIndex, 0): null

2024-01-22 18:38:10 - [TEST_STEP][PASSED] - navigateToUrl("https://stockbit.com/#/symbol/" + strNama): Navigate to 'https://stockbit.com/#/symbol/MEDS' successfully

2024-01-22 18:38:11 - [MESSAGE][PASSED] - Navigate to 'https://stockbit.com/#/symbol/MEDS' successfully

2024-01-22 18:38:11 - [TEST_STEP][PASSED] - waitForElementClickable(findTestObject("Stockbit/menu_Bandarmology"), 10): Object 'Object Repository/Stockbit/menu_Bandarmology' is clickable

2024-01-22 18:38:11 - [MESSAGE][PASSED] - Object 'Object Repository/Stockbit/menu_Bandarmology' is clickable

2024-01-22 18:38:11 - [TEST_STEP][PASSED] - click(findTestObject("Stockbit/menu_Bandarmology")): Object: 'Object Repository/Stockbit/menu_Bandarmology' is clicked on

2024-01-22 18:38:12 - [MESSAGE][PASSED] - Object: 'Object Repository/Stockbit/menu_Bandarmology' is clicked on

2024-01-22 18:38:12 - [TEST_STEP][PASSED] - strTanggal = d.format(DateTimeFormatter.ofPattern("MMM dd, yyyy")): null

2024-01-22 18:38:12 - [TEST_STEP][PASSED] - strTanggal = d.format(ISO_DATE): null

2024-01-22 18:38:12 - [TEST_STEP][PASSED] - out.println("strTanggal = " + strTanggal): null

2024-01-22 18:38:12 - [TEST_STEP][PASSED] - out.println("strNama = " + strNama): null

2024-01-22 18:38:12 - [TEST_STEP][PASSED] - out.println("Baris ke = " + rowIndex): null

2024-01-22 18:38:12 - [TEST_STEP][PASSED] - click(findTestObject("Stockbit/input__BandarmologyOpenStartDate")): Object: 'Object Repository/Stockbit/input__BandarmologyOpenStartDate' is clicked on

2024-01-22 18:38:13 - [MESSAGE][PASSED] - Object: 'Object Repository/Stockbit/input__BandarmologyOpenStartDate' is clicked on

2024-01-22 18:38:13 - [TEST_STEP][PASSED] - sendKeys(findTestObject("Stockbit/input__BandarmologyOpenStartDate"), Keys.chord(CONTROL, "a")): Keys 'CONTROL + a' sent to object: 'Object Repository/Stockbit/input__BandarmologyOpenStartDate'

2024-01-22 18:38:14 - [MESSAGE][PASSED] - Keys 'CONTROL + a' sent to object: 'Object Repository/Stockbit/input__BandarmologyOpenStartDate'

2024-01-22 18:38:14 - [TEST_STEP][PASSED] - sendKeys(findTestObject("Stockbit/input__BandarmologyOpenStartDate"), Keys.chord(BACK_SPACE)): Keys 'BACK_SPACE + ' sent to object: 'Object Repository/Stockbit/input__BandarmologyOpenStartDate'

2024-01-22 18:38:14 - [MESSAGE][PASSED] - Keys 'BACK_SPACE + ' sent to object: 'Object Repository/Stockbit/input__BandarmologyOpenStartDate'

2024-01-22 18:38:14 - [TEST_STEP][PASSED] - setText(findTestObject("Stockbit/input__BandarmologyOpenStartDate"), strTanggal): Text '2024-01-22' is set on object 'Object Repository/Stockbit/input__BandarmologyOpenStartDate'

2024-01-22 18:38:15 - [MESSAGE][PASSED] - Text '2024-01-22' is set on object 'Object Repository/Stockbit/input__BandarmologyOpenStartDate'

2024-01-22 18:38:15 - [TEST_STEP][PASSED] - sendKeys(findTestObject("Stockbit/input__BandarmologyOpenStartDate"), Keys.chord(ENTER)): Keys 'ENTER + ' sent to object: 'Object Repository/Stockbit/input__BandarmologyOpenStartDate'

2024-01-22 18:38:15 - [MESSAGE][PASSED] - Keys 'ENTER + ' sent to object: 'Object Repository/Stockbit/input__BandarmologyOpenStartDate'

2024-01-22 18:38:15 - [TEST_STEP][PASSED] - click(findTestObject("Stockbit/input__BandarmologyOpenEndDate")): Object: 'Object Repository/Stockbit/input__BandarmologyOpenEndDate' is clicked on

2024-01-22 18:38:16 - [MESSAGE][PASSED] - Object: 'Object Repository/Stockbit/input__BandarmologyOpenEndDate' is clicked on

2024-01-22 18:38:16 - [TEST_STEP][PASSED] - sendKeys(findTestObject("Stockbit/input__BandarmologyOpenEndDate"), Keys.chord(CONTROL, "a")): Keys 'CONTROL + a' sent to object: 'Object Repository/Stockbit/input__BandarmologyOpenEndDate'

2024-01-22 18:38:16 - [MESSAGE][PASSED] - Keys 'CONTROL + a' sent to object: 'Object Repository/Stockbit/input__BandarmologyOpenEndDate'

2024-01-22 18:38:16 - [TEST_STEP][PASSED] - sendKeys(findTestObject("Stockbit/input__BandarmologyOpenEndDate"), Keys.chord(BACK_SPACE)): Keys 'BACK_SPACE + ' sent to object: 'Object Repository/Stockbit/input__BandarmologyOpenEndDate'

2024-01-22 18:38:16 - [MESSAGE][PASSED] - Keys 'BACK_SPACE + ' sent to object: 'Object Repository/Stockbit/input__BandarmologyOpenEndDate'

2024-01-22 18:38:16 - [TEST_STEP][PASSED] - setText(findTestObject("Stockbit/input__BandarmologyOpenEndDate"), strTanggal): Text '2024-01-22' is set on object 'Object Repository/Stockbit/input__BandarmologyOpenEndDate'

2024-01-22 18:38:17 - [MESSAGE][PASSED] - Text '2024-01-22' is set on object 'Object Repository/Stockbit/input__BandarmologyOpenEndDate'

2024-01-22 18:38:17 - [TEST_STEP][PASSED] - sendKeys(findTestObject("Stockbit/input__BandarmologyOpenEndDate"), Keys.chord(ENTER)): Keys 'ENTER + ' sent to object: 'Object Repository/Stockbit/input__BandarmologyOpenEndDate'

2024-01-22 18:38:18 - [MESSAGE][PASSED] - Keys 'ENTER + ' sent to object: 'Object Repository/Stockbit/input__BandarmologyOpenEndDate'

2024-01-22 18:38:18 - [TEST_STEP][PASSED] - delay(2): Delayed 2 second(s)

2024-01-22 18:38:20 - [MESSAGE][PASSED] - Delayed 2 second(s)

2024-01-22 18:38:20 - [TEST_STEP][PASSED] - strTemp = getText(findTestObject("Stockbit/Bandarmology_AvgRP")): Text of object 'Object Repository/Stockbit/Bandarmology_AvgRP' is: '50'

2024-01-22 18:38:20 - [MESSAGE][PASSED] - Text of object 'Object Repository/Stockbit/Bandarmology_AvgRP' is: '50'

2024-01-22 18:38:20 - [TEST_STEP][PASSED] - out.println("Bandarmology_AvgRP = " + strTemp): null

2024-01-22 18:38:20 - [TEST_STEP][PASSED] - if (strTemp != "0"): null

2024-01-22 18:38:20 - [TEST_STEP][PASSED] - strTop1 = getText(findTestObject("Stockbit/Bandarmology_Top1")): Text of object 'Object Repository/Stockbit/Bandarmology_Top1' is: 'Big Dist'

2024-01-22 18:38:20 - [MESSAGE][PASSED] - Text of object 'Object Repository/Stockbit/Bandarmology_Top1' is: 'Big Dist'

2024-01-22 18:38:20 - [TEST_STEP][PASSED] - strTop3 = getText(findTestObject("Stockbit/Bandarmology_Top3")): Text of object 'Object Repository/Stockbit/Bandarmology_Top3' is: 'Big Dist'

2024-01-22 18:38:20 - [MESSAGE][PASSED] - Text of object 'Object Repository/Stockbit/Bandarmology_Top3' is: 'Big Dist'

2024-01-22 18:38:20 - [TEST_STEP][PASSED] - strTop5 = getText(findTestObject("Stockbit/Bandarmology_Top5")): Text of object 'Object Repository/Stockbit/Bandarmology_Top5' is: 'Small Dist'

2024-01-22 18:38:20 - [MESSAGE][PASSED] - Text of object 'Object Repository/Stockbit/Bandarmology_Top5' is: 'Small Dist'

2024-01-22 18:38:20 - [TEST_STEP][PASSED] - strAllBrokAvg = getText(findTestObject("Stockbit/Bandarmology_TopAVG")): Text of object 'Object Repository/Stockbit/Bandarmology_TopAVG' is: 'Big Dist'

2024-01-22 18:38:20 - [MESSAGE][PASSED] - Text of object 'Object Repository/Stockbit/Bandarmology_TopAVG' is: 'Big Dist'

2024-01-22 18:38:20 - [TEST_STEP][PASSED] - strTemp = getText(findTestObject("Stockbit/Bandarmology_AvgRP")): Text of object 'Object Repository/Stockbit/Bandarmology_AvgRP' is: '50'

2024-01-22 18:38:20 - [MESSAGE][PASSED] - Text of object 'Object Repository/Stockbit/Bandarmology_AvgRP' is: '50'

2024-01-22 18:38:20 - [TEST_STEP][PASSED] - if (strTemp.contains(",")): null

2024-01-22 18:38:20 - [TEST_STEP][PASSED] - intAvgRP = strTemp.toInteger(): null

2024-01-22 18:38:20 - [TEST_STEP][PASSED] - strBuyer1 = getText(findTestObject("Stockbit/Bandarmology_Buyer1")): Text of object 'Object Repository/Stockbit/Bandarmology_Buyer1' is: 'YP'

2024-01-22 18:38:20 - [MESSAGE][PASSED] - Text of object 'Object Repository/Stockbit/Bandarmology_Buyer1' is: 'YP'

2024-01-22 18:38:20 - [TEST_STEP][PASSED] - strBuyerVol1 = getText(findTestObject("Stockbit/Bandarmology_BuyerVol1")): Text of object 'Object Repository/Stockbit/Bandarmology_BuyerVol1' is: '1.2 K'

2024-01-22 18:38:21 - [MESSAGE][PASSED] - Text of object 'Object Repository/Stockbit/Bandarmology_BuyerVol1' is: '1.2 K'

2024-01-22 18:38:21 - [TEST_STEP][PASSED] - strBuyerAvg1 = getText(findTestObject("Stockbit/Bandarmology_BuyerAvg1")): Text of object 'Object Repository/Stockbit/Bandarmology_BuyerAvg1' is: '50'

2024-01-22 18:38:21 - [MESSAGE][PASSED] - Text of object 'Object Repository/Stockbit/Bandarmology_BuyerAvg1' is: '50'

2024-01-22 18:38:21 - [TEST_STEP][PASSED] - if (strBuyerAvg1.contains(",")): null

2024-01-22 18:38:21 - [TEST_STEP][PASSED] - if (strBuyerVol1.contains(" B")): null

2024-01-22 18:38:21 - [TEST_STEP][PASSED] - else if (strBuyerVol1.contains(" M")): null

2024-01-22 18:38:21 - [TEST_STEP][PASSED] - else if (strBuyerVol1.contains(" K")): null

2024-01-22 18:38:21 - [TEST_STEP][PASSED] - strBuyerVol1 = strBuyerVol1.replace(" K", ""): null

2024-01-22 18:38:21 - [TEST_STEP][PASSED] - strBuyerVol1 = strBuyerVol1.toDouble() * 1000: null

2024-01-22 18:38:21 - [TEST_STEP][PASSED] - strSeller1 = getText(findTestObject("Stockbit/Bandarmology_Seller1")): Text of object 'Object Repository/Stockbit/Bandarmology_Seller1' is: 'RB'

2024-01-22 18:38:21 - [MESSAGE][PASSED] - Text of object 'Object Repository/Stockbit/Bandarmology_Seller1' is: 'RB'

2024-01-22 18:38:21 - [TEST_STEP][PASSED] - strSellerVol1 = getText(findTestObject("Stockbit/Bandarmology_SellerVol1")): Text of object 'Object Repository/Stockbit/Bandarmology_SellerVol1' is: '4.4 K'

2024-01-22 18:38:21 - [MESSAGE][PASSED] - Text of object 'Object Repository/Stockbit/Bandarmology_SellerVol1' is: '4.4 K'

2024-01-22 18:38:21 - [TEST_STEP][PASSED] - strSellerAvg1 = getText(findTestObject("Stockbit/Bandarmology_SellerAvg1")): Text of object 'Object Repository/Stockbit/Bandarmology_SellerAvg1' is: '50'

2024-01-22 18:38:21 - [MESSAGE][PASSED] - Text of object 'Object Repository/Stockbit/Bandarmology_SellerAvg1' is: '50'

2024-01-22 18:38:21 - [TEST_STEP][PASSED] - if (strSellerAvg1.contains(",")): null

2024-01-22 18:38:21 - [TEST_STEP][PASSED] - if (strSellerVol1.contains(" B")): null

2024-01-22 18:38:21 - [TEST_STEP][PASSED] - else if (strSellerVol1.contains(" M")): null

2024-01-22 18:38:21 - [TEST_STEP][PASSED] - else if (strSellerVol1.contains(" K")): null

2024-01-22 18:38:21 - [TEST_STEP][PASSED] - strSellerVol1 = strSellerVol1.replace(" K", ""): null

2024-01-22 18:38:21 - [TEST_STEP][PASSED] - strSellerVol1 = strSellerVol1.toDouble() * 1000: null

2024-01-22 18:38:21 - [TEST_STEP][PASSED] - if (verifyElementNotPresent(findTestObject("Stockbit/Bandarmology_Buyer2"), 1, OPTIONAL)): Web element with id: 'Object Repository/Stockbit/Bandarmology_Buyer2' located by 'By.xpath: //*[contains(@id, 'rc-tabs-')]/div[2]/div/div/div/div/div/div[2]/table/tbody/tr[3]/td[1]/p' is present after '1' second(s) (Root cause: com.kms.katalon.core.exception.StepFailedException: Web element with id: 'Object Repository/Stockbit/Bandarmology_Buyer2' located by 'By.xpath: //*[contains(@id, 'rc-tabs-')]/div[2]/div/div/div/div/div/div[2]/table/tbody/tr[3]/td[1]/p' is present after '1' second(s)
	at com.kms.katalon.core.webui.keyword.internal.WebUIKeywordMain.stepFailed(WebUIKeywordMain.groovy:64)
	at com.kms.katalon.core.webui.keyword.internal.WebUIKeywordMain$stepFailed$0.call(Unknown Source)
	at com.kms.katalon.core.webui.keyword.builtin.VerifyElementNotPresentKeyword$_verifyElementNotPresent_closure1.doCall(VerifyElementNotPresentKeyword.groovy:106)
	at com.kms.katalon.core.webui.keyword.builtin.VerifyElementNotPresentKeyword$_verifyElementNotPresent_closure1.doCall(VerifyElementNotPresentKeyword.groovy)
	at com.kms.katalon.core.webui.keyword.internal.WebUIKeywordMain.runKeyword(WebUIKeywordMain.groovy:20)
	at com.kms.katalon.core.webui.keyword.internal.WebUIKeywordMain$runKeyword.call(Unknown Source)
	at com.kms.katalon.core.webui.keyword.builtin.VerifyElementNotPresentKeyword.verifyElementNotPresent(VerifyElementNotPresentKeyword.groovy:117)
	at com.kms.katalon.core.webui.keyword.builtin.VerifyElementNotPresentKeyword.execute(VerifyElementNotPresentKeyword.groovy:68)
	at com.kms.katalon.core.keyword.internal.KeywordExecutor.executeKeywordForPlatform(KeywordExecutor.groovy:74)
	at com.kms.katalon.core.webui.keyword.WebUiBuiltInKeywords.verifyElementNotPresent(WebUiBuiltInKeywords.groovy:1481)
	at com.kms.katalon.core.webui.keyword.WebUiBuiltInKeywords$verifyElementNotPresent$8.call(Unknown Source)
	at GetBrokSumPriceDaily.run(GetBrokSumPriceDaily:258)
	at com.kms.katalon.core.main.ScriptEngine.run(ScriptEngine.java:194)
	at com.kms.katalon.core.main.ScriptEngine.runScriptAsRawText(ScriptEngine.java:119)
	at com.kms.katalon.core.main.TestCaseExecutor.runScript(TestCaseExecutor.java:445)
	at com.kms.katalon.core.main.TestCaseExecutor.doExecute(TestCaseExecutor.java:436)
	at com.kms.katalon.core.main.TestCaseExecutor.processExecutionPhase(TestCaseExecutor.java:415)
	at com.kms.katalon.core.main.TestCaseExecutor.accessMainPhase(TestCaseExecutor.java:407)
	at com.kms.katalon.core.main.TestCaseExecutor.execute(TestCaseExecutor.java:284)
	at com.kms.katalon.core.common.CommonExecutor.accessTestCaseMainPhase(CommonExecutor.java:65)
	at com.kms.katalon.core.main.TestSuiteExecutor.accessTestSuiteMainPhase(TestSuiteExecutor.java:144)
	at com.kms.katalon.core.main.TestSuiteExecutor.execute(TestSuiteExecutor.java:106)
	at com.kms.katalon.core.main.TestCaseMain.startTestSuite(TestCaseMain.java:185)
	at com.kms.katalon.core.main.TestCaseMain$startTestSuite$0.call(Unknown Source)
	at TempTestSuite1705923140048.run(TempTestSuite1705923140048.groovy:36)
)

2024-01-22 18:38:22 - [MESSAGE][WARNING] - Web element with id: 'Object Repository/Stockbit/Bandarmology_Buyer2' located by 'By.xpath: //*[contains(@id, 'rc-tabs-')]/div[2]/div/div/div/div/div/div[2]/table/tbody/tr[3]/td[1]/p' is present after '1' second(s) (Root cause: com.kms.katalon.core.exception.StepFailedException: Web element with id: 'Object Repository/Stockbit/Bandarmology_Buyer2' located by 'By.xpath: //*[contains(@id, 'rc-tabs-')]/div[2]/div/div/div/div/div/div[2]/table/tbody/tr[3]/td[1]/p' is present after '1' second(s)
	at com.kms.katalon.core.webui.keyword.internal.WebUIKeywordMain.stepFailed(WebUIKeywordMain.groovy:64)
	at com.kms.katalon.core.webui.keyword.internal.WebUIKeywordMain$stepFailed$0.call(Unknown Source)
	at com.kms.katalon.core.webui.keyword.builtin.VerifyElementNotPresentKeyword$_verifyElementNotPresent_closure1.doCall(VerifyElementNotPresentKeyword.groovy:106)
	at com.kms.katalon.core.webui.keyword.builtin.VerifyElementNotPresentKeyword$_verifyElementNotPresent_closure1.doCall(VerifyElementNotPresentKeyword.groovy)
	at com.kms.katalon.core.webui.keyword.internal.WebUIKeywordMain.runKeyword(WebUIKeywordMain.groovy:20)
	at com.kms.katalon.core.webui.keyword.internal.WebUIKeywordMain$runKeyword.call(Unknown Source)
	at com.kms.katalon.core.webui.keyword.builtin.VerifyElementNotPresentKeyword.verifyElementNotPresent(VerifyElementNotPresentKeyword.groovy:117)
	at com.kms.katalon.core.webui.keyword.builtin.VerifyElementNotPresentKeyword.execute(VerifyElementNotPresentKeyword.groovy:68)
	at com.kms.katalon.core.keyword.internal.KeywordExecutor.executeKeywordForPlatform(KeywordExecutor.groovy:74)
	at com.kms.katalon.core.webui.keyword.WebUiBuiltInKeywords.verifyElementNotPresent(WebUiBuiltInKeywords.groovy:1481)
	at com.kms.katalon.core.webui.keyword.WebUiBuiltInKeywords$verifyElementNotPresent$8.call(Unknown Source)
	at GetBrokSumPriceDaily.run(GetBrokSumPriceDaily:258)
	at com.kms.katalon.core.main.ScriptEngine.run(ScriptEngine.java:194)
	at com.kms.katalon.core.main.ScriptEngine.runScriptAsRawText(ScriptEngine.java:119)
	at com.kms.katalon.core.main.TestCaseExecutor.runScript(TestCaseExecutor.java:445)
	at com.kms.katalon.core.main.TestCaseExecutor.doExecute(TestCaseExecutor.java:436)
	at com.kms.katalon.core.main.TestCaseExecutor.processExecutionPhase(TestCaseExecutor.java:415)
	at com.kms.katalon.core.main.TestCaseExecutor.accessMainPhase(TestCaseExecutor.java:407)
	at com.kms.katalon.core.main.TestCaseExecutor.execute(TestCaseExecutor.java:284)
	at com.kms.katalon.core.common.CommonExecutor.accessTestCaseMainPhase(CommonExecutor.java:65)
	at com.kms.katalon.core.main.TestSuiteExecutor.accessTestSuiteMainPhase(TestSuiteExecutor.java:144)
	at com.kms.katalon.core.main.TestSuiteExecutor.execute(TestSuiteExecutor.java:106)
	at com.kms.katalon.core.main.TestCaseMain.startTestSuite(TestCaseMain.java:185)
	at com.kms.katalon.core.main.TestCaseMain$startTestSuite$0.call(Unknown Source)
	at TempTestSuite1705923140048.run(TempTestSuite1705923140048.groovy:36)
)
[[ATTACHMENT|C:\\Users\\Fadli\\git\\KatalonDailyGetData2\\Reports\\20240122_174123\\TS1\\20240122_183220\\1705923502725.png]]

2024-01-22 18:38:22 - [TEST_STEP][PASSED] - else: null

2024-01-22 18:38:22 - [TEST_STEP][PASSED] - strBuyer2 = getText(findTestObject("Stockbit/Bandarmology_Buyer2")): Text of object 'Object Repository/Stockbit/Bandarmology_Buyer2' is: 'MG'

2024-01-22 18:38:23 - [MESSAGE][PASSED] - Text of object 'Object Repository/Stockbit/Bandarmology_Buyer2' is: 'MG'

2024-01-22 18:38:23 - [TEST_STEP][PASSED] - strBuyerVol2 = getText(findTestObject("Stockbit/Bandarmology_BuyerVol2")): Text of object 'Object Repository/Stockbit/Bandarmology_BuyerVol2' is: '1 K'

2024-01-22 18:38:23 - [MESSAGE][PASSED] - Text of object 'Object Repository/Stockbit/Bandarmology_BuyerVol2' is: '1 K'

2024-01-22 18:38:23 - [TEST_STEP][PASSED] - strBuyerAvg2 = getText(findTestObject("Stockbit/Bandarmology_BuyerAvg2")): Text of object 'Object Repository/Stockbit/Bandarmology_BuyerAvg2' is: '50'

2024-01-22 18:38:23 - [MESSAGE][PASSED] - Text of object 'Object Repository/Stockbit/Bandarmology_BuyerAvg2' is: '50'

2024-01-22 18:38:23 - [TEST_STEP][PASSED] - if (strBuyer2 != ""): null

2024-01-22 18:38:23 - [TEST_STEP][PASSED] - if (strBuyerAvg2.contains(",")): null

2024-01-22 18:38:23 - [TEST_STEP][PASSED] - if (strBuyerVol2.contains(" B")): null

2024-01-22 18:38:23 - [TEST_STEP][PASSED] - else if (strBuyerVol2.contains(" M")): null

2024-01-22 18:38:23 - [TEST_STEP][PASSED] - else if (strBuyerVol2.contains(" K")): null

2024-01-22 18:38:23 - [TEST_STEP][PASSED] - strBuyerVol2 = strBuyerVol2.replace(" K", ""): null

2024-01-22 18:38:23 - [TEST_STEP][PASSED] - strBuyerVol2 = strBuyerVol2.toDouble() * 1000: null

2024-01-22 18:38:23 - [TEST_STEP][PASSED] - if (strBuyerVol2.contains(".")): null

2024-01-22 18:38:23 - [TEST_STEP][PASSED] - strBuyerVal2 = strBuyerVol2.replace(".", ""): null

2024-01-22 18:38:23 - [TEST_STEP][PASSED] - if (verifyElementNotPresent(findTestObject("Stockbit/Bandarmology_Seller2"), 1, OPTIONAL)): Web element with id: 'Object Repository/Stockbit/Bandarmology_Seller2' located by 'By.xpath: //*[contains(@id, 'rc-tabs-')]/div[2]/div/div/div/div/div/div[2]/table/tbody/tr[3]/td[5]/p' is present after '1' second(s) (Root cause: com.kms.katalon.core.exception.StepFailedException: Web element with id: 'Object Repository/Stockbit/Bandarmology_Seller2' located by 'By.xpath: //*[contains(@id, 'rc-tabs-')]/div[2]/div/div/div/div/div/div[2]/table/tbody/tr[3]/td[5]/p' is present after '1' second(s)
	at com.kms.katalon.core.webui.keyword.internal.WebUIKeywordMain.stepFailed(WebUIKeywordMain.groovy:64)
	at com.kms.katalon.core.webui.keyword.internal.WebUIKeywordMain$stepFailed$0.call(Unknown Source)
	at com.kms.katalon.core.webui.keyword.builtin.VerifyElementNotPresentKeyword$_verifyElementNotPresent_closure1.doCall(VerifyElementNotPresentKeyword.groovy:106)
	at com.kms.katalon.core.webui.keyword.builtin.VerifyElementNotPresentKeyword$_verifyElementNotPresent_closure1.doCall(VerifyElementNotPresentKeyword.groovy)
	at com.kms.katalon.core.webui.keyword.internal.WebUIKeywordMain.runKeyword(WebUIKeywordMain.groovy:20)
	at com.kms.katalon.core.webui.keyword.internal.WebUIKeywordMain$runKeyword.call(Unknown Source)
	at com.kms.katalon.core.webui.keyword.builtin.VerifyElementNotPresentKeyword.verifyElementNotPresent(VerifyElementNotPresentKeyword.groovy:117)
	at com.kms.katalon.core.webui.keyword.builtin.VerifyElementNotPresentKeyword.execute(VerifyElementNotPresentKeyword.groovy:68)
	at com.kms.katalon.core.keyword.internal.KeywordExecutor.executeKeywordForPlatform(KeywordExecutor.groovy:74)
	at com.kms.katalon.core.webui.keyword.WebUiBuiltInKeywords.verifyElementNotPresent(WebUiBuiltInKeywords.groovy:1481)
	at com.kms.katalon.core.webui.keyword.WebUiBuiltInKeywords$verifyElementNotPresent$8.call(Unknown Source)
	at GetBrokSumPriceDaily.run(GetBrokSumPriceDaily:309)
	at com.kms.katalon.core.main.ScriptEngine.run(ScriptEngine.java:194)
	at com.kms.katalon.core.main.ScriptEngine.runScriptAsRawText(ScriptEngine.java:119)
	at com.kms.katalon.core.main.TestCaseExecutor.runScript(TestCaseExecutor.java:445)
	at com.kms.katalon.core.main.TestCaseExecutor.doExecute(TestCaseExecutor.java:436)
	at com.kms.katalon.core.main.TestCaseExecutor.processExecutionPhase(TestCaseExecutor.java:415)
	at com.kms.katalon.core.main.TestCaseExecutor.accessMainPhase(TestCaseExecutor.java:407)
	at com.kms.katalon.core.main.TestCaseExecutor.execute(TestCaseExecutor.java:284)
	at com.kms.katalon.core.common.CommonExecutor.accessTestCaseMainPhase(CommonExecutor.java:65)
	at com.kms.katalon.core.main.TestSuiteExecutor.accessTestSuiteMainPhase(TestSuiteExecutor.java:144)
	at com.kms.katalon.core.main.TestSuiteExecutor.execute(TestSuiteExecutor.java:106)
	at com.kms.katalon.core.main.TestCaseMain.startTestSuite(TestCaseMain.java:185)
	at com.kms.katalon.core.main.TestCaseMain$startTestSuite$0.call(Unknown Source)
	at TempTestSuite1705923140048.run(TempTestSuite1705923140048.groovy:36)
)

2024-01-22 18:38:24 - [MESSAGE][WARNING] - Web element with id: 'Object Repository/Stockbit/Bandarmology_Seller2' located by 'By.xpath: //*[contains(@id, 'rc-tabs-')]/div[2]/div/div/div/div/div/div[2]/table/tbody/tr[3]/td[5]/p' is present after '1' second(s) (Root cause: com.kms.katalon.core.exception.StepFailedException: Web element with id: 'Object Repository/Stockbit/Bandarmology_Seller2' located by 'By.xpath: //*[contains(@id, 'rc-tabs-')]/div[2]/div/div/div/div/div/div[2]/table/tbody/tr[3]/td[5]/p' is present after '1' second(s)
	at com.kms.katalon.core.webui.keyword.internal.WebUIKeywordMain.stepFailed(WebUIKeywordMain.groovy:64)
	at com.kms.katalon.core.webui.keyword.internal.WebUIKeywordMain$stepFailed$0.call(Unknown Source)
	at com.kms.katalon.core.webui.keyword.builtin.VerifyElementNotPresentKeyword$_verifyElementNotPresent_closure1.doCall(VerifyElementNotPresentKeyword.groovy:106)
	at com.kms.katalon.core.webui.keyword.builtin.VerifyElementNotPresentKeyword$_verifyElementNotPresent_closure1.doCall(VerifyElementNotPresentKeyword.groovy)
	at com.kms.katalon.core.webui.keyword.internal.WebUIKeywordMain.runKeyword(WebUIKeywordMain.groovy:20)
	at com.kms.katalon.core.webui.keyword.internal.WebUIKeywordMain$runKeyword.call(Unknown Source)
	at com.kms.katalon.core.webui.keyword.builtin.VerifyElementNotPresentKeyword.verifyElementNotPresent(VerifyElementNotPresentKeyword.groovy:117)
	at com.kms.katalon.core.webui.keyword.builtin.VerifyElementNotPresentKeyword.execute(VerifyElementNotPresentKeyword.groovy:68)
	at com.kms.katalon.core.keyword.internal.KeywordExecutor.executeKeywordForPlatform(KeywordExecutor.groovy:74)
	at com.kms.katalon.core.webui.keyword.WebUiBuiltInKeywords.verifyElementNotPresent(WebUiBuiltInKeywords.groovy:1481)
	at com.kms.katalon.core.webui.keyword.WebUiBuiltInKeywords$verifyElementNotPresent$8.call(Unknown Source)
	at GetBrokSumPriceDaily.run(GetBrokSumPriceDaily:309)
	at com.kms.katalon.core.main.ScriptEngine.run(ScriptEngine.java:194)
	at com.kms.katalon.core.main.ScriptEngine.runScriptAsRawText(ScriptEngine.java:119)
	at com.kms.katalon.core.main.TestCaseExecutor.runScript(TestCaseExecutor.java:445)
	at com.kms.katalon.core.main.TestCaseExecutor.doExecute(TestCaseExecutor.java:436)
	at com.kms.katalon.core.main.TestCaseExecutor.processExecutionPhase(TestCaseExecutor.java:415)
	at com.kms.katalon.core.main.TestCaseExecutor.accessMainPhase(TestCaseExecutor.java:407)
	at com.kms.katalon.core.main.TestCaseExecutor.execute(TestCaseExecutor.java:284)
	at com.kms.katalon.core.common.CommonExecutor.accessTestCaseMainPhase(CommonExecutor.java:65)
	at com.kms.katalon.core.main.TestSuiteExecutor.accessTestSuiteMainPhase(TestSuiteExecutor.java:144)
	at com.kms.katalon.core.main.TestSuiteExecutor.execute(TestSuiteExecutor.java:106)
	at com.kms.katalon.core.main.TestCaseMain.startTestSuite(TestCaseMain.java:185)
	at com.kms.katalon.core.main.TestCaseMain$startTestSuite$0.call(Unknown Source)
	at TempTestSuite1705923140048.run(TempTestSuite1705923140048.groovy:36)
)
[[ATTACHMENT|C:\\Users\\Fadli\\git\\KatalonDailyGetData2\\Reports\\20240122_174123\\TS1\\20240122_183220\\1705923504436.png]]

2024-01-22 18:38:24 - [TEST_STEP][PASSED] - else: null

2024-01-22 18:38:24 - [TEST_STEP][PASSED] - strSeller2 = getText(findTestObject("Stockbit/Bandarmology_Seller2")): Text of object 'Object Repository/Stockbit/Bandarmology_Seller2' is: ''

2024-01-22 18:38:24 - [MESSAGE][PASSED] - Text of object 'Object Repository/Stockbit/Bandarmology_Seller2' is: ''

2024-01-22 18:38:24 - [TEST_STEP][PASSED] - strSellerVol2 = getText(findTestObject("Stockbit/Bandarmology_SellerVol2")): Text of object 'Object Repository/Stockbit/Bandarmology_SellerVol2' is: ''

2024-01-22 18:38:24 - [MESSAGE][PASSED] - Text of object 'Object Repository/Stockbit/Bandarmology_SellerVol2' is: ''

2024-01-22 18:38:24 - [TEST_STEP][PASSED] - strSellerAvg2 = getText(findTestObject("Stockbit/Bandarmology_SellerAvg2")): Text of object 'Object Repository/Stockbit/Bandarmology_SellerAvg2' is: ''

2024-01-22 18:38:24 - [MESSAGE][PASSED] - Text of object 'Object Repository/Stockbit/Bandarmology_SellerAvg2' is: ''

2024-01-22 18:38:24 - [TEST_STEP][PASSED] - if (strSeller2 != ""): null

2024-01-22 18:38:24 - [TEST_STEP][PASSED] - else: null

2024-01-22 18:38:24 - [TEST_STEP][PASSED] - strSeller2 = "-": null

2024-01-22 18:38:24 - [TEST_STEP][PASSED] - strSellerVol2 = "0": null

2024-01-22 18:38:24 - [TEST_STEP][PASSED] - strSellerAvg2 = "0": null

2024-01-22 18:38:24 - [TEST_STEP][PASSED] - if (verifyElementNotPresent(findTestObject("Stockbit/Bandarmology_Buyer3"), 1, OPTIONAL)): Web element with id: 'Object Repository/Stockbit/Bandarmology_Buyer3' located by 'By.xpath: //*[contains(@id, 'rc-tabs-')]/div[2]/div/div/div/div/div/div[2]/table/tbody/tr[4]/td[1]/p' is present after '1' second(s) (Root cause: com.kms.katalon.core.exception.StepFailedException: Web element with id: 'Object Repository/Stockbit/Bandarmology_Buyer3' located by 'By.xpath: //*[contains(@id, 'rc-tabs-')]/div[2]/div/div/div/div/div/div[2]/table/tbody/tr[4]/td[1]/p' is present after '1' second(s)
	at com.kms.katalon.core.webui.keyword.internal.WebUIKeywordMain.stepFailed(WebUIKeywordMain.groovy:64)
	at com.kms.katalon.core.webui.keyword.internal.WebUIKeywordMain$stepFailed$0.call(Unknown Source)
	at com.kms.katalon.core.webui.keyword.builtin.VerifyElementNotPresentKeyword$_verifyElementNotPresent_closure1.doCall(VerifyElementNotPresentKeyword.groovy:106)
	at com.kms.katalon.core.webui.keyword.builtin.VerifyElementNotPresentKeyword$_verifyElementNotPresent_closure1.doCall(VerifyElementNotPresentKeyword.groovy)
	at com.kms.katalon.core.webui.keyword.internal.WebUIKeywordMain.runKeyword(WebUIKeywordMain.groovy:20)
	at com.kms.katalon.core.webui.keyword.internal.WebUIKeywordMain$runKeyword.call(Unknown Source)
	at com.kms.katalon.core.webui.keyword.builtin.VerifyElementNotPresentKeyword.verifyElementNotPresent(VerifyElementNotPresentKeyword.groovy:117)
	at com.kms.katalon.core.webui.keyword.builtin.VerifyElementNotPresentKeyword.execute(VerifyElementNotPresentKeyword.groovy:68)
	at com.kms.katalon.core.keyword.internal.KeywordExecutor.executeKeywordForPlatform(KeywordExecutor.groovy:74)
	at com.kms.katalon.core.webui.keyword.WebUiBuiltInKeywords.verifyElementNotPresent(WebUiBuiltInKeywords.groovy:1481)
	at com.kms.katalon.core.webui.keyword.WebUiBuiltInKeywords$verifyElementNotPresent$8.call(Unknown Source)
	at GetBrokSumPriceDaily.run(GetBrokSumPriceDaily:361)
	at com.kms.katalon.core.main.ScriptEngine.run(ScriptEngine.java:194)
	at com.kms.katalon.core.main.ScriptEngine.runScriptAsRawText(ScriptEngine.java:119)
	at com.kms.katalon.core.main.TestCaseExecutor.runScript(TestCaseExecutor.java:445)
	at com.kms.katalon.core.main.TestCaseExecutor.doExecute(TestCaseExecutor.java:436)
	at com.kms.katalon.core.main.TestCaseExecutor.processExecutionPhase(TestCaseExecutor.java:415)
	at com.kms.katalon.core.main.TestCaseExecutor.accessMainPhase(TestCaseExecutor.java:407)
	at com.kms.katalon.core.main.TestCaseExecutor.execute(TestCaseExecutor.java:284)
	at com.kms.katalon.core.common.CommonExecutor.accessTestCaseMainPhase(CommonExecutor.java:65)
	at com.kms.katalon.core.main.TestSuiteExecutor.accessTestSuiteMainPhase(TestSuiteExecutor.java:144)
	at com.kms.katalon.core.main.TestSuiteExecutor.execute(TestSuiteExecutor.java:106)
	at com.kms.katalon.core.main.TestCaseMain.startTestSuite(TestCaseMain.java:185)
	at com.kms.katalon.core.main.TestCaseMain$startTestSuite$0.call(Unknown Source)
	at TempTestSuite1705923140048.run(TempTestSuite1705923140048.groovy:36)
)

2024-01-22 18:38:26 - [MESSAGE][WARNING] - Web element with id: 'Object Repository/Stockbit/Bandarmology_Buyer3' located by 'By.xpath: //*[contains(@id, 'rc-tabs-')]/div[2]/div/div/div/div/div/div[2]/table/tbody/tr[4]/td[1]/p' is present after '1' second(s) (Root cause: com.kms.katalon.core.exception.StepFailedException: Web element with id: 'Object Repository/Stockbit/Bandarmology_Buyer3' located by 'By.xpath: //*[contains(@id, 'rc-tabs-')]/div[2]/div/div/div/div/div/div[2]/table/tbody/tr[4]/td[1]/p' is present after '1' second(s)
	at com.kms.katalon.core.webui.keyword.internal.WebUIKeywordMain.stepFailed(WebUIKeywordMain.groovy:64)
	at com.kms.katalon.core.webui.keyword.internal.WebUIKeywordMain$stepFailed$0.call(Unknown Source)
	at com.kms.katalon.core.webui.keyword.builtin.VerifyElementNotPresentKeyword$_verifyElementNotPresent_closure1.doCall(VerifyElementNotPresentKeyword.groovy:106)
	at com.kms.katalon.core.webui.keyword.builtin.VerifyElementNotPresentKeyword$_verifyElementNotPresent_closure1.doCall(VerifyElementNotPresentKeyword.groovy)
	at com.kms.katalon.core.webui.keyword.internal.WebUIKeywordMain.runKeyword(WebUIKeywordMain.groovy:20)
	at com.kms.katalon.core.webui.keyword.internal.WebUIKeywordMain$runKeyword.call(Unknown Source)
	at com.kms.katalon.core.webui.keyword.builtin.VerifyElementNotPresentKeyword.verifyElementNotPresent(VerifyElementNotPresentKeyword.groovy:117)
	at com.kms.katalon.core.webui.keyword.builtin.VerifyElementNotPresentKeyword.execute(VerifyElementNotPresentKeyword.groovy:68)
	at com.kms.katalon.core.keyword.internal.KeywordExecutor.executeKeywordForPlatform(KeywordExecutor.groovy:74)
	at com.kms.katalon.core.webui.keyword.WebUiBuiltInKeywords.verifyElementNotPresent(WebUiBuiltInKeywords.groovy:1481)
	at com.kms.katalon.core.webui.keyword.WebUiBuiltInKeywords$verifyElementNotPresent$8.call(Unknown Source)
	at GetBrokSumPriceDaily.run(GetBrokSumPriceDaily:361)
	at com.kms.katalon.core.main.ScriptEngine.run(ScriptEngine.java:194)
	at com.kms.katalon.core.main.ScriptEngine.runScriptAsRawText(ScriptEngine.java:119)
	at com.kms.katalon.core.main.TestCaseExecutor.runScript(TestCaseExecutor.java:445)
	at com.kms.katalon.core.main.TestCaseExecutor.doExecute(TestCaseExecutor.java:436)
	at com.kms.katalon.core.main.TestCaseExecutor.processExecutionPhase(TestCaseExecutor.java:415)
	at com.kms.katalon.core.main.TestCaseExecutor.accessMainPhase(TestCaseExecutor.java:407)
	at com.kms.katalon.core.main.TestCaseExecutor.execute(TestCaseExecutor.java:284)
	at com.kms.katalon.core.common.CommonExecutor.accessTestCaseMainPhase(CommonExecutor.java:65)
	at com.kms.katalon.core.main.TestSuiteExecutor.accessTestSuiteMainPhase(TestSuiteExecutor.java:144)
	at com.kms.katalon.core.main.TestSuiteExecutor.execute(TestSuiteExecutor.java:106)
	at com.kms.katalon.core.main.TestCaseMain.startTestSuite(TestCaseMain.java:185)
	at com.kms.katalon.core.main.TestCaseMain$startTestSuite$0.call(Unknown Source)
	at TempTestSuite1705923140048.run(TempTestSuite1705923140048.groovy:36)
)
[[ATTACHMENT|C:\\Users\\Fadli\\git\\KatalonDailyGetData2\\Reports\\20240122_174123\\TS1\\20240122_183220\\1705923506104.png]]

2024-01-22 18:38:26 - [TEST_STEP][PASSED] - else: null

2024-01-22 18:38:26 - [TEST_STEP][PASSED] - strBuyer3 = getText(findTestObject("Stockbit/Bandarmology_Buyer3")): Text of object 'Object Repository/Stockbit/Bandarmology_Buyer3' is: 'EP'

2024-01-22 18:38:26 - [MESSAGE][PASSED] - Text of object 'Object Repository/Stockbit/Bandarmology_Buyer3' is: 'EP'

2024-01-22 18:38:26 - [TEST_STEP][PASSED] - strBuyerVol3 = getText(findTestObject("Stockbit/Bandarmology_BuyerVol3")): Text of object 'Object Repository/Stockbit/Bandarmology_BuyerVol3' is: '971'

2024-01-22 18:38:26 - [MESSAGE][PASSED] - Text of object 'Object Repository/Stockbit/Bandarmology_BuyerVol3' is: '971'

2024-01-22 18:38:26 - [TEST_STEP][PASSED] - strBuyerAvg3 = getText(findTestObject("Stockbit/Bandarmology_BuyerAvg3")): Text of object 'Object Repository/Stockbit/Bandarmology_BuyerAvg3' is: '50'

2024-01-22 18:38:26 - [MESSAGE][PASSED] - Text of object 'Object Repository/Stockbit/Bandarmology_BuyerAvg3' is: '50'

2024-01-22 18:38:26 - [TEST_STEP][PASSED] - if (strBuyer3 != ""): null

2024-01-22 18:38:26 - [TEST_STEP][PASSED] - if (strBuyerAvg3.contains(",")): null

2024-01-22 18:38:26 - [TEST_STEP][PASSED] - if (strBuyerVol3.contains(" B")): null

2024-01-22 18:38:26 - [TEST_STEP][PASSED] - if (verifyElementNotPresent(findTestObject("Stockbit/Bandarmology_Seller3"), 1, OPTIONAL)): Web element with id: 'Object Repository/Stockbit/Bandarmology_Seller3' located by 'By.xpath: //*[contains(@id, 'rc-tabs-')]/div[2]/div/div/div/div/div/div[2]/table/tbody/tr[4]/td[5]/p' is present after '1' second(s) (Root cause: com.kms.katalon.core.exception.StepFailedException: Web element with id: 'Object Repository/Stockbit/Bandarmology_Seller3' located by 'By.xpath: //*[contains(@id, 'rc-tabs-')]/div[2]/div/div/div/div/div/div[2]/table/tbody/tr[4]/td[5]/p' is present after '1' second(s)
	at com.kms.katalon.core.webui.keyword.internal.WebUIKeywordMain.stepFailed(WebUIKeywordMain.groovy:64)
	at com.kms.katalon.core.webui.keyword.internal.WebUIKeywordMain$stepFailed$0.call(Unknown Source)
	at com.kms.katalon.core.webui.keyword.builtin.VerifyElementNotPresentKeyword$_verifyElementNotPresent_closure1.doCall(VerifyElementNotPresentKeyword.groovy:106)
	at com.kms.katalon.core.webui.keyword.builtin.VerifyElementNotPresentKeyword$_verifyElementNotPresent_closure1.doCall(VerifyElementNotPresentKeyword.groovy)
	at com.kms.katalon.core.webui.keyword.internal.WebUIKeywordMain.runKeyword(WebUIKeywordMain.groovy:20)
	at com.kms.katalon.core.webui.keyword.internal.WebUIKeywordMain$runKeyword.call(Unknown Source)
	at com.kms.katalon.core.webui.keyword.builtin.VerifyElementNotPresentKeyword.verifyElementNotPresent(VerifyElementNotPresentKeyword.groovy:117)
	at com.kms.katalon.core.webui.keyword.builtin.VerifyElementNotPresentKeyword.execute(VerifyElementNotPresentKeyword.groovy:68)
	at com.kms.katalon.core.keyword.internal.KeywordExecutor.executeKeywordForPlatform(KeywordExecutor.groovy:74)
	at com.kms.katalon.core.webui.keyword.WebUiBuiltInKeywords.verifyElementNotPresent(WebUiBuiltInKeywords.groovy:1481)
	at com.kms.katalon.core.webui.keyword.WebUiBuiltInKeywords$verifyElementNotPresent$8.call(Unknown Source)
	at GetBrokSumPriceDaily.run(GetBrokSumPriceDaily:414)
	at com.kms.katalon.core.main.ScriptEngine.run(ScriptEngine.java:194)
	at com.kms.katalon.core.main.ScriptEngine.runScriptAsRawText(ScriptEngine.java:119)
	at com.kms.katalon.core.main.TestCaseExecutor.runScript(TestCaseExecutor.java:445)
	at com.kms.katalon.core.main.TestCaseExecutor.doExecute(TestCaseExecutor.java:436)
	at com.kms.katalon.core.main.TestCaseExecutor.processExecutionPhase(TestCaseExecutor.java:415)
	at com.kms.katalon.core.main.TestCaseExecutor.accessMainPhase(TestCaseExecutor.java:407)
	at com.kms.katalon.core.main.TestCaseExecutor.execute(TestCaseExecutor.java:284)
	at com.kms.katalon.core.common.CommonExecutor.accessTestCaseMainPhase(CommonExecutor.java:65)
	at com.kms.katalon.core.main.TestSuiteExecutor.accessTestSuiteMainPhase(TestSuiteExecutor.java:144)
	at com.kms.katalon.core.main.TestSuiteExecutor.execute(TestSuiteExecutor.java:106)
	at com.kms.katalon.core.main.TestCaseMain.startTestSuite(TestCaseMain.java:185)
	at com.kms.katalon.core.main.TestCaseMain$startTestSuite$0.call(Unknown Source)
	at TempTestSuite1705923140048.run(TempTestSuite1705923140048.groovy:36)
)

2024-01-22 18:38:27 - [MESSAGE][WARNING] - Web element with id: 'Object Repository/Stockbit/Bandarmology_Seller3' located by 'By.xpath: //*[contains(@id, 'rc-tabs-')]/div[2]/div/div/div/div/div/div[2]/table/tbody/tr[4]/td[5]/p' is present after '1' second(s) (Root cause: com.kms.katalon.core.exception.StepFailedException: Web element with id: 'Object Repository/Stockbit/Bandarmology_Seller3' located by 'By.xpath: //*[contains(@id, 'rc-tabs-')]/div[2]/div/div/div/div/div/div[2]/table/tbody/tr[4]/td[5]/p' is present after '1' second(s)
	at com.kms.katalon.core.webui.keyword.internal.WebUIKeywordMain.stepFailed(WebUIKeywordMain.groovy:64)
	at com.kms.katalon.core.webui.keyword.internal.WebUIKeywordMain$stepFailed$0.call(Unknown Source)
	at com.kms.katalon.core.webui.keyword.builtin.VerifyElementNotPresentKeyword$_verifyElementNotPresent_closure1.doCall(VerifyElementNotPresentKeyword.groovy:106)
	at com.kms.katalon.core.webui.keyword.builtin.VerifyElementNotPresentKeyword$_verifyElementNotPresent_closure1.doCall(VerifyElementNotPresentKeyword.groovy)
	at com.kms.katalon.core.webui.keyword.internal.WebUIKeywordMain.runKeyword(WebUIKeywordMain.groovy:20)
	at com.kms.katalon.core.webui.keyword.internal.WebUIKeywordMain$runKeyword.call(Unknown Source)
	at com.kms.katalon.core.webui.keyword.builtin.VerifyElementNotPresentKeyword.verifyElementNotPresent(VerifyElementNotPresentKeyword.groovy:117)
	at com.kms.katalon.core.webui.keyword.builtin.VerifyElementNotPresentKeyword.execute(VerifyElementNotPresentKeyword.groovy:68)
	at com.kms.katalon.core.keyword.internal.KeywordExecutor.executeKeywordForPlatform(KeywordExecutor.groovy:74)
	at com.kms.katalon.core.webui.keyword.WebUiBuiltInKeywords.verifyElementNotPresent(WebUiBuiltInKeywords.groovy:1481)
	at com.kms.katalon.core.webui.keyword.WebUiBuiltInKeywords$verifyElementNotPresent$8.call(Unknown Source)
	at GetBrokSumPriceDaily.run(GetBrokSumPriceDaily:414)
	at com.kms.katalon.core.main.ScriptEngine.run(ScriptEngine.java:194)
	at com.kms.katalon.core.main.ScriptEngine.runScriptAsRawText(ScriptEngine.java:119)
	at com.kms.katalon.core.main.TestCaseExecutor.runScript(TestCaseExecutor.java:445)
	at com.kms.katalon.core.main.TestCaseExecutor.doExecute(TestCaseExecutor.java:436)
	at com.kms.katalon.core.main.TestCaseExecutor.processExecutionPhase(TestCaseExecutor.java:415)
	at com.kms.katalon.core.main.TestCaseExecutor.accessMainPhase(TestCaseExecutor.java:407)
	at com.kms.katalon.core.main.TestCaseExecutor.execute(TestCaseExecutor.java:284)
	at com.kms.katalon.core.common.CommonExecutor.accessTestCaseMainPhase(CommonExecutor.java:65)
	at com.kms.katalon.core.main.TestSuiteExecutor.accessTestSuiteMainPhase(TestSuiteExecutor.java:144)
	at com.kms.katalon.core.main.TestSuiteExecutor.execute(TestSuiteExecutor.java:106)
	at com.kms.katalon.core.main.TestCaseMain.startTestSuite(TestCaseMain.java:185)
	at com.kms.katalon.core.main.TestCaseMain$startTestSuite$0.call(Unknown Source)
	at TempTestSuite1705923140048.run(TempTestSuite1705923140048.groovy:36)
)
[[ATTACHMENT|C:\\Users\\Fadli\\git\\KatalonDailyGetData2\\Reports\\20240122_174123\\TS1\\20240122_183220\\1705923507788.png]]

2024-01-22 18:38:27 - [TEST_STEP][PASSED] - else: null

2024-01-22 18:38:27 - [TEST_STEP][PASSED] - strSeller3 = getText(findTestObject("Stockbit/Bandarmology_Seller3")): Text of object 'Object Repository/Stockbit/Bandarmology_Seller3' is: ''

2024-01-22 18:38:28 - [MESSAGE][PASSED] - Text of object 'Object Repository/Stockbit/Bandarmology_Seller3' is: ''

2024-01-22 18:38:28 - [TEST_STEP][PASSED] - strSellerVol3 = getText(findTestObject("Stockbit/Bandarmology_SellerVol3")): Text of object 'Object Repository/Stockbit/Bandarmology_SellerVol3' is: ''

2024-01-22 18:38:28 - [MESSAGE][PASSED] - Text of object 'Object Repository/Stockbit/Bandarmology_SellerVol3' is: ''

2024-01-22 18:38:28 - [TEST_STEP][PASSED] - strSellerAvg3 = getText(findTestObject("Stockbit/Bandarmology_SellerAvg3")): Text of object 'Object Repository/Stockbit/Bandarmology_SellerAvg3' is: ''

2024-01-22 18:38:28 - [MESSAGE][PASSED] - Text of object 'Object Repository/Stockbit/Bandarmology_SellerAvg3' is: ''

2024-01-22 18:38:28 - [TEST_STEP][PASSED] - if (strSeller3 != ""): null

2024-01-22 18:38:28 - [TEST_STEP][PASSED] - else: null

2024-01-22 18:38:28 - [TEST_STEP][PASSED] - strSeller3 = "-": null

2024-01-22 18:38:28 - [TEST_STEP][PASSED] - strSellerVol3 = "0": null

2024-01-22 18:38:28 - [TEST_STEP][PASSED] - strSellerAvg3 = "0": null

2024-01-22 18:38:28 - [TEST_STEP][PASSED] - strAccDist = getText(findTestObject("Stockbit/Bandarmology_AccDist")): Text of object 'Object Repository/Stockbit/Bandarmology_AccDist' is: 'Dist'

2024-01-22 18:38:28 - [MESSAGE][PASSED] - Text of object 'Object Repository/Stockbit/Bandarmology_AccDist' is: 'Dist'

2024-01-22 18:38:28 - [TEST_STEP][PASSED] - strNetVol = getText(findTestObject("Stockbit/Bandarmology_NetVol")): Text of object 'Object Repository/Stockbit/Bandarmology_NetVol' is: '4,427'

2024-01-22 18:38:28 - [MESSAGE][PASSED] - Text of object 'Object Repository/Stockbit/Bandarmology_NetVol' is: '4,427'

2024-01-22 18:38:28 - [TEST_STEP][PASSED] - strNetVol = strNetVol.replace(",", ""): null

2024-01-22 18:38:28 - [TEST_STEP][PASSED] - strNetVal = getText(findTestObject("Stockbit/Bandarmology_NetVal")): Text of object 'Object Repository/Stockbit/Bandarmology_NetVal' is: '0 B'

2024-01-22 18:38:28 - [MESSAGE][PASSED] - Text of object 'Object Repository/Stockbit/Bandarmology_NetVal' is: '0 B'

2024-01-22 18:38:28 - [TEST_STEP][PASSED] - delay(3): Delayed 3 second(s)

2024-01-22 18:38:31 - [MESSAGE][PASSED] - Delayed 3 second(s)

2024-01-22 18:38:31 - [TEST_STEP][PASSED] - strOpenPrice = getText(findTestObject("Stockbit/Home_OpenPrice")): Text of object 'Object Repository/Stockbit/Home_OpenPrice' is: '50'

2024-01-22 18:38:31 - [MESSAGE][PASSED] - Text of object 'Object Repository/Stockbit/Home_OpenPrice' is: '50'

2024-01-22 18:38:31 - [TEST_STEP][PASSED] - strOpenPrice = strOpenPrice.replace(",", ""): null

2024-01-22 18:38:31 - [TEST_STEP][PASSED] - strLowPrice = getText(findTestObject("Stockbit/Home_LowPrice")): Text of object 'Object Repository/Stockbit/Home_LowPrice' is: '50'

2024-01-22 18:38:31 - [MESSAGE][PASSED] - Text of object 'Object Repository/Stockbit/Home_LowPrice' is: '50'

2024-01-22 18:38:31 - [TEST_STEP][PASSED] - strLowPrice = strLowPrice.replace(",", ""): null

2024-01-22 18:38:31 - [TEST_STEP][PASSED] - strHighPrice = getText(findTestObject("Stockbit/Home_HighPrice")): Text of object 'Object Repository/Stockbit/Home_HighPrice' is: '50'

2024-01-22 18:38:32 - [MESSAGE][PASSED] - Text of object 'Object Repository/Stockbit/Home_HighPrice' is: '50'

2024-01-22 18:38:32 - [TEST_STEP][PASSED] - strHighPrice = strHighPrice.replace(",", ""): null

2024-01-22 18:38:32 - [TEST_STEP][PASSED] - strClosePrice = getText(findTestObject("Stockbit/Home_ClosePrice")): Text of object 'Object Repository/Stockbit/Home_ClosePrice' is: '50'

2024-01-22 18:38:32 - [MESSAGE][PASSED] - Text of object 'Object Repository/Stockbit/Home_ClosePrice' is: '50'

2024-01-22 18:38:32 - [TEST_STEP][PASSED] - strClosePrice = strClosePrice.replace(",", ""): null

2024-01-22 18:38:32 - [TEST_STEP][PASSED] - strVol = getText(findTestObject("Stockbit/Home_Volume")): Text of object 'Object Repository/Stockbit/Home_Volume' is: '4 K'

2024-01-22 18:38:32 - [MESSAGE][PASSED] - Text of object 'Object Repository/Stockbit/Home_Volume' is: '4 K'

2024-01-22 18:38:32 - [TEST_STEP][PASSED] - if (strVol.contains(" K")): null

2024-01-22 18:38:32 - [TEST_STEP][PASSED] - strVol = strVol.replace(" K", "000"): null

2024-01-22 18:38:32 - [TEST_STEP][PASSED] - if (strVol.contains(",")): null

2024-01-22 18:38:32 - [TEST_STEP][PASSED] - strChange = getText(findTestObject("Stockbit/Home_Change")): Text of object 'Object Repository/Stockbit/Home_Change' is: '0.00%'

2024-01-22 18:38:32 - [MESSAGE][PASSED] - Text of object 'Object Repository/Stockbit/Home_Change' is: '0.00%'

2024-01-22 18:38:32 - [TEST_STEP][PASSED] - strChange = strChange.replace("%", ""): null

2024-01-22 18:38:32 - [TEST_STEP][PASSED] - strFreq = getText(findTestObject("Stockbit/Home_Freq")): Text of object 'Object Repository/Stockbit/Home_Freq' is: '52'

2024-01-22 18:38:32 - [MESSAGE][PASSED] - Text of object 'Object Repository/Stockbit/Home_Freq' is: '52'

2024-01-22 18:38:32 - [TEST_STEP][PASSED] - if (strFreq.contains(",")): null

2024-01-22 18:38:32 - [TEST_STEP][PASSED] - if (strFreq == "NA" || strFreq == ""): null

2024-01-22 18:38:32 - [TEST_STEP][PASSED] - else: null

2024-01-22 18:38:32 - [TEST_STEP][PASSED] - dblFreqAnal = strVol.toDouble() / strFreq.toDouble() * strFreq.toDouble() * strFreq.toDouble() * 100000000: null

2024-01-22 18:38:32 - [TEST_STEP][PASSED] - strFreqAnal = String.format("%.4f", dblFreqAnal): null

2024-01-22 18:38:32 - [TEST_STEP][PASSED] - out.println("Double strFreqAnal: " + strFreqAnal): null

2024-01-22 18:38:32 - [TEST_STEP][PASSED] - strTanggal = d.format(DateTimeFormatter.ofPattern("yyyy-MM-dd")): null

2024-01-22 18:38:32 - [TEST_STEP][PASSED] - strTanggal = "#" + strTanggal + "#": null

2024-01-22 18:38:32 - [TEST_STEP][PASSED] - strSQL = "select count(*) as JumBaris from TblBrokSum where Nama = '" + strNama + "' and Tanggal = " + strTanggal + "": null

2024-01-22 18:38:32 - [TEST_STEP][PASSED] - resultSet = statement.executeQuery(strSQL): null

2024-01-22 18:38:32 - [TEST_STEP][PASSED] - resultSet.next(): null

2024-01-22 18:38:32 - [TEST_STEP][PASSED] - intJumBaris = resultSet.getInt("JumBaris"): null

2024-01-22 18:38:32 - [TEST_STEP][PASSED] - if (intJumBaris > 0): null

2024-01-22 18:38:32 - [TEST_STEP][PASSED] - else: null

2024-01-22 18:38:32 - [TEST_STEP][PASSED] - try: null

2024-01-22 18:38:32 - [TEST_STEP][PASSED] - out.println("Insert data"): null

2024-01-22 18:38:32 - [TEST_STEP][PASSED] - strSQL = "insert into TblBrokSum (nama, tanggal, top1, top2, top3, AllBrokAvg, AccDist, AvgRP, " + "Buyer1, BuyerVal1, BuyerAvg1, Seller1, SellerVal1, SellerAvg1, Buyer2, BuyerVal2, BuyerAvg2, " + "Seller2, SellerVal2, SellerAvg2, Buyer3, BuyerVal3, BuyerAvg3, Seller3, SellerVal3, SellerAvg3, NetVol, NetVal, " + "OpenPrice, LowPrice, HighPrice, ClosePrice, Volume, Change, Frekuensi, FrekAnal) " + "values ('" + strNama + "', " + strTanggal + ", '" + strTop1 + "', '" + strTop3 + "', '" + strTop5 + "', " + "'" + strAllBrokAvg + "', '" + strAccDist + "', " + intAvgRP + ", '" + strBuyer1 + "', '" + strBuyerVol1 + "', " + strBuyerAvg1 + ", " + "'" + strSeller1 + "', '" + strSellerVol1 + "', " + strSellerAvg1 + ", '" + strBuyer2 + "', '" + strBuyerVol2 + "', " + strBuyerAvg2 + ", " + "'" + strSeller2 + "', '" + strSellerVol2 + "', " + strSellerAvg2 + ", '" + strBuyer3 + "', '" + strBuyerVol3 + "', " + strBuyerAvg3 + ", " + "'" + strSeller3 + "', '" + strSellerVol3 + "', " + strSellerAvg3 + ", " + strNetVol + ", '" + strNetVal + "', " + "" + strOpenPrice + ", " + strLowPrice + ", " + strHighPrice + ", " + strClosePrice + ", '" + strVol + "', " + strChange + ", " + strFreq + ", " + strFreqAnal + ");": null

2024-01-22 18:38:32 - [TEST_STEP][PASSED] - out.println("strSQL = " + strSQL): null

2024-01-22 18:38:32 - [TEST_STEP][PASSED] - statement.executeUpdate(strSQL): null

2024-01-22 18:38:32 - [TEST_STEP][PASSED] - setValueToCellByIndex(sheet01, rowIndex, 4, "DONE"): null

2024-01-22 18:38:32 - [TEST_STEP][PASSED] - saveWorkbook(excelFilePath, workbook01): null

2024-01-22 18:38:32 - [TEST_STEP][PASSED] - waitForElementClickable(findTestObject("Stockbit/menu_Bandarmology"), 10): Object 'Object Repository/Stockbit/menu_Bandarmology' is clickable

2024-01-22 18:38:32 - [MESSAGE][PASSED] - Object 'Object Repository/Stockbit/menu_Bandarmology' is clickable

2024-01-22 18:38:32 - [TEST_STEP][PASSED] - click(findTestObject("Stockbit/menu_Bandarmology")): Object: 'Object Repository/Stockbit/menu_Bandarmology' is clicked on

2024-01-22 18:38:33 - [MESSAGE][PASSED] - Object: 'Object Repository/Stockbit/menu_Bandarmology' is clicked on

2024-01-22 18:38:33 - [TEST_STEP][PASSED] - strTemp = "NA": null

2024-01-22 18:38:33 - [TEST_STEP][PASSED] - if (getCellValueByIndex(sheet01, rowIndex, 4) != "DONE"): Object: 'Object Repository/Stockbit/menu_Bandarmology' is clicked on

2024-01-22 18:38:33 - [TEST_STEP][PASSED] - strNama = getCellValueByIndex(sheet01, rowIndex, 0): null

2024-01-22 18:38:33 - [TEST_STEP][PASSED] - navigateToUrl("https://stockbit.com/#/symbol/" + strNama): Navigate to 'https://stockbit.com/#/symbol/GULA' successfully

2024-01-22 18:38:34 - [MESSAGE][PASSED] - Navigate to 'https://stockbit.com/#/symbol/GULA' successfully

2024-01-22 18:38:34 - [TEST_STEP][PASSED] - waitForElementClickable(findTestObject("Stockbit/menu_Bandarmology"), 10): Object 'Object Repository/Stockbit/menu_Bandarmology' is clickable

2024-01-22 18:38:34 - [MESSAGE][PASSED] - Object 'Object Repository/Stockbit/menu_Bandarmology' is clickable

2024-01-22 18:38:34 - [TEST_STEP][PASSED] - click(findTestObject("Stockbit/menu_Bandarmology")): Object: 'Object Repository/Stockbit/menu_Bandarmology' is clicked on

2024-01-22 18:38:35 - [MESSAGE][PASSED] - Object: 'Object Repository/Stockbit/menu_Bandarmology' is clicked on

2024-01-22 18:38:35 - [TEST_STEP][PASSED] - strTanggal = d.format(DateTimeFormatter.ofPattern("MMM dd, yyyy")): null

2024-01-22 18:38:35 - [TEST_STEP][PASSED] - strTanggal = d.format(ISO_DATE): null

2024-01-22 18:38:35 - [TEST_STEP][PASSED] - out.println("strTanggal = " + strTanggal): null

2024-01-22 18:38:35 - [TEST_STEP][PASSED] - out.println("strNama = " + strNama): null

2024-01-22 18:38:35 - [TEST_STEP][PASSED] - out.println("Baris ke = " + rowIndex): null

2024-01-22 18:38:35 - [TEST_STEP][PASSED] - click(findTestObject("Stockbit/input__BandarmologyOpenStartDate")): Object: 'Object Repository/Stockbit/input__BandarmologyOpenStartDate' is clicked on

2024-01-22 18:38:36 - [MESSAGE][PASSED] - Object: 'Object Repository/Stockbit/input__BandarmologyOpenStartDate' is clicked on

2024-01-22 18:38:36 - [TEST_STEP][PASSED] - sendKeys(findTestObject("Stockbit/input__BandarmologyOpenStartDate"), Keys.chord(CONTROL, "a")): Keys 'CONTROL + a' sent to object: 'Object Repository/Stockbit/input__BandarmologyOpenStartDate'

2024-01-22 18:38:37 - [MESSAGE][PASSED] - Keys 'CONTROL + a' sent to object: 'Object Repository/Stockbit/input__BandarmologyOpenStartDate'

2024-01-22 18:38:37 - [TEST_STEP][PASSED] - sendKeys(findTestObject("Stockbit/input__BandarmologyOpenStartDate"), Keys.chord(BACK_SPACE)): Keys 'BACK_SPACE + ' sent to object: 'Object Repository/Stockbit/input__BandarmologyOpenStartDate'

2024-01-22 18:38:37 - [MESSAGE][PASSED] - Keys 'BACK_SPACE + ' sent to object: 'Object Repository/Stockbit/input__BandarmologyOpenStartDate'

2024-01-22 18:38:37 - [TEST_STEP][PASSED] - setText(findTestObject("Stockbit/input__BandarmologyOpenStartDate"), strTanggal): Text '2024-01-22' is set on object 'Object Repository/Stockbit/input__BandarmologyOpenStartDate'

2024-01-22 18:38:38 - [MESSAGE][PASSED] - Text '2024-01-22' is set on object 'Object Repository/Stockbit/input__BandarmologyOpenStartDate'

2024-01-22 18:38:38 - [TEST_STEP][PASSED] - sendKeys(findTestObject("Stockbit/input__BandarmologyOpenStartDate"), Keys.chord(ENTER)): Keys 'ENTER + ' sent to object: 'Object Repository/Stockbit/input__BandarmologyOpenStartDate'

2024-01-22 18:38:38 - [MESSAGE][PASSED] - Keys 'ENTER + ' sent to object: 'Object Repository/Stockbit/input__BandarmologyOpenStartDate'

2024-01-22 18:38:38 - [TEST_STEP][PASSED] - click(findTestObject("Stockbit/input__BandarmologyOpenEndDate")): Object: 'Object Repository/Stockbit/input__BandarmologyOpenEndDate' is clicked on

2024-01-22 18:38:39 - [MESSAGE][PASSED] - Object: 'Object Repository/Stockbit/input__BandarmologyOpenEndDate' is clicked on

2024-01-22 18:38:39 - [TEST_STEP][PASSED] - sendKeys(findTestObject("Stockbit/input__BandarmologyOpenEndDate"), Keys.chord(CONTROL, "a")): Keys 'CONTROL + a' sent to object: 'Object Repository/Stockbit/input__BandarmologyOpenEndDate'

2024-01-22 18:38:39 - [MESSAGE][PASSED] - Keys 'CONTROL + a' sent to object: 'Object Repository/Stockbit/input__BandarmologyOpenEndDate'

2024-01-22 18:38:39 - [TEST_STEP][PASSED] - sendKeys(findTestObject("Stockbit/input__BandarmologyOpenEndDate"), Keys.chord(BACK_SPACE)): Keys 'BACK_SPACE + ' sent to object: 'Object Repository/Stockbit/input__BandarmologyOpenEndDate'

2024-01-22 18:38:40 - [MESSAGE][PASSED] - Keys 'BACK_SPACE + ' sent to object: 'Object Repository/Stockbit/input__BandarmologyOpenEndDate'

2024-01-22 18:38:40 - [TEST_STEP][PASSED] - setText(findTestObject("Stockbit/input__BandarmologyOpenEndDate"), strTanggal): Text '2024-01-22' is set on object 'Object Repository/Stockbit/input__BandarmologyOpenEndDate'

2024-01-22 18:38:40 - [MESSAGE][PASSED] - Text '2024-01-22' is set on object 'Object Repository/Stockbit/input__BandarmologyOpenEndDate'

2024-01-22 18:38:40 - [TEST_STEP][PASSED] - sendKeys(findTestObject("Stockbit/input__BandarmologyOpenEndDate"), Keys.chord(ENTER)): Keys 'ENTER + ' sent to object: 'Object Repository/Stockbit/input__BandarmologyOpenEndDate'

2024-01-22 18:38:41 - [MESSAGE][PASSED] - Keys 'ENTER + ' sent to object: 'Object Repository/Stockbit/input__BandarmologyOpenEndDate'

2024-01-22 18:38:41 - [TEST_STEP][PASSED] - delay(2): Delayed 2 second(s)

2024-01-22 18:38:43 - [MESSAGE][PASSED] - Delayed 2 second(s)

2024-01-22 18:38:43 - [TEST_STEP][PASSED] - strTemp = getText(findTestObject("Stockbit/Bandarmology_AvgRP")): Text of object 'Object Repository/Stockbit/Bandarmology_AvgRP' is: '312'

2024-01-22 18:38:43 - [MESSAGE][PASSED] - Text of object 'Object Repository/Stockbit/Bandarmology_AvgRP' is: '312'

2024-01-22 18:38:43 - [TEST_STEP][PASSED] - out.println("Bandarmology_AvgRP = " + strTemp): null

2024-01-22 18:38:43 - [TEST_STEP][PASSED] - if (strTemp != "0"): null

2024-01-22 18:38:43 - [TEST_STEP][PASSED] - strTop1 = getText(findTestObject("Stockbit/Bandarmology_Top1")): Text of object 'Object Repository/Stockbit/Bandarmology_Top1' is: 'Small Dist'

2024-01-22 18:38:43 - [MESSAGE][PASSED] - Text of object 'Object Repository/Stockbit/Bandarmology_Top1' is: 'Small Dist'

2024-01-22 18:38:43 - [TEST_STEP][PASSED] - strTop3 = getText(findTestObject("Stockbit/Bandarmology_Top3")): Text of object 'Object Repository/Stockbit/Bandarmology_Top3' is: 'Neutral'

2024-01-22 18:38:43 - [MESSAGE][PASSED] - Text of object 'Object Repository/Stockbit/Bandarmology_Top3' is: 'Neutral'

2024-01-22 18:38:43 - [TEST_STEP][PASSED] - strTop5 = getText(findTestObject("Stockbit/Bandarmology_Top5")): Text of object 'Object Repository/Stockbit/Bandarmology_Top5' is: 'Neutral'

2024-01-22 18:38:43 - [MESSAGE][PASSED] - Text of object 'Object Repository/Stockbit/Bandarmology_Top5' is: 'Neutral'

2024-01-22 18:38:43 - [TEST_STEP][PASSED] - strAllBrokAvg = getText(findTestObject("Stockbit/Bandarmology_TopAVG")): Text of object 'Object Repository/Stockbit/Bandarmology_TopAVG' is: 'Neutral'

2024-01-22 18:38:43 - [MESSAGE][PASSED] - Text of object 'Object Repository/Stockbit/Bandarmology_TopAVG' is: 'Neutral'

2024-01-22 18:38:43 - [TEST_STEP][PASSED] - strTemp = getText(findTestObject("Stockbit/Bandarmology_AvgRP")): Text of object 'Object Repository/Stockbit/Bandarmology_AvgRP' is: '312'

2024-01-22 18:38:43 - [MESSAGE][PASSED] - Text of object 'Object Repository/Stockbit/Bandarmology_AvgRP' is: '312'

2024-01-22 18:38:43 - [TEST_STEP][PASSED] - if (strTemp.contains(",")): null

2024-01-22 18:38:43 - [TEST_STEP][PASSED] - intAvgRP = strTemp.toInteger(): null

2024-01-22 18:38:43 - [TEST_STEP][PASSED] - strBuyer1 = getText(findTestObject("Stockbit/Bandarmology_Buyer1")): Text of object 'Object Repository/Stockbit/Bandarmology_Buyer1' is: 'DR'

2024-01-22 18:38:44 - [MESSAGE][PASSED] - Text of object 'Object Repository/Stockbit/Bandarmology_Buyer1' is: 'DR'

2024-01-22 18:38:44 - [TEST_STEP][PASSED] - strBuyerVol1 = getText(findTestObject("Stockbit/Bandarmology_BuyerVol1")): Text of object 'Object Repository/Stockbit/Bandarmology_BuyerVol1' is: '43.9 K'

2024-01-22 18:38:44 - [MESSAGE][PASSED] - Text of object 'Object Repository/Stockbit/Bandarmology_BuyerVol1' is: '43.9 K'

2024-01-22 18:38:44 - [TEST_STEP][PASSED] - strBuyerAvg1 = getText(findTestObject("Stockbit/Bandarmology_BuyerAvg1")): Text of object 'Object Repository/Stockbit/Bandarmology_BuyerAvg1' is: '313'

2024-01-22 18:38:44 - [MESSAGE][PASSED] - Text of object 'Object Repository/Stockbit/Bandarmology_BuyerAvg1' is: '313'

2024-01-22 18:38:44 - [TEST_STEP][PASSED] - if (strBuyerAvg1.contains(",")): null

2024-01-22 18:38:44 - [TEST_STEP][PASSED] - if (strBuyerVol1.contains(" B")): null

2024-01-22 18:38:44 - [TEST_STEP][PASSED] - else if (strBuyerVol1.contains(" M")): null

2024-01-22 18:38:44 - [TEST_STEP][PASSED] - else if (strBuyerVol1.contains(" K")): null

2024-01-22 18:38:44 - [TEST_STEP][PASSED] - strBuyerVol1 = strBuyerVol1.replace(" K", ""): null

2024-01-22 18:38:44 - [TEST_STEP][PASSED] - strBuyerVol1 = strBuyerVol1.toDouble() * 1000: null

2024-01-22 18:38:44 - [TEST_STEP][PASSED] - strSeller1 = getText(findTestObject("Stockbit/Bandarmology_Seller1")): Text of object 'Object Repository/Stockbit/Bandarmology_Seller1' is: 'AO'

2024-01-22 18:38:44 - [MESSAGE][PASSED] - Text of object 'Object Repository/Stockbit/Bandarmology_Seller1' is: 'AO'

2024-01-22 18:38:44 - [TEST_STEP][PASSED] - strSellerVol1 = getText(findTestObject("Stockbit/Bandarmology_SellerVol1")): Text of object 'Object Repository/Stockbit/Bandarmology_SellerVol1' is: '48 K'

2024-01-22 18:38:44 - [MESSAGE][PASSED] - Text of object 'Object Repository/Stockbit/Bandarmology_SellerVol1' is: '48 K'

2024-01-22 18:38:44 - [TEST_STEP][PASSED] - strSellerAvg1 = getText(findTestObject("Stockbit/Bandarmology_SellerAvg1")): Text of object 'Object Repository/Stockbit/Bandarmology_SellerAvg1' is: '312'

2024-01-22 18:38:44 - [MESSAGE][PASSED] - Text of object 'Object Repository/Stockbit/Bandarmology_SellerAvg1' is: '312'

2024-01-22 18:38:44 - [TEST_STEP][PASSED] - if (strSellerAvg1.contains(",")): null

2024-01-22 18:38:44 - [TEST_STEP][PASSED] - if (strSellerVol1.contains(" B")): null

2024-01-22 18:38:44 - [TEST_STEP][PASSED] - else if (strSellerVol1.contains(" M")): null

2024-01-22 18:38:44 - [TEST_STEP][PASSED] - else if (strSellerVol1.contains(" K")): null

2024-01-22 18:38:44 - [TEST_STEP][PASSED] - strSellerVol1 = strSellerVol1.replace(" K", ""): null

2024-01-22 18:38:44 - [TEST_STEP][PASSED] - strSellerVol1 = strSellerVol1.toDouble() * 1000: null

2024-01-22 18:38:44 - [TEST_STEP][PASSED] - if (verifyElementNotPresent(findTestObject("Stockbit/Bandarmology_Buyer2"), 1, OPTIONAL)): Web element with id: 'Object Repository/Stockbit/Bandarmology_Buyer2' located by 'By.xpath: //*[contains(@id, 'rc-tabs-')]/div[2]/div/div/div/div/div/div[2]/table/tbody/tr[3]/td[1]/p' is present after '1' second(s) (Root cause: com.kms.katalon.core.exception.StepFailedException: Web element with id: 'Object Repository/Stockbit/Bandarmology_Buyer2' located by 'By.xpath: //*[contains(@id, 'rc-tabs-')]/div[2]/div/div/div/div/div/div[2]/table/tbody/tr[3]/td[1]/p' is present after '1' second(s)
	at com.kms.katalon.core.webui.keyword.internal.WebUIKeywordMain.stepFailed(WebUIKeywordMain.groovy:64)
	at com.kms.katalon.core.webui.keyword.internal.WebUIKeywordMain$stepFailed$0.call(Unknown Source)
	at com.kms.katalon.core.webui.keyword.builtin.VerifyElementNotPresentKeyword$_verifyElementNotPresent_closure1.doCall(VerifyElementNotPresentKeyword.groovy:106)
	at com.kms.katalon.core.webui.keyword.builtin.VerifyElementNotPresentKeyword$_verifyElementNotPresent_closure1.doCall(VerifyElementNotPresentKeyword.groovy)
	at com.kms.katalon.core.webui.keyword.internal.WebUIKeywordMain.runKeyword(WebUIKeywordMain.groovy:20)
	at com.kms.katalon.core.webui.keyword.internal.WebUIKeywordMain$runKeyword.call(Unknown Source)
	at com.kms.katalon.core.webui.keyword.builtin.VerifyElementNotPresentKeyword.verifyElementNotPresent(VerifyElementNotPresentKeyword.groovy:117)
	at com.kms.katalon.core.webui.keyword.builtin.VerifyElementNotPresentKeyword.execute(VerifyElementNotPresentKeyword.groovy:68)
	at com.kms.katalon.core.keyword.internal.KeywordExecutor.executeKeywordForPlatform(KeywordExecutor.groovy:74)
	at com.kms.katalon.core.webui.keyword.WebUiBuiltInKeywords.verifyElementNotPresent(WebUiBuiltInKeywords.groovy:1481)
	at com.kms.katalon.core.webui.keyword.WebUiBuiltInKeywords$verifyElementNotPresent$8.call(Unknown Source)
	at GetBrokSumPriceDaily.run(GetBrokSumPriceDaily:258)
	at com.kms.katalon.core.main.ScriptEngine.run(ScriptEngine.java:194)
	at com.kms.katalon.core.main.ScriptEngine.runScriptAsRawText(ScriptEngine.java:119)
	at com.kms.katalon.core.main.TestCaseExecutor.runScript(TestCaseExecutor.java:445)
	at com.kms.katalon.core.main.TestCaseExecutor.doExecute(TestCaseExecutor.java:436)
	at com.kms.katalon.core.main.TestCaseExecutor.processExecutionPhase(TestCaseExecutor.java:415)
	at com.kms.katalon.core.main.TestCaseExecutor.accessMainPhase(TestCaseExecutor.java:407)
	at com.kms.katalon.core.main.TestCaseExecutor.execute(TestCaseExecutor.java:284)
	at com.kms.katalon.core.common.CommonExecutor.accessTestCaseMainPhase(CommonExecutor.java:65)
	at com.kms.katalon.core.main.TestSuiteExecutor.accessTestSuiteMainPhase(TestSuiteExecutor.java:144)
	at com.kms.katalon.core.main.TestSuiteExecutor.execute(TestSuiteExecutor.java:106)
	at com.kms.katalon.core.main.TestCaseMain.startTestSuite(TestCaseMain.java:185)
	at com.kms.katalon.core.main.TestCaseMain$startTestSuite$0.call(Unknown Source)
	at TempTestSuite1705923140048.run(TempTestSuite1705923140048.groovy:36)
)

2024-01-22 18:38:45 - [MESSAGE][WARNING] - Web element with id: 'Object Repository/Stockbit/Bandarmology_Buyer2' located by 'By.xpath: //*[contains(@id, 'rc-tabs-')]/div[2]/div/div/div/div/div/div[2]/table/tbody/tr[3]/td[1]/p' is present after '1' second(s) (Root cause: com.kms.katalon.core.exception.StepFailedException: Web element with id: 'Object Repository/Stockbit/Bandarmology_Buyer2' located by 'By.xpath: //*[contains(@id, 'rc-tabs-')]/div[2]/div/div/div/div/div/div[2]/table/tbody/tr[3]/td[1]/p' is present after '1' second(s)
	at com.kms.katalon.core.webui.keyword.internal.WebUIKeywordMain.stepFailed(WebUIKeywordMain.groovy:64)
	at com.kms.katalon.core.webui.keyword.internal.WebUIKeywordMain$stepFailed$0.call(Unknown Source)
	at com.kms.katalon.core.webui.keyword.builtin.VerifyElementNotPresentKeyword$_verifyElementNotPresent_closure1.doCall(VerifyElementNotPresentKeyword.groovy:106)
	at com.kms.katalon.core.webui.keyword.builtin.VerifyElementNotPresentKeyword$_verifyElementNotPresent_closure1.doCall(VerifyElementNotPresentKeyword.groovy)
	at com.kms.katalon.core.webui.keyword.internal.WebUIKeywordMain.runKeyword(WebUIKeywordMain.groovy:20)
	at com.kms.katalon.core.webui.keyword.internal.WebUIKeywordMain$runKeyword.call(Unknown Source)
	at com.kms.katalon.core.webui.keyword.builtin.VerifyElementNotPresentKeyword.verifyElementNotPresent(VerifyElementNotPresentKeyword.groovy:117)
	at com.kms.katalon.core.webui.keyword.builtin.VerifyElementNotPresentKeyword.execute(VerifyElementNotPresentKeyword.groovy:68)
	at com.kms.katalon.core.keyword.internal.KeywordExecutor.executeKeywordForPlatform(KeywordExecutor.groovy:74)
	at com.kms.katalon.core.webui.keyword.WebUiBuiltInKeywords.verifyElementNotPresent(WebUiBuiltInKeywords.groovy:1481)
	at com.kms.katalon.core.webui.keyword.WebUiBuiltInKeywords$verifyElementNotPresent$8.call(Unknown Source)
	at GetBrokSumPriceDaily.run(GetBrokSumPriceDaily:258)
	at com.kms.katalon.core.main.ScriptEngine.run(ScriptEngine.java:194)
	at com.kms.katalon.core.main.ScriptEngine.runScriptAsRawText(ScriptEngine.java:119)
	at com.kms.katalon.core.main.TestCaseExecutor.runScript(TestCaseExecutor.java:445)
	at com.kms.katalon.core.main.TestCaseExecutor.doExecute(TestCaseExecutor.java:436)
	at com.kms.katalon.core.main.TestCaseExecutor.processExecutionPhase(TestCaseExecutor.java:415)
	at com.kms.katalon.core.main.TestCaseExecutor.accessMainPhase(TestCaseExecutor.java:407)
	at com.kms.katalon.core.main.TestCaseExecutor.execute(TestCaseExecutor.java:284)
	at com.kms.katalon.core.common.CommonExecutor.accessTestCaseMainPhase(CommonExecutor.java:65)
	at com.kms.katalon.core.main.TestSuiteExecutor.accessTestSuiteMainPhase(TestSuiteExecutor.java:144)
	at com.kms.katalon.core.main.TestSuiteExecutor.execute(TestSuiteExecutor.java:106)
	at com.kms.katalon.core.main.TestCaseMain.startTestSuite(TestCaseMain.java:185)
	at com.kms.katalon.core.main.TestCaseMain$startTestSuite$0.call(Unknown Source)
	at TempTestSuite1705923140048.run(TempTestSuite1705923140048.groovy:36)
)
[[ATTACHMENT|C:\\Users\\Fadli\\git\\KatalonDailyGetData2\\Reports\\20240122_174123\\TS1\\20240122_183220\\1705923525796.png]]

2024-01-22 18:38:45 - [TEST_STEP][PASSED] - else: null

2024-01-22 18:38:45 - [TEST_STEP][PASSED] - strBuyer2 = getText(findTestObject("Stockbit/Bandarmology_Buyer2")): Text of object 'Object Repository/Stockbit/Bandarmology_Buyer2' is: 'CC'

2024-01-22 18:38:46 - [MESSAGE][PASSED] - Text of object 'Object Repository/Stockbit/Bandarmology_Buyer2' is: 'CC'

2024-01-22 18:38:46 - [TEST_STEP][PASSED] - strBuyerVol2 = getText(findTestObject("Stockbit/Bandarmology_BuyerVol2")): Text of object 'Object Repository/Stockbit/Bandarmology_BuyerVol2' is: '6.6 K'

2024-01-22 18:38:46 - [MESSAGE][PASSED] - Text of object 'Object Repository/Stockbit/Bandarmology_BuyerVol2' is: '6.6 K'

2024-01-22 18:38:46 - [TEST_STEP][PASSED] - strBuyerAvg2 = getText(findTestObject("Stockbit/Bandarmology_BuyerAvg2")): Text of object 'Object Repository/Stockbit/Bandarmology_BuyerAvg2' is: '310'

2024-01-22 18:38:46 - [MESSAGE][PASSED] - Text of object 'Object Repository/Stockbit/Bandarmology_BuyerAvg2' is: '310'

2024-01-22 18:38:46 - [TEST_STEP][PASSED] - if (strBuyer2 != ""): null

2024-01-22 18:38:46 - [TEST_STEP][PASSED] - if (strBuyerAvg2.contains(",")): null

2024-01-22 18:38:46 - [TEST_STEP][PASSED] - if (strBuyerVol2.contains(" B")): null

2024-01-22 18:38:46 - [TEST_STEP][PASSED] - else if (strBuyerVol2.contains(" M")): null

2024-01-22 18:38:46 - [TEST_STEP][PASSED] - else if (strBuyerVol2.contains(" K")): null

2024-01-22 18:38:46 - [TEST_STEP][PASSED] - strBuyerVol2 = strBuyerVol2.replace(" K", ""): null

2024-01-22 18:38:46 - [TEST_STEP][PASSED] - strBuyerVol2 = strBuyerVol2.toDouble() * 1000: null

2024-01-22 18:38:46 - [TEST_STEP][PASSED] - if (strBuyerVol2.contains(".")): null

2024-01-22 18:38:46 - [TEST_STEP][PASSED] - strBuyerVal2 = strBuyerVol2.replace(".", ""): null

2024-01-22 18:38:46 - [TEST_STEP][PASSED] - if (verifyElementNotPresent(findTestObject("Stockbit/Bandarmology_Seller2"), 1, OPTIONAL)): Web element with id: 'Object Repository/Stockbit/Bandarmology_Seller2' located by 'By.xpath: //*[contains(@id, 'rc-tabs-')]/div[2]/div/div/div/div/div/div[2]/table/tbody/tr[3]/td[5]/p' is present after '1' second(s) (Root cause: com.kms.katalon.core.exception.StepFailedException: Web element with id: 'Object Repository/Stockbit/Bandarmology_Seller2' located by 'By.xpath: //*[contains(@id, 'rc-tabs-')]/div[2]/div/div/div/div/div/div[2]/table/tbody/tr[3]/td[5]/p' is present after '1' second(s)
	at com.kms.katalon.core.webui.keyword.internal.WebUIKeywordMain.stepFailed(WebUIKeywordMain.groovy:64)
	at com.kms.katalon.core.webui.keyword.internal.WebUIKeywordMain$stepFailed$0.call(Unknown Source)
	at com.kms.katalon.core.webui.keyword.builtin.VerifyElementNotPresentKeyword$_verifyElementNotPresent_closure1.doCall(VerifyElementNotPresentKeyword.groovy:106)
	at com.kms.katalon.core.webui.keyword.builtin.VerifyElementNotPresentKeyword$_verifyElementNotPresent_closure1.doCall(VerifyElementNotPresentKeyword.groovy)
	at com.kms.katalon.core.webui.keyword.internal.WebUIKeywordMain.runKeyword(WebUIKeywordMain.groovy:20)
	at com.kms.katalon.core.webui.keyword.internal.WebUIKeywordMain$runKeyword.call(Unknown Source)
	at com.kms.katalon.core.webui.keyword.builtin.VerifyElementNotPresentKeyword.verifyElementNotPresent(VerifyElementNotPresentKeyword.groovy:117)
	at com.kms.katalon.core.webui.keyword.builtin.VerifyElementNotPresentKeyword.execute(VerifyElementNotPresentKeyword.groovy:68)
	at com.kms.katalon.core.keyword.internal.KeywordExecutor.executeKeywordForPlatform(KeywordExecutor.groovy:74)
	at com.kms.katalon.core.webui.keyword.WebUiBuiltInKeywords.verifyElementNotPresent(WebUiBuiltInKeywords.groovy:1481)
	at com.kms.katalon.core.webui.keyword.WebUiBuiltInKeywords$verifyElementNotPresent$8.call(Unknown Source)
	at GetBrokSumPriceDaily.run(GetBrokSumPriceDaily:309)
	at com.kms.katalon.core.main.ScriptEngine.run(ScriptEngine.java:194)
	at com.kms.katalon.core.main.ScriptEngine.runScriptAsRawText(ScriptEngine.java:119)
	at com.kms.katalon.core.main.TestCaseExecutor.runScript(TestCaseExecutor.java:445)
	at com.kms.katalon.core.main.TestCaseExecutor.doExecute(TestCaseExecutor.java:436)
	at com.kms.katalon.core.main.TestCaseExecutor.processExecutionPhase(TestCaseExecutor.java:415)
	at com.kms.katalon.core.main.TestCaseExecutor.accessMainPhase(TestCaseExecutor.java:407)
	at com.kms.katalon.core.main.TestCaseExecutor.execute(TestCaseExecutor.java:284)
	at com.kms.katalon.core.common.CommonExecutor.accessTestCaseMainPhase(CommonExecutor.java:65)
	at com.kms.katalon.core.main.TestSuiteExecutor.accessTestSuiteMainPhase(TestSuiteExecutor.java:144)
	at com.kms.katalon.core.main.TestSuiteExecutor.execute(TestSuiteExecutor.java:106)
	at com.kms.katalon.core.main.TestCaseMain.startTestSuite(TestCaseMain.java:185)
	at com.kms.katalon.core.main.TestCaseMain$startTestSuite$0.call(Unknown Source)
	at TempTestSuite1705923140048.run(TempTestSuite1705923140048.groovy:36)
)

2024-01-22 18:38:47 - [MESSAGE][WARNING] - Web element with id: 'Object Repository/Stockbit/Bandarmology_Seller2' located by 'By.xpath: //*[contains(@id, 'rc-tabs-')]/div[2]/div/div/div/div/div/div[2]/table/tbody/tr[3]/td[5]/p' is present after '1' second(s) (Root cause: com.kms.katalon.core.exception.StepFailedException: Web element with id: 'Object Repository/Stockbit/Bandarmology_Seller2' located by 'By.xpath: //*[contains(@id, 'rc-tabs-')]/div[2]/div/div/div/div/div/div[2]/table/tbody/tr[3]/td[5]/p' is present after '1' second(s)
	at com.kms.katalon.core.webui.keyword.internal.WebUIKeywordMain.stepFailed(WebUIKeywordMain.groovy:64)
	at com.kms.katalon.core.webui.keyword.internal.WebUIKeywordMain$stepFailed$0.call(Unknown Source)
	at com.kms.katalon.core.webui.keyword.builtin.VerifyElementNotPresentKeyword$_verifyElementNotPresent_closure1.doCall(VerifyElementNotPresentKeyword.groovy:106)
	at com.kms.katalon.core.webui.keyword.builtin.VerifyElementNotPresentKeyword$_verifyElementNotPresent_closure1.doCall(VerifyElementNotPresentKeyword.groovy)
	at com.kms.katalon.core.webui.keyword.internal.WebUIKeywordMain.runKeyword(WebUIKeywordMain.groovy:20)
	at com.kms.katalon.core.webui.keyword.internal.WebUIKeywordMain$runKeyword.call(Unknown Source)
	at com.kms.katalon.core.webui.keyword.builtin.VerifyElementNotPresentKeyword.verifyElementNotPresent(VerifyElementNotPresentKeyword.groovy:117)
	at com.kms.katalon.core.webui.keyword.builtin.VerifyElementNotPresentKeyword.execute(VerifyElementNotPresentKeyword.groovy:68)
	at com.kms.katalon.core.keyword.internal.KeywordExecutor.executeKeywordForPlatform(KeywordExecutor.groovy:74)
	at com.kms.katalon.core.webui.keyword.WebUiBuiltInKeywords.verifyElementNotPresent(WebUiBuiltInKeywords.groovy:1481)
	at com.kms.katalon.core.webui.keyword.WebUiBuiltInKeywords$verifyElementNotPresent$8.call(Unknown Source)
	at GetBrokSumPriceDaily.run(GetBrokSumPriceDaily:309)
	at com.kms.katalon.core.main.ScriptEngine.run(ScriptEngine.java:194)
	at com.kms.katalon.core.main.ScriptEngine.runScriptAsRawText(ScriptEngine.java:119)
	at com.kms.katalon.core.main.TestCaseExecutor.runScript(TestCaseExecutor.java:445)
	at com.kms.katalon.core.main.TestCaseExecutor.doExecute(TestCaseExecutor.java:436)
	at com.kms.katalon.core.main.TestCaseExecutor.processExecutionPhase(TestCaseExecutor.java:415)
	at com.kms.katalon.core.main.TestCaseExecutor.accessMainPhase(TestCaseExecutor.java:407)
	at com.kms.katalon.core.main.TestCaseExecutor.execute(TestCaseExecutor.java:284)
	at com.kms.katalon.core.common.CommonExecutor.accessTestCaseMainPhase(CommonExecutor.java:65)
	at com.kms.katalon.core.main.TestSuiteExecutor.accessTestSuiteMainPhase(TestSuiteExecutor.java:144)
	at com.kms.katalon.core.main.TestSuiteExecutor.execute(TestSuiteExecutor.java:106)
	at com.kms.katalon.core.main.TestCaseMain.startTestSuite(TestCaseMain.java:185)
	at com.kms.katalon.core.main.TestCaseMain$startTestSuite$0.call(Unknown Source)
	at TempTestSuite1705923140048.run(TempTestSuite1705923140048.groovy:36)
)
[[ATTACHMENT|C:\\Users\\Fadli\\git\\KatalonDailyGetData2\\Reports\\20240122_174123\\TS1\\20240122_183220\\1705923527509.png]]

2024-01-22 18:38:47 - [TEST_STEP][PASSED] - else: null

2024-01-22 18:38:47 - [TEST_STEP][PASSED] - strSeller2 = getText(findTestObject("Stockbit/Bandarmology_Seller2")): Text of object 'Object Repository/Stockbit/Bandarmology_Seller2' is: 'EP'

2024-01-22 18:38:47 - [MESSAGE][PASSED] - Text of object 'Object Repository/Stockbit/Bandarmology_Seller2' is: 'EP'

2024-01-22 18:38:47 - [TEST_STEP][PASSED] - strSellerVol2 = getText(findTestObject("Stockbit/Bandarmology_SellerVol2")): Text of object 'Object Repository/Stockbit/Bandarmology_SellerVol2' is: '3.5 K'

2024-01-22 18:38:47 - [MESSAGE][PASSED] - Text of object 'Object Repository/Stockbit/Bandarmology_SellerVol2' is: '3.5 K'

2024-01-22 18:38:47 - [TEST_STEP][PASSED] - strSellerAvg2 = getText(findTestObject("Stockbit/Bandarmology_SellerAvg2")): Text of object 'Object Repository/Stockbit/Bandarmology_SellerAvg2' is: '310'

2024-01-22 18:38:48 - [MESSAGE][PASSED] - Text of object 'Object Repository/Stockbit/Bandarmology_SellerAvg2' is: '310'

2024-01-22 18:38:48 - [TEST_STEP][PASSED] - if (strSeller2 != ""): null

2024-01-22 18:38:48 - [TEST_STEP][PASSED] - if (strSellerAvg2.contains(",")): null

2024-01-22 18:38:48 - [TEST_STEP][PASSED] - if (strSellerVol2.contains(" B")): null

2024-01-22 18:38:48 - [TEST_STEP][PASSED] - else if (strSellerVol2.contains(" M")): null

2024-01-22 18:38:48 - [TEST_STEP][PASSED] - else if (strSellerVol2.contains(" K")): null

2024-01-22 18:38:48 - [TEST_STEP][PASSED] - strSellerVol2 = strSellerVol2.replace(" K", ""): null

2024-01-22 18:38:48 - [TEST_STEP][PASSED] - strSellerVol2 = strSellerVol2.toDouble() * 1000: null

2024-01-22 18:38:48 - [TEST_STEP][PASSED] - if (verifyElementNotPresent(findTestObject("Stockbit/Bandarmology_Buyer3"), 1, OPTIONAL)): Web element with id: 'Object Repository/Stockbit/Bandarmology_Buyer3' located by 'By.xpath: //*[contains(@id, 'rc-tabs-')]/div[2]/div/div/div/div/div/div[2]/table/tbody/tr[4]/td[1]/p' is present after '1' second(s) (Root cause: com.kms.katalon.core.exception.StepFailedException: Web element with id: 'Object Repository/Stockbit/Bandarmology_Buyer3' located by 'By.xpath: //*[contains(@id, 'rc-tabs-')]/div[2]/div/div/div/div/div/div[2]/table/tbody/tr[4]/td[1]/p' is present after '1' second(s)
	at com.kms.katalon.core.webui.keyword.internal.WebUIKeywordMain.stepFailed(WebUIKeywordMain.groovy:64)
	at com.kms.katalon.core.webui.keyword.internal.WebUIKeywordMain$stepFailed$0.call(Unknown Source)
	at com.kms.katalon.core.webui.keyword.builtin.VerifyElementNotPresentKeyword$_verifyElementNotPresent_closure1.doCall(VerifyElementNotPresentKeyword.groovy:106)
	at com.kms.katalon.core.webui.keyword.builtin.VerifyElementNotPresentKeyword$_verifyElementNotPresent_closure1.doCall(VerifyElementNotPresentKeyword.groovy)
	at com.kms.katalon.core.webui.keyword.internal.WebUIKeywordMain.runKeyword(WebUIKeywordMain.groovy:20)
	at com.kms.katalon.core.webui.keyword.internal.WebUIKeywordMain$runKeyword.call(Unknown Source)
	at com.kms.katalon.core.webui.keyword.builtin.VerifyElementNotPresentKeyword.verifyElementNotPresent(VerifyElementNotPresentKeyword.groovy:117)
	at com.kms.katalon.core.webui.keyword.builtin.VerifyElementNotPresentKeyword.execute(VerifyElementNotPresentKeyword.groovy:68)
	at com.kms.katalon.core.keyword.internal.KeywordExecutor.executeKeywordForPlatform(KeywordExecutor.groovy:74)
	at com.kms.katalon.core.webui.keyword.WebUiBuiltInKeywords.verifyElementNotPresent(WebUiBuiltInKeywords.groovy:1481)
	at com.kms.katalon.core.webui.keyword.WebUiBuiltInKeywords$verifyElementNotPresent$8.call(Unknown Source)
	at GetBrokSumPriceDaily.run(GetBrokSumPriceDaily:361)
	at com.kms.katalon.core.main.ScriptEngine.run(ScriptEngine.java:194)
	at com.kms.katalon.core.main.ScriptEngine.runScriptAsRawText(ScriptEngine.java:119)
	at com.kms.katalon.core.main.TestCaseExecutor.runScript(TestCaseExecutor.java:445)
	at com.kms.katalon.core.main.TestCaseExecutor.doExecute(TestCaseExecutor.java:436)
	at com.kms.katalon.core.main.TestCaseExecutor.processExecutionPhase(TestCaseExecutor.java:415)
	at com.kms.katalon.core.main.TestCaseExecutor.accessMainPhase(TestCaseExecutor.java:407)
	at com.kms.katalon.core.main.TestCaseExecutor.execute(TestCaseExecutor.java:284)
	at com.kms.katalon.core.common.CommonExecutor.accessTestCaseMainPhase(CommonExecutor.java:65)
	at com.kms.katalon.core.main.TestSuiteExecutor.accessTestSuiteMainPhase(TestSuiteExecutor.java:144)
	at com.kms.katalon.core.main.TestSuiteExecutor.execute(TestSuiteExecutor.java:106)
	at com.kms.katalon.core.main.TestCaseMain.startTestSuite(TestCaseMain.java:185)
	at com.kms.katalon.core.main.TestCaseMain$startTestSuite$0.call(Unknown Source)
	at TempTestSuite1705923140048.run(TempTestSuite1705923140048.groovy:36)
)

2024-01-22 18:38:49 - [MESSAGE][WARNING] - Web element with id: 'Object Repository/Stockbit/Bandarmology_Buyer3' located by 'By.xpath: //*[contains(@id, 'rc-tabs-')]/div[2]/div/div/div/div/div/div[2]/table/tbody/tr[4]/td[1]/p' is present after '1' second(s) (Root cause: com.kms.katalon.core.exception.StepFailedException: Web element with id: 'Object Repository/Stockbit/Bandarmology_Buyer3' located by 'By.xpath: //*[contains(@id, 'rc-tabs-')]/div[2]/div/div/div/div/div/div[2]/table/tbody/tr[4]/td[1]/p' is present after '1' second(s)
	at com.kms.katalon.core.webui.keyword.internal.WebUIKeywordMain.stepFailed(WebUIKeywordMain.groovy:64)
	at com.kms.katalon.core.webui.keyword.internal.WebUIKeywordMain$stepFailed$0.call(Unknown Source)
	at com.kms.katalon.core.webui.keyword.builtin.VerifyElementNotPresentKeyword$_verifyElementNotPresent_closure1.doCall(VerifyElementNotPresentKeyword.groovy:106)
	at com.kms.katalon.core.webui.keyword.builtin.VerifyElementNotPresentKeyword$_verifyElementNotPresent_closure1.doCall(VerifyElementNotPresentKeyword.groovy)
	at com.kms.katalon.core.webui.keyword.internal.WebUIKeywordMain.runKeyword(WebUIKeywordMain.groovy:20)
	at com.kms.katalon.core.webui.keyword.internal.WebUIKeywordMain$runKeyword.call(Unknown Source)
	at com.kms.katalon.core.webui.keyword.builtin.VerifyElementNotPresentKeyword.verifyElementNotPresent(VerifyElementNotPresentKeyword.groovy:117)
	at com.kms.katalon.core.webui.keyword.builtin.VerifyElementNotPresentKeyword.execute(VerifyElementNotPresentKeyword.groovy:68)
	at com.kms.katalon.core.keyword.internal.KeywordExecutor.executeKeywordForPlatform(KeywordExecutor.groovy:74)
	at com.kms.katalon.core.webui.keyword.WebUiBuiltInKeywords.verifyElementNotPresent(WebUiBuiltInKeywords.groovy:1481)
	at com.kms.katalon.core.webui.keyword.WebUiBuiltInKeywords$verifyElementNotPresent$8.call(Unknown Source)
	at GetBrokSumPriceDaily.run(GetBrokSumPriceDaily:361)
	at com.kms.katalon.core.main.ScriptEngine.run(ScriptEngine.java:194)
	at com.kms.katalon.core.main.ScriptEngine.runScriptAsRawText(ScriptEngine.java:119)
	at com.kms.katalon.core.main.TestCaseExecutor.runScript(TestCaseExecutor.java:445)
	at com.kms.katalon.core.main.TestCaseExecutor.doExecute(TestCaseExecutor.java:436)
	at com.kms.katalon.core.main.TestCaseExecutor.processExecutionPhase(TestCaseExecutor.java:415)
	at com.kms.katalon.core.main.TestCaseExecutor.accessMainPhase(TestCaseExecutor.java:407)
	at com.kms.katalon.core.main.TestCaseExecutor.execute(TestCaseExecutor.java:284)
	at com.kms.katalon.core.common.CommonExecutor.accessTestCaseMainPhase(CommonExecutor.java:65)
	at com.kms.katalon.core.main.TestSuiteExecutor.accessTestSuiteMainPhase(TestSuiteExecutor.java:144)
	at com.kms.katalon.core.main.TestSuiteExecutor.execute(TestSuiteExecutor.java:106)
	at com.kms.katalon.core.main.TestCaseMain.startTestSuite(TestCaseMain.java:185)
	at com.kms.katalon.core.main.TestCaseMain$startTestSuite$0.call(Unknown Source)
	at TempTestSuite1705923140048.run(TempTestSuite1705923140048.groovy:36)
)
[[ATTACHMENT|C:\\Users\\Fadli\\git\\KatalonDailyGetData2\\Reports\\20240122_174123\\TS1\\20240122_183220\\1705923529210.png]]

2024-01-22 18:38:49 - [TEST_STEP][PASSED] - else: null

2024-01-22 18:38:49 - [TEST_STEP][PASSED] - strBuyer3 = getText(findTestObject("Stockbit/Bandarmology_Buyer3")): Text of object 'Object Repository/Stockbit/Bandarmology_Buyer3' is: 'ZP'

2024-01-22 18:38:49 - [MESSAGE][PASSED] - Text of object 'Object Repository/Stockbit/Bandarmology_Buyer3' is: 'ZP'

2024-01-22 18:38:49 - [TEST_STEP][PASSED] - strBuyerVol3 = getText(findTestObject("Stockbit/Bandarmology_BuyerVol3")): Text of object 'Object Repository/Stockbit/Bandarmology_BuyerVol3' is: '3.9 K'

2024-01-22 18:38:49 - [MESSAGE][PASSED] - Text of object 'Object Repository/Stockbit/Bandarmology_BuyerVol3' is: '3.9 K'

2024-01-22 18:38:49 - [TEST_STEP][PASSED] - strBuyerAvg3 = getText(findTestObject("Stockbit/Bandarmology_BuyerAvg3")): Text of object 'Object Repository/Stockbit/Bandarmology_BuyerAvg3' is: '312'

2024-01-22 18:38:49 - [MESSAGE][PASSED] - Text of object 'Object Repository/Stockbit/Bandarmology_BuyerAvg3' is: '312'

2024-01-22 18:38:49 - [TEST_STEP][PASSED] - if (strBuyer3 != ""): null

2024-01-22 18:38:49 - [TEST_STEP][PASSED] - if (strBuyerAvg3.contains(",")): null

2024-01-22 18:38:49 - [TEST_STEP][PASSED] - if (strBuyerVol3.contains(" B")): null

2024-01-22 18:38:49 - [TEST_STEP][PASSED] - else if (strBuyerVol3.contains(" M")): null

2024-01-22 18:38:49 - [TEST_STEP][PASSED] - else if (strBuyerVol3.contains(" K")): null

2024-01-22 18:38:49 - [TEST_STEP][PASSED] - strBuyerVol3 = strBuyerVol3.replace(" K", ""): null

2024-01-22 18:38:49 - [TEST_STEP][PASSED] - strBuyerVol3 = strBuyerVol3.toDouble() * 1000: null

2024-01-22 18:38:49 - [TEST_STEP][PASSED] - if (verifyElementNotPresent(findTestObject("Stockbit/Bandarmology_Seller3"), 1, OPTIONAL)): Web element with id: 'Object Repository/Stockbit/Bandarmology_Seller3' located by 'By.xpath: //*[contains(@id, 'rc-tabs-')]/div[2]/div/div/div/div/div/div[2]/table/tbody/tr[4]/td[5]/p' is present after '1' second(s) (Root cause: com.kms.katalon.core.exception.StepFailedException: Web element with id: 'Object Repository/Stockbit/Bandarmology_Seller3' located by 'By.xpath: //*[contains(@id, 'rc-tabs-')]/div[2]/div/div/div/div/div/div[2]/table/tbody/tr[4]/td[5]/p' is present after '1' second(s)
	at com.kms.katalon.core.webui.keyword.internal.WebUIKeywordMain.stepFailed(WebUIKeywordMain.groovy:64)
	at com.kms.katalon.core.webui.keyword.internal.WebUIKeywordMain$stepFailed$0.call(Unknown Source)
	at com.kms.katalon.core.webui.keyword.builtin.VerifyElementNotPresentKeyword$_verifyElementNotPresent_closure1.doCall(VerifyElementNotPresentKeyword.groovy:106)
	at com.kms.katalon.core.webui.keyword.builtin.VerifyElementNotPresentKeyword$_verifyElementNotPresent_closure1.doCall(VerifyElementNotPresentKeyword.groovy)
	at com.kms.katalon.core.webui.keyword.internal.WebUIKeywordMain.runKeyword(WebUIKeywordMain.groovy:20)
	at com.kms.katalon.core.webui.keyword.internal.WebUIKeywordMain$runKeyword.call(Unknown Source)
	at com.kms.katalon.core.webui.keyword.builtin.VerifyElementNotPresentKeyword.verifyElementNotPresent(VerifyElementNotPresentKeyword.groovy:117)
	at com.kms.katalon.core.webui.keyword.builtin.VerifyElementNotPresentKeyword.execute(VerifyElementNotPresentKeyword.groovy:68)
	at com.kms.katalon.core.keyword.internal.KeywordExecutor.executeKeywordForPlatform(KeywordExecutor.groovy:74)
	at com.kms.katalon.core.webui.keyword.WebUiBuiltInKeywords.verifyElementNotPresent(WebUiBuiltInKeywords.groovy:1481)
	at com.kms.katalon.core.webui.keyword.WebUiBuiltInKeywords$verifyElementNotPresent$8.call(Unknown Source)
	at GetBrokSumPriceDaily.run(GetBrokSumPriceDaily:414)
	at com.kms.katalon.core.main.ScriptEngine.run(ScriptEngine.java:194)
	at com.kms.katalon.core.main.ScriptEngine.runScriptAsRawText(ScriptEngine.java:119)
	at com.kms.katalon.core.main.TestCaseExecutor.runScript(TestCaseExecutor.java:445)
	at com.kms.katalon.core.main.TestCaseExecutor.doExecute(TestCaseExecutor.java:436)
	at com.kms.katalon.core.main.TestCaseExecutor.processExecutionPhase(TestCaseExecutor.java:415)
	at com.kms.katalon.core.main.TestCaseExecutor.accessMainPhase(TestCaseExecutor.java:407)
	at com.kms.katalon.core.main.TestCaseExecutor.execute(TestCaseExecutor.java:284)
	at com.kms.katalon.core.common.CommonExecutor.accessTestCaseMainPhase(CommonExecutor.java:65)
	at com.kms.katalon.core.main.TestSuiteExecutor.accessTestSuiteMainPhase(TestSuiteExecutor.java:144)
	at com.kms.katalon.core.main.TestSuiteExecutor.execute(TestSuiteExecutor.java:106)
	at com.kms.katalon.core.main.TestCaseMain.startTestSuite(TestCaseMain.java:185)
	at com.kms.katalon.core.main.TestCaseMain$startTestSuite$0.call(Unknown Source)
	at TempTestSuite1705923140048.run(TempTestSuite1705923140048.groovy:36)
)

2024-01-22 18:38:51 - [MESSAGE][WARNING] - Web element with id: 'Object Repository/Stockbit/Bandarmology_Seller3' located by 'By.xpath: //*[contains(@id, 'rc-tabs-')]/div[2]/div/div/div/div/div/div[2]/table/tbody/tr[4]/td[5]/p' is present after '1' second(s) (Root cause: com.kms.katalon.core.exception.StepFailedException: Web element with id: 'Object Repository/Stockbit/Bandarmology_Seller3' located by 'By.xpath: //*[contains(@id, 'rc-tabs-')]/div[2]/div/div/div/div/div/div[2]/table/tbody/tr[4]/td[5]/p' is present after '1' second(s)
	at com.kms.katalon.core.webui.keyword.internal.WebUIKeywordMain.stepFailed(WebUIKeywordMain.groovy:64)
	at com.kms.katalon.core.webui.keyword.internal.WebUIKeywordMain$stepFailed$0.call(Unknown Source)
	at com.kms.katalon.core.webui.keyword.builtin.VerifyElementNotPresentKeyword$_verifyElementNotPresent_closure1.doCall(VerifyElementNotPresentKeyword.groovy:106)
	at com.kms.katalon.core.webui.keyword.builtin.VerifyElementNotPresentKeyword$_verifyElementNotPresent_closure1.doCall(VerifyElementNotPresentKeyword.groovy)
	at com.kms.katalon.core.webui.keyword.internal.WebUIKeywordMain.runKeyword(WebUIKeywordMain.groovy:20)
	at com.kms.katalon.core.webui.keyword.internal.WebUIKeywordMain$runKeyword.call(Unknown Source)
	at com.kms.katalon.core.webui.keyword.builtin.VerifyElementNotPresentKeyword.verifyElementNotPresent(VerifyElementNotPresentKeyword.groovy:117)
	at com.kms.katalon.core.webui.keyword.builtin.VerifyElementNotPresentKeyword.execute(VerifyElementNotPresentKeyword.groovy:68)
	at com.kms.katalon.core.keyword.internal.KeywordExecutor.executeKeywordForPlatform(KeywordExecutor.groovy:74)
	at com.kms.katalon.core.webui.keyword.WebUiBuiltInKeywords.verifyElementNotPresent(WebUiBuiltInKeywords.groovy:1481)
	at com.kms.katalon.core.webui.keyword.WebUiBuiltInKeywords$verifyElementNotPresent$8.call(Unknown Source)
	at GetBrokSumPriceDaily.run(GetBrokSumPriceDaily:414)
	at com.kms.katalon.core.main.ScriptEngine.run(ScriptEngine.java:194)
	at com.kms.katalon.core.main.ScriptEngine.runScriptAsRawText(ScriptEngine.java:119)
	at com.kms.katalon.core.main.TestCaseExecutor.runScript(TestCaseExecutor.java:445)
	at com.kms.katalon.core.main.TestCaseExecutor.doExecute(TestCaseExecutor.java:436)
	at com.kms.katalon.core.main.TestCaseExecutor.processExecutionPhase(TestCaseExecutor.java:415)
	at com.kms.katalon.core.main.TestCaseExecutor.accessMainPhase(TestCaseExecutor.java:407)
	at com.kms.katalon.core.main.TestCaseExecutor.execute(TestCaseExecutor.java:284)
	at com.kms.katalon.core.common.CommonExecutor.accessTestCaseMainPhase(CommonExecutor.java:65)
	at com.kms.katalon.core.main.TestSuiteExecutor.accessTestSuiteMainPhase(TestSuiteExecutor.java:144)
	at com.kms.katalon.core.main.TestSuiteExecutor.execute(TestSuiteExecutor.java:106)
	at com.kms.katalon.core.main.TestCaseMain.startTestSuite(TestCaseMain.java:185)
	at com.kms.katalon.core.main.TestCaseMain$startTestSuite$0.call(Unknown Source)
	at TempTestSuite1705923140048.run(TempTestSuite1705923140048.groovy:36)
)
[[ATTACHMENT|C:\\Users\\Fadli\\git\\KatalonDailyGetData2\\Reports\\20240122_174123\\TS1\\20240122_183220\\1705923530977.png]]

2024-01-22 18:38:51 - [TEST_STEP][PASSED] - else: null

2024-01-22 18:38:51 - [TEST_STEP][PASSED] - strSeller3 = getText(findTestObject("Stockbit/Bandarmology_Seller3")): Text of object 'Object Repository/Stockbit/Bandarmology_Seller3' is: 'YP'

2024-01-22 18:38:51 - [MESSAGE][PASSED] - Text of object 'Object Repository/Stockbit/Bandarmology_Seller3' is: 'YP'

2024-01-22 18:38:51 - [TEST_STEP][PASSED] - strSellerVol3 = getText(findTestObject("Stockbit/Bandarmology_SellerVol3")): Text of object 'Object Repository/Stockbit/Bandarmology_SellerVol3' is: '2.8 K'

2024-01-22 18:38:51 - [MESSAGE][PASSED] - Text of object 'Object Repository/Stockbit/Bandarmology_SellerVol3' is: '2.8 K'

2024-01-22 18:38:51 - [TEST_STEP][PASSED] - strSellerAvg3 = getText(findTestObject("Stockbit/Bandarmology_SellerAvg3")): Text of object 'Object Repository/Stockbit/Bandarmology_SellerAvg3' is: '309'

2024-01-22 18:38:51 - [MESSAGE][PASSED] - Text of object 'Object Repository/Stockbit/Bandarmology_SellerAvg3' is: '309'

2024-01-22 18:38:51 - [TEST_STEP][PASSED] - if (strSeller3 != ""): null

2024-01-22 18:38:51 - [TEST_STEP][PASSED] - if (strSellerAvg3.contains(",")): null

2024-01-22 18:38:51 - [TEST_STEP][PASSED] - if (strSellerVol3.contains(" B")): null

2024-01-22 18:38:51 - [TEST_STEP][PASSED] - else if (strSellerVol3.contains(" M")): null

2024-01-22 18:38:51 - [TEST_STEP][PASSED] - else if (strSellerVol3.contains(" K")): null

2024-01-22 18:38:51 - [TEST_STEP][PASSED] - strSellerVol3 = strSellerVol3.replace(" K", ""): null

2024-01-22 18:38:51 - [TEST_STEP][PASSED] - strSellerVol3 = strSellerVol3.toDouble() * 1000: null

2024-01-22 18:38:51 - [TEST_STEP][PASSED] - strAccDist = getText(findTestObject("Stockbit/Bandarmology_AccDist")): Text of object 'Object Repository/Stockbit/Bandarmology_AccDist' is: 'Dist'

2024-01-22 18:38:51 - [MESSAGE][PASSED] - Text of object 'Object Repository/Stockbit/Bandarmology_AccDist' is: 'Dist'

2024-01-22 18:38:51 - [TEST_STEP][PASSED] - strNetVol = getText(findTestObject("Stockbit/Bandarmology_NetVol")): Text of object 'Object Repository/Stockbit/Bandarmology_NetVol' is: '59,199'

2024-01-22 18:38:51 - [MESSAGE][PASSED] - Text of object 'Object Repository/Stockbit/Bandarmology_NetVol' is: '59,199'

2024-01-22 18:38:51 - [TEST_STEP][PASSED] - strNetVol = strNetVol.replace(",", ""): null

2024-01-22 18:38:51 - [TEST_STEP][PASSED] - strNetVal = getText(findTestObject("Stockbit/Bandarmology_NetVal")): Text of object 'Object Repository/Stockbit/Bandarmology_NetVal' is: '1.8 B'

2024-01-22 18:38:51 - [MESSAGE][PASSED] - Text of object 'Object Repository/Stockbit/Bandarmology_NetVal' is: '1.8 B'

2024-01-22 18:38:51 - [TEST_STEP][PASSED] - delay(3): Delayed 3 second(s)

2024-01-22 18:38:54 - [MESSAGE][PASSED] - Delayed 3 second(s)

2024-01-22 18:38:54 - [TEST_STEP][PASSED] - strOpenPrice = getText(findTestObject("Stockbit/Home_OpenPrice")): Text of object 'Object Repository/Stockbit/Home_OpenPrice' is: '306'

2024-01-22 18:38:54 - [MESSAGE][PASSED] - Text of object 'Object Repository/Stockbit/Home_OpenPrice' is: '306'

2024-01-22 18:38:54 - [TEST_STEP][PASSED] - strOpenPrice = strOpenPrice.replace(",", ""): null

2024-01-22 18:38:54 - [TEST_STEP][PASSED] - strLowPrice = getText(findTestObject("Stockbit/Home_LowPrice")): Text of object 'Object Repository/Stockbit/Home_LowPrice' is: '306'

2024-01-22 18:38:55 - [MESSAGE][PASSED] - Text of object 'Object Repository/Stockbit/Home_LowPrice' is: '306'

2024-01-22 18:38:55 - [TEST_STEP][PASSED] - strLowPrice = strLowPrice.replace(",", ""): null

2024-01-22 18:38:55 - [TEST_STEP][PASSED] - strHighPrice = getText(findTestObject("Stockbit/Home_HighPrice")): Text of object 'Object Repository/Stockbit/Home_HighPrice' is: '316'

2024-01-22 18:38:55 - [MESSAGE][PASSED] - Text of object 'Object Repository/Stockbit/Home_HighPrice' is: '316'

2024-01-22 18:38:55 - [TEST_STEP][PASSED] - strHighPrice = strHighPrice.replace(",", ""): null

2024-01-22 18:38:55 - [TEST_STEP][PASSED] - strClosePrice = getText(findTestObject("Stockbit/Home_ClosePrice")): Text of object 'Object Repository/Stockbit/Home_ClosePrice' is: '310'

2024-01-22 18:38:55 - [MESSAGE][PASSED] - Text of object 'Object Repository/Stockbit/Home_ClosePrice' is: '310'

2024-01-22 18:38:55 - [TEST_STEP][PASSED] - strClosePrice = strClosePrice.replace(",", ""): null

2024-01-22 18:38:55 - [TEST_STEP][PASSED] - strVol = getText(findTestObject("Stockbit/Home_Volume")): Text of object 'Object Repository/Stockbit/Home_Volume' is: '70 K'

2024-01-22 18:38:55 - [MESSAGE][PASSED] - Text of object 'Object Repository/Stockbit/Home_Volume' is: '70 K'

2024-01-22 18:38:55 - [TEST_STEP][PASSED] - if (strVol.contains(" K")): null

2024-01-22 18:38:55 - [TEST_STEP][PASSED] - strVol = strVol.replace(" K", "000"): null

2024-01-22 18:38:55 - [TEST_STEP][PASSED] - if (strVol.contains(",")): null

2024-01-22 18:38:55 - [TEST_STEP][PASSED] - strChange = getText(findTestObject("Stockbit/Home_Change")): Text of object 'Object Repository/Stockbit/Home_Change' is: '1.31%'

2024-01-22 18:38:55 - [MESSAGE][PASSED] - Text of object 'Object Repository/Stockbit/Home_Change' is: '1.31%'

2024-01-22 18:38:55 - [TEST_STEP][PASSED] - strChange = strChange.replace("%", ""): null

2024-01-22 18:38:55 - [TEST_STEP][PASSED] - strFreq = getText(findTestObject("Stockbit/Home_Freq")): Text of object 'Object Repository/Stockbit/Home_Freq' is: '460'

2024-01-22 18:38:55 - [MESSAGE][PASSED] - Text of object 'Object Repository/Stockbit/Home_Freq' is: '460'

2024-01-22 18:38:55 - [TEST_STEP][PASSED] - if (strFreq.contains(",")): null

2024-01-22 18:38:55 - [TEST_STEP][PASSED] - if (strFreq == "NA" || strFreq == ""): null

2024-01-22 18:38:55 - [TEST_STEP][PASSED] - else: null

2024-01-22 18:38:55 - [TEST_STEP][PASSED] - dblFreqAnal = strVol.toDouble() / strFreq.toDouble() * strFreq.toDouble() * strFreq.toDouble() * 100000000: null

2024-01-22 18:38:55 - [TEST_STEP][PASSED] - strFreqAnal = String.format("%.4f", dblFreqAnal): null

2024-01-22 18:38:55 - [TEST_STEP][PASSED] - out.println("Double strFreqAnal: " + strFreqAnal): null

2024-01-22 18:38:55 - [TEST_STEP][PASSED] - strTanggal = d.format(DateTimeFormatter.ofPattern("yyyy-MM-dd")): null

2024-01-22 18:38:55 - [TEST_STEP][PASSED] - strTanggal = "#" + strTanggal + "#": null

2024-01-22 18:38:55 - [TEST_STEP][PASSED] - strSQL = "select count(*) as JumBaris from TblBrokSum where Nama = '" + strNama + "' and Tanggal = " + strTanggal + "": null

2024-01-22 18:38:55 - [TEST_STEP][PASSED] - resultSet = statement.executeQuery(strSQL): null

2024-01-22 18:38:55 - [TEST_STEP][PASSED] - resultSet.next(): null

2024-01-22 18:38:55 - [TEST_STEP][PASSED] - intJumBaris = resultSet.getInt("JumBaris"): null

2024-01-22 18:38:55 - [TEST_STEP][PASSED] - if (intJumBaris > 0): null

2024-01-22 18:38:55 - [TEST_STEP][PASSED] - else: null

2024-01-22 18:38:55 - [TEST_STEP][PASSED] - try: null

2024-01-22 18:38:55 - [TEST_STEP][PASSED] - out.println("Insert data"): null

2024-01-22 18:38:55 - [TEST_STEP][PASSED] - strSQL = "insert into TblBrokSum (nama, tanggal, top1, top2, top3, AllBrokAvg, AccDist, AvgRP, " + "Buyer1, BuyerVal1, BuyerAvg1, Seller1, SellerVal1, SellerAvg1, Buyer2, BuyerVal2, BuyerAvg2, " + "Seller2, SellerVal2, SellerAvg2, Buyer3, BuyerVal3, BuyerAvg3, Seller3, SellerVal3, SellerAvg3, NetVol, NetVal, " + "OpenPrice, LowPrice, HighPrice, ClosePrice, Volume, Change, Frekuensi, FrekAnal) " + "values ('" + strNama + "', " + strTanggal + ", '" + strTop1 + "', '" + strTop3 + "', '" + strTop5 + "', " + "'" + strAllBrokAvg + "', '" + strAccDist + "', " + intAvgRP + ", '" + strBuyer1 + "', '" + strBuyerVol1 + "', " + strBuyerAvg1 + ", " + "'" + strSeller1 + "', '" + strSellerVol1 + "', " + strSellerAvg1 + ", '" + strBuyer2 + "', '" + strBuyerVol2 + "', " + strBuyerAvg2 + ", " + "'" + strSeller2 + "', '" + strSellerVol2 + "', " + strSellerAvg2 + ", '" + strBuyer3 + "', '" + strBuyerVol3 + "', " + strBuyerAvg3 + ", " + "'" + strSeller3 + "', '" + strSellerVol3 + "', " + strSellerAvg3 + ", " + strNetVol + ", '" + strNetVal + "', " + "" + strOpenPrice + ", " + strLowPrice + ", " + strHighPrice + ", " + strClosePrice + ", '" + strVol + "', " + strChange + ", " + strFreq + ", " + strFreqAnal + ");": null

2024-01-22 18:38:55 - [TEST_STEP][PASSED] - out.println("strSQL = " + strSQL): null

2024-01-22 18:38:55 - [TEST_STEP][PASSED] - statement.executeUpdate(strSQL): null

2024-01-22 18:38:55 - [TEST_STEP][PASSED] - setValueToCellByIndex(sheet01, rowIndex, 4, "DONE"): null

2024-01-22 18:38:55 - [TEST_STEP][PASSED] - saveWorkbook(excelFilePath, workbook01): null

2024-01-22 18:38:55 - [TEST_STEP][PASSED] - waitForElementClickable(findTestObject("Stockbit/menu_Bandarmology"), 10): Object 'Object Repository/Stockbit/menu_Bandarmology' is clickable

2024-01-22 18:38:55 - [MESSAGE][PASSED] - Object 'Object Repository/Stockbit/menu_Bandarmology' is clickable

2024-01-22 18:38:55 - [TEST_STEP][PASSED] - click(findTestObject("Stockbit/menu_Bandarmology")): Object: 'Object Repository/Stockbit/menu_Bandarmology' is clicked on

2024-01-22 18:38:56 - [MESSAGE][PASSED] - Object: 'Object Repository/Stockbit/menu_Bandarmology' is clicked on

2024-01-22 18:38:56 - [TEST_STEP][PASSED] - strTemp = "NA": null

2024-01-22 18:38:56 - [TEST_STEP][PASSED] - if (getCellValueByIndex(sheet01, rowIndex, 4) != "DONE"): Object: 'Object Repository/Stockbit/menu_Bandarmology' is clicked on

2024-01-22 18:38:56 - [TEST_STEP][PASSED] - strNama = getCellValueByIndex(sheet01, rowIndex, 0): null

2024-01-22 18:38:56 - [TEST_STEP][PASSED] - navigateToUrl("https://stockbit.com/#/symbol/" + strNama): Navigate to 'https://stockbit.com/#/symbol/BPTR' successfully

2024-01-22 18:38:57 - [MESSAGE][PASSED] - Navigate to 'https://stockbit.com/#/symbol/BPTR' successfully

2024-01-22 18:38:57 - [TEST_STEP][PASSED] - waitForElementClickable(findTestObject("Stockbit/menu_Bandarmology"), 10): Object 'Object Repository/Stockbit/menu_Bandarmology' is clickable

2024-01-22 18:38:58 - [MESSAGE][PASSED] - Object 'Object Repository/Stockbit/menu_Bandarmology' is clickable

2024-01-22 18:38:58 - [TEST_STEP][PASSED] - click(findTestObject("Stockbit/menu_Bandarmology")): Object: 'Object Repository/Stockbit/menu_Bandarmology' is clicked on

2024-01-22 18:38:58 - [MESSAGE][PASSED] - Object: 'Object Repository/Stockbit/menu_Bandarmology' is clicked on

2024-01-22 18:38:58 - [TEST_STEP][PASSED] - strTanggal = d.format(DateTimeFormatter.ofPattern("MMM dd, yyyy")): null

2024-01-22 18:38:58 - [TEST_STEP][PASSED] - strTanggal = d.format(ISO_DATE): null

2024-01-22 18:38:58 - [TEST_STEP][PASSED] - out.println("strTanggal = " + strTanggal): null

2024-01-22 18:38:58 - [TEST_STEP][PASSED] - out.println("strNama = " + strNama): null

2024-01-22 18:38:58 - [TEST_STEP][PASSED] - out.println("Baris ke = " + rowIndex): null

2024-01-22 18:38:58 - [TEST_STEP][PASSED] - click(findTestObject("Stockbit/input__BandarmologyOpenStartDate")): Object: 'Object Repository/Stockbit/input__BandarmologyOpenStartDate' is clicked on

2024-01-22 18:39:00 - [MESSAGE][PASSED] - Object: 'Object Repository/Stockbit/input__BandarmologyOpenStartDate' is clicked on

2024-01-22 18:39:00 - [TEST_STEP][PASSED] - sendKeys(findTestObject("Stockbit/input__BandarmologyOpenStartDate"), Keys.chord(CONTROL, "a")): Keys 'CONTROL + a' sent to object: 'Object Repository/Stockbit/input__BandarmologyOpenStartDate'

2024-01-22 18:39:00 - [MESSAGE][PASSED] - Keys 'CONTROL + a' sent to object: 'Object Repository/Stockbit/input__BandarmologyOpenStartDate'

2024-01-22 18:39:00 - [TEST_STEP][PASSED] - sendKeys(findTestObject("Stockbit/input__BandarmologyOpenStartDate"), Keys.chord(BACK_SPACE)): Keys 'BACK_SPACE + ' sent to object: 'Object Repository/Stockbit/input__BandarmologyOpenStartDate'

2024-01-22 18:39:01 - [MESSAGE][PASSED] - Keys 'BACK_SPACE + ' sent to object: 'Object Repository/Stockbit/input__BandarmologyOpenStartDate'

2024-01-22 18:39:01 - [TEST_STEP][PASSED] - setText(findTestObject("Stockbit/input__BandarmologyOpenStartDate"), strTanggal): Text '2024-01-22' is set on object 'Object Repository/Stockbit/input__BandarmologyOpenStartDate'

2024-01-22 18:39:02 - [MESSAGE][PASSED] - Text '2024-01-22' is set on object 'Object Repository/Stockbit/input__BandarmologyOpenStartDate'

2024-01-22 18:39:02 - [TEST_STEP][PASSED] - sendKeys(findTestObject("Stockbit/input__BandarmologyOpenStartDate"), Keys.chord(ENTER)): Keys 'ENTER + ' sent to object: 'Object Repository/Stockbit/input__BandarmologyOpenStartDate'

2024-01-22 18:39:02 - [MESSAGE][PASSED] - Keys 'ENTER + ' sent to object: 'Object Repository/Stockbit/input__BandarmologyOpenStartDate'

2024-01-22 18:39:02 - [TEST_STEP][PASSED] - click(findTestObject("Stockbit/input__BandarmologyOpenEndDate")): Object: 'Object Repository/Stockbit/input__BandarmologyOpenEndDate' is clicked on

2024-01-22 18:39:03 - [MESSAGE][PASSED] - Object: 'Object Repository/Stockbit/input__BandarmologyOpenEndDate' is clicked on

2024-01-22 18:39:03 - [TEST_STEP][PASSED] - sendKeys(findTestObject("Stockbit/input__BandarmologyOpenEndDate"), Keys.chord(CONTROL, "a")): Keys 'CONTROL + a' sent to object: 'Object Repository/Stockbit/input__BandarmologyOpenEndDate'

2024-01-22 18:39:03 - [MESSAGE][PASSED] - Keys 'CONTROL + a' sent to object: 'Object Repository/Stockbit/input__BandarmologyOpenEndDate'

2024-01-22 18:39:03 - [TEST_STEP][PASSED] - sendKeys(findTestObject("Stockbit/input__BandarmologyOpenEndDate"), Keys.chord(BACK_SPACE)): Keys 'BACK_SPACE + ' sent to object: 'Object Repository/Stockbit/input__BandarmologyOpenEndDate'

2024-01-22 18:39:04 - [MESSAGE][PASSED] - Keys 'BACK_SPACE + ' sent to object: 'Object Repository/Stockbit/input__BandarmologyOpenEndDate'

2024-01-22 18:39:04 - [TEST_STEP][PASSED] - setText(findTestObject("Stockbit/input__BandarmologyOpenEndDate"), strTanggal): Text '2024-01-22' is set on object 'Object Repository/Stockbit/input__BandarmologyOpenEndDate'

2024-01-22 18:39:04 - [MESSAGE][PASSED] - Text '2024-01-22' is set on object 'Object Repository/Stockbit/input__BandarmologyOpenEndDate'

2024-01-22 18:39:04 - [TEST_STEP][PASSED] - sendKeys(findTestObject("Stockbit/input__BandarmologyOpenEndDate"), Keys.chord(ENTER)): Keys 'ENTER + ' sent to object: 'Object Repository/Stockbit/input__BandarmologyOpenEndDate'

2024-01-22 18:39:05 - [MESSAGE][PASSED] - Keys 'ENTER + ' sent to object: 'Object Repository/Stockbit/input__BandarmologyOpenEndDate'

2024-01-22 18:39:05 - [TEST_STEP][PASSED] - delay(2): Delayed 2 second(s)

2024-01-22 18:39:07 - [MESSAGE][PASSED] - Delayed 2 second(s)

2024-01-22 18:39:07 - [TEST_STEP][PASSED] - strTemp = getText(findTestObject("Stockbit/Bandarmology_AvgRP")): Text of object 'Object Repository/Stockbit/Bandarmology_AvgRP' is: '88'

2024-01-22 18:39:07 - [MESSAGE][PASSED] - Text of object 'Object Repository/Stockbit/Bandarmology_AvgRP' is: '88'

2024-01-22 18:39:07 - [TEST_STEP][PASSED] - out.println("Bandarmology_AvgRP = " + strTemp): null

2024-01-22 18:39:07 - [TEST_STEP][PASSED] - if (strTemp != "0"): null

2024-01-22 18:39:07 - [TEST_STEP][PASSED] - strTop1 = getText(findTestObject("Stockbit/Bandarmology_Top1")): Text of object 'Object Repository/Stockbit/Bandarmology_Top1' is: 'Big Dist'

2024-01-22 18:39:07 - [MESSAGE][PASSED] - Text of object 'Object Repository/Stockbit/Bandarmology_Top1' is: 'Big Dist'

2024-01-22 18:39:07 - [TEST_STEP][PASSED] - strTop3 = getText(findTestObject("Stockbit/Bandarmology_Top3")): Text of object 'Object Repository/Stockbit/Bandarmology_Top3' is: 'Big Dist'

2024-01-22 18:39:07 - [MESSAGE][PASSED] - Text of object 'Object Repository/Stockbit/Bandarmology_Top3' is: 'Big Dist'

2024-01-22 18:39:07 - [TEST_STEP][PASSED] - strTop5 = getText(findTestObject("Stockbit/Bandarmology_Top5")): Text of object 'Object Repository/Stockbit/Bandarmology_Top5' is: 'Big Dist'

2024-01-22 18:39:07 - [MESSAGE][PASSED] - Text of object 'Object Repository/Stockbit/Bandarmology_Top5' is: 'Big Dist'

2024-01-22 18:39:07 - [TEST_STEP][PASSED] - strAllBrokAvg = getText(findTestObject("Stockbit/Bandarmology_TopAVG")): Text of object 'Object Repository/Stockbit/Bandarmology_TopAVG' is: 'Big Dist'

2024-01-22 18:39:08 - [MESSAGE][PASSED] - Text of object 'Object Repository/Stockbit/Bandarmology_TopAVG' is: 'Big Dist'

2024-01-22 18:39:08 - [TEST_STEP][PASSED] - strTemp = getText(findTestObject("Stockbit/Bandarmology_AvgRP")): Text of object 'Object Repository/Stockbit/Bandarmology_AvgRP' is: '88'

2024-01-22 18:39:08 - [MESSAGE][PASSED] - Text of object 'Object Repository/Stockbit/Bandarmology_AvgRP' is: '88'

2024-01-22 18:39:08 - [TEST_STEP][PASSED] - if (strTemp.contains(",")): null

2024-01-22 18:39:08 - [TEST_STEP][PASSED] - intAvgRP = strTemp.toInteger(): null

2024-01-22 18:39:08 - [TEST_STEP][PASSED] - strBuyer1 = getText(findTestObject("Stockbit/Bandarmology_Buyer1")): Text of object 'Object Repository/Stockbit/Bandarmology_Buyer1' is: 'CC'

2024-01-22 18:39:08 - [MESSAGE][PASSED] - Text of object 'Object Repository/Stockbit/Bandarmology_Buyer1' is: 'CC'

2024-01-22 18:39:08 - [TEST_STEP][PASSED] - strBuyerVol1 = getText(findTestObject("Stockbit/Bandarmology_BuyerVol1")): Text of object 'Object Repository/Stockbit/Bandarmology_BuyerVol1' is: '3.9 K'

2024-01-22 18:39:08 - [MESSAGE][PASSED] - Text of object 'Object Repository/Stockbit/Bandarmology_BuyerVol1' is: '3.9 K'

2024-01-22 18:39:08 - [TEST_STEP][PASSED] - strBuyerAvg1 = getText(findTestObject("Stockbit/Bandarmology_BuyerAvg1")): Text of object 'Object Repository/Stockbit/Bandarmology_BuyerAvg1' is: '88'

2024-01-22 18:39:08 - [MESSAGE][PASSED] - Text of object 'Object Repository/Stockbit/Bandarmology_BuyerAvg1' is: '88'

2024-01-22 18:39:08 - [TEST_STEP][PASSED] - if (strBuyerAvg1.contains(",")): null

2024-01-22 18:39:08 - [TEST_STEP][PASSED] - if (strBuyerVol1.contains(" B")): null

2024-01-22 18:39:08 - [TEST_STEP][PASSED] - else if (strBuyerVol1.contains(" M")): null

2024-01-22 18:39:08 - [TEST_STEP][PASSED] - else if (strBuyerVol1.contains(" K")): null

2024-01-22 18:39:08 - [TEST_STEP][PASSED] - strBuyerVol1 = strBuyerVol1.replace(" K", ""): null

2024-01-22 18:39:08 - [TEST_STEP][PASSED] - strBuyerVol1 = strBuyerVol1.toDouble() * 1000: null

2024-01-22 18:39:08 - [TEST_STEP][PASSED] - strSeller1 = getText(findTestObject("Stockbit/Bandarmology_Seller1")): Text of object 'Object Repository/Stockbit/Bandarmology_Seller1' is: 'DR'

2024-01-22 18:39:09 - [MESSAGE][PASSED] - Text of object 'Object Repository/Stockbit/Bandarmology_Seller1' is: 'DR'

2024-01-22 18:39:09 - [TEST_STEP][PASSED] - strSellerVol1 = getText(findTestObject("Stockbit/Bandarmology_SellerVol1")): Text of object 'Object Repository/Stockbit/Bandarmology_SellerVol1' is: '6.3 K'

2024-01-22 18:39:09 - [MESSAGE][PASSED] - Text of object 'Object Repository/Stockbit/Bandarmology_SellerVol1' is: '6.3 K'

2024-01-22 18:39:09 - [TEST_STEP][PASSED] - strSellerAvg1 = getText(findTestObject("Stockbit/Bandarmology_SellerAvg1")): Text of object 'Object Repository/Stockbit/Bandarmology_SellerAvg1' is: '88'

2024-01-22 18:39:09 - [MESSAGE][PASSED] - Text of object 'Object Repository/Stockbit/Bandarmology_SellerAvg1' is: '88'

2024-01-22 18:39:09 - [TEST_STEP][PASSED] - if (strSellerAvg1.contains(",")): null

2024-01-22 18:39:09 - [TEST_STEP][PASSED] - if (strSellerVol1.contains(" B")): null

2024-01-22 18:39:09 - [TEST_STEP][PASSED] - else if (strSellerVol1.contains(" M")): null

2024-01-22 18:39:09 - [TEST_STEP][PASSED] - else if (strSellerVol1.contains(" K")): null

2024-01-22 18:39:09 - [TEST_STEP][PASSED] - strSellerVol1 = strSellerVol1.replace(" K", ""): null

2024-01-22 18:39:09 - [TEST_STEP][PASSED] - strSellerVol1 = strSellerVol1.toDouble() * 1000: null

2024-01-22 18:39:09 - [TEST_STEP][PASSED] - if (verifyElementNotPresent(findTestObject("Stockbit/Bandarmology_Buyer2"), 1, OPTIONAL)): Web element with id: 'Object Repository/Stockbit/Bandarmology_Buyer2' located by 'By.xpath: //*[contains(@id, 'rc-tabs-')]/div[2]/div/div/div/div/div/div[2]/table/tbody/tr[3]/td[1]/p' is present after '1' second(s) (Root cause: com.kms.katalon.core.exception.StepFailedException: Web element with id: 'Object Repository/Stockbit/Bandarmology_Buyer2' located by 'By.xpath: //*[contains(@id, 'rc-tabs-')]/div[2]/div/div/div/div/div/div[2]/table/tbody/tr[3]/td[1]/p' is present after '1' second(s)
	at com.kms.katalon.core.webui.keyword.internal.WebUIKeywordMain.stepFailed(WebUIKeywordMain.groovy:64)
	at com.kms.katalon.core.webui.keyword.internal.WebUIKeywordMain$stepFailed$0.call(Unknown Source)
	at com.kms.katalon.core.webui.keyword.builtin.VerifyElementNotPresentKeyword$_verifyElementNotPresent_closure1.doCall(VerifyElementNotPresentKeyword.groovy:106)
	at com.kms.katalon.core.webui.keyword.builtin.VerifyElementNotPresentKeyword$_verifyElementNotPresent_closure1.doCall(VerifyElementNotPresentKeyword.groovy)
	at com.kms.katalon.core.webui.keyword.internal.WebUIKeywordMain.runKeyword(WebUIKeywordMain.groovy:20)
	at com.kms.katalon.core.webui.keyword.internal.WebUIKeywordMain$runKeyword.call(Unknown Source)
	at com.kms.katalon.core.webui.keyword.builtin.VerifyElementNotPresentKeyword.verifyElementNotPresent(VerifyElementNotPresentKeyword.groovy:117)
	at com.kms.katalon.core.webui.keyword.builtin.VerifyElementNotPresentKeyword.execute(VerifyElementNotPresentKeyword.groovy:68)
	at com.kms.katalon.core.keyword.internal.KeywordExecutor.executeKeywordForPlatform(KeywordExecutor.groovy:74)
	at com.kms.katalon.core.webui.keyword.WebUiBuiltInKeywords.verifyElementNotPresent(WebUiBuiltInKeywords.groovy:1481)
	at com.kms.katalon.core.webui.keyword.WebUiBuiltInKeywords$verifyElementNotPresent$8.call(Unknown Source)
	at GetBrokSumPriceDaily.run(GetBrokSumPriceDaily:258)
	at com.kms.katalon.core.main.ScriptEngine.run(ScriptEngine.java:194)
	at com.kms.katalon.core.main.ScriptEngine.runScriptAsRawText(ScriptEngine.java:119)
	at com.kms.katalon.core.main.TestCaseExecutor.runScript(TestCaseExecutor.java:445)
	at com.kms.katalon.core.main.TestCaseExecutor.doExecute(TestCaseExecutor.java:436)
	at com.kms.katalon.core.main.TestCaseExecutor.processExecutionPhase(TestCaseExecutor.java:415)
	at com.kms.katalon.core.main.TestCaseExecutor.accessMainPhase(TestCaseExecutor.java:407)
	at com.kms.katalon.core.main.TestCaseExecutor.execute(TestCaseExecutor.java:284)
	at com.kms.katalon.core.common.CommonExecutor.accessTestCaseMainPhase(CommonExecutor.java:65)
	at com.kms.katalon.core.main.TestSuiteExecutor.accessTestSuiteMainPhase(TestSuiteExecutor.java:144)
	at com.kms.katalon.core.main.TestSuiteExecutor.execute(TestSuiteExecutor.java:106)
	at com.kms.katalon.core.main.TestCaseMain.startTestSuite(TestCaseMain.java:185)
	at com.kms.katalon.core.main.TestCaseMain$startTestSuite$0.call(Unknown Source)
	at TempTestSuite1705923140048.run(TempTestSuite1705923140048.groovy:36)
)

2024-01-22 18:39:10 - [MESSAGE][WARNING] - Web element with id: 'Object Repository/Stockbit/Bandarmology_Buyer2' located by 'By.xpath: //*[contains(@id, 'rc-tabs-')]/div[2]/div/div/div/div/div/div[2]/table/tbody/tr[3]/td[1]/p' is present after '1' second(s) (Root cause: com.kms.katalon.core.exception.StepFailedException: Web element with id: 'Object Repository/Stockbit/Bandarmology_Buyer2' located by 'By.xpath: //*[contains(@id, 'rc-tabs-')]/div[2]/div/div/div/div/div/div[2]/table/tbody/tr[3]/td[1]/p' is present after '1' second(s)
	at com.kms.katalon.core.webui.keyword.internal.WebUIKeywordMain.stepFailed(WebUIKeywordMain.groovy:64)
	at com.kms.katalon.core.webui.keyword.internal.WebUIKeywordMain$stepFailed$0.call(Unknown Source)
	at com.kms.katalon.core.webui.keyword.builtin.VerifyElementNotPresentKeyword$_verifyElementNotPresent_closure1.doCall(VerifyElementNotPresentKeyword.groovy:106)
	at com.kms.katalon.core.webui.keyword.builtin.VerifyElementNotPresentKeyword$_verifyElementNotPresent_closure1.doCall(VerifyElementNotPresentKeyword.groovy)
	at com.kms.katalon.core.webui.keyword.internal.WebUIKeywordMain.runKeyword(WebUIKeywordMain.groovy:20)
	at com.kms.katalon.core.webui.keyword.internal.WebUIKeywordMain$runKeyword.call(Unknown Source)
	at com.kms.katalon.core.webui.keyword.builtin.VerifyElementNotPresentKeyword.verifyElementNotPresent(VerifyElementNotPresentKeyword.groovy:117)
	at com.kms.katalon.core.webui.keyword.builtin.VerifyElementNotPresentKeyword.execute(VerifyElementNotPresentKeyword.groovy:68)
	at com.kms.katalon.core.keyword.internal.KeywordExecutor.executeKeywordForPlatform(KeywordExecutor.groovy:74)
	at com.kms.katalon.core.webui.keyword.WebUiBuiltInKeywords.verifyElementNotPresent(WebUiBuiltInKeywords.groovy:1481)
	at com.kms.katalon.core.webui.keyword.WebUiBuiltInKeywords$verifyElementNotPresent$8.call(Unknown Source)
	at GetBrokSumPriceDaily.run(GetBrokSumPriceDaily:258)
	at com.kms.katalon.core.main.ScriptEngine.run(ScriptEngine.java:194)
	at com.kms.katalon.core.main.ScriptEngine.runScriptAsRawText(ScriptEngine.java:119)
	at com.kms.katalon.core.main.TestCaseExecutor.runScript(TestCaseExecutor.java:445)
	at com.kms.katalon.core.main.TestCaseExecutor.doExecute(TestCaseExecutor.java:436)
	at com.kms.katalon.core.main.TestCaseExecutor.processExecutionPhase(TestCaseExecutor.java:415)
	at com.kms.katalon.core.main.TestCaseExecutor.accessMainPhase(TestCaseExecutor.java:407)
	at com.kms.katalon.core.main.TestCaseExecutor.execute(TestCaseExecutor.java:284)
	at com.kms.katalon.core.common.CommonExecutor.accessTestCaseMainPhase(CommonExecutor.java:65)
	at com.kms.katalon.core.main.TestSuiteExecutor.accessTestSuiteMainPhase(TestSuiteExecutor.java:144)
	at com.kms.katalon.core.main.TestSuiteExecutor.execute(TestSuiteExecutor.java:106)
	at com.kms.katalon.core.main.TestCaseMain.startTestSuite(TestCaseMain.java:185)
	at com.kms.katalon.core.main.TestCaseMain$startTestSuite$0.call(Unknown Source)
	at TempTestSuite1705923140048.run(TempTestSuite1705923140048.groovy:36)
)
[[ATTACHMENT|C:\\Users\\Fadli\\git\\KatalonDailyGetData2\\Reports\\20240122_174123\\TS1\\20240122_183220\\1705923550515.png]]

2024-01-22 18:39:10 - [TEST_STEP][PASSED] - else: null

2024-01-22 18:39:10 - [TEST_STEP][PASSED] - strBuyer2 = getText(findTestObject("Stockbit/Bandarmology_Buyer2")): Text of object 'Object Repository/Stockbit/Bandarmology_Buyer2' is: 'XL'

2024-01-22 18:39:10 - [MESSAGE][PASSED] - Text of object 'Object Repository/Stockbit/Bandarmology_Buyer2' is: 'XL'

2024-01-22 18:39:10 - [TEST_STEP][PASSED] - strBuyerVol2 = getText(findTestObject("Stockbit/Bandarmology_BuyerVol2")): Text of object 'Object Repository/Stockbit/Bandarmology_BuyerVol2' is: '1.7 K'

2024-01-22 18:39:11 - [MESSAGE][PASSED] - Text of object 'Object Repository/Stockbit/Bandarmology_BuyerVol2' is: '1.7 K'

2024-01-22 18:39:11 - [TEST_STEP][PASSED] - strBuyerAvg2 = getText(findTestObject("Stockbit/Bandarmology_BuyerAvg2")): Text of object 'Object Repository/Stockbit/Bandarmology_BuyerAvg2' is: '88'

2024-01-22 18:39:11 - [MESSAGE][PASSED] - Text of object 'Object Repository/Stockbit/Bandarmology_BuyerAvg2' is: '88'

2024-01-22 18:39:11 - [TEST_STEP][PASSED] - if (strBuyer2 != ""): null

2024-01-22 18:39:11 - [TEST_STEP][PASSED] - if (strBuyerAvg2.contains(",")): null

2024-01-22 18:39:11 - [TEST_STEP][PASSED] - if (strBuyerVol2.contains(" B")): null

2024-01-22 18:39:11 - [TEST_STEP][PASSED] - else if (strBuyerVol2.contains(" M")): null

2024-01-22 18:39:11 - [TEST_STEP][PASSED] - else if (strBuyerVol2.contains(" K")): null

2024-01-22 18:39:11 - [TEST_STEP][PASSED] - strBuyerVol2 = strBuyerVol2.replace(" K", ""): null

2024-01-22 18:39:11 - [TEST_STEP][PASSED] - strBuyerVol2 = strBuyerVol2.toDouble() * 1000: null

2024-01-22 18:39:11 - [TEST_STEP][PASSED] - if (strBuyerVol2.contains(".")): null

2024-01-22 18:39:11 - [TEST_STEP][PASSED] - strBuyerVal2 = strBuyerVol2.replace(".", ""): null

2024-01-22 18:39:11 - [TEST_STEP][PASSED] - if (verifyElementNotPresent(findTestObject("Stockbit/Bandarmology_Seller2"), 1, OPTIONAL)): Web element with id: 'Object Repository/Stockbit/Bandarmology_Seller2' located by 'By.xpath: //*[contains(@id, 'rc-tabs-')]/div[2]/div/div/div/div/div/div[2]/table/tbody/tr[3]/td[5]/p' is present after '1' second(s) (Root cause: com.kms.katalon.core.exception.StepFailedException: Web element with id: 'Object Repository/Stockbit/Bandarmology_Seller2' located by 'By.xpath: //*[contains(@id, 'rc-tabs-')]/div[2]/div/div/div/div/div/div[2]/table/tbody/tr[3]/td[5]/p' is present after '1' second(s)
	at com.kms.katalon.core.webui.keyword.internal.WebUIKeywordMain.stepFailed(WebUIKeywordMain.groovy:64)
	at com.kms.katalon.core.webui.keyword.internal.WebUIKeywordMain$stepFailed$0.call(Unknown Source)
	at com.kms.katalon.core.webui.keyword.builtin.VerifyElementNotPresentKeyword$_verifyElementNotPresent_closure1.doCall(VerifyElementNotPresentKeyword.groovy:106)
	at com.kms.katalon.core.webui.keyword.builtin.VerifyElementNotPresentKeyword$_verifyElementNotPresent_closure1.doCall(VerifyElementNotPresentKeyword.groovy)
	at com.kms.katalon.core.webui.keyword.internal.WebUIKeywordMain.runKeyword(WebUIKeywordMain.groovy:20)
	at com.kms.katalon.core.webui.keyword.internal.WebUIKeywordMain$runKeyword.call(Unknown Source)
	at com.kms.katalon.core.webui.keyword.builtin.VerifyElementNotPresentKeyword.verifyElementNotPresent(VerifyElementNotPresentKeyword.groovy:117)
	at com.kms.katalon.core.webui.keyword.builtin.VerifyElementNotPresentKeyword.execute(VerifyElementNotPresentKeyword.groovy:68)
	at com.kms.katalon.core.keyword.internal.KeywordExecutor.executeKeywordForPlatform(KeywordExecutor.groovy:74)
	at com.kms.katalon.core.webui.keyword.WebUiBuiltInKeywords.verifyElementNotPresent(WebUiBuiltInKeywords.groovy:1481)
	at com.kms.katalon.core.webui.keyword.WebUiBuiltInKeywords$verifyElementNotPresent$8.call(Unknown Source)
	at GetBrokSumPriceDaily.run(GetBrokSumPriceDaily:309)
	at com.kms.katalon.core.main.ScriptEngine.run(ScriptEngine.java:194)
	at com.kms.katalon.core.main.ScriptEngine.runScriptAsRawText(ScriptEngine.java:119)
	at com.kms.katalon.core.main.TestCaseExecutor.runScript(TestCaseExecutor.java:445)
	at com.kms.katalon.core.main.TestCaseExecutor.doExecute(TestCaseExecutor.java:436)
	at com.kms.katalon.core.main.TestCaseExecutor.processExecutionPhase(TestCaseExecutor.java:415)
	at com.kms.katalon.core.main.TestCaseExecutor.accessMainPhase(TestCaseExecutor.java:407)
	at com.kms.katalon.core.main.TestCaseExecutor.execute(TestCaseExecutor.java:284)
	at com.kms.katalon.core.common.CommonExecutor.accessTestCaseMainPhase(CommonExecutor.java:65)
	at com.kms.katalon.core.main.TestSuiteExecutor.accessTestSuiteMainPhase(TestSuiteExecutor.java:144)
	at com.kms.katalon.core.main.TestSuiteExecutor.execute(TestSuiteExecutor.java:106)
	at com.kms.katalon.core.main.TestCaseMain.startTestSuite(TestCaseMain.java:185)
	at com.kms.katalon.core.main.TestCaseMain$startTestSuite$0.call(Unknown Source)
	at TempTestSuite1705923140048.run(TempTestSuite1705923140048.groovy:36)
)

2024-01-22 18:39:12 - [MESSAGE][WARNING] - Web element with id: 'Object Repository/Stockbit/Bandarmology_Seller2' located by 'By.xpath: //*[contains(@id, 'rc-tabs-')]/div[2]/div/div/div/div/div/div[2]/table/tbody/tr[3]/td[5]/p' is present after '1' second(s) (Root cause: com.kms.katalon.core.exception.StepFailedException: Web element with id: 'Object Repository/Stockbit/Bandarmology_Seller2' located by 'By.xpath: //*[contains(@id, 'rc-tabs-')]/div[2]/div/div/div/div/div/div[2]/table/tbody/tr[3]/td[5]/p' is present after '1' second(s)
	at com.kms.katalon.core.webui.keyword.internal.WebUIKeywordMain.stepFailed(WebUIKeywordMain.groovy:64)
	at com.kms.katalon.core.webui.keyword.internal.WebUIKeywordMain$stepFailed$0.call(Unknown Source)
	at com.kms.katalon.core.webui.keyword.builtin.VerifyElementNotPresentKeyword$_verifyElementNotPresent_closure1.doCall(VerifyElementNotPresentKeyword.groovy:106)
	at com.kms.katalon.core.webui.keyword.builtin.VerifyElementNotPresentKeyword$_verifyElementNotPresent_closure1.doCall(VerifyElementNotPresentKeyword.groovy)
	at com.kms.katalon.core.webui.keyword.internal.WebUIKeywordMain.runKeyword(WebUIKeywordMain.groovy:20)
	at com.kms.katalon.core.webui.keyword.internal.WebUIKeywordMain$runKeyword.call(Unknown Source)
	at com.kms.katalon.core.webui.keyword.builtin.VerifyElementNotPresentKeyword.verifyElementNotPresent(VerifyElementNotPresentKeyword.groovy:117)
	at com.kms.katalon.core.webui.keyword.builtin.VerifyElementNotPresentKeyword.execute(VerifyElementNotPresentKeyword.groovy:68)
	at com.kms.katalon.core.keyword.internal.KeywordExecutor.executeKeywordForPlatform(KeywordExecutor.groovy:74)
	at com.kms.katalon.core.webui.keyword.WebUiBuiltInKeywords.verifyElementNotPresent(WebUiBuiltInKeywords.groovy:1481)
	at com.kms.katalon.core.webui.keyword.WebUiBuiltInKeywords$verifyElementNotPresent$8.call(Unknown Source)
	at GetBrokSumPriceDaily.run(GetBrokSumPriceDaily:309)
	at com.kms.katalon.core.main.ScriptEngine.run(ScriptEngine.java:194)
	at com.kms.katalon.core.main.ScriptEngine.runScriptAsRawText(ScriptEngine.java:119)
	at com.kms.katalon.core.main.TestCaseExecutor.runScript(TestCaseExecutor.java:445)
	at com.kms.katalon.core.main.TestCaseExecutor.doExecute(TestCaseExecutor.java:436)
	at com.kms.katalon.core.main.TestCaseExecutor.processExecutionPhase(TestCaseExecutor.java:415)
	at com.kms.katalon.core.main.TestCaseExecutor.accessMainPhase(TestCaseExecutor.java:407)
	at com.kms.katalon.core.main.TestCaseExecutor.execute(TestCaseExecutor.java:284)
	at com.kms.katalon.core.common.CommonExecutor.accessTestCaseMainPhase(CommonExecutor.java:65)
	at com.kms.katalon.core.main.TestSuiteExecutor.accessTestSuiteMainPhase(TestSuiteExecutor.java:144)
	at com.kms.katalon.core.main.TestSuiteExecutor.execute(TestSuiteExecutor.java:106)
	at com.kms.katalon.core.main.TestCaseMain.startTestSuite(TestCaseMain.java:185)
	at com.kms.katalon.core.main.TestCaseMain$startTestSuite$0.call(Unknown Source)
	at TempTestSuite1705923140048.run(TempTestSuite1705923140048.groovy:36)
)
[[ATTACHMENT|C:\\Users\\Fadli\\git\\KatalonDailyGetData2\\Reports\\20240122_174123\\TS1\\20240122_183220\\1705923552421.png]]

2024-01-22 18:39:12 - [TEST_STEP][PASSED] - else: null

2024-01-22 18:39:12 - [TEST_STEP][PASSED] - strSeller2 = getText(findTestObject("Stockbit/Bandarmology_Seller2")): Text of object 'Object Repository/Stockbit/Bandarmology_Seller2' is: 'EP'

2024-01-22 18:39:12 - [MESSAGE][PASSED] - Text of object 'Object Repository/Stockbit/Bandarmology_Seller2' is: 'EP'

2024-01-22 18:39:12 - [TEST_STEP][PASSED] - strSellerVol2 = getText(findTestObject("Stockbit/Bandarmology_SellerVol2")): Text of object 'Object Repository/Stockbit/Bandarmology_SellerVol2' is: '3 K'

2024-01-22 18:39:12 - [MESSAGE][PASSED] - Text of object 'Object Repository/Stockbit/Bandarmology_SellerVol2' is: '3 K'

2024-01-22 18:39:12 - [TEST_STEP][PASSED] - strSellerAvg2 = getText(findTestObject("Stockbit/Bandarmology_SellerAvg2")): Text of object 'Object Repository/Stockbit/Bandarmology_SellerAvg2' is: '88'

2024-01-22 18:39:13 - [MESSAGE][PASSED] - Text of object 'Object Repository/Stockbit/Bandarmology_SellerAvg2' is: '88'

2024-01-22 18:39:13 - [TEST_STEP][PASSED] - if (strSeller2 != ""): null

2024-01-22 18:39:13 - [TEST_STEP][PASSED] - if (strSellerAvg2.contains(",")): null

2024-01-22 18:39:13 - [TEST_STEP][PASSED] - if (strSellerVol2.contains(" B")): null

2024-01-22 18:39:13 - [TEST_STEP][PASSED] - else if (strSellerVol2.contains(" M")): null

2024-01-22 18:39:13 - [TEST_STEP][PASSED] - else if (strSellerVol2.contains(" K")): null

2024-01-22 18:39:13 - [TEST_STEP][PASSED] - strSellerVol2 = strSellerVol2.replace(" K", ""): null

2024-01-22 18:39:13 - [TEST_STEP][PASSED] - strSellerVol2 = strSellerVol2.toDouble() * 1000: null

2024-01-22 18:39:13 - [TEST_STEP][PASSED] - if (verifyElementNotPresent(findTestObject("Stockbit/Bandarmology_Buyer3"), 1, OPTIONAL)): Web element with id: 'Object Repository/Stockbit/Bandarmology_Buyer3' located by 'By.xpath: //*[contains(@id, 'rc-tabs-')]/div[2]/div/div/div/div/div/div[2]/table/tbody/tr[4]/td[1]/p' is present after '1' second(s) (Root cause: com.kms.katalon.core.exception.StepFailedException: Web element with id: 'Object Repository/Stockbit/Bandarmology_Buyer3' located by 'By.xpath: //*[contains(@id, 'rc-tabs-')]/div[2]/div/div/div/div/div/div[2]/table/tbody/tr[4]/td[1]/p' is present after '1' second(s)
	at com.kms.katalon.core.webui.keyword.internal.WebUIKeywordMain.stepFailed(WebUIKeywordMain.groovy:64)
	at com.kms.katalon.core.webui.keyword.internal.WebUIKeywordMain$stepFailed$0.call(Unknown Source)
	at com.kms.katalon.core.webui.keyword.builtin.VerifyElementNotPresentKeyword$_verifyElementNotPresent_closure1.doCall(VerifyElementNotPresentKeyword.groovy:106)
	at com.kms.katalon.core.webui.keyword.builtin.VerifyElementNotPresentKeyword$_verifyElementNotPresent_closure1.doCall(VerifyElementNotPresentKeyword.groovy)
	at com.kms.katalon.core.webui.keyword.internal.WebUIKeywordMain.runKeyword(WebUIKeywordMain.groovy:20)
	at com.kms.katalon.core.webui.keyword.internal.WebUIKeywordMain$runKeyword.call(Unknown Source)
	at com.kms.katalon.core.webui.keyword.builtin.VerifyElementNotPresentKeyword.verifyElementNotPresent(VerifyElementNotPresentKeyword.groovy:117)
	at com.kms.katalon.core.webui.keyword.builtin.VerifyElementNotPresentKeyword.execute(VerifyElementNotPresentKeyword.groovy:68)
	at com.kms.katalon.core.keyword.internal.KeywordExecutor.executeKeywordForPlatform(KeywordExecutor.groovy:74)
	at com.kms.katalon.core.webui.keyword.WebUiBuiltInKeywords.verifyElementNotPresent(WebUiBuiltInKeywords.groovy:1481)
	at com.kms.katalon.core.webui.keyword.WebUiBuiltInKeywords$verifyElementNotPresent$8.call(Unknown Source)
	at GetBrokSumPriceDaily.run(GetBrokSumPriceDaily:361)
	at com.kms.katalon.core.main.ScriptEngine.run(ScriptEngine.java:194)
	at com.kms.katalon.core.main.ScriptEngine.runScriptAsRawText(ScriptEngine.java:119)
	at com.kms.katalon.core.main.TestCaseExecutor.runScript(TestCaseExecutor.java:445)
	at com.kms.katalon.core.main.TestCaseExecutor.doExecute(TestCaseExecutor.java:436)
	at com.kms.katalon.core.main.TestCaseExecutor.processExecutionPhase(TestCaseExecutor.java:415)
	at com.kms.katalon.core.main.TestCaseExecutor.accessMainPhase(TestCaseExecutor.java:407)
	at com.kms.katalon.core.main.TestCaseExecutor.execute(TestCaseExecutor.java:284)
	at com.kms.katalon.core.common.CommonExecutor.accessTestCaseMainPhase(CommonExecutor.java:65)
	at com.kms.katalon.core.main.TestSuiteExecutor.accessTestSuiteMainPhase(TestSuiteExecutor.java:144)
	at com.kms.katalon.core.main.TestSuiteExecutor.execute(TestSuiteExecutor.java:106)
	at com.kms.katalon.core.main.TestCaseMain.startTestSuite(TestCaseMain.java:185)
	at com.kms.katalon.core.main.TestCaseMain$startTestSuite$0.call(Unknown Source)
	at TempTestSuite1705923140048.run(TempTestSuite1705923140048.groovy:36)
)

2024-01-22 18:39:14 - [MESSAGE][WARNING] - Web element with id: 'Object Repository/Stockbit/Bandarmology_Buyer3' located by 'By.xpath: //*[contains(@id, 'rc-tabs-')]/div[2]/div/div/div/div/div/div[2]/table/tbody/tr[4]/td[1]/p' is present after '1' second(s) (Root cause: com.kms.katalon.core.exception.StepFailedException: Web element with id: 'Object Repository/Stockbit/Bandarmology_Buyer3' located by 'By.xpath: //*[contains(@id, 'rc-tabs-')]/div[2]/div/div/div/div/div/div[2]/table/tbody/tr[4]/td[1]/p' is present after '1' second(s)
	at com.kms.katalon.core.webui.keyword.internal.WebUIKeywordMain.stepFailed(WebUIKeywordMain.groovy:64)
	at com.kms.katalon.core.webui.keyword.internal.WebUIKeywordMain$stepFailed$0.call(Unknown Source)
	at com.kms.katalon.core.webui.keyword.builtin.VerifyElementNotPresentKeyword$_verifyElementNotPresent_closure1.doCall(VerifyElementNotPresentKeyword.groovy:106)
	at com.kms.katalon.core.webui.keyword.builtin.VerifyElementNotPresentKeyword$_verifyElementNotPresent_closure1.doCall(VerifyElementNotPresentKeyword.groovy)
	at com.kms.katalon.core.webui.keyword.internal.WebUIKeywordMain.runKeyword(WebUIKeywordMain.groovy:20)
	at com.kms.katalon.core.webui.keyword.internal.WebUIKeywordMain$runKeyword.call(Unknown Source)
	at com.kms.katalon.core.webui.keyword.builtin.VerifyElementNotPresentKeyword.verifyElementNotPresent(VerifyElementNotPresentKeyword.groovy:117)
	at com.kms.katalon.core.webui.keyword.builtin.VerifyElementNotPresentKeyword.execute(VerifyElementNotPresentKeyword.groovy:68)
	at com.kms.katalon.core.keyword.internal.KeywordExecutor.executeKeywordForPlatform(KeywordExecutor.groovy:74)
	at com.kms.katalon.core.webui.keyword.WebUiBuiltInKeywords.verifyElementNotPresent(WebUiBuiltInKeywords.groovy:1481)
	at com.kms.katalon.core.webui.keyword.WebUiBuiltInKeywords$verifyElementNotPresent$8.call(Unknown Source)
	at GetBrokSumPriceDaily.run(GetBrokSumPriceDaily:361)
	at com.kms.katalon.core.main.ScriptEngine.run(ScriptEngine.java:194)
	at com.kms.katalon.core.main.ScriptEngine.runScriptAsRawText(ScriptEngine.java:119)
	at com.kms.katalon.core.main.TestCaseExecutor.runScript(TestCaseExecutor.java:445)
	at com.kms.katalon.core.main.TestCaseExecutor.doExecute(TestCaseExecutor.java:436)
	at com.kms.katalon.core.main.TestCaseExecutor.processExecutionPhase(TestCaseExecutor.java:415)
	at com.kms.katalon.core.main.TestCaseExecutor.accessMainPhase(TestCaseExecutor.java:407)
	at com.kms.katalon.core.main.TestCaseExecutor.execute(TestCaseExecutor.java:284)
	at com.kms.katalon.core.common.CommonExecutor.accessTestCaseMainPhase(CommonExecutor.java:65)
	at com.kms.katalon.core.main.TestSuiteExecutor.accessTestSuiteMainPhase(TestSuiteExecutor.java:144)
	at com.kms.katalon.core.main.TestSuiteExecutor.execute(TestSuiteExecutor.java:106)
	at com.kms.katalon.core.main.TestCaseMain.startTestSuite(TestCaseMain.java:185)
	at com.kms.katalon.core.main.TestCaseMain$startTestSuite$0.call(Unknown Source)
	at TempTestSuite1705923140048.run(TempTestSuite1705923140048.groovy:36)
)
[[ATTACHMENT|C:\\Users\\Fadli\\git\\KatalonDailyGetData2\\Reports\\20240122_174123\\TS1\\20240122_183220\\1705923554302.png]]

2024-01-22 18:39:14 - [TEST_STEP][PASSED] - else: null

2024-01-22 18:39:14 - [TEST_STEP][PASSED] - strBuyer3 = getText(findTestObject("Stockbit/Bandarmology_Buyer3")): Text of object 'Object Repository/Stockbit/Bandarmology_Buyer3' is: 'PD'

2024-01-22 18:39:14 - [MESSAGE][PASSED] - Text of object 'Object Repository/Stockbit/Bandarmology_Buyer3' is: 'PD'

2024-01-22 18:39:14 - [TEST_STEP][PASSED] - strBuyerVol3 = getText(findTestObject("Stockbit/Bandarmology_BuyerVol3")): Text of object 'Object Repository/Stockbit/Bandarmology_BuyerVol3' is: '1.4 K'

2024-01-22 18:39:14 - [MESSAGE][PASSED] - Text of object 'Object Repository/Stockbit/Bandarmology_BuyerVol3' is: '1.4 K'

2024-01-22 18:39:14 - [TEST_STEP][PASSED] - strBuyerAvg3 = getText(findTestObject("Stockbit/Bandarmology_BuyerAvg3")): Text of object 'Object Repository/Stockbit/Bandarmology_BuyerAvg3' is: '88'

2024-01-22 18:39:14 - [MESSAGE][PASSED] - Text of object 'Object Repository/Stockbit/Bandarmology_BuyerAvg3' is: '88'

2024-01-22 18:39:14 - [TEST_STEP][PASSED] - if (strBuyer3 != ""): null

2024-01-22 18:39:14 - [TEST_STEP][PASSED] - if (strBuyerAvg3.contains(",")): null

2024-01-22 18:39:14 - [TEST_STEP][PASSED] - if (strBuyerVol3.contains(" B")): null

2024-01-22 18:39:14 - [TEST_STEP][PASSED] - else if (strBuyerVol3.contains(" M")): null

2024-01-22 18:39:14 - [TEST_STEP][PASSED] - else if (strBuyerVol3.contains(" K")): null

2024-01-22 18:39:14 - [TEST_STEP][PASSED] - strBuyerVol3 = strBuyerVol3.replace(" K", ""): null

2024-01-22 18:39:14 - [TEST_STEP][PASSED] - strBuyerVol3 = strBuyerVol3.toDouble() * 1000: null

2024-01-22 18:39:14 - [TEST_STEP][PASSED] - if (verifyElementNotPresent(findTestObject("Stockbit/Bandarmology_Seller3"), 1, OPTIONAL)): Web element with id: 'Object Repository/Stockbit/Bandarmology_Seller3' located by 'By.xpath: //*[contains(@id, 'rc-tabs-')]/div[2]/div/div/div/div/div/div[2]/table/tbody/tr[4]/td[5]/p' is present after '1' second(s) (Root cause: com.kms.katalon.core.exception.StepFailedException: Web element with id: 'Object Repository/Stockbit/Bandarmology_Seller3' located by 'By.xpath: //*[contains(@id, 'rc-tabs-')]/div[2]/div/div/div/div/div/div[2]/table/tbody/tr[4]/td[5]/p' is present after '1' second(s)
	at com.kms.katalon.core.webui.keyword.internal.WebUIKeywordMain.stepFailed(WebUIKeywordMain.groovy:64)
	at com.kms.katalon.core.webui.keyword.internal.WebUIKeywordMain$stepFailed$0.call(Unknown Source)
	at com.kms.katalon.core.webui.keyword.builtin.VerifyElementNotPresentKeyword$_verifyElementNotPresent_closure1.doCall(VerifyElementNotPresentKeyword.groovy:106)
	at com.kms.katalon.core.webui.keyword.builtin.VerifyElementNotPresentKeyword$_verifyElementNotPresent_closure1.doCall(VerifyElementNotPresentKeyword.groovy)
	at com.kms.katalon.core.webui.keyword.internal.WebUIKeywordMain.runKeyword(WebUIKeywordMain.groovy:20)
	at com.kms.katalon.core.webui.keyword.internal.WebUIKeywordMain$runKeyword.call(Unknown Source)
	at com.kms.katalon.core.webui.keyword.builtin.VerifyElementNotPresentKeyword.verifyElementNotPresent(VerifyElementNotPresentKeyword.groovy:117)
	at com.kms.katalon.core.webui.keyword.builtin.VerifyElementNotPresentKeyword.execute(VerifyElementNotPresentKeyword.groovy:68)
	at com.kms.katalon.core.keyword.internal.KeywordExecutor.executeKeywordForPlatform(KeywordExecutor.groovy:74)
	at com.kms.katalon.core.webui.keyword.WebUiBuiltInKeywords.verifyElementNotPresent(WebUiBuiltInKeywords.groovy:1481)
	at com.kms.katalon.core.webui.keyword.WebUiBuiltInKeywords$verifyElementNotPresent$8.call(Unknown Source)
	at GetBrokSumPriceDaily.run(GetBrokSumPriceDaily:414)
	at com.kms.katalon.core.main.ScriptEngine.run(ScriptEngine.java:194)
	at com.kms.katalon.core.main.ScriptEngine.runScriptAsRawText(ScriptEngine.java:119)
	at com.kms.katalon.core.main.TestCaseExecutor.runScript(TestCaseExecutor.java:445)
	at com.kms.katalon.core.main.TestCaseExecutor.doExecute(TestCaseExecutor.java:436)
	at com.kms.katalon.core.main.TestCaseExecutor.processExecutionPhase(TestCaseExecutor.java:415)
	at com.kms.katalon.core.main.TestCaseExecutor.accessMainPhase(TestCaseExecutor.java:407)
	at com.kms.katalon.core.main.TestCaseExecutor.execute(TestCaseExecutor.java:284)
	at com.kms.katalon.core.common.CommonExecutor.accessTestCaseMainPhase(CommonExecutor.java:65)
	at com.kms.katalon.core.main.TestSuiteExecutor.accessTestSuiteMainPhase(TestSuiteExecutor.java:144)
	at com.kms.katalon.core.main.TestSuiteExecutor.execute(TestSuiteExecutor.java:106)
	at com.kms.katalon.core.main.TestCaseMain.startTestSuite(TestCaseMain.java:185)
	at com.kms.katalon.core.main.TestCaseMain$startTestSuite$0.call(Unknown Source)
	at TempTestSuite1705923140048.run(TempTestSuite1705923140048.groovy:36)
)

2024-01-22 18:39:16 - [MESSAGE][WARNING] - Web element with id: 'Object Repository/Stockbit/Bandarmology_Seller3' located by 'By.xpath: //*[contains(@id, 'rc-tabs-')]/div[2]/div/div/div/div/div/div[2]/table/tbody/tr[4]/td[5]/p' is present after '1' second(s) (Root cause: com.kms.katalon.core.exception.StepFailedException: Web element with id: 'Object Repository/Stockbit/Bandarmology_Seller3' located by 'By.xpath: //*[contains(@id, 'rc-tabs-')]/div[2]/div/div/div/div/div/div[2]/table/tbody/tr[4]/td[5]/p' is present after '1' second(s)
	at com.kms.katalon.core.webui.keyword.internal.WebUIKeywordMain.stepFailed(WebUIKeywordMain.groovy:64)
	at com.kms.katalon.core.webui.keyword.internal.WebUIKeywordMain$stepFailed$0.call(Unknown Source)
	at com.kms.katalon.core.webui.keyword.builtin.VerifyElementNotPresentKeyword$_verifyElementNotPresent_closure1.doCall(VerifyElementNotPresentKeyword.groovy:106)
	at com.kms.katalon.core.webui.keyword.builtin.VerifyElementNotPresentKeyword$_verifyElementNotPresent_closure1.doCall(VerifyElementNotPresentKeyword.groovy)
	at com.kms.katalon.core.webui.keyword.internal.WebUIKeywordMain.runKeyword(WebUIKeywordMain.groovy:20)
	at com.kms.katalon.core.webui.keyword.internal.WebUIKeywordMain$runKeyword.call(Unknown Source)
	at com.kms.katalon.core.webui.keyword.builtin.VerifyElementNotPresentKeyword.verifyElementNotPresent(VerifyElementNotPresentKeyword.groovy:117)
	at com.kms.katalon.core.webui.keyword.builtin.VerifyElementNotPresentKeyword.execute(VerifyElementNotPresentKeyword.groovy:68)
	at com.kms.katalon.core.keyword.internal.KeywordExecutor.executeKeywordForPlatform(KeywordExecutor.groovy:74)
	at com.kms.katalon.core.webui.keyword.WebUiBuiltInKeywords.verifyElementNotPresent(WebUiBuiltInKeywords.groovy:1481)
	at com.kms.katalon.core.webui.keyword.WebUiBuiltInKeywords$verifyElementNotPresent$8.call(Unknown Source)
	at GetBrokSumPriceDaily.run(GetBrokSumPriceDaily:414)
	at com.kms.katalon.core.main.ScriptEngine.run(ScriptEngine.java:194)
	at com.kms.katalon.core.main.ScriptEngine.runScriptAsRawText(ScriptEngine.java:119)
	at com.kms.katalon.core.main.TestCaseExecutor.runScript(TestCaseExecutor.java:445)
	at com.kms.katalon.core.main.TestCaseExecutor.doExecute(TestCaseExecutor.java:436)
	at com.kms.katalon.core.main.TestCaseExecutor.processExecutionPhase(TestCaseExecutor.java:415)
	at com.kms.katalon.core.main.TestCaseExecutor.accessMainPhase(TestCaseExecutor.java:407)
	at com.kms.katalon.core.main.TestCaseExecutor.execute(TestCaseExecutor.java:284)
	at com.kms.katalon.core.common.CommonExecutor.accessTestCaseMainPhase(CommonExecutor.java:65)
	at com.kms.katalon.core.main.TestSuiteExecutor.accessTestSuiteMainPhase(TestSuiteExecutor.java:144)
	at com.kms.katalon.core.main.TestSuiteExecutor.execute(TestSuiteExecutor.java:106)
	at com.kms.katalon.core.main.TestCaseMain.startTestSuite(TestCaseMain.java:185)
	at com.kms.katalon.core.main.TestCaseMain$startTestSuite$0.call(Unknown Source)
	at TempTestSuite1705923140048.run(TempTestSuite1705923140048.groovy:36)
)
[[ATTACHMENT|C:\\Users\\Fadli\\git\\KatalonDailyGetData2\\Reports\\20240122_174123\\TS1\\20240122_183220\\1705923556204.png]]

2024-01-22 18:39:16 - [TEST_STEP][PASSED] - else: null

2024-01-22 18:39:16 - [TEST_STEP][PASSED] - strSeller3 = getText(findTestObject("Stockbit/Bandarmology_Seller3")): Text of object 'Object Repository/Stockbit/Bandarmology_Seller3' is: 'AZ'

2024-01-22 18:39:16 - [MESSAGE][PASSED] - Text of object 'Object Repository/Stockbit/Bandarmology_Seller3' is: 'AZ'

2024-01-22 18:39:16 - [TEST_STEP][PASSED] - strSellerVol3 = getText(findTestObject("Stockbit/Bandarmology_SellerVol3")): Text of object 'Object Repository/Stockbit/Bandarmology_SellerVol3' is: '1.5 K'

2024-01-22 18:39:16 - [MESSAGE][PASSED] - Text of object 'Object Repository/Stockbit/Bandarmology_SellerVol3' is: '1.5 K'

2024-01-22 18:39:16 - [TEST_STEP][PASSED] - strSellerAvg3 = getText(findTestObject("Stockbit/Bandarmology_SellerAvg3")): Text of object 'Object Repository/Stockbit/Bandarmology_SellerAvg3' is: '88'

2024-01-22 18:39:16 - [MESSAGE][PASSED] - Text of object 'Object Repository/Stockbit/Bandarmology_SellerAvg3' is: '88'

2024-01-22 18:39:16 - [TEST_STEP][PASSED] - if (strSeller3 != ""): null

2024-01-22 18:39:16 - [TEST_STEP][PASSED] - if (strSellerAvg3.contains(",")): null

2024-01-22 18:39:16 - [TEST_STEP][PASSED] - if (strSellerVol3.contains(" B")): null

2024-01-22 18:39:16 - [TEST_STEP][PASSED] - else if (strSellerVol3.contains(" M")): null

2024-01-22 18:39:16 - [TEST_STEP][PASSED] - else if (strSellerVol3.contains(" K")): null

2024-01-22 18:39:16 - [TEST_STEP][PASSED] - strSellerVol3 = strSellerVol3.replace(" K", ""): null

2024-01-22 18:39:16 - [TEST_STEP][PASSED] - strSellerVol3 = strSellerVol3.toDouble() * 1000: null

2024-01-22 18:39:16 - [TEST_STEP][PASSED] - strAccDist = getText(findTestObject("Stockbit/Bandarmology_AccDist")): Text of object 'Object Repository/Stockbit/Bandarmology_AccDist' is: 'Dist'

2024-01-22 18:39:17 - [MESSAGE][PASSED] - Text of object 'Object Repository/Stockbit/Bandarmology_AccDist' is: 'Dist'

2024-01-22 18:39:17 - [TEST_STEP][PASSED] - strNetVol = getText(findTestObject("Stockbit/Bandarmology_NetVol")): Text of object 'Object Repository/Stockbit/Bandarmology_NetVol' is: '12,094'

2024-01-22 18:39:17 - [MESSAGE][PASSED] - Text of object 'Object Repository/Stockbit/Bandarmology_NetVol' is: '12,094'

2024-01-22 18:39:17 - [TEST_STEP][PASSED] - strNetVol = strNetVol.replace(",", ""): null

2024-01-22 18:39:17 - [TEST_STEP][PASSED] - strNetVal = getText(findTestObject("Stockbit/Bandarmology_NetVal")): Text of object 'Object Repository/Stockbit/Bandarmology_NetVal' is: '0.1 B'

2024-01-22 18:39:17 - [MESSAGE][PASSED] - Text of object 'Object Repository/Stockbit/Bandarmology_NetVal' is: '0.1 B'

2024-01-22 18:39:17 - [TEST_STEP][PASSED] - delay(3): Delayed 3 second(s)

2024-01-22 18:39:20 - [MESSAGE][PASSED] - Delayed 3 second(s)

2024-01-22 18:39:20 - [TEST_STEP][PASSED] - strOpenPrice = getText(findTestObject("Stockbit/Home_OpenPrice")): Text of object 'Object Repository/Stockbit/Home_OpenPrice' is: '90'

2024-01-22 18:39:20 - [MESSAGE][PASSED] - Text of object 'Object Repository/Stockbit/Home_OpenPrice' is: '90'

2024-01-22 18:39:20 - [TEST_STEP][PASSED] - strOpenPrice = strOpenPrice.replace(",", ""): null

2024-01-22 18:39:20 - [TEST_STEP][PASSED] - strLowPrice = getText(findTestObject("Stockbit/Home_LowPrice")): Text of object 'Object Repository/Stockbit/Home_LowPrice' is: '87'

2024-01-22 18:39:20 - [MESSAGE][PASSED] - Text of object 'Object Repository/Stockbit/Home_LowPrice' is: '87'

2024-01-22 18:39:20 - [TEST_STEP][PASSED] - strLowPrice = strLowPrice.replace(",", ""): null

2024-01-22 18:39:20 - [TEST_STEP][PASSED] - strHighPrice = getText(findTestObject("Stockbit/Home_HighPrice")): Text of object 'Object Repository/Stockbit/Home_HighPrice' is: '90'

2024-01-22 18:39:20 - [MESSAGE][PASSED] - Text of object 'Object Repository/Stockbit/Home_HighPrice' is: '90'

2024-01-22 18:39:20 - [TEST_STEP][PASSED] - strHighPrice = strHighPrice.replace(",", ""): null

2024-01-22 18:39:20 - [TEST_STEP][PASSED] - strClosePrice = getText(findTestObject("Stockbit/Home_ClosePrice")): Text of object 'Object Repository/Stockbit/Home_ClosePrice' is: '89'

2024-01-22 18:39:21 - [MESSAGE][PASSED] - Text of object 'Object Repository/Stockbit/Home_ClosePrice' is: '89'

2024-01-22 18:39:21 - [TEST_STEP][PASSED] - strClosePrice = strClosePrice.replace(",", ""): null

2024-01-22 18:39:21 - [TEST_STEP][PASSED] - strVol = getText(findTestObject("Stockbit/Home_Volume")): Text of object 'Object Repository/Stockbit/Home_Volume' is: '16 K'

2024-01-22 18:39:21 - [MESSAGE][PASSED] - Text of object 'Object Repository/Stockbit/Home_Volume' is: '16 K'

2024-01-22 18:39:21 - [TEST_STEP][PASSED] - if (strVol.contains(" K")): null

2024-01-22 18:39:21 - [TEST_STEP][PASSED] - strVol = strVol.replace(" K", "000"): null

2024-01-22 18:39:21 - [TEST_STEP][PASSED] - if (strVol.contains(",")): null

2024-01-22 18:39:21 - [TEST_STEP][PASSED] - strChange = getText(findTestObject("Stockbit/Home_Change")): Text of object 'Object Repository/Stockbit/Home_Change' is: '-1.11%'

2024-01-22 18:39:21 - [MESSAGE][PASSED] - Text of object 'Object Repository/Stockbit/Home_Change' is: '-1.11%'

2024-01-22 18:39:21 - [TEST_STEP][PASSED] - strChange = strChange.replace("%", ""): null

2024-01-22 18:39:21 - [TEST_STEP][PASSED] - strFreq = getText(findTestObject("Stockbit/Home_Freq")): Text of object 'Object Repository/Stockbit/Home_Freq' is: '159'

2024-01-22 18:39:21 - [MESSAGE][PASSED] - Text of object 'Object Repository/Stockbit/Home_Freq' is: '159'

2024-01-22 18:39:21 - [TEST_STEP][PASSED] - if (strFreq.contains(",")): null

2024-01-22 18:39:21 - [TEST_STEP][PASSED] - if (strFreq == "NA" || strFreq == ""): null

2024-01-22 18:39:21 - [TEST_STEP][PASSED] - else: null

2024-01-22 18:39:21 - [TEST_STEP][PASSED] - dblFreqAnal = strVol.toDouble() / strFreq.toDouble() * strFreq.toDouble() * strFreq.toDouble() * 100000000: null

2024-01-22 18:39:21 - [TEST_STEP][PASSED] - strFreqAnal = String.format("%.4f", dblFreqAnal): null

2024-01-22 18:39:21 - [TEST_STEP][PASSED] - out.println("Double strFreqAnal: " + strFreqAnal): null

2024-01-22 18:39:21 - [TEST_STEP][PASSED] - strTanggal = d.format(DateTimeFormatter.ofPattern("yyyy-MM-dd")): null

2024-01-22 18:39:21 - [TEST_STEP][PASSED] - strTanggal = "#" + strTanggal + "#": null

2024-01-22 18:39:21 - [TEST_STEP][PASSED] - strSQL = "select count(*) as JumBaris from TblBrokSum where Nama = '" + strNama + "' and Tanggal = " + strTanggal + "": null

2024-01-22 18:39:21 - [TEST_STEP][PASSED] - resultSet = statement.executeQuery(strSQL): null

2024-01-22 18:39:21 - [TEST_STEP][PASSED] - resultSet.next(): null

2024-01-22 18:39:21 - [TEST_STEP][PASSED] - intJumBaris = resultSet.getInt("JumBaris"): null

2024-01-22 18:39:21 - [TEST_STEP][PASSED] - if (intJumBaris > 0): null

2024-01-22 18:39:21 - [TEST_STEP][PASSED] - else: null

2024-01-22 18:39:21 - [TEST_STEP][PASSED] - try: null

2024-01-22 18:39:21 - [TEST_STEP][PASSED] - out.println("Insert data"): null

2024-01-22 18:39:21 - [TEST_STEP][PASSED] - strSQL = "insert into TblBrokSum (nama, tanggal, top1, top2, top3, AllBrokAvg, AccDist, AvgRP, " + "Buyer1, BuyerVal1, BuyerAvg1, Seller1, SellerVal1, SellerAvg1, Buyer2, BuyerVal2, BuyerAvg2, " + "Seller2, SellerVal2, SellerAvg2, Buyer3, BuyerVal3, BuyerAvg3, Seller3, SellerVal3, SellerAvg3, NetVol, NetVal, " + "OpenPrice, LowPrice, HighPrice, ClosePrice, Volume, Change, Frekuensi, FrekAnal) " + "values ('" + strNama + "', " + strTanggal + ", '" + strTop1 + "', '" + strTop3 + "', '" + strTop5 + "', " + "'" + strAllBrokAvg + "', '" + strAccDist + "', " + intAvgRP + ", '" + strBuyer1 + "', '" + strBuyerVol1 + "', " + strBuyerAvg1 + ", " + "'" + strSeller1 + "', '" + strSellerVol1 + "', " + strSellerAvg1 + ", '" + strBuyer2 + "', '" + strBuyerVol2 + "', " + strBuyerAvg2 + ", " + "'" + strSeller2 + "', '" + strSellerVol2 + "', " + strSellerAvg2 + ", '" + strBuyer3 + "', '" + strBuyerVol3 + "', " + strBuyerAvg3 + ", " + "'" + strSeller3 + "', '" + strSellerVol3 + "', " + strSellerAvg3 + ", " + strNetVol + ", '" + strNetVal + "', " + "" + strOpenPrice + ", " + strLowPrice + ", " + strHighPrice + ", " + strClosePrice + ", '" + strVol + "', " + strChange + ", " + strFreq + ", " + strFreqAnal + ");": null

2024-01-22 18:39:21 - [TEST_STEP][PASSED] - out.println("strSQL = " + strSQL): null

2024-01-22 18:39:21 - [TEST_STEP][PASSED] - statement.executeUpdate(strSQL): null

2024-01-22 18:39:21 - [TEST_STEP][PASSED] - setValueToCellByIndex(sheet01, rowIndex, 4, "DONE"): null

2024-01-22 18:39:21 - [TEST_STEP][PASSED] - saveWorkbook(excelFilePath, workbook01): null

2024-01-22 18:39:21 - [TEST_STEP][PASSED] - waitForElementClickable(findTestObject("Stockbit/menu_Bandarmology"), 10): Object 'Object Repository/Stockbit/menu_Bandarmology' is clickable

2024-01-22 18:39:21 - [MESSAGE][PASSED] - Object 'Object Repository/Stockbit/menu_Bandarmology' is clickable

2024-01-22 18:39:21 - [TEST_STEP][PASSED] - click(findTestObject("Stockbit/menu_Bandarmology")): Object: 'Object Repository/Stockbit/menu_Bandarmology' is clicked on

2024-01-22 18:39:22 - [MESSAGE][PASSED] - Object: 'Object Repository/Stockbit/menu_Bandarmology' is clicked on

2024-01-22 18:39:22 - [TEST_STEP][PASSED] - strTemp = "NA": null

2024-01-22 18:39:22 - [TEST_STEP][PASSED] - if (getCellValueByIndex(sheet01, rowIndex, 4) != "DONE"): Object: 'Object Repository/Stockbit/menu_Bandarmology' is clicked on

2024-01-22 18:39:22 - [TEST_STEP][PASSED] - strNama = getCellValueByIndex(sheet01, rowIndex, 0): null

2024-01-22 18:39:22 - [TEST_STEP][PASSED] - navigateToUrl("https://stockbit.com/#/symbol/" + strNama): Navigate to 'https://stockbit.com/#/symbol/KRYA' successfully

2024-01-22 18:39:23 - [MESSAGE][PASSED] - Navigate to 'https://stockbit.com/#/symbol/KRYA' successfully

2024-01-22 18:39:23 - [TEST_STEP][PASSED] - waitForElementClickable(findTestObject("Stockbit/menu_Bandarmology"), 10): Object 'Object Repository/Stockbit/menu_Bandarmology' is clickable

2024-01-22 18:39:23 - [MESSAGE][PASSED] - Object 'Object Repository/Stockbit/menu_Bandarmology' is clickable

2024-01-22 18:39:23 - [TEST_STEP][PASSED] - click(findTestObject("Stockbit/menu_Bandarmology")): Object: 'Object Repository/Stockbit/menu_Bandarmology' is clicked on

2024-01-22 18:39:24 - [MESSAGE][PASSED] - Object: 'Object Repository/Stockbit/menu_Bandarmology' is clicked on

2024-01-22 18:39:24 - [TEST_STEP][PASSED] - strTanggal = d.format(DateTimeFormatter.ofPattern("MMM dd, yyyy")): null

2024-01-22 18:39:24 - [TEST_STEP][PASSED] - strTanggal = d.format(ISO_DATE): null

2024-01-22 18:39:24 - [TEST_STEP][PASSED] - out.println("strTanggal = " + strTanggal): null

2024-01-22 18:39:24 - [TEST_STEP][PASSED] - out.println("strNama = " + strNama): null

2024-01-22 18:39:24 - [TEST_STEP][PASSED] - out.println("Baris ke = " + rowIndex): null

2024-01-22 18:39:24 - [TEST_STEP][PASSED] - click(findTestObject("Stockbit/input__BandarmologyOpenStartDate")): Object: 'Object Repository/Stockbit/input__BandarmologyOpenStartDate' is clicked on

2024-01-22 18:39:26 - [MESSAGE][PASSED] - Object: 'Object Repository/Stockbit/input__BandarmologyOpenStartDate' is clicked on

2024-01-22 18:39:26 - [TEST_STEP][PASSED] - sendKeys(findTestObject("Stockbit/input__BandarmologyOpenStartDate"), Keys.chord(CONTROL, "a")): Keys 'CONTROL + a' sent to object: 'Object Repository/Stockbit/input__BandarmologyOpenStartDate'

2024-01-22 18:39:26 - [MESSAGE][PASSED] - Keys 'CONTROL + a' sent to object: 'Object Repository/Stockbit/input__BandarmologyOpenStartDate'

2024-01-22 18:39:26 - [TEST_STEP][PASSED] - sendKeys(findTestObject("Stockbit/input__BandarmologyOpenStartDate"), Keys.chord(BACK_SPACE)): Keys 'BACK_SPACE + ' sent to object: 'Object Repository/Stockbit/input__BandarmologyOpenStartDate'

2024-01-22 18:39:26 - [MESSAGE][PASSED] - Keys 'BACK_SPACE + ' sent to object: 'Object Repository/Stockbit/input__BandarmologyOpenStartDate'

2024-01-22 18:39:26 - [TEST_STEP][PASSED] - setText(findTestObject("Stockbit/input__BandarmologyOpenStartDate"), strTanggal): Text '2024-01-22' is set on object 'Object Repository/Stockbit/input__BandarmologyOpenStartDate'

2024-01-22 18:39:27 - [MESSAGE][PASSED] - Text '2024-01-22' is set on object 'Object Repository/Stockbit/input__BandarmologyOpenStartDate'

2024-01-22 18:39:27 - [TEST_STEP][PASSED] - sendKeys(findTestObject("Stockbit/input__BandarmologyOpenStartDate"), Keys.chord(ENTER)): Keys 'ENTER + ' sent to object: 'Object Repository/Stockbit/input__BandarmologyOpenStartDate'

2024-01-22 18:39:28 - [MESSAGE][PASSED] - Keys 'ENTER + ' sent to object: 'Object Repository/Stockbit/input__BandarmologyOpenStartDate'

2024-01-22 18:39:28 - [TEST_STEP][PASSED] - click(findTestObject("Stockbit/input__BandarmologyOpenEndDate")): Object: 'Object Repository/Stockbit/input__BandarmologyOpenEndDate' is clicked on

2024-01-22 18:39:28 - [MESSAGE][PASSED] - Object: 'Object Repository/Stockbit/input__BandarmologyOpenEndDate' is clicked on

2024-01-22 18:39:28 - [TEST_STEP][PASSED] - sendKeys(findTestObject("Stockbit/input__BandarmologyOpenEndDate"), Keys.chord(CONTROL, "a")): Keys 'CONTROL + a' sent to object: 'Object Repository/Stockbit/input__BandarmologyOpenEndDate'

2024-01-22 18:39:28 - [MESSAGE][PASSED] - Keys 'CONTROL + a' sent to object: 'Object Repository/Stockbit/input__BandarmologyOpenEndDate'

2024-01-22 18:39:28 - [TEST_STEP][PASSED] - sendKeys(findTestObject("Stockbit/input__BandarmologyOpenEndDate"), Keys.chord(BACK_SPACE)): Keys 'BACK_SPACE + ' sent to object: 'Object Repository/Stockbit/input__BandarmologyOpenEndDate'

2024-01-22 18:39:29 - [MESSAGE][PASSED] - Keys 'BACK_SPACE + ' sent to object: 'Object Repository/Stockbit/input__BandarmologyOpenEndDate'

2024-01-22 18:39:29 - [TEST_STEP][PASSED] - setText(findTestObject("Stockbit/input__BandarmologyOpenEndDate"), strTanggal): Text '2024-01-22' is set on object 'Object Repository/Stockbit/input__BandarmologyOpenEndDate'

2024-01-22 18:39:29 - [MESSAGE][PASSED] - Text '2024-01-22' is set on object 'Object Repository/Stockbit/input__BandarmologyOpenEndDate'

2024-01-22 18:39:29 - [TEST_STEP][PASSED] - sendKeys(findTestObject("Stockbit/input__BandarmologyOpenEndDate"), Keys.chord(ENTER)): Keys 'ENTER + ' sent to object: 'Object Repository/Stockbit/input__BandarmologyOpenEndDate'

2024-01-22 18:39:30 - [MESSAGE][PASSED] - Keys 'ENTER + ' sent to object: 'Object Repository/Stockbit/input__BandarmologyOpenEndDate'

2024-01-22 18:39:30 - [TEST_STEP][PASSED] - delay(2): Delayed 2 second(s)

2024-01-22 18:39:32 - [MESSAGE][PASSED] - Delayed 2 second(s)

2024-01-22 18:39:32 - [TEST_STEP][PASSED] - strTemp = getText(findTestObject("Stockbit/Bandarmology_AvgRP")): Text of object 'Object Repository/Stockbit/Bandarmology_AvgRP' is: '67'

2024-01-22 18:39:32 - [MESSAGE][PASSED] - Text of object 'Object Repository/Stockbit/Bandarmology_AvgRP' is: '67'

2024-01-22 18:39:32 - [TEST_STEP][PASSED] - out.println("Bandarmology_AvgRP = " + strTemp): null

2024-01-22 18:39:32 - [TEST_STEP][PASSED] - if (strTemp != "0"): null

2024-01-22 18:39:32 - [TEST_STEP][PASSED] - strTop1 = getText(findTestObject("Stockbit/Bandarmology_Top1")): Text of object 'Object Repository/Stockbit/Bandarmology_Top1' is: 'Normal Dist'

2024-01-22 18:39:32 - [MESSAGE][PASSED] - Text of object 'Object Repository/Stockbit/Bandarmology_Top1' is: 'Normal Dist'

2024-01-22 18:39:32 - [TEST_STEP][PASSED] - strTop3 = getText(findTestObject("Stockbit/Bandarmology_Top3")): Text of object 'Object Repository/Stockbit/Bandarmology_Top3' is: 'Small Dist'

2024-01-22 18:39:32 - [MESSAGE][PASSED] - Text of object 'Object Repository/Stockbit/Bandarmology_Top3' is: 'Small Dist'

2024-01-22 18:39:32 - [TEST_STEP][PASSED] - strTop5 = getText(findTestObject("Stockbit/Bandarmology_Top5")): Text of object 'Object Repository/Stockbit/Bandarmology_Top5' is: 'Small Dist'

2024-01-22 18:39:32 - [MESSAGE][PASSED] - Text of object 'Object Repository/Stockbit/Bandarmology_Top5' is: 'Small Dist'

2024-01-22 18:39:32 - [TEST_STEP][PASSED] - strAllBrokAvg = getText(findTestObject("Stockbit/Bandarmology_TopAVG")): Text of object 'Object Repository/Stockbit/Bandarmology_TopAVG' is: 'Small Dist'

2024-01-22 18:39:32 - [MESSAGE][PASSED] - Text of object 'Object Repository/Stockbit/Bandarmology_TopAVG' is: 'Small Dist'

2024-01-22 18:39:32 - [TEST_STEP][PASSED] - strTemp = getText(findTestObject("Stockbit/Bandarmology_AvgRP")): Text of object 'Object Repository/Stockbit/Bandarmology_AvgRP' is: '67'

2024-01-22 18:39:33 - [MESSAGE][PASSED] - Text of object 'Object Repository/Stockbit/Bandarmology_AvgRP' is: '67'

2024-01-22 18:39:33 - [TEST_STEP][PASSED] - if (strTemp.contains(",")): null

2024-01-22 18:39:33 - [TEST_STEP][PASSED] - intAvgRP = strTemp.toInteger(): null

2024-01-22 18:39:33 - [TEST_STEP][PASSED] - strBuyer1 = getText(findTestObject("Stockbit/Bandarmology_Buyer1")): Text of object 'Object Repository/Stockbit/Bandarmology_Buyer1' is: 'CC'

2024-01-22 18:39:33 - [MESSAGE][PASSED] - Text of object 'Object Repository/Stockbit/Bandarmology_Buyer1' is: 'CC'

2024-01-22 18:39:33 - [TEST_STEP][PASSED] - strBuyerVol1 = getText(findTestObject("Stockbit/Bandarmology_BuyerVol1")): Text of object 'Object Repository/Stockbit/Bandarmology_BuyerVol1' is: '44.2 K'

2024-01-22 18:39:33 - [MESSAGE][PASSED] - Text of object 'Object Repository/Stockbit/Bandarmology_BuyerVol1' is: '44.2 K'

2024-01-22 18:39:33 - [TEST_STEP][PASSED] - strBuyerAvg1 = getText(findTestObject("Stockbit/Bandarmology_BuyerAvg1")): Text of object 'Object Repository/Stockbit/Bandarmology_BuyerAvg1' is: '65'

2024-01-22 18:39:33 - [MESSAGE][PASSED] - Text of object 'Object Repository/Stockbit/Bandarmology_BuyerAvg1' is: '65'

2024-01-22 18:39:33 - [TEST_STEP][PASSED] - if (strBuyerAvg1.contains(",")): null

2024-01-22 18:39:33 - [TEST_STEP][PASSED] - if (strBuyerVol1.contains(" B")): null

2024-01-22 18:39:33 - [TEST_STEP][PASSED] - else if (strBuyerVol1.contains(" M")): null

2024-01-22 18:39:33 - [TEST_STEP][PASSED] - else if (strBuyerVol1.contains(" K")): null

2024-01-22 18:39:33 - [TEST_STEP][PASSED] - strBuyerVol1 = strBuyerVol1.replace(" K", ""): null

2024-01-22 18:39:33 - [TEST_STEP][PASSED] - strBuyerVol1 = strBuyerVol1.toDouble() * 1000: null

2024-01-22 18:39:33 - [TEST_STEP][PASSED] - strSeller1 = getText(findTestObject("Stockbit/Bandarmology_Seller1")): Text of object 'Object Repository/Stockbit/Bandarmology_Seller1' is: 'YP'

2024-01-22 18:39:33 - [MESSAGE][PASSED] - Text of object 'Object Repository/Stockbit/Bandarmology_Seller1' is: 'YP'

2024-01-22 18:39:33 - [TEST_STEP][PASSED] - strSellerVol1 = getText(findTestObject("Stockbit/Bandarmology_SellerVol1")): Text of object 'Object Repository/Stockbit/Bandarmology_SellerVol1' is: '72.5 K'

2024-01-22 18:39:33 - [MESSAGE][PASSED] - Text of object 'Object Repository/Stockbit/Bandarmology_SellerVol1' is: '72.5 K'

2024-01-22 18:39:33 - [TEST_STEP][PASSED] - strSellerAvg1 = getText(findTestObject("Stockbit/Bandarmology_SellerAvg1")): Text of object 'Object Repository/Stockbit/Bandarmology_SellerAvg1' is: '67'

2024-01-22 18:39:33 - [MESSAGE][PASSED] - Text of object 'Object Repository/Stockbit/Bandarmology_SellerAvg1' is: '67'

2024-01-22 18:39:33 - [TEST_STEP][PASSED] - if (strSellerAvg1.contains(",")): null

2024-01-22 18:39:33 - [TEST_STEP][PASSED] - if (strSellerVol1.contains(" B")): null

2024-01-22 18:39:33 - [TEST_STEP][PASSED] - else if (strSellerVol1.contains(" M")): null

2024-01-22 18:39:33 - [TEST_STEP][PASSED] - else if (strSellerVol1.contains(" K")): null

2024-01-22 18:39:33 - [TEST_STEP][PASSED] - strSellerVol1 = strSellerVol1.replace(" K", ""): null

2024-01-22 18:39:33 - [TEST_STEP][PASSED] - strSellerVol1 = strSellerVol1.toDouble() * 1000: null

2024-01-22 18:39:33 - [TEST_STEP][PASSED] - if (verifyElementNotPresent(findTestObject("Stockbit/Bandarmology_Buyer2"), 1, OPTIONAL)): Web element with id: 'Object Repository/Stockbit/Bandarmology_Buyer2' located by 'By.xpath: //*[contains(@id, 'rc-tabs-')]/div[2]/div/div/div/div/div/div[2]/table/tbody/tr[3]/td[1]/p' is present after '1' second(s) (Root cause: com.kms.katalon.core.exception.StepFailedException: Web element with id: 'Object Repository/Stockbit/Bandarmology_Buyer2' located by 'By.xpath: //*[contains(@id, 'rc-tabs-')]/div[2]/div/div/div/div/div/div[2]/table/tbody/tr[3]/td[1]/p' is present after '1' second(s)
	at com.kms.katalon.core.webui.keyword.internal.WebUIKeywordMain.stepFailed(WebUIKeywordMain.groovy:64)
	at com.kms.katalon.core.webui.keyword.internal.WebUIKeywordMain$stepFailed$0.call(Unknown Source)
	at com.kms.katalon.core.webui.keyword.builtin.VerifyElementNotPresentKeyword$_verifyElementNotPresent_closure1.doCall(VerifyElementNotPresentKeyword.groovy:106)
	at com.kms.katalon.core.webui.keyword.builtin.VerifyElementNotPresentKeyword$_verifyElementNotPresent_closure1.doCall(VerifyElementNotPresentKeyword.groovy)
	at com.kms.katalon.core.webui.keyword.internal.WebUIKeywordMain.runKeyword(WebUIKeywordMain.groovy:20)
	at com.kms.katalon.core.webui.keyword.internal.WebUIKeywordMain$runKeyword.call(Unknown Source)
	at com.kms.katalon.core.webui.keyword.builtin.VerifyElementNotPresentKeyword.verifyElementNotPresent(VerifyElementNotPresentKeyword.groovy:117)
	at com.kms.katalon.core.webui.keyword.builtin.VerifyElementNotPresentKeyword.execute(VerifyElementNotPresentKeyword.groovy:68)
	at com.kms.katalon.core.keyword.internal.KeywordExecutor.executeKeywordForPlatform(KeywordExecutor.groovy:74)
	at com.kms.katalon.core.webui.keyword.WebUiBuiltInKeywords.verifyElementNotPresent(WebUiBuiltInKeywords.groovy:1481)
	at com.kms.katalon.core.webui.keyword.WebUiBuiltInKeywords$verifyElementNotPresent$8.call(Unknown Source)
	at GetBrokSumPriceDaily.run(GetBrokSumPriceDaily:258)
	at com.kms.katalon.core.main.ScriptEngine.run(ScriptEngine.java:194)
	at com.kms.katalon.core.main.ScriptEngine.runScriptAsRawText(ScriptEngine.java:119)
	at com.kms.katalon.core.main.TestCaseExecutor.runScript(TestCaseExecutor.java:445)
	at com.kms.katalon.core.main.TestCaseExecutor.doExecute(TestCaseExecutor.java:436)
	at com.kms.katalon.core.main.TestCaseExecutor.processExecutionPhase(TestCaseExecutor.java:415)
	at com.kms.katalon.core.main.TestCaseExecutor.accessMainPhase(TestCaseExecutor.java:407)
	at com.kms.katalon.core.main.TestCaseExecutor.execute(TestCaseExecutor.java:284)
	at com.kms.katalon.core.common.CommonExecutor.accessTestCaseMainPhase(CommonExecutor.java:65)
	at com.kms.katalon.core.main.TestSuiteExecutor.accessTestSuiteMainPhase(TestSuiteExecutor.java:144)
	at com.kms.katalon.core.main.TestSuiteExecutor.execute(TestSuiteExecutor.java:106)
	at com.kms.katalon.core.main.TestCaseMain.startTestSuite(TestCaseMain.java:185)
	at com.kms.katalon.core.main.TestCaseMain$startTestSuite$0.call(Unknown Source)
	at TempTestSuite1705923140048.run(TempTestSuite1705923140048.groovy:36)
)

2024-01-22 18:39:35 - [MESSAGE][WARNING] - Web element with id: 'Object Repository/Stockbit/Bandarmology_Buyer2' located by 'By.xpath: //*[contains(@id, 'rc-tabs-')]/div[2]/div/div/div/div/div/div[2]/table/tbody/tr[3]/td[1]/p' is present after '1' second(s) (Root cause: com.kms.katalon.core.exception.StepFailedException: Web element with id: 'Object Repository/Stockbit/Bandarmology_Buyer2' located by 'By.xpath: //*[contains(@id, 'rc-tabs-')]/div[2]/div/div/div/div/div/div[2]/table/tbody/tr[3]/td[1]/p' is present after '1' second(s)
	at com.kms.katalon.core.webui.keyword.internal.WebUIKeywordMain.stepFailed(WebUIKeywordMain.groovy:64)
	at com.kms.katalon.core.webui.keyword.internal.WebUIKeywordMain$stepFailed$0.call(Unknown Source)
	at com.kms.katalon.core.webui.keyword.builtin.VerifyElementNotPresentKeyword$_verifyElementNotPresent_closure1.doCall(VerifyElementNotPresentKeyword.groovy:106)
	at com.kms.katalon.core.webui.keyword.builtin.VerifyElementNotPresentKeyword$_verifyElementNotPresent_closure1.doCall(VerifyElementNotPresentKeyword.groovy)
	at com.kms.katalon.core.webui.keyword.internal.WebUIKeywordMain.runKeyword(WebUIKeywordMain.groovy:20)
	at com.kms.katalon.core.webui.keyword.internal.WebUIKeywordMain$runKeyword.call(Unknown Source)
	at com.kms.katalon.core.webui.keyword.builtin.VerifyElementNotPresentKeyword.verifyElementNotPresent(VerifyElementNotPresentKeyword.groovy:117)
	at com.kms.katalon.core.webui.keyword.builtin.VerifyElementNotPresentKeyword.execute(VerifyElementNotPresentKeyword.groovy:68)
	at com.kms.katalon.core.keyword.internal.KeywordExecutor.executeKeywordForPlatform(KeywordExecutor.groovy:74)
	at com.kms.katalon.core.webui.keyword.WebUiBuiltInKeywords.verifyElementNotPresent(WebUiBuiltInKeywords.groovy:1481)
	at com.kms.katalon.core.webui.keyword.WebUiBuiltInKeywords$verifyElementNotPresent$8.call(Unknown Source)
	at GetBrokSumPriceDaily.run(GetBrokSumPriceDaily:258)
	at com.kms.katalon.core.main.ScriptEngine.run(ScriptEngine.java:194)
	at com.kms.katalon.core.main.ScriptEngine.runScriptAsRawText(ScriptEngine.java:119)
	at com.kms.katalon.core.main.TestCaseExecutor.runScript(TestCaseExecutor.java:445)
	at com.kms.katalon.core.main.TestCaseExecutor.doExecute(TestCaseExecutor.java:436)
	at com.kms.katalon.core.main.TestCaseExecutor.processExecutionPhase(TestCaseExecutor.java:415)
	at com.kms.katalon.core.main.TestCaseExecutor.accessMainPhase(TestCaseExecutor.java:407)
	at com.kms.katalon.core.main.TestCaseExecutor.execute(TestCaseExecutor.java:284)
	at com.kms.katalon.core.common.CommonExecutor.accessTestCaseMainPhase(CommonExecutor.java:65)
	at com.kms.katalon.core.main.TestSuiteExecutor.accessTestSuiteMainPhase(TestSuiteExecutor.java:144)
	at com.kms.katalon.core.main.TestSuiteExecutor.execute(TestSuiteExecutor.java:106)
	at com.kms.katalon.core.main.TestCaseMain.startTestSuite(TestCaseMain.java:185)
	at com.kms.katalon.core.main.TestCaseMain$startTestSuite$0.call(Unknown Source)
	at TempTestSuite1705923140048.run(TempTestSuite1705923140048.groovy:36)
)
[[ATTACHMENT|C:\\Users\\Fadli\\git\\KatalonDailyGetData2\\Reports\\20240122_174123\\TS1\\20240122_183220\\1705923574942.png]]

2024-01-22 18:39:35 - [TEST_STEP][PASSED] - else: null

2024-01-22 18:39:35 - [TEST_STEP][PASSED] - strBuyer2 = getText(findTestObject("Stockbit/Bandarmology_Buyer2")): Text of object 'Object Repository/Stockbit/Bandarmology_Buyer2' is: 'XC'

2024-01-22 18:39:35 - [MESSAGE][PASSED] - Text of object 'Object Repository/Stockbit/Bandarmology_Buyer2' is: 'XC'

2024-01-22 18:39:35 - [TEST_STEP][PASSED] - strBuyerVol2 = getText(findTestObject("Stockbit/Bandarmology_BuyerVol2")): Text of object 'Object Repository/Stockbit/Bandarmology_BuyerVol2' is: '38.8 K'

2024-01-22 18:39:35 - [MESSAGE][PASSED] - Text of object 'Object Repository/Stockbit/Bandarmology_BuyerVol2' is: '38.8 K'

2024-01-22 18:39:35 - [TEST_STEP][PASSED] - strBuyerAvg2 = getText(findTestObject("Stockbit/Bandarmology_BuyerAvg2")): Text of object 'Object Repository/Stockbit/Bandarmology_BuyerAvg2' is: '65'

2024-01-22 18:39:35 - [MESSAGE][PASSED] - Text of object 'Object Repository/Stockbit/Bandarmology_BuyerAvg2' is: '65'

2024-01-22 18:39:35 - [TEST_STEP][PASSED] - if (strBuyer2 != ""): null

2024-01-22 18:39:35 - [TEST_STEP][PASSED] - if (strBuyerAvg2.contains(",")): null

2024-01-22 18:39:35 - [TEST_STEP][PASSED] - if (strBuyerVol2.contains(" B")): null

2024-01-22 18:39:35 - [TEST_STEP][PASSED] - else if (strBuyerVol2.contains(" M")): null

2024-01-22 18:39:35 - [TEST_STEP][PASSED] - else if (strBuyerVol2.contains(" K")): null

2024-01-22 18:39:35 - [TEST_STEP][PASSED] - strBuyerVol2 = strBuyerVol2.replace(" K", ""): null

2024-01-22 18:39:35 - [TEST_STEP][PASSED] - strBuyerVol2 = strBuyerVol2.toDouble() * 1000: null

2024-01-22 18:39:35 - [TEST_STEP][PASSED] - if (strBuyerVol2.contains(".")): null

2024-01-22 18:39:35 - [TEST_STEP][PASSED] - strBuyerVal2 = strBuyerVol2.replace(".", ""): null

2024-01-22 18:39:35 - [TEST_STEP][PASSED] - if (verifyElementNotPresent(findTestObject("Stockbit/Bandarmology_Seller2"), 1, OPTIONAL)): Web element with id: 'Object Repository/Stockbit/Bandarmology_Seller2' located by 'By.xpath: //*[contains(@id, 'rc-tabs-')]/div[2]/div/div/div/div/div/div[2]/table/tbody/tr[3]/td[5]/p' is present after '1' second(s) (Root cause: com.kms.katalon.core.exception.StepFailedException: Web element with id: 'Object Repository/Stockbit/Bandarmology_Seller2' located by 'By.xpath: //*[contains(@id, 'rc-tabs-')]/div[2]/div/div/div/div/div/div[2]/table/tbody/tr[3]/td[5]/p' is present after '1' second(s)
	at com.kms.katalon.core.webui.keyword.internal.WebUIKeywordMain.stepFailed(WebUIKeywordMain.groovy:64)
	at com.kms.katalon.core.webui.keyword.internal.WebUIKeywordMain$stepFailed$0.call(Unknown Source)
	at com.kms.katalon.core.webui.keyword.builtin.VerifyElementNotPresentKeyword$_verifyElementNotPresent_closure1.doCall(VerifyElementNotPresentKeyword.groovy:106)
	at com.kms.katalon.core.webui.keyword.builtin.VerifyElementNotPresentKeyword$_verifyElementNotPresent_closure1.doCall(VerifyElementNotPresentKeyword.groovy)
	at com.kms.katalon.core.webui.keyword.internal.WebUIKeywordMain.runKeyword(WebUIKeywordMain.groovy:20)
	at com.kms.katalon.core.webui.keyword.internal.WebUIKeywordMain$runKeyword.call(Unknown Source)
	at com.kms.katalon.core.webui.keyword.builtin.VerifyElementNotPresentKeyword.verifyElementNotPresent(VerifyElementNotPresentKeyword.groovy:117)
	at com.kms.katalon.core.webui.keyword.builtin.VerifyElementNotPresentKeyword.execute(VerifyElementNotPresentKeyword.groovy:68)
	at com.kms.katalon.core.keyword.internal.KeywordExecutor.executeKeywordForPlatform(KeywordExecutor.groovy:74)
	at com.kms.katalon.core.webui.keyword.WebUiBuiltInKeywords.verifyElementNotPresent(WebUiBuiltInKeywords.groovy:1481)
	at com.kms.katalon.core.webui.keyword.WebUiBuiltInKeywords$verifyElementNotPresent$8.call(Unknown Source)
	at GetBrokSumPriceDaily.run(GetBrokSumPriceDaily:309)
	at com.kms.katalon.core.main.ScriptEngine.run(ScriptEngine.java:194)
	at com.kms.katalon.core.main.ScriptEngine.runScriptAsRawText(ScriptEngine.java:119)
	at com.kms.katalon.core.main.TestCaseExecutor.runScript(TestCaseExecutor.java:445)
	at com.kms.katalon.core.main.TestCaseExecutor.doExecute(TestCaseExecutor.java:436)
	at com.kms.katalon.core.main.TestCaseExecutor.processExecutionPhase(TestCaseExecutor.java:415)
	at com.kms.katalon.core.main.TestCaseExecutor.accessMainPhase(TestCaseExecutor.java:407)
	at com.kms.katalon.core.main.TestCaseExecutor.execute(TestCaseExecutor.java:284)
	at com.kms.katalon.core.common.CommonExecutor.accessTestCaseMainPhase(CommonExecutor.java:65)
	at com.kms.katalon.core.main.TestSuiteExecutor.accessTestSuiteMainPhase(TestSuiteExecutor.java:144)
	at com.kms.katalon.core.main.TestSuiteExecutor.execute(TestSuiteExecutor.java:106)
	at com.kms.katalon.core.main.TestCaseMain.startTestSuite(TestCaseMain.java:185)
	at com.kms.katalon.core.main.TestCaseMain$startTestSuite$0.call(Unknown Source)
	at TempTestSuite1705923140048.run(TempTestSuite1705923140048.groovy:36)
)

2024-01-22 18:39:36 - [MESSAGE][WARNING] - Web element with id: 'Object Repository/Stockbit/Bandarmology_Seller2' located by 'By.xpath: //*[contains(@id, 'rc-tabs-')]/div[2]/div/div/div/div/div/div[2]/table/tbody/tr[3]/td[5]/p' is present after '1' second(s) (Root cause: com.kms.katalon.core.exception.StepFailedException: Web element with id: 'Object Repository/Stockbit/Bandarmology_Seller2' located by 'By.xpath: //*[contains(@id, 'rc-tabs-')]/div[2]/div/div/div/div/div/div[2]/table/tbody/tr[3]/td[5]/p' is present after '1' second(s)
	at com.kms.katalon.core.webui.keyword.internal.WebUIKeywordMain.stepFailed(WebUIKeywordMain.groovy:64)
	at com.kms.katalon.core.webui.keyword.internal.WebUIKeywordMain$stepFailed$0.call(Unknown Source)
	at com.kms.katalon.core.webui.keyword.builtin.VerifyElementNotPresentKeyword$_verifyElementNotPresent_closure1.doCall(VerifyElementNotPresentKeyword.groovy:106)
	at com.kms.katalon.core.webui.keyword.builtin.VerifyElementNotPresentKeyword$_verifyElementNotPresent_closure1.doCall(VerifyElementNotPresentKeyword.groovy)
	at com.kms.katalon.core.webui.keyword.internal.WebUIKeywordMain.runKeyword(WebUIKeywordMain.groovy:20)
	at com.kms.katalon.core.webui.keyword.internal.WebUIKeywordMain$runKeyword.call(Unknown Source)
	at com.kms.katalon.core.webui.keyword.builtin.VerifyElementNotPresentKeyword.verifyElementNotPresent(VerifyElementNotPresentKeyword.groovy:117)
	at com.kms.katalon.core.webui.keyword.builtin.VerifyElementNotPresentKeyword.execute(VerifyElementNotPresentKeyword.groovy:68)
	at com.kms.katalon.core.keyword.internal.KeywordExecutor.executeKeywordForPlatform(KeywordExecutor.groovy:74)
	at com.kms.katalon.core.webui.keyword.WebUiBuiltInKeywords.verifyElementNotPresent(WebUiBuiltInKeywords.groovy:1481)
	at com.kms.katalon.core.webui.keyword.WebUiBuiltInKeywords$verifyElementNotPresent$8.call(Unknown Source)
	at GetBrokSumPriceDaily.run(GetBrokSumPriceDaily:309)
	at com.kms.katalon.core.main.ScriptEngine.run(ScriptEngine.java:194)
	at com.kms.katalon.core.main.ScriptEngine.runScriptAsRawText(ScriptEngine.java:119)
	at com.kms.katalon.core.main.TestCaseExecutor.runScript(TestCaseExecutor.java:445)
	at com.kms.katalon.core.main.TestCaseExecutor.doExecute(TestCaseExecutor.java:436)
	at com.kms.katalon.core.main.TestCaseExecutor.processExecutionPhase(TestCaseExecutor.java:415)
	at com.kms.katalon.core.main.TestCaseExecutor.accessMainPhase(TestCaseExecutor.java:407)
	at com.kms.katalon.core.main.TestCaseExecutor.execute(TestCaseExecutor.java:284)
	at com.kms.katalon.core.common.CommonExecutor.accessTestCaseMainPhase(CommonExecutor.java:65)
	at com.kms.katalon.core.main.TestSuiteExecutor.accessTestSuiteMainPhase(TestSuiteExecutor.java:144)
	at com.kms.katalon.core.main.TestSuiteExecutor.execute(TestSuiteExecutor.java:106)
	at com.kms.katalon.core.main.TestCaseMain.startTestSuite(TestCaseMain.java:185)
	at com.kms.katalon.core.main.TestCaseMain$startTestSuite$0.call(Unknown Source)
	at TempTestSuite1705923140048.run(TempTestSuite1705923140048.groovy:36)
)
[[ATTACHMENT|C:\\Users\\Fadli\\git\\KatalonDailyGetData2\\Reports\\20240122_174123\\TS1\\20240122_183220\\1705923576642.png]]

2024-01-22 18:39:36 - [TEST_STEP][PASSED] - else: null

2024-01-22 18:39:36 - [TEST_STEP][PASSED] - strSeller2 = getText(findTestObject("Stockbit/Bandarmology_Seller2")): Text of object 'Object Repository/Stockbit/Bandarmology_Seller2' is: 'PF'

2024-01-22 18:39:36 - [MESSAGE][PASSED] - Text of object 'Object Repository/Stockbit/Bandarmology_Seller2' is: 'PF'

2024-01-22 18:39:36 - [TEST_STEP][PASSED] - strSellerVol2 = getText(findTestObject("Stockbit/Bandarmology_SellerVol2")): Text of object 'Object Repository/Stockbit/Bandarmology_SellerVol2' is: '30 K'

2024-01-22 18:39:37 - [MESSAGE][PASSED] - Text of object 'Object Repository/Stockbit/Bandarmology_SellerVol2' is: '30 K'

2024-01-22 18:39:37 - [TEST_STEP][PASSED] - strSellerAvg2 = getText(findTestObject("Stockbit/Bandarmology_SellerAvg2")): Text of object 'Object Repository/Stockbit/Bandarmology_SellerAvg2' is: '67'

2024-01-22 18:39:37 - [MESSAGE][PASSED] - Text of object 'Object Repository/Stockbit/Bandarmology_SellerAvg2' is: '67'

2024-01-22 18:39:37 - [TEST_STEP][PASSED] - if (strSeller2 != ""): null

2024-01-22 18:39:37 - [TEST_STEP][PASSED] - if (strSellerAvg2.contains(",")): null

2024-01-22 18:39:37 - [TEST_STEP][PASSED] - if (strSellerVol2.contains(" B")): null

2024-01-22 18:39:37 - [TEST_STEP][PASSED] - else if (strSellerVol2.contains(" M")): null

2024-01-22 18:39:37 - [TEST_STEP][PASSED] - else if (strSellerVol2.contains(" K")): null

2024-01-22 18:39:37 - [TEST_STEP][PASSED] - strSellerVol2 = strSellerVol2.replace(" K", ""): null

2024-01-22 18:39:37 - [TEST_STEP][PASSED] - strSellerVol2 = strSellerVol2.toDouble() * 1000: null

2024-01-22 18:39:37 - [TEST_STEP][PASSED] - if (verifyElementNotPresent(findTestObject("Stockbit/Bandarmology_Buyer3"), 1, OPTIONAL)): Web element with id: 'Object Repository/Stockbit/Bandarmology_Buyer3' located by 'By.xpath: //*[contains(@id, 'rc-tabs-')]/div[2]/div/div/div/div/div/div[2]/table/tbody/tr[4]/td[1]/p' is present after '1' second(s) (Root cause: com.kms.katalon.core.exception.StepFailedException: Web element with id: 'Object Repository/Stockbit/Bandarmology_Buyer3' located by 'By.xpath: //*[contains(@id, 'rc-tabs-')]/div[2]/div/div/div/div/div/div[2]/table/tbody/tr[4]/td[1]/p' is present after '1' second(s)
	at com.kms.katalon.core.webui.keyword.internal.WebUIKeywordMain.stepFailed(WebUIKeywordMain.groovy:64)
	at com.kms.katalon.core.webui.keyword.internal.WebUIKeywordMain$stepFailed$0.call(Unknown Source)
	at com.kms.katalon.core.webui.keyword.builtin.VerifyElementNotPresentKeyword$_verifyElementNotPresent_closure1.doCall(VerifyElementNotPresentKeyword.groovy:106)
	at com.kms.katalon.core.webui.keyword.builtin.VerifyElementNotPresentKeyword$_verifyElementNotPresent_closure1.doCall(VerifyElementNotPresentKeyword.groovy)
	at com.kms.katalon.core.webui.keyword.internal.WebUIKeywordMain.runKeyword(WebUIKeywordMain.groovy:20)
	at com.kms.katalon.core.webui.keyword.internal.WebUIKeywordMain$runKeyword.call(Unknown Source)
	at com.kms.katalon.core.webui.keyword.builtin.VerifyElementNotPresentKeyword.verifyElementNotPresent(VerifyElementNotPresentKeyword.groovy:117)
	at com.kms.katalon.core.webui.keyword.builtin.VerifyElementNotPresentKeyword.execute(VerifyElementNotPresentKeyword.groovy:68)
	at com.kms.katalon.core.keyword.internal.KeywordExecutor.executeKeywordForPlatform(KeywordExecutor.groovy:74)
	at com.kms.katalon.core.webui.keyword.WebUiBuiltInKeywords.verifyElementNotPresent(WebUiBuiltInKeywords.groovy:1481)
	at com.kms.katalon.core.webui.keyword.WebUiBuiltInKeywords$verifyElementNotPresent$8.call(Unknown Source)
	at GetBrokSumPriceDaily.run(GetBrokSumPriceDaily:361)
	at com.kms.katalon.core.main.ScriptEngine.run(ScriptEngine.java:194)
	at com.kms.katalon.core.main.ScriptEngine.runScriptAsRawText(ScriptEngine.java:119)
	at com.kms.katalon.core.main.TestCaseExecutor.runScript(TestCaseExecutor.java:445)
	at com.kms.katalon.core.main.TestCaseExecutor.doExecute(TestCaseExecutor.java:436)
	at com.kms.katalon.core.main.TestCaseExecutor.processExecutionPhase(TestCaseExecutor.java:415)
	at com.kms.katalon.core.main.TestCaseExecutor.accessMainPhase(TestCaseExecutor.java:407)
	at com.kms.katalon.core.main.TestCaseExecutor.execute(TestCaseExecutor.java:284)
	at com.kms.katalon.core.common.CommonExecutor.accessTestCaseMainPhase(CommonExecutor.java:65)
	at com.kms.katalon.core.main.TestSuiteExecutor.accessTestSuiteMainPhase(TestSuiteExecutor.java:144)
	at com.kms.katalon.core.main.TestSuiteExecutor.execute(TestSuiteExecutor.java:106)
	at com.kms.katalon.core.main.TestCaseMain.startTestSuite(TestCaseMain.java:185)
	at com.kms.katalon.core.main.TestCaseMain$startTestSuite$0.call(Unknown Source)
	at TempTestSuite1705923140048.run(TempTestSuite1705923140048.groovy:36)
)

2024-01-22 18:39:38 - [MESSAGE][WARNING] - Web element with id: 'Object Repository/Stockbit/Bandarmology_Buyer3' located by 'By.xpath: //*[contains(@id, 'rc-tabs-')]/div[2]/div/div/div/div/div/div[2]/table/tbody/tr[4]/td[1]/p' is present after '1' second(s) (Root cause: com.kms.katalon.core.exception.StepFailedException: Web element with id: 'Object Repository/Stockbit/Bandarmology_Buyer3' located by 'By.xpath: //*[contains(@id, 'rc-tabs-')]/div[2]/div/div/div/div/div/div[2]/table/tbody/tr[4]/td[1]/p' is present after '1' second(s)
	at com.kms.katalon.core.webui.keyword.internal.WebUIKeywordMain.stepFailed(WebUIKeywordMain.groovy:64)
	at com.kms.katalon.core.webui.keyword.internal.WebUIKeywordMain$stepFailed$0.call(Unknown Source)
	at com.kms.katalon.core.webui.keyword.builtin.VerifyElementNotPresentKeyword$_verifyElementNotPresent_closure1.doCall(VerifyElementNotPresentKeyword.groovy:106)
	at com.kms.katalon.core.webui.keyword.builtin.VerifyElementNotPresentKeyword$_verifyElementNotPresent_closure1.doCall(VerifyElementNotPresentKeyword.groovy)
	at com.kms.katalon.core.webui.keyword.internal.WebUIKeywordMain.runKeyword(WebUIKeywordMain.groovy:20)
	at com.kms.katalon.core.webui.keyword.internal.WebUIKeywordMain$runKeyword.call(Unknown Source)
	at com.kms.katalon.core.webui.keyword.builtin.VerifyElementNotPresentKeyword.verifyElementNotPresent(VerifyElementNotPresentKeyword.groovy:117)
	at com.kms.katalon.core.webui.keyword.builtin.VerifyElementNotPresentKeyword.execute(VerifyElementNotPresentKeyword.groovy:68)
	at com.kms.katalon.core.keyword.internal.KeywordExecutor.executeKeywordForPlatform(KeywordExecutor.groovy:74)
	at com.kms.katalon.core.webui.keyword.WebUiBuiltInKeywords.verifyElementNotPresent(WebUiBuiltInKeywords.groovy:1481)
	at com.kms.katalon.core.webui.keyword.WebUiBuiltInKeywords$verifyElementNotPresent$8.call(Unknown Source)
	at GetBrokSumPriceDaily.run(GetBrokSumPriceDaily:361)
	at com.kms.katalon.core.main.ScriptEngine.run(ScriptEngine.java:194)
	at com.kms.katalon.core.main.ScriptEngine.runScriptAsRawText(ScriptEngine.java:119)
	at com.kms.katalon.core.main.TestCaseExecutor.runScript(TestCaseExecutor.java:445)
	at com.kms.katalon.core.main.TestCaseExecutor.doExecute(TestCaseExecutor.java:436)
	at com.kms.katalon.core.main.TestCaseExecutor.processExecutionPhase(TestCaseExecutor.java:415)
	at com.kms.katalon.core.main.TestCaseExecutor.accessMainPhase(TestCaseExecutor.java:407)
	at com.kms.katalon.core.main.TestCaseExecutor.execute(TestCaseExecutor.java:284)
	at com.kms.katalon.core.common.CommonExecutor.accessTestCaseMainPhase(CommonExecutor.java:65)
	at com.kms.katalon.core.main.TestSuiteExecutor.accessTestSuiteMainPhase(TestSuiteExecutor.java:144)
	at com.kms.katalon.core.main.TestSuiteExecutor.execute(TestSuiteExecutor.java:106)
	at com.kms.katalon.core.main.TestCaseMain.startTestSuite(TestCaseMain.java:185)
	at com.kms.katalon.core.main.TestCaseMain$startTestSuite$0.call(Unknown Source)
	at TempTestSuite1705923140048.run(TempTestSuite1705923140048.groovy:36)
)
[[ATTACHMENT|C:\\Users\\Fadli\\git\\KatalonDailyGetData2\\Reports\\20240122_174123\\TS1\\20240122_183220\\1705923578348.png]]

2024-01-22 18:39:38 - [TEST_STEP][PASSED] - else: null

2024-01-22 18:39:38 - [TEST_STEP][PASSED] - strBuyer3 = getText(findTestObject("Stockbit/Bandarmology_Buyer3")): Text of object 'Object Repository/Stockbit/Bandarmology_Buyer3' is: 'XL'

2024-01-22 18:39:38 - [MESSAGE][PASSED] - Text of object 'Object Repository/Stockbit/Bandarmology_Buyer3' is: 'XL'

2024-01-22 18:39:38 - [TEST_STEP][PASSED] - strBuyerVol3 = getText(findTestObject("Stockbit/Bandarmology_BuyerVol3")): Text of object 'Object Repository/Stockbit/Bandarmology_BuyerVol3' is: '27.7 K'

2024-01-22 18:39:38 - [MESSAGE][PASSED] - Text of object 'Object Repository/Stockbit/Bandarmology_BuyerVol3' is: '27.7 K'

2024-01-22 18:39:38 - [TEST_STEP][PASSED] - strBuyerAvg3 = getText(findTestObject("Stockbit/Bandarmology_BuyerAvg3")): Text of object 'Object Repository/Stockbit/Bandarmology_BuyerAvg3' is: '68'

2024-01-22 18:39:38 - [MESSAGE][PASSED] - Text of object 'Object Repository/Stockbit/Bandarmology_BuyerAvg3' is: '68'

2024-01-22 18:39:38 - [TEST_STEP][PASSED] - if (strBuyer3 != ""): null

2024-01-22 18:39:38 - [TEST_STEP][PASSED] - if (strBuyerAvg3.contains(",")): null

2024-01-22 18:39:38 - [TEST_STEP][PASSED] - if (strBuyerVol3.contains(" B")): null

2024-01-22 18:39:38 - [TEST_STEP][PASSED] - else if (strBuyerVol3.contains(" M")): null

2024-01-22 18:39:38 - [TEST_STEP][PASSED] - else if (strBuyerVol3.contains(" K")): null

2024-01-22 18:39:38 - [TEST_STEP][PASSED] - strBuyerVol3 = strBuyerVol3.replace(" K", ""): null

2024-01-22 18:39:38 - [TEST_STEP][PASSED] - strBuyerVol3 = strBuyerVol3.toDouble() * 1000: null

2024-01-22 18:39:38 - [TEST_STEP][PASSED] - if (verifyElementNotPresent(findTestObject("Stockbit/Bandarmology_Seller3"), 1, OPTIONAL)): Web element with id: 'Object Repository/Stockbit/Bandarmology_Seller3' located by 'By.xpath: //*[contains(@id, 'rc-tabs-')]/div[2]/div/div/div/div/div/div[2]/table/tbody/tr[4]/td[5]/p' is present after '1' second(s) (Root cause: com.kms.katalon.core.exception.StepFailedException: Web element with id: 'Object Repository/Stockbit/Bandarmology_Seller3' located by 'By.xpath: //*[contains(@id, 'rc-tabs-')]/div[2]/div/div/div/div/div/div[2]/table/tbody/tr[4]/td[5]/p' is present after '1' second(s)
	at com.kms.katalon.core.webui.keyword.internal.WebUIKeywordMain.stepFailed(WebUIKeywordMain.groovy:64)
	at com.kms.katalon.core.webui.keyword.internal.WebUIKeywordMain$stepFailed$0.call(Unknown Source)
	at com.kms.katalon.core.webui.keyword.builtin.VerifyElementNotPresentKeyword$_verifyElementNotPresent_closure1.doCall(VerifyElementNotPresentKeyword.groovy:106)
	at com.kms.katalon.core.webui.keyword.builtin.VerifyElementNotPresentKeyword$_verifyElementNotPresent_closure1.doCall(VerifyElementNotPresentKeyword.groovy)
	at com.kms.katalon.core.webui.keyword.internal.WebUIKeywordMain.runKeyword(WebUIKeywordMain.groovy:20)
	at com.kms.katalon.core.webui.keyword.internal.WebUIKeywordMain$runKeyword.call(Unknown Source)
	at com.kms.katalon.core.webui.keyword.builtin.VerifyElementNotPresentKeyword.verifyElementNotPresent(VerifyElementNotPresentKeyword.groovy:117)
	at com.kms.katalon.core.webui.keyword.builtin.VerifyElementNotPresentKeyword.execute(VerifyElementNotPresentKeyword.groovy:68)
	at com.kms.katalon.core.keyword.internal.KeywordExecutor.executeKeywordForPlatform(KeywordExecutor.groovy:74)
	at com.kms.katalon.core.webui.keyword.WebUiBuiltInKeywords.verifyElementNotPresent(WebUiBuiltInKeywords.groovy:1481)
	at com.kms.katalon.core.webui.keyword.WebUiBuiltInKeywords$verifyElementNotPresent$8.call(Unknown Source)
	at GetBrokSumPriceDaily.run(GetBrokSumPriceDaily:414)
	at com.kms.katalon.core.main.ScriptEngine.run(ScriptEngine.java:194)
	at com.kms.katalon.core.main.ScriptEngine.runScriptAsRawText(ScriptEngine.java:119)
	at com.kms.katalon.core.main.TestCaseExecutor.runScript(TestCaseExecutor.java:445)
	at com.kms.katalon.core.main.TestCaseExecutor.doExecute(TestCaseExecutor.java:436)
	at com.kms.katalon.core.main.TestCaseExecutor.processExecutionPhase(TestCaseExecutor.java:415)
	at com.kms.katalon.core.main.TestCaseExecutor.accessMainPhase(TestCaseExecutor.java:407)
	at com.kms.katalon.core.main.TestCaseExecutor.execute(TestCaseExecutor.java:284)
	at com.kms.katalon.core.common.CommonExecutor.accessTestCaseMainPhase(CommonExecutor.java:65)
	at com.kms.katalon.core.main.TestSuiteExecutor.accessTestSuiteMainPhase(TestSuiteExecutor.java:144)
	at com.kms.katalon.core.main.TestSuiteExecutor.execute(TestSuiteExecutor.java:106)
	at com.kms.katalon.core.main.TestCaseMain.startTestSuite(TestCaseMain.java:185)
	at com.kms.katalon.core.main.TestCaseMain$startTestSuite$0.call(Unknown Source)
	at TempTestSuite1705923140048.run(TempTestSuite1705923140048.groovy:36)
)

2024-01-22 18:39:40 - [MESSAGE][WARNING] - Web element with id: 'Object Repository/Stockbit/Bandarmology_Seller3' located by 'By.xpath: //*[contains(@id, 'rc-tabs-')]/div[2]/div/div/div/div/div/div[2]/table/tbody/tr[4]/td[5]/p' is present after '1' second(s) (Root cause: com.kms.katalon.core.exception.StepFailedException: Web element with id: 'Object Repository/Stockbit/Bandarmology_Seller3' located by 'By.xpath: //*[contains(@id, 'rc-tabs-')]/div[2]/div/div/div/div/div/div[2]/table/tbody/tr[4]/td[5]/p' is present after '1' second(s)
	at com.kms.katalon.core.webui.keyword.internal.WebUIKeywordMain.stepFailed(WebUIKeywordMain.groovy:64)
	at com.kms.katalon.core.webui.keyword.internal.WebUIKeywordMain$stepFailed$0.call(Unknown Source)
	at com.kms.katalon.core.webui.keyword.builtin.VerifyElementNotPresentKeyword$_verifyElementNotPresent_closure1.doCall(VerifyElementNotPresentKeyword.groovy:106)
	at com.kms.katalon.core.webui.keyword.builtin.VerifyElementNotPresentKeyword$_verifyElementNotPresent_closure1.doCall(VerifyElementNotPresentKeyword.groovy)
	at com.kms.katalon.core.webui.keyword.internal.WebUIKeywordMain.runKeyword(WebUIKeywordMain.groovy:20)
	at com.kms.katalon.core.webui.keyword.internal.WebUIKeywordMain$runKeyword.call(Unknown Source)
	at com.kms.katalon.core.webui.keyword.builtin.VerifyElementNotPresentKeyword.verifyElementNotPresent(VerifyElementNotPresentKeyword.groovy:117)
	at com.kms.katalon.core.webui.keyword.builtin.VerifyElementNotPresentKeyword.execute(VerifyElementNotPresentKeyword.groovy:68)
	at com.kms.katalon.core.keyword.internal.KeywordExecutor.executeKeywordForPlatform(KeywordExecutor.groovy:74)
	at com.kms.katalon.core.webui.keyword.WebUiBuiltInKeywords.verifyElementNotPresent(WebUiBuiltInKeywords.groovy:1481)
	at com.kms.katalon.core.webui.keyword.WebUiBuiltInKeywords$verifyElementNotPresent$8.call(Unknown Source)
	at GetBrokSumPriceDaily.run(GetBrokSumPriceDaily:414)
	at com.kms.katalon.core.main.ScriptEngine.run(ScriptEngine.java:194)
	at com.kms.katalon.core.main.ScriptEngine.runScriptAsRawText(ScriptEngine.java:119)
	at com.kms.katalon.core.main.TestCaseExecutor.runScript(TestCaseExecutor.java:445)
	at com.kms.katalon.core.main.TestCaseExecutor.doExecute(TestCaseExecutor.java:436)
	at com.kms.katalon.core.main.TestCaseExecutor.processExecutionPhase(TestCaseExecutor.java:415)
	at com.kms.katalon.core.main.TestCaseExecutor.accessMainPhase(TestCaseExecutor.java:407)
	at com.kms.katalon.core.main.TestCaseExecutor.execute(TestCaseExecutor.java:284)
	at com.kms.katalon.core.common.CommonExecutor.accessTestCaseMainPhase(CommonExecutor.java:65)
	at com.kms.katalon.core.main.TestSuiteExecutor.accessTestSuiteMainPhase(TestSuiteExecutor.java:144)
	at com.kms.katalon.core.main.TestSuiteExecutor.execute(TestSuiteExecutor.java:106)
	at com.kms.katalon.core.main.TestCaseMain.startTestSuite(TestCaseMain.java:185)
	at com.kms.katalon.core.main.TestCaseMain$startTestSuite$0.call(Unknown Source)
	at TempTestSuite1705923140048.run(TempTestSuite1705923140048.groovy:36)
)
[[ATTACHMENT|C:\\Users\\Fadli\\git\\KatalonDailyGetData2\\Reports\\20240122_174123\\TS1\\20240122_183220\\1705923580044.png]]

2024-01-22 18:39:40 - [TEST_STEP][PASSED] - else: null

2024-01-22 18:39:40 - [TEST_STEP][PASSED] - strSeller3 = getText(findTestObject("Stockbit/Bandarmology_Seller3")): Text of object 'Object Repository/Stockbit/Bandarmology_Seller3' is: 'CP'

2024-01-22 18:39:40 - [MESSAGE][PASSED] - Text of object 'Object Repository/Stockbit/Bandarmology_Seller3' is: 'CP'

2024-01-22 18:39:40 - [TEST_STEP][PASSED] - strSellerVol3 = getText(findTestObject("Stockbit/Bandarmology_SellerVol3")): Text of object 'Object Repository/Stockbit/Bandarmology_SellerVol3' is: '22.2 K'

2024-01-22 18:39:40 - [MESSAGE][PASSED] - Text of object 'Object Repository/Stockbit/Bandarmology_SellerVol3' is: '22.2 K'

2024-01-22 18:39:40 - [TEST_STEP][PASSED] - strSellerAvg3 = getText(findTestObject("Stockbit/Bandarmology_SellerAvg3")): Text of object 'Object Repository/Stockbit/Bandarmology_SellerAvg3' is: '68'

2024-01-22 18:39:40 - [MESSAGE][PASSED] - Text of object 'Object Repository/Stockbit/Bandarmology_SellerAvg3' is: '68'

2024-01-22 18:39:40 - [TEST_STEP][PASSED] - if (strSeller3 != ""): null

2024-01-22 18:39:40 - [TEST_STEP][PASSED] - if (strSellerAvg3.contains(",")): null

2024-01-22 18:39:40 - [TEST_STEP][PASSED] - if (strSellerVol3.contains(" B")): null

2024-01-22 18:39:40 - [TEST_STEP][PASSED] - else if (strSellerVol3.contains(" M")): null

2024-01-22 18:39:40 - [TEST_STEP][PASSED] - else if (strSellerVol3.contains(" K")): null

2024-01-22 18:39:40 - [TEST_STEP][PASSED] - strSellerVol3 = strSellerVol3.replace(" K", ""): null

2024-01-22 18:39:40 - [TEST_STEP][PASSED] - strSellerVol3 = strSellerVol3.toDouble() * 1000: null

2024-01-22 18:39:40 - [TEST_STEP][PASSED] - strAccDist = getText(findTestObject("Stockbit/Bandarmology_AccDist")): Text of object 'Object Repository/Stockbit/Bandarmology_AccDist' is: 'Dist'

2024-01-22 18:39:40 - [MESSAGE][PASSED] - Text of object 'Object Repository/Stockbit/Bandarmology_AccDist' is: 'Dist'

2024-01-22 18:39:40 - [TEST_STEP][PASSED] - strNetVol = getText(findTestObject("Stockbit/Bandarmology_NetVol")): Text of object 'Object Repository/Stockbit/Bandarmology_NetVol' is: '182,287'

2024-01-22 18:39:40 - [MESSAGE][PASSED] - Text of object 'Object Repository/Stockbit/Bandarmology_NetVol' is: '182,287'

2024-01-22 18:39:40 - [TEST_STEP][PASSED] - strNetVol = strNetVol.replace(",", ""): null

2024-01-22 18:39:40 - [TEST_STEP][PASSED] - strNetVal = getText(findTestObject("Stockbit/Bandarmology_NetVal")): Text of object 'Object Repository/Stockbit/Bandarmology_NetVal' is: '1.2 B'

2024-01-22 18:39:40 - [MESSAGE][PASSED] - Text of object 'Object Repository/Stockbit/Bandarmology_NetVal' is: '1.2 B'

2024-01-22 18:39:40 - [TEST_STEP][PASSED] - delay(3): Delayed 3 second(s)

2024-01-22 18:39:43 - [MESSAGE][PASSED] - Delayed 3 second(s)

2024-01-22 18:39:43 - [TEST_STEP][PASSED] - strOpenPrice = getText(findTestObject("Stockbit/Home_OpenPrice")): Text of object 'Object Repository/Stockbit/Home_OpenPrice' is: '75'

2024-01-22 18:39:44 - [MESSAGE][PASSED] - Text of object 'Object Repository/Stockbit/Home_OpenPrice' is: '75'

2024-01-22 18:39:44 - [TEST_STEP][PASSED] - strOpenPrice = strOpenPrice.replace(",", ""): null

2024-01-22 18:39:44 - [TEST_STEP][PASSED] - strLowPrice = getText(findTestObject("Stockbit/Home_LowPrice")): Text of object 'Object Repository/Stockbit/Home_LowPrice' is: '58'

2024-01-22 18:39:44 - [MESSAGE][PASSED] - Text of object 'Object Repository/Stockbit/Home_LowPrice' is: '58'

2024-01-22 18:39:44 - [TEST_STEP][PASSED] - strLowPrice = strLowPrice.replace(",", ""): null

2024-01-22 18:39:44 - [TEST_STEP][PASSED] - strHighPrice = getText(findTestObject("Stockbit/Home_HighPrice")): Text of object 'Object Repository/Stockbit/Home_HighPrice' is: '79'

2024-01-22 18:39:44 - [MESSAGE][PASSED] - Text of object 'Object Repository/Stockbit/Home_HighPrice' is: '79'

2024-01-22 18:39:44 - [TEST_STEP][PASSED] - strHighPrice = strHighPrice.replace(",", ""): null

2024-01-22 18:39:44 - [TEST_STEP][PASSED] - strClosePrice = getText(findTestObject("Stockbit/Home_ClosePrice")): Text of object 'Object Repository/Stockbit/Home_ClosePrice' is: '62'

2024-01-22 18:39:44 - [MESSAGE][PASSED] - Text of object 'Object Repository/Stockbit/Home_ClosePrice' is: '62'

2024-01-22 18:39:44 - [TEST_STEP][PASSED] - strClosePrice = strClosePrice.replace(",", ""): null

2024-01-22 18:39:44 - [TEST_STEP][PASSED] - strVol = getText(findTestObject("Stockbit/Home_Volume")): Text of object 'Object Repository/Stockbit/Home_Volume' is: '1,170 K'

2024-01-22 18:39:44 - [MESSAGE][PASSED] - Text of object 'Object Repository/Stockbit/Home_Volume' is: '1,170 K'

2024-01-22 18:39:44 - [TEST_STEP][PASSED] - if (strVol.contains(" K")): null

2024-01-22 18:39:44 - [TEST_STEP][PASSED] - strVol = strVol.replace(" K", "000"): null

2024-01-22 18:39:44 - [TEST_STEP][PASSED] - if (strVol.contains(",")): null

2024-01-22 18:39:44 - [TEST_STEP][PASSED] - strVol = strVol.replace(",", ""): null

2024-01-22 18:39:44 - [TEST_STEP][PASSED] - strChange = getText(findTestObject("Stockbit/Home_Change")): Text of object 'Object Repository/Stockbit/Home_Change' is: '-12.68%'

2024-01-22 18:39:44 - [MESSAGE][PASSED] - Text of object 'Object Repository/Stockbit/Home_Change' is: '-12.68%'

2024-01-22 18:39:44 - [TEST_STEP][PASSED] - strChange = strChange.replace("%", ""): null

2024-01-22 18:39:44 - [TEST_STEP][PASSED] - strFreq = getText(findTestObject("Stockbit/Home_Freq")): Text of object 'Object Repository/Stockbit/Home_Freq' is: '7,523'

2024-01-22 18:39:44 - [MESSAGE][PASSED] - Text of object 'Object Repository/Stockbit/Home_Freq' is: '7,523'

2024-01-22 18:39:44 - [TEST_STEP][PASSED] - if (strFreq.contains(",")): null

2024-01-22 18:39:44 - [TEST_STEP][PASSED] - strFreq = strFreq.replace(",", ""): null

2024-01-22 18:39:44 - [TEST_STEP][PASSED] - if (strFreq == "NA" || strFreq == ""): null

2024-01-22 18:39:44 - [TEST_STEP][PASSED] - else: null

2024-01-22 18:39:44 - [TEST_STEP][PASSED] - dblFreqAnal = strVol.toDouble() / strFreq.toDouble() * strFreq.toDouble() * strFreq.toDouble() * 100000000: null

2024-01-22 18:39:44 - [TEST_STEP][PASSED] - strFreqAnal = String.format("%.4f", dblFreqAnal): null

2024-01-22 18:39:44 - [TEST_STEP][PASSED] - out.println("Double strFreqAnal: " + strFreqAnal): null

2024-01-22 18:39:44 - [TEST_STEP][PASSED] - strTanggal = d.format(DateTimeFormatter.ofPattern("yyyy-MM-dd")): null

2024-01-22 18:39:44 - [TEST_STEP][PASSED] - strTanggal = "#" + strTanggal + "#": null

2024-01-22 18:39:44 - [TEST_STEP][PASSED] - strSQL = "select count(*) as JumBaris from TblBrokSum where Nama = '" + strNama + "' and Tanggal = " + strTanggal + "": null

2024-01-22 18:39:44 - [TEST_STEP][PASSED] - resultSet = statement.executeQuery(strSQL): null

2024-01-22 18:39:44 - [TEST_STEP][PASSED] - resultSet.next(): null

2024-01-22 18:39:44 - [TEST_STEP][PASSED] - intJumBaris = resultSet.getInt("JumBaris"): null

2024-01-22 18:39:44 - [TEST_STEP][PASSED] - if (intJumBaris > 0): null

2024-01-22 18:39:44 - [TEST_STEP][PASSED] - else: null

2024-01-22 18:39:44 - [TEST_STEP][PASSED] - try: null

2024-01-22 18:39:44 - [TEST_STEP][PASSED] - out.println("Insert data"): null

2024-01-22 18:39:44 - [TEST_STEP][PASSED] - strSQL = "insert into TblBrokSum (nama, tanggal, top1, top2, top3, AllBrokAvg, AccDist, AvgRP, " + "Buyer1, BuyerVal1, BuyerAvg1, Seller1, SellerVal1, SellerAvg1, Buyer2, BuyerVal2, BuyerAvg2, " + "Seller2, SellerVal2, SellerAvg2, Buyer3, BuyerVal3, BuyerAvg3, Seller3, SellerVal3, SellerAvg3, NetVol, NetVal, " + "OpenPrice, LowPrice, HighPrice, ClosePrice, Volume, Change, Frekuensi, FrekAnal) " + "values ('" + strNama + "', " + strTanggal + ", '" + strTop1 + "', '" + strTop3 + "', '" + strTop5 + "', " + "'" + strAllBrokAvg + "', '" + strAccDist + "', " + intAvgRP + ", '" + strBuyer1 + "', '" + strBuyerVol1 + "', " + strBuyerAvg1 + ", " + "'" + strSeller1 + "', '" + strSellerVol1 + "', " + strSellerAvg1 + ", '" + strBuyer2 + "', '" + strBuyerVol2 + "', " + strBuyerAvg2 + ", " + "'" + strSeller2 + "', '" + strSellerVol2 + "', " + strSellerAvg2 + ", '" + strBuyer3 + "', '" + strBuyerVol3 + "', " + strBuyerAvg3 + ", " + "'" + strSeller3 + "', '" + strSellerVol3 + "', " + strSellerAvg3 + ", " + strNetVol + ", '" + strNetVal + "', " + "" + strOpenPrice + ", " + strLowPrice + ", " + strHighPrice + ", " + strClosePrice + ", '" + strVol + "', " + strChange + ", " + strFreq + ", " + strFreqAnal + ");": null

2024-01-22 18:39:44 - [TEST_STEP][PASSED] - out.println("strSQL = " + strSQL): null

2024-01-22 18:39:44 - [TEST_STEP][PASSED] - statement.executeUpdate(strSQL): null

2024-01-22 18:39:44 - [TEST_STEP][PASSED] - setValueToCellByIndex(sheet01, rowIndex, 4, "DONE"): null

2024-01-22 18:39:44 - [TEST_STEP][PASSED] - saveWorkbook(excelFilePath, workbook01): null

2024-01-22 18:39:44 - [TEST_STEP][PASSED] - waitForElementClickable(findTestObject("Stockbit/menu_Bandarmology"), 10): Object 'Object Repository/Stockbit/menu_Bandarmology' is clickable

2024-01-22 18:39:44 - [MESSAGE][PASSED] - Object 'Object Repository/Stockbit/menu_Bandarmology' is clickable

2024-01-22 18:39:44 - [TEST_STEP][PASSED] - click(findTestObject("Stockbit/menu_Bandarmology")): Object: 'Object Repository/Stockbit/menu_Bandarmology' is clicked on

2024-01-22 18:39:45 - [MESSAGE][PASSED] - Object: 'Object Repository/Stockbit/menu_Bandarmology' is clicked on

2024-01-22 18:39:45 - [TEST_STEP][PASSED] - strTemp = "NA": null

2024-01-22 18:39:45 - [TEST_STEP][PASSED] - if (getCellValueByIndex(sheet01, rowIndex, 4) != "DONE"): Object: 'Object Repository/Stockbit/menu_Bandarmology' is clicked on

2024-01-22 18:39:45 - [TEST_STEP][PASSED] - strNama = getCellValueByIndex(sheet01, rowIndex, 0): null

2024-01-22 18:39:45 - [TEST_STEP][PASSED] - navigateToUrl("https://stockbit.com/#/symbol/" + strNama): Navigate to 'https://stockbit.com/#/symbol/COAL' successfully

2024-01-22 18:39:46 - [MESSAGE][PASSED] - Navigate to 'https://stockbit.com/#/symbol/COAL' successfully

2024-01-22 18:39:46 - [TEST_STEP][PASSED] - waitForElementClickable(findTestObject("Stockbit/menu_Bandarmology"), 10): Object 'Object Repository/Stockbit/menu_Bandarmology' is clickable

2024-01-22 18:39:47 - [MESSAGE][PASSED] - Object 'Object Repository/Stockbit/menu_Bandarmology' is clickable

2024-01-22 18:39:47 - [TEST_STEP][PASSED] - click(findTestObject("Stockbit/menu_Bandarmology")): Object: 'Object Repository/Stockbit/menu_Bandarmology' is clicked on

2024-01-22 18:39:47 - [MESSAGE][PASSED] - Object: 'Object Repository/Stockbit/menu_Bandarmology' is clicked on

2024-01-22 18:39:47 - [TEST_STEP][PASSED] - strTanggal = d.format(DateTimeFormatter.ofPattern("MMM dd, yyyy")): null

2024-01-22 18:39:47 - [TEST_STEP][PASSED] - strTanggal = d.format(ISO_DATE): null

2024-01-22 18:39:47 - [TEST_STEP][PASSED] - out.println("strTanggal = " + strTanggal): null

2024-01-22 18:39:47 - [TEST_STEP][PASSED] - out.println("strNama = " + strNama): null

2024-01-22 18:39:47 - [TEST_STEP][PASSED] - out.println("Baris ke = " + rowIndex): null

2024-01-22 18:39:47 - [TEST_STEP][PASSED] - click(findTestObject("Stockbit/input__BandarmologyOpenStartDate")): Object: 'Object Repository/Stockbit/input__BandarmologyOpenStartDate' is clicked on

2024-01-22 18:39:49 - [MESSAGE][PASSED] - Object: 'Object Repository/Stockbit/input__BandarmologyOpenStartDate' is clicked on

2024-01-22 18:39:49 - [TEST_STEP][PASSED] - sendKeys(findTestObject("Stockbit/input__BandarmologyOpenStartDate"), Keys.chord(CONTROL, "a")): Keys 'CONTROL + a' sent to object: 'Object Repository/Stockbit/input__BandarmologyOpenStartDate'

2024-01-22 18:39:49 - [MESSAGE][PASSED] - Keys 'CONTROL + a' sent to object: 'Object Repository/Stockbit/input__BandarmologyOpenStartDate'

2024-01-22 18:39:49 - [TEST_STEP][PASSED] - sendKeys(findTestObject("Stockbit/input__BandarmologyOpenStartDate"), Keys.chord(BACK_SPACE)): Keys 'BACK_SPACE + ' sent to object: 'Object Repository/Stockbit/input__BandarmologyOpenStartDate'

2024-01-22 18:39:49 - [MESSAGE][PASSED] - Keys 'BACK_SPACE + ' sent to object: 'Object Repository/Stockbit/input__BandarmologyOpenStartDate'

2024-01-22 18:39:49 - [TEST_STEP][PASSED] - setText(findTestObject("Stockbit/input__BandarmologyOpenStartDate"), strTanggal): Text '2024-01-22' is set on object 'Object Repository/Stockbit/input__BandarmologyOpenStartDate'

2024-01-22 18:39:50 - [MESSAGE][PASSED] - Text '2024-01-22' is set on object 'Object Repository/Stockbit/input__BandarmologyOpenStartDate'

2024-01-22 18:39:50 - [TEST_STEP][PASSED] - sendKeys(findTestObject("Stockbit/input__BandarmologyOpenStartDate"), Keys.chord(ENTER)): Keys 'ENTER + ' sent to object: 'Object Repository/Stockbit/input__BandarmologyOpenStartDate'

2024-01-22 18:39:51 - [MESSAGE][PASSED] - Keys 'ENTER + ' sent to object: 'Object Repository/Stockbit/input__BandarmologyOpenStartDate'

2024-01-22 18:39:51 - [TEST_STEP][PASSED] - click(findTestObject("Stockbit/input__BandarmologyOpenEndDate")): Object: 'Object Repository/Stockbit/input__BandarmologyOpenEndDate' is clicked on

2024-01-22 18:39:51 - [MESSAGE][PASSED] - Object: 'Object Repository/Stockbit/input__BandarmologyOpenEndDate' is clicked on

2024-01-22 18:39:51 - [TEST_STEP][PASSED] - sendKeys(findTestObject("Stockbit/input__BandarmologyOpenEndDate"), Keys.chord(CONTROL, "a")): Keys 'CONTROL + a' sent to object: 'Object Repository/Stockbit/input__BandarmologyOpenEndDate'

2024-01-22 18:39:51 - [MESSAGE][PASSED] - Keys 'CONTROL + a' sent to object: 'Object Repository/Stockbit/input__BandarmologyOpenEndDate'

2024-01-22 18:39:51 - [TEST_STEP][PASSED] - sendKeys(findTestObject("Stockbit/input__BandarmologyOpenEndDate"), Keys.chord(BACK_SPACE)): Keys 'BACK_SPACE + ' sent to object: 'Object Repository/Stockbit/input__BandarmologyOpenEndDate'

2024-01-22 18:39:52 - [MESSAGE][PASSED] - Keys 'BACK_SPACE + ' sent to object: 'Object Repository/Stockbit/input__BandarmologyOpenEndDate'

2024-01-22 18:39:52 - [TEST_STEP][PASSED] - setText(findTestObject("Stockbit/input__BandarmologyOpenEndDate"), strTanggal): Text '2024-01-22' is set on object 'Object Repository/Stockbit/input__BandarmologyOpenEndDate'

2024-01-22 18:39:53 - [MESSAGE][PASSED] - Text '2024-01-22' is set on object 'Object Repository/Stockbit/input__BandarmologyOpenEndDate'

2024-01-22 18:39:53 - [TEST_STEP][PASSED] - sendKeys(findTestObject("Stockbit/input__BandarmologyOpenEndDate"), Keys.chord(ENTER)): Keys 'ENTER + ' sent to object: 'Object Repository/Stockbit/input__BandarmologyOpenEndDate'

2024-01-22 18:39:53 - [MESSAGE][PASSED] - Keys 'ENTER + ' sent to object: 'Object Repository/Stockbit/input__BandarmologyOpenEndDate'

2024-01-22 18:39:53 - [TEST_STEP][PASSED] - delay(2): Delayed 2 second(s)

2024-01-22 18:39:55 - [MESSAGE][PASSED] - Delayed 2 second(s)

2024-01-22 18:39:55 - [TEST_STEP][PASSED] - strTemp = getText(findTestObject("Stockbit/Bandarmology_AvgRP")): Text of object 'Object Repository/Stockbit/Bandarmology_AvgRP' is: '50'

2024-01-22 18:39:55 - [MESSAGE][PASSED] - Text of object 'Object Repository/Stockbit/Bandarmology_AvgRP' is: '50'

2024-01-22 18:39:55 - [TEST_STEP][PASSED] - out.println("Bandarmology_AvgRP = " + strTemp): null

2024-01-22 18:39:55 - [TEST_STEP][PASSED] - if (strTemp != "0"): null

2024-01-22 18:39:55 - [TEST_STEP][PASSED] - strTop1 = getText(findTestObject("Stockbit/Bandarmology_Top1")): Text of object 'Object Repository/Stockbit/Bandarmology_Top1' is: 'Big Dist'

2024-01-22 18:39:55 - [MESSAGE][PASSED] - Text of object 'Object Repository/Stockbit/Bandarmology_Top1' is: 'Big Dist'

2024-01-22 18:39:55 - [TEST_STEP][PASSED] - strTop3 = getText(findTestObject("Stockbit/Bandarmology_Top3")): Text of object 'Object Repository/Stockbit/Bandarmology_Top3' is: 'Normal Dist'

2024-01-22 18:39:55 - [MESSAGE][PASSED] - Text of object 'Object Repository/Stockbit/Bandarmology_Top3' is: 'Normal Dist'

2024-01-22 18:39:55 - [TEST_STEP][PASSED] - strTop5 = getText(findTestObject("Stockbit/Bandarmology_Top5")): Text of object 'Object Repository/Stockbit/Bandarmology_Top5' is: 'Small Dist'

2024-01-22 18:39:55 - [MESSAGE][PASSED] - Text of object 'Object Repository/Stockbit/Bandarmology_Top5' is: 'Small Dist'

2024-01-22 18:39:55 - [TEST_STEP][PASSED] - strAllBrokAvg = getText(findTestObject("Stockbit/Bandarmology_TopAVG")): Text of object 'Object Repository/Stockbit/Bandarmology_TopAVG' is: 'Normal Dist'

2024-01-22 18:39:56 - [MESSAGE][PASSED] - Text of object 'Object Repository/Stockbit/Bandarmology_TopAVG' is: 'Normal Dist'

2024-01-22 18:39:56 - [TEST_STEP][PASSED] - strTemp = getText(findTestObject("Stockbit/Bandarmology_AvgRP")): Text of object 'Object Repository/Stockbit/Bandarmology_AvgRP' is: '50'

2024-01-22 18:39:56 - [MESSAGE][PASSED] - Text of object 'Object Repository/Stockbit/Bandarmology_AvgRP' is: '50'

2024-01-22 18:39:56 - [TEST_STEP][PASSED] - if (strTemp.contains(",")): null

2024-01-22 18:39:56 - [TEST_STEP][PASSED] - intAvgRP = strTemp.toInteger(): null

2024-01-22 18:39:56 - [TEST_STEP][PASSED] - strBuyer1 = getText(findTestObject("Stockbit/Bandarmology_Buyer1")): Text of object 'Object Repository/Stockbit/Bandarmology_Buyer1' is: 'XC'

2024-01-22 18:39:56 - [MESSAGE][PASSED] - Text of object 'Object Repository/Stockbit/Bandarmology_Buyer1' is: 'XC'

2024-01-22 18:39:56 - [TEST_STEP][PASSED] - strBuyerVol1 = getText(findTestObject("Stockbit/Bandarmology_BuyerVol1")): Text of object 'Object Repository/Stockbit/Bandarmology_BuyerVol1' is: '3.3 K'

2024-01-22 18:39:56 - [MESSAGE][PASSED] - Text of object 'Object Repository/Stockbit/Bandarmology_BuyerVol1' is: '3.3 K'

2024-01-22 18:39:56 - [TEST_STEP][PASSED] - strBuyerAvg1 = getText(findTestObject("Stockbit/Bandarmology_BuyerAvg1")): Text of object 'Object Repository/Stockbit/Bandarmology_BuyerAvg1' is: '50'

2024-01-22 18:39:56 - [MESSAGE][PASSED] - Text of object 'Object Repository/Stockbit/Bandarmology_BuyerAvg1' is: '50'

2024-01-22 18:39:56 - [TEST_STEP][PASSED] - if (strBuyerAvg1.contains(",")): null

2024-01-22 18:39:56 - [TEST_STEP][PASSED] - if (strBuyerVol1.contains(" B")): null

2024-01-22 18:39:56 - [TEST_STEP][PASSED] - else if (strBuyerVol1.contains(" M")): null

2024-01-22 18:39:56 - [TEST_STEP][PASSED] - else if (strBuyerVol1.contains(" K")): null

2024-01-22 18:39:56 - [TEST_STEP][PASSED] - strBuyerVol1 = strBuyerVol1.replace(" K", ""): null

2024-01-22 18:39:56 - [TEST_STEP][PASSED] - strBuyerVol1 = strBuyerVol1.toDouble() * 1000: null

2024-01-22 18:39:56 - [TEST_STEP][PASSED] - strSeller1 = getText(findTestObject("Stockbit/Bandarmology_Seller1")): Text of object 'Object Repository/Stockbit/Bandarmology_Seller1' is: 'KK'

2024-01-22 18:39:56 - [MESSAGE][PASSED] - Text of object 'Object Repository/Stockbit/Bandarmology_Seller1' is: 'KK'

2024-01-22 18:39:56 - [TEST_STEP][PASSED] - strSellerVol1 = getText(findTestObject("Stockbit/Bandarmology_SellerVol1")): Text of object 'Object Repository/Stockbit/Bandarmology_SellerVol1' is: '5.6 K'

2024-01-22 18:39:56 - [MESSAGE][PASSED] - Text of object 'Object Repository/Stockbit/Bandarmology_SellerVol1' is: '5.6 K'

2024-01-22 18:39:56 - [TEST_STEP][PASSED] - strSellerAvg1 = getText(findTestObject("Stockbit/Bandarmology_SellerAvg1")): Text of object 'Object Repository/Stockbit/Bandarmology_SellerAvg1' is: '50'

2024-01-22 18:39:56 - [MESSAGE][PASSED] - Text of object 'Object Repository/Stockbit/Bandarmology_SellerAvg1' is: '50'

2024-01-22 18:39:56 - [TEST_STEP][PASSED] - if (strSellerAvg1.contains(",")): null

2024-01-22 18:39:56 - [TEST_STEP][PASSED] - if (strSellerVol1.contains(" B")): null

2024-01-22 18:39:56 - [TEST_STEP][PASSED] - else if (strSellerVol1.contains(" M")): null

2024-01-22 18:39:56 - [TEST_STEP][PASSED] - else if (strSellerVol1.contains(" K")): null

2024-01-22 18:39:56 - [TEST_STEP][PASSED] - strSellerVol1 = strSellerVol1.replace(" K", ""): null

2024-01-22 18:39:56 - [TEST_STEP][PASSED] - strSellerVol1 = strSellerVol1.toDouble() * 1000: null

2024-01-22 18:39:56 - [TEST_STEP][PASSED] - if (verifyElementNotPresent(findTestObject("Stockbit/Bandarmology_Buyer2"), 1, OPTIONAL)): Web element with id: 'Object Repository/Stockbit/Bandarmology_Buyer2' located by 'By.xpath: //*[contains(@id, 'rc-tabs-')]/div[2]/div/div/div/div/div/div[2]/table/tbody/tr[3]/td[1]/p' is present after '1' second(s) (Root cause: com.kms.katalon.core.exception.StepFailedException: Web element with id: 'Object Repository/Stockbit/Bandarmology_Buyer2' located by 'By.xpath: //*[contains(@id, 'rc-tabs-')]/div[2]/div/div/div/div/div/div[2]/table/tbody/tr[3]/td[1]/p' is present after '1' second(s)
	at com.kms.katalon.core.webui.keyword.internal.WebUIKeywordMain.stepFailed(WebUIKeywordMain.groovy:64)
	at com.kms.katalon.core.webui.keyword.internal.WebUIKeywordMain$stepFailed$0.call(Unknown Source)
	at com.kms.katalon.core.webui.keyword.builtin.VerifyElementNotPresentKeyword$_verifyElementNotPresent_closure1.doCall(VerifyElementNotPresentKeyword.groovy:106)
	at com.kms.katalon.core.webui.keyword.builtin.VerifyElementNotPresentKeyword$_verifyElementNotPresent_closure1.doCall(VerifyElementNotPresentKeyword.groovy)
	at com.kms.katalon.core.webui.keyword.internal.WebUIKeywordMain.runKeyword(WebUIKeywordMain.groovy:20)
	at com.kms.katalon.core.webui.keyword.internal.WebUIKeywordMain$runKeyword.call(Unknown Source)
	at com.kms.katalon.core.webui.keyword.builtin.VerifyElementNotPresentKeyword.verifyElementNotPresent(VerifyElementNotPresentKeyword.groovy:117)
	at com.kms.katalon.core.webui.keyword.builtin.VerifyElementNotPresentKeyword.execute(VerifyElementNotPresentKeyword.groovy:68)
	at com.kms.katalon.core.keyword.internal.KeywordExecutor.executeKeywordForPlatform(KeywordExecutor.groovy:74)
	at com.kms.katalon.core.webui.keyword.WebUiBuiltInKeywords.verifyElementNotPresent(WebUiBuiltInKeywords.groovy:1481)
	at com.kms.katalon.core.webui.keyword.WebUiBuiltInKeywords$verifyElementNotPresent$8.call(Unknown Source)
	at GetBrokSumPriceDaily.run(GetBrokSumPriceDaily:258)
	at com.kms.katalon.core.main.ScriptEngine.run(ScriptEngine.java:194)
	at com.kms.katalon.core.main.ScriptEngine.runScriptAsRawText(ScriptEngine.java:119)
	at com.kms.katalon.core.main.TestCaseExecutor.runScript(TestCaseExecutor.java:445)
	at com.kms.katalon.core.main.TestCaseExecutor.doExecute(TestCaseExecutor.java:436)
	at com.kms.katalon.core.main.TestCaseExecutor.processExecutionPhase(TestCaseExecutor.java:415)
	at com.kms.katalon.core.main.TestCaseExecutor.accessMainPhase(TestCaseExecutor.java:407)
	at com.kms.katalon.core.main.TestCaseExecutor.execute(TestCaseExecutor.java:284)
	at com.kms.katalon.core.common.CommonExecutor.accessTestCaseMainPhase(CommonExecutor.java:65)
	at com.kms.katalon.core.main.TestSuiteExecutor.accessTestSuiteMainPhase(TestSuiteExecutor.java:144)
	at com.kms.katalon.core.main.TestSuiteExecutor.execute(TestSuiteExecutor.java:106)
	at com.kms.katalon.core.main.TestCaseMain.startTestSuite(TestCaseMain.java:185)
	at com.kms.katalon.core.main.TestCaseMain$startTestSuite$0.call(Unknown Source)
	at TempTestSuite1705923140048.run(TempTestSuite1705923140048.groovy:36)
)

2024-01-22 18:39:58 - [MESSAGE][WARNING] - Web element with id: 'Object Repository/Stockbit/Bandarmology_Buyer2' located by 'By.xpath: //*[contains(@id, 'rc-tabs-')]/div[2]/div/div/div/div/div/div[2]/table/tbody/tr[3]/td[1]/p' is present after '1' second(s) (Root cause: com.kms.katalon.core.exception.StepFailedException: Web element with id: 'Object Repository/Stockbit/Bandarmology_Buyer2' located by 'By.xpath: //*[contains(@id, 'rc-tabs-')]/div[2]/div/div/div/div/div/div[2]/table/tbody/tr[3]/td[1]/p' is present after '1' second(s)
	at com.kms.katalon.core.webui.keyword.internal.WebUIKeywordMain.stepFailed(WebUIKeywordMain.groovy:64)
	at com.kms.katalon.core.webui.keyword.internal.WebUIKeywordMain$stepFailed$0.call(Unknown Source)
	at com.kms.katalon.core.webui.keyword.builtin.VerifyElementNotPresentKeyword$_verifyElementNotPresent_closure1.doCall(VerifyElementNotPresentKeyword.groovy:106)
	at com.kms.katalon.core.webui.keyword.builtin.VerifyElementNotPresentKeyword$_verifyElementNotPresent_closure1.doCall(VerifyElementNotPresentKeyword.groovy)
	at com.kms.katalon.core.webui.keyword.internal.WebUIKeywordMain.runKeyword(WebUIKeywordMain.groovy:20)
	at com.kms.katalon.core.webui.keyword.internal.WebUIKeywordMain$runKeyword.call(Unknown Source)
	at com.kms.katalon.core.webui.keyword.builtin.VerifyElementNotPresentKeyword.verifyElementNotPresent(VerifyElementNotPresentKeyword.groovy:117)
	at com.kms.katalon.core.webui.keyword.builtin.VerifyElementNotPresentKeyword.execute(VerifyElementNotPresentKeyword.groovy:68)
	at com.kms.katalon.core.keyword.internal.KeywordExecutor.executeKeywordForPlatform(KeywordExecutor.groovy:74)
	at com.kms.katalon.core.webui.keyword.WebUiBuiltInKeywords.verifyElementNotPresent(WebUiBuiltInKeywords.groovy:1481)
	at com.kms.katalon.core.webui.keyword.WebUiBuiltInKeywords$verifyElementNotPresent$8.call(Unknown Source)
	at GetBrokSumPriceDaily.run(GetBrokSumPriceDaily:258)
	at com.kms.katalon.core.main.ScriptEngine.run(ScriptEngine.java:194)
	at com.kms.katalon.core.main.ScriptEngine.runScriptAsRawText(ScriptEngine.java:119)
	at com.kms.katalon.core.main.TestCaseExecutor.runScript(TestCaseExecutor.java:445)
	at com.kms.katalon.core.main.TestCaseExecutor.doExecute(TestCaseExecutor.java:436)
	at com.kms.katalon.core.main.TestCaseExecutor.processExecutionPhase(TestCaseExecutor.java:415)
	at com.kms.katalon.core.main.TestCaseExecutor.accessMainPhase(TestCaseExecutor.java:407)
	at com.kms.katalon.core.main.TestCaseExecutor.execute(TestCaseExecutor.java:284)
	at com.kms.katalon.core.common.CommonExecutor.accessTestCaseMainPhase(CommonExecutor.java:65)
	at com.kms.katalon.core.main.TestSuiteExecutor.accessTestSuiteMainPhase(TestSuiteExecutor.java:144)
	at com.kms.katalon.core.main.TestSuiteExecutor.execute(TestSuiteExecutor.java:106)
	at com.kms.katalon.core.main.TestCaseMain.startTestSuite(TestCaseMain.java:185)
	at com.kms.katalon.core.main.TestCaseMain$startTestSuite$0.call(Unknown Source)
	at TempTestSuite1705923140048.run(TempTestSuite1705923140048.groovy:36)
)
[[ATTACHMENT|C:\\Users\\Fadli\\git\\KatalonDailyGetData2\\Reports\\20240122_174123\\TS1\\20240122_183220\\1705923598015.png]]

2024-01-22 18:39:58 - [TEST_STEP][PASSED] - else: null

2024-01-22 18:39:58 - [TEST_STEP][PASSED] - strBuyer2 = getText(findTestObject("Stockbit/Bandarmology_Buyer2")): Text of object 'Object Repository/Stockbit/Bandarmology_Buyer2' is: 'MG'

2024-01-22 18:39:58 - [MESSAGE][PASSED] - Text of object 'Object Repository/Stockbit/Bandarmology_Buyer2' is: 'MG'

2024-01-22 18:39:58 - [TEST_STEP][PASSED] - strBuyerVol2 = getText(findTestObject("Stockbit/Bandarmology_BuyerVol2")): Text of object 'Object Repository/Stockbit/Bandarmology_BuyerVol2' is: '900'

2024-01-22 18:39:58 - [MESSAGE][PASSED] - Text of object 'Object Repository/Stockbit/Bandarmology_BuyerVol2' is: '900'

2024-01-22 18:39:58 - [TEST_STEP][PASSED] - strBuyerAvg2 = getText(findTestObject("Stockbit/Bandarmology_BuyerAvg2")): Text of object 'Object Repository/Stockbit/Bandarmology_BuyerAvg2' is: '50'

2024-01-22 18:39:58 - [MESSAGE][PASSED] - Text of object 'Object Repository/Stockbit/Bandarmology_BuyerAvg2' is: '50'

2024-01-22 18:39:58 - [TEST_STEP][PASSED] - if (strBuyer2 != ""): null

2024-01-22 18:39:58 - [TEST_STEP][PASSED] - if (strBuyerAvg2.contains(",")): null

2024-01-22 18:39:58 - [TEST_STEP][PASSED] - if (strBuyerVol2.contains(" B")): null

2024-01-22 18:39:58 - [TEST_STEP][PASSED] - if (strBuyerVol2.contains(".")): null

2024-01-22 18:39:58 - [TEST_STEP][PASSED] - if (verifyElementNotPresent(findTestObject("Stockbit/Bandarmology_Seller2"), 1, OPTIONAL)): Web element with id: 'Object Repository/Stockbit/Bandarmology_Seller2' located by 'By.xpath: //*[contains(@id, 'rc-tabs-')]/div[2]/div/div/div/div/div/div[2]/table/tbody/tr[3]/td[5]/p' is present after '1' second(s) (Root cause: com.kms.katalon.core.exception.StepFailedException: Web element with id: 'Object Repository/Stockbit/Bandarmology_Seller2' located by 'By.xpath: //*[contains(@id, 'rc-tabs-')]/div[2]/div/div/div/div/div/div[2]/table/tbody/tr[3]/td[5]/p' is present after '1' second(s)
	at com.kms.katalon.core.webui.keyword.internal.WebUIKeywordMain.stepFailed(WebUIKeywordMain.groovy:64)
	at com.kms.katalon.core.webui.keyword.internal.WebUIKeywordMain$stepFailed$0.call(Unknown Source)
	at com.kms.katalon.core.webui.keyword.builtin.VerifyElementNotPresentKeyword$_verifyElementNotPresent_closure1.doCall(VerifyElementNotPresentKeyword.groovy:106)
	at com.kms.katalon.core.webui.keyword.builtin.VerifyElementNotPresentKeyword$_verifyElementNotPresent_closure1.doCall(VerifyElementNotPresentKeyword.groovy)
	at com.kms.katalon.core.webui.keyword.internal.WebUIKeywordMain.runKeyword(WebUIKeywordMain.groovy:20)
	at com.kms.katalon.core.webui.keyword.internal.WebUIKeywordMain$runKeyword.call(Unknown Source)
	at com.kms.katalon.core.webui.keyword.builtin.VerifyElementNotPresentKeyword.verifyElementNotPresent(VerifyElementNotPresentKeyword.groovy:117)
	at com.kms.katalon.core.webui.keyword.builtin.VerifyElementNotPresentKeyword.execute(VerifyElementNotPresentKeyword.groovy:68)
	at com.kms.katalon.core.keyword.internal.KeywordExecutor.executeKeywordForPlatform(KeywordExecutor.groovy:74)
	at com.kms.katalon.core.webui.keyword.WebUiBuiltInKeywords.verifyElementNotPresent(WebUiBuiltInKeywords.groovy:1481)
	at com.kms.katalon.core.webui.keyword.WebUiBuiltInKeywords$verifyElementNotPresent$8.call(Unknown Source)
	at GetBrokSumPriceDaily.run(GetBrokSumPriceDaily:309)
	at com.kms.katalon.core.main.ScriptEngine.run(ScriptEngine.java:194)
	at com.kms.katalon.core.main.ScriptEngine.runScriptAsRawText(ScriptEngine.java:119)
	at com.kms.katalon.core.main.TestCaseExecutor.runScript(TestCaseExecutor.java:445)
	at com.kms.katalon.core.main.TestCaseExecutor.doExecute(TestCaseExecutor.java:436)
	at com.kms.katalon.core.main.TestCaseExecutor.processExecutionPhase(TestCaseExecutor.java:415)
	at com.kms.katalon.core.main.TestCaseExecutor.accessMainPhase(TestCaseExecutor.java:407)
	at com.kms.katalon.core.main.TestCaseExecutor.execute(TestCaseExecutor.java:284)
	at com.kms.katalon.core.common.CommonExecutor.accessTestCaseMainPhase(CommonExecutor.java:65)
	at com.kms.katalon.core.main.TestSuiteExecutor.accessTestSuiteMainPhase(TestSuiteExecutor.java:144)
	at com.kms.katalon.core.main.TestSuiteExecutor.execute(TestSuiteExecutor.java:106)
	at com.kms.katalon.core.main.TestCaseMain.startTestSuite(TestCaseMain.java:185)
	at com.kms.katalon.core.main.TestCaseMain$startTestSuite$0.call(Unknown Source)
	at TempTestSuite1705923140048.run(TempTestSuite1705923140048.groovy:36)
)

2024-01-22 18:39:59 - [MESSAGE][WARNING] - Web element with id: 'Object Repository/Stockbit/Bandarmology_Seller2' located by 'By.xpath: //*[contains(@id, 'rc-tabs-')]/div[2]/div/div/div/div/div/div[2]/table/tbody/tr[3]/td[5]/p' is present after '1' second(s) (Root cause: com.kms.katalon.core.exception.StepFailedException: Web element with id: 'Object Repository/Stockbit/Bandarmology_Seller2' located by 'By.xpath: //*[contains(@id, 'rc-tabs-')]/div[2]/div/div/div/div/div/div[2]/table/tbody/tr[3]/td[5]/p' is present after '1' second(s)
	at com.kms.katalon.core.webui.keyword.internal.WebUIKeywordMain.stepFailed(WebUIKeywordMain.groovy:64)
	at com.kms.katalon.core.webui.keyword.internal.WebUIKeywordMain$stepFailed$0.call(Unknown Source)
	at com.kms.katalon.core.webui.keyword.builtin.VerifyElementNotPresentKeyword$_verifyElementNotPresent_closure1.doCall(VerifyElementNotPresentKeyword.groovy:106)
	at com.kms.katalon.core.webui.keyword.builtin.VerifyElementNotPresentKeyword$_verifyElementNotPresent_closure1.doCall(VerifyElementNotPresentKeyword.groovy)
	at com.kms.katalon.core.webui.keyword.internal.WebUIKeywordMain.runKeyword(WebUIKeywordMain.groovy:20)
	at com.kms.katalon.core.webui.keyword.internal.WebUIKeywordMain$runKeyword.call(Unknown Source)
	at com.kms.katalon.core.webui.keyword.builtin.VerifyElementNotPresentKeyword.verifyElementNotPresent(VerifyElementNotPresentKeyword.groovy:117)
	at com.kms.katalon.core.webui.keyword.builtin.VerifyElementNotPresentKeyword.execute(VerifyElementNotPresentKeyword.groovy:68)
	at com.kms.katalon.core.keyword.internal.KeywordExecutor.executeKeywordForPlatform(KeywordExecutor.groovy:74)
	at com.kms.katalon.core.webui.keyword.WebUiBuiltInKeywords.verifyElementNotPresent(WebUiBuiltInKeywords.groovy:1481)
	at com.kms.katalon.core.webui.keyword.WebUiBuiltInKeywords$verifyElementNotPresent$8.call(Unknown Source)
	at GetBrokSumPriceDaily.run(GetBrokSumPriceDaily:309)
	at com.kms.katalon.core.main.ScriptEngine.run(ScriptEngine.java:194)
	at com.kms.katalon.core.main.ScriptEngine.runScriptAsRawText(ScriptEngine.java:119)
	at com.kms.katalon.core.main.TestCaseExecutor.runScript(TestCaseExecutor.java:445)
	at com.kms.katalon.core.main.TestCaseExecutor.doExecute(TestCaseExecutor.java:436)
	at com.kms.katalon.core.main.TestCaseExecutor.processExecutionPhase(TestCaseExecutor.java:415)
	at com.kms.katalon.core.main.TestCaseExecutor.accessMainPhase(TestCaseExecutor.java:407)
	at com.kms.katalon.core.main.TestCaseExecutor.execute(TestCaseExecutor.java:284)
	at com.kms.katalon.core.common.CommonExecutor.accessTestCaseMainPhase(CommonExecutor.java:65)
	at com.kms.katalon.core.main.TestSuiteExecutor.accessTestSuiteMainPhase(TestSuiteExecutor.java:144)
	at com.kms.katalon.core.main.TestSuiteExecutor.execute(TestSuiteExecutor.java:106)
	at com.kms.katalon.core.main.TestCaseMain.startTestSuite(TestCaseMain.java:185)
	at com.kms.katalon.core.main.TestCaseMain$startTestSuite$0.call(Unknown Source)
	at TempTestSuite1705923140048.run(TempTestSuite1705923140048.groovy:36)
)
[[ATTACHMENT|C:\\Users\\Fadli\\git\\KatalonDailyGetData2\\Reports\\20240122_174123\\TS1\\20240122_183220\\1705923599765.png]]

2024-01-22 18:39:59 - [TEST_STEP][PASSED] - else: null

2024-01-22 18:39:59 - [TEST_STEP][PASSED] - strSeller2 = getText(findTestObject("Stockbit/Bandarmology_Seller2")): Text of object 'Object Repository/Stockbit/Bandarmology_Seller2' is: 'PC'

2024-01-22 18:40:00 - [MESSAGE][PASSED] - Text of object 'Object Repository/Stockbit/Bandarmology_Seller2' is: 'PC'

2024-01-22 18:40:00 - [TEST_STEP][PASSED] - strSellerVol2 = getText(findTestObject("Stockbit/Bandarmology_SellerVol2")): Text of object 'Object Repository/Stockbit/Bandarmology_SellerVol2' is: '100'

2024-01-22 18:40:00 - [MESSAGE][PASSED] - Text of object 'Object Repository/Stockbit/Bandarmology_SellerVol2' is: '100'

2024-01-22 18:40:00 - [TEST_STEP][PASSED] - strSellerAvg2 = getText(findTestObject("Stockbit/Bandarmology_SellerAvg2")): Text of object 'Object Repository/Stockbit/Bandarmology_SellerAvg2' is: '50'

2024-01-22 18:40:00 - [MESSAGE][PASSED] - Text of object 'Object Repository/Stockbit/Bandarmology_SellerAvg2' is: '50'

2024-01-22 18:40:00 - [TEST_STEP][PASSED] - if (strSeller2 != ""): null

2024-01-22 18:40:00 - [TEST_STEP][PASSED] - if (strSellerAvg2.contains(",")): null

2024-01-22 18:40:00 - [TEST_STEP][PASSED] - if (strSellerVol2.contains(" B")): null

2024-01-22 18:40:00 - [TEST_STEP][PASSED] - if (verifyElementNotPresent(findTestObject("Stockbit/Bandarmology_Buyer3"), 1, OPTIONAL)): Web element with id: 'Object Repository/Stockbit/Bandarmology_Buyer3' located by 'By.xpath: //*[contains(@id, 'rc-tabs-')]/div[2]/div/div/div/div/div/div[2]/table/tbody/tr[4]/td[1]/p' is present after '1' second(s) (Root cause: com.kms.katalon.core.exception.StepFailedException: Web element with id: 'Object Repository/Stockbit/Bandarmology_Buyer3' located by 'By.xpath: //*[contains(@id, 'rc-tabs-')]/div[2]/div/div/div/div/div/div[2]/table/tbody/tr[4]/td[1]/p' is present after '1' second(s)
	at com.kms.katalon.core.webui.keyword.internal.WebUIKeywordMain.stepFailed(WebUIKeywordMain.groovy:64)
	at com.kms.katalon.core.webui.keyword.internal.WebUIKeywordMain$stepFailed$0.call(Unknown Source)
	at com.kms.katalon.core.webui.keyword.builtin.VerifyElementNotPresentKeyword$_verifyElementNotPresent_closure1.doCall(VerifyElementNotPresentKeyword.groovy:106)
	at com.kms.katalon.core.webui.keyword.builtin.VerifyElementNotPresentKeyword$_verifyElementNotPresent_closure1.doCall(VerifyElementNotPresentKeyword.groovy)
	at com.kms.katalon.core.webui.keyword.internal.WebUIKeywordMain.runKeyword(WebUIKeywordMain.groovy:20)
	at com.kms.katalon.core.webui.keyword.internal.WebUIKeywordMain$runKeyword.call(Unknown Source)
	at com.kms.katalon.core.webui.keyword.builtin.VerifyElementNotPresentKeyword.verifyElementNotPresent(VerifyElementNotPresentKeyword.groovy:117)
	at com.kms.katalon.core.webui.keyword.builtin.VerifyElementNotPresentKeyword.execute(VerifyElementNotPresentKeyword.groovy:68)
	at com.kms.katalon.core.keyword.internal.KeywordExecutor.executeKeywordForPlatform(KeywordExecutor.groovy:74)
	at com.kms.katalon.core.webui.keyword.WebUiBuiltInKeywords.verifyElementNotPresent(WebUiBuiltInKeywords.groovy:1481)
	at com.kms.katalon.core.webui.keyword.WebUiBuiltInKeywords$verifyElementNotPresent$8.call(Unknown Source)
	at GetBrokSumPriceDaily.run(GetBrokSumPriceDaily:361)
	at com.kms.katalon.core.main.ScriptEngine.run(ScriptEngine.java:194)
	at com.kms.katalon.core.main.ScriptEngine.runScriptAsRawText(ScriptEngine.java:119)
	at com.kms.katalon.core.main.TestCaseExecutor.runScript(TestCaseExecutor.java:445)
	at com.kms.katalon.core.main.TestCaseExecutor.doExecute(TestCaseExecutor.java:436)
	at com.kms.katalon.core.main.TestCaseExecutor.processExecutionPhase(TestCaseExecutor.java:415)
	at com.kms.katalon.core.main.TestCaseExecutor.accessMainPhase(TestCaseExecutor.java:407)
	at com.kms.katalon.core.main.TestCaseExecutor.execute(TestCaseExecutor.java:284)
	at com.kms.katalon.core.common.CommonExecutor.accessTestCaseMainPhase(CommonExecutor.java:65)
	at com.kms.katalon.core.main.TestSuiteExecutor.accessTestSuiteMainPhase(TestSuiteExecutor.java:144)
	at com.kms.katalon.core.main.TestSuiteExecutor.execute(TestSuiteExecutor.java:106)
	at com.kms.katalon.core.main.TestCaseMain.startTestSuite(TestCaseMain.java:185)
	at com.kms.katalon.core.main.TestCaseMain$startTestSuite$0.call(Unknown Source)
	at TempTestSuite1705923140048.run(TempTestSuite1705923140048.groovy:36)
)

2024-01-22 18:40:01 - [MESSAGE][WARNING] - Web element with id: 'Object Repository/Stockbit/Bandarmology_Buyer3' located by 'By.xpath: //*[contains(@id, 'rc-tabs-')]/div[2]/div/div/div/div/div/div[2]/table/tbody/tr[4]/td[1]/p' is present after '1' second(s) (Root cause: com.kms.katalon.core.exception.StepFailedException: Web element with id: 'Object Repository/Stockbit/Bandarmology_Buyer3' located by 'By.xpath: //*[contains(@id, 'rc-tabs-')]/div[2]/div/div/div/div/div/div[2]/table/tbody/tr[4]/td[1]/p' is present after '1' second(s)
	at com.kms.katalon.core.webui.keyword.internal.WebUIKeywordMain.stepFailed(WebUIKeywordMain.groovy:64)
	at com.kms.katalon.core.webui.keyword.internal.WebUIKeywordMain$stepFailed$0.call(Unknown Source)
	at com.kms.katalon.core.webui.keyword.builtin.VerifyElementNotPresentKeyword$_verifyElementNotPresent_closure1.doCall(VerifyElementNotPresentKeyword.groovy:106)
	at com.kms.katalon.core.webui.keyword.builtin.VerifyElementNotPresentKeyword$_verifyElementNotPresent_closure1.doCall(VerifyElementNotPresentKeyword.groovy)
	at com.kms.katalon.core.webui.keyword.internal.WebUIKeywordMain.runKeyword(WebUIKeywordMain.groovy:20)
	at com.kms.katalon.core.webui.keyword.internal.WebUIKeywordMain$runKeyword.call(Unknown Source)
	at com.kms.katalon.core.webui.keyword.builtin.VerifyElementNotPresentKeyword.verifyElementNotPresent(VerifyElementNotPresentKeyword.groovy:117)
	at com.kms.katalon.core.webui.keyword.builtin.VerifyElementNotPresentKeyword.execute(VerifyElementNotPresentKeyword.groovy:68)
	at com.kms.katalon.core.keyword.internal.KeywordExecutor.executeKeywordForPlatform(KeywordExecutor.groovy:74)
	at com.kms.katalon.core.webui.keyword.WebUiBuiltInKeywords.verifyElementNotPresent(WebUiBuiltInKeywords.groovy:1481)
	at com.kms.katalon.core.webui.keyword.WebUiBuiltInKeywords$verifyElementNotPresent$8.call(Unknown Source)
	at GetBrokSumPriceDaily.run(GetBrokSumPriceDaily:361)
	at com.kms.katalon.core.main.ScriptEngine.run(ScriptEngine.java:194)
	at com.kms.katalon.core.main.ScriptEngine.runScriptAsRawText(ScriptEngine.java:119)
	at com.kms.katalon.core.main.TestCaseExecutor.runScript(TestCaseExecutor.java:445)
	at com.kms.katalon.core.main.TestCaseExecutor.doExecute(TestCaseExecutor.java:436)
	at com.kms.katalon.core.main.TestCaseExecutor.processExecutionPhase(TestCaseExecutor.java:415)
	at com.kms.katalon.core.main.TestCaseExecutor.accessMainPhase(TestCaseExecutor.java:407)
	at com.kms.katalon.core.main.TestCaseExecutor.execute(TestCaseExecutor.java:284)
	at com.kms.katalon.core.common.CommonExecutor.accessTestCaseMainPhase(CommonExecutor.java:65)
	at com.kms.katalon.core.main.TestSuiteExecutor.accessTestSuiteMainPhase(TestSuiteExecutor.java:144)
	at com.kms.katalon.core.main.TestSuiteExecutor.execute(TestSuiteExecutor.java:106)
	at com.kms.katalon.core.main.TestCaseMain.startTestSuite(TestCaseMain.java:185)
	at com.kms.katalon.core.main.TestCaseMain$startTestSuite$0.call(Unknown Source)
	at TempTestSuite1705923140048.run(TempTestSuite1705923140048.groovy:36)
)
[[ATTACHMENT|C:\\Users\\Fadli\\git\\KatalonDailyGetData2\\Reports\\20240122_174123\\TS1\\20240122_183220\\1705923601459.png]]

2024-01-22 18:40:01 - [TEST_STEP][PASSED] - else: null

2024-01-22 18:40:01 - [TEST_STEP][PASSED] - strBuyer3 = getText(findTestObject("Stockbit/Bandarmology_Buyer3")): Text of object 'Object Repository/Stockbit/Bandarmology_Buyer3' is: 'PD'

2024-01-22 18:40:01 - [MESSAGE][PASSED] - Text of object 'Object Repository/Stockbit/Bandarmology_Buyer3' is: 'PD'

2024-01-22 18:40:01 - [TEST_STEP][PASSED] - strBuyerVol3 = getText(findTestObject("Stockbit/Bandarmology_BuyerVol3")): Text of object 'Object Repository/Stockbit/Bandarmology_BuyerVol3' is: '530'

2024-01-22 18:40:01 - [MESSAGE][PASSED] - Text of object 'Object Repository/Stockbit/Bandarmology_BuyerVol3' is: '530'

2024-01-22 18:40:01 - [TEST_STEP][PASSED] - strBuyerAvg3 = getText(findTestObject("Stockbit/Bandarmology_BuyerAvg3")): Text of object 'Object Repository/Stockbit/Bandarmology_BuyerAvg3' is: '50'

2024-01-22 18:40:02 - [MESSAGE][PASSED] - Text of object 'Object Repository/Stockbit/Bandarmology_BuyerAvg3' is: '50'

2024-01-22 18:40:02 - [TEST_STEP][PASSED] - if (strBuyer3 != ""): null

2024-01-22 18:40:02 - [TEST_STEP][PASSED] - if (strBuyerAvg3.contains(",")): null

2024-01-22 18:40:02 - [TEST_STEP][PASSED] - if (strBuyerVol3.contains(" B")): null

2024-01-22 18:40:02 - [TEST_STEP][PASSED] - if (verifyElementNotPresent(findTestObject("Stockbit/Bandarmology_Seller3"), 1, OPTIONAL)): Web element with id: 'Object Repository/Stockbit/Bandarmology_Seller3' located by 'By.xpath: //*[contains(@id, 'rc-tabs-')]/div[2]/div/div/div/div/div/div[2]/table/tbody/tr[4]/td[5]/p' is present after '1' second(s) (Root cause: com.kms.katalon.core.exception.StepFailedException: Web element with id: 'Object Repository/Stockbit/Bandarmology_Seller3' located by 'By.xpath: //*[contains(@id, 'rc-tabs-')]/div[2]/div/div/div/div/div/div[2]/table/tbody/tr[4]/td[5]/p' is present after '1' second(s)
	at com.kms.katalon.core.webui.keyword.internal.WebUIKeywordMain.stepFailed(WebUIKeywordMain.groovy:64)
	at com.kms.katalon.core.webui.keyword.internal.WebUIKeywordMain$stepFailed$0.call(Unknown Source)
	at com.kms.katalon.core.webui.keyword.builtin.VerifyElementNotPresentKeyword$_verifyElementNotPresent_closure1.doCall(VerifyElementNotPresentKeyword.groovy:106)
	at com.kms.katalon.core.webui.keyword.builtin.VerifyElementNotPresentKeyword$_verifyElementNotPresent_closure1.doCall(VerifyElementNotPresentKeyword.groovy)
	at com.kms.katalon.core.webui.keyword.internal.WebUIKeywordMain.runKeyword(WebUIKeywordMain.groovy:20)
	at com.kms.katalon.core.webui.keyword.internal.WebUIKeywordMain$runKeyword.call(Unknown Source)
	at com.kms.katalon.core.webui.keyword.builtin.VerifyElementNotPresentKeyword.verifyElementNotPresent(VerifyElementNotPresentKeyword.groovy:117)
	at com.kms.katalon.core.webui.keyword.builtin.VerifyElementNotPresentKeyword.execute(VerifyElementNotPresentKeyword.groovy:68)
	at com.kms.katalon.core.keyword.internal.KeywordExecutor.executeKeywordForPlatform(KeywordExecutor.groovy:74)
	at com.kms.katalon.core.webui.keyword.WebUiBuiltInKeywords.verifyElementNotPresent(WebUiBuiltInKeywords.groovy:1481)
	at com.kms.katalon.core.webui.keyword.WebUiBuiltInKeywords$verifyElementNotPresent$8.call(Unknown Source)
	at GetBrokSumPriceDaily.run(GetBrokSumPriceDaily:414)
	at com.kms.katalon.core.main.ScriptEngine.run(ScriptEngine.java:194)
	at com.kms.katalon.core.main.ScriptEngine.runScriptAsRawText(ScriptEngine.java:119)
	at com.kms.katalon.core.main.TestCaseExecutor.runScript(TestCaseExecutor.java:445)
	at com.kms.katalon.core.main.TestCaseExecutor.doExecute(TestCaseExecutor.java:436)
	at com.kms.katalon.core.main.TestCaseExecutor.processExecutionPhase(TestCaseExecutor.java:415)
	at com.kms.katalon.core.main.TestCaseExecutor.accessMainPhase(TestCaseExecutor.java:407)
	at com.kms.katalon.core.main.TestCaseExecutor.execute(TestCaseExecutor.java:284)
	at com.kms.katalon.core.common.CommonExecutor.accessTestCaseMainPhase(CommonExecutor.java:65)
	at com.kms.katalon.core.main.TestSuiteExecutor.accessTestSuiteMainPhase(TestSuiteExecutor.java:144)
	at com.kms.katalon.core.main.TestSuiteExecutor.execute(TestSuiteExecutor.java:106)
	at com.kms.katalon.core.main.TestCaseMain.startTestSuite(TestCaseMain.java:185)
	at com.kms.katalon.core.main.TestCaseMain$startTestSuite$0.call(Unknown Source)
	at TempTestSuite1705923140048.run(TempTestSuite1705923140048.groovy:36)
)

2024-01-22 18:40:03 - [MESSAGE][WARNING] - Web element with id: 'Object Repository/Stockbit/Bandarmology_Seller3' located by 'By.xpath: //*[contains(@id, 'rc-tabs-')]/div[2]/div/div/div/div/div/div[2]/table/tbody/tr[4]/td[5]/p' is present after '1' second(s) (Root cause: com.kms.katalon.core.exception.StepFailedException: Web element with id: 'Object Repository/Stockbit/Bandarmology_Seller3' located by 'By.xpath: //*[contains(@id, 'rc-tabs-')]/div[2]/div/div/div/div/div/div[2]/table/tbody/tr[4]/td[5]/p' is present after '1' second(s)
	at com.kms.katalon.core.webui.keyword.internal.WebUIKeywordMain.stepFailed(WebUIKeywordMain.groovy:64)
	at com.kms.katalon.core.webui.keyword.internal.WebUIKeywordMain$stepFailed$0.call(Unknown Source)
	at com.kms.katalon.core.webui.keyword.builtin.VerifyElementNotPresentKeyword$_verifyElementNotPresent_closure1.doCall(VerifyElementNotPresentKeyword.groovy:106)
	at com.kms.katalon.core.webui.keyword.builtin.VerifyElementNotPresentKeyword$_verifyElementNotPresent_closure1.doCall(VerifyElementNotPresentKeyword.groovy)
	at com.kms.katalon.core.webui.keyword.internal.WebUIKeywordMain.runKeyword(WebUIKeywordMain.groovy:20)
	at com.kms.katalon.core.webui.keyword.internal.WebUIKeywordMain$runKeyword.call(Unknown Source)
	at com.kms.katalon.core.webui.keyword.builtin.VerifyElementNotPresentKeyword.verifyElementNotPresent(VerifyElementNotPresentKeyword.groovy:117)
	at com.kms.katalon.core.webui.keyword.builtin.VerifyElementNotPresentKeyword.execute(VerifyElementNotPresentKeyword.groovy:68)
	at com.kms.katalon.core.keyword.internal.KeywordExecutor.executeKeywordForPlatform(KeywordExecutor.groovy:74)
	at com.kms.katalon.core.webui.keyword.WebUiBuiltInKeywords.verifyElementNotPresent(WebUiBuiltInKeywords.groovy:1481)
	at com.kms.katalon.core.webui.keyword.WebUiBuiltInKeywords$verifyElementNotPresent$8.call(Unknown Source)
	at GetBrokSumPriceDaily.run(GetBrokSumPriceDaily:414)
	at com.kms.katalon.core.main.ScriptEngine.run(ScriptEngine.java:194)
	at com.kms.katalon.core.main.ScriptEngine.runScriptAsRawText(ScriptEngine.java:119)
	at com.kms.katalon.core.main.TestCaseExecutor.runScript(TestCaseExecutor.java:445)
	at com.kms.katalon.core.main.TestCaseExecutor.doExecute(TestCaseExecutor.java:436)
	at com.kms.katalon.core.main.TestCaseExecutor.processExecutionPhase(TestCaseExecutor.java:415)
	at com.kms.katalon.core.main.TestCaseExecutor.accessMainPhase(TestCaseExecutor.java:407)
	at com.kms.katalon.core.main.TestCaseExecutor.execute(TestCaseExecutor.java:284)
	at com.kms.katalon.core.common.CommonExecutor.accessTestCaseMainPhase(CommonExecutor.java:65)
	at com.kms.katalon.core.main.TestSuiteExecutor.accessTestSuiteMainPhase(TestSuiteExecutor.java:144)
	at com.kms.katalon.core.main.TestSuiteExecutor.execute(TestSuiteExecutor.java:106)
	at com.kms.katalon.core.main.TestCaseMain.startTestSuite(TestCaseMain.java:185)
	at com.kms.katalon.core.main.TestCaseMain$startTestSuite$0.call(Unknown Source)
	at TempTestSuite1705923140048.run(TempTestSuite1705923140048.groovy:36)
)
[[ATTACHMENT|C:\\Users\\Fadli\\git\\KatalonDailyGetData2\\Reports\\20240122_174123\\TS1\\20240122_183220\\1705923603215.png]]

2024-01-22 18:40:03 - [TEST_STEP][PASSED] - else: null

2024-01-22 18:40:03 - [TEST_STEP][PASSED] - strSeller3 = getText(findTestObject("Stockbit/Bandarmology_Seller3")): Text of object 'Object Repository/Stockbit/Bandarmology_Seller3' is: 'EP'

2024-01-22 18:40:03 - [MESSAGE][PASSED] - Text of object 'Object Repository/Stockbit/Bandarmology_Seller3' is: 'EP'

2024-01-22 18:40:03 - [TEST_STEP][PASSED] - strSellerVol3 = getText(findTestObject("Stockbit/Bandarmology_SellerVol3")): Text of object 'Object Repository/Stockbit/Bandarmology_SellerVol3' is: '63'

2024-01-22 18:40:03 - [MESSAGE][PASSED] - Text of object 'Object Repository/Stockbit/Bandarmology_SellerVol3' is: '63'

2024-01-22 18:40:03 - [TEST_STEP][PASSED] - strSellerAvg3 = getText(findTestObject("Stockbit/Bandarmology_SellerAvg3")): Text of object 'Object Repository/Stockbit/Bandarmology_SellerAvg3' is: '50'

2024-01-22 18:40:03 - [MESSAGE][PASSED] - Text of object 'Object Repository/Stockbit/Bandarmology_SellerAvg3' is: '50'

2024-01-22 18:40:03 - [TEST_STEP][PASSED] - if (strSeller3 != ""): null

2024-01-22 18:40:03 - [TEST_STEP][PASSED] - if (strSellerAvg3.contains(",")): null

2024-01-22 18:40:03 - [TEST_STEP][PASSED] - if (strSellerVol3.contains(" B")): null

2024-01-22 18:40:03 - [TEST_STEP][PASSED] - strAccDist = getText(findTestObject("Stockbit/Bandarmology_AccDist")): Text of object 'Object Repository/Stockbit/Bandarmology_AccDist' is: 'Dist'

2024-01-22 18:40:03 - [MESSAGE][PASSED] - Text of object 'Object Repository/Stockbit/Bandarmology_AccDist' is: 'Dist'

2024-01-22 18:40:03 - [TEST_STEP][PASSED] - strNetVol = getText(findTestObject("Stockbit/Bandarmology_NetVol")): Text of object 'Object Repository/Stockbit/Bandarmology_NetVol' is: '5,831'

2024-01-22 18:40:04 - [MESSAGE][PASSED] - Text of object 'Object Repository/Stockbit/Bandarmology_NetVol' is: '5,831'

2024-01-22 18:40:04 - [TEST_STEP][PASSED] - strNetVol = strNetVol.replace(",", ""): null

2024-01-22 18:40:04 - [TEST_STEP][PASSED] - strNetVal = getText(findTestObject("Stockbit/Bandarmology_NetVal")): Text of object 'Object Repository/Stockbit/Bandarmology_NetVal' is: '0 B'

2024-01-22 18:40:04 - [MESSAGE][PASSED] - Text of object 'Object Repository/Stockbit/Bandarmology_NetVal' is: '0 B'

2024-01-22 18:40:04 - [TEST_STEP][PASSED] - delay(3): Delayed 3 second(s)

2024-01-22 18:40:07 - [MESSAGE][PASSED] - Delayed 3 second(s)

2024-01-22 18:40:07 - [TEST_STEP][PASSED] - strOpenPrice = getText(findTestObject("Stockbit/Home_OpenPrice")): Text of object 'Object Repository/Stockbit/Home_OpenPrice' is: '50'

2024-01-22 18:40:07 - [MESSAGE][PASSED] - Text of object 'Object Repository/Stockbit/Home_OpenPrice' is: '50'

2024-01-22 18:40:07 - [TEST_STEP][PASSED] - strOpenPrice = strOpenPrice.replace(",", ""): null

2024-01-22 18:40:07 - [TEST_STEP][PASSED] - strLowPrice = getText(findTestObject("Stockbit/Home_LowPrice")): Text of object 'Object Repository/Stockbit/Home_LowPrice' is: '50'

2024-01-22 18:40:07 - [MESSAGE][PASSED] - Text of object 'Object Repository/Stockbit/Home_LowPrice' is: '50'

2024-01-22 18:40:07 - [TEST_STEP][PASSED] - strLowPrice = strLowPrice.replace(",", ""): null

2024-01-22 18:40:07 - [TEST_STEP][PASSED] - strHighPrice = getText(findTestObject("Stockbit/Home_HighPrice")): Text of object 'Object Repository/Stockbit/Home_HighPrice' is: '50'

2024-01-22 18:40:07 - [MESSAGE][PASSED] - Text of object 'Object Repository/Stockbit/Home_HighPrice' is: '50'

2024-01-22 18:40:07 - [TEST_STEP][PASSED] - strHighPrice = strHighPrice.replace(",", ""): null

2024-01-22 18:40:07 - [TEST_STEP][PASSED] - strClosePrice = getText(findTestObject("Stockbit/Home_ClosePrice")): Text of object 'Object Repository/Stockbit/Home_ClosePrice' is: '50'

2024-01-22 18:40:07 - [MESSAGE][PASSED] - Text of object 'Object Repository/Stockbit/Home_ClosePrice' is: '50'

2024-01-22 18:40:07 - [TEST_STEP][PASSED] - strClosePrice = strClosePrice.replace(",", ""): null

2024-01-22 18:40:07 - [TEST_STEP][PASSED] - strVol = getText(findTestObject("Stockbit/Home_Volume")): Text of object 'Object Repository/Stockbit/Home_Volume' is: '6 K'

2024-01-22 18:40:07 - [MESSAGE][PASSED] - Text of object 'Object Repository/Stockbit/Home_Volume' is: '6 K'

2024-01-22 18:40:07 - [TEST_STEP][PASSED] - if (strVol.contains(" K")): null

2024-01-22 18:40:07 - [TEST_STEP][PASSED] - strVol = strVol.replace(" K", "000"): null

2024-01-22 18:40:07 - [TEST_STEP][PASSED] - if (strVol.contains(",")): null

2024-01-22 18:40:07 - [TEST_STEP][PASSED] - strChange = getText(findTestObject("Stockbit/Home_Change")): Text of object 'Object Repository/Stockbit/Home_Change' is: '0.00%'

2024-01-22 18:40:07 - [MESSAGE][PASSED] - Text of object 'Object Repository/Stockbit/Home_Change' is: '0.00%'

2024-01-22 18:40:07 - [TEST_STEP][PASSED] - strChange = strChange.replace("%", ""): null

2024-01-22 18:40:07 - [TEST_STEP][PASSED] - strFreq = getText(findTestObject("Stockbit/Home_Freq")): Text of object 'Object Repository/Stockbit/Home_Freq' is: '89'

2024-01-22 18:40:07 - [MESSAGE][PASSED] - Text of object 'Object Repository/Stockbit/Home_Freq' is: '89'

2024-01-22 18:40:07 - [TEST_STEP][PASSED] - if (strFreq.contains(",")): null

2024-01-22 18:40:07 - [TEST_STEP][PASSED] - if (strFreq == "NA" || strFreq == ""): null

2024-01-22 18:40:07 - [TEST_STEP][PASSED] - else: null

2024-01-22 18:40:07 - [TEST_STEP][PASSED] - dblFreqAnal = strVol.toDouble() / strFreq.toDouble() * strFreq.toDouble() * strFreq.toDouble() * 100000000: null

2024-01-22 18:40:07 - [TEST_STEP][PASSED] - strFreqAnal = String.format("%.4f", dblFreqAnal): null

2024-01-22 18:40:07 - [TEST_STEP][PASSED] - out.println("Double strFreqAnal: " + strFreqAnal): null

2024-01-22 18:40:07 - [TEST_STEP][PASSED] - strTanggal = d.format(DateTimeFormatter.ofPattern("yyyy-MM-dd")): null

2024-01-22 18:40:07 - [TEST_STEP][PASSED] - strTanggal = "#" + strTanggal + "#": null

2024-01-22 18:40:07 - [TEST_STEP][PASSED] - strSQL = "select count(*) as JumBaris from TblBrokSum where Nama = '" + strNama + "' and Tanggal = " + strTanggal + "": null

2024-01-22 18:40:07 - [TEST_STEP][PASSED] - resultSet = statement.executeQuery(strSQL): null

2024-01-22 18:40:07 - [TEST_STEP][PASSED] - resultSet.next(): null

2024-01-22 18:40:07 - [TEST_STEP][PASSED] - intJumBaris = resultSet.getInt("JumBaris"): null

2024-01-22 18:40:07 - [TEST_STEP][PASSED] - if (intJumBaris > 0): null

2024-01-22 18:40:07 - [TEST_STEP][PASSED] - else: null

2024-01-22 18:40:07 - [TEST_STEP][PASSED] - try: null

2024-01-22 18:40:07 - [TEST_STEP][PASSED] - out.println("Insert data"): null

2024-01-22 18:40:07 - [TEST_STEP][PASSED] - strSQL = "insert into TblBrokSum (nama, tanggal, top1, top2, top3, AllBrokAvg, AccDist, AvgRP, " + "Buyer1, BuyerVal1, BuyerAvg1, Seller1, SellerVal1, SellerAvg1, Buyer2, BuyerVal2, BuyerAvg2, " + "Seller2, SellerVal2, SellerAvg2, Buyer3, BuyerVal3, BuyerAvg3, Seller3, SellerVal3, SellerAvg3, NetVol, NetVal, " + "OpenPrice, LowPrice, HighPrice, ClosePrice, Volume, Change, Frekuensi, FrekAnal) " + "values ('" + strNama + "', " + strTanggal + ", '" + strTop1 + "', '" + strTop3 + "', '" + strTop5 + "', " + "'" + strAllBrokAvg + "', '" + strAccDist + "', " + intAvgRP + ", '" + strBuyer1 + "', '" + strBuyerVol1 + "', " + strBuyerAvg1 + ", " + "'" + strSeller1 + "', '" + strSellerVol1 + "', " + strSellerAvg1 + ", '" + strBuyer2 + "', '" + strBuyerVol2 + "', " + strBuyerAvg2 + ", " + "'" + strSeller2 + "', '" + strSellerVol2 + "', " + strSellerAvg2 + ", '" + strBuyer3 + "', '" + strBuyerVol3 + "', " + strBuyerAvg3 + ", " + "'" + strSeller3 + "', '" + strSellerVol3 + "', " + strSellerAvg3 + ", " + strNetVol + ", '" + strNetVal + "', " + "" + strOpenPrice + ", " + strLowPrice + ", " + strHighPrice + ", " + strClosePrice + ", '" + strVol + "', " + strChange + ", " + strFreq + ", " + strFreqAnal + ");": null

2024-01-22 18:40:07 - [TEST_STEP][PASSED] - out.println("strSQL = " + strSQL): null

2024-01-22 18:40:07 - [TEST_STEP][PASSED] - statement.executeUpdate(strSQL): null

2024-01-22 18:40:07 - [TEST_STEP][PASSED] - setValueToCellByIndex(sheet01, rowIndex, 4, "DONE"): null

2024-01-22 18:40:07 - [TEST_STEP][PASSED] - saveWorkbook(excelFilePath, workbook01): null

2024-01-22 18:40:08 - [TEST_STEP][PASSED] - waitForElementClickable(findTestObject("Stockbit/menu_Bandarmology"), 10): Object 'Object Repository/Stockbit/menu_Bandarmology' is clickable

2024-01-22 18:40:08 - [MESSAGE][PASSED] - Object 'Object Repository/Stockbit/menu_Bandarmology' is clickable

2024-01-22 18:40:08 - [TEST_STEP][PASSED] - click(findTestObject("Stockbit/menu_Bandarmology")): Object: 'Object Repository/Stockbit/menu_Bandarmology' is clicked on

2024-01-22 18:40:08 - [MESSAGE][PASSED] - Object: 'Object Repository/Stockbit/menu_Bandarmology' is clicked on

2024-01-22 18:40:08 - [TEST_STEP][PASSED] - strTemp = "NA": null

2024-01-22 18:40:08 - [TEST_STEP][PASSED] - if (getCellValueByIndex(sheet01, rowIndex, 4) != "DONE"): Object: 'Object Repository/Stockbit/menu_Bandarmology' is clicked on

2024-01-22 18:40:08 - [TEST_STEP][PASSED] - strNama = getCellValueByIndex(sheet01, rowIndex, 0): null

2024-01-22 18:40:08 - [TEST_STEP][PASSED] - navigateToUrl("https://stockbit.com/#/symbol/" + strNama): Navigate to 'https://stockbit.com/#/symbol/AXIO' successfully

2024-01-22 18:40:09 - [MESSAGE][PASSED] - Navigate to 'https://stockbit.com/#/symbol/AXIO' successfully

2024-01-22 18:40:10 - [TEST_STEP][PASSED] - waitForElementClickable(findTestObject("Stockbit/menu_Bandarmology"), 10): Object 'Object Repository/Stockbit/menu_Bandarmology' is clickable

2024-01-22 18:40:10 - [MESSAGE][PASSED] - Object 'Object Repository/Stockbit/menu_Bandarmology' is clickable

2024-01-22 18:40:10 - [TEST_STEP][PASSED] - click(findTestObject("Stockbit/menu_Bandarmology")): Object: 'Object Repository/Stockbit/menu_Bandarmology' is clicked on

2024-01-22 18:40:10 - [MESSAGE][PASSED] - Object: 'Object Repository/Stockbit/menu_Bandarmology' is clicked on

2024-01-22 18:40:10 - [TEST_STEP][PASSED] - strTanggal = d.format(DateTimeFormatter.ofPattern("MMM dd, yyyy")): null

2024-01-22 18:40:10 - [TEST_STEP][PASSED] - strTanggal = d.format(ISO_DATE): null

2024-01-22 18:40:10 - [TEST_STEP][PASSED] - out.println("strTanggal = " + strTanggal): null

2024-01-22 18:40:10 - [TEST_STEP][PASSED] - out.println("strNama = " + strNama): null

2024-01-22 18:40:10 - [TEST_STEP][PASSED] - out.println("Baris ke = " + rowIndex): null

2024-01-22 18:40:10 - [TEST_STEP][PASSED] - click(findTestObject("Stockbit/input__BandarmologyOpenStartDate")): Object: 'Object Repository/Stockbit/input__BandarmologyOpenStartDate' is clicked on

2024-01-22 18:40:12 - [MESSAGE][PASSED] - Object: 'Object Repository/Stockbit/input__BandarmologyOpenStartDate' is clicked on

2024-01-22 18:40:12 - [TEST_STEP][PASSED] - sendKeys(findTestObject("Stockbit/input__BandarmologyOpenStartDate"), Keys.chord(CONTROL, "a")): Keys 'CONTROL + a' sent to object: 'Object Repository/Stockbit/input__BandarmologyOpenStartDate'

2024-01-22 18:40:12 - [MESSAGE][PASSED] - Keys 'CONTROL + a' sent to object: 'Object Repository/Stockbit/input__BandarmologyOpenStartDate'

2024-01-22 18:40:12 - [TEST_STEP][PASSED] - sendKeys(findTestObject("Stockbit/input__BandarmologyOpenStartDate"), Keys.chord(BACK_SPACE)): Keys 'BACK_SPACE + ' sent to object: 'Object Repository/Stockbit/input__BandarmologyOpenStartDate'

2024-01-22 18:40:12 - [MESSAGE][PASSED] - Keys 'BACK_SPACE + ' sent to object: 'Object Repository/Stockbit/input__BandarmologyOpenStartDate'

2024-01-22 18:40:12 - [TEST_STEP][PASSED] - setText(findTestObject("Stockbit/input__BandarmologyOpenStartDate"), strTanggal): Text '2024-01-22' is set on object 'Object Repository/Stockbit/input__BandarmologyOpenStartDate'

2024-01-22 18:40:13 - [MESSAGE][PASSED] - Text '2024-01-22' is set on object 'Object Repository/Stockbit/input__BandarmologyOpenStartDate'

2024-01-22 18:40:13 - [TEST_STEP][PASSED] - sendKeys(findTestObject("Stockbit/input__BandarmologyOpenStartDate"), Keys.chord(ENTER)): Keys 'ENTER + ' sent to object: 'Object Repository/Stockbit/input__BandarmologyOpenStartDate'

2024-01-22 18:40:13 - [MESSAGE][PASSED] - Keys 'ENTER + ' sent to object: 'Object Repository/Stockbit/input__BandarmologyOpenStartDate'

2024-01-22 18:40:13 - [TEST_STEP][PASSED] - click(findTestObject("Stockbit/input__BandarmologyOpenEndDate")): Object: 'Object Repository/Stockbit/input__BandarmologyOpenEndDate' is clicked on

2024-01-22 18:40:14 - [MESSAGE][PASSED] - Object: 'Object Repository/Stockbit/input__BandarmologyOpenEndDate' is clicked on

2024-01-22 18:40:14 - [TEST_STEP][PASSED] - sendKeys(findTestObject("Stockbit/input__BandarmologyOpenEndDate"), Keys.chord(CONTROL, "a")): Keys 'CONTROL + a' sent to object: 'Object Repository/Stockbit/input__BandarmologyOpenEndDate'

2024-01-22 18:40:14 - [MESSAGE][PASSED] - Keys 'CONTROL + a' sent to object: 'Object Repository/Stockbit/input__BandarmologyOpenEndDate'

2024-01-22 18:40:14 - [TEST_STEP][PASSED] - sendKeys(findTestObject("Stockbit/input__BandarmologyOpenEndDate"), Keys.chord(BACK_SPACE)): Keys 'BACK_SPACE + ' sent to object: 'Object Repository/Stockbit/input__BandarmologyOpenEndDate'

2024-01-22 18:40:15 - [MESSAGE][PASSED] - Keys 'BACK_SPACE + ' sent to object: 'Object Repository/Stockbit/input__BandarmologyOpenEndDate'

2024-01-22 18:40:15 - [TEST_STEP][PASSED] - setText(findTestObject("Stockbit/input__BandarmologyOpenEndDate"), strTanggal): Text '2024-01-22' is set on object 'Object Repository/Stockbit/input__BandarmologyOpenEndDate'

2024-01-22 18:40:15 - [MESSAGE][PASSED] - Text '2024-01-22' is set on object 'Object Repository/Stockbit/input__BandarmologyOpenEndDate'

2024-01-22 18:40:15 - [TEST_STEP][PASSED] - sendKeys(findTestObject("Stockbit/input__BandarmologyOpenEndDate"), Keys.chord(ENTER)): Keys 'ENTER + ' sent to object: 'Object Repository/Stockbit/input__BandarmologyOpenEndDate'

2024-01-22 18:40:16 - [MESSAGE][PASSED] - Keys 'ENTER + ' sent to object: 'Object Repository/Stockbit/input__BandarmologyOpenEndDate'

2024-01-22 18:40:16 - [TEST_STEP][PASSED] - delay(2): Delayed 2 second(s)

2024-01-22 18:40:18 - [MESSAGE][PASSED] - Delayed 2 second(s)

2024-01-22 18:40:18 - [TEST_STEP][PASSED] - strTemp = getText(findTestObject("Stockbit/Bandarmology_AvgRP")): Text of object 'Object Repository/Stockbit/Bandarmology_AvgRP' is: '190'

2024-01-22 18:40:18 - [MESSAGE][PASSED] - Text of object 'Object Repository/Stockbit/Bandarmology_AvgRP' is: '190'

2024-01-22 18:40:18 - [TEST_STEP][PASSED] - out.println("Bandarmology_AvgRP = " + strTemp): null

2024-01-22 18:40:18 - [TEST_STEP][PASSED] - if (strTemp != "0"): null

2024-01-22 18:40:18 - [TEST_STEP][PASSED] - strTop1 = getText(findTestObject("Stockbit/Bandarmology_Top1")): Text of object 'Object Repository/Stockbit/Bandarmology_Top1' is: 'Small Dist'

2024-01-22 18:40:18 - [MESSAGE][PASSED] - Text of object 'Object Repository/Stockbit/Bandarmology_Top1' is: 'Small Dist'

2024-01-22 18:40:18 - [TEST_STEP][PASSED] - strTop3 = getText(findTestObject("Stockbit/Bandarmology_Top3")): Text of object 'Object Repository/Stockbit/Bandarmology_Top3' is: 'Big Dist'

2024-01-22 18:40:18 - [MESSAGE][PASSED] - Text of object 'Object Repository/Stockbit/Bandarmology_Top3' is: 'Big Dist'

2024-01-22 18:40:18 - [TEST_STEP][PASSED] - strTop5 = getText(findTestObject("Stockbit/Bandarmology_Top5")): Text of object 'Object Repository/Stockbit/Bandarmology_Top5' is: 'Big Dist'

2024-01-22 18:40:18 - [MESSAGE][PASSED] - Text of object 'Object Repository/Stockbit/Bandarmology_Top5' is: 'Big Dist'

2024-01-22 18:40:18 - [TEST_STEP][PASSED] - strAllBrokAvg = getText(findTestObject("Stockbit/Bandarmology_TopAVG")): Text of object 'Object Repository/Stockbit/Bandarmology_TopAVG' is: 'Big Dist'

2024-01-22 18:40:18 - [MESSAGE][PASSED] - Text of object 'Object Repository/Stockbit/Bandarmology_TopAVG' is: 'Big Dist'

2024-01-22 18:40:18 - [TEST_STEP][PASSED] - strTemp = getText(findTestObject("Stockbit/Bandarmology_AvgRP")): Text of object 'Object Repository/Stockbit/Bandarmology_AvgRP' is: '190'

2024-01-22 18:40:19 - [MESSAGE][PASSED] - Text of object 'Object Repository/Stockbit/Bandarmology_AvgRP' is: '190'

2024-01-22 18:40:19 - [TEST_STEP][PASSED] - if (strTemp.contains(",")): null

2024-01-22 18:40:19 - [TEST_STEP][PASSED] - intAvgRP = strTemp.toInteger(): null

2024-01-22 18:40:19 - [TEST_STEP][PASSED] - strBuyer1 = getText(findTestObject("Stockbit/Bandarmology_Buyer1")): Text of object 'Object Repository/Stockbit/Bandarmology_Buyer1' is: 'IH'

2024-01-22 18:40:19 - [MESSAGE][PASSED] - Text of object 'Object Repository/Stockbit/Bandarmology_Buyer1' is: 'IH'

2024-01-22 18:40:19 - [TEST_STEP][PASSED] - strBuyerVol1 = getText(findTestObject("Stockbit/Bandarmology_BuyerVol1")): Text of object 'Object Repository/Stockbit/Bandarmology_BuyerVol1' is: '1.6 K'

2024-01-22 18:40:19 - [MESSAGE][PASSED] - Text of object 'Object Repository/Stockbit/Bandarmology_BuyerVol1' is: '1.6 K'

2024-01-22 18:40:19 - [TEST_STEP][PASSED] - strBuyerAvg1 = getText(findTestObject("Stockbit/Bandarmology_BuyerAvg1")): Text of object 'Object Repository/Stockbit/Bandarmology_BuyerAvg1' is: '190'

2024-01-22 18:40:19 - [MESSAGE][PASSED] - Text of object 'Object Repository/Stockbit/Bandarmology_BuyerAvg1' is: '190'

2024-01-22 18:40:19 - [TEST_STEP][PASSED] - if (strBuyerAvg1.contains(",")): null

2024-01-22 18:40:19 - [TEST_STEP][PASSED] - if (strBuyerVol1.contains(" B")): null

2024-01-22 18:40:19 - [TEST_STEP][PASSED] - else if (strBuyerVol1.contains(" M")): null

2024-01-22 18:40:19 - [TEST_STEP][PASSED] - else if (strBuyerVol1.contains(" K")): null

2024-01-22 18:40:19 - [TEST_STEP][PASSED] - strBuyerVol1 = strBuyerVol1.replace(" K", ""): null

2024-01-22 18:40:19 - [TEST_STEP][PASSED] - strBuyerVol1 = strBuyerVol1.toDouble() * 1000: null

2024-01-22 18:40:19 - [TEST_STEP][PASSED] - strSeller1 = getText(findTestObject("Stockbit/Bandarmology_Seller1")): Text of object 'Object Repository/Stockbit/Bandarmology_Seller1' is: 'AH'

2024-01-22 18:40:19 - [MESSAGE][PASSED] - Text of object 'Object Repository/Stockbit/Bandarmology_Seller1' is: 'AH'

2024-01-22 18:40:19 - [TEST_STEP][PASSED] - strSellerVol1 = getText(findTestObject("Stockbit/Bandarmology_SellerVol1")): Text of object 'Object Repository/Stockbit/Bandarmology_SellerVol1' is: '3 K'

2024-01-22 18:40:19 - [MESSAGE][PASSED] - Text of object 'Object Repository/Stockbit/Bandarmology_SellerVol1' is: '3 K'

2024-01-22 18:40:19 - [TEST_STEP][PASSED] - strSellerAvg1 = getText(findTestObject("Stockbit/Bandarmology_SellerAvg1")): Text of object 'Object Repository/Stockbit/Bandarmology_SellerAvg1' is: '189'

2024-01-22 18:40:19 - [MESSAGE][PASSED] - Text of object 'Object Repository/Stockbit/Bandarmology_SellerAvg1' is: '189'

2024-01-22 18:40:19 - [TEST_STEP][PASSED] - if (strSellerAvg1.contains(",")): null

2024-01-22 18:40:19 - [TEST_STEP][PASSED] - if (strSellerVol1.contains(" B")): null

2024-01-22 18:40:19 - [TEST_STEP][PASSED] - else if (strSellerVol1.contains(" M")): null

2024-01-22 18:40:19 - [TEST_STEP][PASSED] - else if (strSellerVol1.contains(" K")): null

2024-01-22 18:40:19 - [TEST_STEP][PASSED] - strSellerVol1 = strSellerVol1.replace(" K", ""): null

2024-01-22 18:40:19 - [TEST_STEP][PASSED] - strSellerVol1 = strSellerVol1.toDouble() * 1000: null

2024-01-22 18:40:19 - [TEST_STEP][PASSED] - if (verifyElementNotPresent(findTestObject("Stockbit/Bandarmology_Buyer2"), 1, OPTIONAL)): Web element with id: 'Object Repository/Stockbit/Bandarmology_Buyer2' located by 'By.xpath: //*[contains(@id, 'rc-tabs-')]/div[2]/div/div/div/div/div/div[2]/table/tbody/tr[3]/td[1]/p' is present after '1' second(s) (Root cause: com.kms.katalon.core.exception.StepFailedException: Web element with id: 'Object Repository/Stockbit/Bandarmology_Buyer2' located by 'By.xpath: //*[contains(@id, 'rc-tabs-')]/div[2]/div/div/div/div/div/div[2]/table/tbody/tr[3]/td[1]/p' is present after '1' second(s)
	at com.kms.katalon.core.webui.keyword.internal.WebUIKeywordMain.stepFailed(WebUIKeywordMain.groovy:64)
	at com.kms.katalon.core.webui.keyword.internal.WebUIKeywordMain$stepFailed$0.call(Unknown Source)
	at com.kms.katalon.core.webui.keyword.builtin.VerifyElementNotPresentKeyword$_verifyElementNotPresent_closure1.doCall(VerifyElementNotPresentKeyword.groovy:106)
	at com.kms.katalon.core.webui.keyword.builtin.VerifyElementNotPresentKeyword$_verifyElementNotPresent_closure1.doCall(VerifyElementNotPresentKeyword.groovy)
	at com.kms.katalon.core.webui.keyword.internal.WebUIKeywordMain.runKeyword(WebUIKeywordMain.groovy:20)
	at com.kms.katalon.core.webui.keyword.internal.WebUIKeywordMain$runKeyword.call(Unknown Source)
	at com.kms.katalon.core.webui.keyword.builtin.VerifyElementNotPresentKeyword.verifyElementNotPresent(VerifyElementNotPresentKeyword.groovy:117)
	at com.kms.katalon.core.webui.keyword.builtin.VerifyElementNotPresentKeyword.execute(VerifyElementNotPresentKeyword.groovy:68)
	at com.kms.katalon.core.keyword.internal.KeywordExecutor.executeKeywordForPlatform(KeywordExecutor.groovy:74)
	at com.kms.katalon.core.webui.keyword.WebUiBuiltInKeywords.verifyElementNotPresent(WebUiBuiltInKeywords.groovy:1481)
	at com.kms.katalon.core.webui.keyword.WebUiBuiltInKeywords$verifyElementNotPresent$8.call(Unknown Source)
	at GetBrokSumPriceDaily.run(GetBrokSumPriceDaily:258)
	at com.kms.katalon.core.main.ScriptEngine.run(ScriptEngine.java:194)
	at com.kms.katalon.core.main.ScriptEngine.runScriptAsRawText(ScriptEngine.java:119)
	at com.kms.katalon.core.main.TestCaseExecutor.runScript(TestCaseExecutor.java:445)
	at com.kms.katalon.core.main.TestCaseExecutor.doExecute(TestCaseExecutor.java:436)
	at com.kms.katalon.core.main.TestCaseExecutor.processExecutionPhase(TestCaseExecutor.java:415)
	at com.kms.katalon.core.main.TestCaseExecutor.accessMainPhase(TestCaseExecutor.java:407)
	at com.kms.katalon.core.main.TestCaseExecutor.execute(TestCaseExecutor.java:284)
	at com.kms.katalon.core.common.CommonExecutor.accessTestCaseMainPhase(CommonExecutor.java:65)
	at com.kms.katalon.core.main.TestSuiteExecutor.accessTestSuiteMainPhase(TestSuiteExecutor.java:144)
	at com.kms.katalon.core.main.TestSuiteExecutor.execute(TestSuiteExecutor.java:106)
	at com.kms.katalon.core.main.TestCaseMain.startTestSuite(TestCaseMain.java:185)
	at com.kms.katalon.core.main.TestCaseMain$startTestSuite$0.call(Unknown Source)
	at TempTestSuite1705923140048.run(TempTestSuite1705923140048.groovy:36)
)

2024-01-22 18:40:21 - [MESSAGE][WARNING] - Web element with id: 'Object Repository/Stockbit/Bandarmology_Buyer2' located by 'By.xpath: //*[contains(@id, 'rc-tabs-')]/div[2]/div/div/div/div/div/div[2]/table/tbody/tr[3]/td[1]/p' is present after '1' second(s) (Root cause: com.kms.katalon.core.exception.StepFailedException: Web element with id: 'Object Repository/Stockbit/Bandarmology_Buyer2' located by 'By.xpath: //*[contains(@id, 'rc-tabs-')]/div[2]/div/div/div/div/div/div[2]/table/tbody/tr[3]/td[1]/p' is present after '1' second(s)
	at com.kms.katalon.core.webui.keyword.internal.WebUIKeywordMain.stepFailed(WebUIKeywordMain.groovy:64)
	at com.kms.katalon.core.webui.keyword.internal.WebUIKeywordMain$stepFailed$0.call(Unknown Source)
	at com.kms.katalon.core.webui.keyword.builtin.VerifyElementNotPresentKeyword$_verifyElementNotPresent_closure1.doCall(VerifyElementNotPresentKeyword.groovy:106)
	at com.kms.katalon.core.webui.keyword.builtin.VerifyElementNotPresentKeyword$_verifyElementNotPresent_closure1.doCall(VerifyElementNotPresentKeyword.groovy)
	at com.kms.katalon.core.webui.keyword.internal.WebUIKeywordMain.runKeyword(WebUIKeywordMain.groovy:20)
	at com.kms.katalon.core.webui.keyword.internal.WebUIKeywordMain$runKeyword.call(Unknown Source)
	at com.kms.katalon.core.webui.keyword.builtin.VerifyElementNotPresentKeyword.verifyElementNotPresent(VerifyElementNotPresentKeyword.groovy:117)
	at com.kms.katalon.core.webui.keyword.builtin.VerifyElementNotPresentKeyword.execute(VerifyElementNotPresentKeyword.groovy:68)
	at com.kms.katalon.core.keyword.internal.KeywordExecutor.executeKeywordForPlatform(KeywordExecutor.groovy:74)
	at com.kms.katalon.core.webui.keyword.WebUiBuiltInKeywords.verifyElementNotPresent(WebUiBuiltInKeywords.groovy:1481)
	at com.kms.katalon.core.webui.keyword.WebUiBuiltInKeywords$verifyElementNotPresent$8.call(Unknown Source)
	at GetBrokSumPriceDaily.run(GetBrokSumPriceDaily:258)
	at com.kms.katalon.core.main.ScriptEngine.run(ScriptEngine.java:194)
	at com.kms.katalon.core.main.ScriptEngine.runScriptAsRawText(ScriptEngine.java:119)
	at com.kms.katalon.core.main.TestCaseExecutor.runScript(TestCaseExecutor.java:445)
	at com.kms.katalon.core.main.TestCaseExecutor.doExecute(TestCaseExecutor.java:436)
	at com.kms.katalon.core.main.TestCaseExecutor.processExecutionPhase(TestCaseExecutor.java:415)
	at com.kms.katalon.core.main.TestCaseExecutor.accessMainPhase(TestCaseExecutor.java:407)
	at com.kms.katalon.core.main.TestCaseExecutor.execute(TestCaseExecutor.java:284)
	at com.kms.katalon.core.common.CommonExecutor.accessTestCaseMainPhase(CommonExecutor.java:65)
	at com.kms.katalon.core.main.TestSuiteExecutor.accessTestSuiteMainPhase(TestSuiteExecutor.java:144)
	at com.kms.katalon.core.main.TestSuiteExecutor.execute(TestSuiteExecutor.java:106)
	at com.kms.katalon.core.main.TestCaseMain.startTestSuite(TestCaseMain.java:185)
	at com.kms.katalon.core.main.TestCaseMain$startTestSuite$0.call(Unknown Source)
	at TempTestSuite1705923140048.run(TempTestSuite1705923140048.groovy:36)
)
[[ATTACHMENT|C:\\Users\\Fadli\\git\\KatalonDailyGetData2\\Reports\\20240122_174123\\TS1\\20240122_183220\\1705923620930.png]]

2024-01-22 18:40:21 - [TEST_STEP][PASSED] - else: null

2024-01-22 18:40:21 - [TEST_STEP][PASSED] - strBuyer2 = getText(findTestObject("Stockbit/Bandarmology_Buyer2")): Text of object 'Object Repository/Stockbit/Bandarmology_Buyer2' is: 'AZ'

2024-01-22 18:40:21 - [MESSAGE][PASSED] - Text of object 'Object Repository/Stockbit/Bandarmology_Buyer2' is: 'AZ'

2024-01-22 18:40:21 - [TEST_STEP][PASSED] - strBuyerVol2 = getText(findTestObject("Stockbit/Bandarmology_BuyerVol2")): Text of object 'Object Repository/Stockbit/Bandarmology_BuyerVol2' is: '1.4 K'

2024-01-22 18:40:21 - [MESSAGE][PASSED] - Text of object 'Object Repository/Stockbit/Bandarmology_BuyerVol2' is: '1.4 K'

2024-01-22 18:40:21 - [TEST_STEP][PASSED] - strBuyerAvg2 = getText(findTestObject("Stockbit/Bandarmology_BuyerAvg2")): Text of object 'Object Repository/Stockbit/Bandarmology_BuyerAvg2' is: '190'

2024-01-22 18:40:21 - [MESSAGE][PASSED] - Text of object 'Object Repository/Stockbit/Bandarmology_BuyerAvg2' is: '190'

2024-01-22 18:40:21 - [TEST_STEP][PASSED] - if (strBuyer2 != ""): null

2024-01-22 18:40:21 - [TEST_STEP][PASSED] - if (strBuyerAvg2.contains(",")): null

2024-01-22 18:40:21 - [TEST_STEP][PASSED] - if (strBuyerVol2.contains(" B")): null

2024-01-22 18:40:21 - [TEST_STEP][PASSED] - else if (strBuyerVol2.contains(" M")): null

2024-01-22 18:40:21 - [TEST_STEP][PASSED] - else if (strBuyerVol2.contains(" K")): null

2024-01-22 18:40:21 - [TEST_STEP][PASSED] - strBuyerVol2 = strBuyerVol2.replace(" K", ""): null

2024-01-22 18:40:21 - [TEST_STEP][PASSED] - strBuyerVol2 = strBuyerVol2.toDouble() * 1000: null

2024-01-22 18:40:21 - [TEST_STEP][PASSED] - if (strBuyerVol2.contains(".")): null

2024-01-22 18:40:21 - [TEST_STEP][PASSED] - strBuyerVal2 = strBuyerVol2.replace(".", ""): null

2024-01-22 18:40:21 - [TEST_STEP][PASSED] - if (verifyElementNotPresent(findTestObject("Stockbit/Bandarmology_Seller2"), 1, OPTIONAL)): Web element with id: 'Object Repository/Stockbit/Bandarmology_Seller2' located by 'By.xpath: //*[contains(@id, 'rc-tabs-')]/div[2]/div/div/div/div/div/div[2]/table/tbody/tr[3]/td[5]/p' is present after '1' second(s) (Root cause: com.kms.katalon.core.exception.StepFailedException: Web element with id: 'Object Repository/Stockbit/Bandarmology_Seller2' located by 'By.xpath: //*[contains(@id, 'rc-tabs-')]/div[2]/div/div/div/div/div/div[2]/table/tbody/tr[3]/td[5]/p' is present after '1' second(s)
	at com.kms.katalon.core.webui.keyword.internal.WebUIKeywordMain.stepFailed(WebUIKeywordMain.groovy:64)
	at com.kms.katalon.core.webui.keyword.internal.WebUIKeywordMain$stepFailed$0.call(Unknown Source)
	at com.kms.katalon.core.webui.keyword.builtin.VerifyElementNotPresentKeyword$_verifyElementNotPresent_closure1.doCall(VerifyElementNotPresentKeyword.groovy:106)
	at com.kms.katalon.core.webui.keyword.builtin.VerifyElementNotPresentKeyword$_verifyElementNotPresent_closure1.doCall(VerifyElementNotPresentKeyword.groovy)
	at com.kms.katalon.core.webui.keyword.internal.WebUIKeywordMain.runKeyword(WebUIKeywordMain.groovy:20)
	at com.kms.katalon.core.webui.keyword.internal.WebUIKeywordMain$runKeyword.call(Unknown Source)
	at com.kms.katalon.core.webui.keyword.builtin.VerifyElementNotPresentKeyword.verifyElementNotPresent(VerifyElementNotPresentKeyword.groovy:117)
	at com.kms.katalon.core.webui.keyword.builtin.VerifyElementNotPresentKeyword.execute(VerifyElementNotPresentKeyword.groovy:68)
	at com.kms.katalon.core.keyword.internal.KeywordExecutor.executeKeywordForPlatform(KeywordExecutor.groovy:74)
	at com.kms.katalon.core.webui.keyword.WebUiBuiltInKeywords.verifyElementNotPresent(WebUiBuiltInKeywords.groovy:1481)
	at com.kms.katalon.core.webui.keyword.WebUiBuiltInKeywords$verifyElementNotPresent$8.call(Unknown Source)
	at GetBrokSumPriceDaily.run(GetBrokSumPriceDaily:309)
	at com.kms.katalon.core.main.ScriptEngine.run(ScriptEngine.java:194)
	at com.kms.katalon.core.main.ScriptEngine.runScriptAsRawText(ScriptEngine.java:119)
	at com.kms.katalon.core.main.TestCaseExecutor.runScript(TestCaseExecutor.java:445)
	at com.kms.katalon.core.main.TestCaseExecutor.doExecute(TestCaseExecutor.java:436)
	at com.kms.katalon.core.main.TestCaseExecutor.processExecutionPhase(TestCaseExecutor.java:415)
	at com.kms.katalon.core.main.TestCaseExecutor.accessMainPhase(TestCaseExecutor.java:407)
	at com.kms.katalon.core.main.TestCaseExecutor.execute(TestCaseExecutor.java:284)
	at com.kms.katalon.core.common.CommonExecutor.accessTestCaseMainPhase(CommonExecutor.java:65)
	at com.kms.katalon.core.main.TestSuiteExecutor.accessTestSuiteMainPhase(TestSuiteExecutor.java:144)
	at com.kms.katalon.core.main.TestSuiteExecutor.execute(TestSuiteExecutor.java:106)
	at com.kms.katalon.core.main.TestCaseMain.startTestSuite(TestCaseMain.java:185)
	at com.kms.katalon.core.main.TestCaseMain$startTestSuite$0.call(Unknown Source)
	at TempTestSuite1705923140048.run(TempTestSuite1705923140048.groovy:36)
)

2024-01-22 18:40:22 - [MESSAGE][WARNING] - Web element with id: 'Object Repository/Stockbit/Bandarmology_Seller2' located by 'By.xpath: //*[contains(@id, 'rc-tabs-')]/div[2]/div/div/div/div/div/div[2]/table/tbody/tr[3]/td[5]/p' is present after '1' second(s) (Root cause: com.kms.katalon.core.exception.StepFailedException: Web element with id: 'Object Repository/Stockbit/Bandarmology_Seller2' located by 'By.xpath: //*[contains(@id, 'rc-tabs-')]/div[2]/div/div/div/div/div/div[2]/table/tbody/tr[3]/td[5]/p' is present after '1' second(s)
	at com.kms.katalon.core.webui.keyword.internal.WebUIKeywordMain.stepFailed(WebUIKeywordMain.groovy:64)
	at com.kms.katalon.core.webui.keyword.internal.WebUIKeywordMain$stepFailed$0.call(Unknown Source)
	at com.kms.katalon.core.webui.keyword.builtin.VerifyElementNotPresentKeyword$_verifyElementNotPresent_closure1.doCall(VerifyElementNotPresentKeyword.groovy:106)
	at com.kms.katalon.core.webui.keyword.builtin.VerifyElementNotPresentKeyword$_verifyElementNotPresent_closure1.doCall(VerifyElementNotPresentKeyword.groovy)
	at com.kms.katalon.core.webui.keyword.internal.WebUIKeywordMain.runKeyword(WebUIKeywordMain.groovy:20)
	at com.kms.katalon.core.webui.keyword.internal.WebUIKeywordMain$runKeyword.call(Unknown Source)
	at com.kms.katalon.core.webui.keyword.builtin.VerifyElementNotPresentKeyword.verifyElementNotPresent(VerifyElementNotPresentKeyword.groovy:117)
	at com.kms.katalon.core.webui.keyword.builtin.VerifyElementNotPresentKeyword.execute(VerifyElementNotPresentKeyword.groovy:68)
	at com.kms.katalon.core.keyword.internal.KeywordExecutor.executeKeywordForPlatform(KeywordExecutor.groovy:74)
	at com.kms.katalon.core.webui.keyword.WebUiBuiltInKeywords.verifyElementNotPresent(WebUiBuiltInKeywords.groovy:1481)
	at com.kms.katalon.core.webui.keyword.WebUiBuiltInKeywords$verifyElementNotPresent$8.call(Unknown Source)
	at GetBrokSumPriceDaily.run(GetBrokSumPriceDaily:309)
	at com.kms.katalon.core.main.ScriptEngine.run(ScriptEngine.java:194)
	at com.kms.katalon.core.main.ScriptEngine.runScriptAsRawText(ScriptEngine.java:119)
	at com.kms.katalon.core.main.TestCaseExecutor.runScript(TestCaseExecutor.java:445)
	at com.kms.katalon.core.main.TestCaseExecutor.doExecute(TestCaseExecutor.java:436)
	at com.kms.katalon.core.main.TestCaseExecutor.processExecutionPhase(TestCaseExecutor.java:415)
	at com.kms.katalon.core.main.TestCaseExecutor.accessMainPhase(TestCaseExecutor.java:407)
	at com.kms.katalon.core.main.TestCaseExecutor.execute(TestCaseExecutor.java:284)
	at com.kms.katalon.core.common.CommonExecutor.accessTestCaseMainPhase(CommonExecutor.java:65)
	at com.kms.katalon.core.main.TestSuiteExecutor.accessTestSuiteMainPhase(TestSuiteExecutor.java:144)
	at com.kms.katalon.core.main.TestSuiteExecutor.execute(TestSuiteExecutor.java:106)
	at com.kms.katalon.core.main.TestCaseMain.startTestSuite(TestCaseMain.java:185)
	at com.kms.katalon.core.main.TestCaseMain$startTestSuite$0.call(Unknown Source)
	at TempTestSuite1705923140048.run(TempTestSuite1705923140048.groovy:36)
)
[[ATTACHMENT|C:\\Users\\Fadli\\git\\KatalonDailyGetData2\\Reports\\20240122_174123\\TS1\\20240122_183220\\1705923622619.png]]

2024-01-22 18:40:22 - [TEST_STEP][PASSED] - else: null

2024-01-22 18:40:22 - [TEST_STEP][PASSED] - strSeller2 = getText(findTestObject("Stockbit/Bandarmology_Seller2")): Text of object 'Object Repository/Stockbit/Bandarmology_Seller2' is: 'ZR'

2024-01-22 18:40:22 - [MESSAGE][PASSED] - Text of object 'Object Repository/Stockbit/Bandarmology_Seller2' is: 'ZR'

2024-01-22 18:40:22 - [TEST_STEP][PASSED] - strSellerVol2 = getText(findTestObject("Stockbit/Bandarmology_SellerVol2")): Text of object 'Object Repository/Stockbit/Bandarmology_SellerVol2' is: '3 K'

2024-01-22 18:40:23 - [MESSAGE][PASSED] - Text of object 'Object Repository/Stockbit/Bandarmology_SellerVol2' is: '3 K'

2024-01-22 18:40:23 - [TEST_STEP][PASSED] - strSellerAvg2 = getText(findTestObject("Stockbit/Bandarmology_SellerAvg2")): Text of object 'Object Repository/Stockbit/Bandarmology_SellerAvg2' is: '190'

2024-01-22 18:40:23 - [MESSAGE][PASSED] - Text of object 'Object Repository/Stockbit/Bandarmology_SellerAvg2' is: '190'

2024-01-22 18:40:23 - [TEST_STEP][PASSED] - if (strSeller2 != ""): null

2024-01-22 18:40:23 - [TEST_STEP][PASSED] - if (strSellerAvg2.contains(",")): null

2024-01-22 18:40:23 - [TEST_STEP][PASSED] - if (strSellerVol2.contains(" B")): null

2024-01-22 18:40:23 - [TEST_STEP][PASSED] - else if (strSellerVol2.contains(" M")): null

2024-01-22 18:40:23 - [TEST_STEP][PASSED] - else if (strSellerVol2.contains(" K")): null

2024-01-22 18:40:23 - [TEST_STEP][PASSED] - strSellerVol2 = strSellerVol2.replace(" K", ""): null

2024-01-22 18:40:23 - [TEST_STEP][PASSED] - strSellerVol2 = strSellerVol2.toDouble() * 1000: null

2024-01-22 18:40:23 - [TEST_STEP][PASSED] - if (verifyElementNotPresent(findTestObject("Stockbit/Bandarmology_Buyer3"), 1, OPTIONAL)): Web element with id: 'Object Repository/Stockbit/Bandarmology_Buyer3' located by 'By.xpath: //*[contains(@id, 'rc-tabs-')]/div[2]/div/div/div/div/div/div[2]/table/tbody/tr[4]/td[1]/p' is present after '1' second(s) (Root cause: com.kms.katalon.core.exception.StepFailedException: Web element with id: 'Object Repository/Stockbit/Bandarmology_Buyer3' located by 'By.xpath: //*[contains(@id, 'rc-tabs-')]/div[2]/div/div/div/div/div/div[2]/table/tbody/tr[4]/td[1]/p' is present after '1' second(s)
	at com.kms.katalon.core.webui.keyword.internal.WebUIKeywordMain.stepFailed(WebUIKeywordMain.groovy:64)
	at com.kms.katalon.core.webui.keyword.internal.WebUIKeywordMain$stepFailed$0.call(Unknown Source)
	at com.kms.katalon.core.webui.keyword.builtin.VerifyElementNotPresentKeyword$_verifyElementNotPresent_closure1.doCall(VerifyElementNotPresentKeyword.groovy:106)
	at com.kms.katalon.core.webui.keyword.builtin.VerifyElementNotPresentKeyword$_verifyElementNotPresent_closure1.doCall(VerifyElementNotPresentKeyword.groovy)
	at com.kms.katalon.core.webui.keyword.internal.WebUIKeywordMain.runKeyword(WebUIKeywordMain.groovy:20)
	at com.kms.katalon.core.webui.keyword.internal.WebUIKeywordMain$runKeyword.call(Unknown Source)
	at com.kms.katalon.core.webui.keyword.builtin.VerifyElementNotPresentKeyword.verifyElementNotPresent(VerifyElementNotPresentKeyword.groovy:117)
	at com.kms.katalon.core.webui.keyword.builtin.VerifyElementNotPresentKeyword.execute(VerifyElementNotPresentKeyword.groovy:68)
	at com.kms.katalon.core.keyword.internal.KeywordExecutor.executeKeywordForPlatform(KeywordExecutor.groovy:74)
	at com.kms.katalon.core.webui.keyword.WebUiBuiltInKeywords.verifyElementNotPresent(WebUiBuiltInKeywords.groovy:1481)
	at com.kms.katalon.core.webui.keyword.WebUiBuiltInKeywords$verifyElementNotPresent$8.call(Unknown Source)
	at GetBrokSumPriceDaily.run(GetBrokSumPriceDaily:361)
	at com.kms.katalon.core.main.ScriptEngine.run(ScriptEngine.java:194)
	at com.kms.katalon.core.main.ScriptEngine.runScriptAsRawText(ScriptEngine.java:119)
	at com.kms.katalon.core.main.TestCaseExecutor.runScript(TestCaseExecutor.java:445)
	at com.kms.katalon.core.main.TestCaseExecutor.doExecute(TestCaseExecutor.java:436)
	at com.kms.katalon.core.main.TestCaseExecutor.processExecutionPhase(TestCaseExecutor.java:415)
	at com.kms.katalon.core.main.TestCaseExecutor.accessMainPhase(TestCaseExecutor.java:407)
	at com.kms.katalon.core.main.TestCaseExecutor.execute(TestCaseExecutor.java:284)
	at com.kms.katalon.core.common.CommonExecutor.accessTestCaseMainPhase(CommonExecutor.java:65)
	at com.kms.katalon.core.main.TestSuiteExecutor.accessTestSuiteMainPhase(TestSuiteExecutor.java:144)
	at com.kms.katalon.core.main.TestSuiteExecutor.execute(TestSuiteExecutor.java:106)
	at com.kms.katalon.core.main.TestCaseMain.startTestSuite(TestCaseMain.java:185)
	at com.kms.katalon.core.main.TestCaseMain$startTestSuite$0.call(Unknown Source)
	at TempTestSuite1705923140048.run(TempTestSuite1705923140048.groovy:36)
)

2024-01-22 18:40:24 - [MESSAGE][WARNING] - Web element with id: 'Object Repository/Stockbit/Bandarmology_Buyer3' located by 'By.xpath: //*[contains(@id, 'rc-tabs-')]/div[2]/div/div/div/div/div/div[2]/table/tbody/tr[4]/td[1]/p' is present after '1' second(s) (Root cause: com.kms.katalon.core.exception.StepFailedException: Web element with id: 'Object Repository/Stockbit/Bandarmology_Buyer3' located by 'By.xpath: //*[contains(@id, 'rc-tabs-')]/div[2]/div/div/div/div/div/div[2]/table/tbody/tr[4]/td[1]/p' is present after '1' second(s)
	at com.kms.katalon.core.webui.keyword.internal.WebUIKeywordMain.stepFailed(WebUIKeywordMain.groovy:64)
	at com.kms.katalon.core.webui.keyword.internal.WebUIKeywordMain$stepFailed$0.call(Unknown Source)
	at com.kms.katalon.core.webui.keyword.builtin.VerifyElementNotPresentKeyword$_verifyElementNotPresent_closure1.doCall(VerifyElementNotPresentKeyword.groovy:106)
	at com.kms.katalon.core.webui.keyword.builtin.VerifyElementNotPresentKeyword$_verifyElementNotPresent_closure1.doCall(VerifyElementNotPresentKeyword.groovy)
	at com.kms.katalon.core.webui.keyword.internal.WebUIKeywordMain.runKeyword(WebUIKeywordMain.groovy:20)
	at com.kms.katalon.core.webui.keyword.internal.WebUIKeywordMain$runKeyword.call(Unknown Source)
	at com.kms.katalon.core.webui.keyword.builtin.VerifyElementNotPresentKeyword.verifyElementNotPresent(VerifyElementNotPresentKeyword.groovy:117)
	at com.kms.katalon.core.webui.keyword.builtin.VerifyElementNotPresentKeyword.execute(VerifyElementNotPresentKeyword.groovy:68)
	at com.kms.katalon.core.keyword.internal.KeywordExecutor.executeKeywordForPlatform(KeywordExecutor.groovy:74)
	at com.kms.katalon.core.webui.keyword.WebUiBuiltInKeywords.verifyElementNotPresent(WebUiBuiltInKeywords.groovy:1481)
	at com.kms.katalon.core.webui.keyword.WebUiBuiltInKeywords$verifyElementNotPresent$8.call(Unknown Source)
	at GetBrokSumPriceDaily.run(GetBrokSumPriceDaily:361)
	at com.kms.katalon.core.main.ScriptEngine.run(ScriptEngine.java:194)
	at com.kms.katalon.core.main.ScriptEngine.runScriptAsRawText(ScriptEngine.java:119)
	at com.kms.katalon.core.main.TestCaseExecutor.runScript(TestCaseExecutor.java:445)
	at com.kms.katalon.core.main.TestCaseExecutor.doExecute(TestCaseExecutor.java:436)
	at com.kms.katalon.core.main.TestCaseExecutor.processExecutionPhase(TestCaseExecutor.java:415)
	at com.kms.katalon.core.main.TestCaseExecutor.accessMainPhase(TestCaseExecutor.java:407)
	at com.kms.katalon.core.main.TestCaseExecutor.execute(TestCaseExecutor.java:284)
	at com.kms.katalon.core.common.CommonExecutor.accessTestCaseMainPhase(CommonExecutor.java:65)
	at com.kms.katalon.core.main.TestSuiteExecutor.accessTestSuiteMainPhase(TestSuiteExecutor.java:144)
	at com.kms.katalon.core.main.TestSuiteExecutor.execute(TestSuiteExecutor.java:106)
	at com.kms.katalon.core.main.TestCaseMain.startTestSuite(TestCaseMain.java:185)
	at com.kms.katalon.core.main.TestCaseMain$startTestSuite$0.call(Unknown Source)
	at TempTestSuite1705923140048.run(TempTestSuite1705923140048.groovy:36)
)
[[ATTACHMENT|C:\\Users\\Fadli\\git\\KatalonDailyGetData2\\Reports\\20240122_174123\\TS1\\20240122_183220\\1705923624328.png]]

2024-01-22 18:40:24 - [TEST_STEP][PASSED] - else: null

2024-01-22 18:40:24 - [TEST_STEP][PASSED] - strBuyer3 = getText(findTestObject("Stockbit/Bandarmology_Buyer3")): Text of object 'Object Repository/Stockbit/Bandarmology_Buyer3' is: 'SA'

2024-01-22 18:40:24 - [MESSAGE][PASSED] - Text of object 'Object Repository/Stockbit/Bandarmology_Buyer3' is: 'SA'

2024-01-22 18:40:24 - [TEST_STEP][PASSED] - strBuyerVol3 = getText(findTestObject("Stockbit/Bandarmology_BuyerVol3")): Text of object 'Object Repository/Stockbit/Bandarmology_BuyerVol3' is: '1.2 K'

2024-01-22 18:40:24 - [MESSAGE][PASSED] - Text of object 'Object Repository/Stockbit/Bandarmology_BuyerVol3' is: '1.2 K'

2024-01-22 18:40:24 - [TEST_STEP][PASSED] - strBuyerAvg3 = getText(findTestObject("Stockbit/Bandarmology_BuyerAvg3")): Text of object 'Object Repository/Stockbit/Bandarmology_BuyerAvg3' is: '189'

2024-01-22 18:40:24 - [MESSAGE][PASSED] - Text of object 'Object Repository/Stockbit/Bandarmology_BuyerAvg3' is: '189'

2024-01-22 18:40:24 - [TEST_STEP][PASSED] - if (strBuyer3 != ""): null

2024-01-22 18:40:24 - [TEST_STEP][PASSED] - if (strBuyerAvg3.contains(",")): null

2024-01-22 18:40:24 - [TEST_STEP][PASSED] - if (strBuyerVol3.contains(" B")): null

2024-01-22 18:40:24 - [TEST_STEP][PASSED] - else if (strBuyerVol3.contains(" M")): null

2024-01-22 18:40:24 - [TEST_STEP][PASSED] - else if (strBuyerVol3.contains(" K")): null

2024-01-22 18:40:24 - [TEST_STEP][PASSED] - strBuyerVol3 = strBuyerVol3.replace(" K", ""): null

2024-01-22 18:40:24 - [TEST_STEP][PASSED] - strBuyerVol3 = strBuyerVol3.toDouble() * 1000: null

2024-01-22 18:40:24 - [TEST_STEP][PASSED] - if (verifyElementNotPresent(findTestObject("Stockbit/Bandarmology_Seller3"), 1, OPTIONAL)): Web element with id: 'Object Repository/Stockbit/Bandarmology_Seller3' located by 'By.xpath: //*[contains(@id, 'rc-tabs-')]/div[2]/div/div/div/div/div/div[2]/table/tbody/tr[4]/td[5]/p' is present after '1' second(s) (Root cause: com.kms.katalon.core.exception.StepFailedException: Web element with id: 'Object Repository/Stockbit/Bandarmology_Seller3' located by 'By.xpath: //*[contains(@id, 'rc-tabs-')]/div[2]/div/div/div/div/div/div[2]/table/tbody/tr[4]/td[5]/p' is present after '1' second(s)
	at com.kms.katalon.core.webui.keyword.internal.WebUIKeywordMain.stepFailed(WebUIKeywordMain.groovy:64)
	at com.kms.katalon.core.webui.keyword.internal.WebUIKeywordMain$stepFailed$0.call(Unknown Source)
	at com.kms.katalon.core.webui.keyword.builtin.VerifyElementNotPresentKeyword$_verifyElementNotPresent_closure1.doCall(VerifyElementNotPresentKeyword.groovy:106)
	at com.kms.katalon.core.webui.keyword.builtin.VerifyElementNotPresentKeyword$_verifyElementNotPresent_closure1.doCall(VerifyElementNotPresentKeyword.groovy)
	at com.kms.katalon.core.webui.keyword.internal.WebUIKeywordMain.runKeyword(WebUIKeywordMain.groovy:20)
	at com.kms.katalon.core.webui.keyword.internal.WebUIKeywordMain$runKeyword.call(Unknown Source)
	at com.kms.katalon.core.webui.keyword.builtin.VerifyElementNotPresentKeyword.verifyElementNotPresent(VerifyElementNotPresentKeyword.groovy:117)
	at com.kms.katalon.core.webui.keyword.builtin.VerifyElementNotPresentKeyword.execute(VerifyElementNotPresentKeyword.groovy:68)
	at com.kms.katalon.core.keyword.internal.KeywordExecutor.executeKeywordForPlatform(KeywordExecutor.groovy:74)
	at com.kms.katalon.core.webui.keyword.WebUiBuiltInKeywords.verifyElementNotPresent(WebUiBuiltInKeywords.groovy:1481)
	at com.kms.katalon.core.webui.keyword.WebUiBuiltInKeywords$verifyElementNotPresent$8.call(Unknown Source)
	at GetBrokSumPriceDaily.run(GetBrokSumPriceDaily:414)
	at com.kms.katalon.core.main.ScriptEngine.run(ScriptEngine.java:194)
	at com.kms.katalon.core.main.ScriptEngine.runScriptAsRawText(ScriptEngine.java:119)
	at com.kms.katalon.core.main.TestCaseExecutor.runScript(TestCaseExecutor.java:445)
	at com.kms.katalon.core.main.TestCaseExecutor.doExecute(TestCaseExecutor.java:436)
	at com.kms.katalon.core.main.TestCaseExecutor.processExecutionPhase(TestCaseExecutor.java:415)
	at com.kms.katalon.core.main.TestCaseExecutor.accessMainPhase(TestCaseExecutor.java:407)
	at com.kms.katalon.core.main.TestCaseExecutor.execute(TestCaseExecutor.java:284)
	at com.kms.katalon.core.common.CommonExecutor.accessTestCaseMainPhase(CommonExecutor.java:65)
	at com.kms.katalon.core.main.TestSuiteExecutor.accessTestSuiteMainPhase(TestSuiteExecutor.java:144)
	at com.kms.katalon.core.main.TestSuiteExecutor.execute(TestSuiteExecutor.java:106)
	at com.kms.katalon.core.main.TestCaseMain.startTestSuite(TestCaseMain.java:185)
	at com.kms.katalon.core.main.TestCaseMain$startTestSuite$0.call(Unknown Source)
	at TempTestSuite1705923140048.run(TempTestSuite1705923140048.groovy:36)
)

2024-01-22 18:40:26 - [MESSAGE][WARNING] - Web element with id: 'Object Repository/Stockbit/Bandarmology_Seller3' located by 'By.xpath: //*[contains(@id, 'rc-tabs-')]/div[2]/div/div/div/div/div/div[2]/table/tbody/tr[4]/td[5]/p' is present after '1' second(s) (Root cause: com.kms.katalon.core.exception.StepFailedException: Web element with id: 'Object Repository/Stockbit/Bandarmology_Seller3' located by 'By.xpath: //*[contains(@id, 'rc-tabs-')]/div[2]/div/div/div/div/div/div[2]/table/tbody/tr[4]/td[5]/p' is present after '1' second(s)
	at com.kms.katalon.core.webui.keyword.internal.WebUIKeywordMain.stepFailed(WebUIKeywordMain.groovy:64)
	at com.kms.katalon.core.webui.keyword.internal.WebUIKeywordMain$stepFailed$0.call(Unknown Source)
	at com.kms.katalon.core.webui.keyword.builtin.VerifyElementNotPresentKeyword$_verifyElementNotPresent_closure1.doCall(VerifyElementNotPresentKeyword.groovy:106)
	at com.kms.katalon.core.webui.keyword.builtin.VerifyElementNotPresentKeyword$_verifyElementNotPresent_closure1.doCall(VerifyElementNotPresentKeyword.groovy)
	at com.kms.katalon.core.webui.keyword.internal.WebUIKeywordMain.runKeyword(WebUIKeywordMain.groovy:20)
	at com.kms.katalon.core.webui.keyword.internal.WebUIKeywordMain$runKeyword.call(Unknown Source)
	at com.kms.katalon.core.webui.keyword.builtin.VerifyElementNotPresentKeyword.verifyElementNotPresent(VerifyElementNotPresentKeyword.groovy:117)
	at com.kms.katalon.core.webui.keyword.builtin.VerifyElementNotPresentKeyword.execute(VerifyElementNotPresentKeyword.groovy:68)
	at com.kms.katalon.core.keyword.internal.KeywordExecutor.executeKeywordForPlatform(KeywordExecutor.groovy:74)
	at com.kms.katalon.core.webui.keyword.WebUiBuiltInKeywords.verifyElementNotPresent(WebUiBuiltInKeywords.groovy:1481)
	at com.kms.katalon.core.webui.keyword.WebUiBuiltInKeywords$verifyElementNotPresent$8.call(Unknown Source)
	at GetBrokSumPriceDaily.run(GetBrokSumPriceDaily:414)
	at com.kms.katalon.core.main.ScriptEngine.run(ScriptEngine.java:194)
	at com.kms.katalon.core.main.ScriptEngine.runScriptAsRawText(ScriptEngine.java:119)
	at com.kms.katalon.core.main.TestCaseExecutor.runScript(TestCaseExecutor.java:445)
	at com.kms.katalon.core.main.TestCaseExecutor.doExecute(TestCaseExecutor.java:436)
	at com.kms.katalon.core.main.TestCaseExecutor.processExecutionPhase(TestCaseExecutor.java:415)
	at com.kms.katalon.core.main.TestCaseExecutor.accessMainPhase(TestCaseExecutor.java:407)
	at com.kms.katalon.core.main.TestCaseExecutor.execute(TestCaseExecutor.java:284)
	at com.kms.katalon.core.common.CommonExecutor.accessTestCaseMainPhase(CommonExecutor.java:65)
	at com.kms.katalon.core.main.TestSuiteExecutor.accessTestSuiteMainPhase(TestSuiteExecutor.java:144)
	at com.kms.katalon.core.main.TestSuiteExecutor.execute(TestSuiteExecutor.java:106)
	at com.kms.katalon.core.main.TestCaseMain.startTestSuite(TestCaseMain.java:185)
	at com.kms.katalon.core.main.TestCaseMain$startTestSuite$0.call(Unknown Source)
	at TempTestSuite1705923140048.run(TempTestSuite1705923140048.groovy:36)
)
[[ATTACHMENT|C:\\Users\\Fadli\\git\\KatalonDailyGetData2\\Reports\\20240122_174123\\TS1\\20240122_183220\\1705923626069.png]]

2024-01-22 18:40:26 - [TEST_STEP][PASSED] - else: null

2024-01-22 18:40:26 - [TEST_STEP][PASSED] - strSeller3 = getText(findTestObject("Stockbit/Bandarmology_Seller3")): Text of object 'Object Repository/Stockbit/Bandarmology_Seller3' is: 'FZ'

2024-01-22 18:40:26 - [MESSAGE][PASSED] - Text of object 'Object Repository/Stockbit/Bandarmology_Seller3' is: 'FZ'

2024-01-22 18:40:26 - [TEST_STEP][PASSED] - strSellerVol3 = getText(findTestObject("Stockbit/Bandarmology_SellerVol3")): Text of object 'Object Repository/Stockbit/Bandarmology_SellerVol3' is: '1.3 K'

2024-01-22 18:40:26 - [MESSAGE][PASSED] - Text of object 'Object Repository/Stockbit/Bandarmology_SellerVol3' is: '1.3 K'

2024-01-22 18:40:26 - [TEST_STEP][PASSED] - strSellerAvg3 = getText(findTestObject("Stockbit/Bandarmology_SellerAvg3")): Text of object 'Object Repository/Stockbit/Bandarmology_SellerAvg3' is: '189'

2024-01-22 18:40:26 - [MESSAGE][PASSED] - Text of object 'Object Repository/Stockbit/Bandarmology_SellerAvg3' is: '189'

2024-01-22 18:40:26 - [TEST_STEP][PASSED] - if (strSeller3 != ""): null

2024-01-22 18:40:26 - [TEST_STEP][PASSED] - if (strSellerAvg3.contains(",")): null

2024-01-22 18:40:26 - [TEST_STEP][PASSED] - if (strSellerVol3.contains(" B")): null

2024-01-22 18:40:26 - [TEST_STEP][PASSED] - else if (strSellerVol3.contains(" M")): null

2024-01-22 18:40:26 - [TEST_STEP][PASSED] - else if (strSellerVol3.contains(" K")): null

2024-01-22 18:40:26 - [TEST_STEP][PASSED] - strSellerVol3 = strSellerVol3.replace(" K", ""): null

2024-01-22 18:40:26 - [TEST_STEP][PASSED] - strSellerVol3 = strSellerVol3.toDouble() * 1000: null

2024-01-22 18:40:26 - [TEST_STEP][PASSED] - strAccDist = getText(findTestObject("Stockbit/Bandarmology_AccDist")): Text of object 'Object Repository/Stockbit/Bandarmology_AccDist' is: 'Dist'

2024-01-22 18:40:26 - [MESSAGE][PASSED] - Text of object 'Object Repository/Stockbit/Bandarmology_AccDist' is: 'Dist'

2024-01-22 18:40:26 - [TEST_STEP][PASSED] - strNetVol = getText(findTestObject("Stockbit/Bandarmology_NetVol")): Text of object 'Object Repository/Stockbit/Bandarmology_NetVol' is: '11,427'

2024-01-22 18:40:26 - [MESSAGE][PASSED] - Text of object 'Object Repository/Stockbit/Bandarmology_NetVol' is: '11,427'

2024-01-22 18:40:26 - [TEST_STEP][PASSED] - strNetVol = strNetVol.replace(",", ""): null

2024-01-22 18:40:26 - [TEST_STEP][PASSED] - strNetVal = getText(findTestObject("Stockbit/Bandarmology_NetVal")): Text of object 'Object Repository/Stockbit/Bandarmology_NetVal' is: '0.2 B'

2024-01-22 18:40:26 - [MESSAGE][PASSED] - Text of object 'Object Repository/Stockbit/Bandarmology_NetVal' is: '0.2 B'

2024-01-22 18:40:26 - [TEST_STEP][PASSED] - delay(3): Delayed 3 second(s)

2024-01-22 18:40:29 - [MESSAGE][PASSED] - Delayed 3 second(s)

2024-01-22 18:40:29 - [TEST_STEP][PASSED] - strOpenPrice = getText(findTestObject("Stockbit/Home_OpenPrice")): Text of object 'Object Repository/Stockbit/Home_OpenPrice' is: '187'

2024-01-22 18:40:30 - [MESSAGE][PASSED] - Text of object 'Object Repository/Stockbit/Home_OpenPrice' is: '187'

2024-01-22 18:40:30 - [TEST_STEP][PASSED] - strOpenPrice = strOpenPrice.replace(",", ""): null

2024-01-22 18:40:30 - [TEST_STEP][PASSED] - strLowPrice = getText(findTestObject("Stockbit/Home_LowPrice")): Text of object 'Object Repository/Stockbit/Home_LowPrice' is: '185'

2024-01-22 18:40:30 - [MESSAGE][PASSED] - Text of object 'Object Repository/Stockbit/Home_LowPrice' is: '185'

2024-01-22 18:40:30 - [TEST_STEP][PASSED] - strLowPrice = strLowPrice.replace(",", ""): null

2024-01-22 18:40:30 - [TEST_STEP][PASSED] - strHighPrice = getText(findTestObject("Stockbit/Home_HighPrice")): Text of object 'Object Repository/Stockbit/Home_HighPrice' is: '192'

2024-01-22 18:40:30 - [MESSAGE][PASSED] - Text of object 'Object Repository/Stockbit/Home_HighPrice' is: '192'

2024-01-22 18:40:30 - [TEST_STEP][PASSED] - strHighPrice = strHighPrice.replace(",", ""): null

2024-01-22 18:40:30 - [TEST_STEP][PASSED] - strClosePrice = getText(findTestObject("Stockbit/Home_ClosePrice")): Text of object 'Object Repository/Stockbit/Home_ClosePrice' is: '191'

2024-01-22 18:40:30 - [MESSAGE][PASSED] - Text of object 'Object Repository/Stockbit/Home_ClosePrice' is: '191'

2024-01-22 18:40:30 - [TEST_STEP][PASSED] - strClosePrice = strClosePrice.replace(",", ""): null

2024-01-22 18:40:30 - [TEST_STEP][PASSED] - strVol = getText(findTestObject("Stockbit/Home_Volume")): Text of object 'Object Repository/Stockbit/Home_Volume' is: '28 K'

2024-01-22 18:40:30 - [MESSAGE][PASSED] - Text of object 'Object Repository/Stockbit/Home_Volume' is: '28 K'

2024-01-22 18:40:30 - [TEST_STEP][PASSED] - if (strVol.contains(" K")): null

2024-01-22 18:40:30 - [TEST_STEP][PASSED] - strVol = strVol.replace(" K", "000"): null

2024-01-22 18:40:30 - [TEST_STEP][PASSED] - if (strVol.contains(",")): null

2024-01-22 18:40:30 - [TEST_STEP][PASSED] - strChange = getText(findTestObject("Stockbit/Home_Change")): Text of object 'Object Repository/Stockbit/Home_Change' is: '2.14%'

2024-01-22 18:40:30 - [MESSAGE][PASSED] - Text of object 'Object Repository/Stockbit/Home_Change' is: '2.14%'

2024-01-22 18:40:30 - [TEST_STEP][PASSED] - strChange = strChange.replace("%", ""): null

2024-01-22 18:40:30 - [TEST_STEP][PASSED] - strFreq = getText(findTestObject("Stockbit/Home_Freq")): Text of object 'Object Repository/Stockbit/Home_Freq' is: '221'

2024-01-22 18:40:30 - [MESSAGE][PASSED] - Text of object 'Object Repository/Stockbit/Home_Freq' is: '221'

2024-01-22 18:40:30 - [TEST_STEP][PASSED] - if (strFreq.contains(",")): null

2024-01-22 18:40:30 - [TEST_STEP][PASSED] - if (strFreq == "NA" || strFreq == ""): null

2024-01-22 18:40:30 - [TEST_STEP][PASSED] - else: null

2024-01-22 18:40:30 - [TEST_STEP][PASSED] - dblFreqAnal = strVol.toDouble() / strFreq.toDouble() * strFreq.toDouble() * strFreq.toDouble() * 100000000: null

2024-01-22 18:40:30 - [TEST_STEP][PASSED] - strFreqAnal = String.format("%.4f", dblFreqAnal): null

2024-01-22 18:40:30 - [TEST_STEP][PASSED] - out.println("Double strFreqAnal: " + strFreqAnal): null

2024-01-22 18:40:30 - [TEST_STEP][PASSED] - strTanggal = d.format(DateTimeFormatter.ofPattern("yyyy-MM-dd")): null

2024-01-22 18:40:30 - [TEST_STEP][PASSED] - strTanggal = "#" + strTanggal + "#": null

2024-01-22 18:40:30 - [TEST_STEP][PASSED] - strSQL = "select count(*) as JumBaris from TblBrokSum where Nama = '" + strNama + "' and Tanggal = " + strTanggal + "": null

2024-01-22 18:40:30 - [TEST_STEP][PASSED] - resultSet = statement.executeQuery(strSQL): null

2024-01-22 18:40:30 - [TEST_STEP][PASSED] - resultSet.next(): null

2024-01-22 18:40:30 - [TEST_STEP][PASSED] - intJumBaris = resultSet.getInt("JumBaris"): null

2024-01-22 18:40:30 - [TEST_STEP][PASSED] - if (intJumBaris > 0): null

2024-01-22 18:40:30 - [TEST_STEP][PASSED] - else: null

2024-01-22 18:40:30 - [TEST_STEP][PASSED] - try: null

2024-01-22 18:40:30 - [TEST_STEP][PASSED] - out.println("Insert data"): null

2024-01-22 18:40:30 - [TEST_STEP][PASSED] - strSQL = "insert into TblBrokSum (nama, tanggal, top1, top2, top3, AllBrokAvg, AccDist, AvgRP, " + "Buyer1, BuyerVal1, BuyerAvg1, Seller1, SellerVal1, SellerAvg1, Buyer2, BuyerVal2, BuyerAvg2, " + "Seller2, SellerVal2, SellerAvg2, Buyer3, BuyerVal3, BuyerAvg3, Seller3, SellerVal3, SellerAvg3, NetVol, NetVal, " + "OpenPrice, LowPrice, HighPrice, ClosePrice, Volume, Change, Frekuensi, FrekAnal) " + "values ('" + strNama + "', " + strTanggal + ", '" + strTop1 + "', '" + strTop3 + "', '" + strTop5 + "', " + "'" + strAllBrokAvg + "', '" + strAccDist + "', " + intAvgRP + ", '" + strBuyer1 + "', '" + strBuyerVol1 + "', " + strBuyerAvg1 + ", " + "'" + strSeller1 + "', '" + strSellerVol1 + "', " + strSellerAvg1 + ", '" + strBuyer2 + "', '" + strBuyerVol2 + "', " + strBuyerAvg2 + ", " + "'" + strSeller2 + "', '" + strSellerVol2 + "', " + strSellerAvg2 + ", '" + strBuyer3 + "', '" + strBuyerVol3 + "', " + strBuyerAvg3 + ", " + "'" + strSeller3 + "', '" + strSellerVol3 + "', " + strSellerAvg3 + ", " + strNetVol + ", '" + strNetVal + "', " + "" + strOpenPrice + ", " + strLowPrice + ", " + strHighPrice + ", " + strClosePrice + ", '" + strVol + "', " + strChange + ", " + strFreq + ", " + strFreqAnal + ");": null

2024-01-22 18:40:30 - [TEST_STEP][PASSED] - out.println("strSQL = " + strSQL): null

2024-01-22 18:40:30 - [TEST_STEP][PASSED] - statement.executeUpdate(strSQL): null

2024-01-22 18:40:30 - [TEST_STEP][PASSED] - setValueToCellByIndex(sheet01, rowIndex, 4, "DONE"): null

2024-01-22 18:40:30 - [TEST_STEP][PASSED] - saveWorkbook(excelFilePath, workbook01): null

2024-01-22 18:40:30 - [TEST_STEP][PASSED] - waitForElementClickable(findTestObject("Stockbit/menu_Bandarmology"), 10): Object 'Object Repository/Stockbit/menu_Bandarmology' is clickable

2024-01-22 18:40:30 - [MESSAGE][PASSED] - Object 'Object Repository/Stockbit/menu_Bandarmology' is clickable

2024-01-22 18:40:30 - [TEST_STEP][PASSED] - click(findTestObject("Stockbit/menu_Bandarmology")): Object: 'Object Repository/Stockbit/menu_Bandarmology' is clicked on

2024-01-22 18:40:31 - [MESSAGE][PASSED] - Object: 'Object Repository/Stockbit/menu_Bandarmology' is clicked on

2024-01-22 18:40:31 - [TEST_STEP][PASSED] - strTemp = "NA": null

2024-01-22 18:40:31 - [TEST_STEP][PASSED] - if (getCellValueByIndex(sheet01, rowIndex, 4) != "DONE"): Object: 'Object Repository/Stockbit/menu_Bandarmology' is clicked on

2024-01-22 18:40:31 - [TEST_STEP][PASSED] - strNama = getCellValueByIndex(sheet01, rowIndex, 0): null

2024-01-22 18:40:31 - [TEST_STEP][PASSED] - navigateToUrl("https://stockbit.com/#/symbol/" + strNama): Navigate to 'https://stockbit.com/#/symbol/BCIP' successfully

2024-01-22 18:40:32 - [MESSAGE][PASSED] - Navigate to 'https://stockbit.com/#/symbol/BCIP' successfully

2024-01-22 18:40:32 - [TEST_STEP][PASSED] - waitForElementClickable(findTestObject("Stockbit/menu_Bandarmology"), 10): Object 'Object Repository/Stockbit/menu_Bandarmology' is clickable

2024-01-22 18:40:32 - [MESSAGE][PASSED] - Object 'Object Repository/Stockbit/menu_Bandarmology' is clickable

2024-01-22 18:40:32 - [TEST_STEP][PASSED] - click(findTestObject("Stockbit/menu_Bandarmology")): Object: 'Object Repository/Stockbit/menu_Bandarmology' is clicked on

2024-01-22 18:40:33 - [MESSAGE][PASSED] - Object: 'Object Repository/Stockbit/menu_Bandarmology' is clicked on

2024-01-22 18:40:33 - [TEST_STEP][PASSED] - strTanggal = d.format(DateTimeFormatter.ofPattern("MMM dd, yyyy")): null

2024-01-22 18:40:33 - [TEST_STEP][PASSED] - strTanggal = d.format(ISO_DATE): null

2024-01-22 18:40:33 - [TEST_STEP][PASSED] - out.println("strTanggal = " + strTanggal): null

2024-01-22 18:40:33 - [TEST_STEP][PASSED] - out.println("strNama = " + strNama): null

2024-01-22 18:40:33 - [TEST_STEP][PASSED] - out.println("Baris ke = " + rowIndex): null

2024-01-22 18:40:33 - [TEST_STEP][PASSED] - click(findTestObject("Stockbit/input__BandarmologyOpenStartDate")): Object: 'Object Repository/Stockbit/input__BandarmologyOpenStartDate' is clicked on

2024-01-22 18:40:34 - [MESSAGE][PASSED] - Object: 'Object Repository/Stockbit/input__BandarmologyOpenStartDate' is clicked on

2024-01-22 18:40:34 - [TEST_STEP][PASSED] - sendKeys(findTestObject("Stockbit/input__BandarmologyOpenStartDate"), Keys.chord(CONTROL, "a")): Keys 'CONTROL + a' sent to object: 'Object Repository/Stockbit/input__BandarmologyOpenStartDate'

2024-01-22 18:40:35 - [MESSAGE][PASSED] - Keys 'CONTROL + a' sent to object: 'Object Repository/Stockbit/input__BandarmologyOpenStartDate'

2024-01-22 18:40:35 - [TEST_STEP][PASSED] - sendKeys(findTestObject("Stockbit/input__BandarmologyOpenStartDate"), Keys.chord(BACK_SPACE)): Keys 'BACK_SPACE + ' sent to object: 'Object Repository/Stockbit/input__BandarmologyOpenStartDate'

2024-01-22 18:40:35 - [MESSAGE][PASSED] - Keys 'BACK_SPACE + ' sent to object: 'Object Repository/Stockbit/input__BandarmologyOpenStartDate'

2024-01-22 18:40:35 - [TEST_STEP][PASSED] - setText(findTestObject("Stockbit/input__BandarmologyOpenStartDate"), strTanggal): Text '2024-01-22' is set on object 'Object Repository/Stockbit/input__BandarmologyOpenStartDate'

2024-01-22 18:40:36 - [MESSAGE][PASSED] - Text '2024-01-22' is set on object 'Object Repository/Stockbit/input__BandarmologyOpenStartDate'

2024-01-22 18:40:36 - [TEST_STEP][PASSED] - sendKeys(findTestObject("Stockbit/input__BandarmologyOpenStartDate"), Keys.chord(ENTER)): Keys 'ENTER + ' sent to object: 'Object Repository/Stockbit/input__BandarmologyOpenStartDate'

2024-01-22 18:40:36 - [MESSAGE][PASSED] - Keys 'ENTER + ' sent to object: 'Object Repository/Stockbit/input__BandarmologyOpenStartDate'

2024-01-22 18:40:36 - [TEST_STEP][PASSED] - click(findTestObject("Stockbit/input__BandarmologyOpenEndDate")): Object: 'Object Repository/Stockbit/input__BandarmologyOpenEndDate' is clicked on

2024-01-22 18:40:37 - [MESSAGE][PASSED] - Object: 'Object Repository/Stockbit/input__BandarmologyOpenEndDate' is clicked on

2024-01-22 18:40:37 - [TEST_STEP][PASSED] - sendKeys(findTestObject("Stockbit/input__BandarmologyOpenEndDate"), Keys.chord(CONTROL, "a")): Keys 'CONTROL + a' sent to object: 'Object Repository/Stockbit/input__BandarmologyOpenEndDate'

2024-01-22 18:40:37 - [MESSAGE][PASSED] - Keys 'CONTROL + a' sent to object: 'Object Repository/Stockbit/input__BandarmologyOpenEndDate'

2024-01-22 18:40:37 - [TEST_STEP][PASSED] - sendKeys(findTestObject("Stockbit/input__BandarmologyOpenEndDate"), Keys.chord(BACK_SPACE)): Keys 'BACK_SPACE + ' sent to object: 'Object Repository/Stockbit/input__BandarmologyOpenEndDate'

2024-01-22 18:40:38 - [MESSAGE][PASSED] - Keys 'BACK_SPACE + ' sent to object: 'Object Repository/Stockbit/input__BandarmologyOpenEndDate'

2024-01-22 18:40:38 - [TEST_STEP][PASSED] - setText(findTestObject("Stockbit/input__BandarmologyOpenEndDate"), strTanggal): Text '2024-01-22' is set on object 'Object Repository/Stockbit/input__BandarmologyOpenEndDate'

2024-01-22 18:40:38 - [MESSAGE][PASSED] - Text '2024-01-22' is set on object 'Object Repository/Stockbit/input__BandarmologyOpenEndDate'

2024-01-22 18:40:38 - [TEST_STEP][PASSED] - sendKeys(findTestObject("Stockbit/input__BandarmologyOpenEndDate"), Keys.chord(ENTER)): Keys 'ENTER + ' sent to object: 'Object Repository/Stockbit/input__BandarmologyOpenEndDate'

2024-01-22 18:40:39 - [MESSAGE][PASSED] - Keys 'ENTER + ' sent to object: 'Object Repository/Stockbit/input__BandarmologyOpenEndDate'

2024-01-22 18:40:39 - [TEST_STEP][PASSED] - delay(2): Delayed 2 second(s)

2024-01-22 18:40:41 - [MESSAGE][PASSED] - Delayed 2 second(s)

2024-01-22 18:40:41 - [TEST_STEP][PASSED] - strTemp = getText(findTestObject("Stockbit/Bandarmology_AvgRP")): Text of object 'Object Repository/Stockbit/Bandarmology_AvgRP' is: '60'

2024-01-22 18:40:41 - [MESSAGE][PASSED] - Text of object 'Object Repository/Stockbit/Bandarmology_AvgRP' is: '60'

2024-01-22 18:40:41 - [TEST_STEP][PASSED] - out.println("Bandarmology_AvgRP = " + strTemp): null

2024-01-22 18:40:41 - [TEST_STEP][PASSED] - if (strTemp != "0"): null

2024-01-22 18:40:41 - [TEST_STEP][PASSED] - strTop1 = getText(findTestObject("Stockbit/Bandarmology_Top1")): Text of object 'Object Repository/Stockbit/Bandarmology_Top1' is: 'Normal Acc'

2024-01-22 18:40:41 - [MESSAGE][PASSED] - Text of object 'Object Repository/Stockbit/Bandarmology_Top1' is: 'Normal Acc'

2024-01-22 18:40:41 - [TEST_STEP][PASSED] - strTop3 = getText(findTestObject("Stockbit/Bandarmology_Top3")): Text of object 'Object Repository/Stockbit/Bandarmology_Top3' is: 'Small Dist'

2024-01-22 18:40:41 - [MESSAGE][PASSED] - Text of object 'Object Repository/Stockbit/Bandarmology_Top3' is: 'Small Dist'

2024-01-22 18:40:41 - [TEST_STEP][PASSED] - strTop5 = getText(findTestObject("Stockbit/Bandarmology_Top5")): Text of object 'Object Repository/Stockbit/Bandarmology_Top5' is: 'Neutral'

2024-01-22 18:40:41 - [MESSAGE][PASSED] - Text of object 'Object Repository/Stockbit/Bandarmology_Top5' is: 'Neutral'

2024-01-22 18:40:41 - [TEST_STEP][PASSED] - strAllBrokAvg = getText(findTestObject("Stockbit/Bandarmology_TopAVG")): Text of object 'Object Repository/Stockbit/Bandarmology_TopAVG' is: 'Neutral'

2024-01-22 18:40:41 - [MESSAGE][PASSED] - Text of object 'Object Repository/Stockbit/Bandarmology_TopAVG' is: 'Neutral'

2024-01-22 18:40:41 - [TEST_STEP][PASSED] - strTemp = getText(findTestObject("Stockbit/Bandarmology_AvgRP")): Text of object 'Object Repository/Stockbit/Bandarmology_AvgRP' is: '60'

2024-01-22 18:40:41 - [MESSAGE][PASSED] - Text of object 'Object Repository/Stockbit/Bandarmology_AvgRP' is: '60'

2024-01-22 18:40:41 - [TEST_STEP][PASSED] - if (strTemp.contains(",")): null

2024-01-22 18:40:41 - [TEST_STEP][PASSED] - intAvgRP = strTemp.toInteger(): null

2024-01-22 18:40:41 - [TEST_STEP][PASSED] - strBuyer1 = getText(findTestObject("Stockbit/Bandarmology_Buyer1")): Text of object 'Object Repository/Stockbit/Bandarmology_Buyer1' is: 'YP'

2024-01-22 18:40:41 - [MESSAGE][PASSED] - Text of object 'Object Repository/Stockbit/Bandarmology_Buyer1' is: 'YP'

2024-01-22 18:40:41 - [TEST_STEP][PASSED] - strBuyerVol1 = getText(findTestObject("Stockbit/Bandarmology_BuyerVol1")): Text of object 'Object Repository/Stockbit/Bandarmology_BuyerVol1' is: '11.5 K'

2024-01-22 18:40:42 - [MESSAGE][PASSED] - Text of object 'Object Repository/Stockbit/Bandarmology_BuyerVol1' is: '11.5 K'

2024-01-22 18:40:42 - [TEST_STEP][PASSED] - strBuyerAvg1 = getText(findTestObject("Stockbit/Bandarmology_BuyerAvg1")): Text of object 'Object Repository/Stockbit/Bandarmology_BuyerAvg1' is: '61'

2024-01-22 18:40:42 - [MESSAGE][PASSED] - Text of object 'Object Repository/Stockbit/Bandarmology_BuyerAvg1' is: '61'

2024-01-22 18:40:42 - [TEST_STEP][PASSED] - if (strBuyerAvg1.contains(",")): null

2024-01-22 18:40:42 - [TEST_STEP][PASSED] - if (strBuyerVol1.contains(" B")): null

2024-01-22 18:40:42 - [TEST_STEP][PASSED] - else if (strBuyerVol1.contains(" M")): null

2024-01-22 18:40:42 - [TEST_STEP][PASSED] - else if (strBuyerVol1.contains(" K")): null

2024-01-22 18:40:42 - [TEST_STEP][PASSED] - strBuyerVol1 = strBuyerVol1.replace(" K", ""): null

2024-01-22 18:40:42 - [TEST_STEP][PASSED] - strBuyerVol1 = strBuyerVol1.toDouble() * 1000: null

2024-01-22 18:40:42 - [TEST_STEP][PASSED] - strSeller1 = getText(findTestObject("Stockbit/Bandarmology_Seller1")): Text of object 'Object Repository/Stockbit/Bandarmology_Seller1' is: 'CC'

2024-01-22 18:40:42 - [MESSAGE][PASSED] - Text of object 'Object Repository/Stockbit/Bandarmology_Seller1' is: 'CC'

2024-01-22 18:40:42 - [TEST_STEP][PASSED] - strSellerVol1 = getText(findTestObject("Stockbit/Bandarmology_SellerVol1")): Text of object 'Object Repository/Stockbit/Bandarmology_SellerVol1' is: '8.2 K'

2024-01-22 18:40:42 - [MESSAGE][PASSED] - Text of object 'Object Repository/Stockbit/Bandarmology_SellerVol1' is: '8.2 K'

2024-01-22 18:40:42 - [TEST_STEP][PASSED] - strSellerAvg1 = getText(findTestObject("Stockbit/Bandarmology_SellerAvg1")): Text of object 'Object Repository/Stockbit/Bandarmology_SellerAvg1' is: '60'

2024-01-22 18:40:42 - [MESSAGE][PASSED] - Text of object 'Object Repository/Stockbit/Bandarmology_SellerAvg1' is: '60'

2024-01-22 18:40:42 - [TEST_STEP][PASSED] - if (strSellerAvg1.contains(",")): null

2024-01-22 18:40:42 - [TEST_STEP][PASSED] - if (strSellerVol1.contains(" B")): null

2024-01-22 18:40:42 - [TEST_STEP][PASSED] - else if (strSellerVol1.contains(" M")): null

2024-01-22 18:40:42 - [TEST_STEP][PASSED] - else if (strSellerVol1.contains(" K")): null

2024-01-22 18:40:42 - [TEST_STEP][PASSED] - strSellerVol1 = strSellerVol1.replace(" K", ""): null

2024-01-22 18:40:42 - [TEST_STEP][PASSED] - strSellerVol1 = strSellerVol1.toDouble() * 1000: null

2024-01-22 18:40:42 - [TEST_STEP][PASSED] - if (verifyElementNotPresent(findTestObject("Stockbit/Bandarmology_Buyer2"), 1, OPTIONAL)): Web element with id: 'Object Repository/Stockbit/Bandarmology_Buyer2' located by 'By.xpath: //*[contains(@id, 'rc-tabs-')]/div[2]/div/div/div/div/div/div[2]/table/tbody/tr[3]/td[1]/p' is present after '1' second(s) (Root cause: com.kms.katalon.core.exception.StepFailedException: Web element with id: 'Object Repository/Stockbit/Bandarmology_Buyer2' located by 'By.xpath: //*[contains(@id, 'rc-tabs-')]/div[2]/div/div/div/div/div/div[2]/table/tbody/tr[3]/td[1]/p' is present after '1' second(s)
	at com.kms.katalon.core.webui.keyword.internal.WebUIKeywordMain.stepFailed(WebUIKeywordMain.groovy:64)
	at com.kms.katalon.core.webui.keyword.internal.WebUIKeywordMain$stepFailed$0.call(Unknown Source)
	at com.kms.katalon.core.webui.keyword.builtin.VerifyElementNotPresentKeyword$_verifyElementNotPresent_closure1.doCall(VerifyElementNotPresentKeyword.groovy:106)
	at com.kms.katalon.core.webui.keyword.builtin.VerifyElementNotPresentKeyword$_verifyElementNotPresent_closure1.doCall(VerifyElementNotPresentKeyword.groovy)
	at com.kms.katalon.core.webui.keyword.internal.WebUIKeywordMain.runKeyword(WebUIKeywordMain.groovy:20)
	at com.kms.katalon.core.webui.keyword.internal.WebUIKeywordMain$runKeyword.call(Unknown Source)
	at com.kms.katalon.core.webui.keyword.builtin.VerifyElementNotPresentKeyword.verifyElementNotPresent(VerifyElementNotPresentKeyword.groovy:117)
	at com.kms.katalon.core.webui.keyword.builtin.VerifyElementNotPresentKeyword.execute(VerifyElementNotPresentKeyword.groovy:68)
	at com.kms.katalon.core.keyword.internal.KeywordExecutor.executeKeywordForPlatform(KeywordExecutor.groovy:74)
	at com.kms.katalon.core.webui.keyword.WebUiBuiltInKeywords.verifyElementNotPresent(WebUiBuiltInKeywords.groovy:1481)
	at com.kms.katalon.core.webui.keyword.WebUiBuiltInKeywords$verifyElementNotPresent$8.call(Unknown Source)
	at GetBrokSumPriceDaily.run(GetBrokSumPriceDaily:258)
	at com.kms.katalon.core.main.ScriptEngine.run(ScriptEngine.java:194)
	at com.kms.katalon.core.main.ScriptEngine.runScriptAsRawText(ScriptEngine.java:119)
	at com.kms.katalon.core.main.TestCaseExecutor.runScript(TestCaseExecutor.java:445)
	at com.kms.katalon.core.main.TestCaseExecutor.doExecute(TestCaseExecutor.java:436)
	at com.kms.katalon.core.main.TestCaseExecutor.processExecutionPhase(TestCaseExecutor.java:415)
	at com.kms.katalon.core.main.TestCaseExecutor.accessMainPhase(TestCaseExecutor.java:407)
	at com.kms.katalon.core.main.TestCaseExecutor.execute(TestCaseExecutor.java:284)
	at com.kms.katalon.core.common.CommonExecutor.accessTestCaseMainPhase(CommonExecutor.java:65)
	at com.kms.katalon.core.main.TestSuiteExecutor.accessTestSuiteMainPhase(TestSuiteExecutor.java:144)
	at com.kms.katalon.core.main.TestSuiteExecutor.execute(TestSuiteExecutor.java:106)
	at com.kms.katalon.core.main.TestCaseMain.startTestSuite(TestCaseMain.java:185)
	at com.kms.katalon.core.main.TestCaseMain$startTestSuite$0.call(Unknown Source)
	at TempTestSuite1705923140048.run(TempTestSuite1705923140048.groovy:36)
)

2024-01-22 18:40:43 - [MESSAGE][WARNING] - Web element with id: 'Object Repository/Stockbit/Bandarmology_Buyer2' located by 'By.xpath: //*[contains(@id, 'rc-tabs-')]/div[2]/div/div/div/div/div/div[2]/table/tbody/tr[3]/td[1]/p' is present after '1' second(s) (Root cause: com.kms.katalon.core.exception.StepFailedException: Web element with id: 'Object Repository/Stockbit/Bandarmology_Buyer2' located by 'By.xpath: //*[contains(@id, 'rc-tabs-')]/div[2]/div/div/div/div/div/div[2]/table/tbody/tr[3]/td[1]/p' is present after '1' second(s)
	at com.kms.katalon.core.webui.keyword.internal.WebUIKeywordMain.stepFailed(WebUIKeywordMain.groovy:64)
	at com.kms.katalon.core.webui.keyword.internal.WebUIKeywordMain$stepFailed$0.call(Unknown Source)
	at com.kms.katalon.core.webui.keyword.builtin.VerifyElementNotPresentKeyword$_verifyElementNotPresent_closure1.doCall(VerifyElementNotPresentKeyword.groovy:106)
	at com.kms.katalon.core.webui.keyword.builtin.VerifyElementNotPresentKeyword$_verifyElementNotPresent_closure1.doCall(VerifyElementNotPresentKeyword.groovy)
	at com.kms.katalon.core.webui.keyword.internal.WebUIKeywordMain.runKeyword(WebUIKeywordMain.groovy:20)
	at com.kms.katalon.core.webui.keyword.internal.WebUIKeywordMain$runKeyword.call(Unknown Source)
	at com.kms.katalon.core.webui.keyword.builtin.VerifyElementNotPresentKeyword.verifyElementNotPresent(VerifyElementNotPresentKeyword.groovy:117)
	at com.kms.katalon.core.webui.keyword.builtin.VerifyElementNotPresentKeyword.execute(VerifyElementNotPresentKeyword.groovy:68)
	at com.kms.katalon.core.keyword.internal.KeywordExecutor.executeKeywordForPlatform(KeywordExecutor.groovy:74)
	at com.kms.katalon.core.webui.keyword.WebUiBuiltInKeywords.verifyElementNotPresent(WebUiBuiltInKeywords.groovy:1481)
	at com.kms.katalon.core.webui.keyword.WebUiBuiltInKeywords$verifyElementNotPresent$8.call(Unknown Source)
	at GetBrokSumPriceDaily.run(GetBrokSumPriceDaily:258)
	at com.kms.katalon.core.main.ScriptEngine.run(ScriptEngine.java:194)
	at com.kms.katalon.core.main.ScriptEngine.runScriptAsRawText(ScriptEngine.java:119)
	at com.kms.katalon.core.main.TestCaseExecutor.runScript(TestCaseExecutor.java:445)
	at com.kms.katalon.core.main.TestCaseExecutor.doExecute(TestCaseExecutor.java:436)
	at com.kms.katalon.core.main.TestCaseExecutor.processExecutionPhase(TestCaseExecutor.java:415)
	at com.kms.katalon.core.main.TestCaseExecutor.accessMainPhase(TestCaseExecutor.java:407)
	at com.kms.katalon.core.main.TestCaseExecutor.execute(TestCaseExecutor.java:284)
	at com.kms.katalon.core.common.CommonExecutor.accessTestCaseMainPhase(CommonExecutor.java:65)
	at com.kms.katalon.core.main.TestSuiteExecutor.accessTestSuiteMainPhase(TestSuiteExecutor.java:144)
	at com.kms.katalon.core.main.TestSuiteExecutor.execute(TestSuiteExecutor.java:106)
	at com.kms.katalon.core.main.TestCaseMain.startTestSuite(TestCaseMain.java:185)
	at com.kms.katalon.core.main.TestCaseMain$startTestSuite$0.call(Unknown Source)
	at TempTestSuite1705923140048.run(TempTestSuite1705923140048.groovy:36)
)
[[ATTACHMENT|C:\\Users\\Fadli\\git\\KatalonDailyGetData2\\Reports\\20240122_174123\\TS1\\20240122_183220\\1705923643708.png]]

2024-01-22 18:40:43 - [TEST_STEP][PASSED] - else: null

2024-01-22 18:40:43 - [TEST_STEP][PASSED] - strBuyer2 = getText(findTestObject("Stockbit/Bandarmology_Buyer2")): Text of object 'Object Repository/Stockbit/Bandarmology_Buyer2' is: 'GR'

2024-01-22 18:40:43 - [MESSAGE][PASSED] - Text of object 'Object Repository/Stockbit/Bandarmology_Buyer2' is: 'GR'

2024-01-22 18:40:43 - [TEST_STEP][PASSED] - strBuyerVol2 = getText(findTestObject("Stockbit/Bandarmology_BuyerVol2")): Text of object 'Object Repository/Stockbit/Bandarmology_BuyerVol2' is: '2 K'

2024-01-22 18:40:44 - [MESSAGE][PASSED] - Text of object 'Object Repository/Stockbit/Bandarmology_BuyerVol2' is: '2 K'

2024-01-22 18:40:44 - [TEST_STEP][PASSED] - strBuyerAvg2 = getText(findTestObject("Stockbit/Bandarmology_BuyerAvg2")): Text of object 'Object Repository/Stockbit/Bandarmology_BuyerAvg2' is: '60'

2024-01-22 18:40:44 - [MESSAGE][PASSED] - Text of object 'Object Repository/Stockbit/Bandarmology_BuyerAvg2' is: '60'

2024-01-22 18:40:44 - [TEST_STEP][PASSED] - if (strBuyer2 != ""): null

2024-01-22 18:40:44 - [TEST_STEP][PASSED] - if (strBuyerAvg2.contains(",")): null

2024-01-22 18:40:44 - [TEST_STEP][PASSED] - if (strBuyerVol2.contains(" B")): null

2024-01-22 18:40:44 - [TEST_STEP][PASSED] - else if (strBuyerVol2.contains(" M")): null

2024-01-22 18:40:44 - [TEST_STEP][PASSED] - else if (strBuyerVol2.contains(" K")): null

2024-01-22 18:40:44 - [TEST_STEP][PASSED] - strBuyerVol2 = strBuyerVol2.replace(" K", ""): null

2024-01-22 18:40:44 - [TEST_STEP][PASSED] - strBuyerVol2 = strBuyerVol2.toDouble() * 1000: null

2024-01-22 18:40:44 - [TEST_STEP][PASSED] - if (strBuyerVol2.contains(".")): null

2024-01-22 18:40:44 - [TEST_STEP][PASSED] - strBuyerVal2 = strBuyerVol2.replace(".", ""): null

2024-01-22 18:40:44 - [TEST_STEP][PASSED] - if (verifyElementNotPresent(findTestObject("Stockbit/Bandarmology_Seller2"), 1, OPTIONAL)): Web element with id: 'Object Repository/Stockbit/Bandarmology_Seller2' located by 'By.xpath: //*[contains(@id, 'rc-tabs-')]/div[2]/div/div/div/div/div/div[2]/table/tbody/tr[3]/td[5]/p' is present after '1' second(s) (Root cause: com.kms.katalon.core.exception.StepFailedException: Web element with id: 'Object Repository/Stockbit/Bandarmology_Seller2' located by 'By.xpath: //*[contains(@id, 'rc-tabs-')]/div[2]/div/div/div/div/div/div[2]/table/tbody/tr[3]/td[5]/p' is present after '1' second(s)
	at com.kms.katalon.core.webui.keyword.internal.WebUIKeywordMain.stepFailed(WebUIKeywordMain.groovy:64)
	at com.kms.katalon.core.webui.keyword.internal.WebUIKeywordMain$stepFailed$0.call(Unknown Source)
	at com.kms.katalon.core.webui.keyword.builtin.VerifyElementNotPresentKeyword$_verifyElementNotPresent_closure1.doCall(VerifyElementNotPresentKeyword.groovy:106)
	at com.kms.katalon.core.webui.keyword.builtin.VerifyElementNotPresentKeyword$_verifyElementNotPresent_closure1.doCall(VerifyElementNotPresentKeyword.groovy)
	at com.kms.katalon.core.webui.keyword.internal.WebUIKeywordMain.runKeyword(WebUIKeywordMain.groovy:20)
	at com.kms.katalon.core.webui.keyword.internal.WebUIKeywordMain$runKeyword.call(Unknown Source)
	at com.kms.katalon.core.webui.keyword.builtin.VerifyElementNotPresentKeyword.verifyElementNotPresent(VerifyElementNotPresentKeyword.groovy:117)
	at com.kms.katalon.core.webui.keyword.builtin.VerifyElementNotPresentKeyword.execute(VerifyElementNotPresentKeyword.groovy:68)
	at com.kms.katalon.core.keyword.internal.KeywordExecutor.executeKeywordForPlatform(KeywordExecutor.groovy:74)
	at com.kms.katalon.core.webui.keyword.WebUiBuiltInKeywords.verifyElementNotPresent(WebUiBuiltInKeywords.groovy:1481)
	at com.kms.katalon.core.webui.keyword.WebUiBuiltInKeywords$verifyElementNotPresent$8.call(Unknown Source)
	at GetBrokSumPriceDaily.run(GetBrokSumPriceDaily:309)
	at com.kms.katalon.core.main.ScriptEngine.run(ScriptEngine.java:194)
	at com.kms.katalon.core.main.ScriptEngine.runScriptAsRawText(ScriptEngine.java:119)
	at com.kms.katalon.core.main.TestCaseExecutor.runScript(TestCaseExecutor.java:445)
	at com.kms.katalon.core.main.TestCaseExecutor.doExecute(TestCaseExecutor.java:436)
	at com.kms.katalon.core.main.TestCaseExecutor.processExecutionPhase(TestCaseExecutor.java:415)
	at com.kms.katalon.core.main.TestCaseExecutor.accessMainPhase(TestCaseExecutor.java:407)
	at com.kms.katalon.core.main.TestCaseExecutor.execute(TestCaseExecutor.java:284)
	at com.kms.katalon.core.common.CommonExecutor.accessTestCaseMainPhase(CommonExecutor.java:65)
	at com.kms.katalon.core.main.TestSuiteExecutor.accessTestSuiteMainPhase(TestSuiteExecutor.java:144)
	at com.kms.katalon.core.main.TestSuiteExecutor.execute(TestSuiteExecutor.java:106)
	at com.kms.katalon.core.main.TestCaseMain.startTestSuite(TestCaseMain.java:185)
	at com.kms.katalon.core.main.TestCaseMain$startTestSuite$0.call(Unknown Source)
	at TempTestSuite1705923140048.run(TempTestSuite1705923140048.groovy:36)
)

2024-01-22 18:40:45 - [MESSAGE][WARNING] - Web element with id: 'Object Repository/Stockbit/Bandarmology_Seller2' located by 'By.xpath: //*[contains(@id, 'rc-tabs-')]/div[2]/div/div/div/div/div/div[2]/table/tbody/tr[3]/td[5]/p' is present after '1' second(s) (Root cause: com.kms.katalon.core.exception.StepFailedException: Web element with id: 'Object Repository/Stockbit/Bandarmology_Seller2' located by 'By.xpath: //*[contains(@id, 'rc-tabs-')]/div[2]/div/div/div/div/div/div[2]/table/tbody/tr[3]/td[5]/p' is present after '1' second(s)
	at com.kms.katalon.core.webui.keyword.internal.WebUIKeywordMain.stepFailed(WebUIKeywordMain.groovy:64)
	at com.kms.katalon.core.webui.keyword.internal.WebUIKeywordMain$stepFailed$0.call(Unknown Source)
	at com.kms.katalon.core.webui.keyword.builtin.VerifyElementNotPresentKeyword$_verifyElementNotPresent_closure1.doCall(VerifyElementNotPresentKeyword.groovy:106)
	at com.kms.katalon.core.webui.keyword.builtin.VerifyElementNotPresentKeyword$_verifyElementNotPresent_closure1.doCall(VerifyElementNotPresentKeyword.groovy)
	at com.kms.katalon.core.webui.keyword.internal.WebUIKeywordMain.runKeyword(WebUIKeywordMain.groovy:20)
	at com.kms.katalon.core.webui.keyword.internal.WebUIKeywordMain$runKeyword.call(Unknown Source)
	at com.kms.katalon.core.webui.keyword.builtin.VerifyElementNotPresentKeyword.verifyElementNotPresent(VerifyElementNotPresentKeyword.groovy:117)
	at com.kms.katalon.core.webui.keyword.builtin.VerifyElementNotPresentKeyword.execute(VerifyElementNotPresentKeyword.groovy:68)
	at com.kms.katalon.core.keyword.internal.KeywordExecutor.executeKeywordForPlatform(KeywordExecutor.groovy:74)
	at com.kms.katalon.core.webui.keyword.WebUiBuiltInKeywords.verifyElementNotPresent(WebUiBuiltInKeywords.groovy:1481)
	at com.kms.katalon.core.webui.keyword.WebUiBuiltInKeywords$verifyElementNotPresent$8.call(Unknown Source)
	at GetBrokSumPriceDaily.run(GetBrokSumPriceDaily:309)
	at com.kms.katalon.core.main.ScriptEngine.run(ScriptEngine.java:194)
	at com.kms.katalon.core.main.ScriptEngine.runScriptAsRawText(ScriptEngine.java:119)
	at com.kms.katalon.core.main.TestCaseExecutor.runScript(TestCaseExecutor.java:445)
	at com.kms.katalon.core.main.TestCaseExecutor.doExecute(TestCaseExecutor.java:436)
	at com.kms.katalon.core.main.TestCaseExecutor.processExecutionPhase(TestCaseExecutor.java:415)
	at com.kms.katalon.core.main.TestCaseExecutor.accessMainPhase(TestCaseExecutor.java:407)
	at com.kms.katalon.core.main.TestCaseExecutor.execute(TestCaseExecutor.java:284)
	at com.kms.katalon.core.common.CommonExecutor.accessTestCaseMainPhase(CommonExecutor.java:65)
	at com.kms.katalon.core.main.TestSuiteExecutor.accessTestSuiteMainPhase(TestSuiteExecutor.java:144)
	at com.kms.katalon.core.main.TestSuiteExecutor.execute(TestSuiteExecutor.java:106)
	at com.kms.katalon.core.main.TestCaseMain.startTestSuite(TestCaseMain.java:185)
	at com.kms.katalon.core.main.TestCaseMain$startTestSuite$0.call(Unknown Source)
	at TempTestSuite1705923140048.run(TempTestSuite1705923140048.groovy:36)
)
[[ATTACHMENT|C:\\Users\\Fadli\\git\\KatalonDailyGetData2\\Reports\\20240122_174123\\TS1\\20240122_183220\\1705923645403.png]]

2024-01-22 18:40:45 - [TEST_STEP][PASSED] - else: null

2024-01-22 18:40:45 - [TEST_STEP][PASSED] - strSeller2 = getText(findTestObject("Stockbit/Bandarmology_Seller2")): Text of object 'Object Repository/Stockbit/Bandarmology_Seller2' is: 'PD'

2024-01-22 18:40:45 - [MESSAGE][PASSED] - Text of object 'Object Repository/Stockbit/Bandarmology_Seller2' is: 'PD'

2024-01-22 18:40:45 - [TEST_STEP][PASSED] - strSellerVol2 = getText(findTestObject("Stockbit/Bandarmology_SellerVol2")): Text of object 'Object Repository/Stockbit/Bandarmology_SellerVol2' is: '4.9 K'

2024-01-22 18:40:45 - [MESSAGE][PASSED] - Text of object 'Object Repository/Stockbit/Bandarmology_SellerVol2' is: '4.9 K'

2024-01-22 18:40:45 - [TEST_STEP][PASSED] - strSellerAvg2 = getText(findTestObject("Stockbit/Bandarmology_SellerAvg2")): Text of object 'Object Repository/Stockbit/Bandarmology_SellerAvg2' is: '60'

2024-01-22 18:40:45 - [MESSAGE][PASSED] - Text of object 'Object Repository/Stockbit/Bandarmology_SellerAvg2' is: '60'

2024-01-22 18:40:45 - [TEST_STEP][PASSED] - if (strSeller2 != ""): null

2024-01-22 18:40:45 - [TEST_STEP][PASSED] - if (strSellerAvg2.contains(",")): null

2024-01-22 18:40:45 - [TEST_STEP][PASSED] - if (strSellerVol2.contains(" B")): null

2024-01-22 18:40:45 - [TEST_STEP][PASSED] - else if (strSellerVol2.contains(" M")): null

2024-01-22 18:40:45 - [TEST_STEP][PASSED] - else if (strSellerVol2.contains(" K")): null

2024-01-22 18:40:45 - [TEST_STEP][PASSED] - strSellerVol2 = strSellerVol2.replace(" K", ""): null

2024-01-22 18:40:45 - [TEST_STEP][PASSED] - strSellerVol2 = strSellerVol2.toDouble() * 1000: null

2024-01-22 18:40:45 - [TEST_STEP][PASSED] - if (verifyElementNotPresent(findTestObject("Stockbit/Bandarmology_Buyer3"), 1, OPTIONAL)): Web element with id: 'Object Repository/Stockbit/Bandarmology_Buyer3' located by 'By.xpath: //*[contains(@id, 'rc-tabs-')]/div[2]/div/div/div/div/div/div[2]/table/tbody/tr[4]/td[1]/p' is present after '1' second(s) (Root cause: com.kms.katalon.core.exception.StepFailedException: Web element with id: 'Object Repository/Stockbit/Bandarmology_Buyer3' located by 'By.xpath: //*[contains(@id, 'rc-tabs-')]/div[2]/div/div/div/div/div/div[2]/table/tbody/tr[4]/td[1]/p' is present after '1' second(s)
	at com.kms.katalon.core.webui.keyword.internal.WebUIKeywordMain.stepFailed(WebUIKeywordMain.groovy:64)
	at com.kms.katalon.core.webui.keyword.internal.WebUIKeywordMain$stepFailed$0.call(Unknown Source)
	at com.kms.katalon.core.webui.keyword.builtin.VerifyElementNotPresentKeyword$_verifyElementNotPresent_closure1.doCall(VerifyElementNotPresentKeyword.groovy:106)
	at com.kms.katalon.core.webui.keyword.builtin.VerifyElementNotPresentKeyword$_verifyElementNotPresent_closure1.doCall(VerifyElementNotPresentKeyword.groovy)
	at com.kms.katalon.core.webui.keyword.internal.WebUIKeywordMain.runKeyword(WebUIKeywordMain.groovy:20)
	at com.kms.katalon.core.webui.keyword.internal.WebUIKeywordMain$runKeyword.call(Unknown Source)
	at com.kms.katalon.core.webui.keyword.builtin.VerifyElementNotPresentKeyword.verifyElementNotPresent(VerifyElementNotPresentKeyword.groovy:117)
	at com.kms.katalon.core.webui.keyword.builtin.VerifyElementNotPresentKeyword.execute(VerifyElementNotPresentKeyword.groovy:68)
	at com.kms.katalon.core.keyword.internal.KeywordExecutor.executeKeywordForPlatform(KeywordExecutor.groovy:74)
	at com.kms.katalon.core.webui.keyword.WebUiBuiltInKeywords.verifyElementNotPresent(WebUiBuiltInKeywords.groovy:1481)
	at com.kms.katalon.core.webui.keyword.WebUiBuiltInKeywords$verifyElementNotPresent$8.call(Unknown Source)
	at GetBrokSumPriceDaily.run(GetBrokSumPriceDaily:361)
	at com.kms.katalon.core.main.ScriptEngine.run(ScriptEngine.java:194)
	at com.kms.katalon.core.main.ScriptEngine.runScriptAsRawText(ScriptEngine.java:119)
	at com.kms.katalon.core.main.TestCaseExecutor.runScript(TestCaseExecutor.java:445)
	at com.kms.katalon.core.main.TestCaseExecutor.doExecute(TestCaseExecutor.java:436)
	at com.kms.katalon.core.main.TestCaseExecutor.processExecutionPhase(TestCaseExecutor.java:415)
	at com.kms.katalon.core.main.TestCaseExecutor.accessMainPhase(TestCaseExecutor.java:407)
	at com.kms.katalon.core.main.TestCaseExecutor.execute(TestCaseExecutor.java:284)
	at com.kms.katalon.core.common.CommonExecutor.accessTestCaseMainPhase(CommonExecutor.java:65)
	at com.kms.katalon.core.main.TestSuiteExecutor.accessTestSuiteMainPhase(TestSuiteExecutor.java:144)
	at com.kms.katalon.core.main.TestSuiteExecutor.execute(TestSuiteExecutor.java:106)
	at com.kms.katalon.core.main.TestCaseMain.startTestSuite(TestCaseMain.java:185)
	at com.kms.katalon.core.main.TestCaseMain$startTestSuite$0.call(Unknown Source)
	at TempTestSuite1705923140048.run(TempTestSuite1705923140048.groovy:36)
)

2024-01-22 18:40:47 - [MESSAGE][WARNING] - Web element with id: 'Object Repository/Stockbit/Bandarmology_Buyer3' located by 'By.xpath: //*[contains(@id, 'rc-tabs-')]/div[2]/div/div/div/div/div/div[2]/table/tbody/tr[4]/td[1]/p' is present after '1' second(s) (Root cause: com.kms.katalon.core.exception.StepFailedException: Web element with id: 'Object Repository/Stockbit/Bandarmology_Buyer3' located by 'By.xpath: //*[contains(@id, 'rc-tabs-')]/div[2]/div/div/div/div/div/div[2]/table/tbody/tr[4]/td[1]/p' is present after '1' second(s)
	at com.kms.katalon.core.webui.keyword.internal.WebUIKeywordMain.stepFailed(WebUIKeywordMain.groovy:64)
	at com.kms.katalon.core.webui.keyword.internal.WebUIKeywordMain$stepFailed$0.call(Unknown Source)
	at com.kms.katalon.core.webui.keyword.builtin.VerifyElementNotPresentKeyword$_verifyElementNotPresent_closure1.doCall(VerifyElementNotPresentKeyword.groovy:106)
	at com.kms.katalon.core.webui.keyword.builtin.VerifyElementNotPresentKeyword$_verifyElementNotPresent_closure1.doCall(VerifyElementNotPresentKeyword.groovy)
	at com.kms.katalon.core.webui.keyword.internal.WebUIKeywordMain.runKeyword(WebUIKeywordMain.groovy:20)
	at com.kms.katalon.core.webui.keyword.internal.WebUIKeywordMain$runKeyword.call(Unknown Source)
	at com.kms.katalon.core.webui.keyword.builtin.VerifyElementNotPresentKeyword.verifyElementNotPresent(VerifyElementNotPresentKeyword.groovy:117)
	at com.kms.katalon.core.webui.keyword.builtin.VerifyElementNotPresentKeyword.execute(VerifyElementNotPresentKeyword.groovy:68)
	at com.kms.katalon.core.keyword.internal.KeywordExecutor.executeKeywordForPlatform(KeywordExecutor.groovy:74)
	at com.kms.katalon.core.webui.keyword.WebUiBuiltInKeywords.verifyElementNotPresent(WebUiBuiltInKeywords.groovy:1481)
	at com.kms.katalon.core.webui.keyword.WebUiBuiltInKeywords$verifyElementNotPresent$8.call(Unknown Source)
	at GetBrokSumPriceDaily.run(GetBrokSumPriceDaily:361)
	at com.kms.katalon.core.main.ScriptEngine.run(ScriptEngine.java:194)
	at com.kms.katalon.core.main.ScriptEngine.runScriptAsRawText(ScriptEngine.java:119)
	at com.kms.katalon.core.main.TestCaseExecutor.runScript(TestCaseExecutor.java:445)
	at com.kms.katalon.core.main.TestCaseExecutor.doExecute(TestCaseExecutor.java:436)
	at com.kms.katalon.core.main.TestCaseExecutor.processExecutionPhase(TestCaseExecutor.java:415)
	at com.kms.katalon.core.main.TestCaseExecutor.accessMainPhase(TestCaseExecutor.java:407)
	at com.kms.katalon.core.main.TestCaseExecutor.execute(TestCaseExecutor.java:284)
	at com.kms.katalon.core.common.CommonExecutor.accessTestCaseMainPhase(CommonExecutor.java:65)
	at com.kms.katalon.core.main.TestSuiteExecutor.accessTestSuiteMainPhase(TestSuiteExecutor.java:144)
	at com.kms.katalon.core.main.TestSuiteExecutor.execute(TestSuiteExecutor.java:106)
	at com.kms.katalon.core.main.TestCaseMain.startTestSuite(TestCaseMain.java:185)
	at com.kms.katalon.core.main.TestCaseMain$startTestSuite$0.call(Unknown Source)
	at TempTestSuite1705923140048.run(TempTestSuite1705923140048.groovy:36)
)
[[ATTACHMENT|C:\\Users\\Fadli\\git\\KatalonDailyGetData2\\Reports\\20240122_174123\\TS1\\20240122_183220\\1705923647081.png]]

2024-01-22 18:40:47 - [TEST_STEP][PASSED] - else: null

2024-01-22 18:40:47 - [TEST_STEP][PASSED] - strBuyer3 = getText(findTestObject("Stockbit/Bandarmology_Buyer3")): Text of object 'Object Repository/Stockbit/Bandarmology_Buyer3' is: 'YB'

2024-01-22 18:40:47 - [MESSAGE][PASSED] - Text of object 'Object Repository/Stockbit/Bandarmology_Buyer3' is: 'YB'

2024-01-22 18:40:47 - [TEST_STEP][PASSED] - strBuyerVol3 = getText(findTestObject("Stockbit/Bandarmology_BuyerVol3")): Text of object 'Object Repository/Stockbit/Bandarmology_BuyerVol3' is: '1.9 K'

2024-01-22 18:40:47 - [MESSAGE][PASSED] - Text of object 'Object Repository/Stockbit/Bandarmology_BuyerVol3' is: '1.9 K'

2024-01-22 18:40:47 - [TEST_STEP][PASSED] - strBuyerAvg3 = getText(findTestObject("Stockbit/Bandarmology_BuyerAvg3")): Text of object 'Object Repository/Stockbit/Bandarmology_BuyerAvg3' is: '60'

2024-01-22 18:40:47 - [MESSAGE][PASSED] - Text of object 'Object Repository/Stockbit/Bandarmology_BuyerAvg3' is: '60'

2024-01-22 18:40:47 - [TEST_STEP][PASSED] - if (strBuyer3 != ""): null

2024-01-22 18:40:47 - [TEST_STEP][PASSED] - if (strBuyerAvg3.contains(",")): null

2024-01-22 18:40:47 - [TEST_STEP][PASSED] - if (strBuyerVol3.contains(" B")): null

2024-01-22 18:40:47 - [TEST_STEP][PASSED] - else if (strBuyerVol3.contains(" M")): null

2024-01-22 18:40:47 - [TEST_STEP][PASSED] - else if (strBuyerVol3.contains(" K")): null

2024-01-22 18:40:47 - [TEST_STEP][PASSED] - strBuyerVol3 = strBuyerVol3.replace(" K", ""): null

2024-01-22 18:40:47 - [TEST_STEP][PASSED] - strBuyerVol3 = strBuyerVol3.toDouble() * 1000: null

2024-01-22 18:40:47 - [TEST_STEP][PASSED] - if (verifyElementNotPresent(findTestObject("Stockbit/Bandarmology_Seller3"), 1, OPTIONAL)): Web element with id: 'Object Repository/Stockbit/Bandarmology_Seller3' located by 'By.xpath: //*[contains(@id, 'rc-tabs-')]/div[2]/div/div/div/div/div/div[2]/table/tbody/tr[4]/td[5]/p' is present after '1' second(s) (Root cause: com.kms.katalon.core.exception.StepFailedException: Web element with id: 'Object Repository/Stockbit/Bandarmology_Seller3' located by 'By.xpath: //*[contains(@id, 'rc-tabs-')]/div[2]/div/div/div/div/div/div[2]/table/tbody/tr[4]/td[5]/p' is present after '1' second(s)
	at com.kms.katalon.core.webui.keyword.internal.WebUIKeywordMain.stepFailed(WebUIKeywordMain.groovy:64)
	at com.kms.katalon.core.webui.keyword.internal.WebUIKeywordMain$stepFailed$0.call(Unknown Source)
	at com.kms.katalon.core.webui.keyword.builtin.VerifyElementNotPresentKeyword$_verifyElementNotPresent_closure1.doCall(VerifyElementNotPresentKeyword.groovy:106)
	at com.kms.katalon.core.webui.keyword.builtin.VerifyElementNotPresentKeyword$_verifyElementNotPresent_closure1.doCall(VerifyElementNotPresentKeyword.groovy)
	at com.kms.katalon.core.webui.keyword.internal.WebUIKeywordMain.runKeyword(WebUIKeywordMain.groovy:20)
	at com.kms.katalon.core.webui.keyword.internal.WebUIKeywordMain$runKeyword.call(Unknown Source)
	at com.kms.katalon.core.webui.keyword.builtin.VerifyElementNotPresentKeyword.verifyElementNotPresent(VerifyElementNotPresentKeyword.groovy:117)
	at com.kms.katalon.core.webui.keyword.builtin.VerifyElementNotPresentKeyword.execute(VerifyElementNotPresentKeyword.groovy:68)
	at com.kms.katalon.core.keyword.internal.KeywordExecutor.executeKeywordForPlatform(KeywordExecutor.groovy:74)
	at com.kms.katalon.core.webui.keyword.WebUiBuiltInKeywords.verifyElementNotPresent(WebUiBuiltInKeywords.groovy:1481)
	at com.kms.katalon.core.webui.keyword.WebUiBuiltInKeywords$verifyElementNotPresent$8.call(Unknown Source)
	at GetBrokSumPriceDaily.run(GetBrokSumPriceDaily:414)
	at com.kms.katalon.core.main.ScriptEngine.run(ScriptEngine.java:194)
	at com.kms.katalon.core.main.ScriptEngine.runScriptAsRawText(ScriptEngine.java:119)
	at com.kms.katalon.core.main.TestCaseExecutor.runScript(TestCaseExecutor.java:445)
	at com.kms.katalon.core.main.TestCaseExecutor.doExecute(TestCaseExecutor.java:436)
	at com.kms.katalon.core.main.TestCaseExecutor.processExecutionPhase(TestCaseExecutor.java:415)
	at com.kms.katalon.core.main.TestCaseExecutor.accessMainPhase(TestCaseExecutor.java:407)
	at com.kms.katalon.core.main.TestCaseExecutor.execute(TestCaseExecutor.java:284)
	at com.kms.katalon.core.common.CommonExecutor.accessTestCaseMainPhase(CommonExecutor.java:65)
	at com.kms.katalon.core.main.TestSuiteExecutor.accessTestSuiteMainPhase(TestSuiteExecutor.java:144)
	at com.kms.katalon.core.main.TestSuiteExecutor.execute(TestSuiteExecutor.java:106)
	at com.kms.katalon.core.main.TestCaseMain.startTestSuite(TestCaseMain.java:185)
	at com.kms.katalon.core.main.TestCaseMain$startTestSuite$0.call(Unknown Source)
	at TempTestSuite1705923140048.run(TempTestSuite1705923140048.groovy:36)
)

2024-01-22 18:40:49 - [MESSAGE][WARNING] - Web element with id: 'Object Repository/Stockbit/Bandarmology_Seller3' located by 'By.xpath: //*[contains(@id, 'rc-tabs-')]/div[2]/div/div/div/div/div/div[2]/table/tbody/tr[4]/td[5]/p' is present after '1' second(s) (Root cause: com.kms.katalon.core.exception.StepFailedException: Web element with id: 'Object Repository/Stockbit/Bandarmology_Seller3' located by 'By.xpath: //*[contains(@id, 'rc-tabs-')]/div[2]/div/div/div/div/div/div[2]/table/tbody/tr[4]/td[5]/p' is present after '1' second(s)
	at com.kms.katalon.core.webui.keyword.internal.WebUIKeywordMain.stepFailed(WebUIKeywordMain.groovy:64)
	at com.kms.katalon.core.webui.keyword.internal.WebUIKeywordMain$stepFailed$0.call(Unknown Source)
	at com.kms.katalon.core.webui.keyword.builtin.VerifyElementNotPresentKeyword$_verifyElementNotPresent_closure1.doCall(VerifyElementNotPresentKeyword.groovy:106)
	at com.kms.katalon.core.webui.keyword.builtin.VerifyElementNotPresentKeyword$_verifyElementNotPresent_closure1.doCall(VerifyElementNotPresentKeyword.groovy)
	at com.kms.katalon.core.webui.keyword.internal.WebUIKeywordMain.runKeyword(WebUIKeywordMain.groovy:20)
	at com.kms.katalon.core.webui.keyword.internal.WebUIKeywordMain$runKeyword.call(Unknown Source)
	at com.kms.katalon.core.webui.keyword.builtin.VerifyElementNotPresentKeyword.verifyElementNotPresent(VerifyElementNotPresentKeyword.groovy:117)
	at com.kms.katalon.core.webui.keyword.builtin.VerifyElementNotPresentKeyword.execute(VerifyElementNotPresentKeyword.groovy:68)
	at com.kms.katalon.core.keyword.internal.KeywordExecutor.executeKeywordForPlatform(KeywordExecutor.groovy:74)
	at com.kms.katalon.core.webui.keyword.WebUiBuiltInKeywords.verifyElementNotPresent(WebUiBuiltInKeywords.groovy:1481)
	at com.kms.katalon.core.webui.keyword.WebUiBuiltInKeywords$verifyElementNotPresent$8.call(Unknown Source)
	at GetBrokSumPriceDaily.run(GetBrokSumPriceDaily:414)
	at com.kms.katalon.core.main.ScriptEngine.run(ScriptEngine.java:194)
	at com.kms.katalon.core.main.ScriptEngine.runScriptAsRawText(ScriptEngine.java:119)
	at com.kms.katalon.core.main.TestCaseExecutor.runScript(TestCaseExecutor.java:445)
	at com.kms.katalon.core.main.TestCaseExecutor.doExecute(TestCaseExecutor.java:436)
	at com.kms.katalon.core.main.TestCaseExecutor.processExecutionPhase(TestCaseExecutor.java:415)
	at com.kms.katalon.core.main.TestCaseExecutor.accessMainPhase(TestCaseExecutor.java:407)
	at com.kms.katalon.core.main.TestCaseExecutor.execute(TestCaseExecutor.java:284)
	at com.kms.katalon.core.common.CommonExecutor.accessTestCaseMainPhase(CommonExecutor.java:65)
	at com.kms.katalon.core.main.TestSuiteExecutor.accessTestSuiteMainPhase(TestSuiteExecutor.java:144)
	at com.kms.katalon.core.main.TestSuiteExecutor.execute(TestSuiteExecutor.java:106)
	at com.kms.katalon.core.main.TestCaseMain.startTestSuite(TestCaseMain.java:185)
	at com.kms.katalon.core.main.TestCaseMain$startTestSuite$0.call(Unknown Source)
	at TempTestSuite1705923140048.run(TempTestSuite1705923140048.groovy:36)
)
[[ATTACHMENT|C:\\Users\\Fadli\\git\\KatalonDailyGetData2\\Reports\\20240122_174123\\TS1\\20240122_183220\\1705923648823.png]]

2024-01-22 18:40:49 - [TEST_STEP][PASSED] - else: null

2024-01-22 18:40:49 - [TEST_STEP][PASSED] - strSeller3 = getText(findTestObject("Stockbit/Bandarmology_Seller3")): Text of object 'Object Repository/Stockbit/Bandarmology_Seller3' is: 'DR'

2024-01-22 18:40:49 - [MESSAGE][PASSED] - Text of object 'Object Repository/Stockbit/Bandarmology_Seller3' is: 'DR'

2024-01-22 18:40:49 - [TEST_STEP][PASSED] - strSellerVol3 = getText(findTestObject("Stockbit/Bandarmology_SellerVol3")): Text of object 'Object Repository/Stockbit/Bandarmology_SellerVol3' is: '3.8 K'

2024-01-22 18:40:49 - [MESSAGE][PASSED] - Text of object 'Object Repository/Stockbit/Bandarmology_SellerVol3' is: '3.8 K'

2024-01-22 18:40:49 - [TEST_STEP][PASSED] - strSellerAvg3 = getText(findTestObject("Stockbit/Bandarmology_SellerAvg3")): Text of object 'Object Repository/Stockbit/Bandarmology_SellerAvg3' is: '61'

2024-01-22 18:40:49 - [MESSAGE][PASSED] - Text of object 'Object Repository/Stockbit/Bandarmology_SellerAvg3' is: '61'

2024-01-22 18:40:49 - [TEST_STEP][PASSED] - if (strSeller3 != ""): null

2024-01-22 18:40:49 - [TEST_STEP][PASSED] - if (strSellerAvg3.contains(",")): null

2024-01-22 18:40:49 - [TEST_STEP][PASSED] - if (strSellerVol3.contains(" B")): null

2024-01-22 18:40:49 - [TEST_STEP][PASSED] - else if (strSellerVol3.contains(" M")): null

2024-01-22 18:40:49 - [TEST_STEP][PASSED] - else if (strSellerVol3.contains(" K")): null

2024-01-22 18:40:49 - [TEST_STEP][PASSED] - strSellerVol3 = strSellerVol3.replace(" K", ""): null

2024-01-22 18:40:49 - [TEST_STEP][PASSED] - strSellerVol3 = strSellerVol3.toDouble() * 1000: null

2024-01-22 18:40:49 - [TEST_STEP][PASSED] - strAccDist = getText(findTestObject("Stockbit/Bandarmology_AccDist")): Text of object 'Object Repository/Stockbit/Bandarmology_AccDist' is: 'Dist'

2024-01-22 18:40:49 - [MESSAGE][PASSED] - Text of object 'Object Repository/Stockbit/Bandarmology_AccDist' is: 'Dist'

2024-01-22 18:40:49 - [TEST_STEP][PASSED] - strNetVol = getText(findTestObject("Stockbit/Bandarmology_NetVol")): Text of object 'Object Repository/Stockbit/Bandarmology_NetVol' is: '19,026'

2024-01-22 18:40:49 - [MESSAGE][PASSED] - Text of object 'Object Repository/Stockbit/Bandarmology_NetVol' is: '19,026'

2024-01-22 18:40:49 - [TEST_STEP][PASSED] - strNetVol = strNetVol.replace(",", ""): null

2024-01-22 18:40:49 - [TEST_STEP][PASSED] - strNetVal = getText(findTestObject("Stockbit/Bandarmology_NetVal")): Text of object 'Object Repository/Stockbit/Bandarmology_NetVal' is: '0.1 B'

2024-01-22 18:40:49 - [MESSAGE][PASSED] - Text of object 'Object Repository/Stockbit/Bandarmology_NetVal' is: '0.1 B'

2024-01-22 18:40:49 - [TEST_STEP][PASSED] - delay(3): Delayed 3 second(s)

2024-01-22 18:40:52 - [MESSAGE][PASSED] - Delayed 3 second(s)

2024-01-22 18:40:52 - [TEST_STEP][PASSED] - strOpenPrice = getText(findTestObject("Stockbit/Home_OpenPrice")): Text of object 'Object Repository/Stockbit/Home_OpenPrice' is: '61'

2024-01-22 18:40:52 - [MESSAGE][PASSED] - Text of object 'Object Repository/Stockbit/Home_OpenPrice' is: '61'

2024-01-22 18:40:52 - [TEST_STEP][PASSED] - strOpenPrice = strOpenPrice.replace(",", ""): null

2024-01-22 18:40:52 - [TEST_STEP][PASSED] - strLowPrice = getText(findTestObject("Stockbit/Home_LowPrice")): Text of object 'Object Repository/Stockbit/Home_LowPrice' is: '60'

2024-01-22 18:40:52 - [MESSAGE][PASSED] - Text of object 'Object Repository/Stockbit/Home_LowPrice' is: '60'

2024-01-22 18:40:52 - [TEST_STEP][PASSED] - strLowPrice = strLowPrice.replace(",", ""): null

2024-01-22 18:40:52 - [TEST_STEP][PASSED] - strHighPrice = getText(findTestObject("Stockbit/Home_HighPrice")): Text of object 'Object Repository/Stockbit/Home_HighPrice' is: '62'

2024-01-22 18:40:53 - [MESSAGE][PASSED] - Text of object 'Object Repository/Stockbit/Home_HighPrice' is: '62'

2024-01-22 18:40:53 - [TEST_STEP][PASSED] - strHighPrice = strHighPrice.replace(",", ""): null

2024-01-22 18:40:53 - [TEST_STEP][PASSED] - strClosePrice = getText(findTestObject("Stockbit/Home_ClosePrice")): Text of object 'Object Repository/Stockbit/Home_ClosePrice' is: '60'

2024-01-22 18:40:53 - [MESSAGE][PASSED] - Text of object 'Object Repository/Stockbit/Home_ClosePrice' is: '60'

2024-01-22 18:40:53 - [TEST_STEP][PASSED] - strClosePrice = strClosePrice.replace(",", ""): null

2024-01-22 18:40:53 - [TEST_STEP][PASSED] - strVol = getText(findTestObject("Stockbit/Home_Volume")): Text of object 'Object Repository/Stockbit/Home_Volume' is: '23 K'

2024-01-22 18:40:53 - [MESSAGE][PASSED] - Text of object 'Object Repository/Stockbit/Home_Volume' is: '23 K'

2024-01-22 18:40:53 - [TEST_STEP][PASSED] - if (strVol.contains(" K")): null

2024-01-22 18:40:53 - [TEST_STEP][PASSED] - strVol = strVol.replace(" K", "000"): null

2024-01-22 18:40:53 - [TEST_STEP][PASSED] - if (strVol.contains(",")): null

2024-01-22 18:40:53 - [TEST_STEP][PASSED] - strChange = getText(findTestObject("Stockbit/Home_Change")): Text of object 'Object Repository/Stockbit/Home_Change' is: '-1.64%'

2024-01-22 18:40:53 - [MESSAGE][PASSED] - Text of object 'Object Repository/Stockbit/Home_Change' is: '-1.64%'

2024-01-22 18:40:53 - [TEST_STEP][PASSED] - strChange = strChange.replace("%", ""): null

2024-01-22 18:40:53 - [TEST_STEP][PASSED] - strFreq = getText(findTestObject("Stockbit/Home_Freq")): Text of object 'Object Repository/Stockbit/Home_Freq' is: '48'

2024-01-22 18:40:53 - [MESSAGE][PASSED] - Text of object 'Object Repository/Stockbit/Home_Freq' is: '48'

2024-01-22 18:40:53 - [TEST_STEP][PASSED] - if (strFreq.contains(",")): null

2024-01-22 18:40:53 - [TEST_STEP][PASSED] - if (strFreq == "NA" || strFreq == ""): null

2024-01-22 18:40:53 - [TEST_STEP][PASSED] - else: null

2024-01-22 18:40:53 - [TEST_STEP][PASSED] - dblFreqAnal = strVol.toDouble() / strFreq.toDouble() * strFreq.toDouble() * strFreq.toDouble() * 100000000: null

2024-01-22 18:40:53 - [TEST_STEP][PASSED] - strFreqAnal = String.format("%.4f", dblFreqAnal): null

2024-01-22 18:40:53 - [TEST_STEP][PASSED] - out.println("Double strFreqAnal: " + strFreqAnal): null

2024-01-22 18:40:53 - [TEST_STEP][PASSED] - strTanggal = d.format(DateTimeFormatter.ofPattern("yyyy-MM-dd")): null

2024-01-22 18:40:53 - [TEST_STEP][PASSED] - strTanggal = "#" + strTanggal + "#": null

2024-01-22 18:40:53 - [TEST_STEP][PASSED] - strSQL = "select count(*) as JumBaris from TblBrokSum where Nama = '" + strNama + "' and Tanggal = " + strTanggal + "": null

2024-01-22 18:40:53 - [TEST_STEP][PASSED] - resultSet = statement.executeQuery(strSQL): null

2024-01-22 18:40:53 - [TEST_STEP][PASSED] - resultSet.next(): null

2024-01-22 18:40:53 - [TEST_STEP][PASSED] - intJumBaris = resultSet.getInt("JumBaris"): null

2024-01-22 18:40:53 - [TEST_STEP][PASSED] - if (intJumBaris > 0): null

2024-01-22 18:40:53 - [TEST_STEP][PASSED] - else: null

2024-01-22 18:40:53 - [TEST_STEP][PASSED] - try: null

2024-01-22 18:40:53 - [TEST_STEP][PASSED] - out.println("Insert data"): null

2024-01-22 18:40:53 - [TEST_STEP][PASSED] - strSQL = "insert into TblBrokSum (nama, tanggal, top1, top2, top3, AllBrokAvg, AccDist, AvgRP, " + "Buyer1, BuyerVal1, BuyerAvg1, Seller1, SellerVal1, SellerAvg1, Buyer2, BuyerVal2, BuyerAvg2, " + "Seller2, SellerVal2, SellerAvg2, Buyer3, BuyerVal3, BuyerAvg3, Seller3, SellerVal3, SellerAvg3, NetVol, NetVal, " + "OpenPrice, LowPrice, HighPrice, ClosePrice, Volume, Change, Frekuensi, FrekAnal) " + "values ('" + strNama + "', " + strTanggal + ", '" + strTop1 + "', '" + strTop3 + "', '" + strTop5 + "', " + "'" + strAllBrokAvg + "', '" + strAccDist + "', " + intAvgRP + ", '" + strBuyer1 + "', '" + strBuyerVol1 + "', " + strBuyerAvg1 + ", " + "'" + strSeller1 + "', '" + strSellerVol1 + "', " + strSellerAvg1 + ", '" + strBuyer2 + "', '" + strBuyerVol2 + "', " + strBuyerAvg2 + ", " + "'" + strSeller2 + "', '" + strSellerVol2 + "', " + strSellerAvg2 + ", '" + strBuyer3 + "', '" + strBuyerVol3 + "', " + strBuyerAvg3 + ", " + "'" + strSeller3 + "', '" + strSellerVol3 + "', " + strSellerAvg3 + ", " + strNetVol + ", '" + strNetVal + "', " + "" + strOpenPrice + ", " + strLowPrice + ", " + strHighPrice + ", " + strClosePrice + ", '" + strVol + "', " + strChange + ", " + strFreq + ", " + strFreqAnal + ");": null

2024-01-22 18:40:53 - [TEST_STEP][PASSED] - out.println("strSQL = " + strSQL): null

2024-01-22 18:40:53 - [TEST_STEP][PASSED] - statement.executeUpdate(strSQL): null

2024-01-22 18:40:53 - [TEST_STEP][PASSED] - setValueToCellByIndex(sheet01, rowIndex, 4, "DONE"): null

2024-01-22 18:40:53 - [TEST_STEP][PASSED] - saveWorkbook(excelFilePath, workbook01): null

2024-01-22 18:40:53 - [TEST_STEP][PASSED] - waitForElementClickable(findTestObject("Stockbit/menu_Bandarmology"), 10): Object 'Object Repository/Stockbit/menu_Bandarmology' is clickable

2024-01-22 18:40:53 - [MESSAGE][PASSED] - Object 'Object Repository/Stockbit/menu_Bandarmology' is clickable

2024-01-22 18:40:53 - [TEST_STEP][PASSED] - click(findTestObject("Stockbit/menu_Bandarmology")): Object: 'Object Repository/Stockbit/menu_Bandarmology' is clicked on

2024-01-22 18:40:54 - [MESSAGE][PASSED] - Object: 'Object Repository/Stockbit/menu_Bandarmology' is clicked on

2024-01-22 18:40:54 - [TEST_STEP][PASSED] - strTemp = "NA": null

2024-01-22 18:40:54 - [TEST_STEP][PASSED] - if (getCellValueByIndex(sheet01, rowIndex, 4) != "DONE"): Object: 'Object Repository/Stockbit/menu_Bandarmology' is clicked on

2024-01-22 18:40:54 - [TEST_STEP][PASSED] - strNama = getCellValueByIndex(sheet01, rowIndex, 0): null

2024-01-22 18:40:54 - [TEST_STEP][PASSED] - navigateToUrl("https://stockbit.com/#/symbol/" + strNama): Navigate to 'https://stockbit.com/#/symbol/MTSM' successfully

2024-01-22 18:40:55 - [MESSAGE][PASSED] - Navigate to 'https://stockbit.com/#/symbol/MTSM' successfully

2024-01-22 18:40:55 - [TEST_STEP][PASSED] - waitForElementClickable(findTestObject("Stockbit/menu_Bandarmology"), 10): Object 'Object Repository/Stockbit/menu_Bandarmology' is clickable

2024-01-22 18:40:55 - [MESSAGE][PASSED] - Object 'Object Repository/Stockbit/menu_Bandarmology' is clickable

2024-01-22 18:40:55 - [TEST_STEP][PASSED] - click(findTestObject("Stockbit/menu_Bandarmology")): Object: 'Object Repository/Stockbit/menu_Bandarmology' is clicked on

2024-01-22 18:40:56 - [MESSAGE][PASSED] - Object: 'Object Repository/Stockbit/menu_Bandarmology' is clicked on

2024-01-22 18:40:56 - [TEST_STEP][PASSED] - strTanggal = d.format(DateTimeFormatter.ofPattern("MMM dd, yyyy")): null

2024-01-22 18:40:56 - [TEST_STEP][PASSED] - strTanggal = d.format(ISO_DATE): null

2024-01-22 18:40:56 - [TEST_STEP][PASSED] - out.println("strTanggal = " + strTanggal): null

2024-01-22 18:40:56 - [TEST_STEP][PASSED] - out.println("strNama = " + strNama): null

2024-01-22 18:40:56 - [TEST_STEP][PASSED] - out.println("Baris ke = " + rowIndex): null

2024-01-22 18:40:56 - [TEST_STEP][PASSED] - click(findTestObject("Stockbit/input__BandarmologyOpenStartDate")): Object: 'Object Repository/Stockbit/input__BandarmologyOpenStartDate' is clicked on

2024-01-22 18:40:58 - [MESSAGE][PASSED] - Object: 'Object Repository/Stockbit/input__BandarmologyOpenStartDate' is clicked on

2024-01-22 18:40:58 - [TEST_STEP][PASSED] - sendKeys(findTestObject("Stockbit/input__BandarmologyOpenStartDate"), Keys.chord(CONTROL, "a")): Keys 'CONTROL + a' sent to object: 'Object Repository/Stockbit/input__BandarmologyOpenStartDate'

2024-01-22 18:40:58 - [MESSAGE][PASSED] - Keys 'CONTROL + a' sent to object: 'Object Repository/Stockbit/input__BandarmologyOpenStartDate'

2024-01-22 18:40:58 - [TEST_STEP][PASSED] - sendKeys(findTestObject("Stockbit/input__BandarmologyOpenStartDate"), Keys.chord(BACK_SPACE)): Keys 'BACK_SPACE + ' sent to object: 'Object Repository/Stockbit/input__BandarmologyOpenStartDate'

2024-01-22 18:40:59 - [MESSAGE][PASSED] - Keys 'BACK_SPACE + ' sent to object: 'Object Repository/Stockbit/input__BandarmologyOpenStartDate'

2024-01-22 18:40:59 - [TEST_STEP][PASSED] - setText(findTestObject("Stockbit/input__BandarmologyOpenStartDate"), strTanggal): Text '2024-01-22' is set on object 'Object Repository/Stockbit/input__BandarmologyOpenStartDate'

2024-01-22 18:40:59 - [MESSAGE][PASSED] - Text '2024-01-22' is set on object 'Object Repository/Stockbit/input__BandarmologyOpenStartDate'

2024-01-22 18:40:59 - [TEST_STEP][PASSED] - sendKeys(findTestObject("Stockbit/input__BandarmologyOpenStartDate"), Keys.chord(ENTER)): Keys 'ENTER + ' sent to object: 'Object Repository/Stockbit/input__BandarmologyOpenStartDate'

2024-01-22 18:41:00 - [MESSAGE][PASSED] - Keys 'ENTER + ' sent to object: 'Object Repository/Stockbit/input__BandarmologyOpenStartDate'

2024-01-22 18:41:00 - [TEST_STEP][PASSED] - click(findTestObject("Stockbit/input__BandarmologyOpenEndDate")): Object: 'Object Repository/Stockbit/input__BandarmologyOpenEndDate' is clicked on

2024-01-22 18:41:00 - [MESSAGE][PASSED] - Object: 'Object Repository/Stockbit/input__BandarmologyOpenEndDate' is clicked on

2024-01-22 18:41:00 - [TEST_STEP][PASSED] - sendKeys(findTestObject("Stockbit/input__BandarmologyOpenEndDate"), Keys.chord(CONTROL, "a")): Keys 'CONTROL + a' sent to object: 'Object Repository/Stockbit/input__BandarmologyOpenEndDate'

2024-01-22 18:41:01 - [MESSAGE][PASSED] - Keys 'CONTROL + a' sent to object: 'Object Repository/Stockbit/input__BandarmologyOpenEndDate'

2024-01-22 18:41:01 - [TEST_STEP][PASSED] - sendKeys(findTestObject("Stockbit/input__BandarmologyOpenEndDate"), Keys.chord(BACK_SPACE)): Keys 'BACK_SPACE + ' sent to object: 'Object Repository/Stockbit/input__BandarmologyOpenEndDate'

2024-01-22 18:41:01 - [MESSAGE][PASSED] - Keys 'BACK_SPACE + ' sent to object: 'Object Repository/Stockbit/input__BandarmologyOpenEndDate'

2024-01-22 18:41:01 - [TEST_STEP][PASSED] - setText(findTestObject("Stockbit/input__BandarmologyOpenEndDate"), strTanggal): Text '2024-01-22' is set on object 'Object Repository/Stockbit/input__BandarmologyOpenEndDate'

2024-01-22 18:41:02 - [MESSAGE][PASSED] - Text '2024-01-22' is set on object 'Object Repository/Stockbit/input__BandarmologyOpenEndDate'

2024-01-22 18:41:02 - [TEST_STEP][PASSED] - sendKeys(findTestObject("Stockbit/input__BandarmologyOpenEndDate"), Keys.chord(ENTER)): Keys 'ENTER + ' sent to object: 'Object Repository/Stockbit/input__BandarmologyOpenEndDate'

2024-01-22 18:41:02 - [MESSAGE][PASSED] - Keys 'ENTER + ' sent to object: 'Object Repository/Stockbit/input__BandarmologyOpenEndDate'

2024-01-22 18:41:02 - [TEST_STEP][PASSED] - delay(2): Delayed 2 second(s)

2024-01-22 18:41:04 - [MESSAGE][PASSED] - Delayed 2 second(s)

2024-01-22 18:41:04 - [TEST_STEP][PASSED] - strTemp = getText(findTestObject("Stockbit/Bandarmology_AvgRP")): Text of object 'Object Repository/Stockbit/Bandarmology_AvgRP' is: '215'

2024-01-22 18:41:04 - [MESSAGE][PASSED] - Text of object 'Object Repository/Stockbit/Bandarmology_AvgRP' is: '215'

2024-01-22 18:41:04 - [TEST_STEP][PASSED] - out.println("Bandarmology_AvgRP = " + strTemp): null

2024-01-22 18:41:04 - [TEST_STEP][PASSED] - if (strTemp != "0"): null

2024-01-22 18:41:04 - [TEST_STEP][PASSED] - strTop1 = getText(findTestObject("Stockbit/Bandarmology_Top1")): Text of object 'Object Repository/Stockbit/Bandarmology_Top1' is: 'Neutral'

2024-01-22 18:41:04 - [MESSAGE][PASSED] - Text of object 'Object Repository/Stockbit/Bandarmology_Top1' is: 'Neutral'

2024-01-22 18:41:04 - [TEST_STEP][PASSED] - strTop3 = getText(findTestObject("Stockbit/Bandarmology_Top3")): Text of object 'Object Repository/Stockbit/Bandarmology_Top3' is: 'Big Acc'

2024-01-22 18:41:05 - [MESSAGE][PASSED] - Text of object 'Object Repository/Stockbit/Bandarmology_Top3' is: 'Big Acc'

2024-01-22 18:41:05 - [TEST_STEP][PASSED] - strTop5 = getText(findTestObject("Stockbit/Bandarmology_Top5")): Text of object 'Object Repository/Stockbit/Bandarmology_Top5' is: 'Normal Acc'

2024-01-22 18:41:05 - [MESSAGE][PASSED] - Text of object 'Object Repository/Stockbit/Bandarmology_Top5' is: 'Normal Acc'

2024-01-22 18:41:05 - [TEST_STEP][PASSED] - strAllBrokAvg = getText(findTestObject("Stockbit/Bandarmology_TopAVG")): Text of object 'Object Repository/Stockbit/Bandarmology_TopAVG' is: 'Normal Acc'

2024-01-22 18:41:05 - [MESSAGE][PASSED] - Text of object 'Object Repository/Stockbit/Bandarmology_TopAVG' is: 'Normal Acc'

2024-01-22 18:41:05 - [TEST_STEP][PASSED] - strTemp = getText(findTestObject("Stockbit/Bandarmology_AvgRP")): Text of object 'Object Repository/Stockbit/Bandarmology_AvgRP' is: '215'

2024-01-22 18:41:05 - [MESSAGE][PASSED] - Text of object 'Object Repository/Stockbit/Bandarmology_AvgRP' is: '215'

2024-01-22 18:41:05 - [TEST_STEP][PASSED] - if (strTemp.contains(",")): null

2024-01-22 18:41:05 - [TEST_STEP][PASSED] - intAvgRP = strTemp.toInteger(): null

2024-01-22 18:41:05 - [TEST_STEP][PASSED] - strBuyer1 = getText(findTestObject("Stockbit/Bandarmology_Buyer1")): Text of object 'Object Repository/Stockbit/Bandarmology_Buyer1' is: 'CC'

2024-01-22 18:41:05 - [MESSAGE][PASSED] - Text of object 'Object Repository/Stockbit/Bandarmology_Buyer1' is: 'CC'

2024-01-22 18:41:05 - [TEST_STEP][PASSED] - strBuyerVol1 = getText(findTestObject("Stockbit/Bandarmology_BuyerVol1")): Text of object 'Object Repository/Stockbit/Bandarmology_BuyerVol1' is: '556'

2024-01-22 18:41:05 - [MESSAGE][PASSED] - Text of object 'Object Repository/Stockbit/Bandarmology_BuyerVol1' is: '556'

2024-01-22 18:41:05 - [TEST_STEP][PASSED] - strBuyerAvg1 = getText(findTestObject("Stockbit/Bandarmology_BuyerAvg1")): Text of object 'Object Repository/Stockbit/Bandarmology_BuyerAvg1' is: '213'

2024-01-22 18:41:05 - [MESSAGE][PASSED] - Text of object 'Object Repository/Stockbit/Bandarmology_BuyerAvg1' is: '213'

2024-01-22 18:41:05 - [TEST_STEP][PASSED] - if (strBuyerAvg1.contains(",")): null

2024-01-22 18:41:05 - [TEST_STEP][PASSED] - if (strBuyerVol1.contains(" B")): null

2024-01-22 18:41:05 - [TEST_STEP][PASSED] - strSeller1 = getText(findTestObject("Stockbit/Bandarmology_Seller1")): Text of object 'Object Repository/Stockbit/Bandarmology_Seller1' is: 'YB'

2024-01-22 18:41:05 - [MESSAGE][PASSED] - Text of object 'Object Repository/Stockbit/Bandarmology_Seller1' is: 'YB'

2024-01-22 18:41:05 - [TEST_STEP][PASSED] - strSellerVol1 = getText(findTestObject("Stockbit/Bandarmology_SellerVol1")): Text of object 'Object Repository/Stockbit/Bandarmology_SellerVol1' is: '644'

2024-01-22 18:41:06 - [MESSAGE][PASSED] - Text of object 'Object Repository/Stockbit/Bandarmology_SellerVol1' is: '644'

2024-01-22 18:41:06 - [TEST_STEP][PASSED] - strSellerAvg1 = getText(findTestObject("Stockbit/Bandarmology_SellerAvg1")): Text of object 'Object Repository/Stockbit/Bandarmology_SellerAvg1' is: '209'

2024-01-22 18:41:06 - [MESSAGE][PASSED] - Text of object 'Object Repository/Stockbit/Bandarmology_SellerAvg1' is: '209'

2024-01-22 18:41:06 - [TEST_STEP][PASSED] - if (strSellerAvg1.contains(",")): null

2024-01-22 18:41:06 - [TEST_STEP][PASSED] - if (strSellerVol1.contains(" B")): null

2024-01-22 18:41:06 - [TEST_STEP][PASSED] - if (verifyElementNotPresent(findTestObject("Stockbit/Bandarmology_Buyer2"), 1, OPTIONAL)): Web element with id: 'Object Repository/Stockbit/Bandarmology_Buyer2' located by 'By.xpath: //*[contains(@id, 'rc-tabs-')]/div[2]/div/div/div/div/div/div[2]/table/tbody/tr[3]/td[1]/p' is present after '1' second(s) (Root cause: com.kms.katalon.core.exception.StepFailedException: Web element with id: 'Object Repository/Stockbit/Bandarmology_Buyer2' located by 'By.xpath: //*[contains(@id, 'rc-tabs-')]/div[2]/div/div/div/div/div/div[2]/table/tbody/tr[3]/td[1]/p' is present after '1' second(s)
	at com.kms.katalon.core.webui.keyword.internal.WebUIKeywordMain.stepFailed(WebUIKeywordMain.groovy:64)
	at com.kms.katalon.core.webui.keyword.internal.WebUIKeywordMain$stepFailed$0.call(Unknown Source)
	at com.kms.katalon.core.webui.keyword.builtin.VerifyElementNotPresentKeyword$_verifyElementNotPresent_closure1.doCall(VerifyElementNotPresentKeyword.groovy:106)
	at com.kms.katalon.core.webui.keyword.builtin.VerifyElementNotPresentKeyword$_verifyElementNotPresent_closure1.doCall(VerifyElementNotPresentKeyword.groovy)
	at com.kms.katalon.core.webui.keyword.internal.WebUIKeywordMain.runKeyword(WebUIKeywordMain.groovy:20)
	at com.kms.katalon.core.webui.keyword.internal.WebUIKeywordMain$runKeyword.call(Unknown Source)
	at com.kms.katalon.core.webui.keyword.builtin.VerifyElementNotPresentKeyword.verifyElementNotPresent(VerifyElementNotPresentKeyword.groovy:117)
	at com.kms.katalon.core.webui.keyword.builtin.VerifyElementNotPresentKeyword.execute(VerifyElementNotPresentKeyword.groovy:68)
	at com.kms.katalon.core.keyword.internal.KeywordExecutor.executeKeywordForPlatform(KeywordExecutor.groovy:74)
	at com.kms.katalon.core.webui.keyword.WebUiBuiltInKeywords.verifyElementNotPresent(WebUiBuiltInKeywords.groovy:1481)
	at com.kms.katalon.core.webui.keyword.WebUiBuiltInKeywords$verifyElementNotPresent$8.call(Unknown Source)
	at GetBrokSumPriceDaily.run(GetBrokSumPriceDaily:258)
	at com.kms.katalon.core.main.ScriptEngine.run(ScriptEngine.java:194)
	at com.kms.katalon.core.main.ScriptEngine.runScriptAsRawText(ScriptEngine.java:119)
	at com.kms.katalon.core.main.TestCaseExecutor.runScript(TestCaseExecutor.java:445)
	at com.kms.katalon.core.main.TestCaseExecutor.doExecute(TestCaseExecutor.java:436)
	at com.kms.katalon.core.main.TestCaseExecutor.processExecutionPhase(TestCaseExecutor.java:415)
	at com.kms.katalon.core.main.TestCaseExecutor.accessMainPhase(TestCaseExecutor.java:407)
	at com.kms.katalon.core.main.TestCaseExecutor.execute(TestCaseExecutor.java:284)
	at com.kms.katalon.core.common.CommonExecutor.accessTestCaseMainPhase(CommonExecutor.java:65)
	at com.kms.katalon.core.main.TestSuiteExecutor.accessTestSuiteMainPhase(TestSuiteExecutor.java:144)
	at com.kms.katalon.core.main.TestSuiteExecutor.execute(TestSuiteExecutor.java:106)
	at com.kms.katalon.core.main.TestCaseMain.startTestSuite(TestCaseMain.java:185)
	at com.kms.katalon.core.main.TestCaseMain$startTestSuite$0.call(Unknown Source)
	at TempTestSuite1705923140048.run(TempTestSuite1705923140048.groovy:36)
)

2024-01-22 18:41:07 - [MESSAGE][WARNING] - Web element with id: 'Object Repository/Stockbit/Bandarmology_Buyer2' located by 'By.xpath: //*[contains(@id, 'rc-tabs-')]/div[2]/div/div/div/div/div/div[2]/table/tbody/tr[3]/td[1]/p' is present after '1' second(s) (Root cause: com.kms.katalon.core.exception.StepFailedException: Web element with id: 'Object Repository/Stockbit/Bandarmology_Buyer2' located by 'By.xpath: //*[contains(@id, 'rc-tabs-')]/div[2]/div/div/div/div/div/div[2]/table/tbody/tr[3]/td[1]/p' is present after '1' second(s)
	at com.kms.katalon.core.webui.keyword.internal.WebUIKeywordMain.stepFailed(WebUIKeywordMain.groovy:64)
	at com.kms.katalon.core.webui.keyword.internal.WebUIKeywordMain$stepFailed$0.call(Unknown Source)
	at com.kms.katalon.core.webui.keyword.builtin.VerifyElementNotPresentKeyword$_verifyElementNotPresent_closure1.doCall(VerifyElementNotPresentKeyword.groovy:106)
	at com.kms.katalon.core.webui.keyword.builtin.VerifyElementNotPresentKeyword$_verifyElementNotPresent_closure1.doCall(VerifyElementNotPresentKeyword.groovy)
	at com.kms.katalon.core.webui.keyword.internal.WebUIKeywordMain.runKeyword(WebUIKeywordMain.groovy:20)
	at com.kms.katalon.core.webui.keyword.internal.WebUIKeywordMain$runKeyword.call(Unknown Source)
	at com.kms.katalon.core.webui.keyword.builtin.VerifyElementNotPresentKeyword.verifyElementNotPresent(VerifyElementNotPresentKeyword.groovy:117)
	at com.kms.katalon.core.webui.keyword.builtin.VerifyElementNotPresentKeyword.execute(VerifyElementNotPresentKeyword.groovy:68)
	at com.kms.katalon.core.keyword.internal.KeywordExecutor.executeKeywordForPlatform(KeywordExecutor.groovy:74)
	at com.kms.katalon.core.webui.keyword.WebUiBuiltInKeywords.verifyElementNotPresent(WebUiBuiltInKeywords.groovy:1481)
	at com.kms.katalon.core.webui.keyword.WebUiBuiltInKeywords$verifyElementNotPresent$8.call(Unknown Source)
	at GetBrokSumPriceDaily.run(GetBrokSumPriceDaily:258)
	at com.kms.katalon.core.main.ScriptEngine.run(ScriptEngine.java:194)
	at com.kms.katalon.core.main.ScriptEngine.runScriptAsRawText(ScriptEngine.java:119)
	at com.kms.katalon.core.main.TestCaseExecutor.runScript(TestCaseExecutor.java:445)
	at com.kms.katalon.core.main.TestCaseExecutor.doExecute(TestCaseExecutor.java:436)
	at com.kms.katalon.core.main.TestCaseExecutor.processExecutionPhase(TestCaseExecutor.java:415)
	at com.kms.katalon.core.main.TestCaseExecutor.accessMainPhase(TestCaseExecutor.java:407)
	at com.kms.katalon.core.main.TestCaseExecutor.execute(TestCaseExecutor.java:284)
	at com.kms.katalon.core.common.CommonExecutor.accessTestCaseMainPhase(CommonExecutor.java:65)
	at com.kms.katalon.core.main.TestSuiteExecutor.accessTestSuiteMainPhase(TestSuiteExecutor.java:144)
	at com.kms.katalon.core.main.TestSuiteExecutor.execute(TestSuiteExecutor.java:106)
	at com.kms.katalon.core.main.TestCaseMain.startTestSuite(TestCaseMain.java:185)
	at com.kms.katalon.core.main.TestCaseMain$startTestSuite$0.call(Unknown Source)
	at TempTestSuite1705923140048.run(TempTestSuite1705923140048.groovy:36)
)
[[ATTACHMENT|C:\\Users\\Fadli\\git\\KatalonDailyGetData2\\Reports\\20240122_174123\\TS1\\20240122_183220\\1705923667312.png]]

2024-01-22 18:41:07 - [TEST_STEP][PASSED] - else: null

2024-01-22 18:41:07 - [TEST_STEP][PASSED] - strBuyer2 = getText(findTestObject("Stockbit/Bandarmology_Buyer2")): Text of object 'Object Repository/Stockbit/Bandarmology_Buyer2' is: 'PD'

2024-01-22 18:41:07 - [MESSAGE][PASSED] - Text of object 'Object Repository/Stockbit/Bandarmology_Buyer2' is: 'PD'

2024-01-22 18:41:07 - [TEST_STEP][PASSED] - strBuyerVol2 = getText(findTestObject("Stockbit/Bandarmology_BuyerVol2")): Text of object 'Object Repository/Stockbit/Bandarmology_BuyerVol2' is: '529'

2024-01-22 18:41:07 - [MESSAGE][PASSED] - Text of object 'Object Repository/Stockbit/Bandarmology_BuyerVol2' is: '529'

2024-01-22 18:41:07 - [TEST_STEP][PASSED] - strBuyerAvg2 = getText(findTestObject("Stockbit/Bandarmology_BuyerAvg2")): Text of object 'Object Repository/Stockbit/Bandarmology_BuyerAvg2' is: '207'

2024-01-22 18:41:07 - [MESSAGE][PASSED] - Text of object 'Object Repository/Stockbit/Bandarmology_BuyerAvg2' is: '207'

2024-01-22 18:41:07 - [TEST_STEP][PASSED] - if (strBuyer2 != ""): null

2024-01-22 18:41:07 - [TEST_STEP][PASSED] - if (strBuyerAvg2.contains(",")): null

2024-01-22 18:41:07 - [TEST_STEP][PASSED] - if (strBuyerVol2.contains(" B")): null

2024-01-22 18:41:07 - [TEST_STEP][PASSED] - if (strBuyerVol2.contains(".")): null

2024-01-22 18:41:07 - [TEST_STEP][PASSED] - if (verifyElementNotPresent(findTestObject("Stockbit/Bandarmology_Seller2"), 1, OPTIONAL)): Web element with id: 'Object Repository/Stockbit/Bandarmology_Seller2' located by 'By.xpath: //*[contains(@id, 'rc-tabs-')]/div[2]/div/div/div/div/div/div[2]/table/tbody/tr[3]/td[5]/p' is present after '1' second(s) (Root cause: com.kms.katalon.core.exception.StepFailedException: Web element with id: 'Object Repository/Stockbit/Bandarmology_Seller2' located by 'By.xpath: //*[contains(@id, 'rc-tabs-')]/div[2]/div/div/div/div/div/div[2]/table/tbody/tr[3]/td[5]/p' is present after '1' second(s)
	at com.kms.katalon.core.webui.keyword.internal.WebUIKeywordMain.stepFailed(WebUIKeywordMain.groovy:64)
	at com.kms.katalon.core.webui.keyword.internal.WebUIKeywordMain$stepFailed$0.call(Unknown Source)
	at com.kms.katalon.core.webui.keyword.builtin.VerifyElementNotPresentKeyword$_verifyElementNotPresent_closure1.doCall(VerifyElementNotPresentKeyword.groovy:106)
	at com.kms.katalon.core.webui.keyword.builtin.VerifyElementNotPresentKeyword$_verifyElementNotPresent_closure1.doCall(VerifyElementNotPresentKeyword.groovy)
	at com.kms.katalon.core.webui.keyword.internal.WebUIKeywordMain.runKeyword(WebUIKeywordMain.groovy:20)
	at com.kms.katalon.core.webui.keyword.internal.WebUIKeywordMain$runKeyword.call(Unknown Source)
	at com.kms.katalon.core.webui.keyword.builtin.VerifyElementNotPresentKeyword.verifyElementNotPresent(VerifyElementNotPresentKeyword.groovy:117)
	at com.kms.katalon.core.webui.keyword.builtin.VerifyElementNotPresentKeyword.execute(VerifyElementNotPresentKeyword.groovy:68)
	at com.kms.katalon.core.keyword.internal.KeywordExecutor.executeKeywordForPlatform(KeywordExecutor.groovy:74)
	at com.kms.katalon.core.webui.keyword.WebUiBuiltInKeywords.verifyElementNotPresent(WebUiBuiltInKeywords.groovy:1481)
	at com.kms.katalon.core.webui.keyword.WebUiBuiltInKeywords$verifyElementNotPresent$8.call(Unknown Source)
	at GetBrokSumPriceDaily.run(GetBrokSumPriceDaily:309)
	at com.kms.katalon.core.main.ScriptEngine.run(ScriptEngine.java:194)
	at com.kms.katalon.core.main.ScriptEngine.runScriptAsRawText(ScriptEngine.java:119)
	at com.kms.katalon.core.main.TestCaseExecutor.runScript(TestCaseExecutor.java:445)
	at com.kms.katalon.core.main.TestCaseExecutor.doExecute(TestCaseExecutor.java:436)
	at com.kms.katalon.core.main.TestCaseExecutor.processExecutionPhase(TestCaseExecutor.java:415)
	at com.kms.katalon.core.main.TestCaseExecutor.accessMainPhase(TestCaseExecutor.java:407)
	at com.kms.katalon.core.main.TestCaseExecutor.execute(TestCaseExecutor.java:284)
	at com.kms.katalon.core.common.CommonExecutor.accessTestCaseMainPhase(CommonExecutor.java:65)
	at com.kms.katalon.core.main.TestSuiteExecutor.accessTestSuiteMainPhase(TestSuiteExecutor.java:144)
	at com.kms.katalon.core.main.TestSuiteExecutor.execute(TestSuiteExecutor.java:106)
	at com.kms.katalon.core.main.TestCaseMain.startTestSuite(TestCaseMain.java:185)
	at com.kms.katalon.core.main.TestCaseMain$startTestSuite$0.call(Unknown Source)
	at TempTestSuite1705923140048.run(TempTestSuite1705923140048.groovy:36)
)

2024-01-22 18:41:09 - [MESSAGE][WARNING] - Web element with id: 'Object Repository/Stockbit/Bandarmology_Seller2' located by 'By.xpath: //*[contains(@id, 'rc-tabs-')]/div[2]/div/div/div/div/div/div[2]/table/tbody/tr[3]/td[5]/p' is present after '1' second(s) (Root cause: com.kms.katalon.core.exception.StepFailedException: Web element with id: 'Object Repository/Stockbit/Bandarmology_Seller2' located by 'By.xpath: //*[contains(@id, 'rc-tabs-')]/div[2]/div/div/div/div/div/div[2]/table/tbody/tr[3]/td[5]/p' is present after '1' second(s)
	at com.kms.katalon.core.webui.keyword.internal.WebUIKeywordMain.stepFailed(WebUIKeywordMain.groovy:64)
	at com.kms.katalon.core.webui.keyword.internal.WebUIKeywordMain$stepFailed$0.call(Unknown Source)
	at com.kms.katalon.core.webui.keyword.builtin.VerifyElementNotPresentKeyword$_verifyElementNotPresent_closure1.doCall(VerifyElementNotPresentKeyword.groovy:106)
	at com.kms.katalon.core.webui.keyword.builtin.VerifyElementNotPresentKeyword$_verifyElementNotPresent_closure1.doCall(VerifyElementNotPresentKeyword.groovy)
	at com.kms.katalon.core.webui.keyword.internal.WebUIKeywordMain.runKeyword(WebUIKeywordMain.groovy:20)
	at com.kms.katalon.core.webui.keyword.internal.WebUIKeywordMain$runKeyword.call(Unknown Source)
	at com.kms.katalon.core.webui.keyword.builtin.VerifyElementNotPresentKeyword.verifyElementNotPresent(VerifyElementNotPresentKeyword.groovy:117)
	at com.kms.katalon.core.webui.keyword.builtin.VerifyElementNotPresentKeyword.execute(VerifyElementNotPresentKeyword.groovy:68)
	at com.kms.katalon.core.keyword.internal.KeywordExecutor.executeKeywordForPlatform(KeywordExecutor.groovy:74)
	at com.kms.katalon.core.webui.keyword.WebUiBuiltInKeywords.verifyElementNotPresent(WebUiBuiltInKeywords.groovy:1481)
	at com.kms.katalon.core.webui.keyword.WebUiBuiltInKeywords$verifyElementNotPresent$8.call(Unknown Source)
	at GetBrokSumPriceDaily.run(GetBrokSumPriceDaily:309)
	at com.kms.katalon.core.main.ScriptEngine.run(ScriptEngine.java:194)
	at com.kms.katalon.core.main.ScriptEngine.runScriptAsRawText(ScriptEngine.java:119)
	at com.kms.katalon.core.main.TestCaseExecutor.runScript(TestCaseExecutor.java:445)
	at com.kms.katalon.core.main.TestCaseExecutor.doExecute(TestCaseExecutor.java:436)
	at com.kms.katalon.core.main.TestCaseExecutor.processExecutionPhase(TestCaseExecutor.java:415)
	at com.kms.katalon.core.main.TestCaseExecutor.accessMainPhase(TestCaseExecutor.java:407)
	at com.kms.katalon.core.main.TestCaseExecutor.execute(TestCaseExecutor.java:284)
	at com.kms.katalon.core.common.CommonExecutor.accessTestCaseMainPhase(CommonExecutor.java:65)
	at com.kms.katalon.core.main.TestSuiteExecutor.accessTestSuiteMainPhase(TestSuiteExecutor.java:144)
	at com.kms.katalon.core.main.TestSuiteExecutor.execute(TestSuiteExecutor.java:106)
	at com.kms.katalon.core.main.TestCaseMain.startTestSuite(TestCaseMain.java:185)
	at com.kms.katalon.core.main.TestCaseMain$startTestSuite$0.call(Unknown Source)
	at TempTestSuite1705923140048.run(TempTestSuite1705923140048.groovy:36)
)
[[ATTACHMENT|C:\\Users\\Fadli\\git\\KatalonDailyGetData2\\Reports\\20240122_174123\\TS1\\20240122_183220\\1705923669006.png]]

2024-01-22 18:41:09 - [TEST_STEP][PASSED] - else: null

2024-01-22 18:41:09 - [TEST_STEP][PASSED] - strSeller2 = getText(findTestObject("Stockbit/Bandarmology_Seller2")): Text of object 'Object Repository/Stockbit/Bandarmology_Seller2' is: 'KK'

2024-01-22 18:41:09 - [MESSAGE][PASSED] - Text of object 'Object Repository/Stockbit/Bandarmology_Seller2' is: 'KK'

2024-01-22 18:41:09 - [TEST_STEP][PASSED] - strSellerVol2 = getText(findTestObject("Stockbit/Bandarmology_SellerVol2")): Text of object 'Object Repository/Stockbit/Bandarmology_SellerVol2' is: '214'

2024-01-22 18:41:09 - [MESSAGE][PASSED] - Text of object 'Object Repository/Stockbit/Bandarmology_SellerVol2' is: '214'

2024-01-22 18:41:09 - [TEST_STEP][PASSED] - strSellerAvg2 = getText(findTestObject("Stockbit/Bandarmology_SellerAvg2")): Text of object 'Object Repository/Stockbit/Bandarmology_SellerAvg2' is: '210'

2024-01-22 18:41:09 - [MESSAGE][PASSED] - Text of object 'Object Repository/Stockbit/Bandarmology_SellerAvg2' is: '210'

2024-01-22 18:41:09 - [TEST_STEP][PASSED] - if (strSeller2 != ""): null

2024-01-22 18:41:09 - [TEST_STEP][PASSED] - if (strSellerAvg2.contains(",")): null

2024-01-22 18:41:09 - [TEST_STEP][PASSED] - if (strSellerVol2.contains(" B")): null

2024-01-22 18:41:09 - [TEST_STEP][PASSED] - if (verifyElementNotPresent(findTestObject("Stockbit/Bandarmology_Buyer3"), 1, OPTIONAL)): Web element with id: 'Object Repository/Stockbit/Bandarmology_Buyer3' located by 'By.xpath: //*[contains(@id, 'rc-tabs-')]/div[2]/div/div/div/div/div/div[2]/table/tbody/tr[4]/td[1]/p' is present after '1' second(s) (Root cause: com.kms.katalon.core.exception.StepFailedException: Web element with id: 'Object Repository/Stockbit/Bandarmology_Buyer3' located by 'By.xpath: //*[contains(@id, 'rc-tabs-')]/div[2]/div/div/div/div/div/div[2]/table/tbody/tr[4]/td[1]/p' is present after '1' second(s)
	at com.kms.katalon.core.webui.keyword.internal.WebUIKeywordMain.stepFailed(WebUIKeywordMain.groovy:64)
	at com.kms.katalon.core.webui.keyword.internal.WebUIKeywordMain$stepFailed$0.call(Unknown Source)
	at com.kms.katalon.core.webui.keyword.builtin.VerifyElementNotPresentKeyword$_verifyElementNotPresent_closure1.doCall(VerifyElementNotPresentKeyword.groovy:106)
	at com.kms.katalon.core.webui.keyword.builtin.VerifyElementNotPresentKeyword$_verifyElementNotPresent_closure1.doCall(VerifyElementNotPresentKeyword.groovy)
	at com.kms.katalon.core.webui.keyword.internal.WebUIKeywordMain.runKeyword(WebUIKeywordMain.groovy:20)
	at com.kms.katalon.core.webui.keyword.internal.WebUIKeywordMain$runKeyword.call(Unknown Source)
	at com.kms.katalon.core.webui.keyword.builtin.VerifyElementNotPresentKeyword.verifyElementNotPresent(VerifyElementNotPresentKeyword.groovy:117)
	at com.kms.katalon.core.webui.keyword.builtin.VerifyElementNotPresentKeyword.execute(VerifyElementNotPresentKeyword.groovy:68)
	at com.kms.katalon.core.keyword.internal.KeywordExecutor.executeKeywordForPlatform(KeywordExecutor.groovy:74)
	at com.kms.katalon.core.webui.keyword.WebUiBuiltInKeywords.verifyElementNotPresent(WebUiBuiltInKeywords.groovy:1481)
	at com.kms.katalon.core.webui.keyword.WebUiBuiltInKeywords$verifyElementNotPresent$8.call(Unknown Source)
	at GetBrokSumPriceDaily.run(GetBrokSumPriceDaily:361)
	at com.kms.katalon.core.main.ScriptEngine.run(ScriptEngine.java:194)
	at com.kms.katalon.core.main.ScriptEngine.runScriptAsRawText(ScriptEngine.java:119)
	at com.kms.katalon.core.main.TestCaseExecutor.runScript(TestCaseExecutor.java:445)
	at com.kms.katalon.core.main.TestCaseExecutor.doExecute(TestCaseExecutor.java:436)
	at com.kms.katalon.core.main.TestCaseExecutor.processExecutionPhase(TestCaseExecutor.java:415)
	at com.kms.katalon.core.main.TestCaseExecutor.accessMainPhase(TestCaseExecutor.java:407)
	at com.kms.katalon.core.main.TestCaseExecutor.execute(TestCaseExecutor.java:284)
	at com.kms.katalon.core.common.CommonExecutor.accessTestCaseMainPhase(CommonExecutor.java:65)
	at com.kms.katalon.core.main.TestSuiteExecutor.accessTestSuiteMainPhase(TestSuiteExecutor.java:144)
	at com.kms.katalon.core.main.TestSuiteExecutor.execute(TestSuiteExecutor.java:106)
	at com.kms.katalon.core.main.TestCaseMain.startTestSuite(TestCaseMain.java:185)
	at com.kms.katalon.core.main.TestCaseMain$startTestSuite$0.call(Unknown Source)
	at TempTestSuite1705923140048.run(TempTestSuite1705923140048.groovy:36)
)

2024-01-22 18:41:10 - [MESSAGE][WARNING] - Web element with id: 'Object Repository/Stockbit/Bandarmology_Buyer3' located by 'By.xpath: //*[contains(@id, 'rc-tabs-')]/div[2]/div/div/div/div/div/div[2]/table/tbody/tr[4]/td[1]/p' is present after '1' second(s) (Root cause: com.kms.katalon.core.exception.StepFailedException: Web element with id: 'Object Repository/Stockbit/Bandarmology_Buyer3' located by 'By.xpath: //*[contains(@id, 'rc-tabs-')]/div[2]/div/div/div/div/div/div[2]/table/tbody/tr[4]/td[1]/p' is present after '1' second(s)
	at com.kms.katalon.core.webui.keyword.internal.WebUIKeywordMain.stepFailed(WebUIKeywordMain.groovy:64)
	at com.kms.katalon.core.webui.keyword.internal.WebUIKeywordMain$stepFailed$0.call(Unknown Source)
	at com.kms.katalon.core.webui.keyword.builtin.VerifyElementNotPresentKeyword$_verifyElementNotPresent_closure1.doCall(VerifyElementNotPresentKeyword.groovy:106)
	at com.kms.katalon.core.webui.keyword.builtin.VerifyElementNotPresentKeyword$_verifyElementNotPresent_closure1.doCall(VerifyElementNotPresentKeyword.groovy)
	at com.kms.katalon.core.webui.keyword.internal.WebUIKeywordMain.runKeyword(WebUIKeywordMain.groovy:20)
	at com.kms.katalon.core.webui.keyword.internal.WebUIKeywordMain$runKeyword.call(Unknown Source)
	at com.kms.katalon.core.webui.keyword.builtin.VerifyElementNotPresentKeyword.verifyElementNotPresent(VerifyElementNotPresentKeyword.groovy:117)
	at com.kms.katalon.core.webui.keyword.builtin.VerifyElementNotPresentKeyword.execute(VerifyElementNotPresentKeyword.groovy:68)
	at com.kms.katalon.core.keyword.internal.KeywordExecutor.executeKeywordForPlatform(KeywordExecutor.groovy:74)
	at com.kms.katalon.core.webui.keyword.WebUiBuiltInKeywords.verifyElementNotPresent(WebUiBuiltInKeywords.groovy:1481)
	at com.kms.katalon.core.webui.keyword.WebUiBuiltInKeywords$verifyElementNotPresent$8.call(Unknown Source)
	at GetBrokSumPriceDaily.run(GetBrokSumPriceDaily:361)
	at com.kms.katalon.core.main.ScriptEngine.run(ScriptEngine.java:194)
	at com.kms.katalon.core.main.ScriptEngine.runScriptAsRawText(ScriptEngine.java:119)
	at com.kms.katalon.core.main.TestCaseExecutor.runScript(TestCaseExecutor.java:445)
	at com.kms.katalon.core.main.TestCaseExecutor.doExecute(TestCaseExecutor.java:436)
	at com.kms.katalon.core.main.TestCaseExecutor.processExecutionPhase(TestCaseExecutor.java:415)
	at com.kms.katalon.core.main.TestCaseExecutor.accessMainPhase(TestCaseExecutor.java:407)
	at com.kms.katalon.core.main.TestCaseExecutor.execute(TestCaseExecutor.java:284)
	at com.kms.katalon.core.common.CommonExecutor.accessTestCaseMainPhase(CommonExecutor.java:65)
	at com.kms.katalon.core.main.TestSuiteExecutor.accessTestSuiteMainPhase(TestSuiteExecutor.java:144)
	at com.kms.katalon.core.main.TestSuiteExecutor.execute(TestSuiteExecutor.java:106)
	at com.kms.katalon.core.main.TestCaseMain.startTestSuite(TestCaseMain.java:185)
	at com.kms.katalon.core.main.TestCaseMain$startTestSuite$0.call(Unknown Source)
	at TempTestSuite1705923140048.run(TempTestSuite1705923140048.groovy:36)
)
[[ATTACHMENT|C:\\Users\\Fadli\\git\\KatalonDailyGetData2\\Reports\\20240122_174123\\TS1\\20240122_183220\\1705923670745.png]]

2024-01-22 18:41:10 - [TEST_STEP][PASSED] - else: null

2024-01-22 18:41:10 - [TEST_STEP][PASSED] - strBuyer3 = getText(findTestObject("Stockbit/Bandarmology_Buyer3")): Text of object 'Object Repository/Stockbit/Bandarmology_Buyer3' is: 'XL'

2024-01-22 18:41:11 - [MESSAGE][PASSED] - Text of object 'Object Repository/Stockbit/Bandarmology_Buyer3' is: 'XL'

2024-01-22 18:41:11 - [TEST_STEP][PASSED] - strBuyerVol3 = getText(findTestObject("Stockbit/Bandarmology_BuyerVol3")): Text of object 'Object Repository/Stockbit/Bandarmology_BuyerVol3' is: '286'

2024-01-22 18:41:11 - [MESSAGE][PASSED] - Text of object 'Object Repository/Stockbit/Bandarmology_BuyerVol3' is: '286'

2024-01-22 18:41:11 - [TEST_STEP][PASSED] - strBuyerAvg3 = getText(findTestObject("Stockbit/Bandarmology_BuyerAvg3")): Text of object 'Object Repository/Stockbit/Bandarmology_BuyerAvg3' is: '207'

2024-01-22 18:41:11 - [MESSAGE][PASSED] - Text of object 'Object Repository/Stockbit/Bandarmology_BuyerAvg3' is: '207'

2024-01-22 18:41:11 - [TEST_STEP][PASSED] - if (strBuyer3 != ""): null

2024-01-22 18:41:11 - [TEST_STEP][PASSED] - if (strBuyerAvg3.contains(",")): null

2024-01-22 18:41:11 - [TEST_STEP][PASSED] - if (strBuyerVol3.contains(" B")): null

2024-01-22 18:41:11 - [TEST_STEP][PASSED] - if (verifyElementNotPresent(findTestObject("Stockbit/Bandarmology_Seller3"), 1, OPTIONAL)): Web element with id: 'Object Repository/Stockbit/Bandarmology_Seller3' located by 'By.xpath: //*[contains(@id, 'rc-tabs-')]/div[2]/div/div/div/div/div/div[2]/table/tbody/tr[4]/td[5]/p' is present after '1' second(s) (Root cause: com.kms.katalon.core.exception.StepFailedException: Web element with id: 'Object Repository/Stockbit/Bandarmology_Seller3' located by 'By.xpath: //*[contains(@id, 'rc-tabs-')]/div[2]/div/div/div/div/div/div[2]/table/tbody/tr[4]/td[5]/p' is present after '1' second(s)
	at com.kms.katalon.core.webui.keyword.internal.WebUIKeywordMain.stepFailed(WebUIKeywordMain.groovy:64)
	at com.kms.katalon.core.webui.keyword.internal.WebUIKeywordMain$stepFailed$0.call(Unknown Source)
	at com.kms.katalon.core.webui.keyword.builtin.VerifyElementNotPresentKeyword$_verifyElementNotPresent_closure1.doCall(VerifyElementNotPresentKeyword.groovy:106)
	at com.kms.katalon.core.webui.keyword.builtin.VerifyElementNotPresentKeyword$_verifyElementNotPresent_closure1.doCall(VerifyElementNotPresentKeyword.groovy)
	at com.kms.katalon.core.webui.keyword.internal.WebUIKeywordMain.runKeyword(WebUIKeywordMain.groovy:20)
	at com.kms.katalon.core.webui.keyword.internal.WebUIKeywordMain$runKeyword.call(Unknown Source)
	at com.kms.katalon.core.webui.keyword.builtin.VerifyElementNotPresentKeyword.verifyElementNotPresent(VerifyElementNotPresentKeyword.groovy:117)
	at com.kms.katalon.core.webui.keyword.builtin.VerifyElementNotPresentKeyword.execute(VerifyElementNotPresentKeyword.groovy:68)
	at com.kms.katalon.core.keyword.internal.KeywordExecutor.executeKeywordForPlatform(KeywordExecutor.groovy:74)
	at com.kms.katalon.core.webui.keyword.WebUiBuiltInKeywords.verifyElementNotPresent(WebUiBuiltInKeywords.groovy:1481)
	at com.kms.katalon.core.webui.keyword.WebUiBuiltInKeywords$verifyElementNotPresent$8.call(Unknown Source)
	at GetBrokSumPriceDaily.run(GetBrokSumPriceDaily:414)
	at com.kms.katalon.core.main.ScriptEngine.run(ScriptEngine.java:194)
	at com.kms.katalon.core.main.ScriptEngine.runScriptAsRawText(ScriptEngine.java:119)
	at com.kms.katalon.core.main.TestCaseExecutor.runScript(TestCaseExecutor.java:445)
	at com.kms.katalon.core.main.TestCaseExecutor.doExecute(TestCaseExecutor.java:436)
	at com.kms.katalon.core.main.TestCaseExecutor.processExecutionPhase(TestCaseExecutor.java:415)
	at com.kms.katalon.core.main.TestCaseExecutor.accessMainPhase(TestCaseExecutor.java:407)
	at com.kms.katalon.core.main.TestCaseExecutor.execute(TestCaseExecutor.java:284)
	at com.kms.katalon.core.common.CommonExecutor.accessTestCaseMainPhase(CommonExecutor.java:65)
	at com.kms.katalon.core.main.TestSuiteExecutor.accessTestSuiteMainPhase(TestSuiteExecutor.java:144)
	at com.kms.katalon.core.main.TestSuiteExecutor.execute(TestSuiteExecutor.java:106)
	at com.kms.katalon.core.main.TestCaseMain.startTestSuite(TestCaseMain.java:185)
	at com.kms.katalon.core.main.TestCaseMain$startTestSuite$0.call(Unknown Source)
	at TempTestSuite1705923140048.run(TempTestSuite1705923140048.groovy:36)
)

2024-01-22 18:41:12 - [MESSAGE][WARNING] - Web element with id: 'Object Repository/Stockbit/Bandarmology_Seller3' located by 'By.xpath: //*[contains(@id, 'rc-tabs-')]/div[2]/div/div/div/div/div/div[2]/table/tbody/tr[4]/td[5]/p' is present after '1' second(s) (Root cause: com.kms.katalon.core.exception.StepFailedException: Web element with id: 'Object Repository/Stockbit/Bandarmology_Seller3' located by 'By.xpath: //*[contains(@id, 'rc-tabs-')]/div[2]/div/div/div/div/div/div[2]/table/tbody/tr[4]/td[5]/p' is present after '1' second(s)
	at com.kms.katalon.core.webui.keyword.internal.WebUIKeywordMain.stepFailed(WebUIKeywordMain.groovy:64)
	at com.kms.katalon.core.webui.keyword.internal.WebUIKeywordMain$stepFailed$0.call(Unknown Source)
	at com.kms.katalon.core.webui.keyword.builtin.VerifyElementNotPresentKeyword$_verifyElementNotPresent_closure1.doCall(VerifyElementNotPresentKeyword.groovy:106)
	at com.kms.katalon.core.webui.keyword.builtin.VerifyElementNotPresentKeyword$_verifyElementNotPresent_closure1.doCall(VerifyElementNotPresentKeyword.groovy)
	at com.kms.katalon.core.webui.keyword.internal.WebUIKeywordMain.runKeyword(WebUIKeywordMain.groovy:20)
	at com.kms.katalon.core.webui.keyword.internal.WebUIKeywordMain$runKeyword.call(Unknown Source)
	at com.kms.katalon.core.webui.keyword.builtin.VerifyElementNotPresentKeyword.verifyElementNotPresent(VerifyElementNotPresentKeyword.groovy:117)
	at com.kms.katalon.core.webui.keyword.builtin.VerifyElementNotPresentKeyword.execute(VerifyElementNotPresentKeyword.groovy:68)
	at com.kms.katalon.core.keyword.internal.KeywordExecutor.executeKeywordForPlatform(KeywordExecutor.groovy:74)
	at com.kms.katalon.core.webui.keyword.WebUiBuiltInKeywords.verifyElementNotPresent(WebUiBuiltInKeywords.groovy:1481)
	at com.kms.katalon.core.webui.keyword.WebUiBuiltInKeywords$verifyElementNotPresent$8.call(Unknown Source)
	at GetBrokSumPriceDaily.run(GetBrokSumPriceDaily:414)
	at com.kms.katalon.core.main.ScriptEngine.run(ScriptEngine.java:194)
	at com.kms.katalon.core.main.ScriptEngine.runScriptAsRawText(ScriptEngine.java:119)
	at com.kms.katalon.core.main.TestCaseExecutor.runScript(TestCaseExecutor.java:445)
	at com.kms.katalon.core.main.TestCaseExecutor.doExecute(TestCaseExecutor.java:436)
	at com.kms.katalon.core.main.TestCaseExecutor.processExecutionPhase(TestCaseExecutor.java:415)
	at com.kms.katalon.core.main.TestCaseExecutor.accessMainPhase(TestCaseExecutor.java:407)
	at com.kms.katalon.core.main.TestCaseExecutor.execute(TestCaseExecutor.java:284)
	at com.kms.katalon.core.common.CommonExecutor.accessTestCaseMainPhase(CommonExecutor.java:65)
	at com.kms.katalon.core.main.TestSuiteExecutor.accessTestSuiteMainPhase(TestSuiteExecutor.java:144)
	at com.kms.katalon.core.main.TestSuiteExecutor.execute(TestSuiteExecutor.java:106)
	at com.kms.katalon.core.main.TestCaseMain.startTestSuite(TestCaseMain.java:185)
	at com.kms.katalon.core.main.TestCaseMain$startTestSuite$0.call(Unknown Source)
	at TempTestSuite1705923140048.run(TempTestSuite1705923140048.groovy:36)
)
[[ATTACHMENT|C:\\Users\\Fadli\\git\\KatalonDailyGetData2\\Reports\\20240122_174123\\TS1\\20240122_183220\\1705923672472.png]]

2024-01-22 18:41:12 - [TEST_STEP][PASSED] - else: null

2024-01-22 18:41:12 - [TEST_STEP][PASSED] - strSeller3 = getText(findTestObject("Stockbit/Bandarmology_Seller3")): Text of object 'Object Repository/Stockbit/Bandarmology_Seller3' is: 'CP'

2024-01-22 18:41:12 - [MESSAGE][PASSED] - Text of object 'Object Repository/Stockbit/Bandarmology_Seller3' is: 'CP'

2024-01-22 18:41:12 - [TEST_STEP][PASSED] - strSellerVol3 = getText(findTestObject("Stockbit/Bandarmology_SellerVol3")): Text of object 'Object Repository/Stockbit/Bandarmology_SellerVol3' is: '189'

2024-01-22 18:41:12 - [MESSAGE][PASSED] - Text of object 'Object Repository/Stockbit/Bandarmology_SellerVol3' is: '189'

2024-01-22 18:41:12 - [TEST_STEP][PASSED] - strSellerAvg3 = getText(findTestObject("Stockbit/Bandarmology_SellerAvg3")): Text of object 'Object Repository/Stockbit/Bandarmology_SellerAvg3' is: '215'

2024-01-22 18:41:13 - [MESSAGE][PASSED] - Text of object 'Object Repository/Stockbit/Bandarmology_SellerAvg3' is: '215'

2024-01-22 18:41:13 - [TEST_STEP][PASSED] - if (strSeller3 != ""): null

2024-01-22 18:41:13 - [TEST_STEP][PASSED] - if (strSellerAvg3.contains(",")): null

2024-01-22 18:41:13 - [TEST_STEP][PASSED] - if (strSellerVol3.contains(" B")): null

2024-01-22 18:41:13 - [TEST_STEP][PASSED] - strAccDist = getText(findTestObject("Stockbit/Bandarmology_AccDist")): Text of object 'Object Repository/Stockbit/Bandarmology_AccDist' is: 'Acc'

2024-01-22 18:41:13 - [MESSAGE][PASSED] - Text of object 'Object Repository/Stockbit/Bandarmology_AccDist' is: 'Acc'

2024-01-22 18:41:13 - [TEST_STEP][PASSED] - strNetVol = getText(findTestObject("Stockbit/Bandarmology_NetVol")): Text of object 'Object Repository/Stockbit/Bandarmology_NetVol' is: '1,525'

2024-01-22 18:41:13 - [MESSAGE][PASSED] - Text of object 'Object Repository/Stockbit/Bandarmology_NetVol' is: '1,525'

2024-01-22 18:41:13 - [TEST_STEP][PASSED] - strNetVol = strNetVol.replace(",", ""): null

2024-01-22 18:41:13 - [TEST_STEP][PASSED] - strNetVal = getText(findTestObject("Stockbit/Bandarmology_NetVal")): Text of object 'Object Repository/Stockbit/Bandarmology_NetVal' is: '0 B'

2024-01-22 18:41:13 - [MESSAGE][PASSED] - Text of object 'Object Repository/Stockbit/Bandarmology_NetVal' is: '0 B'

2024-01-22 18:41:13 - [TEST_STEP][PASSED] - delay(3): Delayed 3 second(s)

2024-01-22 18:41:16 - [MESSAGE][PASSED] - Delayed 3 second(s)

2024-01-22 18:41:16 - [TEST_STEP][PASSED] - strOpenPrice = getText(findTestObject("Stockbit/Home_OpenPrice")): Text of object 'Object Repository/Stockbit/Home_OpenPrice' is: '208'

2024-01-22 18:41:16 - [MESSAGE][PASSED] - Text of object 'Object Repository/Stockbit/Home_OpenPrice' is: '208'

2024-01-22 18:41:16 - [TEST_STEP][PASSED] - strOpenPrice = strOpenPrice.replace(",", ""): null

2024-01-22 18:41:16 - [TEST_STEP][PASSED] - strLowPrice = getText(findTestObject("Stockbit/Home_LowPrice")): Text of object 'Object Repository/Stockbit/Home_LowPrice' is: '197'

2024-01-22 18:41:16 - [MESSAGE][PASSED] - Text of object 'Object Repository/Stockbit/Home_LowPrice' is: '197'

2024-01-22 18:41:16 - [TEST_STEP][PASSED] - strLowPrice = strLowPrice.replace(",", ""): null

2024-01-22 18:41:16 - [TEST_STEP][PASSED] - strHighPrice = getText(findTestObject("Stockbit/Home_HighPrice")): Text of object 'Object Repository/Stockbit/Home_HighPrice' is: '230'

2024-01-22 18:41:16 - [MESSAGE][PASSED] - Text of object 'Object Repository/Stockbit/Home_HighPrice' is: '230'

2024-01-22 18:41:16 - [TEST_STEP][PASSED] - strHighPrice = strHighPrice.replace(",", ""): null

2024-01-22 18:41:16 - [TEST_STEP][PASSED] - strClosePrice = getText(findTestObject("Stockbit/Home_ClosePrice")): Text of object 'Object Repository/Stockbit/Home_ClosePrice' is: '198'

2024-01-22 18:41:16 - [MESSAGE][PASSED] - Text of object 'Object Repository/Stockbit/Home_ClosePrice' is: '198'

2024-01-22 18:41:16 - [TEST_STEP][PASSED] - strClosePrice = strClosePrice.replace(",", ""): null

2024-01-22 18:41:16 - [TEST_STEP][PASSED] - strVol = getText(findTestObject("Stockbit/Home_Volume")): Text of object 'Object Repository/Stockbit/Home_Volume' is: '7 K'

2024-01-22 18:41:16 - [MESSAGE][PASSED] - Text of object 'Object Repository/Stockbit/Home_Volume' is: '7 K'

2024-01-22 18:41:16 - [TEST_STEP][PASSED] - if (strVol.contains(" K")): null

2024-01-22 18:41:16 - [TEST_STEP][PASSED] - strVol = strVol.replace(" K", "000"): null

2024-01-22 18:41:16 - [TEST_STEP][PASSED] - if (strVol.contains(",")): null

2024-01-22 18:41:16 - [TEST_STEP][PASSED] - strChange = getText(findTestObject("Stockbit/Home_Change")): Text of object 'Object Repository/Stockbit/Home_Change' is: '-0.50%'

2024-01-22 18:41:17 - [MESSAGE][PASSED] - Text of object 'Object Repository/Stockbit/Home_Change' is: '-0.50%'

2024-01-22 18:41:17 - [TEST_STEP][PASSED] - strChange = strChange.replace("%", ""): null

2024-01-22 18:41:17 - [TEST_STEP][PASSED] - strFreq = getText(findTestObject("Stockbit/Home_Freq")): Text of object 'Object Repository/Stockbit/Home_Freq' is: '470'

2024-01-22 18:41:17 - [MESSAGE][PASSED] - Text of object 'Object Repository/Stockbit/Home_Freq' is: '470'

2024-01-22 18:41:17 - [TEST_STEP][PASSED] - if (strFreq.contains(",")): null

2024-01-22 18:41:17 - [TEST_STEP][PASSED] - if (strFreq == "NA" || strFreq == ""): null

2024-01-22 18:41:17 - [TEST_STEP][PASSED] - else: null

2024-01-22 18:41:17 - [TEST_STEP][PASSED] - dblFreqAnal = strVol.toDouble() / strFreq.toDouble() * strFreq.toDouble() * strFreq.toDouble() * 100000000: null

2024-01-22 18:41:17 - [TEST_STEP][PASSED] - strFreqAnal = String.format("%.4f", dblFreqAnal): null

2024-01-22 18:41:17 - [TEST_STEP][PASSED] - out.println("Double strFreqAnal: " + strFreqAnal): null

2024-01-22 18:41:17 - [TEST_STEP][PASSED] - strTanggal = d.format(DateTimeFormatter.ofPattern("yyyy-MM-dd")): null

2024-01-22 18:41:17 - [TEST_STEP][PASSED] - strTanggal = "#" + strTanggal + "#": null

2024-01-22 18:41:17 - [TEST_STEP][PASSED] - strSQL = "select count(*) as JumBaris from TblBrokSum where Nama = '" + strNama + "' and Tanggal = " + strTanggal + "": null

2024-01-22 18:41:17 - [TEST_STEP][PASSED] - resultSet = statement.executeQuery(strSQL): null

2024-01-22 18:41:17 - [TEST_STEP][PASSED] - resultSet.next(): null

2024-01-22 18:41:17 - [TEST_STEP][PASSED] - intJumBaris = resultSet.getInt("JumBaris"): null

2024-01-22 18:41:17 - [TEST_STEP][PASSED] - if (intJumBaris > 0): null

2024-01-22 18:41:17 - [TEST_STEP][PASSED] - else: null

2024-01-22 18:41:17 - [TEST_STEP][PASSED] - try: null

2024-01-22 18:41:17 - [TEST_STEP][PASSED] - out.println("Insert data"): null

2024-01-22 18:41:17 - [TEST_STEP][PASSED] - strSQL = "insert into TblBrokSum (nama, tanggal, top1, top2, top3, AllBrokAvg, AccDist, AvgRP, " + "Buyer1, BuyerVal1, BuyerAvg1, Seller1, SellerVal1, SellerAvg1, Buyer2, BuyerVal2, BuyerAvg2, " + "Seller2, SellerVal2, SellerAvg2, Buyer3, BuyerVal3, BuyerAvg3, Seller3, SellerVal3, SellerAvg3, NetVol, NetVal, " + "OpenPrice, LowPrice, HighPrice, ClosePrice, Volume, Change, Frekuensi, FrekAnal) " + "values ('" + strNama + "', " + strTanggal + ", '" + strTop1 + "', '" + strTop3 + "', '" + strTop5 + "', " + "'" + strAllBrokAvg + "', '" + strAccDist + "', " + intAvgRP + ", '" + strBuyer1 + "', '" + strBuyerVol1 + "', " + strBuyerAvg1 + ", " + "'" + strSeller1 + "', '" + strSellerVol1 + "', " + strSellerAvg1 + ", '" + strBuyer2 + "', '" + strBuyerVol2 + "', " + strBuyerAvg2 + ", " + "'" + strSeller2 + "', '" + strSellerVol2 + "', " + strSellerAvg2 + ", '" + strBuyer3 + "', '" + strBuyerVol3 + "', " + strBuyerAvg3 + ", " + "'" + strSeller3 + "', '" + strSellerVol3 + "', " + strSellerAvg3 + ", " + strNetVol + ", '" + strNetVal + "', " + "" + strOpenPrice + ", " + strLowPrice + ", " + strHighPrice + ", " + strClosePrice + ", '" + strVol + "', " + strChange + ", " + strFreq + ", " + strFreqAnal + ");": null

2024-01-22 18:41:17 - [TEST_STEP][PASSED] - out.println("strSQL = " + strSQL): null

2024-01-22 18:41:17 - [TEST_STEP][PASSED] - statement.executeUpdate(strSQL): null

2024-01-22 18:41:17 - [TEST_STEP][PASSED] - setValueToCellByIndex(sheet01, rowIndex, 4, "DONE"): null

2024-01-22 18:41:17 - [TEST_STEP][PASSED] - saveWorkbook(excelFilePath, workbook01): null

2024-01-22 18:41:17 - [TEST_STEP][PASSED] - waitForElementClickable(findTestObject("Stockbit/menu_Bandarmology"), 10): Object 'Object Repository/Stockbit/menu_Bandarmology' is clickable

2024-01-22 18:41:17 - [MESSAGE][PASSED] - Object 'Object Repository/Stockbit/menu_Bandarmology' is clickable

2024-01-22 18:41:17 - [TEST_STEP][PASSED] - click(findTestObject("Stockbit/menu_Bandarmology")): Object: 'Object Repository/Stockbit/menu_Bandarmology' is clicked on

2024-01-22 18:41:17 - [MESSAGE][PASSED] - Object: 'Object Repository/Stockbit/menu_Bandarmology' is clicked on

2024-01-22 18:41:17 - [TEST_STEP][PASSED] - strTemp = "NA": null

2024-01-22 18:41:17 - [TEST_STEP][PASSED] - if (getCellValueByIndex(sheet01, rowIndex, 4) != "DONE"): Object: 'Object Repository/Stockbit/menu_Bandarmology' is clicked on

2024-01-22 18:41:17 - [TEST_STEP][PASSED] - strNama = getCellValueByIndex(sheet01, rowIndex, 0): null

2024-01-22 18:41:17 - [TEST_STEP][PASSED] - navigateToUrl("https://stockbit.com/#/symbol/" + strNama): Navigate to 'https://stockbit.com/#/symbol/DEWI' successfully

2024-01-22 18:41:19 - [MESSAGE][PASSED] - Navigate to 'https://stockbit.com/#/symbol/DEWI' successfully

2024-01-22 18:41:19 - [TEST_STEP][PASSED] - waitForElementClickable(findTestObject("Stockbit/menu_Bandarmology"), 10): Object 'Object Repository/Stockbit/menu_Bandarmology' is clickable

2024-01-22 18:41:19 - [MESSAGE][PASSED] - Object 'Object Repository/Stockbit/menu_Bandarmology' is clickable

2024-01-22 18:41:19 - [TEST_STEP][PASSED] - click(findTestObject("Stockbit/menu_Bandarmology")): Object: 'Object Repository/Stockbit/menu_Bandarmology' is clicked on

2024-01-22 18:41:20 - [MESSAGE][PASSED] - Object: 'Object Repository/Stockbit/menu_Bandarmology' is clicked on

2024-01-22 18:41:20 - [TEST_STEP][PASSED] - strTanggal = d.format(DateTimeFormatter.ofPattern("MMM dd, yyyy")): null

2024-01-22 18:41:20 - [TEST_STEP][PASSED] - strTanggal = d.format(ISO_DATE): null

2024-01-22 18:41:20 - [TEST_STEP][PASSED] - out.println("strTanggal = " + strTanggal): null

2024-01-22 18:41:20 - [TEST_STEP][PASSED] - out.println("strNama = " + strNama): null

2024-01-22 18:41:20 - [TEST_STEP][PASSED] - out.println("Baris ke = " + rowIndex): null

2024-01-22 18:41:20 - [TEST_STEP][PASSED] - click(findTestObject("Stockbit/input__BandarmologyOpenStartDate")): Object: 'Object Repository/Stockbit/input__BandarmologyOpenStartDate' is clicked on

2024-01-22 18:41:21 - [MESSAGE][PASSED] - Object: 'Object Repository/Stockbit/input__BandarmologyOpenStartDate' is clicked on

2024-01-22 18:41:21 - [TEST_STEP][PASSED] - sendKeys(findTestObject("Stockbit/input__BandarmologyOpenStartDate"), Keys.chord(CONTROL, "a")): Keys 'CONTROL + a' sent to object: 'Object Repository/Stockbit/input__BandarmologyOpenStartDate'

2024-01-22 18:41:22 - [MESSAGE][PASSED] - Keys 'CONTROL + a' sent to object: 'Object Repository/Stockbit/input__BandarmologyOpenStartDate'

2024-01-22 18:41:22 - [TEST_STEP][PASSED] - sendKeys(findTestObject("Stockbit/input__BandarmologyOpenStartDate"), Keys.chord(BACK_SPACE)): Keys 'BACK_SPACE + ' sent to object: 'Object Repository/Stockbit/input__BandarmologyOpenStartDate'

2024-01-22 18:41:22 - [MESSAGE][PASSED] - Keys 'BACK_SPACE + ' sent to object: 'Object Repository/Stockbit/input__BandarmologyOpenStartDate'

2024-01-22 18:41:22 - [TEST_STEP][PASSED] - setText(findTestObject("Stockbit/input__BandarmologyOpenStartDate"), strTanggal): Text '2024-01-22' is set on object 'Object Repository/Stockbit/input__BandarmologyOpenStartDate'

2024-01-22 18:41:23 - [MESSAGE][PASSED] - Text '2024-01-22' is set on object 'Object Repository/Stockbit/input__BandarmologyOpenStartDate'

2024-01-22 18:41:23 - [TEST_STEP][PASSED] - sendKeys(findTestObject("Stockbit/input__BandarmologyOpenStartDate"), Keys.chord(ENTER)): Keys 'ENTER + ' sent to object: 'Object Repository/Stockbit/input__BandarmologyOpenStartDate'

2024-01-22 18:41:23 - [MESSAGE][PASSED] - Keys 'ENTER + ' sent to object: 'Object Repository/Stockbit/input__BandarmologyOpenStartDate'

2024-01-22 18:41:23 - [TEST_STEP][PASSED] - click(findTestObject("Stockbit/input__BandarmologyOpenEndDate")): Object: 'Object Repository/Stockbit/input__BandarmologyOpenEndDate' is clicked on

2024-01-22 18:41:24 - [MESSAGE][PASSED] - Object: 'Object Repository/Stockbit/input__BandarmologyOpenEndDate' is clicked on

2024-01-22 18:41:24 - [TEST_STEP][PASSED] - sendKeys(findTestObject("Stockbit/input__BandarmologyOpenEndDate"), Keys.chord(CONTROL, "a")): Keys 'CONTROL + a' sent to object: 'Object Repository/Stockbit/input__BandarmologyOpenEndDate'

2024-01-22 18:41:24 - [MESSAGE][PASSED] - Keys 'CONTROL + a' sent to object: 'Object Repository/Stockbit/input__BandarmologyOpenEndDate'

2024-01-22 18:41:24 - [TEST_STEP][PASSED] - sendKeys(findTestObject("Stockbit/input__BandarmologyOpenEndDate"), Keys.chord(BACK_SPACE)): Keys 'BACK_SPACE + ' sent to object: 'Object Repository/Stockbit/input__BandarmologyOpenEndDate'

2024-01-22 18:41:25 - [MESSAGE][PASSED] - Keys 'BACK_SPACE + ' sent to object: 'Object Repository/Stockbit/input__BandarmologyOpenEndDate'

2024-01-22 18:41:25 - [TEST_STEP][PASSED] - setText(findTestObject("Stockbit/input__BandarmologyOpenEndDate"), strTanggal): Text '2024-01-22' is set on object 'Object Repository/Stockbit/input__BandarmologyOpenEndDate'

2024-01-22 18:41:25 - [MESSAGE][PASSED] - Text '2024-01-22' is set on object 'Object Repository/Stockbit/input__BandarmologyOpenEndDate'

2024-01-22 18:41:25 - [TEST_STEP][PASSED] - sendKeys(findTestObject("Stockbit/input__BandarmologyOpenEndDate"), Keys.chord(ENTER)): Keys 'ENTER + ' sent to object: 'Object Repository/Stockbit/input__BandarmologyOpenEndDate'

2024-01-22 18:41:26 - [MESSAGE][PASSED] - Keys 'ENTER + ' sent to object: 'Object Repository/Stockbit/input__BandarmologyOpenEndDate'

2024-01-22 18:41:26 - [TEST_STEP][PASSED] - delay(2): Delayed 2 second(s)

2024-01-22 18:41:28 - [MESSAGE][PASSED] - Delayed 2 second(s)

2024-01-22 18:41:28 - [TEST_STEP][PASSED] - strTemp = getText(findTestObject("Stockbit/Bandarmology_AvgRP")): Text of object 'Object Repository/Stockbit/Bandarmology_AvgRP' is: '59'

2024-01-22 18:41:28 - [MESSAGE][PASSED] - Text of object 'Object Repository/Stockbit/Bandarmology_AvgRP' is: '59'

2024-01-22 18:41:28 - [TEST_STEP][PASSED] - out.println("Bandarmology_AvgRP = " + strTemp): null

2024-01-22 18:41:28 - [TEST_STEP][PASSED] - if (strTemp != "0"): null

2024-01-22 18:41:28 - [TEST_STEP][PASSED] - strTop1 = getText(findTestObject("Stockbit/Bandarmology_Top1")): Text of object 'Object Repository/Stockbit/Bandarmology_Top1' is: 'Small Acc'

2024-01-22 18:41:28 - [MESSAGE][PASSED] - Text of object 'Object Repository/Stockbit/Bandarmology_Top1' is: 'Small Acc'

2024-01-22 18:41:28 - [TEST_STEP][PASSED] - strTop3 = getText(findTestObject("Stockbit/Bandarmology_Top3")): Text of object 'Object Repository/Stockbit/Bandarmology_Top3' is: 'Small Acc'

2024-01-22 18:41:28 - [MESSAGE][PASSED] - Text of object 'Object Repository/Stockbit/Bandarmology_Top3' is: 'Small Acc'

2024-01-22 18:41:28 - [TEST_STEP][PASSED] - strTop5 = getText(findTestObject("Stockbit/Bandarmology_Top5")): Text of object 'Object Repository/Stockbit/Bandarmology_Top5' is: 'Neutral'

2024-01-22 18:41:28 - [MESSAGE][PASSED] - Text of object 'Object Repository/Stockbit/Bandarmology_Top5' is: 'Neutral'

2024-01-22 18:41:28 - [TEST_STEP][PASSED] - strAllBrokAvg = getText(findTestObject("Stockbit/Bandarmology_TopAVG")): Text of object 'Object Repository/Stockbit/Bandarmology_TopAVG' is: 'Small Acc'

2024-01-22 18:41:28 - [MESSAGE][PASSED] - Text of object 'Object Repository/Stockbit/Bandarmology_TopAVG' is: 'Small Acc'

2024-01-22 18:41:28 - [TEST_STEP][PASSED] - strTemp = getText(findTestObject("Stockbit/Bandarmology_AvgRP")): Text of object 'Object Repository/Stockbit/Bandarmology_AvgRP' is: '59'

2024-01-22 18:41:28 - [MESSAGE][PASSED] - Text of object 'Object Repository/Stockbit/Bandarmology_AvgRP' is: '59'

2024-01-22 18:41:28 - [TEST_STEP][PASSED] - if (strTemp.contains(",")): null

2024-01-22 18:41:28 - [TEST_STEP][PASSED] - intAvgRP = strTemp.toInteger(): null

2024-01-22 18:41:28 - [TEST_STEP][PASSED] - strBuyer1 = getText(findTestObject("Stockbit/Bandarmology_Buyer1")): Text of object 'Object Repository/Stockbit/Bandarmology_Buyer1' is: 'CP'

2024-01-22 18:41:29 - [MESSAGE][PASSED] - Text of object 'Object Repository/Stockbit/Bandarmology_Buyer1' is: 'CP'

2024-01-22 18:41:29 - [TEST_STEP][PASSED] - strBuyerVol1 = getText(findTestObject("Stockbit/Bandarmology_BuyerVol1")): Text of object 'Object Repository/Stockbit/Bandarmology_BuyerVol1' is: '4.2 K'

2024-01-22 18:41:29 - [MESSAGE][PASSED] - Text of object 'Object Repository/Stockbit/Bandarmology_BuyerVol1' is: '4.2 K'

2024-01-22 18:41:29 - [TEST_STEP][PASSED] - strBuyerAvg1 = getText(findTestObject("Stockbit/Bandarmology_BuyerAvg1")): Text of object 'Object Repository/Stockbit/Bandarmology_BuyerAvg1' is: '59'

2024-01-22 18:41:29 - [MESSAGE][PASSED] - Text of object 'Object Repository/Stockbit/Bandarmology_BuyerAvg1' is: '59'

2024-01-22 18:41:29 - [TEST_STEP][PASSED] - if (strBuyerAvg1.contains(",")): null

2024-01-22 18:41:29 - [TEST_STEP][PASSED] - if (strBuyerVol1.contains(" B")): null

2024-01-22 18:41:29 - [TEST_STEP][PASSED] - else if (strBuyerVol1.contains(" M")): null

2024-01-22 18:41:29 - [TEST_STEP][PASSED] - else if (strBuyerVol1.contains(" K")): null

2024-01-22 18:41:29 - [TEST_STEP][PASSED] - strBuyerVol1 = strBuyerVol1.replace(" K", ""): null

2024-01-22 18:41:29 - [TEST_STEP][PASSED] - strBuyerVol1 = strBuyerVol1.toDouble() * 1000: null

2024-01-22 18:41:29 - [TEST_STEP][PASSED] - strSeller1 = getText(findTestObject("Stockbit/Bandarmology_Seller1")): Text of object 'Object Repository/Stockbit/Bandarmology_Seller1' is: 'MG'

2024-01-22 18:41:29 - [MESSAGE][PASSED] - Text of object 'Object Repository/Stockbit/Bandarmology_Seller1' is: 'MG'

2024-01-22 18:41:29 - [TEST_STEP][PASSED] - strSellerVol1 = getText(findTestObject("Stockbit/Bandarmology_SellerVol1")): Text of object 'Object Repository/Stockbit/Bandarmology_SellerVol1' is: '3.3 K'

2024-01-22 18:41:29 - [MESSAGE][PASSED] - Text of object 'Object Repository/Stockbit/Bandarmology_SellerVol1' is: '3.3 K'

2024-01-22 18:41:29 - [TEST_STEP][PASSED] - strSellerAvg1 = getText(findTestObject("Stockbit/Bandarmology_SellerAvg1")): Text of object 'Object Repository/Stockbit/Bandarmology_SellerAvg1' is: '59'

2024-01-22 18:41:29 - [MESSAGE][PASSED] - Text of object 'Object Repository/Stockbit/Bandarmology_SellerAvg1' is: '59'

2024-01-22 18:41:29 - [TEST_STEP][PASSED] - if (strSellerAvg1.contains(",")): null

2024-01-22 18:41:29 - [TEST_STEP][PASSED] - if (strSellerVol1.contains(" B")): null

2024-01-22 18:41:29 - [TEST_STEP][PASSED] - else if (strSellerVol1.contains(" M")): null

2024-01-22 18:41:29 - [TEST_STEP][PASSED] - else if (strSellerVol1.contains(" K")): null

2024-01-22 18:41:29 - [TEST_STEP][PASSED] - strSellerVol1 = strSellerVol1.replace(" K", ""): null

2024-01-22 18:41:29 - [TEST_STEP][PASSED] - strSellerVol1 = strSellerVol1.toDouble() * 1000: null

2024-01-22 18:41:29 - [TEST_STEP][PASSED] - if (verifyElementNotPresent(findTestObject("Stockbit/Bandarmology_Buyer2"), 1, OPTIONAL)): Web element with id: 'Object Repository/Stockbit/Bandarmology_Buyer2' located by 'By.xpath: //*[contains(@id, 'rc-tabs-')]/div[2]/div/div/div/div/div/div[2]/table/tbody/tr[3]/td[1]/p' is present after '1' second(s) (Root cause: com.kms.katalon.core.exception.StepFailedException: Web element with id: 'Object Repository/Stockbit/Bandarmology_Buyer2' located by 'By.xpath: //*[contains(@id, 'rc-tabs-')]/div[2]/div/div/div/div/div/div[2]/table/tbody/tr[3]/td[1]/p' is present after '1' second(s)
	at com.kms.katalon.core.webui.keyword.internal.WebUIKeywordMain.stepFailed(WebUIKeywordMain.groovy:64)
	at com.kms.katalon.core.webui.keyword.internal.WebUIKeywordMain$stepFailed$0.call(Unknown Source)
	at com.kms.katalon.core.webui.keyword.builtin.VerifyElementNotPresentKeyword$_verifyElementNotPresent_closure1.doCall(VerifyElementNotPresentKeyword.groovy:106)
	at com.kms.katalon.core.webui.keyword.builtin.VerifyElementNotPresentKeyword$_verifyElementNotPresent_closure1.doCall(VerifyElementNotPresentKeyword.groovy)
	at com.kms.katalon.core.webui.keyword.internal.WebUIKeywordMain.runKeyword(WebUIKeywordMain.groovy:20)
	at com.kms.katalon.core.webui.keyword.internal.WebUIKeywordMain$runKeyword.call(Unknown Source)
	at com.kms.katalon.core.webui.keyword.builtin.VerifyElementNotPresentKeyword.verifyElementNotPresent(VerifyElementNotPresentKeyword.groovy:117)
	at com.kms.katalon.core.webui.keyword.builtin.VerifyElementNotPresentKeyword.execute(VerifyElementNotPresentKeyword.groovy:68)
	at com.kms.katalon.core.keyword.internal.KeywordExecutor.executeKeywordForPlatform(KeywordExecutor.groovy:74)
	at com.kms.katalon.core.webui.keyword.WebUiBuiltInKeywords.verifyElementNotPresent(WebUiBuiltInKeywords.groovy:1481)
	at com.kms.katalon.core.webui.keyword.WebUiBuiltInKeywords$verifyElementNotPresent$8.call(Unknown Source)
	at GetBrokSumPriceDaily.run(GetBrokSumPriceDaily:258)
	at com.kms.katalon.core.main.ScriptEngine.run(ScriptEngine.java:194)
	at com.kms.katalon.core.main.ScriptEngine.runScriptAsRawText(ScriptEngine.java:119)
	at com.kms.katalon.core.main.TestCaseExecutor.runScript(TestCaseExecutor.java:445)
	at com.kms.katalon.core.main.TestCaseExecutor.doExecute(TestCaseExecutor.java:436)
	at com.kms.katalon.core.main.TestCaseExecutor.processExecutionPhase(TestCaseExecutor.java:415)
	at com.kms.katalon.core.main.TestCaseExecutor.accessMainPhase(TestCaseExecutor.java:407)
	at com.kms.katalon.core.main.TestCaseExecutor.execute(TestCaseExecutor.java:284)
	at com.kms.katalon.core.common.CommonExecutor.accessTestCaseMainPhase(CommonExecutor.java:65)
	at com.kms.katalon.core.main.TestSuiteExecutor.accessTestSuiteMainPhase(TestSuiteExecutor.java:144)
	at com.kms.katalon.core.main.TestSuiteExecutor.execute(TestSuiteExecutor.java:106)
	at com.kms.katalon.core.main.TestCaseMain.startTestSuite(TestCaseMain.java:185)
	at com.kms.katalon.core.main.TestCaseMain$startTestSuite$0.call(Unknown Source)
	at TempTestSuite1705923140048.run(TempTestSuite1705923140048.groovy:36)
)

2024-01-22 18:41:31 - [MESSAGE][WARNING] - Web element with id: 'Object Repository/Stockbit/Bandarmology_Buyer2' located by 'By.xpath: //*[contains(@id, 'rc-tabs-')]/div[2]/div/div/div/div/div/div[2]/table/tbody/tr[3]/td[1]/p' is present after '1' second(s) (Root cause: com.kms.katalon.core.exception.StepFailedException: Web element with id: 'Object Repository/Stockbit/Bandarmology_Buyer2' located by 'By.xpath: //*[contains(@id, 'rc-tabs-')]/div[2]/div/div/div/div/div/div[2]/table/tbody/tr[3]/td[1]/p' is present after '1' second(s)
	at com.kms.katalon.core.webui.keyword.internal.WebUIKeywordMain.stepFailed(WebUIKeywordMain.groovy:64)
	at com.kms.katalon.core.webui.keyword.internal.WebUIKeywordMain$stepFailed$0.call(Unknown Source)
	at com.kms.katalon.core.webui.keyword.builtin.VerifyElementNotPresentKeyword$_verifyElementNotPresent_closure1.doCall(VerifyElementNotPresentKeyword.groovy:106)
	at com.kms.katalon.core.webui.keyword.builtin.VerifyElementNotPresentKeyword$_verifyElementNotPresent_closure1.doCall(VerifyElementNotPresentKeyword.groovy)
	at com.kms.katalon.core.webui.keyword.internal.WebUIKeywordMain.runKeyword(WebUIKeywordMain.groovy:20)
	at com.kms.katalon.core.webui.keyword.internal.WebUIKeywordMain$runKeyword.call(Unknown Source)
	at com.kms.katalon.core.webui.keyword.builtin.VerifyElementNotPresentKeyword.verifyElementNotPresent(VerifyElementNotPresentKeyword.groovy:117)
	at com.kms.katalon.core.webui.keyword.builtin.VerifyElementNotPresentKeyword.execute(VerifyElementNotPresentKeyword.groovy:68)
	at com.kms.katalon.core.keyword.internal.KeywordExecutor.executeKeywordForPlatform(KeywordExecutor.groovy:74)
	at com.kms.katalon.core.webui.keyword.WebUiBuiltInKeywords.verifyElementNotPresent(WebUiBuiltInKeywords.groovy:1481)
	at com.kms.katalon.core.webui.keyword.WebUiBuiltInKeywords$verifyElementNotPresent$8.call(Unknown Source)
	at GetBrokSumPriceDaily.run(GetBrokSumPriceDaily:258)
	at com.kms.katalon.core.main.ScriptEngine.run(ScriptEngine.java:194)
	at com.kms.katalon.core.main.ScriptEngine.runScriptAsRawText(ScriptEngine.java:119)
	at com.kms.katalon.core.main.TestCaseExecutor.runScript(TestCaseExecutor.java:445)
	at com.kms.katalon.core.main.TestCaseExecutor.doExecute(TestCaseExecutor.java:436)
	at com.kms.katalon.core.main.TestCaseExecutor.processExecutionPhase(TestCaseExecutor.java:415)
	at com.kms.katalon.core.main.TestCaseExecutor.accessMainPhase(TestCaseExecutor.java:407)
	at com.kms.katalon.core.main.TestCaseExecutor.execute(TestCaseExecutor.java:284)
	at com.kms.katalon.core.common.CommonExecutor.accessTestCaseMainPhase(CommonExecutor.java:65)
	at com.kms.katalon.core.main.TestSuiteExecutor.accessTestSuiteMainPhase(TestSuiteExecutor.java:144)
	at com.kms.katalon.core.main.TestSuiteExecutor.execute(TestSuiteExecutor.java:106)
	at com.kms.katalon.core.main.TestCaseMain.startTestSuite(TestCaseMain.java:185)
	at com.kms.katalon.core.main.TestCaseMain$startTestSuite$0.call(Unknown Source)
	at TempTestSuite1705923140048.run(TempTestSuite1705923140048.groovy:36)
)
[[ATTACHMENT|C:\\Users\\Fadli\\git\\KatalonDailyGetData2\\Reports\\20240122_174123\\TS1\\20240122_183220\\1705923690851.png]]

2024-01-22 18:41:31 - [TEST_STEP][PASSED] - else: null

2024-01-22 18:41:31 - [TEST_STEP][PASSED] - strBuyer2 = getText(findTestObject("Stockbit/Bandarmology_Buyer2")): Text of object 'Object Repository/Stockbit/Bandarmology_Buyer2' is: 'XL'

2024-01-22 18:41:31 - [MESSAGE][PASSED] - Text of object 'Object Repository/Stockbit/Bandarmology_Buyer2' is: 'XL'

2024-01-22 18:41:31 - [TEST_STEP][PASSED] - strBuyerVol2 = getText(findTestObject("Stockbit/Bandarmology_BuyerVol2")): Text of object 'Object Repository/Stockbit/Bandarmology_BuyerVol2' is: '3.1 K'

2024-01-22 18:41:31 - [MESSAGE][PASSED] - Text of object 'Object Repository/Stockbit/Bandarmology_BuyerVol2' is: '3.1 K'

2024-01-22 18:41:31 - [TEST_STEP][PASSED] - strBuyerAvg2 = getText(findTestObject("Stockbit/Bandarmology_BuyerAvg2")): Text of object 'Object Repository/Stockbit/Bandarmology_BuyerAvg2' is: '59'

2024-01-22 18:41:31 - [MESSAGE][PASSED] - Text of object 'Object Repository/Stockbit/Bandarmology_BuyerAvg2' is: '59'

2024-01-22 18:41:31 - [TEST_STEP][PASSED] - if (strBuyer2 != ""): null

2024-01-22 18:41:31 - [TEST_STEP][PASSED] - if (strBuyerAvg2.contains(",")): null

2024-01-22 18:41:31 - [TEST_STEP][PASSED] - if (strBuyerVol2.contains(" B")): null

2024-01-22 18:41:31 - [TEST_STEP][PASSED] - else if (strBuyerVol2.contains(" M")): null

2024-01-22 18:41:31 - [TEST_STEP][PASSED] - else if (strBuyerVol2.contains(" K")): null

2024-01-22 18:41:31 - [TEST_STEP][PASSED] - strBuyerVol2 = strBuyerVol2.replace(" K", ""): null

2024-01-22 18:41:31 - [TEST_STEP][PASSED] - strBuyerVol2 = strBuyerVol2.toDouble() * 1000: null

2024-01-22 18:41:31 - [TEST_STEP][PASSED] - if (strBuyerVol2.contains(".")): null

2024-01-22 18:41:31 - [TEST_STEP][PASSED] - strBuyerVal2 = strBuyerVol2.replace(".", ""): null

2024-01-22 18:41:31 - [TEST_STEP][PASSED] - if (verifyElementNotPresent(findTestObject("Stockbit/Bandarmology_Seller2"), 1, OPTIONAL)): Web element with id: 'Object Repository/Stockbit/Bandarmology_Seller2' located by 'By.xpath: //*[contains(@id, 'rc-tabs-')]/div[2]/div/div/div/div/div/div[2]/table/tbody/tr[3]/td[5]/p' is present after '1' second(s) (Root cause: com.kms.katalon.core.exception.StepFailedException: Web element with id: 'Object Repository/Stockbit/Bandarmology_Seller2' located by 'By.xpath: //*[contains(@id, 'rc-tabs-')]/div[2]/div/div/div/div/div/div[2]/table/tbody/tr[3]/td[5]/p' is present after '1' second(s)
	at com.kms.katalon.core.webui.keyword.internal.WebUIKeywordMain.stepFailed(WebUIKeywordMain.groovy:64)
	at com.kms.katalon.core.webui.keyword.internal.WebUIKeywordMain$stepFailed$0.call(Unknown Source)
	at com.kms.katalon.core.webui.keyword.builtin.VerifyElementNotPresentKeyword$_verifyElementNotPresent_closure1.doCall(VerifyElementNotPresentKeyword.groovy:106)
	at com.kms.katalon.core.webui.keyword.builtin.VerifyElementNotPresentKeyword$_verifyElementNotPresent_closure1.doCall(VerifyElementNotPresentKeyword.groovy)
	at com.kms.katalon.core.webui.keyword.internal.WebUIKeywordMain.runKeyword(WebUIKeywordMain.groovy:20)
	at com.kms.katalon.core.webui.keyword.internal.WebUIKeywordMain$runKeyword.call(Unknown Source)
	at com.kms.katalon.core.webui.keyword.builtin.VerifyElementNotPresentKeyword.verifyElementNotPresent(VerifyElementNotPresentKeyword.groovy:117)
	at com.kms.katalon.core.webui.keyword.builtin.VerifyElementNotPresentKeyword.execute(VerifyElementNotPresentKeyword.groovy:68)
	at com.kms.katalon.core.keyword.internal.KeywordExecutor.executeKeywordForPlatform(KeywordExecutor.groovy:74)
	at com.kms.katalon.core.webui.keyword.WebUiBuiltInKeywords.verifyElementNotPresent(WebUiBuiltInKeywords.groovy:1481)
	at com.kms.katalon.core.webui.keyword.WebUiBuiltInKeywords$verifyElementNotPresent$8.call(Unknown Source)
	at GetBrokSumPriceDaily.run(GetBrokSumPriceDaily:309)
	at com.kms.katalon.core.main.ScriptEngine.run(ScriptEngine.java:194)
	at com.kms.katalon.core.main.ScriptEngine.runScriptAsRawText(ScriptEngine.java:119)
	at com.kms.katalon.core.main.TestCaseExecutor.runScript(TestCaseExecutor.java:445)
	at com.kms.katalon.core.main.TestCaseExecutor.doExecute(TestCaseExecutor.java:436)
	at com.kms.katalon.core.main.TestCaseExecutor.processExecutionPhase(TestCaseExecutor.java:415)
	at com.kms.katalon.core.main.TestCaseExecutor.accessMainPhase(TestCaseExecutor.java:407)
	at com.kms.katalon.core.main.TestCaseExecutor.execute(TestCaseExecutor.java:284)
	at com.kms.katalon.core.common.CommonExecutor.accessTestCaseMainPhase(CommonExecutor.java:65)
	at com.kms.katalon.core.main.TestSuiteExecutor.accessTestSuiteMainPhase(TestSuiteExecutor.java:144)
	at com.kms.katalon.core.main.TestSuiteExecutor.execute(TestSuiteExecutor.java:106)
	at com.kms.katalon.core.main.TestCaseMain.startTestSuite(TestCaseMain.java:185)
	at com.kms.katalon.core.main.TestCaseMain$startTestSuite$0.call(Unknown Source)
	at TempTestSuite1705923140048.run(TempTestSuite1705923140048.groovy:36)
)

2024-01-22 18:41:32 - [MESSAGE][WARNING] - Web element with id: 'Object Repository/Stockbit/Bandarmology_Seller2' located by 'By.xpath: //*[contains(@id, 'rc-tabs-')]/div[2]/div/div/div/div/div/div[2]/table/tbody/tr[3]/td[5]/p' is present after '1' second(s) (Root cause: com.kms.katalon.core.exception.StepFailedException: Web element with id: 'Object Repository/Stockbit/Bandarmology_Seller2' located by 'By.xpath: //*[contains(@id, 'rc-tabs-')]/div[2]/div/div/div/div/div/div[2]/table/tbody/tr[3]/td[5]/p' is present after '1' second(s)
	at com.kms.katalon.core.webui.keyword.internal.WebUIKeywordMain.stepFailed(WebUIKeywordMain.groovy:64)
	at com.kms.katalon.core.webui.keyword.internal.WebUIKeywordMain$stepFailed$0.call(Unknown Source)
	at com.kms.katalon.core.webui.keyword.builtin.VerifyElementNotPresentKeyword$_verifyElementNotPresent_closure1.doCall(VerifyElementNotPresentKeyword.groovy:106)
	at com.kms.katalon.core.webui.keyword.builtin.VerifyElementNotPresentKeyword$_verifyElementNotPresent_closure1.doCall(VerifyElementNotPresentKeyword.groovy)
	at com.kms.katalon.core.webui.keyword.internal.WebUIKeywordMain.runKeyword(WebUIKeywordMain.groovy:20)
	at com.kms.katalon.core.webui.keyword.internal.WebUIKeywordMain$runKeyword.call(Unknown Source)
	at com.kms.katalon.core.webui.keyword.builtin.VerifyElementNotPresentKeyword.verifyElementNotPresent(VerifyElementNotPresentKeyword.groovy:117)
	at com.kms.katalon.core.webui.keyword.builtin.VerifyElementNotPresentKeyword.execute(VerifyElementNotPresentKeyword.groovy:68)
	at com.kms.katalon.core.keyword.internal.KeywordExecutor.executeKeywordForPlatform(KeywordExecutor.groovy:74)
	at com.kms.katalon.core.webui.keyword.WebUiBuiltInKeywords.verifyElementNotPresent(WebUiBuiltInKeywords.groovy:1481)
	at com.kms.katalon.core.webui.keyword.WebUiBuiltInKeywords$verifyElementNotPresent$8.call(Unknown Source)
	at GetBrokSumPriceDaily.run(GetBrokSumPriceDaily:309)
	at com.kms.katalon.core.main.ScriptEngine.run(ScriptEngine.java:194)
	at com.kms.katalon.core.main.ScriptEngine.runScriptAsRawText(ScriptEngine.java:119)
	at com.kms.katalon.core.main.TestCaseExecutor.runScript(TestCaseExecutor.java:445)
	at com.kms.katalon.core.main.TestCaseExecutor.doExecute(TestCaseExecutor.java:436)
	at com.kms.katalon.core.main.TestCaseExecutor.processExecutionPhase(TestCaseExecutor.java:415)
	at com.kms.katalon.core.main.TestCaseExecutor.accessMainPhase(TestCaseExecutor.java:407)
	at com.kms.katalon.core.main.TestCaseExecutor.execute(TestCaseExecutor.java:284)
	at com.kms.katalon.core.common.CommonExecutor.accessTestCaseMainPhase(CommonExecutor.java:65)
	at com.kms.katalon.core.main.TestSuiteExecutor.accessTestSuiteMainPhase(TestSuiteExecutor.java:144)
	at com.kms.katalon.core.main.TestSuiteExecutor.execute(TestSuiteExecutor.java:106)
	at com.kms.katalon.core.main.TestCaseMain.startTestSuite(TestCaseMain.java:185)
	at com.kms.katalon.core.main.TestCaseMain$startTestSuite$0.call(Unknown Source)
	at TempTestSuite1705923140048.run(TempTestSuite1705923140048.groovy:36)
)
[[ATTACHMENT|C:\\Users\\Fadli\\git\\KatalonDailyGetData2\\Reports\\20240122_174123\\TS1\\20240122_183220\\1705923692558.png]]

2024-01-22 18:41:32 - [TEST_STEP][PASSED] - else: null

2024-01-22 18:41:32 - [TEST_STEP][PASSED] - strSeller2 = getText(findTestObject("Stockbit/Bandarmology_Seller2")): Text of object 'Object Repository/Stockbit/Bandarmology_Seller2' is: 'CC'

2024-01-22 18:41:32 - [MESSAGE][PASSED] - Text of object 'Object Repository/Stockbit/Bandarmology_Seller2' is: 'CC'

2024-01-22 18:41:32 - [TEST_STEP][PASSED] - strSellerVol2 = getText(findTestObject("Stockbit/Bandarmology_SellerVol2")): Text of object 'Object Repository/Stockbit/Bandarmology_SellerVol2' is: '2.4 K'

2024-01-22 18:41:33 - [MESSAGE][PASSED] - Text of object 'Object Repository/Stockbit/Bandarmology_SellerVol2' is: '2.4 K'

2024-01-22 18:41:33 - [TEST_STEP][PASSED] - strSellerAvg2 = getText(findTestObject("Stockbit/Bandarmology_SellerAvg2")): Text of object 'Object Repository/Stockbit/Bandarmology_SellerAvg2' is: '59'

2024-01-22 18:41:33 - [MESSAGE][PASSED] - Text of object 'Object Repository/Stockbit/Bandarmology_SellerAvg2' is: '59'

2024-01-22 18:41:33 - [TEST_STEP][PASSED] - if (strSeller2 != ""): null

2024-01-22 18:41:33 - [TEST_STEP][PASSED] - if (strSellerAvg2.contains(",")): null

2024-01-22 18:41:33 - [TEST_STEP][PASSED] - if (strSellerVol2.contains(" B")): null

2024-01-22 18:41:33 - [TEST_STEP][PASSED] - else if (strSellerVol2.contains(" M")): null

2024-01-22 18:41:33 - [TEST_STEP][PASSED] - else if (strSellerVol2.contains(" K")): null

2024-01-22 18:41:33 - [TEST_STEP][PASSED] - strSellerVol2 = strSellerVol2.replace(" K", ""): null

2024-01-22 18:41:33 - [TEST_STEP][PASSED] - strSellerVol2 = strSellerVol2.toDouble() * 1000: null

2024-01-22 18:41:33 - [TEST_STEP][PASSED] - if (verifyElementNotPresent(findTestObject("Stockbit/Bandarmology_Buyer3"), 1, OPTIONAL)): Web element with id: 'Object Repository/Stockbit/Bandarmology_Buyer3' located by 'By.xpath: //*[contains(@id, 'rc-tabs-')]/div[2]/div/div/div/div/div/div[2]/table/tbody/tr[4]/td[1]/p' is present after '1' second(s) (Root cause: com.kms.katalon.core.exception.StepFailedException: Web element with id: 'Object Repository/Stockbit/Bandarmology_Buyer3' located by 'By.xpath: //*[contains(@id, 'rc-tabs-')]/div[2]/div/div/div/div/div/div[2]/table/tbody/tr[4]/td[1]/p' is present after '1' second(s)
	at com.kms.katalon.core.webui.keyword.internal.WebUIKeywordMain.stepFailed(WebUIKeywordMain.groovy:64)
	at com.kms.katalon.core.webui.keyword.internal.WebUIKeywordMain$stepFailed$0.call(Unknown Source)
	at com.kms.katalon.core.webui.keyword.builtin.VerifyElementNotPresentKeyword$_verifyElementNotPresent_closure1.doCall(VerifyElementNotPresentKeyword.groovy:106)
	at com.kms.katalon.core.webui.keyword.builtin.VerifyElementNotPresentKeyword$_verifyElementNotPresent_closure1.doCall(VerifyElementNotPresentKeyword.groovy)
	at com.kms.katalon.core.webui.keyword.internal.WebUIKeywordMain.runKeyword(WebUIKeywordMain.groovy:20)
	at com.kms.katalon.core.webui.keyword.internal.WebUIKeywordMain$runKeyword.call(Unknown Source)
	at com.kms.katalon.core.webui.keyword.builtin.VerifyElementNotPresentKeyword.verifyElementNotPresent(VerifyElementNotPresentKeyword.groovy:117)
	at com.kms.katalon.core.webui.keyword.builtin.VerifyElementNotPresentKeyword.execute(VerifyElementNotPresentKeyword.groovy:68)
	at com.kms.katalon.core.keyword.internal.KeywordExecutor.executeKeywordForPlatform(KeywordExecutor.groovy:74)
	at com.kms.katalon.core.webui.keyword.WebUiBuiltInKeywords.verifyElementNotPresent(WebUiBuiltInKeywords.groovy:1481)
	at com.kms.katalon.core.webui.keyword.WebUiBuiltInKeywords$verifyElementNotPresent$8.call(Unknown Source)
	at GetBrokSumPriceDaily.run(GetBrokSumPriceDaily:361)
	at com.kms.katalon.core.main.ScriptEngine.run(ScriptEngine.java:194)
	at com.kms.katalon.core.main.ScriptEngine.runScriptAsRawText(ScriptEngine.java:119)
	at com.kms.katalon.core.main.TestCaseExecutor.runScript(TestCaseExecutor.java:445)
	at com.kms.katalon.core.main.TestCaseExecutor.doExecute(TestCaseExecutor.java:436)
	at com.kms.katalon.core.main.TestCaseExecutor.processExecutionPhase(TestCaseExecutor.java:415)
	at com.kms.katalon.core.main.TestCaseExecutor.accessMainPhase(TestCaseExecutor.java:407)
	at com.kms.katalon.core.main.TestCaseExecutor.execute(TestCaseExecutor.java:284)
	at com.kms.katalon.core.common.CommonExecutor.accessTestCaseMainPhase(CommonExecutor.java:65)
	at com.kms.katalon.core.main.TestSuiteExecutor.accessTestSuiteMainPhase(TestSuiteExecutor.java:144)
	at com.kms.katalon.core.main.TestSuiteExecutor.execute(TestSuiteExecutor.java:106)
	at com.kms.katalon.core.main.TestCaseMain.startTestSuite(TestCaseMain.java:185)
	at com.kms.katalon.core.main.TestCaseMain$startTestSuite$0.call(Unknown Source)
	at TempTestSuite1705923140048.run(TempTestSuite1705923140048.groovy:36)
)

2024-01-22 18:41:34 - [MESSAGE][WARNING] - Web element with id: 'Object Repository/Stockbit/Bandarmology_Buyer3' located by 'By.xpath: //*[contains(@id, 'rc-tabs-')]/div[2]/div/div/div/div/div/div[2]/table/tbody/tr[4]/td[1]/p' is present after '1' second(s) (Root cause: com.kms.katalon.core.exception.StepFailedException: Web element with id: 'Object Repository/Stockbit/Bandarmology_Buyer3' located by 'By.xpath: //*[contains(@id, 'rc-tabs-')]/div[2]/div/div/div/div/div/div[2]/table/tbody/tr[4]/td[1]/p' is present after '1' second(s)
	at com.kms.katalon.core.webui.keyword.internal.WebUIKeywordMain.stepFailed(WebUIKeywordMain.groovy:64)
	at com.kms.katalon.core.webui.keyword.internal.WebUIKeywordMain$stepFailed$0.call(Unknown Source)
	at com.kms.katalon.core.webui.keyword.builtin.VerifyElementNotPresentKeyword$_verifyElementNotPresent_closure1.doCall(VerifyElementNotPresentKeyword.groovy:106)
	at com.kms.katalon.core.webui.keyword.builtin.VerifyElementNotPresentKeyword$_verifyElementNotPresent_closure1.doCall(VerifyElementNotPresentKeyword.groovy)
	at com.kms.katalon.core.webui.keyword.internal.WebUIKeywordMain.runKeyword(WebUIKeywordMain.groovy:20)
	at com.kms.katalon.core.webui.keyword.internal.WebUIKeywordMain$runKeyword.call(Unknown Source)
	at com.kms.katalon.core.webui.keyword.builtin.VerifyElementNotPresentKeyword.verifyElementNotPresent(VerifyElementNotPresentKeyword.groovy:117)
	at com.kms.katalon.core.webui.keyword.builtin.VerifyElementNotPresentKeyword.execute(VerifyElementNotPresentKeyword.groovy:68)
	at com.kms.katalon.core.keyword.internal.KeywordExecutor.executeKeywordForPlatform(KeywordExecutor.groovy:74)
	at com.kms.katalon.core.webui.keyword.WebUiBuiltInKeywords.verifyElementNotPresent(WebUiBuiltInKeywords.groovy:1481)
	at com.kms.katalon.core.webui.keyword.WebUiBuiltInKeywords$verifyElementNotPresent$8.call(Unknown Source)
	at GetBrokSumPriceDaily.run(GetBrokSumPriceDaily:361)
	at com.kms.katalon.core.main.ScriptEngine.run(ScriptEngine.java:194)
	at com.kms.katalon.core.main.ScriptEngine.runScriptAsRawText(ScriptEngine.java:119)
	at com.kms.katalon.core.main.TestCaseExecutor.runScript(TestCaseExecutor.java:445)
	at com.kms.katalon.core.main.TestCaseExecutor.doExecute(TestCaseExecutor.java:436)
	at com.kms.katalon.core.main.TestCaseExecutor.processExecutionPhase(TestCaseExecutor.java:415)
	at com.kms.katalon.core.main.TestCaseExecutor.accessMainPhase(TestCaseExecutor.java:407)
	at com.kms.katalon.core.main.TestCaseExecutor.execute(TestCaseExecutor.java:284)
	at com.kms.katalon.core.common.CommonExecutor.accessTestCaseMainPhase(CommonExecutor.java:65)
	at com.kms.katalon.core.main.TestSuiteExecutor.accessTestSuiteMainPhase(TestSuiteExecutor.java:144)
	at com.kms.katalon.core.main.TestSuiteExecutor.execute(TestSuiteExecutor.java:106)
	at com.kms.katalon.core.main.TestCaseMain.startTestSuite(TestCaseMain.java:185)
	at com.kms.katalon.core.main.TestCaseMain$startTestSuite$0.call(Unknown Source)
	at TempTestSuite1705923140048.run(TempTestSuite1705923140048.groovy:36)
)
[[ATTACHMENT|C:\\Users\\Fadli\\git\\KatalonDailyGetData2\\Reports\\20240122_174123\\TS1\\20240122_183220\\1705923694298.png]]

2024-01-22 18:41:34 - [TEST_STEP][PASSED] - else: null

2024-01-22 18:41:34 - [TEST_STEP][PASSED] - strBuyer3 = getText(findTestObject("Stockbit/Bandarmology_Buyer3")): Text of object 'Object Repository/Stockbit/Bandarmology_Buyer3' is: 'KK'

2024-01-22 18:41:34 - [MESSAGE][PASSED] - Text of object 'Object Repository/Stockbit/Bandarmology_Buyer3' is: 'KK'

2024-01-22 18:41:34 - [TEST_STEP][PASSED] - strBuyerVol3 = getText(findTestObject("Stockbit/Bandarmology_BuyerVol3")): Text of object 'Object Repository/Stockbit/Bandarmology_BuyerVol3' is: '2.2 K'

2024-01-22 18:41:34 - [MESSAGE][PASSED] - Text of object 'Object Repository/Stockbit/Bandarmology_BuyerVol3' is: '2.2 K'

2024-01-22 18:41:34 - [TEST_STEP][PASSED] - strBuyerAvg3 = getText(findTestObject("Stockbit/Bandarmology_BuyerAvg3")): Text of object 'Object Repository/Stockbit/Bandarmology_BuyerAvg3' is: '59'

2024-01-22 18:41:34 - [MESSAGE][PASSED] - Text of object 'Object Repository/Stockbit/Bandarmology_BuyerAvg3' is: '59'

2024-01-22 18:41:34 - [TEST_STEP][PASSED] - if (strBuyer3 != ""): null

2024-01-22 18:41:34 - [TEST_STEP][PASSED] - if (strBuyerAvg3.contains(",")): null

2024-01-22 18:41:34 - [TEST_STEP][PASSED] - if (strBuyerVol3.contains(" B")): null

2024-01-22 18:41:34 - [TEST_STEP][PASSED] - else if (strBuyerVol3.contains(" M")): null

2024-01-22 18:41:34 - [TEST_STEP][PASSED] - else if (strBuyerVol3.contains(" K")): null

2024-01-22 18:41:34 - [TEST_STEP][PASSED] - strBuyerVol3 = strBuyerVol3.replace(" K", ""): null

2024-01-22 18:41:34 - [TEST_STEP][PASSED] - strBuyerVol3 = strBuyerVol3.toDouble() * 1000: null

2024-01-22 18:41:34 - [TEST_STEP][PASSED] - if (verifyElementNotPresent(findTestObject("Stockbit/Bandarmology_Seller3"), 1, OPTIONAL)): Web element with id: 'Object Repository/Stockbit/Bandarmology_Seller3' located by 'By.xpath: //*[contains(@id, 'rc-tabs-')]/div[2]/div/div/div/div/div/div[2]/table/tbody/tr[4]/td[5]/p' is present after '1' second(s) (Root cause: com.kms.katalon.core.exception.StepFailedException: Web element with id: 'Object Repository/Stockbit/Bandarmology_Seller3' located by 'By.xpath: //*[contains(@id, 'rc-tabs-')]/div[2]/div/div/div/div/div/div[2]/table/tbody/tr[4]/td[5]/p' is present after '1' second(s)
	at com.kms.katalon.core.webui.keyword.internal.WebUIKeywordMain.stepFailed(WebUIKeywordMain.groovy:64)
	at com.kms.katalon.core.webui.keyword.internal.WebUIKeywordMain$stepFailed$0.call(Unknown Source)
	at com.kms.katalon.core.webui.keyword.builtin.VerifyElementNotPresentKeyword$_verifyElementNotPresent_closure1.doCall(VerifyElementNotPresentKeyword.groovy:106)
	at com.kms.katalon.core.webui.keyword.builtin.VerifyElementNotPresentKeyword$_verifyElementNotPresent_closure1.doCall(VerifyElementNotPresentKeyword.groovy)
	at com.kms.katalon.core.webui.keyword.internal.WebUIKeywordMain.runKeyword(WebUIKeywordMain.groovy:20)
	at com.kms.katalon.core.webui.keyword.internal.WebUIKeywordMain$runKeyword.call(Unknown Source)
	at com.kms.katalon.core.webui.keyword.builtin.VerifyElementNotPresentKeyword.verifyElementNotPresent(VerifyElementNotPresentKeyword.groovy:117)
	at com.kms.katalon.core.webui.keyword.builtin.VerifyElementNotPresentKeyword.execute(VerifyElementNotPresentKeyword.groovy:68)
	at com.kms.katalon.core.keyword.internal.KeywordExecutor.executeKeywordForPlatform(KeywordExecutor.groovy:74)
	at com.kms.katalon.core.webui.keyword.WebUiBuiltInKeywords.verifyElementNotPresent(WebUiBuiltInKeywords.groovy:1481)
	at com.kms.katalon.core.webui.keyword.WebUiBuiltInKeywords$verifyElementNotPresent$8.call(Unknown Source)
	at GetBrokSumPriceDaily.run(GetBrokSumPriceDaily:414)
	at com.kms.katalon.core.main.ScriptEngine.run(ScriptEngine.java:194)
	at com.kms.katalon.core.main.ScriptEngine.runScriptAsRawText(ScriptEngine.java:119)
	at com.kms.katalon.core.main.TestCaseExecutor.runScript(TestCaseExecutor.java:445)
	at com.kms.katalon.core.main.TestCaseExecutor.doExecute(TestCaseExecutor.java:436)
	at com.kms.katalon.core.main.TestCaseExecutor.processExecutionPhase(TestCaseExecutor.java:415)
	at com.kms.katalon.core.main.TestCaseExecutor.accessMainPhase(TestCaseExecutor.java:407)
	at com.kms.katalon.core.main.TestCaseExecutor.execute(TestCaseExecutor.java:284)
	at com.kms.katalon.core.common.CommonExecutor.accessTestCaseMainPhase(CommonExecutor.java:65)
	at com.kms.katalon.core.main.TestSuiteExecutor.accessTestSuiteMainPhase(TestSuiteExecutor.java:144)
	at com.kms.katalon.core.main.TestSuiteExecutor.execute(TestSuiteExecutor.java:106)
	at com.kms.katalon.core.main.TestCaseMain.startTestSuite(TestCaseMain.java:185)
	at com.kms.katalon.core.main.TestCaseMain$startTestSuite$0.call(Unknown Source)
	at TempTestSuite1705923140048.run(TempTestSuite1705923140048.groovy:36)
)

2024-01-22 18:41:36 - [MESSAGE][WARNING] - Web element with id: 'Object Repository/Stockbit/Bandarmology_Seller3' located by 'By.xpath: //*[contains(@id, 'rc-tabs-')]/div[2]/div/div/div/div/div/div[2]/table/tbody/tr[4]/td[5]/p' is present after '1' second(s) (Root cause: com.kms.katalon.core.exception.StepFailedException: Web element with id: 'Object Repository/Stockbit/Bandarmology_Seller3' located by 'By.xpath: //*[contains(@id, 'rc-tabs-')]/div[2]/div/div/div/div/div/div[2]/table/tbody/tr[4]/td[5]/p' is present after '1' second(s)
	at com.kms.katalon.core.webui.keyword.internal.WebUIKeywordMain.stepFailed(WebUIKeywordMain.groovy:64)
	at com.kms.katalon.core.webui.keyword.internal.WebUIKeywordMain$stepFailed$0.call(Unknown Source)
	at com.kms.katalon.core.webui.keyword.builtin.VerifyElementNotPresentKeyword$_verifyElementNotPresent_closure1.doCall(VerifyElementNotPresentKeyword.groovy:106)
	at com.kms.katalon.core.webui.keyword.builtin.VerifyElementNotPresentKeyword$_verifyElementNotPresent_closure1.doCall(VerifyElementNotPresentKeyword.groovy)
	at com.kms.katalon.core.webui.keyword.internal.WebUIKeywordMain.runKeyword(WebUIKeywordMain.groovy:20)
	at com.kms.katalon.core.webui.keyword.internal.WebUIKeywordMain$runKeyword.call(Unknown Source)
	at com.kms.katalon.core.webui.keyword.builtin.VerifyElementNotPresentKeyword.verifyElementNotPresent(VerifyElementNotPresentKeyword.groovy:117)
	at com.kms.katalon.core.webui.keyword.builtin.VerifyElementNotPresentKeyword.execute(VerifyElementNotPresentKeyword.groovy:68)
	at com.kms.katalon.core.keyword.internal.KeywordExecutor.executeKeywordForPlatform(KeywordExecutor.groovy:74)
	at com.kms.katalon.core.webui.keyword.WebUiBuiltInKeywords.verifyElementNotPresent(WebUiBuiltInKeywords.groovy:1481)
	at com.kms.katalon.core.webui.keyword.WebUiBuiltInKeywords$verifyElementNotPresent$8.call(Unknown Source)
	at GetBrokSumPriceDaily.run(GetBrokSumPriceDaily:414)
	at com.kms.katalon.core.main.ScriptEngine.run(ScriptEngine.java:194)
	at com.kms.katalon.core.main.ScriptEngine.runScriptAsRawText(ScriptEngine.java:119)
	at com.kms.katalon.core.main.TestCaseExecutor.runScript(TestCaseExecutor.java:445)
	at com.kms.katalon.core.main.TestCaseExecutor.doExecute(TestCaseExecutor.java:436)
	at com.kms.katalon.core.main.TestCaseExecutor.processExecutionPhase(TestCaseExecutor.java:415)
	at com.kms.katalon.core.main.TestCaseExecutor.accessMainPhase(TestCaseExecutor.java:407)
	at com.kms.katalon.core.main.TestCaseExecutor.execute(TestCaseExecutor.java:284)
	at com.kms.katalon.core.common.CommonExecutor.accessTestCaseMainPhase(CommonExecutor.java:65)
	at com.kms.katalon.core.main.TestSuiteExecutor.accessTestSuiteMainPhase(TestSuiteExecutor.java:144)
	at com.kms.katalon.core.main.TestSuiteExecutor.execute(TestSuiteExecutor.java:106)
	at com.kms.katalon.core.main.TestCaseMain.startTestSuite(TestCaseMain.java:185)
	at com.kms.katalon.core.main.TestCaseMain$startTestSuite$0.call(Unknown Source)
	at TempTestSuite1705923140048.run(TempTestSuite1705923140048.groovy:36)
)
[[ATTACHMENT|C:\\Users\\Fadli\\git\\KatalonDailyGetData2\\Reports\\20240122_174123\\TS1\\20240122_183220\\1705923696017.png]]

2024-01-22 18:41:36 - [TEST_STEP][PASSED] - else: null

2024-01-22 18:41:36 - [TEST_STEP][PASSED] - strSeller3 = getText(findTestObject("Stockbit/Bandarmology_Seller3")): Text of object 'Object Repository/Stockbit/Bandarmology_Seller3' is: 'EP'

2024-01-22 18:41:36 - [MESSAGE][PASSED] - Text of object 'Object Repository/Stockbit/Bandarmology_Seller3' is: 'EP'

2024-01-22 18:41:36 - [TEST_STEP][PASSED] - strSellerVol3 = getText(findTestObject("Stockbit/Bandarmology_SellerVol3")): Text of object 'Object Repository/Stockbit/Bandarmology_SellerVol3' is: '2.2 K'

2024-01-22 18:41:36 - [MESSAGE][PASSED] - Text of object 'Object Repository/Stockbit/Bandarmology_SellerVol3' is: '2.2 K'

2024-01-22 18:41:36 - [TEST_STEP][PASSED] - strSellerAvg3 = getText(findTestObject("Stockbit/Bandarmology_SellerAvg3")): Text of object 'Object Repository/Stockbit/Bandarmology_SellerAvg3' is: '58'

2024-01-22 18:41:36 - [MESSAGE][PASSED] - Text of object 'Object Repository/Stockbit/Bandarmology_SellerAvg3' is: '58'

2024-01-22 18:41:36 - [TEST_STEP][PASSED] - if (strSeller3 != ""): null

2024-01-22 18:41:36 - [TEST_STEP][PASSED] - if (strSellerAvg3.contains(",")): null

2024-01-22 18:41:36 - [TEST_STEP][PASSED] - if (strSellerVol3.contains(" B")): null

2024-01-22 18:41:36 - [TEST_STEP][PASSED] - else if (strSellerVol3.contains(" M")): null

2024-01-22 18:41:36 - [TEST_STEP][PASSED] - else if (strSellerVol3.contains(" K")): null

2024-01-22 18:41:36 - [TEST_STEP][PASSED] - strSellerVol3 = strSellerVol3.replace(" K", ""): null

2024-01-22 18:41:36 - [TEST_STEP][PASSED] - strSellerVol3 = strSellerVol3.toDouble() * 1000: null

2024-01-22 18:41:36 - [TEST_STEP][PASSED] - strAccDist = getText(findTestObject("Stockbit/Bandarmology_AccDist")): Text of object 'Object Repository/Stockbit/Bandarmology_AccDist' is: 'Dist'

2024-01-22 18:41:36 - [MESSAGE][PASSED] - Text of object 'Object Repository/Stockbit/Bandarmology_AccDist' is: 'Dist'

2024-01-22 18:41:36 - [TEST_STEP][PASSED] - strNetVol = getText(findTestObject("Stockbit/Bandarmology_NetVol")): Text of object 'Object Repository/Stockbit/Bandarmology_NetVol' is: '13,560'

2024-01-22 18:41:36 - [MESSAGE][PASSED] - Text of object 'Object Repository/Stockbit/Bandarmology_NetVol' is: '13,560'

2024-01-22 18:41:36 - [TEST_STEP][PASSED] - strNetVol = strNetVol.replace(",", ""): null

2024-01-22 18:41:36 - [TEST_STEP][PASSED] - strNetVal = getText(findTestObject("Stockbit/Bandarmology_NetVal")): Text of object 'Object Repository/Stockbit/Bandarmology_NetVal' is: '0.1 B'

2024-01-22 18:41:36 - [MESSAGE][PASSED] - Text of object 'Object Repository/Stockbit/Bandarmology_NetVal' is: '0.1 B'

2024-01-22 18:41:36 - [TEST_STEP][PASSED] - delay(3): Delayed 3 second(s)

2024-01-22 18:41:40 - [MESSAGE][PASSED] - Delayed 3 second(s)

2024-01-22 18:41:40 - [TEST_STEP][PASSED] - strOpenPrice = getText(findTestObject("Stockbit/Home_OpenPrice")): Text of object 'Object Repository/Stockbit/Home_OpenPrice' is: '60'

2024-01-22 18:41:40 - [MESSAGE][PASSED] - Text of object 'Object Repository/Stockbit/Home_OpenPrice' is: '60'

2024-01-22 18:41:40 - [TEST_STEP][PASSED] - strOpenPrice = strOpenPrice.replace(",", ""): null

2024-01-22 18:41:40 - [TEST_STEP][PASSED] - strLowPrice = getText(findTestObject("Stockbit/Home_LowPrice")): Text of object 'Object Repository/Stockbit/Home_LowPrice' is: '58'

2024-01-22 18:41:40 - [MESSAGE][PASSED] - Text of object 'Object Repository/Stockbit/Home_LowPrice' is: '58'

2024-01-22 18:41:40 - [TEST_STEP][PASSED] - strLowPrice = strLowPrice.replace(",", ""): null

2024-01-22 18:41:40 - [TEST_STEP][PASSED] - strHighPrice = getText(findTestObject("Stockbit/Home_HighPrice")): Text of object 'Object Repository/Stockbit/Home_HighPrice' is: '60'

2024-01-22 18:41:40 - [MESSAGE][PASSED] - Text of object 'Object Repository/Stockbit/Home_HighPrice' is: '60'

2024-01-22 18:41:40 - [TEST_STEP][PASSED] - strHighPrice = strHighPrice.replace(",", ""): null

2024-01-22 18:41:40 - [TEST_STEP][PASSED] - strClosePrice = getText(findTestObject("Stockbit/Home_ClosePrice")): Text of object 'Object Repository/Stockbit/Home_ClosePrice' is: '59'

2024-01-22 18:41:40 - [MESSAGE][PASSED] - Text of object 'Object Repository/Stockbit/Home_ClosePrice' is: '59'

2024-01-22 18:41:40 - [TEST_STEP][PASSED] - strClosePrice = strClosePrice.replace(",", ""): null

2024-01-22 18:41:40 - [TEST_STEP][PASSED] - strVol = getText(findTestObject("Stockbit/Home_Volume")): Text of object 'Object Repository/Stockbit/Home_Volume' is: '60 K'

2024-01-22 18:41:40 - [MESSAGE][PASSED] - Text of object 'Object Repository/Stockbit/Home_Volume' is: '60 K'

2024-01-22 18:41:40 - [TEST_STEP][PASSED] - if (strVol.contains(" K")): null

2024-01-22 18:41:40 - [TEST_STEP][PASSED] - strVol = strVol.replace(" K", "000"): null

2024-01-22 18:41:40 - [TEST_STEP][PASSED] - if (strVol.contains(",")): null

2024-01-22 18:41:40 - [TEST_STEP][PASSED] - strChange = getText(findTestObject("Stockbit/Home_Change")): Text of object 'Object Repository/Stockbit/Home_Change' is: '-1.67%'

2024-01-22 18:41:40 - [MESSAGE][PASSED] - Text of object 'Object Repository/Stockbit/Home_Change' is: '-1.67%'

2024-01-22 18:41:40 - [TEST_STEP][PASSED] - strChange = strChange.replace("%", ""): null

2024-01-22 18:41:40 - [TEST_STEP][PASSED] - strFreq = getText(findTestObject("Stockbit/Home_Freq")): Text of object 'Object Repository/Stockbit/Home_Freq' is: '1,431'

2024-01-22 18:41:40 - [MESSAGE][PASSED] - Text of object 'Object Repository/Stockbit/Home_Freq' is: '1,431'

2024-01-22 18:41:40 - [TEST_STEP][PASSED] - if (strFreq.contains(",")): null

2024-01-22 18:41:40 - [TEST_STEP][PASSED] - strFreq = strFreq.replace(",", ""): null

2024-01-22 18:41:40 - [TEST_STEP][PASSED] - if (strFreq == "NA" || strFreq == ""): null

2024-01-22 18:41:40 - [TEST_STEP][PASSED] - else: null

2024-01-22 18:41:40 - [TEST_STEP][PASSED] - dblFreqAnal = strVol.toDouble() / strFreq.toDouble() * strFreq.toDouble() * strFreq.toDouble() * 100000000: null

2024-01-22 18:41:40 - [TEST_STEP][PASSED] - strFreqAnal = String.format("%.4f", dblFreqAnal): null

2024-01-22 18:41:40 - [TEST_STEP][PASSED] - out.println("Double strFreqAnal: " + strFreqAnal): null

2024-01-22 18:41:40 - [TEST_STEP][PASSED] - strTanggal = d.format(DateTimeFormatter.ofPattern("yyyy-MM-dd")): null

2024-01-22 18:41:40 - [TEST_STEP][PASSED] - strTanggal = "#" + strTanggal + "#": null

2024-01-22 18:41:40 - [TEST_STEP][PASSED] - strSQL = "select count(*) as JumBaris from TblBrokSum where Nama = '" + strNama + "' and Tanggal = " + strTanggal + "": null

2024-01-22 18:41:40 - [TEST_STEP][PASSED] - resultSet = statement.executeQuery(strSQL): null

2024-01-22 18:41:40 - [TEST_STEP][PASSED] - resultSet.next(): null

2024-01-22 18:41:40 - [TEST_STEP][PASSED] - intJumBaris = resultSet.getInt("JumBaris"): null

2024-01-22 18:41:40 - [TEST_STEP][PASSED] - if (intJumBaris > 0): null

2024-01-22 18:41:40 - [TEST_STEP][PASSED] - else: null

2024-01-22 18:41:40 - [TEST_STEP][PASSED] - try: null

2024-01-22 18:41:40 - [TEST_STEP][PASSED] - out.println("Insert data"): null

2024-01-22 18:41:40 - [TEST_STEP][PASSED] - strSQL = "insert into TblBrokSum (nama, tanggal, top1, top2, top3, AllBrokAvg, AccDist, AvgRP, " + "Buyer1, BuyerVal1, BuyerAvg1, Seller1, SellerVal1, SellerAvg1, Buyer2, BuyerVal2, BuyerAvg2, " + "Seller2, SellerVal2, SellerAvg2, Buyer3, BuyerVal3, BuyerAvg3, Seller3, SellerVal3, SellerAvg3, NetVol, NetVal, " + "OpenPrice, LowPrice, HighPrice, ClosePrice, Volume, Change, Frekuensi, FrekAnal) " + "values ('" + strNama + "', " + strTanggal + ", '" + strTop1 + "', '" + strTop3 + "', '" + strTop5 + "', " + "'" + strAllBrokAvg + "', '" + strAccDist + "', " + intAvgRP + ", '" + strBuyer1 + "', '" + strBuyerVol1 + "', " + strBuyerAvg1 + ", " + "'" + strSeller1 + "', '" + strSellerVol1 + "', " + strSellerAvg1 + ", '" + strBuyer2 + "', '" + strBuyerVol2 + "', " + strBuyerAvg2 + ", " + "'" + strSeller2 + "', '" + strSellerVol2 + "', " + strSellerAvg2 + ", '" + strBuyer3 + "', '" + strBuyerVol3 + "', " + strBuyerAvg3 + ", " + "'" + strSeller3 + "', '" + strSellerVol3 + "', " + strSellerAvg3 + ", " + strNetVol + ", '" + strNetVal + "', " + "" + strOpenPrice + ", " + strLowPrice + ", " + strHighPrice + ", " + strClosePrice + ", '" + strVol + "', " + strChange + ", " + strFreq + ", " + strFreqAnal + ");": null

2024-01-22 18:41:40 - [TEST_STEP][PASSED] - out.println("strSQL = " + strSQL): null

2024-01-22 18:41:40 - [TEST_STEP][PASSED] - statement.executeUpdate(strSQL): null

2024-01-22 18:41:40 - [TEST_STEP][PASSED] - setValueToCellByIndex(sheet01, rowIndex, 4, "DONE"): null

2024-01-22 18:41:40 - [TEST_STEP][PASSED] - saveWorkbook(excelFilePath, workbook01): null

2024-01-22 18:41:40 - [TEST_STEP][PASSED] - waitForElementClickable(findTestObject("Stockbit/menu_Bandarmology"), 10): Object 'Object Repository/Stockbit/menu_Bandarmology' is clickable

2024-01-22 18:41:40 - [MESSAGE][PASSED] - Object 'Object Repository/Stockbit/menu_Bandarmology' is clickable

2024-01-22 18:41:41 - [TEST_STEP][PASSED] - click(findTestObject("Stockbit/menu_Bandarmology")): Object: 'Object Repository/Stockbit/menu_Bandarmology' is clicked on

2024-01-22 18:41:41 - [MESSAGE][PASSED] - Object: 'Object Repository/Stockbit/menu_Bandarmology' is clicked on

2024-01-22 18:41:41 - [TEST_STEP][PASSED] - strTemp = "NA": null

2024-01-22 18:41:41 - [TEST_STEP][PASSED] - if (getCellValueByIndex(sheet01, rowIndex, 4) != "DONE"): Object: 'Object Repository/Stockbit/menu_Bandarmology' is clicked on

2024-01-22 18:41:41 - [TEST_STEP][PASSED] - strNama = getCellValueByIndex(sheet01, rowIndex, 0): null

2024-01-22 18:41:41 - [TEST_STEP][PASSED] - navigateToUrl("https://stockbit.com/#/symbol/" + strNama): Navigate to 'https://stockbit.com/#/symbol/RAFI' successfully

2024-01-22 18:41:43 - [MESSAGE][PASSED] - Navigate to 'https://stockbit.com/#/symbol/RAFI' successfully

2024-01-22 18:41:43 - [TEST_STEP][PASSED] - waitForElementClickable(findTestObject("Stockbit/menu_Bandarmology"), 10): Object 'Object Repository/Stockbit/menu_Bandarmology' is clickable

2024-01-22 18:41:43 - [MESSAGE][PASSED] - Object 'Object Repository/Stockbit/menu_Bandarmology' is clickable

2024-01-22 18:41:43 - [TEST_STEP][PASSED] - click(findTestObject("Stockbit/menu_Bandarmology")): Object: 'Object Repository/Stockbit/menu_Bandarmology' is clicked on

2024-01-22 18:41:43 - [MESSAGE][PASSED] - Object: 'Object Repository/Stockbit/menu_Bandarmology' is clicked on

2024-01-22 18:41:43 - [TEST_STEP][PASSED] - strTanggal = d.format(DateTimeFormatter.ofPattern("MMM dd, yyyy")): null

2024-01-22 18:41:43 - [TEST_STEP][PASSED] - strTanggal = d.format(ISO_DATE): null

2024-01-22 18:41:43 - [TEST_STEP][PASSED] - out.println("strTanggal = " + strTanggal): null

2024-01-22 18:41:43 - [TEST_STEP][PASSED] - out.println("strNama = " + strNama): null

2024-01-22 18:41:43 - [TEST_STEP][PASSED] - out.println("Baris ke = " + rowIndex): null

2024-01-22 18:41:43 - [TEST_STEP][PASSED] - click(findTestObject("Stockbit/input__BandarmologyOpenStartDate")): Object: 'Object Repository/Stockbit/input__BandarmologyOpenStartDate' is clicked on

2024-01-22 18:41:45 - [MESSAGE][PASSED] - Object: 'Object Repository/Stockbit/input__BandarmologyOpenStartDate' is clicked on

2024-01-22 18:41:45 - [TEST_STEP][PASSED] - sendKeys(findTestObject("Stockbit/input__BandarmologyOpenStartDate"), Keys.chord(CONTROL, "a")): Keys 'CONTROL + a' sent to object: 'Object Repository/Stockbit/input__BandarmologyOpenStartDate'

2024-01-22 18:41:45 - [MESSAGE][PASSED] - Keys 'CONTROL + a' sent to object: 'Object Repository/Stockbit/input__BandarmologyOpenStartDate'

2024-01-22 18:41:45 - [TEST_STEP][PASSED] - sendKeys(findTestObject("Stockbit/input__BandarmologyOpenStartDate"), Keys.chord(BACK_SPACE)): Keys 'BACK_SPACE + ' sent to object: 'Object Repository/Stockbit/input__BandarmologyOpenStartDate'

2024-01-22 18:41:46 - [MESSAGE][PASSED] - Keys 'BACK_SPACE + ' sent to object: 'Object Repository/Stockbit/input__BandarmologyOpenStartDate'

2024-01-22 18:41:46 - [TEST_STEP][PASSED] - setText(findTestObject("Stockbit/input__BandarmologyOpenStartDate"), strTanggal): Text '2024-01-22' is set on object 'Object Repository/Stockbit/input__BandarmologyOpenStartDate'

2024-01-22 18:41:47 - [MESSAGE][PASSED] - Text '2024-01-22' is set on object 'Object Repository/Stockbit/input__BandarmologyOpenStartDate'

2024-01-22 18:41:47 - [TEST_STEP][PASSED] - sendKeys(findTestObject("Stockbit/input__BandarmologyOpenStartDate"), Keys.chord(ENTER)): Keys 'ENTER + ' sent to object: 'Object Repository/Stockbit/input__BandarmologyOpenStartDate'

2024-01-22 18:41:47 - [MESSAGE][PASSED] - Keys 'ENTER + ' sent to object: 'Object Repository/Stockbit/input__BandarmologyOpenStartDate'

2024-01-22 18:41:47 - [TEST_STEP][PASSED] - click(findTestObject("Stockbit/input__BandarmologyOpenEndDate")): Object: 'Object Repository/Stockbit/input__BandarmologyOpenEndDate' is clicked on

2024-01-22 18:41:47 - [MESSAGE][PASSED] - Object: 'Object Repository/Stockbit/input__BandarmologyOpenEndDate' is clicked on

2024-01-22 18:41:47 - [TEST_STEP][PASSED] - sendKeys(findTestObject("Stockbit/input__BandarmologyOpenEndDate"), Keys.chord(CONTROL, "a")): Keys 'CONTROL + a' sent to object: 'Object Repository/Stockbit/input__BandarmologyOpenEndDate'

2024-01-22 18:41:48 - [MESSAGE][PASSED] - Keys 'CONTROL + a' sent to object: 'Object Repository/Stockbit/input__BandarmologyOpenEndDate'

2024-01-22 18:41:48 - [TEST_STEP][PASSED] - sendKeys(findTestObject("Stockbit/input__BandarmologyOpenEndDate"), Keys.chord(BACK_SPACE)): Keys 'BACK_SPACE + ' sent to object: 'Object Repository/Stockbit/input__BandarmologyOpenEndDate'

2024-01-22 18:41:48 - [MESSAGE][PASSED] - Keys 'BACK_SPACE + ' sent to object: 'Object Repository/Stockbit/input__BandarmologyOpenEndDate'

2024-01-22 18:41:48 - [TEST_STEP][PASSED] - setText(findTestObject("Stockbit/input__BandarmologyOpenEndDate"), strTanggal): Text '2024-01-22' is set on object 'Object Repository/Stockbit/input__BandarmologyOpenEndDate'

2024-01-22 18:41:49 - [MESSAGE][PASSED] - Text '2024-01-22' is set on object 'Object Repository/Stockbit/input__BandarmologyOpenEndDate'

2024-01-22 18:41:49 - [TEST_STEP][PASSED] - sendKeys(findTestObject("Stockbit/input__BandarmologyOpenEndDate"), Keys.chord(ENTER)): Keys 'ENTER + ' sent to object: 'Object Repository/Stockbit/input__BandarmologyOpenEndDate'

2024-01-22 18:41:49 - [MESSAGE][PASSED] - Keys 'ENTER + ' sent to object: 'Object Repository/Stockbit/input__BandarmologyOpenEndDate'

2024-01-22 18:41:49 - [TEST_STEP][PASSED] - delay(2): Delayed 2 second(s)

2024-01-22 18:41:51 - [MESSAGE][PASSED] - Delayed 2 second(s)

2024-01-22 18:41:51 - [TEST_STEP][PASSED] - strTemp = getText(findTestObject("Stockbit/Bandarmology_AvgRP")): Text of object 'Object Repository/Stockbit/Bandarmology_AvgRP' is: '50'

2024-01-22 18:41:51 - [MESSAGE][PASSED] - Text of object 'Object Repository/Stockbit/Bandarmology_AvgRP' is: '50'

2024-01-22 18:41:51 - [TEST_STEP][PASSED] - out.println("Bandarmology_AvgRP = " + strTemp): null

2024-01-22 18:41:51 - [TEST_STEP][PASSED] - if (strTemp != "0"): null

2024-01-22 18:41:51 - [TEST_STEP][PASSED] - strTop1 = getText(findTestObject("Stockbit/Bandarmology_Top1")): Text of object 'Object Repository/Stockbit/Bandarmology_Top1' is: 'Neutral'

2024-01-22 18:41:52 - [MESSAGE][PASSED] - Text of object 'Object Repository/Stockbit/Bandarmology_Top1' is: 'Neutral'

2024-01-22 18:41:52 - [TEST_STEP][PASSED] - strTop3 = getText(findTestObject("Stockbit/Bandarmology_Top3")): Text of object 'Object Repository/Stockbit/Bandarmology_Top3' is: 'Small Acc'

2024-01-22 18:41:52 - [MESSAGE][PASSED] - Text of object 'Object Repository/Stockbit/Bandarmology_Top3' is: 'Small Acc'

2024-01-22 18:41:52 - [TEST_STEP][PASSED] - strTop5 = getText(findTestObject("Stockbit/Bandarmology_Top5")): Text of object 'Object Repository/Stockbit/Bandarmology_Top5' is: 'Small Acc'

2024-01-22 18:41:52 - [MESSAGE][PASSED] - Text of object 'Object Repository/Stockbit/Bandarmology_Top5' is: 'Small Acc'

2024-01-22 18:41:52 - [TEST_STEP][PASSED] - strAllBrokAvg = getText(findTestObject("Stockbit/Bandarmology_TopAVG")): Text of object 'Object Repository/Stockbit/Bandarmology_TopAVG' is: 'Small Acc'

2024-01-22 18:41:52 - [MESSAGE][PASSED] - Text of object 'Object Repository/Stockbit/Bandarmology_TopAVG' is: 'Small Acc'

2024-01-22 18:41:52 - [TEST_STEP][PASSED] - strTemp = getText(findTestObject("Stockbit/Bandarmology_AvgRP")): Text of object 'Object Repository/Stockbit/Bandarmology_AvgRP' is: '50'

2024-01-22 18:41:52 - [MESSAGE][PASSED] - Text of object 'Object Repository/Stockbit/Bandarmology_AvgRP' is: '50'

2024-01-22 18:41:52 - [TEST_STEP][PASSED] - if (strTemp.contains(",")): null

2024-01-22 18:41:52 - [TEST_STEP][PASSED] - intAvgRP = strTemp.toInteger(): null

2024-01-22 18:41:52 - [TEST_STEP][PASSED] - strBuyer1 = getText(findTestObject("Stockbit/Bandarmology_Buyer1")): Text of object 'Object Repository/Stockbit/Bandarmology_Buyer1' is: 'PD'

2024-01-22 18:41:52 - [MESSAGE][PASSED] - Text of object 'Object Repository/Stockbit/Bandarmology_Buyer1' is: 'PD'

2024-01-22 18:41:52 - [TEST_STEP][PASSED] - strBuyerVol1 = getText(findTestObject("Stockbit/Bandarmology_BuyerVol1")): Text of object 'Object Repository/Stockbit/Bandarmology_BuyerVol1' is: '8.8 K'

2024-01-22 18:41:52 - [MESSAGE][PASSED] - Text of object 'Object Repository/Stockbit/Bandarmology_BuyerVol1' is: '8.8 K'

2024-01-22 18:41:52 - [TEST_STEP][PASSED] - strBuyerAvg1 = getText(findTestObject("Stockbit/Bandarmology_BuyerAvg1")): Text of object 'Object Repository/Stockbit/Bandarmology_BuyerAvg1' is: '50'

2024-01-22 18:41:52 - [MESSAGE][PASSED] - Text of object 'Object Repository/Stockbit/Bandarmology_BuyerAvg1' is: '50'

2024-01-22 18:41:52 - [TEST_STEP][PASSED] - if (strBuyerAvg1.contains(",")): null

2024-01-22 18:41:52 - [TEST_STEP][PASSED] - if (strBuyerVol1.contains(" B")): null

2024-01-22 18:41:52 - [TEST_STEP][PASSED] - else if (strBuyerVol1.contains(" M")): null

2024-01-22 18:41:52 - [TEST_STEP][PASSED] - else if (strBuyerVol1.contains(" K")): null

2024-01-22 18:41:52 - [TEST_STEP][PASSED] - strBuyerVol1 = strBuyerVol1.replace(" K", ""): null

2024-01-22 18:41:52 - [TEST_STEP][PASSED] - strBuyerVol1 = strBuyerVol1.toDouble() * 1000: null

2024-01-22 18:41:52 - [TEST_STEP][PASSED] - strSeller1 = getText(findTestObject("Stockbit/Bandarmology_Seller1")): Text of object 'Object Repository/Stockbit/Bandarmology_Seller1' is: 'XL'

2024-01-22 18:41:52 - [MESSAGE][PASSED] - Text of object 'Object Repository/Stockbit/Bandarmology_Seller1' is: 'XL'

2024-01-22 18:41:52 - [TEST_STEP][PASSED] - strSellerVol1 = getText(findTestObject("Stockbit/Bandarmology_SellerVol1")): Text of object 'Object Repository/Stockbit/Bandarmology_SellerVol1' is: '8.6 K'

2024-01-22 18:41:53 - [MESSAGE][PASSED] - Text of object 'Object Repository/Stockbit/Bandarmology_SellerVol1' is: '8.6 K'

2024-01-22 18:41:53 - [TEST_STEP][PASSED] - strSellerAvg1 = getText(findTestObject("Stockbit/Bandarmology_SellerAvg1")): Text of object 'Object Repository/Stockbit/Bandarmology_SellerAvg1' is: '50'

2024-01-22 18:41:53 - [MESSAGE][PASSED] - Text of object 'Object Repository/Stockbit/Bandarmology_SellerAvg1' is: '50'

2024-01-22 18:41:53 - [TEST_STEP][PASSED] - if (strSellerAvg1.contains(",")): null

2024-01-22 18:41:53 - [TEST_STEP][PASSED] - if (strSellerVol1.contains(" B")): null

2024-01-22 18:41:53 - [TEST_STEP][PASSED] - else if (strSellerVol1.contains(" M")): null

2024-01-22 18:41:53 - [TEST_STEP][PASSED] - else if (strSellerVol1.contains(" K")): null

2024-01-22 18:41:53 - [TEST_STEP][PASSED] - strSellerVol1 = strSellerVol1.replace(" K", ""): null

2024-01-22 18:41:53 - [TEST_STEP][PASSED] - strSellerVol1 = strSellerVol1.toDouble() * 1000: null

2024-01-22 18:41:53 - [TEST_STEP][PASSED] - if (verifyElementNotPresent(findTestObject("Stockbit/Bandarmology_Buyer2"), 1, OPTIONAL)): Web element with id: 'Object Repository/Stockbit/Bandarmology_Buyer2' located by 'By.xpath: //*[contains(@id, 'rc-tabs-')]/div[2]/div/div/div/div/div/div[2]/table/tbody/tr[3]/td[1]/p' is present after '1' second(s) (Root cause: com.kms.katalon.core.exception.StepFailedException: Web element with id: 'Object Repository/Stockbit/Bandarmology_Buyer2' located by 'By.xpath: //*[contains(@id, 'rc-tabs-')]/div[2]/div/div/div/div/div/div[2]/table/tbody/tr[3]/td[1]/p' is present after '1' second(s)
	at com.kms.katalon.core.webui.keyword.internal.WebUIKeywordMain.stepFailed(WebUIKeywordMain.groovy:64)
	at com.kms.katalon.core.webui.keyword.internal.WebUIKeywordMain$stepFailed$0.call(Unknown Source)
	at com.kms.katalon.core.webui.keyword.builtin.VerifyElementNotPresentKeyword$_verifyElementNotPresent_closure1.doCall(VerifyElementNotPresentKeyword.groovy:106)
	at com.kms.katalon.core.webui.keyword.builtin.VerifyElementNotPresentKeyword$_verifyElementNotPresent_closure1.doCall(VerifyElementNotPresentKeyword.groovy)
	at com.kms.katalon.core.webui.keyword.internal.WebUIKeywordMain.runKeyword(WebUIKeywordMain.groovy:20)
	at com.kms.katalon.core.webui.keyword.internal.WebUIKeywordMain$runKeyword.call(Unknown Source)
	at com.kms.katalon.core.webui.keyword.builtin.VerifyElementNotPresentKeyword.verifyElementNotPresent(VerifyElementNotPresentKeyword.groovy:117)
	at com.kms.katalon.core.webui.keyword.builtin.VerifyElementNotPresentKeyword.execute(VerifyElementNotPresentKeyword.groovy:68)
	at com.kms.katalon.core.keyword.internal.KeywordExecutor.executeKeywordForPlatform(KeywordExecutor.groovy:74)
	at com.kms.katalon.core.webui.keyword.WebUiBuiltInKeywords.verifyElementNotPresent(WebUiBuiltInKeywords.groovy:1481)
	at com.kms.katalon.core.webui.keyword.WebUiBuiltInKeywords$verifyElementNotPresent$8.call(Unknown Source)
	at GetBrokSumPriceDaily.run(GetBrokSumPriceDaily:258)
	at com.kms.katalon.core.main.ScriptEngine.run(ScriptEngine.java:194)
	at com.kms.katalon.core.main.ScriptEngine.runScriptAsRawText(ScriptEngine.java:119)
	at com.kms.katalon.core.main.TestCaseExecutor.runScript(TestCaseExecutor.java:445)
	at com.kms.katalon.core.main.TestCaseExecutor.doExecute(TestCaseExecutor.java:436)
	at com.kms.katalon.core.main.TestCaseExecutor.processExecutionPhase(TestCaseExecutor.java:415)
	at com.kms.katalon.core.main.TestCaseExecutor.accessMainPhase(TestCaseExecutor.java:407)
	at com.kms.katalon.core.main.TestCaseExecutor.execute(TestCaseExecutor.java:284)
	at com.kms.katalon.core.common.CommonExecutor.accessTestCaseMainPhase(CommonExecutor.java:65)
	at com.kms.katalon.core.main.TestSuiteExecutor.accessTestSuiteMainPhase(TestSuiteExecutor.java:144)
	at com.kms.katalon.core.main.TestSuiteExecutor.execute(TestSuiteExecutor.java:106)
	at com.kms.katalon.core.main.TestCaseMain.startTestSuite(TestCaseMain.java:185)
	at com.kms.katalon.core.main.TestCaseMain$startTestSuite$0.call(Unknown Source)
	at TempTestSuite1705923140048.run(TempTestSuite1705923140048.groovy:36)
)

2024-01-22 18:41:54 - [MESSAGE][WARNING] - Web element with id: 'Object Repository/Stockbit/Bandarmology_Buyer2' located by 'By.xpath: //*[contains(@id, 'rc-tabs-')]/div[2]/div/div/div/div/div/div[2]/table/tbody/tr[3]/td[1]/p' is present after '1' second(s) (Root cause: com.kms.katalon.core.exception.StepFailedException: Web element with id: 'Object Repository/Stockbit/Bandarmology_Buyer2' located by 'By.xpath: //*[contains(@id, 'rc-tabs-')]/div[2]/div/div/div/div/div/div[2]/table/tbody/tr[3]/td[1]/p' is present after '1' second(s)
	at com.kms.katalon.core.webui.keyword.internal.WebUIKeywordMain.stepFailed(WebUIKeywordMain.groovy:64)
	at com.kms.katalon.core.webui.keyword.internal.WebUIKeywordMain$stepFailed$0.call(Unknown Source)
	at com.kms.katalon.core.webui.keyword.builtin.VerifyElementNotPresentKeyword$_verifyElementNotPresent_closure1.doCall(VerifyElementNotPresentKeyword.groovy:106)
	at com.kms.katalon.core.webui.keyword.builtin.VerifyElementNotPresentKeyword$_verifyElementNotPresent_closure1.doCall(VerifyElementNotPresentKeyword.groovy)
	at com.kms.katalon.core.webui.keyword.internal.WebUIKeywordMain.runKeyword(WebUIKeywordMain.groovy:20)
	at com.kms.katalon.core.webui.keyword.internal.WebUIKeywordMain$runKeyword.call(Unknown Source)
	at com.kms.katalon.core.webui.keyword.builtin.VerifyElementNotPresentKeyword.verifyElementNotPresent(VerifyElementNotPresentKeyword.groovy:117)
	at com.kms.katalon.core.webui.keyword.builtin.VerifyElementNotPresentKeyword.execute(VerifyElementNotPresentKeyword.groovy:68)
	at com.kms.katalon.core.keyword.internal.KeywordExecutor.executeKeywordForPlatform(KeywordExecutor.groovy:74)
	at com.kms.katalon.core.webui.keyword.WebUiBuiltInKeywords.verifyElementNotPresent(WebUiBuiltInKeywords.groovy:1481)
	at com.kms.katalon.core.webui.keyword.WebUiBuiltInKeywords$verifyElementNotPresent$8.call(Unknown Source)
	at GetBrokSumPriceDaily.run(GetBrokSumPriceDaily:258)
	at com.kms.katalon.core.main.ScriptEngine.run(ScriptEngine.java:194)
	at com.kms.katalon.core.main.ScriptEngine.runScriptAsRawText(ScriptEngine.java:119)
	at com.kms.katalon.core.main.TestCaseExecutor.runScript(TestCaseExecutor.java:445)
	at com.kms.katalon.core.main.TestCaseExecutor.doExecute(TestCaseExecutor.java:436)
	at com.kms.katalon.core.main.TestCaseExecutor.processExecutionPhase(TestCaseExecutor.java:415)
	at com.kms.katalon.core.main.TestCaseExecutor.accessMainPhase(TestCaseExecutor.java:407)
	at com.kms.katalon.core.main.TestCaseExecutor.execute(TestCaseExecutor.java:284)
	at com.kms.katalon.core.common.CommonExecutor.accessTestCaseMainPhase(CommonExecutor.java:65)
	at com.kms.katalon.core.main.TestSuiteExecutor.accessTestSuiteMainPhase(TestSuiteExecutor.java:144)
	at com.kms.katalon.core.main.TestSuiteExecutor.execute(TestSuiteExecutor.java:106)
	at com.kms.katalon.core.main.TestCaseMain.startTestSuite(TestCaseMain.java:185)
	at com.kms.katalon.core.main.TestCaseMain$startTestSuite$0.call(Unknown Source)
	at TempTestSuite1705923140048.run(TempTestSuite1705923140048.groovy:36)
)
[[ATTACHMENT|C:\\Users\\Fadli\\git\\KatalonDailyGetData2\\Reports\\20240122_174123\\TS1\\20240122_183220\\1705923714429.png]]

2024-01-22 18:41:54 - [TEST_STEP][PASSED] - else: null

2024-01-22 18:41:54 - [TEST_STEP][PASSED] - strBuyer2 = getText(findTestObject("Stockbit/Bandarmology_Buyer2")): Text of object 'Object Repository/Stockbit/Bandarmology_Buyer2' is: 'RO'

2024-01-22 18:41:54 - [MESSAGE][PASSED] - Text of object 'Object Repository/Stockbit/Bandarmology_Buyer2' is: 'RO'

2024-01-22 18:41:54 - [TEST_STEP][PASSED] - strBuyerVol2 = getText(findTestObject("Stockbit/Bandarmology_BuyerVol2")): Text of object 'Object Repository/Stockbit/Bandarmology_BuyerVol2' is: '5 K'

2024-01-22 18:41:54 - [MESSAGE][PASSED] - Text of object 'Object Repository/Stockbit/Bandarmology_BuyerVol2' is: '5 K'

2024-01-22 18:41:54 - [TEST_STEP][PASSED] - strBuyerAvg2 = getText(findTestObject("Stockbit/Bandarmology_BuyerAvg2")): Text of object 'Object Repository/Stockbit/Bandarmology_BuyerAvg2' is: '50'

2024-01-22 18:41:54 - [MESSAGE][PASSED] - Text of object 'Object Repository/Stockbit/Bandarmology_BuyerAvg2' is: '50'

2024-01-22 18:41:54 - [TEST_STEP][PASSED] - if (strBuyer2 != ""): null

2024-01-22 18:41:54 - [TEST_STEP][PASSED] - if (strBuyerAvg2.contains(",")): null

2024-01-22 18:41:54 - [TEST_STEP][PASSED] - if (strBuyerVol2.contains(" B")): null

2024-01-22 18:41:54 - [TEST_STEP][PASSED] - else if (strBuyerVol2.contains(" M")): null

2024-01-22 18:41:54 - [TEST_STEP][PASSED] - else if (strBuyerVol2.contains(" K")): null

2024-01-22 18:41:54 - [TEST_STEP][PASSED] - strBuyerVol2 = strBuyerVol2.replace(" K", ""): null

2024-01-22 18:41:54 - [TEST_STEP][PASSED] - strBuyerVol2 = strBuyerVol2.toDouble() * 1000: null

2024-01-22 18:41:54 - [TEST_STEP][PASSED] - if (strBuyerVol2.contains(".")): null

2024-01-22 18:41:54 - [TEST_STEP][PASSED] - strBuyerVal2 = strBuyerVol2.replace(".", ""): null

2024-01-22 18:41:54 - [TEST_STEP][PASSED] - if (verifyElementNotPresent(findTestObject("Stockbit/Bandarmology_Seller2"), 1, OPTIONAL)): Web element with id: 'Object Repository/Stockbit/Bandarmology_Seller2' located by 'By.xpath: //*[contains(@id, 'rc-tabs-')]/div[2]/div/div/div/div/div/div[2]/table/tbody/tr[3]/td[5]/p' is present after '1' second(s) (Root cause: com.kms.katalon.core.exception.StepFailedException: Web element with id: 'Object Repository/Stockbit/Bandarmology_Seller2' located by 'By.xpath: //*[contains(@id, 'rc-tabs-')]/div[2]/div/div/div/div/div/div[2]/table/tbody/tr[3]/td[5]/p' is present after '1' second(s)
	at com.kms.katalon.core.webui.keyword.internal.WebUIKeywordMain.stepFailed(WebUIKeywordMain.groovy:64)
	at com.kms.katalon.core.webui.keyword.internal.WebUIKeywordMain$stepFailed$0.call(Unknown Source)
	at com.kms.katalon.core.webui.keyword.builtin.VerifyElementNotPresentKeyword$_verifyElementNotPresent_closure1.doCall(VerifyElementNotPresentKeyword.groovy:106)
	at com.kms.katalon.core.webui.keyword.builtin.VerifyElementNotPresentKeyword$_verifyElementNotPresent_closure1.doCall(VerifyElementNotPresentKeyword.groovy)
	at com.kms.katalon.core.webui.keyword.internal.WebUIKeywordMain.runKeyword(WebUIKeywordMain.groovy:20)
	at com.kms.katalon.core.webui.keyword.internal.WebUIKeywordMain$runKeyword.call(Unknown Source)
	at com.kms.katalon.core.webui.keyword.builtin.VerifyElementNotPresentKeyword.verifyElementNotPresent(VerifyElementNotPresentKeyword.groovy:117)
	at com.kms.katalon.core.webui.keyword.builtin.VerifyElementNotPresentKeyword.execute(VerifyElementNotPresentKeyword.groovy:68)
	at com.kms.katalon.core.keyword.internal.KeywordExecutor.executeKeywordForPlatform(KeywordExecutor.groovy:74)
	at com.kms.katalon.core.webui.keyword.WebUiBuiltInKeywords.verifyElementNotPresent(WebUiBuiltInKeywords.groovy:1481)
	at com.kms.katalon.core.webui.keyword.WebUiBuiltInKeywords$verifyElementNotPresent$8.call(Unknown Source)
	at GetBrokSumPriceDaily.run(GetBrokSumPriceDaily:309)
	at com.kms.katalon.core.main.ScriptEngine.run(ScriptEngine.java:194)
	at com.kms.katalon.core.main.ScriptEngine.runScriptAsRawText(ScriptEngine.java:119)
	at com.kms.katalon.core.main.TestCaseExecutor.runScript(TestCaseExecutor.java:445)
	at com.kms.katalon.core.main.TestCaseExecutor.doExecute(TestCaseExecutor.java:436)
	at com.kms.katalon.core.main.TestCaseExecutor.processExecutionPhase(TestCaseExecutor.java:415)
	at com.kms.katalon.core.main.TestCaseExecutor.accessMainPhase(TestCaseExecutor.java:407)
	at com.kms.katalon.core.main.TestCaseExecutor.execute(TestCaseExecutor.java:284)
	at com.kms.katalon.core.common.CommonExecutor.accessTestCaseMainPhase(CommonExecutor.java:65)
	at com.kms.katalon.core.main.TestSuiteExecutor.accessTestSuiteMainPhase(TestSuiteExecutor.java:144)
	at com.kms.katalon.core.main.TestSuiteExecutor.execute(TestSuiteExecutor.java:106)
	at com.kms.katalon.core.main.TestCaseMain.startTestSuite(TestCaseMain.java:185)
	at com.kms.katalon.core.main.TestCaseMain$startTestSuite$0.call(Unknown Source)
	at TempTestSuite1705923140048.run(TempTestSuite1705923140048.groovy:36)
)

2024-01-22 18:41:56 - [MESSAGE][WARNING] - Web element with id: 'Object Repository/Stockbit/Bandarmology_Seller2' located by 'By.xpath: //*[contains(@id, 'rc-tabs-')]/div[2]/div/div/div/div/div/div[2]/table/tbody/tr[3]/td[5]/p' is present after '1' second(s) (Root cause: com.kms.katalon.core.exception.StepFailedException: Web element with id: 'Object Repository/Stockbit/Bandarmology_Seller2' located by 'By.xpath: //*[contains(@id, 'rc-tabs-')]/div[2]/div/div/div/div/div/div[2]/table/tbody/tr[3]/td[5]/p' is present after '1' second(s)
	at com.kms.katalon.core.webui.keyword.internal.WebUIKeywordMain.stepFailed(WebUIKeywordMain.groovy:64)
	at com.kms.katalon.core.webui.keyword.internal.WebUIKeywordMain$stepFailed$0.call(Unknown Source)
	at com.kms.katalon.core.webui.keyword.builtin.VerifyElementNotPresentKeyword$_verifyElementNotPresent_closure1.doCall(VerifyElementNotPresentKeyword.groovy:106)
	at com.kms.katalon.core.webui.keyword.builtin.VerifyElementNotPresentKeyword$_verifyElementNotPresent_closure1.doCall(VerifyElementNotPresentKeyword.groovy)
	at com.kms.katalon.core.webui.keyword.internal.WebUIKeywordMain.runKeyword(WebUIKeywordMain.groovy:20)
	at com.kms.katalon.core.webui.keyword.internal.WebUIKeywordMain$runKeyword.call(Unknown Source)
	at com.kms.katalon.core.webui.keyword.builtin.VerifyElementNotPresentKeyword.verifyElementNotPresent(VerifyElementNotPresentKeyword.groovy:117)
	at com.kms.katalon.core.webui.keyword.builtin.VerifyElementNotPresentKeyword.execute(VerifyElementNotPresentKeyword.groovy:68)
	at com.kms.katalon.core.keyword.internal.KeywordExecutor.executeKeywordForPlatform(KeywordExecutor.groovy:74)
	at com.kms.katalon.core.webui.keyword.WebUiBuiltInKeywords.verifyElementNotPresent(WebUiBuiltInKeywords.groovy:1481)
	at com.kms.katalon.core.webui.keyword.WebUiBuiltInKeywords$verifyElementNotPresent$8.call(Unknown Source)
	at GetBrokSumPriceDaily.run(GetBrokSumPriceDaily:309)
	at com.kms.katalon.core.main.ScriptEngine.run(ScriptEngine.java:194)
	at com.kms.katalon.core.main.ScriptEngine.runScriptAsRawText(ScriptEngine.java:119)
	at com.kms.katalon.core.main.TestCaseExecutor.runScript(TestCaseExecutor.java:445)
	at com.kms.katalon.core.main.TestCaseExecutor.doExecute(TestCaseExecutor.java:436)
	at com.kms.katalon.core.main.TestCaseExecutor.processExecutionPhase(TestCaseExecutor.java:415)
	at com.kms.katalon.core.main.TestCaseExecutor.accessMainPhase(TestCaseExecutor.java:407)
	at com.kms.katalon.core.main.TestCaseExecutor.execute(TestCaseExecutor.java:284)
	at com.kms.katalon.core.common.CommonExecutor.accessTestCaseMainPhase(CommonExecutor.java:65)
	at com.kms.katalon.core.main.TestSuiteExecutor.accessTestSuiteMainPhase(TestSuiteExecutor.java:144)
	at com.kms.katalon.core.main.TestSuiteExecutor.execute(TestSuiteExecutor.java:106)
	at com.kms.katalon.core.main.TestCaseMain.startTestSuite(TestCaseMain.java:185)
	at com.kms.katalon.core.main.TestCaseMain$startTestSuite$0.call(Unknown Source)
	at TempTestSuite1705923140048.run(TempTestSuite1705923140048.groovy:36)
)
[[ATTACHMENT|C:\\Users\\Fadli\\git\\KatalonDailyGetData2\\Reports\\20240122_174123\\TS1\\20240122_183220\\1705923716139.png]]

2024-01-22 18:41:56 - [TEST_STEP][PASSED] - else: null

2024-01-22 18:41:56 - [TEST_STEP][PASSED] - strSeller2 = getText(findTestObject("Stockbit/Bandarmology_Seller2")): Text of object 'Object Repository/Stockbit/Bandarmology_Seller2' is: 'DR'

2024-01-22 18:41:56 - [MESSAGE][PASSED] - Text of object 'Object Repository/Stockbit/Bandarmology_Seller2' is: 'DR'

2024-01-22 18:41:56 - [TEST_STEP][PASSED] - strSellerVol2 = getText(findTestObject("Stockbit/Bandarmology_SellerVol2")): Text of object 'Object Repository/Stockbit/Bandarmology_SellerVol2' is: '4.5 K'

2024-01-22 18:41:56 - [MESSAGE][PASSED] - Text of object 'Object Repository/Stockbit/Bandarmology_SellerVol2' is: '4.5 K'

2024-01-22 18:41:56 - [TEST_STEP][PASSED] - strSellerAvg2 = getText(findTestObject("Stockbit/Bandarmology_SellerAvg2")): Text of object 'Object Repository/Stockbit/Bandarmology_SellerAvg2' is: '50'

2024-01-22 18:41:56 - [MESSAGE][PASSED] - Text of object 'Object Repository/Stockbit/Bandarmology_SellerAvg2' is: '50'

2024-01-22 18:41:56 - [TEST_STEP][PASSED] - if (strSeller2 != ""): null

2024-01-22 18:41:56 - [TEST_STEP][PASSED] - if (strSellerAvg2.contains(",")): null

2024-01-22 18:41:56 - [TEST_STEP][PASSED] - if (strSellerVol2.contains(" B")): null

2024-01-22 18:41:56 - [TEST_STEP][PASSED] - else if (strSellerVol2.contains(" M")): null

2024-01-22 18:41:56 - [TEST_STEP][PASSED] - else if (strSellerVol2.contains(" K")): null

2024-01-22 18:41:56 - [TEST_STEP][PASSED] - strSellerVol2 = strSellerVol2.replace(" K", ""): null

2024-01-22 18:41:56 - [TEST_STEP][PASSED] - strSellerVol2 = strSellerVol2.toDouble() * 1000: null

2024-01-22 18:41:56 - [TEST_STEP][PASSED] - if (verifyElementNotPresent(findTestObject("Stockbit/Bandarmology_Buyer3"), 1, OPTIONAL)): Web element with id: 'Object Repository/Stockbit/Bandarmology_Buyer3' located by 'By.xpath: //*[contains(@id, 'rc-tabs-')]/div[2]/div/div/div/div/div/div[2]/table/tbody/tr[4]/td[1]/p' is present after '1' second(s) (Root cause: com.kms.katalon.core.exception.StepFailedException: Web element with id: 'Object Repository/Stockbit/Bandarmology_Buyer3' located by 'By.xpath: //*[contains(@id, 'rc-tabs-')]/div[2]/div/div/div/div/div/div[2]/table/tbody/tr[4]/td[1]/p' is present after '1' second(s)
	at com.kms.katalon.core.webui.keyword.internal.WebUIKeywordMain.stepFailed(WebUIKeywordMain.groovy:64)
	at com.kms.katalon.core.webui.keyword.internal.WebUIKeywordMain$stepFailed$0.call(Unknown Source)
	at com.kms.katalon.core.webui.keyword.builtin.VerifyElementNotPresentKeyword$_verifyElementNotPresent_closure1.doCall(VerifyElementNotPresentKeyword.groovy:106)
	at com.kms.katalon.core.webui.keyword.builtin.VerifyElementNotPresentKeyword$_verifyElementNotPresent_closure1.doCall(VerifyElementNotPresentKeyword.groovy)
	at com.kms.katalon.core.webui.keyword.internal.WebUIKeywordMain.runKeyword(WebUIKeywordMain.groovy:20)
	at com.kms.katalon.core.webui.keyword.internal.WebUIKeywordMain$runKeyword.call(Unknown Source)
	at com.kms.katalon.core.webui.keyword.builtin.VerifyElementNotPresentKeyword.verifyElementNotPresent(VerifyElementNotPresentKeyword.groovy:117)
	at com.kms.katalon.core.webui.keyword.builtin.VerifyElementNotPresentKeyword.execute(VerifyElementNotPresentKeyword.groovy:68)
	at com.kms.katalon.core.keyword.internal.KeywordExecutor.executeKeywordForPlatform(KeywordExecutor.groovy:74)
	at com.kms.katalon.core.webui.keyword.WebUiBuiltInKeywords.verifyElementNotPresent(WebUiBuiltInKeywords.groovy:1481)
	at com.kms.katalon.core.webui.keyword.WebUiBuiltInKeywords$verifyElementNotPresent$8.call(Unknown Source)
	at GetBrokSumPriceDaily.run(GetBrokSumPriceDaily:361)
	at com.kms.katalon.core.main.ScriptEngine.run(ScriptEngine.java:194)
	at com.kms.katalon.core.main.ScriptEngine.runScriptAsRawText(ScriptEngine.java:119)
	at com.kms.katalon.core.main.TestCaseExecutor.runScript(TestCaseExecutor.java:445)
	at com.kms.katalon.core.main.TestCaseExecutor.doExecute(TestCaseExecutor.java:436)
	at com.kms.katalon.core.main.TestCaseExecutor.processExecutionPhase(TestCaseExecutor.java:415)
	at com.kms.katalon.core.main.TestCaseExecutor.accessMainPhase(TestCaseExecutor.java:407)
	at com.kms.katalon.core.main.TestCaseExecutor.execute(TestCaseExecutor.java:284)
	at com.kms.katalon.core.common.CommonExecutor.accessTestCaseMainPhase(CommonExecutor.java:65)
	at com.kms.katalon.core.main.TestSuiteExecutor.accessTestSuiteMainPhase(TestSuiteExecutor.java:144)
	at com.kms.katalon.core.main.TestSuiteExecutor.execute(TestSuiteExecutor.java:106)
	at com.kms.katalon.core.main.TestCaseMain.startTestSuite(TestCaseMain.java:185)
	at com.kms.katalon.core.main.TestCaseMain$startTestSuite$0.call(Unknown Source)
	at TempTestSuite1705923140048.run(TempTestSuite1705923140048.groovy:36)
)

2024-01-22 18:41:58 - [MESSAGE][WARNING] - Web element with id: 'Object Repository/Stockbit/Bandarmology_Buyer3' located by 'By.xpath: //*[contains(@id, 'rc-tabs-')]/div[2]/div/div/div/div/div/div[2]/table/tbody/tr[4]/td[1]/p' is present after '1' second(s) (Root cause: com.kms.katalon.core.exception.StepFailedException: Web element with id: 'Object Repository/Stockbit/Bandarmology_Buyer3' located by 'By.xpath: //*[contains(@id, 'rc-tabs-')]/div[2]/div/div/div/div/div/div[2]/table/tbody/tr[4]/td[1]/p' is present after '1' second(s)
	at com.kms.katalon.core.webui.keyword.internal.WebUIKeywordMain.stepFailed(WebUIKeywordMain.groovy:64)
	at com.kms.katalon.core.webui.keyword.internal.WebUIKeywordMain$stepFailed$0.call(Unknown Source)
	at com.kms.katalon.core.webui.keyword.builtin.VerifyElementNotPresentKeyword$_verifyElementNotPresent_closure1.doCall(VerifyElementNotPresentKeyword.groovy:106)
	at com.kms.katalon.core.webui.keyword.builtin.VerifyElementNotPresentKeyword$_verifyElementNotPresent_closure1.doCall(VerifyElementNotPresentKeyword.groovy)
	at com.kms.katalon.core.webui.keyword.internal.WebUIKeywordMain.runKeyword(WebUIKeywordMain.groovy:20)
	at com.kms.katalon.core.webui.keyword.internal.WebUIKeywordMain$runKeyword.call(Unknown Source)
	at com.kms.katalon.core.webui.keyword.builtin.VerifyElementNotPresentKeyword.verifyElementNotPresent(VerifyElementNotPresentKeyword.groovy:117)
	at com.kms.katalon.core.webui.keyword.builtin.VerifyElementNotPresentKeyword.execute(VerifyElementNotPresentKeyword.groovy:68)
	at com.kms.katalon.core.keyword.internal.KeywordExecutor.executeKeywordForPlatform(KeywordExecutor.groovy:74)
	at com.kms.katalon.core.webui.keyword.WebUiBuiltInKeywords.verifyElementNotPresent(WebUiBuiltInKeywords.groovy:1481)
	at com.kms.katalon.core.webui.keyword.WebUiBuiltInKeywords$verifyElementNotPresent$8.call(Unknown Source)
	at GetBrokSumPriceDaily.run(GetBrokSumPriceDaily:361)
	at com.kms.katalon.core.main.ScriptEngine.run(ScriptEngine.java:194)
	at com.kms.katalon.core.main.ScriptEngine.runScriptAsRawText(ScriptEngine.java:119)
	at com.kms.katalon.core.main.TestCaseExecutor.runScript(TestCaseExecutor.java:445)
	at com.kms.katalon.core.main.TestCaseExecutor.doExecute(TestCaseExecutor.java:436)
	at com.kms.katalon.core.main.TestCaseExecutor.processExecutionPhase(TestCaseExecutor.java:415)
	at com.kms.katalon.core.main.TestCaseExecutor.accessMainPhase(TestCaseExecutor.java:407)
	at com.kms.katalon.core.main.TestCaseExecutor.execute(TestCaseExecutor.java:284)
	at com.kms.katalon.core.common.CommonExecutor.accessTestCaseMainPhase(CommonExecutor.java:65)
	at com.kms.katalon.core.main.TestSuiteExecutor.accessTestSuiteMainPhase(TestSuiteExecutor.java:144)
	at com.kms.katalon.core.main.TestSuiteExecutor.execute(TestSuiteExecutor.java:106)
	at com.kms.katalon.core.main.TestCaseMain.startTestSuite(TestCaseMain.java:185)
	at com.kms.katalon.core.main.TestCaseMain$startTestSuite$0.call(Unknown Source)
	at TempTestSuite1705923140048.run(TempTestSuite1705923140048.groovy:36)
)
[[ATTACHMENT|C:\\Users\\Fadli\\git\\KatalonDailyGetData2\\Reports\\20240122_174123\\TS1\\20240122_183220\\1705923717847.png]]

2024-01-22 18:41:58 - [TEST_STEP][PASSED] - else: null

2024-01-22 18:41:58 - [TEST_STEP][PASSED] - strBuyer3 = getText(findTestObject("Stockbit/Bandarmology_Buyer3")): Text of object 'Object Repository/Stockbit/Bandarmology_Buyer3' is: 'CC'

2024-01-22 18:41:58 - [MESSAGE][PASSED] - Text of object 'Object Repository/Stockbit/Bandarmology_Buyer3' is: 'CC'

2024-01-22 18:41:58 - [TEST_STEP][PASSED] - strBuyerVol3 = getText(findTestObject("Stockbit/Bandarmology_BuyerVol3")): Text of object 'Object Repository/Stockbit/Bandarmology_BuyerVol3' is: '3.3 K'

2024-01-22 18:41:58 - [MESSAGE][PASSED] - Text of object 'Object Repository/Stockbit/Bandarmology_BuyerVol3' is: '3.3 K'

2024-01-22 18:41:58 - [TEST_STEP][PASSED] - strBuyerAvg3 = getText(findTestObject("Stockbit/Bandarmology_BuyerAvg3")): Text of object 'Object Repository/Stockbit/Bandarmology_BuyerAvg3' is: '50'

2024-01-22 18:41:58 - [MESSAGE][PASSED] - Text of object 'Object Repository/Stockbit/Bandarmology_BuyerAvg3' is: '50'

2024-01-22 18:41:58 - [TEST_STEP][PASSED] - if (strBuyer3 != ""): null

2024-01-22 18:41:58 - [TEST_STEP][PASSED] - if (strBuyerAvg3.contains(",")): null

2024-01-22 18:41:58 - [TEST_STEP][PASSED] - if (strBuyerVol3.contains(" B")): null

2024-01-22 18:41:58 - [TEST_STEP][PASSED] - else if (strBuyerVol3.contains(" M")): null

2024-01-22 18:41:58 - [TEST_STEP][PASSED] - else if (strBuyerVol3.contains(" K")): null

2024-01-22 18:41:58 - [TEST_STEP][PASSED] - strBuyerVol3 = strBuyerVol3.replace(" K", ""): null

2024-01-22 18:41:58 - [TEST_STEP][PASSED] - strBuyerVol3 = strBuyerVol3.toDouble() * 1000: null

2024-01-22 18:41:58 - [TEST_STEP][PASSED] - if (verifyElementNotPresent(findTestObject("Stockbit/Bandarmology_Seller3"), 1, OPTIONAL)): Web element with id: 'Object Repository/Stockbit/Bandarmology_Seller3' located by 'By.xpath: //*[contains(@id, 'rc-tabs-')]/div[2]/div/div/div/div/div/div[2]/table/tbody/tr[4]/td[5]/p' is present after '1' second(s) (Root cause: com.kms.katalon.core.exception.StepFailedException: Web element with id: 'Object Repository/Stockbit/Bandarmology_Seller3' located by 'By.xpath: //*[contains(@id, 'rc-tabs-')]/div[2]/div/div/div/div/div/div[2]/table/tbody/tr[4]/td[5]/p' is present after '1' second(s)
	at com.kms.katalon.core.webui.keyword.internal.WebUIKeywordMain.stepFailed(WebUIKeywordMain.groovy:64)
	at com.kms.katalon.core.webui.keyword.internal.WebUIKeywordMain$stepFailed$0.call(Unknown Source)
	at com.kms.katalon.core.webui.keyword.builtin.VerifyElementNotPresentKeyword$_verifyElementNotPresent_closure1.doCall(VerifyElementNotPresentKeyword.groovy:106)
	at com.kms.katalon.core.webui.keyword.builtin.VerifyElementNotPresentKeyword$_verifyElementNotPresent_closure1.doCall(VerifyElementNotPresentKeyword.groovy)
	at com.kms.katalon.core.webui.keyword.internal.WebUIKeywordMain.runKeyword(WebUIKeywordMain.groovy:20)
	at com.kms.katalon.core.webui.keyword.internal.WebUIKeywordMain$runKeyword.call(Unknown Source)
	at com.kms.katalon.core.webui.keyword.builtin.VerifyElementNotPresentKeyword.verifyElementNotPresent(VerifyElementNotPresentKeyword.groovy:117)
	at com.kms.katalon.core.webui.keyword.builtin.VerifyElementNotPresentKeyword.execute(VerifyElementNotPresentKeyword.groovy:68)
	at com.kms.katalon.core.keyword.internal.KeywordExecutor.executeKeywordForPlatform(KeywordExecutor.groovy:74)
	at com.kms.katalon.core.webui.keyword.WebUiBuiltInKeywords.verifyElementNotPresent(WebUiBuiltInKeywords.groovy:1481)
	at com.kms.katalon.core.webui.keyword.WebUiBuiltInKeywords$verifyElementNotPresent$8.call(Unknown Source)
	at GetBrokSumPriceDaily.run(GetBrokSumPriceDaily:414)
	at com.kms.katalon.core.main.ScriptEngine.run(ScriptEngine.java:194)
	at com.kms.katalon.core.main.ScriptEngine.runScriptAsRawText(ScriptEngine.java:119)
	at com.kms.katalon.core.main.TestCaseExecutor.runScript(TestCaseExecutor.java:445)
	at com.kms.katalon.core.main.TestCaseExecutor.doExecute(TestCaseExecutor.java:436)
	at com.kms.katalon.core.main.TestCaseExecutor.processExecutionPhase(TestCaseExecutor.java:415)
	at com.kms.katalon.core.main.TestCaseExecutor.accessMainPhase(TestCaseExecutor.java:407)
	at com.kms.katalon.core.main.TestCaseExecutor.execute(TestCaseExecutor.java:284)
	at com.kms.katalon.core.common.CommonExecutor.accessTestCaseMainPhase(CommonExecutor.java:65)
	at com.kms.katalon.core.main.TestSuiteExecutor.accessTestSuiteMainPhase(TestSuiteExecutor.java:144)
	at com.kms.katalon.core.main.TestSuiteExecutor.execute(TestSuiteExecutor.java:106)
	at com.kms.katalon.core.main.TestCaseMain.startTestSuite(TestCaseMain.java:185)
	at com.kms.katalon.core.main.TestCaseMain$startTestSuite$0.call(Unknown Source)
	at TempTestSuite1705923140048.run(TempTestSuite1705923140048.groovy:36)
)

2024-01-22 18:41:59 - [MESSAGE][WARNING] - Web element with id: 'Object Repository/Stockbit/Bandarmology_Seller3' located by 'By.xpath: //*[contains(@id, 'rc-tabs-')]/div[2]/div/div/div/div/div/div[2]/table/tbody/tr[4]/td[5]/p' is present after '1' second(s) (Root cause: com.kms.katalon.core.exception.StepFailedException: Web element with id: 'Object Repository/Stockbit/Bandarmology_Seller3' located by 'By.xpath: //*[contains(@id, 'rc-tabs-')]/div[2]/div/div/div/div/div/div[2]/table/tbody/tr[4]/td[5]/p' is present after '1' second(s)
	at com.kms.katalon.core.webui.keyword.internal.WebUIKeywordMain.stepFailed(WebUIKeywordMain.groovy:64)
	at com.kms.katalon.core.webui.keyword.internal.WebUIKeywordMain$stepFailed$0.call(Unknown Source)
	at com.kms.katalon.core.webui.keyword.builtin.VerifyElementNotPresentKeyword$_verifyElementNotPresent_closure1.doCall(VerifyElementNotPresentKeyword.groovy:106)
	at com.kms.katalon.core.webui.keyword.builtin.VerifyElementNotPresentKeyword$_verifyElementNotPresent_closure1.doCall(VerifyElementNotPresentKeyword.groovy)
	at com.kms.katalon.core.webui.keyword.internal.WebUIKeywordMain.runKeyword(WebUIKeywordMain.groovy:20)
	at com.kms.katalon.core.webui.keyword.internal.WebUIKeywordMain$runKeyword.call(Unknown Source)
	at com.kms.katalon.core.webui.keyword.builtin.VerifyElementNotPresentKeyword.verifyElementNotPresent(VerifyElementNotPresentKeyword.groovy:117)
	at com.kms.katalon.core.webui.keyword.builtin.VerifyElementNotPresentKeyword.execute(VerifyElementNotPresentKeyword.groovy:68)
	at com.kms.katalon.core.keyword.internal.KeywordExecutor.executeKeywordForPlatform(KeywordExecutor.groovy:74)
	at com.kms.katalon.core.webui.keyword.WebUiBuiltInKeywords.verifyElementNotPresent(WebUiBuiltInKeywords.groovy:1481)
	at com.kms.katalon.core.webui.keyword.WebUiBuiltInKeywords$verifyElementNotPresent$8.call(Unknown Source)
	at GetBrokSumPriceDaily.run(GetBrokSumPriceDaily:414)
	at com.kms.katalon.core.main.ScriptEngine.run(ScriptEngine.java:194)
	at com.kms.katalon.core.main.ScriptEngine.runScriptAsRawText(ScriptEngine.java:119)
	at com.kms.katalon.core.main.TestCaseExecutor.runScript(TestCaseExecutor.java:445)
	at com.kms.katalon.core.main.TestCaseExecutor.doExecute(TestCaseExecutor.java:436)
	at com.kms.katalon.core.main.TestCaseExecutor.processExecutionPhase(TestCaseExecutor.java:415)
	at com.kms.katalon.core.main.TestCaseExecutor.accessMainPhase(TestCaseExecutor.java:407)
	at com.kms.katalon.core.main.TestCaseExecutor.execute(TestCaseExecutor.java:284)
	at com.kms.katalon.core.common.CommonExecutor.accessTestCaseMainPhase(CommonExecutor.java:65)
	at com.kms.katalon.core.main.TestSuiteExecutor.accessTestSuiteMainPhase(TestSuiteExecutor.java:144)
	at com.kms.katalon.core.main.TestSuiteExecutor.execute(TestSuiteExecutor.java:106)
	at com.kms.katalon.core.main.TestCaseMain.startTestSuite(TestCaseMain.java:185)
	at com.kms.katalon.core.main.TestCaseMain$startTestSuite$0.call(Unknown Source)
	at TempTestSuite1705923140048.run(TempTestSuite1705923140048.groovy:36)
)
[[ATTACHMENT|C:\\Users\\Fadli\\git\\KatalonDailyGetData2\\Reports\\20240122_174123\\TS1\\20240122_183220\\1705923719548.png]]

2024-01-22 18:41:59 - [TEST_STEP][PASSED] - else: null

2024-01-22 18:41:59 - [TEST_STEP][PASSED] - strSeller3 = getText(findTestObject("Stockbit/Bandarmology_Seller3")): Text of object 'Object Repository/Stockbit/Bandarmology_Seller3' is: 'DH'

2024-01-22 18:41:59 - [MESSAGE][PASSED] - Text of object 'Object Repository/Stockbit/Bandarmology_Seller3' is: 'DH'

2024-01-22 18:41:59 - [TEST_STEP][PASSED] - strSellerVol3 = getText(findTestObject("Stockbit/Bandarmology_SellerVol3")): Text of object 'Object Repository/Stockbit/Bandarmology_SellerVol3' is: '2 K'

2024-01-22 18:41:59 - [MESSAGE][PASSED] - Text of object 'Object Repository/Stockbit/Bandarmology_SellerVol3' is: '2 K'

2024-01-22 18:41:59 - [TEST_STEP][PASSED] - strSellerAvg3 = getText(findTestObject("Stockbit/Bandarmology_SellerAvg3")): Text of object 'Object Repository/Stockbit/Bandarmology_SellerAvg3' is: '50'

2024-01-22 18:42:00 - [MESSAGE][PASSED] - Text of object 'Object Repository/Stockbit/Bandarmology_SellerAvg3' is: '50'

2024-01-22 18:42:00 - [TEST_STEP][PASSED] - if (strSeller3 != ""): null

2024-01-22 18:42:00 - [TEST_STEP][PASSED] - if (strSellerAvg3.contains(",")): null

2024-01-22 18:42:00 - [TEST_STEP][PASSED] - if (strSellerVol3.contains(" B")): null

2024-01-22 18:42:00 - [TEST_STEP][PASSED] - else if (strSellerVol3.contains(" M")): null

2024-01-22 18:42:00 - [TEST_STEP][PASSED] - else if (strSellerVol3.contains(" K")): null

2024-01-22 18:42:00 - [TEST_STEP][PASSED] - strSellerVol3 = strSellerVol3.replace(" K", ""): null

2024-01-22 18:42:00 - [TEST_STEP][PASSED] - strSellerVol3 = strSellerVol3.toDouble() * 1000: null

2024-01-22 18:42:00 - [TEST_STEP][PASSED] - strAccDist = getText(findTestObject("Stockbit/Bandarmology_AccDist")): Text of object 'Object Repository/Stockbit/Bandarmology_AccDist' is: 'Dist'

2024-01-22 18:42:00 - [MESSAGE][PASSED] - Text of object 'Object Repository/Stockbit/Bandarmology_AccDist' is: 'Dist'

2024-01-22 18:42:00 - [TEST_STEP][PASSED] - strNetVol = getText(findTestObject("Stockbit/Bandarmology_NetVol")): Text of object 'Object Repository/Stockbit/Bandarmology_NetVol' is: '21,080'

2024-01-22 18:42:00 - [MESSAGE][PASSED] - Text of object 'Object Repository/Stockbit/Bandarmology_NetVol' is: '21,080'

2024-01-22 18:42:00 - [TEST_STEP][PASSED] - strNetVol = strNetVol.replace(",", ""): null

2024-01-22 18:42:00 - [TEST_STEP][PASSED] - strNetVal = getText(findTestObject("Stockbit/Bandarmology_NetVal")): Text of object 'Object Repository/Stockbit/Bandarmology_NetVal' is: '0.1 B'

2024-01-22 18:42:00 - [MESSAGE][PASSED] - Text of object 'Object Repository/Stockbit/Bandarmology_NetVal' is: '0.1 B'

2024-01-22 18:42:00 - [TEST_STEP][PASSED] - delay(3): Delayed 3 second(s)

2024-01-22 18:42:03 - [MESSAGE][PASSED] - Delayed 3 second(s)

2024-01-22 18:42:03 - [TEST_STEP][PASSED] - strOpenPrice = getText(findTestObject("Stockbit/Home_OpenPrice")): Text of object 'Object Repository/Stockbit/Home_OpenPrice' is: '50'

2024-01-22 18:42:03 - [MESSAGE][PASSED] - Text of object 'Object Repository/Stockbit/Home_OpenPrice' is: '50'

2024-01-22 18:42:03 - [TEST_STEP][PASSED] - strOpenPrice = strOpenPrice.replace(",", ""): null

2024-01-22 18:42:03 - [TEST_STEP][PASSED] - strLowPrice = getText(findTestObject("Stockbit/Home_LowPrice")): Text of object 'Object Repository/Stockbit/Home_LowPrice' is: '50'

2024-01-22 18:42:03 - [MESSAGE][PASSED] - Text of object 'Object Repository/Stockbit/Home_LowPrice' is: '50'

2024-01-22 18:42:03 - [TEST_STEP][PASSED] - strLowPrice = strLowPrice.replace(",", ""): null

2024-01-22 18:42:03 - [TEST_STEP][PASSED] - strHighPrice = getText(findTestObject("Stockbit/Home_HighPrice")): Text of object 'Object Repository/Stockbit/Home_HighPrice' is: '51'

2024-01-22 18:42:03 - [MESSAGE][PASSED] - Text of object 'Object Repository/Stockbit/Home_HighPrice' is: '51'

2024-01-22 18:42:03 - [TEST_STEP][PASSED] - strHighPrice = strHighPrice.replace(",", ""): null

2024-01-22 18:42:03 - [TEST_STEP][PASSED] - strClosePrice = getText(findTestObject("Stockbit/Home_ClosePrice")): Text of object 'Object Repository/Stockbit/Home_ClosePrice' is: '50'

2024-01-22 18:42:03 - [MESSAGE][PASSED] - Text of object 'Object Repository/Stockbit/Home_ClosePrice' is: '50'

2024-01-22 18:42:03 - [TEST_STEP][PASSED] - strClosePrice = strClosePrice.replace(",", ""): null

2024-01-22 18:42:03 - [TEST_STEP][PASSED] - strVol = getText(findTestObject("Stockbit/Home_Volume")): Text of object 'Object Repository/Stockbit/Home_Volume' is: '29 K'

2024-01-22 18:42:04 - [MESSAGE][PASSED] - Text of object 'Object Repository/Stockbit/Home_Volume' is: '29 K'

2024-01-22 18:42:04 - [TEST_STEP][PASSED] - if (strVol.contains(" K")): null

2024-01-22 18:42:04 - [TEST_STEP][PASSED] - strVol = strVol.replace(" K", "000"): null

2024-01-22 18:42:04 - [TEST_STEP][PASSED] - if (strVol.contains(",")): null

2024-01-22 18:42:04 - [TEST_STEP][PASSED] - strChange = getText(findTestObject("Stockbit/Home_Change")): Text of object 'Object Repository/Stockbit/Home_Change' is: '0.00%'

2024-01-22 18:42:04 - [MESSAGE][PASSED] - Text of object 'Object Repository/Stockbit/Home_Change' is: '0.00%'

2024-01-22 18:42:04 - [TEST_STEP][PASSED] - strChange = strChange.replace("%", ""): null

2024-01-22 18:42:04 - [TEST_STEP][PASSED] - strFreq = getText(findTestObject("Stockbit/Home_Freq")): Text of object 'Object Repository/Stockbit/Home_Freq' is: '199'

2024-01-22 18:42:04 - [MESSAGE][PASSED] - Text of object 'Object Repository/Stockbit/Home_Freq' is: '199'

2024-01-22 18:42:04 - [TEST_STEP][PASSED] - if (strFreq.contains(",")): null

2024-01-22 18:42:04 - [TEST_STEP][PASSED] - if (strFreq == "NA" || strFreq == ""): null

2024-01-22 18:42:04 - [TEST_STEP][PASSED] - else: null

2024-01-22 18:42:04 - [TEST_STEP][PASSED] - dblFreqAnal = strVol.toDouble() / strFreq.toDouble() * strFreq.toDouble() * strFreq.toDouble() * 100000000: null

2024-01-22 18:42:04 - [TEST_STEP][PASSED] - strFreqAnal = String.format("%.4f", dblFreqAnal): null

2024-01-22 18:42:04 - [TEST_STEP][PASSED] - out.println("Double strFreqAnal: " + strFreqAnal): null

2024-01-22 18:42:04 - [TEST_STEP][PASSED] - strTanggal = d.format(DateTimeFormatter.ofPattern("yyyy-MM-dd")): null

2024-01-22 18:42:04 - [TEST_STEP][PASSED] - strTanggal = "#" + strTanggal + "#": null

2024-01-22 18:42:04 - [TEST_STEP][PASSED] - strSQL = "select count(*) as JumBaris from TblBrokSum where Nama = '" + strNama + "' and Tanggal = " + strTanggal + "": null

2024-01-22 18:42:04 - [TEST_STEP][PASSED] - resultSet = statement.executeQuery(strSQL): null

2024-01-22 18:42:04 - [TEST_STEP][PASSED] - resultSet.next(): null

2024-01-22 18:42:04 - [TEST_STEP][PASSED] - intJumBaris = resultSet.getInt("JumBaris"): null

2024-01-22 18:42:04 - [TEST_STEP][PASSED] - if (intJumBaris > 0): null

2024-01-22 18:42:04 - [TEST_STEP][PASSED] - else: null

2024-01-22 18:42:04 - [TEST_STEP][PASSED] - try: null

2024-01-22 18:42:04 - [TEST_STEP][PASSED] - out.println("Insert data"): null

2024-01-22 18:42:04 - [TEST_STEP][PASSED] - strSQL = "insert into TblBrokSum (nama, tanggal, top1, top2, top3, AllBrokAvg, AccDist, AvgRP, " + "Buyer1, BuyerVal1, BuyerAvg1, Seller1, SellerVal1, SellerAvg1, Buyer2, BuyerVal2, BuyerAvg2, " + "Seller2, SellerVal2, SellerAvg2, Buyer3, BuyerVal3, BuyerAvg3, Seller3, SellerVal3, SellerAvg3, NetVol, NetVal, " + "OpenPrice, LowPrice, HighPrice, ClosePrice, Volume, Change, Frekuensi, FrekAnal) " + "values ('" + strNama + "', " + strTanggal + ", '" + strTop1 + "', '" + strTop3 + "', '" + strTop5 + "', " + "'" + strAllBrokAvg + "', '" + strAccDist + "', " + intAvgRP + ", '" + strBuyer1 + "', '" + strBuyerVol1 + "', " + strBuyerAvg1 + ", " + "'" + strSeller1 + "', '" + strSellerVol1 + "', " + strSellerAvg1 + ", '" + strBuyer2 + "', '" + strBuyerVol2 + "', " + strBuyerAvg2 + ", " + "'" + strSeller2 + "', '" + strSellerVol2 + "', " + strSellerAvg2 + ", '" + strBuyer3 + "', '" + strBuyerVol3 + "', " + strBuyerAvg3 + ", " + "'" + strSeller3 + "', '" + strSellerVol3 + "', " + strSellerAvg3 + ", " + strNetVol + ", '" + strNetVal + "', " + "" + strOpenPrice + ", " + strLowPrice + ", " + strHighPrice + ", " + strClosePrice + ", '" + strVol + "', " + strChange + ", " + strFreq + ", " + strFreqAnal + ");": null

2024-01-22 18:42:04 - [TEST_STEP][PASSED] - out.println("strSQL = " + strSQL): null

2024-01-22 18:42:04 - [TEST_STEP][PASSED] - statement.executeUpdate(strSQL): null

2024-01-22 18:42:04 - [TEST_STEP][PASSED] - setValueToCellByIndex(sheet01, rowIndex, 4, "DONE"): null

2024-01-22 18:42:04 - [TEST_STEP][PASSED] - saveWorkbook(excelFilePath, workbook01): null

2024-01-22 18:42:04 - [TEST_STEP][PASSED] - waitForElementClickable(findTestObject("Stockbit/menu_Bandarmology"), 10): Object 'Object Repository/Stockbit/menu_Bandarmology' is clickable

2024-01-22 18:42:04 - [MESSAGE][PASSED] - Object 'Object Repository/Stockbit/menu_Bandarmology' is clickable

2024-01-22 18:42:04 - [TEST_STEP][PASSED] - click(findTestObject("Stockbit/menu_Bandarmology")): Object: 'Object Repository/Stockbit/menu_Bandarmology' is clicked on

2024-01-22 18:42:04 - [MESSAGE][PASSED] - Object: 'Object Repository/Stockbit/menu_Bandarmology' is clicked on

2024-01-22 18:42:04 - [TEST_STEP][PASSED] - strTemp = "NA": null

2024-01-22 18:42:04 - [TEST_STEP][PASSED] - if (getCellValueByIndex(sheet01, rowIndex, 4) != "DONE"): Object: 'Object Repository/Stockbit/menu_Bandarmology' is clicked on

2024-01-22 18:42:04 - [TEST_STEP][PASSED] - strNama = getCellValueByIndex(sheet01, rowIndex, 0): null

2024-01-22 18:42:04 - [TEST_STEP][PASSED] - navigateToUrl("https://stockbit.com/#/symbol/" + strNama): Navigate to 'https://stockbit.com/#/symbol/HATM' successfully

2024-01-22 18:42:06 - [MESSAGE][PASSED] - Navigate to 'https://stockbit.com/#/symbol/HATM' successfully

2024-01-22 18:42:06 - [TEST_STEP][PASSED] - waitForElementClickable(findTestObject("Stockbit/menu_Bandarmology"), 10): Object 'Object Repository/Stockbit/menu_Bandarmology' is clickable

2024-01-22 18:42:06 - [MESSAGE][PASSED] - Object 'Object Repository/Stockbit/menu_Bandarmology' is clickable

2024-01-22 18:42:06 - [TEST_STEP][PASSED] - click(findTestObject("Stockbit/menu_Bandarmology")): Object: 'Object Repository/Stockbit/menu_Bandarmology' is clicked on

2024-01-22 18:42:07 - [MESSAGE][PASSED] - Object: 'Object Repository/Stockbit/menu_Bandarmology' is clicked on

2024-01-22 18:42:07 - [TEST_STEP][PASSED] - strTanggal = d.format(DateTimeFormatter.ofPattern("MMM dd, yyyy")): null

2024-01-22 18:42:07 - [TEST_STEP][PASSED] - strTanggal = d.format(ISO_DATE): null

2024-01-22 18:42:07 - [TEST_STEP][PASSED] - out.println("strTanggal = " + strTanggal): null

2024-01-22 18:42:07 - [TEST_STEP][PASSED] - out.println("strNama = " + strNama): null

2024-01-22 18:42:07 - [TEST_STEP][PASSED] - out.println("Baris ke = " + rowIndex): null

2024-01-22 18:42:07 - [TEST_STEP][PASSED] - click(findTestObject("Stockbit/input__BandarmologyOpenStartDate")): Object: 'Object Repository/Stockbit/input__BandarmologyOpenStartDate' is clicked on

2024-01-22 18:42:08 - [MESSAGE][PASSED] - Object: 'Object Repository/Stockbit/input__BandarmologyOpenStartDate' is clicked on

2024-01-22 18:42:08 - [TEST_STEP][PASSED] - sendKeys(findTestObject("Stockbit/input__BandarmologyOpenStartDate"), Keys.chord(CONTROL, "a")): Keys 'CONTROL + a' sent to object: 'Object Repository/Stockbit/input__BandarmologyOpenStartDate'

2024-01-22 18:42:09 - [MESSAGE][PASSED] - Keys 'CONTROL + a' sent to object: 'Object Repository/Stockbit/input__BandarmologyOpenStartDate'

2024-01-22 18:42:09 - [TEST_STEP][PASSED] - sendKeys(findTestObject("Stockbit/input__BandarmologyOpenStartDate"), Keys.chord(BACK_SPACE)): Keys 'BACK_SPACE + ' sent to object: 'Object Repository/Stockbit/input__BandarmologyOpenStartDate'

2024-01-22 18:42:09 - [MESSAGE][PASSED] - Keys 'BACK_SPACE + ' sent to object: 'Object Repository/Stockbit/input__BandarmologyOpenStartDate'

2024-01-22 18:42:09 - [TEST_STEP][PASSED] - setText(findTestObject("Stockbit/input__BandarmologyOpenStartDate"), strTanggal): Text '2024-01-22' is set on object 'Object Repository/Stockbit/input__BandarmologyOpenStartDate'

2024-01-22 18:42:10 - [MESSAGE][PASSED] - Text '2024-01-22' is set on object 'Object Repository/Stockbit/input__BandarmologyOpenStartDate'

2024-01-22 18:42:10 - [TEST_STEP][PASSED] - sendKeys(findTestObject("Stockbit/input__BandarmologyOpenStartDate"), Keys.chord(ENTER)): Keys 'ENTER + ' sent to object: 'Object Repository/Stockbit/input__BandarmologyOpenStartDate'

2024-01-22 18:42:10 - [MESSAGE][PASSED] - Keys 'ENTER + ' sent to object: 'Object Repository/Stockbit/input__BandarmologyOpenStartDate'

2024-01-22 18:42:10 - [TEST_STEP][PASSED] - click(findTestObject("Stockbit/input__BandarmologyOpenEndDate")): Object: 'Object Repository/Stockbit/input__BandarmologyOpenEndDate' is clicked on

2024-01-22 18:42:11 - [MESSAGE][PASSED] - Object: 'Object Repository/Stockbit/input__BandarmologyOpenEndDate' is clicked on

2024-01-22 18:42:11 - [TEST_STEP][PASSED] - sendKeys(findTestObject("Stockbit/input__BandarmologyOpenEndDate"), Keys.chord(CONTROL, "a")): Keys 'CONTROL + a' sent to object: 'Object Repository/Stockbit/input__BandarmologyOpenEndDate'

2024-01-22 18:42:11 - [MESSAGE][PASSED] - Keys 'CONTROL + a' sent to object: 'Object Repository/Stockbit/input__BandarmologyOpenEndDate'

2024-01-22 18:42:11 - [TEST_STEP][PASSED] - sendKeys(findTestObject("Stockbit/input__BandarmologyOpenEndDate"), Keys.chord(BACK_SPACE)): Keys 'BACK_SPACE + ' sent to object: 'Object Repository/Stockbit/input__BandarmologyOpenEndDate'

2024-01-22 18:42:11 - [MESSAGE][PASSED] - Keys 'BACK_SPACE + ' sent to object: 'Object Repository/Stockbit/input__BandarmologyOpenEndDate'

2024-01-22 18:42:11 - [TEST_STEP][PASSED] - setText(findTestObject("Stockbit/input__BandarmologyOpenEndDate"), strTanggal): Text '2024-01-22' is set on object 'Object Repository/Stockbit/input__BandarmologyOpenEndDate'

2024-01-22 18:42:12 - [MESSAGE][PASSED] - Text '2024-01-22' is set on object 'Object Repository/Stockbit/input__BandarmologyOpenEndDate'

2024-01-22 18:42:12 - [TEST_STEP][PASSED] - sendKeys(findTestObject("Stockbit/input__BandarmologyOpenEndDate"), Keys.chord(ENTER)): Keys 'ENTER + ' sent to object: 'Object Repository/Stockbit/input__BandarmologyOpenEndDate'

2024-01-22 18:42:13 - [MESSAGE][PASSED] - Keys 'ENTER + ' sent to object: 'Object Repository/Stockbit/input__BandarmologyOpenEndDate'

2024-01-22 18:42:13 - [TEST_STEP][PASSED] - delay(2): Delayed 2 second(s)

2024-01-22 18:42:15 - [MESSAGE][PASSED] - Delayed 2 second(s)

2024-01-22 18:42:15 - [TEST_STEP][PASSED] - strTemp = getText(findTestObject("Stockbit/Bandarmology_AvgRP")): Text of object 'Object Repository/Stockbit/Bandarmology_AvgRP' is: '286'

2024-01-22 18:42:15 - [MESSAGE][PASSED] - Text of object 'Object Repository/Stockbit/Bandarmology_AvgRP' is: '286'

2024-01-22 18:42:15 - [TEST_STEP][PASSED] - out.println("Bandarmology_AvgRP = " + strTemp): null

2024-01-22 18:42:15 - [TEST_STEP][PASSED] - if (strTemp != "0"): null

2024-01-22 18:42:15 - [TEST_STEP][PASSED] - strTop1 = getText(findTestObject("Stockbit/Bandarmology_Top1")): Text of object 'Object Repository/Stockbit/Bandarmology_Top1' is: 'Big Acc'

2024-01-22 18:42:15 - [MESSAGE][PASSED] - Text of object 'Object Repository/Stockbit/Bandarmology_Top1' is: 'Big Acc'

2024-01-22 18:42:15 - [TEST_STEP][PASSED] - strTop3 = getText(findTestObject("Stockbit/Bandarmology_Top3")): Text of object 'Object Repository/Stockbit/Bandarmology_Top3' is: 'Neutral'

2024-01-22 18:42:15 - [MESSAGE][PASSED] - Text of object 'Object Repository/Stockbit/Bandarmology_Top3' is: 'Neutral'

2024-01-22 18:42:15 - [TEST_STEP][PASSED] - strTop5 = getText(findTestObject("Stockbit/Bandarmology_Top5")): Text of object 'Object Repository/Stockbit/Bandarmology_Top5' is: 'Neutral'

2024-01-22 18:42:15 - [MESSAGE][PASSED] - Text of object 'Object Repository/Stockbit/Bandarmology_Top5' is: 'Neutral'

2024-01-22 18:42:15 - [TEST_STEP][PASSED] - strAllBrokAvg = getText(findTestObject("Stockbit/Bandarmology_TopAVG")): Text of object 'Object Repository/Stockbit/Bandarmology_TopAVG' is: 'Neutral'

2024-01-22 18:42:15 - [MESSAGE][PASSED] - Text of object 'Object Repository/Stockbit/Bandarmology_TopAVG' is: 'Neutral'

2024-01-22 18:42:15 - [TEST_STEP][PASSED] - strTemp = getText(findTestObject("Stockbit/Bandarmology_AvgRP")): Text of object 'Object Repository/Stockbit/Bandarmology_AvgRP' is: '286'

2024-01-22 18:42:15 - [MESSAGE][PASSED] - Text of object 'Object Repository/Stockbit/Bandarmology_AvgRP' is: '286'

2024-01-22 18:42:15 - [TEST_STEP][PASSED] - if (strTemp.contains(",")): null

2024-01-22 18:42:15 - [TEST_STEP][PASSED] - intAvgRP = strTemp.toInteger(): null

2024-01-22 18:42:15 - [TEST_STEP][PASSED] - strBuyer1 = getText(findTestObject("Stockbit/Bandarmology_Buyer1")): Text of object 'Object Repository/Stockbit/Bandarmology_Buyer1' is: 'CP'

2024-01-22 18:42:15 - [MESSAGE][PASSED] - Text of object 'Object Repository/Stockbit/Bandarmology_Buyer1' is: 'CP'

2024-01-22 18:42:15 - [TEST_STEP][PASSED] - strBuyerVol1 = getText(findTestObject("Stockbit/Bandarmology_BuyerVol1")): Text of object 'Object Repository/Stockbit/Bandarmology_BuyerVol1' is: '395.3 K'

2024-01-22 18:42:15 - [MESSAGE][PASSED] - Text of object 'Object Repository/Stockbit/Bandarmology_BuyerVol1' is: '395.3 K'

2024-01-22 18:42:15 - [TEST_STEP][PASSED] - strBuyerAvg1 = getText(findTestObject("Stockbit/Bandarmology_BuyerAvg1")): Text of object 'Object Repository/Stockbit/Bandarmology_BuyerAvg1' is: '286'

2024-01-22 18:42:16 - [MESSAGE][PASSED] - Text of object 'Object Repository/Stockbit/Bandarmology_BuyerAvg1' is: '286'

2024-01-22 18:42:16 - [TEST_STEP][PASSED] - if (strBuyerAvg1.contains(",")): null

2024-01-22 18:42:16 - [TEST_STEP][PASSED] - if (strBuyerVol1.contains(" B")): null

2024-01-22 18:42:16 - [TEST_STEP][PASSED] - else if (strBuyerVol1.contains(" M")): null

2024-01-22 18:42:16 - [TEST_STEP][PASSED] - else if (strBuyerVol1.contains(" K")): null

2024-01-22 18:42:16 - [TEST_STEP][PASSED] - strBuyerVol1 = strBuyerVol1.replace(" K", ""): null

2024-01-22 18:42:16 - [TEST_STEP][PASSED] - strBuyerVol1 = strBuyerVol1.toDouble() * 1000: null

2024-01-22 18:42:16 - [TEST_STEP][PASSED] - strSeller1 = getText(findTestObject("Stockbit/Bandarmology_Seller1")): Text of object 'Object Repository/Stockbit/Bandarmology_Seller1' is: 'BQ'

2024-01-22 18:42:16 - [MESSAGE][PASSED] - Text of object 'Object Repository/Stockbit/Bandarmology_Seller1' is: 'BQ'

2024-01-22 18:42:16 - [TEST_STEP][PASSED] - strSellerVol1 = getText(findTestObject("Stockbit/Bandarmology_SellerVol1")): Text of object 'Object Repository/Stockbit/Bandarmology_SellerVol1' is: '199.9 K'

2024-01-22 18:42:16 - [MESSAGE][PASSED] - Text of object 'Object Repository/Stockbit/Bandarmology_SellerVol1' is: '199.9 K'

2024-01-22 18:42:16 - [TEST_STEP][PASSED] - strSellerAvg1 = getText(findTestObject("Stockbit/Bandarmology_SellerAvg1")): Text of object 'Object Repository/Stockbit/Bandarmology_SellerAvg1' is: '286'

2024-01-22 18:42:16 - [MESSAGE][PASSED] - Text of object 'Object Repository/Stockbit/Bandarmology_SellerAvg1' is: '286'

2024-01-22 18:42:16 - [TEST_STEP][PASSED] - if (strSellerAvg1.contains(",")): null

2024-01-22 18:42:16 - [TEST_STEP][PASSED] - if (strSellerVol1.contains(" B")): null

2024-01-22 18:42:16 - [TEST_STEP][PASSED] - else if (strSellerVol1.contains(" M")): null

2024-01-22 18:42:16 - [TEST_STEP][PASSED] - else if (strSellerVol1.contains(" K")): null

2024-01-22 18:42:16 - [TEST_STEP][PASSED] - strSellerVol1 = strSellerVol1.replace(" K", ""): null

2024-01-22 18:42:16 - [TEST_STEP][PASSED] - strSellerVol1 = strSellerVol1.toDouble() * 1000: null

2024-01-22 18:42:16 - [TEST_STEP][PASSED] - if (verifyElementNotPresent(findTestObject("Stockbit/Bandarmology_Buyer2"), 1, OPTIONAL)): Web element with id: 'Object Repository/Stockbit/Bandarmology_Buyer2' located by 'By.xpath: //*[contains(@id, 'rc-tabs-')]/div[2]/div/div/div/div/div/div[2]/table/tbody/tr[3]/td[1]/p' is present after '1' second(s) (Root cause: com.kms.katalon.core.exception.StepFailedException: Web element with id: 'Object Repository/Stockbit/Bandarmology_Buyer2' located by 'By.xpath: //*[contains(@id, 'rc-tabs-')]/div[2]/div/div/div/div/div/div[2]/table/tbody/tr[3]/td[1]/p' is present after '1' second(s)
	at com.kms.katalon.core.webui.keyword.internal.WebUIKeywordMain.stepFailed(WebUIKeywordMain.groovy:64)
	at com.kms.katalon.core.webui.keyword.internal.WebUIKeywordMain$stepFailed$0.call(Unknown Source)
	at com.kms.katalon.core.webui.keyword.builtin.VerifyElementNotPresentKeyword$_verifyElementNotPresent_closure1.doCall(VerifyElementNotPresentKeyword.groovy:106)
	at com.kms.katalon.core.webui.keyword.builtin.VerifyElementNotPresentKeyword$_verifyElementNotPresent_closure1.doCall(VerifyElementNotPresentKeyword.groovy)
	at com.kms.katalon.core.webui.keyword.internal.WebUIKeywordMain.runKeyword(WebUIKeywordMain.groovy:20)
	at com.kms.katalon.core.webui.keyword.internal.WebUIKeywordMain$runKeyword.call(Unknown Source)
	at com.kms.katalon.core.webui.keyword.builtin.VerifyElementNotPresentKeyword.verifyElementNotPresent(VerifyElementNotPresentKeyword.groovy:117)
	at com.kms.katalon.core.webui.keyword.builtin.VerifyElementNotPresentKeyword.execute(VerifyElementNotPresentKeyword.groovy:68)
	at com.kms.katalon.core.keyword.internal.KeywordExecutor.executeKeywordForPlatform(KeywordExecutor.groovy:74)
	at com.kms.katalon.core.webui.keyword.WebUiBuiltInKeywords.verifyElementNotPresent(WebUiBuiltInKeywords.groovy:1481)
	at com.kms.katalon.core.webui.keyword.WebUiBuiltInKeywords$verifyElementNotPresent$8.call(Unknown Source)
	at GetBrokSumPriceDaily.run(GetBrokSumPriceDaily:258)
	at com.kms.katalon.core.main.ScriptEngine.run(ScriptEngine.java:194)
	at com.kms.katalon.core.main.ScriptEngine.runScriptAsRawText(ScriptEngine.java:119)
	at com.kms.katalon.core.main.TestCaseExecutor.runScript(TestCaseExecutor.java:445)
	at com.kms.katalon.core.main.TestCaseExecutor.doExecute(TestCaseExecutor.java:436)
	at com.kms.katalon.core.main.TestCaseExecutor.processExecutionPhase(TestCaseExecutor.java:415)
	at com.kms.katalon.core.main.TestCaseExecutor.accessMainPhase(TestCaseExecutor.java:407)
	at com.kms.katalon.core.main.TestCaseExecutor.execute(TestCaseExecutor.java:284)
	at com.kms.katalon.core.common.CommonExecutor.accessTestCaseMainPhase(CommonExecutor.java:65)
	at com.kms.katalon.core.main.TestSuiteExecutor.accessTestSuiteMainPhase(TestSuiteExecutor.java:144)
	at com.kms.katalon.core.main.TestSuiteExecutor.execute(TestSuiteExecutor.java:106)
	at com.kms.katalon.core.main.TestCaseMain.startTestSuite(TestCaseMain.java:185)
	at com.kms.katalon.core.main.TestCaseMain$startTestSuite$0.call(Unknown Source)
	at TempTestSuite1705923140048.run(TempTestSuite1705923140048.groovy:36)
)

2024-01-22 18:42:17 - [MESSAGE][WARNING] - Web element with id: 'Object Repository/Stockbit/Bandarmology_Buyer2' located by 'By.xpath: //*[contains(@id, 'rc-tabs-')]/div[2]/div/div/div/div/div/div[2]/table/tbody/tr[3]/td[1]/p' is present after '1' second(s) (Root cause: com.kms.katalon.core.exception.StepFailedException: Web element with id: 'Object Repository/Stockbit/Bandarmology_Buyer2' located by 'By.xpath: //*[contains(@id, 'rc-tabs-')]/div[2]/div/div/div/div/div/div[2]/table/tbody/tr[3]/td[1]/p' is present after '1' second(s)
	at com.kms.katalon.core.webui.keyword.internal.WebUIKeywordMain.stepFailed(WebUIKeywordMain.groovy:64)
	at com.kms.katalon.core.webui.keyword.internal.WebUIKeywordMain$stepFailed$0.call(Unknown Source)
	at com.kms.katalon.core.webui.keyword.builtin.VerifyElementNotPresentKeyword$_verifyElementNotPresent_closure1.doCall(VerifyElementNotPresentKeyword.groovy:106)
	at com.kms.katalon.core.webui.keyword.builtin.VerifyElementNotPresentKeyword$_verifyElementNotPresent_closure1.doCall(VerifyElementNotPresentKeyword.groovy)
	at com.kms.katalon.core.webui.keyword.internal.WebUIKeywordMain.runKeyword(WebUIKeywordMain.groovy:20)
	at com.kms.katalon.core.webui.keyword.internal.WebUIKeywordMain$runKeyword.call(Unknown Source)
	at com.kms.katalon.core.webui.keyword.builtin.VerifyElementNotPresentKeyword.verifyElementNotPresent(VerifyElementNotPresentKeyword.groovy:117)
	at com.kms.katalon.core.webui.keyword.builtin.VerifyElementNotPresentKeyword.execute(VerifyElementNotPresentKeyword.groovy:68)
	at com.kms.katalon.core.keyword.internal.KeywordExecutor.executeKeywordForPlatform(KeywordExecutor.groovy:74)
	at com.kms.katalon.core.webui.keyword.WebUiBuiltInKeywords.verifyElementNotPresent(WebUiBuiltInKeywords.groovy:1481)
	at com.kms.katalon.core.webui.keyword.WebUiBuiltInKeywords$verifyElementNotPresent$8.call(Unknown Source)
	at GetBrokSumPriceDaily.run(GetBrokSumPriceDaily:258)
	at com.kms.katalon.core.main.ScriptEngine.run(ScriptEngine.java:194)
	at com.kms.katalon.core.main.ScriptEngine.runScriptAsRawText(ScriptEngine.java:119)
	at com.kms.katalon.core.main.TestCaseExecutor.runScript(TestCaseExecutor.java:445)
	at com.kms.katalon.core.main.TestCaseExecutor.doExecute(TestCaseExecutor.java:436)
	at com.kms.katalon.core.main.TestCaseExecutor.processExecutionPhase(TestCaseExecutor.java:415)
	at com.kms.katalon.core.main.TestCaseExecutor.accessMainPhase(TestCaseExecutor.java:407)
	at com.kms.katalon.core.main.TestCaseExecutor.execute(TestCaseExecutor.java:284)
	at com.kms.katalon.core.common.CommonExecutor.accessTestCaseMainPhase(CommonExecutor.java:65)
	at com.kms.katalon.core.main.TestSuiteExecutor.accessTestSuiteMainPhase(TestSuiteExecutor.java:144)
	at com.kms.katalon.core.main.TestSuiteExecutor.execute(TestSuiteExecutor.java:106)
	at com.kms.katalon.core.main.TestCaseMain.startTestSuite(TestCaseMain.java:185)
	at com.kms.katalon.core.main.TestCaseMain$startTestSuite$0.call(Unknown Source)
	at TempTestSuite1705923140048.run(TempTestSuite1705923140048.groovy:36)
)
[[ATTACHMENT|C:\\Users\\Fadli\\git\\KatalonDailyGetData2\\Reports\\20240122_174123\\TS1\\20240122_183220\\1705923737587.png]]

2024-01-22 18:42:17 - [TEST_STEP][PASSED] - else: null

2024-01-22 18:42:17 - [TEST_STEP][PASSED] - strBuyer2 = getText(findTestObject("Stockbit/Bandarmology_Buyer2")): Text of object 'Object Repository/Stockbit/Bandarmology_Buyer2' is: 'PF'

2024-01-22 18:42:17 - [MESSAGE][PASSED] - Text of object 'Object Repository/Stockbit/Bandarmology_Buyer2' is: 'PF'

2024-01-22 18:42:17 - [TEST_STEP][PASSED] - strBuyerVol2 = getText(findTestObject("Stockbit/Bandarmology_BuyerVol2")): Text of object 'Object Repository/Stockbit/Bandarmology_BuyerVol2' is: '3.7 K'

2024-01-22 18:42:17 - [MESSAGE][PASSED] - Text of object 'Object Repository/Stockbit/Bandarmology_BuyerVol2' is: '3.7 K'

2024-01-22 18:42:17 - [TEST_STEP][PASSED] - strBuyerAvg2 = getText(findTestObject("Stockbit/Bandarmology_BuyerAvg2")): Text of object 'Object Repository/Stockbit/Bandarmology_BuyerAvg2' is: '287'

2024-01-22 18:42:18 - [MESSAGE][PASSED] - Text of object 'Object Repository/Stockbit/Bandarmology_BuyerAvg2' is: '287'

2024-01-22 18:42:18 - [TEST_STEP][PASSED] - if (strBuyer2 != ""): null

2024-01-22 18:42:18 - [TEST_STEP][PASSED] - if (strBuyerAvg2.contains(",")): null

2024-01-22 18:42:18 - [TEST_STEP][PASSED] - if (strBuyerVol2.contains(" B")): null

2024-01-22 18:42:18 - [TEST_STEP][PASSED] - else if (strBuyerVol2.contains(" M")): null

2024-01-22 18:42:18 - [TEST_STEP][PASSED] - else if (strBuyerVol2.contains(" K")): null

2024-01-22 18:42:18 - [TEST_STEP][PASSED] - strBuyerVol2 = strBuyerVol2.replace(" K", ""): null

2024-01-22 18:42:18 - [TEST_STEP][PASSED] - strBuyerVol2 = strBuyerVol2.toDouble() * 1000: null

2024-01-22 18:42:18 - [TEST_STEP][PASSED] - if (strBuyerVol2.contains(".")): null

2024-01-22 18:42:18 - [TEST_STEP][PASSED] - strBuyerVal2 = strBuyerVol2.replace(".", ""): null

2024-01-22 18:42:18 - [TEST_STEP][PASSED] - if (verifyElementNotPresent(findTestObject("Stockbit/Bandarmology_Seller2"), 1, OPTIONAL)): Web element with id: 'Object Repository/Stockbit/Bandarmology_Seller2' located by 'By.xpath: //*[contains(@id, 'rc-tabs-')]/div[2]/div/div/div/div/div/div[2]/table/tbody/tr[3]/td[5]/p' is present after '1' second(s) (Root cause: com.kms.katalon.core.exception.StepFailedException: Web element with id: 'Object Repository/Stockbit/Bandarmology_Seller2' located by 'By.xpath: //*[contains(@id, 'rc-tabs-')]/div[2]/div/div/div/div/div/div[2]/table/tbody/tr[3]/td[5]/p' is present after '1' second(s)
	at com.kms.katalon.core.webui.keyword.internal.WebUIKeywordMain.stepFailed(WebUIKeywordMain.groovy:64)
	at com.kms.katalon.core.webui.keyword.internal.WebUIKeywordMain$stepFailed$0.call(Unknown Source)
	at com.kms.katalon.core.webui.keyword.builtin.VerifyElementNotPresentKeyword$_verifyElementNotPresent_closure1.doCall(VerifyElementNotPresentKeyword.groovy:106)
	at com.kms.katalon.core.webui.keyword.builtin.VerifyElementNotPresentKeyword$_verifyElementNotPresent_closure1.doCall(VerifyElementNotPresentKeyword.groovy)
	at com.kms.katalon.core.webui.keyword.internal.WebUIKeywordMain.runKeyword(WebUIKeywordMain.groovy:20)
	at com.kms.katalon.core.webui.keyword.internal.WebUIKeywordMain$runKeyword.call(Unknown Source)
	at com.kms.katalon.core.webui.keyword.builtin.VerifyElementNotPresentKeyword.verifyElementNotPresent(VerifyElementNotPresentKeyword.groovy:117)
	at com.kms.katalon.core.webui.keyword.builtin.VerifyElementNotPresentKeyword.execute(VerifyElementNotPresentKeyword.groovy:68)
	at com.kms.katalon.core.keyword.internal.KeywordExecutor.executeKeywordForPlatform(KeywordExecutor.groovy:74)
	at com.kms.katalon.core.webui.keyword.WebUiBuiltInKeywords.verifyElementNotPresent(WebUiBuiltInKeywords.groovy:1481)
	at com.kms.katalon.core.webui.keyword.WebUiBuiltInKeywords$verifyElementNotPresent$8.call(Unknown Source)
	at GetBrokSumPriceDaily.run(GetBrokSumPriceDaily:309)
	at com.kms.katalon.core.main.ScriptEngine.run(ScriptEngine.java:194)
	at com.kms.katalon.core.main.ScriptEngine.runScriptAsRawText(ScriptEngine.java:119)
	at com.kms.katalon.core.main.TestCaseExecutor.runScript(TestCaseExecutor.java:445)
	at com.kms.katalon.core.main.TestCaseExecutor.doExecute(TestCaseExecutor.java:436)
	at com.kms.katalon.core.main.TestCaseExecutor.processExecutionPhase(TestCaseExecutor.java:415)
	at com.kms.katalon.core.main.TestCaseExecutor.accessMainPhase(TestCaseExecutor.java:407)
	at com.kms.katalon.core.main.TestCaseExecutor.execute(TestCaseExecutor.java:284)
	at com.kms.katalon.core.common.CommonExecutor.accessTestCaseMainPhase(CommonExecutor.java:65)
	at com.kms.katalon.core.main.TestSuiteExecutor.accessTestSuiteMainPhase(TestSuiteExecutor.java:144)
	at com.kms.katalon.core.main.TestSuiteExecutor.execute(TestSuiteExecutor.java:106)
	at com.kms.katalon.core.main.TestCaseMain.startTestSuite(TestCaseMain.java:185)
	at com.kms.katalon.core.main.TestCaseMain$startTestSuite$0.call(Unknown Source)
	at TempTestSuite1705923140048.run(TempTestSuite1705923140048.groovy:36)
)

2024-01-22 18:42:19 - [MESSAGE][WARNING] - Web element with id: 'Object Repository/Stockbit/Bandarmology_Seller2' located by 'By.xpath: //*[contains(@id, 'rc-tabs-')]/div[2]/div/div/div/div/div/div[2]/table/tbody/tr[3]/td[5]/p' is present after '1' second(s) (Root cause: com.kms.katalon.core.exception.StepFailedException: Web element with id: 'Object Repository/Stockbit/Bandarmology_Seller2' located by 'By.xpath: //*[contains(@id, 'rc-tabs-')]/div[2]/div/div/div/div/div/div[2]/table/tbody/tr[3]/td[5]/p' is present after '1' second(s)
	at com.kms.katalon.core.webui.keyword.internal.WebUIKeywordMain.stepFailed(WebUIKeywordMain.groovy:64)
	at com.kms.katalon.core.webui.keyword.internal.WebUIKeywordMain$stepFailed$0.call(Unknown Source)
	at com.kms.katalon.core.webui.keyword.builtin.VerifyElementNotPresentKeyword$_verifyElementNotPresent_closure1.doCall(VerifyElementNotPresentKeyword.groovy:106)
	at com.kms.katalon.core.webui.keyword.builtin.VerifyElementNotPresentKeyword$_verifyElementNotPresent_closure1.doCall(VerifyElementNotPresentKeyword.groovy)
	at com.kms.katalon.core.webui.keyword.internal.WebUIKeywordMain.runKeyword(WebUIKeywordMain.groovy:20)
	at com.kms.katalon.core.webui.keyword.internal.WebUIKeywordMain$runKeyword.call(Unknown Source)
	at com.kms.katalon.core.webui.keyword.builtin.VerifyElementNotPresentKeyword.verifyElementNotPresent(VerifyElementNotPresentKeyword.groovy:117)
	at com.kms.katalon.core.webui.keyword.builtin.VerifyElementNotPresentKeyword.execute(VerifyElementNotPresentKeyword.groovy:68)
	at com.kms.katalon.core.keyword.internal.KeywordExecutor.executeKeywordForPlatform(KeywordExecutor.groovy:74)
	at com.kms.katalon.core.webui.keyword.WebUiBuiltInKeywords.verifyElementNotPresent(WebUiBuiltInKeywords.groovy:1481)
	at com.kms.katalon.core.webui.keyword.WebUiBuiltInKeywords$verifyElementNotPresent$8.call(Unknown Source)
	at GetBrokSumPriceDaily.run(GetBrokSumPriceDaily:309)
	at com.kms.katalon.core.main.ScriptEngine.run(ScriptEngine.java:194)
	at com.kms.katalon.core.main.ScriptEngine.runScriptAsRawText(ScriptEngine.java:119)
	at com.kms.katalon.core.main.TestCaseExecutor.runScript(TestCaseExecutor.java:445)
	at com.kms.katalon.core.main.TestCaseExecutor.doExecute(TestCaseExecutor.java:436)
	at com.kms.katalon.core.main.TestCaseExecutor.processExecutionPhase(TestCaseExecutor.java:415)
	at com.kms.katalon.core.main.TestCaseExecutor.accessMainPhase(TestCaseExecutor.java:407)
	at com.kms.katalon.core.main.TestCaseExecutor.execute(TestCaseExecutor.java:284)
	at com.kms.katalon.core.common.CommonExecutor.accessTestCaseMainPhase(CommonExecutor.java:65)
	at com.kms.katalon.core.main.TestSuiteExecutor.accessTestSuiteMainPhase(TestSuiteExecutor.java:144)
	at com.kms.katalon.core.main.TestSuiteExecutor.execute(TestSuiteExecutor.java:106)
	at com.kms.katalon.core.main.TestCaseMain.startTestSuite(TestCaseMain.java:185)
	at com.kms.katalon.core.main.TestCaseMain$startTestSuite$0.call(Unknown Source)
	at TempTestSuite1705923140048.run(TempTestSuite1705923140048.groovy:36)
)
[[ATTACHMENT|C:\\Users\\Fadli\\git\\KatalonDailyGetData2\\Reports\\20240122_174123\\TS1\\20240122_183220\\1705923739282.png]]

2024-01-22 18:42:19 - [TEST_STEP][PASSED] - else: null

2024-01-22 18:42:19 - [TEST_STEP][PASSED] - strSeller2 = getText(findTestObject("Stockbit/Bandarmology_Seller2")): Text of object 'Object Repository/Stockbit/Bandarmology_Seller2' is: 'AZ'

2024-01-22 18:42:19 - [MESSAGE][PASSED] - Text of object 'Object Repository/Stockbit/Bandarmology_Seller2' is: 'AZ'

2024-01-22 18:42:19 - [TEST_STEP][PASSED] - strSellerVol2 = getText(findTestObject("Stockbit/Bandarmology_SellerVol2")): Text of object 'Object Repository/Stockbit/Bandarmology_SellerVol2' is: '197.8 K'

2024-01-22 18:42:19 - [MESSAGE][PASSED] - Text of object 'Object Repository/Stockbit/Bandarmology_SellerVol2' is: '197.8 K'

2024-01-22 18:42:19 - [TEST_STEP][PASSED] - strSellerAvg2 = getText(findTestObject("Stockbit/Bandarmology_SellerAvg2")): Text of object 'Object Repository/Stockbit/Bandarmology_SellerAvg2' is: '286'

2024-01-22 18:42:19 - [MESSAGE][PASSED] - Text of object 'Object Repository/Stockbit/Bandarmology_SellerAvg2' is: '286'

2024-01-22 18:42:19 - [TEST_STEP][PASSED] - if (strSeller2 != ""): null

2024-01-22 18:42:19 - [TEST_STEP][PASSED] - if (strSellerAvg2.contains(",")): null

2024-01-22 18:42:19 - [TEST_STEP][PASSED] - if (strSellerVol2.contains(" B")): null

2024-01-22 18:42:19 - [TEST_STEP][PASSED] - else if (strSellerVol2.contains(" M")): null

2024-01-22 18:42:19 - [TEST_STEP][PASSED] - else if (strSellerVol2.contains(" K")): null

2024-01-22 18:42:19 - [TEST_STEP][PASSED] - strSellerVol2 = strSellerVol2.replace(" K", ""): null

2024-01-22 18:42:19 - [TEST_STEP][PASSED] - strSellerVol2 = strSellerVol2.toDouble() * 1000: null

2024-01-22 18:42:19 - [TEST_STEP][PASSED] - if (verifyElementNotPresent(findTestObject("Stockbit/Bandarmology_Buyer3"), 1, OPTIONAL)): Web element with id: 'Object Repository/Stockbit/Bandarmology_Buyer3' located by 'By.xpath: //*[contains(@id, 'rc-tabs-')]/div[2]/div/div/div/div/div/div[2]/table/tbody/tr[4]/td[1]/p' is present after '1' second(s) (Root cause: com.kms.katalon.core.exception.StepFailedException: Web element with id: 'Object Repository/Stockbit/Bandarmology_Buyer3' located by 'By.xpath: //*[contains(@id, 'rc-tabs-')]/div[2]/div/div/div/div/div/div[2]/table/tbody/tr[4]/td[1]/p' is present after '1' second(s)
	at com.kms.katalon.core.webui.keyword.internal.WebUIKeywordMain.stepFailed(WebUIKeywordMain.groovy:64)
	at com.kms.katalon.core.webui.keyword.internal.WebUIKeywordMain$stepFailed$0.call(Unknown Source)
	at com.kms.katalon.core.webui.keyword.builtin.VerifyElementNotPresentKeyword$_verifyElementNotPresent_closure1.doCall(VerifyElementNotPresentKeyword.groovy:106)
	at com.kms.katalon.core.webui.keyword.builtin.VerifyElementNotPresentKeyword$_verifyElementNotPresent_closure1.doCall(VerifyElementNotPresentKeyword.groovy)
	at com.kms.katalon.core.webui.keyword.internal.WebUIKeywordMain.runKeyword(WebUIKeywordMain.groovy:20)
	at com.kms.katalon.core.webui.keyword.internal.WebUIKeywordMain$runKeyword.call(Unknown Source)
	at com.kms.katalon.core.webui.keyword.builtin.VerifyElementNotPresentKeyword.verifyElementNotPresent(VerifyElementNotPresentKeyword.groovy:117)
	at com.kms.katalon.core.webui.keyword.builtin.VerifyElementNotPresentKeyword.execute(VerifyElementNotPresentKeyword.groovy:68)
	at com.kms.katalon.core.keyword.internal.KeywordExecutor.executeKeywordForPlatform(KeywordExecutor.groovy:74)
	at com.kms.katalon.core.webui.keyword.WebUiBuiltInKeywords.verifyElementNotPresent(WebUiBuiltInKeywords.groovy:1481)
	at com.kms.katalon.core.webui.keyword.WebUiBuiltInKeywords$verifyElementNotPresent$8.call(Unknown Source)
	at GetBrokSumPriceDaily.run(GetBrokSumPriceDaily:361)
	at com.kms.katalon.core.main.ScriptEngine.run(ScriptEngine.java:194)
	at com.kms.katalon.core.main.ScriptEngine.runScriptAsRawText(ScriptEngine.java:119)
	at com.kms.katalon.core.main.TestCaseExecutor.runScript(TestCaseExecutor.java:445)
	at com.kms.katalon.core.main.TestCaseExecutor.doExecute(TestCaseExecutor.java:436)
	at com.kms.katalon.core.main.TestCaseExecutor.processExecutionPhase(TestCaseExecutor.java:415)
	at com.kms.katalon.core.main.TestCaseExecutor.accessMainPhase(TestCaseExecutor.java:407)
	at com.kms.katalon.core.main.TestCaseExecutor.execute(TestCaseExecutor.java:284)
	at com.kms.katalon.core.common.CommonExecutor.accessTestCaseMainPhase(CommonExecutor.java:65)
	at com.kms.katalon.core.main.TestSuiteExecutor.accessTestSuiteMainPhase(TestSuiteExecutor.java:144)
	at com.kms.katalon.core.main.TestSuiteExecutor.execute(TestSuiteExecutor.java:106)
	at com.kms.katalon.core.main.TestCaseMain.startTestSuite(TestCaseMain.java:185)
	at com.kms.katalon.core.main.TestCaseMain$startTestSuite$0.call(Unknown Source)
	at TempTestSuite1705923140048.run(TempTestSuite1705923140048.groovy:36)
)

2024-01-22 18:42:21 - [MESSAGE][WARNING] - Web element with id: 'Object Repository/Stockbit/Bandarmology_Buyer3' located by 'By.xpath: //*[contains(@id, 'rc-tabs-')]/div[2]/div/div/div/div/div/div[2]/table/tbody/tr[4]/td[1]/p' is present after '1' second(s) (Root cause: com.kms.katalon.core.exception.StepFailedException: Web element with id: 'Object Repository/Stockbit/Bandarmology_Buyer3' located by 'By.xpath: //*[contains(@id, 'rc-tabs-')]/div[2]/div/div/div/div/div/div[2]/table/tbody/tr[4]/td[1]/p' is present after '1' second(s)
	at com.kms.katalon.core.webui.keyword.internal.WebUIKeywordMain.stepFailed(WebUIKeywordMain.groovy:64)
	at com.kms.katalon.core.webui.keyword.internal.WebUIKeywordMain$stepFailed$0.call(Unknown Source)
	at com.kms.katalon.core.webui.keyword.builtin.VerifyElementNotPresentKeyword$_verifyElementNotPresent_closure1.doCall(VerifyElementNotPresentKeyword.groovy:106)
	at com.kms.katalon.core.webui.keyword.builtin.VerifyElementNotPresentKeyword$_verifyElementNotPresent_closure1.doCall(VerifyElementNotPresentKeyword.groovy)
	at com.kms.katalon.core.webui.keyword.internal.WebUIKeywordMain.runKeyword(WebUIKeywordMain.groovy:20)
	at com.kms.katalon.core.webui.keyword.internal.WebUIKeywordMain$runKeyword.call(Unknown Source)
	at com.kms.katalon.core.webui.keyword.builtin.VerifyElementNotPresentKeyword.verifyElementNotPresent(VerifyElementNotPresentKeyword.groovy:117)
	at com.kms.katalon.core.webui.keyword.builtin.VerifyElementNotPresentKeyword.execute(VerifyElementNotPresentKeyword.groovy:68)
	at com.kms.katalon.core.keyword.internal.KeywordExecutor.executeKeywordForPlatform(KeywordExecutor.groovy:74)
	at com.kms.katalon.core.webui.keyword.WebUiBuiltInKeywords.verifyElementNotPresent(WebUiBuiltInKeywords.groovy:1481)
	at com.kms.katalon.core.webui.keyword.WebUiBuiltInKeywords$verifyElementNotPresent$8.call(Unknown Source)
	at GetBrokSumPriceDaily.run(GetBrokSumPriceDaily:361)
	at com.kms.katalon.core.main.ScriptEngine.run(ScriptEngine.java:194)
	at com.kms.katalon.core.main.ScriptEngine.runScriptAsRawText(ScriptEngine.java:119)
	at com.kms.katalon.core.main.TestCaseExecutor.runScript(TestCaseExecutor.java:445)
	at com.kms.katalon.core.main.TestCaseExecutor.doExecute(TestCaseExecutor.java:436)
	at com.kms.katalon.core.main.TestCaseExecutor.processExecutionPhase(TestCaseExecutor.java:415)
	at com.kms.katalon.core.main.TestCaseExecutor.accessMainPhase(TestCaseExecutor.java:407)
	at com.kms.katalon.core.main.TestCaseExecutor.execute(TestCaseExecutor.java:284)
	at com.kms.katalon.core.common.CommonExecutor.accessTestCaseMainPhase(CommonExecutor.java:65)
	at com.kms.katalon.core.main.TestSuiteExecutor.accessTestSuiteMainPhase(TestSuiteExecutor.java:144)
	at com.kms.katalon.core.main.TestSuiteExecutor.execute(TestSuiteExecutor.java:106)
	at com.kms.katalon.core.main.TestCaseMain.startTestSuite(TestCaseMain.java:185)
	at com.kms.katalon.core.main.TestCaseMain$startTestSuite$0.call(Unknown Source)
	at TempTestSuite1705923140048.run(TempTestSuite1705923140048.groovy:36)
)
[[ATTACHMENT|C:\\Users\\Fadli\\git\\KatalonDailyGetData2\\Reports\\20240122_174123\\TS1\\20240122_183220\\1705923740995.png]]

2024-01-22 18:42:21 - [TEST_STEP][PASSED] - else: null

2024-01-22 18:42:21 - [TEST_STEP][PASSED] - strBuyer3 = getText(findTestObject("Stockbit/Bandarmology_Buyer3")): Text of object 'Object Repository/Stockbit/Bandarmology_Buyer3' is: 'AK'

2024-01-22 18:42:21 - [MESSAGE][PASSED] - Text of object 'Object Repository/Stockbit/Bandarmology_Buyer3' is: 'AK'

2024-01-22 18:42:21 - [TEST_STEP][PASSED] - strBuyerVol3 = getText(findTestObject("Stockbit/Bandarmology_BuyerVol3")): Text of object 'Object Repository/Stockbit/Bandarmology_BuyerVol3' is: '3.1 K'

2024-01-22 18:42:21 - [MESSAGE][PASSED] - Text of object 'Object Repository/Stockbit/Bandarmology_BuyerVol3' is: '3.1 K'

2024-01-22 18:42:21 - [TEST_STEP][PASSED] - strBuyerAvg3 = getText(findTestObject("Stockbit/Bandarmology_BuyerAvg3")): Text of object 'Object Repository/Stockbit/Bandarmology_BuyerAvg3' is: '286'

2024-01-22 18:42:21 - [MESSAGE][PASSED] - Text of object 'Object Repository/Stockbit/Bandarmology_BuyerAvg3' is: '286'

2024-01-22 18:42:21 - [TEST_STEP][PASSED] - if (strBuyer3 != ""): null

2024-01-22 18:42:21 - [TEST_STEP][PASSED] - if (strBuyerAvg3.contains(",")): null

2024-01-22 18:42:21 - [TEST_STEP][PASSED] - if (strBuyerVol3.contains(" B")): null

2024-01-22 18:42:21 - [TEST_STEP][PASSED] - else if (strBuyerVol3.contains(" M")): null

2024-01-22 18:42:21 - [TEST_STEP][PASSED] - else if (strBuyerVol3.contains(" K")): null

2024-01-22 18:42:21 - [TEST_STEP][PASSED] - strBuyerVol3 = strBuyerVol3.replace(" K", ""): null

2024-01-22 18:42:21 - [TEST_STEP][PASSED] - strBuyerVol3 = strBuyerVol3.toDouble() * 1000: null

2024-01-22 18:42:21 - [TEST_STEP][PASSED] - if (verifyElementNotPresent(findTestObject("Stockbit/Bandarmology_Seller3"), 1, OPTIONAL)): Web element with id: 'Object Repository/Stockbit/Bandarmology_Seller3' located by 'By.xpath: //*[contains(@id, 'rc-tabs-')]/div[2]/div/div/div/div/div/div[2]/table/tbody/tr[4]/td[5]/p' is present after '1' second(s) (Root cause: com.kms.katalon.core.exception.StepFailedException: Web element with id: 'Object Repository/Stockbit/Bandarmology_Seller3' located by 'By.xpath: //*[contains(@id, 'rc-tabs-')]/div[2]/div/div/div/div/div/div[2]/table/tbody/tr[4]/td[5]/p' is present after '1' second(s)
	at com.kms.katalon.core.webui.keyword.internal.WebUIKeywordMain.stepFailed(WebUIKeywordMain.groovy:64)
	at com.kms.katalon.core.webui.keyword.internal.WebUIKeywordMain$stepFailed$0.call(Unknown Source)
	at com.kms.katalon.core.webui.keyword.builtin.VerifyElementNotPresentKeyword$_verifyElementNotPresent_closure1.doCall(VerifyElementNotPresentKeyword.groovy:106)
	at com.kms.katalon.core.webui.keyword.builtin.VerifyElementNotPresentKeyword$_verifyElementNotPresent_closure1.doCall(VerifyElementNotPresentKeyword.groovy)
	at com.kms.katalon.core.webui.keyword.internal.WebUIKeywordMain.runKeyword(WebUIKeywordMain.groovy:20)
	at com.kms.katalon.core.webui.keyword.internal.WebUIKeywordMain$runKeyword.call(Unknown Source)
	at com.kms.katalon.core.webui.keyword.builtin.VerifyElementNotPresentKeyword.verifyElementNotPresent(VerifyElementNotPresentKeyword.groovy:117)
	at com.kms.katalon.core.webui.keyword.builtin.VerifyElementNotPresentKeyword.execute(VerifyElementNotPresentKeyword.groovy:68)
	at com.kms.katalon.core.keyword.internal.KeywordExecutor.executeKeywordForPlatform(KeywordExecutor.groovy:74)
	at com.kms.katalon.core.webui.keyword.WebUiBuiltInKeywords.verifyElementNotPresent(WebUiBuiltInKeywords.groovy:1481)
	at com.kms.katalon.core.webui.keyword.WebUiBuiltInKeywords$verifyElementNotPresent$8.call(Unknown Source)
	at GetBrokSumPriceDaily.run(GetBrokSumPriceDaily:414)
	at com.kms.katalon.core.main.ScriptEngine.run(ScriptEngine.java:194)
	at com.kms.katalon.core.main.ScriptEngine.runScriptAsRawText(ScriptEngine.java:119)
	at com.kms.katalon.core.main.TestCaseExecutor.runScript(TestCaseExecutor.java:445)
	at com.kms.katalon.core.main.TestCaseExecutor.doExecute(TestCaseExecutor.java:436)
	at com.kms.katalon.core.main.TestCaseExecutor.processExecutionPhase(TestCaseExecutor.java:415)
	at com.kms.katalon.core.main.TestCaseExecutor.accessMainPhase(TestCaseExecutor.java:407)
	at com.kms.katalon.core.main.TestCaseExecutor.execute(TestCaseExecutor.java:284)
	at com.kms.katalon.core.common.CommonExecutor.accessTestCaseMainPhase(CommonExecutor.java:65)
	at com.kms.katalon.core.main.TestSuiteExecutor.accessTestSuiteMainPhase(TestSuiteExecutor.java:144)
	at com.kms.katalon.core.main.TestSuiteExecutor.execute(TestSuiteExecutor.java:106)
	at com.kms.katalon.core.main.TestCaseMain.startTestSuite(TestCaseMain.java:185)
	at com.kms.katalon.core.main.TestCaseMain$startTestSuite$0.call(Unknown Source)
	at TempTestSuite1705923140048.run(TempTestSuite1705923140048.groovy:36)
)

2024-01-22 18:42:22 - [MESSAGE][WARNING] - Web element with id: 'Object Repository/Stockbit/Bandarmology_Seller3' located by 'By.xpath: //*[contains(@id, 'rc-tabs-')]/div[2]/div/div/div/div/div/div[2]/table/tbody/tr[4]/td[5]/p' is present after '1' second(s) (Root cause: com.kms.katalon.core.exception.StepFailedException: Web element with id: 'Object Repository/Stockbit/Bandarmology_Seller3' located by 'By.xpath: //*[contains(@id, 'rc-tabs-')]/div[2]/div/div/div/div/div/div[2]/table/tbody/tr[4]/td[5]/p' is present after '1' second(s)
	at com.kms.katalon.core.webui.keyword.internal.WebUIKeywordMain.stepFailed(WebUIKeywordMain.groovy:64)
	at com.kms.katalon.core.webui.keyword.internal.WebUIKeywordMain$stepFailed$0.call(Unknown Source)
	at com.kms.katalon.core.webui.keyword.builtin.VerifyElementNotPresentKeyword$_verifyElementNotPresent_closure1.doCall(VerifyElementNotPresentKeyword.groovy:106)
	at com.kms.katalon.core.webui.keyword.builtin.VerifyElementNotPresentKeyword$_verifyElementNotPresent_closure1.doCall(VerifyElementNotPresentKeyword.groovy)
	at com.kms.katalon.core.webui.keyword.internal.WebUIKeywordMain.runKeyword(WebUIKeywordMain.groovy:20)
	at com.kms.katalon.core.webui.keyword.internal.WebUIKeywordMain$runKeyword.call(Unknown Source)
	at com.kms.katalon.core.webui.keyword.builtin.VerifyElementNotPresentKeyword.verifyElementNotPresent(VerifyElementNotPresentKeyword.groovy:117)
	at com.kms.katalon.core.webui.keyword.builtin.VerifyElementNotPresentKeyword.execute(VerifyElementNotPresentKeyword.groovy:68)
	at com.kms.katalon.core.keyword.internal.KeywordExecutor.executeKeywordForPlatform(KeywordExecutor.groovy:74)
	at com.kms.katalon.core.webui.keyword.WebUiBuiltInKeywords.verifyElementNotPresent(WebUiBuiltInKeywords.groovy:1481)
	at com.kms.katalon.core.webui.keyword.WebUiBuiltInKeywords$verifyElementNotPresent$8.call(Unknown Source)
	at GetBrokSumPriceDaily.run(GetBrokSumPriceDaily:414)
	at com.kms.katalon.core.main.ScriptEngine.run(ScriptEngine.java:194)
	at com.kms.katalon.core.main.ScriptEngine.runScriptAsRawText(ScriptEngine.java:119)
	at com.kms.katalon.core.main.TestCaseExecutor.runScript(TestCaseExecutor.java:445)
	at com.kms.katalon.core.main.TestCaseExecutor.doExecute(TestCaseExecutor.java:436)
	at com.kms.katalon.core.main.TestCaseExecutor.processExecutionPhase(TestCaseExecutor.java:415)
	at com.kms.katalon.core.main.TestCaseExecutor.accessMainPhase(TestCaseExecutor.java:407)
	at com.kms.katalon.core.main.TestCaseExecutor.execute(TestCaseExecutor.java:284)
	at com.kms.katalon.core.common.CommonExecutor.accessTestCaseMainPhase(CommonExecutor.java:65)
	at com.kms.katalon.core.main.TestSuiteExecutor.accessTestSuiteMainPhase(TestSuiteExecutor.java:144)
	at com.kms.katalon.core.main.TestSuiteExecutor.execute(TestSuiteExecutor.java:106)
	at com.kms.katalon.core.main.TestCaseMain.startTestSuite(TestCaseMain.java:185)
	at com.kms.katalon.core.main.TestCaseMain$startTestSuite$0.call(Unknown Source)
	at TempTestSuite1705923140048.run(TempTestSuite1705923140048.groovy:36)
)
[[ATTACHMENT|C:\\Users\\Fadli\\git\\KatalonDailyGetData2\\Reports\\20240122_174123\\TS1\\20240122_183220\\1705923742743.png]]

2024-01-22 18:42:22 - [TEST_STEP][PASSED] - else: null

2024-01-22 18:42:22 - [TEST_STEP][PASSED] - strSeller3 = getText(findTestObject("Stockbit/Bandarmology_Seller3")): Text of object 'Object Repository/Stockbit/Bandarmology_Seller3' is: 'YJ'

2024-01-22 18:42:23 - [MESSAGE][PASSED] - Text of object 'Object Repository/Stockbit/Bandarmology_Seller3' is: 'YJ'

2024-01-22 18:42:23 - [TEST_STEP][PASSED] - strSellerVol3 = getText(findTestObject("Stockbit/Bandarmology_SellerVol3")): Text of object 'Object Repository/Stockbit/Bandarmology_SellerVol3' is: '2.8 K'

2024-01-22 18:42:23 - [MESSAGE][PASSED] - Text of object 'Object Repository/Stockbit/Bandarmology_SellerVol3' is: '2.8 K'

2024-01-22 18:42:23 - [TEST_STEP][PASSED] - strSellerAvg3 = getText(findTestObject("Stockbit/Bandarmology_SellerAvg3")): Text of object 'Object Repository/Stockbit/Bandarmology_SellerAvg3' is: '286'

2024-01-22 18:42:23 - [MESSAGE][PASSED] - Text of object 'Object Repository/Stockbit/Bandarmology_SellerAvg3' is: '286'

2024-01-22 18:42:23 - [TEST_STEP][PASSED] - if (strSeller3 != ""): null

2024-01-22 18:42:23 - [TEST_STEP][PASSED] - if (strSellerAvg3.contains(",")): null

2024-01-22 18:42:23 - [TEST_STEP][PASSED] - if (strSellerVol3.contains(" B")): null

2024-01-22 18:42:23 - [TEST_STEP][PASSED] - else if (strSellerVol3.contains(" M")): null

2024-01-22 18:42:23 - [TEST_STEP][PASSED] - else if (strSellerVol3.contains(" K")): null

2024-01-22 18:42:23 - [TEST_STEP][PASSED] - strSellerVol3 = strSellerVol3.replace(" K", ""): null

2024-01-22 18:42:23 - [TEST_STEP][PASSED] - strSellerVol3 = strSellerVol3.toDouble() * 1000: null

2024-01-22 18:42:23 - [TEST_STEP][PASSED] - strAccDist = getText(findTestObject("Stockbit/Bandarmology_AccDist")): Text of object 'Object Repository/Stockbit/Bandarmology_AccDist' is: 'Acc'

2024-01-22 18:42:23 - [MESSAGE][PASSED] - Text of object 'Object Repository/Stockbit/Bandarmology_AccDist' is: 'Acc'

2024-01-22 18:42:23 - [TEST_STEP][PASSED] - strNetVol = getText(findTestObject("Stockbit/Bandarmology_NetVol")): Text of object 'Object Repository/Stockbit/Bandarmology_NetVol' is: '411,054'

2024-01-22 18:42:23 - [MESSAGE][PASSED] - Text of object 'Object Repository/Stockbit/Bandarmology_NetVol' is: '411,054'

2024-01-22 18:42:23 - [TEST_STEP][PASSED] - strNetVol = strNetVol.replace(",", ""): null

2024-01-22 18:42:23 - [TEST_STEP][PASSED] - strNetVal = getText(findTestObject("Stockbit/Bandarmology_NetVal")): Text of object 'Object Repository/Stockbit/Bandarmology_NetVal' is: '11.8 B'

2024-01-22 18:42:23 - [MESSAGE][PASSED] - Text of object 'Object Repository/Stockbit/Bandarmology_NetVal' is: '11.8 B'

2024-01-22 18:42:23 - [TEST_STEP][PASSED] - delay(3): Delayed 3 second(s)

2024-01-22 18:42:26 - [MESSAGE][PASSED] - Delayed 3 second(s)

2024-01-22 18:42:26 - [TEST_STEP][PASSED] - strOpenPrice = getText(findTestObject("Stockbit/Home_OpenPrice")): Text of object 'Object Repository/Stockbit/Home_OpenPrice' is: '288'

2024-01-22 18:42:26 - [MESSAGE][PASSED] - Text of object 'Object Repository/Stockbit/Home_OpenPrice' is: '288'

2024-01-22 18:42:26 - [TEST_STEP][PASSED] - strOpenPrice = strOpenPrice.replace(",", ""): null

2024-01-22 18:42:26 - [TEST_STEP][PASSED] - strLowPrice = getText(findTestObject("Stockbit/Home_LowPrice")): Text of object 'Object Repository/Stockbit/Home_LowPrice' is: '282'

2024-01-22 18:42:26 - [MESSAGE][PASSED] - Text of object 'Object Repository/Stockbit/Home_LowPrice' is: '282'

2024-01-22 18:42:26 - [TEST_STEP][PASSED] - strLowPrice = strLowPrice.replace(",", ""): null

2024-01-22 18:42:26 - [TEST_STEP][PASSED] - strHighPrice = getText(findTestObject("Stockbit/Home_HighPrice")): Text of object 'Object Repository/Stockbit/Home_HighPrice' is: '288'

2024-01-22 18:42:27 - [MESSAGE][PASSED] - Text of object 'Object Repository/Stockbit/Home_HighPrice' is: '288'

2024-01-22 18:42:27 - [TEST_STEP][PASSED] - strHighPrice = strHighPrice.replace(",", ""): null

2024-01-22 18:42:27 - [TEST_STEP][PASSED] - strClosePrice = getText(findTestObject("Stockbit/Home_ClosePrice")): Text of object 'Object Repository/Stockbit/Home_ClosePrice' is: '286'

2024-01-22 18:42:27 - [MESSAGE][PASSED] - Text of object 'Object Repository/Stockbit/Home_ClosePrice' is: '286'

2024-01-22 18:42:27 - [TEST_STEP][PASSED] - strClosePrice = strClosePrice.replace(",", ""): null

2024-01-22 18:42:27 - [TEST_STEP][PASSED] - strVol = getText(findTestObject("Stockbit/Home_Volume")): Text of object 'Object Repository/Stockbit/Home_Volume' is: '517 K'

2024-01-22 18:42:27 - [MESSAGE][PASSED] - Text of object 'Object Repository/Stockbit/Home_Volume' is: '517 K'

2024-01-22 18:42:27 - [TEST_STEP][PASSED] - if (strVol.contains(" K")): null

2024-01-22 18:42:27 - [TEST_STEP][PASSED] - strVol = strVol.replace(" K", "000"): null

2024-01-22 18:42:27 - [TEST_STEP][PASSED] - if (strVol.contains(",")): null

2024-01-22 18:42:27 - [TEST_STEP][PASSED] - strChange = getText(findTestObject("Stockbit/Home_Change")): Text of object 'Object Repository/Stockbit/Home_Change' is: '-0.69%'

2024-01-22 18:42:27 - [MESSAGE][PASSED] - Text of object 'Object Repository/Stockbit/Home_Change' is: '-0.69%'

2024-01-22 18:42:27 - [TEST_STEP][PASSED] - strChange = strChange.replace("%", ""): null

2024-01-22 18:42:27 - [TEST_STEP][PASSED] - strFreq = getText(findTestObject("Stockbit/Home_Freq")): Text of object 'Object Repository/Stockbit/Home_Freq' is: '2,384'

2024-01-22 18:42:27 - [MESSAGE][PASSED] - Text of object 'Object Repository/Stockbit/Home_Freq' is: '2,384'

2024-01-22 18:42:27 - [TEST_STEP][PASSED] - if (strFreq.contains(",")): null

2024-01-22 18:42:27 - [TEST_STEP][PASSED] - strFreq = strFreq.replace(",", ""): null

2024-01-22 18:42:27 - [TEST_STEP][PASSED] - if (strFreq == "NA" || strFreq == ""): null

2024-01-22 18:42:27 - [TEST_STEP][PASSED] - else: null

2024-01-22 18:42:27 - [TEST_STEP][PASSED] - dblFreqAnal = strVol.toDouble() / strFreq.toDouble() * strFreq.toDouble() * strFreq.toDouble() * 100000000: null

2024-01-22 18:42:27 - [TEST_STEP][PASSED] - strFreqAnal = String.format("%.4f", dblFreqAnal): null

2024-01-22 18:42:27 - [TEST_STEP][PASSED] - out.println("Double strFreqAnal: " + strFreqAnal): null

2024-01-22 18:42:27 - [TEST_STEP][PASSED] - strTanggal = d.format(DateTimeFormatter.ofPattern("yyyy-MM-dd")): null

2024-01-22 18:42:27 - [TEST_STEP][PASSED] - strTanggal = "#" + strTanggal + "#": null

2024-01-22 18:42:27 - [TEST_STEP][PASSED] - strSQL = "select count(*) as JumBaris from TblBrokSum where Nama = '" + strNama + "' and Tanggal = " + strTanggal + "": null

2024-01-22 18:42:27 - [TEST_STEP][PASSED] - resultSet = statement.executeQuery(strSQL): null

2024-01-22 18:42:27 - [TEST_STEP][PASSED] - resultSet.next(): null

2024-01-22 18:42:27 - [TEST_STEP][PASSED] - intJumBaris = resultSet.getInt("JumBaris"): null

2024-01-22 18:42:27 - [TEST_STEP][PASSED] - if (intJumBaris > 0): null

2024-01-22 18:42:27 - [TEST_STEP][PASSED] - else: null

2024-01-22 18:42:27 - [TEST_STEP][PASSED] - try: null

2024-01-22 18:42:27 - [TEST_STEP][PASSED] - out.println("Insert data"): null

2024-01-22 18:42:27 - [TEST_STEP][PASSED] - strSQL = "insert into TblBrokSum (nama, tanggal, top1, top2, top3, AllBrokAvg, AccDist, AvgRP, " + "Buyer1, BuyerVal1, BuyerAvg1, Seller1, SellerVal1, SellerAvg1, Buyer2, BuyerVal2, BuyerAvg2, " + "Seller2, SellerVal2, SellerAvg2, Buyer3, BuyerVal3, BuyerAvg3, Seller3, SellerVal3, SellerAvg3, NetVol, NetVal, " + "OpenPrice, LowPrice, HighPrice, ClosePrice, Volume, Change, Frekuensi, FrekAnal) " + "values ('" + strNama + "', " + strTanggal + ", '" + strTop1 + "', '" + strTop3 + "', '" + strTop5 + "', " + "'" + strAllBrokAvg + "', '" + strAccDist + "', " + intAvgRP + ", '" + strBuyer1 + "', '" + strBuyerVol1 + "', " + strBuyerAvg1 + ", " + "'" + strSeller1 + "', '" + strSellerVol1 + "', " + strSellerAvg1 + ", '" + strBuyer2 + "', '" + strBuyerVol2 + "', " + strBuyerAvg2 + ", " + "'" + strSeller2 + "', '" + strSellerVol2 + "', " + strSellerAvg2 + ", '" + strBuyer3 + "', '" + strBuyerVol3 + "', " + strBuyerAvg3 + ", " + "'" + strSeller3 + "', '" + strSellerVol3 + "', " + strSellerAvg3 + ", " + strNetVol + ", '" + strNetVal + "', " + "" + strOpenPrice + ", " + strLowPrice + ", " + strHighPrice + ", " + strClosePrice + ", '" + strVol + "', " + strChange + ", " + strFreq + ", " + strFreqAnal + ");": null

2024-01-22 18:42:27 - [TEST_STEP][PASSED] - out.println("strSQL = " + strSQL): null

2024-01-22 18:42:27 - [TEST_STEP][PASSED] - statement.executeUpdate(strSQL): null

2024-01-22 18:42:27 - [TEST_STEP][PASSED] - setValueToCellByIndex(sheet01, rowIndex, 4, "DONE"): null

2024-01-22 18:42:27 - [TEST_STEP][PASSED] - saveWorkbook(excelFilePath, workbook01): null

2024-01-22 18:42:27 - [TEST_STEP][PASSED] - waitForElementClickable(findTestObject("Stockbit/menu_Bandarmology"), 10): Object 'Object Repository/Stockbit/menu_Bandarmology' is clickable

2024-01-22 18:42:27 - [MESSAGE][PASSED] - Object 'Object Repository/Stockbit/menu_Bandarmology' is clickable

2024-01-22 18:42:27 - [TEST_STEP][PASSED] - click(findTestObject("Stockbit/menu_Bandarmology")): Object: 'Object Repository/Stockbit/menu_Bandarmology' is clicked on

2024-01-22 18:42:28 - [MESSAGE][PASSED] - Object: 'Object Repository/Stockbit/menu_Bandarmology' is clicked on

2024-01-22 18:42:28 - [TEST_STEP][PASSED] - strTemp = "NA": null

2024-01-22 18:42:28 - [TEST_STEP][PASSED] - if (getCellValueByIndex(sheet01, rowIndex, 4) != "DONE"): Object: 'Object Repository/Stockbit/menu_Bandarmology' is clicked on

2024-01-22 18:42:28 - [TEST_STEP][PASSED] - strNama = getCellValueByIndex(sheet01, rowIndex, 0): null

2024-01-22 18:42:28 - [TEST_STEP][PASSED] - navigateToUrl("https://stockbit.com/#/symbol/" + strNama): Navigate to 'https://stockbit.com/#/symbol/PADA' successfully

2024-01-22 18:42:29 - [MESSAGE][PASSED] - Navigate to 'https://stockbit.com/#/symbol/PADA' successfully

2024-01-22 18:42:29 - [TEST_STEP][PASSED] - waitForElementClickable(findTestObject("Stockbit/menu_Bandarmology"), 10): Object 'Object Repository/Stockbit/menu_Bandarmology' is clickable

2024-01-22 18:42:29 - [MESSAGE][PASSED] - Object 'Object Repository/Stockbit/menu_Bandarmology' is clickable

2024-01-22 18:42:29 - [TEST_STEP][PASSED] - click(findTestObject("Stockbit/menu_Bandarmology")): Object: 'Object Repository/Stockbit/menu_Bandarmology' is clicked on

2024-01-22 18:42:30 - [MESSAGE][PASSED] - Object: 'Object Repository/Stockbit/menu_Bandarmology' is clicked on

2024-01-22 18:42:30 - [TEST_STEP][PASSED] - strTanggal = d.format(DateTimeFormatter.ofPattern("MMM dd, yyyy")): null

2024-01-22 18:42:30 - [TEST_STEP][PASSED] - strTanggal = d.format(ISO_DATE): null

2024-01-22 18:42:30 - [TEST_STEP][PASSED] - out.println("strTanggal = " + strTanggal): null

2024-01-22 18:42:30 - [TEST_STEP][PASSED] - out.println("strNama = " + strNama): null

2024-01-22 18:42:30 - [TEST_STEP][PASSED] - out.println("Baris ke = " + rowIndex): null

2024-01-22 18:42:30 - [TEST_STEP][PASSED] - click(findTestObject("Stockbit/input__BandarmologyOpenStartDate")): Object: 'Object Repository/Stockbit/input__BandarmologyOpenStartDate' is clicked on

2024-01-22 18:42:31 - [MESSAGE][PASSED] - Object: 'Object Repository/Stockbit/input__BandarmologyOpenStartDate' is clicked on

2024-01-22 18:42:31 - [TEST_STEP][PASSED] - sendKeys(findTestObject("Stockbit/input__BandarmologyOpenStartDate"), Keys.chord(CONTROL, "a")): Keys 'CONTROL + a' sent to object: 'Object Repository/Stockbit/input__BandarmologyOpenStartDate'

2024-01-22 18:42:32 - [MESSAGE][PASSED] - Keys 'CONTROL + a' sent to object: 'Object Repository/Stockbit/input__BandarmologyOpenStartDate'

2024-01-22 18:42:32 - [TEST_STEP][PASSED] - sendKeys(findTestObject("Stockbit/input__BandarmologyOpenStartDate"), Keys.chord(BACK_SPACE)): Keys 'BACK_SPACE + ' sent to object: 'Object Repository/Stockbit/input__BandarmologyOpenStartDate'

2024-01-22 18:42:32 - [MESSAGE][PASSED] - Keys 'BACK_SPACE + ' sent to object: 'Object Repository/Stockbit/input__BandarmologyOpenStartDate'

2024-01-22 18:42:32 - [TEST_STEP][PASSED] - setText(findTestObject("Stockbit/input__BandarmologyOpenStartDate"), strTanggal): Text '2024-01-22' is set on object 'Object Repository/Stockbit/input__BandarmologyOpenStartDate'

2024-01-22 18:42:33 - [MESSAGE][PASSED] - Text '2024-01-22' is set on object 'Object Repository/Stockbit/input__BandarmologyOpenStartDate'

2024-01-22 18:42:33 - [TEST_STEP][PASSED] - sendKeys(findTestObject("Stockbit/input__BandarmologyOpenStartDate"), Keys.chord(ENTER)): Keys 'ENTER + ' sent to object: 'Object Repository/Stockbit/input__BandarmologyOpenStartDate'

2024-01-22 18:42:33 - [MESSAGE][PASSED] - Keys 'ENTER + ' sent to object: 'Object Repository/Stockbit/input__BandarmologyOpenStartDate'

2024-01-22 18:42:33 - [TEST_STEP][PASSED] - click(findTestObject("Stockbit/input__BandarmologyOpenEndDate")): Object: 'Object Repository/Stockbit/input__BandarmologyOpenEndDate' is clicked on

2024-01-22 18:42:34 - [MESSAGE][PASSED] - Object: 'Object Repository/Stockbit/input__BandarmologyOpenEndDate' is clicked on

2024-01-22 18:42:34 - [TEST_STEP][PASSED] - sendKeys(findTestObject("Stockbit/input__BandarmologyOpenEndDate"), Keys.chord(CONTROL, "a")): Keys 'CONTROL + a' sent to object: 'Object Repository/Stockbit/input__BandarmologyOpenEndDate'

2024-01-22 18:42:34 - [MESSAGE][PASSED] - Keys 'CONTROL + a' sent to object: 'Object Repository/Stockbit/input__BandarmologyOpenEndDate'

2024-01-22 18:42:34 - [TEST_STEP][PASSED] - sendKeys(findTestObject("Stockbit/input__BandarmologyOpenEndDate"), Keys.chord(BACK_SPACE)): Keys 'BACK_SPACE + ' sent to object: 'Object Repository/Stockbit/input__BandarmologyOpenEndDate'

2024-01-22 18:42:34 - [MESSAGE][PASSED] - Keys 'BACK_SPACE + ' sent to object: 'Object Repository/Stockbit/input__BandarmologyOpenEndDate'

2024-01-22 18:42:34 - [TEST_STEP][PASSED] - setText(findTestObject("Stockbit/input__BandarmologyOpenEndDate"), strTanggal): Text '2024-01-22' is set on object 'Object Repository/Stockbit/input__BandarmologyOpenEndDate'

2024-01-22 18:42:35 - [MESSAGE][PASSED] - Text '2024-01-22' is set on object 'Object Repository/Stockbit/input__BandarmologyOpenEndDate'

2024-01-22 18:42:35 - [TEST_STEP][PASSED] - sendKeys(findTestObject("Stockbit/input__BandarmologyOpenEndDate"), Keys.chord(ENTER)): Keys 'ENTER + ' sent to object: 'Object Repository/Stockbit/input__BandarmologyOpenEndDate'

2024-01-22 18:42:35 - [MESSAGE][PASSED] - Keys 'ENTER + ' sent to object: 'Object Repository/Stockbit/input__BandarmologyOpenEndDate'

2024-01-22 18:42:35 - [TEST_STEP][PASSED] - delay(2): Delayed 2 second(s)

2024-01-22 18:42:37 - [MESSAGE][PASSED] - Delayed 2 second(s)

2024-01-22 18:42:37 - [TEST_STEP][PASSED] - strTemp = getText(findTestObject("Stockbit/Bandarmology_AvgRP")): Text of object 'Object Repository/Stockbit/Bandarmology_AvgRP' is: '50'

2024-01-22 18:42:38 - [MESSAGE][PASSED] - Text of object 'Object Repository/Stockbit/Bandarmology_AvgRP' is: '50'

2024-01-22 18:42:38 - [TEST_STEP][PASSED] - out.println("Bandarmology_AvgRP = " + strTemp): null

2024-01-22 18:42:38 - [TEST_STEP][PASSED] - if (strTemp != "0"): null

2024-01-22 18:42:38 - [TEST_STEP][PASSED] - strTop1 = getText(findTestObject("Stockbit/Bandarmology_Top1")): Text of object 'Object Repository/Stockbit/Bandarmology_Top1' is: 'Big Dist'

2024-01-22 18:42:38 - [MESSAGE][PASSED] - Text of object 'Object Repository/Stockbit/Bandarmology_Top1' is: 'Big Dist'

2024-01-22 18:42:38 - [TEST_STEP][PASSED] - strTop3 = getText(findTestObject("Stockbit/Bandarmology_Top3")): Text of object 'Object Repository/Stockbit/Bandarmology_Top3' is: 'Neutral'

2024-01-22 18:42:38 - [MESSAGE][PASSED] - Text of object 'Object Repository/Stockbit/Bandarmology_Top3' is: 'Neutral'

2024-01-22 18:42:38 - [TEST_STEP][PASSED] - strTop5 = getText(findTestObject("Stockbit/Bandarmology_Top5")): Text of object 'Object Repository/Stockbit/Bandarmology_Top5' is: 'Neutral'

2024-01-22 18:42:38 - [MESSAGE][PASSED] - Text of object 'Object Repository/Stockbit/Bandarmology_Top5' is: 'Neutral'

2024-01-22 18:42:38 - [TEST_STEP][PASSED] - strAllBrokAvg = getText(findTestObject("Stockbit/Bandarmology_TopAVG")): Text of object 'Object Repository/Stockbit/Bandarmology_TopAVG' is: 'Neutral'

2024-01-22 18:42:38 - [MESSAGE][PASSED] - Text of object 'Object Repository/Stockbit/Bandarmology_TopAVG' is: 'Neutral'

2024-01-22 18:42:38 - [TEST_STEP][PASSED] - strTemp = getText(findTestObject("Stockbit/Bandarmology_AvgRP")): Text of object 'Object Repository/Stockbit/Bandarmology_AvgRP' is: '50'

2024-01-22 18:42:38 - [MESSAGE][PASSED] - Text of object 'Object Repository/Stockbit/Bandarmology_AvgRP' is: '50'

2024-01-22 18:42:38 - [TEST_STEP][PASSED] - if (strTemp.contains(",")): null

2024-01-22 18:42:38 - [TEST_STEP][PASSED] - intAvgRP = strTemp.toInteger(): null

2024-01-22 18:42:38 - [TEST_STEP][PASSED] - strBuyer1 = getText(findTestObject("Stockbit/Bandarmology_Buyer1")): Text of object 'Object Repository/Stockbit/Bandarmology_Buyer1' is: 'CC'

2024-01-22 18:42:38 - [MESSAGE][PASSED] - Text of object 'Object Repository/Stockbit/Bandarmology_Buyer1' is: 'CC'

2024-01-22 18:42:38 - [TEST_STEP][PASSED] - strBuyerVol1 = getText(findTestObject("Stockbit/Bandarmology_BuyerVol1")): Text of object 'Object Repository/Stockbit/Bandarmology_BuyerVol1' is: '100'

2024-01-22 18:42:38 - [MESSAGE][PASSED] - Text of object 'Object Repository/Stockbit/Bandarmology_BuyerVol1' is: '100'

2024-01-22 18:42:38 - [TEST_STEP][PASSED] - strBuyerAvg1 = getText(findTestObject("Stockbit/Bandarmology_BuyerAvg1")): Text of object 'Object Repository/Stockbit/Bandarmology_BuyerAvg1' is: '50'

2024-01-22 18:42:39 - [MESSAGE][PASSED] - Text of object 'Object Repository/Stockbit/Bandarmology_BuyerAvg1' is: '50'

2024-01-22 18:42:39 - [TEST_STEP][PASSED] - if (strBuyerAvg1.contains(",")): null

2024-01-22 18:42:39 - [TEST_STEP][PASSED] - if (strBuyerVol1.contains(" B")): null

2024-01-22 18:42:39 - [TEST_STEP][PASSED] - strSeller1 = getText(findTestObject("Stockbit/Bandarmology_Seller1")): Text of object 'Object Repository/Stockbit/Bandarmology_Seller1' is: 'MG'

2024-01-22 18:42:39 - [MESSAGE][PASSED] - Text of object 'Object Repository/Stockbit/Bandarmology_Seller1' is: 'MG'

2024-01-22 18:42:39 - [TEST_STEP][PASSED] - strSellerVol1 = getText(findTestObject("Stockbit/Bandarmology_SellerVol1")): Text of object 'Object Repository/Stockbit/Bandarmology_SellerVol1' is: '138'

2024-01-22 18:42:39 - [MESSAGE][PASSED] - Text of object 'Object Repository/Stockbit/Bandarmology_SellerVol1' is: '138'

2024-01-22 18:42:39 - [TEST_STEP][PASSED] - strSellerAvg1 = getText(findTestObject("Stockbit/Bandarmology_SellerAvg1")): Text of object 'Object Repository/Stockbit/Bandarmology_SellerAvg1' is: '50'

2024-01-22 18:42:39 - [MESSAGE][PASSED] - Text of object 'Object Repository/Stockbit/Bandarmology_SellerAvg1' is: '50'

2024-01-22 18:42:39 - [TEST_STEP][PASSED] - if (strSellerAvg1.contains(",")): null

2024-01-22 18:42:39 - [TEST_STEP][PASSED] - if (strSellerVol1.contains(" B")): null

2024-01-22 18:42:39 - [TEST_STEP][PASSED] - if (verifyElementNotPresent(findTestObject("Stockbit/Bandarmology_Buyer2"), 1, OPTIONAL)): Web element with id: 'Object Repository/Stockbit/Bandarmology_Buyer2' located by 'By.xpath: //*[contains(@id, 'rc-tabs-')]/div[2]/div/div/div/div/div/div[2]/table/tbody/tr[3]/td[1]/p' is present after '1' second(s) (Root cause: com.kms.katalon.core.exception.StepFailedException: Web element with id: 'Object Repository/Stockbit/Bandarmology_Buyer2' located by 'By.xpath: //*[contains(@id, 'rc-tabs-')]/div[2]/div/div/div/div/div/div[2]/table/tbody/tr[3]/td[1]/p' is present after '1' second(s)
	at com.kms.katalon.core.webui.keyword.internal.WebUIKeywordMain.stepFailed(WebUIKeywordMain.groovy:64)
	at com.kms.katalon.core.webui.keyword.internal.WebUIKeywordMain$stepFailed$0.call(Unknown Source)
	at com.kms.katalon.core.webui.keyword.builtin.VerifyElementNotPresentKeyword$_verifyElementNotPresent_closure1.doCall(VerifyElementNotPresentKeyword.groovy:106)
	at com.kms.katalon.core.webui.keyword.builtin.VerifyElementNotPresentKeyword$_verifyElementNotPresent_closure1.doCall(VerifyElementNotPresentKeyword.groovy)
	at com.kms.katalon.core.webui.keyword.internal.WebUIKeywordMain.runKeyword(WebUIKeywordMain.groovy:20)
	at com.kms.katalon.core.webui.keyword.internal.WebUIKeywordMain$runKeyword.call(Unknown Source)
	at com.kms.katalon.core.webui.keyword.builtin.VerifyElementNotPresentKeyword.verifyElementNotPresent(VerifyElementNotPresentKeyword.groovy:117)
	at com.kms.katalon.core.webui.keyword.builtin.VerifyElementNotPresentKeyword.execute(VerifyElementNotPresentKeyword.groovy:68)
	at com.kms.katalon.core.keyword.internal.KeywordExecutor.executeKeywordForPlatform(KeywordExecutor.groovy:74)
	at com.kms.katalon.core.webui.keyword.WebUiBuiltInKeywords.verifyElementNotPresent(WebUiBuiltInKeywords.groovy:1481)
	at com.kms.katalon.core.webui.keyword.WebUiBuiltInKeywords$verifyElementNotPresent$8.call(Unknown Source)
	at GetBrokSumPriceDaily.run(GetBrokSumPriceDaily:258)
	at com.kms.katalon.core.main.ScriptEngine.run(ScriptEngine.java:194)
	at com.kms.katalon.core.main.ScriptEngine.runScriptAsRawText(ScriptEngine.java:119)
	at com.kms.katalon.core.main.TestCaseExecutor.runScript(TestCaseExecutor.java:445)
	at com.kms.katalon.core.main.TestCaseExecutor.doExecute(TestCaseExecutor.java:436)
	at com.kms.katalon.core.main.TestCaseExecutor.processExecutionPhase(TestCaseExecutor.java:415)
	at com.kms.katalon.core.main.TestCaseExecutor.accessMainPhase(TestCaseExecutor.java:407)
	at com.kms.katalon.core.main.TestCaseExecutor.execute(TestCaseExecutor.java:284)
	at com.kms.katalon.core.common.CommonExecutor.accessTestCaseMainPhase(CommonExecutor.java:65)
	at com.kms.katalon.core.main.TestSuiteExecutor.accessTestSuiteMainPhase(TestSuiteExecutor.java:144)
	at com.kms.katalon.core.main.TestSuiteExecutor.execute(TestSuiteExecutor.java:106)
	at com.kms.katalon.core.main.TestCaseMain.startTestSuite(TestCaseMain.java:185)
	at com.kms.katalon.core.main.TestCaseMain$startTestSuite$0.call(Unknown Source)
	at TempTestSuite1705923140048.run(TempTestSuite1705923140048.groovy:36)
)

2024-01-22 18:42:40 - [MESSAGE][WARNING] - Web element with id: 'Object Repository/Stockbit/Bandarmology_Buyer2' located by 'By.xpath: //*[contains(@id, 'rc-tabs-')]/div[2]/div/div/div/div/div/div[2]/table/tbody/tr[3]/td[1]/p' is present after '1' second(s) (Root cause: com.kms.katalon.core.exception.StepFailedException: Web element with id: 'Object Repository/Stockbit/Bandarmology_Buyer2' located by 'By.xpath: //*[contains(@id, 'rc-tabs-')]/div[2]/div/div/div/div/div/div[2]/table/tbody/tr[3]/td[1]/p' is present after '1' second(s)
	at com.kms.katalon.core.webui.keyword.internal.WebUIKeywordMain.stepFailed(WebUIKeywordMain.groovy:64)
	at com.kms.katalon.core.webui.keyword.internal.WebUIKeywordMain$stepFailed$0.call(Unknown Source)
	at com.kms.katalon.core.webui.keyword.builtin.VerifyElementNotPresentKeyword$_verifyElementNotPresent_closure1.doCall(VerifyElementNotPresentKeyword.groovy:106)
	at com.kms.katalon.core.webui.keyword.builtin.VerifyElementNotPresentKeyword$_verifyElementNotPresent_closure1.doCall(VerifyElementNotPresentKeyword.groovy)
	at com.kms.katalon.core.webui.keyword.internal.WebUIKeywordMain.runKeyword(WebUIKeywordMain.groovy:20)
	at com.kms.katalon.core.webui.keyword.internal.WebUIKeywordMain$runKeyword.call(Unknown Source)
	at com.kms.katalon.core.webui.keyword.builtin.VerifyElementNotPresentKeyword.verifyElementNotPresent(VerifyElementNotPresentKeyword.groovy:117)
	at com.kms.katalon.core.webui.keyword.builtin.VerifyElementNotPresentKeyword.execute(VerifyElementNotPresentKeyword.groovy:68)
	at com.kms.katalon.core.keyword.internal.KeywordExecutor.executeKeywordForPlatform(KeywordExecutor.groovy:74)
	at com.kms.katalon.core.webui.keyword.WebUiBuiltInKeywords.verifyElementNotPresent(WebUiBuiltInKeywords.groovy:1481)
	at com.kms.katalon.core.webui.keyword.WebUiBuiltInKeywords$verifyElementNotPresent$8.call(Unknown Source)
	at GetBrokSumPriceDaily.run(GetBrokSumPriceDaily:258)
	at com.kms.katalon.core.main.ScriptEngine.run(ScriptEngine.java:194)
	at com.kms.katalon.core.main.ScriptEngine.runScriptAsRawText(ScriptEngine.java:119)
	at com.kms.katalon.core.main.TestCaseExecutor.runScript(TestCaseExecutor.java:445)
	at com.kms.katalon.core.main.TestCaseExecutor.doExecute(TestCaseExecutor.java:436)
	at com.kms.katalon.core.main.TestCaseExecutor.processExecutionPhase(TestCaseExecutor.java:415)
	at com.kms.katalon.core.main.TestCaseExecutor.accessMainPhase(TestCaseExecutor.java:407)
	at com.kms.katalon.core.main.TestCaseExecutor.execute(TestCaseExecutor.java:284)
	at com.kms.katalon.core.common.CommonExecutor.accessTestCaseMainPhase(CommonExecutor.java:65)
	at com.kms.katalon.core.main.TestSuiteExecutor.accessTestSuiteMainPhase(TestSuiteExecutor.java:144)
	at com.kms.katalon.core.main.TestSuiteExecutor.execute(TestSuiteExecutor.java:106)
	at com.kms.katalon.core.main.TestCaseMain.startTestSuite(TestCaseMain.java:185)
	at com.kms.katalon.core.main.TestCaseMain$startTestSuite$0.call(Unknown Source)
	at TempTestSuite1705923140048.run(TempTestSuite1705923140048.groovy:36)
)
[[ATTACHMENT|C:\\Users\\Fadli\\git\\KatalonDailyGetData2\\Reports\\20240122_174123\\TS1\\20240122_183220\\1705923760560.png]]

2024-01-22 18:42:40 - [TEST_STEP][PASSED] - else: null

2024-01-22 18:42:40 - [TEST_STEP][PASSED] - strBuyer2 = getText(findTestObject("Stockbit/Bandarmology_Buyer2")): Text of object 'Object Repository/Stockbit/Bandarmology_Buyer2' is: 'OD'

2024-01-22 18:42:40 - [MESSAGE][PASSED] - Text of object 'Object Repository/Stockbit/Bandarmology_Buyer2' is: 'OD'

2024-01-22 18:42:40 - [TEST_STEP][PASSED] - strBuyerVol2 = getText(findTestObject("Stockbit/Bandarmology_BuyerVol2")): Text of object 'Object Repository/Stockbit/Bandarmology_BuyerVol2' is: '24'

2024-01-22 18:42:40 - [MESSAGE][PASSED] - Text of object 'Object Repository/Stockbit/Bandarmology_BuyerVol2' is: '24'

2024-01-22 18:42:40 - [TEST_STEP][PASSED] - strBuyerAvg2 = getText(findTestObject("Stockbit/Bandarmology_BuyerAvg2")): Text of object 'Object Repository/Stockbit/Bandarmology_BuyerAvg2' is: '50'

2024-01-22 18:42:41 - [MESSAGE][PASSED] - Text of object 'Object Repository/Stockbit/Bandarmology_BuyerAvg2' is: '50'

2024-01-22 18:42:41 - [TEST_STEP][PASSED] - if (strBuyer2 != ""): null

2024-01-22 18:42:41 - [TEST_STEP][PASSED] - if (strBuyerAvg2.contains(",")): null

2024-01-22 18:42:41 - [TEST_STEP][PASSED] - if (strBuyerVol2.contains(" B")): null

2024-01-22 18:42:41 - [TEST_STEP][PASSED] - if (strBuyerVol2.contains(".")): null

2024-01-22 18:42:41 - [TEST_STEP][PASSED] - if (verifyElementNotPresent(findTestObject("Stockbit/Bandarmology_Seller2"), 1, OPTIONAL)): Web element with id: 'Object Repository/Stockbit/Bandarmology_Seller2' located by 'By.xpath: //*[contains(@id, 'rc-tabs-')]/div[2]/div/div/div/div/div/div[2]/table/tbody/tr[3]/td[5]/p' is present after '1' second(s) (Root cause: com.kms.katalon.core.exception.StepFailedException: Web element with id: 'Object Repository/Stockbit/Bandarmology_Seller2' located by 'By.xpath: //*[contains(@id, 'rc-tabs-')]/div[2]/div/div/div/div/div/div[2]/table/tbody/tr[3]/td[5]/p' is present after '1' second(s)
	at com.kms.katalon.core.webui.keyword.internal.WebUIKeywordMain.stepFailed(WebUIKeywordMain.groovy:64)
	at com.kms.katalon.core.webui.keyword.internal.WebUIKeywordMain$stepFailed$0.call(Unknown Source)
	at com.kms.katalon.core.webui.keyword.builtin.VerifyElementNotPresentKeyword$_verifyElementNotPresent_closure1.doCall(VerifyElementNotPresentKeyword.groovy:106)
	at com.kms.katalon.core.webui.keyword.builtin.VerifyElementNotPresentKeyword$_verifyElementNotPresent_closure1.doCall(VerifyElementNotPresentKeyword.groovy)
	at com.kms.katalon.core.webui.keyword.internal.WebUIKeywordMain.runKeyword(WebUIKeywordMain.groovy:20)
	at com.kms.katalon.core.webui.keyword.internal.WebUIKeywordMain$runKeyword.call(Unknown Source)
	at com.kms.katalon.core.webui.keyword.builtin.VerifyElementNotPresentKeyword.verifyElementNotPresent(VerifyElementNotPresentKeyword.groovy:117)
	at com.kms.katalon.core.webui.keyword.builtin.VerifyElementNotPresentKeyword.execute(VerifyElementNotPresentKeyword.groovy:68)
	at com.kms.katalon.core.keyword.internal.KeywordExecutor.executeKeywordForPlatform(KeywordExecutor.groovy:74)
	at com.kms.katalon.core.webui.keyword.WebUiBuiltInKeywords.verifyElementNotPresent(WebUiBuiltInKeywords.groovy:1481)
	at com.kms.katalon.core.webui.keyword.WebUiBuiltInKeywords$verifyElementNotPresent$8.call(Unknown Source)
	at GetBrokSumPriceDaily.run(GetBrokSumPriceDaily:309)
	at com.kms.katalon.core.main.ScriptEngine.run(ScriptEngine.java:194)
	at com.kms.katalon.core.main.ScriptEngine.runScriptAsRawText(ScriptEngine.java:119)
	at com.kms.katalon.core.main.TestCaseExecutor.runScript(TestCaseExecutor.java:445)
	at com.kms.katalon.core.main.TestCaseExecutor.doExecute(TestCaseExecutor.java:436)
	at com.kms.katalon.core.main.TestCaseExecutor.processExecutionPhase(TestCaseExecutor.java:415)
	at com.kms.katalon.core.main.TestCaseExecutor.accessMainPhase(TestCaseExecutor.java:407)
	at com.kms.katalon.core.main.TestCaseExecutor.execute(TestCaseExecutor.java:284)
	at com.kms.katalon.core.common.CommonExecutor.accessTestCaseMainPhase(CommonExecutor.java:65)
	at com.kms.katalon.core.main.TestSuiteExecutor.accessTestSuiteMainPhase(TestSuiteExecutor.java:144)
	at com.kms.katalon.core.main.TestSuiteExecutor.execute(TestSuiteExecutor.java:106)
	at com.kms.katalon.core.main.TestCaseMain.startTestSuite(TestCaseMain.java:185)
	at com.kms.katalon.core.main.TestCaseMain$startTestSuite$0.call(Unknown Source)
	at TempTestSuite1705923140048.run(TempTestSuite1705923140048.groovy:36)
)

2024-01-22 18:42:42 - [MESSAGE][WARNING] - Web element with id: 'Object Repository/Stockbit/Bandarmology_Seller2' located by 'By.xpath: //*[contains(@id, 'rc-tabs-')]/div[2]/div/div/div/div/div/div[2]/table/tbody/tr[3]/td[5]/p' is present after '1' second(s) (Root cause: com.kms.katalon.core.exception.StepFailedException: Web element with id: 'Object Repository/Stockbit/Bandarmology_Seller2' located by 'By.xpath: //*[contains(@id, 'rc-tabs-')]/div[2]/div/div/div/div/div/div[2]/table/tbody/tr[3]/td[5]/p' is present after '1' second(s)
	at com.kms.katalon.core.webui.keyword.internal.WebUIKeywordMain.stepFailed(WebUIKeywordMain.groovy:64)
	at com.kms.katalon.core.webui.keyword.internal.WebUIKeywordMain$stepFailed$0.call(Unknown Source)
	at com.kms.katalon.core.webui.keyword.builtin.VerifyElementNotPresentKeyword$_verifyElementNotPresent_closure1.doCall(VerifyElementNotPresentKeyword.groovy:106)
	at com.kms.katalon.core.webui.keyword.builtin.VerifyElementNotPresentKeyword$_verifyElementNotPresent_closure1.doCall(VerifyElementNotPresentKeyword.groovy)
	at com.kms.katalon.core.webui.keyword.internal.WebUIKeywordMain.runKeyword(WebUIKeywordMain.groovy:20)
	at com.kms.katalon.core.webui.keyword.internal.WebUIKeywordMain$runKeyword.call(Unknown Source)
	at com.kms.katalon.core.webui.keyword.builtin.VerifyElementNotPresentKeyword.verifyElementNotPresent(VerifyElementNotPresentKeyword.groovy:117)
	at com.kms.katalon.core.webui.keyword.builtin.VerifyElementNotPresentKeyword.execute(VerifyElementNotPresentKeyword.groovy:68)
	at com.kms.katalon.core.keyword.internal.KeywordExecutor.executeKeywordForPlatform(KeywordExecutor.groovy:74)
	at com.kms.katalon.core.webui.keyword.WebUiBuiltInKeywords.verifyElementNotPresent(WebUiBuiltInKeywords.groovy:1481)
	at com.kms.katalon.core.webui.keyword.WebUiBuiltInKeywords$verifyElementNotPresent$8.call(Unknown Source)
	at GetBrokSumPriceDaily.run(GetBrokSumPriceDaily:309)
	at com.kms.katalon.core.main.ScriptEngine.run(ScriptEngine.java:194)
	at com.kms.katalon.core.main.ScriptEngine.runScriptAsRawText(ScriptEngine.java:119)
	at com.kms.katalon.core.main.TestCaseExecutor.runScript(TestCaseExecutor.java:445)
	at com.kms.katalon.core.main.TestCaseExecutor.doExecute(TestCaseExecutor.java:436)
	at com.kms.katalon.core.main.TestCaseExecutor.processExecutionPhase(TestCaseExecutor.java:415)
	at com.kms.katalon.core.main.TestCaseExecutor.accessMainPhase(TestCaseExecutor.java:407)
	at com.kms.katalon.core.main.TestCaseExecutor.execute(TestCaseExecutor.java:284)
	at com.kms.katalon.core.common.CommonExecutor.accessTestCaseMainPhase(CommonExecutor.java:65)
	at com.kms.katalon.core.main.TestSuiteExecutor.accessTestSuiteMainPhase(TestSuiteExecutor.java:144)
	at com.kms.katalon.core.main.TestSuiteExecutor.execute(TestSuiteExecutor.java:106)
	at com.kms.katalon.core.main.TestCaseMain.startTestSuite(TestCaseMain.java:185)
	at com.kms.katalon.core.main.TestCaseMain$startTestSuite$0.call(Unknown Source)
	at TempTestSuite1705923140048.run(TempTestSuite1705923140048.groovy:36)
)
[[ATTACHMENT|C:\\Users\\Fadli\\git\\KatalonDailyGetData2\\Reports\\20240122_174123\\TS1\\20240122_183220\\1705923762278.png]]

2024-01-22 18:42:42 - [TEST_STEP][PASSED] - else: null

2024-01-22 18:42:42 - [TEST_STEP][PASSED] - strSeller2 = getText(findTestObject("Stockbit/Bandarmology_Seller2")): Text of object 'Object Repository/Stockbit/Bandarmology_Seller2' is: ''

2024-01-22 18:42:42 - [MESSAGE][PASSED] - Text of object 'Object Repository/Stockbit/Bandarmology_Seller2' is: ''

2024-01-22 18:42:42 - [TEST_STEP][PASSED] - strSellerVol2 = getText(findTestObject("Stockbit/Bandarmology_SellerVol2")): Text of object 'Object Repository/Stockbit/Bandarmology_SellerVol2' is: ''

2024-01-22 18:42:42 - [MESSAGE][PASSED] - Text of object 'Object Repository/Stockbit/Bandarmology_SellerVol2' is: ''

2024-01-22 18:42:42 - [TEST_STEP][PASSED] - strSellerAvg2 = getText(findTestObject("Stockbit/Bandarmology_SellerAvg2")): Text of object 'Object Repository/Stockbit/Bandarmology_SellerAvg2' is: ''

2024-01-22 18:42:42 - [MESSAGE][PASSED] - Text of object 'Object Repository/Stockbit/Bandarmology_SellerAvg2' is: ''

2024-01-22 18:42:42 - [TEST_STEP][PASSED] - if (strSeller2 != ""): null

2024-01-22 18:42:42 - [TEST_STEP][PASSED] - else: null

2024-01-22 18:42:42 - [TEST_STEP][PASSED] - strSeller2 = "-": null

2024-01-22 18:42:42 - [TEST_STEP][PASSED] - strSellerVol2 = "0": null

2024-01-22 18:42:42 - [TEST_STEP][PASSED] - strSellerAvg2 = "0": null

2024-01-22 18:42:42 - [TEST_STEP][PASSED] - if (verifyElementNotPresent(findTestObject("Stockbit/Bandarmology_Buyer3"), 1, OPTIONAL)): Web element with id: 'Object Repository/Stockbit/Bandarmology_Buyer3' located by 'By.xpath: //*[contains(@id, 'rc-tabs-')]/div[2]/div/div/div/div/div/div[2]/table/tbody/tr[4]/td[1]/p' is present after '1' second(s) (Root cause: com.kms.katalon.core.exception.StepFailedException: Web element with id: 'Object Repository/Stockbit/Bandarmology_Buyer3' located by 'By.xpath: //*[contains(@id, 'rc-tabs-')]/div[2]/div/div/div/div/div/div[2]/table/tbody/tr[4]/td[1]/p' is present after '1' second(s)
	at com.kms.katalon.core.webui.keyword.internal.WebUIKeywordMain.stepFailed(WebUIKeywordMain.groovy:64)
	at com.kms.katalon.core.webui.keyword.internal.WebUIKeywordMain$stepFailed$0.call(Unknown Source)
	at com.kms.katalon.core.webui.keyword.builtin.VerifyElementNotPresentKeyword$_verifyElementNotPresent_closure1.doCall(VerifyElementNotPresentKeyword.groovy:106)
	at com.kms.katalon.core.webui.keyword.builtin.VerifyElementNotPresentKeyword$_verifyElementNotPresent_closure1.doCall(VerifyElementNotPresentKeyword.groovy)
	at com.kms.katalon.core.webui.keyword.internal.WebUIKeywordMain.runKeyword(WebUIKeywordMain.groovy:20)
	at com.kms.katalon.core.webui.keyword.internal.WebUIKeywordMain$runKeyword.call(Unknown Source)
	at com.kms.katalon.core.webui.keyword.builtin.VerifyElementNotPresentKeyword.verifyElementNotPresent(VerifyElementNotPresentKeyword.groovy:117)
	at com.kms.katalon.core.webui.keyword.builtin.VerifyElementNotPresentKeyword.execute(VerifyElementNotPresentKeyword.groovy:68)
	at com.kms.katalon.core.keyword.internal.KeywordExecutor.executeKeywordForPlatform(KeywordExecutor.groovy:74)
	at com.kms.katalon.core.webui.keyword.WebUiBuiltInKeywords.verifyElementNotPresent(WebUiBuiltInKeywords.groovy:1481)
	at com.kms.katalon.core.webui.keyword.WebUiBuiltInKeywords$verifyElementNotPresent$8.call(Unknown Source)
	at GetBrokSumPriceDaily.run(GetBrokSumPriceDaily:361)
	at com.kms.katalon.core.main.ScriptEngine.run(ScriptEngine.java:194)
	at com.kms.katalon.core.main.ScriptEngine.runScriptAsRawText(ScriptEngine.java:119)
	at com.kms.katalon.core.main.TestCaseExecutor.runScript(TestCaseExecutor.java:445)
	at com.kms.katalon.core.main.TestCaseExecutor.doExecute(TestCaseExecutor.java:436)
	at com.kms.katalon.core.main.TestCaseExecutor.processExecutionPhase(TestCaseExecutor.java:415)
	at com.kms.katalon.core.main.TestCaseExecutor.accessMainPhase(TestCaseExecutor.java:407)
	at com.kms.katalon.core.main.TestCaseExecutor.execute(TestCaseExecutor.java:284)
	at com.kms.katalon.core.common.CommonExecutor.accessTestCaseMainPhase(CommonExecutor.java:65)
	at com.kms.katalon.core.main.TestSuiteExecutor.accessTestSuiteMainPhase(TestSuiteExecutor.java:144)
	at com.kms.katalon.core.main.TestSuiteExecutor.execute(TestSuiteExecutor.java:106)
	at com.kms.katalon.core.main.TestCaseMain.startTestSuite(TestCaseMain.java:185)
	at com.kms.katalon.core.main.TestCaseMain$startTestSuite$0.call(Unknown Source)
	at TempTestSuite1705923140048.run(TempTestSuite1705923140048.groovy:36)
)

2024-01-22 18:42:44 - [MESSAGE][WARNING] - Web element with id: 'Object Repository/Stockbit/Bandarmology_Buyer3' located by 'By.xpath: //*[contains(@id, 'rc-tabs-')]/div[2]/div/div/div/div/div/div[2]/table/tbody/tr[4]/td[1]/p' is present after '1' second(s) (Root cause: com.kms.katalon.core.exception.StepFailedException: Web element with id: 'Object Repository/Stockbit/Bandarmology_Buyer3' located by 'By.xpath: //*[contains(@id, 'rc-tabs-')]/div[2]/div/div/div/div/div/div[2]/table/tbody/tr[4]/td[1]/p' is present after '1' second(s)
	at com.kms.katalon.core.webui.keyword.internal.WebUIKeywordMain.stepFailed(WebUIKeywordMain.groovy:64)
	at com.kms.katalon.core.webui.keyword.internal.WebUIKeywordMain$stepFailed$0.call(Unknown Source)
	at com.kms.katalon.core.webui.keyword.builtin.VerifyElementNotPresentKeyword$_verifyElementNotPresent_closure1.doCall(VerifyElementNotPresentKeyword.groovy:106)
	at com.kms.katalon.core.webui.keyword.builtin.VerifyElementNotPresentKeyword$_verifyElementNotPresent_closure1.doCall(VerifyElementNotPresentKeyword.groovy)
	at com.kms.katalon.core.webui.keyword.internal.WebUIKeywordMain.runKeyword(WebUIKeywordMain.groovy:20)
	at com.kms.katalon.core.webui.keyword.internal.WebUIKeywordMain$runKeyword.call(Unknown Source)
	at com.kms.katalon.core.webui.keyword.builtin.VerifyElementNotPresentKeyword.verifyElementNotPresent(VerifyElementNotPresentKeyword.groovy:117)
	at com.kms.katalon.core.webui.keyword.builtin.VerifyElementNotPresentKeyword.execute(VerifyElementNotPresentKeyword.groovy:68)
	at com.kms.katalon.core.keyword.internal.KeywordExecutor.executeKeywordForPlatform(KeywordExecutor.groovy:74)
	at com.kms.katalon.core.webui.keyword.WebUiBuiltInKeywords.verifyElementNotPresent(WebUiBuiltInKeywords.groovy:1481)
	at com.kms.katalon.core.webui.keyword.WebUiBuiltInKeywords$verifyElementNotPresent$8.call(Unknown Source)
	at GetBrokSumPriceDaily.run(GetBrokSumPriceDaily:361)
	at com.kms.katalon.core.main.ScriptEngine.run(ScriptEngine.java:194)
	at com.kms.katalon.core.main.ScriptEngine.runScriptAsRawText(ScriptEngine.java:119)
	at com.kms.katalon.core.main.TestCaseExecutor.runScript(TestCaseExecutor.java:445)
	at com.kms.katalon.core.main.TestCaseExecutor.doExecute(TestCaseExecutor.java:436)
	at com.kms.katalon.core.main.TestCaseExecutor.processExecutionPhase(TestCaseExecutor.java:415)
	at com.kms.katalon.core.main.TestCaseExecutor.accessMainPhase(TestCaseExecutor.java:407)
	at com.kms.katalon.core.main.TestCaseExecutor.execute(TestCaseExecutor.java:284)
	at com.kms.katalon.core.common.CommonExecutor.accessTestCaseMainPhase(CommonExecutor.java:65)
	at com.kms.katalon.core.main.TestSuiteExecutor.accessTestSuiteMainPhase(TestSuiteExecutor.java:144)
	at com.kms.katalon.core.main.TestSuiteExecutor.execute(TestSuiteExecutor.java:106)
	at com.kms.katalon.core.main.TestCaseMain.startTestSuite(TestCaseMain.java:185)
	at com.kms.katalon.core.main.TestCaseMain$startTestSuite$0.call(Unknown Source)
	at TempTestSuite1705923140048.run(TempTestSuite1705923140048.groovy:36)
)
[[ATTACHMENT|C:\\Users\\Fadli\\git\\KatalonDailyGetData2\\Reports\\20240122_174123\\TS1\\20240122_183220\\1705923763962.png]]

2024-01-22 18:42:44 - [TEST_STEP][PASSED] - else: null

2024-01-22 18:42:44 - [TEST_STEP][PASSED] - strBuyer3 = getText(findTestObject("Stockbit/Bandarmology_Buyer3")): Text of object 'Object Repository/Stockbit/Bandarmology_Buyer3' is: 'XC'

2024-01-22 18:42:44 - [MESSAGE][PASSED] - Text of object 'Object Repository/Stockbit/Bandarmology_Buyer3' is: 'XC'

2024-01-22 18:42:44 - [TEST_STEP][PASSED] - strBuyerVol3 = getText(findTestObject("Stockbit/Bandarmology_BuyerVol3")): Text of object 'Object Repository/Stockbit/Bandarmology_BuyerVol3' is: '11'

2024-01-22 18:42:44 - [MESSAGE][PASSED] - Text of object 'Object Repository/Stockbit/Bandarmology_BuyerVol3' is: '11'

2024-01-22 18:42:44 - [TEST_STEP][PASSED] - strBuyerAvg3 = getText(findTestObject("Stockbit/Bandarmology_BuyerAvg3")): Text of object 'Object Repository/Stockbit/Bandarmology_BuyerAvg3' is: '50'

2024-01-22 18:42:44 - [MESSAGE][PASSED] - Text of object 'Object Repository/Stockbit/Bandarmology_BuyerAvg3' is: '50'

2024-01-22 18:42:44 - [TEST_STEP][PASSED] - if (strBuyer3 != ""): null

2024-01-22 18:42:44 - [TEST_STEP][PASSED] - if (strBuyerAvg3.contains(",")): null

2024-01-22 18:42:44 - [TEST_STEP][PASSED] - if (strBuyerVol3.contains(" B")): null

2024-01-22 18:42:44 - [TEST_STEP][PASSED] - if (verifyElementNotPresent(findTestObject("Stockbit/Bandarmology_Seller3"), 1, OPTIONAL)): Web element with id: 'Object Repository/Stockbit/Bandarmology_Seller3' located by 'By.xpath: //*[contains(@id, 'rc-tabs-')]/div[2]/div/div/div/div/div/div[2]/table/tbody/tr[4]/td[5]/p' is present after '1' second(s) (Root cause: com.kms.katalon.core.exception.StepFailedException: Web element with id: 'Object Repository/Stockbit/Bandarmology_Seller3' located by 'By.xpath: //*[contains(@id, 'rc-tabs-')]/div[2]/div/div/div/div/div/div[2]/table/tbody/tr[4]/td[5]/p' is present after '1' second(s)
	at com.kms.katalon.core.webui.keyword.internal.WebUIKeywordMain.stepFailed(WebUIKeywordMain.groovy:64)
	at com.kms.katalon.core.webui.keyword.internal.WebUIKeywordMain$stepFailed$0.call(Unknown Source)
	at com.kms.katalon.core.webui.keyword.builtin.VerifyElementNotPresentKeyword$_verifyElementNotPresent_closure1.doCall(VerifyElementNotPresentKeyword.groovy:106)
	at com.kms.katalon.core.webui.keyword.builtin.VerifyElementNotPresentKeyword$_verifyElementNotPresent_closure1.doCall(VerifyElementNotPresentKeyword.groovy)
	at com.kms.katalon.core.webui.keyword.internal.WebUIKeywordMain.runKeyword(WebUIKeywordMain.groovy:20)
	at com.kms.katalon.core.webui.keyword.internal.WebUIKeywordMain$runKeyword.call(Unknown Source)
	at com.kms.katalon.core.webui.keyword.builtin.VerifyElementNotPresentKeyword.verifyElementNotPresent(VerifyElementNotPresentKeyword.groovy:117)
	at com.kms.katalon.core.webui.keyword.builtin.VerifyElementNotPresentKeyword.execute(VerifyElementNotPresentKeyword.groovy:68)
	at com.kms.katalon.core.keyword.internal.KeywordExecutor.executeKeywordForPlatform(KeywordExecutor.groovy:74)
	at com.kms.katalon.core.webui.keyword.WebUiBuiltInKeywords.verifyElementNotPresent(WebUiBuiltInKeywords.groovy:1481)
	at com.kms.katalon.core.webui.keyword.WebUiBuiltInKeywords$verifyElementNotPresent$8.call(Unknown Source)
	at GetBrokSumPriceDaily.run(GetBrokSumPriceDaily:414)
	at com.kms.katalon.core.main.ScriptEngine.run(ScriptEngine.java:194)
	at com.kms.katalon.core.main.ScriptEngine.runScriptAsRawText(ScriptEngine.java:119)
	at com.kms.katalon.core.main.TestCaseExecutor.runScript(TestCaseExecutor.java:445)
	at com.kms.katalon.core.main.TestCaseExecutor.doExecute(TestCaseExecutor.java:436)
	at com.kms.katalon.core.main.TestCaseExecutor.processExecutionPhase(TestCaseExecutor.java:415)
	at com.kms.katalon.core.main.TestCaseExecutor.accessMainPhase(TestCaseExecutor.java:407)
	at com.kms.katalon.core.main.TestCaseExecutor.execute(TestCaseExecutor.java:284)
	at com.kms.katalon.core.common.CommonExecutor.accessTestCaseMainPhase(CommonExecutor.java:65)
	at com.kms.katalon.core.main.TestSuiteExecutor.accessTestSuiteMainPhase(TestSuiteExecutor.java:144)
	at com.kms.katalon.core.main.TestSuiteExecutor.execute(TestSuiteExecutor.java:106)
	at com.kms.katalon.core.main.TestCaseMain.startTestSuite(TestCaseMain.java:185)
	at com.kms.katalon.core.main.TestCaseMain$startTestSuite$0.call(Unknown Source)
	at TempTestSuite1705923140048.run(TempTestSuite1705923140048.groovy:36)
)

2024-01-22 18:42:45 - [MESSAGE][WARNING] - Web element with id: 'Object Repository/Stockbit/Bandarmology_Seller3' located by 'By.xpath: //*[contains(@id, 'rc-tabs-')]/div[2]/div/div/div/div/div/div[2]/table/tbody/tr[4]/td[5]/p' is present after '1' second(s) (Root cause: com.kms.katalon.core.exception.StepFailedException: Web element with id: 'Object Repository/Stockbit/Bandarmology_Seller3' located by 'By.xpath: //*[contains(@id, 'rc-tabs-')]/div[2]/div/div/div/div/div/div[2]/table/tbody/tr[4]/td[5]/p' is present after '1' second(s)
	at com.kms.katalon.core.webui.keyword.internal.WebUIKeywordMain.stepFailed(WebUIKeywordMain.groovy:64)
	at com.kms.katalon.core.webui.keyword.internal.WebUIKeywordMain$stepFailed$0.call(Unknown Source)
	at com.kms.katalon.core.webui.keyword.builtin.VerifyElementNotPresentKeyword$_verifyElementNotPresent_closure1.doCall(VerifyElementNotPresentKeyword.groovy:106)
	at com.kms.katalon.core.webui.keyword.builtin.VerifyElementNotPresentKeyword$_verifyElementNotPresent_closure1.doCall(VerifyElementNotPresentKeyword.groovy)
	at com.kms.katalon.core.webui.keyword.internal.WebUIKeywordMain.runKeyword(WebUIKeywordMain.groovy:20)
	at com.kms.katalon.core.webui.keyword.internal.WebUIKeywordMain$runKeyword.call(Unknown Source)
	at com.kms.katalon.core.webui.keyword.builtin.VerifyElementNotPresentKeyword.verifyElementNotPresent(VerifyElementNotPresentKeyword.groovy:117)
	at com.kms.katalon.core.webui.keyword.builtin.VerifyElementNotPresentKeyword.execute(VerifyElementNotPresentKeyword.groovy:68)
	at com.kms.katalon.core.keyword.internal.KeywordExecutor.executeKeywordForPlatform(KeywordExecutor.groovy:74)
	at com.kms.katalon.core.webui.keyword.WebUiBuiltInKeywords.verifyElementNotPresent(WebUiBuiltInKeywords.groovy:1481)
	at com.kms.katalon.core.webui.keyword.WebUiBuiltInKeywords$verifyElementNotPresent$8.call(Unknown Source)
	at GetBrokSumPriceDaily.run(GetBrokSumPriceDaily:414)
	at com.kms.katalon.core.main.ScriptEngine.run(ScriptEngine.java:194)
	at com.kms.katalon.core.main.ScriptEngine.runScriptAsRawText(ScriptEngine.java:119)
	at com.kms.katalon.core.main.TestCaseExecutor.runScript(TestCaseExecutor.java:445)
	at com.kms.katalon.core.main.TestCaseExecutor.doExecute(TestCaseExecutor.java:436)
	at com.kms.katalon.core.main.TestCaseExecutor.processExecutionPhase(TestCaseExecutor.java:415)
	at com.kms.katalon.core.main.TestCaseExecutor.accessMainPhase(TestCaseExecutor.java:407)
	at com.kms.katalon.core.main.TestCaseExecutor.execute(TestCaseExecutor.java:284)
	at com.kms.katalon.core.common.CommonExecutor.accessTestCaseMainPhase(CommonExecutor.java:65)
	at com.kms.katalon.core.main.TestSuiteExecutor.accessTestSuiteMainPhase(TestSuiteExecutor.java:144)
	at com.kms.katalon.core.main.TestSuiteExecutor.execute(TestSuiteExecutor.java:106)
	at com.kms.katalon.core.main.TestCaseMain.startTestSuite(TestCaseMain.java:185)
	at com.kms.katalon.core.main.TestCaseMain$startTestSuite$0.call(Unknown Source)
	at TempTestSuite1705923140048.run(TempTestSuite1705923140048.groovy:36)
)
[[ATTACHMENT|C:\\Users\\Fadli\\git\\KatalonDailyGetData2\\Reports\\20240122_174123\\TS1\\20240122_183220\\1705923765655.png]]

2024-01-22 18:42:45 - [TEST_STEP][PASSED] - else: null

2024-01-22 18:42:45 - [TEST_STEP][PASSED] - strSeller3 = getText(findTestObject("Stockbit/Bandarmology_Seller3")): Text of object 'Object Repository/Stockbit/Bandarmology_Seller3' is: ''

2024-01-22 18:42:45 - [MESSAGE][PASSED] - Text of object 'Object Repository/Stockbit/Bandarmology_Seller3' is: ''

2024-01-22 18:42:45 - [TEST_STEP][PASSED] - strSellerVol3 = getText(findTestObject("Stockbit/Bandarmology_SellerVol3")): Text of object 'Object Repository/Stockbit/Bandarmology_SellerVol3' is: ''

2024-01-22 18:42:46 - [MESSAGE][PASSED] - Text of object 'Object Repository/Stockbit/Bandarmology_SellerVol3' is: ''

2024-01-22 18:42:46 - [TEST_STEP][PASSED] - strSellerAvg3 = getText(findTestObject("Stockbit/Bandarmology_SellerAvg3")): Text of object 'Object Repository/Stockbit/Bandarmology_SellerAvg3' is: ''

2024-01-22 18:42:46 - [MESSAGE][PASSED] - Text of object 'Object Repository/Stockbit/Bandarmology_SellerAvg3' is: ''

2024-01-22 18:42:46 - [TEST_STEP][PASSED] - if (strSeller3 != ""): null

2024-01-22 18:42:46 - [TEST_STEP][PASSED] - else: null

2024-01-22 18:42:46 - [TEST_STEP][PASSED] - strSeller3 = "-": null

2024-01-22 18:42:46 - [TEST_STEP][PASSED] - strSellerVol3 = "0": null

2024-01-22 18:42:46 - [TEST_STEP][PASSED] - strSellerAvg3 = "0": null

2024-01-22 18:42:46 - [TEST_STEP][PASSED] - strAccDist = getText(findTestObject("Stockbit/Bandarmology_AccDist")): Text of object 'Object Repository/Stockbit/Bandarmology_AccDist' is: 'Dist'

2024-01-22 18:42:46 - [MESSAGE][PASSED] - Text of object 'Object Repository/Stockbit/Bandarmology_AccDist' is: 'Dist'

2024-01-22 18:42:46 - [TEST_STEP][PASSED] - strNetVol = getText(findTestObject("Stockbit/Bandarmology_NetVol")): Text of object 'Object Repository/Stockbit/Bandarmology_NetVol' is: '138'

2024-01-22 18:42:46 - [MESSAGE][PASSED] - Text of object 'Object Repository/Stockbit/Bandarmology_NetVol' is: '138'

2024-01-22 18:42:46 - [TEST_STEP][PASSED] - strNetVol = strNetVol.replace(",", ""): null

2024-01-22 18:42:46 - [TEST_STEP][PASSED] - strNetVal = getText(findTestObject("Stockbit/Bandarmology_NetVal")): Text of object 'Object Repository/Stockbit/Bandarmology_NetVal' is: '0 B'

2024-01-22 18:42:46 - [MESSAGE][PASSED] - Text of object 'Object Repository/Stockbit/Bandarmology_NetVal' is: '0 B'

2024-01-22 18:42:46 - [TEST_STEP][PASSED] - delay(3): Delayed 3 second(s)

2024-01-22 18:42:49 - [MESSAGE][PASSED] - Delayed 3 second(s)

2024-01-22 18:42:49 - [TEST_STEP][PASSED] - strOpenPrice = getText(findTestObject("Stockbit/Home_OpenPrice")): Text of object 'Object Repository/Stockbit/Home_OpenPrice' is: '50'

2024-01-22 18:42:49 - [MESSAGE][PASSED] - Text of object 'Object Repository/Stockbit/Home_OpenPrice' is: '50'

2024-01-22 18:42:49 - [TEST_STEP][PASSED] - strOpenPrice = strOpenPrice.replace(",", ""): null

2024-01-22 18:42:49 - [TEST_STEP][PASSED] - strLowPrice = getText(findTestObject("Stockbit/Home_LowPrice")): Text of object 'Object Repository/Stockbit/Home_LowPrice' is: '50'

2024-01-22 18:42:49 - [MESSAGE][PASSED] - Text of object 'Object Repository/Stockbit/Home_LowPrice' is: '50'

2024-01-22 18:42:49 - [TEST_STEP][PASSED] - strLowPrice = strLowPrice.replace(",", ""): null

2024-01-22 18:42:49 - [TEST_STEP][PASSED] - strHighPrice = getText(findTestObject("Stockbit/Home_HighPrice")): Text of object 'Object Repository/Stockbit/Home_HighPrice' is: '50'

2024-01-22 18:42:49 - [MESSAGE][PASSED] - Text of object 'Object Repository/Stockbit/Home_HighPrice' is: '50'

2024-01-22 18:42:49 - [TEST_STEP][PASSED] - strHighPrice = strHighPrice.replace(",", ""): null

2024-01-22 18:42:49 - [TEST_STEP][PASSED] - strClosePrice = getText(findTestObject("Stockbit/Home_ClosePrice")): Text of object 'Object Repository/Stockbit/Home_ClosePrice' is: '50'

2024-01-22 18:42:49 - [MESSAGE][PASSED] - Text of object 'Object Repository/Stockbit/Home_ClosePrice' is: '50'

2024-01-22 18:42:49 - [TEST_STEP][PASSED] - strClosePrice = strClosePrice.replace(",", ""): null

2024-01-22 18:42:49 - [TEST_STEP][PASSED] - strVol = getText(findTestObject("Stockbit/Home_Volume")): Text of object 'Object Repository/Stockbit/Home_Volume' is: '138'

2024-01-22 18:42:50 - [MESSAGE][PASSED] - Text of object 'Object Repository/Stockbit/Home_Volume' is: '138'

2024-01-22 18:42:50 - [TEST_STEP][PASSED] - if (strVol.contains(" K")): null

2024-01-22 18:42:50 - [TEST_STEP][PASSED] - if (strVol.contains(",")): null

2024-01-22 18:42:50 - [TEST_STEP][PASSED] - strChange = getText(findTestObject("Stockbit/Home_Change")): Text of object 'Object Repository/Stockbit/Home_Change' is: '0.00%'

2024-01-22 18:42:50 - [MESSAGE][PASSED] - Text of object 'Object Repository/Stockbit/Home_Change' is: '0.00%'

2024-01-22 18:42:50 - [TEST_STEP][PASSED] - strChange = strChange.replace("%", ""): null

2024-01-22 18:42:50 - [TEST_STEP][PASSED] - strFreq = getText(findTestObject("Stockbit/Home_Freq")): Text of object 'Object Repository/Stockbit/Home_Freq' is: '9'

2024-01-22 18:42:50 - [MESSAGE][PASSED] - Text of object 'Object Repository/Stockbit/Home_Freq' is: '9'

2024-01-22 18:42:50 - [TEST_STEP][PASSED] - if (strFreq.contains(",")): null

2024-01-22 18:42:50 - [TEST_STEP][PASSED] - if (strFreq == "NA" || strFreq == ""): null

2024-01-22 18:42:50 - [TEST_STEP][PASSED] - else: null

2024-01-22 18:42:50 - [TEST_STEP][PASSED] - dblFreqAnal = strVol.toDouble() / strFreq.toDouble() * strFreq.toDouble() * strFreq.toDouble() * 100000000: null

2024-01-22 18:42:50 - [TEST_STEP][PASSED] - strFreqAnal = String.format("%.4f", dblFreqAnal): null

2024-01-22 18:42:50 - [TEST_STEP][PASSED] - out.println("Double strFreqAnal: " + strFreqAnal): null

2024-01-22 18:42:50 - [TEST_STEP][PASSED] - strTanggal = d.format(DateTimeFormatter.ofPattern("yyyy-MM-dd")): null

2024-01-22 18:42:50 - [TEST_STEP][PASSED] - strTanggal = "#" + strTanggal + "#": null

2024-01-22 18:42:50 - [TEST_STEP][PASSED] - strSQL = "select count(*) as JumBaris from TblBrokSum where Nama = '" + strNama + "' and Tanggal = " + strTanggal + "": null

2024-01-22 18:42:50 - [TEST_STEP][PASSED] - resultSet = statement.executeQuery(strSQL): null

2024-01-22 18:42:50 - [TEST_STEP][PASSED] - resultSet.next(): null

2024-01-22 18:42:50 - [TEST_STEP][PASSED] - intJumBaris = resultSet.getInt("JumBaris"): null

2024-01-22 18:42:50 - [TEST_STEP][PASSED] - if (intJumBaris > 0): null

2024-01-22 18:42:50 - [TEST_STEP][PASSED] - else: null

2024-01-22 18:42:50 - [TEST_STEP][PASSED] - try: null

2024-01-22 18:42:50 - [TEST_STEP][PASSED] - out.println("Insert data"): null

2024-01-22 18:42:50 - [TEST_STEP][PASSED] - strSQL = "insert into TblBrokSum (nama, tanggal, top1, top2, top3, AllBrokAvg, AccDist, AvgRP, " + "Buyer1, BuyerVal1, BuyerAvg1, Seller1, SellerVal1, SellerAvg1, Buyer2, BuyerVal2, BuyerAvg2, " + "Seller2, SellerVal2, SellerAvg2, Buyer3, BuyerVal3, BuyerAvg3, Seller3, SellerVal3, SellerAvg3, NetVol, NetVal, " + "OpenPrice, LowPrice, HighPrice, ClosePrice, Volume, Change, Frekuensi, FrekAnal) " + "values ('" + strNama + "', " + strTanggal + ", '" + strTop1 + "', '" + strTop3 + "', '" + strTop5 + "', " + "'" + strAllBrokAvg + "', '" + strAccDist + "', " + intAvgRP + ", '" + strBuyer1 + "', '" + strBuyerVol1 + "', " + strBuyerAvg1 + ", " + "'" + strSeller1 + "', '" + strSellerVol1 + "', " + strSellerAvg1 + ", '" + strBuyer2 + "', '" + strBuyerVol2 + "', " + strBuyerAvg2 + ", " + "'" + strSeller2 + "', '" + strSellerVol2 + "', " + strSellerAvg2 + ", '" + strBuyer3 + "', '" + strBuyerVol3 + "', " + strBuyerAvg3 + ", " + "'" + strSeller3 + "', '" + strSellerVol3 + "', " + strSellerAvg3 + ", " + strNetVol + ", '" + strNetVal + "', " + "" + strOpenPrice + ", " + strLowPrice + ", " + strHighPrice + ", " + strClosePrice + ", '" + strVol + "', " + strChange + ", " + strFreq + ", " + strFreqAnal + ");": null

2024-01-22 18:42:50 - [TEST_STEP][PASSED] - out.println("strSQL = " + strSQL): null

2024-01-22 18:42:50 - [TEST_STEP][PASSED] - statement.executeUpdate(strSQL): null

2024-01-22 18:42:50 - [TEST_STEP][PASSED] - setValueToCellByIndex(sheet01, rowIndex, 4, "DONE"): null

2024-01-22 18:42:50 - [TEST_STEP][PASSED] - saveWorkbook(excelFilePath, workbook01): null

2024-01-22 18:42:50 - [TEST_STEP][PASSED] - waitForElementClickable(findTestObject("Stockbit/menu_Bandarmology"), 10): Object 'Object Repository/Stockbit/menu_Bandarmology' is clickable

2024-01-22 18:42:50 - [MESSAGE][PASSED] - Object 'Object Repository/Stockbit/menu_Bandarmology' is clickable

2024-01-22 18:42:50 - [TEST_STEP][PASSED] - click(findTestObject("Stockbit/menu_Bandarmology")): Object: 'Object Repository/Stockbit/menu_Bandarmology' is clicked on

2024-01-22 18:42:50 - [MESSAGE][PASSED] - Object: 'Object Repository/Stockbit/menu_Bandarmology' is clicked on

2024-01-22 18:42:50 - [TEST_STEP][PASSED] - strTemp = "NA": null

2024-01-22 18:42:50 - [TEST_STEP][PASSED] - if (getCellValueByIndex(sheet01, rowIndex, 4) != "DONE"): Object: 'Object Repository/Stockbit/menu_Bandarmology' is clicked on

2024-01-22 18:42:50 - [TEST_STEP][PASSED] - strNama = getCellValueByIndex(sheet01, rowIndex, 0): null

2024-01-22 18:42:50 - [TEST_STEP][PASSED] - navigateToUrl("https://stockbit.com/#/symbol/" + strNama): Navigate to 'https://stockbit.com/#/symbol/OMED' successfully

2024-01-22 18:42:52 - [MESSAGE][PASSED] - Navigate to 'https://stockbit.com/#/symbol/OMED' successfully

2024-01-22 18:42:52 - [TEST_STEP][PASSED] - waitForElementClickable(findTestObject("Stockbit/menu_Bandarmology"), 10): Object 'Object Repository/Stockbit/menu_Bandarmology' is clickable

2024-01-22 18:42:52 - [MESSAGE][PASSED] - Object 'Object Repository/Stockbit/menu_Bandarmology' is clickable

2024-01-22 18:42:52 - [TEST_STEP][PASSED] - click(findTestObject("Stockbit/menu_Bandarmology")): Object: 'Object Repository/Stockbit/menu_Bandarmology' is clicked on

2024-01-22 18:42:53 - [MESSAGE][PASSED] - Object: 'Object Repository/Stockbit/menu_Bandarmology' is clicked on

2024-01-22 18:42:53 - [TEST_STEP][PASSED] - strTanggal = d.format(DateTimeFormatter.ofPattern("MMM dd, yyyy")): null

2024-01-22 18:42:53 - [TEST_STEP][PASSED] - strTanggal = d.format(ISO_DATE): null

2024-01-22 18:42:53 - [TEST_STEP][PASSED] - out.println("strTanggal = " + strTanggal): null

2024-01-22 18:42:53 - [TEST_STEP][PASSED] - out.println("strNama = " + strNama): null

2024-01-22 18:42:53 - [TEST_STEP][PASSED] - out.println("Baris ke = " + rowIndex): null

2024-01-22 18:42:53 - [TEST_STEP][PASSED] - click(findTestObject("Stockbit/input__BandarmologyOpenStartDate")): Object: 'Object Repository/Stockbit/input__BandarmologyOpenStartDate' is clicked on

2024-01-22 18:42:54 - [MESSAGE][PASSED] - Object: 'Object Repository/Stockbit/input__BandarmologyOpenStartDate' is clicked on

2024-01-22 18:42:54 - [TEST_STEP][PASSED] - sendKeys(findTestObject("Stockbit/input__BandarmologyOpenStartDate"), Keys.chord(CONTROL, "a")): Keys 'CONTROL + a' sent to object: 'Object Repository/Stockbit/input__BandarmologyOpenStartDate'

2024-01-22 18:42:55 - [MESSAGE][PASSED] - Keys 'CONTROL + a' sent to object: 'Object Repository/Stockbit/input__BandarmologyOpenStartDate'

2024-01-22 18:42:55 - [TEST_STEP][PASSED] - sendKeys(findTestObject("Stockbit/input__BandarmologyOpenStartDate"), Keys.chord(BACK_SPACE)): Keys 'BACK_SPACE + ' sent to object: 'Object Repository/Stockbit/input__BandarmologyOpenStartDate'

2024-01-22 18:42:55 - [MESSAGE][PASSED] - Keys 'BACK_SPACE + ' sent to object: 'Object Repository/Stockbit/input__BandarmologyOpenStartDate'

2024-01-22 18:42:55 - [TEST_STEP][PASSED] - setText(findTestObject("Stockbit/input__BandarmologyOpenStartDate"), strTanggal): Text '2024-01-22' is set on object 'Object Repository/Stockbit/input__BandarmologyOpenStartDate'

2024-01-22 18:42:56 - [MESSAGE][PASSED] - Text '2024-01-22' is set on object 'Object Repository/Stockbit/input__BandarmologyOpenStartDate'

2024-01-22 18:42:56 - [TEST_STEP][PASSED] - sendKeys(findTestObject("Stockbit/input__BandarmologyOpenStartDate"), Keys.chord(ENTER)): Keys 'ENTER + ' sent to object: 'Object Repository/Stockbit/input__BandarmologyOpenStartDate'

2024-01-22 18:42:57 - [MESSAGE][PASSED] - Keys 'ENTER + ' sent to object: 'Object Repository/Stockbit/input__BandarmologyOpenStartDate'

2024-01-22 18:42:57 - [TEST_STEP][PASSED] - click(findTestObject("Stockbit/input__BandarmologyOpenEndDate")): Object: 'Object Repository/Stockbit/input__BandarmologyOpenEndDate' is clicked on

2024-01-22 18:42:57 - [MESSAGE][PASSED] - Object: 'Object Repository/Stockbit/input__BandarmologyOpenEndDate' is clicked on

2024-01-22 18:42:57 - [TEST_STEP][PASSED] - sendKeys(findTestObject("Stockbit/input__BandarmologyOpenEndDate"), Keys.chord(CONTROL, "a")): Keys 'CONTROL + a' sent to object: 'Object Repository/Stockbit/input__BandarmologyOpenEndDate'

2024-01-22 18:42:58 - [MESSAGE][PASSED] - Keys 'CONTROL + a' sent to object: 'Object Repository/Stockbit/input__BandarmologyOpenEndDate'

2024-01-22 18:42:58 - [TEST_STEP][PASSED] - sendKeys(findTestObject("Stockbit/input__BandarmologyOpenEndDate"), Keys.chord(BACK_SPACE)): Keys 'BACK_SPACE + ' sent to object: 'Object Repository/Stockbit/input__BandarmologyOpenEndDate'

2024-01-22 18:42:58 - [MESSAGE][PASSED] - Keys 'BACK_SPACE + ' sent to object: 'Object Repository/Stockbit/input__BandarmologyOpenEndDate'

2024-01-22 18:42:58 - [TEST_STEP][PASSED] - setText(findTestObject("Stockbit/input__BandarmologyOpenEndDate"), strTanggal): Text '2024-01-22' is set on object 'Object Repository/Stockbit/input__BandarmologyOpenEndDate'

2024-01-22 18:42:59 - [MESSAGE][PASSED] - Text '2024-01-22' is set on object 'Object Repository/Stockbit/input__BandarmologyOpenEndDate'

2024-01-22 18:42:59 - [TEST_STEP][PASSED] - sendKeys(findTestObject("Stockbit/input__BandarmologyOpenEndDate"), Keys.chord(ENTER)): Keys 'ENTER + ' sent to object: 'Object Repository/Stockbit/input__BandarmologyOpenEndDate'

2024-01-22 18:42:59 - [MESSAGE][PASSED] - Keys 'ENTER + ' sent to object: 'Object Repository/Stockbit/input__BandarmologyOpenEndDate'

2024-01-22 18:42:59 - [TEST_STEP][PASSED] - delay(2): Delayed 2 second(s)

2024-01-22 18:43:01 - [MESSAGE][PASSED] - Delayed 2 second(s)

2024-01-22 18:43:01 - [TEST_STEP][PASSED] - strTemp = getText(findTestObject("Stockbit/Bandarmology_AvgRP")): Text of object 'Object Repository/Stockbit/Bandarmology_AvgRP' is: '202'

2024-01-22 18:43:02 - [MESSAGE][PASSED] - Text of object 'Object Repository/Stockbit/Bandarmology_AvgRP' is: '202'

2024-01-22 18:43:02 - [TEST_STEP][PASSED] - out.println("Bandarmology_AvgRP = " + strTemp): null

2024-01-22 18:43:02 - [TEST_STEP][PASSED] - if (strTemp != "0"): null

2024-01-22 18:43:02 - [TEST_STEP][PASSED] - strTop1 = getText(findTestObject("Stockbit/Bandarmology_Top1")): Text of object 'Object Repository/Stockbit/Bandarmology_Top1' is: 'Big Acc'

2024-01-22 18:43:02 - [MESSAGE][PASSED] - Text of object 'Object Repository/Stockbit/Bandarmology_Top1' is: 'Big Acc'

2024-01-22 18:43:02 - [TEST_STEP][PASSED] - strTop3 = getText(findTestObject("Stockbit/Bandarmology_Top3")): Text of object 'Object Repository/Stockbit/Bandarmology_Top3' is: 'Big Acc'

2024-01-22 18:43:02 - [MESSAGE][PASSED] - Text of object 'Object Repository/Stockbit/Bandarmology_Top3' is: 'Big Acc'

2024-01-22 18:43:02 - [TEST_STEP][PASSED] - strTop5 = getText(findTestObject("Stockbit/Bandarmology_Top5")): Text of object 'Object Repository/Stockbit/Bandarmology_Top5' is: 'Neutral'

2024-01-22 18:43:02 - [MESSAGE][PASSED] - Text of object 'Object Repository/Stockbit/Bandarmology_Top5' is: 'Neutral'

2024-01-22 18:43:02 - [TEST_STEP][PASSED] - strAllBrokAvg = getText(findTestObject("Stockbit/Bandarmology_TopAVG")): Text of object 'Object Repository/Stockbit/Bandarmology_TopAVG' is: 'Big Acc'

2024-01-22 18:43:02 - [MESSAGE][PASSED] - Text of object 'Object Repository/Stockbit/Bandarmology_TopAVG' is: 'Big Acc'

2024-01-22 18:43:02 - [TEST_STEP][PASSED] - strTemp = getText(findTestObject("Stockbit/Bandarmology_AvgRP")): Text of object 'Object Repository/Stockbit/Bandarmology_AvgRP' is: '202'

2024-01-22 18:43:02 - [MESSAGE][PASSED] - Text of object 'Object Repository/Stockbit/Bandarmology_AvgRP' is: '202'

2024-01-22 18:43:02 - [TEST_STEP][PASSED] - if (strTemp.contains(",")): null

2024-01-22 18:43:02 - [TEST_STEP][PASSED] - intAvgRP = strTemp.toInteger(): null

2024-01-22 18:43:02 - [TEST_STEP][PASSED] - strBuyer1 = getText(findTestObject("Stockbit/Bandarmology_Buyer1")): Text of object 'Object Repository/Stockbit/Bandarmology_Buyer1' is: 'LG'

2024-01-22 18:43:02 - [MESSAGE][PASSED] - Text of object 'Object Repository/Stockbit/Bandarmology_Buyer1' is: 'LG'

2024-01-22 18:43:02 - [TEST_STEP][PASSED] - strBuyerVol1 = getText(findTestObject("Stockbit/Bandarmology_BuyerVol1")): Text of object 'Object Repository/Stockbit/Bandarmology_BuyerVol1' is: '9.2 K'

2024-01-22 18:43:03 - [MESSAGE][PASSED] - Text of object 'Object Repository/Stockbit/Bandarmology_BuyerVol1' is: '9.2 K'

2024-01-22 18:43:03 - [TEST_STEP][PASSED] - strBuyerAvg1 = getText(findTestObject("Stockbit/Bandarmology_BuyerAvg1")): Text of object 'Object Repository/Stockbit/Bandarmology_BuyerAvg1' is: '202'

2024-01-22 18:43:03 - [MESSAGE][PASSED] - Text of object 'Object Repository/Stockbit/Bandarmology_BuyerAvg1' is: '202'

2024-01-22 18:43:03 - [TEST_STEP][PASSED] - if (strBuyerAvg1.contains(",")): null

2024-01-22 18:43:03 - [TEST_STEP][PASSED] - if (strBuyerVol1.contains(" B")): null

2024-01-22 18:43:03 - [TEST_STEP][PASSED] - else if (strBuyerVol1.contains(" M")): null

2024-01-22 18:43:03 - [TEST_STEP][PASSED] - else if (strBuyerVol1.contains(" K")): null

2024-01-22 18:43:03 - [TEST_STEP][PASSED] - strBuyerVol1 = strBuyerVol1.replace(" K", ""): null

2024-01-22 18:43:03 - [TEST_STEP][PASSED] - strBuyerVol1 = strBuyerVol1.toDouble() * 1000: null

2024-01-22 18:43:03 - [TEST_STEP][PASSED] - strSeller1 = getText(findTestObject("Stockbit/Bandarmology_Seller1")): Text of object 'Object Repository/Stockbit/Bandarmology_Seller1' is: 'YP'

2024-01-22 18:43:03 - [MESSAGE][PASSED] - Text of object 'Object Repository/Stockbit/Bandarmology_Seller1' is: 'YP'

2024-01-22 18:43:03 - [TEST_STEP][PASSED] - strSellerVol1 = getText(findTestObject("Stockbit/Bandarmology_SellerVol1")): Text of object 'Object Repository/Stockbit/Bandarmology_SellerVol1' is: '2.8 K'

2024-01-22 18:43:03 - [MESSAGE][PASSED] - Text of object 'Object Repository/Stockbit/Bandarmology_SellerVol1' is: '2.8 K'

2024-01-22 18:43:03 - [TEST_STEP][PASSED] - strSellerAvg1 = getText(findTestObject("Stockbit/Bandarmology_SellerAvg1")): Text of object 'Object Repository/Stockbit/Bandarmology_SellerAvg1' is: '202'

2024-01-22 18:43:03 - [MESSAGE][PASSED] - Text of object 'Object Repository/Stockbit/Bandarmology_SellerAvg1' is: '202'

2024-01-22 18:43:03 - [TEST_STEP][PASSED] - if (strSellerAvg1.contains(",")): null

2024-01-22 18:43:03 - [TEST_STEP][PASSED] - if (strSellerVol1.contains(" B")): null

2024-01-22 18:43:03 - [TEST_STEP][PASSED] - else if (strSellerVol1.contains(" M")): null

2024-01-22 18:43:03 - [TEST_STEP][PASSED] - else if (strSellerVol1.contains(" K")): null

2024-01-22 18:43:03 - [TEST_STEP][PASSED] - strSellerVol1 = strSellerVol1.replace(" K", ""): null

2024-01-22 18:43:03 - [TEST_STEP][PASSED] - strSellerVol1 = strSellerVol1.toDouble() * 1000: null

2024-01-22 18:43:03 - [TEST_STEP][PASSED] - if (verifyElementNotPresent(findTestObject("Stockbit/Bandarmology_Buyer2"), 1, OPTIONAL)): Web element with id: 'Object Repository/Stockbit/Bandarmology_Buyer2' located by 'By.xpath: //*[contains(@id, 'rc-tabs-')]/div[2]/div/div/div/div/div/div[2]/table/tbody/tr[3]/td[1]/p' is present after '1' second(s) (Root cause: com.kms.katalon.core.exception.StepFailedException: Web element with id: 'Object Repository/Stockbit/Bandarmology_Buyer2' located by 'By.xpath: //*[contains(@id, 'rc-tabs-')]/div[2]/div/div/div/div/div/div[2]/table/tbody/tr[3]/td[1]/p' is present after '1' second(s)
	at com.kms.katalon.core.webui.keyword.internal.WebUIKeywordMain.stepFailed(WebUIKeywordMain.groovy:64)
	at com.kms.katalon.core.webui.keyword.internal.WebUIKeywordMain$stepFailed$0.call(Unknown Source)
	at com.kms.katalon.core.webui.keyword.builtin.VerifyElementNotPresentKeyword$_verifyElementNotPresent_closure1.doCall(VerifyElementNotPresentKeyword.groovy:106)
	at com.kms.katalon.core.webui.keyword.builtin.VerifyElementNotPresentKeyword$_verifyElementNotPresent_closure1.doCall(VerifyElementNotPresentKeyword.groovy)
	at com.kms.katalon.core.webui.keyword.internal.WebUIKeywordMain.runKeyword(WebUIKeywordMain.groovy:20)
	at com.kms.katalon.core.webui.keyword.internal.WebUIKeywordMain$runKeyword.call(Unknown Source)
	at com.kms.katalon.core.webui.keyword.builtin.VerifyElementNotPresentKeyword.verifyElementNotPresent(VerifyElementNotPresentKeyword.groovy:117)
	at com.kms.katalon.core.webui.keyword.builtin.VerifyElementNotPresentKeyword.execute(VerifyElementNotPresentKeyword.groovy:68)
	at com.kms.katalon.core.keyword.internal.KeywordExecutor.executeKeywordForPlatform(KeywordExecutor.groovy:74)
	at com.kms.katalon.core.webui.keyword.WebUiBuiltInKeywords.verifyElementNotPresent(WebUiBuiltInKeywords.groovy:1481)
	at com.kms.katalon.core.webui.keyword.WebUiBuiltInKeywords$verifyElementNotPresent$8.call(Unknown Source)
	at GetBrokSumPriceDaily.run(GetBrokSumPriceDaily:258)
	at com.kms.katalon.core.main.ScriptEngine.run(ScriptEngine.java:194)
	at com.kms.katalon.core.main.ScriptEngine.runScriptAsRawText(ScriptEngine.java:119)
	at com.kms.katalon.core.main.TestCaseExecutor.runScript(TestCaseExecutor.java:445)
	at com.kms.katalon.core.main.TestCaseExecutor.doExecute(TestCaseExecutor.java:436)
	at com.kms.katalon.core.main.TestCaseExecutor.processExecutionPhase(TestCaseExecutor.java:415)
	at com.kms.katalon.core.main.TestCaseExecutor.accessMainPhase(TestCaseExecutor.java:407)
	at com.kms.katalon.core.main.TestCaseExecutor.execute(TestCaseExecutor.java:284)
	at com.kms.katalon.core.common.CommonExecutor.accessTestCaseMainPhase(CommonExecutor.java:65)
	at com.kms.katalon.core.main.TestSuiteExecutor.accessTestSuiteMainPhase(TestSuiteExecutor.java:144)
	at com.kms.katalon.core.main.TestSuiteExecutor.execute(TestSuiteExecutor.java:106)
	at com.kms.katalon.core.main.TestCaseMain.startTestSuite(TestCaseMain.java:185)
	at com.kms.katalon.core.main.TestCaseMain$startTestSuite$0.call(Unknown Source)
	at TempTestSuite1705923140048.run(TempTestSuite1705923140048.groovy:36)
)

2024-01-22 18:43:05 - [MESSAGE][WARNING] - Web element with id: 'Object Repository/Stockbit/Bandarmology_Buyer2' located by 'By.xpath: //*[contains(@id, 'rc-tabs-')]/div[2]/div/div/div/div/div/div[2]/table/tbody/tr[3]/td[1]/p' is present after '1' second(s) (Root cause: com.kms.katalon.core.exception.StepFailedException: Web element with id: 'Object Repository/Stockbit/Bandarmology_Buyer2' located by 'By.xpath: //*[contains(@id, 'rc-tabs-')]/div[2]/div/div/div/div/div/div[2]/table/tbody/tr[3]/td[1]/p' is present after '1' second(s)
	at com.kms.katalon.core.webui.keyword.internal.WebUIKeywordMain.stepFailed(WebUIKeywordMain.groovy:64)
	at com.kms.katalon.core.webui.keyword.internal.WebUIKeywordMain$stepFailed$0.call(Unknown Source)
	at com.kms.katalon.core.webui.keyword.builtin.VerifyElementNotPresentKeyword$_verifyElementNotPresent_closure1.doCall(VerifyElementNotPresentKeyword.groovy:106)
	at com.kms.katalon.core.webui.keyword.builtin.VerifyElementNotPresentKeyword$_verifyElementNotPresent_closure1.doCall(VerifyElementNotPresentKeyword.groovy)
	at com.kms.katalon.core.webui.keyword.internal.WebUIKeywordMain.runKeyword(WebUIKeywordMain.groovy:20)
	at com.kms.katalon.core.webui.keyword.internal.WebUIKeywordMain$runKeyword.call(Unknown Source)
	at com.kms.katalon.core.webui.keyword.builtin.VerifyElementNotPresentKeyword.verifyElementNotPresent(VerifyElementNotPresentKeyword.groovy:117)
	at com.kms.katalon.core.webui.keyword.builtin.VerifyElementNotPresentKeyword.execute(VerifyElementNotPresentKeyword.groovy:68)
	at com.kms.katalon.core.keyword.internal.KeywordExecutor.executeKeywordForPlatform(KeywordExecutor.groovy:74)
	at com.kms.katalon.core.webui.keyword.WebUiBuiltInKeywords.verifyElementNotPresent(WebUiBuiltInKeywords.groovy:1481)
	at com.kms.katalon.core.webui.keyword.WebUiBuiltInKeywords$verifyElementNotPresent$8.call(Unknown Source)
	at GetBrokSumPriceDaily.run(GetBrokSumPriceDaily:258)
	at com.kms.katalon.core.main.ScriptEngine.run(ScriptEngine.java:194)
	at com.kms.katalon.core.main.ScriptEngine.runScriptAsRawText(ScriptEngine.java:119)
	at com.kms.katalon.core.main.TestCaseExecutor.runScript(TestCaseExecutor.java:445)
	at com.kms.katalon.core.main.TestCaseExecutor.doExecute(TestCaseExecutor.java:436)
	at com.kms.katalon.core.main.TestCaseExecutor.processExecutionPhase(TestCaseExecutor.java:415)
	at com.kms.katalon.core.main.TestCaseExecutor.accessMainPhase(TestCaseExecutor.java:407)
	at com.kms.katalon.core.main.TestCaseExecutor.execute(TestCaseExecutor.java:284)
	at com.kms.katalon.core.common.CommonExecutor.accessTestCaseMainPhase(CommonExecutor.java:65)
	at com.kms.katalon.core.main.TestSuiteExecutor.accessTestSuiteMainPhase(TestSuiteExecutor.java:144)
	at com.kms.katalon.core.main.TestSuiteExecutor.execute(TestSuiteExecutor.java:106)
	at com.kms.katalon.core.main.TestCaseMain.startTestSuite(TestCaseMain.java:185)
	at com.kms.katalon.core.main.TestCaseMain$startTestSuite$0.call(Unknown Source)
	at TempTestSuite1705923140048.run(TempTestSuite1705923140048.groovy:36)
)
[[ATTACHMENT|C:\\Users\\Fadli\\git\\KatalonDailyGetData2\\Reports\\20240122_174123\\TS1\\20240122_183220\\1705923784893.png]]

2024-01-22 18:43:05 - [TEST_STEP][PASSED] - else: null

2024-01-22 18:43:05 - [TEST_STEP][PASSED] - strBuyer2 = getText(findTestObject("Stockbit/Bandarmology_Buyer2")): Text of object 'Object Repository/Stockbit/Bandarmology_Buyer2' is: 'YB'

2024-01-22 18:43:05 - [MESSAGE][PASSED] - Text of object 'Object Repository/Stockbit/Bandarmology_Buyer2' is: 'YB'

2024-01-22 18:43:05 - [TEST_STEP][PASSED] - strBuyerVol2 = getText(findTestObject("Stockbit/Bandarmology_BuyerVol2")): Text of object 'Object Repository/Stockbit/Bandarmology_BuyerVol2' is: '500'

2024-01-22 18:43:05 - [MESSAGE][PASSED] - Text of object 'Object Repository/Stockbit/Bandarmology_BuyerVol2' is: '500'

2024-01-22 18:43:05 - [TEST_STEP][PASSED] - strBuyerAvg2 = getText(findTestObject("Stockbit/Bandarmology_BuyerAvg2")): Text of object 'Object Repository/Stockbit/Bandarmology_BuyerAvg2' is: '202'

2024-01-22 18:43:05 - [MESSAGE][PASSED] - Text of object 'Object Repository/Stockbit/Bandarmology_BuyerAvg2' is: '202'

2024-01-22 18:43:05 - [TEST_STEP][PASSED] - if (strBuyer2 != ""): null

2024-01-22 18:43:05 - [TEST_STEP][PASSED] - if (strBuyerAvg2.contains(",")): null

2024-01-22 18:43:05 - [TEST_STEP][PASSED] - if (strBuyerVol2.contains(" B")): null

2024-01-22 18:43:05 - [TEST_STEP][PASSED] - if (strBuyerVol2.contains(".")): null

2024-01-22 18:43:05 - [TEST_STEP][PASSED] - if (verifyElementNotPresent(findTestObject("Stockbit/Bandarmology_Seller2"), 1, OPTIONAL)): Web element with id: 'Object Repository/Stockbit/Bandarmology_Seller2' located by 'By.xpath: //*[contains(@id, 'rc-tabs-')]/div[2]/div/div/div/div/div/div[2]/table/tbody/tr[3]/td[5]/p' is present after '1' second(s) (Root cause: com.kms.katalon.core.exception.StepFailedException: Web element with id: 'Object Repository/Stockbit/Bandarmology_Seller2' located by 'By.xpath: //*[contains(@id, 'rc-tabs-')]/div[2]/div/div/div/div/div/div[2]/table/tbody/tr[3]/td[5]/p' is present after '1' second(s)
	at com.kms.katalon.core.webui.keyword.internal.WebUIKeywordMain.stepFailed(WebUIKeywordMain.groovy:64)
	at com.kms.katalon.core.webui.keyword.internal.WebUIKeywordMain$stepFailed$0.call(Unknown Source)
	at com.kms.katalon.core.webui.keyword.builtin.VerifyElementNotPresentKeyword$_verifyElementNotPresent_closure1.doCall(VerifyElementNotPresentKeyword.groovy:106)
	at com.kms.katalon.core.webui.keyword.builtin.VerifyElementNotPresentKeyword$_verifyElementNotPresent_closure1.doCall(VerifyElementNotPresentKeyword.groovy)
	at com.kms.katalon.core.webui.keyword.internal.WebUIKeywordMain.runKeyword(WebUIKeywordMain.groovy:20)
	at com.kms.katalon.core.webui.keyword.internal.WebUIKeywordMain$runKeyword.call(Unknown Source)
	at com.kms.katalon.core.webui.keyword.builtin.VerifyElementNotPresentKeyword.verifyElementNotPresent(VerifyElementNotPresentKeyword.groovy:117)
	at com.kms.katalon.core.webui.keyword.builtin.VerifyElementNotPresentKeyword.execute(VerifyElementNotPresentKeyword.groovy:68)
	at com.kms.katalon.core.keyword.internal.KeywordExecutor.executeKeywordForPlatform(KeywordExecutor.groovy:74)
	at com.kms.katalon.core.webui.keyword.WebUiBuiltInKeywords.verifyElementNotPresent(WebUiBuiltInKeywords.groovy:1481)
	at com.kms.katalon.core.webui.keyword.WebUiBuiltInKeywords$verifyElementNotPresent$8.call(Unknown Source)
	at GetBrokSumPriceDaily.run(GetBrokSumPriceDaily:309)
	at com.kms.katalon.core.main.ScriptEngine.run(ScriptEngine.java:194)
	at com.kms.katalon.core.main.ScriptEngine.runScriptAsRawText(ScriptEngine.java:119)
	at com.kms.katalon.core.main.TestCaseExecutor.runScript(TestCaseExecutor.java:445)
	at com.kms.katalon.core.main.TestCaseExecutor.doExecute(TestCaseExecutor.java:436)
	at com.kms.katalon.core.main.TestCaseExecutor.processExecutionPhase(TestCaseExecutor.java:415)
	at com.kms.katalon.core.main.TestCaseExecutor.accessMainPhase(TestCaseExecutor.java:407)
	at com.kms.katalon.core.main.TestCaseExecutor.execute(TestCaseExecutor.java:284)
	at com.kms.katalon.core.common.CommonExecutor.accessTestCaseMainPhase(CommonExecutor.java:65)
	at com.kms.katalon.core.main.TestSuiteExecutor.accessTestSuiteMainPhase(TestSuiteExecutor.java:144)
	at com.kms.katalon.core.main.TestSuiteExecutor.execute(TestSuiteExecutor.java:106)
	at com.kms.katalon.core.main.TestCaseMain.startTestSuite(TestCaseMain.java:185)
	at com.kms.katalon.core.main.TestCaseMain$startTestSuite$0.call(Unknown Source)
	at TempTestSuite1705923140048.run(TempTestSuite1705923140048.groovy:36)
)

2024-01-22 18:43:07 - [MESSAGE][WARNING] - Web element with id: 'Object Repository/Stockbit/Bandarmology_Seller2' located by 'By.xpath: //*[contains(@id, 'rc-tabs-')]/div[2]/div/div/div/div/div/div[2]/table/tbody/tr[3]/td[5]/p' is present after '1' second(s) (Root cause: com.kms.katalon.core.exception.StepFailedException: Web element with id: 'Object Repository/Stockbit/Bandarmology_Seller2' located by 'By.xpath: //*[contains(@id, 'rc-tabs-')]/div[2]/div/div/div/div/div/div[2]/table/tbody/tr[3]/td[5]/p' is present after '1' second(s)
	at com.kms.katalon.core.webui.keyword.internal.WebUIKeywordMain.stepFailed(WebUIKeywordMain.groovy:64)
	at com.kms.katalon.core.webui.keyword.internal.WebUIKeywordMain$stepFailed$0.call(Unknown Source)
	at com.kms.katalon.core.webui.keyword.builtin.VerifyElementNotPresentKeyword$_verifyElementNotPresent_closure1.doCall(VerifyElementNotPresentKeyword.groovy:106)
	at com.kms.katalon.core.webui.keyword.builtin.VerifyElementNotPresentKeyword$_verifyElementNotPresent_closure1.doCall(VerifyElementNotPresentKeyword.groovy)
	at com.kms.katalon.core.webui.keyword.internal.WebUIKeywordMain.runKeyword(WebUIKeywordMain.groovy:20)
	at com.kms.katalon.core.webui.keyword.internal.WebUIKeywordMain$runKeyword.call(Unknown Source)
	at com.kms.katalon.core.webui.keyword.builtin.VerifyElementNotPresentKeyword.verifyElementNotPresent(VerifyElementNotPresentKeyword.groovy:117)
	at com.kms.katalon.core.webui.keyword.builtin.VerifyElementNotPresentKeyword.execute(VerifyElementNotPresentKeyword.groovy:68)
	at com.kms.katalon.core.keyword.internal.KeywordExecutor.executeKeywordForPlatform(KeywordExecutor.groovy:74)
	at com.kms.katalon.core.webui.keyword.WebUiBuiltInKeywords.verifyElementNotPresent(WebUiBuiltInKeywords.groovy:1481)
	at com.kms.katalon.core.webui.keyword.WebUiBuiltInKeywords$verifyElementNotPresent$8.call(Unknown Source)
	at GetBrokSumPriceDaily.run(GetBrokSumPriceDaily:309)
	at com.kms.katalon.core.main.ScriptEngine.run(ScriptEngine.java:194)
	at com.kms.katalon.core.main.ScriptEngine.runScriptAsRawText(ScriptEngine.java:119)
	at com.kms.katalon.core.main.TestCaseExecutor.runScript(TestCaseExecutor.java:445)
	at com.kms.katalon.core.main.TestCaseExecutor.doExecute(TestCaseExecutor.java:436)
	at com.kms.katalon.core.main.TestCaseExecutor.processExecutionPhase(TestCaseExecutor.java:415)
	at com.kms.katalon.core.main.TestCaseExecutor.accessMainPhase(TestCaseExecutor.java:407)
	at com.kms.katalon.core.main.TestCaseExecutor.execute(TestCaseExecutor.java:284)
	at com.kms.katalon.core.common.CommonExecutor.accessTestCaseMainPhase(CommonExecutor.java:65)
	at com.kms.katalon.core.main.TestSuiteExecutor.accessTestSuiteMainPhase(TestSuiteExecutor.java:144)
	at com.kms.katalon.core.main.TestSuiteExecutor.execute(TestSuiteExecutor.java:106)
	at com.kms.katalon.core.main.TestCaseMain.startTestSuite(TestCaseMain.java:185)
	at com.kms.katalon.core.main.TestCaseMain$startTestSuite$0.call(Unknown Source)
	at TempTestSuite1705923140048.run(TempTestSuite1705923140048.groovy:36)
)
[[ATTACHMENT|C:\\Users\\Fadli\\git\\KatalonDailyGetData2\\Reports\\20240122_174123\\TS1\\20240122_183220\\1705923786848.png]]

2024-01-22 18:43:07 - [TEST_STEP][PASSED] - else: null

2024-01-22 18:43:07 - [TEST_STEP][PASSED] - strSeller2 = getText(findTestObject("Stockbit/Bandarmology_Seller2")): Text of object 'Object Repository/Stockbit/Bandarmology_Seller2' is: 'BQ'

2024-01-22 18:43:07 - [MESSAGE][PASSED] - Text of object 'Object Repository/Stockbit/Bandarmology_Seller2' is: 'BQ'

2024-01-22 18:43:07 - [TEST_STEP][PASSED] - strSellerVol2 = getText(findTestObject("Stockbit/Bandarmology_SellerVol2")): Text of object 'Object Repository/Stockbit/Bandarmology_SellerVol2' is: '2.4 K'

2024-01-22 18:43:07 - [MESSAGE][PASSED] - Text of object 'Object Repository/Stockbit/Bandarmology_SellerVol2' is: '2.4 K'

2024-01-22 18:43:07 - [TEST_STEP][PASSED] - strSellerAvg2 = getText(findTestObject("Stockbit/Bandarmology_SellerAvg2")): Text of object 'Object Repository/Stockbit/Bandarmology_SellerAvg2' is: '202'

2024-01-22 18:43:07 - [MESSAGE][PASSED] - Text of object 'Object Repository/Stockbit/Bandarmology_SellerAvg2' is: '202'

2024-01-22 18:43:07 - [TEST_STEP][PASSED] - if (strSeller2 != ""): null

2024-01-22 18:43:07 - [TEST_STEP][PASSED] - if (strSellerAvg2.contains(",")): null

2024-01-22 18:43:07 - [TEST_STEP][PASSED] - if (strSellerVol2.contains(" B")): null

2024-01-22 18:43:07 - [TEST_STEP][PASSED] - else if (strSellerVol2.contains(" M")): null

2024-01-22 18:43:07 - [TEST_STEP][PASSED] - else if (strSellerVol2.contains(" K")): null

2024-01-22 18:43:07 - [TEST_STEP][PASSED] - strSellerVol2 = strSellerVol2.replace(" K", ""): null

2024-01-22 18:43:07 - [TEST_STEP][PASSED] - strSellerVol2 = strSellerVol2.toDouble() * 1000: null

2024-01-22 18:43:07 - [TEST_STEP][PASSED] - if (verifyElementNotPresent(findTestObject("Stockbit/Bandarmology_Buyer3"), 1, OPTIONAL)): Web element with id: 'Object Repository/Stockbit/Bandarmology_Buyer3' located by 'By.xpath: //*[contains(@id, 'rc-tabs-')]/div[2]/div/div/div/div/div/div[2]/table/tbody/tr[4]/td[1]/p' is present after '1' second(s) (Root cause: com.kms.katalon.core.exception.StepFailedException: Web element with id: 'Object Repository/Stockbit/Bandarmology_Buyer3' located by 'By.xpath: //*[contains(@id, 'rc-tabs-')]/div[2]/div/div/div/div/div/div[2]/table/tbody/tr[4]/td[1]/p' is present after '1' second(s)
	at com.kms.katalon.core.webui.keyword.internal.WebUIKeywordMain.stepFailed(WebUIKeywordMain.groovy:64)
	at com.kms.katalon.core.webui.keyword.internal.WebUIKeywordMain$stepFailed$0.call(Unknown Source)
	at com.kms.katalon.core.webui.keyword.builtin.VerifyElementNotPresentKeyword$_verifyElementNotPresent_closure1.doCall(VerifyElementNotPresentKeyword.groovy:106)
	at com.kms.katalon.core.webui.keyword.builtin.VerifyElementNotPresentKeyword$_verifyElementNotPresent_closure1.doCall(VerifyElementNotPresentKeyword.groovy)
	at com.kms.katalon.core.webui.keyword.internal.WebUIKeywordMain.runKeyword(WebUIKeywordMain.groovy:20)
	at com.kms.katalon.core.webui.keyword.internal.WebUIKeywordMain$runKeyword.call(Unknown Source)
	at com.kms.katalon.core.webui.keyword.builtin.VerifyElementNotPresentKeyword.verifyElementNotPresent(VerifyElementNotPresentKeyword.groovy:117)
	at com.kms.katalon.core.webui.keyword.builtin.VerifyElementNotPresentKeyword.execute(VerifyElementNotPresentKeyword.groovy:68)
	at com.kms.katalon.core.keyword.internal.KeywordExecutor.executeKeywordForPlatform(KeywordExecutor.groovy:74)
	at com.kms.katalon.core.webui.keyword.WebUiBuiltInKeywords.verifyElementNotPresent(WebUiBuiltInKeywords.groovy:1481)
	at com.kms.katalon.core.webui.keyword.WebUiBuiltInKeywords$verifyElementNotPresent$8.call(Unknown Source)
	at GetBrokSumPriceDaily.run(GetBrokSumPriceDaily:361)
	at com.kms.katalon.core.main.ScriptEngine.run(ScriptEngine.java:194)
	at com.kms.katalon.core.main.ScriptEngine.runScriptAsRawText(ScriptEngine.java:119)
	at com.kms.katalon.core.main.TestCaseExecutor.runScript(TestCaseExecutor.java:445)
	at com.kms.katalon.core.main.TestCaseExecutor.doExecute(TestCaseExecutor.java:436)
	at com.kms.katalon.core.main.TestCaseExecutor.processExecutionPhase(TestCaseExecutor.java:415)
	at com.kms.katalon.core.main.TestCaseExecutor.accessMainPhase(TestCaseExecutor.java:407)
	at com.kms.katalon.core.main.TestCaseExecutor.execute(TestCaseExecutor.java:284)
	at com.kms.katalon.core.common.CommonExecutor.accessTestCaseMainPhase(CommonExecutor.java:65)
	at com.kms.katalon.core.main.TestSuiteExecutor.accessTestSuiteMainPhase(TestSuiteExecutor.java:144)
	at com.kms.katalon.core.main.TestSuiteExecutor.execute(TestSuiteExecutor.java:106)
	at com.kms.katalon.core.main.TestCaseMain.startTestSuite(TestCaseMain.java:185)
	at com.kms.katalon.core.main.TestCaseMain$startTestSuite$0.call(Unknown Source)
	at TempTestSuite1705923140048.run(TempTestSuite1705923140048.groovy:36)
)

2024-01-22 18:43:08 - [MESSAGE][WARNING] - Web element with id: 'Object Repository/Stockbit/Bandarmology_Buyer3' located by 'By.xpath: //*[contains(@id, 'rc-tabs-')]/div[2]/div/div/div/div/div/div[2]/table/tbody/tr[4]/td[1]/p' is present after '1' second(s) (Root cause: com.kms.katalon.core.exception.StepFailedException: Web element with id: 'Object Repository/Stockbit/Bandarmology_Buyer3' located by 'By.xpath: //*[contains(@id, 'rc-tabs-')]/div[2]/div/div/div/div/div/div[2]/table/tbody/tr[4]/td[1]/p' is present after '1' second(s)
	at com.kms.katalon.core.webui.keyword.internal.WebUIKeywordMain.stepFailed(WebUIKeywordMain.groovy:64)
	at com.kms.katalon.core.webui.keyword.internal.WebUIKeywordMain$stepFailed$0.call(Unknown Source)
	at com.kms.katalon.core.webui.keyword.builtin.VerifyElementNotPresentKeyword$_verifyElementNotPresent_closure1.doCall(VerifyElementNotPresentKeyword.groovy:106)
	at com.kms.katalon.core.webui.keyword.builtin.VerifyElementNotPresentKeyword$_verifyElementNotPresent_closure1.doCall(VerifyElementNotPresentKeyword.groovy)
	at com.kms.katalon.core.webui.keyword.internal.WebUIKeywordMain.runKeyword(WebUIKeywordMain.groovy:20)
	at com.kms.katalon.core.webui.keyword.internal.WebUIKeywordMain$runKeyword.call(Unknown Source)
	at com.kms.katalon.core.webui.keyword.builtin.VerifyElementNotPresentKeyword.verifyElementNotPresent(VerifyElementNotPresentKeyword.groovy:117)
	at com.kms.katalon.core.webui.keyword.builtin.VerifyElementNotPresentKeyword.execute(VerifyElementNotPresentKeyword.groovy:68)
	at com.kms.katalon.core.keyword.internal.KeywordExecutor.executeKeywordForPlatform(KeywordExecutor.groovy:74)
	at com.kms.katalon.core.webui.keyword.WebUiBuiltInKeywords.verifyElementNotPresent(WebUiBuiltInKeywords.groovy:1481)
	at com.kms.katalon.core.webui.keyword.WebUiBuiltInKeywords$verifyElementNotPresent$8.call(Unknown Source)
	at GetBrokSumPriceDaily.run(GetBrokSumPriceDaily:361)
	at com.kms.katalon.core.main.ScriptEngine.run(ScriptEngine.java:194)
	at com.kms.katalon.core.main.ScriptEngine.runScriptAsRawText(ScriptEngine.java:119)
	at com.kms.katalon.core.main.TestCaseExecutor.runScript(TestCaseExecutor.java:445)
	at com.kms.katalon.core.main.TestCaseExecutor.doExecute(TestCaseExecutor.java:436)
	at com.kms.katalon.core.main.TestCaseExecutor.processExecutionPhase(TestCaseExecutor.java:415)
	at com.kms.katalon.core.main.TestCaseExecutor.accessMainPhase(TestCaseExecutor.java:407)
	at com.kms.katalon.core.main.TestCaseExecutor.execute(TestCaseExecutor.java:284)
	at com.kms.katalon.core.common.CommonExecutor.accessTestCaseMainPhase(CommonExecutor.java:65)
	at com.kms.katalon.core.main.TestSuiteExecutor.accessTestSuiteMainPhase(TestSuiteExecutor.java:144)
	at com.kms.katalon.core.main.TestSuiteExecutor.execute(TestSuiteExecutor.java:106)
	at com.kms.katalon.core.main.TestCaseMain.startTestSuite(TestCaseMain.java:185)
	at com.kms.katalon.core.main.TestCaseMain$startTestSuite$0.call(Unknown Source)
	at TempTestSuite1705923140048.run(TempTestSuite1705923140048.groovy:36)
)
[[ATTACHMENT|C:\\Users\\Fadli\\git\\KatalonDailyGetData2\\Reports\\20240122_174123\\TS1\\20240122_183220\\1705923788764.png]]

2024-01-22 18:43:08 - [TEST_STEP][PASSED] - else: null

2024-01-22 18:43:08 - [TEST_STEP][PASSED] - strBuyer3 = getText(findTestObject("Stockbit/Bandarmology_Buyer3")): Text of object 'Object Repository/Stockbit/Bandarmology_Buyer3' is: 'AZ'

2024-01-22 18:43:09 - [MESSAGE][PASSED] - Text of object 'Object Repository/Stockbit/Bandarmology_Buyer3' is: 'AZ'

2024-01-22 18:43:09 - [TEST_STEP][PASSED] - strBuyerVol3 = getText(findTestObject("Stockbit/Bandarmology_BuyerVol3")): Text of object 'Object Repository/Stockbit/Bandarmology_BuyerVol3' is: '225'

2024-01-22 18:43:09 - [MESSAGE][PASSED] - Text of object 'Object Repository/Stockbit/Bandarmology_BuyerVol3' is: '225'

2024-01-22 18:43:09 - [TEST_STEP][PASSED] - strBuyerAvg3 = getText(findTestObject("Stockbit/Bandarmology_BuyerAvg3")): Text of object 'Object Repository/Stockbit/Bandarmology_BuyerAvg3' is: '202'

2024-01-22 18:43:09 - [MESSAGE][PASSED] - Text of object 'Object Repository/Stockbit/Bandarmology_BuyerAvg3' is: '202'

2024-01-22 18:43:09 - [TEST_STEP][PASSED] - if (strBuyer3 != ""): null

2024-01-22 18:43:09 - [TEST_STEP][PASSED] - if (strBuyerAvg3.contains(",")): null

2024-01-22 18:43:09 - [TEST_STEP][PASSED] - if (strBuyerVol3.contains(" B")): null

2024-01-22 18:43:09 - [TEST_STEP][PASSED] - if (verifyElementNotPresent(findTestObject("Stockbit/Bandarmology_Seller3"), 1, OPTIONAL)): Web element with id: 'Object Repository/Stockbit/Bandarmology_Seller3' located by 'By.xpath: //*[contains(@id, 'rc-tabs-')]/div[2]/div/div/div/div/div/div[2]/table/tbody/tr[4]/td[5]/p' is present after '1' second(s) (Root cause: com.kms.katalon.core.exception.StepFailedException: Web element with id: 'Object Repository/Stockbit/Bandarmology_Seller3' located by 'By.xpath: //*[contains(@id, 'rc-tabs-')]/div[2]/div/div/div/div/div/div[2]/table/tbody/tr[4]/td[5]/p' is present after '1' second(s)
	at com.kms.katalon.core.webui.keyword.internal.WebUIKeywordMain.stepFailed(WebUIKeywordMain.groovy:64)
	at com.kms.katalon.core.webui.keyword.internal.WebUIKeywordMain$stepFailed$0.call(Unknown Source)
	at com.kms.katalon.core.webui.keyword.builtin.VerifyElementNotPresentKeyword$_verifyElementNotPresent_closure1.doCall(VerifyElementNotPresentKeyword.groovy:106)
	at com.kms.katalon.core.webui.keyword.builtin.VerifyElementNotPresentKeyword$_verifyElementNotPresent_closure1.doCall(VerifyElementNotPresentKeyword.groovy)
	at com.kms.katalon.core.webui.keyword.internal.WebUIKeywordMain.runKeyword(WebUIKeywordMain.groovy:20)
	at com.kms.katalon.core.webui.keyword.internal.WebUIKeywordMain$runKeyword.call(Unknown Source)
	at com.kms.katalon.core.webui.keyword.builtin.VerifyElementNotPresentKeyword.verifyElementNotPresent(VerifyElementNotPresentKeyword.groovy:117)
	at com.kms.katalon.core.webui.keyword.builtin.VerifyElementNotPresentKeyword.execute(VerifyElementNotPresentKeyword.groovy:68)
	at com.kms.katalon.core.keyword.internal.KeywordExecutor.executeKeywordForPlatform(KeywordExecutor.groovy:74)
	at com.kms.katalon.core.webui.keyword.WebUiBuiltInKeywords.verifyElementNotPresent(WebUiBuiltInKeywords.groovy:1481)
	at com.kms.katalon.core.webui.keyword.WebUiBuiltInKeywords$verifyElementNotPresent$8.call(Unknown Source)
	at GetBrokSumPriceDaily.run(GetBrokSumPriceDaily:414)
	at com.kms.katalon.core.main.ScriptEngine.run(ScriptEngine.java:194)
	at com.kms.katalon.core.main.ScriptEngine.runScriptAsRawText(ScriptEngine.java:119)
	at com.kms.katalon.core.main.TestCaseExecutor.runScript(TestCaseExecutor.java:445)
	at com.kms.katalon.core.main.TestCaseExecutor.doExecute(TestCaseExecutor.java:436)
	at com.kms.katalon.core.main.TestCaseExecutor.processExecutionPhase(TestCaseExecutor.java:415)
	at com.kms.katalon.core.main.TestCaseExecutor.accessMainPhase(TestCaseExecutor.java:407)
	at com.kms.katalon.core.main.TestCaseExecutor.execute(TestCaseExecutor.java:284)
	at com.kms.katalon.core.common.CommonExecutor.accessTestCaseMainPhase(CommonExecutor.java:65)
	at com.kms.katalon.core.main.TestSuiteExecutor.accessTestSuiteMainPhase(TestSuiteExecutor.java:144)
	at com.kms.katalon.core.main.TestSuiteExecutor.execute(TestSuiteExecutor.java:106)
	at com.kms.katalon.core.main.TestCaseMain.startTestSuite(TestCaseMain.java:185)
	at com.kms.katalon.core.main.TestCaseMain$startTestSuite$0.call(Unknown Source)
	at TempTestSuite1705923140048.run(TempTestSuite1705923140048.groovy:36)
)

2024-01-22 18:43:10 - [MESSAGE][WARNING] - Web element with id: 'Object Repository/Stockbit/Bandarmology_Seller3' located by 'By.xpath: //*[contains(@id, 'rc-tabs-')]/div[2]/div/div/div/div/div/div[2]/table/tbody/tr[4]/td[5]/p' is present after '1' second(s) (Root cause: com.kms.katalon.core.exception.StepFailedException: Web element with id: 'Object Repository/Stockbit/Bandarmology_Seller3' located by 'By.xpath: //*[contains(@id, 'rc-tabs-')]/div[2]/div/div/div/div/div/div[2]/table/tbody/tr[4]/td[5]/p' is present after '1' second(s)
	at com.kms.katalon.core.webui.keyword.internal.WebUIKeywordMain.stepFailed(WebUIKeywordMain.groovy:64)
	at com.kms.katalon.core.webui.keyword.internal.WebUIKeywordMain$stepFailed$0.call(Unknown Source)
	at com.kms.katalon.core.webui.keyword.builtin.VerifyElementNotPresentKeyword$_verifyElementNotPresent_closure1.doCall(VerifyElementNotPresentKeyword.groovy:106)
	at com.kms.katalon.core.webui.keyword.builtin.VerifyElementNotPresentKeyword$_verifyElementNotPresent_closure1.doCall(VerifyElementNotPresentKeyword.groovy)
	at com.kms.katalon.core.webui.keyword.internal.WebUIKeywordMain.runKeyword(WebUIKeywordMain.groovy:20)
	at com.kms.katalon.core.webui.keyword.internal.WebUIKeywordMain$runKeyword.call(Unknown Source)
	at com.kms.katalon.core.webui.keyword.builtin.VerifyElementNotPresentKeyword.verifyElementNotPresent(VerifyElementNotPresentKeyword.groovy:117)
	at com.kms.katalon.core.webui.keyword.builtin.VerifyElementNotPresentKeyword.execute(VerifyElementNotPresentKeyword.groovy:68)
	at com.kms.katalon.core.keyword.internal.KeywordExecutor.executeKeywordForPlatform(KeywordExecutor.groovy:74)
	at com.kms.katalon.core.webui.keyword.WebUiBuiltInKeywords.verifyElementNotPresent(WebUiBuiltInKeywords.groovy:1481)
	at com.kms.katalon.core.webui.keyword.WebUiBuiltInKeywords$verifyElementNotPresent$8.call(Unknown Source)
	at GetBrokSumPriceDaily.run(GetBrokSumPriceDaily:414)
	at com.kms.katalon.core.main.ScriptEngine.run(ScriptEngine.java:194)
	at com.kms.katalon.core.main.ScriptEngine.runScriptAsRawText(ScriptEngine.java:119)
	at com.kms.katalon.core.main.TestCaseExecutor.runScript(TestCaseExecutor.java:445)
	at com.kms.katalon.core.main.TestCaseExecutor.doExecute(TestCaseExecutor.java:436)
	at com.kms.katalon.core.main.TestCaseExecutor.processExecutionPhase(TestCaseExecutor.java:415)
	at com.kms.katalon.core.main.TestCaseExecutor.accessMainPhase(TestCaseExecutor.java:407)
	at com.kms.katalon.core.main.TestCaseExecutor.execute(TestCaseExecutor.java:284)
	at com.kms.katalon.core.common.CommonExecutor.accessTestCaseMainPhase(CommonExecutor.java:65)
	at com.kms.katalon.core.main.TestSuiteExecutor.accessTestSuiteMainPhase(TestSuiteExecutor.java:144)
	at com.kms.katalon.core.main.TestSuiteExecutor.execute(TestSuiteExecutor.java:106)
	at com.kms.katalon.core.main.TestCaseMain.startTestSuite(TestCaseMain.java:185)
	at com.kms.katalon.core.main.TestCaseMain$startTestSuite$0.call(Unknown Source)
	at TempTestSuite1705923140048.run(TempTestSuite1705923140048.groovy:36)
)
[[ATTACHMENT|C:\\Users\\Fadli\\git\\KatalonDailyGetData2\\Reports\\20240122_174123\\TS1\\20240122_183220\\1705923790703.png]]

2024-01-22 18:43:10 - [TEST_STEP][PASSED] - else: null

2024-01-22 18:43:10 - [TEST_STEP][PASSED] - strSeller3 = getText(findTestObject("Stockbit/Bandarmology_Seller3")): Text of object 'Object Repository/Stockbit/Bandarmology_Seller3' is: 'PD'

2024-01-22 18:43:11 - [MESSAGE][PASSED] - Text of object 'Object Repository/Stockbit/Bandarmology_Seller3' is: 'PD'

2024-01-22 18:43:11 - [TEST_STEP][PASSED] - strSellerVol3 = getText(findTestObject("Stockbit/Bandarmology_SellerVol3")): Text of object 'Object Repository/Stockbit/Bandarmology_SellerVol3' is: '1.8 K'

2024-01-22 18:43:11 - [MESSAGE][PASSED] - Text of object 'Object Repository/Stockbit/Bandarmology_SellerVol3' is: '1.8 K'

2024-01-22 18:43:11 - [TEST_STEP][PASSED] - strSellerAvg3 = getText(findTestObject("Stockbit/Bandarmology_SellerAvg3")): Text of object 'Object Repository/Stockbit/Bandarmology_SellerAvg3' is: '202'

2024-01-22 18:43:11 - [MESSAGE][PASSED] - Text of object 'Object Repository/Stockbit/Bandarmology_SellerAvg3' is: '202'

2024-01-22 18:43:11 - [TEST_STEP][PASSED] - if (strSeller3 != ""): null

2024-01-22 18:43:11 - [TEST_STEP][PASSED] - if (strSellerAvg3.contains(",")): null

2024-01-22 18:43:11 - [TEST_STEP][PASSED] - if (strSellerVol3.contains(" B")): null

2024-01-22 18:43:11 - [TEST_STEP][PASSED] - else if (strSellerVol3.contains(" M")): null

2024-01-22 18:43:11 - [TEST_STEP][PASSED] - else if (strSellerVol3.contains(" K")): null

2024-01-22 18:43:11 - [TEST_STEP][PASSED] - strSellerVol3 = strSellerVol3.replace(" K", ""): null

2024-01-22 18:43:11 - [TEST_STEP][PASSED] - strSellerVol3 = strSellerVol3.toDouble() * 1000: null

2024-01-22 18:43:11 - [TEST_STEP][PASSED] - strAccDist = getText(findTestObject("Stockbit/Bandarmology_AccDist")): Text of object 'Object Repository/Stockbit/Bandarmology_AccDist' is: 'Acc'

2024-01-22 18:43:11 - [MESSAGE][PASSED] - Text of object 'Object Repository/Stockbit/Bandarmology_AccDist' is: 'Acc'

2024-01-22 18:43:11 - [TEST_STEP][PASSED] - strNetVol = getText(findTestObject("Stockbit/Bandarmology_NetVol")): Text of object 'Object Repository/Stockbit/Bandarmology_NetVol' is: '10,218'

2024-01-22 18:43:11 - [MESSAGE][PASSED] - Text of object 'Object Repository/Stockbit/Bandarmology_NetVol' is: '10,218'

2024-01-22 18:43:11 - [TEST_STEP][PASSED] - strNetVol = strNetVol.replace(",", ""): null

2024-01-22 18:43:11 - [TEST_STEP][PASSED] - strNetVal = getText(findTestObject("Stockbit/Bandarmology_NetVal")): Text of object 'Object Repository/Stockbit/Bandarmology_NetVal' is: '0.2 B'

2024-01-22 18:43:11 - [MESSAGE][PASSED] - Text of object 'Object Repository/Stockbit/Bandarmology_NetVal' is: '0.2 B'

2024-01-22 18:43:11 - [TEST_STEP][PASSED] - delay(3): Delayed 3 second(s)

2024-01-22 18:43:14 - [MESSAGE][PASSED] - Delayed 3 second(s)

2024-01-22 18:43:14 - [TEST_STEP][PASSED] - strOpenPrice = getText(findTestObject("Stockbit/Home_OpenPrice")): Text of object 'Object Repository/Stockbit/Home_OpenPrice' is: '202'

2024-01-22 18:43:14 - [MESSAGE][PASSED] - Text of object 'Object Repository/Stockbit/Home_OpenPrice' is: '202'

2024-01-22 18:43:14 - [TEST_STEP][PASSED] - strOpenPrice = strOpenPrice.replace(",", ""): null

2024-01-22 18:43:14 - [TEST_STEP][PASSED] - strLowPrice = getText(findTestObject("Stockbit/Home_LowPrice")): Text of object 'Object Repository/Stockbit/Home_LowPrice' is: '200'

2024-01-22 18:43:15 - [MESSAGE][PASSED] - Text of object 'Object Repository/Stockbit/Home_LowPrice' is: '200'

2024-01-22 18:43:15 - [TEST_STEP][PASSED] - strLowPrice = strLowPrice.replace(",", ""): null

2024-01-22 18:43:15 - [TEST_STEP][PASSED] - strHighPrice = getText(findTestObject("Stockbit/Home_HighPrice")): Text of object 'Object Repository/Stockbit/Home_HighPrice' is: '204'

2024-01-22 18:43:15 - [MESSAGE][PASSED] - Text of object 'Object Repository/Stockbit/Home_HighPrice' is: '204'

2024-01-22 18:43:15 - [TEST_STEP][PASSED] - strHighPrice = strHighPrice.replace(",", ""): null

2024-01-22 18:43:15 - [TEST_STEP][PASSED] - strClosePrice = getText(findTestObject("Stockbit/Home_ClosePrice")): Text of object 'Object Repository/Stockbit/Home_ClosePrice' is: '202'

2024-01-22 18:43:15 - [MESSAGE][PASSED] - Text of object 'Object Repository/Stockbit/Home_ClosePrice' is: '202'

2024-01-22 18:43:15 - [TEST_STEP][PASSED] - strClosePrice = strClosePrice.replace(",", ""): null

2024-01-22 18:43:15 - [TEST_STEP][PASSED] - strVol = getText(findTestObject("Stockbit/Home_Volume")): Text of object 'Object Repository/Stockbit/Home_Volume' is: '10 K'

2024-01-22 18:43:15 - [MESSAGE][PASSED] - Text of object 'Object Repository/Stockbit/Home_Volume' is: '10 K'

2024-01-22 18:43:15 - [TEST_STEP][PASSED] - if (strVol.contains(" K")): null

2024-01-22 18:43:15 - [TEST_STEP][PASSED] - strVol = strVol.replace(" K", "000"): null

2024-01-22 18:43:15 - [TEST_STEP][PASSED] - if (strVol.contains(",")): null

2024-01-22 18:43:15 - [TEST_STEP][PASSED] - strChange = getText(findTestObject("Stockbit/Home_Change")): Text of object 'Object Repository/Stockbit/Home_Change' is: '0.00%'

2024-01-22 18:43:15 - [MESSAGE][PASSED] - Text of object 'Object Repository/Stockbit/Home_Change' is: '0.00%'

2024-01-22 18:43:15 - [TEST_STEP][PASSED] - strChange = strChange.replace("%", ""): null

2024-01-22 18:43:15 - [TEST_STEP][PASSED] - strFreq = getText(findTestObject("Stockbit/Home_Freq")): Text of object 'Object Repository/Stockbit/Home_Freq' is: '63'

2024-01-22 18:43:15 - [MESSAGE][PASSED] - Text of object 'Object Repository/Stockbit/Home_Freq' is: '63'

2024-01-22 18:43:15 - [TEST_STEP][PASSED] - if (strFreq.contains(",")): null

2024-01-22 18:43:15 - [TEST_STEP][PASSED] - if (strFreq == "NA" || strFreq == ""): null

2024-01-22 18:43:15 - [TEST_STEP][PASSED] - else: null

2024-01-22 18:43:15 - [TEST_STEP][PASSED] - dblFreqAnal = strVol.toDouble() / strFreq.toDouble() * strFreq.toDouble() * strFreq.toDouble() * 100000000: null

2024-01-22 18:43:15 - [TEST_STEP][PASSED] - strFreqAnal = String.format("%.4f", dblFreqAnal): null

2024-01-22 18:43:15 - [TEST_STEP][PASSED] - out.println("Double strFreqAnal: " + strFreqAnal): null

2024-01-22 18:43:15 - [TEST_STEP][PASSED] - strTanggal = d.format(DateTimeFormatter.ofPattern("yyyy-MM-dd")): null

2024-01-22 18:43:15 - [TEST_STEP][PASSED] - strTanggal = "#" + strTanggal + "#": null

2024-01-22 18:43:15 - [TEST_STEP][PASSED] - strSQL = "select count(*) as JumBaris from TblBrokSum where Nama = '" + strNama + "' and Tanggal = " + strTanggal + "": null

2024-01-22 18:43:15 - [TEST_STEP][PASSED] - resultSet = statement.executeQuery(strSQL): null

2024-01-22 18:43:15 - [TEST_STEP][PASSED] - resultSet.next(): null

2024-01-22 18:43:15 - [TEST_STEP][PASSED] - intJumBaris = resultSet.getInt("JumBaris"): null

2024-01-22 18:43:15 - [TEST_STEP][PASSED] - if (intJumBaris > 0): null

2024-01-22 18:43:15 - [TEST_STEP][PASSED] - else: null

2024-01-22 18:43:15 - [TEST_STEP][PASSED] - try: null

2024-01-22 18:43:15 - [TEST_STEP][PASSED] - out.println("Insert data"): null

2024-01-22 18:43:15 - [TEST_STEP][PASSED] - strSQL = "insert into TblBrokSum (nama, tanggal, top1, top2, top3, AllBrokAvg, AccDist, AvgRP, " + "Buyer1, BuyerVal1, BuyerAvg1, Seller1, SellerVal1, SellerAvg1, Buyer2, BuyerVal2, BuyerAvg2, " + "Seller2, SellerVal2, SellerAvg2, Buyer3, BuyerVal3, BuyerAvg3, Seller3, SellerVal3, SellerAvg3, NetVol, NetVal, " + "OpenPrice, LowPrice, HighPrice, ClosePrice, Volume, Change, Frekuensi, FrekAnal) " + "values ('" + strNama + "', " + strTanggal + ", '" + strTop1 + "', '" + strTop3 + "', '" + strTop5 + "', " + "'" + strAllBrokAvg + "', '" + strAccDist + "', " + intAvgRP + ", '" + strBuyer1 + "', '" + strBuyerVol1 + "', " + strBuyerAvg1 + ", " + "'" + strSeller1 + "', '" + strSellerVol1 + "', " + strSellerAvg1 + ", '" + strBuyer2 + "', '" + strBuyerVol2 + "', " + strBuyerAvg2 + ", " + "'" + strSeller2 + "', '" + strSellerVol2 + "', " + strSellerAvg2 + ", '" + strBuyer3 + "', '" + strBuyerVol3 + "', " + strBuyerAvg3 + ", " + "'" + strSeller3 + "', '" + strSellerVol3 + "', " + strSellerAvg3 + ", " + strNetVol + ", '" + strNetVal + "', " + "" + strOpenPrice + ", " + strLowPrice + ", " + strHighPrice + ", " + strClosePrice + ", '" + strVol + "', " + strChange + ", " + strFreq + ", " + strFreqAnal + ");": null

2024-01-22 18:43:15 - [TEST_STEP][PASSED] - out.println("strSQL = " + strSQL): null

2024-01-22 18:43:15 - [TEST_STEP][PASSED] - statement.executeUpdate(strSQL): null

2024-01-22 18:43:15 - [TEST_STEP][PASSED] - setValueToCellByIndex(sheet01, rowIndex, 4, "DONE"): null

2024-01-22 18:43:15 - [TEST_STEP][PASSED] - saveWorkbook(excelFilePath, workbook01): null

2024-01-22 18:43:15 - [TEST_STEP][PASSED] - waitForElementClickable(findTestObject("Stockbit/menu_Bandarmology"), 10): Object 'Object Repository/Stockbit/menu_Bandarmology' is clickable

2024-01-22 18:43:16 - [MESSAGE][PASSED] - Object 'Object Repository/Stockbit/menu_Bandarmology' is clickable

2024-01-22 18:43:16 - [TEST_STEP][PASSED] - click(findTestObject("Stockbit/menu_Bandarmology")): Object: 'Object Repository/Stockbit/menu_Bandarmology' is clicked on

2024-01-22 18:43:16 - [MESSAGE][PASSED] - Object: 'Object Repository/Stockbit/menu_Bandarmology' is clicked on

2024-01-22 18:43:16 - [TEST_STEP][PASSED] - strTemp = "NA": null

2024-01-22 18:43:16 - [TEST_STEP][PASSED] - if (getCellValueByIndex(sheet01, rowIndex, 4) != "DONE"): Object: 'Object Repository/Stockbit/menu_Bandarmology' is clicked on

2024-01-22 18:43:16 - [TEST_STEP][PASSED] - strNama = getCellValueByIndex(sheet01, rowIndex, 0): null

2024-01-22 18:43:16 - [TEST_STEP][PASSED] - navigateToUrl("https://stockbit.com/#/symbol/" + strNama): Navigate to 'https://stockbit.com/#/symbol/BSBK' successfully

2024-01-22 18:43:18 - [MESSAGE][PASSED] - Navigate to 'https://stockbit.com/#/symbol/BSBK' successfully

2024-01-22 18:43:18 - [TEST_STEP][PASSED] - waitForElementClickable(findTestObject("Stockbit/menu_Bandarmology"), 10): Object 'Object Repository/Stockbit/menu_Bandarmology' is clickable

2024-01-22 18:43:18 - [MESSAGE][PASSED] - Object 'Object Repository/Stockbit/menu_Bandarmology' is clickable

2024-01-22 18:43:18 - [TEST_STEP][PASSED] - click(findTestObject("Stockbit/menu_Bandarmology")): Object: 'Object Repository/Stockbit/menu_Bandarmology' is clicked on

2024-01-22 18:43:19 - [MESSAGE][PASSED] - Object: 'Object Repository/Stockbit/menu_Bandarmology' is clicked on

2024-01-22 18:43:19 - [TEST_STEP][PASSED] - strTanggal = d.format(DateTimeFormatter.ofPattern("MMM dd, yyyy")): null

2024-01-22 18:43:19 - [TEST_STEP][PASSED] - strTanggal = d.format(ISO_DATE): null

2024-01-22 18:43:19 - [TEST_STEP][PASSED] - out.println("strTanggal = " + strTanggal): null

2024-01-22 18:43:19 - [TEST_STEP][PASSED] - out.println("strNama = " + strNama): null

2024-01-22 18:43:19 - [TEST_STEP][PASSED] - out.println("Baris ke = " + rowIndex): null

2024-01-22 18:43:19 - [TEST_STEP][PASSED] - click(findTestObject("Stockbit/input__BandarmologyOpenStartDate")): Object: 'Object Repository/Stockbit/input__BandarmologyOpenStartDate' is clicked on

2024-01-22 18:43:20 - [MESSAGE][PASSED] - Object: 'Object Repository/Stockbit/input__BandarmologyOpenStartDate' is clicked on

2024-01-22 18:43:20 - [TEST_STEP][PASSED] - sendKeys(findTestObject("Stockbit/input__BandarmologyOpenStartDate"), Keys.chord(CONTROL, "a")): Keys 'CONTROL + a' sent to object: 'Object Repository/Stockbit/input__BandarmologyOpenStartDate'

2024-01-22 18:43:21 - [MESSAGE][PASSED] - Keys 'CONTROL + a' sent to object: 'Object Repository/Stockbit/input__BandarmologyOpenStartDate'

2024-01-22 18:43:21 - [TEST_STEP][PASSED] - sendKeys(findTestObject("Stockbit/input__BandarmologyOpenStartDate"), Keys.chord(BACK_SPACE)): Keys 'BACK_SPACE + ' sent to object: 'Object Repository/Stockbit/input__BandarmologyOpenStartDate'

2024-01-22 18:43:21 - [MESSAGE][PASSED] - Keys 'BACK_SPACE + ' sent to object: 'Object Repository/Stockbit/input__BandarmologyOpenStartDate'

2024-01-22 18:43:21 - [TEST_STEP][PASSED] - setText(findTestObject("Stockbit/input__BandarmologyOpenStartDate"), strTanggal): Text '2024-01-22' is set on object 'Object Repository/Stockbit/input__BandarmologyOpenStartDate'

2024-01-22 18:43:22 - [MESSAGE][PASSED] - Text '2024-01-22' is set on object 'Object Repository/Stockbit/input__BandarmologyOpenStartDate'

2024-01-22 18:43:22 - [TEST_STEP][PASSED] - sendKeys(findTestObject("Stockbit/input__BandarmologyOpenStartDate"), Keys.chord(ENTER)): Keys 'ENTER + ' sent to object: 'Object Repository/Stockbit/input__BandarmologyOpenStartDate'

2024-01-22 18:43:22 - [MESSAGE][PASSED] - Keys 'ENTER + ' sent to object: 'Object Repository/Stockbit/input__BandarmologyOpenStartDate'

2024-01-22 18:43:22 - [TEST_STEP][PASSED] - click(findTestObject("Stockbit/input__BandarmologyOpenEndDate")): Object: 'Object Repository/Stockbit/input__BandarmologyOpenEndDate' is clicked on

2024-01-22 18:43:23 - [MESSAGE][PASSED] - Object: 'Object Repository/Stockbit/input__BandarmologyOpenEndDate' is clicked on

2024-01-22 18:43:23 - [TEST_STEP][PASSED] - sendKeys(findTestObject("Stockbit/input__BandarmologyOpenEndDate"), Keys.chord(CONTROL, "a")): Keys 'CONTROL + a' sent to object: 'Object Repository/Stockbit/input__BandarmologyOpenEndDate'

2024-01-22 18:43:23 - [MESSAGE][PASSED] - Keys 'CONTROL + a' sent to object: 'Object Repository/Stockbit/input__BandarmologyOpenEndDate'

2024-01-22 18:43:23 - [TEST_STEP][PASSED] - sendKeys(findTestObject("Stockbit/input__BandarmologyOpenEndDate"), Keys.chord(BACK_SPACE)): Keys 'BACK_SPACE + ' sent to object: 'Object Repository/Stockbit/input__BandarmologyOpenEndDate'

2024-01-22 18:43:24 - [MESSAGE][PASSED] - Keys 'BACK_SPACE + ' sent to object: 'Object Repository/Stockbit/input__BandarmologyOpenEndDate'

2024-01-22 18:43:24 - [TEST_STEP][PASSED] - setText(findTestObject("Stockbit/input__BandarmologyOpenEndDate"), strTanggal): Text '2024-01-22' is set on object 'Object Repository/Stockbit/input__BandarmologyOpenEndDate'

2024-01-22 18:43:25 - [MESSAGE][PASSED] - Text '2024-01-22' is set on object 'Object Repository/Stockbit/input__BandarmologyOpenEndDate'

2024-01-22 18:43:25 - [TEST_STEP][PASSED] - sendKeys(findTestObject("Stockbit/input__BandarmologyOpenEndDate"), Keys.chord(ENTER)): Keys 'ENTER + ' sent to object: 'Object Repository/Stockbit/input__BandarmologyOpenEndDate'

2024-01-22 18:43:25 - [MESSAGE][PASSED] - Keys 'ENTER + ' sent to object: 'Object Repository/Stockbit/input__BandarmologyOpenEndDate'

2024-01-22 18:43:25 - [TEST_STEP][PASSED] - delay(2): Delayed 2 second(s)

2024-01-22 18:43:27 - [MESSAGE][PASSED] - Delayed 2 second(s)

2024-01-22 18:43:27 - [TEST_STEP][PASSED] - strTemp = getText(findTestObject("Stockbit/Bandarmology_AvgRP")): Text of object 'Object Repository/Stockbit/Bandarmology_AvgRP' is: '56'

2024-01-22 18:43:27 - [MESSAGE][PASSED] - Text of object 'Object Repository/Stockbit/Bandarmology_AvgRP' is: '56'

2024-01-22 18:43:27 - [TEST_STEP][PASSED] - out.println("Bandarmology_AvgRP = " + strTemp): null

2024-01-22 18:43:27 - [TEST_STEP][PASSED] - if (strTemp != "0"): null

2024-01-22 18:43:27 - [TEST_STEP][PASSED] - strTop1 = getText(findTestObject("Stockbit/Bandarmology_Top1")): Text of object 'Object Repository/Stockbit/Bandarmology_Top1' is: 'Big Acc'

2024-01-22 18:43:27 - [MESSAGE][PASSED] - Text of object 'Object Repository/Stockbit/Bandarmology_Top1' is: 'Big Acc'

2024-01-22 18:43:27 - [TEST_STEP][PASSED] - strTop3 = getText(findTestObject("Stockbit/Bandarmology_Top3")): Text of object 'Object Repository/Stockbit/Bandarmology_Top3' is: 'Big Acc'

2024-01-22 18:43:27 - [MESSAGE][PASSED] - Text of object 'Object Repository/Stockbit/Bandarmology_Top3' is: 'Big Acc'

2024-01-22 18:43:27 - [TEST_STEP][PASSED] - strTop5 = getText(findTestObject("Stockbit/Bandarmology_Top5")): Text of object 'Object Repository/Stockbit/Bandarmology_Top5' is: 'Big Acc'

2024-01-22 18:43:28 - [MESSAGE][PASSED] - Text of object 'Object Repository/Stockbit/Bandarmology_Top5' is: 'Big Acc'

2024-01-22 18:43:28 - [TEST_STEP][PASSED] - strAllBrokAvg = getText(findTestObject("Stockbit/Bandarmology_TopAVG")): Text of object 'Object Repository/Stockbit/Bandarmology_TopAVG' is: 'Big Acc'

2024-01-22 18:43:28 - [MESSAGE][PASSED] - Text of object 'Object Repository/Stockbit/Bandarmology_TopAVG' is: 'Big Acc'

2024-01-22 18:43:28 - [TEST_STEP][PASSED] - strTemp = getText(findTestObject("Stockbit/Bandarmology_AvgRP")): Text of object 'Object Repository/Stockbit/Bandarmology_AvgRP' is: '56'

2024-01-22 18:43:28 - [MESSAGE][PASSED] - Text of object 'Object Repository/Stockbit/Bandarmology_AvgRP' is: '56'

2024-01-22 18:43:28 - [TEST_STEP][PASSED] - if (strTemp.contains(",")): null

2024-01-22 18:43:28 - [TEST_STEP][PASSED] - intAvgRP = strTemp.toInteger(): null

2024-01-22 18:43:28 - [TEST_STEP][PASSED] - strBuyer1 = getText(findTestObject("Stockbit/Bandarmology_Buyer1")): Text of object 'Object Repository/Stockbit/Bandarmology_Buyer1' is: 'AO'

2024-01-22 18:43:28 - [MESSAGE][PASSED] - Text of object 'Object Repository/Stockbit/Bandarmology_Buyer1' is: 'AO'

2024-01-22 18:43:28 - [TEST_STEP][PASSED] - strBuyerVol1 = getText(findTestObject("Stockbit/Bandarmology_BuyerVol1")): Text of object 'Object Repository/Stockbit/Bandarmology_BuyerVol1' is: '50 K'

2024-01-22 18:43:28 - [MESSAGE][PASSED] - Text of object 'Object Repository/Stockbit/Bandarmology_BuyerVol1' is: '50 K'

2024-01-22 18:43:28 - [TEST_STEP][PASSED] - strBuyerAvg1 = getText(findTestObject("Stockbit/Bandarmology_BuyerAvg1")): Text of object 'Object Repository/Stockbit/Bandarmology_BuyerAvg1' is: '56'

2024-01-22 18:43:28 - [MESSAGE][PASSED] - Text of object 'Object Repository/Stockbit/Bandarmology_BuyerAvg1' is: '56'

2024-01-22 18:43:28 - [TEST_STEP][PASSED] - if (strBuyerAvg1.contains(",")): null

2024-01-22 18:43:28 - [TEST_STEP][PASSED] - if (strBuyerVol1.contains(" B")): null

2024-01-22 18:43:28 - [TEST_STEP][PASSED] - else if (strBuyerVol1.contains(" M")): null

2024-01-22 18:43:28 - [TEST_STEP][PASSED] - else if (strBuyerVol1.contains(" K")): null

2024-01-22 18:43:28 - [TEST_STEP][PASSED] - strBuyerVol1 = strBuyerVol1.replace(" K", ""): null

2024-01-22 18:43:28 - [TEST_STEP][PASSED] - strBuyerVol1 = strBuyerVol1.toDouble() * 1000: null

2024-01-22 18:43:28 - [TEST_STEP][PASSED] - strSeller1 = getText(findTestObject("Stockbit/Bandarmology_Seller1")): Text of object 'Object Repository/Stockbit/Bandarmology_Seller1' is: 'KK'

2024-01-22 18:43:29 - [MESSAGE][PASSED] - Text of object 'Object Repository/Stockbit/Bandarmology_Seller1' is: 'KK'

2024-01-22 18:43:29 - [TEST_STEP][PASSED] - strSellerVol1 = getText(findTestObject("Stockbit/Bandarmology_SellerVol1")): Text of object 'Object Repository/Stockbit/Bandarmology_SellerVol1' is: '29.5 K'

2024-01-22 18:43:29 - [MESSAGE][PASSED] - Text of object 'Object Repository/Stockbit/Bandarmology_SellerVol1' is: '29.5 K'

2024-01-22 18:43:29 - [TEST_STEP][PASSED] - strSellerAvg1 = getText(findTestObject("Stockbit/Bandarmology_SellerAvg1")): Text of object 'Object Repository/Stockbit/Bandarmology_SellerAvg1' is: '56'

2024-01-22 18:43:29 - [MESSAGE][PASSED] - Text of object 'Object Repository/Stockbit/Bandarmology_SellerAvg1' is: '56'

2024-01-22 18:43:29 - [TEST_STEP][PASSED] - if (strSellerAvg1.contains(",")): null

2024-01-22 18:43:29 - [TEST_STEP][PASSED] - if (strSellerVol1.contains(" B")): null

2024-01-22 18:43:29 - [TEST_STEP][PASSED] - else if (strSellerVol1.contains(" M")): null

2024-01-22 18:43:29 - [TEST_STEP][PASSED] - else if (strSellerVol1.contains(" K")): null

2024-01-22 18:43:29 - [TEST_STEP][PASSED] - strSellerVol1 = strSellerVol1.replace(" K", ""): null

2024-01-22 18:43:29 - [TEST_STEP][PASSED] - strSellerVol1 = strSellerVol1.toDouble() * 1000: null

2024-01-22 18:43:29 - [TEST_STEP][PASSED] - if (verifyElementNotPresent(findTestObject("Stockbit/Bandarmology_Buyer2"), 1, OPTIONAL)): Web element with id: 'Object Repository/Stockbit/Bandarmology_Buyer2' located by 'By.xpath: //*[contains(@id, 'rc-tabs-')]/div[2]/div/div/div/div/div/div[2]/table/tbody/tr[3]/td[1]/p' is present after '1' second(s) (Root cause: com.kms.katalon.core.exception.StepFailedException: Web element with id: 'Object Repository/Stockbit/Bandarmology_Buyer2' located by 'By.xpath: //*[contains(@id, 'rc-tabs-')]/div[2]/div/div/div/div/div/div[2]/table/tbody/tr[3]/td[1]/p' is present after '1' second(s)
	at com.kms.katalon.core.webui.keyword.internal.WebUIKeywordMain.stepFailed(WebUIKeywordMain.groovy:64)
	at com.kms.katalon.core.webui.keyword.internal.WebUIKeywordMain$stepFailed$0.call(Unknown Source)
	at com.kms.katalon.core.webui.keyword.builtin.VerifyElementNotPresentKeyword$_verifyElementNotPresent_closure1.doCall(VerifyElementNotPresentKeyword.groovy:106)
	at com.kms.katalon.core.webui.keyword.builtin.VerifyElementNotPresentKeyword$_verifyElementNotPresent_closure1.doCall(VerifyElementNotPresentKeyword.groovy)
	at com.kms.katalon.core.webui.keyword.internal.WebUIKeywordMain.runKeyword(WebUIKeywordMain.groovy:20)
	at com.kms.katalon.core.webui.keyword.internal.WebUIKeywordMain$runKeyword.call(Unknown Source)
	at com.kms.katalon.core.webui.keyword.builtin.VerifyElementNotPresentKeyword.verifyElementNotPresent(VerifyElementNotPresentKeyword.groovy:117)
	at com.kms.katalon.core.webui.keyword.builtin.VerifyElementNotPresentKeyword.execute(VerifyElementNotPresentKeyword.groovy:68)
	at com.kms.katalon.core.keyword.internal.KeywordExecutor.executeKeywordForPlatform(KeywordExecutor.groovy:74)
	at com.kms.katalon.core.webui.keyword.WebUiBuiltInKeywords.verifyElementNotPresent(WebUiBuiltInKeywords.groovy:1481)
	at com.kms.katalon.core.webui.keyword.WebUiBuiltInKeywords$verifyElementNotPresent$8.call(Unknown Source)
	at GetBrokSumPriceDaily.run(GetBrokSumPriceDaily:258)
	at com.kms.katalon.core.main.ScriptEngine.run(ScriptEngine.java:194)
	at com.kms.katalon.core.main.ScriptEngine.runScriptAsRawText(ScriptEngine.java:119)
	at com.kms.katalon.core.main.TestCaseExecutor.runScript(TestCaseExecutor.java:445)
	at com.kms.katalon.core.main.TestCaseExecutor.doExecute(TestCaseExecutor.java:436)
	at com.kms.katalon.core.main.TestCaseExecutor.processExecutionPhase(TestCaseExecutor.java:415)
	at com.kms.katalon.core.main.TestCaseExecutor.accessMainPhase(TestCaseExecutor.java:407)
	at com.kms.katalon.core.main.TestCaseExecutor.execute(TestCaseExecutor.java:284)
	at com.kms.katalon.core.common.CommonExecutor.accessTestCaseMainPhase(CommonExecutor.java:65)
	at com.kms.katalon.core.main.TestSuiteExecutor.accessTestSuiteMainPhase(TestSuiteExecutor.java:144)
	at com.kms.katalon.core.main.TestSuiteExecutor.execute(TestSuiteExecutor.java:106)
	at com.kms.katalon.core.main.TestCaseMain.startTestSuite(TestCaseMain.java:185)
	at com.kms.katalon.core.main.TestCaseMain$startTestSuite$0.call(Unknown Source)
	at TempTestSuite1705923140048.run(TempTestSuite1705923140048.groovy:36)
)

2024-01-22 18:43:30 - [MESSAGE][WARNING] - Web element with id: 'Object Repository/Stockbit/Bandarmology_Buyer2' located by 'By.xpath: //*[contains(@id, 'rc-tabs-')]/div[2]/div/div/div/div/div/div[2]/table/tbody/tr[3]/td[1]/p' is present after '1' second(s) (Root cause: com.kms.katalon.core.exception.StepFailedException: Web element with id: 'Object Repository/Stockbit/Bandarmology_Buyer2' located by 'By.xpath: //*[contains(@id, 'rc-tabs-')]/div[2]/div/div/div/div/div/div[2]/table/tbody/tr[3]/td[1]/p' is present after '1' second(s)
	at com.kms.katalon.core.webui.keyword.internal.WebUIKeywordMain.stepFailed(WebUIKeywordMain.groovy:64)
	at com.kms.katalon.core.webui.keyword.internal.WebUIKeywordMain$stepFailed$0.call(Unknown Source)
	at com.kms.katalon.core.webui.keyword.builtin.VerifyElementNotPresentKeyword$_verifyElementNotPresent_closure1.doCall(VerifyElementNotPresentKeyword.groovy:106)
	at com.kms.katalon.core.webui.keyword.builtin.VerifyElementNotPresentKeyword$_verifyElementNotPresent_closure1.doCall(VerifyElementNotPresentKeyword.groovy)
	at com.kms.katalon.core.webui.keyword.internal.WebUIKeywordMain.runKeyword(WebUIKeywordMain.groovy:20)
	at com.kms.katalon.core.webui.keyword.internal.WebUIKeywordMain$runKeyword.call(Unknown Source)
	at com.kms.katalon.core.webui.keyword.builtin.VerifyElementNotPresentKeyword.verifyElementNotPresent(VerifyElementNotPresentKeyword.groovy:117)
	at com.kms.katalon.core.webui.keyword.builtin.VerifyElementNotPresentKeyword.execute(VerifyElementNotPresentKeyword.groovy:68)
	at com.kms.katalon.core.keyword.internal.KeywordExecutor.executeKeywordForPlatform(KeywordExecutor.groovy:74)
	at com.kms.katalon.core.webui.keyword.WebUiBuiltInKeywords.verifyElementNotPresent(WebUiBuiltInKeywords.groovy:1481)
	at com.kms.katalon.core.webui.keyword.WebUiBuiltInKeywords$verifyElementNotPresent$8.call(Unknown Source)
	at GetBrokSumPriceDaily.run(GetBrokSumPriceDaily:258)
	at com.kms.katalon.core.main.ScriptEngine.run(ScriptEngine.java:194)
	at com.kms.katalon.core.main.ScriptEngine.runScriptAsRawText(ScriptEngine.java:119)
	at com.kms.katalon.core.main.TestCaseExecutor.runScript(TestCaseExecutor.java:445)
	at com.kms.katalon.core.main.TestCaseExecutor.doExecute(TestCaseExecutor.java:436)
	at com.kms.katalon.core.main.TestCaseExecutor.processExecutionPhase(TestCaseExecutor.java:415)
	at com.kms.katalon.core.main.TestCaseExecutor.accessMainPhase(TestCaseExecutor.java:407)
	at com.kms.katalon.core.main.TestCaseExecutor.execute(TestCaseExecutor.java:284)
	at com.kms.katalon.core.common.CommonExecutor.accessTestCaseMainPhase(CommonExecutor.java:65)
	at com.kms.katalon.core.main.TestSuiteExecutor.accessTestSuiteMainPhase(TestSuiteExecutor.java:144)
	at com.kms.katalon.core.main.TestSuiteExecutor.execute(TestSuiteExecutor.java:106)
	at com.kms.katalon.core.main.TestCaseMain.startTestSuite(TestCaseMain.java:185)
	at com.kms.katalon.core.main.TestCaseMain$startTestSuite$0.call(Unknown Source)
	at TempTestSuite1705923140048.run(TempTestSuite1705923140048.groovy:36)
)
[[ATTACHMENT|C:\\Users\\Fadli\\git\\KatalonDailyGetData2\\Reports\\20240122_174123\\TS1\\20240122_183220\\1705923810522.png]]

2024-01-22 18:43:30 - [TEST_STEP][PASSED] - else: null

2024-01-22 18:43:30 - [TEST_STEP][PASSED] - strBuyer2 = getText(findTestObject("Stockbit/Bandarmology_Buyer2")): Text of object 'Object Repository/Stockbit/Bandarmology_Buyer2' is: 'IF'

2024-01-22 18:43:30 - [MESSAGE][PASSED] - Text of object 'Object Repository/Stockbit/Bandarmology_Buyer2' is: 'IF'

2024-01-22 18:43:30 - [TEST_STEP][PASSED] - strBuyerVol2 = getText(findTestObject("Stockbit/Bandarmology_BuyerVol2")): Text of object 'Object Repository/Stockbit/Bandarmology_BuyerVol2' is: '20 K'

2024-01-22 18:43:31 - [MESSAGE][PASSED] - Text of object 'Object Repository/Stockbit/Bandarmology_BuyerVol2' is: '20 K'

2024-01-22 18:43:31 - [TEST_STEP][PASSED] - strBuyerAvg2 = getText(findTestObject("Stockbit/Bandarmology_BuyerAvg2")): Text of object 'Object Repository/Stockbit/Bandarmology_BuyerAvg2' is: '56'

2024-01-22 18:43:31 - [MESSAGE][PASSED] - Text of object 'Object Repository/Stockbit/Bandarmology_BuyerAvg2' is: '56'

2024-01-22 18:43:31 - [TEST_STEP][PASSED] - if (strBuyer2 != ""): null

2024-01-22 18:43:31 - [TEST_STEP][PASSED] - if (strBuyerAvg2.contains(",")): null

2024-01-22 18:43:31 - [TEST_STEP][PASSED] - if (strBuyerVol2.contains(" B")): null

2024-01-22 18:43:31 - [TEST_STEP][PASSED] - else if (strBuyerVol2.contains(" M")): null

2024-01-22 18:43:31 - [TEST_STEP][PASSED] - else if (strBuyerVol2.contains(" K")): null

2024-01-22 18:43:31 - [TEST_STEP][PASSED] - strBuyerVol2 = strBuyerVol2.replace(" K", ""): null

2024-01-22 18:43:31 - [TEST_STEP][PASSED] - strBuyerVol2 = strBuyerVol2.toDouble() * 1000: null

2024-01-22 18:43:31 - [TEST_STEP][PASSED] - if (strBuyerVol2.contains(".")): null

2024-01-22 18:43:31 - [TEST_STEP][PASSED] - strBuyerVal2 = strBuyerVol2.replace(".", ""): null

2024-01-22 18:43:31 - [TEST_STEP][PASSED] - if (verifyElementNotPresent(findTestObject("Stockbit/Bandarmology_Seller2"), 1, OPTIONAL)): Web element with id: 'Object Repository/Stockbit/Bandarmology_Seller2' located by 'By.xpath: //*[contains(@id, 'rc-tabs-')]/div[2]/div/div/div/div/div/div[2]/table/tbody/tr[3]/td[5]/p' is present after '1' second(s) (Root cause: com.kms.katalon.core.exception.StepFailedException: Web element with id: 'Object Repository/Stockbit/Bandarmology_Seller2' located by 'By.xpath: //*[contains(@id, 'rc-tabs-')]/div[2]/div/div/div/div/div/div[2]/table/tbody/tr[3]/td[5]/p' is present after '1' second(s)
	at com.kms.katalon.core.webui.keyword.internal.WebUIKeywordMain.stepFailed(WebUIKeywordMain.groovy:64)
	at com.kms.katalon.core.webui.keyword.internal.WebUIKeywordMain$stepFailed$0.call(Unknown Source)
	at com.kms.katalon.core.webui.keyword.builtin.VerifyElementNotPresentKeyword$_verifyElementNotPresent_closure1.doCall(VerifyElementNotPresentKeyword.groovy:106)
	at com.kms.katalon.core.webui.keyword.builtin.VerifyElementNotPresentKeyword$_verifyElementNotPresent_closure1.doCall(VerifyElementNotPresentKeyword.groovy)
	at com.kms.katalon.core.webui.keyword.internal.WebUIKeywordMain.runKeyword(WebUIKeywordMain.groovy:20)
	at com.kms.katalon.core.webui.keyword.internal.WebUIKeywordMain$runKeyword.call(Unknown Source)
	at com.kms.katalon.core.webui.keyword.builtin.VerifyElementNotPresentKeyword.verifyElementNotPresent(VerifyElementNotPresentKeyword.groovy:117)
	at com.kms.katalon.core.webui.keyword.builtin.VerifyElementNotPresentKeyword.execute(VerifyElementNotPresentKeyword.groovy:68)
	at com.kms.katalon.core.keyword.internal.KeywordExecutor.executeKeywordForPlatform(KeywordExecutor.groovy:74)
	at com.kms.katalon.core.webui.keyword.WebUiBuiltInKeywords.verifyElementNotPresent(WebUiBuiltInKeywords.groovy:1481)
	at com.kms.katalon.core.webui.keyword.WebUiBuiltInKeywords$verifyElementNotPresent$8.call(Unknown Source)
	at GetBrokSumPriceDaily.run(GetBrokSumPriceDaily:309)
	at com.kms.katalon.core.main.ScriptEngine.run(ScriptEngine.java:194)
	at com.kms.katalon.core.main.ScriptEngine.runScriptAsRawText(ScriptEngine.java:119)
	at com.kms.katalon.core.main.TestCaseExecutor.runScript(TestCaseExecutor.java:445)
	at com.kms.katalon.core.main.TestCaseExecutor.doExecute(TestCaseExecutor.java:436)
	at com.kms.katalon.core.main.TestCaseExecutor.processExecutionPhase(TestCaseExecutor.java:415)
	at com.kms.katalon.core.main.TestCaseExecutor.accessMainPhase(TestCaseExecutor.java:407)
	at com.kms.katalon.core.main.TestCaseExecutor.execute(TestCaseExecutor.java:284)
	at com.kms.katalon.core.common.CommonExecutor.accessTestCaseMainPhase(CommonExecutor.java:65)
	at com.kms.katalon.core.main.TestSuiteExecutor.accessTestSuiteMainPhase(TestSuiteExecutor.java:144)
	at com.kms.katalon.core.main.TestSuiteExecutor.execute(TestSuiteExecutor.java:106)
	at com.kms.katalon.core.main.TestCaseMain.startTestSuite(TestCaseMain.java:185)
	at com.kms.katalon.core.main.TestCaseMain$startTestSuite$0.call(Unknown Source)
	at TempTestSuite1705923140048.run(TempTestSuite1705923140048.groovy:36)
)

2024-01-22 18:43:32 - [MESSAGE][WARNING] - Web element with id: 'Object Repository/Stockbit/Bandarmology_Seller2' located by 'By.xpath: //*[contains(@id, 'rc-tabs-')]/div[2]/div/div/div/div/div/div[2]/table/tbody/tr[3]/td[5]/p' is present after '1' second(s) (Root cause: com.kms.katalon.core.exception.StepFailedException: Web element with id: 'Object Repository/Stockbit/Bandarmology_Seller2' located by 'By.xpath: //*[contains(@id, 'rc-tabs-')]/div[2]/div/div/div/div/div/div[2]/table/tbody/tr[3]/td[5]/p' is present after '1' second(s)
	at com.kms.katalon.core.webui.keyword.internal.WebUIKeywordMain.stepFailed(WebUIKeywordMain.groovy:64)
	at com.kms.katalon.core.webui.keyword.internal.WebUIKeywordMain$stepFailed$0.call(Unknown Source)
	at com.kms.katalon.core.webui.keyword.builtin.VerifyElementNotPresentKeyword$_verifyElementNotPresent_closure1.doCall(VerifyElementNotPresentKeyword.groovy:106)
	at com.kms.katalon.core.webui.keyword.builtin.VerifyElementNotPresentKeyword$_verifyElementNotPresent_closure1.doCall(VerifyElementNotPresentKeyword.groovy)
	at com.kms.katalon.core.webui.keyword.internal.WebUIKeywordMain.runKeyword(WebUIKeywordMain.groovy:20)
	at com.kms.katalon.core.webui.keyword.internal.WebUIKeywordMain$runKeyword.call(Unknown Source)
	at com.kms.katalon.core.webui.keyword.builtin.VerifyElementNotPresentKeyword.verifyElementNotPresent(VerifyElementNotPresentKeyword.groovy:117)
	at com.kms.katalon.core.webui.keyword.builtin.VerifyElementNotPresentKeyword.execute(VerifyElementNotPresentKeyword.groovy:68)
	at com.kms.katalon.core.keyword.internal.KeywordExecutor.executeKeywordForPlatform(KeywordExecutor.groovy:74)
	at com.kms.katalon.core.webui.keyword.WebUiBuiltInKeywords.verifyElementNotPresent(WebUiBuiltInKeywords.groovy:1481)
	at com.kms.katalon.core.webui.keyword.WebUiBuiltInKeywords$verifyElementNotPresent$8.call(Unknown Source)
	at GetBrokSumPriceDaily.run(GetBrokSumPriceDaily:309)
	at com.kms.katalon.core.main.ScriptEngine.run(ScriptEngine.java:194)
	at com.kms.katalon.core.main.ScriptEngine.runScriptAsRawText(ScriptEngine.java:119)
	at com.kms.katalon.core.main.TestCaseExecutor.runScript(TestCaseExecutor.java:445)
	at com.kms.katalon.core.main.TestCaseExecutor.doExecute(TestCaseExecutor.java:436)
	at com.kms.katalon.core.main.TestCaseExecutor.processExecutionPhase(TestCaseExecutor.java:415)
	at com.kms.katalon.core.main.TestCaseExecutor.accessMainPhase(TestCaseExecutor.java:407)
	at com.kms.katalon.core.main.TestCaseExecutor.execute(TestCaseExecutor.java:284)
	at com.kms.katalon.core.common.CommonExecutor.accessTestCaseMainPhase(CommonExecutor.java:65)
	at com.kms.katalon.core.main.TestSuiteExecutor.accessTestSuiteMainPhase(TestSuiteExecutor.java:144)
	at com.kms.katalon.core.main.TestSuiteExecutor.execute(TestSuiteExecutor.java:106)
	at com.kms.katalon.core.main.TestCaseMain.startTestSuite(TestCaseMain.java:185)
	at com.kms.katalon.core.main.TestCaseMain$startTestSuite$0.call(Unknown Source)
	at TempTestSuite1705923140048.run(TempTestSuite1705923140048.groovy:36)
)
[[ATTACHMENT|C:\\Users\\Fadli\\git\\KatalonDailyGetData2\\Reports\\20240122_174123\\TS1\\20240122_183220\\1705923812430.png]]

2024-01-22 18:43:32 - [TEST_STEP][PASSED] - else: null

2024-01-22 18:43:32 - [TEST_STEP][PASSED] - strSeller2 = getText(findTestObject("Stockbit/Bandarmology_Seller2")): Text of object 'Object Repository/Stockbit/Bandarmology_Seller2' is: 'PD'

2024-01-22 18:43:32 - [MESSAGE][PASSED] - Text of object 'Object Repository/Stockbit/Bandarmology_Seller2' is: 'PD'

2024-01-22 18:43:32 - [TEST_STEP][PASSED] - strSellerVol2 = getText(findTestObject("Stockbit/Bandarmology_SellerVol2")): Text of object 'Object Repository/Stockbit/Bandarmology_SellerVol2' is: '8.2 K'

2024-01-22 18:43:32 - [MESSAGE][PASSED] - Text of object 'Object Repository/Stockbit/Bandarmology_SellerVol2' is: '8.2 K'

2024-01-22 18:43:32 - [TEST_STEP][PASSED] - strSellerAvg2 = getText(findTestObject("Stockbit/Bandarmology_SellerAvg2")): Text of object 'Object Repository/Stockbit/Bandarmology_SellerAvg2' is: '56'

2024-01-22 18:43:33 - [MESSAGE][PASSED] - Text of object 'Object Repository/Stockbit/Bandarmology_SellerAvg2' is: '56'

2024-01-22 18:43:33 - [TEST_STEP][PASSED] - if (strSeller2 != ""): null

2024-01-22 18:43:33 - [TEST_STEP][PASSED] - if (strSellerAvg2.contains(",")): null

2024-01-22 18:43:33 - [TEST_STEP][PASSED] - if (strSellerVol2.contains(" B")): null

2024-01-22 18:43:33 - [TEST_STEP][PASSED] - else if (strSellerVol2.contains(" M")): null

2024-01-22 18:43:33 - [TEST_STEP][PASSED] - else if (strSellerVol2.contains(" K")): null

2024-01-22 18:43:33 - [TEST_STEP][PASSED] - strSellerVol2 = strSellerVol2.replace(" K", ""): null

2024-01-22 18:43:33 - [TEST_STEP][PASSED] - strSellerVol2 = strSellerVol2.toDouble() * 1000: null

2024-01-22 18:43:33 - [TEST_STEP][PASSED] - if (verifyElementNotPresent(findTestObject("Stockbit/Bandarmology_Buyer3"), 1, OPTIONAL)): Web element with id: 'Object Repository/Stockbit/Bandarmology_Buyer3' located by 'By.xpath: //*[contains(@id, 'rc-tabs-')]/div[2]/div/div/div/div/div/div[2]/table/tbody/tr[4]/td[1]/p' is present after '1' second(s) (Root cause: com.kms.katalon.core.exception.StepFailedException: Web element with id: 'Object Repository/Stockbit/Bandarmology_Buyer3' located by 'By.xpath: //*[contains(@id, 'rc-tabs-')]/div[2]/div/div/div/div/div/div[2]/table/tbody/tr[4]/td[1]/p' is present after '1' second(s)
	at com.kms.katalon.core.webui.keyword.internal.WebUIKeywordMain.stepFailed(WebUIKeywordMain.groovy:64)
	at com.kms.katalon.core.webui.keyword.internal.WebUIKeywordMain$stepFailed$0.call(Unknown Source)
	at com.kms.katalon.core.webui.keyword.builtin.VerifyElementNotPresentKeyword$_verifyElementNotPresent_closure1.doCall(VerifyElementNotPresentKeyword.groovy:106)
	at com.kms.katalon.core.webui.keyword.builtin.VerifyElementNotPresentKeyword$_verifyElementNotPresent_closure1.doCall(VerifyElementNotPresentKeyword.groovy)
	at com.kms.katalon.core.webui.keyword.internal.WebUIKeywordMain.runKeyword(WebUIKeywordMain.groovy:20)
	at com.kms.katalon.core.webui.keyword.internal.WebUIKeywordMain$runKeyword.call(Unknown Source)
	at com.kms.katalon.core.webui.keyword.builtin.VerifyElementNotPresentKeyword.verifyElementNotPresent(VerifyElementNotPresentKeyword.groovy:117)
	at com.kms.katalon.core.webui.keyword.builtin.VerifyElementNotPresentKeyword.execute(VerifyElementNotPresentKeyword.groovy:68)
	at com.kms.katalon.core.keyword.internal.KeywordExecutor.executeKeywordForPlatform(KeywordExecutor.groovy:74)
	at com.kms.katalon.core.webui.keyword.WebUiBuiltInKeywords.verifyElementNotPresent(WebUiBuiltInKeywords.groovy:1481)
	at com.kms.katalon.core.webui.keyword.WebUiBuiltInKeywords$verifyElementNotPresent$8.call(Unknown Source)
	at GetBrokSumPriceDaily.run(GetBrokSumPriceDaily:361)
	at com.kms.katalon.core.main.ScriptEngine.run(ScriptEngine.java:194)
	at com.kms.katalon.core.main.ScriptEngine.runScriptAsRawText(ScriptEngine.java:119)
	at com.kms.katalon.core.main.TestCaseExecutor.runScript(TestCaseExecutor.java:445)
	at com.kms.katalon.core.main.TestCaseExecutor.doExecute(TestCaseExecutor.java:436)
	at com.kms.katalon.core.main.TestCaseExecutor.processExecutionPhase(TestCaseExecutor.java:415)
	at com.kms.katalon.core.main.TestCaseExecutor.accessMainPhase(TestCaseExecutor.java:407)
	at com.kms.katalon.core.main.TestCaseExecutor.execute(TestCaseExecutor.java:284)
	at com.kms.katalon.core.common.CommonExecutor.accessTestCaseMainPhase(CommonExecutor.java:65)
	at com.kms.katalon.core.main.TestSuiteExecutor.accessTestSuiteMainPhase(TestSuiteExecutor.java:144)
	at com.kms.katalon.core.main.TestSuiteExecutor.execute(TestSuiteExecutor.java:106)
	at com.kms.katalon.core.main.TestCaseMain.startTestSuite(TestCaseMain.java:185)
	at com.kms.katalon.core.main.TestCaseMain$startTestSuite$0.call(Unknown Source)
	at TempTestSuite1705923140048.run(TempTestSuite1705923140048.groovy:36)
)

2024-01-22 18:43:34 - [MESSAGE][WARNING] - Web element with id: 'Object Repository/Stockbit/Bandarmology_Buyer3' located by 'By.xpath: //*[contains(@id, 'rc-tabs-')]/div[2]/div/div/div/div/div/div[2]/table/tbody/tr[4]/td[1]/p' is present after '1' second(s) (Root cause: com.kms.katalon.core.exception.StepFailedException: Web element with id: 'Object Repository/Stockbit/Bandarmology_Buyer3' located by 'By.xpath: //*[contains(@id, 'rc-tabs-')]/div[2]/div/div/div/div/div/div[2]/table/tbody/tr[4]/td[1]/p' is present after '1' second(s)
	at com.kms.katalon.core.webui.keyword.internal.WebUIKeywordMain.stepFailed(WebUIKeywordMain.groovy:64)
	at com.kms.katalon.core.webui.keyword.internal.WebUIKeywordMain$stepFailed$0.call(Unknown Source)
	at com.kms.katalon.core.webui.keyword.builtin.VerifyElementNotPresentKeyword$_verifyElementNotPresent_closure1.doCall(VerifyElementNotPresentKeyword.groovy:106)
	at com.kms.katalon.core.webui.keyword.builtin.VerifyElementNotPresentKeyword$_verifyElementNotPresent_closure1.doCall(VerifyElementNotPresentKeyword.groovy)
	at com.kms.katalon.core.webui.keyword.internal.WebUIKeywordMain.runKeyword(WebUIKeywordMain.groovy:20)
	at com.kms.katalon.core.webui.keyword.internal.WebUIKeywordMain$runKeyword.call(Unknown Source)
	at com.kms.katalon.core.webui.keyword.builtin.VerifyElementNotPresentKeyword.verifyElementNotPresent(VerifyElementNotPresentKeyword.groovy:117)
	at com.kms.katalon.core.webui.keyword.builtin.VerifyElementNotPresentKeyword.execute(VerifyElementNotPresentKeyword.groovy:68)
	at com.kms.katalon.core.keyword.internal.KeywordExecutor.executeKeywordForPlatform(KeywordExecutor.groovy:74)
	at com.kms.katalon.core.webui.keyword.WebUiBuiltInKeywords.verifyElementNotPresent(WebUiBuiltInKeywords.groovy:1481)
	at com.kms.katalon.core.webui.keyword.WebUiBuiltInKeywords$verifyElementNotPresent$8.call(Unknown Source)
	at GetBrokSumPriceDaily.run(GetBrokSumPriceDaily:361)
	at com.kms.katalon.core.main.ScriptEngine.run(ScriptEngine.java:194)
	at com.kms.katalon.core.main.ScriptEngine.runScriptAsRawText(ScriptEngine.java:119)
	at com.kms.katalon.core.main.TestCaseExecutor.runScript(TestCaseExecutor.java:445)
	at com.kms.katalon.core.main.TestCaseExecutor.doExecute(TestCaseExecutor.java:436)
	at com.kms.katalon.core.main.TestCaseExecutor.processExecutionPhase(TestCaseExecutor.java:415)
	at com.kms.katalon.core.main.TestCaseExecutor.accessMainPhase(TestCaseExecutor.java:407)
	at com.kms.katalon.core.main.TestCaseExecutor.execute(TestCaseExecutor.java:284)
	at com.kms.katalon.core.common.CommonExecutor.accessTestCaseMainPhase(CommonExecutor.java:65)
	at com.kms.katalon.core.main.TestSuiteExecutor.accessTestSuiteMainPhase(TestSuiteExecutor.java:144)
	at com.kms.katalon.core.main.TestSuiteExecutor.execute(TestSuiteExecutor.java:106)
	at com.kms.katalon.core.main.TestCaseMain.startTestSuite(TestCaseMain.java:185)
	at com.kms.katalon.core.main.TestCaseMain$startTestSuite$0.call(Unknown Source)
	at TempTestSuite1705923140048.run(TempTestSuite1705923140048.groovy:36)
)
[[ATTACHMENT|C:\\Users\\Fadli\\git\\KatalonDailyGetData2\\Reports\\20240122_174123\\TS1\\20240122_183220\\1705923814368.png]]

2024-01-22 18:43:34 - [TEST_STEP][PASSED] - else: null

2024-01-22 18:43:34 - [TEST_STEP][PASSED] - strBuyer3 = getText(findTestObject("Stockbit/Bandarmology_Buyer3")): Text of object 'Object Repository/Stockbit/Bandarmology_Buyer3' is: 'LG'

2024-01-22 18:43:34 - [MESSAGE][PASSED] - Text of object 'Object Repository/Stockbit/Bandarmology_Buyer3' is: 'LG'

2024-01-22 18:43:34 - [TEST_STEP][PASSED] - strBuyerVol3 = getText(findTestObject("Stockbit/Bandarmology_BuyerVol3")): Text of object 'Object Repository/Stockbit/Bandarmology_BuyerVol3' is: '3 K'

2024-01-22 18:43:34 - [MESSAGE][PASSED] - Text of object 'Object Repository/Stockbit/Bandarmology_BuyerVol3' is: '3 K'

2024-01-22 18:43:34 - [TEST_STEP][PASSED] - strBuyerAvg3 = getText(findTestObject("Stockbit/Bandarmology_BuyerAvg3")): Text of object 'Object Repository/Stockbit/Bandarmology_BuyerAvg3' is: '56'

2024-01-22 18:43:35 - [MESSAGE][PASSED] - Text of object 'Object Repository/Stockbit/Bandarmology_BuyerAvg3' is: '56'

2024-01-22 18:43:35 - [TEST_STEP][PASSED] - if (strBuyer3 != ""): null

2024-01-22 18:43:35 - [TEST_STEP][PASSED] - if (strBuyerAvg3.contains(",")): null

2024-01-22 18:43:35 - [TEST_STEP][PASSED] - if (strBuyerVol3.contains(" B")): null

2024-01-22 18:43:35 - [TEST_STEP][PASSED] - else if (strBuyerVol3.contains(" M")): null

2024-01-22 18:43:35 - [TEST_STEP][PASSED] - else if (strBuyerVol3.contains(" K")): null

2024-01-22 18:43:35 - [TEST_STEP][PASSED] - strBuyerVol3 = strBuyerVol3.replace(" K", ""): null

2024-01-22 18:43:35 - [TEST_STEP][PASSED] - strBuyerVol3 = strBuyerVol3.toDouble() * 1000: null

2024-01-22 18:43:35 - [TEST_STEP][PASSED] - if (verifyElementNotPresent(findTestObject("Stockbit/Bandarmology_Seller3"), 1, OPTIONAL)): Web element with id: 'Object Repository/Stockbit/Bandarmology_Seller3' located by 'By.xpath: //*[contains(@id, 'rc-tabs-')]/div[2]/div/div/div/div/div/div[2]/table/tbody/tr[4]/td[5]/p' is present after '1' second(s) (Root cause: com.kms.katalon.core.exception.StepFailedException: Web element with id: 'Object Repository/Stockbit/Bandarmology_Seller3' located by 'By.xpath: //*[contains(@id, 'rc-tabs-')]/div[2]/div/div/div/div/div/div[2]/table/tbody/tr[4]/td[5]/p' is present after '1' second(s)
	at com.kms.katalon.core.webui.keyword.internal.WebUIKeywordMain.stepFailed(WebUIKeywordMain.groovy:64)
	at com.kms.katalon.core.webui.keyword.internal.WebUIKeywordMain$stepFailed$0.call(Unknown Source)
	at com.kms.katalon.core.webui.keyword.builtin.VerifyElementNotPresentKeyword$_verifyElementNotPresent_closure1.doCall(VerifyElementNotPresentKeyword.groovy:106)
	at com.kms.katalon.core.webui.keyword.builtin.VerifyElementNotPresentKeyword$_verifyElementNotPresent_closure1.doCall(VerifyElementNotPresentKeyword.groovy)
	at com.kms.katalon.core.webui.keyword.internal.WebUIKeywordMain.runKeyword(WebUIKeywordMain.groovy:20)
	at com.kms.katalon.core.webui.keyword.internal.WebUIKeywordMain$runKeyword.call(Unknown Source)
	at com.kms.katalon.core.webui.keyword.builtin.VerifyElementNotPresentKeyword.verifyElementNotPresent(VerifyElementNotPresentKeyword.groovy:117)
	at com.kms.katalon.core.webui.keyword.builtin.VerifyElementNotPresentKeyword.execute(VerifyElementNotPresentKeyword.groovy:68)
	at com.kms.katalon.core.keyword.internal.KeywordExecutor.executeKeywordForPlatform(KeywordExecutor.groovy:74)
	at com.kms.katalon.core.webui.keyword.WebUiBuiltInKeywords.verifyElementNotPresent(WebUiBuiltInKeywords.groovy:1481)
	at com.kms.katalon.core.webui.keyword.WebUiBuiltInKeywords$verifyElementNotPresent$8.call(Unknown Source)
	at GetBrokSumPriceDaily.run(GetBrokSumPriceDaily:414)
	at com.kms.katalon.core.main.ScriptEngine.run(ScriptEngine.java:194)
	at com.kms.katalon.core.main.ScriptEngine.runScriptAsRawText(ScriptEngine.java:119)
	at com.kms.katalon.core.main.TestCaseExecutor.runScript(TestCaseExecutor.java:445)
	at com.kms.katalon.core.main.TestCaseExecutor.doExecute(TestCaseExecutor.java:436)
	at com.kms.katalon.core.main.TestCaseExecutor.processExecutionPhase(TestCaseExecutor.java:415)
	at com.kms.katalon.core.main.TestCaseExecutor.accessMainPhase(TestCaseExecutor.java:407)
	at com.kms.katalon.core.main.TestCaseExecutor.execute(TestCaseExecutor.java:284)
	at com.kms.katalon.core.common.CommonExecutor.accessTestCaseMainPhase(CommonExecutor.java:65)
	at com.kms.katalon.core.main.TestSuiteExecutor.accessTestSuiteMainPhase(TestSuiteExecutor.java:144)
	at com.kms.katalon.core.main.TestSuiteExecutor.execute(TestSuiteExecutor.java:106)
	at com.kms.katalon.core.main.TestCaseMain.startTestSuite(TestCaseMain.java:185)
	at com.kms.katalon.core.main.TestCaseMain$startTestSuite$0.call(Unknown Source)
	at TempTestSuite1705923140048.run(TempTestSuite1705923140048.groovy:36)
)

2024-01-22 18:43:36 - [MESSAGE][WARNING] - Web element with id: 'Object Repository/Stockbit/Bandarmology_Seller3' located by 'By.xpath: //*[contains(@id, 'rc-tabs-')]/div[2]/div/div/div/div/div/div[2]/table/tbody/tr[4]/td[5]/p' is present after '1' second(s) (Root cause: com.kms.katalon.core.exception.StepFailedException: Web element with id: 'Object Repository/Stockbit/Bandarmology_Seller3' located by 'By.xpath: //*[contains(@id, 'rc-tabs-')]/div[2]/div/div/div/div/div/div[2]/table/tbody/tr[4]/td[5]/p' is present after '1' second(s)
	at com.kms.katalon.core.webui.keyword.internal.WebUIKeywordMain.stepFailed(WebUIKeywordMain.groovy:64)
	at com.kms.katalon.core.webui.keyword.internal.WebUIKeywordMain$stepFailed$0.call(Unknown Source)
	at com.kms.katalon.core.webui.keyword.builtin.VerifyElementNotPresentKeyword$_verifyElementNotPresent_closure1.doCall(VerifyElementNotPresentKeyword.groovy:106)
	at com.kms.katalon.core.webui.keyword.builtin.VerifyElementNotPresentKeyword$_verifyElementNotPresent_closure1.doCall(VerifyElementNotPresentKeyword.groovy)
	at com.kms.katalon.core.webui.keyword.internal.WebUIKeywordMain.runKeyword(WebUIKeywordMain.groovy:20)
	at com.kms.katalon.core.webui.keyword.internal.WebUIKeywordMain$runKeyword.call(Unknown Source)
	at com.kms.katalon.core.webui.keyword.builtin.VerifyElementNotPresentKeyword.verifyElementNotPresent(VerifyElementNotPresentKeyword.groovy:117)
	at com.kms.katalon.core.webui.keyword.builtin.VerifyElementNotPresentKeyword.execute(VerifyElementNotPresentKeyword.groovy:68)
	at com.kms.katalon.core.keyword.internal.KeywordExecutor.executeKeywordForPlatform(KeywordExecutor.groovy:74)
	at com.kms.katalon.core.webui.keyword.WebUiBuiltInKeywords.verifyElementNotPresent(WebUiBuiltInKeywords.groovy:1481)
	at com.kms.katalon.core.webui.keyword.WebUiBuiltInKeywords$verifyElementNotPresent$8.call(Unknown Source)
	at GetBrokSumPriceDaily.run(GetBrokSumPriceDaily:414)
	at com.kms.katalon.core.main.ScriptEngine.run(ScriptEngine.java:194)
	at com.kms.katalon.core.main.ScriptEngine.runScriptAsRawText(ScriptEngine.java:119)
	at com.kms.katalon.core.main.TestCaseExecutor.runScript(TestCaseExecutor.java:445)
	at com.kms.katalon.core.main.TestCaseExecutor.doExecute(TestCaseExecutor.java:436)
	at com.kms.katalon.core.main.TestCaseExecutor.processExecutionPhase(TestCaseExecutor.java:415)
	at com.kms.katalon.core.main.TestCaseExecutor.accessMainPhase(TestCaseExecutor.java:407)
	at com.kms.katalon.core.main.TestCaseExecutor.execute(TestCaseExecutor.java:284)
	at com.kms.katalon.core.common.CommonExecutor.accessTestCaseMainPhase(CommonExecutor.java:65)
	at com.kms.katalon.core.main.TestSuiteExecutor.accessTestSuiteMainPhase(TestSuiteExecutor.java:144)
	at com.kms.katalon.core.main.TestSuiteExecutor.execute(TestSuiteExecutor.java:106)
	at com.kms.katalon.core.main.TestCaseMain.startTestSuite(TestCaseMain.java:185)
	at com.kms.katalon.core.main.TestCaseMain$startTestSuite$0.call(Unknown Source)
	at TempTestSuite1705923140048.run(TempTestSuite1705923140048.groovy:36)
)
[[ATTACHMENT|C:\\Users\\Fadli\\git\\KatalonDailyGetData2\\Reports\\20240122_174123\\TS1\\20240122_183220\\1705923816335.png]]

2024-01-22 18:43:36 - [TEST_STEP][PASSED] - else: null

2024-01-22 18:43:36 - [TEST_STEP][PASSED] - strSeller3 = getText(findTestObject("Stockbit/Bandarmology_Seller3")): Text of object 'Object Repository/Stockbit/Bandarmology_Seller3' is: 'BR'

2024-01-22 18:43:36 - [MESSAGE][PASSED] - Text of object 'Object Repository/Stockbit/Bandarmology_Seller3' is: 'BR'

2024-01-22 18:43:36 - [TEST_STEP][PASSED] - strSellerVol3 = getText(findTestObject("Stockbit/Bandarmology_SellerVol3")): Text of object 'Object Repository/Stockbit/Bandarmology_SellerVol3' is: '7.5 K'

2024-01-22 18:43:36 - [MESSAGE][PASSED] - Text of object 'Object Repository/Stockbit/Bandarmology_SellerVol3' is: '7.5 K'

2024-01-22 18:43:36 - [TEST_STEP][PASSED] - strSellerAvg3 = getText(findTestObject("Stockbit/Bandarmology_SellerAvg3")): Text of object 'Object Repository/Stockbit/Bandarmology_SellerAvg3' is: '56'

2024-01-22 18:43:37 - [MESSAGE][PASSED] - Text of object 'Object Repository/Stockbit/Bandarmology_SellerAvg3' is: '56'

2024-01-22 18:43:37 - [TEST_STEP][PASSED] - if (strSeller3 != ""): null

2024-01-22 18:43:37 - [TEST_STEP][PASSED] - if (strSellerAvg3.contains(",")): null

2024-01-22 18:43:37 - [TEST_STEP][PASSED] - if (strSellerVol3.contains(" B")): null

2024-01-22 18:43:37 - [TEST_STEP][PASSED] - else if (strSellerVol3.contains(" M")): null

2024-01-22 18:43:37 - [TEST_STEP][PASSED] - else if (strSellerVol3.contains(" K")): null

2024-01-22 18:43:37 - [TEST_STEP][PASSED] - strSellerVol3 = strSellerVol3.replace(" K", ""): null

2024-01-22 18:43:37 - [TEST_STEP][PASSED] - strSellerVol3 = strSellerVol3.toDouble() * 1000: null

2024-01-22 18:43:37 - [TEST_STEP][PASSED] - strAccDist = getText(findTestObject("Stockbit/Bandarmology_AccDist")): Text of object 'Object Repository/Stockbit/Bandarmology_AccDist' is: 'Acc'

2024-01-22 18:43:37 - [MESSAGE][PASSED] - Text of object 'Object Repository/Stockbit/Bandarmology_AccDist' is: 'Acc'

2024-01-22 18:43:37 - [TEST_STEP][PASSED] - strNetVol = getText(findTestObject("Stockbit/Bandarmology_NetVol")): Text of object 'Object Repository/Stockbit/Bandarmology_NetVol' is: '78,471'

2024-01-22 18:43:37 - [MESSAGE][PASSED] - Text of object 'Object Repository/Stockbit/Bandarmology_NetVol' is: '78,471'

2024-01-22 18:43:37 - [TEST_STEP][PASSED] - strNetVol = strNetVol.replace(",", ""): null

2024-01-22 18:43:37 - [TEST_STEP][PASSED] - strNetVal = getText(findTestObject("Stockbit/Bandarmology_NetVal")): Text of object 'Object Repository/Stockbit/Bandarmology_NetVal' is: '0.4 B'

2024-01-22 18:43:37 - [MESSAGE][PASSED] - Text of object 'Object Repository/Stockbit/Bandarmology_NetVal' is: '0.4 B'

2024-01-22 18:43:37 - [TEST_STEP][PASSED] - delay(3): Delayed 3 second(s)

2024-01-22 18:43:40 - [MESSAGE][PASSED] - Delayed 3 second(s)

2024-01-22 18:43:40 - [TEST_STEP][PASSED] - strOpenPrice = getText(findTestObject("Stockbit/Home_OpenPrice")): Text of object 'Object Repository/Stockbit/Home_OpenPrice' is: '57'

2024-01-22 18:43:40 - [MESSAGE][PASSED] - Text of object 'Object Repository/Stockbit/Home_OpenPrice' is: '57'

2024-01-22 18:43:40 - [TEST_STEP][PASSED] - strOpenPrice = strOpenPrice.replace(",", ""): null

2024-01-22 18:43:40 - [TEST_STEP][PASSED] - strLowPrice = getText(findTestObject("Stockbit/Home_LowPrice")): Text of object 'Object Repository/Stockbit/Home_LowPrice' is: '55'

2024-01-22 18:43:40 - [MESSAGE][PASSED] - Text of object 'Object Repository/Stockbit/Home_LowPrice' is: '55'

2024-01-22 18:43:41 - [TEST_STEP][PASSED] - strLowPrice = strLowPrice.replace(",", ""): null

2024-01-22 18:43:41 - [TEST_STEP][PASSED] - strHighPrice = getText(findTestObject("Stockbit/Home_HighPrice")): Text of object 'Object Repository/Stockbit/Home_HighPrice' is: '58'

2024-01-22 18:43:41 - [MESSAGE][PASSED] - Text of object 'Object Repository/Stockbit/Home_HighPrice' is: '58'

2024-01-22 18:43:41 - [TEST_STEP][PASSED] - strHighPrice = strHighPrice.replace(",", ""): null

2024-01-22 18:43:41 - [TEST_STEP][PASSED] - strClosePrice = getText(findTestObject("Stockbit/Home_ClosePrice")): Text of object 'Object Repository/Stockbit/Home_ClosePrice' is: '56'

2024-01-22 18:43:41 - [MESSAGE][PASSED] - Text of object 'Object Repository/Stockbit/Home_ClosePrice' is: '56'

2024-01-22 18:43:41 - [TEST_STEP][PASSED] - strClosePrice = strClosePrice.replace(",", ""): null

2024-01-22 18:43:41 - [TEST_STEP][PASSED] - strVol = getText(findTestObject("Stockbit/Home_Volume")): Text of object 'Object Repository/Stockbit/Home_Volume' is: '105 K'

2024-01-22 18:43:41 - [MESSAGE][PASSED] - Text of object 'Object Repository/Stockbit/Home_Volume' is: '105 K'

2024-01-22 18:43:41 - [TEST_STEP][PASSED] - if (strVol.contains(" K")): null

2024-01-22 18:43:41 - [TEST_STEP][PASSED] - strVol = strVol.replace(" K", "000"): null

2024-01-22 18:43:41 - [TEST_STEP][PASSED] - if (strVol.contains(",")): null

2024-01-22 18:43:41 - [TEST_STEP][PASSED] - strChange = getText(findTestObject("Stockbit/Home_Change")): Text of object 'Object Repository/Stockbit/Home_Change' is: '-1.75%'

2024-01-22 18:43:41 - [MESSAGE][PASSED] - Text of object 'Object Repository/Stockbit/Home_Change' is: '-1.75%'

2024-01-22 18:43:41 - [TEST_STEP][PASSED] - strChange = strChange.replace("%", ""): null

2024-01-22 18:43:41 - [TEST_STEP][PASSED] - strFreq = getText(findTestObject("Stockbit/Home_Freq")): Text of object 'Object Repository/Stockbit/Home_Freq' is: '354'

2024-01-22 18:43:41 - [MESSAGE][PASSED] - Text of object 'Object Repository/Stockbit/Home_Freq' is: '354'

2024-01-22 18:43:41 - [TEST_STEP][PASSED] - if (strFreq.contains(",")): null

2024-01-22 18:43:41 - [TEST_STEP][PASSED] - if (strFreq == "NA" || strFreq == ""): null

2024-01-22 18:43:41 - [TEST_STEP][PASSED] - else: null

2024-01-22 18:43:41 - [TEST_STEP][PASSED] - dblFreqAnal = strVol.toDouble() / strFreq.toDouble() * strFreq.toDouble() * strFreq.toDouble() * 100000000: null

2024-01-22 18:43:41 - [TEST_STEP][PASSED] - strFreqAnal = String.format("%.4f", dblFreqAnal): null

2024-01-22 18:43:41 - [TEST_STEP][PASSED] - out.println("Double strFreqAnal: " + strFreqAnal): null

2024-01-22 18:43:41 - [TEST_STEP][PASSED] - strTanggal = d.format(DateTimeFormatter.ofPattern("yyyy-MM-dd")): null

2024-01-22 18:43:41 - [TEST_STEP][PASSED] - strTanggal = "#" + strTanggal + "#": null

2024-01-22 18:43:41 - [TEST_STEP][PASSED] - strSQL = "select count(*) as JumBaris from TblBrokSum where Nama = '" + strNama + "' and Tanggal = " + strTanggal + "": null

2024-01-22 18:43:41 - [TEST_STEP][PASSED] - resultSet = statement.executeQuery(strSQL): null

2024-01-22 18:43:41 - [TEST_STEP][PASSED] - resultSet.next(): null

2024-01-22 18:43:41 - [TEST_STEP][PASSED] - intJumBaris = resultSet.getInt("JumBaris"): null

2024-01-22 18:43:41 - [TEST_STEP][PASSED] - if (intJumBaris > 0): null

2024-01-22 18:43:41 - [TEST_STEP][PASSED] - else: null

2024-01-22 18:43:41 - [TEST_STEP][PASSED] - try: null

2024-01-22 18:43:41 - [TEST_STEP][PASSED] - out.println("Insert data"): null

2024-01-22 18:43:41 - [TEST_STEP][PASSED] - strSQL = "insert into TblBrokSum (nama, tanggal, top1, top2, top3, AllBrokAvg, AccDist, AvgRP, " + "Buyer1, BuyerVal1, BuyerAvg1, Seller1, SellerVal1, SellerAvg1, Buyer2, BuyerVal2, BuyerAvg2, " + "Seller2, SellerVal2, SellerAvg2, Buyer3, BuyerVal3, BuyerAvg3, Seller3, SellerVal3, SellerAvg3, NetVol, NetVal, " + "OpenPrice, LowPrice, HighPrice, ClosePrice, Volume, Change, Frekuensi, FrekAnal) " + "values ('" + strNama + "', " + strTanggal + ", '" + strTop1 + "', '" + strTop3 + "', '" + strTop5 + "', " + "'" + strAllBrokAvg + "', '" + strAccDist + "', " + intAvgRP + ", '" + strBuyer1 + "', '" + strBuyerVol1 + "', " + strBuyerAvg1 + ", " + "'" + strSeller1 + "', '" + strSellerVol1 + "', " + strSellerAvg1 + ", '" + strBuyer2 + "', '" + strBuyerVol2 + "', " + strBuyerAvg2 + ", " + "'" + strSeller2 + "', '" + strSellerVol2 + "', " + strSellerAvg2 + ", '" + strBuyer3 + "', '" + strBuyerVol3 + "', " + strBuyerAvg3 + ", " + "'" + strSeller3 + "', '" + strSellerVol3 + "', " + strSellerAvg3 + ", " + strNetVol + ", '" + strNetVal + "', " + "" + strOpenPrice + ", " + strLowPrice + ", " + strHighPrice + ", " + strClosePrice + ", '" + strVol + "', " + strChange + ", " + strFreq + ", " + strFreqAnal + ");": null

2024-01-22 18:43:41 - [TEST_STEP][PASSED] - out.println("strSQL = " + strSQL): null

2024-01-22 18:43:41 - [TEST_STEP][PASSED] - statement.executeUpdate(strSQL): null

2024-01-22 18:43:41 - [TEST_STEP][PASSED] - setValueToCellByIndex(sheet01, rowIndex, 4, "DONE"): null

2024-01-22 18:43:41 - [TEST_STEP][PASSED] - saveWorkbook(excelFilePath, workbook01): null

2024-01-22 18:43:41 - [TEST_STEP][PASSED] - waitForElementClickable(findTestObject("Stockbit/menu_Bandarmology"), 10): Object 'Object Repository/Stockbit/menu_Bandarmology' is clickable

2024-01-22 18:43:41 - [MESSAGE][PASSED] - Object 'Object Repository/Stockbit/menu_Bandarmology' is clickable

2024-01-22 18:43:41 - [TEST_STEP][PASSED] - click(findTestObject("Stockbit/menu_Bandarmology")): Object: 'Object Repository/Stockbit/menu_Bandarmology' is clicked on

2024-01-22 18:43:42 - [MESSAGE][PASSED] - Object: 'Object Repository/Stockbit/menu_Bandarmology' is clicked on

2024-01-22 18:43:42 - [TEST_STEP][PASSED] - strTemp = "NA": null

2024-01-22 18:43:42 - [TEST_STEP][PASSED] - if (getCellValueByIndex(sheet01, rowIndex, 4) != "DONE"): Object: 'Object Repository/Stockbit/menu_Bandarmology' is clicked on

2024-01-22 18:43:42 - [TEST_STEP][PASSED] - strNama = getCellValueByIndex(sheet01, rowIndex, 0): null

2024-01-22 18:43:42 - [TEST_STEP][PASSED] - navigateToUrl("https://stockbit.com/#/symbol/" + strNama): Navigate to 'https://stockbit.com/#/symbol/ISAP' successfully

2024-01-22 18:43:43 - [MESSAGE][PASSED] - Navigate to 'https://stockbit.com/#/symbol/ISAP' successfully

2024-01-22 18:43:43 - [TEST_STEP][PASSED] - waitForElementClickable(findTestObject("Stockbit/menu_Bandarmology"), 10): Object 'Object Repository/Stockbit/menu_Bandarmology' is clickable

2024-01-22 18:43:44 - [MESSAGE][PASSED] - Object 'Object Repository/Stockbit/menu_Bandarmology' is clickable

2024-01-22 18:43:44 - [TEST_STEP][PASSED] - click(findTestObject("Stockbit/menu_Bandarmology")): Object: 'Object Repository/Stockbit/menu_Bandarmology' is clicked on

2024-01-22 18:43:44 - [MESSAGE][PASSED] - Object: 'Object Repository/Stockbit/menu_Bandarmology' is clicked on

2024-01-22 18:43:44 - [TEST_STEP][PASSED] - strTanggal = d.format(DateTimeFormatter.ofPattern("MMM dd, yyyy")): null

2024-01-22 18:43:44 - [TEST_STEP][PASSED] - strTanggal = d.format(ISO_DATE): null

2024-01-22 18:43:44 - [TEST_STEP][PASSED] - out.println("strTanggal = " + strTanggal): null

2024-01-22 18:43:44 - [TEST_STEP][PASSED] - out.println("strNama = " + strNama): null

2024-01-22 18:43:44 - [TEST_STEP][PASSED] - out.println("Baris ke = " + rowIndex): null

2024-01-22 18:43:44 - [TEST_STEP][PASSED] - click(findTestObject("Stockbit/input__BandarmologyOpenStartDate")): Object: 'Object Repository/Stockbit/input__BandarmologyOpenStartDate' is clicked on

2024-01-22 18:43:46 - [MESSAGE][PASSED] - Object: 'Object Repository/Stockbit/input__BandarmologyOpenStartDate' is clicked on

2024-01-22 18:43:46 - [TEST_STEP][PASSED] - sendKeys(findTestObject("Stockbit/input__BandarmologyOpenStartDate"), Keys.chord(CONTROL, "a")): Keys 'CONTROL + a' sent to object: 'Object Repository/Stockbit/input__BandarmologyOpenStartDate'

2024-01-22 18:43:46 - [MESSAGE][PASSED] - Keys 'CONTROL + a' sent to object: 'Object Repository/Stockbit/input__BandarmologyOpenStartDate'

2024-01-22 18:43:46 - [TEST_STEP][PASSED] - sendKeys(findTestObject("Stockbit/input__BandarmologyOpenStartDate"), Keys.chord(BACK_SPACE)): Keys 'BACK_SPACE + ' sent to object: 'Object Repository/Stockbit/input__BandarmologyOpenStartDate'

2024-01-22 18:43:46 - [MESSAGE][PASSED] - Keys 'BACK_SPACE + ' sent to object: 'Object Repository/Stockbit/input__BandarmologyOpenStartDate'

2024-01-22 18:43:46 - [TEST_STEP][PASSED] - setText(findTestObject("Stockbit/input__BandarmologyOpenStartDate"), strTanggal): Text '2024-01-22' is set on object 'Object Repository/Stockbit/input__BandarmologyOpenStartDate'

2024-01-22 18:43:47 - [MESSAGE][PASSED] - Text '2024-01-22' is set on object 'Object Repository/Stockbit/input__BandarmologyOpenStartDate'

2024-01-22 18:43:47 - [TEST_STEP][PASSED] - sendKeys(findTestObject("Stockbit/input__BandarmologyOpenStartDate"), Keys.chord(ENTER)): Keys 'ENTER + ' sent to object: 'Object Repository/Stockbit/input__BandarmologyOpenStartDate'

2024-01-22 18:43:48 - [MESSAGE][PASSED] - Keys 'ENTER + ' sent to object: 'Object Repository/Stockbit/input__BandarmologyOpenStartDate'

2024-01-22 18:43:48 - [TEST_STEP][PASSED] - click(findTestObject("Stockbit/input__BandarmologyOpenEndDate")): Object: 'Object Repository/Stockbit/input__BandarmologyOpenEndDate' is clicked on

2024-01-22 18:43:48 - [MESSAGE][PASSED] - Object: 'Object Repository/Stockbit/input__BandarmologyOpenEndDate' is clicked on

2024-01-22 18:43:48 - [TEST_STEP][PASSED] - sendKeys(findTestObject("Stockbit/input__BandarmologyOpenEndDate"), Keys.chord(CONTROL, "a")): Keys 'CONTROL + a' sent to object: 'Object Repository/Stockbit/input__BandarmologyOpenEndDate'

2024-01-22 18:43:48 - [MESSAGE][PASSED] - Keys 'CONTROL + a' sent to object: 'Object Repository/Stockbit/input__BandarmologyOpenEndDate'

2024-01-22 18:43:48 - [TEST_STEP][PASSED] - sendKeys(findTestObject("Stockbit/input__BandarmologyOpenEndDate"), Keys.chord(BACK_SPACE)): Keys 'BACK_SPACE + ' sent to object: 'Object Repository/Stockbit/input__BandarmologyOpenEndDate'

2024-01-22 18:43:49 - [MESSAGE][PASSED] - Keys 'BACK_SPACE + ' sent to object: 'Object Repository/Stockbit/input__BandarmologyOpenEndDate'

2024-01-22 18:43:49 - [TEST_STEP][PASSED] - setText(findTestObject("Stockbit/input__BandarmologyOpenEndDate"), strTanggal): Text '2024-01-22' is set on object 'Object Repository/Stockbit/input__BandarmologyOpenEndDate'

2024-01-22 18:43:49 - [MESSAGE][PASSED] - Text '2024-01-22' is set on object 'Object Repository/Stockbit/input__BandarmologyOpenEndDate'

2024-01-22 18:43:49 - [TEST_STEP][PASSED] - sendKeys(findTestObject("Stockbit/input__BandarmologyOpenEndDate"), Keys.chord(ENTER)): Keys 'ENTER + ' sent to object: 'Object Repository/Stockbit/input__BandarmologyOpenEndDate'

2024-01-22 18:43:50 - [MESSAGE][PASSED] - Keys 'ENTER + ' sent to object: 'Object Repository/Stockbit/input__BandarmologyOpenEndDate'

2024-01-22 18:43:50 - [TEST_STEP][PASSED] - delay(2): Delayed 2 second(s)

2024-01-22 18:43:52 - [MESSAGE][PASSED] - Delayed 2 second(s)

2024-01-22 18:43:52 - [TEST_STEP][PASSED] - strTemp = getText(findTestObject("Stockbit/Bandarmology_AvgRP")): Text of object 'Object Repository/Stockbit/Bandarmology_AvgRP' is: '10'

2024-01-22 18:43:52 - [MESSAGE][PASSED] - Text of object 'Object Repository/Stockbit/Bandarmology_AvgRP' is: '10'

2024-01-22 18:43:52 - [TEST_STEP][PASSED] - out.println("Bandarmology_AvgRP = " + strTemp): null

2024-01-22 18:43:52 - [TEST_STEP][PASSED] - if (strTemp != "0"): null

2024-01-22 18:43:52 - [TEST_STEP][PASSED] - strTop1 = getText(findTestObject("Stockbit/Bandarmology_Top1")): Text of object 'Object Repository/Stockbit/Bandarmology_Top1' is: 'Big Acc'

2024-01-22 18:43:52 - [MESSAGE][PASSED] - Text of object 'Object Repository/Stockbit/Bandarmology_Top1' is: 'Big Acc'

2024-01-22 18:43:52 - [TEST_STEP][PASSED] - strTop3 = getText(findTestObject("Stockbit/Bandarmology_Top3")): Text of object 'Object Repository/Stockbit/Bandarmology_Top3' is: 'Neutral'

2024-01-22 18:43:52 - [MESSAGE][PASSED] - Text of object 'Object Repository/Stockbit/Bandarmology_Top3' is: 'Neutral'

2024-01-22 18:43:52 - [TEST_STEP][PASSED] - strTop5 = getText(findTestObject("Stockbit/Bandarmology_Top5")): Text of object 'Object Repository/Stockbit/Bandarmology_Top5' is: 'Neutral'

2024-01-22 18:43:52 - [MESSAGE][PASSED] - Text of object 'Object Repository/Stockbit/Bandarmology_Top5' is: 'Neutral'

2024-01-22 18:43:52 - [TEST_STEP][PASSED] - strAllBrokAvg = getText(findTestObject("Stockbit/Bandarmology_TopAVG")): Text of object 'Object Repository/Stockbit/Bandarmology_TopAVG' is: 'Neutral'

2024-01-22 18:43:52 - [MESSAGE][PASSED] - Text of object 'Object Repository/Stockbit/Bandarmology_TopAVG' is: 'Neutral'

2024-01-22 18:43:52 - [TEST_STEP][PASSED] - strTemp = getText(findTestObject("Stockbit/Bandarmology_AvgRP")): Text of object 'Object Repository/Stockbit/Bandarmology_AvgRP' is: '10'

2024-01-22 18:43:53 - [MESSAGE][PASSED] - Text of object 'Object Repository/Stockbit/Bandarmology_AvgRP' is: '10'

2024-01-22 18:43:53 - [TEST_STEP][PASSED] - if (strTemp.contains(",")): null

2024-01-22 18:43:53 - [TEST_STEP][PASSED] - intAvgRP = strTemp.toInteger(): null

2024-01-22 18:43:53 - [TEST_STEP][PASSED] - strBuyer1 = getText(findTestObject("Stockbit/Bandarmology_Buyer1")): Text of object 'Object Repository/Stockbit/Bandarmology_Buyer1' is: 'YP'

2024-01-22 18:43:53 - [MESSAGE][PASSED] - Text of object 'Object Repository/Stockbit/Bandarmology_Buyer1' is: 'YP'

2024-01-22 18:43:53 - [TEST_STEP][PASSED] - strBuyerVol1 = getText(findTestObject("Stockbit/Bandarmology_BuyerVol1")): Text of object 'Object Repository/Stockbit/Bandarmology_BuyerVol1' is: '86.4 K'

2024-01-22 18:43:53 - [MESSAGE][PASSED] - Text of object 'Object Repository/Stockbit/Bandarmology_BuyerVol1' is: '86.4 K'

2024-01-22 18:43:53 - [TEST_STEP][PASSED] - strBuyerAvg1 = getText(findTestObject("Stockbit/Bandarmology_BuyerAvg1")): Text of object 'Object Repository/Stockbit/Bandarmology_BuyerAvg1' is: '10'

2024-01-22 18:43:53 - [MESSAGE][PASSED] - Text of object 'Object Repository/Stockbit/Bandarmology_BuyerAvg1' is: '10'

2024-01-22 18:43:53 - [TEST_STEP][PASSED] - if (strBuyerAvg1.contains(",")): null

2024-01-22 18:43:53 - [TEST_STEP][PASSED] - if (strBuyerVol1.contains(" B")): null

2024-01-22 18:43:53 - [TEST_STEP][PASSED] - else if (strBuyerVol1.contains(" M")): null

2024-01-22 18:43:53 - [TEST_STEP][PASSED] - else if (strBuyerVol1.contains(" K")): null

2024-01-22 18:43:53 - [TEST_STEP][PASSED] - strBuyerVol1 = strBuyerVol1.replace(" K", ""): null

2024-01-22 18:43:53 - [TEST_STEP][PASSED] - strBuyerVol1 = strBuyerVol1.toDouble() * 1000: null

2024-01-22 18:43:53 - [TEST_STEP][PASSED] - strSeller1 = getText(findTestObject("Stockbit/Bandarmology_Seller1")): Text of object 'Object Repository/Stockbit/Bandarmology_Seller1' is: 'CC'

2024-01-22 18:43:53 - [MESSAGE][PASSED] - Text of object 'Object Repository/Stockbit/Bandarmology_Seller1' is: 'CC'

2024-01-22 18:43:53 - [TEST_STEP][PASSED] - strSellerVol1 = getText(findTestObject("Stockbit/Bandarmology_SellerVol1")): Text of object 'Object Repository/Stockbit/Bandarmology_SellerVol1' is: '59.1 K'

2024-01-22 18:43:53 - [MESSAGE][PASSED] - Text of object 'Object Repository/Stockbit/Bandarmology_SellerVol1' is: '59.1 K'

2024-01-22 18:43:53 - [TEST_STEP][PASSED] - strSellerAvg1 = getText(findTestObject("Stockbit/Bandarmology_SellerAvg1")): Text of object 'Object Repository/Stockbit/Bandarmology_SellerAvg1' is: '10'

2024-01-22 18:43:53 - [MESSAGE][PASSED] - Text of object 'Object Repository/Stockbit/Bandarmology_SellerAvg1' is: '10'

2024-01-22 18:43:53 - [TEST_STEP][PASSED] - if (strSellerAvg1.contains(",")): null

2024-01-22 18:43:53 - [TEST_STEP][PASSED] - if (strSellerVol1.contains(" B")): null

2024-01-22 18:43:53 - [TEST_STEP][PASSED] - else if (strSellerVol1.contains(" M")): null

2024-01-22 18:43:53 - [TEST_STEP][PASSED] - else if (strSellerVol1.contains(" K")): null

2024-01-22 18:43:53 - [TEST_STEP][PASSED] - strSellerVol1 = strSellerVol1.replace(" K", ""): null

2024-01-22 18:43:53 - [TEST_STEP][PASSED] - strSellerVol1 = strSellerVol1.toDouble() * 1000: null

2024-01-22 18:43:53 - [TEST_STEP][PASSED] - if (verifyElementNotPresent(findTestObject("Stockbit/Bandarmology_Buyer2"), 1, OPTIONAL)): Web element with id: 'Object Repository/Stockbit/Bandarmology_Buyer2' located by 'By.xpath: //*[contains(@id, 'rc-tabs-')]/div[2]/div/div/div/div/div/div[2]/table/tbody/tr[3]/td[1]/p' is present after '1' second(s) (Root cause: com.kms.katalon.core.exception.StepFailedException: Web element with id: 'Object Repository/Stockbit/Bandarmology_Buyer2' located by 'By.xpath: //*[contains(@id, 'rc-tabs-')]/div[2]/div/div/div/div/div/div[2]/table/tbody/tr[3]/td[1]/p' is present after '1' second(s)
	at com.kms.katalon.core.webui.keyword.internal.WebUIKeywordMain.stepFailed(WebUIKeywordMain.groovy:64)
	at com.kms.katalon.core.webui.keyword.internal.WebUIKeywordMain$stepFailed$0.call(Unknown Source)
	at com.kms.katalon.core.webui.keyword.builtin.VerifyElementNotPresentKeyword$_verifyElementNotPresent_closure1.doCall(VerifyElementNotPresentKeyword.groovy:106)
	at com.kms.katalon.core.webui.keyword.builtin.VerifyElementNotPresentKeyword$_verifyElementNotPresent_closure1.doCall(VerifyElementNotPresentKeyword.groovy)
	at com.kms.katalon.core.webui.keyword.internal.WebUIKeywordMain.runKeyword(WebUIKeywordMain.groovy:20)
	at com.kms.katalon.core.webui.keyword.internal.WebUIKeywordMain$runKeyword.call(Unknown Source)
	at com.kms.katalon.core.webui.keyword.builtin.VerifyElementNotPresentKeyword.verifyElementNotPresent(VerifyElementNotPresentKeyword.groovy:117)
	at com.kms.katalon.core.webui.keyword.builtin.VerifyElementNotPresentKeyword.execute(VerifyElementNotPresentKeyword.groovy:68)
	at com.kms.katalon.core.keyword.internal.KeywordExecutor.executeKeywordForPlatform(KeywordExecutor.groovy:74)
	at com.kms.katalon.core.webui.keyword.WebUiBuiltInKeywords.verifyElementNotPresent(WebUiBuiltInKeywords.groovy:1481)
	at com.kms.katalon.core.webui.keyword.WebUiBuiltInKeywords$verifyElementNotPresent$8.call(Unknown Source)
	at GetBrokSumPriceDaily.run(GetBrokSumPriceDaily:258)
	at com.kms.katalon.core.main.ScriptEngine.run(ScriptEngine.java:194)
	at com.kms.katalon.core.main.ScriptEngine.runScriptAsRawText(ScriptEngine.java:119)
	at com.kms.katalon.core.main.TestCaseExecutor.runScript(TestCaseExecutor.java:445)
	at com.kms.katalon.core.main.TestCaseExecutor.doExecute(TestCaseExecutor.java:436)
	at com.kms.katalon.core.main.TestCaseExecutor.processExecutionPhase(TestCaseExecutor.java:415)
	at com.kms.katalon.core.main.TestCaseExecutor.accessMainPhase(TestCaseExecutor.java:407)
	at com.kms.katalon.core.main.TestCaseExecutor.execute(TestCaseExecutor.java:284)
	at com.kms.katalon.core.common.CommonExecutor.accessTestCaseMainPhase(CommonExecutor.java:65)
	at com.kms.katalon.core.main.TestSuiteExecutor.accessTestSuiteMainPhase(TestSuiteExecutor.java:144)
	at com.kms.katalon.core.main.TestSuiteExecutor.execute(TestSuiteExecutor.java:106)
	at com.kms.katalon.core.main.TestCaseMain.startTestSuite(TestCaseMain.java:185)
	at com.kms.katalon.core.main.TestCaseMain$startTestSuite$0.call(Unknown Source)
	at TempTestSuite1705923140048.run(TempTestSuite1705923140048.groovy:36)
)

2024-01-22 18:43:55 - [MESSAGE][WARNING] - Web element with id: 'Object Repository/Stockbit/Bandarmology_Buyer2' located by 'By.xpath: //*[contains(@id, 'rc-tabs-')]/div[2]/div/div/div/div/div/div[2]/table/tbody/tr[3]/td[1]/p' is present after '1' second(s) (Root cause: com.kms.katalon.core.exception.StepFailedException: Web element with id: 'Object Repository/Stockbit/Bandarmology_Buyer2' located by 'By.xpath: //*[contains(@id, 'rc-tabs-')]/div[2]/div/div/div/div/div/div[2]/table/tbody/tr[3]/td[1]/p' is present after '1' second(s)
	at com.kms.katalon.core.webui.keyword.internal.WebUIKeywordMain.stepFailed(WebUIKeywordMain.groovy:64)
	at com.kms.katalon.core.webui.keyword.internal.WebUIKeywordMain$stepFailed$0.call(Unknown Source)
	at com.kms.katalon.core.webui.keyword.builtin.VerifyElementNotPresentKeyword$_verifyElementNotPresent_closure1.doCall(VerifyElementNotPresentKeyword.groovy:106)
	at com.kms.katalon.core.webui.keyword.builtin.VerifyElementNotPresentKeyword$_verifyElementNotPresent_closure1.doCall(VerifyElementNotPresentKeyword.groovy)
	at com.kms.katalon.core.webui.keyword.internal.WebUIKeywordMain.runKeyword(WebUIKeywordMain.groovy:20)
	at com.kms.katalon.core.webui.keyword.internal.WebUIKeywordMain$runKeyword.call(Unknown Source)
	at com.kms.katalon.core.webui.keyword.builtin.VerifyElementNotPresentKeyword.verifyElementNotPresent(VerifyElementNotPresentKeyword.groovy:117)
	at com.kms.katalon.core.webui.keyword.builtin.VerifyElementNotPresentKeyword.execute(VerifyElementNotPresentKeyword.groovy:68)
	at com.kms.katalon.core.keyword.internal.KeywordExecutor.executeKeywordForPlatform(KeywordExecutor.groovy:74)
	at com.kms.katalon.core.webui.keyword.WebUiBuiltInKeywords.verifyElementNotPresent(WebUiBuiltInKeywords.groovy:1481)
	at com.kms.katalon.core.webui.keyword.WebUiBuiltInKeywords$verifyElementNotPresent$8.call(Unknown Source)
	at GetBrokSumPriceDaily.run(GetBrokSumPriceDaily:258)
	at com.kms.katalon.core.main.ScriptEngine.run(ScriptEngine.java:194)
	at com.kms.katalon.core.main.ScriptEngine.runScriptAsRawText(ScriptEngine.java:119)
	at com.kms.katalon.core.main.TestCaseExecutor.runScript(TestCaseExecutor.java:445)
	at com.kms.katalon.core.main.TestCaseExecutor.doExecute(TestCaseExecutor.java:436)
	at com.kms.katalon.core.main.TestCaseExecutor.processExecutionPhase(TestCaseExecutor.java:415)
	at com.kms.katalon.core.main.TestCaseExecutor.accessMainPhase(TestCaseExecutor.java:407)
	at com.kms.katalon.core.main.TestCaseExecutor.execute(TestCaseExecutor.java:284)
	at com.kms.katalon.core.common.CommonExecutor.accessTestCaseMainPhase(CommonExecutor.java:65)
	at com.kms.katalon.core.main.TestSuiteExecutor.accessTestSuiteMainPhase(TestSuiteExecutor.java:144)
	at com.kms.katalon.core.main.TestSuiteExecutor.execute(TestSuiteExecutor.java:106)
	at com.kms.katalon.core.main.TestCaseMain.startTestSuite(TestCaseMain.java:185)
	at com.kms.katalon.core.main.TestCaseMain$startTestSuite$0.call(Unknown Source)
	at TempTestSuite1705923140048.run(TempTestSuite1705923140048.groovy:36)
)
[[ATTACHMENT|C:\\Users\\Fadli\\git\\KatalonDailyGetData2\\Reports\\20240122_174123\\TS1\\20240122_183220\\1705923834986.png]]

2024-01-22 18:43:55 - [TEST_STEP][PASSED] - else: null

2024-01-22 18:43:55 - [TEST_STEP][PASSED] - strBuyer2 = getText(findTestObject("Stockbit/Bandarmology_Buyer2")): Text of object 'Object Repository/Stockbit/Bandarmology_Buyer2' is: 'NI'

2024-01-22 18:43:55 - [MESSAGE][PASSED] - Text of object 'Object Repository/Stockbit/Bandarmology_Buyer2' is: 'NI'

2024-01-22 18:43:55 - [TEST_STEP][PASSED] - strBuyerVol2 = getText(findTestObject("Stockbit/Bandarmology_BuyerVol2")): Text of object 'Object Repository/Stockbit/Bandarmology_BuyerVol2' is: '8 K'

2024-01-22 18:43:55 - [MESSAGE][PASSED] - Text of object 'Object Repository/Stockbit/Bandarmology_BuyerVol2' is: '8 K'

2024-01-22 18:43:55 - [TEST_STEP][PASSED] - strBuyerAvg2 = getText(findTestObject("Stockbit/Bandarmology_BuyerAvg2")): Text of object 'Object Repository/Stockbit/Bandarmology_BuyerAvg2' is: '10'

2024-01-22 18:43:55 - [MESSAGE][PASSED] - Text of object 'Object Repository/Stockbit/Bandarmology_BuyerAvg2' is: '10'

2024-01-22 18:43:55 - [TEST_STEP][PASSED] - if (strBuyer2 != ""): null

2024-01-22 18:43:55 - [TEST_STEP][PASSED] - if (strBuyerAvg2.contains(",")): null

2024-01-22 18:43:55 - [TEST_STEP][PASSED] - if (strBuyerVol2.contains(" B")): null

2024-01-22 18:43:55 - [TEST_STEP][PASSED] - else if (strBuyerVol2.contains(" M")): null

2024-01-22 18:43:55 - [TEST_STEP][PASSED] - else if (strBuyerVol2.contains(" K")): null

2024-01-22 18:43:55 - [TEST_STEP][PASSED] - strBuyerVol2 = strBuyerVol2.replace(" K", ""): null

2024-01-22 18:43:55 - [TEST_STEP][PASSED] - strBuyerVol2 = strBuyerVol2.toDouble() * 1000: null

2024-01-22 18:43:55 - [TEST_STEP][PASSED] - if (strBuyerVol2.contains(".")): null

2024-01-22 18:43:55 - [TEST_STEP][PASSED] - strBuyerVal2 = strBuyerVol2.replace(".", ""): null

2024-01-22 18:43:55 - [TEST_STEP][PASSED] - if (verifyElementNotPresent(findTestObject("Stockbit/Bandarmology_Seller2"), 1, OPTIONAL)): Web element with id: 'Object Repository/Stockbit/Bandarmology_Seller2' located by 'By.xpath: //*[contains(@id, 'rc-tabs-')]/div[2]/div/div/div/div/div/div[2]/table/tbody/tr[3]/td[5]/p' is present after '1' second(s) (Root cause: com.kms.katalon.core.exception.StepFailedException: Web element with id: 'Object Repository/Stockbit/Bandarmology_Seller2' located by 'By.xpath: //*[contains(@id, 'rc-tabs-')]/div[2]/div/div/div/div/div/div[2]/table/tbody/tr[3]/td[5]/p' is present after '1' second(s)
	at com.kms.katalon.core.webui.keyword.internal.WebUIKeywordMain.stepFailed(WebUIKeywordMain.groovy:64)
	at com.kms.katalon.core.webui.keyword.internal.WebUIKeywordMain$stepFailed$0.call(Unknown Source)
	at com.kms.katalon.core.webui.keyword.builtin.VerifyElementNotPresentKeyword$_verifyElementNotPresent_closure1.doCall(VerifyElementNotPresentKeyword.groovy:106)
	at com.kms.katalon.core.webui.keyword.builtin.VerifyElementNotPresentKeyword$_verifyElementNotPresent_closure1.doCall(VerifyElementNotPresentKeyword.groovy)
	at com.kms.katalon.core.webui.keyword.internal.WebUIKeywordMain.runKeyword(WebUIKeywordMain.groovy:20)
	at com.kms.katalon.core.webui.keyword.internal.WebUIKeywordMain$runKeyword.call(Unknown Source)
	at com.kms.katalon.core.webui.keyword.builtin.VerifyElementNotPresentKeyword.verifyElementNotPresent(VerifyElementNotPresentKeyword.groovy:117)
	at com.kms.katalon.core.webui.keyword.builtin.VerifyElementNotPresentKeyword.execute(VerifyElementNotPresentKeyword.groovy:68)
	at com.kms.katalon.core.keyword.internal.KeywordExecutor.executeKeywordForPlatform(KeywordExecutor.groovy:74)
	at com.kms.katalon.core.webui.keyword.WebUiBuiltInKeywords.verifyElementNotPresent(WebUiBuiltInKeywords.groovy:1481)
	at com.kms.katalon.core.webui.keyword.WebUiBuiltInKeywords$verifyElementNotPresent$8.call(Unknown Source)
	at GetBrokSumPriceDaily.run(GetBrokSumPriceDaily:309)
	at com.kms.katalon.core.main.ScriptEngine.run(ScriptEngine.java:194)
	at com.kms.katalon.core.main.ScriptEngine.runScriptAsRawText(ScriptEngine.java:119)
	at com.kms.katalon.core.main.TestCaseExecutor.runScript(TestCaseExecutor.java:445)
	at com.kms.katalon.core.main.TestCaseExecutor.doExecute(TestCaseExecutor.java:436)
	at com.kms.katalon.core.main.TestCaseExecutor.processExecutionPhase(TestCaseExecutor.java:415)
	at com.kms.katalon.core.main.TestCaseExecutor.accessMainPhase(TestCaseExecutor.java:407)
	at com.kms.katalon.core.main.TestCaseExecutor.execute(TestCaseExecutor.java:284)
	at com.kms.katalon.core.common.CommonExecutor.accessTestCaseMainPhase(CommonExecutor.java:65)
	at com.kms.katalon.core.main.TestSuiteExecutor.accessTestSuiteMainPhase(TestSuiteExecutor.java:144)
	at com.kms.katalon.core.main.TestSuiteExecutor.execute(TestSuiteExecutor.java:106)
	at com.kms.katalon.core.main.TestCaseMain.startTestSuite(TestCaseMain.java:185)
	at com.kms.katalon.core.main.TestCaseMain$startTestSuite$0.call(Unknown Source)
	at TempTestSuite1705923140048.run(TempTestSuite1705923140048.groovy:36)
)

2024-01-22 18:43:56 - [MESSAGE][WARNING] - Web element with id: 'Object Repository/Stockbit/Bandarmology_Seller2' located by 'By.xpath: //*[contains(@id, 'rc-tabs-')]/div[2]/div/div/div/div/div/div[2]/table/tbody/tr[3]/td[5]/p' is present after '1' second(s) (Root cause: com.kms.katalon.core.exception.StepFailedException: Web element with id: 'Object Repository/Stockbit/Bandarmology_Seller2' located by 'By.xpath: //*[contains(@id, 'rc-tabs-')]/div[2]/div/div/div/div/div/div[2]/table/tbody/tr[3]/td[5]/p' is present after '1' second(s)
	at com.kms.katalon.core.webui.keyword.internal.WebUIKeywordMain.stepFailed(WebUIKeywordMain.groovy:64)
	at com.kms.katalon.core.webui.keyword.internal.WebUIKeywordMain$stepFailed$0.call(Unknown Source)
	at com.kms.katalon.core.webui.keyword.builtin.VerifyElementNotPresentKeyword$_verifyElementNotPresent_closure1.doCall(VerifyElementNotPresentKeyword.groovy:106)
	at com.kms.katalon.core.webui.keyword.builtin.VerifyElementNotPresentKeyword$_verifyElementNotPresent_closure1.doCall(VerifyElementNotPresentKeyword.groovy)
	at com.kms.katalon.core.webui.keyword.internal.WebUIKeywordMain.runKeyword(WebUIKeywordMain.groovy:20)
	at com.kms.katalon.core.webui.keyword.internal.WebUIKeywordMain$runKeyword.call(Unknown Source)
	at com.kms.katalon.core.webui.keyword.builtin.VerifyElementNotPresentKeyword.verifyElementNotPresent(VerifyElementNotPresentKeyword.groovy:117)
	at com.kms.katalon.core.webui.keyword.builtin.VerifyElementNotPresentKeyword.execute(VerifyElementNotPresentKeyword.groovy:68)
	at com.kms.katalon.core.keyword.internal.KeywordExecutor.executeKeywordForPlatform(KeywordExecutor.groovy:74)
	at com.kms.katalon.core.webui.keyword.WebUiBuiltInKeywords.verifyElementNotPresent(WebUiBuiltInKeywords.groovy:1481)
	at com.kms.katalon.core.webui.keyword.WebUiBuiltInKeywords$verifyElementNotPresent$8.call(Unknown Source)
	at GetBrokSumPriceDaily.run(GetBrokSumPriceDaily:309)
	at com.kms.katalon.core.main.ScriptEngine.run(ScriptEngine.java:194)
	at com.kms.katalon.core.main.ScriptEngine.runScriptAsRawText(ScriptEngine.java:119)
	at com.kms.katalon.core.main.TestCaseExecutor.runScript(TestCaseExecutor.java:445)
	at com.kms.katalon.core.main.TestCaseExecutor.doExecute(TestCaseExecutor.java:436)
	at com.kms.katalon.core.main.TestCaseExecutor.processExecutionPhase(TestCaseExecutor.java:415)
	at com.kms.katalon.core.main.TestCaseExecutor.accessMainPhase(TestCaseExecutor.java:407)
	at com.kms.katalon.core.main.TestCaseExecutor.execute(TestCaseExecutor.java:284)
	at com.kms.katalon.core.common.CommonExecutor.accessTestCaseMainPhase(CommonExecutor.java:65)
	at com.kms.katalon.core.main.TestSuiteExecutor.accessTestSuiteMainPhase(TestSuiteExecutor.java:144)
	at com.kms.katalon.core.main.TestSuiteExecutor.execute(TestSuiteExecutor.java:106)
	at com.kms.katalon.core.main.TestCaseMain.startTestSuite(TestCaseMain.java:185)
	at com.kms.katalon.core.main.TestCaseMain$startTestSuite$0.call(Unknown Source)
	at TempTestSuite1705923140048.run(TempTestSuite1705923140048.groovy:36)
)
[[ATTACHMENT|C:\\Users\\Fadli\\git\\KatalonDailyGetData2\\Reports\\20240122_174123\\TS1\\20240122_183220\\1705923836718.png]]

2024-01-22 18:43:56 - [TEST_STEP][PASSED] - else: null

2024-01-22 18:43:56 - [TEST_STEP][PASSED] - strSeller2 = getText(findTestObject("Stockbit/Bandarmology_Seller2")): Text of object 'Object Repository/Stockbit/Bandarmology_Seller2' is: 'PD'

2024-01-22 18:43:57 - [MESSAGE][PASSED] - Text of object 'Object Repository/Stockbit/Bandarmology_Seller2' is: 'PD'

2024-01-22 18:43:57 - [TEST_STEP][PASSED] - strSellerVol2 = getText(findTestObject("Stockbit/Bandarmology_SellerVol2")): Text of object 'Object Repository/Stockbit/Bandarmology_SellerVol2' is: '29 K'

2024-01-22 18:43:57 - [MESSAGE][PASSED] - Text of object 'Object Repository/Stockbit/Bandarmology_SellerVol2' is: '29 K'

2024-01-22 18:43:57 - [TEST_STEP][PASSED] - strSellerAvg2 = getText(findTestObject("Stockbit/Bandarmology_SellerAvg2")): Text of object 'Object Repository/Stockbit/Bandarmology_SellerAvg2' is: '10'

2024-01-22 18:43:57 - [MESSAGE][PASSED] - Text of object 'Object Repository/Stockbit/Bandarmology_SellerAvg2' is: '10'

2024-01-22 18:43:57 - [TEST_STEP][PASSED] - if (strSeller2 != ""): null

2024-01-22 18:43:57 - [TEST_STEP][PASSED] - if (strSellerAvg2.contains(",")): null

2024-01-22 18:43:57 - [TEST_STEP][PASSED] - if (strSellerVol2.contains(" B")): null

2024-01-22 18:43:57 - [TEST_STEP][PASSED] - else if (strSellerVol2.contains(" M")): null

2024-01-22 18:43:57 - [TEST_STEP][PASSED] - else if (strSellerVol2.contains(" K")): null

2024-01-22 18:43:57 - [TEST_STEP][PASSED] - strSellerVol2 = strSellerVol2.replace(" K", ""): null

2024-01-22 18:43:57 - [TEST_STEP][PASSED] - strSellerVol2 = strSellerVol2.toDouble() * 1000: null

2024-01-22 18:43:57 - [TEST_STEP][PASSED] - if (verifyElementNotPresent(findTestObject("Stockbit/Bandarmology_Buyer3"), 1, OPTIONAL)): Web element with id: 'Object Repository/Stockbit/Bandarmology_Buyer3' located by 'By.xpath: //*[contains(@id, 'rc-tabs-')]/div[2]/div/div/div/div/div/div[2]/table/tbody/tr[4]/td[1]/p' is present after '1' second(s) (Root cause: com.kms.katalon.core.exception.StepFailedException: Web element with id: 'Object Repository/Stockbit/Bandarmology_Buyer3' located by 'By.xpath: //*[contains(@id, 'rc-tabs-')]/div[2]/div/div/div/div/div/div[2]/table/tbody/tr[4]/td[1]/p' is present after '1' second(s)
	at com.kms.katalon.core.webui.keyword.internal.WebUIKeywordMain.stepFailed(WebUIKeywordMain.groovy:64)
	at com.kms.katalon.core.webui.keyword.internal.WebUIKeywordMain$stepFailed$0.call(Unknown Source)
	at com.kms.katalon.core.webui.keyword.builtin.VerifyElementNotPresentKeyword$_verifyElementNotPresent_closure1.doCall(VerifyElementNotPresentKeyword.groovy:106)
	at com.kms.katalon.core.webui.keyword.builtin.VerifyElementNotPresentKeyword$_verifyElementNotPresent_closure1.doCall(VerifyElementNotPresentKeyword.groovy)
	at com.kms.katalon.core.webui.keyword.internal.WebUIKeywordMain.runKeyword(WebUIKeywordMain.groovy:20)
	at com.kms.katalon.core.webui.keyword.internal.WebUIKeywordMain$runKeyword.call(Unknown Source)
	at com.kms.katalon.core.webui.keyword.builtin.VerifyElementNotPresentKeyword.verifyElementNotPresent(VerifyElementNotPresentKeyword.groovy:117)
	at com.kms.katalon.core.webui.keyword.builtin.VerifyElementNotPresentKeyword.execute(VerifyElementNotPresentKeyword.groovy:68)
	at com.kms.katalon.core.keyword.internal.KeywordExecutor.executeKeywordForPlatform(KeywordExecutor.groovy:74)
	at com.kms.katalon.core.webui.keyword.WebUiBuiltInKeywords.verifyElementNotPresent(WebUiBuiltInKeywords.groovy:1481)
	at com.kms.katalon.core.webui.keyword.WebUiBuiltInKeywords$verifyElementNotPresent$8.call(Unknown Source)
	at GetBrokSumPriceDaily.run(GetBrokSumPriceDaily:361)
	at com.kms.katalon.core.main.ScriptEngine.run(ScriptEngine.java:194)
	at com.kms.katalon.core.main.ScriptEngine.runScriptAsRawText(ScriptEngine.java:119)
	at com.kms.katalon.core.main.TestCaseExecutor.runScript(TestCaseExecutor.java:445)
	at com.kms.katalon.core.main.TestCaseExecutor.doExecute(TestCaseExecutor.java:436)
	at com.kms.katalon.core.main.TestCaseExecutor.processExecutionPhase(TestCaseExecutor.java:415)
	at com.kms.katalon.core.main.TestCaseExecutor.accessMainPhase(TestCaseExecutor.java:407)
	at com.kms.katalon.core.main.TestCaseExecutor.execute(TestCaseExecutor.java:284)
	at com.kms.katalon.core.common.CommonExecutor.accessTestCaseMainPhase(CommonExecutor.java:65)
	at com.kms.katalon.core.main.TestSuiteExecutor.accessTestSuiteMainPhase(TestSuiteExecutor.java:144)
	at com.kms.katalon.core.main.TestSuiteExecutor.execute(TestSuiteExecutor.java:106)
	at com.kms.katalon.core.main.TestCaseMain.startTestSuite(TestCaseMain.java:185)
	at com.kms.katalon.core.main.TestCaseMain$startTestSuite$0.call(Unknown Source)
	at TempTestSuite1705923140048.run(TempTestSuite1705923140048.groovy:36)
)

2024-01-22 18:43:58 - [MESSAGE][WARNING] - Web element with id: 'Object Repository/Stockbit/Bandarmology_Buyer3' located by 'By.xpath: //*[contains(@id, 'rc-tabs-')]/div[2]/div/div/div/div/div/div[2]/table/tbody/tr[4]/td[1]/p' is present after '1' second(s) (Root cause: com.kms.katalon.core.exception.StepFailedException: Web element with id: 'Object Repository/Stockbit/Bandarmology_Buyer3' located by 'By.xpath: //*[contains(@id, 'rc-tabs-')]/div[2]/div/div/div/div/div/div[2]/table/tbody/tr[4]/td[1]/p' is present after '1' second(s)
	at com.kms.katalon.core.webui.keyword.internal.WebUIKeywordMain.stepFailed(WebUIKeywordMain.groovy:64)
	at com.kms.katalon.core.webui.keyword.internal.WebUIKeywordMain$stepFailed$0.call(Unknown Source)
	at com.kms.katalon.core.webui.keyword.builtin.VerifyElementNotPresentKeyword$_verifyElementNotPresent_closure1.doCall(VerifyElementNotPresentKeyword.groovy:106)
	at com.kms.katalon.core.webui.keyword.builtin.VerifyElementNotPresentKeyword$_verifyElementNotPresent_closure1.doCall(VerifyElementNotPresentKeyword.groovy)
	at com.kms.katalon.core.webui.keyword.internal.WebUIKeywordMain.runKeyword(WebUIKeywordMain.groovy:20)
	at com.kms.katalon.core.webui.keyword.internal.WebUIKeywordMain$runKeyword.call(Unknown Source)
	at com.kms.katalon.core.webui.keyword.builtin.VerifyElementNotPresentKeyword.verifyElementNotPresent(VerifyElementNotPresentKeyword.groovy:117)
	at com.kms.katalon.core.webui.keyword.builtin.VerifyElementNotPresentKeyword.execute(VerifyElementNotPresentKeyword.groovy:68)
	at com.kms.katalon.core.keyword.internal.KeywordExecutor.executeKeywordForPlatform(KeywordExecutor.groovy:74)
	at com.kms.katalon.core.webui.keyword.WebUiBuiltInKeywords.verifyElementNotPresent(WebUiBuiltInKeywords.groovy:1481)
	at com.kms.katalon.core.webui.keyword.WebUiBuiltInKeywords$verifyElementNotPresent$8.call(Unknown Source)
	at GetBrokSumPriceDaily.run(GetBrokSumPriceDaily:361)
	at com.kms.katalon.core.main.ScriptEngine.run(ScriptEngine.java:194)
	at com.kms.katalon.core.main.ScriptEngine.runScriptAsRawText(ScriptEngine.java:119)
	at com.kms.katalon.core.main.TestCaseExecutor.runScript(TestCaseExecutor.java:445)
	at com.kms.katalon.core.main.TestCaseExecutor.doExecute(TestCaseExecutor.java:436)
	at com.kms.katalon.core.main.TestCaseExecutor.processExecutionPhase(TestCaseExecutor.java:415)
	at com.kms.katalon.core.main.TestCaseExecutor.accessMainPhase(TestCaseExecutor.java:407)
	at com.kms.katalon.core.main.TestCaseExecutor.execute(TestCaseExecutor.java:284)
	at com.kms.katalon.core.common.CommonExecutor.accessTestCaseMainPhase(CommonExecutor.java:65)
	at com.kms.katalon.core.main.TestSuiteExecutor.accessTestSuiteMainPhase(TestSuiteExecutor.java:144)
	at com.kms.katalon.core.main.TestSuiteExecutor.execute(TestSuiteExecutor.java:106)
	at com.kms.katalon.core.main.TestCaseMain.startTestSuite(TestCaseMain.java:185)
	at com.kms.katalon.core.main.TestCaseMain$startTestSuite$0.call(Unknown Source)
	at TempTestSuite1705923140048.run(TempTestSuite1705923140048.groovy:36)
)
[[ATTACHMENT|C:\\Users\\Fadli\\git\\KatalonDailyGetData2\\Reports\\20240122_174123\\TS1\\20240122_183220\\1705923838447.png]]

2024-01-22 18:43:58 - [TEST_STEP][PASSED] - else: null

2024-01-22 18:43:58 - [TEST_STEP][PASSED] - strBuyer3 = getText(findTestObject("Stockbit/Bandarmology_Buyer3")): Text of object 'Object Repository/Stockbit/Bandarmology_Buyer3' is: 'SF'

2024-01-22 18:43:58 - [MESSAGE][PASSED] - Text of object 'Object Repository/Stockbit/Bandarmology_Buyer3' is: 'SF'

2024-01-22 18:43:58 - [TEST_STEP][PASSED] - strBuyerVol3 = getText(findTestObject("Stockbit/Bandarmology_BuyerVol3")): Text of object 'Object Repository/Stockbit/Bandarmology_BuyerVol3' is: '2.6 K'

2024-01-22 18:43:58 - [MESSAGE][PASSED] - Text of object 'Object Repository/Stockbit/Bandarmology_BuyerVol3' is: '2.6 K'

2024-01-22 18:43:58 - [TEST_STEP][PASSED] - strBuyerAvg3 = getText(findTestObject("Stockbit/Bandarmology_BuyerAvg3")): Text of object 'Object Repository/Stockbit/Bandarmology_BuyerAvg3' is: '10'

2024-01-22 18:43:58 - [MESSAGE][PASSED] - Text of object 'Object Repository/Stockbit/Bandarmology_BuyerAvg3' is: '10'

2024-01-22 18:43:58 - [TEST_STEP][PASSED] - if (strBuyer3 != ""): null

2024-01-22 18:43:58 - [TEST_STEP][PASSED] - if (strBuyerAvg3.contains(",")): null

2024-01-22 18:43:58 - [TEST_STEP][PASSED] - if (strBuyerVol3.contains(" B")): null

2024-01-22 18:43:58 - [TEST_STEP][PASSED] - else if (strBuyerVol3.contains(" M")): null

2024-01-22 18:43:58 - [TEST_STEP][PASSED] - else if (strBuyerVol3.contains(" K")): null

2024-01-22 18:43:58 - [TEST_STEP][PASSED] - strBuyerVol3 = strBuyerVol3.replace(" K", ""): null

2024-01-22 18:43:58 - [TEST_STEP][PASSED] - strBuyerVol3 = strBuyerVol3.toDouble() * 1000: null

2024-01-22 18:43:58 - [TEST_STEP][PASSED] - if (verifyElementNotPresent(findTestObject("Stockbit/Bandarmology_Seller3"), 1, OPTIONAL)): Web element with id: 'Object Repository/Stockbit/Bandarmology_Seller3' located by 'By.xpath: //*[contains(@id, 'rc-tabs-')]/div[2]/div/div/div/div/div/div[2]/table/tbody/tr[4]/td[5]/p' is present after '1' second(s) (Root cause: com.kms.katalon.core.exception.StepFailedException: Web element with id: 'Object Repository/Stockbit/Bandarmology_Seller3' located by 'By.xpath: //*[contains(@id, 'rc-tabs-')]/div[2]/div/div/div/div/div/div[2]/table/tbody/tr[4]/td[5]/p' is present after '1' second(s)
	at com.kms.katalon.core.webui.keyword.internal.WebUIKeywordMain.stepFailed(WebUIKeywordMain.groovy:64)
	at com.kms.katalon.core.webui.keyword.internal.WebUIKeywordMain$stepFailed$0.call(Unknown Source)
	at com.kms.katalon.core.webui.keyword.builtin.VerifyElementNotPresentKeyword$_verifyElementNotPresent_closure1.doCall(VerifyElementNotPresentKeyword.groovy:106)
	at com.kms.katalon.core.webui.keyword.builtin.VerifyElementNotPresentKeyword$_verifyElementNotPresent_closure1.doCall(VerifyElementNotPresentKeyword.groovy)
	at com.kms.katalon.core.webui.keyword.internal.WebUIKeywordMain.runKeyword(WebUIKeywordMain.groovy:20)
	at com.kms.katalon.core.webui.keyword.internal.WebUIKeywordMain$runKeyword.call(Unknown Source)
	at com.kms.katalon.core.webui.keyword.builtin.VerifyElementNotPresentKeyword.verifyElementNotPresent(VerifyElementNotPresentKeyword.groovy:117)
	at com.kms.katalon.core.webui.keyword.builtin.VerifyElementNotPresentKeyword.execute(VerifyElementNotPresentKeyword.groovy:68)
	at com.kms.katalon.core.keyword.internal.KeywordExecutor.executeKeywordForPlatform(KeywordExecutor.groovy:74)
	at com.kms.katalon.core.webui.keyword.WebUiBuiltInKeywords.verifyElementNotPresent(WebUiBuiltInKeywords.groovy:1481)
	at com.kms.katalon.core.webui.keyword.WebUiBuiltInKeywords$verifyElementNotPresent$8.call(Unknown Source)
	at GetBrokSumPriceDaily.run(GetBrokSumPriceDaily:414)
	at com.kms.katalon.core.main.ScriptEngine.run(ScriptEngine.java:194)
	at com.kms.katalon.core.main.ScriptEngine.runScriptAsRawText(ScriptEngine.java:119)
	at com.kms.katalon.core.main.TestCaseExecutor.runScript(TestCaseExecutor.java:445)
	at com.kms.katalon.core.main.TestCaseExecutor.doExecute(TestCaseExecutor.java:436)
	at com.kms.katalon.core.main.TestCaseExecutor.processExecutionPhase(TestCaseExecutor.java:415)
	at com.kms.katalon.core.main.TestCaseExecutor.accessMainPhase(TestCaseExecutor.java:407)
	at com.kms.katalon.core.main.TestCaseExecutor.execute(TestCaseExecutor.java:284)
	at com.kms.katalon.core.common.CommonExecutor.accessTestCaseMainPhase(CommonExecutor.java:65)
	at com.kms.katalon.core.main.TestSuiteExecutor.accessTestSuiteMainPhase(TestSuiteExecutor.java:144)
	at com.kms.katalon.core.main.TestSuiteExecutor.execute(TestSuiteExecutor.java:106)
	at com.kms.katalon.core.main.TestCaseMain.startTestSuite(TestCaseMain.java:185)
	at com.kms.katalon.core.main.TestCaseMain$startTestSuite$0.call(Unknown Source)
	at TempTestSuite1705923140048.run(TempTestSuite1705923140048.groovy:36)
)

2024-01-22 18:44:00 - [MESSAGE][WARNING] - Web element with id: 'Object Repository/Stockbit/Bandarmology_Seller3' located by 'By.xpath: //*[contains(@id, 'rc-tabs-')]/div[2]/div/div/div/div/div/div[2]/table/tbody/tr[4]/td[5]/p' is present after '1' second(s) (Root cause: com.kms.katalon.core.exception.StepFailedException: Web element with id: 'Object Repository/Stockbit/Bandarmology_Seller3' located by 'By.xpath: //*[contains(@id, 'rc-tabs-')]/div[2]/div/div/div/div/div/div[2]/table/tbody/tr[4]/td[5]/p' is present after '1' second(s)
	at com.kms.katalon.core.webui.keyword.internal.WebUIKeywordMain.stepFailed(WebUIKeywordMain.groovy:64)
	at com.kms.katalon.core.webui.keyword.internal.WebUIKeywordMain$stepFailed$0.call(Unknown Source)
	at com.kms.katalon.core.webui.keyword.builtin.VerifyElementNotPresentKeyword$_verifyElementNotPresent_closure1.doCall(VerifyElementNotPresentKeyword.groovy:106)
	at com.kms.katalon.core.webui.keyword.builtin.VerifyElementNotPresentKeyword$_verifyElementNotPresent_closure1.doCall(VerifyElementNotPresentKeyword.groovy)
	at com.kms.katalon.core.webui.keyword.internal.WebUIKeywordMain.runKeyword(WebUIKeywordMain.groovy:20)
	at com.kms.katalon.core.webui.keyword.internal.WebUIKeywordMain$runKeyword.call(Unknown Source)
	at com.kms.katalon.core.webui.keyword.builtin.VerifyElementNotPresentKeyword.verifyElementNotPresent(VerifyElementNotPresentKeyword.groovy:117)
	at com.kms.katalon.core.webui.keyword.builtin.VerifyElementNotPresentKeyword.execute(VerifyElementNotPresentKeyword.groovy:68)
	at com.kms.katalon.core.keyword.internal.KeywordExecutor.executeKeywordForPlatform(KeywordExecutor.groovy:74)
	at com.kms.katalon.core.webui.keyword.WebUiBuiltInKeywords.verifyElementNotPresent(WebUiBuiltInKeywords.groovy:1481)
	at com.kms.katalon.core.webui.keyword.WebUiBuiltInKeywords$verifyElementNotPresent$8.call(Unknown Source)
	at GetBrokSumPriceDaily.run(GetBrokSumPriceDaily:414)
	at com.kms.katalon.core.main.ScriptEngine.run(ScriptEngine.java:194)
	at com.kms.katalon.core.main.ScriptEngine.runScriptAsRawText(ScriptEngine.java:119)
	at com.kms.katalon.core.main.TestCaseExecutor.runScript(TestCaseExecutor.java:445)
	at com.kms.katalon.core.main.TestCaseExecutor.doExecute(TestCaseExecutor.java:436)
	at com.kms.katalon.core.main.TestCaseExecutor.processExecutionPhase(TestCaseExecutor.java:415)
	at com.kms.katalon.core.main.TestCaseExecutor.accessMainPhase(TestCaseExecutor.java:407)
	at com.kms.katalon.core.main.TestCaseExecutor.execute(TestCaseExecutor.java:284)
	at com.kms.katalon.core.common.CommonExecutor.accessTestCaseMainPhase(CommonExecutor.java:65)
	at com.kms.katalon.core.main.TestSuiteExecutor.accessTestSuiteMainPhase(TestSuiteExecutor.java:144)
	at com.kms.katalon.core.main.TestSuiteExecutor.execute(TestSuiteExecutor.java:106)
	at com.kms.katalon.core.main.TestCaseMain.startTestSuite(TestCaseMain.java:185)
	at com.kms.katalon.core.main.TestCaseMain$startTestSuite$0.call(Unknown Source)
	at TempTestSuite1705923140048.run(TempTestSuite1705923140048.groovy:36)
)
[[ATTACHMENT|C:\\Users\\Fadli\\git\\KatalonDailyGetData2\\Reports\\20240122_174123\\TS1\\20240122_183220\\1705923840164.png]]

2024-01-22 18:44:00 - [TEST_STEP][PASSED] - else: null

2024-01-22 18:44:00 - [TEST_STEP][PASSED] - strSeller3 = getText(findTestObject("Stockbit/Bandarmology_Seller3")): Text of object 'Object Repository/Stockbit/Bandarmology_Seller3' is: 'XL'

2024-01-22 18:44:00 - [MESSAGE][PASSED] - Text of object 'Object Repository/Stockbit/Bandarmology_Seller3' is: 'XL'

2024-01-22 18:44:00 - [TEST_STEP][PASSED] - strSellerVol3 = getText(findTestObject("Stockbit/Bandarmology_SellerVol3")): Text of object 'Object Repository/Stockbit/Bandarmology_SellerVol3' is: '8.2 K'

2024-01-22 18:44:00 - [MESSAGE][PASSED] - Text of object 'Object Repository/Stockbit/Bandarmology_SellerVol3' is: '8.2 K'

2024-01-22 18:44:00 - [TEST_STEP][PASSED] - strSellerAvg3 = getText(findTestObject("Stockbit/Bandarmology_SellerAvg3")): Text of object 'Object Repository/Stockbit/Bandarmology_SellerAvg3' is: '10'

2024-01-22 18:44:00 - [MESSAGE][PASSED] - Text of object 'Object Repository/Stockbit/Bandarmology_SellerAvg3' is: '10'

2024-01-22 18:44:00 - [TEST_STEP][PASSED] - if (strSeller3 != ""): null

2024-01-22 18:44:00 - [TEST_STEP][PASSED] - if (strSellerAvg3.contains(",")): null

2024-01-22 18:44:00 - [TEST_STEP][PASSED] - if (strSellerVol3.contains(" B")): null

2024-01-22 18:44:00 - [TEST_STEP][PASSED] - else if (strSellerVol3.contains(" M")): null

2024-01-22 18:44:00 - [TEST_STEP][PASSED] - else if (strSellerVol3.contains(" K")): null

2024-01-22 18:44:00 - [TEST_STEP][PASSED] - strSellerVol3 = strSellerVol3.replace(" K", ""): null

2024-01-22 18:44:00 - [TEST_STEP][PASSED] - strSellerVol3 = strSellerVol3.toDouble() * 1000: null

2024-01-22 18:44:00 - [TEST_STEP][PASSED] - strAccDist = getText(findTestObject("Stockbit/Bandarmology_AccDist")): Text of object 'Object Repository/Stockbit/Bandarmology_AccDist' is: 'Dist'

2024-01-22 18:44:00 - [MESSAGE][PASSED] - Text of object 'Object Repository/Stockbit/Bandarmology_AccDist' is: 'Dist'

2024-01-22 18:44:00 - [TEST_STEP][PASSED] - strNetVol = getText(findTestObject("Stockbit/Bandarmology_NetVol")): Text of object 'Object Repository/Stockbit/Bandarmology_NetVol' is: '98,950'

2024-01-22 18:44:00 - [MESSAGE][PASSED] - Text of object 'Object Repository/Stockbit/Bandarmology_NetVol' is: '98,950'

2024-01-22 18:44:00 - [TEST_STEP][PASSED] - strNetVol = strNetVol.replace(",", ""): null

2024-01-22 18:44:00 - [TEST_STEP][PASSED] - strNetVal = getText(findTestObject("Stockbit/Bandarmology_NetVal")): Text of object 'Object Repository/Stockbit/Bandarmology_NetVal' is: '0.1 B'

2024-01-22 18:44:01 - [MESSAGE][PASSED] - Text of object 'Object Repository/Stockbit/Bandarmology_NetVal' is: '0.1 B'

2024-01-22 18:44:01 - [TEST_STEP][PASSED] - delay(3): Delayed 3 second(s)

2024-01-22 18:44:04 - [MESSAGE][PASSED] - Delayed 3 second(s)

2024-01-22 18:44:04 - [TEST_STEP][PASSED] - strOpenPrice = getText(findTestObject("Stockbit/Home_OpenPrice")): Text of object 'Object Repository/Stockbit/Home_OpenPrice' is: '11'

2024-01-22 18:44:04 - [MESSAGE][PASSED] - Text of object 'Object Repository/Stockbit/Home_OpenPrice' is: '11'

2024-01-22 18:44:04 - [TEST_STEP][PASSED] - strOpenPrice = strOpenPrice.replace(",", ""): null

2024-01-22 18:44:04 - [TEST_STEP][PASSED] - strLowPrice = getText(findTestObject("Stockbit/Home_LowPrice")): Text of object 'Object Repository/Stockbit/Home_LowPrice' is: '10'

2024-01-22 18:44:04 - [MESSAGE][PASSED] - Text of object 'Object Repository/Stockbit/Home_LowPrice' is: '10'

2024-01-22 18:44:04 - [TEST_STEP][PASSED] - strLowPrice = strLowPrice.replace(",", ""): null

2024-01-22 18:44:04 - [TEST_STEP][PASSED] - strHighPrice = getText(findTestObject("Stockbit/Home_HighPrice")): Text of object 'Object Repository/Stockbit/Home_HighPrice' is: '11'

2024-01-22 18:44:04 - [MESSAGE][PASSED] - Text of object 'Object Repository/Stockbit/Home_HighPrice' is: '11'

2024-01-22 18:44:04 - [TEST_STEP][PASSED] - strHighPrice = strHighPrice.replace(",", ""): null

2024-01-22 18:44:04 - [TEST_STEP][PASSED] - strClosePrice = getText(findTestObject("Stockbit/Home_ClosePrice")): Text of object 'Object Repository/Stockbit/Home_ClosePrice' is: '10'

2024-01-22 18:44:04 - [MESSAGE][PASSED] - Text of object 'Object Repository/Stockbit/Home_ClosePrice' is: '10'

2024-01-22 18:44:04 - [TEST_STEP][PASSED] - strClosePrice = strClosePrice.replace(",", ""): null

2024-01-22 18:44:04 - [TEST_STEP][PASSED] - strVol = getText(findTestObject("Stockbit/Home_Volume")): Text of object 'Object Repository/Stockbit/Home_Volume' is: '236 K'

2024-01-22 18:44:04 - [MESSAGE][PASSED] - Text of object 'Object Repository/Stockbit/Home_Volume' is: '236 K'

2024-01-22 18:44:04 - [TEST_STEP][PASSED] - if (strVol.contains(" K")): null

2024-01-22 18:44:04 - [TEST_STEP][PASSED] - strVol = strVol.replace(" K", "000"): null

2024-01-22 18:44:04 - [TEST_STEP][PASSED] - if (strVol.contains(",")): null

2024-01-22 18:44:04 - [TEST_STEP][PASSED] - strChange = getText(findTestObject("Stockbit/Home_Change")): Text of object 'Object Repository/Stockbit/Home_Change' is: '-9.09%'

2024-01-22 18:44:04 - [MESSAGE][PASSED] - Text of object 'Object Repository/Stockbit/Home_Change' is: '-9.09%'

2024-01-22 18:44:04 - [TEST_STEP][PASSED] - strChange = strChange.replace("%", ""): null

2024-01-22 18:44:04 - [TEST_STEP][PASSED] - strFreq = getText(findTestObject("Stockbit/Home_Freq")): Text of object 'Object Repository/Stockbit/Home_Freq' is: '251'

2024-01-22 18:44:04 - [MESSAGE][PASSED] - Text of object 'Object Repository/Stockbit/Home_Freq' is: '251'

2024-01-22 18:44:04 - [TEST_STEP][PASSED] - if (strFreq.contains(",")): null

2024-01-22 18:44:04 - [TEST_STEP][PASSED] - if (strFreq == "NA" || strFreq == ""): null

2024-01-22 18:44:04 - [TEST_STEP][PASSED] - else: null

2024-01-22 18:44:04 - [TEST_STEP][PASSED] - dblFreqAnal = strVol.toDouble() / strFreq.toDouble() * strFreq.toDouble() * strFreq.toDouble() * 100000000: null

2024-01-22 18:44:04 - [TEST_STEP][PASSED] - strFreqAnal = String.format("%.4f", dblFreqAnal): null

2024-01-22 18:44:04 - [TEST_STEP][PASSED] - out.println("Double strFreqAnal: " + strFreqAnal): null

2024-01-22 18:44:04 - [TEST_STEP][PASSED] - strTanggal = d.format(DateTimeFormatter.ofPattern("yyyy-MM-dd")): null

2024-01-22 18:44:04 - [TEST_STEP][PASSED] - strTanggal = "#" + strTanggal + "#": null

2024-01-22 18:44:04 - [TEST_STEP][PASSED] - strSQL = "select count(*) as JumBaris from TblBrokSum where Nama = '" + strNama + "' and Tanggal = " + strTanggal + "": null

2024-01-22 18:44:04 - [TEST_STEP][PASSED] - resultSet = statement.executeQuery(strSQL): null

2024-01-22 18:44:04 - [TEST_STEP][PASSED] - resultSet.next(): null

2024-01-22 18:44:04 - [TEST_STEP][PASSED] - intJumBaris = resultSet.getInt("JumBaris"): null

2024-01-22 18:44:04 - [TEST_STEP][PASSED] - if (intJumBaris > 0): null

2024-01-22 18:44:04 - [TEST_STEP][PASSED] - else: null

2024-01-22 18:44:04 - [TEST_STEP][PASSED] - try: null

2024-01-22 18:44:04 - [TEST_STEP][PASSED] - out.println("Insert data"): null

2024-01-22 18:44:04 - [TEST_STEP][PASSED] - strSQL = "insert into TblBrokSum (nama, tanggal, top1, top2, top3, AllBrokAvg, AccDist, AvgRP, " + "Buyer1, BuyerVal1, BuyerAvg1, Seller1, SellerVal1, SellerAvg1, Buyer2, BuyerVal2, BuyerAvg2, " + "Seller2, SellerVal2, SellerAvg2, Buyer3, BuyerVal3, BuyerAvg3, Seller3, SellerVal3, SellerAvg3, NetVol, NetVal, " + "OpenPrice, LowPrice, HighPrice, ClosePrice, Volume, Change, Frekuensi, FrekAnal) " + "values ('" + strNama + "', " + strTanggal + ", '" + strTop1 + "', '" + strTop3 + "', '" + strTop5 + "', " + "'" + strAllBrokAvg + "', '" + strAccDist + "', " + intAvgRP + ", '" + strBuyer1 + "', '" + strBuyerVol1 + "', " + strBuyerAvg1 + ", " + "'" + strSeller1 + "', '" + strSellerVol1 + "', " + strSellerAvg1 + ", '" + strBuyer2 + "', '" + strBuyerVol2 + "', " + strBuyerAvg2 + ", " + "'" + strSeller2 + "', '" + strSellerVol2 + "', " + strSellerAvg2 + ", '" + strBuyer3 + "', '" + strBuyerVol3 + "', " + strBuyerAvg3 + ", " + "'" + strSeller3 + "', '" + strSellerVol3 + "', " + strSellerAvg3 + ", " + strNetVol + ", '" + strNetVal + "', " + "" + strOpenPrice + ", " + strLowPrice + ", " + strHighPrice + ", " + strClosePrice + ", '" + strVol + "', " + strChange + ", " + strFreq + ", " + strFreqAnal + ");": null

2024-01-22 18:44:04 - [TEST_STEP][PASSED] - out.println("strSQL = " + strSQL): null

2024-01-22 18:44:04 - [TEST_STEP][PASSED] - statement.executeUpdate(strSQL): null

2024-01-22 18:44:04 - [TEST_STEP][PASSED] - setValueToCellByIndex(sheet01, rowIndex, 4, "DONE"): null

2024-01-22 18:44:04 - [TEST_STEP][PASSED] - saveWorkbook(excelFilePath, workbook01): null

2024-01-22 18:44:04 - [TEST_STEP][PASSED] - waitForElementClickable(findTestObject("Stockbit/menu_Bandarmology"), 10): Object 'Object Repository/Stockbit/menu_Bandarmology' is clickable

2024-01-22 18:44:05 - [MESSAGE][PASSED] - Object 'Object Repository/Stockbit/menu_Bandarmology' is clickable

2024-01-22 18:44:05 - [TEST_STEP][PASSED] - click(findTestObject("Stockbit/menu_Bandarmology")): Object: 'Object Repository/Stockbit/menu_Bandarmology' is clicked on

2024-01-22 18:44:05 - [MESSAGE][PASSED] - Object: 'Object Repository/Stockbit/menu_Bandarmology' is clicked on

2024-01-22 18:44:05 - [TEST_STEP][PASSED] - strTemp = "NA": null

2024-01-22 18:44:05 - [TEST_STEP][PASSED] - if (getCellValueByIndex(sheet01, rowIndex, 4) != "DONE"): Object: 'Object Repository/Stockbit/menu_Bandarmology' is clicked on

2024-01-22 18:44:05 - [TEST_STEP][PASSED] - strNama = getCellValueByIndex(sheet01, rowIndex, 0): null

2024-01-22 18:44:05 - [TEST_STEP][PASSED] - navigateToUrl("https://stockbit.com/#/symbol/" + strNama): Navigate to 'https://stockbit.com/#/symbol/MMIX' successfully

2024-01-22 18:44:07 - [MESSAGE][PASSED] - Navigate to 'https://stockbit.com/#/symbol/MMIX' successfully

2024-01-22 18:44:07 - [TEST_STEP][PASSED] - waitForElementClickable(findTestObject("Stockbit/menu_Bandarmology"), 10): Object 'Object Repository/Stockbit/menu_Bandarmology' is clickable

2024-01-22 18:44:07 - [MESSAGE][PASSED] - Object 'Object Repository/Stockbit/menu_Bandarmology' is clickable

2024-01-22 18:44:07 - [TEST_STEP][PASSED] - click(findTestObject("Stockbit/menu_Bandarmology")): Object: 'Object Repository/Stockbit/menu_Bandarmology' is clicked on

2024-01-22 18:44:08 - [MESSAGE][PASSED] - Object: 'Object Repository/Stockbit/menu_Bandarmology' is clicked on

2024-01-22 18:44:08 - [TEST_STEP][PASSED] - strTanggal = d.format(DateTimeFormatter.ofPattern("MMM dd, yyyy")): null

2024-01-22 18:44:08 - [TEST_STEP][PASSED] - strTanggal = d.format(ISO_DATE): null

2024-01-22 18:44:08 - [TEST_STEP][PASSED] - out.println("strTanggal = " + strTanggal): null

2024-01-22 18:44:08 - [TEST_STEP][PASSED] - out.println("strNama = " + strNama): null

2024-01-22 18:44:08 - [TEST_STEP][PASSED] - out.println("Baris ke = " + rowIndex): null

2024-01-22 18:44:08 - [TEST_STEP][PASSED] - click(findTestObject("Stockbit/input__BandarmologyOpenStartDate")): Object: 'Object Repository/Stockbit/input__BandarmologyOpenStartDate' is clicked on

2024-01-22 18:44:09 - [MESSAGE][PASSED] - Object: 'Object Repository/Stockbit/input__BandarmologyOpenStartDate' is clicked on

2024-01-22 18:44:09 - [TEST_STEP][PASSED] - sendKeys(findTestObject("Stockbit/input__BandarmologyOpenStartDate"), Keys.chord(CONTROL, "a")): Keys 'CONTROL + a' sent to object: 'Object Repository/Stockbit/input__BandarmologyOpenStartDate'

2024-01-22 18:44:09 - [MESSAGE][PASSED] - Keys 'CONTROL + a' sent to object: 'Object Repository/Stockbit/input__BandarmologyOpenStartDate'

2024-01-22 18:44:09 - [TEST_STEP][PASSED] - sendKeys(findTestObject("Stockbit/input__BandarmologyOpenStartDate"), Keys.chord(BACK_SPACE)): Keys 'BACK_SPACE + ' sent to object: 'Object Repository/Stockbit/input__BandarmologyOpenStartDate'

2024-01-22 18:44:10 - [MESSAGE][PASSED] - Keys 'BACK_SPACE + ' sent to object: 'Object Repository/Stockbit/input__BandarmologyOpenStartDate'

2024-01-22 18:44:10 - [TEST_STEP][PASSED] - setText(findTestObject("Stockbit/input__BandarmologyOpenStartDate"), strTanggal): Text '2024-01-22' is set on object 'Object Repository/Stockbit/input__BandarmologyOpenStartDate'

2024-01-22 18:44:11 - [MESSAGE][PASSED] - Text '2024-01-22' is set on object 'Object Repository/Stockbit/input__BandarmologyOpenStartDate'

2024-01-22 18:44:11 - [TEST_STEP][PASSED] - sendKeys(findTestObject("Stockbit/input__BandarmologyOpenStartDate"), Keys.chord(ENTER)): Keys 'ENTER + ' sent to object: 'Object Repository/Stockbit/input__BandarmologyOpenStartDate'

2024-01-22 18:44:11 - [MESSAGE][PASSED] - Keys 'ENTER + ' sent to object: 'Object Repository/Stockbit/input__BandarmologyOpenStartDate'

2024-01-22 18:44:11 - [TEST_STEP][PASSED] - click(findTestObject("Stockbit/input__BandarmologyOpenEndDate")): Object: 'Object Repository/Stockbit/input__BandarmologyOpenEndDate' is clicked on

2024-01-22 18:44:11 - [MESSAGE][PASSED] - Object: 'Object Repository/Stockbit/input__BandarmologyOpenEndDate' is clicked on

2024-01-22 18:44:11 - [TEST_STEP][PASSED] - sendKeys(findTestObject("Stockbit/input__BandarmologyOpenEndDate"), Keys.chord(CONTROL, "a")): Keys 'CONTROL + a' sent to object: 'Object Repository/Stockbit/input__BandarmologyOpenEndDate'

2024-01-22 18:44:12 - [MESSAGE][PASSED] - Keys 'CONTROL + a' sent to object: 'Object Repository/Stockbit/input__BandarmologyOpenEndDate'

2024-01-22 18:44:12 - [TEST_STEP][PASSED] - sendKeys(findTestObject("Stockbit/input__BandarmologyOpenEndDate"), Keys.chord(BACK_SPACE)): Keys 'BACK_SPACE + ' sent to object: 'Object Repository/Stockbit/input__BandarmologyOpenEndDate'

2024-01-22 18:44:12 - [MESSAGE][PASSED] - Keys 'BACK_SPACE + ' sent to object: 'Object Repository/Stockbit/input__BandarmologyOpenEndDate'

2024-01-22 18:44:12 - [TEST_STEP][PASSED] - setText(findTestObject("Stockbit/input__BandarmologyOpenEndDate"), strTanggal): Text '2024-01-22' is set on object 'Object Repository/Stockbit/input__BandarmologyOpenEndDate'

2024-01-22 18:44:13 - [MESSAGE][PASSED] - Text '2024-01-22' is set on object 'Object Repository/Stockbit/input__BandarmologyOpenEndDate'

2024-01-22 18:44:13 - [TEST_STEP][PASSED] - sendKeys(findTestObject("Stockbit/input__BandarmologyOpenEndDate"), Keys.chord(ENTER)): Keys 'ENTER + ' sent to object: 'Object Repository/Stockbit/input__BandarmologyOpenEndDate'

2024-01-22 18:44:13 - [MESSAGE][PASSED] - Keys 'ENTER + ' sent to object: 'Object Repository/Stockbit/input__BandarmologyOpenEndDate'

2024-01-22 18:44:13 - [TEST_STEP][PASSED] - delay(2): Delayed 2 second(s)

2024-01-22 18:44:15 - [MESSAGE][PASSED] - Delayed 2 second(s)

2024-01-22 18:44:15 - [TEST_STEP][PASSED] - strTemp = getText(findTestObject("Stockbit/Bandarmology_AvgRP")): Text of object 'Object Repository/Stockbit/Bandarmology_AvgRP' is: '162'

2024-01-22 18:44:15 - [MESSAGE][PASSED] - Text of object 'Object Repository/Stockbit/Bandarmology_AvgRP' is: '162'

2024-01-22 18:44:15 - [TEST_STEP][PASSED] - out.println("Bandarmology_AvgRP = " + strTemp): null

2024-01-22 18:44:15 - [TEST_STEP][PASSED] - if (strTemp != "0"): null

2024-01-22 18:44:15 - [TEST_STEP][PASSED] - strTop1 = getText(findTestObject("Stockbit/Bandarmology_Top1")): Text of object 'Object Repository/Stockbit/Bandarmology_Top1' is: 'Big Dist'

2024-01-22 18:44:16 - [MESSAGE][PASSED] - Text of object 'Object Repository/Stockbit/Bandarmology_Top1' is: 'Big Dist'

2024-01-22 18:44:16 - [TEST_STEP][PASSED] - strTop3 = getText(findTestObject("Stockbit/Bandarmology_Top3")): Text of object 'Object Repository/Stockbit/Bandarmology_Top3' is: 'Big Dist'

2024-01-22 18:44:16 - [MESSAGE][PASSED] - Text of object 'Object Repository/Stockbit/Bandarmology_Top3' is: 'Big Dist'

2024-01-22 18:44:16 - [TEST_STEP][PASSED] - strTop5 = getText(findTestObject("Stockbit/Bandarmology_Top5")): Text of object 'Object Repository/Stockbit/Bandarmology_Top5' is: 'Big Dist'

2024-01-22 18:44:16 - [MESSAGE][PASSED] - Text of object 'Object Repository/Stockbit/Bandarmology_Top5' is: 'Big Dist'

2024-01-22 18:44:16 - [TEST_STEP][PASSED] - strAllBrokAvg = getText(findTestObject("Stockbit/Bandarmology_TopAVG")): Text of object 'Object Repository/Stockbit/Bandarmology_TopAVG' is: 'Big Dist'

2024-01-22 18:44:16 - [MESSAGE][PASSED] - Text of object 'Object Repository/Stockbit/Bandarmology_TopAVG' is: 'Big Dist'

2024-01-22 18:44:16 - [TEST_STEP][PASSED] - strTemp = getText(findTestObject("Stockbit/Bandarmology_AvgRP")): Text of object 'Object Repository/Stockbit/Bandarmology_AvgRP' is: '162'

2024-01-22 18:44:16 - [MESSAGE][PASSED] - Text of object 'Object Repository/Stockbit/Bandarmology_AvgRP' is: '162'

2024-01-22 18:44:16 - [TEST_STEP][PASSED] - if (strTemp.contains(",")): null

2024-01-22 18:44:16 - [TEST_STEP][PASSED] - intAvgRP = strTemp.toInteger(): null

2024-01-22 18:44:16 - [TEST_STEP][PASSED] - strBuyer1 = getText(findTestObject("Stockbit/Bandarmology_Buyer1")): Text of object 'Object Repository/Stockbit/Bandarmology_Buyer1' is: 'YP'

2024-01-22 18:44:16 - [MESSAGE][PASSED] - Text of object 'Object Repository/Stockbit/Bandarmology_Buyer1' is: 'YP'

2024-01-22 18:44:16 - [TEST_STEP][PASSED] - strBuyerVol1 = getText(findTestObject("Stockbit/Bandarmology_BuyerVol1")): Text of object 'Object Repository/Stockbit/Bandarmology_BuyerVol1' is: '1.7 K'

2024-01-22 18:44:16 - [MESSAGE][PASSED] - Text of object 'Object Repository/Stockbit/Bandarmology_BuyerVol1' is: '1.7 K'

2024-01-22 18:44:16 - [TEST_STEP][PASSED] - strBuyerAvg1 = getText(findTestObject("Stockbit/Bandarmology_BuyerAvg1")): Text of object 'Object Repository/Stockbit/Bandarmology_BuyerAvg1' is: '164'

2024-01-22 18:44:16 - [MESSAGE][PASSED] - Text of object 'Object Repository/Stockbit/Bandarmology_BuyerAvg1' is: '164'

2024-01-22 18:44:16 - [TEST_STEP][PASSED] - if (strBuyerAvg1.contains(",")): null

2024-01-22 18:44:16 - [TEST_STEP][PASSED] - if (strBuyerVol1.contains(" B")): null

2024-01-22 18:44:16 - [TEST_STEP][PASSED] - else if (strBuyerVol1.contains(" M")): null

2024-01-22 18:44:16 - [TEST_STEP][PASSED] - else if (strBuyerVol1.contains(" K")): null

2024-01-22 18:44:16 - [TEST_STEP][PASSED] - strBuyerVol1 = strBuyerVol1.replace(" K", ""): null

2024-01-22 18:44:16 - [TEST_STEP][PASSED] - strBuyerVol1 = strBuyerVol1.toDouble() * 1000: null

2024-01-22 18:44:16 - [TEST_STEP][PASSED] - strSeller1 = getText(findTestObject("Stockbit/Bandarmology_Seller1")): Text of object 'Object Repository/Stockbit/Bandarmology_Seller1' is: 'AZ'

2024-01-22 18:44:16 - [MESSAGE][PASSED] - Text of object 'Object Repository/Stockbit/Bandarmology_Seller1' is: 'AZ'

2024-01-22 18:44:16 - [TEST_STEP][PASSED] - strSellerVol1 = getText(findTestObject("Stockbit/Bandarmology_SellerVol1")): Text of object 'Object Repository/Stockbit/Bandarmology_SellerVol1' is: '6.6 K'

2024-01-22 18:44:17 - [MESSAGE][PASSED] - Text of object 'Object Repository/Stockbit/Bandarmology_SellerVol1' is: '6.6 K'

2024-01-22 18:44:17 - [TEST_STEP][PASSED] - strSellerAvg1 = getText(findTestObject("Stockbit/Bandarmology_SellerAvg1")): Text of object 'Object Repository/Stockbit/Bandarmology_SellerAvg1' is: '161'

2024-01-22 18:44:17 - [MESSAGE][PASSED] - Text of object 'Object Repository/Stockbit/Bandarmology_SellerAvg1' is: '161'

2024-01-22 18:44:17 - [TEST_STEP][PASSED] - if (strSellerAvg1.contains(",")): null

2024-01-22 18:44:17 - [TEST_STEP][PASSED] - if (strSellerVol1.contains(" B")): null

2024-01-22 18:44:17 - [TEST_STEP][PASSED] - else if (strSellerVol1.contains(" M")): null

2024-01-22 18:44:17 - [TEST_STEP][PASSED] - else if (strSellerVol1.contains(" K")): null

2024-01-22 18:44:17 - [TEST_STEP][PASSED] - strSellerVol1 = strSellerVol1.replace(" K", ""): null

2024-01-22 18:44:17 - [TEST_STEP][PASSED] - strSellerVol1 = strSellerVol1.toDouble() * 1000: null

2024-01-22 18:44:17 - [TEST_STEP][PASSED] - if (verifyElementNotPresent(findTestObject("Stockbit/Bandarmology_Buyer2"), 1, OPTIONAL)): Web element with id: 'Object Repository/Stockbit/Bandarmology_Buyer2' located by 'By.xpath: //*[contains(@id, 'rc-tabs-')]/div[2]/div/div/div/div/div/div[2]/table/tbody/tr[3]/td[1]/p' is present after '1' second(s) (Root cause: com.kms.katalon.core.exception.StepFailedException: Web element with id: 'Object Repository/Stockbit/Bandarmology_Buyer2' located by 'By.xpath: //*[contains(@id, 'rc-tabs-')]/div[2]/div/div/div/div/div/div[2]/table/tbody/tr[3]/td[1]/p' is present after '1' second(s)
	at com.kms.katalon.core.webui.keyword.internal.WebUIKeywordMain.stepFailed(WebUIKeywordMain.groovy:64)
	at com.kms.katalon.core.webui.keyword.internal.WebUIKeywordMain$stepFailed$0.call(Unknown Source)
	at com.kms.katalon.core.webui.keyword.builtin.VerifyElementNotPresentKeyword$_verifyElementNotPresent_closure1.doCall(VerifyElementNotPresentKeyword.groovy:106)
	at com.kms.katalon.core.webui.keyword.builtin.VerifyElementNotPresentKeyword$_verifyElementNotPresent_closure1.doCall(VerifyElementNotPresentKeyword.groovy)
	at com.kms.katalon.core.webui.keyword.internal.WebUIKeywordMain.runKeyword(WebUIKeywordMain.groovy:20)
	at com.kms.katalon.core.webui.keyword.internal.WebUIKeywordMain$runKeyword.call(Unknown Source)
	at com.kms.katalon.core.webui.keyword.builtin.VerifyElementNotPresentKeyword.verifyElementNotPresent(VerifyElementNotPresentKeyword.groovy:117)
	at com.kms.katalon.core.webui.keyword.builtin.VerifyElementNotPresentKeyword.execute(VerifyElementNotPresentKeyword.groovy:68)
	at com.kms.katalon.core.keyword.internal.KeywordExecutor.executeKeywordForPlatform(KeywordExecutor.groovy:74)
	at com.kms.katalon.core.webui.keyword.WebUiBuiltInKeywords.verifyElementNotPresent(WebUiBuiltInKeywords.groovy:1481)
	at com.kms.katalon.core.webui.keyword.WebUiBuiltInKeywords$verifyElementNotPresent$8.call(Unknown Source)
	at GetBrokSumPriceDaily.run(GetBrokSumPriceDaily:258)
	at com.kms.katalon.core.main.ScriptEngine.run(ScriptEngine.java:194)
	at com.kms.katalon.core.main.ScriptEngine.runScriptAsRawText(ScriptEngine.java:119)
	at com.kms.katalon.core.main.TestCaseExecutor.runScript(TestCaseExecutor.java:445)
	at com.kms.katalon.core.main.TestCaseExecutor.doExecute(TestCaseExecutor.java:436)
	at com.kms.katalon.core.main.TestCaseExecutor.processExecutionPhase(TestCaseExecutor.java:415)
	at com.kms.katalon.core.main.TestCaseExecutor.accessMainPhase(TestCaseExecutor.java:407)
	at com.kms.katalon.core.main.TestCaseExecutor.execute(TestCaseExecutor.java:284)
	at com.kms.katalon.core.common.CommonExecutor.accessTestCaseMainPhase(CommonExecutor.java:65)
	at com.kms.katalon.core.main.TestSuiteExecutor.accessTestSuiteMainPhase(TestSuiteExecutor.java:144)
	at com.kms.katalon.core.main.TestSuiteExecutor.execute(TestSuiteExecutor.java:106)
	at com.kms.katalon.core.main.TestCaseMain.startTestSuite(TestCaseMain.java:185)
	at com.kms.katalon.core.main.TestCaseMain$startTestSuite$0.call(Unknown Source)
	at TempTestSuite1705923140048.run(TempTestSuite1705923140048.groovy:36)
)

2024-01-22 18:44:18 - [MESSAGE][WARNING] - Web element with id: 'Object Repository/Stockbit/Bandarmology_Buyer2' located by 'By.xpath: //*[contains(@id, 'rc-tabs-')]/div[2]/div/div/div/div/div/div[2]/table/tbody/tr[3]/td[1]/p' is present after '1' second(s) (Root cause: com.kms.katalon.core.exception.StepFailedException: Web element with id: 'Object Repository/Stockbit/Bandarmology_Buyer2' located by 'By.xpath: //*[contains(@id, 'rc-tabs-')]/div[2]/div/div/div/div/div/div[2]/table/tbody/tr[3]/td[1]/p' is present after '1' second(s)
	at com.kms.katalon.core.webui.keyword.internal.WebUIKeywordMain.stepFailed(WebUIKeywordMain.groovy:64)
	at com.kms.katalon.core.webui.keyword.internal.WebUIKeywordMain$stepFailed$0.call(Unknown Source)
	at com.kms.katalon.core.webui.keyword.builtin.VerifyElementNotPresentKeyword$_verifyElementNotPresent_closure1.doCall(VerifyElementNotPresentKeyword.groovy:106)
	at com.kms.katalon.core.webui.keyword.builtin.VerifyElementNotPresentKeyword$_verifyElementNotPresent_closure1.doCall(VerifyElementNotPresentKeyword.groovy)
	at com.kms.katalon.core.webui.keyword.internal.WebUIKeywordMain.runKeyword(WebUIKeywordMain.groovy:20)
	at com.kms.katalon.core.webui.keyword.internal.WebUIKeywordMain$runKeyword.call(Unknown Source)
	at com.kms.katalon.core.webui.keyword.builtin.VerifyElementNotPresentKeyword.verifyElementNotPresent(VerifyElementNotPresentKeyword.groovy:117)
	at com.kms.katalon.core.webui.keyword.builtin.VerifyElementNotPresentKeyword.execute(VerifyElementNotPresentKeyword.groovy:68)
	at com.kms.katalon.core.keyword.internal.KeywordExecutor.executeKeywordForPlatform(KeywordExecutor.groovy:74)
	at com.kms.katalon.core.webui.keyword.WebUiBuiltInKeywords.verifyElementNotPresent(WebUiBuiltInKeywords.groovy:1481)
	at com.kms.katalon.core.webui.keyword.WebUiBuiltInKeywords$verifyElementNotPresent$8.call(Unknown Source)
	at GetBrokSumPriceDaily.run(GetBrokSumPriceDaily:258)
	at com.kms.katalon.core.main.ScriptEngine.run(ScriptEngine.java:194)
	at com.kms.katalon.core.main.ScriptEngine.runScriptAsRawText(ScriptEngine.java:119)
	at com.kms.katalon.core.main.TestCaseExecutor.runScript(TestCaseExecutor.java:445)
	at com.kms.katalon.core.main.TestCaseExecutor.doExecute(TestCaseExecutor.java:436)
	at com.kms.katalon.core.main.TestCaseExecutor.processExecutionPhase(TestCaseExecutor.java:415)
	at com.kms.katalon.core.main.TestCaseExecutor.accessMainPhase(TestCaseExecutor.java:407)
	at com.kms.katalon.core.main.TestCaseExecutor.execute(TestCaseExecutor.java:284)
	at com.kms.katalon.core.common.CommonExecutor.accessTestCaseMainPhase(CommonExecutor.java:65)
	at com.kms.katalon.core.main.TestSuiteExecutor.accessTestSuiteMainPhase(TestSuiteExecutor.java:144)
	at com.kms.katalon.core.main.TestSuiteExecutor.execute(TestSuiteExecutor.java:106)
	at com.kms.katalon.core.main.TestCaseMain.startTestSuite(TestCaseMain.java:185)
	at com.kms.katalon.core.main.TestCaseMain$startTestSuite$0.call(Unknown Source)
	at TempTestSuite1705923140048.run(TempTestSuite1705923140048.groovy:36)
)
[[ATTACHMENT|C:\\Users\\Fadli\\git\\KatalonDailyGetData2\\Reports\\20240122_174123\\TS1\\20240122_183220\\1705923858358.png]]

2024-01-22 18:44:18 - [TEST_STEP][PASSED] - else: null

2024-01-22 18:44:18 - [TEST_STEP][PASSED] - strBuyer2 = getText(findTestObject("Stockbit/Bandarmology_Buyer2")): Text of object 'Object Repository/Stockbit/Bandarmology_Buyer2' is: 'YB'

2024-01-22 18:44:18 - [MESSAGE][PASSED] - Text of object 'Object Repository/Stockbit/Bandarmology_Buyer2' is: 'YB'

2024-01-22 18:44:18 - [TEST_STEP][PASSED] - strBuyerVol2 = getText(findTestObject("Stockbit/Bandarmology_BuyerVol2")): Text of object 'Object Repository/Stockbit/Bandarmology_BuyerVol2' is: '1.4 K'

2024-01-22 18:44:18 - [MESSAGE][PASSED] - Text of object 'Object Repository/Stockbit/Bandarmology_BuyerVol2' is: '1.4 K'

2024-01-22 18:44:18 - [TEST_STEP][PASSED] - strBuyerAvg2 = getText(findTestObject("Stockbit/Bandarmology_BuyerAvg2")): Text of object 'Object Repository/Stockbit/Bandarmology_BuyerAvg2' is: '162'

2024-01-22 18:44:18 - [MESSAGE][PASSED] - Text of object 'Object Repository/Stockbit/Bandarmology_BuyerAvg2' is: '162'

2024-01-22 18:44:18 - [TEST_STEP][PASSED] - if (strBuyer2 != ""): null

2024-01-22 18:44:18 - [TEST_STEP][PASSED] - if (strBuyerAvg2.contains(",")): null

2024-01-22 18:44:18 - [TEST_STEP][PASSED] - if (strBuyerVol2.contains(" B")): null

2024-01-22 18:44:18 - [TEST_STEP][PASSED] - else if (strBuyerVol2.contains(" M")): null

2024-01-22 18:44:18 - [TEST_STEP][PASSED] - else if (strBuyerVol2.contains(" K")): null

2024-01-22 18:44:18 - [TEST_STEP][PASSED] - strBuyerVol2 = strBuyerVol2.replace(" K", ""): null

2024-01-22 18:44:18 - [TEST_STEP][PASSED] - strBuyerVol2 = strBuyerVol2.toDouble() * 1000: null

2024-01-22 18:44:18 - [TEST_STEP][PASSED] - if (strBuyerVol2.contains(".")): null

2024-01-22 18:44:18 - [TEST_STEP][PASSED] - strBuyerVal2 = strBuyerVol2.replace(".", ""): null

2024-01-22 18:44:18 - [TEST_STEP][PASSED] - if (verifyElementNotPresent(findTestObject("Stockbit/Bandarmology_Seller2"), 1, OPTIONAL)): Web element with id: 'Object Repository/Stockbit/Bandarmology_Seller2' located by 'By.xpath: //*[contains(@id, 'rc-tabs-')]/div[2]/div/div/div/div/div/div[2]/table/tbody/tr[3]/td[5]/p' is present after '1' second(s) (Root cause: com.kms.katalon.core.exception.StepFailedException: Web element with id: 'Object Repository/Stockbit/Bandarmology_Seller2' located by 'By.xpath: //*[contains(@id, 'rc-tabs-')]/div[2]/div/div/div/div/div/div[2]/table/tbody/tr[3]/td[5]/p' is present after '1' second(s)
	at com.kms.katalon.core.webui.keyword.internal.WebUIKeywordMain.stepFailed(WebUIKeywordMain.groovy:64)
	at com.kms.katalon.core.webui.keyword.internal.WebUIKeywordMain$stepFailed$0.call(Unknown Source)
	at com.kms.katalon.core.webui.keyword.builtin.VerifyElementNotPresentKeyword$_verifyElementNotPresent_closure1.doCall(VerifyElementNotPresentKeyword.groovy:106)
	at com.kms.katalon.core.webui.keyword.builtin.VerifyElementNotPresentKeyword$_verifyElementNotPresent_closure1.doCall(VerifyElementNotPresentKeyword.groovy)
	at com.kms.katalon.core.webui.keyword.internal.WebUIKeywordMain.runKeyword(WebUIKeywordMain.groovy:20)
	at com.kms.katalon.core.webui.keyword.internal.WebUIKeywordMain$runKeyword.call(Unknown Source)
	at com.kms.katalon.core.webui.keyword.builtin.VerifyElementNotPresentKeyword.verifyElementNotPresent(VerifyElementNotPresentKeyword.groovy:117)
	at com.kms.katalon.core.webui.keyword.builtin.VerifyElementNotPresentKeyword.execute(VerifyElementNotPresentKeyword.groovy:68)
	at com.kms.katalon.core.keyword.internal.KeywordExecutor.executeKeywordForPlatform(KeywordExecutor.groovy:74)
	at com.kms.katalon.core.webui.keyword.WebUiBuiltInKeywords.verifyElementNotPresent(WebUiBuiltInKeywords.groovy:1481)
	at com.kms.katalon.core.webui.keyword.WebUiBuiltInKeywords$verifyElementNotPresent$8.call(Unknown Source)
	at GetBrokSumPriceDaily.run(GetBrokSumPriceDaily:309)
	at com.kms.katalon.core.main.ScriptEngine.run(ScriptEngine.java:194)
	at com.kms.katalon.core.main.ScriptEngine.runScriptAsRawText(ScriptEngine.java:119)
	at com.kms.katalon.core.main.TestCaseExecutor.runScript(TestCaseExecutor.java:445)
	at com.kms.katalon.core.main.TestCaseExecutor.doExecute(TestCaseExecutor.java:436)
	at com.kms.katalon.core.main.TestCaseExecutor.processExecutionPhase(TestCaseExecutor.java:415)
	at com.kms.katalon.core.main.TestCaseExecutor.accessMainPhase(TestCaseExecutor.java:407)
	at com.kms.katalon.core.main.TestCaseExecutor.execute(TestCaseExecutor.java:284)
	at com.kms.katalon.core.common.CommonExecutor.accessTestCaseMainPhase(CommonExecutor.java:65)
	at com.kms.katalon.core.main.TestSuiteExecutor.accessTestSuiteMainPhase(TestSuiteExecutor.java:144)
	at com.kms.katalon.core.main.TestSuiteExecutor.execute(TestSuiteExecutor.java:106)
	at com.kms.katalon.core.main.TestCaseMain.startTestSuite(TestCaseMain.java:185)
	at com.kms.katalon.core.main.TestCaseMain$startTestSuite$0.call(Unknown Source)
	at TempTestSuite1705923140048.run(TempTestSuite1705923140048.groovy:36)
)

2024-01-22 18:44:20 - [MESSAGE][WARNING] - Web element with id: 'Object Repository/Stockbit/Bandarmology_Seller2' located by 'By.xpath: //*[contains(@id, 'rc-tabs-')]/div[2]/div/div/div/div/div/div[2]/table/tbody/tr[3]/td[5]/p' is present after '1' second(s) (Root cause: com.kms.katalon.core.exception.StepFailedException: Web element with id: 'Object Repository/Stockbit/Bandarmology_Seller2' located by 'By.xpath: //*[contains(@id, 'rc-tabs-')]/div[2]/div/div/div/div/div/div[2]/table/tbody/tr[3]/td[5]/p' is present after '1' second(s)
	at com.kms.katalon.core.webui.keyword.internal.WebUIKeywordMain.stepFailed(WebUIKeywordMain.groovy:64)
	at com.kms.katalon.core.webui.keyword.internal.WebUIKeywordMain$stepFailed$0.call(Unknown Source)
	at com.kms.katalon.core.webui.keyword.builtin.VerifyElementNotPresentKeyword$_verifyElementNotPresent_closure1.doCall(VerifyElementNotPresentKeyword.groovy:106)
	at com.kms.katalon.core.webui.keyword.builtin.VerifyElementNotPresentKeyword$_verifyElementNotPresent_closure1.doCall(VerifyElementNotPresentKeyword.groovy)
	at com.kms.katalon.core.webui.keyword.internal.WebUIKeywordMain.runKeyword(WebUIKeywordMain.groovy:20)
	at com.kms.katalon.core.webui.keyword.internal.WebUIKeywordMain$runKeyword.call(Unknown Source)
	at com.kms.katalon.core.webui.keyword.builtin.VerifyElementNotPresentKeyword.verifyElementNotPresent(VerifyElementNotPresentKeyword.groovy:117)
	at com.kms.katalon.core.webui.keyword.builtin.VerifyElementNotPresentKeyword.execute(VerifyElementNotPresentKeyword.groovy:68)
	at com.kms.katalon.core.keyword.internal.KeywordExecutor.executeKeywordForPlatform(KeywordExecutor.groovy:74)
	at com.kms.katalon.core.webui.keyword.WebUiBuiltInKeywords.verifyElementNotPresent(WebUiBuiltInKeywords.groovy:1481)
	at com.kms.katalon.core.webui.keyword.WebUiBuiltInKeywords$verifyElementNotPresent$8.call(Unknown Source)
	at GetBrokSumPriceDaily.run(GetBrokSumPriceDaily:309)
	at com.kms.katalon.core.main.ScriptEngine.run(ScriptEngine.java:194)
	at com.kms.katalon.core.main.ScriptEngine.runScriptAsRawText(ScriptEngine.java:119)
	at com.kms.katalon.core.main.TestCaseExecutor.runScript(TestCaseExecutor.java:445)
	at com.kms.katalon.core.main.TestCaseExecutor.doExecute(TestCaseExecutor.java:436)
	at com.kms.katalon.core.main.TestCaseExecutor.processExecutionPhase(TestCaseExecutor.java:415)
	at com.kms.katalon.core.main.TestCaseExecutor.accessMainPhase(TestCaseExecutor.java:407)
	at com.kms.katalon.core.main.TestCaseExecutor.execute(TestCaseExecutor.java:284)
	at com.kms.katalon.core.common.CommonExecutor.accessTestCaseMainPhase(CommonExecutor.java:65)
	at com.kms.katalon.core.main.TestSuiteExecutor.accessTestSuiteMainPhase(TestSuiteExecutor.java:144)
	at com.kms.katalon.core.main.TestSuiteExecutor.execute(TestSuiteExecutor.java:106)
	at com.kms.katalon.core.main.TestCaseMain.startTestSuite(TestCaseMain.java:185)
	at com.kms.katalon.core.main.TestCaseMain$startTestSuite$0.call(Unknown Source)
	at TempTestSuite1705923140048.run(TempTestSuite1705923140048.groovy:36)
)
[[ATTACHMENT|C:\\Users\\Fadli\\git\\KatalonDailyGetData2\\Reports\\20240122_174123\\TS1\\20240122_183220\\1705923860053.png]]

2024-01-22 18:44:20 - [TEST_STEP][PASSED] - else: null

2024-01-22 18:44:20 - [TEST_STEP][PASSED] - strSeller2 = getText(findTestObject("Stockbit/Bandarmology_Seller2")): Text of object 'Object Repository/Stockbit/Bandarmology_Seller2' is: 'KK'

2024-01-22 18:44:20 - [MESSAGE][PASSED] - Text of object 'Object Repository/Stockbit/Bandarmology_Seller2' is: 'KK'

2024-01-22 18:44:20 - [TEST_STEP][PASSED] - strSellerVol2 = getText(findTestObject("Stockbit/Bandarmology_SellerVol2")): Text of object 'Object Repository/Stockbit/Bandarmology_SellerVol2' is: '130'

2024-01-22 18:44:20 - [MESSAGE][PASSED] - Text of object 'Object Repository/Stockbit/Bandarmology_SellerVol2' is: '130'

2024-01-22 18:44:20 - [TEST_STEP][PASSED] - strSellerAvg2 = getText(findTestObject("Stockbit/Bandarmology_SellerAvg2")): Text of object 'Object Repository/Stockbit/Bandarmology_SellerAvg2' is: '165'

2024-01-22 18:44:20 - [MESSAGE][PASSED] - Text of object 'Object Repository/Stockbit/Bandarmology_SellerAvg2' is: '165'

2024-01-22 18:44:20 - [TEST_STEP][PASSED] - if (strSeller2 != ""): null

2024-01-22 18:44:20 - [TEST_STEP][PASSED] - if (strSellerAvg2.contains(",")): null

2024-01-22 18:44:20 - [TEST_STEP][PASSED] - if (strSellerVol2.contains(" B")): null

2024-01-22 18:44:20 - [TEST_STEP][PASSED] - if (verifyElementNotPresent(findTestObject("Stockbit/Bandarmology_Buyer3"), 1, OPTIONAL)): Web element with id: 'Object Repository/Stockbit/Bandarmology_Buyer3' located by 'By.xpath: //*[contains(@id, 'rc-tabs-')]/div[2]/div/div/div/div/div/div[2]/table/tbody/tr[4]/td[1]/p' is present after '1' second(s) (Root cause: com.kms.katalon.core.exception.StepFailedException: Web element with id: 'Object Repository/Stockbit/Bandarmology_Buyer3' located by 'By.xpath: //*[contains(@id, 'rc-tabs-')]/div[2]/div/div/div/div/div/div[2]/table/tbody/tr[4]/td[1]/p' is present after '1' second(s)
	at com.kms.katalon.core.webui.keyword.internal.WebUIKeywordMain.stepFailed(WebUIKeywordMain.groovy:64)
	at com.kms.katalon.core.webui.keyword.internal.WebUIKeywordMain$stepFailed$0.call(Unknown Source)
	at com.kms.katalon.core.webui.keyword.builtin.VerifyElementNotPresentKeyword$_verifyElementNotPresent_closure1.doCall(VerifyElementNotPresentKeyword.groovy:106)
	at com.kms.katalon.core.webui.keyword.builtin.VerifyElementNotPresentKeyword$_verifyElementNotPresent_closure1.doCall(VerifyElementNotPresentKeyword.groovy)
	at com.kms.katalon.core.webui.keyword.internal.WebUIKeywordMain.runKeyword(WebUIKeywordMain.groovy:20)
	at com.kms.katalon.core.webui.keyword.internal.WebUIKeywordMain$runKeyword.call(Unknown Source)
	at com.kms.katalon.core.webui.keyword.builtin.VerifyElementNotPresentKeyword.verifyElementNotPresent(VerifyElementNotPresentKeyword.groovy:117)
	at com.kms.katalon.core.webui.keyword.builtin.VerifyElementNotPresentKeyword.execute(VerifyElementNotPresentKeyword.groovy:68)
	at com.kms.katalon.core.keyword.internal.KeywordExecutor.executeKeywordForPlatform(KeywordExecutor.groovy:74)
	at com.kms.katalon.core.webui.keyword.WebUiBuiltInKeywords.verifyElementNotPresent(WebUiBuiltInKeywords.groovy:1481)
	at com.kms.katalon.core.webui.keyword.WebUiBuiltInKeywords$verifyElementNotPresent$8.call(Unknown Source)
	at GetBrokSumPriceDaily.run(GetBrokSumPriceDaily:361)
	at com.kms.katalon.core.main.ScriptEngine.run(ScriptEngine.java:194)
	at com.kms.katalon.core.main.ScriptEngine.runScriptAsRawText(ScriptEngine.java:119)
	at com.kms.katalon.core.main.TestCaseExecutor.runScript(TestCaseExecutor.java:445)
	at com.kms.katalon.core.main.TestCaseExecutor.doExecute(TestCaseExecutor.java:436)
	at com.kms.katalon.core.main.TestCaseExecutor.processExecutionPhase(TestCaseExecutor.java:415)
	at com.kms.katalon.core.main.TestCaseExecutor.accessMainPhase(TestCaseExecutor.java:407)
	at com.kms.katalon.core.main.TestCaseExecutor.execute(TestCaseExecutor.java:284)
	at com.kms.katalon.core.common.CommonExecutor.accessTestCaseMainPhase(CommonExecutor.java:65)
	at com.kms.katalon.core.main.TestSuiteExecutor.accessTestSuiteMainPhase(TestSuiteExecutor.java:144)
	at com.kms.katalon.core.main.TestSuiteExecutor.execute(TestSuiteExecutor.java:106)
	at com.kms.katalon.core.main.TestCaseMain.startTestSuite(TestCaseMain.java:185)
	at com.kms.katalon.core.main.TestCaseMain$startTestSuite$0.call(Unknown Source)
	at TempTestSuite1705923140048.run(TempTestSuite1705923140048.groovy:36)
)

2024-01-22 18:44:22 - [MESSAGE][WARNING] - Web element with id: 'Object Repository/Stockbit/Bandarmology_Buyer3' located by 'By.xpath: //*[contains(@id, 'rc-tabs-')]/div[2]/div/div/div/div/div/div[2]/table/tbody/tr[4]/td[1]/p' is present after '1' second(s) (Root cause: com.kms.katalon.core.exception.StepFailedException: Web element with id: 'Object Repository/Stockbit/Bandarmology_Buyer3' located by 'By.xpath: //*[contains(@id, 'rc-tabs-')]/div[2]/div/div/div/div/div/div[2]/table/tbody/tr[4]/td[1]/p' is present after '1' second(s)
	at com.kms.katalon.core.webui.keyword.internal.WebUIKeywordMain.stepFailed(WebUIKeywordMain.groovy:64)
	at com.kms.katalon.core.webui.keyword.internal.WebUIKeywordMain$stepFailed$0.call(Unknown Source)
	at com.kms.katalon.core.webui.keyword.builtin.VerifyElementNotPresentKeyword$_verifyElementNotPresent_closure1.doCall(VerifyElementNotPresentKeyword.groovy:106)
	at com.kms.katalon.core.webui.keyword.builtin.VerifyElementNotPresentKeyword$_verifyElementNotPresent_closure1.doCall(VerifyElementNotPresentKeyword.groovy)
	at com.kms.katalon.core.webui.keyword.internal.WebUIKeywordMain.runKeyword(WebUIKeywordMain.groovy:20)
	at com.kms.katalon.core.webui.keyword.internal.WebUIKeywordMain$runKeyword.call(Unknown Source)
	at com.kms.katalon.core.webui.keyword.builtin.VerifyElementNotPresentKeyword.verifyElementNotPresent(VerifyElementNotPresentKeyword.groovy:117)
	at com.kms.katalon.core.webui.keyword.builtin.VerifyElementNotPresentKeyword.execute(VerifyElementNotPresentKeyword.groovy:68)
	at com.kms.katalon.core.keyword.internal.KeywordExecutor.executeKeywordForPlatform(KeywordExecutor.groovy:74)
	at com.kms.katalon.core.webui.keyword.WebUiBuiltInKeywords.verifyElementNotPresent(WebUiBuiltInKeywords.groovy:1481)
	at com.kms.katalon.core.webui.keyword.WebUiBuiltInKeywords$verifyElementNotPresent$8.call(Unknown Source)
	at GetBrokSumPriceDaily.run(GetBrokSumPriceDaily:361)
	at com.kms.katalon.core.main.ScriptEngine.run(ScriptEngine.java:194)
	at com.kms.katalon.core.main.ScriptEngine.runScriptAsRawText(ScriptEngine.java:119)
	at com.kms.katalon.core.main.TestCaseExecutor.runScript(TestCaseExecutor.java:445)
	at com.kms.katalon.core.main.TestCaseExecutor.doExecute(TestCaseExecutor.java:436)
	at com.kms.katalon.core.main.TestCaseExecutor.processExecutionPhase(TestCaseExecutor.java:415)
	at com.kms.katalon.core.main.TestCaseExecutor.accessMainPhase(TestCaseExecutor.java:407)
	at com.kms.katalon.core.main.TestCaseExecutor.execute(TestCaseExecutor.java:284)
	at com.kms.katalon.core.common.CommonExecutor.accessTestCaseMainPhase(CommonExecutor.java:65)
	at com.kms.katalon.core.main.TestSuiteExecutor.accessTestSuiteMainPhase(TestSuiteExecutor.java:144)
	at com.kms.katalon.core.main.TestSuiteExecutor.execute(TestSuiteExecutor.java:106)
	at com.kms.katalon.core.main.TestCaseMain.startTestSuite(TestCaseMain.java:185)
	at com.kms.katalon.core.main.TestCaseMain$startTestSuite$0.call(Unknown Source)
	at TempTestSuite1705923140048.run(TempTestSuite1705923140048.groovy:36)
)
[[ATTACHMENT|C:\\Users\\Fadli\\git\\KatalonDailyGetData2\\Reports\\20240122_174123\\TS1\\20240122_183220\\1705923861840.png]]

2024-01-22 18:44:22 - [TEST_STEP][PASSED] - else: null

2024-01-22 18:44:22 - [TEST_STEP][PASSED] - strBuyer3 = getText(findTestObject("Stockbit/Bandarmology_Buyer3")): Text of object 'Object Repository/Stockbit/Bandarmology_Buyer3' is: 'XL'

2024-01-22 18:44:22 - [MESSAGE][PASSED] - Text of object 'Object Repository/Stockbit/Bandarmology_Buyer3' is: 'XL'

2024-01-22 18:44:22 - [TEST_STEP][PASSED] - strBuyerVol3 = getText(findTestObject("Stockbit/Bandarmology_BuyerVol3")): Text of object 'Object Repository/Stockbit/Bandarmology_BuyerVol3' is: '1.4 K'

2024-01-22 18:44:22 - [MESSAGE][PASSED] - Text of object 'Object Repository/Stockbit/Bandarmology_BuyerVol3' is: '1.4 K'

2024-01-22 18:44:22 - [TEST_STEP][PASSED] - strBuyerAvg3 = getText(findTestObject("Stockbit/Bandarmology_BuyerAvg3")): Text of object 'Object Repository/Stockbit/Bandarmology_BuyerAvg3' is: '162'

2024-01-22 18:44:22 - [MESSAGE][PASSED] - Text of object 'Object Repository/Stockbit/Bandarmology_BuyerAvg3' is: '162'

2024-01-22 18:44:22 - [TEST_STEP][PASSED] - if (strBuyer3 != ""): null

2024-01-22 18:44:22 - [TEST_STEP][PASSED] - if (strBuyerAvg3.contains(",")): null

2024-01-22 18:44:22 - [TEST_STEP][PASSED] - if (strBuyerVol3.contains(" B")): null

2024-01-22 18:44:22 - [TEST_STEP][PASSED] - else if (strBuyerVol3.contains(" M")): null

2024-01-22 18:44:22 - [TEST_STEP][PASSED] - else if (strBuyerVol3.contains(" K")): null

2024-01-22 18:44:22 - [TEST_STEP][PASSED] - strBuyerVol3 = strBuyerVol3.replace(" K", ""): null

2024-01-22 18:44:22 - [TEST_STEP][PASSED] - strBuyerVol3 = strBuyerVol3.toDouble() * 1000: null

2024-01-22 18:44:22 - [TEST_STEP][PASSED] - if (verifyElementNotPresent(findTestObject("Stockbit/Bandarmology_Seller3"), 1, OPTIONAL)): Web element with id: 'Object Repository/Stockbit/Bandarmology_Seller3' located by 'By.xpath: //*[contains(@id, 'rc-tabs-')]/div[2]/div/div/div/div/div/div[2]/table/tbody/tr[4]/td[5]/p' is present after '1' second(s) (Root cause: com.kms.katalon.core.exception.StepFailedException: Web element with id: 'Object Repository/Stockbit/Bandarmology_Seller3' located by 'By.xpath: //*[contains(@id, 'rc-tabs-')]/div[2]/div/div/div/div/div/div[2]/table/tbody/tr[4]/td[5]/p' is present after '1' second(s)
	at com.kms.katalon.core.webui.keyword.internal.WebUIKeywordMain.stepFailed(WebUIKeywordMain.groovy:64)
	at com.kms.katalon.core.webui.keyword.internal.WebUIKeywordMain$stepFailed$0.call(Unknown Source)
	at com.kms.katalon.core.webui.keyword.builtin.VerifyElementNotPresentKeyword$_verifyElementNotPresent_closure1.doCall(VerifyElementNotPresentKeyword.groovy:106)
	at com.kms.katalon.core.webui.keyword.builtin.VerifyElementNotPresentKeyword$_verifyElementNotPresent_closure1.doCall(VerifyElementNotPresentKeyword.groovy)
	at com.kms.katalon.core.webui.keyword.internal.WebUIKeywordMain.runKeyword(WebUIKeywordMain.groovy:20)
	at com.kms.katalon.core.webui.keyword.internal.WebUIKeywordMain$runKeyword.call(Unknown Source)
	at com.kms.katalon.core.webui.keyword.builtin.VerifyElementNotPresentKeyword.verifyElementNotPresent(VerifyElementNotPresentKeyword.groovy:117)
	at com.kms.katalon.core.webui.keyword.builtin.VerifyElementNotPresentKeyword.execute(VerifyElementNotPresentKeyword.groovy:68)
	at com.kms.katalon.core.keyword.internal.KeywordExecutor.executeKeywordForPlatform(KeywordExecutor.groovy:74)
	at com.kms.katalon.core.webui.keyword.WebUiBuiltInKeywords.verifyElementNotPresent(WebUiBuiltInKeywords.groovy:1481)
	at com.kms.katalon.core.webui.keyword.WebUiBuiltInKeywords$verifyElementNotPresent$8.call(Unknown Source)
	at GetBrokSumPriceDaily.run(GetBrokSumPriceDaily:414)
	at com.kms.katalon.core.main.ScriptEngine.run(ScriptEngine.java:194)
	at com.kms.katalon.core.main.ScriptEngine.runScriptAsRawText(ScriptEngine.java:119)
	at com.kms.katalon.core.main.TestCaseExecutor.runScript(TestCaseExecutor.java:445)
	at com.kms.katalon.core.main.TestCaseExecutor.doExecute(TestCaseExecutor.java:436)
	at com.kms.katalon.core.main.TestCaseExecutor.processExecutionPhase(TestCaseExecutor.java:415)
	at com.kms.katalon.core.main.TestCaseExecutor.accessMainPhase(TestCaseExecutor.java:407)
	at com.kms.katalon.core.main.TestCaseExecutor.execute(TestCaseExecutor.java:284)
	at com.kms.katalon.core.common.CommonExecutor.accessTestCaseMainPhase(CommonExecutor.java:65)
	at com.kms.katalon.core.main.TestSuiteExecutor.accessTestSuiteMainPhase(TestSuiteExecutor.java:144)
	at com.kms.katalon.core.main.TestSuiteExecutor.execute(TestSuiteExecutor.java:106)
	at com.kms.katalon.core.main.TestCaseMain.startTestSuite(TestCaseMain.java:185)
	at com.kms.katalon.core.main.TestCaseMain$startTestSuite$0.call(Unknown Source)
	at TempTestSuite1705923140048.run(TempTestSuite1705923140048.groovy:36)
)

2024-01-22 18:44:23 - [MESSAGE][WARNING] - Web element with id: 'Object Repository/Stockbit/Bandarmology_Seller3' located by 'By.xpath: //*[contains(@id, 'rc-tabs-')]/div[2]/div/div/div/div/div/div[2]/table/tbody/tr[4]/td[5]/p' is present after '1' second(s) (Root cause: com.kms.katalon.core.exception.StepFailedException: Web element with id: 'Object Repository/Stockbit/Bandarmology_Seller3' located by 'By.xpath: //*[contains(@id, 'rc-tabs-')]/div[2]/div/div/div/div/div/div[2]/table/tbody/tr[4]/td[5]/p' is present after '1' second(s)
	at com.kms.katalon.core.webui.keyword.internal.WebUIKeywordMain.stepFailed(WebUIKeywordMain.groovy:64)
	at com.kms.katalon.core.webui.keyword.internal.WebUIKeywordMain$stepFailed$0.call(Unknown Source)
	at com.kms.katalon.core.webui.keyword.builtin.VerifyElementNotPresentKeyword$_verifyElementNotPresent_closure1.doCall(VerifyElementNotPresentKeyword.groovy:106)
	at com.kms.katalon.core.webui.keyword.builtin.VerifyElementNotPresentKeyword$_verifyElementNotPresent_closure1.doCall(VerifyElementNotPresentKeyword.groovy)
	at com.kms.katalon.core.webui.keyword.internal.WebUIKeywordMain.runKeyword(WebUIKeywordMain.groovy:20)
	at com.kms.katalon.core.webui.keyword.internal.WebUIKeywordMain$runKeyword.call(Unknown Source)
	at com.kms.katalon.core.webui.keyword.builtin.VerifyElementNotPresentKeyword.verifyElementNotPresent(VerifyElementNotPresentKeyword.groovy:117)
	at com.kms.katalon.core.webui.keyword.builtin.VerifyElementNotPresentKeyword.execute(VerifyElementNotPresentKeyword.groovy:68)
	at com.kms.katalon.core.keyword.internal.KeywordExecutor.executeKeywordForPlatform(KeywordExecutor.groovy:74)
	at com.kms.katalon.core.webui.keyword.WebUiBuiltInKeywords.verifyElementNotPresent(WebUiBuiltInKeywords.groovy:1481)
	at com.kms.katalon.core.webui.keyword.WebUiBuiltInKeywords$verifyElementNotPresent$8.call(Unknown Source)
	at GetBrokSumPriceDaily.run(GetBrokSumPriceDaily:414)
	at com.kms.katalon.core.main.ScriptEngine.run(ScriptEngine.java:194)
	at com.kms.katalon.core.main.ScriptEngine.runScriptAsRawText(ScriptEngine.java:119)
	at com.kms.katalon.core.main.TestCaseExecutor.runScript(TestCaseExecutor.java:445)
	at com.kms.katalon.core.main.TestCaseExecutor.doExecute(TestCaseExecutor.java:436)
	at com.kms.katalon.core.main.TestCaseExecutor.processExecutionPhase(TestCaseExecutor.java:415)
	at com.kms.katalon.core.main.TestCaseExecutor.accessMainPhase(TestCaseExecutor.java:407)
	at com.kms.katalon.core.main.TestCaseExecutor.execute(TestCaseExecutor.java:284)
	at com.kms.katalon.core.common.CommonExecutor.accessTestCaseMainPhase(CommonExecutor.java:65)
	at com.kms.katalon.core.main.TestSuiteExecutor.accessTestSuiteMainPhase(TestSuiteExecutor.java:144)
	at com.kms.katalon.core.main.TestSuiteExecutor.execute(TestSuiteExecutor.java:106)
	at com.kms.katalon.core.main.TestCaseMain.startTestSuite(TestCaseMain.java:185)
	at com.kms.katalon.core.main.TestCaseMain$startTestSuite$0.call(Unknown Source)
	at TempTestSuite1705923140048.run(TempTestSuite1705923140048.groovy:36)
)
[[ATTACHMENT|C:\\Users\\Fadli\\git\\KatalonDailyGetData2\\Reports\\20240122_174123\\TS1\\20240122_183220\\1705923863547.png]]

2024-01-22 18:44:23 - [TEST_STEP][PASSED] - else: null

2024-01-22 18:44:23 - [TEST_STEP][PASSED] - strSeller3 = getText(findTestObject("Stockbit/Bandarmology_Seller3")): Text of object 'Object Repository/Stockbit/Bandarmology_Seller3' is: 'IF'

2024-01-22 18:44:23 - [MESSAGE][PASSED] - Text of object 'Object Repository/Stockbit/Bandarmology_Seller3' is: 'IF'

2024-01-22 18:44:23 - [TEST_STEP][PASSED] - strSellerVol3 = getText(findTestObject("Stockbit/Bandarmology_SellerVol3")): Text of object 'Object Repository/Stockbit/Bandarmology_SellerVol3' is: '10'

2024-01-22 18:44:23 - [MESSAGE][PASSED] - Text of object 'Object Repository/Stockbit/Bandarmology_SellerVol3' is: '10'

2024-01-22 18:44:23 - [TEST_STEP][PASSED] - strSellerAvg3 = getText(findTestObject("Stockbit/Bandarmology_SellerAvg3")): Text of object 'Object Repository/Stockbit/Bandarmology_SellerAvg3' is: '164'

2024-01-22 18:44:24 - [MESSAGE][PASSED] - Text of object 'Object Repository/Stockbit/Bandarmology_SellerAvg3' is: '164'

2024-01-22 18:44:24 - [TEST_STEP][PASSED] - if (strSeller3 != ""): null

2024-01-22 18:44:24 - [TEST_STEP][PASSED] - if (strSellerAvg3.contains(",")): null

2024-01-22 18:44:24 - [TEST_STEP][PASSED] - if (strSellerVol3.contains(" B")): null

2024-01-22 18:44:24 - [TEST_STEP][PASSED] - strAccDist = getText(findTestObject("Stockbit/Bandarmology_AccDist")): Text of object 'Object Repository/Stockbit/Bandarmology_AccDist' is: 'Dist'

2024-01-22 18:44:24 - [MESSAGE][PASSED] - Text of object 'Object Repository/Stockbit/Bandarmology_AccDist' is: 'Dist'

2024-01-22 18:44:24 - [TEST_STEP][PASSED] - strNetVol = getText(findTestObject("Stockbit/Bandarmology_NetVol")): Text of object 'Object Repository/Stockbit/Bandarmology_NetVol' is: '6,776'

2024-01-22 18:44:24 - [MESSAGE][PASSED] - Text of object 'Object Repository/Stockbit/Bandarmology_NetVol' is: '6,776'

2024-01-22 18:44:24 - [TEST_STEP][PASSED] - strNetVol = strNetVol.replace(",", ""): null

2024-01-22 18:44:24 - [TEST_STEP][PASSED] - strNetVal = getText(findTestObject("Stockbit/Bandarmology_NetVal")): Text of object 'Object Repository/Stockbit/Bandarmology_NetVal' is: '0.1 B'

2024-01-22 18:44:24 - [MESSAGE][PASSED] - Text of object 'Object Repository/Stockbit/Bandarmology_NetVal' is: '0.1 B'

2024-01-22 18:44:24 - [TEST_STEP][PASSED] - delay(3): Delayed 3 second(s)

2024-01-22 18:44:27 - [MESSAGE][PASSED] - Delayed 3 second(s)

2024-01-22 18:44:27 - [TEST_STEP][PASSED] - strOpenPrice = getText(findTestObject("Stockbit/Home_OpenPrice")): Text of object 'Object Repository/Stockbit/Home_OpenPrice' is: '166'

2024-01-22 18:44:27 - [MESSAGE][PASSED] - Text of object 'Object Repository/Stockbit/Home_OpenPrice' is: '166'

2024-01-22 18:44:27 - [TEST_STEP][PASSED] - strOpenPrice = strOpenPrice.replace(",", ""): null

2024-01-22 18:44:27 - [TEST_STEP][PASSED] - strLowPrice = getText(findTestObject("Stockbit/Home_LowPrice")): Text of object 'Object Repository/Stockbit/Home_LowPrice' is: '160'

2024-01-22 18:44:27 - [MESSAGE][PASSED] - Text of object 'Object Repository/Stockbit/Home_LowPrice' is: '160'

2024-01-22 18:44:27 - [TEST_STEP][PASSED] - strLowPrice = strLowPrice.replace(",", ""): null

2024-01-22 18:44:27 - [TEST_STEP][PASSED] - strHighPrice = getText(findTestObject("Stockbit/Home_HighPrice")): Text of object 'Object Repository/Stockbit/Home_HighPrice' is: '171'

2024-01-22 18:44:27 - [MESSAGE][PASSED] - Text of object 'Object Repository/Stockbit/Home_HighPrice' is: '171'

2024-01-22 18:44:27 - [TEST_STEP][PASSED] - strHighPrice = strHighPrice.replace(",", ""): null

2024-01-22 18:44:27 - [TEST_STEP][PASSED] - strClosePrice = getText(findTestObject("Stockbit/Home_ClosePrice")): Text of object 'Object Repository/Stockbit/Home_ClosePrice' is: '168'

2024-01-22 18:44:27 - [MESSAGE][PASSED] - Text of object 'Object Repository/Stockbit/Home_ClosePrice' is: '168'

2024-01-22 18:44:27 - [TEST_STEP][PASSED] - strClosePrice = strClosePrice.replace(",", ""): null

2024-01-22 18:44:27 - [TEST_STEP][PASSED] - strVol = getText(findTestObject("Stockbit/Home_Volume")): Text of object 'Object Repository/Stockbit/Home_Volume' is: '10 K'

2024-01-22 18:44:28 - [MESSAGE][PASSED] - Text of object 'Object Repository/Stockbit/Home_Volume' is: '10 K'

2024-01-22 18:44:28 - [TEST_STEP][PASSED] - if (strVol.contains(" K")): null

2024-01-22 18:44:28 - [TEST_STEP][PASSED] - strVol = strVol.replace(" K", "000"): null

2024-01-22 18:44:28 - [TEST_STEP][PASSED] - if (strVol.contains(",")): null

2024-01-22 18:44:28 - [TEST_STEP][PASSED] - strChange = getText(findTestObject("Stockbit/Home_Change")): Text of object 'Object Repository/Stockbit/Home_Change' is: '-0.59%'

2024-01-22 18:44:28 - [MESSAGE][PASSED] - Text of object 'Object Repository/Stockbit/Home_Change' is: '-0.59%'

2024-01-22 18:44:28 - [TEST_STEP][PASSED] - strChange = strChange.replace("%", ""): null

2024-01-22 18:44:28 - [TEST_STEP][PASSED] - strFreq = getText(findTestObject("Stockbit/Home_Freq")): Text of object 'Object Repository/Stockbit/Home_Freq' is: '254'

2024-01-22 18:44:28 - [MESSAGE][PASSED] - Text of object 'Object Repository/Stockbit/Home_Freq' is: '254'

2024-01-22 18:44:28 - [TEST_STEP][PASSED] - if (strFreq.contains(",")): null

2024-01-22 18:44:28 - [TEST_STEP][PASSED] - if (strFreq == "NA" || strFreq == ""): null

2024-01-22 18:44:28 - [TEST_STEP][PASSED] - else: null

2024-01-22 18:44:28 - [TEST_STEP][PASSED] - dblFreqAnal = strVol.toDouble() / strFreq.toDouble() * strFreq.toDouble() * strFreq.toDouble() * 100000000: null

2024-01-22 18:44:28 - [TEST_STEP][PASSED] - strFreqAnal = String.format("%.4f", dblFreqAnal): null

2024-01-22 18:44:28 - [TEST_STEP][PASSED] - out.println("Double strFreqAnal: " + strFreqAnal): null

2024-01-22 18:44:28 - [TEST_STEP][PASSED] - strTanggal = d.format(DateTimeFormatter.ofPattern("yyyy-MM-dd")): null

2024-01-22 18:44:28 - [TEST_STEP][PASSED] - strTanggal = "#" + strTanggal + "#": null

2024-01-22 18:44:28 - [TEST_STEP][PASSED] - strSQL = "select count(*) as JumBaris from TblBrokSum where Nama = '" + strNama + "' and Tanggal = " + strTanggal + "": null

2024-01-22 18:44:28 - [TEST_STEP][PASSED] - resultSet = statement.executeQuery(strSQL): null

2024-01-22 18:44:28 - [TEST_STEP][PASSED] - resultSet.next(): null

2024-01-22 18:44:28 - [TEST_STEP][PASSED] - intJumBaris = resultSet.getInt("JumBaris"): null

2024-01-22 18:44:28 - [TEST_STEP][PASSED] - if (intJumBaris > 0): null

2024-01-22 18:44:28 - [TEST_STEP][PASSED] - else: null

2024-01-22 18:44:28 - [TEST_STEP][PASSED] - try: null

2024-01-22 18:44:28 - [TEST_STEP][PASSED] - out.println("Insert data"): null

2024-01-22 18:44:28 - [TEST_STEP][PASSED] - strSQL = "insert into TblBrokSum (nama, tanggal, top1, top2, top3, AllBrokAvg, AccDist, AvgRP, " + "Buyer1, BuyerVal1, BuyerAvg1, Seller1, SellerVal1, SellerAvg1, Buyer2, BuyerVal2, BuyerAvg2, " + "Seller2, SellerVal2, SellerAvg2, Buyer3, BuyerVal3, BuyerAvg3, Seller3, SellerVal3, SellerAvg3, NetVol, NetVal, " + "OpenPrice, LowPrice, HighPrice, ClosePrice, Volume, Change, Frekuensi, FrekAnal) " + "values ('" + strNama + "', " + strTanggal + ", '" + strTop1 + "', '" + strTop3 + "', '" + strTop5 + "', " + "'" + strAllBrokAvg + "', '" + strAccDist + "', " + intAvgRP + ", '" + strBuyer1 + "', '" + strBuyerVol1 + "', " + strBuyerAvg1 + ", " + "'" + strSeller1 + "', '" + strSellerVol1 + "', " + strSellerAvg1 + ", '" + strBuyer2 + "', '" + strBuyerVol2 + "', " + strBuyerAvg2 + ", " + "'" + strSeller2 + "', '" + strSellerVol2 + "', " + strSellerAvg2 + ", '" + strBuyer3 + "', '" + strBuyerVol3 + "', " + strBuyerAvg3 + ", " + "'" + strSeller3 + "', '" + strSellerVol3 + "', " + strSellerAvg3 + ", " + strNetVol + ", '" + strNetVal + "', " + "" + strOpenPrice + ", " + strLowPrice + ", " + strHighPrice + ", " + strClosePrice + ", '" + strVol + "', " + strChange + ", " + strFreq + ", " + strFreqAnal + ");": null

2024-01-22 18:44:28 - [TEST_STEP][PASSED] - out.println("strSQL = " + strSQL): null

2024-01-22 18:44:28 - [TEST_STEP][PASSED] - statement.executeUpdate(strSQL): null

2024-01-22 18:44:28 - [TEST_STEP][PASSED] - setValueToCellByIndex(sheet01, rowIndex, 4, "DONE"): null

2024-01-22 18:44:28 - [TEST_STEP][PASSED] - saveWorkbook(excelFilePath, workbook01): null

2024-01-22 18:44:28 - [TEST_STEP][PASSED] - waitForElementClickable(findTestObject("Stockbit/menu_Bandarmology"), 10): Object 'Object Repository/Stockbit/menu_Bandarmology' is clickable

2024-01-22 18:44:28 - [MESSAGE][PASSED] - Object 'Object Repository/Stockbit/menu_Bandarmology' is clickable

2024-01-22 18:44:28 - [TEST_STEP][PASSED] - click(findTestObject("Stockbit/menu_Bandarmology")): Object: 'Object Repository/Stockbit/menu_Bandarmology' is clicked on

2024-01-22 18:44:28 - [MESSAGE][PASSED] - Object: 'Object Repository/Stockbit/menu_Bandarmology' is clicked on

2024-01-22 18:44:28 - [TEST_STEP][PASSED] - strTemp = "NA": null

2024-01-22 18:44:28 - [TEST_STEP][PASSED] - if (getCellValueByIndex(sheet01, rowIndex, 4) != "DONE"): Object: 'Object Repository/Stockbit/menu_Bandarmology' is clicked on

2024-01-22 18:44:28 - [TEST_STEP][PASSED] - strNama = getCellValueByIndex(sheet01, rowIndex, 0): null

2024-01-22 18:44:28 - [TEST_STEP][PASSED] - navigateToUrl("https://stockbit.com/#/symbol/" + strNama): Navigate to 'https://stockbit.com/#/symbol/VTNY' successfully

2024-01-22 18:44:30 - [MESSAGE][PASSED] - Navigate to 'https://stockbit.com/#/symbol/VTNY' successfully

2024-01-22 18:44:30 - [TEST_STEP][PASSED] - waitForElementClickable(findTestObject("Stockbit/menu_Bandarmology"), 10): Object 'Object Repository/Stockbit/menu_Bandarmology' is clickable

2024-01-22 18:44:30 - [MESSAGE][PASSED] - Object 'Object Repository/Stockbit/menu_Bandarmology' is clickable

2024-01-22 18:44:30 - [TEST_STEP][PASSED] - click(findTestObject("Stockbit/menu_Bandarmology")): Object: 'Object Repository/Stockbit/menu_Bandarmology' is clicked on

2024-01-22 18:44:32 - [MESSAGE][PASSED] - Object: 'Object Repository/Stockbit/menu_Bandarmology' is clicked on

2024-01-22 18:44:32 - [TEST_STEP][PASSED] - strTanggal = d.format(DateTimeFormatter.ofPattern("MMM dd, yyyy")): null

2024-01-22 18:44:32 - [TEST_STEP][PASSED] - strTanggal = d.format(ISO_DATE): null

2024-01-22 18:44:32 - [TEST_STEP][PASSED] - out.println("strTanggal = " + strTanggal): null

2024-01-22 18:44:32 - [TEST_STEP][PASSED] - out.println("strNama = " + strNama): null

2024-01-22 18:44:32 - [TEST_STEP][PASSED] - out.println("Baris ke = " + rowIndex): null

2024-01-22 18:44:32 - [TEST_STEP][PASSED] - click(findTestObject("Stockbit/input__BandarmologyOpenStartDate")): Object: 'Object Repository/Stockbit/input__BandarmologyOpenStartDate' is clicked on

2024-01-22 18:44:33 - [MESSAGE][PASSED] - Object: 'Object Repository/Stockbit/input__BandarmologyOpenStartDate' is clicked on

2024-01-22 18:44:33 - [TEST_STEP][PASSED] - sendKeys(findTestObject("Stockbit/input__BandarmologyOpenStartDate"), Keys.chord(CONTROL, "a")): Keys 'CONTROL + a' sent to object: 'Object Repository/Stockbit/input__BandarmologyOpenStartDate'

2024-01-22 18:44:33 - [MESSAGE][PASSED] - Keys 'CONTROL + a' sent to object: 'Object Repository/Stockbit/input__BandarmologyOpenStartDate'

2024-01-22 18:44:33 - [TEST_STEP][PASSED] - sendKeys(findTestObject("Stockbit/input__BandarmologyOpenStartDate"), Keys.chord(BACK_SPACE)): Keys 'BACK_SPACE + ' sent to object: 'Object Repository/Stockbit/input__BandarmologyOpenStartDate'

2024-01-22 18:44:34 - [MESSAGE][PASSED] - Keys 'BACK_SPACE + ' sent to object: 'Object Repository/Stockbit/input__BandarmologyOpenStartDate'

2024-01-22 18:44:34 - [TEST_STEP][PASSED] - setText(findTestObject("Stockbit/input__BandarmologyOpenStartDate"), strTanggal): Text '2024-01-22' is set on object 'Object Repository/Stockbit/input__BandarmologyOpenStartDate'

2024-01-22 18:44:34 - [MESSAGE][PASSED] - Text '2024-01-22' is set on object 'Object Repository/Stockbit/input__BandarmologyOpenStartDate'

2024-01-22 18:44:34 - [TEST_STEP][PASSED] - sendKeys(findTestObject("Stockbit/input__BandarmologyOpenStartDate"), Keys.chord(ENTER)): Keys 'ENTER + ' sent to object: 'Object Repository/Stockbit/input__BandarmologyOpenStartDate'

2024-01-22 18:44:35 - [MESSAGE][PASSED] - Keys 'ENTER + ' sent to object: 'Object Repository/Stockbit/input__BandarmologyOpenStartDate'

2024-01-22 18:44:35 - [TEST_STEP][PASSED] - click(findTestObject("Stockbit/input__BandarmologyOpenEndDate")): Object: 'Object Repository/Stockbit/input__BandarmologyOpenEndDate' is clicked on

2024-01-22 18:44:35 - [MESSAGE][PASSED] - Object: 'Object Repository/Stockbit/input__BandarmologyOpenEndDate' is clicked on

2024-01-22 18:44:35 - [TEST_STEP][PASSED] - sendKeys(findTestObject("Stockbit/input__BandarmologyOpenEndDate"), Keys.chord(CONTROL, "a")): Keys 'CONTROL + a' sent to object: 'Object Repository/Stockbit/input__BandarmologyOpenEndDate'

2024-01-22 18:44:36 - [MESSAGE][PASSED] - Keys 'CONTROL + a' sent to object: 'Object Repository/Stockbit/input__BandarmologyOpenEndDate'

2024-01-22 18:44:36 - [TEST_STEP][PASSED] - sendKeys(findTestObject("Stockbit/input__BandarmologyOpenEndDate"), Keys.chord(BACK_SPACE)): Keys 'BACK_SPACE + ' sent to object: 'Object Repository/Stockbit/input__BandarmologyOpenEndDate'

2024-01-22 18:44:36 - [MESSAGE][PASSED] - Keys 'BACK_SPACE + ' sent to object: 'Object Repository/Stockbit/input__BandarmologyOpenEndDate'

2024-01-22 18:44:36 - [TEST_STEP][PASSED] - setText(findTestObject("Stockbit/input__BandarmologyOpenEndDate"), strTanggal): Text '2024-01-22' is set on object 'Object Repository/Stockbit/input__BandarmologyOpenEndDate'

2024-01-22 18:44:37 - [MESSAGE][PASSED] - Text '2024-01-22' is set on object 'Object Repository/Stockbit/input__BandarmologyOpenEndDate'

2024-01-22 18:44:37 - [TEST_STEP][PASSED] - sendKeys(findTestObject("Stockbit/input__BandarmologyOpenEndDate"), Keys.chord(ENTER)): Keys 'ENTER + ' sent to object: 'Object Repository/Stockbit/input__BandarmologyOpenEndDate'

2024-01-22 18:44:37 - [MESSAGE][PASSED] - Keys 'ENTER + ' sent to object: 'Object Repository/Stockbit/input__BandarmologyOpenEndDate'

2024-01-22 18:44:37 - [TEST_STEP][PASSED] - delay(2): Delayed 2 second(s)

2024-01-22 18:44:39 - [MESSAGE][PASSED] - Delayed 2 second(s)

2024-01-22 18:44:39 - [TEST_STEP][PASSED] - strTemp = getText(findTestObject("Stockbit/Bandarmology_AvgRP")): Text of object 'Object Repository/Stockbit/Bandarmology_AvgRP' is: '204'

2024-01-22 18:44:39 - [MESSAGE][PASSED] - Text of object 'Object Repository/Stockbit/Bandarmology_AvgRP' is: '204'

2024-01-22 18:44:39 - [TEST_STEP][PASSED] - out.println("Bandarmology_AvgRP = " + strTemp): null

2024-01-22 18:44:39 - [TEST_STEP][PASSED] - if (strTemp != "0"): null

2024-01-22 18:44:39 - [TEST_STEP][PASSED] - strTop1 = getText(findTestObject("Stockbit/Bandarmology_Top1")): Text of object 'Object Repository/Stockbit/Bandarmology_Top1' is: 'Neutral'

2024-01-22 18:44:39 - [MESSAGE][PASSED] - Text of object 'Object Repository/Stockbit/Bandarmology_Top1' is: 'Neutral'

2024-01-22 18:44:39 - [TEST_STEP][PASSED] - strTop3 = getText(findTestObject("Stockbit/Bandarmology_Top3")): Text of object 'Object Repository/Stockbit/Bandarmology_Top3' is: 'Neutral'

2024-01-22 18:44:39 - [MESSAGE][PASSED] - Text of object 'Object Repository/Stockbit/Bandarmology_Top3' is: 'Neutral'

2024-01-22 18:44:39 - [TEST_STEP][PASSED] - strTop5 = getText(findTestObject("Stockbit/Bandarmology_Top5")): Text of object 'Object Repository/Stockbit/Bandarmology_Top5' is: 'Neutral'

2024-01-22 18:44:40 - [MESSAGE][PASSED] - Text of object 'Object Repository/Stockbit/Bandarmology_Top5' is: 'Neutral'

2024-01-22 18:44:40 - [TEST_STEP][PASSED] - strAllBrokAvg = getText(findTestObject("Stockbit/Bandarmology_TopAVG")): Text of object 'Object Repository/Stockbit/Bandarmology_TopAVG' is: 'Neutral'

2024-01-22 18:44:40 - [MESSAGE][PASSED] - Text of object 'Object Repository/Stockbit/Bandarmology_TopAVG' is: 'Neutral'

2024-01-22 18:44:40 - [TEST_STEP][PASSED] - strTemp = getText(findTestObject("Stockbit/Bandarmology_AvgRP")): Text of object 'Object Repository/Stockbit/Bandarmology_AvgRP' is: '204'

2024-01-22 18:44:40 - [MESSAGE][PASSED] - Text of object 'Object Repository/Stockbit/Bandarmology_AvgRP' is: '204'

2024-01-22 18:44:40 - [TEST_STEP][PASSED] - if (strTemp.contains(",")): null

2024-01-22 18:44:40 - [TEST_STEP][PASSED] - intAvgRP = strTemp.toInteger(): null

2024-01-22 18:44:40 - [TEST_STEP][PASSED] - strBuyer1 = getText(findTestObject("Stockbit/Bandarmology_Buyer1")): Text of object 'Object Repository/Stockbit/Bandarmology_Buyer1' is: 'DU'

2024-01-22 18:44:40 - [MESSAGE][PASSED] - Text of object 'Object Repository/Stockbit/Bandarmology_Buyer1' is: 'DU'

2024-01-22 18:44:40 - [TEST_STEP][PASSED] - strBuyerVol1 = getText(findTestObject("Stockbit/Bandarmology_BuyerVol1")): Text of object 'Object Repository/Stockbit/Bandarmology_BuyerVol1' is: '12.4 K'

2024-01-22 18:44:40 - [MESSAGE][PASSED] - Text of object 'Object Repository/Stockbit/Bandarmology_BuyerVol1' is: '12.4 K'

2024-01-22 18:44:40 - [TEST_STEP][PASSED] - strBuyerAvg1 = getText(findTestObject("Stockbit/Bandarmology_BuyerAvg1")): Text of object 'Object Repository/Stockbit/Bandarmology_BuyerAvg1' is: '198'

2024-01-22 18:44:40 - [MESSAGE][PASSED] - Text of object 'Object Repository/Stockbit/Bandarmology_BuyerAvg1' is: '198'

2024-01-22 18:44:40 - [TEST_STEP][PASSED] - if (strBuyerAvg1.contains(",")): null

2024-01-22 18:44:40 - [TEST_STEP][PASSED] - if (strBuyerVol1.contains(" B")): null

2024-01-22 18:44:40 - [TEST_STEP][PASSED] - else if (strBuyerVol1.contains(" M")): null

2024-01-22 18:44:40 - [TEST_STEP][PASSED] - else if (strBuyerVol1.contains(" K")): null

2024-01-22 18:44:40 - [TEST_STEP][PASSED] - strBuyerVol1 = strBuyerVol1.replace(" K", ""): null

2024-01-22 18:44:40 - [TEST_STEP][PASSED] - strBuyerVol1 = strBuyerVol1.toDouble() * 1000: null

2024-01-22 18:44:40 - [TEST_STEP][PASSED] - strSeller1 = getText(findTestObject("Stockbit/Bandarmology_Seller1")): Text of object 'Object Repository/Stockbit/Bandarmology_Seller1' is: 'CC'

2024-01-22 18:44:40 - [MESSAGE][PASSED] - Text of object 'Object Repository/Stockbit/Bandarmology_Seller1' is: 'CC'

2024-01-22 18:44:40 - [TEST_STEP][PASSED] - strSellerVol1 = getText(findTestObject("Stockbit/Bandarmology_SellerVol1")): Text of object 'Object Repository/Stockbit/Bandarmology_SellerVol1' is: '12.4 K'

2024-01-22 18:44:40 - [MESSAGE][PASSED] - Text of object 'Object Repository/Stockbit/Bandarmology_SellerVol1' is: '12.4 K'

2024-01-22 18:44:40 - [TEST_STEP][PASSED] - strSellerAvg1 = getText(findTestObject("Stockbit/Bandarmology_SellerAvg1")): Text of object 'Object Repository/Stockbit/Bandarmology_SellerAvg1' is: '201'

2024-01-22 18:44:41 - [MESSAGE][PASSED] - Text of object 'Object Repository/Stockbit/Bandarmology_SellerAvg1' is: '201'

2024-01-22 18:44:41 - [TEST_STEP][PASSED] - if (strSellerAvg1.contains(",")): null

2024-01-22 18:44:41 - [TEST_STEP][PASSED] - if (strSellerVol1.contains(" B")): null

2024-01-22 18:44:41 - [TEST_STEP][PASSED] - else if (strSellerVol1.contains(" M")): null

2024-01-22 18:44:41 - [TEST_STEP][PASSED] - else if (strSellerVol1.contains(" K")): null

2024-01-22 18:44:41 - [TEST_STEP][PASSED] - strSellerVol1 = strSellerVol1.replace(" K", ""): null

2024-01-22 18:44:41 - [TEST_STEP][PASSED] - strSellerVol1 = strSellerVol1.toDouble() * 1000: null

2024-01-22 18:44:41 - [TEST_STEP][PASSED] - if (verifyElementNotPresent(findTestObject("Stockbit/Bandarmology_Buyer2"), 1, OPTIONAL)): Web element with id: 'Object Repository/Stockbit/Bandarmology_Buyer2' located by 'By.xpath: //*[contains(@id, 'rc-tabs-')]/div[2]/div/div/div/div/div/div[2]/table/tbody/tr[3]/td[1]/p' is present after '1' second(s) (Root cause: com.kms.katalon.core.exception.StepFailedException: Web element with id: 'Object Repository/Stockbit/Bandarmology_Buyer2' located by 'By.xpath: //*[contains(@id, 'rc-tabs-')]/div[2]/div/div/div/div/div/div[2]/table/tbody/tr[3]/td[1]/p' is present after '1' second(s)
	at com.kms.katalon.core.webui.keyword.internal.WebUIKeywordMain.stepFailed(WebUIKeywordMain.groovy:64)
	at com.kms.katalon.core.webui.keyword.internal.WebUIKeywordMain$stepFailed$0.call(Unknown Source)
	at com.kms.katalon.core.webui.keyword.builtin.VerifyElementNotPresentKeyword$_verifyElementNotPresent_closure1.doCall(VerifyElementNotPresentKeyword.groovy:106)
	at com.kms.katalon.core.webui.keyword.builtin.VerifyElementNotPresentKeyword$_verifyElementNotPresent_closure1.doCall(VerifyElementNotPresentKeyword.groovy)
	at com.kms.katalon.core.webui.keyword.internal.WebUIKeywordMain.runKeyword(WebUIKeywordMain.groovy:20)
	at com.kms.katalon.core.webui.keyword.internal.WebUIKeywordMain$runKeyword.call(Unknown Source)
	at com.kms.katalon.core.webui.keyword.builtin.VerifyElementNotPresentKeyword.verifyElementNotPresent(VerifyElementNotPresentKeyword.groovy:117)
	at com.kms.katalon.core.webui.keyword.builtin.VerifyElementNotPresentKeyword.execute(VerifyElementNotPresentKeyword.groovy:68)
	at com.kms.katalon.core.keyword.internal.KeywordExecutor.executeKeywordForPlatform(KeywordExecutor.groovy:74)
	at com.kms.katalon.core.webui.keyword.WebUiBuiltInKeywords.verifyElementNotPresent(WebUiBuiltInKeywords.groovy:1481)
	at com.kms.katalon.core.webui.keyword.WebUiBuiltInKeywords$verifyElementNotPresent$8.call(Unknown Source)
	at GetBrokSumPriceDaily.run(GetBrokSumPriceDaily:258)
	at com.kms.katalon.core.main.ScriptEngine.run(ScriptEngine.java:194)
	at com.kms.katalon.core.main.ScriptEngine.runScriptAsRawText(ScriptEngine.java:119)
	at com.kms.katalon.core.main.TestCaseExecutor.runScript(TestCaseExecutor.java:445)
	at com.kms.katalon.core.main.TestCaseExecutor.doExecute(TestCaseExecutor.java:436)
	at com.kms.katalon.core.main.TestCaseExecutor.processExecutionPhase(TestCaseExecutor.java:415)
	at com.kms.katalon.core.main.TestCaseExecutor.accessMainPhase(TestCaseExecutor.java:407)
	at com.kms.katalon.core.main.TestCaseExecutor.execute(TestCaseExecutor.java:284)
	at com.kms.katalon.core.common.CommonExecutor.accessTestCaseMainPhase(CommonExecutor.java:65)
	at com.kms.katalon.core.main.TestSuiteExecutor.accessTestSuiteMainPhase(TestSuiteExecutor.java:144)
	at com.kms.katalon.core.main.TestSuiteExecutor.execute(TestSuiteExecutor.java:106)
	at com.kms.katalon.core.main.TestCaseMain.startTestSuite(TestCaseMain.java:185)
	at com.kms.katalon.core.main.TestCaseMain$startTestSuite$0.call(Unknown Source)
	at TempTestSuite1705923140048.run(TempTestSuite1705923140048.groovy:36)
)

2024-01-22 18:44:42 - [MESSAGE][WARNING] - Web element with id: 'Object Repository/Stockbit/Bandarmology_Buyer2' located by 'By.xpath: //*[contains(@id, 'rc-tabs-')]/div[2]/div/div/div/div/div/div[2]/table/tbody/tr[3]/td[1]/p' is present after '1' second(s) (Root cause: com.kms.katalon.core.exception.StepFailedException: Web element with id: 'Object Repository/Stockbit/Bandarmology_Buyer2' located by 'By.xpath: //*[contains(@id, 'rc-tabs-')]/div[2]/div/div/div/div/div/div[2]/table/tbody/tr[3]/td[1]/p' is present after '1' second(s)
	at com.kms.katalon.core.webui.keyword.internal.WebUIKeywordMain.stepFailed(WebUIKeywordMain.groovy:64)
	at com.kms.katalon.core.webui.keyword.internal.WebUIKeywordMain$stepFailed$0.call(Unknown Source)
	at com.kms.katalon.core.webui.keyword.builtin.VerifyElementNotPresentKeyword$_verifyElementNotPresent_closure1.doCall(VerifyElementNotPresentKeyword.groovy:106)
	at com.kms.katalon.core.webui.keyword.builtin.VerifyElementNotPresentKeyword$_verifyElementNotPresent_closure1.doCall(VerifyElementNotPresentKeyword.groovy)
	at com.kms.katalon.core.webui.keyword.internal.WebUIKeywordMain.runKeyword(WebUIKeywordMain.groovy:20)
	at com.kms.katalon.core.webui.keyword.internal.WebUIKeywordMain$runKeyword.call(Unknown Source)
	at com.kms.katalon.core.webui.keyword.builtin.VerifyElementNotPresentKeyword.verifyElementNotPresent(VerifyElementNotPresentKeyword.groovy:117)
	at com.kms.katalon.core.webui.keyword.builtin.VerifyElementNotPresentKeyword.execute(VerifyElementNotPresentKeyword.groovy:68)
	at com.kms.katalon.core.keyword.internal.KeywordExecutor.executeKeywordForPlatform(KeywordExecutor.groovy:74)
	at com.kms.katalon.core.webui.keyword.WebUiBuiltInKeywords.verifyElementNotPresent(WebUiBuiltInKeywords.groovy:1481)
	at com.kms.katalon.core.webui.keyword.WebUiBuiltInKeywords$verifyElementNotPresent$8.call(Unknown Source)
	at GetBrokSumPriceDaily.run(GetBrokSumPriceDaily:258)
	at com.kms.katalon.core.main.ScriptEngine.run(ScriptEngine.java:194)
	at com.kms.katalon.core.main.ScriptEngine.runScriptAsRawText(ScriptEngine.java:119)
	at com.kms.katalon.core.main.TestCaseExecutor.runScript(TestCaseExecutor.java:445)
	at com.kms.katalon.core.main.TestCaseExecutor.doExecute(TestCaseExecutor.java:436)
	at com.kms.katalon.core.main.TestCaseExecutor.processExecutionPhase(TestCaseExecutor.java:415)
	at com.kms.katalon.core.main.TestCaseExecutor.accessMainPhase(TestCaseExecutor.java:407)
	at com.kms.katalon.core.main.TestCaseExecutor.execute(TestCaseExecutor.java:284)
	at com.kms.katalon.core.common.CommonExecutor.accessTestCaseMainPhase(CommonExecutor.java:65)
	at com.kms.katalon.core.main.TestSuiteExecutor.accessTestSuiteMainPhase(TestSuiteExecutor.java:144)
	at com.kms.katalon.core.main.TestSuiteExecutor.execute(TestSuiteExecutor.java:106)
	at com.kms.katalon.core.main.TestCaseMain.startTestSuite(TestCaseMain.java:185)
	at com.kms.katalon.core.main.TestCaseMain$startTestSuite$0.call(Unknown Source)
	at TempTestSuite1705923140048.run(TempTestSuite1705923140048.groovy:36)
)
[[ATTACHMENT|C:\\Users\\Fadli\\git\\KatalonDailyGetData2\\Reports\\20240122_174123\\TS1\\20240122_183220\\1705923882217.png]]

2024-01-22 18:44:42 - [TEST_STEP][PASSED] - else: null

2024-01-22 18:44:42 - [TEST_STEP][PASSED] - strBuyer2 = getText(findTestObject("Stockbit/Bandarmology_Buyer2")): Text of object 'Object Repository/Stockbit/Bandarmology_Buyer2' is: 'IH'

2024-01-22 18:44:42 - [MESSAGE][PASSED] - Text of object 'Object Repository/Stockbit/Bandarmology_Buyer2' is: 'IH'

2024-01-22 18:44:42 - [TEST_STEP][PASSED] - strBuyerVol2 = getText(findTestObject("Stockbit/Bandarmology_BuyerVol2")): Text of object 'Object Repository/Stockbit/Bandarmology_BuyerVol2' is: '10.3 K'

2024-01-22 18:44:42 - [MESSAGE][PASSED] - Text of object 'Object Repository/Stockbit/Bandarmology_BuyerVol2' is: '10.3 K'

2024-01-22 18:44:42 - [TEST_STEP][PASSED] - strBuyerAvg2 = getText(findTestObject("Stockbit/Bandarmology_BuyerAvg2")): Text of object 'Object Repository/Stockbit/Bandarmology_BuyerAvg2' is: '198'

2024-01-22 18:44:42 - [MESSAGE][PASSED] - Text of object 'Object Repository/Stockbit/Bandarmology_BuyerAvg2' is: '198'

2024-01-22 18:44:42 - [TEST_STEP][PASSED] - if (strBuyer2 != ""): null

2024-01-22 18:44:42 - [TEST_STEP][PASSED] - if (strBuyerAvg2.contains(",")): null

2024-01-22 18:44:42 - [TEST_STEP][PASSED] - if (strBuyerVol2.contains(" B")): null

2024-01-22 18:44:42 - [TEST_STEP][PASSED] - else if (strBuyerVol2.contains(" M")): null

2024-01-22 18:44:42 - [TEST_STEP][PASSED] - else if (strBuyerVol2.contains(" K")): null

2024-01-22 18:44:42 - [TEST_STEP][PASSED] - strBuyerVol2 = strBuyerVol2.replace(" K", ""): null

2024-01-22 18:44:42 - [TEST_STEP][PASSED] - strBuyerVol2 = strBuyerVol2.toDouble() * 1000: null

2024-01-22 18:44:42 - [TEST_STEP][PASSED] - if (strBuyerVol2.contains(".")): null

2024-01-22 18:44:42 - [TEST_STEP][PASSED] - strBuyerVal2 = strBuyerVol2.replace(".", ""): null

2024-01-22 18:44:42 - [TEST_STEP][PASSED] - if (verifyElementNotPresent(findTestObject("Stockbit/Bandarmology_Seller2"), 1, OPTIONAL)): Web element with id: 'Object Repository/Stockbit/Bandarmology_Seller2' located by 'By.xpath: //*[contains(@id, 'rc-tabs-')]/div[2]/div/div/div/div/div/div[2]/table/tbody/tr[3]/td[5]/p' is present after '1' second(s) (Root cause: com.kms.katalon.core.exception.StepFailedException: Web element with id: 'Object Repository/Stockbit/Bandarmology_Seller2' located by 'By.xpath: //*[contains(@id, 'rc-tabs-')]/div[2]/div/div/div/div/div/div[2]/table/tbody/tr[3]/td[5]/p' is present after '1' second(s)
	at com.kms.katalon.core.webui.keyword.internal.WebUIKeywordMain.stepFailed(WebUIKeywordMain.groovy:64)
	at com.kms.katalon.core.webui.keyword.internal.WebUIKeywordMain$stepFailed$0.call(Unknown Source)
	at com.kms.katalon.core.webui.keyword.builtin.VerifyElementNotPresentKeyword$_verifyElementNotPresent_closure1.doCall(VerifyElementNotPresentKeyword.groovy:106)
	at com.kms.katalon.core.webui.keyword.builtin.VerifyElementNotPresentKeyword$_verifyElementNotPresent_closure1.doCall(VerifyElementNotPresentKeyword.groovy)
	at com.kms.katalon.core.webui.keyword.internal.WebUIKeywordMain.runKeyword(WebUIKeywordMain.groovy:20)
	at com.kms.katalon.core.webui.keyword.internal.WebUIKeywordMain$runKeyword.call(Unknown Source)
	at com.kms.katalon.core.webui.keyword.builtin.VerifyElementNotPresentKeyword.verifyElementNotPresent(VerifyElementNotPresentKeyword.groovy:117)
	at com.kms.katalon.core.webui.keyword.builtin.VerifyElementNotPresentKeyword.execute(VerifyElementNotPresentKeyword.groovy:68)
	at com.kms.katalon.core.keyword.internal.KeywordExecutor.executeKeywordForPlatform(KeywordExecutor.groovy:74)
	at com.kms.katalon.core.webui.keyword.WebUiBuiltInKeywords.verifyElementNotPresent(WebUiBuiltInKeywords.groovy:1481)
	at com.kms.katalon.core.webui.keyword.WebUiBuiltInKeywords$verifyElementNotPresent$8.call(Unknown Source)
	at GetBrokSumPriceDaily.run(GetBrokSumPriceDaily:309)
	at com.kms.katalon.core.main.ScriptEngine.run(ScriptEngine.java:194)
	at com.kms.katalon.core.main.ScriptEngine.runScriptAsRawText(ScriptEngine.java:119)
	at com.kms.katalon.core.main.TestCaseExecutor.runScript(TestCaseExecutor.java:445)
	at com.kms.katalon.core.main.TestCaseExecutor.doExecute(TestCaseExecutor.java:436)
	at com.kms.katalon.core.main.TestCaseExecutor.processExecutionPhase(TestCaseExecutor.java:415)
	at com.kms.katalon.core.main.TestCaseExecutor.accessMainPhase(TestCaseExecutor.java:407)
	at com.kms.katalon.core.main.TestCaseExecutor.execute(TestCaseExecutor.java:284)
	at com.kms.katalon.core.common.CommonExecutor.accessTestCaseMainPhase(CommonExecutor.java:65)
	at com.kms.katalon.core.main.TestSuiteExecutor.accessTestSuiteMainPhase(TestSuiteExecutor.java:144)
	at com.kms.katalon.core.main.TestSuiteExecutor.execute(TestSuiteExecutor.java:106)
	at com.kms.katalon.core.main.TestCaseMain.startTestSuite(TestCaseMain.java:185)
	at com.kms.katalon.core.main.TestCaseMain$startTestSuite$0.call(Unknown Source)
	at TempTestSuite1705923140048.run(TempTestSuite1705923140048.groovy:36)
)

2024-01-22 18:44:44 - [MESSAGE][WARNING] - Web element with id: 'Object Repository/Stockbit/Bandarmology_Seller2' located by 'By.xpath: //*[contains(@id, 'rc-tabs-')]/div[2]/div/div/div/div/div/div[2]/table/tbody/tr[3]/td[5]/p' is present after '1' second(s) (Root cause: com.kms.katalon.core.exception.StepFailedException: Web element with id: 'Object Repository/Stockbit/Bandarmology_Seller2' located by 'By.xpath: //*[contains(@id, 'rc-tabs-')]/div[2]/div/div/div/div/div/div[2]/table/tbody/tr[3]/td[5]/p' is present after '1' second(s)
	at com.kms.katalon.core.webui.keyword.internal.WebUIKeywordMain.stepFailed(WebUIKeywordMain.groovy:64)
	at com.kms.katalon.core.webui.keyword.internal.WebUIKeywordMain$stepFailed$0.call(Unknown Source)
	at com.kms.katalon.core.webui.keyword.builtin.VerifyElementNotPresentKeyword$_verifyElementNotPresent_closure1.doCall(VerifyElementNotPresentKeyword.groovy:106)
	at com.kms.katalon.core.webui.keyword.builtin.VerifyElementNotPresentKeyword$_verifyElementNotPresent_closure1.doCall(VerifyElementNotPresentKeyword.groovy)
	at com.kms.katalon.core.webui.keyword.internal.WebUIKeywordMain.runKeyword(WebUIKeywordMain.groovy:20)
	at com.kms.katalon.core.webui.keyword.internal.WebUIKeywordMain$runKeyword.call(Unknown Source)
	at com.kms.katalon.core.webui.keyword.builtin.VerifyElementNotPresentKeyword.verifyElementNotPresent(VerifyElementNotPresentKeyword.groovy:117)
	at com.kms.katalon.core.webui.keyword.builtin.VerifyElementNotPresentKeyword.execute(VerifyElementNotPresentKeyword.groovy:68)
	at com.kms.katalon.core.keyword.internal.KeywordExecutor.executeKeywordForPlatform(KeywordExecutor.groovy:74)
	at com.kms.katalon.core.webui.keyword.WebUiBuiltInKeywords.verifyElementNotPresent(WebUiBuiltInKeywords.groovy:1481)
	at com.kms.katalon.core.webui.keyword.WebUiBuiltInKeywords$verifyElementNotPresent$8.call(Unknown Source)
	at GetBrokSumPriceDaily.run(GetBrokSumPriceDaily:309)
	at com.kms.katalon.core.main.ScriptEngine.run(ScriptEngine.java:194)
	at com.kms.katalon.core.main.ScriptEngine.runScriptAsRawText(ScriptEngine.java:119)
	at com.kms.katalon.core.main.TestCaseExecutor.runScript(TestCaseExecutor.java:445)
	at com.kms.katalon.core.main.TestCaseExecutor.doExecute(TestCaseExecutor.java:436)
	at com.kms.katalon.core.main.TestCaseExecutor.processExecutionPhase(TestCaseExecutor.java:415)
	at com.kms.katalon.core.main.TestCaseExecutor.accessMainPhase(TestCaseExecutor.java:407)
	at com.kms.katalon.core.main.TestCaseExecutor.execute(TestCaseExecutor.java:284)
	at com.kms.katalon.core.common.CommonExecutor.accessTestCaseMainPhase(CommonExecutor.java:65)
	at com.kms.katalon.core.main.TestSuiteExecutor.accessTestSuiteMainPhase(TestSuiteExecutor.java:144)
	at com.kms.katalon.core.main.TestSuiteExecutor.execute(TestSuiteExecutor.java:106)
	at com.kms.katalon.core.main.TestCaseMain.startTestSuite(TestCaseMain.java:185)
	at com.kms.katalon.core.main.TestCaseMain$startTestSuite$0.call(Unknown Source)
	at TempTestSuite1705923140048.run(TempTestSuite1705923140048.groovy:36)
)
[[ATTACHMENT|C:\\Users\\Fadli\\git\\KatalonDailyGetData2\\Reports\\20240122_174123\\TS1\\20240122_183220\\1705923883901.png]]

2024-01-22 18:44:44 - [TEST_STEP][PASSED] - else: null

2024-01-22 18:44:44 - [TEST_STEP][PASSED] - strSeller2 = getText(findTestObject("Stockbit/Bandarmology_Seller2")): Text of object 'Object Repository/Stockbit/Bandarmology_Seller2' is: 'AN'

2024-01-22 18:44:44 - [MESSAGE][PASSED] - Text of object 'Object Repository/Stockbit/Bandarmology_Seller2' is: 'AN'

2024-01-22 18:44:44 - [TEST_STEP][PASSED] - strSellerVol2 = getText(findTestObject("Stockbit/Bandarmology_SellerVol2")): Text of object 'Object Repository/Stockbit/Bandarmology_SellerVol2' is: '8.7 K'

2024-01-22 18:44:44 - [MESSAGE][PASSED] - Text of object 'Object Repository/Stockbit/Bandarmology_SellerVol2' is: '8.7 K'

2024-01-22 18:44:44 - [TEST_STEP][PASSED] - strSellerAvg2 = getText(findTestObject("Stockbit/Bandarmology_SellerAvg2")): Text of object 'Object Repository/Stockbit/Bandarmology_SellerAvg2' is: '199'

2024-01-22 18:44:44 - [MESSAGE][PASSED] - Text of object 'Object Repository/Stockbit/Bandarmology_SellerAvg2' is: '199'

2024-01-22 18:44:44 - [TEST_STEP][PASSED] - if (strSeller2 != ""): null

2024-01-22 18:44:44 - [TEST_STEP][PASSED] - if (strSellerAvg2.contains(",")): null

2024-01-22 18:44:44 - [TEST_STEP][PASSED] - if (strSellerVol2.contains(" B")): null

2024-01-22 18:44:44 - [TEST_STEP][PASSED] - else if (strSellerVol2.contains(" M")): null

2024-01-22 18:44:44 - [TEST_STEP][PASSED] - else if (strSellerVol2.contains(" K")): null

2024-01-22 18:44:44 - [TEST_STEP][PASSED] - strSellerVol2 = strSellerVol2.replace(" K", ""): null

2024-01-22 18:44:44 - [TEST_STEP][PASSED] - strSellerVol2 = strSellerVol2.toDouble() * 1000: null

2024-01-22 18:44:44 - [TEST_STEP][PASSED] - if (verifyElementNotPresent(findTestObject("Stockbit/Bandarmology_Buyer3"), 1, OPTIONAL)): Web element with id: 'Object Repository/Stockbit/Bandarmology_Buyer3' located by 'By.xpath: //*[contains(@id, 'rc-tabs-')]/div[2]/div/div/div/div/div/div[2]/table/tbody/tr[4]/td[1]/p' is present after '1' second(s) (Root cause: com.kms.katalon.core.exception.StepFailedException: Web element with id: 'Object Repository/Stockbit/Bandarmology_Buyer3' located by 'By.xpath: //*[contains(@id, 'rc-tabs-')]/div[2]/div/div/div/div/div/div[2]/table/tbody/tr[4]/td[1]/p' is present after '1' second(s)
	at com.kms.katalon.core.webui.keyword.internal.WebUIKeywordMain.stepFailed(WebUIKeywordMain.groovy:64)
	at com.kms.katalon.core.webui.keyword.internal.WebUIKeywordMain$stepFailed$0.call(Unknown Source)
	at com.kms.katalon.core.webui.keyword.builtin.VerifyElementNotPresentKeyword$_verifyElementNotPresent_closure1.doCall(VerifyElementNotPresentKeyword.groovy:106)
	at com.kms.katalon.core.webui.keyword.builtin.VerifyElementNotPresentKeyword$_verifyElementNotPresent_closure1.doCall(VerifyElementNotPresentKeyword.groovy)
	at com.kms.katalon.core.webui.keyword.internal.WebUIKeywordMain.runKeyword(WebUIKeywordMain.groovy:20)
	at com.kms.katalon.core.webui.keyword.internal.WebUIKeywordMain$runKeyword.call(Unknown Source)
	at com.kms.katalon.core.webui.keyword.builtin.VerifyElementNotPresentKeyword.verifyElementNotPresent(VerifyElementNotPresentKeyword.groovy:117)
	at com.kms.katalon.core.webui.keyword.builtin.VerifyElementNotPresentKeyword.execute(VerifyElementNotPresentKeyword.groovy:68)
	at com.kms.katalon.core.keyword.internal.KeywordExecutor.executeKeywordForPlatform(KeywordExecutor.groovy:74)
	at com.kms.katalon.core.webui.keyword.WebUiBuiltInKeywords.verifyElementNotPresent(WebUiBuiltInKeywords.groovy:1481)
	at com.kms.katalon.core.webui.keyword.WebUiBuiltInKeywords$verifyElementNotPresent$8.call(Unknown Source)
	at GetBrokSumPriceDaily.run(GetBrokSumPriceDaily:361)
	at com.kms.katalon.core.main.ScriptEngine.run(ScriptEngine.java:194)
	at com.kms.katalon.core.main.ScriptEngine.runScriptAsRawText(ScriptEngine.java:119)
	at com.kms.katalon.core.main.TestCaseExecutor.runScript(TestCaseExecutor.java:445)
	at com.kms.katalon.core.main.TestCaseExecutor.doExecute(TestCaseExecutor.java:436)
	at com.kms.katalon.core.main.TestCaseExecutor.processExecutionPhase(TestCaseExecutor.java:415)
	at com.kms.katalon.core.main.TestCaseExecutor.accessMainPhase(TestCaseExecutor.java:407)
	at com.kms.katalon.core.main.TestCaseExecutor.execute(TestCaseExecutor.java:284)
	at com.kms.katalon.core.common.CommonExecutor.accessTestCaseMainPhase(CommonExecutor.java:65)
	at com.kms.katalon.core.main.TestSuiteExecutor.accessTestSuiteMainPhase(TestSuiteExecutor.java:144)
	at com.kms.katalon.core.main.TestSuiteExecutor.execute(TestSuiteExecutor.java:106)
	at com.kms.katalon.core.main.TestCaseMain.startTestSuite(TestCaseMain.java:185)
	at com.kms.katalon.core.main.TestCaseMain$startTestSuite$0.call(Unknown Source)
	at TempTestSuite1705923140048.run(TempTestSuite1705923140048.groovy:36)
)

2024-01-22 18:44:45 - [MESSAGE][WARNING] - Web element with id: 'Object Repository/Stockbit/Bandarmology_Buyer3' located by 'By.xpath: //*[contains(@id, 'rc-tabs-')]/div[2]/div/div/div/div/div/div[2]/table/tbody/tr[4]/td[1]/p' is present after '1' second(s) (Root cause: com.kms.katalon.core.exception.StepFailedException: Web element with id: 'Object Repository/Stockbit/Bandarmology_Buyer3' located by 'By.xpath: //*[contains(@id, 'rc-tabs-')]/div[2]/div/div/div/div/div/div[2]/table/tbody/tr[4]/td[1]/p' is present after '1' second(s)
	at com.kms.katalon.core.webui.keyword.internal.WebUIKeywordMain.stepFailed(WebUIKeywordMain.groovy:64)
	at com.kms.katalon.core.webui.keyword.internal.WebUIKeywordMain$stepFailed$0.call(Unknown Source)
	at com.kms.katalon.core.webui.keyword.builtin.VerifyElementNotPresentKeyword$_verifyElementNotPresent_closure1.doCall(VerifyElementNotPresentKeyword.groovy:106)
	at com.kms.katalon.core.webui.keyword.builtin.VerifyElementNotPresentKeyword$_verifyElementNotPresent_closure1.doCall(VerifyElementNotPresentKeyword.groovy)
	at com.kms.katalon.core.webui.keyword.internal.WebUIKeywordMain.runKeyword(WebUIKeywordMain.groovy:20)
	at com.kms.katalon.core.webui.keyword.internal.WebUIKeywordMain$runKeyword.call(Unknown Source)
	at com.kms.katalon.core.webui.keyword.builtin.VerifyElementNotPresentKeyword.verifyElementNotPresent(VerifyElementNotPresentKeyword.groovy:117)
	at com.kms.katalon.core.webui.keyword.builtin.VerifyElementNotPresentKeyword.execute(VerifyElementNotPresentKeyword.groovy:68)
	at com.kms.katalon.core.keyword.internal.KeywordExecutor.executeKeywordForPlatform(KeywordExecutor.groovy:74)
	at com.kms.katalon.core.webui.keyword.WebUiBuiltInKeywords.verifyElementNotPresent(WebUiBuiltInKeywords.groovy:1481)
	at com.kms.katalon.core.webui.keyword.WebUiBuiltInKeywords$verifyElementNotPresent$8.call(Unknown Source)
	at GetBrokSumPriceDaily.run(GetBrokSumPriceDaily:361)
	at com.kms.katalon.core.main.ScriptEngine.run(ScriptEngine.java:194)
	at com.kms.katalon.core.main.ScriptEngine.runScriptAsRawText(ScriptEngine.java:119)
	at com.kms.katalon.core.main.TestCaseExecutor.runScript(TestCaseExecutor.java:445)
	at com.kms.katalon.core.main.TestCaseExecutor.doExecute(TestCaseExecutor.java:436)
	at com.kms.katalon.core.main.TestCaseExecutor.processExecutionPhase(TestCaseExecutor.java:415)
	at com.kms.katalon.core.main.TestCaseExecutor.accessMainPhase(TestCaseExecutor.java:407)
	at com.kms.katalon.core.main.TestCaseExecutor.execute(TestCaseExecutor.java:284)
	at com.kms.katalon.core.common.CommonExecutor.accessTestCaseMainPhase(CommonExecutor.java:65)
	at com.kms.katalon.core.main.TestSuiteExecutor.accessTestSuiteMainPhase(TestSuiteExecutor.java:144)
	at com.kms.katalon.core.main.TestSuiteExecutor.execute(TestSuiteExecutor.java:106)
	at com.kms.katalon.core.main.TestCaseMain.startTestSuite(TestCaseMain.java:185)
	at com.kms.katalon.core.main.TestCaseMain$startTestSuite$0.call(Unknown Source)
	at TempTestSuite1705923140048.run(TempTestSuite1705923140048.groovy:36)
)
[[ATTACHMENT|C:\\Users\\Fadli\\git\\KatalonDailyGetData2\\Reports\\20240122_174123\\TS1\\20240122_183220\\1705923885672.png]]

2024-01-22 18:44:45 - [TEST_STEP][PASSED] - else: null

2024-01-22 18:44:45 - [TEST_STEP][PASSED] - strBuyer3 = getText(findTestObject("Stockbit/Bandarmology_Buyer3")): Text of object 'Object Repository/Stockbit/Bandarmology_Buyer3' is: 'XL'

2024-01-22 18:44:45 - [MESSAGE][PASSED] - Text of object 'Object Repository/Stockbit/Bandarmology_Buyer3' is: 'XL'

2024-01-22 18:44:45 - [TEST_STEP][PASSED] - strBuyerVol3 = getText(findTestObject("Stockbit/Bandarmology_BuyerVol3")): Text of object 'Object Repository/Stockbit/Bandarmology_BuyerVol3' is: '10.1 K'

2024-01-22 18:44:46 - [MESSAGE][PASSED] - Text of object 'Object Repository/Stockbit/Bandarmology_BuyerVol3' is: '10.1 K'

2024-01-22 18:44:46 - [TEST_STEP][PASSED] - strBuyerAvg3 = getText(findTestObject("Stockbit/Bandarmology_BuyerAvg3")): Text of object 'Object Repository/Stockbit/Bandarmology_BuyerAvg3' is: '200'

2024-01-22 18:44:46 - [MESSAGE][PASSED] - Text of object 'Object Repository/Stockbit/Bandarmology_BuyerAvg3' is: '200'

2024-01-22 18:44:46 - [TEST_STEP][PASSED] - if (strBuyer3 != ""): null

2024-01-22 18:44:46 - [TEST_STEP][PASSED] - if (strBuyerAvg3.contains(",")): null

2024-01-22 18:44:46 - [TEST_STEP][PASSED] - if (strBuyerVol3.contains(" B")): null

2024-01-22 18:44:46 - [TEST_STEP][PASSED] - else if (strBuyerVol3.contains(" M")): null

2024-01-22 18:44:46 - [TEST_STEP][PASSED] - else if (strBuyerVol3.contains(" K")): null

2024-01-22 18:44:46 - [TEST_STEP][PASSED] - strBuyerVol3 = strBuyerVol3.replace(" K", ""): null

2024-01-22 18:44:46 - [TEST_STEP][PASSED] - strBuyerVol3 = strBuyerVol3.toDouble() * 1000: null

2024-01-22 18:44:46 - [TEST_STEP][PASSED] - if (verifyElementNotPresent(findTestObject("Stockbit/Bandarmology_Seller3"), 1, OPTIONAL)): Web element with id: 'Object Repository/Stockbit/Bandarmology_Seller3' located by 'By.xpath: //*[contains(@id, 'rc-tabs-')]/div[2]/div/div/div/div/div/div[2]/table/tbody/tr[4]/td[5]/p' is present after '1' second(s) (Root cause: com.kms.katalon.core.exception.StepFailedException: Web element with id: 'Object Repository/Stockbit/Bandarmology_Seller3' located by 'By.xpath: //*[contains(@id, 'rc-tabs-')]/div[2]/div/div/div/div/div/div[2]/table/tbody/tr[4]/td[5]/p' is present after '1' second(s)
	at com.kms.katalon.core.webui.keyword.internal.WebUIKeywordMain.stepFailed(WebUIKeywordMain.groovy:64)
	at com.kms.katalon.core.webui.keyword.internal.WebUIKeywordMain$stepFailed$0.call(Unknown Source)
	at com.kms.katalon.core.webui.keyword.builtin.VerifyElementNotPresentKeyword$_verifyElementNotPresent_closure1.doCall(VerifyElementNotPresentKeyword.groovy:106)
	at com.kms.katalon.core.webui.keyword.builtin.VerifyElementNotPresentKeyword$_verifyElementNotPresent_closure1.doCall(VerifyElementNotPresentKeyword.groovy)
	at com.kms.katalon.core.webui.keyword.internal.WebUIKeywordMain.runKeyword(WebUIKeywordMain.groovy:20)
	at com.kms.katalon.core.webui.keyword.internal.WebUIKeywordMain$runKeyword.call(Unknown Source)
	at com.kms.katalon.core.webui.keyword.builtin.VerifyElementNotPresentKeyword.verifyElementNotPresent(VerifyElementNotPresentKeyword.groovy:117)
	at com.kms.katalon.core.webui.keyword.builtin.VerifyElementNotPresentKeyword.execute(VerifyElementNotPresentKeyword.groovy:68)
	at com.kms.katalon.core.keyword.internal.KeywordExecutor.executeKeywordForPlatform(KeywordExecutor.groovy:74)
	at com.kms.katalon.core.webui.keyword.WebUiBuiltInKeywords.verifyElementNotPresent(WebUiBuiltInKeywords.groovy:1481)
	at com.kms.katalon.core.webui.keyword.WebUiBuiltInKeywords$verifyElementNotPresent$8.call(Unknown Source)
	at GetBrokSumPriceDaily.run(GetBrokSumPriceDaily:414)
	at com.kms.katalon.core.main.ScriptEngine.run(ScriptEngine.java:194)
	at com.kms.katalon.core.main.ScriptEngine.runScriptAsRawText(ScriptEngine.java:119)
	at com.kms.katalon.core.main.TestCaseExecutor.runScript(TestCaseExecutor.java:445)
	at com.kms.katalon.core.main.TestCaseExecutor.doExecute(TestCaseExecutor.java:436)
	at com.kms.katalon.core.main.TestCaseExecutor.processExecutionPhase(TestCaseExecutor.java:415)
	at com.kms.katalon.core.main.TestCaseExecutor.accessMainPhase(TestCaseExecutor.java:407)
	at com.kms.katalon.core.main.TestCaseExecutor.execute(TestCaseExecutor.java:284)
	at com.kms.katalon.core.common.CommonExecutor.accessTestCaseMainPhase(CommonExecutor.java:65)
	at com.kms.katalon.core.main.TestSuiteExecutor.accessTestSuiteMainPhase(TestSuiteExecutor.java:144)
	at com.kms.katalon.core.main.TestSuiteExecutor.execute(TestSuiteExecutor.java:106)
	at com.kms.katalon.core.main.TestCaseMain.startTestSuite(TestCaseMain.java:185)
	at com.kms.katalon.core.main.TestCaseMain$startTestSuite$0.call(Unknown Source)
	at TempTestSuite1705923140048.run(TempTestSuite1705923140048.groovy:36)
)

2024-01-22 18:44:47 - [MESSAGE][WARNING] - Web element with id: 'Object Repository/Stockbit/Bandarmology_Seller3' located by 'By.xpath: //*[contains(@id, 'rc-tabs-')]/div[2]/div/div/div/div/div/div[2]/table/tbody/tr[4]/td[5]/p' is present after '1' second(s) (Root cause: com.kms.katalon.core.exception.StepFailedException: Web element with id: 'Object Repository/Stockbit/Bandarmology_Seller3' located by 'By.xpath: //*[contains(@id, 'rc-tabs-')]/div[2]/div/div/div/div/div/div[2]/table/tbody/tr[4]/td[5]/p' is present after '1' second(s)
	at com.kms.katalon.core.webui.keyword.internal.WebUIKeywordMain.stepFailed(WebUIKeywordMain.groovy:64)
	at com.kms.katalon.core.webui.keyword.internal.WebUIKeywordMain$stepFailed$0.call(Unknown Source)
	at com.kms.katalon.core.webui.keyword.builtin.VerifyElementNotPresentKeyword$_verifyElementNotPresent_closure1.doCall(VerifyElementNotPresentKeyword.groovy:106)
	at com.kms.katalon.core.webui.keyword.builtin.VerifyElementNotPresentKeyword$_verifyElementNotPresent_closure1.doCall(VerifyElementNotPresentKeyword.groovy)
	at com.kms.katalon.core.webui.keyword.internal.WebUIKeywordMain.runKeyword(WebUIKeywordMain.groovy:20)
	at com.kms.katalon.core.webui.keyword.internal.WebUIKeywordMain$runKeyword.call(Unknown Source)
	at com.kms.katalon.core.webui.keyword.builtin.VerifyElementNotPresentKeyword.verifyElementNotPresent(VerifyElementNotPresentKeyword.groovy:117)
	at com.kms.katalon.core.webui.keyword.builtin.VerifyElementNotPresentKeyword.execute(VerifyElementNotPresentKeyword.groovy:68)
	at com.kms.katalon.core.keyword.internal.KeywordExecutor.executeKeywordForPlatform(KeywordExecutor.groovy:74)
	at com.kms.katalon.core.webui.keyword.WebUiBuiltInKeywords.verifyElementNotPresent(WebUiBuiltInKeywords.groovy:1481)
	at com.kms.katalon.core.webui.keyword.WebUiBuiltInKeywords$verifyElementNotPresent$8.call(Unknown Source)
	at GetBrokSumPriceDaily.run(GetBrokSumPriceDaily:414)
	at com.kms.katalon.core.main.ScriptEngine.run(ScriptEngine.java:194)
	at com.kms.katalon.core.main.ScriptEngine.runScriptAsRawText(ScriptEngine.java:119)
	at com.kms.katalon.core.main.TestCaseExecutor.runScript(TestCaseExecutor.java:445)
	at com.kms.katalon.core.main.TestCaseExecutor.doExecute(TestCaseExecutor.java:436)
	at com.kms.katalon.core.main.TestCaseExecutor.processExecutionPhase(TestCaseExecutor.java:415)
	at com.kms.katalon.core.main.TestCaseExecutor.accessMainPhase(TestCaseExecutor.java:407)
	at com.kms.katalon.core.main.TestCaseExecutor.execute(TestCaseExecutor.java:284)
	at com.kms.katalon.core.common.CommonExecutor.accessTestCaseMainPhase(CommonExecutor.java:65)
	at com.kms.katalon.core.main.TestSuiteExecutor.accessTestSuiteMainPhase(TestSuiteExecutor.java:144)
	at com.kms.katalon.core.main.TestSuiteExecutor.execute(TestSuiteExecutor.java:106)
	at com.kms.katalon.core.main.TestCaseMain.startTestSuite(TestCaseMain.java:185)
	at com.kms.katalon.core.main.TestCaseMain$startTestSuite$0.call(Unknown Source)
	at TempTestSuite1705923140048.run(TempTestSuite1705923140048.groovy:36)
)
[[ATTACHMENT|C:\\Users\\Fadli\\git\\KatalonDailyGetData2\\Reports\\20240122_174123\\TS1\\20240122_183220\\1705923887414.png]]

2024-01-22 18:44:47 - [TEST_STEP][PASSED] - else: null

2024-01-22 18:44:47 - [TEST_STEP][PASSED] - strSeller3 = getText(findTestObject("Stockbit/Bandarmology_Seller3")): Text of object 'Object Repository/Stockbit/Bandarmology_Seller3' is: 'AR'

2024-01-22 18:44:47 - [MESSAGE][PASSED] - Text of object 'Object Repository/Stockbit/Bandarmology_Seller3' is: 'AR'

2024-01-22 18:44:47 - [TEST_STEP][PASSED] - strSellerVol3 = getText(findTestObject("Stockbit/Bandarmology_SellerVol3")): Text of object 'Object Repository/Stockbit/Bandarmology_SellerVol3' is: '8.7 K'

2024-01-22 18:44:47 - [MESSAGE][PASSED] - Text of object 'Object Repository/Stockbit/Bandarmology_SellerVol3' is: '8.7 K'

2024-01-22 18:44:47 - [TEST_STEP][PASSED] - strSellerAvg3 = getText(findTestObject("Stockbit/Bandarmology_SellerAvg3")): Text of object 'Object Repository/Stockbit/Bandarmology_SellerAvg3' is: '199'

2024-01-22 18:44:47 - [MESSAGE][PASSED] - Text of object 'Object Repository/Stockbit/Bandarmology_SellerAvg3' is: '199'

2024-01-22 18:44:47 - [TEST_STEP][PASSED] - if (strSeller3 != ""): null

2024-01-22 18:44:47 - [TEST_STEP][PASSED] - if (strSellerAvg3.contains(",")): null

2024-01-22 18:44:47 - [TEST_STEP][PASSED] - if (strSellerVol3.contains(" B")): null

2024-01-22 18:44:47 - [TEST_STEP][PASSED] - else if (strSellerVol3.contains(" M")): null

2024-01-22 18:44:47 - [TEST_STEP][PASSED] - else if (strSellerVol3.contains(" K")): null

2024-01-22 18:44:47 - [TEST_STEP][PASSED] - strSellerVol3 = strSellerVol3.replace(" K", ""): null

2024-01-22 18:44:47 - [TEST_STEP][PASSED] - strSellerVol3 = strSellerVol3.toDouble() * 1000: null

2024-01-22 18:44:47 - [TEST_STEP][PASSED] - strAccDist = getText(findTestObject("Stockbit/Bandarmology_AccDist")): Text of object 'Object Repository/Stockbit/Bandarmology_AccDist' is: 'Dist'

2024-01-22 18:44:48 - [MESSAGE][PASSED] - Text of object 'Object Repository/Stockbit/Bandarmology_AccDist' is: 'Dist'

2024-01-22 18:44:48 - [TEST_STEP][PASSED] - strNetVol = getText(findTestObject("Stockbit/Bandarmology_NetVol")): Text of object 'Object Repository/Stockbit/Bandarmology_NetVol' is: '53,407'

2024-01-22 18:44:48 - [MESSAGE][PASSED] - Text of object 'Object Repository/Stockbit/Bandarmology_NetVol' is: '53,407'

2024-01-22 18:44:48 - [TEST_STEP][PASSED] - strNetVol = strNetVol.replace(",", ""): null

2024-01-22 18:44:48 - [TEST_STEP][PASSED] - strNetVal = getText(findTestObject("Stockbit/Bandarmology_NetVal")): Text of object 'Object Repository/Stockbit/Bandarmology_NetVal' is: '1.1 B'

2024-01-22 18:44:48 - [MESSAGE][PASSED] - Text of object 'Object Repository/Stockbit/Bandarmology_NetVal' is: '1.1 B'

2024-01-22 18:44:48 - [TEST_STEP][PASSED] - delay(3): Delayed 3 second(s)

2024-01-22 18:44:51 - [MESSAGE][PASSED] - Delayed 3 second(s)

2024-01-22 18:44:51 - [TEST_STEP][PASSED] - strOpenPrice = getText(findTestObject("Stockbit/Home_OpenPrice")): Text of object 'Object Repository/Stockbit/Home_OpenPrice' is: '206'

2024-01-22 18:44:51 - [MESSAGE][PASSED] - Text of object 'Object Repository/Stockbit/Home_OpenPrice' is: '206'

2024-01-22 18:44:51 - [TEST_STEP][PASSED] - strOpenPrice = strOpenPrice.replace(",", ""): null

2024-01-22 18:44:51 - [TEST_STEP][PASSED] - strLowPrice = getText(findTestObject("Stockbit/Home_LowPrice")): Text of object 'Object Repository/Stockbit/Home_LowPrice' is: '194'

2024-01-22 18:44:51 - [MESSAGE][PASSED] - Text of object 'Object Repository/Stockbit/Home_LowPrice' is: '194'

2024-01-22 18:44:51 - [TEST_STEP][PASSED] - strLowPrice = strLowPrice.replace(",", ""): null

2024-01-22 18:44:51 - [TEST_STEP][PASSED] - strHighPrice = getText(findTestObject("Stockbit/Home_HighPrice")): Text of object 'Object Repository/Stockbit/Home_HighPrice' is: '208'

2024-01-22 18:44:51 - [MESSAGE][PASSED] - Text of object 'Object Repository/Stockbit/Home_HighPrice' is: '208'

2024-01-22 18:44:51 - [TEST_STEP][PASSED] - strHighPrice = strHighPrice.replace(",", ""): null

2024-01-22 18:44:51 - [TEST_STEP][PASSED] - strClosePrice = getText(findTestObject("Stockbit/Home_ClosePrice")): Text of object 'Object Repository/Stockbit/Home_ClosePrice' is: '194'

2024-01-22 18:44:51 - [MESSAGE][PASSED] - Text of object 'Object Repository/Stockbit/Home_ClosePrice' is: '194'

2024-01-22 18:44:51 - [TEST_STEP][PASSED] - strClosePrice = strClosePrice.replace(",", ""): null

2024-01-22 18:44:51 - [TEST_STEP][PASSED] - strVol = getText(findTestObject("Stockbit/Home_Volume")): Text of object 'Object Repository/Stockbit/Home_Volume' is: '295 K'

2024-01-22 18:44:51 - [MESSAGE][PASSED] - Text of object 'Object Repository/Stockbit/Home_Volume' is: '295 K'

2024-01-22 18:44:51 - [TEST_STEP][PASSED] - if (strVol.contains(" K")): null

2024-01-22 18:44:51 - [TEST_STEP][PASSED] - strVol = strVol.replace(" K", "000"): null

2024-01-22 18:44:51 - [TEST_STEP][PASSED] - if (strVol.contains(",")): null

2024-01-22 18:44:51 - [TEST_STEP][PASSED] - strChange = getText(findTestObject("Stockbit/Home_Change")): Text of object 'Object Repository/Stockbit/Home_Change' is: '-4.90%'

2024-01-22 18:44:51 - [MESSAGE][PASSED] - Text of object 'Object Repository/Stockbit/Home_Change' is: '-4.90%'

2024-01-22 18:44:51 - [TEST_STEP][PASSED] - strChange = strChange.replace("%", ""): null

2024-01-22 18:44:51 - [TEST_STEP][PASSED] - strFreq = getText(findTestObject("Stockbit/Home_Freq")): Text of object 'Object Repository/Stockbit/Home_Freq' is: '1,994'

2024-01-22 18:44:52 - [MESSAGE][PASSED] - Text of object 'Object Repository/Stockbit/Home_Freq' is: '1,994'

2024-01-22 18:44:52 - [TEST_STEP][PASSED] - if (strFreq.contains(",")): null

2024-01-22 18:44:52 - [TEST_STEP][PASSED] - strFreq = strFreq.replace(",", ""): null

2024-01-22 18:44:52 - [TEST_STEP][PASSED] - if (strFreq == "NA" || strFreq == ""): null

2024-01-22 18:44:52 - [TEST_STEP][PASSED] - else: null

2024-01-22 18:44:52 - [TEST_STEP][PASSED] - dblFreqAnal = strVol.toDouble() / strFreq.toDouble() * strFreq.toDouble() * strFreq.toDouble() * 100000000: null

2024-01-22 18:44:52 - [TEST_STEP][PASSED] - strFreqAnal = String.format("%.4f", dblFreqAnal): null

2024-01-22 18:44:52 - [TEST_STEP][PASSED] - out.println("Double strFreqAnal: " + strFreqAnal): null

2024-01-22 18:44:52 - [TEST_STEP][PASSED] - strTanggal = d.format(DateTimeFormatter.ofPattern("yyyy-MM-dd")): null

2024-01-22 18:44:52 - [TEST_STEP][PASSED] - strTanggal = "#" + strTanggal + "#": null

2024-01-22 18:44:52 - [TEST_STEP][PASSED] - strSQL = "select count(*) as JumBaris from TblBrokSum where Nama = '" + strNama + "' and Tanggal = " + strTanggal + "": null

2024-01-22 18:44:52 - [TEST_STEP][PASSED] - resultSet = statement.executeQuery(strSQL): null

2024-01-22 18:44:52 - [TEST_STEP][PASSED] - resultSet.next(): null

2024-01-22 18:44:52 - [TEST_STEP][PASSED] - intJumBaris = resultSet.getInt("JumBaris"): null

2024-01-22 18:44:52 - [TEST_STEP][PASSED] - if (intJumBaris > 0): null

2024-01-22 18:44:52 - [TEST_STEP][PASSED] - else: null

2024-01-22 18:44:52 - [TEST_STEP][PASSED] - try: null

2024-01-22 18:44:52 - [TEST_STEP][PASSED] - out.println("Insert data"): null

2024-01-22 18:44:52 - [TEST_STEP][PASSED] - strSQL = "insert into TblBrokSum (nama, tanggal, top1, top2, top3, AllBrokAvg, AccDist, AvgRP, " + "Buyer1, BuyerVal1, BuyerAvg1, Seller1, SellerVal1, SellerAvg1, Buyer2, BuyerVal2, BuyerAvg2, " + "Seller2, SellerVal2, SellerAvg2, Buyer3, BuyerVal3, BuyerAvg3, Seller3, SellerVal3, SellerAvg3, NetVol, NetVal, " + "OpenPrice, LowPrice, HighPrice, ClosePrice, Volume, Change, Frekuensi, FrekAnal) " + "values ('" + strNama + "', " + strTanggal + ", '" + strTop1 + "', '" + strTop3 + "', '" + strTop5 + "', " + "'" + strAllBrokAvg + "', '" + strAccDist + "', " + intAvgRP + ", '" + strBuyer1 + "', '" + strBuyerVol1 + "', " + strBuyerAvg1 + ", " + "'" + strSeller1 + "', '" + strSellerVol1 + "', " + strSellerAvg1 + ", '" + strBuyer2 + "', '" + strBuyerVol2 + "', " + strBuyerAvg2 + ", " + "'" + strSeller2 + "', '" + strSellerVol2 + "', " + strSellerAvg2 + ", '" + strBuyer3 + "', '" + strBuyerVol3 + "', " + strBuyerAvg3 + ", " + "'" + strSeller3 + "', '" + strSellerVol3 + "', " + strSellerAvg3 + ", " + strNetVol + ", '" + strNetVal + "', " + "" + strOpenPrice + ", " + strLowPrice + ", " + strHighPrice + ", " + strClosePrice + ", '" + strVol + "', " + strChange + ", " + strFreq + ", " + strFreqAnal + ");": null

2024-01-22 18:44:52 - [TEST_STEP][PASSED] - out.println("strSQL = " + strSQL): null

2024-01-22 18:44:52 - [TEST_STEP][PASSED] - statement.executeUpdate(strSQL): null

2024-01-22 18:44:52 - [TEST_STEP][PASSED] - setValueToCellByIndex(sheet01, rowIndex, 4, "DONE"): null

2024-01-22 18:44:52 - [TEST_STEP][PASSED] - saveWorkbook(excelFilePath, workbook01): null

2024-01-22 18:44:52 - [TEST_STEP][PASSED] - waitForElementClickable(findTestObject("Stockbit/menu_Bandarmology"), 10): Object 'Object Repository/Stockbit/menu_Bandarmology' is clickable

2024-01-22 18:44:52 - [MESSAGE][PASSED] - Object 'Object Repository/Stockbit/menu_Bandarmology' is clickable

2024-01-22 18:44:52 - [TEST_STEP][PASSED] - click(findTestObject("Stockbit/menu_Bandarmology")): Object: 'Object Repository/Stockbit/menu_Bandarmology' is clicked on

2024-01-22 18:44:52 - [MESSAGE][PASSED] - Object: 'Object Repository/Stockbit/menu_Bandarmology' is clicked on

2024-01-22 18:44:52 - [TEST_STEP][PASSED] - strTemp = "NA": null

2024-01-22 18:44:52 - [TEST_STEP][PASSED] - if (getCellValueByIndex(sheet01, rowIndex, 4) != "DONE"): Object: 'Object Repository/Stockbit/menu_Bandarmology' is clicked on

2024-01-22 18:44:52 - [TEST_STEP][PASSED] - strNama = getCellValueByIndex(sheet01, rowIndex, 0): null

2024-01-22 18:44:52 - [TEST_STEP][PASSED] - navigateToUrl("https://stockbit.com/#/symbol/" + strNama): Navigate to 'https://stockbit.com/#/symbol/CHEM' successfully

2024-01-22 18:44:54 - [MESSAGE][PASSED] - Navigate to 'https://stockbit.com/#/symbol/CHEM' successfully

2024-01-22 18:44:54 - [TEST_STEP][PASSED] - waitForElementClickable(findTestObject("Stockbit/menu_Bandarmology"), 10): Object 'Object Repository/Stockbit/menu_Bandarmology' is clickable

2024-01-22 18:44:54 - [MESSAGE][PASSED] - Object 'Object Repository/Stockbit/menu_Bandarmology' is clickable

2024-01-22 18:44:54 - [TEST_STEP][PASSED] - click(findTestObject("Stockbit/menu_Bandarmology")): Object: 'Object Repository/Stockbit/menu_Bandarmology' is clicked on

2024-01-22 18:44:55 - [MESSAGE][PASSED] - Object: 'Object Repository/Stockbit/menu_Bandarmology' is clicked on

2024-01-22 18:44:55 - [TEST_STEP][PASSED] - strTanggal = d.format(DateTimeFormatter.ofPattern("MMM dd, yyyy")): null

2024-01-22 18:44:55 - [TEST_STEP][PASSED] - strTanggal = d.format(ISO_DATE): null

2024-01-22 18:44:55 - [TEST_STEP][PASSED] - out.println("strTanggal = " + strTanggal): null

2024-01-22 18:44:55 - [TEST_STEP][PASSED] - out.println("strNama = " + strNama): null

2024-01-22 18:44:55 - [TEST_STEP][PASSED] - out.println("Baris ke = " + rowIndex): null

2024-01-22 18:44:55 - [TEST_STEP][PASSED] - click(findTestObject("Stockbit/input__BandarmologyOpenStartDate")): Object: 'Object Repository/Stockbit/input__BandarmologyOpenStartDate' is clicked on

2024-01-22 18:44:56 - [MESSAGE][PASSED] - Object: 'Object Repository/Stockbit/input__BandarmologyOpenStartDate' is clicked on

2024-01-22 18:44:56 - [TEST_STEP][PASSED] - sendKeys(findTestObject("Stockbit/input__BandarmologyOpenStartDate"), Keys.chord(CONTROL, "a")): Keys 'CONTROL + a' sent to object: 'Object Repository/Stockbit/input__BandarmologyOpenStartDate'

2024-01-22 18:44:57 - [MESSAGE][PASSED] - Keys 'CONTROL + a' sent to object: 'Object Repository/Stockbit/input__BandarmologyOpenStartDate'

2024-01-22 18:44:57 - [TEST_STEP][PASSED] - sendKeys(findTestObject("Stockbit/input__BandarmologyOpenStartDate"), Keys.chord(BACK_SPACE)): Keys 'BACK_SPACE + ' sent to object: 'Object Repository/Stockbit/input__BandarmologyOpenStartDate'

2024-01-22 18:44:57 - [MESSAGE][PASSED] - Keys 'BACK_SPACE + ' sent to object: 'Object Repository/Stockbit/input__BandarmologyOpenStartDate'

2024-01-22 18:44:57 - [TEST_STEP][PASSED] - setText(findTestObject("Stockbit/input__BandarmologyOpenStartDate"), strTanggal): Text '2024-01-22' is set on object 'Object Repository/Stockbit/input__BandarmologyOpenStartDate'

2024-01-22 18:44:58 - [MESSAGE][PASSED] - Text '2024-01-22' is set on object 'Object Repository/Stockbit/input__BandarmologyOpenStartDate'

2024-01-22 18:44:58 - [TEST_STEP][PASSED] - sendKeys(findTestObject("Stockbit/input__BandarmologyOpenStartDate"), Keys.chord(ENTER)): Keys 'ENTER + ' sent to object: 'Object Repository/Stockbit/input__BandarmologyOpenStartDate'

2024-01-22 18:44:58 - [MESSAGE][PASSED] - Keys 'ENTER + ' sent to object: 'Object Repository/Stockbit/input__BandarmologyOpenStartDate'

2024-01-22 18:44:58 - [TEST_STEP][PASSED] - click(findTestObject("Stockbit/input__BandarmologyOpenEndDate")): Object: 'Object Repository/Stockbit/input__BandarmologyOpenEndDate' is clicked on

2024-01-22 18:44:59 - [MESSAGE][PASSED] - Object: 'Object Repository/Stockbit/input__BandarmologyOpenEndDate' is clicked on

2024-01-22 18:44:59 - [TEST_STEP][PASSED] - sendKeys(findTestObject("Stockbit/input__BandarmologyOpenEndDate"), Keys.chord(CONTROL, "a")): Keys 'CONTROL + a' sent to object: 'Object Repository/Stockbit/input__BandarmologyOpenEndDate'

2024-01-22 18:44:59 - [MESSAGE][PASSED] - Keys 'CONTROL + a' sent to object: 'Object Repository/Stockbit/input__BandarmologyOpenEndDate'

2024-01-22 18:44:59 - [TEST_STEP][PASSED] - sendKeys(findTestObject("Stockbit/input__BandarmologyOpenEndDate"), Keys.chord(BACK_SPACE)): Keys 'BACK_SPACE + ' sent to object: 'Object Repository/Stockbit/input__BandarmologyOpenEndDate'

2024-01-22 18:44:59 - [MESSAGE][PASSED] - Keys 'BACK_SPACE + ' sent to object: 'Object Repository/Stockbit/input__BandarmologyOpenEndDate'

2024-01-22 18:44:59 - [TEST_STEP][PASSED] - setText(findTestObject("Stockbit/input__BandarmologyOpenEndDate"), strTanggal): Text '2024-01-22' is set on object 'Object Repository/Stockbit/input__BandarmologyOpenEndDate'

2024-01-22 18:45:00 - [MESSAGE][PASSED] - Text '2024-01-22' is set on object 'Object Repository/Stockbit/input__BandarmologyOpenEndDate'

2024-01-22 18:45:00 - [TEST_STEP][PASSED] - sendKeys(findTestObject("Stockbit/input__BandarmologyOpenEndDate"), Keys.chord(ENTER)): Keys 'ENTER + ' sent to object: 'Object Repository/Stockbit/input__BandarmologyOpenEndDate'

2024-01-22 18:45:00 - [MESSAGE][PASSED] - Keys 'ENTER + ' sent to object: 'Object Repository/Stockbit/input__BandarmologyOpenEndDate'

2024-01-22 18:45:00 - [TEST_STEP][PASSED] - delay(2): Delayed 2 second(s)

2024-01-22 18:45:02 - [MESSAGE][PASSED] - Delayed 2 second(s)

2024-01-22 18:45:02 - [TEST_STEP][PASSED] - strTemp = getText(findTestObject("Stockbit/Bandarmology_AvgRP")): Text of object 'Object Repository/Stockbit/Bandarmology_AvgRP' is: '130'

2024-01-22 18:45:03 - [MESSAGE][PASSED] - Text of object 'Object Repository/Stockbit/Bandarmology_AvgRP' is: '130'

2024-01-22 18:45:03 - [TEST_STEP][PASSED] - out.println("Bandarmology_AvgRP = " + strTemp): null

2024-01-22 18:45:03 - [TEST_STEP][PASSED] - if (strTemp != "0"): null

2024-01-22 18:45:03 - [TEST_STEP][PASSED] - strTop1 = getText(findTestObject("Stockbit/Bandarmology_Top1")): Text of object 'Object Repository/Stockbit/Bandarmology_Top1' is: 'Big Acc'

2024-01-22 18:45:03 - [MESSAGE][PASSED] - Text of object 'Object Repository/Stockbit/Bandarmology_Top1' is: 'Big Acc'

2024-01-22 18:45:03 - [TEST_STEP][PASSED] - strTop3 = getText(findTestObject("Stockbit/Bandarmology_Top3")): Text of object 'Object Repository/Stockbit/Bandarmology_Top3' is: 'Normal Acc'

2024-01-22 18:45:03 - [MESSAGE][PASSED] - Text of object 'Object Repository/Stockbit/Bandarmology_Top3' is: 'Normal Acc'

2024-01-22 18:45:03 - [TEST_STEP][PASSED] - strTop5 = getText(findTestObject("Stockbit/Bandarmology_Top5")): Text of object 'Object Repository/Stockbit/Bandarmology_Top5' is: 'Neutral'

2024-01-22 18:45:03 - [MESSAGE][PASSED] - Text of object 'Object Repository/Stockbit/Bandarmology_Top5' is: 'Neutral'

2024-01-22 18:45:03 - [TEST_STEP][PASSED] - strAllBrokAvg = getText(findTestObject("Stockbit/Bandarmology_TopAVG")): Text of object 'Object Repository/Stockbit/Bandarmology_TopAVG' is: 'Small Acc'

2024-01-22 18:45:03 - [MESSAGE][PASSED] - Text of object 'Object Repository/Stockbit/Bandarmology_TopAVG' is: 'Small Acc'

2024-01-22 18:45:03 - [TEST_STEP][PASSED] - strTemp = getText(findTestObject("Stockbit/Bandarmology_AvgRP")): Text of object 'Object Repository/Stockbit/Bandarmology_AvgRP' is: '130'

2024-01-22 18:45:03 - [MESSAGE][PASSED] - Text of object 'Object Repository/Stockbit/Bandarmology_AvgRP' is: '130'

2024-01-22 18:45:03 - [TEST_STEP][PASSED] - if (strTemp.contains(",")): null

2024-01-22 18:45:03 - [TEST_STEP][PASSED] - intAvgRP = strTemp.toInteger(): null

2024-01-22 18:45:03 - [TEST_STEP][PASSED] - strBuyer1 = getText(findTestObject("Stockbit/Bandarmology_Buyer1")): Text of object 'Object Repository/Stockbit/Bandarmology_Buyer1' is: 'SH'

2024-01-22 18:45:03 - [MESSAGE][PASSED] - Text of object 'Object Repository/Stockbit/Bandarmology_Buyer1' is: 'SH'

2024-01-22 18:45:03 - [TEST_STEP][PASSED] - strBuyerVol1 = getText(findTestObject("Stockbit/Bandarmology_BuyerVol1")): Text of object 'Object Repository/Stockbit/Bandarmology_BuyerVol1' is: '27.5 K'

2024-01-22 18:45:03 - [MESSAGE][PASSED] - Text of object 'Object Repository/Stockbit/Bandarmology_BuyerVol1' is: '27.5 K'

2024-01-22 18:45:03 - [TEST_STEP][PASSED] - strBuyerAvg1 = getText(findTestObject("Stockbit/Bandarmology_BuyerAvg1")): Text of object 'Object Repository/Stockbit/Bandarmology_BuyerAvg1' is: '131'

2024-01-22 18:45:04 - [MESSAGE][PASSED] - Text of object 'Object Repository/Stockbit/Bandarmology_BuyerAvg1' is: '131'

2024-01-22 18:45:04 - [TEST_STEP][PASSED] - if (strBuyerAvg1.contains(",")): null

2024-01-22 18:45:04 - [TEST_STEP][PASSED] - if (strBuyerVol1.contains(" B")): null

2024-01-22 18:45:04 - [TEST_STEP][PASSED] - else if (strBuyerVol1.contains(" M")): null

2024-01-22 18:45:04 - [TEST_STEP][PASSED] - else if (strBuyerVol1.contains(" K")): null

2024-01-22 18:45:04 - [TEST_STEP][PASSED] - strBuyerVol1 = strBuyerVol1.replace(" K", ""): null

2024-01-22 18:45:04 - [TEST_STEP][PASSED] - strBuyerVol1 = strBuyerVol1.toDouble() * 1000: null

2024-01-22 18:45:04 - [TEST_STEP][PASSED] - strSeller1 = getText(findTestObject("Stockbit/Bandarmology_Seller1")): Text of object 'Object Repository/Stockbit/Bandarmology_Seller1' is: 'XA'

2024-01-22 18:45:04 - [MESSAGE][PASSED] - Text of object 'Object Repository/Stockbit/Bandarmology_Seller1' is: 'XA'

2024-01-22 18:45:04 - [TEST_STEP][PASSED] - strSellerVol1 = getText(findTestObject("Stockbit/Bandarmology_SellerVol1")): Text of object 'Object Repository/Stockbit/Bandarmology_SellerVol1' is: '15.2 K'

2024-01-22 18:45:04 - [MESSAGE][PASSED] - Text of object 'Object Repository/Stockbit/Bandarmology_SellerVol1' is: '15.2 K'

2024-01-22 18:45:04 - [TEST_STEP][PASSED] - strSellerAvg1 = getText(findTestObject("Stockbit/Bandarmology_SellerAvg1")): Text of object 'Object Repository/Stockbit/Bandarmology_SellerAvg1' is: '130'

2024-01-22 18:45:04 - [MESSAGE][PASSED] - Text of object 'Object Repository/Stockbit/Bandarmology_SellerAvg1' is: '130'

2024-01-22 18:45:04 - [TEST_STEP][PASSED] - if (strSellerAvg1.contains(",")): null

2024-01-22 18:45:04 - [TEST_STEP][PASSED] - if (strSellerVol1.contains(" B")): null

2024-01-22 18:45:04 - [TEST_STEP][PASSED] - else if (strSellerVol1.contains(" M")): null

2024-01-22 18:45:04 - [TEST_STEP][PASSED] - else if (strSellerVol1.contains(" K")): null

2024-01-22 18:45:04 - [TEST_STEP][PASSED] - strSellerVol1 = strSellerVol1.replace(" K", ""): null

2024-01-22 18:45:04 - [TEST_STEP][PASSED] - strSellerVol1 = strSellerVol1.toDouble() * 1000: null

2024-01-22 18:45:04 - [TEST_STEP][PASSED] - if (verifyElementNotPresent(findTestObject("Stockbit/Bandarmology_Buyer2"), 1, OPTIONAL)): Web element with id: 'Object Repository/Stockbit/Bandarmology_Buyer2' located by 'By.xpath: //*[contains(@id, 'rc-tabs-')]/div[2]/div/div/div/div/div/div[2]/table/tbody/tr[3]/td[1]/p' is present after '1' second(s) (Root cause: com.kms.katalon.core.exception.StepFailedException: Web element with id: 'Object Repository/Stockbit/Bandarmology_Buyer2' located by 'By.xpath: //*[contains(@id, 'rc-tabs-')]/div[2]/div/div/div/div/div/div[2]/table/tbody/tr[3]/td[1]/p' is present after '1' second(s)
	at com.kms.katalon.core.webui.keyword.internal.WebUIKeywordMain.stepFailed(WebUIKeywordMain.groovy:64)
	at com.kms.katalon.core.webui.keyword.internal.WebUIKeywordMain$stepFailed$0.call(Unknown Source)
	at com.kms.katalon.core.webui.keyword.builtin.VerifyElementNotPresentKeyword$_verifyElementNotPresent_closure1.doCall(VerifyElementNotPresentKeyword.groovy:106)
	at com.kms.katalon.core.webui.keyword.builtin.VerifyElementNotPresentKeyword$_verifyElementNotPresent_closure1.doCall(VerifyElementNotPresentKeyword.groovy)
	at com.kms.katalon.core.webui.keyword.internal.WebUIKeywordMain.runKeyword(WebUIKeywordMain.groovy:20)
	at com.kms.katalon.core.webui.keyword.internal.WebUIKeywordMain$runKeyword.call(Unknown Source)
	at com.kms.katalon.core.webui.keyword.builtin.VerifyElementNotPresentKeyword.verifyElementNotPresent(VerifyElementNotPresentKeyword.groovy:117)
	at com.kms.katalon.core.webui.keyword.builtin.VerifyElementNotPresentKeyword.execute(VerifyElementNotPresentKeyword.groovy:68)
	at com.kms.katalon.core.keyword.internal.KeywordExecutor.executeKeywordForPlatform(KeywordExecutor.groovy:74)
	at com.kms.katalon.core.webui.keyword.WebUiBuiltInKeywords.verifyElementNotPresent(WebUiBuiltInKeywords.groovy:1481)
	at com.kms.katalon.core.webui.keyword.WebUiBuiltInKeywords$verifyElementNotPresent$8.call(Unknown Source)
	at GetBrokSumPriceDaily.run(GetBrokSumPriceDaily:258)
	at com.kms.katalon.core.main.ScriptEngine.run(ScriptEngine.java:194)
	at com.kms.katalon.core.main.ScriptEngine.runScriptAsRawText(ScriptEngine.java:119)
	at com.kms.katalon.core.main.TestCaseExecutor.runScript(TestCaseExecutor.java:445)
	at com.kms.katalon.core.main.TestCaseExecutor.doExecute(TestCaseExecutor.java:436)
	at com.kms.katalon.core.main.TestCaseExecutor.processExecutionPhase(TestCaseExecutor.java:415)
	at com.kms.katalon.core.main.TestCaseExecutor.accessMainPhase(TestCaseExecutor.java:407)
	at com.kms.katalon.core.main.TestCaseExecutor.execute(TestCaseExecutor.java:284)
	at com.kms.katalon.core.common.CommonExecutor.accessTestCaseMainPhase(CommonExecutor.java:65)
	at com.kms.katalon.core.main.TestSuiteExecutor.accessTestSuiteMainPhase(TestSuiteExecutor.java:144)
	at com.kms.katalon.core.main.TestSuiteExecutor.execute(TestSuiteExecutor.java:106)
	at com.kms.katalon.core.main.TestCaseMain.startTestSuite(TestCaseMain.java:185)
	at com.kms.katalon.core.main.TestCaseMain$startTestSuite$0.call(Unknown Source)
	at TempTestSuite1705923140048.run(TempTestSuite1705923140048.groovy:36)
)

2024-01-22 18:45:05 - [MESSAGE][WARNING] - Web element with id: 'Object Repository/Stockbit/Bandarmology_Buyer2' located by 'By.xpath: //*[contains(@id, 'rc-tabs-')]/div[2]/div/div/div/div/div/div[2]/table/tbody/tr[3]/td[1]/p' is present after '1' second(s) (Root cause: com.kms.katalon.core.exception.StepFailedException: Web element with id: 'Object Repository/Stockbit/Bandarmology_Buyer2' located by 'By.xpath: //*[contains(@id, 'rc-tabs-')]/div[2]/div/div/div/div/div/div[2]/table/tbody/tr[3]/td[1]/p' is present after '1' second(s)
	at com.kms.katalon.core.webui.keyword.internal.WebUIKeywordMain.stepFailed(WebUIKeywordMain.groovy:64)
	at com.kms.katalon.core.webui.keyword.internal.WebUIKeywordMain$stepFailed$0.call(Unknown Source)
	at com.kms.katalon.core.webui.keyword.builtin.VerifyElementNotPresentKeyword$_verifyElementNotPresent_closure1.doCall(VerifyElementNotPresentKeyword.groovy:106)
	at com.kms.katalon.core.webui.keyword.builtin.VerifyElementNotPresentKeyword$_verifyElementNotPresent_closure1.doCall(VerifyElementNotPresentKeyword.groovy)
	at com.kms.katalon.core.webui.keyword.internal.WebUIKeywordMain.runKeyword(WebUIKeywordMain.groovy:20)
	at com.kms.katalon.core.webui.keyword.internal.WebUIKeywordMain$runKeyword.call(Unknown Source)
	at com.kms.katalon.core.webui.keyword.builtin.VerifyElementNotPresentKeyword.verifyElementNotPresent(VerifyElementNotPresentKeyword.groovy:117)
	at com.kms.katalon.core.webui.keyword.builtin.VerifyElementNotPresentKeyword.execute(VerifyElementNotPresentKeyword.groovy:68)
	at com.kms.katalon.core.keyword.internal.KeywordExecutor.executeKeywordForPlatform(KeywordExecutor.groovy:74)
	at com.kms.katalon.core.webui.keyword.WebUiBuiltInKeywords.verifyElementNotPresent(WebUiBuiltInKeywords.groovy:1481)
	at com.kms.katalon.core.webui.keyword.WebUiBuiltInKeywords$verifyElementNotPresent$8.call(Unknown Source)
	at GetBrokSumPriceDaily.run(GetBrokSumPriceDaily:258)
	at com.kms.katalon.core.main.ScriptEngine.run(ScriptEngine.java:194)
	at com.kms.katalon.core.main.ScriptEngine.runScriptAsRawText(ScriptEngine.java:119)
	at com.kms.katalon.core.main.TestCaseExecutor.runScript(TestCaseExecutor.java:445)
	at com.kms.katalon.core.main.TestCaseExecutor.doExecute(TestCaseExecutor.java:436)
	at com.kms.katalon.core.main.TestCaseExecutor.processExecutionPhase(TestCaseExecutor.java:415)
	at com.kms.katalon.core.main.TestCaseExecutor.accessMainPhase(TestCaseExecutor.java:407)
	at com.kms.katalon.core.main.TestCaseExecutor.execute(TestCaseExecutor.java:284)
	at com.kms.katalon.core.common.CommonExecutor.accessTestCaseMainPhase(CommonExecutor.java:65)
	at com.kms.katalon.core.main.TestSuiteExecutor.accessTestSuiteMainPhase(TestSuiteExecutor.java:144)
	at com.kms.katalon.core.main.TestSuiteExecutor.execute(TestSuiteExecutor.java:106)
	at com.kms.katalon.core.main.TestCaseMain.startTestSuite(TestCaseMain.java:185)
	at com.kms.katalon.core.main.TestCaseMain$startTestSuite$0.call(Unknown Source)
	at TempTestSuite1705923140048.run(TempTestSuite1705923140048.groovy:36)
)
[[ATTACHMENT|C:\\Users\\Fadli\\git\\KatalonDailyGetData2\\Reports\\20240122_174123\\TS1\\20240122_183220\\1705923905561.png]]

2024-01-22 18:45:05 - [TEST_STEP][PASSED] - else: null

2024-01-22 18:45:05 - [TEST_STEP][PASSED] - strBuyer2 = getText(findTestObject("Stockbit/Bandarmology_Buyer2")): Text of object 'Object Repository/Stockbit/Bandarmology_Buyer2' is: 'YP'

2024-01-22 18:45:05 - [MESSAGE][PASSED] - Text of object 'Object Repository/Stockbit/Bandarmology_Buyer2' is: 'YP'

2024-01-22 18:45:05 - [TEST_STEP][PASSED] - strBuyerVol2 = getText(findTestObject("Stockbit/Bandarmology_BuyerVol2")): Text of object 'Object Repository/Stockbit/Bandarmology_BuyerVol2' is: '9.1 K'

2024-01-22 18:45:05 - [MESSAGE][PASSED] - Text of object 'Object Repository/Stockbit/Bandarmology_BuyerVol2' is: '9.1 K'

2024-01-22 18:45:05 - [TEST_STEP][PASSED] - strBuyerAvg2 = getText(findTestObject("Stockbit/Bandarmology_BuyerAvg2")): Text of object 'Object Repository/Stockbit/Bandarmology_BuyerAvg2' is: '130'

2024-01-22 18:45:06 - [MESSAGE][PASSED] - Text of object 'Object Repository/Stockbit/Bandarmology_BuyerAvg2' is: '130'

2024-01-22 18:45:06 - [TEST_STEP][PASSED] - if (strBuyer2 != ""): null

2024-01-22 18:45:06 - [TEST_STEP][PASSED] - if (strBuyerAvg2.contains(",")): null

2024-01-22 18:45:06 - [TEST_STEP][PASSED] - if (strBuyerVol2.contains(" B")): null

2024-01-22 18:45:06 - [TEST_STEP][PASSED] - else if (strBuyerVol2.contains(" M")): null

2024-01-22 18:45:06 - [TEST_STEP][PASSED] - else if (strBuyerVol2.contains(" K")): null

2024-01-22 18:45:06 - [TEST_STEP][PASSED] - strBuyerVol2 = strBuyerVol2.replace(" K", ""): null

2024-01-22 18:45:06 - [TEST_STEP][PASSED] - strBuyerVol2 = strBuyerVol2.toDouble() * 1000: null

2024-01-22 18:45:06 - [TEST_STEP][PASSED] - if (strBuyerVol2.contains(".")): null

2024-01-22 18:45:06 - [TEST_STEP][PASSED] - strBuyerVal2 = strBuyerVol2.replace(".", ""): null

2024-01-22 18:45:06 - [TEST_STEP][PASSED] - if (verifyElementNotPresent(findTestObject("Stockbit/Bandarmology_Seller2"), 1, OPTIONAL)): Web element with id: 'Object Repository/Stockbit/Bandarmology_Seller2' located by 'By.xpath: //*[contains(@id, 'rc-tabs-')]/div[2]/div/div/div/div/div/div[2]/table/tbody/tr[3]/td[5]/p' is present after '1' second(s) (Root cause: com.kms.katalon.core.exception.StepFailedException: Web element with id: 'Object Repository/Stockbit/Bandarmology_Seller2' located by 'By.xpath: //*[contains(@id, 'rc-tabs-')]/div[2]/div/div/div/div/div/div[2]/table/tbody/tr[3]/td[5]/p' is present after '1' second(s)
	at com.kms.katalon.core.webui.keyword.internal.WebUIKeywordMain.stepFailed(WebUIKeywordMain.groovy:64)
	at com.kms.katalon.core.webui.keyword.internal.WebUIKeywordMain$stepFailed$0.call(Unknown Source)
	at com.kms.katalon.core.webui.keyword.builtin.VerifyElementNotPresentKeyword$_verifyElementNotPresent_closure1.doCall(VerifyElementNotPresentKeyword.groovy:106)
	at com.kms.katalon.core.webui.keyword.builtin.VerifyElementNotPresentKeyword$_verifyElementNotPresent_closure1.doCall(VerifyElementNotPresentKeyword.groovy)
	at com.kms.katalon.core.webui.keyword.internal.WebUIKeywordMain.runKeyword(WebUIKeywordMain.groovy:20)
	at com.kms.katalon.core.webui.keyword.internal.WebUIKeywordMain$runKeyword.call(Unknown Source)
	at com.kms.katalon.core.webui.keyword.builtin.VerifyElementNotPresentKeyword.verifyElementNotPresent(VerifyElementNotPresentKeyword.groovy:117)
	at com.kms.katalon.core.webui.keyword.builtin.VerifyElementNotPresentKeyword.execute(VerifyElementNotPresentKeyword.groovy:68)
	at com.kms.katalon.core.keyword.internal.KeywordExecutor.executeKeywordForPlatform(KeywordExecutor.groovy:74)
	at com.kms.katalon.core.webui.keyword.WebUiBuiltInKeywords.verifyElementNotPresent(WebUiBuiltInKeywords.groovy:1481)
	at com.kms.katalon.core.webui.keyword.WebUiBuiltInKeywords$verifyElementNotPresent$8.call(Unknown Source)
	at GetBrokSumPriceDaily.run(GetBrokSumPriceDaily:309)
	at com.kms.katalon.core.main.ScriptEngine.run(ScriptEngine.java:194)
	at com.kms.katalon.core.main.ScriptEngine.runScriptAsRawText(ScriptEngine.java:119)
	at com.kms.katalon.core.main.TestCaseExecutor.runScript(TestCaseExecutor.java:445)
	at com.kms.katalon.core.main.TestCaseExecutor.doExecute(TestCaseExecutor.java:436)
	at com.kms.katalon.core.main.TestCaseExecutor.processExecutionPhase(TestCaseExecutor.java:415)
	at com.kms.katalon.core.main.TestCaseExecutor.accessMainPhase(TestCaseExecutor.java:407)
	at com.kms.katalon.core.main.TestCaseExecutor.execute(TestCaseExecutor.java:284)
	at com.kms.katalon.core.common.CommonExecutor.accessTestCaseMainPhase(CommonExecutor.java:65)
	at com.kms.katalon.core.main.TestSuiteExecutor.accessTestSuiteMainPhase(TestSuiteExecutor.java:144)
	at com.kms.katalon.core.main.TestSuiteExecutor.execute(TestSuiteExecutor.java:106)
	at com.kms.katalon.core.main.TestCaseMain.startTestSuite(TestCaseMain.java:185)
	at com.kms.katalon.core.main.TestCaseMain$startTestSuite$0.call(Unknown Source)
	at TempTestSuite1705923140048.run(TempTestSuite1705923140048.groovy:36)
)

2024-01-22 18:45:07 - [MESSAGE][WARNING] - Web element with id: 'Object Repository/Stockbit/Bandarmology_Seller2' located by 'By.xpath: //*[contains(@id, 'rc-tabs-')]/div[2]/div/div/div/div/div/div[2]/table/tbody/tr[3]/td[5]/p' is present after '1' second(s) (Root cause: com.kms.katalon.core.exception.StepFailedException: Web element with id: 'Object Repository/Stockbit/Bandarmology_Seller2' located by 'By.xpath: //*[contains(@id, 'rc-tabs-')]/div[2]/div/div/div/div/div/div[2]/table/tbody/tr[3]/td[5]/p' is present after '1' second(s)
	at com.kms.katalon.core.webui.keyword.internal.WebUIKeywordMain.stepFailed(WebUIKeywordMain.groovy:64)
	at com.kms.katalon.core.webui.keyword.internal.WebUIKeywordMain$stepFailed$0.call(Unknown Source)
	at com.kms.katalon.core.webui.keyword.builtin.VerifyElementNotPresentKeyword$_verifyElementNotPresent_closure1.doCall(VerifyElementNotPresentKeyword.groovy:106)
	at com.kms.katalon.core.webui.keyword.builtin.VerifyElementNotPresentKeyword$_verifyElementNotPresent_closure1.doCall(VerifyElementNotPresentKeyword.groovy)
	at com.kms.katalon.core.webui.keyword.internal.WebUIKeywordMain.runKeyword(WebUIKeywordMain.groovy:20)
	at com.kms.katalon.core.webui.keyword.internal.WebUIKeywordMain$runKeyword.call(Unknown Source)
	at com.kms.katalon.core.webui.keyword.builtin.VerifyElementNotPresentKeyword.verifyElementNotPresent(VerifyElementNotPresentKeyword.groovy:117)
	at com.kms.katalon.core.webui.keyword.builtin.VerifyElementNotPresentKeyword.execute(VerifyElementNotPresentKeyword.groovy:68)
	at com.kms.katalon.core.keyword.internal.KeywordExecutor.executeKeywordForPlatform(KeywordExecutor.groovy:74)
	at com.kms.katalon.core.webui.keyword.WebUiBuiltInKeywords.verifyElementNotPresent(WebUiBuiltInKeywords.groovy:1481)
	at com.kms.katalon.core.webui.keyword.WebUiBuiltInKeywords$verifyElementNotPresent$8.call(Unknown Source)
	at GetBrokSumPriceDaily.run(GetBrokSumPriceDaily:309)
	at com.kms.katalon.core.main.ScriptEngine.run(ScriptEngine.java:194)
	at com.kms.katalon.core.main.ScriptEngine.runScriptAsRawText(ScriptEngine.java:119)
	at com.kms.katalon.core.main.TestCaseExecutor.runScript(TestCaseExecutor.java:445)
	at com.kms.katalon.core.main.TestCaseExecutor.doExecute(TestCaseExecutor.java:436)
	at com.kms.katalon.core.main.TestCaseExecutor.processExecutionPhase(TestCaseExecutor.java:415)
	at com.kms.katalon.core.main.TestCaseExecutor.accessMainPhase(TestCaseExecutor.java:407)
	at com.kms.katalon.core.main.TestCaseExecutor.execute(TestCaseExecutor.java:284)
	at com.kms.katalon.core.common.CommonExecutor.accessTestCaseMainPhase(CommonExecutor.java:65)
	at com.kms.katalon.core.main.TestSuiteExecutor.accessTestSuiteMainPhase(TestSuiteExecutor.java:144)
	at com.kms.katalon.core.main.TestSuiteExecutor.execute(TestSuiteExecutor.java:106)
	at com.kms.katalon.core.main.TestCaseMain.startTestSuite(TestCaseMain.java:185)
	at com.kms.katalon.core.main.TestCaseMain$startTestSuite$0.call(Unknown Source)
	at TempTestSuite1705923140048.run(TempTestSuite1705923140048.groovy:36)
)
[[ATTACHMENT|C:\\Users\\Fadli\\git\\KatalonDailyGetData2\\Reports\\20240122_174123\\TS1\\20240122_183220\\1705923907231.png]]

2024-01-22 18:45:07 - [TEST_STEP][PASSED] - else: null

2024-01-22 18:45:07 - [TEST_STEP][PASSED] - strSeller2 = getText(findTestObject("Stockbit/Bandarmology_Seller2")): Text of object 'Object Repository/Stockbit/Bandarmology_Seller2' is: 'BK'

2024-01-22 18:45:07 - [MESSAGE][PASSED] - Text of object 'Object Repository/Stockbit/Bandarmology_Seller2' is: 'BK'

2024-01-22 18:45:07 - [TEST_STEP][PASSED] - strSellerVol2 = getText(findTestObject("Stockbit/Bandarmology_SellerVol2")): Text of object 'Object Repository/Stockbit/Bandarmology_SellerVol2' is: '10.5 K'

2024-01-22 18:45:07 - [MESSAGE][PASSED] - Text of object 'Object Repository/Stockbit/Bandarmology_SellerVol2' is: '10.5 K'

2024-01-22 18:45:07 - [TEST_STEP][PASSED] - strSellerAvg2 = getText(findTestObject("Stockbit/Bandarmology_SellerAvg2")): Text of object 'Object Repository/Stockbit/Bandarmology_SellerAvg2' is: '130'

2024-01-22 18:45:07 - [MESSAGE][PASSED] - Text of object 'Object Repository/Stockbit/Bandarmology_SellerAvg2' is: '130'

2024-01-22 18:45:07 - [TEST_STEP][PASSED] - if (strSeller2 != ""): null

2024-01-22 18:45:07 - [TEST_STEP][PASSED] - if (strSellerAvg2.contains(",")): null

2024-01-22 18:45:07 - [TEST_STEP][PASSED] - if (strSellerVol2.contains(" B")): null

2024-01-22 18:45:07 - [TEST_STEP][PASSED] - else if (strSellerVol2.contains(" M")): null

2024-01-22 18:45:07 - [TEST_STEP][PASSED] - else if (strSellerVol2.contains(" K")): null

2024-01-22 18:45:07 - [TEST_STEP][PASSED] - strSellerVol2 = strSellerVol2.replace(" K", ""): null

2024-01-22 18:45:07 - [TEST_STEP][PASSED] - strSellerVol2 = strSellerVol2.toDouble() * 1000: null

2024-01-22 18:45:07 - [TEST_STEP][PASSED] - if (verifyElementNotPresent(findTestObject("Stockbit/Bandarmology_Buyer3"), 1, OPTIONAL)): Web element with id: 'Object Repository/Stockbit/Bandarmology_Buyer3' located by 'By.xpath: //*[contains(@id, 'rc-tabs-')]/div[2]/div/div/div/div/div/div[2]/table/tbody/tr[4]/td[1]/p' is present after '1' second(s) (Root cause: com.kms.katalon.core.exception.StepFailedException: Web element with id: 'Object Repository/Stockbit/Bandarmology_Buyer3' located by 'By.xpath: //*[contains(@id, 'rc-tabs-')]/div[2]/div/div/div/div/div/div[2]/table/tbody/tr[4]/td[1]/p' is present after '1' second(s)
	at com.kms.katalon.core.webui.keyword.internal.WebUIKeywordMain.stepFailed(WebUIKeywordMain.groovy:64)
	at com.kms.katalon.core.webui.keyword.internal.WebUIKeywordMain$stepFailed$0.call(Unknown Source)
	at com.kms.katalon.core.webui.keyword.builtin.VerifyElementNotPresentKeyword$_verifyElementNotPresent_closure1.doCall(VerifyElementNotPresentKeyword.groovy:106)
	at com.kms.katalon.core.webui.keyword.builtin.VerifyElementNotPresentKeyword$_verifyElementNotPresent_closure1.doCall(VerifyElementNotPresentKeyword.groovy)
	at com.kms.katalon.core.webui.keyword.internal.WebUIKeywordMain.runKeyword(WebUIKeywordMain.groovy:20)
	at com.kms.katalon.core.webui.keyword.internal.WebUIKeywordMain$runKeyword.call(Unknown Source)
	at com.kms.katalon.core.webui.keyword.builtin.VerifyElementNotPresentKeyword.verifyElementNotPresent(VerifyElementNotPresentKeyword.groovy:117)
	at com.kms.katalon.core.webui.keyword.builtin.VerifyElementNotPresentKeyword.execute(VerifyElementNotPresentKeyword.groovy:68)
	at com.kms.katalon.core.keyword.internal.KeywordExecutor.executeKeywordForPlatform(KeywordExecutor.groovy:74)
	at com.kms.katalon.core.webui.keyword.WebUiBuiltInKeywords.verifyElementNotPresent(WebUiBuiltInKeywords.groovy:1481)
	at com.kms.katalon.core.webui.keyword.WebUiBuiltInKeywords$verifyElementNotPresent$8.call(Unknown Source)
	at GetBrokSumPriceDaily.run(GetBrokSumPriceDaily:361)
	at com.kms.katalon.core.main.ScriptEngine.run(ScriptEngine.java:194)
	at com.kms.katalon.core.main.ScriptEngine.runScriptAsRawText(ScriptEngine.java:119)
	at com.kms.katalon.core.main.TestCaseExecutor.runScript(TestCaseExecutor.java:445)
	at com.kms.katalon.core.main.TestCaseExecutor.doExecute(TestCaseExecutor.java:436)
	at com.kms.katalon.core.main.TestCaseExecutor.processExecutionPhase(TestCaseExecutor.java:415)
	at com.kms.katalon.core.main.TestCaseExecutor.accessMainPhase(TestCaseExecutor.java:407)
	at com.kms.katalon.core.main.TestCaseExecutor.execute(TestCaseExecutor.java:284)
	at com.kms.katalon.core.common.CommonExecutor.accessTestCaseMainPhase(CommonExecutor.java:65)
	at com.kms.katalon.core.main.TestSuiteExecutor.accessTestSuiteMainPhase(TestSuiteExecutor.java:144)
	at com.kms.katalon.core.main.TestSuiteExecutor.execute(TestSuiteExecutor.java:106)
	at com.kms.katalon.core.main.TestCaseMain.startTestSuite(TestCaseMain.java:185)
	at com.kms.katalon.core.main.TestCaseMain$startTestSuite$0.call(Unknown Source)
	at TempTestSuite1705923140048.run(TempTestSuite1705923140048.groovy:36)
)

2024-01-22 18:45:09 - [MESSAGE][WARNING] - Web element with id: 'Object Repository/Stockbit/Bandarmology_Buyer3' located by 'By.xpath: //*[contains(@id, 'rc-tabs-')]/div[2]/div/div/div/div/div/div[2]/table/tbody/tr[4]/td[1]/p' is present after '1' second(s) (Root cause: com.kms.katalon.core.exception.StepFailedException: Web element with id: 'Object Repository/Stockbit/Bandarmology_Buyer3' located by 'By.xpath: //*[contains(@id, 'rc-tabs-')]/div[2]/div/div/div/div/div/div[2]/table/tbody/tr[4]/td[1]/p' is present after '1' second(s)
	at com.kms.katalon.core.webui.keyword.internal.WebUIKeywordMain.stepFailed(WebUIKeywordMain.groovy:64)
	at com.kms.katalon.core.webui.keyword.internal.WebUIKeywordMain$stepFailed$0.call(Unknown Source)
	at com.kms.katalon.core.webui.keyword.builtin.VerifyElementNotPresentKeyword$_verifyElementNotPresent_closure1.doCall(VerifyElementNotPresentKeyword.groovy:106)
	at com.kms.katalon.core.webui.keyword.builtin.VerifyElementNotPresentKeyword$_verifyElementNotPresent_closure1.doCall(VerifyElementNotPresentKeyword.groovy)
	at com.kms.katalon.core.webui.keyword.internal.WebUIKeywordMain.runKeyword(WebUIKeywordMain.groovy:20)
	at com.kms.katalon.core.webui.keyword.internal.WebUIKeywordMain$runKeyword.call(Unknown Source)
	at com.kms.katalon.core.webui.keyword.builtin.VerifyElementNotPresentKeyword.verifyElementNotPresent(VerifyElementNotPresentKeyword.groovy:117)
	at com.kms.katalon.core.webui.keyword.builtin.VerifyElementNotPresentKeyword.execute(VerifyElementNotPresentKeyword.groovy:68)
	at com.kms.katalon.core.keyword.internal.KeywordExecutor.executeKeywordForPlatform(KeywordExecutor.groovy:74)
	at com.kms.katalon.core.webui.keyword.WebUiBuiltInKeywords.verifyElementNotPresent(WebUiBuiltInKeywords.groovy:1481)
	at com.kms.katalon.core.webui.keyword.WebUiBuiltInKeywords$verifyElementNotPresent$8.call(Unknown Source)
	at GetBrokSumPriceDaily.run(GetBrokSumPriceDaily:361)
	at com.kms.katalon.core.main.ScriptEngine.run(ScriptEngine.java:194)
	at com.kms.katalon.core.main.ScriptEngine.runScriptAsRawText(ScriptEngine.java:119)
	at com.kms.katalon.core.main.TestCaseExecutor.runScript(TestCaseExecutor.java:445)
	at com.kms.katalon.core.main.TestCaseExecutor.doExecute(TestCaseExecutor.java:436)
	at com.kms.katalon.core.main.TestCaseExecutor.processExecutionPhase(TestCaseExecutor.java:415)
	at com.kms.katalon.core.main.TestCaseExecutor.accessMainPhase(TestCaseExecutor.java:407)
	at com.kms.katalon.core.main.TestCaseExecutor.execute(TestCaseExecutor.java:284)
	at com.kms.katalon.core.common.CommonExecutor.accessTestCaseMainPhase(CommonExecutor.java:65)
	at com.kms.katalon.core.main.TestSuiteExecutor.accessTestSuiteMainPhase(TestSuiteExecutor.java:144)
	at com.kms.katalon.core.main.TestSuiteExecutor.execute(TestSuiteExecutor.java:106)
	at com.kms.katalon.core.main.TestCaseMain.startTestSuite(TestCaseMain.java:185)
	at com.kms.katalon.core.main.TestCaseMain$startTestSuite$0.call(Unknown Source)
	at TempTestSuite1705923140048.run(TempTestSuite1705923140048.groovy:36)
)
[[ATTACHMENT|C:\\Users\\Fadli\\git\\KatalonDailyGetData2\\Reports\\20240122_174123\\TS1\\20240122_183220\\1705923908957.png]]

2024-01-22 18:45:09 - [TEST_STEP][PASSED] - else: null

2024-01-22 18:45:09 - [TEST_STEP][PASSED] - strBuyer3 = getText(findTestObject("Stockbit/Bandarmology_Buyer3")): Text of object 'Object Repository/Stockbit/Bandarmology_Buyer3' is: 'AZ'

2024-01-22 18:45:09 - [MESSAGE][PASSED] - Text of object 'Object Repository/Stockbit/Bandarmology_Buyer3' is: 'AZ'

2024-01-22 18:45:09 - [TEST_STEP][PASSED] - strBuyerVol3 = getText(findTestObject("Stockbit/Bandarmology_BuyerVol3")): Text of object 'Object Repository/Stockbit/Bandarmology_BuyerVol3' is: '6.1 K'

2024-01-22 18:45:09 - [MESSAGE][PASSED] - Text of object 'Object Repository/Stockbit/Bandarmology_BuyerVol3' is: '6.1 K'

2024-01-22 18:45:09 - [TEST_STEP][PASSED] - strBuyerAvg3 = getText(findTestObject("Stockbit/Bandarmology_BuyerAvg3")): Text of object 'Object Repository/Stockbit/Bandarmology_BuyerAvg3' is: '130'

2024-01-22 18:45:09 - [MESSAGE][PASSED] - Text of object 'Object Repository/Stockbit/Bandarmology_BuyerAvg3' is: '130'

2024-01-22 18:45:09 - [TEST_STEP][PASSED] - if (strBuyer3 != ""): null

2024-01-22 18:45:09 - [TEST_STEP][PASSED] - if (strBuyerAvg3.contains(",")): null

2024-01-22 18:45:09 - [TEST_STEP][PASSED] - if (strBuyerVol3.contains(" B")): null

2024-01-22 18:45:09 - [TEST_STEP][PASSED] - else if (strBuyerVol3.contains(" M")): null

2024-01-22 18:45:09 - [TEST_STEP][PASSED] - else if (strBuyerVol3.contains(" K")): null

2024-01-22 18:45:09 - [TEST_STEP][PASSED] - strBuyerVol3 = strBuyerVol3.replace(" K", ""): null

2024-01-22 18:45:09 - [TEST_STEP][PASSED] - strBuyerVol3 = strBuyerVol3.toDouble() * 1000: null

2024-01-22 18:45:09 - [TEST_STEP][PASSED] - if (verifyElementNotPresent(findTestObject("Stockbit/Bandarmology_Seller3"), 1, OPTIONAL)): Web element with id: 'Object Repository/Stockbit/Bandarmology_Seller3' located by 'By.xpath: //*[contains(@id, 'rc-tabs-')]/div[2]/div/div/div/div/div/div[2]/table/tbody/tr[4]/td[5]/p' is present after '1' second(s) (Root cause: com.kms.katalon.core.exception.StepFailedException: Web element with id: 'Object Repository/Stockbit/Bandarmology_Seller3' located by 'By.xpath: //*[contains(@id, 'rc-tabs-')]/div[2]/div/div/div/div/div/div[2]/table/tbody/tr[4]/td[5]/p' is present after '1' second(s)
	at com.kms.katalon.core.webui.keyword.internal.WebUIKeywordMain.stepFailed(WebUIKeywordMain.groovy:64)
	at com.kms.katalon.core.webui.keyword.internal.WebUIKeywordMain$stepFailed$0.call(Unknown Source)
	at com.kms.katalon.core.webui.keyword.builtin.VerifyElementNotPresentKeyword$_verifyElementNotPresent_closure1.doCall(VerifyElementNotPresentKeyword.groovy:106)
	at com.kms.katalon.core.webui.keyword.builtin.VerifyElementNotPresentKeyword$_verifyElementNotPresent_closure1.doCall(VerifyElementNotPresentKeyword.groovy)
	at com.kms.katalon.core.webui.keyword.internal.WebUIKeywordMain.runKeyword(WebUIKeywordMain.groovy:20)
	at com.kms.katalon.core.webui.keyword.internal.WebUIKeywordMain$runKeyword.call(Unknown Source)
	at com.kms.katalon.core.webui.keyword.builtin.VerifyElementNotPresentKeyword.verifyElementNotPresent(VerifyElementNotPresentKeyword.groovy:117)
	at com.kms.katalon.core.webui.keyword.builtin.VerifyElementNotPresentKeyword.execute(VerifyElementNotPresentKeyword.groovy:68)
	at com.kms.katalon.core.keyword.internal.KeywordExecutor.executeKeywordForPlatform(KeywordExecutor.groovy:74)
	at com.kms.katalon.core.webui.keyword.WebUiBuiltInKeywords.verifyElementNotPresent(WebUiBuiltInKeywords.groovy:1481)
	at com.kms.katalon.core.webui.keyword.WebUiBuiltInKeywords$verifyElementNotPresent$8.call(Unknown Source)
	at GetBrokSumPriceDaily.run(GetBrokSumPriceDaily:414)
	at com.kms.katalon.core.main.ScriptEngine.run(ScriptEngine.java:194)
	at com.kms.katalon.core.main.ScriptEngine.runScriptAsRawText(ScriptEngine.java:119)
	at com.kms.katalon.core.main.TestCaseExecutor.runScript(TestCaseExecutor.java:445)
	at com.kms.katalon.core.main.TestCaseExecutor.doExecute(TestCaseExecutor.java:436)
	at com.kms.katalon.core.main.TestCaseExecutor.processExecutionPhase(TestCaseExecutor.java:415)
	at com.kms.katalon.core.main.TestCaseExecutor.accessMainPhase(TestCaseExecutor.java:407)
	at com.kms.katalon.core.main.TestCaseExecutor.execute(TestCaseExecutor.java:284)
	at com.kms.katalon.core.common.CommonExecutor.accessTestCaseMainPhase(CommonExecutor.java:65)
	at com.kms.katalon.core.main.TestSuiteExecutor.accessTestSuiteMainPhase(TestSuiteExecutor.java:144)
	at com.kms.katalon.core.main.TestSuiteExecutor.execute(TestSuiteExecutor.java:106)
	at com.kms.katalon.core.main.TestCaseMain.startTestSuite(TestCaseMain.java:185)
	at com.kms.katalon.core.main.TestCaseMain$startTestSuite$0.call(Unknown Source)
	at TempTestSuite1705923140048.run(TempTestSuite1705923140048.groovy:36)
)

2024-01-22 18:45:10 - [MESSAGE][WARNING] - Web element with id: 'Object Repository/Stockbit/Bandarmology_Seller3' located by 'By.xpath: //*[contains(@id, 'rc-tabs-')]/div[2]/div/div/div/div/div/div[2]/table/tbody/tr[4]/td[5]/p' is present after '1' second(s) (Root cause: com.kms.katalon.core.exception.StepFailedException: Web element with id: 'Object Repository/Stockbit/Bandarmology_Seller3' located by 'By.xpath: //*[contains(@id, 'rc-tabs-')]/div[2]/div/div/div/div/div/div[2]/table/tbody/tr[4]/td[5]/p' is present after '1' second(s)
	at com.kms.katalon.core.webui.keyword.internal.WebUIKeywordMain.stepFailed(WebUIKeywordMain.groovy:64)
	at com.kms.katalon.core.webui.keyword.internal.WebUIKeywordMain$stepFailed$0.call(Unknown Source)
	at com.kms.katalon.core.webui.keyword.builtin.VerifyElementNotPresentKeyword$_verifyElementNotPresent_closure1.doCall(VerifyElementNotPresentKeyword.groovy:106)
	at com.kms.katalon.core.webui.keyword.builtin.VerifyElementNotPresentKeyword$_verifyElementNotPresent_closure1.doCall(VerifyElementNotPresentKeyword.groovy)
	at com.kms.katalon.core.webui.keyword.internal.WebUIKeywordMain.runKeyword(WebUIKeywordMain.groovy:20)
	at com.kms.katalon.core.webui.keyword.internal.WebUIKeywordMain$runKeyword.call(Unknown Source)
	at com.kms.katalon.core.webui.keyword.builtin.VerifyElementNotPresentKeyword.verifyElementNotPresent(VerifyElementNotPresentKeyword.groovy:117)
	at com.kms.katalon.core.webui.keyword.builtin.VerifyElementNotPresentKeyword.execute(VerifyElementNotPresentKeyword.groovy:68)
	at com.kms.katalon.core.keyword.internal.KeywordExecutor.executeKeywordForPlatform(KeywordExecutor.groovy:74)
	at com.kms.katalon.core.webui.keyword.WebUiBuiltInKeywords.verifyElementNotPresent(WebUiBuiltInKeywords.groovy:1481)
	at com.kms.katalon.core.webui.keyword.WebUiBuiltInKeywords$verifyElementNotPresent$8.call(Unknown Source)
	at GetBrokSumPriceDaily.run(GetBrokSumPriceDaily:414)
	at com.kms.katalon.core.main.ScriptEngine.run(ScriptEngine.java:194)
	at com.kms.katalon.core.main.ScriptEngine.runScriptAsRawText(ScriptEngine.java:119)
	at com.kms.katalon.core.main.TestCaseExecutor.runScript(TestCaseExecutor.java:445)
	at com.kms.katalon.core.main.TestCaseExecutor.doExecute(TestCaseExecutor.java:436)
	at com.kms.katalon.core.main.TestCaseExecutor.processExecutionPhase(TestCaseExecutor.java:415)
	at com.kms.katalon.core.main.TestCaseExecutor.accessMainPhase(TestCaseExecutor.java:407)
	at com.kms.katalon.core.main.TestCaseExecutor.execute(TestCaseExecutor.java:284)
	at com.kms.katalon.core.common.CommonExecutor.accessTestCaseMainPhase(CommonExecutor.java:65)
	at com.kms.katalon.core.main.TestSuiteExecutor.accessTestSuiteMainPhase(TestSuiteExecutor.java:144)
	at com.kms.katalon.core.main.TestSuiteExecutor.execute(TestSuiteExecutor.java:106)
	at com.kms.katalon.core.main.TestCaseMain.startTestSuite(TestCaseMain.java:185)
	at com.kms.katalon.core.main.TestCaseMain$startTestSuite$0.call(Unknown Source)
	at TempTestSuite1705923140048.run(TempTestSuite1705923140048.groovy:36)
)
[[ATTACHMENT|C:\\Users\\Fadli\\git\\KatalonDailyGetData2\\Reports\\20240122_174123\\TS1\\20240122_183220\\1705923910657.png]]

2024-01-22 18:45:10 - [TEST_STEP][PASSED] - else: null

2024-01-22 18:45:10 - [TEST_STEP][PASSED] - strSeller3 = getText(findTestObject("Stockbit/Bandarmology_Seller3")): Text of object 'Object Repository/Stockbit/Bandarmology_Seller3' is: 'AK'

2024-01-22 18:45:10 - [MESSAGE][PASSED] - Text of object 'Object Repository/Stockbit/Bandarmology_Seller3' is: 'AK'

2024-01-22 18:45:10 - [TEST_STEP][PASSED] - strSellerVol3 = getText(findTestObject("Stockbit/Bandarmology_SellerVol3")): Text of object 'Object Repository/Stockbit/Bandarmology_SellerVol3' is: '9.9 K'

2024-01-22 18:45:11 - [MESSAGE][PASSED] - Text of object 'Object Repository/Stockbit/Bandarmology_SellerVol3' is: '9.9 K'

2024-01-22 18:45:11 - [TEST_STEP][PASSED] - strSellerAvg3 = getText(findTestObject("Stockbit/Bandarmology_SellerAvg3")): Text of object 'Object Repository/Stockbit/Bandarmology_SellerAvg3' is: '131'

2024-01-22 18:45:11 - [MESSAGE][PASSED] - Text of object 'Object Repository/Stockbit/Bandarmology_SellerAvg3' is: '131'

2024-01-22 18:45:11 - [TEST_STEP][PASSED] - if (strSeller3 != ""): null

2024-01-22 18:45:11 - [TEST_STEP][PASSED] - if (strSellerAvg3.contains(",")): null

2024-01-22 18:45:11 - [TEST_STEP][PASSED] - if (strSellerVol3.contains(" B")): null

2024-01-22 18:45:11 - [TEST_STEP][PASSED] - else if (strSellerVol3.contains(" M")): null

2024-01-22 18:45:11 - [TEST_STEP][PASSED] - else if (strSellerVol3.contains(" K")): null

2024-01-22 18:45:11 - [TEST_STEP][PASSED] - strSellerVol3 = strSellerVol3.replace(" K", ""): null

2024-01-22 18:45:11 - [TEST_STEP][PASSED] - strSellerVol3 = strSellerVol3.toDouble() * 1000: null

2024-01-22 18:45:11 - [TEST_STEP][PASSED] - strAccDist = getText(findTestObject("Stockbit/Bandarmology_AccDist")): Text of object 'Object Repository/Stockbit/Bandarmology_AccDist' is: 'Dist'

2024-01-22 18:45:11 - [MESSAGE][PASSED] - Text of object 'Object Repository/Stockbit/Bandarmology_AccDist' is: 'Dist'

2024-01-22 18:45:11 - [TEST_STEP][PASSED] - strNetVol = getText(findTestObject("Stockbit/Bandarmology_NetVol")): Text of object 'Object Repository/Stockbit/Bandarmology_NetVol' is: '48,989'

2024-01-22 18:45:11 - [MESSAGE][PASSED] - Text of object 'Object Repository/Stockbit/Bandarmology_NetVol' is: '48,989'

2024-01-22 18:45:11 - [TEST_STEP][PASSED] - strNetVol = strNetVol.replace(",", ""): null

2024-01-22 18:45:11 - [TEST_STEP][PASSED] - strNetVal = getText(findTestObject("Stockbit/Bandarmology_NetVal")): Text of object 'Object Repository/Stockbit/Bandarmology_NetVal' is: '0.6 B'

2024-01-22 18:45:11 - [MESSAGE][PASSED] - Text of object 'Object Repository/Stockbit/Bandarmology_NetVal' is: '0.6 B'

2024-01-22 18:45:11 - [TEST_STEP][PASSED] - delay(3): Delayed 3 second(s)

2024-01-22 18:45:14 - [MESSAGE][PASSED] - Delayed 3 second(s)

2024-01-22 18:45:14 - [TEST_STEP][PASSED] - strOpenPrice = getText(findTestObject("Stockbit/Home_OpenPrice")): Text of object 'Object Repository/Stockbit/Home_OpenPrice' is: '132'

2024-01-22 18:45:14 - [MESSAGE][PASSED] - Text of object 'Object Repository/Stockbit/Home_OpenPrice' is: '132'

2024-01-22 18:45:14 - [TEST_STEP][PASSED] - strOpenPrice = strOpenPrice.replace(",", ""): null

2024-01-22 18:45:14 - [TEST_STEP][PASSED] - strLowPrice = getText(findTestObject("Stockbit/Home_LowPrice")): Text of object 'Object Repository/Stockbit/Home_LowPrice' is: '128'

2024-01-22 18:45:14 - [MESSAGE][PASSED] - Text of object 'Object Repository/Stockbit/Home_LowPrice' is: '128'

2024-01-22 18:45:14 - [TEST_STEP][PASSED] - strLowPrice = strLowPrice.replace(",", ""): null

2024-01-22 18:45:14 - [TEST_STEP][PASSED] - strHighPrice = getText(findTestObject("Stockbit/Home_HighPrice")): Text of object 'Object Repository/Stockbit/Home_HighPrice' is: '133'

2024-01-22 18:45:14 - [MESSAGE][PASSED] - Text of object 'Object Repository/Stockbit/Home_HighPrice' is: '133'

2024-01-22 18:45:14 - [TEST_STEP][PASSED] - strHighPrice = strHighPrice.replace(",", ""): null

2024-01-22 18:45:14 - [TEST_STEP][PASSED] - strClosePrice = getText(findTestObject("Stockbit/Home_ClosePrice")): Text of object 'Object Repository/Stockbit/Home_ClosePrice' is: '132'

2024-01-22 18:45:15 - [MESSAGE][PASSED] - Text of object 'Object Repository/Stockbit/Home_ClosePrice' is: '132'

2024-01-22 18:45:15 - [TEST_STEP][PASSED] - strClosePrice = strClosePrice.replace(",", ""): null

2024-01-22 18:45:15 - [TEST_STEP][PASSED] - strVol = getText(findTestObject("Stockbit/Home_Volume")): Text of object 'Object Repository/Stockbit/Home_Volume' is: '258 K'

2024-01-22 18:45:15 - [MESSAGE][PASSED] - Text of object 'Object Repository/Stockbit/Home_Volume' is: '258 K'

2024-01-22 18:45:15 - [TEST_STEP][PASSED] - if (strVol.contains(" K")): null

2024-01-22 18:45:15 - [TEST_STEP][PASSED] - strVol = strVol.replace(" K", "000"): null

2024-01-22 18:45:15 - [TEST_STEP][PASSED] - if (strVol.contains(",")): null

2024-01-22 18:45:15 - [TEST_STEP][PASSED] - strChange = getText(findTestObject("Stockbit/Home_Change")): Text of object 'Object Repository/Stockbit/Home_Change' is: '0.00%'

2024-01-22 18:45:15 - [MESSAGE][PASSED] - Text of object 'Object Repository/Stockbit/Home_Change' is: '0.00%'

2024-01-22 18:45:15 - [TEST_STEP][PASSED] - strChange = strChange.replace("%", ""): null

2024-01-22 18:45:15 - [TEST_STEP][PASSED] - strFreq = getText(findTestObject("Stockbit/Home_Freq")): Text of object 'Object Repository/Stockbit/Home_Freq' is: '5,743'

2024-01-22 18:45:15 - [MESSAGE][PASSED] - Text of object 'Object Repository/Stockbit/Home_Freq' is: '5,743'

2024-01-22 18:45:15 - [TEST_STEP][PASSED] - if (strFreq.contains(",")): null

2024-01-22 18:45:15 - [TEST_STEP][PASSED] - strFreq = strFreq.replace(",", ""): null

2024-01-22 18:45:15 - [TEST_STEP][PASSED] - if (strFreq == "NA" || strFreq == ""): null

2024-01-22 18:45:15 - [TEST_STEP][PASSED] - else: null

2024-01-22 18:45:15 - [TEST_STEP][PASSED] - dblFreqAnal = strVol.toDouble() / strFreq.toDouble() * strFreq.toDouble() * strFreq.toDouble() * 100000000: null

2024-01-22 18:45:15 - [TEST_STEP][PASSED] - strFreqAnal = String.format("%.4f", dblFreqAnal): null

2024-01-22 18:45:15 - [TEST_STEP][PASSED] - out.println("Double strFreqAnal: " + strFreqAnal): null

2024-01-22 18:45:15 - [TEST_STEP][PASSED] - strTanggal = d.format(DateTimeFormatter.ofPattern("yyyy-MM-dd")): null

2024-01-22 18:45:15 - [TEST_STEP][PASSED] - strTanggal = "#" + strTanggal + "#": null

2024-01-22 18:45:15 - [TEST_STEP][PASSED] - strSQL = "select count(*) as JumBaris from TblBrokSum where Nama = '" + strNama + "' and Tanggal = " + strTanggal + "": null

2024-01-22 18:45:15 - [TEST_STEP][PASSED] - resultSet = statement.executeQuery(strSQL): null

2024-01-22 18:45:15 - [TEST_STEP][PASSED] - resultSet.next(): null

2024-01-22 18:45:15 - [TEST_STEP][PASSED] - intJumBaris = resultSet.getInt("JumBaris"): null

2024-01-22 18:45:15 - [TEST_STEP][PASSED] - if (intJumBaris > 0): null

2024-01-22 18:45:15 - [TEST_STEP][PASSED] - else: null

2024-01-22 18:45:15 - [TEST_STEP][PASSED] - try: null

2024-01-22 18:45:15 - [TEST_STEP][PASSED] - out.println("Insert data"): null

2024-01-22 18:45:15 - [TEST_STEP][PASSED] - strSQL = "insert into TblBrokSum (nama, tanggal, top1, top2, top3, AllBrokAvg, AccDist, AvgRP, " + "Buyer1, BuyerVal1, BuyerAvg1, Seller1, SellerVal1, SellerAvg1, Buyer2, BuyerVal2, BuyerAvg2, " + "Seller2, SellerVal2, SellerAvg2, Buyer3, BuyerVal3, BuyerAvg3, Seller3, SellerVal3, SellerAvg3, NetVol, NetVal, " + "OpenPrice, LowPrice, HighPrice, ClosePrice, Volume, Change, Frekuensi, FrekAnal) " + "values ('" + strNama + "', " + strTanggal + ", '" + strTop1 + "', '" + strTop3 + "', '" + strTop5 + "', " + "'" + strAllBrokAvg + "', '" + strAccDist + "', " + intAvgRP + ", '" + strBuyer1 + "', '" + strBuyerVol1 + "', " + strBuyerAvg1 + ", " + "'" + strSeller1 + "', '" + strSellerVol1 + "', " + strSellerAvg1 + ", '" + strBuyer2 + "', '" + strBuyerVol2 + "', " + strBuyerAvg2 + ", " + "'" + strSeller2 + "', '" + strSellerVol2 + "', " + strSellerAvg2 + ", '" + strBuyer3 + "', '" + strBuyerVol3 + "', " + strBuyerAvg3 + ", " + "'" + strSeller3 + "', '" + strSellerVol3 + "', " + strSellerAvg3 + ", " + strNetVol + ", '" + strNetVal + "', " + "" + strOpenPrice + ", " + strLowPrice + ", " + strHighPrice + ", " + strClosePrice + ", '" + strVol + "', " + strChange + ", " + strFreq + ", " + strFreqAnal + ");": null

2024-01-22 18:45:15 - [TEST_STEP][PASSED] - out.println("strSQL = " + strSQL): null

2024-01-22 18:45:15 - [TEST_STEP][PASSED] - statement.executeUpdate(strSQL): null

2024-01-22 18:45:15 - [TEST_STEP][PASSED] - setValueToCellByIndex(sheet01, rowIndex, 4, "DONE"): null

2024-01-22 18:45:15 - [TEST_STEP][PASSED] - saveWorkbook(excelFilePath, workbook01): null

2024-01-22 18:45:15 - [TEST_STEP][PASSED] - waitForElementClickable(findTestObject("Stockbit/menu_Bandarmology"), 10): Object 'Object Repository/Stockbit/menu_Bandarmology' is clickable

2024-01-22 18:45:15 - [MESSAGE][PASSED] - Object 'Object Repository/Stockbit/menu_Bandarmology' is clickable

2024-01-22 18:45:15 - [TEST_STEP][PASSED] - click(findTestObject("Stockbit/menu_Bandarmology")): Object: 'Object Repository/Stockbit/menu_Bandarmology' is clicked on

2024-01-22 18:45:16 - [MESSAGE][PASSED] - Object: 'Object Repository/Stockbit/menu_Bandarmology' is clicked on

2024-01-22 18:45:16 - [TEST_STEP][PASSED] - strTemp = "NA": null

2024-01-22 18:45:16 - [TEST_STEP][PASSED] - if (getCellValueByIndex(sheet01, rowIndex, 4) != "DONE"): Object: 'Object Repository/Stockbit/menu_Bandarmology' is clicked on

2024-01-22 18:45:16 - [TEST_STEP][PASSED] - strNama = getCellValueByIndex(sheet01, rowIndex, 0): null

2024-01-22 18:45:16 - [TEST_STEP][PASSED] - navigateToUrl("https://stockbit.com/#/symbol/" + strNama): Navigate to 'https://stockbit.com/#/symbol/CBPE' successfully

2024-01-22 18:45:17 - [MESSAGE][PASSED] - Navigate to 'https://stockbit.com/#/symbol/CBPE' successfully

2024-01-22 18:45:17 - [TEST_STEP][PASSED] - waitForElementClickable(findTestObject("Stockbit/menu_Bandarmology"), 10): Object 'Object Repository/Stockbit/menu_Bandarmology' is clickable

2024-01-22 18:45:17 - [MESSAGE][PASSED] - Object 'Object Repository/Stockbit/menu_Bandarmology' is clickable

2024-01-22 18:45:17 - [TEST_STEP][PASSED] - click(findTestObject("Stockbit/menu_Bandarmology")): Object: 'Object Repository/Stockbit/menu_Bandarmology' is clicked on

2024-01-22 18:45:18 - [MESSAGE][PASSED] - Object: 'Object Repository/Stockbit/menu_Bandarmology' is clicked on

2024-01-22 18:45:18 - [TEST_STEP][PASSED] - strTanggal = d.format(DateTimeFormatter.ofPattern("MMM dd, yyyy")): null

2024-01-22 18:45:18 - [TEST_STEP][PASSED] - strTanggal = d.format(ISO_DATE): null

2024-01-22 18:45:18 - [TEST_STEP][PASSED] - out.println("strTanggal = " + strTanggal): null

2024-01-22 18:45:18 - [TEST_STEP][PASSED] - out.println("strNama = " + strNama): null

2024-01-22 18:45:18 - [TEST_STEP][PASSED] - out.println("Baris ke = " + rowIndex): null

2024-01-22 18:45:18 - [TEST_STEP][PASSED] - click(findTestObject("Stockbit/input__BandarmologyOpenStartDate")): Object: 'Object Repository/Stockbit/input__BandarmologyOpenStartDate' is clicked on

2024-01-22 18:45:19 - [MESSAGE][PASSED] - Object: 'Object Repository/Stockbit/input__BandarmologyOpenStartDate' is clicked on

2024-01-22 18:45:19 - [TEST_STEP][PASSED] - sendKeys(findTestObject("Stockbit/input__BandarmologyOpenStartDate"), Keys.chord(CONTROL, "a")): Keys 'CONTROL + a' sent to object: 'Object Repository/Stockbit/input__BandarmologyOpenStartDate'

2024-01-22 18:45:20 - [MESSAGE][PASSED] - Keys 'CONTROL + a' sent to object: 'Object Repository/Stockbit/input__BandarmologyOpenStartDate'

2024-01-22 18:45:20 - [TEST_STEP][PASSED] - sendKeys(findTestObject("Stockbit/input__BandarmologyOpenStartDate"), Keys.chord(BACK_SPACE)): Keys 'BACK_SPACE + ' sent to object: 'Object Repository/Stockbit/input__BandarmologyOpenStartDate'

2024-01-22 18:45:20 - [MESSAGE][PASSED] - Keys 'BACK_SPACE + ' sent to object: 'Object Repository/Stockbit/input__BandarmologyOpenStartDate'

2024-01-22 18:45:20 - [TEST_STEP][PASSED] - setText(findTestObject("Stockbit/input__BandarmologyOpenStartDate"), strTanggal): Text '2024-01-22' is set on object 'Object Repository/Stockbit/input__BandarmologyOpenStartDate'

2024-01-22 18:45:21 - [MESSAGE][PASSED] - Text '2024-01-22' is set on object 'Object Repository/Stockbit/input__BandarmologyOpenStartDate'

2024-01-22 18:45:21 - [TEST_STEP][PASSED] - sendKeys(findTestObject("Stockbit/input__BandarmologyOpenStartDate"), Keys.chord(ENTER)): Keys 'ENTER + ' sent to object: 'Object Repository/Stockbit/input__BandarmologyOpenStartDate'

2024-01-22 18:45:22 - [MESSAGE][PASSED] - Keys 'ENTER + ' sent to object: 'Object Repository/Stockbit/input__BandarmologyOpenStartDate'

2024-01-22 18:45:22 - [TEST_STEP][PASSED] - click(findTestObject("Stockbit/input__BandarmologyOpenEndDate")): Object: 'Object Repository/Stockbit/input__BandarmologyOpenEndDate' is clicked on

2024-01-22 18:45:22 - [MESSAGE][PASSED] - Object: 'Object Repository/Stockbit/input__BandarmologyOpenEndDate' is clicked on

2024-01-22 18:45:22 - [TEST_STEP][PASSED] - sendKeys(findTestObject("Stockbit/input__BandarmologyOpenEndDate"), Keys.chord(CONTROL, "a")): Keys 'CONTROL + a' sent to object: 'Object Repository/Stockbit/input__BandarmologyOpenEndDate'

2024-01-22 18:45:23 - [MESSAGE][PASSED] - Keys 'CONTROL + a' sent to object: 'Object Repository/Stockbit/input__BandarmologyOpenEndDate'

2024-01-22 18:45:23 - [TEST_STEP][PASSED] - sendKeys(findTestObject("Stockbit/input__BandarmologyOpenEndDate"), Keys.chord(BACK_SPACE)): Keys 'BACK_SPACE + ' sent to object: 'Object Repository/Stockbit/input__BandarmologyOpenEndDate'

2024-01-22 18:45:23 - [MESSAGE][PASSED] - Keys 'BACK_SPACE + ' sent to object: 'Object Repository/Stockbit/input__BandarmologyOpenEndDate'

2024-01-22 18:45:23 - [TEST_STEP][PASSED] - setText(findTestObject("Stockbit/input__BandarmologyOpenEndDate"), strTanggal): Text '2024-01-22' is set on object 'Object Repository/Stockbit/input__BandarmologyOpenEndDate'

2024-01-22 18:45:24 - [MESSAGE][PASSED] - Text '2024-01-22' is set on object 'Object Repository/Stockbit/input__BandarmologyOpenEndDate'

2024-01-22 18:45:24 - [TEST_STEP][PASSED] - sendKeys(findTestObject("Stockbit/input__BandarmologyOpenEndDate"), Keys.chord(ENTER)): Keys 'ENTER + ' sent to object: 'Object Repository/Stockbit/input__BandarmologyOpenEndDate'

2024-01-22 18:45:24 - [MESSAGE][PASSED] - Keys 'ENTER + ' sent to object: 'Object Repository/Stockbit/input__BandarmologyOpenEndDate'

2024-01-22 18:45:24 - [TEST_STEP][PASSED] - delay(2): Delayed 2 second(s)

2024-01-22 18:45:26 - [MESSAGE][PASSED] - Delayed 2 second(s)

2024-01-22 18:45:26 - [TEST_STEP][PASSED] - strTemp = getText(findTestObject("Stockbit/Bandarmology_AvgRP")): Text of object 'Object Repository/Stockbit/Bandarmology_AvgRP' is: '126'

2024-01-22 18:45:26 - [MESSAGE][PASSED] - Text of object 'Object Repository/Stockbit/Bandarmology_AvgRP' is: '126'

2024-01-22 18:45:26 - [TEST_STEP][PASSED] - out.println("Bandarmology_AvgRP = " + strTemp): null

2024-01-22 18:45:26 - [TEST_STEP][PASSED] - if (strTemp != "0"): null

2024-01-22 18:45:26 - [TEST_STEP][PASSED] - strTop1 = getText(findTestObject("Stockbit/Bandarmology_Top1")): Text of object 'Object Repository/Stockbit/Bandarmology_Top1' is: 'Big Acc'

2024-01-22 18:45:27 - [MESSAGE][PASSED] - Text of object 'Object Repository/Stockbit/Bandarmology_Top1' is: 'Big Acc'

2024-01-22 18:45:27 - [TEST_STEP][PASSED] - strTop3 = getText(findTestObject("Stockbit/Bandarmology_Top3")): Text of object 'Object Repository/Stockbit/Bandarmology_Top3' is: 'Small Acc'

2024-01-22 18:45:27 - [MESSAGE][PASSED] - Text of object 'Object Repository/Stockbit/Bandarmology_Top3' is: 'Small Acc'

2024-01-22 18:45:27 - [TEST_STEP][PASSED] - strTop5 = getText(findTestObject("Stockbit/Bandarmology_Top5")): Text of object 'Object Repository/Stockbit/Bandarmology_Top5' is: 'Neutral'

2024-01-22 18:45:27 - [MESSAGE][PASSED] - Text of object 'Object Repository/Stockbit/Bandarmology_Top5' is: 'Neutral'

2024-01-22 18:45:27 - [TEST_STEP][PASSED] - strAllBrokAvg = getText(findTestObject("Stockbit/Bandarmology_TopAVG")): Text of object 'Object Repository/Stockbit/Bandarmology_TopAVG' is: 'Small Acc'

2024-01-22 18:45:27 - [MESSAGE][PASSED] - Text of object 'Object Repository/Stockbit/Bandarmology_TopAVG' is: 'Small Acc'

2024-01-22 18:45:27 - [TEST_STEP][PASSED] - strTemp = getText(findTestObject("Stockbit/Bandarmology_AvgRP")): Text of object 'Object Repository/Stockbit/Bandarmology_AvgRP' is: '126'

2024-01-22 18:45:27 - [MESSAGE][PASSED] - Text of object 'Object Repository/Stockbit/Bandarmology_AvgRP' is: '126'

2024-01-22 18:45:27 - [TEST_STEP][PASSED] - if (strTemp.contains(",")): null

2024-01-22 18:45:27 - [TEST_STEP][PASSED] - intAvgRP = strTemp.toInteger(): null

2024-01-22 18:45:27 - [TEST_STEP][PASSED] - strBuyer1 = getText(findTestObject("Stockbit/Bandarmology_Buyer1")): Text of object 'Object Repository/Stockbit/Bandarmology_Buyer1' is: 'PD'

2024-01-22 18:45:27 - [MESSAGE][PASSED] - Text of object 'Object Repository/Stockbit/Bandarmology_Buyer1' is: 'PD'

2024-01-22 18:45:27 - [TEST_STEP][PASSED] - strBuyerVol1 = getText(findTestObject("Stockbit/Bandarmology_BuyerVol1")): Text of object 'Object Repository/Stockbit/Bandarmology_BuyerVol1' is: '312'

2024-01-22 18:45:27 - [MESSAGE][PASSED] - Text of object 'Object Repository/Stockbit/Bandarmology_BuyerVol1' is: '312'

2024-01-22 18:45:27 - [TEST_STEP][PASSED] - strBuyerAvg1 = getText(findTestObject("Stockbit/Bandarmology_BuyerAvg1")): Text of object 'Object Repository/Stockbit/Bandarmology_BuyerAvg1' is: '126'

2024-01-22 18:45:28 - [MESSAGE][PASSED] - Text of object 'Object Repository/Stockbit/Bandarmology_BuyerAvg1' is: '126'

2024-01-22 18:45:28 - [TEST_STEP][PASSED] - if (strBuyerAvg1.contains(",")): null

2024-01-22 18:45:28 - [TEST_STEP][PASSED] - if (strBuyerVol1.contains(" B")): null

2024-01-22 18:45:28 - [TEST_STEP][PASSED] - strSeller1 = getText(findTestObject("Stockbit/Bandarmology_Seller1")): Text of object 'Object Repository/Stockbit/Bandarmology_Seller1' is: 'XA'

2024-01-22 18:45:28 - [MESSAGE][PASSED] - Text of object 'Object Repository/Stockbit/Bandarmology_Seller1' is: 'XA'

2024-01-22 18:45:28 - [TEST_STEP][PASSED] - strSellerVol1 = getText(findTestObject("Stockbit/Bandarmology_SellerVol1")): Text of object 'Object Repository/Stockbit/Bandarmology_SellerVol1' is: '157'

2024-01-22 18:45:28 - [MESSAGE][PASSED] - Text of object 'Object Repository/Stockbit/Bandarmology_SellerVol1' is: '157'

2024-01-22 18:45:28 - [TEST_STEP][PASSED] - strSellerAvg1 = getText(findTestObject("Stockbit/Bandarmology_SellerAvg1")): Text of object 'Object Repository/Stockbit/Bandarmology_SellerAvg1' is: '126'

2024-01-22 18:45:28 - [MESSAGE][PASSED] - Text of object 'Object Repository/Stockbit/Bandarmology_SellerAvg1' is: '126'

2024-01-22 18:45:28 - [TEST_STEP][PASSED] - if (strSellerAvg1.contains(",")): null

2024-01-22 18:45:28 - [TEST_STEP][PASSED] - if (strSellerVol1.contains(" B")): null

2024-01-22 18:45:28 - [TEST_STEP][PASSED] - if (verifyElementNotPresent(findTestObject("Stockbit/Bandarmology_Buyer2"), 1, OPTIONAL)): Web element with id: 'Object Repository/Stockbit/Bandarmology_Buyer2' located by 'By.xpath: //*[contains(@id, 'rc-tabs-')]/div[2]/div/div/div/div/div/div[2]/table/tbody/tr[3]/td[1]/p' is present after '1' second(s) (Root cause: com.kms.katalon.core.exception.StepFailedException: Web element with id: 'Object Repository/Stockbit/Bandarmology_Buyer2' located by 'By.xpath: //*[contains(@id, 'rc-tabs-')]/div[2]/div/div/div/div/div/div[2]/table/tbody/tr[3]/td[1]/p' is present after '1' second(s)
	at com.kms.katalon.core.webui.keyword.internal.WebUIKeywordMain.stepFailed(WebUIKeywordMain.groovy:64)
	at com.kms.katalon.core.webui.keyword.internal.WebUIKeywordMain$stepFailed$0.call(Unknown Source)
	at com.kms.katalon.core.webui.keyword.builtin.VerifyElementNotPresentKeyword$_verifyElementNotPresent_closure1.doCall(VerifyElementNotPresentKeyword.groovy:106)
	at com.kms.katalon.core.webui.keyword.builtin.VerifyElementNotPresentKeyword$_verifyElementNotPresent_closure1.doCall(VerifyElementNotPresentKeyword.groovy)
	at com.kms.katalon.core.webui.keyword.internal.WebUIKeywordMain.runKeyword(WebUIKeywordMain.groovy:20)
	at com.kms.katalon.core.webui.keyword.internal.WebUIKeywordMain$runKeyword.call(Unknown Source)
	at com.kms.katalon.core.webui.keyword.builtin.VerifyElementNotPresentKeyword.verifyElementNotPresent(VerifyElementNotPresentKeyword.groovy:117)
	at com.kms.katalon.core.webui.keyword.builtin.VerifyElementNotPresentKeyword.execute(VerifyElementNotPresentKeyword.groovy:68)
	at com.kms.katalon.core.keyword.internal.KeywordExecutor.executeKeywordForPlatform(KeywordExecutor.groovy:74)
	at com.kms.katalon.core.webui.keyword.WebUiBuiltInKeywords.verifyElementNotPresent(WebUiBuiltInKeywords.groovy:1481)
	at com.kms.katalon.core.webui.keyword.WebUiBuiltInKeywords$verifyElementNotPresent$8.call(Unknown Source)
	at GetBrokSumPriceDaily.run(GetBrokSumPriceDaily:258)
	at com.kms.katalon.core.main.ScriptEngine.run(ScriptEngine.java:194)
	at com.kms.katalon.core.main.ScriptEngine.runScriptAsRawText(ScriptEngine.java:119)
	at com.kms.katalon.core.main.TestCaseExecutor.runScript(TestCaseExecutor.java:445)
	at com.kms.katalon.core.main.TestCaseExecutor.doExecute(TestCaseExecutor.java:436)
	at com.kms.katalon.core.main.TestCaseExecutor.processExecutionPhase(TestCaseExecutor.java:415)
	at com.kms.katalon.core.main.TestCaseExecutor.accessMainPhase(TestCaseExecutor.java:407)
	at com.kms.katalon.core.main.TestCaseExecutor.execute(TestCaseExecutor.java:284)
	at com.kms.katalon.core.common.CommonExecutor.accessTestCaseMainPhase(CommonExecutor.java:65)
	at com.kms.katalon.core.main.TestSuiteExecutor.accessTestSuiteMainPhase(TestSuiteExecutor.java:144)
	at com.kms.katalon.core.main.TestSuiteExecutor.execute(TestSuiteExecutor.java:106)
	at com.kms.katalon.core.main.TestCaseMain.startTestSuite(TestCaseMain.java:185)
	at com.kms.katalon.core.main.TestCaseMain$startTestSuite$0.call(Unknown Source)
	at TempTestSuite1705923140048.run(TempTestSuite1705923140048.groovy:36)
)

2024-01-22 18:45:29 - [MESSAGE][WARNING] - Web element with id: 'Object Repository/Stockbit/Bandarmology_Buyer2' located by 'By.xpath: //*[contains(@id, 'rc-tabs-')]/div[2]/div/div/div/div/div/div[2]/table/tbody/tr[3]/td[1]/p' is present after '1' second(s) (Root cause: com.kms.katalon.core.exception.StepFailedException: Web element with id: 'Object Repository/Stockbit/Bandarmology_Buyer2' located by 'By.xpath: //*[contains(@id, 'rc-tabs-')]/div[2]/div/div/div/div/div/div[2]/table/tbody/tr[3]/td[1]/p' is present after '1' second(s)
	at com.kms.katalon.core.webui.keyword.internal.WebUIKeywordMain.stepFailed(WebUIKeywordMain.groovy:64)
	at com.kms.katalon.core.webui.keyword.internal.WebUIKeywordMain$stepFailed$0.call(Unknown Source)
	at com.kms.katalon.core.webui.keyword.builtin.VerifyElementNotPresentKeyword$_verifyElementNotPresent_closure1.doCall(VerifyElementNotPresentKeyword.groovy:106)
	at com.kms.katalon.core.webui.keyword.builtin.VerifyElementNotPresentKeyword$_verifyElementNotPresent_closure1.doCall(VerifyElementNotPresentKeyword.groovy)
	at com.kms.katalon.core.webui.keyword.internal.WebUIKeywordMain.runKeyword(WebUIKeywordMain.groovy:20)
	at com.kms.katalon.core.webui.keyword.internal.WebUIKeywordMain$runKeyword.call(Unknown Source)
	at com.kms.katalon.core.webui.keyword.builtin.VerifyElementNotPresentKeyword.verifyElementNotPresent(VerifyElementNotPresentKeyword.groovy:117)
	at com.kms.katalon.core.webui.keyword.builtin.VerifyElementNotPresentKeyword.execute(VerifyElementNotPresentKeyword.groovy:68)
	at com.kms.katalon.core.keyword.internal.KeywordExecutor.executeKeywordForPlatform(KeywordExecutor.groovy:74)
	at com.kms.katalon.core.webui.keyword.WebUiBuiltInKeywords.verifyElementNotPresent(WebUiBuiltInKeywords.groovy:1481)
	at com.kms.katalon.core.webui.keyword.WebUiBuiltInKeywords$verifyElementNotPresent$8.call(Unknown Source)
	at GetBrokSumPriceDaily.run(GetBrokSumPriceDaily:258)
	at com.kms.katalon.core.main.ScriptEngine.run(ScriptEngine.java:194)
	at com.kms.katalon.core.main.ScriptEngine.runScriptAsRawText(ScriptEngine.java:119)
	at com.kms.katalon.core.main.TestCaseExecutor.runScript(TestCaseExecutor.java:445)
	at com.kms.katalon.core.main.TestCaseExecutor.doExecute(TestCaseExecutor.java:436)
	at com.kms.katalon.core.main.TestCaseExecutor.processExecutionPhase(TestCaseExecutor.java:415)
	at com.kms.katalon.core.main.TestCaseExecutor.accessMainPhase(TestCaseExecutor.java:407)
	at com.kms.katalon.core.main.TestCaseExecutor.execute(TestCaseExecutor.java:284)
	at com.kms.katalon.core.common.CommonExecutor.accessTestCaseMainPhase(CommonExecutor.java:65)
	at com.kms.katalon.core.main.TestSuiteExecutor.accessTestSuiteMainPhase(TestSuiteExecutor.java:144)
	at com.kms.katalon.core.main.TestSuiteExecutor.execute(TestSuiteExecutor.java:106)
	at com.kms.katalon.core.main.TestCaseMain.startTestSuite(TestCaseMain.java:185)
	at com.kms.katalon.core.main.TestCaseMain$startTestSuite$0.call(Unknown Source)
	at TempTestSuite1705923140048.run(TempTestSuite1705923140048.groovy:36)
)
[[ATTACHMENT|C:\\Users\\Fadli\\git\\KatalonDailyGetData2\\Reports\\20240122_174123\\TS1\\20240122_183220\\1705923929662.png]]

2024-01-22 18:45:29 - [TEST_STEP][PASSED] - else: null

2024-01-22 18:45:29 - [TEST_STEP][PASSED] - strBuyer2 = getText(findTestObject("Stockbit/Bandarmology_Buyer2")): Text of object 'Object Repository/Stockbit/Bandarmology_Buyer2' is: 'KI'

2024-01-22 18:45:30 - [MESSAGE][PASSED] - Text of object 'Object Repository/Stockbit/Bandarmology_Buyer2' is: 'KI'

2024-01-22 18:45:30 - [TEST_STEP][PASSED] - strBuyerVol2 = getText(findTestObject("Stockbit/Bandarmology_BuyerVol2")): Text of object 'Object Repository/Stockbit/Bandarmology_BuyerVol2' is: '31'

2024-01-22 18:45:30 - [MESSAGE][PASSED] - Text of object 'Object Repository/Stockbit/Bandarmology_BuyerVol2' is: '31'

2024-01-22 18:45:30 - [TEST_STEP][PASSED] - strBuyerAvg2 = getText(findTestObject("Stockbit/Bandarmology_BuyerAvg2")): Text of object 'Object Repository/Stockbit/Bandarmology_BuyerAvg2' is: '128'

2024-01-22 18:45:30 - [MESSAGE][PASSED] - Text of object 'Object Repository/Stockbit/Bandarmology_BuyerAvg2' is: '128'

2024-01-22 18:45:30 - [TEST_STEP][PASSED] - if (strBuyer2 != ""): null

2024-01-22 18:45:30 - [TEST_STEP][PASSED] - if (strBuyerAvg2.contains(",")): null

2024-01-22 18:45:30 - [TEST_STEP][PASSED] - if (strBuyerVol2.contains(" B")): null

2024-01-22 18:45:30 - [TEST_STEP][PASSED] - if (strBuyerVol2.contains(".")): null

2024-01-22 18:45:30 - [TEST_STEP][PASSED] - if (verifyElementNotPresent(findTestObject("Stockbit/Bandarmology_Seller2"), 1, OPTIONAL)): Web element with id: 'Object Repository/Stockbit/Bandarmology_Seller2' located by 'By.xpath: //*[contains(@id, 'rc-tabs-')]/div[2]/div/div/div/div/div/div[2]/table/tbody/tr[3]/td[5]/p' is present after '1' second(s) (Root cause: com.kms.katalon.core.exception.StepFailedException: Web element with id: 'Object Repository/Stockbit/Bandarmology_Seller2' located by 'By.xpath: //*[contains(@id, 'rc-tabs-')]/div[2]/div/div/div/div/div/div[2]/table/tbody/tr[3]/td[5]/p' is present after '1' second(s)
	at com.kms.katalon.core.webui.keyword.internal.WebUIKeywordMain.stepFailed(WebUIKeywordMain.groovy:64)
	at com.kms.katalon.core.webui.keyword.internal.WebUIKeywordMain$stepFailed$0.call(Unknown Source)
	at com.kms.katalon.core.webui.keyword.builtin.VerifyElementNotPresentKeyword$_verifyElementNotPresent_closure1.doCall(VerifyElementNotPresentKeyword.groovy:106)
	at com.kms.katalon.core.webui.keyword.builtin.VerifyElementNotPresentKeyword$_verifyElementNotPresent_closure1.doCall(VerifyElementNotPresentKeyword.groovy)
	at com.kms.katalon.core.webui.keyword.internal.WebUIKeywordMain.runKeyword(WebUIKeywordMain.groovy:20)
	at com.kms.katalon.core.webui.keyword.internal.WebUIKeywordMain$runKeyword.call(Unknown Source)
	at com.kms.katalon.core.webui.keyword.builtin.VerifyElementNotPresentKeyword.verifyElementNotPresent(VerifyElementNotPresentKeyword.groovy:117)
	at com.kms.katalon.core.webui.keyword.builtin.VerifyElementNotPresentKeyword.execute(VerifyElementNotPresentKeyword.groovy:68)
	at com.kms.katalon.core.keyword.internal.KeywordExecutor.executeKeywordForPlatform(KeywordExecutor.groovy:74)
	at com.kms.katalon.core.webui.keyword.WebUiBuiltInKeywords.verifyElementNotPresent(WebUiBuiltInKeywords.groovy:1481)
	at com.kms.katalon.core.webui.keyword.WebUiBuiltInKeywords$verifyElementNotPresent$8.call(Unknown Source)
	at GetBrokSumPriceDaily.run(GetBrokSumPriceDaily:309)
	at com.kms.katalon.core.main.ScriptEngine.run(ScriptEngine.java:194)
	at com.kms.katalon.core.main.ScriptEngine.runScriptAsRawText(ScriptEngine.java:119)
	at com.kms.katalon.core.main.TestCaseExecutor.runScript(TestCaseExecutor.java:445)
	at com.kms.katalon.core.main.TestCaseExecutor.doExecute(TestCaseExecutor.java:436)
	at com.kms.katalon.core.main.TestCaseExecutor.processExecutionPhase(TestCaseExecutor.java:415)
	at com.kms.katalon.core.main.TestCaseExecutor.accessMainPhase(TestCaseExecutor.java:407)
	at com.kms.katalon.core.main.TestCaseExecutor.execute(TestCaseExecutor.java:284)
	at com.kms.katalon.core.common.CommonExecutor.accessTestCaseMainPhase(CommonExecutor.java:65)
	at com.kms.katalon.core.main.TestSuiteExecutor.accessTestSuiteMainPhase(TestSuiteExecutor.java:144)
	at com.kms.katalon.core.main.TestSuiteExecutor.execute(TestSuiteExecutor.java:106)
	at com.kms.katalon.core.main.TestCaseMain.startTestSuite(TestCaseMain.java:185)
	at com.kms.katalon.core.main.TestCaseMain$startTestSuite$0.call(Unknown Source)
	at TempTestSuite1705923140048.run(TempTestSuite1705923140048.groovy:36)
)

2024-01-22 18:45:31 - [MESSAGE][WARNING] - Web element with id: 'Object Repository/Stockbit/Bandarmology_Seller2' located by 'By.xpath: //*[contains(@id, 'rc-tabs-')]/div[2]/div/div/div/div/div/div[2]/table/tbody/tr[3]/td[5]/p' is present after '1' second(s) (Root cause: com.kms.katalon.core.exception.StepFailedException: Web element with id: 'Object Repository/Stockbit/Bandarmology_Seller2' located by 'By.xpath: //*[contains(@id, 'rc-tabs-')]/div[2]/div/div/div/div/div/div[2]/table/tbody/tr[3]/td[5]/p' is present after '1' second(s)
	at com.kms.katalon.core.webui.keyword.internal.WebUIKeywordMain.stepFailed(WebUIKeywordMain.groovy:64)
	at com.kms.katalon.core.webui.keyword.internal.WebUIKeywordMain$stepFailed$0.call(Unknown Source)
	at com.kms.katalon.core.webui.keyword.builtin.VerifyElementNotPresentKeyword$_verifyElementNotPresent_closure1.doCall(VerifyElementNotPresentKeyword.groovy:106)
	at com.kms.katalon.core.webui.keyword.builtin.VerifyElementNotPresentKeyword$_verifyElementNotPresent_closure1.doCall(VerifyElementNotPresentKeyword.groovy)
	at com.kms.katalon.core.webui.keyword.internal.WebUIKeywordMain.runKeyword(WebUIKeywordMain.groovy:20)
	at com.kms.katalon.core.webui.keyword.internal.WebUIKeywordMain$runKeyword.call(Unknown Source)
	at com.kms.katalon.core.webui.keyword.builtin.VerifyElementNotPresentKeyword.verifyElementNotPresent(VerifyElementNotPresentKeyword.groovy:117)
	at com.kms.katalon.core.webui.keyword.builtin.VerifyElementNotPresentKeyword.execute(VerifyElementNotPresentKeyword.groovy:68)
	at com.kms.katalon.core.keyword.internal.KeywordExecutor.executeKeywordForPlatform(KeywordExecutor.groovy:74)
	at com.kms.katalon.core.webui.keyword.WebUiBuiltInKeywords.verifyElementNotPresent(WebUiBuiltInKeywords.groovy:1481)
	at com.kms.katalon.core.webui.keyword.WebUiBuiltInKeywords$verifyElementNotPresent$8.call(Unknown Source)
	at GetBrokSumPriceDaily.run(GetBrokSumPriceDaily:309)
	at com.kms.katalon.core.main.ScriptEngine.run(ScriptEngine.java:194)
	at com.kms.katalon.core.main.ScriptEngine.runScriptAsRawText(ScriptEngine.java:119)
	at com.kms.katalon.core.main.TestCaseExecutor.runScript(TestCaseExecutor.java:445)
	at com.kms.katalon.core.main.TestCaseExecutor.doExecute(TestCaseExecutor.java:436)
	at com.kms.katalon.core.main.TestCaseExecutor.processExecutionPhase(TestCaseExecutor.java:415)
	at com.kms.katalon.core.main.TestCaseExecutor.accessMainPhase(TestCaseExecutor.java:407)
	at com.kms.katalon.core.main.TestCaseExecutor.execute(TestCaseExecutor.java:284)
	at com.kms.katalon.core.common.CommonExecutor.accessTestCaseMainPhase(CommonExecutor.java:65)
	at com.kms.katalon.core.main.TestSuiteExecutor.accessTestSuiteMainPhase(TestSuiteExecutor.java:144)
	at com.kms.katalon.core.main.TestSuiteExecutor.execute(TestSuiteExecutor.java:106)
	at com.kms.katalon.core.main.TestCaseMain.startTestSuite(TestCaseMain.java:185)
	at com.kms.katalon.core.main.TestCaseMain$startTestSuite$0.call(Unknown Source)
	at TempTestSuite1705923140048.run(TempTestSuite1705923140048.groovy:36)
)
[[ATTACHMENT|C:\\Users\\Fadli\\git\\KatalonDailyGetData2\\Reports\\20240122_174123\\TS1\\20240122_183220\\1705923931505.png]]

2024-01-22 18:45:31 - [TEST_STEP][PASSED] - else: null

2024-01-22 18:45:31 - [TEST_STEP][PASSED] - strSeller2 = getText(findTestObject("Stockbit/Bandarmology_Seller2")): Text of object 'Object Repository/Stockbit/Bandarmology_Seller2' is: 'XL'

2024-01-22 18:45:31 - [MESSAGE][PASSED] - Text of object 'Object Repository/Stockbit/Bandarmology_Seller2' is: 'XL'

2024-01-22 18:45:31 - [TEST_STEP][PASSED] - strSellerVol2 = getText(findTestObject("Stockbit/Bandarmology_SellerVol2")): Text of object 'Object Repository/Stockbit/Bandarmology_SellerVol2' is: '111'

2024-01-22 18:45:31 - [MESSAGE][PASSED] - Text of object 'Object Repository/Stockbit/Bandarmology_SellerVol2' is: '111'

2024-01-22 18:45:31 - [TEST_STEP][PASSED] - strSellerAvg2 = getText(findTestObject("Stockbit/Bandarmology_SellerAvg2")): Text of object 'Object Repository/Stockbit/Bandarmology_SellerAvg2' is: '126'

2024-01-22 18:45:32 - [MESSAGE][PASSED] - Text of object 'Object Repository/Stockbit/Bandarmology_SellerAvg2' is: '126'

2024-01-22 18:45:32 - [TEST_STEP][PASSED] - if (strSeller2 != ""): null

2024-01-22 18:45:32 - [TEST_STEP][PASSED] - if (strSellerAvg2.contains(",")): null

2024-01-22 18:45:32 - [TEST_STEP][PASSED] - if (strSellerVol2.contains(" B")): null

2024-01-22 18:45:32 - [TEST_STEP][PASSED] - if (verifyElementNotPresent(findTestObject("Stockbit/Bandarmology_Buyer3"), 1, OPTIONAL)): Web element with id: 'Object Repository/Stockbit/Bandarmology_Buyer3' located by 'By.xpath: //*[contains(@id, 'rc-tabs-')]/div[2]/div/div/div/div/div/div[2]/table/tbody/tr[4]/td[1]/p' is present after '1' second(s) (Root cause: com.kms.katalon.core.exception.StepFailedException: Web element with id: 'Object Repository/Stockbit/Bandarmology_Buyer3' located by 'By.xpath: //*[contains(@id, 'rc-tabs-')]/div[2]/div/div/div/div/div/div[2]/table/tbody/tr[4]/td[1]/p' is present after '1' second(s)
	at com.kms.katalon.core.webui.keyword.internal.WebUIKeywordMain.stepFailed(WebUIKeywordMain.groovy:64)
	at com.kms.katalon.core.webui.keyword.internal.WebUIKeywordMain$stepFailed$0.call(Unknown Source)
	at com.kms.katalon.core.webui.keyword.builtin.VerifyElementNotPresentKeyword$_verifyElementNotPresent_closure1.doCall(VerifyElementNotPresentKeyword.groovy:106)
	at com.kms.katalon.core.webui.keyword.builtin.VerifyElementNotPresentKeyword$_verifyElementNotPresent_closure1.doCall(VerifyElementNotPresentKeyword.groovy)
	at com.kms.katalon.core.webui.keyword.internal.WebUIKeywordMain.runKeyword(WebUIKeywordMain.groovy:20)
	at com.kms.katalon.core.webui.keyword.internal.WebUIKeywordMain$runKeyword.call(Unknown Source)
	at com.kms.katalon.core.webui.keyword.builtin.VerifyElementNotPresentKeyword.verifyElementNotPresent(VerifyElementNotPresentKeyword.groovy:117)
	at com.kms.katalon.core.webui.keyword.builtin.VerifyElementNotPresentKeyword.execute(VerifyElementNotPresentKeyword.groovy:68)
	at com.kms.katalon.core.keyword.internal.KeywordExecutor.executeKeywordForPlatform(KeywordExecutor.groovy:74)
	at com.kms.katalon.core.webui.keyword.WebUiBuiltInKeywords.verifyElementNotPresent(WebUiBuiltInKeywords.groovy:1481)
	at com.kms.katalon.core.webui.keyword.WebUiBuiltInKeywords$verifyElementNotPresent$8.call(Unknown Source)
	at GetBrokSumPriceDaily.run(GetBrokSumPriceDaily:361)
	at com.kms.katalon.core.main.ScriptEngine.run(ScriptEngine.java:194)
	at com.kms.katalon.core.main.ScriptEngine.runScriptAsRawText(ScriptEngine.java:119)
	at com.kms.katalon.core.main.TestCaseExecutor.runScript(TestCaseExecutor.java:445)
	at com.kms.katalon.core.main.TestCaseExecutor.doExecute(TestCaseExecutor.java:436)
	at com.kms.katalon.core.main.TestCaseExecutor.processExecutionPhase(TestCaseExecutor.java:415)
	at com.kms.katalon.core.main.TestCaseExecutor.accessMainPhase(TestCaseExecutor.java:407)
	at com.kms.katalon.core.main.TestCaseExecutor.execute(TestCaseExecutor.java:284)
	at com.kms.katalon.core.common.CommonExecutor.accessTestCaseMainPhase(CommonExecutor.java:65)
	at com.kms.katalon.core.main.TestSuiteExecutor.accessTestSuiteMainPhase(TestSuiteExecutor.java:144)
	at com.kms.katalon.core.main.TestSuiteExecutor.execute(TestSuiteExecutor.java:106)
	at com.kms.katalon.core.main.TestCaseMain.startTestSuite(TestCaseMain.java:185)
	at com.kms.katalon.core.main.TestCaseMain$startTestSuite$0.call(Unknown Source)
	at TempTestSuite1705923140048.run(TempTestSuite1705923140048.groovy:36)
)

2024-01-22 18:45:33 - [MESSAGE][WARNING] - Web element with id: 'Object Repository/Stockbit/Bandarmology_Buyer3' located by 'By.xpath: //*[contains(@id, 'rc-tabs-')]/div[2]/div/div/div/div/div/div[2]/table/tbody/tr[4]/td[1]/p' is present after '1' second(s) (Root cause: com.kms.katalon.core.exception.StepFailedException: Web element with id: 'Object Repository/Stockbit/Bandarmology_Buyer3' located by 'By.xpath: //*[contains(@id, 'rc-tabs-')]/div[2]/div/div/div/div/div/div[2]/table/tbody/tr[4]/td[1]/p' is present after '1' second(s)
	at com.kms.katalon.core.webui.keyword.internal.WebUIKeywordMain.stepFailed(WebUIKeywordMain.groovy:64)
	at com.kms.katalon.core.webui.keyword.internal.WebUIKeywordMain$stepFailed$0.call(Unknown Source)
	at com.kms.katalon.core.webui.keyword.builtin.VerifyElementNotPresentKeyword$_verifyElementNotPresent_closure1.doCall(VerifyElementNotPresentKeyword.groovy:106)
	at com.kms.katalon.core.webui.keyword.builtin.VerifyElementNotPresentKeyword$_verifyElementNotPresent_closure1.doCall(VerifyElementNotPresentKeyword.groovy)
	at com.kms.katalon.core.webui.keyword.internal.WebUIKeywordMain.runKeyword(WebUIKeywordMain.groovy:20)
	at com.kms.katalon.core.webui.keyword.internal.WebUIKeywordMain$runKeyword.call(Unknown Source)
	at com.kms.katalon.core.webui.keyword.builtin.VerifyElementNotPresentKeyword.verifyElementNotPresent(VerifyElementNotPresentKeyword.groovy:117)
	at com.kms.katalon.core.webui.keyword.builtin.VerifyElementNotPresentKeyword.execute(VerifyElementNotPresentKeyword.groovy:68)
	at com.kms.katalon.core.keyword.internal.KeywordExecutor.executeKeywordForPlatform(KeywordExecutor.groovy:74)
	at com.kms.katalon.core.webui.keyword.WebUiBuiltInKeywords.verifyElementNotPresent(WebUiBuiltInKeywords.groovy:1481)
	at com.kms.katalon.core.webui.keyword.WebUiBuiltInKeywords$verifyElementNotPresent$8.call(Unknown Source)
	at GetBrokSumPriceDaily.run(GetBrokSumPriceDaily:361)
	at com.kms.katalon.core.main.ScriptEngine.run(ScriptEngine.java:194)
	at com.kms.katalon.core.main.ScriptEngine.runScriptAsRawText(ScriptEngine.java:119)
	at com.kms.katalon.core.main.TestCaseExecutor.runScript(TestCaseExecutor.java:445)
	at com.kms.katalon.core.main.TestCaseExecutor.doExecute(TestCaseExecutor.java:436)
	at com.kms.katalon.core.main.TestCaseExecutor.processExecutionPhase(TestCaseExecutor.java:415)
	at com.kms.katalon.core.main.TestCaseExecutor.accessMainPhase(TestCaseExecutor.java:407)
	at com.kms.katalon.core.main.TestCaseExecutor.execute(TestCaseExecutor.java:284)
	at com.kms.katalon.core.common.CommonExecutor.accessTestCaseMainPhase(CommonExecutor.java:65)
	at com.kms.katalon.core.main.TestSuiteExecutor.accessTestSuiteMainPhase(TestSuiteExecutor.java:144)
	at com.kms.katalon.core.main.TestSuiteExecutor.execute(TestSuiteExecutor.java:106)
	at com.kms.katalon.core.main.TestCaseMain.startTestSuite(TestCaseMain.java:185)
	at com.kms.katalon.core.main.TestCaseMain$startTestSuite$0.call(Unknown Source)
	at TempTestSuite1705923140048.run(TempTestSuite1705923140048.groovy:36)
)
[[ATTACHMENT|C:\\Users\\Fadli\\git\\KatalonDailyGetData2\\Reports\\20240122_174123\\TS1\\20240122_183220\\1705923933310.png]]

2024-01-22 18:45:33 - [TEST_STEP][PASSED] - else: null

2024-01-22 18:45:33 - [TEST_STEP][PASSED] - strBuyer3 = getText(findTestObject("Stockbit/Bandarmology_Buyer3")): Text of object 'Object Repository/Stockbit/Bandarmology_Buyer3' is: 'YP'

2024-01-22 18:45:33 - [MESSAGE][PASSED] - Text of object 'Object Repository/Stockbit/Bandarmology_Buyer3' is: 'YP'

2024-01-22 18:45:33 - [TEST_STEP][PASSED] - strBuyerVol3 = getText(findTestObject("Stockbit/Bandarmology_BuyerVol3")): Text of object 'Object Repository/Stockbit/Bandarmology_BuyerVol3' is: '30'

2024-01-22 18:45:33 - [MESSAGE][PASSED] - Text of object 'Object Repository/Stockbit/Bandarmology_BuyerVol3' is: '30'

2024-01-22 18:45:33 - [TEST_STEP][PASSED] - strBuyerAvg3 = getText(findTestObject("Stockbit/Bandarmology_BuyerAvg3")): Text of object 'Object Repository/Stockbit/Bandarmology_BuyerAvg3' is: '127'

2024-01-22 18:45:33 - [MESSAGE][PASSED] - Text of object 'Object Repository/Stockbit/Bandarmology_BuyerAvg3' is: '127'

2024-01-22 18:45:33 - [TEST_STEP][PASSED] - if (strBuyer3 != ""): null

2024-01-22 18:45:33 - [TEST_STEP][PASSED] - if (strBuyerAvg3.contains(",")): null

2024-01-22 18:45:33 - [TEST_STEP][PASSED] - if (strBuyerVol3.contains(" B")): null

2024-01-22 18:45:33 - [TEST_STEP][PASSED] - if (verifyElementNotPresent(findTestObject("Stockbit/Bandarmology_Seller3"), 1, OPTIONAL)): Web element with id: 'Object Repository/Stockbit/Bandarmology_Seller3' located by 'By.xpath: //*[contains(@id, 'rc-tabs-')]/div[2]/div/div/div/div/div/div[2]/table/tbody/tr[4]/td[5]/p' is present after '1' second(s) (Root cause: com.kms.katalon.core.exception.StepFailedException: Web element with id: 'Object Repository/Stockbit/Bandarmology_Seller3' located by 'By.xpath: //*[contains(@id, 'rc-tabs-')]/div[2]/div/div/div/div/div/div[2]/table/tbody/tr[4]/td[5]/p' is present after '1' second(s)
	at com.kms.katalon.core.webui.keyword.internal.WebUIKeywordMain.stepFailed(WebUIKeywordMain.groovy:64)
	at com.kms.katalon.core.webui.keyword.internal.WebUIKeywordMain$stepFailed$0.call(Unknown Source)
	at com.kms.katalon.core.webui.keyword.builtin.VerifyElementNotPresentKeyword$_verifyElementNotPresent_closure1.doCall(VerifyElementNotPresentKeyword.groovy:106)
	at com.kms.katalon.core.webui.keyword.builtin.VerifyElementNotPresentKeyword$_verifyElementNotPresent_closure1.doCall(VerifyElementNotPresentKeyword.groovy)
	at com.kms.katalon.core.webui.keyword.internal.WebUIKeywordMain.runKeyword(WebUIKeywordMain.groovy:20)
	at com.kms.katalon.core.webui.keyword.internal.WebUIKeywordMain$runKeyword.call(Unknown Source)
	at com.kms.katalon.core.webui.keyword.builtin.VerifyElementNotPresentKeyword.verifyElementNotPresent(VerifyElementNotPresentKeyword.groovy:117)
	at com.kms.katalon.core.webui.keyword.builtin.VerifyElementNotPresentKeyword.execute(VerifyElementNotPresentKeyword.groovy:68)
	at com.kms.katalon.core.keyword.internal.KeywordExecutor.executeKeywordForPlatform(KeywordExecutor.groovy:74)
	at com.kms.katalon.core.webui.keyword.WebUiBuiltInKeywords.verifyElementNotPresent(WebUiBuiltInKeywords.groovy:1481)
	at com.kms.katalon.core.webui.keyword.WebUiBuiltInKeywords$verifyElementNotPresent$8.call(Unknown Source)
	at GetBrokSumPriceDaily.run(GetBrokSumPriceDaily:414)
	at com.kms.katalon.core.main.ScriptEngine.run(ScriptEngine.java:194)
	at com.kms.katalon.core.main.ScriptEngine.runScriptAsRawText(ScriptEngine.java:119)
	at com.kms.katalon.core.main.TestCaseExecutor.runScript(TestCaseExecutor.java:445)
	at com.kms.katalon.core.main.TestCaseExecutor.doExecute(TestCaseExecutor.java:436)
	at com.kms.katalon.core.main.TestCaseExecutor.processExecutionPhase(TestCaseExecutor.java:415)
	at com.kms.katalon.core.main.TestCaseExecutor.accessMainPhase(TestCaseExecutor.java:407)
	at com.kms.katalon.core.main.TestCaseExecutor.execute(TestCaseExecutor.java:284)
	at com.kms.katalon.core.common.CommonExecutor.accessTestCaseMainPhase(CommonExecutor.java:65)
	at com.kms.katalon.core.main.TestSuiteExecutor.accessTestSuiteMainPhase(TestSuiteExecutor.java:144)
	at com.kms.katalon.core.main.TestSuiteExecutor.execute(TestSuiteExecutor.java:106)
	at com.kms.katalon.core.main.TestCaseMain.startTestSuite(TestCaseMain.java:185)
	at com.kms.katalon.core.main.TestCaseMain$startTestSuite$0.call(Unknown Source)
	at TempTestSuite1705923140048.run(TempTestSuite1705923140048.groovy:36)
)

2024-01-22 18:45:35 - [MESSAGE][WARNING] - Web element with id: 'Object Repository/Stockbit/Bandarmology_Seller3' located by 'By.xpath: //*[contains(@id, 'rc-tabs-')]/div[2]/div/div/div/div/div/div[2]/table/tbody/tr[4]/td[5]/p' is present after '1' second(s) (Root cause: com.kms.katalon.core.exception.StepFailedException: Web element with id: 'Object Repository/Stockbit/Bandarmology_Seller3' located by 'By.xpath: //*[contains(@id, 'rc-tabs-')]/div[2]/div/div/div/div/div/div[2]/table/tbody/tr[4]/td[5]/p' is present after '1' second(s)
	at com.kms.katalon.core.webui.keyword.internal.WebUIKeywordMain.stepFailed(WebUIKeywordMain.groovy:64)
	at com.kms.katalon.core.webui.keyword.internal.WebUIKeywordMain$stepFailed$0.call(Unknown Source)
	at com.kms.katalon.core.webui.keyword.builtin.VerifyElementNotPresentKeyword$_verifyElementNotPresent_closure1.doCall(VerifyElementNotPresentKeyword.groovy:106)
	at com.kms.katalon.core.webui.keyword.builtin.VerifyElementNotPresentKeyword$_verifyElementNotPresent_closure1.doCall(VerifyElementNotPresentKeyword.groovy)
	at com.kms.katalon.core.webui.keyword.internal.WebUIKeywordMain.runKeyword(WebUIKeywordMain.groovy:20)
	at com.kms.katalon.core.webui.keyword.internal.WebUIKeywordMain$runKeyword.call(Unknown Source)
	at com.kms.katalon.core.webui.keyword.builtin.VerifyElementNotPresentKeyword.verifyElementNotPresent(VerifyElementNotPresentKeyword.groovy:117)
	at com.kms.katalon.core.webui.keyword.builtin.VerifyElementNotPresentKeyword.execute(VerifyElementNotPresentKeyword.groovy:68)
	at com.kms.katalon.core.keyword.internal.KeywordExecutor.executeKeywordForPlatform(KeywordExecutor.groovy:74)
	at com.kms.katalon.core.webui.keyword.WebUiBuiltInKeywords.verifyElementNotPresent(WebUiBuiltInKeywords.groovy:1481)
	at com.kms.katalon.core.webui.keyword.WebUiBuiltInKeywords$verifyElementNotPresent$8.call(Unknown Source)
	at GetBrokSumPriceDaily.run(GetBrokSumPriceDaily:414)
	at com.kms.katalon.core.main.ScriptEngine.run(ScriptEngine.java:194)
	at com.kms.katalon.core.main.ScriptEngine.runScriptAsRawText(ScriptEngine.java:119)
	at com.kms.katalon.core.main.TestCaseExecutor.runScript(TestCaseExecutor.java:445)
	at com.kms.katalon.core.main.TestCaseExecutor.doExecute(TestCaseExecutor.java:436)
	at com.kms.katalon.core.main.TestCaseExecutor.processExecutionPhase(TestCaseExecutor.java:415)
	at com.kms.katalon.core.main.TestCaseExecutor.accessMainPhase(TestCaseExecutor.java:407)
	at com.kms.katalon.core.main.TestCaseExecutor.execute(TestCaseExecutor.java:284)
	at com.kms.katalon.core.common.CommonExecutor.accessTestCaseMainPhase(CommonExecutor.java:65)
	at com.kms.katalon.core.main.TestSuiteExecutor.accessTestSuiteMainPhase(TestSuiteExecutor.java:144)
	at com.kms.katalon.core.main.TestSuiteExecutor.execute(TestSuiteExecutor.java:106)
	at com.kms.katalon.core.main.TestCaseMain.startTestSuite(TestCaseMain.java:185)
	at com.kms.katalon.core.main.TestCaseMain$startTestSuite$0.call(Unknown Source)
	at TempTestSuite1705923140048.run(TempTestSuite1705923140048.groovy:36)
)
[[ATTACHMENT|C:\\Users\\Fadli\\git\\KatalonDailyGetData2\\Reports\\20240122_174123\\TS1\\20240122_183220\\1705923935157.png]]

2024-01-22 18:45:35 - [TEST_STEP][PASSED] - else: null

2024-01-22 18:45:35 - [TEST_STEP][PASSED] - strSeller3 = getText(findTestObject("Stockbit/Bandarmology_Seller3")): Text of object 'Object Repository/Stockbit/Bandarmology_Seller3' is: 'CC'

2024-01-22 18:45:35 - [MESSAGE][PASSED] - Text of object 'Object Repository/Stockbit/Bandarmology_Seller3' is: 'CC'

2024-01-22 18:45:35 - [TEST_STEP][PASSED] - strSellerVol3 = getText(findTestObject("Stockbit/Bandarmology_SellerVol3")): Text of object 'Object Repository/Stockbit/Bandarmology_SellerVol3' is: '74'

2024-01-22 18:45:35 - [MESSAGE][PASSED] - Text of object 'Object Repository/Stockbit/Bandarmology_SellerVol3' is: '74'

2024-01-22 18:45:35 - [TEST_STEP][PASSED] - strSellerAvg3 = getText(findTestObject("Stockbit/Bandarmology_SellerAvg3")): Text of object 'Object Repository/Stockbit/Bandarmology_SellerAvg3' is: '127'

2024-01-22 18:45:35 - [MESSAGE][PASSED] - Text of object 'Object Repository/Stockbit/Bandarmology_SellerAvg3' is: '127'

2024-01-22 18:45:35 - [TEST_STEP][PASSED] - if (strSeller3 != ""): null

2024-01-22 18:45:35 - [TEST_STEP][PASSED] - if (strSellerAvg3.contains(",")): null

2024-01-22 18:45:35 - [TEST_STEP][PASSED] - if (strSellerVol3.contains(" B")): null

2024-01-22 18:45:35 - [TEST_STEP][PASSED] - strAccDist = getText(findTestObject("Stockbit/Bandarmology_AccDist")): Text of object 'Object Repository/Stockbit/Bandarmology_AccDist' is: 'Acc'

2024-01-22 18:45:35 - [MESSAGE][PASSED] - Text of object 'Object Repository/Stockbit/Bandarmology_AccDist' is: 'Acc'

2024-01-22 18:45:35 - [TEST_STEP][PASSED] - strNetVol = getText(findTestObject("Stockbit/Bandarmology_NetVol")): Text of object 'Object Repository/Stockbit/Bandarmology_NetVol' is: '381'

2024-01-22 18:45:36 - [MESSAGE][PASSED] - Text of object 'Object Repository/Stockbit/Bandarmology_NetVol' is: '381'

2024-01-22 18:45:36 - [TEST_STEP][PASSED] - strNetVol = strNetVol.replace(",", ""): null

2024-01-22 18:45:36 - [TEST_STEP][PASSED] - strNetVal = getText(findTestObject("Stockbit/Bandarmology_NetVal")): Text of object 'Object Repository/Stockbit/Bandarmology_NetVal' is: '0 B'

2024-01-22 18:45:36 - [MESSAGE][PASSED] - Text of object 'Object Repository/Stockbit/Bandarmology_NetVal' is: '0 B'

2024-01-22 18:45:36 - [TEST_STEP][PASSED] - delay(3): Delayed 3 second(s)

2024-01-22 18:45:39 - [MESSAGE][PASSED] - Delayed 3 second(s)

2024-01-22 18:45:39 - [TEST_STEP][PASSED] - strOpenPrice = getText(findTestObject("Stockbit/Home_OpenPrice")): Text of object 'Object Repository/Stockbit/Home_OpenPrice' is: '129'

2024-01-22 18:45:39 - [MESSAGE][PASSED] - Text of object 'Object Repository/Stockbit/Home_OpenPrice' is: '129'

2024-01-22 18:45:39 - [TEST_STEP][PASSED] - strOpenPrice = strOpenPrice.replace(",", ""): null

2024-01-22 18:45:39 - [TEST_STEP][PASSED] - strLowPrice = getText(findTestObject("Stockbit/Home_LowPrice")): Text of object 'Object Repository/Stockbit/Home_LowPrice' is: '126'

2024-01-22 18:45:39 - [MESSAGE][PASSED] - Text of object 'Object Repository/Stockbit/Home_LowPrice' is: '126'

2024-01-22 18:45:39 - [TEST_STEP][PASSED] - strLowPrice = strLowPrice.replace(",", ""): null

2024-01-22 18:45:39 - [TEST_STEP][PASSED] - strHighPrice = getText(findTestObject("Stockbit/Home_HighPrice")): Text of object 'Object Repository/Stockbit/Home_HighPrice' is: '129'

2024-01-22 18:45:39 - [MESSAGE][PASSED] - Text of object 'Object Repository/Stockbit/Home_HighPrice' is: '129'

2024-01-22 18:45:39 - [TEST_STEP][PASSED] - strHighPrice = strHighPrice.replace(",", ""): null

2024-01-22 18:45:39 - [TEST_STEP][PASSED] - strClosePrice = getText(findTestObject("Stockbit/Home_ClosePrice")): Text of object 'Object Repository/Stockbit/Home_ClosePrice' is: '126'

2024-01-22 18:45:39 - [MESSAGE][PASSED] - Text of object 'Object Repository/Stockbit/Home_ClosePrice' is: '126'

2024-01-22 18:45:39 - [TEST_STEP][PASSED] - strClosePrice = strClosePrice.replace(",", ""): null

2024-01-22 18:45:39 - [TEST_STEP][PASSED] - strVol = getText(findTestObject("Stockbit/Home_Volume")): Text of object 'Object Repository/Stockbit/Home_Volume' is: '393'

2024-01-22 18:45:39 - [MESSAGE][PASSED] - Text of object 'Object Repository/Stockbit/Home_Volume' is: '393'

2024-01-22 18:45:39 - [TEST_STEP][PASSED] - if (strVol.contains(" K")): null

2024-01-22 18:45:39 - [TEST_STEP][PASSED] - if (strVol.contains(",")): null

2024-01-22 18:45:39 - [TEST_STEP][PASSED] - strChange = getText(findTestObject("Stockbit/Home_Change")): Text of object 'Object Repository/Stockbit/Home_Change' is: '0.80%'

2024-01-22 18:45:39 - [MESSAGE][PASSED] - Text of object 'Object Repository/Stockbit/Home_Change' is: '0.80%'

2024-01-22 18:45:39 - [TEST_STEP][PASSED] - strChange = strChange.replace("%", ""): null

2024-01-22 18:45:39 - [TEST_STEP][PASSED] - strFreq = getText(findTestObject("Stockbit/Home_Freq")): Text of object 'Object Repository/Stockbit/Home_Freq' is: '21'

2024-01-22 18:45:40 - [MESSAGE][PASSED] - Text of object 'Object Repository/Stockbit/Home_Freq' is: '21'

2024-01-22 18:45:40 - [TEST_STEP][PASSED] - if (strFreq.contains(",")): null

2024-01-22 18:45:40 - [TEST_STEP][PASSED] - if (strFreq == "NA" || strFreq == ""): null

2024-01-22 18:45:40 - [TEST_STEP][PASSED] - else: null

2024-01-22 18:45:40 - [TEST_STEP][PASSED] - dblFreqAnal = strVol.toDouble() / strFreq.toDouble() * strFreq.toDouble() * strFreq.toDouble() * 100000000: null

2024-01-22 18:45:40 - [TEST_STEP][PASSED] - strFreqAnal = String.format("%.4f", dblFreqAnal): null

2024-01-22 18:45:40 - [TEST_STEP][PASSED] - out.println("Double strFreqAnal: " + strFreqAnal): null

2024-01-22 18:45:40 - [TEST_STEP][PASSED] - strTanggal = d.format(DateTimeFormatter.ofPattern("yyyy-MM-dd")): null

2024-01-22 18:45:40 - [TEST_STEP][PASSED] - strTanggal = "#" + strTanggal + "#": null

2024-01-22 18:45:40 - [TEST_STEP][PASSED] - strSQL = "select count(*) as JumBaris from TblBrokSum where Nama = '" + strNama + "' and Tanggal = " + strTanggal + "": null

2024-01-22 18:45:40 - [TEST_STEP][PASSED] - resultSet = statement.executeQuery(strSQL): null

2024-01-22 18:45:40 - [TEST_STEP][PASSED] - resultSet.next(): null

2024-01-22 18:45:40 - [TEST_STEP][PASSED] - intJumBaris = resultSet.getInt("JumBaris"): null

2024-01-22 18:45:40 - [TEST_STEP][PASSED] - if (intJumBaris > 0): null

2024-01-22 18:45:40 - [TEST_STEP][PASSED] - else: null

2024-01-22 18:45:40 - [TEST_STEP][PASSED] - try: null

2024-01-22 18:45:40 - [TEST_STEP][PASSED] - out.println("Insert data"): null

2024-01-22 18:45:40 - [TEST_STEP][PASSED] - strSQL = "insert into TblBrokSum (nama, tanggal, top1, top2, top3, AllBrokAvg, AccDist, AvgRP, " + "Buyer1, BuyerVal1, BuyerAvg1, Seller1, SellerVal1, SellerAvg1, Buyer2, BuyerVal2, BuyerAvg2, " + "Seller2, SellerVal2, SellerAvg2, Buyer3, BuyerVal3, BuyerAvg3, Seller3, SellerVal3, SellerAvg3, NetVol, NetVal, " + "OpenPrice, LowPrice, HighPrice, ClosePrice, Volume, Change, Frekuensi, FrekAnal) " + "values ('" + strNama + "', " + strTanggal + ", '" + strTop1 + "', '" + strTop3 + "', '" + strTop5 + "', " + "'" + strAllBrokAvg + "', '" + strAccDist + "', " + intAvgRP + ", '" + strBuyer1 + "', '" + strBuyerVol1 + "', " + strBuyerAvg1 + ", " + "'" + strSeller1 + "', '" + strSellerVol1 + "', " + strSellerAvg1 + ", '" + strBuyer2 + "', '" + strBuyerVol2 + "', " + strBuyerAvg2 + ", " + "'" + strSeller2 + "', '" + strSellerVol2 + "', " + strSellerAvg2 + ", '" + strBuyer3 + "', '" + strBuyerVol3 + "', " + strBuyerAvg3 + ", " + "'" + strSeller3 + "', '" + strSellerVol3 + "', " + strSellerAvg3 + ", " + strNetVol + ", '" + strNetVal + "', " + "" + strOpenPrice + ", " + strLowPrice + ", " + strHighPrice + ", " + strClosePrice + ", '" + strVol + "', " + strChange + ", " + strFreq + ", " + strFreqAnal + ");": null

2024-01-22 18:45:40 - [TEST_STEP][PASSED] - out.println("strSQL = " + strSQL): null

2024-01-22 18:45:40 - [TEST_STEP][PASSED] - statement.executeUpdate(strSQL): null

2024-01-22 18:45:40 - [TEST_STEP][PASSED] - setValueToCellByIndex(sheet01, rowIndex, 4, "DONE"): null

2024-01-22 18:45:40 - [TEST_STEP][PASSED] - saveWorkbook(excelFilePath, workbook01): null

2024-01-22 18:45:40 - [TEST_STEP][PASSED] - waitForElementClickable(findTestObject("Stockbit/menu_Bandarmology"), 10): Object 'Object Repository/Stockbit/menu_Bandarmology' is clickable

2024-01-22 18:45:40 - [MESSAGE][PASSED] - Object 'Object Repository/Stockbit/menu_Bandarmology' is clickable

2024-01-22 18:45:40 - [TEST_STEP][PASSED] - click(findTestObject("Stockbit/menu_Bandarmology")): Object: 'Object Repository/Stockbit/menu_Bandarmology' is clicked on

2024-01-22 18:45:40 - [MESSAGE][PASSED] - Object: 'Object Repository/Stockbit/menu_Bandarmology' is clicked on

2024-01-22 18:45:40 - [TEST_STEP][PASSED] - strTemp = "NA": null

2024-01-22 18:45:40 - [TEST_STEP][PASSED] - if (getCellValueByIndex(sheet01, rowIndex, 4) != "DONE"): Object: 'Object Repository/Stockbit/menu_Bandarmology' is clicked on

2024-01-22 18:45:40 - [TEST_STEP][PASSED] - strNama = getCellValueByIndex(sheet01, rowIndex, 0): null

2024-01-22 18:45:40 - [TEST_STEP][PASSED] - navigateToUrl("https://stockbit.com/#/symbol/" + strNama): Navigate to 'https://stockbit.com/#/symbol/ELIT' successfully

2024-01-22 18:45:42 - [MESSAGE][PASSED] - Navigate to 'https://stockbit.com/#/symbol/ELIT' successfully

2024-01-22 18:45:42 - [TEST_STEP][PASSED] - waitForElementClickable(findTestObject("Stockbit/menu_Bandarmology"), 10): Object 'Object Repository/Stockbit/menu_Bandarmology' is clickable

2024-01-22 18:45:42 - [MESSAGE][PASSED] - Object 'Object Repository/Stockbit/menu_Bandarmology' is clickable

2024-01-22 18:45:42 - [TEST_STEP][PASSED] - click(findTestObject("Stockbit/menu_Bandarmology")): Object: 'Object Repository/Stockbit/menu_Bandarmology' is clicked on

2024-01-22 18:45:43 - [MESSAGE][PASSED] - Object: 'Object Repository/Stockbit/menu_Bandarmology' is clicked on

2024-01-22 18:45:43 - [TEST_STEP][PASSED] - strTanggal = d.format(DateTimeFormatter.ofPattern("MMM dd, yyyy")): null

2024-01-22 18:45:43 - [TEST_STEP][PASSED] - strTanggal = d.format(ISO_DATE): null

2024-01-22 18:45:43 - [TEST_STEP][PASSED] - out.println("strTanggal = " + strTanggal): null

2024-01-22 18:45:43 - [TEST_STEP][PASSED] - out.println("strNama = " + strNama): null

2024-01-22 18:45:43 - [TEST_STEP][PASSED] - out.println("Baris ke = " + rowIndex): null

2024-01-22 18:45:43 - [TEST_STEP][PASSED] - click(findTestObject("Stockbit/input__BandarmologyOpenStartDate")): Object: 'Object Repository/Stockbit/input__BandarmologyOpenStartDate' is clicked on

2024-01-22 18:45:44 - [MESSAGE][PASSED] - Object: 'Object Repository/Stockbit/input__BandarmologyOpenStartDate' is clicked on

2024-01-22 18:45:44 - [TEST_STEP][PASSED] - sendKeys(findTestObject("Stockbit/input__BandarmologyOpenStartDate"), Keys.chord(CONTROL, "a")): Keys 'CONTROL + a' sent to object: 'Object Repository/Stockbit/input__BandarmologyOpenStartDate'

2024-01-22 18:45:45 - [MESSAGE][PASSED] - Keys 'CONTROL + a' sent to object: 'Object Repository/Stockbit/input__BandarmologyOpenStartDate'

2024-01-22 18:45:45 - [TEST_STEP][PASSED] - sendKeys(findTestObject("Stockbit/input__BandarmologyOpenStartDate"), Keys.chord(BACK_SPACE)): Keys 'BACK_SPACE + ' sent to object: 'Object Repository/Stockbit/input__BandarmologyOpenStartDate'

2024-01-22 18:45:45 - [MESSAGE][PASSED] - Keys 'BACK_SPACE + ' sent to object: 'Object Repository/Stockbit/input__BandarmologyOpenStartDate'

2024-01-22 18:45:45 - [TEST_STEP][PASSED] - setText(findTestObject("Stockbit/input__BandarmologyOpenStartDate"), strTanggal): Text '2024-01-22' is set on object 'Object Repository/Stockbit/input__BandarmologyOpenStartDate'

2024-01-22 18:45:46 - [MESSAGE][PASSED] - Text '2024-01-22' is set on object 'Object Repository/Stockbit/input__BandarmologyOpenStartDate'

2024-01-22 18:45:46 - [TEST_STEP][PASSED] - sendKeys(findTestObject("Stockbit/input__BandarmologyOpenStartDate"), Keys.chord(ENTER)): Keys 'ENTER + ' sent to object: 'Object Repository/Stockbit/input__BandarmologyOpenStartDate'

2024-01-22 18:45:47 - [MESSAGE][PASSED] - Keys 'ENTER + ' sent to object: 'Object Repository/Stockbit/input__BandarmologyOpenStartDate'

2024-01-22 18:45:47 - [TEST_STEP][PASSED] - click(findTestObject("Stockbit/input__BandarmologyOpenEndDate")): Object: 'Object Repository/Stockbit/input__BandarmologyOpenEndDate' is clicked on

2024-01-22 18:45:47 - [MESSAGE][PASSED] - Object: 'Object Repository/Stockbit/input__BandarmologyOpenEndDate' is clicked on

2024-01-22 18:45:47 - [TEST_STEP][PASSED] - sendKeys(findTestObject("Stockbit/input__BandarmologyOpenEndDate"), Keys.chord(CONTROL, "a")): Keys 'CONTROL + a' sent to object: 'Object Repository/Stockbit/input__BandarmologyOpenEndDate'

2024-01-22 18:45:47 - [MESSAGE][PASSED] - Keys 'CONTROL + a' sent to object: 'Object Repository/Stockbit/input__BandarmologyOpenEndDate'

2024-01-22 18:45:47 - [TEST_STEP][PASSED] - sendKeys(findTestObject("Stockbit/input__BandarmologyOpenEndDate"), Keys.chord(BACK_SPACE)): Keys 'BACK_SPACE + ' sent to object: 'Object Repository/Stockbit/input__BandarmologyOpenEndDate'

2024-01-22 18:45:48 - [MESSAGE][PASSED] - Keys 'BACK_SPACE + ' sent to object: 'Object Repository/Stockbit/input__BandarmologyOpenEndDate'

2024-01-22 18:45:48 - [TEST_STEP][PASSED] - setText(findTestObject("Stockbit/input__BandarmologyOpenEndDate"), strTanggal): Text '2024-01-22' is set on object 'Object Repository/Stockbit/input__BandarmologyOpenEndDate'

2024-01-22 18:45:49 - [MESSAGE][PASSED] - Text '2024-01-22' is set on object 'Object Repository/Stockbit/input__BandarmologyOpenEndDate'

2024-01-22 18:45:49 - [TEST_STEP][PASSED] - sendKeys(findTestObject("Stockbit/input__BandarmologyOpenEndDate"), Keys.chord(ENTER)): Keys 'ENTER + ' sent to object: 'Object Repository/Stockbit/input__BandarmologyOpenEndDate'

2024-01-22 18:45:49 - [MESSAGE][PASSED] - Keys 'ENTER + ' sent to object: 'Object Repository/Stockbit/input__BandarmologyOpenEndDate'

2024-01-22 18:45:49 - [TEST_STEP][PASSED] - delay(2): Delayed 2 second(s)

2024-01-22 18:45:51 - [MESSAGE][PASSED] - Delayed 2 second(s)

2024-01-22 18:45:51 - [TEST_STEP][PASSED] - strTemp = getText(findTestObject("Stockbit/Bandarmology_AvgRP")): Text of object 'Object Repository/Stockbit/Bandarmology_AvgRP' is: '94'

2024-01-22 18:45:51 - [MESSAGE][PASSED] - Text of object 'Object Repository/Stockbit/Bandarmology_AvgRP' is: '94'

2024-01-22 18:45:51 - [TEST_STEP][PASSED] - out.println("Bandarmology_AvgRP = " + strTemp): null

2024-01-22 18:45:51 - [TEST_STEP][PASSED] - if (strTemp != "0"): null

2024-01-22 18:45:51 - [TEST_STEP][PASSED] - strTop1 = getText(findTestObject("Stockbit/Bandarmology_Top1")): Text of object 'Object Repository/Stockbit/Bandarmology_Top1' is: 'Normal Dist'

2024-01-22 18:45:52 - [MESSAGE][PASSED] - Text of object 'Object Repository/Stockbit/Bandarmology_Top1' is: 'Normal Dist'

2024-01-22 18:45:52 - [TEST_STEP][PASSED] - strTop3 = getText(findTestObject("Stockbit/Bandarmology_Top3")): Text of object 'Object Repository/Stockbit/Bandarmology_Top3' is: 'Big Dist'

2024-01-22 18:45:52 - [MESSAGE][PASSED] - Text of object 'Object Repository/Stockbit/Bandarmology_Top3' is: 'Big Dist'

2024-01-22 18:45:52 - [TEST_STEP][PASSED] - strTop5 = getText(findTestObject("Stockbit/Bandarmology_Top5")): Text of object 'Object Repository/Stockbit/Bandarmology_Top5' is: 'Big Dist'

2024-01-22 18:45:52 - [MESSAGE][PASSED] - Text of object 'Object Repository/Stockbit/Bandarmology_Top5' is: 'Big Dist'

2024-01-22 18:45:52 - [TEST_STEP][PASSED] - strAllBrokAvg = getText(findTestObject("Stockbit/Bandarmology_TopAVG")): Text of object 'Object Repository/Stockbit/Bandarmology_TopAVG' is: 'Big Dist'

2024-01-22 18:45:52 - [MESSAGE][PASSED] - Text of object 'Object Repository/Stockbit/Bandarmology_TopAVG' is: 'Big Dist'

2024-01-22 18:45:52 - [TEST_STEP][PASSED] - strTemp = getText(findTestObject("Stockbit/Bandarmology_AvgRP")): Text of object 'Object Repository/Stockbit/Bandarmology_AvgRP' is: '94'

2024-01-22 18:45:52 - [MESSAGE][PASSED] - Text of object 'Object Repository/Stockbit/Bandarmology_AvgRP' is: '94'

2024-01-22 18:45:52 - [TEST_STEP][PASSED] - if (strTemp.contains(",")): null

2024-01-22 18:45:52 - [TEST_STEP][PASSED] - intAvgRP = strTemp.toInteger(): null

2024-01-22 18:45:52 - [TEST_STEP][PASSED] - strBuyer1 = getText(findTestObject("Stockbit/Bandarmology_Buyer1")): Text of object 'Object Repository/Stockbit/Bandarmology_Buyer1' is: 'YP'

2024-01-22 18:45:52 - [MESSAGE][PASSED] - Text of object 'Object Repository/Stockbit/Bandarmology_Buyer1' is: 'YP'

2024-01-22 18:45:52 - [TEST_STEP][PASSED] - strBuyerVol1 = getText(findTestObject("Stockbit/Bandarmology_BuyerVol1")): Text of object 'Object Repository/Stockbit/Bandarmology_BuyerVol1' is: '14.1 K'

2024-01-22 18:45:52 - [MESSAGE][PASSED] - Text of object 'Object Repository/Stockbit/Bandarmology_BuyerVol1' is: '14.1 K'

2024-01-22 18:45:52 - [TEST_STEP][PASSED] - strBuyerAvg1 = getText(findTestObject("Stockbit/Bandarmology_BuyerAvg1")): Text of object 'Object Repository/Stockbit/Bandarmology_BuyerAvg1' is: '93'

2024-01-22 18:45:53 - [MESSAGE][PASSED] - Text of object 'Object Repository/Stockbit/Bandarmology_BuyerAvg1' is: '93'

2024-01-22 18:45:53 - [TEST_STEP][PASSED] - if (strBuyerAvg1.contains(",")): null

2024-01-22 18:45:53 - [TEST_STEP][PASSED] - if (strBuyerVol1.contains(" B")): null

2024-01-22 18:45:53 - [TEST_STEP][PASSED] - else if (strBuyerVol1.contains(" M")): null

2024-01-22 18:45:53 - [TEST_STEP][PASSED] - else if (strBuyerVol1.contains(" K")): null

2024-01-22 18:45:53 - [TEST_STEP][PASSED] - strBuyerVol1 = strBuyerVol1.replace(" K", ""): null

2024-01-22 18:45:53 - [TEST_STEP][PASSED] - strBuyerVol1 = strBuyerVol1.toDouble() * 1000: null

2024-01-22 18:45:53 - [TEST_STEP][PASSED] - strSeller1 = getText(findTestObject("Stockbit/Bandarmology_Seller1")): Text of object 'Object Repository/Stockbit/Bandarmology_Seller1' is: 'CC'

2024-01-22 18:45:53 - [MESSAGE][PASSED] - Text of object 'Object Repository/Stockbit/Bandarmology_Seller1' is: 'CC'

2024-01-22 18:45:53 - [TEST_STEP][PASSED] - strSellerVol1 = getText(findTestObject("Stockbit/Bandarmology_SellerVol1")): Text of object 'Object Repository/Stockbit/Bandarmology_SellerVol1' is: '23 K'

2024-01-22 18:45:53 - [MESSAGE][PASSED] - Text of object 'Object Repository/Stockbit/Bandarmology_SellerVol1' is: '23 K'

2024-01-22 18:45:53 - [TEST_STEP][PASSED] - strSellerAvg1 = getText(findTestObject("Stockbit/Bandarmology_SellerAvg1")): Text of object 'Object Repository/Stockbit/Bandarmology_SellerAvg1' is: '94'

2024-01-22 18:45:53 - [MESSAGE][PASSED] - Text of object 'Object Repository/Stockbit/Bandarmology_SellerAvg1' is: '94'

2024-01-22 18:45:53 - [TEST_STEP][PASSED] - if (strSellerAvg1.contains(",")): null

2024-01-22 18:45:53 - [TEST_STEP][PASSED] - if (strSellerVol1.contains(" B")): null

2024-01-22 18:45:53 - [TEST_STEP][PASSED] - else if (strSellerVol1.contains(" M")): null

2024-01-22 18:45:53 - [TEST_STEP][PASSED] - else if (strSellerVol1.contains(" K")): null

2024-01-22 18:45:53 - [TEST_STEP][PASSED] - strSellerVol1 = strSellerVol1.replace(" K", ""): null

2024-01-22 18:45:53 - [TEST_STEP][PASSED] - strSellerVol1 = strSellerVol1.toDouble() * 1000: null

2024-01-22 18:45:53 - [TEST_STEP][PASSED] - if (verifyElementNotPresent(findTestObject("Stockbit/Bandarmology_Buyer2"), 1, OPTIONAL)): Web element with id: 'Object Repository/Stockbit/Bandarmology_Buyer2' located by 'By.xpath: //*[contains(@id, 'rc-tabs-')]/div[2]/div/div/div/div/div/div[2]/table/tbody/tr[3]/td[1]/p' is present after '1' second(s) (Root cause: com.kms.katalon.core.exception.StepFailedException: Web element with id: 'Object Repository/Stockbit/Bandarmology_Buyer2' located by 'By.xpath: //*[contains(@id, 'rc-tabs-')]/div[2]/div/div/div/div/div/div[2]/table/tbody/tr[3]/td[1]/p' is present after '1' second(s)
	at com.kms.katalon.core.webui.keyword.internal.WebUIKeywordMain.stepFailed(WebUIKeywordMain.groovy:64)
	at com.kms.katalon.core.webui.keyword.internal.WebUIKeywordMain$stepFailed$0.call(Unknown Source)
	at com.kms.katalon.core.webui.keyword.builtin.VerifyElementNotPresentKeyword$_verifyElementNotPresent_closure1.doCall(VerifyElementNotPresentKeyword.groovy:106)
	at com.kms.katalon.core.webui.keyword.builtin.VerifyElementNotPresentKeyword$_verifyElementNotPresent_closure1.doCall(VerifyElementNotPresentKeyword.groovy)
	at com.kms.katalon.core.webui.keyword.internal.WebUIKeywordMain.runKeyword(WebUIKeywordMain.groovy:20)
	at com.kms.katalon.core.webui.keyword.internal.WebUIKeywordMain$runKeyword.call(Unknown Source)
	at com.kms.katalon.core.webui.keyword.builtin.VerifyElementNotPresentKeyword.verifyElementNotPresent(VerifyElementNotPresentKeyword.groovy:117)
	at com.kms.katalon.core.webui.keyword.builtin.VerifyElementNotPresentKeyword.execute(VerifyElementNotPresentKeyword.groovy:68)
	at com.kms.katalon.core.keyword.internal.KeywordExecutor.executeKeywordForPlatform(KeywordExecutor.groovy:74)
	at com.kms.katalon.core.webui.keyword.WebUiBuiltInKeywords.verifyElementNotPresent(WebUiBuiltInKeywords.groovy:1481)
	at com.kms.katalon.core.webui.keyword.WebUiBuiltInKeywords$verifyElementNotPresent$8.call(Unknown Source)
	at GetBrokSumPriceDaily.run(GetBrokSumPriceDaily:258)
	at com.kms.katalon.core.main.ScriptEngine.run(ScriptEngine.java:194)
	at com.kms.katalon.core.main.ScriptEngine.runScriptAsRawText(ScriptEngine.java:119)
	at com.kms.katalon.core.main.TestCaseExecutor.runScript(TestCaseExecutor.java:445)
	at com.kms.katalon.core.main.TestCaseExecutor.doExecute(TestCaseExecutor.java:436)
	at com.kms.katalon.core.main.TestCaseExecutor.processExecutionPhase(TestCaseExecutor.java:415)
	at com.kms.katalon.core.main.TestCaseExecutor.accessMainPhase(TestCaseExecutor.java:407)
	at com.kms.katalon.core.main.TestCaseExecutor.execute(TestCaseExecutor.java:284)
	at com.kms.katalon.core.common.CommonExecutor.accessTestCaseMainPhase(CommonExecutor.java:65)
	at com.kms.katalon.core.main.TestSuiteExecutor.accessTestSuiteMainPhase(TestSuiteExecutor.java:144)
	at com.kms.katalon.core.main.TestSuiteExecutor.execute(TestSuiteExecutor.java:106)
	at com.kms.katalon.core.main.TestCaseMain.startTestSuite(TestCaseMain.java:185)
	at com.kms.katalon.core.main.TestCaseMain$startTestSuite$0.call(Unknown Source)
	at TempTestSuite1705923140048.run(TempTestSuite1705923140048.groovy:36)
)

2024-01-22 18:45:55 - [MESSAGE][WARNING] - Web element with id: 'Object Repository/Stockbit/Bandarmology_Buyer2' located by 'By.xpath: //*[contains(@id, 'rc-tabs-')]/div[2]/div/div/div/div/div/div[2]/table/tbody/tr[3]/td[1]/p' is present after '1' second(s) (Root cause: com.kms.katalon.core.exception.StepFailedException: Web element with id: 'Object Repository/Stockbit/Bandarmology_Buyer2' located by 'By.xpath: //*[contains(@id, 'rc-tabs-')]/div[2]/div/div/div/div/div/div[2]/table/tbody/tr[3]/td[1]/p' is present after '1' second(s)
	at com.kms.katalon.core.webui.keyword.internal.WebUIKeywordMain.stepFailed(WebUIKeywordMain.groovy:64)
	at com.kms.katalon.core.webui.keyword.internal.WebUIKeywordMain$stepFailed$0.call(Unknown Source)
	at com.kms.katalon.core.webui.keyword.builtin.VerifyElementNotPresentKeyword$_verifyElementNotPresent_closure1.doCall(VerifyElementNotPresentKeyword.groovy:106)
	at com.kms.katalon.core.webui.keyword.builtin.VerifyElementNotPresentKeyword$_verifyElementNotPresent_closure1.doCall(VerifyElementNotPresentKeyword.groovy)
	at com.kms.katalon.core.webui.keyword.internal.WebUIKeywordMain.runKeyword(WebUIKeywordMain.groovy:20)
	at com.kms.katalon.core.webui.keyword.internal.WebUIKeywordMain$runKeyword.call(Unknown Source)
	at com.kms.katalon.core.webui.keyword.builtin.VerifyElementNotPresentKeyword.verifyElementNotPresent(VerifyElementNotPresentKeyword.groovy:117)
	at com.kms.katalon.core.webui.keyword.builtin.VerifyElementNotPresentKeyword.execute(VerifyElementNotPresentKeyword.groovy:68)
	at com.kms.katalon.core.keyword.internal.KeywordExecutor.executeKeywordForPlatform(KeywordExecutor.groovy:74)
	at com.kms.katalon.core.webui.keyword.WebUiBuiltInKeywords.verifyElementNotPresent(WebUiBuiltInKeywords.groovy:1481)
	at com.kms.katalon.core.webui.keyword.WebUiBuiltInKeywords$verifyElementNotPresent$8.call(Unknown Source)
	at GetBrokSumPriceDaily.run(GetBrokSumPriceDaily:258)
	at com.kms.katalon.core.main.ScriptEngine.run(ScriptEngine.java:194)
	at com.kms.katalon.core.main.ScriptEngine.runScriptAsRawText(ScriptEngine.java:119)
	at com.kms.katalon.core.main.TestCaseExecutor.runScript(TestCaseExecutor.java:445)
	at com.kms.katalon.core.main.TestCaseExecutor.doExecute(TestCaseExecutor.java:436)
	at com.kms.katalon.core.main.TestCaseExecutor.processExecutionPhase(TestCaseExecutor.java:415)
	at com.kms.katalon.core.main.TestCaseExecutor.accessMainPhase(TestCaseExecutor.java:407)
	at com.kms.katalon.core.main.TestCaseExecutor.execute(TestCaseExecutor.java:284)
	at com.kms.katalon.core.common.CommonExecutor.accessTestCaseMainPhase(CommonExecutor.java:65)
	at com.kms.katalon.core.main.TestSuiteExecutor.accessTestSuiteMainPhase(TestSuiteExecutor.java:144)
	at com.kms.katalon.core.main.TestSuiteExecutor.execute(TestSuiteExecutor.java:106)
	at com.kms.katalon.core.main.TestCaseMain.startTestSuite(TestCaseMain.java:185)
	at com.kms.katalon.core.main.TestCaseMain$startTestSuite$0.call(Unknown Source)
	at TempTestSuite1705923140048.run(TempTestSuite1705923140048.groovy:36)
)
[[ATTACHMENT|C:\\Users\\Fadli\\git\\KatalonDailyGetData2\\Reports\\20240122_174123\\TS1\\20240122_183220\\1705923954816.png]]

2024-01-22 18:45:55 - [TEST_STEP][PASSED] - else: null

2024-01-22 18:45:55 - [TEST_STEP][PASSED] - strBuyer2 = getText(findTestObject("Stockbit/Bandarmology_Buyer2")): Text of object 'Object Repository/Stockbit/Bandarmology_Buyer2' is: 'XL'

2024-01-22 18:45:55 - [MESSAGE][PASSED] - Text of object 'Object Repository/Stockbit/Bandarmology_Buyer2' is: 'XL'

2024-01-22 18:45:55 - [TEST_STEP][PASSED] - strBuyerVol2 = getText(findTestObject("Stockbit/Bandarmology_BuyerVol2")): Text of object 'Object Repository/Stockbit/Bandarmology_BuyerVol2' is: '6.7 K'

2024-01-22 18:45:55 - [MESSAGE][PASSED] - Text of object 'Object Repository/Stockbit/Bandarmology_BuyerVol2' is: '6.7 K'

2024-01-22 18:45:55 - [TEST_STEP][PASSED] - strBuyerAvg2 = getText(findTestObject("Stockbit/Bandarmology_BuyerAvg2")): Text of object 'Object Repository/Stockbit/Bandarmology_BuyerAvg2' is: '92'

2024-01-22 18:45:55 - [MESSAGE][PASSED] - Text of object 'Object Repository/Stockbit/Bandarmology_BuyerAvg2' is: '92'

2024-01-22 18:45:55 - [TEST_STEP][PASSED] - if (strBuyer2 != ""): null

2024-01-22 18:45:55 - [TEST_STEP][PASSED] - if (strBuyerAvg2.contains(",")): null

2024-01-22 18:45:55 - [TEST_STEP][PASSED] - if (strBuyerVol2.contains(" B")): null

2024-01-22 18:45:55 - [TEST_STEP][PASSED] - else if (strBuyerVol2.contains(" M")): null

2024-01-22 18:45:55 - [TEST_STEP][PASSED] - else if (strBuyerVol2.contains(" K")): null

2024-01-22 18:45:55 - [TEST_STEP][PASSED] - strBuyerVol2 = strBuyerVol2.replace(" K", ""): null

2024-01-22 18:45:55 - [TEST_STEP][PASSED] - strBuyerVol2 = strBuyerVol2.toDouble() * 1000: null

2024-01-22 18:45:55 - [TEST_STEP][PASSED] - if (strBuyerVol2.contains(".")): null

2024-01-22 18:45:55 - [TEST_STEP][PASSED] - strBuyerVal2 = strBuyerVol2.replace(".", ""): null

2024-01-22 18:45:55 - [TEST_STEP][PASSED] - if (verifyElementNotPresent(findTestObject("Stockbit/Bandarmology_Seller2"), 1, OPTIONAL)): Web element with id: 'Object Repository/Stockbit/Bandarmology_Seller2' located by 'By.xpath: //*[contains(@id, 'rc-tabs-')]/div[2]/div/div/div/div/div/div[2]/table/tbody/tr[3]/td[5]/p' is present after '1' second(s) (Root cause: com.kms.katalon.core.exception.StepFailedException: Web element with id: 'Object Repository/Stockbit/Bandarmology_Seller2' located by 'By.xpath: //*[contains(@id, 'rc-tabs-')]/div[2]/div/div/div/div/div/div[2]/table/tbody/tr[3]/td[5]/p' is present after '1' second(s)
	at com.kms.katalon.core.webui.keyword.internal.WebUIKeywordMain.stepFailed(WebUIKeywordMain.groovy:64)
	at com.kms.katalon.core.webui.keyword.internal.WebUIKeywordMain$stepFailed$0.call(Unknown Source)
	at com.kms.katalon.core.webui.keyword.builtin.VerifyElementNotPresentKeyword$_verifyElementNotPresent_closure1.doCall(VerifyElementNotPresentKeyword.groovy:106)
	at com.kms.katalon.core.webui.keyword.builtin.VerifyElementNotPresentKeyword$_verifyElementNotPresent_closure1.doCall(VerifyElementNotPresentKeyword.groovy)
	at com.kms.katalon.core.webui.keyword.internal.WebUIKeywordMain.runKeyword(WebUIKeywordMain.groovy:20)
	at com.kms.katalon.core.webui.keyword.internal.WebUIKeywordMain$runKeyword.call(Unknown Source)
	at com.kms.katalon.core.webui.keyword.builtin.VerifyElementNotPresentKeyword.verifyElementNotPresent(VerifyElementNotPresentKeyword.groovy:117)
	at com.kms.katalon.core.webui.keyword.builtin.VerifyElementNotPresentKeyword.execute(VerifyElementNotPresentKeyword.groovy:68)
	at com.kms.katalon.core.keyword.internal.KeywordExecutor.executeKeywordForPlatform(KeywordExecutor.groovy:74)
	at com.kms.katalon.core.webui.keyword.WebUiBuiltInKeywords.verifyElementNotPresent(WebUiBuiltInKeywords.groovy:1481)
	at com.kms.katalon.core.webui.keyword.WebUiBuiltInKeywords$verifyElementNotPresent$8.call(Unknown Source)
	at GetBrokSumPriceDaily.run(GetBrokSumPriceDaily:309)
	at com.kms.katalon.core.main.ScriptEngine.run(ScriptEngine.java:194)
	at com.kms.katalon.core.main.ScriptEngine.runScriptAsRawText(ScriptEngine.java:119)
	at com.kms.katalon.core.main.TestCaseExecutor.runScript(TestCaseExecutor.java:445)
	at com.kms.katalon.core.main.TestCaseExecutor.doExecute(TestCaseExecutor.java:436)
	at com.kms.katalon.core.main.TestCaseExecutor.processExecutionPhase(TestCaseExecutor.java:415)
	at com.kms.katalon.core.main.TestCaseExecutor.accessMainPhase(TestCaseExecutor.java:407)
	at com.kms.katalon.core.main.TestCaseExecutor.execute(TestCaseExecutor.java:284)
	at com.kms.katalon.core.common.CommonExecutor.accessTestCaseMainPhase(CommonExecutor.java:65)
	at com.kms.katalon.core.main.TestSuiteExecutor.accessTestSuiteMainPhase(TestSuiteExecutor.java:144)
	at com.kms.katalon.core.main.TestSuiteExecutor.execute(TestSuiteExecutor.java:106)
	at com.kms.katalon.core.main.TestCaseMain.startTestSuite(TestCaseMain.java:185)
	at com.kms.katalon.core.main.TestCaseMain$startTestSuite$0.call(Unknown Source)
	at TempTestSuite1705923140048.run(TempTestSuite1705923140048.groovy:36)
)

2024-01-22 18:45:56 - [MESSAGE][WARNING] - Web element with id: 'Object Repository/Stockbit/Bandarmology_Seller2' located by 'By.xpath: //*[contains(@id, 'rc-tabs-')]/div[2]/div/div/div/div/div/div[2]/table/tbody/tr[3]/td[5]/p' is present after '1' second(s) (Root cause: com.kms.katalon.core.exception.StepFailedException: Web element with id: 'Object Repository/Stockbit/Bandarmology_Seller2' located by 'By.xpath: //*[contains(@id, 'rc-tabs-')]/div[2]/div/div/div/div/div/div[2]/table/tbody/tr[3]/td[5]/p' is present after '1' second(s)
	at com.kms.katalon.core.webui.keyword.internal.WebUIKeywordMain.stepFailed(WebUIKeywordMain.groovy:64)
	at com.kms.katalon.core.webui.keyword.internal.WebUIKeywordMain$stepFailed$0.call(Unknown Source)
	at com.kms.katalon.core.webui.keyword.builtin.VerifyElementNotPresentKeyword$_verifyElementNotPresent_closure1.doCall(VerifyElementNotPresentKeyword.groovy:106)
	at com.kms.katalon.core.webui.keyword.builtin.VerifyElementNotPresentKeyword$_verifyElementNotPresent_closure1.doCall(VerifyElementNotPresentKeyword.groovy)
	at com.kms.katalon.core.webui.keyword.internal.WebUIKeywordMain.runKeyword(WebUIKeywordMain.groovy:20)
	at com.kms.katalon.core.webui.keyword.internal.WebUIKeywordMain$runKeyword.call(Unknown Source)
	at com.kms.katalon.core.webui.keyword.builtin.VerifyElementNotPresentKeyword.verifyElementNotPresent(VerifyElementNotPresentKeyword.groovy:117)
	at com.kms.katalon.core.webui.keyword.builtin.VerifyElementNotPresentKeyword.execute(VerifyElementNotPresentKeyword.groovy:68)
	at com.kms.katalon.core.keyword.internal.KeywordExecutor.executeKeywordForPlatform(KeywordExecutor.groovy:74)
	at com.kms.katalon.core.webui.keyword.WebUiBuiltInKeywords.verifyElementNotPresent(WebUiBuiltInKeywords.groovy:1481)
	at com.kms.katalon.core.webui.keyword.WebUiBuiltInKeywords$verifyElementNotPresent$8.call(Unknown Source)
	at GetBrokSumPriceDaily.run(GetBrokSumPriceDaily:309)
	at com.kms.katalon.core.main.ScriptEngine.run(ScriptEngine.java:194)
	at com.kms.katalon.core.main.ScriptEngine.runScriptAsRawText(ScriptEngine.java:119)
	at com.kms.katalon.core.main.TestCaseExecutor.runScript(TestCaseExecutor.java:445)
	at com.kms.katalon.core.main.TestCaseExecutor.doExecute(TestCaseExecutor.java:436)
	at com.kms.katalon.core.main.TestCaseExecutor.processExecutionPhase(TestCaseExecutor.java:415)
	at com.kms.katalon.core.main.TestCaseExecutor.accessMainPhase(TestCaseExecutor.java:407)
	at com.kms.katalon.core.main.TestCaseExecutor.execute(TestCaseExecutor.java:284)
	at com.kms.katalon.core.common.CommonExecutor.accessTestCaseMainPhase(CommonExecutor.java:65)
	at com.kms.katalon.core.main.TestSuiteExecutor.accessTestSuiteMainPhase(TestSuiteExecutor.java:144)
	at com.kms.katalon.core.main.TestSuiteExecutor.execute(TestSuiteExecutor.java:106)
	at com.kms.katalon.core.main.TestCaseMain.startTestSuite(TestCaseMain.java:185)
	at com.kms.katalon.core.main.TestCaseMain$startTestSuite$0.call(Unknown Source)
	at TempTestSuite1705923140048.run(TempTestSuite1705923140048.groovy:36)
)
[[ATTACHMENT|C:\\Users\\Fadli\\git\\KatalonDailyGetData2\\Reports\\20240122_174123\\TS1\\20240122_183220\\1705923956718.png]]

2024-01-22 18:45:56 - [TEST_STEP][PASSED] - else: null

2024-01-22 18:45:56 - [TEST_STEP][PASSED] - strSeller2 = getText(findTestObject("Stockbit/Bandarmology_Seller2")): Text of object 'Object Repository/Stockbit/Bandarmology_Seller2' is: 'YB'

2024-01-22 18:45:57 - [MESSAGE][PASSED] - Text of object 'Object Repository/Stockbit/Bandarmology_Seller2' is: 'YB'

2024-01-22 18:45:57 - [TEST_STEP][PASSED] - strSellerVol2 = getText(findTestObject("Stockbit/Bandarmology_SellerVol2")): Text of object 'Object Repository/Stockbit/Bandarmology_SellerVol2' is: '14.3 K'

2024-01-22 18:45:57 - [MESSAGE][PASSED] - Text of object 'Object Repository/Stockbit/Bandarmology_SellerVol2' is: '14.3 K'

2024-01-22 18:45:57 - [TEST_STEP][PASSED] - strSellerAvg2 = getText(findTestObject("Stockbit/Bandarmology_SellerAvg2")): Text of object 'Object Repository/Stockbit/Bandarmology_SellerAvg2' is: '93'

2024-01-22 18:45:57 - [MESSAGE][PASSED] - Text of object 'Object Repository/Stockbit/Bandarmology_SellerAvg2' is: '93'

2024-01-22 18:45:57 - [TEST_STEP][PASSED] - if (strSeller2 != ""): null

2024-01-22 18:45:57 - [TEST_STEP][PASSED] - if (strSellerAvg2.contains(",")): null

2024-01-22 18:45:57 - [TEST_STEP][PASSED] - if (strSellerVol2.contains(" B")): null

2024-01-22 18:45:57 - [TEST_STEP][PASSED] - else if (strSellerVol2.contains(" M")): null

2024-01-22 18:45:57 - [TEST_STEP][PASSED] - else if (strSellerVol2.contains(" K")): null

2024-01-22 18:45:57 - [TEST_STEP][PASSED] - strSellerVol2 = strSellerVol2.replace(" K", ""): null

2024-01-22 18:45:57 - [TEST_STEP][PASSED] - strSellerVol2 = strSellerVol2.toDouble() * 1000: null

2024-01-22 18:45:57 - [TEST_STEP][PASSED] - if (verifyElementNotPresent(findTestObject("Stockbit/Bandarmology_Buyer3"), 1, OPTIONAL)): Web element with id: 'Object Repository/Stockbit/Bandarmology_Buyer3' located by 'By.xpath: //*[contains(@id, 'rc-tabs-')]/div[2]/div/div/div/div/div/div[2]/table/tbody/tr[4]/td[1]/p' is present after '1' second(s) (Root cause: com.kms.katalon.core.exception.StepFailedException: Web element with id: 'Object Repository/Stockbit/Bandarmology_Buyer3' located by 'By.xpath: //*[contains(@id, 'rc-tabs-')]/div[2]/div/div/div/div/div/div[2]/table/tbody/tr[4]/td[1]/p' is present after '1' second(s)
	at com.kms.katalon.core.webui.keyword.internal.WebUIKeywordMain.stepFailed(WebUIKeywordMain.groovy:64)
	at com.kms.katalon.core.webui.keyword.internal.WebUIKeywordMain$stepFailed$0.call(Unknown Source)
	at com.kms.katalon.core.webui.keyword.builtin.VerifyElementNotPresentKeyword$_verifyElementNotPresent_closure1.doCall(VerifyElementNotPresentKeyword.groovy:106)
	at com.kms.katalon.core.webui.keyword.builtin.VerifyElementNotPresentKeyword$_verifyElementNotPresent_closure1.doCall(VerifyElementNotPresentKeyword.groovy)
	at com.kms.katalon.core.webui.keyword.internal.WebUIKeywordMain.runKeyword(WebUIKeywordMain.groovy:20)
	at com.kms.katalon.core.webui.keyword.internal.WebUIKeywordMain$runKeyword.call(Unknown Source)
	at com.kms.katalon.core.webui.keyword.builtin.VerifyElementNotPresentKeyword.verifyElementNotPresent(VerifyElementNotPresentKeyword.groovy:117)
	at com.kms.katalon.core.webui.keyword.builtin.VerifyElementNotPresentKeyword.execute(VerifyElementNotPresentKeyword.groovy:68)
	at com.kms.katalon.core.keyword.internal.KeywordExecutor.executeKeywordForPlatform(KeywordExecutor.groovy:74)
	at com.kms.katalon.core.webui.keyword.WebUiBuiltInKeywords.verifyElementNotPresent(WebUiBuiltInKeywords.groovy:1481)
	at com.kms.katalon.core.webui.keyword.WebUiBuiltInKeywords$verifyElementNotPresent$8.call(Unknown Source)
	at GetBrokSumPriceDaily.run(GetBrokSumPriceDaily:361)
	at com.kms.katalon.core.main.ScriptEngine.run(ScriptEngine.java:194)
	at com.kms.katalon.core.main.ScriptEngine.runScriptAsRawText(ScriptEngine.java:119)
	at com.kms.katalon.core.main.TestCaseExecutor.runScript(TestCaseExecutor.java:445)
	at com.kms.katalon.core.main.TestCaseExecutor.doExecute(TestCaseExecutor.java:436)
	at com.kms.katalon.core.main.TestCaseExecutor.processExecutionPhase(TestCaseExecutor.java:415)
	at com.kms.katalon.core.main.TestCaseExecutor.accessMainPhase(TestCaseExecutor.java:407)
	at com.kms.katalon.core.main.TestCaseExecutor.execute(TestCaseExecutor.java:284)
	at com.kms.katalon.core.common.CommonExecutor.accessTestCaseMainPhase(CommonExecutor.java:65)
	at com.kms.katalon.core.main.TestSuiteExecutor.accessTestSuiteMainPhase(TestSuiteExecutor.java:144)
	at com.kms.katalon.core.main.TestSuiteExecutor.execute(TestSuiteExecutor.java:106)
	at com.kms.katalon.core.main.TestCaseMain.startTestSuite(TestCaseMain.java:185)
	at com.kms.katalon.core.main.TestCaseMain$startTestSuite$0.call(Unknown Source)
	at TempTestSuite1705923140048.run(TempTestSuite1705923140048.groovy:36)
)

2024-01-22 18:45:58 - [MESSAGE][WARNING] - Web element with id: 'Object Repository/Stockbit/Bandarmology_Buyer3' located by 'By.xpath: //*[contains(@id, 'rc-tabs-')]/div[2]/div/div/div/div/div/div[2]/table/tbody/tr[4]/td[1]/p' is present after '1' second(s) (Root cause: com.kms.katalon.core.exception.StepFailedException: Web element with id: 'Object Repository/Stockbit/Bandarmology_Buyer3' located by 'By.xpath: //*[contains(@id, 'rc-tabs-')]/div[2]/div/div/div/div/div/div[2]/table/tbody/tr[4]/td[1]/p' is present after '1' second(s)
	at com.kms.katalon.core.webui.keyword.internal.WebUIKeywordMain.stepFailed(WebUIKeywordMain.groovy:64)
	at com.kms.katalon.core.webui.keyword.internal.WebUIKeywordMain$stepFailed$0.call(Unknown Source)
	at com.kms.katalon.core.webui.keyword.builtin.VerifyElementNotPresentKeyword$_verifyElementNotPresent_closure1.doCall(VerifyElementNotPresentKeyword.groovy:106)
	at com.kms.katalon.core.webui.keyword.builtin.VerifyElementNotPresentKeyword$_verifyElementNotPresent_closure1.doCall(VerifyElementNotPresentKeyword.groovy)
	at com.kms.katalon.core.webui.keyword.internal.WebUIKeywordMain.runKeyword(WebUIKeywordMain.groovy:20)
	at com.kms.katalon.core.webui.keyword.internal.WebUIKeywordMain$runKeyword.call(Unknown Source)
	at com.kms.katalon.core.webui.keyword.builtin.VerifyElementNotPresentKeyword.verifyElementNotPresent(VerifyElementNotPresentKeyword.groovy:117)
	at com.kms.katalon.core.webui.keyword.builtin.VerifyElementNotPresentKeyword.execute(VerifyElementNotPresentKeyword.groovy:68)
	at com.kms.katalon.core.keyword.internal.KeywordExecutor.executeKeywordForPlatform(KeywordExecutor.groovy:74)
	at com.kms.katalon.core.webui.keyword.WebUiBuiltInKeywords.verifyElementNotPresent(WebUiBuiltInKeywords.groovy:1481)
	at com.kms.katalon.core.webui.keyword.WebUiBuiltInKeywords$verifyElementNotPresent$8.call(Unknown Source)
	at GetBrokSumPriceDaily.run(GetBrokSumPriceDaily:361)
	at com.kms.katalon.core.main.ScriptEngine.run(ScriptEngine.java:194)
	at com.kms.katalon.core.main.ScriptEngine.runScriptAsRawText(ScriptEngine.java:119)
	at com.kms.katalon.core.main.TestCaseExecutor.runScript(TestCaseExecutor.java:445)
	at com.kms.katalon.core.main.TestCaseExecutor.doExecute(TestCaseExecutor.java:436)
	at com.kms.katalon.core.main.TestCaseExecutor.processExecutionPhase(TestCaseExecutor.java:415)
	at com.kms.katalon.core.main.TestCaseExecutor.accessMainPhase(TestCaseExecutor.java:407)
	at com.kms.katalon.core.main.TestCaseExecutor.execute(TestCaseExecutor.java:284)
	at com.kms.katalon.core.common.CommonExecutor.accessTestCaseMainPhase(CommonExecutor.java:65)
	at com.kms.katalon.core.main.TestSuiteExecutor.accessTestSuiteMainPhase(TestSuiteExecutor.java:144)
	at com.kms.katalon.core.main.TestSuiteExecutor.execute(TestSuiteExecutor.java:106)
	at com.kms.katalon.core.main.TestCaseMain.startTestSuite(TestCaseMain.java:185)
	at com.kms.katalon.core.main.TestCaseMain$startTestSuite$0.call(Unknown Source)
	at TempTestSuite1705923140048.run(TempTestSuite1705923140048.groovy:36)
)
[[ATTACHMENT|C:\\Users\\Fadli\\git\\KatalonDailyGetData2\\Reports\\20240122_174123\\TS1\\20240122_183220\\1705923958600.png]]

2024-01-22 18:45:58 - [TEST_STEP][PASSED] - else: null

2024-01-22 18:45:58 - [TEST_STEP][PASSED] - strBuyer3 = getText(findTestObject("Stockbit/Bandarmology_Buyer3")): Text of object 'Object Repository/Stockbit/Bandarmology_Buyer3' is: 'NI'

2024-01-22 18:45:58 - [MESSAGE][PASSED] - Text of object 'Object Repository/Stockbit/Bandarmology_Buyer3' is: 'NI'

2024-01-22 18:45:58 - [TEST_STEP][PASSED] - strBuyerVol3 = getText(findTestObject("Stockbit/Bandarmology_BuyerVol3")): Text of object 'Object Repository/Stockbit/Bandarmology_BuyerVol3' is: '5.5 K'

2024-01-22 18:45:59 - [MESSAGE][PASSED] - Text of object 'Object Repository/Stockbit/Bandarmology_BuyerVol3' is: '5.5 K'

2024-01-22 18:45:59 - [TEST_STEP][PASSED] - strBuyerAvg3 = getText(findTestObject("Stockbit/Bandarmology_BuyerAvg3")): Text of object 'Object Repository/Stockbit/Bandarmology_BuyerAvg3' is: '93'

2024-01-22 18:45:59 - [MESSAGE][PASSED] - Text of object 'Object Repository/Stockbit/Bandarmology_BuyerAvg3' is: '93'

2024-01-22 18:45:59 - [TEST_STEP][PASSED] - if (strBuyer3 != ""): null

2024-01-22 18:45:59 - [TEST_STEP][PASSED] - if (strBuyerAvg3.contains(",")): null

2024-01-22 18:45:59 - [TEST_STEP][PASSED] - if (strBuyerVol3.contains(" B")): null

2024-01-22 18:45:59 - [TEST_STEP][PASSED] - else if (strBuyerVol3.contains(" M")): null

2024-01-22 18:45:59 - [TEST_STEP][PASSED] - else if (strBuyerVol3.contains(" K")): null

2024-01-22 18:45:59 - [TEST_STEP][PASSED] - strBuyerVol3 = strBuyerVol3.replace(" K", ""): null

2024-01-22 18:45:59 - [TEST_STEP][PASSED] - strBuyerVol3 = strBuyerVol3.toDouble() * 1000: null

2024-01-22 18:45:59 - [TEST_STEP][PASSED] - if (verifyElementNotPresent(findTestObject("Stockbit/Bandarmology_Seller3"), 1, OPTIONAL)): Web element with id: 'Object Repository/Stockbit/Bandarmology_Seller3' located by 'By.xpath: //*[contains(@id, 'rc-tabs-')]/div[2]/div/div/div/div/div/div[2]/table/tbody/tr[4]/td[5]/p' is present after '1' second(s) (Root cause: com.kms.katalon.core.exception.StepFailedException: Web element with id: 'Object Repository/Stockbit/Bandarmology_Seller3' located by 'By.xpath: //*[contains(@id, 'rc-tabs-')]/div[2]/div/div/div/div/div/div[2]/table/tbody/tr[4]/td[5]/p' is present after '1' second(s)
	at com.kms.katalon.core.webui.keyword.internal.WebUIKeywordMain.stepFailed(WebUIKeywordMain.groovy:64)
	at com.kms.katalon.core.webui.keyword.internal.WebUIKeywordMain$stepFailed$0.call(Unknown Source)
	at com.kms.katalon.core.webui.keyword.builtin.VerifyElementNotPresentKeyword$_verifyElementNotPresent_closure1.doCall(VerifyElementNotPresentKeyword.groovy:106)
	at com.kms.katalon.core.webui.keyword.builtin.VerifyElementNotPresentKeyword$_verifyElementNotPresent_closure1.doCall(VerifyElementNotPresentKeyword.groovy)
	at com.kms.katalon.core.webui.keyword.internal.WebUIKeywordMain.runKeyword(WebUIKeywordMain.groovy:20)
	at com.kms.katalon.core.webui.keyword.internal.WebUIKeywordMain$runKeyword.call(Unknown Source)
	at com.kms.katalon.core.webui.keyword.builtin.VerifyElementNotPresentKeyword.verifyElementNotPresent(VerifyElementNotPresentKeyword.groovy:117)
	at com.kms.katalon.core.webui.keyword.builtin.VerifyElementNotPresentKeyword.execute(VerifyElementNotPresentKeyword.groovy:68)
	at com.kms.katalon.core.keyword.internal.KeywordExecutor.executeKeywordForPlatform(KeywordExecutor.groovy:74)
	at com.kms.katalon.core.webui.keyword.WebUiBuiltInKeywords.verifyElementNotPresent(WebUiBuiltInKeywords.groovy:1481)
	at com.kms.katalon.core.webui.keyword.WebUiBuiltInKeywords$verifyElementNotPresent$8.call(Unknown Source)
	at GetBrokSumPriceDaily.run(GetBrokSumPriceDaily:414)
	at com.kms.katalon.core.main.ScriptEngine.run(ScriptEngine.java:194)
	at com.kms.katalon.core.main.ScriptEngine.runScriptAsRawText(ScriptEngine.java:119)
	at com.kms.katalon.core.main.TestCaseExecutor.runScript(TestCaseExecutor.java:445)
	at com.kms.katalon.core.main.TestCaseExecutor.doExecute(TestCaseExecutor.java:436)
	at com.kms.katalon.core.main.TestCaseExecutor.processExecutionPhase(TestCaseExecutor.java:415)
	at com.kms.katalon.core.main.TestCaseExecutor.accessMainPhase(TestCaseExecutor.java:407)
	at com.kms.katalon.core.main.TestCaseExecutor.execute(TestCaseExecutor.java:284)
	at com.kms.katalon.core.common.CommonExecutor.accessTestCaseMainPhase(CommonExecutor.java:65)
	at com.kms.katalon.core.main.TestSuiteExecutor.accessTestSuiteMainPhase(TestSuiteExecutor.java:144)
	at com.kms.katalon.core.main.TestSuiteExecutor.execute(TestSuiteExecutor.java:106)
	at com.kms.katalon.core.main.TestCaseMain.startTestSuite(TestCaseMain.java:185)
	at com.kms.katalon.core.main.TestCaseMain$startTestSuite$0.call(Unknown Source)
	at TempTestSuite1705923140048.run(TempTestSuite1705923140048.groovy:36)
)

2024-01-22 18:46:00 - [MESSAGE][WARNING] - Web element with id: 'Object Repository/Stockbit/Bandarmology_Seller3' located by 'By.xpath: //*[contains(@id, 'rc-tabs-')]/div[2]/div/div/div/div/div/div[2]/table/tbody/tr[4]/td[5]/p' is present after '1' second(s) (Root cause: com.kms.katalon.core.exception.StepFailedException: Web element with id: 'Object Repository/Stockbit/Bandarmology_Seller3' located by 'By.xpath: //*[contains(@id, 'rc-tabs-')]/div[2]/div/div/div/div/div/div[2]/table/tbody/tr[4]/td[5]/p' is present after '1' second(s)
	at com.kms.katalon.core.webui.keyword.internal.WebUIKeywordMain.stepFailed(WebUIKeywordMain.groovy:64)
	at com.kms.katalon.core.webui.keyword.internal.WebUIKeywordMain$stepFailed$0.call(Unknown Source)
	at com.kms.katalon.core.webui.keyword.builtin.VerifyElementNotPresentKeyword$_verifyElementNotPresent_closure1.doCall(VerifyElementNotPresentKeyword.groovy:106)
	at com.kms.katalon.core.webui.keyword.builtin.VerifyElementNotPresentKeyword$_verifyElementNotPresent_closure1.doCall(VerifyElementNotPresentKeyword.groovy)
	at com.kms.katalon.core.webui.keyword.internal.WebUIKeywordMain.runKeyword(WebUIKeywordMain.groovy:20)
	at com.kms.katalon.core.webui.keyword.internal.WebUIKeywordMain$runKeyword.call(Unknown Source)
	at com.kms.katalon.core.webui.keyword.builtin.VerifyElementNotPresentKeyword.verifyElementNotPresent(VerifyElementNotPresentKeyword.groovy:117)
	at com.kms.katalon.core.webui.keyword.builtin.VerifyElementNotPresentKeyword.execute(VerifyElementNotPresentKeyword.groovy:68)
	at com.kms.katalon.core.keyword.internal.KeywordExecutor.executeKeywordForPlatform(KeywordExecutor.groovy:74)
	at com.kms.katalon.core.webui.keyword.WebUiBuiltInKeywords.verifyElementNotPresent(WebUiBuiltInKeywords.groovy:1481)
	at com.kms.katalon.core.webui.keyword.WebUiBuiltInKeywords$verifyElementNotPresent$8.call(Unknown Source)
	at GetBrokSumPriceDaily.run(GetBrokSumPriceDaily:414)
	at com.kms.katalon.core.main.ScriptEngine.run(ScriptEngine.java:194)
	at com.kms.katalon.core.main.ScriptEngine.runScriptAsRawText(ScriptEngine.java:119)
	at com.kms.katalon.core.main.TestCaseExecutor.runScript(TestCaseExecutor.java:445)
	at com.kms.katalon.core.main.TestCaseExecutor.doExecute(TestCaseExecutor.java:436)
	at com.kms.katalon.core.main.TestCaseExecutor.processExecutionPhase(TestCaseExecutor.java:415)
	at com.kms.katalon.core.main.TestCaseExecutor.accessMainPhase(TestCaseExecutor.java:407)
	at com.kms.katalon.core.main.TestCaseExecutor.execute(TestCaseExecutor.java:284)
	at com.kms.katalon.core.common.CommonExecutor.accessTestCaseMainPhase(CommonExecutor.java:65)
	at com.kms.katalon.core.main.TestSuiteExecutor.accessTestSuiteMainPhase(TestSuiteExecutor.java:144)
	at com.kms.katalon.core.main.TestSuiteExecutor.execute(TestSuiteExecutor.java:106)
	at com.kms.katalon.core.main.TestCaseMain.startTestSuite(TestCaseMain.java:185)
	at com.kms.katalon.core.main.TestCaseMain$startTestSuite$0.call(Unknown Source)
	at TempTestSuite1705923140048.run(TempTestSuite1705923140048.groovy:36)
)
[[ATTACHMENT|C:\\Users\\Fadli\\git\\KatalonDailyGetData2\\Reports\\20240122_174123\\TS1\\20240122_183220\\1705923960448.png]]

2024-01-22 18:46:00 - [TEST_STEP][PASSED] - else: null

2024-01-22 18:46:00 - [TEST_STEP][PASSED] - strSeller3 = getText(findTestObject("Stockbit/Bandarmology_Seller3")): Text of object 'Object Repository/Stockbit/Bandarmology_Seller3' is: 'CP'

2024-01-22 18:46:00 - [MESSAGE][PASSED] - Text of object 'Object Repository/Stockbit/Bandarmology_Seller3' is: 'CP'

2024-01-22 18:46:00 - [TEST_STEP][PASSED] - strSellerVol3 = getText(findTestObject("Stockbit/Bandarmology_SellerVol3")): Text of object 'Object Repository/Stockbit/Bandarmology_SellerVol3' is: '3.6 K'

2024-01-22 18:46:01 - [MESSAGE][PASSED] - Text of object 'Object Repository/Stockbit/Bandarmology_SellerVol3' is: '3.6 K'

2024-01-22 18:46:01 - [TEST_STEP][PASSED] - strSellerAvg3 = getText(findTestObject("Stockbit/Bandarmology_SellerAvg3")): Text of object 'Object Repository/Stockbit/Bandarmology_SellerAvg3' is: '93'

2024-01-22 18:46:01 - [MESSAGE][PASSED] - Text of object 'Object Repository/Stockbit/Bandarmology_SellerAvg3' is: '93'

2024-01-22 18:46:01 - [TEST_STEP][PASSED] - if (strSeller3 != ""): null

2024-01-22 18:46:01 - [TEST_STEP][PASSED] - if (strSellerAvg3.contains(",")): null

2024-01-22 18:46:01 - [TEST_STEP][PASSED] - if (strSellerVol3.contains(" B")): null

2024-01-22 18:46:01 - [TEST_STEP][PASSED] - else if (strSellerVol3.contains(" M")): null

2024-01-22 18:46:01 - [TEST_STEP][PASSED] - else if (strSellerVol3.contains(" K")): null

2024-01-22 18:46:01 - [TEST_STEP][PASSED] - strSellerVol3 = strSellerVol3.replace(" K", ""): null

2024-01-22 18:46:01 - [TEST_STEP][PASSED] - strSellerVol3 = strSellerVol3.toDouble() * 1000: null

2024-01-22 18:46:01 - [TEST_STEP][PASSED] - strAccDist = getText(findTestObject("Stockbit/Bandarmology_AccDist")): Text of object 'Object Repository/Stockbit/Bandarmology_AccDist' is: 'Dist'

2024-01-22 18:46:01 - [MESSAGE][PASSED] - Text of object 'Object Repository/Stockbit/Bandarmology_AccDist' is: 'Dist'

2024-01-22 18:46:01 - [TEST_STEP][PASSED] - strNetVol = getText(findTestObject("Stockbit/Bandarmology_NetVol")): Text of object 'Object Repository/Stockbit/Bandarmology_NetVol' is: '45,576'

2024-01-22 18:46:01 - [MESSAGE][PASSED] - Text of object 'Object Repository/Stockbit/Bandarmology_NetVol' is: '45,576'

2024-01-22 18:46:01 - [TEST_STEP][PASSED] - strNetVol = strNetVol.replace(",", ""): null

2024-01-22 18:46:01 - [TEST_STEP][PASSED] - strNetVal = getText(findTestObject("Stockbit/Bandarmology_NetVal")): Text of object 'Object Repository/Stockbit/Bandarmology_NetVal' is: '0.4 B'

2024-01-22 18:46:01 - [MESSAGE][PASSED] - Text of object 'Object Repository/Stockbit/Bandarmology_NetVal' is: '0.4 B'

2024-01-22 18:46:01 - [TEST_STEP][PASSED] - delay(3): Delayed 3 second(s)

2024-01-22 18:46:04 - [MESSAGE][PASSED] - Delayed 3 second(s)

2024-01-22 18:46:04 - [TEST_STEP][PASSED] - strOpenPrice = getText(findTestObject("Stockbit/Home_OpenPrice")): Text of object 'Object Repository/Stockbit/Home_OpenPrice' is: '89'

2024-01-22 18:46:04 - [MESSAGE][PASSED] - Text of object 'Object Repository/Stockbit/Home_OpenPrice' is: '89'

2024-01-22 18:46:04 - [TEST_STEP][PASSED] - strOpenPrice = strOpenPrice.replace(",", ""): null

2024-01-22 18:46:04 - [TEST_STEP][PASSED] - strLowPrice = getText(findTestObject("Stockbit/Home_LowPrice")): Text of object 'Object Repository/Stockbit/Home_LowPrice' is: '88'

2024-01-22 18:46:04 - [MESSAGE][PASSED] - Text of object 'Object Repository/Stockbit/Home_LowPrice' is: '88'

2024-01-22 18:46:04 - [TEST_STEP][PASSED] - strLowPrice = strLowPrice.replace(",", ""): null

2024-01-22 18:46:04 - [TEST_STEP][PASSED] - strHighPrice = getText(findTestObject("Stockbit/Home_HighPrice")): Text of object 'Object Repository/Stockbit/Home_HighPrice' is: '98'

2024-01-22 18:46:05 - [MESSAGE][PASSED] - Text of object 'Object Repository/Stockbit/Home_HighPrice' is: '98'

2024-01-22 18:46:05 - [TEST_STEP][PASSED] - strHighPrice = strHighPrice.replace(",", ""): null

2024-01-22 18:46:05 - [TEST_STEP][PASSED] - strClosePrice = getText(findTestObject("Stockbit/Home_ClosePrice")): Text of object 'Object Repository/Stockbit/Home_ClosePrice' is: '89'

2024-01-22 18:46:05 - [MESSAGE][PASSED] - Text of object 'Object Repository/Stockbit/Home_ClosePrice' is: '89'

2024-01-22 18:46:05 - [TEST_STEP][PASSED] - strClosePrice = strClosePrice.replace(",", ""): null

2024-01-22 18:46:05 - [TEST_STEP][PASSED] - strVol = getText(findTestObject("Stockbit/Home_Volume")): Text of object 'Object Repository/Stockbit/Home_Volume' is: '177 K'

2024-01-22 18:46:05 - [MESSAGE][PASSED] - Text of object 'Object Repository/Stockbit/Home_Volume' is: '177 K'

2024-01-22 18:46:05 - [TEST_STEP][PASSED] - if (strVol.contains(" K")): null

2024-01-22 18:46:05 - [TEST_STEP][PASSED] - strVol = strVol.replace(" K", "000"): null

2024-01-22 18:46:05 - [TEST_STEP][PASSED] - if (strVol.contains(",")): null

2024-01-22 18:46:05 - [TEST_STEP][PASSED] - strChange = getText(findTestObject("Stockbit/Home_Change")): Text of object 'Object Repository/Stockbit/Home_Change' is: '0.00%'

2024-01-22 18:46:05 - [MESSAGE][PASSED] - Text of object 'Object Repository/Stockbit/Home_Change' is: '0.00%'

2024-01-22 18:46:05 - [TEST_STEP][PASSED] - strChange = strChange.replace("%", ""): null

2024-01-22 18:46:05 - [TEST_STEP][PASSED] - strFreq = getText(findTestObject("Stockbit/Home_Freq")): Text of object 'Object Repository/Stockbit/Home_Freq' is: '1,829'

2024-01-22 18:46:05 - [MESSAGE][PASSED] - Text of object 'Object Repository/Stockbit/Home_Freq' is: '1,829'

2024-01-22 18:46:05 - [TEST_STEP][PASSED] - if (strFreq.contains(",")): null

2024-01-22 18:46:05 - [TEST_STEP][PASSED] - strFreq = strFreq.replace(",", ""): null

2024-01-22 18:46:05 - [TEST_STEP][PASSED] - if (strFreq == "NA" || strFreq == ""): null

2024-01-22 18:46:05 - [TEST_STEP][PASSED] - else: null

2024-01-22 18:46:05 - [TEST_STEP][PASSED] - dblFreqAnal = strVol.toDouble() / strFreq.toDouble() * strFreq.toDouble() * strFreq.toDouble() * 100000000: null

2024-01-22 18:46:05 - [TEST_STEP][PASSED] - strFreqAnal = String.format("%.4f", dblFreqAnal): null

2024-01-22 18:46:05 - [TEST_STEP][PASSED] - out.println("Double strFreqAnal: " + strFreqAnal): null

2024-01-22 18:46:05 - [TEST_STEP][PASSED] - strTanggal = d.format(DateTimeFormatter.ofPattern("yyyy-MM-dd")): null

2024-01-22 18:46:05 - [TEST_STEP][PASSED] - strTanggal = "#" + strTanggal + "#": null

2024-01-22 18:46:05 - [TEST_STEP][PASSED] - strSQL = "select count(*) as JumBaris from TblBrokSum where Nama = '" + strNama + "' and Tanggal = " + strTanggal + "": null

2024-01-22 18:46:05 - [TEST_STEP][PASSED] - resultSet = statement.executeQuery(strSQL): null

2024-01-22 18:46:05 - [TEST_STEP][PASSED] - resultSet.next(): null

2024-01-22 18:46:05 - [TEST_STEP][PASSED] - intJumBaris = resultSet.getInt("JumBaris"): null

2024-01-22 18:46:05 - [TEST_STEP][PASSED] - if (intJumBaris > 0): null

2024-01-22 18:46:05 - [TEST_STEP][PASSED] - else: null

2024-01-22 18:46:05 - [TEST_STEP][PASSED] - try: null

2024-01-22 18:46:05 - [TEST_STEP][PASSED] - out.println("Insert data"): null

2024-01-22 18:46:05 - [TEST_STEP][PASSED] - strSQL = "insert into TblBrokSum (nama, tanggal, top1, top2, top3, AllBrokAvg, AccDist, AvgRP, " + "Buyer1, BuyerVal1, BuyerAvg1, Seller1, SellerVal1, SellerAvg1, Buyer2, BuyerVal2, BuyerAvg2, " + "Seller2, SellerVal2, SellerAvg2, Buyer3, BuyerVal3, BuyerAvg3, Seller3, SellerVal3, SellerAvg3, NetVol, NetVal, " + "OpenPrice, LowPrice, HighPrice, ClosePrice, Volume, Change, Frekuensi, FrekAnal) " + "values ('" + strNama + "', " + strTanggal + ", '" + strTop1 + "', '" + strTop3 + "', '" + strTop5 + "', " + "'" + strAllBrokAvg + "', '" + strAccDist + "', " + intAvgRP + ", '" + strBuyer1 + "', '" + strBuyerVol1 + "', " + strBuyerAvg1 + ", " + "'" + strSeller1 + "', '" + strSellerVol1 + "', " + strSellerAvg1 + ", '" + strBuyer2 + "', '" + strBuyerVol2 + "', " + strBuyerAvg2 + ", " + "'" + strSeller2 + "', '" + strSellerVol2 + "', " + strSellerAvg2 + ", '" + strBuyer3 + "', '" + strBuyerVol3 + "', " + strBuyerAvg3 + ", " + "'" + strSeller3 + "', '" + strSellerVol3 + "', " + strSellerAvg3 + ", " + strNetVol + ", '" + strNetVal + "', " + "" + strOpenPrice + ", " + strLowPrice + ", " + strHighPrice + ", " + strClosePrice + ", '" + strVol + "', " + strChange + ", " + strFreq + ", " + strFreqAnal + ");": null

2024-01-22 18:46:05 - [TEST_STEP][PASSED] - out.println("strSQL = " + strSQL): null

2024-01-22 18:46:05 - [TEST_STEP][PASSED] - statement.executeUpdate(strSQL): null

2024-01-22 18:46:05 - [TEST_STEP][PASSED] - setValueToCellByIndex(sheet01, rowIndex, 4, "DONE"): null

2024-01-22 18:46:05 - [TEST_STEP][PASSED] - saveWorkbook(excelFilePath, workbook01): null

2024-01-22 18:46:05 - [TEST_STEP][PASSED] - waitForElementClickable(findTestObject("Stockbit/menu_Bandarmology"), 10): Object 'Object Repository/Stockbit/menu_Bandarmology' is clickable

2024-01-22 18:46:05 - [MESSAGE][PASSED] - Object 'Object Repository/Stockbit/menu_Bandarmology' is clickable

2024-01-22 18:46:05 - [TEST_STEP][PASSED] - click(findTestObject("Stockbit/menu_Bandarmology")): Object: 'Object Repository/Stockbit/menu_Bandarmology' is clicked on

2024-01-22 18:46:06 - [MESSAGE][PASSED] - Object: 'Object Repository/Stockbit/menu_Bandarmology' is clicked on

2024-01-22 18:46:06 - [TEST_STEP][PASSED] - strTemp = "NA": null

2024-01-22 18:46:06 - [TEST_STEP][PASSED] - if (getCellValueByIndex(sheet01, rowIndex, 4) != "DONE"): Object: 'Object Repository/Stockbit/menu_Bandarmology' is clicked on

2024-01-22 18:46:06 - [TEST_STEP][PASSED] - strNama = getCellValueByIndex(sheet01, rowIndex, 0): null

2024-01-22 18:46:06 - [TEST_STEP][PASSED] - navigateToUrl("https://stockbit.com/#/symbol/" + strNama): Navigate to 'https://stockbit.com/#/symbol/ZATA' successfully

2024-01-22 18:46:07 - [MESSAGE][PASSED] - Navigate to 'https://stockbit.com/#/symbol/ZATA' successfully

2024-01-22 18:46:07 - [TEST_STEP][PASSED] - waitForElementClickable(findTestObject("Stockbit/menu_Bandarmology"), 10): Object 'Object Repository/Stockbit/menu_Bandarmology' is clickable

2024-01-22 18:46:08 - [MESSAGE][PASSED] - Object 'Object Repository/Stockbit/menu_Bandarmology' is clickable

2024-01-22 18:46:08 - [TEST_STEP][PASSED] - click(findTestObject("Stockbit/menu_Bandarmology")): Object: 'Object Repository/Stockbit/menu_Bandarmology' is clicked on

2024-01-22 18:46:08 - [MESSAGE][PASSED] - Object: 'Object Repository/Stockbit/menu_Bandarmology' is clicked on

2024-01-22 18:46:08 - [TEST_STEP][PASSED] - strTanggal = d.format(DateTimeFormatter.ofPattern("MMM dd, yyyy")): null

2024-01-22 18:46:08 - [TEST_STEP][PASSED] - strTanggal = d.format(ISO_DATE): null

2024-01-22 18:46:08 - [TEST_STEP][PASSED] - out.println("strTanggal = " + strTanggal): null

2024-01-22 18:46:08 - [TEST_STEP][PASSED] - out.println("strNama = " + strNama): null

2024-01-22 18:46:08 - [TEST_STEP][PASSED] - out.println("Baris ke = " + rowIndex): null

2024-01-22 18:46:08 - [TEST_STEP][PASSED] - click(findTestObject("Stockbit/input__BandarmologyOpenStartDate")): Object: 'Object Repository/Stockbit/input__BandarmologyOpenStartDate' is clicked on

2024-01-22 18:46:10 - [MESSAGE][PASSED] - Object: 'Object Repository/Stockbit/input__BandarmologyOpenStartDate' is clicked on

2024-01-22 18:46:10 - [TEST_STEP][PASSED] - sendKeys(findTestObject("Stockbit/input__BandarmologyOpenStartDate"), Keys.chord(CONTROL, "a")): Keys 'CONTROL + a' sent to object: 'Object Repository/Stockbit/input__BandarmologyOpenStartDate'

2024-01-22 18:46:10 - [MESSAGE][PASSED] - Keys 'CONTROL + a' sent to object: 'Object Repository/Stockbit/input__BandarmologyOpenStartDate'

2024-01-22 18:46:10 - [TEST_STEP][PASSED] - sendKeys(findTestObject("Stockbit/input__BandarmologyOpenStartDate"), Keys.chord(BACK_SPACE)): Keys 'BACK_SPACE + ' sent to object: 'Object Repository/Stockbit/input__BandarmologyOpenStartDate'

2024-01-22 18:46:10 - [MESSAGE][PASSED] - Keys 'BACK_SPACE + ' sent to object: 'Object Repository/Stockbit/input__BandarmologyOpenStartDate'

2024-01-22 18:46:10 - [TEST_STEP][PASSED] - setText(findTestObject("Stockbit/input__BandarmologyOpenStartDate"), strTanggal): Text '2024-01-22' is set on object 'Object Repository/Stockbit/input__BandarmologyOpenStartDate'

2024-01-22 18:46:11 - [MESSAGE][PASSED] - Text '2024-01-22' is set on object 'Object Repository/Stockbit/input__BandarmologyOpenStartDate'

2024-01-22 18:46:11 - [TEST_STEP][PASSED] - sendKeys(findTestObject("Stockbit/input__BandarmologyOpenStartDate"), Keys.chord(ENTER)): Keys 'ENTER + ' sent to object: 'Object Repository/Stockbit/input__BandarmologyOpenStartDate'

2024-01-22 18:46:11 - [MESSAGE][PASSED] - Keys 'ENTER + ' sent to object: 'Object Repository/Stockbit/input__BandarmologyOpenStartDate'

2024-01-22 18:46:11 - [TEST_STEP][PASSED] - click(findTestObject("Stockbit/input__BandarmologyOpenEndDate")): Object: 'Object Repository/Stockbit/input__BandarmologyOpenEndDate' is clicked on

2024-01-22 18:46:12 - [MESSAGE][PASSED] - Object: 'Object Repository/Stockbit/input__BandarmologyOpenEndDate' is clicked on

2024-01-22 18:46:12 - [TEST_STEP][PASSED] - sendKeys(findTestObject("Stockbit/input__BandarmologyOpenEndDate"), Keys.chord(CONTROL, "a")): Keys 'CONTROL + a' sent to object: 'Object Repository/Stockbit/input__BandarmologyOpenEndDate'

2024-01-22 18:46:12 - [MESSAGE][PASSED] - Keys 'CONTROL + a' sent to object: 'Object Repository/Stockbit/input__BandarmologyOpenEndDate'

2024-01-22 18:46:12 - [TEST_STEP][PASSED] - sendKeys(findTestObject("Stockbit/input__BandarmologyOpenEndDate"), Keys.chord(BACK_SPACE)): Keys 'BACK_SPACE + ' sent to object: 'Object Repository/Stockbit/input__BandarmologyOpenEndDate'

2024-01-22 18:46:13 - [MESSAGE][PASSED] - Keys 'BACK_SPACE + ' sent to object: 'Object Repository/Stockbit/input__BandarmologyOpenEndDate'

2024-01-22 18:46:13 - [TEST_STEP][PASSED] - setText(findTestObject("Stockbit/input__BandarmologyOpenEndDate"), strTanggal): Text '2024-01-22' is set on object 'Object Repository/Stockbit/input__BandarmologyOpenEndDate'

2024-01-22 18:46:13 - [MESSAGE][PASSED] - Text '2024-01-22' is set on object 'Object Repository/Stockbit/input__BandarmologyOpenEndDate'

2024-01-22 18:46:13 - [TEST_STEP][PASSED] - sendKeys(findTestObject("Stockbit/input__BandarmologyOpenEndDate"), Keys.chord(ENTER)): Keys 'ENTER + ' sent to object: 'Object Repository/Stockbit/input__BandarmologyOpenEndDate'

2024-01-22 18:46:14 - [MESSAGE][PASSED] - Keys 'ENTER + ' sent to object: 'Object Repository/Stockbit/input__BandarmologyOpenEndDate'

2024-01-22 18:46:14 - [TEST_STEP][PASSED] - delay(2): Delayed 2 second(s)

2024-01-22 18:46:16 - [MESSAGE][PASSED] - Delayed 2 second(s)

2024-01-22 18:46:16 - [TEST_STEP][PASSED] - strTemp = getText(findTestObject("Stockbit/Bandarmology_AvgRP")): Text of object 'Object Repository/Stockbit/Bandarmology_AvgRP' is: '50'

2024-01-22 18:46:16 - [MESSAGE][PASSED] - Text of object 'Object Repository/Stockbit/Bandarmology_AvgRP' is: '50'

2024-01-22 18:46:16 - [TEST_STEP][PASSED] - out.println("Bandarmology_AvgRP = " + strTemp): null

2024-01-22 18:46:16 - [TEST_STEP][PASSED] - if (strTemp != "0"): null

2024-01-22 18:46:16 - [TEST_STEP][PASSED] - strTop1 = getText(findTestObject("Stockbit/Bandarmology_Top1")): Text of object 'Object Repository/Stockbit/Bandarmology_Top1' is: 'Normal Dist'

2024-01-22 18:46:16 - [MESSAGE][PASSED] - Text of object 'Object Repository/Stockbit/Bandarmology_Top1' is: 'Normal Dist'

2024-01-22 18:46:16 - [TEST_STEP][PASSED] - strTop3 = getText(findTestObject("Stockbit/Bandarmology_Top3")): Text of object 'Object Repository/Stockbit/Bandarmology_Top3' is: 'Neutral'

2024-01-22 18:46:16 - [MESSAGE][PASSED] - Text of object 'Object Repository/Stockbit/Bandarmology_Top3' is: 'Neutral'

2024-01-22 18:46:16 - [TEST_STEP][PASSED] - strTop5 = getText(findTestObject("Stockbit/Bandarmology_Top5")): Text of object 'Object Repository/Stockbit/Bandarmology_Top5' is: 'Neutral'

2024-01-22 18:46:16 - [MESSAGE][PASSED] - Text of object 'Object Repository/Stockbit/Bandarmology_Top5' is: 'Neutral'

2024-01-22 18:46:16 - [TEST_STEP][PASSED] - strAllBrokAvg = getText(findTestObject("Stockbit/Bandarmology_TopAVG")): Text of object 'Object Repository/Stockbit/Bandarmology_TopAVG' is: 'Neutral'

2024-01-22 18:46:16 - [MESSAGE][PASSED] - Text of object 'Object Repository/Stockbit/Bandarmology_TopAVG' is: 'Neutral'

2024-01-22 18:46:16 - [TEST_STEP][PASSED] - strTemp = getText(findTestObject("Stockbit/Bandarmology_AvgRP")): Text of object 'Object Repository/Stockbit/Bandarmology_AvgRP' is: '50'

2024-01-22 18:46:16 - [MESSAGE][PASSED] - Text of object 'Object Repository/Stockbit/Bandarmology_AvgRP' is: '50'

2024-01-22 18:46:16 - [TEST_STEP][PASSED] - if (strTemp.contains(",")): null

2024-01-22 18:46:16 - [TEST_STEP][PASSED] - intAvgRP = strTemp.toInteger(): null

2024-01-22 18:46:16 - [TEST_STEP][PASSED] - strBuyer1 = getText(findTestObject("Stockbit/Bandarmology_Buyer1")): Text of object 'Object Repository/Stockbit/Bandarmology_Buyer1' is: 'CC'

2024-01-22 18:46:17 - [MESSAGE][PASSED] - Text of object 'Object Repository/Stockbit/Bandarmology_Buyer1' is: 'CC'

2024-01-22 18:46:17 - [TEST_STEP][PASSED] - strBuyerVol1 = getText(findTestObject("Stockbit/Bandarmology_BuyerVol1")): Text of object 'Object Repository/Stockbit/Bandarmology_BuyerVol1' is: '569'

2024-01-22 18:46:17 - [MESSAGE][PASSED] - Text of object 'Object Repository/Stockbit/Bandarmology_BuyerVol1' is: '569'

2024-01-22 18:46:17 - [TEST_STEP][PASSED] - strBuyerAvg1 = getText(findTestObject("Stockbit/Bandarmology_BuyerAvg1")): Text of object 'Object Repository/Stockbit/Bandarmology_BuyerAvg1' is: '50'

2024-01-22 18:46:17 - [MESSAGE][PASSED] - Text of object 'Object Repository/Stockbit/Bandarmology_BuyerAvg1' is: '50'

2024-01-22 18:46:17 - [TEST_STEP][PASSED] - if (strBuyerAvg1.contains(",")): null

2024-01-22 18:46:17 - [TEST_STEP][PASSED] - if (strBuyerVol1.contains(" B")): null

2024-01-22 18:46:17 - [TEST_STEP][PASSED] - strSeller1 = getText(findTestObject("Stockbit/Bandarmology_Seller1")): Text of object 'Object Repository/Stockbit/Bandarmology_Seller1' is: 'MG'

2024-01-22 18:46:17 - [MESSAGE][PASSED] - Text of object 'Object Repository/Stockbit/Bandarmology_Seller1' is: 'MG'

2024-01-22 18:46:17 - [TEST_STEP][PASSED] - strSellerVol1 = getText(findTestObject("Stockbit/Bandarmology_SellerVol1")): Text of object 'Object Repository/Stockbit/Bandarmology_SellerVol1' is: '669'

2024-01-22 18:46:17 - [MESSAGE][PASSED] - Text of object 'Object Repository/Stockbit/Bandarmology_SellerVol1' is: '669'

2024-01-22 18:46:17 - [TEST_STEP][PASSED] - strSellerAvg1 = getText(findTestObject("Stockbit/Bandarmology_SellerAvg1")): Text of object 'Object Repository/Stockbit/Bandarmology_SellerAvg1' is: '50'

2024-01-22 18:46:17 - [MESSAGE][PASSED] - Text of object 'Object Repository/Stockbit/Bandarmology_SellerAvg1' is: '50'

2024-01-22 18:46:17 - [TEST_STEP][PASSED] - if (strSellerAvg1.contains(",")): null

2024-01-22 18:46:17 - [TEST_STEP][PASSED] - if (strSellerVol1.contains(" B")): null

2024-01-22 18:46:17 - [TEST_STEP][PASSED] - if (verifyElementNotPresent(findTestObject("Stockbit/Bandarmology_Buyer2"), 1, OPTIONAL)): Web element with id: 'Object Repository/Stockbit/Bandarmology_Buyer2' located by 'By.xpath: //*[contains(@id, 'rc-tabs-')]/div[2]/div/div/div/div/div/div[2]/table/tbody/tr[3]/td[1]/p' is present after '1' second(s) (Root cause: com.kms.katalon.core.exception.StepFailedException: Web element with id: 'Object Repository/Stockbit/Bandarmology_Buyer2' located by 'By.xpath: //*[contains(@id, 'rc-tabs-')]/div[2]/div/div/div/div/div/div[2]/table/tbody/tr[3]/td[1]/p' is present after '1' second(s)
	at com.kms.katalon.core.webui.keyword.internal.WebUIKeywordMain.stepFailed(WebUIKeywordMain.groovy:64)
	at com.kms.katalon.core.webui.keyword.internal.WebUIKeywordMain$stepFailed$0.call(Unknown Source)
	at com.kms.katalon.core.webui.keyword.builtin.VerifyElementNotPresentKeyword$_verifyElementNotPresent_closure1.doCall(VerifyElementNotPresentKeyword.groovy:106)
	at com.kms.katalon.core.webui.keyword.builtin.VerifyElementNotPresentKeyword$_verifyElementNotPresent_closure1.doCall(VerifyElementNotPresentKeyword.groovy)
	at com.kms.katalon.core.webui.keyword.internal.WebUIKeywordMain.runKeyword(WebUIKeywordMain.groovy:20)
	at com.kms.katalon.core.webui.keyword.internal.WebUIKeywordMain$runKeyword.call(Unknown Source)
	at com.kms.katalon.core.webui.keyword.builtin.VerifyElementNotPresentKeyword.verifyElementNotPresent(VerifyElementNotPresentKeyword.groovy:117)
	at com.kms.katalon.core.webui.keyword.builtin.VerifyElementNotPresentKeyword.execute(VerifyElementNotPresentKeyword.groovy:68)
	at com.kms.katalon.core.keyword.internal.KeywordExecutor.executeKeywordForPlatform(KeywordExecutor.groovy:74)
	at com.kms.katalon.core.webui.keyword.WebUiBuiltInKeywords.verifyElementNotPresent(WebUiBuiltInKeywords.groovy:1481)
	at com.kms.katalon.core.webui.keyword.WebUiBuiltInKeywords$verifyElementNotPresent$8.call(Unknown Source)
	at GetBrokSumPriceDaily.run(GetBrokSumPriceDaily:258)
	at com.kms.katalon.core.main.ScriptEngine.run(ScriptEngine.java:194)
	at com.kms.katalon.core.main.ScriptEngine.runScriptAsRawText(ScriptEngine.java:119)
	at com.kms.katalon.core.main.TestCaseExecutor.runScript(TestCaseExecutor.java:445)
	at com.kms.katalon.core.main.TestCaseExecutor.doExecute(TestCaseExecutor.java:436)
	at com.kms.katalon.core.main.TestCaseExecutor.processExecutionPhase(TestCaseExecutor.java:415)
	at com.kms.katalon.core.main.TestCaseExecutor.accessMainPhase(TestCaseExecutor.java:407)
	at com.kms.katalon.core.main.TestCaseExecutor.execute(TestCaseExecutor.java:284)
	at com.kms.katalon.core.common.CommonExecutor.accessTestCaseMainPhase(CommonExecutor.java:65)
	at com.kms.katalon.core.main.TestSuiteExecutor.accessTestSuiteMainPhase(TestSuiteExecutor.java:144)
	at com.kms.katalon.core.main.TestSuiteExecutor.execute(TestSuiteExecutor.java:106)
	at com.kms.katalon.core.main.TestCaseMain.startTestSuite(TestCaseMain.java:185)
	at com.kms.katalon.core.main.TestCaseMain$startTestSuite$0.call(Unknown Source)
	at TempTestSuite1705923140048.run(TempTestSuite1705923140048.groovy:36)
)

2024-01-22 18:46:19 - [MESSAGE][WARNING] - Web element with id: 'Object Repository/Stockbit/Bandarmology_Buyer2' located by 'By.xpath: //*[contains(@id, 'rc-tabs-')]/div[2]/div/div/div/div/div/div[2]/table/tbody/tr[3]/td[1]/p' is present after '1' second(s) (Root cause: com.kms.katalon.core.exception.StepFailedException: Web element with id: 'Object Repository/Stockbit/Bandarmology_Buyer2' located by 'By.xpath: //*[contains(@id, 'rc-tabs-')]/div[2]/div/div/div/div/div/div[2]/table/tbody/tr[3]/td[1]/p' is present after '1' second(s)
	at com.kms.katalon.core.webui.keyword.internal.WebUIKeywordMain.stepFailed(WebUIKeywordMain.groovy:64)
	at com.kms.katalon.core.webui.keyword.internal.WebUIKeywordMain$stepFailed$0.call(Unknown Source)
	at com.kms.katalon.core.webui.keyword.builtin.VerifyElementNotPresentKeyword$_verifyElementNotPresent_closure1.doCall(VerifyElementNotPresentKeyword.groovy:106)
	at com.kms.katalon.core.webui.keyword.builtin.VerifyElementNotPresentKeyword$_verifyElementNotPresent_closure1.doCall(VerifyElementNotPresentKeyword.groovy)
	at com.kms.katalon.core.webui.keyword.internal.WebUIKeywordMain.runKeyword(WebUIKeywordMain.groovy:20)
	at com.kms.katalon.core.webui.keyword.internal.WebUIKeywordMain$runKeyword.call(Unknown Source)
	at com.kms.katalon.core.webui.keyword.builtin.VerifyElementNotPresentKeyword.verifyElementNotPresent(VerifyElementNotPresentKeyword.groovy:117)
	at com.kms.katalon.core.webui.keyword.builtin.VerifyElementNotPresentKeyword.execute(VerifyElementNotPresentKeyword.groovy:68)
	at com.kms.katalon.core.keyword.internal.KeywordExecutor.executeKeywordForPlatform(KeywordExecutor.groovy:74)
	at com.kms.katalon.core.webui.keyword.WebUiBuiltInKeywords.verifyElementNotPresent(WebUiBuiltInKeywords.groovy:1481)
	at com.kms.katalon.core.webui.keyword.WebUiBuiltInKeywords$verifyElementNotPresent$8.call(Unknown Source)
	at GetBrokSumPriceDaily.run(GetBrokSumPriceDaily:258)
	at com.kms.katalon.core.main.ScriptEngine.run(ScriptEngine.java:194)
	at com.kms.katalon.core.main.ScriptEngine.runScriptAsRawText(ScriptEngine.java:119)
	at com.kms.katalon.core.main.TestCaseExecutor.runScript(TestCaseExecutor.java:445)
	at com.kms.katalon.core.main.TestCaseExecutor.doExecute(TestCaseExecutor.java:436)
	at com.kms.katalon.core.main.TestCaseExecutor.processExecutionPhase(TestCaseExecutor.java:415)
	at com.kms.katalon.core.main.TestCaseExecutor.accessMainPhase(TestCaseExecutor.java:407)
	at com.kms.katalon.core.main.TestCaseExecutor.execute(TestCaseExecutor.java:284)
	at com.kms.katalon.core.common.CommonExecutor.accessTestCaseMainPhase(CommonExecutor.java:65)
	at com.kms.katalon.core.main.TestSuiteExecutor.accessTestSuiteMainPhase(TestSuiteExecutor.java:144)
	at com.kms.katalon.core.main.TestSuiteExecutor.execute(TestSuiteExecutor.java:106)
	at com.kms.katalon.core.main.TestCaseMain.startTestSuite(TestCaseMain.java:185)
	at com.kms.katalon.core.main.TestCaseMain$startTestSuite$0.call(Unknown Source)
	at TempTestSuite1705923140048.run(TempTestSuite1705923140048.groovy:36)
)
[[ATTACHMENT|C:\\Users\\Fadli\\git\\KatalonDailyGetData2\\Reports\\20240122_174123\\TS1\\20240122_183220\\1705923978861.png]]

2024-01-22 18:46:19 - [TEST_STEP][PASSED] - else: null

2024-01-22 18:46:19 - [TEST_STEP][PASSED] - strBuyer2 = getText(findTestObject("Stockbit/Bandarmology_Buyer2")): Text of object 'Object Repository/Stockbit/Bandarmology_Buyer2' is: 'PD'

2024-01-22 18:46:19 - [MESSAGE][PASSED] - Text of object 'Object Repository/Stockbit/Bandarmology_Buyer2' is: 'PD'

2024-01-22 18:46:19 - [TEST_STEP][PASSED] - strBuyerVol2 = getText(findTestObject("Stockbit/Bandarmology_BuyerVol2")): Text of object 'Object Repository/Stockbit/Bandarmology_BuyerVol2' is: '81'

2024-01-22 18:46:19 - [MESSAGE][PASSED] - Text of object 'Object Repository/Stockbit/Bandarmology_BuyerVol2' is: '81'

2024-01-22 18:46:19 - [TEST_STEP][PASSED] - strBuyerAvg2 = getText(findTestObject("Stockbit/Bandarmology_BuyerAvg2")): Text of object 'Object Repository/Stockbit/Bandarmology_BuyerAvg2' is: '50'

2024-01-22 18:46:19 - [MESSAGE][PASSED] - Text of object 'Object Repository/Stockbit/Bandarmology_BuyerAvg2' is: '50'

2024-01-22 18:46:19 - [TEST_STEP][PASSED] - if (strBuyer2 != ""): null

2024-01-22 18:46:19 - [TEST_STEP][PASSED] - if (strBuyerAvg2.contains(",")): null

2024-01-22 18:46:19 - [TEST_STEP][PASSED] - if (strBuyerVol2.contains(" B")): null

2024-01-22 18:46:19 - [TEST_STEP][PASSED] - if (strBuyerVol2.contains(".")): null

2024-01-22 18:46:19 - [TEST_STEP][PASSED] - if (verifyElementNotPresent(findTestObject("Stockbit/Bandarmology_Seller2"), 1, OPTIONAL)): Web element with id: 'Object Repository/Stockbit/Bandarmology_Seller2' located by 'By.xpath: //*[contains(@id, 'rc-tabs-')]/div[2]/div/div/div/div/div/div[2]/table/tbody/tr[3]/td[5]/p' is present after '1' second(s) (Root cause: com.kms.katalon.core.exception.StepFailedException: Web element with id: 'Object Repository/Stockbit/Bandarmology_Seller2' located by 'By.xpath: //*[contains(@id, 'rc-tabs-')]/div[2]/div/div/div/div/div/div[2]/table/tbody/tr[3]/td[5]/p' is present after '1' second(s)
	at com.kms.katalon.core.webui.keyword.internal.WebUIKeywordMain.stepFailed(WebUIKeywordMain.groovy:64)
	at com.kms.katalon.core.webui.keyword.internal.WebUIKeywordMain$stepFailed$0.call(Unknown Source)
	at com.kms.katalon.core.webui.keyword.builtin.VerifyElementNotPresentKeyword$_verifyElementNotPresent_closure1.doCall(VerifyElementNotPresentKeyword.groovy:106)
	at com.kms.katalon.core.webui.keyword.builtin.VerifyElementNotPresentKeyword$_verifyElementNotPresent_closure1.doCall(VerifyElementNotPresentKeyword.groovy)
	at com.kms.katalon.core.webui.keyword.internal.WebUIKeywordMain.runKeyword(WebUIKeywordMain.groovy:20)
	at com.kms.katalon.core.webui.keyword.internal.WebUIKeywordMain$runKeyword.call(Unknown Source)
	at com.kms.katalon.core.webui.keyword.builtin.VerifyElementNotPresentKeyword.verifyElementNotPresent(VerifyElementNotPresentKeyword.groovy:117)
	at com.kms.katalon.core.webui.keyword.builtin.VerifyElementNotPresentKeyword.execute(VerifyElementNotPresentKeyword.groovy:68)
	at com.kms.katalon.core.keyword.internal.KeywordExecutor.executeKeywordForPlatform(KeywordExecutor.groovy:74)
	at com.kms.katalon.core.webui.keyword.WebUiBuiltInKeywords.verifyElementNotPresent(WebUiBuiltInKeywords.groovy:1481)
	at com.kms.katalon.core.webui.keyword.WebUiBuiltInKeywords$verifyElementNotPresent$8.call(Unknown Source)
	at GetBrokSumPriceDaily.run(GetBrokSumPriceDaily:309)
	at com.kms.katalon.core.main.ScriptEngine.run(ScriptEngine.java:194)
	at com.kms.katalon.core.main.ScriptEngine.runScriptAsRawText(ScriptEngine.java:119)
	at com.kms.katalon.core.main.TestCaseExecutor.runScript(TestCaseExecutor.java:445)
	at com.kms.katalon.core.main.TestCaseExecutor.doExecute(TestCaseExecutor.java:436)
	at com.kms.katalon.core.main.TestCaseExecutor.processExecutionPhase(TestCaseExecutor.java:415)
	at com.kms.katalon.core.main.TestCaseExecutor.accessMainPhase(TestCaseExecutor.java:407)
	at com.kms.katalon.core.main.TestCaseExecutor.execute(TestCaseExecutor.java:284)
	at com.kms.katalon.core.common.CommonExecutor.accessTestCaseMainPhase(CommonExecutor.java:65)
	at com.kms.katalon.core.main.TestSuiteExecutor.accessTestSuiteMainPhase(TestSuiteExecutor.java:144)
	at com.kms.katalon.core.main.TestSuiteExecutor.execute(TestSuiteExecutor.java:106)
	at com.kms.katalon.core.main.TestCaseMain.startTestSuite(TestCaseMain.java:185)
	at com.kms.katalon.core.main.TestCaseMain$startTestSuite$0.call(Unknown Source)
	at TempTestSuite1705923140048.run(TempTestSuite1705923140048.groovy:36)
)

2024-01-22 18:46:20 - [MESSAGE][WARNING] - Web element with id: 'Object Repository/Stockbit/Bandarmology_Seller2' located by 'By.xpath: //*[contains(@id, 'rc-tabs-')]/div[2]/div/div/div/div/div/div[2]/table/tbody/tr[3]/td[5]/p' is present after '1' second(s) (Root cause: com.kms.katalon.core.exception.StepFailedException: Web element with id: 'Object Repository/Stockbit/Bandarmology_Seller2' located by 'By.xpath: //*[contains(@id, 'rc-tabs-')]/div[2]/div/div/div/div/div/div[2]/table/tbody/tr[3]/td[5]/p' is present after '1' second(s)
	at com.kms.katalon.core.webui.keyword.internal.WebUIKeywordMain.stepFailed(WebUIKeywordMain.groovy:64)
	at com.kms.katalon.core.webui.keyword.internal.WebUIKeywordMain$stepFailed$0.call(Unknown Source)
	at com.kms.katalon.core.webui.keyword.builtin.VerifyElementNotPresentKeyword$_verifyElementNotPresent_closure1.doCall(VerifyElementNotPresentKeyword.groovy:106)
	at com.kms.katalon.core.webui.keyword.builtin.VerifyElementNotPresentKeyword$_verifyElementNotPresent_closure1.doCall(VerifyElementNotPresentKeyword.groovy)
	at com.kms.katalon.core.webui.keyword.internal.WebUIKeywordMain.runKeyword(WebUIKeywordMain.groovy:20)
	at com.kms.katalon.core.webui.keyword.internal.WebUIKeywordMain$runKeyword.call(Unknown Source)
	at com.kms.katalon.core.webui.keyword.builtin.VerifyElementNotPresentKeyword.verifyElementNotPresent(VerifyElementNotPresentKeyword.groovy:117)
	at com.kms.katalon.core.webui.keyword.builtin.VerifyElementNotPresentKeyword.execute(VerifyElementNotPresentKeyword.groovy:68)
	at com.kms.katalon.core.keyword.internal.KeywordExecutor.executeKeywordForPlatform(KeywordExecutor.groovy:74)
	at com.kms.katalon.core.webui.keyword.WebUiBuiltInKeywords.verifyElementNotPresent(WebUiBuiltInKeywords.groovy:1481)
	at com.kms.katalon.core.webui.keyword.WebUiBuiltInKeywords$verifyElementNotPresent$8.call(Unknown Source)
	at GetBrokSumPriceDaily.run(GetBrokSumPriceDaily:309)
	at com.kms.katalon.core.main.ScriptEngine.run(ScriptEngine.java:194)
	at com.kms.katalon.core.main.ScriptEngine.runScriptAsRawText(ScriptEngine.java:119)
	at com.kms.katalon.core.main.TestCaseExecutor.runScript(TestCaseExecutor.java:445)
	at com.kms.katalon.core.main.TestCaseExecutor.doExecute(TestCaseExecutor.java:436)
	at com.kms.katalon.core.main.TestCaseExecutor.processExecutionPhase(TestCaseExecutor.java:415)
	at com.kms.katalon.core.main.TestCaseExecutor.accessMainPhase(TestCaseExecutor.java:407)
	at com.kms.katalon.core.main.TestCaseExecutor.execute(TestCaseExecutor.java:284)
	at com.kms.katalon.core.common.CommonExecutor.accessTestCaseMainPhase(CommonExecutor.java:65)
	at com.kms.katalon.core.main.TestSuiteExecutor.accessTestSuiteMainPhase(TestSuiteExecutor.java:144)
	at com.kms.katalon.core.main.TestSuiteExecutor.execute(TestSuiteExecutor.java:106)
	at com.kms.katalon.core.main.TestCaseMain.startTestSuite(TestCaseMain.java:185)
	at com.kms.katalon.core.main.TestCaseMain$startTestSuite$0.call(Unknown Source)
	at TempTestSuite1705923140048.run(TempTestSuite1705923140048.groovy:36)
)
[[ATTACHMENT|C:\\Users\\Fadli\\git\\KatalonDailyGetData2\\Reports\\20240122_174123\\TS1\\20240122_183220\\1705923980561.png]]

2024-01-22 18:46:20 - [TEST_STEP][PASSED] - else: null

2024-01-22 18:46:20 - [TEST_STEP][PASSED] - strSeller2 = getText(findTestObject("Stockbit/Bandarmology_Seller2")): Text of object 'Object Repository/Stockbit/Bandarmology_Seller2' is: ''

2024-01-22 18:46:20 - [MESSAGE][PASSED] - Text of object 'Object Repository/Stockbit/Bandarmology_Seller2' is: ''

2024-01-22 18:46:20 - [TEST_STEP][PASSED] - strSellerVol2 = getText(findTestObject("Stockbit/Bandarmology_SellerVol2")): Text of object 'Object Repository/Stockbit/Bandarmology_SellerVol2' is: ''

2024-01-22 18:46:20 - [MESSAGE][PASSED] - Text of object 'Object Repository/Stockbit/Bandarmology_SellerVol2' is: ''

2024-01-22 18:46:20 - [TEST_STEP][PASSED] - strSellerAvg2 = getText(findTestObject("Stockbit/Bandarmology_SellerAvg2")): Text of object 'Object Repository/Stockbit/Bandarmology_SellerAvg2' is: ''

2024-01-22 18:46:21 - [MESSAGE][PASSED] - Text of object 'Object Repository/Stockbit/Bandarmology_SellerAvg2' is: ''

2024-01-22 18:46:21 - [TEST_STEP][PASSED] - if (strSeller2 != ""): null

2024-01-22 18:46:21 - [TEST_STEP][PASSED] - else: null

2024-01-22 18:46:21 - [TEST_STEP][PASSED] - strSeller2 = "-": null

2024-01-22 18:46:21 - [TEST_STEP][PASSED] - strSellerVol2 = "0": null

2024-01-22 18:46:21 - [TEST_STEP][PASSED] - strSellerAvg2 = "0": null

2024-01-22 18:46:21 - [TEST_STEP][PASSED] - if (verifyElementNotPresent(findTestObject("Stockbit/Bandarmology_Buyer3"), 1, OPTIONAL)): Web element with id: 'Object Repository/Stockbit/Bandarmology_Buyer3' located by 'By.xpath: //*[contains(@id, 'rc-tabs-')]/div[2]/div/div/div/div/div/div[2]/table/tbody/tr[4]/td[1]/p' is present after '1' second(s) (Root cause: com.kms.katalon.core.exception.StepFailedException: Web element with id: 'Object Repository/Stockbit/Bandarmology_Buyer3' located by 'By.xpath: //*[contains(@id, 'rc-tabs-')]/div[2]/div/div/div/div/div/div[2]/table/tbody/tr[4]/td[1]/p' is present after '1' second(s)
	at com.kms.katalon.core.webui.keyword.internal.WebUIKeywordMain.stepFailed(WebUIKeywordMain.groovy:64)
	at com.kms.katalon.core.webui.keyword.internal.WebUIKeywordMain$stepFailed$0.call(Unknown Source)
	at com.kms.katalon.core.webui.keyword.builtin.VerifyElementNotPresentKeyword$_verifyElementNotPresent_closure1.doCall(VerifyElementNotPresentKeyword.groovy:106)
	at com.kms.katalon.core.webui.keyword.builtin.VerifyElementNotPresentKeyword$_verifyElementNotPresent_closure1.doCall(VerifyElementNotPresentKeyword.groovy)
	at com.kms.katalon.core.webui.keyword.internal.WebUIKeywordMain.runKeyword(WebUIKeywordMain.groovy:20)
	at com.kms.katalon.core.webui.keyword.internal.WebUIKeywordMain$runKeyword.call(Unknown Source)
	at com.kms.katalon.core.webui.keyword.builtin.VerifyElementNotPresentKeyword.verifyElementNotPresent(VerifyElementNotPresentKeyword.groovy:117)
	at com.kms.katalon.core.webui.keyword.builtin.VerifyElementNotPresentKeyword.execute(VerifyElementNotPresentKeyword.groovy:68)
	at com.kms.katalon.core.keyword.internal.KeywordExecutor.executeKeywordForPlatform(KeywordExecutor.groovy:74)
	at com.kms.katalon.core.webui.keyword.WebUiBuiltInKeywords.verifyElementNotPresent(WebUiBuiltInKeywords.groovy:1481)
	at com.kms.katalon.core.webui.keyword.WebUiBuiltInKeywords$verifyElementNotPresent$8.call(Unknown Source)
	at GetBrokSumPriceDaily.run(GetBrokSumPriceDaily:361)
	at com.kms.katalon.core.main.ScriptEngine.run(ScriptEngine.java:194)
	at com.kms.katalon.core.main.ScriptEngine.runScriptAsRawText(ScriptEngine.java:119)
	at com.kms.katalon.core.main.TestCaseExecutor.runScript(TestCaseExecutor.java:445)
	at com.kms.katalon.core.main.TestCaseExecutor.doExecute(TestCaseExecutor.java:436)
	at com.kms.katalon.core.main.TestCaseExecutor.processExecutionPhase(TestCaseExecutor.java:415)
	at com.kms.katalon.core.main.TestCaseExecutor.accessMainPhase(TestCaseExecutor.java:407)
	at com.kms.katalon.core.main.TestCaseExecutor.execute(TestCaseExecutor.java:284)
	at com.kms.katalon.core.common.CommonExecutor.accessTestCaseMainPhase(CommonExecutor.java:65)
	at com.kms.katalon.core.main.TestSuiteExecutor.accessTestSuiteMainPhase(TestSuiteExecutor.java:144)
	at com.kms.katalon.core.main.TestSuiteExecutor.execute(TestSuiteExecutor.java:106)
	at com.kms.katalon.core.main.TestCaseMain.startTestSuite(TestCaseMain.java:185)
	at com.kms.katalon.core.main.TestCaseMain$startTestSuite$0.call(Unknown Source)
	at TempTestSuite1705923140048.run(TempTestSuite1705923140048.groovy:36)
)

2024-01-22 18:46:22 - [MESSAGE][WARNING] - Web element with id: 'Object Repository/Stockbit/Bandarmology_Buyer3' located by 'By.xpath: //*[contains(@id, 'rc-tabs-')]/div[2]/div/div/div/div/div/div[2]/table/tbody/tr[4]/td[1]/p' is present after '1' second(s) (Root cause: com.kms.katalon.core.exception.StepFailedException: Web element with id: 'Object Repository/Stockbit/Bandarmology_Buyer3' located by 'By.xpath: //*[contains(@id, 'rc-tabs-')]/div[2]/div/div/div/div/div/div[2]/table/tbody/tr[4]/td[1]/p' is present after '1' second(s)
	at com.kms.katalon.core.webui.keyword.internal.WebUIKeywordMain.stepFailed(WebUIKeywordMain.groovy:64)
	at com.kms.katalon.core.webui.keyword.internal.WebUIKeywordMain$stepFailed$0.call(Unknown Source)
	at com.kms.katalon.core.webui.keyword.builtin.VerifyElementNotPresentKeyword$_verifyElementNotPresent_closure1.doCall(VerifyElementNotPresentKeyword.groovy:106)
	at com.kms.katalon.core.webui.keyword.builtin.VerifyElementNotPresentKeyword$_verifyElementNotPresent_closure1.doCall(VerifyElementNotPresentKeyword.groovy)
	at com.kms.katalon.core.webui.keyword.internal.WebUIKeywordMain.runKeyword(WebUIKeywordMain.groovy:20)
	at com.kms.katalon.core.webui.keyword.internal.WebUIKeywordMain$runKeyword.call(Unknown Source)
	at com.kms.katalon.core.webui.keyword.builtin.VerifyElementNotPresentKeyword.verifyElementNotPresent(VerifyElementNotPresentKeyword.groovy:117)
	at com.kms.katalon.core.webui.keyword.builtin.VerifyElementNotPresentKeyword.execute(VerifyElementNotPresentKeyword.groovy:68)
	at com.kms.katalon.core.keyword.internal.KeywordExecutor.executeKeywordForPlatform(KeywordExecutor.groovy:74)
	at com.kms.katalon.core.webui.keyword.WebUiBuiltInKeywords.verifyElementNotPresent(WebUiBuiltInKeywords.groovy:1481)
	at com.kms.katalon.core.webui.keyword.WebUiBuiltInKeywords$verifyElementNotPresent$8.call(Unknown Source)
	at GetBrokSumPriceDaily.run(GetBrokSumPriceDaily:361)
	at com.kms.katalon.core.main.ScriptEngine.run(ScriptEngine.java:194)
	at com.kms.katalon.core.main.ScriptEngine.runScriptAsRawText(ScriptEngine.java:119)
	at com.kms.katalon.core.main.TestCaseExecutor.runScript(TestCaseExecutor.java:445)
	at com.kms.katalon.core.main.TestCaseExecutor.doExecute(TestCaseExecutor.java:436)
	at com.kms.katalon.core.main.TestCaseExecutor.processExecutionPhase(TestCaseExecutor.java:415)
	at com.kms.katalon.core.main.TestCaseExecutor.accessMainPhase(TestCaseExecutor.java:407)
	at com.kms.katalon.core.main.TestCaseExecutor.execute(TestCaseExecutor.java:284)
	at com.kms.katalon.core.common.CommonExecutor.accessTestCaseMainPhase(CommonExecutor.java:65)
	at com.kms.katalon.core.main.TestSuiteExecutor.accessTestSuiteMainPhase(TestSuiteExecutor.java:144)
	at com.kms.katalon.core.main.TestSuiteExecutor.execute(TestSuiteExecutor.java:106)
	at com.kms.katalon.core.main.TestCaseMain.startTestSuite(TestCaseMain.java:185)
	at com.kms.katalon.core.main.TestCaseMain$startTestSuite$0.call(Unknown Source)
	at TempTestSuite1705923140048.run(TempTestSuite1705923140048.groovy:36)
)
[[ATTACHMENT|C:\\Users\\Fadli\\git\\KatalonDailyGetData2\\Reports\\20240122_174123\\TS1\\20240122_183220\\1705923982216.png]]

2024-01-22 18:46:22 - [TEST_STEP][PASSED] - else: null

2024-01-22 18:46:22 - [TEST_STEP][PASSED] - strBuyer3 = getText(findTestObject("Stockbit/Bandarmology_Buyer3")): Text of object 'Object Repository/Stockbit/Bandarmology_Buyer3' is: 'SQ'

2024-01-22 18:46:22 - [MESSAGE][PASSED] - Text of object 'Object Repository/Stockbit/Bandarmology_Buyer3' is: 'SQ'

2024-01-22 18:46:22 - [TEST_STEP][PASSED] - strBuyerVol3 = getText(findTestObject("Stockbit/Bandarmology_BuyerVol3")): Text of object 'Object Repository/Stockbit/Bandarmology_BuyerVol3' is: '17'

2024-01-22 18:46:22 - [MESSAGE][PASSED] - Text of object 'Object Repository/Stockbit/Bandarmology_BuyerVol3' is: '17'

2024-01-22 18:46:22 - [TEST_STEP][PASSED] - strBuyerAvg3 = getText(findTestObject("Stockbit/Bandarmology_BuyerAvg3")): Text of object 'Object Repository/Stockbit/Bandarmology_BuyerAvg3' is: '50'

2024-01-22 18:46:22 - [MESSAGE][PASSED] - Text of object 'Object Repository/Stockbit/Bandarmology_BuyerAvg3' is: '50'

2024-01-22 18:46:22 - [TEST_STEP][PASSED] - if (strBuyer3 != ""): null

2024-01-22 18:46:22 - [TEST_STEP][PASSED] - if (strBuyerAvg3.contains(",")): null

2024-01-22 18:46:22 - [TEST_STEP][PASSED] - if (strBuyerVol3.contains(" B")): null

2024-01-22 18:46:22 - [TEST_STEP][PASSED] - if (verifyElementNotPresent(findTestObject("Stockbit/Bandarmology_Seller3"), 1, OPTIONAL)): Web element with id: 'Object Repository/Stockbit/Bandarmology_Seller3' located by 'By.xpath: //*[contains(@id, 'rc-tabs-')]/div[2]/div/div/div/div/div/div[2]/table/tbody/tr[4]/td[5]/p' is present after '1' second(s) (Root cause: com.kms.katalon.core.exception.StepFailedException: Web element with id: 'Object Repository/Stockbit/Bandarmology_Seller3' located by 'By.xpath: //*[contains(@id, 'rc-tabs-')]/div[2]/div/div/div/div/div/div[2]/table/tbody/tr[4]/td[5]/p' is present after '1' second(s)
	at com.kms.katalon.core.webui.keyword.internal.WebUIKeywordMain.stepFailed(WebUIKeywordMain.groovy:64)
	at com.kms.katalon.core.webui.keyword.internal.WebUIKeywordMain$stepFailed$0.call(Unknown Source)
	at com.kms.katalon.core.webui.keyword.builtin.VerifyElementNotPresentKeyword$_verifyElementNotPresent_closure1.doCall(VerifyElementNotPresentKeyword.groovy:106)
	at com.kms.katalon.core.webui.keyword.builtin.VerifyElementNotPresentKeyword$_verifyElementNotPresent_closure1.doCall(VerifyElementNotPresentKeyword.groovy)
	at com.kms.katalon.core.webui.keyword.internal.WebUIKeywordMain.runKeyword(WebUIKeywordMain.groovy:20)
	at com.kms.katalon.core.webui.keyword.internal.WebUIKeywordMain$runKeyword.call(Unknown Source)
	at com.kms.katalon.core.webui.keyword.builtin.VerifyElementNotPresentKeyword.verifyElementNotPresent(VerifyElementNotPresentKeyword.groovy:117)
	at com.kms.katalon.core.webui.keyword.builtin.VerifyElementNotPresentKeyword.execute(VerifyElementNotPresentKeyword.groovy:68)
	at com.kms.katalon.core.keyword.internal.KeywordExecutor.executeKeywordForPlatform(KeywordExecutor.groovy:74)
	at com.kms.katalon.core.webui.keyword.WebUiBuiltInKeywords.verifyElementNotPresent(WebUiBuiltInKeywords.groovy:1481)
	at com.kms.katalon.core.webui.keyword.WebUiBuiltInKeywords$verifyElementNotPresent$8.call(Unknown Source)
	at GetBrokSumPriceDaily.run(GetBrokSumPriceDaily:414)
	at com.kms.katalon.core.main.ScriptEngine.run(ScriptEngine.java:194)
	at com.kms.katalon.core.main.ScriptEngine.runScriptAsRawText(ScriptEngine.java:119)
	at com.kms.katalon.core.main.TestCaseExecutor.runScript(TestCaseExecutor.java:445)
	at com.kms.katalon.core.main.TestCaseExecutor.doExecute(TestCaseExecutor.java:436)
	at com.kms.katalon.core.main.TestCaseExecutor.processExecutionPhase(TestCaseExecutor.java:415)
	at com.kms.katalon.core.main.TestCaseExecutor.accessMainPhase(TestCaseExecutor.java:407)
	at com.kms.katalon.core.main.TestCaseExecutor.execute(TestCaseExecutor.java:284)
	at com.kms.katalon.core.common.CommonExecutor.accessTestCaseMainPhase(CommonExecutor.java:65)
	at com.kms.katalon.core.main.TestSuiteExecutor.accessTestSuiteMainPhase(TestSuiteExecutor.java:144)
	at com.kms.katalon.core.main.TestSuiteExecutor.execute(TestSuiteExecutor.java:106)
	at com.kms.katalon.core.main.TestCaseMain.startTestSuite(TestCaseMain.java:185)
	at com.kms.katalon.core.main.TestCaseMain$startTestSuite$0.call(Unknown Source)
	at TempTestSuite1705923140048.run(TempTestSuite1705923140048.groovy:36)
)

2024-01-22 18:46:24 - [MESSAGE][WARNING] - Web element with id: 'Object Repository/Stockbit/Bandarmology_Seller3' located by 'By.xpath: //*[contains(@id, 'rc-tabs-')]/div[2]/div/div/div/div/div/div[2]/table/tbody/tr[4]/td[5]/p' is present after '1' second(s) (Root cause: com.kms.katalon.core.exception.StepFailedException: Web element with id: 'Object Repository/Stockbit/Bandarmology_Seller3' located by 'By.xpath: //*[contains(@id, 'rc-tabs-')]/div[2]/div/div/div/div/div/div[2]/table/tbody/tr[4]/td[5]/p' is present after '1' second(s)
	at com.kms.katalon.core.webui.keyword.internal.WebUIKeywordMain.stepFailed(WebUIKeywordMain.groovy:64)
	at com.kms.katalon.core.webui.keyword.internal.WebUIKeywordMain$stepFailed$0.call(Unknown Source)
	at com.kms.katalon.core.webui.keyword.builtin.VerifyElementNotPresentKeyword$_verifyElementNotPresent_closure1.doCall(VerifyElementNotPresentKeyword.groovy:106)
	at com.kms.katalon.core.webui.keyword.builtin.VerifyElementNotPresentKeyword$_verifyElementNotPresent_closure1.doCall(VerifyElementNotPresentKeyword.groovy)
	at com.kms.katalon.core.webui.keyword.internal.WebUIKeywordMain.runKeyword(WebUIKeywordMain.groovy:20)
	at com.kms.katalon.core.webui.keyword.internal.WebUIKeywordMain$runKeyword.call(Unknown Source)
	at com.kms.katalon.core.webui.keyword.builtin.VerifyElementNotPresentKeyword.verifyElementNotPresent(VerifyElementNotPresentKeyword.groovy:117)
	at com.kms.katalon.core.webui.keyword.builtin.VerifyElementNotPresentKeyword.execute(VerifyElementNotPresentKeyword.groovy:68)
	at com.kms.katalon.core.keyword.internal.KeywordExecutor.executeKeywordForPlatform(KeywordExecutor.groovy:74)
	at com.kms.katalon.core.webui.keyword.WebUiBuiltInKeywords.verifyElementNotPresent(WebUiBuiltInKeywords.groovy:1481)
	at com.kms.katalon.core.webui.keyword.WebUiBuiltInKeywords$verifyElementNotPresent$8.call(Unknown Source)
	at GetBrokSumPriceDaily.run(GetBrokSumPriceDaily:414)
	at com.kms.katalon.core.main.ScriptEngine.run(ScriptEngine.java:194)
	at com.kms.katalon.core.main.ScriptEngine.runScriptAsRawText(ScriptEngine.java:119)
	at com.kms.katalon.core.main.TestCaseExecutor.runScript(TestCaseExecutor.java:445)
	at com.kms.katalon.core.main.TestCaseExecutor.doExecute(TestCaseExecutor.java:436)
	at com.kms.katalon.core.main.TestCaseExecutor.processExecutionPhase(TestCaseExecutor.java:415)
	at com.kms.katalon.core.main.TestCaseExecutor.accessMainPhase(TestCaseExecutor.java:407)
	at com.kms.katalon.core.main.TestCaseExecutor.execute(TestCaseExecutor.java:284)
	at com.kms.katalon.core.common.CommonExecutor.accessTestCaseMainPhase(CommonExecutor.java:65)
	at com.kms.katalon.core.main.TestSuiteExecutor.accessTestSuiteMainPhase(TestSuiteExecutor.java:144)
	at com.kms.katalon.core.main.TestSuiteExecutor.execute(TestSuiteExecutor.java:106)
	at com.kms.katalon.core.main.TestCaseMain.startTestSuite(TestCaseMain.java:185)
	at com.kms.katalon.core.main.TestCaseMain$startTestSuite$0.call(Unknown Source)
	at TempTestSuite1705923140048.run(TempTestSuite1705923140048.groovy:36)
)
[[ATTACHMENT|C:\\Users\\Fadli\\git\\KatalonDailyGetData2\\Reports\\20240122_174123\\TS1\\20240122_183220\\1705923983881.png]]

2024-01-22 18:46:24 - [TEST_STEP][PASSED] - else: null

2024-01-22 18:46:24 - [TEST_STEP][PASSED] - strSeller3 = getText(findTestObject("Stockbit/Bandarmology_Seller3")): Text of object 'Object Repository/Stockbit/Bandarmology_Seller3' is: ''

2024-01-22 18:46:24 - [MESSAGE][PASSED] - Text of object 'Object Repository/Stockbit/Bandarmology_Seller3' is: ''

2024-01-22 18:46:24 - [TEST_STEP][PASSED] - strSellerVol3 = getText(findTestObject("Stockbit/Bandarmology_SellerVol3")): Text of object 'Object Repository/Stockbit/Bandarmology_SellerVol3' is: ''

2024-01-22 18:46:24 - [MESSAGE][PASSED] - Text of object 'Object Repository/Stockbit/Bandarmology_SellerVol3' is: ''

2024-01-22 18:46:24 - [TEST_STEP][PASSED] - strSellerAvg3 = getText(findTestObject("Stockbit/Bandarmology_SellerAvg3")): Text of object 'Object Repository/Stockbit/Bandarmology_SellerAvg3' is: ''

2024-01-22 18:46:24 - [MESSAGE][PASSED] - Text of object 'Object Repository/Stockbit/Bandarmology_SellerAvg3' is: ''

2024-01-22 18:46:24 - [TEST_STEP][PASSED] - if (strSeller3 != ""): null

2024-01-22 18:46:24 - [TEST_STEP][PASSED] - else: null

2024-01-22 18:46:24 - [TEST_STEP][PASSED] - strSeller3 = "-": null

2024-01-22 18:46:24 - [TEST_STEP][PASSED] - strSellerVol3 = "0": null

2024-01-22 18:46:24 - [TEST_STEP][PASSED] - strSellerAvg3 = "0": null

2024-01-22 18:46:24 - [TEST_STEP][PASSED] - strAccDist = getText(findTestObject("Stockbit/Bandarmology_AccDist")): Text of object 'Object Repository/Stockbit/Bandarmology_AccDist' is: 'Dist'

2024-01-22 18:46:24 - [MESSAGE][PASSED] - Text of object 'Object Repository/Stockbit/Bandarmology_AccDist' is: 'Dist'

2024-01-22 18:46:24 - [TEST_STEP][PASSED] - strNetVol = getText(findTestObject("Stockbit/Bandarmology_NetVol")): Text of object 'Object Repository/Stockbit/Bandarmology_NetVol' is: '669'

2024-01-22 18:46:24 - [MESSAGE][PASSED] - Text of object 'Object Repository/Stockbit/Bandarmology_NetVol' is: '669'

2024-01-22 18:46:24 - [TEST_STEP][PASSED] - strNetVol = strNetVol.replace(",", ""): null

2024-01-22 18:46:24 - [TEST_STEP][PASSED] - strNetVal = getText(findTestObject("Stockbit/Bandarmology_NetVal")): Text of object 'Object Repository/Stockbit/Bandarmology_NetVal' is: '0 B'

2024-01-22 18:46:24 - [MESSAGE][PASSED] - Text of object 'Object Repository/Stockbit/Bandarmology_NetVal' is: '0 B'

2024-01-22 18:46:24 - [TEST_STEP][PASSED] - delay(3): Delayed 3 second(s)

2024-01-22 18:46:27 - [MESSAGE][PASSED] - Delayed 3 second(s)

2024-01-22 18:46:27 - [TEST_STEP][PASSED] - strOpenPrice = getText(findTestObject("Stockbit/Home_OpenPrice")): Text of object 'Object Repository/Stockbit/Home_OpenPrice' is: '50'

2024-01-22 18:46:27 - [MESSAGE][PASSED] - Text of object 'Object Repository/Stockbit/Home_OpenPrice' is: '50'

2024-01-22 18:46:27 - [TEST_STEP][PASSED] - strOpenPrice = strOpenPrice.replace(",", ""): null

2024-01-22 18:46:27 - [TEST_STEP][PASSED] - strLowPrice = getText(findTestObject("Stockbit/Home_LowPrice")): Text of object 'Object Repository/Stockbit/Home_LowPrice' is: '50'

2024-01-22 18:46:27 - [MESSAGE][PASSED] - Text of object 'Object Repository/Stockbit/Home_LowPrice' is: '50'

2024-01-22 18:46:27 - [TEST_STEP][PASSED] - strLowPrice = strLowPrice.replace(",", ""): null

2024-01-22 18:46:27 - [TEST_STEP][PASSED] - strHighPrice = getText(findTestObject("Stockbit/Home_HighPrice")): Text of object 'Object Repository/Stockbit/Home_HighPrice' is: '50'

2024-01-22 18:46:28 - [MESSAGE][PASSED] - Text of object 'Object Repository/Stockbit/Home_HighPrice' is: '50'

2024-01-22 18:46:28 - [TEST_STEP][PASSED] - strHighPrice = strHighPrice.replace(",", ""): null

2024-01-22 18:46:28 - [TEST_STEP][PASSED] - strClosePrice = getText(findTestObject("Stockbit/Home_ClosePrice")): Text of object 'Object Repository/Stockbit/Home_ClosePrice' is: '50'

2024-01-22 18:46:28 - [MESSAGE][PASSED] - Text of object 'Object Repository/Stockbit/Home_ClosePrice' is: '50'

2024-01-22 18:46:28 - [TEST_STEP][PASSED] - strClosePrice = strClosePrice.replace(",", ""): null

2024-01-22 18:46:28 - [TEST_STEP][PASSED] - strVol = getText(findTestObject("Stockbit/Home_Volume")): Text of object 'Object Repository/Stockbit/Home_Volume' is: '669'

2024-01-22 18:46:28 - [MESSAGE][PASSED] - Text of object 'Object Repository/Stockbit/Home_Volume' is: '669'

2024-01-22 18:46:28 - [TEST_STEP][PASSED] - if (strVol.contains(" K")): null

2024-01-22 18:46:28 - [TEST_STEP][PASSED] - if (strVol.contains(",")): null

2024-01-22 18:46:28 - [TEST_STEP][PASSED] - strChange = getText(findTestObject("Stockbit/Home_Change")): Text of object 'Object Repository/Stockbit/Home_Change' is: '0.00%'

2024-01-22 18:46:28 - [MESSAGE][PASSED] - Text of object 'Object Repository/Stockbit/Home_Change' is: '0.00%'

2024-01-22 18:46:28 - [TEST_STEP][PASSED] - strChange = strChange.replace("%", ""): null

2024-01-22 18:46:28 - [TEST_STEP][PASSED] - strFreq = getText(findTestObject("Stockbit/Home_Freq")): Text of object 'Object Repository/Stockbit/Home_Freq' is: '11'

2024-01-22 18:46:28 - [MESSAGE][PASSED] - Text of object 'Object Repository/Stockbit/Home_Freq' is: '11'

2024-01-22 18:46:28 - [TEST_STEP][PASSED] - if (strFreq.contains(",")): null

2024-01-22 18:46:28 - [TEST_STEP][PASSED] - if (strFreq == "NA" || strFreq == ""): null

2024-01-22 18:46:28 - [TEST_STEP][PASSED] - else: null

2024-01-22 18:46:28 - [TEST_STEP][PASSED] - dblFreqAnal = strVol.toDouble() / strFreq.toDouble() * strFreq.toDouble() * strFreq.toDouble() * 100000000: null

2024-01-22 18:46:28 - [TEST_STEP][PASSED] - strFreqAnal = String.format("%.4f", dblFreqAnal): null

2024-01-22 18:46:28 - [TEST_STEP][PASSED] - out.println("Double strFreqAnal: " + strFreqAnal): null

2024-01-22 18:46:28 - [TEST_STEP][PASSED] - strTanggal = d.format(DateTimeFormatter.ofPattern("yyyy-MM-dd")): null

2024-01-22 18:46:28 - [TEST_STEP][PASSED] - strTanggal = "#" + strTanggal + "#": null

2024-01-22 18:46:28 - [TEST_STEP][PASSED] - strSQL = "select count(*) as JumBaris from TblBrokSum where Nama = '" + strNama + "' and Tanggal = " + strTanggal + "": null

2024-01-22 18:46:28 - [TEST_STEP][PASSED] - resultSet = statement.executeQuery(strSQL): null

2024-01-22 18:46:28 - [TEST_STEP][PASSED] - resultSet.next(): null

2024-01-22 18:46:28 - [TEST_STEP][PASSED] - intJumBaris = resultSet.getInt("JumBaris"): null

2024-01-22 18:46:28 - [TEST_STEP][PASSED] - if (intJumBaris > 0): null

2024-01-22 18:46:28 - [TEST_STEP][PASSED] - else: null

2024-01-22 18:46:28 - [TEST_STEP][PASSED] - try: null

2024-01-22 18:46:28 - [TEST_STEP][PASSED] - out.println("Insert data"): null

2024-01-22 18:46:28 - [TEST_STEP][PASSED] - strSQL = "insert into TblBrokSum (nama, tanggal, top1, top2, top3, AllBrokAvg, AccDist, AvgRP, " + "Buyer1, BuyerVal1, BuyerAvg1, Seller1, SellerVal1, SellerAvg1, Buyer2, BuyerVal2, BuyerAvg2, " + "Seller2, SellerVal2, SellerAvg2, Buyer3, BuyerVal3, BuyerAvg3, Seller3, SellerVal3, SellerAvg3, NetVol, NetVal, " + "OpenPrice, LowPrice, HighPrice, ClosePrice, Volume, Change, Frekuensi, FrekAnal) " + "values ('" + strNama + "', " + strTanggal + ", '" + strTop1 + "', '" + strTop3 + "', '" + strTop5 + "', " + "'" + strAllBrokAvg + "', '" + strAccDist + "', " + intAvgRP + ", '" + strBuyer1 + "', '" + strBuyerVol1 + "', " + strBuyerAvg1 + ", " + "'" + strSeller1 + "', '" + strSellerVol1 + "', " + strSellerAvg1 + ", '" + strBuyer2 + "', '" + strBuyerVol2 + "', " + strBuyerAvg2 + ", " + "'" + strSeller2 + "', '" + strSellerVol2 + "', " + strSellerAvg2 + ", '" + strBuyer3 + "', '" + strBuyerVol3 + "', " + strBuyerAvg3 + ", " + "'" + strSeller3 + "', '" + strSellerVol3 + "', " + strSellerAvg3 + ", " + strNetVol + ", '" + strNetVal + "', " + "" + strOpenPrice + ", " + strLowPrice + ", " + strHighPrice + ", " + strClosePrice + ", '" + strVol + "', " + strChange + ", " + strFreq + ", " + strFreqAnal + ");": null

2024-01-22 18:46:28 - [TEST_STEP][PASSED] - out.println("strSQL = " + strSQL): null

2024-01-22 18:46:28 - [TEST_STEP][PASSED] - statement.executeUpdate(strSQL): null

2024-01-22 18:46:28 - [TEST_STEP][PASSED] - setValueToCellByIndex(sheet01, rowIndex, 4, "DONE"): null

2024-01-22 18:46:28 - [TEST_STEP][PASSED] - saveWorkbook(excelFilePath, workbook01): null

2024-01-22 18:46:28 - [TEST_STEP][PASSED] - waitForElementClickable(findTestObject("Stockbit/menu_Bandarmology"), 10): Object 'Object Repository/Stockbit/menu_Bandarmology' is clickable

2024-01-22 18:46:28 - [MESSAGE][PASSED] - Object 'Object Repository/Stockbit/menu_Bandarmology' is clickable

2024-01-22 18:46:28 - [TEST_STEP][PASSED] - click(findTestObject("Stockbit/menu_Bandarmology")): Object: 'Object Repository/Stockbit/menu_Bandarmology' is clicked on

2024-01-22 18:46:29 - [MESSAGE][PASSED] - Object: 'Object Repository/Stockbit/menu_Bandarmology' is clicked on

2024-01-22 18:46:29 - [TEST_STEP][PASSED] - strTemp = "NA": null

2024-01-22 18:46:29 - [TEST_STEP][PASSED] - if (getCellValueByIndex(sheet01, rowIndex, 4) != "DONE"): Object: 'Object Repository/Stockbit/menu_Bandarmology' is clicked on

2024-01-22 18:46:29 - [TEST_STEP][PASSED] - strNama = getCellValueByIndex(sheet01, rowIndex, 0): null

2024-01-22 18:46:29 - [TEST_STEP][PASSED] - navigateToUrl("https://stockbit.com/#/symbol/" + strNama): Navigate to 'https://stockbit.com/#/symbol/SNLK' successfully

2024-01-22 18:46:30 - [MESSAGE][PASSED] - Navigate to 'https://stockbit.com/#/symbol/SNLK' successfully

2024-01-22 18:46:30 - [TEST_STEP][PASSED] - waitForElementClickable(findTestObject("Stockbit/menu_Bandarmology"), 10): Object 'Object Repository/Stockbit/menu_Bandarmology' is clickable

2024-01-22 18:46:30 - [MESSAGE][PASSED] - Object 'Object Repository/Stockbit/menu_Bandarmology' is clickable

2024-01-22 18:46:30 - [TEST_STEP][PASSED] - click(findTestObject("Stockbit/menu_Bandarmology")): Object: 'Object Repository/Stockbit/menu_Bandarmology' is clicked on

2024-01-22 18:46:31 - [MESSAGE][PASSED] - Object: 'Object Repository/Stockbit/menu_Bandarmology' is clicked on

2024-01-22 18:46:31 - [TEST_STEP][PASSED] - strTanggal = d.format(DateTimeFormatter.ofPattern("MMM dd, yyyy")): null

2024-01-22 18:46:31 - [TEST_STEP][PASSED] - strTanggal = d.format(ISO_DATE): null

2024-01-22 18:46:31 - [TEST_STEP][PASSED] - out.println("strTanggal = " + strTanggal): null

2024-01-22 18:46:31 - [TEST_STEP][PASSED] - out.println("strNama = " + strNama): null

2024-01-22 18:46:31 - [TEST_STEP][PASSED] - out.println("Baris ke = " + rowIndex): null

2024-01-22 18:46:31 - [TEST_STEP][PASSED] - click(findTestObject("Stockbit/input__BandarmologyOpenStartDate")): Object: 'Object Repository/Stockbit/input__BandarmologyOpenStartDate' is clicked on

2024-01-22 18:46:32 - [MESSAGE][PASSED] - Object: 'Object Repository/Stockbit/input__BandarmologyOpenStartDate' is clicked on

2024-01-22 18:46:32 - [TEST_STEP][PASSED] - sendKeys(findTestObject("Stockbit/input__BandarmologyOpenStartDate"), Keys.chord(CONTROL, "a")): Keys 'CONTROL + a' sent to object: 'Object Repository/Stockbit/input__BandarmologyOpenStartDate'

2024-01-22 18:46:33 - [MESSAGE][PASSED] - Keys 'CONTROL + a' sent to object: 'Object Repository/Stockbit/input__BandarmologyOpenStartDate'

2024-01-22 18:46:33 - [TEST_STEP][PASSED] - sendKeys(findTestObject("Stockbit/input__BandarmologyOpenStartDate"), Keys.chord(BACK_SPACE)): Keys 'BACK_SPACE + ' sent to object: 'Object Repository/Stockbit/input__BandarmologyOpenStartDate'

2024-01-22 18:46:33 - [MESSAGE][PASSED] - Keys 'BACK_SPACE + ' sent to object: 'Object Repository/Stockbit/input__BandarmologyOpenStartDate'

2024-01-22 18:46:33 - [TEST_STEP][PASSED] - setText(findTestObject("Stockbit/input__BandarmologyOpenStartDate"), strTanggal): Text '2024-01-22' is set on object 'Object Repository/Stockbit/input__BandarmologyOpenStartDate'

2024-01-22 18:46:34 - [MESSAGE][PASSED] - Text '2024-01-22' is set on object 'Object Repository/Stockbit/input__BandarmologyOpenStartDate'

2024-01-22 18:46:34 - [TEST_STEP][PASSED] - sendKeys(findTestObject("Stockbit/input__BandarmologyOpenStartDate"), Keys.chord(ENTER)): Keys 'ENTER + ' sent to object: 'Object Repository/Stockbit/input__BandarmologyOpenStartDate'

2024-01-22 18:46:34 - [MESSAGE][PASSED] - Keys 'ENTER + ' sent to object: 'Object Repository/Stockbit/input__BandarmologyOpenStartDate'

2024-01-22 18:46:34 - [TEST_STEP][PASSED] - click(findTestObject("Stockbit/input__BandarmologyOpenEndDate")): Object: 'Object Repository/Stockbit/input__BandarmologyOpenEndDate' is clicked on

2024-01-22 18:46:35 - [MESSAGE][PASSED] - Object: 'Object Repository/Stockbit/input__BandarmologyOpenEndDate' is clicked on

2024-01-22 18:46:35 - [TEST_STEP][PASSED] - sendKeys(findTestObject("Stockbit/input__BandarmologyOpenEndDate"), Keys.chord(CONTROL, "a")): Keys 'CONTROL + a' sent to object: 'Object Repository/Stockbit/input__BandarmologyOpenEndDate'

2024-01-22 18:46:35 - [MESSAGE][PASSED] - Keys 'CONTROL + a' sent to object: 'Object Repository/Stockbit/input__BandarmologyOpenEndDate'

2024-01-22 18:46:35 - [TEST_STEP][PASSED] - sendKeys(findTestObject("Stockbit/input__BandarmologyOpenEndDate"), Keys.chord(BACK_SPACE)): Keys 'BACK_SPACE + ' sent to object: 'Object Repository/Stockbit/input__BandarmologyOpenEndDate'

2024-01-22 18:46:36 - [MESSAGE][PASSED] - Keys 'BACK_SPACE + ' sent to object: 'Object Repository/Stockbit/input__BandarmologyOpenEndDate'

2024-01-22 18:46:36 - [TEST_STEP][PASSED] - setText(findTestObject("Stockbit/input__BandarmologyOpenEndDate"), strTanggal): Text '2024-01-22' is set on object 'Object Repository/Stockbit/input__BandarmologyOpenEndDate'

2024-01-22 18:46:36 - [MESSAGE][PASSED] - Text '2024-01-22' is set on object 'Object Repository/Stockbit/input__BandarmologyOpenEndDate'

2024-01-22 18:46:36 - [TEST_STEP][PASSED] - sendKeys(findTestObject("Stockbit/input__BandarmologyOpenEndDate"), Keys.chord(ENTER)): Keys 'ENTER + ' sent to object: 'Object Repository/Stockbit/input__BandarmologyOpenEndDate'

2024-01-22 18:46:37 - [MESSAGE][PASSED] - Keys 'ENTER + ' sent to object: 'Object Repository/Stockbit/input__BandarmologyOpenEndDate'

2024-01-22 18:46:37 - [TEST_STEP][PASSED] - delay(2): Delayed 2 second(s)

2024-01-22 18:46:39 - [MESSAGE][PASSED] - Delayed 2 second(s)

2024-01-22 18:46:39 - [TEST_STEP][PASSED] - strTemp = getText(findTestObject("Stockbit/Bandarmology_AvgRP")): Text of object 'Object Repository/Stockbit/Bandarmology_AvgRP' is: '473'

2024-01-22 18:46:39 - [MESSAGE][PASSED] - Text of object 'Object Repository/Stockbit/Bandarmology_AvgRP' is: '473'

2024-01-22 18:46:39 - [TEST_STEP][PASSED] - out.println("Bandarmology_AvgRP = " + strTemp): null

2024-01-22 18:46:39 - [TEST_STEP][PASSED] - if (strTemp != "0"): null

2024-01-22 18:46:39 - [TEST_STEP][PASSED] - strTop1 = getText(findTestObject("Stockbit/Bandarmology_Top1")): Text of object 'Object Repository/Stockbit/Bandarmology_Top1' is: 'Small Dist'

2024-01-22 18:46:39 - [MESSAGE][PASSED] - Text of object 'Object Repository/Stockbit/Bandarmology_Top1' is: 'Small Dist'

2024-01-22 18:46:39 - [TEST_STEP][PASSED] - strTop3 = getText(findTestObject("Stockbit/Bandarmology_Top3")): Text of object 'Object Repository/Stockbit/Bandarmology_Top3' is: 'Big Dist'

2024-01-22 18:46:39 - [MESSAGE][PASSED] - Text of object 'Object Repository/Stockbit/Bandarmology_Top3' is: 'Big Dist'

2024-01-22 18:46:39 - [TEST_STEP][PASSED] - strTop5 = getText(findTestObject("Stockbit/Bandarmology_Top5")): Text of object 'Object Repository/Stockbit/Bandarmology_Top5' is: 'Big Dist'

2024-01-22 18:46:39 - [MESSAGE][PASSED] - Text of object 'Object Repository/Stockbit/Bandarmology_Top5' is: 'Big Dist'

2024-01-22 18:46:39 - [TEST_STEP][PASSED] - strAllBrokAvg = getText(findTestObject("Stockbit/Bandarmology_TopAVG")): Text of object 'Object Repository/Stockbit/Bandarmology_TopAVG' is: 'Big Dist'

2024-01-22 18:46:39 - [MESSAGE][PASSED] - Text of object 'Object Repository/Stockbit/Bandarmology_TopAVG' is: 'Big Dist'

2024-01-22 18:46:39 - [TEST_STEP][PASSED] - strTemp = getText(findTestObject("Stockbit/Bandarmology_AvgRP")): Text of object 'Object Repository/Stockbit/Bandarmology_AvgRP' is: '473'

2024-01-22 18:46:39 - [MESSAGE][PASSED] - Text of object 'Object Repository/Stockbit/Bandarmology_AvgRP' is: '473'

2024-01-22 18:46:39 - [TEST_STEP][PASSED] - if (strTemp.contains(",")): null

2024-01-22 18:46:39 - [TEST_STEP][PASSED] - intAvgRP = strTemp.toInteger(): null

2024-01-22 18:46:39 - [TEST_STEP][PASSED] - strBuyer1 = getText(findTestObject("Stockbit/Bandarmology_Buyer1")): Text of object 'Object Repository/Stockbit/Bandarmology_Buyer1' is: 'RO'

2024-01-22 18:46:39 - [MESSAGE][PASSED] - Text of object 'Object Repository/Stockbit/Bandarmology_Buyer1' is: 'RO'

2024-01-22 18:46:39 - [TEST_STEP][PASSED] - strBuyerVol1 = getText(findTestObject("Stockbit/Bandarmology_BuyerVol1")): Text of object 'Object Repository/Stockbit/Bandarmology_BuyerVol1' is: '2.3 K'

2024-01-22 18:46:40 - [MESSAGE][PASSED] - Text of object 'Object Repository/Stockbit/Bandarmology_BuyerVol1' is: '2.3 K'

2024-01-22 18:46:40 - [TEST_STEP][PASSED] - strBuyerAvg1 = getText(findTestObject("Stockbit/Bandarmology_BuyerAvg1")): Text of object 'Object Repository/Stockbit/Bandarmology_BuyerAvg1' is: '472'

2024-01-22 18:46:40 - [MESSAGE][PASSED] - Text of object 'Object Repository/Stockbit/Bandarmology_BuyerAvg1' is: '472'

2024-01-22 18:46:40 - [TEST_STEP][PASSED] - if (strBuyerAvg1.contains(",")): null

2024-01-22 18:46:40 - [TEST_STEP][PASSED] - if (strBuyerVol1.contains(" B")): null

2024-01-22 18:46:40 - [TEST_STEP][PASSED] - else if (strBuyerVol1.contains(" M")): null

2024-01-22 18:46:40 - [TEST_STEP][PASSED] - else if (strBuyerVol1.contains(" K")): null

2024-01-22 18:46:40 - [TEST_STEP][PASSED] - strBuyerVol1 = strBuyerVol1.replace(" K", ""): null

2024-01-22 18:46:40 - [TEST_STEP][PASSED] - strBuyerVol1 = strBuyerVol1.toDouble() * 1000: null

2024-01-22 18:46:40 - [TEST_STEP][PASSED] - strSeller1 = getText(findTestObject("Stockbit/Bandarmology_Seller1")): Text of object 'Object Repository/Stockbit/Bandarmology_Seller1' is: 'XA'

2024-01-22 18:46:40 - [MESSAGE][PASSED] - Text of object 'Object Repository/Stockbit/Bandarmology_Seller1' is: 'XA'

2024-01-22 18:46:40 - [TEST_STEP][PASSED] - strSellerVol1 = getText(findTestObject("Stockbit/Bandarmology_SellerVol1")): Text of object 'Object Repository/Stockbit/Bandarmology_SellerVol1' is: '3.4 K'

2024-01-22 18:46:40 - [MESSAGE][PASSED] - Text of object 'Object Repository/Stockbit/Bandarmology_SellerVol1' is: '3.4 K'

2024-01-22 18:46:40 - [TEST_STEP][PASSED] - strSellerAvg1 = getText(findTestObject("Stockbit/Bandarmology_SellerAvg1")): Text of object 'Object Repository/Stockbit/Bandarmology_SellerAvg1' is: '474'

2024-01-22 18:46:40 - [MESSAGE][PASSED] - Text of object 'Object Repository/Stockbit/Bandarmology_SellerAvg1' is: '474'

2024-01-22 18:46:40 - [TEST_STEP][PASSED] - if (strSellerAvg1.contains(",")): null

2024-01-22 18:46:40 - [TEST_STEP][PASSED] - if (strSellerVol1.contains(" B")): null

2024-01-22 18:46:40 - [TEST_STEP][PASSED] - else if (strSellerVol1.contains(" M")): null

2024-01-22 18:46:40 - [TEST_STEP][PASSED] - else if (strSellerVol1.contains(" K")): null

2024-01-22 18:46:40 - [TEST_STEP][PASSED] - strSellerVol1 = strSellerVol1.replace(" K", ""): null

2024-01-22 18:46:40 - [TEST_STEP][PASSED] - strSellerVol1 = strSellerVol1.toDouble() * 1000: null

2024-01-22 18:46:40 - [TEST_STEP][PASSED] - if (verifyElementNotPresent(findTestObject("Stockbit/Bandarmology_Buyer2"), 1, OPTIONAL)): Web element with id: 'Object Repository/Stockbit/Bandarmology_Buyer2' located by 'By.xpath: //*[contains(@id, 'rc-tabs-')]/div[2]/div/div/div/div/div/div[2]/table/tbody/tr[3]/td[1]/p' is present after '1' second(s) (Root cause: com.kms.katalon.core.exception.StepFailedException: Web element with id: 'Object Repository/Stockbit/Bandarmology_Buyer2' located by 'By.xpath: //*[contains(@id, 'rc-tabs-')]/div[2]/div/div/div/div/div/div[2]/table/tbody/tr[3]/td[1]/p' is present after '1' second(s)
	at com.kms.katalon.core.webui.keyword.internal.WebUIKeywordMain.stepFailed(WebUIKeywordMain.groovy:64)
	at com.kms.katalon.core.webui.keyword.internal.WebUIKeywordMain$stepFailed$0.call(Unknown Source)
	at com.kms.katalon.core.webui.keyword.builtin.VerifyElementNotPresentKeyword$_verifyElementNotPresent_closure1.doCall(VerifyElementNotPresentKeyword.groovy:106)
	at com.kms.katalon.core.webui.keyword.builtin.VerifyElementNotPresentKeyword$_verifyElementNotPresent_closure1.doCall(VerifyElementNotPresentKeyword.groovy)
	at com.kms.katalon.core.webui.keyword.internal.WebUIKeywordMain.runKeyword(WebUIKeywordMain.groovy:20)
	at com.kms.katalon.core.webui.keyword.internal.WebUIKeywordMain$runKeyword.call(Unknown Source)
	at com.kms.katalon.core.webui.keyword.builtin.VerifyElementNotPresentKeyword.verifyElementNotPresent(VerifyElementNotPresentKeyword.groovy:117)
	at com.kms.katalon.core.webui.keyword.builtin.VerifyElementNotPresentKeyword.execute(VerifyElementNotPresentKeyword.groovy:68)
	at com.kms.katalon.core.keyword.internal.KeywordExecutor.executeKeywordForPlatform(KeywordExecutor.groovy:74)
	at com.kms.katalon.core.webui.keyword.WebUiBuiltInKeywords.verifyElementNotPresent(WebUiBuiltInKeywords.groovy:1481)
	at com.kms.katalon.core.webui.keyword.WebUiBuiltInKeywords$verifyElementNotPresent$8.call(Unknown Source)
	at GetBrokSumPriceDaily.run(GetBrokSumPriceDaily:258)
	at com.kms.katalon.core.main.ScriptEngine.run(ScriptEngine.java:194)
	at com.kms.katalon.core.main.ScriptEngine.runScriptAsRawText(ScriptEngine.java:119)
	at com.kms.katalon.core.main.TestCaseExecutor.runScript(TestCaseExecutor.java:445)
	at com.kms.katalon.core.main.TestCaseExecutor.doExecute(TestCaseExecutor.java:436)
	at com.kms.katalon.core.main.TestCaseExecutor.processExecutionPhase(TestCaseExecutor.java:415)
	at com.kms.katalon.core.main.TestCaseExecutor.accessMainPhase(TestCaseExecutor.java:407)
	at com.kms.katalon.core.main.TestCaseExecutor.execute(TestCaseExecutor.java:284)
	at com.kms.katalon.core.common.CommonExecutor.accessTestCaseMainPhase(CommonExecutor.java:65)
	at com.kms.katalon.core.main.TestSuiteExecutor.accessTestSuiteMainPhase(TestSuiteExecutor.java:144)
	at com.kms.katalon.core.main.TestSuiteExecutor.execute(TestSuiteExecutor.java:106)
	at com.kms.katalon.core.main.TestCaseMain.startTestSuite(TestCaseMain.java:185)
	at com.kms.katalon.core.main.TestCaseMain$startTestSuite$0.call(Unknown Source)
	at TempTestSuite1705923140048.run(TempTestSuite1705923140048.groovy:36)
)

2024-01-22 18:46:41 - [MESSAGE][WARNING] - Web element with id: 'Object Repository/Stockbit/Bandarmology_Buyer2' located by 'By.xpath: //*[contains(@id, 'rc-tabs-')]/div[2]/div/div/div/div/div/div[2]/table/tbody/tr[3]/td[1]/p' is present after '1' second(s) (Root cause: com.kms.katalon.core.exception.StepFailedException: Web element with id: 'Object Repository/Stockbit/Bandarmology_Buyer2' located by 'By.xpath: //*[contains(@id, 'rc-tabs-')]/div[2]/div/div/div/div/div/div[2]/table/tbody/tr[3]/td[1]/p' is present after '1' second(s)
	at com.kms.katalon.core.webui.keyword.internal.WebUIKeywordMain.stepFailed(WebUIKeywordMain.groovy:64)
	at com.kms.katalon.core.webui.keyword.internal.WebUIKeywordMain$stepFailed$0.call(Unknown Source)
	at com.kms.katalon.core.webui.keyword.builtin.VerifyElementNotPresentKeyword$_verifyElementNotPresent_closure1.doCall(VerifyElementNotPresentKeyword.groovy:106)
	at com.kms.katalon.core.webui.keyword.builtin.VerifyElementNotPresentKeyword$_verifyElementNotPresent_closure1.doCall(VerifyElementNotPresentKeyword.groovy)
	at com.kms.katalon.core.webui.keyword.internal.WebUIKeywordMain.runKeyword(WebUIKeywordMain.groovy:20)
	at com.kms.katalon.core.webui.keyword.internal.WebUIKeywordMain$runKeyword.call(Unknown Source)
	at com.kms.katalon.core.webui.keyword.builtin.VerifyElementNotPresentKeyword.verifyElementNotPresent(VerifyElementNotPresentKeyword.groovy:117)
	at com.kms.katalon.core.webui.keyword.builtin.VerifyElementNotPresentKeyword.execute(VerifyElementNotPresentKeyword.groovy:68)
	at com.kms.katalon.core.keyword.internal.KeywordExecutor.executeKeywordForPlatform(KeywordExecutor.groovy:74)
	at com.kms.katalon.core.webui.keyword.WebUiBuiltInKeywords.verifyElementNotPresent(WebUiBuiltInKeywords.groovy:1481)
	at com.kms.katalon.core.webui.keyword.WebUiBuiltInKeywords$verifyElementNotPresent$8.call(Unknown Source)
	at GetBrokSumPriceDaily.run(GetBrokSumPriceDaily:258)
	at com.kms.katalon.core.main.ScriptEngine.run(ScriptEngine.java:194)
	at com.kms.katalon.core.main.ScriptEngine.runScriptAsRawText(ScriptEngine.java:119)
	at com.kms.katalon.core.main.TestCaseExecutor.runScript(TestCaseExecutor.java:445)
	at com.kms.katalon.core.main.TestCaseExecutor.doExecute(TestCaseExecutor.java:436)
	at com.kms.katalon.core.main.TestCaseExecutor.processExecutionPhase(TestCaseExecutor.java:415)
	at com.kms.katalon.core.main.TestCaseExecutor.accessMainPhase(TestCaseExecutor.java:407)
	at com.kms.katalon.core.main.TestCaseExecutor.execute(TestCaseExecutor.java:284)
	at com.kms.katalon.core.common.CommonExecutor.accessTestCaseMainPhase(CommonExecutor.java:65)
	at com.kms.katalon.core.main.TestSuiteExecutor.accessTestSuiteMainPhase(TestSuiteExecutor.java:144)
	at com.kms.katalon.core.main.TestSuiteExecutor.execute(TestSuiteExecutor.java:106)
	at com.kms.katalon.core.main.TestCaseMain.startTestSuite(TestCaseMain.java:185)
	at com.kms.katalon.core.main.TestCaseMain$startTestSuite$0.call(Unknown Source)
	at TempTestSuite1705923140048.run(TempTestSuite1705923140048.groovy:36)
)
[[ATTACHMENT|C:\\Users\\Fadli\\git\\KatalonDailyGetData2\\Reports\\20240122_174123\\TS1\\20240122_183220\\1705924001737.png]]

2024-01-22 18:46:41 - [TEST_STEP][PASSED] - else: null

2024-01-22 18:46:41 - [TEST_STEP][PASSED] - strBuyer2 = getText(findTestObject("Stockbit/Bandarmology_Buyer2")): Text of object 'Object Repository/Stockbit/Bandarmology_Buyer2' is: 'AZ'

2024-01-22 18:46:42 - [MESSAGE][PASSED] - Text of object 'Object Repository/Stockbit/Bandarmology_Buyer2' is: 'AZ'

2024-01-22 18:46:42 - [TEST_STEP][PASSED] - strBuyerVol2 = getText(findTestObject("Stockbit/Bandarmology_BuyerVol2")): Text of object 'Object Repository/Stockbit/Bandarmology_BuyerVol2' is: '2.2 K'

2024-01-22 18:46:42 - [MESSAGE][PASSED] - Text of object 'Object Repository/Stockbit/Bandarmology_BuyerVol2' is: '2.2 K'

2024-01-22 18:46:42 - [TEST_STEP][PASSED] - strBuyerAvg2 = getText(findTestObject("Stockbit/Bandarmology_BuyerAvg2")): Text of object 'Object Repository/Stockbit/Bandarmology_BuyerAvg2' is: '473'

2024-01-22 18:46:42 - [MESSAGE][PASSED] - Text of object 'Object Repository/Stockbit/Bandarmology_BuyerAvg2' is: '473'

2024-01-22 18:46:42 - [TEST_STEP][PASSED] - if (strBuyer2 != ""): null

2024-01-22 18:46:42 - [TEST_STEP][PASSED] - if (strBuyerAvg2.contains(",")): null

2024-01-22 18:46:42 - [TEST_STEP][PASSED] - if (strBuyerVol2.contains(" B")): null

2024-01-22 18:46:42 - [TEST_STEP][PASSED] - else if (strBuyerVol2.contains(" M")): null

2024-01-22 18:46:42 - [TEST_STEP][PASSED] - else if (strBuyerVol2.contains(" K")): null

2024-01-22 18:46:42 - [TEST_STEP][PASSED] - strBuyerVol2 = strBuyerVol2.replace(" K", ""): null

2024-01-22 18:46:42 - [TEST_STEP][PASSED] - strBuyerVol2 = strBuyerVol2.toDouble() * 1000: null

2024-01-22 18:46:42 - [TEST_STEP][PASSED] - if (strBuyerVol2.contains(".")): null

2024-01-22 18:46:42 - [TEST_STEP][PASSED] - strBuyerVal2 = strBuyerVol2.replace(".", ""): null

2024-01-22 18:46:42 - [TEST_STEP][PASSED] - if (verifyElementNotPresent(findTestObject("Stockbit/Bandarmology_Seller2"), 1, OPTIONAL)): Web element with id: 'Object Repository/Stockbit/Bandarmology_Seller2' located by 'By.xpath: //*[contains(@id, 'rc-tabs-')]/div[2]/div/div/div/div/div/div[2]/table/tbody/tr[3]/td[5]/p' is present after '1' second(s) (Root cause: com.kms.katalon.core.exception.StepFailedException: Web element with id: 'Object Repository/Stockbit/Bandarmology_Seller2' located by 'By.xpath: //*[contains(@id, 'rc-tabs-')]/div[2]/div/div/div/div/div/div[2]/table/tbody/tr[3]/td[5]/p' is present after '1' second(s)
	at com.kms.katalon.core.webui.keyword.internal.WebUIKeywordMain.stepFailed(WebUIKeywordMain.groovy:64)
	at com.kms.katalon.core.webui.keyword.internal.WebUIKeywordMain$stepFailed$0.call(Unknown Source)
	at com.kms.katalon.core.webui.keyword.builtin.VerifyElementNotPresentKeyword$_verifyElementNotPresent_closure1.doCall(VerifyElementNotPresentKeyword.groovy:106)
	at com.kms.katalon.core.webui.keyword.builtin.VerifyElementNotPresentKeyword$_verifyElementNotPresent_closure1.doCall(VerifyElementNotPresentKeyword.groovy)
	at com.kms.katalon.core.webui.keyword.internal.WebUIKeywordMain.runKeyword(WebUIKeywordMain.groovy:20)
	at com.kms.katalon.core.webui.keyword.internal.WebUIKeywordMain$runKeyword.call(Unknown Source)
	at com.kms.katalon.core.webui.keyword.builtin.VerifyElementNotPresentKeyword.verifyElementNotPresent(VerifyElementNotPresentKeyword.groovy:117)
	at com.kms.katalon.core.webui.keyword.builtin.VerifyElementNotPresentKeyword.execute(VerifyElementNotPresentKeyword.groovy:68)
	at com.kms.katalon.core.keyword.internal.KeywordExecutor.executeKeywordForPlatform(KeywordExecutor.groovy:74)
	at com.kms.katalon.core.webui.keyword.WebUiBuiltInKeywords.verifyElementNotPresent(WebUiBuiltInKeywords.groovy:1481)
	at com.kms.katalon.core.webui.keyword.WebUiBuiltInKeywords$verifyElementNotPresent$8.call(Unknown Source)
	at GetBrokSumPriceDaily.run(GetBrokSumPriceDaily:309)
	at com.kms.katalon.core.main.ScriptEngine.run(ScriptEngine.java:194)
	at com.kms.katalon.core.main.ScriptEngine.runScriptAsRawText(ScriptEngine.java:119)
	at com.kms.katalon.core.main.TestCaseExecutor.runScript(TestCaseExecutor.java:445)
	at com.kms.katalon.core.main.TestCaseExecutor.doExecute(TestCaseExecutor.java:436)
	at com.kms.katalon.core.main.TestCaseExecutor.processExecutionPhase(TestCaseExecutor.java:415)
	at com.kms.katalon.core.main.TestCaseExecutor.accessMainPhase(TestCaseExecutor.java:407)
	at com.kms.katalon.core.main.TestCaseExecutor.execute(TestCaseExecutor.java:284)
	at com.kms.katalon.core.common.CommonExecutor.accessTestCaseMainPhase(CommonExecutor.java:65)
	at com.kms.katalon.core.main.TestSuiteExecutor.accessTestSuiteMainPhase(TestSuiteExecutor.java:144)
	at com.kms.katalon.core.main.TestSuiteExecutor.execute(TestSuiteExecutor.java:106)
	at com.kms.katalon.core.main.TestCaseMain.startTestSuite(TestCaseMain.java:185)
	at com.kms.katalon.core.main.TestCaseMain$startTestSuite$0.call(Unknown Source)
	at TempTestSuite1705923140048.run(TempTestSuite1705923140048.groovy:36)
)

2024-01-22 18:46:43 - [MESSAGE][WARNING] - Web element with id: 'Object Repository/Stockbit/Bandarmology_Seller2' located by 'By.xpath: //*[contains(@id, 'rc-tabs-')]/div[2]/div/div/div/div/div/div[2]/table/tbody/tr[3]/td[5]/p' is present after '1' second(s) (Root cause: com.kms.katalon.core.exception.StepFailedException: Web element with id: 'Object Repository/Stockbit/Bandarmology_Seller2' located by 'By.xpath: //*[contains(@id, 'rc-tabs-')]/div[2]/div/div/div/div/div/div[2]/table/tbody/tr[3]/td[5]/p' is present after '1' second(s)
	at com.kms.katalon.core.webui.keyword.internal.WebUIKeywordMain.stepFailed(WebUIKeywordMain.groovy:64)
	at com.kms.katalon.core.webui.keyword.internal.WebUIKeywordMain$stepFailed$0.call(Unknown Source)
	at com.kms.katalon.core.webui.keyword.builtin.VerifyElementNotPresentKeyword$_verifyElementNotPresent_closure1.doCall(VerifyElementNotPresentKeyword.groovy:106)
	at com.kms.katalon.core.webui.keyword.builtin.VerifyElementNotPresentKeyword$_verifyElementNotPresent_closure1.doCall(VerifyElementNotPresentKeyword.groovy)
	at com.kms.katalon.core.webui.keyword.internal.WebUIKeywordMain.runKeyword(WebUIKeywordMain.groovy:20)
	at com.kms.katalon.core.webui.keyword.internal.WebUIKeywordMain$runKeyword.call(Unknown Source)
	at com.kms.katalon.core.webui.keyword.builtin.VerifyElementNotPresentKeyword.verifyElementNotPresent(VerifyElementNotPresentKeyword.groovy:117)
	at com.kms.katalon.core.webui.keyword.builtin.VerifyElementNotPresentKeyword.execute(VerifyElementNotPresentKeyword.groovy:68)
	at com.kms.katalon.core.keyword.internal.KeywordExecutor.executeKeywordForPlatform(KeywordExecutor.groovy:74)
	at com.kms.katalon.core.webui.keyword.WebUiBuiltInKeywords.verifyElementNotPresent(WebUiBuiltInKeywords.groovy:1481)
	at com.kms.katalon.core.webui.keyword.WebUiBuiltInKeywords$verifyElementNotPresent$8.call(Unknown Source)
	at GetBrokSumPriceDaily.run(GetBrokSumPriceDaily:309)
	at com.kms.katalon.core.main.ScriptEngine.run(ScriptEngine.java:194)
	at com.kms.katalon.core.main.ScriptEngine.runScriptAsRawText(ScriptEngine.java:119)
	at com.kms.katalon.core.main.TestCaseExecutor.runScript(TestCaseExecutor.java:445)
	at com.kms.katalon.core.main.TestCaseExecutor.doExecute(TestCaseExecutor.java:436)
	at com.kms.katalon.core.main.TestCaseExecutor.processExecutionPhase(TestCaseExecutor.java:415)
	at com.kms.katalon.core.main.TestCaseExecutor.accessMainPhase(TestCaseExecutor.java:407)
	at com.kms.katalon.core.main.TestCaseExecutor.execute(TestCaseExecutor.java:284)
	at com.kms.katalon.core.common.CommonExecutor.accessTestCaseMainPhase(CommonExecutor.java:65)
	at com.kms.katalon.core.main.TestSuiteExecutor.accessTestSuiteMainPhase(TestSuiteExecutor.java:144)
	at com.kms.katalon.core.main.TestSuiteExecutor.execute(TestSuiteExecutor.java:106)
	at com.kms.katalon.core.main.TestCaseMain.startTestSuite(TestCaseMain.java:185)
	at com.kms.katalon.core.main.TestCaseMain$startTestSuite$0.call(Unknown Source)
	at TempTestSuite1705923140048.run(TempTestSuite1705923140048.groovy:36)
)
[[ATTACHMENT|C:\\Users\\Fadli\\git\\KatalonDailyGetData2\\Reports\\20240122_174123\\TS1\\20240122_183220\\1705924003442.png]]

2024-01-22 18:46:43 - [TEST_STEP][PASSED] - else: null

2024-01-22 18:46:43 - [TEST_STEP][PASSED] - strSeller2 = getText(findTestObject("Stockbit/Bandarmology_Seller2")): Text of object 'Object Repository/Stockbit/Bandarmology_Seller2' is: 'ZP'

2024-01-22 18:46:43 - [MESSAGE][PASSED] - Text of object 'Object Repository/Stockbit/Bandarmology_Seller2' is: 'ZP'

2024-01-22 18:46:43 - [TEST_STEP][PASSED] - strSellerVol2 = getText(findTestObject("Stockbit/Bandarmology_SellerVol2")): Text of object 'Object Repository/Stockbit/Bandarmology_SellerVol2' is: '3.4 K'

2024-01-22 18:46:43 - [MESSAGE][PASSED] - Text of object 'Object Repository/Stockbit/Bandarmology_SellerVol2' is: '3.4 K'

2024-01-22 18:46:43 - [TEST_STEP][PASSED] - strSellerAvg2 = getText(findTestObject("Stockbit/Bandarmology_SellerAvg2")): Text of object 'Object Repository/Stockbit/Bandarmology_SellerAvg2' is: '472'

2024-01-22 18:46:43 - [MESSAGE][PASSED] - Text of object 'Object Repository/Stockbit/Bandarmology_SellerAvg2' is: '472'

2024-01-22 18:46:43 - [TEST_STEP][PASSED] - if (strSeller2 != ""): null

2024-01-22 18:46:43 - [TEST_STEP][PASSED] - if (strSellerAvg2.contains(",")): null

2024-01-22 18:46:43 - [TEST_STEP][PASSED] - if (strSellerVol2.contains(" B")): null

2024-01-22 18:46:43 - [TEST_STEP][PASSED] - else if (strSellerVol2.contains(" M")): null

2024-01-22 18:46:43 - [TEST_STEP][PASSED] - else if (strSellerVol2.contains(" K")): null

2024-01-22 18:46:43 - [TEST_STEP][PASSED] - strSellerVol2 = strSellerVol2.replace(" K", ""): null

2024-01-22 18:46:43 - [TEST_STEP][PASSED] - strSellerVol2 = strSellerVol2.toDouble() * 1000: null

2024-01-22 18:46:43 - [TEST_STEP][PASSED] - if (verifyElementNotPresent(findTestObject("Stockbit/Bandarmology_Buyer3"), 1, OPTIONAL)): Web element with id: 'Object Repository/Stockbit/Bandarmology_Buyer3' located by 'By.xpath: //*[contains(@id, 'rc-tabs-')]/div[2]/div/div/div/div/div/div[2]/table/tbody/tr[4]/td[1]/p' is present after '1' second(s) (Root cause: com.kms.katalon.core.exception.StepFailedException: Web element with id: 'Object Repository/Stockbit/Bandarmology_Buyer3' located by 'By.xpath: //*[contains(@id, 'rc-tabs-')]/div[2]/div/div/div/div/div/div[2]/table/tbody/tr[4]/td[1]/p' is present after '1' second(s)
	at com.kms.katalon.core.webui.keyword.internal.WebUIKeywordMain.stepFailed(WebUIKeywordMain.groovy:64)
	at com.kms.katalon.core.webui.keyword.internal.WebUIKeywordMain$stepFailed$0.call(Unknown Source)
	at com.kms.katalon.core.webui.keyword.builtin.VerifyElementNotPresentKeyword$_verifyElementNotPresent_closure1.doCall(VerifyElementNotPresentKeyword.groovy:106)
	at com.kms.katalon.core.webui.keyword.builtin.VerifyElementNotPresentKeyword$_verifyElementNotPresent_closure1.doCall(VerifyElementNotPresentKeyword.groovy)
	at com.kms.katalon.core.webui.keyword.internal.WebUIKeywordMain.runKeyword(WebUIKeywordMain.groovy:20)
	at com.kms.katalon.core.webui.keyword.internal.WebUIKeywordMain$runKeyword.call(Unknown Source)
	at com.kms.katalon.core.webui.keyword.builtin.VerifyElementNotPresentKeyword.verifyElementNotPresent(VerifyElementNotPresentKeyword.groovy:117)
	at com.kms.katalon.core.webui.keyword.builtin.VerifyElementNotPresentKeyword.execute(VerifyElementNotPresentKeyword.groovy:68)
	at com.kms.katalon.core.keyword.internal.KeywordExecutor.executeKeywordForPlatform(KeywordExecutor.groovy:74)
	at com.kms.katalon.core.webui.keyword.WebUiBuiltInKeywords.verifyElementNotPresent(WebUiBuiltInKeywords.groovy:1481)
	at com.kms.katalon.core.webui.keyword.WebUiBuiltInKeywords$verifyElementNotPresent$8.call(Unknown Source)
	at GetBrokSumPriceDaily.run(GetBrokSumPriceDaily:361)
	at com.kms.katalon.core.main.ScriptEngine.run(ScriptEngine.java:194)
	at com.kms.katalon.core.main.ScriptEngine.runScriptAsRawText(ScriptEngine.java:119)
	at com.kms.katalon.core.main.TestCaseExecutor.runScript(TestCaseExecutor.java:445)
	at com.kms.katalon.core.main.TestCaseExecutor.doExecute(TestCaseExecutor.java:436)
	at com.kms.katalon.core.main.TestCaseExecutor.processExecutionPhase(TestCaseExecutor.java:415)
	at com.kms.katalon.core.main.TestCaseExecutor.accessMainPhase(TestCaseExecutor.java:407)
	at com.kms.katalon.core.main.TestCaseExecutor.execute(TestCaseExecutor.java:284)
	at com.kms.katalon.core.common.CommonExecutor.accessTestCaseMainPhase(CommonExecutor.java:65)
	at com.kms.katalon.core.main.TestSuiteExecutor.accessTestSuiteMainPhase(TestSuiteExecutor.java:144)
	at com.kms.katalon.core.main.TestSuiteExecutor.execute(TestSuiteExecutor.java:106)
	at com.kms.katalon.core.main.TestCaseMain.startTestSuite(TestCaseMain.java:185)
	at com.kms.katalon.core.main.TestCaseMain$startTestSuite$0.call(Unknown Source)
	at TempTestSuite1705923140048.run(TempTestSuite1705923140048.groovy:36)
)

2024-01-22 18:46:45 - [MESSAGE][WARNING] - Web element with id: 'Object Repository/Stockbit/Bandarmology_Buyer3' located by 'By.xpath: //*[contains(@id, 'rc-tabs-')]/div[2]/div/div/div/div/div/div[2]/table/tbody/tr[4]/td[1]/p' is present after '1' second(s) (Root cause: com.kms.katalon.core.exception.StepFailedException: Web element with id: 'Object Repository/Stockbit/Bandarmology_Buyer3' located by 'By.xpath: //*[contains(@id, 'rc-tabs-')]/div[2]/div/div/div/div/div/div[2]/table/tbody/tr[4]/td[1]/p' is present after '1' second(s)
	at com.kms.katalon.core.webui.keyword.internal.WebUIKeywordMain.stepFailed(WebUIKeywordMain.groovy:64)
	at com.kms.katalon.core.webui.keyword.internal.WebUIKeywordMain$stepFailed$0.call(Unknown Source)
	at com.kms.katalon.core.webui.keyword.builtin.VerifyElementNotPresentKeyword$_verifyElementNotPresent_closure1.doCall(VerifyElementNotPresentKeyword.groovy:106)
	at com.kms.katalon.core.webui.keyword.builtin.VerifyElementNotPresentKeyword$_verifyElementNotPresent_closure1.doCall(VerifyElementNotPresentKeyword.groovy)
	at com.kms.katalon.core.webui.keyword.internal.WebUIKeywordMain.runKeyword(WebUIKeywordMain.groovy:20)
	at com.kms.katalon.core.webui.keyword.internal.WebUIKeywordMain$runKeyword.call(Unknown Source)
	at com.kms.katalon.core.webui.keyword.builtin.VerifyElementNotPresentKeyword.verifyElementNotPresent(VerifyElementNotPresentKeyword.groovy:117)
	at com.kms.katalon.core.webui.keyword.builtin.VerifyElementNotPresentKeyword.execute(VerifyElementNotPresentKeyword.groovy:68)
	at com.kms.katalon.core.keyword.internal.KeywordExecutor.executeKeywordForPlatform(KeywordExecutor.groovy:74)
	at com.kms.katalon.core.webui.keyword.WebUiBuiltInKeywords.verifyElementNotPresent(WebUiBuiltInKeywords.groovy:1481)
	at com.kms.katalon.core.webui.keyword.WebUiBuiltInKeywords$verifyElementNotPresent$8.call(Unknown Source)
	at GetBrokSumPriceDaily.run(GetBrokSumPriceDaily:361)
	at com.kms.katalon.core.main.ScriptEngine.run(ScriptEngine.java:194)
	at com.kms.katalon.core.main.ScriptEngine.runScriptAsRawText(ScriptEngine.java:119)
	at com.kms.katalon.core.main.TestCaseExecutor.runScript(TestCaseExecutor.java:445)
	at com.kms.katalon.core.main.TestCaseExecutor.doExecute(TestCaseExecutor.java:436)
	at com.kms.katalon.core.main.TestCaseExecutor.processExecutionPhase(TestCaseExecutor.java:415)
	at com.kms.katalon.core.main.TestCaseExecutor.accessMainPhase(TestCaseExecutor.java:407)
	at com.kms.katalon.core.main.TestCaseExecutor.execute(TestCaseExecutor.java:284)
	at com.kms.katalon.core.common.CommonExecutor.accessTestCaseMainPhase(CommonExecutor.java:65)
	at com.kms.katalon.core.main.TestSuiteExecutor.accessTestSuiteMainPhase(TestSuiteExecutor.java:144)
	at com.kms.katalon.core.main.TestSuiteExecutor.execute(TestSuiteExecutor.java:106)
	at com.kms.katalon.core.main.TestCaseMain.startTestSuite(TestCaseMain.java:185)
	at com.kms.katalon.core.main.TestCaseMain$startTestSuite$0.call(Unknown Source)
	at TempTestSuite1705923140048.run(TempTestSuite1705923140048.groovy:36)
)
[[ATTACHMENT|C:\\Users\\Fadli\\git\\KatalonDailyGetData2\\Reports\\20240122_174123\\TS1\\20240122_183220\\1705924005139.png]]

2024-01-22 18:46:45 - [TEST_STEP][PASSED] - else: null

2024-01-22 18:46:45 - [TEST_STEP][PASSED] - strBuyer3 = getText(findTestObject("Stockbit/Bandarmology_Buyer3")): Text of object 'Object Repository/Stockbit/Bandarmology_Buyer3' is: 'BQ'

2024-01-22 18:46:45 - [MESSAGE][PASSED] - Text of object 'Object Repository/Stockbit/Bandarmology_Buyer3' is: 'BQ'

2024-01-22 18:46:45 - [TEST_STEP][PASSED] - strBuyerVol3 = getText(findTestObject("Stockbit/Bandarmology_BuyerVol3")): Text of object 'Object Repository/Stockbit/Bandarmology_BuyerVol3' is: '1.4 K'

2024-01-22 18:46:45 - [MESSAGE][PASSED] - Text of object 'Object Repository/Stockbit/Bandarmology_BuyerVol3' is: '1.4 K'

2024-01-22 18:46:45 - [TEST_STEP][PASSED] - strBuyerAvg3 = getText(findTestObject("Stockbit/Bandarmology_BuyerAvg3")): Text of object 'Object Repository/Stockbit/Bandarmology_BuyerAvg3' is: '473'

2024-01-22 18:46:45 - [MESSAGE][PASSED] - Text of object 'Object Repository/Stockbit/Bandarmology_BuyerAvg3' is: '473'

2024-01-22 18:46:45 - [TEST_STEP][PASSED] - if (strBuyer3 != ""): null

2024-01-22 18:46:45 - [TEST_STEP][PASSED] - if (strBuyerAvg3.contains(",")): null

2024-01-22 18:46:45 - [TEST_STEP][PASSED] - if (strBuyerVol3.contains(" B")): null

2024-01-22 18:46:45 - [TEST_STEP][PASSED] - else if (strBuyerVol3.contains(" M")): null

2024-01-22 18:46:45 - [TEST_STEP][PASSED] - else if (strBuyerVol3.contains(" K")): null

2024-01-22 18:46:45 - [TEST_STEP][PASSED] - strBuyerVol3 = strBuyerVol3.replace(" K", ""): null

2024-01-22 18:46:45 - [TEST_STEP][PASSED] - strBuyerVol3 = strBuyerVol3.toDouble() * 1000: null

2024-01-22 18:46:45 - [TEST_STEP][PASSED] - if (verifyElementNotPresent(findTestObject("Stockbit/Bandarmology_Seller3"), 1, OPTIONAL)): Web element with id: 'Object Repository/Stockbit/Bandarmology_Seller3' located by 'By.xpath: //*[contains(@id, 'rc-tabs-')]/div[2]/div/div/div/div/div/div[2]/table/tbody/tr[4]/td[5]/p' is present after '1' second(s) (Root cause: com.kms.katalon.core.exception.StepFailedException: Web element with id: 'Object Repository/Stockbit/Bandarmology_Seller3' located by 'By.xpath: //*[contains(@id, 'rc-tabs-')]/div[2]/div/div/div/div/div/div[2]/table/tbody/tr[4]/td[5]/p' is present after '1' second(s)
	at com.kms.katalon.core.webui.keyword.internal.WebUIKeywordMain.stepFailed(WebUIKeywordMain.groovy:64)
	at com.kms.katalon.core.webui.keyword.internal.WebUIKeywordMain$stepFailed$0.call(Unknown Source)
	at com.kms.katalon.core.webui.keyword.builtin.VerifyElementNotPresentKeyword$_verifyElementNotPresent_closure1.doCall(VerifyElementNotPresentKeyword.groovy:106)
	at com.kms.katalon.core.webui.keyword.builtin.VerifyElementNotPresentKeyword$_verifyElementNotPresent_closure1.doCall(VerifyElementNotPresentKeyword.groovy)
	at com.kms.katalon.core.webui.keyword.internal.WebUIKeywordMain.runKeyword(WebUIKeywordMain.groovy:20)
	at com.kms.katalon.core.webui.keyword.internal.WebUIKeywordMain$runKeyword.call(Unknown Source)
	at com.kms.katalon.core.webui.keyword.builtin.VerifyElementNotPresentKeyword.verifyElementNotPresent(VerifyElementNotPresentKeyword.groovy:117)
	at com.kms.katalon.core.webui.keyword.builtin.VerifyElementNotPresentKeyword.execute(VerifyElementNotPresentKeyword.groovy:68)
	at com.kms.katalon.core.keyword.internal.KeywordExecutor.executeKeywordForPlatform(KeywordExecutor.groovy:74)
	at com.kms.katalon.core.webui.keyword.WebUiBuiltInKeywords.verifyElementNotPresent(WebUiBuiltInKeywords.groovy:1481)
	at com.kms.katalon.core.webui.keyword.WebUiBuiltInKeywords$verifyElementNotPresent$8.call(Unknown Source)
	at GetBrokSumPriceDaily.run(GetBrokSumPriceDaily:414)
	at com.kms.katalon.core.main.ScriptEngine.run(ScriptEngine.java:194)
	at com.kms.katalon.core.main.ScriptEngine.runScriptAsRawText(ScriptEngine.java:119)
	at com.kms.katalon.core.main.TestCaseExecutor.runScript(TestCaseExecutor.java:445)
	at com.kms.katalon.core.main.TestCaseExecutor.doExecute(TestCaseExecutor.java:436)
	at com.kms.katalon.core.main.TestCaseExecutor.processExecutionPhase(TestCaseExecutor.java:415)
	at com.kms.katalon.core.main.TestCaseExecutor.accessMainPhase(TestCaseExecutor.java:407)
	at com.kms.katalon.core.main.TestCaseExecutor.execute(TestCaseExecutor.java:284)
	at com.kms.katalon.core.common.CommonExecutor.accessTestCaseMainPhase(CommonExecutor.java:65)
	at com.kms.katalon.core.main.TestSuiteExecutor.accessTestSuiteMainPhase(TestSuiteExecutor.java:144)
	at com.kms.katalon.core.main.TestSuiteExecutor.execute(TestSuiteExecutor.java:106)
	at com.kms.katalon.core.main.TestCaseMain.startTestSuite(TestCaseMain.java:185)
	at com.kms.katalon.core.main.TestCaseMain$startTestSuite$0.call(Unknown Source)
	at TempTestSuite1705923140048.run(TempTestSuite1705923140048.groovy:36)
)

2024-01-22 18:46:46 - [MESSAGE][WARNING] - Web element with id: 'Object Repository/Stockbit/Bandarmology_Seller3' located by 'By.xpath: //*[contains(@id, 'rc-tabs-')]/div[2]/div/div/div/div/div/div[2]/table/tbody/tr[4]/td[5]/p' is present after '1' second(s) (Root cause: com.kms.katalon.core.exception.StepFailedException: Web element with id: 'Object Repository/Stockbit/Bandarmology_Seller3' located by 'By.xpath: //*[contains(@id, 'rc-tabs-')]/div[2]/div/div/div/div/div/div[2]/table/tbody/tr[4]/td[5]/p' is present after '1' second(s)
	at com.kms.katalon.core.webui.keyword.internal.WebUIKeywordMain.stepFailed(WebUIKeywordMain.groovy:64)
	at com.kms.katalon.core.webui.keyword.internal.WebUIKeywordMain$stepFailed$0.call(Unknown Source)
	at com.kms.katalon.core.webui.keyword.builtin.VerifyElementNotPresentKeyword$_verifyElementNotPresent_closure1.doCall(VerifyElementNotPresentKeyword.groovy:106)
	at com.kms.katalon.core.webui.keyword.builtin.VerifyElementNotPresentKeyword$_verifyElementNotPresent_closure1.doCall(VerifyElementNotPresentKeyword.groovy)
	at com.kms.katalon.core.webui.keyword.internal.WebUIKeywordMain.runKeyword(WebUIKeywordMain.groovy:20)
	at com.kms.katalon.core.webui.keyword.internal.WebUIKeywordMain$runKeyword.call(Unknown Source)
	at com.kms.katalon.core.webui.keyword.builtin.VerifyElementNotPresentKeyword.verifyElementNotPresent(VerifyElementNotPresentKeyword.groovy:117)
	at com.kms.katalon.core.webui.keyword.builtin.VerifyElementNotPresentKeyword.execute(VerifyElementNotPresentKeyword.groovy:68)
	at com.kms.katalon.core.keyword.internal.KeywordExecutor.executeKeywordForPlatform(KeywordExecutor.groovy:74)
	at com.kms.katalon.core.webui.keyword.WebUiBuiltInKeywords.verifyElementNotPresent(WebUiBuiltInKeywords.groovy:1481)
	at com.kms.katalon.core.webui.keyword.WebUiBuiltInKeywords$verifyElementNotPresent$8.call(Unknown Source)
	at GetBrokSumPriceDaily.run(GetBrokSumPriceDaily:414)
	at com.kms.katalon.core.main.ScriptEngine.run(ScriptEngine.java:194)
	at com.kms.katalon.core.main.ScriptEngine.runScriptAsRawText(ScriptEngine.java:119)
	at com.kms.katalon.core.main.TestCaseExecutor.runScript(TestCaseExecutor.java:445)
	at com.kms.katalon.core.main.TestCaseExecutor.doExecute(TestCaseExecutor.java:436)
	at com.kms.katalon.core.main.TestCaseExecutor.processExecutionPhase(TestCaseExecutor.java:415)
	at com.kms.katalon.core.main.TestCaseExecutor.accessMainPhase(TestCaseExecutor.java:407)
	at com.kms.katalon.core.main.TestCaseExecutor.execute(TestCaseExecutor.java:284)
	at com.kms.katalon.core.common.CommonExecutor.accessTestCaseMainPhase(CommonExecutor.java:65)
	at com.kms.katalon.core.main.TestSuiteExecutor.accessTestSuiteMainPhase(TestSuiteExecutor.java:144)
	at com.kms.katalon.core.main.TestSuiteExecutor.execute(TestSuiteExecutor.java:106)
	at com.kms.katalon.core.main.TestCaseMain.startTestSuite(TestCaseMain.java:185)
	at com.kms.katalon.core.main.TestCaseMain$startTestSuite$0.call(Unknown Source)
	at TempTestSuite1705923140048.run(TempTestSuite1705923140048.groovy:36)
)
[[ATTACHMENT|C:\\Users\\Fadli\\git\\KatalonDailyGetData2\\Reports\\20240122_174123\\TS1\\20240122_183220\\1705924006806.png]]

2024-01-22 18:46:46 - [TEST_STEP][PASSED] - else: null

2024-01-22 18:46:46 - [TEST_STEP][PASSED] - strSeller3 = getText(findTestObject("Stockbit/Bandarmology_Seller3")): Text of object 'Object Repository/Stockbit/Bandarmology_Seller3' is: 'SH'

2024-01-22 18:46:47 - [MESSAGE][PASSED] - Text of object 'Object Repository/Stockbit/Bandarmology_Seller3' is: 'SH'

2024-01-22 18:46:47 - [TEST_STEP][PASSED] - strSellerVol3 = getText(findTestObject("Stockbit/Bandarmology_SellerVol3")): Text of object 'Object Repository/Stockbit/Bandarmology_SellerVol3' is: '3 K'

2024-01-22 18:46:47 - [MESSAGE][PASSED] - Text of object 'Object Repository/Stockbit/Bandarmology_SellerVol3' is: '3 K'

2024-01-22 18:46:47 - [TEST_STEP][PASSED] - strSellerAvg3 = getText(findTestObject("Stockbit/Bandarmology_SellerAvg3")): Text of object 'Object Repository/Stockbit/Bandarmology_SellerAvg3' is: '472'

2024-01-22 18:46:47 - [MESSAGE][PASSED] - Text of object 'Object Repository/Stockbit/Bandarmology_SellerAvg3' is: '472'

2024-01-22 18:46:47 - [TEST_STEP][PASSED] - if (strSeller3 != ""): null

2024-01-22 18:46:47 - [TEST_STEP][PASSED] - if (strSellerAvg3.contains(",")): null

2024-01-22 18:46:47 - [TEST_STEP][PASSED] - if (strSellerVol3.contains(" B")): null

2024-01-22 18:46:47 - [TEST_STEP][PASSED] - else if (strSellerVol3.contains(" M")): null

2024-01-22 18:46:47 - [TEST_STEP][PASSED] - else if (strSellerVol3.contains(" K")): null

2024-01-22 18:46:47 - [TEST_STEP][PASSED] - strSellerVol3 = strSellerVol3.replace(" K", ""): null

2024-01-22 18:46:47 - [TEST_STEP][PASSED] - strSellerVol3 = strSellerVol3.toDouble() * 1000: null

2024-01-22 18:46:47 - [TEST_STEP][PASSED] - strAccDist = getText(findTestObject("Stockbit/Bandarmology_AccDist")): Text of object 'Object Repository/Stockbit/Bandarmology_AccDist' is: 'Dist'

2024-01-22 18:46:47 - [MESSAGE][PASSED] - Text of object 'Object Repository/Stockbit/Bandarmology_AccDist' is: 'Dist'

2024-01-22 18:46:47 - [TEST_STEP][PASSED] - strNetVol = getText(findTestObject("Stockbit/Bandarmology_NetVol")): Text of object 'Object Repository/Stockbit/Bandarmology_NetVol' is: '15,205'

2024-01-22 18:46:47 - [MESSAGE][PASSED] - Text of object 'Object Repository/Stockbit/Bandarmology_NetVol' is: '15,205'

2024-01-22 18:46:47 - [TEST_STEP][PASSED] - strNetVol = strNetVol.replace(",", ""): null

2024-01-22 18:46:47 - [TEST_STEP][PASSED] - strNetVal = getText(findTestObject("Stockbit/Bandarmology_NetVal")): Text of object 'Object Repository/Stockbit/Bandarmology_NetVal' is: '0.7 B'

2024-01-22 18:46:47 - [MESSAGE][PASSED] - Text of object 'Object Repository/Stockbit/Bandarmology_NetVal' is: '0.7 B'

2024-01-22 18:46:47 - [TEST_STEP][PASSED] - delay(3): Delayed 3 second(s)

2024-01-22 18:46:50 - [MESSAGE][PASSED] - Delayed 3 second(s)

2024-01-22 18:46:50 - [TEST_STEP][PASSED] - strOpenPrice = getText(findTestObject("Stockbit/Home_OpenPrice")): Text of object 'Object Repository/Stockbit/Home_OpenPrice' is: '474'

2024-01-22 18:46:50 - [MESSAGE][PASSED] - Text of object 'Object Repository/Stockbit/Home_OpenPrice' is: '474'

2024-01-22 18:46:50 - [TEST_STEP][PASSED] - strOpenPrice = strOpenPrice.replace(",", ""): null

2024-01-22 18:46:50 - [TEST_STEP][PASSED] - strLowPrice = getText(findTestObject("Stockbit/Home_LowPrice")): Text of object 'Object Repository/Stockbit/Home_LowPrice' is: '468'

2024-01-22 18:46:50 - [MESSAGE][PASSED] - Text of object 'Object Repository/Stockbit/Home_LowPrice' is: '468'

2024-01-22 18:46:50 - [TEST_STEP][PASSED] - strLowPrice = strLowPrice.replace(",", ""): null

2024-01-22 18:46:50 - [TEST_STEP][PASSED] - strHighPrice = getText(findTestObject("Stockbit/Home_HighPrice")): Text of object 'Object Repository/Stockbit/Home_HighPrice' is: '476'

2024-01-22 18:46:51 - [MESSAGE][PASSED] - Text of object 'Object Repository/Stockbit/Home_HighPrice' is: '476'

2024-01-22 18:46:51 - [TEST_STEP][PASSED] - strHighPrice = strHighPrice.replace(",", ""): null

2024-01-22 18:46:51 - [TEST_STEP][PASSED] - strClosePrice = getText(findTestObject("Stockbit/Home_ClosePrice")): Text of object 'Object Repository/Stockbit/Home_ClosePrice' is: '476'

2024-01-22 18:46:51 - [MESSAGE][PASSED] - Text of object 'Object Repository/Stockbit/Home_ClosePrice' is: '476'

2024-01-22 18:46:51 - [TEST_STEP][PASSED] - strClosePrice = strClosePrice.replace(",", ""): null

2024-01-22 18:46:51 - [TEST_STEP][PASSED] - strVol = getText(findTestObject("Stockbit/Home_Volume")): Text of object 'Object Repository/Stockbit/Home_Volume' is: '18 K'

2024-01-22 18:46:51 - [MESSAGE][PASSED] - Text of object 'Object Repository/Stockbit/Home_Volume' is: '18 K'

2024-01-22 18:46:51 - [TEST_STEP][PASSED] - if (strVol.contains(" K")): null

2024-01-22 18:46:51 - [TEST_STEP][PASSED] - strVol = strVol.replace(" K", "000"): null

2024-01-22 18:46:51 - [TEST_STEP][PASSED] - if (strVol.contains(",")): null

2024-01-22 18:46:51 - [TEST_STEP][PASSED] - strChange = getText(findTestObject("Stockbit/Home_Change")): Text of object 'Object Repository/Stockbit/Home_Change' is: '0.00%'

2024-01-22 18:46:51 - [MESSAGE][PASSED] - Text of object 'Object Repository/Stockbit/Home_Change' is: '0.00%'

2024-01-22 18:46:51 - [TEST_STEP][PASSED] - strChange = strChange.replace("%", ""): null

2024-01-22 18:46:51 - [TEST_STEP][PASSED] - strFreq = getText(findTestObject("Stockbit/Home_Freq")): Text of object 'Object Repository/Stockbit/Home_Freq' is: '197'

2024-01-22 18:46:51 - [MESSAGE][PASSED] - Text of object 'Object Repository/Stockbit/Home_Freq' is: '197'

2024-01-22 18:46:51 - [TEST_STEP][PASSED] - if (strFreq.contains(",")): null

2024-01-22 18:46:51 - [TEST_STEP][PASSED] - if (strFreq == "NA" || strFreq == ""): null

2024-01-22 18:46:51 - [TEST_STEP][PASSED] - else: null

2024-01-22 18:46:51 - [TEST_STEP][PASSED] - dblFreqAnal = strVol.toDouble() / strFreq.toDouble() * strFreq.toDouble() * strFreq.toDouble() * 100000000: null

2024-01-22 18:46:51 - [TEST_STEP][PASSED] - strFreqAnal = String.format("%.4f", dblFreqAnal): null

2024-01-22 18:46:51 - [TEST_STEP][PASSED] - out.println("Double strFreqAnal: " + strFreqAnal): null

2024-01-22 18:46:51 - [TEST_STEP][PASSED] - strTanggal = d.format(DateTimeFormatter.ofPattern("yyyy-MM-dd")): null

2024-01-22 18:46:51 - [TEST_STEP][PASSED] - strTanggal = "#" + strTanggal + "#": null

2024-01-22 18:46:51 - [TEST_STEP][PASSED] - strSQL = "select count(*) as JumBaris from TblBrokSum where Nama = '" + strNama + "' and Tanggal = " + strTanggal + "": null

2024-01-22 18:46:51 - [TEST_STEP][PASSED] - resultSet = statement.executeQuery(strSQL): null

2024-01-22 18:46:51 - [TEST_STEP][PASSED] - resultSet.next(): null

2024-01-22 18:46:51 - [TEST_STEP][PASSED] - intJumBaris = resultSet.getInt("JumBaris"): null

2024-01-22 18:46:51 - [TEST_STEP][PASSED] - if (intJumBaris > 0): null

2024-01-22 18:46:51 - [TEST_STEP][PASSED] - else: null

2024-01-22 18:46:51 - [TEST_STEP][PASSED] - try: null

2024-01-22 18:46:51 - [TEST_STEP][PASSED] - out.println("Insert data"): null

2024-01-22 18:46:51 - [TEST_STEP][PASSED] - strSQL = "insert into TblBrokSum (nama, tanggal, top1, top2, top3, AllBrokAvg, AccDist, AvgRP, " + "Buyer1, BuyerVal1, BuyerAvg1, Seller1, SellerVal1, SellerAvg1, Buyer2, BuyerVal2, BuyerAvg2, " + "Seller2, SellerVal2, SellerAvg2, Buyer3, BuyerVal3, BuyerAvg3, Seller3, SellerVal3, SellerAvg3, NetVol, NetVal, " + "OpenPrice, LowPrice, HighPrice, ClosePrice, Volume, Change, Frekuensi, FrekAnal) " + "values ('" + strNama + "', " + strTanggal + ", '" + strTop1 + "', '" + strTop3 + "', '" + strTop5 + "', " + "'" + strAllBrokAvg + "', '" + strAccDist + "', " + intAvgRP + ", '" + strBuyer1 + "', '" + strBuyerVol1 + "', " + strBuyerAvg1 + ", " + "'" + strSeller1 + "', '" + strSellerVol1 + "', " + strSellerAvg1 + ", '" + strBuyer2 + "', '" + strBuyerVol2 + "', " + strBuyerAvg2 + ", " + "'" + strSeller2 + "', '" + strSellerVol2 + "', " + strSellerAvg2 + ", '" + strBuyer3 + "', '" + strBuyerVol3 + "', " + strBuyerAvg3 + ", " + "'" + strSeller3 + "', '" + strSellerVol3 + "', " + strSellerAvg3 + ", " + strNetVol + ", '" + strNetVal + "', " + "" + strOpenPrice + ", " + strLowPrice + ", " + strHighPrice + ", " + strClosePrice + ", '" + strVol + "', " + strChange + ", " + strFreq + ", " + strFreqAnal + ");": null

2024-01-22 18:46:51 - [TEST_STEP][PASSED] - out.println("strSQL = " + strSQL): null

2024-01-22 18:46:51 - [TEST_STEP][PASSED] - statement.executeUpdate(strSQL): null

2024-01-22 18:46:51 - [TEST_STEP][PASSED] - setValueToCellByIndex(sheet01, rowIndex, 4, "DONE"): null

2024-01-22 18:46:51 - [TEST_STEP][PASSED] - saveWorkbook(excelFilePath, workbook01): null

2024-01-22 18:46:51 - [TEST_STEP][PASSED] - waitForElementClickable(findTestObject("Stockbit/menu_Bandarmology"), 10): Object 'Object Repository/Stockbit/menu_Bandarmology' is clickable

2024-01-22 18:46:51 - [MESSAGE][PASSED] - Object 'Object Repository/Stockbit/menu_Bandarmology' is clickable

2024-01-22 18:46:51 - [TEST_STEP][PASSED] - click(findTestObject("Stockbit/menu_Bandarmology")): Object: 'Object Repository/Stockbit/menu_Bandarmology' is clicked on

2024-01-22 18:46:52 - [MESSAGE][PASSED] - Object: 'Object Repository/Stockbit/menu_Bandarmology' is clicked on

2024-01-22 18:46:52 - [TEST_STEP][PASSED] - strTemp = "NA": null

2024-01-22 18:46:52 - [TEST_STEP][PASSED] - if (getCellValueByIndex(sheet01, rowIndex, 4) != "DONE"): Object: 'Object Repository/Stockbit/menu_Bandarmology' is clicked on

2024-01-22 18:46:52 - [TEST_STEP][PASSED] - strNama = getCellValueByIndex(sheet01, rowIndex, 0): null

2024-01-22 18:46:52 - [TEST_STEP][PASSED] - navigateToUrl("https://stockbit.com/#/symbol/" + strNama): Navigate to 'https://stockbit.com/#/symbol/BEER' successfully

2024-01-22 18:46:53 - [MESSAGE][PASSED] - Navigate to 'https://stockbit.com/#/symbol/BEER' successfully

2024-01-22 18:46:53 - [TEST_STEP][PASSED] - waitForElementClickable(findTestObject("Stockbit/menu_Bandarmology"), 10): Object 'Object Repository/Stockbit/menu_Bandarmology' is clickable

2024-01-22 18:46:53 - [MESSAGE][PASSED] - Object 'Object Repository/Stockbit/menu_Bandarmology' is clickable

2024-01-22 18:46:53 - [TEST_STEP][PASSED] - click(findTestObject("Stockbit/menu_Bandarmology")): Object: 'Object Repository/Stockbit/menu_Bandarmology' is clicked on

2024-01-22 18:46:54 - [MESSAGE][PASSED] - Object: 'Object Repository/Stockbit/menu_Bandarmology' is clicked on

2024-01-22 18:46:54 - [TEST_STEP][PASSED] - strTanggal = d.format(DateTimeFormatter.ofPattern("MMM dd, yyyy")): null

2024-01-22 18:46:54 - [TEST_STEP][PASSED] - strTanggal = d.format(ISO_DATE): null

2024-01-22 18:46:54 - [TEST_STEP][PASSED] - out.println("strTanggal = " + strTanggal): null

2024-01-22 18:46:54 - [TEST_STEP][PASSED] - out.println("strNama = " + strNama): null

2024-01-22 18:46:54 - [TEST_STEP][PASSED] - out.println("Baris ke = " + rowIndex): null

2024-01-22 18:46:54 - [TEST_STEP][PASSED] - click(findTestObject("Stockbit/input__BandarmologyOpenStartDate")): Object: 'Object Repository/Stockbit/input__BandarmologyOpenStartDate' is clicked on

2024-01-22 18:46:56 - [MESSAGE][PASSED] - Object: 'Object Repository/Stockbit/input__BandarmologyOpenStartDate' is clicked on

2024-01-22 18:46:56 - [TEST_STEP][PASSED] - sendKeys(findTestObject("Stockbit/input__BandarmologyOpenStartDate"), Keys.chord(CONTROL, "a")): Keys 'CONTROL + a' sent to object: 'Object Repository/Stockbit/input__BandarmologyOpenStartDate'

2024-01-22 18:46:56 - [MESSAGE][PASSED] - Keys 'CONTROL + a' sent to object: 'Object Repository/Stockbit/input__BandarmologyOpenStartDate'

2024-01-22 18:46:56 - [TEST_STEP][PASSED] - sendKeys(findTestObject("Stockbit/input__BandarmologyOpenStartDate"), Keys.chord(BACK_SPACE)): Keys 'BACK_SPACE + ' sent to object: 'Object Repository/Stockbit/input__BandarmologyOpenStartDate'

2024-01-22 18:46:57 - [MESSAGE][PASSED] - Keys 'BACK_SPACE + ' sent to object: 'Object Repository/Stockbit/input__BandarmologyOpenStartDate'

2024-01-22 18:46:57 - [TEST_STEP][PASSED] - setText(findTestObject("Stockbit/input__BandarmologyOpenStartDate"), strTanggal): Text '2024-01-22' is set on object 'Object Repository/Stockbit/input__BandarmologyOpenStartDate'

2024-01-22 18:46:58 - [MESSAGE][PASSED] - Text '2024-01-22' is set on object 'Object Repository/Stockbit/input__BandarmologyOpenStartDate'

2024-01-22 18:46:58 - [TEST_STEP][PASSED] - sendKeys(findTestObject("Stockbit/input__BandarmologyOpenStartDate"), Keys.chord(ENTER)): Keys 'ENTER + ' sent to object: 'Object Repository/Stockbit/input__BandarmologyOpenStartDate'

2024-01-22 18:46:58 - [MESSAGE][PASSED] - Keys 'ENTER + ' sent to object: 'Object Repository/Stockbit/input__BandarmologyOpenStartDate'

2024-01-22 18:46:58 - [TEST_STEP][PASSED] - click(findTestObject("Stockbit/input__BandarmologyOpenEndDate")): Object: 'Object Repository/Stockbit/input__BandarmologyOpenEndDate' is clicked on

2024-01-22 18:46:59 - [MESSAGE][PASSED] - Object: 'Object Repository/Stockbit/input__BandarmologyOpenEndDate' is clicked on

2024-01-22 18:46:59 - [TEST_STEP][PASSED] - sendKeys(findTestObject("Stockbit/input__BandarmologyOpenEndDate"), Keys.chord(CONTROL, "a")): Keys 'CONTROL + a' sent to object: 'Object Repository/Stockbit/input__BandarmologyOpenEndDate'

2024-01-22 18:46:59 - [MESSAGE][PASSED] - Keys 'CONTROL + a' sent to object: 'Object Repository/Stockbit/input__BandarmologyOpenEndDate'

2024-01-22 18:46:59 - [TEST_STEP][PASSED] - sendKeys(findTestObject("Stockbit/input__BandarmologyOpenEndDate"), Keys.chord(BACK_SPACE)): Keys 'BACK_SPACE + ' sent to object: 'Object Repository/Stockbit/input__BandarmologyOpenEndDate'

2024-01-22 18:47:00 - [MESSAGE][PASSED] - Keys 'BACK_SPACE + ' sent to object: 'Object Repository/Stockbit/input__BandarmologyOpenEndDate'

2024-01-22 18:47:00 - [TEST_STEP][PASSED] - setText(findTestObject("Stockbit/input__BandarmologyOpenEndDate"), strTanggal): Text '2024-01-22' is set on object 'Object Repository/Stockbit/input__BandarmologyOpenEndDate'

2024-01-22 18:47:01 - [MESSAGE][PASSED] - Text '2024-01-22' is set on object 'Object Repository/Stockbit/input__BandarmologyOpenEndDate'

2024-01-22 18:47:01 - [TEST_STEP][PASSED] - sendKeys(findTestObject("Stockbit/input__BandarmologyOpenEndDate"), Keys.chord(ENTER)): Keys 'ENTER + ' sent to object: 'Object Repository/Stockbit/input__BandarmologyOpenEndDate'

2024-01-22 18:47:01 - [MESSAGE][PASSED] - Keys 'ENTER + ' sent to object: 'Object Repository/Stockbit/input__BandarmologyOpenEndDate'

2024-01-22 18:47:01 - [TEST_STEP][PASSED] - delay(2): Delayed 2 second(s)

2024-01-22 18:47:03 - [MESSAGE][PASSED] - Delayed 2 second(s)

2024-01-22 18:47:03 - [TEST_STEP][PASSED] - strTemp = getText(findTestObject("Stockbit/Bandarmology_AvgRP")): Text of object 'Object Repository/Stockbit/Bandarmology_AvgRP' is: '256'

2024-01-22 18:47:03 - [MESSAGE][PASSED] - Text of object 'Object Repository/Stockbit/Bandarmology_AvgRP' is: '256'

2024-01-22 18:47:03 - [TEST_STEP][PASSED] - out.println("Bandarmology_AvgRP = " + strTemp): null

2024-01-22 18:47:03 - [TEST_STEP][PASSED] - if (strTemp != "0"): null

2024-01-22 18:47:03 - [TEST_STEP][PASSED] - strTop1 = getText(findTestObject("Stockbit/Bandarmology_Top1")): Text of object 'Object Repository/Stockbit/Bandarmology_Top1' is: 'Normal Acc'

2024-01-22 18:47:03 - [MESSAGE][PASSED] - Text of object 'Object Repository/Stockbit/Bandarmology_Top1' is: 'Normal Acc'

2024-01-22 18:47:03 - [TEST_STEP][PASSED] - strTop3 = getText(findTestObject("Stockbit/Bandarmology_Top3")): Text of object 'Object Repository/Stockbit/Bandarmology_Top3' is: 'Neutral'

2024-01-22 18:47:03 - [MESSAGE][PASSED] - Text of object 'Object Repository/Stockbit/Bandarmology_Top3' is: 'Neutral'

2024-01-22 18:47:03 - [TEST_STEP][PASSED] - strTop5 = getText(findTestObject("Stockbit/Bandarmology_Top5")): Text of object 'Object Repository/Stockbit/Bandarmology_Top5' is: 'Neutral'

2024-01-22 18:47:04 - [MESSAGE][PASSED] - Text of object 'Object Repository/Stockbit/Bandarmology_Top5' is: 'Neutral'

2024-01-22 18:47:04 - [TEST_STEP][PASSED] - strAllBrokAvg = getText(findTestObject("Stockbit/Bandarmology_TopAVG")): Text of object 'Object Repository/Stockbit/Bandarmology_TopAVG' is: 'Neutral'

2024-01-22 18:47:04 - [MESSAGE][PASSED] - Text of object 'Object Repository/Stockbit/Bandarmology_TopAVG' is: 'Neutral'

2024-01-22 18:47:04 - [TEST_STEP][PASSED] - strTemp = getText(findTestObject("Stockbit/Bandarmology_AvgRP")): Text of object 'Object Repository/Stockbit/Bandarmology_AvgRP' is: '256'

2024-01-22 18:47:04 - [MESSAGE][PASSED] - Text of object 'Object Repository/Stockbit/Bandarmology_AvgRP' is: '256'

2024-01-22 18:47:04 - [TEST_STEP][PASSED] - if (strTemp.contains(",")): null

2024-01-22 18:47:04 - [TEST_STEP][PASSED] - intAvgRP = strTemp.toInteger(): null

2024-01-22 18:47:04 - [TEST_STEP][PASSED] - strBuyer1 = getText(findTestObject("Stockbit/Bandarmology_Buyer1")): Text of object 'Object Repository/Stockbit/Bandarmology_Buyer1' is: 'SQ'

2024-01-22 18:47:04 - [MESSAGE][PASSED] - Text of object 'Object Repository/Stockbit/Bandarmology_Buyer1' is: 'SQ'

2024-01-22 18:47:04 - [TEST_STEP][PASSED] - strBuyerVol1 = getText(findTestObject("Stockbit/Bandarmology_BuyerVol1")): Text of object 'Object Repository/Stockbit/Bandarmology_BuyerVol1' is: '2.2 K'

2024-01-22 18:47:04 - [MESSAGE][PASSED] - Text of object 'Object Repository/Stockbit/Bandarmology_BuyerVol1' is: '2.2 K'

2024-01-22 18:47:04 - [TEST_STEP][PASSED] - strBuyerAvg1 = getText(findTestObject("Stockbit/Bandarmology_BuyerAvg1")): Text of object 'Object Repository/Stockbit/Bandarmology_BuyerAvg1' is: '254'

2024-01-22 18:47:04 - [MESSAGE][PASSED] - Text of object 'Object Repository/Stockbit/Bandarmology_BuyerAvg1' is: '254'

2024-01-22 18:47:04 - [TEST_STEP][PASSED] - if (strBuyerAvg1.contains(",")): null

2024-01-22 18:47:04 - [TEST_STEP][PASSED] - if (strBuyerVol1.contains(" B")): null

2024-01-22 18:47:04 - [TEST_STEP][PASSED] - else if (strBuyerVol1.contains(" M")): null

2024-01-22 18:47:04 - [TEST_STEP][PASSED] - else if (strBuyerVol1.contains(" K")): null

2024-01-22 18:47:04 - [TEST_STEP][PASSED] - strBuyerVol1 = strBuyerVol1.replace(" K", ""): null

2024-01-22 18:47:04 - [TEST_STEP][PASSED] - strBuyerVol1 = strBuyerVol1.toDouble() * 1000: null

2024-01-22 18:47:04 - [TEST_STEP][PASSED] - strSeller1 = getText(findTestObject("Stockbit/Bandarmology_Seller1")): Text of object 'Object Repository/Stockbit/Bandarmology_Seller1' is: 'PD'

2024-01-22 18:47:04 - [MESSAGE][PASSED] - Text of object 'Object Repository/Stockbit/Bandarmology_Seller1' is: 'PD'

2024-01-22 18:47:04 - [TEST_STEP][PASSED] - strSellerVol1 = getText(findTestObject("Stockbit/Bandarmology_SellerVol1")): Text of object 'Object Repository/Stockbit/Bandarmology_SellerVol1' is: '1.6 K'

2024-01-22 18:47:05 - [MESSAGE][PASSED] - Text of object 'Object Repository/Stockbit/Bandarmology_SellerVol1' is: '1.6 K'

2024-01-22 18:47:05 - [TEST_STEP][PASSED] - strSellerAvg1 = getText(findTestObject("Stockbit/Bandarmology_SellerAvg1")): Text of object 'Object Repository/Stockbit/Bandarmology_SellerAvg1' is: '259'

2024-01-22 18:47:05 - [MESSAGE][PASSED] - Text of object 'Object Repository/Stockbit/Bandarmology_SellerAvg1' is: '259'

2024-01-22 18:47:05 - [TEST_STEP][PASSED] - if (strSellerAvg1.contains(",")): null

2024-01-22 18:47:05 - [TEST_STEP][PASSED] - if (strSellerVol1.contains(" B")): null

2024-01-22 18:47:05 - [TEST_STEP][PASSED] - else if (strSellerVol1.contains(" M")): null

2024-01-22 18:47:05 - [TEST_STEP][PASSED] - else if (strSellerVol1.contains(" K")): null

2024-01-22 18:47:05 - [TEST_STEP][PASSED] - strSellerVol1 = strSellerVol1.replace(" K", ""): null

2024-01-22 18:47:05 - [TEST_STEP][PASSED] - strSellerVol1 = strSellerVol1.toDouble() * 1000: null

2024-01-22 18:47:05 - [TEST_STEP][PASSED] - if (verifyElementNotPresent(findTestObject("Stockbit/Bandarmology_Buyer2"), 1, OPTIONAL)): Web element with id: 'Object Repository/Stockbit/Bandarmology_Buyer2' located by 'By.xpath: //*[contains(@id, 'rc-tabs-')]/div[2]/div/div/div/div/div/div[2]/table/tbody/tr[3]/td[1]/p' is present after '1' second(s) (Root cause: com.kms.katalon.core.exception.StepFailedException: Web element with id: 'Object Repository/Stockbit/Bandarmology_Buyer2' located by 'By.xpath: //*[contains(@id, 'rc-tabs-')]/div[2]/div/div/div/div/div/div[2]/table/tbody/tr[3]/td[1]/p' is present after '1' second(s)
	at com.kms.katalon.core.webui.keyword.internal.WebUIKeywordMain.stepFailed(WebUIKeywordMain.groovy:64)
	at com.kms.katalon.core.webui.keyword.internal.WebUIKeywordMain$stepFailed$0.call(Unknown Source)
	at com.kms.katalon.core.webui.keyword.builtin.VerifyElementNotPresentKeyword$_verifyElementNotPresent_closure1.doCall(VerifyElementNotPresentKeyword.groovy:106)
	at com.kms.katalon.core.webui.keyword.builtin.VerifyElementNotPresentKeyword$_verifyElementNotPresent_closure1.doCall(VerifyElementNotPresentKeyword.groovy)
	at com.kms.katalon.core.webui.keyword.internal.WebUIKeywordMain.runKeyword(WebUIKeywordMain.groovy:20)
	at com.kms.katalon.core.webui.keyword.internal.WebUIKeywordMain$runKeyword.call(Unknown Source)
	at com.kms.katalon.core.webui.keyword.builtin.VerifyElementNotPresentKeyword.verifyElementNotPresent(VerifyElementNotPresentKeyword.groovy:117)
	at com.kms.katalon.core.webui.keyword.builtin.VerifyElementNotPresentKeyword.execute(VerifyElementNotPresentKeyword.groovy:68)
	at com.kms.katalon.core.keyword.internal.KeywordExecutor.executeKeywordForPlatform(KeywordExecutor.groovy:74)
	at com.kms.katalon.core.webui.keyword.WebUiBuiltInKeywords.verifyElementNotPresent(WebUiBuiltInKeywords.groovy:1481)
	at com.kms.katalon.core.webui.keyword.WebUiBuiltInKeywords$verifyElementNotPresent$8.call(Unknown Source)
	at GetBrokSumPriceDaily.run(GetBrokSumPriceDaily:258)
	at com.kms.katalon.core.main.ScriptEngine.run(ScriptEngine.java:194)
	at com.kms.katalon.core.main.ScriptEngine.runScriptAsRawText(ScriptEngine.java:119)
	at com.kms.katalon.core.main.TestCaseExecutor.runScript(TestCaseExecutor.java:445)
	at com.kms.katalon.core.main.TestCaseExecutor.doExecute(TestCaseExecutor.java:436)
	at com.kms.katalon.core.main.TestCaseExecutor.processExecutionPhase(TestCaseExecutor.java:415)
	at com.kms.katalon.core.main.TestCaseExecutor.accessMainPhase(TestCaseExecutor.java:407)
	at com.kms.katalon.core.main.TestCaseExecutor.execute(TestCaseExecutor.java:284)
	at com.kms.katalon.core.common.CommonExecutor.accessTestCaseMainPhase(CommonExecutor.java:65)
	at com.kms.katalon.core.main.TestSuiteExecutor.accessTestSuiteMainPhase(TestSuiteExecutor.java:144)
	at com.kms.katalon.core.main.TestSuiteExecutor.execute(TestSuiteExecutor.java:106)
	at com.kms.katalon.core.main.TestCaseMain.startTestSuite(TestCaseMain.java:185)
	at com.kms.katalon.core.main.TestCaseMain$startTestSuite$0.call(Unknown Source)
	at TempTestSuite1705923140048.run(TempTestSuite1705923140048.groovy:36)
)

2024-01-22 18:47:06 - [MESSAGE][WARNING] - Web element with id: 'Object Repository/Stockbit/Bandarmology_Buyer2' located by 'By.xpath: //*[contains(@id, 'rc-tabs-')]/div[2]/div/div/div/div/div/div[2]/table/tbody/tr[3]/td[1]/p' is present after '1' second(s) (Root cause: com.kms.katalon.core.exception.StepFailedException: Web element with id: 'Object Repository/Stockbit/Bandarmology_Buyer2' located by 'By.xpath: //*[contains(@id, 'rc-tabs-')]/div[2]/div/div/div/div/div/div[2]/table/tbody/tr[3]/td[1]/p' is present after '1' second(s)
	at com.kms.katalon.core.webui.keyword.internal.WebUIKeywordMain.stepFailed(WebUIKeywordMain.groovy:64)
	at com.kms.katalon.core.webui.keyword.internal.WebUIKeywordMain$stepFailed$0.call(Unknown Source)
	at com.kms.katalon.core.webui.keyword.builtin.VerifyElementNotPresentKeyword$_verifyElementNotPresent_closure1.doCall(VerifyElementNotPresentKeyword.groovy:106)
	at com.kms.katalon.core.webui.keyword.builtin.VerifyElementNotPresentKeyword$_verifyElementNotPresent_closure1.doCall(VerifyElementNotPresentKeyword.groovy)
	at com.kms.katalon.core.webui.keyword.internal.WebUIKeywordMain.runKeyword(WebUIKeywordMain.groovy:20)
	at com.kms.katalon.core.webui.keyword.internal.WebUIKeywordMain$runKeyword.call(Unknown Source)
	at com.kms.katalon.core.webui.keyword.builtin.VerifyElementNotPresentKeyword.verifyElementNotPresent(VerifyElementNotPresentKeyword.groovy:117)
	at com.kms.katalon.core.webui.keyword.builtin.VerifyElementNotPresentKeyword.execute(VerifyElementNotPresentKeyword.groovy:68)
	at com.kms.katalon.core.keyword.internal.KeywordExecutor.executeKeywordForPlatform(KeywordExecutor.groovy:74)
	at com.kms.katalon.core.webui.keyword.WebUiBuiltInKeywords.verifyElementNotPresent(WebUiBuiltInKeywords.groovy:1481)
	at com.kms.katalon.core.webui.keyword.WebUiBuiltInKeywords$verifyElementNotPresent$8.call(Unknown Source)
	at GetBrokSumPriceDaily.run(GetBrokSumPriceDaily:258)
	at com.kms.katalon.core.main.ScriptEngine.run(ScriptEngine.java:194)
	at com.kms.katalon.core.main.ScriptEngine.runScriptAsRawText(ScriptEngine.java:119)
	at com.kms.katalon.core.main.TestCaseExecutor.runScript(TestCaseExecutor.java:445)
	at com.kms.katalon.core.main.TestCaseExecutor.doExecute(TestCaseExecutor.java:436)
	at com.kms.katalon.core.main.TestCaseExecutor.processExecutionPhase(TestCaseExecutor.java:415)
	at com.kms.katalon.core.main.TestCaseExecutor.accessMainPhase(TestCaseExecutor.java:407)
	at com.kms.katalon.core.main.TestCaseExecutor.execute(TestCaseExecutor.java:284)
	at com.kms.katalon.core.common.CommonExecutor.accessTestCaseMainPhase(CommonExecutor.java:65)
	at com.kms.katalon.core.main.TestSuiteExecutor.accessTestSuiteMainPhase(TestSuiteExecutor.java:144)
	at com.kms.katalon.core.main.TestSuiteExecutor.execute(TestSuiteExecutor.java:106)
	at com.kms.katalon.core.main.TestCaseMain.startTestSuite(TestCaseMain.java:185)
	at com.kms.katalon.core.main.TestCaseMain$startTestSuite$0.call(Unknown Source)
	at TempTestSuite1705923140048.run(TempTestSuite1705923140048.groovy:36)
)
[[ATTACHMENT|C:\\Users\\Fadli\\git\\KatalonDailyGetData2\\Reports\\20240122_174123\\TS1\\20240122_183220\\1705924026506.png]]

2024-01-22 18:47:06 - [TEST_STEP][PASSED] - else: null

2024-01-22 18:47:06 - [TEST_STEP][PASSED] - strBuyer2 = getText(findTestObject("Stockbit/Bandarmology_Buyer2")): Text of object 'Object Repository/Stockbit/Bandarmology_Buyer2' is: 'PC'

2024-01-22 18:47:06 - [MESSAGE][PASSED] - Text of object 'Object Repository/Stockbit/Bandarmology_Buyer2' is: 'PC'

2024-01-22 18:47:06 - [TEST_STEP][PASSED] - strBuyerVol2 = getText(findTestObject("Stockbit/Bandarmology_BuyerVol2")): Text of object 'Object Repository/Stockbit/Bandarmology_BuyerVol2' is: '1 K'

2024-01-22 18:47:07 - [MESSAGE][PASSED] - Text of object 'Object Repository/Stockbit/Bandarmology_BuyerVol2' is: '1 K'

2024-01-22 18:47:07 - [TEST_STEP][PASSED] - strBuyerAvg2 = getText(findTestObject("Stockbit/Bandarmology_BuyerAvg2")): Text of object 'Object Repository/Stockbit/Bandarmology_BuyerAvg2' is: '260'

2024-01-22 18:47:07 - [MESSAGE][PASSED] - Text of object 'Object Repository/Stockbit/Bandarmology_BuyerAvg2' is: '260'

2024-01-22 18:47:07 - [TEST_STEP][PASSED] - if (strBuyer2 != ""): null

2024-01-22 18:47:07 - [TEST_STEP][PASSED] - if (strBuyerAvg2.contains(",")): null

2024-01-22 18:47:07 - [TEST_STEP][PASSED] - if (strBuyerVol2.contains(" B")): null

2024-01-22 18:47:07 - [TEST_STEP][PASSED] - else if (strBuyerVol2.contains(" M")): null

2024-01-22 18:47:07 - [TEST_STEP][PASSED] - else if (strBuyerVol2.contains(" K")): null

2024-01-22 18:47:07 - [TEST_STEP][PASSED] - strBuyerVol2 = strBuyerVol2.replace(" K", ""): null

2024-01-22 18:47:07 - [TEST_STEP][PASSED] - strBuyerVol2 = strBuyerVol2.toDouble() * 1000: null

2024-01-22 18:47:07 - [TEST_STEP][PASSED] - if (strBuyerVol2.contains(".")): null

2024-01-22 18:47:07 - [TEST_STEP][PASSED] - strBuyerVal2 = strBuyerVol2.replace(".", ""): null

2024-01-22 18:47:07 - [TEST_STEP][PASSED] - if (verifyElementNotPresent(findTestObject("Stockbit/Bandarmology_Seller2"), 1, OPTIONAL)): Web element with id: 'Object Repository/Stockbit/Bandarmology_Seller2' located by 'By.xpath: //*[contains(@id, 'rc-tabs-')]/div[2]/div/div/div/div/div/div[2]/table/tbody/tr[3]/td[5]/p' is present after '1' second(s) (Root cause: com.kms.katalon.core.exception.StepFailedException: Web element with id: 'Object Repository/Stockbit/Bandarmology_Seller2' located by 'By.xpath: //*[contains(@id, 'rc-tabs-')]/div[2]/div/div/div/div/div/div[2]/table/tbody/tr[3]/td[5]/p' is present after '1' second(s)
	at com.kms.katalon.core.webui.keyword.internal.WebUIKeywordMain.stepFailed(WebUIKeywordMain.groovy:64)
	at com.kms.katalon.core.webui.keyword.internal.WebUIKeywordMain$stepFailed$0.call(Unknown Source)
	at com.kms.katalon.core.webui.keyword.builtin.VerifyElementNotPresentKeyword$_verifyElementNotPresent_closure1.doCall(VerifyElementNotPresentKeyword.groovy:106)
	at com.kms.katalon.core.webui.keyword.builtin.VerifyElementNotPresentKeyword$_verifyElementNotPresent_closure1.doCall(VerifyElementNotPresentKeyword.groovy)
	at com.kms.katalon.core.webui.keyword.internal.WebUIKeywordMain.runKeyword(WebUIKeywordMain.groovy:20)
	at com.kms.katalon.core.webui.keyword.internal.WebUIKeywordMain$runKeyword.call(Unknown Source)
	at com.kms.katalon.core.webui.keyword.builtin.VerifyElementNotPresentKeyword.verifyElementNotPresent(VerifyElementNotPresentKeyword.groovy:117)
	at com.kms.katalon.core.webui.keyword.builtin.VerifyElementNotPresentKeyword.execute(VerifyElementNotPresentKeyword.groovy:68)
	at com.kms.katalon.core.keyword.internal.KeywordExecutor.executeKeywordForPlatform(KeywordExecutor.groovy:74)
	at com.kms.katalon.core.webui.keyword.WebUiBuiltInKeywords.verifyElementNotPresent(WebUiBuiltInKeywords.groovy:1481)
	at com.kms.katalon.core.webui.keyword.WebUiBuiltInKeywords$verifyElementNotPresent$8.call(Unknown Source)
	at GetBrokSumPriceDaily.run(GetBrokSumPriceDaily:309)
	at com.kms.katalon.core.main.ScriptEngine.run(ScriptEngine.java:194)
	at com.kms.katalon.core.main.ScriptEngine.runScriptAsRawText(ScriptEngine.java:119)
	at com.kms.katalon.core.main.TestCaseExecutor.runScript(TestCaseExecutor.java:445)
	at com.kms.katalon.core.main.TestCaseExecutor.doExecute(TestCaseExecutor.java:436)
	at com.kms.katalon.core.main.TestCaseExecutor.processExecutionPhase(TestCaseExecutor.java:415)
	at com.kms.katalon.core.main.TestCaseExecutor.accessMainPhase(TestCaseExecutor.java:407)
	at com.kms.katalon.core.main.TestCaseExecutor.execute(TestCaseExecutor.java:284)
	at com.kms.katalon.core.common.CommonExecutor.accessTestCaseMainPhase(CommonExecutor.java:65)
	at com.kms.katalon.core.main.TestSuiteExecutor.accessTestSuiteMainPhase(TestSuiteExecutor.java:144)
	at com.kms.katalon.core.main.TestSuiteExecutor.execute(TestSuiteExecutor.java:106)
	at com.kms.katalon.core.main.TestCaseMain.startTestSuite(TestCaseMain.java:185)
	at com.kms.katalon.core.main.TestCaseMain$startTestSuite$0.call(Unknown Source)
	at TempTestSuite1705923140048.run(TempTestSuite1705923140048.groovy:36)
)

2024-01-22 18:47:08 - [MESSAGE][WARNING] - Web element with id: 'Object Repository/Stockbit/Bandarmology_Seller2' located by 'By.xpath: //*[contains(@id, 'rc-tabs-')]/div[2]/div/div/div/div/div/div[2]/table/tbody/tr[3]/td[5]/p' is present after '1' second(s) (Root cause: com.kms.katalon.core.exception.StepFailedException: Web element with id: 'Object Repository/Stockbit/Bandarmology_Seller2' located by 'By.xpath: //*[contains(@id, 'rc-tabs-')]/div[2]/div/div/div/div/div/div[2]/table/tbody/tr[3]/td[5]/p' is present after '1' second(s)
	at com.kms.katalon.core.webui.keyword.internal.WebUIKeywordMain.stepFailed(WebUIKeywordMain.groovy:64)
	at com.kms.katalon.core.webui.keyword.internal.WebUIKeywordMain$stepFailed$0.call(Unknown Source)
	at com.kms.katalon.core.webui.keyword.builtin.VerifyElementNotPresentKeyword$_verifyElementNotPresent_closure1.doCall(VerifyElementNotPresentKeyword.groovy:106)
	at com.kms.katalon.core.webui.keyword.builtin.VerifyElementNotPresentKeyword$_verifyElementNotPresent_closure1.doCall(VerifyElementNotPresentKeyword.groovy)
	at com.kms.katalon.core.webui.keyword.internal.WebUIKeywordMain.runKeyword(WebUIKeywordMain.groovy:20)
	at com.kms.katalon.core.webui.keyword.internal.WebUIKeywordMain$runKeyword.call(Unknown Source)
	at com.kms.katalon.core.webui.keyword.builtin.VerifyElementNotPresentKeyword.verifyElementNotPresent(VerifyElementNotPresentKeyword.groovy:117)
	at com.kms.katalon.core.webui.keyword.builtin.VerifyElementNotPresentKeyword.execute(VerifyElementNotPresentKeyword.groovy:68)
	at com.kms.katalon.core.keyword.internal.KeywordExecutor.executeKeywordForPlatform(KeywordExecutor.groovy:74)
	at com.kms.katalon.core.webui.keyword.WebUiBuiltInKeywords.verifyElementNotPresent(WebUiBuiltInKeywords.groovy:1481)
	at com.kms.katalon.core.webui.keyword.WebUiBuiltInKeywords$verifyElementNotPresent$8.call(Unknown Source)
	at GetBrokSumPriceDaily.run(GetBrokSumPriceDaily:309)
	at com.kms.katalon.core.main.ScriptEngine.run(ScriptEngine.java:194)
	at com.kms.katalon.core.main.ScriptEngine.runScriptAsRawText(ScriptEngine.java:119)
	at com.kms.katalon.core.main.TestCaseExecutor.runScript(TestCaseExecutor.java:445)
	at com.kms.katalon.core.main.TestCaseExecutor.doExecute(TestCaseExecutor.java:436)
	at com.kms.katalon.core.main.TestCaseExecutor.processExecutionPhase(TestCaseExecutor.java:415)
	at com.kms.katalon.core.main.TestCaseExecutor.accessMainPhase(TestCaseExecutor.java:407)
	at com.kms.katalon.core.main.TestCaseExecutor.execute(TestCaseExecutor.java:284)
	at com.kms.katalon.core.common.CommonExecutor.accessTestCaseMainPhase(CommonExecutor.java:65)
	at com.kms.katalon.core.main.TestSuiteExecutor.accessTestSuiteMainPhase(TestSuiteExecutor.java:144)
	at com.kms.katalon.core.main.TestSuiteExecutor.execute(TestSuiteExecutor.java:106)
	at com.kms.katalon.core.main.TestCaseMain.startTestSuite(TestCaseMain.java:185)
	at com.kms.katalon.core.main.TestCaseMain$startTestSuite$0.call(Unknown Source)
	at TempTestSuite1705923140048.run(TempTestSuite1705923140048.groovy:36)
)
[[ATTACHMENT|C:\\Users\\Fadli\\git\\KatalonDailyGetData2\\Reports\\20240122_174123\\TS1\\20240122_183220\\1705924028387.png]]

2024-01-22 18:47:08 - [TEST_STEP][PASSED] - else: null

2024-01-22 18:47:08 - [TEST_STEP][PASSED] - strSeller2 = getText(findTestObject("Stockbit/Bandarmology_Seller2")): Text of object 'Object Repository/Stockbit/Bandarmology_Seller2' is: 'YP'

2024-01-22 18:47:08 - [MESSAGE][PASSED] - Text of object 'Object Repository/Stockbit/Bandarmology_Seller2' is: 'YP'

2024-01-22 18:47:08 - [TEST_STEP][PASSED] - strSellerVol2 = getText(findTestObject("Stockbit/Bandarmology_SellerVol2")): Text of object 'Object Repository/Stockbit/Bandarmology_SellerVol2' is: '1.5 K'

2024-01-22 18:47:08 - [MESSAGE][PASSED] - Text of object 'Object Repository/Stockbit/Bandarmology_SellerVol2' is: '1.5 K'

2024-01-22 18:47:08 - [TEST_STEP][PASSED] - strSellerAvg2 = getText(findTestObject("Stockbit/Bandarmology_SellerAvg2")): Text of object 'Object Repository/Stockbit/Bandarmology_SellerAvg2' is: '252'

2024-01-22 18:47:09 - [MESSAGE][PASSED] - Text of object 'Object Repository/Stockbit/Bandarmology_SellerAvg2' is: '252'

2024-01-22 18:47:09 - [TEST_STEP][PASSED] - if (strSeller2 != ""): null

2024-01-22 18:47:09 - [TEST_STEP][PASSED] - if (strSellerAvg2.contains(",")): null

2024-01-22 18:47:09 - [TEST_STEP][PASSED] - if (strSellerVol2.contains(" B")): null

2024-01-22 18:47:09 - [TEST_STEP][PASSED] - else if (strSellerVol2.contains(" M")): null

2024-01-22 18:47:09 - [TEST_STEP][PASSED] - else if (strSellerVol2.contains(" K")): null

2024-01-22 18:47:09 - [TEST_STEP][PASSED] - strSellerVol2 = strSellerVol2.replace(" K", ""): null

2024-01-22 18:47:09 - [TEST_STEP][PASSED] - strSellerVol2 = strSellerVol2.toDouble() * 1000: null

2024-01-22 18:47:09 - [TEST_STEP][PASSED] - if (verifyElementNotPresent(findTestObject("Stockbit/Bandarmology_Buyer3"), 1, OPTIONAL)): Web element with id: 'Object Repository/Stockbit/Bandarmology_Buyer3' located by 'By.xpath: //*[contains(@id, 'rc-tabs-')]/div[2]/div/div/div/div/div/div[2]/table/tbody/tr[4]/td[1]/p' is present after '1' second(s) (Root cause: com.kms.katalon.core.exception.StepFailedException: Web element with id: 'Object Repository/Stockbit/Bandarmology_Buyer3' located by 'By.xpath: //*[contains(@id, 'rc-tabs-')]/div[2]/div/div/div/div/div/div[2]/table/tbody/tr[4]/td[1]/p' is present after '1' second(s)
	at com.kms.katalon.core.webui.keyword.internal.WebUIKeywordMain.stepFailed(WebUIKeywordMain.groovy:64)
	at com.kms.katalon.core.webui.keyword.internal.WebUIKeywordMain$stepFailed$0.call(Unknown Source)
	at com.kms.katalon.core.webui.keyword.builtin.VerifyElementNotPresentKeyword$_verifyElementNotPresent_closure1.doCall(VerifyElementNotPresentKeyword.groovy:106)
	at com.kms.katalon.core.webui.keyword.builtin.VerifyElementNotPresentKeyword$_verifyElementNotPresent_closure1.doCall(VerifyElementNotPresentKeyword.groovy)
	at com.kms.katalon.core.webui.keyword.internal.WebUIKeywordMain.runKeyword(WebUIKeywordMain.groovy:20)
	at com.kms.katalon.core.webui.keyword.internal.WebUIKeywordMain$runKeyword.call(Unknown Source)
	at com.kms.katalon.core.webui.keyword.builtin.VerifyElementNotPresentKeyword.verifyElementNotPresent(VerifyElementNotPresentKeyword.groovy:117)
	at com.kms.katalon.core.webui.keyword.builtin.VerifyElementNotPresentKeyword.execute(VerifyElementNotPresentKeyword.groovy:68)
	at com.kms.katalon.core.keyword.internal.KeywordExecutor.executeKeywordForPlatform(KeywordExecutor.groovy:74)
	at com.kms.katalon.core.webui.keyword.WebUiBuiltInKeywords.verifyElementNotPresent(WebUiBuiltInKeywords.groovy:1481)
	at com.kms.katalon.core.webui.keyword.WebUiBuiltInKeywords$verifyElementNotPresent$8.call(Unknown Source)
	at GetBrokSumPriceDaily.run(GetBrokSumPriceDaily:361)
	at com.kms.katalon.core.main.ScriptEngine.run(ScriptEngine.java:194)
	at com.kms.katalon.core.main.ScriptEngine.runScriptAsRawText(ScriptEngine.java:119)
	at com.kms.katalon.core.main.TestCaseExecutor.runScript(TestCaseExecutor.java:445)
	at com.kms.katalon.core.main.TestCaseExecutor.doExecute(TestCaseExecutor.java:436)
	at com.kms.katalon.core.main.TestCaseExecutor.processExecutionPhase(TestCaseExecutor.java:415)
	at com.kms.katalon.core.main.TestCaseExecutor.accessMainPhase(TestCaseExecutor.java:407)
	at com.kms.katalon.core.main.TestCaseExecutor.execute(TestCaseExecutor.java:284)
	at com.kms.katalon.core.common.CommonExecutor.accessTestCaseMainPhase(CommonExecutor.java:65)
	at com.kms.katalon.core.main.TestSuiteExecutor.accessTestSuiteMainPhase(TestSuiteExecutor.java:144)
	at com.kms.katalon.core.main.TestSuiteExecutor.execute(TestSuiteExecutor.java:106)
	at com.kms.katalon.core.main.TestCaseMain.startTestSuite(TestCaseMain.java:185)
	at com.kms.katalon.core.main.TestCaseMain$startTestSuite$0.call(Unknown Source)
	at TempTestSuite1705923140048.run(TempTestSuite1705923140048.groovy:36)
)

2024-01-22 18:47:10 - [MESSAGE][WARNING] - Web element with id: 'Object Repository/Stockbit/Bandarmology_Buyer3' located by 'By.xpath: //*[contains(@id, 'rc-tabs-')]/div[2]/div/div/div/div/div/div[2]/table/tbody/tr[4]/td[1]/p' is present after '1' second(s) (Root cause: com.kms.katalon.core.exception.StepFailedException: Web element with id: 'Object Repository/Stockbit/Bandarmology_Buyer3' located by 'By.xpath: //*[contains(@id, 'rc-tabs-')]/div[2]/div/div/div/div/div/div[2]/table/tbody/tr[4]/td[1]/p' is present after '1' second(s)
	at com.kms.katalon.core.webui.keyword.internal.WebUIKeywordMain.stepFailed(WebUIKeywordMain.groovy:64)
	at com.kms.katalon.core.webui.keyword.internal.WebUIKeywordMain$stepFailed$0.call(Unknown Source)
	at com.kms.katalon.core.webui.keyword.builtin.VerifyElementNotPresentKeyword$_verifyElementNotPresent_closure1.doCall(VerifyElementNotPresentKeyword.groovy:106)
	at com.kms.katalon.core.webui.keyword.builtin.VerifyElementNotPresentKeyword$_verifyElementNotPresent_closure1.doCall(VerifyElementNotPresentKeyword.groovy)
	at com.kms.katalon.core.webui.keyword.internal.WebUIKeywordMain.runKeyword(WebUIKeywordMain.groovy:20)
	at com.kms.katalon.core.webui.keyword.internal.WebUIKeywordMain$runKeyword.call(Unknown Source)
	at com.kms.katalon.core.webui.keyword.builtin.VerifyElementNotPresentKeyword.verifyElementNotPresent(VerifyElementNotPresentKeyword.groovy:117)
	at com.kms.katalon.core.webui.keyword.builtin.VerifyElementNotPresentKeyword.execute(VerifyElementNotPresentKeyword.groovy:68)
	at com.kms.katalon.core.keyword.internal.KeywordExecutor.executeKeywordForPlatform(KeywordExecutor.groovy:74)
	at com.kms.katalon.core.webui.keyword.WebUiBuiltInKeywords.verifyElementNotPresent(WebUiBuiltInKeywords.groovy:1481)
	at com.kms.katalon.core.webui.keyword.WebUiBuiltInKeywords$verifyElementNotPresent$8.call(Unknown Source)
	at GetBrokSumPriceDaily.run(GetBrokSumPriceDaily:361)
	at com.kms.katalon.core.main.ScriptEngine.run(ScriptEngine.java:194)
	at com.kms.katalon.core.main.ScriptEngine.runScriptAsRawText(ScriptEngine.java:119)
	at com.kms.katalon.core.main.TestCaseExecutor.runScript(TestCaseExecutor.java:445)
	at com.kms.katalon.core.main.TestCaseExecutor.doExecute(TestCaseExecutor.java:436)
	at com.kms.katalon.core.main.TestCaseExecutor.processExecutionPhase(TestCaseExecutor.java:415)
	at com.kms.katalon.core.main.TestCaseExecutor.accessMainPhase(TestCaseExecutor.java:407)
	at com.kms.katalon.core.main.TestCaseExecutor.execute(TestCaseExecutor.java:284)
	at com.kms.katalon.core.common.CommonExecutor.accessTestCaseMainPhase(CommonExecutor.java:65)
	at com.kms.katalon.core.main.TestSuiteExecutor.accessTestSuiteMainPhase(TestSuiteExecutor.java:144)
	at com.kms.katalon.core.main.TestSuiteExecutor.execute(TestSuiteExecutor.java:106)
	at com.kms.katalon.core.main.TestCaseMain.startTestSuite(TestCaseMain.java:185)
	at com.kms.katalon.core.main.TestCaseMain$startTestSuite$0.call(Unknown Source)
	at TempTestSuite1705923140048.run(TempTestSuite1705923140048.groovy:36)
)
[[ATTACHMENT|C:\\Users\\Fadli\\git\\KatalonDailyGetData2\\Reports\\20240122_174123\\TS1\\20240122_183220\\1705924030286.png]]

2024-01-22 18:47:10 - [TEST_STEP][PASSED] - else: null

2024-01-22 18:47:10 - [TEST_STEP][PASSED] - strBuyer3 = getText(findTestObject("Stockbit/Bandarmology_Buyer3")): Text of object 'Object Repository/Stockbit/Bandarmology_Buyer3' is: 'XC'

2024-01-22 18:47:10 - [MESSAGE][PASSED] - Text of object 'Object Repository/Stockbit/Bandarmology_Buyer3' is: 'XC'

2024-01-22 18:47:10 - [TEST_STEP][PASSED] - strBuyerVol3 = getText(findTestObject("Stockbit/Bandarmology_BuyerVol3")): Text of object 'Object Repository/Stockbit/Bandarmology_BuyerVol3' is: '404'

2024-01-22 18:47:10 - [MESSAGE][PASSED] - Text of object 'Object Repository/Stockbit/Bandarmology_BuyerVol3' is: '404'

2024-01-22 18:47:10 - [TEST_STEP][PASSED] - strBuyerAvg3 = getText(findTestObject("Stockbit/Bandarmology_BuyerAvg3")): Text of object 'Object Repository/Stockbit/Bandarmology_BuyerAvg3' is: '260'

2024-01-22 18:47:10 - [MESSAGE][PASSED] - Text of object 'Object Repository/Stockbit/Bandarmology_BuyerAvg3' is: '260'

2024-01-22 18:47:10 - [TEST_STEP][PASSED] - if (strBuyer3 != ""): null

2024-01-22 18:47:10 - [TEST_STEP][PASSED] - if (strBuyerAvg3.contains(",")): null

2024-01-22 18:47:10 - [TEST_STEP][PASSED] - if (strBuyerVol3.contains(" B")): null

2024-01-22 18:47:10 - [TEST_STEP][PASSED] - if (verifyElementNotPresent(findTestObject("Stockbit/Bandarmology_Seller3"), 1, OPTIONAL)): Web element with id: 'Object Repository/Stockbit/Bandarmology_Seller3' located by 'By.xpath: //*[contains(@id, 'rc-tabs-')]/div[2]/div/div/div/div/div/div[2]/table/tbody/tr[4]/td[5]/p' is present after '1' second(s) (Root cause: com.kms.katalon.core.exception.StepFailedException: Web element with id: 'Object Repository/Stockbit/Bandarmology_Seller3' located by 'By.xpath: //*[contains(@id, 'rc-tabs-')]/div[2]/div/div/div/div/div/div[2]/table/tbody/tr[4]/td[5]/p' is present after '1' second(s)
	at com.kms.katalon.core.webui.keyword.internal.WebUIKeywordMain.stepFailed(WebUIKeywordMain.groovy:64)
	at com.kms.katalon.core.webui.keyword.internal.WebUIKeywordMain$stepFailed$0.call(Unknown Source)
	at com.kms.katalon.core.webui.keyword.builtin.VerifyElementNotPresentKeyword$_verifyElementNotPresent_closure1.doCall(VerifyElementNotPresentKeyword.groovy:106)
	at com.kms.katalon.core.webui.keyword.builtin.VerifyElementNotPresentKeyword$_verifyElementNotPresent_closure1.doCall(VerifyElementNotPresentKeyword.groovy)
	at com.kms.katalon.core.webui.keyword.internal.WebUIKeywordMain.runKeyword(WebUIKeywordMain.groovy:20)
	at com.kms.katalon.core.webui.keyword.internal.WebUIKeywordMain$runKeyword.call(Unknown Source)
	at com.kms.katalon.core.webui.keyword.builtin.VerifyElementNotPresentKeyword.verifyElementNotPresent(VerifyElementNotPresentKeyword.groovy:117)
	at com.kms.katalon.core.webui.keyword.builtin.VerifyElementNotPresentKeyword.execute(VerifyElementNotPresentKeyword.groovy:68)
	at com.kms.katalon.core.keyword.internal.KeywordExecutor.executeKeywordForPlatform(KeywordExecutor.groovy:74)
	at com.kms.katalon.core.webui.keyword.WebUiBuiltInKeywords.verifyElementNotPresent(WebUiBuiltInKeywords.groovy:1481)
	at com.kms.katalon.core.webui.keyword.WebUiBuiltInKeywords$verifyElementNotPresent$8.call(Unknown Source)
	at GetBrokSumPriceDaily.run(GetBrokSumPriceDaily:414)
	at com.kms.katalon.core.main.ScriptEngine.run(ScriptEngine.java:194)
	at com.kms.katalon.core.main.ScriptEngine.runScriptAsRawText(ScriptEngine.java:119)
	at com.kms.katalon.core.main.TestCaseExecutor.runScript(TestCaseExecutor.java:445)
	at com.kms.katalon.core.main.TestCaseExecutor.doExecute(TestCaseExecutor.java:436)
	at com.kms.katalon.core.main.TestCaseExecutor.processExecutionPhase(TestCaseExecutor.java:415)
	at com.kms.katalon.core.main.TestCaseExecutor.accessMainPhase(TestCaseExecutor.java:407)
	at com.kms.katalon.core.main.TestCaseExecutor.execute(TestCaseExecutor.java:284)
	at com.kms.katalon.core.common.CommonExecutor.accessTestCaseMainPhase(CommonExecutor.java:65)
	at com.kms.katalon.core.main.TestSuiteExecutor.accessTestSuiteMainPhase(TestSuiteExecutor.java:144)
	at com.kms.katalon.core.main.TestSuiteExecutor.execute(TestSuiteExecutor.java:106)
	at com.kms.katalon.core.main.TestCaseMain.startTestSuite(TestCaseMain.java:185)
	at com.kms.katalon.core.main.TestCaseMain$startTestSuite$0.call(Unknown Source)
	at TempTestSuite1705923140048.run(TempTestSuite1705923140048.groovy:36)
)

2024-01-22 18:47:12 - [MESSAGE][WARNING] - Web element with id: 'Object Repository/Stockbit/Bandarmology_Seller3' located by 'By.xpath: //*[contains(@id, 'rc-tabs-')]/div[2]/div/div/div/div/div/div[2]/table/tbody/tr[4]/td[5]/p' is present after '1' second(s) (Root cause: com.kms.katalon.core.exception.StepFailedException: Web element with id: 'Object Repository/Stockbit/Bandarmology_Seller3' located by 'By.xpath: //*[contains(@id, 'rc-tabs-')]/div[2]/div/div/div/div/div/div[2]/table/tbody/tr[4]/td[5]/p' is present after '1' second(s)
	at com.kms.katalon.core.webui.keyword.internal.WebUIKeywordMain.stepFailed(WebUIKeywordMain.groovy:64)
	at com.kms.katalon.core.webui.keyword.internal.WebUIKeywordMain$stepFailed$0.call(Unknown Source)
	at com.kms.katalon.core.webui.keyword.builtin.VerifyElementNotPresentKeyword$_verifyElementNotPresent_closure1.doCall(VerifyElementNotPresentKeyword.groovy:106)
	at com.kms.katalon.core.webui.keyword.builtin.VerifyElementNotPresentKeyword$_verifyElementNotPresent_closure1.doCall(VerifyElementNotPresentKeyword.groovy)
	at com.kms.katalon.core.webui.keyword.internal.WebUIKeywordMain.runKeyword(WebUIKeywordMain.groovy:20)
	at com.kms.katalon.core.webui.keyword.internal.WebUIKeywordMain$runKeyword.call(Unknown Source)
	at com.kms.katalon.core.webui.keyword.builtin.VerifyElementNotPresentKeyword.verifyElementNotPresent(VerifyElementNotPresentKeyword.groovy:117)
	at com.kms.katalon.core.webui.keyword.builtin.VerifyElementNotPresentKeyword.execute(VerifyElementNotPresentKeyword.groovy:68)
	at com.kms.katalon.core.keyword.internal.KeywordExecutor.executeKeywordForPlatform(KeywordExecutor.groovy:74)
	at com.kms.katalon.core.webui.keyword.WebUiBuiltInKeywords.verifyElementNotPresent(WebUiBuiltInKeywords.groovy:1481)
	at com.kms.katalon.core.webui.keyword.WebUiBuiltInKeywords$verifyElementNotPresent$8.call(Unknown Source)
	at GetBrokSumPriceDaily.run(GetBrokSumPriceDaily:414)
	at com.kms.katalon.core.main.ScriptEngine.run(ScriptEngine.java:194)
	at com.kms.katalon.core.main.ScriptEngine.runScriptAsRawText(ScriptEngine.java:119)
	at com.kms.katalon.core.main.TestCaseExecutor.runScript(TestCaseExecutor.java:445)
	at com.kms.katalon.core.main.TestCaseExecutor.doExecute(TestCaseExecutor.java:436)
	at com.kms.katalon.core.main.TestCaseExecutor.processExecutionPhase(TestCaseExecutor.java:415)
	at com.kms.katalon.core.main.TestCaseExecutor.accessMainPhase(TestCaseExecutor.java:407)
	at com.kms.katalon.core.main.TestCaseExecutor.execute(TestCaseExecutor.java:284)
	at com.kms.katalon.core.common.CommonExecutor.accessTestCaseMainPhase(CommonExecutor.java:65)
	at com.kms.katalon.core.main.TestSuiteExecutor.accessTestSuiteMainPhase(TestSuiteExecutor.java:144)
	at com.kms.katalon.core.main.TestSuiteExecutor.execute(TestSuiteExecutor.java:106)
	at com.kms.katalon.core.main.TestCaseMain.startTestSuite(TestCaseMain.java:185)
	at com.kms.katalon.core.main.TestCaseMain$startTestSuite$0.call(Unknown Source)
	at TempTestSuite1705923140048.run(TempTestSuite1705923140048.groovy:36)
)
[[ATTACHMENT|C:\\Users\\Fadli\\git\\KatalonDailyGetData2\\Reports\\20240122_174123\\TS1\\20240122_183220\\1705924032188.png]]

2024-01-22 18:47:12 - [TEST_STEP][PASSED] - else: null

2024-01-22 18:47:12 - [TEST_STEP][PASSED] - strSeller3 = getText(findTestObject("Stockbit/Bandarmology_Seller3")): Text of object 'Object Repository/Stockbit/Bandarmology_Seller3' is: 'EP'

2024-01-22 18:47:12 - [MESSAGE][PASSED] - Text of object 'Object Repository/Stockbit/Bandarmology_Seller3' is: 'EP'

2024-01-22 18:47:12 - [TEST_STEP][PASSED] - strSellerVol3 = getText(findTestObject("Stockbit/Bandarmology_SellerVol3")): Text of object 'Object Repository/Stockbit/Bandarmology_SellerVol3' is: '396'

2024-01-22 18:47:12 - [MESSAGE][PASSED] - Text of object 'Object Repository/Stockbit/Bandarmology_SellerVol3' is: '396'

2024-01-22 18:47:12 - [TEST_STEP][PASSED] - strSellerAvg3 = getText(findTestObject("Stockbit/Bandarmology_SellerAvg3")): Text of object 'Object Repository/Stockbit/Bandarmology_SellerAvg3' is: '258'

2024-01-22 18:47:12 - [MESSAGE][PASSED] - Text of object 'Object Repository/Stockbit/Bandarmology_SellerAvg3' is: '258'

2024-01-22 18:47:12 - [TEST_STEP][PASSED] - if (strSeller3 != ""): null

2024-01-22 18:47:12 - [TEST_STEP][PASSED] - if (strSellerAvg3.contains(",")): null

2024-01-22 18:47:12 - [TEST_STEP][PASSED] - if (strSellerVol3.contains(" B")): null

2024-01-22 18:47:12 - [TEST_STEP][PASSED] - strAccDist = getText(findTestObject("Stockbit/Bandarmology_AccDist")): Text of object 'Object Repository/Stockbit/Bandarmology_AccDist' is: 'Acc'

2024-01-22 18:47:12 - [MESSAGE][PASSED] - Text of object 'Object Repository/Stockbit/Bandarmology_AccDist' is: 'Acc'

2024-01-22 18:47:12 - [TEST_STEP][PASSED] - strNetVol = getText(findTestObject("Stockbit/Bandarmology_NetVol")): Text of object 'Object Repository/Stockbit/Bandarmology_NetVol' is: '3,890'

2024-01-22 18:47:13 - [MESSAGE][PASSED] - Text of object 'Object Repository/Stockbit/Bandarmology_NetVol' is: '3,890'

2024-01-22 18:47:13 - [TEST_STEP][PASSED] - strNetVol = strNetVol.replace(",", ""): null

2024-01-22 18:47:13 - [TEST_STEP][PASSED] - strNetVal = getText(findTestObject("Stockbit/Bandarmology_NetVal")): Text of object 'Object Repository/Stockbit/Bandarmology_NetVal' is: '0.1 B'

2024-01-22 18:47:13 - [MESSAGE][PASSED] - Text of object 'Object Repository/Stockbit/Bandarmology_NetVal' is: '0.1 B'

2024-01-22 18:47:13 - [TEST_STEP][PASSED] - delay(3): Delayed 3 second(s)

2024-01-22 18:47:16 - [MESSAGE][PASSED] - Delayed 3 second(s)

2024-01-22 18:47:16 - [TEST_STEP][PASSED] - strOpenPrice = getText(findTestObject("Stockbit/Home_OpenPrice")): Text of object 'Object Repository/Stockbit/Home_OpenPrice' is: '268'

2024-01-22 18:47:16 - [MESSAGE][PASSED] - Text of object 'Object Repository/Stockbit/Home_OpenPrice' is: '268'

2024-01-22 18:47:16 - [TEST_STEP][PASSED] - strOpenPrice = strOpenPrice.replace(",", ""): null

2024-01-22 18:47:16 - [TEST_STEP][PASSED] - strLowPrice = getText(findTestObject("Stockbit/Home_LowPrice")): Text of object 'Object Repository/Stockbit/Home_LowPrice' is: '252'

2024-01-22 18:47:16 - [MESSAGE][PASSED] - Text of object 'Object Repository/Stockbit/Home_LowPrice' is: '252'

2024-01-22 18:47:16 - [TEST_STEP][PASSED] - strLowPrice = strLowPrice.replace(",", ""): null

2024-01-22 18:47:16 - [TEST_STEP][PASSED] - strHighPrice = getText(findTestObject("Stockbit/Home_HighPrice")): Text of object 'Object Repository/Stockbit/Home_HighPrice' is: '270'

2024-01-22 18:47:16 - [MESSAGE][PASSED] - Text of object 'Object Repository/Stockbit/Home_HighPrice' is: '270'

2024-01-22 18:47:16 - [TEST_STEP][PASSED] - strHighPrice = strHighPrice.replace(",", ""): null

2024-01-22 18:47:16 - [TEST_STEP][PASSED] - strClosePrice = getText(findTestObject("Stockbit/Home_ClosePrice")): Text of object 'Object Repository/Stockbit/Home_ClosePrice' is: '256'

2024-01-22 18:47:16 - [MESSAGE][PASSED] - Text of object 'Object Repository/Stockbit/Home_ClosePrice' is: '256'

2024-01-22 18:47:16 - [TEST_STEP][PASSED] - strClosePrice = strClosePrice.replace(",", ""): null

2024-01-22 18:47:16 - [TEST_STEP][PASSED] - strVol = getText(findTestObject("Stockbit/Home_Volume")): Text of object 'Object Repository/Stockbit/Home_Volume' is: '4 K'

2024-01-22 18:47:17 - [MESSAGE][PASSED] - Text of object 'Object Repository/Stockbit/Home_Volume' is: '4 K'

2024-01-22 18:47:17 - [TEST_STEP][PASSED] - if (strVol.contains(" K")): null

2024-01-22 18:47:17 - [TEST_STEP][PASSED] - strVol = strVol.replace(" K", "000"): null

2024-01-22 18:47:17 - [TEST_STEP][PASSED] - if (strVol.contains(",")): null

2024-01-22 18:47:17 - [TEST_STEP][PASSED] - strChange = getText(findTestObject("Stockbit/Home_Change")): Text of object 'Object Repository/Stockbit/Home_Change' is: '-3.76%'

2024-01-22 18:47:17 - [MESSAGE][PASSED] - Text of object 'Object Repository/Stockbit/Home_Change' is: '-3.76%'

2024-01-22 18:47:17 - [TEST_STEP][PASSED] - strChange = strChange.replace("%", ""): null

2024-01-22 18:47:17 - [TEST_STEP][PASSED] - strFreq = getText(findTestObject("Stockbit/Home_Freq")): Text of object 'Object Repository/Stockbit/Home_Freq' is: '87'

2024-01-22 18:47:17 - [MESSAGE][PASSED] - Text of object 'Object Repository/Stockbit/Home_Freq' is: '87'

2024-01-22 18:47:17 - [TEST_STEP][PASSED] - if (strFreq.contains(",")): null

2024-01-22 18:47:17 - [TEST_STEP][PASSED] - if (strFreq == "NA" || strFreq == ""): null

2024-01-22 18:47:17 - [TEST_STEP][PASSED] - else: null

2024-01-22 18:47:17 - [TEST_STEP][PASSED] - dblFreqAnal = strVol.toDouble() / strFreq.toDouble() * strFreq.toDouble() * strFreq.toDouble() * 100000000: null

2024-01-22 18:47:17 - [TEST_STEP][PASSED] - strFreqAnal = String.format("%.4f", dblFreqAnal): null

2024-01-22 18:47:17 - [TEST_STEP][PASSED] - out.println("Double strFreqAnal: " + strFreqAnal): null

2024-01-22 18:47:17 - [TEST_STEP][PASSED] - strTanggal = d.format(DateTimeFormatter.ofPattern("yyyy-MM-dd")): null

2024-01-22 18:47:17 - [TEST_STEP][PASSED] - strTanggal = "#" + strTanggal + "#": null

2024-01-22 18:47:17 - [TEST_STEP][PASSED] - strSQL = "select count(*) as JumBaris from TblBrokSum where Nama = '" + strNama + "' and Tanggal = " + strTanggal + "": null

2024-01-22 18:47:17 - [TEST_STEP][PASSED] - resultSet = statement.executeQuery(strSQL): null

2024-01-22 18:47:17 - [TEST_STEP][PASSED] - resultSet.next(): null

2024-01-22 18:47:17 - [TEST_STEP][PASSED] - intJumBaris = resultSet.getInt("JumBaris"): null

2024-01-22 18:47:17 - [TEST_STEP][PASSED] - if (intJumBaris > 0): null

2024-01-22 18:47:17 - [TEST_STEP][PASSED] - else: null

2024-01-22 18:47:17 - [TEST_STEP][PASSED] - try: null

2024-01-22 18:47:17 - [TEST_STEP][PASSED] - out.println("Insert data"): null

2024-01-22 18:47:17 - [TEST_STEP][PASSED] - strSQL = "insert into TblBrokSum (nama, tanggal, top1, top2, top3, AllBrokAvg, AccDist, AvgRP, " + "Buyer1, BuyerVal1, BuyerAvg1, Seller1, SellerVal1, SellerAvg1, Buyer2, BuyerVal2, BuyerAvg2, " + "Seller2, SellerVal2, SellerAvg2, Buyer3, BuyerVal3, BuyerAvg3, Seller3, SellerVal3, SellerAvg3, NetVol, NetVal, " + "OpenPrice, LowPrice, HighPrice, ClosePrice, Volume, Change, Frekuensi, FrekAnal) " + "values ('" + strNama + "', " + strTanggal + ", '" + strTop1 + "', '" + strTop3 + "', '" + strTop5 + "', " + "'" + strAllBrokAvg + "', '" + strAccDist + "', " + intAvgRP + ", '" + strBuyer1 + "', '" + strBuyerVol1 + "', " + strBuyerAvg1 + ", " + "'" + strSeller1 + "', '" + strSellerVol1 + "', " + strSellerAvg1 + ", '" + strBuyer2 + "', '" + strBuyerVol2 + "', " + strBuyerAvg2 + ", " + "'" + strSeller2 + "', '" + strSellerVol2 + "', " + strSellerAvg2 + ", '" + strBuyer3 + "', '" + strBuyerVol3 + "', " + strBuyerAvg3 + ", " + "'" + strSeller3 + "', '" + strSellerVol3 + "', " + strSellerAvg3 + ", " + strNetVol + ", '" + strNetVal + "', " + "" + strOpenPrice + ", " + strLowPrice + ", " + strHighPrice + ", " + strClosePrice + ", '" + strVol + "', " + strChange + ", " + strFreq + ", " + strFreqAnal + ");": null

2024-01-22 18:47:17 - [TEST_STEP][PASSED] - out.println("strSQL = " + strSQL): null

2024-01-22 18:47:17 - [TEST_STEP][PASSED] - statement.executeUpdate(strSQL): null

2024-01-22 18:47:17 - [TEST_STEP][PASSED] - setValueToCellByIndex(sheet01, rowIndex, 4, "DONE"): null

2024-01-22 18:47:17 - [TEST_STEP][PASSED] - saveWorkbook(excelFilePath, workbook01): null

2024-01-22 18:47:17 - [TEST_STEP][PASSED] - waitForElementClickable(findTestObject("Stockbit/menu_Bandarmology"), 10): Object 'Object Repository/Stockbit/menu_Bandarmology' is clickable

2024-01-22 18:47:17 - [MESSAGE][PASSED] - Object 'Object Repository/Stockbit/menu_Bandarmology' is clickable

2024-01-22 18:47:17 - [TEST_STEP][PASSED] - click(findTestObject("Stockbit/menu_Bandarmology")): Object: 'Object Repository/Stockbit/menu_Bandarmology' is clicked on

2024-01-22 18:47:18 - [MESSAGE][PASSED] - Object: 'Object Repository/Stockbit/menu_Bandarmology' is clicked on

2024-01-22 18:47:18 - [TEST_STEP][PASSED] - strTemp = "NA": null

2024-01-22 18:47:18 - [TEST_STEP][PASSED] - if (getCellValueByIndex(sheet01, rowIndex, 4) != "DONE"): Object: 'Object Repository/Stockbit/menu_Bandarmology' is clicked on

2024-01-22 18:47:18 - [TEST_STEP][PASSED] - strNama = getCellValueByIndex(sheet01, rowIndex, 0): null

2024-01-22 18:47:18 - [TEST_STEP][PASSED] - navigateToUrl("https://stockbit.com/#/symbol/" + strNama): Navigate to 'https://stockbit.com/#/symbol/EMTK' successfully

2024-01-22 18:47:19 - [MESSAGE][PASSED] - Navigate to 'https://stockbit.com/#/symbol/EMTK' successfully

2024-01-22 18:47:19 - [TEST_STEP][PASSED] - waitForElementClickable(findTestObject("Stockbit/menu_Bandarmology"), 10): Object 'Object Repository/Stockbit/menu_Bandarmology' is clickable

2024-01-22 18:47:19 - [MESSAGE][PASSED] - Object 'Object Repository/Stockbit/menu_Bandarmology' is clickable

2024-01-22 18:47:19 - [TEST_STEP][PASSED] - click(findTestObject("Stockbit/menu_Bandarmology")): Object: 'Object Repository/Stockbit/menu_Bandarmology' is clicked on

2024-01-22 18:47:20 - [MESSAGE][PASSED] - Object: 'Object Repository/Stockbit/menu_Bandarmology' is clicked on

2024-01-22 18:47:20 - [TEST_STEP][PASSED] - strTanggal = d.format(DateTimeFormatter.ofPattern("MMM dd, yyyy")): null

2024-01-22 18:47:20 - [TEST_STEP][PASSED] - strTanggal = d.format(ISO_DATE): null

2024-01-22 18:47:20 - [TEST_STEP][PASSED] - out.println("strTanggal = " + strTanggal): null

2024-01-22 18:47:20 - [TEST_STEP][PASSED] - out.println("strNama = " + strNama): null

2024-01-22 18:47:20 - [TEST_STEP][PASSED] - out.println("Baris ke = " + rowIndex): null

2024-01-22 18:47:20 - [TEST_STEP][PASSED] - click(findTestObject("Stockbit/input__BandarmologyOpenStartDate")): Object: 'Object Repository/Stockbit/input__BandarmologyOpenStartDate' is clicked on

2024-01-22 18:47:22 - [MESSAGE][PASSED] - Object: 'Object Repository/Stockbit/input__BandarmologyOpenStartDate' is clicked on

2024-01-22 18:47:22 - [TEST_STEP][PASSED] - sendKeys(findTestObject("Stockbit/input__BandarmologyOpenStartDate"), Keys.chord(CONTROL, "a")): Keys 'CONTROL + a' sent to object: 'Object Repository/Stockbit/input__BandarmologyOpenStartDate'

2024-01-22 18:47:22 - [MESSAGE][PASSED] - Keys 'CONTROL + a' sent to object: 'Object Repository/Stockbit/input__BandarmologyOpenStartDate'

2024-01-22 18:47:22 - [TEST_STEP][PASSED] - sendKeys(findTestObject("Stockbit/input__BandarmologyOpenStartDate"), Keys.chord(BACK_SPACE)): Keys 'BACK_SPACE + ' sent to object: 'Object Repository/Stockbit/input__BandarmologyOpenStartDate'

2024-01-22 18:47:22 - [MESSAGE][PASSED] - Keys 'BACK_SPACE + ' sent to object: 'Object Repository/Stockbit/input__BandarmologyOpenStartDate'

2024-01-22 18:47:22 - [TEST_STEP][PASSED] - setText(findTestObject("Stockbit/input__BandarmologyOpenStartDate"), strTanggal): Text '2024-01-22' is set on object 'Object Repository/Stockbit/input__BandarmologyOpenStartDate'

2024-01-22 18:47:23 - [MESSAGE][PASSED] - Text '2024-01-22' is set on object 'Object Repository/Stockbit/input__BandarmologyOpenStartDate'

2024-01-22 18:47:23 - [TEST_STEP][PASSED] - sendKeys(findTestObject("Stockbit/input__BandarmologyOpenStartDate"), Keys.chord(ENTER)): Keys 'ENTER + ' sent to object: 'Object Repository/Stockbit/input__BandarmologyOpenStartDate'

2024-01-22 18:47:24 - [MESSAGE][PASSED] - Keys 'ENTER + ' sent to object: 'Object Repository/Stockbit/input__BandarmologyOpenStartDate'

2024-01-22 18:47:24 - [TEST_STEP][PASSED] - click(findTestObject("Stockbit/input__BandarmologyOpenEndDate")): Object: 'Object Repository/Stockbit/input__BandarmologyOpenEndDate' is clicked on

2024-01-22 18:47:24 - [MESSAGE][PASSED] - Object: 'Object Repository/Stockbit/input__BandarmologyOpenEndDate' is clicked on

2024-01-22 18:47:24 - [TEST_STEP][PASSED] - sendKeys(findTestObject("Stockbit/input__BandarmologyOpenEndDate"), Keys.chord(CONTROL, "a")): Keys 'CONTROL + a' sent to object: 'Object Repository/Stockbit/input__BandarmologyOpenEndDate'

2024-01-22 18:47:25 - [MESSAGE][PASSED] - Keys 'CONTROL + a' sent to object: 'Object Repository/Stockbit/input__BandarmologyOpenEndDate'

2024-01-22 18:47:25 - [TEST_STEP][PASSED] - sendKeys(findTestObject("Stockbit/input__BandarmologyOpenEndDate"), Keys.chord(BACK_SPACE)): Keys 'BACK_SPACE + ' sent to object: 'Object Repository/Stockbit/input__BandarmologyOpenEndDate'

2024-01-22 18:47:25 - [MESSAGE][PASSED] - Keys 'BACK_SPACE + ' sent to object: 'Object Repository/Stockbit/input__BandarmologyOpenEndDate'

2024-01-22 18:47:25 - [TEST_STEP][PASSED] - setText(findTestObject("Stockbit/input__BandarmologyOpenEndDate"), strTanggal): Text '2024-01-22' is set on object 'Object Repository/Stockbit/input__BandarmologyOpenEndDate'

2024-01-22 18:47:26 - [MESSAGE][PASSED] - Text '2024-01-22' is set on object 'Object Repository/Stockbit/input__BandarmologyOpenEndDate'

2024-01-22 18:47:26 - [TEST_STEP][PASSED] - sendKeys(findTestObject("Stockbit/input__BandarmologyOpenEndDate"), Keys.chord(ENTER)): Keys 'ENTER + ' sent to object: 'Object Repository/Stockbit/input__BandarmologyOpenEndDate'

2024-01-22 18:47:27 - [MESSAGE][PASSED] - Keys 'ENTER + ' sent to object: 'Object Repository/Stockbit/input__BandarmologyOpenEndDate'

2024-01-22 18:47:27 - [TEST_STEP][PASSED] - delay(2): Delayed 2 second(s)

2024-01-22 18:47:29 - [MESSAGE][PASSED] - Delayed 2 second(s)

2024-01-22 18:47:29 - [TEST_STEP][PASSED] - strTemp = getText(findTestObject("Stockbit/Bandarmology_AvgRP")): Text of object 'Object Repository/Stockbit/Bandarmology_AvgRP' is: '532'

2024-01-22 18:47:29 - [MESSAGE][PASSED] - Text of object 'Object Repository/Stockbit/Bandarmology_AvgRP' is: '532'

2024-01-22 18:47:29 - [TEST_STEP][PASSED] - out.println("Bandarmology_AvgRP = " + strTemp): null

2024-01-22 18:47:29 - [TEST_STEP][PASSED] - if (strTemp != "0"): null

2024-01-22 18:47:29 - [TEST_STEP][PASSED] - strTop1 = getText(findTestObject("Stockbit/Bandarmology_Top1")): Text of object 'Object Repository/Stockbit/Bandarmology_Top1' is: 'Big Dist'

2024-01-22 18:47:29 - [MESSAGE][PASSED] - Text of object 'Object Repository/Stockbit/Bandarmology_Top1' is: 'Big Dist'

2024-01-22 18:47:29 - [TEST_STEP][PASSED] - strTop3 = getText(findTestObject("Stockbit/Bandarmology_Top3")): Text of object 'Object Repository/Stockbit/Bandarmology_Top3' is: 'Normal Dist'

2024-01-22 18:47:29 - [MESSAGE][PASSED] - Text of object 'Object Repository/Stockbit/Bandarmology_Top3' is: 'Normal Dist'

2024-01-22 18:47:29 - [TEST_STEP][PASSED] - strTop5 = getText(findTestObject("Stockbit/Bandarmology_Top5")): Text of object 'Object Repository/Stockbit/Bandarmology_Top5' is: 'Normal Dist'

2024-01-22 18:47:29 - [MESSAGE][PASSED] - Text of object 'Object Repository/Stockbit/Bandarmology_Top5' is: 'Normal Dist'

2024-01-22 18:47:29 - [TEST_STEP][PASSED] - strAllBrokAvg = getText(findTestObject("Stockbit/Bandarmology_TopAVG")): Text of object 'Object Repository/Stockbit/Bandarmology_TopAVG' is: 'Normal Dist'

2024-01-22 18:47:29 - [MESSAGE][PASSED] - Text of object 'Object Repository/Stockbit/Bandarmology_TopAVG' is: 'Normal Dist'

2024-01-22 18:47:29 - [TEST_STEP][PASSED] - strTemp = getText(findTestObject("Stockbit/Bandarmology_AvgRP")): Text of object 'Object Repository/Stockbit/Bandarmology_AvgRP' is: '532'

2024-01-22 18:47:30 - [MESSAGE][PASSED] - Text of object 'Object Repository/Stockbit/Bandarmology_AvgRP' is: '532'

2024-01-22 18:47:30 - [TEST_STEP][PASSED] - if (strTemp.contains(",")): null

2024-01-22 18:47:30 - [TEST_STEP][PASSED] - intAvgRP = strTemp.toInteger(): null

2024-01-22 18:47:30 - [TEST_STEP][PASSED] - strBuyer1 = getText(findTestObject("Stockbit/Bandarmology_Buyer1")): Text of object 'Object Repository/Stockbit/Bandarmology_Buyer1' is: 'YU'

2024-01-22 18:47:30 - [MESSAGE][PASSED] - Text of object 'Object Repository/Stockbit/Bandarmology_Buyer1' is: 'YU'

2024-01-22 18:47:30 - [TEST_STEP][PASSED] - strBuyerVol1 = getText(findTestObject("Stockbit/Bandarmology_BuyerVol1")): Text of object 'Object Repository/Stockbit/Bandarmology_BuyerVol1' is: '67.1 K'

2024-01-22 18:47:30 - [MESSAGE][PASSED] - Text of object 'Object Repository/Stockbit/Bandarmology_BuyerVol1' is: '67.1 K'

2024-01-22 18:47:30 - [TEST_STEP][PASSED] - strBuyerAvg1 = getText(findTestObject("Stockbit/Bandarmology_BuyerAvg1")): Text of object 'Object Repository/Stockbit/Bandarmology_BuyerAvg1' is: '535'

2024-01-22 18:47:30 - [MESSAGE][PASSED] - Text of object 'Object Repository/Stockbit/Bandarmology_BuyerAvg1' is: '535'

2024-01-22 18:47:30 - [TEST_STEP][PASSED] - if (strBuyerAvg1.contains(",")): null

2024-01-22 18:47:30 - [TEST_STEP][PASSED] - if (strBuyerVol1.contains(" B")): null

2024-01-22 18:47:30 - [TEST_STEP][PASSED] - else if (strBuyerVol1.contains(" M")): null

2024-01-22 18:47:30 - [TEST_STEP][PASSED] - else if (strBuyerVol1.contains(" K")): null

2024-01-22 18:47:30 - [TEST_STEP][PASSED] - strBuyerVol1 = strBuyerVol1.replace(" K", ""): null

2024-01-22 18:47:30 - [TEST_STEP][PASSED] - strBuyerVol1 = strBuyerVol1.toDouble() * 1000: null

2024-01-22 18:47:30 - [TEST_STEP][PASSED] - strSeller1 = getText(findTestObject("Stockbit/Bandarmology_Seller1")): Text of object 'Object Repository/Stockbit/Bandarmology_Seller1' is: 'OD'

2024-01-22 18:47:30 - [MESSAGE][PASSED] - Text of object 'Object Repository/Stockbit/Bandarmology_Seller1' is: 'OD'

2024-01-22 18:47:30 - [TEST_STEP][PASSED] - strSellerVol1 = getText(findTestObject("Stockbit/Bandarmology_SellerVol1")): Text of object 'Object Repository/Stockbit/Bandarmology_SellerVol1' is: '124.6 K'

2024-01-22 18:47:30 - [MESSAGE][PASSED] - Text of object 'Object Repository/Stockbit/Bandarmology_SellerVol1' is: '124.6 K'

2024-01-22 18:47:30 - [TEST_STEP][PASSED] - strSellerAvg1 = getText(findTestObject("Stockbit/Bandarmology_SellerAvg1")): Text of object 'Object Repository/Stockbit/Bandarmology_SellerAvg1' is: '529'

2024-01-22 18:47:31 - [MESSAGE][PASSED] - Text of object 'Object Repository/Stockbit/Bandarmology_SellerAvg1' is: '529'

2024-01-22 18:47:31 - [TEST_STEP][PASSED] - if (strSellerAvg1.contains(",")): null

2024-01-22 18:47:31 - [TEST_STEP][PASSED] - if (strSellerVol1.contains(" B")): null

2024-01-22 18:47:31 - [TEST_STEP][PASSED] - else if (strSellerVol1.contains(" M")): null

2024-01-22 18:47:31 - [TEST_STEP][PASSED] - else if (strSellerVol1.contains(" K")): null

2024-01-22 18:47:31 - [TEST_STEP][PASSED] - strSellerVol1 = strSellerVol1.replace(" K", ""): null

2024-01-22 18:47:31 - [TEST_STEP][PASSED] - strSellerVol1 = strSellerVol1.toDouble() * 1000: null

2024-01-22 18:47:31 - [TEST_STEP][PASSED] - if (verifyElementNotPresent(findTestObject("Stockbit/Bandarmology_Buyer2"), 1, OPTIONAL)): Web element with id: 'Object Repository/Stockbit/Bandarmology_Buyer2' located by 'By.xpath: //*[contains(@id, 'rc-tabs-')]/div[2]/div/div/div/div/div/div[2]/table/tbody/tr[3]/td[1]/p' is present after '1' second(s) (Root cause: com.kms.katalon.core.exception.StepFailedException: Web element with id: 'Object Repository/Stockbit/Bandarmology_Buyer2' located by 'By.xpath: //*[contains(@id, 'rc-tabs-')]/div[2]/div/div/div/div/div/div[2]/table/tbody/tr[3]/td[1]/p' is present after '1' second(s)
	at com.kms.katalon.core.webui.keyword.internal.WebUIKeywordMain.stepFailed(WebUIKeywordMain.groovy:64)
	at com.kms.katalon.core.webui.keyword.internal.WebUIKeywordMain$stepFailed$0.call(Unknown Source)
	at com.kms.katalon.core.webui.keyword.builtin.VerifyElementNotPresentKeyword$_verifyElementNotPresent_closure1.doCall(VerifyElementNotPresentKeyword.groovy:106)
	at com.kms.katalon.core.webui.keyword.builtin.VerifyElementNotPresentKeyword$_verifyElementNotPresent_closure1.doCall(VerifyElementNotPresentKeyword.groovy)
	at com.kms.katalon.core.webui.keyword.internal.WebUIKeywordMain.runKeyword(WebUIKeywordMain.groovy:20)
	at com.kms.katalon.core.webui.keyword.internal.WebUIKeywordMain$runKeyword.call(Unknown Source)
	at com.kms.katalon.core.webui.keyword.builtin.VerifyElementNotPresentKeyword.verifyElementNotPresent(VerifyElementNotPresentKeyword.groovy:117)
	at com.kms.katalon.core.webui.keyword.builtin.VerifyElementNotPresentKeyword.execute(VerifyElementNotPresentKeyword.groovy:68)
	at com.kms.katalon.core.keyword.internal.KeywordExecutor.executeKeywordForPlatform(KeywordExecutor.groovy:74)
	at com.kms.katalon.core.webui.keyword.WebUiBuiltInKeywords.verifyElementNotPresent(WebUiBuiltInKeywords.groovy:1481)
	at com.kms.katalon.core.webui.keyword.WebUiBuiltInKeywords$verifyElementNotPresent$8.call(Unknown Source)
	at GetBrokSumPriceDaily.run(GetBrokSumPriceDaily:258)
	at com.kms.katalon.core.main.ScriptEngine.run(ScriptEngine.java:194)
	at com.kms.katalon.core.main.ScriptEngine.runScriptAsRawText(ScriptEngine.java:119)
	at com.kms.katalon.core.main.TestCaseExecutor.runScript(TestCaseExecutor.java:445)
	at com.kms.katalon.core.main.TestCaseExecutor.doExecute(TestCaseExecutor.java:436)
	at com.kms.katalon.core.main.TestCaseExecutor.processExecutionPhase(TestCaseExecutor.java:415)
	at com.kms.katalon.core.main.TestCaseExecutor.accessMainPhase(TestCaseExecutor.java:407)
	at com.kms.katalon.core.main.TestCaseExecutor.execute(TestCaseExecutor.java:284)
	at com.kms.katalon.core.common.CommonExecutor.accessTestCaseMainPhase(CommonExecutor.java:65)
	at com.kms.katalon.core.main.TestSuiteExecutor.accessTestSuiteMainPhase(TestSuiteExecutor.java:144)
	at com.kms.katalon.core.main.TestSuiteExecutor.execute(TestSuiteExecutor.java:106)
	at com.kms.katalon.core.main.TestCaseMain.startTestSuite(TestCaseMain.java:185)
	at com.kms.katalon.core.main.TestCaseMain$startTestSuite$0.call(Unknown Source)
	at TempTestSuite1705923140048.run(TempTestSuite1705923140048.groovy:36)
)

2024-01-22 18:47:32 - [MESSAGE][WARNING] - Web element with id: 'Object Repository/Stockbit/Bandarmology_Buyer2' located by 'By.xpath: //*[contains(@id, 'rc-tabs-')]/div[2]/div/div/div/div/div/div[2]/table/tbody/tr[3]/td[1]/p' is present after '1' second(s) (Root cause: com.kms.katalon.core.exception.StepFailedException: Web element with id: 'Object Repository/Stockbit/Bandarmology_Buyer2' located by 'By.xpath: //*[contains(@id, 'rc-tabs-')]/div[2]/div/div/div/div/div/div[2]/table/tbody/tr[3]/td[1]/p' is present after '1' second(s)
	at com.kms.katalon.core.webui.keyword.internal.WebUIKeywordMain.stepFailed(WebUIKeywordMain.groovy:64)
	at com.kms.katalon.core.webui.keyword.internal.WebUIKeywordMain$stepFailed$0.call(Unknown Source)
	at com.kms.katalon.core.webui.keyword.builtin.VerifyElementNotPresentKeyword$_verifyElementNotPresent_closure1.doCall(VerifyElementNotPresentKeyword.groovy:106)
	at com.kms.katalon.core.webui.keyword.builtin.VerifyElementNotPresentKeyword$_verifyElementNotPresent_closure1.doCall(VerifyElementNotPresentKeyword.groovy)
	at com.kms.katalon.core.webui.keyword.internal.WebUIKeywordMain.runKeyword(WebUIKeywordMain.groovy:20)
	at com.kms.katalon.core.webui.keyword.internal.WebUIKeywordMain$runKeyword.call(Unknown Source)
	at com.kms.katalon.core.webui.keyword.builtin.VerifyElementNotPresentKeyword.verifyElementNotPresent(VerifyElementNotPresentKeyword.groovy:117)
	at com.kms.katalon.core.webui.keyword.builtin.VerifyElementNotPresentKeyword.execute(VerifyElementNotPresentKeyword.groovy:68)
	at com.kms.katalon.core.keyword.internal.KeywordExecutor.executeKeywordForPlatform(KeywordExecutor.groovy:74)
	at com.kms.katalon.core.webui.keyword.WebUiBuiltInKeywords.verifyElementNotPresent(WebUiBuiltInKeywords.groovy:1481)
	at com.kms.katalon.core.webui.keyword.WebUiBuiltInKeywords$verifyElementNotPresent$8.call(Unknown Source)
	at GetBrokSumPriceDaily.run(GetBrokSumPriceDaily:258)
	at com.kms.katalon.core.main.ScriptEngine.run(ScriptEngine.java:194)
	at com.kms.katalon.core.main.ScriptEngine.runScriptAsRawText(ScriptEngine.java:119)
	at com.kms.katalon.core.main.TestCaseExecutor.runScript(TestCaseExecutor.java:445)
	at com.kms.katalon.core.main.TestCaseExecutor.doExecute(TestCaseExecutor.java:436)
	at com.kms.katalon.core.main.TestCaseExecutor.processExecutionPhase(TestCaseExecutor.java:415)
	at com.kms.katalon.core.main.TestCaseExecutor.accessMainPhase(TestCaseExecutor.java:407)
	at com.kms.katalon.core.main.TestCaseExecutor.execute(TestCaseExecutor.java:284)
	at com.kms.katalon.core.common.CommonExecutor.accessTestCaseMainPhase(CommonExecutor.java:65)
	at com.kms.katalon.core.main.TestSuiteExecutor.accessTestSuiteMainPhase(TestSuiteExecutor.java:144)
	at com.kms.katalon.core.main.TestSuiteExecutor.execute(TestSuiteExecutor.java:106)
	at com.kms.katalon.core.main.TestCaseMain.startTestSuite(TestCaseMain.java:185)
	at com.kms.katalon.core.main.TestCaseMain$startTestSuite$0.call(Unknown Source)
	at TempTestSuite1705923140048.run(TempTestSuite1705923140048.groovy:36)
)
[[ATTACHMENT|C:\\Users\\Fadli\\git\\KatalonDailyGetData2\\Reports\\20240122_174123\\TS1\\20240122_183220\\1705924052279.png]]

2024-01-22 18:47:32 - [TEST_STEP][PASSED] - else: null

2024-01-22 18:47:32 - [TEST_STEP][PASSED] - strBuyer2 = getText(findTestObject("Stockbit/Bandarmology_Buyer2")): Text of object 'Object Repository/Stockbit/Bandarmology_Buyer2' is: 'NI'

2024-01-22 18:47:32 - [MESSAGE][PASSED] - Text of object 'Object Repository/Stockbit/Bandarmology_Buyer2' is: 'NI'

2024-01-22 18:47:32 - [TEST_STEP][PASSED] - strBuyerVol2 = getText(findTestObject("Stockbit/Bandarmology_BuyerVol2")): Text of object 'Object Repository/Stockbit/Bandarmology_BuyerVol2' is: '57 K'

2024-01-22 18:47:32 - [MESSAGE][PASSED] - Text of object 'Object Repository/Stockbit/Bandarmology_BuyerVol2' is: '57 K'

2024-01-22 18:47:32 - [TEST_STEP][PASSED] - strBuyerAvg2 = getText(findTestObject("Stockbit/Bandarmology_BuyerAvg2")): Text of object 'Object Repository/Stockbit/Bandarmology_BuyerAvg2' is: '533'

2024-01-22 18:47:32 - [MESSAGE][PASSED] - Text of object 'Object Repository/Stockbit/Bandarmology_BuyerAvg2' is: '533'

2024-01-22 18:47:32 - [TEST_STEP][PASSED] - if (strBuyer2 != ""): null

2024-01-22 18:47:32 - [TEST_STEP][PASSED] - if (strBuyerAvg2.contains(",")): null

2024-01-22 18:47:32 - [TEST_STEP][PASSED] - if (strBuyerVol2.contains(" B")): null

2024-01-22 18:47:32 - [TEST_STEP][PASSED] - else if (strBuyerVol2.contains(" M")): null

2024-01-22 18:47:32 - [TEST_STEP][PASSED] - else if (strBuyerVol2.contains(" K")): null

2024-01-22 18:47:32 - [TEST_STEP][PASSED] - strBuyerVol2 = strBuyerVol2.replace(" K", ""): null

2024-01-22 18:47:32 - [TEST_STEP][PASSED] - strBuyerVol2 = strBuyerVol2.toDouble() * 1000: null

2024-01-22 18:47:32 - [TEST_STEP][PASSED] - if (strBuyerVol2.contains(".")): null

2024-01-22 18:47:32 - [TEST_STEP][PASSED] - strBuyerVal2 = strBuyerVol2.replace(".", ""): null

2024-01-22 18:47:32 - [TEST_STEP][PASSED] - if (verifyElementNotPresent(findTestObject("Stockbit/Bandarmology_Seller2"), 1, OPTIONAL)): Web element with id: 'Object Repository/Stockbit/Bandarmology_Seller2' located by 'By.xpath: //*[contains(@id, 'rc-tabs-')]/div[2]/div/div/div/div/div/div[2]/table/tbody/tr[3]/td[5]/p' is present after '1' second(s) (Root cause: com.kms.katalon.core.exception.StepFailedException: Web element with id: 'Object Repository/Stockbit/Bandarmology_Seller2' located by 'By.xpath: //*[contains(@id, 'rc-tabs-')]/div[2]/div/div/div/div/div/div[2]/table/tbody/tr[3]/td[5]/p' is present after '1' second(s)
	at com.kms.katalon.core.webui.keyword.internal.WebUIKeywordMain.stepFailed(WebUIKeywordMain.groovy:64)
	at com.kms.katalon.core.webui.keyword.internal.WebUIKeywordMain$stepFailed$0.call(Unknown Source)
	at com.kms.katalon.core.webui.keyword.builtin.VerifyElementNotPresentKeyword$_verifyElementNotPresent_closure1.doCall(VerifyElementNotPresentKeyword.groovy:106)
	at com.kms.katalon.core.webui.keyword.builtin.VerifyElementNotPresentKeyword$_verifyElementNotPresent_closure1.doCall(VerifyElementNotPresentKeyword.groovy)
	at com.kms.katalon.core.webui.keyword.internal.WebUIKeywordMain.runKeyword(WebUIKeywordMain.groovy:20)
	at com.kms.katalon.core.webui.keyword.internal.WebUIKeywordMain$runKeyword.call(Unknown Source)
	at com.kms.katalon.core.webui.keyword.builtin.VerifyElementNotPresentKeyword.verifyElementNotPresent(VerifyElementNotPresentKeyword.groovy:117)
	at com.kms.katalon.core.webui.keyword.builtin.VerifyElementNotPresentKeyword.execute(VerifyElementNotPresentKeyword.groovy:68)
	at com.kms.katalon.core.keyword.internal.KeywordExecutor.executeKeywordForPlatform(KeywordExecutor.groovy:74)
	at com.kms.katalon.core.webui.keyword.WebUiBuiltInKeywords.verifyElementNotPresent(WebUiBuiltInKeywords.groovy:1481)
	at com.kms.katalon.core.webui.keyword.WebUiBuiltInKeywords$verifyElementNotPresent$8.call(Unknown Source)
	at GetBrokSumPriceDaily.run(GetBrokSumPriceDaily:309)
	at com.kms.katalon.core.main.ScriptEngine.run(ScriptEngine.java:194)
	at com.kms.katalon.core.main.ScriptEngine.runScriptAsRawText(ScriptEngine.java:119)
	at com.kms.katalon.core.main.TestCaseExecutor.runScript(TestCaseExecutor.java:445)
	at com.kms.katalon.core.main.TestCaseExecutor.doExecute(TestCaseExecutor.java:436)
	at com.kms.katalon.core.main.TestCaseExecutor.processExecutionPhase(TestCaseExecutor.java:415)
	at com.kms.katalon.core.main.TestCaseExecutor.accessMainPhase(TestCaseExecutor.java:407)
	at com.kms.katalon.core.main.TestCaseExecutor.execute(TestCaseExecutor.java:284)
	at com.kms.katalon.core.common.CommonExecutor.accessTestCaseMainPhase(CommonExecutor.java:65)
	at com.kms.katalon.core.main.TestSuiteExecutor.accessTestSuiteMainPhase(TestSuiteExecutor.java:144)
	at com.kms.katalon.core.main.TestSuiteExecutor.execute(TestSuiteExecutor.java:106)
	at com.kms.katalon.core.main.TestCaseMain.startTestSuite(TestCaseMain.java:185)
	at com.kms.katalon.core.main.TestCaseMain$startTestSuite$0.call(Unknown Source)
	at TempTestSuite1705923140048.run(TempTestSuite1705923140048.groovy:36)
)

2024-01-22 18:47:34 - [MESSAGE][WARNING] - Web element with id: 'Object Repository/Stockbit/Bandarmology_Seller2' located by 'By.xpath: //*[contains(@id, 'rc-tabs-')]/div[2]/div/div/div/div/div/div[2]/table/tbody/tr[3]/td[5]/p' is present after '1' second(s) (Root cause: com.kms.katalon.core.exception.StepFailedException: Web element with id: 'Object Repository/Stockbit/Bandarmology_Seller2' located by 'By.xpath: //*[contains(@id, 'rc-tabs-')]/div[2]/div/div/div/div/div/div[2]/table/tbody/tr[3]/td[5]/p' is present after '1' second(s)
	at com.kms.katalon.core.webui.keyword.internal.WebUIKeywordMain.stepFailed(WebUIKeywordMain.groovy:64)
	at com.kms.katalon.core.webui.keyword.internal.WebUIKeywordMain$stepFailed$0.call(Unknown Source)
	at com.kms.katalon.core.webui.keyword.builtin.VerifyElementNotPresentKeyword$_verifyElementNotPresent_closure1.doCall(VerifyElementNotPresentKeyword.groovy:106)
	at com.kms.katalon.core.webui.keyword.builtin.VerifyElementNotPresentKeyword$_verifyElementNotPresent_closure1.doCall(VerifyElementNotPresentKeyword.groovy)
	at com.kms.katalon.core.webui.keyword.internal.WebUIKeywordMain.runKeyword(WebUIKeywordMain.groovy:20)
	at com.kms.katalon.core.webui.keyword.internal.WebUIKeywordMain$runKeyword.call(Unknown Source)
	at com.kms.katalon.core.webui.keyword.builtin.VerifyElementNotPresentKeyword.verifyElementNotPresent(VerifyElementNotPresentKeyword.groovy:117)
	at com.kms.katalon.core.webui.keyword.builtin.VerifyElementNotPresentKeyword.execute(VerifyElementNotPresentKeyword.groovy:68)
	at com.kms.katalon.core.keyword.internal.KeywordExecutor.executeKeywordForPlatform(KeywordExecutor.groovy:74)
	at com.kms.katalon.core.webui.keyword.WebUiBuiltInKeywords.verifyElementNotPresent(WebUiBuiltInKeywords.groovy:1481)
	at com.kms.katalon.core.webui.keyword.WebUiBuiltInKeywords$verifyElementNotPresent$8.call(Unknown Source)
	at GetBrokSumPriceDaily.run(GetBrokSumPriceDaily:309)
	at com.kms.katalon.core.main.ScriptEngine.run(ScriptEngine.java:194)
	at com.kms.katalon.core.main.ScriptEngine.runScriptAsRawText(ScriptEngine.java:119)
	at com.kms.katalon.core.main.TestCaseExecutor.runScript(TestCaseExecutor.java:445)
	at com.kms.katalon.core.main.TestCaseExecutor.doExecute(TestCaseExecutor.java:436)
	at com.kms.katalon.core.main.TestCaseExecutor.processExecutionPhase(TestCaseExecutor.java:415)
	at com.kms.katalon.core.main.TestCaseExecutor.accessMainPhase(TestCaseExecutor.java:407)
	at com.kms.katalon.core.main.TestCaseExecutor.execute(TestCaseExecutor.java:284)
	at com.kms.katalon.core.common.CommonExecutor.accessTestCaseMainPhase(CommonExecutor.java:65)
	at com.kms.katalon.core.main.TestSuiteExecutor.accessTestSuiteMainPhase(TestSuiteExecutor.java:144)
	at com.kms.katalon.core.main.TestSuiteExecutor.execute(TestSuiteExecutor.java:106)
	at com.kms.katalon.core.main.TestCaseMain.startTestSuite(TestCaseMain.java:185)
	at com.kms.katalon.core.main.TestCaseMain$startTestSuite$0.call(Unknown Source)
	at TempTestSuite1705923140048.run(TempTestSuite1705923140048.groovy:36)
)
[[ATTACHMENT|C:\\Users\\Fadli\\git\\KatalonDailyGetData2\\Reports\\20240122_174123\\TS1\\20240122_183220\\1705924054225.png]]

2024-01-22 18:47:34 - [TEST_STEP][PASSED] - else: null

2024-01-22 18:47:34 - [TEST_STEP][PASSED] - strSeller2 = getText(findTestObject("Stockbit/Bandarmology_Seller2")): Text of object 'Object Repository/Stockbit/Bandarmology_Seller2' is: 'BB'

2024-01-22 18:47:34 - [MESSAGE][PASSED] - Text of object 'Object Repository/Stockbit/Bandarmology_Seller2' is: 'BB'

2024-01-22 18:47:34 - [TEST_STEP][PASSED] - strSellerVol2 = getText(findTestObject("Stockbit/Bandarmology_SellerVol2")): Text of object 'Object Repository/Stockbit/Bandarmology_SellerVol2' is: '30.4 K'

2024-01-22 18:47:34 - [MESSAGE][PASSED] - Text of object 'Object Repository/Stockbit/Bandarmology_SellerVol2' is: '30.4 K'

2024-01-22 18:47:34 - [TEST_STEP][PASSED] - strSellerAvg2 = getText(findTestObject("Stockbit/Bandarmology_SellerAvg2")): Text of object 'Object Repository/Stockbit/Bandarmology_SellerAvg2' is: '534'

2024-01-22 18:47:34 - [MESSAGE][PASSED] - Text of object 'Object Repository/Stockbit/Bandarmology_SellerAvg2' is: '534'

2024-01-22 18:47:34 - [TEST_STEP][PASSED] - if (strSeller2 != ""): null

2024-01-22 18:47:34 - [TEST_STEP][PASSED] - if (strSellerAvg2.contains(",")): null

2024-01-22 18:47:34 - [TEST_STEP][PASSED] - if (strSellerVol2.contains(" B")): null

2024-01-22 18:47:34 - [TEST_STEP][PASSED] - else if (strSellerVol2.contains(" M")): null

2024-01-22 18:47:34 - [TEST_STEP][PASSED] - else if (strSellerVol2.contains(" K")): null

2024-01-22 18:47:34 - [TEST_STEP][PASSED] - strSellerVol2 = strSellerVol2.replace(" K", ""): null

2024-01-22 18:47:34 - [TEST_STEP][PASSED] - strSellerVol2 = strSellerVol2.toDouble() * 1000: null

2024-01-22 18:47:34 - [TEST_STEP][PASSED] - if (verifyElementNotPresent(findTestObject("Stockbit/Bandarmology_Buyer3"), 1, OPTIONAL)): Web element with id: 'Object Repository/Stockbit/Bandarmology_Buyer3' located by 'By.xpath: //*[contains(@id, 'rc-tabs-')]/div[2]/div/div/div/div/div/div[2]/table/tbody/tr[4]/td[1]/p' is present after '1' second(s) (Root cause: com.kms.katalon.core.exception.StepFailedException: Web element with id: 'Object Repository/Stockbit/Bandarmology_Buyer3' located by 'By.xpath: //*[contains(@id, 'rc-tabs-')]/div[2]/div/div/div/div/div/div[2]/table/tbody/tr[4]/td[1]/p' is present after '1' second(s)
	at com.kms.katalon.core.webui.keyword.internal.WebUIKeywordMain.stepFailed(WebUIKeywordMain.groovy:64)
	at com.kms.katalon.core.webui.keyword.internal.WebUIKeywordMain$stepFailed$0.call(Unknown Source)
	at com.kms.katalon.core.webui.keyword.builtin.VerifyElementNotPresentKeyword$_verifyElementNotPresent_closure1.doCall(VerifyElementNotPresentKeyword.groovy:106)
	at com.kms.katalon.core.webui.keyword.builtin.VerifyElementNotPresentKeyword$_verifyElementNotPresent_closure1.doCall(VerifyElementNotPresentKeyword.groovy)
	at com.kms.katalon.core.webui.keyword.internal.WebUIKeywordMain.runKeyword(WebUIKeywordMain.groovy:20)
	at com.kms.katalon.core.webui.keyword.internal.WebUIKeywordMain$runKeyword.call(Unknown Source)
	at com.kms.katalon.core.webui.keyword.builtin.VerifyElementNotPresentKeyword.verifyElementNotPresent(VerifyElementNotPresentKeyword.groovy:117)
	at com.kms.katalon.core.webui.keyword.builtin.VerifyElementNotPresentKeyword.execute(VerifyElementNotPresentKeyword.groovy:68)
	at com.kms.katalon.core.keyword.internal.KeywordExecutor.executeKeywordForPlatform(KeywordExecutor.groovy:74)
	at com.kms.katalon.core.webui.keyword.WebUiBuiltInKeywords.verifyElementNotPresent(WebUiBuiltInKeywords.groovy:1481)
	at com.kms.katalon.core.webui.keyword.WebUiBuiltInKeywords$verifyElementNotPresent$8.call(Unknown Source)
	at GetBrokSumPriceDaily.run(GetBrokSumPriceDaily:361)
	at com.kms.katalon.core.main.ScriptEngine.run(ScriptEngine.java:194)
	at com.kms.katalon.core.main.ScriptEngine.runScriptAsRawText(ScriptEngine.java:119)
	at com.kms.katalon.core.main.TestCaseExecutor.runScript(TestCaseExecutor.java:445)
	at com.kms.katalon.core.main.TestCaseExecutor.doExecute(TestCaseExecutor.java:436)
	at com.kms.katalon.core.main.TestCaseExecutor.processExecutionPhase(TestCaseExecutor.java:415)
	at com.kms.katalon.core.main.TestCaseExecutor.accessMainPhase(TestCaseExecutor.java:407)
	at com.kms.katalon.core.main.TestCaseExecutor.execute(TestCaseExecutor.java:284)
	at com.kms.katalon.core.common.CommonExecutor.accessTestCaseMainPhase(CommonExecutor.java:65)
	at com.kms.katalon.core.main.TestSuiteExecutor.accessTestSuiteMainPhase(TestSuiteExecutor.java:144)
	at com.kms.katalon.core.main.TestSuiteExecutor.execute(TestSuiteExecutor.java:106)
	at com.kms.katalon.core.main.TestCaseMain.startTestSuite(TestCaseMain.java:185)
	at com.kms.katalon.core.main.TestCaseMain$startTestSuite$0.call(Unknown Source)
	at TempTestSuite1705923140048.run(TempTestSuite1705923140048.groovy:36)
)

2024-01-22 18:47:36 - [MESSAGE][WARNING] - Web element with id: 'Object Repository/Stockbit/Bandarmology_Buyer3' located by 'By.xpath: //*[contains(@id, 'rc-tabs-')]/div[2]/div/div/div/div/div/div[2]/table/tbody/tr[4]/td[1]/p' is present after '1' second(s) (Root cause: com.kms.katalon.core.exception.StepFailedException: Web element with id: 'Object Repository/Stockbit/Bandarmology_Buyer3' located by 'By.xpath: //*[contains(@id, 'rc-tabs-')]/div[2]/div/div/div/div/div/div[2]/table/tbody/tr[4]/td[1]/p' is present after '1' second(s)
	at com.kms.katalon.core.webui.keyword.internal.WebUIKeywordMain.stepFailed(WebUIKeywordMain.groovy:64)
	at com.kms.katalon.core.webui.keyword.internal.WebUIKeywordMain$stepFailed$0.call(Unknown Source)
	at com.kms.katalon.core.webui.keyword.builtin.VerifyElementNotPresentKeyword$_verifyElementNotPresent_closure1.doCall(VerifyElementNotPresentKeyword.groovy:106)
	at com.kms.katalon.core.webui.keyword.builtin.VerifyElementNotPresentKeyword$_verifyElementNotPresent_closure1.doCall(VerifyElementNotPresentKeyword.groovy)
	at com.kms.katalon.core.webui.keyword.internal.WebUIKeywordMain.runKeyword(WebUIKeywordMain.groovy:20)
	at com.kms.katalon.core.webui.keyword.internal.WebUIKeywordMain$runKeyword.call(Unknown Source)
	at com.kms.katalon.core.webui.keyword.builtin.VerifyElementNotPresentKeyword.verifyElementNotPresent(VerifyElementNotPresentKeyword.groovy:117)
	at com.kms.katalon.core.webui.keyword.builtin.VerifyElementNotPresentKeyword.execute(VerifyElementNotPresentKeyword.groovy:68)
	at com.kms.katalon.core.keyword.internal.KeywordExecutor.executeKeywordForPlatform(KeywordExecutor.groovy:74)
	at com.kms.katalon.core.webui.keyword.WebUiBuiltInKeywords.verifyElementNotPresent(WebUiBuiltInKeywords.groovy:1481)
	at com.kms.katalon.core.webui.keyword.WebUiBuiltInKeywords$verifyElementNotPresent$8.call(Unknown Source)
	at GetBrokSumPriceDaily.run(GetBrokSumPriceDaily:361)
	at com.kms.katalon.core.main.ScriptEngine.run(ScriptEngine.java:194)
	at com.kms.katalon.core.main.ScriptEngine.runScriptAsRawText(ScriptEngine.java:119)
	at com.kms.katalon.core.main.TestCaseExecutor.runScript(TestCaseExecutor.java:445)
	at com.kms.katalon.core.main.TestCaseExecutor.doExecute(TestCaseExecutor.java:436)
	at com.kms.katalon.core.main.TestCaseExecutor.processExecutionPhase(TestCaseExecutor.java:415)
	at com.kms.katalon.core.main.TestCaseExecutor.accessMainPhase(TestCaseExecutor.java:407)
	at com.kms.katalon.core.main.TestCaseExecutor.execute(TestCaseExecutor.java:284)
	at com.kms.katalon.core.common.CommonExecutor.accessTestCaseMainPhase(CommonExecutor.java:65)
	at com.kms.katalon.core.main.TestSuiteExecutor.accessTestSuiteMainPhase(TestSuiteExecutor.java:144)
	at com.kms.katalon.core.main.TestSuiteExecutor.execute(TestSuiteExecutor.java:106)
	at com.kms.katalon.core.main.TestCaseMain.startTestSuite(TestCaseMain.java:185)
	at com.kms.katalon.core.main.TestCaseMain$startTestSuite$0.call(Unknown Source)
	at TempTestSuite1705923140048.run(TempTestSuite1705923140048.groovy:36)
)
[[ATTACHMENT|C:\\Users\\Fadli\\git\\KatalonDailyGetData2\\Reports\\20240122_174123\\TS1\\20240122_183220\\1705924056098.png]]

2024-01-22 18:47:36 - [TEST_STEP][PASSED] - else: null

2024-01-22 18:47:36 - [TEST_STEP][PASSED] - strBuyer3 = getText(findTestObject("Stockbit/Bandarmology_Buyer3")): Text of object 'Object Repository/Stockbit/Bandarmology_Buyer3' is: 'SQ'

2024-01-22 18:47:36 - [MESSAGE][PASSED] - Text of object 'Object Repository/Stockbit/Bandarmology_Buyer3' is: 'SQ'

2024-01-22 18:47:36 - [TEST_STEP][PASSED] - strBuyerVol3 = getText(findTestObject("Stockbit/Bandarmology_BuyerVol3")): Text of object 'Object Repository/Stockbit/Bandarmology_BuyerVol3' is: '16.9 K'

2024-01-22 18:47:36 - [MESSAGE][PASSED] - Text of object 'Object Repository/Stockbit/Bandarmology_BuyerVol3' is: '16.9 K'

2024-01-22 18:47:36 - [TEST_STEP][PASSED] - strBuyerAvg3 = getText(findTestObject("Stockbit/Bandarmology_BuyerAvg3")): Text of object 'Object Repository/Stockbit/Bandarmology_BuyerAvg3' is: '529'

2024-01-22 18:47:36 - [MESSAGE][PASSED] - Text of object 'Object Repository/Stockbit/Bandarmology_BuyerAvg3' is: '529'

2024-01-22 18:47:36 - [TEST_STEP][PASSED] - if (strBuyer3 != ""): null

2024-01-22 18:47:36 - [TEST_STEP][PASSED] - if (strBuyerAvg3.contains(",")): null

2024-01-22 18:47:36 - [TEST_STEP][PASSED] - if (strBuyerVol3.contains(" B")): null

2024-01-22 18:47:36 - [TEST_STEP][PASSED] - else if (strBuyerVol3.contains(" M")): null

2024-01-22 18:47:36 - [TEST_STEP][PASSED] - else if (strBuyerVol3.contains(" K")): null

2024-01-22 18:47:36 - [TEST_STEP][PASSED] - strBuyerVol3 = strBuyerVol3.replace(" K", ""): null

2024-01-22 18:47:36 - [TEST_STEP][PASSED] - strBuyerVol3 = strBuyerVol3.toDouble() * 1000: null

2024-01-22 18:47:36 - [TEST_STEP][PASSED] - if (verifyElementNotPresent(findTestObject("Stockbit/Bandarmology_Seller3"), 1, OPTIONAL)): Web element with id: 'Object Repository/Stockbit/Bandarmology_Seller3' located by 'By.xpath: //*[contains(@id, 'rc-tabs-')]/div[2]/div/div/div/div/div/div[2]/table/tbody/tr[4]/td[5]/p' is present after '1' second(s) (Root cause: com.kms.katalon.core.exception.StepFailedException: Web element with id: 'Object Repository/Stockbit/Bandarmology_Seller3' located by 'By.xpath: //*[contains(@id, 'rc-tabs-')]/div[2]/div/div/div/div/div/div[2]/table/tbody/tr[4]/td[5]/p' is present after '1' second(s)
	at com.kms.katalon.core.webui.keyword.internal.WebUIKeywordMain.stepFailed(WebUIKeywordMain.groovy:64)
	at com.kms.katalon.core.webui.keyword.internal.WebUIKeywordMain$stepFailed$0.call(Unknown Source)
	at com.kms.katalon.core.webui.keyword.builtin.VerifyElementNotPresentKeyword$_verifyElementNotPresent_closure1.doCall(VerifyElementNotPresentKeyword.groovy:106)
	at com.kms.katalon.core.webui.keyword.builtin.VerifyElementNotPresentKeyword$_verifyElementNotPresent_closure1.doCall(VerifyElementNotPresentKeyword.groovy)
	at com.kms.katalon.core.webui.keyword.internal.WebUIKeywordMain.runKeyword(WebUIKeywordMain.groovy:20)
	at com.kms.katalon.core.webui.keyword.internal.WebUIKeywordMain$runKeyword.call(Unknown Source)
	at com.kms.katalon.core.webui.keyword.builtin.VerifyElementNotPresentKeyword.verifyElementNotPresent(VerifyElementNotPresentKeyword.groovy:117)
	at com.kms.katalon.core.webui.keyword.builtin.VerifyElementNotPresentKeyword.execute(VerifyElementNotPresentKeyword.groovy:68)
	at com.kms.katalon.core.keyword.internal.KeywordExecutor.executeKeywordForPlatform(KeywordExecutor.groovy:74)
	at com.kms.katalon.core.webui.keyword.WebUiBuiltInKeywords.verifyElementNotPresent(WebUiBuiltInKeywords.groovy:1481)
	at com.kms.katalon.core.webui.keyword.WebUiBuiltInKeywords$verifyElementNotPresent$8.call(Unknown Source)
	at GetBrokSumPriceDaily.run(GetBrokSumPriceDaily:414)
	at com.kms.katalon.core.main.ScriptEngine.run(ScriptEngine.java:194)
	at com.kms.katalon.core.main.ScriptEngine.runScriptAsRawText(ScriptEngine.java:119)
	at com.kms.katalon.core.main.TestCaseExecutor.runScript(TestCaseExecutor.java:445)
	at com.kms.katalon.core.main.TestCaseExecutor.doExecute(TestCaseExecutor.java:436)
	at com.kms.katalon.core.main.TestCaseExecutor.processExecutionPhase(TestCaseExecutor.java:415)
	at com.kms.katalon.core.main.TestCaseExecutor.accessMainPhase(TestCaseExecutor.java:407)
	at com.kms.katalon.core.main.TestCaseExecutor.execute(TestCaseExecutor.java:284)
	at com.kms.katalon.core.common.CommonExecutor.accessTestCaseMainPhase(CommonExecutor.java:65)
	at com.kms.katalon.core.main.TestSuiteExecutor.accessTestSuiteMainPhase(TestSuiteExecutor.java:144)
	at com.kms.katalon.core.main.TestSuiteExecutor.execute(TestSuiteExecutor.java:106)
	at com.kms.katalon.core.main.TestCaseMain.startTestSuite(TestCaseMain.java:185)
	at com.kms.katalon.core.main.TestCaseMain$startTestSuite$0.call(Unknown Source)
	at TempTestSuite1705923140048.run(TempTestSuite1705923140048.groovy:36)
)

2024-01-22 18:47:38 - [MESSAGE][WARNING] - Web element with id: 'Object Repository/Stockbit/Bandarmology_Seller3' located by 'By.xpath: //*[contains(@id, 'rc-tabs-')]/div[2]/div/div/div/div/div/div[2]/table/tbody/tr[4]/td[5]/p' is present after '1' second(s) (Root cause: com.kms.katalon.core.exception.StepFailedException: Web element with id: 'Object Repository/Stockbit/Bandarmology_Seller3' located by 'By.xpath: //*[contains(@id, 'rc-tabs-')]/div[2]/div/div/div/div/div/div[2]/table/tbody/tr[4]/td[5]/p' is present after '1' second(s)
	at com.kms.katalon.core.webui.keyword.internal.WebUIKeywordMain.stepFailed(WebUIKeywordMain.groovy:64)
	at com.kms.katalon.core.webui.keyword.internal.WebUIKeywordMain$stepFailed$0.call(Unknown Source)
	at com.kms.katalon.core.webui.keyword.builtin.VerifyElementNotPresentKeyword$_verifyElementNotPresent_closure1.doCall(VerifyElementNotPresentKeyword.groovy:106)
	at com.kms.katalon.core.webui.keyword.builtin.VerifyElementNotPresentKeyword$_verifyElementNotPresent_closure1.doCall(VerifyElementNotPresentKeyword.groovy)
	at com.kms.katalon.core.webui.keyword.internal.WebUIKeywordMain.runKeyword(WebUIKeywordMain.groovy:20)
	at com.kms.katalon.core.webui.keyword.internal.WebUIKeywordMain$runKeyword.call(Unknown Source)
	at com.kms.katalon.core.webui.keyword.builtin.VerifyElementNotPresentKeyword.verifyElementNotPresent(VerifyElementNotPresentKeyword.groovy:117)
	at com.kms.katalon.core.webui.keyword.builtin.VerifyElementNotPresentKeyword.execute(VerifyElementNotPresentKeyword.groovy:68)
	at com.kms.katalon.core.keyword.internal.KeywordExecutor.executeKeywordForPlatform(KeywordExecutor.groovy:74)
	at com.kms.katalon.core.webui.keyword.WebUiBuiltInKeywords.verifyElementNotPresent(WebUiBuiltInKeywords.groovy:1481)
	at com.kms.katalon.core.webui.keyword.WebUiBuiltInKeywords$verifyElementNotPresent$8.call(Unknown Source)
	at GetBrokSumPriceDaily.run(GetBrokSumPriceDaily:414)
	at com.kms.katalon.core.main.ScriptEngine.run(ScriptEngine.java:194)
	at com.kms.katalon.core.main.ScriptEngine.runScriptAsRawText(ScriptEngine.java:119)
	at com.kms.katalon.core.main.TestCaseExecutor.runScript(TestCaseExecutor.java:445)
	at com.kms.katalon.core.main.TestCaseExecutor.doExecute(TestCaseExecutor.java:436)
	at com.kms.katalon.core.main.TestCaseExecutor.processExecutionPhase(TestCaseExecutor.java:415)
	at com.kms.katalon.core.main.TestCaseExecutor.accessMainPhase(TestCaseExecutor.java:407)
	at com.kms.katalon.core.main.TestCaseExecutor.execute(TestCaseExecutor.java:284)
	at com.kms.katalon.core.common.CommonExecutor.accessTestCaseMainPhase(CommonExecutor.java:65)
	at com.kms.katalon.core.main.TestSuiteExecutor.accessTestSuiteMainPhase(TestSuiteExecutor.java:144)
	at com.kms.katalon.core.main.TestSuiteExecutor.execute(TestSuiteExecutor.java:106)
	at com.kms.katalon.core.main.TestCaseMain.startTestSuite(TestCaseMain.java:185)
	at com.kms.katalon.core.main.TestCaseMain$startTestSuite$0.call(Unknown Source)
	at TempTestSuite1705923140048.run(TempTestSuite1705923140048.groovy:36)
)
[[ATTACHMENT|C:\\Users\\Fadli\\git\\KatalonDailyGetData2\\Reports\\20240122_174123\\TS1\\20240122_183220\\1705924057988.png]]

2024-01-22 18:47:38 - [TEST_STEP][PASSED] - else: null

2024-01-22 18:47:38 - [TEST_STEP][PASSED] - strSeller3 = getText(findTestObject("Stockbit/Bandarmology_Seller3")): Text of object 'Object Repository/Stockbit/Bandarmology_Seller3' is: 'BK'

2024-01-22 18:47:38 - [MESSAGE][PASSED] - Text of object 'Object Repository/Stockbit/Bandarmology_Seller3' is: 'BK'

2024-01-22 18:47:38 - [TEST_STEP][PASSED] - strSellerVol3 = getText(findTestObject("Stockbit/Bandarmology_SellerVol3")): Text of object 'Object Repository/Stockbit/Bandarmology_SellerVol3' is: '17.7 K'

2024-01-22 18:47:38 - [MESSAGE][PASSED] - Text of object 'Object Repository/Stockbit/Bandarmology_SellerVol3' is: '17.7 K'

2024-01-22 18:47:38 - [TEST_STEP][PASSED] - strSellerAvg3 = getText(findTestObject("Stockbit/Bandarmology_SellerAvg3")): Text of object 'Object Repository/Stockbit/Bandarmology_SellerAvg3' is: '535'

2024-01-22 18:47:38 - [MESSAGE][PASSED] - Text of object 'Object Repository/Stockbit/Bandarmology_SellerAvg3' is: '535'

2024-01-22 18:47:38 - [TEST_STEP][PASSED] - if (strSeller3 != ""): null

2024-01-22 18:47:38 - [TEST_STEP][PASSED] - if (strSellerAvg3.contains(",")): null

2024-01-22 18:47:38 - [TEST_STEP][PASSED] - if (strSellerVol3.contains(" B")): null

2024-01-22 18:47:38 - [TEST_STEP][PASSED] - else if (strSellerVol3.contains(" M")): null

2024-01-22 18:47:38 - [TEST_STEP][PASSED] - else if (strSellerVol3.contains(" K")): null

2024-01-22 18:47:38 - [TEST_STEP][PASSED] - strSellerVol3 = strSellerVol3.replace(" K", ""): null

2024-01-22 18:47:38 - [TEST_STEP][PASSED] - strSellerVol3 = strSellerVol3.toDouble() * 1000: null

2024-01-22 18:47:38 - [TEST_STEP][PASSED] - strAccDist = getText(findTestObject("Stockbit/Bandarmology_AccDist")): Text of object 'Object Repository/Stockbit/Bandarmology_AccDist' is: 'Dist'

2024-01-22 18:47:38 - [MESSAGE][PASSED] - Text of object 'Object Repository/Stockbit/Bandarmology_AccDist' is: 'Dist'

2024-01-22 18:47:38 - [TEST_STEP][PASSED] - strNetVol = getText(findTestObject("Stockbit/Bandarmology_NetVol")): Text of object 'Object Repository/Stockbit/Bandarmology_NetVol' is: '221,926'

2024-01-22 18:47:38 - [MESSAGE][PASSED] - Text of object 'Object Repository/Stockbit/Bandarmology_NetVol' is: '221,926'

2024-01-22 18:47:38 - [TEST_STEP][PASSED] - strNetVol = strNetVol.replace(",", ""): null

2024-01-22 18:47:38 - [TEST_STEP][PASSED] - strNetVal = getText(findTestObject("Stockbit/Bandarmology_NetVal")): Text of object 'Object Repository/Stockbit/Bandarmology_NetVal' is: '11.8 B'

2024-01-22 18:47:39 - [MESSAGE][PASSED] - Text of object 'Object Repository/Stockbit/Bandarmology_NetVal' is: '11.8 B'

2024-01-22 18:47:39 - [TEST_STEP][PASSED] - delay(3): Delayed 3 second(s)

2024-01-22 18:47:42 - [MESSAGE][PASSED] - Delayed 3 second(s)

2024-01-22 18:47:42 - [TEST_STEP][PASSED] - strOpenPrice = getText(findTestObject("Stockbit/Home_OpenPrice")): Text of object 'Object Repository/Stockbit/Home_OpenPrice' is: '540'

2024-01-22 18:47:42 - [MESSAGE][PASSED] - Text of object 'Object Repository/Stockbit/Home_OpenPrice' is: '540'

2024-01-22 18:47:42 - [TEST_STEP][PASSED] - strOpenPrice = strOpenPrice.replace(",", ""): null

2024-01-22 18:47:42 - [TEST_STEP][PASSED] - strLowPrice = getText(findTestObject("Stockbit/Home_LowPrice")): Text of object 'Object Repository/Stockbit/Home_LowPrice' is: '520'

2024-01-22 18:47:42 - [MESSAGE][PASSED] - Text of object 'Object Repository/Stockbit/Home_LowPrice' is: '520'

2024-01-22 18:47:42 - [TEST_STEP][PASSED] - strLowPrice = strLowPrice.replace(",", ""): null

2024-01-22 18:47:42 - [TEST_STEP][PASSED] - strHighPrice = getText(findTestObject("Stockbit/Home_HighPrice")): Text of object 'Object Repository/Stockbit/Home_HighPrice' is: '550'

2024-01-22 18:47:42 - [MESSAGE][PASSED] - Text of object 'Object Repository/Stockbit/Home_HighPrice' is: '550'

2024-01-22 18:47:42 - [TEST_STEP][PASSED] - strHighPrice = strHighPrice.replace(",", ""): null

2024-01-22 18:47:42 - [TEST_STEP][PASSED] - strClosePrice = getText(findTestObject("Stockbit/Home_ClosePrice")): Text of object 'Object Repository/Stockbit/Home_ClosePrice' is: '535'

2024-01-22 18:47:42 - [MESSAGE][PASSED] - Text of object 'Object Repository/Stockbit/Home_ClosePrice' is: '535'

2024-01-22 18:47:42 - [TEST_STEP][PASSED] - strClosePrice = strClosePrice.replace(",", ""): null

2024-01-22 18:47:42 - [TEST_STEP][PASSED] - strVol = getText(findTestObject("Stockbit/Home_Volume")): Text of object 'Object Repository/Stockbit/Home_Volume' is: '480 K'

2024-01-22 18:47:42 - [MESSAGE][PASSED] - Text of object 'Object Repository/Stockbit/Home_Volume' is: '480 K'

2024-01-22 18:47:42 - [TEST_STEP][PASSED] - if (strVol.contains(" K")): null

2024-01-22 18:47:42 - [TEST_STEP][PASSED] - strVol = strVol.replace(" K", "000"): null

2024-01-22 18:47:42 - [TEST_STEP][PASSED] - if (strVol.contains(",")): null

2024-01-22 18:47:42 - [TEST_STEP][PASSED] - strChange = getText(findTestObject("Stockbit/Home_Change")): Text of object 'Object Repository/Stockbit/Home_Change' is: '0.00%'

2024-01-22 18:47:43 - [MESSAGE][PASSED] - Text of object 'Object Repository/Stockbit/Home_Change' is: '0.00%'

2024-01-22 18:47:43 - [TEST_STEP][PASSED] - strChange = strChange.replace("%", ""): null

2024-01-22 18:47:43 - [TEST_STEP][PASSED] - strFreq = getText(findTestObject("Stockbit/Home_Freq")): Text of object 'Object Repository/Stockbit/Home_Freq' is: '2,974'

2024-01-22 18:47:43 - [MESSAGE][PASSED] - Text of object 'Object Repository/Stockbit/Home_Freq' is: '2,974'

2024-01-22 18:47:43 - [TEST_STEP][PASSED] - if (strFreq.contains(",")): null

2024-01-22 18:47:43 - [TEST_STEP][PASSED] - strFreq = strFreq.replace(",", ""): null

2024-01-22 18:47:43 - [TEST_STEP][PASSED] - if (strFreq == "NA" || strFreq == ""): null

2024-01-22 18:47:43 - [TEST_STEP][PASSED] - else: null

2024-01-22 18:47:43 - [TEST_STEP][PASSED] - dblFreqAnal = strVol.toDouble() / strFreq.toDouble() * strFreq.toDouble() * strFreq.toDouble() * 100000000: null

2024-01-22 18:47:43 - [TEST_STEP][PASSED] - strFreqAnal = String.format("%.4f", dblFreqAnal): null

2024-01-22 18:47:43 - [TEST_STEP][PASSED] - out.println("Double strFreqAnal: " + strFreqAnal): null

2024-01-22 18:47:43 - [TEST_STEP][PASSED] - strTanggal = d.format(DateTimeFormatter.ofPattern("yyyy-MM-dd")): null

2024-01-22 18:47:43 - [TEST_STEP][PASSED] - strTanggal = "#" + strTanggal + "#": null

2024-01-22 18:47:43 - [TEST_STEP][PASSED] - strSQL = "select count(*) as JumBaris from TblBrokSum where Nama = '" + strNama + "' and Tanggal = " + strTanggal + "": null

2024-01-22 18:47:43 - [TEST_STEP][PASSED] - resultSet = statement.executeQuery(strSQL): null

2024-01-22 18:47:43 - [TEST_STEP][PASSED] - resultSet.next(): null

2024-01-22 18:47:43 - [TEST_STEP][PASSED] - intJumBaris = resultSet.getInt("JumBaris"): null

2024-01-22 18:47:43 - [TEST_STEP][PASSED] - if (intJumBaris > 0): null

2024-01-22 18:47:43 - [TEST_STEP][PASSED] - else: null

2024-01-22 18:47:43 - [TEST_STEP][PASSED] - try: null

2024-01-22 18:47:43 - [TEST_STEP][PASSED] - out.println("Insert data"): null

2024-01-22 18:47:43 - [TEST_STEP][PASSED] - strSQL = "insert into TblBrokSum (nama, tanggal, top1, top2, top3, AllBrokAvg, AccDist, AvgRP, " + "Buyer1, BuyerVal1, BuyerAvg1, Seller1, SellerVal1, SellerAvg1, Buyer2, BuyerVal2, BuyerAvg2, " + "Seller2, SellerVal2, SellerAvg2, Buyer3, BuyerVal3, BuyerAvg3, Seller3, SellerVal3, SellerAvg3, NetVol, NetVal, " + "OpenPrice, LowPrice, HighPrice, ClosePrice, Volume, Change, Frekuensi, FrekAnal) " + "values ('" + strNama + "', " + strTanggal + ", '" + strTop1 + "', '" + strTop3 + "', '" + strTop5 + "', " + "'" + strAllBrokAvg + "', '" + strAccDist + "', " + intAvgRP + ", '" + strBuyer1 + "', '" + strBuyerVol1 + "', " + strBuyerAvg1 + ", " + "'" + strSeller1 + "', '" + strSellerVol1 + "', " + strSellerAvg1 + ", '" + strBuyer2 + "', '" + strBuyerVol2 + "', " + strBuyerAvg2 + ", " + "'" + strSeller2 + "', '" + strSellerVol2 + "', " + strSellerAvg2 + ", '" + strBuyer3 + "', '" + strBuyerVol3 + "', " + strBuyerAvg3 + ", " + "'" + strSeller3 + "', '" + strSellerVol3 + "', " + strSellerAvg3 + ", " + strNetVol + ", '" + strNetVal + "', " + "" + strOpenPrice + ", " + strLowPrice + ", " + strHighPrice + ", " + strClosePrice + ", '" + strVol + "', " + strChange + ", " + strFreq + ", " + strFreqAnal + ");": null

2024-01-22 18:47:43 - [TEST_STEP][PASSED] - out.println("strSQL = " + strSQL): null

2024-01-22 18:47:43 - [TEST_STEP][PASSED] - statement.executeUpdate(strSQL): null

2024-01-22 18:47:43 - [TEST_STEP][PASSED] - setValueToCellByIndex(sheet01, rowIndex, 4, "DONE"): null

2024-01-22 18:47:43 - [TEST_STEP][PASSED] - saveWorkbook(excelFilePath, workbook01): null

2024-01-22 18:47:43 - [TEST_STEP][PASSED] - waitForElementClickable(findTestObject("Stockbit/menu_Bandarmology"), 10): Object 'Object Repository/Stockbit/menu_Bandarmology' is clickable

2024-01-22 18:47:43 - [MESSAGE][PASSED] - Object 'Object Repository/Stockbit/menu_Bandarmology' is clickable

2024-01-22 18:47:43 - [TEST_STEP][PASSED] - click(findTestObject("Stockbit/menu_Bandarmology")): Object: 'Object Repository/Stockbit/menu_Bandarmology' is clicked on

2024-01-22 18:47:43 - [MESSAGE][PASSED] - Object: 'Object Repository/Stockbit/menu_Bandarmology' is clicked on

2024-01-22 18:47:43 - [TEST_STEP][PASSED] - strTemp = "NA": null

2024-01-22 18:47:43 - [TEST_STEP][PASSED] - if (getCellValueByIndex(sheet01, rowIndex, 4) != "DONE"): Object: 'Object Repository/Stockbit/menu_Bandarmology' is clicked on

2024-01-22 18:47:43 - [TEST_STEP][PASSED] - strNama = getCellValueByIndex(sheet01, rowIndex, 0): null

2024-01-22 18:47:43 - [TEST_STEP][PASSED] - navigateToUrl("https://stockbit.com/#/symbol/" + strNama): Navigate to 'https://stockbit.com/#/symbol/VINS' successfully

2024-01-22 18:47:45 - [MESSAGE][PASSED] - Navigate to 'https://stockbit.com/#/symbol/VINS' successfully

2024-01-22 18:47:45 - [TEST_STEP][PASSED] - waitForElementClickable(findTestObject("Stockbit/menu_Bandarmology"), 10): Object 'Object Repository/Stockbit/menu_Bandarmology' is clickable

2024-01-22 18:47:45 - [MESSAGE][PASSED] - Object 'Object Repository/Stockbit/menu_Bandarmology' is clickable

2024-01-22 18:47:45 - [TEST_STEP][PASSED] - click(findTestObject("Stockbit/menu_Bandarmology")): Object: 'Object Repository/Stockbit/menu_Bandarmology' is clicked on

2024-01-22 18:47:46 - [MESSAGE][PASSED] - Object: 'Object Repository/Stockbit/menu_Bandarmology' is clicked on

2024-01-22 18:47:46 - [TEST_STEP][PASSED] - strTanggal = d.format(DateTimeFormatter.ofPattern("MMM dd, yyyy")): null

2024-01-22 18:47:46 - [TEST_STEP][PASSED] - strTanggal = d.format(ISO_DATE): null

2024-01-22 18:47:46 - [TEST_STEP][PASSED] - out.println("strTanggal = " + strTanggal): null

2024-01-22 18:47:46 - [TEST_STEP][PASSED] - out.println("strNama = " + strNama): null

2024-01-22 18:47:46 - [TEST_STEP][PASSED] - out.println("Baris ke = " + rowIndex): null

2024-01-22 18:47:46 - [TEST_STEP][PASSED] - click(findTestObject("Stockbit/input__BandarmologyOpenStartDate")): Object: 'Object Repository/Stockbit/input__BandarmologyOpenStartDate' is clicked on

2024-01-22 18:47:47 - [MESSAGE][PASSED] - Object: 'Object Repository/Stockbit/input__BandarmologyOpenStartDate' is clicked on

2024-01-22 18:47:47 - [TEST_STEP][PASSED] - sendKeys(findTestObject("Stockbit/input__BandarmologyOpenStartDate"), Keys.chord(CONTROL, "a")): Keys 'CONTROL + a' sent to object: 'Object Repository/Stockbit/input__BandarmologyOpenStartDate'

2024-01-22 18:47:48 - [MESSAGE][PASSED] - Keys 'CONTROL + a' sent to object: 'Object Repository/Stockbit/input__BandarmologyOpenStartDate'

2024-01-22 18:47:48 - [TEST_STEP][PASSED] - sendKeys(findTestObject("Stockbit/input__BandarmologyOpenStartDate"), Keys.chord(BACK_SPACE)): Keys 'BACK_SPACE + ' sent to object: 'Object Repository/Stockbit/input__BandarmologyOpenStartDate'

2024-01-22 18:47:48 - [MESSAGE][PASSED] - Keys 'BACK_SPACE + ' sent to object: 'Object Repository/Stockbit/input__BandarmologyOpenStartDate'

2024-01-22 18:47:48 - [TEST_STEP][PASSED] - setText(findTestObject("Stockbit/input__BandarmologyOpenStartDate"), strTanggal): Text '2024-01-22' is set on object 'Object Repository/Stockbit/input__BandarmologyOpenStartDate'

2024-01-22 18:47:49 - [MESSAGE][PASSED] - Text '2024-01-22' is set on object 'Object Repository/Stockbit/input__BandarmologyOpenStartDate'

2024-01-22 18:47:49 - [TEST_STEP][PASSED] - sendKeys(findTestObject("Stockbit/input__BandarmologyOpenStartDate"), Keys.chord(ENTER)): Keys 'ENTER + ' sent to object: 'Object Repository/Stockbit/input__BandarmologyOpenStartDate'

2024-01-22 18:47:50 - [MESSAGE][PASSED] - Keys 'ENTER + ' sent to object: 'Object Repository/Stockbit/input__BandarmologyOpenStartDate'

2024-01-22 18:47:50 - [TEST_STEP][PASSED] - click(findTestObject("Stockbit/input__BandarmologyOpenEndDate")): Object: 'Object Repository/Stockbit/input__BandarmologyOpenEndDate' is clicked on

2024-01-22 18:47:50 - [MESSAGE][PASSED] - Object: 'Object Repository/Stockbit/input__BandarmologyOpenEndDate' is clicked on

2024-01-22 18:47:50 - [TEST_STEP][PASSED] - sendKeys(findTestObject("Stockbit/input__BandarmologyOpenEndDate"), Keys.chord(CONTROL, "a")): Keys 'CONTROL + a' sent to object: 'Object Repository/Stockbit/input__BandarmologyOpenEndDate'

2024-01-22 18:47:51 - [MESSAGE][PASSED] - Keys 'CONTROL + a' sent to object: 'Object Repository/Stockbit/input__BandarmologyOpenEndDate'

2024-01-22 18:47:51 - [TEST_STEP][PASSED] - sendKeys(findTestObject("Stockbit/input__BandarmologyOpenEndDate"), Keys.chord(BACK_SPACE)): Keys 'BACK_SPACE + ' sent to object: 'Object Repository/Stockbit/input__BandarmologyOpenEndDate'

2024-01-22 18:47:51 - [MESSAGE][PASSED] - Keys 'BACK_SPACE + ' sent to object: 'Object Repository/Stockbit/input__BandarmologyOpenEndDate'

2024-01-22 18:47:51 - [TEST_STEP][PASSED] - setText(findTestObject("Stockbit/input__BandarmologyOpenEndDate"), strTanggal): Text '2024-01-22' is set on object 'Object Repository/Stockbit/input__BandarmologyOpenEndDate'

2024-01-22 18:47:52 - [MESSAGE][PASSED] - Text '2024-01-22' is set on object 'Object Repository/Stockbit/input__BandarmologyOpenEndDate'

2024-01-22 18:47:52 - [TEST_STEP][PASSED] - sendKeys(findTestObject("Stockbit/input__BandarmologyOpenEndDate"), Keys.chord(ENTER)): Keys 'ENTER + ' sent to object: 'Object Repository/Stockbit/input__BandarmologyOpenEndDate'

2024-01-22 18:47:53 - [MESSAGE][PASSED] - Keys 'ENTER + ' sent to object: 'Object Repository/Stockbit/input__BandarmologyOpenEndDate'

2024-01-22 18:47:53 - [TEST_STEP][PASSED] - delay(2): Delayed 2 second(s)

2024-01-22 18:47:55 - [MESSAGE][PASSED] - Delayed 2 second(s)

2024-01-22 18:47:55 - [TEST_STEP][PASSED] - strTemp = getText(findTestObject("Stockbit/Bandarmology_AvgRP")): Text of object 'Object Repository/Stockbit/Bandarmology_AvgRP' is: '159'

2024-01-22 18:47:55 - [MESSAGE][PASSED] - Text of object 'Object Repository/Stockbit/Bandarmology_AvgRP' is: '159'

2024-01-22 18:47:55 - [TEST_STEP][PASSED] - out.println("Bandarmology_AvgRP = " + strTemp): null

2024-01-22 18:47:55 - [TEST_STEP][PASSED] - if (strTemp != "0"): null

2024-01-22 18:47:55 - [TEST_STEP][PASSED] - strTop1 = getText(findTestObject("Stockbit/Bandarmology_Top1")): Text of object 'Object Repository/Stockbit/Bandarmology_Top1' is: 'Normal Acc'

2024-01-22 18:47:55 - [MESSAGE][PASSED] - Text of object 'Object Repository/Stockbit/Bandarmology_Top1' is: 'Normal Acc'

2024-01-22 18:47:55 - [TEST_STEP][PASSED] - strTop3 = getText(findTestObject("Stockbit/Bandarmology_Top3")): Text of object 'Object Repository/Stockbit/Bandarmology_Top3' is: 'Normal Acc'

2024-01-22 18:47:55 - [MESSAGE][PASSED] - Text of object 'Object Repository/Stockbit/Bandarmology_Top3' is: 'Normal Acc'

2024-01-22 18:47:55 - [TEST_STEP][PASSED] - strTop5 = getText(findTestObject("Stockbit/Bandarmology_Top5")): Text of object 'Object Repository/Stockbit/Bandarmology_Top5' is: 'Small Acc'

2024-01-22 18:47:56 - [MESSAGE][PASSED] - Text of object 'Object Repository/Stockbit/Bandarmology_Top5' is: 'Small Acc'

2024-01-22 18:47:56 - [TEST_STEP][PASSED] - strAllBrokAvg = getText(findTestObject("Stockbit/Bandarmology_TopAVG")): Text of object 'Object Repository/Stockbit/Bandarmology_TopAVG' is: 'Small Acc'

2024-01-22 18:47:56 - [MESSAGE][PASSED] - Text of object 'Object Repository/Stockbit/Bandarmology_TopAVG' is: 'Small Acc'

2024-01-22 18:47:56 - [TEST_STEP][PASSED] - strTemp = getText(findTestObject("Stockbit/Bandarmology_AvgRP")): Text of object 'Object Repository/Stockbit/Bandarmology_AvgRP' is: '159'

2024-01-22 18:47:56 - [MESSAGE][PASSED] - Text of object 'Object Repository/Stockbit/Bandarmology_AvgRP' is: '159'

2024-01-22 18:47:56 - [TEST_STEP][PASSED] - if (strTemp.contains(",")): null

2024-01-22 18:47:56 - [TEST_STEP][PASSED] - intAvgRP = strTemp.toInteger(): null

2024-01-22 18:47:56 - [TEST_STEP][PASSED] - strBuyer1 = getText(findTestObject("Stockbit/Bandarmology_Buyer1")): Text of object 'Object Repository/Stockbit/Bandarmology_Buyer1' is: 'NI'

2024-01-22 18:47:56 - [MESSAGE][PASSED] - Text of object 'Object Repository/Stockbit/Bandarmology_Buyer1' is: 'NI'

2024-01-22 18:47:56 - [TEST_STEP][PASSED] - strBuyerVol1 = getText(findTestObject("Stockbit/Bandarmology_BuyerVol1")): Text of object 'Object Repository/Stockbit/Bandarmology_BuyerVol1' is: '1.4 K'

2024-01-22 18:47:56 - [MESSAGE][PASSED] - Text of object 'Object Repository/Stockbit/Bandarmology_BuyerVol1' is: '1.4 K'

2024-01-22 18:47:56 - [TEST_STEP][PASSED] - strBuyerAvg1 = getText(findTestObject("Stockbit/Bandarmology_BuyerAvg1")): Text of object 'Object Repository/Stockbit/Bandarmology_BuyerAvg1' is: '160'

2024-01-22 18:47:56 - [MESSAGE][PASSED] - Text of object 'Object Repository/Stockbit/Bandarmology_BuyerAvg1' is: '160'

2024-01-22 18:47:56 - [TEST_STEP][PASSED] - if (strBuyerAvg1.contains(",")): null

2024-01-22 18:47:56 - [TEST_STEP][PASSED] - if (strBuyerVol1.contains(" B")): null

2024-01-22 18:47:56 - [TEST_STEP][PASSED] - else if (strBuyerVol1.contains(" M")): null

2024-01-22 18:47:56 - [TEST_STEP][PASSED] - else if (strBuyerVol1.contains(" K")): null

2024-01-22 18:47:56 - [TEST_STEP][PASSED] - strBuyerVol1 = strBuyerVol1.replace(" K", ""): null

2024-01-22 18:47:56 - [TEST_STEP][PASSED] - strBuyerVol1 = strBuyerVol1.toDouble() * 1000: null

2024-01-22 18:47:56 - [TEST_STEP][PASSED] - strSeller1 = getText(findTestObject("Stockbit/Bandarmology_Seller1")): Text of object 'Object Repository/Stockbit/Bandarmology_Seller1' is: 'CC'

2024-01-22 18:47:57 - [MESSAGE][PASSED] - Text of object 'Object Repository/Stockbit/Bandarmology_Seller1' is: 'CC'

2024-01-22 18:47:57 - [TEST_STEP][PASSED] - strSellerVol1 = getText(findTestObject("Stockbit/Bandarmology_SellerVol1")): Text of object 'Object Repository/Stockbit/Bandarmology_SellerVol1' is: '963'

2024-01-22 18:47:57 - [MESSAGE][PASSED] - Text of object 'Object Repository/Stockbit/Bandarmology_SellerVol1' is: '963'

2024-01-22 18:47:57 - [TEST_STEP][PASSED] - strSellerAvg1 = getText(findTestObject("Stockbit/Bandarmology_SellerAvg1")): Text of object 'Object Repository/Stockbit/Bandarmology_SellerAvg1' is: '158'

2024-01-22 18:47:57 - [MESSAGE][PASSED] - Text of object 'Object Repository/Stockbit/Bandarmology_SellerAvg1' is: '158'

2024-01-22 18:47:57 - [TEST_STEP][PASSED] - if (strSellerAvg1.contains(",")): null

2024-01-22 18:47:57 - [TEST_STEP][PASSED] - if (strSellerVol1.contains(" B")): null

2024-01-22 18:47:57 - [TEST_STEP][PASSED] - if (verifyElementNotPresent(findTestObject("Stockbit/Bandarmology_Buyer2"), 1, OPTIONAL)): Web element with id: 'Object Repository/Stockbit/Bandarmology_Buyer2' located by 'By.xpath: //*[contains(@id, 'rc-tabs-')]/div[2]/div/div/div/div/div/div[2]/table/tbody/tr[3]/td[1]/p' is present after '1' second(s) (Root cause: com.kms.katalon.core.exception.StepFailedException: Web element with id: 'Object Repository/Stockbit/Bandarmology_Buyer2' located by 'By.xpath: //*[contains(@id, 'rc-tabs-')]/div[2]/div/div/div/div/div/div[2]/table/tbody/tr[3]/td[1]/p' is present after '1' second(s)
	at com.kms.katalon.core.webui.keyword.internal.WebUIKeywordMain.stepFailed(WebUIKeywordMain.groovy:64)
	at com.kms.katalon.core.webui.keyword.internal.WebUIKeywordMain$stepFailed$0.call(Unknown Source)
	at com.kms.katalon.core.webui.keyword.builtin.VerifyElementNotPresentKeyword$_verifyElementNotPresent_closure1.doCall(VerifyElementNotPresentKeyword.groovy:106)
	at com.kms.katalon.core.webui.keyword.builtin.VerifyElementNotPresentKeyword$_verifyElementNotPresent_closure1.doCall(VerifyElementNotPresentKeyword.groovy)
	at com.kms.katalon.core.webui.keyword.internal.WebUIKeywordMain.runKeyword(WebUIKeywordMain.groovy:20)
	at com.kms.katalon.core.webui.keyword.internal.WebUIKeywordMain$runKeyword.call(Unknown Source)
	at com.kms.katalon.core.webui.keyword.builtin.VerifyElementNotPresentKeyword.verifyElementNotPresent(VerifyElementNotPresentKeyword.groovy:117)
	at com.kms.katalon.core.webui.keyword.builtin.VerifyElementNotPresentKeyword.execute(VerifyElementNotPresentKeyword.groovy:68)
	at com.kms.katalon.core.keyword.internal.KeywordExecutor.executeKeywordForPlatform(KeywordExecutor.groovy:74)
	at com.kms.katalon.core.webui.keyword.WebUiBuiltInKeywords.verifyElementNotPresent(WebUiBuiltInKeywords.groovy:1481)
	at com.kms.katalon.core.webui.keyword.WebUiBuiltInKeywords$verifyElementNotPresent$8.call(Unknown Source)
	at GetBrokSumPriceDaily.run(GetBrokSumPriceDaily:258)
	at com.kms.katalon.core.main.ScriptEngine.run(ScriptEngine.java:194)
	at com.kms.katalon.core.main.ScriptEngine.runScriptAsRawText(ScriptEngine.java:119)
	at com.kms.katalon.core.main.TestCaseExecutor.runScript(TestCaseExecutor.java:445)
	at com.kms.katalon.core.main.TestCaseExecutor.doExecute(TestCaseExecutor.java:436)
	at com.kms.katalon.core.main.TestCaseExecutor.processExecutionPhase(TestCaseExecutor.java:415)
	at com.kms.katalon.core.main.TestCaseExecutor.accessMainPhase(TestCaseExecutor.java:407)
	at com.kms.katalon.core.main.TestCaseExecutor.execute(TestCaseExecutor.java:284)
	at com.kms.katalon.core.common.CommonExecutor.accessTestCaseMainPhase(CommonExecutor.java:65)
	at com.kms.katalon.core.main.TestSuiteExecutor.accessTestSuiteMainPhase(TestSuiteExecutor.java:144)
	at com.kms.katalon.core.main.TestSuiteExecutor.execute(TestSuiteExecutor.java:106)
	at com.kms.katalon.core.main.TestCaseMain.startTestSuite(TestCaseMain.java:185)
	at com.kms.katalon.core.main.TestCaseMain$startTestSuite$0.call(Unknown Source)
	at TempTestSuite1705923140048.run(TempTestSuite1705923140048.groovy:36)
)

2024-01-22 18:47:58 - [MESSAGE][WARNING] - Web element with id: 'Object Repository/Stockbit/Bandarmology_Buyer2' located by 'By.xpath: //*[contains(@id, 'rc-tabs-')]/div[2]/div/div/div/div/div/div[2]/table/tbody/tr[3]/td[1]/p' is present after '1' second(s) (Root cause: com.kms.katalon.core.exception.StepFailedException: Web element with id: 'Object Repository/Stockbit/Bandarmology_Buyer2' located by 'By.xpath: //*[contains(@id, 'rc-tabs-')]/div[2]/div/div/div/div/div/div[2]/table/tbody/tr[3]/td[1]/p' is present after '1' second(s)
	at com.kms.katalon.core.webui.keyword.internal.WebUIKeywordMain.stepFailed(WebUIKeywordMain.groovy:64)
	at com.kms.katalon.core.webui.keyword.internal.WebUIKeywordMain$stepFailed$0.call(Unknown Source)
	at com.kms.katalon.core.webui.keyword.builtin.VerifyElementNotPresentKeyword$_verifyElementNotPresent_closure1.doCall(VerifyElementNotPresentKeyword.groovy:106)
	at com.kms.katalon.core.webui.keyword.builtin.VerifyElementNotPresentKeyword$_verifyElementNotPresent_closure1.doCall(VerifyElementNotPresentKeyword.groovy)
	at com.kms.katalon.core.webui.keyword.internal.WebUIKeywordMain.runKeyword(WebUIKeywordMain.groovy:20)
	at com.kms.katalon.core.webui.keyword.internal.WebUIKeywordMain$runKeyword.call(Unknown Source)
	at com.kms.katalon.core.webui.keyword.builtin.VerifyElementNotPresentKeyword.verifyElementNotPresent(VerifyElementNotPresentKeyword.groovy:117)
	at com.kms.katalon.core.webui.keyword.builtin.VerifyElementNotPresentKeyword.execute(VerifyElementNotPresentKeyword.groovy:68)
	at com.kms.katalon.core.keyword.internal.KeywordExecutor.executeKeywordForPlatform(KeywordExecutor.groovy:74)
	at com.kms.katalon.core.webui.keyword.WebUiBuiltInKeywords.verifyElementNotPresent(WebUiBuiltInKeywords.groovy:1481)
	at com.kms.katalon.core.webui.keyword.WebUiBuiltInKeywords$verifyElementNotPresent$8.call(Unknown Source)
	at GetBrokSumPriceDaily.run(GetBrokSumPriceDaily:258)
	at com.kms.katalon.core.main.ScriptEngine.run(ScriptEngine.java:194)
	at com.kms.katalon.core.main.ScriptEngine.runScriptAsRawText(ScriptEngine.java:119)
	at com.kms.katalon.core.main.TestCaseExecutor.runScript(TestCaseExecutor.java:445)
	at com.kms.katalon.core.main.TestCaseExecutor.doExecute(TestCaseExecutor.java:436)
	at com.kms.katalon.core.main.TestCaseExecutor.processExecutionPhase(TestCaseExecutor.java:415)
	at com.kms.katalon.core.main.TestCaseExecutor.accessMainPhase(TestCaseExecutor.java:407)
	at com.kms.katalon.core.main.TestCaseExecutor.execute(TestCaseExecutor.java:284)
	at com.kms.katalon.core.common.CommonExecutor.accessTestCaseMainPhase(CommonExecutor.java:65)
	at com.kms.katalon.core.main.TestSuiteExecutor.accessTestSuiteMainPhase(TestSuiteExecutor.java:144)
	at com.kms.katalon.core.main.TestSuiteExecutor.execute(TestSuiteExecutor.java:106)
	at com.kms.katalon.core.main.TestCaseMain.startTestSuite(TestCaseMain.java:185)
	at com.kms.katalon.core.main.TestCaseMain$startTestSuite$0.call(Unknown Source)
	at TempTestSuite1705923140048.run(TempTestSuite1705923140048.groovy:36)
)
[[ATTACHMENT|C:\\Users\\Fadli\\git\\KatalonDailyGetData2\\Reports\\20240122_174123\\TS1\\20240122_183220\\1705924078597.png]]

2024-01-22 18:47:58 - [TEST_STEP][PASSED] - else: null

2024-01-22 18:47:58 - [TEST_STEP][PASSED] - strBuyer2 = getText(findTestObject("Stockbit/Bandarmology_Buyer2")): Text of object 'Object Repository/Stockbit/Bandarmology_Buyer2' is: 'SQ'

2024-01-22 18:47:58 - [MESSAGE][PASSED] - Text of object 'Object Repository/Stockbit/Bandarmology_Buyer2' is: 'SQ'

2024-01-22 18:47:58 - [TEST_STEP][PASSED] - strBuyerVol2 = getText(findTestObject("Stockbit/Bandarmology_BuyerVol2")): Text of object 'Object Repository/Stockbit/Bandarmology_BuyerVol2' is: '696'

2024-01-22 18:47:59 - [MESSAGE][PASSED] - Text of object 'Object Repository/Stockbit/Bandarmology_BuyerVol2' is: '696'

2024-01-22 18:47:59 - [TEST_STEP][PASSED] - strBuyerAvg2 = getText(findTestObject("Stockbit/Bandarmology_BuyerAvg2")): Text of object 'Object Repository/Stockbit/Bandarmology_BuyerAvg2' is: '167'

2024-01-22 18:47:59 - [MESSAGE][PASSED] - Text of object 'Object Repository/Stockbit/Bandarmology_BuyerAvg2' is: '167'

2024-01-22 18:47:59 - [TEST_STEP][PASSED] - if (strBuyer2 != ""): null

2024-01-22 18:47:59 - [TEST_STEP][PASSED] - if (strBuyerAvg2.contains(",")): null

2024-01-22 18:47:59 - [TEST_STEP][PASSED] - if (strBuyerVol2.contains(" B")): null

2024-01-22 18:47:59 - [TEST_STEP][PASSED] - if (strBuyerVol2.contains(".")): null

2024-01-22 18:47:59 - [TEST_STEP][PASSED] - if (verifyElementNotPresent(findTestObject("Stockbit/Bandarmology_Seller2"), 1, OPTIONAL)): Web element with id: 'Object Repository/Stockbit/Bandarmology_Seller2' located by 'By.xpath: //*[contains(@id, 'rc-tabs-')]/div[2]/div/div/div/div/div/div[2]/table/tbody/tr[3]/td[5]/p' is present after '1' second(s) (Root cause: com.kms.katalon.core.exception.StepFailedException: Web element with id: 'Object Repository/Stockbit/Bandarmology_Seller2' located by 'By.xpath: //*[contains(@id, 'rc-tabs-')]/div[2]/div/div/div/div/div/div[2]/table/tbody/tr[3]/td[5]/p' is present after '1' second(s)
	at com.kms.katalon.core.webui.keyword.internal.WebUIKeywordMain.stepFailed(WebUIKeywordMain.groovy:64)
	at com.kms.katalon.core.webui.keyword.internal.WebUIKeywordMain$stepFailed$0.call(Unknown Source)
	at com.kms.katalon.core.webui.keyword.builtin.VerifyElementNotPresentKeyword$_verifyElementNotPresent_closure1.doCall(VerifyElementNotPresentKeyword.groovy:106)
	at com.kms.katalon.core.webui.keyword.builtin.VerifyElementNotPresentKeyword$_verifyElementNotPresent_closure1.doCall(VerifyElementNotPresentKeyword.groovy)
	at com.kms.katalon.core.webui.keyword.internal.WebUIKeywordMain.runKeyword(WebUIKeywordMain.groovy:20)
	at com.kms.katalon.core.webui.keyword.internal.WebUIKeywordMain$runKeyword.call(Unknown Source)
	at com.kms.katalon.core.webui.keyword.builtin.VerifyElementNotPresentKeyword.verifyElementNotPresent(VerifyElementNotPresentKeyword.groovy:117)
	at com.kms.katalon.core.webui.keyword.builtin.VerifyElementNotPresentKeyword.execute(VerifyElementNotPresentKeyword.groovy:68)
	at com.kms.katalon.core.keyword.internal.KeywordExecutor.executeKeywordForPlatform(KeywordExecutor.groovy:74)
	at com.kms.katalon.core.webui.keyword.WebUiBuiltInKeywords.verifyElementNotPresent(WebUiBuiltInKeywords.groovy:1481)
	at com.kms.katalon.core.webui.keyword.WebUiBuiltInKeywords$verifyElementNotPresent$8.call(Unknown Source)
	at GetBrokSumPriceDaily.run(GetBrokSumPriceDaily:309)
	at com.kms.katalon.core.main.ScriptEngine.run(ScriptEngine.java:194)
	at com.kms.katalon.core.main.ScriptEngine.runScriptAsRawText(ScriptEngine.java:119)
	at com.kms.katalon.core.main.TestCaseExecutor.runScript(TestCaseExecutor.java:445)
	at com.kms.katalon.core.main.TestCaseExecutor.doExecute(TestCaseExecutor.java:436)
	at com.kms.katalon.core.main.TestCaseExecutor.processExecutionPhase(TestCaseExecutor.java:415)
	at com.kms.katalon.core.main.TestCaseExecutor.accessMainPhase(TestCaseExecutor.java:407)
	at com.kms.katalon.core.main.TestCaseExecutor.execute(TestCaseExecutor.java:284)
	at com.kms.katalon.core.common.CommonExecutor.accessTestCaseMainPhase(CommonExecutor.java:65)
	at com.kms.katalon.core.main.TestSuiteExecutor.accessTestSuiteMainPhase(TestSuiteExecutor.java:144)
	at com.kms.katalon.core.main.TestSuiteExecutor.execute(TestSuiteExecutor.java:106)
	at com.kms.katalon.core.main.TestCaseMain.startTestSuite(TestCaseMain.java:185)
	at com.kms.katalon.core.main.TestCaseMain$startTestSuite$0.call(Unknown Source)
	at TempTestSuite1705923140048.run(TempTestSuite1705923140048.groovy:36)
)

2024-01-22 18:48:00 - [MESSAGE][WARNING] - Web element with id: 'Object Repository/Stockbit/Bandarmology_Seller2' located by 'By.xpath: //*[contains(@id, 'rc-tabs-')]/div[2]/div/div/div/div/div/div[2]/table/tbody/tr[3]/td[5]/p' is present after '1' second(s) (Root cause: com.kms.katalon.core.exception.StepFailedException: Web element with id: 'Object Repository/Stockbit/Bandarmology_Seller2' located by 'By.xpath: //*[contains(@id, 'rc-tabs-')]/div[2]/div/div/div/div/div/div[2]/table/tbody/tr[3]/td[5]/p' is present after '1' second(s)
	at com.kms.katalon.core.webui.keyword.internal.WebUIKeywordMain.stepFailed(WebUIKeywordMain.groovy:64)
	at com.kms.katalon.core.webui.keyword.internal.WebUIKeywordMain$stepFailed$0.call(Unknown Source)
	at com.kms.katalon.core.webui.keyword.builtin.VerifyElementNotPresentKeyword$_verifyElementNotPresent_closure1.doCall(VerifyElementNotPresentKeyword.groovy:106)
	at com.kms.katalon.core.webui.keyword.builtin.VerifyElementNotPresentKeyword$_verifyElementNotPresent_closure1.doCall(VerifyElementNotPresentKeyword.groovy)
	at com.kms.katalon.core.webui.keyword.internal.WebUIKeywordMain.runKeyword(WebUIKeywordMain.groovy:20)
	at com.kms.katalon.core.webui.keyword.internal.WebUIKeywordMain$runKeyword.call(Unknown Source)
	at com.kms.katalon.core.webui.keyword.builtin.VerifyElementNotPresentKeyword.verifyElementNotPresent(VerifyElementNotPresentKeyword.groovy:117)
	at com.kms.katalon.core.webui.keyword.builtin.VerifyElementNotPresentKeyword.execute(VerifyElementNotPresentKeyword.groovy:68)
	at com.kms.katalon.core.keyword.internal.KeywordExecutor.executeKeywordForPlatform(KeywordExecutor.groovy:74)
	at com.kms.katalon.core.webui.keyword.WebUiBuiltInKeywords.verifyElementNotPresent(WebUiBuiltInKeywords.groovy:1481)
	at com.kms.katalon.core.webui.keyword.WebUiBuiltInKeywords$verifyElementNotPresent$8.call(Unknown Source)
	at GetBrokSumPriceDaily.run(GetBrokSumPriceDaily:309)
	at com.kms.katalon.core.main.ScriptEngine.run(ScriptEngine.java:194)
	at com.kms.katalon.core.main.ScriptEngine.runScriptAsRawText(ScriptEngine.java:119)
	at com.kms.katalon.core.main.TestCaseExecutor.runScript(TestCaseExecutor.java:445)
	at com.kms.katalon.core.main.TestCaseExecutor.doExecute(TestCaseExecutor.java:436)
	at com.kms.katalon.core.main.TestCaseExecutor.processExecutionPhase(TestCaseExecutor.java:415)
	at com.kms.katalon.core.main.TestCaseExecutor.accessMainPhase(TestCaseExecutor.java:407)
	at com.kms.katalon.core.main.TestCaseExecutor.execute(TestCaseExecutor.java:284)
	at com.kms.katalon.core.common.CommonExecutor.accessTestCaseMainPhase(CommonExecutor.java:65)
	at com.kms.katalon.core.main.TestSuiteExecutor.accessTestSuiteMainPhase(TestSuiteExecutor.java:144)
	at com.kms.katalon.core.main.TestSuiteExecutor.execute(TestSuiteExecutor.java:106)
	at com.kms.katalon.core.main.TestCaseMain.startTestSuite(TestCaseMain.java:185)
	at com.kms.katalon.core.main.TestCaseMain$startTestSuite$0.call(Unknown Source)
	at TempTestSuite1705923140048.run(TempTestSuite1705923140048.groovy:36)
)
[[ATTACHMENT|C:\\Users\\Fadli\\git\\KatalonDailyGetData2\\Reports\\20240122_174123\\TS1\\20240122_183220\\1705924080555.png]]

2024-01-22 18:48:00 - [TEST_STEP][PASSED] - else: null

2024-01-22 18:48:00 - [TEST_STEP][PASSED] - strSeller2 = getText(findTestObject("Stockbit/Bandarmology_Seller2")): Text of object 'Object Repository/Stockbit/Bandarmology_Seller2' is: 'PD'

2024-01-22 18:48:00 - [MESSAGE][PASSED] - Text of object 'Object Repository/Stockbit/Bandarmology_Seller2' is: 'PD'

2024-01-22 18:48:00 - [TEST_STEP][PASSED] - strSellerVol2 = getText(findTestObject("Stockbit/Bandarmology_SellerVol2")): Text of object 'Object Repository/Stockbit/Bandarmology_SellerVol2' is: '580'

2024-01-22 18:48:01 - [MESSAGE][PASSED] - Text of object 'Object Repository/Stockbit/Bandarmology_SellerVol2' is: '580'

2024-01-22 18:48:01 - [TEST_STEP][PASSED] - strSellerAvg2 = getText(findTestObject("Stockbit/Bandarmology_SellerAvg2")): Text of object 'Object Repository/Stockbit/Bandarmology_SellerAvg2' is: '156'

2024-01-22 18:48:01 - [MESSAGE][PASSED] - Text of object 'Object Repository/Stockbit/Bandarmology_SellerAvg2' is: '156'

2024-01-22 18:48:01 - [TEST_STEP][PASSED] - if (strSeller2 != ""): null

2024-01-22 18:48:01 - [TEST_STEP][PASSED] - if (strSellerAvg2.contains(",")): null

2024-01-22 18:48:01 - [TEST_STEP][PASSED] - if (strSellerVol2.contains(" B")): null

2024-01-22 18:48:01 - [TEST_STEP][PASSED] - if (verifyElementNotPresent(findTestObject("Stockbit/Bandarmology_Buyer3"), 1, OPTIONAL)): Web element with id: 'Object Repository/Stockbit/Bandarmology_Buyer3' located by 'By.xpath: //*[contains(@id, 'rc-tabs-')]/div[2]/div/div/div/div/div/div[2]/table/tbody/tr[4]/td[1]/p' is present after '1' second(s) (Root cause: com.kms.katalon.core.exception.StepFailedException: Web element with id: 'Object Repository/Stockbit/Bandarmology_Buyer3' located by 'By.xpath: //*[contains(@id, 'rc-tabs-')]/div[2]/div/div/div/div/div/div[2]/table/tbody/tr[4]/td[1]/p' is present after '1' second(s)
	at com.kms.katalon.core.webui.keyword.internal.WebUIKeywordMain.stepFailed(WebUIKeywordMain.groovy:64)
	at com.kms.katalon.core.webui.keyword.internal.WebUIKeywordMain$stepFailed$0.call(Unknown Source)
	at com.kms.katalon.core.webui.keyword.builtin.VerifyElementNotPresentKeyword$_verifyElementNotPresent_closure1.doCall(VerifyElementNotPresentKeyword.groovy:106)
	at com.kms.katalon.core.webui.keyword.builtin.VerifyElementNotPresentKeyword$_verifyElementNotPresent_closure1.doCall(VerifyElementNotPresentKeyword.groovy)
	at com.kms.katalon.core.webui.keyword.internal.WebUIKeywordMain.runKeyword(WebUIKeywordMain.groovy:20)
	at com.kms.katalon.core.webui.keyword.internal.WebUIKeywordMain$runKeyword.call(Unknown Source)
	at com.kms.katalon.core.webui.keyword.builtin.VerifyElementNotPresentKeyword.verifyElementNotPresent(VerifyElementNotPresentKeyword.groovy:117)
	at com.kms.katalon.core.webui.keyword.builtin.VerifyElementNotPresentKeyword.execute(VerifyElementNotPresentKeyword.groovy:68)
	at com.kms.katalon.core.keyword.internal.KeywordExecutor.executeKeywordForPlatform(KeywordExecutor.groovy:74)
	at com.kms.katalon.core.webui.keyword.WebUiBuiltInKeywords.verifyElementNotPresent(WebUiBuiltInKeywords.groovy:1481)
	at com.kms.katalon.core.webui.keyword.WebUiBuiltInKeywords$verifyElementNotPresent$8.call(Unknown Source)
	at GetBrokSumPriceDaily.run(GetBrokSumPriceDaily:361)
	at com.kms.katalon.core.main.ScriptEngine.run(ScriptEngine.java:194)
	at com.kms.katalon.core.main.ScriptEngine.runScriptAsRawText(ScriptEngine.java:119)
	at com.kms.katalon.core.main.TestCaseExecutor.runScript(TestCaseExecutor.java:445)
	at com.kms.katalon.core.main.TestCaseExecutor.doExecute(TestCaseExecutor.java:436)
	at com.kms.katalon.core.main.TestCaseExecutor.processExecutionPhase(TestCaseExecutor.java:415)
	at com.kms.katalon.core.main.TestCaseExecutor.accessMainPhase(TestCaseExecutor.java:407)
	at com.kms.katalon.core.main.TestCaseExecutor.execute(TestCaseExecutor.java:284)
	at com.kms.katalon.core.common.CommonExecutor.accessTestCaseMainPhase(CommonExecutor.java:65)
	at com.kms.katalon.core.main.TestSuiteExecutor.accessTestSuiteMainPhase(TestSuiteExecutor.java:144)
	at com.kms.katalon.core.main.TestSuiteExecutor.execute(TestSuiteExecutor.java:106)
	at com.kms.katalon.core.main.TestCaseMain.startTestSuite(TestCaseMain.java:185)
	at com.kms.katalon.core.main.TestCaseMain$startTestSuite$0.call(Unknown Source)
	at TempTestSuite1705923140048.run(TempTestSuite1705923140048.groovy:36)
)

2024-01-22 18:48:02 - [MESSAGE][WARNING] - Web element with id: 'Object Repository/Stockbit/Bandarmology_Buyer3' located by 'By.xpath: //*[contains(@id, 'rc-tabs-')]/div[2]/div/div/div/div/div/div[2]/table/tbody/tr[4]/td[1]/p' is present after '1' second(s) (Root cause: com.kms.katalon.core.exception.StepFailedException: Web element with id: 'Object Repository/Stockbit/Bandarmology_Buyer3' located by 'By.xpath: //*[contains(@id, 'rc-tabs-')]/div[2]/div/div/div/div/div/div[2]/table/tbody/tr[4]/td[1]/p' is present after '1' second(s)
	at com.kms.katalon.core.webui.keyword.internal.WebUIKeywordMain.stepFailed(WebUIKeywordMain.groovy:64)
	at com.kms.katalon.core.webui.keyword.internal.WebUIKeywordMain$stepFailed$0.call(Unknown Source)
	at com.kms.katalon.core.webui.keyword.builtin.VerifyElementNotPresentKeyword$_verifyElementNotPresent_closure1.doCall(VerifyElementNotPresentKeyword.groovy:106)
	at com.kms.katalon.core.webui.keyword.builtin.VerifyElementNotPresentKeyword$_verifyElementNotPresent_closure1.doCall(VerifyElementNotPresentKeyword.groovy)
	at com.kms.katalon.core.webui.keyword.internal.WebUIKeywordMain.runKeyword(WebUIKeywordMain.groovy:20)
	at com.kms.katalon.core.webui.keyword.internal.WebUIKeywordMain$runKeyword.call(Unknown Source)
	at com.kms.katalon.core.webui.keyword.builtin.VerifyElementNotPresentKeyword.verifyElementNotPresent(VerifyElementNotPresentKeyword.groovy:117)
	at com.kms.katalon.core.webui.keyword.builtin.VerifyElementNotPresentKeyword.execute(VerifyElementNotPresentKeyword.groovy:68)
	at com.kms.katalon.core.keyword.internal.KeywordExecutor.executeKeywordForPlatform(KeywordExecutor.groovy:74)
	at com.kms.katalon.core.webui.keyword.WebUiBuiltInKeywords.verifyElementNotPresent(WebUiBuiltInKeywords.groovy:1481)
	at com.kms.katalon.core.webui.keyword.WebUiBuiltInKeywords$verifyElementNotPresent$8.call(Unknown Source)
	at GetBrokSumPriceDaily.run(GetBrokSumPriceDaily:361)
	at com.kms.katalon.core.main.ScriptEngine.run(ScriptEngine.java:194)
	at com.kms.katalon.core.main.ScriptEngine.runScriptAsRawText(ScriptEngine.java:119)
	at com.kms.katalon.core.main.TestCaseExecutor.runScript(TestCaseExecutor.java:445)
	at com.kms.katalon.core.main.TestCaseExecutor.doExecute(TestCaseExecutor.java:436)
	at com.kms.katalon.core.main.TestCaseExecutor.processExecutionPhase(TestCaseExecutor.java:415)
	at com.kms.katalon.core.main.TestCaseExecutor.accessMainPhase(TestCaseExecutor.java:407)
	at com.kms.katalon.core.main.TestCaseExecutor.execute(TestCaseExecutor.java:284)
	at com.kms.katalon.core.common.CommonExecutor.accessTestCaseMainPhase(CommonExecutor.java:65)
	at com.kms.katalon.core.main.TestSuiteExecutor.accessTestSuiteMainPhase(TestSuiteExecutor.java:144)
	at com.kms.katalon.core.main.TestSuiteExecutor.execute(TestSuiteExecutor.java:106)
	at com.kms.katalon.core.main.TestCaseMain.startTestSuite(TestCaseMain.java:185)
	at com.kms.katalon.core.main.TestCaseMain$startTestSuite$0.call(Unknown Source)
	at TempTestSuite1705923140048.run(TempTestSuite1705923140048.groovy:36)
)
[[ATTACHMENT|C:\\Users\\Fadli\\git\\KatalonDailyGetData2\\Reports\\20240122_174123\\TS1\\20240122_183220\\1705924082478.png]]

2024-01-22 18:48:02 - [TEST_STEP][PASSED] - else: null

2024-01-22 18:48:02 - [TEST_STEP][PASSED] - strBuyer3 = getText(findTestObject("Stockbit/Bandarmology_Buyer3")): Text of object 'Object Repository/Stockbit/Bandarmology_Buyer3' is: 'XL'

2024-01-22 18:48:02 - [MESSAGE][PASSED] - Text of object 'Object Repository/Stockbit/Bandarmology_Buyer3' is: 'XL'

2024-01-22 18:48:02 - [TEST_STEP][PASSED] - strBuyerVol3 = getText(findTestObject("Stockbit/Bandarmology_BuyerVol3")): Text of object 'Object Repository/Stockbit/Bandarmology_BuyerVol3' is: '336'

2024-01-22 18:48:03 - [MESSAGE][PASSED] - Text of object 'Object Repository/Stockbit/Bandarmology_BuyerVol3' is: '336'

2024-01-22 18:48:03 - [TEST_STEP][PASSED] - strBuyerAvg3 = getText(findTestObject("Stockbit/Bandarmology_BuyerAvg3")): Text of object 'Object Repository/Stockbit/Bandarmology_BuyerAvg3' is: '161'

2024-01-22 18:48:03 - [MESSAGE][PASSED] - Text of object 'Object Repository/Stockbit/Bandarmology_BuyerAvg3' is: '161'

2024-01-22 18:48:03 - [TEST_STEP][PASSED] - if (strBuyer3 != ""): null

2024-01-22 18:48:03 - [TEST_STEP][PASSED] - if (strBuyerAvg3.contains(",")): null

2024-01-22 18:48:03 - [TEST_STEP][PASSED] - if (strBuyerVol3.contains(" B")): null

2024-01-22 18:48:03 - [TEST_STEP][PASSED] - if (verifyElementNotPresent(findTestObject("Stockbit/Bandarmology_Seller3"), 1, OPTIONAL)): Web element with id: 'Object Repository/Stockbit/Bandarmology_Seller3' located by 'By.xpath: //*[contains(@id, 'rc-tabs-')]/div[2]/div/div/div/div/div/div[2]/table/tbody/tr[4]/td[5]/p' is present after '1' second(s) (Root cause: com.kms.katalon.core.exception.StepFailedException: Web element with id: 'Object Repository/Stockbit/Bandarmology_Seller3' located by 'By.xpath: //*[contains(@id, 'rc-tabs-')]/div[2]/div/div/div/div/div/div[2]/table/tbody/tr[4]/td[5]/p' is present after '1' second(s)
	at com.kms.katalon.core.webui.keyword.internal.WebUIKeywordMain.stepFailed(WebUIKeywordMain.groovy:64)
	at com.kms.katalon.core.webui.keyword.internal.WebUIKeywordMain$stepFailed$0.call(Unknown Source)
	at com.kms.katalon.core.webui.keyword.builtin.VerifyElementNotPresentKeyword$_verifyElementNotPresent_closure1.doCall(VerifyElementNotPresentKeyword.groovy:106)
	at com.kms.katalon.core.webui.keyword.builtin.VerifyElementNotPresentKeyword$_verifyElementNotPresent_closure1.doCall(VerifyElementNotPresentKeyword.groovy)
	at com.kms.katalon.core.webui.keyword.internal.WebUIKeywordMain.runKeyword(WebUIKeywordMain.groovy:20)
	at com.kms.katalon.core.webui.keyword.internal.WebUIKeywordMain$runKeyword.call(Unknown Source)
	at com.kms.katalon.core.webui.keyword.builtin.VerifyElementNotPresentKeyword.verifyElementNotPresent(VerifyElementNotPresentKeyword.groovy:117)
	at com.kms.katalon.core.webui.keyword.builtin.VerifyElementNotPresentKeyword.execute(VerifyElementNotPresentKeyword.groovy:68)
	at com.kms.katalon.core.keyword.internal.KeywordExecutor.executeKeywordForPlatform(KeywordExecutor.groovy:74)
	at com.kms.katalon.core.webui.keyword.WebUiBuiltInKeywords.verifyElementNotPresent(WebUiBuiltInKeywords.groovy:1481)
	at com.kms.katalon.core.webui.keyword.WebUiBuiltInKeywords$verifyElementNotPresent$8.call(Unknown Source)
	at GetBrokSumPriceDaily.run(GetBrokSumPriceDaily:414)
	at com.kms.katalon.core.main.ScriptEngine.run(ScriptEngine.java:194)
	at com.kms.katalon.core.main.ScriptEngine.runScriptAsRawText(ScriptEngine.java:119)
	at com.kms.katalon.core.main.TestCaseExecutor.runScript(TestCaseExecutor.java:445)
	at com.kms.katalon.core.main.TestCaseExecutor.doExecute(TestCaseExecutor.java:436)
	at com.kms.katalon.core.main.TestCaseExecutor.processExecutionPhase(TestCaseExecutor.java:415)
	at com.kms.katalon.core.main.TestCaseExecutor.accessMainPhase(TestCaseExecutor.java:407)
	at com.kms.katalon.core.main.TestCaseExecutor.execute(TestCaseExecutor.java:284)
	at com.kms.katalon.core.common.CommonExecutor.accessTestCaseMainPhase(CommonExecutor.java:65)
	at com.kms.katalon.core.main.TestSuiteExecutor.accessTestSuiteMainPhase(TestSuiteExecutor.java:144)
	at com.kms.katalon.core.main.TestSuiteExecutor.execute(TestSuiteExecutor.java:106)
	at com.kms.katalon.core.main.TestCaseMain.startTestSuite(TestCaseMain.java:185)
	at com.kms.katalon.core.main.TestCaseMain$startTestSuite$0.call(Unknown Source)
	at TempTestSuite1705923140048.run(TempTestSuite1705923140048.groovy:36)
)

2024-01-22 18:48:04 - [MESSAGE][WARNING] - Web element with id: 'Object Repository/Stockbit/Bandarmology_Seller3' located by 'By.xpath: //*[contains(@id, 'rc-tabs-')]/div[2]/div/div/div/div/div/div[2]/table/tbody/tr[4]/td[5]/p' is present after '1' second(s) (Root cause: com.kms.katalon.core.exception.StepFailedException: Web element with id: 'Object Repository/Stockbit/Bandarmology_Seller3' located by 'By.xpath: //*[contains(@id, 'rc-tabs-')]/div[2]/div/div/div/div/div/div[2]/table/tbody/tr[4]/td[5]/p' is present after '1' second(s)
	at com.kms.katalon.core.webui.keyword.internal.WebUIKeywordMain.stepFailed(WebUIKeywordMain.groovy:64)
	at com.kms.katalon.core.webui.keyword.internal.WebUIKeywordMain$stepFailed$0.call(Unknown Source)
	at com.kms.katalon.core.webui.keyword.builtin.VerifyElementNotPresentKeyword$_verifyElementNotPresent_closure1.doCall(VerifyElementNotPresentKeyword.groovy:106)
	at com.kms.katalon.core.webui.keyword.builtin.VerifyElementNotPresentKeyword$_verifyElementNotPresent_closure1.doCall(VerifyElementNotPresentKeyword.groovy)
	at com.kms.katalon.core.webui.keyword.internal.WebUIKeywordMain.runKeyword(WebUIKeywordMain.groovy:20)
	at com.kms.katalon.core.webui.keyword.internal.WebUIKeywordMain$runKeyword.call(Unknown Source)
	at com.kms.katalon.core.webui.keyword.builtin.VerifyElementNotPresentKeyword.verifyElementNotPresent(VerifyElementNotPresentKeyword.groovy:117)
	at com.kms.katalon.core.webui.keyword.builtin.VerifyElementNotPresentKeyword.execute(VerifyElementNotPresentKeyword.groovy:68)
	at com.kms.katalon.core.keyword.internal.KeywordExecutor.executeKeywordForPlatform(KeywordExecutor.groovy:74)
	at com.kms.katalon.core.webui.keyword.WebUiBuiltInKeywords.verifyElementNotPresent(WebUiBuiltInKeywords.groovy:1481)
	at com.kms.katalon.core.webui.keyword.WebUiBuiltInKeywords$verifyElementNotPresent$8.call(Unknown Source)
	at GetBrokSumPriceDaily.run(GetBrokSumPriceDaily:414)
	at com.kms.katalon.core.main.ScriptEngine.run(ScriptEngine.java:194)
	at com.kms.katalon.core.main.ScriptEngine.runScriptAsRawText(ScriptEngine.java:119)
	at com.kms.katalon.core.main.TestCaseExecutor.runScript(TestCaseExecutor.java:445)
	at com.kms.katalon.core.main.TestCaseExecutor.doExecute(TestCaseExecutor.java:436)
	at com.kms.katalon.core.main.TestCaseExecutor.processExecutionPhase(TestCaseExecutor.java:415)
	at com.kms.katalon.core.main.TestCaseExecutor.accessMainPhase(TestCaseExecutor.java:407)
	at com.kms.katalon.core.main.TestCaseExecutor.execute(TestCaseExecutor.java:284)
	at com.kms.katalon.core.common.CommonExecutor.accessTestCaseMainPhase(CommonExecutor.java:65)
	at com.kms.katalon.core.main.TestSuiteExecutor.accessTestSuiteMainPhase(TestSuiteExecutor.java:144)
	at com.kms.katalon.core.main.TestSuiteExecutor.execute(TestSuiteExecutor.java:106)
	at com.kms.katalon.core.main.TestCaseMain.startTestSuite(TestCaseMain.java:185)
	at com.kms.katalon.core.main.TestCaseMain$startTestSuite$0.call(Unknown Source)
	at TempTestSuite1705923140048.run(TempTestSuite1705923140048.groovy:36)
)
[[ATTACHMENT|C:\\Users\\Fadli\\git\\KatalonDailyGetData2\\Reports\\20240122_174123\\TS1\\20240122_183220\\1705924084415.png]]

2024-01-22 18:48:04 - [TEST_STEP][PASSED] - else: null

2024-01-22 18:48:04 - [TEST_STEP][PASSED] - strSeller3 = getText(findTestObject("Stockbit/Bandarmology_Seller3")): Text of object 'Object Repository/Stockbit/Bandarmology_Seller3' is: 'KK'

2024-01-22 18:48:04 - [MESSAGE][PASSED] - Text of object 'Object Repository/Stockbit/Bandarmology_Seller3' is: 'KK'

2024-01-22 18:48:04 - [TEST_STEP][PASSED] - strSellerVol3 = getText(findTestObject("Stockbit/Bandarmology_SellerVol3")): Text of object 'Object Repository/Stockbit/Bandarmology_SellerVol3' is: '471'

2024-01-22 18:48:04 - [MESSAGE][PASSED] - Text of object 'Object Repository/Stockbit/Bandarmology_SellerVol3' is: '471'

2024-01-22 18:48:04 - [TEST_STEP][PASSED] - strSellerAvg3 = getText(findTestObject("Stockbit/Bandarmology_SellerAvg3")): Text of object 'Object Repository/Stockbit/Bandarmology_SellerAvg3' is: '165'

2024-01-22 18:48:05 - [MESSAGE][PASSED] - Text of object 'Object Repository/Stockbit/Bandarmology_SellerAvg3' is: '165'

2024-01-22 18:48:05 - [TEST_STEP][PASSED] - if (strSeller3 != ""): null

2024-01-22 18:48:05 - [TEST_STEP][PASSED] - if (strSellerAvg3.contains(",")): null

2024-01-22 18:48:05 - [TEST_STEP][PASSED] - if (strSellerVol3.contains(" B")): null

2024-01-22 18:48:05 - [TEST_STEP][PASSED] - strAccDist = getText(findTestObject("Stockbit/Bandarmology_AccDist")): Text of object 'Object Repository/Stockbit/Bandarmology_AccDist' is: 'Acc'

2024-01-22 18:48:05 - [MESSAGE][PASSED] - Text of object 'Object Repository/Stockbit/Bandarmology_AccDist' is: 'Acc'

2024-01-22 18:48:05 - [TEST_STEP][PASSED] - strNetVol = getText(findTestObject("Stockbit/Bandarmology_NetVol")): Text of object 'Object Repository/Stockbit/Bandarmology_NetVol' is: '2,588'

2024-01-22 18:48:05 - [MESSAGE][PASSED] - Text of object 'Object Repository/Stockbit/Bandarmology_NetVol' is: '2,588'

2024-01-22 18:48:05 - [TEST_STEP][PASSED] - strNetVol = strNetVol.replace(",", ""): null

2024-01-22 18:48:05 - [TEST_STEP][PASSED] - strNetVal = getText(findTestObject("Stockbit/Bandarmology_NetVal")): Text of object 'Object Repository/Stockbit/Bandarmology_NetVal' is: '0 B'

2024-01-22 18:48:05 - [MESSAGE][PASSED] - Text of object 'Object Repository/Stockbit/Bandarmology_NetVal' is: '0 B'

2024-01-22 18:48:05 - [TEST_STEP][PASSED] - delay(3): Delayed 3 second(s)

2024-01-22 18:48:08 - [MESSAGE][PASSED] - Delayed 3 second(s)

2024-01-22 18:48:08 - [TEST_STEP][PASSED] - strOpenPrice = getText(findTestObject("Stockbit/Home_OpenPrice")): Text of object 'Object Repository/Stockbit/Home_OpenPrice' is: '150'

2024-01-22 18:48:08 - [MESSAGE][PASSED] - Text of object 'Object Repository/Stockbit/Home_OpenPrice' is: '150'

2024-01-22 18:48:08 - [TEST_STEP][PASSED] - strOpenPrice = strOpenPrice.replace(",", ""): null

2024-01-22 18:48:08 - [TEST_STEP][PASSED] - strLowPrice = getText(findTestObject("Stockbit/Home_LowPrice")): Text of object 'Object Repository/Stockbit/Home_LowPrice' is: '150'

2024-01-22 18:48:08 - [MESSAGE][PASSED] - Text of object 'Object Repository/Stockbit/Home_LowPrice' is: '150'

2024-01-22 18:48:08 - [TEST_STEP][PASSED] - strLowPrice = strLowPrice.replace(",", ""): null

2024-01-22 18:48:08 - [TEST_STEP][PASSED] - strHighPrice = getText(findTestObject("Stockbit/Home_HighPrice")): Text of object 'Object Repository/Stockbit/Home_HighPrice' is: '175'

2024-01-22 18:48:09 - [MESSAGE][PASSED] - Text of object 'Object Repository/Stockbit/Home_HighPrice' is: '175'

2024-01-22 18:48:09 - [TEST_STEP][PASSED] - strHighPrice = strHighPrice.replace(",", ""): null

2024-01-22 18:48:09 - [TEST_STEP][PASSED] - strClosePrice = getText(findTestObject("Stockbit/Home_ClosePrice")): Text of object 'Object Repository/Stockbit/Home_ClosePrice' is: '160'

2024-01-22 18:48:09 - [MESSAGE][PASSED] - Text of object 'Object Repository/Stockbit/Home_ClosePrice' is: '160'

2024-01-22 18:48:09 - [TEST_STEP][PASSED] - strClosePrice = strClosePrice.replace(",", ""): null

2024-01-22 18:48:09 - [TEST_STEP][PASSED] - strVol = getText(findTestObject("Stockbit/Home_Volume")): Text of object 'Object Repository/Stockbit/Home_Volume' is: '9 K'

2024-01-22 18:48:09 - [MESSAGE][PASSED] - Text of object 'Object Repository/Stockbit/Home_Volume' is: '9 K'

2024-01-22 18:48:09 - [TEST_STEP][PASSED] - if (strVol.contains(" K")): null

2024-01-22 18:48:09 - [TEST_STEP][PASSED] - strVol = strVol.replace(" K", "000"): null

2024-01-22 18:48:09 - [TEST_STEP][PASSED] - if (strVol.contains(",")): null

2024-01-22 18:48:09 - [TEST_STEP][PASSED] - strChange = getText(findTestObject("Stockbit/Home_Change")): Text of object 'Object Repository/Stockbit/Home_Change' is: '3.90%'

2024-01-22 18:48:09 - [MESSAGE][PASSED] - Text of object 'Object Repository/Stockbit/Home_Change' is: '3.90%'

2024-01-22 18:48:09 - [TEST_STEP][PASSED] - strChange = strChange.replace("%", ""): null

2024-01-22 18:48:09 - [TEST_STEP][PASSED] - strFreq = getText(findTestObject("Stockbit/Home_Freq")): Text of object 'Object Repository/Stockbit/Home_Freq' is: '522'

2024-01-22 18:48:09 - [MESSAGE][PASSED] - Text of object 'Object Repository/Stockbit/Home_Freq' is: '522'

2024-01-22 18:48:09 - [TEST_STEP][PASSED] - if (strFreq.contains(",")): null

2024-01-22 18:48:09 - [TEST_STEP][PASSED] - if (strFreq == "NA" || strFreq == ""): null

2024-01-22 18:48:09 - [TEST_STEP][PASSED] - else: null

2024-01-22 18:48:09 - [TEST_STEP][PASSED] - dblFreqAnal = strVol.toDouble() / strFreq.toDouble() * strFreq.toDouble() * strFreq.toDouble() * 100000000: null

2024-01-22 18:48:09 - [TEST_STEP][PASSED] - strFreqAnal = String.format("%.4f", dblFreqAnal): null

2024-01-22 18:48:09 - [TEST_STEP][PASSED] - out.println("Double strFreqAnal: " + strFreqAnal): null

2024-01-22 18:48:09 - [TEST_STEP][PASSED] - strTanggal = d.format(DateTimeFormatter.ofPattern("yyyy-MM-dd")): null

2024-01-22 18:48:09 - [TEST_STEP][PASSED] - strTanggal = "#" + strTanggal + "#": null

2024-01-22 18:48:09 - [TEST_STEP][PASSED] - strSQL = "select count(*) as JumBaris from TblBrokSum where Nama = '" + strNama + "' and Tanggal = " + strTanggal + "": null

2024-01-22 18:48:09 - [TEST_STEP][PASSED] - resultSet = statement.executeQuery(strSQL): null

2024-01-22 18:48:09 - [TEST_STEP][PASSED] - resultSet.next(): null

2024-01-22 18:48:09 - [TEST_STEP][PASSED] - intJumBaris = resultSet.getInt("JumBaris"): null

2024-01-22 18:48:09 - [TEST_STEP][PASSED] - if (intJumBaris > 0): null

2024-01-22 18:48:09 - [TEST_STEP][PASSED] - else: null

2024-01-22 18:48:09 - [TEST_STEP][PASSED] - try: null

2024-01-22 18:48:09 - [TEST_STEP][PASSED] - out.println("Insert data"): null

2024-01-22 18:48:09 - [TEST_STEP][PASSED] - strSQL = "insert into TblBrokSum (nama, tanggal, top1, top2, top3, AllBrokAvg, AccDist, AvgRP, " + "Buyer1, BuyerVal1, BuyerAvg1, Seller1, SellerVal1, SellerAvg1, Buyer2, BuyerVal2, BuyerAvg2, " + "Seller2, SellerVal2, SellerAvg2, Buyer3, BuyerVal3, BuyerAvg3, Seller3, SellerVal3, SellerAvg3, NetVol, NetVal, " + "OpenPrice, LowPrice, HighPrice, ClosePrice, Volume, Change, Frekuensi, FrekAnal) " + "values ('" + strNama + "', " + strTanggal + ", '" + strTop1 + "', '" + strTop3 + "', '" + strTop5 + "', " + "'" + strAllBrokAvg + "', '" + strAccDist + "', " + intAvgRP + ", '" + strBuyer1 + "', '" + strBuyerVol1 + "', " + strBuyerAvg1 + ", " + "'" + strSeller1 + "', '" + strSellerVol1 + "', " + strSellerAvg1 + ", '" + strBuyer2 + "', '" + strBuyerVol2 + "', " + strBuyerAvg2 + ", " + "'" + strSeller2 + "', '" + strSellerVol2 + "', " + strSellerAvg2 + ", '" + strBuyer3 + "', '" + strBuyerVol3 + "', " + strBuyerAvg3 + ", " + "'" + strSeller3 + "', '" + strSellerVol3 + "', " + strSellerAvg3 + ", " + strNetVol + ", '" + strNetVal + "', " + "" + strOpenPrice + ", " + strLowPrice + ", " + strHighPrice + ", " + strClosePrice + ", '" + strVol + "', " + strChange + ", " + strFreq + ", " + strFreqAnal + ");": null

2024-01-22 18:48:09 - [TEST_STEP][PASSED] - out.println("strSQL = " + strSQL): null

2024-01-22 18:48:09 - [TEST_STEP][PASSED] - statement.executeUpdate(strSQL): null

2024-01-22 18:48:09 - [TEST_STEP][PASSED] - setValueToCellByIndex(sheet01, rowIndex, 4, "DONE"): null

2024-01-22 18:48:09 - [TEST_STEP][PASSED] - saveWorkbook(excelFilePath, workbook01): null

2024-01-22 18:48:09 - [TEST_STEP][PASSED] - waitForElementClickable(findTestObject("Stockbit/menu_Bandarmology"), 10): Object 'Object Repository/Stockbit/menu_Bandarmology' is clickable

2024-01-22 18:48:09 - [MESSAGE][PASSED] - Object 'Object Repository/Stockbit/menu_Bandarmology' is clickable

2024-01-22 18:48:09 - [TEST_STEP][PASSED] - click(findTestObject("Stockbit/menu_Bandarmology")): Object: 'Object Repository/Stockbit/menu_Bandarmology' is clicked on

2024-01-22 18:48:10 - [MESSAGE][PASSED] - Object: 'Object Repository/Stockbit/menu_Bandarmology' is clicked on

2024-01-22 18:48:10 - [TEST_STEP][PASSED] - strTemp = "NA": null

2024-01-22 18:48:10 - [TEST_STEP][PASSED] - if (getCellValueByIndex(sheet01, rowIndex, 4) != "DONE"): Object: 'Object Repository/Stockbit/menu_Bandarmology' is clicked on

2024-01-22 18:48:10 - [TEST_STEP][PASSED] - strNama = getCellValueByIndex(sheet01, rowIndex, 0): null

2024-01-22 18:48:10 - [TEST_STEP][PASSED] - navigateToUrl("https://stockbit.com/#/symbol/" + strNama): Navigate to 'https://stockbit.com/#/symbol/BULL' successfully

2024-01-22 18:48:11 - [MESSAGE][PASSED] - Navigate to 'https://stockbit.com/#/symbol/BULL' successfully

2024-01-22 18:48:11 - [TEST_STEP][PASSED] - waitForElementClickable(findTestObject("Stockbit/menu_Bandarmology"), 10): Object 'Object Repository/Stockbit/menu_Bandarmology' is clickable

2024-01-22 18:48:12 - [MESSAGE][PASSED] - Object 'Object Repository/Stockbit/menu_Bandarmology' is clickable

2024-01-22 18:48:12 - [TEST_STEP][PASSED] - click(findTestObject("Stockbit/menu_Bandarmology")): Object: 'Object Repository/Stockbit/menu_Bandarmology' is clicked on

2024-01-22 18:48:12 - [MESSAGE][PASSED] - Object: 'Object Repository/Stockbit/menu_Bandarmology' is clicked on

2024-01-22 18:48:12 - [TEST_STEP][PASSED] - strTanggal = d.format(DateTimeFormatter.ofPattern("MMM dd, yyyy")): null

2024-01-22 18:48:12 - [TEST_STEP][PASSED] - strTanggal = d.format(ISO_DATE): null

2024-01-22 18:48:12 - [TEST_STEP][PASSED] - out.println("strTanggal = " + strTanggal): null

2024-01-22 18:48:12 - [TEST_STEP][PASSED] - out.println("strNama = " + strNama): null

2024-01-22 18:48:12 - [TEST_STEP][PASSED] - out.println("Baris ke = " + rowIndex): null

2024-01-22 18:48:12 - [TEST_STEP][PASSED] - click(findTestObject("Stockbit/input__BandarmologyOpenStartDate")): Object: 'Object Repository/Stockbit/input__BandarmologyOpenStartDate' is clicked on

2024-01-22 18:48:14 - [MESSAGE][PASSED] - Object: 'Object Repository/Stockbit/input__BandarmologyOpenStartDate' is clicked on

2024-01-22 18:48:14 - [TEST_STEP][PASSED] - sendKeys(findTestObject("Stockbit/input__BandarmologyOpenStartDate"), Keys.chord(CONTROL, "a")): Keys 'CONTROL + a' sent to object: 'Object Repository/Stockbit/input__BandarmologyOpenStartDate'

2024-01-22 18:48:15 - [MESSAGE][PASSED] - Keys 'CONTROL + a' sent to object: 'Object Repository/Stockbit/input__BandarmologyOpenStartDate'

2024-01-22 18:48:15 - [TEST_STEP][PASSED] - sendKeys(findTestObject("Stockbit/input__BandarmologyOpenStartDate"), Keys.chord(BACK_SPACE)): Keys 'BACK_SPACE + ' sent to object: 'Object Repository/Stockbit/input__BandarmologyOpenStartDate'

2024-01-22 18:48:15 - [MESSAGE][PASSED] - Keys 'BACK_SPACE + ' sent to object: 'Object Repository/Stockbit/input__BandarmologyOpenStartDate'

2024-01-22 18:48:15 - [TEST_STEP][PASSED] - setText(findTestObject("Stockbit/input__BandarmologyOpenStartDate"), strTanggal): Text '2024-01-22' is set on object 'Object Repository/Stockbit/input__BandarmologyOpenStartDate'

2024-01-22 18:48:16 - [MESSAGE][PASSED] - Text '2024-01-22' is set on object 'Object Repository/Stockbit/input__BandarmologyOpenStartDate'

2024-01-22 18:48:16 - [TEST_STEP][PASSED] - sendKeys(findTestObject("Stockbit/input__BandarmologyOpenStartDate"), Keys.chord(ENTER)): Keys 'ENTER + ' sent to object: 'Object Repository/Stockbit/input__BandarmologyOpenStartDate'

2024-01-22 18:48:16 - [MESSAGE][PASSED] - Keys 'ENTER + ' sent to object: 'Object Repository/Stockbit/input__BandarmologyOpenStartDate'

2024-01-22 18:48:16 - [TEST_STEP][PASSED] - click(findTestObject("Stockbit/input__BandarmologyOpenEndDate")): Object: 'Object Repository/Stockbit/input__BandarmologyOpenEndDate' is clicked on

2024-01-22 18:48:17 - [MESSAGE][PASSED] - Object: 'Object Repository/Stockbit/input__BandarmologyOpenEndDate' is clicked on

2024-01-22 18:48:17 - [TEST_STEP][PASSED] - sendKeys(findTestObject("Stockbit/input__BandarmologyOpenEndDate"), Keys.chord(CONTROL, "a")): Keys 'CONTROL + a' sent to object: 'Object Repository/Stockbit/input__BandarmologyOpenEndDate'

2024-01-22 18:48:17 - [MESSAGE][PASSED] - Keys 'CONTROL + a' sent to object: 'Object Repository/Stockbit/input__BandarmologyOpenEndDate'

2024-01-22 18:48:17 - [TEST_STEP][PASSED] - sendKeys(findTestObject("Stockbit/input__BandarmologyOpenEndDate"), Keys.chord(BACK_SPACE)): Keys 'BACK_SPACE + ' sent to object: 'Object Repository/Stockbit/input__BandarmologyOpenEndDate'

2024-01-22 18:48:18 - [MESSAGE][PASSED] - Keys 'BACK_SPACE + ' sent to object: 'Object Repository/Stockbit/input__BandarmologyOpenEndDate'

2024-01-22 18:48:18 - [TEST_STEP][PASSED] - setText(findTestObject("Stockbit/input__BandarmologyOpenEndDate"), strTanggal): Text '2024-01-22' is set on object 'Object Repository/Stockbit/input__BandarmologyOpenEndDate'

2024-01-22 18:48:19 - [MESSAGE][PASSED] - Text '2024-01-22' is set on object 'Object Repository/Stockbit/input__BandarmologyOpenEndDate'

2024-01-22 18:48:19 - [TEST_STEP][PASSED] - sendKeys(findTestObject("Stockbit/input__BandarmologyOpenEndDate"), Keys.chord(ENTER)): Keys 'ENTER + ' sent to object: 'Object Repository/Stockbit/input__BandarmologyOpenEndDate'

2024-01-22 18:48:19 - [MESSAGE][PASSED] - Keys 'ENTER + ' sent to object: 'Object Repository/Stockbit/input__BandarmologyOpenEndDate'

2024-01-22 18:48:19 - [TEST_STEP][PASSED] - delay(2): Delayed 2 second(s)

2024-01-22 18:48:21 - [MESSAGE][PASSED] - Delayed 2 second(s)

2024-01-22 18:48:21 - [TEST_STEP][PASSED] - strTemp = getText(findTestObject("Stockbit/Bandarmology_AvgRP")): Text of object 'Object Repository/Stockbit/Bandarmology_AvgRP' is: '155'

2024-01-22 18:48:21 - [MESSAGE][PASSED] - Text of object 'Object Repository/Stockbit/Bandarmology_AvgRP' is: '155'

2024-01-22 18:48:21 - [TEST_STEP][PASSED] - out.println("Bandarmology_AvgRP = " + strTemp): null

2024-01-22 18:48:21 - [TEST_STEP][PASSED] - if (strTemp != "0"): null

2024-01-22 18:48:21 - [TEST_STEP][PASSED] - strTop1 = getText(findTestObject("Stockbit/Bandarmology_Top1")): Text of object 'Object Repository/Stockbit/Bandarmology_Top1' is: 'Neutral'

2024-01-22 18:48:22 - [MESSAGE][PASSED] - Text of object 'Object Repository/Stockbit/Bandarmology_Top1' is: 'Neutral'

2024-01-22 18:48:22 - [TEST_STEP][PASSED] - strTop3 = getText(findTestObject("Stockbit/Bandarmology_Top3")): Text of object 'Object Repository/Stockbit/Bandarmology_Top3' is: 'Big Dist'

2024-01-22 18:48:22 - [MESSAGE][PASSED] - Text of object 'Object Repository/Stockbit/Bandarmology_Top3' is: 'Big Dist'

2024-01-22 18:48:22 - [TEST_STEP][PASSED] - strTop5 = getText(findTestObject("Stockbit/Bandarmology_Top5")): Text of object 'Object Repository/Stockbit/Bandarmology_Top5' is: 'Small Dist'

2024-01-22 18:48:22 - [MESSAGE][PASSED] - Text of object 'Object Repository/Stockbit/Bandarmology_Top5' is: 'Small Dist'

2024-01-22 18:48:22 - [TEST_STEP][PASSED] - strAllBrokAvg = getText(findTestObject("Stockbit/Bandarmology_TopAVG")): Text of object 'Object Repository/Stockbit/Bandarmology_TopAVG' is: 'Normal Dist'

2024-01-22 18:48:22 - [MESSAGE][PASSED] - Text of object 'Object Repository/Stockbit/Bandarmology_TopAVG' is: 'Normal Dist'

2024-01-22 18:48:22 - [TEST_STEP][PASSED] - strTemp = getText(findTestObject("Stockbit/Bandarmology_AvgRP")): Text of object 'Object Repository/Stockbit/Bandarmology_AvgRP' is: '155'

2024-01-22 18:48:22 - [MESSAGE][PASSED] - Text of object 'Object Repository/Stockbit/Bandarmology_AvgRP' is: '155'

2024-01-22 18:48:22 - [TEST_STEP][PASSED] - if (strTemp.contains(",")): null

2024-01-22 18:48:22 - [TEST_STEP][PASSED] - intAvgRP = strTemp.toInteger(): null

2024-01-22 18:48:22 - [TEST_STEP][PASSED] - strBuyer1 = getText(findTestObject("Stockbit/Bandarmology_Buyer1")): Text of object 'Object Repository/Stockbit/Bandarmology_Buyer1' is: 'FS'

2024-01-22 18:48:23 - [MESSAGE][PASSED] - Text of object 'Object Repository/Stockbit/Bandarmology_Buyer1' is: 'FS'

2024-01-22 18:48:23 - [TEST_STEP][PASSED] - strBuyerVol1 = getText(findTestObject("Stockbit/Bandarmology_BuyerVol1")): Text of object 'Object Repository/Stockbit/Bandarmology_BuyerVol1' is: '347.3 K'

2024-01-22 18:48:23 - [MESSAGE][PASSED] - Text of object 'Object Repository/Stockbit/Bandarmology_BuyerVol1' is: '347.3 K'

2024-01-22 18:48:23 - [TEST_STEP][PASSED] - strBuyerAvg1 = getText(findTestObject("Stockbit/Bandarmology_BuyerAvg1")): Text of object 'Object Repository/Stockbit/Bandarmology_BuyerAvg1' is: '161'

2024-01-22 18:48:23 - [MESSAGE][PASSED] - Text of object 'Object Repository/Stockbit/Bandarmology_BuyerAvg1' is: '161'

2024-01-22 18:48:23 - [TEST_STEP][PASSED] - if (strBuyerAvg1.contains(",")): null

2024-01-22 18:48:23 - [TEST_STEP][PASSED] - if (strBuyerVol1.contains(" B")): null

2024-01-22 18:48:23 - [TEST_STEP][PASSED] - else if (strBuyerVol1.contains(" M")): null

2024-01-22 18:48:23 - [TEST_STEP][PASSED] - else if (strBuyerVol1.contains(" K")): null

2024-01-22 18:48:23 - [TEST_STEP][PASSED] - strBuyerVol1 = strBuyerVol1.replace(" K", ""): null

2024-01-22 18:48:23 - [TEST_STEP][PASSED] - strBuyerVol1 = strBuyerVol1.toDouble() * 1000: null

2024-01-22 18:48:23 - [TEST_STEP][PASSED] - strSeller1 = getText(findTestObject("Stockbit/Bandarmology_Seller1")): Text of object 'Object Repository/Stockbit/Bandarmology_Seller1' is: 'CP'

2024-01-22 18:48:23 - [MESSAGE][PASSED] - Text of object 'Object Repository/Stockbit/Bandarmology_Seller1' is: 'CP'

2024-01-22 18:48:23 - [TEST_STEP][PASSED] - strSellerVol1 = getText(findTestObject("Stockbit/Bandarmology_SellerVol1")): Text of object 'Object Repository/Stockbit/Bandarmology_SellerVol1' is: '398.5 K'

2024-01-22 18:48:23 - [MESSAGE][PASSED] - Text of object 'Object Repository/Stockbit/Bandarmology_SellerVol1' is: '398.5 K'

2024-01-22 18:48:23 - [TEST_STEP][PASSED] - strSellerAvg1 = getText(findTestObject("Stockbit/Bandarmology_SellerAvg1")): Text of object 'Object Repository/Stockbit/Bandarmology_SellerAvg1' is: '152'

2024-01-22 18:48:23 - [MESSAGE][PASSED] - Text of object 'Object Repository/Stockbit/Bandarmology_SellerAvg1' is: '152'

2024-01-22 18:48:23 - [TEST_STEP][PASSED] - if (strSellerAvg1.contains(",")): null

2024-01-22 18:48:23 - [TEST_STEP][PASSED] - if (strSellerVol1.contains(" B")): null

2024-01-22 18:48:23 - [TEST_STEP][PASSED] - else if (strSellerVol1.contains(" M")): null

2024-01-22 18:48:23 - [TEST_STEP][PASSED] - else if (strSellerVol1.contains(" K")): null

2024-01-22 18:48:23 - [TEST_STEP][PASSED] - strSellerVol1 = strSellerVol1.replace(" K", ""): null

2024-01-22 18:48:23 - [TEST_STEP][PASSED] - strSellerVol1 = strSellerVol1.toDouble() * 1000: null

2024-01-22 18:48:23 - [TEST_STEP][PASSED] - if (verifyElementNotPresent(findTestObject("Stockbit/Bandarmology_Buyer2"), 1, OPTIONAL)): Web element with id: 'Object Repository/Stockbit/Bandarmology_Buyer2' located by 'By.xpath: //*[contains(@id, 'rc-tabs-')]/div[2]/div/div/div/div/div/div[2]/table/tbody/tr[3]/td[1]/p' is present after '1' second(s) (Root cause: com.kms.katalon.core.exception.StepFailedException: Web element with id: 'Object Repository/Stockbit/Bandarmology_Buyer2' located by 'By.xpath: //*[contains(@id, 'rc-tabs-')]/div[2]/div/div/div/div/div/div[2]/table/tbody/tr[3]/td[1]/p' is present after '1' second(s)
	at com.kms.katalon.core.webui.keyword.internal.WebUIKeywordMain.stepFailed(WebUIKeywordMain.groovy:64)
	at com.kms.katalon.core.webui.keyword.internal.WebUIKeywordMain$stepFailed$0.call(Unknown Source)
	at com.kms.katalon.core.webui.keyword.builtin.VerifyElementNotPresentKeyword$_verifyElementNotPresent_closure1.doCall(VerifyElementNotPresentKeyword.groovy:106)
	at com.kms.katalon.core.webui.keyword.builtin.VerifyElementNotPresentKeyword$_verifyElementNotPresent_closure1.doCall(VerifyElementNotPresentKeyword.groovy)
	at com.kms.katalon.core.webui.keyword.internal.WebUIKeywordMain.runKeyword(WebUIKeywordMain.groovy:20)
	at com.kms.katalon.core.webui.keyword.internal.WebUIKeywordMain$runKeyword.call(Unknown Source)
	at com.kms.katalon.core.webui.keyword.builtin.VerifyElementNotPresentKeyword.verifyElementNotPresent(VerifyElementNotPresentKeyword.groovy:117)
	at com.kms.katalon.core.webui.keyword.builtin.VerifyElementNotPresentKeyword.execute(VerifyElementNotPresentKeyword.groovy:68)
	at com.kms.katalon.core.keyword.internal.KeywordExecutor.executeKeywordForPlatform(KeywordExecutor.groovy:74)
	at com.kms.katalon.core.webui.keyword.WebUiBuiltInKeywords.verifyElementNotPresent(WebUiBuiltInKeywords.groovy:1481)
	at com.kms.katalon.core.webui.keyword.WebUiBuiltInKeywords$verifyElementNotPresent$8.call(Unknown Source)
	at GetBrokSumPriceDaily.run(GetBrokSumPriceDaily:258)
	at com.kms.katalon.core.main.ScriptEngine.run(ScriptEngine.java:194)
	at com.kms.katalon.core.main.ScriptEngine.runScriptAsRawText(ScriptEngine.java:119)
	at com.kms.katalon.core.main.TestCaseExecutor.runScript(TestCaseExecutor.java:445)
	at com.kms.katalon.core.main.TestCaseExecutor.doExecute(TestCaseExecutor.java:436)
	at com.kms.katalon.core.main.TestCaseExecutor.processExecutionPhase(TestCaseExecutor.java:415)
	at com.kms.katalon.core.main.TestCaseExecutor.accessMainPhase(TestCaseExecutor.java:407)
	at com.kms.katalon.core.main.TestCaseExecutor.execute(TestCaseExecutor.java:284)
	at com.kms.katalon.core.common.CommonExecutor.accessTestCaseMainPhase(CommonExecutor.java:65)
	at com.kms.katalon.core.main.TestSuiteExecutor.accessTestSuiteMainPhase(TestSuiteExecutor.java:144)
	at com.kms.katalon.core.main.TestSuiteExecutor.execute(TestSuiteExecutor.java:106)
	at com.kms.katalon.core.main.TestCaseMain.startTestSuite(TestCaseMain.java:185)
	at com.kms.katalon.core.main.TestCaseMain$startTestSuite$0.call(Unknown Source)
	at TempTestSuite1705923140048.run(TempTestSuite1705923140048.groovy:36)
)

2024-01-22 18:48:25 - [MESSAGE][WARNING] - Web element with id: 'Object Repository/Stockbit/Bandarmology_Buyer2' located by 'By.xpath: //*[contains(@id, 'rc-tabs-')]/div[2]/div/div/div/div/div/div[2]/table/tbody/tr[3]/td[1]/p' is present after '1' second(s) (Root cause: com.kms.katalon.core.exception.StepFailedException: Web element with id: 'Object Repository/Stockbit/Bandarmology_Buyer2' located by 'By.xpath: //*[contains(@id, 'rc-tabs-')]/div[2]/div/div/div/div/div/div[2]/table/tbody/tr[3]/td[1]/p' is present after '1' second(s)
	at com.kms.katalon.core.webui.keyword.internal.WebUIKeywordMain.stepFailed(WebUIKeywordMain.groovy:64)
	at com.kms.katalon.core.webui.keyword.internal.WebUIKeywordMain$stepFailed$0.call(Unknown Source)
	at com.kms.katalon.core.webui.keyword.builtin.VerifyElementNotPresentKeyword$_verifyElementNotPresent_closure1.doCall(VerifyElementNotPresentKeyword.groovy:106)
	at com.kms.katalon.core.webui.keyword.builtin.VerifyElementNotPresentKeyword$_verifyElementNotPresent_closure1.doCall(VerifyElementNotPresentKeyword.groovy)
	at com.kms.katalon.core.webui.keyword.internal.WebUIKeywordMain.runKeyword(WebUIKeywordMain.groovy:20)
	at com.kms.katalon.core.webui.keyword.internal.WebUIKeywordMain$runKeyword.call(Unknown Source)
	at com.kms.katalon.core.webui.keyword.builtin.VerifyElementNotPresentKeyword.verifyElementNotPresent(VerifyElementNotPresentKeyword.groovy:117)
	at com.kms.katalon.core.webui.keyword.builtin.VerifyElementNotPresentKeyword.execute(VerifyElementNotPresentKeyword.groovy:68)
	at com.kms.katalon.core.keyword.internal.KeywordExecutor.executeKeywordForPlatform(KeywordExecutor.groovy:74)
	at com.kms.katalon.core.webui.keyword.WebUiBuiltInKeywords.verifyElementNotPresent(WebUiBuiltInKeywords.groovy:1481)
	at com.kms.katalon.core.webui.keyword.WebUiBuiltInKeywords$verifyElementNotPresent$8.call(Unknown Source)
	at GetBrokSumPriceDaily.run(GetBrokSumPriceDaily:258)
	at com.kms.katalon.core.main.ScriptEngine.run(ScriptEngine.java:194)
	at com.kms.katalon.core.main.ScriptEngine.runScriptAsRawText(ScriptEngine.java:119)
	at com.kms.katalon.core.main.TestCaseExecutor.runScript(TestCaseExecutor.java:445)
	at com.kms.katalon.core.main.TestCaseExecutor.doExecute(TestCaseExecutor.java:436)
	at com.kms.katalon.core.main.TestCaseExecutor.processExecutionPhase(TestCaseExecutor.java:415)
	at com.kms.katalon.core.main.TestCaseExecutor.accessMainPhase(TestCaseExecutor.java:407)
	at com.kms.katalon.core.main.TestCaseExecutor.execute(TestCaseExecutor.java:284)
	at com.kms.katalon.core.common.CommonExecutor.accessTestCaseMainPhase(CommonExecutor.java:65)
	at com.kms.katalon.core.main.TestSuiteExecutor.accessTestSuiteMainPhase(TestSuiteExecutor.java:144)
	at com.kms.katalon.core.main.TestSuiteExecutor.execute(TestSuiteExecutor.java:106)
	at com.kms.katalon.core.main.TestCaseMain.startTestSuite(TestCaseMain.java:185)
	at com.kms.katalon.core.main.TestCaseMain$startTestSuite$0.call(Unknown Source)
	at TempTestSuite1705923140048.run(TempTestSuite1705923140048.groovy:36)
)
[[ATTACHMENT|C:\\Users\\Fadli\\git\\KatalonDailyGetData2\\Reports\\20240122_174123\\TS1\\20240122_183220\\1705924105131.png]]

2024-01-22 18:48:25 - [TEST_STEP][PASSED] - else: null

2024-01-22 18:48:25 - [TEST_STEP][PASSED] - strBuyer2 = getText(findTestObject("Stockbit/Bandarmology_Buyer2")): Text of object 'Object Repository/Stockbit/Bandarmology_Buyer2' is: 'HD'

2024-01-22 18:48:25 - [MESSAGE][PASSED] - Text of object 'Object Repository/Stockbit/Bandarmology_Buyer2' is: 'HD'

2024-01-22 18:48:25 - [TEST_STEP][PASSED] - strBuyerVol2 = getText(findTestObject("Stockbit/Bandarmology_BuyerVol2")): Text of object 'Object Repository/Stockbit/Bandarmology_BuyerVol2' is: '175.4 K'

2024-01-22 18:48:25 - [MESSAGE][PASSED] - Text of object 'Object Repository/Stockbit/Bandarmology_BuyerVol2' is: '175.4 K'

2024-01-22 18:48:25 - [TEST_STEP][PASSED] - strBuyerAvg2 = getText(findTestObject("Stockbit/Bandarmology_BuyerAvg2")): Text of object 'Object Repository/Stockbit/Bandarmology_BuyerAvg2' is: '153'

2024-01-22 18:48:25 - [MESSAGE][PASSED] - Text of object 'Object Repository/Stockbit/Bandarmology_BuyerAvg2' is: '153'

2024-01-22 18:48:25 - [TEST_STEP][PASSED] - if (strBuyer2 != ""): null

2024-01-22 18:48:25 - [TEST_STEP][PASSED] - if (strBuyerAvg2.contains(",")): null

2024-01-22 18:48:25 - [TEST_STEP][PASSED] - if (strBuyerVol2.contains(" B")): null

2024-01-22 18:48:25 - [TEST_STEP][PASSED] - else if (strBuyerVol2.contains(" M")): null

2024-01-22 18:48:25 - [TEST_STEP][PASSED] - else if (strBuyerVol2.contains(" K")): null

2024-01-22 18:48:25 - [TEST_STEP][PASSED] - strBuyerVol2 = strBuyerVol2.replace(" K", ""): null

2024-01-22 18:48:25 - [TEST_STEP][PASSED] - strBuyerVol2 = strBuyerVol2.toDouble() * 1000: null

2024-01-22 18:48:25 - [TEST_STEP][PASSED] - if (strBuyerVol2.contains(".")): null

2024-01-22 18:48:25 - [TEST_STEP][PASSED] - strBuyerVal2 = strBuyerVol2.replace(".", ""): null

2024-01-22 18:48:25 - [TEST_STEP][PASSED] - if (verifyElementNotPresent(findTestObject("Stockbit/Bandarmology_Seller2"), 1, OPTIONAL)): Web element with id: 'Object Repository/Stockbit/Bandarmology_Seller2' located by 'By.xpath: //*[contains(@id, 'rc-tabs-')]/div[2]/div/div/div/div/div/div[2]/table/tbody/tr[3]/td[5]/p' is present after '1' second(s) (Root cause: com.kms.katalon.core.exception.StepFailedException: Web element with id: 'Object Repository/Stockbit/Bandarmology_Seller2' located by 'By.xpath: //*[contains(@id, 'rc-tabs-')]/div[2]/div/div/div/div/div/div[2]/table/tbody/tr[3]/td[5]/p' is present after '1' second(s)
	at com.kms.katalon.core.webui.keyword.internal.WebUIKeywordMain.stepFailed(WebUIKeywordMain.groovy:64)
	at com.kms.katalon.core.webui.keyword.internal.WebUIKeywordMain$stepFailed$0.call(Unknown Source)
	at com.kms.katalon.core.webui.keyword.builtin.VerifyElementNotPresentKeyword$_verifyElementNotPresent_closure1.doCall(VerifyElementNotPresentKeyword.groovy:106)
	at com.kms.katalon.core.webui.keyword.builtin.VerifyElementNotPresentKeyword$_verifyElementNotPresent_closure1.doCall(VerifyElementNotPresentKeyword.groovy)
	at com.kms.katalon.core.webui.keyword.internal.WebUIKeywordMain.runKeyword(WebUIKeywordMain.groovy:20)
	at com.kms.katalon.core.webui.keyword.internal.WebUIKeywordMain$runKeyword.call(Unknown Source)
	at com.kms.katalon.core.webui.keyword.builtin.VerifyElementNotPresentKeyword.verifyElementNotPresent(VerifyElementNotPresentKeyword.groovy:117)
	at com.kms.katalon.core.webui.keyword.builtin.VerifyElementNotPresentKeyword.execute(VerifyElementNotPresentKeyword.groovy:68)
	at com.kms.katalon.core.keyword.internal.KeywordExecutor.executeKeywordForPlatform(KeywordExecutor.groovy:74)
	at com.kms.katalon.core.webui.keyword.WebUiBuiltInKeywords.verifyElementNotPresent(WebUiBuiltInKeywords.groovy:1481)
	at com.kms.katalon.core.webui.keyword.WebUiBuiltInKeywords$verifyElementNotPresent$8.call(Unknown Source)
	at GetBrokSumPriceDaily.run(GetBrokSumPriceDaily:309)
	at com.kms.katalon.core.main.ScriptEngine.run(ScriptEngine.java:194)
	at com.kms.katalon.core.main.ScriptEngine.runScriptAsRawText(ScriptEngine.java:119)
	at com.kms.katalon.core.main.TestCaseExecutor.runScript(TestCaseExecutor.java:445)
	at com.kms.katalon.core.main.TestCaseExecutor.doExecute(TestCaseExecutor.java:436)
	at com.kms.katalon.core.main.TestCaseExecutor.processExecutionPhase(TestCaseExecutor.java:415)
	at com.kms.katalon.core.main.TestCaseExecutor.accessMainPhase(TestCaseExecutor.java:407)
	at com.kms.katalon.core.main.TestCaseExecutor.execute(TestCaseExecutor.java:284)
	at com.kms.katalon.core.common.CommonExecutor.accessTestCaseMainPhase(CommonExecutor.java:65)
	at com.kms.katalon.core.main.TestSuiteExecutor.accessTestSuiteMainPhase(TestSuiteExecutor.java:144)
	at com.kms.katalon.core.main.TestSuiteExecutor.execute(TestSuiteExecutor.java:106)
	at com.kms.katalon.core.main.TestCaseMain.startTestSuite(TestCaseMain.java:185)
	at com.kms.katalon.core.main.TestCaseMain$startTestSuite$0.call(Unknown Source)
	at TempTestSuite1705923140048.run(TempTestSuite1705923140048.groovy:36)
)

2024-01-22 18:48:27 - [MESSAGE][WARNING] - Web element with id: 'Object Repository/Stockbit/Bandarmology_Seller2' located by 'By.xpath: //*[contains(@id, 'rc-tabs-')]/div[2]/div/div/div/div/div/div[2]/table/tbody/tr[3]/td[5]/p' is present after '1' second(s) (Root cause: com.kms.katalon.core.exception.StepFailedException: Web element with id: 'Object Repository/Stockbit/Bandarmology_Seller2' located by 'By.xpath: //*[contains(@id, 'rc-tabs-')]/div[2]/div/div/div/div/div/div[2]/table/tbody/tr[3]/td[5]/p' is present after '1' second(s)
	at com.kms.katalon.core.webui.keyword.internal.WebUIKeywordMain.stepFailed(WebUIKeywordMain.groovy:64)
	at com.kms.katalon.core.webui.keyword.internal.WebUIKeywordMain$stepFailed$0.call(Unknown Source)
	at com.kms.katalon.core.webui.keyword.builtin.VerifyElementNotPresentKeyword$_verifyElementNotPresent_closure1.doCall(VerifyElementNotPresentKeyword.groovy:106)
	at com.kms.katalon.core.webui.keyword.builtin.VerifyElementNotPresentKeyword$_verifyElementNotPresent_closure1.doCall(VerifyElementNotPresentKeyword.groovy)
	at com.kms.katalon.core.webui.keyword.internal.WebUIKeywordMain.runKeyword(WebUIKeywordMain.groovy:20)
	at com.kms.katalon.core.webui.keyword.internal.WebUIKeywordMain$runKeyword.call(Unknown Source)
	at com.kms.katalon.core.webui.keyword.builtin.VerifyElementNotPresentKeyword.verifyElementNotPresent(VerifyElementNotPresentKeyword.groovy:117)
	at com.kms.katalon.core.webui.keyword.builtin.VerifyElementNotPresentKeyword.execute(VerifyElementNotPresentKeyword.groovy:68)
	at com.kms.katalon.core.keyword.internal.KeywordExecutor.executeKeywordForPlatform(KeywordExecutor.groovy:74)
	at com.kms.katalon.core.webui.keyword.WebUiBuiltInKeywords.verifyElementNotPresent(WebUiBuiltInKeywords.groovy:1481)
	at com.kms.katalon.core.webui.keyword.WebUiBuiltInKeywords$verifyElementNotPresent$8.call(Unknown Source)
	at GetBrokSumPriceDaily.run(GetBrokSumPriceDaily:309)
	at com.kms.katalon.core.main.ScriptEngine.run(ScriptEngine.java:194)
	at com.kms.katalon.core.main.ScriptEngine.runScriptAsRawText(ScriptEngine.java:119)
	at com.kms.katalon.core.main.TestCaseExecutor.runScript(TestCaseExecutor.java:445)
	at com.kms.katalon.core.main.TestCaseExecutor.doExecute(TestCaseExecutor.java:436)
	at com.kms.katalon.core.main.TestCaseExecutor.processExecutionPhase(TestCaseExecutor.java:415)
	at com.kms.katalon.core.main.TestCaseExecutor.accessMainPhase(TestCaseExecutor.java:407)
	at com.kms.katalon.core.main.TestCaseExecutor.execute(TestCaseExecutor.java:284)
	at com.kms.katalon.core.common.CommonExecutor.accessTestCaseMainPhase(CommonExecutor.java:65)
	at com.kms.katalon.core.main.TestSuiteExecutor.accessTestSuiteMainPhase(TestSuiteExecutor.java:144)
	at com.kms.katalon.core.main.TestSuiteExecutor.execute(TestSuiteExecutor.java:106)
	at com.kms.katalon.core.main.TestCaseMain.startTestSuite(TestCaseMain.java:185)
	at com.kms.katalon.core.main.TestCaseMain$startTestSuite$0.call(Unknown Source)
	at TempTestSuite1705923140048.run(TempTestSuite1705923140048.groovy:36)
)
[[ATTACHMENT|C:\\Users\\Fadli\\git\\KatalonDailyGetData2\\Reports\\20240122_174123\\TS1\\20240122_183220\\1705924107075.png]]

2024-01-22 18:48:27 - [TEST_STEP][PASSED] - else: null

2024-01-22 18:48:27 - [TEST_STEP][PASSED] - strSeller2 = getText(findTestObject("Stockbit/Bandarmology_Seller2")): Text of object 'Object Repository/Stockbit/Bandarmology_Seller2' is: 'YJ'

2024-01-22 18:48:27 - [MESSAGE][PASSED] - Text of object 'Object Repository/Stockbit/Bandarmology_Seller2' is: 'YJ'

2024-01-22 18:48:27 - [TEST_STEP][PASSED] - strSellerVol2 = getText(findTestObject("Stockbit/Bandarmology_SellerVol2")): Text of object 'Object Repository/Stockbit/Bandarmology_SellerVol2' is: '379 K'

2024-01-22 18:48:27 - [MESSAGE][PASSED] - Text of object 'Object Repository/Stockbit/Bandarmology_SellerVol2' is: '379 K'

2024-01-22 18:48:27 - [TEST_STEP][PASSED] - strSellerAvg2 = getText(findTestObject("Stockbit/Bandarmology_SellerAvg2")): Text of object 'Object Repository/Stockbit/Bandarmology_SellerAvg2' is: '158'

2024-01-22 18:48:27 - [MESSAGE][PASSED] - Text of object 'Object Repository/Stockbit/Bandarmology_SellerAvg2' is: '158'

2024-01-22 18:48:27 - [TEST_STEP][PASSED] - if (strSeller2 != ""): null

2024-01-22 18:48:27 - [TEST_STEP][PASSED] - if (strSellerAvg2.contains(",")): null

2024-01-22 18:48:27 - [TEST_STEP][PASSED] - if (strSellerVol2.contains(" B")): null

2024-01-22 18:48:27 - [TEST_STEP][PASSED] - else if (strSellerVol2.contains(" M")): null

2024-01-22 18:48:27 - [TEST_STEP][PASSED] - else if (strSellerVol2.contains(" K")): null

2024-01-22 18:48:27 - [TEST_STEP][PASSED] - strSellerVol2 = strSellerVol2.replace(" K", ""): null

2024-01-22 18:48:27 - [TEST_STEP][PASSED] - strSellerVol2 = strSellerVol2.toDouble() * 1000: null

2024-01-22 18:48:27 - [TEST_STEP][PASSED] - if (verifyElementNotPresent(findTestObject("Stockbit/Bandarmology_Buyer3"), 1, OPTIONAL)): Web element with id: 'Object Repository/Stockbit/Bandarmology_Buyer3' located by 'By.xpath: //*[contains(@id, 'rc-tabs-')]/div[2]/div/div/div/div/div/div[2]/table/tbody/tr[4]/td[1]/p' is present after '1' second(s) (Root cause: com.kms.katalon.core.exception.StepFailedException: Web element with id: 'Object Repository/Stockbit/Bandarmology_Buyer3' located by 'By.xpath: //*[contains(@id, 'rc-tabs-')]/div[2]/div/div/div/div/div/div[2]/table/tbody/tr[4]/td[1]/p' is present after '1' second(s)
	at com.kms.katalon.core.webui.keyword.internal.WebUIKeywordMain.stepFailed(WebUIKeywordMain.groovy:64)
	at com.kms.katalon.core.webui.keyword.internal.WebUIKeywordMain$stepFailed$0.call(Unknown Source)
	at com.kms.katalon.core.webui.keyword.builtin.VerifyElementNotPresentKeyword$_verifyElementNotPresent_closure1.doCall(VerifyElementNotPresentKeyword.groovy:106)
	at com.kms.katalon.core.webui.keyword.builtin.VerifyElementNotPresentKeyword$_verifyElementNotPresent_closure1.doCall(VerifyElementNotPresentKeyword.groovy)
	at com.kms.katalon.core.webui.keyword.internal.WebUIKeywordMain.runKeyword(WebUIKeywordMain.groovy:20)
	at com.kms.katalon.core.webui.keyword.internal.WebUIKeywordMain$runKeyword.call(Unknown Source)
	at com.kms.katalon.core.webui.keyword.builtin.VerifyElementNotPresentKeyword.verifyElementNotPresent(VerifyElementNotPresentKeyword.groovy:117)
	at com.kms.katalon.core.webui.keyword.builtin.VerifyElementNotPresentKeyword.execute(VerifyElementNotPresentKeyword.groovy:68)
	at com.kms.katalon.core.keyword.internal.KeywordExecutor.executeKeywordForPlatform(KeywordExecutor.groovy:74)
	at com.kms.katalon.core.webui.keyword.WebUiBuiltInKeywords.verifyElementNotPresent(WebUiBuiltInKeywords.groovy:1481)
	at com.kms.katalon.core.webui.keyword.WebUiBuiltInKeywords$verifyElementNotPresent$8.call(Unknown Source)
	at GetBrokSumPriceDaily.run(GetBrokSumPriceDaily:361)
	at com.kms.katalon.core.main.ScriptEngine.run(ScriptEngine.java:194)
	at com.kms.katalon.core.main.ScriptEngine.runScriptAsRawText(ScriptEngine.java:119)
	at com.kms.katalon.core.main.TestCaseExecutor.runScript(TestCaseExecutor.java:445)
	at com.kms.katalon.core.main.TestCaseExecutor.doExecute(TestCaseExecutor.java:436)
	at com.kms.katalon.core.main.TestCaseExecutor.processExecutionPhase(TestCaseExecutor.java:415)
	at com.kms.katalon.core.main.TestCaseExecutor.accessMainPhase(TestCaseExecutor.java:407)
	at com.kms.katalon.core.main.TestCaseExecutor.execute(TestCaseExecutor.java:284)
	at com.kms.katalon.core.common.CommonExecutor.accessTestCaseMainPhase(CommonExecutor.java:65)
	at com.kms.katalon.core.main.TestSuiteExecutor.accessTestSuiteMainPhase(TestSuiteExecutor.java:144)
	at com.kms.katalon.core.main.TestSuiteExecutor.execute(TestSuiteExecutor.java:106)
	at com.kms.katalon.core.main.TestCaseMain.startTestSuite(TestCaseMain.java:185)
	at com.kms.katalon.core.main.TestCaseMain$startTestSuite$0.call(Unknown Source)
	at TempTestSuite1705923140048.run(TempTestSuite1705923140048.groovy:36)
)

2024-01-22 18:48:29 - [MESSAGE][WARNING] - Web element with id: 'Object Repository/Stockbit/Bandarmology_Buyer3' located by 'By.xpath: //*[contains(@id, 'rc-tabs-')]/div[2]/div/div/div/div/div/div[2]/table/tbody/tr[4]/td[1]/p' is present after '1' second(s) (Root cause: com.kms.katalon.core.exception.StepFailedException: Web element with id: 'Object Repository/Stockbit/Bandarmology_Buyer3' located by 'By.xpath: //*[contains(@id, 'rc-tabs-')]/div[2]/div/div/div/div/div/div[2]/table/tbody/tr[4]/td[1]/p' is present after '1' second(s)
	at com.kms.katalon.core.webui.keyword.internal.WebUIKeywordMain.stepFailed(WebUIKeywordMain.groovy:64)
	at com.kms.katalon.core.webui.keyword.internal.WebUIKeywordMain$stepFailed$0.call(Unknown Source)
	at com.kms.katalon.core.webui.keyword.builtin.VerifyElementNotPresentKeyword$_verifyElementNotPresent_closure1.doCall(VerifyElementNotPresentKeyword.groovy:106)
	at com.kms.katalon.core.webui.keyword.builtin.VerifyElementNotPresentKeyword$_verifyElementNotPresent_closure1.doCall(VerifyElementNotPresentKeyword.groovy)
	at com.kms.katalon.core.webui.keyword.internal.WebUIKeywordMain.runKeyword(WebUIKeywordMain.groovy:20)
	at com.kms.katalon.core.webui.keyword.internal.WebUIKeywordMain$runKeyword.call(Unknown Source)
	at com.kms.katalon.core.webui.keyword.builtin.VerifyElementNotPresentKeyword.verifyElementNotPresent(VerifyElementNotPresentKeyword.groovy:117)
	at com.kms.katalon.core.webui.keyword.builtin.VerifyElementNotPresentKeyword.execute(VerifyElementNotPresentKeyword.groovy:68)
	at com.kms.katalon.core.keyword.internal.KeywordExecutor.executeKeywordForPlatform(KeywordExecutor.groovy:74)
	at com.kms.katalon.core.webui.keyword.WebUiBuiltInKeywords.verifyElementNotPresent(WebUiBuiltInKeywords.groovy:1481)
	at com.kms.katalon.core.webui.keyword.WebUiBuiltInKeywords$verifyElementNotPresent$8.call(Unknown Source)
	at GetBrokSumPriceDaily.run(GetBrokSumPriceDaily:361)
	at com.kms.katalon.core.main.ScriptEngine.run(ScriptEngine.java:194)
	at com.kms.katalon.core.main.ScriptEngine.runScriptAsRawText(ScriptEngine.java:119)
	at com.kms.katalon.core.main.TestCaseExecutor.runScript(TestCaseExecutor.java:445)
	at com.kms.katalon.core.main.TestCaseExecutor.doExecute(TestCaseExecutor.java:436)
	at com.kms.katalon.core.main.TestCaseExecutor.processExecutionPhase(TestCaseExecutor.java:415)
	at com.kms.katalon.core.main.TestCaseExecutor.accessMainPhase(TestCaseExecutor.java:407)
	at com.kms.katalon.core.main.TestCaseExecutor.execute(TestCaseExecutor.java:284)
	at com.kms.katalon.core.common.CommonExecutor.accessTestCaseMainPhase(CommonExecutor.java:65)
	at com.kms.katalon.core.main.TestSuiteExecutor.accessTestSuiteMainPhase(TestSuiteExecutor.java:144)
	at com.kms.katalon.core.main.TestSuiteExecutor.execute(TestSuiteExecutor.java:106)
	at com.kms.katalon.core.main.TestCaseMain.startTestSuite(TestCaseMain.java:185)
	at com.kms.katalon.core.main.TestCaseMain$startTestSuite$0.call(Unknown Source)
	at TempTestSuite1705923140048.run(TempTestSuite1705923140048.groovy:36)
)
[[ATTACHMENT|C:\\Users\\Fadli\\git\\KatalonDailyGetData2\\Reports\\20240122_174123\\TS1\\20240122_183220\\1705924108997.png]]

2024-01-22 18:48:29 - [TEST_STEP][PASSED] - else: null

2024-01-22 18:48:29 - [TEST_STEP][PASSED] - strBuyer3 = getText(findTestObject("Stockbit/Bandarmology_Buyer3")): Text of object 'Object Repository/Stockbit/Bandarmology_Buyer3' is: 'AK'

2024-01-22 18:48:29 - [MESSAGE][PASSED] - Text of object 'Object Repository/Stockbit/Bandarmology_Buyer3' is: 'AK'

2024-01-22 18:48:29 - [TEST_STEP][PASSED] - strBuyerVol3 = getText(findTestObject("Stockbit/Bandarmology_BuyerVol3")): Text of object 'Object Repository/Stockbit/Bandarmology_BuyerVol3' is: '137.3 K'

2024-01-22 18:48:29 - [MESSAGE][PASSED] - Text of object 'Object Repository/Stockbit/Bandarmology_BuyerVol3' is: '137.3 K'

2024-01-22 18:48:29 - [TEST_STEP][PASSED] - strBuyerAvg3 = getText(findTestObject("Stockbit/Bandarmology_BuyerAvg3")): Text of object 'Object Repository/Stockbit/Bandarmology_BuyerAvg3' is: '158'

2024-01-22 18:48:29 - [MESSAGE][PASSED] - Text of object 'Object Repository/Stockbit/Bandarmology_BuyerAvg3' is: '158'

2024-01-22 18:48:29 - [TEST_STEP][PASSED] - if (strBuyer3 != ""): null

2024-01-22 18:48:29 - [TEST_STEP][PASSED] - if (strBuyerAvg3.contains(",")): null

2024-01-22 18:48:29 - [TEST_STEP][PASSED] - if (strBuyerVol3.contains(" B")): null

2024-01-22 18:48:29 - [TEST_STEP][PASSED] - else if (strBuyerVol3.contains(" M")): null

2024-01-22 18:48:29 - [TEST_STEP][PASSED] - else if (strBuyerVol3.contains(" K")): null

2024-01-22 18:48:29 - [TEST_STEP][PASSED] - strBuyerVol3 = strBuyerVol3.replace(" K", ""): null

2024-01-22 18:48:29 - [TEST_STEP][PASSED] - strBuyerVol3 = strBuyerVol3.toDouble() * 1000: null

2024-01-22 18:48:29 - [TEST_STEP][PASSED] - if (verifyElementNotPresent(findTestObject("Stockbit/Bandarmology_Seller3"), 1, OPTIONAL)): Web element with id: 'Object Repository/Stockbit/Bandarmology_Seller3' located by 'By.xpath: //*[contains(@id, 'rc-tabs-')]/div[2]/div/div/div/div/div/div[2]/table/tbody/tr[4]/td[5]/p' is present after '1' second(s) (Root cause: com.kms.katalon.core.exception.StepFailedException: Web element with id: 'Object Repository/Stockbit/Bandarmology_Seller3' located by 'By.xpath: //*[contains(@id, 'rc-tabs-')]/div[2]/div/div/div/div/div/div[2]/table/tbody/tr[4]/td[5]/p' is present after '1' second(s)
	at com.kms.katalon.core.webui.keyword.internal.WebUIKeywordMain.stepFailed(WebUIKeywordMain.groovy:64)
	at com.kms.katalon.core.webui.keyword.internal.WebUIKeywordMain$stepFailed$0.call(Unknown Source)
	at com.kms.katalon.core.webui.keyword.builtin.VerifyElementNotPresentKeyword$_verifyElementNotPresent_closure1.doCall(VerifyElementNotPresentKeyword.groovy:106)
	at com.kms.katalon.core.webui.keyword.builtin.VerifyElementNotPresentKeyword$_verifyElementNotPresent_closure1.doCall(VerifyElementNotPresentKeyword.groovy)
	at com.kms.katalon.core.webui.keyword.internal.WebUIKeywordMain.runKeyword(WebUIKeywordMain.groovy:20)
	at com.kms.katalon.core.webui.keyword.internal.WebUIKeywordMain$runKeyword.call(Unknown Source)
	at com.kms.katalon.core.webui.keyword.builtin.VerifyElementNotPresentKeyword.verifyElementNotPresent(VerifyElementNotPresentKeyword.groovy:117)
	at com.kms.katalon.core.webui.keyword.builtin.VerifyElementNotPresentKeyword.execute(VerifyElementNotPresentKeyword.groovy:68)
	at com.kms.katalon.core.keyword.internal.KeywordExecutor.executeKeywordForPlatform(KeywordExecutor.groovy:74)
	at com.kms.katalon.core.webui.keyword.WebUiBuiltInKeywords.verifyElementNotPresent(WebUiBuiltInKeywords.groovy:1481)
	at com.kms.katalon.core.webui.keyword.WebUiBuiltInKeywords$verifyElementNotPresent$8.call(Unknown Source)
	at GetBrokSumPriceDaily.run(GetBrokSumPriceDaily:414)
	at com.kms.katalon.core.main.ScriptEngine.run(ScriptEngine.java:194)
	at com.kms.katalon.core.main.ScriptEngine.runScriptAsRawText(ScriptEngine.java:119)
	at com.kms.katalon.core.main.TestCaseExecutor.runScript(TestCaseExecutor.java:445)
	at com.kms.katalon.core.main.TestCaseExecutor.doExecute(TestCaseExecutor.java:436)
	at com.kms.katalon.core.main.TestCaseExecutor.processExecutionPhase(TestCaseExecutor.java:415)
	at com.kms.katalon.core.main.TestCaseExecutor.accessMainPhase(TestCaseExecutor.java:407)
	at com.kms.katalon.core.main.TestCaseExecutor.execute(TestCaseExecutor.java:284)
	at com.kms.katalon.core.common.CommonExecutor.accessTestCaseMainPhase(CommonExecutor.java:65)
	at com.kms.katalon.core.main.TestSuiteExecutor.accessTestSuiteMainPhase(TestSuiteExecutor.java:144)
	at com.kms.katalon.core.main.TestSuiteExecutor.execute(TestSuiteExecutor.java:106)
	at com.kms.katalon.core.main.TestCaseMain.startTestSuite(TestCaseMain.java:185)
	at com.kms.katalon.core.main.TestCaseMain$startTestSuite$0.call(Unknown Source)
	at TempTestSuite1705923140048.run(TempTestSuite1705923140048.groovy:36)
)

2024-01-22 18:48:31 - [MESSAGE][WARNING] - Web element with id: 'Object Repository/Stockbit/Bandarmology_Seller3' located by 'By.xpath: //*[contains(@id, 'rc-tabs-')]/div[2]/div/div/div/div/div/div[2]/table/tbody/tr[4]/td[5]/p' is present after '1' second(s) (Root cause: com.kms.katalon.core.exception.StepFailedException: Web element with id: 'Object Repository/Stockbit/Bandarmology_Seller3' located by 'By.xpath: //*[contains(@id, 'rc-tabs-')]/div[2]/div/div/div/div/div/div[2]/table/tbody/tr[4]/td[5]/p' is present after '1' second(s)
	at com.kms.katalon.core.webui.keyword.internal.WebUIKeywordMain.stepFailed(WebUIKeywordMain.groovy:64)
	at com.kms.katalon.core.webui.keyword.internal.WebUIKeywordMain$stepFailed$0.call(Unknown Source)
	at com.kms.katalon.core.webui.keyword.builtin.VerifyElementNotPresentKeyword$_verifyElementNotPresent_closure1.doCall(VerifyElementNotPresentKeyword.groovy:106)
	at com.kms.katalon.core.webui.keyword.builtin.VerifyElementNotPresentKeyword$_verifyElementNotPresent_closure1.doCall(VerifyElementNotPresentKeyword.groovy)
	at com.kms.katalon.core.webui.keyword.internal.WebUIKeywordMain.runKeyword(WebUIKeywordMain.groovy:20)
	at com.kms.katalon.core.webui.keyword.internal.WebUIKeywordMain$runKeyword.call(Unknown Source)
	at com.kms.katalon.core.webui.keyword.builtin.VerifyElementNotPresentKeyword.verifyElementNotPresent(VerifyElementNotPresentKeyword.groovy:117)
	at com.kms.katalon.core.webui.keyword.builtin.VerifyElementNotPresentKeyword.execute(VerifyElementNotPresentKeyword.groovy:68)
	at com.kms.katalon.core.keyword.internal.KeywordExecutor.executeKeywordForPlatform(KeywordExecutor.groovy:74)
	at com.kms.katalon.core.webui.keyword.WebUiBuiltInKeywords.verifyElementNotPresent(WebUiBuiltInKeywords.groovy:1481)
	at com.kms.katalon.core.webui.keyword.WebUiBuiltInKeywords$verifyElementNotPresent$8.call(Unknown Source)
	at GetBrokSumPriceDaily.run(GetBrokSumPriceDaily:414)
	at com.kms.katalon.core.main.ScriptEngine.run(ScriptEngine.java:194)
	at com.kms.katalon.core.main.ScriptEngine.runScriptAsRawText(ScriptEngine.java:119)
	at com.kms.katalon.core.main.TestCaseExecutor.runScript(TestCaseExecutor.java:445)
	at com.kms.katalon.core.main.TestCaseExecutor.doExecute(TestCaseExecutor.java:436)
	at com.kms.katalon.core.main.TestCaseExecutor.processExecutionPhase(TestCaseExecutor.java:415)
	at com.kms.katalon.core.main.TestCaseExecutor.accessMainPhase(TestCaseExecutor.java:407)
	at com.kms.katalon.core.main.TestCaseExecutor.execute(TestCaseExecutor.java:284)
	at com.kms.katalon.core.common.CommonExecutor.accessTestCaseMainPhase(CommonExecutor.java:65)
	at com.kms.katalon.core.main.TestSuiteExecutor.accessTestSuiteMainPhase(TestSuiteExecutor.java:144)
	at com.kms.katalon.core.main.TestSuiteExecutor.execute(TestSuiteExecutor.java:106)
	at com.kms.katalon.core.main.TestCaseMain.startTestSuite(TestCaseMain.java:185)
	at com.kms.katalon.core.main.TestCaseMain$startTestSuite$0.call(Unknown Source)
	at TempTestSuite1705923140048.run(TempTestSuite1705923140048.groovy:36)
)
[[ATTACHMENT|C:\\Users\\Fadli\\git\\KatalonDailyGetData2\\Reports\\20240122_174123\\TS1\\20240122_183220\\1705924110939.png]]

2024-01-22 18:48:31 - [TEST_STEP][PASSED] - else: null

2024-01-22 18:48:31 - [TEST_STEP][PASSED] - strSeller3 = getText(findTestObject("Stockbit/Bandarmology_Seller3")): Text of object 'Object Repository/Stockbit/Bandarmology_Seller3' is: 'IN'

2024-01-22 18:48:31 - [MESSAGE][PASSED] - Text of object 'Object Repository/Stockbit/Bandarmology_Seller3' is: 'IN'

2024-01-22 18:48:31 - [TEST_STEP][PASSED] - strSellerVol3 = getText(findTestObject("Stockbit/Bandarmology_SellerVol3")): Text of object 'Object Repository/Stockbit/Bandarmology_SellerVol3' is: '129.9 K'

2024-01-22 18:48:31 - [MESSAGE][PASSED] - Text of object 'Object Repository/Stockbit/Bandarmology_SellerVol3' is: '129.9 K'

2024-01-22 18:48:31 - [TEST_STEP][PASSED] - strSellerAvg3 = getText(findTestObject("Stockbit/Bandarmology_SellerAvg3")): Text of object 'Object Repository/Stockbit/Bandarmology_SellerAvg3' is: '154'

2024-01-22 18:48:31 - [MESSAGE][PASSED] - Text of object 'Object Repository/Stockbit/Bandarmology_SellerAvg3' is: '154'

2024-01-22 18:48:31 - [TEST_STEP][PASSED] - if (strSeller3 != ""): null

2024-01-22 18:48:31 - [TEST_STEP][PASSED] - if (strSellerAvg3.contains(",")): null

2024-01-22 18:48:31 - [TEST_STEP][PASSED] - if (strSellerVol3.contains(" B")): null

2024-01-22 18:48:31 - [TEST_STEP][PASSED] - else if (strSellerVol3.contains(" M")): null

2024-01-22 18:48:31 - [TEST_STEP][PASSED] - else if (strSellerVol3.contains(" K")): null

2024-01-22 18:48:31 - [TEST_STEP][PASSED] - strSellerVol3 = strSellerVol3.replace(" K", ""): null

2024-01-22 18:48:31 - [TEST_STEP][PASSED] - strSellerVol3 = strSellerVol3.toDouble() * 1000: null

2024-01-22 18:48:31 - [TEST_STEP][PASSED] - strAccDist = getText(findTestObject("Stockbit/Bandarmology_AccDist")): Text of object 'Object Repository/Stockbit/Bandarmology_AccDist' is: 'Dist'

2024-01-22 18:48:31 - [MESSAGE][PASSED] - Text of object 'Object Repository/Stockbit/Bandarmology_AccDist' is: 'Dist'

2024-01-22 18:48:31 - [TEST_STEP][PASSED] - strNetVol = getText(findTestObject("Stockbit/Bandarmology_NetVol")): Text of object 'Object Repository/Stockbit/Bandarmology_NetVol' is: '1,029,392'

2024-01-22 18:48:32 - [MESSAGE][PASSED] - Text of object 'Object Repository/Stockbit/Bandarmology_NetVol' is: '1,029,392'

2024-01-22 18:48:32 - [TEST_STEP][PASSED] - strNetVol = strNetVol.replace(",", ""): null

2024-01-22 18:48:32 - [TEST_STEP][PASSED] - strNetVal = getText(findTestObject("Stockbit/Bandarmology_NetVal")): Text of object 'Object Repository/Stockbit/Bandarmology_NetVal' is: '16 B'

2024-01-22 18:48:32 - [MESSAGE][PASSED] - Text of object 'Object Repository/Stockbit/Bandarmology_NetVal' is: '16 B'

2024-01-22 18:48:32 - [TEST_STEP][PASSED] - delay(3): Delayed 3 second(s)

2024-01-22 18:48:35 - [MESSAGE][PASSED] - Delayed 3 second(s)

2024-01-22 18:48:35 - [TEST_STEP][PASSED] - strOpenPrice = getText(findTestObject("Stockbit/Home_OpenPrice")): Text of object 'Object Repository/Stockbit/Home_OpenPrice' is: '162'

2024-01-22 18:48:35 - [MESSAGE][PASSED] - Text of object 'Object Repository/Stockbit/Home_OpenPrice' is: '162'

2024-01-22 18:48:35 - [TEST_STEP][PASSED] - strOpenPrice = strOpenPrice.replace(",", ""): null

2024-01-22 18:48:35 - [TEST_STEP][PASSED] - strLowPrice = getText(findTestObject("Stockbit/Home_LowPrice")): Text of object 'Object Repository/Stockbit/Home_LowPrice' is: '150'

2024-01-22 18:48:35 - [MESSAGE][PASSED] - Text of object 'Object Repository/Stockbit/Home_LowPrice' is: '150'

2024-01-22 18:48:35 - [TEST_STEP][PASSED] - strLowPrice = strLowPrice.replace(",", ""): null

2024-01-22 18:48:35 - [TEST_STEP][PASSED] - strHighPrice = getText(findTestObject("Stockbit/Home_HighPrice")): Text of object 'Object Repository/Stockbit/Home_HighPrice' is: '165'

2024-01-22 18:48:35 - [MESSAGE][PASSED] - Text of object 'Object Repository/Stockbit/Home_HighPrice' is: '165'

2024-01-22 18:48:35 - [TEST_STEP][PASSED] - strHighPrice = strHighPrice.replace(",", ""): null

2024-01-22 18:48:35 - [TEST_STEP][PASSED] - strClosePrice = getText(findTestObject("Stockbit/Home_ClosePrice")): Text of object 'Object Repository/Stockbit/Home_ClosePrice' is: '160'

2024-01-22 18:48:35 - [MESSAGE][PASSED] - Text of object 'Object Repository/Stockbit/Home_ClosePrice' is: '160'

2024-01-22 18:48:35 - [TEST_STEP][PASSED] - strClosePrice = strClosePrice.replace(",", ""): null

2024-01-22 18:48:35 - [TEST_STEP][PASSED] - strVol = getText(findTestObject("Stockbit/Home_Volume")): Text of object 'Object Repository/Stockbit/Home_Volume' is: '1,704 K'

2024-01-22 18:48:36 - [MESSAGE][PASSED] - Text of object 'Object Repository/Stockbit/Home_Volume' is: '1,704 K'

2024-01-22 18:48:36 - [TEST_STEP][PASSED] - if (strVol.contains(" K")): null

2024-01-22 18:48:36 - [TEST_STEP][PASSED] - strVol = strVol.replace(" K", "000"): null

2024-01-22 18:48:36 - [TEST_STEP][PASSED] - if (strVol.contains(",")): null

2024-01-22 18:48:36 - [TEST_STEP][PASSED] - strVol = strVol.replace(",", ""): null

2024-01-22 18:48:36 - [TEST_STEP][PASSED] - strChange = getText(findTestObject("Stockbit/Home_Change")): Text of object 'Object Repository/Stockbit/Home_Change' is: '-0.62%'

2024-01-22 18:48:36 - [MESSAGE][PASSED] - Text of object 'Object Repository/Stockbit/Home_Change' is: '-0.62%'

2024-01-22 18:48:36 - [TEST_STEP][PASSED] - strChange = strChange.replace("%", ""): null

2024-01-22 18:48:36 - [TEST_STEP][PASSED] - strFreq = getText(findTestObject("Stockbit/Home_Freq")): Text of object 'Object Repository/Stockbit/Home_Freq' is: '2,711'

2024-01-22 18:48:36 - [MESSAGE][PASSED] - Text of object 'Object Repository/Stockbit/Home_Freq' is: '2,711'

2024-01-22 18:48:36 - [TEST_STEP][PASSED] - if (strFreq.contains(",")): null

2024-01-22 18:48:36 - [TEST_STEP][PASSED] - strFreq = strFreq.replace(",", ""): null

2024-01-22 18:48:36 - [TEST_STEP][PASSED] - if (strFreq == "NA" || strFreq == ""): null

2024-01-22 18:48:36 - [TEST_STEP][PASSED] - else: null

2024-01-22 18:48:36 - [TEST_STEP][PASSED] - dblFreqAnal = strVol.toDouble() / strFreq.toDouble() * strFreq.toDouble() * strFreq.toDouble() * 100000000: null

2024-01-22 18:48:36 - [TEST_STEP][PASSED] - strFreqAnal = String.format("%.4f", dblFreqAnal): null

2024-01-22 18:48:36 - [TEST_STEP][PASSED] - out.println("Double strFreqAnal: " + strFreqAnal): null

2024-01-22 18:48:36 - [TEST_STEP][PASSED] - strTanggal = d.format(DateTimeFormatter.ofPattern("yyyy-MM-dd")): null

2024-01-22 18:48:36 - [TEST_STEP][PASSED] - strTanggal = "#" + strTanggal + "#": null

2024-01-22 18:48:36 - [TEST_STEP][PASSED] - strSQL = "select count(*) as JumBaris from TblBrokSum where Nama = '" + strNama + "' and Tanggal = " + strTanggal + "": null

2024-01-22 18:48:36 - [TEST_STEP][PASSED] - resultSet = statement.executeQuery(strSQL): null

2024-01-22 18:48:36 - [TEST_STEP][PASSED] - resultSet.next(): null

2024-01-22 18:48:36 - [TEST_STEP][PASSED] - intJumBaris = resultSet.getInt("JumBaris"): null

2024-01-22 18:48:36 - [TEST_STEP][PASSED] - if (intJumBaris > 0): null

2024-01-22 18:48:36 - [TEST_STEP][PASSED] - else: null

2024-01-22 18:48:36 - [TEST_STEP][PASSED] - try: null

2024-01-22 18:48:36 - [TEST_STEP][PASSED] - out.println("Insert data"): null

2024-01-22 18:48:36 - [TEST_STEP][PASSED] - strSQL = "insert into TblBrokSum (nama, tanggal, top1, top2, top3, AllBrokAvg, AccDist, AvgRP, " + "Buyer1, BuyerVal1, BuyerAvg1, Seller1, SellerVal1, SellerAvg1, Buyer2, BuyerVal2, BuyerAvg2, " + "Seller2, SellerVal2, SellerAvg2, Buyer3, BuyerVal3, BuyerAvg3, Seller3, SellerVal3, SellerAvg3, NetVol, NetVal, " + "OpenPrice, LowPrice, HighPrice, ClosePrice, Volume, Change, Frekuensi, FrekAnal) " + "values ('" + strNama + "', " + strTanggal + ", '" + strTop1 + "', '" + strTop3 + "', '" + strTop5 + "', " + "'" + strAllBrokAvg + "', '" + strAccDist + "', " + intAvgRP + ", '" + strBuyer1 + "', '" + strBuyerVol1 + "', " + strBuyerAvg1 + ", " + "'" + strSeller1 + "', '" + strSellerVol1 + "', " + strSellerAvg1 + ", '" + strBuyer2 + "', '" + strBuyerVol2 + "', " + strBuyerAvg2 + ", " + "'" + strSeller2 + "', '" + strSellerVol2 + "', " + strSellerAvg2 + ", '" + strBuyer3 + "', '" + strBuyerVol3 + "', " + strBuyerAvg3 + ", " + "'" + strSeller3 + "', '" + strSellerVol3 + "', " + strSellerAvg3 + ", " + strNetVol + ", '" + strNetVal + "', " + "" + strOpenPrice + ", " + strLowPrice + ", " + strHighPrice + ", " + strClosePrice + ", '" + strVol + "', " + strChange + ", " + strFreq + ", " + strFreqAnal + ");": null

2024-01-22 18:48:36 - [TEST_STEP][PASSED] - out.println("strSQL = " + strSQL): null

2024-01-22 18:48:36 - [TEST_STEP][PASSED] - statement.executeUpdate(strSQL): null

2024-01-22 18:48:36 - [TEST_STEP][PASSED] - setValueToCellByIndex(sheet01, rowIndex, 4, "DONE"): null

2024-01-22 18:48:36 - [TEST_STEP][PASSED] - saveWorkbook(excelFilePath, workbook01): null

2024-01-22 18:48:36 - [TEST_STEP][PASSED] - waitForElementClickable(findTestObject("Stockbit/menu_Bandarmology"), 10): Object 'Object Repository/Stockbit/menu_Bandarmology' is clickable

2024-01-22 18:48:36 - [MESSAGE][PASSED] - Object 'Object Repository/Stockbit/menu_Bandarmology' is clickable

2024-01-22 18:48:36 - [TEST_STEP][PASSED] - click(findTestObject("Stockbit/menu_Bandarmology")): Object: 'Object Repository/Stockbit/menu_Bandarmology' is clicked on

2024-01-22 18:48:37 - [MESSAGE][PASSED] - Object: 'Object Repository/Stockbit/menu_Bandarmology' is clicked on

2024-01-22 18:48:37 - [TEST_STEP][PASSED] - strTemp = "NA": null

2024-01-22 18:48:37 - [TEST_STEP][PASSED] - if (getCellValueByIndex(sheet01, rowIndex, 4) != "DONE"): Object: 'Object Repository/Stockbit/menu_Bandarmology' is clicked on

2024-01-22 18:48:37 - [TEST_STEP][PASSED] - strNama = getCellValueByIndex(sheet01, rowIndex, 0): null

2024-01-22 18:48:37 - [TEST_STEP][PASSED] - navigateToUrl("https://stockbit.com/#/symbol/" + strNama): Navigate to 'https://stockbit.com/#/symbol/KPIG' successfully

2024-01-22 18:48:39 - [MESSAGE][PASSED] - Navigate to 'https://stockbit.com/#/symbol/KPIG' successfully

2024-01-22 18:48:39 - [TEST_STEP][PASSED] - waitForElementClickable(findTestObject("Stockbit/menu_Bandarmology"), 10): Object 'Object Repository/Stockbit/menu_Bandarmology' is clickable

2024-01-22 18:48:39 - [MESSAGE][PASSED] - Object 'Object Repository/Stockbit/menu_Bandarmology' is clickable

2024-01-22 18:48:39 - [TEST_STEP][PASSED] - click(findTestObject("Stockbit/menu_Bandarmology")): Object: 'Object Repository/Stockbit/menu_Bandarmology' is clicked on

2024-01-22 18:48:40 - [MESSAGE][PASSED] - Object: 'Object Repository/Stockbit/menu_Bandarmology' is clicked on

2024-01-22 18:48:40 - [TEST_STEP][PASSED] - strTanggal = d.format(DateTimeFormatter.ofPattern("MMM dd, yyyy")): null

2024-01-22 18:48:40 - [TEST_STEP][PASSED] - strTanggal = d.format(ISO_DATE): null

2024-01-22 18:48:40 - [TEST_STEP][PASSED] - out.println("strTanggal = " + strTanggal): null

2024-01-22 18:48:40 - [TEST_STEP][PASSED] - out.println("strNama = " + strNama): null

2024-01-22 18:48:40 - [TEST_STEP][PASSED] - out.println("Baris ke = " + rowIndex): null

2024-01-22 18:48:40 - [TEST_STEP][PASSED] - click(findTestObject("Stockbit/input__BandarmologyOpenStartDate")): Object: 'Object Repository/Stockbit/input__BandarmologyOpenStartDate' is clicked on

2024-01-22 18:48:42 - [MESSAGE][PASSED] - Object: 'Object Repository/Stockbit/input__BandarmologyOpenStartDate' is clicked on

2024-01-22 18:48:42 - [TEST_STEP][PASSED] - sendKeys(findTestObject("Stockbit/input__BandarmologyOpenStartDate"), Keys.chord(CONTROL, "a")): Keys 'CONTROL + a' sent to object: 'Object Repository/Stockbit/input__BandarmologyOpenStartDate'

2024-01-22 18:48:42 - [MESSAGE][PASSED] - Keys 'CONTROL + a' sent to object: 'Object Repository/Stockbit/input__BandarmologyOpenStartDate'

2024-01-22 18:48:42 - [TEST_STEP][PASSED] - sendKeys(findTestObject("Stockbit/input__BandarmologyOpenStartDate"), Keys.chord(BACK_SPACE)): Keys 'BACK_SPACE + ' sent to object: 'Object Repository/Stockbit/input__BandarmologyOpenStartDate'

2024-01-22 18:48:43 - [MESSAGE][PASSED] - Keys 'BACK_SPACE + ' sent to object: 'Object Repository/Stockbit/input__BandarmologyOpenStartDate'

2024-01-22 18:48:43 - [TEST_STEP][PASSED] - setText(findTestObject("Stockbit/input__BandarmologyOpenStartDate"), strTanggal): Text '2024-01-22' is set on object 'Object Repository/Stockbit/input__BandarmologyOpenStartDate'

2024-01-22 18:48:44 - [MESSAGE][PASSED] - Text '2024-01-22' is set on object 'Object Repository/Stockbit/input__BandarmologyOpenStartDate'

2024-01-22 18:48:44 - [TEST_STEP][PASSED] - sendKeys(findTestObject("Stockbit/input__BandarmologyOpenStartDate"), Keys.chord(ENTER)): Keys 'ENTER + ' sent to object: 'Object Repository/Stockbit/input__BandarmologyOpenStartDate'

2024-01-22 18:48:44 - [MESSAGE][PASSED] - Keys 'ENTER + ' sent to object: 'Object Repository/Stockbit/input__BandarmologyOpenStartDate'

2024-01-22 18:48:44 - [TEST_STEP][PASSED] - click(findTestObject("Stockbit/input__BandarmologyOpenEndDate")): Object: 'Object Repository/Stockbit/input__BandarmologyOpenEndDate' is clicked on

2024-01-22 18:48:45 - [MESSAGE][PASSED] - Object: 'Object Repository/Stockbit/input__BandarmologyOpenEndDate' is clicked on

2024-01-22 18:48:45 - [TEST_STEP][PASSED] - sendKeys(findTestObject("Stockbit/input__BandarmologyOpenEndDate"), Keys.chord(CONTROL, "a")): Keys 'CONTROL + a' sent to object: 'Object Repository/Stockbit/input__BandarmologyOpenEndDate'

2024-01-22 18:48:45 - [MESSAGE][PASSED] - Keys 'CONTROL + a' sent to object: 'Object Repository/Stockbit/input__BandarmologyOpenEndDate'

2024-01-22 18:48:45 - [TEST_STEP][PASSED] - sendKeys(findTestObject("Stockbit/input__BandarmologyOpenEndDate"), Keys.chord(BACK_SPACE)): Keys 'BACK_SPACE + ' sent to object: 'Object Repository/Stockbit/input__BandarmologyOpenEndDate'

2024-01-22 18:48:46 - [MESSAGE][PASSED] - Keys 'BACK_SPACE + ' sent to object: 'Object Repository/Stockbit/input__BandarmologyOpenEndDate'

2024-01-22 18:48:46 - [TEST_STEP][PASSED] - setText(findTestObject("Stockbit/input__BandarmologyOpenEndDate"), strTanggal): Text '2024-01-22' is set on object 'Object Repository/Stockbit/input__BandarmologyOpenEndDate'

2024-01-22 18:48:46 - [MESSAGE][PASSED] - Text '2024-01-22' is set on object 'Object Repository/Stockbit/input__BandarmologyOpenEndDate'

2024-01-22 18:48:46 - [TEST_STEP][PASSED] - sendKeys(findTestObject("Stockbit/input__BandarmologyOpenEndDate"), Keys.chord(ENTER)): Keys 'ENTER + ' sent to object: 'Object Repository/Stockbit/input__BandarmologyOpenEndDate'

2024-01-22 18:48:47 - [MESSAGE][PASSED] - Keys 'ENTER + ' sent to object: 'Object Repository/Stockbit/input__BandarmologyOpenEndDate'

2024-01-22 18:48:47 - [TEST_STEP][PASSED] - delay(2): Delayed 2 second(s)

2024-01-22 18:48:49 - [MESSAGE][PASSED] - Delayed 2 second(s)

2024-01-22 18:48:49 - [TEST_STEP][PASSED] - strTemp = getText(findTestObject("Stockbit/Bandarmology_AvgRP")): Text of object 'Object Repository/Stockbit/Bandarmology_AvgRP' is: '62'

2024-01-22 18:48:49 - [MESSAGE][PASSED] - Text of object 'Object Repository/Stockbit/Bandarmology_AvgRP' is: '62'

2024-01-22 18:48:49 - [TEST_STEP][PASSED] - out.println("Bandarmology_AvgRP = " + strTemp): null

2024-01-22 18:48:49 - [TEST_STEP][PASSED] - if (strTemp != "0"): null

2024-01-22 18:48:49 - [TEST_STEP][PASSED] - strTop1 = getText(findTestObject("Stockbit/Bandarmology_Top1")): Text of object 'Object Repository/Stockbit/Bandarmology_Top1' is: 'Big Acc'

2024-01-22 18:48:49 - [MESSAGE][PASSED] - Text of object 'Object Repository/Stockbit/Bandarmology_Top1' is: 'Big Acc'

2024-01-22 18:48:49 - [TEST_STEP][PASSED] - strTop3 = getText(findTestObject("Stockbit/Bandarmology_Top3")): Text of object 'Object Repository/Stockbit/Bandarmology_Top3' is: 'Normal Acc'

2024-01-22 18:48:49 - [MESSAGE][PASSED] - Text of object 'Object Repository/Stockbit/Bandarmology_Top3' is: 'Normal Acc'

2024-01-22 18:48:49 - [TEST_STEP][PASSED] - strTop5 = getText(findTestObject("Stockbit/Bandarmology_Top5")): Text of object 'Object Repository/Stockbit/Bandarmology_Top5' is: 'Neutral'

2024-01-22 18:48:50 - [MESSAGE][PASSED] - Text of object 'Object Repository/Stockbit/Bandarmology_Top5' is: 'Neutral'

2024-01-22 18:48:50 - [TEST_STEP][PASSED] - strAllBrokAvg = getText(findTestObject("Stockbit/Bandarmology_TopAVG")): Text of object 'Object Repository/Stockbit/Bandarmology_TopAVG' is: 'Small Acc'

2024-01-22 18:48:50 - [MESSAGE][PASSED] - Text of object 'Object Repository/Stockbit/Bandarmology_TopAVG' is: 'Small Acc'

2024-01-22 18:48:50 - [TEST_STEP][PASSED] - strTemp = getText(findTestObject("Stockbit/Bandarmology_AvgRP")): Text of object 'Object Repository/Stockbit/Bandarmology_AvgRP' is: '62'

2024-01-22 18:48:50 - [MESSAGE][PASSED] - Text of object 'Object Repository/Stockbit/Bandarmology_AvgRP' is: '62'

2024-01-22 18:48:50 - [TEST_STEP][PASSED] - if (strTemp.contains(",")): null

2024-01-22 18:48:50 - [TEST_STEP][PASSED] - intAvgRP = strTemp.toInteger(): null

2024-01-22 18:48:50 - [TEST_STEP][PASSED] - strBuyer1 = getText(findTestObject("Stockbit/Bandarmology_Buyer1")): Text of object 'Object Repository/Stockbit/Bandarmology_Buyer1' is: 'EP'

2024-01-22 18:48:50 - [MESSAGE][PASSED] - Text of object 'Object Repository/Stockbit/Bandarmology_Buyer1' is: 'EP'

2024-01-22 18:48:50 - [TEST_STEP][PASSED] - strBuyerVol1 = getText(findTestObject("Stockbit/Bandarmology_BuyerVol1")): Text of object 'Object Repository/Stockbit/Bandarmology_BuyerVol1' is: '30.3 K'

2024-01-22 18:48:50 - [MESSAGE][PASSED] - Text of object 'Object Repository/Stockbit/Bandarmology_BuyerVol1' is: '30.3 K'

2024-01-22 18:48:50 - [TEST_STEP][PASSED] - strBuyerAvg1 = getText(findTestObject("Stockbit/Bandarmology_BuyerAvg1")): Text of object 'Object Repository/Stockbit/Bandarmology_BuyerAvg1' is: '62'

2024-01-22 18:48:50 - [MESSAGE][PASSED] - Text of object 'Object Repository/Stockbit/Bandarmology_BuyerAvg1' is: '62'

2024-01-22 18:48:50 - [TEST_STEP][PASSED] - if (strBuyerAvg1.contains(",")): null

2024-01-22 18:48:50 - [TEST_STEP][PASSED] - if (strBuyerVol1.contains(" B")): null

2024-01-22 18:48:50 - [TEST_STEP][PASSED] - else if (strBuyerVol1.contains(" M")): null

2024-01-22 18:48:50 - [TEST_STEP][PASSED] - else if (strBuyerVol1.contains(" K")): null

2024-01-22 18:48:50 - [TEST_STEP][PASSED] - strBuyerVol1 = strBuyerVol1.replace(" K", ""): null

2024-01-22 18:48:50 - [TEST_STEP][PASSED] - strBuyerVol1 = strBuyerVol1.toDouble() * 1000: null

2024-01-22 18:48:50 - [TEST_STEP][PASSED] - strSeller1 = getText(findTestObject("Stockbit/Bandarmology_Seller1")): Text of object 'Object Repository/Stockbit/Bandarmology_Seller1' is: 'BQ'

2024-01-22 18:48:50 - [MESSAGE][PASSED] - Text of object 'Object Repository/Stockbit/Bandarmology_Seller1' is: 'BQ'

2024-01-22 18:48:50 - [TEST_STEP][PASSED] - strSellerVol1 = getText(findTestObject("Stockbit/Bandarmology_SellerVol1")): Text of object 'Object Repository/Stockbit/Bandarmology_SellerVol1' is: '13.8 K'

2024-01-22 18:48:51 - [MESSAGE][PASSED] - Text of object 'Object Repository/Stockbit/Bandarmology_SellerVol1' is: '13.8 K'

2024-01-22 18:48:51 - [TEST_STEP][PASSED] - strSellerAvg1 = getText(findTestObject("Stockbit/Bandarmology_SellerAvg1")): Text of object 'Object Repository/Stockbit/Bandarmology_SellerAvg1' is: '62'

2024-01-22 18:48:51 - [MESSAGE][PASSED] - Text of object 'Object Repository/Stockbit/Bandarmology_SellerAvg1' is: '62'

2024-01-22 18:48:51 - [TEST_STEP][PASSED] - if (strSellerAvg1.contains(",")): null

2024-01-22 18:48:51 - [TEST_STEP][PASSED] - if (strSellerVol1.contains(" B")): null

2024-01-22 18:48:51 - [TEST_STEP][PASSED] - else if (strSellerVol1.contains(" M")): null

2024-01-22 18:48:51 - [TEST_STEP][PASSED] - else if (strSellerVol1.contains(" K")): null

2024-01-22 18:48:51 - [TEST_STEP][PASSED] - strSellerVol1 = strSellerVol1.replace(" K", ""): null

2024-01-22 18:48:51 - [TEST_STEP][PASSED] - strSellerVol1 = strSellerVol1.toDouble() * 1000: null

2024-01-22 18:48:51 - [TEST_STEP][PASSED] - if (verifyElementNotPresent(findTestObject("Stockbit/Bandarmology_Buyer2"), 1, OPTIONAL)): Web element with id: 'Object Repository/Stockbit/Bandarmology_Buyer2' located by 'By.xpath: //*[contains(@id, 'rc-tabs-')]/div[2]/div/div/div/div/div/div[2]/table/tbody/tr[3]/td[1]/p' is present after '1' second(s) (Root cause: com.kms.katalon.core.exception.StepFailedException: Web element with id: 'Object Repository/Stockbit/Bandarmology_Buyer2' located by 'By.xpath: //*[contains(@id, 'rc-tabs-')]/div[2]/div/div/div/div/div/div[2]/table/tbody/tr[3]/td[1]/p' is present after '1' second(s)
	at com.kms.katalon.core.webui.keyword.internal.WebUIKeywordMain.stepFailed(WebUIKeywordMain.groovy:64)
	at com.kms.katalon.core.webui.keyword.internal.WebUIKeywordMain$stepFailed$0.call(Unknown Source)
	at com.kms.katalon.core.webui.keyword.builtin.VerifyElementNotPresentKeyword$_verifyElementNotPresent_closure1.doCall(VerifyElementNotPresentKeyword.groovy:106)
	at com.kms.katalon.core.webui.keyword.builtin.VerifyElementNotPresentKeyword$_verifyElementNotPresent_closure1.doCall(VerifyElementNotPresentKeyword.groovy)
	at com.kms.katalon.core.webui.keyword.internal.WebUIKeywordMain.runKeyword(WebUIKeywordMain.groovy:20)
	at com.kms.katalon.core.webui.keyword.internal.WebUIKeywordMain$runKeyword.call(Unknown Source)
	at com.kms.katalon.core.webui.keyword.builtin.VerifyElementNotPresentKeyword.verifyElementNotPresent(VerifyElementNotPresentKeyword.groovy:117)
	at com.kms.katalon.core.webui.keyword.builtin.VerifyElementNotPresentKeyword.execute(VerifyElementNotPresentKeyword.groovy:68)
	at com.kms.katalon.core.keyword.internal.KeywordExecutor.executeKeywordForPlatform(KeywordExecutor.groovy:74)
	at com.kms.katalon.core.webui.keyword.WebUiBuiltInKeywords.verifyElementNotPresent(WebUiBuiltInKeywords.groovy:1481)
	at com.kms.katalon.core.webui.keyword.WebUiBuiltInKeywords$verifyElementNotPresent$8.call(Unknown Source)
	at GetBrokSumPriceDaily.run(GetBrokSumPriceDaily:258)
	at com.kms.katalon.core.main.ScriptEngine.run(ScriptEngine.java:194)
	at com.kms.katalon.core.main.ScriptEngine.runScriptAsRawText(ScriptEngine.java:119)
	at com.kms.katalon.core.main.TestCaseExecutor.runScript(TestCaseExecutor.java:445)
	at com.kms.katalon.core.main.TestCaseExecutor.doExecute(TestCaseExecutor.java:436)
	at com.kms.katalon.core.main.TestCaseExecutor.processExecutionPhase(TestCaseExecutor.java:415)
	at com.kms.katalon.core.main.TestCaseExecutor.accessMainPhase(TestCaseExecutor.java:407)
	at com.kms.katalon.core.main.TestCaseExecutor.execute(TestCaseExecutor.java:284)
	at com.kms.katalon.core.common.CommonExecutor.accessTestCaseMainPhase(CommonExecutor.java:65)
	at com.kms.katalon.core.main.TestSuiteExecutor.accessTestSuiteMainPhase(TestSuiteExecutor.java:144)
	at com.kms.katalon.core.main.TestSuiteExecutor.execute(TestSuiteExecutor.java:106)
	at com.kms.katalon.core.main.TestCaseMain.startTestSuite(TestCaseMain.java:185)
	at com.kms.katalon.core.main.TestCaseMain$startTestSuite$0.call(Unknown Source)
	at TempTestSuite1705923140048.run(TempTestSuite1705923140048.groovy:36)
)

2024-01-22 18:48:52 - [MESSAGE][WARNING] - Web element with id: 'Object Repository/Stockbit/Bandarmology_Buyer2' located by 'By.xpath: //*[contains(@id, 'rc-tabs-')]/div[2]/div/div/div/div/div/div[2]/table/tbody/tr[3]/td[1]/p' is present after '1' second(s) (Root cause: com.kms.katalon.core.exception.StepFailedException: Web element with id: 'Object Repository/Stockbit/Bandarmology_Buyer2' located by 'By.xpath: //*[contains(@id, 'rc-tabs-')]/div[2]/div/div/div/div/div/div[2]/table/tbody/tr[3]/td[1]/p' is present after '1' second(s)
	at com.kms.katalon.core.webui.keyword.internal.WebUIKeywordMain.stepFailed(WebUIKeywordMain.groovy:64)
	at com.kms.katalon.core.webui.keyword.internal.WebUIKeywordMain$stepFailed$0.call(Unknown Source)
	at com.kms.katalon.core.webui.keyword.builtin.VerifyElementNotPresentKeyword$_verifyElementNotPresent_closure1.doCall(VerifyElementNotPresentKeyword.groovy:106)
	at com.kms.katalon.core.webui.keyword.builtin.VerifyElementNotPresentKeyword$_verifyElementNotPresent_closure1.doCall(VerifyElementNotPresentKeyword.groovy)
	at com.kms.katalon.core.webui.keyword.internal.WebUIKeywordMain.runKeyword(WebUIKeywordMain.groovy:20)
	at com.kms.katalon.core.webui.keyword.internal.WebUIKeywordMain$runKeyword.call(Unknown Source)
	at com.kms.katalon.core.webui.keyword.builtin.VerifyElementNotPresentKeyword.verifyElementNotPresent(VerifyElementNotPresentKeyword.groovy:117)
	at com.kms.katalon.core.webui.keyword.builtin.VerifyElementNotPresentKeyword.execute(VerifyElementNotPresentKeyword.groovy:68)
	at com.kms.katalon.core.keyword.internal.KeywordExecutor.executeKeywordForPlatform(KeywordExecutor.groovy:74)
	at com.kms.katalon.core.webui.keyword.WebUiBuiltInKeywords.verifyElementNotPresent(WebUiBuiltInKeywords.groovy:1481)
	at com.kms.katalon.core.webui.keyword.WebUiBuiltInKeywords$verifyElementNotPresent$8.call(Unknown Source)
	at GetBrokSumPriceDaily.run(GetBrokSumPriceDaily:258)
	at com.kms.katalon.core.main.ScriptEngine.run(ScriptEngine.java:194)
	at com.kms.katalon.core.main.ScriptEngine.runScriptAsRawText(ScriptEngine.java:119)
	at com.kms.katalon.core.main.TestCaseExecutor.runScript(TestCaseExecutor.java:445)
	at com.kms.katalon.core.main.TestCaseExecutor.doExecute(TestCaseExecutor.java:436)
	at com.kms.katalon.core.main.TestCaseExecutor.processExecutionPhase(TestCaseExecutor.java:415)
	at com.kms.katalon.core.main.TestCaseExecutor.accessMainPhase(TestCaseExecutor.java:407)
	at com.kms.katalon.core.main.TestCaseExecutor.execute(TestCaseExecutor.java:284)
	at com.kms.katalon.core.common.CommonExecutor.accessTestCaseMainPhase(CommonExecutor.java:65)
	at com.kms.katalon.core.main.TestSuiteExecutor.accessTestSuiteMainPhase(TestSuiteExecutor.java:144)
	at com.kms.katalon.core.main.TestSuiteExecutor.execute(TestSuiteExecutor.java:106)
	at com.kms.katalon.core.main.TestCaseMain.startTestSuite(TestCaseMain.java:185)
	at com.kms.katalon.core.main.TestCaseMain$startTestSuite$0.call(Unknown Source)
	at TempTestSuite1705923140048.run(TempTestSuite1705923140048.groovy:36)
)
[[ATTACHMENT|C:\\Users\\Fadli\\git\\KatalonDailyGetData2\\Reports\\20240122_174123\\TS1\\20240122_183220\\1705924132429.png]]

2024-01-22 18:48:52 - [TEST_STEP][PASSED] - else: null

2024-01-22 18:48:52 - [TEST_STEP][PASSED] - strBuyer2 = getText(findTestObject("Stockbit/Bandarmology_Buyer2")): Text of object 'Object Repository/Stockbit/Bandarmology_Buyer2' is: 'NI'

2024-01-22 18:48:52 - [MESSAGE][PASSED] - Text of object 'Object Repository/Stockbit/Bandarmology_Buyer2' is: 'NI'

2024-01-22 18:48:52 - [TEST_STEP][PASSED] - strBuyerVol2 = getText(findTestObject("Stockbit/Bandarmology_BuyerVol2")): Text of object 'Object Repository/Stockbit/Bandarmology_BuyerVol2' is: '4.7 K'

2024-01-22 18:48:52 - [MESSAGE][PASSED] - Text of object 'Object Repository/Stockbit/Bandarmology_BuyerVol2' is: '4.7 K'

2024-01-22 18:48:52 - [TEST_STEP][PASSED] - strBuyerAvg2 = getText(findTestObject("Stockbit/Bandarmology_BuyerAvg2")): Text of object 'Object Repository/Stockbit/Bandarmology_BuyerAvg2' is: '61'

2024-01-22 18:48:53 - [MESSAGE][PASSED] - Text of object 'Object Repository/Stockbit/Bandarmology_BuyerAvg2' is: '61'

2024-01-22 18:48:53 - [TEST_STEP][PASSED] - if (strBuyer2 != ""): null

2024-01-22 18:48:53 - [TEST_STEP][PASSED] - if (strBuyerAvg2.contains(",")): null

2024-01-22 18:48:53 - [TEST_STEP][PASSED] - if (strBuyerVol2.contains(" B")): null

2024-01-22 18:48:53 - [TEST_STEP][PASSED] - else if (strBuyerVol2.contains(" M")): null

2024-01-22 18:48:53 - [TEST_STEP][PASSED] - else if (strBuyerVol2.contains(" K")): null

2024-01-22 18:48:53 - [TEST_STEP][PASSED] - strBuyerVol2 = strBuyerVol2.replace(" K", ""): null

2024-01-22 18:48:53 - [TEST_STEP][PASSED] - strBuyerVol2 = strBuyerVol2.toDouble() * 1000: null

2024-01-22 18:48:53 - [TEST_STEP][PASSED] - if (strBuyerVol2.contains(".")): null

2024-01-22 18:48:53 - [TEST_STEP][PASSED] - strBuyerVal2 = strBuyerVol2.replace(".", ""): null

2024-01-22 18:48:53 - [TEST_STEP][PASSED] - if (verifyElementNotPresent(findTestObject("Stockbit/Bandarmology_Seller2"), 1, OPTIONAL)): Web element with id: 'Object Repository/Stockbit/Bandarmology_Seller2' located by 'By.xpath: //*[contains(@id, 'rc-tabs-')]/div[2]/div/div/div/div/div/div[2]/table/tbody/tr[3]/td[5]/p' is present after '1' second(s) (Root cause: com.kms.katalon.core.exception.StepFailedException: Web element with id: 'Object Repository/Stockbit/Bandarmology_Seller2' located by 'By.xpath: //*[contains(@id, 'rc-tabs-')]/div[2]/div/div/div/div/div/div[2]/table/tbody/tr[3]/td[5]/p' is present after '1' second(s)
	at com.kms.katalon.core.webui.keyword.internal.WebUIKeywordMain.stepFailed(WebUIKeywordMain.groovy:64)
	at com.kms.katalon.core.webui.keyword.internal.WebUIKeywordMain$stepFailed$0.call(Unknown Source)
	at com.kms.katalon.core.webui.keyword.builtin.VerifyElementNotPresentKeyword$_verifyElementNotPresent_closure1.doCall(VerifyElementNotPresentKeyword.groovy:106)
	at com.kms.katalon.core.webui.keyword.builtin.VerifyElementNotPresentKeyword$_verifyElementNotPresent_closure1.doCall(VerifyElementNotPresentKeyword.groovy)
	at com.kms.katalon.core.webui.keyword.internal.WebUIKeywordMain.runKeyword(WebUIKeywordMain.groovy:20)
	at com.kms.katalon.core.webui.keyword.internal.WebUIKeywordMain$runKeyword.call(Unknown Source)
	at com.kms.katalon.core.webui.keyword.builtin.VerifyElementNotPresentKeyword.verifyElementNotPresent(VerifyElementNotPresentKeyword.groovy:117)
	at com.kms.katalon.core.webui.keyword.builtin.VerifyElementNotPresentKeyword.execute(VerifyElementNotPresentKeyword.groovy:68)
	at com.kms.katalon.core.keyword.internal.KeywordExecutor.executeKeywordForPlatform(KeywordExecutor.groovy:74)
	at com.kms.katalon.core.webui.keyword.WebUiBuiltInKeywords.verifyElementNotPresent(WebUiBuiltInKeywords.groovy:1481)
	at com.kms.katalon.core.webui.keyword.WebUiBuiltInKeywords$verifyElementNotPresent$8.call(Unknown Source)
	at GetBrokSumPriceDaily.run(GetBrokSumPriceDaily:309)
	at com.kms.katalon.core.main.ScriptEngine.run(ScriptEngine.java:194)
	at com.kms.katalon.core.main.ScriptEngine.runScriptAsRawText(ScriptEngine.java:119)
	at com.kms.katalon.core.main.TestCaseExecutor.runScript(TestCaseExecutor.java:445)
	at com.kms.katalon.core.main.TestCaseExecutor.doExecute(TestCaseExecutor.java:436)
	at com.kms.katalon.core.main.TestCaseExecutor.processExecutionPhase(TestCaseExecutor.java:415)
	at com.kms.katalon.core.main.TestCaseExecutor.accessMainPhase(TestCaseExecutor.java:407)
	at com.kms.katalon.core.main.TestCaseExecutor.execute(TestCaseExecutor.java:284)
	at com.kms.katalon.core.common.CommonExecutor.accessTestCaseMainPhase(CommonExecutor.java:65)
	at com.kms.katalon.core.main.TestSuiteExecutor.accessTestSuiteMainPhase(TestSuiteExecutor.java:144)
	at com.kms.katalon.core.main.TestSuiteExecutor.execute(TestSuiteExecutor.java:106)
	at com.kms.katalon.core.main.TestCaseMain.startTestSuite(TestCaseMain.java:185)
	at com.kms.katalon.core.main.TestCaseMain$startTestSuite$0.call(Unknown Source)
	at TempTestSuite1705923140048.run(TempTestSuite1705923140048.groovy:36)
)

2024-01-22 18:48:54 - [MESSAGE][WARNING] - Web element with id: 'Object Repository/Stockbit/Bandarmology_Seller2' located by 'By.xpath: //*[contains(@id, 'rc-tabs-')]/div[2]/div/div/div/div/div/div[2]/table/tbody/tr[3]/td[5]/p' is present after '1' second(s) (Root cause: com.kms.katalon.core.exception.StepFailedException: Web element with id: 'Object Repository/Stockbit/Bandarmology_Seller2' located by 'By.xpath: //*[contains(@id, 'rc-tabs-')]/div[2]/div/div/div/div/div/div[2]/table/tbody/tr[3]/td[5]/p' is present after '1' second(s)
	at com.kms.katalon.core.webui.keyword.internal.WebUIKeywordMain.stepFailed(WebUIKeywordMain.groovy:64)
	at com.kms.katalon.core.webui.keyword.internal.WebUIKeywordMain$stepFailed$0.call(Unknown Source)
	at com.kms.katalon.core.webui.keyword.builtin.VerifyElementNotPresentKeyword$_verifyElementNotPresent_closure1.doCall(VerifyElementNotPresentKeyword.groovy:106)
	at com.kms.katalon.core.webui.keyword.builtin.VerifyElementNotPresentKeyword$_verifyElementNotPresent_closure1.doCall(VerifyElementNotPresentKeyword.groovy)
	at com.kms.katalon.core.webui.keyword.internal.WebUIKeywordMain.runKeyword(WebUIKeywordMain.groovy:20)
	at com.kms.katalon.core.webui.keyword.internal.WebUIKeywordMain$runKeyword.call(Unknown Source)
	at com.kms.katalon.core.webui.keyword.builtin.VerifyElementNotPresentKeyword.verifyElementNotPresent(VerifyElementNotPresentKeyword.groovy:117)
	at com.kms.katalon.core.webui.keyword.builtin.VerifyElementNotPresentKeyword.execute(VerifyElementNotPresentKeyword.groovy:68)
	at com.kms.katalon.core.keyword.internal.KeywordExecutor.executeKeywordForPlatform(KeywordExecutor.groovy:74)
	at com.kms.katalon.core.webui.keyword.WebUiBuiltInKeywords.verifyElementNotPresent(WebUiBuiltInKeywords.groovy:1481)
	at com.kms.katalon.core.webui.keyword.WebUiBuiltInKeywords$verifyElementNotPresent$8.call(Unknown Source)
	at GetBrokSumPriceDaily.run(GetBrokSumPriceDaily:309)
	at com.kms.katalon.core.main.ScriptEngine.run(ScriptEngine.java:194)
	at com.kms.katalon.core.main.ScriptEngine.runScriptAsRawText(ScriptEngine.java:119)
	at com.kms.katalon.core.main.TestCaseExecutor.runScript(TestCaseExecutor.java:445)
	at com.kms.katalon.core.main.TestCaseExecutor.doExecute(TestCaseExecutor.java:436)
	at com.kms.katalon.core.main.TestCaseExecutor.processExecutionPhase(TestCaseExecutor.java:415)
	at com.kms.katalon.core.main.TestCaseExecutor.accessMainPhase(TestCaseExecutor.java:407)
	at com.kms.katalon.core.main.TestCaseExecutor.execute(TestCaseExecutor.java:284)
	at com.kms.katalon.core.common.CommonExecutor.accessTestCaseMainPhase(CommonExecutor.java:65)
	at com.kms.katalon.core.main.TestSuiteExecutor.accessTestSuiteMainPhase(TestSuiteExecutor.java:144)
	at com.kms.katalon.core.main.TestSuiteExecutor.execute(TestSuiteExecutor.java:106)
	at com.kms.katalon.core.main.TestCaseMain.startTestSuite(TestCaseMain.java:185)
	at com.kms.katalon.core.main.TestCaseMain$startTestSuite$0.call(Unknown Source)
	at TempTestSuite1705923140048.run(TempTestSuite1705923140048.groovy:36)
)
[[ATTACHMENT|C:\\Users\\Fadli\\git\\KatalonDailyGetData2\\Reports\\20240122_174123\\TS1\\20240122_183220\\1705924134327.png]]

2024-01-22 18:48:54 - [TEST_STEP][PASSED] - else: null

2024-01-22 18:48:54 - [TEST_STEP][PASSED] - strSeller2 = getText(findTestObject("Stockbit/Bandarmology_Seller2")): Text of object 'Object Repository/Stockbit/Bandarmology_Seller2' is: 'AK'

2024-01-22 18:48:54 - [MESSAGE][PASSED] - Text of object 'Object Repository/Stockbit/Bandarmology_Seller2' is: 'AK'

2024-01-22 18:48:54 - [TEST_STEP][PASSED] - strSellerVol2 = getText(findTestObject("Stockbit/Bandarmology_SellerVol2")): Text of object 'Object Repository/Stockbit/Bandarmology_SellerVol2' is: '10 K'

2024-01-22 18:48:54 - [MESSAGE][PASSED] - Text of object 'Object Repository/Stockbit/Bandarmology_SellerVol2' is: '10 K'

2024-01-22 18:48:54 - [TEST_STEP][PASSED] - strSellerAvg2 = getText(findTestObject("Stockbit/Bandarmology_SellerAvg2")): Text of object 'Object Repository/Stockbit/Bandarmology_SellerAvg2' is: '61'

2024-01-22 18:48:55 - [MESSAGE][PASSED] - Text of object 'Object Repository/Stockbit/Bandarmology_SellerAvg2' is: '61'

2024-01-22 18:48:55 - [TEST_STEP][PASSED] - if (strSeller2 != ""): null

2024-01-22 18:48:55 - [TEST_STEP][PASSED] - if (strSellerAvg2.contains(",")): null

2024-01-22 18:48:55 - [TEST_STEP][PASSED] - if (strSellerVol2.contains(" B")): null

2024-01-22 18:48:55 - [TEST_STEP][PASSED] - else if (strSellerVol2.contains(" M")): null

2024-01-22 18:48:55 - [TEST_STEP][PASSED] - else if (strSellerVol2.contains(" K")): null

2024-01-22 18:48:55 - [TEST_STEP][PASSED] - strSellerVol2 = strSellerVol2.replace(" K", ""): null

2024-01-22 18:48:55 - [TEST_STEP][PASSED] - strSellerVol2 = strSellerVol2.toDouble() * 1000: null

2024-01-22 18:48:55 - [TEST_STEP][PASSED] - if (verifyElementNotPresent(findTestObject("Stockbit/Bandarmology_Buyer3"), 1, OPTIONAL)): Web element with id: 'Object Repository/Stockbit/Bandarmology_Buyer3' located by 'By.xpath: //*[contains(@id, 'rc-tabs-')]/div[2]/div/div/div/div/div/div[2]/table/tbody/tr[4]/td[1]/p' is present after '1' second(s) (Root cause: com.kms.katalon.core.exception.StepFailedException: Web element with id: 'Object Repository/Stockbit/Bandarmology_Buyer3' located by 'By.xpath: //*[contains(@id, 'rc-tabs-')]/div[2]/div/div/div/div/div/div[2]/table/tbody/tr[4]/td[1]/p' is present after '1' second(s)
	at com.kms.katalon.core.webui.keyword.internal.WebUIKeywordMain.stepFailed(WebUIKeywordMain.groovy:64)
	at com.kms.katalon.core.webui.keyword.internal.WebUIKeywordMain$stepFailed$0.call(Unknown Source)
	at com.kms.katalon.core.webui.keyword.builtin.VerifyElementNotPresentKeyword$_verifyElementNotPresent_closure1.doCall(VerifyElementNotPresentKeyword.groovy:106)
	at com.kms.katalon.core.webui.keyword.builtin.VerifyElementNotPresentKeyword$_verifyElementNotPresent_closure1.doCall(VerifyElementNotPresentKeyword.groovy)
	at com.kms.katalon.core.webui.keyword.internal.WebUIKeywordMain.runKeyword(WebUIKeywordMain.groovy:20)
	at com.kms.katalon.core.webui.keyword.internal.WebUIKeywordMain$runKeyword.call(Unknown Source)
	at com.kms.katalon.core.webui.keyword.builtin.VerifyElementNotPresentKeyword.verifyElementNotPresent(VerifyElementNotPresentKeyword.groovy:117)
	at com.kms.katalon.core.webui.keyword.builtin.VerifyElementNotPresentKeyword.execute(VerifyElementNotPresentKeyword.groovy:68)
	at com.kms.katalon.core.keyword.internal.KeywordExecutor.executeKeywordForPlatform(KeywordExecutor.groovy:74)
	at com.kms.katalon.core.webui.keyword.WebUiBuiltInKeywords.verifyElementNotPresent(WebUiBuiltInKeywords.groovy:1481)
	at com.kms.katalon.core.webui.keyword.WebUiBuiltInKeywords$verifyElementNotPresent$8.call(Unknown Source)
	at GetBrokSumPriceDaily.run(GetBrokSumPriceDaily:361)
	at com.kms.katalon.core.main.ScriptEngine.run(ScriptEngine.java:194)
	at com.kms.katalon.core.main.ScriptEngine.runScriptAsRawText(ScriptEngine.java:119)
	at com.kms.katalon.core.main.TestCaseExecutor.runScript(TestCaseExecutor.java:445)
	at com.kms.katalon.core.main.TestCaseExecutor.doExecute(TestCaseExecutor.java:436)
	at com.kms.katalon.core.main.TestCaseExecutor.processExecutionPhase(TestCaseExecutor.java:415)
	at com.kms.katalon.core.main.TestCaseExecutor.accessMainPhase(TestCaseExecutor.java:407)
	at com.kms.katalon.core.main.TestCaseExecutor.execute(TestCaseExecutor.java:284)
	at com.kms.katalon.core.common.CommonExecutor.accessTestCaseMainPhase(CommonExecutor.java:65)
	at com.kms.katalon.core.main.TestSuiteExecutor.accessTestSuiteMainPhase(TestSuiteExecutor.java:144)
	at com.kms.katalon.core.main.TestSuiteExecutor.execute(TestSuiteExecutor.java:106)
	at com.kms.katalon.core.main.TestCaseMain.startTestSuite(TestCaseMain.java:185)
	at com.kms.katalon.core.main.TestCaseMain$startTestSuite$0.call(Unknown Source)
	at TempTestSuite1705923140048.run(TempTestSuite1705923140048.groovy:36)
)

2024-01-22 18:48:56 - [MESSAGE][WARNING] - Web element with id: 'Object Repository/Stockbit/Bandarmology_Buyer3' located by 'By.xpath: //*[contains(@id, 'rc-tabs-')]/div[2]/div/div/div/div/div/div[2]/table/tbody/tr[4]/td[1]/p' is present after '1' second(s) (Root cause: com.kms.katalon.core.exception.StepFailedException: Web element with id: 'Object Repository/Stockbit/Bandarmology_Buyer3' located by 'By.xpath: //*[contains(@id, 'rc-tabs-')]/div[2]/div/div/div/div/div/div[2]/table/tbody/tr[4]/td[1]/p' is present after '1' second(s)
	at com.kms.katalon.core.webui.keyword.internal.WebUIKeywordMain.stepFailed(WebUIKeywordMain.groovy:64)
	at com.kms.katalon.core.webui.keyword.internal.WebUIKeywordMain$stepFailed$0.call(Unknown Source)
	at com.kms.katalon.core.webui.keyword.builtin.VerifyElementNotPresentKeyword$_verifyElementNotPresent_closure1.doCall(VerifyElementNotPresentKeyword.groovy:106)
	at com.kms.katalon.core.webui.keyword.builtin.VerifyElementNotPresentKeyword$_verifyElementNotPresent_closure1.doCall(VerifyElementNotPresentKeyword.groovy)
	at com.kms.katalon.core.webui.keyword.internal.WebUIKeywordMain.runKeyword(WebUIKeywordMain.groovy:20)
	at com.kms.katalon.core.webui.keyword.internal.WebUIKeywordMain$runKeyword.call(Unknown Source)
	at com.kms.katalon.core.webui.keyword.builtin.VerifyElementNotPresentKeyword.verifyElementNotPresent(VerifyElementNotPresentKeyword.groovy:117)
	at com.kms.katalon.core.webui.keyword.builtin.VerifyElementNotPresentKeyword.execute(VerifyElementNotPresentKeyword.groovy:68)
	at com.kms.katalon.core.keyword.internal.KeywordExecutor.executeKeywordForPlatform(KeywordExecutor.groovy:74)
	at com.kms.katalon.core.webui.keyword.WebUiBuiltInKeywords.verifyElementNotPresent(WebUiBuiltInKeywords.groovy:1481)
	at com.kms.katalon.core.webui.keyword.WebUiBuiltInKeywords$verifyElementNotPresent$8.call(Unknown Source)
	at GetBrokSumPriceDaily.run(GetBrokSumPriceDaily:361)
	at com.kms.katalon.core.main.ScriptEngine.run(ScriptEngine.java:194)
	at com.kms.katalon.core.main.ScriptEngine.runScriptAsRawText(ScriptEngine.java:119)
	at com.kms.katalon.core.main.TestCaseExecutor.runScript(TestCaseExecutor.java:445)
	at com.kms.katalon.core.main.TestCaseExecutor.doExecute(TestCaseExecutor.java:436)
	at com.kms.katalon.core.main.TestCaseExecutor.processExecutionPhase(TestCaseExecutor.java:415)
	at com.kms.katalon.core.main.TestCaseExecutor.accessMainPhase(TestCaseExecutor.java:407)
	at com.kms.katalon.core.main.TestCaseExecutor.execute(TestCaseExecutor.java:284)
	at com.kms.katalon.core.common.CommonExecutor.accessTestCaseMainPhase(CommonExecutor.java:65)
	at com.kms.katalon.core.main.TestSuiteExecutor.accessTestSuiteMainPhase(TestSuiteExecutor.java:144)
	at com.kms.katalon.core.main.TestSuiteExecutor.execute(TestSuiteExecutor.java:106)
	at com.kms.katalon.core.main.TestCaseMain.startTestSuite(TestCaseMain.java:185)
	at com.kms.katalon.core.main.TestCaseMain$startTestSuite$0.call(Unknown Source)
	at TempTestSuite1705923140048.run(TempTestSuite1705923140048.groovy:36)
)
[[ATTACHMENT|C:\\Users\\Fadli\\git\\KatalonDailyGetData2\\Reports\\20240122_174123\\TS1\\20240122_183220\\1705924136240.png]]

2024-01-22 18:48:56 - [TEST_STEP][PASSED] - else: null

2024-01-22 18:48:56 - [TEST_STEP][PASSED] - strBuyer3 = getText(findTestObject("Stockbit/Bandarmology_Buyer3")): Text of object 'Object Repository/Stockbit/Bandarmology_Buyer3' is: 'CP'

2024-01-22 18:48:56 - [MESSAGE][PASSED] - Text of object 'Object Repository/Stockbit/Bandarmology_Buyer3' is: 'CP'

2024-01-22 18:48:56 - [TEST_STEP][PASSED] - strBuyerVol3 = getText(findTestObject("Stockbit/Bandarmology_BuyerVol3")): Text of object 'Object Repository/Stockbit/Bandarmology_BuyerVol3' is: '2.5 K'

2024-01-22 18:48:56 - [MESSAGE][PASSED] - Text of object 'Object Repository/Stockbit/Bandarmology_BuyerVol3' is: '2.5 K'

2024-01-22 18:48:56 - [TEST_STEP][PASSED] - strBuyerAvg3 = getText(findTestObject("Stockbit/Bandarmology_BuyerAvg3")): Text of object 'Object Repository/Stockbit/Bandarmology_BuyerAvg3' is: '61'

2024-01-22 18:48:57 - [MESSAGE][PASSED] - Text of object 'Object Repository/Stockbit/Bandarmology_BuyerAvg3' is: '61'

2024-01-22 18:48:57 - [TEST_STEP][PASSED] - if (strBuyer3 != ""): null

2024-01-22 18:48:57 - [TEST_STEP][PASSED] - if (strBuyerAvg3.contains(",")): null

2024-01-22 18:48:57 - [TEST_STEP][PASSED] - if (strBuyerVol3.contains(" B")): null

2024-01-22 18:48:57 - [TEST_STEP][PASSED] - else if (strBuyerVol3.contains(" M")): null

2024-01-22 18:48:57 - [TEST_STEP][PASSED] - else if (strBuyerVol3.contains(" K")): null

2024-01-22 18:48:57 - [TEST_STEP][PASSED] - strBuyerVol3 = strBuyerVol3.replace(" K", ""): null

2024-01-22 18:48:57 - [TEST_STEP][PASSED] - strBuyerVol3 = strBuyerVol3.toDouble() * 1000: null

2024-01-22 18:48:57 - [TEST_STEP][PASSED] - if (verifyElementNotPresent(findTestObject("Stockbit/Bandarmology_Seller3"), 1, OPTIONAL)): Web element with id: 'Object Repository/Stockbit/Bandarmology_Seller3' located by 'By.xpath: //*[contains(@id, 'rc-tabs-')]/div[2]/div/div/div/div/div/div[2]/table/tbody/tr[4]/td[5]/p' is present after '1' second(s) (Root cause: com.kms.katalon.core.exception.StepFailedException: Web element with id: 'Object Repository/Stockbit/Bandarmology_Seller3' located by 'By.xpath: //*[contains(@id, 'rc-tabs-')]/div[2]/div/div/div/div/div/div[2]/table/tbody/tr[4]/td[5]/p' is present after '1' second(s)
	at com.kms.katalon.core.webui.keyword.internal.WebUIKeywordMain.stepFailed(WebUIKeywordMain.groovy:64)
	at com.kms.katalon.core.webui.keyword.internal.WebUIKeywordMain$stepFailed$0.call(Unknown Source)
	at com.kms.katalon.core.webui.keyword.builtin.VerifyElementNotPresentKeyword$_verifyElementNotPresent_closure1.doCall(VerifyElementNotPresentKeyword.groovy:106)
	at com.kms.katalon.core.webui.keyword.builtin.VerifyElementNotPresentKeyword$_verifyElementNotPresent_closure1.doCall(VerifyElementNotPresentKeyword.groovy)
	at com.kms.katalon.core.webui.keyword.internal.WebUIKeywordMain.runKeyword(WebUIKeywordMain.groovy:20)
	at com.kms.katalon.core.webui.keyword.internal.WebUIKeywordMain$runKeyword.call(Unknown Source)
	at com.kms.katalon.core.webui.keyword.builtin.VerifyElementNotPresentKeyword.verifyElementNotPresent(VerifyElementNotPresentKeyword.groovy:117)
	at com.kms.katalon.core.webui.keyword.builtin.VerifyElementNotPresentKeyword.execute(VerifyElementNotPresentKeyword.groovy:68)
	at com.kms.katalon.core.keyword.internal.KeywordExecutor.executeKeywordForPlatform(KeywordExecutor.groovy:74)
	at com.kms.katalon.core.webui.keyword.WebUiBuiltInKeywords.verifyElementNotPresent(WebUiBuiltInKeywords.groovy:1481)
	at com.kms.katalon.core.webui.keyword.WebUiBuiltInKeywords$verifyElementNotPresent$8.call(Unknown Source)
	at GetBrokSumPriceDaily.run(GetBrokSumPriceDaily:414)
	at com.kms.katalon.core.main.ScriptEngine.run(ScriptEngine.java:194)
	at com.kms.katalon.core.main.ScriptEngine.runScriptAsRawText(ScriptEngine.java:119)
	at com.kms.katalon.core.main.TestCaseExecutor.runScript(TestCaseExecutor.java:445)
	at com.kms.katalon.core.main.TestCaseExecutor.doExecute(TestCaseExecutor.java:436)
	at com.kms.katalon.core.main.TestCaseExecutor.processExecutionPhase(TestCaseExecutor.java:415)
	at com.kms.katalon.core.main.TestCaseExecutor.accessMainPhase(TestCaseExecutor.java:407)
	at com.kms.katalon.core.main.TestCaseExecutor.execute(TestCaseExecutor.java:284)
	at com.kms.katalon.core.common.CommonExecutor.accessTestCaseMainPhase(CommonExecutor.java:65)
	at com.kms.katalon.core.main.TestSuiteExecutor.accessTestSuiteMainPhase(TestSuiteExecutor.java:144)
	at com.kms.katalon.core.main.TestSuiteExecutor.execute(TestSuiteExecutor.java:106)
	at com.kms.katalon.core.main.TestCaseMain.startTestSuite(TestCaseMain.java:185)
	at com.kms.katalon.core.main.TestCaseMain$startTestSuite$0.call(Unknown Source)
	at TempTestSuite1705923140048.run(TempTestSuite1705923140048.groovy:36)
)

2024-01-22 18:48:58 - [MESSAGE][WARNING] - Web element with id: 'Object Repository/Stockbit/Bandarmology_Seller3' located by 'By.xpath: //*[contains(@id, 'rc-tabs-')]/div[2]/div/div/div/div/div/div[2]/table/tbody/tr[4]/td[5]/p' is present after '1' second(s) (Root cause: com.kms.katalon.core.exception.StepFailedException: Web element with id: 'Object Repository/Stockbit/Bandarmology_Seller3' located by 'By.xpath: //*[contains(@id, 'rc-tabs-')]/div[2]/div/div/div/div/div/div[2]/table/tbody/tr[4]/td[5]/p' is present after '1' second(s)
	at com.kms.katalon.core.webui.keyword.internal.WebUIKeywordMain.stepFailed(WebUIKeywordMain.groovy:64)
	at com.kms.katalon.core.webui.keyword.internal.WebUIKeywordMain$stepFailed$0.call(Unknown Source)
	at com.kms.katalon.core.webui.keyword.builtin.VerifyElementNotPresentKeyword$_verifyElementNotPresent_closure1.doCall(VerifyElementNotPresentKeyword.groovy:106)
	at com.kms.katalon.core.webui.keyword.builtin.VerifyElementNotPresentKeyword$_verifyElementNotPresent_closure1.doCall(VerifyElementNotPresentKeyword.groovy)
	at com.kms.katalon.core.webui.keyword.internal.WebUIKeywordMain.runKeyword(WebUIKeywordMain.groovy:20)
	at com.kms.katalon.core.webui.keyword.internal.WebUIKeywordMain$runKeyword.call(Unknown Source)
	at com.kms.katalon.core.webui.keyword.builtin.VerifyElementNotPresentKeyword.verifyElementNotPresent(VerifyElementNotPresentKeyword.groovy:117)
	at com.kms.katalon.core.webui.keyword.builtin.VerifyElementNotPresentKeyword.execute(VerifyElementNotPresentKeyword.groovy:68)
	at com.kms.katalon.core.keyword.internal.KeywordExecutor.executeKeywordForPlatform(KeywordExecutor.groovy:74)
	at com.kms.katalon.core.webui.keyword.WebUiBuiltInKeywords.verifyElementNotPresent(WebUiBuiltInKeywords.groovy:1481)
	at com.kms.katalon.core.webui.keyword.WebUiBuiltInKeywords$verifyElementNotPresent$8.call(Unknown Source)
	at GetBrokSumPriceDaily.run(GetBrokSumPriceDaily:414)
	at com.kms.katalon.core.main.ScriptEngine.run(ScriptEngine.java:194)
	at com.kms.katalon.core.main.ScriptEngine.runScriptAsRawText(ScriptEngine.java:119)
	at com.kms.katalon.core.main.TestCaseExecutor.runScript(TestCaseExecutor.java:445)
	at com.kms.katalon.core.main.TestCaseExecutor.doExecute(TestCaseExecutor.java:436)
	at com.kms.katalon.core.main.TestCaseExecutor.processExecutionPhase(TestCaseExecutor.java:415)
	at com.kms.katalon.core.main.TestCaseExecutor.accessMainPhase(TestCaseExecutor.java:407)
	at com.kms.katalon.core.main.TestCaseExecutor.execute(TestCaseExecutor.java:284)
	at com.kms.katalon.core.common.CommonExecutor.accessTestCaseMainPhase(CommonExecutor.java:65)
	at com.kms.katalon.core.main.TestSuiteExecutor.accessTestSuiteMainPhase(TestSuiteExecutor.java:144)
	at com.kms.katalon.core.main.TestSuiteExecutor.execute(TestSuiteExecutor.java:106)
	at com.kms.katalon.core.main.TestCaseMain.startTestSuite(TestCaseMain.java:185)
	at com.kms.katalon.core.main.TestCaseMain$startTestSuite$0.call(Unknown Source)
	at TempTestSuite1705923140048.run(TempTestSuite1705923140048.groovy:36)
)
[[ATTACHMENT|C:\\Users\\Fadli\\git\\KatalonDailyGetData2\\Reports\\20240122_174123\\TS1\\20240122_183220\\1705924138240.png]]

2024-01-22 18:48:58 - [TEST_STEP][PASSED] - else: null

2024-01-22 18:48:58 - [TEST_STEP][PASSED] - strSeller3 = getText(findTestObject("Stockbit/Bandarmology_Seller3")): Text of object 'Object Repository/Stockbit/Bandarmology_Seller3' is: 'DR'

2024-01-22 18:48:58 - [MESSAGE][PASSED] - Text of object 'Object Repository/Stockbit/Bandarmology_Seller3' is: 'DR'

2024-01-22 18:48:58 - [TEST_STEP][PASSED] - strSellerVol3 = getText(findTestObject("Stockbit/Bandarmology_SellerVol3")): Text of object 'Object Repository/Stockbit/Bandarmology_SellerVol3' is: '7.7 K'

2024-01-22 18:48:58 - [MESSAGE][PASSED] - Text of object 'Object Repository/Stockbit/Bandarmology_SellerVol3' is: '7.7 K'

2024-01-22 18:48:58 - [TEST_STEP][PASSED] - strSellerAvg3 = getText(findTestObject("Stockbit/Bandarmology_SellerAvg3")): Text of object 'Object Repository/Stockbit/Bandarmology_SellerAvg3' is: '61'

2024-01-22 18:48:58 - [MESSAGE][PASSED] - Text of object 'Object Repository/Stockbit/Bandarmology_SellerAvg3' is: '61'

2024-01-22 18:48:58 - [TEST_STEP][PASSED] - if (strSeller3 != ""): null

2024-01-22 18:48:58 - [TEST_STEP][PASSED] - if (strSellerAvg3.contains(",")): null

2024-01-22 18:48:58 - [TEST_STEP][PASSED] - if (strSellerVol3.contains(" B")): null

2024-01-22 18:48:58 - [TEST_STEP][PASSED] - else if (strSellerVol3.contains(" M")): null

2024-01-22 18:48:58 - [TEST_STEP][PASSED] - else if (strSellerVol3.contains(" K")): null

2024-01-22 18:48:58 - [TEST_STEP][PASSED] - strSellerVol3 = strSellerVol3.replace(" K", ""): null

2024-01-22 18:48:58 - [TEST_STEP][PASSED] - strSellerVol3 = strSellerVol3.toDouble() * 1000: null

2024-01-22 18:48:58 - [TEST_STEP][PASSED] - strAccDist = getText(findTestObject("Stockbit/Bandarmology_AccDist")): Text of object 'Object Repository/Stockbit/Bandarmology_AccDist' is: 'Dist'

2024-01-22 18:48:59 - [MESSAGE][PASSED] - Text of object 'Object Repository/Stockbit/Bandarmology_AccDist' is: 'Dist'

2024-01-22 18:48:59 - [TEST_STEP][PASSED] - strNetVol = getText(findTestObject("Stockbit/Bandarmology_NetVol")): Text of object 'Object Repository/Stockbit/Bandarmology_NetVol' is: '42,887'

2024-01-22 18:48:59 - [MESSAGE][PASSED] - Text of object 'Object Repository/Stockbit/Bandarmology_NetVol' is: '42,887'

2024-01-22 18:48:59 - [TEST_STEP][PASSED] - strNetVol = strNetVol.replace(",", ""): null

2024-01-22 18:48:59 - [TEST_STEP][PASSED] - strNetVal = getText(findTestObject("Stockbit/Bandarmology_NetVal")): Text of object 'Object Repository/Stockbit/Bandarmology_NetVal' is: '0.3 B'

2024-01-22 18:48:59 - [MESSAGE][PASSED] - Text of object 'Object Repository/Stockbit/Bandarmology_NetVal' is: '0.3 B'

2024-01-22 18:48:59 - [TEST_STEP][PASSED] - delay(3): Delayed 3 second(s)

2024-01-22 18:49:02 - [MESSAGE][PASSED] - Delayed 3 second(s)

2024-01-22 18:49:02 - [TEST_STEP][PASSED] - strOpenPrice = getText(findTestObject("Stockbit/Home_OpenPrice")): Text of object 'Object Repository/Stockbit/Home_OpenPrice' is: '62'

2024-01-22 18:49:02 - [MESSAGE][PASSED] - Text of object 'Object Repository/Stockbit/Home_OpenPrice' is: '62'

2024-01-22 18:49:02 - [TEST_STEP][PASSED] - strOpenPrice = strOpenPrice.replace(",", ""): null

2024-01-22 18:49:02 - [TEST_STEP][PASSED] - strLowPrice = getText(findTestObject("Stockbit/Home_LowPrice")): Text of object 'Object Repository/Stockbit/Home_LowPrice' is: '61'

2024-01-22 18:49:02 - [MESSAGE][PASSED] - Text of object 'Object Repository/Stockbit/Home_LowPrice' is: '61'

2024-01-22 18:49:02 - [TEST_STEP][PASSED] - strLowPrice = strLowPrice.replace(",", ""): null

2024-01-22 18:49:02 - [TEST_STEP][PASSED] - strHighPrice = getText(findTestObject("Stockbit/Home_HighPrice")): Text of object 'Object Repository/Stockbit/Home_HighPrice' is: '62'

2024-01-22 18:49:02 - [MESSAGE][PASSED] - Text of object 'Object Repository/Stockbit/Home_HighPrice' is: '62'

2024-01-22 18:49:02 - [TEST_STEP][PASSED] - strHighPrice = strHighPrice.replace(",", ""): null

2024-01-22 18:49:02 - [TEST_STEP][PASSED] - strClosePrice = getText(findTestObject("Stockbit/Home_ClosePrice")): Text of object 'Object Repository/Stockbit/Home_ClosePrice' is: '62'

2024-01-22 18:49:03 - [MESSAGE][PASSED] - Text of object 'Object Repository/Stockbit/Home_ClosePrice' is: '62'

2024-01-22 18:49:03 - [TEST_STEP][PASSED] - strClosePrice = strClosePrice.replace(",", ""): null

2024-01-22 18:49:03 - [TEST_STEP][PASSED] - strVol = getText(findTestObject("Stockbit/Home_Volume")): Text of object 'Object Repository/Stockbit/Home_Volume' is: '113 K'

2024-01-22 18:49:03 - [MESSAGE][PASSED] - Text of object 'Object Repository/Stockbit/Home_Volume' is: '113 K'

2024-01-22 18:49:03 - [TEST_STEP][PASSED] - if (strVol.contains(" K")): null

2024-01-22 18:49:03 - [TEST_STEP][PASSED] - strVol = strVol.replace(" K", "000"): null

2024-01-22 18:49:03 - [TEST_STEP][PASSED] - if (strVol.contains(",")): null

2024-01-22 18:49:03 - [TEST_STEP][PASSED] - strChange = getText(findTestObject("Stockbit/Home_Change")): Text of object 'Object Repository/Stockbit/Home_Change' is: '0.00%'

2024-01-22 18:49:03 - [MESSAGE][PASSED] - Text of object 'Object Repository/Stockbit/Home_Change' is: '0.00%'

2024-01-22 18:49:03 - [TEST_STEP][PASSED] - strChange = strChange.replace("%", ""): null

2024-01-22 18:49:03 - [TEST_STEP][PASSED] - strFreq = getText(findTestObject("Stockbit/Home_Freq")): Text of object 'Object Repository/Stockbit/Home_Freq' is: '157'

2024-01-22 18:49:03 - [MESSAGE][PASSED] - Text of object 'Object Repository/Stockbit/Home_Freq' is: '157'

2024-01-22 18:49:03 - [TEST_STEP][PASSED] - if (strFreq.contains(",")): null

2024-01-22 18:49:03 - [TEST_STEP][PASSED] - if (strFreq == "NA" || strFreq == ""): null

2024-01-22 18:49:03 - [TEST_STEP][PASSED] - else: null

2024-01-22 18:49:03 - [TEST_STEP][PASSED] - dblFreqAnal = strVol.toDouble() / strFreq.toDouble() * strFreq.toDouble() * strFreq.toDouble() * 100000000: null

2024-01-22 18:49:03 - [TEST_STEP][PASSED] - strFreqAnal = String.format("%.4f", dblFreqAnal): null

2024-01-22 18:49:03 - [TEST_STEP][PASSED] - out.println("Double strFreqAnal: " + strFreqAnal): null

2024-01-22 18:49:03 - [TEST_STEP][PASSED] - strTanggal = d.format(DateTimeFormatter.ofPattern("yyyy-MM-dd")): null

2024-01-22 18:49:03 - [TEST_STEP][PASSED] - strTanggal = "#" + strTanggal + "#": null

2024-01-22 18:49:03 - [TEST_STEP][PASSED] - strSQL = "select count(*) as JumBaris from TblBrokSum where Nama = '" + strNama + "' and Tanggal = " + strTanggal + "": null

2024-01-22 18:49:03 - [TEST_STEP][PASSED] - resultSet = statement.executeQuery(strSQL): null

2024-01-22 18:49:03 - [TEST_STEP][PASSED] - resultSet.next(): null

2024-01-22 18:49:03 - [TEST_STEP][PASSED] - intJumBaris = resultSet.getInt("JumBaris"): null

2024-01-22 18:49:03 - [TEST_STEP][PASSED] - if (intJumBaris > 0): null

2024-01-22 18:49:03 - [TEST_STEP][PASSED] - else: null

2024-01-22 18:49:03 - [TEST_STEP][PASSED] - try: null

2024-01-22 18:49:03 - [TEST_STEP][PASSED] - out.println("Insert data"): null

2024-01-22 18:49:03 - [TEST_STEP][PASSED] - strSQL = "insert into TblBrokSum (nama, tanggal, top1, top2, top3, AllBrokAvg, AccDist, AvgRP, " + "Buyer1, BuyerVal1, BuyerAvg1, Seller1, SellerVal1, SellerAvg1, Buyer2, BuyerVal2, BuyerAvg2, " + "Seller2, SellerVal2, SellerAvg2, Buyer3, BuyerVal3, BuyerAvg3, Seller3, SellerVal3, SellerAvg3, NetVol, NetVal, " + "OpenPrice, LowPrice, HighPrice, ClosePrice, Volume, Change, Frekuensi, FrekAnal) " + "values ('" + strNama + "', " + strTanggal + ", '" + strTop1 + "', '" + strTop3 + "', '" + strTop5 + "', " + "'" + strAllBrokAvg + "', '" + strAccDist + "', " + intAvgRP + ", '" + strBuyer1 + "', '" + strBuyerVol1 + "', " + strBuyerAvg1 + ", " + "'" + strSeller1 + "', '" + strSellerVol1 + "', " + strSellerAvg1 + ", '" + strBuyer2 + "', '" + strBuyerVol2 + "', " + strBuyerAvg2 + ", " + "'" + strSeller2 + "', '" + strSellerVol2 + "', " + strSellerAvg2 + ", '" + strBuyer3 + "', '" + strBuyerVol3 + "', " + strBuyerAvg3 + ", " + "'" + strSeller3 + "', '" + strSellerVol3 + "', " + strSellerAvg3 + ", " + strNetVol + ", '" + strNetVal + "', " + "" + strOpenPrice + ", " + strLowPrice + ", " + strHighPrice + ", " + strClosePrice + ", '" + strVol + "', " + strChange + ", " + strFreq + ", " + strFreqAnal + ");": null

2024-01-22 18:49:03 - [TEST_STEP][PASSED] - out.println("strSQL = " + strSQL): null

2024-01-22 18:49:03 - [TEST_STEP][PASSED] - statement.executeUpdate(strSQL): null

2024-01-22 18:49:03 - [TEST_STEP][PASSED] - setValueToCellByIndex(sheet01, rowIndex, 4, "DONE"): null

2024-01-22 18:49:03 - [TEST_STEP][PASSED] - saveWorkbook(excelFilePath, workbook01): null

2024-01-22 18:49:03 - [TEST_STEP][PASSED] - waitForElementClickable(findTestObject("Stockbit/menu_Bandarmology"), 10): Object 'Object Repository/Stockbit/menu_Bandarmology' is clickable

2024-01-22 18:49:03 - [MESSAGE][PASSED] - Object 'Object Repository/Stockbit/menu_Bandarmology' is clickable

2024-01-22 18:49:03 - [TEST_STEP][PASSED] - click(findTestObject("Stockbit/menu_Bandarmology")): Object: 'Object Repository/Stockbit/menu_Bandarmology' is clicked on

2024-01-22 18:49:04 - [MESSAGE][PASSED] - Object: 'Object Repository/Stockbit/menu_Bandarmology' is clicked on

2024-01-22 18:49:04 - [TEST_STEP][PASSED] - strTemp = "NA": null

2024-01-22 18:49:04 - [TEST_STEP][PASSED] - if (getCellValueByIndex(sheet01, rowIndex, 4) != "DONE"): Object: 'Object Repository/Stockbit/menu_Bandarmology' is clicked on

2024-01-22 18:49:04 - [TEST_STEP][PASSED] - strNama = getCellValueByIndex(sheet01, rowIndex, 0): null

2024-01-22 18:49:04 - [TEST_STEP][PASSED] - navigateToUrl("https://stockbit.com/#/symbol/" + strNama): Navigate to 'https://stockbit.com/#/symbol/NICL' successfully

2024-01-22 18:49:05 - [MESSAGE][PASSED] - Navigate to 'https://stockbit.com/#/symbol/NICL' successfully

2024-01-22 18:49:05 - [TEST_STEP][PASSED] - waitForElementClickable(findTestObject("Stockbit/menu_Bandarmology"), 10): Object 'Object Repository/Stockbit/menu_Bandarmology' is clickable

2024-01-22 18:49:05 - [MESSAGE][PASSED] - Object 'Object Repository/Stockbit/menu_Bandarmology' is clickable

2024-01-22 18:49:05 - [TEST_STEP][PASSED] - click(findTestObject("Stockbit/menu_Bandarmology")): Object: 'Object Repository/Stockbit/menu_Bandarmology' is clicked on

2024-01-22 18:49:06 - [MESSAGE][PASSED] - Object: 'Object Repository/Stockbit/menu_Bandarmology' is clicked on

2024-01-22 18:49:06 - [TEST_STEP][PASSED] - strTanggal = d.format(DateTimeFormatter.ofPattern("MMM dd, yyyy")): null

2024-01-22 18:49:06 - [TEST_STEP][PASSED] - strTanggal = d.format(ISO_DATE): null

2024-01-22 18:49:06 - [TEST_STEP][PASSED] - out.println("strTanggal = " + strTanggal): null

2024-01-22 18:49:06 - [TEST_STEP][PASSED] - out.println("strNama = " + strNama): null

2024-01-22 18:49:06 - [TEST_STEP][PASSED] - out.println("Baris ke = " + rowIndex): null

2024-01-22 18:49:06 - [TEST_STEP][PASSED] - click(findTestObject("Stockbit/input__BandarmologyOpenStartDate")): Object: 'Object Repository/Stockbit/input__BandarmologyOpenStartDate' is clicked on

2024-01-22 18:49:08 - [MESSAGE][PASSED] - Object: 'Object Repository/Stockbit/input__BandarmologyOpenStartDate' is clicked on

2024-01-22 18:49:08 - [TEST_STEP][PASSED] - sendKeys(findTestObject("Stockbit/input__BandarmologyOpenStartDate"), Keys.chord(CONTROL, "a")): Keys 'CONTROL + a' sent to object: 'Object Repository/Stockbit/input__BandarmologyOpenStartDate'

2024-01-22 18:49:08 - [MESSAGE][PASSED] - Keys 'CONTROL + a' sent to object: 'Object Repository/Stockbit/input__BandarmologyOpenStartDate'

2024-01-22 18:49:08 - [TEST_STEP][PASSED] - sendKeys(findTestObject("Stockbit/input__BandarmologyOpenStartDate"), Keys.chord(BACK_SPACE)): Keys 'BACK_SPACE + ' sent to object: 'Object Repository/Stockbit/input__BandarmologyOpenStartDate'

2024-01-22 18:49:08 - [MESSAGE][PASSED] - Keys 'BACK_SPACE + ' sent to object: 'Object Repository/Stockbit/input__BandarmologyOpenStartDate'

2024-01-22 18:49:08 - [TEST_STEP][PASSED] - setText(findTestObject("Stockbit/input__BandarmologyOpenStartDate"), strTanggal): Text '2024-01-22' is set on object 'Object Repository/Stockbit/input__BandarmologyOpenStartDate'

2024-01-22 18:49:09 - [MESSAGE][PASSED] - Text '2024-01-22' is set on object 'Object Repository/Stockbit/input__BandarmologyOpenStartDate'

2024-01-22 18:49:09 - [TEST_STEP][PASSED] - sendKeys(findTestObject("Stockbit/input__BandarmologyOpenStartDate"), Keys.chord(ENTER)): Keys 'ENTER + ' sent to object: 'Object Repository/Stockbit/input__BandarmologyOpenStartDate'

2024-01-22 18:49:09 - [MESSAGE][PASSED] - Keys 'ENTER + ' sent to object: 'Object Repository/Stockbit/input__BandarmologyOpenStartDate'

2024-01-22 18:49:09 - [TEST_STEP][PASSED] - click(findTestObject("Stockbit/input__BandarmologyOpenEndDate")): Object: 'Object Repository/Stockbit/input__BandarmologyOpenEndDate' is clicked on

2024-01-22 18:49:10 - [MESSAGE][PASSED] - Object: 'Object Repository/Stockbit/input__BandarmologyOpenEndDate' is clicked on

2024-01-22 18:49:10 - [TEST_STEP][PASSED] - sendKeys(findTestObject("Stockbit/input__BandarmologyOpenEndDate"), Keys.chord(CONTROL, "a")): Keys 'CONTROL + a' sent to object: 'Object Repository/Stockbit/input__BandarmologyOpenEndDate'

2024-01-22 18:49:10 - [MESSAGE][PASSED] - Keys 'CONTROL + a' sent to object: 'Object Repository/Stockbit/input__BandarmologyOpenEndDate'

2024-01-22 18:49:10 - [TEST_STEP][PASSED] - sendKeys(findTestObject("Stockbit/input__BandarmologyOpenEndDate"), Keys.chord(BACK_SPACE)): Keys 'BACK_SPACE + ' sent to object: 'Object Repository/Stockbit/input__BandarmologyOpenEndDate'

2024-01-22 18:49:11 - [MESSAGE][PASSED] - Keys 'BACK_SPACE + ' sent to object: 'Object Repository/Stockbit/input__BandarmologyOpenEndDate'

2024-01-22 18:49:11 - [TEST_STEP][PASSED] - setText(findTestObject("Stockbit/input__BandarmologyOpenEndDate"), strTanggal): Text '2024-01-22' is set on object 'Object Repository/Stockbit/input__BandarmologyOpenEndDate'

2024-01-22 18:49:11 - [MESSAGE][PASSED] - Text '2024-01-22' is set on object 'Object Repository/Stockbit/input__BandarmologyOpenEndDate'

2024-01-22 18:49:11 - [TEST_STEP][PASSED] - sendKeys(findTestObject("Stockbit/input__BandarmologyOpenEndDate"), Keys.chord(ENTER)): Keys 'ENTER + ' sent to object: 'Object Repository/Stockbit/input__BandarmologyOpenEndDate'

2024-01-22 18:49:12 - [MESSAGE][PASSED] - Keys 'ENTER + ' sent to object: 'Object Repository/Stockbit/input__BandarmologyOpenEndDate'

2024-01-22 18:49:12 - [TEST_STEP][PASSED] - delay(2): Delayed 2 second(s)

2024-01-22 18:49:14 - [MESSAGE][PASSED] - Delayed 2 second(s)

2024-01-22 18:49:14 - [TEST_STEP][PASSED] - strTemp = getText(findTestObject("Stockbit/Bandarmology_AvgRP")): Text of object 'Object Repository/Stockbit/Bandarmology_AvgRP' is: '213'

2024-01-22 18:49:14 - [MESSAGE][PASSED] - Text of object 'Object Repository/Stockbit/Bandarmology_AvgRP' is: '213'

2024-01-22 18:49:14 - [TEST_STEP][PASSED] - out.println("Bandarmology_AvgRP = " + strTemp): null

2024-01-22 18:49:14 - [TEST_STEP][PASSED] - if (strTemp != "0"): null

2024-01-22 18:49:14 - [TEST_STEP][PASSED] - strTop1 = getText(findTestObject("Stockbit/Bandarmology_Top1")): Text of object 'Object Repository/Stockbit/Bandarmology_Top1' is: 'Neutral'

2024-01-22 18:49:14 - [MESSAGE][PASSED] - Text of object 'Object Repository/Stockbit/Bandarmology_Top1' is: 'Neutral'

2024-01-22 18:49:14 - [TEST_STEP][PASSED] - strTop3 = getText(findTestObject("Stockbit/Bandarmology_Top3")): Text of object 'Object Repository/Stockbit/Bandarmology_Top3' is: 'Big Acc'

2024-01-22 18:49:14 - [MESSAGE][PASSED] - Text of object 'Object Repository/Stockbit/Bandarmology_Top3' is: 'Big Acc'

2024-01-22 18:49:14 - [TEST_STEP][PASSED] - strTop5 = getText(findTestObject("Stockbit/Bandarmology_Top5")): Text of object 'Object Repository/Stockbit/Bandarmology_Top5' is: 'Big Acc'

2024-01-22 18:49:14 - [MESSAGE][PASSED] - Text of object 'Object Repository/Stockbit/Bandarmology_Top5' is: 'Big Acc'

2024-01-22 18:49:14 - [TEST_STEP][PASSED] - strAllBrokAvg = getText(findTestObject("Stockbit/Bandarmology_TopAVG")): Text of object 'Object Repository/Stockbit/Bandarmology_TopAVG' is: 'Big Acc'

2024-01-22 18:49:14 - [MESSAGE][PASSED] - Text of object 'Object Repository/Stockbit/Bandarmology_TopAVG' is: 'Big Acc'

2024-01-22 18:49:14 - [TEST_STEP][PASSED] - strTemp = getText(findTestObject("Stockbit/Bandarmology_AvgRP")): Text of object 'Object Repository/Stockbit/Bandarmology_AvgRP' is: '213'

2024-01-22 18:49:14 - [MESSAGE][PASSED] - Text of object 'Object Repository/Stockbit/Bandarmology_AvgRP' is: '213'

2024-01-22 18:49:14 - [TEST_STEP][PASSED] - if (strTemp.contains(",")): null

2024-01-22 18:49:14 - [TEST_STEP][PASSED] - intAvgRP = strTemp.toInteger(): null

2024-01-22 18:49:14 - [TEST_STEP][PASSED] - strBuyer1 = getText(findTestObject("Stockbit/Bandarmology_Buyer1")): Text of object 'Object Repository/Stockbit/Bandarmology_Buyer1' is: 'JB'

2024-01-22 18:49:15 - [MESSAGE][PASSED] - Text of object 'Object Repository/Stockbit/Bandarmology_Buyer1' is: 'JB'

2024-01-22 18:49:15 - [TEST_STEP][PASSED] - strBuyerVol1 = getText(findTestObject("Stockbit/Bandarmology_BuyerVol1")): Text of object 'Object Repository/Stockbit/Bandarmology_BuyerVol1' is: '3.2 K'

2024-01-22 18:49:15 - [MESSAGE][PASSED] - Text of object 'Object Repository/Stockbit/Bandarmology_BuyerVol1' is: '3.2 K'

2024-01-22 18:49:15 - [TEST_STEP][PASSED] - strBuyerAvg1 = getText(findTestObject("Stockbit/Bandarmology_BuyerAvg1")): Text of object 'Object Repository/Stockbit/Bandarmology_BuyerAvg1' is: '212'

2024-01-22 18:49:15 - [MESSAGE][PASSED] - Text of object 'Object Repository/Stockbit/Bandarmology_BuyerAvg1' is: '212'

2024-01-22 18:49:15 - [TEST_STEP][PASSED] - if (strBuyerAvg1.contains(",")): null

2024-01-22 18:49:15 - [TEST_STEP][PASSED] - if (strBuyerVol1.contains(" B")): null

2024-01-22 18:49:15 - [TEST_STEP][PASSED] - else if (strBuyerVol1.contains(" M")): null

2024-01-22 18:49:15 - [TEST_STEP][PASSED] - else if (strBuyerVol1.contains(" K")): null

2024-01-22 18:49:15 - [TEST_STEP][PASSED] - strBuyerVol1 = strBuyerVol1.replace(" K", ""): null

2024-01-22 18:49:15 - [TEST_STEP][PASSED] - strBuyerVol1 = strBuyerVol1.toDouble() * 1000: null

2024-01-22 18:49:15 - [TEST_STEP][PASSED] - strSeller1 = getText(findTestObject("Stockbit/Bandarmology_Seller1")): Text of object 'Object Repository/Stockbit/Bandarmology_Seller1' is: 'CC'

2024-01-22 18:49:15 - [MESSAGE][PASSED] - Text of object 'Object Repository/Stockbit/Bandarmology_Seller1' is: 'CC'

2024-01-22 18:49:15 - [TEST_STEP][PASSED] - strSellerVol1 = getText(findTestObject("Stockbit/Bandarmology_SellerVol1")): Text of object 'Object Repository/Stockbit/Bandarmology_SellerVol1' is: '2.9 K'

2024-01-22 18:49:15 - [MESSAGE][PASSED] - Text of object 'Object Repository/Stockbit/Bandarmology_SellerVol1' is: '2.9 K'

2024-01-22 18:49:15 - [TEST_STEP][PASSED] - strSellerAvg1 = getText(findTestObject("Stockbit/Bandarmology_SellerAvg1")): Text of object 'Object Repository/Stockbit/Bandarmology_SellerAvg1' is: '213'

2024-01-22 18:49:15 - [MESSAGE][PASSED] - Text of object 'Object Repository/Stockbit/Bandarmology_SellerAvg1' is: '213'

2024-01-22 18:49:15 - [TEST_STEP][PASSED] - if (strSellerAvg1.contains(",")): null

2024-01-22 18:49:15 - [TEST_STEP][PASSED] - if (strSellerVol1.contains(" B")): null

2024-01-22 18:49:15 - [TEST_STEP][PASSED] - else if (strSellerVol1.contains(" M")): null

2024-01-22 18:49:15 - [TEST_STEP][PASSED] - else if (strSellerVol1.contains(" K")): null

2024-01-22 18:49:15 - [TEST_STEP][PASSED] - strSellerVol1 = strSellerVol1.replace(" K", ""): null

2024-01-22 18:49:15 - [TEST_STEP][PASSED] - strSellerVol1 = strSellerVol1.toDouble() * 1000: null

2024-01-22 18:49:15 - [TEST_STEP][PASSED] - if (verifyElementNotPresent(findTestObject("Stockbit/Bandarmology_Buyer2"), 1, OPTIONAL)): Web element with id: 'Object Repository/Stockbit/Bandarmology_Buyer2' located by 'By.xpath: //*[contains(@id, 'rc-tabs-')]/div[2]/div/div/div/div/div/div[2]/table/tbody/tr[3]/td[1]/p' is present after '1' second(s) (Root cause: com.kms.katalon.core.exception.StepFailedException: Web element with id: 'Object Repository/Stockbit/Bandarmology_Buyer2' located by 'By.xpath: //*[contains(@id, 'rc-tabs-')]/div[2]/div/div/div/div/div/div[2]/table/tbody/tr[3]/td[1]/p' is present after '1' second(s)
	at com.kms.katalon.core.webui.keyword.internal.WebUIKeywordMain.stepFailed(WebUIKeywordMain.groovy:64)
	at com.kms.katalon.core.webui.keyword.internal.WebUIKeywordMain$stepFailed$0.call(Unknown Source)
	at com.kms.katalon.core.webui.keyword.builtin.VerifyElementNotPresentKeyword$_verifyElementNotPresent_closure1.doCall(VerifyElementNotPresentKeyword.groovy:106)
	at com.kms.katalon.core.webui.keyword.builtin.VerifyElementNotPresentKeyword$_verifyElementNotPresent_closure1.doCall(VerifyElementNotPresentKeyword.groovy)
	at com.kms.katalon.core.webui.keyword.internal.WebUIKeywordMain.runKeyword(WebUIKeywordMain.groovy:20)
	at com.kms.katalon.core.webui.keyword.internal.WebUIKeywordMain$runKeyword.call(Unknown Source)
	at com.kms.katalon.core.webui.keyword.builtin.VerifyElementNotPresentKeyword.verifyElementNotPresent(VerifyElementNotPresentKeyword.groovy:117)
	at com.kms.katalon.core.webui.keyword.builtin.VerifyElementNotPresentKeyword.execute(VerifyElementNotPresentKeyword.groovy:68)
	at com.kms.katalon.core.keyword.internal.KeywordExecutor.executeKeywordForPlatform(KeywordExecutor.groovy:74)
	at com.kms.katalon.core.webui.keyword.WebUiBuiltInKeywords.verifyElementNotPresent(WebUiBuiltInKeywords.groovy:1481)
	at com.kms.katalon.core.webui.keyword.WebUiBuiltInKeywords$verifyElementNotPresent$8.call(Unknown Source)
	at GetBrokSumPriceDaily.run(GetBrokSumPriceDaily:258)
	at com.kms.katalon.core.main.ScriptEngine.run(ScriptEngine.java:194)
	at com.kms.katalon.core.main.ScriptEngine.runScriptAsRawText(ScriptEngine.java:119)
	at com.kms.katalon.core.main.TestCaseExecutor.runScript(TestCaseExecutor.java:445)
	at com.kms.katalon.core.main.TestCaseExecutor.doExecute(TestCaseExecutor.java:436)
	at com.kms.katalon.core.main.TestCaseExecutor.processExecutionPhase(TestCaseExecutor.java:415)
	at com.kms.katalon.core.main.TestCaseExecutor.accessMainPhase(TestCaseExecutor.java:407)
	at com.kms.katalon.core.main.TestCaseExecutor.execute(TestCaseExecutor.java:284)
	at com.kms.katalon.core.common.CommonExecutor.accessTestCaseMainPhase(CommonExecutor.java:65)
	at com.kms.katalon.core.main.TestSuiteExecutor.accessTestSuiteMainPhase(TestSuiteExecutor.java:144)
	at com.kms.katalon.core.main.TestSuiteExecutor.execute(TestSuiteExecutor.java:106)
	at com.kms.katalon.core.main.TestCaseMain.startTestSuite(TestCaseMain.java:185)
	at com.kms.katalon.core.main.TestCaseMain$startTestSuite$0.call(Unknown Source)
	at TempTestSuite1705923140048.run(TempTestSuite1705923140048.groovy:36)
)

2024-01-22 18:49:16 - [MESSAGE][WARNING] - Web element with id: 'Object Repository/Stockbit/Bandarmology_Buyer2' located by 'By.xpath: //*[contains(@id, 'rc-tabs-')]/div[2]/div/div/div/div/div/div[2]/table/tbody/tr[3]/td[1]/p' is present after '1' second(s) (Root cause: com.kms.katalon.core.exception.StepFailedException: Web element with id: 'Object Repository/Stockbit/Bandarmology_Buyer2' located by 'By.xpath: //*[contains(@id, 'rc-tabs-')]/div[2]/div/div/div/div/div/div[2]/table/tbody/tr[3]/td[1]/p' is present after '1' second(s)
	at com.kms.katalon.core.webui.keyword.internal.WebUIKeywordMain.stepFailed(WebUIKeywordMain.groovy:64)
	at com.kms.katalon.core.webui.keyword.internal.WebUIKeywordMain$stepFailed$0.call(Unknown Source)
	at com.kms.katalon.core.webui.keyword.builtin.VerifyElementNotPresentKeyword$_verifyElementNotPresent_closure1.doCall(VerifyElementNotPresentKeyword.groovy:106)
	at com.kms.katalon.core.webui.keyword.builtin.VerifyElementNotPresentKeyword$_verifyElementNotPresent_closure1.doCall(VerifyElementNotPresentKeyword.groovy)
	at com.kms.katalon.core.webui.keyword.internal.WebUIKeywordMain.runKeyword(WebUIKeywordMain.groovy:20)
	at com.kms.katalon.core.webui.keyword.internal.WebUIKeywordMain$runKeyword.call(Unknown Source)
	at com.kms.katalon.core.webui.keyword.builtin.VerifyElementNotPresentKeyword.verifyElementNotPresent(VerifyElementNotPresentKeyword.groovy:117)
	at com.kms.katalon.core.webui.keyword.builtin.VerifyElementNotPresentKeyword.execute(VerifyElementNotPresentKeyword.groovy:68)
	at com.kms.katalon.core.keyword.internal.KeywordExecutor.executeKeywordForPlatform(KeywordExecutor.groovy:74)
	at com.kms.katalon.core.webui.keyword.WebUiBuiltInKeywords.verifyElementNotPresent(WebUiBuiltInKeywords.groovy:1481)
	at com.kms.katalon.core.webui.keyword.WebUiBuiltInKeywords$verifyElementNotPresent$8.call(Unknown Source)
	at GetBrokSumPriceDaily.run(GetBrokSumPriceDaily:258)
	at com.kms.katalon.core.main.ScriptEngine.run(ScriptEngine.java:194)
	at com.kms.katalon.core.main.ScriptEngine.runScriptAsRawText(ScriptEngine.java:119)
	at com.kms.katalon.core.main.TestCaseExecutor.runScript(TestCaseExecutor.java:445)
	at com.kms.katalon.core.main.TestCaseExecutor.doExecute(TestCaseExecutor.java:436)
	at com.kms.katalon.core.main.TestCaseExecutor.processExecutionPhase(TestCaseExecutor.java:415)
	at com.kms.katalon.core.main.TestCaseExecutor.accessMainPhase(TestCaseExecutor.java:407)
	at com.kms.katalon.core.main.TestCaseExecutor.execute(TestCaseExecutor.java:284)
	at com.kms.katalon.core.common.CommonExecutor.accessTestCaseMainPhase(CommonExecutor.java:65)
	at com.kms.katalon.core.main.TestSuiteExecutor.accessTestSuiteMainPhase(TestSuiteExecutor.java:144)
	at com.kms.katalon.core.main.TestSuiteExecutor.execute(TestSuiteExecutor.java:106)
	at com.kms.katalon.core.main.TestCaseMain.startTestSuite(TestCaseMain.java:185)
	at com.kms.katalon.core.main.TestCaseMain$startTestSuite$0.call(Unknown Source)
	at TempTestSuite1705923140048.run(TempTestSuite1705923140048.groovy:36)
)
[[ATTACHMENT|C:\\Users\\Fadli\\git\\KatalonDailyGetData2\\Reports\\20240122_174123\\TS1\\20240122_183220\\1705924156727.png]]

2024-01-22 18:49:16 - [TEST_STEP][PASSED] - else: null

2024-01-22 18:49:16 - [TEST_STEP][PASSED] - strBuyer2 = getText(findTestObject("Stockbit/Bandarmology_Buyer2")): Text of object 'Object Repository/Stockbit/Bandarmology_Buyer2' is: 'CP'

2024-01-22 18:49:17 - [MESSAGE][PASSED] - Text of object 'Object Repository/Stockbit/Bandarmology_Buyer2' is: 'CP'

2024-01-22 18:49:17 - [TEST_STEP][PASSED] - strBuyerVol2 = getText(findTestObject("Stockbit/Bandarmology_BuyerVol2")): Text of object 'Object Repository/Stockbit/Bandarmology_BuyerVol2' is: '2.8 K'

2024-01-22 18:49:17 - [MESSAGE][PASSED] - Text of object 'Object Repository/Stockbit/Bandarmology_BuyerVol2' is: '2.8 K'

2024-01-22 18:49:17 - [TEST_STEP][PASSED] - strBuyerAvg2 = getText(findTestObject("Stockbit/Bandarmology_BuyerAvg2")): Text of object 'Object Repository/Stockbit/Bandarmology_BuyerAvg2' is: '212'

2024-01-22 18:49:17 - [MESSAGE][PASSED] - Text of object 'Object Repository/Stockbit/Bandarmology_BuyerAvg2' is: '212'

2024-01-22 18:49:17 - [TEST_STEP][PASSED] - if (strBuyer2 != ""): null

2024-01-22 18:49:17 - [TEST_STEP][PASSED] - if (strBuyerAvg2.contains(",")): null

2024-01-22 18:49:17 - [TEST_STEP][PASSED] - if (strBuyerVol2.contains(" B")): null

2024-01-22 18:49:17 - [TEST_STEP][PASSED] - else if (strBuyerVol2.contains(" M")): null

2024-01-22 18:49:17 - [TEST_STEP][PASSED] - else if (strBuyerVol2.contains(" K")): null

2024-01-22 18:49:17 - [TEST_STEP][PASSED] - strBuyerVol2 = strBuyerVol2.replace(" K", ""): null

2024-01-22 18:49:17 - [TEST_STEP][PASSED] - strBuyerVol2 = strBuyerVol2.toDouble() * 1000: null

2024-01-22 18:49:17 - [TEST_STEP][PASSED] - if (strBuyerVol2.contains(".")): null

2024-01-22 18:49:17 - [TEST_STEP][PASSED] - strBuyerVal2 = strBuyerVol2.replace(".", ""): null

2024-01-22 18:49:17 - [TEST_STEP][PASSED] - if (verifyElementNotPresent(findTestObject("Stockbit/Bandarmology_Seller2"), 1, OPTIONAL)): Web element with id: 'Object Repository/Stockbit/Bandarmology_Seller2' located by 'By.xpath: //*[contains(@id, 'rc-tabs-')]/div[2]/div/div/div/div/div/div[2]/table/tbody/tr[3]/td[5]/p' is present after '1' second(s) (Root cause: com.kms.katalon.core.exception.StepFailedException: Web element with id: 'Object Repository/Stockbit/Bandarmology_Seller2' located by 'By.xpath: //*[contains(@id, 'rc-tabs-')]/div[2]/div/div/div/div/div/div[2]/table/tbody/tr[3]/td[5]/p' is present after '1' second(s)
	at com.kms.katalon.core.webui.keyword.internal.WebUIKeywordMain.stepFailed(WebUIKeywordMain.groovy:64)
	at com.kms.katalon.core.webui.keyword.internal.WebUIKeywordMain$stepFailed$0.call(Unknown Source)
	at com.kms.katalon.core.webui.keyword.builtin.VerifyElementNotPresentKeyword$_verifyElementNotPresent_closure1.doCall(VerifyElementNotPresentKeyword.groovy:106)
	at com.kms.katalon.core.webui.keyword.builtin.VerifyElementNotPresentKeyword$_verifyElementNotPresent_closure1.doCall(VerifyElementNotPresentKeyword.groovy)
	at com.kms.katalon.core.webui.keyword.internal.WebUIKeywordMain.runKeyword(WebUIKeywordMain.groovy:20)
	at com.kms.katalon.core.webui.keyword.internal.WebUIKeywordMain$runKeyword.call(Unknown Source)
	at com.kms.katalon.core.webui.keyword.builtin.VerifyElementNotPresentKeyword.verifyElementNotPresent(VerifyElementNotPresentKeyword.groovy:117)
	at com.kms.katalon.core.webui.keyword.builtin.VerifyElementNotPresentKeyword.execute(VerifyElementNotPresentKeyword.groovy:68)
	at com.kms.katalon.core.keyword.internal.KeywordExecutor.executeKeywordForPlatform(KeywordExecutor.groovy:74)
	at com.kms.katalon.core.webui.keyword.WebUiBuiltInKeywords.verifyElementNotPresent(WebUiBuiltInKeywords.groovy:1481)
	at com.kms.katalon.core.webui.keyword.WebUiBuiltInKeywords$verifyElementNotPresent$8.call(Unknown Source)
	at GetBrokSumPriceDaily.run(GetBrokSumPriceDaily:309)
	at com.kms.katalon.core.main.ScriptEngine.run(ScriptEngine.java:194)
	at com.kms.katalon.core.main.ScriptEngine.runScriptAsRawText(ScriptEngine.java:119)
	at com.kms.katalon.core.main.TestCaseExecutor.runScript(TestCaseExecutor.java:445)
	at com.kms.katalon.core.main.TestCaseExecutor.doExecute(TestCaseExecutor.java:436)
	at com.kms.katalon.core.main.TestCaseExecutor.processExecutionPhase(TestCaseExecutor.java:415)
	at com.kms.katalon.core.main.TestCaseExecutor.accessMainPhase(TestCaseExecutor.java:407)
	at com.kms.katalon.core.main.TestCaseExecutor.execute(TestCaseExecutor.java:284)
	at com.kms.katalon.core.common.CommonExecutor.accessTestCaseMainPhase(CommonExecutor.java:65)
	at com.kms.katalon.core.main.TestSuiteExecutor.accessTestSuiteMainPhase(TestSuiteExecutor.java:144)
	at com.kms.katalon.core.main.TestSuiteExecutor.execute(TestSuiteExecutor.java:106)
	at com.kms.katalon.core.main.TestCaseMain.startTestSuite(TestCaseMain.java:185)
	at com.kms.katalon.core.main.TestCaseMain$startTestSuite$0.call(Unknown Source)
	at TempTestSuite1705923140048.run(TempTestSuite1705923140048.groovy:36)
)

2024-01-22 18:49:18 - [MESSAGE][WARNING] - Web element with id: 'Object Repository/Stockbit/Bandarmology_Seller2' located by 'By.xpath: //*[contains(@id, 'rc-tabs-')]/div[2]/div/div/div/div/div/div[2]/table/tbody/tr[3]/td[5]/p' is present after '1' second(s) (Root cause: com.kms.katalon.core.exception.StepFailedException: Web element with id: 'Object Repository/Stockbit/Bandarmology_Seller2' located by 'By.xpath: //*[contains(@id, 'rc-tabs-')]/div[2]/div/div/div/div/div/div[2]/table/tbody/tr[3]/td[5]/p' is present after '1' second(s)
	at com.kms.katalon.core.webui.keyword.internal.WebUIKeywordMain.stepFailed(WebUIKeywordMain.groovy:64)
	at com.kms.katalon.core.webui.keyword.internal.WebUIKeywordMain$stepFailed$0.call(Unknown Source)
	at com.kms.katalon.core.webui.keyword.builtin.VerifyElementNotPresentKeyword$_verifyElementNotPresent_closure1.doCall(VerifyElementNotPresentKeyword.groovy:106)
	at com.kms.katalon.core.webui.keyword.builtin.VerifyElementNotPresentKeyword$_verifyElementNotPresent_closure1.doCall(VerifyElementNotPresentKeyword.groovy)
	at com.kms.katalon.core.webui.keyword.internal.WebUIKeywordMain.runKeyword(WebUIKeywordMain.groovy:20)
	at com.kms.katalon.core.webui.keyword.internal.WebUIKeywordMain$runKeyword.call(Unknown Source)
	at com.kms.katalon.core.webui.keyword.builtin.VerifyElementNotPresentKeyword.verifyElementNotPresent(VerifyElementNotPresentKeyword.groovy:117)
	at com.kms.katalon.core.webui.keyword.builtin.VerifyElementNotPresentKeyword.execute(VerifyElementNotPresentKeyword.groovy:68)
	at com.kms.katalon.core.keyword.internal.KeywordExecutor.executeKeywordForPlatform(KeywordExecutor.groovy:74)
	at com.kms.katalon.core.webui.keyword.WebUiBuiltInKeywords.verifyElementNotPresent(WebUiBuiltInKeywords.groovy:1481)
	at com.kms.katalon.core.webui.keyword.WebUiBuiltInKeywords$verifyElementNotPresent$8.call(Unknown Source)
	at GetBrokSumPriceDaily.run(GetBrokSumPriceDaily:309)
	at com.kms.katalon.core.main.ScriptEngine.run(ScriptEngine.java:194)
	at com.kms.katalon.core.main.ScriptEngine.runScriptAsRawText(ScriptEngine.java:119)
	at com.kms.katalon.core.main.TestCaseExecutor.runScript(TestCaseExecutor.java:445)
	at com.kms.katalon.core.main.TestCaseExecutor.doExecute(TestCaseExecutor.java:436)
	at com.kms.katalon.core.main.TestCaseExecutor.processExecutionPhase(TestCaseExecutor.java:415)
	at com.kms.katalon.core.main.TestCaseExecutor.accessMainPhase(TestCaseExecutor.java:407)
	at com.kms.katalon.core.main.TestCaseExecutor.execute(TestCaseExecutor.java:284)
	at com.kms.katalon.core.common.CommonExecutor.accessTestCaseMainPhase(CommonExecutor.java:65)
	at com.kms.katalon.core.main.TestSuiteExecutor.accessTestSuiteMainPhase(TestSuiteExecutor.java:144)
	at com.kms.katalon.core.main.TestSuiteExecutor.execute(TestSuiteExecutor.java:106)
	at com.kms.katalon.core.main.TestCaseMain.startTestSuite(TestCaseMain.java:185)
	at com.kms.katalon.core.main.TestCaseMain$startTestSuite$0.call(Unknown Source)
	at TempTestSuite1705923140048.run(TempTestSuite1705923140048.groovy:36)
)
[[ATTACHMENT|C:\\Users\\Fadli\\git\\KatalonDailyGetData2\\Reports\\20240122_174123\\TS1\\20240122_183220\\1705924158452.png]]

2024-01-22 18:49:18 - [TEST_STEP][PASSED] - else: null

2024-01-22 18:49:18 - [TEST_STEP][PASSED] - strSeller2 = getText(findTestObject("Stockbit/Bandarmology_Seller2")): Text of object 'Object Repository/Stockbit/Bandarmology_Seller2' is: 'GR'

2024-01-22 18:49:18 - [MESSAGE][PASSED] - Text of object 'Object Repository/Stockbit/Bandarmology_Seller2' is: 'GR'

2024-01-22 18:49:18 - [TEST_STEP][PASSED] - strSellerVol2 = getText(findTestObject("Stockbit/Bandarmology_SellerVol2")): Text of object 'Object Repository/Stockbit/Bandarmology_SellerVol2' is: '1.7 K'

2024-01-22 18:49:18 - [MESSAGE][PASSED] - Text of object 'Object Repository/Stockbit/Bandarmology_SellerVol2' is: '1.7 K'

2024-01-22 18:49:18 - [TEST_STEP][PASSED] - strSellerAvg2 = getText(findTestObject("Stockbit/Bandarmology_SellerAvg2")): Text of object 'Object Repository/Stockbit/Bandarmology_SellerAvg2' is: '212'

2024-01-22 18:49:18 - [MESSAGE][PASSED] - Text of object 'Object Repository/Stockbit/Bandarmology_SellerAvg2' is: '212'

2024-01-22 18:49:18 - [TEST_STEP][PASSED] - if (strSeller2 != ""): null

2024-01-22 18:49:18 - [TEST_STEP][PASSED] - if (strSellerAvg2.contains(",")): null

2024-01-22 18:49:18 - [TEST_STEP][PASSED] - if (strSellerVol2.contains(" B")): null

2024-01-22 18:49:18 - [TEST_STEP][PASSED] - else if (strSellerVol2.contains(" M")): null

2024-01-22 18:49:18 - [TEST_STEP][PASSED] - else if (strSellerVol2.contains(" K")): null

2024-01-22 18:49:18 - [TEST_STEP][PASSED] - strSellerVol2 = strSellerVol2.replace(" K", ""): null

2024-01-22 18:49:18 - [TEST_STEP][PASSED] - strSellerVol2 = strSellerVol2.toDouble() * 1000: null

2024-01-22 18:49:18 - [TEST_STEP][PASSED] - if (verifyElementNotPresent(findTestObject("Stockbit/Bandarmology_Buyer3"), 1, OPTIONAL)): Web element with id: 'Object Repository/Stockbit/Bandarmology_Buyer3' located by 'By.xpath: //*[contains(@id, 'rc-tabs-')]/div[2]/div/div/div/div/div/div[2]/table/tbody/tr[4]/td[1]/p' is present after '1' second(s) (Root cause: com.kms.katalon.core.exception.StepFailedException: Web element with id: 'Object Repository/Stockbit/Bandarmology_Buyer3' located by 'By.xpath: //*[contains(@id, 'rc-tabs-')]/div[2]/div/div/div/div/div/div[2]/table/tbody/tr[4]/td[1]/p' is present after '1' second(s)
	at com.kms.katalon.core.webui.keyword.internal.WebUIKeywordMain.stepFailed(WebUIKeywordMain.groovy:64)
	at com.kms.katalon.core.webui.keyword.internal.WebUIKeywordMain$stepFailed$0.call(Unknown Source)
	at com.kms.katalon.core.webui.keyword.builtin.VerifyElementNotPresentKeyword$_verifyElementNotPresent_closure1.doCall(VerifyElementNotPresentKeyword.groovy:106)
	at com.kms.katalon.core.webui.keyword.builtin.VerifyElementNotPresentKeyword$_verifyElementNotPresent_closure1.doCall(VerifyElementNotPresentKeyword.groovy)
	at com.kms.katalon.core.webui.keyword.internal.WebUIKeywordMain.runKeyword(WebUIKeywordMain.groovy:20)
	at com.kms.katalon.core.webui.keyword.internal.WebUIKeywordMain$runKeyword.call(Unknown Source)
	at com.kms.katalon.core.webui.keyword.builtin.VerifyElementNotPresentKeyword.verifyElementNotPresent(VerifyElementNotPresentKeyword.groovy:117)
	at com.kms.katalon.core.webui.keyword.builtin.VerifyElementNotPresentKeyword.execute(VerifyElementNotPresentKeyword.groovy:68)
	at com.kms.katalon.core.keyword.internal.KeywordExecutor.executeKeywordForPlatform(KeywordExecutor.groovy:74)
	at com.kms.katalon.core.webui.keyword.WebUiBuiltInKeywords.verifyElementNotPresent(WebUiBuiltInKeywords.groovy:1481)
	at com.kms.katalon.core.webui.keyword.WebUiBuiltInKeywords$verifyElementNotPresent$8.call(Unknown Source)
	at GetBrokSumPriceDaily.run(GetBrokSumPriceDaily:361)
	at com.kms.katalon.core.main.ScriptEngine.run(ScriptEngine.java:194)
	at com.kms.katalon.core.main.ScriptEngine.runScriptAsRawText(ScriptEngine.java:119)
	at com.kms.katalon.core.main.TestCaseExecutor.runScript(TestCaseExecutor.java:445)
	at com.kms.katalon.core.main.TestCaseExecutor.doExecute(TestCaseExecutor.java:436)
	at com.kms.katalon.core.main.TestCaseExecutor.processExecutionPhase(TestCaseExecutor.java:415)
	at com.kms.katalon.core.main.TestCaseExecutor.accessMainPhase(TestCaseExecutor.java:407)
	at com.kms.katalon.core.main.TestCaseExecutor.execute(TestCaseExecutor.java:284)
	at com.kms.katalon.core.common.CommonExecutor.accessTestCaseMainPhase(CommonExecutor.java:65)
	at com.kms.katalon.core.main.TestSuiteExecutor.accessTestSuiteMainPhase(TestSuiteExecutor.java:144)
	at com.kms.katalon.core.main.TestSuiteExecutor.execute(TestSuiteExecutor.java:106)
	at com.kms.katalon.core.main.TestCaseMain.startTestSuite(TestCaseMain.java:185)
	at com.kms.katalon.core.main.TestCaseMain$startTestSuite$0.call(Unknown Source)
	at TempTestSuite1705923140048.run(TempTestSuite1705923140048.groovy:36)
)

2024-01-22 18:49:20 - [MESSAGE][WARNING] - Web element with id: 'Object Repository/Stockbit/Bandarmology_Buyer3' located by 'By.xpath: //*[contains(@id, 'rc-tabs-')]/div[2]/div/div/div/div/div/div[2]/table/tbody/tr[4]/td[1]/p' is present after '1' second(s) (Root cause: com.kms.katalon.core.exception.StepFailedException: Web element with id: 'Object Repository/Stockbit/Bandarmology_Buyer3' located by 'By.xpath: //*[contains(@id, 'rc-tabs-')]/div[2]/div/div/div/div/div/div[2]/table/tbody/tr[4]/td[1]/p' is present after '1' second(s)
	at com.kms.katalon.core.webui.keyword.internal.WebUIKeywordMain.stepFailed(WebUIKeywordMain.groovy:64)
	at com.kms.katalon.core.webui.keyword.internal.WebUIKeywordMain$stepFailed$0.call(Unknown Source)
	at com.kms.katalon.core.webui.keyword.builtin.VerifyElementNotPresentKeyword$_verifyElementNotPresent_closure1.doCall(VerifyElementNotPresentKeyword.groovy:106)
	at com.kms.katalon.core.webui.keyword.builtin.VerifyElementNotPresentKeyword$_verifyElementNotPresent_closure1.doCall(VerifyElementNotPresentKeyword.groovy)
	at com.kms.katalon.core.webui.keyword.internal.WebUIKeywordMain.runKeyword(WebUIKeywordMain.groovy:20)
	at com.kms.katalon.core.webui.keyword.internal.WebUIKeywordMain$runKeyword.call(Unknown Source)
	at com.kms.katalon.core.webui.keyword.builtin.VerifyElementNotPresentKeyword.verifyElementNotPresent(VerifyElementNotPresentKeyword.groovy:117)
	at com.kms.katalon.core.webui.keyword.builtin.VerifyElementNotPresentKeyword.execute(VerifyElementNotPresentKeyword.groovy:68)
	at com.kms.katalon.core.keyword.internal.KeywordExecutor.executeKeywordForPlatform(KeywordExecutor.groovy:74)
	at com.kms.katalon.core.webui.keyword.WebUiBuiltInKeywords.verifyElementNotPresent(WebUiBuiltInKeywords.groovy:1481)
	at com.kms.katalon.core.webui.keyword.WebUiBuiltInKeywords$verifyElementNotPresent$8.call(Unknown Source)
	at GetBrokSumPriceDaily.run(GetBrokSumPriceDaily:361)
	at com.kms.katalon.core.main.ScriptEngine.run(ScriptEngine.java:194)
	at com.kms.katalon.core.main.ScriptEngine.runScriptAsRawText(ScriptEngine.java:119)
	at com.kms.katalon.core.main.TestCaseExecutor.runScript(TestCaseExecutor.java:445)
	at com.kms.katalon.core.main.TestCaseExecutor.doExecute(TestCaseExecutor.java:436)
	at com.kms.katalon.core.main.TestCaseExecutor.processExecutionPhase(TestCaseExecutor.java:415)
	at com.kms.katalon.core.main.TestCaseExecutor.accessMainPhase(TestCaseExecutor.java:407)
	at com.kms.katalon.core.main.TestCaseExecutor.execute(TestCaseExecutor.java:284)
	at com.kms.katalon.core.common.CommonExecutor.accessTestCaseMainPhase(CommonExecutor.java:65)
	at com.kms.katalon.core.main.TestSuiteExecutor.accessTestSuiteMainPhase(TestSuiteExecutor.java:144)
	at com.kms.katalon.core.main.TestSuiteExecutor.execute(TestSuiteExecutor.java:106)
	at com.kms.katalon.core.main.TestCaseMain.startTestSuite(TestCaseMain.java:185)
	at com.kms.katalon.core.main.TestCaseMain$startTestSuite$0.call(Unknown Source)
	at TempTestSuite1705923140048.run(TempTestSuite1705923140048.groovy:36)
)
[[ATTACHMENT|C:\\Users\\Fadli\\git\\KatalonDailyGetData2\\Reports\\20240122_174123\\TS1\\20240122_183220\\1705924160181.png]]

2024-01-22 18:49:20 - [TEST_STEP][PASSED] - else: null

2024-01-22 18:49:20 - [TEST_STEP][PASSED] - strBuyer3 = getText(findTestObject("Stockbit/Bandarmology_Buyer3")): Text of object 'Object Repository/Stockbit/Bandarmology_Buyer3' is: 'XC'

2024-01-22 18:49:20 - [MESSAGE][PASSED] - Text of object 'Object Repository/Stockbit/Bandarmology_Buyer3' is: 'XC'

2024-01-22 18:49:20 - [TEST_STEP][PASSED] - strBuyerVol3 = getText(findTestObject("Stockbit/Bandarmology_BuyerVol3")): Text of object 'Object Repository/Stockbit/Bandarmology_BuyerVol3' is: '1.6 K'

2024-01-22 18:49:20 - [MESSAGE][PASSED] - Text of object 'Object Repository/Stockbit/Bandarmology_BuyerVol3' is: '1.6 K'

2024-01-22 18:49:20 - [TEST_STEP][PASSED] - strBuyerAvg3 = getText(findTestObject("Stockbit/Bandarmology_BuyerAvg3")): Text of object 'Object Repository/Stockbit/Bandarmology_BuyerAvg3' is: '214'

2024-01-22 18:49:20 - [MESSAGE][PASSED] - Text of object 'Object Repository/Stockbit/Bandarmology_BuyerAvg3' is: '214'

2024-01-22 18:49:20 - [TEST_STEP][PASSED] - if (strBuyer3 != ""): null

2024-01-22 18:49:20 - [TEST_STEP][PASSED] - if (strBuyerAvg3.contains(",")): null

2024-01-22 18:49:20 - [TEST_STEP][PASSED] - if (strBuyerVol3.contains(" B")): null

2024-01-22 18:49:20 - [TEST_STEP][PASSED] - else if (strBuyerVol3.contains(" M")): null

2024-01-22 18:49:20 - [TEST_STEP][PASSED] - else if (strBuyerVol3.contains(" K")): null

2024-01-22 18:49:20 - [TEST_STEP][PASSED] - strBuyerVol3 = strBuyerVol3.replace(" K", ""): null

2024-01-22 18:49:20 - [TEST_STEP][PASSED] - strBuyerVol3 = strBuyerVol3.toDouble() * 1000: null

2024-01-22 18:49:20 - [TEST_STEP][PASSED] - if (verifyElementNotPresent(findTestObject("Stockbit/Bandarmology_Seller3"), 1, OPTIONAL)): Web element with id: 'Object Repository/Stockbit/Bandarmology_Seller3' located by 'By.xpath: //*[contains(@id, 'rc-tabs-')]/div[2]/div/div/div/div/div/div[2]/table/tbody/tr[4]/td[5]/p' is present after '1' second(s) (Root cause: com.kms.katalon.core.exception.StepFailedException: Web element with id: 'Object Repository/Stockbit/Bandarmology_Seller3' located by 'By.xpath: //*[contains(@id, 'rc-tabs-')]/div[2]/div/div/div/div/div/div[2]/table/tbody/tr[4]/td[5]/p' is present after '1' second(s)
	at com.kms.katalon.core.webui.keyword.internal.WebUIKeywordMain.stepFailed(WebUIKeywordMain.groovy:64)
	at com.kms.katalon.core.webui.keyword.internal.WebUIKeywordMain$stepFailed$0.call(Unknown Source)
	at com.kms.katalon.core.webui.keyword.builtin.VerifyElementNotPresentKeyword$_verifyElementNotPresent_closure1.doCall(VerifyElementNotPresentKeyword.groovy:106)
	at com.kms.katalon.core.webui.keyword.builtin.VerifyElementNotPresentKeyword$_verifyElementNotPresent_closure1.doCall(VerifyElementNotPresentKeyword.groovy)
	at com.kms.katalon.core.webui.keyword.internal.WebUIKeywordMain.runKeyword(WebUIKeywordMain.groovy:20)
	at com.kms.katalon.core.webui.keyword.internal.WebUIKeywordMain$runKeyword.call(Unknown Source)
	at com.kms.katalon.core.webui.keyword.builtin.VerifyElementNotPresentKeyword.verifyElementNotPresent(VerifyElementNotPresentKeyword.groovy:117)
	at com.kms.katalon.core.webui.keyword.builtin.VerifyElementNotPresentKeyword.execute(VerifyElementNotPresentKeyword.groovy:68)
	at com.kms.katalon.core.keyword.internal.KeywordExecutor.executeKeywordForPlatform(KeywordExecutor.groovy:74)
	at com.kms.katalon.core.webui.keyword.WebUiBuiltInKeywords.verifyElementNotPresent(WebUiBuiltInKeywords.groovy:1481)
	at com.kms.katalon.core.webui.keyword.WebUiBuiltInKeywords$verifyElementNotPresent$8.call(Unknown Source)
	at GetBrokSumPriceDaily.run(GetBrokSumPriceDaily:414)
	at com.kms.katalon.core.main.ScriptEngine.run(ScriptEngine.java:194)
	at com.kms.katalon.core.main.ScriptEngine.runScriptAsRawText(ScriptEngine.java:119)
	at com.kms.katalon.core.main.TestCaseExecutor.runScript(TestCaseExecutor.java:445)
	at com.kms.katalon.core.main.TestCaseExecutor.doExecute(TestCaseExecutor.java:436)
	at com.kms.katalon.core.main.TestCaseExecutor.processExecutionPhase(TestCaseExecutor.java:415)
	at com.kms.katalon.core.main.TestCaseExecutor.accessMainPhase(TestCaseExecutor.java:407)
	at com.kms.katalon.core.main.TestCaseExecutor.execute(TestCaseExecutor.java:284)
	at com.kms.katalon.core.common.CommonExecutor.accessTestCaseMainPhase(CommonExecutor.java:65)
	at com.kms.katalon.core.main.TestSuiteExecutor.accessTestSuiteMainPhase(TestSuiteExecutor.java:144)
	at com.kms.katalon.core.main.TestSuiteExecutor.execute(TestSuiteExecutor.java:106)
	at com.kms.katalon.core.main.TestCaseMain.startTestSuite(TestCaseMain.java:185)
	at com.kms.katalon.core.main.TestCaseMain$startTestSuite$0.call(Unknown Source)
	at TempTestSuite1705923140048.run(TempTestSuite1705923140048.groovy:36)
)

2024-01-22 18:49:22 - [MESSAGE][WARNING] - Web element with id: 'Object Repository/Stockbit/Bandarmology_Seller3' located by 'By.xpath: //*[contains(@id, 'rc-tabs-')]/div[2]/div/div/div/div/div/div[2]/table/tbody/tr[4]/td[5]/p' is present after '1' second(s) (Root cause: com.kms.katalon.core.exception.StepFailedException: Web element with id: 'Object Repository/Stockbit/Bandarmology_Seller3' located by 'By.xpath: //*[contains(@id, 'rc-tabs-')]/div[2]/div/div/div/div/div/div[2]/table/tbody/tr[4]/td[5]/p' is present after '1' second(s)
	at com.kms.katalon.core.webui.keyword.internal.WebUIKeywordMain.stepFailed(WebUIKeywordMain.groovy:64)
	at com.kms.katalon.core.webui.keyword.internal.WebUIKeywordMain$stepFailed$0.call(Unknown Source)
	at com.kms.katalon.core.webui.keyword.builtin.VerifyElementNotPresentKeyword$_verifyElementNotPresent_closure1.doCall(VerifyElementNotPresentKeyword.groovy:106)
	at com.kms.katalon.core.webui.keyword.builtin.VerifyElementNotPresentKeyword$_verifyElementNotPresent_closure1.doCall(VerifyElementNotPresentKeyword.groovy)
	at com.kms.katalon.core.webui.keyword.internal.WebUIKeywordMain.runKeyword(WebUIKeywordMain.groovy:20)
	at com.kms.katalon.core.webui.keyword.internal.WebUIKeywordMain$runKeyword.call(Unknown Source)
	at com.kms.katalon.core.webui.keyword.builtin.VerifyElementNotPresentKeyword.verifyElementNotPresent(VerifyElementNotPresentKeyword.groovy:117)
	at com.kms.katalon.core.webui.keyword.builtin.VerifyElementNotPresentKeyword.execute(VerifyElementNotPresentKeyword.groovy:68)
	at com.kms.katalon.core.keyword.internal.KeywordExecutor.executeKeywordForPlatform(KeywordExecutor.groovy:74)
	at com.kms.katalon.core.webui.keyword.WebUiBuiltInKeywords.verifyElementNotPresent(WebUiBuiltInKeywords.groovy:1481)
	at com.kms.katalon.core.webui.keyword.WebUiBuiltInKeywords$verifyElementNotPresent$8.call(Unknown Source)
	at GetBrokSumPriceDaily.run(GetBrokSumPriceDaily:414)
	at com.kms.katalon.core.main.ScriptEngine.run(ScriptEngine.java:194)
	at com.kms.katalon.core.main.ScriptEngine.runScriptAsRawText(ScriptEngine.java:119)
	at com.kms.katalon.core.main.TestCaseExecutor.runScript(TestCaseExecutor.java:445)
	at com.kms.katalon.core.main.TestCaseExecutor.doExecute(TestCaseExecutor.java:436)
	at com.kms.katalon.core.main.TestCaseExecutor.processExecutionPhase(TestCaseExecutor.java:415)
	at com.kms.katalon.core.main.TestCaseExecutor.accessMainPhase(TestCaseExecutor.java:407)
	at com.kms.katalon.core.main.TestCaseExecutor.execute(TestCaseExecutor.java:284)
	at com.kms.katalon.core.common.CommonExecutor.accessTestCaseMainPhase(CommonExecutor.java:65)
	at com.kms.katalon.core.main.TestSuiteExecutor.accessTestSuiteMainPhase(TestSuiteExecutor.java:144)
	at com.kms.katalon.core.main.TestSuiteExecutor.execute(TestSuiteExecutor.java:106)
	at com.kms.katalon.core.main.TestCaseMain.startTestSuite(TestCaseMain.java:185)
	at com.kms.katalon.core.main.TestCaseMain$startTestSuite$0.call(Unknown Source)
	at TempTestSuite1705923140048.run(TempTestSuite1705923140048.groovy:36)
)
[[ATTACHMENT|C:\\Users\\Fadli\\git\\KatalonDailyGetData2\\Reports\\20240122_174123\\TS1\\20240122_183220\\1705924161928.png]]

2024-01-22 18:49:22 - [TEST_STEP][PASSED] - else: null

2024-01-22 18:49:22 - [TEST_STEP][PASSED] - strSeller3 = getText(findTestObject("Stockbit/Bandarmology_Seller3")): Text of object 'Object Repository/Stockbit/Bandarmology_Seller3' is: 'RO'

2024-01-22 18:49:22 - [MESSAGE][PASSED] - Text of object 'Object Repository/Stockbit/Bandarmology_Seller3' is: 'RO'

2024-01-22 18:49:22 - [TEST_STEP][PASSED] - strSellerVol3 = getText(findTestObject("Stockbit/Bandarmology_SellerVol3")): Text of object 'Object Repository/Stockbit/Bandarmology_SellerVol3' is: '925'

2024-01-22 18:49:22 - [MESSAGE][PASSED] - Text of object 'Object Repository/Stockbit/Bandarmology_SellerVol3' is: '925'

2024-01-22 18:49:22 - [TEST_STEP][PASSED] - strSellerAvg3 = getText(findTestObject("Stockbit/Bandarmology_SellerAvg3")): Text of object 'Object Repository/Stockbit/Bandarmology_SellerAvg3' is: '212'

2024-01-22 18:49:22 - [MESSAGE][PASSED] - Text of object 'Object Repository/Stockbit/Bandarmology_SellerAvg3' is: '212'

2024-01-22 18:49:22 - [TEST_STEP][PASSED] - if (strSeller3 != ""): null

2024-01-22 18:49:22 - [TEST_STEP][PASSED] - if (strSellerAvg3.contains(",")): null

2024-01-22 18:49:22 - [TEST_STEP][PASSED] - if (strSellerVol3.contains(" B")): null

2024-01-22 18:49:22 - [TEST_STEP][PASSED] - strAccDist = getText(findTestObject("Stockbit/Bandarmology_AccDist")): Text of object 'Object Repository/Stockbit/Bandarmology_AccDist' is: 'Acc'

2024-01-22 18:49:22 - [MESSAGE][PASSED] - Text of object 'Object Repository/Stockbit/Bandarmology_AccDist' is: 'Acc'

2024-01-22 18:49:22 - [TEST_STEP][PASSED] - strNetVol = getText(findTestObject("Stockbit/Bandarmology_NetVol")): Text of object 'Object Repository/Stockbit/Bandarmology_NetVol' is: '9,882'

2024-01-22 18:49:22 - [MESSAGE][PASSED] - Text of object 'Object Repository/Stockbit/Bandarmology_NetVol' is: '9,882'

2024-01-22 18:49:22 - [TEST_STEP][PASSED] - strNetVol = strNetVol.replace(",", ""): null

2024-01-22 18:49:22 - [TEST_STEP][PASSED] - strNetVal = getText(findTestObject("Stockbit/Bandarmology_NetVal")): Text of object 'Object Repository/Stockbit/Bandarmology_NetVal' is: '0.2 B'

2024-01-22 18:49:22 - [MESSAGE][PASSED] - Text of object 'Object Repository/Stockbit/Bandarmology_NetVal' is: '0.2 B'

2024-01-22 18:49:22 - [TEST_STEP][PASSED] - delay(3): Delayed 3 second(s)

2024-01-22 18:49:25 - [MESSAGE][PASSED] - Delayed 3 second(s)

2024-01-22 18:49:25 - [TEST_STEP][PASSED] - strOpenPrice = getText(findTestObject("Stockbit/Home_OpenPrice")): Text of object 'Object Repository/Stockbit/Home_OpenPrice' is: '200'

2024-01-22 18:49:25 - [MESSAGE][PASSED] - Text of object 'Object Repository/Stockbit/Home_OpenPrice' is: '200'

2024-01-22 18:49:25 - [TEST_STEP][PASSED] - strOpenPrice = strOpenPrice.replace(",", ""): null

2024-01-22 18:49:25 - [TEST_STEP][PASSED] - strLowPrice = getText(findTestObject("Stockbit/Home_LowPrice")): Text of object 'Object Repository/Stockbit/Home_LowPrice' is: '200'

2024-01-22 18:49:26 - [MESSAGE][PASSED] - Text of object 'Object Repository/Stockbit/Home_LowPrice' is: '200'

2024-01-22 18:49:26 - [TEST_STEP][PASSED] - strLowPrice = strLowPrice.replace(",", ""): null

2024-01-22 18:49:26 - [TEST_STEP][PASSED] - strHighPrice = getText(findTestObject("Stockbit/Home_HighPrice")): Text of object 'Object Repository/Stockbit/Home_HighPrice' is: '216'

2024-01-22 18:49:26 - [MESSAGE][PASSED] - Text of object 'Object Repository/Stockbit/Home_HighPrice' is: '216'

2024-01-22 18:49:26 - [TEST_STEP][PASSED] - strHighPrice = strHighPrice.replace(",", ""): null

2024-01-22 18:49:26 - [TEST_STEP][PASSED] - strClosePrice = getText(findTestObject("Stockbit/Home_ClosePrice")): Text of object 'Object Repository/Stockbit/Home_ClosePrice' is: '212'

2024-01-22 18:49:26 - [MESSAGE][PASSED] - Text of object 'Object Repository/Stockbit/Home_ClosePrice' is: '212'

2024-01-22 18:49:26 - [TEST_STEP][PASSED] - strClosePrice = strClosePrice.replace(",", ""): null

2024-01-22 18:49:26 - [TEST_STEP][PASSED] - strVol = getText(findTestObject("Stockbit/Home_Volume")): Text of object 'Object Repository/Stockbit/Home_Volume' is: '28 K'

2024-01-22 18:49:26 - [MESSAGE][PASSED] - Text of object 'Object Repository/Stockbit/Home_Volume' is: '28 K'

2024-01-22 18:49:26 - [TEST_STEP][PASSED] - if (strVol.contains(" K")): null

2024-01-22 18:49:26 - [TEST_STEP][PASSED] - strVol = strVol.replace(" K", "000"): null

2024-01-22 18:49:26 - [TEST_STEP][PASSED] - if (strVol.contains(",")): null

2024-01-22 18:49:26 - [TEST_STEP][PASSED] - strChange = getText(findTestObject("Stockbit/Home_Change")): Text of object 'Object Repository/Stockbit/Home_Change' is: '0.00%'

2024-01-22 18:49:26 - [MESSAGE][PASSED] - Text of object 'Object Repository/Stockbit/Home_Change' is: '0.00%'

2024-01-22 18:49:26 - [TEST_STEP][PASSED] - strChange = strChange.replace("%", ""): null

2024-01-22 18:49:26 - [TEST_STEP][PASSED] - strFreq = getText(findTestObject("Stockbit/Home_Freq")): Text of object 'Object Repository/Stockbit/Home_Freq' is: '416'

2024-01-22 18:49:26 - [MESSAGE][PASSED] - Text of object 'Object Repository/Stockbit/Home_Freq' is: '416'

2024-01-22 18:49:26 - [TEST_STEP][PASSED] - if (strFreq.contains(",")): null

2024-01-22 18:49:26 - [TEST_STEP][PASSED] - if (strFreq == "NA" || strFreq == ""): null

2024-01-22 18:49:26 - [TEST_STEP][PASSED] - else: null

2024-01-22 18:49:26 - [TEST_STEP][PASSED] - dblFreqAnal = strVol.toDouble() / strFreq.toDouble() * strFreq.toDouble() * strFreq.toDouble() * 100000000: null

2024-01-22 18:49:26 - [TEST_STEP][PASSED] - strFreqAnal = String.format("%.4f", dblFreqAnal): null

2024-01-22 18:49:26 - [TEST_STEP][PASSED] - out.println("Double strFreqAnal: " + strFreqAnal): null

2024-01-22 18:49:26 - [TEST_STEP][PASSED] - strTanggal = d.format(DateTimeFormatter.ofPattern("yyyy-MM-dd")): null

2024-01-22 18:49:26 - [TEST_STEP][PASSED] - strTanggal = "#" + strTanggal + "#": null

2024-01-22 18:49:26 - [TEST_STEP][PASSED] - strSQL = "select count(*) as JumBaris from TblBrokSum where Nama = '" + strNama + "' and Tanggal = " + strTanggal + "": null

2024-01-22 18:49:26 - [TEST_STEP][PASSED] - resultSet = statement.executeQuery(strSQL): null

2024-01-22 18:49:26 - [TEST_STEP][PASSED] - resultSet.next(): null

2024-01-22 18:49:26 - [TEST_STEP][PASSED] - intJumBaris = resultSet.getInt("JumBaris"): null

2024-01-22 18:49:26 - [TEST_STEP][PASSED] - if (intJumBaris > 0): null

2024-01-22 18:49:26 - [TEST_STEP][PASSED] - else: null

2024-01-22 18:49:26 - [TEST_STEP][PASSED] - try: null

2024-01-22 18:49:26 - [TEST_STEP][PASSED] - out.println("Insert data"): null

2024-01-22 18:49:26 - [TEST_STEP][PASSED] - strSQL = "insert into TblBrokSum (nama, tanggal, top1, top2, top3, AllBrokAvg, AccDist, AvgRP, " + "Buyer1, BuyerVal1, BuyerAvg1, Seller1, SellerVal1, SellerAvg1, Buyer2, BuyerVal2, BuyerAvg2, " + "Seller2, SellerVal2, SellerAvg2, Buyer3, BuyerVal3, BuyerAvg3, Seller3, SellerVal3, SellerAvg3, NetVol, NetVal, " + "OpenPrice, LowPrice, HighPrice, ClosePrice, Volume, Change, Frekuensi, FrekAnal) " + "values ('" + strNama + "', " + strTanggal + ", '" + strTop1 + "', '" + strTop3 + "', '" + strTop5 + "', " + "'" + strAllBrokAvg + "', '" + strAccDist + "', " + intAvgRP + ", '" + strBuyer1 + "', '" + strBuyerVol1 + "', " + strBuyerAvg1 + ", " + "'" + strSeller1 + "', '" + strSellerVol1 + "', " + strSellerAvg1 + ", '" + strBuyer2 + "', '" + strBuyerVol2 + "', " + strBuyerAvg2 + ", " + "'" + strSeller2 + "', '" + strSellerVol2 + "', " + strSellerAvg2 + ", '" + strBuyer3 + "', '" + strBuyerVol3 + "', " + strBuyerAvg3 + ", " + "'" + strSeller3 + "', '" + strSellerVol3 + "', " + strSellerAvg3 + ", " + strNetVol + ", '" + strNetVal + "', " + "" + strOpenPrice + ", " + strLowPrice + ", " + strHighPrice + ", " + strClosePrice + ", '" + strVol + "', " + strChange + ", " + strFreq + ", " + strFreqAnal + ");": null

2024-01-22 18:49:26 - [TEST_STEP][PASSED] - out.println("strSQL = " + strSQL): null

2024-01-22 18:49:26 - [TEST_STEP][PASSED] - statement.executeUpdate(strSQL): null

2024-01-22 18:49:26 - [TEST_STEP][PASSED] - setValueToCellByIndex(sheet01, rowIndex, 4, "DONE"): null

2024-01-22 18:49:26 - [TEST_STEP][PASSED] - saveWorkbook(excelFilePath, workbook01): null

2024-01-22 18:49:26 - [TEST_STEP][PASSED] - waitForElementClickable(findTestObject("Stockbit/menu_Bandarmology"), 10): Object 'Object Repository/Stockbit/menu_Bandarmology' is clickable

2024-01-22 18:49:26 - [MESSAGE][PASSED] - Object 'Object Repository/Stockbit/menu_Bandarmology' is clickable

2024-01-22 18:49:26 - [TEST_STEP][PASSED] - click(findTestObject("Stockbit/menu_Bandarmology")): Object: 'Object Repository/Stockbit/menu_Bandarmology' is clicked on

2024-01-22 18:49:27 - [MESSAGE][PASSED] - Object: 'Object Repository/Stockbit/menu_Bandarmology' is clicked on

2024-01-22 18:49:27 - [TEST_STEP][PASSED] - strTemp = "NA": null

2024-01-22 18:49:27 - [TEST_STEP][PASSED] - if (getCellValueByIndex(sheet01, rowIndex, 4) != "DONE"): Object: 'Object Repository/Stockbit/menu_Bandarmology' is clicked on

2024-01-22 18:49:27 - [TEST_STEP][PASSED] - strNama = getCellValueByIndex(sheet01, rowIndex, 0): null

2024-01-22 18:49:27 - [TEST_STEP][PASSED] - navigateToUrl("https://stockbit.com/#/symbol/" + strNama): Navigate to 'https://stockbit.com/#/symbol/JAWA' successfully

2024-01-22 18:49:28 - [MESSAGE][PASSED] - Navigate to 'https://stockbit.com/#/symbol/JAWA' successfully

2024-01-22 18:49:28 - [TEST_STEP][PASSED] - waitForElementClickable(findTestObject("Stockbit/menu_Bandarmology"), 10): Object 'Object Repository/Stockbit/menu_Bandarmology' is clickable

2024-01-22 18:49:29 - [MESSAGE][PASSED] - Object 'Object Repository/Stockbit/menu_Bandarmology' is clickable

2024-01-22 18:49:29 - [TEST_STEP][PASSED] - click(findTestObject("Stockbit/menu_Bandarmology")): Object: 'Object Repository/Stockbit/menu_Bandarmology' is clicked on

2024-01-22 18:49:29 - [MESSAGE][PASSED] - Object: 'Object Repository/Stockbit/menu_Bandarmology' is clicked on

2024-01-22 18:49:29 - [TEST_STEP][PASSED] - strTanggal = d.format(DateTimeFormatter.ofPattern("MMM dd, yyyy")): null

2024-01-22 18:49:29 - [TEST_STEP][PASSED] - strTanggal = d.format(ISO_DATE): null

2024-01-22 18:49:29 - [TEST_STEP][PASSED] - out.println("strTanggal = " + strTanggal): null

2024-01-22 18:49:29 - [TEST_STEP][PASSED] - out.println("strNama = " + strNama): null

2024-01-22 18:49:29 - [TEST_STEP][PASSED] - out.println("Baris ke = " + rowIndex): null

2024-01-22 18:49:29 - [TEST_STEP][PASSED] - click(findTestObject("Stockbit/input__BandarmologyOpenStartDate")): Object: 'Object Repository/Stockbit/input__BandarmologyOpenStartDate' is clicked on

2024-01-22 18:49:31 - [MESSAGE][PASSED] - Object: 'Object Repository/Stockbit/input__BandarmologyOpenStartDate' is clicked on

2024-01-22 18:49:31 - [TEST_STEP][PASSED] - sendKeys(findTestObject("Stockbit/input__BandarmologyOpenStartDate"), Keys.chord(CONTROL, "a")): Keys 'CONTROL + a' sent to object: 'Object Repository/Stockbit/input__BandarmologyOpenStartDate'

2024-01-22 18:49:31 - [MESSAGE][PASSED] - Keys 'CONTROL + a' sent to object: 'Object Repository/Stockbit/input__BandarmologyOpenStartDate'

2024-01-22 18:49:31 - [TEST_STEP][PASSED] - sendKeys(findTestObject("Stockbit/input__BandarmologyOpenStartDate"), Keys.chord(BACK_SPACE)): Keys 'BACK_SPACE + ' sent to object: 'Object Repository/Stockbit/input__BandarmologyOpenStartDate'

2024-01-22 18:49:31 - [MESSAGE][PASSED] - Keys 'BACK_SPACE + ' sent to object: 'Object Repository/Stockbit/input__BandarmologyOpenStartDate'

2024-01-22 18:49:31 - [TEST_STEP][PASSED] - setText(findTestObject("Stockbit/input__BandarmologyOpenStartDate"), strTanggal): Text '2024-01-22' is set on object 'Object Repository/Stockbit/input__BandarmologyOpenStartDate'

2024-01-22 18:49:32 - [MESSAGE][PASSED] - Text '2024-01-22' is set on object 'Object Repository/Stockbit/input__BandarmologyOpenStartDate'

2024-01-22 18:49:32 - [TEST_STEP][PASSED] - sendKeys(findTestObject("Stockbit/input__BandarmologyOpenStartDate"), Keys.chord(ENTER)): Keys 'ENTER + ' sent to object: 'Object Repository/Stockbit/input__BandarmologyOpenStartDate'

2024-01-22 18:49:33 - [MESSAGE][PASSED] - Keys 'ENTER + ' sent to object: 'Object Repository/Stockbit/input__BandarmologyOpenStartDate'

2024-01-22 18:49:33 - [TEST_STEP][PASSED] - click(findTestObject("Stockbit/input__BandarmologyOpenEndDate")): Object: 'Object Repository/Stockbit/input__BandarmologyOpenEndDate' is clicked on

2024-01-22 18:49:33 - [MESSAGE][PASSED] - Object: 'Object Repository/Stockbit/input__BandarmologyOpenEndDate' is clicked on

2024-01-22 18:49:33 - [TEST_STEP][PASSED] - sendKeys(findTestObject("Stockbit/input__BandarmologyOpenEndDate"), Keys.chord(CONTROL, "a")): Keys 'CONTROL + a' sent to object: 'Object Repository/Stockbit/input__BandarmologyOpenEndDate'

2024-01-22 18:49:33 - [MESSAGE][PASSED] - Keys 'CONTROL + a' sent to object: 'Object Repository/Stockbit/input__BandarmologyOpenEndDate'

2024-01-22 18:49:33 - [TEST_STEP][PASSED] - sendKeys(findTestObject("Stockbit/input__BandarmologyOpenEndDate"), Keys.chord(BACK_SPACE)): Keys 'BACK_SPACE + ' sent to object: 'Object Repository/Stockbit/input__BandarmologyOpenEndDate'

2024-01-22 18:49:34 - [MESSAGE][PASSED] - Keys 'BACK_SPACE + ' sent to object: 'Object Repository/Stockbit/input__BandarmologyOpenEndDate'

2024-01-22 18:49:34 - [TEST_STEP][PASSED] - setText(findTestObject("Stockbit/input__BandarmologyOpenEndDate"), strTanggal): Text '2024-01-22' is set on object 'Object Repository/Stockbit/input__BandarmologyOpenEndDate'

2024-01-22 18:49:35 - [MESSAGE][PASSED] - Text '2024-01-22' is set on object 'Object Repository/Stockbit/input__BandarmologyOpenEndDate'

2024-01-22 18:49:35 - [TEST_STEP][PASSED] - sendKeys(findTestObject("Stockbit/input__BandarmologyOpenEndDate"), Keys.chord(ENTER)): Keys 'ENTER + ' sent to object: 'Object Repository/Stockbit/input__BandarmologyOpenEndDate'

2024-01-22 18:49:35 - [MESSAGE][PASSED] - Keys 'ENTER + ' sent to object: 'Object Repository/Stockbit/input__BandarmologyOpenEndDate'

2024-01-22 18:49:35 - [TEST_STEP][PASSED] - delay(2): Delayed 2 second(s)

2024-01-22 18:49:37 - [MESSAGE][PASSED] - Delayed 2 second(s)

2024-01-22 18:49:37 - [TEST_STEP][PASSED] - strTemp = getText(findTestObject("Stockbit/Bandarmology_AvgRP")): Text of object 'Object Repository/Stockbit/Bandarmology_AvgRP' is: '162'

2024-01-22 18:49:37 - [MESSAGE][PASSED] - Text of object 'Object Repository/Stockbit/Bandarmology_AvgRP' is: '162'

2024-01-22 18:49:37 - [TEST_STEP][PASSED] - out.println("Bandarmology_AvgRP = " + strTemp): null

2024-01-22 18:49:37 - [TEST_STEP][PASSED] - if (strTemp != "0"): null

2024-01-22 18:49:37 - [TEST_STEP][PASSED] - strTop1 = getText(findTestObject("Stockbit/Bandarmology_Top1")): Text of object 'Object Repository/Stockbit/Bandarmology_Top1' is: 'Neutral'

2024-01-22 18:49:37 - [MESSAGE][PASSED] - Text of object 'Object Repository/Stockbit/Bandarmology_Top1' is: 'Neutral'

2024-01-22 18:49:37 - [TEST_STEP][PASSED] - strTop3 = getText(findTestObject("Stockbit/Bandarmology_Top3")): Text of object 'Object Repository/Stockbit/Bandarmology_Top3' is: 'Normal Dist'

2024-01-22 18:49:37 - [MESSAGE][PASSED] - Text of object 'Object Repository/Stockbit/Bandarmology_Top3' is: 'Normal Dist'

2024-01-22 18:49:37 - [TEST_STEP][PASSED] - strTop5 = getText(findTestObject("Stockbit/Bandarmology_Top5")): Text of object 'Object Repository/Stockbit/Bandarmology_Top5' is: 'Normal Dist'

2024-01-22 18:49:37 - [MESSAGE][PASSED] - Text of object 'Object Repository/Stockbit/Bandarmology_Top5' is: 'Normal Dist'

2024-01-22 18:49:37 - [TEST_STEP][PASSED] - strAllBrokAvg = getText(findTestObject("Stockbit/Bandarmology_TopAVG")): Text of object 'Object Repository/Stockbit/Bandarmology_TopAVG' is: 'Normal Dist'

2024-01-22 18:49:38 - [MESSAGE][PASSED] - Text of object 'Object Repository/Stockbit/Bandarmology_TopAVG' is: 'Normal Dist'

2024-01-22 18:49:38 - [TEST_STEP][PASSED] - strTemp = getText(findTestObject("Stockbit/Bandarmology_AvgRP")): Text of object 'Object Repository/Stockbit/Bandarmology_AvgRP' is: '162'

2024-01-22 18:49:38 - [MESSAGE][PASSED] - Text of object 'Object Repository/Stockbit/Bandarmology_AvgRP' is: '162'

2024-01-22 18:49:38 - [TEST_STEP][PASSED] - if (strTemp.contains(",")): null

2024-01-22 18:49:38 - [TEST_STEP][PASSED] - intAvgRP = strTemp.toInteger(): null

2024-01-22 18:49:38 - [TEST_STEP][PASSED] - strBuyer1 = getText(findTestObject("Stockbit/Bandarmology_Buyer1")): Text of object 'Object Repository/Stockbit/Bandarmology_Buyer1' is: 'NI'

2024-01-22 18:49:38 - [MESSAGE][PASSED] - Text of object 'Object Repository/Stockbit/Bandarmology_Buyer1' is: 'NI'

2024-01-22 18:49:38 - [TEST_STEP][PASSED] - strBuyerVol1 = getText(findTestObject("Stockbit/Bandarmology_BuyerVol1")): Text of object 'Object Repository/Stockbit/Bandarmology_BuyerVol1' is: '3.5 K'

2024-01-22 18:49:38 - [MESSAGE][PASSED] - Text of object 'Object Repository/Stockbit/Bandarmology_BuyerVol1' is: '3.5 K'

2024-01-22 18:49:38 - [TEST_STEP][PASSED] - strBuyerAvg1 = getText(findTestObject("Stockbit/Bandarmology_BuyerAvg1")): Text of object 'Object Repository/Stockbit/Bandarmology_BuyerAvg1' is: '160'

2024-01-22 18:49:38 - [MESSAGE][PASSED] - Text of object 'Object Repository/Stockbit/Bandarmology_BuyerAvg1' is: '160'

2024-01-22 18:49:38 - [TEST_STEP][PASSED] - if (strBuyerAvg1.contains(",")): null

2024-01-22 18:49:38 - [TEST_STEP][PASSED] - if (strBuyerVol1.contains(" B")): null

2024-01-22 18:49:38 - [TEST_STEP][PASSED] - else if (strBuyerVol1.contains(" M")): null

2024-01-22 18:49:38 - [TEST_STEP][PASSED] - else if (strBuyerVol1.contains(" K")): null

2024-01-22 18:49:38 - [TEST_STEP][PASSED] - strBuyerVol1 = strBuyerVol1.replace(" K", ""): null

2024-01-22 18:49:38 - [TEST_STEP][PASSED] - strBuyerVol1 = strBuyerVol1.toDouble() * 1000: null

2024-01-22 18:49:38 - [TEST_STEP][PASSED] - strSeller1 = getText(findTestObject("Stockbit/Bandarmology_Seller1")): Text of object 'Object Repository/Stockbit/Bandarmology_Seller1' is: 'XL'

2024-01-22 18:49:38 - [MESSAGE][PASSED] - Text of object 'Object Repository/Stockbit/Bandarmology_Seller1' is: 'XL'

2024-01-22 18:49:38 - [TEST_STEP][PASSED] - strSellerVol1 = getText(findTestObject("Stockbit/Bandarmology_SellerVol1")): Text of object 'Object Repository/Stockbit/Bandarmology_SellerVol1' is: '3.2 K'

2024-01-22 18:49:38 - [MESSAGE][PASSED] - Text of object 'Object Repository/Stockbit/Bandarmology_SellerVol1' is: '3.2 K'

2024-01-22 18:49:38 - [TEST_STEP][PASSED] - strSellerAvg1 = getText(findTestObject("Stockbit/Bandarmology_SellerAvg1")): Text of object 'Object Repository/Stockbit/Bandarmology_SellerAvg1' is: '164'

2024-01-22 18:49:38 - [MESSAGE][PASSED] - Text of object 'Object Repository/Stockbit/Bandarmology_SellerAvg1' is: '164'

2024-01-22 18:49:38 - [TEST_STEP][PASSED] - if (strSellerAvg1.contains(",")): null

2024-01-22 18:49:38 - [TEST_STEP][PASSED] - if (strSellerVol1.contains(" B")): null

2024-01-22 18:49:38 - [TEST_STEP][PASSED] - else if (strSellerVol1.contains(" M")): null

2024-01-22 18:49:38 - [TEST_STEP][PASSED] - else if (strSellerVol1.contains(" K")): null

2024-01-22 18:49:38 - [TEST_STEP][PASSED] - strSellerVol1 = strSellerVol1.replace(" K", ""): null

2024-01-22 18:49:38 - [TEST_STEP][PASSED] - strSellerVol1 = strSellerVol1.toDouble() * 1000: null

2024-01-22 18:49:38 - [TEST_STEP][PASSED] - if (verifyElementNotPresent(findTestObject("Stockbit/Bandarmology_Buyer2"), 1, OPTIONAL)): Web element with id: 'Object Repository/Stockbit/Bandarmology_Buyer2' located by 'By.xpath: //*[contains(@id, 'rc-tabs-')]/div[2]/div/div/div/div/div/div[2]/table/tbody/tr[3]/td[1]/p' is present after '1' second(s) (Root cause: com.kms.katalon.core.exception.StepFailedException: Web element with id: 'Object Repository/Stockbit/Bandarmology_Buyer2' located by 'By.xpath: //*[contains(@id, 'rc-tabs-')]/div[2]/div/div/div/div/div/div[2]/table/tbody/tr[3]/td[1]/p' is present after '1' second(s)
	at com.kms.katalon.core.webui.keyword.internal.WebUIKeywordMain.stepFailed(WebUIKeywordMain.groovy:64)
	at com.kms.katalon.core.webui.keyword.internal.WebUIKeywordMain$stepFailed$0.call(Unknown Source)
	at com.kms.katalon.core.webui.keyword.builtin.VerifyElementNotPresentKeyword$_verifyElementNotPresent_closure1.doCall(VerifyElementNotPresentKeyword.groovy:106)
	at com.kms.katalon.core.webui.keyword.builtin.VerifyElementNotPresentKeyword$_verifyElementNotPresent_closure1.doCall(VerifyElementNotPresentKeyword.groovy)
	at com.kms.katalon.core.webui.keyword.internal.WebUIKeywordMain.runKeyword(WebUIKeywordMain.groovy:20)
	at com.kms.katalon.core.webui.keyword.internal.WebUIKeywordMain$runKeyword.call(Unknown Source)
	at com.kms.katalon.core.webui.keyword.builtin.VerifyElementNotPresentKeyword.verifyElementNotPresent(VerifyElementNotPresentKeyword.groovy:117)
	at com.kms.katalon.core.webui.keyword.builtin.VerifyElementNotPresentKeyword.execute(VerifyElementNotPresentKeyword.groovy:68)
	at com.kms.katalon.core.keyword.internal.KeywordExecutor.executeKeywordForPlatform(KeywordExecutor.groovy:74)
	at com.kms.katalon.core.webui.keyword.WebUiBuiltInKeywords.verifyElementNotPresent(WebUiBuiltInKeywords.groovy:1481)
	at com.kms.katalon.core.webui.keyword.WebUiBuiltInKeywords$verifyElementNotPresent$8.call(Unknown Source)
	at GetBrokSumPriceDaily.run(GetBrokSumPriceDaily:258)
	at com.kms.katalon.core.main.ScriptEngine.run(ScriptEngine.java:194)
	at com.kms.katalon.core.main.ScriptEngine.runScriptAsRawText(ScriptEngine.java:119)
	at com.kms.katalon.core.main.TestCaseExecutor.runScript(TestCaseExecutor.java:445)
	at com.kms.katalon.core.main.TestCaseExecutor.doExecute(TestCaseExecutor.java:436)
	at com.kms.katalon.core.main.TestCaseExecutor.processExecutionPhase(TestCaseExecutor.java:415)
	at com.kms.katalon.core.main.TestCaseExecutor.accessMainPhase(TestCaseExecutor.java:407)
	at com.kms.katalon.core.main.TestCaseExecutor.execute(TestCaseExecutor.java:284)
	at com.kms.katalon.core.common.CommonExecutor.accessTestCaseMainPhase(CommonExecutor.java:65)
	at com.kms.katalon.core.main.TestSuiteExecutor.accessTestSuiteMainPhase(TestSuiteExecutor.java:144)
	at com.kms.katalon.core.main.TestSuiteExecutor.execute(TestSuiteExecutor.java:106)
	at com.kms.katalon.core.main.TestCaseMain.startTestSuite(TestCaseMain.java:185)
	at com.kms.katalon.core.main.TestCaseMain$startTestSuite$0.call(Unknown Source)
	at TempTestSuite1705923140048.run(TempTestSuite1705923140048.groovy:36)
)

2024-01-22 18:49:40 - [MESSAGE][WARNING] - Web element with id: 'Object Repository/Stockbit/Bandarmology_Buyer2' located by 'By.xpath: //*[contains(@id, 'rc-tabs-')]/div[2]/div/div/div/div/div/div[2]/table/tbody/tr[3]/td[1]/p' is present after '1' second(s) (Root cause: com.kms.katalon.core.exception.StepFailedException: Web element with id: 'Object Repository/Stockbit/Bandarmology_Buyer2' located by 'By.xpath: //*[contains(@id, 'rc-tabs-')]/div[2]/div/div/div/div/div/div[2]/table/tbody/tr[3]/td[1]/p' is present after '1' second(s)
	at com.kms.katalon.core.webui.keyword.internal.WebUIKeywordMain.stepFailed(WebUIKeywordMain.groovy:64)
	at com.kms.katalon.core.webui.keyword.internal.WebUIKeywordMain$stepFailed$0.call(Unknown Source)
	at com.kms.katalon.core.webui.keyword.builtin.VerifyElementNotPresentKeyword$_verifyElementNotPresent_closure1.doCall(VerifyElementNotPresentKeyword.groovy:106)
	at com.kms.katalon.core.webui.keyword.builtin.VerifyElementNotPresentKeyword$_verifyElementNotPresent_closure1.doCall(VerifyElementNotPresentKeyword.groovy)
	at com.kms.katalon.core.webui.keyword.internal.WebUIKeywordMain.runKeyword(WebUIKeywordMain.groovy:20)
	at com.kms.katalon.core.webui.keyword.internal.WebUIKeywordMain$runKeyword.call(Unknown Source)
	at com.kms.katalon.core.webui.keyword.builtin.VerifyElementNotPresentKeyword.verifyElementNotPresent(VerifyElementNotPresentKeyword.groovy:117)
	at com.kms.katalon.core.webui.keyword.builtin.VerifyElementNotPresentKeyword.execute(VerifyElementNotPresentKeyword.groovy:68)
	at com.kms.katalon.core.keyword.internal.KeywordExecutor.executeKeywordForPlatform(KeywordExecutor.groovy:74)
	at com.kms.katalon.core.webui.keyword.WebUiBuiltInKeywords.verifyElementNotPresent(WebUiBuiltInKeywords.groovy:1481)
	at com.kms.katalon.core.webui.keyword.WebUiBuiltInKeywords$verifyElementNotPresent$8.call(Unknown Source)
	at GetBrokSumPriceDaily.run(GetBrokSumPriceDaily:258)
	at com.kms.katalon.core.main.ScriptEngine.run(ScriptEngine.java:194)
	at com.kms.katalon.core.main.ScriptEngine.runScriptAsRawText(ScriptEngine.java:119)
	at com.kms.katalon.core.main.TestCaseExecutor.runScript(TestCaseExecutor.java:445)
	at com.kms.katalon.core.main.TestCaseExecutor.doExecute(TestCaseExecutor.java:436)
	at com.kms.katalon.core.main.TestCaseExecutor.processExecutionPhase(TestCaseExecutor.java:415)
	at com.kms.katalon.core.main.TestCaseExecutor.accessMainPhase(TestCaseExecutor.java:407)
	at com.kms.katalon.core.main.TestCaseExecutor.execute(TestCaseExecutor.java:284)
	at com.kms.katalon.core.common.CommonExecutor.accessTestCaseMainPhase(CommonExecutor.java:65)
	at com.kms.katalon.core.main.TestSuiteExecutor.accessTestSuiteMainPhase(TestSuiteExecutor.java:144)
	at com.kms.katalon.core.main.TestSuiteExecutor.execute(TestSuiteExecutor.java:106)
	at com.kms.katalon.core.main.TestCaseMain.startTestSuite(TestCaseMain.java:185)
	at com.kms.katalon.core.main.TestCaseMain$startTestSuite$0.call(Unknown Source)
	at TempTestSuite1705923140048.run(TempTestSuite1705923140048.groovy:36)
)
[[ATTACHMENT|C:\\Users\\Fadli\\git\\KatalonDailyGetData2\\Reports\\20240122_174123\\TS1\\20240122_183220\\1705924180015.png]]

2024-01-22 18:49:40 - [TEST_STEP][PASSED] - else: null

2024-01-22 18:49:40 - [TEST_STEP][PASSED] - strBuyer2 = getText(findTestObject("Stockbit/Bandarmology_Buyer2")): Text of object 'Object Repository/Stockbit/Bandarmology_Buyer2' is: 'YP'

2024-01-22 18:49:40 - [MESSAGE][PASSED] - Text of object 'Object Repository/Stockbit/Bandarmology_Buyer2' is: 'YP'

2024-01-22 18:49:40 - [TEST_STEP][PASSED] - strBuyerVol2 = getText(findTestObject("Stockbit/Bandarmology_BuyerVol2")): Text of object 'Object Repository/Stockbit/Bandarmology_BuyerVol2' is: '2.4 K'

2024-01-22 18:49:40 - [MESSAGE][PASSED] - Text of object 'Object Repository/Stockbit/Bandarmology_BuyerVol2' is: '2.4 K'

2024-01-22 18:49:40 - [TEST_STEP][PASSED] - strBuyerAvg2 = getText(findTestObject("Stockbit/Bandarmology_BuyerAvg2")): Text of object 'Object Repository/Stockbit/Bandarmology_BuyerAvg2' is: '164'

2024-01-22 18:49:40 - [MESSAGE][PASSED] - Text of object 'Object Repository/Stockbit/Bandarmology_BuyerAvg2' is: '164'

2024-01-22 18:49:40 - [TEST_STEP][PASSED] - if (strBuyer2 != ""): null

2024-01-22 18:49:40 - [TEST_STEP][PASSED] - if (strBuyerAvg2.contains(",")): null

2024-01-22 18:49:40 - [TEST_STEP][PASSED] - if (strBuyerVol2.contains(" B")): null

2024-01-22 18:49:40 - [TEST_STEP][PASSED] - else if (strBuyerVol2.contains(" M")): null

2024-01-22 18:49:40 - [TEST_STEP][PASSED] - else if (strBuyerVol2.contains(" K")): null

2024-01-22 18:49:40 - [TEST_STEP][PASSED] - strBuyerVol2 = strBuyerVol2.replace(" K", ""): null

2024-01-22 18:49:40 - [TEST_STEP][PASSED] - strBuyerVol2 = strBuyerVol2.toDouble() * 1000: null

2024-01-22 18:49:40 - [TEST_STEP][PASSED] - if (strBuyerVol2.contains(".")): null

2024-01-22 18:49:40 - [TEST_STEP][PASSED] - strBuyerVal2 = strBuyerVol2.replace(".", ""): null

2024-01-22 18:49:40 - [TEST_STEP][PASSED] - if (verifyElementNotPresent(findTestObject("Stockbit/Bandarmology_Seller2"), 1, OPTIONAL)): Web element with id: 'Object Repository/Stockbit/Bandarmology_Seller2' located by 'By.xpath: //*[contains(@id, 'rc-tabs-')]/div[2]/div/div/div/div/div/div[2]/table/tbody/tr[3]/td[5]/p' is present after '1' second(s) (Root cause: com.kms.katalon.core.exception.StepFailedException: Web element with id: 'Object Repository/Stockbit/Bandarmology_Seller2' located by 'By.xpath: //*[contains(@id, 'rc-tabs-')]/div[2]/div/div/div/div/div/div[2]/table/tbody/tr[3]/td[5]/p' is present after '1' second(s)
	at com.kms.katalon.core.webui.keyword.internal.WebUIKeywordMain.stepFailed(WebUIKeywordMain.groovy:64)
	at com.kms.katalon.core.webui.keyword.internal.WebUIKeywordMain$stepFailed$0.call(Unknown Source)
	at com.kms.katalon.core.webui.keyword.builtin.VerifyElementNotPresentKeyword$_verifyElementNotPresent_closure1.doCall(VerifyElementNotPresentKeyword.groovy:106)
	at com.kms.katalon.core.webui.keyword.builtin.VerifyElementNotPresentKeyword$_verifyElementNotPresent_closure1.doCall(VerifyElementNotPresentKeyword.groovy)
	at com.kms.katalon.core.webui.keyword.internal.WebUIKeywordMain.runKeyword(WebUIKeywordMain.groovy:20)
	at com.kms.katalon.core.webui.keyword.internal.WebUIKeywordMain$runKeyword.call(Unknown Source)
	at com.kms.katalon.core.webui.keyword.builtin.VerifyElementNotPresentKeyword.verifyElementNotPresent(VerifyElementNotPresentKeyword.groovy:117)
	at com.kms.katalon.core.webui.keyword.builtin.VerifyElementNotPresentKeyword.execute(VerifyElementNotPresentKeyword.groovy:68)
	at com.kms.katalon.core.keyword.internal.KeywordExecutor.executeKeywordForPlatform(KeywordExecutor.groovy:74)
	at com.kms.katalon.core.webui.keyword.WebUiBuiltInKeywords.verifyElementNotPresent(WebUiBuiltInKeywords.groovy:1481)
	at com.kms.katalon.core.webui.keyword.WebUiBuiltInKeywords$verifyElementNotPresent$8.call(Unknown Source)
	at GetBrokSumPriceDaily.run(GetBrokSumPriceDaily:309)
	at com.kms.katalon.core.main.ScriptEngine.run(ScriptEngine.java:194)
	at com.kms.katalon.core.main.ScriptEngine.runScriptAsRawText(ScriptEngine.java:119)
	at com.kms.katalon.core.main.TestCaseExecutor.runScript(TestCaseExecutor.java:445)
	at com.kms.katalon.core.main.TestCaseExecutor.doExecute(TestCaseExecutor.java:436)
	at com.kms.katalon.core.main.TestCaseExecutor.processExecutionPhase(TestCaseExecutor.java:415)
	at com.kms.katalon.core.main.TestCaseExecutor.accessMainPhase(TestCaseExecutor.java:407)
	at com.kms.katalon.core.main.TestCaseExecutor.execute(TestCaseExecutor.java:284)
	at com.kms.katalon.core.common.CommonExecutor.accessTestCaseMainPhase(CommonExecutor.java:65)
	at com.kms.katalon.core.main.TestSuiteExecutor.accessTestSuiteMainPhase(TestSuiteExecutor.java:144)
	at com.kms.katalon.core.main.TestSuiteExecutor.execute(TestSuiteExecutor.java:106)
	at com.kms.katalon.core.main.TestCaseMain.startTestSuite(TestCaseMain.java:185)
	at com.kms.katalon.core.main.TestCaseMain$startTestSuite$0.call(Unknown Source)
	at TempTestSuite1705923140048.run(TempTestSuite1705923140048.groovy:36)
)

2024-01-22 18:49:41 - [MESSAGE][WARNING] - Web element with id: 'Object Repository/Stockbit/Bandarmology_Seller2' located by 'By.xpath: //*[contains(@id, 'rc-tabs-')]/div[2]/div/div/div/div/div/div[2]/table/tbody/tr[3]/td[5]/p' is present after '1' second(s) (Root cause: com.kms.katalon.core.exception.StepFailedException: Web element with id: 'Object Repository/Stockbit/Bandarmology_Seller2' located by 'By.xpath: //*[contains(@id, 'rc-tabs-')]/div[2]/div/div/div/div/div/div[2]/table/tbody/tr[3]/td[5]/p' is present after '1' second(s)
	at com.kms.katalon.core.webui.keyword.internal.WebUIKeywordMain.stepFailed(WebUIKeywordMain.groovy:64)
	at com.kms.katalon.core.webui.keyword.internal.WebUIKeywordMain$stepFailed$0.call(Unknown Source)
	at com.kms.katalon.core.webui.keyword.builtin.VerifyElementNotPresentKeyword$_verifyElementNotPresent_closure1.doCall(VerifyElementNotPresentKeyword.groovy:106)
	at com.kms.katalon.core.webui.keyword.builtin.VerifyElementNotPresentKeyword$_verifyElementNotPresent_closure1.doCall(VerifyElementNotPresentKeyword.groovy)
	at com.kms.katalon.core.webui.keyword.internal.WebUIKeywordMain.runKeyword(WebUIKeywordMain.groovy:20)
	at com.kms.katalon.core.webui.keyword.internal.WebUIKeywordMain$runKeyword.call(Unknown Source)
	at com.kms.katalon.core.webui.keyword.builtin.VerifyElementNotPresentKeyword.verifyElementNotPresent(VerifyElementNotPresentKeyword.groovy:117)
	at com.kms.katalon.core.webui.keyword.builtin.VerifyElementNotPresentKeyword.execute(VerifyElementNotPresentKeyword.groovy:68)
	at com.kms.katalon.core.keyword.internal.KeywordExecutor.executeKeywordForPlatform(KeywordExecutor.groovy:74)
	at com.kms.katalon.core.webui.keyword.WebUiBuiltInKeywords.verifyElementNotPresent(WebUiBuiltInKeywords.groovy:1481)
	at com.kms.katalon.core.webui.keyword.WebUiBuiltInKeywords$verifyElementNotPresent$8.call(Unknown Source)
	at GetBrokSumPriceDaily.run(GetBrokSumPriceDaily:309)
	at com.kms.katalon.core.main.ScriptEngine.run(ScriptEngine.java:194)
	at com.kms.katalon.core.main.ScriptEngine.runScriptAsRawText(ScriptEngine.java:119)
	at com.kms.katalon.core.main.TestCaseExecutor.runScript(TestCaseExecutor.java:445)
	at com.kms.katalon.core.main.TestCaseExecutor.doExecute(TestCaseExecutor.java:436)
	at com.kms.katalon.core.main.TestCaseExecutor.processExecutionPhase(TestCaseExecutor.java:415)
	at com.kms.katalon.core.main.TestCaseExecutor.accessMainPhase(TestCaseExecutor.java:407)
	at com.kms.katalon.core.main.TestCaseExecutor.execute(TestCaseExecutor.java:284)
	at com.kms.katalon.core.common.CommonExecutor.accessTestCaseMainPhase(CommonExecutor.java:65)
	at com.kms.katalon.core.main.TestSuiteExecutor.accessTestSuiteMainPhase(TestSuiteExecutor.java:144)
	at com.kms.katalon.core.main.TestSuiteExecutor.execute(TestSuiteExecutor.java:106)
	at com.kms.katalon.core.main.TestCaseMain.startTestSuite(TestCaseMain.java:185)
	at com.kms.katalon.core.main.TestCaseMain$startTestSuite$0.call(Unknown Source)
	at TempTestSuite1705923140048.run(TempTestSuite1705923140048.groovy:36)
)
[[ATTACHMENT|C:\\Users\\Fadli\\git\\KatalonDailyGetData2\\Reports\\20240122_174123\\TS1\\20240122_183220\\1705924181743.png]]

2024-01-22 18:49:41 - [TEST_STEP][PASSED] - else: null

2024-01-22 18:49:41 - [TEST_STEP][PASSED] - strSeller2 = getText(findTestObject("Stockbit/Bandarmology_Seller2")): Text of object 'Object Repository/Stockbit/Bandarmology_Seller2' is: 'CC'

2024-01-22 18:49:42 - [MESSAGE][PASSED] - Text of object 'Object Repository/Stockbit/Bandarmology_Seller2' is: 'CC'

2024-01-22 18:49:42 - [TEST_STEP][PASSED] - strSellerVol2 = getText(findTestObject("Stockbit/Bandarmology_SellerVol2")): Text of object 'Object Repository/Stockbit/Bandarmology_SellerVol2' is: '3.1 K'

2024-01-22 18:49:42 - [MESSAGE][PASSED] - Text of object 'Object Repository/Stockbit/Bandarmology_SellerVol2' is: '3.1 K'

2024-01-22 18:49:42 - [TEST_STEP][PASSED] - strSellerAvg2 = getText(findTestObject("Stockbit/Bandarmology_SellerAvg2")): Text of object 'Object Repository/Stockbit/Bandarmology_SellerAvg2' is: '163'

2024-01-22 18:49:42 - [MESSAGE][PASSED] - Text of object 'Object Repository/Stockbit/Bandarmology_SellerAvg2' is: '163'

2024-01-22 18:49:42 - [TEST_STEP][PASSED] - if (strSeller2 != ""): null

2024-01-22 18:49:42 - [TEST_STEP][PASSED] - if (strSellerAvg2.contains(",")): null

2024-01-22 18:49:42 - [TEST_STEP][PASSED] - if (strSellerVol2.contains(" B")): null

2024-01-22 18:49:42 - [TEST_STEP][PASSED] - else if (strSellerVol2.contains(" M")): null

2024-01-22 18:49:42 - [TEST_STEP][PASSED] - else if (strSellerVol2.contains(" K")): null

2024-01-22 18:49:42 - [TEST_STEP][PASSED] - strSellerVol2 = strSellerVol2.replace(" K", ""): null

2024-01-22 18:49:42 - [TEST_STEP][PASSED] - strSellerVol2 = strSellerVol2.toDouble() * 1000: null

2024-01-22 18:49:42 - [TEST_STEP][PASSED] - if (verifyElementNotPresent(findTestObject("Stockbit/Bandarmology_Buyer3"), 1, OPTIONAL)): Web element with id: 'Object Repository/Stockbit/Bandarmology_Buyer3' located by 'By.xpath: //*[contains(@id, 'rc-tabs-')]/div[2]/div/div/div/div/div/div[2]/table/tbody/tr[4]/td[1]/p' is present after '1' second(s) (Root cause: com.kms.katalon.core.exception.StepFailedException: Web element with id: 'Object Repository/Stockbit/Bandarmology_Buyer3' located by 'By.xpath: //*[contains(@id, 'rc-tabs-')]/div[2]/div/div/div/div/div/div[2]/table/tbody/tr[4]/td[1]/p' is present after '1' second(s)
	at com.kms.katalon.core.webui.keyword.internal.WebUIKeywordMain.stepFailed(WebUIKeywordMain.groovy:64)
	at com.kms.katalon.core.webui.keyword.internal.WebUIKeywordMain$stepFailed$0.call(Unknown Source)
	at com.kms.katalon.core.webui.keyword.builtin.VerifyElementNotPresentKeyword$_verifyElementNotPresent_closure1.doCall(VerifyElementNotPresentKeyword.groovy:106)
	at com.kms.katalon.core.webui.keyword.builtin.VerifyElementNotPresentKeyword$_verifyElementNotPresent_closure1.doCall(VerifyElementNotPresentKeyword.groovy)
	at com.kms.katalon.core.webui.keyword.internal.WebUIKeywordMain.runKeyword(WebUIKeywordMain.groovy:20)
	at com.kms.katalon.core.webui.keyword.internal.WebUIKeywordMain$runKeyword.call(Unknown Source)
	at com.kms.katalon.core.webui.keyword.builtin.VerifyElementNotPresentKeyword.verifyElementNotPresent(VerifyElementNotPresentKeyword.groovy:117)
	at com.kms.katalon.core.webui.keyword.builtin.VerifyElementNotPresentKeyword.execute(VerifyElementNotPresentKeyword.groovy:68)
	at com.kms.katalon.core.keyword.internal.KeywordExecutor.executeKeywordForPlatform(KeywordExecutor.groovy:74)
	at com.kms.katalon.core.webui.keyword.WebUiBuiltInKeywords.verifyElementNotPresent(WebUiBuiltInKeywords.groovy:1481)
	at com.kms.katalon.core.webui.keyword.WebUiBuiltInKeywords$verifyElementNotPresent$8.call(Unknown Source)
	at GetBrokSumPriceDaily.run(GetBrokSumPriceDaily:361)
	at com.kms.katalon.core.main.ScriptEngine.run(ScriptEngine.java:194)
	at com.kms.katalon.core.main.ScriptEngine.runScriptAsRawText(ScriptEngine.java:119)
	at com.kms.katalon.core.main.TestCaseExecutor.runScript(TestCaseExecutor.java:445)
	at com.kms.katalon.core.main.TestCaseExecutor.doExecute(TestCaseExecutor.java:436)
	at com.kms.katalon.core.main.TestCaseExecutor.processExecutionPhase(TestCaseExecutor.java:415)
	at com.kms.katalon.core.main.TestCaseExecutor.accessMainPhase(TestCaseExecutor.java:407)
	at com.kms.katalon.core.main.TestCaseExecutor.execute(TestCaseExecutor.java:284)
	at com.kms.katalon.core.common.CommonExecutor.accessTestCaseMainPhase(CommonExecutor.java:65)
	at com.kms.katalon.core.main.TestSuiteExecutor.accessTestSuiteMainPhase(TestSuiteExecutor.java:144)
	at com.kms.katalon.core.main.TestSuiteExecutor.execute(TestSuiteExecutor.java:106)
	at com.kms.katalon.core.main.TestCaseMain.startTestSuite(TestCaseMain.java:185)
	at com.kms.katalon.core.main.TestCaseMain$startTestSuite$0.call(Unknown Source)
	at TempTestSuite1705923140048.run(TempTestSuite1705923140048.groovy:36)
)

2024-01-22 18:49:43 - [MESSAGE][WARNING] - Web element with id: 'Object Repository/Stockbit/Bandarmology_Buyer3' located by 'By.xpath: //*[contains(@id, 'rc-tabs-')]/div[2]/div/div/div/div/div/div[2]/table/tbody/tr[4]/td[1]/p' is present after '1' second(s) (Root cause: com.kms.katalon.core.exception.StepFailedException: Web element with id: 'Object Repository/Stockbit/Bandarmology_Buyer3' located by 'By.xpath: //*[contains(@id, 'rc-tabs-')]/div[2]/div/div/div/div/div/div[2]/table/tbody/tr[4]/td[1]/p' is present after '1' second(s)
	at com.kms.katalon.core.webui.keyword.internal.WebUIKeywordMain.stepFailed(WebUIKeywordMain.groovy:64)
	at com.kms.katalon.core.webui.keyword.internal.WebUIKeywordMain$stepFailed$0.call(Unknown Source)
	at com.kms.katalon.core.webui.keyword.builtin.VerifyElementNotPresentKeyword$_verifyElementNotPresent_closure1.doCall(VerifyElementNotPresentKeyword.groovy:106)
	at com.kms.katalon.core.webui.keyword.builtin.VerifyElementNotPresentKeyword$_verifyElementNotPresent_closure1.doCall(VerifyElementNotPresentKeyword.groovy)
	at com.kms.katalon.core.webui.keyword.internal.WebUIKeywordMain.runKeyword(WebUIKeywordMain.groovy:20)
	at com.kms.katalon.core.webui.keyword.internal.WebUIKeywordMain$runKeyword.call(Unknown Source)
	at com.kms.katalon.core.webui.keyword.builtin.VerifyElementNotPresentKeyword.verifyElementNotPresent(VerifyElementNotPresentKeyword.groovy:117)
	at com.kms.katalon.core.webui.keyword.builtin.VerifyElementNotPresentKeyword.execute(VerifyElementNotPresentKeyword.groovy:68)
	at com.kms.katalon.core.keyword.internal.KeywordExecutor.executeKeywordForPlatform(KeywordExecutor.groovy:74)
	at com.kms.katalon.core.webui.keyword.WebUiBuiltInKeywords.verifyElementNotPresent(WebUiBuiltInKeywords.groovy:1481)
	at com.kms.katalon.core.webui.keyword.WebUiBuiltInKeywords$verifyElementNotPresent$8.call(Unknown Source)
	at GetBrokSumPriceDaily.run(GetBrokSumPriceDaily:361)
	at com.kms.katalon.core.main.ScriptEngine.run(ScriptEngine.java:194)
	at com.kms.katalon.core.main.ScriptEngine.runScriptAsRawText(ScriptEngine.java:119)
	at com.kms.katalon.core.main.TestCaseExecutor.runScript(TestCaseExecutor.java:445)
	at com.kms.katalon.core.main.TestCaseExecutor.doExecute(TestCaseExecutor.java:436)
	at com.kms.katalon.core.main.TestCaseExecutor.processExecutionPhase(TestCaseExecutor.java:415)
	at com.kms.katalon.core.main.TestCaseExecutor.accessMainPhase(TestCaseExecutor.java:407)
	at com.kms.katalon.core.main.TestCaseExecutor.execute(TestCaseExecutor.java:284)
	at com.kms.katalon.core.common.CommonExecutor.accessTestCaseMainPhase(CommonExecutor.java:65)
	at com.kms.katalon.core.main.TestSuiteExecutor.accessTestSuiteMainPhase(TestSuiteExecutor.java:144)
	at com.kms.katalon.core.main.TestSuiteExecutor.execute(TestSuiteExecutor.java:106)
	at com.kms.katalon.core.main.TestCaseMain.startTestSuite(TestCaseMain.java:185)
	at com.kms.katalon.core.main.TestCaseMain$startTestSuite$0.call(Unknown Source)
	at TempTestSuite1705923140048.run(TempTestSuite1705923140048.groovy:36)
)
[[ATTACHMENT|C:\\Users\\Fadli\\git\\KatalonDailyGetData2\\Reports\\20240122_174123\\TS1\\20240122_183220\\1705924183469.png]]

2024-01-22 18:49:43 - [TEST_STEP][PASSED] - else: null

2024-01-22 18:49:43 - [TEST_STEP][PASSED] - strBuyer3 = getText(findTestObject("Stockbit/Bandarmology_Buyer3")): Text of object 'Object Repository/Stockbit/Bandarmology_Buyer3' is: 'MG'

2024-01-22 18:49:43 - [MESSAGE][PASSED] - Text of object 'Object Repository/Stockbit/Bandarmology_Buyer3' is: 'MG'

2024-01-22 18:49:43 - [TEST_STEP][PASSED] - strBuyerVol3 = getText(findTestObject("Stockbit/Bandarmology_BuyerVol3")): Text of object 'Object Repository/Stockbit/Bandarmology_BuyerVol3' is: '1.4 K'

2024-01-22 18:49:43 - [MESSAGE][PASSED] - Text of object 'Object Repository/Stockbit/Bandarmology_BuyerVol3' is: '1.4 K'

2024-01-22 18:49:43 - [TEST_STEP][PASSED] - strBuyerAvg3 = getText(findTestObject("Stockbit/Bandarmology_BuyerAvg3")): Text of object 'Object Repository/Stockbit/Bandarmology_BuyerAvg3' is: '163'

2024-01-22 18:49:43 - [MESSAGE][PASSED] - Text of object 'Object Repository/Stockbit/Bandarmology_BuyerAvg3' is: '163'

2024-01-22 18:49:43 - [TEST_STEP][PASSED] - if (strBuyer3 != ""): null

2024-01-22 18:49:43 - [TEST_STEP][PASSED] - if (strBuyerAvg3.contains(",")): null

2024-01-22 18:49:43 - [TEST_STEP][PASSED] - if (strBuyerVol3.contains(" B")): null

2024-01-22 18:49:43 - [TEST_STEP][PASSED] - else if (strBuyerVol3.contains(" M")): null

2024-01-22 18:49:43 - [TEST_STEP][PASSED] - else if (strBuyerVol3.contains(" K")): null

2024-01-22 18:49:43 - [TEST_STEP][PASSED] - strBuyerVol3 = strBuyerVol3.replace(" K", ""): null

2024-01-22 18:49:43 - [TEST_STEP][PASSED] - strBuyerVol3 = strBuyerVol3.toDouble() * 1000: null

2024-01-22 18:49:43 - [TEST_STEP][PASSED] - if (verifyElementNotPresent(findTestObject("Stockbit/Bandarmology_Seller3"), 1, OPTIONAL)): Web element with id: 'Object Repository/Stockbit/Bandarmology_Seller3' located by 'By.xpath: //*[contains(@id, 'rc-tabs-')]/div[2]/div/div/div/div/div/div[2]/table/tbody/tr[4]/td[5]/p' is present after '1' second(s) (Root cause: com.kms.katalon.core.exception.StepFailedException: Web element with id: 'Object Repository/Stockbit/Bandarmology_Seller3' located by 'By.xpath: //*[contains(@id, 'rc-tabs-')]/div[2]/div/div/div/div/div/div[2]/table/tbody/tr[4]/td[5]/p' is present after '1' second(s)
	at com.kms.katalon.core.webui.keyword.internal.WebUIKeywordMain.stepFailed(WebUIKeywordMain.groovy:64)
	at com.kms.katalon.core.webui.keyword.internal.WebUIKeywordMain$stepFailed$0.call(Unknown Source)
	at com.kms.katalon.core.webui.keyword.builtin.VerifyElementNotPresentKeyword$_verifyElementNotPresent_closure1.doCall(VerifyElementNotPresentKeyword.groovy:106)
	at com.kms.katalon.core.webui.keyword.builtin.VerifyElementNotPresentKeyword$_verifyElementNotPresent_closure1.doCall(VerifyElementNotPresentKeyword.groovy)
	at com.kms.katalon.core.webui.keyword.internal.WebUIKeywordMain.runKeyword(WebUIKeywordMain.groovy:20)
	at com.kms.katalon.core.webui.keyword.internal.WebUIKeywordMain$runKeyword.call(Unknown Source)
	at com.kms.katalon.core.webui.keyword.builtin.VerifyElementNotPresentKeyword.verifyElementNotPresent(VerifyElementNotPresentKeyword.groovy:117)
	at com.kms.katalon.core.webui.keyword.builtin.VerifyElementNotPresentKeyword.execute(VerifyElementNotPresentKeyword.groovy:68)
	at com.kms.katalon.core.keyword.internal.KeywordExecutor.executeKeywordForPlatform(KeywordExecutor.groovy:74)
	at com.kms.katalon.core.webui.keyword.WebUiBuiltInKeywords.verifyElementNotPresent(WebUiBuiltInKeywords.groovy:1481)
	at com.kms.katalon.core.webui.keyword.WebUiBuiltInKeywords$verifyElementNotPresent$8.call(Unknown Source)
	at GetBrokSumPriceDaily.run(GetBrokSumPriceDaily:414)
	at com.kms.katalon.core.main.ScriptEngine.run(ScriptEngine.java:194)
	at com.kms.katalon.core.main.ScriptEngine.runScriptAsRawText(ScriptEngine.java:119)
	at com.kms.katalon.core.main.TestCaseExecutor.runScript(TestCaseExecutor.java:445)
	at com.kms.katalon.core.main.TestCaseExecutor.doExecute(TestCaseExecutor.java:436)
	at com.kms.katalon.core.main.TestCaseExecutor.processExecutionPhase(TestCaseExecutor.java:415)
	at com.kms.katalon.core.main.TestCaseExecutor.accessMainPhase(TestCaseExecutor.java:407)
	at com.kms.katalon.core.main.TestCaseExecutor.execute(TestCaseExecutor.java:284)
	at com.kms.katalon.core.common.CommonExecutor.accessTestCaseMainPhase(CommonExecutor.java:65)
	at com.kms.katalon.core.main.TestSuiteExecutor.accessTestSuiteMainPhase(TestSuiteExecutor.java:144)
	at com.kms.katalon.core.main.TestSuiteExecutor.execute(TestSuiteExecutor.java:106)
	at com.kms.katalon.core.main.TestCaseMain.startTestSuite(TestCaseMain.java:185)
	at com.kms.katalon.core.main.TestCaseMain$startTestSuite$0.call(Unknown Source)
	at TempTestSuite1705923140048.run(TempTestSuite1705923140048.groovy:36)
)

2024-01-22 18:49:45 - [MESSAGE][WARNING] - Web element with id: 'Object Repository/Stockbit/Bandarmology_Seller3' located by 'By.xpath: //*[contains(@id, 'rc-tabs-')]/div[2]/div/div/div/div/div/div[2]/table/tbody/tr[4]/td[5]/p' is present after '1' second(s) (Root cause: com.kms.katalon.core.exception.StepFailedException: Web element with id: 'Object Repository/Stockbit/Bandarmology_Seller3' located by 'By.xpath: //*[contains(@id, 'rc-tabs-')]/div[2]/div/div/div/div/div/div[2]/table/tbody/tr[4]/td[5]/p' is present after '1' second(s)
	at com.kms.katalon.core.webui.keyword.internal.WebUIKeywordMain.stepFailed(WebUIKeywordMain.groovy:64)
	at com.kms.katalon.core.webui.keyword.internal.WebUIKeywordMain$stepFailed$0.call(Unknown Source)
	at com.kms.katalon.core.webui.keyword.builtin.VerifyElementNotPresentKeyword$_verifyElementNotPresent_closure1.doCall(VerifyElementNotPresentKeyword.groovy:106)
	at com.kms.katalon.core.webui.keyword.builtin.VerifyElementNotPresentKeyword$_verifyElementNotPresent_closure1.doCall(VerifyElementNotPresentKeyword.groovy)
	at com.kms.katalon.core.webui.keyword.internal.WebUIKeywordMain.runKeyword(WebUIKeywordMain.groovy:20)
	at com.kms.katalon.core.webui.keyword.internal.WebUIKeywordMain$runKeyword.call(Unknown Source)
	at com.kms.katalon.core.webui.keyword.builtin.VerifyElementNotPresentKeyword.verifyElementNotPresent(VerifyElementNotPresentKeyword.groovy:117)
	at com.kms.katalon.core.webui.keyword.builtin.VerifyElementNotPresentKeyword.execute(VerifyElementNotPresentKeyword.groovy:68)
	at com.kms.katalon.core.keyword.internal.KeywordExecutor.executeKeywordForPlatform(KeywordExecutor.groovy:74)
	at com.kms.katalon.core.webui.keyword.WebUiBuiltInKeywords.verifyElementNotPresent(WebUiBuiltInKeywords.groovy:1481)
	at com.kms.katalon.core.webui.keyword.WebUiBuiltInKeywords$verifyElementNotPresent$8.call(Unknown Source)
	at GetBrokSumPriceDaily.run(GetBrokSumPriceDaily:414)
	at com.kms.katalon.core.main.ScriptEngine.run(ScriptEngine.java:194)
	at com.kms.katalon.core.main.ScriptEngine.runScriptAsRawText(ScriptEngine.java:119)
	at com.kms.katalon.core.main.TestCaseExecutor.runScript(TestCaseExecutor.java:445)
	at com.kms.katalon.core.main.TestCaseExecutor.doExecute(TestCaseExecutor.java:436)
	at com.kms.katalon.core.main.TestCaseExecutor.processExecutionPhase(TestCaseExecutor.java:415)
	at com.kms.katalon.core.main.TestCaseExecutor.accessMainPhase(TestCaseExecutor.java:407)
	at com.kms.katalon.core.main.TestCaseExecutor.execute(TestCaseExecutor.java:284)
	at com.kms.katalon.core.common.CommonExecutor.accessTestCaseMainPhase(CommonExecutor.java:65)
	at com.kms.katalon.core.main.TestSuiteExecutor.accessTestSuiteMainPhase(TestSuiteExecutor.java:144)
	at com.kms.katalon.core.main.TestSuiteExecutor.execute(TestSuiteExecutor.java:106)
	at com.kms.katalon.core.main.TestCaseMain.startTestSuite(TestCaseMain.java:185)
	at com.kms.katalon.core.main.TestCaseMain$startTestSuite$0.call(Unknown Source)
	at TempTestSuite1705923140048.run(TempTestSuite1705923140048.groovy:36)
)
[[ATTACHMENT|C:\\Users\\Fadli\\git\\KatalonDailyGetData2\\Reports\\20240122_174123\\TS1\\20240122_183220\\1705924185159.png]]

2024-01-22 18:49:45 - [TEST_STEP][PASSED] - else: null

2024-01-22 18:49:45 - [TEST_STEP][PASSED] - strSeller3 = getText(findTestObject("Stockbit/Bandarmology_Seller3")): Text of object 'Object Repository/Stockbit/Bandarmology_Seller3' is: 'CP'

2024-01-22 18:49:45 - [MESSAGE][PASSED] - Text of object 'Object Repository/Stockbit/Bandarmology_Seller3' is: 'CP'

2024-01-22 18:49:45 - [TEST_STEP][PASSED] - strSellerVol3 = getText(findTestObject("Stockbit/Bandarmology_SellerVol3")): Text of object 'Object Repository/Stockbit/Bandarmology_SellerVol3' is: '2.8 K'

2024-01-22 18:49:45 - [MESSAGE][PASSED] - Text of object 'Object Repository/Stockbit/Bandarmology_SellerVol3' is: '2.8 K'

2024-01-22 18:49:45 - [TEST_STEP][PASSED] - strSellerAvg3 = getText(findTestObject("Stockbit/Bandarmology_SellerAvg3")): Text of object 'Object Repository/Stockbit/Bandarmology_SellerAvg3' is: '160'

2024-01-22 18:49:45 - [MESSAGE][PASSED] - Text of object 'Object Repository/Stockbit/Bandarmology_SellerAvg3' is: '160'

2024-01-22 18:49:45 - [TEST_STEP][PASSED] - if (strSeller3 != ""): null

2024-01-22 18:49:45 - [TEST_STEP][PASSED] - if (strSellerAvg3.contains(",")): null

2024-01-22 18:49:45 - [TEST_STEP][PASSED] - if (strSellerVol3.contains(" B")): null

2024-01-22 18:49:45 - [TEST_STEP][PASSED] - else if (strSellerVol3.contains(" M")): null

2024-01-22 18:49:45 - [TEST_STEP][PASSED] - else if (strSellerVol3.contains(" K")): null

2024-01-22 18:49:45 - [TEST_STEP][PASSED] - strSellerVol3 = strSellerVol3.replace(" K", ""): null

2024-01-22 18:49:45 - [TEST_STEP][PASSED] - strSellerVol3 = strSellerVol3.toDouble() * 1000: null

2024-01-22 18:49:45 - [TEST_STEP][PASSED] - strAccDist = getText(findTestObject("Stockbit/Bandarmology_AccDist")): Text of object 'Object Repository/Stockbit/Bandarmology_AccDist' is: 'Dist'

2024-01-22 18:49:45 - [MESSAGE][PASSED] - Text of object 'Object Repository/Stockbit/Bandarmology_AccDist' is: 'Dist'

2024-01-22 18:49:45 - [TEST_STEP][PASSED] - strNetVol = getText(findTestObject("Stockbit/Bandarmology_NetVol")): Text of object 'Object Repository/Stockbit/Bandarmology_NetVol' is: '11,043'

2024-01-22 18:49:45 - [MESSAGE][PASSED] - Text of object 'Object Repository/Stockbit/Bandarmology_NetVol' is: '11,043'

2024-01-22 18:49:45 - [TEST_STEP][PASSED] - strNetVol = strNetVol.replace(",", ""): null

2024-01-22 18:49:45 - [TEST_STEP][PASSED] - strNetVal = getText(findTestObject("Stockbit/Bandarmology_NetVal")): Text of object 'Object Repository/Stockbit/Bandarmology_NetVal' is: '0.2 B'

2024-01-22 18:49:46 - [MESSAGE][PASSED] - Text of object 'Object Repository/Stockbit/Bandarmology_NetVal' is: '0.2 B'

2024-01-22 18:49:46 - [TEST_STEP][PASSED] - delay(3): Delayed 3 second(s)

2024-01-22 18:49:49 - [MESSAGE][PASSED] - Delayed 3 second(s)

2024-01-22 18:49:49 - [TEST_STEP][PASSED] - strOpenPrice = getText(findTestObject("Stockbit/Home_OpenPrice")): Text of object 'Object Repository/Stockbit/Home_OpenPrice' is: '157'

2024-01-22 18:49:49 - [MESSAGE][PASSED] - Text of object 'Object Repository/Stockbit/Home_OpenPrice' is: '157'

2024-01-22 18:49:49 - [TEST_STEP][PASSED] - strOpenPrice = strOpenPrice.replace(",", ""): null

2024-01-22 18:49:49 - [TEST_STEP][PASSED] - strLowPrice = getText(findTestObject("Stockbit/Home_LowPrice")): Text of object 'Object Repository/Stockbit/Home_LowPrice' is: '155'

2024-01-22 18:49:49 - [MESSAGE][PASSED] - Text of object 'Object Repository/Stockbit/Home_LowPrice' is: '155'

2024-01-22 18:49:49 - [TEST_STEP][PASSED] - strLowPrice = strLowPrice.replace(",", ""): null

2024-01-22 18:49:49 - [TEST_STEP][PASSED] - strHighPrice = getText(findTestObject("Stockbit/Home_HighPrice")): Text of object 'Object Repository/Stockbit/Home_HighPrice' is: '170'

2024-01-22 18:49:49 - [MESSAGE][PASSED] - Text of object 'Object Repository/Stockbit/Home_HighPrice' is: '170'

2024-01-22 18:49:49 - [TEST_STEP][PASSED] - strHighPrice = strHighPrice.replace(",", ""): null

2024-01-22 18:49:49 - [TEST_STEP][PASSED] - strClosePrice = getText(findTestObject("Stockbit/Home_ClosePrice")): Text of object 'Object Repository/Stockbit/Home_ClosePrice' is: '156'

2024-01-22 18:49:49 - [MESSAGE][PASSED] - Text of object 'Object Repository/Stockbit/Home_ClosePrice' is: '156'

2024-01-22 18:49:49 - [TEST_STEP][PASSED] - strClosePrice = strClosePrice.replace(",", ""): null

2024-01-22 18:49:49 - [TEST_STEP][PASSED] - strVol = getText(findTestObject("Stockbit/Home_Volume")): Text of object 'Object Repository/Stockbit/Home_Volume' is: '51 K'

2024-01-22 18:49:49 - [MESSAGE][PASSED] - Text of object 'Object Repository/Stockbit/Home_Volume' is: '51 K'

2024-01-22 18:49:49 - [TEST_STEP][PASSED] - if (strVol.contains(" K")): null

2024-01-22 18:49:49 - [TEST_STEP][PASSED] - strVol = strVol.replace(" K", "000"): null

2024-01-22 18:49:49 - [TEST_STEP][PASSED] - if (strVol.contains(",")): null

2024-01-22 18:49:49 - [TEST_STEP][PASSED] - strChange = getText(findTestObject("Stockbit/Home_Change")): Text of object 'Object Repository/Stockbit/Home_Change' is: '-0.64%'

2024-01-22 18:49:49 - [MESSAGE][PASSED] - Text of object 'Object Repository/Stockbit/Home_Change' is: '-0.64%'

2024-01-22 18:49:49 - [TEST_STEP][PASSED] - strChange = strChange.replace("%", ""): null

2024-01-22 18:49:49 - [TEST_STEP][PASSED] - strFreq = getText(findTestObject("Stockbit/Home_Freq")): Text of object 'Object Repository/Stockbit/Home_Freq' is: '1,226'

2024-01-22 18:49:49 - [MESSAGE][PASSED] - Text of object 'Object Repository/Stockbit/Home_Freq' is: '1,226'

2024-01-22 18:49:49 - [TEST_STEP][PASSED] - if (strFreq.contains(",")): null

2024-01-22 18:49:49 - [TEST_STEP][PASSED] - strFreq = strFreq.replace(",", ""): null

2024-01-22 18:49:49 - [TEST_STEP][PASSED] - if (strFreq == "NA" || strFreq == ""): null

2024-01-22 18:49:49 - [TEST_STEP][PASSED] - else: null

2024-01-22 18:49:49 - [TEST_STEP][PASSED] - dblFreqAnal = strVol.toDouble() / strFreq.toDouble() * strFreq.toDouble() * strFreq.toDouble() * 100000000: null

2024-01-22 18:49:49 - [TEST_STEP][PASSED] - strFreqAnal = String.format("%.4f", dblFreqAnal): null

2024-01-22 18:49:49 - [TEST_STEP][PASSED] - out.println("Double strFreqAnal: " + strFreqAnal): null

2024-01-22 18:49:49 - [TEST_STEP][PASSED] - strTanggal = d.format(DateTimeFormatter.ofPattern("yyyy-MM-dd")): null

2024-01-22 18:49:49 - [TEST_STEP][PASSED] - strTanggal = "#" + strTanggal + "#": null

2024-01-22 18:49:49 - [TEST_STEP][PASSED] - strSQL = "select count(*) as JumBaris from TblBrokSum where Nama = '" + strNama + "' and Tanggal = " + strTanggal + "": null

2024-01-22 18:49:49 - [TEST_STEP][PASSED] - resultSet = statement.executeQuery(strSQL): null

2024-01-22 18:49:49 - [TEST_STEP][PASSED] - resultSet.next(): null

2024-01-22 18:49:49 - [TEST_STEP][PASSED] - intJumBaris = resultSet.getInt("JumBaris"): null

2024-01-22 18:49:49 - [TEST_STEP][PASSED] - if (intJumBaris > 0): null

2024-01-22 18:49:49 - [TEST_STEP][PASSED] - else: null

2024-01-22 18:49:49 - [TEST_STEP][PASSED] - try: null

2024-01-22 18:49:49 - [TEST_STEP][PASSED] - out.println("Insert data"): null

2024-01-22 18:49:49 - [TEST_STEP][PASSED] - strSQL = "insert into TblBrokSum (nama, tanggal, top1, top2, top3, AllBrokAvg, AccDist, AvgRP, " + "Buyer1, BuyerVal1, BuyerAvg1, Seller1, SellerVal1, SellerAvg1, Buyer2, BuyerVal2, BuyerAvg2, " + "Seller2, SellerVal2, SellerAvg2, Buyer3, BuyerVal3, BuyerAvg3, Seller3, SellerVal3, SellerAvg3, NetVol, NetVal, " + "OpenPrice, LowPrice, HighPrice, ClosePrice, Volume, Change, Frekuensi, FrekAnal) " + "values ('" + strNama + "', " + strTanggal + ", '" + strTop1 + "', '" + strTop3 + "', '" + strTop5 + "', " + "'" + strAllBrokAvg + "', '" + strAccDist + "', " + intAvgRP + ", '" + strBuyer1 + "', '" + strBuyerVol1 + "', " + strBuyerAvg1 + ", " + "'" + strSeller1 + "', '" + strSellerVol1 + "', " + strSellerAvg1 + ", '" + strBuyer2 + "', '" + strBuyerVol2 + "', " + strBuyerAvg2 + ", " + "'" + strSeller2 + "', '" + strSellerVol2 + "', " + strSellerAvg2 + ", '" + strBuyer3 + "', '" + strBuyerVol3 + "', " + strBuyerAvg3 + ", " + "'" + strSeller3 + "', '" + strSellerVol3 + "', " + strSellerAvg3 + ", " + strNetVol + ", '" + strNetVal + "', " + "" + strOpenPrice + ", " + strLowPrice + ", " + strHighPrice + ", " + strClosePrice + ", '" + strVol + "', " + strChange + ", " + strFreq + ", " + strFreqAnal + ");": null

2024-01-22 18:49:49 - [TEST_STEP][PASSED] - out.println("strSQL = " + strSQL): null

2024-01-22 18:49:49 - [TEST_STEP][PASSED] - statement.executeUpdate(strSQL): null

2024-01-22 18:49:49 - [TEST_STEP][PASSED] - setValueToCellByIndex(sheet01, rowIndex, 4, "DONE"): null

2024-01-22 18:49:49 - [TEST_STEP][PASSED] - saveWorkbook(excelFilePath, workbook01): null

2024-01-22 18:49:49 - [TEST_STEP][PASSED] - waitForElementClickable(findTestObject("Stockbit/menu_Bandarmology"), 10): Object 'Object Repository/Stockbit/menu_Bandarmology' is clickable

2024-01-22 18:49:49 - [MESSAGE][PASSED] - Object 'Object Repository/Stockbit/menu_Bandarmology' is clickable

2024-01-22 18:49:49 - [TEST_STEP][PASSED] - click(findTestObject("Stockbit/menu_Bandarmology")): Object: 'Object Repository/Stockbit/menu_Bandarmology' is clicked on

2024-01-22 18:49:50 - [MESSAGE][PASSED] - Object: 'Object Repository/Stockbit/menu_Bandarmology' is clicked on

2024-01-22 18:49:50 - [TEST_STEP][PASSED] - strTemp = "NA": null

2024-01-22 18:49:50 - [TEST_STEP][PASSED] - if (getCellValueByIndex(sheet01, rowIndex, 4) != "DONE"): Object: 'Object Repository/Stockbit/menu_Bandarmology' is clicked on

2024-01-22 18:49:50 - [TEST_STEP][PASSED] - strNama = getCellValueByIndex(sheet01, rowIndex, 0): null

2024-01-22 18:49:50 - [TEST_STEP][PASSED] - navigateToUrl("https://stockbit.com/#/symbol/" + strNama): Navigate to 'https://stockbit.com/#/symbol/AMAN' successfully

2024-01-22 18:49:51 - [MESSAGE][PASSED] - Navigate to 'https://stockbit.com/#/symbol/AMAN' successfully

2024-01-22 18:49:51 - [TEST_STEP][PASSED] - waitForElementClickable(findTestObject("Stockbit/menu_Bandarmology"), 10): Object 'Object Repository/Stockbit/menu_Bandarmology' is clickable

2024-01-22 18:49:52 - [MESSAGE][PASSED] - Object 'Object Repository/Stockbit/menu_Bandarmology' is clickable

2024-01-22 18:49:52 - [TEST_STEP][PASSED] - click(findTestObject("Stockbit/menu_Bandarmology")): Object: 'Object Repository/Stockbit/menu_Bandarmology' is clicked on

2024-01-22 18:49:52 - [MESSAGE][PASSED] - Object: 'Object Repository/Stockbit/menu_Bandarmology' is clicked on

2024-01-22 18:49:52 - [TEST_STEP][PASSED] - strTanggal = d.format(DateTimeFormatter.ofPattern("MMM dd, yyyy")): null

2024-01-22 18:49:52 - [TEST_STEP][PASSED] - strTanggal = d.format(ISO_DATE): null

2024-01-22 18:49:52 - [TEST_STEP][PASSED] - out.println("strTanggal = " + strTanggal): null

2024-01-22 18:49:52 - [TEST_STEP][PASSED] - out.println("strNama = " + strNama): null

2024-01-22 18:49:52 - [TEST_STEP][PASSED] - out.println("Baris ke = " + rowIndex): null

2024-01-22 18:49:52 - [TEST_STEP][PASSED] - click(findTestObject("Stockbit/input__BandarmologyOpenStartDate")): Object: 'Object Repository/Stockbit/input__BandarmologyOpenStartDate' is clicked on

2024-01-22 18:49:54 - [MESSAGE][PASSED] - Object: 'Object Repository/Stockbit/input__BandarmologyOpenStartDate' is clicked on

2024-01-22 18:49:54 - [TEST_STEP][PASSED] - sendKeys(findTestObject("Stockbit/input__BandarmologyOpenStartDate"), Keys.chord(CONTROL, "a")): Keys 'CONTROL + a' sent to object: 'Object Repository/Stockbit/input__BandarmologyOpenStartDate'

2024-01-22 18:49:54 - [MESSAGE][PASSED] - Keys 'CONTROL + a' sent to object: 'Object Repository/Stockbit/input__BandarmologyOpenStartDate'

2024-01-22 18:49:54 - [TEST_STEP][PASSED] - sendKeys(findTestObject("Stockbit/input__BandarmologyOpenStartDate"), Keys.chord(BACK_SPACE)): Keys 'BACK_SPACE + ' sent to object: 'Object Repository/Stockbit/input__BandarmologyOpenStartDate'

2024-01-22 18:49:55 - [MESSAGE][PASSED] - Keys 'BACK_SPACE + ' sent to object: 'Object Repository/Stockbit/input__BandarmologyOpenStartDate'

2024-01-22 18:49:55 - [TEST_STEP][PASSED] - setText(findTestObject("Stockbit/input__BandarmologyOpenStartDate"), strTanggal): Text '2024-01-22' is set on object 'Object Repository/Stockbit/input__BandarmologyOpenStartDate'

2024-01-22 18:49:55 - [MESSAGE][PASSED] - Text '2024-01-22' is set on object 'Object Repository/Stockbit/input__BandarmologyOpenStartDate'

2024-01-22 18:49:55 - [TEST_STEP][PASSED] - sendKeys(findTestObject("Stockbit/input__BandarmologyOpenStartDate"), Keys.chord(ENTER)): Keys 'ENTER + ' sent to object: 'Object Repository/Stockbit/input__BandarmologyOpenStartDate'

2024-01-22 18:49:56 - [MESSAGE][PASSED] - Keys 'ENTER + ' sent to object: 'Object Repository/Stockbit/input__BandarmologyOpenStartDate'

2024-01-22 18:49:56 - [TEST_STEP][PASSED] - click(findTestObject("Stockbit/input__BandarmologyOpenEndDate")): Object: 'Object Repository/Stockbit/input__BandarmologyOpenEndDate' is clicked on

2024-01-22 18:49:56 - [MESSAGE][PASSED] - Object: 'Object Repository/Stockbit/input__BandarmologyOpenEndDate' is clicked on

2024-01-22 18:49:56 - [TEST_STEP][PASSED] - sendKeys(findTestObject("Stockbit/input__BandarmologyOpenEndDate"), Keys.chord(CONTROL, "a")): Keys 'CONTROL + a' sent to object: 'Object Repository/Stockbit/input__BandarmologyOpenEndDate'

2024-01-22 18:49:57 - [MESSAGE][PASSED] - Keys 'CONTROL + a' sent to object: 'Object Repository/Stockbit/input__BandarmologyOpenEndDate'

2024-01-22 18:49:57 - [TEST_STEP][PASSED] - sendKeys(findTestObject("Stockbit/input__BandarmologyOpenEndDate"), Keys.chord(BACK_SPACE)): Keys 'BACK_SPACE + ' sent to object: 'Object Repository/Stockbit/input__BandarmologyOpenEndDate'

2024-01-22 18:49:57 - [MESSAGE][PASSED] - Keys 'BACK_SPACE + ' sent to object: 'Object Repository/Stockbit/input__BandarmologyOpenEndDate'

2024-01-22 18:49:57 - [TEST_STEP][PASSED] - setText(findTestObject("Stockbit/input__BandarmologyOpenEndDate"), strTanggal): Text '2024-01-22' is set on object 'Object Repository/Stockbit/input__BandarmologyOpenEndDate'

2024-01-22 18:49:58 - [MESSAGE][PASSED] - Text '2024-01-22' is set on object 'Object Repository/Stockbit/input__BandarmologyOpenEndDate'

2024-01-22 18:49:58 - [TEST_STEP][PASSED] - sendKeys(findTestObject("Stockbit/input__BandarmologyOpenEndDate"), Keys.chord(ENTER)): Keys 'ENTER + ' sent to object: 'Object Repository/Stockbit/input__BandarmologyOpenEndDate'

2024-01-22 18:49:58 - [MESSAGE][PASSED] - Keys 'ENTER + ' sent to object: 'Object Repository/Stockbit/input__BandarmologyOpenEndDate'

2024-01-22 18:49:58 - [TEST_STEP][PASSED] - delay(2): Delayed 2 second(s)

2024-01-22 18:50:00 - [MESSAGE][PASSED] - Delayed 2 second(s)

2024-01-22 18:50:00 - [TEST_STEP][PASSED] - strTemp = getText(findTestObject("Stockbit/Bandarmology_AvgRP")): Text of object 'Object Repository/Stockbit/Bandarmology_AvgRP' is: '121'

2024-01-22 18:50:00 - [MESSAGE][PASSED] - Text of object 'Object Repository/Stockbit/Bandarmology_AvgRP' is: '121'

2024-01-22 18:50:00 - [TEST_STEP][PASSED] - out.println("Bandarmology_AvgRP = " + strTemp): null

2024-01-22 18:50:00 - [TEST_STEP][PASSED] - if (strTemp != "0"): null

2024-01-22 18:50:00 - [TEST_STEP][PASSED] - strTop1 = getText(findTestObject("Stockbit/Bandarmology_Top1")): Text of object 'Object Repository/Stockbit/Bandarmology_Top1' is: 'Small Dist'

2024-01-22 18:50:00 - [MESSAGE][PASSED] - Text of object 'Object Repository/Stockbit/Bandarmology_Top1' is: 'Small Dist'

2024-01-22 18:50:00 - [TEST_STEP][PASSED] - strTop3 = getText(findTestObject("Stockbit/Bandarmology_Top3")): Text of object 'Object Repository/Stockbit/Bandarmology_Top3' is: 'Small Dist'

2024-01-22 18:50:00 - [MESSAGE][PASSED] - Text of object 'Object Repository/Stockbit/Bandarmology_Top3' is: 'Small Dist'

2024-01-22 18:50:00 - [TEST_STEP][PASSED] - strTop5 = getText(findTestObject("Stockbit/Bandarmology_Top5")): Text of object 'Object Repository/Stockbit/Bandarmology_Top5' is: 'Neutral'

2024-01-22 18:50:01 - [MESSAGE][PASSED] - Text of object 'Object Repository/Stockbit/Bandarmology_Top5' is: 'Neutral'

2024-01-22 18:50:01 - [TEST_STEP][PASSED] - strAllBrokAvg = getText(findTestObject("Stockbit/Bandarmology_TopAVG")): Text of object 'Object Repository/Stockbit/Bandarmology_TopAVG' is: 'Small Dist'

2024-01-22 18:50:01 - [MESSAGE][PASSED] - Text of object 'Object Repository/Stockbit/Bandarmology_TopAVG' is: 'Small Dist'

2024-01-22 18:50:01 - [TEST_STEP][PASSED] - strTemp = getText(findTestObject("Stockbit/Bandarmology_AvgRP")): Text of object 'Object Repository/Stockbit/Bandarmology_AvgRP' is: '121'

2024-01-22 18:50:01 - [MESSAGE][PASSED] - Text of object 'Object Repository/Stockbit/Bandarmology_AvgRP' is: '121'

2024-01-22 18:50:01 - [TEST_STEP][PASSED] - if (strTemp.contains(",")): null

2024-01-22 18:50:01 - [TEST_STEP][PASSED] - intAvgRP = strTemp.toInteger(): null

2024-01-22 18:50:01 - [TEST_STEP][PASSED] - strBuyer1 = getText(findTestObject("Stockbit/Bandarmology_Buyer1")): Text of object 'Object Repository/Stockbit/Bandarmology_Buyer1' is: 'HP'

2024-01-22 18:50:01 - [MESSAGE][PASSED] - Text of object 'Object Repository/Stockbit/Bandarmology_Buyer1' is: 'HP'

2024-01-22 18:50:01 - [TEST_STEP][PASSED] - strBuyerVol1 = getText(findTestObject("Stockbit/Bandarmology_BuyerVol1")): Text of object 'Object Repository/Stockbit/Bandarmology_BuyerVol1' is: '2.3 K'

2024-01-22 18:50:01 - [MESSAGE][PASSED] - Text of object 'Object Repository/Stockbit/Bandarmology_BuyerVol1' is: '2.3 K'

2024-01-22 18:50:01 - [TEST_STEP][PASSED] - strBuyerAvg1 = getText(findTestObject("Stockbit/Bandarmology_BuyerAvg1")): Text of object 'Object Repository/Stockbit/Bandarmology_BuyerAvg1' is: '121'

2024-01-22 18:50:01 - [MESSAGE][PASSED] - Text of object 'Object Repository/Stockbit/Bandarmology_BuyerAvg1' is: '121'

2024-01-22 18:50:01 - [TEST_STEP][PASSED] - if (strBuyerAvg1.contains(",")): null

2024-01-22 18:50:01 - [TEST_STEP][PASSED] - if (strBuyerVol1.contains(" B")): null

2024-01-22 18:50:01 - [TEST_STEP][PASSED] - else if (strBuyerVol1.contains(" M")): null

2024-01-22 18:50:01 - [TEST_STEP][PASSED] - else if (strBuyerVol1.contains(" K")): null

2024-01-22 18:50:01 - [TEST_STEP][PASSED] - strBuyerVol1 = strBuyerVol1.replace(" K", ""): null

2024-01-22 18:50:01 - [TEST_STEP][PASSED] - strBuyerVol1 = strBuyerVol1.toDouble() * 1000: null

2024-01-22 18:50:01 - [TEST_STEP][PASSED] - strSeller1 = getText(findTestObject("Stockbit/Bandarmology_Seller1")): Text of object 'Object Repository/Stockbit/Bandarmology_Seller1' is: 'XL'

2024-01-22 18:50:01 - [MESSAGE][PASSED] - Text of object 'Object Repository/Stockbit/Bandarmology_Seller1' is: 'XL'

2024-01-22 18:50:01 - [TEST_STEP][PASSED] - strSellerVol1 = getText(findTestObject("Stockbit/Bandarmology_SellerVol1")): Text of object 'Object Repository/Stockbit/Bandarmology_SellerVol1' is: '2.7 K'

2024-01-22 18:50:01 - [MESSAGE][PASSED] - Text of object 'Object Repository/Stockbit/Bandarmology_SellerVol1' is: '2.7 K'

2024-01-22 18:50:01 - [TEST_STEP][PASSED] - strSellerAvg1 = getText(findTestObject("Stockbit/Bandarmology_SellerAvg1")): Text of object 'Object Repository/Stockbit/Bandarmology_SellerAvg1' is: '121'

2024-01-22 18:50:02 - [MESSAGE][PASSED] - Text of object 'Object Repository/Stockbit/Bandarmology_SellerAvg1' is: '121'

2024-01-22 18:50:02 - [TEST_STEP][PASSED] - if (strSellerAvg1.contains(",")): null

2024-01-22 18:50:02 - [TEST_STEP][PASSED] - if (strSellerVol1.contains(" B")): null

2024-01-22 18:50:02 - [TEST_STEP][PASSED] - else if (strSellerVol1.contains(" M")): null

2024-01-22 18:50:02 - [TEST_STEP][PASSED] - else if (strSellerVol1.contains(" K")): null

2024-01-22 18:50:02 - [TEST_STEP][PASSED] - strSellerVol1 = strSellerVol1.replace(" K", ""): null

2024-01-22 18:50:02 - [TEST_STEP][PASSED] - strSellerVol1 = strSellerVol1.toDouble() * 1000: null

2024-01-22 18:50:02 - [TEST_STEP][PASSED] - if (verifyElementNotPresent(findTestObject("Stockbit/Bandarmology_Buyer2"), 1, OPTIONAL)): Web element with id: 'Object Repository/Stockbit/Bandarmology_Buyer2' located by 'By.xpath: //*[contains(@id, 'rc-tabs-')]/div[2]/div/div/div/div/div/div[2]/table/tbody/tr[3]/td[1]/p' is present after '1' second(s) (Root cause: com.kms.katalon.core.exception.StepFailedException: Web element with id: 'Object Repository/Stockbit/Bandarmology_Buyer2' located by 'By.xpath: //*[contains(@id, 'rc-tabs-')]/div[2]/div/div/div/div/div/div[2]/table/tbody/tr[3]/td[1]/p' is present after '1' second(s)
	at com.kms.katalon.core.webui.keyword.internal.WebUIKeywordMain.stepFailed(WebUIKeywordMain.groovy:64)
	at com.kms.katalon.core.webui.keyword.internal.WebUIKeywordMain$stepFailed$0.call(Unknown Source)
	at com.kms.katalon.core.webui.keyword.builtin.VerifyElementNotPresentKeyword$_verifyElementNotPresent_closure1.doCall(VerifyElementNotPresentKeyword.groovy:106)
	at com.kms.katalon.core.webui.keyword.builtin.VerifyElementNotPresentKeyword$_verifyElementNotPresent_closure1.doCall(VerifyElementNotPresentKeyword.groovy)
	at com.kms.katalon.core.webui.keyword.internal.WebUIKeywordMain.runKeyword(WebUIKeywordMain.groovy:20)
	at com.kms.katalon.core.webui.keyword.internal.WebUIKeywordMain$runKeyword.call(Unknown Source)
	at com.kms.katalon.core.webui.keyword.builtin.VerifyElementNotPresentKeyword.verifyElementNotPresent(VerifyElementNotPresentKeyword.groovy:117)
	at com.kms.katalon.core.webui.keyword.builtin.VerifyElementNotPresentKeyword.execute(VerifyElementNotPresentKeyword.groovy:68)
	at com.kms.katalon.core.keyword.internal.KeywordExecutor.executeKeywordForPlatform(KeywordExecutor.groovy:74)
	at com.kms.katalon.core.webui.keyword.WebUiBuiltInKeywords.verifyElementNotPresent(WebUiBuiltInKeywords.groovy:1481)
	at com.kms.katalon.core.webui.keyword.WebUiBuiltInKeywords$verifyElementNotPresent$8.call(Unknown Source)
	at GetBrokSumPriceDaily.run(GetBrokSumPriceDaily:258)
	at com.kms.katalon.core.main.ScriptEngine.run(ScriptEngine.java:194)
	at com.kms.katalon.core.main.ScriptEngine.runScriptAsRawText(ScriptEngine.java:119)
	at com.kms.katalon.core.main.TestCaseExecutor.runScript(TestCaseExecutor.java:445)
	at com.kms.katalon.core.main.TestCaseExecutor.doExecute(TestCaseExecutor.java:436)
	at com.kms.katalon.core.main.TestCaseExecutor.processExecutionPhase(TestCaseExecutor.java:415)
	at com.kms.katalon.core.main.TestCaseExecutor.accessMainPhase(TestCaseExecutor.java:407)
	at com.kms.katalon.core.main.TestCaseExecutor.execute(TestCaseExecutor.java:284)
	at com.kms.katalon.core.common.CommonExecutor.accessTestCaseMainPhase(CommonExecutor.java:65)
	at com.kms.katalon.core.main.TestSuiteExecutor.accessTestSuiteMainPhase(TestSuiteExecutor.java:144)
	at com.kms.katalon.core.main.TestSuiteExecutor.execute(TestSuiteExecutor.java:106)
	at com.kms.katalon.core.main.TestCaseMain.startTestSuite(TestCaseMain.java:185)
	at com.kms.katalon.core.main.TestCaseMain$startTestSuite$0.call(Unknown Source)
	at TempTestSuite1705923140048.run(TempTestSuite1705923140048.groovy:36)
)

2024-01-22 18:50:03 - [MESSAGE][WARNING] - Web element with id: 'Object Repository/Stockbit/Bandarmology_Buyer2' located by 'By.xpath: //*[contains(@id, 'rc-tabs-')]/div[2]/div/div/div/div/div/div[2]/table/tbody/tr[3]/td[1]/p' is present after '1' second(s) (Root cause: com.kms.katalon.core.exception.StepFailedException: Web element with id: 'Object Repository/Stockbit/Bandarmology_Buyer2' located by 'By.xpath: //*[contains(@id, 'rc-tabs-')]/div[2]/div/div/div/div/div/div[2]/table/tbody/tr[3]/td[1]/p' is present after '1' second(s)
	at com.kms.katalon.core.webui.keyword.internal.WebUIKeywordMain.stepFailed(WebUIKeywordMain.groovy:64)
	at com.kms.katalon.core.webui.keyword.internal.WebUIKeywordMain$stepFailed$0.call(Unknown Source)
	at com.kms.katalon.core.webui.keyword.builtin.VerifyElementNotPresentKeyword$_verifyElementNotPresent_closure1.doCall(VerifyElementNotPresentKeyword.groovy:106)
	at com.kms.katalon.core.webui.keyword.builtin.VerifyElementNotPresentKeyword$_verifyElementNotPresent_closure1.doCall(VerifyElementNotPresentKeyword.groovy)
	at com.kms.katalon.core.webui.keyword.internal.WebUIKeywordMain.runKeyword(WebUIKeywordMain.groovy:20)
	at com.kms.katalon.core.webui.keyword.internal.WebUIKeywordMain$runKeyword.call(Unknown Source)
	at com.kms.katalon.core.webui.keyword.builtin.VerifyElementNotPresentKeyword.verifyElementNotPresent(VerifyElementNotPresentKeyword.groovy:117)
	at com.kms.katalon.core.webui.keyword.builtin.VerifyElementNotPresentKeyword.execute(VerifyElementNotPresentKeyword.groovy:68)
	at com.kms.katalon.core.keyword.internal.KeywordExecutor.executeKeywordForPlatform(KeywordExecutor.groovy:74)
	at com.kms.katalon.core.webui.keyword.WebUiBuiltInKeywords.verifyElementNotPresent(WebUiBuiltInKeywords.groovy:1481)
	at com.kms.katalon.core.webui.keyword.WebUiBuiltInKeywords$verifyElementNotPresent$8.call(Unknown Source)
	at GetBrokSumPriceDaily.run(GetBrokSumPriceDaily:258)
	at com.kms.katalon.core.main.ScriptEngine.run(ScriptEngine.java:194)
	at com.kms.katalon.core.main.ScriptEngine.runScriptAsRawText(ScriptEngine.java:119)
	at com.kms.katalon.core.main.TestCaseExecutor.runScript(TestCaseExecutor.java:445)
	at com.kms.katalon.core.main.TestCaseExecutor.doExecute(TestCaseExecutor.java:436)
	at com.kms.katalon.core.main.TestCaseExecutor.processExecutionPhase(TestCaseExecutor.java:415)
	at com.kms.katalon.core.main.TestCaseExecutor.accessMainPhase(TestCaseExecutor.java:407)
	at com.kms.katalon.core.main.TestCaseExecutor.execute(TestCaseExecutor.java:284)
	at com.kms.katalon.core.common.CommonExecutor.accessTestCaseMainPhase(CommonExecutor.java:65)
	at com.kms.katalon.core.main.TestSuiteExecutor.accessTestSuiteMainPhase(TestSuiteExecutor.java:144)
	at com.kms.katalon.core.main.TestSuiteExecutor.execute(TestSuiteExecutor.java:106)
	at com.kms.katalon.core.main.TestCaseMain.startTestSuite(TestCaseMain.java:185)
	at com.kms.katalon.core.main.TestCaseMain$startTestSuite$0.call(Unknown Source)
	at TempTestSuite1705923140048.run(TempTestSuite1705923140048.groovy:36)
)
[[ATTACHMENT|C:\\Users\\Fadli\\git\\KatalonDailyGetData2\\Reports\\20240122_174123\\TS1\\20240122_183220\\1705924203227.png]]

2024-01-22 18:50:03 - [TEST_STEP][PASSED] - else: null

2024-01-22 18:50:03 - [TEST_STEP][PASSED] - strBuyer2 = getText(findTestObject("Stockbit/Bandarmology_Buyer2")): Text of object 'Object Repository/Stockbit/Bandarmology_Buyer2' is: 'DR'

2024-01-22 18:50:03 - [MESSAGE][PASSED] - Text of object 'Object Repository/Stockbit/Bandarmology_Buyer2' is: 'DR'

2024-01-22 18:50:03 - [TEST_STEP][PASSED] - strBuyerVol2 = getText(findTestObject("Stockbit/Bandarmology_BuyerVol2")): Text of object 'Object Repository/Stockbit/Bandarmology_BuyerVol2' is: '750'

2024-01-22 18:50:03 - [MESSAGE][PASSED] - Text of object 'Object Repository/Stockbit/Bandarmology_BuyerVol2' is: '750'

2024-01-22 18:50:03 - [TEST_STEP][PASSED] - strBuyerAvg2 = getText(findTestObject("Stockbit/Bandarmology_BuyerAvg2")): Text of object 'Object Repository/Stockbit/Bandarmology_BuyerAvg2' is: '122'

2024-01-22 18:50:03 - [MESSAGE][PASSED] - Text of object 'Object Repository/Stockbit/Bandarmology_BuyerAvg2' is: '122'

2024-01-22 18:50:03 - [TEST_STEP][PASSED] - if (strBuyer2 != ""): null

2024-01-22 18:50:03 - [TEST_STEP][PASSED] - if (strBuyerAvg2.contains(",")): null

2024-01-22 18:50:03 - [TEST_STEP][PASSED] - if (strBuyerVol2.contains(" B")): null

2024-01-22 18:50:03 - [TEST_STEP][PASSED] - if (strBuyerVol2.contains(".")): null

2024-01-22 18:50:03 - [TEST_STEP][PASSED] - if (verifyElementNotPresent(findTestObject("Stockbit/Bandarmology_Seller2"), 1, OPTIONAL)): Web element with id: 'Object Repository/Stockbit/Bandarmology_Seller2' located by 'By.xpath: //*[contains(@id, 'rc-tabs-')]/div[2]/div/div/div/div/div/div[2]/table/tbody/tr[3]/td[5]/p' is present after '1' second(s) (Root cause: com.kms.katalon.core.exception.StepFailedException: Web element with id: 'Object Repository/Stockbit/Bandarmology_Seller2' located by 'By.xpath: //*[contains(@id, 'rc-tabs-')]/div[2]/div/div/div/div/div/div[2]/table/tbody/tr[3]/td[5]/p' is present after '1' second(s)
	at com.kms.katalon.core.webui.keyword.internal.WebUIKeywordMain.stepFailed(WebUIKeywordMain.groovy:64)
	at com.kms.katalon.core.webui.keyword.internal.WebUIKeywordMain$stepFailed$0.call(Unknown Source)
	at com.kms.katalon.core.webui.keyword.builtin.VerifyElementNotPresentKeyword$_verifyElementNotPresent_closure1.doCall(VerifyElementNotPresentKeyword.groovy:106)
	at com.kms.katalon.core.webui.keyword.builtin.VerifyElementNotPresentKeyword$_verifyElementNotPresent_closure1.doCall(VerifyElementNotPresentKeyword.groovy)
	at com.kms.katalon.core.webui.keyword.internal.WebUIKeywordMain.runKeyword(WebUIKeywordMain.groovy:20)
	at com.kms.katalon.core.webui.keyword.internal.WebUIKeywordMain$runKeyword.call(Unknown Source)
	at com.kms.katalon.core.webui.keyword.builtin.VerifyElementNotPresentKeyword.verifyElementNotPresent(VerifyElementNotPresentKeyword.groovy:117)
	at com.kms.katalon.core.webui.keyword.builtin.VerifyElementNotPresentKeyword.execute(VerifyElementNotPresentKeyword.groovy:68)
	at com.kms.katalon.core.keyword.internal.KeywordExecutor.executeKeywordForPlatform(KeywordExecutor.groovy:74)
	at com.kms.katalon.core.webui.keyword.WebUiBuiltInKeywords.verifyElementNotPresent(WebUiBuiltInKeywords.groovy:1481)
	at com.kms.katalon.core.webui.keyword.WebUiBuiltInKeywords$verifyElementNotPresent$8.call(Unknown Source)
	at GetBrokSumPriceDaily.run(GetBrokSumPriceDaily:309)
	at com.kms.katalon.core.main.ScriptEngine.run(ScriptEngine.java:194)
	at com.kms.katalon.core.main.ScriptEngine.runScriptAsRawText(ScriptEngine.java:119)
	at com.kms.katalon.core.main.TestCaseExecutor.runScript(TestCaseExecutor.java:445)
	at com.kms.katalon.core.main.TestCaseExecutor.doExecute(TestCaseExecutor.java:436)
	at com.kms.katalon.core.main.TestCaseExecutor.processExecutionPhase(TestCaseExecutor.java:415)
	at com.kms.katalon.core.main.TestCaseExecutor.accessMainPhase(TestCaseExecutor.java:407)
	at com.kms.katalon.core.main.TestCaseExecutor.execute(TestCaseExecutor.java:284)
	at com.kms.katalon.core.common.CommonExecutor.accessTestCaseMainPhase(CommonExecutor.java:65)
	at com.kms.katalon.core.main.TestSuiteExecutor.accessTestSuiteMainPhase(TestSuiteExecutor.java:144)
	at com.kms.katalon.core.main.TestSuiteExecutor.execute(TestSuiteExecutor.java:106)
	at com.kms.katalon.core.main.TestCaseMain.startTestSuite(TestCaseMain.java:185)
	at com.kms.katalon.core.main.TestCaseMain$startTestSuite$0.call(Unknown Source)
	at TempTestSuite1705923140048.run(TempTestSuite1705923140048.groovy:36)
)

2024-01-22 18:50:05 - [MESSAGE][WARNING] - Web element with id: 'Object Repository/Stockbit/Bandarmology_Seller2' located by 'By.xpath: //*[contains(@id, 'rc-tabs-')]/div[2]/div/div/div/div/div/div[2]/table/tbody/tr[3]/td[5]/p' is present after '1' second(s) (Root cause: com.kms.katalon.core.exception.StepFailedException: Web element with id: 'Object Repository/Stockbit/Bandarmology_Seller2' located by 'By.xpath: //*[contains(@id, 'rc-tabs-')]/div[2]/div/div/div/div/div/div[2]/table/tbody/tr[3]/td[5]/p' is present after '1' second(s)
	at com.kms.katalon.core.webui.keyword.internal.WebUIKeywordMain.stepFailed(WebUIKeywordMain.groovy:64)
	at com.kms.katalon.core.webui.keyword.internal.WebUIKeywordMain$stepFailed$0.call(Unknown Source)
	at com.kms.katalon.core.webui.keyword.builtin.VerifyElementNotPresentKeyword$_verifyElementNotPresent_closure1.doCall(VerifyElementNotPresentKeyword.groovy:106)
	at com.kms.katalon.core.webui.keyword.builtin.VerifyElementNotPresentKeyword$_verifyElementNotPresent_closure1.doCall(VerifyElementNotPresentKeyword.groovy)
	at com.kms.katalon.core.webui.keyword.internal.WebUIKeywordMain.runKeyword(WebUIKeywordMain.groovy:20)
	at com.kms.katalon.core.webui.keyword.internal.WebUIKeywordMain$runKeyword.call(Unknown Source)
	at com.kms.katalon.core.webui.keyword.builtin.VerifyElementNotPresentKeyword.verifyElementNotPresent(VerifyElementNotPresentKeyword.groovy:117)
	at com.kms.katalon.core.webui.keyword.builtin.VerifyElementNotPresentKeyword.execute(VerifyElementNotPresentKeyword.groovy:68)
	at com.kms.katalon.core.keyword.internal.KeywordExecutor.executeKeywordForPlatform(KeywordExecutor.groovy:74)
	at com.kms.katalon.core.webui.keyword.WebUiBuiltInKeywords.verifyElementNotPresent(WebUiBuiltInKeywords.groovy:1481)
	at com.kms.katalon.core.webui.keyword.WebUiBuiltInKeywords$verifyElementNotPresent$8.call(Unknown Source)
	at GetBrokSumPriceDaily.run(GetBrokSumPriceDaily:309)
	at com.kms.katalon.core.main.ScriptEngine.run(ScriptEngine.java:194)
	at com.kms.katalon.core.main.ScriptEngine.runScriptAsRawText(ScriptEngine.java:119)
	at com.kms.katalon.core.main.TestCaseExecutor.runScript(TestCaseExecutor.java:445)
	at com.kms.katalon.core.main.TestCaseExecutor.doExecute(TestCaseExecutor.java:436)
	at com.kms.katalon.core.main.TestCaseExecutor.processExecutionPhase(TestCaseExecutor.java:415)
	at com.kms.katalon.core.main.TestCaseExecutor.accessMainPhase(TestCaseExecutor.java:407)
	at com.kms.katalon.core.main.TestCaseExecutor.execute(TestCaseExecutor.java:284)
	at com.kms.katalon.core.common.CommonExecutor.accessTestCaseMainPhase(CommonExecutor.java:65)
	at com.kms.katalon.core.main.TestSuiteExecutor.accessTestSuiteMainPhase(TestSuiteExecutor.java:144)
	at com.kms.katalon.core.main.TestSuiteExecutor.execute(TestSuiteExecutor.java:106)
	at com.kms.katalon.core.main.TestCaseMain.startTestSuite(TestCaseMain.java:185)
	at com.kms.katalon.core.main.TestCaseMain$startTestSuite$0.call(Unknown Source)
	at TempTestSuite1705923140048.run(TempTestSuite1705923140048.groovy:36)
)
[[ATTACHMENT|C:\\Users\\Fadli\\git\\KatalonDailyGetData2\\Reports\\20240122_174123\\TS1\\20240122_183220\\1705924204922.png]]

2024-01-22 18:50:05 - [TEST_STEP][PASSED] - else: null

2024-01-22 18:50:05 - [TEST_STEP][PASSED] - strSeller2 = getText(findTestObject("Stockbit/Bandarmology_Seller2")): Text of object 'Object Repository/Stockbit/Bandarmology_Seller2' is: 'YP'

2024-01-22 18:50:05 - [MESSAGE][PASSED] - Text of object 'Object Repository/Stockbit/Bandarmology_Seller2' is: 'YP'

2024-01-22 18:50:05 - [TEST_STEP][PASSED] - strSellerVol2 = getText(findTestObject("Stockbit/Bandarmology_SellerVol2")): Text of object 'Object Repository/Stockbit/Bandarmology_SellerVol2' is: '907'

2024-01-22 18:50:05 - [MESSAGE][PASSED] - Text of object 'Object Repository/Stockbit/Bandarmology_SellerVol2' is: '907'

2024-01-22 18:50:05 - [TEST_STEP][PASSED] - strSellerAvg2 = getText(findTestObject("Stockbit/Bandarmology_SellerAvg2")): Text of object 'Object Repository/Stockbit/Bandarmology_SellerAvg2' is: '121'

2024-01-22 18:50:05 - [MESSAGE][PASSED] - Text of object 'Object Repository/Stockbit/Bandarmology_SellerAvg2' is: '121'

2024-01-22 18:50:05 - [TEST_STEP][PASSED] - if (strSeller2 != ""): null

2024-01-22 18:50:05 - [TEST_STEP][PASSED] - if (strSellerAvg2.contains(",")): null

2024-01-22 18:50:05 - [TEST_STEP][PASSED] - if (strSellerVol2.contains(" B")): null

2024-01-22 18:50:05 - [TEST_STEP][PASSED] - if (verifyElementNotPresent(findTestObject("Stockbit/Bandarmology_Buyer3"), 1, OPTIONAL)): Web element with id: 'Object Repository/Stockbit/Bandarmology_Buyer3' located by 'By.xpath: //*[contains(@id, 'rc-tabs-')]/div[2]/div/div/div/div/div/div[2]/table/tbody/tr[4]/td[1]/p' is present after '1' second(s) (Root cause: com.kms.katalon.core.exception.StepFailedException: Web element with id: 'Object Repository/Stockbit/Bandarmology_Buyer3' located by 'By.xpath: //*[contains(@id, 'rc-tabs-')]/div[2]/div/div/div/div/div/div[2]/table/tbody/tr[4]/td[1]/p' is present after '1' second(s)
	at com.kms.katalon.core.webui.keyword.internal.WebUIKeywordMain.stepFailed(WebUIKeywordMain.groovy:64)
	at com.kms.katalon.core.webui.keyword.internal.WebUIKeywordMain$stepFailed$0.call(Unknown Source)
	at com.kms.katalon.core.webui.keyword.builtin.VerifyElementNotPresentKeyword$_verifyElementNotPresent_closure1.doCall(VerifyElementNotPresentKeyword.groovy:106)
	at com.kms.katalon.core.webui.keyword.builtin.VerifyElementNotPresentKeyword$_verifyElementNotPresent_closure1.doCall(VerifyElementNotPresentKeyword.groovy)
	at com.kms.katalon.core.webui.keyword.internal.WebUIKeywordMain.runKeyword(WebUIKeywordMain.groovy:20)
	at com.kms.katalon.core.webui.keyword.internal.WebUIKeywordMain$runKeyword.call(Unknown Source)
	at com.kms.katalon.core.webui.keyword.builtin.VerifyElementNotPresentKeyword.verifyElementNotPresent(VerifyElementNotPresentKeyword.groovy:117)
	at com.kms.katalon.core.webui.keyword.builtin.VerifyElementNotPresentKeyword.execute(VerifyElementNotPresentKeyword.groovy:68)
	at com.kms.katalon.core.keyword.internal.KeywordExecutor.executeKeywordForPlatform(KeywordExecutor.groovy:74)
	at com.kms.katalon.core.webui.keyword.WebUiBuiltInKeywords.verifyElementNotPresent(WebUiBuiltInKeywords.groovy:1481)
	at com.kms.katalon.core.webui.keyword.WebUiBuiltInKeywords$verifyElementNotPresent$8.call(Unknown Source)
	at GetBrokSumPriceDaily.run(GetBrokSumPriceDaily:361)
	at com.kms.katalon.core.main.ScriptEngine.run(ScriptEngine.java:194)
	at com.kms.katalon.core.main.ScriptEngine.runScriptAsRawText(ScriptEngine.java:119)
	at com.kms.katalon.core.main.TestCaseExecutor.runScript(TestCaseExecutor.java:445)
	at com.kms.katalon.core.main.TestCaseExecutor.doExecute(TestCaseExecutor.java:436)
	at com.kms.katalon.core.main.TestCaseExecutor.processExecutionPhase(TestCaseExecutor.java:415)
	at com.kms.katalon.core.main.TestCaseExecutor.accessMainPhase(TestCaseExecutor.java:407)
	at com.kms.katalon.core.main.TestCaseExecutor.execute(TestCaseExecutor.java:284)
	at com.kms.katalon.core.common.CommonExecutor.accessTestCaseMainPhase(CommonExecutor.java:65)
	at com.kms.katalon.core.main.TestSuiteExecutor.accessTestSuiteMainPhase(TestSuiteExecutor.java:144)
	at com.kms.katalon.core.main.TestSuiteExecutor.execute(TestSuiteExecutor.java:106)
	at com.kms.katalon.core.main.TestCaseMain.startTestSuite(TestCaseMain.java:185)
	at com.kms.katalon.core.main.TestCaseMain$startTestSuite$0.call(Unknown Source)
	at TempTestSuite1705923140048.run(TempTestSuite1705923140048.groovy:36)
)

2024-01-22 18:50:06 - [MESSAGE][WARNING] - Web element with id: 'Object Repository/Stockbit/Bandarmology_Buyer3' located by 'By.xpath: //*[contains(@id, 'rc-tabs-')]/div[2]/div/div/div/div/div/div[2]/table/tbody/tr[4]/td[1]/p' is present after '1' second(s) (Root cause: com.kms.katalon.core.exception.StepFailedException: Web element with id: 'Object Repository/Stockbit/Bandarmology_Buyer3' located by 'By.xpath: //*[contains(@id, 'rc-tabs-')]/div[2]/div/div/div/div/div/div[2]/table/tbody/tr[4]/td[1]/p' is present after '1' second(s)
	at com.kms.katalon.core.webui.keyword.internal.WebUIKeywordMain.stepFailed(WebUIKeywordMain.groovy:64)
	at com.kms.katalon.core.webui.keyword.internal.WebUIKeywordMain$stepFailed$0.call(Unknown Source)
	at com.kms.katalon.core.webui.keyword.builtin.VerifyElementNotPresentKeyword$_verifyElementNotPresent_closure1.doCall(VerifyElementNotPresentKeyword.groovy:106)
	at com.kms.katalon.core.webui.keyword.builtin.VerifyElementNotPresentKeyword$_verifyElementNotPresent_closure1.doCall(VerifyElementNotPresentKeyword.groovy)
	at com.kms.katalon.core.webui.keyword.internal.WebUIKeywordMain.runKeyword(WebUIKeywordMain.groovy:20)
	at com.kms.katalon.core.webui.keyword.internal.WebUIKeywordMain$runKeyword.call(Unknown Source)
	at com.kms.katalon.core.webui.keyword.builtin.VerifyElementNotPresentKeyword.verifyElementNotPresent(VerifyElementNotPresentKeyword.groovy:117)
	at com.kms.katalon.core.webui.keyword.builtin.VerifyElementNotPresentKeyword.execute(VerifyElementNotPresentKeyword.groovy:68)
	at com.kms.katalon.core.keyword.internal.KeywordExecutor.executeKeywordForPlatform(KeywordExecutor.groovy:74)
	at com.kms.katalon.core.webui.keyword.WebUiBuiltInKeywords.verifyElementNotPresent(WebUiBuiltInKeywords.groovy:1481)
	at com.kms.katalon.core.webui.keyword.WebUiBuiltInKeywords$verifyElementNotPresent$8.call(Unknown Source)
	at GetBrokSumPriceDaily.run(GetBrokSumPriceDaily:361)
	at com.kms.katalon.core.main.ScriptEngine.run(ScriptEngine.java:194)
	at com.kms.katalon.core.main.ScriptEngine.runScriptAsRawText(ScriptEngine.java:119)
	at com.kms.katalon.core.main.TestCaseExecutor.runScript(TestCaseExecutor.java:445)
	at com.kms.katalon.core.main.TestCaseExecutor.doExecute(TestCaseExecutor.java:436)
	at com.kms.katalon.core.main.TestCaseExecutor.processExecutionPhase(TestCaseExecutor.java:415)
	at com.kms.katalon.core.main.TestCaseExecutor.accessMainPhase(TestCaseExecutor.java:407)
	at com.kms.katalon.core.main.TestCaseExecutor.execute(TestCaseExecutor.java:284)
	at com.kms.katalon.core.common.CommonExecutor.accessTestCaseMainPhase(CommonExecutor.java:65)
	at com.kms.katalon.core.main.TestSuiteExecutor.accessTestSuiteMainPhase(TestSuiteExecutor.java:144)
	at com.kms.katalon.core.main.TestSuiteExecutor.execute(TestSuiteExecutor.java:106)
	at com.kms.katalon.core.main.TestCaseMain.startTestSuite(TestCaseMain.java:185)
	at com.kms.katalon.core.main.TestCaseMain$startTestSuite$0.call(Unknown Source)
	at TempTestSuite1705923140048.run(TempTestSuite1705923140048.groovy:36)
)
[[ATTACHMENT|C:\\Users\\Fadli\\git\\KatalonDailyGetData2\\Reports\\20240122_174123\\TS1\\20240122_183220\\1705924206697.png]]

2024-01-22 18:50:06 - [TEST_STEP][PASSED] - else: null

2024-01-22 18:50:06 - [TEST_STEP][PASSED] - strBuyer3 = getText(findTestObject("Stockbit/Bandarmology_Buyer3")): Text of object 'Object Repository/Stockbit/Bandarmology_Buyer3' is: 'CC'

2024-01-22 18:50:06 - [MESSAGE][PASSED] - Text of object 'Object Repository/Stockbit/Bandarmology_Buyer3' is: 'CC'

2024-01-22 18:50:06 - [TEST_STEP][PASSED] - strBuyerVol3 = getText(findTestObject("Stockbit/Bandarmology_BuyerVol3")): Text of object 'Object Repository/Stockbit/Bandarmology_BuyerVol3' is: '566'

2024-01-22 18:50:07 - [MESSAGE][PASSED] - Text of object 'Object Repository/Stockbit/Bandarmology_BuyerVol3' is: '566'

2024-01-22 18:50:07 - [TEST_STEP][PASSED] - strBuyerAvg3 = getText(findTestObject("Stockbit/Bandarmology_BuyerAvg3")): Text of object 'Object Repository/Stockbit/Bandarmology_BuyerAvg3' is: '122'

2024-01-22 18:50:07 - [MESSAGE][PASSED] - Text of object 'Object Repository/Stockbit/Bandarmology_BuyerAvg3' is: '122'

2024-01-22 18:50:07 - [TEST_STEP][PASSED] - if (strBuyer3 != ""): null

2024-01-22 18:50:07 - [TEST_STEP][PASSED] - if (strBuyerAvg3.contains(",")): null

2024-01-22 18:50:07 - [TEST_STEP][PASSED] - if (strBuyerVol3.contains(" B")): null

2024-01-22 18:50:07 - [TEST_STEP][PASSED] - if (verifyElementNotPresent(findTestObject("Stockbit/Bandarmology_Seller3"), 1, OPTIONAL)): Web element with id: 'Object Repository/Stockbit/Bandarmology_Seller3' located by 'By.xpath: //*[contains(@id, 'rc-tabs-')]/div[2]/div/div/div/div/div/div[2]/table/tbody/tr[4]/td[5]/p' is present after '1' second(s) (Root cause: com.kms.katalon.core.exception.StepFailedException: Web element with id: 'Object Repository/Stockbit/Bandarmology_Seller3' located by 'By.xpath: //*[contains(@id, 'rc-tabs-')]/div[2]/div/div/div/div/div/div[2]/table/tbody/tr[4]/td[5]/p' is present after '1' second(s)
	at com.kms.katalon.core.webui.keyword.internal.WebUIKeywordMain.stepFailed(WebUIKeywordMain.groovy:64)
	at com.kms.katalon.core.webui.keyword.internal.WebUIKeywordMain$stepFailed$0.call(Unknown Source)
	at com.kms.katalon.core.webui.keyword.builtin.VerifyElementNotPresentKeyword$_verifyElementNotPresent_closure1.doCall(VerifyElementNotPresentKeyword.groovy:106)
	at com.kms.katalon.core.webui.keyword.builtin.VerifyElementNotPresentKeyword$_verifyElementNotPresent_closure1.doCall(VerifyElementNotPresentKeyword.groovy)
	at com.kms.katalon.core.webui.keyword.internal.WebUIKeywordMain.runKeyword(WebUIKeywordMain.groovy:20)
	at com.kms.katalon.core.webui.keyword.internal.WebUIKeywordMain$runKeyword.call(Unknown Source)
	at com.kms.katalon.core.webui.keyword.builtin.VerifyElementNotPresentKeyword.verifyElementNotPresent(VerifyElementNotPresentKeyword.groovy:117)
	at com.kms.katalon.core.webui.keyword.builtin.VerifyElementNotPresentKeyword.execute(VerifyElementNotPresentKeyword.groovy:68)
	at com.kms.katalon.core.keyword.internal.KeywordExecutor.executeKeywordForPlatform(KeywordExecutor.groovy:74)
	at com.kms.katalon.core.webui.keyword.WebUiBuiltInKeywords.verifyElementNotPresent(WebUiBuiltInKeywords.groovy:1481)
	at com.kms.katalon.core.webui.keyword.WebUiBuiltInKeywords$verifyElementNotPresent$8.call(Unknown Source)
	at GetBrokSumPriceDaily.run(GetBrokSumPriceDaily:414)
	at com.kms.katalon.core.main.ScriptEngine.run(ScriptEngine.java:194)
	at com.kms.katalon.core.main.ScriptEngine.runScriptAsRawText(ScriptEngine.java:119)
	at com.kms.katalon.core.main.TestCaseExecutor.runScript(TestCaseExecutor.java:445)
	at com.kms.katalon.core.main.TestCaseExecutor.doExecute(TestCaseExecutor.java:436)
	at com.kms.katalon.core.main.TestCaseExecutor.processExecutionPhase(TestCaseExecutor.java:415)
	at com.kms.katalon.core.main.TestCaseExecutor.accessMainPhase(TestCaseExecutor.java:407)
	at com.kms.katalon.core.main.TestCaseExecutor.execute(TestCaseExecutor.java:284)
	at com.kms.katalon.core.common.CommonExecutor.accessTestCaseMainPhase(CommonExecutor.java:65)
	at com.kms.katalon.core.main.TestSuiteExecutor.accessTestSuiteMainPhase(TestSuiteExecutor.java:144)
	at com.kms.katalon.core.main.TestSuiteExecutor.execute(TestSuiteExecutor.java:106)
	at com.kms.katalon.core.main.TestCaseMain.startTestSuite(TestCaseMain.java:185)
	at com.kms.katalon.core.main.TestCaseMain$startTestSuite$0.call(Unknown Source)
	at TempTestSuite1705923140048.run(TempTestSuite1705923140048.groovy:36)
)

2024-01-22 18:50:08 - [MESSAGE][WARNING] - Web element with id: 'Object Repository/Stockbit/Bandarmology_Seller3' located by 'By.xpath: //*[contains(@id, 'rc-tabs-')]/div[2]/div/div/div/div/div/div[2]/table/tbody/tr[4]/td[5]/p' is present after '1' second(s) (Root cause: com.kms.katalon.core.exception.StepFailedException: Web element with id: 'Object Repository/Stockbit/Bandarmology_Seller3' located by 'By.xpath: //*[contains(@id, 'rc-tabs-')]/div[2]/div/div/div/div/div/div[2]/table/tbody/tr[4]/td[5]/p' is present after '1' second(s)
	at com.kms.katalon.core.webui.keyword.internal.WebUIKeywordMain.stepFailed(WebUIKeywordMain.groovy:64)
	at com.kms.katalon.core.webui.keyword.internal.WebUIKeywordMain$stepFailed$0.call(Unknown Source)
	at com.kms.katalon.core.webui.keyword.builtin.VerifyElementNotPresentKeyword$_verifyElementNotPresent_closure1.doCall(VerifyElementNotPresentKeyword.groovy:106)
	at com.kms.katalon.core.webui.keyword.builtin.VerifyElementNotPresentKeyword$_verifyElementNotPresent_closure1.doCall(VerifyElementNotPresentKeyword.groovy)
	at com.kms.katalon.core.webui.keyword.internal.WebUIKeywordMain.runKeyword(WebUIKeywordMain.groovy:20)
	at com.kms.katalon.core.webui.keyword.internal.WebUIKeywordMain$runKeyword.call(Unknown Source)
	at com.kms.katalon.core.webui.keyword.builtin.VerifyElementNotPresentKeyword.verifyElementNotPresent(VerifyElementNotPresentKeyword.groovy:117)
	at com.kms.katalon.core.webui.keyword.builtin.VerifyElementNotPresentKeyword.execute(VerifyElementNotPresentKeyword.groovy:68)
	at com.kms.katalon.core.keyword.internal.KeywordExecutor.executeKeywordForPlatform(KeywordExecutor.groovy:74)
	at com.kms.katalon.core.webui.keyword.WebUiBuiltInKeywords.verifyElementNotPresent(WebUiBuiltInKeywords.groovy:1481)
	at com.kms.katalon.core.webui.keyword.WebUiBuiltInKeywords$verifyElementNotPresent$8.call(Unknown Source)
	at GetBrokSumPriceDaily.run(GetBrokSumPriceDaily:414)
	at com.kms.katalon.core.main.ScriptEngine.run(ScriptEngine.java:194)
	at com.kms.katalon.core.main.ScriptEngine.runScriptAsRawText(ScriptEngine.java:119)
	at com.kms.katalon.core.main.TestCaseExecutor.runScript(TestCaseExecutor.java:445)
	at com.kms.katalon.core.main.TestCaseExecutor.doExecute(TestCaseExecutor.java:436)
	at com.kms.katalon.core.main.TestCaseExecutor.processExecutionPhase(TestCaseExecutor.java:415)
	at com.kms.katalon.core.main.TestCaseExecutor.accessMainPhase(TestCaseExecutor.java:407)
	at com.kms.katalon.core.main.TestCaseExecutor.execute(TestCaseExecutor.java:284)
	at com.kms.katalon.core.common.CommonExecutor.accessTestCaseMainPhase(CommonExecutor.java:65)
	at com.kms.katalon.core.main.TestSuiteExecutor.accessTestSuiteMainPhase(TestSuiteExecutor.java:144)
	at com.kms.katalon.core.main.TestSuiteExecutor.execute(TestSuiteExecutor.java:106)
	at com.kms.katalon.core.main.TestCaseMain.startTestSuite(TestCaseMain.java:185)
	at com.kms.katalon.core.main.TestCaseMain$startTestSuite$0.call(Unknown Source)
	at TempTestSuite1705923140048.run(TempTestSuite1705923140048.groovy:36)
)
[[ATTACHMENT|C:\\Users\\Fadli\\git\\KatalonDailyGetData2\\Reports\\20240122_174123\\TS1\\20240122_183220\\1705924208414.png]]

2024-01-22 18:50:08 - [TEST_STEP][PASSED] - else: null

2024-01-22 18:50:08 - [TEST_STEP][PASSED] - strSeller3 = getText(findTestObject("Stockbit/Bandarmology_Seller3")): Text of object 'Object Repository/Stockbit/Bandarmology_Seller3' is: 'PD'

2024-01-22 18:50:08 - [MESSAGE][PASSED] - Text of object 'Object Repository/Stockbit/Bandarmology_Seller3' is: 'PD'

2024-01-22 18:50:08 - [TEST_STEP][PASSED] - strSellerVol3 = getText(findTestObject("Stockbit/Bandarmology_SellerVol3")): Text of object 'Object Repository/Stockbit/Bandarmology_SellerVol3' is: '473'

2024-01-22 18:50:08 - [MESSAGE][PASSED] - Text of object 'Object Repository/Stockbit/Bandarmology_SellerVol3' is: '473'

2024-01-22 18:50:08 - [TEST_STEP][PASSED] - strSellerAvg3 = getText(findTestObject("Stockbit/Bandarmology_SellerAvg3")): Text of object 'Object Repository/Stockbit/Bandarmology_SellerAvg3' is: '122'

2024-01-22 18:50:08 - [MESSAGE][PASSED] - Text of object 'Object Repository/Stockbit/Bandarmology_SellerAvg3' is: '122'

2024-01-22 18:50:08 - [TEST_STEP][PASSED] - if (strSeller3 != ""): null

2024-01-22 18:50:08 - [TEST_STEP][PASSED] - if (strSellerAvg3.contains(",")): null

2024-01-22 18:50:08 - [TEST_STEP][PASSED] - if (strSellerVol3.contains(" B")): null

2024-01-22 18:50:08 - [TEST_STEP][PASSED] - strAccDist = getText(findTestObject("Stockbit/Bandarmology_AccDist")): Text of object 'Object Repository/Stockbit/Bandarmology_AccDist' is: 'Dist'

2024-01-22 18:50:09 - [MESSAGE][PASSED] - Text of object 'Object Repository/Stockbit/Bandarmology_AccDist' is: 'Dist'

2024-01-22 18:50:09 - [TEST_STEP][PASSED] - strNetVol = getText(findTestObject("Stockbit/Bandarmology_NetVol")): Text of object 'Object Repository/Stockbit/Bandarmology_NetVol' is: '4,487'

2024-01-22 18:50:09 - [MESSAGE][PASSED] - Text of object 'Object Repository/Stockbit/Bandarmology_NetVol' is: '4,487'

2024-01-22 18:50:09 - [TEST_STEP][PASSED] - strNetVol = strNetVol.replace(",", ""): null

2024-01-22 18:50:09 - [TEST_STEP][PASSED] - strNetVal = getText(findTestObject("Stockbit/Bandarmology_NetVal")): Text of object 'Object Repository/Stockbit/Bandarmology_NetVal' is: '0.1 B'

2024-01-22 18:50:09 - [MESSAGE][PASSED] - Text of object 'Object Repository/Stockbit/Bandarmology_NetVal' is: '0.1 B'

2024-01-22 18:50:09 - [TEST_STEP][PASSED] - delay(3): Delayed 3 second(s)

2024-01-22 18:50:12 - [MESSAGE][PASSED] - Delayed 3 second(s)

2024-01-22 18:50:12 - [TEST_STEP][PASSED] - strOpenPrice = getText(findTestObject("Stockbit/Home_OpenPrice")): Text of object 'Object Repository/Stockbit/Home_OpenPrice' is: '121'

2024-01-22 18:50:12 - [MESSAGE][PASSED] - Text of object 'Object Repository/Stockbit/Home_OpenPrice' is: '121'

2024-01-22 18:50:12 - [TEST_STEP][PASSED] - strOpenPrice = strOpenPrice.replace(",", ""): null

2024-01-22 18:50:12 - [TEST_STEP][PASSED] - strLowPrice = getText(findTestObject("Stockbit/Home_LowPrice")): Text of object 'Object Repository/Stockbit/Home_LowPrice' is: '120'

2024-01-22 18:50:12 - [MESSAGE][PASSED] - Text of object 'Object Repository/Stockbit/Home_LowPrice' is: '120'

2024-01-22 18:50:12 - [TEST_STEP][PASSED] - strLowPrice = strLowPrice.replace(",", ""): null

2024-01-22 18:50:12 - [TEST_STEP][PASSED] - strHighPrice = getText(findTestObject("Stockbit/Home_HighPrice")): Text of object 'Object Repository/Stockbit/Home_HighPrice' is: '124'

2024-01-22 18:50:12 - [MESSAGE][PASSED] - Text of object 'Object Repository/Stockbit/Home_HighPrice' is: '124'

2024-01-22 18:50:12 - [TEST_STEP][PASSED] - strHighPrice = strHighPrice.replace(",", ""): null

2024-01-22 18:50:12 - [TEST_STEP][PASSED] - strClosePrice = getText(findTestObject("Stockbit/Home_ClosePrice")): Text of object 'Object Repository/Stockbit/Home_ClosePrice' is: '121'

2024-01-22 18:50:12 - [MESSAGE][PASSED] - Text of object 'Object Repository/Stockbit/Home_ClosePrice' is: '121'

2024-01-22 18:50:12 - [TEST_STEP][PASSED] - strClosePrice = strClosePrice.replace(",", ""): null

2024-01-22 18:50:12 - [TEST_STEP][PASSED] - strVol = getText(findTestObject("Stockbit/Home_Volume")): Text of object 'Object Repository/Stockbit/Home_Volume' is: '6 K'

2024-01-22 18:50:12 - [MESSAGE][PASSED] - Text of object 'Object Repository/Stockbit/Home_Volume' is: '6 K'

2024-01-22 18:50:12 - [TEST_STEP][PASSED] - if (strVol.contains(" K")): null

2024-01-22 18:50:12 - [TEST_STEP][PASSED] - strVol = strVol.replace(" K", "000"): null

2024-01-22 18:50:12 - [TEST_STEP][PASSED] - if (strVol.contains(",")): null

2024-01-22 18:50:12 - [TEST_STEP][PASSED] - strChange = getText(findTestObject("Stockbit/Home_Change")): Text of object 'Object Repository/Stockbit/Home_Change' is: '0.00%'

2024-01-22 18:50:13 - [MESSAGE][PASSED] - Text of object 'Object Repository/Stockbit/Home_Change' is: '0.00%'

2024-01-22 18:50:13 - [TEST_STEP][PASSED] - strChange = strChange.replace("%", ""): null

2024-01-22 18:50:13 - [TEST_STEP][PASSED] - strFreq = getText(findTestObject("Stockbit/Home_Freq")): Text of object 'Object Repository/Stockbit/Home_Freq' is: '126'

2024-01-22 18:50:13 - [MESSAGE][PASSED] - Text of object 'Object Repository/Stockbit/Home_Freq' is: '126'

2024-01-22 18:50:13 - [TEST_STEP][PASSED] - if (strFreq.contains(",")): null

2024-01-22 18:50:13 - [TEST_STEP][PASSED] - if (strFreq == "NA" || strFreq == ""): null

2024-01-22 18:50:13 - [TEST_STEP][PASSED] - else: null

2024-01-22 18:50:13 - [TEST_STEP][PASSED] - dblFreqAnal = strVol.toDouble() / strFreq.toDouble() * strFreq.toDouble() * strFreq.toDouble() * 100000000: null

2024-01-22 18:50:13 - [TEST_STEP][PASSED] - strFreqAnal = String.format("%.4f", dblFreqAnal): null

2024-01-22 18:50:13 - [TEST_STEP][PASSED] - out.println("Double strFreqAnal: " + strFreqAnal): null

2024-01-22 18:50:13 - [TEST_STEP][PASSED] - strTanggal = d.format(DateTimeFormatter.ofPattern("yyyy-MM-dd")): null

2024-01-22 18:50:13 - [TEST_STEP][PASSED] - strTanggal = "#" + strTanggal + "#": null

2024-01-22 18:50:13 - [TEST_STEP][PASSED] - strSQL = "select count(*) as JumBaris from TblBrokSum where Nama = '" + strNama + "' and Tanggal = " + strTanggal + "": null

2024-01-22 18:50:13 - [TEST_STEP][PASSED] - resultSet = statement.executeQuery(strSQL): null

2024-01-22 18:50:13 - [TEST_STEP][PASSED] - resultSet.next(): null

2024-01-22 18:50:13 - [TEST_STEP][PASSED] - intJumBaris = resultSet.getInt("JumBaris"): null

2024-01-22 18:50:13 - [TEST_STEP][PASSED] - if (intJumBaris > 0): null

2024-01-22 18:50:13 - [TEST_STEP][PASSED] - else: null

2024-01-22 18:50:13 - [TEST_STEP][PASSED] - try: null

2024-01-22 18:50:13 - [TEST_STEP][PASSED] - out.println("Insert data"): null

2024-01-22 18:50:13 - [TEST_STEP][PASSED] - strSQL = "insert into TblBrokSum (nama, tanggal, top1, top2, top3, AllBrokAvg, AccDist, AvgRP, " + "Buyer1, BuyerVal1, BuyerAvg1, Seller1, SellerVal1, SellerAvg1, Buyer2, BuyerVal2, BuyerAvg2, " + "Seller2, SellerVal2, SellerAvg2, Buyer3, BuyerVal3, BuyerAvg3, Seller3, SellerVal3, SellerAvg3, NetVol, NetVal, " + "OpenPrice, LowPrice, HighPrice, ClosePrice, Volume, Change, Frekuensi, FrekAnal) " + "values ('" + strNama + "', " + strTanggal + ", '" + strTop1 + "', '" + strTop3 + "', '" + strTop5 + "', " + "'" + strAllBrokAvg + "', '" + strAccDist + "', " + intAvgRP + ", '" + strBuyer1 + "', '" + strBuyerVol1 + "', " + strBuyerAvg1 + ", " + "'" + strSeller1 + "', '" + strSellerVol1 + "', " + strSellerAvg1 + ", '" + strBuyer2 + "', '" + strBuyerVol2 + "', " + strBuyerAvg2 + ", " + "'" + strSeller2 + "', '" + strSellerVol2 + "', " + strSellerAvg2 + ", '" + strBuyer3 + "', '" + strBuyerVol3 + "', " + strBuyerAvg3 + ", " + "'" + strSeller3 + "', '" + strSellerVol3 + "', " + strSellerAvg3 + ", " + strNetVol + ", '" + strNetVal + "', " + "" + strOpenPrice + ", " + strLowPrice + ", " + strHighPrice + ", " + strClosePrice + ", '" + strVol + "', " + strChange + ", " + strFreq + ", " + strFreqAnal + ");": null

2024-01-22 18:50:13 - [TEST_STEP][PASSED] - out.println("strSQL = " + strSQL): null

2024-01-22 18:50:13 - [TEST_STEP][PASSED] - statement.executeUpdate(strSQL): null

2024-01-22 18:50:13 - [TEST_STEP][PASSED] - setValueToCellByIndex(sheet01, rowIndex, 4, "DONE"): null

2024-01-22 18:50:13 - [TEST_STEP][PASSED] - saveWorkbook(excelFilePath, workbook01): null

2024-01-22 18:50:13 - [TEST_STEP][PASSED] - waitForElementClickable(findTestObject("Stockbit/menu_Bandarmology"), 10): Object 'Object Repository/Stockbit/menu_Bandarmology' is clickable

2024-01-22 18:50:13 - [MESSAGE][PASSED] - Object 'Object Repository/Stockbit/menu_Bandarmology' is clickable

2024-01-22 18:50:13 - [TEST_STEP][PASSED] - click(findTestObject("Stockbit/menu_Bandarmology")): Object: 'Object Repository/Stockbit/menu_Bandarmology' is clicked on

2024-01-22 18:50:13 - [MESSAGE][PASSED] - Object: 'Object Repository/Stockbit/menu_Bandarmology' is clicked on

2024-01-22 18:50:13 - [TEST_STEP][PASSED] - strTemp = "NA": null

2024-01-22 18:50:13 - [TEST_STEP][ERROR] - if (getCellValueByIndex(sheet01, rowIndex, 4) != "DONE"): Test Cases/Stockbit/GetBrokSumPriceDaily FAILED.
Reason:
java.lang.NumberFormatException: For input string: "-"
	at GetBrokSumPriceDaily.run(GetBrokSumPriceDaily:185)
	at com.kms.katalon.core.main.ScriptEngine.run(ScriptEngine.java:194)
	at com.kms.katalon.core.main.ScriptEngine.runScriptAsRawText(ScriptEngine.java:119)
	at com.kms.katalon.core.main.TestCaseExecutor.runScript(TestCaseExecutor.java:445)
	at com.kms.katalon.core.main.TestCaseExecutor.doExecute(TestCaseExecutor.java:436)
	at com.kms.katalon.core.main.TestCaseExecutor.processExecutionPhase(TestCaseExecutor.java:415)
	at com.kms.katalon.core.main.TestCaseExecutor.accessMainPhase(TestCaseExecutor.java:407)
	at com.kms.katalon.core.main.TestCaseExecutor.execute(TestCaseExecutor.java:284)
	at com.kms.katalon.core.common.CommonExecutor.accessTestCaseMainPhase(CommonExecutor.java:65)
	at com.kms.katalon.core.main.TestSuiteExecutor.accessTestSuiteMainPhase(TestSuiteExecutor.java:144)
	at com.kms.katalon.core.main.TestSuiteExecutor.execute(TestSuiteExecutor.java:106)
	at com.kms.katalon.core.main.TestCaseMain.startTestSuite(TestCaseMain.java:185)
	at com.kms.katalon.core.main.TestCaseMain$startTestSuite$0.call(Unknown Source)
	at TempTestSuite1705923140048.run(TempTestSuite1705923140048.groovy:36)


2024-01-22 18:50:13 - [TEST_STEP][PASSED] - strNama = getCellValueByIndex(sheet01, rowIndex, 0): null

2024-01-22 18:50:13 - [TEST_STEP][PASSED] - navigateToUrl("https://stockbit.com/#/symbol/" + strNama): Navigate to 'https://stockbit.com/#/symbol/WSKT' successfully

2024-01-22 18:50:15 - [MESSAGE][PASSED] - Navigate to 'https://stockbit.com/#/symbol/WSKT' successfully

2024-01-22 18:50:15 - [TEST_STEP][PASSED] - waitForElementClickable(findTestObject("Stockbit/menu_Bandarmology"), 10): Object 'Object Repository/Stockbit/menu_Bandarmology' is clickable

2024-01-22 18:50:15 - [MESSAGE][PASSED] - Object 'Object Repository/Stockbit/menu_Bandarmology' is clickable

2024-01-22 18:50:15 - [TEST_STEP][PASSED] - click(findTestObject("Stockbit/menu_Bandarmology")): Object: 'Object Repository/Stockbit/menu_Bandarmology' is clicked on

2024-01-22 18:50:16 - [MESSAGE][PASSED] - Object: 'Object Repository/Stockbit/menu_Bandarmology' is clicked on

2024-01-22 18:50:16 - [TEST_STEP][PASSED] - strTanggal = d.format(DateTimeFormatter.ofPattern("MMM dd, yyyy")): null

2024-01-22 18:50:16 - [TEST_STEP][PASSED] - strTanggal = d.format(ISO_DATE): null

2024-01-22 18:50:16 - [TEST_STEP][PASSED] - out.println("strTanggal = " + strTanggal): null

2024-01-22 18:50:16 - [TEST_STEP][PASSED] - out.println("strNama = " + strNama): null

2024-01-22 18:50:16 - [TEST_STEP][PASSED] - out.println("Baris ke = " + rowIndex): null

2024-01-22 18:50:16 - [TEST_STEP][PASSED] - click(findTestObject("Stockbit/input__BandarmologyOpenStartDate")): Object: 'Object Repository/Stockbit/input__BandarmologyOpenStartDate' is clicked on

2024-01-22 18:50:17 - [MESSAGE][PASSED] - Object: 'Object Repository/Stockbit/input__BandarmologyOpenStartDate' is clicked on

2024-01-22 18:50:17 - [TEST_STEP][PASSED] - sendKeys(findTestObject("Stockbit/input__BandarmologyOpenStartDate"), Keys.chord(CONTROL, "a")): Keys 'CONTROL + a' sent to object: 'Object Repository/Stockbit/input__BandarmologyOpenStartDate'

2024-01-22 18:50:17 - [MESSAGE][PASSED] - Keys 'CONTROL + a' sent to object: 'Object Repository/Stockbit/input__BandarmologyOpenStartDate'

2024-01-22 18:50:17 - [TEST_STEP][PASSED] - sendKeys(findTestObject("Stockbit/input__BandarmologyOpenStartDate"), Keys.chord(BACK_SPACE)): Keys 'BACK_SPACE + ' sent to object: 'Object Repository/Stockbit/input__BandarmologyOpenStartDate'

2024-01-22 18:50:17 - [MESSAGE][PASSED] - Keys 'BACK_SPACE + ' sent to object: 'Object Repository/Stockbit/input__BandarmologyOpenStartDate'

2024-01-22 18:50:17 - [TEST_STEP][PASSED] - setText(findTestObject("Stockbit/input__BandarmologyOpenStartDate"), strTanggal): Text '2024-01-22' is set on object 'Object Repository/Stockbit/input__BandarmologyOpenStartDate'

2024-01-22 18:50:18 - [MESSAGE][PASSED] - Text '2024-01-22' is set on object 'Object Repository/Stockbit/input__BandarmologyOpenStartDate'

2024-01-22 18:50:18 - [TEST_STEP][PASSED] - sendKeys(findTestObject("Stockbit/input__BandarmologyOpenStartDate"), Keys.chord(ENTER)): Keys 'ENTER + ' sent to object: 'Object Repository/Stockbit/input__BandarmologyOpenStartDate'

2024-01-22 18:50:19 - [MESSAGE][PASSED] - Keys 'ENTER + ' sent to object: 'Object Repository/Stockbit/input__BandarmologyOpenStartDate'

2024-01-22 18:50:19 - [TEST_STEP][PASSED] - click(findTestObject("Stockbit/input__BandarmologyOpenEndDate")): Object: 'Object Repository/Stockbit/input__BandarmologyOpenEndDate' is clicked on

2024-01-22 18:50:19 - [MESSAGE][PASSED] - Object: 'Object Repository/Stockbit/input__BandarmologyOpenEndDate' is clicked on

2024-01-22 18:50:19 - [TEST_STEP][PASSED] - sendKeys(findTestObject("Stockbit/input__BandarmologyOpenEndDate"), Keys.chord(CONTROL, "a")): Keys 'CONTROL + a' sent to object: 'Object Repository/Stockbit/input__BandarmologyOpenEndDate'

2024-01-22 18:50:19 - [MESSAGE][PASSED] - Keys 'CONTROL + a' sent to object: 'Object Repository/Stockbit/input__BandarmologyOpenEndDate'

2024-01-22 18:50:19 - [TEST_STEP][PASSED] - sendKeys(findTestObject("Stockbit/input__BandarmologyOpenEndDate"), Keys.chord(BACK_SPACE)): Keys 'BACK_SPACE + ' sent to object: 'Object Repository/Stockbit/input__BandarmologyOpenEndDate'

2024-01-22 18:50:20 - [MESSAGE][PASSED] - Keys 'BACK_SPACE + ' sent to object: 'Object Repository/Stockbit/input__BandarmologyOpenEndDate'

2024-01-22 18:50:20 - [TEST_STEP][PASSED] - setText(findTestObject("Stockbit/input__BandarmologyOpenEndDate"), strTanggal): Text '2024-01-22' is set on object 'Object Repository/Stockbit/input__BandarmologyOpenEndDate'

2024-01-22 18:50:21 - [MESSAGE][PASSED] - Text '2024-01-22' is set on object 'Object Repository/Stockbit/input__BandarmologyOpenEndDate'

2024-01-22 18:50:21 - [TEST_STEP][PASSED] - sendKeys(findTestObject("Stockbit/input__BandarmologyOpenEndDate"), Keys.chord(ENTER)): Keys 'ENTER + ' sent to object: 'Object Repository/Stockbit/input__BandarmologyOpenEndDate'

2024-01-22 18:50:21 - [MESSAGE][PASSED] - Keys 'ENTER + ' sent to object: 'Object Repository/Stockbit/input__BandarmologyOpenEndDate'

2024-01-22 18:50:21 - [TEST_STEP][PASSED] - delay(2): Delayed 2 second(s)

2024-01-22 18:50:23 - [MESSAGE][PASSED] - Delayed 2 second(s)

2024-01-22 18:50:23 - [TEST_STEP][PASSED] - strTemp = getText(findTestObject("Stockbit/Bandarmology_AvgRP")): Text of object 'Object Repository/Stockbit/Bandarmology_AvgRP' is: '-'

2024-01-22 18:50:23 - [MESSAGE][PASSED] - Text of object 'Object Repository/Stockbit/Bandarmology_AvgRP' is: '-'

2024-01-22 18:50:23 - [TEST_STEP][PASSED] - out.println("Bandarmology_AvgRP = " + strTemp): null

2024-01-22 18:50:23 - [TEST_STEP][ERROR] - if (strTemp != "0"): Test Cases/Stockbit/GetBrokSumPriceDaily FAILED.
Reason:
java.lang.NumberFormatException: For input string: "-"
	at GetBrokSumPriceDaily.run(GetBrokSumPriceDaily:185)
	at com.kms.katalon.core.main.ScriptEngine.run(ScriptEngine.java:194)
	at com.kms.katalon.core.main.ScriptEngine.runScriptAsRawText(ScriptEngine.java:119)
	at com.kms.katalon.core.main.TestCaseExecutor.runScript(TestCaseExecutor.java:445)
	at com.kms.katalon.core.main.TestCaseExecutor.doExecute(TestCaseExecutor.java:436)
	at com.kms.katalon.core.main.TestCaseExecutor.processExecutionPhase(TestCaseExecutor.java:415)
	at com.kms.katalon.core.main.TestCaseExecutor.accessMainPhase(TestCaseExecutor.java:407)
	at com.kms.katalon.core.main.TestCaseExecutor.execute(TestCaseExecutor.java:284)
	at com.kms.katalon.core.common.CommonExecutor.accessTestCaseMainPhase(CommonExecutor.java:65)
	at com.kms.katalon.core.main.TestSuiteExecutor.accessTestSuiteMainPhase(TestSuiteExecutor.java:144)
	at com.kms.katalon.core.main.TestSuiteExecutor.execute(TestSuiteExecutor.java:106)
	at com.kms.katalon.core.main.TestCaseMain.startTestSuite(TestCaseMain.java:185)
	at com.kms.katalon.core.main.TestCaseMain$startTestSuite$0.call(Unknown Source)
	at TempTestSuite1705923140048.run(TempTestSuite1705923140048.groovy:36)


2024-01-22 18:50:23 - [TEST_STEP][PASSED] - strTop1 = getText(findTestObject("Stockbit/Bandarmology_Top1")): Text of object 'Object Repository/Stockbit/Bandarmology_Top1' is: '-'

2024-01-22 18:50:23 - [MESSAGE][PASSED] - Text of object 'Object Repository/Stockbit/Bandarmology_Top1' is: '-'

2024-01-22 18:50:23 - [TEST_STEP][PASSED] - strTop3 = getText(findTestObject("Stockbit/Bandarmology_Top3")): Text of object 'Object Repository/Stockbit/Bandarmology_Top3' is: '-'

2024-01-22 18:50:23 - [MESSAGE][PASSED] - Text of object 'Object Repository/Stockbit/Bandarmology_Top3' is: '-'

2024-01-22 18:50:23 - [TEST_STEP][PASSED] - strTop5 = getText(findTestObject("Stockbit/Bandarmology_Top5")): Text of object 'Object Repository/Stockbit/Bandarmology_Top5' is: '-'

2024-01-22 18:50:24 - [MESSAGE][PASSED] - Text of object 'Object Repository/Stockbit/Bandarmology_Top5' is: '-'

2024-01-22 18:50:24 - [TEST_STEP][PASSED] - strAllBrokAvg = getText(findTestObject("Stockbit/Bandarmology_TopAVG")): Text of object 'Object Repository/Stockbit/Bandarmology_TopAVG' is: '-'

2024-01-22 18:50:24 - [MESSAGE][PASSED] - Text of object 'Object Repository/Stockbit/Bandarmology_TopAVG' is: '-'

2024-01-22 18:50:24 - [TEST_STEP][PASSED] - strTemp = getText(findTestObject("Stockbit/Bandarmology_AvgRP")): Text of object 'Object Repository/Stockbit/Bandarmology_AvgRP' is: '-'

2024-01-22 18:50:24 - [MESSAGE][PASSED] - Text of object 'Object Repository/Stockbit/Bandarmology_AvgRP' is: '-'

2024-01-22 18:50:24 - [TEST_STEP][PASSED] - if (strTemp.contains(",")): null

2024-01-22 18:50:24 - [TEST_STEP][ERROR] - intAvgRP = strTemp.toInteger(): Test Cases/Stockbit/GetBrokSumPriceDaily FAILED.
Reason:
java.lang.NumberFormatException: For input string: "-"
	at GetBrokSumPriceDaily.run(GetBrokSumPriceDaily:185)
	at com.kms.katalon.core.main.ScriptEngine.run(ScriptEngine.java:194)
	at com.kms.katalon.core.main.ScriptEngine.runScriptAsRawText(ScriptEngine.java:119)
	at com.kms.katalon.core.main.TestCaseExecutor.runScript(TestCaseExecutor.java:445)
	at com.kms.katalon.core.main.TestCaseExecutor.doExecute(TestCaseExecutor.java:436)
	at com.kms.katalon.core.main.TestCaseExecutor.processExecutionPhase(TestCaseExecutor.java:415)
	at com.kms.katalon.core.main.TestCaseExecutor.accessMainPhase(TestCaseExecutor.java:407)
	at com.kms.katalon.core.main.TestCaseExecutor.execute(TestCaseExecutor.java:284)
	at com.kms.katalon.core.common.CommonExecutor.accessTestCaseMainPhase(CommonExecutor.java:65)
	at com.kms.katalon.core.main.TestSuiteExecutor.accessTestSuiteMainPhase(TestSuiteExecutor.java:144)
	at com.kms.katalon.core.main.TestSuiteExecutor.execute(TestSuiteExecutor.java:106)
	at com.kms.katalon.core.main.TestCaseMain.startTestSuite(TestCaseMain.java:185)
	at com.kms.katalon.core.main.TestCaseMain$startTestSuite$0.call(Unknown Source)
	at TempTestSuite1705923140048.run(TempTestSuite1705923140048.groovy:36)


2024-01-22 18:50:24 - [MESSAGE][ERROR] - Test Cases/Stockbit/GetBrokSumPriceDaily FAILED.
Reason:
java.lang.NumberFormatException: For input string: "-"
	at GetBrokSumPriceDaily.run(GetBrokSumPriceDaily:185)
	at com.kms.katalon.core.main.ScriptEngine.run(ScriptEngine.java:194)
	at com.kms.katalon.core.main.ScriptEngine.runScriptAsRawText(ScriptEngine.java:119)
	at com.kms.katalon.core.main.TestCaseExecutor.runScript(TestCaseExecutor.java:445)
	at com.kms.katalon.core.main.TestCaseExecutor.doExecute(TestCaseExecutor.java:436)
	at com.kms.katalon.core.main.TestCaseExecutor.processExecutionPhase(TestCaseExecutor.java:415)
	at com.kms.katalon.core.main.TestCaseExecutor.accessMainPhase(TestCaseExecutor.java:407)
	at com.kms.katalon.core.main.TestCaseExecutor.execute(TestCaseExecutor.java:284)
	at com.kms.katalon.core.common.CommonExecutor.accessTestCaseMainPhase(CommonExecutor.java:65)
	at com.kms.katalon.core.main.TestSuiteExecutor.accessTestSuiteMainPhase(TestSuiteExecutor.java:144)
	at com.kms.katalon.core.main.TestSuiteExecutor.execute(TestSuiteExecutor.java:106)
	at com.kms.katalon.core.main.TestCaseMain.startTestSuite(TestCaseMain.java:185)
	at com.kms.katalon.core.main.TestCaseMain$startTestSuite$0.call(Unknown Source)
	at TempTestSuite1705923140048.run(TempTestSuite1705923140048.groovy:36)]]></system-out>
         <system-err><![CDATA[2024-01-22 18:32:23 - [TEST_CASE][ERROR] - Test Cases/Stockbit/GetBrokSumPriceDaily: Test Cases/Stockbit/GetBrokSumPriceDaily FAILED.
Reason:
java.lang.NumberFormatException: For input string: "-"
	at GetBrokSumPriceDaily.run(GetBrokSumPriceDaily:185)
	at com.kms.katalon.core.main.ScriptEngine.run(ScriptEngine.java:194)
	at com.kms.katalon.core.main.ScriptEngine.runScriptAsRawText(ScriptEngine.java:119)
	at com.kms.katalon.core.main.TestCaseExecutor.runScript(TestCaseExecutor.java:445)
	at com.kms.katalon.core.main.TestCaseExecutor.doExecute(TestCaseExecutor.java:436)
	at com.kms.katalon.core.main.TestCaseExecutor.processExecutionPhase(TestCaseExecutor.java:415)
	at com.kms.katalon.core.main.TestCaseExecutor.accessMainPhase(TestCaseExecutor.java:407)
	at com.kms.katalon.core.main.TestCaseExecutor.execute(TestCaseExecutor.java:284)
	at com.kms.katalon.core.common.CommonExecutor.accessTestCaseMainPhase(CommonExecutor.java:65)
	at com.kms.katalon.core.main.TestSuiteExecutor.accessTestSuiteMainPhase(TestSuiteExecutor.java:144)
	at com.kms.katalon.core.main.TestSuiteExecutor.execute(TestSuiteExecutor.java:106)
	at com.kms.katalon.core.main.TestCaseMain.startTestSuite(TestCaseMain.java:185)
	at com.kms.katalon.core.main.TestCaseMain$startTestSuite$0.call(Unknown Source)
	at TempTestSuite1705923140048.run(TempTestSuite1705923140048.groovy:36)]]></system-err>
      </testcase>
      <system-out><![CDATA[2024-01-22 18:32:23 - [TEST_SUITE][ERROR] - TS1: Test Cases/Stockbit/GetBrokSumPriceDaily FAILED.
Reason:
java.lang.NumberFormatException: For input string: "-"
	at GetBrokSumPriceDaily.run(GetBrokSumPriceDaily:185)
	at com.kms.katalon.core.main.ScriptEngine.run(ScriptEngine.java:194)
	at com.kms.katalon.core.main.ScriptEngine.runScriptAsRawText(ScriptEngine.java:119)
	at com.kms.katalon.core.main.TestCaseExecutor.runScript(TestCaseExecutor.java:445)
	at com.kms.katalon.core.main.TestCaseExecutor.doExecute(TestCaseExecutor.java:436)
	at com.kms.katalon.core.main.TestCaseExecutor.processExecutionPhase(TestCaseExecutor.java:415)
	at com.kms.katalon.core.main.TestCaseExecutor.accessMainPhase(TestCaseExecutor.java:407)
	at com.kms.katalon.core.main.TestCaseExecutor.execute(TestCaseExecutor.java:284)
	at com.kms.katalon.core.common.CommonExecutor.accessTestCaseMainPhase(CommonExecutor.java:65)
	at com.kms.katalon.core.main.TestSuiteExecutor.accessTestSuiteMainPhase(TestSuiteExecutor.java:144)
	at com.kms.katalon.core.main.TestSuiteExecutor.execute(TestSuiteExecutor.java:106)
	at com.kms.katalon.core.main.TestCaseMain.startTestSuite(TestCaseMain.java:185)
	at com.kms.katalon.core.main.TestCaseMain$startTestSuite$0.call(Unknown Source)
	at TempTestSuite1705923140048.run(TempTestSuite1705923140048.groovy:36)]]></system-out>
      <system-err><![CDATA[2024-01-22 18:32:23 - [TEST_SUITE][ERROR] - TS1: Test Cases/Stockbit/GetBrokSumPriceDaily FAILED.
Reason:
java.lang.NumberFormatException: For input string: "-"
	at GetBrokSumPriceDaily.run(GetBrokSumPriceDaily:185)
	at com.kms.katalon.core.main.ScriptEngine.run(ScriptEngine.java:194)
	at com.kms.katalon.core.main.ScriptEngine.runScriptAsRawText(ScriptEngine.java:119)
	at com.kms.katalon.core.main.TestCaseExecutor.runScript(TestCaseExecutor.java:445)
	at com.kms.katalon.core.main.TestCaseExecutor.doExecute(TestCaseExecutor.java:436)
	at com.kms.katalon.core.main.TestCaseExecutor.processExecutionPhase(TestCaseExecutor.java:415)
	at com.kms.katalon.core.main.TestCaseExecutor.accessMainPhase(TestCaseExecutor.java:407)
	at com.kms.katalon.core.main.TestCaseExecutor.execute(TestCaseExecutor.java:284)
	at com.kms.katalon.core.common.CommonExecutor.accessTestCaseMainPhase(CommonExecutor.java:65)
	at com.kms.katalon.core.main.TestSuiteExecutor.accessTestSuiteMainPhase(TestSuiteExecutor.java:144)
	at com.kms.katalon.core.main.TestSuiteExecutor.execute(TestSuiteExecutor.java:106)
	at com.kms.katalon.core.main.TestCaseMain.startTestSuite(TestCaseMain.java:185)
	at com.kms.katalon.core.main.TestCaseMain$startTestSuite$0.call(Unknown Source)
	at TempTestSuite1705923140048.run(TempTestSuite1705923140048.groovy:36)]]></system-err>
   </testsuite>
</testsuites>
