<?xml version="1.0" encoding="UTF-8"?>
<testsuites name="TS1" time="937.197" tests="1" failures="1" errors="0">
   <testsuite name="TS1" tests="1" failures="1" errors="0" time="937.197" skipped="0" timestamp="2024-01-22 18:16:38" hostname="Fadli - LAPTOP-UEQ5K85B.mshome.net" id="Test Suites/TS1">
      <properties>
         <property name="deviceName" value=""/>
         <property name="devicePlatform" value=""/>
         <property name="logFolder" value="C:\\Users\\Fadli\\git\\KatalonDailyGetData2\\Reports\\20240122_174123\\TS1\\20240122_181633"/>
         <property name="logFiles" value="C:\\Users\\Fadli\\git\\KatalonDailyGetData2\\Reports\\20240122_174123\\TS1\\20240122_181633\\execution0.log"/>
         <property name="attachments" value="C:\\Users\\Fadli\\git\\KatalonDailyGetData2\\Reports\\20240122_174123\\TS1\\20240122_181633\\1705922327316.png, C:\\Users\\Fadli\\git\\KatalonDailyGetData2\\Reports\\20240122_174123\\TS1\\20240122_181633\\1705922329207.png, C:\\Users\\Fadli\\git\\KatalonDailyGetData2\\Reports\\20240122_174123\\TS1\\20240122_181633\\1705922331007.png, C:\\Users\\Fadli\\git\\KatalonDailyGetData2\\Reports\\20240122_174123\\TS1\\20240122_181633\\1705922332805.png, C:\\Users\\Fadli\\git\\KatalonDailyGetData2\\Reports\\20240122_174123\\TS1\\20240122_181633\\1705922357748.png, C:\\Users\\Fadli\\git\\KatalonDailyGetData2\\Reports\\20240122_174123\\TS1\\20240122_181633\\1705922359608.png, C:\\Users\\Fadli\\git\\KatalonDailyGetData2\\Reports\\20240122_174123\\TS1\\20240122_181633\\1705922361387.png, C:\\Users\\Fadli\\git\\KatalonDailyGetData2\\Reports\\20240122_174123\\TS1\\20240122_181633\\1705922363216.png, C:\\Users\\Fadli\\git\\KatalonDailyGetData2\\Reports\\20240122_174123\\TS1\\20240122_181633\\1705922385611.png, C:\\Users\\Fadli\\git\\KatalonDailyGetData2\\Reports\\20240122_174123\\TS1\\20240122_181633\\1705922387285.png, C:\\Users\\Fadli\\git\\KatalonDailyGetData2\\Reports\\20240122_174123\\TS1\\20240122_181633\\1705922389080.png, C:\\Users\\Fadli\\git\\KatalonDailyGetData2\\Reports\\20240122_174123\\TS1\\20240122_181633\\1705922390776.png, C:\\Users\\Fadli\\git\\KatalonDailyGetData2\\Reports\\20240122_174123\\TS1\\20240122_181633\\1705922414326.png, C:\\Users\\Fadli\\git\\KatalonDailyGetData2\\Reports\\20240122_174123\\TS1\\20240122_181633\\1705922416304.png, C:\\Users\\Fadli\\git\\KatalonDailyGetData2\\Reports\\20240122_174123\\TS1\\20240122_181633\\1705922418178.png, C:\\Users\\Fadli\\git\\KatalonDailyGetData2\\Reports\\20240122_174123\\TS1\\20240122_181633\\1705922420136.png, C:\\Users\\Fadli\\git\\KatalonDailyGetData2\\Reports\\20240122_174123\\TS1\\20240122_181633\\1705922442324.png, C:\\Users\\Fadli\\git\\KatalonDailyGetData2\\Reports\\20240122_174123\\TS1\\20240122_181633\\1705922444039.png, C:\\Users\\Fadli\\git\\KatalonDailyGetData2\\Reports\\20240122_174123\\TS1\\20240122_181633\\1705922445759.png, C:\\Users\\Fadli\\git\\KatalonDailyGetData2\\Reports\\20240122_174123\\TS1\\20240122_181633\\1705922447442.png, C:\\Users\\Fadli\\git\\KatalonDailyGetData2\\Reports\\20240122_174123\\TS1\\20240122_181633\\1705922467928.png, C:\\Users\\Fadli\\git\\KatalonDailyGetData2\\Reports\\20240122_174123\\TS1\\20240122_181633\\1705922469848.png, C:\\Users\\Fadli\\git\\KatalonDailyGetData2\\Reports\\20240122_174123\\TS1\\20240122_181633\\1705922471756.png, C:\\Users\\Fadli\\git\\KatalonDailyGetData2\\Reports\\20240122_174123\\TS1\\20240122_181633\\1705922473650.png, C:\\Users\\Fadli\\git\\KatalonDailyGetData2\\Reports\\20240122_174123\\TS1\\20240122_181633\\1705922494702.png, C:\\Users\\Fadli\\git\\KatalonDailyGetData2\\Reports\\20240122_174123\\TS1\\20240122_181633\\1705922496657.png, C:\\Users\\Fadli\\git\\KatalonDailyGetData2\\Reports\\20240122_174123\\TS1\\20240122_181633\\1705922498590.png, C:\\Users\\Fadli\\git\\KatalonDailyGetData2\\Reports\\20240122_174123\\TS1\\20240122_181633\\1705922500516.png, C:\\Users\\Fadli\\git\\KatalonDailyGetData2\\Reports\\20240122_174123\\TS1\\20240122_181633\\1705922519686.png, C:\\Users\\Fadli\\git\\KatalonDailyGetData2\\Reports\\20240122_174123\\TS1\\20240122_181633\\1705922521382.png, C:\\Users\\Fadli\\git\\KatalonDailyGetData2\\Reports\\20240122_174123\\TS1\\20240122_181633\\1705922523129.png, C:\\Users\\Fadli\\git\\KatalonDailyGetData2\\Reports\\20240122_174123\\TS1\\20240122_181633\\1705922524863.png, C:\\Users\\Fadli\\git\\KatalonDailyGetData2\\Reports\\20240122_174123\\TS1\\20240122_181633\\1705922545104.png, C:\\Users\\Fadli\\git\\KatalonDailyGetData2\\Reports\\20240122_174123\\TS1\\20240122_181633\\1705922547011.png, C:\\Users\\Fadli\\git\\KatalonDailyGetData2\\Reports\\20240122_174123\\TS1\\20240122_181633\\1705922549024.png, C:\\Users\\Fadli\\git\\KatalonDailyGetData2\\Reports\\20240122_174123\\TS1\\20240122_181633\\1705922550886.png, C:\\Users\\Fadli\\git\\KatalonDailyGetData2\\Reports\\20240122_174123\\TS1\\20240122_181633\\1705922571188.png, C:\\Users\\Fadli\\git\\KatalonDailyGetData2\\Reports\\20240122_174123\\TS1\\20240122_181633\\1705922573130.png, C:\\Users\\Fadli\\git\\KatalonDailyGetData2\\Reports\\20240122_174123\\TS1\\20240122_181633\\1705922575035.png, C:\\Users\\Fadli\\git\\KatalonDailyGetData2\\Reports\\20240122_174123\\TS1\\20240122_181633\\1705922576932.png, C:\\Users\\Fadli\\git\\KatalonDailyGetData2\\Reports\\20240122_174123\\TS1\\20240122_181633\\1705922595464.png, C:\\Users\\Fadli\\git\\KatalonDailyGetData2\\Reports\\20240122_174123\\TS1\\20240122_181633\\1705922597170.png, C:\\Users\\Fadli\\git\\KatalonDailyGetData2\\Reports\\20240122_174123\\TS1\\20240122_181633\\1705922598859.png, C:\\Users\\Fadli\\git\\KatalonDailyGetData2\\Reports\\20240122_174123\\TS1\\20240122_181633\\1705922600578.png, C:\\Users\\Fadli\\git\\KatalonDailyGetData2\\Reports\\20240122_174123\\TS1\\20240122_181633\\1705922622017.png, C:\\Users\\Fadli\\git\\KatalonDailyGetData2\\Reports\\20240122_174123\\TS1\\20240122_181633\\1705922623995.png, C:\\Users\\Fadli\\git\\KatalonDailyGetData2\\Reports\\20240122_174123\\TS1\\20240122_181633\\1705922625906.png, C:\\Users\\Fadli\\git\\KatalonDailyGetData2\\Reports\\20240122_174123\\TS1\\20240122_181633\\1705922627823.png, C:\\Users\\Fadli\\git\\KatalonDailyGetData2\\Reports\\20240122_174123\\TS1\\20240122_181633\\1705922648508.png, C:\\Users\\Fadli\\git\\KatalonDailyGetData2\\Reports\\20240122_174123\\TS1\\20240122_181633\\1705922650466.png, C:\\Users\\Fadli\\git\\KatalonDailyGetData2\\Reports\\20240122_174123\\TS1\\20240122_181633\\1705922652399.png, C:\\Users\\Fadli\\git\\KatalonDailyGetData2\\Reports\\20240122_174123\\TS1\\20240122_181633\\1705922654412.png, C:\\Users\\Fadli\\git\\KatalonDailyGetData2\\Reports\\20240122_174123\\TS1\\20240122_181633\\1705922673479.png, C:\\Users\\Fadli\\git\\KatalonDailyGetData2\\Reports\\20240122_174123\\TS1\\20240122_181633\\1705922675186.png, C:\\Users\\Fadli\\git\\KatalonDailyGetData2\\Reports\\20240122_174123\\TS1\\20240122_181633\\1705922676873.png, C:\\Users\\Fadli\\git\\KatalonDailyGetData2\\Reports\\20240122_174123\\TS1\\20240122_181633\\1705922678575.png, C:\\Users\\Fadli\\git\\KatalonDailyGetData2\\Reports\\20240122_174123\\TS1\\20240122_181633\\1705922698955.png, C:\\Users\\Fadli\\git\\KatalonDailyGetData2\\Reports\\20240122_174123\\TS1\\20240122_181633\\1705922700838.png, C:\\Users\\Fadli\\git\\KatalonDailyGetData2\\Reports\\20240122_174123\\TS1\\20240122_181633\\1705922702758.png, C:\\Users\\Fadli\\git\\KatalonDailyGetData2\\Reports\\20240122_174123\\TS1\\20240122_181633\\1705922704654.png, C:\\Users\\Fadli\\git\\KatalonDailyGetData2\\Reports\\20240122_174123\\TS1\\20240122_181633\\1705922726006.png, C:\\Users\\Fadli\\git\\KatalonDailyGetData2\\Reports\\20240122_174123\\TS1\\20240122_181633\\1705922727973.png, C:\\Users\\Fadli\\git\\KatalonDailyGetData2\\Reports\\20240122_174123\\TS1\\20240122_181633\\1705922729848.png, C:\\Users\\Fadli\\git\\KatalonDailyGetData2\\Reports\\20240122_174123\\TS1\\20240122_181633\\1705922731772.png, C:\\Users\\Fadli\\git\\KatalonDailyGetData2\\Reports\\20240122_174123\\TS1\\20240122_181633\\1705922750834.png, C:\\Users\\Fadli\\git\\KatalonDailyGetData2\\Reports\\20240122_174123\\TS1\\20240122_181633\\1705922752548.png, C:\\Users\\Fadli\\git\\KatalonDailyGetData2\\Reports\\20240122_174123\\TS1\\20240122_181633\\1705922754274.png, C:\\Users\\Fadli\\git\\KatalonDailyGetData2\\Reports\\20240122_174123\\TS1\\20240122_181633\\1705922755963.png, C:\\Users\\Fadli\\git\\KatalonDailyGetData2\\Reports\\20240122_174123\\TS1\\20240122_181633\\1705922774476.png, C:\\Users\\Fadli\\git\\KatalonDailyGetData2\\Reports\\20240122_174123\\TS1\\20240122_181633\\1705922776164.png, C:\\Users\\Fadli\\git\\KatalonDailyGetData2\\Reports\\20240122_174123\\TS1\\20240122_181633\\1705922777869.png, C:\\Users\\Fadli\\git\\KatalonDailyGetData2\\Reports\\20240122_174123\\TS1\\20240122_181633\\1705922779564.png, C:\\Users\\Fadli\\git\\KatalonDailyGetData2\\Reports\\20240122_174123\\TS1\\20240122_181633\\1705922799973.png, C:\\Users\\Fadli\\git\\KatalonDailyGetData2\\Reports\\20240122_174123\\TS1\\20240122_181633\\1705922801870.png, C:\\Users\\Fadli\\git\\KatalonDailyGetData2\\Reports\\20240122_174123\\TS1\\20240122_181633\\1705922803757.png, C:\\Users\\Fadli\\git\\KatalonDailyGetData2\\Reports\\20240122_174123\\TS1\\20240122_181633\\1705922805595.png, C:\\Users\\Fadli\\git\\KatalonDailyGetData2\\Reports\\20240122_174123\\TS1\\20240122_181633\\1705922828983.png, C:\\Users\\Fadli\\git\\KatalonDailyGetData2\\Reports\\20240122_174123\\TS1\\20240122_181633\\1705922830897.png, C:\\Users\\Fadli\\git\\KatalonDailyGetData2\\Reports\\20240122_174123\\TS1\\20240122_181633\\1705922832781.png, C:\\Users\\Fadli\\git\\KatalonDailyGetData2\\Reports\\20240122_174123\\TS1\\20240122_181633\\1705922834691.png, C:\\Users\\Fadli\\git\\KatalonDailyGetData2\\Reports\\20240122_174123\\TS1\\20240122_181633\\1705922854719.png, C:\\Users\\Fadli\\git\\KatalonDailyGetData2\\Reports\\20240122_174123\\TS1\\20240122_181633\\1705922856515.png, C:\\Users\\Fadli\\git\\KatalonDailyGetData2\\Reports\\20240122_174123\\TS1\\20240122_181633\\1705922858332.png, C:\\Users\\Fadli\\git\\KatalonDailyGetData2\\Reports\\20240122_174123\\TS1\\20240122_181633\\1705922860122.png, C:\\Users\\Fadli\\git\\KatalonDailyGetData2\\Reports\\20240122_174123\\TS1\\20240122_181633\\1705922894020.png, C:\\Users\\Fadli\\git\\KatalonDailyGetData2\\Reports\\20240122_174123\\TS1\\20240122_181633\\1705922895911.png, C:\\Users\\Fadli\\git\\KatalonDailyGetData2\\Reports\\20240122_174123\\TS1\\20240122_181633\\1705922897849.png, C:\\Users\\Fadli\\git\\KatalonDailyGetData2\\Reports\\20240122_174123\\TS1\\20240122_181633\\1705922899815.png, C:\\Users\\Fadli\\git\\KatalonDailyGetData2\\Reports\\20240122_174123\\TS1\\20240122_181633\\1705922921049.png, C:\\Users\\Fadli\\git\\KatalonDailyGetData2\\Reports\\20240122_174123\\TS1\\20240122_181633\\1705922922873.png, C:\\Users\\Fadli\\git\\KatalonDailyGetData2\\Reports\\20240122_174123\\TS1\\20240122_181633\\1705922924688.png, C:\\Users\\Fadli\\git\\KatalonDailyGetData2\\Reports\\20240122_174123\\TS1\\20240122_181633\\1705922926658.png, C:\\Users\\Fadli\\git\\KatalonDailyGetData2\\Reports\\20240122_174123\\TS1\\20240122_181633\\1705922947429.png, C:\\Users\\Fadli\\git\\KatalonDailyGetData2\\Reports\\20240122_174123\\TS1\\20240122_181633\\1705922949126.png, C:\\Users\\Fadli\\git\\KatalonDailyGetData2\\Reports\\20240122_174123\\TS1\\20240122_181633\\1705922950817.png, C:\\Users\\Fadli\\git\\KatalonDailyGetData2\\Reports\\20240122_174123\\TS1\\20240122_181633\\1705922952689.png, C:\\Users\\Fadli\\git\\KatalonDailyGetData2\\Reports\\20240122_174123\\TS1\\20240122_181633\\1705922970637.png, C:\\Users\\Fadli\\git\\KatalonDailyGetData2\\Reports\\20240122_174123\\TS1\\20240122_181633\\1705922972368.png, C:\\Users\\Fadli\\git\\KatalonDailyGetData2\\Reports\\20240122_174123\\TS1\\20240122_181633\\1705922974194.png, C:\\Users\\Fadli\\git\\KatalonDailyGetData2\\Reports\\20240122_174123\\TS1\\20240122_181633\\1705922975871.png, C:\\Users\\Fadli\\git\\KatalonDailyGetData2\\Reports\\20240122_174123\\TS1\\20240122_181633\\1705922994923.png, C:\\Users\\Fadli\\git\\KatalonDailyGetData2\\Reports\\20240122_174123\\TS1\\20240122_181633\\1705922996659.png, C:\\Users\\Fadli\\git\\KatalonDailyGetData2\\Reports\\20240122_174123\\TS1\\20240122_181633\\1705922998467.png, C:\\Users\\Fadli\\git\\KatalonDailyGetData2\\Reports\\20240122_174123\\TS1\\20240122_181633\\1705923000155.png, C:\\Users\\Fadli\\git\\KatalonDailyGetData2\\Reports\\20240122_174123\\TS1\\20240122_181633\\1705923018215.png, C:\\Users\\Fadli\\git\\KatalonDailyGetData2\\Reports\\20240122_174123\\TS1\\20240122_181633\\1705923019906.png, C:\\Users\\Fadli\\git\\KatalonDailyGetData2\\Reports\\20240122_174123\\TS1\\20240122_181633\\1705923021592.png, C:\\Users\\Fadli\\git\\KatalonDailyGetData2\\Reports\\20240122_174123\\TS1\\20240122_181633\\1705923023264.png, C:\\Users\\Fadli\\git\\KatalonDailyGetData2\\Reports\\20240122_174123\\TS1\\20240122_181633\\1705923040943.png, C:\\Users\\Fadli\\git\\KatalonDailyGetData2\\Reports\\20240122_174123\\TS1\\20240122_181633\\1705923042656.png, C:\\Users\\Fadli\\git\\KatalonDailyGetData2\\Reports\\20240122_174123\\TS1\\20240122_181633\\1705923044376.png, C:\\Users\\Fadli\\git\\KatalonDailyGetData2\\Reports\\20240122_174123\\TS1\\20240122_181633\\1705923046095.png, C:\\Users\\Fadli\\git\\KatalonDailyGetData2\\Reports\\20240122_174123\\TS1\\20240122_181633\\1705923064358.png, C:\\Users\\Fadli\\git\\KatalonDailyGetData2\\Reports\\20240122_174123\\TS1\\20240122_181633\\1705923066030.png, C:\\Users\\Fadli\\git\\KatalonDailyGetData2\\Reports\\20240122_174123\\TS1\\20240122_181633\\1705923067723.png, C:\\Users\\Fadli\\git\\KatalonDailyGetData2\\Reports\\20240122_174123\\TS1\\20240122_181633\\1705923069480.png, C:\\Users\\Fadli\\git\\KatalonDailyGetData2\\Reports\\20240122_174123\\TS1\\20240122_181633\\1705923087629.png, C:\\Users\\Fadli\\git\\KatalonDailyGetData2\\Reports\\20240122_174123\\TS1\\20240122_181633\\1705923089333.png, C:\\Users\\Fadli\\git\\KatalonDailyGetData2\\Reports\\20240122_174123\\TS1\\20240122_181633\\1705923091051.png, C:\\Users\\Fadli\\git\\KatalonDailyGetData2\\Reports\\20240122_174123\\TS1\\20240122_181633\\1705923092771.png, C:\\Users\\Fadli\\git\\KatalonDailyGetData2\\Reports\\20240122_174123\\TS1\\20240122_181633\\1705923111329.png, C:\\Users\\Fadli\\git\\KatalonDailyGetData2\\Reports\\20240122_174123\\TS1\\20240122_181633\\1705923113040.png, C:\\Users\\Fadli\\git\\KatalonDailyGetData2\\Reports\\20240122_174123\\TS1\\20240122_181633\\1705923114709.png, C:\\Users\\Fadli\\git\\KatalonDailyGetData2\\Reports\\20240122_174123\\TS1\\20240122_181633\\1705923116385.png, C:\\Users\\Fadli\\git\\KatalonDailyGetData2\\Reports\\20240122_174123\\TS1\\20240122_181633\\1705923135151.png"/>
         <property name="hostName" value="Fadli - LAPTOP-UEQ5K85B.mshome.net"/>
         <property name="os" value="Windows 10 64bit"/>
         <property name="katalonVersion" value="8.3.5.208"/>
         <property name="browser" value="Chrome 120.0.0.0"/>
         <property name="hostAddress" value="192.168.137.1"/>
         <property name="sessionId" value="72296dc1ee84322663bc1bac7ce339cd"/>
         <property name="seleniumVersion" value="3.141.59"/>
         <property name="proxyInformation" value="ProxyInformation { proxyOption=NO_PROXY, proxyServerType=HTTP, username=supporting\anabatic.fadli, password=********, proxyServerAddress=10.254.38.4, proxyServerPort=8080, executionList=&quot;&quot;, isApplyToDesiredCapabilities=false }"/>
         <property name="platform" value="Windows 10"/>
      </properties>
      <testcase name="Test Cases/Stockbit/GetBrokSumPriceDaily" time="936.893" classname="Test Cases/Stockbit/GetBrokSumPriceDaily" status="FAILED">
         <failure type="FAILED" message="Test Cases/Stockbit/GetBrokSumPriceDaily FAILED.
Reason:
com.kms.katalon.core.exception.StepFailedException: Unable to click on object 'Object Repository/Stockbit/input__BandarmologyOpenStartDate'
	at com.kms.katalon.core.webui.keyword.internal.WebUIKeywordMain.stepFailed(WebUIKeywordMain.groovy:64)
	at com.kms.katalon.core.webui.keyword.internal.WebUIKeywordMain.runKeyword(WebUIKeywordMain.groovy:26)
	at com.kms.katalon.core.webui.keyword.builtin.ClickKeyword.click(ClickKeyword.groovy:74)
	at com.kms.katalon.core.webui.keyword.builtin.ClickKeyword.execute(ClickKeyword.groovy:40)
	at com.kms.katalon.core.keyword.internal.KeywordExecutor.executeKeywordForPlatform(KeywordExecutor.groovy:74)
	at com.kms.katalon.core.webui.keyword.WebUiBuiltInKeywords.click(WebUiBuiltInKeywords.groovy:620)
	at com.kms.katalon.core.webui.keyword.WebUiBuiltInKeywords$click$3.call(Unknown Source)
	at GetBrokSumPriceDaily.run(GetBrokSumPriceDaily:149)
	at com.kms.katalon.core.main.ScriptEngine.run(ScriptEngine.java:194)
	at com.kms.katalon.core.main.ScriptEngine.runScriptAsRawText(ScriptEngine.java:119)
	at com.kms.katalon.core.main.TestCaseExecutor.runScript(TestCaseExecutor.java:445)
	at com.kms.katalon.core.main.TestCaseExecutor.doExecute(TestCaseExecutor.java:436)
	at com.kms.katalon.core.main.TestCaseExecutor.processExecutionPhase(TestCaseExecutor.java:415)
	at com.kms.katalon.core.main.TestCaseExecutor.accessMainPhase(TestCaseExecutor.java:407)
	at com.kms.katalon.core.main.TestCaseExecutor.execute(TestCaseExecutor.java:284)
	at com.kms.katalon.core.common.CommonExecutor.accessTestCaseMainPhase(CommonExecutor.java:65)
	at com.kms.katalon.core.main.TestSuiteExecutor.accessTestSuiteMainPhase(TestSuiteExecutor.java:144)
	at com.kms.katalon.core.main.TestSuiteExecutor.execute(TestSuiteExecutor.java:106)
	at com.kms.katalon.core.main.TestCaseMain.startTestSuite(TestCaseMain.java:185)
	at com.kms.katalon.core.main.TestCaseMain$startTestSuite$0.call(Unknown Source)
	at TempTestSuite1705922193915.run(TempTestSuite1705922193915.groovy:36)
Caused by: com.kms.katalon.core.webui.exception.WebElementNotFoundException: Web element with id: 'Object Repository/Stockbit/input__BandarmologyOpenStartDate' located by '//*[contains(@id, 'rc-tabs-')]/div/div/div[2]/div/div[1]/div/input' not found
	at com.kms.katalon.core.webui.common.WebUiCommonHelper.findWebElement(WebUiCommonHelper.java:1370)
	at com.kms.katalon.core.webui.keyword.internal.WebUIAbstractKeyword.findWebElement(WebUIAbstractKeyword.groovy:27)
	at com.kms.katalon.core.webui.keyword.builtin.ClickKeyword$_click_closure1.doCall(ClickKeyword.groovy:65)
	at com.kms.katalon.core.webui.keyword.builtin.ClickKeyword$_click_closure1.call(ClickKeyword.groovy)
	at com.kms.katalon.core.webui.keyword.internal.WebUIKeywordMain.runKeyword(WebUIKeywordMain.groovy:20)
	... 19 more
"/>
         <system-out><![CDATA[2024-01-22 18:16:38 - [TEST_CASE][FAILED] - Test Cases/Stockbit/GetBrokSumPriceDaily: Test Cases/Stockbit/GetBrokSumPriceDaily FAILED.
Reason:
com.kms.katalon.core.exception.StepFailedException: Unable to click on object 'Object Repository/Stockbit/input__BandarmologyOpenStartDate'
	at com.kms.katalon.core.webui.keyword.internal.WebUIKeywordMain.stepFailed(WebUIKeywordMain.groovy:64)
	at com.kms.katalon.core.webui.keyword.internal.WebUIKeywordMain.runKeyword(WebUIKeywordMain.groovy:26)
	at com.kms.katalon.core.webui.keyword.builtin.ClickKeyword.click(ClickKeyword.groovy:74)
	at com.kms.katalon.core.webui.keyword.builtin.ClickKeyword.execute(ClickKeyword.groovy:40)
	at com.kms.katalon.core.keyword.internal.KeywordExecutor.executeKeywordForPlatform(KeywordExecutor.groovy:74)
	at com.kms.katalon.core.webui.keyword.WebUiBuiltInKeywords.click(WebUiBuiltInKeywords.groovy:620)
	at com.kms.katalon.core.webui.keyword.WebUiBuiltInKeywords$click$3.call(Unknown Source)
	at GetBrokSumPriceDaily.run(GetBrokSumPriceDaily:149)
	at com.kms.katalon.core.main.ScriptEngine.run(ScriptEngine.java:194)
	at com.kms.katalon.core.main.ScriptEngine.runScriptAsRawText(ScriptEngine.java:119)
	at com.kms.katalon.core.main.TestCaseExecutor.runScript(TestCaseExecutor.java:445)
	at com.kms.katalon.core.main.TestCaseExecutor.doExecute(TestCaseExecutor.java:436)
	at com.kms.katalon.core.main.TestCaseExecutor.processExecutionPhase(TestCaseExecutor.java:415)
	at com.kms.katalon.core.main.TestCaseExecutor.accessMainPhase(TestCaseExecutor.java:407)
	at com.kms.katalon.core.main.TestCaseExecutor.execute(TestCaseExecutor.java:284)
	at com.kms.katalon.core.common.CommonExecutor.accessTestCaseMainPhase(CommonExecutor.java:65)
	at com.kms.katalon.core.main.TestSuiteExecutor.accessTestSuiteMainPhase(TestSuiteExecutor.java:144)
	at com.kms.katalon.core.main.TestSuiteExecutor.execute(TestSuiteExecutor.java:106)
	at com.kms.katalon.core.main.TestCaseMain.startTestSuite(TestCaseMain.java:185)
	at com.kms.katalon.core.main.TestCaseMain$startTestSuite$0.call(Unknown Source)
	at TempTestSuite1705922193915.run(TempTestSuite1705922193915.groovy:36)
Caused by: com.kms.katalon.core.webui.exception.WebElementNotFoundException: Web element with id: 'Object Repository/Stockbit/input__BandarmologyOpenStartDate' located by '//*[contains(@id, 'rc-tabs-')]/div/div/div[2]/div/div[1]/div/input' not found
	at com.kms.katalon.core.webui.common.WebUiCommonHelper.findWebElement(WebUiCommonHelper.java:1370)
	at com.kms.katalon.core.webui.keyword.internal.WebUIAbstractKeyword.findWebElement(WebUIAbstractKeyword.groovy:27)
	at com.kms.katalon.core.webui.keyword.builtin.ClickKeyword$_click_closure1.doCall(ClickKeyword.groovy:65)
	at com.kms.katalon.core.webui.keyword.builtin.ClickKeyword$_click_closure1.call(ClickKeyword.groovy)
	at com.kms.katalon.core.webui.keyword.internal.WebUIKeywordMain.runKeyword(WebUIKeywordMain.groovy:20)
	... 19 more


2024-01-22 18:16:39 - [TEST_STEP][PASSED] - strTop1 = <not implemented yet for class: org.codehaus.groovy.ast.expr.EmptyExpression>: null

2024-01-22 18:16:39 - [TEST_STEP][PASSED] - strTop2 = <not implemented yet for class: org.codehaus.groovy.ast.expr.EmptyExpression>: null

2024-01-22 18:16:39 - [TEST_STEP][PASSED] - strTop3 = <not implemented yet for class: org.codehaus.groovy.ast.expr.EmptyExpression>: null

2024-01-22 18:16:39 - [TEST_STEP][PASSED] - strAllBrokAvg = <not implemented yet for class: org.codehaus.groovy.ast.expr.EmptyExpression>: null

2024-01-22 18:16:39 - [TEST_STEP][PASSED] - strAccDist = <not implemented yet for class: org.codehaus.groovy.ast.expr.EmptyExpression>: null

2024-01-22 18:16:39 - [TEST_STEP][PASSED] - strNetVal = <not implemented yet for class: org.codehaus.groovy.ast.expr.EmptyExpression>: null

2024-01-22 18:16:39 - [TEST_STEP][PASSED] - strNetVol = <not implemented yet for class: org.codehaus.groovy.ast.expr.EmptyExpression>: null

2024-01-22 18:16:39 - [TEST_STEP][PASSED] - strTanggal = <not implemented yet for class: org.codehaus.groovy.ast.expr.EmptyExpression>: null

2024-01-22 18:16:39 - [TEST_STEP][PASSED] - strBuyer1 = <not implemented yet for class: org.codehaus.groovy.ast.expr.EmptyExpression>: null

2024-01-22 18:16:39 - [TEST_STEP][PASSED] - strBuyerVol1 = <not implemented yet for class: org.codehaus.groovy.ast.expr.EmptyExpression>: null

2024-01-22 18:16:39 - [TEST_STEP][PASSED] - strBuyerAvg1 = <not implemented yet for class: org.codehaus.groovy.ast.expr.EmptyExpression>: null

2024-01-22 18:16:39 - [TEST_STEP][PASSED] - strSeller1 = <not implemented yet for class: org.codehaus.groovy.ast.expr.EmptyExpression>: null

2024-01-22 18:16:39 - [TEST_STEP][PASSED] - strSellerVol1 = <not implemented yet for class: org.codehaus.groovy.ast.expr.EmptyExpression>: null

2024-01-22 18:16:39 - [TEST_STEP][PASSED] - strSellerAvg1 = <not implemented yet for class: org.codehaus.groovy.ast.expr.EmptyExpression>: null

2024-01-22 18:16:39 - [TEST_STEP][PASSED] - strBuyer2 = <not implemented yet for class: org.codehaus.groovy.ast.expr.EmptyExpression>: null

2024-01-22 18:16:39 - [TEST_STEP][PASSED] - strBuyerVol2 = <not implemented yet for class: org.codehaus.groovy.ast.expr.EmptyExpression>: null

2024-01-22 18:16:39 - [TEST_STEP][PASSED] - strBuyerAvg2 = <not implemented yet for class: org.codehaus.groovy.ast.expr.EmptyExpression>: null

2024-01-22 18:16:39 - [TEST_STEP][PASSED] - strSeller2 = <not implemented yet for class: org.codehaus.groovy.ast.expr.EmptyExpression>: null

2024-01-22 18:16:39 - [TEST_STEP][PASSED] - strSellerVol2 = <not implemented yet for class: org.codehaus.groovy.ast.expr.EmptyExpression>: null

2024-01-22 18:16:39 - [TEST_STEP][PASSED] - strSellerAvg2 = <not implemented yet for class: org.codehaus.groovy.ast.expr.EmptyExpression>: null

2024-01-22 18:16:39 - [TEST_STEP][PASSED] - strBuyer3 = <not implemented yet for class: org.codehaus.groovy.ast.expr.EmptyExpression>: null

2024-01-22 18:16:39 - [TEST_STEP][PASSED] - strBuyerVol3 = <not implemented yet for class: org.codehaus.groovy.ast.expr.EmptyExpression>: null

2024-01-22 18:16:39 - [TEST_STEP][PASSED] - strBuyerAvg3 = <not implemented yet for class: org.codehaus.groovy.ast.expr.EmptyExpression>: null

2024-01-22 18:16:39 - [TEST_STEP][PASSED] - strSeller3 = <not implemented yet for class: org.codehaus.groovy.ast.expr.EmptyExpression>: null

2024-01-22 18:16:39 - [TEST_STEP][PASSED] - strSellerVol3 = <not implemented yet for class: org.codehaus.groovy.ast.expr.EmptyExpression>: null

2024-01-22 18:16:39 - [TEST_STEP][PASSED] - strSellerAvg3 = <not implemented yet for class: org.codehaus.groovy.ast.expr.EmptyExpression>: null

2024-01-22 18:16:39 - [TEST_STEP][PASSED] - strOpenPrice = <not implemented yet for class: org.codehaus.groovy.ast.expr.EmptyExpression>: null

2024-01-22 18:16:39 - [TEST_STEP][PASSED] - strLowPrice = <not implemented yet for class: org.codehaus.groovy.ast.expr.EmptyExpression>: null

2024-01-22 18:16:39 - [TEST_STEP][PASSED] - strHighPrice = <not implemented yet for class: org.codehaus.groovy.ast.expr.EmptyExpression>: null

2024-01-22 18:16:39 - [TEST_STEP][PASSED] - strClosePrice = <not implemented yet for class: org.codehaus.groovy.ast.expr.EmptyExpression>: null

2024-01-22 18:16:39 - [TEST_STEP][PASSED] - strVol = <not implemented yet for class: org.codehaus.groovy.ast.expr.EmptyExpression>: null

2024-01-22 18:16:39 - [TEST_STEP][PASSED] - strChange = <not implemented yet for class: org.codehaus.groovy.ast.expr.EmptyExpression>: null

2024-01-22 18:16:39 - [TEST_STEP][PASSED] - strFreq = <not implemented yet for class: org.codehaus.groovy.ast.expr.EmptyExpression>: null

2024-01-22 18:16:39 - [TEST_STEP][PASSED] - strFreqAnal = <not implemented yet for class: org.codehaus.groovy.ast.expr.EmptyExpression>: null

2024-01-22 18:16:39 - [TEST_STEP][PASSED] - intAvgRP = <not implemented yet for class: org.codehaus.groovy.ast.expr.EmptyExpression>: null

2024-01-22 18:16:39 - [TEST_STEP][PASSED] - strTemp = <not implemented yet for class: org.codehaus.groovy.ast.expr.EmptyExpression>: null

2024-01-22 18:16:39 - [TEST_STEP][PASSED] - dblFreqAnal = <not implemented yet for class: org.codehaus.groovy.ast.expr.EmptyExpression>: null

2024-01-22 18:16:39 - [TEST_STEP][PASSED] - ldt = LocalDate.now(): null

2024-01-22 18:16:39 - [TEST_STEP][PASSED] - strNama = <not implemented yet for class: org.codehaus.groovy.ast.expr.EmptyExpression>: null

2024-01-22 18:16:39 - [TEST_STEP][PASSED] - strStartDate2 = ldt.toString(): null

2024-01-22 18:16:39 - [TEST_STEP][PASSED] - strEndDate2 = ldt.toString(): null

2024-01-22 18:16:39 - [TEST_STEP][PASSED] - partSplit = <not implemented yet for class: org.codehaus.groovy.ast.expr.EmptyExpression>: null

2024-01-22 18:16:39 - [TEST_STEP][PASSED] - strHari = <not implemented yet for class: org.codehaus.groovy.ast.expr.EmptyExpression>: null

2024-01-22 18:16:39 - [TEST_STEP][PASSED] - strBulan = <not implemented yet for class: org.codehaus.groovy.ast.expr.EmptyExpression>: null

2024-01-22 18:16:39 - [TEST_STEP][PASSED] - strTahun = <not implemented yet for class: org.codehaus.groovy.ast.expr.EmptyExpression>: null

2024-01-22 18:16:39 - [TEST_STEP][PASSED] - builder = new java.lang.StringBuilder(): null

2024-01-22 18:16:39 - [TEST_STEP][PASSED] - startDate = LocalDate.parse(strStartDate2): null

2024-01-22 18:16:39 - [TEST_STEP][PASSED] - endDate = LocalDate.parse(strEndDate2): null

2024-01-22 18:16:39 - [TEST_STEP][PASSED] - d = startDate: null

2024-01-22 18:16:39 - [TEST_STEP][PASSED] - openBrowser("https://stockbit.com/login"): Browser is opened with url: 'https://stockbit.com/login'

2024-01-22 18:16:39 - [MESSAGE][INFO] - Starting 'Chrome' driver

2024-01-22 18:16:39 - [MESSAGE][INFO] - User set preference: ['acceptInsecureCerts', 'false']

2024-01-22 18:16:39 - [MESSAGE][INFO] - Action delay is set to 200 milliseconds

2024-01-22 18:16:42 - [MESSAGE][WARNING] - FFmpeg was not installed! Browser Recording will be disabled. Please follow this document to install FFmpeg first: https://docs.katalon.com/katalon-studio/docs/screenshots-videos.html#browser-based-recorder

2024-01-22 18:16:51 - [MESSAGE][PASSED] - Browser is opened with url: 'https://stockbit.com/login'

2024-01-22 18:16:51 - [TEST_STEP][PASSED] - maximizeWindow(): Current window maximized

2024-01-22 18:16:51 - [MESSAGE][PASSED] - Current window maximized

2024-01-22 18:16:51 - [TEST_STEP][PASSED] - setText(findTestObject("Stockbit/input_UserID"), "fadli_romi@yahoo.com"): Text 'fadli_romi@yahoo.com' is set on object 'Object Repository/Stockbit/input_UserID'

2024-01-22 18:16:52 - [MESSAGE][PASSED] - Text 'fadli_romi@yahoo.com' is set on object 'Object Repository/Stockbit/input_UserID'

2024-01-22 18:16:52 - [TEST_STEP][PASSED] - setEncryptedText(findTestObject("Stockbit/input_Password"), "qzE6rR3iJu4="): Text ****** has been set on object 'Object Repository/Stockbit/input_Password'

2024-01-22 18:16:52 - [MESSAGE][PASSED] - Text ****** has been set on object 'Object Repository/Stockbit/input_Password'

2024-01-22 18:16:52 - [TEST_STEP][PASSED] - click(findTestObject("Stockbit/button_Login")): Object: 'Object Repository/Stockbit/button_Login' is clicked on

2024-01-22 18:16:53 - [MESSAGE][PASSED] - Object: 'Object Repository/Stockbit/button_Login' is clicked on

2024-01-22 18:16:53 - [TEST_STEP][PASSED] - delay(3): Delayed 3 second(s)

2024-01-22 18:16:56 - [MESSAGE][PASSED] - Delayed 3 second(s)

2024-01-22 18:16:56 - [TEST_STEP][PASSED] - navigateToUrl("https://stockbit.com/screener"): Navigate to 'https://stockbit.com/screener' successfully

2024-01-22 18:17:10 - [MESSAGE][PASSED] - Navigate to 'https://stockbit.com/screener' successfully

2024-01-22 18:17:10 - [TEST_STEP][PASSED] - connection = null: null

2024-01-22 18:17:10 - [TEST_STEP][PASSED] - statement = null: null

2024-01-22 18:17:10 - [TEST_STEP][PASSED] - resultSet = null: null

2024-01-22 18:17:10 - [TEST_STEP][PASSED] - Class.forName("net.ucanaccess.jdbc.UcanaccessDriver"): null

2024-01-22 18:17:11 - [TEST_STEP][PASSED] - msAccDB = "C:\Fadli\Database1.accdb": null

2024-01-22 18:17:11 - [TEST_STEP][PASSED] - dbURL = "jdbc:ucanaccess://" + msAccDB: null

2024-01-22 18:17:11 - [TEST_STEP][PASSED] - strSQL = <not implemented yet for class: org.codehaus.groovy.ast.expr.EmptyExpression>: null

2024-01-22 18:17:11 - [TEST_STEP][PASSED] - connection = DriverManager.getConnection(dbURL): null

2024-01-22 18:18:08 - [TEST_STEP][PASSED] - statement = connection.createStatement(): null

2024-01-22 18:18:08 - [TEST_STEP][PASSED] - try: null

2024-01-22 18:18:08 - [TEST_STEP][PASSED] - Class.forName("net.ucanaccess.jdbc.UcanaccessDriver"): null

2024-01-22 18:18:08 - [TEST_STEP][PASSED] - excelFilePath = "C:\Fadli\GetPrice.xlsx": null

2024-01-22 18:18:08 - [TEST_STEP][PASSED] - sheetName = "Sheet1": null

2024-01-22 18:18:08 - [TEST_STEP][PASSED] - workbook01 = getWorkbook(excelFilePath): null

2024-01-22 18:18:09 - [TEST_STEP][PASSED] - sheet01 = getExcelSheet(workbook01, sheetName): null

2024-01-22 18:18:09 - [TEST_STEP][PASSED] - numTot = numTot = getCellValueByIndex(sheet01, 0, 0): null

2024-01-22 18:18:09 - [TEST_STEP][FAILED] - while (d.isBefore(endDate) || d.equals(endDate)): Unable to click on object 'Object Repository/Stockbit/input__BandarmologyOpenStartDate' (Root cause: com.kms.katalon.core.exception.StepFailedException: Unable to click on object 'Object Repository/Stockbit/input__BandarmologyOpenStartDate'
	at com.kms.katalon.core.webui.keyword.internal.WebUIKeywordMain.stepFailed(WebUIKeywordMain.groovy:64)
	at com.kms.katalon.core.webui.keyword.internal.WebUIKeywordMain.runKeyword(WebUIKeywordMain.groovy:26)
	at com.kms.katalon.core.webui.keyword.builtin.ClickKeyword.click(ClickKeyword.groovy:74)
	at com.kms.katalon.core.webui.keyword.builtin.ClickKeyword.execute(ClickKeyword.groovy:40)
	at com.kms.katalon.core.keyword.internal.KeywordExecutor.executeKeywordForPlatform(KeywordExecutor.groovy:74)
	at com.kms.katalon.core.webui.keyword.WebUiBuiltInKeywords.click(WebUiBuiltInKeywords.groovy:620)
	at com.kms.katalon.core.webui.keyword.WebUiBuiltInKeywords$click$3.call(Unknown Source)
	at GetBrokSumPriceDaily.run(GetBrokSumPriceDaily:149)
	at com.kms.katalon.core.main.ScriptEngine.run(ScriptEngine.java:194)
	at com.kms.katalon.core.main.ScriptEngine.runScriptAsRawText(ScriptEngine.java:119)
	at com.kms.katalon.core.main.TestCaseExecutor.runScript(TestCaseExecutor.java:445)
	at com.kms.katalon.core.main.TestCaseExecutor.doExecute(TestCaseExecutor.java:436)
	at com.kms.katalon.core.main.TestCaseExecutor.processExecutionPhase(TestCaseExecutor.java:415)
	at com.kms.katalon.core.main.TestCaseExecutor.accessMainPhase(TestCaseExecutor.java:407)
	at com.kms.katalon.core.main.TestCaseExecutor.execute(TestCaseExecutor.java:284)
	at com.kms.katalon.core.common.CommonExecutor.accessTestCaseMainPhase(CommonExecutor.java:65)
	at com.kms.katalon.core.main.TestSuiteExecutor.accessTestSuiteMainPhase(TestSuiteExecutor.java:144)
	at com.kms.katalon.core.main.TestSuiteExecutor.execute(TestSuiteExecutor.java:106)
	at com.kms.katalon.core.main.TestCaseMain.startTestSuite(TestCaseMain.java:185)
	at com.kms.katalon.core.main.TestCaseMain$startTestSuite$0.call(Unknown Source)
	at TempTestSuite1705922193915.run(TempTestSuite1705922193915.groovy:36)
Caused by: com.kms.katalon.core.webui.exception.WebElementNotFoundException: Web element with id: 'Object Repository/Stockbit/input__BandarmologyOpenStartDate' located by '//*[contains(@id, 'rc-tabs-')]/div/div/div[2]/div/div[1]/div/input' not found
	at com.kms.katalon.core.webui.common.WebUiCommonHelper.findWebElement(WebUiCommonHelper.java:1370)
	at com.kms.katalon.core.webui.keyword.internal.WebUIAbstractKeyword.findWebElement(WebUIAbstractKeyword.groovy:27)
	at com.kms.katalon.core.webui.keyword.builtin.ClickKeyword$_click_closure1.doCall(ClickKeyword.groovy:65)
	at com.kms.katalon.core.webui.keyword.builtin.ClickKeyword$_click_closure1.call(ClickKeyword.groovy)
	at com.kms.katalon.core.webui.keyword.internal.WebUIKeywordMain.runKeyword(WebUIKeywordMain.groovy:20)
	at com.kms.katalon.core.webui.keyword.builtin.ClickKeyword.click(ClickKeyword.groovy:74)
	at com.kms.katalon.core.webui.keyword.builtin.ClickKeyword.execute(ClickKeyword.groovy:40)
	at com.kms.katalon.core.keyword.internal.KeywordExecutor.executeKeywordForPlatform(KeywordExecutor.groovy:74)
	at com.kms.katalon.core.webui.keyword.WebUiBuiltInKeywords.click(WebUiBuiltInKeywords.groovy:620)
	at com.kms.katalon.core.webui.keyword.WebUiBuiltInKeywords$click$3.call(Unknown Source)
	at Script1673024832871.run(Script1673024832871.groovy:149)
	... 13 more
)

2024-01-22 18:18:09 - [TEST_STEP][FAILED] - for ([rowIndex = 1, rowIndex < numTot + 1, (rowIndex++)]): Unable to click on object 'Object Repository/Stockbit/input__BandarmologyOpenStartDate' (Root cause: com.kms.katalon.core.exception.StepFailedException: Unable to click on object 'Object Repository/Stockbit/input__BandarmologyOpenStartDate'
	at com.kms.katalon.core.webui.keyword.internal.WebUIKeywordMain.stepFailed(WebUIKeywordMain.groovy:64)
	at com.kms.katalon.core.webui.keyword.internal.WebUIKeywordMain.runKeyword(WebUIKeywordMain.groovy:26)
	at com.kms.katalon.core.webui.keyword.builtin.ClickKeyword.click(ClickKeyword.groovy:74)
	at com.kms.katalon.core.webui.keyword.builtin.ClickKeyword.execute(ClickKeyword.groovy:40)
	at com.kms.katalon.core.keyword.internal.KeywordExecutor.executeKeywordForPlatform(KeywordExecutor.groovy:74)
	at com.kms.katalon.core.webui.keyword.WebUiBuiltInKeywords.click(WebUiBuiltInKeywords.groovy:620)
	at com.kms.katalon.core.webui.keyword.WebUiBuiltInKeywords$click$3.call(Unknown Source)
	at GetBrokSumPriceDaily.run(GetBrokSumPriceDaily:149)
	at com.kms.katalon.core.main.ScriptEngine.run(ScriptEngine.java:194)
	at com.kms.katalon.core.main.ScriptEngine.runScriptAsRawText(ScriptEngine.java:119)
	at com.kms.katalon.core.main.TestCaseExecutor.runScript(TestCaseExecutor.java:445)
	at com.kms.katalon.core.main.TestCaseExecutor.doExecute(TestCaseExecutor.java:436)
	at com.kms.katalon.core.main.TestCaseExecutor.processExecutionPhase(TestCaseExecutor.java:415)
	at com.kms.katalon.core.main.TestCaseExecutor.accessMainPhase(TestCaseExecutor.java:407)
	at com.kms.katalon.core.main.TestCaseExecutor.execute(TestCaseExecutor.java:284)
	at com.kms.katalon.core.common.CommonExecutor.accessTestCaseMainPhase(CommonExecutor.java:65)
	at com.kms.katalon.core.main.TestSuiteExecutor.accessTestSuiteMainPhase(TestSuiteExecutor.java:144)
	at com.kms.katalon.core.main.TestSuiteExecutor.execute(TestSuiteExecutor.java:106)
	at com.kms.katalon.core.main.TestCaseMain.startTestSuite(TestCaseMain.java:185)
	at com.kms.katalon.core.main.TestCaseMain$startTestSuite$0.call(Unknown Source)
	at TempTestSuite1705922193915.run(TempTestSuite1705922193915.groovy:36)
Caused by: com.kms.katalon.core.webui.exception.WebElementNotFoundException: Web element with id: 'Object Repository/Stockbit/input__BandarmologyOpenStartDate' located by '//*[contains(@id, 'rc-tabs-')]/div/div/div[2]/div/div[1]/div/input' not found
	at com.kms.katalon.core.webui.common.WebUiCommonHelper.findWebElement(WebUiCommonHelper.java:1370)
	at com.kms.katalon.core.webui.keyword.internal.WebUIAbstractKeyword.findWebElement(WebUIAbstractKeyword.groovy:27)
	at com.kms.katalon.core.webui.keyword.builtin.ClickKeyword$_click_closure1.doCall(ClickKeyword.groovy:65)
	at com.kms.katalon.core.webui.keyword.builtin.ClickKeyword$_click_closure1.call(ClickKeyword.groovy)
	at com.kms.katalon.core.webui.keyword.internal.WebUIKeywordMain.runKeyword(WebUIKeywordMain.groovy:20)
	at com.kms.katalon.core.webui.keyword.builtin.ClickKeyword.click(ClickKeyword.groovy:74)
	at com.kms.katalon.core.webui.keyword.builtin.ClickKeyword.execute(ClickKeyword.groovy:40)
	at com.kms.katalon.core.keyword.internal.KeywordExecutor.executeKeywordForPlatform(KeywordExecutor.groovy:74)
	at com.kms.katalon.core.webui.keyword.WebUiBuiltInKeywords.click(WebUiBuiltInKeywords.groovy:620)
	at com.kms.katalon.core.webui.keyword.WebUiBuiltInKeywords$click$3.call(Unknown Source)
	at Script1673024832871.run(Script1673024832871.groovy:149)
	... 13 more
)

2024-01-22 18:18:09 - [TEST_STEP][PASSED] - strTemp = "NA": null

2024-01-22 18:18:09 - [TEST_STEP][PASSED] - if (getCellValueByIndex(sheet01, rowIndex, 4) != "DONE"): null

2024-01-22 18:18:09 - [TEST_STEP][PASSED] - strTemp = "NA": null

2024-01-22 18:18:09 - [TEST_STEP][PASSED] - if (getCellValueByIndex(sheet01, rowIndex, 4) != "DONE"): null

2024-01-22 18:18:09 - [TEST_STEP][PASSED] - strTemp = "NA": null

2024-01-22 18:18:09 - [TEST_STEP][PASSED] - if (getCellValueByIndex(sheet01, rowIndex, 4) != "DONE"): null

2024-01-22 18:18:09 - [TEST_STEP][PASSED] - strTemp = "NA": null

2024-01-22 18:18:09 - [TEST_STEP][PASSED] - if (getCellValueByIndex(sheet01, rowIndex, 4) != "DONE"): null

2024-01-22 18:18:09 - [TEST_STEP][PASSED] - strTemp = "NA": null

2024-01-22 18:18:09 - [TEST_STEP][PASSED] - if (getCellValueByIndex(sheet01, rowIndex, 4) != "DONE"): null

2024-01-22 18:18:09 - [TEST_STEP][PASSED] - strTemp = "NA": null

2024-01-22 18:18:09 - [TEST_STEP][PASSED] - if (getCellValueByIndex(sheet01, rowIndex, 4) != "DONE"): null

2024-01-22 18:18:09 - [TEST_STEP][PASSED] - strTemp = "NA": null

2024-01-22 18:18:09 - [TEST_STEP][PASSED] - if (getCellValueByIndex(sheet01, rowIndex, 4) != "DONE"): null

2024-01-22 18:18:09 - [TEST_STEP][PASSED] - strTemp = "NA": null

2024-01-22 18:18:09 - [TEST_STEP][PASSED] - if (getCellValueByIndex(sheet01, rowIndex, 4) != "DONE"): Object: 'Object Repository/Stockbit/menu_Bandarmology' is clicked on

2024-01-22 18:18:09 - [TEST_STEP][PASSED] - strNama = getCellValueByIndex(sheet01, rowIndex, 0): null

2024-01-22 18:18:09 - [TEST_STEP][PASSED] - navigateToUrl("https://stockbit.com/#/symbol/" + strNama): Navigate to 'https://stockbit.com/#/symbol/META' successfully

2024-01-22 18:18:16 - [MESSAGE][PASSED] - Navigate to 'https://stockbit.com/#/symbol/META' successfully

2024-01-22 18:18:16 - [TEST_STEP][PASSED] - waitForElementClickable(findTestObject("Stockbit/menu_Bandarmology"), 10): Object 'Object Repository/Stockbit/menu_Bandarmology' is clickable

2024-01-22 18:18:16 - [MESSAGE][PASSED] - Object 'Object Repository/Stockbit/menu_Bandarmology' is clickable

2024-01-22 18:18:16 - [TEST_STEP][PASSED] - click(findTestObject("Stockbit/menu_Bandarmology")): Object: 'Object Repository/Stockbit/menu_Bandarmology' is clicked on

2024-01-22 18:18:17 - [MESSAGE][PASSED] - Object: 'Object Repository/Stockbit/menu_Bandarmology' is clicked on

2024-01-22 18:18:17 - [TEST_STEP][PASSED] - strTanggal = d.format(DateTimeFormatter.ofPattern("MMM dd, yyyy")): null

2024-01-22 18:18:17 - [TEST_STEP][PASSED] - strTanggal = d.format(ISO_DATE): null

2024-01-22 18:18:17 - [TEST_STEP][PASSED] - out.println("strTanggal = " + strTanggal): null

2024-01-22 18:18:17 - [TEST_STEP][PASSED] - out.println("strNama = " + strNama): null

2024-01-22 18:18:17 - [TEST_STEP][PASSED] - out.println("Baris ke = " + rowIndex): null

2024-01-22 18:18:17 - [TEST_STEP][PASSED] - click(findTestObject("Stockbit/input__BandarmologyOpenStartDate")): Object: 'Object Repository/Stockbit/input__BandarmologyOpenStartDate' is clicked on

2024-01-22 18:18:20 - [MESSAGE][PASSED] - Object: 'Object Repository/Stockbit/input__BandarmologyOpenStartDate' is clicked on

2024-01-22 18:18:20 - [TEST_STEP][PASSED] - sendKeys(findTestObject("Stockbit/input__BandarmologyOpenStartDate"), Keys.chord(CONTROL, "a")): Keys 'CONTROL + a' sent to object: 'Object Repository/Stockbit/input__BandarmologyOpenStartDate'

2024-01-22 18:18:21 - [MESSAGE][PASSED] - Keys 'CONTROL + a' sent to object: 'Object Repository/Stockbit/input__BandarmologyOpenStartDate'

2024-01-22 18:18:21 - [TEST_STEP][PASSED] - sendKeys(findTestObject("Stockbit/input__BandarmologyOpenStartDate"), Keys.chord(BACK_SPACE)): Keys 'BACK_SPACE + ' sent to object: 'Object Repository/Stockbit/input__BandarmologyOpenStartDate'

2024-01-22 18:18:21 - [MESSAGE][PASSED] - Keys 'BACK_SPACE + ' sent to object: 'Object Repository/Stockbit/input__BandarmologyOpenStartDate'

2024-01-22 18:18:21 - [TEST_STEP][PASSED] - setText(findTestObject("Stockbit/input__BandarmologyOpenStartDate"), strTanggal): Text '2024-01-22' is set on object 'Object Repository/Stockbit/input__BandarmologyOpenStartDate'

2024-01-22 18:18:22 - [MESSAGE][PASSED] - Text '2024-01-22' is set on object 'Object Repository/Stockbit/input__BandarmologyOpenStartDate'

2024-01-22 18:18:22 - [TEST_STEP][PASSED] - sendKeys(findTestObject("Stockbit/input__BandarmologyOpenStartDate"), Keys.chord(ENTER)): Keys 'ENTER + ' sent to object: 'Object Repository/Stockbit/input__BandarmologyOpenStartDate'

2024-01-22 18:18:22 - [MESSAGE][PASSED] - Keys 'ENTER + ' sent to object: 'Object Repository/Stockbit/input__BandarmologyOpenStartDate'

2024-01-22 18:18:22 - [TEST_STEP][PASSED] - click(findTestObject("Stockbit/input__BandarmologyOpenEndDate")): Object: 'Object Repository/Stockbit/input__BandarmologyOpenEndDate' is clicked on

2024-01-22 18:18:23 - [MESSAGE][PASSED] - Object: 'Object Repository/Stockbit/input__BandarmologyOpenEndDate' is clicked on

2024-01-22 18:18:23 - [TEST_STEP][PASSED] - sendKeys(findTestObject("Stockbit/input__BandarmologyOpenEndDate"), Keys.chord(CONTROL, "a")): Keys 'CONTROL + a' sent to object: 'Object Repository/Stockbit/input__BandarmologyOpenEndDate'

2024-01-22 18:18:23 - [MESSAGE][PASSED] - Keys 'CONTROL + a' sent to object: 'Object Repository/Stockbit/input__BandarmologyOpenEndDate'

2024-01-22 18:18:23 - [TEST_STEP][PASSED] - sendKeys(findTestObject("Stockbit/input__BandarmologyOpenEndDate"), Keys.chord(BACK_SPACE)): Keys 'BACK_SPACE + ' sent to object: 'Object Repository/Stockbit/input__BandarmologyOpenEndDate'

2024-01-22 18:18:24 - [MESSAGE][PASSED] - Keys 'BACK_SPACE + ' sent to object: 'Object Repository/Stockbit/input__BandarmologyOpenEndDate'

2024-01-22 18:18:24 - [TEST_STEP][PASSED] - setText(findTestObject("Stockbit/input__BandarmologyOpenEndDate"), strTanggal): Text '2024-01-22' is set on object 'Object Repository/Stockbit/input__BandarmologyOpenEndDate'

2024-01-22 18:18:24 - [MESSAGE][PASSED] - Text '2024-01-22' is set on object 'Object Repository/Stockbit/input__BandarmologyOpenEndDate'

2024-01-22 18:18:24 - [TEST_STEP][PASSED] - sendKeys(findTestObject("Stockbit/input__BandarmologyOpenEndDate"), Keys.chord(ENTER)): Keys 'ENTER + ' sent to object: 'Object Repository/Stockbit/input__BandarmologyOpenEndDate'

2024-01-22 18:18:25 - [MESSAGE][PASSED] - Keys 'ENTER + ' sent to object: 'Object Repository/Stockbit/input__BandarmologyOpenEndDate'

2024-01-22 18:18:25 - [TEST_STEP][PASSED] - delay(2): Delayed 2 second(s)

2024-01-22 18:18:27 - [MESSAGE][PASSED] - Delayed 2 second(s)

2024-01-22 18:18:27 - [TEST_STEP][PASSED] - strTemp = getText(findTestObject("Stockbit/Bandarmology_AvgRP")): Text of object 'Object Repository/Stockbit/Bandarmology_AvgRP' is: '0'

2024-01-22 18:18:27 - [MESSAGE][PASSED] - Text of object 'Object Repository/Stockbit/Bandarmology_AvgRP' is: '0'

2024-01-22 18:18:27 - [TEST_STEP][PASSED] - out.println("Bandarmology_AvgRP = " + strTemp): null

2024-01-22 18:18:27 - [TEST_STEP][PASSED] - if (strTemp != "0"): null

2024-01-22 18:18:27 - [TEST_STEP][PASSED] - waitForElementClickable(findTestObject("Stockbit/menu_Bandarmology"), 10): Object 'Object Repository/Stockbit/menu_Bandarmology' is clickable

2024-01-22 18:18:27 - [MESSAGE][PASSED] - Object 'Object Repository/Stockbit/menu_Bandarmology' is clickable

2024-01-22 18:18:27 - [TEST_STEP][PASSED] - click(findTestObject("Stockbit/menu_Bandarmology")): Object: 'Object Repository/Stockbit/menu_Bandarmology' is clicked on

2024-01-22 18:18:28 - [MESSAGE][PASSED] - Object: 'Object Repository/Stockbit/menu_Bandarmology' is clicked on

2024-01-22 18:18:28 - [TEST_STEP][PASSED] - strTemp = "NA": null

2024-01-22 18:18:28 - [TEST_STEP][PASSED] - if (getCellValueByIndex(sheet01, rowIndex, 4) != "DONE"): null

2024-01-22 18:18:28 - [TEST_STEP][PASSED] - strTemp = "NA": null

2024-01-22 18:18:28 - [TEST_STEP][PASSED] - if (getCellValueByIndex(sheet01, rowIndex, 4) != "DONE"): null

2024-01-22 18:18:28 - [TEST_STEP][PASSED] - strTemp = "NA": null

2024-01-22 18:18:28 - [TEST_STEP][PASSED] - if (getCellValueByIndex(sheet01, rowIndex, 4) != "DONE"): null

2024-01-22 18:18:28 - [TEST_STEP][PASSED] - strTemp = "NA": null

2024-01-22 18:18:28 - [TEST_STEP][PASSED] - if (getCellValueByIndex(sheet01, rowIndex, 4) != "DONE"): null

2024-01-22 18:18:28 - [TEST_STEP][PASSED] - strTemp = "NA": null

2024-01-22 18:18:28 - [TEST_STEP][PASSED] - if (getCellValueByIndex(sheet01, rowIndex, 4) != "DONE"): null

2024-01-22 18:18:28 - [TEST_STEP][PASSED] - strTemp = "NA": null

2024-01-22 18:18:28 - [TEST_STEP][PASSED] - if (getCellValueByIndex(sheet01, rowIndex, 4) != "DONE"): null

2024-01-22 18:18:28 - [TEST_STEP][PASSED] - strTemp = "NA": null

2024-01-22 18:18:28 - [TEST_STEP][PASSED] - if (getCellValueByIndex(sheet01, rowIndex, 4) != "DONE"): null

2024-01-22 18:18:28 - [TEST_STEP][PASSED] - strTemp = "NA": null

2024-01-22 18:18:28 - [TEST_STEP][PASSED] - if (getCellValueByIndex(sheet01, rowIndex, 4) != "DONE"): null

2024-01-22 18:18:28 - [TEST_STEP][PASSED] - strTemp = "NA": null

2024-01-22 18:18:28 - [TEST_STEP][PASSED] - if (getCellValueByIndex(sheet01, rowIndex, 4) != "DONE"): null

2024-01-22 18:18:28 - [TEST_STEP][PASSED] - strTemp = "NA": null

2024-01-22 18:18:28 - [TEST_STEP][PASSED] - if (getCellValueByIndex(sheet01, rowIndex, 4) != "DONE"): null

2024-01-22 18:18:28 - [TEST_STEP][PASSED] - strTemp = "NA": null

2024-01-22 18:18:28 - [TEST_STEP][PASSED] - if (getCellValueByIndex(sheet01, rowIndex, 4) != "DONE"): null

2024-01-22 18:18:28 - [TEST_STEP][PASSED] - strTemp = "NA": null

2024-01-22 18:18:28 - [TEST_STEP][PASSED] - if (getCellValueByIndex(sheet01, rowIndex, 4) != "DONE"): null

2024-01-22 18:18:28 - [TEST_STEP][PASSED] - strTemp = "NA": null

2024-01-22 18:18:28 - [TEST_STEP][PASSED] - if (getCellValueByIndex(sheet01, rowIndex, 4) != "DONE"): null

2024-01-22 18:18:28 - [TEST_STEP][PASSED] - strTemp = "NA": null

2024-01-22 18:18:28 - [TEST_STEP][PASSED] - if (getCellValueByIndex(sheet01, rowIndex, 4) != "DONE"): null

2024-01-22 18:18:28 - [TEST_STEP][PASSED] - strTemp = "NA": null

2024-01-22 18:18:28 - [TEST_STEP][PASSED] - if (getCellValueByIndex(sheet01, rowIndex, 4) != "DONE"): null

2024-01-22 18:18:28 - [TEST_STEP][PASSED] - strTemp = "NA": null

2024-01-22 18:18:28 - [TEST_STEP][PASSED] - if (getCellValueByIndex(sheet01, rowIndex, 4) != "DONE"): null

2024-01-22 18:18:28 - [TEST_STEP][PASSED] - strTemp = "NA": null

2024-01-22 18:18:28 - [TEST_STEP][PASSED] - if (getCellValueByIndex(sheet01, rowIndex, 4) != "DONE"): null

2024-01-22 18:18:28 - [TEST_STEP][PASSED] - strTemp = "NA": null

2024-01-22 18:18:28 - [TEST_STEP][PASSED] - if (getCellValueByIndex(sheet01, rowIndex, 4) != "DONE"): null

2024-01-22 18:18:28 - [TEST_STEP][PASSED] - strTemp = "NA": null

2024-01-22 18:18:28 - [TEST_STEP][PASSED] - if (getCellValueByIndex(sheet01, rowIndex, 4) != "DONE"): null

2024-01-22 18:18:28 - [TEST_STEP][PASSED] - strTemp = "NA": null

2024-01-22 18:18:28 - [TEST_STEP][PASSED] - if (getCellValueByIndex(sheet01, rowIndex, 4) != "DONE"): null

2024-01-22 18:18:28 - [TEST_STEP][PASSED] - strTemp = "NA": null

2024-01-22 18:18:28 - [TEST_STEP][PASSED] - if (getCellValueByIndex(sheet01, rowIndex, 4) != "DONE"): null

2024-01-22 18:18:28 - [TEST_STEP][PASSED] - strTemp = "NA": null

2024-01-22 18:18:28 - [TEST_STEP][PASSED] - if (getCellValueByIndex(sheet01, rowIndex, 4) != "DONE"): null

2024-01-22 18:18:28 - [TEST_STEP][PASSED] - strTemp = "NA": null

2024-01-22 18:18:28 - [TEST_STEP][PASSED] - if (getCellValueByIndex(sheet01, rowIndex, 4) != "DONE"): null

2024-01-22 18:18:28 - [TEST_STEP][PASSED] - strTemp = "NA": null

2024-01-22 18:18:28 - [TEST_STEP][PASSED] - if (getCellValueByIndex(sheet01, rowIndex, 4) != "DONE"): null

2024-01-22 18:18:28 - [TEST_STEP][PASSED] - strTemp = "NA": null

2024-01-22 18:18:28 - [TEST_STEP][PASSED] - if (getCellValueByIndex(sheet01, rowIndex, 4) != "DONE"): null

2024-01-22 18:18:28 - [TEST_STEP][PASSED] - strTemp = "NA": null

2024-01-22 18:18:28 - [TEST_STEP][PASSED] - if (getCellValueByIndex(sheet01, rowIndex, 4) != "DONE"): null

2024-01-22 18:18:28 - [TEST_STEP][PASSED] - strTemp = "NA": null

2024-01-22 18:18:28 - [TEST_STEP][PASSED] - if (getCellValueByIndex(sheet01, rowIndex, 4) != "DONE"): null

2024-01-22 18:18:28 - [TEST_STEP][PASSED] - strTemp = "NA": null

2024-01-22 18:18:28 - [TEST_STEP][PASSED] - if (getCellValueByIndex(sheet01, rowIndex, 4) != "DONE"): null

2024-01-22 18:18:28 - [TEST_STEP][PASSED] - strTemp = "NA": null

2024-01-22 18:18:28 - [TEST_STEP][PASSED] - if (getCellValueByIndex(sheet01, rowIndex, 4) != "DONE"): null

2024-01-22 18:18:28 - [TEST_STEP][PASSED] - strTemp = "NA": null

2024-01-22 18:18:28 - [TEST_STEP][PASSED] - if (getCellValueByIndex(sheet01, rowIndex, 4) != "DONE"): null

2024-01-22 18:18:28 - [TEST_STEP][PASSED] - strTemp = "NA": null

2024-01-22 18:18:28 - [TEST_STEP][PASSED] - if (getCellValueByIndex(sheet01, rowIndex, 4) != "DONE"): null

2024-01-22 18:18:28 - [TEST_STEP][PASSED] - strTemp = "NA": null

2024-01-22 18:18:28 - [TEST_STEP][PASSED] - if (getCellValueByIndex(sheet01, rowIndex, 4) != "DONE"): null

2024-01-22 18:18:28 - [TEST_STEP][PASSED] - strTemp = "NA": null

2024-01-22 18:18:28 - [TEST_STEP][PASSED] - if (getCellValueByIndex(sheet01, rowIndex, 4) != "DONE"): null

2024-01-22 18:18:28 - [TEST_STEP][PASSED] - strTemp = "NA": null

2024-01-22 18:18:28 - [TEST_STEP][PASSED] - if (getCellValueByIndex(sheet01, rowIndex, 4) != "DONE"): null

2024-01-22 18:18:28 - [TEST_STEP][PASSED] - strTemp = "NA": null

2024-01-22 18:18:28 - [TEST_STEP][PASSED] - if (getCellValueByIndex(sheet01, rowIndex, 4) != "DONE"): null

2024-01-22 18:18:28 - [TEST_STEP][PASSED] - strTemp = "NA": null

2024-01-22 18:18:28 - [TEST_STEP][PASSED] - if (getCellValueByIndex(sheet01, rowIndex, 4) != "DONE"): null

2024-01-22 18:18:28 - [TEST_STEP][PASSED] - strTemp = "NA": null

2024-01-22 18:18:28 - [TEST_STEP][PASSED] - if (getCellValueByIndex(sheet01, rowIndex, 4) != "DONE"): null

2024-01-22 18:18:28 - [TEST_STEP][PASSED] - strTemp = "NA": null

2024-01-22 18:18:28 - [TEST_STEP][PASSED] - if (getCellValueByIndex(sheet01, rowIndex, 4) != "DONE"): null

2024-01-22 18:18:28 - [TEST_STEP][PASSED] - strTemp = "NA": null

2024-01-22 18:18:28 - [TEST_STEP][PASSED] - if (getCellValueByIndex(sheet01, rowIndex, 4) != "DONE"): null

2024-01-22 18:18:28 - [TEST_STEP][PASSED] - strTemp = "NA": null

2024-01-22 18:18:28 - [TEST_STEP][PASSED] - if (getCellValueByIndex(sheet01, rowIndex, 4) != "DONE"): null

2024-01-22 18:18:28 - [TEST_STEP][PASSED] - strTemp = "NA": null

2024-01-22 18:18:28 - [TEST_STEP][PASSED] - if (getCellValueByIndex(sheet01, rowIndex, 4) != "DONE"): null

2024-01-22 18:18:28 - [TEST_STEP][PASSED] - strTemp = "NA": null

2024-01-22 18:18:28 - [TEST_STEP][PASSED] - if (getCellValueByIndex(sheet01, rowIndex, 4) != "DONE"): null

2024-01-22 18:18:28 - [TEST_STEP][PASSED] - strTemp = "NA": null

2024-01-22 18:18:28 - [TEST_STEP][PASSED] - if (getCellValueByIndex(sheet01, rowIndex, 4) != "DONE"): null

2024-01-22 18:18:28 - [TEST_STEP][PASSED] - strTemp = "NA": null

2024-01-22 18:18:28 - [TEST_STEP][PASSED] - if (getCellValueByIndex(sheet01, rowIndex, 4) != "DONE"): null

2024-01-22 18:18:28 - [TEST_STEP][PASSED] - strTemp = "NA": null

2024-01-22 18:18:28 - [TEST_STEP][PASSED] - if (getCellValueByIndex(sheet01, rowIndex, 4) != "DONE"): null

2024-01-22 18:18:28 - [TEST_STEP][PASSED] - strTemp = "NA": null

2024-01-22 18:18:28 - [TEST_STEP][PASSED] - if (getCellValueByIndex(sheet01, rowIndex, 4) != "DONE"): null

2024-01-22 18:18:28 - [TEST_STEP][PASSED] - strTemp = "NA": null

2024-01-22 18:18:28 - [TEST_STEP][PASSED] - if (getCellValueByIndex(sheet01, rowIndex, 4) != "DONE"): null

2024-01-22 18:18:28 - [TEST_STEP][PASSED] - strTemp = "NA": null

2024-01-22 18:18:28 - [TEST_STEP][PASSED] - if (getCellValueByIndex(sheet01, rowIndex, 4) != "DONE"): null

2024-01-22 18:18:28 - [TEST_STEP][PASSED] - strTemp = "NA": null

2024-01-22 18:18:28 - [TEST_STEP][PASSED] - if (getCellValueByIndex(sheet01, rowIndex, 4) != "DONE"): null

2024-01-22 18:18:28 - [TEST_STEP][PASSED] - strTemp = "NA": null

2024-01-22 18:18:28 - [TEST_STEP][PASSED] - if (getCellValueByIndex(sheet01, rowIndex, 4) != "DONE"): null

2024-01-22 18:18:28 - [TEST_STEP][PASSED] - strTemp = "NA": null

2024-01-22 18:18:28 - [TEST_STEP][PASSED] - if (getCellValueByIndex(sheet01, rowIndex, 4) != "DONE"): null

2024-01-22 18:18:28 - [TEST_STEP][PASSED] - strTemp = "NA": null

2024-01-22 18:18:28 - [TEST_STEP][PASSED] - if (getCellValueByIndex(sheet01, rowIndex, 4) != "DONE"): null

2024-01-22 18:18:28 - [TEST_STEP][PASSED] - strTemp = "NA": null

2024-01-22 18:18:28 - [TEST_STEP][PASSED] - if (getCellValueByIndex(sheet01, rowIndex, 4) != "DONE"): null

2024-01-22 18:18:28 - [TEST_STEP][PASSED] - strTemp = "NA": null

2024-01-22 18:18:28 - [TEST_STEP][PASSED] - if (getCellValueByIndex(sheet01, rowIndex, 4) != "DONE"): null

2024-01-22 18:18:28 - [TEST_STEP][PASSED] - strTemp = "NA": null

2024-01-22 18:18:28 - [TEST_STEP][PASSED] - if (getCellValueByIndex(sheet01, rowIndex, 4) != "DONE"): null

2024-01-22 18:18:28 - [TEST_STEP][PASSED] - strTemp = "NA": null

2024-01-22 18:18:28 - [TEST_STEP][PASSED] - if (getCellValueByIndex(sheet01, rowIndex, 4) != "DONE"): null

2024-01-22 18:18:28 - [TEST_STEP][PASSED] - strTemp = "NA": null

2024-01-22 18:18:28 - [TEST_STEP][PASSED] - if (getCellValueByIndex(sheet01, rowIndex, 4) != "DONE"): null

2024-01-22 18:18:28 - [TEST_STEP][PASSED] - strTemp = "NA": null

2024-01-22 18:18:28 - [TEST_STEP][PASSED] - if (getCellValueByIndex(sheet01, rowIndex, 4) != "DONE"): null

2024-01-22 18:18:28 - [TEST_STEP][PASSED] - strTemp = "NA": null

2024-01-22 18:18:28 - [TEST_STEP][PASSED] - if (getCellValueByIndex(sheet01, rowIndex, 4) != "DONE"): null

2024-01-22 18:18:28 - [TEST_STEP][PASSED] - strTemp = "NA": null

2024-01-22 18:18:28 - [TEST_STEP][PASSED] - if (getCellValueByIndex(sheet01, rowIndex, 4) != "DONE"): null

2024-01-22 18:18:28 - [TEST_STEP][PASSED] - strTemp = "NA": null

2024-01-22 18:18:28 - [TEST_STEP][PASSED] - if (getCellValueByIndex(sheet01, rowIndex, 4) != "DONE"): null

2024-01-22 18:18:28 - [TEST_STEP][PASSED] - strTemp = "NA": null

2024-01-22 18:18:28 - [TEST_STEP][PASSED] - if (getCellValueByIndex(sheet01, rowIndex, 4) != "DONE"): null

2024-01-22 18:18:28 - [TEST_STEP][PASSED] - strTemp = "NA": null

2024-01-22 18:18:28 - [TEST_STEP][PASSED] - if (getCellValueByIndex(sheet01, rowIndex, 4) != "DONE"): null

2024-01-22 18:18:28 - [TEST_STEP][PASSED] - strTemp = "NA": null

2024-01-22 18:18:28 - [TEST_STEP][PASSED] - if (getCellValueByIndex(sheet01, rowIndex, 4) != "DONE"): null

2024-01-22 18:18:28 - [TEST_STEP][PASSED] - strTemp = "NA": null

2024-01-22 18:18:28 - [TEST_STEP][PASSED] - if (getCellValueByIndex(sheet01, rowIndex, 4) != "DONE"): null

2024-01-22 18:18:28 - [TEST_STEP][PASSED] - strTemp = "NA": null

2024-01-22 18:18:28 - [TEST_STEP][PASSED] - if (getCellValueByIndex(sheet01, rowIndex, 4) != "DONE"): null

2024-01-22 18:18:28 - [TEST_STEP][PASSED] - strTemp = "NA": null

2024-01-22 18:18:28 - [TEST_STEP][PASSED] - if (getCellValueByIndex(sheet01, rowIndex, 4) != "DONE"): null

2024-01-22 18:18:28 - [TEST_STEP][PASSED] - strTemp = "NA": null

2024-01-22 18:18:28 - [TEST_STEP][PASSED] - if (getCellValueByIndex(sheet01, rowIndex, 4) != "DONE"): null

2024-01-22 18:18:28 - [TEST_STEP][PASSED] - strTemp = "NA": null

2024-01-22 18:18:28 - [TEST_STEP][PASSED] - if (getCellValueByIndex(sheet01, rowIndex, 4) != "DONE"): null

2024-01-22 18:18:28 - [TEST_STEP][PASSED] - strTemp = "NA": null

2024-01-22 18:18:28 - [TEST_STEP][PASSED] - if (getCellValueByIndex(sheet01, rowIndex, 4) != "DONE"): null

2024-01-22 18:18:28 - [TEST_STEP][PASSED] - strTemp = "NA": null

2024-01-22 18:18:28 - [TEST_STEP][PASSED] - if (getCellValueByIndex(sheet01, rowIndex, 4) != "DONE"): null

2024-01-22 18:18:28 - [TEST_STEP][PASSED] - strTemp = "NA": null

2024-01-22 18:18:28 - [TEST_STEP][PASSED] - if (getCellValueByIndex(sheet01, rowIndex, 4) != "DONE"): null

2024-01-22 18:18:28 - [TEST_STEP][PASSED] - strTemp = "NA": null

2024-01-22 18:18:28 - [TEST_STEP][PASSED] - if (getCellValueByIndex(sheet01, rowIndex, 4) != "DONE"): null

2024-01-22 18:18:28 - [TEST_STEP][PASSED] - strTemp = "NA": null

2024-01-22 18:18:28 - [TEST_STEP][PASSED] - if (getCellValueByIndex(sheet01, rowIndex, 4) != "DONE"): null

2024-01-22 18:18:28 - [TEST_STEP][PASSED] - strTemp = "NA": null

2024-01-22 18:18:28 - [TEST_STEP][PASSED] - if (getCellValueByIndex(sheet01, rowIndex, 4) != "DONE"): null

2024-01-22 18:18:28 - [TEST_STEP][PASSED] - strTemp = "NA": null

2024-01-22 18:18:28 - [TEST_STEP][PASSED] - if (getCellValueByIndex(sheet01, rowIndex, 4) != "DONE"): null

2024-01-22 18:18:28 - [TEST_STEP][PASSED] - strTemp = "NA": null

2024-01-22 18:18:28 - [TEST_STEP][PASSED] - if (getCellValueByIndex(sheet01, rowIndex, 4) != "DONE"): null

2024-01-22 18:18:28 - [TEST_STEP][PASSED] - strTemp = "NA": null

2024-01-22 18:18:28 - [TEST_STEP][PASSED] - if (getCellValueByIndex(sheet01, rowIndex, 4) != "DONE"): null

2024-01-22 18:18:28 - [TEST_STEP][PASSED] - strTemp = "NA": null

2024-01-22 18:18:28 - [TEST_STEP][PASSED] - if (getCellValueByIndex(sheet01, rowIndex, 4) != "DONE"): null

2024-01-22 18:18:28 - [TEST_STEP][PASSED] - strTemp = "NA": null

2024-01-22 18:18:28 - [TEST_STEP][PASSED] - if (getCellValueByIndex(sheet01, rowIndex, 4) != "DONE"): Object: 'Object Repository/Stockbit/menu_Bandarmology' is clicked on

2024-01-22 18:18:28 - [TEST_STEP][PASSED] - strNama = getCellValueByIndex(sheet01, rowIndex, 0): null

2024-01-22 18:18:28 - [TEST_STEP][PASSED] - navigateToUrl("https://stockbit.com/#/symbol/" + strNama): Navigate to 'https://stockbit.com/#/symbol/PSDN' successfully

2024-01-22 18:18:35 - [MESSAGE][PASSED] - Navigate to 'https://stockbit.com/#/symbol/PSDN' successfully

2024-01-22 18:18:35 - [TEST_STEP][PASSED] - waitForElementClickable(findTestObject("Stockbit/menu_Bandarmology"), 10): Object 'Object Repository/Stockbit/menu_Bandarmology' is clickable

2024-01-22 18:18:35 - [MESSAGE][PASSED] - Object 'Object Repository/Stockbit/menu_Bandarmology' is clickable

2024-01-22 18:18:35 - [TEST_STEP][PASSED] - click(findTestObject("Stockbit/menu_Bandarmology")): Object: 'Object Repository/Stockbit/menu_Bandarmology' is clicked on

2024-01-22 18:18:36 - [MESSAGE][PASSED] - Object: 'Object Repository/Stockbit/menu_Bandarmology' is clicked on

2024-01-22 18:18:36 - [TEST_STEP][PASSED] - strTanggal = d.format(DateTimeFormatter.ofPattern("MMM dd, yyyy")): null

2024-01-22 18:18:36 - [TEST_STEP][PASSED] - strTanggal = d.format(ISO_DATE): null

2024-01-22 18:18:36 - [TEST_STEP][PASSED] - out.println("strTanggal = " + strTanggal): null

2024-01-22 18:18:36 - [TEST_STEP][PASSED] - out.println("strNama = " + strNama): null

2024-01-22 18:18:36 - [TEST_STEP][PASSED] - out.println("Baris ke = " + rowIndex): null

2024-01-22 18:18:36 - [TEST_STEP][PASSED] - click(findTestObject("Stockbit/input__BandarmologyOpenStartDate")): Object: 'Object Repository/Stockbit/input__BandarmologyOpenStartDate' is clicked on

2024-01-22 18:18:37 - [MESSAGE][PASSED] - Object: 'Object Repository/Stockbit/input__BandarmologyOpenStartDate' is clicked on

2024-01-22 18:18:37 - [TEST_STEP][PASSED] - sendKeys(findTestObject("Stockbit/input__BandarmologyOpenStartDate"), Keys.chord(CONTROL, "a")): Keys 'CONTROL + a' sent to object: 'Object Repository/Stockbit/input__BandarmologyOpenStartDate'

2024-01-22 18:18:37 - [MESSAGE][PASSED] - Keys 'CONTROL + a' sent to object: 'Object Repository/Stockbit/input__BandarmologyOpenStartDate'

2024-01-22 18:18:37 - [TEST_STEP][PASSED] - sendKeys(findTestObject("Stockbit/input__BandarmologyOpenStartDate"), Keys.chord(BACK_SPACE)): Keys 'BACK_SPACE + ' sent to object: 'Object Repository/Stockbit/input__BandarmologyOpenStartDate'

2024-01-22 18:18:38 - [MESSAGE][PASSED] - Keys 'BACK_SPACE + ' sent to object: 'Object Repository/Stockbit/input__BandarmologyOpenStartDate'

2024-01-22 18:18:38 - [TEST_STEP][PASSED] - setText(findTestObject("Stockbit/input__BandarmologyOpenStartDate"), strTanggal): Text '2024-01-22' is set on object 'Object Repository/Stockbit/input__BandarmologyOpenStartDate'

2024-01-22 18:18:38 - [MESSAGE][PASSED] - Text '2024-01-22' is set on object 'Object Repository/Stockbit/input__BandarmologyOpenStartDate'

2024-01-22 18:18:38 - [TEST_STEP][PASSED] - sendKeys(findTestObject("Stockbit/input__BandarmologyOpenStartDate"), Keys.chord(ENTER)): Keys 'ENTER + ' sent to object: 'Object Repository/Stockbit/input__BandarmologyOpenStartDate'

2024-01-22 18:18:39 - [MESSAGE][PASSED] - Keys 'ENTER + ' sent to object: 'Object Repository/Stockbit/input__BandarmologyOpenStartDate'

2024-01-22 18:18:39 - [TEST_STEP][PASSED] - click(findTestObject("Stockbit/input__BandarmologyOpenEndDate")): Object: 'Object Repository/Stockbit/input__BandarmologyOpenEndDate' is clicked on

2024-01-22 18:18:39 - [MESSAGE][PASSED] - Object: 'Object Repository/Stockbit/input__BandarmologyOpenEndDate' is clicked on

2024-01-22 18:18:39 - [TEST_STEP][PASSED] - sendKeys(findTestObject("Stockbit/input__BandarmologyOpenEndDate"), Keys.chord(CONTROL, "a")): Keys 'CONTROL + a' sent to object: 'Object Repository/Stockbit/input__BandarmologyOpenEndDate'

2024-01-22 18:18:40 - [MESSAGE][PASSED] - Keys 'CONTROL + a' sent to object: 'Object Repository/Stockbit/input__BandarmologyOpenEndDate'

2024-01-22 18:18:40 - [TEST_STEP][PASSED] - sendKeys(findTestObject("Stockbit/input__BandarmologyOpenEndDate"), Keys.chord(BACK_SPACE)): Keys 'BACK_SPACE + ' sent to object: 'Object Repository/Stockbit/input__BandarmologyOpenEndDate'

2024-01-22 18:18:40 - [MESSAGE][PASSED] - Keys 'BACK_SPACE + ' sent to object: 'Object Repository/Stockbit/input__BandarmologyOpenEndDate'

2024-01-22 18:18:40 - [TEST_STEP][PASSED] - setText(findTestObject("Stockbit/input__BandarmologyOpenEndDate"), strTanggal): Text '2024-01-22' is set on object 'Object Repository/Stockbit/input__BandarmologyOpenEndDate'

2024-01-22 18:18:41 - [MESSAGE][PASSED] - Text '2024-01-22' is set on object 'Object Repository/Stockbit/input__BandarmologyOpenEndDate'

2024-01-22 18:18:41 - [TEST_STEP][PASSED] - sendKeys(findTestObject("Stockbit/input__BandarmologyOpenEndDate"), Keys.chord(ENTER)): Keys 'ENTER + ' sent to object: 'Object Repository/Stockbit/input__BandarmologyOpenEndDate'

2024-01-22 18:18:41 - [MESSAGE][PASSED] - Keys 'ENTER + ' sent to object: 'Object Repository/Stockbit/input__BandarmologyOpenEndDate'

2024-01-22 18:18:41 - [TEST_STEP][PASSED] - delay(2): Delayed 2 second(s)

2024-01-22 18:18:43 - [MESSAGE][PASSED] - Delayed 2 second(s)

2024-01-22 18:18:43 - [TEST_STEP][PASSED] - strTemp = getText(findTestObject("Stockbit/Bandarmology_AvgRP")): Text of object 'Object Repository/Stockbit/Bandarmology_AvgRP' is: '122'

2024-01-22 18:18:43 - [MESSAGE][PASSED] - Text of object 'Object Repository/Stockbit/Bandarmology_AvgRP' is: '122'

2024-01-22 18:18:43 - [TEST_STEP][PASSED] - out.println("Bandarmology_AvgRP = " + strTemp): null

2024-01-22 18:18:43 - [TEST_STEP][PASSED] - if (strTemp != "0"): null

2024-01-22 18:18:43 - [TEST_STEP][PASSED] - strTop1 = getText(findTestObject("Stockbit/Bandarmology_Top1")): Text of object 'Object Repository/Stockbit/Bandarmology_Top1' is: 'Big Dist'

2024-01-22 18:18:44 - [MESSAGE][PASSED] - Text of object 'Object Repository/Stockbit/Bandarmology_Top1' is: 'Big Dist'

2024-01-22 18:18:44 - [TEST_STEP][PASSED] - strTop3 = getText(findTestObject("Stockbit/Bandarmology_Top3")): Text of object 'Object Repository/Stockbit/Bandarmology_Top3' is: 'Big Dist'

2024-01-22 18:18:44 - [MESSAGE][PASSED] - Text of object 'Object Repository/Stockbit/Bandarmology_Top3' is: 'Big Dist'

2024-01-22 18:18:44 - [TEST_STEP][PASSED] - strTop5 = getText(findTestObject("Stockbit/Bandarmology_Top5")): Text of object 'Object Repository/Stockbit/Bandarmology_Top5' is: 'Small Dist'

2024-01-22 18:18:44 - [MESSAGE][PASSED] - Text of object 'Object Repository/Stockbit/Bandarmology_Top5' is: 'Small Dist'

2024-01-22 18:18:44 - [TEST_STEP][PASSED] - strAllBrokAvg = getText(findTestObject("Stockbit/Bandarmology_TopAVG")): Text of object 'Object Repository/Stockbit/Bandarmology_TopAVG' is: 'Normal Dist'

2024-01-22 18:18:44 - [MESSAGE][PASSED] - Text of object 'Object Repository/Stockbit/Bandarmology_TopAVG' is: 'Normal Dist'

2024-01-22 18:18:44 - [TEST_STEP][PASSED] - strTemp = getText(findTestObject("Stockbit/Bandarmology_AvgRP")): Text of object 'Object Repository/Stockbit/Bandarmology_AvgRP' is: '122'

2024-01-22 18:18:44 - [MESSAGE][PASSED] - Text of object 'Object Repository/Stockbit/Bandarmology_AvgRP' is: '122'

2024-01-22 18:18:44 - [TEST_STEP][PASSED] - if (strTemp.contains(",")): null

2024-01-22 18:18:44 - [TEST_STEP][PASSED] - intAvgRP = strTemp.toInteger(): null

2024-01-22 18:18:44 - [TEST_STEP][PASSED] - strBuyer1 = getText(findTestObject("Stockbit/Bandarmology_Buyer1")): Text of object 'Object Repository/Stockbit/Bandarmology_Buyer1' is: 'XA'

2024-01-22 18:18:44 - [MESSAGE][PASSED] - Text of object 'Object Repository/Stockbit/Bandarmology_Buyer1' is: 'XA'

2024-01-22 18:18:44 - [TEST_STEP][PASSED] - strBuyerVol1 = getText(findTestObject("Stockbit/Bandarmology_BuyerVol1")): Text of object 'Object Repository/Stockbit/Bandarmology_BuyerVol1' is: '8.3 K'

2024-01-22 18:18:44 - [MESSAGE][PASSED] - Text of object 'Object Repository/Stockbit/Bandarmology_BuyerVol1' is: '8.3 K'

2024-01-22 18:18:44 - [TEST_STEP][PASSED] - strBuyerAvg1 = getText(findTestObject("Stockbit/Bandarmology_BuyerAvg1")): Text of object 'Object Repository/Stockbit/Bandarmology_BuyerAvg1' is: '120'

2024-01-22 18:18:44 - [MESSAGE][PASSED] - Text of object 'Object Repository/Stockbit/Bandarmology_BuyerAvg1' is: '120'

2024-01-22 18:18:44 - [TEST_STEP][PASSED] - if (strBuyerAvg1.contains(",")): null

2024-01-22 18:18:44 - [TEST_STEP][PASSED] - if (strBuyerVol1.contains(" B")): null

2024-01-22 18:18:44 - [TEST_STEP][PASSED] - else if (strBuyerVol1.contains(" M")): null

2024-01-22 18:18:44 - [TEST_STEP][PASSED] - else if (strBuyerVol1.contains(" K")): null

2024-01-22 18:18:44 - [TEST_STEP][PASSED] - strBuyerVol1 = strBuyerVol1.replace(" K", ""): null

2024-01-22 18:18:44 - [TEST_STEP][PASSED] - strBuyerVol1 = strBuyerVol1.toDouble() * 1000: null

2024-01-22 18:18:44 - [TEST_STEP][PASSED] - strSeller1 = getText(findTestObject("Stockbit/Bandarmology_Seller1")): Text of object 'Object Repository/Stockbit/Bandarmology_Seller1' is: 'KK'

2024-01-22 18:18:45 - [MESSAGE][PASSED] - Text of object 'Object Repository/Stockbit/Bandarmology_Seller1' is: 'KK'

2024-01-22 18:18:45 - [TEST_STEP][PASSED] - strSellerVol1 = getText(findTestObject("Stockbit/Bandarmology_SellerVol1")): Text of object 'Object Repository/Stockbit/Bandarmology_SellerVol1' is: '15.9 K'

2024-01-22 18:18:45 - [MESSAGE][PASSED] - Text of object 'Object Repository/Stockbit/Bandarmology_SellerVol1' is: '15.9 K'

2024-01-22 18:18:45 - [TEST_STEP][PASSED] - strSellerAvg1 = getText(findTestObject("Stockbit/Bandarmology_SellerAvg1")): Text of object 'Object Repository/Stockbit/Bandarmology_SellerAvg1' is: '121'

2024-01-22 18:18:45 - [MESSAGE][PASSED] - Text of object 'Object Repository/Stockbit/Bandarmology_SellerAvg1' is: '121'

2024-01-22 18:18:45 - [TEST_STEP][PASSED] - if (strSellerAvg1.contains(",")): null

2024-01-22 18:18:45 - [TEST_STEP][PASSED] - if (strSellerVol1.contains(" B")): null

2024-01-22 18:18:45 - [TEST_STEP][PASSED] - else if (strSellerVol1.contains(" M")): null

2024-01-22 18:18:45 - [TEST_STEP][PASSED] - else if (strSellerVol1.contains(" K")): null

2024-01-22 18:18:45 - [TEST_STEP][PASSED] - strSellerVol1 = strSellerVol1.replace(" K", ""): null

2024-01-22 18:18:45 - [TEST_STEP][PASSED] - strSellerVol1 = strSellerVol1.toDouble() * 1000: null

2024-01-22 18:18:45 - [TEST_STEP][PASSED] - if (verifyElementNotPresent(findTestObject("Stockbit/Bandarmology_Buyer2"), 1, OPTIONAL)): Web element with id: 'Object Repository/Stockbit/Bandarmology_Buyer2' located by 'By.xpath: //*[contains(@id, 'rc-tabs-')]/div[2]/div/div/div/div/div/div[2]/table/tbody/tr[3]/td[1]/p' is present after '1' second(s) (Root cause: com.kms.katalon.core.exception.StepFailedException: Web element with id: 'Object Repository/Stockbit/Bandarmology_Buyer2' located by 'By.xpath: //*[contains(@id, 'rc-tabs-')]/div[2]/div/div/div/div/div/div[2]/table/tbody/tr[3]/td[1]/p' is present after '1' second(s)
	at com.kms.katalon.core.webui.keyword.internal.WebUIKeywordMain.stepFailed(WebUIKeywordMain.groovy:64)
	at com.kms.katalon.core.webui.keyword.internal.WebUIKeywordMain$stepFailed$0.call(Unknown Source)
	at com.kms.katalon.core.webui.keyword.builtin.VerifyElementNotPresentKeyword$_verifyElementNotPresent_closure1.doCall(VerifyElementNotPresentKeyword.groovy:106)
	at com.kms.katalon.core.webui.keyword.builtin.VerifyElementNotPresentKeyword$_verifyElementNotPresent_closure1.doCall(VerifyElementNotPresentKeyword.groovy)
	at com.kms.katalon.core.webui.keyword.internal.WebUIKeywordMain.runKeyword(WebUIKeywordMain.groovy:20)
	at com.kms.katalon.core.webui.keyword.internal.WebUIKeywordMain$runKeyword.call(Unknown Source)
	at com.kms.katalon.core.webui.keyword.builtin.VerifyElementNotPresentKeyword.verifyElementNotPresent(VerifyElementNotPresentKeyword.groovy:117)
	at com.kms.katalon.core.webui.keyword.builtin.VerifyElementNotPresentKeyword.execute(VerifyElementNotPresentKeyword.groovy:68)
	at com.kms.katalon.core.keyword.internal.KeywordExecutor.executeKeywordForPlatform(KeywordExecutor.groovy:74)
	at com.kms.katalon.core.webui.keyword.WebUiBuiltInKeywords.verifyElementNotPresent(WebUiBuiltInKeywords.groovy:1481)
	at com.kms.katalon.core.webui.keyword.WebUiBuiltInKeywords$verifyElementNotPresent$8.call(Unknown Source)
	at GetBrokSumPriceDaily.run(GetBrokSumPriceDaily:258)
	at com.kms.katalon.core.main.ScriptEngine.run(ScriptEngine.java:194)
	at com.kms.katalon.core.main.ScriptEngine.runScriptAsRawText(ScriptEngine.java:119)
	at com.kms.katalon.core.main.TestCaseExecutor.runScript(TestCaseExecutor.java:445)
	at com.kms.katalon.core.main.TestCaseExecutor.doExecute(TestCaseExecutor.java:436)
	at com.kms.katalon.core.main.TestCaseExecutor.processExecutionPhase(TestCaseExecutor.java:415)
	at com.kms.katalon.core.main.TestCaseExecutor.accessMainPhase(TestCaseExecutor.java:407)
	at com.kms.katalon.core.main.TestCaseExecutor.execute(TestCaseExecutor.java:284)
	at com.kms.katalon.core.common.CommonExecutor.accessTestCaseMainPhase(CommonExecutor.java:65)
	at com.kms.katalon.core.main.TestSuiteExecutor.accessTestSuiteMainPhase(TestSuiteExecutor.java:144)
	at com.kms.katalon.core.main.TestSuiteExecutor.execute(TestSuiteExecutor.java:106)
	at com.kms.katalon.core.main.TestCaseMain.startTestSuite(TestCaseMain.java:185)
	at com.kms.katalon.core.main.TestCaseMain$startTestSuite$0.call(Unknown Source)
	at TempTestSuite1705922193915.run(TempTestSuite1705922193915.groovy:36)
)

2024-01-22 18:18:47 - [MESSAGE][WARNING] - Web element with id: 'Object Repository/Stockbit/Bandarmology_Buyer2' located by 'By.xpath: //*[contains(@id, 'rc-tabs-')]/div[2]/div/div/div/div/div/div[2]/table/tbody/tr[3]/td[1]/p' is present after '1' second(s) (Root cause: com.kms.katalon.core.exception.StepFailedException: Web element with id: 'Object Repository/Stockbit/Bandarmology_Buyer2' located by 'By.xpath: //*[contains(@id, 'rc-tabs-')]/div[2]/div/div/div/div/div/div[2]/table/tbody/tr[3]/td[1]/p' is present after '1' second(s)
	at com.kms.katalon.core.webui.keyword.internal.WebUIKeywordMain.stepFailed(WebUIKeywordMain.groovy:64)
	at com.kms.katalon.core.webui.keyword.internal.WebUIKeywordMain$stepFailed$0.call(Unknown Source)
	at com.kms.katalon.core.webui.keyword.builtin.VerifyElementNotPresentKeyword$_verifyElementNotPresent_closure1.doCall(VerifyElementNotPresentKeyword.groovy:106)
	at com.kms.katalon.core.webui.keyword.builtin.VerifyElementNotPresentKeyword$_verifyElementNotPresent_closure1.doCall(VerifyElementNotPresentKeyword.groovy)
	at com.kms.katalon.core.webui.keyword.internal.WebUIKeywordMain.runKeyword(WebUIKeywordMain.groovy:20)
	at com.kms.katalon.core.webui.keyword.internal.WebUIKeywordMain$runKeyword.call(Unknown Source)
	at com.kms.katalon.core.webui.keyword.builtin.VerifyElementNotPresentKeyword.verifyElementNotPresent(VerifyElementNotPresentKeyword.groovy:117)
	at com.kms.katalon.core.webui.keyword.builtin.VerifyElementNotPresentKeyword.execute(VerifyElementNotPresentKeyword.groovy:68)
	at com.kms.katalon.core.keyword.internal.KeywordExecutor.executeKeywordForPlatform(KeywordExecutor.groovy:74)
	at com.kms.katalon.core.webui.keyword.WebUiBuiltInKeywords.verifyElementNotPresent(WebUiBuiltInKeywords.groovy:1481)
	at com.kms.katalon.core.webui.keyword.WebUiBuiltInKeywords$verifyElementNotPresent$8.call(Unknown Source)
	at GetBrokSumPriceDaily.run(GetBrokSumPriceDaily:258)
	at com.kms.katalon.core.main.ScriptEngine.run(ScriptEngine.java:194)
	at com.kms.katalon.core.main.ScriptEngine.runScriptAsRawText(ScriptEngine.java:119)
	at com.kms.katalon.core.main.TestCaseExecutor.runScript(TestCaseExecutor.java:445)
	at com.kms.katalon.core.main.TestCaseExecutor.doExecute(TestCaseExecutor.java:436)
	at com.kms.katalon.core.main.TestCaseExecutor.processExecutionPhase(TestCaseExecutor.java:415)
	at com.kms.katalon.core.main.TestCaseExecutor.accessMainPhase(TestCaseExecutor.java:407)
	at com.kms.katalon.core.main.TestCaseExecutor.execute(TestCaseExecutor.java:284)
	at com.kms.katalon.core.common.CommonExecutor.accessTestCaseMainPhase(CommonExecutor.java:65)
	at com.kms.katalon.core.main.TestSuiteExecutor.accessTestSuiteMainPhase(TestSuiteExecutor.java:144)
	at com.kms.katalon.core.main.TestSuiteExecutor.execute(TestSuiteExecutor.java:106)
	at com.kms.katalon.core.main.TestCaseMain.startTestSuite(TestCaseMain.java:185)
	at com.kms.katalon.core.main.TestCaseMain$startTestSuite$0.call(Unknown Source)
	at TempTestSuite1705922193915.run(TempTestSuite1705922193915.groovy:36)
)
[[ATTACHMENT|C:\\Users\\Fadli\\git\\KatalonDailyGetData2\\Reports\\20240122_174123\\TS1\\20240122_181633\\1705922327316.png]]

2024-01-22 18:18:47 - [TEST_STEP][PASSED] - else: null

2024-01-22 18:18:47 - [TEST_STEP][PASSED] - strBuyer2 = getText(findTestObject("Stockbit/Bandarmology_Buyer2")): Text of object 'Object Repository/Stockbit/Bandarmology_Buyer2' is: 'CP'

2024-01-22 18:18:47 - [MESSAGE][PASSED] - Text of object 'Object Repository/Stockbit/Bandarmology_Buyer2' is: 'CP'

2024-01-22 18:18:47 - [TEST_STEP][PASSED] - strBuyerVol2 = getText(findTestObject("Stockbit/Bandarmology_BuyerVol2")): Text of object 'Object Repository/Stockbit/Bandarmology_BuyerVol2' is: '2.9 K'

2024-01-22 18:18:47 - [MESSAGE][PASSED] - Text of object 'Object Repository/Stockbit/Bandarmology_BuyerVol2' is: '2.9 K'

2024-01-22 18:18:47 - [TEST_STEP][PASSED] - strBuyerAvg2 = getText(findTestObject("Stockbit/Bandarmology_BuyerAvg2")): Text of object 'Object Repository/Stockbit/Bandarmology_BuyerAvg2' is: '121'

2024-01-22 18:18:47 - [MESSAGE][PASSED] - Text of object 'Object Repository/Stockbit/Bandarmology_BuyerAvg2' is: '121'

2024-01-22 18:18:47 - [TEST_STEP][PASSED] - if (strBuyer2 != ""): null

2024-01-22 18:18:47 - [TEST_STEP][PASSED] - if (strBuyerAvg2.contains(",")): null

2024-01-22 18:18:47 - [TEST_STEP][PASSED] - if (strBuyerVol2.contains(" B")): null

2024-01-22 18:18:47 - [TEST_STEP][PASSED] - else if (strBuyerVol2.contains(" M")): null

2024-01-22 18:18:47 - [TEST_STEP][PASSED] - else if (strBuyerVol2.contains(" K")): null

2024-01-22 18:18:47 - [TEST_STEP][PASSED] - strBuyerVol2 = strBuyerVol2.replace(" K", ""): null

2024-01-22 18:18:47 - [TEST_STEP][PASSED] - strBuyerVol2 = strBuyerVol2.toDouble() * 1000: null

2024-01-22 18:18:47 - [TEST_STEP][PASSED] - if (strBuyerVol2.contains(".")): null

2024-01-22 18:18:47 - [TEST_STEP][PASSED] - strBuyerVal2 = strBuyerVol2.replace(".", ""): null

2024-01-22 18:18:47 - [TEST_STEP][PASSED] - if (verifyElementNotPresent(findTestObject("Stockbit/Bandarmology_Seller2"), 1, OPTIONAL)): Web element with id: 'Object Repository/Stockbit/Bandarmology_Seller2' located by 'By.xpath: //*[contains(@id, 'rc-tabs-')]/div[2]/div/div/div/div/div/div[2]/table/tbody/tr[3]/td[5]/p' is present after '1' second(s) (Root cause: com.kms.katalon.core.exception.StepFailedException: Web element with id: 'Object Repository/Stockbit/Bandarmology_Seller2' located by 'By.xpath: //*[contains(@id, 'rc-tabs-')]/div[2]/div/div/div/div/div/div[2]/table/tbody/tr[3]/td[5]/p' is present after '1' second(s)
	at com.kms.katalon.core.webui.keyword.internal.WebUIKeywordMain.stepFailed(WebUIKeywordMain.groovy:64)
	at com.kms.katalon.core.webui.keyword.internal.WebUIKeywordMain$stepFailed$0.call(Unknown Source)
	at com.kms.katalon.core.webui.keyword.builtin.VerifyElementNotPresentKeyword$_verifyElementNotPresent_closure1.doCall(VerifyElementNotPresentKeyword.groovy:106)
	at com.kms.katalon.core.webui.keyword.builtin.VerifyElementNotPresentKeyword$_verifyElementNotPresent_closure1.doCall(VerifyElementNotPresentKeyword.groovy)
	at com.kms.katalon.core.webui.keyword.internal.WebUIKeywordMain.runKeyword(WebUIKeywordMain.groovy:20)
	at com.kms.katalon.core.webui.keyword.internal.WebUIKeywordMain$runKeyword.call(Unknown Source)
	at com.kms.katalon.core.webui.keyword.builtin.VerifyElementNotPresentKeyword.verifyElementNotPresent(VerifyElementNotPresentKeyword.groovy:117)
	at com.kms.katalon.core.webui.keyword.builtin.VerifyElementNotPresentKeyword.execute(VerifyElementNotPresentKeyword.groovy:68)
	at com.kms.katalon.core.keyword.internal.KeywordExecutor.executeKeywordForPlatform(KeywordExecutor.groovy:74)
	at com.kms.katalon.core.webui.keyword.WebUiBuiltInKeywords.verifyElementNotPresent(WebUiBuiltInKeywords.groovy:1481)
	at com.kms.katalon.core.webui.keyword.WebUiBuiltInKeywords$verifyElementNotPresent$8.call(Unknown Source)
	at GetBrokSumPriceDaily.run(GetBrokSumPriceDaily:309)
	at com.kms.katalon.core.main.ScriptEngine.run(ScriptEngine.java:194)
	at com.kms.katalon.core.main.ScriptEngine.runScriptAsRawText(ScriptEngine.java:119)
	at com.kms.katalon.core.main.TestCaseExecutor.runScript(TestCaseExecutor.java:445)
	at com.kms.katalon.core.main.TestCaseExecutor.doExecute(TestCaseExecutor.java:436)
	at com.kms.katalon.core.main.TestCaseExecutor.processExecutionPhase(TestCaseExecutor.java:415)
	at com.kms.katalon.core.main.TestCaseExecutor.accessMainPhase(TestCaseExecutor.java:407)
	at com.kms.katalon.core.main.TestCaseExecutor.execute(TestCaseExecutor.java:284)
	at com.kms.katalon.core.common.CommonExecutor.accessTestCaseMainPhase(CommonExecutor.java:65)
	at com.kms.katalon.core.main.TestSuiteExecutor.accessTestSuiteMainPhase(TestSuiteExecutor.java:144)
	at com.kms.katalon.core.main.TestSuiteExecutor.execute(TestSuiteExecutor.java:106)
	at com.kms.katalon.core.main.TestCaseMain.startTestSuite(TestCaseMain.java:185)
	at com.kms.katalon.core.main.TestCaseMain$startTestSuite$0.call(Unknown Source)
	at TempTestSuite1705922193915.run(TempTestSuite1705922193915.groovy:36)
)

2024-01-22 18:18:49 - [MESSAGE][WARNING] - Web element with id: 'Object Repository/Stockbit/Bandarmology_Seller2' located by 'By.xpath: //*[contains(@id, 'rc-tabs-')]/div[2]/div/div/div/div/div/div[2]/table/tbody/tr[3]/td[5]/p' is present after '1' second(s) (Root cause: com.kms.katalon.core.exception.StepFailedException: Web element with id: 'Object Repository/Stockbit/Bandarmology_Seller2' located by 'By.xpath: //*[contains(@id, 'rc-tabs-')]/div[2]/div/div/div/div/div/div[2]/table/tbody/tr[3]/td[5]/p' is present after '1' second(s)
	at com.kms.katalon.core.webui.keyword.internal.WebUIKeywordMain.stepFailed(WebUIKeywordMain.groovy:64)
	at com.kms.katalon.core.webui.keyword.internal.WebUIKeywordMain$stepFailed$0.call(Unknown Source)
	at com.kms.katalon.core.webui.keyword.builtin.VerifyElementNotPresentKeyword$_verifyElementNotPresent_closure1.doCall(VerifyElementNotPresentKeyword.groovy:106)
	at com.kms.katalon.core.webui.keyword.builtin.VerifyElementNotPresentKeyword$_verifyElementNotPresent_closure1.doCall(VerifyElementNotPresentKeyword.groovy)
	at com.kms.katalon.core.webui.keyword.internal.WebUIKeywordMain.runKeyword(WebUIKeywordMain.groovy:20)
	at com.kms.katalon.core.webui.keyword.internal.WebUIKeywordMain$runKeyword.call(Unknown Source)
	at com.kms.katalon.core.webui.keyword.builtin.VerifyElementNotPresentKeyword.verifyElementNotPresent(VerifyElementNotPresentKeyword.groovy:117)
	at com.kms.katalon.core.webui.keyword.builtin.VerifyElementNotPresentKeyword.execute(VerifyElementNotPresentKeyword.groovy:68)
	at com.kms.katalon.core.keyword.internal.KeywordExecutor.executeKeywordForPlatform(KeywordExecutor.groovy:74)
	at com.kms.katalon.core.webui.keyword.WebUiBuiltInKeywords.verifyElementNotPresent(WebUiBuiltInKeywords.groovy:1481)
	at com.kms.katalon.core.webui.keyword.WebUiBuiltInKeywords$verifyElementNotPresent$8.call(Unknown Source)
	at GetBrokSumPriceDaily.run(GetBrokSumPriceDaily:309)
	at com.kms.katalon.core.main.ScriptEngine.run(ScriptEngine.java:194)
	at com.kms.katalon.core.main.ScriptEngine.runScriptAsRawText(ScriptEngine.java:119)
	at com.kms.katalon.core.main.TestCaseExecutor.runScript(TestCaseExecutor.java:445)
	at com.kms.katalon.core.main.TestCaseExecutor.doExecute(TestCaseExecutor.java:436)
	at com.kms.katalon.core.main.TestCaseExecutor.processExecutionPhase(TestCaseExecutor.java:415)
	at com.kms.katalon.core.main.TestCaseExecutor.accessMainPhase(TestCaseExecutor.java:407)
	at com.kms.katalon.core.main.TestCaseExecutor.execute(TestCaseExecutor.java:284)
	at com.kms.katalon.core.common.CommonExecutor.accessTestCaseMainPhase(CommonExecutor.java:65)
	at com.kms.katalon.core.main.TestSuiteExecutor.accessTestSuiteMainPhase(TestSuiteExecutor.java:144)
	at com.kms.katalon.core.main.TestSuiteExecutor.execute(TestSuiteExecutor.java:106)
	at com.kms.katalon.core.main.TestCaseMain.startTestSuite(TestCaseMain.java:185)
	at com.kms.katalon.core.main.TestCaseMain$startTestSuite$0.call(Unknown Source)
	at TempTestSuite1705922193915.run(TempTestSuite1705922193915.groovy:36)
)
[[ATTACHMENT|C:\\Users\\Fadli\\git\\KatalonDailyGetData2\\Reports\\20240122_174123\\TS1\\20240122_181633\\1705922329207.png]]

2024-01-22 18:18:49 - [TEST_STEP][PASSED] - else: null

2024-01-22 18:18:49 - [TEST_STEP][PASSED] - strSeller2 = getText(findTestObject("Stockbit/Bandarmology_Seller2")): Text of object 'Object Repository/Stockbit/Bandarmology_Seller2' is: 'CC'

2024-01-22 18:18:49 - [MESSAGE][PASSED] - Text of object 'Object Repository/Stockbit/Bandarmology_Seller2' is: 'CC'

2024-01-22 18:18:49 - [TEST_STEP][PASSED] - strSellerVol2 = getText(findTestObject("Stockbit/Bandarmology_SellerVol2")): Text of object 'Object Repository/Stockbit/Bandarmology_SellerVol2' is: '1.8 K'

2024-01-22 18:18:49 - [MESSAGE][PASSED] - Text of object 'Object Repository/Stockbit/Bandarmology_SellerVol2' is: '1.8 K'

2024-01-22 18:18:49 - [TEST_STEP][PASSED] - strSellerAvg2 = getText(findTestObject("Stockbit/Bandarmology_SellerAvg2")): Text of object 'Object Repository/Stockbit/Bandarmology_SellerAvg2' is: '122'

2024-01-22 18:18:49 - [MESSAGE][PASSED] - Text of object 'Object Repository/Stockbit/Bandarmology_SellerAvg2' is: '122'

2024-01-22 18:18:49 - [TEST_STEP][PASSED] - if (strSeller2 != ""): null

2024-01-22 18:18:49 - [TEST_STEP][PASSED] - if (strSellerAvg2.contains(",")): null

2024-01-22 18:18:49 - [TEST_STEP][PASSED] - if (strSellerVol2.contains(" B")): null

2024-01-22 18:18:49 - [TEST_STEP][PASSED] - else if (strSellerVol2.contains(" M")): null

2024-01-22 18:18:49 - [TEST_STEP][PASSED] - else if (strSellerVol2.contains(" K")): null

2024-01-22 18:18:49 - [TEST_STEP][PASSED] - strSellerVol2 = strSellerVol2.replace(" K", ""): null

2024-01-22 18:18:49 - [TEST_STEP][PASSED] - strSellerVol2 = strSellerVol2.toDouble() * 1000: null

2024-01-22 18:18:49 - [TEST_STEP][PASSED] - if (verifyElementNotPresent(findTestObject("Stockbit/Bandarmology_Buyer3"), 1, OPTIONAL)): Web element with id: 'Object Repository/Stockbit/Bandarmology_Buyer3' located by 'By.xpath: //*[contains(@id, 'rc-tabs-')]/div[2]/div/div/div/div/div/div[2]/table/tbody/tr[4]/td[1]/p' is present after '1' second(s) (Root cause: com.kms.katalon.core.exception.StepFailedException: Web element with id: 'Object Repository/Stockbit/Bandarmology_Buyer3' located by 'By.xpath: //*[contains(@id, 'rc-tabs-')]/div[2]/div/div/div/div/div/div[2]/table/tbody/tr[4]/td[1]/p' is present after '1' second(s)
	at com.kms.katalon.core.webui.keyword.internal.WebUIKeywordMain.stepFailed(WebUIKeywordMain.groovy:64)
	at com.kms.katalon.core.webui.keyword.internal.WebUIKeywordMain$stepFailed$0.call(Unknown Source)
	at com.kms.katalon.core.webui.keyword.builtin.VerifyElementNotPresentKeyword$_verifyElementNotPresent_closure1.doCall(VerifyElementNotPresentKeyword.groovy:106)
	at com.kms.katalon.core.webui.keyword.builtin.VerifyElementNotPresentKeyword$_verifyElementNotPresent_closure1.doCall(VerifyElementNotPresentKeyword.groovy)
	at com.kms.katalon.core.webui.keyword.internal.WebUIKeywordMain.runKeyword(WebUIKeywordMain.groovy:20)
	at com.kms.katalon.core.webui.keyword.internal.WebUIKeywordMain$runKeyword.call(Unknown Source)
	at com.kms.katalon.core.webui.keyword.builtin.VerifyElementNotPresentKeyword.verifyElementNotPresent(VerifyElementNotPresentKeyword.groovy:117)
	at com.kms.katalon.core.webui.keyword.builtin.VerifyElementNotPresentKeyword.execute(VerifyElementNotPresentKeyword.groovy:68)
	at com.kms.katalon.core.keyword.internal.KeywordExecutor.executeKeywordForPlatform(KeywordExecutor.groovy:74)
	at com.kms.katalon.core.webui.keyword.WebUiBuiltInKeywords.verifyElementNotPresent(WebUiBuiltInKeywords.groovy:1481)
	at com.kms.katalon.core.webui.keyword.WebUiBuiltInKeywords$verifyElementNotPresent$8.call(Unknown Source)
	at GetBrokSumPriceDaily.run(GetBrokSumPriceDaily:361)
	at com.kms.katalon.core.main.ScriptEngine.run(ScriptEngine.java:194)
	at com.kms.katalon.core.main.ScriptEngine.runScriptAsRawText(ScriptEngine.java:119)
	at com.kms.katalon.core.main.TestCaseExecutor.runScript(TestCaseExecutor.java:445)
	at com.kms.katalon.core.main.TestCaseExecutor.doExecute(TestCaseExecutor.java:436)
	at com.kms.katalon.core.main.TestCaseExecutor.processExecutionPhase(TestCaseExecutor.java:415)
	at com.kms.katalon.core.main.TestCaseExecutor.accessMainPhase(TestCaseExecutor.java:407)
	at com.kms.katalon.core.main.TestCaseExecutor.execute(TestCaseExecutor.java:284)
	at com.kms.katalon.core.common.CommonExecutor.accessTestCaseMainPhase(CommonExecutor.java:65)
	at com.kms.katalon.core.main.TestSuiteExecutor.accessTestSuiteMainPhase(TestSuiteExecutor.java:144)
	at com.kms.katalon.core.main.TestSuiteExecutor.execute(TestSuiteExecutor.java:106)
	at com.kms.katalon.core.main.TestCaseMain.startTestSuite(TestCaseMain.java:185)
	at com.kms.katalon.core.main.TestCaseMain$startTestSuite$0.call(Unknown Source)
	at TempTestSuite1705922193915.run(TempTestSuite1705922193915.groovy:36)
)

2024-01-22 18:18:51 - [MESSAGE][WARNING] - Web element with id: 'Object Repository/Stockbit/Bandarmology_Buyer3' located by 'By.xpath: //*[contains(@id, 'rc-tabs-')]/div[2]/div/div/div/div/div/div[2]/table/tbody/tr[4]/td[1]/p' is present after '1' second(s) (Root cause: com.kms.katalon.core.exception.StepFailedException: Web element with id: 'Object Repository/Stockbit/Bandarmology_Buyer3' located by 'By.xpath: //*[contains(@id, 'rc-tabs-')]/div[2]/div/div/div/div/div/div[2]/table/tbody/tr[4]/td[1]/p' is present after '1' second(s)
	at com.kms.katalon.core.webui.keyword.internal.WebUIKeywordMain.stepFailed(WebUIKeywordMain.groovy:64)
	at com.kms.katalon.core.webui.keyword.internal.WebUIKeywordMain$stepFailed$0.call(Unknown Source)
	at com.kms.katalon.core.webui.keyword.builtin.VerifyElementNotPresentKeyword$_verifyElementNotPresent_closure1.doCall(VerifyElementNotPresentKeyword.groovy:106)
	at com.kms.katalon.core.webui.keyword.builtin.VerifyElementNotPresentKeyword$_verifyElementNotPresent_closure1.doCall(VerifyElementNotPresentKeyword.groovy)
	at com.kms.katalon.core.webui.keyword.internal.WebUIKeywordMain.runKeyword(WebUIKeywordMain.groovy:20)
	at com.kms.katalon.core.webui.keyword.internal.WebUIKeywordMain$runKeyword.call(Unknown Source)
	at com.kms.katalon.core.webui.keyword.builtin.VerifyElementNotPresentKeyword.verifyElementNotPresent(VerifyElementNotPresentKeyword.groovy:117)
	at com.kms.katalon.core.webui.keyword.builtin.VerifyElementNotPresentKeyword.execute(VerifyElementNotPresentKeyword.groovy:68)
	at com.kms.katalon.core.keyword.internal.KeywordExecutor.executeKeywordForPlatform(KeywordExecutor.groovy:74)
	at com.kms.katalon.core.webui.keyword.WebUiBuiltInKeywords.verifyElementNotPresent(WebUiBuiltInKeywords.groovy:1481)
	at com.kms.katalon.core.webui.keyword.WebUiBuiltInKeywords$verifyElementNotPresent$8.call(Unknown Source)
	at GetBrokSumPriceDaily.run(GetBrokSumPriceDaily:361)
	at com.kms.katalon.core.main.ScriptEngine.run(ScriptEngine.java:194)
	at com.kms.katalon.core.main.ScriptEngine.runScriptAsRawText(ScriptEngine.java:119)
	at com.kms.katalon.core.main.TestCaseExecutor.runScript(TestCaseExecutor.java:445)
	at com.kms.katalon.core.main.TestCaseExecutor.doExecute(TestCaseExecutor.java:436)
	at com.kms.katalon.core.main.TestCaseExecutor.processExecutionPhase(TestCaseExecutor.java:415)
	at com.kms.katalon.core.main.TestCaseExecutor.accessMainPhase(TestCaseExecutor.java:407)
	at com.kms.katalon.core.main.TestCaseExecutor.execute(TestCaseExecutor.java:284)
	at com.kms.katalon.core.common.CommonExecutor.accessTestCaseMainPhase(CommonExecutor.java:65)
	at com.kms.katalon.core.main.TestSuiteExecutor.accessTestSuiteMainPhase(TestSuiteExecutor.java:144)
	at com.kms.katalon.core.main.TestSuiteExecutor.execute(TestSuiteExecutor.java:106)
	at com.kms.katalon.core.main.TestCaseMain.startTestSuite(TestCaseMain.java:185)
	at com.kms.katalon.core.main.TestCaseMain$startTestSuite$0.call(Unknown Source)
	at TempTestSuite1705922193915.run(TempTestSuite1705922193915.groovy:36)
)
[[ATTACHMENT|C:\\Users\\Fadli\\git\\KatalonDailyGetData2\\Reports\\20240122_174123\\TS1\\20240122_181633\\1705922331007.png]]

2024-01-22 18:18:51 - [TEST_STEP][PASSED] - else: null

2024-01-22 18:18:51 - [TEST_STEP][PASSED] - strBuyer3 = getText(findTestObject("Stockbit/Bandarmology_Buyer3")): Text of object 'Object Repository/Stockbit/Bandarmology_Buyer3' is: 'XC'

2024-01-22 18:18:51 - [MESSAGE][PASSED] - Text of object 'Object Repository/Stockbit/Bandarmology_Buyer3' is: 'XC'

2024-01-22 18:18:51 - [TEST_STEP][PASSED] - strBuyerVol3 = getText(findTestObject("Stockbit/Bandarmology_BuyerVol3")): Text of object 'Object Repository/Stockbit/Bandarmology_BuyerVol3' is: '3.2 K'

2024-01-22 18:18:51 - [MESSAGE][PASSED] - Text of object 'Object Repository/Stockbit/Bandarmology_BuyerVol3' is: '3.2 K'

2024-01-22 18:18:51 - [TEST_STEP][PASSED] - strBuyerAvg3 = getText(findTestObject("Stockbit/Bandarmology_BuyerAvg3")): Text of object 'Object Repository/Stockbit/Bandarmology_BuyerAvg3' is: '117'

2024-01-22 18:18:51 - [MESSAGE][PASSED] - Text of object 'Object Repository/Stockbit/Bandarmology_BuyerAvg3' is: '117'

2024-01-22 18:18:51 - [TEST_STEP][PASSED] - if (strBuyer3 != ""): null

2024-01-22 18:18:51 - [TEST_STEP][PASSED] - if (strBuyerAvg3.contains(",")): null

2024-01-22 18:18:51 - [TEST_STEP][PASSED] - if (strBuyerVol3.contains(" B")): null

2024-01-22 18:18:51 - [TEST_STEP][PASSED] - else if (strBuyerVol3.contains(" M")): null

2024-01-22 18:18:51 - [TEST_STEP][PASSED] - else if (strBuyerVol3.contains(" K")): null

2024-01-22 18:18:51 - [TEST_STEP][PASSED] - strBuyerVol3 = strBuyerVol3.replace(" K", ""): null

2024-01-22 18:18:51 - [TEST_STEP][PASSED] - strBuyerVol3 = strBuyerVol3.toDouble() * 1000: null

2024-01-22 18:18:51 - [TEST_STEP][PASSED] - if (verifyElementNotPresent(findTestObject("Stockbit/Bandarmology_Seller3"), 1, OPTIONAL)): Web element with id: 'Object Repository/Stockbit/Bandarmology_Seller3' located by 'By.xpath: //*[contains(@id, 'rc-tabs-')]/div[2]/div/div/div/div/div/div[2]/table/tbody/tr[4]/td[5]/p' is present after '1' second(s) (Root cause: com.kms.katalon.core.exception.StepFailedException: Web element with id: 'Object Repository/Stockbit/Bandarmology_Seller3' located by 'By.xpath: //*[contains(@id, 'rc-tabs-')]/div[2]/div/div/div/div/div/div[2]/table/tbody/tr[4]/td[5]/p' is present after '1' second(s)
	at com.kms.katalon.core.webui.keyword.internal.WebUIKeywordMain.stepFailed(WebUIKeywordMain.groovy:64)
	at com.kms.katalon.core.webui.keyword.internal.WebUIKeywordMain$stepFailed$0.call(Unknown Source)
	at com.kms.katalon.core.webui.keyword.builtin.VerifyElementNotPresentKeyword$_verifyElementNotPresent_closure1.doCall(VerifyElementNotPresentKeyword.groovy:106)
	at com.kms.katalon.core.webui.keyword.builtin.VerifyElementNotPresentKeyword$_verifyElementNotPresent_closure1.doCall(VerifyElementNotPresentKeyword.groovy)
	at com.kms.katalon.core.webui.keyword.internal.WebUIKeywordMain.runKeyword(WebUIKeywordMain.groovy:20)
	at com.kms.katalon.core.webui.keyword.internal.WebUIKeywordMain$runKeyword.call(Unknown Source)
	at com.kms.katalon.core.webui.keyword.builtin.VerifyElementNotPresentKeyword.verifyElementNotPresent(VerifyElementNotPresentKeyword.groovy:117)
	at com.kms.katalon.core.webui.keyword.builtin.VerifyElementNotPresentKeyword.execute(VerifyElementNotPresentKeyword.groovy:68)
	at com.kms.katalon.core.keyword.internal.KeywordExecutor.executeKeywordForPlatform(KeywordExecutor.groovy:74)
	at com.kms.katalon.core.webui.keyword.WebUiBuiltInKeywords.verifyElementNotPresent(WebUiBuiltInKeywords.groovy:1481)
	at com.kms.katalon.core.webui.keyword.WebUiBuiltInKeywords$verifyElementNotPresent$8.call(Unknown Source)
	at GetBrokSumPriceDaily.run(GetBrokSumPriceDaily:414)
	at com.kms.katalon.core.main.ScriptEngine.run(ScriptEngine.java:194)
	at com.kms.katalon.core.main.ScriptEngine.runScriptAsRawText(ScriptEngine.java:119)
	at com.kms.katalon.core.main.TestCaseExecutor.runScript(TestCaseExecutor.java:445)
	at com.kms.katalon.core.main.TestCaseExecutor.doExecute(TestCaseExecutor.java:436)
	at com.kms.katalon.core.main.TestCaseExecutor.processExecutionPhase(TestCaseExecutor.java:415)
	at com.kms.katalon.core.main.TestCaseExecutor.accessMainPhase(TestCaseExecutor.java:407)
	at com.kms.katalon.core.main.TestCaseExecutor.execute(TestCaseExecutor.java:284)
	at com.kms.katalon.core.common.CommonExecutor.accessTestCaseMainPhase(CommonExecutor.java:65)
	at com.kms.katalon.core.main.TestSuiteExecutor.accessTestSuiteMainPhase(TestSuiteExecutor.java:144)
	at com.kms.katalon.core.main.TestSuiteExecutor.execute(TestSuiteExecutor.java:106)
	at com.kms.katalon.core.main.TestCaseMain.startTestSuite(TestCaseMain.java:185)
	at com.kms.katalon.core.main.TestCaseMain$startTestSuite$0.call(Unknown Source)
	at TempTestSuite1705922193915.run(TempTestSuite1705922193915.groovy:36)
)

2024-01-22 18:18:52 - [MESSAGE][WARNING] - Web element with id: 'Object Repository/Stockbit/Bandarmology_Seller3' located by 'By.xpath: //*[contains(@id, 'rc-tabs-')]/div[2]/div/div/div/div/div/div[2]/table/tbody/tr[4]/td[5]/p' is present after '1' second(s) (Root cause: com.kms.katalon.core.exception.StepFailedException: Web element with id: 'Object Repository/Stockbit/Bandarmology_Seller3' located by 'By.xpath: //*[contains(@id, 'rc-tabs-')]/div[2]/div/div/div/div/div/div[2]/table/tbody/tr[4]/td[5]/p' is present after '1' second(s)
	at com.kms.katalon.core.webui.keyword.internal.WebUIKeywordMain.stepFailed(WebUIKeywordMain.groovy:64)
	at com.kms.katalon.core.webui.keyword.internal.WebUIKeywordMain$stepFailed$0.call(Unknown Source)
	at com.kms.katalon.core.webui.keyword.builtin.VerifyElementNotPresentKeyword$_verifyElementNotPresent_closure1.doCall(VerifyElementNotPresentKeyword.groovy:106)
	at com.kms.katalon.core.webui.keyword.builtin.VerifyElementNotPresentKeyword$_verifyElementNotPresent_closure1.doCall(VerifyElementNotPresentKeyword.groovy)
	at com.kms.katalon.core.webui.keyword.internal.WebUIKeywordMain.runKeyword(WebUIKeywordMain.groovy:20)
	at com.kms.katalon.core.webui.keyword.internal.WebUIKeywordMain$runKeyword.call(Unknown Source)
	at com.kms.katalon.core.webui.keyword.builtin.VerifyElementNotPresentKeyword.verifyElementNotPresent(VerifyElementNotPresentKeyword.groovy:117)
	at com.kms.katalon.core.webui.keyword.builtin.VerifyElementNotPresentKeyword.execute(VerifyElementNotPresentKeyword.groovy:68)
	at com.kms.katalon.core.keyword.internal.KeywordExecutor.executeKeywordForPlatform(KeywordExecutor.groovy:74)
	at com.kms.katalon.core.webui.keyword.WebUiBuiltInKeywords.verifyElementNotPresent(WebUiBuiltInKeywords.groovy:1481)
	at com.kms.katalon.core.webui.keyword.WebUiBuiltInKeywords$verifyElementNotPresent$8.call(Unknown Source)
	at GetBrokSumPriceDaily.run(GetBrokSumPriceDaily:414)
	at com.kms.katalon.core.main.ScriptEngine.run(ScriptEngine.java:194)
	at com.kms.katalon.core.main.ScriptEngine.runScriptAsRawText(ScriptEngine.java:119)
	at com.kms.katalon.core.main.TestCaseExecutor.runScript(TestCaseExecutor.java:445)
	at com.kms.katalon.core.main.TestCaseExecutor.doExecute(TestCaseExecutor.java:436)
	at com.kms.katalon.core.main.TestCaseExecutor.processExecutionPhase(TestCaseExecutor.java:415)
	at com.kms.katalon.core.main.TestCaseExecutor.accessMainPhase(TestCaseExecutor.java:407)
	at com.kms.katalon.core.main.TestCaseExecutor.execute(TestCaseExecutor.java:284)
	at com.kms.katalon.core.common.CommonExecutor.accessTestCaseMainPhase(CommonExecutor.java:65)
	at com.kms.katalon.core.main.TestSuiteExecutor.accessTestSuiteMainPhase(TestSuiteExecutor.java:144)
	at com.kms.katalon.core.main.TestSuiteExecutor.execute(TestSuiteExecutor.java:106)
	at com.kms.katalon.core.main.TestCaseMain.startTestSuite(TestCaseMain.java:185)
	at com.kms.katalon.core.main.TestCaseMain$startTestSuite$0.call(Unknown Source)
	at TempTestSuite1705922193915.run(TempTestSuite1705922193915.groovy:36)
)
[[ATTACHMENT|C:\\Users\\Fadli\\git\\KatalonDailyGetData2\\Reports\\20240122_174123\\TS1\\20240122_181633\\1705922332805.png]]

2024-01-22 18:18:52 - [TEST_STEP][PASSED] - else: null

2024-01-22 18:18:52 - [TEST_STEP][PASSED] - strSeller3 = getText(findTestObject("Stockbit/Bandarmology_Seller3")): Text of object 'Object Repository/Stockbit/Bandarmology_Seller3' is: 'SQ'

2024-01-22 18:18:53 - [MESSAGE][PASSED] - Text of object 'Object Repository/Stockbit/Bandarmology_Seller3' is: 'SQ'

2024-01-22 18:18:53 - [TEST_STEP][PASSED] - strSellerVol3 = getText(findTestObject("Stockbit/Bandarmology_SellerVol3")): Text of object 'Object Repository/Stockbit/Bandarmology_SellerVol3' is: '1.6 K'

2024-01-22 18:18:53 - [MESSAGE][PASSED] - Text of object 'Object Repository/Stockbit/Bandarmology_SellerVol3' is: '1.6 K'

2024-01-22 18:18:53 - [TEST_STEP][PASSED] - strSellerAvg3 = getText(findTestObject("Stockbit/Bandarmology_SellerAvg3")): Text of object 'Object Repository/Stockbit/Bandarmology_SellerAvg3' is: '120'

2024-01-22 18:18:53 - [MESSAGE][PASSED] - Text of object 'Object Repository/Stockbit/Bandarmology_SellerAvg3' is: '120'

2024-01-22 18:18:53 - [TEST_STEP][PASSED] - if (strSeller3 != ""): null

2024-01-22 18:18:53 - [TEST_STEP][PASSED] - if (strSellerAvg3.contains(",")): null

2024-01-22 18:18:53 - [TEST_STEP][PASSED] - if (strSellerVol3.contains(" B")): null

2024-01-22 18:18:53 - [TEST_STEP][PASSED] - else if (strSellerVol3.contains(" M")): null

2024-01-22 18:18:53 - [TEST_STEP][PASSED] - else if (strSellerVol3.contains(" K")): null

2024-01-22 18:18:53 - [TEST_STEP][PASSED] - strSellerVol3 = strSellerVol3.replace(" K", ""): null

2024-01-22 18:18:53 - [TEST_STEP][PASSED] - strSellerVol3 = strSellerVol3.toDouble() * 1000: null

2024-01-22 18:18:53 - [TEST_STEP][PASSED] - strAccDist = getText(findTestObject("Stockbit/Bandarmology_AccDist")): Text of object 'Object Repository/Stockbit/Bandarmology_AccDist' is: 'Dist'

2024-01-22 18:18:53 - [MESSAGE][PASSED] - Text of object 'Object Repository/Stockbit/Bandarmology_AccDist' is: 'Dist'

2024-01-22 18:18:53 - [TEST_STEP][PASSED] - strNetVol = getText(findTestObject("Stockbit/Bandarmology_NetVol")): Text of object 'Object Repository/Stockbit/Bandarmology_NetVol' is: '22,983'

2024-01-22 18:18:53 - [MESSAGE][PASSED] - Text of object 'Object Repository/Stockbit/Bandarmology_NetVol' is: '22,983'

2024-01-22 18:18:53 - [TEST_STEP][PASSED] - strNetVol = strNetVol.replace(",", ""): null

2024-01-22 18:18:53 - [TEST_STEP][PASSED] - strNetVal = getText(findTestObject("Stockbit/Bandarmology_NetVal")): Text of object 'Object Repository/Stockbit/Bandarmology_NetVal' is: '0.3 B'

2024-01-22 18:18:53 - [MESSAGE][PASSED] - Text of object 'Object Repository/Stockbit/Bandarmology_NetVal' is: '0.3 B'

2024-01-22 18:18:53 - [TEST_STEP][PASSED] - delay(3): Delayed 3 second(s)

2024-01-22 18:18:56 - [MESSAGE][PASSED] - Delayed 3 second(s)

2024-01-22 18:18:56 - [TEST_STEP][PASSED] - strOpenPrice = getText(findTestObject("Stockbit/Home_OpenPrice")): Text of object 'Object Repository/Stockbit/Home_OpenPrice' is: '116'

2024-01-22 18:18:56 - [MESSAGE][PASSED] - Text of object 'Object Repository/Stockbit/Home_OpenPrice' is: '116'

2024-01-22 18:18:56 - [TEST_STEP][PASSED] - strOpenPrice = strOpenPrice.replace(",", ""): null

2024-01-22 18:18:56 - [TEST_STEP][PASSED] - strLowPrice = getText(findTestObject("Stockbit/Home_LowPrice")): Text of object 'Object Repository/Stockbit/Home_LowPrice' is: '115'

2024-01-22 18:18:57 - [MESSAGE][PASSED] - Text of object 'Object Repository/Stockbit/Home_LowPrice' is: '115'

2024-01-22 18:18:57 - [TEST_STEP][PASSED] - strLowPrice = strLowPrice.replace(",", ""): null

2024-01-22 18:18:57 - [TEST_STEP][PASSED] - strHighPrice = getText(findTestObject("Stockbit/Home_HighPrice")): Text of object 'Object Repository/Stockbit/Home_HighPrice' is: '124'

2024-01-22 18:18:57 - [MESSAGE][PASSED] - Text of object 'Object Repository/Stockbit/Home_HighPrice' is: '124'

2024-01-22 18:18:57 - [TEST_STEP][PASSED] - strHighPrice = strHighPrice.replace(",", ""): null

2024-01-22 18:18:57 - [TEST_STEP][PASSED] - strClosePrice = getText(findTestObject("Stockbit/Home_ClosePrice")): Text of object 'Object Repository/Stockbit/Home_ClosePrice' is: '116'

2024-01-22 18:18:57 - [MESSAGE][PASSED] - Text of object 'Object Repository/Stockbit/Home_ClosePrice' is: '116'

2024-01-22 18:18:57 - [TEST_STEP][PASSED] - strClosePrice = strClosePrice.replace(",", ""): null

2024-01-22 18:18:57 - [TEST_STEP][PASSED] - strVol = getText(findTestObject("Stockbit/Home_Volume")): Text of object 'Object Repository/Stockbit/Home_Volume' is: '117 K'

2024-01-22 18:18:57 - [MESSAGE][PASSED] - Text of object 'Object Repository/Stockbit/Home_Volume' is: '117 K'

2024-01-22 18:18:57 - [TEST_STEP][PASSED] - if (strVol.contains(" K")): null

2024-01-22 18:18:57 - [TEST_STEP][PASSED] - strVol = strVol.replace(" K", "000"): null

2024-01-22 18:18:57 - [TEST_STEP][PASSED] - if (strVol.contains(",")): null

2024-01-22 18:18:57 - [TEST_STEP][PASSED] - strChange = getText(findTestObject("Stockbit/Home_Change")): Text of object 'Object Repository/Stockbit/Home_Change' is: '0.00%'

2024-01-22 18:18:57 - [MESSAGE][PASSED] - Text of object 'Object Repository/Stockbit/Home_Change' is: '0.00%'

2024-01-22 18:18:57 - [TEST_STEP][PASSED] - strChange = strChange.replace("%", ""): null

2024-01-22 18:18:57 - [TEST_STEP][PASSED] - strFreq = getText(findTestObject("Stockbit/Home_Freq")): Text of object 'Object Repository/Stockbit/Home_Freq' is: '1,567'

2024-01-22 18:18:57 - [MESSAGE][PASSED] - Text of object 'Object Repository/Stockbit/Home_Freq' is: '1,567'

2024-01-22 18:18:57 - [TEST_STEP][PASSED] - if (strFreq.contains(",")): null

2024-01-22 18:18:57 - [TEST_STEP][PASSED] - strFreq = strFreq.replace(",", ""): null

2024-01-22 18:18:57 - [TEST_STEP][PASSED] - if (strFreq == "NA" || strFreq == ""): null

2024-01-22 18:18:57 - [TEST_STEP][PASSED] - else: null

2024-01-22 18:18:57 - [TEST_STEP][PASSED] - dblFreqAnal = strVol.toDouble() / strFreq.toDouble() * strFreq.toDouble() * strFreq.toDouble() * 100000000: null

2024-01-22 18:18:57 - [TEST_STEP][PASSED] - strFreqAnal = String.format("%.4f", dblFreqAnal): null

2024-01-22 18:18:57 - [TEST_STEP][PASSED] - out.println("Double strFreqAnal: " + strFreqAnal): null

2024-01-22 18:18:57 - [TEST_STEP][PASSED] - strTanggal = d.format(DateTimeFormatter.ofPattern("yyyy-MM-dd")): null

2024-01-22 18:18:57 - [TEST_STEP][PASSED] - strTanggal = "#" + strTanggal + "#": null

2024-01-22 18:18:57 - [TEST_STEP][PASSED] - strSQL = "select count(*) as JumBaris from TblBrokSum where Nama = '" + strNama + "' and Tanggal = " + strTanggal + "": null

2024-01-22 18:18:57 - [TEST_STEP][PASSED] - resultSet = statement.executeQuery(strSQL): null

2024-01-22 18:18:57 - [TEST_STEP][PASSED] - resultSet.next(): null

2024-01-22 18:18:57 - [TEST_STEP][PASSED] - intJumBaris = resultSet.getInt("JumBaris"): null

2024-01-22 18:18:57 - [TEST_STEP][PASSED] - if (intJumBaris > 0): null

2024-01-22 18:18:57 - [TEST_STEP][PASSED] - else: null

2024-01-22 18:18:57 - [TEST_STEP][PASSED] - try: null

2024-01-22 18:18:57 - [TEST_STEP][PASSED] - out.println("Insert data"): null

2024-01-22 18:18:57 - [TEST_STEP][PASSED] - strSQL = "insert into TblBrokSum (nama, tanggal, top1, top2, top3, AllBrokAvg, AccDist, AvgRP, " + "Buyer1, BuyerVal1, BuyerAvg1, Seller1, SellerVal1, SellerAvg1, Buyer2, BuyerVal2, BuyerAvg2, " + "Seller2, SellerVal2, SellerAvg2, Buyer3, BuyerVal3, BuyerAvg3, Seller3, SellerVal3, SellerAvg3, NetVol, NetVal, " + "OpenPrice, LowPrice, HighPrice, ClosePrice, Volume, Change, Frekuensi, FrekAnal) " + "values ('" + strNama + "', " + strTanggal + ", '" + strTop1 + "', '" + strTop3 + "', '" + strTop5 + "', " + "'" + strAllBrokAvg + "', '" + strAccDist + "', " + intAvgRP + ", '" + strBuyer1 + "', '" + strBuyerVol1 + "', " + strBuyerAvg1 + ", " + "'" + strSeller1 + "', '" + strSellerVol1 + "', " + strSellerAvg1 + ", '" + strBuyer2 + "', '" + strBuyerVol2 + "', " + strBuyerAvg2 + ", " + "'" + strSeller2 + "', '" + strSellerVol2 + "', " + strSellerAvg2 + ", '" + strBuyer3 + "', '" + strBuyerVol3 + "', " + strBuyerAvg3 + ", " + "'" + strSeller3 + "', '" + strSellerVol3 + "', " + strSellerAvg3 + ", " + strNetVol + ", '" + strNetVal + "', " + "" + strOpenPrice + ", " + strLowPrice + ", " + strHighPrice + ", " + strClosePrice + ", '" + strVol + "', " + strChange + ", " + strFreq + ", " + strFreqAnal + ");": null

2024-01-22 18:18:57 - [TEST_STEP][PASSED] - out.println("strSQL = " + strSQL): null

2024-01-22 18:18:57 - [TEST_STEP][PASSED] - statement.executeUpdate(strSQL): null

2024-01-22 18:18:57 - [TEST_STEP][PASSED] - setValueToCellByIndex(sheet01, rowIndex, 4, "DONE"): null

2024-01-22 18:18:57 - [TEST_STEP][PASSED] - saveWorkbook(excelFilePath, workbook01): null

2024-01-22 18:18:57 - [TEST_STEP][PASSED] - waitForElementClickable(findTestObject("Stockbit/menu_Bandarmology"), 10): Object 'Object Repository/Stockbit/menu_Bandarmology' is clickable

2024-01-22 18:18:58 - [MESSAGE][PASSED] - Object 'Object Repository/Stockbit/menu_Bandarmology' is clickable

2024-01-22 18:18:58 - [TEST_STEP][PASSED] - click(findTestObject("Stockbit/menu_Bandarmology")): Object: 'Object Repository/Stockbit/menu_Bandarmology' is clicked on

2024-01-22 18:18:58 - [MESSAGE][PASSED] - Object: 'Object Repository/Stockbit/menu_Bandarmology' is clicked on

2024-01-22 18:18:58 - [TEST_STEP][PASSED] - strTemp = "NA": null

2024-01-22 18:18:58 - [TEST_STEP][PASSED] - if (getCellValueByIndex(sheet01, rowIndex, 4) != "DONE"): Object: 'Object Repository/Stockbit/menu_Bandarmology' is clicked on

2024-01-22 18:18:58 - [TEST_STEP][PASSED] - strNama = getCellValueByIndex(sheet01, rowIndex, 0): null

2024-01-22 18:18:58 - [TEST_STEP][PASSED] - navigateToUrl("https://stockbit.com/#/symbol/" + strNama): Navigate to 'https://stockbit.com/#/symbol/MLIA' successfully

2024-01-22 18:19:07 - [MESSAGE][PASSED] - Navigate to 'https://stockbit.com/#/symbol/MLIA' successfully

2024-01-22 18:19:07 - [TEST_STEP][PASSED] - waitForElementClickable(findTestObject("Stockbit/menu_Bandarmology"), 10): Object 'Object Repository/Stockbit/menu_Bandarmology' is clickable

2024-01-22 18:19:07 - [MESSAGE][PASSED] - Object 'Object Repository/Stockbit/menu_Bandarmology' is clickable

2024-01-22 18:19:07 - [TEST_STEP][PASSED] - click(findTestObject("Stockbit/menu_Bandarmology")): Object: 'Object Repository/Stockbit/menu_Bandarmology' is clicked on

2024-01-22 18:19:07 - [MESSAGE][PASSED] - Object: 'Object Repository/Stockbit/menu_Bandarmology' is clicked on

2024-01-22 18:19:07 - [TEST_STEP][PASSED] - strTanggal = d.format(DateTimeFormatter.ofPattern("MMM dd, yyyy")): null

2024-01-22 18:19:07 - [TEST_STEP][PASSED] - strTanggal = d.format(ISO_DATE): null

2024-01-22 18:19:07 - [TEST_STEP][PASSED] - out.println("strTanggal = " + strTanggal): null

2024-01-22 18:19:07 - [TEST_STEP][PASSED] - out.println("strNama = " + strNama): null

2024-01-22 18:19:08 - [TEST_STEP][PASSED] - out.println("Baris ke = " + rowIndex): null

2024-01-22 18:19:08 - [TEST_STEP][PASSED] - click(findTestObject("Stockbit/input__BandarmologyOpenStartDate")): Object: 'Object Repository/Stockbit/input__BandarmologyOpenStartDate' is clicked on

2024-01-22 18:19:08 - [MESSAGE][PASSED] - Object: 'Object Repository/Stockbit/input__BandarmologyOpenStartDate' is clicked on

2024-01-22 18:19:08 - [TEST_STEP][PASSED] - sendKeys(findTestObject("Stockbit/input__BandarmologyOpenStartDate"), Keys.chord(CONTROL, "a")): Keys 'CONTROL + a' sent to object: 'Object Repository/Stockbit/input__BandarmologyOpenStartDate'

2024-01-22 18:19:09 - [MESSAGE][PASSED] - Keys 'CONTROL + a' sent to object: 'Object Repository/Stockbit/input__BandarmologyOpenStartDate'

2024-01-22 18:19:09 - [TEST_STEP][PASSED] - sendKeys(findTestObject("Stockbit/input__BandarmologyOpenStartDate"), Keys.chord(BACK_SPACE)): Keys 'BACK_SPACE + ' sent to object: 'Object Repository/Stockbit/input__BandarmologyOpenStartDate'

2024-01-22 18:19:09 - [MESSAGE][PASSED] - Keys 'BACK_SPACE + ' sent to object: 'Object Repository/Stockbit/input__BandarmologyOpenStartDate'

2024-01-22 18:19:09 - [TEST_STEP][PASSED] - setText(findTestObject("Stockbit/input__BandarmologyOpenStartDate"), strTanggal): Text '2024-01-22' is set on object 'Object Repository/Stockbit/input__BandarmologyOpenStartDate'

2024-01-22 18:19:10 - [MESSAGE][PASSED] - Text '2024-01-22' is set on object 'Object Repository/Stockbit/input__BandarmologyOpenStartDate'

2024-01-22 18:19:10 - [TEST_STEP][PASSED] - sendKeys(findTestObject("Stockbit/input__BandarmologyOpenStartDate"), Keys.chord(ENTER)): Keys 'ENTER + ' sent to object: 'Object Repository/Stockbit/input__BandarmologyOpenStartDate'

2024-01-22 18:19:10 - [MESSAGE][PASSED] - Keys 'ENTER + ' sent to object: 'Object Repository/Stockbit/input__BandarmologyOpenStartDate'

2024-01-22 18:19:10 - [TEST_STEP][PASSED] - click(findTestObject("Stockbit/input__BandarmologyOpenEndDate")): Object: 'Object Repository/Stockbit/input__BandarmologyOpenEndDate' is clicked on

2024-01-22 18:19:11 - [MESSAGE][PASSED] - Object: 'Object Repository/Stockbit/input__BandarmologyOpenEndDate' is clicked on

2024-01-22 18:19:11 - [TEST_STEP][PASSED] - sendKeys(findTestObject("Stockbit/input__BandarmologyOpenEndDate"), Keys.chord(CONTROL, "a")): Keys 'CONTROL + a' sent to object: 'Object Repository/Stockbit/input__BandarmologyOpenEndDate'

2024-01-22 18:19:11 - [MESSAGE][PASSED] - Keys 'CONTROL + a' sent to object: 'Object Repository/Stockbit/input__BandarmologyOpenEndDate'

2024-01-22 18:19:11 - [TEST_STEP][PASSED] - sendKeys(findTestObject("Stockbit/input__BandarmologyOpenEndDate"), Keys.chord(BACK_SPACE)): Keys 'BACK_SPACE + ' sent to object: 'Object Repository/Stockbit/input__BandarmologyOpenEndDate'

2024-01-22 18:19:11 - [MESSAGE][PASSED] - Keys 'BACK_SPACE + ' sent to object: 'Object Repository/Stockbit/input__BandarmologyOpenEndDate'

2024-01-22 18:19:11 - [TEST_STEP][PASSED] - setText(findTestObject("Stockbit/input__BandarmologyOpenEndDate"), strTanggal): Text '2024-01-22' is set on object 'Object Repository/Stockbit/input__BandarmologyOpenEndDate'

2024-01-22 18:19:12 - [MESSAGE][PASSED] - Text '2024-01-22' is set on object 'Object Repository/Stockbit/input__BandarmologyOpenEndDate'

2024-01-22 18:19:12 - [TEST_STEP][PASSED] - sendKeys(findTestObject("Stockbit/input__BandarmologyOpenEndDate"), Keys.chord(ENTER)): Keys 'ENTER + ' sent to object: 'Object Repository/Stockbit/input__BandarmologyOpenEndDate'

2024-01-22 18:19:12 - [MESSAGE][PASSED] - Keys 'ENTER + ' sent to object: 'Object Repository/Stockbit/input__BandarmologyOpenEndDate'

2024-01-22 18:19:12 - [TEST_STEP][PASSED] - delay(2): Delayed 2 second(s)

2024-01-22 18:19:14 - [MESSAGE][PASSED] - Delayed 2 second(s)

2024-01-22 18:19:14 - [TEST_STEP][PASSED] - strTemp = getText(findTestObject("Stockbit/Bandarmology_AvgRP")): Text of object 'Object Repository/Stockbit/Bandarmology_AvgRP' is: '430'

2024-01-22 18:19:15 - [MESSAGE][PASSED] - Text of object 'Object Repository/Stockbit/Bandarmology_AvgRP' is: '430'

2024-01-22 18:19:15 - [TEST_STEP][PASSED] - out.println("Bandarmology_AvgRP = " + strTemp): null

2024-01-22 18:19:15 - [TEST_STEP][PASSED] - if (strTemp != "0"): null

2024-01-22 18:19:15 - [TEST_STEP][PASSED] - strTop1 = getText(findTestObject("Stockbit/Bandarmology_Top1")): Text of object 'Object Repository/Stockbit/Bandarmology_Top1' is: 'Small Dist'

2024-01-22 18:19:15 - [MESSAGE][PASSED] - Text of object 'Object Repository/Stockbit/Bandarmology_Top1' is: 'Small Dist'

2024-01-22 18:19:15 - [TEST_STEP][PASSED] - strTop3 = getText(findTestObject("Stockbit/Bandarmology_Top3")): Text of object 'Object Repository/Stockbit/Bandarmology_Top3' is: 'Neutral'

2024-01-22 18:19:15 - [MESSAGE][PASSED] - Text of object 'Object Repository/Stockbit/Bandarmology_Top3' is: 'Neutral'

2024-01-22 18:19:15 - [TEST_STEP][PASSED] - strTop5 = getText(findTestObject("Stockbit/Bandarmology_Top5")): Text of object 'Object Repository/Stockbit/Bandarmology_Top5' is: 'Neutral'

2024-01-22 18:19:15 - [MESSAGE][PASSED] - Text of object 'Object Repository/Stockbit/Bandarmology_Top5' is: 'Neutral'

2024-01-22 18:19:15 - [TEST_STEP][PASSED] - strAllBrokAvg = getText(findTestObject("Stockbit/Bandarmology_TopAVG")): Text of object 'Object Repository/Stockbit/Bandarmology_TopAVG' is: 'Neutral'

2024-01-22 18:19:15 - [MESSAGE][PASSED] - Text of object 'Object Repository/Stockbit/Bandarmology_TopAVG' is: 'Neutral'

2024-01-22 18:19:15 - [TEST_STEP][PASSED] - strTemp = getText(findTestObject("Stockbit/Bandarmology_AvgRP")): Text of object 'Object Repository/Stockbit/Bandarmology_AvgRP' is: '430'

2024-01-22 18:19:15 - [MESSAGE][PASSED] - Text of object 'Object Repository/Stockbit/Bandarmology_AvgRP' is: '430'

2024-01-22 18:19:15 - [TEST_STEP][PASSED] - if (strTemp.contains(",")): null

2024-01-22 18:19:15 - [TEST_STEP][PASSED] - intAvgRP = strTemp.toInteger(): null

2024-01-22 18:19:15 - [TEST_STEP][PASSED] - strBuyer1 = getText(findTestObject("Stockbit/Bandarmology_Buyer1")): Text of object 'Object Repository/Stockbit/Bandarmology_Buyer1' is: 'AZ'

2024-01-22 18:19:15 - [MESSAGE][PASSED] - Text of object 'Object Repository/Stockbit/Bandarmology_Buyer1' is: 'AZ'

2024-01-22 18:19:15 - [TEST_STEP][PASSED] - strBuyerVol1 = getText(findTestObject("Stockbit/Bandarmology_BuyerVol1")): Text of object 'Object Repository/Stockbit/Bandarmology_BuyerVol1' is: '4.1 K'

2024-01-22 18:19:15 - [MESSAGE][PASSED] - Text of object 'Object Repository/Stockbit/Bandarmology_BuyerVol1' is: '4.1 K'

2024-01-22 18:19:15 - [TEST_STEP][PASSED] - strBuyerAvg1 = getText(findTestObject("Stockbit/Bandarmology_BuyerAvg1")): Text of object 'Object Repository/Stockbit/Bandarmology_BuyerAvg1' is: '430'

2024-01-22 18:19:16 - [MESSAGE][PASSED] - Text of object 'Object Repository/Stockbit/Bandarmology_BuyerAvg1' is: '430'

2024-01-22 18:19:16 - [TEST_STEP][PASSED] - if (strBuyerAvg1.contains(",")): null

2024-01-22 18:19:16 - [TEST_STEP][PASSED] - if (strBuyerVol1.contains(" B")): null

2024-01-22 18:19:16 - [TEST_STEP][PASSED] - else if (strBuyerVol1.contains(" M")): null

2024-01-22 18:19:16 - [TEST_STEP][PASSED] - else if (strBuyerVol1.contains(" K")): null

2024-01-22 18:19:16 - [TEST_STEP][PASSED] - strBuyerVol1 = strBuyerVol1.replace(" K", ""): null

2024-01-22 18:19:16 - [TEST_STEP][PASSED] - strBuyerVol1 = strBuyerVol1.toDouble() * 1000: null

2024-01-22 18:19:16 - [TEST_STEP][PASSED] - strSeller1 = getText(findTestObject("Stockbit/Bandarmology_Seller1")): Text of object 'Object Repository/Stockbit/Bandarmology_Seller1' is: 'RO'

2024-01-22 18:19:16 - [MESSAGE][PASSED] - Text of object 'Object Repository/Stockbit/Bandarmology_Seller1' is: 'RO'

2024-01-22 18:19:16 - [TEST_STEP][PASSED] - strSellerVol1 = getText(findTestObject("Stockbit/Bandarmology_SellerVol1")): Text of object 'Object Repository/Stockbit/Bandarmology_SellerVol1' is: '5.6 K'

2024-01-22 18:19:16 - [MESSAGE][PASSED] - Text of object 'Object Repository/Stockbit/Bandarmology_SellerVol1' is: '5.6 K'

2024-01-22 18:19:16 - [TEST_STEP][PASSED] - strSellerAvg1 = getText(findTestObject("Stockbit/Bandarmology_SellerAvg1")): Text of object 'Object Repository/Stockbit/Bandarmology_SellerAvg1' is: '430'

2024-01-22 18:19:16 - [MESSAGE][PASSED] - Text of object 'Object Repository/Stockbit/Bandarmology_SellerAvg1' is: '430'

2024-01-22 18:19:16 - [TEST_STEP][PASSED] - if (strSellerAvg1.contains(",")): null

2024-01-22 18:19:16 - [TEST_STEP][PASSED] - if (strSellerVol1.contains(" B")): null

2024-01-22 18:19:16 - [TEST_STEP][PASSED] - else if (strSellerVol1.contains(" M")): null

2024-01-22 18:19:16 - [TEST_STEP][PASSED] - else if (strSellerVol1.contains(" K")): null

2024-01-22 18:19:16 - [TEST_STEP][PASSED] - strSellerVol1 = strSellerVol1.replace(" K", ""): null

2024-01-22 18:19:16 - [TEST_STEP][PASSED] - strSellerVol1 = strSellerVol1.toDouble() * 1000: null

2024-01-22 18:19:16 - [TEST_STEP][PASSED] - if (verifyElementNotPresent(findTestObject("Stockbit/Bandarmology_Buyer2"), 1, OPTIONAL)): Web element with id: 'Object Repository/Stockbit/Bandarmology_Buyer2' located by 'By.xpath: //*[contains(@id, 'rc-tabs-')]/div[2]/div/div/div/div/div/div[2]/table/tbody/tr[3]/td[1]/p' is present after '1' second(s) (Root cause: com.kms.katalon.core.exception.StepFailedException: Web element with id: 'Object Repository/Stockbit/Bandarmology_Buyer2' located by 'By.xpath: //*[contains(@id, 'rc-tabs-')]/div[2]/div/div/div/div/div/div[2]/table/tbody/tr[3]/td[1]/p' is present after '1' second(s)
	at com.kms.katalon.core.webui.keyword.internal.WebUIKeywordMain.stepFailed(WebUIKeywordMain.groovy:64)
	at com.kms.katalon.core.webui.keyword.internal.WebUIKeywordMain$stepFailed$0.call(Unknown Source)
	at com.kms.katalon.core.webui.keyword.builtin.VerifyElementNotPresentKeyword$_verifyElementNotPresent_closure1.doCall(VerifyElementNotPresentKeyword.groovy:106)
	at com.kms.katalon.core.webui.keyword.builtin.VerifyElementNotPresentKeyword$_verifyElementNotPresent_closure1.doCall(VerifyElementNotPresentKeyword.groovy)
	at com.kms.katalon.core.webui.keyword.internal.WebUIKeywordMain.runKeyword(WebUIKeywordMain.groovy:20)
	at com.kms.katalon.core.webui.keyword.internal.WebUIKeywordMain$runKeyword.call(Unknown Source)
	at com.kms.katalon.core.webui.keyword.builtin.VerifyElementNotPresentKeyword.verifyElementNotPresent(VerifyElementNotPresentKeyword.groovy:117)
	at com.kms.katalon.core.webui.keyword.builtin.VerifyElementNotPresentKeyword.execute(VerifyElementNotPresentKeyword.groovy:68)
	at com.kms.katalon.core.keyword.internal.KeywordExecutor.executeKeywordForPlatform(KeywordExecutor.groovy:74)
	at com.kms.katalon.core.webui.keyword.WebUiBuiltInKeywords.verifyElementNotPresent(WebUiBuiltInKeywords.groovy:1481)
	at com.kms.katalon.core.webui.keyword.WebUiBuiltInKeywords$verifyElementNotPresent$8.call(Unknown Source)
	at GetBrokSumPriceDaily.run(GetBrokSumPriceDaily:258)
	at com.kms.katalon.core.main.ScriptEngine.run(ScriptEngine.java:194)
	at com.kms.katalon.core.main.ScriptEngine.runScriptAsRawText(ScriptEngine.java:119)
	at com.kms.katalon.core.main.TestCaseExecutor.runScript(TestCaseExecutor.java:445)
	at com.kms.katalon.core.main.TestCaseExecutor.doExecute(TestCaseExecutor.java:436)
	at com.kms.katalon.core.main.TestCaseExecutor.processExecutionPhase(TestCaseExecutor.java:415)
	at com.kms.katalon.core.main.TestCaseExecutor.accessMainPhase(TestCaseExecutor.java:407)
	at com.kms.katalon.core.main.TestCaseExecutor.execute(TestCaseExecutor.java:284)
	at com.kms.katalon.core.common.CommonExecutor.accessTestCaseMainPhase(CommonExecutor.java:65)
	at com.kms.katalon.core.main.TestSuiteExecutor.accessTestSuiteMainPhase(TestSuiteExecutor.java:144)
	at com.kms.katalon.core.main.TestSuiteExecutor.execute(TestSuiteExecutor.java:106)
	at com.kms.katalon.core.main.TestCaseMain.startTestSuite(TestCaseMain.java:185)
	at com.kms.katalon.core.main.TestCaseMain$startTestSuite$0.call(Unknown Source)
	at TempTestSuite1705922193915.run(TempTestSuite1705922193915.groovy:36)
)

2024-01-22 18:19:17 - [MESSAGE][WARNING] - Web element with id: 'Object Repository/Stockbit/Bandarmology_Buyer2' located by 'By.xpath: //*[contains(@id, 'rc-tabs-')]/div[2]/div/div/div/div/div/div[2]/table/tbody/tr[3]/td[1]/p' is present after '1' second(s) (Root cause: com.kms.katalon.core.exception.StepFailedException: Web element with id: 'Object Repository/Stockbit/Bandarmology_Buyer2' located by 'By.xpath: //*[contains(@id, 'rc-tabs-')]/div[2]/div/div/div/div/div/div[2]/table/tbody/tr[3]/td[1]/p' is present after '1' second(s)
	at com.kms.katalon.core.webui.keyword.internal.WebUIKeywordMain.stepFailed(WebUIKeywordMain.groovy:64)
	at com.kms.katalon.core.webui.keyword.internal.WebUIKeywordMain$stepFailed$0.call(Unknown Source)
	at com.kms.katalon.core.webui.keyword.builtin.VerifyElementNotPresentKeyword$_verifyElementNotPresent_closure1.doCall(VerifyElementNotPresentKeyword.groovy:106)
	at com.kms.katalon.core.webui.keyword.builtin.VerifyElementNotPresentKeyword$_verifyElementNotPresent_closure1.doCall(VerifyElementNotPresentKeyword.groovy)
	at com.kms.katalon.core.webui.keyword.internal.WebUIKeywordMain.runKeyword(WebUIKeywordMain.groovy:20)
	at com.kms.katalon.core.webui.keyword.internal.WebUIKeywordMain$runKeyword.call(Unknown Source)
	at com.kms.katalon.core.webui.keyword.builtin.VerifyElementNotPresentKeyword.verifyElementNotPresent(VerifyElementNotPresentKeyword.groovy:117)
	at com.kms.katalon.core.webui.keyword.builtin.VerifyElementNotPresentKeyword.execute(VerifyElementNotPresentKeyword.groovy:68)
	at com.kms.katalon.core.keyword.internal.KeywordExecutor.executeKeywordForPlatform(KeywordExecutor.groovy:74)
	at com.kms.katalon.core.webui.keyword.WebUiBuiltInKeywords.verifyElementNotPresent(WebUiBuiltInKeywords.groovy:1481)
	at com.kms.katalon.core.webui.keyword.WebUiBuiltInKeywords$verifyElementNotPresent$8.call(Unknown Source)
	at GetBrokSumPriceDaily.run(GetBrokSumPriceDaily:258)
	at com.kms.katalon.core.main.ScriptEngine.run(ScriptEngine.java:194)
	at com.kms.katalon.core.main.ScriptEngine.runScriptAsRawText(ScriptEngine.java:119)
	at com.kms.katalon.core.main.TestCaseExecutor.runScript(TestCaseExecutor.java:445)
	at com.kms.katalon.core.main.TestCaseExecutor.doExecute(TestCaseExecutor.java:436)
	at com.kms.katalon.core.main.TestCaseExecutor.processExecutionPhase(TestCaseExecutor.java:415)
	at com.kms.katalon.core.main.TestCaseExecutor.accessMainPhase(TestCaseExecutor.java:407)
	at com.kms.katalon.core.main.TestCaseExecutor.execute(TestCaseExecutor.java:284)
	at com.kms.katalon.core.common.CommonExecutor.accessTestCaseMainPhase(CommonExecutor.java:65)
	at com.kms.katalon.core.main.TestSuiteExecutor.accessTestSuiteMainPhase(TestSuiteExecutor.java:144)
	at com.kms.katalon.core.main.TestSuiteExecutor.execute(TestSuiteExecutor.java:106)
	at com.kms.katalon.core.main.TestCaseMain.startTestSuite(TestCaseMain.java:185)
	at com.kms.katalon.core.main.TestCaseMain$startTestSuite$0.call(Unknown Source)
	at TempTestSuite1705922193915.run(TempTestSuite1705922193915.groovy:36)
)
[[ATTACHMENT|C:\\Users\\Fadli\\git\\KatalonDailyGetData2\\Reports\\20240122_174123\\TS1\\20240122_181633\\1705922357748.png]]

2024-01-22 18:19:17 - [TEST_STEP][PASSED] - else: null

2024-01-22 18:19:17 - [TEST_STEP][PASSED] - strBuyer2 = getText(findTestObject("Stockbit/Bandarmology_Buyer2")): Text of object 'Object Repository/Stockbit/Bandarmology_Buyer2' is: 'PG'

2024-01-22 18:19:18 - [MESSAGE][PASSED] - Text of object 'Object Repository/Stockbit/Bandarmology_Buyer2' is: 'PG'

2024-01-22 18:19:18 - [TEST_STEP][PASSED] - strBuyerVol2 = getText(findTestObject("Stockbit/Bandarmology_BuyerVol2")): Text of object 'Object Repository/Stockbit/Bandarmology_BuyerVol2' is: '3.6 K'

2024-01-22 18:19:18 - [MESSAGE][PASSED] - Text of object 'Object Repository/Stockbit/Bandarmology_BuyerVol2' is: '3.6 K'

2024-01-22 18:19:18 - [TEST_STEP][PASSED] - strBuyerAvg2 = getText(findTestObject("Stockbit/Bandarmology_BuyerAvg2")): Text of object 'Object Repository/Stockbit/Bandarmology_BuyerAvg2' is: '430'

2024-01-22 18:19:18 - [MESSAGE][PASSED] - Text of object 'Object Repository/Stockbit/Bandarmology_BuyerAvg2' is: '430'

2024-01-22 18:19:18 - [TEST_STEP][PASSED] - if (strBuyer2 != ""): null

2024-01-22 18:19:18 - [TEST_STEP][PASSED] - if (strBuyerAvg2.contains(",")): null

2024-01-22 18:19:18 - [TEST_STEP][PASSED] - if (strBuyerVol2.contains(" B")): null

2024-01-22 18:19:18 - [TEST_STEP][PASSED] - else if (strBuyerVol2.contains(" M")): null

2024-01-22 18:19:18 - [TEST_STEP][PASSED] - else if (strBuyerVol2.contains(" K")): null

2024-01-22 18:19:18 - [TEST_STEP][PASSED] - strBuyerVol2 = strBuyerVol2.replace(" K", ""): null

2024-01-22 18:19:18 - [TEST_STEP][PASSED] - strBuyerVol2 = strBuyerVol2.toDouble() * 1000: null

2024-01-22 18:19:18 - [TEST_STEP][PASSED] - if (strBuyerVol2.contains(".")): null

2024-01-22 18:19:18 - [TEST_STEP][PASSED] - strBuyerVal2 = strBuyerVol2.replace(".", ""): null

2024-01-22 18:19:18 - [TEST_STEP][PASSED] - if (verifyElementNotPresent(findTestObject("Stockbit/Bandarmology_Seller2"), 1, OPTIONAL)): Web element with id: 'Object Repository/Stockbit/Bandarmology_Seller2' located by 'By.xpath: //*[contains(@id, 'rc-tabs-')]/div[2]/div/div/div/div/div/div[2]/table/tbody/tr[3]/td[5]/p' is present after '1' second(s) (Root cause: com.kms.katalon.core.exception.StepFailedException: Web element with id: 'Object Repository/Stockbit/Bandarmology_Seller2' located by 'By.xpath: //*[contains(@id, 'rc-tabs-')]/div[2]/div/div/div/div/div/div[2]/table/tbody/tr[3]/td[5]/p' is present after '1' second(s)
	at com.kms.katalon.core.webui.keyword.internal.WebUIKeywordMain.stepFailed(WebUIKeywordMain.groovy:64)
	at com.kms.katalon.core.webui.keyword.internal.WebUIKeywordMain$stepFailed$0.call(Unknown Source)
	at com.kms.katalon.core.webui.keyword.builtin.VerifyElementNotPresentKeyword$_verifyElementNotPresent_closure1.doCall(VerifyElementNotPresentKeyword.groovy:106)
	at com.kms.katalon.core.webui.keyword.builtin.VerifyElementNotPresentKeyword$_verifyElementNotPresent_closure1.doCall(VerifyElementNotPresentKeyword.groovy)
	at com.kms.katalon.core.webui.keyword.internal.WebUIKeywordMain.runKeyword(WebUIKeywordMain.groovy:20)
	at com.kms.katalon.core.webui.keyword.internal.WebUIKeywordMain$runKeyword.call(Unknown Source)
	at com.kms.katalon.core.webui.keyword.builtin.VerifyElementNotPresentKeyword.verifyElementNotPresent(VerifyElementNotPresentKeyword.groovy:117)
	at com.kms.katalon.core.webui.keyword.builtin.VerifyElementNotPresentKeyword.execute(VerifyElementNotPresentKeyword.groovy:68)
	at com.kms.katalon.core.keyword.internal.KeywordExecutor.executeKeywordForPlatform(KeywordExecutor.groovy:74)
	at com.kms.katalon.core.webui.keyword.WebUiBuiltInKeywords.verifyElementNotPresent(WebUiBuiltInKeywords.groovy:1481)
	at com.kms.katalon.core.webui.keyword.WebUiBuiltInKeywords$verifyElementNotPresent$8.call(Unknown Source)
	at GetBrokSumPriceDaily.run(GetBrokSumPriceDaily:309)
	at com.kms.katalon.core.main.ScriptEngine.run(ScriptEngine.java:194)
	at com.kms.katalon.core.main.ScriptEngine.runScriptAsRawText(ScriptEngine.java:119)
	at com.kms.katalon.core.main.TestCaseExecutor.runScript(TestCaseExecutor.java:445)
	at com.kms.katalon.core.main.TestCaseExecutor.doExecute(TestCaseExecutor.java:436)
	at com.kms.katalon.core.main.TestCaseExecutor.processExecutionPhase(TestCaseExecutor.java:415)
	at com.kms.katalon.core.main.TestCaseExecutor.accessMainPhase(TestCaseExecutor.java:407)
	at com.kms.katalon.core.main.TestCaseExecutor.execute(TestCaseExecutor.java:284)
	at com.kms.katalon.core.common.CommonExecutor.accessTestCaseMainPhase(CommonExecutor.java:65)
	at com.kms.katalon.core.main.TestSuiteExecutor.accessTestSuiteMainPhase(TestSuiteExecutor.java:144)
	at com.kms.katalon.core.main.TestSuiteExecutor.execute(TestSuiteExecutor.java:106)
	at com.kms.katalon.core.main.TestCaseMain.startTestSuite(TestCaseMain.java:185)
	at com.kms.katalon.core.main.TestCaseMain$startTestSuite$0.call(Unknown Source)
	at TempTestSuite1705922193915.run(TempTestSuite1705922193915.groovy:36)
)

2024-01-22 18:19:19 - [MESSAGE][WARNING] - Web element with id: 'Object Repository/Stockbit/Bandarmology_Seller2' located by 'By.xpath: //*[contains(@id, 'rc-tabs-')]/div[2]/div/div/div/div/div/div[2]/table/tbody/tr[3]/td[5]/p' is present after '1' second(s) (Root cause: com.kms.katalon.core.exception.StepFailedException: Web element with id: 'Object Repository/Stockbit/Bandarmology_Seller2' located by 'By.xpath: //*[contains(@id, 'rc-tabs-')]/div[2]/div/div/div/div/div/div[2]/table/tbody/tr[3]/td[5]/p' is present after '1' second(s)
	at com.kms.katalon.core.webui.keyword.internal.WebUIKeywordMain.stepFailed(WebUIKeywordMain.groovy:64)
	at com.kms.katalon.core.webui.keyword.internal.WebUIKeywordMain$stepFailed$0.call(Unknown Source)
	at com.kms.katalon.core.webui.keyword.builtin.VerifyElementNotPresentKeyword$_verifyElementNotPresent_closure1.doCall(VerifyElementNotPresentKeyword.groovy:106)
	at com.kms.katalon.core.webui.keyword.builtin.VerifyElementNotPresentKeyword$_verifyElementNotPresent_closure1.doCall(VerifyElementNotPresentKeyword.groovy)
	at com.kms.katalon.core.webui.keyword.internal.WebUIKeywordMain.runKeyword(WebUIKeywordMain.groovy:20)
	at com.kms.katalon.core.webui.keyword.internal.WebUIKeywordMain$runKeyword.call(Unknown Source)
	at com.kms.katalon.core.webui.keyword.builtin.VerifyElementNotPresentKeyword.verifyElementNotPresent(VerifyElementNotPresentKeyword.groovy:117)
	at com.kms.katalon.core.webui.keyword.builtin.VerifyElementNotPresentKeyword.execute(VerifyElementNotPresentKeyword.groovy:68)
	at com.kms.katalon.core.keyword.internal.KeywordExecutor.executeKeywordForPlatform(KeywordExecutor.groovy:74)
	at com.kms.katalon.core.webui.keyword.WebUiBuiltInKeywords.verifyElementNotPresent(WebUiBuiltInKeywords.groovy:1481)
	at com.kms.katalon.core.webui.keyword.WebUiBuiltInKeywords$verifyElementNotPresent$8.call(Unknown Source)
	at GetBrokSumPriceDaily.run(GetBrokSumPriceDaily:309)
	at com.kms.katalon.core.main.ScriptEngine.run(ScriptEngine.java:194)
	at com.kms.katalon.core.main.ScriptEngine.runScriptAsRawText(ScriptEngine.java:119)
	at com.kms.katalon.core.main.TestCaseExecutor.runScript(TestCaseExecutor.java:445)
	at com.kms.katalon.core.main.TestCaseExecutor.doExecute(TestCaseExecutor.java:436)
	at com.kms.katalon.core.main.TestCaseExecutor.processExecutionPhase(TestCaseExecutor.java:415)
	at com.kms.katalon.core.main.TestCaseExecutor.accessMainPhase(TestCaseExecutor.java:407)
	at com.kms.katalon.core.main.TestCaseExecutor.execute(TestCaseExecutor.java:284)
	at com.kms.katalon.core.common.CommonExecutor.accessTestCaseMainPhase(CommonExecutor.java:65)
	at com.kms.katalon.core.main.TestSuiteExecutor.accessTestSuiteMainPhase(TestSuiteExecutor.java:144)
	at com.kms.katalon.core.main.TestSuiteExecutor.execute(TestSuiteExecutor.java:106)
	at com.kms.katalon.core.main.TestCaseMain.startTestSuite(TestCaseMain.java:185)
	at com.kms.katalon.core.main.TestCaseMain$startTestSuite$0.call(Unknown Source)
	at TempTestSuite1705922193915.run(TempTestSuite1705922193915.groovy:36)
)
[[ATTACHMENT|C:\\Users\\Fadli\\git\\KatalonDailyGetData2\\Reports\\20240122_174123\\TS1\\20240122_181633\\1705922359608.png]]

2024-01-22 18:19:19 - [TEST_STEP][PASSED] - else: null

2024-01-22 18:19:19 - [TEST_STEP][PASSED] - strSeller2 = getText(findTestObject("Stockbit/Bandarmology_Seller2")): Text of object 'Object Repository/Stockbit/Bandarmology_Seller2' is: 'XA'

2024-01-22 18:19:19 - [MESSAGE][PASSED] - Text of object 'Object Repository/Stockbit/Bandarmology_Seller2' is: 'XA'

2024-01-22 18:19:19 - [TEST_STEP][PASSED] - strSellerVol2 = getText(findTestObject("Stockbit/Bandarmology_SellerVol2")): Text of object 'Object Repository/Stockbit/Bandarmology_SellerVol2' is: '3.6 K'

2024-01-22 18:19:20 - [MESSAGE][PASSED] - Text of object 'Object Repository/Stockbit/Bandarmology_SellerVol2' is: '3.6 K'

2024-01-22 18:19:20 - [TEST_STEP][PASSED] - strSellerAvg2 = getText(findTestObject("Stockbit/Bandarmology_SellerAvg2")): Text of object 'Object Repository/Stockbit/Bandarmology_SellerAvg2' is: '431'

2024-01-22 18:19:20 - [MESSAGE][PASSED] - Text of object 'Object Repository/Stockbit/Bandarmology_SellerAvg2' is: '431'

2024-01-22 18:19:20 - [TEST_STEP][PASSED] - if (strSeller2 != ""): null

2024-01-22 18:19:20 - [TEST_STEP][PASSED] - if (strSellerAvg2.contains(",")): null

2024-01-22 18:19:20 - [TEST_STEP][PASSED] - if (strSellerVol2.contains(" B")): null

2024-01-22 18:19:20 - [TEST_STEP][PASSED] - else if (strSellerVol2.contains(" M")): null

2024-01-22 18:19:20 - [TEST_STEP][PASSED] - else if (strSellerVol2.contains(" K")): null

2024-01-22 18:19:20 - [TEST_STEP][PASSED] - strSellerVol2 = strSellerVol2.replace(" K", ""): null

2024-01-22 18:19:20 - [TEST_STEP][PASSED] - strSellerVol2 = strSellerVol2.toDouble() * 1000: null

2024-01-22 18:19:20 - [TEST_STEP][PASSED] - if (verifyElementNotPresent(findTestObject("Stockbit/Bandarmology_Buyer3"), 1, OPTIONAL)): Web element with id: 'Object Repository/Stockbit/Bandarmology_Buyer3' located by 'By.xpath: //*[contains(@id, 'rc-tabs-')]/div[2]/div/div/div/div/div/div[2]/table/tbody/tr[4]/td[1]/p' is present after '1' second(s) (Root cause: com.kms.katalon.core.exception.StepFailedException: Web element with id: 'Object Repository/Stockbit/Bandarmology_Buyer3' located by 'By.xpath: //*[contains(@id, 'rc-tabs-')]/div[2]/div/div/div/div/div/div[2]/table/tbody/tr[4]/td[1]/p' is present after '1' second(s)
	at com.kms.katalon.core.webui.keyword.internal.WebUIKeywordMain.stepFailed(WebUIKeywordMain.groovy:64)
	at com.kms.katalon.core.webui.keyword.internal.WebUIKeywordMain$stepFailed$0.call(Unknown Source)
	at com.kms.katalon.core.webui.keyword.builtin.VerifyElementNotPresentKeyword$_verifyElementNotPresent_closure1.doCall(VerifyElementNotPresentKeyword.groovy:106)
	at com.kms.katalon.core.webui.keyword.builtin.VerifyElementNotPresentKeyword$_verifyElementNotPresent_closure1.doCall(VerifyElementNotPresentKeyword.groovy)
	at com.kms.katalon.core.webui.keyword.internal.WebUIKeywordMain.runKeyword(WebUIKeywordMain.groovy:20)
	at com.kms.katalon.core.webui.keyword.internal.WebUIKeywordMain$runKeyword.call(Unknown Source)
	at com.kms.katalon.core.webui.keyword.builtin.VerifyElementNotPresentKeyword.verifyElementNotPresent(VerifyElementNotPresentKeyword.groovy:117)
	at com.kms.katalon.core.webui.keyword.builtin.VerifyElementNotPresentKeyword.execute(VerifyElementNotPresentKeyword.groovy:68)
	at com.kms.katalon.core.keyword.internal.KeywordExecutor.executeKeywordForPlatform(KeywordExecutor.groovy:74)
	at com.kms.katalon.core.webui.keyword.WebUiBuiltInKeywords.verifyElementNotPresent(WebUiBuiltInKeywords.groovy:1481)
	at com.kms.katalon.core.webui.keyword.WebUiBuiltInKeywords$verifyElementNotPresent$8.call(Unknown Source)
	at GetBrokSumPriceDaily.run(GetBrokSumPriceDaily:361)
	at com.kms.katalon.core.main.ScriptEngine.run(ScriptEngine.java:194)
	at com.kms.katalon.core.main.ScriptEngine.runScriptAsRawText(ScriptEngine.java:119)
	at com.kms.katalon.core.main.TestCaseExecutor.runScript(TestCaseExecutor.java:445)
	at com.kms.katalon.core.main.TestCaseExecutor.doExecute(TestCaseExecutor.java:436)
	at com.kms.katalon.core.main.TestCaseExecutor.processExecutionPhase(TestCaseExecutor.java:415)
	at com.kms.katalon.core.main.TestCaseExecutor.accessMainPhase(TestCaseExecutor.java:407)
	at com.kms.katalon.core.main.TestCaseExecutor.execute(TestCaseExecutor.java:284)
	at com.kms.katalon.core.common.CommonExecutor.accessTestCaseMainPhase(CommonExecutor.java:65)
	at com.kms.katalon.core.main.TestSuiteExecutor.accessTestSuiteMainPhase(TestSuiteExecutor.java:144)
	at com.kms.katalon.core.main.TestSuiteExecutor.execute(TestSuiteExecutor.java:106)
	at com.kms.katalon.core.main.TestCaseMain.startTestSuite(TestCaseMain.java:185)
	at com.kms.katalon.core.main.TestCaseMain$startTestSuite$0.call(Unknown Source)
	at TempTestSuite1705922193915.run(TempTestSuite1705922193915.groovy:36)
)

2024-01-22 18:19:21 - [MESSAGE][WARNING] - Web element with id: 'Object Repository/Stockbit/Bandarmology_Buyer3' located by 'By.xpath: //*[contains(@id, 'rc-tabs-')]/div[2]/div/div/div/div/div/div[2]/table/tbody/tr[4]/td[1]/p' is present after '1' second(s) (Root cause: com.kms.katalon.core.exception.StepFailedException: Web element with id: 'Object Repository/Stockbit/Bandarmology_Buyer3' located by 'By.xpath: //*[contains(@id, 'rc-tabs-')]/div[2]/div/div/div/div/div/div[2]/table/tbody/tr[4]/td[1]/p' is present after '1' second(s)
	at com.kms.katalon.core.webui.keyword.internal.WebUIKeywordMain.stepFailed(WebUIKeywordMain.groovy:64)
	at com.kms.katalon.core.webui.keyword.internal.WebUIKeywordMain$stepFailed$0.call(Unknown Source)
	at com.kms.katalon.core.webui.keyword.builtin.VerifyElementNotPresentKeyword$_verifyElementNotPresent_closure1.doCall(VerifyElementNotPresentKeyword.groovy:106)
	at com.kms.katalon.core.webui.keyword.builtin.VerifyElementNotPresentKeyword$_verifyElementNotPresent_closure1.doCall(VerifyElementNotPresentKeyword.groovy)
	at com.kms.katalon.core.webui.keyword.internal.WebUIKeywordMain.runKeyword(WebUIKeywordMain.groovy:20)
	at com.kms.katalon.core.webui.keyword.internal.WebUIKeywordMain$runKeyword.call(Unknown Source)
	at com.kms.katalon.core.webui.keyword.builtin.VerifyElementNotPresentKeyword.verifyElementNotPresent(VerifyElementNotPresentKeyword.groovy:117)
	at com.kms.katalon.core.webui.keyword.builtin.VerifyElementNotPresentKeyword.execute(VerifyElementNotPresentKeyword.groovy:68)
	at com.kms.katalon.core.keyword.internal.KeywordExecutor.executeKeywordForPlatform(KeywordExecutor.groovy:74)
	at com.kms.katalon.core.webui.keyword.WebUiBuiltInKeywords.verifyElementNotPresent(WebUiBuiltInKeywords.groovy:1481)
	at com.kms.katalon.core.webui.keyword.WebUiBuiltInKeywords$verifyElementNotPresent$8.call(Unknown Source)
	at GetBrokSumPriceDaily.run(GetBrokSumPriceDaily:361)
	at com.kms.katalon.core.main.ScriptEngine.run(ScriptEngine.java:194)
	at com.kms.katalon.core.main.ScriptEngine.runScriptAsRawText(ScriptEngine.java:119)
	at com.kms.katalon.core.main.TestCaseExecutor.runScript(TestCaseExecutor.java:445)
	at com.kms.katalon.core.main.TestCaseExecutor.doExecute(TestCaseExecutor.java:436)
	at com.kms.katalon.core.main.TestCaseExecutor.processExecutionPhase(TestCaseExecutor.java:415)
	at com.kms.katalon.core.main.TestCaseExecutor.accessMainPhase(TestCaseExecutor.java:407)
	at com.kms.katalon.core.main.TestCaseExecutor.execute(TestCaseExecutor.java:284)
	at com.kms.katalon.core.common.CommonExecutor.accessTestCaseMainPhase(CommonExecutor.java:65)
	at com.kms.katalon.core.main.TestSuiteExecutor.accessTestSuiteMainPhase(TestSuiteExecutor.java:144)
	at com.kms.katalon.core.main.TestSuiteExecutor.execute(TestSuiteExecutor.java:106)
	at com.kms.katalon.core.main.TestCaseMain.startTestSuite(TestCaseMain.java:185)
	at com.kms.katalon.core.main.TestCaseMain$startTestSuite$0.call(Unknown Source)
	at TempTestSuite1705922193915.run(TempTestSuite1705922193915.groovy:36)
)
[[ATTACHMENT|C:\\Users\\Fadli\\git\\KatalonDailyGetData2\\Reports\\20240122_174123\\TS1\\20240122_181633\\1705922361387.png]]

2024-01-22 18:19:21 - [TEST_STEP][PASSED] - else: null

2024-01-22 18:19:21 - [TEST_STEP][PASSED] - strBuyer3 = getText(findTestObject("Stockbit/Bandarmology_Buyer3")): Text of object 'Object Repository/Stockbit/Bandarmology_Buyer3' is: 'CP'

2024-01-22 18:19:21 - [MESSAGE][PASSED] - Text of object 'Object Repository/Stockbit/Bandarmology_Buyer3' is: 'CP'

2024-01-22 18:19:21 - [TEST_STEP][PASSED] - strBuyerVol3 = getText(findTestObject("Stockbit/Bandarmology_BuyerVol3")): Text of object 'Object Repository/Stockbit/Bandarmology_BuyerVol3' is: '3.1 K'

2024-01-22 18:19:21 - [MESSAGE][PASSED] - Text of object 'Object Repository/Stockbit/Bandarmology_BuyerVol3' is: '3.1 K'

2024-01-22 18:19:21 - [TEST_STEP][PASSED] - strBuyerAvg3 = getText(findTestObject("Stockbit/Bandarmology_BuyerAvg3")): Text of object 'Object Repository/Stockbit/Bandarmology_BuyerAvg3' is: '432'

2024-01-22 18:19:22 - [MESSAGE][PASSED] - Text of object 'Object Repository/Stockbit/Bandarmology_BuyerAvg3' is: '432'

2024-01-22 18:19:22 - [TEST_STEP][PASSED] - if (strBuyer3 != ""): null

2024-01-22 18:19:22 - [TEST_STEP][PASSED] - if (strBuyerAvg3.contains(",")): null

2024-01-22 18:19:22 - [TEST_STEP][PASSED] - if (strBuyerVol3.contains(" B")): null

2024-01-22 18:19:22 - [TEST_STEP][PASSED] - else if (strBuyerVol3.contains(" M")): null

2024-01-22 18:19:22 - [TEST_STEP][PASSED] - else if (strBuyerVol3.contains(" K")): null

2024-01-22 18:19:22 - [TEST_STEP][PASSED] - strBuyerVol3 = strBuyerVol3.replace(" K", ""): null

2024-01-22 18:19:22 - [TEST_STEP][PASSED] - strBuyerVol3 = strBuyerVol3.toDouble() * 1000: null

2024-01-22 18:19:22 - [TEST_STEP][PASSED] - if (verifyElementNotPresent(findTestObject("Stockbit/Bandarmology_Seller3"), 1, OPTIONAL)): Web element with id: 'Object Repository/Stockbit/Bandarmology_Seller3' located by 'By.xpath: //*[contains(@id, 'rc-tabs-')]/div[2]/div/div/div/div/div/div[2]/table/tbody/tr[4]/td[5]/p' is present after '1' second(s) (Root cause: com.kms.katalon.core.exception.StepFailedException: Web element with id: 'Object Repository/Stockbit/Bandarmology_Seller3' located by 'By.xpath: //*[contains(@id, 'rc-tabs-')]/div[2]/div/div/div/div/div/div[2]/table/tbody/tr[4]/td[5]/p' is present after '1' second(s)
	at com.kms.katalon.core.webui.keyword.internal.WebUIKeywordMain.stepFailed(WebUIKeywordMain.groovy:64)
	at com.kms.katalon.core.webui.keyword.internal.WebUIKeywordMain$stepFailed$0.call(Unknown Source)
	at com.kms.katalon.core.webui.keyword.builtin.VerifyElementNotPresentKeyword$_verifyElementNotPresent_closure1.doCall(VerifyElementNotPresentKeyword.groovy:106)
	at com.kms.katalon.core.webui.keyword.builtin.VerifyElementNotPresentKeyword$_verifyElementNotPresent_closure1.doCall(VerifyElementNotPresentKeyword.groovy)
	at com.kms.katalon.core.webui.keyword.internal.WebUIKeywordMain.runKeyword(WebUIKeywordMain.groovy:20)
	at com.kms.katalon.core.webui.keyword.internal.WebUIKeywordMain$runKeyword.call(Unknown Source)
	at com.kms.katalon.core.webui.keyword.builtin.VerifyElementNotPresentKeyword.verifyElementNotPresent(VerifyElementNotPresentKeyword.groovy:117)
	at com.kms.katalon.core.webui.keyword.builtin.VerifyElementNotPresentKeyword.execute(VerifyElementNotPresentKeyword.groovy:68)
	at com.kms.katalon.core.keyword.internal.KeywordExecutor.executeKeywordForPlatform(KeywordExecutor.groovy:74)
	at com.kms.katalon.core.webui.keyword.WebUiBuiltInKeywords.verifyElementNotPresent(WebUiBuiltInKeywords.groovy:1481)
	at com.kms.katalon.core.webui.keyword.WebUiBuiltInKeywords$verifyElementNotPresent$8.call(Unknown Source)
	at GetBrokSumPriceDaily.run(GetBrokSumPriceDaily:414)
	at com.kms.katalon.core.main.ScriptEngine.run(ScriptEngine.java:194)
	at com.kms.katalon.core.main.ScriptEngine.runScriptAsRawText(ScriptEngine.java:119)
	at com.kms.katalon.core.main.TestCaseExecutor.runScript(TestCaseExecutor.java:445)
	at com.kms.katalon.core.main.TestCaseExecutor.doExecute(TestCaseExecutor.java:436)
	at com.kms.katalon.core.main.TestCaseExecutor.processExecutionPhase(TestCaseExecutor.java:415)
	at com.kms.katalon.core.main.TestCaseExecutor.accessMainPhase(TestCaseExecutor.java:407)
	at com.kms.katalon.core.main.TestCaseExecutor.execute(TestCaseExecutor.java:284)
	at com.kms.katalon.core.common.CommonExecutor.accessTestCaseMainPhase(CommonExecutor.java:65)
	at com.kms.katalon.core.main.TestSuiteExecutor.accessTestSuiteMainPhase(TestSuiteExecutor.java:144)
	at com.kms.katalon.core.main.TestSuiteExecutor.execute(TestSuiteExecutor.java:106)
	at com.kms.katalon.core.main.TestCaseMain.startTestSuite(TestCaseMain.java:185)
	at com.kms.katalon.core.main.TestCaseMain$startTestSuite$0.call(Unknown Source)
	at TempTestSuite1705922193915.run(TempTestSuite1705922193915.groovy:36)
)

2024-01-22 18:19:23 - [MESSAGE][WARNING] - Web element with id: 'Object Repository/Stockbit/Bandarmology_Seller3' located by 'By.xpath: //*[contains(@id, 'rc-tabs-')]/div[2]/div/div/div/div/div/div[2]/table/tbody/tr[4]/td[5]/p' is present after '1' second(s) (Root cause: com.kms.katalon.core.exception.StepFailedException: Web element with id: 'Object Repository/Stockbit/Bandarmology_Seller3' located by 'By.xpath: //*[contains(@id, 'rc-tabs-')]/div[2]/div/div/div/div/div/div[2]/table/tbody/tr[4]/td[5]/p' is present after '1' second(s)
	at com.kms.katalon.core.webui.keyword.internal.WebUIKeywordMain.stepFailed(WebUIKeywordMain.groovy:64)
	at com.kms.katalon.core.webui.keyword.internal.WebUIKeywordMain$stepFailed$0.call(Unknown Source)
	at com.kms.katalon.core.webui.keyword.builtin.VerifyElementNotPresentKeyword$_verifyElementNotPresent_closure1.doCall(VerifyElementNotPresentKeyword.groovy:106)
	at com.kms.katalon.core.webui.keyword.builtin.VerifyElementNotPresentKeyword$_verifyElementNotPresent_closure1.doCall(VerifyElementNotPresentKeyword.groovy)
	at com.kms.katalon.core.webui.keyword.internal.WebUIKeywordMain.runKeyword(WebUIKeywordMain.groovy:20)
	at com.kms.katalon.core.webui.keyword.internal.WebUIKeywordMain$runKeyword.call(Unknown Source)
	at com.kms.katalon.core.webui.keyword.builtin.VerifyElementNotPresentKeyword.verifyElementNotPresent(VerifyElementNotPresentKeyword.groovy:117)
	at com.kms.katalon.core.webui.keyword.builtin.VerifyElementNotPresentKeyword.execute(VerifyElementNotPresentKeyword.groovy:68)
	at com.kms.katalon.core.keyword.internal.KeywordExecutor.executeKeywordForPlatform(KeywordExecutor.groovy:74)
	at com.kms.katalon.core.webui.keyword.WebUiBuiltInKeywords.verifyElementNotPresent(WebUiBuiltInKeywords.groovy:1481)
	at com.kms.katalon.core.webui.keyword.WebUiBuiltInKeywords$verifyElementNotPresent$8.call(Unknown Source)
	at GetBrokSumPriceDaily.run(GetBrokSumPriceDaily:414)
	at com.kms.katalon.core.main.ScriptEngine.run(ScriptEngine.java:194)
	at com.kms.katalon.core.main.ScriptEngine.runScriptAsRawText(ScriptEngine.java:119)
	at com.kms.katalon.core.main.TestCaseExecutor.runScript(TestCaseExecutor.java:445)
	at com.kms.katalon.core.main.TestCaseExecutor.doExecute(TestCaseExecutor.java:436)
	at com.kms.katalon.core.main.TestCaseExecutor.processExecutionPhase(TestCaseExecutor.java:415)
	at com.kms.katalon.core.main.TestCaseExecutor.accessMainPhase(TestCaseExecutor.java:407)
	at com.kms.katalon.core.main.TestCaseExecutor.execute(TestCaseExecutor.java:284)
	at com.kms.katalon.core.common.CommonExecutor.accessTestCaseMainPhase(CommonExecutor.java:65)
	at com.kms.katalon.core.main.TestSuiteExecutor.accessTestSuiteMainPhase(TestSuiteExecutor.java:144)
	at com.kms.katalon.core.main.TestSuiteExecutor.execute(TestSuiteExecutor.java:106)
	at com.kms.katalon.core.main.TestCaseMain.startTestSuite(TestCaseMain.java:185)
	at com.kms.katalon.core.main.TestCaseMain$startTestSuite$0.call(Unknown Source)
	at TempTestSuite1705922193915.run(TempTestSuite1705922193915.groovy:36)
)
[[ATTACHMENT|C:\\Users\\Fadli\\git\\KatalonDailyGetData2\\Reports\\20240122_174123\\TS1\\20240122_181633\\1705922363216.png]]

2024-01-22 18:19:23 - [TEST_STEP][PASSED] - else: null

2024-01-22 18:19:23 - [TEST_STEP][PASSED] - strSeller3 = getText(findTestObject("Stockbit/Bandarmology_Seller3")): Text of object 'Object Repository/Stockbit/Bandarmology_Seller3' is: 'RG'

2024-01-22 18:19:23 - [MESSAGE][PASSED] - Text of object 'Object Repository/Stockbit/Bandarmology_Seller3' is: 'RG'

2024-01-22 18:19:23 - [TEST_STEP][PASSED] - strSellerVol3 = getText(findTestObject("Stockbit/Bandarmology_SellerVol3")): Text of object 'Object Repository/Stockbit/Bandarmology_SellerVol3' is: '2.4 K'

2024-01-22 18:19:23 - [MESSAGE][PASSED] - Text of object 'Object Repository/Stockbit/Bandarmology_SellerVol3' is: '2.4 K'

2024-01-22 18:19:23 - [TEST_STEP][PASSED] - strSellerAvg3 = getText(findTestObject("Stockbit/Bandarmology_SellerAvg3")): Text of object 'Object Repository/Stockbit/Bandarmology_SellerAvg3' is: '430'

2024-01-22 18:19:23 - [MESSAGE][PASSED] - Text of object 'Object Repository/Stockbit/Bandarmology_SellerAvg3' is: '430'

2024-01-22 18:19:23 - [TEST_STEP][PASSED] - if (strSeller3 != ""): null

2024-01-22 18:19:23 - [TEST_STEP][PASSED] - if (strSellerAvg3.contains(",")): null

2024-01-22 18:19:23 - [TEST_STEP][PASSED] - if (strSellerVol3.contains(" B")): null

2024-01-22 18:19:23 - [TEST_STEP][PASSED] - else if (strSellerVol3.contains(" M")): null

2024-01-22 18:19:23 - [TEST_STEP][PASSED] - else if (strSellerVol3.contains(" K")): null

2024-01-22 18:19:23 - [TEST_STEP][PASSED] - strSellerVol3 = strSellerVol3.replace(" K", ""): null

2024-01-22 18:19:23 - [TEST_STEP][PASSED] - strSellerVol3 = strSellerVol3.toDouble() * 1000: null

2024-01-22 18:19:23 - [TEST_STEP][PASSED] - strAccDist = getText(findTestObject("Stockbit/Bandarmology_AccDist")): Text of object 'Object Repository/Stockbit/Bandarmology_AccDist' is: 'Dist'

2024-01-22 18:19:23 - [MESSAGE][PASSED] - Text of object 'Object Repository/Stockbit/Bandarmology_AccDist' is: 'Dist'

2024-01-22 18:19:23 - [TEST_STEP][PASSED] - strNetVol = getText(findTestObject("Stockbit/Bandarmology_NetVol")): Text of object 'Object Repository/Stockbit/Bandarmology_NetVol' is: '19,226'

2024-01-22 18:19:24 - [MESSAGE][PASSED] - Text of object 'Object Repository/Stockbit/Bandarmology_NetVol' is: '19,226'

2024-01-22 18:19:24 - [TEST_STEP][PASSED] - strNetVol = strNetVol.replace(",", ""): null

2024-01-22 18:19:24 - [TEST_STEP][PASSED] - strNetVal = getText(findTestObject("Stockbit/Bandarmology_NetVal")): Text of object 'Object Repository/Stockbit/Bandarmology_NetVal' is: '0.8 B'

2024-01-22 18:19:24 - [MESSAGE][PASSED] - Text of object 'Object Repository/Stockbit/Bandarmology_NetVal' is: '0.8 B'

2024-01-22 18:19:24 - [TEST_STEP][PASSED] - delay(3): Delayed 3 second(s)

2024-01-22 18:19:27 - [MESSAGE][PASSED] - Delayed 3 second(s)

2024-01-22 18:19:27 - [TEST_STEP][PASSED] - strOpenPrice = getText(findTestObject("Stockbit/Home_OpenPrice")): Text of object 'Object Repository/Stockbit/Home_OpenPrice' is: '426'

2024-01-22 18:19:27 - [MESSAGE][PASSED] - Text of object 'Object Repository/Stockbit/Home_OpenPrice' is: '426'

2024-01-22 18:19:27 - [TEST_STEP][PASSED] - strOpenPrice = strOpenPrice.replace(",", ""): null

2024-01-22 18:19:27 - [TEST_STEP][PASSED] - strLowPrice = getText(findTestObject("Stockbit/Home_LowPrice")): Text of object 'Object Repository/Stockbit/Home_LowPrice' is: '426'

2024-01-22 18:19:27 - [MESSAGE][PASSED] - Text of object 'Object Repository/Stockbit/Home_LowPrice' is: '426'

2024-01-22 18:19:27 - [TEST_STEP][PASSED] - strLowPrice = strLowPrice.replace(",", ""): null

2024-01-22 18:19:27 - [TEST_STEP][PASSED] - strHighPrice = getText(findTestObject("Stockbit/Home_HighPrice")): Text of object 'Object Repository/Stockbit/Home_HighPrice' is: '432'

2024-01-22 18:19:27 - [MESSAGE][PASSED] - Text of object 'Object Repository/Stockbit/Home_HighPrice' is: '432'

2024-01-22 18:19:27 - [TEST_STEP][PASSED] - strHighPrice = strHighPrice.replace(",", ""): null

2024-01-22 18:19:27 - [TEST_STEP][PASSED] - strClosePrice = getText(findTestObject("Stockbit/Home_ClosePrice")): Text of object 'Object Repository/Stockbit/Home_ClosePrice' is: '430'

2024-01-22 18:19:27 - [MESSAGE][PASSED] - Text of object 'Object Repository/Stockbit/Home_ClosePrice' is: '430'

2024-01-22 18:19:27 - [TEST_STEP][PASSED] - strClosePrice = strClosePrice.replace(",", ""): null

2024-01-22 18:19:27 - [TEST_STEP][PASSED] - strVol = getText(findTestObject("Stockbit/Home_Volume")): Text of object 'Object Repository/Stockbit/Home_Volume' is: '47 K'

2024-01-22 18:19:27 - [MESSAGE][PASSED] - Text of object 'Object Repository/Stockbit/Home_Volume' is: '47 K'

2024-01-22 18:19:27 - [TEST_STEP][PASSED] - if (strVol.contains(" K")): null

2024-01-22 18:19:27 - [TEST_STEP][PASSED] - strVol = strVol.replace(" K", "000"): null

2024-01-22 18:19:27 - [TEST_STEP][PASSED] - if (strVol.contains(",")): null

2024-01-22 18:19:27 - [TEST_STEP][PASSED] - strChange = getText(findTestObject("Stockbit/Home_Change")): Text of object 'Object Repository/Stockbit/Home_Change' is: '0.94%'

2024-01-22 18:19:27 - [MESSAGE][PASSED] - Text of object 'Object Repository/Stockbit/Home_Change' is: '0.94%'

2024-01-22 18:19:27 - [TEST_STEP][PASSED] - strChange = strChange.replace("%", ""): null

2024-01-22 18:19:27 - [TEST_STEP][PASSED] - strFreq = getText(findTestObject("Stockbit/Home_Freq")): Text of object 'Object Repository/Stockbit/Home_Freq' is: '286'

2024-01-22 18:19:28 - [MESSAGE][PASSED] - Text of object 'Object Repository/Stockbit/Home_Freq' is: '286'

2024-01-22 18:19:28 - [TEST_STEP][PASSED] - if (strFreq.contains(",")): null

2024-01-22 18:19:28 - [TEST_STEP][PASSED] - if (strFreq == "NA" || strFreq == ""): null

2024-01-22 18:19:28 - [TEST_STEP][PASSED] - else: null

2024-01-22 18:19:28 - [TEST_STEP][PASSED] - dblFreqAnal = strVol.toDouble() / strFreq.toDouble() * strFreq.toDouble() * strFreq.toDouble() * 100000000: null

2024-01-22 18:19:28 - [TEST_STEP][PASSED] - strFreqAnal = String.format("%.4f", dblFreqAnal): null

2024-01-22 18:19:28 - [TEST_STEP][PASSED] - out.println("Double strFreqAnal: " + strFreqAnal): null

2024-01-22 18:19:28 - [TEST_STEP][PASSED] - strTanggal = d.format(DateTimeFormatter.ofPattern("yyyy-MM-dd")): null

2024-01-22 18:19:28 - [TEST_STEP][PASSED] - strTanggal = "#" + strTanggal + "#": null

2024-01-22 18:19:28 - [TEST_STEP][PASSED] - strSQL = "select count(*) as JumBaris from TblBrokSum where Nama = '" + strNama + "' and Tanggal = " + strTanggal + "": null

2024-01-22 18:19:28 - [TEST_STEP][PASSED] - resultSet = statement.executeQuery(strSQL): null

2024-01-22 18:19:28 - [TEST_STEP][PASSED] - resultSet.next(): null

2024-01-22 18:19:28 - [TEST_STEP][PASSED] - intJumBaris = resultSet.getInt("JumBaris"): null

2024-01-22 18:19:28 - [TEST_STEP][PASSED] - if (intJumBaris > 0): null

2024-01-22 18:19:28 - [TEST_STEP][PASSED] - else: null

2024-01-22 18:19:28 - [TEST_STEP][PASSED] - try: null

2024-01-22 18:19:28 - [TEST_STEP][PASSED] - out.println("Insert data"): null

2024-01-22 18:19:28 - [TEST_STEP][PASSED] - strSQL = "insert into TblBrokSum (nama, tanggal, top1, top2, top3, AllBrokAvg, AccDist, AvgRP, " + "Buyer1, BuyerVal1, BuyerAvg1, Seller1, SellerVal1, SellerAvg1, Buyer2, BuyerVal2, BuyerAvg2, " + "Seller2, SellerVal2, SellerAvg2, Buyer3, BuyerVal3, BuyerAvg3, Seller3, SellerVal3, SellerAvg3, NetVol, NetVal, " + "OpenPrice, LowPrice, HighPrice, ClosePrice, Volume, Change, Frekuensi, FrekAnal) " + "values ('" + strNama + "', " + strTanggal + ", '" + strTop1 + "', '" + strTop3 + "', '" + strTop5 + "', " + "'" + strAllBrokAvg + "', '" + strAccDist + "', " + intAvgRP + ", '" + strBuyer1 + "', '" + strBuyerVol1 + "', " + strBuyerAvg1 + ", " + "'" + strSeller1 + "', '" + strSellerVol1 + "', " + strSellerAvg1 + ", '" + strBuyer2 + "', '" + strBuyerVol2 + "', " + strBuyerAvg2 + ", " + "'" + strSeller2 + "', '" + strSellerVol2 + "', " + strSellerAvg2 + ", '" + strBuyer3 + "', '" + strBuyerVol3 + "', " + strBuyerAvg3 + ", " + "'" + strSeller3 + "', '" + strSellerVol3 + "', " + strSellerAvg3 + ", " + strNetVol + ", '" + strNetVal + "', " + "" + strOpenPrice + ", " + strLowPrice + ", " + strHighPrice + ", " + strClosePrice + ", '" + strVol + "', " + strChange + ", " + strFreq + ", " + strFreqAnal + ");": null

2024-01-22 18:19:28 - [TEST_STEP][PASSED] - out.println("strSQL = " + strSQL): null

2024-01-22 18:19:28 - [TEST_STEP][PASSED] - statement.executeUpdate(strSQL): null

2024-01-22 18:19:28 - [TEST_STEP][PASSED] - setValueToCellByIndex(sheet01, rowIndex, 4, "DONE"): null

2024-01-22 18:19:28 - [TEST_STEP][PASSED] - saveWorkbook(excelFilePath, workbook01): null

2024-01-22 18:19:28 - [TEST_STEP][PASSED] - waitForElementClickable(findTestObject("Stockbit/menu_Bandarmology"), 10): Object 'Object Repository/Stockbit/menu_Bandarmology' is clickable

2024-01-22 18:19:28 - [MESSAGE][PASSED] - Object 'Object Repository/Stockbit/menu_Bandarmology' is clickable

2024-01-22 18:19:28 - [TEST_STEP][PASSED] - click(findTestObject("Stockbit/menu_Bandarmology")): Object: 'Object Repository/Stockbit/menu_Bandarmology' is clicked on

2024-01-22 18:19:28 - [MESSAGE][PASSED] - Object: 'Object Repository/Stockbit/menu_Bandarmology' is clicked on

2024-01-22 18:19:28 - [TEST_STEP][PASSED] - strTemp = "NA": null

2024-01-22 18:19:28 - [TEST_STEP][PASSED] - if (getCellValueByIndex(sheet01, rowIndex, 4) != "DONE"): Object: 'Object Repository/Stockbit/menu_Bandarmology' is clicked on

2024-01-22 18:19:28 - [TEST_STEP][PASSED] - strNama = getCellValueByIndex(sheet01, rowIndex, 0): null

2024-01-22 18:19:28 - [TEST_STEP][PASSED] - navigateToUrl("https://stockbit.com/#/symbol/" + strNama): Navigate to 'https://stockbit.com/#/symbol/ERTX' successfully

2024-01-22 18:19:35 - [MESSAGE][PASSED] - Navigate to 'https://stockbit.com/#/symbol/ERTX' successfully

2024-01-22 18:19:35 - [TEST_STEP][PASSED] - waitForElementClickable(findTestObject("Stockbit/menu_Bandarmology"), 10): Object 'Object Repository/Stockbit/menu_Bandarmology' is clickable

2024-01-22 18:19:35 - [MESSAGE][PASSED] - Object 'Object Repository/Stockbit/menu_Bandarmology' is clickable

2024-01-22 18:19:35 - [TEST_STEP][PASSED] - click(findTestObject("Stockbit/menu_Bandarmology")): Object: 'Object Repository/Stockbit/menu_Bandarmology' is clicked on

2024-01-22 18:19:35 - [MESSAGE][PASSED] - Object: 'Object Repository/Stockbit/menu_Bandarmology' is clicked on

2024-01-22 18:19:35 - [TEST_STEP][PASSED] - strTanggal = d.format(DateTimeFormatter.ofPattern("MMM dd, yyyy")): null

2024-01-22 18:19:35 - [TEST_STEP][PASSED] - strTanggal = d.format(ISO_DATE): null

2024-01-22 18:19:35 - [TEST_STEP][PASSED] - out.println("strTanggal = " + strTanggal): null

2024-01-22 18:19:35 - [TEST_STEP][PASSED] - out.println("strNama = " + strNama): null

2024-01-22 18:19:35 - [TEST_STEP][PASSED] - out.println("Baris ke = " + rowIndex): null

2024-01-22 18:19:35 - [TEST_STEP][PASSED] - click(findTestObject("Stockbit/input__BandarmologyOpenStartDate")): Object: 'Object Repository/Stockbit/input__BandarmologyOpenStartDate' is clicked on

2024-01-22 18:19:36 - [MESSAGE][PASSED] - Object: 'Object Repository/Stockbit/input__BandarmologyOpenStartDate' is clicked on

2024-01-22 18:19:36 - [TEST_STEP][PASSED] - sendKeys(findTestObject("Stockbit/input__BandarmologyOpenStartDate"), Keys.chord(CONTROL, "a")): Keys 'CONTROL + a' sent to object: 'Object Repository/Stockbit/input__BandarmologyOpenStartDate'

2024-01-22 18:19:37 - [MESSAGE][PASSED] - Keys 'CONTROL + a' sent to object: 'Object Repository/Stockbit/input__BandarmologyOpenStartDate'

2024-01-22 18:19:37 - [TEST_STEP][PASSED] - sendKeys(findTestObject("Stockbit/input__BandarmologyOpenStartDate"), Keys.chord(BACK_SPACE)): Keys 'BACK_SPACE + ' sent to object: 'Object Repository/Stockbit/input__BandarmologyOpenStartDate'

2024-01-22 18:19:37 - [MESSAGE][PASSED] - Keys 'BACK_SPACE + ' sent to object: 'Object Repository/Stockbit/input__BandarmologyOpenStartDate'

2024-01-22 18:19:37 - [TEST_STEP][PASSED] - setText(findTestObject("Stockbit/input__BandarmologyOpenStartDate"), strTanggal): Text '2024-01-22' is set on object 'Object Repository/Stockbit/input__BandarmologyOpenStartDate'

2024-01-22 18:19:38 - [MESSAGE][PASSED] - Text '2024-01-22' is set on object 'Object Repository/Stockbit/input__BandarmologyOpenStartDate'

2024-01-22 18:19:38 - [TEST_STEP][PASSED] - sendKeys(findTestObject("Stockbit/input__BandarmologyOpenStartDate"), Keys.chord(ENTER)): Keys 'ENTER + ' sent to object: 'Object Repository/Stockbit/input__BandarmologyOpenStartDate'

2024-01-22 18:19:38 - [MESSAGE][PASSED] - Keys 'ENTER + ' sent to object: 'Object Repository/Stockbit/input__BandarmologyOpenStartDate'

2024-01-22 18:19:38 - [TEST_STEP][PASSED] - click(findTestObject("Stockbit/input__BandarmologyOpenEndDate")): Object: 'Object Repository/Stockbit/input__BandarmologyOpenEndDate' is clicked on

2024-01-22 18:19:39 - [MESSAGE][PASSED] - Object: 'Object Repository/Stockbit/input__BandarmologyOpenEndDate' is clicked on

2024-01-22 18:19:39 - [TEST_STEP][PASSED] - sendKeys(findTestObject("Stockbit/input__BandarmologyOpenEndDate"), Keys.chord(CONTROL, "a")): Keys 'CONTROL + a' sent to object: 'Object Repository/Stockbit/input__BandarmologyOpenEndDate'

2024-01-22 18:19:39 - [MESSAGE][PASSED] - Keys 'CONTROL + a' sent to object: 'Object Repository/Stockbit/input__BandarmologyOpenEndDate'

2024-01-22 18:19:39 - [TEST_STEP][PASSED] - sendKeys(findTestObject("Stockbit/input__BandarmologyOpenEndDate"), Keys.chord(BACK_SPACE)): Keys 'BACK_SPACE + ' sent to object: 'Object Repository/Stockbit/input__BandarmologyOpenEndDate'

2024-01-22 18:19:39 - [MESSAGE][PASSED] - Keys 'BACK_SPACE + ' sent to object: 'Object Repository/Stockbit/input__BandarmologyOpenEndDate'

2024-01-22 18:19:39 - [TEST_STEP][PASSED] - setText(findTestObject("Stockbit/input__BandarmologyOpenEndDate"), strTanggal): Text '2024-01-22' is set on object 'Object Repository/Stockbit/input__BandarmologyOpenEndDate'

2024-01-22 18:19:40 - [MESSAGE][PASSED] - Text '2024-01-22' is set on object 'Object Repository/Stockbit/input__BandarmologyOpenEndDate'

2024-01-22 18:19:40 - [TEST_STEP][PASSED] - sendKeys(findTestObject("Stockbit/input__BandarmologyOpenEndDate"), Keys.chord(ENTER)): Keys 'ENTER + ' sent to object: 'Object Repository/Stockbit/input__BandarmologyOpenEndDate'

2024-01-22 18:19:40 - [MESSAGE][PASSED] - Keys 'ENTER + ' sent to object: 'Object Repository/Stockbit/input__BandarmologyOpenEndDate'

2024-01-22 18:19:40 - [TEST_STEP][PASSED] - delay(2): Delayed 2 second(s)

2024-01-22 18:19:43 - [MESSAGE][PASSED] - Delayed 2 second(s)

2024-01-22 18:19:43 - [TEST_STEP][PASSED] - strTemp = getText(findTestObject("Stockbit/Bandarmology_AvgRP")): Text of object 'Object Repository/Stockbit/Bandarmology_AvgRP' is: '260'

2024-01-22 18:19:43 - [MESSAGE][PASSED] - Text of object 'Object Repository/Stockbit/Bandarmology_AvgRP' is: '260'

2024-01-22 18:19:43 - [TEST_STEP][PASSED] - out.println("Bandarmology_AvgRP = " + strTemp): null

2024-01-22 18:19:43 - [TEST_STEP][PASSED] - if (strTemp != "0"): null

2024-01-22 18:19:43 - [TEST_STEP][PASSED] - strTop1 = getText(findTestObject("Stockbit/Bandarmology_Top1")): Text of object 'Object Repository/Stockbit/Bandarmology_Top1' is: 'Small Dist'

2024-01-22 18:19:43 - [MESSAGE][PASSED] - Text of object 'Object Repository/Stockbit/Bandarmology_Top1' is: 'Small Dist'

2024-01-22 18:19:43 - [TEST_STEP][PASSED] - strTop3 = getText(findTestObject("Stockbit/Bandarmology_Top3")): Text of object 'Object Repository/Stockbit/Bandarmology_Top3' is: 'Small Acc'

2024-01-22 18:19:43 - [MESSAGE][PASSED] - Text of object 'Object Repository/Stockbit/Bandarmology_Top3' is: 'Small Acc'

2024-01-22 18:19:43 - [TEST_STEP][PASSED] - strTop5 = getText(findTestObject("Stockbit/Bandarmology_Top5")): Text of object 'Object Repository/Stockbit/Bandarmology_Top5' is: 'Neutral'

2024-01-22 18:19:43 - [MESSAGE][PASSED] - Text of object 'Object Repository/Stockbit/Bandarmology_Top5' is: 'Neutral'

2024-01-22 18:19:43 - [TEST_STEP][PASSED] - strAllBrokAvg = getText(findTestObject("Stockbit/Bandarmology_TopAVG")): Text of object 'Object Repository/Stockbit/Bandarmology_TopAVG' is: 'Neutral'

2024-01-22 18:19:43 - [MESSAGE][PASSED] - Text of object 'Object Repository/Stockbit/Bandarmology_TopAVG' is: 'Neutral'

2024-01-22 18:19:43 - [TEST_STEP][PASSED] - strTemp = getText(findTestObject("Stockbit/Bandarmology_AvgRP")): Text of object 'Object Repository/Stockbit/Bandarmology_AvgRP' is: '260'

2024-01-22 18:19:43 - [MESSAGE][PASSED] - Text of object 'Object Repository/Stockbit/Bandarmology_AvgRP' is: '260'

2024-01-22 18:19:43 - [TEST_STEP][PASSED] - if (strTemp.contains(",")): null

2024-01-22 18:19:43 - [TEST_STEP][PASSED] - intAvgRP = strTemp.toInteger(): null

2024-01-22 18:19:43 - [TEST_STEP][PASSED] - strBuyer1 = getText(findTestObject("Stockbit/Bandarmology_Buyer1")): Text of object 'Object Repository/Stockbit/Bandarmology_Buyer1' is: 'LG'

2024-01-22 18:19:43 - [MESSAGE][PASSED] - Text of object 'Object Repository/Stockbit/Bandarmology_Buyer1' is: 'LG'

2024-01-22 18:19:43 - [TEST_STEP][PASSED] - strBuyerVol1 = getText(findTestObject("Stockbit/Bandarmology_BuyerVol1")): Text of object 'Object Repository/Stockbit/Bandarmology_BuyerVol1' is: '140'

2024-01-22 18:19:43 - [MESSAGE][PASSED] - Text of object 'Object Repository/Stockbit/Bandarmology_BuyerVol1' is: '140'

2024-01-22 18:19:43 - [TEST_STEP][PASSED] - strBuyerAvg1 = getText(findTestObject("Stockbit/Bandarmology_BuyerAvg1")): Text of object 'Object Repository/Stockbit/Bandarmology_BuyerAvg1' is: '260'

2024-01-22 18:19:44 - [MESSAGE][PASSED] - Text of object 'Object Repository/Stockbit/Bandarmology_BuyerAvg1' is: '260'

2024-01-22 18:19:44 - [TEST_STEP][PASSED] - if (strBuyerAvg1.contains(",")): null

2024-01-22 18:19:44 - [TEST_STEP][PASSED] - if (strBuyerVol1.contains(" B")): null

2024-01-22 18:19:44 - [TEST_STEP][PASSED] - strSeller1 = getText(findTestObject("Stockbit/Bandarmology_Seller1")): Text of object 'Object Repository/Stockbit/Bandarmology_Seller1' is: 'CC'

2024-01-22 18:19:44 - [MESSAGE][PASSED] - Text of object 'Object Repository/Stockbit/Bandarmology_Seller1' is: 'CC'

2024-01-22 18:19:44 - [TEST_STEP][PASSED] - strSellerVol1 = getText(findTestObject("Stockbit/Bandarmology_SellerVol1")): Text of object 'Object Repository/Stockbit/Bandarmology_SellerVol1' is: '187'

2024-01-22 18:19:44 - [MESSAGE][PASSED] - Text of object 'Object Repository/Stockbit/Bandarmology_SellerVol1' is: '187'

2024-01-22 18:19:44 - [TEST_STEP][PASSED] - strSellerAvg1 = getText(findTestObject("Stockbit/Bandarmology_SellerAvg1")): Text of object 'Object Repository/Stockbit/Bandarmology_SellerAvg1' is: '260'

2024-01-22 18:19:44 - [MESSAGE][PASSED] - Text of object 'Object Repository/Stockbit/Bandarmology_SellerAvg1' is: '260'

2024-01-22 18:19:44 - [TEST_STEP][PASSED] - if (strSellerAvg1.contains(",")): null

2024-01-22 18:19:44 - [TEST_STEP][PASSED] - if (strSellerVol1.contains(" B")): null

2024-01-22 18:19:44 - [TEST_STEP][PASSED] - if (verifyElementNotPresent(findTestObject("Stockbit/Bandarmology_Buyer2"), 1, OPTIONAL)): Web element with id: 'Object Repository/Stockbit/Bandarmology_Buyer2' located by 'By.xpath: //*[contains(@id, 'rc-tabs-')]/div[2]/div/div/div/div/div/div[2]/table/tbody/tr[3]/td[1]/p' is present after '1' second(s) (Root cause: com.kms.katalon.core.exception.StepFailedException: Web element with id: 'Object Repository/Stockbit/Bandarmology_Buyer2' located by 'By.xpath: //*[contains(@id, 'rc-tabs-')]/div[2]/div/div/div/div/div/div[2]/table/tbody/tr[3]/td[1]/p' is present after '1' second(s)
	at com.kms.katalon.core.webui.keyword.internal.WebUIKeywordMain.stepFailed(WebUIKeywordMain.groovy:64)
	at com.kms.katalon.core.webui.keyword.internal.WebUIKeywordMain$stepFailed$0.call(Unknown Source)
	at com.kms.katalon.core.webui.keyword.builtin.VerifyElementNotPresentKeyword$_verifyElementNotPresent_closure1.doCall(VerifyElementNotPresentKeyword.groovy:106)
	at com.kms.katalon.core.webui.keyword.builtin.VerifyElementNotPresentKeyword$_verifyElementNotPresent_closure1.doCall(VerifyElementNotPresentKeyword.groovy)
	at com.kms.katalon.core.webui.keyword.internal.WebUIKeywordMain.runKeyword(WebUIKeywordMain.groovy:20)
	at com.kms.katalon.core.webui.keyword.internal.WebUIKeywordMain$runKeyword.call(Unknown Source)
	at com.kms.katalon.core.webui.keyword.builtin.VerifyElementNotPresentKeyword.verifyElementNotPresent(VerifyElementNotPresentKeyword.groovy:117)
	at com.kms.katalon.core.webui.keyword.builtin.VerifyElementNotPresentKeyword.execute(VerifyElementNotPresentKeyword.groovy:68)
	at com.kms.katalon.core.keyword.internal.KeywordExecutor.executeKeywordForPlatform(KeywordExecutor.groovy:74)
	at com.kms.katalon.core.webui.keyword.WebUiBuiltInKeywords.verifyElementNotPresent(WebUiBuiltInKeywords.groovy:1481)
	at com.kms.katalon.core.webui.keyword.WebUiBuiltInKeywords$verifyElementNotPresent$8.call(Unknown Source)
	at GetBrokSumPriceDaily.run(GetBrokSumPriceDaily:258)
	at com.kms.katalon.core.main.ScriptEngine.run(ScriptEngine.java:194)
	at com.kms.katalon.core.main.ScriptEngine.runScriptAsRawText(ScriptEngine.java:119)
	at com.kms.katalon.core.main.TestCaseExecutor.runScript(TestCaseExecutor.java:445)
	at com.kms.katalon.core.main.TestCaseExecutor.doExecute(TestCaseExecutor.java:436)
	at com.kms.katalon.core.main.TestCaseExecutor.processExecutionPhase(TestCaseExecutor.java:415)
	at com.kms.katalon.core.main.TestCaseExecutor.accessMainPhase(TestCaseExecutor.java:407)
	at com.kms.katalon.core.main.TestCaseExecutor.execute(TestCaseExecutor.java:284)
	at com.kms.katalon.core.common.CommonExecutor.accessTestCaseMainPhase(CommonExecutor.java:65)
	at com.kms.katalon.core.main.TestSuiteExecutor.accessTestSuiteMainPhase(TestSuiteExecutor.java:144)
	at com.kms.katalon.core.main.TestSuiteExecutor.execute(TestSuiteExecutor.java:106)
	at com.kms.katalon.core.main.TestCaseMain.startTestSuite(TestCaseMain.java:185)
	at com.kms.katalon.core.main.TestCaseMain$startTestSuite$0.call(Unknown Source)
	at TempTestSuite1705922193915.run(TempTestSuite1705922193915.groovy:36)
)

2024-01-22 18:19:45 - [MESSAGE][WARNING] - Web element with id: 'Object Repository/Stockbit/Bandarmology_Buyer2' located by 'By.xpath: //*[contains(@id, 'rc-tabs-')]/div[2]/div/div/div/div/div/div[2]/table/tbody/tr[3]/td[1]/p' is present after '1' second(s) (Root cause: com.kms.katalon.core.exception.StepFailedException: Web element with id: 'Object Repository/Stockbit/Bandarmology_Buyer2' located by 'By.xpath: //*[contains(@id, 'rc-tabs-')]/div[2]/div/div/div/div/div/div[2]/table/tbody/tr[3]/td[1]/p' is present after '1' second(s)
	at com.kms.katalon.core.webui.keyword.internal.WebUIKeywordMain.stepFailed(WebUIKeywordMain.groovy:64)
	at com.kms.katalon.core.webui.keyword.internal.WebUIKeywordMain$stepFailed$0.call(Unknown Source)
	at com.kms.katalon.core.webui.keyword.builtin.VerifyElementNotPresentKeyword$_verifyElementNotPresent_closure1.doCall(VerifyElementNotPresentKeyword.groovy:106)
	at com.kms.katalon.core.webui.keyword.builtin.VerifyElementNotPresentKeyword$_verifyElementNotPresent_closure1.doCall(VerifyElementNotPresentKeyword.groovy)
	at com.kms.katalon.core.webui.keyword.internal.WebUIKeywordMain.runKeyword(WebUIKeywordMain.groovy:20)
	at com.kms.katalon.core.webui.keyword.internal.WebUIKeywordMain$runKeyword.call(Unknown Source)
	at com.kms.katalon.core.webui.keyword.builtin.VerifyElementNotPresentKeyword.verifyElementNotPresent(VerifyElementNotPresentKeyword.groovy:117)
	at com.kms.katalon.core.webui.keyword.builtin.VerifyElementNotPresentKeyword.execute(VerifyElementNotPresentKeyword.groovy:68)
	at com.kms.katalon.core.keyword.internal.KeywordExecutor.executeKeywordForPlatform(KeywordExecutor.groovy:74)
	at com.kms.katalon.core.webui.keyword.WebUiBuiltInKeywords.verifyElementNotPresent(WebUiBuiltInKeywords.groovy:1481)
	at com.kms.katalon.core.webui.keyword.WebUiBuiltInKeywords$verifyElementNotPresent$8.call(Unknown Source)
	at GetBrokSumPriceDaily.run(GetBrokSumPriceDaily:258)
	at com.kms.katalon.core.main.ScriptEngine.run(ScriptEngine.java:194)
	at com.kms.katalon.core.main.ScriptEngine.runScriptAsRawText(ScriptEngine.java:119)
	at com.kms.katalon.core.main.TestCaseExecutor.runScript(TestCaseExecutor.java:445)
	at com.kms.katalon.core.main.TestCaseExecutor.doExecute(TestCaseExecutor.java:436)
	at com.kms.katalon.core.main.TestCaseExecutor.processExecutionPhase(TestCaseExecutor.java:415)
	at com.kms.katalon.core.main.TestCaseExecutor.accessMainPhase(TestCaseExecutor.java:407)
	at com.kms.katalon.core.main.TestCaseExecutor.execute(TestCaseExecutor.java:284)
	at com.kms.katalon.core.common.CommonExecutor.accessTestCaseMainPhase(CommonExecutor.java:65)
	at com.kms.katalon.core.main.TestSuiteExecutor.accessTestSuiteMainPhase(TestSuiteExecutor.java:144)
	at com.kms.katalon.core.main.TestSuiteExecutor.execute(TestSuiteExecutor.java:106)
	at com.kms.katalon.core.main.TestCaseMain.startTestSuite(TestCaseMain.java:185)
	at com.kms.katalon.core.main.TestCaseMain$startTestSuite$0.call(Unknown Source)
	at TempTestSuite1705922193915.run(TempTestSuite1705922193915.groovy:36)
)
[[ATTACHMENT|C:\\Users\\Fadli\\git\\KatalonDailyGetData2\\Reports\\20240122_174123\\TS1\\20240122_181633\\1705922385611.png]]

2024-01-22 18:19:45 - [TEST_STEP][PASSED] - else: null

2024-01-22 18:19:45 - [TEST_STEP][PASSED] - strBuyer2 = getText(findTestObject("Stockbit/Bandarmology_Buyer2")): Text of object 'Object Repository/Stockbit/Bandarmology_Buyer2' is: 'XC'

2024-01-22 18:19:45 - [MESSAGE][PASSED] - Text of object 'Object Repository/Stockbit/Bandarmology_Buyer2' is: 'XC'

2024-01-22 18:19:45 - [TEST_STEP][PASSED] - strBuyerVol2 = getText(findTestObject("Stockbit/Bandarmology_BuyerVol2")): Text of object 'Object Repository/Stockbit/Bandarmology_BuyerVol2' is: '135'

2024-01-22 18:19:45 - [MESSAGE][PASSED] - Text of object 'Object Repository/Stockbit/Bandarmology_BuyerVol2' is: '135'

2024-01-22 18:19:46 - [TEST_STEP][PASSED] - strBuyerAvg2 = getText(findTestObject("Stockbit/Bandarmology_BuyerAvg2")): Text of object 'Object Repository/Stockbit/Bandarmology_BuyerAvg2' is: '261'

2024-01-22 18:19:46 - [MESSAGE][PASSED] - Text of object 'Object Repository/Stockbit/Bandarmology_BuyerAvg2' is: '261'

2024-01-22 18:19:46 - [TEST_STEP][PASSED] - if (strBuyer2 != ""): null

2024-01-22 18:19:46 - [TEST_STEP][PASSED] - if (strBuyerAvg2.contains(",")): null

2024-01-22 18:19:46 - [TEST_STEP][PASSED] - if (strBuyerVol2.contains(" B")): null

2024-01-22 18:19:46 - [TEST_STEP][PASSED] - if (strBuyerVol2.contains(".")): null

2024-01-22 18:19:46 - [TEST_STEP][PASSED] - if (verifyElementNotPresent(findTestObject("Stockbit/Bandarmology_Seller2"), 1, OPTIONAL)): Web element with id: 'Object Repository/Stockbit/Bandarmology_Seller2' located by 'By.xpath: //*[contains(@id, 'rc-tabs-')]/div[2]/div/div/div/div/div/div[2]/table/tbody/tr[3]/td[5]/p' is present after '1' second(s) (Root cause: com.kms.katalon.core.exception.StepFailedException: Web element with id: 'Object Repository/Stockbit/Bandarmology_Seller2' located by 'By.xpath: //*[contains(@id, 'rc-tabs-')]/div[2]/div/div/div/div/div/div[2]/table/tbody/tr[3]/td[5]/p' is present after '1' second(s)
	at com.kms.katalon.core.webui.keyword.internal.WebUIKeywordMain.stepFailed(WebUIKeywordMain.groovy:64)
	at com.kms.katalon.core.webui.keyword.internal.WebUIKeywordMain$stepFailed$0.call(Unknown Source)
	at com.kms.katalon.core.webui.keyword.builtin.VerifyElementNotPresentKeyword$_verifyElementNotPresent_closure1.doCall(VerifyElementNotPresentKeyword.groovy:106)
	at com.kms.katalon.core.webui.keyword.builtin.VerifyElementNotPresentKeyword$_verifyElementNotPresent_closure1.doCall(VerifyElementNotPresentKeyword.groovy)
	at com.kms.katalon.core.webui.keyword.internal.WebUIKeywordMain.runKeyword(WebUIKeywordMain.groovy:20)
	at com.kms.katalon.core.webui.keyword.internal.WebUIKeywordMain$runKeyword.call(Unknown Source)
	at com.kms.katalon.core.webui.keyword.builtin.VerifyElementNotPresentKeyword.verifyElementNotPresent(VerifyElementNotPresentKeyword.groovy:117)
	at com.kms.katalon.core.webui.keyword.builtin.VerifyElementNotPresentKeyword.execute(VerifyElementNotPresentKeyword.groovy:68)
	at com.kms.katalon.core.keyword.internal.KeywordExecutor.executeKeywordForPlatform(KeywordExecutor.groovy:74)
	at com.kms.katalon.core.webui.keyword.WebUiBuiltInKeywords.verifyElementNotPresent(WebUiBuiltInKeywords.groovy:1481)
	at com.kms.katalon.core.webui.keyword.WebUiBuiltInKeywords$verifyElementNotPresent$8.call(Unknown Source)
	at GetBrokSumPriceDaily.run(GetBrokSumPriceDaily:309)
	at com.kms.katalon.core.main.ScriptEngine.run(ScriptEngine.java:194)
	at com.kms.katalon.core.main.ScriptEngine.runScriptAsRawText(ScriptEngine.java:119)
	at com.kms.katalon.core.main.TestCaseExecutor.runScript(TestCaseExecutor.java:445)
	at com.kms.katalon.core.main.TestCaseExecutor.doExecute(TestCaseExecutor.java:436)
	at com.kms.katalon.core.main.TestCaseExecutor.processExecutionPhase(TestCaseExecutor.java:415)
	at com.kms.katalon.core.main.TestCaseExecutor.accessMainPhase(TestCaseExecutor.java:407)
	at com.kms.katalon.core.main.TestCaseExecutor.execute(TestCaseExecutor.java:284)
	at com.kms.katalon.core.common.CommonExecutor.accessTestCaseMainPhase(CommonExecutor.java:65)
	at com.kms.katalon.core.main.TestSuiteExecutor.accessTestSuiteMainPhase(TestSuiteExecutor.java:144)
	at com.kms.katalon.core.main.TestSuiteExecutor.execute(TestSuiteExecutor.java:106)
	at com.kms.katalon.core.main.TestCaseMain.startTestSuite(TestCaseMain.java:185)
	at com.kms.katalon.core.main.TestCaseMain$startTestSuite$0.call(Unknown Source)
	at TempTestSuite1705922193915.run(TempTestSuite1705922193915.groovy:36)
)

2024-01-22 18:19:47 - [MESSAGE][WARNING] - Web element with id: 'Object Repository/Stockbit/Bandarmology_Seller2' located by 'By.xpath: //*[contains(@id, 'rc-tabs-')]/div[2]/div/div/div/div/div/div[2]/table/tbody/tr[3]/td[5]/p' is present after '1' second(s) (Root cause: com.kms.katalon.core.exception.StepFailedException: Web element with id: 'Object Repository/Stockbit/Bandarmology_Seller2' located by 'By.xpath: //*[contains(@id, 'rc-tabs-')]/div[2]/div/div/div/div/div/div[2]/table/tbody/tr[3]/td[5]/p' is present after '1' second(s)
	at com.kms.katalon.core.webui.keyword.internal.WebUIKeywordMain.stepFailed(WebUIKeywordMain.groovy:64)
	at com.kms.katalon.core.webui.keyword.internal.WebUIKeywordMain$stepFailed$0.call(Unknown Source)
	at com.kms.katalon.core.webui.keyword.builtin.VerifyElementNotPresentKeyword$_verifyElementNotPresent_closure1.doCall(VerifyElementNotPresentKeyword.groovy:106)
	at com.kms.katalon.core.webui.keyword.builtin.VerifyElementNotPresentKeyword$_verifyElementNotPresent_closure1.doCall(VerifyElementNotPresentKeyword.groovy)
	at com.kms.katalon.core.webui.keyword.internal.WebUIKeywordMain.runKeyword(WebUIKeywordMain.groovy:20)
	at com.kms.katalon.core.webui.keyword.internal.WebUIKeywordMain$runKeyword.call(Unknown Source)
	at com.kms.katalon.core.webui.keyword.builtin.VerifyElementNotPresentKeyword.verifyElementNotPresent(VerifyElementNotPresentKeyword.groovy:117)
	at com.kms.katalon.core.webui.keyword.builtin.VerifyElementNotPresentKeyword.execute(VerifyElementNotPresentKeyword.groovy:68)
	at com.kms.katalon.core.keyword.internal.KeywordExecutor.executeKeywordForPlatform(KeywordExecutor.groovy:74)
	at com.kms.katalon.core.webui.keyword.WebUiBuiltInKeywords.verifyElementNotPresent(WebUiBuiltInKeywords.groovy:1481)
	at com.kms.katalon.core.webui.keyword.WebUiBuiltInKeywords$verifyElementNotPresent$8.call(Unknown Source)
	at GetBrokSumPriceDaily.run(GetBrokSumPriceDaily:309)
	at com.kms.katalon.core.main.ScriptEngine.run(ScriptEngine.java:194)
	at com.kms.katalon.core.main.ScriptEngine.runScriptAsRawText(ScriptEngine.java:119)
	at com.kms.katalon.core.main.TestCaseExecutor.runScript(TestCaseExecutor.java:445)
	at com.kms.katalon.core.main.TestCaseExecutor.doExecute(TestCaseExecutor.java:436)
	at com.kms.katalon.core.main.TestCaseExecutor.processExecutionPhase(TestCaseExecutor.java:415)
	at com.kms.katalon.core.main.TestCaseExecutor.accessMainPhase(TestCaseExecutor.java:407)
	at com.kms.katalon.core.main.TestCaseExecutor.execute(TestCaseExecutor.java:284)
	at com.kms.katalon.core.common.CommonExecutor.accessTestCaseMainPhase(CommonExecutor.java:65)
	at com.kms.katalon.core.main.TestSuiteExecutor.accessTestSuiteMainPhase(TestSuiteExecutor.java:144)
	at com.kms.katalon.core.main.TestSuiteExecutor.execute(TestSuiteExecutor.java:106)
	at com.kms.katalon.core.main.TestCaseMain.startTestSuite(TestCaseMain.java:185)
	at com.kms.katalon.core.main.TestCaseMain$startTestSuite$0.call(Unknown Source)
	at TempTestSuite1705922193915.run(TempTestSuite1705922193915.groovy:36)
)
[[ATTACHMENT|C:\\Users\\Fadli\\git\\KatalonDailyGetData2\\Reports\\20240122_174123\\TS1\\20240122_181633\\1705922387285.png]]

2024-01-22 18:19:47 - [TEST_STEP][PASSED] - else: null

2024-01-22 18:19:47 - [TEST_STEP][PASSED] - strSeller2 = getText(findTestObject("Stockbit/Bandarmology_Seller2")): Text of object 'Object Repository/Stockbit/Bandarmology_Seller2' is: 'XL'

2024-01-22 18:19:47 - [MESSAGE][PASSED] - Text of object 'Object Repository/Stockbit/Bandarmology_Seller2' is: 'XL'

2024-01-22 18:19:47 - [TEST_STEP][PASSED] - strSellerVol2 = getText(findTestObject("Stockbit/Bandarmology_SellerVol2")): Text of object 'Object Repository/Stockbit/Bandarmology_SellerVol2' is: '89'

2024-01-22 18:19:47 - [MESSAGE][PASSED] - Text of object 'Object Repository/Stockbit/Bandarmology_SellerVol2' is: '89'

2024-01-22 18:19:47 - [TEST_STEP][PASSED] - strSellerAvg2 = getText(findTestObject("Stockbit/Bandarmology_SellerAvg2")): Text of object 'Object Repository/Stockbit/Bandarmology_SellerAvg2' is: '258'

2024-01-22 18:19:47 - [MESSAGE][PASSED] - Text of object 'Object Repository/Stockbit/Bandarmology_SellerAvg2' is: '258'

2024-01-22 18:19:47 - [TEST_STEP][PASSED] - if (strSeller2 != ""): null

2024-01-22 18:19:47 - [TEST_STEP][PASSED] - if (strSellerAvg2.contains(",")): null

2024-01-22 18:19:47 - [TEST_STEP][PASSED] - if (strSellerVol2.contains(" B")): null

2024-01-22 18:19:47 - [TEST_STEP][PASSED] - if (verifyElementNotPresent(findTestObject("Stockbit/Bandarmology_Buyer3"), 1, OPTIONAL)): Web element with id: 'Object Repository/Stockbit/Bandarmology_Buyer3' located by 'By.xpath: //*[contains(@id, 'rc-tabs-')]/div[2]/div/div/div/div/div/div[2]/table/tbody/tr[4]/td[1]/p' is present after '1' second(s) (Root cause: com.kms.katalon.core.exception.StepFailedException: Web element with id: 'Object Repository/Stockbit/Bandarmology_Buyer3' located by 'By.xpath: //*[contains(@id, 'rc-tabs-')]/div[2]/div/div/div/div/div/div[2]/table/tbody/tr[4]/td[1]/p' is present after '1' second(s)
	at com.kms.katalon.core.webui.keyword.internal.WebUIKeywordMain.stepFailed(WebUIKeywordMain.groovy:64)
	at com.kms.katalon.core.webui.keyword.internal.WebUIKeywordMain$stepFailed$0.call(Unknown Source)
	at com.kms.katalon.core.webui.keyword.builtin.VerifyElementNotPresentKeyword$_verifyElementNotPresent_closure1.doCall(VerifyElementNotPresentKeyword.groovy:106)
	at com.kms.katalon.core.webui.keyword.builtin.VerifyElementNotPresentKeyword$_verifyElementNotPresent_closure1.doCall(VerifyElementNotPresentKeyword.groovy)
	at com.kms.katalon.core.webui.keyword.internal.WebUIKeywordMain.runKeyword(WebUIKeywordMain.groovy:20)
	at com.kms.katalon.core.webui.keyword.internal.WebUIKeywordMain$runKeyword.call(Unknown Source)
	at com.kms.katalon.core.webui.keyword.builtin.VerifyElementNotPresentKeyword.verifyElementNotPresent(VerifyElementNotPresentKeyword.groovy:117)
	at com.kms.katalon.core.webui.keyword.builtin.VerifyElementNotPresentKeyword.execute(VerifyElementNotPresentKeyword.groovy:68)
	at com.kms.katalon.core.keyword.internal.KeywordExecutor.executeKeywordForPlatform(KeywordExecutor.groovy:74)
	at com.kms.katalon.core.webui.keyword.WebUiBuiltInKeywords.verifyElementNotPresent(WebUiBuiltInKeywords.groovy:1481)
	at com.kms.katalon.core.webui.keyword.WebUiBuiltInKeywords$verifyElementNotPresent$8.call(Unknown Source)
	at GetBrokSumPriceDaily.run(GetBrokSumPriceDaily:361)
	at com.kms.katalon.core.main.ScriptEngine.run(ScriptEngine.java:194)
	at com.kms.katalon.core.main.ScriptEngine.runScriptAsRawText(ScriptEngine.java:119)
	at com.kms.katalon.core.main.TestCaseExecutor.runScript(TestCaseExecutor.java:445)
	at com.kms.katalon.core.main.TestCaseExecutor.doExecute(TestCaseExecutor.java:436)
	at com.kms.katalon.core.main.TestCaseExecutor.processExecutionPhase(TestCaseExecutor.java:415)
	at com.kms.katalon.core.main.TestCaseExecutor.accessMainPhase(TestCaseExecutor.java:407)
	at com.kms.katalon.core.main.TestCaseExecutor.execute(TestCaseExecutor.java:284)
	at com.kms.katalon.core.common.CommonExecutor.accessTestCaseMainPhase(CommonExecutor.java:65)
	at com.kms.katalon.core.main.TestSuiteExecutor.accessTestSuiteMainPhase(TestSuiteExecutor.java:144)
	at com.kms.katalon.core.main.TestSuiteExecutor.execute(TestSuiteExecutor.java:106)
	at com.kms.katalon.core.main.TestCaseMain.startTestSuite(TestCaseMain.java:185)
	at com.kms.katalon.core.main.TestCaseMain$startTestSuite$0.call(Unknown Source)
	at TempTestSuite1705922193915.run(TempTestSuite1705922193915.groovy:36)
)

2024-01-22 18:19:49 - [MESSAGE][WARNING] - Web element with id: 'Object Repository/Stockbit/Bandarmology_Buyer3' located by 'By.xpath: //*[contains(@id, 'rc-tabs-')]/div[2]/div/div/div/div/div/div[2]/table/tbody/tr[4]/td[1]/p' is present after '1' second(s) (Root cause: com.kms.katalon.core.exception.StepFailedException: Web element with id: 'Object Repository/Stockbit/Bandarmology_Buyer3' located by 'By.xpath: //*[contains(@id, 'rc-tabs-')]/div[2]/div/div/div/div/div/div[2]/table/tbody/tr[4]/td[1]/p' is present after '1' second(s)
	at com.kms.katalon.core.webui.keyword.internal.WebUIKeywordMain.stepFailed(WebUIKeywordMain.groovy:64)
	at com.kms.katalon.core.webui.keyword.internal.WebUIKeywordMain$stepFailed$0.call(Unknown Source)
	at com.kms.katalon.core.webui.keyword.builtin.VerifyElementNotPresentKeyword$_verifyElementNotPresent_closure1.doCall(VerifyElementNotPresentKeyword.groovy:106)
	at com.kms.katalon.core.webui.keyword.builtin.VerifyElementNotPresentKeyword$_verifyElementNotPresent_closure1.doCall(VerifyElementNotPresentKeyword.groovy)
	at com.kms.katalon.core.webui.keyword.internal.WebUIKeywordMain.runKeyword(WebUIKeywordMain.groovy:20)
	at com.kms.katalon.core.webui.keyword.internal.WebUIKeywordMain$runKeyword.call(Unknown Source)
	at com.kms.katalon.core.webui.keyword.builtin.VerifyElementNotPresentKeyword.verifyElementNotPresent(VerifyElementNotPresentKeyword.groovy:117)
	at com.kms.katalon.core.webui.keyword.builtin.VerifyElementNotPresentKeyword.execute(VerifyElementNotPresentKeyword.groovy:68)
	at com.kms.katalon.core.keyword.internal.KeywordExecutor.executeKeywordForPlatform(KeywordExecutor.groovy:74)
	at com.kms.katalon.core.webui.keyword.WebUiBuiltInKeywords.verifyElementNotPresent(WebUiBuiltInKeywords.groovy:1481)
	at com.kms.katalon.core.webui.keyword.WebUiBuiltInKeywords$verifyElementNotPresent$8.call(Unknown Source)
	at GetBrokSumPriceDaily.run(GetBrokSumPriceDaily:361)
	at com.kms.katalon.core.main.ScriptEngine.run(ScriptEngine.java:194)
	at com.kms.katalon.core.main.ScriptEngine.runScriptAsRawText(ScriptEngine.java:119)
	at com.kms.katalon.core.main.TestCaseExecutor.runScript(TestCaseExecutor.java:445)
	at com.kms.katalon.core.main.TestCaseExecutor.doExecute(TestCaseExecutor.java:436)
	at com.kms.katalon.core.main.TestCaseExecutor.processExecutionPhase(TestCaseExecutor.java:415)
	at com.kms.katalon.core.main.TestCaseExecutor.accessMainPhase(TestCaseExecutor.java:407)
	at com.kms.katalon.core.main.TestCaseExecutor.execute(TestCaseExecutor.java:284)
	at com.kms.katalon.core.common.CommonExecutor.accessTestCaseMainPhase(CommonExecutor.java:65)
	at com.kms.katalon.core.main.TestSuiteExecutor.accessTestSuiteMainPhase(TestSuiteExecutor.java:144)
	at com.kms.katalon.core.main.TestSuiteExecutor.execute(TestSuiteExecutor.java:106)
	at com.kms.katalon.core.main.TestCaseMain.startTestSuite(TestCaseMain.java:185)
	at com.kms.katalon.core.main.TestCaseMain$startTestSuite$0.call(Unknown Source)
	at TempTestSuite1705922193915.run(TempTestSuite1705922193915.groovy:36)
)
[[ATTACHMENT|C:\\Users\\Fadli\\git\\KatalonDailyGetData2\\Reports\\20240122_174123\\TS1\\20240122_181633\\1705922389080.png]]

2024-01-22 18:19:49 - [TEST_STEP][PASSED] - else: null

2024-01-22 18:19:49 - [TEST_STEP][PASSED] - strBuyer3 = getText(findTestObject("Stockbit/Bandarmology_Buyer3")): Text of object 'Object Repository/Stockbit/Bandarmology_Buyer3' is: 'KK'

2024-01-22 18:19:49 - [MESSAGE][PASSED] - Text of object 'Object Repository/Stockbit/Bandarmology_Buyer3' is: 'KK'

2024-01-22 18:19:49 - [TEST_STEP][PASSED] - strBuyerVol3 = getText(findTestObject("Stockbit/Bandarmology_BuyerVol3")): Text of object 'Object Repository/Stockbit/Bandarmology_BuyerVol3' is: '85'

2024-01-22 18:19:49 - [MESSAGE][PASSED] - Text of object 'Object Repository/Stockbit/Bandarmology_BuyerVol3' is: '85'

2024-01-22 18:19:49 - [TEST_STEP][PASSED] - strBuyerAvg3 = getText(findTestObject("Stockbit/Bandarmology_BuyerAvg3")): Text of object 'Object Repository/Stockbit/Bandarmology_BuyerAvg3' is: '259'

2024-01-22 18:19:49 - [MESSAGE][PASSED] - Text of object 'Object Repository/Stockbit/Bandarmology_BuyerAvg3' is: '259'

2024-01-22 18:19:49 - [TEST_STEP][PASSED] - if (strBuyer3 != ""): null

2024-01-22 18:19:49 - [TEST_STEP][PASSED] - if (strBuyerAvg3.contains(",")): null

2024-01-22 18:19:49 - [TEST_STEP][PASSED] - if (strBuyerVol3.contains(" B")): null

2024-01-22 18:19:49 - [TEST_STEP][PASSED] - if (verifyElementNotPresent(findTestObject("Stockbit/Bandarmology_Seller3"), 1, OPTIONAL)): Web element with id: 'Object Repository/Stockbit/Bandarmology_Seller3' located by 'By.xpath: //*[contains(@id, 'rc-tabs-')]/div[2]/div/div/div/div/div/div[2]/table/tbody/tr[4]/td[5]/p' is present after '1' second(s) (Root cause: com.kms.katalon.core.exception.StepFailedException: Web element with id: 'Object Repository/Stockbit/Bandarmology_Seller3' located by 'By.xpath: //*[contains(@id, 'rc-tabs-')]/div[2]/div/div/div/div/div/div[2]/table/tbody/tr[4]/td[5]/p' is present after '1' second(s)
	at com.kms.katalon.core.webui.keyword.internal.WebUIKeywordMain.stepFailed(WebUIKeywordMain.groovy:64)
	at com.kms.katalon.core.webui.keyword.internal.WebUIKeywordMain$stepFailed$0.call(Unknown Source)
	at com.kms.katalon.core.webui.keyword.builtin.VerifyElementNotPresentKeyword$_verifyElementNotPresent_closure1.doCall(VerifyElementNotPresentKeyword.groovy:106)
	at com.kms.katalon.core.webui.keyword.builtin.VerifyElementNotPresentKeyword$_verifyElementNotPresent_closure1.doCall(VerifyElementNotPresentKeyword.groovy)
	at com.kms.katalon.core.webui.keyword.internal.WebUIKeywordMain.runKeyword(WebUIKeywordMain.groovy:20)
	at com.kms.katalon.core.webui.keyword.internal.WebUIKeywordMain$runKeyword.call(Unknown Source)
	at com.kms.katalon.core.webui.keyword.builtin.VerifyElementNotPresentKeyword.verifyElementNotPresent(VerifyElementNotPresentKeyword.groovy:117)
	at com.kms.katalon.core.webui.keyword.builtin.VerifyElementNotPresentKeyword.execute(VerifyElementNotPresentKeyword.groovy:68)
	at com.kms.katalon.core.keyword.internal.KeywordExecutor.executeKeywordForPlatform(KeywordExecutor.groovy:74)
	at com.kms.katalon.core.webui.keyword.WebUiBuiltInKeywords.verifyElementNotPresent(WebUiBuiltInKeywords.groovy:1481)
	at com.kms.katalon.core.webui.keyword.WebUiBuiltInKeywords$verifyElementNotPresent$8.call(Unknown Source)
	at GetBrokSumPriceDaily.run(GetBrokSumPriceDaily:414)
	at com.kms.katalon.core.main.ScriptEngine.run(ScriptEngine.java:194)
	at com.kms.katalon.core.main.ScriptEngine.runScriptAsRawText(ScriptEngine.java:119)
	at com.kms.katalon.core.main.TestCaseExecutor.runScript(TestCaseExecutor.java:445)
	at com.kms.katalon.core.main.TestCaseExecutor.doExecute(TestCaseExecutor.java:436)
	at com.kms.katalon.core.main.TestCaseExecutor.processExecutionPhase(TestCaseExecutor.java:415)
	at com.kms.katalon.core.main.TestCaseExecutor.accessMainPhase(TestCaseExecutor.java:407)
	at com.kms.katalon.core.main.TestCaseExecutor.execute(TestCaseExecutor.java:284)
	at com.kms.katalon.core.common.CommonExecutor.accessTestCaseMainPhase(CommonExecutor.java:65)
	at com.kms.katalon.core.main.TestSuiteExecutor.accessTestSuiteMainPhase(TestSuiteExecutor.java:144)
	at com.kms.katalon.core.main.TestSuiteExecutor.execute(TestSuiteExecutor.java:106)
	at com.kms.katalon.core.main.TestCaseMain.startTestSuite(TestCaseMain.java:185)
	at com.kms.katalon.core.main.TestCaseMain$startTestSuite$0.call(Unknown Source)
	at TempTestSuite1705922193915.run(TempTestSuite1705922193915.groovy:36)
)

2024-01-22 18:19:50 - [MESSAGE][WARNING] - Web element with id: 'Object Repository/Stockbit/Bandarmology_Seller3' located by 'By.xpath: //*[contains(@id, 'rc-tabs-')]/div[2]/div/div/div/div/div/div[2]/table/tbody/tr[4]/td[5]/p' is present after '1' second(s) (Root cause: com.kms.katalon.core.exception.StepFailedException: Web element with id: 'Object Repository/Stockbit/Bandarmology_Seller3' located by 'By.xpath: //*[contains(@id, 'rc-tabs-')]/div[2]/div/div/div/div/div/div[2]/table/tbody/tr[4]/td[5]/p' is present after '1' second(s)
	at com.kms.katalon.core.webui.keyword.internal.WebUIKeywordMain.stepFailed(WebUIKeywordMain.groovy:64)
	at com.kms.katalon.core.webui.keyword.internal.WebUIKeywordMain$stepFailed$0.call(Unknown Source)
	at com.kms.katalon.core.webui.keyword.builtin.VerifyElementNotPresentKeyword$_verifyElementNotPresent_closure1.doCall(VerifyElementNotPresentKeyword.groovy:106)
	at com.kms.katalon.core.webui.keyword.builtin.VerifyElementNotPresentKeyword$_verifyElementNotPresent_closure1.doCall(VerifyElementNotPresentKeyword.groovy)
	at com.kms.katalon.core.webui.keyword.internal.WebUIKeywordMain.runKeyword(WebUIKeywordMain.groovy:20)
	at com.kms.katalon.core.webui.keyword.internal.WebUIKeywordMain$runKeyword.call(Unknown Source)
	at com.kms.katalon.core.webui.keyword.builtin.VerifyElementNotPresentKeyword.verifyElementNotPresent(VerifyElementNotPresentKeyword.groovy:117)
	at com.kms.katalon.core.webui.keyword.builtin.VerifyElementNotPresentKeyword.execute(VerifyElementNotPresentKeyword.groovy:68)
	at com.kms.katalon.core.keyword.internal.KeywordExecutor.executeKeywordForPlatform(KeywordExecutor.groovy:74)
	at com.kms.katalon.core.webui.keyword.WebUiBuiltInKeywords.verifyElementNotPresent(WebUiBuiltInKeywords.groovy:1481)
	at com.kms.katalon.core.webui.keyword.WebUiBuiltInKeywords$verifyElementNotPresent$8.call(Unknown Source)
	at GetBrokSumPriceDaily.run(GetBrokSumPriceDaily:414)
	at com.kms.katalon.core.main.ScriptEngine.run(ScriptEngine.java:194)
	at com.kms.katalon.core.main.ScriptEngine.runScriptAsRawText(ScriptEngine.java:119)
	at com.kms.katalon.core.main.TestCaseExecutor.runScript(TestCaseExecutor.java:445)
	at com.kms.katalon.core.main.TestCaseExecutor.doExecute(TestCaseExecutor.java:436)
	at com.kms.katalon.core.main.TestCaseExecutor.processExecutionPhase(TestCaseExecutor.java:415)
	at com.kms.katalon.core.main.TestCaseExecutor.accessMainPhase(TestCaseExecutor.java:407)
	at com.kms.katalon.core.main.TestCaseExecutor.execute(TestCaseExecutor.java:284)
	at com.kms.katalon.core.common.CommonExecutor.accessTestCaseMainPhase(CommonExecutor.java:65)
	at com.kms.katalon.core.main.TestSuiteExecutor.accessTestSuiteMainPhase(TestSuiteExecutor.java:144)
	at com.kms.katalon.core.main.TestSuiteExecutor.execute(TestSuiteExecutor.java:106)
	at com.kms.katalon.core.main.TestCaseMain.startTestSuite(TestCaseMain.java:185)
	at com.kms.katalon.core.main.TestCaseMain$startTestSuite$0.call(Unknown Source)
	at TempTestSuite1705922193915.run(TempTestSuite1705922193915.groovy:36)
)
[[ATTACHMENT|C:\\Users\\Fadli\\git\\KatalonDailyGetData2\\Reports\\20240122_174123\\TS1\\20240122_181633\\1705922390776.png]]

2024-01-22 18:19:50 - [TEST_STEP][PASSED] - else: null

2024-01-22 18:19:50 - [TEST_STEP][PASSED] - strSeller3 = getText(findTestObject("Stockbit/Bandarmology_Seller3")): Text of object 'Object Repository/Stockbit/Bandarmology_Seller3' is: 'DH'

2024-01-22 18:19:51 - [MESSAGE][PASSED] - Text of object 'Object Repository/Stockbit/Bandarmology_Seller3' is: 'DH'

2024-01-22 18:19:51 - [TEST_STEP][PASSED] - strSellerVol3 = getText(findTestObject("Stockbit/Bandarmology_SellerVol3")): Text of object 'Object Repository/Stockbit/Bandarmology_SellerVol3' is: '49'

2024-01-22 18:19:51 - [MESSAGE][PASSED] - Text of object 'Object Repository/Stockbit/Bandarmology_SellerVol3' is: '49'

2024-01-22 18:19:51 - [TEST_STEP][PASSED] - strSellerAvg3 = getText(findTestObject("Stockbit/Bandarmology_SellerAvg3")): Text of object 'Object Repository/Stockbit/Bandarmology_SellerAvg3' is: '260'

2024-01-22 18:19:51 - [MESSAGE][PASSED] - Text of object 'Object Repository/Stockbit/Bandarmology_SellerAvg3' is: '260'

2024-01-22 18:19:51 - [TEST_STEP][PASSED] - if (strSeller3 != ""): null

2024-01-22 18:19:51 - [TEST_STEP][PASSED] - if (strSellerAvg3.contains(",")): null

2024-01-22 18:19:51 - [TEST_STEP][PASSED] - if (strSellerVol3.contains(" B")): null

2024-01-22 18:19:51 - [TEST_STEP][PASSED] - strAccDist = getText(findTestObject("Stockbit/Bandarmology_AccDist")): Text of object 'Object Repository/Stockbit/Bandarmology_AccDist' is: 'Acc'

2024-01-22 18:19:51 - [MESSAGE][PASSED] - Text of object 'Object Repository/Stockbit/Bandarmology_AccDist' is: 'Acc'

2024-01-22 18:19:51 - [TEST_STEP][PASSED] - strNetVol = getText(findTestObject("Stockbit/Bandarmology_NetVol")): Text of object 'Object Repository/Stockbit/Bandarmology_NetVol' is: '427'

2024-01-22 18:19:51 - [MESSAGE][PASSED] - Text of object 'Object Repository/Stockbit/Bandarmology_NetVol' is: '427'

2024-01-22 18:19:51 - [TEST_STEP][PASSED] - strNetVol = strNetVol.replace(",", ""): null

2024-01-22 18:19:51 - [TEST_STEP][PASSED] - strNetVal = getText(findTestObject("Stockbit/Bandarmology_NetVal")): Text of object 'Object Repository/Stockbit/Bandarmology_NetVal' is: '0 B'

2024-01-22 18:19:51 - [MESSAGE][PASSED] - Text of object 'Object Repository/Stockbit/Bandarmology_NetVal' is: '0 B'

2024-01-22 18:19:51 - [TEST_STEP][PASSED] - delay(3): Delayed 3 second(s)

2024-01-22 18:19:54 - [MESSAGE][PASSED] - Delayed 3 second(s)

2024-01-22 18:19:54 - [TEST_STEP][PASSED] - strOpenPrice = getText(findTestObject("Stockbit/Home_OpenPrice")): Text of object 'Object Repository/Stockbit/Home_OpenPrice' is: '264'

2024-01-22 18:19:54 - [MESSAGE][PASSED] - Text of object 'Object Repository/Stockbit/Home_OpenPrice' is: '264'

2024-01-22 18:19:54 - [TEST_STEP][PASSED] - strOpenPrice = strOpenPrice.replace(",", ""): null

2024-01-22 18:19:54 - [TEST_STEP][PASSED] - strLowPrice = getText(findTestObject("Stockbit/Home_LowPrice")): Text of object 'Object Repository/Stockbit/Home_LowPrice' is: '256'

2024-01-22 18:19:54 - [MESSAGE][PASSED] - Text of object 'Object Repository/Stockbit/Home_LowPrice' is: '256'

2024-01-22 18:19:54 - [TEST_STEP][PASSED] - strLowPrice = strLowPrice.replace(",", ""): null

2024-01-22 18:19:54 - [TEST_STEP][PASSED] - strHighPrice = getText(findTestObject("Stockbit/Home_HighPrice")): Text of object 'Object Repository/Stockbit/Home_HighPrice' is: '266'

2024-01-22 18:19:55 - [MESSAGE][PASSED] - Text of object 'Object Repository/Stockbit/Home_HighPrice' is: '266'

2024-01-22 18:19:55 - [TEST_STEP][PASSED] - strHighPrice = strHighPrice.replace(",", ""): null

2024-01-22 18:19:55 - [TEST_STEP][PASSED] - strClosePrice = getText(findTestObject("Stockbit/Home_ClosePrice")): Text of object 'Object Repository/Stockbit/Home_ClosePrice' is: '262'

2024-01-22 18:19:55 - [MESSAGE][PASSED] - Text of object 'Object Repository/Stockbit/Home_ClosePrice' is: '262'

2024-01-22 18:19:55 - [TEST_STEP][PASSED] - strClosePrice = strClosePrice.replace(",", ""): null

2024-01-22 18:19:55 - [TEST_STEP][PASSED] - strVol = getText(findTestObject("Stockbit/Home_Volume")): Text of object 'Object Repository/Stockbit/Home_Volume' is: '2 K'

2024-01-22 18:19:55 - [MESSAGE][PASSED] - Text of object 'Object Repository/Stockbit/Home_Volume' is: '2 K'

2024-01-22 18:19:55 - [TEST_STEP][PASSED] - if (strVol.contains(" K")): null

2024-01-22 18:19:55 - [TEST_STEP][PASSED] - strVol = strVol.replace(" K", "000"): null

2024-01-22 18:19:55 - [TEST_STEP][PASSED] - if (strVol.contains(",")): null

2024-01-22 18:19:55 - [TEST_STEP][PASSED] - strChange = getText(findTestObject("Stockbit/Home_Change")): Text of object 'Object Repository/Stockbit/Home_Change' is: '-0.76%'

2024-01-22 18:19:55 - [MESSAGE][PASSED] - Text of object 'Object Repository/Stockbit/Home_Change' is: '-0.76%'

2024-01-22 18:19:55 - [TEST_STEP][PASSED] - strChange = strChange.replace("%", ""): null

2024-01-22 18:19:55 - [TEST_STEP][PASSED] - strFreq = getText(findTestObject("Stockbit/Home_Freq")): Text of object 'Object Repository/Stockbit/Home_Freq' is: '53'

2024-01-22 18:19:55 - [MESSAGE][PASSED] - Text of object 'Object Repository/Stockbit/Home_Freq' is: '53'

2024-01-22 18:19:55 - [TEST_STEP][PASSED] - if (strFreq.contains(",")): null

2024-01-22 18:19:55 - [TEST_STEP][PASSED] - if (strFreq == "NA" || strFreq == ""): null

2024-01-22 18:19:55 - [TEST_STEP][PASSED] - else: null

2024-01-22 18:19:55 - [TEST_STEP][PASSED] - dblFreqAnal = strVol.toDouble() / strFreq.toDouble() * strFreq.toDouble() * strFreq.toDouble() * 100000000: null

2024-01-22 18:19:55 - [TEST_STEP][PASSED] - strFreqAnal = String.format("%.4f", dblFreqAnal): null

2024-01-22 18:19:55 - [TEST_STEP][PASSED] - out.println("Double strFreqAnal: " + strFreqAnal): null

2024-01-22 18:19:55 - [TEST_STEP][PASSED] - strTanggal = d.format(DateTimeFormatter.ofPattern("yyyy-MM-dd")): null

2024-01-22 18:19:55 - [TEST_STEP][PASSED] - strTanggal = "#" + strTanggal + "#": null

2024-01-22 18:19:55 - [TEST_STEP][PASSED] - strSQL = "select count(*) as JumBaris from TblBrokSum where Nama = '" + strNama + "' and Tanggal = " + strTanggal + "": null

2024-01-22 18:19:55 - [TEST_STEP][PASSED] - resultSet = statement.executeQuery(strSQL): null

2024-01-22 18:19:55 - [TEST_STEP][PASSED] - resultSet.next(): null

2024-01-22 18:19:55 - [TEST_STEP][PASSED] - intJumBaris = resultSet.getInt("JumBaris"): null

2024-01-22 18:19:55 - [TEST_STEP][PASSED] - if (intJumBaris > 0): null

2024-01-22 18:19:55 - [TEST_STEP][PASSED] - else: null

2024-01-22 18:19:55 - [TEST_STEP][PASSED] - try: null

2024-01-22 18:19:55 - [TEST_STEP][PASSED] - out.println("Insert data"): null

2024-01-22 18:19:55 - [TEST_STEP][PASSED] - strSQL = "insert into TblBrokSum (nama, tanggal, top1, top2, top3, AllBrokAvg, AccDist, AvgRP, " + "Buyer1, BuyerVal1, BuyerAvg1, Seller1, SellerVal1, SellerAvg1, Buyer2, BuyerVal2, BuyerAvg2, " + "Seller2, SellerVal2, SellerAvg2, Buyer3, BuyerVal3, BuyerAvg3, Seller3, SellerVal3, SellerAvg3, NetVol, NetVal, " + "OpenPrice, LowPrice, HighPrice, ClosePrice, Volume, Change, Frekuensi, FrekAnal) " + "values ('" + strNama + "', " + strTanggal + ", '" + strTop1 + "', '" + strTop3 + "', '" + strTop5 + "', " + "'" + strAllBrokAvg + "', '" + strAccDist + "', " + intAvgRP + ", '" + strBuyer1 + "', '" + strBuyerVol1 + "', " + strBuyerAvg1 + ", " + "'" + strSeller1 + "', '" + strSellerVol1 + "', " + strSellerAvg1 + ", '" + strBuyer2 + "', '" + strBuyerVol2 + "', " + strBuyerAvg2 + ", " + "'" + strSeller2 + "', '" + strSellerVol2 + "', " + strSellerAvg2 + ", '" + strBuyer3 + "', '" + strBuyerVol3 + "', " + strBuyerAvg3 + ", " + "'" + strSeller3 + "', '" + strSellerVol3 + "', " + strSellerAvg3 + ", " + strNetVol + ", '" + strNetVal + "', " + "" + strOpenPrice + ", " + strLowPrice + ", " + strHighPrice + ", " + strClosePrice + ", '" + strVol + "', " + strChange + ", " + strFreq + ", " + strFreqAnal + ");": null

2024-01-22 18:19:55 - [TEST_STEP][PASSED] - out.println("strSQL = " + strSQL): null

2024-01-22 18:19:55 - [TEST_STEP][PASSED] - statement.executeUpdate(strSQL): null

2024-01-22 18:19:55 - [TEST_STEP][PASSED] - setValueToCellByIndex(sheet01, rowIndex, 4, "DONE"): null

2024-01-22 18:19:55 - [TEST_STEP][PASSED] - saveWorkbook(excelFilePath, workbook01): null

2024-01-22 18:19:55 - [TEST_STEP][PASSED] - waitForElementClickable(findTestObject("Stockbit/menu_Bandarmology"), 10): Object 'Object Repository/Stockbit/menu_Bandarmology' is clickable

2024-01-22 18:19:55 - [MESSAGE][PASSED] - Object 'Object Repository/Stockbit/menu_Bandarmology' is clickable

2024-01-22 18:19:55 - [TEST_STEP][PASSED] - click(findTestObject("Stockbit/menu_Bandarmology")): Object: 'Object Repository/Stockbit/menu_Bandarmology' is clicked on

2024-01-22 18:19:56 - [MESSAGE][PASSED] - Object: 'Object Repository/Stockbit/menu_Bandarmology' is clicked on

2024-01-22 18:19:56 - [TEST_STEP][PASSED] - strTemp = "NA": null

2024-01-22 18:19:56 - [TEST_STEP][PASSED] - if (getCellValueByIndex(sheet01, rowIndex, 4) != "DONE"): Object: 'Object Repository/Stockbit/menu_Bandarmology' is clicked on

2024-01-22 18:19:56 - [TEST_STEP][PASSED] - strNama = getCellValueByIndex(sheet01, rowIndex, 0): null

2024-01-22 18:19:56 - [TEST_STEP][PASSED] - navigateToUrl("https://stockbit.com/#/symbol/" + strNama): Navigate to 'https://stockbit.com/#/symbol/MARK' successfully

2024-01-22 18:20:02 - [MESSAGE][PASSED] - Navigate to 'https://stockbit.com/#/symbol/MARK' successfully

2024-01-22 18:20:02 - [TEST_STEP][PASSED] - waitForElementClickable(findTestObject("Stockbit/menu_Bandarmology"), 10): Object 'Object Repository/Stockbit/menu_Bandarmology' is clickable

2024-01-22 18:20:02 - [MESSAGE][PASSED] - Object 'Object Repository/Stockbit/menu_Bandarmology' is clickable

2024-01-22 18:20:02 - [TEST_STEP][PASSED] - click(findTestObject("Stockbit/menu_Bandarmology")): Object: 'Object Repository/Stockbit/menu_Bandarmology' is clicked on

2024-01-22 18:20:03 - [MESSAGE][PASSED] - Object: 'Object Repository/Stockbit/menu_Bandarmology' is clicked on

2024-01-22 18:20:03 - [TEST_STEP][PASSED] - strTanggal = d.format(DateTimeFormatter.ofPattern("MMM dd, yyyy")): null

2024-01-22 18:20:03 - [TEST_STEP][PASSED] - strTanggal = d.format(ISO_DATE): null

2024-01-22 18:20:03 - [TEST_STEP][PASSED] - out.println("strTanggal = " + strTanggal): null

2024-01-22 18:20:03 - [TEST_STEP][PASSED] - out.println("strNama = " + strNama): null

2024-01-22 18:20:03 - [TEST_STEP][PASSED] - out.println("Baris ke = " + rowIndex): null

2024-01-22 18:20:03 - [TEST_STEP][PASSED] - click(findTestObject("Stockbit/input__BandarmologyOpenStartDate")): Object: 'Object Repository/Stockbit/input__BandarmologyOpenStartDate' is clicked on

2024-01-22 18:20:04 - [MESSAGE][PASSED] - Object: 'Object Repository/Stockbit/input__BandarmologyOpenStartDate' is clicked on

2024-01-22 18:20:04 - [TEST_STEP][PASSED] - sendKeys(findTestObject("Stockbit/input__BandarmologyOpenStartDate"), Keys.chord(CONTROL, "a")): Keys 'CONTROL + a' sent to object: 'Object Repository/Stockbit/input__BandarmologyOpenStartDate'

2024-01-22 18:20:04 - [MESSAGE][PASSED] - Keys 'CONTROL + a' sent to object: 'Object Repository/Stockbit/input__BandarmologyOpenStartDate'

2024-01-22 18:20:04 - [TEST_STEP][PASSED] - sendKeys(findTestObject("Stockbit/input__BandarmologyOpenStartDate"), Keys.chord(BACK_SPACE)): Keys 'BACK_SPACE + ' sent to object: 'Object Repository/Stockbit/input__BandarmologyOpenStartDate'

2024-01-22 18:20:05 - [MESSAGE][PASSED] - Keys 'BACK_SPACE + ' sent to object: 'Object Repository/Stockbit/input__BandarmologyOpenStartDate'

2024-01-22 18:20:05 - [TEST_STEP][PASSED] - setText(findTestObject("Stockbit/input__BandarmologyOpenStartDate"), strTanggal): Text '2024-01-22' is set on object 'Object Repository/Stockbit/input__BandarmologyOpenStartDate'

2024-01-22 18:20:05 - [MESSAGE][PASSED] - Text '2024-01-22' is set on object 'Object Repository/Stockbit/input__BandarmologyOpenStartDate'

2024-01-22 18:20:05 - [TEST_STEP][PASSED] - sendKeys(findTestObject("Stockbit/input__BandarmologyOpenStartDate"), Keys.chord(ENTER)): Keys 'ENTER + ' sent to object: 'Object Repository/Stockbit/input__BandarmologyOpenStartDate'

2024-01-22 18:20:06 - [MESSAGE][PASSED] - Keys 'ENTER + ' sent to object: 'Object Repository/Stockbit/input__BandarmologyOpenStartDate'

2024-01-22 18:20:06 - [TEST_STEP][PASSED] - click(findTestObject("Stockbit/input__BandarmologyOpenEndDate")): Object: 'Object Repository/Stockbit/input__BandarmologyOpenEndDate' is clicked on

2024-01-22 18:20:06 - [MESSAGE][PASSED] - Object: 'Object Repository/Stockbit/input__BandarmologyOpenEndDate' is clicked on

2024-01-22 18:20:06 - [TEST_STEP][PASSED] - sendKeys(findTestObject("Stockbit/input__BandarmologyOpenEndDate"), Keys.chord(CONTROL, "a")): Keys 'CONTROL + a' sent to object: 'Object Repository/Stockbit/input__BandarmologyOpenEndDate'

2024-01-22 18:20:07 - [MESSAGE][PASSED] - Keys 'CONTROL + a' sent to object: 'Object Repository/Stockbit/input__BandarmologyOpenEndDate'

2024-01-22 18:20:07 - [TEST_STEP][PASSED] - sendKeys(findTestObject("Stockbit/input__BandarmologyOpenEndDate"), Keys.chord(BACK_SPACE)): Keys 'BACK_SPACE + ' sent to object: 'Object Repository/Stockbit/input__BandarmologyOpenEndDate'

2024-01-22 18:20:07 - [MESSAGE][PASSED] - Keys 'BACK_SPACE + ' sent to object: 'Object Repository/Stockbit/input__BandarmologyOpenEndDate'

2024-01-22 18:20:07 - [TEST_STEP][PASSED] - setText(findTestObject("Stockbit/input__BandarmologyOpenEndDate"), strTanggal): Text '2024-01-22' is set on object 'Object Repository/Stockbit/input__BandarmologyOpenEndDate'

2024-01-22 18:20:08 - [MESSAGE][PASSED] - Text '2024-01-22' is set on object 'Object Repository/Stockbit/input__BandarmologyOpenEndDate'

2024-01-22 18:20:08 - [TEST_STEP][PASSED] - sendKeys(findTestObject("Stockbit/input__BandarmologyOpenEndDate"), Keys.chord(ENTER)): Keys 'ENTER + ' sent to object: 'Object Repository/Stockbit/input__BandarmologyOpenEndDate'

2024-01-22 18:20:09 - [MESSAGE][PASSED] - Keys 'ENTER + ' sent to object: 'Object Repository/Stockbit/input__BandarmologyOpenEndDate'

2024-01-22 18:20:09 - [TEST_STEP][PASSED] - delay(2): Delayed 2 second(s)

2024-01-22 18:20:11 - [MESSAGE][PASSED] - Delayed 2 second(s)

2024-01-22 18:20:11 - [TEST_STEP][PASSED] - strTemp = getText(findTestObject("Stockbit/Bandarmology_AvgRP")): Text of object 'Object Repository/Stockbit/Bandarmology_AvgRP' is: '676'

2024-01-22 18:20:11 - [MESSAGE][PASSED] - Text of object 'Object Repository/Stockbit/Bandarmology_AvgRP' is: '676'

2024-01-22 18:20:11 - [TEST_STEP][PASSED] - out.println("Bandarmology_AvgRP = " + strTemp): null

2024-01-22 18:20:11 - [TEST_STEP][PASSED] - if (strTemp != "0"): null

2024-01-22 18:20:11 - [TEST_STEP][PASSED] - strTop1 = getText(findTestObject("Stockbit/Bandarmology_Top1")): Text of object 'Object Repository/Stockbit/Bandarmology_Top1' is: 'Big Dist'

2024-01-22 18:20:11 - [MESSAGE][PASSED] - Text of object 'Object Repository/Stockbit/Bandarmology_Top1' is: 'Big Dist'

2024-01-22 18:20:11 - [TEST_STEP][PASSED] - strTop3 = getText(findTestObject("Stockbit/Bandarmology_Top3")): Text of object 'Object Repository/Stockbit/Bandarmology_Top3' is: 'Normal Dist'

2024-01-22 18:20:11 - [MESSAGE][PASSED] - Text of object 'Object Repository/Stockbit/Bandarmology_Top3' is: 'Normal Dist'

2024-01-22 18:20:11 - [TEST_STEP][PASSED] - strTop5 = getText(findTestObject("Stockbit/Bandarmology_Top5")): Text of object 'Object Repository/Stockbit/Bandarmology_Top5' is: 'Neutral'

2024-01-22 18:20:11 - [MESSAGE][PASSED] - Text of object 'Object Repository/Stockbit/Bandarmology_Top5' is: 'Neutral'

2024-01-22 18:20:11 - [TEST_STEP][PASSED] - strAllBrokAvg = getText(findTestObject("Stockbit/Bandarmology_TopAVG")): Text of object 'Object Repository/Stockbit/Bandarmology_TopAVG' is: 'Normal Dist'

2024-01-22 18:20:11 - [MESSAGE][PASSED] - Text of object 'Object Repository/Stockbit/Bandarmology_TopAVG' is: 'Normal Dist'

2024-01-22 18:20:11 - [TEST_STEP][PASSED] - strTemp = getText(findTestObject("Stockbit/Bandarmology_AvgRP")): Text of object 'Object Repository/Stockbit/Bandarmology_AvgRP' is: '676'

2024-01-22 18:20:12 - [MESSAGE][PASSED] - Text of object 'Object Repository/Stockbit/Bandarmology_AvgRP' is: '676'

2024-01-22 18:20:12 - [TEST_STEP][PASSED] - if (strTemp.contains(",")): null

2024-01-22 18:20:12 - [TEST_STEP][PASSED] - intAvgRP = strTemp.toInteger(): null

2024-01-22 18:20:12 - [TEST_STEP][PASSED] - strBuyer1 = getText(findTestObject("Stockbit/Bandarmology_Buyer1")): Text of object 'Object Repository/Stockbit/Bandarmology_Buyer1' is: 'OD'

2024-01-22 18:20:12 - [MESSAGE][PASSED] - Text of object 'Object Repository/Stockbit/Bandarmology_Buyer1' is: 'OD'

2024-01-22 18:20:12 - [TEST_STEP][PASSED] - strBuyerVol1 = getText(findTestObject("Stockbit/Bandarmology_BuyerVol1")): Text of object 'Object Repository/Stockbit/Bandarmology_BuyerVol1' is: '12.2 K'

2024-01-22 18:20:12 - [MESSAGE][PASSED] - Text of object 'Object Repository/Stockbit/Bandarmology_BuyerVol1' is: '12.2 K'

2024-01-22 18:20:12 - [TEST_STEP][PASSED] - strBuyerAvg1 = getText(findTestObject("Stockbit/Bandarmology_BuyerAvg1")): Text of object 'Object Repository/Stockbit/Bandarmology_BuyerAvg1' is: '682'

2024-01-22 18:20:12 - [MESSAGE][PASSED] - Text of object 'Object Repository/Stockbit/Bandarmology_BuyerAvg1' is: '682'

2024-01-22 18:20:12 - [TEST_STEP][PASSED] - if (strBuyerAvg1.contains(",")): null

2024-01-22 18:20:12 - [TEST_STEP][PASSED] - if (strBuyerVol1.contains(" B")): null

2024-01-22 18:20:12 - [TEST_STEP][PASSED] - else if (strBuyerVol1.contains(" M")): null

2024-01-22 18:20:12 - [TEST_STEP][PASSED] - else if (strBuyerVol1.contains(" K")): null

2024-01-22 18:20:12 - [TEST_STEP][PASSED] - strBuyerVol1 = strBuyerVol1.replace(" K", ""): null

2024-01-22 18:20:12 - [TEST_STEP][PASSED] - strBuyerVol1 = strBuyerVol1.toDouble() * 1000: null

2024-01-22 18:20:12 - [TEST_STEP][PASSED] - strSeller1 = getText(findTestObject("Stockbit/Bandarmology_Seller1")): Text of object 'Object Repository/Stockbit/Bandarmology_Seller1' is: 'NI'

2024-01-22 18:20:12 - [MESSAGE][PASSED] - Text of object 'Object Repository/Stockbit/Bandarmology_Seller1' is: 'NI'

2024-01-22 18:20:12 - [TEST_STEP][PASSED] - strSellerVol1 = getText(findTestObject("Stockbit/Bandarmology_SellerVol1")): Text of object 'Object Repository/Stockbit/Bandarmology_SellerVol1' is: '29.7 K'

2024-01-22 18:20:12 - [MESSAGE][PASSED] - Text of object 'Object Repository/Stockbit/Bandarmology_SellerVol1' is: '29.7 K'

2024-01-22 18:20:12 - [TEST_STEP][PASSED] - strSellerAvg1 = getText(findTestObject("Stockbit/Bandarmology_SellerAvg1")): Text of object 'Object Repository/Stockbit/Bandarmology_SellerAvg1' is: '685'

2024-01-22 18:20:13 - [MESSAGE][PASSED] - Text of object 'Object Repository/Stockbit/Bandarmology_SellerAvg1' is: '685'

2024-01-22 18:20:13 - [TEST_STEP][PASSED] - if (strSellerAvg1.contains(",")): null

2024-01-22 18:20:13 - [TEST_STEP][PASSED] - if (strSellerVol1.contains(" B")): null

2024-01-22 18:20:13 - [TEST_STEP][PASSED] - else if (strSellerVol1.contains(" M")): null

2024-01-22 18:20:13 - [TEST_STEP][PASSED] - else if (strSellerVol1.contains(" K")): null

2024-01-22 18:20:13 - [TEST_STEP][PASSED] - strSellerVol1 = strSellerVol1.replace(" K", ""): null

2024-01-22 18:20:13 - [TEST_STEP][PASSED] - strSellerVol1 = strSellerVol1.toDouble() * 1000: null

2024-01-22 18:20:13 - [TEST_STEP][PASSED] - if (verifyElementNotPresent(findTestObject("Stockbit/Bandarmology_Buyer2"), 1, OPTIONAL)): Web element with id: 'Object Repository/Stockbit/Bandarmology_Buyer2' located by 'By.xpath: //*[contains(@id, 'rc-tabs-')]/div[2]/div/div/div/div/div/div[2]/table/tbody/tr[3]/td[1]/p' is present after '1' second(s) (Root cause: com.kms.katalon.core.exception.StepFailedException: Web element with id: 'Object Repository/Stockbit/Bandarmology_Buyer2' located by 'By.xpath: //*[contains(@id, 'rc-tabs-')]/div[2]/div/div/div/div/div/div[2]/table/tbody/tr[3]/td[1]/p' is present after '1' second(s)
	at com.kms.katalon.core.webui.keyword.internal.WebUIKeywordMain.stepFailed(WebUIKeywordMain.groovy:64)
	at com.kms.katalon.core.webui.keyword.internal.WebUIKeywordMain$stepFailed$0.call(Unknown Source)
	at com.kms.katalon.core.webui.keyword.builtin.VerifyElementNotPresentKeyword$_verifyElementNotPresent_closure1.doCall(VerifyElementNotPresentKeyword.groovy:106)
	at com.kms.katalon.core.webui.keyword.builtin.VerifyElementNotPresentKeyword$_verifyElementNotPresent_closure1.doCall(VerifyElementNotPresentKeyword.groovy)
	at com.kms.katalon.core.webui.keyword.internal.WebUIKeywordMain.runKeyword(WebUIKeywordMain.groovy:20)
	at com.kms.katalon.core.webui.keyword.internal.WebUIKeywordMain$runKeyword.call(Unknown Source)
	at com.kms.katalon.core.webui.keyword.builtin.VerifyElementNotPresentKeyword.verifyElementNotPresent(VerifyElementNotPresentKeyword.groovy:117)
	at com.kms.katalon.core.webui.keyword.builtin.VerifyElementNotPresentKeyword.execute(VerifyElementNotPresentKeyword.groovy:68)
	at com.kms.katalon.core.keyword.internal.KeywordExecutor.executeKeywordForPlatform(KeywordExecutor.groovy:74)
	at com.kms.katalon.core.webui.keyword.WebUiBuiltInKeywords.verifyElementNotPresent(WebUiBuiltInKeywords.groovy:1481)
	at com.kms.katalon.core.webui.keyword.WebUiBuiltInKeywords$verifyElementNotPresent$8.call(Unknown Source)
	at GetBrokSumPriceDaily.run(GetBrokSumPriceDaily:258)
	at com.kms.katalon.core.main.ScriptEngine.run(ScriptEngine.java:194)
	at com.kms.katalon.core.main.ScriptEngine.runScriptAsRawText(ScriptEngine.java:119)
	at com.kms.katalon.core.main.TestCaseExecutor.runScript(TestCaseExecutor.java:445)
	at com.kms.katalon.core.main.TestCaseExecutor.doExecute(TestCaseExecutor.java:436)
	at com.kms.katalon.core.main.TestCaseExecutor.processExecutionPhase(TestCaseExecutor.java:415)
	at com.kms.katalon.core.main.TestCaseExecutor.accessMainPhase(TestCaseExecutor.java:407)
	at com.kms.katalon.core.main.TestCaseExecutor.execute(TestCaseExecutor.java:284)
	at com.kms.katalon.core.common.CommonExecutor.accessTestCaseMainPhase(CommonExecutor.java:65)
	at com.kms.katalon.core.main.TestSuiteExecutor.accessTestSuiteMainPhase(TestSuiteExecutor.java:144)
	at com.kms.katalon.core.main.TestSuiteExecutor.execute(TestSuiteExecutor.java:106)
	at com.kms.katalon.core.main.TestCaseMain.startTestSuite(TestCaseMain.java:185)
	at com.kms.katalon.core.main.TestCaseMain$startTestSuite$0.call(Unknown Source)
	at TempTestSuite1705922193915.run(TempTestSuite1705922193915.groovy:36)
)

2024-01-22 18:20:14 - [MESSAGE][WARNING] - Web element with id: 'Object Repository/Stockbit/Bandarmology_Buyer2' located by 'By.xpath: //*[contains(@id, 'rc-tabs-')]/div[2]/div/div/div/div/div/div[2]/table/tbody/tr[3]/td[1]/p' is present after '1' second(s) (Root cause: com.kms.katalon.core.exception.StepFailedException: Web element with id: 'Object Repository/Stockbit/Bandarmology_Buyer2' located by 'By.xpath: //*[contains(@id, 'rc-tabs-')]/div[2]/div/div/div/div/div/div[2]/table/tbody/tr[3]/td[1]/p' is present after '1' second(s)
	at com.kms.katalon.core.webui.keyword.internal.WebUIKeywordMain.stepFailed(WebUIKeywordMain.groovy:64)
	at com.kms.katalon.core.webui.keyword.internal.WebUIKeywordMain$stepFailed$0.call(Unknown Source)
	at com.kms.katalon.core.webui.keyword.builtin.VerifyElementNotPresentKeyword$_verifyElementNotPresent_closure1.doCall(VerifyElementNotPresentKeyword.groovy:106)
	at com.kms.katalon.core.webui.keyword.builtin.VerifyElementNotPresentKeyword$_verifyElementNotPresent_closure1.doCall(VerifyElementNotPresentKeyword.groovy)
	at com.kms.katalon.core.webui.keyword.internal.WebUIKeywordMain.runKeyword(WebUIKeywordMain.groovy:20)
	at com.kms.katalon.core.webui.keyword.internal.WebUIKeywordMain$runKeyword.call(Unknown Source)
	at com.kms.katalon.core.webui.keyword.builtin.VerifyElementNotPresentKeyword.verifyElementNotPresent(VerifyElementNotPresentKeyword.groovy:117)
	at com.kms.katalon.core.webui.keyword.builtin.VerifyElementNotPresentKeyword.execute(VerifyElementNotPresentKeyword.groovy:68)
	at com.kms.katalon.core.keyword.internal.KeywordExecutor.executeKeywordForPlatform(KeywordExecutor.groovy:74)
	at com.kms.katalon.core.webui.keyword.WebUiBuiltInKeywords.verifyElementNotPresent(WebUiBuiltInKeywords.groovy:1481)
	at com.kms.katalon.core.webui.keyword.WebUiBuiltInKeywords$verifyElementNotPresent$8.call(Unknown Source)
	at GetBrokSumPriceDaily.run(GetBrokSumPriceDaily:258)
	at com.kms.katalon.core.main.ScriptEngine.run(ScriptEngine.java:194)
	at com.kms.katalon.core.main.ScriptEngine.runScriptAsRawText(ScriptEngine.java:119)
	at com.kms.katalon.core.main.TestCaseExecutor.runScript(TestCaseExecutor.java:445)
	at com.kms.katalon.core.main.TestCaseExecutor.doExecute(TestCaseExecutor.java:436)
	at com.kms.katalon.core.main.TestCaseExecutor.processExecutionPhase(TestCaseExecutor.java:415)
	at com.kms.katalon.core.main.TestCaseExecutor.accessMainPhase(TestCaseExecutor.java:407)
	at com.kms.katalon.core.main.TestCaseExecutor.execute(TestCaseExecutor.java:284)
	at com.kms.katalon.core.common.CommonExecutor.accessTestCaseMainPhase(CommonExecutor.java:65)
	at com.kms.katalon.core.main.TestSuiteExecutor.accessTestSuiteMainPhase(TestSuiteExecutor.java:144)
	at com.kms.katalon.core.main.TestSuiteExecutor.execute(TestSuiteExecutor.java:106)
	at com.kms.katalon.core.main.TestCaseMain.startTestSuite(TestCaseMain.java:185)
	at com.kms.katalon.core.main.TestCaseMain$startTestSuite$0.call(Unknown Source)
	at TempTestSuite1705922193915.run(TempTestSuite1705922193915.groovy:36)
)
[[ATTACHMENT|C:\\Users\\Fadli\\git\\KatalonDailyGetData2\\Reports\\20240122_174123\\TS1\\20240122_181633\\1705922414326.png]]

2024-01-22 18:20:14 - [TEST_STEP][PASSED] - else: null

2024-01-22 18:20:14 - [TEST_STEP][PASSED] - strBuyer2 = getText(findTestObject("Stockbit/Bandarmology_Buyer2")): Text of object 'Object Repository/Stockbit/Bandarmology_Buyer2' is: 'AK'

2024-01-22 18:20:14 - [MESSAGE][PASSED] - Text of object 'Object Repository/Stockbit/Bandarmology_Buyer2' is: 'AK'

2024-01-22 18:20:14 - [TEST_STEP][PASSED] - strBuyerVol2 = getText(findTestObject("Stockbit/Bandarmology_BuyerVol2")): Text of object 'Object Repository/Stockbit/Bandarmology_BuyerVol2' is: '10.4 K'

2024-01-22 18:20:14 - [MESSAGE][PASSED] - Text of object 'Object Repository/Stockbit/Bandarmology_BuyerVol2' is: '10.4 K'

2024-01-22 18:20:14 - [TEST_STEP][PASSED] - strBuyerAvg2 = getText(findTestObject("Stockbit/Bandarmology_BuyerAvg2")): Text of object 'Object Repository/Stockbit/Bandarmology_BuyerAvg2' is: '689'

2024-01-22 18:20:15 - [MESSAGE][PASSED] - Text of object 'Object Repository/Stockbit/Bandarmology_BuyerAvg2' is: '689'

2024-01-22 18:20:15 - [TEST_STEP][PASSED] - if (strBuyer2 != ""): null

2024-01-22 18:20:15 - [TEST_STEP][PASSED] - if (strBuyerAvg2.contains(",")): null

2024-01-22 18:20:15 - [TEST_STEP][PASSED] - if (strBuyerVol2.contains(" B")): null

2024-01-22 18:20:15 - [TEST_STEP][PASSED] - else if (strBuyerVol2.contains(" M")): null

2024-01-22 18:20:15 - [TEST_STEP][PASSED] - else if (strBuyerVol2.contains(" K")): null

2024-01-22 18:20:15 - [TEST_STEP][PASSED] - strBuyerVol2 = strBuyerVol2.replace(" K", ""): null

2024-01-22 18:20:15 - [TEST_STEP][PASSED] - strBuyerVol2 = strBuyerVol2.toDouble() * 1000: null

2024-01-22 18:20:15 - [TEST_STEP][PASSED] - if (strBuyerVol2.contains(".")): null

2024-01-22 18:20:15 - [TEST_STEP][PASSED] - strBuyerVal2 = strBuyerVol2.replace(".", ""): null

2024-01-22 18:20:15 - [TEST_STEP][PASSED] - if (verifyElementNotPresent(findTestObject("Stockbit/Bandarmology_Seller2"), 1, OPTIONAL)): Web element with id: 'Object Repository/Stockbit/Bandarmology_Seller2' located by 'By.xpath: //*[contains(@id, 'rc-tabs-')]/div[2]/div/div/div/div/div/div[2]/table/tbody/tr[3]/td[5]/p' is present after '1' second(s) (Root cause: com.kms.katalon.core.exception.StepFailedException: Web element with id: 'Object Repository/Stockbit/Bandarmology_Seller2' located by 'By.xpath: //*[contains(@id, 'rc-tabs-')]/div[2]/div/div/div/div/div/div[2]/table/tbody/tr[3]/td[5]/p' is present after '1' second(s)
	at com.kms.katalon.core.webui.keyword.internal.WebUIKeywordMain.stepFailed(WebUIKeywordMain.groovy:64)
	at com.kms.katalon.core.webui.keyword.internal.WebUIKeywordMain$stepFailed$0.call(Unknown Source)
	at com.kms.katalon.core.webui.keyword.builtin.VerifyElementNotPresentKeyword$_verifyElementNotPresent_closure1.doCall(VerifyElementNotPresentKeyword.groovy:106)
	at com.kms.katalon.core.webui.keyword.builtin.VerifyElementNotPresentKeyword$_verifyElementNotPresent_closure1.doCall(VerifyElementNotPresentKeyword.groovy)
	at com.kms.katalon.core.webui.keyword.internal.WebUIKeywordMain.runKeyword(WebUIKeywordMain.groovy:20)
	at com.kms.katalon.core.webui.keyword.internal.WebUIKeywordMain$runKeyword.call(Unknown Source)
	at com.kms.katalon.core.webui.keyword.builtin.VerifyElementNotPresentKeyword.verifyElementNotPresent(VerifyElementNotPresentKeyword.groovy:117)
	at com.kms.katalon.core.webui.keyword.builtin.VerifyElementNotPresentKeyword.execute(VerifyElementNotPresentKeyword.groovy:68)
	at com.kms.katalon.core.keyword.internal.KeywordExecutor.executeKeywordForPlatform(KeywordExecutor.groovy:74)
	at com.kms.katalon.core.webui.keyword.WebUiBuiltInKeywords.verifyElementNotPresent(WebUiBuiltInKeywords.groovy:1481)
	at com.kms.katalon.core.webui.keyword.WebUiBuiltInKeywords$verifyElementNotPresent$8.call(Unknown Source)
	at GetBrokSumPriceDaily.run(GetBrokSumPriceDaily:309)
	at com.kms.katalon.core.main.ScriptEngine.run(ScriptEngine.java:194)
	at com.kms.katalon.core.main.ScriptEngine.runScriptAsRawText(ScriptEngine.java:119)
	at com.kms.katalon.core.main.TestCaseExecutor.runScript(TestCaseExecutor.java:445)
	at com.kms.katalon.core.main.TestCaseExecutor.doExecute(TestCaseExecutor.java:436)
	at com.kms.katalon.core.main.TestCaseExecutor.processExecutionPhase(TestCaseExecutor.java:415)
	at com.kms.katalon.core.main.TestCaseExecutor.accessMainPhase(TestCaseExecutor.java:407)
	at com.kms.katalon.core.main.TestCaseExecutor.execute(TestCaseExecutor.java:284)
	at com.kms.katalon.core.common.CommonExecutor.accessTestCaseMainPhase(CommonExecutor.java:65)
	at com.kms.katalon.core.main.TestSuiteExecutor.accessTestSuiteMainPhase(TestSuiteExecutor.java:144)
	at com.kms.katalon.core.main.TestSuiteExecutor.execute(TestSuiteExecutor.java:106)
	at com.kms.katalon.core.main.TestCaseMain.startTestSuite(TestCaseMain.java:185)
	at com.kms.katalon.core.main.TestCaseMain$startTestSuite$0.call(Unknown Source)
	at TempTestSuite1705922193915.run(TempTestSuite1705922193915.groovy:36)
)

2024-01-22 18:20:16 - [MESSAGE][WARNING] - Web element with id: 'Object Repository/Stockbit/Bandarmology_Seller2' located by 'By.xpath: //*[contains(@id, 'rc-tabs-')]/div[2]/div/div/div/div/div/div[2]/table/tbody/tr[3]/td[5]/p' is present after '1' second(s) (Root cause: com.kms.katalon.core.exception.StepFailedException: Web element with id: 'Object Repository/Stockbit/Bandarmology_Seller2' located by 'By.xpath: //*[contains(@id, 'rc-tabs-')]/div[2]/div/div/div/div/div/div[2]/table/tbody/tr[3]/td[5]/p' is present after '1' second(s)
	at com.kms.katalon.core.webui.keyword.internal.WebUIKeywordMain.stepFailed(WebUIKeywordMain.groovy:64)
	at com.kms.katalon.core.webui.keyword.internal.WebUIKeywordMain$stepFailed$0.call(Unknown Source)
	at com.kms.katalon.core.webui.keyword.builtin.VerifyElementNotPresentKeyword$_verifyElementNotPresent_closure1.doCall(VerifyElementNotPresentKeyword.groovy:106)
	at com.kms.katalon.core.webui.keyword.builtin.VerifyElementNotPresentKeyword$_verifyElementNotPresent_closure1.doCall(VerifyElementNotPresentKeyword.groovy)
	at com.kms.katalon.core.webui.keyword.internal.WebUIKeywordMain.runKeyword(WebUIKeywordMain.groovy:20)
	at com.kms.katalon.core.webui.keyword.internal.WebUIKeywordMain$runKeyword.call(Unknown Source)
	at com.kms.katalon.core.webui.keyword.builtin.VerifyElementNotPresentKeyword.verifyElementNotPresent(VerifyElementNotPresentKeyword.groovy:117)
	at com.kms.katalon.core.webui.keyword.builtin.VerifyElementNotPresentKeyword.execute(VerifyElementNotPresentKeyword.groovy:68)
	at com.kms.katalon.core.keyword.internal.KeywordExecutor.executeKeywordForPlatform(KeywordExecutor.groovy:74)
	at com.kms.katalon.core.webui.keyword.WebUiBuiltInKeywords.verifyElementNotPresent(WebUiBuiltInKeywords.groovy:1481)
	at com.kms.katalon.core.webui.keyword.WebUiBuiltInKeywords$verifyElementNotPresent$8.call(Unknown Source)
	at GetBrokSumPriceDaily.run(GetBrokSumPriceDaily:309)
	at com.kms.katalon.core.main.ScriptEngine.run(ScriptEngine.java:194)
	at com.kms.katalon.core.main.ScriptEngine.runScriptAsRawText(ScriptEngine.java:119)
	at com.kms.katalon.core.main.TestCaseExecutor.runScript(TestCaseExecutor.java:445)
	at com.kms.katalon.core.main.TestCaseExecutor.doExecute(TestCaseExecutor.java:436)
	at com.kms.katalon.core.main.TestCaseExecutor.processExecutionPhase(TestCaseExecutor.java:415)
	at com.kms.katalon.core.main.TestCaseExecutor.accessMainPhase(TestCaseExecutor.java:407)
	at com.kms.katalon.core.main.TestCaseExecutor.execute(TestCaseExecutor.java:284)
	at com.kms.katalon.core.common.CommonExecutor.accessTestCaseMainPhase(CommonExecutor.java:65)
	at com.kms.katalon.core.main.TestSuiteExecutor.accessTestSuiteMainPhase(TestSuiteExecutor.java:144)
	at com.kms.katalon.core.main.TestSuiteExecutor.execute(TestSuiteExecutor.java:106)
	at com.kms.katalon.core.main.TestCaseMain.startTestSuite(TestCaseMain.java:185)
	at com.kms.katalon.core.main.TestCaseMain$startTestSuite$0.call(Unknown Source)
	at TempTestSuite1705922193915.run(TempTestSuite1705922193915.groovy:36)
)
[[ATTACHMENT|C:\\Users\\Fadli\\git\\KatalonDailyGetData2\\Reports\\20240122_174123\\TS1\\20240122_181633\\1705922416304.png]]

2024-01-22 18:20:16 - [TEST_STEP][PASSED] - else: null

2024-01-22 18:20:16 - [TEST_STEP][PASSED] - strSeller2 = getText(findTestObject("Stockbit/Bandarmology_Seller2")): Text of object 'Object Repository/Stockbit/Bandarmology_Seller2' is: 'CC'

2024-01-22 18:20:16 - [MESSAGE][PASSED] - Text of object 'Object Repository/Stockbit/Bandarmology_Seller2' is: 'CC'

2024-01-22 18:20:16 - [TEST_STEP][PASSED] - strSellerVol2 = getText(findTestObject("Stockbit/Bandarmology_SellerVol2")): Text of object 'Object Repository/Stockbit/Bandarmology_SellerVol2' is: '3.7 K'

2024-01-22 18:20:16 - [MESSAGE][PASSED] - Text of object 'Object Repository/Stockbit/Bandarmology_SellerVol2' is: '3.7 K'

2024-01-22 18:20:16 - [TEST_STEP][PASSED] - strSellerAvg2 = getText(findTestObject("Stockbit/Bandarmology_SellerAvg2")): Text of object 'Object Repository/Stockbit/Bandarmology_SellerAvg2' is: '675'

2024-01-22 18:20:16 - [MESSAGE][PASSED] - Text of object 'Object Repository/Stockbit/Bandarmology_SellerAvg2' is: '675'

2024-01-22 18:20:16 - [TEST_STEP][PASSED] - if (strSeller2 != ""): null

2024-01-22 18:20:16 - [TEST_STEP][PASSED] - if (strSellerAvg2.contains(",")): null

2024-01-22 18:20:16 - [TEST_STEP][PASSED] - if (strSellerVol2.contains(" B")): null

2024-01-22 18:20:16 - [TEST_STEP][PASSED] - else if (strSellerVol2.contains(" M")): null

2024-01-22 18:20:16 - [TEST_STEP][PASSED] - else if (strSellerVol2.contains(" K")): null

2024-01-22 18:20:16 - [TEST_STEP][PASSED] - strSellerVol2 = strSellerVol2.replace(" K", ""): null

2024-01-22 18:20:16 - [TEST_STEP][PASSED] - strSellerVol2 = strSellerVol2.toDouble() * 1000: null

2024-01-22 18:20:16 - [TEST_STEP][PASSED] - if (verifyElementNotPresent(findTestObject("Stockbit/Bandarmology_Buyer3"), 1, OPTIONAL)): Web element with id: 'Object Repository/Stockbit/Bandarmology_Buyer3' located by 'By.xpath: //*[contains(@id, 'rc-tabs-')]/div[2]/div/div/div/div/div/div[2]/table/tbody/tr[4]/td[1]/p' is present after '1' second(s) (Root cause: com.kms.katalon.core.exception.StepFailedException: Web element with id: 'Object Repository/Stockbit/Bandarmology_Buyer3' located by 'By.xpath: //*[contains(@id, 'rc-tabs-')]/div[2]/div/div/div/div/div/div[2]/table/tbody/tr[4]/td[1]/p' is present after '1' second(s)
	at com.kms.katalon.core.webui.keyword.internal.WebUIKeywordMain.stepFailed(WebUIKeywordMain.groovy:64)
	at com.kms.katalon.core.webui.keyword.internal.WebUIKeywordMain$stepFailed$0.call(Unknown Source)
	at com.kms.katalon.core.webui.keyword.builtin.VerifyElementNotPresentKeyword$_verifyElementNotPresent_closure1.doCall(VerifyElementNotPresentKeyword.groovy:106)
	at com.kms.katalon.core.webui.keyword.builtin.VerifyElementNotPresentKeyword$_verifyElementNotPresent_closure1.doCall(VerifyElementNotPresentKeyword.groovy)
	at com.kms.katalon.core.webui.keyword.internal.WebUIKeywordMain.runKeyword(WebUIKeywordMain.groovy:20)
	at com.kms.katalon.core.webui.keyword.internal.WebUIKeywordMain$runKeyword.call(Unknown Source)
	at com.kms.katalon.core.webui.keyword.builtin.VerifyElementNotPresentKeyword.verifyElementNotPresent(VerifyElementNotPresentKeyword.groovy:117)
	at com.kms.katalon.core.webui.keyword.builtin.VerifyElementNotPresentKeyword.execute(VerifyElementNotPresentKeyword.groovy:68)
	at com.kms.katalon.core.keyword.internal.KeywordExecutor.executeKeywordForPlatform(KeywordExecutor.groovy:74)
	at com.kms.katalon.core.webui.keyword.WebUiBuiltInKeywords.verifyElementNotPresent(WebUiBuiltInKeywords.groovy:1481)
	at com.kms.katalon.core.webui.keyword.WebUiBuiltInKeywords$verifyElementNotPresent$8.call(Unknown Source)
	at GetBrokSumPriceDaily.run(GetBrokSumPriceDaily:361)
	at com.kms.katalon.core.main.ScriptEngine.run(ScriptEngine.java:194)
	at com.kms.katalon.core.main.ScriptEngine.runScriptAsRawText(ScriptEngine.java:119)
	at com.kms.katalon.core.main.TestCaseExecutor.runScript(TestCaseExecutor.java:445)
	at com.kms.katalon.core.main.TestCaseExecutor.doExecute(TestCaseExecutor.java:436)
	at com.kms.katalon.core.main.TestCaseExecutor.processExecutionPhase(TestCaseExecutor.java:415)
	at com.kms.katalon.core.main.TestCaseExecutor.accessMainPhase(TestCaseExecutor.java:407)
	at com.kms.katalon.core.main.TestCaseExecutor.execute(TestCaseExecutor.java:284)
	at com.kms.katalon.core.common.CommonExecutor.accessTestCaseMainPhase(CommonExecutor.java:65)
	at com.kms.katalon.core.main.TestSuiteExecutor.accessTestSuiteMainPhase(TestSuiteExecutor.java:144)
	at com.kms.katalon.core.main.TestSuiteExecutor.execute(TestSuiteExecutor.java:106)
	at com.kms.katalon.core.main.TestCaseMain.startTestSuite(TestCaseMain.java:185)
	at com.kms.katalon.core.main.TestCaseMain$startTestSuite$0.call(Unknown Source)
	at TempTestSuite1705922193915.run(TempTestSuite1705922193915.groovy:36)
)

2024-01-22 18:20:18 - [MESSAGE][WARNING] - Web element with id: 'Object Repository/Stockbit/Bandarmology_Buyer3' located by 'By.xpath: //*[contains(@id, 'rc-tabs-')]/div[2]/div/div/div/div/div/div[2]/table/tbody/tr[4]/td[1]/p' is present after '1' second(s) (Root cause: com.kms.katalon.core.exception.StepFailedException: Web element with id: 'Object Repository/Stockbit/Bandarmology_Buyer3' located by 'By.xpath: //*[contains(@id, 'rc-tabs-')]/div[2]/div/div/div/div/div/div[2]/table/tbody/tr[4]/td[1]/p' is present after '1' second(s)
	at com.kms.katalon.core.webui.keyword.internal.WebUIKeywordMain.stepFailed(WebUIKeywordMain.groovy:64)
	at com.kms.katalon.core.webui.keyword.internal.WebUIKeywordMain$stepFailed$0.call(Unknown Source)
	at com.kms.katalon.core.webui.keyword.builtin.VerifyElementNotPresentKeyword$_verifyElementNotPresent_closure1.doCall(VerifyElementNotPresentKeyword.groovy:106)
	at com.kms.katalon.core.webui.keyword.builtin.VerifyElementNotPresentKeyword$_verifyElementNotPresent_closure1.doCall(VerifyElementNotPresentKeyword.groovy)
	at com.kms.katalon.core.webui.keyword.internal.WebUIKeywordMain.runKeyword(WebUIKeywordMain.groovy:20)
	at com.kms.katalon.core.webui.keyword.internal.WebUIKeywordMain$runKeyword.call(Unknown Source)
	at com.kms.katalon.core.webui.keyword.builtin.VerifyElementNotPresentKeyword.verifyElementNotPresent(VerifyElementNotPresentKeyword.groovy:117)
	at com.kms.katalon.core.webui.keyword.builtin.VerifyElementNotPresentKeyword.execute(VerifyElementNotPresentKeyword.groovy:68)
	at com.kms.katalon.core.keyword.internal.KeywordExecutor.executeKeywordForPlatform(KeywordExecutor.groovy:74)
	at com.kms.katalon.core.webui.keyword.WebUiBuiltInKeywords.verifyElementNotPresent(WebUiBuiltInKeywords.groovy:1481)
	at com.kms.katalon.core.webui.keyword.WebUiBuiltInKeywords$verifyElementNotPresent$8.call(Unknown Source)
	at GetBrokSumPriceDaily.run(GetBrokSumPriceDaily:361)
	at com.kms.katalon.core.main.ScriptEngine.run(ScriptEngine.java:194)
	at com.kms.katalon.core.main.ScriptEngine.runScriptAsRawText(ScriptEngine.java:119)
	at com.kms.katalon.core.main.TestCaseExecutor.runScript(TestCaseExecutor.java:445)
	at com.kms.katalon.core.main.TestCaseExecutor.doExecute(TestCaseExecutor.java:436)
	at com.kms.katalon.core.main.TestCaseExecutor.processExecutionPhase(TestCaseExecutor.java:415)
	at com.kms.katalon.core.main.TestCaseExecutor.accessMainPhase(TestCaseExecutor.java:407)
	at com.kms.katalon.core.main.TestCaseExecutor.execute(TestCaseExecutor.java:284)
	at com.kms.katalon.core.common.CommonExecutor.accessTestCaseMainPhase(CommonExecutor.java:65)
	at com.kms.katalon.core.main.TestSuiteExecutor.accessTestSuiteMainPhase(TestSuiteExecutor.java:144)
	at com.kms.katalon.core.main.TestSuiteExecutor.execute(TestSuiteExecutor.java:106)
	at com.kms.katalon.core.main.TestCaseMain.startTestSuite(TestCaseMain.java:185)
	at com.kms.katalon.core.main.TestCaseMain$startTestSuite$0.call(Unknown Source)
	at TempTestSuite1705922193915.run(TempTestSuite1705922193915.groovy:36)
)
[[ATTACHMENT|C:\\Users\\Fadli\\git\\KatalonDailyGetData2\\Reports\\20240122_174123\\TS1\\20240122_181633\\1705922418178.png]]

2024-01-22 18:20:18 - [TEST_STEP][PASSED] - else: null

2024-01-22 18:20:18 - [TEST_STEP][PASSED] - strBuyer3 = getText(findTestObject("Stockbit/Bandarmology_Buyer3")): Text of object 'Object Repository/Stockbit/Bandarmology_Buyer3' is: 'BK'

2024-01-22 18:20:18 - [MESSAGE][PASSED] - Text of object 'Object Repository/Stockbit/Bandarmology_Buyer3' is: 'BK'

2024-01-22 18:20:18 - [TEST_STEP][PASSED] - strBuyerVol3 = getText(findTestObject("Stockbit/Bandarmology_BuyerVol3")): Text of object 'Object Repository/Stockbit/Bandarmology_BuyerVol3' is: '6.5 K'

2024-01-22 18:20:18 - [MESSAGE][PASSED] - Text of object 'Object Repository/Stockbit/Bandarmology_BuyerVol3' is: '6.5 K'

2024-01-22 18:20:18 - [TEST_STEP][PASSED] - strBuyerAvg3 = getText(findTestObject("Stockbit/Bandarmology_BuyerAvg3")): Text of object 'Object Repository/Stockbit/Bandarmology_BuyerAvg3' is: '691'

2024-01-22 18:20:18 - [MESSAGE][PASSED] - Text of object 'Object Repository/Stockbit/Bandarmology_BuyerAvg3' is: '691'

2024-01-22 18:20:18 - [TEST_STEP][PASSED] - if (strBuyer3 != ""): null

2024-01-22 18:20:18 - [TEST_STEP][PASSED] - if (strBuyerAvg3.contains(",")): null

2024-01-22 18:20:18 - [TEST_STEP][PASSED] - if (strBuyerVol3.contains(" B")): null

2024-01-22 18:20:18 - [TEST_STEP][PASSED] - else if (strBuyerVol3.contains(" M")): null

2024-01-22 18:20:18 - [TEST_STEP][PASSED] - else if (strBuyerVol3.contains(" K")): null

2024-01-22 18:20:18 - [TEST_STEP][PASSED] - strBuyerVol3 = strBuyerVol3.replace(" K", ""): null

2024-01-22 18:20:18 - [TEST_STEP][PASSED] - strBuyerVol3 = strBuyerVol3.toDouble() * 1000: null

2024-01-22 18:20:18 - [TEST_STEP][PASSED] - if (verifyElementNotPresent(findTestObject("Stockbit/Bandarmology_Seller3"), 1, OPTIONAL)): Web element with id: 'Object Repository/Stockbit/Bandarmology_Seller3' located by 'By.xpath: //*[contains(@id, 'rc-tabs-')]/div[2]/div/div/div/div/div/div[2]/table/tbody/tr[4]/td[5]/p' is present after '1' second(s) (Root cause: com.kms.katalon.core.exception.StepFailedException: Web element with id: 'Object Repository/Stockbit/Bandarmology_Seller3' located by 'By.xpath: //*[contains(@id, 'rc-tabs-')]/div[2]/div/div/div/div/div/div[2]/table/tbody/tr[4]/td[5]/p' is present after '1' second(s)
	at com.kms.katalon.core.webui.keyword.internal.WebUIKeywordMain.stepFailed(WebUIKeywordMain.groovy:64)
	at com.kms.katalon.core.webui.keyword.internal.WebUIKeywordMain$stepFailed$0.call(Unknown Source)
	at com.kms.katalon.core.webui.keyword.builtin.VerifyElementNotPresentKeyword$_verifyElementNotPresent_closure1.doCall(VerifyElementNotPresentKeyword.groovy:106)
	at com.kms.katalon.core.webui.keyword.builtin.VerifyElementNotPresentKeyword$_verifyElementNotPresent_closure1.doCall(VerifyElementNotPresentKeyword.groovy)
	at com.kms.katalon.core.webui.keyword.internal.WebUIKeywordMain.runKeyword(WebUIKeywordMain.groovy:20)
	at com.kms.katalon.core.webui.keyword.internal.WebUIKeywordMain$runKeyword.call(Unknown Source)
	at com.kms.katalon.core.webui.keyword.builtin.VerifyElementNotPresentKeyword.verifyElementNotPresent(VerifyElementNotPresentKeyword.groovy:117)
	at com.kms.katalon.core.webui.keyword.builtin.VerifyElementNotPresentKeyword.execute(VerifyElementNotPresentKeyword.groovy:68)
	at com.kms.katalon.core.keyword.internal.KeywordExecutor.executeKeywordForPlatform(KeywordExecutor.groovy:74)
	at com.kms.katalon.core.webui.keyword.WebUiBuiltInKeywords.verifyElementNotPresent(WebUiBuiltInKeywords.groovy:1481)
	at com.kms.katalon.core.webui.keyword.WebUiBuiltInKeywords$verifyElementNotPresent$8.call(Unknown Source)
	at GetBrokSumPriceDaily.run(GetBrokSumPriceDaily:414)
	at com.kms.katalon.core.main.ScriptEngine.run(ScriptEngine.java:194)
	at com.kms.katalon.core.main.ScriptEngine.runScriptAsRawText(ScriptEngine.java:119)
	at com.kms.katalon.core.main.TestCaseExecutor.runScript(TestCaseExecutor.java:445)
	at com.kms.katalon.core.main.TestCaseExecutor.doExecute(TestCaseExecutor.java:436)
	at com.kms.katalon.core.main.TestCaseExecutor.processExecutionPhase(TestCaseExecutor.java:415)
	at com.kms.katalon.core.main.TestCaseExecutor.accessMainPhase(TestCaseExecutor.java:407)
	at com.kms.katalon.core.main.TestCaseExecutor.execute(TestCaseExecutor.java:284)
	at com.kms.katalon.core.common.CommonExecutor.accessTestCaseMainPhase(CommonExecutor.java:65)
	at com.kms.katalon.core.main.TestSuiteExecutor.accessTestSuiteMainPhase(TestSuiteExecutor.java:144)
	at com.kms.katalon.core.main.TestSuiteExecutor.execute(TestSuiteExecutor.java:106)
	at com.kms.katalon.core.main.TestCaseMain.startTestSuite(TestCaseMain.java:185)
	at com.kms.katalon.core.main.TestCaseMain$startTestSuite$0.call(Unknown Source)
	at TempTestSuite1705922193915.run(TempTestSuite1705922193915.groovy:36)
)

2024-01-22 18:20:20 - [MESSAGE][WARNING] - Web element with id: 'Object Repository/Stockbit/Bandarmology_Seller3' located by 'By.xpath: //*[contains(@id, 'rc-tabs-')]/div[2]/div/div/div/div/div/div[2]/table/tbody/tr[4]/td[5]/p' is present after '1' second(s) (Root cause: com.kms.katalon.core.exception.StepFailedException: Web element with id: 'Object Repository/Stockbit/Bandarmology_Seller3' located by 'By.xpath: //*[contains(@id, 'rc-tabs-')]/div[2]/div/div/div/div/div/div[2]/table/tbody/tr[4]/td[5]/p' is present after '1' second(s)
	at com.kms.katalon.core.webui.keyword.internal.WebUIKeywordMain.stepFailed(WebUIKeywordMain.groovy:64)
	at com.kms.katalon.core.webui.keyword.internal.WebUIKeywordMain$stepFailed$0.call(Unknown Source)
	at com.kms.katalon.core.webui.keyword.builtin.VerifyElementNotPresentKeyword$_verifyElementNotPresent_closure1.doCall(VerifyElementNotPresentKeyword.groovy:106)
	at com.kms.katalon.core.webui.keyword.builtin.VerifyElementNotPresentKeyword$_verifyElementNotPresent_closure1.doCall(VerifyElementNotPresentKeyword.groovy)
	at com.kms.katalon.core.webui.keyword.internal.WebUIKeywordMain.runKeyword(WebUIKeywordMain.groovy:20)
	at com.kms.katalon.core.webui.keyword.internal.WebUIKeywordMain$runKeyword.call(Unknown Source)
	at com.kms.katalon.core.webui.keyword.builtin.VerifyElementNotPresentKeyword.verifyElementNotPresent(VerifyElementNotPresentKeyword.groovy:117)
	at com.kms.katalon.core.webui.keyword.builtin.VerifyElementNotPresentKeyword.execute(VerifyElementNotPresentKeyword.groovy:68)
	at com.kms.katalon.core.keyword.internal.KeywordExecutor.executeKeywordForPlatform(KeywordExecutor.groovy:74)
	at com.kms.katalon.core.webui.keyword.WebUiBuiltInKeywords.verifyElementNotPresent(WebUiBuiltInKeywords.groovy:1481)
	at com.kms.katalon.core.webui.keyword.WebUiBuiltInKeywords$verifyElementNotPresent$8.call(Unknown Source)
	at GetBrokSumPriceDaily.run(GetBrokSumPriceDaily:414)
	at com.kms.katalon.core.main.ScriptEngine.run(ScriptEngine.java:194)
	at com.kms.katalon.core.main.ScriptEngine.runScriptAsRawText(ScriptEngine.java:119)
	at com.kms.katalon.core.main.TestCaseExecutor.runScript(TestCaseExecutor.java:445)
	at com.kms.katalon.core.main.TestCaseExecutor.doExecute(TestCaseExecutor.java:436)
	at com.kms.katalon.core.main.TestCaseExecutor.processExecutionPhase(TestCaseExecutor.java:415)
	at com.kms.katalon.core.main.TestCaseExecutor.accessMainPhase(TestCaseExecutor.java:407)
	at com.kms.katalon.core.main.TestCaseExecutor.execute(TestCaseExecutor.java:284)
	at com.kms.katalon.core.common.CommonExecutor.accessTestCaseMainPhase(CommonExecutor.java:65)
	at com.kms.katalon.core.main.TestSuiteExecutor.accessTestSuiteMainPhase(TestSuiteExecutor.java:144)
	at com.kms.katalon.core.main.TestSuiteExecutor.execute(TestSuiteExecutor.java:106)
	at com.kms.katalon.core.main.TestCaseMain.startTestSuite(TestCaseMain.java:185)
	at com.kms.katalon.core.main.TestCaseMain$startTestSuite$0.call(Unknown Source)
	at TempTestSuite1705922193915.run(TempTestSuite1705922193915.groovy:36)
)
[[ATTACHMENT|C:\\Users\\Fadli\\git\\KatalonDailyGetData2\\Reports\\20240122_174123\\TS1\\20240122_181633\\1705922420136.png]]

2024-01-22 18:20:20 - [TEST_STEP][PASSED] - else: null

2024-01-22 18:20:20 - [TEST_STEP][PASSED] - strSeller3 = getText(findTestObject("Stockbit/Bandarmology_Seller3")): Text of object 'Object Repository/Stockbit/Bandarmology_Seller3' is: 'PD'

2024-01-22 18:20:20 - [MESSAGE][PASSED] - Text of object 'Object Repository/Stockbit/Bandarmology_Seller3' is: 'PD'

2024-01-22 18:20:20 - [TEST_STEP][PASSED] - strSellerVol3 = getText(findTestObject("Stockbit/Bandarmology_SellerVol3")): Text of object 'Object Repository/Stockbit/Bandarmology_SellerVol3' is: '3 K'

2024-01-22 18:20:20 - [MESSAGE][PASSED] - Text of object 'Object Repository/Stockbit/Bandarmology_SellerVol3' is: '3 K'

2024-01-22 18:20:20 - [TEST_STEP][PASSED] - strSellerAvg3 = getText(findTestObject("Stockbit/Bandarmology_SellerAvg3")): Text of object 'Object Repository/Stockbit/Bandarmology_SellerAvg3' is: '678'

2024-01-22 18:20:20 - [MESSAGE][PASSED] - Text of object 'Object Repository/Stockbit/Bandarmology_SellerAvg3' is: '678'

2024-01-22 18:20:20 - [TEST_STEP][PASSED] - if (strSeller3 != ""): null

2024-01-22 18:20:20 - [TEST_STEP][PASSED] - if (strSellerAvg3.contains(",")): null

2024-01-22 18:20:20 - [TEST_STEP][PASSED] - if (strSellerVol3.contains(" B")): null

2024-01-22 18:20:20 - [TEST_STEP][PASSED] - else if (strSellerVol3.contains(" M")): null

2024-01-22 18:20:20 - [TEST_STEP][PASSED] - else if (strSellerVol3.contains(" K")): null

2024-01-22 18:20:20 - [TEST_STEP][PASSED] - strSellerVol3 = strSellerVol3.replace(" K", ""): null

2024-01-22 18:20:20 - [TEST_STEP][PASSED] - strSellerVol3 = strSellerVol3.toDouble() * 1000: null

2024-01-22 18:20:20 - [TEST_STEP][PASSED] - strAccDist = getText(findTestObject("Stockbit/Bandarmology_AccDist")): Text of object 'Object Repository/Stockbit/Bandarmology_AccDist' is: 'Dist'

2024-01-22 18:20:21 - [MESSAGE][PASSED] - Text of object 'Object Repository/Stockbit/Bandarmology_AccDist' is: 'Dist'

2024-01-22 18:20:21 - [TEST_STEP][PASSED] - strNetVol = getText(findTestObject("Stockbit/Bandarmology_NetVol")): Text of object 'Object Repository/Stockbit/Bandarmology_NetVol' is: '39,555'

2024-01-22 18:20:21 - [MESSAGE][PASSED] - Text of object 'Object Repository/Stockbit/Bandarmology_NetVol' is: '39,555'

2024-01-22 18:20:21 - [TEST_STEP][PASSED] - strNetVol = strNetVol.replace(",", ""): null

2024-01-22 18:20:21 - [TEST_STEP][PASSED] - strNetVal = getText(findTestObject("Stockbit/Bandarmology_NetVal")): Text of object 'Object Repository/Stockbit/Bandarmology_NetVal' is: '2.7 B'

2024-01-22 18:20:21 - [MESSAGE][PASSED] - Text of object 'Object Repository/Stockbit/Bandarmology_NetVal' is: '2.7 B'

2024-01-22 18:20:21 - [TEST_STEP][PASSED] - delay(3): Delayed 3 second(s)

2024-01-22 18:20:24 - [MESSAGE][PASSED] - Delayed 3 second(s)

2024-01-22 18:20:24 - [TEST_STEP][PASSED] - strOpenPrice = getText(findTestObject("Stockbit/Home_OpenPrice")): Text of object 'Object Repository/Stockbit/Home_OpenPrice' is: '685'

2024-01-22 18:20:24 - [MESSAGE][PASSED] - Text of object 'Object Repository/Stockbit/Home_OpenPrice' is: '685'

2024-01-22 18:20:24 - [TEST_STEP][PASSED] - strOpenPrice = strOpenPrice.replace(",", ""): null

2024-01-22 18:20:24 - [TEST_STEP][PASSED] - strLowPrice = getText(findTestObject("Stockbit/Home_LowPrice")): Text of object 'Object Repository/Stockbit/Home_LowPrice' is: '670'

2024-01-22 18:20:24 - [MESSAGE][PASSED] - Text of object 'Object Repository/Stockbit/Home_LowPrice' is: '670'

2024-01-22 18:20:24 - [TEST_STEP][PASSED] - strLowPrice = strLowPrice.replace(",", ""): null

2024-01-22 18:20:24 - [TEST_STEP][PASSED] - strHighPrice = getText(findTestObject("Stockbit/Home_HighPrice")): Text of object 'Object Repository/Stockbit/Home_HighPrice' is: '700'

2024-01-22 18:20:25 - [MESSAGE][PASSED] - Text of object 'Object Repository/Stockbit/Home_HighPrice' is: '700'

2024-01-22 18:20:25 - [TEST_STEP][PASSED] - strHighPrice = strHighPrice.replace(",", ""): null

2024-01-22 18:20:25 - [TEST_STEP][PASSED] - strClosePrice = getText(findTestObject("Stockbit/Home_ClosePrice")): Text of object 'Object Repository/Stockbit/Home_ClosePrice' is: '670'

2024-01-22 18:20:25 - [MESSAGE][PASSED] - Text of object 'Object Repository/Stockbit/Home_ClosePrice' is: '670'

2024-01-22 18:20:25 - [TEST_STEP][PASSED] - strClosePrice = strClosePrice.replace(",", ""): null

2024-01-22 18:20:25 - [TEST_STEP][PASSED] - strVol = getText(findTestObject("Stockbit/Home_Volume")): Text of object 'Object Repository/Stockbit/Home_Volume' is: '317 K'

2024-01-22 18:20:25 - [MESSAGE][PASSED] - Text of object 'Object Repository/Stockbit/Home_Volume' is: '317 K'

2024-01-22 18:20:25 - [TEST_STEP][PASSED] - if (strVol.contains(" K")): null

2024-01-22 18:20:25 - [TEST_STEP][PASSED] - strVol = strVol.replace(" K", "000"): null

2024-01-22 18:20:25 - [TEST_STEP][PASSED] - if (strVol.contains(",")): null

2024-01-22 18:20:25 - [TEST_STEP][PASSED] - strChange = getText(findTestObject("Stockbit/Home_Change")): Text of object 'Object Repository/Stockbit/Home_Change' is: '-2.19%'

2024-01-22 18:20:25 - [MESSAGE][PASSED] - Text of object 'Object Repository/Stockbit/Home_Change' is: '-2.19%'

2024-01-22 18:20:25 - [TEST_STEP][PASSED] - strChange = strChange.replace("%", ""): null

2024-01-22 18:20:25 - [TEST_STEP][PASSED] - strFreq = getText(findTestObject("Stockbit/Home_Freq")): Text of object 'Object Repository/Stockbit/Home_Freq' is: '1,779'

2024-01-22 18:20:25 - [MESSAGE][PASSED] - Text of object 'Object Repository/Stockbit/Home_Freq' is: '1,779'

2024-01-22 18:20:25 - [TEST_STEP][PASSED] - if (strFreq.contains(",")): null

2024-01-22 18:20:25 - [TEST_STEP][PASSED] - strFreq = strFreq.replace(",", ""): null

2024-01-22 18:20:25 - [TEST_STEP][PASSED] - if (strFreq == "NA" || strFreq == ""): null

2024-01-22 18:20:25 - [TEST_STEP][PASSED] - else: null

2024-01-22 18:20:25 - [TEST_STEP][PASSED] - dblFreqAnal = strVol.toDouble() / strFreq.toDouble() * strFreq.toDouble() * strFreq.toDouble() * 100000000: null

2024-01-22 18:20:25 - [TEST_STEP][PASSED] - strFreqAnal = String.format("%.4f", dblFreqAnal): null

2024-01-22 18:20:25 - [TEST_STEP][PASSED] - out.println("Double strFreqAnal: " + strFreqAnal): null

2024-01-22 18:20:25 - [TEST_STEP][PASSED] - strTanggal = d.format(DateTimeFormatter.ofPattern("yyyy-MM-dd")): null

2024-01-22 18:20:25 - [TEST_STEP][PASSED] - strTanggal = "#" + strTanggal + "#": null

2024-01-22 18:20:25 - [TEST_STEP][PASSED] - strSQL = "select count(*) as JumBaris from TblBrokSum where Nama = '" + strNama + "' and Tanggal = " + strTanggal + "": null

2024-01-22 18:20:25 - [TEST_STEP][PASSED] - resultSet = statement.executeQuery(strSQL): null

2024-01-22 18:20:25 - [TEST_STEP][PASSED] - resultSet.next(): null

2024-01-22 18:20:25 - [TEST_STEP][PASSED] - intJumBaris = resultSet.getInt("JumBaris"): null

2024-01-22 18:20:25 - [TEST_STEP][PASSED] - if (intJumBaris > 0): null

2024-01-22 18:20:25 - [TEST_STEP][PASSED] - else: null

2024-01-22 18:20:25 - [TEST_STEP][PASSED] - try: null

2024-01-22 18:20:25 - [TEST_STEP][PASSED] - out.println("Insert data"): null

2024-01-22 18:20:25 - [TEST_STEP][PASSED] - strSQL = "insert into TblBrokSum (nama, tanggal, top1, top2, top3, AllBrokAvg, AccDist, AvgRP, " + "Buyer1, BuyerVal1, BuyerAvg1, Seller1, SellerVal1, SellerAvg1, Buyer2, BuyerVal2, BuyerAvg2, " + "Seller2, SellerVal2, SellerAvg2, Buyer3, BuyerVal3, BuyerAvg3, Seller3, SellerVal3, SellerAvg3, NetVol, NetVal, " + "OpenPrice, LowPrice, HighPrice, ClosePrice, Volume, Change, Frekuensi, FrekAnal) " + "values ('" + strNama + "', " + strTanggal + ", '" + strTop1 + "', '" + strTop3 + "', '" + strTop5 + "', " + "'" + strAllBrokAvg + "', '" + strAccDist + "', " + intAvgRP + ", '" + strBuyer1 + "', '" + strBuyerVol1 + "', " + strBuyerAvg1 + ", " + "'" + strSeller1 + "', '" + strSellerVol1 + "', " + strSellerAvg1 + ", '" + strBuyer2 + "', '" + strBuyerVol2 + "', " + strBuyerAvg2 + ", " + "'" + strSeller2 + "', '" + strSellerVol2 + "', " + strSellerAvg2 + ", '" + strBuyer3 + "', '" + strBuyerVol3 + "', " + strBuyerAvg3 + ", " + "'" + strSeller3 + "', '" + strSellerVol3 + "', " + strSellerAvg3 + ", " + strNetVol + ", '" + strNetVal + "', " + "" + strOpenPrice + ", " + strLowPrice + ", " + strHighPrice + ", " + strClosePrice + ", '" + strVol + "', " + strChange + ", " + strFreq + ", " + strFreqAnal + ");": null

2024-01-22 18:20:25 - [TEST_STEP][PASSED] - out.println("strSQL = " + strSQL): null

2024-01-22 18:20:25 - [TEST_STEP][PASSED] - statement.executeUpdate(strSQL): null

2024-01-22 18:20:25 - [TEST_STEP][PASSED] - setValueToCellByIndex(sheet01, rowIndex, 4, "DONE"): null

2024-01-22 18:20:25 - [TEST_STEP][PASSED] - saveWorkbook(excelFilePath, workbook01): null

2024-01-22 18:20:25 - [TEST_STEP][PASSED] - waitForElementClickable(findTestObject("Stockbit/menu_Bandarmology"), 10): Object 'Object Repository/Stockbit/menu_Bandarmology' is clickable

2024-01-22 18:20:25 - [MESSAGE][PASSED] - Object 'Object Repository/Stockbit/menu_Bandarmology' is clickable

2024-01-22 18:20:25 - [TEST_STEP][PASSED] - click(findTestObject("Stockbit/menu_Bandarmology")): Object: 'Object Repository/Stockbit/menu_Bandarmology' is clicked on

2024-01-22 18:20:26 - [MESSAGE][PASSED] - Object: 'Object Repository/Stockbit/menu_Bandarmology' is clicked on

2024-01-22 18:20:26 - [TEST_STEP][PASSED] - strTemp = "NA": null

2024-01-22 18:20:26 - [TEST_STEP][PASSED] - if (getCellValueByIndex(sheet01, rowIndex, 4) != "DONE"): Object: 'Object Repository/Stockbit/menu_Bandarmology' is clicked on

2024-01-22 18:20:26 - [TEST_STEP][PASSED] - strNama = getCellValueByIndex(sheet01, rowIndex, 0): null

2024-01-22 18:20:26 - [TEST_STEP][PASSED] - navigateToUrl("https://stockbit.com/#/symbol/" + strNama): Navigate to 'https://stockbit.com/#/symbol/SMMT' successfully

2024-01-22 18:20:32 - [MESSAGE][PASSED] - Navigate to 'https://stockbit.com/#/symbol/SMMT' successfully

2024-01-22 18:20:32 - [TEST_STEP][PASSED] - waitForElementClickable(findTestObject("Stockbit/menu_Bandarmology"), 10): Object 'Object Repository/Stockbit/menu_Bandarmology' is clickable

2024-01-22 18:20:32 - [MESSAGE][PASSED] - Object 'Object Repository/Stockbit/menu_Bandarmology' is clickable

2024-01-22 18:20:32 - [TEST_STEP][PASSED] - click(findTestObject("Stockbit/menu_Bandarmology")): Object: 'Object Repository/Stockbit/menu_Bandarmology' is clicked on

2024-01-22 18:20:32 - [MESSAGE][PASSED] - Object: 'Object Repository/Stockbit/menu_Bandarmology' is clicked on

2024-01-22 18:20:32 - [TEST_STEP][PASSED] - strTanggal = d.format(DateTimeFormatter.ofPattern("MMM dd, yyyy")): null

2024-01-22 18:20:32 - [TEST_STEP][PASSED] - strTanggal = d.format(ISO_DATE): null

2024-01-22 18:20:32 - [TEST_STEP][PASSED] - out.println("strTanggal = " + strTanggal): null

2024-01-22 18:20:32 - [TEST_STEP][PASSED] - out.println("strNama = " + strNama): null

2024-01-22 18:20:32 - [TEST_STEP][PASSED] - out.println("Baris ke = " + rowIndex): null

2024-01-22 18:20:32 - [TEST_STEP][PASSED] - click(findTestObject("Stockbit/input__BandarmologyOpenStartDate")): Object: 'Object Repository/Stockbit/input__BandarmologyOpenStartDate' is clicked on

2024-01-22 18:20:33 - [MESSAGE][PASSED] - Object: 'Object Repository/Stockbit/input__BandarmologyOpenStartDate' is clicked on

2024-01-22 18:20:33 - [TEST_STEP][PASSED] - sendKeys(findTestObject("Stockbit/input__BandarmologyOpenStartDate"), Keys.chord(CONTROL, "a")): Keys 'CONTROL + a' sent to object: 'Object Repository/Stockbit/input__BandarmologyOpenStartDate'

2024-01-22 18:20:33 - [MESSAGE][PASSED] - Keys 'CONTROL + a' sent to object: 'Object Repository/Stockbit/input__BandarmologyOpenStartDate'

2024-01-22 18:20:33 - [TEST_STEP][PASSED] - sendKeys(findTestObject("Stockbit/input__BandarmologyOpenStartDate"), Keys.chord(BACK_SPACE)): Keys 'BACK_SPACE + ' sent to object: 'Object Repository/Stockbit/input__BandarmologyOpenStartDate'

2024-01-22 18:20:34 - [MESSAGE][PASSED] - Keys 'BACK_SPACE + ' sent to object: 'Object Repository/Stockbit/input__BandarmologyOpenStartDate'

2024-01-22 18:20:34 - [TEST_STEP][PASSED] - setText(findTestObject("Stockbit/input__BandarmologyOpenStartDate"), strTanggal): Text '2024-01-22' is set on object 'Object Repository/Stockbit/input__BandarmologyOpenStartDate'

2024-01-22 18:20:35 - [MESSAGE][PASSED] - Text '2024-01-22' is set on object 'Object Repository/Stockbit/input__BandarmologyOpenStartDate'

2024-01-22 18:20:35 - [TEST_STEP][PASSED] - sendKeys(findTestObject("Stockbit/input__BandarmologyOpenStartDate"), Keys.chord(ENTER)): Keys 'ENTER + ' sent to object: 'Object Repository/Stockbit/input__BandarmologyOpenStartDate'

2024-01-22 18:20:35 - [MESSAGE][PASSED] - Keys 'ENTER + ' sent to object: 'Object Repository/Stockbit/input__BandarmologyOpenStartDate'

2024-01-22 18:20:35 - [TEST_STEP][PASSED] - click(findTestObject("Stockbit/input__BandarmologyOpenEndDate")): Object: 'Object Repository/Stockbit/input__BandarmologyOpenEndDate' is clicked on

2024-01-22 18:20:35 - [MESSAGE][PASSED] - Object: 'Object Repository/Stockbit/input__BandarmologyOpenEndDate' is clicked on

2024-01-22 18:20:35 - [TEST_STEP][PASSED] - sendKeys(findTestObject("Stockbit/input__BandarmologyOpenEndDate"), Keys.chord(CONTROL, "a")): Keys 'CONTROL + a' sent to object: 'Object Repository/Stockbit/input__BandarmologyOpenEndDate'

2024-01-22 18:20:36 - [MESSAGE][PASSED] - Keys 'CONTROL + a' sent to object: 'Object Repository/Stockbit/input__BandarmologyOpenEndDate'

2024-01-22 18:20:36 - [TEST_STEP][PASSED] - sendKeys(findTestObject("Stockbit/input__BandarmologyOpenEndDate"), Keys.chord(BACK_SPACE)): Keys 'BACK_SPACE + ' sent to object: 'Object Repository/Stockbit/input__BandarmologyOpenEndDate'

2024-01-22 18:20:36 - [MESSAGE][PASSED] - Keys 'BACK_SPACE + ' sent to object: 'Object Repository/Stockbit/input__BandarmologyOpenEndDate'

2024-01-22 18:20:36 - [TEST_STEP][PASSED] - setText(findTestObject("Stockbit/input__BandarmologyOpenEndDate"), strTanggal): Text '2024-01-22' is set on object 'Object Repository/Stockbit/input__BandarmologyOpenEndDate'

2024-01-22 18:20:37 - [MESSAGE][PASSED] - Text '2024-01-22' is set on object 'Object Repository/Stockbit/input__BandarmologyOpenEndDate'

2024-01-22 18:20:37 - [TEST_STEP][PASSED] - sendKeys(findTestObject("Stockbit/input__BandarmologyOpenEndDate"), Keys.chord(ENTER)): Keys 'ENTER + ' sent to object: 'Object Repository/Stockbit/input__BandarmologyOpenEndDate'

2024-01-22 18:20:37 - [MESSAGE][PASSED] - Keys 'ENTER + ' sent to object: 'Object Repository/Stockbit/input__BandarmologyOpenEndDate'

2024-01-22 18:20:37 - [TEST_STEP][PASSED] - delay(2): Delayed 2 second(s)

2024-01-22 18:20:39 - [MESSAGE][PASSED] - Delayed 2 second(s)

2024-01-22 18:20:39 - [TEST_STEP][PASSED] - strTemp = getText(findTestObject("Stockbit/Bandarmology_AvgRP")): Text of object 'Object Repository/Stockbit/Bandarmology_AvgRP' is: '866'

2024-01-22 18:20:39 - [MESSAGE][PASSED] - Text of object 'Object Repository/Stockbit/Bandarmology_AvgRP' is: '866'

2024-01-22 18:20:39 - [TEST_STEP][PASSED] - out.println("Bandarmology_AvgRP = " + strTemp): null

2024-01-22 18:20:39 - [TEST_STEP][PASSED] - if (strTemp != "0"): null

2024-01-22 18:20:39 - [TEST_STEP][PASSED] - strTop1 = getText(findTestObject("Stockbit/Bandarmology_Top1")): Text of object 'Object Repository/Stockbit/Bandarmology_Top1' is: 'Big Acc'

2024-01-22 18:20:39 - [MESSAGE][PASSED] - Text of object 'Object Repository/Stockbit/Bandarmology_Top1' is: 'Big Acc'

2024-01-22 18:20:39 - [TEST_STEP][PASSED] - strTop3 = getText(findTestObject("Stockbit/Bandarmology_Top3")): Text of object 'Object Repository/Stockbit/Bandarmology_Top3' is: 'Big Acc'

2024-01-22 18:20:40 - [MESSAGE][PASSED] - Text of object 'Object Repository/Stockbit/Bandarmology_Top3' is: 'Big Acc'

2024-01-22 18:20:40 - [TEST_STEP][PASSED] - strTop5 = getText(findTestObject("Stockbit/Bandarmology_Top5")): Text of object 'Object Repository/Stockbit/Bandarmology_Top5' is: 'Neutral'

2024-01-22 18:20:40 - [MESSAGE][PASSED] - Text of object 'Object Repository/Stockbit/Bandarmology_Top5' is: 'Neutral'

2024-01-22 18:20:40 - [TEST_STEP][PASSED] - strAllBrokAvg = getText(findTestObject("Stockbit/Bandarmology_TopAVG")): Text of object 'Object Repository/Stockbit/Bandarmology_TopAVG' is: 'Normal Acc'

2024-01-22 18:20:40 - [MESSAGE][PASSED] - Text of object 'Object Repository/Stockbit/Bandarmology_TopAVG' is: 'Normal Acc'

2024-01-22 18:20:40 - [TEST_STEP][PASSED] - strTemp = getText(findTestObject("Stockbit/Bandarmology_AvgRP")): Text of object 'Object Repository/Stockbit/Bandarmology_AvgRP' is: '866'

2024-01-22 18:20:40 - [MESSAGE][PASSED] - Text of object 'Object Repository/Stockbit/Bandarmology_AvgRP' is: '866'

2024-01-22 18:20:40 - [TEST_STEP][PASSED] - if (strTemp.contains(",")): null

2024-01-22 18:20:40 - [TEST_STEP][PASSED] - intAvgRP = strTemp.toInteger(): null

2024-01-22 18:20:40 - [TEST_STEP][PASSED] - strBuyer1 = getText(findTestObject("Stockbit/Bandarmology_Buyer1")): Text of object 'Object Repository/Stockbit/Bandarmology_Buyer1' is: 'YP'

2024-01-22 18:20:40 - [MESSAGE][PASSED] - Text of object 'Object Repository/Stockbit/Bandarmology_Buyer1' is: 'YP'

2024-01-22 18:20:40 - [TEST_STEP][PASSED] - strBuyerVol1 = getText(findTestObject("Stockbit/Bandarmology_BuyerVol1")): Text of object 'Object Repository/Stockbit/Bandarmology_BuyerVol1' is: '1.7 K'

2024-01-22 18:20:40 - [MESSAGE][PASSED] - Text of object 'Object Repository/Stockbit/Bandarmology_BuyerVol1' is: '1.7 K'

2024-01-22 18:20:40 - [TEST_STEP][PASSED] - strBuyerAvg1 = getText(findTestObject("Stockbit/Bandarmology_BuyerAvg1")): Text of object 'Object Repository/Stockbit/Bandarmology_BuyerAvg1' is: '868'

2024-01-22 18:20:40 - [MESSAGE][PASSED] - Text of object 'Object Repository/Stockbit/Bandarmology_BuyerAvg1' is: '868'

2024-01-22 18:20:40 - [TEST_STEP][PASSED] - if (strBuyerAvg1.contains(",")): null

2024-01-22 18:20:40 - [TEST_STEP][PASSED] - if (strBuyerVol1.contains(" B")): null

2024-01-22 18:20:40 - [TEST_STEP][PASSED] - else if (strBuyerVol1.contains(" M")): null

2024-01-22 18:20:40 - [TEST_STEP][PASSED] - else if (strBuyerVol1.contains(" K")): null

2024-01-22 18:20:40 - [TEST_STEP][PASSED] - strBuyerVol1 = strBuyerVol1.replace(" K", ""): null

2024-01-22 18:20:40 - [TEST_STEP][PASSED] - strBuyerVol1 = strBuyerVol1.toDouble() * 1000: null

2024-01-22 18:20:40 - [TEST_STEP][PASSED] - strSeller1 = getText(findTestObject("Stockbit/Bandarmology_Seller1")): Text of object 'Object Repository/Stockbit/Bandarmology_Seller1' is: 'XA'

2024-01-22 18:20:40 - [MESSAGE][PASSED] - Text of object 'Object Repository/Stockbit/Bandarmology_Seller1' is: 'XA'

2024-01-22 18:20:40 - [TEST_STEP][PASSED] - strSellerVol1 = getText(findTestObject("Stockbit/Bandarmology_SellerVol1")): Text of object 'Object Repository/Stockbit/Bandarmology_SellerVol1' is: '1 K'

2024-01-22 18:20:41 - [MESSAGE][PASSED] - Text of object 'Object Repository/Stockbit/Bandarmology_SellerVol1' is: '1 K'

2024-01-22 18:20:41 - [TEST_STEP][PASSED] - strSellerAvg1 = getText(findTestObject("Stockbit/Bandarmology_SellerAvg1")): Text of object 'Object Repository/Stockbit/Bandarmology_SellerAvg1' is: '870'

2024-01-22 18:20:41 - [MESSAGE][PASSED] - Text of object 'Object Repository/Stockbit/Bandarmology_SellerAvg1' is: '870'

2024-01-22 18:20:41 - [TEST_STEP][PASSED] - if (strSellerAvg1.contains(",")): null

2024-01-22 18:20:41 - [TEST_STEP][PASSED] - if (strSellerVol1.contains(" B")): null

2024-01-22 18:20:41 - [TEST_STEP][PASSED] - else if (strSellerVol1.contains(" M")): null

2024-01-22 18:20:41 - [TEST_STEP][PASSED] - else if (strSellerVol1.contains(" K")): null

2024-01-22 18:20:41 - [TEST_STEP][PASSED] - strSellerVol1 = strSellerVol1.replace(" K", ""): null

2024-01-22 18:20:41 - [TEST_STEP][PASSED] - strSellerVol1 = strSellerVol1.toDouble() * 1000: null

2024-01-22 18:20:41 - [TEST_STEP][PASSED] - if (verifyElementNotPresent(findTestObject("Stockbit/Bandarmology_Buyer2"), 1, OPTIONAL)): Web element with id: 'Object Repository/Stockbit/Bandarmology_Buyer2' located by 'By.xpath: //*[contains(@id, 'rc-tabs-')]/div[2]/div/div/div/div/div/div[2]/table/tbody/tr[3]/td[1]/p' is present after '1' second(s) (Root cause: com.kms.katalon.core.exception.StepFailedException: Web element with id: 'Object Repository/Stockbit/Bandarmology_Buyer2' located by 'By.xpath: //*[contains(@id, 'rc-tabs-')]/div[2]/div/div/div/div/div/div[2]/table/tbody/tr[3]/td[1]/p' is present after '1' second(s)
	at com.kms.katalon.core.webui.keyword.internal.WebUIKeywordMain.stepFailed(WebUIKeywordMain.groovy:64)
	at com.kms.katalon.core.webui.keyword.internal.WebUIKeywordMain$stepFailed$0.call(Unknown Source)
	at com.kms.katalon.core.webui.keyword.builtin.VerifyElementNotPresentKeyword$_verifyElementNotPresent_closure1.doCall(VerifyElementNotPresentKeyword.groovy:106)
	at com.kms.katalon.core.webui.keyword.builtin.VerifyElementNotPresentKeyword$_verifyElementNotPresent_closure1.doCall(VerifyElementNotPresentKeyword.groovy)
	at com.kms.katalon.core.webui.keyword.internal.WebUIKeywordMain.runKeyword(WebUIKeywordMain.groovy:20)
	at com.kms.katalon.core.webui.keyword.internal.WebUIKeywordMain$runKeyword.call(Unknown Source)
	at com.kms.katalon.core.webui.keyword.builtin.VerifyElementNotPresentKeyword.verifyElementNotPresent(VerifyElementNotPresentKeyword.groovy:117)
	at com.kms.katalon.core.webui.keyword.builtin.VerifyElementNotPresentKeyword.execute(VerifyElementNotPresentKeyword.groovy:68)
	at com.kms.katalon.core.keyword.internal.KeywordExecutor.executeKeywordForPlatform(KeywordExecutor.groovy:74)
	at com.kms.katalon.core.webui.keyword.WebUiBuiltInKeywords.verifyElementNotPresent(WebUiBuiltInKeywords.groovy:1481)
	at com.kms.katalon.core.webui.keyword.WebUiBuiltInKeywords$verifyElementNotPresent$8.call(Unknown Source)
	at GetBrokSumPriceDaily.run(GetBrokSumPriceDaily:258)
	at com.kms.katalon.core.main.ScriptEngine.run(ScriptEngine.java:194)
	at com.kms.katalon.core.main.ScriptEngine.runScriptAsRawText(ScriptEngine.java:119)
	at com.kms.katalon.core.main.TestCaseExecutor.runScript(TestCaseExecutor.java:445)
	at com.kms.katalon.core.main.TestCaseExecutor.doExecute(TestCaseExecutor.java:436)
	at com.kms.katalon.core.main.TestCaseExecutor.processExecutionPhase(TestCaseExecutor.java:415)
	at com.kms.katalon.core.main.TestCaseExecutor.accessMainPhase(TestCaseExecutor.java:407)
	at com.kms.katalon.core.main.TestCaseExecutor.execute(TestCaseExecutor.java:284)
	at com.kms.katalon.core.common.CommonExecutor.accessTestCaseMainPhase(CommonExecutor.java:65)
	at com.kms.katalon.core.main.TestSuiteExecutor.accessTestSuiteMainPhase(TestSuiteExecutor.java:144)
	at com.kms.katalon.core.main.TestSuiteExecutor.execute(TestSuiteExecutor.java:106)
	at com.kms.katalon.core.main.TestCaseMain.startTestSuite(TestCaseMain.java:185)
	at com.kms.katalon.core.main.TestCaseMain$startTestSuite$0.call(Unknown Source)
	at TempTestSuite1705922193915.run(TempTestSuite1705922193915.groovy:36)
)

2024-01-22 18:20:42 - [MESSAGE][WARNING] - Web element with id: 'Object Repository/Stockbit/Bandarmology_Buyer2' located by 'By.xpath: //*[contains(@id, 'rc-tabs-')]/div[2]/div/div/div/div/div/div[2]/table/tbody/tr[3]/td[1]/p' is present after '1' second(s) (Root cause: com.kms.katalon.core.exception.StepFailedException: Web element with id: 'Object Repository/Stockbit/Bandarmology_Buyer2' located by 'By.xpath: //*[contains(@id, 'rc-tabs-')]/div[2]/div/div/div/div/div/div[2]/table/tbody/tr[3]/td[1]/p' is present after '1' second(s)
	at com.kms.katalon.core.webui.keyword.internal.WebUIKeywordMain.stepFailed(WebUIKeywordMain.groovy:64)
	at com.kms.katalon.core.webui.keyword.internal.WebUIKeywordMain$stepFailed$0.call(Unknown Source)
	at com.kms.katalon.core.webui.keyword.builtin.VerifyElementNotPresentKeyword$_verifyElementNotPresent_closure1.doCall(VerifyElementNotPresentKeyword.groovy:106)
	at com.kms.katalon.core.webui.keyword.builtin.VerifyElementNotPresentKeyword$_verifyElementNotPresent_closure1.doCall(VerifyElementNotPresentKeyword.groovy)
	at com.kms.katalon.core.webui.keyword.internal.WebUIKeywordMain.runKeyword(WebUIKeywordMain.groovy:20)
	at com.kms.katalon.core.webui.keyword.internal.WebUIKeywordMain$runKeyword.call(Unknown Source)
	at com.kms.katalon.core.webui.keyword.builtin.VerifyElementNotPresentKeyword.verifyElementNotPresent(VerifyElementNotPresentKeyword.groovy:117)
	at com.kms.katalon.core.webui.keyword.builtin.VerifyElementNotPresentKeyword.execute(VerifyElementNotPresentKeyword.groovy:68)
	at com.kms.katalon.core.keyword.internal.KeywordExecutor.executeKeywordForPlatform(KeywordExecutor.groovy:74)
	at com.kms.katalon.core.webui.keyword.WebUiBuiltInKeywords.verifyElementNotPresent(WebUiBuiltInKeywords.groovy:1481)
	at com.kms.katalon.core.webui.keyword.WebUiBuiltInKeywords$verifyElementNotPresent$8.call(Unknown Source)
	at GetBrokSumPriceDaily.run(GetBrokSumPriceDaily:258)
	at com.kms.katalon.core.main.ScriptEngine.run(ScriptEngine.java:194)
	at com.kms.katalon.core.main.ScriptEngine.runScriptAsRawText(ScriptEngine.java:119)
	at com.kms.katalon.core.main.TestCaseExecutor.runScript(TestCaseExecutor.java:445)
	at com.kms.katalon.core.main.TestCaseExecutor.doExecute(TestCaseExecutor.java:436)
	at com.kms.katalon.core.main.TestCaseExecutor.processExecutionPhase(TestCaseExecutor.java:415)
	at com.kms.katalon.core.main.TestCaseExecutor.accessMainPhase(TestCaseExecutor.java:407)
	at com.kms.katalon.core.main.TestCaseExecutor.execute(TestCaseExecutor.java:284)
	at com.kms.katalon.core.common.CommonExecutor.accessTestCaseMainPhase(CommonExecutor.java:65)
	at com.kms.katalon.core.main.TestSuiteExecutor.accessTestSuiteMainPhase(TestSuiteExecutor.java:144)
	at com.kms.katalon.core.main.TestSuiteExecutor.execute(TestSuiteExecutor.java:106)
	at com.kms.katalon.core.main.TestCaseMain.startTestSuite(TestCaseMain.java:185)
	at com.kms.katalon.core.main.TestCaseMain$startTestSuite$0.call(Unknown Source)
	at TempTestSuite1705922193915.run(TempTestSuite1705922193915.groovy:36)
)
[[ATTACHMENT|C:\\Users\\Fadli\\git\\KatalonDailyGetData2\\Reports\\20240122_174123\\TS1\\20240122_181633\\1705922442324.png]]

2024-01-22 18:20:42 - [TEST_STEP][PASSED] - else: null

2024-01-22 18:20:42 - [TEST_STEP][PASSED] - strBuyer2 = getText(findTestObject("Stockbit/Bandarmology_Buyer2")): Text of object 'Object Repository/Stockbit/Bandarmology_Buyer2' is: 'XC'

2024-01-22 18:20:42 - [MESSAGE][PASSED] - Text of object 'Object Repository/Stockbit/Bandarmology_Buyer2' is: 'XC'

2024-01-22 18:20:42 - [TEST_STEP][PASSED] - strBuyerVol2 = getText(findTestObject("Stockbit/Bandarmology_BuyerVol2")): Text of object 'Object Repository/Stockbit/Bandarmology_BuyerVol2' is: '398'

2024-01-22 18:20:42 - [MESSAGE][PASSED] - Text of object 'Object Repository/Stockbit/Bandarmology_BuyerVol2' is: '398'

2024-01-22 18:20:42 - [TEST_STEP][PASSED] - strBuyerAvg2 = getText(findTestObject("Stockbit/Bandarmology_BuyerAvg2")): Text of object 'Object Repository/Stockbit/Bandarmology_BuyerAvg2' is: '860'

2024-01-22 18:20:42 - [MESSAGE][PASSED] - Text of object 'Object Repository/Stockbit/Bandarmology_BuyerAvg2' is: '860'

2024-01-22 18:20:42 - [TEST_STEP][PASSED] - if (strBuyer2 != ""): null

2024-01-22 18:20:42 - [TEST_STEP][PASSED] - if (strBuyerAvg2.contains(",")): null

2024-01-22 18:20:42 - [TEST_STEP][PASSED] - if (strBuyerVol2.contains(" B")): null

2024-01-22 18:20:42 - [TEST_STEP][PASSED] - if (strBuyerVol2.contains(".")): null

2024-01-22 18:20:42 - [TEST_STEP][PASSED] - if (verifyElementNotPresent(findTestObject("Stockbit/Bandarmology_Seller2"), 1, OPTIONAL)): Web element with id: 'Object Repository/Stockbit/Bandarmology_Seller2' located by 'By.xpath: //*[contains(@id, 'rc-tabs-')]/div[2]/div/div/div/div/div/div[2]/table/tbody/tr[3]/td[5]/p' is present after '1' second(s) (Root cause: com.kms.katalon.core.exception.StepFailedException: Web element with id: 'Object Repository/Stockbit/Bandarmology_Seller2' located by 'By.xpath: //*[contains(@id, 'rc-tabs-')]/div[2]/div/div/div/div/div/div[2]/table/tbody/tr[3]/td[5]/p' is present after '1' second(s)
	at com.kms.katalon.core.webui.keyword.internal.WebUIKeywordMain.stepFailed(WebUIKeywordMain.groovy:64)
	at com.kms.katalon.core.webui.keyword.internal.WebUIKeywordMain$stepFailed$0.call(Unknown Source)
	at com.kms.katalon.core.webui.keyword.builtin.VerifyElementNotPresentKeyword$_verifyElementNotPresent_closure1.doCall(VerifyElementNotPresentKeyword.groovy:106)
	at com.kms.katalon.core.webui.keyword.builtin.VerifyElementNotPresentKeyword$_verifyElementNotPresent_closure1.doCall(VerifyElementNotPresentKeyword.groovy)
	at com.kms.katalon.core.webui.keyword.internal.WebUIKeywordMain.runKeyword(WebUIKeywordMain.groovy:20)
	at com.kms.katalon.core.webui.keyword.internal.WebUIKeywordMain$runKeyword.call(Unknown Source)
	at com.kms.katalon.core.webui.keyword.builtin.VerifyElementNotPresentKeyword.verifyElementNotPresent(VerifyElementNotPresentKeyword.groovy:117)
	at com.kms.katalon.core.webui.keyword.builtin.VerifyElementNotPresentKeyword.execute(VerifyElementNotPresentKeyword.groovy:68)
	at com.kms.katalon.core.keyword.internal.KeywordExecutor.executeKeywordForPlatform(KeywordExecutor.groovy:74)
	at com.kms.katalon.core.webui.keyword.WebUiBuiltInKeywords.verifyElementNotPresent(WebUiBuiltInKeywords.groovy:1481)
	at com.kms.katalon.core.webui.keyword.WebUiBuiltInKeywords$verifyElementNotPresent$8.call(Unknown Source)
	at GetBrokSumPriceDaily.run(GetBrokSumPriceDaily:309)
	at com.kms.katalon.core.main.ScriptEngine.run(ScriptEngine.java:194)
	at com.kms.katalon.core.main.ScriptEngine.runScriptAsRawText(ScriptEngine.java:119)
	at com.kms.katalon.core.main.TestCaseExecutor.runScript(TestCaseExecutor.java:445)
	at com.kms.katalon.core.main.TestCaseExecutor.doExecute(TestCaseExecutor.java:436)
	at com.kms.katalon.core.main.TestCaseExecutor.processExecutionPhase(TestCaseExecutor.java:415)
	at com.kms.katalon.core.main.TestCaseExecutor.accessMainPhase(TestCaseExecutor.java:407)
	at com.kms.katalon.core.main.TestCaseExecutor.execute(TestCaseExecutor.java:284)
	at com.kms.katalon.core.common.CommonExecutor.accessTestCaseMainPhase(CommonExecutor.java:65)
	at com.kms.katalon.core.main.TestSuiteExecutor.accessTestSuiteMainPhase(TestSuiteExecutor.java:144)
	at com.kms.katalon.core.main.TestSuiteExecutor.execute(TestSuiteExecutor.java:106)
	at com.kms.katalon.core.main.TestCaseMain.startTestSuite(TestCaseMain.java:185)
	at com.kms.katalon.core.main.TestCaseMain$startTestSuite$0.call(Unknown Source)
	at TempTestSuite1705922193915.run(TempTestSuite1705922193915.groovy:36)
)

2024-01-22 18:20:44 - [MESSAGE][WARNING] - Web element with id: 'Object Repository/Stockbit/Bandarmology_Seller2' located by 'By.xpath: //*[contains(@id, 'rc-tabs-')]/div[2]/div/div/div/div/div/div[2]/table/tbody/tr[3]/td[5]/p' is present after '1' second(s) (Root cause: com.kms.katalon.core.exception.StepFailedException: Web element with id: 'Object Repository/Stockbit/Bandarmology_Seller2' located by 'By.xpath: //*[contains(@id, 'rc-tabs-')]/div[2]/div/div/div/div/div/div[2]/table/tbody/tr[3]/td[5]/p' is present after '1' second(s)
	at com.kms.katalon.core.webui.keyword.internal.WebUIKeywordMain.stepFailed(WebUIKeywordMain.groovy:64)
	at com.kms.katalon.core.webui.keyword.internal.WebUIKeywordMain$stepFailed$0.call(Unknown Source)
	at com.kms.katalon.core.webui.keyword.builtin.VerifyElementNotPresentKeyword$_verifyElementNotPresent_closure1.doCall(VerifyElementNotPresentKeyword.groovy:106)
	at com.kms.katalon.core.webui.keyword.builtin.VerifyElementNotPresentKeyword$_verifyElementNotPresent_closure1.doCall(VerifyElementNotPresentKeyword.groovy)
	at com.kms.katalon.core.webui.keyword.internal.WebUIKeywordMain.runKeyword(WebUIKeywordMain.groovy:20)
	at com.kms.katalon.core.webui.keyword.internal.WebUIKeywordMain$runKeyword.call(Unknown Source)
	at com.kms.katalon.core.webui.keyword.builtin.VerifyElementNotPresentKeyword.verifyElementNotPresent(VerifyElementNotPresentKeyword.groovy:117)
	at com.kms.katalon.core.webui.keyword.builtin.VerifyElementNotPresentKeyword.execute(VerifyElementNotPresentKeyword.groovy:68)
	at com.kms.katalon.core.keyword.internal.KeywordExecutor.executeKeywordForPlatform(KeywordExecutor.groovy:74)
	at com.kms.katalon.core.webui.keyword.WebUiBuiltInKeywords.verifyElementNotPresent(WebUiBuiltInKeywords.groovy:1481)
	at com.kms.katalon.core.webui.keyword.WebUiBuiltInKeywords$verifyElementNotPresent$8.call(Unknown Source)
	at GetBrokSumPriceDaily.run(GetBrokSumPriceDaily:309)
	at com.kms.katalon.core.main.ScriptEngine.run(ScriptEngine.java:194)
	at com.kms.katalon.core.main.ScriptEngine.runScriptAsRawText(ScriptEngine.java:119)
	at com.kms.katalon.core.main.TestCaseExecutor.runScript(TestCaseExecutor.java:445)
	at com.kms.katalon.core.main.TestCaseExecutor.doExecute(TestCaseExecutor.java:436)
	at com.kms.katalon.core.main.TestCaseExecutor.processExecutionPhase(TestCaseExecutor.java:415)
	at com.kms.katalon.core.main.TestCaseExecutor.accessMainPhase(TestCaseExecutor.java:407)
	at com.kms.katalon.core.main.TestCaseExecutor.execute(TestCaseExecutor.java:284)
	at com.kms.katalon.core.common.CommonExecutor.accessTestCaseMainPhase(CommonExecutor.java:65)
	at com.kms.katalon.core.main.TestSuiteExecutor.accessTestSuiteMainPhase(TestSuiteExecutor.java:144)
	at com.kms.katalon.core.main.TestSuiteExecutor.execute(TestSuiteExecutor.java:106)
	at com.kms.katalon.core.main.TestCaseMain.startTestSuite(TestCaseMain.java:185)
	at com.kms.katalon.core.main.TestCaseMain$startTestSuite$0.call(Unknown Source)
	at TempTestSuite1705922193915.run(TempTestSuite1705922193915.groovy:36)
)
[[ATTACHMENT|C:\\Users\\Fadli\\git\\KatalonDailyGetData2\\Reports\\20240122_174123\\TS1\\20240122_181633\\1705922444039.png]]

2024-01-22 18:20:44 - [TEST_STEP][PASSED] - else: null

2024-01-22 18:20:44 - [TEST_STEP][PASSED] - strSeller2 = getText(findTestObject("Stockbit/Bandarmology_Seller2")): Text of object 'Object Repository/Stockbit/Bandarmology_Seller2' is: 'BK'

2024-01-22 18:20:44 - [MESSAGE][PASSED] - Text of object 'Object Repository/Stockbit/Bandarmology_Seller2' is: 'BK'

2024-01-22 18:20:44 - [TEST_STEP][PASSED] - strSellerVol2 = getText(findTestObject("Stockbit/Bandarmology_SellerVol2")): Text of object 'Object Repository/Stockbit/Bandarmology_SellerVol2' is: '412'

2024-01-22 18:20:44 - [MESSAGE][PASSED] - Text of object 'Object Repository/Stockbit/Bandarmology_SellerVol2' is: '412'

2024-01-22 18:20:44 - [TEST_STEP][PASSED] - strSellerAvg2 = getText(findTestObject("Stockbit/Bandarmology_SellerAvg2")): Text of object 'Object Repository/Stockbit/Bandarmology_SellerAvg2' is: '864'

2024-01-22 18:20:44 - [MESSAGE][PASSED] - Text of object 'Object Repository/Stockbit/Bandarmology_SellerAvg2' is: '864'

2024-01-22 18:20:44 - [TEST_STEP][PASSED] - if (strSeller2 != ""): null

2024-01-22 18:20:44 - [TEST_STEP][PASSED] - if (strSellerAvg2.contains(",")): null

2024-01-22 18:20:44 - [TEST_STEP][PASSED] - if (strSellerVol2.contains(" B")): null

2024-01-22 18:20:44 - [TEST_STEP][PASSED] - if (verifyElementNotPresent(findTestObject("Stockbit/Bandarmology_Buyer3"), 1, OPTIONAL)): Web element with id: 'Object Repository/Stockbit/Bandarmology_Buyer3' located by 'By.xpath: //*[contains(@id, 'rc-tabs-')]/div[2]/div/div/div/div/div/div[2]/table/tbody/tr[4]/td[1]/p' is present after '1' second(s) (Root cause: com.kms.katalon.core.exception.StepFailedException: Web element with id: 'Object Repository/Stockbit/Bandarmology_Buyer3' located by 'By.xpath: //*[contains(@id, 'rc-tabs-')]/div[2]/div/div/div/div/div/div[2]/table/tbody/tr[4]/td[1]/p' is present after '1' second(s)
	at com.kms.katalon.core.webui.keyword.internal.WebUIKeywordMain.stepFailed(WebUIKeywordMain.groovy:64)
	at com.kms.katalon.core.webui.keyword.internal.WebUIKeywordMain$stepFailed$0.call(Unknown Source)
	at com.kms.katalon.core.webui.keyword.builtin.VerifyElementNotPresentKeyword$_verifyElementNotPresent_closure1.doCall(VerifyElementNotPresentKeyword.groovy:106)
	at com.kms.katalon.core.webui.keyword.builtin.VerifyElementNotPresentKeyword$_verifyElementNotPresent_closure1.doCall(VerifyElementNotPresentKeyword.groovy)
	at com.kms.katalon.core.webui.keyword.internal.WebUIKeywordMain.runKeyword(WebUIKeywordMain.groovy:20)
	at com.kms.katalon.core.webui.keyword.internal.WebUIKeywordMain$runKeyword.call(Unknown Source)
	at com.kms.katalon.core.webui.keyword.builtin.VerifyElementNotPresentKeyword.verifyElementNotPresent(VerifyElementNotPresentKeyword.groovy:117)
	at com.kms.katalon.core.webui.keyword.builtin.VerifyElementNotPresentKeyword.execute(VerifyElementNotPresentKeyword.groovy:68)
	at com.kms.katalon.core.keyword.internal.KeywordExecutor.executeKeywordForPlatform(KeywordExecutor.groovy:74)
	at com.kms.katalon.core.webui.keyword.WebUiBuiltInKeywords.verifyElementNotPresent(WebUiBuiltInKeywords.groovy:1481)
	at com.kms.katalon.core.webui.keyword.WebUiBuiltInKeywords$verifyElementNotPresent$8.call(Unknown Source)
	at GetBrokSumPriceDaily.run(GetBrokSumPriceDaily:361)
	at com.kms.katalon.core.main.ScriptEngine.run(ScriptEngine.java:194)
	at com.kms.katalon.core.main.ScriptEngine.runScriptAsRawText(ScriptEngine.java:119)
	at com.kms.katalon.core.main.TestCaseExecutor.runScript(TestCaseExecutor.java:445)
	at com.kms.katalon.core.main.TestCaseExecutor.doExecute(TestCaseExecutor.java:436)
	at com.kms.katalon.core.main.TestCaseExecutor.processExecutionPhase(TestCaseExecutor.java:415)
	at com.kms.katalon.core.main.TestCaseExecutor.accessMainPhase(TestCaseExecutor.java:407)
	at com.kms.katalon.core.main.TestCaseExecutor.execute(TestCaseExecutor.java:284)
	at com.kms.katalon.core.common.CommonExecutor.accessTestCaseMainPhase(CommonExecutor.java:65)
	at com.kms.katalon.core.main.TestSuiteExecutor.accessTestSuiteMainPhase(TestSuiteExecutor.java:144)
	at com.kms.katalon.core.main.TestSuiteExecutor.execute(TestSuiteExecutor.java:106)
	at com.kms.katalon.core.main.TestCaseMain.startTestSuite(TestCaseMain.java:185)
	at com.kms.katalon.core.main.TestCaseMain$startTestSuite$0.call(Unknown Source)
	at TempTestSuite1705922193915.run(TempTestSuite1705922193915.groovy:36)
)

2024-01-22 18:20:45 - [MESSAGE][WARNING] - Web element with id: 'Object Repository/Stockbit/Bandarmology_Buyer3' located by 'By.xpath: //*[contains(@id, 'rc-tabs-')]/div[2]/div/div/div/div/div/div[2]/table/tbody/tr[4]/td[1]/p' is present after '1' second(s) (Root cause: com.kms.katalon.core.exception.StepFailedException: Web element with id: 'Object Repository/Stockbit/Bandarmology_Buyer3' located by 'By.xpath: //*[contains(@id, 'rc-tabs-')]/div[2]/div/div/div/div/div/div[2]/table/tbody/tr[4]/td[1]/p' is present after '1' second(s)
	at com.kms.katalon.core.webui.keyword.internal.WebUIKeywordMain.stepFailed(WebUIKeywordMain.groovy:64)
	at com.kms.katalon.core.webui.keyword.internal.WebUIKeywordMain$stepFailed$0.call(Unknown Source)
	at com.kms.katalon.core.webui.keyword.builtin.VerifyElementNotPresentKeyword$_verifyElementNotPresent_closure1.doCall(VerifyElementNotPresentKeyword.groovy:106)
	at com.kms.katalon.core.webui.keyword.builtin.VerifyElementNotPresentKeyword$_verifyElementNotPresent_closure1.doCall(VerifyElementNotPresentKeyword.groovy)
	at com.kms.katalon.core.webui.keyword.internal.WebUIKeywordMain.runKeyword(WebUIKeywordMain.groovy:20)
	at com.kms.katalon.core.webui.keyword.internal.WebUIKeywordMain$runKeyword.call(Unknown Source)
	at com.kms.katalon.core.webui.keyword.builtin.VerifyElementNotPresentKeyword.verifyElementNotPresent(VerifyElementNotPresentKeyword.groovy:117)
	at com.kms.katalon.core.webui.keyword.builtin.VerifyElementNotPresentKeyword.execute(VerifyElementNotPresentKeyword.groovy:68)
	at com.kms.katalon.core.keyword.internal.KeywordExecutor.executeKeywordForPlatform(KeywordExecutor.groovy:74)
	at com.kms.katalon.core.webui.keyword.WebUiBuiltInKeywords.verifyElementNotPresent(WebUiBuiltInKeywords.groovy:1481)
	at com.kms.katalon.core.webui.keyword.WebUiBuiltInKeywords$verifyElementNotPresent$8.call(Unknown Source)
	at GetBrokSumPriceDaily.run(GetBrokSumPriceDaily:361)
	at com.kms.katalon.core.main.ScriptEngine.run(ScriptEngine.java:194)
	at com.kms.katalon.core.main.ScriptEngine.runScriptAsRawText(ScriptEngine.java:119)
	at com.kms.katalon.core.main.TestCaseExecutor.runScript(TestCaseExecutor.java:445)
	at com.kms.katalon.core.main.TestCaseExecutor.doExecute(TestCaseExecutor.java:436)
	at com.kms.katalon.core.main.TestCaseExecutor.processExecutionPhase(TestCaseExecutor.java:415)
	at com.kms.katalon.core.main.TestCaseExecutor.accessMainPhase(TestCaseExecutor.java:407)
	at com.kms.katalon.core.main.TestCaseExecutor.execute(TestCaseExecutor.java:284)
	at com.kms.katalon.core.common.CommonExecutor.accessTestCaseMainPhase(CommonExecutor.java:65)
	at com.kms.katalon.core.main.TestSuiteExecutor.accessTestSuiteMainPhase(TestSuiteExecutor.java:144)
	at com.kms.katalon.core.main.TestSuiteExecutor.execute(TestSuiteExecutor.java:106)
	at com.kms.katalon.core.main.TestCaseMain.startTestSuite(TestCaseMain.java:185)
	at com.kms.katalon.core.main.TestCaseMain$startTestSuite$0.call(Unknown Source)
	at TempTestSuite1705922193915.run(TempTestSuite1705922193915.groovy:36)
)
[[ATTACHMENT|C:\\Users\\Fadli\\git\\KatalonDailyGetData2\\Reports\\20240122_174123\\TS1\\20240122_181633\\1705922445759.png]]

2024-01-22 18:20:45 - [TEST_STEP][PASSED] - else: null

2024-01-22 18:20:45 - [TEST_STEP][PASSED] - strBuyer3 = getText(findTestObject("Stockbit/Bandarmology_Buyer3")): Text of object 'Object Repository/Stockbit/Bandarmology_Buyer3' is: 'MG'

2024-01-22 18:20:46 - [MESSAGE][PASSED] - Text of object 'Object Repository/Stockbit/Bandarmology_Buyer3' is: 'MG'

2024-01-22 18:20:46 - [TEST_STEP][PASSED] - strBuyerVol3 = getText(findTestObject("Stockbit/Bandarmology_BuyerVol3")): Text of object 'Object Repository/Stockbit/Bandarmology_BuyerVol3' is: '220'

2024-01-22 18:20:46 - [MESSAGE][PASSED] - Text of object 'Object Repository/Stockbit/Bandarmology_BuyerVol3' is: '220'

2024-01-22 18:20:46 - [TEST_STEP][PASSED] - strBuyerAvg3 = getText(findTestObject("Stockbit/Bandarmology_BuyerAvg3")): Text of object 'Object Repository/Stockbit/Bandarmology_BuyerAvg3' is: '865'

2024-01-22 18:20:46 - [MESSAGE][PASSED] - Text of object 'Object Repository/Stockbit/Bandarmology_BuyerAvg3' is: '865'

2024-01-22 18:20:46 - [TEST_STEP][PASSED] - if (strBuyer3 != ""): null

2024-01-22 18:20:46 - [TEST_STEP][PASSED] - if (strBuyerAvg3.contains(",")): null

2024-01-22 18:20:46 - [TEST_STEP][PASSED] - if (strBuyerVol3.contains(" B")): null

2024-01-22 18:20:46 - [TEST_STEP][PASSED] - if (verifyElementNotPresent(findTestObject("Stockbit/Bandarmology_Seller3"), 1, OPTIONAL)): Web element with id: 'Object Repository/Stockbit/Bandarmology_Seller3' located by 'By.xpath: //*[contains(@id, 'rc-tabs-')]/div[2]/div/div/div/div/div/div[2]/table/tbody/tr[4]/td[5]/p' is present after '1' second(s) (Root cause: com.kms.katalon.core.exception.StepFailedException: Web element with id: 'Object Repository/Stockbit/Bandarmology_Seller3' located by 'By.xpath: //*[contains(@id, 'rc-tabs-')]/div[2]/div/div/div/div/div/div[2]/table/tbody/tr[4]/td[5]/p' is present after '1' second(s)
	at com.kms.katalon.core.webui.keyword.internal.WebUIKeywordMain.stepFailed(WebUIKeywordMain.groovy:64)
	at com.kms.katalon.core.webui.keyword.internal.WebUIKeywordMain$stepFailed$0.call(Unknown Source)
	at com.kms.katalon.core.webui.keyword.builtin.VerifyElementNotPresentKeyword$_verifyElementNotPresent_closure1.doCall(VerifyElementNotPresentKeyword.groovy:106)
	at com.kms.katalon.core.webui.keyword.builtin.VerifyElementNotPresentKeyword$_verifyElementNotPresent_closure1.doCall(VerifyElementNotPresentKeyword.groovy)
	at com.kms.katalon.core.webui.keyword.internal.WebUIKeywordMain.runKeyword(WebUIKeywordMain.groovy:20)
	at com.kms.katalon.core.webui.keyword.internal.WebUIKeywordMain$runKeyword.call(Unknown Source)
	at com.kms.katalon.core.webui.keyword.builtin.VerifyElementNotPresentKeyword.verifyElementNotPresent(VerifyElementNotPresentKeyword.groovy:117)
	at com.kms.katalon.core.webui.keyword.builtin.VerifyElementNotPresentKeyword.execute(VerifyElementNotPresentKeyword.groovy:68)
	at com.kms.katalon.core.keyword.internal.KeywordExecutor.executeKeywordForPlatform(KeywordExecutor.groovy:74)
	at com.kms.katalon.core.webui.keyword.WebUiBuiltInKeywords.verifyElementNotPresent(WebUiBuiltInKeywords.groovy:1481)
	at com.kms.katalon.core.webui.keyword.WebUiBuiltInKeywords$verifyElementNotPresent$8.call(Unknown Source)
	at GetBrokSumPriceDaily.run(GetBrokSumPriceDaily:414)
	at com.kms.katalon.core.main.ScriptEngine.run(ScriptEngine.java:194)
	at com.kms.katalon.core.main.ScriptEngine.runScriptAsRawText(ScriptEngine.java:119)
	at com.kms.katalon.core.main.TestCaseExecutor.runScript(TestCaseExecutor.java:445)
	at com.kms.katalon.core.main.TestCaseExecutor.doExecute(TestCaseExecutor.java:436)
	at com.kms.katalon.core.main.TestCaseExecutor.processExecutionPhase(TestCaseExecutor.java:415)
	at com.kms.katalon.core.main.TestCaseExecutor.accessMainPhase(TestCaseExecutor.java:407)
	at com.kms.katalon.core.main.TestCaseExecutor.execute(TestCaseExecutor.java:284)
	at com.kms.katalon.core.common.CommonExecutor.accessTestCaseMainPhase(CommonExecutor.java:65)
	at com.kms.katalon.core.main.TestSuiteExecutor.accessTestSuiteMainPhase(TestSuiteExecutor.java:144)
	at com.kms.katalon.core.main.TestSuiteExecutor.execute(TestSuiteExecutor.java:106)
	at com.kms.katalon.core.main.TestCaseMain.startTestSuite(TestCaseMain.java:185)
	at com.kms.katalon.core.main.TestCaseMain$startTestSuite$0.call(Unknown Source)
	at TempTestSuite1705922193915.run(TempTestSuite1705922193915.groovy:36)
)

2024-01-22 18:20:47 - [MESSAGE][WARNING] - Web element with id: 'Object Repository/Stockbit/Bandarmology_Seller3' located by 'By.xpath: //*[contains(@id, 'rc-tabs-')]/div[2]/div/div/div/div/div/div[2]/table/tbody/tr[4]/td[5]/p' is present after '1' second(s) (Root cause: com.kms.katalon.core.exception.StepFailedException: Web element with id: 'Object Repository/Stockbit/Bandarmology_Seller3' located by 'By.xpath: //*[contains(@id, 'rc-tabs-')]/div[2]/div/div/div/div/div/div[2]/table/tbody/tr[4]/td[5]/p' is present after '1' second(s)
	at com.kms.katalon.core.webui.keyword.internal.WebUIKeywordMain.stepFailed(WebUIKeywordMain.groovy:64)
	at com.kms.katalon.core.webui.keyword.internal.WebUIKeywordMain$stepFailed$0.call(Unknown Source)
	at com.kms.katalon.core.webui.keyword.builtin.VerifyElementNotPresentKeyword$_verifyElementNotPresent_closure1.doCall(VerifyElementNotPresentKeyword.groovy:106)
	at com.kms.katalon.core.webui.keyword.builtin.VerifyElementNotPresentKeyword$_verifyElementNotPresent_closure1.doCall(VerifyElementNotPresentKeyword.groovy)
	at com.kms.katalon.core.webui.keyword.internal.WebUIKeywordMain.runKeyword(WebUIKeywordMain.groovy:20)
	at com.kms.katalon.core.webui.keyword.internal.WebUIKeywordMain$runKeyword.call(Unknown Source)
	at com.kms.katalon.core.webui.keyword.builtin.VerifyElementNotPresentKeyword.verifyElementNotPresent(VerifyElementNotPresentKeyword.groovy:117)
	at com.kms.katalon.core.webui.keyword.builtin.VerifyElementNotPresentKeyword.execute(VerifyElementNotPresentKeyword.groovy:68)
	at com.kms.katalon.core.keyword.internal.KeywordExecutor.executeKeywordForPlatform(KeywordExecutor.groovy:74)
	at com.kms.katalon.core.webui.keyword.WebUiBuiltInKeywords.verifyElementNotPresent(WebUiBuiltInKeywords.groovy:1481)
	at com.kms.katalon.core.webui.keyword.WebUiBuiltInKeywords$verifyElementNotPresent$8.call(Unknown Source)
	at GetBrokSumPriceDaily.run(GetBrokSumPriceDaily:414)
	at com.kms.katalon.core.main.ScriptEngine.run(ScriptEngine.java:194)
	at com.kms.katalon.core.main.ScriptEngine.runScriptAsRawText(ScriptEngine.java:119)
	at com.kms.katalon.core.main.TestCaseExecutor.runScript(TestCaseExecutor.java:445)
	at com.kms.katalon.core.main.TestCaseExecutor.doExecute(TestCaseExecutor.java:436)
	at com.kms.katalon.core.main.TestCaseExecutor.processExecutionPhase(TestCaseExecutor.java:415)
	at com.kms.katalon.core.main.TestCaseExecutor.accessMainPhase(TestCaseExecutor.java:407)
	at com.kms.katalon.core.main.TestCaseExecutor.execute(TestCaseExecutor.java:284)
	at com.kms.katalon.core.common.CommonExecutor.accessTestCaseMainPhase(CommonExecutor.java:65)
	at com.kms.katalon.core.main.TestSuiteExecutor.accessTestSuiteMainPhase(TestSuiteExecutor.java:144)
	at com.kms.katalon.core.main.TestSuiteExecutor.execute(TestSuiteExecutor.java:106)
	at com.kms.katalon.core.main.TestCaseMain.startTestSuite(TestCaseMain.java:185)
	at com.kms.katalon.core.main.TestCaseMain$startTestSuite$0.call(Unknown Source)
	at TempTestSuite1705922193915.run(TempTestSuite1705922193915.groovy:36)
)
[[ATTACHMENT|C:\\Users\\Fadli\\git\\KatalonDailyGetData2\\Reports\\20240122_174123\\TS1\\20240122_181633\\1705922447442.png]]

2024-01-22 18:20:47 - [TEST_STEP][PASSED] - else: null

2024-01-22 18:20:47 - [TEST_STEP][PASSED] - strSeller3 = getText(findTestObject("Stockbit/Bandarmology_Seller3")): Text of object 'Object Repository/Stockbit/Bandarmology_Seller3' is: 'HP'

2024-01-22 18:20:47 - [MESSAGE][PASSED] - Text of object 'Object Repository/Stockbit/Bandarmology_Seller3' is: 'HP'

2024-01-22 18:20:47 - [TEST_STEP][PASSED] - strSellerVol3 = getText(findTestObject("Stockbit/Bandarmology_SellerVol3")): Text of object 'Object Repository/Stockbit/Bandarmology_SellerVol3' is: '400'

2024-01-22 18:20:47 - [MESSAGE][PASSED] - Text of object 'Object Repository/Stockbit/Bandarmology_SellerVol3' is: '400'

2024-01-22 18:20:47 - [TEST_STEP][PASSED] - strSellerAvg3 = getText(findTestObject("Stockbit/Bandarmology_SellerAvg3")): Text of object 'Object Repository/Stockbit/Bandarmology_SellerAvg3' is: '861'

2024-01-22 18:20:48 - [MESSAGE][PASSED] - Text of object 'Object Repository/Stockbit/Bandarmology_SellerAvg3' is: '861'

2024-01-22 18:20:48 - [TEST_STEP][PASSED] - if (strSeller3 != ""): null

2024-01-22 18:20:48 - [TEST_STEP][PASSED] - if (strSellerAvg3.contains(",")): null

2024-01-22 18:20:48 - [TEST_STEP][PASSED] - if (strSellerVol3.contains(" B")): null

2024-01-22 18:20:48 - [TEST_STEP][PASSED] - strAccDist = getText(findTestObject("Stockbit/Bandarmology_AccDist")): Text of object 'Object Repository/Stockbit/Bandarmology_AccDist' is: 'Dist'

2024-01-22 18:20:48 - [MESSAGE][PASSED] - Text of object 'Object Repository/Stockbit/Bandarmology_AccDist' is: 'Dist'

2024-01-22 18:20:48 - [TEST_STEP][PASSED] - strNetVol = getText(findTestObject("Stockbit/Bandarmology_NetVol")): Text of object 'Object Repository/Stockbit/Bandarmology_NetVol' is: '2,352'

2024-01-22 18:20:48 - [MESSAGE][PASSED] - Text of object 'Object Repository/Stockbit/Bandarmology_NetVol' is: '2,352'

2024-01-22 18:20:48 - [TEST_STEP][PASSED] - strNetVol = strNetVol.replace(",", ""): null

2024-01-22 18:20:48 - [TEST_STEP][PASSED] - strNetVal = getText(findTestObject("Stockbit/Bandarmology_NetVal")): Text of object 'Object Repository/Stockbit/Bandarmology_NetVal' is: '0.2 B'

2024-01-22 18:20:48 - [MESSAGE][PASSED] - Text of object 'Object Repository/Stockbit/Bandarmology_NetVal' is: '0.2 B'

2024-01-22 18:20:48 - [TEST_STEP][PASSED] - delay(3): Delayed 3 second(s)

2024-01-22 18:20:51 - [MESSAGE][PASSED] - Delayed 3 second(s)

2024-01-22 18:20:51 - [TEST_STEP][PASSED] - strOpenPrice = getText(findTestObject("Stockbit/Home_OpenPrice")): Text of object 'Object Repository/Stockbit/Home_OpenPrice' is: '865'

2024-01-22 18:20:51 - [MESSAGE][PASSED] - Text of object 'Object Repository/Stockbit/Home_OpenPrice' is: '865'

2024-01-22 18:20:51 - [TEST_STEP][PASSED] - strOpenPrice = strOpenPrice.replace(",", ""): null

2024-01-22 18:20:51 - [TEST_STEP][PASSED] - strLowPrice = getText(findTestObject("Stockbit/Home_LowPrice")): Text of object 'Object Repository/Stockbit/Home_LowPrice' is: '860'

2024-01-22 18:20:51 - [MESSAGE][PASSED] - Text of object 'Object Repository/Stockbit/Home_LowPrice' is: '860'

2024-01-22 18:20:51 - [TEST_STEP][PASSED] - strLowPrice = strLowPrice.replace(",", ""): null

2024-01-22 18:20:51 - [TEST_STEP][PASSED] - strHighPrice = getText(findTestObject("Stockbit/Home_HighPrice")): Text of object 'Object Repository/Stockbit/Home_HighPrice' is: '870'

2024-01-22 18:20:51 - [MESSAGE][PASSED] - Text of object 'Object Repository/Stockbit/Home_HighPrice' is: '870'

2024-01-22 18:20:51 - [TEST_STEP][PASSED] - strHighPrice = strHighPrice.replace(",", ""): null

2024-01-22 18:20:51 - [TEST_STEP][PASSED] - strClosePrice = getText(findTestObject("Stockbit/Home_ClosePrice")): Text of object 'Object Repository/Stockbit/Home_ClosePrice' is: '865'

2024-01-22 18:20:51 - [MESSAGE][PASSED] - Text of object 'Object Repository/Stockbit/Home_ClosePrice' is: '865'

2024-01-22 18:20:51 - [TEST_STEP][PASSED] - strClosePrice = strClosePrice.replace(",", ""): null

2024-01-22 18:20:51 - [TEST_STEP][PASSED] - strVol = getText(findTestObject("Stockbit/Home_Volume")): Text of object 'Object Repository/Stockbit/Home_Volume' is: '3 K'

2024-01-22 18:20:52 - [MESSAGE][PASSED] - Text of object 'Object Repository/Stockbit/Home_Volume' is: '3 K'

2024-01-22 18:20:52 - [TEST_STEP][PASSED] - if (strVol.contains(" K")): null

2024-01-22 18:20:52 - [TEST_STEP][PASSED] - strVol = strVol.replace(" K", "000"): null

2024-01-22 18:20:52 - [TEST_STEP][PASSED] - if (strVol.contains(",")): null

2024-01-22 18:20:52 - [TEST_STEP][PASSED] - strChange = getText(findTestObject("Stockbit/Home_Change")): Text of object 'Object Repository/Stockbit/Home_Change' is: '0.00%'

2024-01-22 18:20:52 - [MESSAGE][PASSED] - Text of object 'Object Repository/Stockbit/Home_Change' is: '0.00%'

2024-01-22 18:20:52 - [TEST_STEP][PASSED] - strChange = strChange.replace("%", ""): null

2024-01-22 18:20:52 - [TEST_STEP][PASSED] - strFreq = getText(findTestObject("Stockbit/Home_Freq")): Text of object 'Object Repository/Stockbit/Home_Freq' is: '111'

2024-01-22 18:20:52 - [MESSAGE][PASSED] - Text of object 'Object Repository/Stockbit/Home_Freq' is: '111'

2024-01-22 18:20:52 - [TEST_STEP][PASSED] - if (strFreq.contains(",")): null

2024-01-22 18:20:52 - [TEST_STEP][PASSED] - if (strFreq == "NA" || strFreq == ""): null

2024-01-22 18:20:52 - [TEST_STEP][PASSED] - else: null

2024-01-22 18:20:52 - [TEST_STEP][PASSED] - dblFreqAnal = strVol.toDouble() / strFreq.toDouble() * strFreq.toDouble() * strFreq.toDouble() * 100000000: null

2024-01-22 18:20:52 - [TEST_STEP][PASSED] - strFreqAnal = String.format("%.4f", dblFreqAnal): null

2024-01-22 18:20:52 - [TEST_STEP][PASSED] - out.println("Double strFreqAnal: " + strFreqAnal): null

2024-01-22 18:20:52 - [TEST_STEP][PASSED] - strTanggal = d.format(DateTimeFormatter.ofPattern("yyyy-MM-dd")): null

2024-01-22 18:20:52 - [TEST_STEP][PASSED] - strTanggal = "#" + strTanggal + "#": null

2024-01-22 18:20:52 - [TEST_STEP][PASSED] - strSQL = "select count(*) as JumBaris from TblBrokSum where Nama = '" + strNama + "' and Tanggal = " + strTanggal + "": null

2024-01-22 18:20:52 - [TEST_STEP][PASSED] - resultSet = statement.executeQuery(strSQL): null

2024-01-22 18:20:52 - [TEST_STEP][PASSED] - resultSet.next(): null

2024-01-22 18:20:52 - [TEST_STEP][PASSED] - intJumBaris = resultSet.getInt("JumBaris"): null

2024-01-22 18:20:52 - [TEST_STEP][PASSED] - if (intJumBaris > 0): null

2024-01-22 18:20:52 - [TEST_STEP][PASSED] - else: null

2024-01-22 18:20:52 - [TEST_STEP][PASSED] - try: null

2024-01-22 18:20:52 - [TEST_STEP][PASSED] - out.println("Insert data"): null

2024-01-22 18:20:52 - [TEST_STEP][PASSED] - strSQL = "insert into TblBrokSum (nama, tanggal, top1, top2, top3, AllBrokAvg, AccDist, AvgRP, " + "Buyer1, BuyerVal1, BuyerAvg1, Seller1, SellerVal1, SellerAvg1, Buyer2, BuyerVal2, BuyerAvg2, " + "Seller2, SellerVal2, SellerAvg2, Buyer3, BuyerVal3, BuyerAvg3, Seller3, SellerVal3, SellerAvg3, NetVol, NetVal, " + "OpenPrice, LowPrice, HighPrice, ClosePrice, Volume, Change, Frekuensi, FrekAnal) " + "values ('" + strNama + "', " + strTanggal + ", '" + strTop1 + "', '" + strTop3 + "', '" + strTop5 + "', " + "'" + strAllBrokAvg + "', '" + strAccDist + "', " + intAvgRP + ", '" + strBuyer1 + "', '" + strBuyerVol1 + "', " + strBuyerAvg1 + ", " + "'" + strSeller1 + "', '" + strSellerVol1 + "', " + strSellerAvg1 + ", '" + strBuyer2 + "', '" + strBuyerVol2 + "', " + strBuyerAvg2 + ", " + "'" + strSeller2 + "', '" + strSellerVol2 + "', " + strSellerAvg2 + ", '" + strBuyer3 + "', '" + strBuyerVol3 + "', " + strBuyerAvg3 + ", " + "'" + strSeller3 + "', '" + strSellerVol3 + "', " + strSellerAvg3 + ", " + strNetVol + ", '" + strNetVal + "', " + "" + strOpenPrice + ", " + strLowPrice + ", " + strHighPrice + ", " + strClosePrice + ", '" + strVol + "', " + strChange + ", " + strFreq + ", " + strFreqAnal + ");": null

2024-01-22 18:20:52 - [TEST_STEP][PASSED] - out.println("strSQL = " + strSQL): null

2024-01-22 18:20:52 - [TEST_STEP][PASSED] - statement.executeUpdate(strSQL): null

2024-01-22 18:20:52 - [TEST_STEP][PASSED] - setValueToCellByIndex(sheet01, rowIndex, 4, "DONE"): null

2024-01-22 18:20:52 - [TEST_STEP][PASSED] - saveWorkbook(excelFilePath, workbook01): null

2024-01-22 18:20:52 - [TEST_STEP][PASSED] - waitForElementClickable(findTestObject("Stockbit/menu_Bandarmology"), 10): Object 'Object Repository/Stockbit/menu_Bandarmology' is clickable

2024-01-22 18:20:52 - [MESSAGE][PASSED] - Object 'Object Repository/Stockbit/menu_Bandarmology' is clickable

2024-01-22 18:20:52 - [TEST_STEP][PASSED] - click(findTestObject("Stockbit/menu_Bandarmology")): Object: 'Object Repository/Stockbit/menu_Bandarmology' is clicked on

2024-01-22 18:20:53 - [MESSAGE][PASSED] - Object: 'Object Repository/Stockbit/menu_Bandarmology' is clicked on

2024-01-22 18:20:53 - [TEST_STEP][PASSED] - strTemp = "NA": null

2024-01-22 18:20:53 - [TEST_STEP][PASSED] - if (getCellValueByIndex(sheet01, rowIndex, 4) != "DONE"): Object: 'Object Repository/Stockbit/menu_Bandarmology' is clicked on

2024-01-22 18:20:53 - [TEST_STEP][PASSED] - strNama = getCellValueByIndex(sheet01, rowIndex, 0): null

2024-01-22 18:20:53 - [TEST_STEP][PASSED] - navigateToUrl("https://stockbit.com/#/symbol/" + strNama): Navigate to 'https://stockbit.com/#/symbol/PNLF' successfully

2024-01-22 18:20:55 - [MESSAGE][PASSED] - Navigate to 'https://stockbit.com/#/symbol/PNLF' successfully

2024-01-22 18:20:55 - [TEST_STEP][PASSED] - waitForElementClickable(findTestObject("Stockbit/menu_Bandarmology"), 10): Object 'Object Repository/Stockbit/menu_Bandarmology' is clickable

2024-01-22 18:20:55 - [MESSAGE][PASSED] - Object 'Object Repository/Stockbit/menu_Bandarmology' is clickable

2024-01-22 18:20:55 - [TEST_STEP][PASSED] - click(findTestObject("Stockbit/menu_Bandarmology")): Object: 'Object Repository/Stockbit/menu_Bandarmology' is clicked on

2024-01-22 18:20:56 - [MESSAGE][PASSED] - Object: 'Object Repository/Stockbit/menu_Bandarmology' is clicked on

2024-01-22 18:20:56 - [TEST_STEP][PASSED] - strTanggal = d.format(DateTimeFormatter.ofPattern("MMM dd, yyyy")): null

2024-01-22 18:20:56 - [TEST_STEP][PASSED] - strTanggal = d.format(ISO_DATE): null

2024-01-22 18:20:56 - [TEST_STEP][PASSED] - out.println("strTanggal = " + strTanggal): null

2024-01-22 18:20:56 - [TEST_STEP][PASSED] - out.println("strNama = " + strNama): null

2024-01-22 18:20:56 - [TEST_STEP][PASSED] - out.println("Baris ke = " + rowIndex): null

2024-01-22 18:20:56 - [TEST_STEP][PASSED] - click(findTestObject("Stockbit/input__BandarmologyOpenStartDate")): Object: 'Object Repository/Stockbit/input__BandarmologyOpenStartDate' is clicked on

2024-01-22 18:20:57 - [MESSAGE][PASSED] - Object: 'Object Repository/Stockbit/input__BandarmologyOpenStartDate' is clicked on

2024-01-22 18:20:57 - [TEST_STEP][PASSED] - sendKeys(findTestObject("Stockbit/input__BandarmologyOpenStartDate"), Keys.chord(CONTROL, "a")): Keys 'CONTROL + a' sent to object: 'Object Repository/Stockbit/input__BandarmologyOpenStartDate'

2024-01-22 18:20:58 - [MESSAGE][PASSED] - Keys 'CONTROL + a' sent to object: 'Object Repository/Stockbit/input__BandarmologyOpenStartDate'

2024-01-22 18:20:58 - [TEST_STEP][PASSED] - sendKeys(findTestObject("Stockbit/input__BandarmologyOpenStartDate"), Keys.chord(BACK_SPACE)): Keys 'BACK_SPACE + ' sent to object: 'Object Repository/Stockbit/input__BandarmologyOpenStartDate'

2024-01-22 18:20:58 - [MESSAGE][PASSED] - Keys 'BACK_SPACE + ' sent to object: 'Object Repository/Stockbit/input__BandarmologyOpenStartDate'

2024-01-22 18:20:58 - [TEST_STEP][PASSED] - setText(findTestObject("Stockbit/input__BandarmologyOpenStartDate"), strTanggal): Text '2024-01-22' is set on object 'Object Repository/Stockbit/input__BandarmologyOpenStartDate'

2024-01-22 18:20:59 - [MESSAGE][PASSED] - Text '2024-01-22' is set on object 'Object Repository/Stockbit/input__BandarmologyOpenStartDate'

2024-01-22 18:20:59 - [TEST_STEP][PASSED] - sendKeys(findTestObject("Stockbit/input__BandarmologyOpenStartDate"), Keys.chord(ENTER)): Keys 'ENTER + ' sent to object: 'Object Repository/Stockbit/input__BandarmologyOpenStartDate'

2024-01-22 18:21:00 - [MESSAGE][PASSED] - Keys 'ENTER + ' sent to object: 'Object Repository/Stockbit/input__BandarmologyOpenStartDate'

2024-01-22 18:21:00 - [TEST_STEP][PASSED] - click(findTestObject("Stockbit/input__BandarmologyOpenEndDate")): Object: 'Object Repository/Stockbit/input__BandarmologyOpenEndDate' is clicked on

2024-01-22 18:21:00 - [MESSAGE][PASSED] - Object: 'Object Repository/Stockbit/input__BandarmologyOpenEndDate' is clicked on

2024-01-22 18:21:00 - [TEST_STEP][PASSED] - sendKeys(findTestObject("Stockbit/input__BandarmologyOpenEndDate"), Keys.chord(CONTROL, "a")): Keys 'CONTROL + a' sent to object: 'Object Repository/Stockbit/input__BandarmologyOpenEndDate'

2024-01-22 18:21:01 - [MESSAGE][PASSED] - Keys 'CONTROL + a' sent to object: 'Object Repository/Stockbit/input__BandarmologyOpenEndDate'

2024-01-22 18:21:01 - [TEST_STEP][PASSED] - sendKeys(findTestObject("Stockbit/input__BandarmologyOpenEndDate"), Keys.chord(BACK_SPACE)): Keys 'BACK_SPACE + ' sent to object: 'Object Repository/Stockbit/input__BandarmologyOpenEndDate'

2024-01-22 18:21:01 - [MESSAGE][PASSED] - Keys 'BACK_SPACE + ' sent to object: 'Object Repository/Stockbit/input__BandarmologyOpenEndDate'

2024-01-22 18:21:01 - [TEST_STEP][PASSED] - setText(findTestObject("Stockbit/input__BandarmologyOpenEndDate"), strTanggal): Text '2024-01-22' is set on object 'Object Repository/Stockbit/input__BandarmologyOpenEndDate'

2024-01-22 18:21:02 - [MESSAGE][PASSED] - Text '2024-01-22' is set on object 'Object Repository/Stockbit/input__BandarmologyOpenEndDate'

2024-01-22 18:21:02 - [TEST_STEP][PASSED] - sendKeys(findTestObject("Stockbit/input__BandarmologyOpenEndDate"), Keys.chord(ENTER)): Keys 'ENTER + ' sent to object: 'Object Repository/Stockbit/input__BandarmologyOpenEndDate'

2024-01-22 18:21:02 - [MESSAGE][PASSED] - Keys 'ENTER + ' sent to object: 'Object Repository/Stockbit/input__BandarmologyOpenEndDate'

2024-01-22 18:21:02 - [TEST_STEP][PASSED] - delay(2): Delayed 2 second(s)

2024-01-22 18:21:04 - [MESSAGE][PASSED] - Delayed 2 second(s)

2024-01-22 18:21:04 - [TEST_STEP][PASSED] - strTemp = getText(findTestObject("Stockbit/Bandarmology_AvgRP")): Text of object 'Object Repository/Stockbit/Bandarmology_AvgRP' is: '271'

2024-01-22 18:21:05 - [MESSAGE][PASSED] - Text of object 'Object Repository/Stockbit/Bandarmology_AvgRP' is: '271'

2024-01-22 18:21:05 - [TEST_STEP][PASSED] - out.println("Bandarmology_AvgRP = " + strTemp): null

2024-01-22 18:21:05 - [TEST_STEP][PASSED] - if (strTemp != "0"): null

2024-01-22 18:21:05 - [TEST_STEP][PASSED] - strTop1 = getText(findTestObject("Stockbit/Bandarmology_Top1")): Text of object 'Object Repository/Stockbit/Bandarmology_Top1' is: 'Big Acc'

2024-01-22 18:21:05 - [MESSAGE][PASSED] - Text of object 'Object Repository/Stockbit/Bandarmology_Top1' is: 'Big Acc'

2024-01-22 18:21:05 - [TEST_STEP][PASSED] - strTop3 = getText(findTestObject("Stockbit/Bandarmology_Top3")): Text of object 'Object Repository/Stockbit/Bandarmology_Top3' is: 'Big Acc'

2024-01-22 18:21:05 - [MESSAGE][PASSED] - Text of object 'Object Repository/Stockbit/Bandarmology_Top3' is: 'Big Acc'

2024-01-22 18:21:05 - [TEST_STEP][PASSED] - strTop5 = getText(findTestObject("Stockbit/Bandarmology_Top5")): Text of object 'Object Repository/Stockbit/Bandarmology_Top5' is: 'Normal Acc'

2024-01-22 18:21:05 - [MESSAGE][PASSED] - Text of object 'Object Repository/Stockbit/Bandarmology_Top5' is: 'Normal Acc'

2024-01-22 18:21:05 - [TEST_STEP][PASSED] - strAllBrokAvg = getText(findTestObject("Stockbit/Bandarmology_TopAVG")): Text of object 'Object Repository/Stockbit/Bandarmology_TopAVG' is: 'Big Acc'

2024-01-22 18:21:05 - [MESSAGE][PASSED] - Text of object 'Object Repository/Stockbit/Bandarmology_TopAVG' is: 'Big Acc'

2024-01-22 18:21:05 - [TEST_STEP][PASSED] - strTemp = getText(findTestObject("Stockbit/Bandarmology_AvgRP")): Text of object 'Object Repository/Stockbit/Bandarmology_AvgRP' is: '271'

2024-01-22 18:21:05 - [MESSAGE][PASSED] - Text of object 'Object Repository/Stockbit/Bandarmology_AvgRP' is: '271'

2024-01-22 18:21:05 - [TEST_STEP][PASSED] - if (strTemp.contains(",")): null

2024-01-22 18:21:05 - [TEST_STEP][PASSED] - intAvgRP = strTemp.toInteger(): null

2024-01-22 18:21:05 - [TEST_STEP][PASSED] - strBuyer1 = getText(findTestObject("Stockbit/Bandarmology_Buyer1")): Text of object 'Object Repository/Stockbit/Bandarmology_Buyer1' is: 'YU'

2024-01-22 18:21:05 - [MESSAGE][PASSED] - Text of object 'Object Repository/Stockbit/Bandarmology_Buyer1' is: 'YU'

2024-01-22 18:21:05 - [TEST_STEP][PASSED] - strBuyerVol1 = getText(findTestObject("Stockbit/Bandarmology_BuyerVol1")): Text of object 'Object Repository/Stockbit/Bandarmology_BuyerVol1' is: '48.8 K'

2024-01-22 18:21:06 - [MESSAGE][PASSED] - Text of object 'Object Repository/Stockbit/Bandarmology_BuyerVol1' is: '48.8 K'

2024-01-22 18:21:06 - [TEST_STEP][PASSED] - strBuyerAvg1 = getText(findTestObject("Stockbit/Bandarmology_BuyerAvg1")): Text of object 'Object Repository/Stockbit/Bandarmology_BuyerAvg1' is: '270'

2024-01-22 18:21:06 - [MESSAGE][PASSED] - Text of object 'Object Repository/Stockbit/Bandarmology_BuyerAvg1' is: '270'

2024-01-22 18:21:06 - [TEST_STEP][PASSED] - if (strBuyerAvg1.contains(",")): null

2024-01-22 18:21:06 - [TEST_STEP][PASSED] - if (strBuyerVol1.contains(" B")): null

2024-01-22 18:21:06 - [TEST_STEP][PASSED] - else if (strBuyerVol1.contains(" M")): null

2024-01-22 18:21:06 - [TEST_STEP][PASSED] - else if (strBuyerVol1.contains(" K")): null

2024-01-22 18:21:06 - [TEST_STEP][PASSED] - strBuyerVol1 = strBuyerVol1.replace(" K", ""): null

2024-01-22 18:21:06 - [TEST_STEP][PASSED] - strBuyerVol1 = strBuyerVol1.toDouble() * 1000: null

2024-01-22 18:21:06 - [TEST_STEP][PASSED] - strSeller1 = getText(findTestObject("Stockbit/Bandarmology_Seller1")): Text of object 'Object Repository/Stockbit/Bandarmology_Seller1' is: 'PD'

2024-01-22 18:21:06 - [MESSAGE][PASSED] - Text of object 'Object Repository/Stockbit/Bandarmology_Seller1' is: 'PD'

2024-01-22 18:21:06 - [TEST_STEP][PASSED] - strSellerVol1 = getText(findTestObject("Stockbit/Bandarmology_SellerVol1")): Text of object 'Object Repository/Stockbit/Bandarmology_SellerVol1' is: '21.1 K'

2024-01-22 18:21:06 - [MESSAGE][PASSED] - Text of object 'Object Repository/Stockbit/Bandarmology_SellerVol1' is: '21.1 K'

2024-01-22 18:21:06 - [TEST_STEP][PASSED] - strSellerAvg1 = getText(findTestObject("Stockbit/Bandarmology_SellerAvg1")): Text of object 'Object Repository/Stockbit/Bandarmology_SellerAvg1' is: '272'

2024-01-22 18:21:06 - [MESSAGE][PASSED] - Text of object 'Object Repository/Stockbit/Bandarmology_SellerAvg1' is: '272'

2024-01-22 18:21:06 - [TEST_STEP][PASSED] - if (strSellerAvg1.contains(",")): null

2024-01-22 18:21:06 - [TEST_STEP][PASSED] - if (strSellerVol1.contains(" B")): null

2024-01-22 18:21:06 - [TEST_STEP][PASSED] - else if (strSellerVol1.contains(" M")): null

2024-01-22 18:21:06 - [TEST_STEP][PASSED] - else if (strSellerVol1.contains(" K")): null

2024-01-22 18:21:06 - [TEST_STEP][PASSED] - strSellerVol1 = strSellerVol1.replace(" K", ""): null

2024-01-22 18:21:06 - [TEST_STEP][PASSED] - strSellerVol1 = strSellerVol1.toDouble() * 1000: null

2024-01-22 18:21:06 - [TEST_STEP][PASSED] - if (verifyElementNotPresent(findTestObject("Stockbit/Bandarmology_Buyer2"), 1, OPTIONAL)): Web element with id: 'Object Repository/Stockbit/Bandarmology_Buyer2' located by 'By.xpath: //*[contains(@id, 'rc-tabs-')]/div[2]/div/div/div/div/div/div[2]/table/tbody/tr[3]/td[1]/p' is present after '1' second(s) (Root cause: com.kms.katalon.core.exception.StepFailedException: Web element with id: 'Object Repository/Stockbit/Bandarmology_Buyer2' located by 'By.xpath: //*[contains(@id, 'rc-tabs-')]/div[2]/div/div/div/div/div/div[2]/table/tbody/tr[3]/td[1]/p' is present after '1' second(s)
	at com.kms.katalon.core.webui.keyword.internal.WebUIKeywordMain.stepFailed(WebUIKeywordMain.groovy:64)
	at com.kms.katalon.core.webui.keyword.internal.WebUIKeywordMain$stepFailed$0.call(Unknown Source)
	at com.kms.katalon.core.webui.keyword.builtin.VerifyElementNotPresentKeyword$_verifyElementNotPresent_closure1.doCall(VerifyElementNotPresentKeyword.groovy:106)
	at com.kms.katalon.core.webui.keyword.builtin.VerifyElementNotPresentKeyword$_verifyElementNotPresent_closure1.doCall(VerifyElementNotPresentKeyword.groovy)
	at com.kms.katalon.core.webui.keyword.internal.WebUIKeywordMain.runKeyword(WebUIKeywordMain.groovy:20)
	at com.kms.katalon.core.webui.keyword.internal.WebUIKeywordMain$runKeyword.call(Unknown Source)
	at com.kms.katalon.core.webui.keyword.builtin.VerifyElementNotPresentKeyword.verifyElementNotPresent(VerifyElementNotPresentKeyword.groovy:117)
	at com.kms.katalon.core.webui.keyword.builtin.VerifyElementNotPresentKeyword.execute(VerifyElementNotPresentKeyword.groovy:68)
	at com.kms.katalon.core.keyword.internal.KeywordExecutor.executeKeywordForPlatform(KeywordExecutor.groovy:74)
	at com.kms.katalon.core.webui.keyword.WebUiBuiltInKeywords.verifyElementNotPresent(WebUiBuiltInKeywords.groovy:1481)
	at com.kms.katalon.core.webui.keyword.WebUiBuiltInKeywords$verifyElementNotPresent$8.call(Unknown Source)
	at GetBrokSumPriceDaily.run(GetBrokSumPriceDaily:258)
	at com.kms.katalon.core.main.ScriptEngine.run(ScriptEngine.java:194)
	at com.kms.katalon.core.main.ScriptEngine.runScriptAsRawText(ScriptEngine.java:119)
	at com.kms.katalon.core.main.TestCaseExecutor.runScript(TestCaseExecutor.java:445)
	at com.kms.katalon.core.main.TestCaseExecutor.doExecute(TestCaseExecutor.java:436)
	at com.kms.katalon.core.main.TestCaseExecutor.processExecutionPhase(TestCaseExecutor.java:415)
	at com.kms.katalon.core.main.TestCaseExecutor.accessMainPhase(TestCaseExecutor.java:407)
	at com.kms.katalon.core.main.TestCaseExecutor.execute(TestCaseExecutor.java:284)
	at com.kms.katalon.core.common.CommonExecutor.accessTestCaseMainPhase(CommonExecutor.java:65)
	at com.kms.katalon.core.main.TestSuiteExecutor.accessTestSuiteMainPhase(TestSuiteExecutor.java:144)
	at com.kms.katalon.core.main.TestSuiteExecutor.execute(TestSuiteExecutor.java:106)
	at com.kms.katalon.core.main.TestCaseMain.startTestSuite(TestCaseMain.java:185)
	at com.kms.katalon.core.main.TestCaseMain$startTestSuite$0.call(Unknown Source)
	at TempTestSuite1705922193915.run(TempTestSuite1705922193915.groovy:36)
)

2024-01-22 18:21:08 - [MESSAGE][WARNING] - Web element with id: 'Object Repository/Stockbit/Bandarmology_Buyer2' located by 'By.xpath: //*[contains(@id, 'rc-tabs-')]/div[2]/div/div/div/div/div/div[2]/table/tbody/tr[3]/td[1]/p' is present after '1' second(s) (Root cause: com.kms.katalon.core.exception.StepFailedException: Web element with id: 'Object Repository/Stockbit/Bandarmology_Buyer2' located by 'By.xpath: //*[contains(@id, 'rc-tabs-')]/div[2]/div/div/div/div/div/div[2]/table/tbody/tr[3]/td[1]/p' is present after '1' second(s)
	at com.kms.katalon.core.webui.keyword.internal.WebUIKeywordMain.stepFailed(WebUIKeywordMain.groovy:64)
	at com.kms.katalon.core.webui.keyword.internal.WebUIKeywordMain$stepFailed$0.call(Unknown Source)
	at com.kms.katalon.core.webui.keyword.builtin.VerifyElementNotPresentKeyword$_verifyElementNotPresent_closure1.doCall(VerifyElementNotPresentKeyword.groovy:106)
	at com.kms.katalon.core.webui.keyword.builtin.VerifyElementNotPresentKeyword$_verifyElementNotPresent_closure1.doCall(VerifyElementNotPresentKeyword.groovy)
	at com.kms.katalon.core.webui.keyword.internal.WebUIKeywordMain.runKeyword(WebUIKeywordMain.groovy:20)
	at com.kms.katalon.core.webui.keyword.internal.WebUIKeywordMain$runKeyword.call(Unknown Source)
	at com.kms.katalon.core.webui.keyword.builtin.VerifyElementNotPresentKeyword.verifyElementNotPresent(VerifyElementNotPresentKeyword.groovy:117)
	at com.kms.katalon.core.webui.keyword.builtin.VerifyElementNotPresentKeyword.execute(VerifyElementNotPresentKeyword.groovy:68)
	at com.kms.katalon.core.keyword.internal.KeywordExecutor.executeKeywordForPlatform(KeywordExecutor.groovy:74)
	at com.kms.katalon.core.webui.keyword.WebUiBuiltInKeywords.verifyElementNotPresent(WebUiBuiltInKeywords.groovy:1481)
	at com.kms.katalon.core.webui.keyword.WebUiBuiltInKeywords$verifyElementNotPresent$8.call(Unknown Source)
	at GetBrokSumPriceDaily.run(GetBrokSumPriceDaily:258)
	at com.kms.katalon.core.main.ScriptEngine.run(ScriptEngine.java:194)
	at com.kms.katalon.core.main.ScriptEngine.runScriptAsRawText(ScriptEngine.java:119)
	at com.kms.katalon.core.main.TestCaseExecutor.runScript(TestCaseExecutor.java:445)
	at com.kms.katalon.core.main.TestCaseExecutor.doExecute(TestCaseExecutor.java:436)
	at com.kms.katalon.core.main.TestCaseExecutor.processExecutionPhase(TestCaseExecutor.java:415)
	at com.kms.katalon.core.main.TestCaseExecutor.accessMainPhase(TestCaseExecutor.java:407)
	at com.kms.katalon.core.main.TestCaseExecutor.execute(TestCaseExecutor.java:284)
	at com.kms.katalon.core.common.CommonExecutor.accessTestCaseMainPhase(CommonExecutor.java:65)
	at com.kms.katalon.core.main.TestSuiteExecutor.accessTestSuiteMainPhase(TestSuiteExecutor.java:144)
	at com.kms.katalon.core.main.TestSuiteExecutor.execute(TestSuiteExecutor.java:106)
	at com.kms.katalon.core.main.TestCaseMain.startTestSuite(TestCaseMain.java:185)
	at com.kms.katalon.core.main.TestCaseMain$startTestSuite$0.call(Unknown Source)
	at TempTestSuite1705922193915.run(TempTestSuite1705922193915.groovy:36)
)
[[ATTACHMENT|C:\\Users\\Fadli\\git\\KatalonDailyGetData2\\Reports\\20240122_174123\\TS1\\20240122_181633\\1705922467928.png]]

2024-01-22 18:21:08 - [TEST_STEP][PASSED] - else: null

2024-01-22 18:21:08 - [TEST_STEP][PASSED] - strBuyer2 = getText(findTestObject("Stockbit/Bandarmology_Buyer2")): Text of object 'Object Repository/Stockbit/Bandarmology_Buyer2' is: 'AI'

2024-01-22 18:21:08 - [MESSAGE][PASSED] - Text of object 'Object Repository/Stockbit/Bandarmology_Buyer2' is: 'AI'

2024-01-22 18:21:08 - [TEST_STEP][PASSED] - strBuyerVol2 = getText(findTestObject("Stockbit/Bandarmology_BuyerVol2")): Text of object 'Object Repository/Stockbit/Bandarmology_BuyerVol2' is: '31.4 K'

2024-01-22 18:21:08 - [MESSAGE][PASSED] - Text of object 'Object Repository/Stockbit/Bandarmology_BuyerVol2' is: '31.4 K'

2024-01-22 18:21:08 - [TEST_STEP][PASSED] - strBuyerAvg2 = getText(findTestObject("Stockbit/Bandarmology_BuyerAvg2")): Text of object 'Object Repository/Stockbit/Bandarmology_BuyerAvg2' is: '270'

2024-01-22 18:21:08 - [MESSAGE][PASSED] - Text of object 'Object Repository/Stockbit/Bandarmology_BuyerAvg2' is: '270'

2024-01-22 18:21:08 - [TEST_STEP][PASSED] - if (strBuyer2 != ""): null

2024-01-22 18:21:08 - [TEST_STEP][PASSED] - if (strBuyerAvg2.contains(",")): null

2024-01-22 18:21:08 - [TEST_STEP][PASSED] - if (strBuyerVol2.contains(" B")): null

2024-01-22 18:21:08 - [TEST_STEP][PASSED] - else if (strBuyerVol2.contains(" M")): null

2024-01-22 18:21:08 - [TEST_STEP][PASSED] - else if (strBuyerVol2.contains(" K")): null

2024-01-22 18:21:08 - [TEST_STEP][PASSED] - strBuyerVol2 = strBuyerVol2.replace(" K", ""): null

2024-01-22 18:21:08 - [TEST_STEP][PASSED] - strBuyerVol2 = strBuyerVol2.toDouble() * 1000: null

2024-01-22 18:21:08 - [TEST_STEP][PASSED] - if (strBuyerVol2.contains(".")): null

2024-01-22 18:21:08 - [TEST_STEP][PASSED] - strBuyerVal2 = strBuyerVol2.replace(".", ""): null

2024-01-22 18:21:08 - [TEST_STEP][PASSED] - if (verifyElementNotPresent(findTestObject("Stockbit/Bandarmology_Seller2"), 1, OPTIONAL)): Web element with id: 'Object Repository/Stockbit/Bandarmology_Seller2' located by 'By.xpath: //*[contains(@id, 'rc-tabs-')]/div[2]/div/div/div/div/div/div[2]/table/tbody/tr[3]/td[5]/p' is present after '1' second(s) (Root cause: com.kms.katalon.core.exception.StepFailedException: Web element with id: 'Object Repository/Stockbit/Bandarmology_Seller2' located by 'By.xpath: //*[contains(@id, 'rc-tabs-')]/div[2]/div/div/div/div/div/div[2]/table/tbody/tr[3]/td[5]/p' is present after '1' second(s)
	at com.kms.katalon.core.webui.keyword.internal.WebUIKeywordMain.stepFailed(WebUIKeywordMain.groovy:64)
	at com.kms.katalon.core.webui.keyword.internal.WebUIKeywordMain$stepFailed$0.call(Unknown Source)
	at com.kms.katalon.core.webui.keyword.builtin.VerifyElementNotPresentKeyword$_verifyElementNotPresent_closure1.doCall(VerifyElementNotPresentKeyword.groovy:106)
	at com.kms.katalon.core.webui.keyword.builtin.VerifyElementNotPresentKeyword$_verifyElementNotPresent_closure1.doCall(VerifyElementNotPresentKeyword.groovy)
	at com.kms.katalon.core.webui.keyword.internal.WebUIKeywordMain.runKeyword(WebUIKeywordMain.groovy:20)
	at com.kms.katalon.core.webui.keyword.internal.WebUIKeywordMain$runKeyword.call(Unknown Source)
	at com.kms.katalon.core.webui.keyword.builtin.VerifyElementNotPresentKeyword.verifyElementNotPresent(VerifyElementNotPresentKeyword.groovy:117)
	at com.kms.katalon.core.webui.keyword.builtin.VerifyElementNotPresentKeyword.execute(VerifyElementNotPresentKeyword.groovy:68)
	at com.kms.katalon.core.keyword.internal.KeywordExecutor.executeKeywordForPlatform(KeywordExecutor.groovy:74)
	at com.kms.katalon.core.webui.keyword.WebUiBuiltInKeywords.verifyElementNotPresent(WebUiBuiltInKeywords.groovy:1481)
	at com.kms.katalon.core.webui.keyword.WebUiBuiltInKeywords$verifyElementNotPresent$8.call(Unknown Source)
	at GetBrokSumPriceDaily.run(GetBrokSumPriceDaily:309)
	at com.kms.katalon.core.main.ScriptEngine.run(ScriptEngine.java:194)
	at com.kms.katalon.core.main.ScriptEngine.runScriptAsRawText(ScriptEngine.java:119)
	at com.kms.katalon.core.main.TestCaseExecutor.runScript(TestCaseExecutor.java:445)
	at com.kms.katalon.core.main.TestCaseExecutor.doExecute(TestCaseExecutor.java:436)
	at com.kms.katalon.core.main.TestCaseExecutor.processExecutionPhase(TestCaseExecutor.java:415)
	at com.kms.katalon.core.main.TestCaseExecutor.accessMainPhase(TestCaseExecutor.java:407)
	at com.kms.katalon.core.main.TestCaseExecutor.execute(TestCaseExecutor.java:284)
	at com.kms.katalon.core.common.CommonExecutor.accessTestCaseMainPhase(CommonExecutor.java:65)
	at com.kms.katalon.core.main.TestSuiteExecutor.accessTestSuiteMainPhase(TestSuiteExecutor.java:144)
	at com.kms.katalon.core.main.TestSuiteExecutor.execute(TestSuiteExecutor.java:106)
	at com.kms.katalon.core.main.TestCaseMain.startTestSuite(TestCaseMain.java:185)
	at com.kms.katalon.core.main.TestCaseMain$startTestSuite$0.call(Unknown Source)
	at TempTestSuite1705922193915.run(TempTestSuite1705922193915.groovy:36)
)

2024-01-22 18:21:10 - [MESSAGE][WARNING] - Web element with id: 'Object Repository/Stockbit/Bandarmology_Seller2' located by 'By.xpath: //*[contains(@id, 'rc-tabs-')]/div[2]/div/div/div/div/div/div[2]/table/tbody/tr[3]/td[5]/p' is present after '1' second(s) (Root cause: com.kms.katalon.core.exception.StepFailedException: Web element with id: 'Object Repository/Stockbit/Bandarmology_Seller2' located by 'By.xpath: //*[contains(@id, 'rc-tabs-')]/div[2]/div/div/div/div/div/div[2]/table/tbody/tr[3]/td[5]/p' is present after '1' second(s)
	at com.kms.katalon.core.webui.keyword.internal.WebUIKeywordMain.stepFailed(WebUIKeywordMain.groovy:64)
	at com.kms.katalon.core.webui.keyword.internal.WebUIKeywordMain$stepFailed$0.call(Unknown Source)
	at com.kms.katalon.core.webui.keyword.builtin.VerifyElementNotPresentKeyword$_verifyElementNotPresent_closure1.doCall(VerifyElementNotPresentKeyword.groovy:106)
	at com.kms.katalon.core.webui.keyword.builtin.VerifyElementNotPresentKeyword$_verifyElementNotPresent_closure1.doCall(VerifyElementNotPresentKeyword.groovy)
	at com.kms.katalon.core.webui.keyword.internal.WebUIKeywordMain.runKeyword(WebUIKeywordMain.groovy:20)
	at com.kms.katalon.core.webui.keyword.internal.WebUIKeywordMain$runKeyword.call(Unknown Source)
	at com.kms.katalon.core.webui.keyword.builtin.VerifyElementNotPresentKeyword.verifyElementNotPresent(VerifyElementNotPresentKeyword.groovy:117)
	at com.kms.katalon.core.webui.keyword.builtin.VerifyElementNotPresentKeyword.execute(VerifyElementNotPresentKeyword.groovy:68)
	at com.kms.katalon.core.keyword.internal.KeywordExecutor.executeKeywordForPlatform(KeywordExecutor.groovy:74)
	at com.kms.katalon.core.webui.keyword.WebUiBuiltInKeywords.verifyElementNotPresent(WebUiBuiltInKeywords.groovy:1481)
	at com.kms.katalon.core.webui.keyword.WebUiBuiltInKeywords$verifyElementNotPresent$8.call(Unknown Source)
	at GetBrokSumPriceDaily.run(GetBrokSumPriceDaily:309)
	at com.kms.katalon.core.main.ScriptEngine.run(ScriptEngine.java:194)
	at com.kms.katalon.core.main.ScriptEngine.runScriptAsRawText(ScriptEngine.java:119)
	at com.kms.katalon.core.main.TestCaseExecutor.runScript(TestCaseExecutor.java:445)
	at com.kms.katalon.core.main.TestCaseExecutor.doExecute(TestCaseExecutor.java:436)
	at com.kms.katalon.core.main.TestCaseExecutor.processExecutionPhase(TestCaseExecutor.java:415)
	at com.kms.katalon.core.main.TestCaseExecutor.accessMainPhase(TestCaseExecutor.java:407)
	at com.kms.katalon.core.main.TestCaseExecutor.execute(TestCaseExecutor.java:284)
	at com.kms.katalon.core.common.CommonExecutor.accessTestCaseMainPhase(CommonExecutor.java:65)
	at com.kms.katalon.core.main.TestSuiteExecutor.accessTestSuiteMainPhase(TestSuiteExecutor.java:144)
	at com.kms.katalon.core.main.TestSuiteExecutor.execute(TestSuiteExecutor.java:106)
	at com.kms.katalon.core.main.TestCaseMain.startTestSuite(TestCaseMain.java:185)
	at com.kms.katalon.core.main.TestCaseMain$startTestSuite$0.call(Unknown Source)
	at TempTestSuite1705922193915.run(TempTestSuite1705922193915.groovy:36)
)
[[ATTACHMENT|C:\\Users\\Fadli\\git\\KatalonDailyGetData2\\Reports\\20240122_174123\\TS1\\20240122_181633\\1705922469848.png]]

2024-01-22 18:21:10 - [TEST_STEP][PASSED] - else: null

2024-01-22 18:21:10 - [TEST_STEP][PASSED] - strSeller2 = getText(findTestObject("Stockbit/Bandarmology_Seller2")): Text of object 'Object Repository/Stockbit/Bandarmology_Seller2' is: 'EP'

2024-01-22 18:21:10 - [MESSAGE][PASSED] - Text of object 'Object Repository/Stockbit/Bandarmology_Seller2' is: 'EP'

2024-01-22 18:21:10 - [TEST_STEP][PASSED] - strSellerVol2 = getText(findTestObject("Stockbit/Bandarmology_SellerVol2")): Text of object 'Object Repository/Stockbit/Bandarmology_SellerVol2' is: '19.6 K'

2024-01-22 18:21:10 - [MESSAGE][PASSED] - Text of object 'Object Repository/Stockbit/Bandarmology_SellerVol2' is: '19.6 K'

2024-01-22 18:21:10 - [TEST_STEP][PASSED] - strSellerAvg2 = getText(findTestObject("Stockbit/Bandarmology_SellerAvg2")): Text of object 'Object Repository/Stockbit/Bandarmology_SellerAvg2' is: '270'

2024-01-22 18:21:10 - [MESSAGE][PASSED] - Text of object 'Object Repository/Stockbit/Bandarmology_SellerAvg2' is: '270'

2024-01-22 18:21:10 - [TEST_STEP][PASSED] - if (strSeller2 != ""): null

2024-01-22 18:21:10 - [TEST_STEP][PASSED] - if (strSellerAvg2.contains(",")): null

2024-01-22 18:21:10 - [TEST_STEP][PASSED] - if (strSellerVol2.contains(" B")): null

2024-01-22 18:21:10 - [TEST_STEP][PASSED] - else if (strSellerVol2.contains(" M")): null

2024-01-22 18:21:10 - [TEST_STEP][PASSED] - else if (strSellerVol2.contains(" K")): null

2024-01-22 18:21:10 - [TEST_STEP][PASSED] - strSellerVol2 = strSellerVol2.replace(" K", ""): null

2024-01-22 18:21:10 - [TEST_STEP][PASSED] - strSellerVol2 = strSellerVol2.toDouble() * 1000: null

2024-01-22 18:21:10 - [TEST_STEP][PASSED] - if (verifyElementNotPresent(findTestObject("Stockbit/Bandarmology_Buyer3"), 1, OPTIONAL)): Web element with id: 'Object Repository/Stockbit/Bandarmology_Buyer3' located by 'By.xpath: //*[contains(@id, 'rc-tabs-')]/div[2]/div/div/div/div/div/div[2]/table/tbody/tr[4]/td[1]/p' is present after '1' second(s) (Root cause: com.kms.katalon.core.exception.StepFailedException: Web element with id: 'Object Repository/Stockbit/Bandarmology_Buyer3' located by 'By.xpath: //*[contains(@id, 'rc-tabs-')]/div[2]/div/div/div/div/div/div[2]/table/tbody/tr[4]/td[1]/p' is present after '1' second(s)
	at com.kms.katalon.core.webui.keyword.internal.WebUIKeywordMain.stepFailed(WebUIKeywordMain.groovy:64)
	at com.kms.katalon.core.webui.keyword.internal.WebUIKeywordMain$stepFailed$0.call(Unknown Source)
	at com.kms.katalon.core.webui.keyword.builtin.VerifyElementNotPresentKeyword$_verifyElementNotPresent_closure1.doCall(VerifyElementNotPresentKeyword.groovy:106)
	at com.kms.katalon.core.webui.keyword.builtin.VerifyElementNotPresentKeyword$_verifyElementNotPresent_closure1.doCall(VerifyElementNotPresentKeyword.groovy)
	at com.kms.katalon.core.webui.keyword.internal.WebUIKeywordMain.runKeyword(WebUIKeywordMain.groovy:20)
	at com.kms.katalon.core.webui.keyword.internal.WebUIKeywordMain$runKeyword.call(Unknown Source)
	at com.kms.katalon.core.webui.keyword.builtin.VerifyElementNotPresentKeyword.verifyElementNotPresent(VerifyElementNotPresentKeyword.groovy:117)
	at com.kms.katalon.core.webui.keyword.builtin.VerifyElementNotPresentKeyword.execute(VerifyElementNotPresentKeyword.groovy:68)
	at com.kms.katalon.core.keyword.internal.KeywordExecutor.executeKeywordForPlatform(KeywordExecutor.groovy:74)
	at com.kms.katalon.core.webui.keyword.WebUiBuiltInKeywords.verifyElementNotPresent(WebUiBuiltInKeywords.groovy:1481)
	at com.kms.katalon.core.webui.keyword.WebUiBuiltInKeywords$verifyElementNotPresent$8.call(Unknown Source)
	at GetBrokSumPriceDaily.run(GetBrokSumPriceDaily:361)
	at com.kms.katalon.core.main.ScriptEngine.run(ScriptEngine.java:194)
	at com.kms.katalon.core.main.ScriptEngine.runScriptAsRawText(ScriptEngine.java:119)
	at com.kms.katalon.core.main.TestCaseExecutor.runScript(TestCaseExecutor.java:445)
	at com.kms.katalon.core.main.TestCaseExecutor.doExecute(TestCaseExecutor.java:436)
	at com.kms.katalon.core.main.TestCaseExecutor.processExecutionPhase(TestCaseExecutor.java:415)
	at com.kms.katalon.core.main.TestCaseExecutor.accessMainPhase(TestCaseExecutor.java:407)
	at com.kms.katalon.core.main.TestCaseExecutor.execute(TestCaseExecutor.java:284)
	at com.kms.katalon.core.common.CommonExecutor.accessTestCaseMainPhase(CommonExecutor.java:65)
	at com.kms.katalon.core.main.TestSuiteExecutor.accessTestSuiteMainPhase(TestSuiteExecutor.java:144)
	at com.kms.katalon.core.main.TestSuiteExecutor.execute(TestSuiteExecutor.java:106)
	at com.kms.katalon.core.main.TestCaseMain.startTestSuite(TestCaseMain.java:185)
	at com.kms.katalon.core.main.TestCaseMain$startTestSuite$0.call(Unknown Source)
	at TempTestSuite1705922193915.run(TempTestSuite1705922193915.groovy:36)
)

2024-01-22 18:21:11 - [MESSAGE][WARNING] - Web element with id: 'Object Repository/Stockbit/Bandarmology_Buyer3' located by 'By.xpath: //*[contains(@id, 'rc-tabs-')]/div[2]/div/div/div/div/div/div[2]/table/tbody/tr[4]/td[1]/p' is present after '1' second(s) (Root cause: com.kms.katalon.core.exception.StepFailedException: Web element with id: 'Object Repository/Stockbit/Bandarmology_Buyer3' located by 'By.xpath: //*[contains(@id, 'rc-tabs-')]/div[2]/div/div/div/div/div/div[2]/table/tbody/tr[4]/td[1]/p' is present after '1' second(s)
	at com.kms.katalon.core.webui.keyword.internal.WebUIKeywordMain.stepFailed(WebUIKeywordMain.groovy:64)
	at com.kms.katalon.core.webui.keyword.internal.WebUIKeywordMain$stepFailed$0.call(Unknown Source)
	at com.kms.katalon.core.webui.keyword.builtin.VerifyElementNotPresentKeyword$_verifyElementNotPresent_closure1.doCall(VerifyElementNotPresentKeyword.groovy:106)
	at com.kms.katalon.core.webui.keyword.builtin.VerifyElementNotPresentKeyword$_verifyElementNotPresent_closure1.doCall(VerifyElementNotPresentKeyword.groovy)
	at com.kms.katalon.core.webui.keyword.internal.WebUIKeywordMain.runKeyword(WebUIKeywordMain.groovy:20)
	at com.kms.katalon.core.webui.keyword.internal.WebUIKeywordMain$runKeyword.call(Unknown Source)
	at com.kms.katalon.core.webui.keyword.builtin.VerifyElementNotPresentKeyword.verifyElementNotPresent(VerifyElementNotPresentKeyword.groovy:117)
	at com.kms.katalon.core.webui.keyword.builtin.VerifyElementNotPresentKeyword.execute(VerifyElementNotPresentKeyword.groovy:68)
	at com.kms.katalon.core.keyword.internal.KeywordExecutor.executeKeywordForPlatform(KeywordExecutor.groovy:74)
	at com.kms.katalon.core.webui.keyword.WebUiBuiltInKeywords.verifyElementNotPresent(WebUiBuiltInKeywords.groovy:1481)
	at com.kms.katalon.core.webui.keyword.WebUiBuiltInKeywords$verifyElementNotPresent$8.call(Unknown Source)
	at GetBrokSumPriceDaily.run(GetBrokSumPriceDaily:361)
	at com.kms.katalon.core.main.ScriptEngine.run(ScriptEngine.java:194)
	at com.kms.katalon.core.main.ScriptEngine.runScriptAsRawText(ScriptEngine.java:119)
	at com.kms.katalon.core.main.TestCaseExecutor.runScript(TestCaseExecutor.java:445)
	at com.kms.katalon.core.main.TestCaseExecutor.doExecute(TestCaseExecutor.java:436)
	at com.kms.katalon.core.main.TestCaseExecutor.processExecutionPhase(TestCaseExecutor.java:415)
	at com.kms.katalon.core.main.TestCaseExecutor.accessMainPhase(TestCaseExecutor.java:407)
	at com.kms.katalon.core.main.TestCaseExecutor.execute(TestCaseExecutor.java:284)
	at com.kms.katalon.core.common.CommonExecutor.accessTestCaseMainPhase(CommonExecutor.java:65)
	at com.kms.katalon.core.main.TestSuiteExecutor.accessTestSuiteMainPhase(TestSuiteExecutor.java:144)
	at com.kms.katalon.core.main.TestSuiteExecutor.execute(TestSuiteExecutor.java:106)
	at com.kms.katalon.core.main.TestCaseMain.startTestSuite(TestCaseMain.java:185)
	at com.kms.katalon.core.main.TestCaseMain$startTestSuite$0.call(Unknown Source)
	at TempTestSuite1705922193915.run(TempTestSuite1705922193915.groovy:36)
)
[[ATTACHMENT|C:\\Users\\Fadli\\git\\KatalonDailyGetData2\\Reports\\20240122_174123\\TS1\\20240122_181633\\1705922471756.png]]

2024-01-22 18:21:11 - [TEST_STEP][PASSED] - else: null

2024-01-22 18:21:11 - [TEST_STEP][PASSED] - strBuyer3 = getText(findTestObject("Stockbit/Bandarmology_Buyer3")): Text of object 'Object Repository/Stockbit/Bandarmology_Buyer3' is: 'KK'

2024-01-22 18:21:12 - [MESSAGE][PASSED] - Text of object 'Object Repository/Stockbit/Bandarmology_Buyer3' is: 'KK'

2024-01-22 18:21:12 - [TEST_STEP][PASSED] - strBuyerVol3 = getText(findTestObject("Stockbit/Bandarmology_BuyerVol3")): Text of object 'Object Repository/Stockbit/Bandarmology_BuyerVol3' is: '18.9 K'

2024-01-22 18:21:12 - [MESSAGE][PASSED] - Text of object 'Object Repository/Stockbit/Bandarmology_BuyerVol3' is: '18.9 K'

2024-01-22 18:21:12 - [TEST_STEP][PASSED] - strBuyerAvg3 = getText(findTestObject("Stockbit/Bandarmology_BuyerAvg3")): Text of object 'Object Repository/Stockbit/Bandarmology_BuyerAvg3' is: '272'

2024-01-22 18:21:12 - [MESSAGE][PASSED] - Text of object 'Object Repository/Stockbit/Bandarmology_BuyerAvg3' is: '272'

2024-01-22 18:21:12 - [TEST_STEP][PASSED] - if (strBuyer3 != ""): null

2024-01-22 18:21:12 - [TEST_STEP][PASSED] - if (strBuyerAvg3.contains(",")): null

2024-01-22 18:21:12 - [TEST_STEP][PASSED] - if (strBuyerVol3.contains(" B")): null

2024-01-22 18:21:12 - [TEST_STEP][PASSED] - else if (strBuyerVol3.contains(" M")): null

2024-01-22 18:21:12 - [TEST_STEP][PASSED] - else if (strBuyerVol3.contains(" K")): null

2024-01-22 18:21:12 - [TEST_STEP][PASSED] - strBuyerVol3 = strBuyerVol3.replace(" K", ""): null

2024-01-22 18:21:12 - [TEST_STEP][PASSED] - strBuyerVol3 = strBuyerVol3.toDouble() * 1000: null

2024-01-22 18:21:12 - [TEST_STEP][PASSED] - if (verifyElementNotPresent(findTestObject("Stockbit/Bandarmology_Seller3"), 1, OPTIONAL)): Web element with id: 'Object Repository/Stockbit/Bandarmology_Seller3' located by 'By.xpath: //*[contains(@id, 'rc-tabs-')]/div[2]/div/div/div/div/div/div[2]/table/tbody/tr[4]/td[5]/p' is present after '1' second(s) (Root cause: com.kms.katalon.core.exception.StepFailedException: Web element with id: 'Object Repository/Stockbit/Bandarmology_Seller3' located by 'By.xpath: //*[contains(@id, 'rc-tabs-')]/div[2]/div/div/div/div/div/div[2]/table/tbody/tr[4]/td[5]/p' is present after '1' second(s)
	at com.kms.katalon.core.webui.keyword.internal.WebUIKeywordMain.stepFailed(WebUIKeywordMain.groovy:64)
	at com.kms.katalon.core.webui.keyword.internal.WebUIKeywordMain$stepFailed$0.call(Unknown Source)
	at com.kms.katalon.core.webui.keyword.builtin.VerifyElementNotPresentKeyword$_verifyElementNotPresent_closure1.doCall(VerifyElementNotPresentKeyword.groovy:106)
	at com.kms.katalon.core.webui.keyword.builtin.VerifyElementNotPresentKeyword$_verifyElementNotPresent_closure1.doCall(VerifyElementNotPresentKeyword.groovy)
	at com.kms.katalon.core.webui.keyword.internal.WebUIKeywordMain.runKeyword(WebUIKeywordMain.groovy:20)
	at com.kms.katalon.core.webui.keyword.internal.WebUIKeywordMain$runKeyword.call(Unknown Source)
	at com.kms.katalon.core.webui.keyword.builtin.VerifyElementNotPresentKeyword.verifyElementNotPresent(VerifyElementNotPresentKeyword.groovy:117)
	at com.kms.katalon.core.webui.keyword.builtin.VerifyElementNotPresentKeyword.execute(VerifyElementNotPresentKeyword.groovy:68)
	at com.kms.katalon.core.keyword.internal.KeywordExecutor.executeKeywordForPlatform(KeywordExecutor.groovy:74)
	at com.kms.katalon.core.webui.keyword.WebUiBuiltInKeywords.verifyElementNotPresent(WebUiBuiltInKeywords.groovy:1481)
	at com.kms.katalon.core.webui.keyword.WebUiBuiltInKeywords$verifyElementNotPresent$8.call(Unknown Source)
	at GetBrokSumPriceDaily.run(GetBrokSumPriceDaily:414)
	at com.kms.katalon.core.main.ScriptEngine.run(ScriptEngine.java:194)
	at com.kms.katalon.core.main.ScriptEngine.runScriptAsRawText(ScriptEngine.java:119)
	at com.kms.katalon.core.main.TestCaseExecutor.runScript(TestCaseExecutor.java:445)
	at com.kms.katalon.core.main.TestCaseExecutor.doExecute(TestCaseExecutor.java:436)
	at com.kms.katalon.core.main.TestCaseExecutor.processExecutionPhase(TestCaseExecutor.java:415)
	at com.kms.katalon.core.main.TestCaseExecutor.accessMainPhase(TestCaseExecutor.java:407)
	at com.kms.katalon.core.main.TestCaseExecutor.execute(TestCaseExecutor.java:284)
	at com.kms.katalon.core.common.CommonExecutor.accessTestCaseMainPhase(CommonExecutor.java:65)
	at com.kms.katalon.core.main.TestSuiteExecutor.accessTestSuiteMainPhase(TestSuiteExecutor.java:144)
	at com.kms.katalon.core.main.TestSuiteExecutor.execute(TestSuiteExecutor.java:106)
	at com.kms.katalon.core.main.TestCaseMain.startTestSuite(TestCaseMain.java:185)
	at com.kms.katalon.core.main.TestCaseMain$startTestSuite$0.call(Unknown Source)
	at TempTestSuite1705922193915.run(TempTestSuite1705922193915.groovy:36)
)

2024-01-22 18:21:13 - [MESSAGE][WARNING] - Web element with id: 'Object Repository/Stockbit/Bandarmology_Seller3' located by 'By.xpath: //*[contains(@id, 'rc-tabs-')]/div[2]/div/div/div/div/div/div[2]/table/tbody/tr[4]/td[5]/p' is present after '1' second(s) (Root cause: com.kms.katalon.core.exception.StepFailedException: Web element with id: 'Object Repository/Stockbit/Bandarmology_Seller3' located by 'By.xpath: //*[contains(@id, 'rc-tabs-')]/div[2]/div/div/div/div/div/div[2]/table/tbody/tr[4]/td[5]/p' is present after '1' second(s)
	at com.kms.katalon.core.webui.keyword.internal.WebUIKeywordMain.stepFailed(WebUIKeywordMain.groovy:64)
	at com.kms.katalon.core.webui.keyword.internal.WebUIKeywordMain$stepFailed$0.call(Unknown Source)
	at com.kms.katalon.core.webui.keyword.builtin.VerifyElementNotPresentKeyword$_verifyElementNotPresent_closure1.doCall(VerifyElementNotPresentKeyword.groovy:106)
	at com.kms.katalon.core.webui.keyword.builtin.VerifyElementNotPresentKeyword$_verifyElementNotPresent_closure1.doCall(VerifyElementNotPresentKeyword.groovy)
	at com.kms.katalon.core.webui.keyword.internal.WebUIKeywordMain.runKeyword(WebUIKeywordMain.groovy:20)
	at com.kms.katalon.core.webui.keyword.internal.WebUIKeywordMain$runKeyword.call(Unknown Source)
	at com.kms.katalon.core.webui.keyword.builtin.VerifyElementNotPresentKeyword.verifyElementNotPresent(VerifyElementNotPresentKeyword.groovy:117)
	at com.kms.katalon.core.webui.keyword.builtin.VerifyElementNotPresentKeyword.execute(VerifyElementNotPresentKeyword.groovy:68)
	at com.kms.katalon.core.keyword.internal.KeywordExecutor.executeKeywordForPlatform(KeywordExecutor.groovy:74)
	at com.kms.katalon.core.webui.keyword.WebUiBuiltInKeywords.verifyElementNotPresent(WebUiBuiltInKeywords.groovy:1481)
	at com.kms.katalon.core.webui.keyword.WebUiBuiltInKeywords$verifyElementNotPresent$8.call(Unknown Source)
	at GetBrokSumPriceDaily.run(GetBrokSumPriceDaily:414)
	at com.kms.katalon.core.main.ScriptEngine.run(ScriptEngine.java:194)
	at com.kms.katalon.core.main.ScriptEngine.runScriptAsRawText(ScriptEngine.java:119)
	at com.kms.katalon.core.main.TestCaseExecutor.runScript(TestCaseExecutor.java:445)
	at com.kms.katalon.core.main.TestCaseExecutor.doExecute(TestCaseExecutor.java:436)
	at com.kms.katalon.core.main.TestCaseExecutor.processExecutionPhase(TestCaseExecutor.java:415)
	at com.kms.katalon.core.main.TestCaseExecutor.accessMainPhase(TestCaseExecutor.java:407)
	at com.kms.katalon.core.main.TestCaseExecutor.execute(TestCaseExecutor.java:284)
	at com.kms.katalon.core.common.CommonExecutor.accessTestCaseMainPhase(CommonExecutor.java:65)
	at com.kms.katalon.core.main.TestSuiteExecutor.accessTestSuiteMainPhase(TestSuiteExecutor.java:144)
	at com.kms.katalon.core.main.TestSuiteExecutor.execute(TestSuiteExecutor.java:106)
	at com.kms.katalon.core.main.TestCaseMain.startTestSuite(TestCaseMain.java:185)
	at com.kms.katalon.core.main.TestCaseMain$startTestSuite$0.call(Unknown Source)
	at TempTestSuite1705922193915.run(TempTestSuite1705922193915.groovy:36)
)
[[ATTACHMENT|C:\\Users\\Fadli\\git\\KatalonDailyGetData2\\Reports\\20240122_174123\\TS1\\20240122_181633\\1705922473650.png]]

2024-01-22 18:21:13 - [TEST_STEP][PASSED] - else: null

2024-01-22 18:21:13 - [TEST_STEP][PASSED] - strSeller3 = getText(findTestObject("Stockbit/Bandarmology_Seller3")): Text of object 'Object Repository/Stockbit/Bandarmology_Seller3' is: 'BK'

2024-01-22 18:21:13 - [MESSAGE][PASSED] - Text of object 'Object Repository/Stockbit/Bandarmology_Seller3' is: 'BK'

2024-01-22 18:21:13 - [TEST_STEP][PASSED] - strSellerVol3 = getText(findTestObject("Stockbit/Bandarmology_SellerVol3")): Text of object 'Object Repository/Stockbit/Bandarmology_SellerVol3' is: '18.9 K'

2024-01-22 18:21:14 - [MESSAGE][PASSED] - Text of object 'Object Repository/Stockbit/Bandarmology_SellerVol3' is: '18.9 K'

2024-01-22 18:21:14 - [TEST_STEP][PASSED] - strSellerAvg3 = getText(findTestObject("Stockbit/Bandarmology_SellerAvg3")): Text of object 'Object Repository/Stockbit/Bandarmology_SellerAvg3' is: '271'

2024-01-22 18:21:14 - [MESSAGE][PASSED] - Text of object 'Object Repository/Stockbit/Bandarmology_SellerAvg3' is: '271'

2024-01-22 18:21:14 - [TEST_STEP][PASSED] - if (strSeller3 != ""): null

2024-01-22 18:21:14 - [TEST_STEP][PASSED] - if (strSellerAvg3.contains(",")): null

2024-01-22 18:21:14 - [TEST_STEP][PASSED] - if (strSellerVol3.contains(" B")): null

2024-01-22 18:21:14 - [TEST_STEP][PASSED] - else if (strSellerVol3.contains(" M")): null

2024-01-22 18:21:14 - [TEST_STEP][PASSED] - else if (strSellerVol3.contains(" K")): null

2024-01-22 18:21:14 - [TEST_STEP][PASSED] - strSellerVol3 = strSellerVol3.replace(" K", ""): null

2024-01-22 18:21:14 - [TEST_STEP][PASSED] - strSellerVol3 = strSellerVol3.toDouble() * 1000: null

2024-01-22 18:21:14 - [TEST_STEP][PASSED] - strAccDist = getText(findTestObject("Stockbit/Bandarmology_AccDist")): Text of object 'Object Repository/Stockbit/Bandarmology_AccDist' is: 'Acc'

2024-01-22 18:21:14 - [MESSAGE][PASSED] - Text of object 'Object Repository/Stockbit/Bandarmology_AccDist' is: 'Acc'

2024-01-22 18:21:14 - [TEST_STEP][PASSED] - strNetVol = getText(findTestObject("Stockbit/Bandarmology_NetVol")): Text of object 'Object Repository/Stockbit/Bandarmology_NetVol' is: '134,718'

2024-01-22 18:21:14 - [MESSAGE][PASSED] - Text of object 'Object Repository/Stockbit/Bandarmology_NetVol' is: '134,718'

2024-01-22 18:21:14 - [TEST_STEP][PASSED] - strNetVol = strNetVol.replace(",", ""): null

2024-01-22 18:21:14 - [TEST_STEP][PASSED] - strNetVal = getText(findTestObject("Stockbit/Bandarmology_NetVal")): Text of object 'Object Repository/Stockbit/Bandarmology_NetVal' is: '3.6 B'

2024-01-22 18:21:14 - [MESSAGE][PASSED] - Text of object 'Object Repository/Stockbit/Bandarmology_NetVal' is: '3.6 B'

2024-01-22 18:21:14 - [TEST_STEP][PASSED] - delay(3): Delayed 3 second(s)

2024-01-22 18:21:17 - [MESSAGE][PASSED] - Delayed 3 second(s)

2024-01-22 18:21:17 - [TEST_STEP][PASSED] - strOpenPrice = getText(findTestObject("Stockbit/Home_OpenPrice")): Text of object 'Object Repository/Stockbit/Home_OpenPrice' is: '272'

2024-01-22 18:21:17 - [MESSAGE][PASSED] - Text of object 'Object Repository/Stockbit/Home_OpenPrice' is: '272'

2024-01-22 18:21:17 - [TEST_STEP][PASSED] - strOpenPrice = strOpenPrice.replace(",", ""): null

2024-01-22 18:21:17 - [TEST_STEP][PASSED] - strLowPrice = getText(findTestObject("Stockbit/Home_LowPrice")): Text of object 'Object Repository/Stockbit/Home_LowPrice' is: '270'

2024-01-22 18:21:18 - [MESSAGE][PASSED] - Text of object 'Object Repository/Stockbit/Home_LowPrice' is: '270'

2024-01-22 18:21:18 - [TEST_STEP][PASSED] - strLowPrice = strLowPrice.replace(",", ""): null

2024-01-22 18:21:18 - [TEST_STEP][PASSED] - strHighPrice = getText(findTestObject("Stockbit/Home_HighPrice")): Text of object 'Object Repository/Stockbit/Home_HighPrice' is: '274'

2024-01-22 18:21:18 - [MESSAGE][PASSED] - Text of object 'Object Repository/Stockbit/Home_HighPrice' is: '274'

2024-01-22 18:21:18 - [TEST_STEP][PASSED] - strHighPrice = strHighPrice.replace(",", ""): null

2024-01-22 18:21:18 - [TEST_STEP][PASSED] - strClosePrice = getText(findTestObject("Stockbit/Home_ClosePrice")): Text of object 'Object Repository/Stockbit/Home_ClosePrice' is: '272'

2024-01-22 18:21:18 - [MESSAGE][PASSED] - Text of object 'Object Repository/Stockbit/Home_ClosePrice' is: '272'

2024-01-22 18:21:18 - [TEST_STEP][PASSED] - strClosePrice = strClosePrice.replace(",", ""): null

2024-01-22 18:21:18 - [TEST_STEP][PASSED] - strVol = getText(findTestObject("Stockbit/Home_Volume")): Text of object 'Object Repository/Stockbit/Home_Volume' is: '181 K'

2024-01-22 18:21:18 - [MESSAGE][PASSED] - Text of object 'Object Repository/Stockbit/Home_Volume' is: '181 K'

2024-01-22 18:21:18 - [TEST_STEP][PASSED] - if (strVol.contains(" K")): null

2024-01-22 18:21:18 - [TEST_STEP][PASSED] - strVol = strVol.replace(" K", "000"): null

2024-01-22 18:21:18 - [TEST_STEP][PASSED] - if (strVol.contains(",")): null

2024-01-22 18:21:18 - [TEST_STEP][PASSED] - strChange = getText(findTestObject("Stockbit/Home_Change")): Text of object 'Object Repository/Stockbit/Home_Change' is: '0.00%'

2024-01-22 18:21:18 - [MESSAGE][PASSED] - Text of object 'Object Repository/Stockbit/Home_Change' is: '0.00%'

2024-01-22 18:21:18 - [TEST_STEP][PASSED] - strChange = strChange.replace("%", ""): null

2024-01-22 18:21:18 - [TEST_STEP][PASSED] - strFreq = getText(findTestObject("Stockbit/Home_Freq")): Text of object 'Object Repository/Stockbit/Home_Freq' is: '615'

2024-01-22 18:21:18 - [MESSAGE][PASSED] - Text of object 'Object Repository/Stockbit/Home_Freq' is: '615'

2024-01-22 18:21:18 - [TEST_STEP][PASSED] - if (strFreq.contains(",")): null

2024-01-22 18:21:18 - [TEST_STEP][PASSED] - if (strFreq == "NA" || strFreq == ""): null

2024-01-22 18:21:18 - [TEST_STEP][PASSED] - else: null

2024-01-22 18:21:18 - [TEST_STEP][PASSED] - dblFreqAnal = strVol.toDouble() / strFreq.toDouble() * strFreq.toDouble() * strFreq.toDouble() * 100000000: null

2024-01-22 18:21:18 - [TEST_STEP][PASSED] - strFreqAnal = String.format("%.4f", dblFreqAnal): null

2024-01-22 18:21:18 - [TEST_STEP][PASSED] - out.println("Double strFreqAnal: " + strFreqAnal): null

2024-01-22 18:21:18 - [TEST_STEP][PASSED] - strTanggal = d.format(DateTimeFormatter.ofPattern("yyyy-MM-dd")): null

2024-01-22 18:21:18 - [TEST_STEP][PASSED] - strTanggal = "#" + strTanggal + "#": null

2024-01-22 18:21:18 - [TEST_STEP][PASSED] - strSQL = "select count(*) as JumBaris from TblBrokSum where Nama = '" + strNama + "' and Tanggal = " + strTanggal + "": null

2024-01-22 18:21:18 - [TEST_STEP][PASSED] - resultSet = statement.executeQuery(strSQL): null

2024-01-22 18:21:18 - [TEST_STEP][PASSED] - resultSet.next(): null

2024-01-22 18:21:18 - [TEST_STEP][PASSED] - intJumBaris = resultSet.getInt("JumBaris"): null

2024-01-22 18:21:18 - [TEST_STEP][PASSED] - if (intJumBaris > 0): null

2024-01-22 18:21:18 - [TEST_STEP][PASSED] - else: null

2024-01-22 18:21:18 - [TEST_STEP][PASSED] - try: null

2024-01-22 18:21:18 - [TEST_STEP][PASSED] - out.println("Insert data"): null

2024-01-22 18:21:18 - [TEST_STEP][PASSED] - strSQL = "insert into TblBrokSum (nama, tanggal, top1, top2, top3, AllBrokAvg, AccDist, AvgRP, " + "Buyer1, BuyerVal1, BuyerAvg1, Seller1, SellerVal1, SellerAvg1, Buyer2, BuyerVal2, BuyerAvg2, " + "Seller2, SellerVal2, SellerAvg2, Buyer3, BuyerVal3, BuyerAvg3, Seller3, SellerVal3, SellerAvg3, NetVol, NetVal, " + "OpenPrice, LowPrice, HighPrice, ClosePrice, Volume, Change, Frekuensi, FrekAnal) " + "values ('" + strNama + "', " + strTanggal + ", '" + strTop1 + "', '" + strTop3 + "', '" + strTop5 + "', " + "'" + strAllBrokAvg + "', '" + strAccDist + "', " + intAvgRP + ", '" + strBuyer1 + "', '" + strBuyerVol1 + "', " + strBuyerAvg1 + ", " + "'" + strSeller1 + "', '" + strSellerVol1 + "', " + strSellerAvg1 + ", '" + strBuyer2 + "', '" + strBuyerVol2 + "', " + strBuyerAvg2 + ", " + "'" + strSeller2 + "', '" + strSellerVol2 + "', " + strSellerAvg2 + ", '" + strBuyer3 + "', '" + strBuyerVol3 + "', " + strBuyerAvg3 + ", " + "'" + strSeller3 + "', '" + strSellerVol3 + "', " + strSellerAvg3 + ", " + strNetVol + ", '" + strNetVal + "', " + "" + strOpenPrice + ", " + strLowPrice + ", " + strHighPrice + ", " + strClosePrice + ", '" + strVol + "', " + strChange + ", " + strFreq + ", " + strFreqAnal + ");": null

2024-01-22 18:21:18 - [TEST_STEP][PASSED] - out.println("strSQL = " + strSQL): null

2024-01-22 18:21:18 - [TEST_STEP][PASSED] - statement.executeUpdate(strSQL): null

2024-01-22 18:21:18 - [TEST_STEP][PASSED] - setValueToCellByIndex(sheet01, rowIndex, 4, "DONE"): null

2024-01-22 18:21:18 - [TEST_STEP][PASSED] - saveWorkbook(excelFilePath, workbook01): null

2024-01-22 18:21:18 - [TEST_STEP][PASSED] - waitForElementClickable(findTestObject("Stockbit/menu_Bandarmology"), 10): Object 'Object Repository/Stockbit/menu_Bandarmology' is clickable

2024-01-22 18:21:19 - [MESSAGE][PASSED] - Object 'Object Repository/Stockbit/menu_Bandarmology' is clickable

2024-01-22 18:21:19 - [TEST_STEP][PASSED] - click(findTestObject("Stockbit/menu_Bandarmology")): Object: 'Object Repository/Stockbit/menu_Bandarmology' is clicked on

2024-01-22 18:21:19 - [MESSAGE][PASSED] - Object: 'Object Repository/Stockbit/menu_Bandarmology' is clicked on

2024-01-22 18:21:19 - [TEST_STEP][PASSED] - strTemp = "NA": null

2024-01-22 18:21:19 - [TEST_STEP][PASSED] - if (getCellValueByIndex(sheet01, rowIndex, 4) != "DONE"): Object: 'Object Repository/Stockbit/menu_Bandarmology' is clicked on

2024-01-22 18:21:19 - [TEST_STEP][PASSED] - strNama = getCellValueByIndex(sheet01, rowIndex, 0): null

2024-01-22 18:21:19 - [TEST_STEP][PASSED] - navigateToUrl("https://stockbit.com/#/symbol/" + strNama): Navigate to 'https://stockbit.com/#/symbol/SAME' successfully

2024-01-22 18:21:21 - [MESSAGE][PASSED] - Navigate to 'https://stockbit.com/#/symbol/SAME' successfully

2024-01-22 18:21:21 - [TEST_STEP][PASSED] - waitForElementClickable(findTestObject("Stockbit/menu_Bandarmology"), 10): Object 'Object Repository/Stockbit/menu_Bandarmology' is clickable

2024-01-22 18:21:21 - [MESSAGE][PASSED] - Object 'Object Repository/Stockbit/menu_Bandarmology' is clickable

2024-01-22 18:21:21 - [TEST_STEP][PASSED] - click(findTestObject("Stockbit/menu_Bandarmology")): Object: 'Object Repository/Stockbit/menu_Bandarmology' is clicked on

2024-01-22 18:21:22 - [MESSAGE][PASSED] - Object: 'Object Repository/Stockbit/menu_Bandarmology' is clicked on

2024-01-22 18:21:22 - [TEST_STEP][PASSED] - strTanggal = d.format(DateTimeFormatter.ofPattern("MMM dd, yyyy")): null

2024-01-22 18:21:22 - [TEST_STEP][PASSED] - strTanggal = d.format(ISO_DATE): null

2024-01-22 18:21:22 - [TEST_STEP][PASSED] - out.println("strTanggal = " + strTanggal): null

2024-01-22 18:21:22 - [TEST_STEP][PASSED] - out.println("strNama = " + strNama): null

2024-01-22 18:21:22 - [TEST_STEP][PASSED] - out.println("Baris ke = " + rowIndex): null

2024-01-22 18:21:22 - [TEST_STEP][PASSED] - click(findTestObject("Stockbit/input__BandarmologyOpenStartDate")): Object: 'Object Repository/Stockbit/input__BandarmologyOpenStartDate' is clicked on

2024-01-22 18:21:24 - [MESSAGE][PASSED] - Object: 'Object Repository/Stockbit/input__BandarmologyOpenStartDate' is clicked on

2024-01-22 18:21:24 - [TEST_STEP][PASSED] - sendKeys(findTestObject("Stockbit/input__BandarmologyOpenStartDate"), Keys.chord(CONTROL, "a")): Keys 'CONTROL + a' sent to object: 'Object Repository/Stockbit/input__BandarmologyOpenStartDate'

2024-01-22 18:21:24 - [MESSAGE][PASSED] - Keys 'CONTROL + a' sent to object: 'Object Repository/Stockbit/input__BandarmologyOpenStartDate'

2024-01-22 18:21:24 - [TEST_STEP][PASSED] - sendKeys(findTestObject("Stockbit/input__BandarmologyOpenStartDate"), Keys.chord(BACK_SPACE)): Keys 'BACK_SPACE + ' sent to object: 'Object Repository/Stockbit/input__BandarmologyOpenStartDate'

2024-01-22 18:21:25 - [MESSAGE][PASSED] - Keys 'BACK_SPACE + ' sent to object: 'Object Repository/Stockbit/input__BandarmologyOpenStartDate'

2024-01-22 18:21:25 - [TEST_STEP][PASSED] - setText(findTestObject("Stockbit/input__BandarmologyOpenStartDate"), strTanggal): Text '2024-01-22' is set on object 'Object Repository/Stockbit/input__BandarmologyOpenStartDate'

2024-01-22 18:21:26 - [MESSAGE][PASSED] - Text '2024-01-22' is set on object 'Object Repository/Stockbit/input__BandarmologyOpenStartDate'

2024-01-22 18:21:26 - [TEST_STEP][PASSED] - sendKeys(findTestObject("Stockbit/input__BandarmologyOpenStartDate"), Keys.chord(ENTER)): Keys 'ENTER + ' sent to object: 'Object Repository/Stockbit/input__BandarmologyOpenStartDate'

2024-01-22 18:21:26 - [MESSAGE][PASSED] - Keys 'ENTER + ' sent to object: 'Object Repository/Stockbit/input__BandarmologyOpenStartDate'

2024-01-22 18:21:26 - [TEST_STEP][PASSED] - click(findTestObject("Stockbit/input__BandarmologyOpenEndDate")): Object: 'Object Repository/Stockbit/input__BandarmologyOpenEndDate' is clicked on

2024-01-22 18:21:27 - [MESSAGE][PASSED] - Object: 'Object Repository/Stockbit/input__BandarmologyOpenEndDate' is clicked on

2024-01-22 18:21:27 - [TEST_STEP][PASSED] - sendKeys(findTestObject("Stockbit/input__BandarmologyOpenEndDate"), Keys.chord(CONTROL, "a")): Keys 'CONTROL + a' sent to object: 'Object Repository/Stockbit/input__BandarmologyOpenEndDate'

2024-01-22 18:21:27 - [MESSAGE][PASSED] - Keys 'CONTROL + a' sent to object: 'Object Repository/Stockbit/input__BandarmologyOpenEndDate'

2024-01-22 18:21:27 - [TEST_STEP][PASSED] - sendKeys(findTestObject("Stockbit/input__BandarmologyOpenEndDate"), Keys.chord(BACK_SPACE)): Keys 'BACK_SPACE + ' sent to object: 'Object Repository/Stockbit/input__BandarmologyOpenEndDate'

2024-01-22 18:21:28 - [MESSAGE][PASSED] - Keys 'BACK_SPACE + ' sent to object: 'Object Repository/Stockbit/input__BandarmologyOpenEndDate'

2024-01-22 18:21:28 - [TEST_STEP][PASSED] - setText(findTestObject("Stockbit/input__BandarmologyOpenEndDate"), strTanggal): Text '2024-01-22' is set on object 'Object Repository/Stockbit/input__BandarmologyOpenEndDate'

2024-01-22 18:21:29 - [MESSAGE][PASSED] - Text '2024-01-22' is set on object 'Object Repository/Stockbit/input__BandarmologyOpenEndDate'

2024-01-22 18:21:29 - [TEST_STEP][PASSED] - sendKeys(findTestObject("Stockbit/input__BandarmologyOpenEndDate"), Keys.chord(ENTER)): Keys 'ENTER + ' sent to object: 'Object Repository/Stockbit/input__BandarmologyOpenEndDate'

2024-01-22 18:21:29 - [MESSAGE][PASSED] - Keys 'ENTER + ' sent to object: 'Object Repository/Stockbit/input__BandarmologyOpenEndDate'

2024-01-22 18:21:29 - [TEST_STEP][PASSED] - delay(2): Delayed 2 second(s)

2024-01-22 18:21:31 - [MESSAGE][PASSED] - Delayed 2 second(s)

2024-01-22 18:21:31 - [TEST_STEP][PASSED] - strTemp = getText(findTestObject("Stockbit/Bandarmology_AvgRP")): Text of object 'Object Repository/Stockbit/Bandarmology_AvgRP' is: '307'

2024-01-22 18:21:31 - [MESSAGE][PASSED] - Text of object 'Object Repository/Stockbit/Bandarmology_AvgRP' is: '307'

2024-01-22 18:21:31 - [TEST_STEP][PASSED] - out.println("Bandarmology_AvgRP = " + strTemp): null

2024-01-22 18:21:31 - [TEST_STEP][PASSED] - if (strTemp != "0"): null

2024-01-22 18:21:31 - [TEST_STEP][PASSED] - strTop1 = getText(findTestObject("Stockbit/Bandarmology_Top1")): Text of object 'Object Repository/Stockbit/Bandarmology_Top1' is: 'Big Dist'

2024-01-22 18:21:31 - [MESSAGE][PASSED] - Text of object 'Object Repository/Stockbit/Bandarmology_Top1' is: 'Big Dist'

2024-01-22 18:21:31 - [TEST_STEP][PASSED] - strTop3 = getText(findTestObject("Stockbit/Bandarmology_Top3")): Text of object 'Object Repository/Stockbit/Bandarmology_Top3' is: 'Big Dist'

2024-01-22 18:21:32 - [MESSAGE][PASSED] - Text of object 'Object Repository/Stockbit/Bandarmology_Top3' is: 'Big Dist'

2024-01-22 18:21:32 - [TEST_STEP][PASSED] - strTop5 = getText(findTestObject("Stockbit/Bandarmology_Top5")): Text of object 'Object Repository/Stockbit/Bandarmology_Top5' is: 'Normal Dist'

2024-01-22 18:21:32 - [MESSAGE][PASSED] - Text of object 'Object Repository/Stockbit/Bandarmology_Top5' is: 'Normal Dist'

2024-01-22 18:21:32 - [TEST_STEP][PASSED] - strAllBrokAvg = getText(findTestObject("Stockbit/Bandarmology_TopAVG")): Text of object 'Object Repository/Stockbit/Bandarmology_TopAVG' is: 'Big Dist'

2024-01-22 18:21:32 - [MESSAGE][PASSED] - Text of object 'Object Repository/Stockbit/Bandarmology_TopAVG' is: 'Big Dist'

2024-01-22 18:21:32 - [TEST_STEP][PASSED] - strTemp = getText(findTestObject("Stockbit/Bandarmology_AvgRP")): Text of object 'Object Repository/Stockbit/Bandarmology_AvgRP' is: '307'

2024-01-22 18:21:32 - [MESSAGE][PASSED] - Text of object 'Object Repository/Stockbit/Bandarmology_AvgRP' is: '307'

2024-01-22 18:21:32 - [TEST_STEP][PASSED] - if (strTemp.contains(",")): null

2024-01-22 18:21:32 - [TEST_STEP][PASSED] - intAvgRP = strTemp.toInteger(): null

2024-01-22 18:21:32 - [TEST_STEP][PASSED] - strBuyer1 = getText(findTestObject("Stockbit/Bandarmology_Buyer1")): Text of object 'Object Repository/Stockbit/Bandarmology_Buyer1' is: 'BQ'

2024-01-22 18:21:32 - [MESSAGE][PASSED] - Text of object 'Object Repository/Stockbit/Bandarmology_Buyer1' is: 'BQ'

2024-01-22 18:21:32 - [TEST_STEP][PASSED] - strBuyerVol1 = getText(findTestObject("Stockbit/Bandarmology_BuyerVol1")): Text of object 'Object Repository/Stockbit/Bandarmology_BuyerVol1' is: '1.8 K'

2024-01-22 18:21:32 - [MESSAGE][PASSED] - Text of object 'Object Repository/Stockbit/Bandarmology_BuyerVol1' is: '1.8 K'

2024-01-22 18:21:32 - [TEST_STEP][PASSED] - strBuyerAvg1 = getText(findTestObject("Stockbit/Bandarmology_BuyerAvg1")): Text of object 'Object Repository/Stockbit/Bandarmology_BuyerAvg1' is: '307'

2024-01-22 18:21:32 - [MESSAGE][PASSED] - Text of object 'Object Repository/Stockbit/Bandarmology_BuyerAvg1' is: '307'

2024-01-22 18:21:32 - [TEST_STEP][PASSED] - if (strBuyerAvg1.contains(",")): null

2024-01-22 18:21:32 - [TEST_STEP][PASSED] - if (strBuyerVol1.contains(" B")): null

2024-01-22 18:21:32 - [TEST_STEP][PASSED] - else if (strBuyerVol1.contains(" M")): null

2024-01-22 18:21:32 - [TEST_STEP][PASSED] - else if (strBuyerVol1.contains(" K")): null

2024-01-22 18:21:32 - [TEST_STEP][PASSED] - strBuyerVol1 = strBuyerVol1.replace(" K", ""): null

2024-01-22 18:21:32 - [TEST_STEP][PASSED] - strBuyerVol1 = strBuyerVol1.toDouble() * 1000: null

2024-01-22 18:21:32 - [TEST_STEP][PASSED] - strSeller1 = getText(findTestObject("Stockbit/Bandarmology_Seller1")): Text of object 'Object Repository/Stockbit/Bandarmology_Seller1' is: 'YP'

2024-01-22 18:21:33 - [MESSAGE][PASSED] - Text of object 'Object Repository/Stockbit/Bandarmology_Seller1' is: 'YP'

2024-01-22 18:21:33 - [TEST_STEP][PASSED] - strSellerVol1 = getText(findTestObject("Stockbit/Bandarmology_SellerVol1")): Text of object 'Object Repository/Stockbit/Bandarmology_SellerVol1' is: '5.3 K'

2024-01-22 18:21:33 - [MESSAGE][PASSED] - Text of object 'Object Repository/Stockbit/Bandarmology_SellerVol1' is: '5.3 K'

2024-01-22 18:21:33 - [TEST_STEP][PASSED] - strSellerAvg1 = getText(findTestObject("Stockbit/Bandarmology_SellerAvg1")): Text of object 'Object Repository/Stockbit/Bandarmology_SellerAvg1' is: '306'

2024-01-22 18:21:33 - [MESSAGE][PASSED] - Text of object 'Object Repository/Stockbit/Bandarmology_SellerAvg1' is: '306'

2024-01-22 18:21:33 - [TEST_STEP][PASSED] - if (strSellerAvg1.contains(",")): null

2024-01-22 18:21:33 - [TEST_STEP][PASSED] - if (strSellerVol1.contains(" B")): null

2024-01-22 18:21:33 - [TEST_STEP][PASSED] - else if (strSellerVol1.contains(" M")): null

2024-01-22 18:21:33 - [TEST_STEP][PASSED] - else if (strSellerVol1.contains(" K")): null

2024-01-22 18:21:33 - [TEST_STEP][PASSED] - strSellerVol1 = strSellerVol1.replace(" K", ""): null

2024-01-22 18:21:33 - [TEST_STEP][PASSED] - strSellerVol1 = strSellerVol1.toDouble() * 1000: null

2024-01-22 18:21:33 - [TEST_STEP][PASSED] - if (verifyElementNotPresent(findTestObject("Stockbit/Bandarmology_Buyer2"), 1, OPTIONAL)): Web element with id: 'Object Repository/Stockbit/Bandarmology_Buyer2' located by 'By.xpath: //*[contains(@id, 'rc-tabs-')]/div[2]/div/div/div/div/div/div[2]/table/tbody/tr[3]/td[1]/p' is present after '1' second(s) (Root cause: com.kms.katalon.core.exception.StepFailedException: Web element with id: 'Object Repository/Stockbit/Bandarmology_Buyer2' located by 'By.xpath: //*[contains(@id, 'rc-tabs-')]/div[2]/div/div/div/div/div/div[2]/table/tbody/tr[3]/td[1]/p' is present after '1' second(s)
	at com.kms.katalon.core.webui.keyword.internal.WebUIKeywordMain.stepFailed(WebUIKeywordMain.groovy:64)
	at com.kms.katalon.core.webui.keyword.internal.WebUIKeywordMain$stepFailed$0.call(Unknown Source)
	at com.kms.katalon.core.webui.keyword.builtin.VerifyElementNotPresentKeyword$_verifyElementNotPresent_closure1.doCall(VerifyElementNotPresentKeyword.groovy:106)
	at com.kms.katalon.core.webui.keyword.builtin.VerifyElementNotPresentKeyword$_verifyElementNotPresent_closure1.doCall(VerifyElementNotPresentKeyword.groovy)
	at com.kms.katalon.core.webui.keyword.internal.WebUIKeywordMain.runKeyword(WebUIKeywordMain.groovy:20)
	at com.kms.katalon.core.webui.keyword.internal.WebUIKeywordMain$runKeyword.call(Unknown Source)
	at com.kms.katalon.core.webui.keyword.builtin.VerifyElementNotPresentKeyword.verifyElementNotPresent(VerifyElementNotPresentKeyword.groovy:117)
	at com.kms.katalon.core.webui.keyword.builtin.VerifyElementNotPresentKeyword.execute(VerifyElementNotPresentKeyword.groovy:68)
	at com.kms.katalon.core.keyword.internal.KeywordExecutor.executeKeywordForPlatform(KeywordExecutor.groovy:74)
	at com.kms.katalon.core.webui.keyword.WebUiBuiltInKeywords.verifyElementNotPresent(WebUiBuiltInKeywords.groovy:1481)
	at com.kms.katalon.core.webui.keyword.WebUiBuiltInKeywords$verifyElementNotPresent$8.call(Unknown Source)
	at GetBrokSumPriceDaily.run(GetBrokSumPriceDaily:258)
	at com.kms.katalon.core.main.ScriptEngine.run(ScriptEngine.java:194)
	at com.kms.katalon.core.main.ScriptEngine.runScriptAsRawText(ScriptEngine.java:119)
	at com.kms.katalon.core.main.TestCaseExecutor.runScript(TestCaseExecutor.java:445)
	at com.kms.katalon.core.main.TestCaseExecutor.doExecute(TestCaseExecutor.java:436)
	at com.kms.katalon.core.main.TestCaseExecutor.processExecutionPhase(TestCaseExecutor.java:415)
	at com.kms.katalon.core.main.TestCaseExecutor.accessMainPhase(TestCaseExecutor.java:407)
	at com.kms.katalon.core.main.TestCaseExecutor.execute(TestCaseExecutor.java:284)
	at com.kms.katalon.core.common.CommonExecutor.accessTestCaseMainPhase(CommonExecutor.java:65)
	at com.kms.katalon.core.main.TestSuiteExecutor.accessTestSuiteMainPhase(TestSuiteExecutor.java:144)
	at com.kms.katalon.core.main.TestSuiteExecutor.execute(TestSuiteExecutor.java:106)
	at com.kms.katalon.core.main.TestCaseMain.startTestSuite(TestCaseMain.java:185)
	at com.kms.katalon.core.main.TestCaseMain$startTestSuite$0.call(Unknown Source)
	at TempTestSuite1705922193915.run(TempTestSuite1705922193915.groovy:36)
)

2024-01-22 18:21:34 - [MESSAGE][WARNING] - Web element with id: 'Object Repository/Stockbit/Bandarmology_Buyer2' located by 'By.xpath: //*[contains(@id, 'rc-tabs-')]/div[2]/div/div/div/div/div/div[2]/table/tbody/tr[3]/td[1]/p' is present after '1' second(s) (Root cause: com.kms.katalon.core.exception.StepFailedException: Web element with id: 'Object Repository/Stockbit/Bandarmology_Buyer2' located by 'By.xpath: //*[contains(@id, 'rc-tabs-')]/div[2]/div/div/div/div/div/div[2]/table/tbody/tr[3]/td[1]/p' is present after '1' second(s)
	at com.kms.katalon.core.webui.keyword.internal.WebUIKeywordMain.stepFailed(WebUIKeywordMain.groovy:64)
	at com.kms.katalon.core.webui.keyword.internal.WebUIKeywordMain$stepFailed$0.call(Unknown Source)
	at com.kms.katalon.core.webui.keyword.builtin.VerifyElementNotPresentKeyword$_verifyElementNotPresent_closure1.doCall(VerifyElementNotPresentKeyword.groovy:106)
	at com.kms.katalon.core.webui.keyword.builtin.VerifyElementNotPresentKeyword$_verifyElementNotPresent_closure1.doCall(VerifyElementNotPresentKeyword.groovy)
	at com.kms.katalon.core.webui.keyword.internal.WebUIKeywordMain.runKeyword(WebUIKeywordMain.groovy:20)
	at com.kms.katalon.core.webui.keyword.internal.WebUIKeywordMain$runKeyword.call(Unknown Source)
	at com.kms.katalon.core.webui.keyword.builtin.VerifyElementNotPresentKeyword.verifyElementNotPresent(VerifyElementNotPresentKeyword.groovy:117)
	at com.kms.katalon.core.webui.keyword.builtin.VerifyElementNotPresentKeyword.execute(VerifyElementNotPresentKeyword.groovy:68)
	at com.kms.katalon.core.keyword.internal.KeywordExecutor.executeKeywordForPlatform(KeywordExecutor.groovy:74)
	at com.kms.katalon.core.webui.keyword.WebUiBuiltInKeywords.verifyElementNotPresent(WebUiBuiltInKeywords.groovy:1481)
	at com.kms.katalon.core.webui.keyword.WebUiBuiltInKeywords$verifyElementNotPresent$8.call(Unknown Source)
	at GetBrokSumPriceDaily.run(GetBrokSumPriceDaily:258)
	at com.kms.katalon.core.main.ScriptEngine.run(ScriptEngine.java:194)
	at com.kms.katalon.core.main.ScriptEngine.runScriptAsRawText(ScriptEngine.java:119)
	at com.kms.katalon.core.main.TestCaseExecutor.runScript(TestCaseExecutor.java:445)
	at com.kms.katalon.core.main.TestCaseExecutor.doExecute(TestCaseExecutor.java:436)
	at com.kms.katalon.core.main.TestCaseExecutor.processExecutionPhase(TestCaseExecutor.java:415)
	at com.kms.katalon.core.main.TestCaseExecutor.accessMainPhase(TestCaseExecutor.java:407)
	at com.kms.katalon.core.main.TestCaseExecutor.execute(TestCaseExecutor.java:284)
	at com.kms.katalon.core.common.CommonExecutor.accessTestCaseMainPhase(CommonExecutor.java:65)
	at com.kms.katalon.core.main.TestSuiteExecutor.accessTestSuiteMainPhase(TestSuiteExecutor.java:144)
	at com.kms.katalon.core.main.TestSuiteExecutor.execute(TestSuiteExecutor.java:106)
	at com.kms.katalon.core.main.TestCaseMain.startTestSuite(TestCaseMain.java:185)
	at com.kms.katalon.core.main.TestCaseMain$startTestSuite$0.call(Unknown Source)
	at TempTestSuite1705922193915.run(TempTestSuite1705922193915.groovy:36)
)
[[ATTACHMENT|C:\\Users\\Fadli\\git\\KatalonDailyGetData2\\Reports\\20240122_174123\\TS1\\20240122_181633\\1705922494702.png]]

2024-01-22 18:21:34 - [TEST_STEP][PASSED] - else: null

2024-01-22 18:21:34 - [TEST_STEP][PASSED] - strBuyer2 = getText(findTestObject("Stockbit/Bandarmology_Buyer2")): Text of object 'Object Repository/Stockbit/Bandarmology_Buyer2' is: 'DR'

2024-01-22 18:21:35 - [MESSAGE][PASSED] - Text of object 'Object Repository/Stockbit/Bandarmology_Buyer2' is: 'DR'

2024-01-22 18:21:35 - [TEST_STEP][PASSED] - strBuyerVol2 = getText(findTestObject("Stockbit/Bandarmology_BuyerVol2")): Text of object 'Object Repository/Stockbit/Bandarmology_BuyerVol2' is: '1.3 K'

2024-01-22 18:21:35 - [MESSAGE][PASSED] - Text of object 'Object Repository/Stockbit/Bandarmology_BuyerVol2' is: '1.3 K'

2024-01-22 18:21:35 - [TEST_STEP][PASSED] - strBuyerAvg2 = getText(findTestObject("Stockbit/Bandarmology_BuyerAvg2")): Text of object 'Object Repository/Stockbit/Bandarmology_BuyerAvg2' is: '308'

2024-01-22 18:21:35 - [MESSAGE][PASSED] - Text of object 'Object Repository/Stockbit/Bandarmology_BuyerAvg2' is: '308'

2024-01-22 18:21:35 - [TEST_STEP][PASSED] - if (strBuyer2 != ""): null

2024-01-22 18:21:35 - [TEST_STEP][PASSED] - if (strBuyerAvg2.contains(",")): null

2024-01-22 18:21:35 - [TEST_STEP][PASSED] - if (strBuyerVol2.contains(" B")): null

2024-01-22 18:21:35 - [TEST_STEP][PASSED] - else if (strBuyerVol2.contains(" M")): null

2024-01-22 18:21:35 - [TEST_STEP][PASSED] - else if (strBuyerVol2.contains(" K")): null

2024-01-22 18:21:35 - [TEST_STEP][PASSED] - strBuyerVol2 = strBuyerVol2.replace(" K", ""): null

2024-01-22 18:21:35 - [TEST_STEP][PASSED] - strBuyerVol2 = strBuyerVol2.toDouble() * 1000: null

2024-01-22 18:21:35 - [TEST_STEP][PASSED] - if (strBuyerVol2.contains(".")): null

2024-01-22 18:21:35 - [TEST_STEP][PASSED] - strBuyerVal2 = strBuyerVol2.replace(".", ""): null

2024-01-22 18:21:35 - [TEST_STEP][PASSED] - if (verifyElementNotPresent(findTestObject("Stockbit/Bandarmology_Seller2"), 1, OPTIONAL)): Web element with id: 'Object Repository/Stockbit/Bandarmology_Seller2' located by 'By.xpath: //*[contains(@id, 'rc-tabs-')]/div[2]/div/div/div/div/div/div[2]/table/tbody/tr[3]/td[5]/p' is present after '1' second(s) (Root cause: com.kms.katalon.core.exception.StepFailedException: Web element with id: 'Object Repository/Stockbit/Bandarmology_Seller2' located by 'By.xpath: //*[contains(@id, 'rc-tabs-')]/div[2]/div/div/div/div/div/div[2]/table/tbody/tr[3]/td[5]/p' is present after '1' second(s)
	at com.kms.katalon.core.webui.keyword.internal.WebUIKeywordMain.stepFailed(WebUIKeywordMain.groovy:64)
	at com.kms.katalon.core.webui.keyword.internal.WebUIKeywordMain$stepFailed$0.call(Unknown Source)
	at com.kms.katalon.core.webui.keyword.builtin.VerifyElementNotPresentKeyword$_verifyElementNotPresent_closure1.doCall(VerifyElementNotPresentKeyword.groovy:106)
	at com.kms.katalon.core.webui.keyword.builtin.VerifyElementNotPresentKeyword$_verifyElementNotPresent_closure1.doCall(VerifyElementNotPresentKeyword.groovy)
	at com.kms.katalon.core.webui.keyword.internal.WebUIKeywordMain.runKeyword(WebUIKeywordMain.groovy:20)
	at com.kms.katalon.core.webui.keyword.internal.WebUIKeywordMain$runKeyword.call(Unknown Source)
	at com.kms.katalon.core.webui.keyword.builtin.VerifyElementNotPresentKeyword.verifyElementNotPresent(VerifyElementNotPresentKeyword.groovy:117)
	at com.kms.katalon.core.webui.keyword.builtin.VerifyElementNotPresentKeyword.execute(VerifyElementNotPresentKeyword.groovy:68)
	at com.kms.katalon.core.keyword.internal.KeywordExecutor.executeKeywordForPlatform(KeywordExecutor.groovy:74)
	at com.kms.katalon.core.webui.keyword.WebUiBuiltInKeywords.verifyElementNotPresent(WebUiBuiltInKeywords.groovy:1481)
	at com.kms.katalon.core.webui.keyword.WebUiBuiltInKeywords$verifyElementNotPresent$8.call(Unknown Source)
	at GetBrokSumPriceDaily.run(GetBrokSumPriceDaily:309)
	at com.kms.katalon.core.main.ScriptEngine.run(ScriptEngine.java:194)
	at com.kms.katalon.core.main.ScriptEngine.runScriptAsRawText(ScriptEngine.java:119)
	at com.kms.katalon.core.main.TestCaseExecutor.runScript(TestCaseExecutor.java:445)
	at com.kms.katalon.core.main.TestCaseExecutor.doExecute(TestCaseExecutor.java:436)
	at com.kms.katalon.core.main.TestCaseExecutor.processExecutionPhase(TestCaseExecutor.java:415)
	at com.kms.katalon.core.main.TestCaseExecutor.accessMainPhase(TestCaseExecutor.java:407)
	at com.kms.katalon.core.main.TestCaseExecutor.execute(TestCaseExecutor.java:284)
	at com.kms.katalon.core.common.CommonExecutor.accessTestCaseMainPhase(CommonExecutor.java:65)
	at com.kms.katalon.core.main.TestSuiteExecutor.accessTestSuiteMainPhase(TestSuiteExecutor.java:144)
	at com.kms.katalon.core.main.TestSuiteExecutor.execute(TestSuiteExecutor.java:106)
	at com.kms.katalon.core.main.TestCaseMain.startTestSuite(TestCaseMain.java:185)
	at com.kms.katalon.core.main.TestCaseMain$startTestSuite$0.call(Unknown Source)
	at TempTestSuite1705922193915.run(TempTestSuite1705922193915.groovy:36)
)

2024-01-22 18:21:36 - [MESSAGE][WARNING] - Web element with id: 'Object Repository/Stockbit/Bandarmology_Seller2' located by 'By.xpath: //*[contains(@id, 'rc-tabs-')]/div[2]/div/div/div/div/div/div[2]/table/tbody/tr[3]/td[5]/p' is present after '1' second(s) (Root cause: com.kms.katalon.core.exception.StepFailedException: Web element with id: 'Object Repository/Stockbit/Bandarmology_Seller2' located by 'By.xpath: //*[contains(@id, 'rc-tabs-')]/div[2]/div/div/div/div/div/div[2]/table/tbody/tr[3]/td[5]/p' is present after '1' second(s)
	at com.kms.katalon.core.webui.keyword.internal.WebUIKeywordMain.stepFailed(WebUIKeywordMain.groovy:64)
	at com.kms.katalon.core.webui.keyword.internal.WebUIKeywordMain$stepFailed$0.call(Unknown Source)
	at com.kms.katalon.core.webui.keyword.builtin.VerifyElementNotPresentKeyword$_verifyElementNotPresent_closure1.doCall(VerifyElementNotPresentKeyword.groovy:106)
	at com.kms.katalon.core.webui.keyword.builtin.VerifyElementNotPresentKeyword$_verifyElementNotPresent_closure1.doCall(VerifyElementNotPresentKeyword.groovy)
	at com.kms.katalon.core.webui.keyword.internal.WebUIKeywordMain.runKeyword(WebUIKeywordMain.groovy:20)
	at com.kms.katalon.core.webui.keyword.internal.WebUIKeywordMain$runKeyword.call(Unknown Source)
	at com.kms.katalon.core.webui.keyword.builtin.VerifyElementNotPresentKeyword.verifyElementNotPresent(VerifyElementNotPresentKeyword.groovy:117)
	at com.kms.katalon.core.webui.keyword.builtin.VerifyElementNotPresentKeyword.execute(VerifyElementNotPresentKeyword.groovy:68)
	at com.kms.katalon.core.keyword.internal.KeywordExecutor.executeKeywordForPlatform(KeywordExecutor.groovy:74)
	at com.kms.katalon.core.webui.keyword.WebUiBuiltInKeywords.verifyElementNotPresent(WebUiBuiltInKeywords.groovy:1481)
	at com.kms.katalon.core.webui.keyword.WebUiBuiltInKeywords$verifyElementNotPresent$8.call(Unknown Source)
	at GetBrokSumPriceDaily.run(GetBrokSumPriceDaily:309)
	at com.kms.katalon.core.main.ScriptEngine.run(ScriptEngine.java:194)
	at com.kms.katalon.core.main.ScriptEngine.runScriptAsRawText(ScriptEngine.java:119)
	at com.kms.katalon.core.main.TestCaseExecutor.runScript(TestCaseExecutor.java:445)
	at com.kms.katalon.core.main.TestCaseExecutor.doExecute(TestCaseExecutor.java:436)
	at com.kms.katalon.core.main.TestCaseExecutor.processExecutionPhase(TestCaseExecutor.java:415)
	at com.kms.katalon.core.main.TestCaseExecutor.accessMainPhase(TestCaseExecutor.java:407)
	at com.kms.katalon.core.main.TestCaseExecutor.execute(TestCaseExecutor.java:284)
	at com.kms.katalon.core.common.CommonExecutor.accessTestCaseMainPhase(CommonExecutor.java:65)
	at com.kms.katalon.core.main.TestSuiteExecutor.accessTestSuiteMainPhase(TestSuiteExecutor.java:144)
	at com.kms.katalon.core.main.TestSuiteExecutor.execute(TestSuiteExecutor.java:106)
	at com.kms.katalon.core.main.TestCaseMain.startTestSuite(TestCaseMain.java:185)
	at com.kms.katalon.core.main.TestCaseMain$startTestSuite$0.call(Unknown Source)
	at TempTestSuite1705922193915.run(TempTestSuite1705922193915.groovy:36)
)
[[ATTACHMENT|C:\\Users\\Fadli\\git\\KatalonDailyGetData2\\Reports\\20240122_174123\\TS1\\20240122_181633\\1705922496657.png]]

2024-01-22 18:21:36 - [TEST_STEP][PASSED] - else: null

2024-01-22 18:21:36 - [TEST_STEP][PASSED] - strSeller2 = getText(findTestObject("Stockbit/Bandarmology_Seller2")): Text of object 'Object Repository/Stockbit/Bandarmology_Seller2' is: 'PD'

2024-01-22 18:21:37 - [MESSAGE][PASSED] - Text of object 'Object Repository/Stockbit/Bandarmology_Seller2' is: 'PD'

2024-01-22 18:21:37 - [TEST_STEP][PASSED] - strSellerVol2 = getText(findTestObject("Stockbit/Bandarmology_SellerVol2")): Text of object 'Object Repository/Stockbit/Bandarmology_SellerVol2' is: '1 K'

2024-01-22 18:21:37 - [MESSAGE][PASSED] - Text of object 'Object Repository/Stockbit/Bandarmology_SellerVol2' is: '1 K'

2024-01-22 18:21:37 - [TEST_STEP][PASSED] - strSellerAvg2 = getText(findTestObject("Stockbit/Bandarmology_SellerAvg2")): Text of object 'Object Repository/Stockbit/Bandarmology_SellerAvg2' is: '307'

2024-01-22 18:21:37 - [MESSAGE][PASSED] - Text of object 'Object Repository/Stockbit/Bandarmology_SellerAvg2' is: '307'

2024-01-22 18:21:37 - [TEST_STEP][PASSED] - if (strSeller2 != ""): null

2024-01-22 18:21:37 - [TEST_STEP][PASSED] - if (strSellerAvg2.contains(",")): null

2024-01-22 18:21:37 - [TEST_STEP][PASSED] - if (strSellerVol2.contains(" B")): null

2024-01-22 18:21:37 - [TEST_STEP][PASSED] - else if (strSellerVol2.contains(" M")): null

2024-01-22 18:21:37 - [TEST_STEP][PASSED] - else if (strSellerVol2.contains(" K")): null

2024-01-22 18:21:37 - [TEST_STEP][PASSED] - strSellerVol2 = strSellerVol2.replace(" K", ""): null

2024-01-22 18:21:37 - [TEST_STEP][PASSED] - strSellerVol2 = strSellerVol2.toDouble() * 1000: null

2024-01-22 18:21:37 - [TEST_STEP][PASSED] - if (verifyElementNotPresent(findTestObject("Stockbit/Bandarmology_Buyer3"), 1, OPTIONAL)): Web element with id: 'Object Repository/Stockbit/Bandarmology_Buyer3' located by 'By.xpath: //*[contains(@id, 'rc-tabs-')]/div[2]/div/div/div/div/div/div[2]/table/tbody/tr[4]/td[1]/p' is present after '1' second(s) (Root cause: com.kms.katalon.core.exception.StepFailedException: Web element with id: 'Object Repository/Stockbit/Bandarmology_Buyer3' located by 'By.xpath: //*[contains(@id, 'rc-tabs-')]/div[2]/div/div/div/div/div/div[2]/table/tbody/tr[4]/td[1]/p' is present after '1' second(s)
	at com.kms.katalon.core.webui.keyword.internal.WebUIKeywordMain.stepFailed(WebUIKeywordMain.groovy:64)
	at com.kms.katalon.core.webui.keyword.internal.WebUIKeywordMain$stepFailed$0.call(Unknown Source)
	at com.kms.katalon.core.webui.keyword.builtin.VerifyElementNotPresentKeyword$_verifyElementNotPresent_closure1.doCall(VerifyElementNotPresentKeyword.groovy:106)
	at com.kms.katalon.core.webui.keyword.builtin.VerifyElementNotPresentKeyword$_verifyElementNotPresent_closure1.doCall(VerifyElementNotPresentKeyword.groovy)
	at com.kms.katalon.core.webui.keyword.internal.WebUIKeywordMain.runKeyword(WebUIKeywordMain.groovy:20)
	at com.kms.katalon.core.webui.keyword.internal.WebUIKeywordMain$runKeyword.call(Unknown Source)
	at com.kms.katalon.core.webui.keyword.builtin.VerifyElementNotPresentKeyword.verifyElementNotPresent(VerifyElementNotPresentKeyword.groovy:117)
	at com.kms.katalon.core.webui.keyword.builtin.VerifyElementNotPresentKeyword.execute(VerifyElementNotPresentKeyword.groovy:68)
	at com.kms.katalon.core.keyword.internal.KeywordExecutor.executeKeywordForPlatform(KeywordExecutor.groovy:74)
	at com.kms.katalon.core.webui.keyword.WebUiBuiltInKeywords.verifyElementNotPresent(WebUiBuiltInKeywords.groovy:1481)
	at com.kms.katalon.core.webui.keyword.WebUiBuiltInKeywords$verifyElementNotPresent$8.call(Unknown Source)
	at GetBrokSumPriceDaily.run(GetBrokSumPriceDaily:361)
	at com.kms.katalon.core.main.ScriptEngine.run(ScriptEngine.java:194)
	at com.kms.katalon.core.main.ScriptEngine.runScriptAsRawText(ScriptEngine.java:119)
	at com.kms.katalon.core.main.TestCaseExecutor.runScript(TestCaseExecutor.java:445)
	at com.kms.katalon.core.main.TestCaseExecutor.doExecute(TestCaseExecutor.java:436)
	at com.kms.katalon.core.main.TestCaseExecutor.processExecutionPhase(TestCaseExecutor.java:415)
	at com.kms.katalon.core.main.TestCaseExecutor.accessMainPhase(TestCaseExecutor.java:407)
	at com.kms.katalon.core.main.TestCaseExecutor.execute(TestCaseExecutor.java:284)
	at com.kms.katalon.core.common.CommonExecutor.accessTestCaseMainPhase(CommonExecutor.java:65)
	at com.kms.katalon.core.main.TestSuiteExecutor.accessTestSuiteMainPhase(TestSuiteExecutor.java:144)
	at com.kms.katalon.core.main.TestSuiteExecutor.execute(TestSuiteExecutor.java:106)
	at com.kms.katalon.core.main.TestCaseMain.startTestSuite(TestCaseMain.java:185)
	at com.kms.katalon.core.main.TestCaseMain$startTestSuite$0.call(Unknown Source)
	at TempTestSuite1705922193915.run(TempTestSuite1705922193915.groovy:36)
)

2024-01-22 18:21:38 - [MESSAGE][WARNING] - Web element with id: 'Object Repository/Stockbit/Bandarmology_Buyer3' located by 'By.xpath: //*[contains(@id, 'rc-tabs-')]/div[2]/div/div/div/div/div/div[2]/table/tbody/tr[4]/td[1]/p' is present after '1' second(s) (Root cause: com.kms.katalon.core.exception.StepFailedException: Web element with id: 'Object Repository/Stockbit/Bandarmology_Buyer3' located by 'By.xpath: //*[contains(@id, 'rc-tabs-')]/div[2]/div/div/div/div/div/div[2]/table/tbody/tr[4]/td[1]/p' is present after '1' second(s)
	at com.kms.katalon.core.webui.keyword.internal.WebUIKeywordMain.stepFailed(WebUIKeywordMain.groovy:64)
	at com.kms.katalon.core.webui.keyword.internal.WebUIKeywordMain$stepFailed$0.call(Unknown Source)
	at com.kms.katalon.core.webui.keyword.builtin.VerifyElementNotPresentKeyword$_verifyElementNotPresent_closure1.doCall(VerifyElementNotPresentKeyword.groovy:106)
	at com.kms.katalon.core.webui.keyword.builtin.VerifyElementNotPresentKeyword$_verifyElementNotPresent_closure1.doCall(VerifyElementNotPresentKeyword.groovy)
	at com.kms.katalon.core.webui.keyword.internal.WebUIKeywordMain.runKeyword(WebUIKeywordMain.groovy:20)
	at com.kms.katalon.core.webui.keyword.internal.WebUIKeywordMain$runKeyword.call(Unknown Source)
	at com.kms.katalon.core.webui.keyword.builtin.VerifyElementNotPresentKeyword.verifyElementNotPresent(VerifyElementNotPresentKeyword.groovy:117)
	at com.kms.katalon.core.webui.keyword.builtin.VerifyElementNotPresentKeyword.execute(VerifyElementNotPresentKeyword.groovy:68)
	at com.kms.katalon.core.keyword.internal.KeywordExecutor.executeKeywordForPlatform(KeywordExecutor.groovy:74)
	at com.kms.katalon.core.webui.keyword.WebUiBuiltInKeywords.verifyElementNotPresent(WebUiBuiltInKeywords.groovy:1481)
	at com.kms.katalon.core.webui.keyword.WebUiBuiltInKeywords$verifyElementNotPresent$8.call(Unknown Source)
	at GetBrokSumPriceDaily.run(GetBrokSumPriceDaily:361)
	at com.kms.katalon.core.main.ScriptEngine.run(ScriptEngine.java:194)
	at com.kms.katalon.core.main.ScriptEngine.runScriptAsRawText(ScriptEngine.java:119)
	at com.kms.katalon.core.main.TestCaseExecutor.runScript(TestCaseExecutor.java:445)
	at com.kms.katalon.core.main.TestCaseExecutor.doExecute(TestCaseExecutor.java:436)
	at com.kms.katalon.core.main.TestCaseExecutor.processExecutionPhase(TestCaseExecutor.java:415)
	at com.kms.katalon.core.main.TestCaseExecutor.accessMainPhase(TestCaseExecutor.java:407)
	at com.kms.katalon.core.main.TestCaseExecutor.execute(TestCaseExecutor.java:284)
	at com.kms.katalon.core.common.CommonExecutor.accessTestCaseMainPhase(CommonExecutor.java:65)
	at com.kms.katalon.core.main.TestSuiteExecutor.accessTestSuiteMainPhase(TestSuiteExecutor.java:144)
	at com.kms.katalon.core.main.TestSuiteExecutor.execute(TestSuiteExecutor.java:106)
	at com.kms.katalon.core.main.TestCaseMain.startTestSuite(TestCaseMain.java:185)
	at com.kms.katalon.core.main.TestCaseMain$startTestSuite$0.call(Unknown Source)
	at TempTestSuite1705922193915.run(TempTestSuite1705922193915.groovy:36)
)
[[ATTACHMENT|C:\\Users\\Fadli\\git\\KatalonDailyGetData2\\Reports\\20240122_174123\\TS1\\20240122_181633\\1705922498590.png]]

2024-01-22 18:21:38 - [TEST_STEP][PASSED] - else: null

2024-01-22 18:21:38 - [TEST_STEP][PASSED] - strBuyer3 = getText(findTestObject("Stockbit/Bandarmology_Buyer3")): Text of object 'Object Repository/Stockbit/Bandarmology_Buyer3' is: 'XC'

2024-01-22 18:21:38 - [MESSAGE][PASSED] - Text of object 'Object Repository/Stockbit/Bandarmology_Buyer3' is: 'XC'

2024-01-22 18:21:38 - [TEST_STEP][PASSED] - strBuyerVol3 = getText(findTestObject("Stockbit/Bandarmology_BuyerVol3")): Text of object 'Object Repository/Stockbit/Bandarmology_BuyerVol3' is: '1.2 K'

2024-01-22 18:21:39 - [MESSAGE][PASSED] - Text of object 'Object Repository/Stockbit/Bandarmology_BuyerVol3' is: '1.2 K'

2024-01-22 18:21:39 - [TEST_STEP][PASSED] - strBuyerAvg3 = getText(findTestObject("Stockbit/Bandarmology_BuyerAvg3")): Text of object 'Object Repository/Stockbit/Bandarmology_BuyerAvg3' is: '308'

2024-01-22 18:21:39 - [MESSAGE][PASSED] - Text of object 'Object Repository/Stockbit/Bandarmology_BuyerAvg3' is: '308'

2024-01-22 18:21:39 - [TEST_STEP][PASSED] - if (strBuyer3 != ""): null

2024-01-22 18:21:39 - [TEST_STEP][PASSED] - if (strBuyerAvg3.contains(",")): null

2024-01-22 18:21:39 - [TEST_STEP][PASSED] - if (strBuyerVol3.contains(" B")): null

2024-01-22 18:21:39 - [TEST_STEP][PASSED] - else if (strBuyerVol3.contains(" M")): null

2024-01-22 18:21:39 - [TEST_STEP][PASSED] - else if (strBuyerVol3.contains(" K")): null

2024-01-22 18:21:39 - [TEST_STEP][PASSED] - strBuyerVol3 = strBuyerVol3.replace(" K", ""): null

2024-01-22 18:21:39 - [TEST_STEP][PASSED] - strBuyerVol3 = strBuyerVol3.toDouble() * 1000: null

2024-01-22 18:21:39 - [TEST_STEP][PASSED] - if (verifyElementNotPresent(findTestObject("Stockbit/Bandarmology_Seller3"), 1, OPTIONAL)): Web element with id: 'Object Repository/Stockbit/Bandarmology_Seller3' located by 'By.xpath: //*[contains(@id, 'rc-tabs-')]/div[2]/div/div/div/div/div/div[2]/table/tbody/tr[4]/td[5]/p' is present after '1' second(s) (Root cause: com.kms.katalon.core.exception.StepFailedException: Web element with id: 'Object Repository/Stockbit/Bandarmology_Seller3' located by 'By.xpath: //*[contains(@id, 'rc-tabs-')]/div[2]/div/div/div/div/div/div[2]/table/tbody/tr[4]/td[5]/p' is present after '1' second(s)
	at com.kms.katalon.core.webui.keyword.internal.WebUIKeywordMain.stepFailed(WebUIKeywordMain.groovy:64)
	at com.kms.katalon.core.webui.keyword.internal.WebUIKeywordMain$stepFailed$0.call(Unknown Source)
	at com.kms.katalon.core.webui.keyword.builtin.VerifyElementNotPresentKeyword$_verifyElementNotPresent_closure1.doCall(VerifyElementNotPresentKeyword.groovy:106)
	at com.kms.katalon.core.webui.keyword.builtin.VerifyElementNotPresentKeyword$_verifyElementNotPresent_closure1.doCall(VerifyElementNotPresentKeyword.groovy)
	at com.kms.katalon.core.webui.keyword.internal.WebUIKeywordMain.runKeyword(WebUIKeywordMain.groovy:20)
	at com.kms.katalon.core.webui.keyword.internal.WebUIKeywordMain$runKeyword.call(Unknown Source)
	at com.kms.katalon.core.webui.keyword.builtin.VerifyElementNotPresentKeyword.verifyElementNotPresent(VerifyElementNotPresentKeyword.groovy:117)
	at com.kms.katalon.core.webui.keyword.builtin.VerifyElementNotPresentKeyword.execute(VerifyElementNotPresentKeyword.groovy:68)
	at com.kms.katalon.core.keyword.internal.KeywordExecutor.executeKeywordForPlatform(KeywordExecutor.groovy:74)
	at com.kms.katalon.core.webui.keyword.WebUiBuiltInKeywords.verifyElementNotPresent(WebUiBuiltInKeywords.groovy:1481)
	at com.kms.katalon.core.webui.keyword.WebUiBuiltInKeywords$verifyElementNotPresent$8.call(Unknown Source)
	at GetBrokSumPriceDaily.run(GetBrokSumPriceDaily:414)
	at com.kms.katalon.core.main.ScriptEngine.run(ScriptEngine.java:194)
	at com.kms.katalon.core.main.ScriptEngine.runScriptAsRawText(ScriptEngine.java:119)
	at com.kms.katalon.core.main.TestCaseExecutor.runScript(TestCaseExecutor.java:445)
	at com.kms.katalon.core.main.TestCaseExecutor.doExecute(TestCaseExecutor.java:436)
	at com.kms.katalon.core.main.TestCaseExecutor.processExecutionPhase(TestCaseExecutor.java:415)
	at com.kms.katalon.core.main.TestCaseExecutor.accessMainPhase(TestCaseExecutor.java:407)
	at com.kms.katalon.core.main.TestCaseExecutor.execute(TestCaseExecutor.java:284)
	at com.kms.katalon.core.common.CommonExecutor.accessTestCaseMainPhase(CommonExecutor.java:65)
	at com.kms.katalon.core.main.TestSuiteExecutor.accessTestSuiteMainPhase(TestSuiteExecutor.java:144)
	at com.kms.katalon.core.main.TestSuiteExecutor.execute(TestSuiteExecutor.java:106)
	at com.kms.katalon.core.main.TestCaseMain.startTestSuite(TestCaseMain.java:185)
	at com.kms.katalon.core.main.TestCaseMain$startTestSuite$0.call(Unknown Source)
	at TempTestSuite1705922193915.run(TempTestSuite1705922193915.groovy:36)
)

2024-01-22 18:21:40 - [MESSAGE][WARNING] - Web element with id: 'Object Repository/Stockbit/Bandarmology_Seller3' located by 'By.xpath: //*[contains(@id, 'rc-tabs-')]/div[2]/div/div/div/div/div/div[2]/table/tbody/tr[4]/td[5]/p' is present after '1' second(s) (Root cause: com.kms.katalon.core.exception.StepFailedException: Web element with id: 'Object Repository/Stockbit/Bandarmology_Seller3' located by 'By.xpath: //*[contains(@id, 'rc-tabs-')]/div[2]/div/div/div/div/div/div[2]/table/tbody/tr[4]/td[5]/p' is present after '1' second(s)
	at com.kms.katalon.core.webui.keyword.internal.WebUIKeywordMain.stepFailed(WebUIKeywordMain.groovy:64)
	at com.kms.katalon.core.webui.keyword.internal.WebUIKeywordMain$stepFailed$0.call(Unknown Source)
	at com.kms.katalon.core.webui.keyword.builtin.VerifyElementNotPresentKeyword$_verifyElementNotPresent_closure1.doCall(VerifyElementNotPresentKeyword.groovy:106)
	at com.kms.katalon.core.webui.keyword.builtin.VerifyElementNotPresentKeyword$_verifyElementNotPresent_closure1.doCall(VerifyElementNotPresentKeyword.groovy)
	at com.kms.katalon.core.webui.keyword.internal.WebUIKeywordMain.runKeyword(WebUIKeywordMain.groovy:20)
	at com.kms.katalon.core.webui.keyword.internal.WebUIKeywordMain$runKeyword.call(Unknown Source)
	at com.kms.katalon.core.webui.keyword.builtin.VerifyElementNotPresentKeyword.verifyElementNotPresent(VerifyElementNotPresentKeyword.groovy:117)
	at com.kms.katalon.core.webui.keyword.builtin.VerifyElementNotPresentKeyword.execute(VerifyElementNotPresentKeyword.groovy:68)
	at com.kms.katalon.core.keyword.internal.KeywordExecutor.executeKeywordForPlatform(KeywordExecutor.groovy:74)
	at com.kms.katalon.core.webui.keyword.WebUiBuiltInKeywords.verifyElementNotPresent(WebUiBuiltInKeywords.groovy:1481)
	at com.kms.katalon.core.webui.keyword.WebUiBuiltInKeywords$verifyElementNotPresent$8.call(Unknown Source)
	at GetBrokSumPriceDaily.run(GetBrokSumPriceDaily:414)
	at com.kms.katalon.core.main.ScriptEngine.run(ScriptEngine.java:194)
	at com.kms.katalon.core.main.ScriptEngine.runScriptAsRawText(ScriptEngine.java:119)
	at com.kms.katalon.core.main.TestCaseExecutor.runScript(TestCaseExecutor.java:445)
	at com.kms.katalon.core.main.TestCaseExecutor.doExecute(TestCaseExecutor.java:436)
	at com.kms.katalon.core.main.TestCaseExecutor.processExecutionPhase(TestCaseExecutor.java:415)
	at com.kms.katalon.core.main.TestCaseExecutor.accessMainPhase(TestCaseExecutor.java:407)
	at com.kms.katalon.core.main.TestCaseExecutor.execute(TestCaseExecutor.java:284)
	at com.kms.katalon.core.common.CommonExecutor.accessTestCaseMainPhase(CommonExecutor.java:65)
	at com.kms.katalon.core.main.TestSuiteExecutor.accessTestSuiteMainPhase(TestSuiteExecutor.java:144)
	at com.kms.katalon.core.main.TestSuiteExecutor.execute(TestSuiteExecutor.java:106)
	at com.kms.katalon.core.main.TestCaseMain.startTestSuite(TestCaseMain.java:185)
	at com.kms.katalon.core.main.TestCaseMain$startTestSuite$0.call(Unknown Source)
	at TempTestSuite1705922193915.run(TempTestSuite1705922193915.groovy:36)
)
[[ATTACHMENT|C:\\Users\\Fadli\\git\\KatalonDailyGetData2\\Reports\\20240122_174123\\TS1\\20240122_181633\\1705922500516.png]]

2024-01-22 18:21:40 - [TEST_STEP][PASSED] - else: null

2024-01-22 18:21:40 - [TEST_STEP][PASSED] - strSeller3 = getText(findTestObject("Stockbit/Bandarmology_Seller3")): Text of object 'Object Repository/Stockbit/Bandarmology_Seller3' is: 'KK'

2024-01-22 18:21:40 - [MESSAGE][PASSED] - Text of object 'Object Repository/Stockbit/Bandarmology_Seller3' is: 'KK'

2024-01-22 18:21:40 - [TEST_STEP][PASSED] - strSellerVol3 = getText(findTestObject("Stockbit/Bandarmology_SellerVol3")): Text of object 'Object Repository/Stockbit/Bandarmology_SellerVol3' is: '177'

2024-01-22 18:21:41 - [MESSAGE][PASSED] - Text of object 'Object Repository/Stockbit/Bandarmology_SellerVol3' is: '177'

2024-01-22 18:21:41 - [TEST_STEP][PASSED] - strSellerAvg3 = getText(findTestObject("Stockbit/Bandarmology_SellerAvg3")): Text of object 'Object Repository/Stockbit/Bandarmology_SellerAvg3' is: '308'

2024-01-22 18:21:41 - [MESSAGE][PASSED] - Text of object 'Object Repository/Stockbit/Bandarmology_SellerAvg3' is: '308'

2024-01-22 18:21:41 - [TEST_STEP][PASSED] - if (strSeller3 != ""): null

2024-01-22 18:21:41 - [TEST_STEP][PASSED] - if (strSellerAvg3.contains(",")): null

2024-01-22 18:21:41 - [TEST_STEP][PASSED] - if (strSellerVol3.contains(" B")): null

2024-01-22 18:21:41 - [TEST_STEP][PASSED] - strAccDist = getText(findTestObject("Stockbit/Bandarmology_AccDist")): Text of object 'Object Repository/Stockbit/Bandarmology_AccDist' is: 'Dist'

2024-01-22 18:21:41 - [MESSAGE][PASSED] - Text of object 'Object Repository/Stockbit/Bandarmology_AccDist' is: 'Dist'

2024-01-22 18:21:41 - [TEST_STEP][PASSED] - strNetVol = getText(findTestObject("Stockbit/Bandarmology_NetVol")): Text of object 'Object Repository/Stockbit/Bandarmology_NetVol' is: '6,798'

2024-01-22 18:21:41 - [MESSAGE][PASSED] - Text of object 'Object Repository/Stockbit/Bandarmology_NetVol' is: '6,798'

2024-01-22 18:21:41 - [TEST_STEP][PASSED] - strNetVol = strNetVol.replace(",", ""): null

2024-01-22 18:21:41 - [TEST_STEP][PASSED] - strNetVal = getText(findTestObject("Stockbit/Bandarmology_NetVal")): Text of object 'Object Repository/Stockbit/Bandarmology_NetVal' is: '0.2 B'

2024-01-22 18:21:41 - [MESSAGE][PASSED] - Text of object 'Object Repository/Stockbit/Bandarmology_NetVal' is: '0.2 B'

2024-01-22 18:21:41 - [TEST_STEP][PASSED] - delay(3): Delayed 3 second(s)

2024-01-22 18:21:44 - [MESSAGE][PASSED] - Delayed 3 second(s)

2024-01-22 18:21:44 - [TEST_STEP][PASSED] - strOpenPrice = getText(findTestObject("Stockbit/Home_OpenPrice")): Text of object 'Object Repository/Stockbit/Home_OpenPrice' is: '312'

2024-01-22 18:21:44 - [MESSAGE][PASSED] - Text of object 'Object Repository/Stockbit/Home_OpenPrice' is: '312'

2024-01-22 18:21:44 - [TEST_STEP][PASSED] - strOpenPrice = strOpenPrice.replace(",", ""): null

2024-01-22 18:21:44 - [TEST_STEP][PASSED] - strLowPrice = getText(findTestObject("Stockbit/Home_LowPrice")): Text of object 'Object Repository/Stockbit/Home_LowPrice' is: '304'

2024-01-22 18:21:45 - [MESSAGE][PASSED] - Text of object 'Object Repository/Stockbit/Home_LowPrice' is: '304'

2024-01-22 18:21:45 - [TEST_STEP][PASSED] - strLowPrice = strLowPrice.replace(",", ""): null

2024-01-22 18:21:45 - [TEST_STEP][PASSED] - strHighPrice = getText(findTestObject("Stockbit/Home_HighPrice")): Text of object 'Object Repository/Stockbit/Home_HighPrice' is: '314'

2024-01-22 18:21:45 - [MESSAGE][PASSED] - Text of object 'Object Repository/Stockbit/Home_HighPrice' is: '314'

2024-01-22 18:21:45 - [TEST_STEP][PASSED] - strHighPrice = strHighPrice.replace(",", ""): null

2024-01-22 18:21:45 - [TEST_STEP][PASSED] - strClosePrice = getText(findTestObject("Stockbit/Home_ClosePrice")): Text of object 'Object Repository/Stockbit/Home_ClosePrice' is: '306'

2024-01-22 18:21:45 - [MESSAGE][PASSED] - Text of object 'Object Repository/Stockbit/Home_ClosePrice' is: '306'

2024-01-22 18:21:45 - [TEST_STEP][PASSED] - strClosePrice = strClosePrice.replace(",", ""): null

2024-01-22 18:21:45 - [TEST_STEP][PASSED] - strVol = getText(findTestObject("Stockbit/Home_Volume")): Text of object 'Object Repository/Stockbit/Home_Volume' is: '10 K'

2024-01-22 18:21:45 - [MESSAGE][PASSED] - Text of object 'Object Repository/Stockbit/Home_Volume' is: '10 K'

2024-01-22 18:21:45 - [TEST_STEP][PASSED] - if (strVol.contains(" K")): null

2024-01-22 18:21:45 - [TEST_STEP][PASSED] - strVol = strVol.replace(" K", "000"): null

2024-01-22 18:21:45 - [TEST_STEP][PASSED] - if (strVol.contains(",")): null

2024-01-22 18:21:45 - [TEST_STEP][PASSED] - strChange = getText(findTestObject("Stockbit/Home_Change")): Text of object 'Object Repository/Stockbit/Home_Change' is: '-1.29%'

2024-01-22 18:21:45 - [MESSAGE][PASSED] - Text of object 'Object Repository/Stockbit/Home_Change' is: '-1.29%'

2024-01-22 18:21:45 - [TEST_STEP][PASSED] - strChange = strChange.replace("%", ""): null

2024-01-22 18:21:45 - [TEST_STEP][PASSED] - strFreq = getText(findTestObject("Stockbit/Home_Freq")): Text of object 'Object Repository/Stockbit/Home_Freq' is: '174'

2024-01-22 18:21:45 - [MESSAGE][PASSED] - Text of object 'Object Repository/Stockbit/Home_Freq' is: '174'

2024-01-22 18:21:45 - [TEST_STEP][PASSED] - if (strFreq.contains(",")): null

2024-01-22 18:21:45 - [TEST_STEP][PASSED] - if (strFreq == "NA" || strFreq == ""): null

2024-01-22 18:21:45 - [TEST_STEP][PASSED] - else: null

2024-01-22 18:21:45 - [TEST_STEP][PASSED] - dblFreqAnal = strVol.toDouble() / strFreq.toDouble() * strFreq.toDouble() * strFreq.toDouble() * 100000000: null

2024-01-22 18:21:45 - [TEST_STEP][PASSED] - strFreqAnal = String.format("%.4f", dblFreqAnal): null

2024-01-22 18:21:45 - [TEST_STEP][PASSED] - out.println("Double strFreqAnal: " + strFreqAnal): null

2024-01-22 18:21:45 - [TEST_STEP][PASSED] - strTanggal = d.format(DateTimeFormatter.ofPattern("yyyy-MM-dd")): null

2024-01-22 18:21:45 - [TEST_STEP][PASSED] - strTanggal = "#" + strTanggal + "#": null

2024-01-22 18:21:45 - [TEST_STEP][PASSED] - strSQL = "select count(*) as JumBaris from TblBrokSum where Nama = '" + strNama + "' and Tanggal = " + strTanggal + "": null

2024-01-22 18:21:45 - [TEST_STEP][PASSED] - resultSet = statement.executeQuery(strSQL): null

2024-01-22 18:21:45 - [TEST_STEP][PASSED] - resultSet.next(): null

2024-01-22 18:21:45 - [TEST_STEP][PASSED] - intJumBaris = resultSet.getInt("JumBaris"): null

2024-01-22 18:21:45 - [TEST_STEP][PASSED] - if (intJumBaris > 0): null

2024-01-22 18:21:45 - [TEST_STEP][PASSED] - else: null

2024-01-22 18:21:45 - [TEST_STEP][PASSED] - try: null

2024-01-22 18:21:45 - [TEST_STEP][PASSED] - out.println("Insert data"): null

2024-01-22 18:21:45 - [TEST_STEP][PASSED] - strSQL = "insert into TblBrokSum (nama, tanggal, top1, top2, top3, AllBrokAvg, AccDist, AvgRP, " + "Buyer1, BuyerVal1, BuyerAvg1, Seller1, SellerVal1, SellerAvg1, Buyer2, BuyerVal2, BuyerAvg2, " + "Seller2, SellerVal2, SellerAvg2, Buyer3, BuyerVal3, BuyerAvg3, Seller3, SellerVal3, SellerAvg3, NetVol, NetVal, " + "OpenPrice, LowPrice, HighPrice, ClosePrice, Volume, Change, Frekuensi, FrekAnal) " + "values ('" + strNama + "', " + strTanggal + ", '" + strTop1 + "', '" + strTop3 + "', '" + strTop5 + "', " + "'" + strAllBrokAvg + "', '" + strAccDist + "', " + intAvgRP + ", '" + strBuyer1 + "', '" + strBuyerVol1 + "', " + strBuyerAvg1 + ", " + "'" + strSeller1 + "', '" + strSellerVol1 + "', " + strSellerAvg1 + ", '" + strBuyer2 + "', '" + strBuyerVol2 + "', " + strBuyerAvg2 + ", " + "'" + strSeller2 + "', '" + strSellerVol2 + "', " + strSellerAvg2 + ", '" + strBuyer3 + "', '" + strBuyerVol3 + "', " + strBuyerAvg3 + ", " + "'" + strSeller3 + "', '" + strSellerVol3 + "', " + strSellerAvg3 + ", " + strNetVol + ", '" + strNetVal + "', " + "" + strOpenPrice + ", " + strLowPrice + ", " + strHighPrice + ", " + strClosePrice + ", '" + strVol + "', " + strChange + ", " + strFreq + ", " + strFreqAnal + ");": null

2024-01-22 18:21:45 - [TEST_STEP][PASSED] - out.println("strSQL = " + strSQL): null

2024-01-22 18:21:45 - [TEST_STEP][PASSED] - statement.executeUpdate(strSQL): null

2024-01-22 18:21:45 - [TEST_STEP][PASSED] - setValueToCellByIndex(sheet01, rowIndex, 4, "DONE"): null

2024-01-22 18:21:45 - [TEST_STEP][PASSED] - saveWorkbook(excelFilePath, workbook01): null

2024-01-22 18:21:45 - [TEST_STEP][PASSED] - waitForElementClickable(findTestObject("Stockbit/menu_Bandarmology"), 10): Object 'Object Repository/Stockbit/menu_Bandarmology' is clickable

2024-01-22 18:21:46 - [MESSAGE][PASSED] - Object 'Object Repository/Stockbit/menu_Bandarmology' is clickable

2024-01-22 18:21:46 - [TEST_STEP][PASSED] - click(findTestObject("Stockbit/menu_Bandarmology")): Object: 'Object Repository/Stockbit/menu_Bandarmology' is clicked on

2024-01-22 18:21:46 - [MESSAGE][PASSED] - Object: 'Object Repository/Stockbit/menu_Bandarmology' is clicked on

2024-01-22 18:21:46 - [TEST_STEP][PASSED] - strTemp = "NA": null

2024-01-22 18:21:46 - [TEST_STEP][PASSED] - if (getCellValueByIndex(sheet01, rowIndex, 4) != "DONE"): Object: 'Object Repository/Stockbit/menu_Bandarmology' is clicked on

2024-01-22 18:21:46 - [TEST_STEP][PASSED] - strNama = getCellValueByIndex(sheet01, rowIndex, 0): null

2024-01-22 18:21:46 - [TEST_STEP][PASSED] - navigateToUrl("https://stockbit.com/#/symbol/" + strNama): Navigate to 'https://stockbit.com/#/symbol/OKAS' successfully

2024-01-22 18:21:48 - [MESSAGE][PASSED] - Navigate to 'https://stockbit.com/#/symbol/OKAS' successfully

2024-01-22 18:21:48 - [TEST_STEP][PASSED] - waitForElementClickable(findTestObject("Stockbit/menu_Bandarmology"), 10): Object 'Object Repository/Stockbit/menu_Bandarmology' is clickable

2024-01-22 18:21:48 - [MESSAGE][PASSED] - Object 'Object Repository/Stockbit/menu_Bandarmology' is clickable

2024-01-22 18:21:48 - [TEST_STEP][PASSED] - click(findTestObject("Stockbit/menu_Bandarmology")): Object: 'Object Repository/Stockbit/menu_Bandarmology' is clicked on

2024-01-22 18:21:48 - [MESSAGE][PASSED] - Object: 'Object Repository/Stockbit/menu_Bandarmology' is clicked on

2024-01-22 18:21:48 - [TEST_STEP][PASSED] - strTanggal = d.format(DateTimeFormatter.ofPattern("MMM dd, yyyy")): null

2024-01-22 18:21:48 - [TEST_STEP][PASSED] - strTanggal = d.format(ISO_DATE): null

2024-01-22 18:21:48 - [TEST_STEP][PASSED] - out.println("strTanggal = " + strTanggal): null

2024-01-22 18:21:48 - [TEST_STEP][PASSED] - out.println("strNama = " + strNama): null

2024-01-22 18:21:48 - [TEST_STEP][PASSED] - out.println("Baris ke = " + rowIndex): null

2024-01-22 18:21:48 - [TEST_STEP][PASSED] - click(findTestObject("Stockbit/input__BandarmologyOpenStartDate")): Object: 'Object Repository/Stockbit/input__BandarmologyOpenStartDate' is clicked on

2024-01-22 18:21:50 - [MESSAGE][PASSED] - Object: 'Object Repository/Stockbit/input__BandarmologyOpenStartDate' is clicked on

2024-01-22 18:21:50 - [TEST_STEP][PASSED] - sendKeys(findTestObject("Stockbit/input__BandarmologyOpenStartDate"), Keys.chord(CONTROL, "a")): Keys 'CONTROL + a' sent to object: 'Object Repository/Stockbit/input__BandarmologyOpenStartDate'

2024-01-22 18:21:51 - [MESSAGE][PASSED] - Keys 'CONTROL + a' sent to object: 'Object Repository/Stockbit/input__BandarmologyOpenStartDate'

2024-01-22 18:21:51 - [TEST_STEP][PASSED] - sendKeys(findTestObject("Stockbit/input__BandarmologyOpenStartDate"), Keys.chord(BACK_SPACE)): Keys 'BACK_SPACE + ' sent to object: 'Object Repository/Stockbit/input__BandarmologyOpenStartDate'

2024-01-22 18:21:51 - [MESSAGE][PASSED] - Keys 'BACK_SPACE + ' sent to object: 'Object Repository/Stockbit/input__BandarmologyOpenStartDate'

2024-01-22 18:21:51 - [TEST_STEP][PASSED] - setText(findTestObject("Stockbit/input__BandarmologyOpenStartDate"), strTanggal): Text '2024-01-22' is set on object 'Object Repository/Stockbit/input__BandarmologyOpenStartDate'

2024-01-22 18:21:52 - [MESSAGE][PASSED] - Text '2024-01-22' is set on object 'Object Repository/Stockbit/input__BandarmologyOpenStartDate'

2024-01-22 18:21:52 - [TEST_STEP][PASSED] - sendKeys(findTestObject("Stockbit/input__BandarmologyOpenStartDate"), Keys.chord(ENTER)): Keys 'ENTER + ' sent to object: 'Object Repository/Stockbit/input__BandarmologyOpenStartDate'

2024-01-22 18:21:52 - [MESSAGE][PASSED] - Keys 'ENTER + ' sent to object: 'Object Repository/Stockbit/input__BandarmologyOpenStartDate'

2024-01-22 18:21:52 - [TEST_STEP][PASSED] - click(findTestObject("Stockbit/input__BandarmologyOpenEndDate")): Object: 'Object Repository/Stockbit/input__BandarmologyOpenEndDate' is clicked on

2024-01-22 18:21:53 - [MESSAGE][PASSED] - Object: 'Object Repository/Stockbit/input__BandarmologyOpenEndDate' is clicked on

2024-01-22 18:21:53 - [TEST_STEP][PASSED] - sendKeys(findTestObject("Stockbit/input__BandarmologyOpenEndDate"), Keys.chord(CONTROL, "a")): Keys 'CONTROL + a' sent to object: 'Object Repository/Stockbit/input__BandarmologyOpenEndDate'

2024-01-22 18:21:53 - [MESSAGE][PASSED] - Keys 'CONTROL + a' sent to object: 'Object Repository/Stockbit/input__BandarmologyOpenEndDate'

2024-01-22 18:21:53 - [TEST_STEP][PASSED] - sendKeys(findTestObject("Stockbit/input__BandarmologyOpenEndDate"), Keys.chord(BACK_SPACE)): Keys 'BACK_SPACE + ' sent to object: 'Object Repository/Stockbit/input__BandarmologyOpenEndDate'

2024-01-22 18:21:53 - [MESSAGE][PASSED] - Keys 'BACK_SPACE + ' sent to object: 'Object Repository/Stockbit/input__BandarmologyOpenEndDate'

2024-01-22 18:21:53 - [TEST_STEP][PASSED] - setText(findTestObject("Stockbit/input__BandarmologyOpenEndDate"), strTanggal): Text '2024-01-22' is set on object 'Object Repository/Stockbit/input__BandarmologyOpenEndDate'

2024-01-22 18:21:54 - [MESSAGE][PASSED] - Text '2024-01-22' is set on object 'Object Repository/Stockbit/input__BandarmologyOpenEndDate'

2024-01-22 18:21:54 - [TEST_STEP][PASSED] - sendKeys(findTestObject("Stockbit/input__BandarmologyOpenEndDate"), Keys.chord(ENTER)): Keys 'ENTER + ' sent to object: 'Object Repository/Stockbit/input__BandarmologyOpenEndDate'

2024-01-22 18:21:55 - [MESSAGE][PASSED] - Keys 'ENTER + ' sent to object: 'Object Repository/Stockbit/input__BandarmologyOpenEndDate'

2024-01-22 18:21:55 - [TEST_STEP][PASSED] - delay(2): Delayed 2 second(s)

2024-01-22 18:21:57 - [MESSAGE][PASSED] - Delayed 2 second(s)

2024-01-22 18:21:57 - [TEST_STEP][PASSED] - strTemp = getText(findTestObject("Stockbit/Bandarmology_AvgRP")): Text of object 'Object Repository/Stockbit/Bandarmology_AvgRP' is: '108'

2024-01-22 18:21:57 - [MESSAGE][PASSED] - Text of object 'Object Repository/Stockbit/Bandarmology_AvgRP' is: '108'

2024-01-22 18:21:57 - [TEST_STEP][PASSED] - out.println("Bandarmology_AvgRP = " + strTemp): null

2024-01-22 18:21:57 - [TEST_STEP][PASSED] - if (strTemp != "0"): null

2024-01-22 18:21:57 - [TEST_STEP][PASSED] - strTop1 = getText(findTestObject("Stockbit/Bandarmology_Top1")): Text of object 'Object Repository/Stockbit/Bandarmology_Top1' is: 'Big Dist'

2024-01-22 18:21:57 - [MESSAGE][PASSED] - Text of object 'Object Repository/Stockbit/Bandarmology_Top1' is: 'Big Dist'

2024-01-22 18:21:57 - [TEST_STEP][PASSED] - strTop3 = getText(findTestObject("Stockbit/Bandarmology_Top3")): Text of object 'Object Repository/Stockbit/Bandarmology_Top3' is: 'Big Dist'

2024-01-22 18:21:57 - [MESSAGE][PASSED] - Text of object 'Object Repository/Stockbit/Bandarmology_Top3' is: 'Big Dist'

2024-01-22 18:21:57 - [TEST_STEP][PASSED] - strTop5 = getText(findTestObject("Stockbit/Bandarmology_Top5")): Text of object 'Object Repository/Stockbit/Bandarmology_Top5' is: 'Normal Dist'

2024-01-22 18:21:57 - [MESSAGE][PASSED] - Text of object 'Object Repository/Stockbit/Bandarmology_Top5' is: 'Normal Dist'

2024-01-22 18:21:57 - [TEST_STEP][PASSED] - strAllBrokAvg = getText(findTestObject("Stockbit/Bandarmology_TopAVG")): Text of object 'Object Repository/Stockbit/Bandarmology_TopAVG' is: 'Big Dist'

2024-01-22 18:21:57 - [MESSAGE][PASSED] - Text of object 'Object Repository/Stockbit/Bandarmology_TopAVG' is: 'Big Dist'

2024-01-22 18:21:57 - [TEST_STEP][PASSED] - strTemp = getText(findTestObject("Stockbit/Bandarmology_AvgRP")): Text of object 'Object Repository/Stockbit/Bandarmology_AvgRP' is: '108'

2024-01-22 18:21:57 - [MESSAGE][PASSED] - Text of object 'Object Repository/Stockbit/Bandarmology_AvgRP' is: '108'

2024-01-22 18:21:57 - [TEST_STEP][PASSED] - if (strTemp.contains(",")): null

2024-01-22 18:21:57 - [TEST_STEP][PASSED] - intAvgRP = strTemp.toInteger(): null

2024-01-22 18:21:57 - [TEST_STEP][PASSED] - strBuyer1 = getText(findTestObject("Stockbit/Bandarmology_Buyer1")): Text of object 'Object Repository/Stockbit/Bandarmology_Buyer1' is: 'KK'

2024-01-22 18:21:57 - [MESSAGE][PASSED] - Text of object 'Object Repository/Stockbit/Bandarmology_Buyer1' is: 'KK'

2024-01-22 18:21:57 - [TEST_STEP][PASSED] - strBuyerVol1 = getText(findTestObject("Stockbit/Bandarmology_BuyerVol1")): Text of object 'Object Repository/Stockbit/Bandarmology_BuyerVol1' is: '5.3 K'

2024-01-22 18:21:57 - [MESSAGE][PASSED] - Text of object 'Object Repository/Stockbit/Bandarmology_BuyerVol1' is: '5.3 K'

2024-01-22 18:21:57 - [TEST_STEP][PASSED] - strBuyerAvg1 = getText(findTestObject("Stockbit/Bandarmology_BuyerAvg1")): Text of object 'Object Repository/Stockbit/Bandarmology_BuyerAvg1' is: '108'

2024-01-22 18:21:58 - [MESSAGE][PASSED] - Text of object 'Object Repository/Stockbit/Bandarmology_BuyerAvg1' is: '108'

2024-01-22 18:21:58 - [TEST_STEP][PASSED] - if (strBuyerAvg1.contains(",")): null

2024-01-22 18:21:58 - [TEST_STEP][PASSED] - if (strBuyerVol1.contains(" B")): null

2024-01-22 18:21:58 - [TEST_STEP][PASSED] - else if (strBuyerVol1.contains(" M")): null

2024-01-22 18:21:58 - [TEST_STEP][PASSED] - else if (strBuyerVol1.contains(" K")): null

2024-01-22 18:21:58 - [TEST_STEP][PASSED] - strBuyerVol1 = strBuyerVol1.replace(" K", ""): null

2024-01-22 18:21:58 - [TEST_STEP][PASSED] - strBuyerVol1 = strBuyerVol1.toDouble() * 1000: null

2024-01-22 18:21:58 - [TEST_STEP][PASSED] - strSeller1 = getText(findTestObject("Stockbit/Bandarmology_Seller1")): Text of object 'Object Repository/Stockbit/Bandarmology_Seller1' is: 'PD'

2024-01-22 18:21:58 - [MESSAGE][PASSED] - Text of object 'Object Repository/Stockbit/Bandarmology_Seller1' is: 'PD'

2024-01-22 18:21:58 - [TEST_STEP][PASSED] - strSellerVol1 = getText(findTestObject("Stockbit/Bandarmology_SellerVol1")): Text of object 'Object Repository/Stockbit/Bandarmology_SellerVol1' is: '11.2 K'

2024-01-22 18:21:58 - [MESSAGE][PASSED] - Text of object 'Object Repository/Stockbit/Bandarmology_SellerVol1' is: '11.2 K'

2024-01-22 18:21:58 - [TEST_STEP][PASSED] - strSellerAvg1 = getText(findTestObject("Stockbit/Bandarmology_SellerAvg1")): Text of object 'Object Repository/Stockbit/Bandarmology_SellerAvg1' is: '107'

2024-01-22 18:21:58 - [MESSAGE][PASSED] - Text of object 'Object Repository/Stockbit/Bandarmology_SellerAvg1' is: '107'

2024-01-22 18:21:58 - [TEST_STEP][PASSED] - if (strSellerAvg1.contains(",")): null

2024-01-22 18:21:58 - [TEST_STEP][PASSED] - if (strSellerVol1.contains(" B")): null

2024-01-22 18:21:58 - [TEST_STEP][PASSED] - else if (strSellerVol1.contains(" M")): null

2024-01-22 18:21:58 - [TEST_STEP][PASSED] - else if (strSellerVol1.contains(" K")): null

2024-01-22 18:21:58 - [TEST_STEP][PASSED] - strSellerVol1 = strSellerVol1.replace(" K", ""): null

2024-01-22 18:21:58 - [TEST_STEP][PASSED] - strSellerVol1 = strSellerVol1.toDouble() * 1000: null

2024-01-22 18:21:58 - [TEST_STEP][PASSED] - if (verifyElementNotPresent(findTestObject("Stockbit/Bandarmology_Buyer2"), 1, OPTIONAL)): Web element with id: 'Object Repository/Stockbit/Bandarmology_Buyer2' located by 'By.xpath: //*[contains(@id, 'rc-tabs-')]/div[2]/div/div/div/div/div/div[2]/table/tbody/tr[3]/td[1]/p' is present after '1' second(s) (Root cause: com.kms.katalon.core.exception.StepFailedException: Web element with id: 'Object Repository/Stockbit/Bandarmology_Buyer2' located by 'By.xpath: //*[contains(@id, 'rc-tabs-')]/div[2]/div/div/div/div/div/div[2]/table/tbody/tr[3]/td[1]/p' is present after '1' second(s)
	at com.kms.katalon.core.webui.keyword.internal.WebUIKeywordMain.stepFailed(WebUIKeywordMain.groovy:64)
	at com.kms.katalon.core.webui.keyword.internal.WebUIKeywordMain$stepFailed$0.call(Unknown Source)
	at com.kms.katalon.core.webui.keyword.builtin.VerifyElementNotPresentKeyword$_verifyElementNotPresent_closure1.doCall(VerifyElementNotPresentKeyword.groovy:106)
	at com.kms.katalon.core.webui.keyword.builtin.VerifyElementNotPresentKeyword$_verifyElementNotPresent_closure1.doCall(VerifyElementNotPresentKeyword.groovy)
	at com.kms.katalon.core.webui.keyword.internal.WebUIKeywordMain.runKeyword(WebUIKeywordMain.groovy:20)
	at com.kms.katalon.core.webui.keyword.internal.WebUIKeywordMain$runKeyword.call(Unknown Source)
	at com.kms.katalon.core.webui.keyword.builtin.VerifyElementNotPresentKeyword.verifyElementNotPresent(VerifyElementNotPresentKeyword.groovy:117)
	at com.kms.katalon.core.webui.keyword.builtin.VerifyElementNotPresentKeyword.execute(VerifyElementNotPresentKeyword.groovy:68)
	at com.kms.katalon.core.keyword.internal.KeywordExecutor.executeKeywordForPlatform(KeywordExecutor.groovy:74)
	at com.kms.katalon.core.webui.keyword.WebUiBuiltInKeywords.verifyElementNotPresent(WebUiBuiltInKeywords.groovy:1481)
	at com.kms.katalon.core.webui.keyword.WebUiBuiltInKeywords$verifyElementNotPresent$8.call(Unknown Source)
	at GetBrokSumPriceDaily.run(GetBrokSumPriceDaily:258)
	at com.kms.katalon.core.main.ScriptEngine.run(ScriptEngine.java:194)
	at com.kms.katalon.core.main.ScriptEngine.runScriptAsRawText(ScriptEngine.java:119)
	at com.kms.katalon.core.main.TestCaseExecutor.runScript(TestCaseExecutor.java:445)
	at com.kms.katalon.core.main.TestCaseExecutor.doExecute(TestCaseExecutor.java:436)
	at com.kms.katalon.core.main.TestCaseExecutor.processExecutionPhase(TestCaseExecutor.java:415)
	at com.kms.katalon.core.main.TestCaseExecutor.accessMainPhase(TestCaseExecutor.java:407)
	at com.kms.katalon.core.main.TestCaseExecutor.execute(TestCaseExecutor.java:284)
	at com.kms.katalon.core.common.CommonExecutor.accessTestCaseMainPhase(CommonExecutor.java:65)
	at com.kms.katalon.core.main.TestSuiteExecutor.accessTestSuiteMainPhase(TestSuiteExecutor.java:144)
	at com.kms.katalon.core.main.TestSuiteExecutor.execute(TestSuiteExecutor.java:106)
	at com.kms.katalon.core.main.TestCaseMain.startTestSuite(TestCaseMain.java:185)
	at com.kms.katalon.core.main.TestCaseMain$startTestSuite$0.call(Unknown Source)
	at TempTestSuite1705922193915.run(TempTestSuite1705922193915.groovy:36)
)

2024-01-22 18:21:59 - [MESSAGE][WARNING] - Web element with id: 'Object Repository/Stockbit/Bandarmology_Buyer2' located by 'By.xpath: //*[contains(@id, 'rc-tabs-')]/div[2]/div/div/div/div/div/div[2]/table/tbody/tr[3]/td[1]/p' is present after '1' second(s) (Root cause: com.kms.katalon.core.exception.StepFailedException: Web element with id: 'Object Repository/Stockbit/Bandarmology_Buyer2' located by 'By.xpath: //*[contains(@id, 'rc-tabs-')]/div[2]/div/div/div/div/div/div[2]/table/tbody/tr[3]/td[1]/p' is present after '1' second(s)
	at com.kms.katalon.core.webui.keyword.internal.WebUIKeywordMain.stepFailed(WebUIKeywordMain.groovy:64)
	at com.kms.katalon.core.webui.keyword.internal.WebUIKeywordMain$stepFailed$0.call(Unknown Source)
	at com.kms.katalon.core.webui.keyword.builtin.VerifyElementNotPresentKeyword$_verifyElementNotPresent_closure1.doCall(VerifyElementNotPresentKeyword.groovy:106)
	at com.kms.katalon.core.webui.keyword.builtin.VerifyElementNotPresentKeyword$_verifyElementNotPresent_closure1.doCall(VerifyElementNotPresentKeyword.groovy)
	at com.kms.katalon.core.webui.keyword.internal.WebUIKeywordMain.runKeyword(WebUIKeywordMain.groovy:20)
	at com.kms.katalon.core.webui.keyword.internal.WebUIKeywordMain$runKeyword.call(Unknown Source)
	at com.kms.katalon.core.webui.keyword.builtin.VerifyElementNotPresentKeyword.verifyElementNotPresent(VerifyElementNotPresentKeyword.groovy:117)
	at com.kms.katalon.core.webui.keyword.builtin.VerifyElementNotPresentKeyword.execute(VerifyElementNotPresentKeyword.groovy:68)
	at com.kms.katalon.core.keyword.internal.KeywordExecutor.executeKeywordForPlatform(KeywordExecutor.groovy:74)
	at com.kms.katalon.core.webui.keyword.WebUiBuiltInKeywords.verifyElementNotPresent(WebUiBuiltInKeywords.groovy:1481)
	at com.kms.katalon.core.webui.keyword.WebUiBuiltInKeywords$verifyElementNotPresent$8.call(Unknown Source)
	at GetBrokSumPriceDaily.run(GetBrokSumPriceDaily:258)
	at com.kms.katalon.core.main.ScriptEngine.run(ScriptEngine.java:194)
	at com.kms.katalon.core.main.ScriptEngine.runScriptAsRawText(ScriptEngine.java:119)
	at com.kms.katalon.core.main.TestCaseExecutor.runScript(TestCaseExecutor.java:445)
	at com.kms.katalon.core.main.TestCaseExecutor.doExecute(TestCaseExecutor.java:436)
	at com.kms.katalon.core.main.TestCaseExecutor.processExecutionPhase(TestCaseExecutor.java:415)
	at com.kms.katalon.core.main.TestCaseExecutor.accessMainPhase(TestCaseExecutor.java:407)
	at com.kms.katalon.core.main.TestCaseExecutor.execute(TestCaseExecutor.java:284)
	at com.kms.katalon.core.common.CommonExecutor.accessTestCaseMainPhase(CommonExecutor.java:65)
	at com.kms.katalon.core.main.TestSuiteExecutor.accessTestSuiteMainPhase(TestSuiteExecutor.java:144)
	at com.kms.katalon.core.main.TestSuiteExecutor.execute(TestSuiteExecutor.java:106)
	at com.kms.katalon.core.main.TestCaseMain.startTestSuite(TestCaseMain.java:185)
	at com.kms.katalon.core.main.TestCaseMain$startTestSuite$0.call(Unknown Source)
	at TempTestSuite1705922193915.run(TempTestSuite1705922193915.groovy:36)
)
[[ATTACHMENT|C:\\Users\\Fadli\\git\\KatalonDailyGetData2\\Reports\\20240122_174123\\TS1\\20240122_181633\\1705922519686.png]]

2024-01-22 18:21:59 - [TEST_STEP][PASSED] - else: null

2024-01-22 18:21:59 - [TEST_STEP][PASSED] - strBuyer2 = getText(findTestObject("Stockbit/Bandarmology_Buyer2")): Text of object 'Object Repository/Stockbit/Bandarmology_Buyer2' is: 'BQ'

2024-01-22 18:21:59 - [MESSAGE][PASSED] - Text of object 'Object Repository/Stockbit/Bandarmology_Buyer2' is: 'BQ'

2024-01-22 18:21:59 - [TEST_STEP][PASSED] - strBuyerVol2 = getText(findTestObject("Stockbit/Bandarmology_BuyerVol2")): Text of object 'Object Repository/Stockbit/Bandarmology_BuyerVol2' is: '2.4 K'

2024-01-22 18:22:00 - [MESSAGE][PASSED] - Text of object 'Object Repository/Stockbit/Bandarmology_BuyerVol2' is: '2.4 K'

2024-01-22 18:22:00 - [TEST_STEP][PASSED] - strBuyerAvg2 = getText(findTestObject("Stockbit/Bandarmology_BuyerAvg2")): Text of object 'Object Repository/Stockbit/Bandarmology_BuyerAvg2' is: '110'

2024-01-22 18:22:00 - [MESSAGE][PASSED] - Text of object 'Object Repository/Stockbit/Bandarmology_BuyerAvg2' is: '110'

2024-01-22 18:22:00 - [TEST_STEP][PASSED] - if (strBuyer2 != ""): null

2024-01-22 18:22:00 - [TEST_STEP][PASSED] - if (strBuyerAvg2.contains(",")): null

2024-01-22 18:22:00 - [TEST_STEP][PASSED] - if (strBuyerVol2.contains(" B")): null

2024-01-22 18:22:00 - [TEST_STEP][PASSED] - else if (strBuyerVol2.contains(" M")): null

2024-01-22 18:22:00 - [TEST_STEP][PASSED] - else if (strBuyerVol2.contains(" K")): null

2024-01-22 18:22:00 - [TEST_STEP][PASSED] - strBuyerVol2 = strBuyerVol2.replace(" K", ""): null

2024-01-22 18:22:00 - [TEST_STEP][PASSED] - strBuyerVol2 = strBuyerVol2.toDouble() * 1000: null

2024-01-22 18:22:00 - [TEST_STEP][PASSED] - if (strBuyerVol2.contains(".")): null

2024-01-22 18:22:00 - [TEST_STEP][PASSED] - strBuyerVal2 = strBuyerVol2.replace(".", ""): null

2024-01-22 18:22:00 - [TEST_STEP][PASSED] - if (verifyElementNotPresent(findTestObject("Stockbit/Bandarmology_Seller2"), 1, OPTIONAL)): Web element with id: 'Object Repository/Stockbit/Bandarmology_Seller2' located by 'By.xpath: //*[contains(@id, 'rc-tabs-')]/div[2]/div/div/div/div/div/div[2]/table/tbody/tr[3]/td[5]/p' is present after '1' second(s) (Root cause: com.kms.katalon.core.exception.StepFailedException: Web element with id: 'Object Repository/Stockbit/Bandarmology_Seller2' located by 'By.xpath: //*[contains(@id, 'rc-tabs-')]/div[2]/div/div/div/div/div/div[2]/table/tbody/tr[3]/td[5]/p' is present after '1' second(s)
	at com.kms.katalon.core.webui.keyword.internal.WebUIKeywordMain.stepFailed(WebUIKeywordMain.groovy:64)
	at com.kms.katalon.core.webui.keyword.internal.WebUIKeywordMain$stepFailed$0.call(Unknown Source)
	at com.kms.katalon.core.webui.keyword.builtin.VerifyElementNotPresentKeyword$_verifyElementNotPresent_closure1.doCall(VerifyElementNotPresentKeyword.groovy:106)
	at com.kms.katalon.core.webui.keyword.builtin.VerifyElementNotPresentKeyword$_verifyElementNotPresent_closure1.doCall(VerifyElementNotPresentKeyword.groovy)
	at com.kms.katalon.core.webui.keyword.internal.WebUIKeywordMain.runKeyword(WebUIKeywordMain.groovy:20)
	at com.kms.katalon.core.webui.keyword.internal.WebUIKeywordMain$runKeyword.call(Unknown Source)
	at com.kms.katalon.core.webui.keyword.builtin.VerifyElementNotPresentKeyword.verifyElementNotPresent(VerifyElementNotPresentKeyword.groovy:117)
	at com.kms.katalon.core.webui.keyword.builtin.VerifyElementNotPresentKeyword.execute(VerifyElementNotPresentKeyword.groovy:68)
	at com.kms.katalon.core.keyword.internal.KeywordExecutor.executeKeywordForPlatform(KeywordExecutor.groovy:74)
	at com.kms.katalon.core.webui.keyword.WebUiBuiltInKeywords.verifyElementNotPresent(WebUiBuiltInKeywords.groovy:1481)
	at com.kms.katalon.core.webui.keyword.WebUiBuiltInKeywords$verifyElementNotPresent$8.call(Unknown Source)
	at GetBrokSumPriceDaily.run(GetBrokSumPriceDaily:309)
	at com.kms.katalon.core.main.ScriptEngine.run(ScriptEngine.java:194)
	at com.kms.katalon.core.main.ScriptEngine.runScriptAsRawText(ScriptEngine.java:119)
	at com.kms.katalon.core.main.TestCaseExecutor.runScript(TestCaseExecutor.java:445)
	at com.kms.katalon.core.main.TestCaseExecutor.doExecute(TestCaseExecutor.java:436)
	at com.kms.katalon.core.main.TestCaseExecutor.processExecutionPhase(TestCaseExecutor.java:415)
	at com.kms.katalon.core.main.TestCaseExecutor.accessMainPhase(TestCaseExecutor.java:407)
	at com.kms.katalon.core.main.TestCaseExecutor.execute(TestCaseExecutor.java:284)
	at com.kms.katalon.core.common.CommonExecutor.accessTestCaseMainPhase(CommonExecutor.java:65)
	at com.kms.katalon.core.main.TestSuiteExecutor.accessTestSuiteMainPhase(TestSuiteExecutor.java:144)
	at com.kms.katalon.core.main.TestSuiteExecutor.execute(TestSuiteExecutor.java:106)
	at com.kms.katalon.core.main.TestCaseMain.startTestSuite(TestCaseMain.java:185)
	at com.kms.katalon.core.main.TestCaseMain$startTestSuite$0.call(Unknown Source)
	at TempTestSuite1705922193915.run(TempTestSuite1705922193915.groovy:36)
)

2024-01-22 18:22:01 - [MESSAGE][WARNING] - Web element with id: 'Object Repository/Stockbit/Bandarmology_Seller2' located by 'By.xpath: //*[contains(@id, 'rc-tabs-')]/div[2]/div/div/div/div/div/div[2]/table/tbody/tr[3]/td[5]/p' is present after '1' second(s) (Root cause: com.kms.katalon.core.exception.StepFailedException: Web element with id: 'Object Repository/Stockbit/Bandarmology_Seller2' located by 'By.xpath: //*[contains(@id, 'rc-tabs-')]/div[2]/div/div/div/div/div/div[2]/table/tbody/tr[3]/td[5]/p' is present after '1' second(s)
	at com.kms.katalon.core.webui.keyword.internal.WebUIKeywordMain.stepFailed(WebUIKeywordMain.groovy:64)
	at com.kms.katalon.core.webui.keyword.internal.WebUIKeywordMain$stepFailed$0.call(Unknown Source)
	at com.kms.katalon.core.webui.keyword.builtin.VerifyElementNotPresentKeyword$_verifyElementNotPresent_closure1.doCall(VerifyElementNotPresentKeyword.groovy:106)
	at com.kms.katalon.core.webui.keyword.builtin.VerifyElementNotPresentKeyword$_verifyElementNotPresent_closure1.doCall(VerifyElementNotPresentKeyword.groovy)
	at com.kms.katalon.core.webui.keyword.internal.WebUIKeywordMain.runKeyword(WebUIKeywordMain.groovy:20)
	at com.kms.katalon.core.webui.keyword.internal.WebUIKeywordMain$runKeyword.call(Unknown Source)
	at com.kms.katalon.core.webui.keyword.builtin.VerifyElementNotPresentKeyword.verifyElementNotPresent(VerifyElementNotPresentKeyword.groovy:117)
	at com.kms.katalon.core.webui.keyword.builtin.VerifyElementNotPresentKeyword.execute(VerifyElementNotPresentKeyword.groovy:68)
	at com.kms.katalon.core.keyword.internal.KeywordExecutor.executeKeywordForPlatform(KeywordExecutor.groovy:74)
	at com.kms.katalon.core.webui.keyword.WebUiBuiltInKeywords.verifyElementNotPresent(WebUiBuiltInKeywords.groovy:1481)
	at com.kms.katalon.core.webui.keyword.WebUiBuiltInKeywords$verifyElementNotPresent$8.call(Unknown Source)
	at GetBrokSumPriceDaily.run(GetBrokSumPriceDaily:309)
	at com.kms.katalon.core.main.ScriptEngine.run(ScriptEngine.java:194)
	at com.kms.katalon.core.main.ScriptEngine.runScriptAsRawText(ScriptEngine.java:119)
	at com.kms.katalon.core.main.TestCaseExecutor.runScript(TestCaseExecutor.java:445)
	at com.kms.katalon.core.main.TestCaseExecutor.doExecute(TestCaseExecutor.java:436)
	at com.kms.katalon.core.main.TestCaseExecutor.processExecutionPhase(TestCaseExecutor.java:415)
	at com.kms.katalon.core.main.TestCaseExecutor.accessMainPhase(TestCaseExecutor.java:407)
	at com.kms.katalon.core.main.TestCaseExecutor.execute(TestCaseExecutor.java:284)
	at com.kms.katalon.core.common.CommonExecutor.accessTestCaseMainPhase(CommonExecutor.java:65)
	at com.kms.katalon.core.main.TestSuiteExecutor.accessTestSuiteMainPhase(TestSuiteExecutor.java:144)
	at com.kms.katalon.core.main.TestSuiteExecutor.execute(TestSuiteExecutor.java:106)
	at com.kms.katalon.core.main.TestCaseMain.startTestSuite(TestCaseMain.java:185)
	at com.kms.katalon.core.main.TestCaseMain$startTestSuite$0.call(Unknown Source)
	at TempTestSuite1705922193915.run(TempTestSuite1705922193915.groovy:36)
)
[[ATTACHMENT|C:\\Users\\Fadli\\git\\KatalonDailyGetData2\\Reports\\20240122_174123\\TS1\\20240122_181633\\1705922521382.png]]

2024-01-22 18:22:01 - [TEST_STEP][PASSED] - else: null

2024-01-22 18:22:01 - [TEST_STEP][PASSED] - strSeller2 = getText(findTestObject("Stockbit/Bandarmology_Seller2")): Text of object 'Object Repository/Stockbit/Bandarmology_Seller2' is: 'EP'

2024-01-22 18:22:01 - [MESSAGE][PASSED] - Text of object 'Object Repository/Stockbit/Bandarmology_Seller2' is: 'EP'

2024-01-22 18:22:01 - [TEST_STEP][PASSED] - strSellerVol2 = getText(findTestObject("Stockbit/Bandarmology_SellerVol2")): Text of object 'Object Repository/Stockbit/Bandarmology_SellerVol2' is: '2.2 K'

2024-01-22 18:22:01 - [MESSAGE][PASSED] - Text of object 'Object Repository/Stockbit/Bandarmology_SellerVol2' is: '2.2 K'

2024-01-22 18:22:01 - [TEST_STEP][PASSED] - strSellerAvg2 = getText(findTestObject("Stockbit/Bandarmology_SellerAvg2")): Text of object 'Object Repository/Stockbit/Bandarmology_SellerAvg2' is: '107'

2024-01-22 18:22:01 - [MESSAGE][PASSED] - Text of object 'Object Repository/Stockbit/Bandarmology_SellerAvg2' is: '107'

2024-01-22 18:22:01 - [TEST_STEP][PASSED] - if (strSeller2 != ""): null

2024-01-22 18:22:01 - [TEST_STEP][PASSED] - if (strSellerAvg2.contains(",")): null

2024-01-22 18:22:01 - [TEST_STEP][PASSED] - if (strSellerVol2.contains(" B")): null

2024-01-22 18:22:01 - [TEST_STEP][PASSED] - else if (strSellerVol2.contains(" M")): null

2024-01-22 18:22:01 - [TEST_STEP][PASSED] - else if (strSellerVol2.contains(" K")): null

2024-01-22 18:22:01 - [TEST_STEP][PASSED] - strSellerVol2 = strSellerVol2.replace(" K", ""): null

2024-01-22 18:22:01 - [TEST_STEP][PASSED] - strSellerVol2 = strSellerVol2.toDouble() * 1000: null

2024-01-22 18:22:01 - [TEST_STEP][PASSED] - if (verifyElementNotPresent(findTestObject("Stockbit/Bandarmology_Buyer3"), 1, OPTIONAL)): Web element with id: 'Object Repository/Stockbit/Bandarmology_Buyer3' located by 'By.xpath: //*[contains(@id, 'rc-tabs-')]/div[2]/div/div/div/div/div/div[2]/table/tbody/tr[4]/td[1]/p' is present after '1' second(s) (Root cause: com.kms.katalon.core.exception.StepFailedException: Web element with id: 'Object Repository/Stockbit/Bandarmology_Buyer3' located by 'By.xpath: //*[contains(@id, 'rc-tabs-')]/div[2]/div/div/div/div/div/div[2]/table/tbody/tr[4]/td[1]/p' is present after '1' second(s)
	at com.kms.katalon.core.webui.keyword.internal.WebUIKeywordMain.stepFailed(WebUIKeywordMain.groovy:64)
	at com.kms.katalon.core.webui.keyword.internal.WebUIKeywordMain$stepFailed$0.call(Unknown Source)
	at com.kms.katalon.core.webui.keyword.builtin.VerifyElementNotPresentKeyword$_verifyElementNotPresent_closure1.doCall(VerifyElementNotPresentKeyword.groovy:106)
	at com.kms.katalon.core.webui.keyword.builtin.VerifyElementNotPresentKeyword$_verifyElementNotPresent_closure1.doCall(VerifyElementNotPresentKeyword.groovy)
	at com.kms.katalon.core.webui.keyword.internal.WebUIKeywordMain.runKeyword(WebUIKeywordMain.groovy:20)
	at com.kms.katalon.core.webui.keyword.internal.WebUIKeywordMain$runKeyword.call(Unknown Source)
	at com.kms.katalon.core.webui.keyword.builtin.VerifyElementNotPresentKeyword.verifyElementNotPresent(VerifyElementNotPresentKeyword.groovy:117)
	at com.kms.katalon.core.webui.keyword.builtin.VerifyElementNotPresentKeyword.execute(VerifyElementNotPresentKeyword.groovy:68)
	at com.kms.katalon.core.keyword.internal.KeywordExecutor.executeKeywordForPlatform(KeywordExecutor.groovy:74)
	at com.kms.katalon.core.webui.keyword.WebUiBuiltInKeywords.verifyElementNotPresent(WebUiBuiltInKeywords.groovy:1481)
	at com.kms.katalon.core.webui.keyword.WebUiBuiltInKeywords$verifyElementNotPresent$8.call(Unknown Source)
	at GetBrokSumPriceDaily.run(GetBrokSumPriceDaily:361)
	at com.kms.katalon.core.main.ScriptEngine.run(ScriptEngine.java:194)
	at com.kms.katalon.core.main.ScriptEngine.runScriptAsRawText(ScriptEngine.java:119)
	at com.kms.katalon.core.main.TestCaseExecutor.runScript(TestCaseExecutor.java:445)
	at com.kms.katalon.core.main.TestCaseExecutor.doExecute(TestCaseExecutor.java:436)
	at com.kms.katalon.core.main.TestCaseExecutor.processExecutionPhase(TestCaseExecutor.java:415)
	at com.kms.katalon.core.main.TestCaseExecutor.accessMainPhase(TestCaseExecutor.java:407)
	at com.kms.katalon.core.main.TestCaseExecutor.execute(TestCaseExecutor.java:284)
	at com.kms.katalon.core.common.CommonExecutor.accessTestCaseMainPhase(CommonExecutor.java:65)
	at com.kms.katalon.core.main.TestSuiteExecutor.accessTestSuiteMainPhase(TestSuiteExecutor.java:144)
	at com.kms.katalon.core.main.TestSuiteExecutor.execute(TestSuiteExecutor.java:106)
	at com.kms.katalon.core.main.TestCaseMain.startTestSuite(TestCaseMain.java:185)
	at com.kms.katalon.core.main.TestCaseMain$startTestSuite$0.call(Unknown Source)
	at TempTestSuite1705922193915.run(TempTestSuite1705922193915.groovy:36)
)

2024-01-22 18:22:03 - [MESSAGE][WARNING] - Web element with id: 'Object Repository/Stockbit/Bandarmology_Buyer3' located by 'By.xpath: //*[contains(@id, 'rc-tabs-')]/div[2]/div/div/div/div/div/div[2]/table/tbody/tr[4]/td[1]/p' is present after '1' second(s) (Root cause: com.kms.katalon.core.exception.StepFailedException: Web element with id: 'Object Repository/Stockbit/Bandarmology_Buyer3' located by 'By.xpath: //*[contains(@id, 'rc-tabs-')]/div[2]/div/div/div/div/div/div[2]/table/tbody/tr[4]/td[1]/p' is present after '1' second(s)
	at com.kms.katalon.core.webui.keyword.internal.WebUIKeywordMain.stepFailed(WebUIKeywordMain.groovy:64)
	at com.kms.katalon.core.webui.keyword.internal.WebUIKeywordMain$stepFailed$0.call(Unknown Source)
	at com.kms.katalon.core.webui.keyword.builtin.VerifyElementNotPresentKeyword$_verifyElementNotPresent_closure1.doCall(VerifyElementNotPresentKeyword.groovy:106)
	at com.kms.katalon.core.webui.keyword.builtin.VerifyElementNotPresentKeyword$_verifyElementNotPresent_closure1.doCall(VerifyElementNotPresentKeyword.groovy)
	at com.kms.katalon.core.webui.keyword.internal.WebUIKeywordMain.runKeyword(WebUIKeywordMain.groovy:20)
	at com.kms.katalon.core.webui.keyword.internal.WebUIKeywordMain$runKeyword.call(Unknown Source)
	at com.kms.katalon.core.webui.keyword.builtin.VerifyElementNotPresentKeyword.verifyElementNotPresent(VerifyElementNotPresentKeyword.groovy:117)
	at com.kms.katalon.core.webui.keyword.builtin.VerifyElementNotPresentKeyword.execute(VerifyElementNotPresentKeyword.groovy:68)
	at com.kms.katalon.core.keyword.internal.KeywordExecutor.executeKeywordForPlatform(KeywordExecutor.groovy:74)
	at com.kms.katalon.core.webui.keyword.WebUiBuiltInKeywords.verifyElementNotPresent(WebUiBuiltInKeywords.groovy:1481)
	at com.kms.katalon.core.webui.keyword.WebUiBuiltInKeywords$verifyElementNotPresent$8.call(Unknown Source)
	at GetBrokSumPriceDaily.run(GetBrokSumPriceDaily:361)
	at com.kms.katalon.core.main.ScriptEngine.run(ScriptEngine.java:194)
	at com.kms.katalon.core.main.ScriptEngine.runScriptAsRawText(ScriptEngine.java:119)
	at com.kms.katalon.core.main.TestCaseExecutor.runScript(TestCaseExecutor.java:445)
	at com.kms.katalon.core.main.TestCaseExecutor.doExecute(TestCaseExecutor.java:436)
	at com.kms.katalon.core.main.TestCaseExecutor.processExecutionPhase(TestCaseExecutor.java:415)
	at com.kms.katalon.core.main.TestCaseExecutor.accessMainPhase(TestCaseExecutor.java:407)
	at com.kms.katalon.core.main.TestCaseExecutor.execute(TestCaseExecutor.java:284)
	at com.kms.katalon.core.common.CommonExecutor.accessTestCaseMainPhase(CommonExecutor.java:65)
	at com.kms.katalon.core.main.TestSuiteExecutor.accessTestSuiteMainPhase(TestSuiteExecutor.java:144)
	at com.kms.katalon.core.main.TestSuiteExecutor.execute(TestSuiteExecutor.java:106)
	at com.kms.katalon.core.main.TestCaseMain.startTestSuite(TestCaseMain.java:185)
	at com.kms.katalon.core.main.TestCaseMain$startTestSuite$0.call(Unknown Source)
	at TempTestSuite1705922193915.run(TempTestSuite1705922193915.groovy:36)
)
[[ATTACHMENT|C:\\Users\\Fadli\\git\\KatalonDailyGetData2\\Reports\\20240122_174123\\TS1\\20240122_181633\\1705922523129.png]]

2024-01-22 18:22:03 - [TEST_STEP][PASSED] - else: null

2024-01-22 18:22:03 - [TEST_STEP][PASSED] - strBuyer3 = getText(findTestObject("Stockbit/Bandarmology_Buyer3")): Text of object 'Object Repository/Stockbit/Bandarmology_Buyer3' is: 'XL'

2024-01-22 18:22:03 - [MESSAGE][PASSED] - Text of object 'Object Repository/Stockbit/Bandarmology_Buyer3' is: 'XL'

2024-01-22 18:22:03 - [TEST_STEP][PASSED] - strBuyerVol3 = getText(findTestObject("Stockbit/Bandarmology_BuyerVol3")): Text of object 'Object Repository/Stockbit/Bandarmology_BuyerVol3' is: '2.3 K'

2024-01-22 18:22:03 - [MESSAGE][PASSED] - Text of object 'Object Repository/Stockbit/Bandarmology_BuyerVol3' is: '2.3 K'

2024-01-22 18:22:03 - [TEST_STEP][PASSED] - strBuyerAvg3 = getText(findTestObject("Stockbit/Bandarmology_BuyerAvg3")): Text of object 'Object Repository/Stockbit/Bandarmology_BuyerAvg3' is: '107'

2024-01-22 18:22:03 - [MESSAGE][PASSED] - Text of object 'Object Repository/Stockbit/Bandarmology_BuyerAvg3' is: '107'

2024-01-22 18:22:03 - [TEST_STEP][PASSED] - if (strBuyer3 != ""): null

2024-01-22 18:22:03 - [TEST_STEP][PASSED] - if (strBuyerAvg3.contains(",")): null

2024-01-22 18:22:03 - [TEST_STEP][PASSED] - if (strBuyerVol3.contains(" B")): null

2024-01-22 18:22:03 - [TEST_STEP][PASSED] - else if (strBuyerVol3.contains(" M")): null

2024-01-22 18:22:03 - [TEST_STEP][PASSED] - else if (strBuyerVol3.contains(" K")): null

2024-01-22 18:22:03 - [TEST_STEP][PASSED] - strBuyerVol3 = strBuyerVol3.replace(" K", ""): null

2024-01-22 18:22:03 - [TEST_STEP][PASSED] - strBuyerVol3 = strBuyerVol3.toDouble() * 1000: null

2024-01-22 18:22:03 - [TEST_STEP][PASSED] - if (verifyElementNotPresent(findTestObject("Stockbit/Bandarmology_Seller3"), 1, OPTIONAL)): Web element with id: 'Object Repository/Stockbit/Bandarmology_Seller3' located by 'By.xpath: //*[contains(@id, 'rc-tabs-')]/div[2]/div/div/div/div/div/div[2]/table/tbody/tr[4]/td[5]/p' is present after '1' second(s) (Root cause: com.kms.katalon.core.exception.StepFailedException: Web element with id: 'Object Repository/Stockbit/Bandarmology_Seller3' located by 'By.xpath: //*[contains(@id, 'rc-tabs-')]/div[2]/div/div/div/div/div/div[2]/table/tbody/tr[4]/td[5]/p' is present after '1' second(s)
	at com.kms.katalon.core.webui.keyword.internal.WebUIKeywordMain.stepFailed(WebUIKeywordMain.groovy:64)
	at com.kms.katalon.core.webui.keyword.internal.WebUIKeywordMain$stepFailed$0.call(Unknown Source)
	at com.kms.katalon.core.webui.keyword.builtin.VerifyElementNotPresentKeyword$_verifyElementNotPresent_closure1.doCall(VerifyElementNotPresentKeyword.groovy:106)
	at com.kms.katalon.core.webui.keyword.builtin.VerifyElementNotPresentKeyword$_verifyElementNotPresent_closure1.doCall(VerifyElementNotPresentKeyword.groovy)
	at com.kms.katalon.core.webui.keyword.internal.WebUIKeywordMain.runKeyword(WebUIKeywordMain.groovy:20)
	at com.kms.katalon.core.webui.keyword.internal.WebUIKeywordMain$runKeyword.call(Unknown Source)
	at com.kms.katalon.core.webui.keyword.builtin.VerifyElementNotPresentKeyword.verifyElementNotPresent(VerifyElementNotPresentKeyword.groovy:117)
	at com.kms.katalon.core.webui.keyword.builtin.VerifyElementNotPresentKeyword.execute(VerifyElementNotPresentKeyword.groovy:68)
	at com.kms.katalon.core.keyword.internal.KeywordExecutor.executeKeywordForPlatform(KeywordExecutor.groovy:74)
	at com.kms.katalon.core.webui.keyword.WebUiBuiltInKeywords.verifyElementNotPresent(WebUiBuiltInKeywords.groovy:1481)
	at com.kms.katalon.core.webui.keyword.WebUiBuiltInKeywords$verifyElementNotPresent$8.call(Unknown Source)
	at GetBrokSumPriceDaily.run(GetBrokSumPriceDaily:414)
	at com.kms.katalon.core.main.ScriptEngine.run(ScriptEngine.java:194)
	at com.kms.katalon.core.main.ScriptEngine.runScriptAsRawText(ScriptEngine.java:119)
	at com.kms.katalon.core.main.TestCaseExecutor.runScript(TestCaseExecutor.java:445)
	at com.kms.katalon.core.main.TestCaseExecutor.doExecute(TestCaseExecutor.java:436)
	at com.kms.katalon.core.main.TestCaseExecutor.processExecutionPhase(TestCaseExecutor.java:415)
	at com.kms.katalon.core.main.TestCaseExecutor.accessMainPhase(TestCaseExecutor.java:407)
	at com.kms.katalon.core.main.TestCaseExecutor.execute(TestCaseExecutor.java:284)
	at com.kms.katalon.core.common.CommonExecutor.accessTestCaseMainPhase(CommonExecutor.java:65)
	at com.kms.katalon.core.main.TestSuiteExecutor.accessTestSuiteMainPhase(TestSuiteExecutor.java:144)
	at com.kms.katalon.core.main.TestSuiteExecutor.execute(TestSuiteExecutor.java:106)
	at com.kms.katalon.core.main.TestCaseMain.startTestSuite(TestCaseMain.java:185)
	at com.kms.katalon.core.main.TestCaseMain$startTestSuite$0.call(Unknown Source)
	at TempTestSuite1705922193915.run(TempTestSuite1705922193915.groovy:36)
)

2024-01-22 18:22:05 - [MESSAGE][WARNING] - Web element with id: 'Object Repository/Stockbit/Bandarmology_Seller3' located by 'By.xpath: //*[contains(@id, 'rc-tabs-')]/div[2]/div/div/div/div/div/div[2]/table/tbody/tr[4]/td[5]/p' is present after '1' second(s) (Root cause: com.kms.katalon.core.exception.StepFailedException: Web element with id: 'Object Repository/Stockbit/Bandarmology_Seller3' located by 'By.xpath: //*[contains(@id, 'rc-tabs-')]/div[2]/div/div/div/div/div/div[2]/table/tbody/tr[4]/td[5]/p' is present after '1' second(s)
	at com.kms.katalon.core.webui.keyword.internal.WebUIKeywordMain.stepFailed(WebUIKeywordMain.groovy:64)
	at com.kms.katalon.core.webui.keyword.internal.WebUIKeywordMain$stepFailed$0.call(Unknown Source)
	at com.kms.katalon.core.webui.keyword.builtin.VerifyElementNotPresentKeyword$_verifyElementNotPresent_closure1.doCall(VerifyElementNotPresentKeyword.groovy:106)
	at com.kms.katalon.core.webui.keyword.builtin.VerifyElementNotPresentKeyword$_verifyElementNotPresent_closure1.doCall(VerifyElementNotPresentKeyword.groovy)
	at com.kms.katalon.core.webui.keyword.internal.WebUIKeywordMain.runKeyword(WebUIKeywordMain.groovy:20)
	at com.kms.katalon.core.webui.keyword.internal.WebUIKeywordMain$runKeyword.call(Unknown Source)
	at com.kms.katalon.core.webui.keyword.builtin.VerifyElementNotPresentKeyword.verifyElementNotPresent(VerifyElementNotPresentKeyword.groovy:117)
	at com.kms.katalon.core.webui.keyword.builtin.VerifyElementNotPresentKeyword.execute(VerifyElementNotPresentKeyword.groovy:68)
	at com.kms.katalon.core.keyword.internal.KeywordExecutor.executeKeywordForPlatform(KeywordExecutor.groovy:74)
	at com.kms.katalon.core.webui.keyword.WebUiBuiltInKeywords.verifyElementNotPresent(WebUiBuiltInKeywords.groovy:1481)
	at com.kms.katalon.core.webui.keyword.WebUiBuiltInKeywords$verifyElementNotPresent$8.call(Unknown Source)
	at GetBrokSumPriceDaily.run(GetBrokSumPriceDaily:414)
	at com.kms.katalon.core.main.ScriptEngine.run(ScriptEngine.java:194)
	at com.kms.katalon.core.main.ScriptEngine.runScriptAsRawText(ScriptEngine.java:119)
	at com.kms.katalon.core.main.TestCaseExecutor.runScript(TestCaseExecutor.java:445)
	at com.kms.katalon.core.main.TestCaseExecutor.doExecute(TestCaseExecutor.java:436)
	at com.kms.katalon.core.main.TestCaseExecutor.processExecutionPhase(TestCaseExecutor.java:415)
	at com.kms.katalon.core.main.TestCaseExecutor.accessMainPhase(TestCaseExecutor.java:407)
	at com.kms.katalon.core.main.TestCaseExecutor.execute(TestCaseExecutor.java:284)
	at com.kms.katalon.core.common.CommonExecutor.accessTestCaseMainPhase(CommonExecutor.java:65)
	at com.kms.katalon.core.main.TestSuiteExecutor.accessTestSuiteMainPhase(TestSuiteExecutor.java:144)
	at com.kms.katalon.core.main.TestSuiteExecutor.execute(TestSuiteExecutor.java:106)
	at com.kms.katalon.core.main.TestCaseMain.startTestSuite(TestCaseMain.java:185)
	at com.kms.katalon.core.main.TestCaseMain$startTestSuite$0.call(Unknown Source)
	at TempTestSuite1705922193915.run(TempTestSuite1705922193915.groovy:36)
)
[[ATTACHMENT|C:\\Users\\Fadli\\git\\KatalonDailyGetData2\\Reports\\20240122_174123\\TS1\\20240122_181633\\1705922524863.png]]

2024-01-22 18:22:05 - [TEST_STEP][PASSED] - else: null

2024-01-22 18:22:05 - [TEST_STEP][PASSED] - strSeller3 = getText(findTestObject("Stockbit/Bandarmology_Seller3")): Text of object 'Object Repository/Stockbit/Bandarmology_Seller3' is: 'LS'

2024-01-22 18:22:05 - [MESSAGE][PASSED] - Text of object 'Object Repository/Stockbit/Bandarmology_Seller3' is: 'LS'

2024-01-22 18:22:05 - [TEST_STEP][PASSED] - strSellerVol3 = getText(findTestObject("Stockbit/Bandarmology_SellerVol3")): Text of object 'Object Repository/Stockbit/Bandarmology_SellerVol3' is: '1.8 K'

2024-01-22 18:22:05 - [MESSAGE][PASSED] - Text of object 'Object Repository/Stockbit/Bandarmology_SellerVol3' is: '1.8 K'

2024-01-22 18:22:05 - [TEST_STEP][PASSED] - strSellerAvg3 = getText(findTestObject("Stockbit/Bandarmology_SellerAvg3")): Text of object 'Object Repository/Stockbit/Bandarmology_SellerAvg3' is: '108'

2024-01-22 18:22:05 - [MESSAGE][PASSED] - Text of object 'Object Repository/Stockbit/Bandarmology_SellerAvg3' is: '108'

2024-01-22 18:22:05 - [TEST_STEP][PASSED] - if (strSeller3 != ""): null

2024-01-22 18:22:05 - [TEST_STEP][PASSED] - if (strSellerAvg3.contains(",")): null

2024-01-22 18:22:05 - [TEST_STEP][PASSED] - if (strSellerVol3.contains(" B")): null

2024-01-22 18:22:05 - [TEST_STEP][PASSED] - else if (strSellerVol3.contains(" M")): null

2024-01-22 18:22:05 - [TEST_STEP][PASSED] - else if (strSellerVol3.contains(" K")): null

2024-01-22 18:22:05 - [TEST_STEP][PASSED] - strSellerVol3 = strSellerVol3.replace(" K", ""): null

2024-01-22 18:22:05 - [TEST_STEP][PASSED] - strSellerVol3 = strSellerVol3.toDouble() * 1000: null

2024-01-22 18:22:05 - [TEST_STEP][PASSED] - strAccDist = getText(findTestObject("Stockbit/Bandarmology_AccDist")): Text of object 'Object Repository/Stockbit/Bandarmology_AccDist' is: 'Dist'

2024-01-22 18:22:05 - [MESSAGE][PASSED] - Text of object 'Object Repository/Stockbit/Bandarmology_AccDist' is: 'Dist'

2024-01-22 18:22:05 - [TEST_STEP][PASSED] - strNetVol = getText(findTestObject("Stockbit/Bandarmology_NetVol")): Text of object 'Object Repository/Stockbit/Bandarmology_NetVol' is: '17,696'

2024-01-22 18:22:05 - [MESSAGE][PASSED] - Text of object 'Object Repository/Stockbit/Bandarmology_NetVol' is: '17,696'

2024-01-22 18:22:05 - [TEST_STEP][PASSED] - strNetVol = strNetVol.replace(",", ""): null

2024-01-22 18:22:05 - [TEST_STEP][PASSED] - strNetVal = getText(findTestObject("Stockbit/Bandarmology_NetVal")): Text of object 'Object Repository/Stockbit/Bandarmology_NetVal' is: '0.2 B'

2024-01-22 18:22:05 - [MESSAGE][PASSED] - Text of object 'Object Repository/Stockbit/Bandarmology_NetVal' is: '0.2 B'

2024-01-22 18:22:05 - [TEST_STEP][PASSED] - delay(3): Delayed 3 second(s)

2024-01-22 18:22:08 - [MESSAGE][PASSED] - Delayed 3 second(s)

2024-01-22 18:22:08 - [TEST_STEP][PASSED] - strOpenPrice = getText(findTestObject("Stockbit/Home_OpenPrice")): Text of object 'Object Repository/Stockbit/Home_OpenPrice' is: '107'

2024-01-22 18:22:08 - [MESSAGE][PASSED] - Text of object 'Object Repository/Stockbit/Home_OpenPrice' is: '107'

2024-01-22 18:22:08 - [TEST_STEP][PASSED] - strOpenPrice = strOpenPrice.replace(",", ""): null

2024-01-22 18:22:08 - [TEST_STEP][PASSED] - strLowPrice = getText(findTestObject("Stockbit/Home_LowPrice")): Text of object 'Object Repository/Stockbit/Home_LowPrice' is: '105'

2024-01-22 18:22:09 - [MESSAGE][PASSED] - Text of object 'Object Repository/Stockbit/Home_LowPrice' is: '105'

2024-01-22 18:22:09 - [TEST_STEP][PASSED] - strLowPrice = strLowPrice.replace(",", ""): null

2024-01-22 18:22:09 - [TEST_STEP][PASSED] - strHighPrice = getText(findTestObject("Stockbit/Home_HighPrice")): Text of object 'Object Repository/Stockbit/Home_HighPrice' is: '112'

2024-01-22 18:22:09 - [MESSAGE][PASSED] - Text of object 'Object Repository/Stockbit/Home_HighPrice' is: '112'

2024-01-22 18:22:09 - [TEST_STEP][PASSED] - strHighPrice = strHighPrice.replace(",", ""): null

2024-01-22 18:22:09 - [TEST_STEP][PASSED] - strClosePrice = getText(findTestObject("Stockbit/Home_ClosePrice")): Text of object 'Object Repository/Stockbit/Home_ClosePrice' is: '108'

2024-01-22 18:22:09 - [MESSAGE][PASSED] - Text of object 'Object Repository/Stockbit/Home_ClosePrice' is: '108'

2024-01-22 18:22:09 - [TEST_STEP][PASSED] - strClosePrice = strClosePrice.replace(",", ""): null

2024-01-22 18:22:09 - [TEST_STEP][PASSED] - strVol = getText(findTestObject("Stockbit/Home_Volume")): Text of object 'Object Repository/Stockbit/Home_Volume' is: '61 K'

2024-01-22 18:22:09 - [MESSAGE][PASSED] - Text of object 'Object Repository/Stockbit/Home_Volume' is: '61 K'

2024-01-22 18:22:09 - [TEST_STEP][PASSED] - if (strVol.contains(" K")): null

2024-01-22 18:22:09 - [TEST_STEP][PASSED] - strVol = strVol.replace(" K", "000"): null

2024-01-22 18:22:09 - [TEST_STEP][PASSED] - if (strVol.contains(",")): null

2024-01-22 18:22:09 - [TEST_STEP][PASSED] - strChange = getText(findTestObject("Stockbit/Home_Change")): Text of object 'Object Repository/Stockbit/Home_Change' is: '-1.82%'

2024-01-22 18:22:09 - [MESSAGE][PASSED] - Text of object 'Object Repository/Stockbit/Home_Change' is: '-1.82%'

2024-01-22 18:22:09 - [TEST_STEP][PASSED] - strChange = strChange.replace("%", ""): null

2024-01-22 18:22:09 - [TEST_STEP][PASSED] - strFreq = getText(findTestObject("Stockbit/Home_Freq")): Text of object 'Object Repository/Stockbit/Home_Freq' is: '497'

2024-01-22 18:22:09 - [MESSAGE][PASSED] - Text of object 'Object Repository/Stockbit/Home_Freq' is: '497'

2024-01-22 18:22:09 - [TEST_STEP][PASSED] - if (strFreq.contains(",")): null

2024-01-22 18:22:09 - [TEST_STEP][PASSED] - if (strFreq == "NA" || strFreq == ""): null

2024-01-22 18:22:09 - [TEST_STEP][PASSED] - else: null

2024-01-22 18:22:09 - [TEST_STEP][PASSED] - dblFreqAnal = strVol.toDouble() / strFreq.toDouble() * strFreq.toDouble() * strFreq.toDouble() * 100000000: null

2024-01-22 18:22:09 - [TEST_STEP][PASSED] - strFreqAnal = String.format("%.4f", dblFreqAnal): null

2024-01-22 18:22:09 - [TEST_STEP][PASSED] - out.println("Double strFreqAnal: " + strFreqAnal): null

2024-01-22 18:22:09 - [TEST_STEP][PASSED] - strTanggal = d.format(DateTimeFormatter.ofPattern("yyyy-MM-dd")): null

2024-01-22 18:22:09 - [TEST_STEP][PASSED] - strTanggal = "#" + strTanggal + "#": null

2024-01-22 18:22:09 - [TEST_STEP][PASSED] - strSQL = "select count(*) as JumBaris from TblBrokSum where Nama = '" + strNama + "' and Tanggal = " + strTanggal + "": null

2024-01-22 18:22:09 - [TEST_STEP][PASSED] - resultSet = statement.executeQuery(strSQL): null

2024-01-22 18:22:09 - [TEST_STEP][PASSED] - resultSet.next(): null

2024-01-22 18:22:09 - [TEST_STEP][PASSED] - intJumBaris = resultSet.getInt("JumBaris"): null

2024-01-22 18:22:09 - [TEST_STEP][PASSED] - if (intJumBaris > 0): null

2024-01-22 18:22:09 - [TEST_STEP][PASSED] - else: null

2024-01-22 18:22:09 - [TEST_STEP][PASSED] - try: null

2024-01-22 18:22:09 - [TEST_STEP][PASSED] - out.println("Insert data"): null

2024-01-22 18:22:09 - [TEST_STEP][PASSED] - strSQL = "insert into TblBrokSum (nama, tanggal, top1, top2, top3, AllBrokAvg, AccDist, AvgRP, " + "Buyer1, BuyerVal1, BuyerAvg1, Seller1, SellerVal1, SellerAvg1, Buyer2, BuyerVal2, BuyerAvg2, " + "Seller2, SellerVal2, SellerAvg2, Buyer3, BuyerVal3, BuyerAvg3, Seller3, SellerVal3, SellerAvg3, NetVol, NetVal, " + "OpenPrice, LowPrice, HighPrice, ClosePrice, Volume, Change, Frekuensi, FrekAnal) " + "values ('" + strNama + "', " + strTanggal + ", '" + strTop1 + "', '" + strTop3 + "', '" + strTop5 + "', " + "'" + strAllBrokAvg + "', '" + strAccDist + "', " + intAvgRP + ", '" + strBuyer1 + "', '" + strBuyerVol1 + "', " + strBuyerAvg1 + ", " + "'" + strSeller1 + "', '" + strSellerVol1 + "', " + strSellerAvg1 + ", '" + strBuyer2 + "', '" + strBuyerVol2 + "', " + strBuyerAvg2 + ", " + "'" + strSeller2 + "', '" + strSellerVol2 + "', " + strSellerAvg2 + ", '" + strBuyer3 + "', '" + strBuyerVol3 + "', " + strBuyerAvg3 + ", " + "'" + strSeller3 + "', '" + strSellerVol3 + "', " + strSellerAvg3 + ", " + strNetVol + ", '" + strNetVal + "', " + "" + strOpenPrice + ", " + strLowPrice + ", " + strHighPrice + ", " + strClosePrice + ", '" + strVol + "', " + strChange + ", " + strFreq + ", " + strFreqAnal + ");": null

2024-01-22 18:22:09 - [TEST_STEP][PASSED] - out.println("strSQL = " + strSQL): null

2024-01-22 18:22:09 - [TEST_STEP][PASSED] - statement.executeUpdate(strSQL): null

2024-01-22 18:22:09 - [TEST_STEP][PASSED] - setValueToCellByIndex(sheet01, rowIndex, 4, "DONE"): null

2024-01-22 18:22:09 - [TEST_STEP][PASSED] - saveWorkbook(excelFilePath, workbook01): null

2024-01-22 18:22:09 - [TEST_STEP][PASSED] - waitForElementClickable(findTestObject("Stockbit/menu_Bandarmology"), 10): Object 'Object Repository/Stockbit/menu_Bandarmology' is clickable

2024-01-22 18:22:09 - [MESSAGE][PASSED] - Object 'Object Repository/Stockbit/menu_Bandarmology' is clickable

2024-01-22 18:22:09 - [TEST_STEP][PASSED] - click(findTestObject("Stockbit/menu_Bandarmology")): Object: 'Object Repository/Stockbit/menu_Bandarmology' is clicked on

2024-01-22 18:22:10 - [MESSAGE][PASSED] - Object: 'Object Repository/Stockbit/menu_Bandarmology' is clicked on

2024-01-22 18:22:10 - [TEST_STEP][PASSED] - strTemp = "NA": null

2024-01-22 18:22:10 - [TEST_STEP][PASSED] - if (getCellValueByIndex(sheet01, rowIndex, 4) != "DONE"): Object: 'Object Repository/Stockbit/menu_Bandarmology' is clicked on

2024-01-22 18:22:10 - [TEST_STEP][PASSED] - strNama = getCellValueByIndex(sheet01, rowIndex, 0): null

2024-01-22 18:22:10 - [TEST_STEP][PASSED] - navigateToUrl("https://stockbit.com/#/symbol/" + strNama): Navigate to 'https://stockbit.com/#/symbol/DEWA' successfully

2024-01-22 18:22:12 - [MESSAGE][PASSED] - Navigate to 'https://stockbit.com/#/symbol/DEWA' successfully

2024-01-22 18:22:12 - [TEST_STEP][PASSED] - waitForElementClickable(findTestObject("Stockbit/menu_Bandarmology"), 10): Object 'Object Repository/Stockbit/menu_Bandarmology' is clickable

2024-01-22 18:22:12 - [MESSAGE][PASSED] - Object 'Object Repository/Stockbit/menu_Bandarmology' is clickable

2024-01-22 18:22:12 - [TEST_STEP][PASSED] - click(findTestObject("Stockbit/menu_Bandarmology")): Object: 'Object Repository/Stockbit/menu_Bandarmology' is clicked on

2024-01-22 18:22:13 - [MESSAGE][PASSED] - Object: 'Object Repository/Stockbit/menu_Bandarmology' is clicked on

2024-01-22 18:22:13 - [TEST_STEP][PASSED] - strTanggal = d.format(DateTimeFormatter.ofPattern("MMM dd, yyyy")): null

2024-01-22 18:22:13 - [TEST_STEP][PASSED] - strTanggal = d.format(ISO_DATE): null

2024-01-22 18:22:13 - [TEST_STEP][PASSED] - out.println("strTanggal = " + strTanggal): null

2024-01-22 18:22:13 - [TEST_STEP][PASSED] - out.println("strNama = " + strNama): null

2024-01-22 18:22:13 - [TEST_STEP][PASSED] - out.println("Baris ke = " + rowIndex): null

2024-01-22 18:22:13 - [TEST_STEP][PASSED] - click(findTestObject("Stockbit/input__BandarmologyOpenStartDate")): Object: 'Object Repository/Stockbit/input__BandarmologyOpenStartDate' is clicked on

2024-01-22 18:22:14 - [MESSAGE][PASSED] - Object: 'Object Repository/Stockbit/input__BandarmologyOpenStartDate' is clicked on

2024-01-22 18:22:14 - [TEST_STEP][PASSED] - sendKeys(findTestObject("Stockbit/input__BandarmologyOpenStartDate"), Keys.chord(CONTROL, "a")): Keys 'CONTROL + a' sent to object: 'Object Repository/Stockbit/input__BandarmologyOpenStartDate'

2024-01-22 18:22:15 - [MESSAGE][PASSED] - Keys 'CONTROL + a' sent to object: 'Object Repository/Stockbit/input__BandarmologyOpenStartDate'

2024-01-22 18:22:15 - [TEST_STEP][PASSED] - sendKeys(findTestObject("Stockbit/input__BandarmologyOpenStartDate"), Keys.chord(BACK_SPACE)): Keys 'BACK_SPACE + ' sent to object: 'Object Repository/Stockbit/input__BandarmologyOpenStartDate'

2024-01-22 18:22:15 - [MESSAGE][PASSED] - Keys 'BACK_SPACE + ' sent to object: 'Object Repository/Stockbit/input__BandarmologyOpenStartDate'

2024-01-22 18:22:15 - [TEST_STEP][PASSED] - setText(findTestObject("Stockbit/input__BandarmologyOpenStartDate"), strTanggal): Text '2024-01-22' is set on object 'Object Repository/Stockbit/input__BandarmologyOpenStartDate'

2024-01-22 18:22:16 - [MESSAGE][PASSED] - Text '2024-01-22' is set on object 'Object Repository/Stockbit/input__BandarmologyOpenStartDate'

2024-01-22 18:22:16 - [TEST_STEP][PASSED] - sendKeys(findTestObject("Stockbit/input__BandarmologyOpenStartDate"), Keys.chord(ENTER)): Keys 'ENTER + ' sent to object: 'Object Repository/Stockbit/input__BandarmologyOpenStartDate'

2024-01-22 18:22:17 - [MESSAGE][PASSED] - Keys 'ENTER + ' sent to object: 'Object Repository/Stockbit/input__BandarmologyOpenStartDate'

2024-01-22 18:22:17 - [TEST_STEP][PASSED] - click(findTestObject("Stockbit/input__BandarmologyOpenEndDate")): Object: 'Object Repository/Stockbit/input__BandarmologyOpenEndDate' is clicked on

2024-01-22 18:22:17 - [MESSAGE][PASSED] - Object: 'Object Repository/Stockbit/input__BandarmologyOpenEndDate' is clicked on

2024-01-22 18:22:17 - [TEST_STEP][PASSED] - sendKeys(findTestObject("Stockbit/input__BandarmologyOpenEndDate"), Keys.chord(CONTROL, "a")): Keys 'CONTROL + a' sent to object: 'Object Repository/Stockbit/input__BandarmologyOpenEndDate'

2024-01-22 18:22:18 - [MESSAGE][PASSED] - Keys 'CONTROL + a' sent to object: 'Object Repository/Stockbit/input__BandarmologyOpenEndDate'

2024-01-22 18:22:18 - [TEST_STEP][PASSED] - sendKeys(findTestObject("Stockbit/input__BandarmologyOpenEndDate"), Keys.chord(BACK_SPACE)): Keys 'BACK_SPACE + ' sent to object: 'Object Repository/Stockbit/input__BandarmologyOpenEndDate'

2024-01-22 18:22:18 - [MESSAGE][PASSED] - Keys 'BACK_SPACE + ' sent to object: 'Object Repository/Stockbit/input__BandarmologyOpenEndDate'

2024-01-22 18:22:18 - [TEST_STEP][PASSED] - setText(findTestObject("Stockbit/input__BandarmologyOpenEndDate"), strTanggal): Text '2024-01-22' is set on object 'Object Repository/Stockbit/input__BandarmologyOpenEndDate'

2024-01-22 18:22:19 - [MESSAGE][PASSED] - Text '2024-01-22' is set on object 'Object Repository/Stockbit/input__BandarmologyOpenEndDate'

2024-01-22 18:22:19 - [TEST_STEP][PASSED] - sendKeys(findTestObject("Stockbit/input__BandarmologyOpenEndDate"), Keys.chord(ENTER)): Keys 'ENTER + ' sent to object: 'Object Repository/Stockbit/input__BandarmologyOpenEndDate'

2024-01-22 18:22:20 - [MESSAGE][PASSED] - Keys 'ENTER + ' sent to object: 'Object Repository/Stockbit/input__BandarmologyOpenEndDate'

2024-01-22 18:22:20 - [TEST_STEP][PASSED] - delay(2): Delayed 2 second(s)

2024-01-22 18:22:22 - [MESSAGE][PASSED] - Delayed 2 second(s)

2024-01-22 18:22:22 - [TEST_STEP][PASSED] - strTemp = getText(findTestObject("Stockbit/Bandarmology_AvgRP")): Text of object 'Object Repository/Stockbit/Bandarmology_AvgRP' is: '64'

2024-01-22 18:22:22 - [MESSAGE][PASSED] - Text of object 'Object Repository/Stockbit/Bandarmology_AvgRP' is: '64'

2024-01-22 18:22:22 - [TEST_STEP][PASSED] - out.println("Bandarmology_AvgRP = " + strTemp): null

2024-01-22 18:22:22 - [TEST_STEP][PASSED] - if (strTemp != "0"): null

2024-01-22 18:22:22 - [TEST_STEP][PASSED] - strTop1 = getText(findTestObject("Stockbit/Bandarmology_Top1")): Text of object 'Object Repository/Stockbit/Bandarmology_Top1' is: 'Big Dist'

2024-01-22 18:22:22 - [MESSAGE][PASSED] - Text of object 'Object Repository/Stockbit/Bandarmology_Top1' is: 'Big Dist'

2024-01-22 18:22:22 - [TEST_STEP][PASSED] - strTop3 = getText(findTestObject("Stockbit/Bandarmology_Top3")): Text of object 'Object Repository/Stockbit/Bandarmology_Top3' is: 'Big Dist'

2024-01-22 18:22:22 - [MESSAGE][PASSED] - Text of object 'Object Repository/Stockbit/Bandarmology_Top3' is: 'Big Dist'

2024-01-22 18:22:22 - [TEST_STEP][PASSED] - strTop5 = getText(findTestObject("Stockbit/Bandarmology_Top5")): Text of object 'Object Repository/Stockbit/Bandarmology_Top5' is: 'Big Dist'

2024-01-22 18:22:22 - [MESSAGE][PASSED] - Text of object 'Object Repository/Stockbit/Bandarmology_Top5' is: 'Big Dist'

2024-01-22 18:22:22 - [TEST_STEP][PASSED] - strAllBrokAvg = getText(findTestObject("Stockbit/Bandarmology_TopAVG")): Text of object 'Object Repository/Stockbit/Bandarmology_TopAVG' is: 'Big Dist'

2024-01-22 18:22:22 - [MESSAGE][PASSED] - Text of object 'Object Repository/Stockbit/Bandarmology_TopAVG' is: 'Big Dist'

2024-01-22 18:22:22 - [TEST_STEP][PASSED] - strTemp = getText(findTestObject("Stockbit/Bandarmology_AvgRP")): Text of object 'Object Repository/Stockbit/Bandarmology_AvgRP' is: '64'

2024-01-22 18:22:23 - [MESSAGE][PASSED] - Text of object 'Object Repository/Stockbit/Bandarmology_AvgRP' is: '64'

2024-01-22 18:22:23 - [TEST_STEP][PASSED] - if (strTemp.contains(",")): null

2024-01-22 18:22:23 - [TEST_STEP][PASSED] - intAvgRP = strTemp.toInteger(): null

2024-01-22 18:22:23 - [TEST_STEP][PASSED] - strBuyer1 = getText(findTestObject("Stockbit/Bandarmology_Buyer1")): Text of object 'Object Repository/Stockbit/Bandarmology_Buyer1' is: 'HP'

2024-01-22 18:22:23 - [MESSAGE][PASSED] - Text of object 'Object Repository/Stockbit/Bandarmology_Buyer1' is: 'HP'

2024-01-22 18:22:23 - [TEST_STEP][PASSED] - strBuyerVol1 = getText(findTestObject("Stockbit/Bandarmology_BuyerVol1")): Text of object 'Object Repository/Stockbit/Bandarmology_BuyerVol1' is: '59.5 K'

2024-01-22 18:22:23 - [MESSAGE][PASSED] - Text of object 'Object Repository/Stockbit/Bandarmology_BuyerVol1' is: '59.5 K'

2024-01-22 18:22:23 - [TEST_STEP][PASSED] - strBuyerAvg1 = getText(findTestObject("Stockbit/Bandarmology_BuyerAvg1")): Text of object 'Object Repository/Stockbit/Bandarmology_BuyerAvg1' is: '64'

2024-01-22 18:22:23 - [MESSAGE][PASSED] - Text of object 'Object Repository/Stockbit/Bandarmology_BuyerAvg1' is: '64'

2024-01-22 18:22:23 - [TEST_STEP][PASSED] - if (strBuyerAvg1.contains(",")): null

2024-01-22 18:22:23 - [TEST_STEP][PASSED] - if (strBuyerVol1.contains(" B")): null

2024-01-22 18:22:23 - [TEST_STEP][PASSED] - else if (strBuyerVol1.contains(" M")): null

2024-01-22 18:22:23 - [TEST_STEP][PASSED] - else if (strBuyerVol1.contains(" K")): null

2024-01-22 18:22:23 - [TEST_STEP][PASSED] - strBuyerVol1 = strBuyerVol1.replace(" K", ""): null

2024-01-22 18:22:23 - [TEST_STEP][PASSED] - strBuyerVol1 = strBuyerVol1.toDouble() * 1000: null

2024-01-22 18:22:23 - [TEST_STEP][PASSED] - strSeller1 = getText(findTestObject("Stockbit/Bandarmology_Seller1")): Text of object 'Object Repository/Stockbit/Bandarmology_Seller1' is: 'PD'

2024-01-22 18:22:23 - [MESSAGE][PASSED] - Text of object 'Object Repository/Stockbit/Bandarmology_Seller1' is: 'PD'

2024-01-22 18:22:23 - [TEST_STEP][PASSED] - strSellerVol1 = getText(findTestObject("Stockbit/Bandarmology_SellerVol1")): Text of object 'Object Repository/Stockbit/Bandarmology_SellerVol1' is: '245.7 K'

2024-01-22 18:22:23 - [MESSAGE][PASSED] - Text of object 'Object Repository/Stockbit/Bandarmology_SellerVol1' is: '245.7 K'

2024-01-22 18:22:23 - [TEST_STEP][PASSED] - strSellerAvg1 = getText(findTestObject("Stockbit/Bandarmology_SellerAvg1")): Text of object 'Object Repository/Stockbit/Bandarmology_SellerAvg1' is: '63'

2024-01-22 18:22:23 - [MESSAGE][PASSED] - Text of object 'Object Repository/Stockbit/Bandarmology_SellerAvg1' is: '63'

2024-01-22 18:22:23 - [TEST_STEP][PASSED] - if (strSellerAvg1.contains(",")): null

2024-01-22 18:22:23 - [TEST_STEP][PASSED] - if (strSellerVol1.contains(" B")): null

2024-01-22 18:22:23 - [TEST_STEP][PASSED] - else if (strSellerVol1.contains(" M")): null

2024-01-22 18:22:23 - [TEST_STEP][PASSED] - else if (strSellerVol1.contains(" K")): null

2024-01-22 18:22:23 - [TEST_STEP][PASSED] - strSellerVol1 = strSellerVol1.replace(" K", ""): null

2024-01-22 18:22:23 - [TEST_STEP][PASSED] - strSellerVol1 = strSellerVol1.toDouble() * 1000: null

2024-01-22 18:22:23 - [TEST_STEP][PASSED] - if (verifyElementNotPresent(findTestObject("Stockbit/Bandarmology_Buyer2"), 1, OPTIONAL)): Web element with id: 'Object Repository/Stockbit/Bandarmology_Buyer2' located by 'By.xpath: //*[contains(@id, 'rc-tabs-')]/div[2]/div/div/div/div/div/div[2]/table/tbody/tr[3]/td[1]/p' is present after '1' second(s) (Root cause: com.kms.katalon.core.exception.StepFailedException: Web element with id: 'Object Repository/Stockbit/Bandarmology_Buyer2' located by 'By.xpath: //*[contains(@id, 'rc-tabs-')]/div[2]/div/div/div/div/div/div[2]/table/tbody/tr[3]/td[1]/p' is present after '1' second(s)
	at com.kms.katalon.core.webui.keyword.internal.WebUIKeywordMain.stepFailed(WebUIKeywordMain.groovy:64)
	at com.kms.katalon.core.webui.keyword.internal.WebUIKeywordMain$stepFailed$0.call(Unknown Source)
	at com.kms.katalon.core.webui.keyword.builtin.VerifyElementNotPresentKeyword$_verifyElementNotPresent_closure1.doCall(VerifyElementNotPresentKeyword.groovy:106)
	at com.kms.katalon.core.webui.keyword.builtin.VerifyElementNotPresentKeyword$_verifyElementNotPresent_closure1.doCall(VerifyElementNotPresentKeyword.groovy)
	at com.kms.katalon.core.webui.keyword.internal.WebUIKeywordMain.runKeyword(WebUIKeywordMain.groovy:20)
	at com.kms.katalon.core.webui.keyword.internal.WebUIKeywordMain$runKeyword.call(Unknown Source)
	at com.kms.katalon.core.webui.keyword.builtin.VerifyElementNotPresentKeyword.verifyElementNotPresent(VerifyElementNotPresentKeyword.groovy:117)
	at com.kms.katalon.core.webui.keyword.builtin.VerifyElementNotPresentKeyword.execute(VerifyElementNotPresentKeyword.groovy:68)
	at com.kms.katalon.core.keyword.internal.KeywordExecutor.executeKeywordForPlatform(KeywordExecutor.groovy:74)
	at com.kms.katalon.core.webui.keyword.WebUiBuiltInKeywords.verifyElementNotPresent(WebUiBuiltInKeywords.groovy:1481)
	at com.kms.katalon.core.webui.keyword.WebUiBuiltInKeywords$verifyElementNotPresent$8.call(Unknown Source)
	at GetBrokSumPriceDaily.run(GetBrokSumPriceDaily:258)
	at com.kms.katalon.core.main.ScriptEngine.run(ScriptEngine.java:194)
	at com.kms.katalon.core.main.ScriptEngine.runScriptAsRawText(ScriptEngine.java:119)
	at com.kms.katalon.core.main.TestCaseExecutor.runScript(TestCaseExecutor.java:445)
	at com.kms.katalon.core.main.TestCaseExecutor.doExecute(TestCaseExecutor.java:436)
	at com.kms.katalon.core.main.TestCaseExecutor.processExecutionPhase(TestCaseExecutor.java:415)
	at com.kms.katalon.core.main.TestCaseExecutor.accessMainPhase(TestCaseExecutor.java:407)
	at com.kms.katalon.core.main.TestCaseExecutor.execute(TestCaseExecutor.java:284)
	at com.kms.katalon.core.common.CommonExecutor.accessTestCaseMainPhase(CommonExecutor.java:65)
	at com.kms.katalon.core.main.TestSuiteExecutor.accessTestSuiteMainPhase(TestSuiteExecutor.java:144)
	at com.kms.katalon.core.main.TestSuiteExecutor.execute(TestSuiteExecutor.java:106)
	at com.kms.katalon.core.main.TestCaseMain.startTestSuite(TestCaseMain.java:185)
	at com.kms.katalon.core.main.TestCaseMain$startTestSuite$0.call(Unknown Source)
	at TempTestSuite1705922193915.run(TempTestSuite1705922193915.groovy:36)
)

2024-01-22 18:22:25 - [MESSAGE][WARNING] - Web element with id: 'Object Repository/Stockbit/Bandarmology_Buyer2' located by 'By.xpath: //*[contains(@id, 'rc-tabs-')]/div[2]/div/div/div/div/div/div[2]/table/tbody/tr[3]/td[1]/p' is present after '1' second(s) (Root cause: com.kms.katalon.core.exception.StepFailedException: Web element with id: 'Object Repository/Stockbit/Bandarmology_Buyer2' located by 'By.xpath: //*[contains(@id, 'rc-tabs-')]/div[2]/div/div/div/div/div/div[2]/table/tbody/tr[3]/td[1]/p' is present after '1' second(s)
	at com.kms.katalon.core.webui.keyword.internal.WebUIKeywordMain.stepFailed(WebUIKeywordMain.groovy:64)
	at com.kms.katalon.core.webui.keyword.internal.WebUIKeywordMain$stepFailed$0.call(Unknown Source)
	at com.kms.katalon.core.webui.keyword.builtin.VerifyElementNotPresentKeyword$_verifyElementNotPresent_closure1.doCall(VerifyElementNotPresentKeyword.groovy:106)
	at com.kms.katalon.core.webui.keyword.builtin.VerifyElementNotPresentKeyword$_verifyElementNotPresent_closure1.doCall(VerifyElementNotPresentKeyword.groovy)
	at com.kms.katalon.core.webui.keyword.internal.WebUIKeywordMain.runKeyword(WebUIKeywordMain.groovy:20)
	at com.kms.katalon.core.webui.keyword.internal.WebUIKeywordMain$runKeyword.call(Unknown Source)
	at com.kms.katalon.core.webui.keyword.builtin.VerifyElementNotPresentKeyword.verifyElementNotPresent(VerifyElementNotPresentKeyword.groovy:117)
	at com.kms.katalon.core.webui.keyword.builtin.VerifyElementNotPresentKeyword.execute(VerifyElementNotPresentKeyword.groovy:68)
	at com.kms.katalon.core.keyword.internal.KeywordExecutor.executeKeywordForPlatform(KeywordExecutor.groovy:74)
	at com.kms.katalon.core.webui.keyword.WebUiBuiltInKeywords.verifyElementNotPresent(WebUiBuiltInKeywords.groovy:1481)
	at com.kms.katalon.core.webui.keyword.WebUiBuiltInKeywords$verifyElementNotPresent$8.call(Unknown Source)
	at GetBrokSumPriceDaily.run(GetBrokSumPriceDaily:258)
	at com.kms.katalon.core.main.ScriptEngine.run(ScriptEngine.java:194)
	at com.kms.katalon.core.main.ScriptEngine.runScriptAsRawText(ScriptEngine.java:119)
	at com.kms.katalon.core.main.TestCaseExecutor.runScript(TestCaseExecutor.java:445)
	at com.kms.katalon.core.main.TestCaseExecutor.doExecute(TestCaseExecutor.java:436)
	at com.kms.katalon.core.main.TestCaseExecutor.processExecutionPhase(TestCaseExecutor.java:415)
	at com.kms.katalon.core.main.TestCaseExecutor.accessMainPhase(TestCaseExecutor.java:407)
	at com.kms.katalon.core.main.TestCaseExecutor.execute(TestCaseExecutor.java:284)
	at com.kms.katalon.core.common.CommonExecutor.accessTestCaseMainPhase(CommonExecutor.java:65)
	at com.kms.katalon.core.main.TestSuiteExecutor.accessTestSuiteMainPhase(TestSuiteExecutor.java:144)
	at com.kms.katalon.core.main.TestSuiteExecutor.execute(TestSuiteExecutor.java:106)
	at com.kms.katalon.core.main.TestCaseMain.startTestSuite(TestCaseMain.java:185)
	at com.kms.katalon.core.main.TestCaseMain$startTestSuite$0.call(Unknown Source)
	at TempTestSuite1705922193915.run(TempTestSuite1705922193915.groovy:36)
)
[[ATTACHMENT|C:\\Users\\Fadli\\git\\KatalonDailyGetData2\\Reports\\20240122_174123\\TS1\\20240122_181633\\1705922545104.png]]

2024-01-22 18:22:25 - [TEST_STEP][PASSED] - else: null

2024-01-22 18:22:25 - [TEST_STEP][PASSED] - strBuyer2 = getText(findTestObject("Stockbit/Bandarmology_Buyer2")): Text of object 'Object Repository/Stockbit/Bandarmology_Buyer2' is: 'MG'

2024-01-22 18:22:25 - [MESSAGE][PASSED] - Text of object 'Object Repository/Stockbit/Bandarmology_Buyer2' is: 'MG'

2024-01-22 18:22:25 - [TEST_STEP][PASSED] - strBuyerVol2 = getText(findTestObject("Stockbit/Bandarmology_BuyerVol2")): Text of object 'Object Repository/Stockbit/Bandarmology_BuyerVol2' is: '58.2 K'

2024-01-22 18:22:25 - [MESSAGE][PASSED] - Text of object 'Object Repository/Stockbit/Bandarmology_BuyerVol2' is: '58.2 K'

2024-01-22 18:22:25 - [TEST_STEP][PASSED] - strBuyerAvg2 = getText(findTestObject("Stockbit/Bandarmology_BuyerAvg2")): Text of object 'Object Repository/Stockbit/Bandarmology_BuyerAvg2' is: '63'

2024-01-22 18:22:25 - [MESSAGE][PASSED] - Text of object 'Object Repository/Stockbit/Bandarmology_BuyerAvg2' is: '63'

2024-01-22 18:22:25 - [TEST_STEP][PASSED] - if (strBuyer2 != ""): null

2024-01-22 18:22:25 - [TEST_STEP][PASSED] - if (strBuyerAvg2.contains(",")): null

2024-01-22 18:22:25 - [TEST_STEP][PASSED] - if (strBuyerVol2.contains(" B")): null

2024-01-22 18:22:25 - [TEST_STEP][PASSED] - else if (strBuyerVol2.contains(" M")): null

2024-01-22 18:22:25 - [TEST_STEP][PASSED] - else if (strBuyerVol2.contains(" K")): null

2024-01-22 18:22:25 - [TEST_STEP][PASSED] - strBuyerVol2 = strBuyerVol2.replace(" K", ""): null

2024-01-22 18:22:25 - [TEST_STEP][PASSED] - strBuyerVol2 = strBuyerVol2.toDouble() * 1000: null

2024-01-22 18:22:25 - [TEST_STEP][PASSED] - if (strBuyerVol2.contains(".")): null

2024-01-22 18:22:25 - [TEST_STEP][PASSED] - strBuyerVal2 = strBuyerVol2.replace(".", ""): null

2024-01-22 18:22:25 - [TEST_STEP][PASSED] - if (verifyElementNotPresent(findTestObject("Stockbit/Bandarmology_Seller2"), 1, OPTIONAL)): Web element with id: 'Object Repository/Stockbit/Bandarmology_Seller2' located by 'By.xpath: //*[contains(@id, 'rc-tabs-')]/div[2]/div/div/div/div/div/div[2]/table/tbody/tr[3]/td[5]/p' is present after '1' second(s) (Root cause: com.kms.katalon.core.exception.StepFailedException: Web element with id: 'Object Repository/Stockbit/Bandarmology_Seller2' located by 'By.xpath: //*[contains(@id, 'rc-tabs-')]/div[2]/div/div/div/div/div/div[2]/table/tbody/tr[3]/td[5]/p' is present after '1' second(s)
	at com.kms.katalon.core.webui.keyword.internal.WebUIKeywordMain.stepFailed(WebUIKeywordMain.groovy:64)
	at com.kms.katalon.core.webui.keyword.internal.WebUIKeywordMain$stepFailed$0.call(Unknown Source)
	at com.kms.katalon.core.webui.keyword.builtin.VerifyElementNotPresentKeyword$_verifyElementNotPresent_closure1.doCall(VerifyElementNotPresentKeyword.groovy:106)
	at com.kms.katalon.core.webui.keyword.builtin.VerifyElementNotPresentKeyword$_verifyElementNotPresent_closure1.doCall(VerifyElementNotPresentKeyword.groovy)
	at com.kms.katalon.core.webui.keyword.internal.WebUIKeywordMain.runKeyword(WebUIKeywordMain.groovy:20)
	at com.kms.katalon.core.webui.keyword.internal.WebUIKeywordMain$runKeyword.call(Unknown Source)
	at com.kms.katalon.core.webui.keyword.builtin.VerifyElementNotPresentKeyword.verifyElementNotPresent(VerifyElementNotPresentKeyword.groovy:117)
	at com.kms.katalon.core.webui.keyword.builtin.VerifyElementNotPresentKeyword.execute(VerifyElementNotPresentKeyword.groovy:68)
	at com.kms.katalon.core.keyword.internal.KeywordExecutor.executeKeywordForPlatform(KeywordExecutor.groovy:74)
	at com.kms.katalon.core.webui.keyword.WebUiBuiltInKeywords.verifyElementNotPresent(WebUiBuiltInKeywords.groovy:1481)
	at com.kms.katalon.core.webui.keyword.WebUiBuiltInKeywords$verifyElementNotPresent$8.call(Unknown Source)
	at GetBrokSumPriceDaily.run(GetBrokSumPriceDaily:309)
	at com.kms.katalon.core.main.ScriptEngine.run(ScriptEngine.java:194)
	at com.kms.katalon.core.main.ScriptEngine.runScriptAsRawText(ScriptEngine.java:119)
	at com.kms.katalon.core.main.TestCaseExecutor.runScript(TestCaseExecutor.java:445)
	at com.kms.katalon.core.main.TestCaseExecutor.doExecute(TestCaseExecutor.java:436)
	at com.kms.katalon.core.main.TestCaseExecutor.processExecutionPhase(TestCaseExecutor.java:415)
	at com.kms.katalon.core.main.TestCaseExecutor.accessMainPhase(TestCaseExecutor.java:407)
	at com.kms.katalon.core.main.TestCaseExecutor.execute(TestCaseExecutor.java:284)
	at com.kms.katalon.core.common.CommonExecutor.accessTestCaseMainPhase(CommonExecutor.java:65)
	at com.kms.katalon.core.main.TestSuiteExecutor.accessTestSuiteMainPhase(TestSuiteExecutor.java:144)
	at com.kms.katalon.core.main.TestSuiteExecutor.execute(TestSuiteExecutor.java:106)
	at com.kms.katalon.core.main.TestCaseMain.startTestSuite(TestCaseMain.java:185)
	at com.kms.katalon.core.main.TestCaseMain$startTestSuite$0.call(Unknown Source)
	at TempTestSuite1705922193915.run(TempTestSuite1705922193915.groovy:36)
)

2024-01-22 18:22:27 - [MESSAGE][WARNING] - Web element with id: 'Object Repository/Stockbit/Bandarmology_Seller2' located by 'By.xpath: //*[contains(@id, 'rc-tabs-')]/div[2]/div/div/div/div/div/div[2]/table/tbody/tr[3]/td[5]/p' is present after '1' second(s) (Root cause: com.kms.katalon.core.exception.StepFailedException: Web element with id: 'Object Repository/Stockbit/Bandarmology_Seller2' located by 'By.xpath: //*[contains(@id, 'rc-tabs-')]/div[2]/div/div/div/div/div/div[2]/table/tbody/tr[3]/td[5]/p' is present after '1' second(s)
	at com.kms.katalon.core.webui.keyword.internal.WebUIKeywordMain.stepFailed(WebUIKeywordMain.groovy:64)
	at com.kms.katalon.core.webui.keyword.internal.WebUIKeywordMain$stepFailed$0.call(Unknown Source)
	at com.kms.katalon.core.webui.keyword.builtin.VerifyElementNotPresentKeyword$_verifyElementNotPresent_closure1.doCall(VerifyElementNotPresentKeyword.groovy:106)
	at com.kms.katalon.core.webui.keyword.builtin.VerifyElementNotPresentKeyword$_verifyElementNotPresent_closure1.doCall(VerifyElementNotPresentKeyword.groovy)
	at com.kms.katalon.core.webui.keyword.internal.WebUIKeywordMain.runKeyword(WebUIKeywordMain.groovy:20)
	at com.kms.katalon.core.webui.keyword.internal.WebUIKeywordMain$runKeyword.call(Unknown Source)
	at com.kms.katalon.core.webui.keyword.builtin.VerifyElementNotPresentKeyword.verifyElementNotPresent(VerifyElementNotPresentKeyword.groovy:117)
	at com.kms.katalon.core.webui.keyword.builtin.VerifyElementNotPresentKeyword.execute(VerifyElementNotPresentKeyword.groovy:68)
	at com.kms.katalon.core.keyword.internal.KeywordExecutor.executeKeywordForPlatform(KeywordExecutor.groovy:74)
	at com.kms.katalon.core.webui.keyword.WebUiBuiltInKeywords.verifyElementNotPresent(WebUiBuiltInKeywords.groovy:1481)
	at com.kms.katalon.core.webui.keyword.WebUiBuiltInKeywords$verifyElementNotPresent$8.call(Unknown Source)
	at GetBrokSumPriceDaily.run(GetBrokSumPriceDaily:309)
	at com.kms.katalon.core.main.ScriptEngine.run(ScriptEngine.java:194)
	at com.kms.katalon.core.main.ScriptEngine.runScriptAsRawText(ScriptEngine.java:119)
	at com.kms.katalon.core.main.TestCaseExecutor.runScript(TestCaseExecutor.java:445)
	at com.kms.katalon.core.main.TestCaseExecutor.doExecute(TestCaseExecutor.java:436)
	at com.kms.katalon.core.main.TestCaseExecutor.processExecutionPhase(TestCaseExecutor.java:415)
	at com.kms.katalon.core.main.TestCaseExecutor.accessMainPhase(TestCaseExecutor.java:407)
	at com.kms.katalon.core.main.TestCaseExecutor.execute(TestCaseExecutor.java:284)
	at com.kms.katalon.core.common.CommonExecutor.accessTestCaseMainPhase(CommonExecutor.java:65)
	at com.kms.katalon.core.main.TestSuiteExecutor.accessTestSuiteMainPhase(TestSuiteExecutor.java:144)
	at com.kms.katalon.core.main.TestSuiteExecutor.execute(TestSuiteExecutor.java:106)
	at com.kms.katalon.core.main.TestCaseMain.startTestSuite(TestCaseMain.java:185)
	at com.kms.katalon.core.main.TestCaseMain$startTestSuite$0.call(Unknown Source)
	at TempTestSuite1705922193915.run(TempTestSuite1705922193915.groovy:36)
)
[[ATTACHMENT|C:\\Users\\Fadli\\git\\KatalonDailyGetData2\\Reports\\20240122_174123\\TS1\\20240122_181633\\1705922547011.png]]

2024-01-22 18:22:27 - [TEST_STEP][PASSED] - else: null

2024-01-22 18:22:27 - [TEST_STEP][PASSED] - strSeller2 = getText(findTestObject("Stockbit/Bandarmology_Seller2")): Text of object 'Object Repository/Stockbit/Bandarmology_Seller2' is: 'SS'

2024-01-22 18:22:27 - [MESSAGE][PASSED] - Text of object 'Object Repository/Stockbit/Bandarmology_Seller2' is: 'SS'

2024-01-22 18:22:27 - [TEST_STEP][PASSED] - strSellerVol2 = getText(findTestObject("Stockbit/Bandarmology_SellerVol2")): Text of object 'Object Repository/Stockbit/Bandarmology_SellerVol2' is: '200 K'

2024-01-22 18:22:27 - [MESSAGE][PASSED] - Text of object 'Object Repository/Stockbit/Bandarmology_SellerVol2' is: '200 K'

2024-01-22 18:22:27 - [TEST_STEP][PASSED] - strSellerAvg2 = getText(findTestObject("Stockbit/Bandarmology_SellerAvg2")): Text of object 'Object Repository/Stockbit/Bandarmology_SellerAvg2' is: '64'

2024-01-22 18:22:27 - [MESSAGE][PASSED] - Text of object 'Object Repository/Stockbit/Bandarmology_SellerAvg2' is: '64'

2024-01-22 18:22:27 - [TEST_STEP][PASSED] - if (strSeller2 != ""): null

2024-01-22 18:22:27 - [TEST_STEP][PASSED] - if (strSellerAvg2.contains(",")): null

2024-01-22 18:22:27 - [TEST_STEP][PASSED] - if (strSellerVol2.contains(" B")): null

2024-01-22 18:22:27 - [TEST_STEP][PASSED] - else if (strSellerVol2.contains(" M")): null

2024-01-22 18:22:27 - [TEST_STEP][PASSED] - else if (strSellerVol2.contains(" K")): null

2024-01-22 18:22:27 - [TEST_STEP][PASSED] - strSellerVol2 = strSellerVol2.replace(" K", ""): null

2024-01-22 18:22:27 - [TEST_STEP][PASSED] - strSellerVol2 = strSellerVol2.toDouble() * 1000: null

2024-01-22 18:22:27 - [TEST_STEP][PASSED] - if (verifyElementNotPresent(findTestObject("Stockbit/Bandarmology_Buyer3"), 1, OPTIONAL)): Web element with id: 'Object Repository/Stockbit/Bandarmology_Buyer3' located by 'By.xpath: //*[contains(@id, 'rc-tabs-')]/div[2]/div/div/div/div/div/div[2]/table/tbody/tr[4]/td[1]/p' is present after '1' second(s) (Root cause: com.kms.katalon.core.exception.StepFailedException: Web element with id: 'Object Repository/Stockbit/Bandarmology_Buyer3' located by 'By.xpath: //*[contains(@id, 'rc-tabs-')]/div[2]/div/div/div/div/div/div[2]/table/tbody/tr[4]/td[1]/p' is present after '1' second(s)
	at com.kms.katalon.core.webui.keyword.internal.WebUIKeywordMain.stepFailed(WebUIKeywordMain.groovy:64)
	at com.kms.katalon.core.webui.keyword.internal.WebUIKeywordMain$stepFailed$0.call(Unknown Source)
	at com.kms.katalon.core.webui.keyword.builtin.VerifyElementNotPresentKeyword$_verifyElementNotPresent_closure1.doCall(VerifyElementNotPresentKeyword.groovy:106)
	at com.kms.katalon.core.webui.keyword.builtin.VerifyElementNotPresentKeyword$_verifyElementNotPresent_closure1.doCall(VerifyElementNotPresentKeyword.groovy)
	at com.kms.katalon.core.webui.keyword.internal.WebUIKeywordMain.runKeyword(WebUIKeywordMain.groovy:20)
	at com.kms.katalon.core.webui.keyword.internal.WebUIKeywordMain$runKeyword.call(Unknown Source)
	at com.kms.katalon.core.webui.keyword.builtin.VerifyElementNotPresentKeyword.verifyElementNotPresent(VerifyElementNotPresentKeyword.groovy:117)
	at com.kms.katalon.core.webui.keyword.builtin.VerifyElementNotPresentKeyword.execute(VerifyElementNotPresentKeyword.groovy:68)
	at com.kms.katalon.core.keyword.internal.KeywordExecutor.executeKeywordForPlatform(KeywordExecutor.groovy:74)
	at com.kms.katalon.core.webui.keyword.WebUiBuiltInKeywords.verifyElementNotPresent(WebUiBuiltInKeywords.groovy:1481)
	at com.kms.katalon.core.webui.keyword.WebUiBuiltInKeywords$verifyElementNotPresent$8.call(Unknown Source)
	at GetBrokSumPriceDaily.run(GetBrokSumPriceDaily:361)
	at com.kms.katalon.core.main.ScriptEngine.run(ScriptEngine.java:194)
	at com.kms.katalon.core.main.ScriptEngine.runScriptAsRawText(ScriptEngine.java:119)
	at com.kms.katalon.core.main.TestCaseExecutor.runScript(TestCaseExecutor.java:445)
	at com.kms.katalon.core.main.TestCaseExecutor.doExecute(TestCaseExecutor.java:436)
	at com.kms.katalon.core.main.TestCaseExecutor.processExecutionPhase(TestCaseExecutor.java:415)
	at com.kms.katalon.core.main.TestCaseExecutor.accessMainPhase(TestCaseExecutor.java:407)
	at com.kms.katalon.core.main.TestCaseExecutor.execute(TestCaseExecutor.java:284)
	at com.kms.katalon.core.common.CommonExecutor.accessTestCaseMainPhase(CommonExecutor.java:65)
	at com.kms.katalon.core.main.TestSuiteExecutor.accessTestSuiteMainPhase(TestSuiteExecutor.java:144)
	at com.kms.katalon.core.main.TestSuiteExecutor.execute(TestSuiteExecutor.java:106)
	at com.kms.katalon.core.main.TestCaseMain.startTestSuite(TestCaseMain.java:185)
	at com.kms.katalon.core.main.TestCaseMain$startTestSuite$0.call(Unknown Source)
	at TempTestSuite1705922193915.run(TempTestSuite1705922193915.groovy:36)
)

2024-01-22 18:22:29 - [MESSAGE][WARNING] - Web element with id: 'Object Repository/Stockbit/Bandarmology_Buyer3' located by 'By.xpath: //*[contains(@id, 'rc-tabs-')]/div[2]/div/div/div/div/div/div[2]/table/tbody/tr[4]/td[1]/p' is present after '1' second(s) (Root cause: com.kms.katalon.core.exception.StepFailedException: Web element with id: 'Object Repository/Stockbit/Bandarmology_Buyer3' located by 'By.xpath: //*[contains(@id, 'rc-tabs-')]/div[2]/div/div/div/div/div/div[2]/table/tbody/tr[4]/td[1]/p' is present after '1' second(s)
	at com.kms.katalon.core.webui.keyword.internal.WebUIKeywordMain.stepFailed(WebUIKeywordMain.groovy:64)
	at com.kms.katalon.core.webui.keyword.internal.WebUIKeywordMain$stepFailed$0.call(Unknown Source)
	at com.kms.katalon.core.webui.keyword.builtin.VerifyElementNotPresentKeyword$_verifyElementNotPresent_closure1.doCall(VerifyElementNotPresentKeyword.groovy:106)
	at com.kms.katalon.core.webui.keyword.builtin.VerifyElementNotPresentKeyword$_verifyElementNotPresent_closure1.doCall(VerifyElementNotPresentKeyword.groovy)
	at com.kms.katalon.core.webui.keyword.internal.WebUIKeywordMain.runKeyword(WebUIKeywordMain.groovy:20)
	at com.kms.katalon.core.webui.keyword.internal.WebUIKeywordMain$runKeyword.call(Unknown Source)
	at com.kms.katalon.core.webui.keyword.builtin.VerifyElementNotPresentKeyword.verifyElementNotPresent(VerifyElementNotPresentKeyword.groovy:117)
	at com.kms.katalon.core.webui.keyword.builtin.VerifyElementNotPresentKeyword.execute(VerifyElementNotPresentKeyword.groovy:68)
	at com.kms.katalon.core.keyword.internal.KeywordExecutor.executeKeywordForPlatform(KeywordExecutor.groovy:74)
	at com.kms.katalon.core.webui.keyword.WebUiBuiltInKeywords.verifyElementNotPresent(WebUiBuiltInKeywords.groovy:1481)
	at com.kms.katalon.core.webui.keyword.WebUiBuiltInKeywords$verifyElementNotPresent$8.call(Unknown Source)
	at GetBrokSumPriceDaily.run(GetBrokSumPriceDaily:361)
	at com.kms.katalon.core.main.ScriptEngine.run(ScriptEngine.java:194)
	at com.kms.katalon.core.main.ScriptEngine.runScriptAsRawText(ScriptEngine.java:119)
	at com.kms.katalon.core.main.TestCaseExecutor.runScript(TestCaseExecutor.java:445)
	at com.kms.katalon.core.main.TestCaseExecutor.doExecute(TestCaseExecutor.java:436)
	at com.kms.katalon.core.main.TestCaseExecutor.processExecutionPhase(TestCaseExecutor.java:415)
	at com.kms.katalon.core.main.TestCaseExecutor.accessMainPhase(TestCaseExecutor.java:407)
	at com.kms.katalon.core.main.TestCaseExecutor.execute(TestCaseExecutor.java:284)
	at com.kms.katalon.core.common.CommonExecutor.accessTestCaseMainPhase(CommonExecutor.java:65)
	at com.kms.katalon.core.main.TestSuiteExecutor.accessTestSuiteMainPhase(TestSuiteExecutor.java:144)
	at com.kms.katalon.core.main.TestSuiteExecutor.execute(TestSuiteExecutor.java:106)
	at com.kms.katalon.core.main.TestCaseMain.startTestSuite(TestCaseMain.java:185)
	at com.kms.katalon.core.main.TestCaseMain$startTestSuite$0.call(Unknown Source)
	at TempTestSuite1705922193915.run(TempTestSuite1705922193915.groovy:36)
)
[[ATTACHMENT|C:\\Users\\Fadli\\git\\KatalonDailyGetData2\\Reports\\20240122_174123\\TS1\\20240122_181633\\1705922549024.png]]

2024-01-22 18:22:29 - [TEST_STEP][PASSED] - else: null

2024-01-22 18:22:29 - [TEST_STEP][PASSED] - strBuyer3 = getText(findTestObject("Stockbit/Bandarmology_Buyer3")): Text of object 'Object Repository/Stockbit/Bandarmology_Buyer3' is: 'YP'

2024-01-22 18:22:29 - [MESSAGE][PASSED] - Text of object 'Object Repository/Stockbit/Bandarmology_Buyer3' is: 'YP'

2024-01-22 18:22:29 - [TEST_STEP][PASSED] - strBuyerVol3 = getText(findTestObject("Stockbit/Bandarmology_BuyerVol3")): Text of object 'Object Repository/Stockbit/Bandarmology_BuyerVol3' is: '46.9 K'

2024-01-22 18:22:29 - [MESSAGE][PASSED] - Text of object 'Object Repository/Stockbit/Bandarmology_BuyerVol3' is: '46.9 K'

2024-01-22 18:22:29 - [TEST_STEP][PASSED] - strBuyerAvg3 = getText(findTestObject("Stockbit/Bandarmology_BuyerAvg3")): Text of object 'Object Repository/Stockbit/Bandarmology_BuyerAvg3' is: '64'

2024-01-22 18:22:29 - [MESSAGE][PASSED] - Text of object 'Object Repository/Stockbit/Bandarmology_BuyerAvg3' is: '64'

2024-01-22 18:22:29 - [TEST_STEP][PASSED] - if (strBuyer3 != ""): null

2024-01-22 18:22:29 - [TEST_STEP][PASSED] - if (strBuyerAvg3.contains(",")): null

2024-01-22 18:22:29 - [TEST_STEP][PASSED] - if (strBuyerVol3.contains(" B")): null

2024-01-22 18:22:29 - [TEST_STEP][PASSED] - else if (strBuyerVol3.contains(" M")): null

2024-01-22 18:22:29 - [TEST_STEP][PASSED] - else if (strBuyerVol3.contains(" K")): null

2024-01-22 18:22:29 - [TEST_STEP][PASSED] - strBuyerVol3 = strBuyerVol3.replace(" K", ""): null

2024-01-22 18:22:29 - [TEST_STEP][PASSED] - strBuyerVol3 = strBuyerVol3.toDouble() * 1000: null

2024-01-22 18:22:29 - [TEST_STEP][PASSED] - if (verifyElementNotPresent(findTestObject("Stockbit/Bandarmology_Seller3"), 1, OPTIONAL)): Web element with id: 'Object Repository/Stockbit/Bandarmology_Seller3' located by 'By.xpath: //*[contains(@id, 'rc-tabs-')]/div[2]/div/div/div/div/div/div[2]/table/tbody/tr[4]/td[5]/p' is present after '1' second(s) (Root cause: com.kms.katalon.core.exception.StepFailedException: Web element with id: 'Object Repository/Stockbit/Bandarmology_Seller3' located by 'By.xpath: //*[contains(@id, 'rc-tabs-')]/div[2]/div/div/div/div/div/div[2]/table/tbody/tr[4]/td[5]/p' is present after '1' second(s)
	at com.kms.katalon.core.webui.keyword.internal.WebUIKeywordMain.stepFailed(WebUIKeywordMain.groovy:64)
	at com.kms.katalon.core.webui.keyword.internal.WebUIKeywordMain$stepFailed$0.call(Unknown Source)
	at com.kms.katalon.core.webui.keyword.builtin.VerifyElementNotPresentKeyword$_verifyElementNotPresent_closure1.doCall(VerifyElementNotPresentKeyword.groovy:106)
	at com.kms.katalon.core.webui.keyword.builtin.VerifyElementNotPresentKeyword$_verifyElementNotPresent_closure1.doCall(VerifyElementNotPresentKeyword.groovy)
	at com.kms.katalon.core.webui.keyword.internal.WebUIKeywordMain.runKeyword(WebUIKeywordMain.groovy:20)
	at com.kms.katalon.core.webui.keyword.internal.WebUIKeywordMain$runKeyword.call(Unknown Source)
	at com.kms.katalon.core.webui.keyword.builtin.VerifyElementNotPresentKeyword.verifyElementNotPresent(VerifyElementNotPresentKeyword.groovy:117)
	at com.kms.katalon.core.webui.keyword.builtin.VerifyElementNotPresentKeyword.execute(VerifyElementNotPresentKeyword.groovy:68)
	at com.kms.katalon.core.keyword.internal.KeywordExecutor.executeKeywordForPlatform(KeywordExecutor.groovy:74)
	at com.kms.katalon.core.webui.keyword.WebUiBuiltInKeywords.verifyElementNotPresent(WebUiBuiltInKeywords.groovy:1481)
	at com.kms.katalon.core.webui.keyword.WebUiBuiltInKeywords$verifyElementNotPresent$8.call(Unknown Source)
	at GetBrokSumPriceDaily.run(GetBrokSumPriceDaily:414)
	at com.kms.katalon.core.main.ScriptEngine.run(ScriptEngine.java:194)
	at com.kms.katalon.core.main.ScriptEngine.runScriptAsRawText(ScriptEngine.java:119)
	at com.kms.katalon.core.main.TestCaseExecutor.runScript(TestCaseExecutor.java:445)
	at com.kms.katalon.core.main.TestCaseExecutor.doExecute(TestCaseExecutor.java:436)
	at com.kms.katalon.core.main.TestCaseExecutor.processExecutionPhase(TestCaseExecutor.java:415)
	at com.kms.katalon.core.main.TestCaseExecutor.accessMainPhase(TestCaseExecutor.java:407)
	at com.kms.katalon.core.main.TestCaseExecutor.execute(TestCaseExecutor.java:284)
	at com.kms.katalon.core.common.CommonExecutor.accessTestCaseMainPhase(CommonExecutor.java:65)
	at com.kms.katalon.core.main.TestSuiteExecutor.accessTestSuiteMainPhase(TestSuiteExecutor.java:144)
	at com.kms.katalon.core.main.TestSuiteExecutor.execute(TestSuiteExecutor.java:106)
	at com.kms.katalon.core.main.TestCaseMain.startTestSuite(TestCaseMain.java:185)
	at com.kms.katalon.core.main.TestCaseMain$startTestSuite$0.call(Unknown Source)
	at TempTestSuite1705922193915.run(TempTestSuite1705922193915.groovy:36)
)

2024-01-22 18:22:31 - [MESSAGE][WARNING] - Web element with id: 'Object Repository/Stockbit/Bandarmology_Seller3' located by 'By.xpath: //*[contains(@id, 'rc-tabs-')]/div[2]/div/div/div/div/div/div[2]/table/tbody/tr[4]/td[5]/p' is present after '1' second(s) (Root cause: com.kms.katalon.core.exception.StepFailedException: Web element with id: 'Object Repository/Stockbit/Bandarmology_Seller3' located by 'By.xpath: //*[contains(@id, 'rc-tabs-')]/div[2]/div/div/div/div/div/div[2]/table/tbody/tr[4]/td[5]/p' is present after '1' second(s)
	at com.kms.katalon.core.webui.keyword.internal.WebUIKeywordMain.stepFailed(WebUIKeywordMain.groovy:64)
	at com.kms.katalon.core.webui.keyword.internal.WebUIKeywordMain$stepFailed$0.call(Unknown Source)
	at com.kms.katalon.core.webui.keyword.builtin.VerifyElementNotPresentKeyword$_verifyElementNotPresent_closure1.doCall(VerifyElementNotPresentKeyword.groovy:106)
	at com.kms.katalon.core.webui.keyword.builtin.VerifyElementNotPresentKeyword$_verifyElementNotPresent_closure1.doCall(VerifyElementNotPresentKeyword.groovy)
	at com.kms.katalon.core.webui.keyword.internal.WebUIKeywordMain.runKeyword(WebUIKeywordMain.groovy:20)
	at com.kms.katalon.core.webui.keyword.internal.WebUIKeywordMain$runKeyword.call(Unknown Source)
	at com.kms.katalon.core.webui.keyword.builtin.VerifyElementNotPresentKeyword.verifyElementNotPresent(VerifyElementNotPresentKeyword.groovy:117)
	at com.kms.katalon.core.webui.keyword.builtin.VerifyElementNotPresentKeyword.execute(VerifyElementNotPresentKeyword.groovy:68)
	at com.kms.katalon.core.keyword.internal.KeywordExecutor.executeKeywordForPlatform(KeywordExecutor.groovy:74)
	at com.kms.katalon.core.webui.keyword.WebUiBuiltInKeywords.verifyElementNotPresent(WebUiBuiltInKeywords.groovy:1481)
	at com.kms.katalon.core.webui.keyword.WebUiBuiltInKeywords$verifyElementNotPresent$8.call(Unknown Source)
	at GetBrokSumPriceDaily.run(GetBrokSumPriceDaily:414)
	at com.kms.katalon.core.main.ScriptEngine.run(ScriptEngine.java:194)
	at com.kms.katalon.core.main.ScriptEngine.runScriptAsRawText(ScriptEngine.java:119)
	at com.kms.katalon.core.main.TestCaseExecutor.runScript(TestCaseExecutor.java:445)
	at com.kms.katalon.core.main.TestCaseExecutor.doExecute(TestCaseExecutor.java:436)
	at com.kms.katalon.core.main.TestCaseExecutor.processExecutionPhase(TestCaseExecutor.java:415)
	at com.kms.katalon.core.main.TestCaseExecutor.accessMainPhase(TestCaseExecutor.java:407)
	at com.kms.katalon.core.main.TestCaseExecutor.execute(TestCaseExecutor.java:284)
	at com.kms.katalon.core.common.CommonExecutor.accessTestCaseMainPhase(CommonExecutor.java:65)
	at com.kms.katalon.core.main.TestSuiteExecutor.accessTestSuiteMainPhase(TestSuiteExecutor.java:144)
	at com.kms.katalon.core.main.TestSuiteExecutor.execute(TestSuiteExecutor.java:106)
	at com.kms.katalon.core.main.TestCaseMain.startTestSuite(TestCaseMain.java:185)
	at com.kms.katalon.core.main.TestCaseMain$startTestSuite$0.call(Unknown Source)
	at TempTestSuite1705922193915.run(TempTestSuite1705922193915.groovy:36)
)
[[ATTACHMENT|C:\\Users\\Fadli\\git\\KatalonDailyGetData2\\Reports\\20240122_174123\\TS1\\20240122_181633\\1705922550886.png]]

2024-01-22 18:22:31 - [TEST_STEP][PASSED] - else: null

2024-01-22 18:22:31 - [TEST_STEP][PASSED] - strSeller3 = getText(findTestObject("Stockbit/Bandarmology_Seller3")): Text of object 'Object Repository/Stockbit/Bandarmology_Seller3' is: 'CC'

2024-01-22 18:22:31 - [MESSAGE][PASSED] - Text of object 'Object Repository/Stockbit/Bandarmology_Seller3' is: 'CC'

2024-01-22 18:22:31 - [TEST_STEP][PASSED] - strSellerVol3 = getText(findTestObject("Stockbit/Bandarmology_SellerVol3")): Text of object 'Object Repository/Stockbit/Bandarmology_SellerVol3' is: '39.8 K'

2024-01-22 18:22:31 - [MESSAGE][PASSED] - Text of object 'Object Repository/Stockbit/Bandarmology_SellerVol3' is: '39.8 K'

2024-01-22 18:22:31 - [TEST_STEP][PASSED] - strSellerAvg3 = getText(findTestObject("Stockbit/Bandarmology_SellerAvg3")): Text of object 'Object Repository/Stockbit/Bandarmology_SellerAvg3' is: '64'

2024-01-22 18:22:31 - [MESSAGE][PASSED] - Text of object 'Object Repository/Stockbit/Bandarmology_SellerAvg3' is: '64'

2024-01-22 18:22:31 - [TEST_STEP][PASSED] - if (strSeller3 != ""): null

2024-01-22 18:22:31 - [TEST_STEP][PASSED] - if (strSellerAvg3.contains(",")): null

2024-01-22 18:22:31 - [TEST_STEP][PASSED] - if (strSellerVol3.contains(" B")): null

2024-01-22 18:22:31 - [TEST_STEP][PASSED] - else if (strSellerVol3.contains(" M")): null

2024-01-22 18:22:31 - [TEST_STEP][PASSED] - else if (strSellerVol3.contains(" K")): null

2024-01-22 18:22:31 - [TEST_STEP][PASSED] - strSellerVol3 = strSellerVol3.replace(" K", ""): null

2024-01-22 18:22:31 - [TEST_STEP][PASSED] - strSellerVol3 = strSellerVol3.toDouble() * 1000: null

2024-01-22 18:22:31 - [TEST_STEP][PASSED] - strAccDist = getText(findTestObject("Stockbit/Bandarmology_AccDist")): Text of object 'Object Repository/Stockbit/Bandarmology_AccDist' is: 'Dist'

2024-01-22 18:22:31 - [MESSAGE][PASSED] - Text of object 'Object Repository/Stockbit/Bandarmology_AccDist' is: 'Dist'

2024-01-22 18:22:31 - [TEST_STEP][PASSED] - strNetVol = getText(findTestObject("Stockbit/Bandarmology_NetVol")): Text of object 'Object Repository/Stockbit/Bandarmology_NetVol' is: '597,889'

2024-01-22 18:22:31 - [MESSAGE][PASSED] - Text of object 'Object Repository/Stockbit/Bandarmology_NetVol' is: '597,889'

2024-01-22 18:22:31 - [TEST_STEP][PASSED] - strNetVol = strNetVol.replace(",", ""): null

2024-01-22 18:22:31 - [TEST_STEP][PASSED] - strNetVal = getText(findTestObject("Stockbit/Bandarmology_NetVal")): Text of object 'Object Repository/Stockbit/Bandarmology_NetVal' is: '3.8 B'

2024-01-22 18:22:32 - [MESSAGE][PASSED] - Text of object 'Object Repository/Stockbit/Bandarmology_NetVal' is: '3.8 B'

2024-01-22 18:22:32 - [TEST_STEP][PASSED] - delay(3): Delayed 3 second(s)

2024-01-22 18:22:35 - [MESSAGE][PASSED] - Delayed 3 second(s)

2024-01-22 18:22:35 - [TEST_STEP][PASSED] - strOpenPrice = getText(findTestObject("Stockbit/Home_OpenPrice")): Text of object 'Object Repository/Stockbit/Home_OpenPrice' is: '66'

2024-01-22 18:22:35 - [MESSAGE][PASSED] - Text of object 'Object Repository/Stockbit/Home_OpenPrice' is: '66'

2024-01-22 18:22:35 - [TEST_STEP][PASSED] - strOpenPrice = strOpenPrice.replace(",", ""): null

2024-01-22 18:22:35 - [TEST_STEP][PASSED] - strLowPrice = getText(findTestObject("Stockbit/Home_LowPrice")): Text of object 'Object Repository/Stockbit/Home_LowPrice' is: '63'

2024-01-22 18:22:35 - [MESSAGE][PASSED] - Text of object 'Object Repository/Stockbit/Home_LowPrice' is: '63'

2024-01-22 18:22:35 - [TEST_STEP][PASSED] - strLowPrice = strLowPrice.replace(",", ""): null

2024-01-22 18:22:35 - [TEST_STEP][PASSED] - strHighPrice = getText(findTestObject("Stockbit/Home_HighPrice")): Text of object 'Object Repository/Stockbit/Home_HighPrice' is: '66'

2024-01-22 18:22:35 - [MESSAGE][PASSED] - Text of object 'Object Repository/Stockbit/Home_HighPrice' is: '66'

2024-01-22 18:22:35 - [TEST_STEP][PASSED] - strHighPrice = strHighPrice.replace(",", ""): null

2024-01-22 18:22:35 - [TEST_STEP][PASSED] - strClosePrice = getText(findTestObject("Stockbit/Home_ClosePrice")): Text of object 'Object Repository/Stockbit/Home_ClosePrice' is: '63'

2024-01-22 18:22:35 - [MESSAGE][PASSED] - Text of object 'Object Repository/Stockbit/Home_ClosePrice' is: '63'

2024-01-22 18:22:35 - [TEST_STEP][PASSED] - strClosePrice = strClosePrice.replace(",", ""): null

2024-01-22 18:22:35 - [TEST_STEP][PASSED] - strVol = getText(findTestObject("Stockbit/Home_Volume")): Text of object 'Object Repository/Stockbit/Home_Volume' is: '1,409 K'

2024-01-22 18:22:35 - [MESSAGE][PASSED] - Text of object 'Object Repository/Stockbit/Home_Volume' is: '1,409 K'

2024-01-22 18:22:35 - [TEST_STEP][PASSED] - if (strVol.contains(" K")): null

2024-01-22 18:22:35 - [TEST_STEP][PASSED] - strVol = strVol.replace(" K", "000"): null

2024-01-22 18:22:35 - [TEST_STEP][PASSED] - if (strVol.contains(",")): null

2024-01-22 18:22:35 - [TEST_STEP][PASSED] - strVol = strVol.replace(",", ""): null

2024-01-22 18:22:35 - [TEST_STEP][PASSED] - strChange = getText(findTestObject("Stockbit/Home_Change")): Text of object 'Object Repository/Stockbit/Home_Change' is: '-3.08%'

2024-01-22 18:22:36 - [MESSAGE][PASSED] - Text of object 'Object Repository/Stockbit/Home_Change' is: '-3.08%'

2024-01-22 18:22:36 - [TEST_STEP][PASSED] - strChange = strChange.replace("%", ""): null

2024-01-22 18:22:36 - [TEST_STEP][PASSED] - strFreq = getText(findTestObject("Stockbit/Home_Freq")): Text of object 'Object Repository/Stockbit/Home_Freq' is: '1,266'

2024-01-22 18:22:36 - [MESSAGE][PASSED] - Text of object 'Object Repository/Stockbit/Home_Freq' is: '1,266'

2024-01-22 18:22:36 - [TEST_STEP][PASSED] - if (strFreq.contains(",")): null

2024-01-22 18:22:36 - [TEST_STEP][PASSED] - strFreq = strFreq.replace(",", ""): null

2024-01-22 18:22:36 - [TEST_STEP][PASSED] - if (strFreq == "NA" || strFreq == ""): null

2024-01-22 18:22:36 - [TEST_STEP][PASSED] - else: null

2024-01-22 18:22:36 - [TEST_STEP][PASSED] - dblFreqAnal = strVol.toDouble() / strFreq.toDouble() * strFreq.toDouble() * strFreq.toDouble() * 100000000: null

2024-01-22 18:22:36 - [TEST_STEP][PASSED] - strFreqAnal = String.format("%.4f", dblFreqAnal): null

2024-01-22 18:22:36 - [TEST_STEP][PASSED] - out.println("Double strFreqAnal: " + strFreqAnal): null

2024-01-22 18:22:36 - [TEST_STEP][PASSED] - strTanggal = d.format(DateTimeFormatter.ofPattern("yyyy-MM-dd")): null

2024-01-22 18:22:36 - [TEST_STEP][PASSED] - strTanggal = "#" + strTanggal + "#": null

2024-01-22 18:22:36 - [TEST_STEP][PASSED] - strSQL = "select count(*) as JumBaris from TblBrokSum where Nama = '" + strNama + "' and Tanggal = " + strTanggal + "": null

2024-01-22 18:22:36 - [TEST_STEP][PASSED] - resultSet = statement.executeQuery(strSQL): null

2024-01-22 18:22:36 - [TEST_STEP][PASSED] - resultSet.next(): null

2024-01-22 18:22:36 - [TEST_STEP][PASSED] - intJumBaris = resultSet.getInt("JumBaris"): null

2024-01-22 18:22:36 - [TEST_STEP][PASSED] - if (intJumBaris > 0): null

2024-01-22 18:22:36 - [TEST_STEP][PASSED] - else: null

2024-01-22 18:22:36 - [TEST_STEP][PASSED] - try: null

2024-01-22 18:22:36 - [TEST_STEP][PASSED] - out.println("Insert data"): null

2024-01-22 18:22:36 - [TEST_STEP][PASSED] - strSQL = "insert into TblBrokSum (nama, tanggal, top1, top2, top3, AllBrokAvg, AccDist, AvgRP, " + "Buyer1, BuyerVal1, BuyerAvg1, Seller1, SellerVal1, SellerAvg1, Buyer2, BuyerVal2, BuyerAvg2, " + "Seller2, SellerVal2, SellerAvg2, Buyer3, BuyerVal3, BuyerAvg3, Seller3, SellerVal3, SellerAvg3, NetVol, NetVal, " + "OpenPrice, LowPrice, HighPrice, ClosePrice, Volume, Change, Frekuensi, FrekAnal) " + "values ('" + strNama + "', " + strTanggal + ", '" + strTop1 + "', '" + strTop3 + "', '" + strTop5 + "', " + "'" + strAllBrokAvg + "', '" + strAccDist + "', " + intAvgRP + ", '" + strBuyer1 + "', '" + strBuyerVol1 + "', " + strBuyerAvg1 + ", " + "'" + strSeller1 + "', '" + strSellerVol1 + "', " + strSellerAvg1 + ", '" + strBuyer2 + "', '" + strBuyerVol2 + "', " + strBuyerAvg2 + ", " + "'" + strSeller2 + "', '" + strSellerVol2 + "', " + strSellerAvg2 + ", '" + strBuyer3 + "', '" + strBuyerVol3 + "', " + strBuyerAvg3 + ", " + "'" + strSeller3 + "', '" + strSellerVol3 + "', " + strSellerAvg3 + ", " + strNetVol + ", '" + strNetVal + "', " + "" + strOpenPrice + ", " + strLowPrice + ", " + strHighPrice + ", " + strClosePrice + ", '" + strVol + "', " + strChange + ", " + strFreq + ", " + strFreqAnal + ");": null

2024-01-22 18:22:36 - [TEST_STEP][PASSED] - out.println("strSQL = " + strSQL): null

2024-01-22 18:22:36 - [TEST_STEP][PASSED] - statement.executeUpdate(strSQL): null

2024-01-22 18:22:36 - [TEST_STEP][PASSED] - setValueToCellByIndex(sheet01, rowIndex, 4, "DONE"): null

2024-01-22 18:22:36 - [TEST_STEP][PASSED] - saveWorkbook(excelFilePath, workbook01): null

2024-01-22 18:22:36 - [TEST_STEP][PASSED] - waitForElementClickable(findTestObject("Stockbit/menu_Bandarmology"), 10): Object 'Object Repository/Stockbit/menu_Bandarmology' is clickable

2024-01-22 18:22:36 - [MESSAGE][PASSED] - Object 'Object Repository/Stockbit/menu_Bandarmology' is clickable

2024-01-22 18:22:36 - [TEST_STEP][PASSED] - click(findTestObject("Stockbit/menu_Bandarmology")): Object: 'Object Repository/Stockbit/menu_Bandarmology' is clicked on

2024-01-22 18:22:36 - [MESSAGE][PASSED] - Object: 'Object Repository/Stockbit/menu_Bandarmology' is clicked on

2024-01-22 18:22:36 - [TEST_STEP][PASSED] - strTemp = "NA": null

2024-01-22 18:22:36 - [TEST_STEP][PASSED] - if (getCellValueByIndex(sheet01, rowIndex, 4) != "DONE"): Object: 'Object Repository/Stockbit/menu_Bandarmology' is clicked on

2024-01-22 18:22:36 - [TEST_STEP][PASSED] - strNama = getCellValueByIndex(sheet01, rowIndex, 0): null

2024-01-22 18:22:36 - [TEST_STEP][PASSED] - navigateToUrl("https://stockbit.com/#/symbol/" + strNama): Navigate to 'https://stockbit.com/#/symbol/SLIS' successfully

2024-01-22 18:22:38 - [MESSAGE][PASSED] - Navigate to 'https://stockbit.com/#/symbol/SLIS' successfully

2024-01-22 18:22:38 - [TEST_STEP][PASSED] - waitForElementClickable(findTestObject("Stockbit/menu_Bandarmology"), 10): Object 'Object Repository/Stockbit/menu_Bandarmology' is clickable

2024-01-22 18:22:38 - [MESSAGE][PASSED] - Object 'Object Repository/Stockbit/menu_Bandarmology' is clickable

2024-01-22 18:22:38 - [TEST_STEP][PASSED] - click(findTestObject("Stockbit/menu_Bandarmology")): Object: 'Object Repository/Stockbit/menu_Bandarmology' is clicked on

2024-01-22 18:22:39 - [MESSAGE][PASSED] - Object: 'Object Repository/Stockbit/menu_Bandarmology' is clicked on

2024-01-22 18:22:39 - [TEST_STEP][PASSED] - strTanggal = d.format(DateTimeFormatter.ofPattern("MMM dd, yyyy")): null

2024-01-22 18:22:39 - [TEST_STEP][PASSED] - strTanggal = d.format(ISO_DATE): null

2024-01-22 18:22:39 - [TEST_STEP][PASSED] - out.println("strTanggal = " + strTanggal): null

2024-01-22 18:22:39 - [TEST_STEP][PASSED] - out.println("strNama = " + strNama): null

2024-01-22 18:22:39 - [TEST_STEP][PASSED] - out.println("Baris ke = " + rowIndex): null

2024-01-22 18:22:39 - [TEST_STEP][PASSED] - click(findTestObject("Stockbit/input__BandarmologyOpenStartDate")): Object: 'Object Repository/Stockbit/input__BandarmologyOpenStartDate' is clicked on

2024-01-22 18:22:41 - [MESSAGE][PASSED] - Object: 'Object Repository/Stockbit/input__BandarmologyOpenStartDate' is clicked on

2024-01-22 18:22:41 - [TEST_STEP][PASSED] - sendKeys(findTestObject("Stockbit/input__BandarmologyOpenStartDate"), Keys.chord(CONTROL, "a")): Keys 'CONTROL + a' sent to object: 'Object Repository/Stockbit/input__BandarmologyOpenStartDate'

2024-01-22 18:22:41 - [MESSAGE][PASSED] - Keys 'CONTROL + a' sent to object: 'Object Repository/Stockbit/input__BandarmologyOpenStartDate'

2024-01-22 18:22:41 - [TEST_STEP][PASSED] - sendKeys(findTestObject("Stockbit/input__BandarmologyOpenStartDate"), Keys.chord(BACK_SPACE)): Keys 'BACK_SPACE + ' sent to object: 'Object Repository/Stockbit/input__BandarmologyOpenStartDate'

2024-01-22 18:22:42 - [MESSAGE][PASSED] - Keys 'BACK_SPACE + ' sent to object: 'Object Repository/Stockbit/input__BandarmologyOpenStartDate'

2024-01-22 18:22:42 - [TEST_STEP][PASSED] - setText(findTestObject("Stockbit/input__BandarmologyOpenStartDate"), strTanggal): Text '2024-01-22' is set on object 'Object Repository/Stockbit/input__BandarmologyOpenStartDate'

2024-01-22 18:22:42 - [MESSAGE][PASSED] - Text '2024-01-22' is set on object 'Object Repository/Stockbit/input__BandarmologyOpenStartDate'

2024-01-22 18:22:42 - [TEST_STEP][PASSED] - sendKeys(findTestObject("Stockbit/input__BandarmologyOpenStartDate"), Keys.chord(ENTER)): Keys 'ENTER + ' sent to object: 'Object Repository/Stockbit/input__BandarmologyOpenStartDate'

2024-01-22 18:22:43 - [MESSAGE][PASSED] - Keys 'ENTER + ' sent to object: 'Object Repository/Stockbit/input__BandarmologyOpenStartDate'

2024-01-22 18:22:43 - [TEST_STEP][PASSED] - click(findTestObject("Stockbit/input__BandarmologyOpenEndDate")): Object: 'Object Repository/Stockbit/input__BandarmologyOpenEndDate' is clicked on

2024-01-22 18:22:43 - [MESSAGE][PASSED] - Object: 'Object Repository/Stockbit/input__BandarmologyOpenEndDate' is clicked on

2024-01-22 18:22:43 - [TEST_STEP][PASSED] - sendKeys(findTestObject("Stockbit/input__BandarmologyOpenEndDate"), Keys.chord(CONTROL, "a")): Keys 'CONTROL + a' sent to object: 'Object Repository/Stockbit/input__BandarmologyOpenEndDate'

2024-01-22 18:22:44 - [MESSAGE][PASSED] - Keys 'CONTROL + a' sent to object: 'Object Repository/Stockbit/input__BandarmologyOpenEndDate'

2024-01-22 18:22:44 - [TEST_STEP][PASSED] - sendKeys(findTestObject("Stockbit/input__BandarmologyOpenEndDate"), Keys.chord(BACK_SPACE)): Keys 'BACK_SPACE + ' sent to object: 'Object Repository/Stockbit/input__BandarmologyOpenEndDate'

2024-01-22 18:22:44 - [MESSAGE][PASSED] - Keys 'BACK_SPACE + ' sent to object: 'Object Repository/Stockbit/input__BandarmologyOpenEndDate'

2024-01-22 18:22:44 - [TEST_STEP][PASSED] - setText(findTestObject("Stockbit/input__BandarmologyOpenEndDate"), strTanggal): Text '2024-01-22' is set on object 'Object Repository/Stockbit/input__BandarmologyOpenEndDate'

2024-01-22 18:22:45 - [MESSAGE][PASSED] - Text '2024-01-22' is set on object 'Object Repository/Stockbit/input__BandarmologyOpenEndDate'

2024-01-22 18:22:45 - [TEST_STEP][PASSED] - sendKeys(findTestObject("Stockbit/input__BandarmologyOpenEndDate"), Keys.chord(ENTER)): Keys 'ENTER + ' sent to object: 'Object Repository/Stockbit/input__BandarmologyOpenEndDate'

2024-01-22 18:22:46 - [MESSAGE][PASSED] - Keys 'ENTER + ' sent to object: 'Object Repository/Stockbit/input__BandarmologyOpenEndDate'

2024-01-22 18:22:46 - [TEST_STEP][PASSED] - delay(2): Delayed 2 second(s)

2024-01-22 18:22:48 - [MESSAGE][PASSED] - Delayed 2 second(s)

2024-01-22 18:22:48 - [TEST_STEP][PASSED] - strTemp = getText(findTestObject("Stockbit/Bandarmology_AvgRP")): Text of object 'Object Repository/Stockbit/Bandarmology_AvgRP' is: '71'

2024-01-22 18:22:48 - [MESSAGE][PASSED] - Text of object 'Object Repository/Stockbit/Bandarmology_AvgRP' is: '71'

2024-01-22 18:22:48 - [TEST_STEP][PASSED] - out.println("Bandarmology_AvgRP = " + strTemp): null

2024-01-22 18:22:48 - [TEST_STEP][PASSED] - if (strTemp != "0"): null

2024-01-22 18:22:48 - [TEST_STEP][PASSED] - strTop1 = getText(findTestObject("Stockbit/Bandarmology_Top1")): Text of object 'Object Repository/Stockbit/Bandarmology_Top1' is: 'Neutral'

2024-01-22 18:22:48 - [MESSAGE][PASSED] - Text of object 'Object Repository/Stockbit/Bandarmology_Top1' is: 'Neutral'

2024-01-22 18:22:48 - [TEST_STEP][PASSED] - strTop3 = getText(findTestObject("Stockbit/Bandarmology_Top3")): Text of object 'Object Repository/Stockbit/Bandarmology_Top3' is: 'Neutral'

2024-01-22 18:22:48 - [MESSAGE][PASSED] - Text of object 'Object Repository/Stockbit/Bandarmology_Top3' is: 'Neutral'

2024-01-22 18:22:48 - [TEST_STEP][PASSED] - strTop5 = getText(findTestObject("Stockbit/Bandarmology_Top5")): Text of object 'Object Repository/Stockbit/Bandarmology_Top5' is: 'Neutral'

2024-01-22 18:22:48 - [MESSAGE][PASSED] - Text of object 'Object Repository/Stockbit/Bandarmology_Top5' is: 'Neutral'

2024-01-22 18:22:48 - [TEST_STEP][PASSED] - strAllBrokAvg = getText(findTestObject("Stockbit/Bandarmology_TopAVG")): Text of object 'Object Repository/Stockbit/Bandarmology_TopAVG' is: 'Neutral'

2024-01-22 18:22:48 - [MESSAGE][PASSED] - Text of object 'Object Repository/Stockbit/Bandarmology_TopAVG' is: 'Neutral'

2024-01-22 18:22:48 - [TEST_STEP][PASSED] - strTemp = getText(findTestObject("Stockbit/Bandarmology_AvgRP")): Text of object 'Object Repository/Stockbit/Bandarmology_AvgRP' is: '71'

2024-01-22 18:22:49 - [MESSAGE][PASSED] - Text of object 'Object Repository/Stockbit/Bandarmology_AvgRP' is: '71'

2024-01-22 18:22:49 - [TEST_STEP][PASSED] - if (strTemp.contains(",")): null

2024-01-22 18:22:49 - [TEST_STEP][PASSED] - intAvgRP = strTemp.toInteger(): null

2024-01-22 18:22:49 - [TEST_STEP][PASSED] - strBuyer1 = getText(findTestObject("Stockbit/Bandarmology_Buyer1")): Text of object 'Object Repository/Stockbit/Bandarmology_Buyer1' is: 'CC'

2024-01-22 18:22:49 - [MESSAGE][PASSED] - Text of object 'Object Repository/Stockbit/Bandarmology_Buyer1' is: 'CC'

2024-01-22 18:22:49 - [TEST_STEP][PASSED] - strBuyerVol1 = getText(findTestObject("Stockbit/Bandarmology_BuyerVol1")): Text of object 'Object Repository/Stockbit/Bandarmology_BuyerVol1' is: '14.2 K'

2024-01-22 18:22:49 - [MESSAGE][PASSED] - Text of object 'Object Repository/Stockbit/Bandarmology_BuyerVol1' is: '14.2 K'

2024-01-22 18:22:49 - [TEST_STEP][PASSED] - strBuyerAvg1 = getText(findTestObject("Stockbit/Bandarmology_BuyerAvg1")): Text of object 'Object Repository/Stockbit/Bandarmology_BuyerAvg1' is: '71'

2024-01-22 18:22:49 - [MESSAGE][PASSED] - Text of object 'Object Repository/Stockbit/Bandarmology_BuyerAvg1' is: '71'

2024-01-22 18:22:49 - [TEST_STEP][PASSED] - if (strBuyerAvg1.contains(",")): null

2024-01-22 18:22:49 - [TEST_STEP][PASSED] - if (strBuyerVol1.contains(" B")): null

2024-01-22 18:22:49 - [TEST_STEP][PASSED] - else if (strBuyerVol1.contains(" M")): null

2024-01-22 18:22:49 - [TEST_STEP][PASSED] - else if (strBuyerVol1.contains(" K")): null

2024-01-22 18:22:49 - [TEST_STEP][PASSED] - strBuyerVol1 = strBuyerVol1.replace(" K", ""): null

2024-01-22 18:22:49 - [TEST_STEP][PASSED] - strBuyerVol1 = strBuyerVol1.toDouble() * 1000: null

2024-01-22 18:22:49 - [TEST_STEP][PASSED] - strSeller1 = getText(findTestObject("Stockbit/Bandarmology_Seller1")): Text of object 'Object Repository/Stockbit/Bandarmology_Seller1' is: 'AZ'

2024-01-22 18:22:49 - [MESSAGE][PASSED] - Text of object 'Object Repository/Stockbit/Bandarmology_Seller1' is: 'AZ'

2024-01-22 18:22:49 - [TEST_STEP][PASSED] - strSellerVol1 = getText(findTestObject("Stockbit/Bandarmology_SellerVol1")): Text of object 'Object Repository/Stockbit/Bandarmology_SellerVol1' is: '14.2 K'

2024-01-22 18:22:49 - [MESSAGE][PASSED] - Text of object 'Object Repository/Stockbit/Bandarmology_SellerVol1' is: '14.2 K'

2024-01-22 18:22:49 - [TEST_STEP][PASSED] - strSellerAvg1 = getText(findTestObject("Stockbit/Bandarmology_SellerAvg1")): Text of object 'Object Repository/Stockbit/Bandarmology_SellerAvg1' is: '70'

2024-01-22 18:22:49 - [MESSAGE][PASSED] - Text of object 'Object Repository/Stockbit/Bandarmology_SellerAvg1' is: '70'

2024-01-22 18:22:49 - [TEST_STEP][PASSED] - if (strSellerAvg1.contains(",")): null

2024-01-22 18:22:49 - [TEST_STEP][PASSED] - if (strSellerVol1.contains(" B")): null

2024-01-22 18:22:49 - [TEST_STEP][PASSED] - else if (strSellerVol1.contains(" M")): null

2024-01-22 18:22:49 - [TEST_STEP][PASSED] - else if (strSellerVol1.contains(" K")): null

2024-01-22 18:22:49 - [TEST_STEP][PASSED] - strSellerVol1 = strSellerVol1.replace(" K", ""): null

2024-01-22 18:22:49 - [TEST_STEP][PASSED] - strSellerVol1 = strSellerVol1.toDouble() * 1000: null

2024-01-22 18:22:49 - [TEST_STEP][PASSED] - if (verifyElementNotPresent(findTestObject("Stockbit/Bandarmology_Buyer2"), 1, OPTIONAL)): Web element with id: 'Object Repository/Stockbit/Bandarmology_Buyer2' located by 'By.xpath: //*[contains(@id, 'rc-tabs-')]/div[2]/div/div/div/div/div/div[2]/table/tbody/tr[3]/td[1]/p' is present after '1' second(s) (Root cause: com.kms.katalon.core.exception.StepFailedException: Web element with id: 'Object Repository/Stockbit/Bandarmology_Buyer2' located by 'By.xpath: //*[contains(@id, 'rc-tabs-')]/div[2]/div/div/div/div/div/div[2]/table/tbody/tr[3]/td[1]/p' is present after '1' second(s)
	at com.kms.katalon.core.webui.keyword.internal.WebUIKeywordMain.stepFailed(WebUIKeywordMain.groovy:64)
	at com.kms.katalon.core.webui.keyword.internal.WebUIKeywordMain$stepFailed$0.call(Unknown Source)
	at com.kms.katalon.core.webui.keyword.builtin.VerifyElementNotPresentKeyword$_verifyElementNotPresent_closure1.doCall(VerifyElementNotPresentKeyword.groovy:106)
	at com.kms.katalon.core.webui.keyword.builtin.VerifyElementNotPresentKeyword$_verifyElementNotPresent_closure1.doCall(VerifyElementNotPresentKeyword.groovy)
	at com.kms.katalon.core.webui.keyword.internal.WebUIKeywordMain.runKeyword(WebUIKeywordMain.groovy:20)
	at com.kms.katalon.core.webui.keyword.internal.WebUIKeywordMain$runKeyword.call(Unknown Source)
	at com.kms.katalon.core.webui.keyword.builtin.VerifyElementNotPresentKeyword.verifyElementNotPresent(VerifyElementNotPresentKeyword.groovy:117)
	at com.kms.katalon.core.webui.keyword.builtin.VerifyElementNotPresentKeyword.execute(VerifyElementNotPresentKeyword.groovy:68)
	at com.kms.katalon.core.keyword.internal.KeywordExecutor.executeKeywordForPlatform(KeywordExecutor.groovy:74)
	at com.kms.katalon.core.webui.keyword.WebUiBuiltInKeywords.verifyElementNotPresent(WebUiBuiltInKeywords.groovy:1481)
	at com.kms.katalon.core.webui.keyword.WebUiBuiltInKeywords$verifyElementNotPresent$8.call(Unknown Source)
	at GetBrokSumPriceDaily.run(GetBrokSumPriceDaily:258)
	at com.kms.katalon.core.main.ScriptEngine.run(ScriptEngine.java:194)
	at com.kms.katalon.core.main.ScriptEngine.runScriptAsRawText(ScriptEngine.java:119)
	at com.kms.katalon.core.main.TestCaseExecutor.runScript(TestCaseExecutor.java:445)
	at com.kms.katalon.core.main.TestCaseExecutor.doExecute(TestCaseExecutor.java:436)
	at com.kms.katalon.core.main.TestCaseExecutor.processExecutionPhase(TestCaseExecutor.java:415)
	at com.kms.katalon.core.main.TestCaseExecutor.accessMainPhase(TestCaseExecutor.java:407)
	at com.kms.katalon.core.main.TestCaseExecutor.execute(TestCaseExecutor.java:284)
	at com.kms.katalon.core.common.CommonExecutor.accessTestCaseMainPhase(CommonExecutor.java:65)
	at com.kms.katalon.core.main.TestSuiteExecutor.accessTestSuiteMainPhase(TestSuiteExecutor.java:144)
	at com.kms.katalon.core.main.TestSuiteExecutor.execute(TestSuiteExecutor.java:106)
	at com.kms.katalon.core.main.TestCaseMain.startTestSuite(TestCaseMain.java:185)
	at com.kms.katalon.core.main.TestCaseMain$startTestSuite$0.call(Unknown Source)
	at TempTestSuite1705922193915.run(TempTestSuite1705922193915.groovy:36)
)

2024-01-22 18:22:51 - [MESSAGE][WARNING] - Web element with id: 'Object Repository/Stockbit/Bandarmology_Buyer2' located by 'By.xpath: //*[contains(@id, 'rc-tabs-')]/div[2]/div/div/div/div/div/div[2]/table/tbody/tr[3]/td[1]/p' is present after '1' second(s) (Root cause: com.kms.katalon.core.exception.StepFailedException: Web element with id: 'Object Repository/Stockbit/Bandarmology_Buyer2' located by 'By.xpath: //*[contains(@id, 'rc-tabs-')]/div[2]/div/div/div/div/div/div[2]/table/tbody/tr[3]/td[1]/p' is present after '1' second(s)
	at com.kms.katalon.core.webui.keyword.internal.WebUIKeywordMain.stepFailed(WebUIKeywordMain.groovy:64)
	at com.kms.katalon.core.webui.keyword.internal.WebUIKeywordMain$stepFailed$0.call(Unknown Source)
	at com.kms.katalon.core.webui.keyword.builtin.VerifyElementNotPresentKeyword$_verifyElementNotPresent_closure1.doCall(VerifyElementNotPresentKeyword.groovy:106)
	at com.kms.katalon.core.webui.keyword.builtin.VerifyElementNotPresentKeyword$_verifyElementNotPresent_closure1.doCall(VerifyElementNotPresentKeyword.groovy)
	at com.kms.katalon.core.webui.keyword.internal.WebUIKeywordMain.runKeyword(WebUIKeywordMain.groovy:20)
	at com.kms.katalon.core.webui.keyword.internal.WebUIKeywordMain$runKeyword.call(Unknown Source)
	at com.kms.katalon.core.webui.keyword.builtin.VerifyElementNotPresentKeyword.verifyElementNotPresent(VerifyElementNotPresentKeyword.groovy:117)
	at com.kms.katalon.core.webui.keyword.builtin.VerifyElementNotPresentKeyword.execute(VerifyElementNotPresentKeyword.groovy:68)
	at com.kms.katalon.core.keyword.internal.KeywordExecutor.executeKeywordForPlatform(KeywordExecutor.groovy:74)
	at com.kms.katalon.core.webui.keyword.WebUiBuiltInKeywords.verifyElementNotPresent(WebUiBuiltInKeywords.groovy:1481)
	at com.kms.katalon.core.webui.keyword.WebUiBuiltInKeywords$verifyElementNotPresent$8.call(Unknown Source)
	at GetBrokSumPriceDaily.run(GetBrokSumPriceDaily:258)
	at com.kms.katalon.core.main.ScriptEngine.run(ScriptEngine.java:194)
	at com.kms.katalon.core.main.ScriptEngine.runScriptAsRawText(ScriptEngine.java:119)
	at com.kms.katalon.core.main.TestCaseExecutor.runScript(TestCaseExecutor.java:445)
	at com.kms.katalon.core.main.TestCaseExecutor.doExecute(TestCaseExecutor.java:436)
	at com.kms.katalon.core.main.TestCaseExecutor.processExecutionPhase(TestCaseExecutor.java:415)
	at com.kms.katalon.core.main.TestCaseExecutor.accessMainPhase(TestCaseExecutor.java:407)
	at com.kms.katalon.core.main.TestCaseExecutor.execute(TestCaseExecutor.java:284)
	at com.kms.katalon.core.common.CommonExecutor.accessTestCaseMainPhase(CommonExecutor.java:65)
	at com.kms.katalon.core.main.TestSuiteExecutor.accessTestSuiteMainPhase(TestSuiteExecutor.java:144)
	at com.kms.katalon.core.main.TestSuiteExecutor.execute(TestSuiteExecutor.java:106)
	at com.kms.katalon.core.main.TestCaseMain.startTestSuite(TestCaseMain.java:185)
	at com.kms.katalon.core.main.TestCaseMain$startTestSuite$0.call(Unknown Source)
	at TempTestSuite1705922193915.run(TempTestSuite1705922193915.groovy:36)
)
[[ATTACHMENT|C:\\Users\\Fadli\\git\\KatalonDailyGetData2\\Reports\\20240122_174123\\TS1\\20240122_181633\\1705922571188.png]]

2024-01-22 18:22:51 - [TEST_STEP][PASSED] - else: null

2024-01-22 18:22:51 - [TEST_STEP][PASSED] - strBuyer2 = getText(findTestObject("Stockbit/Bandarmology_Buyer2")): Text of object 'Object Repository/Stockbit/Bandarmology_Buyer2' is: 'XC'

2024-01-22 18:22:51 - [MESSAGE][PASSED] - Text of object 'Object Repository/Stockbit/Bandarmology_Buyer2' is: 'XC'

2024-01-22 18:22:51 - [TEST_STEP][PASSED] - strBuyerVol2 = getText(findTestObject("Stockbit/Bandarmology_BuyerVol2")): Text of object 'Object Repository/Stockbit/Bandarmology_BuyerVol2' is: '9.7 K'

2024-01-22 18:22:51 - [MESSAGE][PASSED] - Text of object 'Object Repository/Stockbit/Bandarmology_BuyerVol2' is: '9.7 K'

2024-01-22 18:22:51 - [TEST_STEP][PASSED] - strBuyerAvg2 = getText(findTestObject("Stockbit/Bandarmology_BuyerAvg2")): Text of object 'Object Repository/Stockbit/Bandarmology_BuyerAvg2' is: '71'

2024-01-22 18:22:51 - [MESSAGE][PASSED] - Text of object 'Object Repository/Stockbit/Bandarmology_BuyerAvg2' is: '71'

2024-01-22 18:22:51 - [TEST_STEP][PASSED] - if (strBuyer2 != ""): null

2024-01-22 18:22:51 - [TEST_STEP][PASSED] - if (strBuyerAvg2.contains(",")): null

2024-01-22 18:22:51 - [TEST_STEP][PASSED] - if (strBuyerVol2.contains(" B")): null

2024-01-22 18:22:51 - [TEST_STEP][PASSED] - else if (strBuyerVol2.contains(" M")): null

2024-01-22 18:22:51 - [TEST_STEP][PASSED] - else if (strBuyerVol2.contains(" K")): null

2024-01-22 18:22:51 - [TEST_STEP][PASSED] - strBuyerVol2 = strBuyerVol2.replace(" K", ""): null

2024-01-22 18:22:51 - [TEST_STEP][PASSED] - strBuyerVol2 = strBuyerVol2.toDouble() * 1000: null

2024-01-22 18:22:51 - [TEST_STEP][PASSED] - if (strBuyerVol2.contains(".")): null

2024-01-22 18:22:51 - [TEST_STEP][PASSED] - strBuyerVal2 = strBuyerVol2.replace(".", ""): null

2024-01-22 18:22:51 - [TEST_STEP][PASSED] - if (verifyElementNotPresent(findTestObject("Stockbit/Bandarmology_Seller2"), 1, OPTIONAL)): Web element with id: 'Object Repository/Stockbit/Bandarmology_Seller2' located by 'By.xpath: //*[contains(@id, 'rc-tabs-')]/div[2]/div/div/div/div/div/div[2]/table/tbody/tr[3]/td[5]/p' is present after '1' second(s) (Root cause: com.kms.katalon.core.exception.StepFailedException: Web element with id: 'Object Repository/Stockbit/Bandarmology_Seller2' located by 'By.xpath: //*[contains(@id, 'rc-tabs-')]/div[2]/div/div/div/div/div/div[2]/table/tbody/tr[3]/td[5]/p' is present after '1' second(s)
	at com.kms.katalon.core.webui.keyword.internal.WebUIKeywordMain.stepFailed(WebUIKeywordMain.groovy:64)
	at com.kms.katalon.core.webui.keyword.internal.WebUIKeywordMain$stepFailed$0.call(Unknown Source)
	at com.kms.katalon.core.webui.keyword.builtin.VerifyElementNotPresentKeyword$_verifyElementNotPresent_closure1.doCall(VerifyElementNotPresentKeyword.groovy:106)
	at com.kms.katalon.core.webui.keyword.builtin.VerifyElementNotPresentKeyword$_verifyElementNotPresent_closure1.doCall(VerifyElementNotPresentKeyword.groovy)
	at com.kms.katalon.core.webui.keyword.internal.WebUIKeywordMain.runKeyword(WebUIKeywordMain.groovy:20)
	at com.kms.katalon.core.webui.keyword.internal.WebUIKeywordMain$runKeyword.call(Unknown Source)
	at com.kms.katalon.core.webui.keyword.builtin.VerifyElementNotPresentKeyword.verifyElementNotPresent(VerifyElementNotPresentKeyword.groovy:117)
	at com.kms.katalon.core.webui.keyword.builtin.VerifyElementNotPresentKeyword.execute(VerifyElementNotPresentKeyword.groovy:68)
	at com.kms.katalon.core.keyword.internal.KeywordExecutor.executeKeywordForPlatform(KeywordExecutor.groovy:74)
	at com.kms.katalon.core.webui.keyword.WebUiBuiltInKeywords.verifyElementNotPresent(WebUiBuiltInKeywords.groovy:1481)
	at com.kms.katalon.core.webui.keyword.WebUiBuiltInKeywords$verifyElementNotPresent$8.call(Unknown Source)
	at GetBrokSumPriceDaily.run(GetBrokSumPriceDaily:309)
	at com.kms.katalon.core.main.ScriptEngine.run(ScriptEngine.java:194)
	at com.kms.katalon.core.main.ScriptEngine.runScriptAsRawText(ScriptEngine.java:119)
	at com.kms.katalon.core.main.TestCaseExecutor.runScript(TestCaseExecutor.java:445)
	at com.kms.katalon.core.main.TestCaseExecutor.doExecute(TestCaseExecutor.java:436)
	at com.kms.katalon.core.main.TestCaseExecutor.processExecutionPhase(TestCaseExecutor.java:415)
	at com.kms.katalon.core.main.TestCaseExecutor.accessMainPhase(TestCaseExecutor.java:407)
	at com.kms.katalon.core.main.TestCaseExecutor.execute(TestCaseExecutor.java:284)
	at com.kms.katalon.core.common.CommonExecutor.accessTestCaseMainPhase(CommonExecutor.java:65)
	at com.kms.katalon.core.main.TestSuiteExecutor.accessTestSuiteMainPhase(TestSuiteExecutor.java:144)
	at com.kms.katalon.core.main.TestSuiteExecutor.execute(TestSuiteExecutor.java:106)
	at com.kms.katalon.core.main.TestCaseMain.startTestSuite(TestCaseMain.java:185)
	at com.kms.katalon.core.main.TestCaseMain$startTestSuite$0.call(Unknown Source)
	at TempTestSuite1705922193915.run(TempTestSuite1705922193915.groovy:36)
)

2024-01-22 18:22:53 - [MESSAGE][WARNING] - Web element with id: 'Object Repository/Stockbit/Bandarmology_Seller2' located by 'By.xpath: //*[contains(@id, 'rc-tabs-')]/div[2]/div/div/div/div/div/div[2]/table/tbody/tr[3]/td[5]/p' is present after '1' second(s) (Root cause: com.kms.katalon.core.exception.StepFailedException: Web element with id: 'Object Repository/Stockbit/Bandarmology_Seller2' located by 'By.xpath: //*[contains(@id, 'rc-tabs-')]/div[2]/div/div/div/div/div/div[2]/table/tbody/tr[3]/td[5]/p' is present after '1' second(s)
	at com.kms.katalon.core.webui.keyword.internal.WebUIKeywordMain.stepFailed(WebUIKeywordMain.groovy:64)
	at com.kms.katalon.core.webui.keyword.internal.WebUIKeywordMain$stepFailed$0.call(Unknown Source)
	at com.kms.katalon.core.webui.keyword.builtin.VerifyElementNotPresentKeyword$_verifyElementNotPresent_closure1.doCall(VerifyElementNotPresentKeyword.groovy:106)
	at com.kms.katalon.core.webui.keyword.builtin.VerifyElementNotPresentKeyword$_verifyElementNotPresent_closure1.doCall(VerifyElementNotPresentKeyword.groovy)
	at com.kms.katalon.core.webui.keyword.internal.WebUIKeywordMain.runKeyword(WebUIKeywordMain.groovy:20)
	at com.kms.katalon.core.webui.keyword.internal.WebUIKeywordMain$runKeyword.call(Unknown Source)
	at com.kms.katalon.core.webui.keyword.builtin.VerifyElementNotPresentKeyword.verifyElementNotPresent(VerifyElementNotPresentKeyword.groovy:117)
	at com.kms.katalon.core.webui.keyword.builtin.VerifyElementNotPresentKeyword.execute(VerifyElementNotPresentKeyword.groovy:68)
	at com.kms.katalon.core.keyword.internal.KeywordExecutor.executeKeywordForPlatform(KeywordExecutor.groovy:74)
	at com.kms.katalon.core.webui.keyword.WebUiBuiltInKeywords.verifyElementNotPresent(WebUiBuiltInKeywords.groovy:1481)
	at com.kms.katalon.core.webui.keyword.WebUiBuiltInKeywords$verifyElementNotPresent$8.call(Unknown Source)
	at GetBrokSumPriceDaily.run(GetBrokSumPriceDaily:309)
	at com.kms.katalon.core.main.ScriptEngine.run(ScriptEngine.java:194)
	at com.kms.katalon.core.main.ScriptEngine.runScriptAsRawText(ScriptEngine.java:119)
	at com.kms.katalon.core.main.TestCaseExecutor.runScript(TestCaseExecutor.java:445)
	at com.kms.katalon.core.main.TestCaseExecutor.doExecute(TestCaseExecutor.java:436)
	at com.kms.katalon.core.main.TestCaseExecutor.processExecutionPhase(TestCaseExecutor.java:415)
	at com.kms.katalon.core.main.TestCaseExecutor.accessMainPhase(TestCaseExecutor.java:407)
	at com.kms.katalon.core.main.TestCaseExecutor.execute(TestCaseExecutor.java:284)
	at com.kms.katalon.core.common.CommonExecutor.accessTestCaseMainPhase(CommonExecutor.java:65)
	at com.kms.katalon.core.main.TestSuiteExecutor.accessTestSuiteMainPhase(TestSuiteExecutor.java:144)
	at com.kms.katalon.core.main.TestSuiteExecutor.execute(TestSuiteExecutor.java:106)
	at com.kms.katalon.core.main.TestCaseMain.startTestSuite(TestCaseMain.java:185)
	at com.kms.katalon.core.main.TestCaseMain$startTestSuite$0.call(Unknown Source)
	at TempTestSuite1705922193915.run(TempTestSuite1705922193915.groovy:36)
)
[[ATTACHMENT|C:\\Users\\Fadli\\git\\KatalonDailyGetData2\\Reports\\20240122_174123\\TS1\\20240122_181633\\1705922573130.png]]

2024-01-22 18:22:53 - [TEST_STEP][PASSED] - else: null

2024-01-22 18:22:53 - [TEST_STEP][PASSED] - strSeller2 = getText(findTestObject("Stockbit/Bandarmology_Seller2")): Text of object 'Object Repository/Stockbit/Bandarmology_Seller2' is: 'YP'

2024-01-22 18:22:53 - [MESSAGE][PASSED] - Text of object 'Object Repository/Stockbit/Bandarmology_Seller2' is: 'YP'

2024-01-22 18:22:53 - [TEST_STEP][PASSED] - strSellerVol2 = getText(findTestObject("Stockbit/Bandarmology_SellerVol2")): Text of object 'Object Repository/Stockbit/Bandarmology_SellerVol2' is: '8.8 K'

2024-01-22 18:22:53 - [MESSAGE][PASSED] - Text of object 'Object Repository/Stockbit/Bandarmology_SellerVol2' is: '8.8 K'

2024-01-22 18:22:53 - [TEST_STEP][PASSED] - strSellerAvg2 = getText(findTestObject("Stockbit/Bandarmology_SellerAvg2")): Text of object 'Object Repository/Stockbit/Bandarmology_SellerAvg2' is: '71'

2024-01-22 18:22:53 - [MESSAGE][PASSED] - Text of object 'Object Repository/Stockbit/Bandarmology_SellerAvg2' is: '71'

2024-01-22 18:22:53 - [TEST_STEP][PASSED] - if (strSeller2 != ""): null

2024-01-22 18:22:53 - [TEST_STEP][PASSED] - if (strSellerAvg2.contains(",")): null

2024-01-22 18:22:53 - [TEST_STEP][PASSED] - if (strSellerVol2.contains(" B")): null

2024-01-22 18:22:53 - [TEST_STEP][PASSED] - else if (strSellerVol2.contains(" M")): null

2024-01-22 18:22:53 - [TEST_STEP][PASSED] - else if (strSellerVol2.contains(" K")): null

2024-01-22 18:22:53 - [TEST_STEP][PASSED] - strSellerVol2 = strSellerVol2.replace(" K", ""): null

2024-01-22 18:22:53 - [TEST_STEP][PASSED] - strSellerVol2 = strSellerVol2.toDouble() * 1000: null

2024-01-22 18:22:53 - [TEST_STEP][PASSED] - if (verifyElementNotPresent(findTestObject("Stockbit/Bandarmology_Buyer3"), 1, OPTIONAL)): Web element with id: 'Object Repository/Stockbit/Bandarmology_Buyer3' located by 'By.xpath: //*[contains(@id, 'rc-tabs-')]/div[2]/div/div/div/div/div/div[2]/table/tbody/tr[4]/td[1]/p' is present after '1' second(s) (Root cause: com.kms.katalon.core.exception.StepFailedException: Web element with id: 'Object Repository/Stockbit/Bandarmology_Buyer3' located by 'By.xpath: //*[contains(@id, 'rc-tabs-')]/div[2]/div/div/div/div/div/div[2]/table/tbody/tr[4]/td[1]/p' is present after '1' second(s)
	at com.kms.katalon.core.webui.keyword.internal.WebUIKeywordMain.stepFailed(WebUIKeywordMain.groovy:64)
	at com.kms.katalon.core.webui.keyword.internal.WebUIKeywordMain$stepFailed$0.call(Unknown Source)
	at com.kms.katalon.core.webui.keyword.builtin.VerifyElementNotPresentKeyword$_verifyElementNotPresent_closure1.doCall(VerifyElementNotPresentKeyword.groovy:106)
	at com.kms.katalon.core.webui.keyword.builtin.VerifyElementNotPresentKeyword$_verifyElementNotPresent_closure1.doCall(VerifyElementNotPresentKeyword.groovy)
	at com.kms.katalon.core.webui.keyword.internal.WebUIKeywordMain.runKeyword(WebUIKeywordMain.groovy:20)
	at com.kms.katalon.core.webui.keyword.internal.WebUIKeywordMain$runKeyword.call(Unknown Source)
	at com.kms.katalon.core.webui.keyword.builtin.VerifyElementNotPresentKeyword.verifyElementNotPresent(VerifyElementNotPresentKeyword.groovy:117)
	at com.kms.katalon.core.webui.keyword.builtin.VerifyElementNotPresentKeyword.execute(VerifyElementNotPresentKeyword.groovy:68)
	at com.kms.katalon.core.keyword.internal.KeywordExecutor.executeKeywordForPlatform(KeywordExecutor.groovy:74)
	at com.kms.katalon.core.webui.keyword.WebUiBuiltInKeywords.verifyElementNotPresent(WebUiBuiltInKeywords.groovy:1481)
	at com.kms.katalon.core.webui.keyword.WebUiBuiltInKeywords$verifyElementNotPresent$8.call(Unknown Source)
	at GetBrokSumPriceDaily.run(GetBrokSumPriceDaily:361)
	at com.kms.katalon.core.main.ScriptEngine.run(ScriptEngine.java:194)
	at com.kms.katalon.core.main.ScriptEngine.runScriptAsRawText(ScriptEngine.java:119)
	at com.kms.katalon.core.main.TestCaseExecutor.runScript(TestCaseExecutor.java:445)
	at com.kms.katalon.core.main.TestCaseExecutor.doExecute(TestCaseExecutor.java:436)
	at com.kms.katalon.core.main.TestCaseExecutor.processExecutionPhase(TestCaseExecutor.java:415)
	at com.kms.katalon.core.main.TestCaseExecutor.accessMainPhase(TestCaseExecutor.java:407)
	at com.kms.katalon.core.main.TestCaseExecutor.execute(TestCaseExecutor.java:284)
	at com.kms.katalon.core.common.CommonExecutor.accessTestCaseMainPhase(CommonExecutor.java:65)
	at com.kms.katalon.core.main.TestSuiteExecutor.accessTestSuiteMainPhase(TestSuiteExecutor.java:144)
	at com.kms.katalon.core.main.TestSuiteExecutor.execute(TestSuiteExecutor.java:106)
	at com.kms.katalon.core.main.TestCaseMain.startTestSuite(TestCaseMain.java:185)
	at com.kms.katalon.core.main.TestCaseMain$startTestSuite$0.call(Unknown Source)
	at TempTestSuite1705922193915.run(TempTestSuite1705922193915.groovy:36)
)

2024-01-22 18:22:55 - [MESSAGE][WARNING] - Web element with id: 'Object Repository/Stockbit/Bandarmology_Buyer3' located by 'By.xpath: //*[contains(@id, 'rc-tabs-')]/div[2]/div/div/div/div/div/div[2]/table/tbody/tr[4]/td[1]/p' is present after '1' second(s) (Root cause: com.kms.katalon.core.exception.StepFailedException: Web element with id: 'Object Repository/Stockbit/Bandarmology_Buyer3' located by 'By.xpath: //*[contains(@id, 'rc-tabs-')]/div[2]/div/div/div/div/div/div[2]/table/tbody/tr[4]/td[1]/p' is present after '1' second(s)
	at com.kms.katalon.core.webui.keyword.internal.WebUIKeywordMain.stepFailed(WebUIKeywordMain.groovy:64)
	at com.kms.katalon.core.webui.keyword.internal.WebUIKeywordMain$stepFailed$0.call(Unknown Source)
	at com.kms.katalon.core.webui.keyword.builtin.VerifyElementNotPresentKeyword$_verifyElementNotPresent_closure1.doCall(VerifyElementNotPresentKeyword.groovy:106)
	at com.kms.katalon.core.webui.keyword.builtin.VerifyElementNotPresentKeyword$_verifyElementNotPresent_closure1.doCall(VerifyElementNotPresentKeyword.groovy)
	at com.kms.katalon.core.webui.keyword.internal.WebUIKeywordMain.runKeyword(WebUIKeywordMain.groovy:20)
	at com.kms.katalon.core.webui.keyword.internal.WebUIKeywordMain$runKeyword.call(Unknown Source)
	at com.kms.katalon.core.webui.keyword.builtin.VerifyElementNotPresentKeyword.verifyElementNotPresent(VerifyElementNotPresentKeyword.groovy:117)
	at com.kms.katalon.core.webui.keyword.builtin.VerifyElementNotPresentKeyword.execute(VerifyElementNotPresentKeyword.groovy:68)
	at com.kms.katalon.core.keyword.internal.KeywordExecutor.executeKeywordForPlatform(KeywordExecutor.groovy:74)
	at com.kms.katalon.core.webui.keyword.WebUiBuiltInKeywords.verifyElementNotPresent(WebUiBuiltInKeywords.groovy:1481)
	at com.kms.katalon.core.webui.keyword.WebUiBuiltInKeywords$verifyElementNotPresent$8.call(Unknown Source)
	at GetBrokSumPriceDaily.run(GetBrokSumPriceDaily:361)
	at com.kms.katalon.core.main.ScriptEngine.run(ScriptEngine.java:194)
	at com.kms.katalon.core.main.ScriptEngine.runScriptAsRawText(ScriptEngine.java:119)
	at com.kms.katalon.core.main.TestCaseExecutor.runScript(TestCaseExecutor.java:445)
	at com.kms.katalon.core.main.TestCaseExecutor.doExecute(TestCaseExecutor.java:436)
	at com.kms.katalon.core.main.TestCaseExecutor.processExecutionPhase(TestCaseExecutor.java:415)
	at com.kms.katalon.core.main.TestCaseExecutor.accessMainPhase(TestCaseExecutor.java:407)
	at com.kms.katalon.core.main.TestCaseExecutor.execute(TestCaseExecutor.java:284)
	at com.kms.katalon.core.common.CommonExecutor.accessTestCaseMainPhase(CommonExecutor.java:65)
	at com.kms.katalon.core.main.TestSuiteExecutor.accessTestSuiteMainPhase(TestSuiteExecutor.java:144)
	at com.kms.katalon.core.main.TestSuiteExecutor.execute(TestSuiteExecutor.java:106)
	at com.kms.katalon.core.main.TestCaseMain.startTestSuite(TestCaseMain.java:185)
	at com.kms.katalon.core.main.TestCaseMain$startTestSuite$0.call(Unknown Source)
	at TempTestSuite1705922193915.run(TempTestSuite1705922193915.groovy:36)
)
[[ATTACHMENT|C:\\Users\\Fadli\\git\\KatalonDailyGetData2\\Reports\\20240122_174123\\TS1\\20240122_181633\\1705922575035.png]]

2024-01-22 18:22:55 - [TEST_STEP][PASSED] - else: null

2024-01-22 18:22:55 - [TEST_STEP][PASSED] - strBuyer3 = getText(findTestObject("Stockbit/Bandarmology_Buyer3")): Text of object 'Object Repository/Stockbit/Bandarmology_Buyer3' is: 'CP'

2024-01-22 18:22:55 - [MESSAGE][PASSED] - Text of object 'Object Repository/Stockbit/Bandarmology_Buyer3' is: 'CP'

2024-01-22 18:22:55 - [TEST_STEP][PASSED] - strBuyerVol3 = getText(findTestObject("Stockbit/Bandarmology_BuyerVol3")): Text of object 'Object Repository/Stockbit/Bandarmology_BuyerVol3' is: '4.9 K'

2024-01-22 18:22:55 - [MESSAGE][PASSED] - Text of object 'Object Repository/Stockbit/Bandarmology_BuyerVol3' is: '4.9 K'

2024-01-22 18:22:55 - [TEST_STEP][PASSED] - strBuyerAvg3 = getText(findTestObject("Stockbit/Bandarmology_BuyerAvg3")): Text of object 'Object Repository/Stockbit/Bandarmology_BuyerAvg3' is: '70'

2024-01-22 18:22:55 - [MESSAGE][PASSED] - Text of object 'Object Repository/Stockbit/Bandarmology_BuyerAvg3' is: '70'

2024-01-22 18:22:55 - [TEST_STEP][PASSED] - if (strBuyer3 != ""): null

2024-01-22 18:22:55 - [TEST_STEP][PASSED] - if (strBuyerAvg3.contains(",")): null

2024-01-22 18:22:55 - [TEST_STEP][PASSED] - if (strBuyerVol3.contains(" B")): null

2024-01-22 18:22:55 - [TEST_STEP][PASSED] - else if (strBuyerVol3.contains(" M")): null

2024-01-22 18:22:55 - [TEST_STEP][PASSED] - else if (strBuyerVol3.contains(" K")): null

2024-01-22 18:22:55 - [TEST_STEP][PASSED] - strBuyerVol3 = strBuyerVol3.replace(" K", ""): null

2024-01-22 18:22:55 - [TEST_STEP][PASSED] - strBuyerVol3 = strBuyerVol3.toDouble() * 1000: null

2024-01-22 18:22:55 - [TEST_STEP][PASSED] - if (verifyElementNotPresent(findTestObject("Stockbit/Bandarmology_Seller3"), 1, OPTIONAL)): Web element with id: 'Object Repository/Stockbit/Bandarmology_Seller3' located by 'By.xpath: //*[contains(@id, 'rc-tabs-')]/div[2]/div/div/div/div/div/div[2]/table/tbody/tr[4]/td[5]/p' is present after '1' second(s) (Root cause: com.kms.katalon.core.exception.StepFailedException: Web element with id: 'Object Repository/Stockbit/Bandarmology_Seller3' located by 'By.xpath: //*[contains(@id, 'rc-tabs-')]/div[2]/div/div/div/div/div/div[2]/table/tbody/tr[4]/td[5]/p' is present after '1' second(s)
	at com.kms.katalon.core.webui.keyword.internal.WebUIKeywordMain.stepFailed(WebUIKeywordMain.groovy:64)
	at com.kms.katalon.core.webui.keyword.internal.WebUIKeywordMain$stepFailed$0.call(Unknown Source)
	at com.kms.katalon.core.webui.keyword.builtin.VerifyElementNotPresentKeyword$_verifyElementNotPresent_closure1.doCall(VerifyElementNotPresentKeyword.groovy:106)
	at com.kms.katalon.core.webui.keyword.builtin.VerifyElementNotPresentKeyword$_verifyElementNotPresent_closure1.doCall(VerifyElementNotPresentKeyword.groovy)
	at com.kms.katalon.core.webui.keyword.internal.WebUIKeywordMain.runKeyword(WebUIKeywordMain.groovy:20)
	at com.kms.katalon.core.webui.keyword.internal.WebUIKeywordMain$runKeyword.call(Unknown Source)
	at com.kms.katalon.core.webui.keyword.builtin.VerifyElementNotPresentKeyword.verifyElementNotPresent(VerifyElementNotPresentKeyword.groovy:117)
	at com.kms.katalon.core.webui.keyword.builtin.VerifyElementNotPresentKeyword.execute(VerifyElementNotPresentKeyword.groovy:68)
	at com.kms.katalon.core.keyword.internal.KeywordExecutor.executeKeywordForPlatform(KeywordExecutor.groovy:74)
	at com.kms.katalon.core.webui.keyword.WebUiBuiltInKeywords.verifyElementNotPresent(WebUiBuiltInKeywords.groovy:1481)
	at com.kms.katalon.core.webui.keyword.WebUiBuiltInKeywords$verifyElementNotPresent$8.call(Unknown Source)
	at GetBrokSumPriceDaily.run(GetBrokSumPriceDaily:414)
	at com.kms.katalon.core.main.ScriptEngine.run(ScriptEngine.java:194)
	at com.kms.katalon.core.main.ScriptEngine.runScriptAsRawText(ScriptEngine.java:119)
	at com.kms.katalon.core.main.TestCaseExecutor.runScript(TestCaseExecutor.java:445)
	at com.kms.katalon.core.main.TestCaseExecutor.doExecute(TestCaseExecutor.java:436)
	at com.kms.katalon.core.main.TestCaseExecutor.processExecutionPhase(TestCaseExecutor.java:415)
	at com.kms.katalon.core.main.TestCaseExecutor.accessMainPhase(TestCaseExecutor.java:407)
	at com.kms.katalon.core.main.TestCaseExecutor.execute(TestCaseExecutor.java:284)
	at com.kms.katalon.core.common.CommonExecutor.accessTestCaseMainPhase(CommonExecutor.java:65)
	at com.kms.katalon.core.main.TestSuiteExecutor.accessTestSuiteMainPhase(TestSuiteExecutor.java:144)
	at com.kms.katalon.core.main.TestSuiteExecutor.execute(TestSuiteExecutor.java:106)
	at com.kms.katalon.core.main.TestCaseMain.startTestSuite(TestCaseMain.java:185)
	at com.kms.katalon.core.main.TestCaseMain$startTestSuite$0.call(Unknown Source)
	at TempTestSuite1705922193915.run(TempTestSuite1705922193915.groovy:36)
)

2024-01-22 18:22:57 - [MESSAGE][WARNING] - Web element with id: 'Object Repository/Stockbit/Bandarmology_Seller3' located by 'By.xpath: //*[contains(@id, 'rc-tabs-')]/div[2]/div/div/div/div/div/div[2]/table/tbody/tr[4]/td[5]/p' is present after '1' second(s) (Root cause: com.kms.katalon.core.exception.StepFailedException: Web element with id: 'Object Repository/Stockbit/Bandarmology_Seller3' located by 'By.xpath: //*[contains(@id, 'rc-tabs-')]/div[2]/div/div/div/div/div/div[2]/table/tbody/tr[4]/td[5]/p' is present after '1' second(s)
	at com.kms.katalon.core.webui.keyword.internal.WebUIKeywordMain.stepFailed(WebUIKeywordMain.groovy:64)
	at com.kms.katalon.core.webui.keyword.internal.WebUIKeywordMain$stepFailed$0.call(Unknown Source)
	at com.kms.katalon.core.webui.keyword.builtin.VerifyElementNotPresentKeyword$_verifyElementNotPresent_closure1.doCall(VerifyElementNotPresentKeyword.groovy:106)
	at com.kms.katalon.core.webui.keyword.builtin.VerifyElementNotPresentKeyword$_verifyElementNotPresent_closure1.doCall(VerifyElementNotPresentKeyword.groovy)
	at com.kms.katalon.core.webui.keyword.internal.WebUIKeywordMain.runKeyword(WebUIKeywordMain.groovy:20)
	at com.kms.katalon.core.webui.keyword.internal.WebUIKeywordMain$runKeyword.call(Unknown Source)
	at com.kms.katalon.core.webui.keyword.builtin.VerifyElementNotPresentKeyword.verifyElementNotPresent(VerifyElementNotPresentKeyword.groovy:117)
	at com.kms.katalon.core.webui.keyword.builtin.VerifyElementNotPresentKeyword.execute(VerifyElementNotPresentKeyword.groovy:68)
	at com.kms.katalon.core.keyword.internal.KeywordExecutor.executeKeywordForPlatform(KeywordExecutor.groovy:74)
	at com.kms.katalon.core.webui.keyword.WebUiBuiltInKeywords.verifyElementNotPresent(WebUiBuiltInKeywords.groovy:1481)
	at com.kms.katalon.core.webui.keyword.WebUiBuiltInKeywords$verifyElementNotPresent$8.call(Unknown Source)
	at GetBrokSumPriceDaily.run(GetBrokSumPriceDaily:414)
	at com.kms.katalon.core.main.ScriptEngine.run(ScriptEngine.java:194)
	at com.kms.katalon.core.main.ScriptEngine.runScriptAsRawText(ScriptEngine.java:119)
	at com.kms.katalon.core.main.TestCaseExecutor.runScript(TestCaseExecutor.java:445)
	at com.kms.katalon.core.main.TestCaseExecutor.doExecute(TestCaseExecutor.java:436)
	at com.kms.katalon.core.main.TestCaseExecutor.processExecutionPhase(TestCaseExecutor.java:415)
	at com.kms.katalon.core.main.TestCaseExecutor.accessMainPhase(TestCaseExecutor.java:407)
	at com.kms.katalon.core.main.TestCaseExecutor.execute(TestCaseExecutor.java:284)
	at com.kms.katalon.core.common.CommonExecutor.accessTestCaseMainPhase(CommonExecutor.java:65)
	at com.kms.katalon.core.main.TestSuiteExecutor.accessTestSuiteMainPhase(TestSuiteExecutor.java:144)
	at com.kms.katalon.core.main.TestSuiteExecutor.execute(TestSuiteExecutor.java:106)
	at com.kms.katalon.core.main.TestCaseMain.startTestSuite(TestCaseMain.java:185)
	at com.kms.katalon.core.main.TestCaseMain$startTestSuite$0.call(Unknown Source)
	at TempTestSuite1705922193915.run(TempTestSuite1705922193915.groovy:36)
)
[[ATTACHMENT|C:\\Users\\Fadli\\git\\KatalonDailyGetData2\\Reports\\20240122_174123\\TS1\\20240122_181633\\1705922576932.png]]

2024-01-22 18:22:57 - [TEST_STEP][PASSED] - else: null

2024-01-22 18:22:57 - [TEST_STEP][PASSED] - strSeller3 = getText(findTestObject("Stockbit/Bandarmology_Seller3")): Text of object 'Object Repository/Stockbit/Bandarmology_Seller3' is: 'LG'

2024-01-22 18:22:57 - [MESSAGE][PASSED] - Text of object 'Object Repository/Stockbit/Bandarmology_Seller3' is: 'LG'

2024-01-22 18:22:57 - [TEST_STEP][PASSED] - strSellerVol3 = getText(findTestObject("Stockbit/Bandarmology_SellerVol3")): Text of object 'Object Repository/Stockbit/Bandarmology_SellerVol3' is: '5.1 K'

2024-01-22 18:22:57 - [MESSAGE][PASSED] - Text of object 'Object Repository/Stockbit/Bandarmology_SellerVol3' is: '5.1 K'

2024-01-22 18:22:57 - [TEST_STEP][PASSED] - strSellerAvg3 = getText(findTestObject("Stockbit/Bandarmology_SellerAvg3")): Text of object 'Object Repository/Stockbit/Bandarmology_SellerAvg3' is: '70'

2024-01-22 18:22:57 - [MESSAGE][PASSED] - Text of object 'Object Repository/Stockbit/Bandarmology_SellerAvg3' is: '70'

2024-01-22 18:22:57 - [TEST_STEP][PASSED] - if (strSeller3 != ""): null

2024-01-22 18:22:57 - [TEST_STEP][PASSED] - if (strSellerAvg3.contains(",")): null

2024-01-22 18:22:57 - [TEST_STEP][PASSED] - if (strSellerVol3.contains(" B")): null

2024-01-22 18:22:57 - [TEST_STEP][PASSED] - else if (strSellerVol3.contains(" M")): null

2024-01-22 18:22:57 - [TEST_STEP][PASSED] - else if (strSellerVol3.contains(" K")): null

2024-01-22 18:22:57 - [TEST_STEP][PASSED] - strSellerVol3 = strSellerVol3.replace(" K", ""): null

2024-01-22 18:22:57 - [TEST_STEP][PASSED] - strSellerVol3 = strSellerVol3.toDouble() * 1000: null

2024-01-22 18:22:57 - [TEST_STEP][PASSED] - strAccDist = getText(findTestObject("Stockbit/Bandarmology_AccDist")): Text of object 'Object Repository/Stockbit/Bandarmology_AccDist' is: 'Dist'

2024-01-22 18:22:57 - [MESSAGE][PASSED] - Text of object 'Object Repository/Stockbit/Bandarmology_AccDist' is: 'Dist'

2024-01-22 18:22:57 - [TEST_STEP][PASSED] - strNetVol = getText(findTestObject("Stockbit/Bandarmology_NetVol")): Text of object 'Object Repository/Stockbit/Bandarmology_NetVol' is: '46,320'

2024-01-22 18:22:57 - [MESSAGE][PASSED] - Text of object 'Object Repository/Stockbit/Bandarmology_NetVol' is: '46,320'

2024-01-22 18:22:57 - [TEST_STEP][PASSED] - strNetVol = strNetVol.replace(",", ""): null

2024-01-22 18:22:57 - [TEST_STEP][PASSED] - strNetVal = getText(findTestObject("Stockbit/Bandarmology_NetVal")): Text of object 'Object Repository/Stockbit/Bandarmology_NetVal' is: '0.3 B'

2024-01-22 18:22:58 - [MESSAGE][PASSED] - Text of object 'Object Repository/Stockbit/Bandarmology_NetVal' is: '0.3 B'

2024-01-22 18:22:58 - [TEST_STEP][PASSED] - delay(3): Delayed 3 second(s)

2024-01-22 18:23:01 - [MESSAGE][PASSED] - Delayed 3 second(s)

2024-01-22 18:23:01 - [TEST_STEP][PASSED] - strOpenPrice = getText(findTestObject("Stockbit/Home_OpenPrice")): Text of object 'Object Repository/Stockbit/Home_OpenPrice' is: '71'

2024-01-22 18:23:01 - [MESSAGE][PASSED] - Text of object 'Object Repository/Stockbit/Home_OpenPrice' is: '71'

2024-01-22 18:23:01 - [TEST_STEP][PASSED] - strOpenPrice = strOpenPrice.replace(",", ""): null

2024-01-22 18:23:01 - [TEST_STEP][PASSED] - strLowPrice = getText(findTestObject("Stockbit/Home_LowPrice")): Text of object 'Object Repository/Stockbit/Home_LowPrice' is: '69'

2024-01-22 18:23:01 - [MESSAGE][PASSED] - Text of object 'Object Repository/Stockbit/Home_LowPrice' is: '69'

2024-01-22 18:23:01 - [TEST_STEP][PASSED] - strLowPrice = strLowPrice.replace(",", ""): null

2024-01-22 18:23:01 - [TEST_STEP][PASSED] - strHighPrice = getText(findTestObject("Stockbit/Home_HighPrice")): Text of object 'Object Repository/Stockbit/Home_HighPrice' is: '72'

2024-01-22 18:23:01 - [MESSAGE][PASSED] - Text of object 'Object Repository/Stockbit/Home_HighPrice' is: '72'

2024-01-22 18:23:01 - [TEST_STEP][PASSED] - strHighPrice = strHighPrice.replace(",", ""): null

2024-01-22 18:23:01 - [TEST_STEP][PASSED] - strClosePrice = getText(findTestObject("Stockbit/Home_ClosePrice")): Text of object 'Object Repository/Stockbit/Home_ClosePrice' is: '70'

2024-01-22 18:23:01 - [MESSAGE][PASSED] - Text of object 'Object Repository/Stockbit/Home_ClosePrice' is: '70'

2024-01-22 18:23:01 - [TEST_STEP][PASSED] - strClosePrice = strClosePrice.replace(",", ""): null

2024-01-22 18:23:01 - [TEST_STEP][PASSED] - strVol = getText(findTestObject("Stockbit/Home_Volume")): Text of object 'Object Repository/Stockbit/Home_Volume' is: '94 K'

2024-01-22 18:23:01 - [MESSAGE][PASSED] - Text of object 'Object Repository/Stockbit/Home_Volume' is: '94 K'

2024-01-22 18:23:01 - [TEST_STEP][PASSED] - if (strVol.contains(" K")): null

2024-01-22 18:23:01 - [TEST_STEP][PASSED] - strVol = strVol.replace(" K", "000"): null

2024-01-22 18:23:01 - [TEST_STEP][PASSED] - if (strVol.contains(",")): null

2024-01-22 18:23:01 - [TEST_STEP][PASSED] - strChange = getText(findTestObject("Stockbit/Home_Change")): Text of object 'Object Repository/Stockbit/Home_Change' is: '-1.41%'

2024-01-22 18:23:01 - [MESSAGE][PASSED] - Text of object 'Object Repository/Stockbit/Home_Change' is: '-1.41%'

2024-01-22 18:23:01 - [TEST_STEP][PASSED] - strChange = strChange.replace("%", ""): null

2024-01-22 18:23:01 - [TEST_STEP][PASSED] - strFreq = getText(findTestObject("Stockbit/Home_Freq")): Text of object 'Object Repository/Stockbit/Home_Freq' is: '666'

2024-01-22 18:23:02 - [MESSAGE][PASSED] - Text of object 'Object Repository/Stockbit/Home_Freq' is: '666'

2024-01-22 18:23:02 - [TEST_STEP][PASSED] - if (strFreq.contains(",")): null

2024-01-22 18:23:02 - [TEST_STEP][PASSED] - if (strFreq == "NA" || strFreq == ""): null

2024-01-22 18:23:02 - [TEST_STEP][PASSED] - else: null

2024-01-22 18:23:02 - [TEST_STEP][PASSED] - dblFreqAnal = strVol.toDouble() / strFreq.toDouble() * strFreq.toDouble() * strFreq.toDouble() * 100000000: null

2024-01-22 18:23:02 - [TEST_STEP][PASSED] - strFreqAnal = String.format("%.4f", dblFreqAnal): null

2024-01-22 18:23:02 - [TEST_STEP][PASSED] - out.println("Double strFreqAnal: " + strFreqAnal): null

2024-01-22 18:23:02 - [TEST_STEP][PASSED] - strTanggal = d.format(DateTimeFormatter.ofPattern("yyyy-MM-dd")): null

2024-01-22 18:23:02 - [TEST_STEP][PASSED] - strTanggal = "#" + strTanggal + "#": null

2024-01-22 18:23:02 - [TEST_STEP][PASSED] - strSQL = "select count(*) as JumBaris from TblBrokSum where Nama = '" + strNama + "' and Tanggal = " + strTanggal + "": null

2024-01-22 18:23:02 - [TEST_STEP][PASSED] - resultSet = statement.executeQuery(strSQL): null

2024-01-22 18:23:02 - [TEST_STEP][PASSED] - resultSet.next(): null

2024-01-22 18:23:02 - [TEST_STEP][PASSED] - intJumBaris = resultSet.getInt("JumBaris"): null

2024-01-22 18:23:02 - [TEST_STEP][PASSED] - if (intJumBaris > 0): null

2024-01-22 18:23:02 - [TEST_STEP][PASSED] - else: null

2024-01-22 18:23:02 - [TEST_STEP][PASSED] - try: null

2024-01-22 18:23:02 - [TEST_STEP][PASSED] - out.println("Insert data"): null

2024-01-22 18:23:02 - [TEST_STEP][PASSED] - strSQL = "insert into TblBrokSum (nama, tanggal, top1, top2, top3, AllBrokAvg, AccDist, AvgRP, " + "Buyer1, BuyerVal1, BuyerAvg1, Seller1, SellerVal1, SellerAvg1, Buyer2, BuyerVal2, BuyerAvg2, " + "Seller2, SellerVal2, SellerAvg2, Buyer3, BuyerVal3, BuyerAvg3, Seller3, SellerVal3, SellerAvg3, NetVol, NetVal, " + "OpenPrice, LowPrice, HighPrice, ClosePrice, Volume, Change, Frekuensi, FrekAnal) " + "values ('" + strNama + "', " + strTanggal + ", '" + strTop1 + "', '" + strTop3 + "', '" + strTop5 + "', " + "'" + strAllBrokAvg + "', '" + strAccDist + "', " + intAvgRP + ", '" + strBuyer1 + "', '" + strBuyerVol1 + "', " + strBuyerAvg1 + ", " + "'" + strSeller1 + "', '" + strSellerVol1 + "', " + strSellerAvg1 + ", '" + strBuyer2 + "', '" + strBuyerVol2 + "', " + strBuyerAvg2 + ", " + "'" + strSeller2 + "', '" + strSellerVol2 + "', " + strSellerAvg2 + ", '" + strBuyer3 + "', '" + strBuyerVol3 + "', " + strBuyerAvg3 + ", " + "'" + strSeller3 + "', '" + strSellerVol3 + "', " + strSellerAvg3 + ", " + strNetVol + ", '" + strNetVal + "', " + "" + strOpenPrice + ", " + strLowPrice + ", " + strHighPrice + ", " + strClosePrice + ", '" + strVol + "', " + strChange + ", " + strFreq + ", " + strFreqAnal + ");": null

2024-01-22 18:23:02 - [TEST_STEP][PASSED] - out.println("strSQL = " + strSQL): null

2024-01-22 18:23:02 - [TEST_STEP][PASSED] - statement.executeUpdate(strSQL): null

2024-01-22 18:23:02 - [TEST_STEP][PASSED] - setValueToCellByIndex(sheet01, rowIndex, 4, "DONE"): null

2024-01-22 18:23:02 - [TEST_STEP][PASSED] - saveWorkbook(excelFilePath, workbook01): null

2024-01-22 18:23:02 - [TEST_STEP][PASSED] - waitForElementClickable(findTestObject("Stockbit/menu_Bandarmology"), 10): Object 'Object Repository/Stockbit/menu_Bandarmology' is clickable

2024-01-22 18:23:02 - [MESSAGE][PASSED] - Object 'Object Repository/Stockbit/menu_Bandarmology' is clickable

2024-01-22 18:23:02 - [TEST_STEP][PASSED] - click(findTestObject("Stockbit/menu_Bandarmology")): Object: 'Object Repository/Stockbit/menu_Bandarmology' is clicked on

2024-01-22 18:23:02 - [MESSAGE][PASSED] - Object: 'Object Repository/Stockbit/menu_Bandarmology' is clicked on

2024-01-22 18:23:02 - [TEST_STEP][PASSED] - strTemp = "NA": null

2024-01-22 18:23:02 - [TEST_STEP][PASSED] - if (getCellValueByIndex(sheet01, rowIndex, 4) != "DONE"): Object: 'Object Repository/Stockbit/menu_Bandarmology' is clicked on

2024-01-22 18:23:02 - [TEST_STEP][PASSED] - strNama = getCellValueByIndex(sheet01, rowIndex, 0): null

2024-01-22 18:23:02 - [TEST_STEP][PASSED] - navigateToUrl("https://stockbit.com/#/symbol/" + strNama): Navigate to 'https://stockbit.com/#/symbol/GPRA' successfully

2024-01-22 18:23:04 - [MESSAGE][PASSED] - Navigate to 'https://stockbit.com/#/symbol/GPRA' successfully

2024-01-22 18:23:04 - [TEST_STEP][PASSED] - waitForElementClickable(findTestObject("Stockbit/menu_Bandarmology"), 10): Object 'Object Repository/Stockbit/menu_Bandarmology' is clickable

2024-01-22 18:23:04 - [MESSAGE][PASSED] - Object 'Object Repository/Stockbit/menu_Bandarmology' is clickable

2024-01-22 18:23:04 - [TEST_STEP][PASSED] - click(findTestObject("Stockbit/menu_Bandarmology")): Object: 'Object Repository/Stockbit/menu_Bandarmology' is clicked on

2024-01-22 18:23:05 - [MESSAGE][PASSED] - Object: 'Object Repository/Stockbit/menu_Bandarmology' is clicked on

2024-01-22 18:23:05 - [TEST_STEP][PASSED] - strTanggal = d.format(DateTimeFormatter.ofPattern("MMM dd, yyyy")): null

2024-01-22 18:23:05 - [TEST_STEP][PASSED] - strTanggal = d.format(ISO_DATE): null

2024-01-22 18:23:05 - [TEST_STEP][PASSED] - out.println("strTanggal = " + strTanggal): null

2024-01-22 18:23:05 - [TEST_STEP][PASSED] - out.println("strNama = " + strNama): null

2024-01-22 18:23:05 - [TEST_STEP][PASSED] - out.println("Baris ke = " + rowIndex): null

2024-01-22 18:23:05 - [TEST_STEP][PASSED] - click(findTestObject("Stockbit/input__BandarmologyOpenStartDate")): Object: 'Object Repository/Stockbit/input__BandarmologyOpenStartDate' is clicked on

2024-01-22 18:23:06 - [MESSAGE][PASSED] - Object: 'Object Repository/Stockbit/input__BandarmologyOpenStartDate' is clicked on

2024-01-22 18:23:06 - [TEST_STEP][PASSED] - sendKeys(findTestObject("Stockbit/input__BandarmologyOpenStartDate"), Keys.chord(CONTROL, "a")): Keys 'CONTROL + a' sent to object: 'Object Repository/Stockbit/input__BandarmologyOpenStartDate'

2024-01-22 18:23:06 - [MESSAGE][PASSED] - Keys 'CONTROL + a' sent to object: 'Object Repository/Stockbit/input__BandarmologyOpenStartDate'

2024-01-22 18:23:06 - [TEST_STEP][PASSED] - sendKeys(findTestObject("Stockbit/input__BandarmologyOpenStartDate"), Keys.chord(BACK_SPACE)): Keys 'BACK_SPACE + ' sent to object: 'Object Repository/Stockbit/input__BandarmologyOpenStartDate'

2024-01-22 18:23:07 - [MESSAGE][PASSED] - Keys 'BACK_SPACE + ' sent to object: 'Object Repository/Stockbit/input__BandarmologyOpenStartDate'

2024-01-22 18:23:07 - [TEST_STEP][PASSED] - setText(findTestObject("Stockbit/input__BandarmologyOpenStartDate"), strTanggal): Text '2024-01-22' is set on object 'Object Repository/Stockbit/input__BandarmologyOpenStartDate'

2024-01-22 18:23:08 - [MESSAGE][PASSED] - Text '2024-01-22' is set on object 'Object Repository/Stockbit/input__BandarmologyOpenStartDate'

2024-01-22 18:23:08 - [TEST_STEP][PASSED] - sendKeys(findTestObject("Stockbit/input__BandarmologyOpenStartDate"), Keys.chord(ENTER)): Keys 'ENTER + ' sent to object: 'Object Repository/Stockbit/input__BandarmologyOpenStartDate'

2024-01-22 18:23:08 - [MESSAGE][PASSED] - Keys 'ENTER + ' sent to object: 'Object Repository/Stockbit/input__BandarmologyOpenStartDate'

2024-01-22 18:23:08 - [TEST_STEP][PASSED] - click(findTestObject("Stockbit/input__BandarmologyOpenEndDate")): Object: 'Object Repository/Stockbit/input__BandarmologyOpenEndDate' is clicked on

2024-01-22 18:23:08 - [MESSAGE][PASSED] - Object: 'Object Repository/Stockbit/input__BandarmologyOpenEndDate' is clicked on

2024-01-22 18:23:08 - [TEST_STEP][PASSED] - sendKeys(findTestObject("Stockbit/input__BandarmologyOpenEndDate"), Keys.chord(CONTROL, "a")): Keys 'CONTROL + a' sent to object: 'Object Repository/Stockbit/input__BandarmologyOpenEndDate'

2024-01-22 18:23:09 - [MESSAGE][PASSED] - Keys 'CONTROL + a' sent to object: 'Object Repository/Stockbit/input__BandarmologyOpenEndDate'

2024-01-22 18:23:09 - [TEST_STEP][PASSED] - sendKeys(findTestObject("Stockbit/input__BandarmologyOpenEndDate"), Keys.chord(BACK_SPACE)): Keys 'BACK_SPACE + ' sent to object: 'Object Repository/Stockbit/input__BandarmologyOpenEndDate'

2024-01-22 18:23:09 - [MESSAGE][PASSED] - Keys 'BACK_SPACE + ' sent to object: 'Object Repository/Stockbit/input__BandarmologyOpenEndDate'

2024-01-22 18:23:09 - [TEST_STEP][PASSED] - setText(findTestObject("Stockbit/input__BandarmologyOpenEndDate"), strTanggal): Text '2024-01-22' is set on object 'Object Repository/Stockbit/input__BandarmologyOpenEndDate'

2024-01-22 18:23:10 - [MESSAGE][PASSED] - Text '2024-01-22' is set on object 'Object Repository/Stockbit/input__BandarmologyOpenEndDate'

2024-01-22 18:23:10 - [TEST_STEP][PASSED] - sendKeys(findTestObject("Stockbit/input__BandarmologyOpenEndDate"), Keys.chord(ENTER)): Keys 'ENTER + ' sent to object: 'Object Repository/Stockbit/input__BandarmologyOpenEndDate'

2024-01-22 18:23:10 - [MESSAGE][PASSED] - Keys 'ENTER + ' sent to object: 'Object Repository/Stockbit/input__BandarmologyOpenEndDate'

2024-01-22 18:23:10 - [TEST_STEP][PASSED] - delay(2): Delayed 2 second(s)

2024-01-22 18:23:12 - [MESSAGE][PASSED] - Delayed 2 second(s)

2024-01-22 18:23:12 - [TEST_STEP][PASSED] - strTemp = getText(findTestObject("Stockbit/Bandarmology_AvgRP")): Text of object 'Object Repository/Stockbit/Bandarmology_AvgRP' is: '93'

2024-01-22 18:23:12 - [MESSAGE][PASSED] - Text of object 'Object Repository/Stockbit/Bandarmology_AvgRP' is: '93'

2024-01-22 18:23:12 - [TEST_STEP][PASSED] - out.println("Bandarmology_AvgRP = " + strTemp): null

2024-01-22 18:23:12 - [TEST_STEP][PASSED] - if (strTemp != "0"): null

2024-01-22 18:23:12 - [TEST_STEP][PASSED] - strTop1 = getText(findTestObject("Stockbit/Bandarmology_Top1")): Text of object 'Object Repository/Stockbit/Bandarmology_Top1' is: 'Big Dist'

2024-01-22 18:23:13 - [MESSAGE][PASSED] - Text of object 'Object Repository/Stockbit/Bandarmology_Top1' is: 'Big Dist'

2024-01-22 18:23:13 - [TEST_STEP][PASSED] - strTop3 = getText(findTestObject("Stockbit/Bandarmology_Top3")): Text of object 'Object Repository/Stockbit/Bandarmology_Top3' is: 'Big Dist'

2024-01-22 18:23:13 - [MESSAGE][PASSED] - Text of object 'Object Repository/Stockbit/Bandarmology_Top3' is: 'Big Dist'

2024-01-22 18:23:13 - [TEST_STEP][PASSED] - strTop5 = getText(findTestObject("Stockbit/Bandarmology_Top5")): Text of object 'Object Repository/Stockbit/Bandarmology_Top5' is: 'Big Dist'

2024-01-22 18:23:13 - [MESSAGE][PASSED] - Text of object 'Object Repository/Stockbit/Bandarmology_Top5' is: 'Big Dist'

2024-01-22 18:23:13 - [TEST_STEP][PASSED] - strAllBrokAvg = getText(findTestObject("Stockbit/Bandarmology_TopAVG")): Text of object 'Object Repository/Stockbit/Bandarmology_TopAVG' is: 'Big Dist'

2024-01-22 18:23:13 - [MESSAGE][PASSED] - Text of object 'Object Repository/Stockbit/Bandarmology_TopAVG' is: 'Big Dist'

2024-01-22 18:23:13 - [TEST_STEP][PASSED] - strTemp = getText(findTestObject("Stockbit/Bandarmology_AvgRP")): Text of object 'Object Repository/Stockbit/Bandarmology_AvgRP' is: '93'

2024-01-22 18:23:13 - [MESSAGE][PASSED] - Text of object 'Object Repository/Stockbit/Bandarmology_AvgRP' is: '93'

2024-01-22 18:23:13 - [TEST_STEP][PASSED] - if (strTemp.contains(",")): null

2024-01-22 18:23:13 - [TEST_STEP][PASSED] - intAvgRP = strTemp.toInteger(): null

2024-01-22 18:23:13 - [TEST_STEP][PASSED] - strBuyer1 = getText(findTestObject("Stockbit/Bandarmology_Buyer1")): Text of object 'Object Repository/Stockbit/Bandarmology_Buyer1' is: 'DR'

2024-01-22 18:23:13 - [MESSAGE][PASSED] - Text of object 'Object Repository/Stockbit/Bandarmology_Buyer1' is: 'DR'

2024-01-22 18:23:13 - [TEST_STEP][PASSED] - strBuyerVol1 = getText(findTestObject("Stockbit/Bandarmology_BuyerVol1")): Text of object 'Object Repository/Stockbit/Bandarmology_BuyerVol1' is: '5.8 K'

2024-01-22 18:23:13 - [MESSAGE][PASSED] - Text of object 'Object Repository/Stockbit/Bandarmology_BuyerVol1' is: '5.8 K'

2024-01-22 18:23:13 - [TEST_STEP][PASSED] - strBuyerAvg1 = getText(findTestObject("Stockbit/Bandarmology_BuyerAvg1")): Text of object 'Object Repository/Stockbit/Bandarmology_BuyerAvg1' is: '93'

2024-01-22 18:23:13 - [MESSAGE][PASSED] - Text of object 'Object Repository/Stockbit/Bandarmology_BuyerAvg1' is: '93'

2024-01-22 18:23:13 - [TEST_STEP][PASSED] - if (strBuyerAvg1.contains(",")): null

2024-01-22 18:23:13 - [TEST_STEP][PASSED] - if (strBuyerVol1.contains(" B")): null

2024-01-22 18:23:13 - [TEST_STEP][PASSED] - else if (strBuyerVol1.contains(" M")): null

2024-01-22 18:23:13 - [TEST_STEP][PASSED] - else if (strBuyerVol1.contains(" K")): null

2024-01-22 18:23:13 - [TEST_STEP][PASSED] - strBuyerVol1 = strBuyerVol1.replace(" K", ""): null

2024-01-22 18:23:13 - [TEST_STEP][PASSED] - strBuyerVol1 = strBuyerVol1.toDouble() * 1000: null

2024-01-22 18:23:13 - [TEST_STEP][PASSED] - strSeller1 = getText(findTestObject("Stockbit/Bandarmology_Seller1")): Text of object 'Object Repository/Stockbit/Bandarmology_Seller1' is: 'YP'

2024-01-22 18:23:14 - [MESSAGE][PASSED] - Text of object 'Object Repository/Stockbit/Bandarmology_Seller1' is: 'YP'

2024-01-22 18:23:14 - [TEST_STEP][PASSED] - strSellerVol1 = getText(findTestObject("Stockbit/Bandarmology_SellerVol1")): Text of object 'Object Repository/Stockbit/Bandarmology_SellerVol1' is: '21.6 K'

2024-01-22 18:23:14 - [MESSAGE][PASSED] - Text of object 'Object Repository/Stockbit/Bandarmology_SellerVol1' is: '21.6 K'

2024-01-22 18:23:14 - [TEST_STEP][PASSED] - strSellerAvg1 = getText(findTestObject("Stockbit/Bandarmology_SellerAvg1")): Text of object 'Object Repository/Stockbit/Bandarmology_SellerAvg1' is: '93'

2024-01-22 18:23:14 - [MESSAGE][PASSED] - Text of object 'Object Repository/Stockbit/Bandarmology_SellerAvg1' is: '93'

2024-01-22 18:23:14 - [TEST_STEP][PASSED] - if (strSellerAvg1.contains(",")): null

2024-01-22 18:23:14 - [TEST_STEP][PASSED] - if (strSellerVol1.contains(" B")): null

2024-01-22 18:23:14 - [TEST_STEP][PASSED] - else if (strSellerVol1.contains(" M")): null

2024-01-22 18:23:14 - [TEST_STEP][PASSED] - else if (strSellerVol1.contains(" K")): null

2024-01-22 18:23:14 - [TEST_STEP][PASSED] - strSellerVol1 = strSellerVol1.replace(" K", ""): null

2024-01-22 18:23:14 - [TEST_STEP][PASSED] - strSellerVol1 = strSellerVol1.toDouble() * 1000: null

2024-01-22 18:23:14 - [TEST_STEP][PASSED] - if (verifyElementNotPresent(findTestObject("Stockbit/Bandarmology_Buyer2"), 1, OPTIONAL)): Web element with id: 'Object Repository/Stockbit/Bandarmology_Buyer2' located by 'By.xpath: //*[contains(@id, 'rc-tabs-')]/div[2]/div/div/div/div/div/div[2]/table/tbody/tr[3]/td[1]/p' is present after '1' second(s) (Root cause: com.kms.katalon.core.exception.StepFailedException: Web element with id: 'Object Repository/Stockbit/Bandarmology_Buyer2' located by 'By.xpath: //*[contains(@id, 'rc-tabs-')]/div[2]/div/div/div/div/div/div[2]/table/tbody/tr[3]/td[1]/p' is present after '1' second(s)
	at com.kms.katalon.core.webui.keyword.internal.WebUIKeywordMain.stepFailed(WebUIKeywordMain.groovy:64)
	at com.kms.katalon.core.webui.keyword.internal.WebUIKeywordMain$stepFailed$0.call(Unknown Source)
	at com.kms.katalon.core.webui.keyword.builtin.VerifyElementNotPresentKeyword$_verifyElementNotPresent_closure1.doCall(VerifyElementNotPresentKeyword.groovy:106)
	at com.kms.katalon.core.webui.keyword.builtin.VerifyElementNotPresentKeyword$_verifyElementNotPresent_closure1.doCall(VerifyElementNotPresentKeyword.groovy)
	at com.kms.katalon.core.webui.keyword.internal.WebUIKeywordMain.runKeyword(WebUIKeywordMain.groovy:20)
	at com.kms.katalon.core.webui.keyword.internal.WebUIKeywordMain$runKeyword.call(Unknown Source)
	at com.kms.katalon.core.webui.keyword.builtin.VerifyElementNotPresentKeyword.verifyElementNotPresent(VerifyElementNotPresentKeyword.groovy:117)
	at com.kms.katalon.core.webui.keyword.builtin.VerifyElementNotPresentKeyword.execute(VerifyElementNotPresentKeyword.groovy:68)
	at com.kms.katalon.core.keyword.internal.KeywordExecutor.executeKeywordForPlatform(KeywordExecutor.groovy:74)
	at com.kms.katalon.core.webui.keyword.WebUiBuiltInKeywords.verifyElementNotPresent(WebUiBuiltInKeywords.groovy:1481)
	at com.kms.katalon.core.webui.keyword.WebUiBuiltInKeywords$verifyElementNotPresent$8.call(Unknown Source)
	at GetBrokSumPriceDaily.run(GetBrokSumPriceDaily:258)
	at com.kms.katalon.core.main.ScriptEngine.run(ScriptEngine.java:194)
	at com.kms.katalon.core.main.ScriptEngine.runScriptAsRawText(ScriptEngine.java:119)
	at com.kms.katalon.core.main.TestCaseExecutor.runScript(TestCaseExecutor.java:445)
	at com.kms.katalon.core.main.TestCaseExecutor.doExecute(TestCaseExecutor.java:436)
	at com.kms.katalon.core.main.TestCaseExecutor.processExecutionPhase(TestCaseExecutor.java:415)
	at com.kms.katalon.core.main.TestCaseExecutor.accessMainPhase(TestCaseExecutor.java:407)
	at com.kms.katalon.core.main.TestCaseExecutor.execute(TestCaseExecutor.java:284)
	at com.kms.katalon.core.common.CommonExecutor.accessTestCaseMainPhase(CommonExecutor.java:65)
	at com.kms.katalon.core.main.TestSuiteExecutor.accessTestSuiteMainPhase(TestSuiteExecutor.java:144)
	at com.kms.katalon.core.main.TestSuiteExecutor.execute(TestSuiteExecutor.java:106)
	at com.kms.katalon.core.main.TestCaseMain.startTestSuite(TestCaseMain.java:185)
	at com.kms.katalon.core.main.TestCaseMain$startTestSuite$0.call(Unknown Source)
	at TempTestSuite1705922193915.run(TempTestSuite1705922193915.groovy:36)
)

2024-01-22 18:23:15 - [MESSAGE][WARNING] - Web element with id: 'Object Repository/Stockbit/Bandarmology_Buyer2' located by 'By.xpath: //*[contains(@id, 'rc-tabs-')]/div[2]/div/div/div/div/div/div[2]/table/tbody/tr[3]/td[1]/p' is present after '1' second(s) (Root cause: com.kms.katalon.core.exception.StepFailedException: Web element with id: 'Object Repository/Stockbit/Bandarmology_Buyer2' located by 'By.xpath: //*[contains(@id, 'rc-tabs-')]/div[2]/div/div/div/div/div/div[2]/table/tbody/tr[3]/td[1]/p' is present after '1' second(s)
	at com.kms.katalon.core.webui.keyword.internal.WebUIKeywordMain.stepFailed(WebUIKeywordMain.groovy:64)
	at com.kms.katalon.core.webui.keyword.internal.WebUIKeywordMain$stepFailed$0.call(Unknown Source)
	at com.kms.katalon.core.webui.keyword.builtin.VerifyElementNotPresentKeyword$_verifyElementNotPresent_closure1.doCall(VerifyElementNotPresentKeyword.groovy:106)
	at com.kms.katalon.core.webui.keyword.builtin.VerifyElementNotPresentKeyword$_verifyElementNotPresent_closure1.doCall(VerifyElementNotPresentKeyword.groovy)
	at com.kms.katalon.core.webui.keyword.internal.WebUIKeywordMain.runKeyword(WebUIKeywordMain.groovy:20)
	at com.kms.katalon.core.webui.keyword.internal.WebUIKeywordMain$runKeyword.call(Unknown Source)
	at com.kms.katalon.core.webui.keyword.builtin.VerifyElementNotPresentKeyword.verifyElementNotPresent(VerifyElementNotPresentKeyword.groovy:117)
	at com.kms.katalon.core.webui.keyword.builtin.VerifyElementNotPresentKeyword.execute(VerifyElementNotPresentKeyword.groovy:68)
	at com.kms.katalon.core.keyword.internal.KeywordExecutor.executeKeywordForPlatform(KeywordExecutor.groovy:74)
	at com.kms.katalon.core.webui.keyword.WebUiBuiltInKeywords.verifyElementNotPresent(WebUiBuiltInKeywords.groovy:1481)
	at com.kms.katalon.core.webui.keyword.WebUiBuiltInKeywords$verifyElementNotPresent$8.call(Unknown Source)
	at GetBrokSumPriceDaily.run(GetBrokSumPriceDaily:258)
	at com.kms.katalon.core.main.ScriptEngine.run(ScriptEngine.java:194)
	at com.kms.katalon.core.main.ScriptEngine.runScriptAsRawText(ScriptEngine.java:119)
	at com.kms.katalon.core.main.TestCaseExecutor.runScript(TestCaseExecutor.java:445)
	at com.kms.katalon.core.main.TestCaseExecutor.doExecute(TestCaseExecutor.java:436)
	at com.kms.katalon.core.main.TestCaseExecutor.processExecutionPhase(TestCaseExecutor.java:415)
	at com.kms.katalon.core.main.TestCaseExecutor.accessMainPhase(TestCaseExecutor.java:407)
	at com.kms.katalon.core.main.TestCaseExecutor.execute(TestCaseExecutor.java:284)
	at com.kms.katalon.core.common.CommonExecutor.accessTestCaseMainPhase(CommonExecutor.java:65)
	at com.kms.katalon.core.main.TestSuiteExecutor.accessTestSuiteMainPhase(TestSuiteExecutor.java:144)
	at com.kms.katalon.core.main.TestSuiteExecutor.execute(TestSuiteExecutor.java:106)
	at com.kms.katalon.core.main.TestCaseMain.startTestSuite(TestCaseMain.java:185)
	at com.kms.katalon.core.main.TestCaseMain$startTestSuite$0.call(Unknown Source)
	at TempTestSuite1705922193915.run(TempTestSuite1705922193915.groovy:36)
)
[[ATTACHMENT|C:\\Users\\Fadli\\git\\KatalonDailyGetData2\\Reports\\20240122_174123\\TS1\\20240122_181633\\1705922595464.png]]

2024-01-22 18:23:15 - [TEST_STEP][PASSED] - else: null

2024-01-22 18:23:15 - [TEST_STEP][PASSED] - strBuyer2 = getText(findTestObject("Stockbit/Bandarmology_Buyer2")): Text of object 'Object Repository/Stockbit/Bandarmology_Buyer2' is: 'KK'

2024-01-22 18:23:15 - [MESSAGE][PASSED] - Text of object 'Object Repository/Stockbit/Bandarmology_Buyer2' is: 'KK'

2024-01-22 18:23:15 - [TEST_STEP][PASSED] - strBuyerVol2 = getText(findTestObject("Stockbit/Bandarmology_BuyerVol2")): Text of object 'Object Repository/Stockbit/Bandarmology_BuyerVol2' is: '5 K'

2024-01-22 18:23:15 - [MESSAGE][PASSED] - Text of object 'Object Repository/Stockbit/Bandarmology_BuyerVol2' is: '5 K'

2024-01-22 18:23:15 - [TEST_STEP][PASSED] - strBuyerAvg2 = getText(findTestObject("Stockbit/Bandarmology_BuyerAvg2")): Text of object 'Object Repository/Stockbit/Bandarmology_BuyerAvg2' is: '93'

2024-01-22 18:23:15 - [MESSAGE][PASSED] - Text of object 'Object Repository/Stockbit/Bandarmology_BuyerAvg2' is: '93'

2024-01-22 18:23:15 - [TEST_STEP][PASSED] - if (strBuyer2 != ""): null

2024-01-22 18:23:15 - [TEST_STEP][PASSED] - if (strBuyerAvg2.contains(",")): null

2024-01-22 18:23:15 - [TEST_STEP][PASSED] - if (strBuyerVol2.contains(" B")): null

2024-01-22 18:23:15 - [TEST_STEP][PASSED] - else if (strBuyerVol2.contains(" M")): null

2024-01-22 18:23:15 - [TEST_STEP][PASSED] - else if (strBuyerVol2.contains(" K")): null

2024-01-22 18:23:15 - [TEST_STEP][PASSED] - strBuyerVol2 = strBuyerVol2.replace(" K", ""): null

2024-01-22 18:23:15 - [TEST_STEP][PASSED] - strBuyerVol2 = strBuyerVol2.toDouble() * 1000: null

2024-01-22 18:23:16 - [TEST_STEP][PASSED] - if (strBuyerVol2.contains(".")): null

2024-01-22 18:23:16 - [TEST_STEP][PASSED] - strBuyerVal2 = strBuyerVol2.replace(".", ""): null

2024-01-22 18:23:16 - [TEST_STEP][PASSED] - if (verifyElementNotPresent(findTestObject("Stockbit/Bandarmology_Seller2"), 1, OPTIONAL)): Web element with id: 'Object Repository/Stockbit/Bandarmology_Seller2' located by 'By.xpath: //*[contains(@id, 'rc-tabs-')]/div[2]/div/div/div/div/div/div[2]/table/tbody/tr[3]/td[5]/p' is present after '1' second(s) (Root cause: com.kms.katalon.core.exception.StepFailedException: Web element with id: 'Object Repository/Stockbit/Bandarmology_Seller2' located by 'By.xpath: //*[contains(@id, 'rc-tabs-')]/div[2]/div/div/div/div/div/div[2]/table/tbody/tr[3]/td[5]/p' is present after '1' second(s)
	at com.kms.katalon.core.webui.keyword.internal.WebUIKeywordMain.stepFailed(WebUIKeywordMain.groovy:64)
	at com.kms.katalon.core.webui.keyword.internal.WebUIKeywordMain$stepFailed$0.call(Unknown Source)
	at com.kms.katalon.core.webui.keyword.builtin.VerifyElementNotPresentKeyword$_verifyElementNotPresent_closure1.doCall(VerifyElementNotPresentKeyword.groovy:106)
	at com.kms.katalon.core.webui.keyword.builtin.VerifyElementNotPresentKeyword$_verifyElementNotPresent_closure1.doCall(VerifyElementNotPresentKeyword.groovy)
	at com.kms.katalon.core.webui.keyword.internal.WebUIKeywordMain.runKeyword(WebUIKeywordMain.groovy:20)
	at com.kms.katalon.core.webui.keyword.internal.WebUIKeywordMain$runKeyword.call(Unknown Source)
	at com.kms.katalon.core.webui.keyword.builtin.VerifyElementNotPresentKeyword.verifyElementNotPresent(VerifyElementNotPresentKeyword.groovy:117)
	at com.kms.katalon.core.webui.keyword.builtin.VerifyElementNotPresentKeyword.execute(VerifyElementNotPresentKeyword.groovy:68)
	at com.kms.katalon.core.keyword.internal.KeywordExecutor.executeKeywordForPlatform(KeywordExecutor.groovy:74)
	at com.kms.katalon.core.webui.keyword.WebUiBuiltInKeywords.verifyElementNotPresent(WebUiBuiltInKeywords.groovy:1481)
	at com.kms.katalon.core.webui.keyword.WebUiBuiltInKeywords$verifyElementNotPresent$8.call(Unknown Source)
	at GetBrokSumPriceDaily.run(GetBrokSumPriceDaily:309)
	at com.kms.katalon.core.main.ScriptEngine.run(ScriptEngine.java:194)
	at com.kms.katalon.core.main.ScriptEngine.runScriptAsRawText(ScriptEngine.java:119)
	at com.kms.katalon.core.main.TestCaseExecutor.runScript(TestCaseExecutor.java:445)
	at com.kms.katalon.core.main.TestCaseExecutor.doExecute(TestCaseExecutor.java:436)
	at com.kms.katalon.core.main.TestCaseExecutor.processExecutionPhase(TestCaseExecutor.java:415)
	at com.kms.katalon.core.main.TestCaseExecutor.accessMainPhase(TestCaseExecutor.java:407)
	at com.kms.katalon.core.main.TestCaseExecutor.execute(TestCaseExecutor.java:284)
	at com.kms.katalon.core.common.CommonExecutor.accessTestCaseMainPhase(CommonExecutor.java:65)
	at com.kms.katalon.core.main.TestSuiteExecutor.accessTestSuiteMainPhase(TestSuiteExecutor.java:144)
	at com.kms.katalon.core.main.TestSuiteExecutor.execute(TestSuiteExecutor.java:106)
	at com.kms.katalon.core.main.TestCaseMain.startTestSuite(TestCaseMain.java:185)
	at com.kms.katalon.core.main.TestCaseMain$startTestSuite$0.call(Unknown Source)
	at TempTestSuite1705922193915.run(TempTestSuite1705922193915.groovy:36)
)

2024-01-22 18:23:17 - [MESSAGE][WARNING] - Web element with id: 'Object Repository/Stockbit/Bandarmology_Seller2' located by 'By.xpath: //*[contains(@id, 'rc-tabs-')]/div[2]/div/div/div/div/div/div[2]/table/tbody/tr[3]/td[5]/p' is present after '1' second(s) (Root cause: com.kms.katalon.core.exception.StepFailedException: Web element with id: 'Object Repository/Stockbit/Bandarmology_Seller2' located by 'By.xpath: //*[contains(@id, 'rc-tabs-')]/div[2]/div/div/div/div/div/div[2]/table/tbody/tr[3]/td[5]/p' is present after '1' second(s)
	at com.kms.katalon.core.webui.keyword.internal.WebUIKeywordMain.stepFailed(WebUIKeywordMain.groovy:64)
	at com.kms.katalon.core.webui.keyword.internal.WebUIKeywordMain$stepFailed$0.call(Unknown Source)
	at com.kms.katalon.core.webui.keyword.builtin.VerifyElementNotPresentKeyword$_verifyElementNotPresent_closure1.doCall(VerifyElementNotPresentKeyword.groovy:106)
	at com.kms.katalon.core.webui.keyword.builtin.VerifyElementNotPresentKeyword$_verifyElementNotPresent_closure1.doCall(VerifyElementNotPresentKeyword.groovy)
	at com.kms.katalon.core.webui.keyword.internal.WebUIKeywordMain.runKeyword(WebUIKeywordMain.groovy:20)
	at com.kms.katalon.core.webui.keyword.internal.WebUIKeywordMain$runKeyword.call(Unknown Source)
	at com.kms.katalon.core.webui.keyword.builtin.VerifyElementNotPresentKeyword.verifyElementNotPresent(VerifyElementNotPresentKeyword.groovy:117)
	at com.kms.katalon.core.webui.keyword.builtin.VerifyElementNotPresentKeyword.execute(VerifyElementNotPresentKeyword.groovy:68)
	at com.kms.katalon.core.keyword.internal.KeywordExecutor.executeKeywordForPlatform(KeywordExecutor.groovy:74)
	at com.kms.katalon.core.webui.keyword.WebUiBuiltInKeywords.verifyElementNotPresent(WebUiBuiltInKeywords.groovy:1481)
	at com.kms.katalon.core.webui.keyword.WebUiBuiltInKeywords$verifyElementNotPresent$8.call(Unknown Source)
	at GetBrokSumPriceDaily.run(GetBrokSumPriceDaily:309)
	at com.kms.katalon.core.main.ScriptEngine.run(ScriptEngine.java:194)
	at com.kms.katalon.core.main.ScriptEngine.runScriptAsRawText(ScriptEngine.java:119)
	at com.kms.katalon.core.main.TestCaseExecutor.runScript(TestCaseExecutor.java:445)
	at com.kms.katalon.core.main.TestCaseExecutor.doExecute(TestCaseExecutor.java:436)
	at com.kms.katalon.core.main.TestCaseExecutor.processExecutionPhase(TestCaseExecutor.java:415)
	at com.kms.katalon.core.main.TestCaseExecutor.accessMainPhase(TestCaseExecutor.java:407)
	at com.kms.katalon.core.main.TestCaseExecutor.execute(TestCaseExecutor.java:284)
	at com.kms.katalon.core.common.CommonExecutor.accessTestCaseMainPhase(CommonExecutor.java:65)
	at com.kms.katalon.core.main.TestSuiteExecutor.accessTestSuiteMainPhase(TestSuiteExecutor.java:144)
	at com.kms.katalon.core.main.TestSuiteExecutor.execute(TestSuiteExecutor.java:106)
	at com.kms.katalon.core.main.TestCaseMain.startTestSuite(TestCaseMain.java:185)
	at com.kms.katalon.core.main.TestCaseMain$startTestSuite$0.call(Unknown Source)
	at TempTestSuite1705922193915.run(TempTestSuite1705922193915.groovy:36)
)
[[ATTACHMENT|C:\\Users\\Fadli\\git\\KatalonDailyGetData2\\Reports\\20240122_174123\\TS1\\20240122_181633\\1705922597170.png]]

2024-01-22 18:23:17 - [TEST_STEP][PASSED] - else: null

2024-01-22 18:23:17 - [TEST_STEP][PASSED] - strSeller2 = getText(findTestObject("Stockbit/Bandarmology_Seller2")): Text of object 'Object Repository/Stockbit/Bandarmology_Seller2' is: 'GR'

2024-01-22 18:23:17 - [MESSAGE][PASSED] - Text of object 'Object Repository/Stockbit/Bandarmology_Seller2' is: 'GR'

2024-01-22 18:23:17 - [TEST_STEP][PASSED] - strSellerVol2 = getText(findTestObject("Stockbit/Bandarmology_SellerVol2")): Text of object 'Object Repository/Stockbit/Bandarmology_SellerVol2' is: '4.4 K'

2024-01-22 18:23:17 - [MESSAGE][PASSED] - Text of object 'Object Repository/Stockbit/Bandarmology_SellerVol2' is: '4.4 K'

2024-01-22 18:23:17 - [TEST_STEP][PASSED] - strSellerAvg2 = getText(findTestObject("Stockbit/Bandarmology_SellerAvg2")): Text of object 'Object Repository/Stockbit/Bandarmology_SellerAvg2' is: '93'

2024-01-22 18:23:17 - [MESSAGE][PASSED] - Text of object 'Object Repository/Stockbit/Bandarmology_SellerAvg2' is: '93'

2024-01-22 18:23:17 - [TEST_STEP][PASSED] - if (strSeller2 != ""): null

2024-01-22 18:23:17 - [TEST_STEP][PASSED] - if (strSellerAvg2.contains(",")): null

2024-01-22 18:23:17 - [TEST_STEP][PASSED] - if (strSellerVol2.contains(" B")): null

2024-01-22 18:23:17 - [TEST_STEP][PASSED] - else if (strSellerVol2.contains(" M")): null

2024-01-22 18:23:17 - [TEST_STEP][PASSED] - else if (strSellerVol2.contains(" K")): null

2024-01-22 18:23:17 - [TEST_STEP][PASSED] - strSellerVol2 = strSellerVol2.replace(" K", ""): null

2024-01-22 18:23:17 - [TEST_STEP][PASSED] - strSellerVol2 = strSellerVol2.toDouble() * 1000: null

2024-01-22 18:23:17 - [TEST_STEP][PASSED] - if (verifyElementNotPresent(findTestObject("Stockbit/Bandarmology_Buyer3"), 1, OPTIONAL)): Web element with id: 'Object Repository/Stockbit/Bandarmology_Buyer3' located by 'By.xpath: //*[contains(@id, 'rc-tabs-')]/div[2]/div/div/div/div/div/div[2]/table/tbody/tr[4]/td[1]/p' is present after '1' second(s) (Root cause: com.kms.katalon.core.exception.StepFailedException: Web element with id: 'Object Repository/Stockbit/Bandarmology_Buyer3' located by 'By.xpath: //*[contains(@id, 'rc-tabs-')]/div[2]/div/div/div/div/div/div[2]/table/tbody/tr[4]/td[1]/p' is present after '1' second(s)
	at com.kms.katalon.core.webui.keyword.internal.WebUIKeywordMain.stepFailed(WebUIKeywordMain.groovy:64)
	at com.kms.katalon.core.webui.keyword.internal.WebUIKeywordMain$stepFailed$0.call(Unknown Source)
	at com.kms.katalon.core.webui.keyword.builtin.VerifyElementNotPresentKeyword$_verifyElementNotPresent_closure1.doCall(VerifyElementNotPresentKeyword.groovy:106)
	at com.kms.katalon.core.webui.keyword.builtin.VerifyElementNotPresentKeyword$_verifyElementNotPresent_closure1.doCall(VerifyElementNotPresentKeyword.groovy)
	at com.kms.katalon.core.webui.keyword.internal.WebUIKeywordMain.runKeyword(WebUIKeywordMain.groovy:20)
	at com.kms.katalon.core.webui.keyword.internal.WebUIKeywordMain$runKeyword.call(Unknown Source)
	at com.kms.katalon.core.webui.keyword.builtin.VerifyElementNotPresentKeyword.verifyElementNotPresent(VerifyElementNotPresentKeyword.groovy:117)
	at com.kms.katalon.core.webui.keyword.builtin.VerifyElementNotPresentKeyword.execute(VerifyElementNotPresentKeyword.groovy:68)
	at com.kms.katalon.core.keyword.internal.KeywordExecutor.executeKeywordForPlatform(KeywordExecutor.groovy:74)
	at com.kms.katalon.core.webui.keyword.WebUiBuiltInKeywords.verifyElementNotPresent(WebUiBuiltInKeywords.groovy:1481)
	at com.kms.katalon.core.webui.keyword.WebUiBuiltInKeywords$verifyElementNotPresent$8.call(Unknown Source)
	at GetBrokSumPriceDaily.run(GetBrokSumPriceDaily:361)
	at com.kms.katalon.core.main.ScriptEngine.run(ScriptEngine.java:194)
	at com.kms.katalon.core.main.ScriptEngine.runScriptAsRawText(ScriptEngine.java:119)
	at com.kms.katalon.core.main.TestCaseExecutor.runScript(TestCaseExecutor.java:445)
	at com.kms.katalon.core.main.TestCaseExecutor.doExecute(TestCaseExecutor.java:436)
	at com.kms.katalon.core.main.TestCaseExecutor.processExecutionPhase(TestCaseExecutor.java:415)
	at com.kms.katalon.core.main.TestCaseExecutor.accessMainPhase(TestCaseExecutor.java:407)
	at com.kms.katalon.core.main.TestCaseExecutor.execute(TestCaseExecutor.java:284)
	at com.kms.katalon.core.common.CommonExecutor.accessTestCaseMainPhase(CommonExecutor.java:65)
	at com.kms.katalon.core.main.TestSuiteExecutor.accessTestSuiteMainPhase(TestSuiteExecutor.java:144)
	at com.kms.katalon.core.main.TestSuiteExecutor.execute(TestSuiteExecutor.java:106)
	at com.kms.katalon.core.main.TestCaseMain.startTestSuite(TestCaseMain.java:185)
	at com.kms.katalon.core.main.TestCaseMain$startTestSuite$0.call(Unknown Source)
	at TempTestSuite1705922193915.run(TempTestSuite1705922193915.groovy:36)
)

2024-01-22 18:23:19 - [MESSAGE][WARNING] - Web element with id: 'Object Repository/Stockbit/Bandarmology_Buyer3' located by 'By.xpath: //*[contains(@id, 'rc-tabs-')]/div[2]/div/div/div/div/div/div[2]/table/tbody/tr[4]/td[1]/p' is present after '1' second(s) (Root cause: com.kms.katalon.core.exception.StepFailedException: Web element with id: 'Object Repository/Stockbit/Bandarmology_Buyer3' located by 'By.xpath: //*[contains(@id, 'rc-tabs-')]/div[2]/div/div/div/div/div/div[2]/table/tbody/tr[4]/td[1]/p' is present after '1' second(s)
	at com.kms.katalon.core.webui.keyword.internal.WebUIKeywordMain.stepFailed(WebUIKeywordMain.groovy:64)
	at com.kms.katalon.core.webui.keyword.internal.WebUIKeywordMain$stepFailed$0.call(Unknown Source)
	at com.kms.katalon.core.webui.keyword.builtin.VerifyElementNotPresentKeyword$_verifyElementNotPresent_closure1.doCall(VerifyElementNotPresentKeyword.groovy:106)
	at com.kms.katalon.core.webui.keyword.builtin.VerifyElementNotPresentKeyword$_verifyElementNotPresent_closure1.doCall(VerifyElementNotPresentKeyword.groovy)
	at com.kms.katalon.core.webui.keyword.internal.WebUIKeywordMain.runKeyword(WebUIKeywordMain.groovy:20)
	at com.kms.katalon.core.webui.keyword.internal.WebUIKeywordMain$runKeyword.call(Unknown Source)
	at com.kms.katalon.core.webui.keyword.builtin.VerifyElementNotPresentKeyword.verifyElementNotPresent(VerifyElementNotPresentKeyword.groovy:117)
	at com.kms.katalon.core.webui.keyword.builtin.VerifyElementNotPresentKeyword.execute(VerifyElementNotPresentKeyword.groovy:68)
	at com.kms.katalon.core.keyword.internal.KeywordExecutor.executeKeywordForPlatform(KeywordExecutor.groovy:74)
	at com.kms.katalon.core.webui.keyword.WebUiBuiltInKeywords.verifyElementNotPresent(WebUiBuiltInKeywords.groovy:1481)
	at com.kms.katalon.core.webui.keyword.WebUiBuiltInKeywords$verifyElementNotPresent$8.call(Unknown Source)
	at GetBrokSumPriceDaily.run(GetBrokSumPriceDaily:361)
	at com.kms.katalon.core.main.ScriptEngine.run(ScriptEngine.java:194)
	at com.kms.katalon.core.main.ScriptEngine.runScriptAsRawText(ScriptEngine.java:119)
	at com.kms.katalon.core.main.TestCaseExecutor.runScript(TestCaseExecutor.java:445)
	at com.kms.katalon.core.main.TestCaseExecutor.doExecute(TestCaseExecutor.java:436)
	at com.kms.katalon.core.main.TestCaseExecutor.processExecutionPhase(TestCaseExecutor.java:415)
	at com.kms.katalon.core.main.TestCaseExecutor.accessMainPhase(TestCaseExecutor.java:407)
	at com.kms.katalon.core.main.TestCaseExecutor.execute(TestCaseExecutor.java:284)
	at com.kms.katalon.core.common.CommonExecutor.accessTestCaseMainPhase(CommonExecutor.java:65)
	at com.kms.katalon.core.main.TestSuiteExecutor.accessTestSuiteMainPhase(TestSuiteExecutor.java:144)
	at com.kms.katalon.core.main.TestSuiteExecutor.execute(TestSuiteExecutor.java:106)
	at com.kms.katalon.core.main.TestCaseMain.startTestSuite(TestCaseMain.java:185)
	at com.kms.katalon.core.main.TestCaseMain$startTestSuite$0.call(Unknown Source)
	at TempTestSuite1705922193915.run(TempTestSuite1705922193915.groovy:36)
)
[[ATTACHMENT|C:\\Users\\Fadli\\git\\KatalonDailyGetData2\\Reports\\20240122_174123\\TS1\\20240122_181633\\1705922598859.png]]

2024-01-22 18:23:19 - [TEST_STEP][PASSED] - else: null

2024-01-22 18:23:19 - [TEST_STEP][PASSED] - strBuyer3 = getText(findTestObject("Stockbit/Bandarmology_Buyer3")): Text of object 'Object Repository/Stockbit/Bandarmology_Buyer3' is: 'CC'

2024-01-22 18:23:19 - [MESSAGE][PASSED] - Text of object 'Object Repository/Stockbit/Bandarmology_Buyer3' is: 'CC'

2024-01-22 18:23:19 - [TEST_STEP][PASSED] - strBuyerVol3 = getText(findTestObject("Stockbit/Bandarmology_BuyerVol3")): Text of object 'Object Repository/Stockbit/Bandarmology_BuyerVol3' is: '3.7 K'

2024-01-22 18:23:19 - [MESSAGE][PASSED] - Text of object 'Object Repository/Stockbit/Bandarmology_BuyerVol3' is: '3.7 K'

2024-01-22 18:23:19 - [TEST_STEP][PASSED] - strBuyerAvg3 = getText(findTestObject("Stockbit/Bandarmology_BuyerAvg3")): Text of object 'Object Repository/Stockbit/Bandarmology_BuyerAvg3' is: '93'

2024-01-22 18:23:19 - [MESSAGE][PASSED] - Text of object 'Object Repository/Stockbit/Bandarmology_BuyerAvg3' is: '93'

2024-01-22 18:23:19 - [TEST_STEP][PASSED] - if (strBuyer3 != ""): null

2024-01-22 18:23:19 - [TEST_STEP][PASSED] - if (strBuyerAvg3.contains(",")): null

2024-01-22 18:23:19 - [TEST_STEP][PASSED] - if (strBuyerVol3.contains(" B")): null

2024-01-22 18:23:19 - [TEST_STEP][PASSED] - else if (strBuyerVol3.contains(" M")): null

2024-01-22 18:23:19 - [TEST_STEP][PASSED] - else if (strBuyerVol3.contains(" K")): null

2024-01-22 18:23:19 - [TEST_STEP][PASSED] - strBuyerVol3 = strBuyerVol3.replace(" K", ""): null

2024-01-22 18:23:19 - [TEST_STEP][PASSED] - strBuyerVol3 = strBuyerVol3.toDouble() * 1000: null

2024-01-22 18:23:19 - [TEST_STEP][PASSED] - if (verifyElementNotPresent(findTestObject("Stockbit/Bandarmology_Seller3"), 1, OPTIONAL)): Web element with id: 'Object Repository/Stockbit/Bandarmology_Seller3' located by 'By.xpath: //*[contains(@id, 'rc-tabs-')]/div[2]/div/div/div/div/div/div[2]/table/tbody/tr[4]/td[5]/p' is present after '1' second(s) (Root cause: com.kms.katalon.core.exception.StepFailedException: Web element with id: 'Object Repository/Stockbit/Bandarmology_Seller3' located by 'By.xpath: //*[contains(@id, 'rc-tabs-')]/div[2]/div/div/div/div/div/div[2]/table/tbody/tr[4]/td[5]/p' is present after '1' second(s)
	at com.kms.katalon.core.webui.keyword.internal.WebUIKeywordMain.stepFailed(WebUIKeywordMain.groovy:64)
	at com.kms.katalon.core.webui.keyword.internal.WebUIKeywordMain$stepFailed$0.call(Unknown Source)
	at com.kms.katalon.core.webui.keyword.builtin.VerifyElementNotPresentKeyword$_verifyElementNotPresent_closure1.doCall(VerifyElementNotPresentKeyword.groovy:106)
	at com.kms.katalon.core.webui.keyword.builtin.VerifyElementNotPresentKeyword$_verifyElementNotPresent_closure1.doCall(VerifyElementNotPresentKeyword.groovy)
	at com.kms.katalon.core.webui.keyword.internal.WebUIKeywordMain.runKeyword(WebUIKeywordMain.groovy:20)
	at com.kms.katalon.core.webui.keyword.internal.WebUIKeywordMain$runKeyword.call(Unknown Source)
	at com.kms.katalon.core.webui.keyword.builtin.VerifyElementNotPresentKeyword.verifyElementNotPresent(VerifyElementNotPresentKeyword.groovy:117)
	at com.kms.katalon.core.webui.keyword.builtin.VerifyElementNotPresentKeyword.execute(VerifyElementNotPresentKeyword.groovy:68)
	at com.kms.katalon.core.keyword.internal.KeywordExecutor.executeKeywordForPlatform(KeywordExecutor.groovy:74)
	at com.kms.katalon.core.webui.keyword.WebUiBuiltInKeywords.verifyElementNotPresent(WebUiBuiltInKeywords.groovy:1481)
	at com.kms.katalon.core.webui.keyword.WebUiBuiltInKeywords$verifyElementNotPresent$8.call(Unknown Source)
	at GetBrokSumPriceDaily.run(GetBrokSumPriceDaily:414)
	at com.kms.katalon.core.main.ScriptEngine.run(ScriptEngine.java:194)
	at com.kms.katalon.core.main.ScriptEngine.runScriptAsRawText(ScriptEngine.java:119)
	at com.kms.katalon.core.main.TestCaseExecutor.runScript(TestCaseExecutor.java:445)
	at com.kms.katalon.core.main.TestCaseExecutor.doExecute(TestCaseExecutor.java:436)
	at com.kms.katalon.core.main.TestCaseExecutor.processExecutionPhase(TestCaseExecutor.java:415)
	at com.kms.katalon.core.main.TestCaseExecutor.accessMainPhase(TestCaseExecutor.java:407)
	at com.kms.katalon.core.main.TestCaseExecutor.execute(TestCaseExecutor.java:284)
	at com.kms.katalon.core.common.CommonExecutor.accessTestCaseMainPhase(CommonExecutor.java:65)
	at com.kms.katalon.core.main.TestSuiteExecutor.accessTestSuiteMainPhase(TestSuiteExecutor.java:144)
	at com.kms.katalon.core.main.TestSuiteExecutor.execute(TestSuiteExecutor.java:106)
	at com.kms.katalon.core.main.TestCaseMain.startTestSuite(TestCaseMain.java:185)
	at com.kms.katalon.core.main.TestCaseMain$startTestSuite$0.call(Unknown Source)
	at TempTestSuite1705922193915.run(TempTestSuite1705922193915.groovy:36)
)

2024-01-22 18:23:20 - [MESSAGE][WARNING] - Web element with id: 'Object Repository/Stockbit/Bandarmology_Seller3' located by 'By.xpath: //*[contains(@id, 'rc-tabs-')]/div[2]/div/div/div/div/div/div[2]/table/tbody/tr[4]/td[5]/p' is present after '1' second(s) (Root cause: com.kms.katalon.core.exception.StepFailedException: Web element with id: 'Object Repository/Stockbit/Bandarmology_Seller3' located by 'By.xpath: //*[contains(@id, 'rc-tabs-')]/div[2]/div/div/div/div/div/div[2]/table/tbody/tr[4]/td[5]/p' is present after '1' second(s)
	at com.kms.katalon.core.webui.keyword.internal.WebUIKeywordMain.stepFailed(WebUIKeywordMain.groovy:64)
	at com.kms.katalon.core.webui.keyword.internal.WebUIKeywordMain$stepFailed$0.call(Unknown Source)
	at com.kms.katalon.core.webui.keyword.builtin.VerifyElementNotPresentKeyword$_verifyElementNotPresent_closure1.doCall(VerifyElementNotPresentKeyword.groovy:106)
	at com.kms.katalon.core.webui.keyword.builtin.VerifyElementNotPresentKeyword$_verifyElementNotPresent_closure1.doCall(VerifyElementNotPresentKeyword.groovy)
	at com.kms.katalon.core.webui.keyword.internal.WebUIKeywordMain.runKeyword(WebUIKeywordMain.groovy:20)
	at com.kms.katalon.core.webui.keyword.internal.WebUIKeywordMain$runKeyword.call(Unknown Source)
	at com.kms.katalon.core.webui.keyword.builtin.VerifyElementNotPresentKeyword.verifyElementNotPresent(VerifyElementNotPresentKeyword.groovy:117)
	at com.kms.katalon.core.webui.keyword.builtin.VerifyElementNotPresentKeyword.execute(VerifyElementNotPresentKeyword.groovy:68)
	at com.kms.katalon.core.keyword.internal.KeywordExecutor.executeKeywordForPlatform(KeywordExecutor.groovy:74)
	at com.kms.katalon.core.webui.keyword.WebUiBuiltInKeywords.verifyElementNotPresent(WebUiBuiltInKeywords.groovy:1481)
	at com.kms.katalon.core.webui.keyword.WebUiBuiltInKeywords$verifyElementNotPresent$8.call(Unknown Source)
	at GetBrokSumPriceDaily.run(GetBrokSumPriceDaily:414)
	at com.kms.katalon.core.main.ScriptEngine.run(ScriptEngine.java:194)
	at com.kms.katalon.core.main.ScriptEngine.runScriptAsRawText(ScriptEngine.java:119)
	at com.kms.katalon.core.main.TestCaseExecutor.runScript(TestCaseExecutor.java:445)
	at com.kms.katalon.core.main.TestCaseExecutor.doExecute(TestCaseExecutor.java:436)
	at com.kms.katalon.core.main.TestCaseExecutor.processExecutionPhase(TestCaseExecutor.java:415)
	at com.kms.katalon.core.main.TestCaseExecutor.accessMainPhase(TestCaseExecutor.java:407)
	at com.kms.katalon.core.main.TestCaseExecutor.execute(TestCaseExecutor.java:284)
	at com.kms.katalon.core.common.CommonExecutor.accessTestCaseMainPhase(CommonExecutor.java:65)
	at com.kms.katalon.core.main.TestSuiteExecutor.accessTestSuiteMainPhase(TestSuiteExecutor.java:144)
	at com.kms.katalon.core.main.TestSuiteExecutor.execute(TestSuiteExecutor.java:106)
	at com.kms.katalon.core.main.TestCaseMain.startTestSuite(TestCaseMain.java:185)
	at com.kms.katalon.core.main.TestCaseMain$startTestSuite$0.call(Unknown Source)
	at TempTestSuite1705922193915.run(TempTestSuite1705922193915.groovy:36)
)
[[ATTACHMENT|C:\\Users\\Fadli\\git\\KatalonDailyGetData2\\Reports\\20240122_174123\\TS1\\20240122_181633\\1705922600578.png]]

2024-01-22 18:23:20 - [TEST_STEP][PASSED] - else: null

2024-01-22 18:23:20 - [TEST_STEP][PASSED] - strSeller3 = getText(findTestObject("Stockbit/Bandarmology_Seller3")): Text of object 'Object Repository/Stockbit/Bandarmology_Seller3' is: 'NI'

2024-01-22 18:23:20 - [MESSAGE][PASSED] - Text of object 'Object Repository/Stockbit/Bandarmology_Seller3' is: 'NI'

2024-01-22 18:23:20 - [TEST_STEP][PASSED] - strSellerVol3 = getText(findTestObject("Stockbit/Bandarmology_SellerVol3")): Text of object 'Object Repository/Stockbit/Bandarmology_SellerVol3' is: '690'

2024-01-22 18:23:20 - [MESSAGE][PASSED] - Text of object 'Object Repository/Stockbit/Bandarmology_SellerVol3' is: '690'

2024-01-22 18:23:20 - [TEST_STEP][PASSED] - strSellerAvg3 = getText(findTestObject("Stockbit/Bandarmology_SellerAvg3")): Text of object 'Object Repository/Stockbit/Bandarmology_SellerAvg3' is: '94'

2024-01-22 18:23:21 - [MESSAGE][PASSED] - Text of object 'Object Repository/Stockbit/Bandarmology_SellerAvg3' is: '94'

2024-01-22 18:23:21 - [TEST_STEP][PASSED] - if (strSeller3 != ""): null

2024-01-22 18:23:21 - [TEST_STEP][PASSED] - if (strSellerAvg3.contains(",")): null

2024-01-22 18:23:21 - [TEST_STEP][PASSED] - if (strSellerVol3.contains(" B")): null

2024-01-22 18:23:21 - [TEST_STEP][PASSED] - strAccDist = getText(findTestObject("Stockbit/Bandarmology_AccDist")): Text of object 'Object Repository/Stockbit/Bandarmology_AccDist' is: 'Dist'

2024-01-22 18:23:21 - [MESSAGE][PASSED] - Text of object 'Object Repository/Stockbit/Bandarmology_AccDist' is: 'Dist'

2024-01-22 18:23:21 - [TEST_STEP][PASSED] - strNetVol = getText(findTestObject("Stockbit/Bandarmology_NetVol")): Text of object 'Object Repository/Stockbit/Bandarmology_NetVol' is: '26,671'

2024-01-22 18:23:21 - [MESSAGE][PASSED] - Text of object 'Object Repository/Stockbit/Bandarmology_NetVol' is: '26,671'

2024-01-22 18:23:21 - [TEST_STEP][PASSED] - strNetVol = strNetVol.replace(",", ""): null

2024-01-22 18:23:21 - [TEST_STEP][PASSED] - strNetVal = getText(findTestObject("Stockbit/Bandarmology_NetVal")): Text of object 'Object Repository/Stockbit/Bandarmology_NetVal' is: '0.2 B'

2024-01-22 18:23:21 - [MESSAGE][PASSED] - Text of object 'Object Repository/Stockbit/Bandarmology_NetVal' is: '0.2 B'

2024-01-22 18:23:21 - [TEST_STEP][PASSED] - delay(3): Delayed 3 second(s)

2024-01-22 18:23:24 - [MESSAGE][PASSED] - Delayed 3 second(s)

2024-01-22 18:23:24 - [TEST_STEP][PASSED] - strOpenPrice = getText(findTestObject("Stockbit/Home_OpenPrice")): Text of object 'Object Repository/Stockbit/Home_OpenPrice' is: '95'

2024-01-22 18:23:24 - [MESSAGE][PASSED] - Text of object 'Object Repository/Stockbit/Home_OpenPrice' is: '95'

2024-01-22 18:23:24 - [TEST_STEP][PASSED] - strOpenPrice = strOpenPrice.replace(",", ""): null

2024-01-22 18:23:24 - [TEST_STEP][PASSED] - strLowPrice = getText(findTestObject("Stockbit/Home_LowPrice")): Text of object 'Object Repository/Stockbit/Home_LowPrice' is: '93'

2024-01-22 18:23:24 - [MESSAGE][PASSED] - Text of object 'Object Repository/Stockbit/Home_LowPrice' is: '93'

2024-01-22 18:23:24 - [TEST_STEP][PASSED] - strLowPrice = strLowPrice.replace(",", ""): null

2024-01-22 18:23:24 - [TEST_STEP][PASSED] - strHighPrice = getText(findTestObject("Stockbit/Home_HighPrice")): Text of object 'Object Repository/Stockbit/Home_HighPrice' is: '95'

2024-01-22 18:23:24 - [MESSAGE][PASSED] - Text of object 'Object Repository/Stockbit/Home_HighPrice' is: '95'

2024-01-22 18:23:24 - [TEST_STEP][PASSED] - strHighPrice = strHighPrice.replace(",", ""): null

2024-01-22 18:23:24 - [TEST_STEP][PASSED] - strClosePrice = getText(findTestObject("Stockbit/Home_ClosePrice")): Text of object 'Object Repository/Stockbit/Home_ClosePrice' is: '94'

2024-01-22 18:23:25 - [MESSAGE][PASSED] - Text of object 'Object Repository/Stockbit/Home_ClosePrice' is: '94'

2024-01-22 18:23:25 - [TEST_STEP][PASSED] - strClosePrice = strClosePrice.replace(",", ""): null

2024-01-22 18:23:25 - [TEST_STEP][PASSED] - strVol = getText(findTestObject("Stockbit/Home_Volume")): Text of object 'Object Repository/Stockbit/Home_Volume' is: '49 K'

2024-01-22 18:23:25 - [MESSAGE][PASSED] - Text of object 'Object Repository/Stockbit/Home_Volume' is: '49 K'

2024-01-22 18:23:25 - [TEST_STEP][PASSED] - if (strVol.contains(" K")): null

2024-01-22 18:23:25 - [TEST_STEP][PASSED] - strVol = strVol.replace(" K", "000"): null

2024-01-22 18:23:25 - [TEST_STEP][PASSED] - if (strVol.contains(",")): null

2024-01-22 18:23:25 - [TEST_STEP][PASSED] - strChange = getText(findTestObject("Stockbit/Home_Change")): Text of object 'Object Repository/Stockbit/Home_Change' is: '-1.05%'

2024-01-22 18:23:25 - [MESSAGE][PASSED] - Text of object 'Object Repository/Stockbit/Home_Change' is: '-1.05%'

2024-01-22 18:23:25 - [TEST_STEP][PASSED] - strChange = strChange.replace("%", ""): null

2024-01-22 18:23:25 - [TEST_STEP][PASSED] - strFreq = getText(findTestObject("Stockbit/Home_Freq")): Text of object 'Object Repository/Stockbit/Home_Freq' is: '364'

2024-01-22 18:23:25 - [MESSAGE][PASSED] - Text of object 'Object Repository/Stockbit/Home_Freq' is: '364'

2024-01-22 18:23:25 - [TEST_STEP][PASSED] - if (strFreq.contains(",")): null

2024-01-22 18:23:25 - [TEST_STEP][PASSED] - if (strFreq == "NA" || strFreq == ""): null

2024-01-22 18:23:25 - [TEST_STEP][PASSED] - else: null

2024-01-22 18:23:25 - [TEST_STEP][PASSED] - dblFreqAnal = strVol.toDouble() / strFreq.toDouble() * strFreq.toDouble() * strFreq.toDouble() * 100000000: null

2024-01-22 18:23:25 - [TEST_STEP][PASSED] - strFreqAnal = String.format("%.4f", dblFreqAnal): null

2024-01-22 18:23:25 - [TEST_STEP][PASSED] - out.println("Double strFreqAnal: " + strFreqAnal): null

2024-01-22 18:23:25 - [TEST_STEP][PASSED] - strTanggal = d.format(DateTimeFormatter.ofPattern("yyyy-MM-dd")): null

2024-01-22 18:23:25 - [TEST_STEP][PASSED] - strTanggal = "#" + strTanggal + "#": null

2024-01-22 18:23:25 - [TEST_STEP][PASSED] - strSQL = "select count(*) as JumBaris from TblBrokSum where Nama = '" + strNama + "' and Tanggal = " + strTanggal + "": null

2024-01-22 18:23:25 - [TEST_STEP][PASSED] - resultSet = statement.executeQuery(strSQL): null

2024-01-22 18:23:25 - [TEST_STEP][PASSED] - resultSet.next(): null

2024-01-22 18:23:25 - [TEST_STEP][PASSED] - intJumBaris = resultSet.getInt("JumBaris"): null

2024-01-22 18:23:25 - [TEST_STEP][PASSED] - if (intJumBaris > 0): null

2024-01-22 18:23:25 - [TEST_STEP][PASSED] - else: null

2024-01-22 18:23:25 - [TEST_STEP][PASSED] - try: null

2024-01-22 18:23:25 - [TEST_STEP][PASSED] - out.println("Insert data"): null

2024-01-22 18:23:25 - [TEST_STEP][PASSED] - strSQL = "insert into TblBrokSum (nama, tanggal, top1, top2, top3, AllBrokAvg, AccDist, AvgRP, " + "Buyer1, BuyerVal1, BuyerAvg1, Seller1, SellerVal1, SellerAvg1, Buyer2, BuyerVal2, BuyerAvg2, " + "Seller2, SellerVal2, SellerAvg2, Buyer3, BuyerVal3, BuyerAvg3, Seller3, SellerVal3, SellerAvg3, NetVol, NetVal, " + "OpenPrice, LowPrice, HighPrice, ClosePrice, Volume, Change, Frekuensi, FrekAnal) " + "values ('" + strNama + "', " + strTanggal + ", '" + strTop1 + "', '" + strTop3 + "', '" + strTop5 + "', " + "'" + strAllBrokAvg + "', '" + strAccDist + "', " + intAvgRP + ", '" + strBuyer1 + "', '" + strBuyerVol1 + "', " + strBuyerAvg1 + ", " + "'" + strSeller1 + "', '" + strSellerVol1 + "', " + strSellerAvg1 + ", '" + strBuyer2 + "', '" + strBuyerVol2 + "', " + strBuyerAvg2 + ", " + "'" + strSeller2 + "', '" + strSellerVol2 + "', " + strSellerAvg2 + ", '" + strBuyer3 + "', '" + strBuyerVol3 + "', " + strBuyerAvg3 + ", " + "'" + strSeller3 + "', '" + strSellerVol3 + "', " + strSellerAvg3 + ", " + strNetVol + ", '" + strNetVal + "', " + "" + strOpenPrice + ", " + strLowPrice + ", " + strHighPrice + ", " + strClosePrice + ", '" + strVol + "', " + strChange + ", " + strFreq + ", " + strFreqAnal + ");": null

2024-01-22 18:23:25 - [TEST_STEP][PASSED] - out.println("strSQL = " + strSQL): null

2024-01-22 18:23:25 - [TEST_STEP][PASSED] - statement.executeUpdate(strSQL): null

2024-01-22 18:23:25 - [TEST_STEP][PASSED] - setValueToCellByIndex(sheet01, rowIndex, 4, "DONE"): null

2024-01-22 18:23:25 - [TEST_STEP][PASSED] - saveWorkbook(excelFilePath, workbook01): null

2024-01-22 18:23:25 - [TEST_STEP][PASSED] - waitForElementClickable(findTestObject("Stockbit/menu_Bandarmology"), 10): Object 'Object Repository/Stockbit/menu_Bandarmology' is clickable

2024-01-22 18:23:25 - [MESSAGE][PASSED] - Object 'Object Repository/Stockbit/menu_Bandarmology' is clickable

2024-01-22 18:23:25 - [TEST_STEP][PASSED] - click(findTestObject("Stockbit/menu_Bandarmology")): Object: 'Object Repository/Stockbit/menu_Bandarmology' is clicked on

2024-01-22 18:23:26 - [MESSAGE][PASSED] - Object: 'Object Repository/Stockbit/menu_Bandarmology' is clicked on

2024-01-22 18:23:26 - [TEST_STEP][PASSED] - strTemp = "NA": null

2024-01-22 18:23:26 - [TEST_STEP][PASSED] - if (getCellValueByIndex(sheet01, rowIndex, 4) != "DONE"): Object: 'Object Repository/Stockbit/menu_Bandarmology' is clicked on

2024-01-22 18:23:26 - [TEST_STEP][PASSED] - strNama = getCellValueByIndex(sheet01, rowIndex, 0): null

2024-01-22 18:23:26 - [TEST_STEP][PASSED] - navigateToUrl("https://stockbit.com/#/symbol/" + strNama): Navigate to 'https://stockbit.com/#/symbol/FREN' successfully

2024-01-22 18:23:29 - [MESSAGE][PASSED] - Navigate to 'https://stockbit.com/#/symbol/FREN' successfully

2024-01-22 18:23:29 - [TEST_STEP][PASSED] - waitForElementClickable(findTestObject("Stockbit/menu_Bandarmology"), 10): Object 'Object Repository/Stockbit/menu_Bandarmology' is clickable

2024-01-22 18:23:29 - [MESSAGE][PASSED] - Object 'Object Repository/Stockbit/menu_Bandarmology' is clickable

2024-01-22 18:23:29 - [TEST_STEP][PASSED] - click(findTestObject("Stockbit/menu_Bandarmology")): Object: 'Object Repository/Stockbit/menu_Bandarmology' is clicked on

2024-01-22 18:23:29 - [MESSAGE][PASSED] - Object: 'Object Repository/Stockbit/menu_Bandarmology' is clicked on

2024-01-22 18:23:29 - [TEST_STEP][PASSED] - strTanggal = d.format(DateTimeFormatter.ofPattern("MMM dd, yyyy")): null

2024-01-22 18:23:29 - [TEST_STEP][PASSED] - strTanggal = d.format(ISO_DATE): null

2024-01-22 18:23:29 - [TEST_STEP][PASSED] - out.println("strTanggal = " + strTanggal): null

2024-01-22 18:23:29 - [TEST_STEP][PASSED] - out.println("strNama = " + strNama): null

2024-01-22 18:23:29 - [TEST_STEP][PASSED] - out.println("Baris ke = " + rowIndex): null

2024-01-22 18:23:29 - [TEST_STEP][PASSED] - click(findTestObject("Stockbit/input__BandarmologyOpenStartDate")): Object: 'Object Repository/Stockbit/input__BandarmologyOpenStartDate' is clicked on

2024-01-22 18:23:31 - [MESSAGE][PASSED] - Object: 'Object Repository/Stockbit/input__BandarmologyOpenStartDate' is clicked on

2024-01-22 18:23:31 - [TEST_STEP][PASSED] - sendKeys(findTestObject("Stockbit/input__BandarmologyOpenStartDate"), Keys.chord(CONTROL, "a")): Keys 'CONTROL + a' sent to object: 'Object Repository/Stockbit/input__BandarmologyOpenStartDate'

2024-01-22 18:23:32 - [MESSAGE][PASSED] - Keys 'CONTROL + a' sent to object: 'Object Repository/Stockbit/input__BandarmologyOpenStartDate'

2024-01-22 18:23:32 - [TEST_STEP][PASSED] - sendKeys(findTestObject("Stockbit/input__BandarmologyOpenStartDate"), Keys.chord(BACK_SPACE)): Keys 'BACK_SPACE + ' sent to object: 'Object Repository/Stockbit/input__BandarmologyOpenStartDate'

2024-01-22 18:23:32 - [MESSAGE][PASSED] - Keys 'BACK_SPACE + ' sent to object: 'Object Repository/Stockbit/input__BandarmologyOpenStartDate'

2024-01-22 18:23:32 - [TEST_STEP][PASSED] - setText(findTestObject("Stockbit/input__BandarmologyOpenStartDate"), strTanggal): Text '2024-01-22' is set on object 'Object Repository/Stockbit/input__BandarmologyOpenStartDate'

2024-01-22 18:23:33 - [MESSAGE][PASSED] - Text '2024-01-22' is set on object 'Object Repository/Stockbit/input__BandarmologyOpenStartDate'

2024-01-22 18:23:33 - [TEST_STEP][PASSED] - sendKeys(findTestObject("Stockbit/input__BandarmologyOpenStartDate"), Keys.chord(ENTER)): Keys 'ENTER + ' sent to object: 'Object Repository/Stockbit/input__BandarmologyOpenStartDate'

2024-01-22 18:23:34 - [MESSAGE][PASSED] - Keys 'ENTER + ' sent to object: 'Object Repository/Stockbit/input__BandarmologyOpenStartDate'

2024-01-22 18:23:34 - [TEST_STEP][PASSED] - click(findTestObject("Stockbit/input__BandarmologyOpenEndDate")): Object: 'Object Repository/Stockbit/input__BandarmologyOpenEndDate' is clicked on

2024-01-22 18:23:34 - [MESSAGE][PASSED] - Object: 'Object Repository/Stockbit/input__BandarmologyOpenEndDate' is clicked on

2024-01-22 18:23:34 - [TEST_STEP][PASSED] - sendKeys(findTestObject("Stockbit/input__BandarmologyOpenEndDate"), Keys.chord(CONTROL, "a")): Keys 'CONTROL + a' sent to object: 'Object Repository/Stockbit/input__BandarmologyOpenEndDate'

2024-01-22 18:23:35 - [MESSAGE][PASSED] - Keys 'CONTROL + a' sent to object: 'Object Repository/Stockbit/input__BandarmologyOpenEndDate'

2024-01-22 18:23:35 - [TEST_STEP][PASSED] - sendKeys(findTestObject("Stockbit/input__BandarmologyOpenEndDate"), Keys.chord(BACK_SPACE)): Keys 'BACK_SPACE + ' sent to object: 'Object Repository/Stockbit/input__BandarmologyOpenEndDate'

2024-01-22 18:23:35 - [MESSAGE][PASSED] - Keys 'BACK_SPACE + ' sent to object: 'Object Repository/Stockbit/input__BandarmologyOpenEndDate'

2024-01-22 18:23:35 - [TEST_STEP][PASSED] - setText(findTestObject("Stockbit/input__BandarmologyOpenEndDate"), strTanggal): Text '2024-01-22' is set on object 'Object Repository/Stockbit/input__BandarmologyOpenEndDate'

2024-01-22 18:23:36 - [MESSAGE][PASSED] - Text '2024-01-22' is set on object 'Object Repository/Stockbit/input__BandarmologyOpenEndDate'

2024-01-22 18:23:36 - [TEST_STEP][PASSED] - sendKeys(findTestObject("Stockbit/input__BandarmologyOpenEndDate"), Keys.chord(ENTER)): Keys 'ENTER + ' sent to object: 'Object Repository/Stockbit/input__BandarmologyOpenEndDate'

2024-01-22 18:23:36 - [MESSAGE][PASSED] - Keys 'ENTER + ' sent to object: 'Object Repository/Stockbit/input__BandarmologyOpenEndDate'

2024-01-22 18:23:36 - [TEST_STEP][PASSED] - delay(2): Delayed 2 second(s)

2024-01-22 18:23:38 - [MESSAGE][PASSED] - Delayed 2 second(s)

2024-01-22 18:23:38 - [TEST_STEP][PASSED] - strTemp = getText(findTestObject("Stockbit/Bandarmology_AvgRP")): Text of object 'Object Repository/Stockbit/Bandarmology_AvgRP' is: '51'

2024-01-22 18:23:39 - [MESSAGE][PASSED] - Text of object 'Object Repository/Stockbit/Bandarmology_AvgRP' is: '51'

2024-01-22 18:23:39 - [TEST_STEP][PASSED] - out.println("Bandarmology_AvgRP = " + strTemp): null

2024-01-22 18:23:39 - [TEST_STEP][PASSED] - if (strTemp != "0"): null

2024-01-22 18:23:39 - [TEST_STEP][PASSED] - strTop1 = getText(findTestObject("Stockbit/Bandarmology_Top1")): Text of object 'Object Repository/Stockbit/Bandarmology_Top1' is: 'Big Acc'

2024-01-22 18:23:39 - [MESSAGE][PASSED] - Text of object 'Object Repository/Stockbit/Bandarmology_Top1' is: 'Big Acc'

2024-01-22 18:23:39 - [TEST_STEP][PASSED] - strTop3 = getText(findTestObject("Stockbit/Bandarmology_Top3")): Text of object 'Object Repository/Stockbit/Bandarmology_Top3' is: 'Big Acc'

2024-01-22 18:23:39 - [MESSAGE][PASSED] - Text of object 'Object Repository/Stockbit/Bandarmology_Top3' is: 'Big Acc'

2024-01-22 18:23:39 - [TEST_STEP][PASSED] - strTop5 = getText(findTestObject("Stockbit/Bandarmology_Top5")): Text of object 'Object Repository/Stockbit/Bandarmology_Top5' is: 'Big Acc'

2024-01-22 18:23:39 - [MESSAGE][PASSED] - Text of object 'Object Repository/Stockbit/Bandarmology_Top5' is: 'Big Acc'

2024-01-22 18:23:39 - [TEST_STEP][PASSED] - strAllBrokAvg = getText(findTestObject("Stockbit/Bandarmology_TopAVG")): Text of object 'Object Repository/Stockbit/Bandarmology_TopAVG' is: 'Big Acc'

2024-01-22 18:23:39 - [MESSAGE][PASSED] - Text of object 'Object Repository/Stockbit/Bandarmology_TopAVG' is: 'Big Acc'

2024-01-22 18:23:39 - [TEST_STEP][PASSED] - strTemp = getText(findTestObject("Stockbit/Bandarmology_AvgRP")): Text of object 'Object Repository/Stockbit/Bandarmology_AvgRP' is: '51'

2024-01-22 18:23:39 - [MESSAGE][PASSED] - Text of object 'Object Repository/Stockbit/Bandarmology_AvgRP' is: '51'

2024-01-22 18:23:39 - [TEST_STEP][PASSED] - if (strTemp.contains(",")): null

2024-01-22 18:23:39 - [TEST_STEP][PASSED] - intAvgRP = strTemp.toInteger(): null

2024-01-22 18:23:39 - [TEST_STEP][PASSED] - strBuyer1 = getText(findTestObject("Stockbit/Bandarmology_Buyer1")): Text of object 'Object Repository/Stockbit/Bandarmology_Buyer1' is: 'RF'

2024-01-22 18:23:39 - [MESSAGE][PASSED] - Text of object 'Object Repository/Stockbit/Bandarmology_Buyer1' is: 'RF'

2024-01-22 18:23:39 - [TEST_STEP][PASSED] - strBuyerVol1 = getText(findTestObject("Stockbit/Bandarmology_BuyerVol1")): Text of object 'Object Repository/Stockbit/Bandarmology_BuyerVol1' is: '600.1 K'

2024-01-22 18:23:40 - [MESSAGE][PASSED] - Text of object 'Object Repository/Stockbit/Bandarmology_BuyerVol1' is: '600.1 K'

2024-01-22 18:23:40 - [TEST_STEP][PASSED] - strBuyerAvg1 = getText(findTestObject("Stockbit/Bandarmology_BuyerAvg1")): Text of object 'Object Repository/Stockbit/Bandarmology_BuyerAvg1' is: '51'

2024-01-22 18:23:40 - [MESSAGE][PASSED] - Text of object 'Object Repository/Stockbit/Bandarmology_BuyerAvg1' is: '51'

2024-01-22 18:23:40 - [TEST_STEP][PASSED] - if (strBuyerAvg1.contains(",")): null

2024-01-22 18:23:40 - [TEST_STEP][PASSED] - if (strBuyerVol1.contains(" B")): null

2024-01-22 18:23:40 - [TEST_STEP][PASSED] - else if (strBuyerVol1.contains(" M")): null

2024-01-22 18:23:40 - [TEST_STEP][PASSED] - else if (strBuyerVol1.contains(" K")): null

2024-01-22 18:23:40 - [TEST_STEP][PASSED] - strBuyerVol1 = strBuyerVol1.replace(" K", ""): null

2024-01-22 18:23:40 - [TEST_STEP][PASSED] - strBuyerVol1 = strBuyerVol1.toDouble() * 1000: null

2024-01-22 18:23:40 - [TEST_STEP][PASSED] - strSeller1 = getText(findTestObject("Stockbit/Bandarmology_Seller1")): Text of object 'Object Repository/Stockbit/Bandarmology_Seller1' is: 'SS'

2024-01-22 18:23:40 - [MESSAGE][PASSED] - Text of object 'Object Repository/Stockbit/Bandarmology_Seller1' is: 'SS'

2024-01-22 18:23:40 - [TEST_STEP][PASSED] - strSellerVol1 = getText(findTestObject("Stockbit/Bandarmology_SellerVol1")): Text of object 'Object Repository/Stockbit/Bandarmology_SellerVol1' is: '203.2 K'

2024-01-22 18:23:40 - [MESSAGE][PASSED] - Text of object 'Object Repository/Stockbit/Bandarmology_SellerVol1' is: '203.2 K'

2024-01-22 18:23:40 - [TEST_STEP][PASSED] - strSellerAvg1 = getText(findTestObject("Stockbit/Bandarmology_SellerAvg1")): Text of object 'Object Repository/Stockbit/Bandarmology_SellerAvg1' is: '51'

2024-01-22 18:23:40 - [MESSAGE][PASSED] - Text of object 'Object Repository/Stockbit/Bandarmology_SellerAvg1' is: '51'

2024-01-22 18:23:40 - [TEST_STEP][PASSED] - if (strSellerAvg1.contains(",")): null

2024-01-22 18:23:40 - [TEST_STEP][PASSED] - if (strSellerVol1.contains(" B")): null

2024-01-22 18:23:40 - [TEST_STEP][PASSED] - else if (strSellerVol1.contains(" M")): null

2024-01-22 18:23:40 - [TEST_STEP][PASSED] - else if (strSellerVol1.contains(" K")): null

2024-01-22 18:23:40 - [TEST_STEP][PASSED] - strSellerVol1 = strSellerVol1.replace(" K", ""): null

2024-01-22 18:23:40 - [TEST_STEP][PASSED] - strSellerVol1 = strSellerVol1.toDouble() * 1000: null

2024-01-22 18:23:40 - [TEST_STEP][PASSED] - if (verifyElementNotPresent(findTestObject("Stockbit/Bandarmology_Buyer2"), 1, OPTIONAL)): Web element with id: 'Object Repository/Stockbit/Bandarmology_Buyer2' located by 'By.xpath: //*[contains(@id, 'rc-tabs-')]/div[2]/div/div/div/div/div/div[2]/table/tbody/tr[3]/td[1]/p' is present after '1' second(s) (Root cause: com.kms.katalon.core.exception.StepFailedException: Web element with id: 'Object Repository/Stockbit/Bandarmology_Buyer2' located by 'By.xpath: //*[contains(@id, 'rc-tabs-')]/div[2]/div/div/div/div/div/div[2]/table/tbody/tr[3]/td[1]/p' is present after '1' second(s)
	at com.kms.katalon.core.webui.keyword.internal.WebUIKeywordMain.stepFailed(WebUIKeywordMain.groovy:64)
	at com.kms.katalon.core.webui.keyword.internal.WebUIKeywordMain$stepFailed$0.call(Unknown Source)
	at com.kms.katalon.core.webui.keyword.builtin.VerifyElementNotPresentKeyword$_verifyElementNotPresent_closure1.doCall(VerifyElementNotPresentKeyword.groovy:106)
	at com.kms.katalon.core.webui.keyword.builtin.VerifyElementNotPresentKeyword$_verifyElementNotPresent_closure1.doCall(VerifyElementNotPresentKeyword.groovy)
	at com.kms.katalon.core.webui.keyword.internal.WebUIKeywordMain.runKeyword(WebUIKeywordMain.groovy:20)
	at com.kms.katalon.core.webui.keyword.internal.WebUIKeywordMain$runKeyword.call(Unknown Source)
	at com.kms.katalon.core.webui.keyword.builtin.VerifyElementNotPresentKeyword.verifyElementNotPresent(VerifyElementNotPresentKeyword.groovy:117)
	at com.kms.katalon.core.webui.keyword.builtin.VerifyElementNotPresentKeyword.execute(VerifyElementNotPresentKeyword.groovy:68)
	at com.kms.katalon.core.keyword.internal.KeywordExecutor.executeKeywordForPlatform(KeywordExecutor.groovy:74)
	at com.kms.katalon.core.webui.keyword.WebUiBuiltInKeywords.verifyElementNotPresent(WebUiBuiltInKeywords.groovy:1481)
	at com.kms.katalon.core.webui.keyword.WebUiBuiltInKeywords$verifyElementNotPresent$8.call(Unknown Source)
	at GetBrokSumPriceDaily.run(GetBrokSumPriceDaily:258)
	at com.kms.katalon.core.main.ScriptEngine.run(ScriptEngine.java:194)
	at com.kms.katalon.core.main.ScriptEngine.runScriptAsRawText(ScriptEngine.java:119)
	at com.kms.katalon.core.main.TestCaseExecutor.runScript(TestCaseExecutor.java:445)
	at com.kms.katalon.core.main.TestCaseExecutor.doExecute(TestCaseExecutor.java:436)
	at com.kms.katalon.core.main.TestCaseExecutor.processExecutionPhase(TestCaseExecutor.java:415)
	at com.kms.katalon.core.main.TestCaseExecutor.accessMainPhase(TestCaseExecutor.java:407)
	at com.kms.katalon.core.main.TestCaseExecutor.execute(TestCaseExecutor.java:284)
	at com.kms.katalon.core.common.CommonExecutor.accessTestCaseMainPhase(CommonExecutor.java:65)
	at com.kms.katalon.core.main.TestSuiteExecutor.accessTestSuiteMainPhase(TestSuiteExecutor.java:144)
	at com.kms.katalon.core.main.TestSuiteExecutor.execute(TestSuiteExecutor.java:106)
	at com.kms.katalon.core.main.TestCaseMain.startTestSuite(TestCaseMain.java:185)
	at com.kms.katalon.core.main.TestCaseMain$startTestSuite$0.call(Unknown Source)
	at TempTestSuite1705922193915.run(TempTestSuite1705922193915.groovy:36)
)

2024-01-22 18:23:42 - [MESSAGE][WARNING] - Web element with id: 'Object Repository/Stockbit/Bandarmology_Buyer2' located by 'By.xpath: //*[contains(@id, 'rc-tabs-')]/div[2]/div/div/div/div/div/div[2]/table/tbody/tr[3]/td[1]/p' is present after '1' second(s) (Root cause: com.kms.katalon.core.exception.StepFailedException: Web element with id: 'Object Repository/Stockbit/Bandarmology_Buyer2' located by 'By.xpath: //*[contains(@id, 'rc-tabs-')]/div[2]/div/div/div/div/div/div[2]/table/tbody/tr[3]/td[1]/p' is present after '1' second(s)
	at com.kms.katalon.core.webui.keyword.internal.WebUIKeywordMain.stepFailed(WebUIKeywordMain.groovy:64)
	at com.kms.katalon.core.webui.keyword.internal.WebUIKeywordMain$stepFailed$0.call(Unknown Source)
	at com.kms.katalon.core.webui.keyword.builtin.VerifyElementNotPresentKeyword$_verifyElementNotPresent_closure1.doCall(VerifyElementNotPresentKeyword.groovy:106)
	at com.kms.katalon.core.webui.keyword.builtin.VerifyElementNotPresentKeyword$_verifyElementNotPresent_closure1.doCall(VerifyElementNotPresentKeyword.groovy)
	at com.kms.katalon.core.webui.keyword.internal.WebUIKeywordMain.runKeyword(WebUIKeywordMain.groovy:20)
	at com.kms.katalon.core.webui.keyword.internal.WebUIKeywordMain$runKeyword.call(Unknown Source)
	at com.kms.katalon.core.webui.keyword.builtin.VerifyElementNotPresentKeyword.verifyElementNotPresent(VerifyElementNotPresentKeyword.groovy:117)
	at com.kms.katalon.core.webui.keyword.builtin.VerifyElementNotPresentKeyword.execute(VerifyElementNotPresentKeyword.groovy:68)
	at com.kms.katalon.core.keyword.internal.KeywordExecutor.executeKeywordForPlatform(KeywordExecutor.groovy:74)
	at com.kms.katalon.core.webui.keyword.WebUiBuiltInKeywords.verifyElementNotPresent(WebUiBuiltInKeywords.groovy:1481)
	at com.kms.katalon.core.webui.keyword.WebUiBuiltInKeywords$verifyElementNotPresent$8.call(Unknown Source)
	at GetBrokSumPriceDaily.run(GetBrokSumPriceDaily:258)
	at com.kms.katalon.core.main.ScriptEngine.run(ScriptEngine.java:194)
	at com.kms.katalon.core.main.ScriptEngine.runScriptAsRawText(ScriptEngine.java:119)
	at com.kms.katalon.core.main.TestCaseExecutor.runScript(TestCaseExecutor.java:445)
	at com.kms.katalon.core.main.TestCaseExecutor.doExecute(TestCaseExecutor.java:436)
	at com.kms.katalon.core.main.TestCaseExecutor.processExecutionPhase(TestCaseExecutor.java:415)
	at com.kms.katalon.core.main.TestCaseExecutor.accessMainPhase(TestCaseExecutor.java:407)
	at com.kms.katalon.core.main.TestCaseExecutor.execute(TestCaseExecutor.java:284)
	at com.kms.katalon.core.common.CommonExecutor.accessTestCaseMainPhase(CommonExecutor.java:65)
	at com.kms.katalon.core.main.TestSuiteExecutor.accessTestSuiteMainPhase(TestSuiteExecutor.java:144)
	at com.kms.katalon.core.main.TestSuiteExecutor.execute(TestSuiteExecutor.java:106)
	at com.kms.katalon.core.main.TestCaseMain.startTestSuite(TestCaseMain.java:185)
	at com.kms.katalon.core.main.TestCaseMain$startTestSuite$0.call(Unknown Source)
	at TempTestSuite1705922193915.run(TempTestSuite1705922193915.groovy:36)
)
[[ATTACHMENT|C:\\Users\\Fadli\\git\\KatalonDailyGetData2\\Reports\\20240122_174123\\TS1\\20240122_181633\\1705922622017.png]]

2024-01-22 18:23:42 - [TEST_STEP][PASSED] - else: null

2024-01-22 18:23:42 - [TEST_STEP][PASSED] - strBuyer2 = getText(findTestObject("Stockbit/Bandarmology_Buyer2")): Text of object 'Object Repository/Stockbit/Bandarmology_Buyer2' is: 'AK'

2024-01-22 18:23:42 - [MESSAGE][PASSED] - Text of object 'Object Repository/Stockbit/Bandarmology_Buyer2' is: 'AK'

2024-01-22 18:23:42 - [TEST_STEP][PASSED] - strBuyerVol2 = getText(findTestObject("Stockbit/Bandarmology_BuyerVol2")): Text of object 'Object Repository/Stockbit/Bandarmology_BuyerVol2' is: '229.8 K'

2024-01-22 18:23:42 - [MESSAGE][PASSED] - Text of object 'Object Repository/Stockbit/Bandarmology_BuyerVol2' is: '229.8 K'

2024-01-22 18:23:42 - [TEST_STEP][PASSED] - strBuyerAvg2 = getText(findTestObject("Stockbit/Bandarmology_BuyerAvg2")): Text of object 'Object Repository/Stockbit/Bandarmology_BuyerAvg2' is: '51'

2024-01-22 18:23:42 - [MESSAGE][PASSED] - Text of object 'Object Repository/Stockbit/Bandarmology_BuyerAvg2' is: '51'

2024-01-22 18:23:42 - [TEST_STEP][PASSED] - if (strBuyer2 != ""): null

2024-01-22 18:23:42 - [TEST_STEP][PASSED] - if (strBuyerAvg2.contains(",")): null

2024-01-22 18:23:42 - [TEST_STEP][PASSED] - if (strBuyerVol2.contains(" B")): null

2024-01-22 18:23:42 - [TEST_STEP][PASSED] - else if (strBuyerVol2.contains(" M")): null

2024-01-22 18:23:42 - [TEST_STEP][PASSED] - else if (strBuyerVol2.contains(" K")): null

2024-01-22 18:23:42 - [TEST_STEP][PASSED] - strBuyerVol2 = strBuyerVol2.replace(" K", ""): null

2024-01-22 18:23:42 - [TEST_STEP][PASSED] - strBuyerVol2 = strBuyerVol2.toDouble() * 1000: null

2024-01-22 18:23:42 - [TEST_STEP][PASSED] - if (strBuyerVol2.contains(".")): null

2024-01-22 18:23:42 - [TEST_STEP][PASSED] - strBuyerVal2 = strBuyerVol2.replace(".", ""): null

2024-01-22 18:23:42 - [TEST_STEP][PASSED] - if (verifyElementNotPresent(findTestObject("Stockbit/Bandarmology_Seller2"), 1, OPTIONAL)): Web element with id: 'Object Repository/Stockbit/Bandarmology_Seller2' located by 'By.xpath: //*[contains(@id, 'rc-tabs-')]/div[2]/div/div/div/div/div/div[2]/table/tbody/tr[3]/td[5]/p' is present after '1' second(s) (Root cause: com.kms.katalon.core.exception.StepFailedException: Web element with id: 'Object Repository/Stockbit/Bandarmology_Seller2' located by 'By.xpath: //*[contains(@id, 'rc-tabs-')]/div[2]/div/div/div/div/div/div[2]/table/tbody/tr[3]/td[5]/p' is present after '1' second(s)
	at com.kms.katalon.core.webui.keyword.internal.WebUIKeywordMain.stepFailed(WebUIKeywordMain.groovy:64)
	at com.kms.katalon.core.webui.keyword.internal.WebUIKeywordMain$stepFailed$0.call(Unknown Source)
	at com.kms.katalon.core.webui.keyword.builtin.VerifyElementNotPresentKeyword$_verifyElementNotPresent_closure1.doCall(VerifyElementNotPresentKeyword.groovy:106)
	at com.kms.katalon.core.webui.keyword.builtin.VerifyElementNotPresentKeyword$_verifyElementNotPresent_closure1.doCall(VerifyElementNotPresentKeyword.groovy)
	at com.kms.katalon.core.webui.keyword.internal.WebUIKeywordMain.runKeyword(WebUIKeywordMain.groovy:20)
	at com.kms.katalon.core.webui.keyword.internal.WebUIKeywordMain$runKeyword.call(Unknown Source)
	at com.kms.katalon.core.webui.keyword.builtin.VerifyElementNotPresentKeyword.verifyElementNotPresent(VerifyElementNotPresentKeyword.groovy:117)
	at com.kms.katalon.core.webui.keyword.builtin.VerifyElementNotPresentKeyword.execute(VerifyElementNotPresentKeyword.groovy:68)
	at com.kms.katalon.core.keyword.internal.KeywordExecutor.executeKeywordForPlatform(KeywordExecutor.groovy:74)
	at com.kms.katalon.core.webui.keyword.WebUiBuiltInKeywords.verifyElementNotPresent(WebUiBuiltInKeywords.groovy:1481)
	at com.kms.katalon.core.webui.keyword.WebUiBuiltInKeywords$verifyElementNotPresent$8.call(Unknown Source)
	at GetBrokSumPriceDaily.run(GetBrokSumPriceDaily:309)
	at com.kms.katalon.core.main.ScriptEngine.run(ScriptEngine.java:194)
	at com.kms.katalon.core.main.ScriptEngine.runScriptAsRawText(ScriptEngine.java:119)
	at com.kms.katalon.core.main.TestCaseExecutor.runScript(TestCaseExecutor.java:445)
	at com.kms.katalon.core.main.TestCaseExecutor.doExecute(TestCaseExecutor.java:436)
	at com.kms.katalon.core.main.TestCaseExecutor.processExecutionPhase(TestCaseExecutor.java:415)
	at com.kms.katalon.core.main.TestCaseExecutor.accessMainPhase(TestCaseExecutor.java:407)
	at com.kms.katalon.core.main.TestCaseExecutor.execute(TestCaseExecutor.java:284)
	at com.kms.katalon.core.common.CommonExecutor.accessTestCaseMainPhase(CommonExecutor.java:65)
	at com.kms.katalon.core.main.TestSuiteExecutor.accessTestSuiteMainPhase(TestSuiteExecutor.java:144)
	at com.kms.katalon.core.main.TestSuiteExecutor.execute(TestSuiteExecutor.java:106)
	at com.kms.katalon.core.main.TestCaseMain.startTestSuite(TestCaseMain.java:185)
	at com.kms.katalon.core.main.TestCaseMain$startTestSuite$0.call(Unknown Source)
	at TempTestSuite1705922193915.run(TempTestSuite1705922193915.groovy:36)
)

2024-01-22 18:23:44 - [MESSAGE][WARNING] - Web element with id: 'Object Repository/Stockbit/Bandarmology_Seller2' located by 'By.xpath: //*[contains(@id, 'rc-tabs-')]/div[2]/div/div/div/div/div/div[2]/table/tbody/tr[3]/td[5]/p' is present after '1' second(s) (Root cause: com.kms.katalon.core.exception.StepFailedException: Web element with id: 'Object Repository/Stockbit/Bandarmology_Seller2' located by 'By.xpath: //*[contains(@id, 'rc-tabs-')]/div[2]/div/div/div/div/div/div[2]/table/tbody/tr[3]/td[5]/p' is present after '1' second(s)
	at com.kms.katalon.core.webui.keyword.internal.WebUIKeywordMain.stepFailed(WebUIKeywordMain.groovy:64)
	at com.kms.katalon.core.webui.keyword.internal.WebUIKeywordMain$stepFailed$0.call(Unknown Source)
	at com.kms.katalon.core.webui.keyword.builtin.VerifyElementNotPresentKeyword$_verifyElementNotPresent_closure1.doCall(VerifyElementNotPresentKeyword.groovy:106)
	at com.kms.katalon.core.webui.keyword.builtin.VerifyElementNotPresentKeyword$_verifyElementNotPresent_closure1.doCall(VerifyElementNotPresentKeyword.groovy)
	at com.kms.katalon.core.webui.keyword.internal.WebUIKeywordMain.runKeyword(WebUIKeywordMain.groovy:20)
	at com.kms.katalon.core.webui.keyword.internal.WebUIKeywordMain$runKeyword.call(Unknown Source)
	at com.kms.katalon.core.webui.keyword.builtin.VerifyElementNotPresentKeyword.verifyElementNotPresent(VerifyElementNotPresentKeyword.groovy:117)
	at com.kms.katalon.core.webui.keyword.builtin.VerifyElementNotPresentKeyword.execute(VerifyElementNotPresentKeyword.groovy:68)
	at com.kms.katalon.core.keyword.internal.KeywordExecutor.executeKeywordForPlatform(KeywordExecutor.groovy:74)
	at com.kms.katalon.core.webui.keyword.WebUiBuiltInKeywords.verifyElementNotPresent(WebUiBuiltInKeywords.groovy:1481)
	at com.kms.katalon.core.webui.keyword.WebUiBuiltInKeywords$verifyElementNotPresent$8.call(Unknown Source)
	at GetBrokSumPriceDaily.run(GetBrokSumPriceDaily:309)
	at com.kms.katalon.core.main.ScriptEngine.run(ScriptEngine.java:194)
	at com.kms.katalon.core.main.ScriptEngine.runScriptAsRawText(ScriptEngine.java:119)
	at com.kms.katalon.core.main.TestCaseExecutor.runScript(TestCaseExecutor.java:445)
	at com.kms.katalon.core.main.TestCaseExecutor.doExecute(TestCaseExecutor.java:436)
	at com.kms.katalon.core.main.TestCaseExecutor.processExecutionPhase(TestCaseExecutor.java:415)
	at com.kms.katalon.core.main.TestCaseExecutor.accessMainPhase(TestCaseExecutor.java:407)
	at com.kms.katalon.core.main.TestCaseExecutor.execute(TestCaseExecutor.java:284)
	at com.kms.katalon.core.common.CommonExecutor.accessTestCaseMainPhase(CommonExecutor.java:65)
	at com.kms.katalon.core.main.TestSuiteExecutor.accessTestSuiteMainPhase(TestSuiteExecutor.java:144)
	at com.kms.katalon.core.main.TestSuiteExecutor.execute(TestSuiteExecutor.java:106)
	at com.kms.katalon.core.main.TestCaseMain.startTestSuite(TestCaseMain.java:185)
	at com.kms.katalon.core.main.TestCaseMain$startTestSuite$0.call(Unknown Source)
	at TempTestSuite1705922193915.run(TempTestSuite1705922193915.groovy:36)
)
[[ATTACHMENT|C:\\Users\\Fadli\\git\\KatalonDailyGetData2\\Reports\\20240122_174123\\TS1\\20240122_181633\\1705922623995.png]]

2024-01-22 18:23:44 - [TEST_STEP][PASSED] - else: null

2024-01-22 18:23:44 - [TEST_STEP][PASSED] - strSeller2 = getText(findTestObject("Stockbit/Bandarmology_Seller2")): Text of object 'Object Repository/Stockbit/Bandarmology_Seller2' is: 'BB'

2024-01-22 18:23:44 - [MESSAGE][PASSED] - Text of object 'Object Repository/Stockbit/Bandarmology_Seller2' is: 'BB'

2024-01-22 18:23:44 - [TEST_STEP][PASSED] - strSellerVol2 = getText(findTestObject("Stockbit/Bandarmology_SellerVol2")): Text of object 'Object Repository/Stockbit/Bandarmology_SellerVol2' is: '166.7 K'

2024-01-22 18:23:44 - [MESSAGE][PASSED] - Text of object 'Object Repository/Stockbit/Bandarmology_SellerVol2' is: '166.7 K'

2024-01-22 18:23:44 - [TEST_STEP][PASSED] - strSellerAvg2 = getText(findTestObject("Stockbit/Bandarmology_SellerAvg2")): Text of object 'Object Repository/Stockbit/Bandarmology_SellerAvg2' is: '51'

2024-01-22 18:23:44 - [MESSAGE][PASSED] - Text of object 'Object Repository/Stockbit/Bandarmology_SellerAvg2' is: '51'

2024-01-22 18:23:44 - [TEST_STEP][PASSED] - if (strSeller2 != ""): null

2024-01-22 18:23:44 - [TEST_STEP][PASSED] - if (strSellerAvg2.contains(",")): null

2024-01-22 18:23:44 - [TEST_STEP][PASSED] - if (strSellerVol2.contains(" B")): null

2024-01-22 18:23:44 - [TEST_STEP][PASSED] - else if (strSellerVol2.contains(" M")): null

2024-01-22 18:23:44 - [TEST_STEP][PASSED] - else if (strSellerVol2.contains(" K")): null

2024-01-22 18:23:44 - [TEST_STEP][PASSED] - strSellerVol2 = strSellerVol2.replace(" K", ""): null

2024-01-22 18:23:44 - [TEST_STEP][PASSED] - strSellerVol2 = strSellerVol2.toDouble() * 1000: null

2024-01-22 18:23:44 - [TEST_STEP][PASSED] - if (verifyElementNotPresent(findTestObject("Stockbit/Bandarmology_Buyer3"), 1, OPTIONAL)): Web element with id: 'Object Repository/Stockbit/Bandarmology_Buyer3' located by 'By.xpath: //*[contains(@id, 'rc-tabs-')]/div[2]/div/div/div/div/div/div[2]/table/tbody/tr[4]/td[1]/p' is present after '1' second(s) (Root cause: com.kms.katalon.core.exception.StepFailedException: Web element with id: 'Object Repository/Stockbit/Bandarmology_Buyer3' located by 'By.xpath: //*[contains(@id, 'rc-tabs-')]/div[2]/div/div/div/div/div/div[2]/table/tbody/tr[4]/td[1]/p' is present after '1' second(s)
	at com.kms.katalon.core.webui.keyword.internal.WebUIKeywordMain.stepFailed(WebUIKeywordMain.groovy:64)
	at com.kms.katalon.core.webui.keyword.internal.WebUIKeywordMain$stepFailed$0.call(Unknown Source)
	at com.kms.katalon.core.webui.keyword.builtin.VerifyElementNotPresentKeyword$_verifyElementNotPresent_closure1.doCall(VerifyElementNotPresentKeyword.groovy:106)
	at com.kms.katalon.core.webui.keyword.builtin.VerifyElementNotPresentKeyword$_verifyElementNotPresent_closure1.doCall(VerifyElementNotPresentKeyword.groovy)
	at com.kms.katalon.core.webui.keyword.internal.WebUIKeywordMain.runKeyword(WebUIKeywordMain.groovy:20)
	at com.kms.katalon.core.webui.keyword.internal.WebUIKeywordMain$runKeyword.call(Unknown Source)
	at com.kms.katalon.core.webui.keyword.builtin.VerifyElementNotPresentKeyword.verifyElementNotPresent(VerifyElementNotPresentKeyword.groovy:117)
	at com.kms.katalon.core.webui.keyword.builtin.VerifyElementNotPresentKeyword.execute(VerifyElementNotPresentKeyword.groovy:68)
	at com.kms.katalon.core.keyword.internal.KeywordExecutor.executeKeywordForPlatform(KeywordExecutor.groovy:74)
	at com.kms.katalon.core.webui.keyword.WebUiBuiltInKeywords.verifyElementNotPresent(WebUiBuiltInKeywords.groovy:1481)
	at com.kms.katalon.core.webui.keyword.WebUiBuiltInKeywords$verifyElementNotPresent$8.call(Unknown Source)
	at GetBrokSumPriceDaily.run(GetBrokSumPriceDaily:361)
	at com.kms.katalon.core.main.ScriptEngine.run(ScriptEngine.java:194)
	at com.kms.katalon.core.main.ScriptEngine.runScriptAsRawText(ScriptEngine.java:119)
	at com.kms.katalon.core.main.TestCaseExecutor.runScript(TestCaseExecutor.java:445)
	at com.kms.katalon.core.main.TestCaseExecutor.doExecute(TestCaseExecutor.java:436)
	at com.kms.katalon.core.main.TestCaseExecutor.processExecutionPhase(TestCaseExecutor.java:415)
	at com.kms.katalon.core.main.TestCaseExecutor.accessMainPhase(TestCaseExecutor.java:407)
	at com.kms.katalon.core.main.TestCaseExecutor.execute(TestCaseExecutor.java:284)
	at com.kms.katalon.core.common.CommonExecutor.accessTestCaseMainPhase(CommonExecutor.java:65)
	at com.kms.katalon.core.main.TestSuiteExecutor.accessTestSuiteMainPhase(TestSuiteExecutor.java:144)
	at com.kms.katalon.core.main.TestSuiteExecutor.execute(TestSuiteExecutor.java:106)
	at com.kms.katalon.core.main.TestCaseMain.startTestSuite(TestCaseMain.java:185)
	at com.kms.katalon.core.main.TestCaseMain$startTestSuite$0.call(Unknown Source)
	at TempTestSuite1705922193915.run(TempTestSuite1705922193915.groovy:36)
)

2024-01-22 18:23:46 - [MESSAGE][WARNING] - Web element with id: 'Object Repository/Stockbit/Bandarmology_Buyer3' located by 'By.xpath: //*[contains(@id, 'rc-tabs-')]/div[2]/div/div/div/div/div/div[2]/table/tbody/tr[4]/td[1]/p' is present after '1' second(s) (Root cause: com.kms.katalon.core.exception.StepFailedException: Web element with id: 'Object Repository/Stockbit/Bandarmology_Buyer3' located by 'By.xpath: //*[contains(@id, 'rc-tabs-')]/div[2]/div/div/div/div/div/div[2]/table/tbody/tr[4]/td[1]/p' is present after '1' second(s)
	at com.kms.katalon.core.webui.keyword.internal.WebUIKeywordMain.stepFailed(WebUIKeywordMain.groovy:64)
	at com.kms.katalon.core.webui.keyword.internal.WebUIKeywordMain$stepFailed$0.call(Unknown Source)
	at com.kms.katalon.core.webui.keyword.builtin.VerifyElementNotPresentKeyword$_verifyElementNotPresent_closure1.doCall(VerifyElementNotPresentKeyword.groovy:106)
	at com.kms.katalon.core.webui.keyword.builtin.VerifyElementNotPresentKeyword$_verifyElementNotPresent_closure1.doCall(VerifyElementNotPresentKeyword.groovy)
	at com.kms.katalon.core.webui.keyword.internal.WebUIKeywordMain.runKeyword(WebUIKeywordMain.groovy:20)
	at com.kms.katalon.core.webui.keyword.internal.WebUIKeywordMain$runKeyword.call(Unknown Source)
	at com.kms.katalon.core.webui.keyword.builtin.VerifyElementNotPresentKeyword.verifyElementNotPresent(VerifyElementNotPresentKeyword.groovy:117)
	at com.kms.katalon.core.webui.keyword.builtin.VerifyElementNotPresentKeyword.execute(VerifyElementNotPresentKeyword.groovy:68)
	at com.kms.katalon.core.keyword.internal.KeywordExecutor.executeKeywordForPlatform(KeywordExecutor.groovy:74)
	at com.kms.katalon.core.webui.keyword.WebUiBuiltInKeywords.verifyElementNotPresent(WebUiBuiltInKeywords.groovy:1481)
	at com.kms.katalon.core.webui.keyword.WebUiBuiltInKeywords$verifyElementNotPresent$8.call(Unknown Source)
	at GetBrokSumPriceDaily.run(GetBrokSumPriceDaily:361)
	at com.kms.katalon.core.main.ScriptEngine.run(ScriptEngine.java:194)
	at com.kms.katalon.core.main.ScriptEngine.runScriptAsRawText(ScriptEngine.java:119)
	at com.kms.katalon.core.main.TestCaseExecutor.runScript(TestCaseExecutor.java:445)
	at com.kms.katalon.core.main.TestCaseExecutor.doExecute(TestCaseExecutor.java:436)
	at com.kms.katalon.core.main.TestCaseExecutor.processExecutionPhase(TestCaseExecutor.java:415)
	at com.kms.katalon.core.main.TestCaseExecutor.accessMainPhase(TestCaseExecutor.java:407)
	at com.kms.katalon.core.main.TestCaseExecutor.execute(TestCaseExecutor.java:284)
	at com.kms.katalon.core.common.CommonExecutor.accessTestCaseMainPhase(CommonExecutor.java:65)
	at com.kms.katalon.core.main.TestSuiteExecutor.accessTestSuiteMainPhase(TestSuiteExecutor.java:144)
	at com.kms.katalon.core.main.TestSuiteExecutor.execute(TestSuiteExecutor.java:106)
	at com.kms.katalon.core.main.TestCaseMain.startTestSuite(TestCaseMain.java:185)
	at com.kms.katalon.core.main.TestCaseMain$startTestSuite$0.call(Unknown Source)
	at TempTestSuite1705922193915.run(TempTestSuite1705922193915.groovy:36)
)
[[ATTACHMENT|C:\\Users\\Fadli\\git\\KatalonDailyGetData2\\Reports\\20240122_174123\\TS1\\20240122_181633\\1705922625906.png]]

2024-01-22 18:23:46 - [TEST_STEP][PASSED] - else: null

2024-01-22 18:23:46 - [TEST_STEP][PASSED] - strBuyer3 = getText(findTestObject("Stockbit/Bandarmology_Buyer3")): Text of object 'Object Repository/Stockbit/Bandarmology_Buyer3' is: 'AO'

2024-01-22 18:23:46 - [MESSAGE][PASSED] - Text of object 'Object Repository/Stockbit/Bandarmology_Buyer3' is: 'AO'

2024-01-22 18:23:46 - [TEST_STEP][PASSED] - strBuyerVol3 = getText(findTestObject("Stockbit/Bandarmology_BuyerVol3")): Text of object 'Object Repository/Stockbit/Bandarmology_BuyerVol3' is: '99.4 K'

2024-01-22 18:23:46 - [MESSAGE][PASSED] - Text of object 'Object Repository/Stockbit/Bandarmology_BuyerVol3' is: '99.4 K'

2024-01-22 18:23:46 - [TEST_STEP][PASSED] - strBuyerAvg3 = getText(findTestObject("Stockbit/Bandarmology_BuyerAvg3")): Text of object 'Object Repository/Stockbit/Bandarmology_BuyerAvg3' is: '51'

2024-01-22 18:23:46 - [MESSAGE][PASSED] - Text of object 'Object Repository/Stockbit/Bandarmology_BuyerAvg3' is: '51'

2024-01-22 18:23:46 - [TEST_STEP][PASSED] - if (strBuyer3 != ""): null

2024-01-22 18:23:46 - [TEST_STEP][PASSED] - if (strBuyerAvg3.contains(",")): null

2024-01-22 18:23:46 - [TEST_STEP][PASSED] - if (strBuyerVol3.contains(" B")): null

2024-01-22 18:23:46 - [TEST_STEP][PASSED] - else if (strBuyerVol3.contains(" M")): null

2024-01-22 18:23:46 - [TEST_STEP][PASSED] - else if (strBuyerVol3.contains(" K")): null

2024-01-22 18:23:46 - [TEST_STEP][PASSED] - strBuyerVol3 = strBuyerVol3.replace(" K", ""): null

2024-01-22 18:23:46 - [TEST_STEP][PASSED] - strBuyerVol3 = strBuyerVol3.toDouble() * 1000: null

2024-01-22 18:23:46 - [TEST_STEP][PASSED] - if (verifyElementNotPresent(findTestObject("Stockbit/Bandarmology_Seller3"), 1, OPTIONAL)): Web element with id: 'Object Repository/Stockbit/Bandarmology_Seller3' located by 'By.xpath: //*[contains(@id, 'rc-tabs-')]/div[2]/div/div/div/div/div/div[2]/table/tbody/tr[4]/td[5]/p' is present after '1' second(s) (Root cause: com.kms.katalon.core.exception.StepFailedException: Web element with id: 'Object Repository/Stockbit/Bandarmology_Seller3' located by 'By.xpath: //*[contains(@id, 'rc-tabs-')]/div[2]/div/div/div/div/div/div[2]/table/tbody/tr[4]/td[5]/p' is present after '1' second(s)
	at com.kms.katalon.core.webui.keyword.internal.WebUIKeywordMain.stepFailed(WebUIKeywordMain.groovy:64)
	at com.kms.katalon.core.webui.keyword.internal.WebUIKeywordMain$stepFailed$0.call(Unknown Source)
	at com.kms.katalon.core.webui.keyword.builtin.VerifyElementNotPresentKeyword$_verifyElementNotPresent_closure1.doCall(VerifyElementNotPresentKeyword.groovy:106)
	at com.kms.katalon.core.webui.keyword.builtin.VerifyElementNotPresentKeyword$_verifyElementNotPresent_closure1.doCall(VerifyElementNotPresentKeyword.groovy)
	at com.kms.katalon.core.webui.keyword.internal.WebUIKeywordMain.runKeyword(WebUIKeywordMain.groovy:20)
	at com.kms.katalon.core.webui.keyword.internal.WebUIKeywordMain$runKeyword.call(Unknown Source)
	at com.kms.katalon.core.webui.keyword.builtin.VerifyElementNotPresentKeyword.verifyElementNotPresent(VerifyElementNotPresentKeyword.groovy:117)
	at com.kms.katalon.core.webui.keyword.builtin.VerifyElementNotPresentKeyword.execute(VerifyElementNotPresentKeyword.groovy:68)
	at com.kms.katalon.core.keyword.internal.KeywordExecutor.executeKeywordForPlatform(KeywordExecutor.groovy:74)
	at com.kms.katalon.core.webui.keyword.WebUiBuiltInKeywords.verifyElementNotPresent(WebUiBuiltInKeywords.groovy:1481)
	at com.kms.katalon.core.webui.keyword.WebUiBuiltInKeywords$verifyElementNotPresent$8.call(Unknown Source)
	at GetBrokSumPriceDaily.run(GetBrokSumPriceDaily:414)
	at com.kms.katalon.core.main.ScriptEngine.run(ScriptEngine.java:194)
	at com.kms.katalon.core.main.ScriptEngine.runScriptAsRawText(ScriptEngine.java:119)
	at com.kms.katalon.core.main.TestCaseExecutor.runScript(TestCaseExecutor.java:445)
	at com.kms.katalon.core.main.TestCaseExecutor.doExecute(TestCaseExecutor.java:436)
	at com.kms.katalon.core.main.TestCaseExecutor.processExecutionPhase(TestCaseExecutor.java:415)
	at com.kms.katalon.core.main.TestCaseExecutor.accessMainPhase(TestCaseExecutor.java:407)
	at com.kms.katalon.core.main.TestCaseExecutor.execute(TestCaseExecutor.java:284)
	at com.kms.katalon.core.common.CommonExecutor.accessTestCaseMainPhase(CommonExecutor.java:65)
	at com.kms.katalon.core.main.TestSuiteExecutor.accessTestSuiteMainPhase(TestSuiteExecutor.java:144)
	at com.kms.katalon.core.main.TestSuiteExecutor.execute(TestSuiteExecutor.java:106)
	at com.kms.katalon.core.main.TestCaseMain.startTestSuite(TestCaseMain.java:185)
	at com.kms.katalon.core.main.TestCaseMain$startTestSuite$0.call(Unknown Source)
	at TempTestSuite1705922193915.run(TempTestSuite1705922193915.groovy:36)
)

2024-01-22 18:23:48 - [MESSAGE][WARNING] - Web element with id: 'Object Repository/Stockbit/Bandarmology_Seller3' located by 'By.xpath: //*[contains(@id, 'rc-tabs-')]/div[2]/div/div/div/div/div/div[2]/table/tbody/tr[4]/td[5]/p' is present after '1' second(s) (Root cause: com.kms.katalon.core.exception.StepFailedException: Web element with id: 'Object Repository/Stockbit/Bandarmology_Seller3' located by 'By.xpath: //*[contains(@id, 'rc-tabs-')]/div[2]/div/div/div/div/div/div[2]/table/tbody/tr[4]/td[5]/p' is present after '1' second(s)
	at com.kms.katalon.core.webui.keyword.internal.WebUIKeywordMain.stepFailed(WebUIKeywordMain.groovy:64)
	at com.kms.katalon.core.webui.keyword.internal.WebUIKeywordMain$stepFailed$0.call(Unknown Source)
	at com.kms.katalon.core.webui.keyword.builtin.VerifyElementNotPresentKeyword$_verifyElementNotPresent_closure1.doCall(VerifyElementNotPresentKeyword.groovy:106)
	at com.kms.katalon.core.webui.keyword.builtin.VerifyElementNotPresentKeyword$_verifyElementNotPresent_closure1.doCall(VerifyElementNotPresentKeyword.groovy)
	at com.kms.katalon.core.webui.keyword.internal.WebUIKeywordMain.runKeyword(WebUIKeywordMain.groovy:20)
	at com.kms.katalon.core.webui.keyword.internal.WebUIKeywordMain$runKeyword.call(Unknown Source)
	at com.kms.katalon.core.webui.keyword.builtin.VerifyElementNotPresentKeyword.verifyElementNotPresent(VerifyElementNotPresentKeyword.groovy:117)
	at com.kms.katalon.core.webui.keyword.builtin.VerifyElementNotPresentKeyword.execute(VerifyElementNotPresentKeyword.groovy:68)
	at com.kms.katalon.core.keyword.internal.KeywordExecutor.executeKeywordForPlatform(KeywordExecutor.groovy:74)
	at com.kms.katalon.core.webui.keyword.WebUiBuiltInKeywords.verifyElementNotPresent(WebUiBuiltInKeywords.groovy:1481)
	at com.kms.katalon.core.webui.keyword.WebUiBuiltInKeywords$verifyElementNotPresent$8.call(Unknown Source)
	at GetBrokSumPriceDaily.run(GetBrokSumPriceDaily:414)
	at com.kms.katalon.core.main.ScriptEngine.run(ScriptEngine.java:194)
	at com.kms.katalon.core.main.ScriptEngine.runScriptAsRawText(ScriptEngine.java:119)
	at com.kms.katalon.core.main.TestCaseExecutor.runScript(TestCaseExecutor.java:445)
	at com.kms.katalon.core.main.TestCaseExecutor.doExecute(TestCaseExecutor.java:436)
	at com.kms.katalon.core.main.TestCaseExecutor.processExecutionPhase(TestCaseExecutor.java:415)
	at com.kms.katalon.core.main.TestCaseExecutor.accessMainPhase(TestCaseExecutor.java:407)
	at com.kms.katalon.core.main.TestCaseExecutor.execute(TestCaseExecutor.java:284)
	at com.kms.katalon.core.common.CommonExecutor.accessTestCaseMainPhase(CommonExecutor.java:65)
	at com.kms.katalon.core.main.TestSuiteExecutor.accessTestSuiteMainPhase(TestSuiteExecutor.java:144)
	at com.kms.katalon.core.main.TestSuiteExecutor.execute(TestSuiteExecutor.java:106)
	at com.kms.katalon.core.main.TestCaseMain.startTestSuite(TestCaseMain.java:185)
	at com.kms.katalon.core.main.TestCaseMain$startTestSuite$0.call(Unknown Source)
	at TempTestSuite1705922193915.run(TempTestSuite1705922193915.groovy:36)
)
[[ATTACHMENT|C:\\Users\\Fadli\\git\\KatalonDailyGetData2\\Reports\\20240122_174123\\TS1\\20240122_181633\\1705922627823.png]]

2024-01-22 18:23:48 - [TEST_STEP][PASSED] - else: null

2024-01-22 18:23:48 - [TEST_STEP][PASSED] - strSeller3 = getText(findTestObject("Stockbit/Bandarmology_Seller3")): Text of object 'Object Repository/Stockbit/Bandarmology_Seller3' is: 'MG'

2024-01-22 18:23:48 - [MESSAGE][PASSED] - Text of object 'Object Repository/Stockbit/Bandarmology_Seller3' is: 'MG'

2024-01-22 18:23:48 - [TEST_STEP][PASSED] - strSellerVol3 = getText(findTestObject("Stockbit/Bandarmology_SellerVol3")): Text of object 'Object Repository/Stockbit/Bandarmology_SellerVol3' is: '101.5 K'

2024-01-22 18:23:48 - [MESSAGE][PASSED] - Text of object 'Object Repository/Stockbit/Bandarmology_SellerVol3' is: '101.5 K'

2024-01-22 18:23:48 - [TEST_STEP][PASSED] - strSellerAvg3 = getText(findTestObject("Stockbit/Bandarmology_SellerAvg3")): Text of object 'Object Repository/Stockbit/Bandarmology_SellerAvg3' is: '51'

2024-01-22 18:23:48 - [MESSAGE][PASSED] - Text of object 'Object Repository/Stockbit/Bandarmology_SellerAvg3' is: '51'

2024-01-22 18:23:48 - [TEST_STEP][PASSED] - if (strSeller3 != ""): null

2024-01-22 18:23:48 - [TEST_STEP][PASSED] - if (strSellerAvg3.contains(",")): null

2024-01-22 18:23:48 - [TEST_STEP][PASSED] - if (strSellerVol3.contains(" B")): null

2024-01-22 18:23:48 - [TEST_STEP][PASSED] - else if (strSellerVol3.contains(" M")): null

2024-01-22 18:23:48 - [TEST_STEP][PASSED] - else if (strSellerVol3.contains(" K")): null

2024-01-22 18:23:48 - [TEST_STEP][PASSED] - strSellerVol3 = strSellerVol3.replace(" K", ""): null

2024-01-22 18:23:48 - [TEST_STEP][PASSED] - strSellerVol3 = strSellerVol3.toDouble() * 1000: null

2024-01-22 18:23:48 - [TEST_STEP][PASSED] - strAccDist = getText(findTestObject("Stockbit/Bandarmology_AccDist")): Text of object 'Object Repository/Stockbit/Bandarmology_AccDist' is: 'Acc'

2024-01-22 18:23:48 - [MESSAGE][PASSED] - Text of object 'Object Repository/Stockbit/Bandarmology_AccDist' is: 'Acc'

2024-01-22 18:23:48 - [TEST_STEP][PASSED] - strNetVol = getText(findTestObject("Stockbit/Bandarmology_NetVol")): Text of object 'Object Repository/Stockbit/Bandarmology_NetVol' is: '1,023,670'

2024-01-22 18:23:48 - [MESSAGE][PASSED] - Text of object 'Object Repository/Stockbit/Bandarmology_NetVol' is: '1,023,670'

2024-01-22 18:23:48 - [TEST_STEP][PASSED] - strNetVol = strNetVol.replace(",", ""): null

2024-01-22 18:23:48 - [TEST_STEP][PASSED] - strNetVal = getText(findTestObject("Stockbit/Bandarmology_NetVal")): Text of object 'Object Repository/Stockbit/Bandarmology_NetVal' is: '5.2 B'

2024-01-22 18:23:48 - [MESSAGE][PASSED] - Text of object 'Object Repository/Stockbit/Bandarmology_NetVal' is: '5.2 B'

2024-01-22 18:23:48 - [TEST_STEP][PASSED] - delay(3): Delayed 3 second(s)

2024-01-22 18:23:51 - [MESSAGE][PASSED] - Delayed 3 second(s)

2024-01-22 18:23:51 - [TEST_STEP][PASSED] - strOpenPrice = getText(findTestObject("Stockbit/Home_OpenPrice")): Text of object 'Object Repository/Stockbit/Home_OpenPrice' is: '50'

2024-01-22 18:23:52 - [MESSAGE][PASSED] - Text of object 'Object Repository/Stockbit/Home_OpenPrice' is: '50'

2024-01-22 18:23:52 - [TEST_STEP][PASSED] - strOpenPrice = strOpenPrice.replace(",", ""): null

2024-01-22 18:23:52 - [TEST_STEP][PASSED] - strLowPrice = getText(findTestObject("Stockbit/Home_LowPrice")): Text of object 'Object Repository/Stockbit/Home_LowPrice' is: '50'

2024-01-22 18:23:52 - [MESSAGE][PASSED] - Text of object 'Object Repository/Stockbit/Home_LowPrice' is: '50'

2024-01-22 18:23:52 - [TEST_STEP][PASSED] - strLowPrice = strLowPrice.replace(",", ""): null

2024-01-22 18:23:52 - [TEST_STEP][PASSED] - strHighPrice = getText(findTestObject("Stockbit/Home_HighPrice")): Text of object 'Object Repository/Stockbit/Home_HighPrice' is: '52'

2024-01-22 18:23:52 - [MESSAGE][PASSED] - Text of object 'Object Repository/Stockbit/Home_HighPrice' is: '52'

2024-01-22 18:23:52 - [TEST_STEP][PASSED] - strHighPrice = strHighPrice.replace(",", ""): null

2024-01-22 18:23:52 - [TEST_STEP][PASSED] - strClosePrice = getText(findTestObject("Stockbit/Home_ClosePrice")): Text of object 'Object Repository/Stockbit/Home_ClosePrice' is: '51'

2024-01-22 18:23:52 - [MESSAGE][PASSED] - Text of object 'Object Repository/Stockbit/Home_ClosePrice' is: '51'

2024-01-22 18:23:52 - [TEST_STEP][PASSED] - strClosePrice = strClosePrice.replace(",", ""): null

2024-01-22 18:23:52 - [TEST_STEP][PASSED] - strVol = getText(findTestObject("Stockbit/Home_Volume")): Text of object 'Object Repository/Stockbit/Home_Volume' is: '1,692 K'

2024-01-22 18:23:52 - [MESSAGE][PASSED] - Text of object 'Object Repository/Stockbit/Home_Volume' is: '1,692 K'

2024-01-22 18:23:52 - [TEST_STEP][PASSED] - if (strVol.contains(" K")): null

2024-01-22 18:23:52 - [TEST_STEP][PASSED] - strVol = strVol.replace(" K", "000"): null

2024-01-22 18:23:52 - [TEST_STEP][PASSED] - if (strVol.contains(",")): null

2024-01-22 18:23:52 - [TEST_STEP][PASSED] - strVol = strVol.replace(",", ""): null

2024-01-22 18:23:52 - [TEST_STEP][PASSED] - strChange = getText(findTestObject("Stockbit/Home_Change")): Text of object 'Object Repository/Stockbit/Home_Change' is: '2.00%'

2024-01-22 18:23:52 - [MESSAGE][PASSED] - Text of object 'Object Repository/Stockbit/Home_Change' is: '2.00%'

2024-01-22 18:23:52 - [TEST_STEP][PASSED] - strChange = strChange.replace("%", ""): null

2024-01-22 18:23:52 - [TEST_STEP][PASSED] - strFreq = getText(findTestObject("Stockbit/Home_Freq")): Text of object 'Object Repository/Stockbit/Home_Freq' is: '1,710'

2024-01-22 18:23:53 - [MESSAGE][PASSED] - Text of object 'Object Repository/Stockbit/Home_Freq' is: '1,710'

2024-01-22 18:23:53 - [TEST_STEP][PASSED] - if (strFreq.contains(",")): null

2024-01-22 18:23:53 - [TEST_STEP][PASSED] - strFreq = strFreq.replace(",", ""): null

2024-01-22 18:23:53 - [TEST_STEP][PASSED] - if (strFreq == "NA" || strFreq == ""): null

2024-01-22 18:23:53 - [TEST_STEP][PASSED] - else: null

2024-01-22 18:23:53 - [TEST_STEP][PASSED] - dblFreqAnal = strVol.toDouble() / strFreq.toDouble() * strFreq.toDouble() * strFreq.toDouble() * 100000000: null

2024-01-22 18:23:53 - [TEST_STEP][PASSED] - strFreqAnal = String.format("%.4f", dblFreqAnal): null

2024-01-22 18:23:53 - [TEST_STEP][PASSED] - out.println("Double strFreqAnal: " + strFreqAnal): null

2024-01-22 18:23:53 - [TEST_STEP][PASSED] - strTanggal = d.format(DateTimeFormatter.ofPattern("yyyy-MM-dd")): null

2024-01-22 18:23:53 - [TEST_STEP][PASSED] - strTanggal = "#" + strTanggal + "#": null

2024-01-22 18:23:53 - [TEST_STEP][PASSED] - strSQL = "select count(*) as JumBaris from TblBrokSum where Nama = '" + strNama + "' and Tanggal = " + strTanggal + "": null

2024-01-22 18:23:53 - [TEST_STEP][PASSED] - resultSet = statement.executeQuery(strSQL): null

2024-01-22 18:23:53 - [TEST_STEP][PASSED] - resultSet.next(): null

2024-01-22 18:23:53 - [TEST_STEP][PASSED] - intJumBaris = resultSet.getInt("JumBaris"): null

2024-01-22 18:23:53 - [TEST_STEP][PASSED] - if (intJumBaris > 0): null

2024-01-22 18:23:53 - [TEST_STEP][PASSED] - else: null

2024-01-22 18:23:53 - [TEST_STEP][PASSED] - try: null

2024-01-22 18:23:53 - [TEST_STEP][PASSED] - out.println("Insert data"): null

2024-01-22 18:23:53 - [TEST_STEP][PASSED] - strSQL = "insert into TblBrokSum (nama, tanggal, top1, top2, top3, AllBrokAvg, AccDist, AvgRP, " + "Buyer1, BuyerVal1, BuyerAvg1, Seller1, SellerVal1, SellerAvg1, Buyer2, BuyerVal2, BuyerAvg2, " + "Seller2, SellerVal2, SellerAvg2, Buyer3, BuyerVal3, BuyerAvg3, Seller3, SellerVal3, SellerAvg3, NetVol, NetVal, " + "OpenPrice, LowPrice, HighPrice, ClosePrice, Volume, Change, Frekuensi, FrekAnal) " + "values ('" + strNama + "', " + strTanggal + ", '" + strTop1 + "', '" + strTop3 + "', '" + strTop5 + "', " + "'" + strAllBrokAvg + "', '" + strAccDist + "', " + intAvgRP + ", '" + strBuyer1 + "', '" + strBuyerVol1 + "', " + strBuyerAvg1 + ", " + "'" + strSeller1 + "', '" + strSellerVol1 + "', " + strSellerAvg1 + ", '" + strBuyer2 + "', '" + strBuyerVol2 + "', " + strBuyerAvg2 + ", " + "'" + strSeller2 + "', '" + strSellerVol2 + "', " + strSellerAvg2 + ", '" + strBuyer3 + "', '" + strBuyerVol3 + "', " + strBuyerAvg3 + ", " + "'" + strSeller3 + "', '" + strSellerVol3 + "', " + strSellerAvg3 + ", " + strNetVol + ", '" + strNetVal + "', " + "" + strOpenPrice + ", " + strLowPrice + ", " + strHighPrice + ", " + strClosePrice + ", '" + strVol + "', " + strChange + ", " + strFreq + ", " + strFreqAnal + ");": null

2024-01-22 18:23:53 - [TEST_STEP][PASSED] - out.println("strSQL = " + strSQL): null

2024-01-22 18:23:53 - [TEST_STEP][PASSED] - statement.executeUpdate(strSQL): null

2024-01-22 18:23:53 - [TEST_STEP][PASSED] - setValueToCellByIndex(sheet01, rowIndex, 4, "DONE"): null

2024-01-22 18:23:53 - [TEST_STEP][PASSED] - saveWorkbook(excelFilePath, workbook01): null

2024-01-22 18:23:53 - [TEST_STEP][PASSED] - waitForElementClickable(findTestObject("Stockbit/menu_Bandarmology"), 10): Object 'Object Repository/Stockbit/menu_Bandarmology' is clickable

2024-01-22 18:23:53 - [MESSAGE][PASSED] - Object 'Object Repository/Stockbit/menu_Bandarmology' is clickable

2024-01-22 18:23:53 - [TEST_STEP][PASSED] - click(findTestObject("Stockbit/menu_Bandarmology")): Object: 'Object Repository/Stockbit/menu_Bandarmology' is clicked on

2024-01-22 18:23:53 - [MESSAGE][PASSED] - Object: 'Object Repository/Stockbit/menu_Bandarmology' is clicked on

2024-01-22 18:23:53 - [TEST_STEP][PASSED] - strTemp = "NA": null

2024-01-22 18:23:53 - [TEST_STEP][PASSED] - if (getCellValueByIndex(sheet01, rowIndex, 4) != "DONE"): Object: 'Object Repository/Stockbit/menu_Bandarmology' is clicked on

2024-01-22 18:23:53 - [TEST_STEP][PASSED] - strNama = getCellValueByIndex(sheet01, rowIndex, 0): null

2024-01-22 18:23:53 - [TEST_STEP][PASSED] - navigateToUrl("https://stockbit.com/#/symbol/" + strNama): Navigate to 'https://stockbit.com/#/symbol/HRTA' successfully

2024-01-22 18:23:55 - [MESSAGE][PASSED] - Navigate to 'https://stockbit.com/#/symbol/HRTA' successfully

2024-01-22 18:23:55 - [TEST_STEP][PASSED] - waitForElementClickable(findTestObject("Stockbit/menu_Bandarmology"), 10): Object 'Object Repository/Stockbit/menu_Bandarmology' is clickable

2024-01-22 18:23:55 - [MESSAGE][PASSED] - Object 'Object Repository/Stockbit/menu_Bandarmology' is clickable

2024-01-22 18:23:55 - [TEST_STEP][PASSED] - click(findTestObject("Stockbit/menu_Bandarmology")): Object: 'Object Repository/Stockbit/menu_Bandarmology' is clicked on

2024-01-22 18:23:56 - [MESSAGE][PASSED] - Object: 'Object Repository/Stockbit/menu_Bandarmology' is clicked on

2024-01-22 18:23:56 - [TEST_STEP][PASSED] - strTanggal = d.format(DateTimeFormatter.ofPattern("MMM dd, yyyy")): null

2024-01-22 18:23:56 - [TEST_STEP][PASSED] - strTanggal = d.format(ISO_DATE): null

2024-01-22 18:23:56 - [TEST_STEP][PASSED] - out.println("strTanggal = " + strTanggal): null

2024-01-22 18:23:56 - [TEST_STEP][PASSED] - out.println("strNama = " + strNama): null

2024-01-22 18:23:56 - [TEST_STEP][PASSED] - out.println("Baris ke = " + rowIndex): null

2024-01-22 18:23:56 - [TEST_STEP][PASSED] - click(findTestObject("Stockbit/input__BandarmologyOpenStartDate")): Object: 'Object Repository/Stockbit/input__BandarmologyOpenStartDate' is clicked on

2024-01-22 18:23:58 - [MESSAGE][PASSED] - Object: 'Object Repository/Stockbit/input__BandarmologyOpenStartDate' is clicked on

2024-01-22 18:23:58 - [TEST_STEP][PASSED] - sendKeys(findTestObject("Stockbit/input__BandarmologyOpenStartDate"), Keys.chord(CONTROL, "a")): Keys 'CONTROL + a' sent to object: 'Object Repository/Stockbit/input__BandarmologyOpenStartDate'

2024-01-22 18:23:58 - [MESSAGE][PASSED] - Keys 'CONTROL + a' sent to object: 'Object Repository/Stockbit/input__BandarmologyOpenStartDate'

2024-01-22 18:23:58 - [TEST_STEP][PASSED] - sendKeys(findTestObject("Stockbit/input__BandarmologyOpenStartDate"), Keys.chord(BACK_SPACE)): Keys 'BACK_SPACE + ' sent to object: 'Object Repository/Stockbit/input__BandarmologyOpenStartDate'

2024-01-22 18:23:59 - [MESSAGE][PASSED] - Keys 'BACK_SPACE + ' sent to object: 'Object Repository/Stockbit/input__BandarmologyOpenStartDate'

2024-01-22 18:23:59 - [TEST_STEP][PASSED] - setText(findTestObject("Stockbit/input__BandarmologyOpenStartDate"), strTanggal): Text '2024-01-22' is set on object 'Object Repository/Stockbit/input__BandarmologyOpenStartDate'

2024-01-22 18:23:59 - [MESSAGE][PASSED] - Text '2024-01-22' is set on object 'Object Repository/Stockbit/input__BandarmologyOpenStartDate'

2024-01-22 18:23:59 - [TEST_STEP][PASSED] - sendKeys(findTestObject("Stockbit/input__BandarmologyOpenStartDate"), Keys.chord(ENTER)): Keys 'ENTER + ' sent to object: 'Object Repository/Stockbit/input__BandarmologyOpenStartDate'

2024-01-22 18:24:00 - [MESSAGE][PASSED] - Keys 'ENTER + ' sent to object: 'Object Repository/Stockbit/input__BandarmologyOpenStartDate'

2024-01-22 18:24:00 - [TEST_STEP][PASSED] - click(findTestObject("Stockbit/input__BandarmologyOpenEndDate")): Object: 'Object Repository/Stockbit/input__BandarmologyOpenEndDate' is clicked on

2024-01-22 18:24:01 - [MESSAGE][PASSED] - Object: 'Object Repository/Stockbit/input__BandarmologyOpenEndDate' is clicked on

2024-01-22 18:24:01 - [TEST_STEP][PASSED] - sendKeys(findTestObject("Stockbit/input__BandarmologyOpenEndDate"), Keys.chord(CONTROL, "a")): Keys 'CONTROL + a' sent to object: 'Object Repository/Stockbit/input__BandarmologyOpenEndDate'

2024-01-22 18:24:01 - [MESSAGE][PASSED] - Keys 'CONTROL + a' sent to object: 'Object Repository/Stockbit/input__BandarmologyOpenEndDate'

2024-01-22 18:24:01 - [TEST_STEP][PASSED] - sendKeys(findTestObject("Stockbit/input__BandarmologyOpenEndDate"), Keys.chord(BACK_SPACE)): Keys 'BACK_SPACE + ' sent to object: 'Object Repository/Stockbit/input__BandarmologyOpenEndDate'

2024-01-22 18:24:01 - [MESSAGE][PASSED] - Keys 'BACK_SPACE + ' sent to object: 'Object Repository/Stockbit/input__BandarmologyOpenEndDate'

2024-01-22 18:24:01 - [TEST_STEP][PASSED] - setText(findTestObject("Stockbit/input__BandarmologyOpenEndDate"), strTanggal): Text '2024-01-22' is set on object 'Object Repository/Stockbit/input__BandarmologyOpenEndDate'

2024-01-22 18:24:02 - [MESSAGE][PASSED] - Text '2024-01-22' is set on object 'Object Repository/Stockbit/input__BandarmologyOpenEndDate'

2024-01-22 18:24:02 - [TEST_STEP][PASSED] - sendKeys(findTestObject("Stockbit/input__BandarmologyOpenEndDate"), Keys.chord(ENTER)): Keys 'ENTER + ' sent to object: 'Object Repository/Stockbit/input__BandarmologyOpenEndDate'

2024-01-22 18:24:03 - [MESSAGE][PASSED] - Keys 'ENTER + ' sent to object: 'Object Repository/Stockbit/input__BandarmologyOpenEndDate'

2024-01-22 18:24:03 - [TEST_STEP][PASSED] - delay(2): Delayed 2 second(s)

2024-01-22 18:24:05 - [MESSAGE][PASSED] - Delayed 2 second(s)

2024-01-22 18:24:05 - [TEST_STEP][PASSED] - strTemp = getText(findTestObject("Stockbit/Bandarmology_AvgRP")): Text of object 'Object Repository/Stockbit/Bandarmology_AvgRP' is: '390'

2024-01-22 18:24:05 - [MESSAGE][PASSED] - Text of object 'Object Repository/Stockbit/Bandarmology_AvgRP' is: '390'

2024-01-22 18:24:05 - [TEST_STEP][PASSED] - out.println("Bandarmology_AvgRP = " + strTemp): null

2024-01-22 18:24:05 - [TEST_STEP][PASSED] - if (strTemp != "0"): null

2024-01-22 18:24:05 - [TEST_STEP][PASSED] - strTop1 = getText(findTestObject("Stockbit/Bandarmology_Top1")): Text of object 'Object Repository/Stockbit/Bandarmology_Top1' is: 'Small Acc'

2024-01-22 18:24:05 - [MESSAGE][PASSED] - Text of object 'Object Repository/Stockbit/Bandarmology_Top1' is: 'Small Acc'

2024-01-22 18:24:05 - [TEST_STEP][PASSED] - strTop3 = getText(findTestObject("Stockbit/Bandarmology_Top3")): Text of object 'Object Repository/Stockbit/Bandarmology_Top3' is: 'Neutral'

2024-01-22 18:24:05 - [MESSAGE][PASSED] - Text of object 'Object Repository/Stockbit/Bandarmology_Top3' is: 'Neutral'

2024-01-22 18:24:05 - [TEST_STEP][PASSED] - strTop5 = getText(findTestObject("Stockbit/Bandarmology_Top5")): Text of object 'Object Repository/Stockbit/Bandarmology_Top5' is: 'Neutral'

2024-01-22 18:24:06 - [MESSAGE][PASSED] - Text of object 'Object Repository/Stockbit/Bandarmology_Top5' is: 'Neutral'

2024-01-22 18:24:06 - [TEST_STEP][PASSED] - strAllBrokAvg = getText(findTestObject("Stockbit/Bandarmology_TopAVG")): Text of object 'Object Repository/Stockbit/Bandarmology_TopAVG' is: 'Neutral'

2024-01-22 18:24:06 - [MESSAGE][PASSED] - Text of object 'Object Repository/Stockbit/Bandarmology_TopAVG' is: 'Neutral'

2024-01-22 18:24:06 - [TEST_STEP][PASSED] - strTemp = getText(findTestObject("Stockbit/Bandarmology_AvgRP")): Text of object 'Object Repository/Stockbit/Bandarmology_AvgRP' is: '390'

2024-01-22 18:24:06 - [MESSAGE][PASSED] - Text of object 'Object Repository/Stockbit/Bandarmology_AvgRP' is: '390'

2024-01-22 18:24:06 - [TEST_STEP][PASSED] - if (strTemp.contains(",")): null

2024-01-22 18:24:06 - [TEST_STEP][PASSED] - intAvgRP = strTemp.toInteger(): null

2024-01-22 18:24:06 - [TEST_STEP][PASSED] - strBuyer1 = getText(findTestObject("Stockbit/Bandarmology_Buyer1")): Text of object 'Object Repository/Stockbit/Bandarmology_Buyer1' is: 'KZ'

2024-01-22 18:24:06 - [MESSAGE][PASSED] - Text of object 'Object Repository/Stockbit/Bandarmology_Buyer1' is: 'KZ'

2024-01-22 18:24:06 - [TEST_STEP][PASSED] - strBuyerVol1 = getText(findTestObject("Stockbit/Bandarmology_BuyerVol1")): Text of object 'Object Repository/Stockbit/Bandarmology_BuyerVol1' is: '110 K'

2024-01-22 18:24:06 - [MESSAGE][PASSED] - Text of object 'Object Repository/Stockbit/Bandarmology_BuyerVol1' is: '110 K'

2024-01-22 18:24:06 - [TEST_STEP][PASSED] - strBuyerAvg1 = getText(findTestObject("Stockbit/Bandarmology_BuyerAvg1")): Text of object 'Object Repository/Stockbit/Bandarmology_BuyerAvg1' is: '389'

2024-01-22 18:24:06 - [MESSAGE][PASSED] - Text of object 'Object Repository/Stockbit/Bandarmology_BuyerAvg1' is: '389'

2024-01-22 18:24:06 - [TEST_STEP][PASSED] - if (strBuyerAvg1.contains(",")): null

2024-01-22 18:24:06 - [TEST_STEP][PASSED] - if (strBuyerVol1.contains(" B")): null

2024-01-22 18:24:06 - [TEST_STEP][PASSED] - else if (strBuyerVol1.contains(" M")): null

2024-01-22 18:24:06 - [TEST_STEP][PASSED] - else if (strBuyerVol1.contains(" K")): null

2024-01-22 18:24:06 - [TEST_STEP][PASSED] - strBuyerVol1 = strBuyerVol1.replace(" K", ""): null

2024-01-22 18:24:06 - [TEST_STEP][PASSED] - strBuyerVol1 = strBuyerVol1.toDouble() * 1000: null

2024-01-22 18:24:06 - [TEST_STEP][PASSED] - strSeller1 = getText(findTestObject("Stockbit/Bandarmology_Seller1")): Text of object 'Object Repository/Stockbit/Bandarmology_Seller1' is: 'AK'

2024-01-22 18:24:06 - [MESSAGE][PASSED] - Text of object 'Object Repository/Stockbit/Bandarmology_Seller1' is: 'AK'

2024-01-22 18:24:06 - [TEST_STEP][PASSED] - strSellerVol1 = getText(findTestObject("Stockbit/Bandarmology_SellerVol1")): Text of object 'Object Repository/Stockbit/Bandarmology_SellerVol1' is: '85.5 K'

2024-01-22 18:24:07 - [MESSAGE][PASSED] - Text of object 'Object Repository/Stockbit/Bandarmology_SellerVol1' is: '85.5 K'

2024-01-22 18:24:07 - [TEST_STEP][PASSED] - strSellerAvg1 = getText(findTestObject("Stockbit/Bandarmology_SellerAvg1")): Text of object 'Object Repository/Stockbit/Bandarmology_SellerAvg1' is: '390'

2024-01-22 18:24:07 - [MESSAGE][PASSED] - Text of object 'Object Repository/Stockbit/Bandarmology_SellerAvg1' is: '390'

2024-01-22 18:24:07 - [TEST_STEP][PASSED] - if (strSellerAvg1.contains(",")): null

2024-01-22 18:24:07 - [TEST_STEP][PASSED] - if (strSellerVol1.contains(" B")): null

2024-01-22 18:24:07 - [TEST_STEP][PASSED] - else if (strSellerVol1.contains(" M")): null

2024-01-22 18:24:07 - [TEST_STEP][PASSED] - else if (strSellerVol1.contains(" K")): null

2024-01-22 18:24:07 - [TEST_STEP][PASSED] - strSellerVol1 = strSellerVol1.replace(" K", ""): null

2024-01-22 18:24:07 - [TEST_STEP][PASSED] - strSellerVol1 = strSellerVol1.toDouble() * 1000: null

2024-01-22 18:24:07 - [TEST_STEP][PASSED] - if (verifyElementNotPresent(findTestObject("Stockbit/Bandarmology_Buyer2"), 1, OPTIONAL)): Web element with id: 'Object Repository/Stockbit/Bandarmology_Buyer2' located by 'By.xpath: //*[contains(@id, 'rc-tabs-')]/div[2]/div/div/div/div/div/div[2]/table/tbody/tr[3]/td[1]/p' is present after '1' second(s) (Root cause: com.kms.katalon.core.exception.StepFailedException: Web element with id: 'Object Repository/Stockbit/Bandarmology_Buyer2' located by 'By.xpath: //*[contains(@id, 'rc-tabs-')]/div[2]/div/div/div/div/div/div[2]/table/tbody/tr[3]/td[1]/p' is present after '1' second(s)
	at com.kms.katalon.core.webui.keyword.internal.WebUIKeywordMain.stepFailed(WebUIKeywordMain.groovy:64)
	at com.kms.katalon.core.webui.keyword.internal.WebUIKeywordMain$stepFailed$0.call(Unknown Source)
	at com.kms.katalon.core.webui.keyword.builtin.VerifyElementNotPresentKeyword$_verifyElementNotPresent_closure1.doCall(VerifyElementNotPresentKeyword.groovy:106)
	at com.kms.katalon.core.webui.keyword.builtin.VerifyElementNotPresentKeyword$_verifyElementNotPresent_closure1.doCall(VerifyElementNotPresentKeyword.groovy)
	at com.kms.katalon.core.webui.keyword.internal.WebUIKeywordMain.runKeyword(WebUIKeywordMain.groovy:20)
	at com.kms.katalon.core.webui.keyword.internal.WebUIKeywordMain$runKeyword.call(Unknown Source)
	at com.kms.katalon.core.webui.keyword.builtin.VerifyElementNotPresentKeyword.verifyElementNotPresent(VerifyElementNotPresentKeyword.groovy:117)
	at com.kms.katalon.core.webui.keyword.builtin.VerifyElementNotPresentKeyword.execute(VerifyElementNotPresentKeyword.groovy:68)
	at com.kms.katalon.core.keyword.internal.KeywordExecutor.executeKeywordForPlatform(KeywordExecutor.groovy:74)
	at com.kms.katalon.core.webui.keyword.WebUiBuiltInKeywords.verifyElementNotPresent(WebUiBuiltInKeywords.groovy:1481)
	at com.kms.katalon.core.webui.keyword.WebUiBuiltInKeywords$verifyElementNotPresent$8.call(Unknown Source)
	at GetBrokSumPriceDaily.run(GetBrokSumPriceDaily:258)
	at com.kms.katalon.core.main.ScriptEngine.run(ScriptEngine.java:194)
	at com.kms.katalon.core.main.ScriptEngine.runScriptAsRawText(ScriptEngine.java:119)
	at com.kms.katalon.core.main.TestCaseExecutor.runScript(TestCaseExecutor.java:445)
	at com.kms.katalon.core.main.TestCaseExecutor.doExecute(TestCaseExecutor.java:436)
	at com.kms.katalon.core.main.TestCaseExecutor.processExecutionPhase(TestCaseExecutor.java:415)
	at com.kms.katalon.core.main.TestCaseExecutor.accessMainPhase(TestCaseExecutor.java:407)
	at com.kms.katalon.core.main.TestCaseExecutor.execute(TestCaseExecutor.java:284)
	at com.kms.katalon.core.common.CommonExecutor.accessTestCaseMainPhase(CommonExecutor.java:65)
	at com.kms.katalon.core.main.TestSuiteExecutor.accessTestSuiteMainPhase(TestSuiteExecutor.java:144)
	at com.kms.katalon.core.main.TestSuiteExecutor.execute(TestSuiteExecutor.java:106)
	at com.kms.katalon.core.main.TestCaseMain.startTestSuite(TestCaseMain.java:185)
	at com.kms.katalon.core.main.TestCaseMain$startTestSuite$0.call(Unknown Source)
	at TempTestSuite1705922193915.run(TempTestSuite1705922193915.groovy:36)
)

2024-01-22 18:24:08 - [MESSAGE][WARNING] - Web element with id: 'Object Repository/Stockbit/Bandarmology_Buyer2' located by 'By.xpath: //*[contains(@id, 'rc-tabs-')]/div[2]/div/div/div/div/div/div[2]/table/tbody/tr[3]/td[1]/p' is present after '1' second(s) (Root cause: com.kms.katalon.core.exception.StepFailedException: Web element with id: 'Object Repository/Stockbit/Bandarmology_Buyer2' located by 'By.xpath: //*[contains(@id, 'rc-tabs-')]/div[2]/div/div/div/div/div/div[2]/table/tbody/tr[3]/td[1]/p' is present after '1' second(s)
	at com.kms.katalon.core.webui.keyword.internal.WebUIKeywordMain.stepFailed(WebUIKeywordMain.groovy:64)
	at com.kms.katalon.core.webui.keyword.internal.WebUIKeywordMain$stepFailed$0.call(Unknown Source)
	at com.kms.katalon.core.webui.keyword.builtin.VerifyElementNotPresentKeyword$_verifyElementNotPresent_closure1.doCall(VerifyElementNotPresentKeyword.groovy:106)
	at com.kms.katalon.core.webui.keyword.builtin.VerifyElementNotPresentKeyword$_verifyElementNotPresent_closure1.doCall(VerifyElementNotPresentKeyword.groovy)
	at com.kms.katalon.core.webui.keyword.internal.WebUIKeywordMain.runKeyword(WebUIKeywordMain.groovy:20)
	at com.kms.katalon.core.webui.keyword.internal.WebUIKeywordMain$runKeyword.call(Unknown Source)
	at com.kms.katalon.core.webui.keyword.builtin.VerifyElementNotPresentKeyword.verifyElementNotPresent(VerifyElementNotPresentKeyword.groovy:117)
	at com.kms.katalon.core.webui.keyword.builtin.VerifyElementNotPresentKeyword.execute(VerifyElementNotPresentKeyword.groovy:68)
	at com.kms.katalon.core.keyword.internal.KeywordExecutor.executeKeywordForPlatform(KeywordExecutor.groovy:74)
	at com.kms.katalon.core.webui.keyword.WebUiBuiltInKeywords.verifyElementNotPresent(WebUiBuiltInKeywords.groovy:1481)
	at com.kms.katalon.core.webui.keyword.WebUiBuiltInKeywords$verifyElementNotPresent$8.call(Unknown Source)
	at GetBrokSumPriceDaily.run(GetBrokSumPriceDaily:258)
	at com.kms.katalon.core.main.ScriptEngine.run(ScriptEngine.java:194)
	at com.kms.katalon.core.main.ScriptEngine.runScriptAsRawText(ScriptEngine.java:119)
	at com.kms.katalon.core.main.TestCaseExecutor.runScript(TestCaseExecutor.java:445)
	at com.kms.katalon.core.main.TestCaseExecutor.doExecute(TestCaseExecutor.java:436)
	at com.kms.katalon.core.main.TestCaseExecutor.processExecutionPhase(TestCaseExecutor.java:415)
	at com.kms.katalon.core.main.TestCaseExecutor.accessMainPhase(TestCaseExecutor.java:407)
	at com.kms.katalon.core.main.TestCaseExecutor.execute(TestCaseExecutor.java:284)
	at com.kms.katalon.core.common.CommonExecutor.accessTestCaseMainPhase(CommonExecutor.java:65)
	at com.kms.katalon.core.main.TestSuiteExecutor.accessTestSuiteMainPhase(TestSuiteExecutor.java:144)
	at com.kms.katalon.core.main.TestSuiteExecutor.execute(TestSuiteExecutor.java:106)
	at com.kms.katalon.core.main.TestCaseMain.startTestSuite(TestCaseMain.java:185)
	at com.kms.katalon.core.main.TestCaseMain$startTestSuite$0.call(Unknown Source)
	at TempTestSuite1705922193915.run(TempTestSuite1705922193915.groovy:36)
)
[[ATTACHMENT|C:\\Users\\Fadli\\git\\KatalonDailyGetData2\\Reports\\20240122_174123\\TS1\\20240122_181633\\1705922648508.png]]

2024-01-22 18:24:08 - [TEST_STEP][PASSED] - else: null

2024-01-22 18:24:08 - [TEST_STEP][PASSED] - strBuyer2 = getText(findTestObject("Stockbit/Bandarmology_Buyer2")): Text of object 'Object Repository/Stockbit/Bandarmology_Buyer2' is: 'PD'

2024-01-22 18:24:08 - [MESSAGE][PASSED] - Text of object 'Object Repository/Stockbit/Bandarmology_Buyer2' is: 'PD'

2024-01-22 18:24:08 - [TEST_STEP][PASSED] - strBuyerVol2 = getText(findTestObject("Stockbit/Bandarmology_BuyerVol2")): Text of object 'Object Repository/Stockbit/Bandarmology_BuyerVol2' is: '24.5 K'

2024-01-22 18:24:09 - [MESSAGE][PASSED] - Text of object 'Object Repository/Stockbit/Bandarmology_BuyerVol2' is: '24.5 K'

2024-01-22 18:24:09 - [TEST_STEP][PASSED] - strBuyerAvg2 = getText(findTestObject("Stockbit/Bandarmology_BuyerAvg2")): Text of object 'Object Repository/Stockbit/Bandarmology_BuyerAvg2' is: '390'

2024-01-22 18:24:09 - [MESSAGE][PASSED] - Text of object 'Object Repository/Stockbit/Bandarmology_BuyerAvg2' is: '390'

2024-01-22 18:24:09 - [TEST_STEP][PASSED] - if (strBuyer2 != ""): null

2024-01-22 18:24:09 - [TEST_STEP][PASSED] - if (strBuyerAvg2.contains(",")): null

2024-01-22 18:24:09 - [TEST_STEP][PASSED] - if (strBuyerVol2.contains(" B")): null

2024-01-22 18:24:09 - [TEST_STEP][PASSED] - else if (strBuyerVol2.contains(" M")): null

2024-01-22 18:24:09 - [TEST_STEP][PASSED] - else if (strBuyerVol2.contains(" K")): null

2024-01-22 18:24:09 - [TEST_STEP][PASSED] - strBuyerVol2 = strBuyerVol2.replace(" K", ""): null

2024-01-22 18:24:09 - [TEST_STEP][PASSED] - strBuyerVol2 = strBuyerVol2.toDouble() * 1000: null

2024-01-22 18:24:09 - [TEST_STEP][PASSED] - if (strBuyerVol2.contains(".")): null

2024-01-22 18:24:09 - [TEST_STEP][PASSED] - strBuyerVal2 = strBuyerVol2.replace(".", ""): null

2024-01-22 18:24:09 - [TEST_STEP][PASSED] - if (verifyElementNotPresent(findTestObject("Stockbit/Bandarmology_Seller2"), 1, OPTIONAL)): Web element with id: 'Object Repository/Stockbit/Bandarmology_Seller2' located by 'By.xpath: //*[contains(@id, 'rc-tabs-')]/div[2]/div/div/div/div/div/div[2]/table/tbody/tr[3]/td[5]/p' is present after '1' second(s) (Root cause: com.kms.katalon.core.exception.StepFailedException: Web element with id: 'Object Repository/Stockbit/Bandarmology_Seller2' located by 'By.xpath: //*[contains(@id, 'rc-tabs-')]/div[2]/div/div/div/div/div/div[2]/table/tbody/tr[3]/td[5]/p' is present after '1' second(s)
	at com.kms.katalon.core.webui.keyword.internal.WebUIKeywordMain.stepFailed(WebUIKeywordMain.groovy:64)
	at com.kms.katalon.core.webui.keyword.internal.WebUIKeywordMain$stepFailed$0.call(Unknown Source)
	at com.kms.katalon.core.webui.keyword.builtin.VerifyElementNotPresentKeyword$_verifyElementNotPresent_closure1.doCall(VerifyElementNotPresentKeyword.groovy:106)
	at com.kms.katalon.core.webui.keyword.builtin.VerifyElementNotPresentKeyword$_verifyElementNotPresent_closure1.doCall(VerifyElementNotPresentKeyword.groovy)
	at com.kms.katalon.core.webui.keyword.internal.WebUIKeywordMain.runKeyword(WebUIKeywordMain.groovy:20)
	at com.kms.katalon.core.webui.keyword.internal.WebUIKeywordMain$runKeyword.call(Unknown Source)
	at com.kms.katalon.core.webui.keyword.builtin.VerifyElementNotPresentKeyword.verifyElementNotPresent(VerifyElementNotPresentKeyword.groovy:117)
	at com.kms.katalon.core.webui.keyword.builtin.VerifyElementNotPresentKeyword.execute(VerifyElementNotPresentKeyword.groovy:68)
	at com.kms.katalon.core.keyword.internal.KeywordExecutor.executeKeywordForPlatform(KeywordExecutor.groovy:74)
	at com.kms.katalon.core.webui.keyword.WebUiBuiltInKeywords.verifyElementNotPresent(WebUiBuiltInKeywords.groovy:1481)
	at com.kms.katalon.core.webui.keyword.WebUiBuiltInKeywords$verifyElementNotPresent$8.call(Unknown Source)
	at GetBrokSumPriceDaily.run(GetBrokSumPriceDaily:309)
	at com.kms.katalon.core.main.ScriptEngine.run(ScriptEngine.java:194)
	at com.kms.katalon.core.main.ScriptEngine.runScriptAsRawText(ScriptEngine.java:119)
	at com.kms.katalon.core.main.TestCaseExecutor.runScript(TestCaseExecutor.java:445)
	at com.kms.katalon.core.main.TestCaseExecutor.doExecute(TestCaseExecutor.java:436)
	at com.kms.katalon.core.main.TestCaseExecutor.processExecutionPhase(TestCaseExecutor.java:415)
	at com.kms.katalon.core.main.TestCaseExecutor.accessMainPhase(TestCaseExecutor.java:407)
	at com.kms.katalon.core.main.TestCaseExecutor.execute(TestCaseExecutor.java:284)
	at com.kms.katalon.core.common.CommonExecutor.accessTestCaseMainPhase(CommonExecutor.java:65)
	at com.kms.katalon.core.main.TestSuiteExecutor.accessTestSuiteMainPhase(TestSuiteExecutor.java:144)
	at com.kms.katalon.core.main.TestSuiteExecutor.execute(TestSuiteExecutor.java:106)
	at com.kms.katalon.core.main.TestCaseMain.startTestSuite(TestCaseMain.java:185)
	at com.kms.katalon.core.main.TestCaseMain$startTestSuite$0.call(Unknown Source)
	at TempTestSuite1705922193915.run(TempTestSuite1705922193915.groovy:36)
)

2024-01-22 18:24:10 - [MESSAGE][WARNING] - Web element with id: 'Object Repository/Stockbit/Bandarmology_Seller2' located by 'By.xpath: //*[contains(@id, 'rc-tabs-')]/div[2]/div/div/div/div/div/div[2]/table/tbody/tr[3]/td[5]/p' is present after '1' second(s) (Root cause: com.kms.katalon.core.exception.StepFailedException: Web element with id: 'Object Repository/Stockbit/Bandarmology_Seller2' located by 'By.xpath: //*[contains(@id, 'rc-tabs-')]/div[2]/div/div/div/div/div/div[2]/table/tbody/tr[3]/td[5]/p' is present after '1' second(s)
	at com.kms.katalon.core.webui.keyword.internal.WebUIKeywordMain.stepFailed(WebUIKeywordMain.groovy:64)
	at com.kms.katalon.core.webui.keyword.internal.WebUIKeywordMain$stepFailed$0.call(Unknown Source)
	at com.kms.katalon.core.webui.keyword.builtin.VerifyElementNotPresentKeyword$_verifyElementNotPresent_closure1.doCall(VerifyElementNotPresentKeyword.groovy:106)
	at com.kms.katalon.core.webui.keyword.builtin.VerifyElementNotPresentKeyword$_verifyElementNotPresent_closure1.doCall(VerifyElementNotPresentKeyword.groovy)
	at com.kms.katalon.core.webui.keyword.internal.WebUIKeywordMain.runKeyword(WebUIKeywordMain.groovy:20)
	at com.kms.katalon.core.webui.keyword.internal.WebUIKeywordMain$runKeyword.call(Unknown Source)
	at com.kms.katalon.core.webui.keyword.builtin.VerifyElementNotPresentKeyword.verifyElementNotPresent(VerifyElementNotPresentKeyword.groovy:117)
	at com.kms.katalon.core.webui.keyword.builtin.VerifyElementNotPresentKeyword.execute(VerifyElementNotPresentKeyword.groovy:68)
	at com.kms.katalon.core.keyword.internal.KeywordExecutor.executeKeywordForPlatform(KeywordExecutor.groovy:74)
	at com.kms.katalon.core.webui.keyword.WebUiBuiltInKeywords.verifyElementNotPresent(WebUiBuiltInKeywords.groovy:1481)
	at com.kms.katalon.core.webui.keyword.WebUiBuiltInKeywords$verifyElementNotPresent$8.call(Unknown Source)
	at GetBrokSumPriceDaily.run(GetBrokSumPriceDaily:309)
	at com.kms.katalon.core.main.ScriptEngine.run(ScriptEngine.java:194)
	at com.kms.katalon.core.main.ScriptEngine.runScriptAsRawText(ScriptEngine.java:119)
	at com.kms.katalon.core.main.TestCaseExecutor.runScript(TestCaseExecutor.java:445)
	at com.kms.katalon.core.main.TestCaseExecutor.doExecute(TestCaseExecutor.java:436)
	at com.kms.katalon.core.main.TestCaseExecutor.processExecutionPhase(TestCaseExecutor.java:415)
	at com.kms.katalon.core.main.TestCaseExecutor.accessMainPhase(TestCaseExecutor.java:407)
	at com.kms.katalon.core.main.TestCaseExecutor.execute(TestCaseExecutor.java:284)
	at com.kms.katalon.core.common.CommonExecutor.accessTestCaseMainPhase(CommonExecutor.java:65)
	at com.kms.katalon.core.main.TestSuiteExecutor.accessTestSuiteMainPhase(TestSuiteExecutor.java:144)
	at com.kms.katalon.core.main.TestSuiteExecutor.execute(TestSuiteExecutor.java:106)
	at com.kms.katalon.core.main.TestCaseMain.startTestSuite(TestCaseMain.java:185)
	at com.kms.katalon.core.main.TestCaseMain$startTestSuite$0.call(Unknown Source)
	at TempTestSuite1705922193915.run(TempTestSuite1705922193915.groovy:36)
)
[[ATTACHMENT|C:\\Users\\Fadli\\git\\KatalonDailyGetData2\\Reports\\20240122_174123\\TS1\\20240122_181633\\1705922650466.png]]

2024-01-22 18:24:10 - [TEST_STEP][PASSED] - else: null

2024-01-22 18:24:10 - [TEST_STEP][PASSED] - strSeller2 = getText(findTestObject("Stockbit/Bandarmology_Seller2")): Text of object 'Object Repository/Stockbit/Bandarmology_Seller2' is: 'EP'

2024-01-22 18:24:10 - [MESSAGE][PASSED] - Text of object 'Object Repository/Stockbit/Bandarmology_Seller2' is: 'EP'

2024-01-22 18:24:10 - [TEST_STEP][PASSED] - strSellerVol2 = getText(findTestObject("Stockbit/Bandarmology_SellerVol2")): Text of object 'Object Repository/Stockbit/Bandarmology_SellerVol2' is: '36.4 K'

2024-01-22 18:24:10 - [MESSAGE][PASSED] - Text of object 'Object Repository/Stockbit/Bandarmology_SellerVol2' is: '36.4 K'

2024-01-22 18:24:10 - [TEST_STEP][PASSED] - strSellerAvg2 = getText(findTestObject("Stockbit/Bandarmology_SellerAvg2")): Text of object 'Object Repository/Stockbit/Bandarmology_SellerAvg2' is: '389'

2024-01-22 18:24:11 - [MESSAGE][PASSED] - Text of object 'Object Repository/Stockbit/Bandarmology_SellerAvg2' is: '389'

2024-01-22 18:24:11 - [TEST_STEP][PASSED] - if (strSeller2 != ""): null

2024-01-22 18:24:11 - [TEST_STEP][PASSED] - if (strSellerAvg2.contains(",")): null

2024-01-22 18:24:11 - [TEST_STEP][PASSED] - if (strSellerVol2.contains(" B")): null

2024-01-22 18:24:11 - [TEST_STEP][PASSED] - else if (strSellerVol2.contains(" M")): null

2024-01-22 18:24:11 - [TEST_STEP][PASSED] - else if (strSellerVol2.contains(" K")): null

2024-01-22 18:24:11 - [TEST_STEP][PASSED] - strSellerVol2 = strSellerVol2.replace(" K", ""): null

2024-01-22 18:24:11 - [TEST_STEP][PASSED] - strSellerVol2 = strSellerVol2.toDouble() * 1000: null

2024-01-22 18:24:11 - [TEST_STEP][PASSED] - if (verifyElementNotPresent(findTestObject("Stockbit/Bandarmology_Buyer3"), 1, OPTIONAL)): Web element with id: 'Object Repository/Stockbit/Bandarmology_Buyer3' located by 'By.xpath: //*[contains(@id, 'rc-tabs-')]/div[2]/div/div/div/div/div/div[2]/table/tbody/tr[4]/td[1]/p' is present after '1' second(s) (Root cause: com.kms.katalon.core.exception.StepFailedException: Web element with id: 'Object Repository/Stockbit/Bandarmology_Buyer3' located by 'By.xpath: //*[contains(@id, 'rc-tabs-')]/div[2]/div/div/div/div/div/div[2]/table/tbody/tr[4]/td[1]/p' is present after '1' second(s)
	at com.kms.katalon.core.webui.keyword.internal.WebUIKeywordMain.stepFailed(WebUIKeywordMain.groovy:64)
	at com.kms.katalon.core.webui.keyword.internal.WebUIKeywordMain$stepFailed$0.call(Unknown Source)
	at com.kms.katalon.core.webui.keyword.builtin.VerifyElementNotPresentKeyword$_verifyElementNotPresent_closure1.doCall(VerifyElementNotPresentKeyword.groovy:106)
	at com.kms.katalon.core.webui.keyword.builtin.VerifyElementNotPresentKeyword$_verifyElementNotPresent_closure1.doCall(VerifyElementNotPresentKeyword.groovy)
	at com.kms.katalon.core.webui.keyword.internal.WebUIKeywordMain.runKeyword(WebUIKeywordMain.groovy:20)
	at com.kms.katalon.core.webui.keyword.internal.WebUIKeywordMain$runKeyword.call(Unknown Source)
	at com.kms.katalon.core.webui.keyword.builtin.VerifyElementNotPresentKeyword.verifyElementNotPresent(VerifyElementNotPresentKeyword.groovy:117)
	at com.kms.katalon.core.webui.keyword.builtin.VerifyElementNotPresentKeyword.execute(VerifyElementNotPresentKeyword.groovy:68)
	at com.kms.katalon.core.keyword.internal.KeywordExecutor.executeKeywordForPlatform(KeywordExecutor.groovy:74)
	at com.kms.katalon.core.webui.keyword.WebUiBuiltInKeywords.verifyElementNotPresent(WebUiBuiltInKeywords.groovy:1481)
	at com.kms.katalon.core.webui.keyword.WebUiBuiltInKeywords$verifyElementNotPresent$8.call(Unknown Source)
	at GetBrokSumPriceDaily.run(GetBrokSumPriceDaily:361)
	at com.kms.katalon.core.main.ScriptEngine.run(ScriptEngine.java:194)
	at com.kms.katalon.core.main.ScriptEngine.runScriptAsRawText(ScriptEngine.java:119)
	at com.kms.katalon.core.main.TestCaseExecutor.runScript(TestCaseExecutor.java:445)
	at com.kms.katalon.core.main.TestCaseExecutor.doExecute(TestCaseExecutor.java:436)
	at com.kms.katalon.core.main.TestCaseExecutor.processExecutionPhase(TestCaseExecutor.java:415)
	at com.kms.katalon.core.main.TestCaseExecutor.accessMainPhase(TestCaseExecutor.java:407)
	at com.kms.katalon.core.main.TestCaseExecutor.execute(TestCaseExecutor.java:284)
	at com.kms.katalon.core.common.CommonExecutor.accessTestCaseMainPhase(CommonExecutor.java:65)
	at com.kms.katalon.core.main.TestSuiteExecutor.accessTestSuiteMainPhase(TestSuiteExecutor.java:144)
	at com.kms.katalon.core.main.TestSuiteExecutor.execute(TestSuiteExecutor.java:106)
	at com.kms.katalon.core.main.TestCaseMain.startTestSuite(TestCaseMain.java:185)
	at com.kms.katalon.core.main.TestCaseMain$startTestSuite$0.call(Unknown Source)
	at TempTestSuite1705922193915.run(TempTestSuite1705922193915.groovy:36)
)

2024-01-22 18:24:12 - [MESSAGE][WARNING] - Web element with id: 'Object Repository/Stockbit/Bandarmology_Buyer3' located by 'By.xpath: //*[contains(@id, 'rc-tabs-')]/div[2]/div/div/div/div/div/div[2]/table/tbody/tr[4]/td[1]/p' is present after '1' second(s) (Root cause: com.kms.katalon.core.exception.StepFailedException: Web element with id: 'Object Repository/Stockbit/Bandarmology_Buyer3' located by 'By.xpath: //*[contains(@id, 'rc-tabs-')]/div[2]/div/div/div/div/div/div[2]/table/tbody/tr[4]/td[1]/p' is present after '1' second(s)
	at com.kms.katalon.core.webui.keyword.internal.WebUIKeywordMain.stepFailed(WebUIKeywordMain.groovy:64)
	at com.kms.katalon.core.webui.keyword.internal.WebUIKeywordMain$stepFailed$0.call(Unknown Source)
	at com.kms.katalon.core.webui.keyword.builtin.VerifyElementNotPresentKeyword$_verifyElementNotPresent_closure1.doCall(VerifyElementNotPresentKeyword.groovy:106)
	at com.kms.katalon.core.webui.keyword.builtin.VerifyElementNotPresentKeyword$_verifyElementNotPresent_closure1.doCall(VerifyElementNotPresentKeyword.groovy)
	at com.kms.katalon.core.webui.keyword.internal.WebUIKeywordMain.runKeyword(WebUIKeywordMain.groovy:20)
	at com.kms.katalon.core.webui.keyword.internal.WebUIKeywordMain$runKeyword.call(Unknown Source)
	at com.kms.katalon.core.webui.keyword.builtin.VerifyElementNotPresentKeyword.verifyElementNotPresent(VerifyElementNotPresentKeyword.groovy:117)
	at com.kms.katalon.core.webui.keyword.builtin.VerifyElementNotPresentKeyword.execute(VerifyElementNotPresentKeyword.groovy:68)
	at com.kms.katalon.core.keyword.internal.KeywordExecutor.executeKeywordForPlatform(KeywordExecutor.groovy:74)
	at com.kms.katalon.core.webui.keyword.WebUiBuiltInKeywords.verifyElementNotPresent(WebUiBuiltInKeywords.groovy:1481)
	at com.kms.katalon.core.webui.keyword.WebUiBuiltInKeywords$verifyElementNotPresent$8.call(Unknown Source)
	at GetBrokSumPriceDaily.run(GetBrokSumPriceDaily:361)
	at com.kms.katalon.core.main.ScriptEngine.run(ScriptEngine.java:194)
	at com.kms.katalon.core.main.ScriptEngine.runScriptAsRawText(ScriptEngine.java:119)
	at com.kms.katalon.core.main.TestCaseExecutor.runScript(TestCaseExecutor.java:445)
	at com.kms.katalon.core.main.TestCaseExecutor.doExecute(TestCaseExecutor.java:436)
	at com.kms.katalon.core.main.TestCaseExecutor.processExecutionPhase(TestCaseExecutor.java:415)
	at com.kms.katalon.core.main.TestCaseExecutor.accessMainPhase(TestCaseExecutor.java:407)
	at com.kms.katalon.core.main.TestCaseExecutor.execute(TestCaseExecutor.java:284)
	at com.kms.katalon.core.common.CommonExecutor.accessTestCaseMainPhase(CommonExecutor.java:65)
	at com.kms.katalon.core.main.TestSuiteExecutor.accessTestSuiteMainPhase(TestSuiteExecutor.java:144)
	at com.kms.katalon.core.main.TestSuiteExecutor.execute(TestSuiteExecutor.java:106)
	at com.kms.katalon.core.main.TestCaseMain.startTestSuite(TestCaseMain.java:185)
	at com.kms.katalon.core.main.TestCaseMain$startTestSuite$0.call(Unknown Source)
	at TempTestSuite1705922193915.run(TempTestSuite1705922193915.groovy:36)
)
[[ATTACHMENT|C:\\Users\\Fadli\\git\\KatalonDailyGetData2\\Reports\\20240122_174123\\TS1\\20240122_181633\\1705922652399.png]]

2024-01-22 18:24:12 - [TEST_STEP][PASSED] - else: null

2024-01-22 18:24:12 - [TEST_STEP][PASSED] - strBuyer3 = getText(findTestObject("Stockbit/Bandarmology_Buyer3")): Text of object 'Object Repository/Stockbit/Bandarmology_Buyer3' is: 'CC'

2024-01-22 18:24:12 - [MESSAGE][PASSED] - Text of object 'Object Repository/Stockbit/Bandarmology_Buyer3' is: 'CC'

2024-01-22 18:24:12 - [TEST_STEP][PASSED] - strBuyerVol3 = getText(findTestObject("Stockbit/Bandarmology_BuyerVol3")): Text of object 'Object Repository/Stockbit/Bandarmology_BuyerVol3' is: '15.7 K'

2024-01-22 18:24:12 - [MESSAGE][PASSED] - Text of object 'Object Repository/Stockbit/Bandarmology_BuyerVol3' is: '15.7 K'

2024-01-22 18:24:12 - [TEST_STEP][PASSED] - strBuyerAvg3 = getText(findTestObject("Stockbit/Bandarmology_BuyerAvg3")): Text of object 'Object Repository/Stockbit/Bandarmology_BuyerAvg3' is: '391'

2024-01-22 18:24:13 - [MESSAGE][PASSED] - Text of object 'Object Repository/Stockbit/Bandarmology_BuyerAvg3' is: '391'

2024-01-22 18:24:13 - [TEST_STEP][PASSED] - if (strBuyer3 != ""): null

2024-01-22 18:24:13 - [TEST_STEP][PASSED] - if (strBuyerAvg3.contains(",")): null

2024-01-22 18:24:13 - [TEST_STEP][PASSED] - if (strBuyerVol3.contains(" B")): null

2024-01-22 18:24:13 - [TEST_STEP][PASSED] - else if (strBuyerVol3.contains(" M")): null

2024-01-22 18:24:13 - [TEST_STEP][PASSED] - else if (strBuyerVol3.contains(" K")): null

2024-01-22 18:24:13 - [TEST_STEP][PASSED] - strBuyerVol3 = strBuyerVol3.replace(" K", ""): null

2024-01-22 18:24:13 - [TEST_STEP][PASSED] - strBuyerVol3 = strBuyerVol3.toDouble() * 1000: null

2024-01-22 18:24:13 - [TEST_STEP][PASSED] - if (verifyElementNotPresent(findTestObject("Stockbit/Bandarmology_Seller3"), 1, OPTIONAL)): Web element with id: 'Object Repository/Stockbit/Bandarmology_Seller3' located by 'By.xpath: //*[contains(@id, 'rc-tabs-')]/div[2]/div/div/div/div/div/div[2]/table/tbody/tr[4]/td[5]/p' is present after '1' second(s) (Root cause: com.kms.katalon.core.exception.StepFailedException: Web element with id: 'Object Repository/Stockbit/Bandarmology_Seller3' located by 'By.xpath: //*[contains(@id, 'rc-tabs-')]/div[2]/div/div/div/div/div/div[2]/table/tbody/tr[4]/td[5]/p' is present after '1' second(s)
	at com.kms.katalon.core.webui.keyword.internal.WebUIKeywordMain.stepFailed(WebUIKeywordMain.groovy:64)
	at com.kms.katalon.core.webui.keyword.internal.WebUIKeywordMain$stepFailed$0.call(Unknown Source)
	at com.kms.katalon.core.webui.keyword.builtin.VerifyElementNotPresentKeyword$_verifyElementNotPresent_closure1.doCall(VerifyElementNotPresentKeyword.groovy:106)
	at com.kms.katalon.core.webui.keyword.builtin.VerifyElementNotPresentKeyword$_verifyElementNotPresent_closure1.doCall(VerifyElementNotPresentKeyword.groovy)
	at com.kms.katalon.core.webui.keyword.internal.WebUIKeywordMain.runKeyword(WebUIKeywordMain.groovy:20)
	at com.kms.katalon.core.webui.keyword.internal.WebUIKeywordMain$runKeyword.call(Unknown Source)
	at com.kms.katalon.core.webui.keyword.builtin.VerifyElementNotPresentKeyword.verifyElementNotPresent(VerifyElementNotPresentKeyword.groovy:117)
	at com.kms.katalon.core.webui.keyword.builtin.VerifyElementNotPresentKeyword.execute(VerifyElementNotPresentKeyword.groovy:68)
	at com.kms.katalon.core.keyword.internal.KeywordExecutor.executeKeywordForPlatform(KeywordExecutor.groovy:74)
	at com.kms.katalon.core.webui.keyword.WebUiBuiltInKeywords.verifyElementNotPresent(WebUiBuiltInKeywords.groovy:1481)
	at com.kms.katalon.core.webui.keyword.WebUiBuiltInKeywords$verifyElementNotPresent$8.call(Unknown Source)
	at GetBrokSumPriceDaily.run(GetBrokSumPriceDaily:414)
	at com.kms.katalon.core.main.ScriptEngine.run(ScriptEngine.java:194)
	at com.kms.katalon.core.main.ScriptEngine.runScriptAsRawText(ScriptEngine.java:119)
	at com.kms.katalon.core.main.TestCaseExecutor.runScript(TestCaseExecutor.java:445)
	at com.kms.katalon.core.main.TestCaseExecutor.doExecute(TestCaseExecutor.java:436)
	at com.kms.katalon.core.main.TestCaseExecutor.processExecutionPhase(TestCaseExecutor.java:415)
	at com.kms.katalon.core.main.TestCaseExecutor.accessMainPhase(TestCaseExecutor.java:407)
	at com.kms.katalon.core.main.TestCaseExecutor.execute(TestCaseExecutor.java:284)
	at com.kms.katalon.core.common.CommonExecutor.accessTestCaseMainPhase(CommonExecutor.java:65)
	at com.kms.katalon.core.main.TestSuiteExecutor.accessTestSuiteMainPhase(TestSuiteExecutor.java:144)
	at com.kms.katalon.core.main.TestSuiteExecutor.execute(TestSuiteExecutor.java:106)
	at com.kms.katalon.core.main.TestCaseMain.startTestSuite(TestCaseMain.java:185)
	at com.kms.katalon.core.main.TestCaseMain$startTestSuite$0.call(Unknown Source)
	at TempTestSuite1705922193915.run(TempTestSuite1705922193915.groovy:36)
)

2024-01-22 18:24:14 - [MESSAGE][WARNING] - Web element with id: 'Object Repository/Stockbit/Bandarmology_Seller3' located by 'By.xpath: //*[contains(@id, 'rc-tabs-')]/div[2]/div/div/div/div/div/div[2]/table/tbody/tr[4]/td[5]/p' is present after '1' second(s) (Root cause: com.kms.katalon.core.exception.StepFailedException: Web element with id: 'Object Repository/Stockbit/Bandarmology_Seller3' located by 'By.xpath: //*[contains(@id, 'rc-tabs-')]/div[2]/div/div/div/div/div/div[2]/table/tbody/tr[4]/td[5]/p' is present after '1' second(s)
	at com.kms.katalon.core.webui.keyword.internal.WebUIKeywordMain.stepFailed(WebUIKeywordMain.groovy:64)
	at com.kms.katalon.core.webui.keyword.internal.WebUIKeywordMain$stepFailed$0.call(Unknown Source)
	at com.kms.katalon.core.webui.keyword.builtin.VerifyElementNotPresentKeyword$_verifyElementNotPresent_closure1.doCall(VerifyElementNotPresentKeyword.groovy:106)
	at com.kms.katalon.core.webui.keyword.builtin.VerifyElementNotPresentKeyword$_verifyElementNotPresent_closure1.doCall(VerifyElementNotPresentKeyword.groovy)
	at com.kms.katalon.core.webui.keyword.internal.WebUIKeywordMain.runKeyword(WebUIKeywordMain.groovy:20)
	at com.kms.katalon.core.webui.keyword.internal.WebUIKeywordMain$runKeyword.call(Unknown Source)
	at com.kms.katalon.core.webui.keyword.builtin.VerifyElementNotPresentKeyword.verifyElementNotPresent(VerifyElementNotPresentKeyword.groovy:117)
	at com.kms.katalon.core.webui.keyword.builtin.VerifyElementNotPresentKeyword.execute(VerifyElementNotPresentKeyword.groovy:68)
	at com.kms.katalon.core.keyword.internal.KeywordExecutor.executeKeywordForPlatform(KeywordExecutor.groovy:74)
	at com.kms.katalon.core.webui.keyword.WebUiBuiltInKeywords.verifyElementNotPresent(WebUiBuiltInKeywords.groovy:1481)
	at com.kms.katalon.core.webui.keyword.WebUiBuiltInKeywords$verifyElementNotPresent$8.call(Unknown Source)
	at GetBrokSumPriceDaily.run(GetBrokSumPriceDaily:414)
	at com.kms.katalon.core.main.ScriptEngine.run(ScriptEngine.java:194)
	at com.kms.katalon.core.main.ScriptEngine.runScriptAsRawText(ScriptEngine.java:119)
	at com.kms.katalon.core.main.TestCaseExecutor.runScript(TestCaseExecutor.java:445)
	at com.kms.katalon.core.main.TestCaseExecutor.doExecute(TestCaseExecutor.java:436)
	at com.kms.katalon.core.main.TestCaseExecutor.processExecutionPhase(TestCaseExecutor.java:415)
	at com.kms.katalon.core.main.TestCaseExecutor.accessMainPhase(TestCaseExecutor.java:407)
	at com.kms.katalon.core.main.TestCaseExecutor.execute(TestCaseExecutor.java:284)
	at com.kms.katalon.core.common.CommonExecutor.accessTestCaseMainPhase(CommonExecutor.java:65)
	at com.kms.katalon.core.main.TestSuiteExecutor.accessTestSuiteMainPhase(TestSuiteExecutor.java:144)
	at com.kms.katalon.core.main.TestSuiteExecutor.execute(TestSuiteExecutor.java:106)
	at com.kms.katalon.core.main.TestCaseMain.startTestSuite(TestCaseMain.java:185)
	at com.kms.katalon.core.main.TestCaseMain$startTestSuite$0.call(Unknown Source)
	at TempTestSuite1705922193915.run(TempTestSuite1705922193915.groovy:36)
)
[[ATTACHMENT|C:\\Users\\Fadli\\git\\KatalonDailyGetData2\\Reports\\20240122_174123\\TS1\\20240122_181633\\1705922654412.png]]

2024-01-22 18:24:14 - [TEST_STEP][PASSED] - else: null

2024-01-22 18:24:14 - [TEST_STEP][PASSED] - strSeller3 = getText(findTestObject("Stockbit/Bandarmology_Seller3")): Text of object 'Object Repository/Stockbit/Bandarmology_Seller3' is: 'BK'

2024-01-22 18:24:14 - [MESSAGE][PASSED] - Text of object 'Object Repository/Stockbit/Bandarmology_Seller3' is: 'BK'

2024-01-22 18:24:14 - [TEST_STEP][PASSED] - strSellerVol3 = getText(findTestObject("Stockbit/Bandarmology_SellerVol3")): Text of object 'Object Repository/Stockbit/Bandarmology_SellerVol3' is: '21.9 K'

2024-01-22 18:24:14 - [MESSAGE][PASSED] - Text of object 'Object Repository/Stockbit/Bandarmology_SellerVol3' is: '21.9 K'

2024-01-22 18:24:14 - [TEST_STEP][PASSED] - strSellerAvg3 = getText(findTestObject("Stockbit/Bandarmology_SellerAvg3")): Text of object 'Object Repository/Stockbit/Bandarmology_SellerAvg3' is: '388'

2024-01-22 18:24:15 - [MESSAGE][PASSED] - Text of object 'Object Repository/Stockbit/Bandarmology_SellerAvg3' is: '388'

2024-01-22 18:24:15 - [TEST_STEP][PASSED] - if (strSeller3 != ""): null

2024-01-22 18:24:15 - [TEST_STEP][PASSED] - if (strSellerAvg3.contains(",")): null

2024-01-22 18:24:15 - [TEST_STEP][PASSED] - if (strSellerVol3.contains(" B")): null

2024-01-22 18:24:15 - [TEST_STEP][PASSED] - else if (strSellerVol3.contains(" M")): null

2024-01-22 18:24:15 - [TEST_STEP][PASSED] - else if (strSellerVol3.contains(" K")): null

2024-01-22 18:24:15 - [TEST_STEP][PASSED] - strSellerVol3 = strSellerVol3.replace(" K", ""): null

2024-01-22 18:24:15 - [TEST_STEP][PASSED] - strSellerVol3 = strSellerVol3.toDouble() * 1000: null

2024-01-22 18:24:15 - [TEST_STEP][PASSED] - strAccDist = getText(findTestObject("Stockbit/Bandarmology_AccDist")): Text of object 'Object Repository/Stockbit/Bandarmology_AccDist' is: 'Acc'

2024-01-22 18:24:15 - [MESSAGE][PASSED] - Text of object 'Object Repository/Stockbit/Bandarmology_AccDist' is: 'Acc'

2024-01-22 18:24:15 - [TEST_STEP][PASSED] - strNetVol = getText(findTestObject("Stockbit/Bandarmology_NetVol")): Text of object 'Object Repository/Stockbit/Bandarmology_NetVol' is: '205,179'

2024-01-22 18:24:15 - [MESSAGE][PASSED] - Text of object 'Object Repository/Stockbit/Bandarmology_NetVol' is: '205,179'

2024-01-22 18:24:15 - [TEST_STEP][PASSED] - strNetVol = strNetVol.replace(",", ""): null

2024-01-22 18:24:15 - [TEST_STEP][PASSED] - strNetVal = getText(findTestObject("Stockbit/Bandarmology_NetVal")): Text of object 'Object Repository/Stockbit/Bandarmology_NetVal' is: '8 B'

2024-01-22 18:24:15 - [MESSAGE][PASSED] - Text of object 'Object Repository/Stockbit/Bandarmology_NetVal' is: '8 B'

2024-01-22 18:24:15 - [TEST_STEP][PASSED] - delay(3): Delayed 3 second(s)

2024-01-22 18:24:18 - [MESSAGE][PASSED] - Delayed 3 second(s)

2024-01-22 18:24:18 - [TEST_STEP][PASSED] - strOpenPrice = getText(findTestObject("Stockbit/Home_OpenPrice")): Text of object 'Object Repository/Stockbit/Home_OpenPrice' is: '378'

2024-01-22 18:24:18 - [MESSAGE][PASSED] - Text of object 'Object Repository/Stockbit/Home_OpenPrice' is: '378'

2024-01-22 18:24:18 - [TEST_STEP][PASSED] - strOpenPrice = strOpenPrice.replace(",", ""): null

2024-01-22 18:24:18 - [TEST_STEP][PASSED] - strLowPrice = getText(findTestObject("Stockbit/Home_LowPrice")): Text of object 'Object Repository/Stockbit/Home_LowPrice' is: '370'

2024-01-22 18:24:19 - [MESSAGE][PASSED] - Text of object 'Object Repository/Stockbit/Home_LowPrice' is: '370'

2024-01-22 18:24:19 - [TEST_STEP][PASSED] - strLowPrice = strLowPrice.replace(",", ""): null

2024-01-22 18:24:19 - [TEST_STEP][PASSED] - strHighPrice = getText(findTestObject("Stockbit/Home_HighPrice")): Text of object 'Object Repository/Stockbit/Home_HighPrice' is: '402'

2024-01-22 18:24:19 - [MESSAGE][PASSED] - Text of object 'Object Repository/Stockbit/Home_HighPrice' is: '402'

2024-01-22 18:24:19 - [TEST_STEP][PASSED] - strHighPrice = strHighPrice.replace(",", ""): null

2024-01-22 18:24:19 - [TEST_STEP][PASSED] - strClosePrice = getText(findTestObject("Stockbit/Home_ClosePrice")): Text of object 'Object Repository/Stockbit/Home_ClosePrice' is: '388'

2024-01-22 18:24:19 - [MESSAGE][PASSED] - Text of object 'Object Repository/Stockbit/Home_ClosePrice' is: '388'

2024-01-22 18:24:19 - [TEST_STEP][PASSED] - strClosePrice = strClosePrice.replace(",", ""): null

2024-01-22 18:24:19 - [TEST_STEP][PASSED] - strVol = getText(findTestObject("Stockbit/Home_Volume")): Text of object 'Object Repository/Stockbit/Home_Volume' is: '519 K'

2024-01-22 18:24:19 - [MESSAGE][PASSED] - Text of object 'Object Repository/Stockbit/Home_Volume' is: '519 K'

2024-01-22 18:24:19 - [TEST_STEP][PASSED] - if (strVol.contains(" K")): null

2024-01-22 18:24:19 - [TEST_STEP][PASSED] - strVol = strVol.replace(" K", "000"): null

2024-01-22 18:24:19 - [TEST_STEP][PASSED] - if (strVol.contains(",")): null

2024-01-22 18:24:19 - [TEST_STEP][PASSED] - strChange = getText(findTestObject("Stockbit/Home_Change")): Text of object 'Object Repository/Stockbit/Home_Change' is: '4.86%'

2024-01-22 18:24:19 - [MESSAGE][PASSED] - Text of object 'Object Repository/Stockbit/Home_Change' is: '4.86%'

2024-01-22 18:24:19 - [TEST_STEP][PASSED] - strChange = strChange.replace("%", ""): null

2024-01-22 18:24:19 - [TEST_STEP][PASSED] - strFreq = getText(findTestObject("Stockbit/Home_Freq")): Text of object 'Object Repository/Stockbit/Home_Freq' is: '6,953'

2024-01-22 18:24:19 - [MESSAGE][PASSED] - Text of object 'Object Repository/Stockbit/Home_Freq' is: '6,953'

2024-01-22 18:24:19 - [TEST_STEP][PASSED] - if (strFreq.contains(",")): null

2024-01-22 18:24:19 - [TEST_STEP][PASSED] - strFreq = strFreq.replace(",", ""): null

2024-01-22 18:24:19 - [TEST_STEP][PASSED] - if (strFreq == "NA" || strFreq == ""): null

2024-01-22 18:24:19 - [TEST_STEP][PASSED] - else: null

2024-01-22 18:24:19 - [TEST_STEP][PASSED] - dblFreqAnal = strVol.toDouble() / strFreq.toDouble() * strFreq.toDouble() * strFreq.toDouble() * 100000000: null

2024-01-22 18:24:19 - [TEST_STEP][PASSED] - strFreqAnal = String.format("%.4f", dblFreqAnal): null

2024-01-22 18:24:19 - [TEST_STEP][PASSED] - out.println("Double strFreqAnal: " + strFreqAnal): null

2024-01-22 18:24:19 - [TEST_STEP][PASSED] - strTanggal = d.format(DateTimeFormatter.ofPattern("yyyy-MM-dd")): null

2024-01-22 18:24:19 - [TEST_STEP][PASSED] - strTanggal = "#" + strTanggal + "#": null

2024-01-22 18:24:19 - [TEST_STEP][PASSED] - strSQL = "select count(*) as JumBaris from TblBrokSum where Nama = '" + strNama + "' and Tanggal = " + strTanggal + "": null

2024-01-22 18:24:19 - [TEST_STEP][PASSED] - resultSet = statement.executeQuery(strSQL): null

2024-01-22 18:24:19 - [TEST_STEP][PASSED] - resultSet.next(): null

2024-01-22 18:24:19 - [TEST_STEP][PASSED] - intJumBaris = resultSet.getInt("JumBaris"): null

2024-01-22 18:24:19 - [TEST_STEP][PASSED] - if (intJumBaris > 0): null

2024-01-22 18:24:19 - [TEST_STEP][PASSED] - else: null

2024-01-22 18:24:19 - [TEST_STEP][PASSED] - try: null

2024-01-22 18:24:19 - [TEST_STEP][PASSED] - out.println("Insert data"): null

2024-01-22 18:24:19 - [TEST_STEP][PASSED] - strSQL = "insert into TblBrokSum (nama, tanggal, top1, top2, top3, AllBrokAvg, AccDist, AvgRP, " + "Buyer1, BuyerVal1, BuyerAvg1, Seller1, SellerVal1, SellerAvg1, Buyer2, BuyerVal2, BuyerAvg2, " + "Seller2, SellerVal2, SellerAvg2, Buyer3, BuyerVal3, BuyerAvg3, Seller3, SellerVal3, SellerAvg3, NetVol, NetVal, " + "OpenPrice, LowPrice, HighPrice, ClosePrice, Volume, Change, Frekuensi, FrekAnal) " + "values ('" + strNama + "', " + strTanggal + ", '" + strTop1 + "', '" + strTop3 + "', '" + strTop5 + "', " + "'" + strAllBrokAvg + "', '" + strAccDist + "', " + intAvgRP + ", '" + strBuyer1 + "', '" + strBuyerVol1 + "', " + strBuyerAvg1 + ", " + "'" + strSeller1 + "', '" + strSellerVol1 + "', " + strSellerAvg1 + ", '" + strBuyer2 + "', '" + strBuyerVol2 + "', " + strBuyerAvg2 + ", " + "'" + strSeller2 + "', '" + strSellerVol2 + "', " + strSellerAvg2 + ", '" + strBuyer3 + "', '" + strBuyerVol3 + "', " + strBuyerAvg3 + ", " + "'" + strSeller3 + "', '" + strSellerVol3 + "', " + strSellerAvg3 + ", " + strNetVol + ", '" + strNetVal + "', " + "" + strOpenPrice + ", " + strLowPrice + ", " + strHighPrice + ", " + strClosePrice + ", '" + strVol + "', " + strChange + ", " + strFreq + ", " + strFreqAnal + ");": null

2024-01-22 18:24:19 - [TEST_STEP][PASSED] - out.println("strSQL = " + strSQL): null

2024-01-22 18:24:19 - [TEST_STEP][PASSED] - statement.executeUpdate(strSQL): null

2024-01-22 18:24:19 - [TEST_STEP][PASSED] - setValueToCellByIndex(sheet01, rowIndex, 4, "DONE"): null

2024-01-22 18:24:19 - [TEST_STEP][PASSED] - saveWorkbook(excelFilePath, workbook01): null

2024-01-22 18:24:19 - [TEST_STEP][PASSED] - waitForElementClickable(findTestObject("Stockbit/menu_Bandarmology"), 10): Object 'Object Repository/Stockbit/menu_Bandarmology' is clickable

2024-01-22 18:24:20 - [MESSAGE][PASSED] - Object 'Object Repository/Stockbit/menu_Bandarmology' is clickable

2024-01-22 18:24:20 - [TEST_STEP][PASSED] - click(findTestObject("Stockbit/menu_Bandarmology")): Object: 'Object Repository/Stockbit/menu_Bandarmology' is clicked on

2024-01-22 18:24:20 - [MESSAGE][PASSED] - Object: 'Object Repository/Stockbit/menu_Bandarmology' is clicked on

2024-01-22 18:24:20 - [TEST_STEP][PASSED] - strTemp = "NA": null

2024-01-22 18:24:20 - [TEST_STEP][PASSED] - if (getCellValueByIndex(sheet01, rowIndex, 4) != "DONE"): Object: 'Object Repository/Stockbit/menu_Bandarmology' is clicked on

2024-01-22 18:24:20 - [TEST_STEP][PASSED] - strNama = getCellValueByIndex(sheet01, rowIndex, 0): null

2024-01-22 18:24:20 - [TEST_STEP][PASSED] - navigateToUrl("https://stockbit.com/#/symbol/" + strNama): Navigate to 'https://stockbit.com/#/symbol/SMKM' successfully

2024-01-22 18:24:22 - [MESSAGE][PASSED] - Navigate to 'https://stockbit.com/#/symbol/SMKM' successfully

2024-01-22 18:24:22 - [TEST_STEP][PASSED] - waitForElementClickable(findTestObject("Stockbit/menu_Bandarmology"), 10): Object 'Object Repository/Stockbit/menu_Bandarmology' is clickable

2024-01-22 18:24:22 - [MESSAGE][PASSED] - Object 'Object Repository/Stockbit/menu_Bandarmology' is clickable

2024-01-22 18:24:22 - [TEST_STEP][PASSED] - click(findTestObject("Stockbit/menu_Bandarmology")): Object: 'Object Repository/Stockbit/menu_Bandarmology' is clicked on

2024-01-22 18:24:23 - [MESSAGE][PASSED] - Object: 'Object Repository/Stockbit/menu_Bandarmology' is clicked on

2024-01-22 18:24:23 - [TEST_STEP][PASSED] - strTanggal = d.format(DateTimeFormatter.ofPattern("MMM dd, yyyy")): null

2024-01-22 18:24:23 - [TEST_STEP][PASSED] - strTanggal = d.format(ISO_DATE): null

2024-01-22 18:24:23 - [TEST_STEP][PASSED] - out.println("strTanggal = " + strTanggal): null

2024-01-22 18:24:23 - [TEST_STEP][PASSED] - out.println("strNama = " + strNama): null

2024-01-22 18:24:23 - [TEST_STEP][PASSED] - out.println("Baris ke = " + rowIndex): null

2024-01-22 18:24:23 - [TEST_STEP][PASSED] - click(findTestObject("Stockbit/input__BandarmologyOpenStartDate")): Object: 'Object Repository/Stockbit/input__BandarmologyOpenStartDate' is clicked on

2024-01-22 18:24:24 - [MESSAGE][PASSED] - Object: 'Object Repository/Stockbit/input__BandarmologyOpenStartDate' is clicked on

2024-01-22 18:24:24 - [TEST_STEP][PASSED] - sendKeys(findTestObject("Stockbit/input__BandarmologyOpenStartDate"), Keys.chord(CONTROL, "a")): Keys 'CONTROL + a' sent to object: 'Object Repository/Stockbit/input__BandarmologyOpenStartDate'

2024-01-22 18:24:25 - [MESSAGE][PASSED] - Keys 'CONTROL + a' sent to object: 'Object Repository/Stockbit/input__BandarmologyOpenStartDate'

2024-01-22 18:24:25 - [TEST_STEP][PASSED] - sendKeys(findTestObject("Stockbit/input__BandarmologyOpenStartDate"), Keys.chord(BACK_SPACE)): Keys 'BACK_SPACE + ' sent to object: 'Object Repository/Stockbit/input__BandarmologyOpenStartDate'

2024-01-22 18:24:25 - [MESSAGE][PASSED] - Keys 'BACK_SPACE + ' sent to object: 'Object Repository/Stockbit/input__BandarmologyOpenStartDate'

2024-01-22 18:24:25 - [TEST_STEP][PASSED] - setText(findTestObject("Stockbit/input__BandarmologyOpenStartDate"), strTanggal): Text '2024-01-22' is set on object 'Object Repository/Stockbit/input__BandarmologyOpenStartDate'

2024-01-22 18:24:26 - [MESSAGE][PASSED] - Text '2024-01-22' is set on object 'Object Repository/Stockbit/input__BandarmologyOpenStartDate'

2024-01-22 18:24:26 - [TEST_STEP][PASSED] - sendKeys(findTestObject("Stockbit/input__BandarmologyOpenStartDate"), Keys.chord(ENTER)): Keys 'ENTER + ' sent to object: 'Object Repository/Stockbit/input__BandarmologyOpenStartDate'

2024-01-22 18:24:26 - [MESSAGE][PASSED] - Keys 'ENTER + ' sent to object: 'Object Repository/Stockbit/input__BandarmologyOpenStartDate'

2024-01-22 18:24:26 - [TEST_STEP][PASSED] - click(findTestObject("Stockbit/input__BandarmologyOpenEndDate")): Object: 'Object Repository/Stockbit/input__BandarmologyOpenEndDate' is clicked on

2024-01-22 18:24:27 - [MESSAGE][PASSED] - Object: 'Object Repository/Stockbit/input__BandarmologyOpenEndDate' is clicked on

2024-01-22 18:24:27 - [TEST_STEP][PASSED] - sendKeys(findTestObject("Stockbit/input__BandarmologyOpenEndDate"), Keys.chord(CONTROL, "a")): Keys 'CONTROL + a' sent to object: 'Object Repository/Stockbit/input__BandarmologyOpenEndDate'

2024-01-22 18:24:27 - [MESSAGE][PASSED] - Keys 'CONTROL + a' sent to object: 'Object Repository/Stockbit/input__BandarmologyOpenEndDate'

2024-01-22 18:24:27 - [TEST_STEP][PASSED] - sendKeys(findTestObject("Stockbit/input__BandarmologyOpenEndDate"), Keys.chord(BACK_SPACE)): Keys 'BACK_SPACE + ' sent to object: 'Object Repository/Stockbit/input__BandarmologyOpenEndDate'

2024-01-22 18:24:27 - [MESSAGE][PASSED] - Keys 'BACK_SPACE + ' sent to object: 'Object Repository/Stockbit/input__BandarmologyOpenEndDate'

2024-01-22 18:24:27 - [TEST_STEP][PASSED] - setText(findTestObject("Stockbit/input__BandarmologyOpenEndDate"), strTanggal): Text '2024-01-22' is set on object 'Object Repository/Stockbit/input__BandarmologyOpenEndDate'

2024-01-22 18:24:28 - [MESSAGE][PASSED] - Text '2024-01-22' is set on object 'Object Repository/Stockbit/input__BandarmologyOpenEndDate'

2024-01-22 18:24:28 - [TEST_STEP][PASSED] - sendKeys(findTestObject("Stockbit/input__BandarmologyOpenEndDate"), Keys.chord(ENTER)): Keys 'ENTER + ' sent to object: 'Object Repository/Stockbit/input__BandarmologyOpenEndDate'

2024-01-22 18:24:28 - [MESSAGE][PASSED] - Keys 'ENTER + ' sent to object: 'Object Repository/Stockbit/input__BandarmologyOpenEndDate'

2024-01-22 18:24:28 - [TEST_STEP][PASSED] - delay(2): Delayed 2 second(s)

2024-01-22 18:24:30 - [MESSAGE][PASSED] - Delayed 2 second(s)

2024-01-22 18:24:30 - [TEST_STEP][PASSED] - strTemp = getText(findTestObject("Stockbit/Bandarmology_AvgRP")): Text of object 'Object Repository/Stockbit/Bandarmology_AvgRP' is: '54'

2024-01-22 18:24:31 - [MESSAGE][PASSED] - Text of object 'Object Repository/Stockbit/Bandarmology_AvgRP' is: '54'

2024-01-22 18:24:31 - [TEST_STEP][PASSED] - out.println("Bandarmology_AvgRP = " + strTemp): null

2024-01-22 18:24:31 - [TEST_STEP][PASSED] - if (strTemp != "0"): null

2024-01-22 18:24:31 - [TEST_STEP][PASSED] - strTop1 = getText(findTestObject("Stockbit/Bandarmology_Top1")): Text of object 'Object Repository/Stockbit/Bandarmology_Top1' is: 'Small Dist'

2024-01-22 18:24:31 - [MESSAGE][PASSED] - Text of object 'Object Repository/Stockbit/Bandarmology_Top1' is: 'Small Dist'

2024-01-22 18:24:31 - [TEST_STEP][PASSED] - strTop3 = getText(findTestObject("Stockbit/Bandarmology_Top3")): Text of object 'Object Repository/Stockbit/Bandarmology_Top3' is: 'Normal Dist'

2024-01-22 18:24:31 - [MESSAGE][PASSED] - Text of object 'Object Repository/Stockbit/Bandarmology_Top3' is: 'Normal Dist'

2024-01-22 18:24:31 - [TEST_STEP][PASSED] - strTop5 = getText(findTestObject("Stockbit/Bandarmology_Top5")): Text of object 'Object Repository/Stockbit/Bandarmology_Top5' is: 'Small Dist'

2024-01-22 18:24:31 - [MESSAGE][PASSED] - Text of object 'Object Repository/Stockbit/Bandarmology_Top5' is: 'Small Dist'

2024-01-22 18:24:31 - [TEST_STEP][PASSED] - strAllBrokAvg = getText(findTestObject("Stockbit/Bandarmology_TopAVG")): Text of object 'Object Repository/Stockbit/Bandarmology_TopAVG' is: 'Small Dist'

2024-01-22 18:24:31 - [MESSAGE][PASSED] - Text of object 'Object Repository/Stockbit/Bandarmology_TopAVG' is: 'Small Dist'

2024-01-22 18:24:31 - [TEST_STEP][PASSED] - strTemp = getText(findTestObject("Stockbit/Bandarmology_AvgRP")): Text of object 'Object Repository/Stockbit/Bandarmology_AvgRP' is: '54'

2024-01-22 18:24:31 - [MESSAGE][PASSED] - Text of object 'Object Repository/Stockbit/Bandarmology_AvgRP' is: '54'

2024-01-22 18:24:31 - [TEST_STEP][PASSED] - if (strTemp.contains(",")): null

2024-01-22 18:24:31 - [TEST_STEP][PASSED] - intAvgRP = strTemp.toInteger(): null

2024-01-22 18:24:31 - [TEST_STEP][PASSED] - strBuyer1 = getText(findTestObject("Stockbit/Bandarmology_Buyer1")): Text of object 'Object Repository/Stockbit/Bandarmology_Buyer1' is: 'CC'

2024-01-22 18:24:31 - [MESSAGE][PASSED] - Text of object 'Object Repository/Stockbit/Bandarmology_Buyer1' is: 'CC'

2024-01-22 18:24:31 - [TEST_STEP][PASSED] - strBuyerVol1 = getText(findTestObject("Stockbit/Bandarmology_BuyerVol1")): Text of object 'Object Repository/Stockbit/Bandarmology_BuyerVol1' is: '4.6 K'

2024-01-22 18:24:31 - [MESSAGE][PASSED] - Text of object 'Object Repository/Stockbit/Bandarmology_BuyerVol1' is: '4.6 K'

2024-01-22 18:24:31 - [TEST_STEP][PASSED] - strBuyerAvg1 = getText(findTestObject("Stockbit/Bandarmology_BuyerAvg1")): Text of object 'Object Repository/Stockbit/Bandarmology_BuyerAvg1' is: '54'

2024-01-22 18:24:31 - [MESSAGE][PASSED] - Text of object 'Object Repository/Stockbit/Bandarmology_BuyerAvg1' is: '54'

2024-01-22 18:24:31 - [TEST_STEP][PASSED] - if (strBuyerAvg1.contains(",")): null

2024-01-22 18:24:31 - [TEST_STEP][PASSED] - if (strBuyerVol1.contains(" B")): null

2024-01-22 18:24:31 - [TEST_STEP][PASSED] - else if (strBuyerVol1.contains(" M")): null

2024-01-22 18:24:31 - [TEST_STEP][PASSED] - else if (strBuyerVol1.contains(" K")): null

2024-01-22 18:24:31 - [TEST_STEP][PASSED] - strBuyerVol1 = strBuyerVol1.replace(" K", ""): null

2024-01-22 18:24:31 - [TEST_STEP][PASSED] - strBuyerVol1 = strBuyerVol1.toDouble() * 1000: null

2024-01-22 18:24:31 - [TEST_STEP][PASSED] - strSeller1 = getText(findTestObject("Stockbit/Bandarmology_Seller1")): Text of object 'Object Repository/Stockbit/Bandarmology_Seller1' is: 'XC'

2024-01-22 18:24:32 - [MESSAGE][PASSED] - Text of object 'Object Repository/Stockbit/Bandarmology_Seller1' is: 'XC'

2024-01-22 18:24:32 - [TEST_STEP][PASSED] - strSellerVol1 = getText(findTestObject("Stockbit/Bandarmology_SellerVol1")): Text of object 'Object Repository/Stockbit/Bandarmology_SellerVol1' is: '5.1 K'

2024-01-22 18:24:32 - [MESSAGE][PASSED] - Text of object 'Object Repository/Stockbit/Bandarmology_SellerVol1' is: '5.1 K'

2024-01-22 18:24:32 - [TEST_STEP][PASSED] - strSellerAvg1 = getText(findTestObject("Stockbit/Bandarmology_SellerAvg1")): Text of object 'Object Repository/Stockbit/Bandarmology_SellerAvg1' is: '54'

2024-01-22 18:24:32 - [MESSAGE][PASSED] - Text of object 'Object Repository/Stockbit/Bandarmology_SellerAvg1' is: '54'

2024-01-22 18:24:32 - [TEST_STEP][PASSED] - if (strSellerAvg1.contains(",")): null

2024-01-22 18:24:32 - [TEST_STEP][PASSED] - if (strSellerVol1.contains(" B")): null

2024-01-22 18:24:32 - [TEST_STEP][PASSED] - else if (strSellerVol1.contains(" M")): null

2024-01-22 18:24:32 - [TEST_STEP][PASSED] - else if (strSellerVol1.contains(" K")): null

2024-01-22 18:24:32 - [TEST_STEP][PASSED] - strSellerVol1 = strSellerVol1.replace(" K", ""): null

2024-01-22 18:24:32 - [TEST_STEP][PASSED] - strSellerVol1 = strSellerVol1.toDouble() * 1000: null

2024-01-22 18:24:32 - [TEST_STEP][PASSED] - if (verifyElementNotPresent(findTestObject("Stockbit/Bandarmology_Buyer2"), 1, OPTIONAL)): Web element with id: 'Object Repository/Stockbit/Bandarmology_Buyer2' located by 'By.xpath: //*[contains(@id, 'rc-tabs-')]/div[2]/div/div/div/div/div/div[2]/table/tbody/tr[3]/td[1]/p' is present after '1' second(s) (Root cause: com.kms.katalon.core.exception.StepFailedException: Web element with id: 'Object Repository/Stockbit/Bandarmology_Buyer2' located by 'By.xpath: //*[contains(@id, 'rc-tabs-')]/div[2]/div/div/div/div/div/div[2]/table/tbody/tr[3]/td[1]/p' is present after '1' second(s)
	at com.kms.katalon.core.webui.keyword.internal.WebUIKeywordMain.stepFailed(WebUIKeywordMain.groovy:64)
	at com.kms.katalon.core.webui.keyword.internal.WebUIKeywordMain$stepFailed$0.call(Unknown Source)
	at com.kms.katalon.core.webui.keyword.builtin.VerifyElementNotPresentKeyword$_verifyElementNotPresent_closure1.doCall(VerifyElementNotPresentKeyword.groovy:106)
	at com.kms.katalon.core.webui.keyword.builtin.VerifyElementNotPresentKeyword$_verifyElementNotPresent_closure1.doCall(VerifyElementNotPresentKeyword.groovy)
	at com.kms.katalon.core.webui.keyword.internal.WebUIKeywordMain.runKeyword(WebUIKeywordMain.groovy:20)
	at com.kms.katalon.core.webui.keyword.internal.WebUIKeywordMain$runKeyword.call(Unknown Source)
	at com.kms.katalon.core.webui.keyword.builtin.VerifyElementNotPresentKeyword.verifyElementNotPresent(VerifyElementNotPresentKeyword.groovy:117)
	at com.kms.katalon.core.webui.keyword.builtin.VerifyElementNotPresentKeyword.execute(VerifyElementNotPresentKeyword.groovy:68)
	at com.kms.katalon.core.keyword.internal.KeywordExecutor.executeKeywordForPlatform(KeywordExecutor.groovy:74)
	at com.kms.katalon.core.webui.keyword.WebUiBuiltInKeywords.verifyElementNotPresent(WebUiBuiltInKeywords.groovy:1481)
	at com.kms.katalon.core.webui.keyword.WebUiBuiltInKeywords$verifyElementNotPresent$8.call(Unknown Source)
	at GetBrokSumPriceDaily.run(GetBrokSumPriceDaily:258)
	at com.kms.katalon.core.main.ScriptEngine.run(ScriptEngine.java:194)
	at com.kms.katalon.core.main.ScriptEngine.runScriptAsRawText(ScriptEngine.java:119)
	at com.kms.katalon.core.main.TestCaseExecutor.runScript(TestCaseExecutor.java:445)
	at com.kms.katalon.core.main.TestCaseExecutor.doExecute(TestCaseExecutor.java:436)
	at com.kms.katalon.core.main.TestCaseExecutor.processExecutionPhase(TestCaseExecutor.java:415)
	at com.kms.katalon.core.main.TestCaseExecutor.accessMainPhase(TestCaseExecutor.java:407)
	at com.kms.katalon.core.main.TestCaseExecutor.execute(TestCaseExecutor.java:284)
	at com.kms.katalon.core.common.CommonExecutor.accessTestCaseMainPhase(CommonExecutor.java:65)
	at com.kms.katalon.core.main.TestSuiteExecutor.accessTestSuiteMainPhase(TestSuiteExecutor.java:144)
	at com.kms.katalon.core.main.TestSuiteExecutor.execute(TestSuiteExecutor.java:106)
	at com.kms.katalon.core.main.TestCaseMain.startTestSuite(TestCaseMain.java:185)
	at com.kms.katalon.core.main.TestCaseMain$startTestSuite$0.call(Unknown Source)
	at TempTestSuite1705922193915.run(TempTestSuite1705922193915.groovy:36)
)

2024-01-22 18:24:33 - [MESSAGE][WARNING] - Web element with id: 'Object Repository/Stockbit/Bandarmology_Buyer2' located by 'By.xpath: //*[contains(@id, 'rc-tabs-')]/div[2]/div/div/div/div/div/div[2]/table/tbody/tr[3]/td[1]/p' is present after '1' second(s) (Root cause: com.kms.katalon.core.exception.StepFailedException: Web element with id: 'Object Repository/Stockbit/Bandarmology_Buyer2' located by 'By.xpath: //*[contains(@id, 'rc-tabs-')]/div[2]/div/div/div/div/div/div[2]/table/tbody/tr[3]/td[1]/p' is present after '1' second(s)
	at com.kms.katalon.core.webui.keyword.internal.WebUIKeywordMain.stepFailed(WebUIKeywordMain.groovy:64)
	at com.kms.katalon.core.webui.keyword.internal.WebUIKeywordMain$stepFailed$0.call(Unknown Source)
	at com.kms.katalon.core.webui.keyword.builtin.VerifyElementNotPresentKeyword$_verifyElementNotPresent_closure1.doCall(VerifyElementNotPresentKeyword.groovy:106)
	at com.kms.katalon.core.webui.keyword.builtin.VerifyElementNotPresentKeyword$_verifyElementNotPresent_closure1.doCall(VerifyElementNotPresentKeyword.groovy)
	at com.kms.katalon.core.webui.keyword.internal.WebUIKeywordMain.runKeyword(WebUIKeywordMain.groovy:20)
	at com.kms.katalon.core.webui.keyword.internal.WebUIKeywordMain$runKeyword.call(Unknown Source)
	at com.kms.katalon.core.webui.keyword.builtin.VerifyElementNotPresentKeyword.verifyElementNotPresent(VerifyElementNotPresentKeyword.groovy:117)
	at com.kms.katalon.core.webui.keyword.builtin.VerifyElementNotPresentKeyword.execute(VerifyElementNotPresentKeyword.groovy:68)
	at com.kms.katalon.core.keyword.internal.KeywordExecutor.executeKeywordForPlatform(KeywordExecutor.groovy:74)
	at com.kms.katalon.core.webui.keyword.WebUiBuiltInKeywords.verifyElementNotPresent(WebUiBuiltInKeywords.groovy:1481)
	at com.kms.katalon.core.webui.keyword.WebUiBuiltInKeywords$verifyElementNotPresent$8.call(Unknown Source)
	at GetBrokSumPriceDaily.run(GetBrokSumPriceDaily:258)
	at com.kms.katalon.core.main.ScriptEngine.run(ScriptEngine.java:194)
	at com.kms.katalon.core.main.ScriptEngine.runScriptAsRawText(ScriptEngine.java:119)
	at com.kms.katalon.core.main.TestCaseExecutor.runScript(TestCaseExecutor.java:445)
	at com.kms.katalon.core.main.TestCaseExecutor.doExecute(TestCaseExecutor.java:436)
	at com.kms.katalon.core.main.TestCaseExecutor.processExecutionPhase(TestCaseExecutor.java:415)
	at com.kms.katalon.core.main.TestCaseExecutor.accessMainPhase(TestCaseExecutor.java:407)
	at com.kms.katalon.core.main.TestCaseExecutor.execute(TestCaseExecutor.java:284)
	at com.kms.katalon.core.common.CommonExecutor.accessTestCaseMainPhase(CommonExecutor.java:65)
	at com.kms.katalon.core.main.TestSuiteExecutor.accessTestSuiteMainPhase(TestSuiteExecutor.java:144)
	at com.kms.katalon.core.main.TestSuiteExecutor.execute(TestSuiteExecutor.java:106)
	at com.kms.katalon.core.main.TestCaseMain.startTestSuite(TestCaseMain.java:185)
	at com.kms.katalon.core.main.TestCaseMain$startTestSuite$0.call(Unknown Source)
	at TempTestSuite1705922193915.run(TempTestSuite1705922193915.groovy:36)
)
[[ATTACHMENT|C:\\Users\\Fadli\\git\\KatalonDailyGetData2\\Reports\\20240122_174123\\TS1\\20240122_181633\\1705922673479.png]]

2024-01-22 18:24:33 - [TEST_STEP][PASSED] - else: null

2024-01-22 18:24:33 - [TEST_STEP][PASSED] - strBuyer2 = getText(findTestObject("Stockbit/Bandarmology_Buyer2")): Text of object 'Object Repository/Stockbit/Bandarmology_Buyer2' is: 'KK'

2024-01-22 18:24:33 - [MESSAGE][PASSED] - Text of object 'Object Repository/Stockbit/Bandarmology_Buyer2' is: 'KK'

2024-01-22 18:24:33 - [TEST_STEP][PASSED] - strBuyerVol2 = getText(findTestObject("Stockbit/Bandarmology_BuyerVol2")): Text of object 'Object Repository/Stockbit/Bandarmology_BuyerVol2' is: '1 K'

2024-01-22 18:24:33 - [MESSAGE][PASSED] - Text of object 'Object Repository/Stockbit/Bandarmology_BuyerVol2' is: '1 K'

2024-01-22 18:24:33 - [TEST_STEP][PASSED] - strBuyerAvg2 = getText(findTestObject("Stockbit/Bandarmology_BuyerAvg2")): Text of object 'Object Repository/Stockbit/Bandarmology_BuyerAvg2' is: '53'

2024-01-22 18:24:34 - [MESSAGE][PASSED] - Text of object 'Object Repository/Stockbit/Bandarmology_BuyerAvg2' is: '53'

2024-01-22 18:24:34 - [TEST_STEP][PASSED] - if (strBuyer2 != ""): null

2024-01-22 18:24:34 - [TEST_STEP][PASSED] - if (strBuyerAvg2.contains(",")): null

2024-01-22 18:24:34 - [TEST_STEP][PASSED] - if (strBuyerVol2.contains(" B")): null

2024-01-22 18:24:34 - [TEST_STEP][PASSED] - else if (strBuyerVol2.contains(" M")): null

2024-01-22 18:24:34 - [TEST_STEP][PASSED] - else if (strBuyerVol2.contains(" K")): null

2024-01-22 18:24:34 - [TEST_STEP][PASSED] - strBuyerVol2 = strBuyerVol2.replace(" K", ""): null

2024-01-22 18:24:34 - [TEST_STEP][PASSED] - strBuyerVol2 = strBuyerVol2.toDouble() * 1000: null

2024-01-22 18:24:34 - [TEST_STEP][PASSED] - if (strBuyerVol2.contains(".")): null

2024-01-22 18:24:34 - [TEST_STEP][PASSED] - strBuyerVal2 = strBuyerVol2.replace(".", ""): null

2024-01-22 18:24:34 - [TEST_STEP][PASSED] - if (verifyElementNotPresent(findTestObject("Stockbit/Bandarmology_Seller2"), 1, OPTIONAL)): Web element with id: 'Object Repository/Stockbit/Bandarmology_Seller2' located by 'By.xpath: //*[contains(@id, 'rc-tabs-')]/div[2]/div/div/div/div/div/div[2]/table/tbody/tr[3]/td[5]/p' is present after '1' second(s) (Root cause: com.kms.katalon.core.exception.StepFailedException: Web element with id: 'Object Repository/Stockbit/Bandarmology_Seller2' located by 'By.xpath: //*[contains(@id, 'rc-tabs-')]/div[2]/div/div/div/div/div/div[2]/table/tbody/tr[3]/td[5]/p' is present after '1' second(s)
	at com.kms.katalon.core.webui.keyword.internal.WebUIKeywordMain.stepFailed(WebUIKeywordMain.groovy:64)
	at com.kms.katalon.core.webui.keyword.internal.WebUIKeywordMain$stepFailed$0.call(Unknown Source)
	at com.kms.katalon.core.webui.keyword.builtin.VerifyElementNotPresentKeyword$_verifyElementNotPresent_closure1.doCall(VerifyElementNotPresentKeyword.groovy:106)
	at com.kms.katalon.core.webui.keyword.builtin.VerifyElementNotPresentKeyword$_verifyElementNotPresent_closure1.doCall(VerifyElementNotPresentKeyword.groovy)
	at com.kms.katalon.core.webui.keyword.internal.WebUIKeywordMain.runKeyword(WebUIKeywordMain.groovy:20)
	at com.kms.katalon.core.webui.keyword.internal.WebUIKeywordMain$runKeyword.call(Unknown Source)
	at com.kms.katalon.core.webui.keyword.builtin.VerifyElementNotPresentKeyword.verifyElementNotPresent(VerifyElementNotPresentKeyword.groovy:117)
	at com.kms.katalon.core.webui.keyword.builtin.VerifyElementNotPresentKeyword.execute(VerifyElementNotPresentKeyword.groovy:68)
	at com.kms.katalon.core.keyword.internal.KeywordExecutor.executeKeywordForPlatform(KeywordExecutor.groovy:74)
	at com.kms.katalon.core.webui.keyword.WebUiBuiltInKeywords.verifyElementNotPresent(WebUiBuiltInKeywords.groovy:1481)
	at com.kms.katalon.core.webui.keyword.WebUiBuiltInKeywords$verifyElementNotPresent$8.call(Unknown Source)
	at GetBrokSumPriceDaily.run(GetBrokSumPriceDaily:309)
	at com.kms.katalon.core.main.ScriptEngine.run(ScriptEngine.java:194)
	at com.kms.katalon.core.main.ScriptEngine.runScriptAsRawText(ScriptEngine.java:119)
	at com.kms.katalon.core.main.TestCaseExecutor.runScript(TestCaseExecutor.java:445)
	at com.kms.katalon.core.main.TestCaseExecutor.doExecute(TestCaseExecutor.java:436)
	at com.kms.katalon.core.main.TestCaseExecutor.processExecutionPhase(TestCaseExecutor.java:415)
	at com.kms.katalon.core.main.TestCaseExecutor.accessMainPhase(TestCaseExecutor.java:407)
	at com.kms.katalon.core.main.TestCaseExecutor.execute(TestCaseExecutor.java:284)
	at com.kms.katalon.core.common.CommonExecutor.accessTestCaseMainPhase(CommonExecutor.java:65)
	at com.kms.katalon.core.main.TestSuiteExecutor.accessTestSuiteMainPhase(TestSuiteExecutor.java:144)
	at com.kms.katalon.core.main.TestSuiteExecutor.execute(TestSuiteExecutor.java:106)
	at com.kms.katalon.core.main.TestCaseMain.startTestSuite(TestCaseMain.java:185)
	at com.kms.katalon.core.main.TestCaseMain$startTestSuite$0.call(Unknown Source)
	at TempTestSuite1705922193915.run(TempTestSuite1705922193915.groovy:36)
)

2024-01-22 18:24:35 - [MESSAGE][WARNING] - Web element with id: 'Object Repository/Stockbit/Bandarmology_Seller2' located by 'By.xpath: //*[contains(@id, 'rc-tabs-')]/div[2]/div/div/div/div/div/div[2]/table/tbody/tr[3]/td[5]/p' is present after '1' second(s) (Root cause: com.kms.katalon.core.exception.StepFailedException: Web element with id: 'Object Repository/Stockbit/Bandarmology_Seller2' located by 'By.xpath: //*[contains(@id, 'rc-tabs-')]/div[2]/div/div/div/div/div/div[2]/table/tbody/tr[3]/td[5]/p' is present after '1' second(s)
	at com.kms.katalon.core.webui.keyword.internal.WebUIKeywordMain.stepFailed(WebUIKeywordMain.groovy:64)
	at com.kms.katalon.core.webui.keyword.internal.WebUIKeywordMain$stepFailed$0.call(Unknown Source)
	at com.kms.katalon.core.webui.keyword.builtin.VerifyElementNotPresentKeyword$_verifyElementNotPresent_closure1.doCall(VerifyElementNotPresentKeyword.groovy:106)
	at com.kms.katalon.core.webui.keyword.builtin.VerifyElementNotPresentKeyword$_verifyElementNotPresent_closure1.doCall(VerifyElementNotPresentKeyword.groovy)
	at com.kms.katalon.core.webui.keyword.internal.WebUIKeywordMain.runKeyword(WebUIKeywordMain.groovy:20)
	at com.kms.katalon.core.webui.keyword.internal.WebUIKeywordMain$runKeyword.call(Unknown Source)
	at com.kms.katalon.core.webui.keyword.builtin.VerifyElementNotPresentKeyword.verifyElementNotPresent(VerifyElementNotPresentKeyword.groovy:117)
	at com.kms.katalon.core.webui.keyword.builtin.VerifyElementNotPresentKeyword.execute(VerifyElementNotPresentKeyword.groovy:68)
	at com.kms.katalon.core.keyword.internal.KeywordExecutor.executeKeywordForPlatform(KeywordExecutor.groovy:74)
	at com.kms.katalon.core.webui.keyword.WebUiBuiltInKeywords.verifyElementNotPresent(WebUiBuiltInKeywords.groovy:1481)
	at com.kms.katalon.core.webui.keyword.WebUiBuiltInKeywords$verifyElementNotPresent$8.call(Unknown Source)
	at GetBrokSumPriceDaily.run(GetBrokSumPriceDaily:309)
	at com.kms.katalon.core.main.ScriptEngine.run(ScriptEngine.java:194)
	at com.kms.katalon.core.main.ScriptEngine.runScriptAsRawText(ScriptEngine.java:119)
	at com.kms.katalon.core.main.TestCaseExecutor.runScript(TestCaseExecutor.java:445)
	at com.kms.katalon.core.main.TestCaseExecutor.doExecute(TestCaseExecutor.java:436)
	at com.kms.katalon.core.main.TestCaseExecutor.processExecutionPhase(TestCaseExecutor.java:415)
	at com.kms.katalon.core.main.TestCaseExecutor.accessMainPhase(TestCaseExecutor.java:407)
	at com.kms.katalon.core.main.TestCaseExecutor.execute(TestCaseExecutor.java:284)
	at com.kms.katalon.core.common.CommonExecutor.accessTestCaseMainPhase(CommonExecutor.java:65)
	at com.kms.katalon.core.main.TestSuiteExecutor.accessTestSuiteMainPhase(TestSuiteExecutor.java:144)
	at com.kms.katalon.core.main.TestSuiteExecutor.execute(TestSuiteExecutor.java:106)
	at com.kms.katalon.core.main.TestCaseMain.startTestSuite(TestCaseMain.java:185)
	at com.kms.katalon.core.main.TestCaseMain$startTestSuite$0.call(Unknown Source)
	at TempTestSuite1705922193915.run(TempTestSuite1705922193915.groovy:36)
)
[[ATTACHMENT|C:\\Users\\Fadli\\git\\KatalonDailyGetData2\\Reports\\20240122_174123\\TS1\\20240122_181633\\1705922675186.png]]

2024-01-22 18:24:35 - [TEST_STEP][PASSED] - else: null

2024-01-22 18:24:35 - [TEST_STEP][PASSED] - strSeller2 = getText(findTestObject("Stockbit/Bandarmology_Seller2")): Text of object 'Object Repository/Stockbit/Bandarmology_Seller2' is: 'XL'

2024-01-22 18:24:35 - [MESSAGE][PASSED] - Text of object 'Object Repository/Stockbit/Bandarmology_Seller2' is: 'XL'

2024-01-22 18:24:35 - [TEST_STEP][PASSED] - strSellerVol2 = getText(findTestObject("Stockbit/Bandarmology_SellerVol2")): Text of object 'Object Repository/Stockbit/Bandarmology_SellerVol2' is: '1.9 K'

2024-01-22 18:24:35 - [MESSAGE][PASSED] - Text of object 'Object Repository/Stockbit/Bandarmology_SellerVol2' is: '1.9 K'

2024-01-22 18:24:35 - [TEST_STEP][PASSED] - strSellerAvg2 = getText(findTestObject("Stockbit/Bandarmology_SellerAvg2")): Text of object 'Object Repository/Stockbit/Bandarmology_SellerAvg2' is: '54'

2024-01-22 18:24:35 - [MESSAGE][PASSED] - Text of object 'Object Repository/Stockbit/Bandarmology_SellerAvg2' is: '54'

2024-01-22 18:24:35 - [TEST_STEP][PASSED] - if (strSeller2 != ""): null

2024-01-22 18:24:35 - [TEST_STEP][PASSED] - if (strSellerAvg2.contains(",")): null

2024-01-22 18:24:35 - [TEST_STEP][PASSED] - if (strSellerVol2.contains(" B")): null

2024-01-22 18:24:35 - [TEST_STEP][PASSED] - else if (strSellerVol2.contains(" M")): null

2024-01-22 18:24:35 - [TEST_STEP][PASSED] - else if (strSellerVol2.contains(" K")): null

2024-01-22 18:24:35 - [TEST_STEP][PASSED] - strSellerVol2 = strSellerVol2.replace(" K", ""): null

2024-01-22 18:24:35 - [TEST_STEP][PASSED] - strSellerVol2 = strSellerVol2.toDouble() * 1000: null

2024-01-22 18:24:35 - [TEST_STEP][PASSED] - if (verifyElementNotPresent(findTestObject("Stockbit/Bandarmology_Buyer3"), 1, OPTIONAL)): Web element with id: 'Object Repository/Stockbit/Bandarmology_Buyer3' located by 'By.xpath: //*[contains(@id, 'rc-tabs-')]/div[2]/div/div/div/div/div/div[2]/table/tbody/tr[4]/td[1]/p' is present after '1' second(s) (Root cause: com.kms.katalon.core.exception.StepFailedException: Web element with id: 'Object Repository/Stockbit/Bandarmology_Buyer3' located by 'By.xpath: //*[contains(@id, 'rc-tabs-')]/div[2]/div/div/div/div/div/div[2]/table/tbody/tr[4]/td[1]/p' is present after '1' second(s)
	at com.kms.katalon.core.webui.keyword.internal.WebUIKeywordMain.stepFailed(WebUIKeywordMain.groovy:64)
	at com.kms.katalon.core.webui.keyword.internal.WebUIKeywordMain$stepFailed$0.call(Unknown Source)
	at com.kms.katalon.core.webui.keyword.builtin.VerifyElementNotPresentKeyword$_verifyElementNotPresent_closure1.doCall(VerifyElementNotPresentKeyword.groovy:106)
	at com.kms.katalon.core.webui.keyword.builtin.VerifyElementNotPresentKeyword$_verifyElementNotPresent_closure1.doCall(VerifyElementNotPresentKeyword.groovy)
	at com.kms.katalon.core.webui.keyword.internal.WebUIKeywordMain.runKeyword(WebUIKeywordMain.groovy:20)
	at com.kms.katalon.core.webui.keyword.internal.WebUIKeywordMain$runKeyword.call(Unknown Source)
	at com.kms.katalon.core.webui.keyword.builtin.VerifyElementNotPresentKeyword.verifyElementNotPresent(VerifyElementNotPresentKeyword.groovy:117)
	at com.kms.katalon.core.webui.keyword.builtin.VerifyElementNotPresentKeyword.execute(VerifyElementNotPresentKeyword.groovy:68)
	at com.kms.katalon.core.keyword.internal.KeywordExecutor.executeKeywordForPlatform(KeywordExecutor.groovy:74)
	at com.kms.katalon.core.webui.keyword.WebUiBuiltInKeywords.verifyElementNotPresent(WebUiBuiltInKeywords.groovy:1481)
	at com.kms.katalon.core.webui.keyword.WebUiBuiltInKeywords$verifyElementNotPresent$8.call(Unknown Source)
	at GetBrokSumPriceDaily.run(GetBrokSumPriceDaily:361)
	at com.kms.katalon.core.main.ScriptEngine.run(ScriptEngine.java:194)
	at com.kms.katalon.core.main.ScriptEngine.runScriptAsRawText(ScriptEngine.java:119)
	at com.kms.katalon.core.main.TestCaseExecutor.runScript(TestCaseExecutor.java:445)
	at com.kms.katalon.core.main.TestCaseExecutor.doExecute(TestCaseExecutor.java:436)
	at com.kms.katalon.core.main.TestCaseExecutor.processExecutionPhase(TestCaseExecutor.java:415)
	at com.kms.katalon.core.main.TestCaseExecutor.accessMainPhase(TestCaseExecutor.java:407)
	at com.kms.katalon.core.main.TestCaseExecutor.execute(TestCaseExecutor.java:284)
	at com.kms.katalon.core.common.CommonExecutor.accessTestCaseMainPhase(CommonExecutor.java:65)
	at com.kms.katalon.core.main.TestSuiteExecutor.accessTestSuiteMainPhase(TestSuiteExecutor.java:144)
	at com.kms.katalon.core.main.TestSuiteExecutor.execute(TestSuiteExecutor.java:106)
	at com.kms.katalon.core.main.TestCaseMain.startTestSuite(TestCaseMain.java:185)
	at com.kms.katalon.core.main.TestCaseMain$startTestSuite$0.call(Unknown Source)
	at TempTestSuite1705922193915.run(TempTestSuite1705922193915.groovy:36)
)

2024-01-22 18:24:37 - [MESSAGE][WARNING] - Web element with id: 'Object Repository/Stockbit/Bandarmology_Buyer3' located by 'By.xpath: //*[contains(@id, 'rc-tabs-')]/div[2]/div/div/div/div/div/div[2]/table/tbody/tr[4]/td[1]/p' is present after '1' second(s) (Root cause: com.kms.katalon.core.exception.StepFailedException: Web element with id: 'Object Repository/Stockbit/Bandarmology_Buyer3' located by 'By.xpath: //*[contains(@id, 'rc-tabs-')]/div[2]/div/div/div/div/div/div[2]/table/tbody/tr[4]/td[1]/p' is present after '1' second(s)
	at com.kms.katalon.core.webui.keyword.internal.WebUIKeywordMain.stepFailed(WebUIKeywordMain.groovy:64)
	at com.kms.katalon.core.webui.keyword.internal.WebUIKeywordMain$stepFailed$0.call(Unknown Source)
	at com.kms.katalon.core.webui.keyword.builtin.VerifyElementNotPresentKeyword$_verifyElementNotPresent_closure1.doCall(VerifyElementNotPresentKeyword.groovy:106)
	at com.kms.katalon.core.webui.keyword.builtin.VerifyElementNotPresentKeyword$_verifyElementNotPresent_closure1.doCall(VerifyElementNotPresentKeyword.groovy)
	at com.kms.katalon.core.webui.keyword.internal.WebUIKeywordMain.runKeyword(WebUIKeywordMain.groovy:20)
	at com.kms.katalon.core.webui.keyword.internal.WebUIKeywordMain$runKeyword.call(Unknown Source)
	at com.kms.katalon.core.webui.keyword.builtin.VerifyElementNotPresentKeyword.verifyElementNotPresent(VerifyElementNotPresentKeyword.groovy:117)
	at com.kms.katalon.core.webui.keyword.builtin.VerifyElementNotPresentKeyword.execute(VerifyElementNotPresentKeyword.groovy:68)
	at com.kms.katalon.core.keyword.internal.KeywordExecutor.executeKeywordForPlatform(KeywordExecutor.groovy:74)
	at com.kms.katalon.core.webui.keyword.WebUiBuiltInKeywords.verifyElementNotPresent(WebUiBuiltInKeywords.groovy:1481)
	at com.kms.katalon.core.webui.keyword.WebUiBuiltInKeywords$verifyElementNotPresent$8.call(Unknown Source)
	at GetBrokSumPriceDaily.run(GetBrokSumPriceDaily:361)
	at com.kms.katalon.core.main.ScriptEngine.run(ScriptEngine.java:194)
	at com.kms.katalon.core.main.ScriptEngine.runScriptAsRawText(ScriptEngine.java:119)
	at com.kms.katalon.core.main.TestCaseExecutor.runScript(TestCaseExecutor.java:445)
	at com.kms.katalon.core.main.TestCaseExecutor.doExecute(TestCaseExecutor.java:436)
	at com.kms.katalon.core.main.TestCaseExecutor.processExecutionPhase(TestCaseExecutor.java:415)
	at com.kms.katalon.core.main.TestCaseExecutor.accessMainPhase(TestCaseExecutor.java:407)
	at com.kms.katalon.core.main.TestCaseExecutor.execute(TestCaseExecutor.java:284)
	at com.kms.katalon.core.common.CommonExecutor.accessTestCaseMainPhase(CommonExecutor.java:65)
	at com.kms.katalon.core.main.TestSuiteExecutor.accessTestSuiteMainPhase(TestSuiteExecutor.java:144)
	at com.kms.katalon.core.main.TestSuiteExecutor.execute(TestSuiteExecutor.java:106)
	at com.kms.katalon.core.main.TestCaseMain.startTestSuite(TestCaseMain.java:185)
	at com.kms.katalon.core.main.TestCaseMain$startTestSuite$0.call(Unknown Source)
	at TempTestSuite1705922193915.run(TempTestSuite1705922193915.groovy:36)
)
[[ATTACHMENT|C:\\Users\\Fadli\\git\\KatalonDailyGetData2\\Reports\\20240122_174123\\TS1\\20240122_181633\\1705922676873.png]]

2024-01-22 18:24:37 - [TEST_STEP][PASSED] - else: null

2024-01-22 18:24:37 - [TEST_STEP][PASSED] - strBuyer3 = getText(findTestObject("Stockbit/Bandarmology_Buyer3")): Text of object 'Object Repository/Stockbit/Bandarmology_Buyer3' is: 'PD'

2024-01-22 18:24:37 - [MESSAGE][PASSED] - Text of object 'Object Repository/Stockbit/Bandarmology_Buyer3' is: 'PD'

2024-01-22 18:24:37 - [TEST_STEP][PASSED] - strBuyerVol3 = getText(findTestObject("Stockbit/Bandarmology_BuyerVol3")): Text of object 'Object Repository/Stockbit/Bandarmology_BuyerVol3' is: '743'

2024-01-22 18:24:37 - [MESSAGE][PASSED] - Text of object 'Object Repository/Stockbit/Bandarmology_BuyerVol3' is: '743'

2024-01-22 18:24:37 - [TEST_STEP][PASSED] - strBuyerAvg3 = getText(findTestObject("Stockbit/Bandarmology_BuyerAvg3")): Text of object 'Object Repository/Stockbit/Bandarmology_BuyerAvg3' is: '54'

2024-01-22 18:24:37 - [MESSAGE][PASSED] - Text of object 'Object Repository/Stockbit/Bandarmology_BuyerAvg3' is: '54'

2024-01-22 18:24:37 - [TEST_STEP][PASSED] - if (strBuyer3 != ""): null

2024-01-22 18:24:37 - [TEST_STEP][PASSED] - if (strBuyerAvg3.contains(",")): null

2024-01-22 18:24:37 - [TEST_STEP][PASSED] - if (strBuyerVol3.contains(" B")): null

2024-01-22 18:24:37 - [TEST_STEP][PASSED] - if (verifyElementNotPresent(findTestObject("Stockbit/Bandarmology_Seller3"), 1, OPTIONAL)): Web element with id: 'Object Repository/Stockbit/Bandarmology_Seller3' located by 'By.xpath: //*[contains(@id, 'rc-tabs-')]/div[2]/div/div/div/div/div/div[2]/table/tbody/tr[4]/td[5]/p' is present after '1' second(s) (Root cause: com.kms.katalon.core.exception.StepFailedException: Web element with id: 'Object Repository/Stockbit/Bandarmology_Seller3' located by 'By.xpath: //*[contains(@id, 'rc-tabs-')]/div[2]/div/div/div/div/div/div[2]/table/tbody/tr[4]/td[5]/p' is present after '1' second(s)
	at com.kms.katalon.core.webui.keyword.internal.WebUIKeywordMain.stepFailed(WebUIKeywordMain.groovy:64)
	at com.kms.katalon.core.webui.keyword.internal.WebUIKeywordMain$stepFailed$0.call(Unknown Source)
	at com.kms.katalon.core.webui.keyword.builtin.VerifyElementNotPresentKeyword$_verifyElementNotPresent_closure1.doCall(VerifyElementNotPresentKeyword.groovy:106)
	at com.kms.katalon.core.webui.keyword.builtin.VerifyElementNotPresentKeyword$_verifyElementNotPresent_closure1.doCall(VerifyElementNotPresentKeyword.groovy)
	at com.kms.katalon.core.webui.keyword.internal.WebUIKeywordMain.runKeyword(WebUIKeywordMain.groovy:20)
	at com.kms.katalon.core.webui.keyword.internal.WebUIKeywordMain$runKeyword.call(Unknown Source)
	at com.kms.katalon.core.webui.keyword.builtin.VerifyElementNotPresentKeyword.verifyElementNotPresent(VerifyElementNotPresentKeyword.groovy:117)
	at com.kms.katalon.core.webui.keyword.builtin.VerifyElementNotPresentKeyword.execute(VerifyElementNotPresentKeyword.groovy:68)
	at com.kms.katalon.core.keyword.internal.KeywordExecutor.executeKeywordForPlatform(KeywordExecutor.groovy:74)
	at com.kms.katalon.core.webui.keyword.WebUiBuiltInKeywords.verifyElementNotPresent(WebUiBuiltInKeywords.groovy:1481)
	at com.kms.katalon.core.webui.keyword.WebUiBuiltInKeywords$verifyElementNotPresent$8.call(Unknown Source)
	at GetBrokSumPriceDaily.run(GetBrokSumPriceDaily:414)
	at com.kms.katalon.core.main.ScriptEngine.run(ScriptEngine.java:194)
	at com.kms.katalon.core.main.ScriptEngine.runScriptAsRawText(ScriptEngine.java:119)
	at com.kms.katalon.core.main.TestCaseExecutor.runScript(TestCaseExecutor.java:445)
	at com.kms.katalon.core.main.TestCaseExecutor.doExecute(TestCaseExecutor.java:436)
	at com.kms.katalon.core.main.TestCaseExecutor.processExecutionPhase(TestCaseExecutor.java:415)
	at com.kms.katalon.core.main.TestCaseExecutor.accessMainPhase(TestCaseExecutor.java:407)
	at com.kms.katalon.core.main.TestCaseExecutor.execute(TestCaseExecutor.java:284)
	at com.kms.katalon.core.common.CommonExecutor.accessTestCaseMainPhase(CommonExecutor.java:65)
	at com.kms.katalon.core.main.TestSuiteExecutor.accessTestSuiteMainPhase(TestSuiteExecutor.java:144)
	at com.kms.katalon.core.main.TestSuiteExecutor.execute(TestSuiteExecutor.java:106)
	at com.kms.katalon.core.main.TestCaseMain.startTestSuite(TestCaseMain.java:185)
	at com.kms.katalon.core.main.TestCaseMain$startTestSuite$0.call(Unknown Source)
	at TempTestSuite1705922193915.run(TempTestSuite1705922193915.groovy:36)
)

2024-01-22 18:24:38 - [MESSAGE][WARNING] - Web element with id: 'Object Repository/Stockbit/Bandarmology_Seller3' located by 'By.xpath: //*[contains(@id, 'rc-tabs-')]/div[2]/div/div/div/div/div/div[2]/table/tbody/tr[4]/td[5]/p' is present after '1' second(s) (Root cause: com.kms.katalon.core.exception.StepFailedException: Web element with id: 'Object Repository/Stockbit/Bandarmology_Seller3' located by 'By.xpath: //*[contains(@id, 'rc-tabs-')]/div[2]/div/div/div/div/div/div[2]/table/tbody/tr[4]/td[5]/p' is present after '1' second(s)
	at com.kms.katalon.core.webui.keyword.internal.WebUIKeywordMain.stepFailed(WebUIKeywordMain.groovy:64)
	at com.kms.katalon.core.webui.keyword.internal.WebUIKeywordMain$stepFailed$0.call(Unknown Source)
	at com.kms.katalon.core.webui.keyword.builtin.VerifyElementNotPresentKeyword$_verifyElementNotPresent_closure1.doCall(VerifyElementNotPresentKeyword.groovy:106)
	at com.kms.katalon.core.webui.keyword.builtin.VerifyElementNotPresentKeyword$_verifyElementNotPresent_closure1.doCall(VerifyElementNotPresentKeyword.groovy)
	at com.kms.katalon.core.webui.keyword.internal.WebUIKeywordMain.runKeyword(WebUIKeywordMain.groovy:20)
	at com.kms.katalon.core.webui.keyword.internal.WebUIKeywordMain$runKeyword.call(Unknown Source)
	at com.kms.katalon.core.webui.keyword.builtin.VerifyElementNotPresentKeyword.verifyElementNotPresent(VerifyElementNotPresentKeyword.groovy:117)
	at com.kms.katalon.core.webui.keyword.builtin.VerifyElementNotPresentKeyword.execute(VerifyElementNotPresentKeyword.groovy:68)
	at com.kms.katalon.core.keyword.internal.KeywordExecutor.executeKeywordForPlatform(KeywordExecutor.groovy:74)
	at com.kms.katalon.core.webui.keyword.WebUiBuiltInKeywords.verifyElementNotPresent(WebUiBuiltInKeywords.groovy:1481)
	at com.kms.katalon.core.webui.keyword.WebUiBuiltInKeywords$verifyElementNotPresent$8.call(Unknown Source)
	at GetBrokSumPriceDaily.run(GetBrokSumPriceDaily:414)
	at com.kms.katalon.core.main.ScriptEngine.run(ScriptEngine.java:194)
	at com.kms.katalon.core.main.ScriptEngine.runScriptAsRawText(ScriptEngine.java:119)
	at com.kms.katalon.core.main.TestCaseExecutor.runScript(TestCaseExecutor.java:445)
	at com.kms.katalon.core.main.TestCaseExecutor.doExecute(TestCaseExecutor.java:436)
	at com.kms.katalon.core.main.TestCaseExecutor.processExecutionPhase(TestCaseExecutor.java:415)
	at com.kms.katalon.core.main.TestCaseExecutor.accessMainPhase(TestCaseExecutor.java:407)
	at com.kms.katalon.core.main.TestCaseExecutor.execute(TestCaseExecutor.java:284)
	at com.kms.katalon.core.common.CommonExecutor.accessTestCaseMainPhase(CommonExecutor.java:65)
	at com.kms.katalon.core.main.TestSuiteExecutor.accessTestSuiteMainPhase(TestSuiteExecutor.java:144)
	at com.kms.katalon.core.main.TestSuiteExecutor.execute(TestSuiteExecutor.java:106)
	at com.kms.katalon.core.main.TestCaseMain.startTestSuite(TestCaseMain.java:185)
	at com.kms.katalon.core.main.TestCaseMain$startTestSuite$0.call(Unknown Source)
	at TempTestSuite1705922193915.run(TempTestSuite1705922193915.groovy:36)
)
[[ATTACHMENT|C:\\Users\\Fadli\\git\\KatalonDailyGetData2\\Reports\\20240122_174123\\TS1\\20240122_181633\\1705922678575.png]]

2024-01-22 18:24:38 - [TEST_STEP][PASSED] - else: null

2024-01-22 18:24:38 - [TEST_STEP][PASSED] - strSeller3 = getText(findTestObject("Stockbit/Bandarmology_Seller3")): Text of object 'Object Repository/Stockbit/Bandarmology_Seller3' is: 'BK'

2024-01-22 18:24:38 - [MESSAGE][PASSED] - Text of object 'Object Repository/Stockbit/Bandarmology_Seller3' is: 'BK'

2024-01-22 18:24:38 - [TEST_STEP][PASSED] - strSellerVol3 = getText(findTestObject("Stockbit/Bandarmology_SellerVol3")): Text of object 'Object Repository/Stockbit/Bandarmology_SellerVol3' is: '581'

2024-01-22 18:24:38 - [MESSAGE][PASSED] - Text of object 'Object Repository/Stockbit/Bandarmology_SellerVol3' is: '581'

2024-01-22 18:24:38 - [TEST_STEP][PASSED] - strSellerAvg3 = getText(findTestObject("Stockbit/Bandarmology_SellerAvg3")): Text of object 'Object Repository/Stockbit/Bandarmology_SellerAvg3' is: '54'

2024-01-22 18:24:39 - [MESSAGE][PASSED] - Text of object 'Object Repository/Stockbit/Bandarmology_SellerAvg3' is: '54'

2024-01-22 18:24:39 - [TEST_STEP][PASSED] - if (strSeller3 != ""): null

2024-01-22 18:24:39 - [TEST_STEP][PASSED] - if (strSellerAvg3.contains(",")): null

2024-01-22 18:24:39 - [TEST_STEP][PASSED] - if (strSellerVol3.contains(" B")): null

2024-01-22 18:24:39 - [TEST_STEP][PASSED] - strAccDist = getText(findTestObject("Stockbit/Bandarmology_AccDist")): Text of object 'Object Repository/Stockbit/Bandarmology_AccDist' is: 'Dist'

2024-01-22 18:24:39 - [MESSAGE][PASSED] - Text of object 'Object Repository/Stockbit/Bandarmology_AccDist' is: 'Dist'

2024-01-22 18:24:39 - [TEST_STEP][PASSED] - strNetVol = getText(findTestObject("Stockbit/Bandarmology_NetVol")): Text of object 'Object Repository/Stockbit/Bandarmology_NetVol' is: '7,587'

2024-01-22 18:24:39 - [MESSAGE][PASSED] - Text of object 'Object Repository/Stockbit/Bandarmology_NetVol' is: '7,587'

2024-01-22 18:24:39 - [TEST_STEP][PASSED] - strNetVol = strNetVol.replace(",", ""): null

2024-01-22 18:24:39 - [TEST_STEP][PASSED] - strNetVal = getText(findTestObject("Stockbit/Bandarmology_NetVal")): Text of object 'Object Repository/Stockbit/Bandarmology_NetVal' is: '0 B'

2024-01-22 18:24:39 - [MESSAGE][PASSED] - Text of object 'Object Repository/Stockbit/Bandarmology_NetVal' is: '0 B'

2024-01-22 18:24:39 - [TEST_STEP][PASSED] - delay(3): Delayed 3 second(s)

2024-01-22 18:24:42 - [MESSAGE][PASSED] - Delayed 3 second(s)

2024-01-22 18:24:42 - [TEST_STEP][PASSED] - strOpenPrice = getText(findTestObject("Stockbit/Home_OpenPrice")): Text of object 'Object Repository/Stockbit/Home_OpenPrice' is: '55'

2024-01-22 18:24:42 - [MESSAGE][PASSED] - Text of object 'Object Repository/Stockbit/Home_OpenPrice' is: '55'

2024-01-22 18:24:42 - [TEST_STEP][PASSED] - strOpenPrice = strOpenPrice.replace(",", ""): null

2024-01-22 18:24:42 - [TEST_STEP][PASSED] - strLowPrice = getText(findTestObject("Stockbit/Home_LowPrice")): Text of object 'Object Repository/Stockbit/Home_LowPrice' is: '53'

2024-01-22 18:24:42 - [MESSAGE][PASSED] - Text of object 'Object Repository/Stockbit/Home_LowPrice' is: '53'

2024-01-22 18:24:42 - [TEST_STEP][PASSED] - strLowPrice = strLowPrice.replace(",", ""): null

2024-01-22 18:24:42 - [TEST_STEP][PASSED] - strHighPrice = getText(findTestObject("Stockbit/Home_HighPrice")): Text of object 'Object Repository/Stockbit/Home_HighPrice' is: '55'

2024-01-22 18:24:42 - [MESSAGE][PASSED] - Text of object 'Object Repository/Stockbit/Home_HighPrice' is: '55'

2024-01-22 18:24:42 - [TEST_STEP][PASSED] - strHighPrice = strHighPrice.replace(",", ""): null

2024-01-22 18:24:42 - [TEST_STEP][PASSED] - strClosePrice = getText(findTestObject("Stockbit/Home_ClosePrice")): Text of object 'Object Repository/Stockbit/Home_ClosePrice' is: '54'

2024-01-22 18:24:42 - [MESSAGE][PASSED] - Text of object 'Object Repository/Stockbit/Home_ClosePrice' is: '54'

2024-01-22 18:24:42 - [TEST_STEP][PASSED] - strClosePrice = strClosePrice.replace(",", ""): null

2024-01-22 18:24:42 - [TEST_STEP][PASSED] - strVol = getText(findTestObject("Stockbit/Home_Volume")): Text of object 'Object Repository/Stockbit/Home_Volume' is: '10 K'

2024-01-22 18:24:43 - [MESSAGE][PASSED] - Text of object 'Object Repository/Stockbit/Home_Volume' is: '10 K'

2024-01-22 18:24:43 - [TEST_STEP][PASSED] - if (strVol.contains(" K")): null

2024-01-22 18:24:43 - [TEST_STEP][PASSED] - strVol = strVol.replace(" K", "000"): null

2024-01-22 18:24:43 - [TEST_STEP][PASSED] - if (strVol.contains(",")): null

2024-01-22 18:24:43 - [TEST_STEP][PASSED] - strChange = getText(findTestObject("Stockbit/Home_Change")): Text of object 'Object Repository/Stockbit/Home_Change' is: '-1.82%'

2024-01-22 18:24:43 - [MESSAGE][PASSED] - Text of object 'Object Repository/Stockbit/Home_Change' is: '-1.82%'

2024-01-22 18:24:43 - [TEST_STEP][PASSED] - strChange = strChange.replace("%", ""): null

2024-01-22 18:24:43 - [TEST_STEP][PASSED] - strFreq = getText(findTestObject("Stockbit/Home_Freq")): Text of object 'Object Repository/Stockbit/Home_Freq' is: '87'

2024-01-22 18:24:43 - [MESSAGE][PASSED] - Text of object 'Object Repository/Stockbit/Home_Freq' is: '87'

2024-01-22 18:24:43 - [TEST_STEP][PASSED] - if (strFreq.contains(",")): null

2024-01-22 18:24:43 - [TEST_STEP][PASSED] - if (strFreq == "NA" || strFreq == ""): null

2024-01-22 18:24:43 - [TEST_STEP][PASSED] - else: null

2024-01-22 18:24:43 - [TEST_STEP][PASSED] - dblFreqAnal = strVol.toDouble() / strFreq.toDouble() * strFreq.toDouble() * strFreq.toDouble() * 100000000: null

2024-01-22 18:24:43 - [TEST_STEP][PASSED] - strFreqAnal = String.format("%.4f", dblFreqAnal): null

2024-01-22 18:24:43 - [TEST_STEP][PASSED] - out.println("Double strFreqAnal: " + strFreqAnal): null

2024-01-22 18:24:43 - [TEST_STEP][PASSED] - strTanggal = d.format(DateTimeFormatter.ofPattern("yyyy-MM-dd")): null

2024-01-22 18:24:43 - [TEST_STEP][PASSED] - strTanggal = "#" + strTanggal + "#": null

2024-01-22 18:24:43 - [TEST_STEP][PASSED] - strSQL = "select count(*) as JumBaris from TblBrokSum where Nama = '" + strNama + "' and Tanggal = " + strTanggal + "": null

2024-01-22 18:24:43 - [TEST_STEP][PASSED] - resultSet = statement.executeQuery(strSQL): null

2024-01-22 18:24:43 - [TEST_STEP][PASSED] - resultSet.next(): null

2024-01-22 18:24:43 - [TEST_STEP][PASSED] - intJumBaris = resultSet.getInt("JumBaris"): null

2024-01-22 18:24:43 - [TEST_STEP][PASSED] - if (intJumBaris > 0): null

2024-01-22 18:24:43 - [TEST_STEP][PASSED] - else: null

2024-01-22 18:24:43 - [TEST_STEP][PASSED] - try: null

2024-01-22 18:24:43 - [TEST_STEP][PASSED] - out.println("Insert data"): null

2024-01-22 18:24:43 - [TEST_STEP][PASSED] - strSQL = "insert into TblBrokSum (nama, tanggal, top1, top2, top3, AllBrokAvg, AccDist, AvgRP, " + "Buyer1, BuyerVal1, BuyerAvg1, Seller1, SellerVal1, SellerAvg1, Buyer2, BuyerVal2, BuyerAvg2, " + "Seller2, SellerVal2, SellerAvg2, Buyer3, BuyerVal3, BuyerAvg3, Seller3, SellerVal3, SellerAvg3, NetVol, NetVal, " + "OpenPrice, LowPrice, HighPrice, ClosePrice, Volume, Change, Frekuensi, FrekAnal) " + "values ('" + strNama + "', " + strTanggal + ", '" + strTop1 + "', '" + strTop3 + "', '" + strTop5 + "', " + "'" + strAllBrokAvg + "', '" + strAccDist + "', " + intAvgRP + ", '" + strBuyer1 + "', '" + strBuyerVol1 + "', " + strBuyerAvg1 + ", " + "'" + strSeller1 + "', '" + strSellerVol1 + "', " + strSellerAvg1 + ", '" + strBuyer2 + "', '" + strBuyerVol2 + "', " + strBuyerAvg2 + ", " + "'" + strSeller2 + "', '" + strSellerVol2 + "', " + strSellerAvg2 + ", '" + strBuyer3 + "', '" + strBuyerVol3 + "', " + strBuyerAvg3 + ", " + "'" + strSeller3 + "', '" + strSellerVol3 + "', " + strSellerAvg3 + ", " + strNetVol + ", '" + strNetVal + "', " + "" + strOpenPrice + ", " + strLowPrice + ", " + strHighPrice + ", " + strClosePrice + ", '" + strVol + "', " + strChange + ", " + strFreq + ", " + strFreqAnal + ");": null

2024-01-22 18:24:43 - [TEST_STEP][PASSED] - out.println("strSQL = " + strSQL): null

2024-01-22 18:24:43 - [TEST_STEP][PASSED] - statement.executeUpdate(strSQL): null

2024-01-22 18:24:43 - [TEST_STEP][PASSED] - setValueToCellByIndex(sheet01, rowIndex, 4, "DONE"): null

2024-01-22 18:24:43 - [TEST_STEP][PASSED] - saveWorkbook(excelFilePath, workbook01): null

2024-01-22 18:24:43 - [TEST_STEP][PASSED] - waitForElementClickable(findTestObject("Stockbit/menu_Bandarmology"), 10): Object 'Object Repository/Stockbit/menu_Bandarmology' is clickable

2024-01-22 18:24:43 - [MESSAGE][PASSED] - Object 'Object Repository/Stockbit/menu_Bandarmology' is clickable

2024-01-22 18:24:43 - [TEST_STEP][PASSED] - click(findTestObject("Stockbit/menu_Bandarmology")): Object: 'Object Repository/Stockbit/menu_Bandarmology' is clicked on

2024-01-22 18:24:43 - [MESSAGE][PASSED] - Object: 'Object Repository/Stockbit/menu_Bandarmology' is clicked on

2024-01-22 18:24:43 - [TEST_STEP][PASSED] - strTemp = "NA": null

2024-01-22 18:24:43 - [TEST_STEP][PASSED] - if (getCellValueByIndex(sheet01, rowIndex, 4) != "DONE"): Object: 'Object Repository/Stockbit/menu_Bandarmology' is clicked on

2024-01-22 18:24:43 - [TEST_STEP][PASSED] - strNama = getCellValueByIndex(sheet01, rowIndex, 0): null

2024-01-22 18:24:43 - [TEST_STEP][PASSED] - navigateToUrl("https://stockbit.com/#/symbol/" + strNama): Navigate to 'https://stockbit.com/#/symbol/AHAP' successfully

2024-01-22 18:24:46 - [MESSAGE][PASSED] - Navigate to 'https://stockbit.com/#/symbol/AHAP' successfully

2024-01-22 18:24:46 - [TEST_STEP][PASSED] - waitForElementClickable(findTestObject("Stockbit/menu_Bandarmology"), 10): Object 'Object Repository/Stockbit/menu_Bandarmology' is clickable

2024-01-22 18:24:46 - [MESSAGE][PASSED] - Object 'Object Repository/Stockbit/menu_Bandarmology' is clickable

2024-01-22 18:24:46 - [TEST_STEP][PASSED] - click(findTestObject("Stockbit/menu_Bandarmology")): Object: 'Object Repository/Stockbit/menu_Bandarmology' is clicked on

2024-01-22 18:24:47 - [MESSAGE][PASSED] - Object: 'Object Repository/Stockbit/menu_Bandarmology' is clicked on

2024-01-22 18:24:47 - [TEST_STEP][PASSED] - strTanggal = d.format(DateTimeFormatter.ofPattern("MMM dd, yyyy")): null

2024-01-22 18:24:47 - [TEST_STEP][PASSED] - strTanggal = d.format(ISO_DATE): null

2024-01-22 18:24:47 - [TEST_STEP][PASSED] - out.println("strTanggal = " + strTanggal): null

2024-01-22 18:24:47 - [TEST_STEP][PASSED] - out.println("strNama = " + strNama): null

2024-01-22 18:24:47 - [TEST_STEP][PASSED] - out.println("Baris ke = " + rowIndex): null

2024-01-22 18:24:47 - [TEST_STEP][PASSED] - click(findTestObject("Stockbit/input__BandarmologyOpenStartDate")): Object: 'Object Repository/Stockbit/input__BandarmologyOpenStartDate' is clicked on

2024-01-22 18:24:48 - [MESSAGE][PASSED] - Object: 'Object Repository/Stockbit/input__BandarmologyOpenStartDate' is clicked on

2024-01-22 18:24:48 - [TEST_STEP][PASSED] - sendKeys(findTestObject("Stockbit/input__BandarmologyOpenStartDate"), Keys.chord(CONTROL, "a")): Keys 'CONTROL + a' sent to object: 'Object Repository/Stockbit/input__BandarmologyOpenStartDate'

2024-01-22 18:24:49 - [MESSAGE][PASSED] - Keys 'CONTROL + a' sent to object: 'Object Repository/Stockbit/input__BandarmologyOpenStartDate'

2024-01-22 18:24:49 - [TEST_STEP][PASSED] - sendKeys(findTestObject("Stockbit/input__BandarmologyOpenStartDate"), Keys.chord(BACK_SPACE)): Keys 'BACK_SPACE + ' sent to object: 'Object Repository/Stockbit/input__BandarmologyOpenStartDate'

2024-01-22 18:24:49 - [MESSAGE][PASSED] - Keys 'BACK_SPACE + ' sent to object: 'Object Repository/Stockbit/input__BandarmologyOpenStartDate'

2024-01-22 18:24:49 - [TEST_STEP][PASSED] - setText(findTestObject("Stockbit/input__BandarmologyOpenStartDate"), strTanggal): Text '2024-01-22' is set on object 'Object Repository/Stockbit/input__BandarmologyOpenStartDate'

2024-01-22 18:24:50 - [MESSAGE][PASSED] - Text '2024-01-22' is set on object 'Object Repository/Stockbit/input__BandarmologyOpenStartDate'

2024-01-22 18:24:50 - [TEST_STEP][PASSED] - sendKeys(findTestObject("Stockbit/input__BandarmologyOpenStartDate"), Keys.chord(ENTER)): Keys 'ENTER + ' sent to object: 'Object Repository/Stockbit/input__BandarmologyOpenStartDate'

2024-01-22 18:24:50 - [MESSAGE][PASSED] - Keys 'ENTER + ' sent to object: 'Object Repository/Stockbit/input__BandarmologyOpenStartDate'

2024-01-22 18:24:50 - [TEST_STEP][PASSED] - click(findTestObject("Stockbit/input__BandarmologyOpenEndDate")): Object: 'Object Repository/Stockbit/input__BandarmologyOpenEndDate' is clicked on

2024-01-22 18:24:51 - [MESSAGE][PASSED] - Object: 'Object Repository/Stockbit/input__BandarmologyOpenEndDate' is clicked on

2024-01-22 18:24:51 - [TEST_STEP][PASSED] - sendKeys(findTestObject("Stockbit/input__BandarmologyOpenEndDate"), Keys.chord(CONTROL, "a")): Keys 'CONTROL + a' sent to object: 'Object Repository/Stockbit/input__BandarmologyOpenEndDate'

2024-01-22 18:24:51 - [MESSAGE][PASSED] - Keys 'CONTROL + a' sent to object: 'Object Repository/Stockbit/input__BandarmologyOpenEndDate'

2024-01-22 18:24:51 - [TEST_STEP][PASSED] - sendKeys(findTestObject("Stockbit/input__BandarmologyOpenEndDate"), Keys.chord(BACK_SPACE)): Keys 'BACK_SPACE + ' sent to object: 'Object Repository/Stockbit/input__BandarmologyOpenEndDate'

2024-01-22 18:24:52 - [MESSAGE][PASSED] - Keys 'BACK_SPACE + ' sent to object: 'Object Repository/Stockbit/input__BandarmologyOpenEndDate'

2024-01-22 18:24:52 - [TEST_STEP][PASSED] - setText(findTestObject("Stockbit/input__BandarmologyOpenEndDate"), strTanggal): Text '2024-01-22' is set on object 'Object Repository/Stockbit/input__BandarmologyOpenEndDate'

2024-01-22 18:24:53 - [MESSAGE][PASSED] - Text '2024-01-22' is set on object 'Object Repository/Stockbit/input__BandarmologyOpenEndDate'

2024-01-22 18:24:53 - [TEST_STEP][PASSED] - sendKeys(findTestObject("Stockbit/input__BandarmologyOpenEndDate"), Keys.chord(ENTER)): Keys 'ENTER + ' sent to object: 'Object Repository/Stockbit/input__BandarmologyOpenEndDate'

2024-01-22 18:24:53 - [MESSAGE][PASSED] - Keys 'ENTER + ' sent to object: 'Object Repository/Stockbit/input__BandarmologyOpenEndDate'

2024-01-22 18:24:53 - [TEST_STEP][PASSED] - delay(2): Delayed 2 second(s)

2024-01-22 18:24:55 - [MESSAGE][PASSED] - Delayed 2 second(s)

2024-01-22 18:24:55 - [TEST_STEP][PASSED] - strTemp = getText(findTestObject("Stockbit/Bandarmology_AvgRP")): Text of object 'Object Repository/Stockbit/Bandarmology_AvgRP' is: '84'

2024-01-22 18:24:55 - [MESSAGE][PASSED] - Text of object 'Object Repository/Stockbit/Bandarmology_AvgRP' is: '84'

2024-01-22 18:24:55 - [TEST_STEP][PASSED] - out.println("Bandarmology_AvgRP = " + strTemp): null

2024-01-22 18:24:55 - [TEST_STEP][PASSED] - if (strTemp != "0"): null

2024-01-22 18:24:55 - [TEST_STEP][PASSED] - strTop1 = getText(findTestObject("Stockbit/Bandarmology_Top1")): Text of object 'Object Repository/Stockbit/Bandarmology_Top1' is: 'Big Dist'

2024-01-22 18:24:56 - [MESSAGE][PASSED] - Text of object 'Object Repository/Stockbit/Bandarmology_Top1' is: 'Big Dist'

2024-01-22 18:24:56 - [TEST_STEP][PASSED] - strTop3 = getText(findTestObject("Stockbit/Bandarmology_Top3")): Text of object 'Object Repository/Stockbit/Bandarmology_Top3' is: 'Normal Dist'

2024-01-22 18:24:56 - [MESSAGE][PASSED] - Text of object 'Object Repository/Stockbit/Bandarmology_Top3' is: 'Normal Dist'

2024-01-22 18:24:56 - [TEST_STEP][PASSED] - strTop5 = getText(findTestObject("Stockbit/Bandarmology_Top5")): Text of object 'Object Repository/Stockbit/Bandarmology_Top5' is: 'Small Dist'

2024-01-22 18:24:56 - [MESSAGE][PASSED] - Text of object 'Object Repository/Stockbit/Bandarmology_Top5' is: 'Small Dist'

2024-01-22 18:24:56 - [TEST_STEP][PASSED] - strAllBrokAvg = getText(findTestObject("Stockbit/Bandarmology_TopAVG")): Text of object 'Object Repository/Stockbit/Bandarmology_TopAVG' is: 'Small Dist'

2024-01-22 18:24:56 - [MESSAGE][PASSED] - Text of object 'Object Repository/Stockbit/Bandarmology_TopAVG' is: 'Small Dist'

2024-01-22 18:24:56 - [TEST_STEP][PASSED] - strTemp = getText(findTestObject("Stockbit/Bandarmology_AvgRP")): Text of object 'Object Repository/Stockbit/Bandarmology_AvgRP' is: '84'

2024-01-22 18:24:56 - [MESSAGE][PASSED] - Text of object 'Object Repository/Stockbit/Bandarmology_AvgRP' is: '84'

2024-01-22 18:24:56 - [TEST_STEP][PASSED] - if (strTemp.contains(",")): null

2024-01-22 18:24:56 - [TEST_STEP][PASSED] - intAvgRP = strTemp.toInteger(): null

2024-01-22 18:24:56 - [TEST_STEP][PASSED] - strBuyer1 = getText(findTestObject("Stockbit/Bandarmology_Buyer1")): Text of object 'Object Repository/Stockbit/Bandarmology_Buyer1' is: 'YP'

2024-01-22 18:24:56 - [MESSAGE][PASSED] - Text of object 'Object Repository/Stockbit/Bandarmology_Buyer1' is: 'YP'

2024-01-22 18:24:56 - [TEST_STEP][PASSED] - strBuyerVol1 = getText(findTestObject("Stockbit/Bandarmology_BuyerVol1")): Text of object 'Object Repository/Stockbit/Bandarmology_BuyerVol1' is: '10.2 K'

2024-01-22 18:24:57 - [MESSAGE][PASSED] - Text of object 'Object Repository/Stockbit/Bandarmology_BuyerVol1' is: '10.2 K'

2024-01-22 18:24:57 - [TEST_STEP][PASSED] - strBuyerAvg1 = getText(findTestObject("Stockbit/Bandarmology_BuyerAvg1")): Text of object 'Object Repository/Stockbit/Bandarmology_BuyerAvg1' is: '85'

2024-01-22 18:24:57 - [MESSAGE][PASSED] - Text of object 'Object Repository/Stockbit/Bandarmology_BuyerAvg1' is: '85'

2024-01-22 18:24:57 - [TEST_STEP][PASSED] - if (strBuyerAvg1.contains(",")): null

2024-01-22 18:24:57 - [TEST_STEP][PASSED] - if (strBuyerVol1.contains(" B")): null

2024-01-22 18:24:57 - [TEST_STEP][PASSED] - else if (strBuyerVol1.contains(" M")): null

2024-01-22 18:24:57 - [TEST_STEP][PASSED] - else if (strBuyerVol1.contains(" K")): null

2024-01-22 18:24:57 - [TEST_STEP][PASSED] - strBuyerVol1 = strBuyerVol1.replace(" K", ""): null

2024-01-22 18:24:57 - [TEST_STEP][PASSED] - strBuyerVol1 = strBuyerVol1.toDouble() * 1000: null

2024-01-22 18:24:57 - [TEST_STEP][PASSED] - strSeller1 = getText(findTestObject("Stockbit/Bandarmology_Seller1")): Text of object 'Object Repository/Stockbit/Bandarmology_Seller1' is: 'GR'

2024-01-22 18:24:57 - [MESSAGE][PASSED] - Text of object 'Object Repository/Stockbit/Bandarmology_Seller1' is: 'GR'

2024-01-22 18:24:57 - [TEST_STEP][PASSED] - strSellerVol1 = getText(findTestObject("Stockbit/Bandarmology_SellerVol1")): Text of object 'Object Repository/Stockbit/Bandarmology_SellerVol1' is: '15 K'

2024-01-22 18:24:57 - [MESSAGE][PASSED] - Text of object 'Object Repository/Stockbit/Bandarmology_SellerVol1' is: '15 K'

2024-01-22 18:24:57 - [TEST_STEP][PASSED] - strSellerAvg1 = getText(findTestObject("Stockbit/Bandarmology_SellerAvg1")): Text of object 'Object Repository/Stockbit/Bandarmology_SellerAvg1' is: '84'

2024-01-22 18:24:57 - [MESSAGE][PASSED] - Text of object 'Object Repository/Stockbit/Bandarmology_SellerAvg1' is: '84'

2024-01-22 18:24:57 - [TEST_STEP][PASSED] - if (strSellerAvg1.contains(",")): null

2024-01-22 18:24:57 - [TEST_STEP][PASSED] - if (strSellerVol1.contains(" B")): null

2024-01-22 18:24:57 - [TEST_STEP][PASSED] - else if (strSellerVol1.contains(" M")): null

2024-01-22 18:24:57 - [TEST_STEP][PASSED] - else if (strSellerVol1.contains(" K")): null

2024-01-22 18:24:57 - [TEST_STEP][PASSED] - strSellerVol1 = strSellerVol1.replace(" K", ""): null

2024-01-22 18:24:57 - [TEST_STEP][PASSED] - strSellerVol1 = strSellerVol1.toDouble() * 1000: null

2024-01-22 18:24:57 - [TEST_STEP][PASSED] - if (verifyElementNotPresent(findTestObject("Stockbit/Bandarmology_Buyer2"), 1, OPTIONAL)): Web element with id: 'Object Repository/Stockbit/Bandarmology_Buyer2' located by 'By.xpath: //*[contains(@id, 'rc-tabs-')]/div[2]/div/div/div/div/div/div[2]/table/tbody/tr[3]/td[1]/p' is present after '1' second(s) (Root cause: com.kms.katalon.core.exception.StepFailedException: Web element with id: 'Object Repository/Stockbit/Bandarmology_Buyer2' located by 'By.xpath: //*[contains(@id, 'rc-tabs-')]/div[2]/div/div/div/div/div/div[2]/table/tbody/tr[3]/td[1]/p' is present after '1' second(s)
	at com.kms.katalon.core.webui.keyword.internal.WebUIKeywordMain.stepFailed(WebUIKeywordMain.groovy:64)
	at com.kms.katalon.core.webui.keyword.internal.WebUIKeywordMain$stepFailed$0.call(Unknown Source)
	at com.kms.katalon.core.webui.keyword.builtin.VerifyElementNotPresentKeyword$_verifyElementNotPresent_closure1.doCall(VerifyElementNotPresentKeyword.groovy:106)
	at com.kms.katalon.core.webui.keyword.builtin.VerifyElementNotPresentKeyword$_verifyElementNotPresent_closure1.doCall(VerifyElementNotPresentKeyword.groovy)
	at com.kms.katalon.core.webui.keyword.internal.WebUIKeywordMain.runKeyword(WebUIKeywordMain.groovy:20)
	at com.kms.katalon.core.webui.keyword.internal.WebUIKeywordMain$runKeyword.call(Unknown Source)
	at com.kms.katalon.core.webui.keyword.builtin.VerifyElementNotPresentKeyword.verifyElementNotPresent(VerifyElementNotPresentKeyword.groovy:117)
	at com.kms.katalon.core.webui.keyword.builtin.VerifyElementNotPresentKeyword.execute(VerifyElementNotPresentKeyword.groovy:68)
	at com.kms.katalon.core.keyword.internal.KeywordExecutor.executeKeywordForPlatform(KeywordExecutor.groovy:74)
	at com.kms.katalon.core.webui.keyword.WebUiBuiltInKeywords.verifyElementNotPresent(WebUiBuiltInKeywords.groovy:1481)
	at com.kms.katalon.core.webui.keyword.WebUiBuiltInKeywords$verifyElementNotPresent$8.call(Unknown Source)
	at GetBrokSumPriceDaily.run(GetBrokSumPriceDaily:258)
	at com.kms.katalon.core.main.ScriptEngine.run(ScriptEngine.java:194)
	at com.kms.katalon.core.main.ScriptEngine.runScriptAsRawText(ScriptEngine.java:119)
	at com.kms.katalon.core.main.TestCaseExecutor.runScript(TestCaseExecutor.java:445)
	at com.kms.katalon.core.main.TestCaseExecutor.doExecute(TestCaseExecutor.java:436)
	at com.kms.katalon.core.main.TestCaseExecutor.processExecutionPhase(TestCaseExecutor.java:415)
	at com.kms.katalon.core.main.TestCaseExecutor.accessMainPhase(TestCaseExecutor.java:407)
	at com.kms.katalon.core.main.TestCaseExecutor.execute(TestCaseExecutor.java:284)
	at com.kms.katalon.core.common.CommonExecutor.accessTestCaseMainPhase(CommonExecutor.java:65)
	at com.kms.katalon.core.main.TestSuiteExecutor.accessTestSuiteMainPhase(TestSuiteExecutor.java:144)
	at com.kms.katalon.core.main.TestSuiteExecutor.execute(TestSuiteExecutor.java:106)
	at com.kms.katalon.core.main.TestCaseMain.startTestSuite(TestCaseMain.java:185)
	at com.kms.katalon.core.main.TestCaseMain$startTestSuite$0.call(Unknown Source)
	at TempTestSuite1705922193915.run(TempTestSuite1705922193915.groovy:36)
)

2024-01-22 18:24:59 - [MESSAGE][WARNING] - Web element with id: 'Object Repository/Stockbit/Bandarmology_Buyer2' located by 'By.xpath: //*[contains(@id, 'rc-tabs-')]/div[2]/div/div/div/div/div/div[2]/table/tbody/tr[3]/td[1]/p' is present after '1' second(s) (Root cause: com.kms.katalon.core.exception.StepFailedException: Web element with id: 'Object Repository/Stockbit/Bandarmology_Buyer2' located by 'By.xpath: //*[contains(@id, 'rc-tabs-')]/div[2]/div/div/div/div/div/div[2]/table/tbody/tr[3]/td[1]/p' is present after '1' second(s)
	at com.kms.katalon.core.webui.keyword.internal.WebUIKeywordMain.stepFailed(WebUIKeywordMain.groovy:64)
	at com.kms.katalon.core.webui.keyword.internal.WebUIKeywordMain$stepFailed$0.call(Unknown Source)
	at com.kms.katalon.core.webui.keyword.builtin.VerifyElementNotPresentKeyword$_verifyElementNotPresent_closure1.doCall(VerifyElementNotPresentKeyword.groovy:106)
	at com.kms.katalon.core.webui.keyword.builtin.VerifyElementNotPresentKeyword$_verifyElementNotPresent_closure1.doCall(VerifyElementNotPresentKeyword.groovy)
	at com.kms.katalon.core.webui.keyword.internal.WebUIKeywordMain.runKeyword(WebUIKeywordMain.groovy:20)
	at com.kms.katalon.core.webui.keyword.internal.WebUIKeywordMain$runKeyword.call(Unknown Source)
	at com.kms.katalon.core.webui.keyword.builtin.VerifyElementNotPresentKeyword.verifyElementNotPresent(VerifyElementNotPresentKeyword.groovy:117)
	at com.kms.katalon.core.webui.keyword.builtin.VerifyElementNotPresentKeyword.execute(VerifyElementNotPresentKeyword.groovy:68)
	at com.kms.katalon.core.keyword.internal.KeywordExecutor.executeKeywordForPlatform(KeywordExecutor.groovy:74)
	at com.kms.katalon.core.webui.keyword.WebUiBuiltInKeywords.verifyElementNotPresent(WebUiBuiltInKeywords.groovy:1481)
	at com.kms.katalon.core.webui.keyword.WebUiBuiltInKeywords$verifyElementNotPresent$8.call(Unknown Source)
	at GetBrokSumPriceDaily.run(GetBrokSumPriceDaily:258)
	at com.kms.katalon.core.main.ScriptEngine.run(ScriptEngine.java:194)
	at com.kms.katalon.core.main.ScriptEngine.runScriptAsRawText(ScriptEngine.java:119)
	at com.kms.katalon.core.main.TestCaseExecutor.runScript(TestCaseExecutor.java:445)
	at com.kms.katalon.core.main.TestCaseExecutor.doExecute(TestCaseExecutor.java:436)
	at com.kms.katalon.core.main.TestCaseExecutor.processExecutionPhase(TestCaseExecutor.java:415)
	at com.kms.katalon.core.main.TestCaseExecutor.accessMainPhase(TestCaseExecutor.java:407)
	at com.kms.katalon.core.main.TestCaseExecutor.execute(TestCaseExecutor.java:284)
	at com.kms.katalon.core.common.CommonExecutor.accessTestCaseMainPhase(CommonExecutor.java:65)
	at com.kms.katalon.core.main.TestSuiteExecutor.accessTestSuiteMainPhase(TestSuiteExecutor.java:144)
	at com.kms.katalon.core.main.TestSuiteExecutor.execute(TestSuiteExecutor.java:106)
	at com.kms.katalon.core.main.TestCaseMain.startTestSuite(TestCaseMain.java:185)
	at com.kms.katalon.core.main.TestCaseMain$startTestSuite$0.call(Unknown Source)
	at TempTestSuite1705922193915.run(TempTestSuite1705922193915.groovy:36)
)
[[ATTACHMENT|C:\\Users\\Fadli\\git\\KatalonDailyGetData2\\Reports\\20240122_174123\\TS1\\20240122_181633\\1705922698955.png]]

2024-01-22 18:24:59 - [TEST_STEP][PASSED] - else: null

2024-01-22 18:24:59 - [TEST_STEP][PASSED] - strBuyer2 = getText(findTestObject("Stockbit/Bandarmology_Buyer2")): Text of object 'Object Repository/Stockbit/Bandarmology_Buyer2' is: 'KK'

2024-01-22 18:24:59 - [MESSAGE][PASSED] - Text of object 'Object Repository/Stockbit/Bandarmology_Buyer2' is: 'KK'

2024-01-22 18:24:59 - [TEST_STEP][PASSED] - strBuyerVol2 = getText(findTestObject("Stockbit/Bandarmology_BuyerVol2")): Text of object 'Object Repository/Stockbit/Bandarmology_BuyerVol2' is: '2.7 K'

2024-01-22 18:24:59 - [MESSAGE][PASSED] - Text of object 'Object Repository/Stockbit/Bandarmology_BuyerVol2' is: '2.7 K'

2024-01-22 18:24:59 - [TEST_STEP][PASSED] - strBuyerAvg2 = getText(findTestObject("Stockbit/Bandarmology_BuyerAvg2")): Text of object 'Object Repository/Stockbit/Bandarmology_BuyerAvg2' is: '84'

2024-01-22 18:24:59 - [MESSAGE][PASSED] - Text of object 'Object Repository/Stockbit/Bandarmology_BuyerAvg2' is: '84'

2024-01-22 18:24:59 - [TEST_STEP][PASSED] - if (strBuyer2 != ""): null

2024-01-22 18:24:59 - [TEST_STEP][PASSED] - if (strBuyerAvg2.contains(",")): null

2024-01-22 18:24:59 - [TEST_STEP][PASSED] - if (strBuyerVol2.contains(" B")): null

2024-01-22 18:24:59 - [TEST_STEP][PASSED] - else if (strBuyerVol2.contains(" M")): null

2024-01-22 18:24:59 - [TEST_STEP][PASSED] - else if (strBuyerVol2.contains(" K")): null

2024-01-22 18:24:59 - [TEST_STEP][PASSED] - strBuyerVol2 = strBuyerVol2.replace(" K", ""): null

2024-01-22 18:24:59 - [TEST_STEP][PASSED] - strBuyerVol2 = strBuyerVol2.toDouble() * 1000: null

2024-01-22 18:24:59 - [TEST_STEP][PASSED] - if (strBuyerVol2.contains(".")): null

2024-01-22 18:24:59 - [TEST_STEP][PASSED] - strBuyerVal2 = strBuyerVol2.replace(".", ""): null

2024-01-22 18:24:59 - [TEST_STEP][PASSED] - if (verifyElementNotPresent(findTestObject("Stockbit/Bandarmology_Seller2"), 1, OPTIONAL)): Web element with id: 'Object Repository/Stockbit/Bandarmology_Seller2' located by 'By.xpath: //*[contains(@id, 'rc-tabs-')]/div[2]/div/div/div/div/div/div[2]/table/tbody/tr[3]/td[5]/p' is present after '1' second(s) (Root cause: com.kms.katalon.core.exception.StepFailedException: Web element with id: 'Object Repository/Stockbit/Bandarmology_Seller2' located by 'By.xpath: //*[contains(@id, 'rc-tabs-')]/div[2]/div/div/div/div/div/div[2]/table/tbody/tr[3]/td[5]/p' is present after '1' second(s)
	at com.kms.katalon.core.webui.keyword.internal.WebUIKeywordMain.stepFailed(WebUIKeywordMain.groovy:64)
	at com.kms.katalon.core.webui.keyword.internal.WebUIKeywordMain$stepFailed$0.call(Unknown Source)
	at com.kms.katalon.core.webui.keyword.builtin.VerifyElementNotPresentKeyword$_verifyElementNotPresent_closure1.doCall(VerifyElementNotPresentKeyword.groovy:106)
	at com.kms.katalon.core.webui.keyword.builtin.VerifyElementNotPresentKeyword$_verifyElementNotPresent_closure1.doCall(VerifyElementNotPresentKeyword.groovy)
	at com.kms.katalon.core.webui.keyword.internal.WebUIKeywordMain.runKeyword(WebUIKeywordMain.groovy:20)
	at com.kms.katalon.core.webui.keyword.internal.WebUIKeywordMain$runKeyword.call(Unknown Source)
	at com.kms.katalon.core.webui.keyword.builtin.VerifyElementNotPresentKeyword.verifyElementNotPresent(VerifyElementNotPresentKeyword.groovy:117)
	at com.kms.katalon.core.webui.keyword.builtin.VerifyElementNotPresentKeyword.execute(VerifyElementNotPresentKeyword.groovy:68)
	at com.kms.katalon.core.keyword.internal.KeywordExecutor.executeKeywordForPlatform(KeywordExecutor.groovy:74)
	at com.kms.katalon.core.webui.keyword.WebUiBuiltInKeywords.verifyElementNotPresent(WebUiBuiltInKeywords.groovy:1481)
	at com.kms.katalon.core.webui.keyword.WebUiBuiltInKeywords$verifyElementNotPresent$8.call(Unknown Source)
	at GetBrokSumPriceDaily.run(GetBrokSumPriceDaily:309)
	at com.kms.katalon.core.main.ScriptEngine.run(ScriptEngine.java:194)
	at com.kms.katalon.core.main.ScriptEngine.runScriptAsRawText(ScriptEngine.java:119)
	at com.kms.katalon.core.main.TestCaseExecutor.runScript(TestCaseExecutor.java:445)
	at com.kms.katalon.core.main.TestCaseExecutor.doExecute(TestCaseExecutor.java:436)
	at com.kms.katalon.core.main.TestCaseExecutor.processExecutionPhase(TestCaseExecutor.java:415)
	at com.kms.katalon.core.main.TestCaseExecutor.accessMainPhase(TestCaseExecutor.java:407)
	at com.kms.katalon.core.main.TestCaseExecutor.execute(TestCaseExecutor.java:284)
	at com.kms.katalon.core.common.CommonExecutor.accessTestCaseMainPhase(CommonExecutor.java:65)
	at com.kms.katalon.core.main.TestSuiteExecutor.accessTestSuiteMainPhase(TestSuiteExecutor.java:144)
	at com.kms.katalon.core.main.TestSuiteExecutor.execute(TestSuiteExecutor.java:106)
	at com.kms.katalon.core.main.TestCaseMain.startTestSuite(TestCaseMain.java:185)
	at com.kms.katalon.core.main.TestCaseMain$startTestSuite$0.call(Unknown Source)
	at TempTestSuite1705922193915.run(TempTestSuite1705922193915.groovy:36)
)

2024-01-22 18:25:01 - [MESSAGE][WARNING] - Web element with id: 'Object Repository/Stockbit/Bandarmology_Seller2' located by 'By.xpath: //*[contains(@id, 'rc-tabs-')]/div[2]/div/div/div/div/div/div[2]/table/tbody/tr[3]/td[5]/p' is present after '1' second(s) (Root cause: com.kms.katalon.core.exception.StepFailedException: Web element with id: 'Object Repository/Stockbit/Bandarmology_Seller2' located by 'By.xpath: //*[contains(@id, 'rc-tabs-')]/div[2]/div/div/div/div/div/div[2]/table/tbody/tr[3]/td[5]/p' is present after '1' second(s)
	at com.kms.katalon.core.webui.keyword.internal.WebUIKeywordMain.stepFailed(WebUIKeywordMain.groovy:64)
	at com.kms.katalon.core.webui.keyword.internal.WebUIKeywordMain$stepFailed$0.call(Unknown Source)
	at com.kms.katalon.core.webui.keyword.builtin.VerifyElementNotPresentKeyword$_verifyElementNotPresent_closure1.doCall(VerifyElementNotPresentKeyword.groovy:106)
	at com.kms.katalon.core.webui.keyword.builtin.VerifyElementNotPresentKeyword$_verifyElementNotPresent_closure1.doCall(VerifyElementNotPresentKeyword.groovy)
	at com.kms.katalon.core.webui.keyword.internal.WebUIKeywordMain.runKeyword(WebUIKeywordMain.groovy:20)
	at com.kms.katalon.core.webui.keyword.internal.WebUIKeywordMain$runKeyword.call(Unknown Source)
	at com.kms.katalon.core.webui.keyword.builtin.VerifyElementNotPresentKeyword.verifyElementNotPresent(VerifyElementNotPresentKeyword.groovy:117)
	at com.kms.katalon.core.webui.keyword.builtin.VerifyElementNotPresentKeyword.execute(VerifyElementNotPresentKeyword.groovy:68)
	at com.kms.katalon.core.keyword.internal.KeywordExecutor.executeKeywordForPlatform(KeywordExecutor.groovy:74)
	at com.kms.katalon.core.webui.keyword.WebUiBuiltInKeywords.verifyElementNotPresent(WebUiBuiltInKeywords.groovy:1481)
	at com.kms.katalon.core.webui.keyword.WebUiBuiltInKeywords$verifyElementNotPresent$8.call(Unknown Source)
	at GetBrokSumPriceDaily.run(GetBrokSumPriceDaily:309)
	at com.kms.katalon.core.main.ScriptEngine.run(ScriptEngine.java:194)
	at com.kms.katalon.core.main.ScriptEngine.runScriptAsRawText(ScriptEngine.java:119)
	at com.kms.katalon.core.main.TestCaseExecutor.runScript(TestCaseExecutor.java:445)
	at com.kms.katalon.core.main.TestCaseExecutor.doExecute(TestCaseExecutor.java:436)
	at com.kms.katalon.core.main.TestCaseExecutor.processExecutionPhase(TestCaseExecutor.java:415)
	at com.kms.katalon.core.main.TestCaseExecutor.accessMainPhase(TestCaseExecutor.java:407)
	at com.kms.katalon.core.main.TestCaseExecutor.execute(TestCaseExecutor.java:284)
	at com.kms.katalon.core.common.CommonExecutor.accessTestCaseMainPhase(CommonExecutor.java:65)
	at com.kms.katalon.core.main.TestSuiteExecutor.accessTestSuiteMainPhase(TestSuiteExecutor.java:144)
	at com.kms.katalon.core.main.TestSuiteExecutor.execute(TestSuiteExecutor.java:106)
	at com.kms.katalon.core.main.TestCaseMain.startTestSuite(TestCaseMain.java:185)
	at com.kms.katalon.core.main.TestCaseMain$startTestSuite$0.call(Unknown Source)
	at TempTestSuite1705922193915.run(TempTestSuite1705922193915.groovy:36)
)
[[ATTACHMENT|C:\\Users\\Fadli\\git\\KatalonDailyGetData2\\Reports\\20240122_174123\\TS1\\20240122_181633\\1705922700838.png]]

2024-01-22 18:25:01 - [TEST_STEP][PASSED] - else: null

2024-01-22 18:25:01 - [TEST_STEP][PASSED] - strSeller2 = getText(findTestObject("Stockbit/Bandarmology_Seller2")): Text of object 'Object Repository/Stockbit/Bandarmology_Seller2' is: 'MG'

2024-01-22 18:25:01 - [MESSAGE][PASSED] - Text of object 'Object Repository/Stockbit/Bandarmology_Seller2' is: 'MG'

2024-01-22 18:25:01 - [TEST_STEP][PASSED] - strSellerVol2 = getText(findTestObject("Stockbit/Bandarmology_SellerVol2")): Text of object 'Object Repository/Stockbit/Bandarmology_SellerVol2' is: '1.5 K'

2024-01-22 18:25:01 - [MESSAGE][PASSED] - Text of object 'Object Repository/Stockbit/Bandarmology_SellerVol2' is: '1.5 K'

2024-01-22 18:25:01 - [TEST_STEP][PASSED] - strSellerAvg2 = getText(findTestObject("Stockbit/Bandarmology_SellerAvg2")): Text of object 'Object Repository/Stockbit/Bandarmology_SellerAvg2' is: '85'

2024-01-22 18:25:01 - [MESSAGE][PASSED] - Text of object 'Object Repository/Stockbit/Bandarmology_SellerAvg2' is: '85'

2024-01-22 18:25:01 - [TEST_STEP][PASSED] - if (strSeller2 != ""): null

2024-01-22 18:25:01 - [TEST_STEP][PASSED] - if (strSellerAvg2.contains(",")): null

2024-01-22 18:25:01 - [TEST_STEP][PASSED] - if (strSellerVol2.contains(" B")): null

2024-01-22 18:25:01 - [TEST_STEP][PASSED] - else if (strSellerVol2.contains(" M")): null

2024-01-22 18:25:01 - [TEST_STEP][PASSED] - else if (strSellerVol2.contains(" K")): null

2024-01-22 18:25:01 - [TEST_STEP][PASSED] - strSellerVol2 = strSellerVol2.replace(" K", ""): null

2024-01-22 18:25:01 - [TEST_STEP][PASSED] - strSellerVol2 = strSellerVol2.toDouble() * 1000: null

2024-01-22 18:25:01 - [TEST_STEP][PASSED] - if (verifyElementNotPresent(findTestObject("Stockbit/Bandarmology_Buyer3"), 1, OPTIONAL)): Web element with id: 'Object Repository/Stockbit/Bandarmology_Buyer3' located by 'By.xpath: //*[contains(@id, 'rc-tabs-')]/div[2]/div/div/div/div/div/div[2]/table/tbody/tr[4]/td[1]/p' is present after '1' second(s) (Root cause: com.kms.katalon.core.exception.StepFailedException: Web element with id: 'Object Repository/Stockbit/Bandarmology_Buyer3' located by 'By.xpath: //*[contains(@id, 'rc-tabs-')]/div[2]/div/div/div/div/div/div[2]/table/tbody/tr[4]/td[1]/p' is present after '1' second(s)
	at com.kms.katalon.core.webui.keyword.internal.WebUIKeywordMain.stepFailed(WebUIKeywordMain.groovy:64)
	at com.kms.katalon.core.webui.keyword.internal.WebUIKeywordMain$stepFailed$0.call(Unknown Source)
	at com.kms.katalon.core.webui.keyword.builtin.VerifyElementNotPresentKeyword$_verifyElementNotPresent_closure1.doCall(VerifyElementNotPresentKeyword.groovy:106)
	at com.kms.katalon.core.webui.keyword.builtin.VerifyElementNotPresentKeyword$_verifyElementNotPresent_closure1.doCall(VerifyElementNotPresentKeyword.groovy)
	at com.kms.katalon.core.webui.keyword.internal.WebUIKeywordMain.runKeyword(WebUIKeywordMain.groovy:20)
	at com.kms.katalon.core.webui.keyword.internal.WebUIKeywordMain$runKeyword.call(Unknown Source)
	at com.kms.katalon.core.webui.keyword.builtin.VerifyElementNotPresentKeyword.verifyElementNotPresent(VerifyElementNotPresentKeyword.groovy:117)
	at com.kms.katalon.core.webui.keyword.builtin.VerifyElementNotPresentKeyword.execute(VerifyElementNotPresentKeyword.groovy:68)
	at com.kms.katalon.core.keyword.internal.KeywordExecutor.executeKeywordForPlatform(KeywordExecutor.groovy:74)
	at com.kms.katalon.core.webui.keyword.WebUiBuiltInKeywords.verifyElementNotPresent(WebUiBuiltInKeywords.groovy:1481)
	at com.kms.katalon.core.webui.keyword.WebUiBuiltInKeywords$verifyElementNotPresent$8.call(Unknown Source)
	at GetBrokSumPriceDaily.run(GetBrokSumPriceDaily:361)
	at com.kms.katalon.core.main.ScriptEngine.run(ScriptEngine.java:194)
	at com.kms.katalon.core.main.ScriptEngine.runScriptAsRawText(ScriptEngine.java:119)
	at com.kms.katalon.core.main.TestCaseExecutor.runScript(TestCaseExecutor.java:445)
	at com.kms.katalon.core.main.TestCaseExecutor.doExecute(TestCaseExecutor.java:436)
	at com.kms.katalon.core.main.TestCaseExecutor.processExecutionPhase(TestCaseExecutor.java:415)
	at com.kms.katalon.core.main.TestCaseExecutor.accessMainPhase(TestCaseExecutor.java:407)
	at com.kms.katalon.core.main.TestCaseExecutor.execute(TestCaseExecutor.java:284)
	at com.kms.katalon.core.common.CommonExecutor.accessTestCaseMainPhase(CommonExecutor.java:65)
	at com.kms.katalon.core.main.TestSuiteExecutor.accessTestSuiteMainPhase(TestSuiteExecutor.java:144)
	at com.kms.katalon.core.main.TestSuiteExecutor.execute(TestSuiteExecutor.java:106)
	at com.kms.katalon.core.main.TestCaseMain.startTestSuite(TestCaseMain.java:185)
	at com.kms.katalon.core.main.TestCaseMain$startTestSuite$0.call(Unknown Source)
	at TempTestSuite1705922193915.run(TempTestSuite1705922193915.groovy:36)
)

2024-01-22 18:25:02 - [MESSAGE][WARNING] - Web element with id: 'Object Repository/Stockbit/Bandarmology_Buyer3' located by 'By.xpath: //*[contains(@id, 'rc-tabs-')]/div[2]/div/div/div/div/div/div[2]/table/tbody/tr[4]/td[1]/p' is present after '1' second(s) (Root cause: com.kms.katalon.core.exception.StepFailedException: Web element with id: 'Object Repository/Stockbit/Bandarmology_Buyer3' located by 'By.xpath: //*[contains(@id, 'rc-tabs-')]/div[2]/div/div/div/div/div/div[2]/table/tbody/tr[4]/td[1]/p' is present after '1' second(s)
	at com.kms.katalon.core.webui.keyword.internal.WebUIKeywordMain.stepFailed(WebUIKeywordMain.groovy:64)
	at com.kms.katalon.core.webui.keyword.internal.WebUIKeywordMain$stepFailed$0.call(Unknown Source)
	at com.kms.katalon.core.webui.keyword.builtin.VerifyElementNotPresentKeyword$_verifyElementNotPresent_closure1.doCall(VerifyElementNotPresentKeyword.groovy:106)
	at com.kms.katalon.core.webui.keyword.builtin.VerifyElementNotPresentKeyword$_verifyElementNotPresent_closure1.doCall(VerifyElementNotPresentKeyword.groovy)
	at com.kms.katalon.core.webui.keyword.internal.WebUIKeywordMain.runKeyword(WebUIKeywordMain.groovy:20)
	at com.kms.katalon.core.webui.keyword.internal.WebUIKeywordMain$runKeyword.call(Unknown Source)
	at com.kms.katalon.core.webui.keyword.builtin.VerifyElementNotPresentKeyword.verifyElementNotPresent(VerifyElementNotPresentKeyword.groovy:117)
	at com.kms.katalon.core.webui.keyword.builtin.VerifyElementNotPresentKeyword.execute(VerifyElementNotPresentKeyword.groovy:68)
	at com.kms.katalon.core.keyword.internal.KeywordExecutor.executeKeywordForPlatform(KeywordExecutor.groovy:74)
	at com.kms.katalon.core.webui.keyword.WebUiBuiltInKeywords.verifyElementNotPresent(WebUiBuiltInKeywords.groovy:1481)
	at com.kms.katalon.core.webui.keyword.WebUiBuiltInKeywords$verifyElementNotPresent$8.call(Unknown Source)
	at GetBrokSumPriceDaily.run(GetBrokSumPriceDaily:361)
	at com.kms.katalon.core.main.ScriptEngine.run(ScriptEngine.java:194)
	at com.kms.katalon.core.main.ScriptEngine.runScriptAsRawText(ScriptEngine.java:119)
	at com.kms.katalon.core.main.TestCaseExecutor.runScript(TestCaseExecutor.java:445)
	at com.kms.katalon.core.main.TestCaseExecutor.doExecute(TestCaseExecutor.java:436)
	at com.kms.katalon.core.main.TestCaseExecutor.processExecutionPhase(TestCaseExecutor.java:415)
	at com.kms.katalon.core.main.TestCaseExecutor.accessMainPhase(TestCaseExecutor.java:407)
	at com.kms.katalon.core.main.TestCaseExecutor.execute(TestCaseExecutor.java:284)
	at com.kms.katalon.core.common.CommonExecutor.accessTestCaseMainPhase(CommonExecutor.java:65)
	at com.kms.katalon.core.main.TestSuiteExecutor.accessTestSuiteMainPhase(TestSuiteExecutor.java:144)
	at com.kms.katalon.core.main.TestSuiteExecutor.execute(TestSuiteExecutor.java:106)
	at com.kms.katalon.core.main.TestCaseMain.startTestSuite(TestCaseMain.java:185)
	at com.kms.katalon.core.main.TestCaseMain$startTestSuite$0.call(Unknown Source)
	at TempTestSuite1705922193915.run(TempTestSuite1705922193915.groovy:36)
)
[[ATTACHMENT|C:\\Users\\Fadli\\git\\KatalonDailyGetData2\\Reports\\20240122_174123\\TS1\\20240122_181633\\1705922702758.png]]

2024-01-22 18:25:02 - [TEST_STEP][PASSED] - else: null

2024-01-22 18:25:02 - [TEST_STEP][PASSED] - strBuyer3 = getText(findTestObject("Stockbit/Bandarmology_Buyer3")): Text of object 'Object Repository/Stockbit/Bandarmology_Buyer3' is: 'CC'

2024-01-22 18:25:03 - [MESSAGE][PASSED] - Text of object 'Object Repository/Stockbit/Bandarmology_Buyer3' is: 'CC'

2024-01-22 18:25:03 - [TEST_STEP][PASSED] - strBuyerVol3 = getText(findTestObject("Stockbit/Bandarmology_BuyerVol3")): Text of object 'Object Repository/Stockbit/Bandarmology_BuyerVol3' is: '2 K'

2024-01-22 18:25:03 - [MESSAGE][PASSED] - Text of object 'Object Repository/Stockbit/Bandarmology_BuyerVol3' is: '2 K'

2024-01-22 18:25:03 - [TEST_STEP][PASSED] - strBuyerAvg3 = getText(findTestObject("Stockbit/Bandarmology_BuyerAvg3")): Text of object 'Object Repository/Stockbit/Bandarmology_BuyerAvg3' is: '84'

2024-01-22 18:25:03 - [MESSAGE][PASSED] - Text of object 'Object Repository/Stockbit/Bandarmology_BuyerAvg3' is: '84'

2024-01-22 18:25:03 - [TEST_STEP][PASSED] - if (strBuyer3 != ""): null

2024-01-22 18:25:03 - [TEST_STEP][PASSED] - if (strBuyerAvg3.contains(",")): null

2024-01-22 18:25:03 - [TEST_STEP][PASSED] - if (strBuyerVol3.contains(" B")): null

2024-01-22 18:25:03 - [TEST_STEP][PASSED] - else if (strBuyerVol3.contains(" M")): null

2024-01-22 18:25:03 - [TEST_STEP][PASSED] - else if (strBuyerVol3.contains(" K")): null

2024-01-22 18:25:03 - [TEST_STEP][PASSED] - strBuyerVol3 = strBuyerVol3.replace(" K", ""): null

2024-01-22 18:25:03 - [TEST_STEP][PASSED] - strBuyerVol3 = strBuyerVol3.toDouble() * 1000: null

2024-01-22 18:25:03 - [TEST_STEP][PASSED] - if (verifyElementNotPresent(findTestObject("Stockbit/Bandarmology_Seller3"), 1, OPTIONAL)): Web element with id: 'Object Repository/Stockbit/Bandarmology_Seller3' located by 'By.xpath: //*[contains(@id, 'rc-tabs-')]/div[2]/div/div/div/div/div/div[2]/table/tbody/tr[4]/td[5]/p' is present after '1' second(s) (Root cause: com.kms.katalon.core.exception.StepFailedException: Web element with id: 'Object Repository/Stockbit/Bandarmology_Seller3' located by 'By.xpath: //*[contains(@id, 'rc-tabs-')]/div[2]/div/div/div/div/div/div[2]/table/tbody/tr[4]/td[5]/p' is present after '1' second(s)
	at com.kms.katalon.core.webui.keyword.internal.WebUIKeywordMain.stepFailed(WebUIKeywordMain.groovy:64)
	at com.kms.katalon.core.webui.keyword.internal.WebUIKeywordMain$stepFailed$0.call(Unknown Source)
	at com.kms.katalon.core.webui.keyword.builtin.VerifyElementNotPresentKeyword$_verifyElementNotPresent_closure1.doCall(VerifyElementNotPresentKeyword.groovy:106)
	at com.kms.katalon.core.webui.keyword.builtin.VerifyElementNotPresentKeyword$_verifyElementNotPresent_closure1.doCall(VerifyElementNotPresentKeyword.groovy)
	at com.kms.katalon.core.webui.keyword.internal.WebUIKeywordMain.runKeyword(WebUIKeywordMain.groovy:20)
	at com.kms.katalon.core.webui.keyword.internal.WebUIKeywordMain$runKeyword.call(Unknown Source)
	at com.kms.katalon.core.webui.keyword.builtin.VerifyElementNotPresentKeyword.verifyElementNotPresent(VerifyElementNotPresentKeyword.groovy:117)
	at com.kms.katalon.core.webui.keyword.builtin.VerifyElementNotPresentKeyword.execute(VerifyElementNotPresentKeyword.groovy:68)
	at com.kms.katalon.core.keyword.internal.KeywordExecutor.executeKeywordForPlatform(KeywordExecutor.groovy:74)
	at com.kms.katalon.core.webui.keyword.WebUiBuiltInKeywords.verifyElementNotPresent(WebUiBuiltInKeywords.groovy:1481)
	at com.kms.katalon.core.webui.keyword.WebUiBuiltInKeywords$verifyElementNotPresent$8.call(Unknown Source)
	at GetBrokSumPriceDaily.run(GetBrokSumPriceDaily:414)
	at com.kms.katalon.core.main.ScriptEngine.run(ScriptEngine.java:194)
	at com.kms.katalon.core.main.ScriptEngine.runScriptAsRawText(ScriptEngine.java:119)
	at com.kms.katalon.core.main.TestCaseExecutor.runScript(TestCaseExecutor.java:445)
	at com.kms.katalon.core.main.TestCaseExecutor.doExecute(TestCaseExecutor.java:436)
	at com.kms.katalon.core.main.TestCaseExecutor.processExecutionPhase(TestCaseExecutor.java:415)
	at com.kms.katalon.core.main.TestCaseExecutor.accessMainPhase(TestCaseExecutor.java:407)
	at com.kms.katalon.core.main.TestCaseExecutor.execute(TestCaseExecutor.java:284)
	at com.kms.katalon.core.common.CommonExecutor.accessTestCaseMainPhase(CommonExecutor.java:65)
	at com.kms.katalon.core.main.TestSuiteExecutor.accessTestSuiteMainPhase(TestSuiteExecutor.java:144)
	at com.kms.katalon.core.main.TestSuiteExecutor.execute(TestSuiteExecutor.java:106)
	at com.kms.katalon.core.main.TestCaseMain.startTestSuite(TestCaseMain.java:185)
	at com.kms.katalon.core.main.TestCaseMain$startTestSuite$0.call(Unknown Source)
	at TempTestSuite1705922193915.run(TempTestSuite1705922193915.groovy:36)
)

2024-01-22 18:25:04 - [MESSAGE][WARNING] - Web element with id: 'Object Repository/Stockbit/Bandarmology_Seller3' located by 'By.xpath: //*[contains(@id, 'rc-tabs-')]/div[2]/div/div/div/div/div/div[2]/table/tbody/tr[4]/td[5]/p' is present after '1' second(s) (Root cause: com.kms.katalon.core.exception.StepFailedException: Web element with id: 'Object Repository/Stockbit/Bandarmology_Seller3' located by 'By.xpath: //*[contains(@id, 'rc-tabs-')]/div[2]/div/div/div/div/div/div[2]/table/tbody/tr[4]/td[5]/p' is present after '1' second(s)
	at com.kms.katalon.core.webui.keyword.internal.WebUIKeywordMain.stepFailed(WebUIKeywordMain.groovy:64)
	at com.kms.katalon.core.webui.keyword.internal.WebUIKeywordMain$stepFailed$0.call(Unknown Source)
	at com.kms.katalon.core.webui.keyword.builtin.VerifyElementNotPresentKeyword$_verifyElementNotPresent_closure1.doCall(VerifyElementNotPresentKeyword.groovy:106)
	at com.kms.katalon.core.webui.keyword.builtin.VerifyElementNotPresentKeyword$_verifyElementNotPresent_closure1.doCall(VerifyElementNotPresentKeyword.groovy)
	at com.kms.katalon.core.webui.keyword.internal.WebUIKeywordMain.runKeyword(WebUIKeywordMain.groovy:20)
	at com.kms.katalon.core.webui.keyword.internal.WebUIKeywordMain$runKeyword.call(Unknown Source)
	at com.kms.katalon.core.webui.keyword.builtin.VerifyElementNotPresentKeyword.verifyElementNotPresent(VerifyElementNotPresentKeyword.groovy:117)
	at com.kms.katalon.core.webui.keyword.builtin.VerifyElementNotPresentKeyword.execute(VerifyElementNotPresentKeyword.groovy:68)
	at com.kms.katalon.core.keyword.internal.KeywordExecutor.executeKeywordForPlatform(KeywordExecutor.groovy:74)
	at com.kms.katalon.core.webui.keyword.WebUiBuiltInKeywords.verifyElementNotPresent(WebUiBuiltInKeywords.groovy:1481)
	at com.kms.katalon.core.webui.keyword.WebUiBuiltInKeywords$verifyElementNotPresent$8.call(Unknown Source)
	at GetBrokSumPriceDaily.run(GetBrokSumPriceDaily:414)
	at com.kms.katalon.core.main.ScriptEngine.run(ScriptEngine.java:194)
	at com.kms.katalon.core.main.ScriptEngine.runScriptAsRawText(ScriptEngine.java:119)
	at com.kms.katalon.core.main.TestCaseExecutor.runScript(TestCaseExecutor.java:445)
	at com.kms.katalon.core.main.TestCaseExecutor.doExecute(TestCaseExecutor.java:436)
	at com.kms.katalon.core.main.TestCaseExecutor.processExecutionPhase(TestCaseExecutor.java:415)
	at com.kms.katalon.core.main.TestCaseExecutor.accessMainPhase(TestCaseExecutor.java:407)
	at com.kms.katalon.core.main.TestCaseExecutor.execute(TestCaseExecutor.java:284)
	at com.kms.katalon.core.common.CommonExecutor.accessTestCaseMainPhase(CommonExecutor.java:65)
	at com.kms.katalon.core.main.TestSuiteExecutor.accessTestSuiteMainPhase(TestSuiteExecutor.java:144)
	at com.kms.katalon.core.main.TestSuiteExecutor.execute(TestSuiteExecutor.java:106)
	at com.kms.katalon.core.main.TestCaseMain.startTestSuite(TestCaseMain.java:185)
	at com.kms.katalon.core.main.TestCaseMain$startTestSuite$0.call(Unknown Source)
	at TempTestSuite1705922193915.run(TempTestSuite1705922193915.groovy:36)
)
[[ATTACHMENT|C:\\Users\\Fadli\\git\\KatalonDailyGetData2\\Reports\\20240122_174123\\TS1\\20240122_181633\\1705922704654.png]]

2024-01-22 18:25:04 - [TEST_STEP][PASSED] - else: null

2024-01-22 18:25:04 - [TEST_STEP][PASSED] - strSeller3 = getText(findTestObject("Stockbit/Bandarmology_Seller3")): Text of object 'Object Repository/Stockbit/Bandarmology_Seller3' is: 'PD'

2024-01-22 18:25:05 - [MESSAGE][PASSED] - Text of object 'Object Repository/Stockbit/Bandarmology_Seller3' is: 'PD'

2024-01-22 18:25:05 - [TEST_STEP][PASSED] - strSellerVol3 = getText(findTestObject("Stockbit/Bandarmology_SellerVol3")): Text of object 'Object Repository/Stockbit/Bandarmology_SellerVol3' is: '1.5 K'

2024-01-22 18:25:05 - [MESSAGE][PASSED] - Text of object 'Object Repository/Stockbit/Bandarmology_SellerVol3' is: '1.5 K'

2024-01-22 18:25:05 - [TEST_STEP][PASSED] - strSellerAvg3 = getText(findTestObject("Stockbit/Bandarmology_SellerAvg3")): Text of object 'Object Repository/Stockbit/Bandarmology_SellerAvg3' is: '84'

2024-01-22 18:25:05 - [MESSAGE][PASSED] - Text of object 'Object Repository/Stockbit/Bandarmology_SellerAvg3' is: '84'

2024-01-22 18:25:05 - [TEST_STEP][PASSED] - if (strSeller3 != ""): null

2024-01-22 18:25:05 - [TEST_STEP][PASSED] - if (strSellerAvg3.contains(",")): null

2024-01-22 18:25:05 - [TEST_STEP][PASSED] - if (strSellerVol3.contains(" B")): null

2024-01-22 18:25:05 - [TEST_STEP][PASSED] - else if (strSellerVol3.contains(" M")): null

2024-01-22 18:25:05 - [TEST_STEP][PASSED] - else if (strSellerVol3.contains(" K")): null

2024-01-22 18:25:05 - [TEST_STEP][PASSED] - strSellerVol3 = strSellerVol3.replace(" K", ""): null

2024-01-22 18:25:05 - [TEST_STEP][PASSED] - strSellerVol3 = strSellerVol3.toDouble() * 1000: null

2024-01-22 18:25:05 - [TEST_STEP][PASSED] - strAccDist = getText(findTestObject("Stockbit/Bandarmology_AccDist")): Text of object 'Object Repository/Stockbit/Bandarmology_AccDist' is: 'Dist'

2024-01-22 18:25:05 - [MESSAGE][PASSED] - Text of object 'Object Repository/Stockbit/Bandarmology_AccDist' is: 'Dist'

2024-01-22 18:25:05 - [TEST_STEP][PASSED] - strNetVol = getText(findTestObject("Stockbit/Bandarmology_NetVol")): Text of object 'Object Repository/Stockbit/Bandarmology_NetVol' is: '21,666'

2024-01-22 18:25:05 - [MESSAGE][PASSED] - Text of object 'Object Repository/Stockbit/Bandarmology_NetVol' is: '21,666'

2024-01-22 18:25:05 - [TEST_STEP][PASSED] - strNetVol = strNetVol.replace(",", ""): null

2024-01-22 18:25:05 - [TEST_STEP][PASSED] - strNetVal = getText(findTestObject("Stockbit/Bandarmology_NetVal")): Text of object 'Object Repository/Stockbit/Bandarmology_NetVal' is: '0.2 B'

2024-01-22 18:25:05 - [MESSAGE][PASSED] - Text of object 'Object Repository/Stockbit/Bandarmology_NetVal' is: '0.2 B'

2024-01-22 18:25:05 - [TEST_STEP][PASSED] - delay(3): Delayed 3 second(s)

2024-01-22 18:25:08 - [MESSAGE][PASSED] - Delayed 3 second(s)

2024-01-22 18:25:08 - [TEST_STEP][PASSED] - strOpenPrice = getText(findTestObject("Stockbit/Home_OpenPrice")): Text of object 'Object Repository/Stockbit/Home_OpenPrice' is: '85'

2024-01-22 18:25:08 - [MESSAGE][PASSED] - Text of object 'Object Repository/Stockbit/Home_OpenPrice' is: '85'

2024-01-22 18:25:08 - [TEST_STEP][PASSED] - strOpenPrice = strOpenPrice.replace(",", ""): null

2024-01-22 18:25:08 - [TEST_STEP][PASSED] - strLowPrice = getText(findTestObject("Stockbit/Home_LowPrice")): Text of object 'Object Repository/Stockbit/Home_LowPrice' is: '84'

2024-01-22 18:25:09 - [MESSAGE][PASSED] - Text of object 'Object Repository/Stockbit/Home_LowPrice' is: '84'

2024-01-22 18:25:09 - [TEST_STEP][PASSED] - strLowPrice = strLowPrice.replace(",", ""): null

2024-01-22 18:25:09 - [TEST_STEP][PASSED] - strHighPrice = getText(findTestObject("Stockbit/Home_HighPrice")): Text of object 'Object Repository/Stockbit/Home_HighPrice' is: '86'

2024-01-22 18:25:09 - [MESSAGE][PASSED] - Text of object 'Object Repository/Stockbit/Home_HighPrice' is: '86'

2024-01-22 18:25:09 - [TEST_STEP][PASSED] - strHighPrice = strHighPrice.replace(",", ""): null

2024-01-22 18:25:09 - [TEST_STEP][PASSED] - strClosePrice = getText(findTestObject("Stockbit/Home_ClosePrice")): Text of object 'Object Repository/Stockbit/Home_ClosePrice' is: '85'

2024-01-22 18:25:09 - [MESSAGE][PASSED] - Text of object 'Object Repository/Stockbit/Home_ClosePrice' is: '85'

2024-01-22 18:25:09 - [TEST_STEP][PASSED] - strClosePrice = strClosePrice.replace(",", ""): null

2024-01-22 18:25:09 - [TEST_STEP][PASSED] - strVol = getText(findTestObject("Stockbit/Home_Volume")): Text of object 'Object Repository/Stockbit/Home_Volume' is: '35 K'

2024-01-22 18:25:09 - [MESSAGE][PASSED] - Text of object 'Object Repository/Stockbit/Home_Volume' is: '35 K'

2024-01-22 18:25:09 - [TEST_STEP][PASSED] - if (strVol.contains(" K")): null

2024-01-22 18:25:09 - [TEST_STEP][PASSED] - strVol = strVol.replace(" K", "000"): null

2024-01-22 18:25:09 - [TEST_STEP][PASSED] - if (strVol.contains(",")): null

2024-01-22 18:25:09 - [TEST_STEP][PASSED] - strChange = getText(findTestObject("Stockbit/Home_Change")): Text of object 'Object Repository/Stockbit/Home_Change' is: '0.00%'

2024-01-22 18:25:09 - [MESSAGE][PASSED] - Text of object 'Object Repository/Stockbit/Home_Change' is: '0.00%'

2024-01-22 18:25:09 - [TEST_STEP][PASSED] - strChange = strChange.replace("%", ""): null

2024-01-22 18:25:09 - [TEST_STEP][PASSED] - strFreq = getText(findTestObject("Stockbit/Home_Freq")): Text of object 'Object Repository/Stockbit/Home_Freq' is: '254'

2024-01-22 18:25:09 - [MESSAGE][PASSED] - Text of object 'Object Repository/Stockbit/Home_Freq' is: '254'

2024-01-22 18:25:09 - [TEST_STEP][PASSED] - if (strFreq.contains(",")): null

2024-01-22 18:25:09 - [TEST_STEP][PASSED] - if (strFreq == "NA" || strFreq == ""): null

2024-01-22 18:25:09 - [TEST_STEP][PASSED] - else: null

2024-01-22 18:25:09 - [TEST_STEP][PASSED] - dblFreqAnal = strVol.toDouble() / strFreq.toDouble() * strFreq.toDouble() * strFreq.toDouble() * 100000000: null

2024-01-22 18:25:09 - [TEST_STEP][PASSED] - strFreqAnal = String.format("%.4f", dblFreqAnal): null

2024-01-22 18:25:09 - [TEST_STEP][PASSED] - out.println("Double strFreqAnal: " + strFreqAnal): null

2024-01-22 18:25:09 - [TEST_STEP][PASSED] - strTanggal = d.format(DateTimeFormatter.ofPattern("yyyy-MM-dd")): null

2024-01-22 18:25:09 - [TEST_STEP][PASSED] - strTanggal = "#" + strTanggal + "#": null

2024-01-22 18:25:09 - [TEST_STEP][PASSED] - strSQL = "select count(*) as JumBaris from TblBrokSum where Nama = '" + strNama + "' and Tanggal = " + strTanggal + "": null

2024-01-22 18:25:09 - [TEST_STEP][PASSED] - resultSet = statement.executeQuery(strSQL): null

2024-01-22 18:25:09 - [TEST_STEP][PASSED] - resultSet.next(): null

2024-01-22 18:25:09 - [TEST_STEP][PASSED] - intJumBaris = resultSet.getInt("JumBaris"): null

2024-01-22 18:25:09 - [TEST_STEP][PASSED] - if (intJumBaris > 0): null

2024-01-22 18:25:09 - [TEST_STEP][PASSED] - else: null

2024-01-22 18:25:09 - [TEST_STEP][PASSED] - try: null

2024-01-22 18:25:09 - [TEST_STEP][PASSED] - out.println("Insert data"): null

2024-01-22 18:25:09 - [TEST_STEP][PASSED] - strSQL = "insert into TblBrokSum (nama, tanggal, top1, top2, top3, AllBrokAvg, AccDist, AvgRP, " + "Buyer1, BuyerVal1, BuyerAvg1, Seller1, SellerVal1, SellerAvg1, Buyer2, BuyerVal2, BuyerAvg2, " + "Seller2, SellerVal2, SellerAvg2, Buyer3, BuyerVal3, BuyerAvg3, Seller3, SellerVal3, SellerAvg3, NetVol, NetVal, " + "OpenPrice, LowPrice, HighPrice, ClosePrice, Volume, Change, Frekuensi, FrekAnal) " + "values ('" + strNama + "', " + strTanggal + ", '" + strTop1 + "', '" + strTop3 + "', '" + strTop5 + "', " + "'" + strAllBrokAvg + "', '" + strAccDist + "', " + intAvgRP + ", '" + strBuyer1 + "', '" + strBuyerVol1 + "', " + strBuyerAvg1 + ", " + "'" + strSeller1 + "', '" + strSellerVol1 + "', " + strSellerAvg1 + ", '" + strBuyer2 + "', '" + strBuyerVol2 + "', " + strBuyerAvg2 + ", " + "'" + strSeller2 + "', '" + strSellerVol2 + "', " + strSellerAvg2 + ", '" + strBuyer3 + "', '" + strBuyerVol3 + "', " + strBuyerAvg3 + ", " + "'" + strSeller3 + "', '" + strSellerVol3 + "', " + strSellerAvg3 + ", " + strNetVol + ", '" + strNetVal + "', " + "" + strOpenPrice + ", " + strLowPrice + ", " + strHighPrice + ", " + strClosePrice + ", '" + strVol + "', " + strChange + ", " + strFreq + ", " + strFreqAnal + ");": null

2024-01-22 18:25:09 - [TEST_STEP][PASSED] - out.println("strSQL = " + strSQL): null

2024-01-22 18:25:09 - [TEST_STEP][PASSED] - statement.executeUpdate(strSQL): null

2024-01-22 18:25:09 - [TEST_STEP][PASSED] - setValueToCellByIndex(sheet01, rowIndex, 4, "DONE"): null

2024-01-22 18:25:09 - [TEST_STEP][PASSED] - saveWorkbook(excelFilePath, workbook01): null

2024-01-22 18:25:09 - [TEST_STEP][PASSED] - waitForElementClickable(findTestObject("Stockbit/menu_Bandarmology"), 10): Object 'Object Repository/Stockbit/menu_Bandarmology' is clickable

2024-01-22 18:25:10 - [MESSAGE][PASSED] - Object 'Object Repository/Stockbit/menu_Bandarmology' is clickable

2024-01-22 18:25:10 - [TEST_STEP][PASSED] - click(findTestObject("Stockbit/menu_Bandarmology")): Object: 'Object Repository/Stockbit/menu_Bandarmology' is clicked on

2024-01-22 18:25:10 - [MESSAGE][PASSED] - Object: 'Object Repository/Stockbit/menu_Bandarmology' is clicked on

2024-01-22 18:25:10 - [TEST_STEP][PASSED] - strTemp = "NA": null

2024-01-22 18:25:10 - [TEST_STEP][PASSED] - if (getCellValueByIndex(sheet01, rowIndex, 4) != "DONE"): Object: 'Object Repository/Stockbit/menu_Bandarmology' is clicked on

2024-01-22 18:25:10 - [TEST_STEP][PASSED] - strNama = getCellValueByIndex(sheet01, rowIndex, 0): null

2024-01-22 18:25:10 - [TEST_STEP][PASSED] - navigateToUrl("https://stockbit.com/#/symbol/" + strNama): Navigate to 'https://stockbit.com/#/symbol/WIRG' successfully

2024-01-22 18:25:12 - [MESSAGE][PASSED] - Navigate to 'https://stockbit.com/#/symbol/WIRG' successfully

2024-01-22 18:25:12 - [TEST_STEP][PASSED] - waitForElementClickable(findTestObject("Stockbit/menu_Bandarmology"), 10): Object 'Object Repository/Stockbit/menu_Bandarmology' is clickable

2024-01-22 18:25:13 - [MESSAGE][PASSED] - Object 'Object Repository/Stockbit/menu_Bandarmology' is clickable

2024-01-22 18:25:13 - [TEST_STEP][PASSED] - click(findTestObject("Stockbit/menu_Bandarmology")): Object: 'Object Repository/Stockbit/menu_Bandarmology' is clicked on

2024-01-22 18:25:13 - [MESSAGE][PASSED] - Object: 'Object Repository/Stockbit/menu_Bandarmology' is clicked on

2024-01-22 18:25:13 - [TEST_STEP][PASSED] - strTanggal = d.format(DateTimeFormatter.ofPattern("MMM dd, yyyy")): null

2024-01-22 18:25:13 - [TEST_STEP][PASSED] - strTanggal = d.format(ISO_DATE): null

2024-01-22 18:25:13 - [TEST_STEP][PASSED] - out.println("strTanggal = " + strTanggal): null

2024-01-22 18:25:13 - [TEST_STEP][PASSED] - out.println("strNama = " + strNama): null

2024-01-22 18:25:13 - [TEST_STEP][PASSED] - out.println("Baris ke = " + rowIndex): null

2024-01-22 18:25:13 - [TEST_STEP][PASSED] - click(findTestObject("Stockbit/input__BandarmologyOpenStartDate")): Object: 'Object Repository/Stockbit/input__BandarmologyOpenStartDate' is clicked on

2024-01-22 18:25:15 - [MESSAGE][PASSED] - Object: 'Object Repository/Stockbit/input__BandarmologyOpenStartDate' is clicked on

2024-01-22 18:25:15 - [TEST_STEP][PASSED] - sendKeys(findTestObject("Stockbit/input__BandarmologyOpenStartDate"), Keys.chord(CONTROL, "a")): Keys 'CONTROL + a' sent to object: 'Object Repository/Stockbit/input__BandarmologyOpenStartDate'

2024-01-22 18:25:15 - [MESSAGE][PASSED] - Keys 'CONTROL + a' sent to object: 'Object Repository/Stockbit/input__BandarmologyOpenStartDate'

2024-01-22 18:25:15 - [TEST_STEP][PASSED] - sendKeys(findTestObject("Stockbit/input__BandarmologyOpenStartDate"), Keys.chord(BACK_SPACE)): Keys 'BACK_SPACE + ' sent to object: 'Object Repository/Stockbit/input__BandarmologyOpenStartDate'

2024-01-22 18:25:16 - [MESSAGE][PASSED] - Keys 'BACK_SPACE + ' sent to object: 'Object Repository/Stockbit/input__BandarmologyOpenStartDate'

2024-01-22 18:25:16 - [TEST_STEP][PASSED] - setText(findTestObject("Stockbit/input__BandarmologyOpenStartDate"), strTanggal): Text '2024-01-22' is set on object 'Object Repository/Stockbit/input__BandarmologyOpenStartDate'

2024-01-22 18:25:17 - [MESSAGE][PASSED] - Text '2024-01-22' is set on object 'Object Repository/Stockbit/input__BandarmologyOpenStartDate'

2024-01-22 18:25:17 - [TEST_STEP][PASSED] - sendKeys(findTestObject("Stockbit/input__BandarmologyOpenStartDate"), Keys.chord(ENTER)): Keys 'ENTER + ' sent to object: 'Object Repository/Stockbit/input__BandarmologyOpenStartDate'

2024-01-22 18:25:17 - [MESSAGE][PASSED] - Keys 'ENTER + ' sent to object: 'Object Repository/Stockbit/input__BandarmologyOpenStartDate'

2024-01-22 18:25:17 - [TEST_STEP][PASSED] - click(findTestObject("Stockbit/input__BandarmologyOpenEndDate")): Object: 'Object Repository/Stockbit/input__BandarmologyOpenEndDate' is clicked on

2024-01-22 18:25:18 - [MESSAGE][PASSED] - Object: 'Object Repository/Stockbit/input__BandarmologyOpenEndDate' is clicked on

2024-01-22 18:25:18 - [TEST_STEP][PASSED] - sendKeys(findTestObject("Stockbit/input__BandarmologyOpenEndDate"), Keys.chord(CONTROL, "a")): Keys 'CONTROL + a' sent to object: 'Object Repository/Stockbit/input__BandarmologyOpenEndDate'

2024-01-22 18:25:19 - [MESSAGE][PASSED] - Keys 'CONTROL + a' sent to object: 'Object Repository/Stockbit/input__BandarmologyOpenEndDate'

2024-01-22 18:25:19 - [TEST_STEP][PASSED] - sendKeys(findTestObject("Stockbit/input__BandarmologyOpenEndDate"), Keys.chord(BACK_SPACE)): Keys 'BACK_SPACE + ' sent to object: 'Object Repository/Stockbit/input__BandarmologyOpenEndDate'

2024-01-22 18:25:19 - [MESSAGE][PASSED] - Keys 'BACK_SPACE + ' sent to object: 'Object Repository/Stockbit/input__BandarmologyOpenEndDate'

2024-01-22 18:25:19 - [TEST_STEP][PASSED] - setText(findTestObject("Stockbit/input__BandarmologyOpenEndDate"), strTanggal): Text '2024-01-22' is set on object 'Object Repository/Stockbit/input__BandarmologyOpenEndDate'

2024-01-22 18:25:20 - [MESSAGE][PASSED] - Text '2024-01-22' is set on object 'Object Repository/Stockbit/input__BandarmologyOpenEndDate'

2024-01-22 18:25:20 - [TEST_STEP][PASSED] - sendKeys(findTestObject("Stockbit/input__BandarmologyOpenEndDate"), Keys.chord(ENTER)): Keys 'ENTER + ' sent to object: 'Object Repository/Stockbit/input__BandarmologyOpenEndDate'

2024-01-22 18:25:20 - [MESSAGE][PASSED] - Keys 'ENTER + ' sent to object: 'Object Repository/Stockbit/input__BandarmologyOpenEndDate'

2024-01-22 18:25:20 - [TEST_STEP][PASSED] - delay(2): Delayed 2 second(s)

2024-01-22 18:25:22 - [MESSAGE][PASSED] - Delayed 2 second(s)

2024-01-22 18:25:22 - [TEST_STEP][PASSED] - strTemp = getText(findTestObject("Stockbit/Bandarmology_AvgRP")): Text of object 'Object Repository/Stockbit/Bandarmology_AvgRP' is: '101'

2024-01-22 18:25:22 - [MESSAGE][PASSED] - Text of object 'Object Repository/Stockbit/Bandarmology_AvgRP' is: '101'

2024-01-22 18:25:22 - [TEST_STEP][PASSED] - out.println("Bandarmology_AvgRP = " + strTemp): null

2024-01-22 18:25:22 - [TEST_STEP][PASSED] - if (strTemp != "0"): null

2024-01-22 18:25:22 - [TEST_STEP][PASSED] - strTop1 = getText(findTestObject("Stockbit/Bandarmology_Top1")): Text of object 'Object Repository/Stockbit/Bandarmology_Top1' is: 'Big Dist'

2024-01-22 18:25:23 - [MESSAGE][PASSED] - Text of object 'Object Repository/Stockbit/Bandarmology_Top1' is: 'Big Dist'

2024-01-22 18:25:23 - [TEST_STEP][PASSED] - strTop3 = getText(findTestObject("Stockbit/Bandarmology_Top3")): Text of object 'Object Repository/Stockbit/Bandarmology_Top3' is: 'Big Dist'

2024-01-22 18:25:23 - [MESSAGE][PASSED] - Text of object 'Object Repository/Stockbit/Bandarmology_Top3' is: 'Big Dist'

2024-01-22 18:25:23 - [TEST_STEP][PASSED] - strTop5 = getText(findTestObject("Stockbit/Bandarmology_Top5")): Text of object 'Object Repository/Stockbit/Bandarmology_Top5' is: 'Big Dist'

2024-01-22 18:25:23 - [MESSAGE][PASSED] - Text of object 'Object Repository/Stockbit/Bandarmology_Top5' is: 'Big Dist'

2024-01-22 18:25:23 - [TEST_STEP][PASSED] - strAllBrokAvg = getText(findTestObject("Stockbit/Bandarmology_TopAVG")): Text of object 'Object Repository/Stockbit/Bandarmology_TopAVG' is: 'Big Dist'

2024-01-22 18:25:23 - [MESSAGE][PASSED] - Text of object 'Object Repository/Stockbit/Bandarmology_TopAVG' is: 'Big Dist'

2024-01-22 18:25:23 - [TEST_STEP][PASSED] - strTemp = getText(findTestObject("Stockbit/Bandarmology_AvgRP")): Text of object 'Object Repository/Stockbit/Bandarmology_AvgRP' is: '101'

2024-01-22 18:25:23 - [MESSAGE][PASSED] - Text of object 'Object Repository/Stockbit/Bandarmology_AvgRP' is: '101'

2024-01-22 18:25:23 - [TEST_STEP][PASSED] - if (strTemp.contains(",")): null

2024-01-22 18:25:23 - [TEST_STEP][PASSED] - intAvgRP = strTemp.toInteger(): null

2024-01-22 18:25:23 - [TEST_STEP][PASSED] - strBuyer1 = getText(findTestObject("Stockbit/Bandarmology_Buyer1")): Text of object 'Object Repository/Stockbit/Bandarmology_Buyer1' is: 'KI'

2024-01-22 18:25:23 - [MESSAGE][PASSED] - Text of object 'Object Repository/Stockbit/Bandarmology_Buyer1' is: 'KI'

2024-01-22 18:25:23 - [TEST_STEP][PASSED] - strBuyerVol1 = getText(findTestObject("Stockbit/Bandarmology_BuyerVol1")): Text of object 'Object Repository/Stockbit/Bandarmology_BuyerVol1' is: '20 K'

2024-01-22 18:25:24 - [MESSAGE][PASSED] - Text of object 'Object Repository/Stockbit/Bandarmology_BuyerVol1' is: '20 K'

2024-01-22 18:25:24 - [TEST_STEP][PASSED] - strBuyerAvg1 = getText(findTestObject("Stockbit/Bandarmology_BuyerAvg1")): Text of object 'Object Repository/Stockbit/Bandarmology_BuyerAvg1' is: '101'

2024-01-22 18:25:24 - [MESSAGE][PASSED] - Text of object 'Object Repository/Stockbit/Bandarmology_BuyerAvg1' is: '101'

2024-01-22 18:25:24 - [TEST_STEP][PASSED] - if (strBuyerAvg1.contains(",")): null

2024-01-22 18:25:24 - [TEST_STEP][PASSED] - if (strBuyerVol1.contains(" B")): null

2024-01-22 18:25:24 - [TEST_STEP][PASSED] - else if (strBuyerVol1.contains(" M")): null

2024-01-22 18:25:24 - [TEST_STEP][PASSED] - else if (strBuyerVol1.contains(" K")): null

2024-01-22 18:25:24 - [TEST_STEP][PASSED] - strBuyerVol1 = strBuyerVol1.replace(" K", ""): null

2024-01-22 18:25:24 - [TEST_STEP][PASSED] - strBuyerVol1 = strBuyerVol1.toDouble() * 1000: null

2024-01-22 18:25:24 - [TEST_STEP][PASSED] - strSeller1 = getText(findTestObject("Stockbit/Bandarmology_Seller1")): Text of object 'Object Repository/Stockbit/Bandarmology_Seller1' is: 'YJ'

2024-01-22 18:25:24 - [MESSAGE][PASSED] - Text of object 'Object Repository/Stockbit/Bandarmology_Seller1' is: 'YJ'

2024-01-22 18:25:24 - [TEST_STEP][PASSED] - strSellerVol1 = getText(findTestObject("Stockbit/Bandarmology_SellerVol1")): Text of object 'Object Repository/Stockbit/Bandarmology_SellerVol1' is: '63.8 K'

2024-01-22 18:25:24 - [MESSAGE][PASSED] - Text of object 'Object Repository/Stockbit/Bandarmology_SellerVol1' is: '63.8 K'

2024-01-22 18:25:24 - [TEST_STEP][PASSED] - strSellerAvg1 = getText(findTestObject("Stockbit/Bandarmology_SellerAvg1")): Text of object 'Object Repository/Stockbit/Bandarmology_SellerAvg1' is: '101'

2024-01-22 18:25:24 - [MESSAGE][PASSED] - Text of object 'Object Repository/Stockbit/Bandarmology_SellerAvg1' is: '101'

2024-01-22 18:25:24 - [TEST_STEP][PASSED] - if (strSellerAvg1.contains(",")): null

2024-01-22 18:25:24 - [TEST_STEP][PASSED] - if (strSellerVol1.contains(" B")): null

2024-01-22 18:25:24 - [TEST_STEP][PASSED] - else if (strSellerVol1.contains(" M")): null

2024-01-22 18:25:24 - [TEST_STEP][PASSED] - else if (strSellerVol1.contains(" K")): null

2024-01-22 18:25:24 - [TEST_STEP][PASSED] - strSellerVol1 = strSellerVol1.replace(" K", ""): null

2024-01-22 18:25:24 - [TEST_STEP][PASSED] - strSellerVol1 = strSellerVol1.toDouble() * 1000: null

2024-01-22 18:25:24 - [TEST_STEP][PASSED] - if (verifyElementNotPresent(findTestObject("Stockbit/Bandarmology_Buyer2"), 1, OPTIONAL)): Web element with id: 'Object Repository/Stockbit/Bandarmology_Buyer2' located by 'By.xpath: //*[contains(@id, 'rc-tabs-')]/div[2]/div/div/div/div/div/div[2]/table/tbody/tr[3]/td[1]/p' is present after '1' second(s) (Root cause: com.kms.katalon.core.exception.StepFailedException: Web element with id: 'Object Repository/Stockbit/Bandarmology_Buyer2' located by 'By.xpath: //*[contains(@id, 'rc-tabs-')]/div[2]/div/div/div/div/div/div[2]/table/tbody/tr[3]/td[1]/p' is present after '1' second(s)
	at com.kms.katalon.core.webui.keyword.internal.WebUIKeywordMain.stepFailed(WebUIKeywordMain.groovy:64)
	at com.kms.katalon.core.webui.keyword.internal.WebUIKeywordMain$stepFailed$0.call(Unknown Source)
	at com.kms.katalon.core.webui.keyword.builtin.VerifyElementNotPresentKeyword$_verifyElementNotPresent_closure1.doCall(VerifyElementNotPresentKeyword.groovy:106)
	at com.kms.katalon.core.webui.keyword.builtin.VerifyElementNotPresentKeyword$_verifyElementNotPresent_closure1.doCall(VerifyElementNotPresentKeyword.groovy)
	at com.kms.katalon.core.webui.keyword.internal.WebUIKeywordMain.runKeyword(WebUIKeywordMain.groovy:20)
	at com.kms.katalon.core.webui.keyword.internal.WebUIKeywordMain$runKeyword.call(Unknown Source)
	at com.kms.katalon.core.webui.keyword.builtin.VerifyElementNotPresentKeyword.verifyElementNotPresent(VerifyElementNotPresentKeyword.groovy:117)
	at com.kms.katalon.core.webui.keyword.builtin.VerifyElementNotPresentKeyword.execute(VerifyElementNotPresentKeyword.groovy:68)
	at com.kms.katalon.core.keyword.internal.KeywordExecutor.executeKeywordForPlatform(KeywordExecutor.groovy:74)
	at com.kms.katalon.core.webui.keyword.WebUiBuiltInKeywords.verifyElementNotPresent(WebUiBuiltInKeywords.groovy:1481)
	at com.kms.katalon.core.webui.keyword.WebUiBuiltInKeywords$verifyElementNotPresent$8.call(Unknown Source)
	at GetBrokSumPriceDaily.run(GetBrokSumPriceDaily:258)
	at com.kms.katalon.core.main.ScriptEngine.run(ScriptEngine.java:194)
	at com.kms.katalon.core.main.ScriptEngine.runScriptAsRawText(ScriptEngine.java:119)
	at com.kms.katalon.core.main.TestCaseExecutor.runScript(TestCaseExecutor.java:445)
	at com.kms.katalon.core.main.TestCaseExecutor.doExecute(TestCaseExecutor.java:436)
	at com.kms.katalon.core.main.TestCaseExecutor.processExecutionPhase(TestCaseExecutor.java:415)
	at com.kms.katalon.core.main.TestCaseExecutor.accessMainPhase(TestCaseExecutor.java:407)
	at com.kms.katalon.core.main.TestCaseExecutor.execute(TestCaseExecutor.java:284)
	at com.kms.katalon.core.common.CommonExecutor.accessTestCaseMainPhase(CommonExecutor.java:65)
	at com.kms.katalon.core.main.TestSuiteExecutor.accessTestSuiteMainPhase(TestSuiteExecutor.java:144)
	at com.kms.katalon.core.main.TestSuiteExecutor.execute(TestSuiteExecutor.java:106)
	at com.kms.katalon.core.main.TestCaseMain.startTestSuite(TestCaseMain.java:185)
	at com.kms.katalon.core.main.TestCaseMain$startTestSuite$0.call(Unknown Source)
	at TempTestSuite1705922193915.run(TempTestSuite1705922193915.groovy:36)
)

2024-01-22 18:25:26 - [MESSAGE][WARNING] - Web element with id: 'Object Repository/Stockbit/Bandarmology_Buyer2' located by 'By.xpath: //*[contains(@id, 'rc-tabs-')]/div[2]/div/div/div/div/div/div[2]/table/tbody/tr[3]/td[1]/p' is present after '1' second(s) (Root cause: com.kms.katalon.core.exception.StepFailedException: Web element with id: 'Object Repository/Stockbit/Bandarmology_Buyer2' located by 'By.xpath: //*[contains(@id, 'rc-tabs-')]/div[2]/div/div/div/div/div/div[2]/table/tbody/tr[3]/td[1]/p' is present after '1' second(s)
	at com.kms.katalon.core.webui.keyword.internal.WebUIKeywordMain.stepFailed(WebUIKeywordMain.groovy:64)
	at com.kms.katalon.core.webui.keyword.internal.WebUIKeywordMain$stepFailed$0.call(Unknown Source)
	at com.kms.katalon.core.webui.keyword.builtin.VerifyElementNotPresentKeyword$_verifyElementNotPresent_closure1.doCall(VerifyElementNotPresentKeyword.groovy:106)
	at com.kms.katalon.core.webui.keyword.builtin.VerifyElementNotPresentKeyword$_verifyElementNotPresent_closure1.doCall(VerifyElementNotPresentKeyword.groovy)
	at com.kms.katalon.core.webui.keyword.internal.WebUIKeywordMain.runKeyword(WebUIKeywordMain.groovy:20)
	at com.kms.katalon.core.webui.keyword.internal.WebUIKeywordMain$runKeyword.call(Unknown Source)
	at com.kms.katalon.core.webui.keyword.builtin.VerifyElementNotPresentKeyword.verifyElementNotPresent(VerifyElementNotPresentKeyword.groovy:117)
	at com.kms.katalon.core.webui.keyword.builtin.VerifyElementNotPresentKeyword.execute(VerifyElementNotPresentKeyword.groovy:68)
	at com.kms.katalon.core.keyword.internal.KeywordExecutor.executeKeywordForPlatform(KeywordExecutor.groovy:74)
	at com.kms.katalon.core.webui.keyword.WebUiBuiltInKeywords.verifyElementNotPresent(WebUiBuiltInKeywords.groovy:1481)
	at com.kms.katalon.core.webui.keyword.WebUiBuiltInKeywords$verifyElementNotPresent$8.call(Unknown Source)
	at GetBrokSumPriceDaily.run(GetBrokSumPriceDaily:258)
	at com.kms.katalon.core.main.ScriptEngine.run(ScriptEngine.java:194)
	at com.kms.katalon.core.main.ScriptEngine.runScriptAsRawText(ScriptEngine.java:119)
	at com.kms.katalon.core.main.TestCaseExecutor.runScript(TestCaseExecutor.java:445)
	at com.kms.katalon.core.main.TestCaseExecutor.doExecute(TestCaseExecutor.java:436)
	at com.kms.katalon.core.main.TestCaseExecutor.processExecutionPhase(TestCaseExecutor.java:415)
	at com.kms.katalon.core.main.TestCaseExecutor.accessMainPhase(TestCaseExecutor.java:407)
	at com.kms.katalon.core.main.TestCaseExecutor.execute(TestCaseExecutor.java:284)
	at com.kms.katalon.core.common.CommonExecutor.accessTestCaseMainPhase(CommonExecutor.java:65)
	at com.kms.katalon.core.main.TestSuiteExecutor.accessTestSuiteMainPhase(TestSuiteExecutor.java:144)
	at com.kms.katalon.core.main.TestSuiteExecutor.execute(TestSuiteExecutor.java:106)
	at com.kms.katalon.core.main.TestCaseMain.startTestSuite(TestCaseMain.java:185)
	at com.kms.katalon.core.main.TestCaseMain$startTestSuite$0.call(Unknown Source)
	at TempTestSuite1705922193915.run(TempTestSuite1705922193915.groovy:36)
)
[[ATTACHMENT|C:\\Users\\Fadli\\git\\KatalonDailyGetData2\\Reports\\20240122_174123\\TS1\\20240122_181633\\1705922726006.png]]

2024-01-22 18:25:26 - [TEST_STEP][PASSED] - else: null

2024-01-22 18:25:26 - [TEST_STEP][PASSED] - strBuyer2 = getText(findTestObject("Stockbit/Bandarmology_Buyer2")): Text of object 'Object Repository/Stockbit/Bandarmology_Buyer2' is: 'NI'

2024-01-22 18:25:26 - [MESSAGE][PASSED] - Text of object 'Object Repository/Stockbit/Bandarmology_Buyer2' is: 'NI'

2024-01-22 18:25:26 - [TEST_STEP][PASSED] - strBuyerVol2 = getText(findTestObject("Stockbit/Bandarmology_BuyerVol2")): Text of object 'Object Repository/Stockbit/Bandarmology_BuyerVol2' is: '15.3 K'

2024-01-22 18:25:26 - [MESSAGE][PASSED] - Text of object 'Object Repository/Stockbit/Bandarmology_BuyerVol2' is: '15.3 K'

2024-01-22 18:25:26 - [TEST_STEP][PASSED] - strBuyerAvg2 = getText(findTestObject("Stockbit/Bandarmology_BuyerAvg2")): Text of object 'Object Repository/Stockbit/Bandarmology_BuyerAvg2' is: '101'

2024-01-22 18:25:26 - [MESSAGE][PASSED] - Text of object 'Object Repository/Stockbit/Bandarmology_BuyerAvg2' is: '101'

2024-01-22 18:25:26 - [TEST_STEP][PASSED] - if (strBuyer2 != ""): null

2024-01-22 18:25:26 - [TEST_STEP][PASSED] - if (strBuyerAvg2.contains(",")): null

2024-01-22 18:25:26 - [TEST_STEP][PASSED] - if (strBuyerVol2.contains(" B")): null

2024-01-22 18:25:26 - [TEST_STEP][PASSED] - else if (strBuyerVol2.contains(" M")): null

2024-01-22 18:25:26 - [TEST_STEP][PASSED] - else if (strBuyerVol2.contains(" K")): null

2024-01-22 18:25:26 - [TEST_STEP][PASSED] - strBuyerVol2 = strBuyerVol2.replace(" K", ""): null

2024-01-22 18:25:26 - [TEST_STEP][PASSED] - strBuyerVol2 = strBuyerVol2.toDouble() * 1000: null

2024-01-22 18:25:26 - [TEST_STEP][PASSED] - if (strBuyerVol2.contains(".")): null

2024-01-22 18:25:26 - [TEST_STEP][PASSED] - strBuyerVal2 = strBuyerVol2.replace(".", ""): null

2024-01-22 18:25:26 - [TEST_STEP][PASSED] - if (verifyElementNotPresent(findTestObject("Stockbit/Bandarmology_Seller2"), 1, OPTIONAL)): Web element with id: 'Object Repository/Stockbit/Bandarmology_Seller2' located by 'By.xpath: //*[contains(@id, 'rc-tabs-')]/div[2]/div/div/div/div/div/div[2]/table/tbody/tr[3]/td[5]/p' is present after '1' second(s) (Root cause: com.kms.katalon.core.exception.StepFailedException: Web element with id: 'Object Repository/Stockbit/Bandarmology_Seller2' located by 'By.xpath: //*[contains(@id, 'rc-tabs-')]/div[2]/div/div/div/div/div/div[2]/table/tbody/tr[3]/td[5]/p' is present after '1' second(s)
	at com.kms.katalon.core.webui.keyword.internal.WebUIKeywordMain.stepFailed(WebUIKeywordMain.groovy:64)
	at com.kms.katalon.core.webui.keyword.internal.WebUIKeywordMain$stepFailed$0.call(Unknown Source)
	at com.kms.katalon.core.webui.keyword.builtin.VerifyElementNotPresentKeyword$_verifyElementNotPresent_closure1.doCall(VerifyElementNotPresentKeyword.groovy:106)
	at com.kms.katalon.core.webui.keyword.builtin.VerifyElementNotPresentKeyword$_verifyElementNotPresent_closure1.doCall(VerifyElementNotPresentKeyword.groovy)
	at com.kms.katalon.core.webui.keyword.internal.WebUIKeywordMain.runKeyword(WebUIKeywordMain.groovy:20)
	at com.kms.katalon.core.webui.keyword.internal.WebUIKeywordMain$runKeyword.call(Unknown Source)
	at com.kms.katalon.core.webui.keyword.builtin.VerifyElementNotPresentKeyword.verifyElementNotPresent(VerifyElementNotPresentKeyword.groovy:117)
	at com.kms.katalon.core.webui.keyword.builtin.VerifyElementNotPresentKeyword.execute(VerifyElementNotPresentKeyword.groovy:68)
	at com.kms.katalon.core.keyword.internal.KeywordExecutor.executeKeywordForPlatform(KeywordExecutor.groovy:74)
	at com.kms.katalon.core.webui.keyword.WebUiBuiltInKeywords.verifyElementNotPresent(WebUiBuiltInKeywords.groovy:1481)
	at com.kms.katalon.core.webui.keyword.WebUiBuiltInKeywords$verifyElementNotPresent$8.call(Unknown Source)
	at GetBrokSumPriceDaily.run(GetBrokSumPriceDaily:309)
	at com.kms.katalon.core.main.ScriptEngine.run(ScriptEngine.java:194)
	at com.kms.katalon.core.main.ScriptEngine.runScriptAsRawText(ScriptEngine.java:119)
	at com.kms.katalon.core.main.TestCaseExecutor.runScript(TestCaseExecutor.java:445)
	at com.kms.katalon.core.main.TestCaseExecutor.doExecute(TestCaseExecutor.java:436)
	at com.kms.katalon.core.main.TestCaseExecutor.processExecutionPhase(TestCaseExecutor.java:415)
	at com.kms.katalon.core.main.TestCaseExecutor.accessMainPhase(TestCaseExecutor.java:407)
	at com.kms.katalon.core.main.TestCaseExecutor.execute(TestCaseExecutor.java:284)
	at com.kms.katalon.core.common.CommonExecutor.accessTestCaseMainPhase(CommonExecutor.java:65)
	at com.kms.katalon.core.main.TestSuiteExecutor.accessTestSuiteMainPhase(TestSuiteExecutor.java:144)
	at com.kms.katalon.core.main.TestSuiteExecutor.execute(TestSuiteExecutor.java:106)
	at com.kms.katalon.core.main.TestCaseMain.startTestSuite(TestCaseMain.java:185)
	at com.kms.katalon.core.main.TestCaseMain$startTestSuite$0.call(Unknown Source)
	at TempTestSuite1705922193915.run(TempTestSuite1705922193915.groovy:36)
)

2024-01-22 18:25:28 - [MESSAGE][WARNING] - Web element with id: 'Object Repository/Stockbit/Bandarmology_Seller2' located by 'By.xpath: //*[contains(@id, 'rc-tabs-')]/div[2]/div/div/div/div/div/div[2]/table/tbody/tr[3]/td[5]/p' is present after '1' second(s) (Root cause: com.kms.katalon.core.exception.StepFailedException: Web element with id: 'Object Repository/Stockbit/Bandarmology_Seller2' located by 'By.xpath: //*[contains(@id, 'rc-tabs-')]/div[2]/div/div/div/div/div/div[2]/table/tbody/tr[3]/td[5]/p' is present after '1' second(s)
	at com.kms.katalon.core.webui.keyword.internal.WebUIKeywordMain.stepFailed(WebUIKeywordMain.groovy:64)
	at com.kms.katalon.core.webui.keyword.internal.WebUIKeywordMain$stepFailed$0.call(Unknown Source)
	at com.kms.katalon.core.webui.keyword.builtin.VerifyElementNotPresentKeyword$_verifyElementNotPresent_closure1.doCall(VerifyElementNotPresentKeyword.groovy:106)
	at com.kms.katalon.core.webui.keyword.builtin.VerifyElementNotPresentKeyword$_verifyElementNotPresent_closure1.doCall(VerifyElementNotPresentKeyword.groovy)
	at com.kms.katalon.core.webui.keyword.internal.WebUIKeywordMain.runKeyword(WebUIKeywordMain.groovy:20)
	at com.kms.katalon.core.webui.keyword.internal.WebUIKeywordMain$runKeyword.call(Unknown Source)
	at com.kms.katalon.core.webui.keyword.builtin.VerifyElementNotPresentKeyword.verifyElementNotPresent(VerifyElementNotPresentKeyword.groovy:117)
	at com.kms.katalon.core.webui.keyword.builtin.VerifyElementNotPresentKeyword.execute(VerifyElementNotPresentKeyword.groovy:68)
	at com.kms.katalon.core.keyword.internal.KeywordExecutor.executeKeywordForPlatform(KeywordExecutor.groovy:74)
	at com.kms.katalon.core.webui.keyword.WebUiBuiltInKeywords.verifyElementNotPresent(WebUiBuiltInKeywords.groovy:1481)
	at com.kms.katalon.core.webui.keyword.WebUiBuiltInKeywords$verifyElementNotPresent$8.call(Unknown Source)
	at GetBrokSumPriceDaily.run(GetBrokSumPriceDaily:309)
	at com.kms.katalon.core.main.ScriptEngine.run(ScriptEngine.java:194)
	at com.kms.katalon.core.main.ScriptEngine.runScriptAsRawText(ScriptEngine.java:119)
	at com.kms.katalon.core.main.TestCaseExecutor.runScript(TestCaseExecutor.java:445)
	at com.kms.katalon.core.main.TestCaseExecutor.doExecute(TestCaseExecutor.java:436)
	at com.kms.katalon.core.main.TestCaseExecutor.processExecutionPhase(TestCaseExecutor.java:415)
	at com.kms.katalon.core.main.TestCaseExecutor.accessMainPhase(TestCaseExecutor.java:407)
	at com.kms.katalon.core.main.TestCaseExecutor.execute(TestCaseExecutor.java:284)
	at com.kms.katalon.core.common.CommonExecutor.accessTestCaseMainPhase(CommonExecutor.java:65)
	at com.kms.katalon.core.main.TestSuiteExecutor.accessTestSuiteMainPhase(TestSuiteExecutor.java:144)
	at com.kms.katalon.core.main.TestSuiteExecutor.execute(TestSuiteExecutor.java:106)
	at com.kms.katalon.core.main.TestCaseMain.startTestSuite(TestCaseMain.java:185)
	at com.kms.katalon.core.main.TestCaseMain$startTestSuite$0.call(Unknown Source)
	at TempTestSuite1705922193915.run(TempTestSuite1705922193915.groovy:36)
)
[[ATTACHMENT|C:\\Users\\Fadli\\git\\KatalonDailyGetData2\\Reports\\20240122_174123\\TS1\\20240122_181633\\1705922727973.png]]

2024-01-22 18:25:28 - [TEST_STEP][PASSED] - else: null

2024-01-22 18:25:28 - [TEST_STEP][PASSED] - strSeller2 = getText(findTestObject("Stockbit/Bandarmology_Seller2")): Text of object 'Object Repository/Stockbit/Bandarmology_Seller2' is: 'KK'

2024-01-22 18:25:28 - [MESSAGE][PASSED] - Text of object 'Object Repository/Stockbit/Bandarmology_Seller2' is: 'KK'

2024-01-22 18:25:28 - [TEST_STEP][PASSED] - strSellerVol2 = getText(findTestObject("Stockbit/Bandarmology_SellerVol2")): Text of object 'Object Repository/Stockbit/Bandarmology_SellerVol2' is: '14.9 K'

2024-01-22 18:25:28 - [MESSAGE][PASSED] - Text of object 'Object Repository/Stockbit/Bandarmology_SellerVol2' is: '14.9 K'

2024-01-22 18:25:28 - [TEST_STEP][PASSED] - strSellerAvg2 = getText(findTestObject("Stockbit/Bandarmology_SellerAvg2")): Text of object 'Object Repository/Stockbit/Bandarmology_SellerAvg2' is: '100'

2024-01-22 18:25:28 - [MESSAGE][PASSED] - Text of object 'Object Repository/Stockbit/Bandarmology_SellerAvg2' is: '100'

2024-01-22 18:25:28 - [TEST_STEP][PASSED] - if (strSeller2 != ""): null

2024-01-22 18:25:28 - [TEST_STEP][PASSED] - if (strSellerAvg2.contains(",")): null

2024-01-22 18:25:28 - [TEST_STEP][PASSED] - if (strSellerVol2.contains(" B")): null

2024-01-22 18:25:28 - [TEST_STEP][PASSED] - else if (strSellerVol2.contains(" M")): null

2024-01-22 18:25:28 - [TEST_STEP][PASSED] - else if (strSellerVol2.contains(" K")): null

2024-01-22 18:25:28 - [TEST_STEP][PASSED] - strSellerVol2 = strSellerVol2.replace(" K", ""): null

2024-01-22 18:25:28 - [TEST_STEP][PASSED] - strSellerVol2 = strSellerVol2.toDouble() * 1000: null

2024-01-22 18:25:28 - [TEST_STEP][PASSED] - if (verifyElementNotPresent(findTestObject("Stockbit/Bandarmology_Buyer3"), 1, OPTIONAL)): Web element with id: 'Object Repository/Stockbit/Bandarmology_Buyer3' located by 'By.xpath: //*[contains(@id, 'rc-tabs-')]/div[2]/div/div/div/div/div/div[2]/table/tbody/tr[4]/td[1]/p' is present after '1' second(s) (Root cause: com.kms.katalon.core.exception.StepFailedException: Web element with id: 'Object Repository/Stockbit/Bandarmology_Buyer3' located by 'By.xpath: //*[contains(@id, 'rc-tabs-')]/div[2]/div/div/div/div/div/div[2]/table/tbody/tr[4]/td[1]/p' is present after '1' second(s)
	at com.kms.katalon.core.webui.keyword.internal.WebUIKeywordMain.stepFailed(WebUIKeywordMain.groovy:64)
	at com.kms.katalon.core.webui.keyword.internal.WebUIKeywordMain$stepFailed$0.call(Unknown Source)
	at com.kms.katalon.core.webui.keyword.builtin.VerifyElementNotPresentKeyword$_verifyElementNotPresent_closure1.doCall(VerifyElementNotPresentKeyword.groovy:106)
	at com.kms.katalon.core.webui.keyword.builtin.VerifyElementNotPresentKeyword$_verifyElementNotPresent_closure1.doCall(VerifyElementNotPresentKeyword.groovy)
	at com.kms.katalon.core.webui.keyword.internal.WebUIKeywordMain.runKeyword(WebUIKeywordMain.groovy:20)
	at com.kms.katalon.core.webui.keyword.internal.WebUIKeywordMain$runKeyword.call(Unknown Source)
	at com.kms.katalon.core.webui.keyword.builtin.VerifyElementNotPresentKeyword.verifyElementNotPresent(VerifyElementNotPresentKeyword.groovy:117)
	at com.kms.katalon.core.webui.keyword.builtin.VerifyElementNotPresentKeyword.execute(VerifyElementNotPresentKeyword.groovy:68)
	at com.kms.katalon.core.keyword.internal.KeywordExecutor.executeKeywordForPlatform(KeywordExecutor.groovy:74)
	at com.kms.katalon.core.webui.keyword.WebUiBuiltInKeywords.verifyElementNotPresent(WebUiBuiltInKeywords.groovy:1481)
	at com.kms.katalon.core.webui.keyword.WebUiBuiltInKeywords$verifyElementNotPresent$8.call(Unknown Source)
	at GetBrokSumPriceDaily.run(GetBrokSumPriceDaily:361)
	at com.kms.katalon.core.main.ScriptEngine.run(ScriptEngine.java:194)
	at com.kms.katalon.core.main.ScriptEngine.runScriptAsRawText(ScriptEngine.java:119)
	at com.kms.katalon.core.main.TestCaseExecutor.runScript(TestCaseExecutor.java:445)
	at com.kms.katalon.core.main.TestCaseExecutor.doExecute(TestCaseExecutor.java:436)
	at com.kms.katalon.core.main.TestCaseExecutor.processExecutionPhase(TestCaseExecutor.java:415)
	at com.kms.katalon.core.main.TestCaseExecutor.accessMainPhase(TestCaseExecutor.java:407)
	at com.kms.katalon.core.main.TestCaseExecutor.execute(TestCaseExecutor.java:284)
	at com.kms.katalon.core.common.CommonExecutor.accessTestCaseMainPhase(CommonExecutor.java:65)
	at com.kms.katalon.core.main.TestSuiteExecutor.accessTestSuiteMainPhase(TestSuiteExecutor.java:144)
	at com.kms.katalon.core.main.TestSuiteExecutor.execute(TestSuiteExecutor.java:106)
	at com.kms.katalon.core.main.TestCaseMain.startTestSuite(TestCaseMain.java:185)
	at com.kms.katalon.core.main.TestCaseMain$startTestSuite$0.call(Unknown Source)
	at TempTestSuite1705922193915.run(TempTestSuite1705922193915.groovy:36)
)

2024-01-22 18:25:30 - [MESSAGE][WARNING] - Web element with id: 'Object Repository/Stockbit/Bandarmology_Buyer3' located by 'By.xpath: //*[contains(@id, 'rc-tabs-')]/div[2]/div/div/div/div/div/div[2]/table/tbody/tr[4]/td[1]/p' is present after '1' second(s) (Root cause: com.kms.katalon.core.exception.StepFailedException: Web element with id: 'Object Repository/Stockbit/Bandarmology_Buyer3' located by 'By.xpath: //*[contains(@id, 'rc-tabs-')]/div[2]/div/div/div/div/div/div[2]/table/tbody/tr[4]/td[1]/p' is present after '1' second(s)
	at com.kms.katalon.core.webui.keyword.internal.WebUIKeywordMain.stepFailed(WebUIKeywordMain.groovy:64)
	at com.kms.katalon.core.webui.keyword.internal.WebUIKeywordMain$stepFailed$0.call(Unknown Source)
	at com.kms.katalon.core.webui.keyword.builtin.VerifyElementNotPresentKeyword$_verifyElementNotPresent_closure1.doCall(VerifyElementNotPresentKeyword.groovy:106)
	at com.kms.katalon.core.webui.keyword.builtin.VerifyElementNotPresentKeyword$_verifyElementNotPresent_closure1.doCall(VerifyElementNotPresentKeyword.groovy)
	at com.kms.katalon.core.webui.keyword.internal.WebUIKeywordMain.runKeyword(WebUIKeywordMain.groovy:20)
	at com.kms.katalon.core.webui.keyword.internal.WebUIKeywordMain$runKeyword.call(Unknown Source)
	at com.kms.katalon.core.webui.keyword.builtin.VerifyElementNotPresentKeyword.verifyElementNotPresent(VerifyElementNotPresentKeyword.groovy:117)
	at com.kms.katalon.core.webui.keyword.builtin.VerifyElementNotPresentKeyword.execute(VerifyElementNotPresentKeyword.groovy:68)
	at com.kms.katalon.core.keyword.internal.KeywordExecutor.executeKeywordForPlatform(KeywordExecutor.groovy:74)
	at com.kms.katalon.core.webui.keyword.WebUiBuiltInKeywords.verifyElementNotPresent(WebUiBuiltInKeywords.groovy:1481)
	at com.kms.katalon.core.webui.keyword.WebUiBuiltInKeywords$verifyElementNotPresent$8.call(Unknown Source)
	at GetBrokSumPriceDaily.run(GetBrokSumPriceDaily:361)
	at com.kms.katalon.core.main.ScriptEngine.run(ScriptEngine.java:194)
	at com.kms.katalon.core.main.ScriptEngine.runScriptAsRawText(ScriptEngine.java:119)
	at com.kms.katalon.core.main.TestCaseExecutor.runScript(TestCaseExecutor.java:445)
	at com.kms.katalon.core.main.TestCaseExecutor.doExecute(TestCaseExecutor.java:436)
	at com.kms.katalon.core.main.TestCaseExecutor.processExecutionPhase(TestCaseExecutor.java:415)
	at com.kms.katalon.core.main.TestCaseExecutor.accessMainPhase(TestCaseExecutor.java:407)
	at com.kms.katalon.core.main.TestCaseExecutor.execute(TestCaseExecutor.java:284)
	at com.kms.katalon.core.common.CommonExecutor.accessTestCaseMainPhase(CommonExecutor.java:65)
	at com.kms.katalon.core.main.TestSuiteExecutor.accessTestSuiteMainPhase(TestSuiteExecutor.java:144)
	at com.kms.katalon.core.main.TestSuiteExecutor.execute(TestSuiteExecutor.java:106)
	at com.kms.katalon.core.main.TestCaseMain.startTestSuite(TestCaseMain.java:185)
	at com.kms.katalon.core.main.TestCaseMain$startTestSuite$0.call(Unknown Source)
	at TempTestSuite1705922193915.run(TempTestSuite1705922193915.groovy:36)
)
[[ATTACHMENT|C:\\Users\\Fadli\\git\\KatalonDailyGetData2\\Reports\\20240122_174123\\TS1\\20240122_181633\\1705922729848.png]]

2024-01-22 18:25:30 - [TEST_STEP][PASSED] - else: null

2024-01-22 18:25:30 - [TEST_STEP][PASSED] - strBuyer3 = getText(findTestObject("Stockbit/Bandarmology_Buyer3")): Text of object 'Object Repository/Stockbit/Bandarmology_Buyer3' is: 'CC'

2024-01-22 18:25:30 - [MESSAGE][PASSED] - Text of object 'Object Repository/Stockbit/Bandarmology_Buyer3' is: 'CC'

2024-01-22 18:25:30 - [TEST_STEP][PASSED] - strBuyerVol3 = getText(findTestObject("Stockbit/Bandarmology_BuyerVol3")): Text of object 'Object Repository/Stockbit/Bandarmology_BuyerVol3' is: '14 K'

2024-01-22 18:25:30 - [MESSAGE][PASSED] - Text of object 'Object Repository/Stockbit/Bandarmology_BuyerVol3' is: '14 K'

2024-01-22 18:25:30 - [TEST_STEP][PASSED] - strBuyerAvg3 = getText(findTestObject("Stockbit/Bandarmology_BuyerAvg3")): Text of object 'Object Repository/Stockbit/Bandarmology_BuyerAvg3' is: '100'

2024-01-22 18:25:30 - [MESSAGE][PASSED] - Text of object 'Object Repository/Stockbit/Bandarmology_BuyerAvg3' is: '100'

2024-01-22 18:25:30 - [TEST_STEP][PASSED] - if (strBuyer3 != ""): null

2024-01-22 18:25:30 - [TEST_STEP][PASSED] - if (strBuyerAvg3.contains(",")): null

2024-01-22 18:25:30 - [TEST_STEP][PASSED] - if (strBuyerVol3.contains(" B")): null

2024-01-22 18:25:30 - [TEST_STEP][PASSED] - else if (strBuyerVol3.contains(" M")): null

2024-01-22 18:25:30 - [TEST_STEP][PASSED] - else if (strBuyerVol3.contains(" K")): null

2024-01-22 18:25:30 - [TEST_STEP][PASSED] - strBuyerVol3 = strBuyerVol3.replace(" K", ""): null

2024-01-22 18:25:30 - [TEST_STEP][PASSED] - strBuyerVol3 = strBuyerVol3.toDouble() * 1000: null

2024-01-22 18:25:30 - [TEST_STEP][PASSED] - if (verifyElementNotPresent(findTestObject("Stockbit/Bandarmology_Seller3"), 1, OPTIONAL)): Web element with id: 'Object Repository/Stockbit/Bandarmology_Seller3' located by 'By.xpath: //*[contains(@id, 'rc-tabs-')]/div[2]/div/div/div/div/div/div[2]/table/tbody/tr[4]/td[5]/p' is present after '1' second(s) (Root cause: com.kms.katalon.core.exception.StepFailedException: Web element with id: 'Object Repository/Stockbit/Bandarmology_Seller3' located by 'By.xpath: //*[contains(@id, 'rc-tabs-')]/div[2]/div/div/div/div/div/div[2]/table/tbody/tr[4]/td[5]/p' is present after '1' second(s)
	at com.kms.katalon.core.webui.keyword.internal.WebUIKeywordMain.stepFailed(WebUIKeywordMain.groovy:64)
	at com.kms.katalon.core.webui.keyword.internal.WebUIKeywordMain$stepFailed$0.call(Unknown Source)
	at com.kms.katalon.core.webui.keyword.builtin.VerifyElementNotPresentKeyword$_verifyElementNotPresent_closure1.doCall(VerifyElementNotPresentKeyword.groovy:106)
	at com.kms.katalon.core.webui.keyword.builtin.VerifyElementNotPresentKeyword$_verifyElementNotPresent_closure1.doCall(VerifyElementNotPresentKeyword.groovy)
	at com.kms.katalon.core.webui.keyword.internal.WebUIKeywordMain.runKeyword(WebUIKeywordMain.groovy:20)
	at com.kms.katalon.core.webui.keyword.internal.WebUIKeywordMain$runKeyword.call(Unknown Source)
	at com.kms.katalon.core.webui.keyword.builtin.VerifyElementNotPresentKeyword.verifyElementNotPresent(VerifyElementNotPresentKeyword.groovy:117)
	at com.kms.katalon.core.webui.keyword.builtin.VerifyElementNotPresentKeyword.execute(VerifyElementNotPresentKeyword.groovy:68)
	at com.kms.katalon.core.keyword.internal.KeywordExecutor.executeKeywordForPlatform(KeywordExecutor.groovy:74)
	at com.kms.katalon.core.webui.keyword.WebUiBuiltInKeywords.verifyElementNotPresent(WebUiBuiltInKeywords.groovy:1481)
	at com.kms.katalon.core.webui.keyword.WebUiBuiltInKeywords$verifyElementNotPresent$8.call(Unknown Source)
	at GetBrokSumPriceDaily.run(GetBrokSumPriceDaily:414)
	at com.kms.katalon.core.main.ScriptEngine.run(ScriptEngine.java:194)
	at com.kms.katalon.core.main.ScriptEngine.runScriptAsRawText(ScriptEngine.java:119)
	at com.kms.katalon.core.main.TestCaseExecutor.runScript(TestCaseExecutor.java:445)
	at com.kms.katalon.core.main.TestCaseExecutor.doExecute(TestCaseExecutor.java:436)
	at com.kms.katalon.core.main.TestCaseExecutor.processExecutionPhase(TestCaseExecutor.java:415)
	at com.kms.katalon.core.main.TestCaseExecutor.accessMainPhase(TestCaseExecutor.java:407)
	at com.kms.katalon.core.main.TestCaseExecutor.execute(TestCaseExecutor.java:284)
	at com.kms.katalon.core.common.CommonExecutor.accessTestCaseMainPhase(CommonExecutor.java:65)
	at com.kms.katalon.core.main.TestSuiteExecutor.accessTestSuiteMainPhase(TestSuiteExecutor.java:144)
	at com.kms.katalon.core.main.TestSuiteExecutor.execute(TestSuiteExecutor.java:106)
	at com.kms.katalon.core.main.TestCaseMain.startTestSuite(TestCaseMain.java:185)
	at com.kms.katalon.core.main.TestCaseMain$startTestSuite$0.call(Unknown Source)
	at TempTestSuite1705922193915.run(TempTestSuite1705922193915.groovy:36)
)

2024-01-22 18:25:31 - [MESSAGE][WARNING] - Web element with id: 'Object Repository/Stockbit/Bandarmology_Seller3' located by 'By.xpath: //*[contains(@id, 'rc-tabs-')]/div[2]/div/div/div/div/div/div[2]/table/tbody/tr[4]/td[5]/p' is present after '1' second(s) (Root cause: com.kms.katalon.core.exception.StepFailedException: Web element with id: 'Object Repository/Stockbit/Bandarmology_Seller3' located by 'By.xpath: //*[contains(@id, 'rc-tabs-')]/div[2]/div/div/div/div/div/div[2]/table/tbody/tr[4]/td[5]/p' is present after '1' second(s)
	at com.kms.katalon.core.webui.keyword.internal.WebUIKeywordMain.stepFailed(WebUIKeywordMain.groovy:64)
	at com.kms.katalon.core.webui.keyword.internal.WebUIKeywordMain$stepFailed$0.call(Unknown Source)
	at com.kms.katalon.core.webui.keyword.builtin.VerifyElementNotPresentKeyword$_verifyElementNotPresent_closure1.doCall(VerifyElementNotPresentKeyword.groovy:106)
	at com.kms.katalon.core.webui.keyword.builtin.VerifyElementNotPresentKeyword$_verifyElementNotPresent_closure1.doCall(VerifyElementNotPresentKeyword.groovy)
	at com.kms.katalon.core.webui.keyword.internal.WebUIKeywordMain.runKeyword(WebUIKeywordMain.groovy:20)
	at com.kms.katalon.core.webui.keyword.internal.WebUIKeywordMain$runKeyword.call(Unknown Source)
	at com.kms.katalon.core.webui.keyword.builtin.VerifyElementNotPresentKeyword.verifyElementNotPresent(VerifyElementNotPresentKeyword.groovy:117)
	at com.kms.katalon.core.webui.keyword.builtin.VerifyElementNotPresentKeyword.execute(VerifyElementNotPresentKeyword.groovy:68)
	at com.kms.katalon.core.keyword.internal.KeywordExecutor.executeKeywordForPlatform(KeywordExecutor.groovy:74)
	at com.kms.katalon.core.webui.keyword.WebUiBuiltInKeywords.verifyElementNotPresent(WebUiBuiltInKeywords.groovy:1481)
	at com.kms.katalon.core.webui.keyword.WebUiBuiltInKeywords$verifyElementNotPresent$8.call(Unknown Source)
	at GetBrokSumPriceDaily.run(GetBrokSumPriceDaily:414)
	at com.kms.katalon.core.main.ScriptEngine.run(ScriptEngine.java:194)
	at com.kms.katalon.core.main.ScriptEngine.runScriptAsRawText(ScriptEngine.java:119)
	at com.kms.katalon.core.main.TestCaseExecutor.runScript(TestCaseExecutor.java:445)
	at com.kms.katalon.core.main.TestCaseExecutor.doExecute(TestCaseExecutor.java:436)
	at com.kms.katalon.core.main.TestCaseExecutor.processExecutionPhase(TestCaseExecutor.java:415)
	at com.kms.katalon.core.main.TestCaseExecutor.accessMainPhase(TestCaseExecutor.java:407)
	at com.kms.katalon.core.main.TestCaseExecutor.execute(TestCaseExecutor.java:284)
	at com.kms.katalon.core.common.CommonExecutor.accessTestCaseMainPhase(CommonExecutor.java:65)
	at com.kms.katalon.core.main.TestSuiteExecutor.accessTestSuiteMainPhase(TestSuiteExecutor.java:144)
	at com.kms.katalon.core.main.TestSuiteExecutor.execute(TestSuiteExecutor.java:106)
	at com.kms.katalon.core.main.TestCaseMain.startTestSuite(TestCaseMain.java:185)
	at com.kms.katalon.core.main.TestCaseMain$startTestSuite$0.call(Unknown Source)
	at TempTestSuite1705922193915.run(TempTestSuite1705922193915.groovy:36)
)
[[ATTACHMENT|C:\\Users\\Fadli\\git\\KatalonDailyGetData2\\Reports\\20240122_174123\\TS1\\20240122_181633\\1705922731772.png]]

2024-01-22 18:25:31 - [TEST_STEP][PASSED] - else: null

2024-01-22 18:25:32 - [TEST_STEP][PASSED] - strSeller3 = getText(findTestObject("Stockbit/Bandarmology_Seller3")): Text of object 'Object Repository/Stockbit/Bandarmology_Seller3' is: 'HP'

2024-01-22 18:25:32 - [MESSAGE][PASSED] - Text of object 'Object Repository/Stockbit/Bandarmology_Seller3' is: 'HP'

2024-01-22 18:25:32 - [TEST_STEP][PASSED] - strSellerVol3 = getText(findTestObject("Stockbit/Bandarmology_SellerVol3")): Text of object 'Object Repository/Stockbit/Bandarmology_SellerVol3' is: '8.3 K'

2024-01-22 18:25:32 - [MESSAGE][PASSED] - Text of object 'Object Repository/Stockbit/Bandarmology_SellerVol3' is: '8.3 K'

2024-01-22 18:25:32 - [TEST_STEP][PASSED] - strSellerAvg3 = getText(findTestObject("Stockbit/Bandarmology_SellerAvg3")): Text of object 'Object Repository/Stockbit/Bandarmology_SellerAvg3' is: '100'

2024-01-22 18:25:32 - [MESSAGE][PASSED] - Text of object 'Object Repository/Stockbit/Bandarmology_SellerAvg3' is: '100'

2024-01-22 18:25:32 - [TEST_STEP][PASSED] - if (strSeller3 != ""): null

2024-01-22 18:25:32 - [TEST_STEP][PASSED] - if (strSellerAvg3.contains(",")): null

2024-01-22 18:25:32 - [TEST_STEP][PASSED] - if (strSellerVol3.contains(" B")): null

2024-01-22 18:25:32 - [TEST_STEP][PASSED] - else if (strSellerVol3.contains(" M")): null

2024-01-22 18:25:32 - [TEST_STEP][PASSED] - else if (strSellerVol3.contains(" K")): null

2024-01-22 18:25:32 - [TEST_STEP][PASSED] - strSellerVol3 = strSellerVol3.replace(" K", ""): null

2024-01-22 18:25:32 - [TEST_STEP][PASSED] - strSellerVol3 = strSellerVol3.toDouble() * 1000: null

2024-01-22 18:25:32 - [TEST_STEP][PASSED] - strAccDist = getText(findTestObject("Stockbit/Bandarmology_AccDist")): Text of object 'Object Repository/Stockbit/Bandarmology_AccDist' is: 'Dist'

2024-01-22 18:25:32 - [MESSAGE][PASSED] - Text of object 'Object Repository/Stockbit/Bandarmology_AccDist' is: 'Dist'

2024-01-22 18:25:32 - [TEST_STEP][PASSED] - strNetVol = getText(findTestObject("Stockbit/Bandarmology_NetVol")): Text of object 'Object Repository/Stockbit/Bandarmology_NetVol' is: '106,722'

2024-01-22 18:25:32 - [MESSAGE][PASSED] - Text of object 'Object Repository/Stockbit/Bandarmology_NetVol' is: '106,722'

2024-01-22 18:25:32 - [TEST_STEP][PASSED] - strNetVol = strNetVol.replace(",", ""): null

2024-01-22 18:25:32 - [TEST_STEP][PASSED] - strNetVal = getText(findTestObject("Stockbit/Bandarmology_NetVal")): Text of object 'Object Repository/Stockbit/Bandarmology_NetVal' is: '1.1 B'

2024-01-22 18:25:32 - [MESSAGE][PASSED] - Text of object 'Object Repository/Stockbit/Bandarmology_NetVal' is: '1.1 B'

2024-01-22 18:25:32 - [TEST_STEP][PASSED] - delay(3): Delayed 3 second(s)

2024-01-22 18:25:35 - [MESSAGE][PASSED] - Delayed 3 second(s)

2024-01-22 18:25:35 - [TEST_STEP][PASSED] - strOpenPrice = getText(findTestObject("Stockbit/Home_OpenPrice")): Text of object 'Object Repository/Stockbit/Home_OpenPrice' is: '103'

2024-01-22 18:25:36 - [MESSAGE][PASSED] - Text of object 'Object Repository/Stockbit/Home_OpenPrice' is: '103'

2024-01-22 18:25:36 - [TEST_STEP][PASSED] - strOpenPrice = strOpenPrice.replace(",", ""): null

2024-01-22 18:25:36 - [TEST_STEP][PASSED] - strLowPrice = getText(findTestObject("Stockbit/Home_LowPrice")): Text of object 'Object Repository/Stockbit/Home_LowPrice' is: '99'

2024-01-22 18:25:36 - [MESSAGE][PASSED] - Text of object 'Object Repository/Stockbit/Home_LowPrice' is: '99'

2024-01-22 18:25:36 - [TEST_STEP][PASSED] - strLowPrice = strLowPrice.replace(",", ""): null

2024-01-22 18:25:36 - [TEST_STEP][PASSED] - strHighPrice = getText(findTestObject("Stockbit/Home_HighPrice")): Text of object 'Object Repository/Stockbit/Home_HighPrice' is: '104'

2024-01-22 18:25:36 - [MESSAGE][PASSED] - Text of object 'Object Repository/Stockbit/Home_HighPrice' is: '104'

2024-01-22 18:25:36 - [TEST_STEP][PASSED] - strHighPrice = strHighPrice.replace(",", ""): null

2024-01-22 18:25:36 - [TEST_STEP][PASSED] - strClosePrice = getText(findTestObject("Stockbit/Home_ClosePrice")): Text of object 'Object Repository/Stockbit/Home_ClosePrice' is: '101'

2024-01-22 18:25:36 - [MESSAGE][PASSED] - Text of object 'Object Repository/Stockbit/Home_ClosePrice' is: '101'

2024-01-22 18:25:36 - [TEST_STEP][PASSED] - strClosePrice = strClosePrice.replace(",", ""): null

2024-01-22 18:25:36 - [TEST_STEP][PASSED] - strVol = getText(findTestObject("Stockbit/Home_Volume")): Text of object 'Object Repository/Stockbit/Home_Volume' is: '199 K'

2024-01-22 18:25:36 - [MESSAGE][PASSED] - Text of object 'Object Repository/Stockbit/Home_Volume' is: '199 K'

2024-01-22 18:25:36 - [TEST_STEP][PASSED] - if (strVol.contains(" K")): null

2024-01-22 18:25:36 - [TEST_STEP][PASSED] - strVol = strVol.replace(" K", "000"): null

2024-01-22 18:25:36 - [TEST_STEP][PASSED] - if (strVol.contains(",")): null

2024-01-22 18:25:36 - [TEST_STEP][PASSED] - strChange = getText(findTestObject("Stockbit/Home_Change")): Text of object 'Object Repository/Stockbit/Home_Change' is: '-1.94%'

2024-01-22 18:25:36 - [MESSAGE][PASSED] - Text of object 'Object Repository/Stockbit/Home_Change' is: '-1.94%'

2024-01-22 18:25:36 - [TEST_STEP][PASSED] - strChange = strChange.replace("%", ""): null

2024-01-22 18:25:36 - [TEST_STEP][PASSED] - strFreq = getText(findTestObject("Stockbit/Home_Freq")): Text of object 'Object Repository/Stockbit/Home_Freq' is: '1,138'

2024-01-22 18:25:37 - [MESSAGE][PASSED] - Text of object 'Object Repository/Stockbit/Home_Freq' is: '1,138'

2024-01-22 18:25:37 - [TEST_STEP][PASSED] - if (strFreq.contains(",")): null

2024-01-22 18:25:37 - [TEST_STEP][PASSED] - strFreq = strFreq.replace(",", ""): null

2024-01-22 18:25:37 - [TEST_STEP][PASSED] - if (strFreq == "NA" || strFreq == ""): null

2024-01-22 18:25:37 - [TEST_STEP][PASSED] - else: null

2024-01-22 18:25:37 - [TEST_STEP][PASSED] - dblFreqAnal = strVol.toDouble() / strFreq.toDouble() * strFreq.toDouble() * strFreq.toDouble() * 100000000: null

2024-01-22 18:25:37 - [TEST_STEP][PASSED] - strFreqAnal = String.format("%.4f", dblFreqAnal): null

2024-01-22 18:25:37 - [TEST_STEP][PASSED] - out.println("Double strFreqAnal: " + strFreqAnal): null

2024-01-22 18:25:37 - [TEST_STEP][PASSED] - strTanggal = d.format(DateTimeFormatter.ofPattern("yyyy-MM-dd")): null

2024-01-22 18:25:37 - [TEST_STEP][PASSED] - strTanggal = "#" + strTanggal + "#": null

2024-01-22 18:25:37 - [TEST_STEP][PASSED] - strSQL = "select count(*) as JumBaris from TblBrokSum where Nama = '" + strNama + "' and Tanggal = " + strTanggal + "": null

2024-01-22 18:25:37 - [TEST_STEP][PASSED] - resultSet = statement.executeQuery(strSQL): null

2024-01-22 18:25:37 - [TEST_STEP][PASSED] - resultSet.next(): null

2024-01-22 18:25:37 - [TEST_STEP][PASSED] - intJumBaris = resultSet.getInt("JumBaris"): null

2024-01-22 18:25:37 - [TEST_STEP][PASSED] - if (intJumBaris > 0): null

2024-01-22 18:25:37 - [TEST_STEP][PASSED] - else: null

2024-01-22 18:25:37 - [TEST_STEP][PASSED] - try: null

2024-01-22 18:25:37 - [TEST_STEP][PASSED] - out.println("Insert data"): null

2024-01-22 18:25:37 - [TEST_STEP][PASSED] - strSQL = "insert into TblBrokSum (nama, tanggal, top1, top2, top3, AllBrokAvg, AccDist, AvgRP, " + "Buyer1, BuyerVal1, BuyerAvg1, Seller1, SellerVal1, SellerAvg1, Buyer2, BuyerVal2, BuyerAvg2, " + "Seller2, SellerVal2, SellerAvg2, Buyer3, BuyerVal3, BuyerAvg3, Seller3, SellerVal3, SellerAvg3, NetVol, NetVal, " + "OpenPrice, LowPrice, HighPrice, ClosePrice, Volume, Change, Frekuensi, FrekAnal) " + "values ('" + strNama + "', " + strTanggal + ", '" + strTop1 + "', '" + strTop3 + "', '" + strTop5 + "', " + "'" + strAllBrokAvg + "', '" + strAccDist + "', " + intAvgRP + ", '" + strBuyer1 + "', '" + strBuyerVol1 + "', " + strBuyerAvg1 + ", " + "'" + strSeller1 + "', '" + strSellerVol1 + "', " + strSellerAvg1 + ", '" + strBuyer2 + "', '" + strBuyerVol2 + "', " + strBuyerAvg2 + ", " + "'" + strSeller2 + "', '" + strSellerVol2 + "', " + strSellerAvg2 + ", '" + strBuyer3 + "', '" + strBuyerVol3 + "', " + strBuyerAvg3 + ", " + "'" + strSeller3 + "', '" + strSellerVol3 + "', " + strSellerAvg3 + ", " + strNetVol + ", '" + strNetVal + "', " + "" + strOpenPrice + ", " + strLowPrice + ", " + strHighPrice + ", " + strClosePrice + ", '" + strVol + "', " + strChange + ", " + strFreq + ", " + strFreqAnal + ");": null

2024-01-22 18:25:37 - [TEST_STEP][PASSED] - out.println("strSQL = " + strSQL): null

2024-01-22 18:25:37 - [TEST_STEP][PASSED] - statement.executeUpdate(strSQL): null

2024-01-22 18:25:37 - [TEST_STEP][PASSED] - setValueToCellByIndex(sheet01, rowIndex, 4, "DONE"): null

2024-01-22 18:25:37 - [TEST_STEP][PASSED] - saveWorkbook(excelFilePath, workbook01): null

2024-01-22 18:25:37 - [TEST_STEP][PASSED] - waitForElementClickable(findTestObject("Stockbit/menu_Bandarmology"), 10): Object 'Object Repository/Stockbit/menu_Bandarmology' is clickable

2024-01-22 18:25:37 - [MESSAGE][PASSED] - Object 'Object Repository/Stockbit/menu_Bandarmology' is clickable

2024-01-22 18:25:37 - [TEST_STEP][PASSED] - click(findTestObject("Stockbit/menu_Bandarmology")): Object: 'Object Repository/Stockbit/menu_Bandarmology' is clicked on

2024-01-22 18:25:37 - [MESSAGE][PASSED] - Object: 'Object Repository/Stockbit/menu_Bandarmology' is clicked on

2024-01-22 18:25:37 - [TEST_STEP][PASSED] - strTemp = "NA": null

2024-01-22 18:25:37 - [TEST_STEP][PASSED] - if (getCellValueByIndex(sheet01, rowIndex, 4) != "DONE"): Object: 'Object Repository/Stockbit/menu_Bandarmology' is clicked on

2024-01-22 18:25:37 - [TEST_STEP][PASSED] - strNama = getCellValueByIndex(sheet01, rowIndex, 0): null

2024-01-22 18:25:37 - [TEST_STEP][PASSED] - navigateToUrl("https://stockbit.com/#/symbol/" + strNama): Navigate to 'https://stockbit.com/#/symbol/ESTA' successfully

2024-01-22 18:25:40 - [MESSAGE][PASSED] - Navigate to 'https://stockbit.com/#/symbol/ESTA' successfully

2024-01-22 18:25:40 - [TEST_STEP][PASSED] - waitForElementClickable(findTestObject("Stockbit/menu_Bandarmology"), 10): Object 'Object Repository/Stockbit/menu_Bandarmology' is clickable

2024-01-22 18:25:40 - [MESSAGE][PASSED] - Object 'Object Repository/Stockbit/menu_Bandarmology' is clickable

2024-01-22 18:25:40 - [TEST_STEP][PASSED] - click(findTestObject("Stockbit/menu_Bandarmology")): Object: 'Object Repository/Stockbit/menu_Bandarmology' is clicked on

2024-01-22 18:25:40 - [MESSAGE][PASSED] - Object: 'Object Repository/Stockbit/menu_Bandarmology' is clicked on

2024-01-22 18:25:40 - [TEST_STEP][PASSED] - strTanggal = d.format(DateTimeFormatter.ofPattern("MMM dd, yyyy")): null

2024-01-22 18:25:40 - [TEST_STEP][PASSED] - strTanggal = d.format(ISO_DATE): null

2024-01-22 18:25:40 - [TEST_STEP][PASSED] - out.println("strTanggal = " + strTanggal): null

2024-01-22 18:25:40 - [TEST_STEP][PASSED] - out.println("strNama = " + strNama): null

2024-01-22 18:25:40 - [TEST_STEP][PASSED] - out.println("Baris ke = " + rowIndex): null

2024-01-22 18:25:40 - [TEST_STEP][PASSED] - click(findTestObject("Stockbit/input__BandarmologyOpenStartDate")): Object: 'Object Repository/Stockbit/input__BandarmologyOpenStartDate' is clicked on

2024-01-22 18:25:42 - [MESSAGE][PASSED] - Object: 'Object Repository/Stockbit/input__BandarmologyOpenStartDate' is clicked on

2024-01-22 18:25:42 - [TEST_STEP][PASSED] - sendKeys(findTestObject("Stockbit/input__BandarmologyOpenStartDate"), Keys.chord(CONTROL, "a")): Keys 'CONTROL + a' sent to object: 'Object Repository/Stockbit/input__BandarmologyOpenStartDate'

2024-01-22 18:25:42 - [MESSAGE][PASSED] - Keys 'CONTROL + a' sent to object: 'Object Repository/Stockbit/input__BandarmologyOpenStartDate'

2024-01-22 18:25:42 - [TEST_STEP][PASSED] - sendKeys(findTestObject("Stockbit/input__BandarmologyOpenStartDate"), Keys.chord(BACK_SPACE)): Keys 'BACK_SPACE + ' sent to object: 'Object Repository/Stockbit/input__BandarmologyOpenStartDate'

2024-01-22 18:25:42 - [MESSAGE][PASSED] - Keys 'BACK_SPACE + ' sent to object: 'Object Repository/Stockbit/input__BandarmologyOpenStartDate'

2024-01-22 18:25:42 - [TEST_STEP][PASSED] - setText(findTestObject("Stockbit/input__BandarmologyOpenStartDate"), strTanggal): Text '2024-01-22' is set on object 'Object Repository/Stockbit/input__BandarmologyOpenStartDate'

2024-01-22 18:25:43 - [MESSAGE][PASSED] - Text '2024-01-22' is set on object 'Object Repository/Stockbit/input__BandarmologyOpenStartDate'

2024-01-22 18:25:43 - [TEST_STEP][PASSED] - sendKeys(findTestObject("Stockbit/input__BandarmologyOpenStartDate"), Keys.chord(ENTER)): Keys 'ENTER + ' sent to object: 'Object Repository/Stockbit/input__BandarmologyOpenStartDate'

2024-01-22 18:25:43 - [MESSAGE][PASSED] - Keys 'ENTER + ' sent to object: 'Object Repository/Stockbit/input__BandarmologyOpenStartDate'

2024-01-22 18:25:43 - [TEST_STEP][PASSED] - click(findTestObject("Stockbit/input__BandarmologyOpenEndDate")): Object: 'Object Repository/Stockbit/input__BandarmologyOpenEndDate' is clicked on

2024-01-22 18:25:44 - [MESSAGE][PASSED] - Object: 'Object Repository/Stockbit/input__BandarmologyOpenEndDate' is clicked on

2024-01-22 18:25:44 - [TEST_STEP][PASSED] - sendKeys(findTestObject("Stockbit/input__BandarmologyOpenEndDate"), Keys.chord(CONTROL, "a")): Keys 'CONTROL + a' sent to object: 'Object Repository/Stockbit/input__BandarmologyOpenEndDate'

2024-01-22 18:25:44 - [MESSAGE][PASSED] - Keys 'CONTROL + a' sent to object: 'Object Repository/Stockbit/input__BandarmologyOpenEndDate'

2024-01-22 18:25:44 - [TEST_STEP][PASSED] - sendKeys(findTestObject("Stockbit/input__BandarmologyOpenEndDate"), Keys.chord(BACK_SPACE)): Keys 'BACK_SPACE + ' sent to object: 'Object Repository/Stockbit/input__BandarmologyOpenEndDate'

2024-01-22 18:25:45 - [MESSAGE][PASSED] - Keys 'BACK_SPACE + ' sent to object: 'Object Repository/Stockbit/input__BandarmologyOpenEndDate'

2024-01-22 18:25:45 - [TEST_STEP][PASSED] - setText(findTestObject("Stockbit/input__BandarmologyOpenEndDate"), strTanggal): Text '2024-01-22' is set on object 'Object Repository/Stockbit/input__BandarmologyOpenEndDate'

2024-01-22 18:25:45 - [MESSAGE][PASSED] - Text '2024-01-22' is set on object 'Object Repository/Stockbit/input__BandarmologyOpenEndDate'

2024-01-22 18:25:45 - [TEST_STEP][PASSED] - sendKeys(findTestObject("Stockbit/input__BandarmologyOpenEndDate"), Keys.chord(ENTER)): Keys 'ENTER + ' sent to object: 'Object Repository/Stockbit/input__BandarmologyOpenEndDate'

2024-01-22 18:25:46 - [MESSAGE][PASSED] - Keys 'ENTER + ' sent to object: 'Object Repository/Stockbit/input__BandarmologyOpenEndDate'

2024-01-22 18:25:46 - [TEST_STEP][PASSED] - delay(2): Delayed 2 second(s)

2024-01-22 18:25:48 - [MESSAGE][PASSED] - Delayed 2 second(s)

2024-01-22 18:25:48 - [TEST_STEP][PASSED] - strTemp = getText(findTestObject("Stockbit/Bandarmology_AvgRP")): Text of object 'Object Repository/Stockbit/Bandarmology_AvgRP' is: '74'

2024-01-22 18:25:48 - [MESSAGE][PASSED] - Text of object 'Object Repository/Stockbit/Bandarmology_AvgRP' is: '74'

2024-01-22 18:25:48 - [TEST_STEP][PASSED] - out.println("Bandarmology_AvgRP = " + strTemp): null

2024-01-22 18:25:48 - [TEST_STEP][PASSED] - if (strTemp != "0"): null

2024-01-22 18:25:48 - [TEST_STEP][PASSED] - strTop1 = getText(findTestObject("Stockbit/Bandarmology_Top1")): Text of object 'Object Repository/Stockbit/Bandarmology_Top1' is: 'Normal Dist'

2024-01-22 18:25:48 - [MESSAGE][PASSED] - Text of object 'Object Repository/Stockbit/Bandarmology_Top1' is: 'Normal Dist'

2024-01-22 18:25:48 - [TEST_STEP][PASSED] - strTop3 = getText(findTestObject("Stockbit/Bandarmology_Top3")): Text of object 'Object Repository/Stockbit/Bandarmology_Top3' is: 'Neutral'

2024-01-22 18:25:48 - [MESSAGE][PASSED] - Text of object 'Object Repository/Stockbit/Bandarmology_Top3' is: 'Neutral'

2024-01-22 18:25:48 - [TEST_STEP][PASSED] - strTop5 = getText(findTestObject("Stockbit/Bandarmology_Top5")): Text of object 'Object Repository/Stockbit/Bandarmology_Top5' is: 'Neutral'

2024-01-22 18:25:48 - [MESSAGE][PASSED] - Text of object 'Object Repository/Stockbit/Bandarmology_Top5' is: 'Neutral'

2024-01-22 18:25:48 - [TEST_STEP][PASSED] - strAllBrokAvg = getText(findTestObject("Stockbit/Bandarmology_TopAVG")): Text of object 'Object Repository/Stockbit/Bandarmology_TopAVG' is: 'Neutral'

2024-01-22 18:25:48 - [MESSAGE][PASSED] - Text of object 'Object Repository/Stockbit/Bandarmology_TopAVG' is: 'Neutral'

2024-01-22 18:25:48 - [TEST_STEP][PASSED] - strTemp = getText(findTestObject("Stockbit/Bandarmology_AvgRP")): Text of object 'Object Repository/Stockbit/Bandarmology_AvgRP' is: '74'

2024-01-22 18:25:48 - [MESSAGE][PASSED] - Text of object 'Object Repository/Stockbit/Bandarmology_AvgRP' is: '74'

2024-01-22 18:25:48 - [TEST_STEP][PASSED] - if (strTemp.contains(",")): null

2024-01-22 18:25:48 - [TEST_STEP][PASSED] - intAvgRP = strTemp.toInteger(): null

2024-01-22 18:25:48 - [TEST_STEP][PASSED] - strBuyer1 = getText(findTestObject("Stockbit/Bandarmology_Buyer1")): Text of object 'Object Repository/Stockbit/Bandarmology_Buyer1' is: 'PD'

2024-01-22 18:25:49 - [MESSAGE][PASSED] - Text of object 'Object Repository/Stockbit/Bandarmology_Buyer1' is: 'PD'

2024-01-22 18:25:49 - [TEST_STEP][PASSED] - strBuyerVol1 = getText(findTestObject("Stockbit/Bandarmology_BuyerVol1")): Text of object 'Object Repository/Stockbit/Bandarmology_BuyerVol1' is: '5.1 K'

2024-01-22 18:25:49 - [MESSAGE][PASSED] - Text of object 'Object Repository/Stockbit/Bandarmology_BuyerVol1' is: '5.1 K'

2024-01-22 18:25:49 - [TEST_STEP][PASSED] - strBuyerAvg1 = getText(findTestObject("Stockbit/Bandarmology_BuyerAvg1")): Text of object 'Object Repository/Stockbit/Bandarmology_BuyerAvg1' is: '74'

2024-01-22 18:25:49 - [MESSAGE][PASSED] - Text of object 'Object Repository/Stockbit/Bandarmology_BuyerAvg1' is: '74'

2024-01-22 18:25:49 - [TEST_STEP][PASSED] - if (strBuyerAvg1.contains(",")): null

2024-01-22 18:25:49 - [TEST_STEP][PASSED] - if (strBuyerVol1.contains(" B")): null

2024-01-22 18:25:49 - [TEST_STEP][PASSED] - else if (strBuyerVol1.contains(" M")): null

2024-01-22 18:25:49 - [TEST_STEP][PASSED] - else if (strBuyerVol1.contains(" K")): null

2024-01-22 18:25:49 - [TEST_STEP][PASSED] - strBuyerVol1 = strBuyerVol1.replace(" K", ""): null

2024-01-22 18:25:49 - [TEST_STEP][PASSED] - strBuyerVol1 = strBuyerVol1.toDouble() * 1000: null

2024-01-22 18:25:49 - [TEST_STEP][PASSED] - strSeller1 = getText(findTestObject("Stockbit/Bandarmology_Seller1")): Text of object 'Object Repository/Stockbit/Bandarmology_Seller1' is: 'XC'

2024-01-22 18:25:49 - [MESSAGE][PASSED] - Text of object 'Object Repository/Stockbit/Bandarmology_Seller1' is: 'XC'

2024-01-22 18:25:49 - [TEST_STEP][PASSED] - strSellerVol1 = getText(findTestObject("Stockbit/Bandarmology_SellerVol1")): Text of object 'Object Repository/Stockbit/Bandarmology_SellerVol1' is: '6.5 K'

2024-01-22 18:25:49 - [MESSAGE][PASSED] - Text of object 'Object Repository/Stockbit/Bandarmology_SellerVol1' is: '6.5 K'

2024-01-22 18:25:49 - [TEST_STEP][PASSED] - strSellerAvg1 = getText(findTestObject("Stockbit/Bandarmology_SellerAvg1")): Text of object 'Object Repository/Stockbit/Bandarmology_SellerAvg1' is: '74'

2024-01-22 18:25:49 - [MESSAGE][PASSED] - Text of object 'Object Repository/Stockbit/Bandarmology_SellerAvg1' is: '74'

2024-01-22 18:25:49 - [TEST_STEP][PASSED] - if (strSellerAvg1.contains(",")): null

2024-01-22 18:25:49 - [TEST_STEP][PASSED] - if (strSellerVol1.contains(" B")): null

2024-01-22 18:25:49 - [TEST_STEP][PASSED] - else if (strSellerVol1.contains(" M")): null

2024-01-22 18:25:49 - [TEST_STEP][PASSED] - else if (strSellerVol1.contains(" K")): null

2024-01-22 18:25:49 - [TEST_STEP][PASSED] - strSellerVol1 = strSellerVol1.replace(" K", ""): null

2024-01-22 18:25:49 - [TEST_STEP][PASSED] - strSellerVol1 = strSellerVol1.toDouble() * 1000: null

2024-01-22 18:25:49 - [TEST_STEP][PASSED] - if (verifyElementNotPresent(findTestObject("Stockbit/Bandarmology_Buyer2"), 1, OPTIONAL)): Web element with id: 'Object Repository/Stockbit/Bandarmology_Buyer2' located by 'By.xpath: //*[contains(@id, 'rc-tabs-')]/div[2]/div/div/div/div/div/div[2]/table/tbody/tr[3]/td[1]/p' is present after '1' second(s) (Root cause: com.kms.katalon.core.exception.StepFailedException: Web element with id: 'Object Repository/Stockbit/Bandarmology_Buyer2' located by 'By.xpath: //*[contains(@id, 'rc-tabs-')]/div[2]/div/div/div/div/div/div[2]/table/tbody/tr[3]/td[1]/p' is present after '1' second(s)
	at com.kms.katalon.core.webui.keyword.internal.WebUIKeywordMain.stepFailed(WebUIKeywordMain.groovy:64)
	at com.kms.katalon.core.webui.keyword.internal.WebUIKeywordMain$stepFailed$0.call(Unknown Source)
	at com.kms.katalon.core.webui.keyword.builtin.VerifyElementNotPresentKeyword$_verifyElementNotPresent_closure1.doCall(VerifyElementNotPresentKeyword.groovy:106)
	at com.kms.katalon.core.webui.keyword.builtin.VerifyElementNotPresentKeyword$_verifyElementNotPresent_closure1.doCall(VerifyElementNotPresentKeyword.groovy)
	at com.kms.katalon.core.webui.keyword.internal.WebUIKeywordMain.runKeyword(WebUIKeywordMain.groovy:20)
	at com.kms.katalon.core.webui.keyword.internal.WebUIKeywordMain$runKeyword.call(Unknown Source)
	at com.kms.katalon.core.webui.keyword.builtin.VerifyElementNotPresentKeyword.verifyElementNotPresent(VerifyElementNotPresentKeyword.groovy:117)
	at com.kms.katalon.core.webui.keyword.builtin.VerifyElementNotPresentKeyword.execute(VerifyElementNotPresentKeyword.groovy:68)
	at com.kms.katalon.core.keyword.internal.KeywordExecutor.executeKeywordForPlatform(KeywordExecutor.groovy:74)
	at com.kms.katalon.core.webui.keyword.WebUiBuiltInKeywords.verifyElementNotPresent(WebUiBuiltInKeywords.groovy:1481)
	at com.kms.katalon.core.webui.keyword.WebUiBuiltInKeywords$verifyElementNotPresent$8.call(Unknown Source)
	at GetBrokSumPriceDaily.run(GetBrokSumPriceDaily:258)
	at com.kms.katalon.core.main.ScriptEngine.run(ScriptEngine.java:194)
	at com.kms.katalon.core.main.ScriptEngine.runScriptAsRawText(ScriptEngine.java:119)
	at com.kms.katalon.core.main.TestCaseExecutor.runScript(TestCaseExecutor.java:445)
	at com.kms.katalon.core.main.TestCaseExecutor.doExecute(TestCaseExecutor.java:436)
	at com.kms.katalon.core.main.TestCaseExecutor.processExecutionPhase(TestCaseExecutor.java:415)
	at com.kms.katalon.core.main.TestCaseExecutor.accessMainPhase(TestCaseExecutor.java:407)
	at com.kms.katalon.core.main.TestCaseExecutor.execute(TestCaseExecutor.java:284)
	at com.kms.katalon.core.common.CommonExecutor.accessTestCaseMainPhase(CommonExecutor.java:65)
	at com.kms.katalon.core.main.TestSuiteExecutor.accessTestSuiteMainPhase(TestSuiteExecutor.java:144)
	at com.kms.katalon.core.main.TestSuiteExecutor.execute(TestSuiteExecutor.java:106)
	at com.kms.katalon.core.main.TestCaseMain.startTestSuite(TestCaseMain.java:185)
	at com.kms.katalon.core.main.TestCaseMain$startTestSuite$0.call(Unknown Source)
	at TempTestSuite1705922193915.run(TempTestSuite1705922193915.groovy:36)
)

2024-01-22 18:25:51 - [MESSAGE][WARNING] - Web element with id: 'Object Repository/Stockbit/Bandarmology_Buyer2' located by 'By.xpath: //*[contains(@id, 'rc-tabs-')]/div[2]/div/div/div/div/div/div[2]/table/tbody/tr[3]/td[1]/p' is present after '1' second(s) (Root cause: com.kms.katalon.core.exception.StepFailedException: Web element with id: 'Object Repository/Stockbit/Bandarmology_Buyer2' located by 'By.xpath: //*[contains(@id, 'rc-tabs-')]/div[2]/div/div/div/div/div/div[2]/table/tbody/tr[3]/td[1]/p' is present after '1' second(s)
	at com.kms.katalon.core.webui.keyword.internal.WebUIKeywordMain.stepFailed(WebUIKeywordMain.groovy:64)
	at com.kms.katalon.core.webui.keyword.internal.WebUIKeywordMain$stepFailed$0.call(Unknown Source)
	at com.kms.katalon.core.webui.keyword.builtin.VerifyElementNotPresentKeyword$_verifyElementNotPresent_closure1.doCall(VerifyElementNotPresentKeyword.groovy:106)
	at com.kms.katalon.core.webui.keyword.builtin.VerifyElementNotPresentKeyword$_verifyElementNotPresent_closure1.doCall(VerifyElementNotPresentKeyword.groovy)
	at com.kms.katalon.core.webui.keyword.internal.WebUIKeywordMain.runKeyword(WebUIKeywordMain.groovy:20)
	at com.kms.katalon.core.webui.keyword.internal.WebUIKeywordMain$runKeyword.call(Unknown Source)
	at com.kms.katalon.core.webui.keyword.builtin.VerifyElementNotPresentKeyword.verifyElementNotPresent(VerifyElementNotPresentKeyword.groovy:117)
	at com.kms.katalon.core.webui.keyword.builtin.VerifyElementNotPresentKeyword.execute(VerifyElementNotPresentKeyword.groovy:68)
	at com.kms.katalon.core.keyword.internal.KeywordExecutor.executeKeywordForPlatform(KeywordExecutor.groovy:74)
	at com.kms.katalon.core.webui.keyword.WebUiBuiltInKeywords.verifyElementNotPresent(WebUiBuiltInKeywords.groovy:1481)
	at com.kms.katalon.core.webui.keyword.WebUiBuiltInKeywords$verifyElementNotPresent$8.call(Unknown Source)
	at GetBrokSumPriceDaily.run(GetBrokSumPriceDaily:258)
	at com.kms.katalon.core.main.ScriptEngine.run(ScriptEngine.java:194)
	at com.kms.katalon.core.main.ScriptEngine.runScriptAsRawText(ScriptEngine.java:119)
	at com.kms.katalon.core.main.TestCaseExecutor.runScript(TestCaseExecutor.java:445)
	at com.kms.katalon.core.main.TestCaseExecutor.doExecute(TestCaseExecutor.java:436)
	at com.kms.katalon.core.main.TestCaseExecutor.processExecutionPhase(TestCaseExecutor.java:415)
	at com.kms.katalon.core.main.TestCaseExecutor.accessMainPhase(TestCaseExecutor.java:407)
	at com.kms.katalon.core.main.TestCaseExecutor.execute(TestCaseExecutor.java:284)
	at com.kms.katalon.core.common.CommonExecutor.accessTestCaseMainPhase(CommonExecutor.java:65)
	at com.kms.katalon.core.main.TestSuiteExecutor.accessTestSuiteMainPhase(TestSuiteExecutor.java:144)
	at com.kms.katalon.core.main.TestSuiteExecutor.execute(TestSuiteExecutor.java:106)
	at com.kms.katalon.core.main.TestCaseMain.startTestSuite(TestCaseMain.java:185)
	at com.kms.katalon.core.main.TestCaseMain$startTestSuite$0.call(Unknown Source)
	at TempTestSuite1705922193915.run(TempTestSuite1705922193915.groovy:36)
)
[[ATTACHMENT|C:\\Users\\Fadli\\git\\KatalonDailyGetData2\\Reports\\20240122_174123\\TS1\\20240122_181633\\1705922750834.png]]

2024-01-22 18:25:51 - [TEST_STEP][PASSED] - else: null

2024-01-22 18:25:51 - [TEST_STEP][PASSED] - strBuyer2 = getText(findTestObject("Stockbit/Bandarmology_Buyer2")): Text of object 'Object Repository/Stockbit/Bandarmology_Buyer2' is: 'DH'

2024-01-22 18:25:51 - [MESSAGE][PASSED] - Text of object 'Object Repository/Stockbit/Bandarmology_Buyer2' is: 'DH'

2024-01-22 18:25:51 - [TEST_STEP][PASSED] - strBuyerVol2 = getText(findTestObject("Stockbit/Bandarmology_BuyerVol2")): Text of object 'Object Repository/Stockbit/Bandarmology_BuyerVol2' is: '3.6 K'

2024-01-22 18:25:51 - [MESSAGE][PASSED] - Text of object 'Object Repository/Stockbit/Bandarmology_BuyerVol2' is: '3.6 K'

2024-01-22 18:25:51 - [TEST_STEP][PASSED] - strBuyerAvg2 = getText(findTestObject("Stockbit/Bandarmology_BuyerAvg2")): Text of object 'Object Repository/Stockbit/Bandarmology_BuyerAvg2' is: '75'

2024-01-22 18:25:51 - [MESSAGE][PASSED] - Text of object 'Object Repository/Stockbit/Bandarmology_BuyerAvg2' is: '75'

2024-01-22 18:25:51 - [TEST_STEP][PASSED] - if (strBuyer2 != ""): null

2024-01-22 18:25:51 - [TEST_STEP][PASSED] - if (strBuyerAvg2.contains(",")): null

2024-01-22 18:25:51 - [TEST_STEP][PASSED] - if (strBuyerVol2.contains(" B")): null

2024-01-22 18:25:51 - [TEST_STEP][PASSED] - else if (strBuyerVol2.contains(" M")): null

2024-01-22 18:25:51 - [TEST_STEP][PASSED] - else if (strBuyerVol2.contains(" K")): null

2024-01-22 18:25:51 - [TEST_STEP][PASSED] - strBuyerVol2 = strBuyerVol2.replace(" K", ""): null

2024-01-22 18:25:51 - [TEST_STEP][PASSED] - strBuyerVol2 = strBuyerVol2.toDouble() * 1000: null

2024-01-22 18:25:51 - [TEST_STEP][PASSED] - if (strBuyerVol2.contains(".")): null

2024-01-22 18:25:51 - [TEST_STEP][PASSED] - strBuyerVal2 = strBuyerVol2.replace(".", ""): null

2024-01-22 18:25:51 - [TEST_STEP][PASSED] - if (verifyElementNotPresent(findTestObject("Stockbit/Bandarmology_Seller2"), 1, OPTIONAL)): Web element with id: 'Object Repository/Stockbit/Bandarmology_Seller2' located by 'By.xpath: //*[contains(@id, 'rc-tabs-')]/div[2]/div/div/div/div/div/div[2]/table/tbody/tr[3]/td[5]/p' is present after '1' second(s) (Root cause: com.kms.katalon.core.exception.StepFailedException: Web element with id: 'Object Repository/Stockbit/Bandarmology_Seller2' located by 'By.xpath: //*[contains(@id, 'rc-tabs-')]/div[2]/div/div/div/div/div/div[2]/table/tbody/tr[3]/td[5]/p' is present after '1' second(s)
	at com.kms.katalon.core.webui.keyword.internal.WebUIKeywordMain.stepFailed(WebUIKeywordMain.groovy:64)
	at com.kms.katalon.core.webui.keyword.internal.WebUIKeywordMain$stepFailed$0.call(Unknown Source)
	at com.kms.katalon.core.webui.keyword.builtin.VerifyElementNotPresentKeyword$_verifyElementNotPresent_closure1.doCall(VerifyElementNotPresentKeyword.groovy:106)
	at com.kms.katalon.core.webui.keyword.builtin.VerifyElementNotPresentKeyword$_verifyElementNotPresent_closure1.doCall(VerifyElementNotPresentKeyword.groovy)
	at com.kms.katalon.core.webui.keyword.internal.WebUIKeywordMain.runKeyword(WebUIKeywordMain.groovy:20)
	at com.kms.katalon.core.webui.keyword.internal.WebUIKeywordMain$runKeyword.call(Unknown Source)
	at com.kms.katalon.core.webui.keyword.builtin.VerifyElementNotPresentKeyword.verifyElementNotPresent(VerifyElementNotPresentKeyword.groovy:117)
	at com.kms.katalon.core.webui.keyword.builtin.VerifyElementNotPresentKeyword.execute(VerifyElementNotPresentKeyword.groovy:68)
	at com.kms.katalon.core.keyword.internal.KeywordExecutor.executeKeywordForPlatform(KeywordExecutor.groovy:74)
	at com.kms.katalon.core.webui.keyword.WebUiBuiltInKeywords.verifyElementNotPresent(WebUiBuiltInKeywords.groovy:1481)
	at com.kms.katalon.core.webui.keyword.WebUiBuiltInKeywords$verifyElementNotPresent$8.call(Unknown Source)
	at GetBrokSumPriceDaily.run(GetBrokSumPriceDaily:309)
	at com.kms.katalon.core.main.ScriptEngine.run(ScriptEngine.java:194)
	at com.kms.katalon.core.main.ScriptEngine.runScriptAsRawText(ScriptEngine.java:119)
	at com.kms.katalon.core.main.TestCaseExecutor.runScript(TestCaseExecutor.java:445)
	at com.kms.katalon.core.main.TestCaseExecutor.doExecute(TestCaseExecutor.java:436)
	at com.kms.katalon.core.main.TestCaseExecutor.processExecutionPhase(TestCaseExecutor.java:415)
	at com.kms.katalon.core.main.TestCaseExecutor.accessMainPhase(TestCaseExecutor.java:407)
	at com.kms.katalon.core.main.TestCaseExecutor.execute(TestCaseExecutor.java:284)
	at com.kms.katalon.core.common.CommonExecutor.accessTestCaseMainPhase(CommonExecutor.java:65)
	at com.kms.katalon.core.main.TestSuiteExecutor.accessTestSuiteMainPhase(TestSuiteExecutor.java:144)
	at com.kms.katalon.core.main.TestSuiteExecutor.execute(TestSuiteExecutor.java:106)
	at com.kms.katalon.core.main.TestCaseMain.startTestSuite(TestCaseMain.java:185)
	at com.kms.katalon.core.main.TestCaseMain$startTestSuite$0.call(Unknown Source)
	at TempTestSuite1705922193915.run(TempTestSuite1705922193915.groovy:36)
)

2024-01-22 18:25:52 - [MESSAGE][WARNING] - Web element with id: 'Object Repository/Stockbit/Bandarmology_Seller2' located by 'By.xpath: //*[contains(@id, 'rc-tabs-')]/div[2]/div/div/div/div/div/div[2]/table/tbody/tr[3]/td[5]/p' is present after '1' second(s) (Root cause: com.kms.katalon.core.exception.StepFailedException: Web element with id: 'Object Repository/Stockbit/Bandarmology_Seller2' located by 'By.xpath: //*[contains(@id, 'rc-tabs-')]/div[2]/div/div/div/div/div/div[2]/table/tbody/tr[3]/td[5]/p' is present after '1' second(s)
	at com.kms.katalon.core.webui.keyword.internal.WebUIKeywordMain.stepFailed(WebUIKeywordMain.groovy:64)
	at com.kms.katalon.core.webui.keyword.internal.WebUIKeywordMain$stepFailed$0.call(Unknown Source)
	at com.kms.katalon.core.webui.keyword.builtin.VerifyElementNotPresentKeyword$_verifyElementNotPresent_closure1.doCall(VerifyElementNotPresentKeyword.groovy:106)
	at com.kms.katalon.core.webui.keyword.builtin.VerifyElementNotPresentKeyword$_verifyElementNotPresent_closure1.doCall(VerifyElementNotPresentKeyword.groovy)
	at com.kms.katalon.core.webui.keyword.internal.WebUIKeywordMain.runKeyword(WebUIKeywordMain.groovy:20)
	at com.kms.katalon.core.webui.keyword.internal.WebUIKeywordMain$runKeyword.call(Unknown Source)
	at com.kms.katalon.core.webui.keyword.builtin.VerifyElementNotPresentKeyword.verifyElementNotPresent(VerifyElementNotPresentKeyword.groovy:117)
	at com.kms.katalon.core.webui.keyword.builtin.VerifyElementNotPresentKeyword.execute(VerifyElementNotPresentKeyword.groovy:68)
	at com.kms.katalon.core.keyword.internal.KeywordExecutor.executeKeywordForPlatform(KeywordExecutor.groovy:74)
	at com.kms.katalon.core.webui.keyword.WebUiBuiltInKeywords.verifyElementNotPresent(WebUiBuiltInKeywords.groovy:1481)
	at com.kms.katalon.core.webui.keyword.WebUiBuiltInKeywords$verifyElementNotPresent$8.call(Unknown Source)
	at GetBrokSumPriceDaily.run(GetBrokSumPriceDaily:309)
	at com.kms.katalon.core.main.ScriptEngine.run(ScriptEngine.java:194)
	at com.kms.katalon.core.main.ScriptEngine.runScriptAsRawText(ScriptEngine.java:119)
	at com.kms.katalon.core.main.TestCaseExecutor.runScript(TestCaseExecutor.java:445)
	at com.kms.katalon.core.main.TestCaseExecutor.doExecute(TestCaseExecutor.java:436)
	at com.kms.katalon.core.main.TestCaseExecutor.processExecutionPhase(TestCaseExecutor.java:415)
	at com.kms.katalon.core.main.TestCaseExecutor.accessMainPhase(TestCaseExecutor.java:407)
	at com.kms.katalon.core.main.TestCaseExecutor.execute(TestCaseExecutor.java:284)
	at com.kms.katalon.core.common.CommonExecutor.accessTestCaseMainPhase(CommonExecutor.java:65)
	at com.kms.katalon.core.main.TestSuiteExecutor.accessTestSuiteMainPhase(TestSuiteExecutor.java:144)
	at com.kms.katalon.core.main.TestSuiteExecutor.execute(TestSuiteExecutor.java:106)
	at com.kms.katalon.core.main.TestCaseMain.startTestSuite(TestCaseMain.java:185)
	at com.kms.katalon.core.main.TestCaseMain$startTestSuite$0.call(Unknown Source)
	at TempTestSuite1705922193915.run(TempTestSuite1705922193915.groovy:36)
)
[[ATTACHMENT|C:\\Users\\Fadli\\git\\KatalonDailyGetData2\\Reports\\20240122_174123\\TS1\\20240122_181633\\1705922752548.png]]

2024-01-22 18:25:52 - [TEST_STEP][PASSED] - else: null

2024-01-22 18:25:52 - [TEST_STEP][PASSED] - strSeller2 = getText(findTestObject("Stockbit/Bandarmology_Seller2")): Text of object 'Object Repository/Stockbit/Bandarmology_Seller2' is: 'YB'

2024-01-22 18:25:52 - [MESSAGE][PASSED] - Text of object 'Object Repository/Stockbit/Bandarmology_Seller2' is: 'YB'

2024-01-22 18:25:52 - [TEST_STEP][PASSED] - strSellerVol2 = getText(findTestObject("Stockbit/Bandarmology_SellerVol2")): Text of object 'Object Repository/Stockbit/Bandarmology_SellerVol2' is: '1.4 K'

2024-01-22 18:25:52 - [MESSAGE][PASSED] - Text of object 'Object Repository/Stockbit/Bandarmology_SellerVol2' is: '1.4 K'

2024-01-22 18:25:52 - [TEST_STEP][PASSED] - strSellerAvg2 = getText(findTestObject("Stockbit/Bandarmology_SellerAvg2")): Text of object 'Object Repository/Stockbit/Bandarmology_SellerAvg2' is: '75'

2024-01-22 18:25:53 - [MESSAGE][PASSED] - Text of object 'Object Repository/Stockbit/Bandarmology_SellerAvg2' is: '75'

2024-01-22 18:25:53 - [TEST_STEP][PASSED] - if (strSeller2 != ""): null

2024-01-22 18:25:53 - [TEST_STEP][PASSED] - if (strSellerAvg2.contains(",")): null

2024-01-22 18:25:53 - [TEST_STEP][PASSED] - if (strSellerVol2.contains(" B")): null

2024-01-22 18:25:53 - [TEST_STEP][PASSED] - else if (strSellerVol2.contains(" M")): null

2024-01-22 18:25:53 - [TEST_STEP][PASSED] - else if (strSellerVol2.contains(" K")): null

2024-01-22 18:25:53 - [TEST_STEP][PASSED] - strSellerVol2 = strSellerVol2.replace(" K", ""): null

2024-01-22 18:25:53 - [TEST_STEP][PASSED] - strSellerVol2 = strSellerVol2.toDouble() * 1000: null

2024-01-22 18:25:53 - [TEST_STEP][PASSED] - if (verifyElementNotPresent(findTestObject("Stockbit/Bandarmology_Buyer3"), 1, OPTIONAL)): Web element with id: 'Object Repository/Stockbit/Bandarmology_Buyer3' located by 'By.xpath: //*[contains(@id, 'rc-tabs-')]/div[2]/div/div/div/div/div/div[2]/table/tbody/tr[4]/td[1]/p' is present after '1' second(s) (Root cause: com.kms.katalon.core.exception.StepFailedException: Web element with id: 'Object Repository/Stockbit/Bandarmology_Buyer3' located by 'By.xpath: //*[contains(@id, 'rc-tabs-')]/div[2]/div/div/div/div/div/div[2]/table/tbody/tr[4]/td[1]/p' is present after '1' second(s)
	at com.kms.katalon.core.webui.keyword.internal.WebUIKeywordMain.stepFailed(WebUIKeywordMain.groovy:64)
	at com.kms.katalon.core.webui.keyword.internal.WebUIKeywordMain$stepFailed$0.call(Unknown Source)
	at com.kms.katalon.core.webui.keyword.builtin.VerifyElementNotPresentKeyword$_verifyElementNotPresent_closure1.doCall(VerifyElementNotPresentKeyword.groovy:106)
	at com.kms.katalon.core.webui.keyword.builtin.VerifyElementNotPresentKeyword$_verifyElementNotPresent_closure1.doCall(VerifyElementNotPresentKeyword.groovy)
	at com.kms.katalon.core.webui.keyword.internal.WebUIKeywordMain.runKeyword(WebUIKeywordMain.groovy:20)
	at com.kms.katalon.core.webui.keyword.internal.WebUIKeywordMain$runKeyword.call(Unknown Source)
	at com.kms.katalon.core.webui.keyword.builtin.VerifyElementNotPresentKeyword.verifyElementNotPresent(VerifyElementNotPresentKeyword.groovy:117)
	at com.kms.katalon.core.webui.keyword.builtin.VerifyElementNotPresentKeyword.execute(VerifyElementNotPresentKeyword.groovy:68)
	at com.kms.katalon.core.keyword.internal.KeywordExecutor.executeKeywordForPlatform(KeywordExecutor.groovy:74)
	at com.kms.katalon.core.webui.keyword.WebUiBuiltInKeywords.verifyElementNotPresent(WebUiBuiltInKeywords.groovy:1481)
	at com.kms.katalon.core.webui.keyword.WebUiBuiltInKeywords$verifyElementNotPresent$8.call(Unknown Source)
	at GetBrokSumPriceDaily.run(GetBrokSumPriceDaily:361)
	at com.kms.katalon.core.main.ScriptEngine.run(ScriptEngine.java:194)
	at com.kms.katalon.core.main.ScriptEngine.runScriptAsRawText(ScriptEngine.java:119)
	at com.kms.katalon.core.main.TestCaseExecutor.runScript(TestCaseExecutor.java:445)
	at com.kms.katalon.core.main.TestCaseExecutor.doExecute(TestCaseExecutor.java:436)
	at com.kms.katalon.core.main.TestCaseExecutor.processExecutionPhase(TestCaseExecutor.java:415)
	at com.kms.katalon.core.main.TestCaseExecutor.accessMainPhase(TestCaseExecutor.java:407)
	at com.kms.katalon.core.main.TestCaseExecutor.execute(TestCaseExecutor.java:284)
	at com.kms.katalon.core.common.CommonExecutor.accessTestCaseMainPhase(CommonExecutor.java:65)
	at com.kms.katalon.core.main.TestSuiteExecutor.accessTestSuiteMainPhase(TestSuiteExecutor.java:144)
	at com.kms.katalon.core.main.TestSuiteExecutor.execute(TestSuiteExecutor.java:106)
	at com.kms.katalon.core.main.TestCaseMain.startTestSuite(TestCaseMain.java:185)
	at com.kms.katalon.core.main.TestCaseMain$startTestSuite$0.call(Unknown Source)
	at TempTestSuite1705922193915.run(TempTestSuite1705922193915.groovy:36)
)

2024-01-22 18:25:54 - [MESSAGE][WARNING] - Web element with id: 'Object Repository/Stockbit/Bandarmology_Buyer3' located by 'By.xpath: //*[contains(@id, 'rc-tabs-')]/div[2]/div/div/div/div/div/div[2]/table/tbody/tr[4]/td[1]/p' is present after '1' second(s) (Root cause: com.kms.katalon.core.exception.StepFailedException: Web element with id: 'Object Repository/Stockbit/Bandarmology_Buyer3' located by 'By.xpath: //*[contains(@id, 'rc-tabs-')]/div[2]/div/div/div/div/div/div[2]/table/tbody/tr[4]/td[1]/p' is present after '1' second(s)
	at com.kms.katalon.core.webui.keyword.internal.WebUIKeywordMain.stepFailed(WebUIKeywordMain.groovy:64)
	at com.kms.katalon.core.webui.keyword.internal.WebUIKeywordMain$stepFailed$0.call(Unknown Source)
	at com.kms.katalon.core.webui.keyword.builtin.VerifyElementNotPresentKeyword$_verifyElementNotPresent_closure1.doCall(VerifyElementNotPresentKeyword.groovy:106)
	at com.kms.katalon.core.webui.keyword.builtin.VerifyElementNotPresentKeyword$_verifyElementNotPresent_closure1.doCall(VerifyElementNotPresentKeyword.groovy)
	at com.kms.katalon.core.webui.keyword.internal.WebUIKeywordMain.runKeyword(WebUIKeywordMain.groovy:20)
	at com.kms.katalon.core.webui.keyword.internal.WebUIKeywordMain$runKeyword.call(Unknown Source)
	at com.kms.katalon.core.webui.keyword.builtin.VerifyElementNotPresentKeyword.verifyElementNotPresent(VerifyElementNotPresentKeyword.groovy:117)
	at com.kms.katalon.core.webui.keyword.builtin.VerifyElementNotPresentKeyword.execute(VerifyElementNotPresentKeyword.groovy:68)
	at com.kms.katalon.core.keyword.internal.KeywordExecutor.executeKeywordForPlatform(KeywordExecutor.groovy:74)
	at com.kms.katalon.core.webui.keyword.WebUiBuiltInKeywords.verifyElementNotPresent(WebUiBuiltInKeywords.groovy:1481)
	at com.kms.katalon.core.webui.keyword.WebUiBuiltInKeywords$verifyElementNotPresent$8.call(Unknown Source)
	at GetBrokSumPriceDaily.run(GetBrokSumPriceDaily:361)
	at com.kms.katalon.core.main.ScriptEngine.run(ScriptEngine.java:194)
	at com.kms.katalon.core.main.ScriptEngine.runScriptAsRawText(ScriptEngine.java:119)
	at com.kms.katalon.core.main.TestCaseExecutor.runScript(TestCaseExecutor.java:445)
	at com.kms.katalon.core.main.TestCaseExecutor.doExecute(TestCaseExecutor.java:436)
	at com.kms.katalon.core.main.TestCaseExecutor.processExecutionPhase(TestCaseExecutor.java:415)
	at com.kms.katalon.core.main.TestCaseExecutor.accessMainPhase(TestCaseExecutor.java:407)
	at com.kms.katalon.core.main.TestCaseExecutor.execute(TestCaseExecutor.java:284)
	at com.kms.katalon.core.common.CommonExecutor.accessTestCaseMainPhase(CommonExecutor.java:65)
	at com.kms.katalon.core.main.TestSuiteExecutor.accessTestSuiteMainPhase(TestSuiteExecutor.java:144)
	at com.kms.katalon.core.main.TestSuiteExecutor.execute(TestSuiteExecutor.java:106)
	at com.kms.katalon.core.main.TestCaseMain.startTestSuite(TestCaseMain.java:185)
	at com.kms.katalon.core.main.TestCaseMain$startTestSuite$0.call(Unknown Source)
	at TempTestSuite1705922193915.run(TempTestSuite1705922193915.groovy:36)
)
[[ATTACHMENT|C:\\Users\\Fadli\\git\\KatalonDailyGetData2\\Reports\\20240122_174123\\TS1\\20240122_181633\\1705922754274.png]]

2024-01-22 18:25:54 - [TEST_STEP][PASSED] - else: null

2024-01-22 18:25:54 - [TEST_STEP][PASSED] - strBuyer3 = getText(findTestObject("Stockbit/Bandarmology_Buyer3")): Text of object 'Object Repository/Stockbit/Bandarmology_Buyer3' is: 'KK'

2024-01-22 18:25:54 - [MESSAGE][PASSED] - Text of object 'Object Repository/Stockbit/Bandarmology_Buyer3' is: 'KK'

2024-01-22 18:25:54 - [TEST_STEP][PASSED] - strBuyerVol3 = getText(findTestObject("Stockbit/Bandarmology_BuyerVol3")): Text of object 'Object Repository/Stockbit/Bandarmology_BuyerVol3' is: '503'

2024-01-22 18:25:54 - [MESSAGE][PASSED] - Text of object 'Object Repository/Stockbit/Bandarmology_BuyerVol3' is: '503'

2024-01-22 18:25:54 - [TEST_STEP][PASSED] - strBuyerAvg3 = getText(findTestObject("Stockbit/Bandarmology_BuyerAvg3")): Text of object 'Object Repository/Stockbit/Bandarmology_BuyerAvg3' is: '74'

2024-01-22 18:25:54 - [MESSAGE][PASSED] - Text of object 'Object Repository/Stockbit/Bandarmology_BuyerAvg3' is: '74'

2024-01-22 18:25:54 - [TEST_STEP][PASSED] - if (strBuyer3 != ""): null

2024-01-22 18:25:54 - [TEST_STEP][PASSED] - if (strBuyerAvg3.contains(",")): null

2024-01-22 18:25:54 - [TEST_STEP][PASSED] - if (strBuyerVol3.contains(" B")): null

2024-01-22 18:25:54 - [TEST_STEP][PASSED] - if (verifyElementNotPresent(findTestObject("Stockbit/Bandarmology_Seller3"), 1, OPTIONAL)): Web element with id: 'Object Repository/Stockbit/Bandarmology_Seller3' located by 'By.xpath: //*[contains(@id, 'rc-tabs-')]/div[2]/div/div/div/div/div/div[2]/table/tbody/tr[4]/td[5]/p' is present after '1' second(s) (Root cause: com.kms.katalon.core.exception.StepFailedException: Web element with id: 'Object Repository/Stockbit/Bandarmology_Seller3' located by 'By.xpath: //*[contains(@id, 'rc-tabs-')]/div[2]/div/div/div/div/div/div[2]/table/tbody/tr[4]/td[5]/p' is present after '1' second(s)
	at com.kms.katalon.core.webui.keyword.internal.WebUIKeywordMain.stepFailed(WebUIKeywordMain.groovy:64)
	at com.kms.katalon.core.webui.keyword.internal.WebUIKeywordMain$stepFailed$0.call(Unknown Source)
	at com.kms.katalon.core.webui.keyword.builtin.VerifyElementNotPresentKeyword$_verifyElementNotPresent_closure1.doCall(VerifyElementNotPresentKeyword.groovy:106)
	at com.kms.katalon.core.webui.keyword.builtin.VerifyElementNotPresentKeyword$_verifyElementNotPresent_closure1.doCall(VerifyElementNotPresentKeyword.groovy)
	at com.kms.katalon.core.webui.keyword.internal.WebUIKeywordMain.runKeyword(WebUIKeywordMain.groovy:20)
	at com.kms.katalon.core.webui.keyword.internal.WebUIKeywordMain$runKeyword.call(Unknown Source)
	at com.kms.katalon.core.webui.keyword.builtin.VerifyElementNotPresentKeyword.verifyElementNotPresent(VerifyElementNotPresentKeyword.groovy:117)
	at com.kms.katalon.core.webui.keyword.builtin.VerifyElementNotPresentKeyword.execute(VerifyElementNotPresentKeyword.groovy:68)
	at com.kms.katalon.core.keyword.internal.KeywordExecutor.executeKeywordForPlatform(KeywordExecutor.groovy:74)
	at com.kms.katalon.core.webui.keyword.WebUiBuiltInKeywords.verifyElementNotPresent(WebUiBuiltInKeywords.groovy:1481)
	at com.kms.katalon.core.webui.keyword.WebUiBuiltInKeywords$verifyElementNotPresent$8.call(Unknown Source)
	at GetBrokSumPriceDaily.run(GetBrokSumPriceDaily:414)
	at com.kms.katalon.core.main.ScriptEngine.run(ScriptEngine.java:194)
	at com.kms.katalon.core.main.ScriptEngine.runScriptAsRawText(ScriptEngine.java:119)
	at com.kms.katalon.core.main.TestCaseExecutor.runScript(TestCaseExecutor.java:445)
	at com.kms.katalon.core.main.TestCaseExecutor.doExecute(TestCaseExecutor.java:436)
	at com.kms.katalon.core.main.TestCaseExecutor.processExecutionPhase(TestCaseExecutor.java:415)
	at com.kms.katalon.core.main.TestCaseExecutor.accessMainPhase(TestCaseExecutor.java:407)
	at com.kms.katalon.core.main.TestCaseExecutor.execute(TestCaseExecutor.java:284)
	at com.kms.katalon.core.common.CommonExecutor.accessTestCaseMainPhase(CommonExecutor.java:65)
	at com.kms.katalon.core.main.TestSuiteExecutor.accessTestSuiteMainPhase(TestSuiteExecutor.java:144)
	at com.kms.katalon.core.main.TestSuiteExecutor.execute(TestSuiteExecutor.java:106)
	at com.kms.katalon.core.main.TestCaseMain.startTestSuite(TestCaseMain.java:185)
	at com.kms.katalon.core.main.TestCaseMain$startTestSuite$0.call(Unknown Source)
	at TempTestSuite1705922193915.run(TempTestSuite1705922193915.groovy:36)
)

2024-01-22 18:25:56 - [MESSAGE][WARNING] - Web element with id: 'Object Repository/Stockbit/Bandarmology_Seller3' located by 'By.xpath: //*[contains(@id, 'rc-tabs-')]/div[2]/div/div/div/div/div/div[2]/table/tbody/tr[4]/td[5]/p' is present after '1' second(s) (Root cause: com.kms.katalon.core.exception.StepFailedException: Web element with id: 'Object Repository/Stockbit/Bandarmology_Seller3' located by 'By.xpath: //*[contains(@id, 'rc-tabs-')]/div[2]/div/div/div/div/div/div[2]/table/tbody/tr[4]/td[5]/p' is present after '1' second(s)
	at com.kms.katalon.core.webui.keyword.internal.WebUIKeywordMain.stepFailed(WebUIKeywordMain.groovy:64)
	at com.kms.katalon.core.webui.keyword.internal.WebUIKeywordMain$stepFailed$0.call(Unknown Source)
	at com.kms.katalon.core.webui.keyword.builtin.VerifyElementNotPresentKeyword$_verifyElementNotPresent_closure1.doCall(VerifyElementNotPresentKeyword.groovy:106)
	at com.kms.katalon.core.webui.keyword.builtin.VerifyElementNotPresentKeyword$_verifyElementNotPresent_closure1.doCall(VerifyElementNotPresentKeyword.groovy)
	at com.kms.katalon.core.webui.keyword.internal.WebUIKeywordMain.runKeyword(WebUIKeywordMain.groovy:20)
	at com.kms.katalon.core.webui.keyword.internal.WebUIKeywordMain$runKeyword.call(Unknown Source)
	at com.kms.katalon.core.webui.keyword.builtin.VerifyElementNotPresentKeyword.verifyElementNotPresent(VerifyElementNotPresentKeyword.groovy:117)
	at com.kms.katalon.core.webui.keyword.builtin.VerifyElementNotPresentKeyword.execute(VerifyElementNotPresentKeyword.groovy:68)
	at com.kms.katalon.core.keyword.internal.KeywordExecutor.executeKeywordForPlatform(KeywordExecutor.groovy:74)
	at com.kms.katalon.core.webui.keyword.WebUiBuiltInKeywords.verifyElementNotPresent(WebUiBuiltInKeywords.groovy:1481)
	at com.kms.katalon.core.webui.keyword.WebUiBuiltInKeywords$verifyElementNotPresent$8.call(Unknown Source)
	at GetBrokSumPriceDaily.run(GetBrokSumPriceDaily:414)
	at com.kms.katalon.core.main.ScriptEngine.run(ScriptEngine.java:194)
	at com.kms.katalon.core.main.ScriptEngine.runScriptAsRawText(ScriptEngine.java:119)
	at com.kms.katalon.core.main.TestCaseExecutor.runScript(TestCaseExecutor.java:445)
	at com.kms.katalon.core.main.TestCaseExecutor.doExecute(TestCaseExecutor.java:436)
	at com.kms.katalon.core.main.TestCaseExecutor.processExecutionPhase(TestCaseExecutor.java:415)
	at com.kms.katalon.core.main.TestCaseExecutor.accessMainPhase(TestCaseExecutor.java:407)
	at com.kms.katalon.core.main.TestCaseExecutor.execute(TestCaseExecutor.java:284)
	at com.kms.katalon.core.common.CommonExecutor.accessTestCaseMainPhase(CommonExecutor.java:65)
	at com.kms.katalon.core.main.TestSuiteExecutor.accessTestSuiteMainPhase(TestSuiteExecutor.java:144)
	at com.kms.katalon.core.main.TestSuiteExecutor.execute(TestSuiteExecutor.java:106)
	at com.kms.katalon.core.main.TestCaseMain.startTestSuite(TestCaseMain.java:185)
	at com.kms.katalon.core.main.TestCaseMain$startTestSuite$0.call(Unknown Source)
	at TempTestSuite1705922193915.run(TempTestSuite1705922193915.groovy:36)
)
[[ATTACHMENT|C:\\Users\\Fadli\\git\\KatalonDailyGetData2\\Reports\\20240122_174123\\TS1\\20240122_181633\\1705922755963.png]]

2024-01-22 18:25:56 - [TEST_STEP][PASSED] - else: null

2024-01-22 18:25:56 - [TEST_STEP][PASSED] - strSeller3 = getText(findTestObject("Stockbit/Bandarmology_Seller3")): Text of object 'Object Repository/Stockbit/Bandarmology_Seller3' is: 'CC'

2024-01-22 18:25:56 - [MESSAGE][PASSED] - Text of object 'Object Repository/Stockbit/Bandarmology_Seller3' is: 'CC'

2024-01-22 18:25:56 - [TEST_STEP][PASSED] - strSellerVol3 = getText(findTestObject("Stockbit/Bandarmology_SellerVol3")): Text of object 'Object Repository/Stockbit/Bandarmology_SellerVol3' is: '1 K'

2024-01-22 18:25:56 - [MESSAGE][PASSED] - Text of object 'Object Repository/Stockbit/Bandarmology_SellerVol3' is: '1 K'

2024-01-22 18:25:56 - [TEST_STEP][PASSED] - strSellerAvg3 = getText(findTestObject("Stockbit/Bandarmology_SellerAvg3")): Text of object 'Object Repository/Stockbit/Bandarmology_SellerAvg3' is: '75'

2024-01-22 18:25:56 - [MESSAGE][PASSED] - Text of object 'Object Repository/Stockbit/Bandarmology_SellerAvg3' is: '75'

2024-01-22 18:25:56 - [TEST_STEP][PASSED] - if (strSeller3 != ""): null

2024-01-22 18:25:56 - [TEST_STEP][PASSED] - if (strSellerAvg3.contains(",")): null

2024-01-22 18:25:56 - [TEST_STEP][PASSED] - if (strSellerVol3.contains(" B")): null

2024-01-22 18:25:56 - [TEST_STEP][PASSED] - else if (strSellerVol3.contains(" M")): null

2024-01-22 18:25:56 - [TEST_STEP][PASSED] - else if (strSellerVol3.contains(" K")): null

2024-01-22 18:25:56 - [TEST_STEP][PASSED] - strSellerVol3 = strSellerVol3.replace(" K", ""): null

2024-01-22 18:25:56 - [TEST_STEP][PASSED] - strSellerVol3 = strSellerVol3.toDouble() * 1000: null

2024-01-22 18:25:56 - [TEST_STEP][PASSED] - strAccDist = getText(findTestObject("Stockbit/Bandarmology_AccDist")): Text of object 'Object Repository/Stockbit/Bandarmology_AccDist' is: 'Acc'

2024-01-22 18:25:56 - [MESSAGE][PASSED] - Text of object 'Object Repository/Stockbit/Bandarmology_AccDist' is: 'Acc'

2024-01-22 18:25:56 - [TEST_STEP][PASSED] - strNetVol = getText(findTestObject("Stockbit/Bandarmology_NetVol")): Text of object 'Object Repository/Stockbit/Bandarmology_NetVol' is: '10,048'

2024-01-22 18:25:56 - [MESSAGE][PASSED] - Text of object 'Object Repository/Stockbit/Bandarmology_NetVol' is: '10,048'

2024-01-22 18:25:56 - [TEST_STEP][PASSED] - strNetVol = strNetVol.replace(",", ""): null

2024-01-22 18:25:56 - [TEST_STEP][PASSED] - strNetVal = getText(findTestObject("Stockbit/Bandarmology_NetVal")): Text of object 'Object Repository/Stockbit/Bandarmology_NetVal' is: '0.1 B'

2024-01-22 18:25:56 - [MESSAGE][PASSED] - Text of object 'Object Repository/Stockbit/Bandarmology_NetVal' is: '0.1 B'

2024-01-22 18:25:56 - [TEST_STEP][PASSED] - delay(3): Delayed 3 second(s)

2024-01-22 18:25:59 - [MESSAGE][PASSED] - Delayed 3 second(s)

2024-01-22 18:25:59 - [TEST_STEP][PASSED] - strOpenPrice = getText(findTestObject("Stockbit/Home_OpenPrice")): Text of object 'Object Repository/Stockbit/Home_OpenPrice' is: '75'

2024-01-22 18:26:00 - [MESSAGE][PASSED] - Text of object 'Object Repository/Stockbit/Home_OpenPrice' is: '75'

2024-01-22 18:26:00 - [TEST_STEP][PASSED] - strOpenPrice = strOpenPrice.replace(",", ""): null

2024-01-22 18:26:00 - [TEST_STEP][PASSED] - strLowPrice = getText(findTestObject("Stockbit/Home_LowPrice")): Text of object 'Object Repository/Stockbit/Home_LowPrice' is: '74'

2024-01-22 18:26:00 - [MESSAGE][PASSED] - Text of object 'Object Repository/Stockbit/Home_LowPrice' is: '74'

2024-01-22 18:26:00 - [TEST_STEP][PASSED] - strLowPrice = strLowPrice.replace(",", ""): null

2024-01-22 18:26:00 - [TEST_STEP][PASSED] - strHighPrice = getText(findTestObject("Stockbit/Home_HighPrice")): Text of object 'Object Repository/Stockbit/Home_HighPrice' is: '76'

2024-01-22 18:26:00 - [MESSAGE][PASSED] - Text of object 'Object Repository/Stockbit/Home_HighPrice' is: '76'

2024-01-22 18:26:00 - [TEST_STEP][PASSED] - strHighPrice = strHighPrice.replace(",", ""): null

2024-01-22 18:26:00 - [TEST_STEP][PASSED] - strClosePrice = getText(findTestObject("Stockbit/Home_ClosePrice")): Text of object 'Object Repository/Stockbit/Home_ClosePrice' is: '74'

2024-01-22 18:26:00 - [MESSAGE][PASSED] - Text of object 'Object Repository/Stockbit/Home_ClosePrice' is: '74'

2024-01-22 18:26:00 - [TEST_STEP][PASSED] - strClosePrice = strClosePrice.replace(",", ""): null

2024-01-22 18:26:00 - [TEST_STEP][PASSED] - strVol = getText(findTestObject("Stockbit/Home_Volume")): Text of object 'Object Repository/Stockbit/Home_Volume' is: '19 K'

2024-01-22 18:26:00 - [MESSAGE][PASSED] - Text of object 'Object Repository/Stockbit/Home_Volume' is: '19 K'

2024-01-22 18:26:00 - [TEST_STEP][PASSED] - if (strVol.contains(" K")): null

2024-01-22 18:26:00 - [TEST_STEP][PASSED] - strVol = strVol.replace(" K", "000"): null

2024-01-22 18:26:00 - [TEST_STEP][PASSED] - if (strVol.contains(",")): null

2024-01-22 18:26:00 - [TEST_STEP][PASSED] - strChange = getText(findTestObject("Stockbit/Home_Change")): Text of object 'Object Repository/Stockbit/Home_Change' is: '-2.63%'

2024-01-22 18:26:00 - [MESSAGE][PASSED] - Text of object 'Object Repository/Stockbit/Home_Change' is: '-2.63%'

2024-01-22 18:26:00 - [TEST_STEP][PASSED] - strChange = strChange.replace("%", ""): null

2024-01-22 18:26:00 - [TEST_STEP][PASSED] - strFreq = getText(findTestObject("Stockbit/Home_Freq")): Text of object 'Object Repository/Stockbit/Home_Freq' is: '163'

2024-01-22 18:26:00 - [MESSAGE][PASSED] - Text of object 'Object Repository/Stockbit/Home_Freq' is: '163'

2024-01-22 18:26:00 - [TEST_STEP][PASSED] - if (strFreq.contains(",")): null

2024-01-22 18:26:00 - [TEST_STEP][PASSED] - if (strFreq == "NA" || strFreq == ""): null

2024-01-22 18:26:00 - [TEST_STEP][PASSED] - else: null

2024-01-22 18:26:00 - [TEST_STEP][PASSED] - dblFreqAnal = strVol.toDouble() / strFreq.toDouble() * strFreq.toDouble() * strFreq.toDouble() * 100000000: null

2024-01-22 18:26:00 - [TEST_STEP][PASSED] - strFreqAnal = String.format("%.4f", dblFreqAnal): null

2024-01-22 18:26:00 - [TEST_STEP][PASSED] - out.println("Double strFreqAnal: " + strFreqAnal): null

2024-01-22 18:26:00 - [TEST_STEP][PASSED] - strTanggal = d.format(DateTimeFormatter.ofPattern("yyyy-MM-dd")): null

2024-01-22 18:26:00 - [TEST_STEP][PASSED] - strTanggal = "#" + strTanggal + "#": null

2024-01-22 18:26:00 - [TEST_STEP][PASSED] - strSQL = "select count(*) as JumBaris from TblBrokSum where Nama = '" + strNama + "' and Tanggal = " + strTanggal + "": null

2024-01-22 18:26:00 - [TEST_STEP][PASSED] - resultSet = statement.executeQuery(strSQL): null

2024-01-22 18:26:00 - [TEST_STEP][PASSED] - resultSet.next(): null

2024-01-22 18:26:00 - [TEST_STEP][PASSED] - intJumBaris = resultSet.getInt("JumBaris"): null

2024-01-22 18:26:00 - [TEST_STEP][PASSED] - if (intJumBaris > 0): null

2024-01-22 18:26:00 - [TEST_STEP][PASSED] - else: null

2024-01-22 18:26:00 - [TEST_STEP][PASSED] - try: null

2024-01-22 18:26:00 - [TEST_STEP][PASSED] - out.println("Insert data"): null

2024-01-22 18:26:00 - [TEST_STEP][PASSED] - strSQL = "insert into TblBrokSum (nama, tanggal, top1, top2, top3, AllBrokAvg, AccDist, AvgRP, " + "Buyer1, BuyerVal1, BuyerAvg1, Seller1, SellerVal1, SellerAvg1, Buyer2, BuyerVal2, BuyerAvg2, " + "Seller2, SellerVal2, SellerAvg2, Buyer3, BuyerVal3, BuyerAvg3, Seller3, SellerVal3, SellerAvg3, NetVol, NetVal, " + "OpenPrice, LowPrice, HighPrice, ClosePrice, Volume, Change, Frekuensi, FrekAnal) " + "values ('" + strNama + "', " + strTanggal + ", '" + strTop1 + "', '" + strTop3 + "', '" + strTop5 + "', " + "'" + strAllBrokAvg + "', '" + strAccDist + "', " + intAvgRP + ", '" + strBuyer1 + "', '" + strBuyerVol1 + "', " + strBuyerAvg1 + ", " + "'" + strSeller1 + "', '" + strSellerVol1 + "', " + strSellerAvg1 + ", '" + strBuyer2 + "', '" + strBuyerVol2 + "', " + strBuyerAvg2 + ", " + "'" + strSeller2 + "', '" + strSellerVol2 + "', " + strSellerAvg2 + ", '" + strBuyer3 + "', '" + strBuyerVol3 + "', " + strBuyerAvg3 + ", " + "'" + strSeller3 + "', '" + strSellerVol3 + "', " + strSellerAvg3 + ", " + strNetVol + ", '" + strNetVal + "', " + "" + strOpenPrice + ", " + strLowPrice + ", " + strHighPrice + ", " + strClosePrice + ", '" + strVol + "', " + strChange + ", " + strFreq + ", " + strFreqAnal + ");": null

2024-01-22 18:26:00 - [TEST_STEP][PASSED] - out.println("strSQL = " + strSQL): null

2024-01-22 18:26:00 - [TEST_STEP][PASSED] - statement.executeUpdate(strSQL): null

2024-01-22 18:26:00 - [TEST_STEP][PASSED] - setValueToCellByIndex(sheet01, rowIndex, 4, "DONE"): null

2024-01-22 18:26:00 - [TEST_STEP][PASSED] - saveWorkbook(excelFilePath, workbook01): null

2024-01-22 18:26:00 - [TEST_STEP][PASSED] - waitForElementClickable(findTestObject("Stockbit/menu_Bandarmology"), 10): Object 'Object Repository/Stockbit/menu_Bandarmology' is clickable

2024-01-22 18:26:00 - [MESSAGE][PASSED] - Object 'Object Repository/Stockbit/menu_Bandarmology' is clickable

2024-01-22 18:26:00 - [TEST_STEP][PASSED] - click(findTestObject("Stockbit/menu_Bandarmology")): Object: 'Object Repository/Stockbit/menu_Bandarmology' is clicked on

2024-01-22 18:26:01 - [MESSAGE][PASSED] - Object: 'Object Repository/Stockbit/menu_Bandarmology' is clicked on

2024-01-22 18:26:01 - [TEST_STEP][PASSED] - strTemp = "NA": null

2024-01-22 18:26:01 - [TEST_STEP][PASSED] - if (getCellValueByIndex(sheet01, rowIndex, 4) != "DONE"): Object: 'Object Repository/Stockbit/menu_Bandarmology' is clicked on

2024-01-22 18:26:01 - [TEST_STEP][PASSED] - strNama = getCellValueByIndex(sheet01, rowIndex, 0): null

2024-01-22 18:26:01 - [TEST_STEP][PASSED] - navigateToUrl("https://stockbit.com/#/symbol/" + strNama): Navigate to 'https://stockbit.com/#/symbol/ASRI' successfully

2024-01-22 18:26:03 - [MESSAGE][PASSED] - Navigate to 'https://stockbit.com/#/symbol/ASRI' successfully

2024-01-22 18:26:03 - [TEST_STEP][PASSED] - waitForElementClickable(findTestObject("Stockbit/menu_Bandarmology"), 10): Object 'Object Repository/Stockbit/menu_Bandarmology' is clickable

2024-01-22 18:26:03 - [MESSAGE][PASSED] - Object 'Object Repository/Stockbit/menu_Bandarmology' is clickable

2024-01-22 18:26:03 - [TEST_STEP][PASSED] - click(findTestObject("Stockbit/menu_Bandarmology")): Object: 'Object Repository/Stockbit/menu_Bandarmology' is clicked on

2024-01-22 18:26:04 - [MESSAGE][PASSED] - Object: 'Object Repository/Stockbit/menu_Bandarmology' is clicked on

2024-01-22 18:26:04 - [TEST_STEP][PASSED] - strTanggal = d.format(DateTimeFormatter.ofPattern("MMM dd, yyyy")): null

2024-01-22 18:26:04 - [TEST_STEP][PASSED] - strTanggal = d.format(ISO_DATE): null

2024-01-22 18:26:04 - [TEST_STEP][PASSED] - out.println("strTanggal = " + strTanggal): null

2024-01-22 18:26:04 - [TEST_STEP][PASSED] - out.println("strNama = " + strNama): null

2024-01-22 18:26:04 - [TEST_STEP][PASSED] - out.println("Baris ke = " + rowIndex): null

2024-01-22 18:26:04 - [TEST_STEP][PASSED] - click(findTestObject("Stockbit/input__BandarmologyOpenStartDate")): Object: 'Object Repository/Stockbit/input__BandarmologyOpenStartDate' is clicked on

2024-01-22 18:26:05 - [MESSAGE][PASSED] - Object: 'Object Repository/Stockbit/input__BandarmologyOpenStartDate' is clicked on

2024-01-22 18:26:05 - [TEST_STEP][PASSED] - sendKeys(findTestObject("Stockbit/input__BandarmologyOpenStartDate"), Keys.chord(CONTROL, "a")): Keys 'CONTROL + a' sent to object: 'Object Repository/Stockbit/input__BandarmologyOpenStartDate'

2024-01-22 18:26:06 - [MESSAGE][PASSED] - Keys 'CONTROL + a' sent to object: 'Object Repository/Stockbit/input__BandarmologyOpenStartDate'

2024-01-22 18:26:06 - [TEST_STEP][PASSED] - sendKeys(findTestObject("Stockbit/input__BandarmologyOpenStartDate"), Keys.chord(BACK_SPACE)): Keys 'BACK_SPACE + ' sent to object: 'Object Repository/Stockbit/input__BandarmologyOpenStartDate'

2024-01-22 18:26:06 - [MESSAGE][PASSED] - Keys 'BACK_SPACE + ' sent to object: 'Object Repository/Stockbit/input__BandarmologyOpenStartDate'

2024-01-22 18:26:06 - [TEST_STEP][PASSED] - setText(findTestObject("Stockbit/input__BandarmologyOpenStartDate"), strTanggal): Text '2024-01-22' is set on object 'Object Repository/Stockbit/input__BandarmologyOpenStartDate'

2024-01-22 18:26:07 - [MESSAGE][PASSED] - Text '2024-01-22' is set on object 'Object Repository/Stockbit/input__BandarmologyOpenStartDate'

2024-01-22 18:26:07 - [TEST_STEP][PASSED] - sendKeys(findTestObject("Stockbit/input__BandarmologyOpenStartDate"), Keys.chord(ENTER)): Keys 'ENTER + ' sent to object: 'Object Repository/Stockbit/input__BandarmologyOpenStartDate'

2024-01-22 18:26:07 - [MESSAGE][PASSED] - Keys 'ENTER + ' sent to object: 'Object Repository/Stockbit/input__BandarmologyOpenStartDate'

2024-01-22 18:26:07 - [TEST_STEP][PASSED] - click(findTestObject("Stockbit/input__BandarmologyOpenEndDate")): Object: 'Object Repository/Stockbit/input__BandarmologyOpenEndDate' is clicked on

2024-01-22 18:26:08 - [MESSAGE][PASSED] - Object: 'Object Repository/Stockbit/input__BandarmologyOpenEndDate' is clicked on

2024-01-22 18:26:08 - [TEST_STEP][PASSED] - sendKeys(findTestObject("Stockbit/input__BandarmologyOpenEndDate"), Keys.chord(CONTROL, "a")): Keys 'CONTROL + a' sent to object: 'Object Repository/Stockbit/input__BandarmologyOpenEndDate'

2024-01-22 18:26:08 - [MESSAGE][PASSED] - Keys 'CONTROL + a' sent to object: 'Object Repository/Stockbit/input__BandarmologyOpenEndDate'

2024-01-22 18:26:08 - [TEST_STEP][PASSED] - sendKeys(findTestObject("Stockbit/input__BandarmologyOpenEndDate"), Keys.chord(BACK_SPACE)): Keys 'BACK_SPACE + ' sent to object: 'Object Repository/Stockbit/input__BandarmologyOpenEndDate'

2024-01-22 18:26:08 - [MESSAGE][PASSED] - Keys 'BACK_SPACE + ' sent to object: 'Object Repository/Stockbit/input__BandarmologyOpenEndDate'

2024-01-22 18:26:08 - [TEST_STEP][PASSED] - setText(findTestObject("Stockbit/input__BandarmologyOpenEndDate"), strTanggal): Text '2024-01-22' is set on object 'Object Repository/Stockbit/input__BandarmologyOpenEndDate'

2024-01-22 18:26:09 - [MESSAGE][PASSED] - Text '2024-01-22' is set on object 'Object Repository/Stockbit/input__BandarmologyOpenEndDate'

2024-01-22 18:26:09 - [TEST_STEP][PASSED] - sendKeys(findTestObject("Stockbit/input__BandarmologyOpenEndDate"), Keys.chord(ENTER)): Keys 'ENTER + ' sent to object: 'Object Repository/Stockbit/input__BandarmologyOpenEndDate'

2024-01-22 18:26:09 - [MESSAGE][PASSED] - Keys 'ENTER + ' sent to object: 'Object Repository/Stockbit/input__BandarmologyOpenEndDate'

2024-01-22 18:26:09 - [TEST_STEP][PASSED] - delay(2): Delayed 2 second(s)

2024-01-22 18:26:11 - [MESSAGE][PASSED] - Delayed 2 second(s)

2024-01-22 18:26:11 - [TEST_STEP][PASSED] - strTemp = getText(findTestObject("Stockbit/Bandarmology_AvgRP")): Text of object 'Object Repository/Stockbit/Bandarmology_AvgRP' is: '162'

2024-01-22 18:26:12 - [MESSAGE][PASSED] - Text of object 'Object Repository/Stockbit/Bandarmology_AvgRP' is: '162'

2024-01-22 18:26:12 - [TEST_STEP][PASSED] - out.println("Bandarmology_AvgRP = " + strTemp): null

2024-01-22 18:26:12 - [TEST_STEP][PASSED] - if (strTemp != "0"): null

2024-01-22 18:26:12 - [TEST_STEP][PASSED] - strTop1 = getText(findTestObject("Stockbit/Bandarmology_Top1")): Text of object 'Object Repository/Stockbit/Bandarmology_Top1' is: 'Big Dist'

2024-01-22 18:26:12 - [MESSAGE][PASSED] - Text of object 'Object Repository/Stockbit/Bandarmology_Top1' is: 'Big Dist'

2024-01-22 18:26:12 - [TEST_STEP][PASSED] - strTop3 = getText(findTestObject("Stockbit/Bandarmology_Top3")): Text of object 'Object Repository/Stockbit/Bandarmology_Top3' is: 'Normal Dist'

2024-01-22 18:26:12 - [MESSAGE][PASSED] - Text of object 'Object Repository/Stockbit/Bandarmology_Top3' is: 'Normal Dist'

2024-01-22 18:26:12 - [TEST_STEP][PASSED] - strTop5 = getText(findTestObject("Stockbit/Bandarmology_Top5")): Text of object 'Object Repository/Stockbit/Bandarmology_Top5' is: 'Small Dist'

2024-01-22 18:26:12 - [MESSAGE][PASSED] - Text of object 'Object Repository/Stockbit/Bandarmology_Top5' is: 'Small Dist'

2024-01-22 18:26:12 - [TEST_STEP][PASSED] - strAllBrokAvg = getText(findTestObject("Stockbit/Bandarmology_TopAVG")): Text of object 'Object Repository/Stockbit/Bandarmology_TopAVG' is: 'Small Dist'

2024-01-22 18:26:12 - [MESSAGE][PASSED] - Text of object 'Object Repository/Stockbit/Bandarmology_TopAVG' is: 'Small Dist'

2024-01-22 18:26:12 - [TEST_STEP][PASSED] - strTemp = getText(findTestObject("Stockbit/Bandarmology_AvgRP")): Text of object 'Object Repository/Stockbit/Bandarmology_AvgRP' is: '162'

2024-01-22 18:26:12 - [MESSAGE][PASSED] - Text of object 'Object Repository/Stockbit/Bandarmology_AvgRP' is: '162'

2024-01-22 18:26:12 - [TEST_STEP][PASSED] - if (strTemp.contains(",")): null

2024-01-22 18:26:12 - [TEST_STEP][PASSED] - intAvgRP = strTemp.toInteger(): null

2024-01-22 18:26:12 - [TEST_STEP][PASSED] - strBuyer1 = getText(findTestObject("Stockbit/Bandarmology_Buyer1")): Text of object 'Object Repository/Stockbit/Bandarmology_Buyer1' is: 'GR'

2024-01-22 18:26:12 - [MESSAGE][PASSED] - Text of object 'Object Repository/Stockbit/Bandarmology_Buyer1' is: 'GR'

2024-01-22 18:26:12 - [TEST_STEP][PASSED] - strBuyerVol1 = getText(findTestObject("Stockbit/Bandarmology_BuyerVol1")): Text of object 'Object Repository/Stockbit/Bandarmology_BuyerVol1' is: '10.6 K'

2024-01-22 18:26:12 - [MESSAGE][PASSED] - Text of object 'Object Repository/Stockbit/Bandarmology_BuyerVol1' is: '10.6 K'

2024-01-22 18:26:12 - [TEST_STEP][PASSED] - strBuyerAvg1 = getText(findTestObject("Stockbit/Bandarmology_BuyerAvg1")): Text of object 'Object Repository/Stockbit/Bandarmology_BuyerAvg1' is: '162'

2024-01-22 18:26:12 - [MESSAGE][PASSED] - Text of object 'Object Repository/Stockbit/Bandarmology_BuyerAvg1' is: '162'

2024-01-22 18:26:12 - [TEST_STEP][PASSED] - if (strBuyerAvg1.contains(",")): null

2024-01-22 18:26:12 - [TEST_STEP][PASSED] - if (strBuyerVol1.contains(" B")): null

2024-01-22 18:26:12 - [TEST_STEP][PASSED] - else if (strBuyerVol1.contains(" M")): null

2024-01-22 18:26:12 - [TEST_STEP][PASSED] - else if (strBuyerVol1.contains(" K")): null

2024-01-22 18:26:12 - [TEST_STEP][PASSED] - strBuyerVol1 = strBuyerVol1.replace(" K", ""): null

2024-01-22 18:26:12 - [TEST_STEP][PASSED] - strBuyerVol1 = strBuyerVol1.toDouble() * 1000: null

2024-01-22 18:26:12 - [TEST_STEP][PASSED] - strSeller1 = getText(findTestObject("Stockbit/Bandarmology_Seller1")): Text of object 'Object Repository/Stockbit/Bandarmology_Seller1' is: 'NI'

2024-01-22 18:26:13 - [MESSAGE][PASSED] - Text of object 'Object Repository/Stockbit/Bandarmology_Seller1' is: 'NI'

2024-01-22 18:26:13 - [TEST_STEP][PASSED] - strSellerVol1 = getText(findTestObject("Stockbit/Bandarmology_SellerVol1")): Text of object 'Object Repository/Stockbit/Bandarmology_SellerVol1' is: '16.8 K'

2024-01-22 18:26:13 - [MESSAGE][PASSED] - Text of object 'Object Repository/Stockbit/Bandarmology_SellerVol1' is: '16.8 K'

2024-01-22 18:26:13 - [TEST_STEP][PASSED] - strSellerAvg1 = getText(findTestObject("Stockbit/Bandarmology_SellerAvg1")): Text of object 'Object Repository/Stockbit/Bandarmology_SellerAvg1' is: '162'

2024-01-22 18:26:13 - [MESSAGE][PASSED] - Text of object 'Object Repository/Stockbit/Bandarmology_SellerAvg1' is: '162'

2024-01-22 18:26:13 - [TEST_STEP][PASSED] - if (strSellerAvg1.contains(",")): null

2024-01-22 18:26:13 - [TEST_STEP][PASSED] - if (strSellerVol1.contains(" B")): null

2024-01-22 18:26:13 - [TEST_STEP][PASSED] - else if (strSellerVol1.contains(" M")): null

2024-01-22 18:26:13 - [TEST_STEP][PASSED] - else if (strSellerVol1.contains(" K")): null

2024-01-22 18:26:13 - [TEST_STEP][PASSED] - strSellerVol1 = strSellerVol1.replace(" K", ""): null

2024-01-22 18:26:13 - [TEST_STEP][PASSED] - strSellerVol1 = strSellerVol1.toDouble() * 1000: null

2024-01-22 18:26:13 - [TEST_STEP][PASSED] - if (verifyElementNotPresent(findTestObject("Stockbit/Bandarmology_Buyer2"), 1, OPTIONAL)): Web element with id: 'Object Repository/Stockbit/Bandarmology_Buyer2' located by 'By.xpath: //*[contains(@id, 'rc-tabs-')]/div[2]/div/div/div/div/div/div[2]/table/tbody/tr[3]/td[1]/p' is present after '1' second(s) (Root cause: com.kms.katalon.core.exception.StepFailedException: Web element with id: 'Object Repository/Stockbit/Bandarmology_Buyer2' located by 'By.xpath: //*[contains(@id, 'rc-tabs-')]/div[2]/div/div/div/div/div/div[2]/table/tbody/tr[3]/td[1]/p' is present after '1' second(s)
	at com.kms.katalon.core.webui.keyword.internal.WebUIKeywordMain.stepFailed(WebUIKeywordMain.groovy:64)
	at com.kms.katalon.core.webui.keyword.internal.WebUIKeywordMain$stepFailed$0.call(Unknown Source)
	at com.kms.katalon.core.webui.keyword.builtin.VerifyElementNotPresentKeyword$_verifyElementNotPresent_closure1.doCall(VerifyElementNotPresentKeyword.groovy:106)
	at com.kms.katalon.core.webui.keyword.builtin.VerifyElementNotPresentKeyword$_verifyElementNotPresent_closure1.doCall(VerifyElementNotPresentKeyword.groovy)
	at com.kms.katalon.core.webui.keyword.internal.WebUIKeywordMain.runKeyword(WebUIKeywordMain.groovy:20)
	at com.kms.katalon.core.webui.keyword.internal.WebUIKeywordMain$runKeyword.call(Unknown Source)
	at com.kms.katalon.core.webui.keyword.builtin.VerifyElementNotPresentKeyword.verifyElementNotPresent(VerifyElementNotPresentKeyword.groovy:117)
	at com.kms.katalon.core.webui.keyword.builtin.VerifyElementNotPresentKeyword.execute(VerifyElementNotPresentKeyword.groovy:68)
	at com.kms.katalon.core.keyword.internal.KeywordExecutor.executeKeywordForPlatform(KeywordExecutor.groovy:74)
	at com.kms.katalon.core.webui.keyword.WebUiBuiltInKeywords.verifyElementNotPresent(WebUiBuiltInKeywords.groovy:1481)
	at com.kms.katalon.core.webui.keyword.WebUiBuiltInKeywords$verifyElementNotPresent$8.call(Unknown Source)
	at GetBrokSumPriceDaily.run(GetBrokSumPriceDaily:258)
	at com.kms.katalon.core.main.ScriptEngine.run(ScriptEngine.java:194)
	at com.kms.katalon.core.main.ScriptEngine.runScriptAsRawText(ScriptEngine.java:119)
	at com.kms.katalon.core.main.TestCaseExecutor.runScript(TestCaseExecutor.java:445)
	at com.kms.katalon.core.main.TestCaseExecutor.doExecute(TestCaseExecutor.java:436)
	at com.kms.katalon.core.main.TestCaseExecutor.processExecutionPhase(TestCaseExecutor.java:415)
	at com.kms.katalon.core.main.TestCaseExecutor.accessMainPhase(TestCaseExecutor.java:407)
	at com.kms.katalon.core.main.TestCaseExecutor.execute(TestCaseExecutor.java:284)
	at com.kms.katalon.core.common.CommonExecutor.accessTestCaseMainPhase(CommonExecutor.java:65)
	at com.kms.katalon.core.main.TestSuiteExecutor.accessTestSuiteMainPhase(TestSuiteExecutor.java:144)
	at com.kms.katalon.core.main.TestSuiteExecutor.execute(TestSuiteExecutor.java:106)
	at com.kms.katalon.core.main.TestCaseMain.startTestSuite(TestCaseMain.java:185)
	at com.kms.katalon.core.main.TestCaseMain$startTestSuite$0.call(Unknown Source)
	at TempTestSuite1705922193915.run(TempTestSuite1705922193915.groovy:36)
)

2024-01-22 18:26:14 - [MESSAGE][WARNING] - Web element with id: 'Object Repository/Stockbit/Bandarmology_Buyer2' located by 'By.xpath: //*[contains(@id, 'rc-tabs-')]/div[2]/div/div/div/div/div/div[2]/table/tbody/tr[3]/td[1]/p' is present after '1' second(s) (Root cause: com.kms.katalon.core.exception.StepFailedException: Web element with id: 'Object Repository/Stockbit/Bandarmology_Buyer2' located by 'By.xpath: //*[contains(@id, 'rc-tabs-')]/div[2]/div/div/div/div/div/div[2]/table/tbody/tr[3]/td[1]/p' is present after '1' second(s)
	at com.kms.katalon.core.webui.keyword.internal.WebUIKeywordMain.stepFailed(WebUIKeywordMain.groovy:64)
	at com.kms.katalon.core.webui.keyword.internal.WebUIKeywordMain$stepFailed$0.call(Unknown Source)
	at com.kms.katalon.core.webui.keyword.builtin.VerifyElementNotPresentKeyword$_verifyElementNotPresent_closure1.doCall(VerifyElementNotPresentKeyword.groovy:106)
	at com.kms.katalon.core.webui.keyword.builtin.VerifyElementNotPresentKeyword$_verifyElementNotPresent_closure1.doCall(VerifyElementNotPresentKeyword.groovy)
	at com.kms.katalon.core.webui.keyword.internal.WebUIKeywordMain.runKeyword(WebUIKeywordMain.groovy:20)
	at com.kms.katalon.core.webui.keyword.internal.WebUIKeywordMain$runKeyword.call(Unknown Source)
	at com.kms.katalon.core.webui.keyword.builtin.VerifyElementNotPresentKeyword.verifyElementNotPresent(VerifyElementNotPresentKeyword.groovy:117)
	at com.kms.katalon.core.webui.keyword.builtin.VerifyElementNotPresentKeyword.execute(VerifyElementNotPresentKeyword.groovy:68)
	at com.kms.katalon.core.keyword.internal.KeywordExecutor.executeKeywordForPlatform(KeywordExecutor.groovy:74)
	at com.kms.katalon.core.webui.keyword.WebUiBuiltInKeywords.verifyElementNotPresent(WebUiBuiltInKeywords.groovy:1481)
	at com.kms.katalon.core.webui.keyword.WebUiBuiltInKeywords$verifyElementNotPresent$8.call(Unknown Source)
	at GetBrokSumPriceDaily.run(GetBrokSumPriceDaily:258)
	at com.kms.katalon.core.main.ScriptEngine.run(ScriptEngine.java:194)
	at com.kms.katalon.core.main.ScriptEngine.runScriptAsRawText(ScriptEngine.java:119)
	at com.kms.katalon.core.main.TestCaseExecutor.runScript(TestCaseExecutor.java:445)
	at com.kms.katalon.core.main.TestCaseExecutor.doExecute(TestCaseExecutor.java:436)
	at com.kms.katalon.core.main.TestCaseExecutor.processExecutionPhase(TestCaseExecutor.java:415)
	at com.kms.katalon.core.main.TestCaseExecutor.accessMainPhase(TestCaseExecutor.java:407)
	at com.kms.katalon.core.main.TestCaseExecutor.execute(TestCaseExecutor.java:284)
	at com.kms.katalon.core.common.CommonExecutor.accessTestCaseMainPhase(CommonExecutor.java:65)
	at com.kms.katalon.core.main.TestSuiteExecutor.accessTestSuiteMainPhase(TestSuiteExecutor.java:144)
	at com.kms.katalon.core.main.TestSuiteExecutor.execute(TestSuiteExecutor.java:106)
	at com.kms.katalon.core.main.TestCaseMain.startTestSuite(TestCaseMain.java:185)
	at com.kms.katalon.core.main.TestCaseMain$startTestSuite$0.call(Unknown Source)
	at TempTestSuite1705922193915.run(TempTestSuite1705922193915.groovy:36)
)
[[ATTACHMENT|C:\\Users\\Fadli\\git\\KatalonDailyGetData2\\Reports\\20240122_174123\\TS1\\20240122_181633\\1705922774476.png]]

2024-01-22 18:26:14 - [TEST_STEP][PASSED] - else: null

2024-01-22 18:26:14 - [TEST_STEP][PASSED] - strBuyer2 = getText(findTestObject("Stockbit/Bandarmology_Buyer2")): Text of object 'Object Repository/Stockbit/Bandarmology_Buyer2' is: 'CC'

2024-01-22 18:26:14 - [MESSAGE][PASSED] - Text of object 'Object Repository/Stockbit/Bandarmology_Buyer2' is: 'CC'

2024-01-22 18:26:14 - [TEST_STEP][PASSED] - strBuyerVol2 = getText(findTestObject("Stockbit/Bandarmology_BuyerVol2")): Text of object 'Object Repository/Stockbit/Bandarmology_BuyerVol2' is: '4.8 K'

2024-01-22 18:26:14 - [MESSAGE][PASSED] - Text of object 'Object Repository/Stockbit/Bandarmology_BuyerVol2' is: '4.8 K'

2024-01-22 18:26:14 - [TEST_STEP][PASSED] - strBuyerAvg2 = getText(findTestObject("Stockbit/Bandarmology_BuyerAvg2")): Text of object 'Object Repository/Stockbit/Bandarmology_BuyerAvg2' is: '163'

2024-01-22 18:26:14 - [MESSAGE][PASSED] - Text of object 'Object Repository/Stockbit/Bandarmology_BuyerAvg2' is: '163'

2024-01-22 18:26:14 - [TEST_STEP][PASSED] - if (strBuyer2 != ""): null

2024-01-22 18:26:14 - [TEST_STEP][PASSED] - if (strBuyerAvg2.contains(",")): null

2024-01-22 18:26:14 - [TEST_STEP][PASSED] - if (strBuyerVol2.contains(" B")): null

2024-01-22 18:26:14 - [TEST_STEP][PASSED] - else if (strBuyerVol2.contains(" M")): null

2024-01-22 18:26:14 - [TEST_STEP][PASSED] - else if (strBuyerVol2.contains(" K")): null

2024-01-22 18:26:14 - [TEST_STEP][PASSED] - strBuyerVol2 = strBuyerVol2.replace(" K", ""): null

2024-01-22 18:26:14 - [TEST_STEP][PASSED] - strBuyerVol2 = strBuyerVol2.toDouble() * 1000: null

2024-01-22 18:26:14 - [TEST_STEP][PASSED] - if (strBuyerVol2.contains(".")): null

2024-01-22 18:26:14 - [TEST_STEP][PASSED] - strBuyerVal2 = strBuyerVol2.replace(".", ""): null

2024-01-22 18:26:14 - [TEST_STEP][PASSED] - if (verifyElementNotPresent(findTestObject("Stockbit/Bandarmology_Seller2"), 1, OPTIONAL)): Web element with id: 'Object Repository/Stockbit/Bandarmology_Seller2' located by 'By.xpath: //*[contains(@id, 'rc-tabs-')]/div[2]/div/div/div/div/div/div[2]/table/tbody/tr[3]/td[5]/p' is present after '1' second(s) (Root cause: com.kms.katalon.core.exception.StepFailedException: Web element with id: 'Object Repository/Stockbit/Bandarmology_Seller2' located by 'By.xpath: //*[contains(@id, 'rc-tabs-')]/div[2]/div/div/div/div/div/div[2]/table/tbody/tr[3]/td[5]/p' is present after '1' second(s)
	at com.kms.katalon.core.webui.keyword.internal.WebUIKeywordMain.stepFailed(WebUIKeywordMain.groovy:64)
	at com.kms.katalon.core.webui.keyword.internal.WebUIKeywordMain$stepFailed$0.call(Unknown Source)
	at com.kms.katalon.core.webui.keyword.builtin.VerifyElementNotPresentKeyword$_verifyElementNotPresent_closure1.doCall(VerifyElementNotPresentKeyword.groovy:106)
	at com.kms.katalon.core.webui.keyword.builtin.VerifyElementNotPresentKeyword$_verifyElementNotPresent_closure1.doCall(VerifyElementNotPresentKeyword.groovy)
	at com.kms.katalon.core.webui.keyword.internal.WebUIKeywordMain.runKeyword(WebUIKeywordMain.groovy:20)
	at com.kms.katalon.core.webui.keyword.internal.WebUIKeywordMain$runKeyword.call(Unknown Source)
	at com.kms.katalon.core.webui.keyword.builtin.VerifyElementNotPresentKeyword.verifyElementNotPresent(VerifyElementNotPresentKeyword.groovy:117)
	at com.kms.katalon.core.webui.keyword.builtin.VerifyElementNotPresentKeyword.execute(VerifyElementNotPresentKeyword.groovy:68)
	at com.kms.katalon.core.keyword.internal.KeywordExecutor.executeKeywordForPlatform(KeywordExecutor.groovy:74)
	at com.kms.katalon.core.webui.keyword.WebUiBuiltInKeywords.verifyElementNotPresent(WebUiBuiltInKeywords.groovy:1481)
	at com.kms.katalon.core.webui.keyword.WebUiBuiltInKeywords$verifyElementNotPresent$8.call(Unknown Source)
	at GetBrokSumPriceDaily.run(GetBrokSumPriceDaily:309)
	at com.kms.katalon.core.main.ScriptEngine.run(ScriptEngine.java:194)
	at com.kms.katalon.core.main.ScriptEngine.runScriptAsRawText(ScriptEngine.java:119)
	at com.kms.katalon.core.main.TestCaseExecutor.runScript(TestCaseExecutor.java:445)
	at com.kms.katalon.core.main.TestCaseExecutor.doExecute(TestCaseExecutor.java:436)
	at com.kms.katalon.core.main.TestCaseExecutor.processExecutionPhase(TestCaseExecutor.java:415)
	at com.kms.katalon.core.main.TestCaseExecutor.accessMainPhase(TestCaseExecutor.java:407)
	at com.kms.katalon.core.main.TestCaseExecutor.execute(TestCaseExecutor.java:284)
	at com.kms.katalon.core.common.CommonExecutor.accessTestCaseMainPhase(CommonExecutor.java:65)
	at com.kms.katalon.core.main.TestSuiteExecutor.accessTestSuiteMainPhase(TestSuiteExecutor.java:144)
	at com.kms.katalon.core.main.TestSuiteExecutor.execute(TestSuiteExecutor.java:106)
	at com.kms.katalon.core.main.TestCaseMain.startTestSuite(TestCaseMain.java:185)
	at com.kms.katalon.core.main.TestCaseMain$startTestSuite$0.call(Unknown Source)
	at TempTestSuite1705922193915.run(TempTestSuite1705922193915.groovy:36)
)

2024-01-22 18:26:16 - [MESSAGE][WARNING] - Web element with id: 'Object Repository/Stockbit/Bandarmology_Seller2' located by 'By.xpath: //*[contains(@id, 'rc-tabs-')]/div[2]/div/div/div/div/div/div[2]/table/tbody/tr[3]/td[5]/p' is present after '1' second(s) (Root cause: com.kms.katalon.core.exception.StepFailedException: Web element with id: 'Object Repository/Stockbit/Bandarmology_Seller2' located by 'By.xpath: //*[contains(@id, 'rc-tabs-')]/div[2]/div/div/div/div/div/div[2]/table/tbody/tr[3]/td[5]/p' is present after '1' second(s)
	at com.kms.katalon.core.webui.keyword.internal.WebUIKeywordMain.stepFailed(WebUIKeywordMain.groovy:64)
	at com.kms.katalon.core.webui.keyword.internal.WebUIKeywordMain$stepFailed$0.call(Unknown Source)
	at com.kms.katalon.core.webui.keyword.builtin.VerifyElementNotPresentKeyword$_verifyElementNotPresent_closure1.doCall(VerifyElementNotPresentKeyword.groovy:106)
	at com.kms.katalon.core.webui.keyword.builtin.VerifyElementNotPresentKeyword$_verifyElementNotPresent_closure1.doCall(VerifyElementNotPresentKeyword.groovy)
	at com.kms.katalon.core.webui.keyword.internal.WebUIKeywordMain.runKeyword(WebUIKeywordMain.groovy:20)
	at com.kms.katalon.core.webui.keyword.internal.WebUIKeywordMain$runKeyword.call(Unknown Source)
	at com.kms.katalon.core.webui.keyword.builtin.VerifyElementNotPresentKeyword.verifyElementNotPresent(VerifyElementNotPresentKeyword.groovy:117)
	at com.kms.katalon.core.webui.keyword.builtin.VerifyElementNotPresentKeyword.execute(VerifyElementNotPresentKeyword.groovy:68)
	at com.kms.katalon.core.keyword.internal.KeywordExecutor.executeKeywordForPlatform(KeywordExecutor.groovy:74)
	at com.kms.katalon.core.webui.keyword.WebUiBuiltInKeywords.verifyElementNotPresent(WebUiBuiltInKeywords.groovy:1481)
	at com.kms.katalon.core.webui.keyword.WebUiBuiltInKeywords$verifyElementNotPresent$8.call(Unknown Source)
	at GetBrokSumPriceDaily.run(GetBrokSumPriceDaily:309)
	at com.kms.katalon.core.main.ScriptEngine.run(ScriptEngine.java:194)
	at com.kms.katalon.core.main.ScriptEngine.runScriptAsRawText(ScriptEngine.java:119)
	at com.kms.katalon.core.main.TestCaseExecutor.runScript(TestCaseExecutor.java:445)
	at com.kms.katalon.core.main.TestCaseExecutor.doExecute(TestCaseExecutor.java:436)
	at com.kms.katalon.core.main.TestCaseExecutor.processExecutionPhase(TestCaseExecutor.java:415)
	at com.kms.katalon.core.main.TestCaseExecutor.accessMainPhase(TestCaseExecutor.java:407)
	at com.kms.katalon.core.main.TestCaseExecutor.execute(TestCaseExecutor.java:284)
	at com.kms.katalon.core.common.CommonExecutor.accessTestCaseMainPhase(CommonExecutor.java:65)
	at com.kms.katalon.core.main.TestSuiteExecutor.accessTestSuiteMainPhase(TestSuiteExecutor.java:144)
	at com.kms.katalon.core.main.TestSuiteExecutor.execute(TestSuiteExecutor.java:106)
	at com.kms.katalon.core.main.TestCaseMain.startTestSuite(TestCaseMain.java:185)
	at com.kms.katalon.core.main.TestCaseMain$startTestSuite$0.call(Unknown Source)
	at TempTestSuite1705922193915.run(TempTestSuite1705922193915.groovy:36)
)
[[ATTACHMENT|C:\\Users\\Fadli\\git\\KatalonDailyGetData2\\Reports\\20240122_174123\\TS1\\20240122_181633\\1705922776164.png]]

2024-01-22 18:26:16 - [TEST_STEP][PASSED] - else: null

2024-01-22 18:26:16 - [TEST_STEP][PASSED] - strSeller2 = getText(findTestObject("Stockbit/Bandarmology_Seller2")): Text of object 'Object Repository/Stockbit/Bandarmology_Seller2' is: 'PD'

2024-01-22 18:26:16 - [MESSAGE][PASSED] - Text of object 'Object Repository/Stockbit/Bandarmology_Seller2' is: 'PD'

2024-01-22 18:26:16 - [TEST_STEP][PASSED] - strSellerVol2 = getText(findTestObject("Stockbit/Bandarmology_SellerVol2")): Text of object 'Object Repository/Stockbit/Bandarmology_SellerVol2' is: '2.5 K'

2024-01-22 18:26:16 - [MESSAGE][PASSED] - Text of object 'Object Repository/Stockbit/Bandarmology_SellerVol2' is: '2.5 K'

2024-01-22 18:26:16 - [TEST_STEP][PASSED] - strSellerAvg2 = getText(findTestObject("Stockbit/Bandarmology_SellerAvg2")): Text of object 'Object Repository/Stockbit/Bandarmology_SellerAvg2' is: '162'

2024-01-22 18:26:16 - [MESSAGE][PASSED] - Text of object 'Object Repository/Stockbit/Bandarmology_SellerAvg2' is: '162'

2024-01-22 18:26:16 - [TEST_STEP][PASSED] - if (strSeller2 != ""): null

2024-01-22 18:26:16 - [TEST_STEP][PASSED] - if (strSellerAvg2.contains(",")): null

2024-01-22 18:26:16 - [TEST_STEP][PASSED] - if (strSellerVol2.contains(" B")): null

2024-01-22 18:26:16 - [TEST_STEP][PASSED] - else if (strSellerVol2.contains(" M")): null

2024-01-22 18:26:16 - [TEST_STEP][PASSED] - else if (strSellerVol2.contains(" K")): null

2024-01-22 18:26:16 - [TEST_STEP][PASSED] - strSellerVol2 = strSellerVol2.replace(" K", ""): null

2024-01-22 18:26:16 - [TEST_STEP][PASSED] - strSellerVol2 = strSellerVol2.toDouble() * 1000: null

2024-01-22 18:26:16 - [TEST_STEP][PASSED] - if (verifyElementNotPresent(findTestObject("Stockbit/Bandarmology_Buyer3"), 1, OPTIONAL)): Web element with id: 'Object Repository/Stockbit/Bandarmology_Buyer3' located by 'By.xpath: //*[contains(@id, 'rc-tabs-')]/div[2]/div/div/div/div/div/div[2]/table/tbody/tr[4]/td[1]/p' is present after '1' second(s) (Root cause: com.kms.katalon.core.exception.StepFailedException: Web element with id: 'Object Repository/Stockbit/Bandarmology_Buyer3' located by 'By.xpath: //*[contains(@id, 'rc-tabs-')]/div[2]/div/div/div/div/div/div[2]/table/tbody/tr[4]/td[1]/p' is present after '1' second(s)
	at com.kms.katalon.core.webui.keyword.internal.WebUIKeywordMain.stepFailed(WebUIKeywordMain.groovy:64)
	at com.kms.katalon.core.webui.keyword.internal.WebUIKeywordMain$stepFailed$0.call(Unknown Source)
	at com.kms.katalon.core.webui.keyword.builtin.VerifyElementNotPresentKeyword$_verifyElementNotPresent_closure1.doCall(VerifyElementNotPresentKeyword.groovy:106)
	at com.kms.katalon.core.webui.keyword.builtin.VerifyElementNotPresentKeyword$_verifyElementNotPresent_closure1.doCall(VerifyElementNotPresentKeyword.groovy)
	at com.kms.katalon.core.webui.keyword.internal.WebUIKeywordMain.runKeyword(WebUIKeywordMain.groovy:20)
	at com.kms.katalon.core.webui.keyword.internal.WebUIKeywordMain$runKeyword.call(Unknown Source)
	at com.kms.katalon.core.webui.keyword.builtin.VerifyElementNotPresentKeyword.verifyElementNotPresent(VerifyElementNotPresentKeyword.groovy:117)
	at com.kms.katalon.core.webui.keyword.builtin.VerifyElementNotPresentKeyword.execute(VerifyElementNotPresentKeyword.groovy:68)
	at com.kms.katalon.core.keyword.internal.KeywordExecutor.executeKeywordForPlatform(KeywordExecutor.groovy:74)
	at com.kms.katalon.core.webui.keyword.WebUiBuiltInKeywords.verifyElementNotPresent(WebUiBuiltInKeywords.groovy:1481)
	at com.kms.katalon.core.webui.keyword.WebUiBuiltInKeywords$verifyElementNotPresent$8.call(Unknown Source)
	at GetBrokSumPriceDaily.run(GetBrokSumPriceDaily:361)
	at com.kms.katalon.core.main.ScriptEngine.run(ScriptEngine.java:194)
	at com.kms.katalon.core.main.ScriptEngine.runScriptAsRawText(ScriptEngine.java:119)
	at com.kms.katalon.core.main.TestCaseExecutor.runScript(TestCaseExecutor.java:445)
	at com.kms.katalon.core.main.TestCaseExecutor.doExecute(TestCaseExecutor.java:436)
	at com.kms.katalon.core.main.TestCaseExecutor.processExecutionPhase(TestCaseExecutor.java:415)
	at com.kms.katalon.core.main.TestCaseExecutor.accessMainPhase(TestCaseExecutor.java:407)
	at com.kms.katalon.core.main.TestCaseExecutor.execute(TestCaseExecutor.java:284)
	at com.kms.katalon.core.common.CommonExecutor.accessTestCaseMainPhase(CommonExecutor.java:65)
	at com.kms.katalon.core.main.TestSuiteExecutor.accessTestSuiteMainPhase(TestSuiteExecutor.java:144)
	at com.kms.katalon.core.main.TestSuiteExecutor.execute(TestSuiteExecutor.java:106)
	at com.kms.katalon.core.main.TestCaseMain.startTestSuite(TestCaseMain.java:185)
	at com.kms.katalon.core.main.TestCaseMain$startTestSuite$0.call(Unknown Source)
	at TempTestSuite1705922193915.run(TempTestSuite1705922193915.groovy:36)
)

2024-01-22 18:26:18 - [MESSAGE][WARNING] - Web element with id: 'Object Repository/Stockbit/Bandarmology_Buyer3' located by 'By.xpath: //*[contains(@id, 'rc-tabs-')]/div[2]/div/div/div/div/div/div[2]/table/tbody/tr[4]/td[1]/p' is present after '1' second(s) (Root cause: com.kms.katalon.core.exception.StepFailedException: Web element with id: 'Object Repository/Stockbit/Bandarmology_Buyer3' located by 'By.xpath: //*[contains(@id, 'rc-tabs-')]/div[2]/div/div/div/div/div/div[2]/table/tbody/tr[4]/td[1]/p' is present after '1' second(s)
	at com.kms.katalon.core.webui.keyword.internal.WebUIKeywordMain.stepFailed(WebUIKeywordMain.groovy:64)
	at com.kms.katalon.core.webui.keyword.internal.WebUIKeywordMain$stepFailed$0.call(Unknown Source)
	at com.kms.katalon.core.webui.keyword.builtin.VerifyElementNotPresentKeyword$_verifyElementNotPresent_closure1.doCall(VerifyElementNotPresentKeyword.groovy:106)
	at com.kms.katalon.core.webui.keyword.builtin.VerifyElementNotPresentKeyword$_verifyElementNotPresent_closure1.doCall(VerifyElementNotPresentKeyword.groovy)
	at com.kms.katalon.core.webui.keyword.internal.WebUIKeywordMain.runKeyword(WebUIKeywordMain.groovy:20)
	at com.kms.katalon.core.webui.keyword.internal.WebUIKeywordMain$runKeyword.call(Unknown Source)
	at com.kms.katalon.core.webui.keyword.builtin.VerifyElementNotPresentKeyword.verifyElementNotPresent(VerifyElementNotPresentKeyword.groovy:117)
	at com.kms.katalon.core.webui.keyword.builtin.VerifyElementNotPresentKeyword.execute(VerifyElementNotPresentKeyword.groovy:68)
	at com.kms.katalon.core.keyword.internal.KeywordExecutor.executeKeywordForPlatform(KeywordExecutor.groovy:74)
	at com.kms.katalon.core.webui.keyword.WebUiBuiltInKeywords.verifyElementNotPresent(WebUiBuiltInKeywords.groovy:1481)
	at com.kms.katalon.core.webui.keyword.WebUiBuiltInKeywords$verifyElementNotPresent$8.call(Unknown Source)
	at GetBrokSumPriceDaily.run(GetBrokSumPriceDaily:361)
	at com.kms.katalon.core.main.ScriptEngine.run(ScriptEngine.java:194)
	at com.kms.katalon.core.main.ScriptEngine.runScriptAsRawText(ScriptEngine.java:119)
	at com.kms.katalon.core.main.TestCaseExecutor.runScript(TestCaseExecutor.java:445)
	at com.kms.katalon.core.main.TestCaseExecutor.doExecute(TestCaseExecutor.java:436)
	at com.kms.katalon.core.main.TestCaseExecutor.processExecutionPhase(TestCaseExecutor.java:415)
	at com.kms.katalon.core.main.TestCaseExecutor.accessMainPhase(TestCaseExecutor.java:407)
	at com.kms.katalon.core.main.TestCaseExecutor.execute(TestCaseExecutor.java:284)
	at com.kms.katalon.core.common.CommonExecutor.accessTestCaseMainPhase(CommonExecutor.java:65)
	at com.kms.katalon.core.main.TestSuiteExecutor.accessTestSuiteMainPhase(TestSuiteExecutor.java:144)
	at com.kms.katalon.core.main.TestSuiteExecutor.execute(TestSuiteExecutor.java:106)
	at com.kms.katalon.core.main.TestCaseMain.startTestSuite(TestCaseMain.java:185)
	at com.kms.katalon.core.main.TestCaseMain$startTestSuite$0.call(Unknown Source)
	at TempTestSuite1705922193915.run(TempTestSuite1705922193915.groovy:36)
)
[[ATTACHMENT|C:\\Users\\Fadli\\git\\KatalonDailyGetData2\\Reports\\20240122_174123\\TS1\\20240122_181633\\1705922777869.png]]

2024-01-22 18:26:18 - [TEST_STEP][PASSED] - else: null

2024-01-22 18:26:18 - [TEST_STEP][PASSED] - strBuyer3 = getText(findTestObject("Stockbit/Bandarmology_Buyer3")): Text of object 'Object Repository/Stockbit/Bandarmology_Buyer3' is: 'DH'

2024-01-22 18:26:18 - [MESSAGE][PASSED] - Text of object 'Object Repository/Stockbit/Bandarmology_Buyer3' is: 'DH'

2024-01-22 18:26:18 - [TEST_STEP][PASSED] - strBuyerVol3 = getText(findTestObject("Stockbit/Bandarmology_BuyerVol3")): Text of object 'Object Repository/Stockbit/Bandarmology_BuyerVol3' is: '3.1 K'

2024-01-22 18:26:18 - [MESSAGE][PASSED] - Text of object 'Object Repository/Stockbit/Bandarmology_BuyerVol3' is: '3.1 K'

2024-01-22 18:26:18 - [TEST_STEP][PASSED] - strBuyerAvg3 = getText(findTestObject("Stockbit/Bandarmology_BuyerAvg3")): Text of object 'Object Repository/Stockbit/Bandarmology_BuyerAvg3' is: '163'

2024-01-22 18:26:18 - [MESSAGE][PASSED] - Text of object 'Object Repository/Stockbit/Bandarmology_BuyerAvg3' is: '163'

2024-01-22 18:26:18 - [TEST_STEP][PASSED] - if (strBuyer3 != ""): null

2024-01-22 18:26:18 - [TEST_STEP][PASSED] - if (strBuyerAvg3.contains(",")): null

2024-01-22 18:26:18 - [TEST_STEP][PASSED] - if (strBuyerVol3.contains(" B")): null

2024-01-22 18:26:18 - [TEST_STEP][PASSED] - else if (strBuyerVol3.contains(" M")): null

2024-01-22 18:26:18 - [TEST_STEP][PASSED] - else if (strBuyerVol3.contains(" K")): null

2024-01-22 18:26:18 - [TEST_STEP][PASSED] - strBuyerVol3 = strBuyerVol3.replace(" K", ""): null

2024-01-22 18:26:18 - [TEST_STEP][PASSED] - strBuyerVol3 = strBuyerVol3.toDouble() * 1000: null

2024-01-22 18:26:18 - [TEST_STEP][PASSED] - if (verifyElementNotPresent(findTestObject("Stockbit/Bandarmology_Seller3"), 1, OPTIONAL)): Web element with id: 'Object Repository/Stockbit/Bandarmology_Seller3' located by 'By.xpath: //*[contains(@id, 'rc-tabs-')]/div[2]/div/div/div/div/div/div[2]/table/tbody/tr[4]/td[5]/p' is present after '1' second(s) (Root cause: com.kms.katalon.core.exception.StepFailedException: Web element with id: 'Object Repository/Stockbit/Bandarmology_Seller3' located by 'By.xpath: //*[contains(@id, 'rc-tabs-')]/div[2]/div/div/div/div/div/div[2]/table/tbody/tr[4]/td[5]/p' is present after '1' second(s)
	at com.kms.katalon.core.webui.keyword.internal.WebUIKeywordMain.stepFailed(WebUIKeywordMain.groovy:64)
	at com.kms.katalon.core.webui.keyword.internal.WebUIKeywordMain$stepFailed$0.call(Unknown Source)
	at com.kms.katalon.core.webui.keyword.builtin.VerifyElementNotPresentKeyword$_verifyElementNotPresent_closure1.doCall(VerifyElementNotPresentKeyword.groovy:106)
	at com.kms.katalon.core.webui.keyword.builtin.VerifyElementNotPresentKeyword$_verifyElementNotPresent_closure1.doCall(VerifyElementNotPresentKeyword.groovy)
	at com.kms.katalon.core.webui.keyword.internal.WebUIKeywordMain.runKeyword(WebUIKeywordMain.groovy:20)
	at com.kms.katalon.core.webui.keyword.internal.WebUIKeywordMain$runKeyword.call(Unknown Source)
	at com.kms.katalon.core.webui.keyword.builtin.VerifyElementNotPresentKeyword.verifyElementNotPresent(VerifyElementNotPresentKeyword.groovy:117)
	at com.kms.katalon.core.webui.keyword.builtin.VerifyElementNotPresentKeyword.execute(VerifyElementNotPresentKeyword.groovy:68)
	at com.kms.katalon.core.keyword.internal.KeywordExecutor.executeKeywordForPlatform(KeywordExecutor.groovy:74)
	at com.kms.katalon.core.webui.keyword.WebUiBuiltInKeywords.verifyElementNotPresent(WebUiBuiltInKeywords.groovy:1481)
	at com.kms.katalon.core.webui.keyword.WebUiBuiltInKeywords$verifyElementNotPresent$8.call(Unknown Source)
	at GetBrokSumPriceDaily.run(GetBrokSumPriceDaily:414)
	at com.kms.katalon.core.main.ScriptEngine.run(ScriptEngine.java:194)
	at com.kms.katalon.core.main.ScriptEngine.runScriptAsRawText(ScriptEngine.java:119)
	at com.kms.katalon.core.main.TestCaseExecutor.runScript(TestCaseExecutor.java:445)
	at com.kms.katalon.core.main.TestCaseExecutor.doExecute(TestCaseExecutor.java:436)
	at com.kms.katalon.core.main.TestCaseExecutor.processExecutionPhase(TestCaseExecutor.java:415)
	at com.kms.katalon.core.main.TestCaseExecutor.accessMainPhase(TestCaseExecutor.java:407)
	at com.kms.katalon.core.main.TestCaseExecutor.execute(TestCaseExecutor.java:284)
	at com.kms.katalon.core.common.CommonExecutor.accessTestCaseMainPhase(CommonExecutor.java:65)
	at com.kms.katalon.core.main.TestSuiteExecutor.accessTestSuiteMainPhase(TestSuiteExecutor.java:144)
	at com.kms.katalon.core.main.TestSuiteExecutor.execute(TestSuiteExecutor.java:106)
	at com.kms.katalon.core.main.TestCaseMain.startTestSuite(TestCaseMain.java:185)
	at com.kms.katalon.core.main.TestCaseMain$startTestSuite$0.call(Unknown Source)
	at TempTestSuite1705922193915.run(TempTestSuite1705922193915.groovy:36)
)

2024-01-22 18:26:19 - [MESSAGE][WARNING] - Web element with id: 'Object Repository/Stockbit/Bandarmology_Seller3' located by 'By.xpath: //*[contains(@id, 'rc-tabs-')]/div[2]/div/div/div/div/div/div[2]/table/tbody/tr[4]/td[5]/p' is present after '1' second(s) (Root cause: com.kms.katalon.core.exception.StepFailedException: Web element with id: 'Object Repository/Stockbit/Bandarmology_Seller3' located by 'By.xpath: //*[contains(@id, 'rc-tabs-')]/div[2]/div/div/div/div/div/div[2]/table/tbody/tr[4]/td[5]/p' is present after '1' second(s)
	at com.kms.katalon.core.webui.keyword.internal.WebUIKeywordMain.stepFailed(WebUIKeywordMain.groovy:64)
	at com.kms.katalon.core.webui.keyword.internal.WebUIKeywordMain$stepFailed$0.call(Unknown Source)
	at com.kms.katalon.core.webui.keyword.builtin.VerifyElementNotPresentKeyword$_verifyElementNotPresent_closure1.doCall(VerifyElementNotPresentKeyword.groovy:106)
	at com.kms.katalon.core.webui.keyword.builtin.VerifyElementNotPresentKeyword$_verifyElementNotPresent_closure1.doCall(VerifyElementNotPresentKeyword.groovy)
	at com.kms.katalon.core.webui.keyword.internal.WebUIKeywordMain.runKeyword(WebUIKeywordMain.groovy:20)
	at com.kms.katalon.core.webui.keyword.internal.WebUIKeywordMain$runKeyword.call(Unknown Source)
	at com.kms.katalon.core.webui.keyword.builtin.VerifyElementNotPresentKeyword.verifyElementNotPresent(VerifyElementNotPresentKeyword.groovy:117)
	at com.kms.katalon.core.webui.keyword.builtin.VerifyElementNotPresentKeyword.execute(VerifyElementNotPresentKeyword.groovy:68)
	at com.kms.katalon.core.keyword.internal.KeywordExecutor.executeKeywordForPlatform(KeywordExecutor.groovy:74)
	at com.kms.katalon.core.webui.keyword.WebUiBuiltInKeywords.verifyElementNotPresent(WebUiBuiltInKeywords.groovy:1481)
	at com.kms.katalon.core.webui.keyword.WebUiBuiltInKeywords$verifyElementNotPresent$8.call(Unknown Source)
	at GetBrokSumPriceDaily.run(GetBrokSumPriceDaily:414)
	at com.kms.katalon.core.main.ScriptEngine.run(ScriptEngine.java:194)
	at com.kms.katalon.core.main.ScriptEngine.runScriptAsRawText(ScriptEngine.java:119)
	at com.kms.katalon.core.main.TestCaseExecutor.runScript(TestCaseExecutor.java:445)
	at com.kms.katalon.core.main.TestCaseExecutor.doExecute(TestCaseExecutor.java:436)
	at com.kms.katalon.core.main.TestCaseExecutor.processExecutionPhase(TestCaseExecutor.java:415)
	at com.kms.katalon.core.main.TestCaseExecutor.accessMainPhase(TestCaseExecutor.java:407)
	at com.kms.katalon.core.main.TestCaseExecutor.execute(TestCaseExecutor.java:284)
	at com.kms.katalon.core.common.CommonExecutor.accessTestCaseMainPhase(CommonExecutor.java:65)
	at com.kms.katalon.core.main.TestSuiteExecutor.accessTestSuiteMainPhase(TestSuiteExecutor.java:144)
	at com.kms.katalon.core.main.TestSuiteExecutor.execute(TestSuiteExecutor.java:106)
	at com.kms.katalon.core.main.TestCaseMain.startTestSuite(TestCaseMain.java:185)
	at com.kms.katalon.core.main.TestCaseMain$startTestSuite$0.call(Unknown Source)
	at TempTestSuite1705922193915.run(TempTestSuite1705922193915.groovy:36)
)
[[ATTACHMENT|C:\\Users\\Fadli\\git\\KatalonDailyGetData2\\Reports\\20240122_174123\\TS1\\20240122_181633\\1705922779564.png]]

2024-01-22 18:26:19 - [TEST_STEP][PASSED] - else: null

2024-01-22 18:26:19 - [TEST_STEP][PASSED] - strSeller3 = getText(findTestObject("Stockbit/Bandarmology_Seller3")): Text of object 'Object Repository/Stockbit/Bandarmology_Seller3' is: 'YP'

2024-01-22 18:26:19 - [MESSAGE][PASSED] - Text of object 'Object Repository/Stockbit/Bandarmology_Seller3' is: 'YP'

2024-01-22 18:26:19 - [TEST_STEP][PASSED] - strSellerVol3 = getText(findTestObject("Stockbit/Bandarmology_SellerVol3")): Text of object 'Object Repository/Stockbit/Bandarmology_SellerVol3' is: '2.4 K'

2024-01-22 18:26:19 - [MESSAGE][PASSED] - Text of object 'Object Repository/Stockbit/Bandarmology_SellerVol3' is: '2.4 K'

2024-01-22 18:26:19 - [TEST_STEP][PASSED] - strSellerAvg3 = getText(findTestObject("Stockbit/Bandarmology_SellerAvg3")): Text of object 'Object Repository/Stockbit/Bandarmology_SellerAvg3' is: '163'

2024-01-22 18:26:20 - [MESSAGE][PASSED] - Text of object 'Object Repository/Stockbit/Bandarmology_SellerAvg3' is: '163'

2024-01-22 18:26:20 - [TEST_STEP][PASSED] - if (strSeller3 != ""): null

2024-01-22 18:26:20 - [TEST_STEP][PASSED] - if (strSellerAvg3.contains(",")): null

2024-01-22 18:26:20 - [TEST_STEP][PASSED] - if (strSellerVol3.contains(" B")): null

2024-01-22 18:26:20 - [TEST_STEP][PASSED] - else if (strSellerVol3.contains(" M")): null

2024-01-22 18:26:20 - [TEST_STEP][PASSED] - else if (strSellerVol3.contains(" K")): null

2024-01-22 18:26:20 - [TEST_STEP][PASSED] - strSellerVol3 = strSellerVol3.replace(" K", ""): null

2024-01-22 18:26:20 - [TEST_STEP][PASSED] - strSellerVol3 = strSellerVol3.toDouble() * 1000: null

2024-01-22 18:26:20 - [TEST_STEP][PASSED] - strAccDist = getText(findTestObject("Stockbit/Bandarmology_AccDist")): Text of object 'Object Repository/Stockbit/Bandarmology_AccDist' is: 'Dist'

2024-01-22 18:26:20 - [MESSAGE][PASSED] - Text of object 'Object Repository/Stockbit/Bandarmology_AccDist' is: 'Dist'

2024-01-22 18:26:20 - [TEST_STEP][PASSED] - strNetVol = getText(findTestObject("Stockbit/Bandarmology_NetVol")): Text of object 'Object Repository/Stockbit/Bandarmology_NetVol' is: '23,469'

2024-01-22 18:26:20 - [MESSAGE][PASSED] - Text of object 'Object Repository/Stockbit/Bandarmology_NetVol' is: '23,469'

2024-01-22 18:26:20 - [TEST_STEP][PASSED] - strNetVol = strNetVol.replace(",", ""): null

2024-01-22 18:26:20 - [TEST_STEP][PASSED] - strNetVal = getText(findTestObject("Stockbit/Bandarmology_NetVal")): Text of object 'Object Repository/Stockbit/Bandarmology_NetVal' is: '0.4 B'

2024-01-22 18:26:20 - [MESSAGE][PASSED] - Text of object 'Object Repository/Stockbit/Bandarmology_NetVal' is: '0.4 B'

2024-01-22 18:26:20 - [TEST_STEP][PASSED] - delay(3): Delayed 3 second(s)

2024-01-22 18:26:23 - [MESSAGE][PASSED] - Delayed 3 second(s)

2024-01-22 18:26:23 - [TEST_STEP][PASSED] - strOpenPrice = getText(findTestObject("Stockbit/Home_OpenPrice")): Text of object 'Object Repository/Stockbit/Home_OpenPrice' is: '163'

2024-01-22 18:26:23 - [MESSAGE][PASSED] - Text of object 'Object Repository/Stockbit/Home_OpenPrice' is: '163'

2024-01-22 18:26:23 - [TEST_STEP][PASSED] - strOpenPrice = strOpenPrice.replace(",", ""): null

2024-01-22 18:26:23 - [TEST_STEP][PASSED] - strLowPrice = getText(findTestObject("Stockbit/Home_LowPrice")): Text of object 'Object Repository/Stockbit/Home_LowPrice' is: '162'

2024-01-22 18:26:23 - [MESSAGE][PASSED] - Text of object 'Object Repository/Stockbit/Home_LowPrice' is: '162'

2024-01-22 18:26:23 - [TEST_STEP][PASSED] - strLowPrice = strLowPrice.replace(",", ""): null

2024-01-22 18:26:23 - [TEST_STEP][PASSED] - strHighPrice = getText(findTestObject("Stockbit/Home_HighPrice")): Text of object 'Object Repository/Stockbit/Home_HighPrice' is: '164'

2024-01-22 18:26:23 - [MESSAGE][PASSED] - Text of object 'Object Repository/Stockbit/Home_HighPrice' is: '164'

2024-01-22 18:26:23 - [TEST_STEP][PASSED] - strHighPrice = strHighPrice.replace(",", ""): null

2024-01-22 18:26:23 - [TEST_STEP][PASSED] - strClosePrice = getText(findTestObject("Stockbit/Home_ClosePrice")): Text of object 'Object Repository/Stockbit/Home_ClosePrice' is: '163'

2024-01-22 18:26:23 - [MESSAGE][PASSED] - Text of object 'Object Repository/Stockbit/Home_ClosePrice' is: '163'

2024-01-22 18:26:23 - [TEST_STEP][PASSED] - strClosePrice = strClosePrice.replace(",", ""): null

2024-01-22 18:26:23 - [TEST_STEP][PASSED] - strVol = getText(findTestObject("Stockbit/Home_Volume")): Text of object 'Object Repository/Stockbit/Home_Volume' is: '33 K'

2024-01-22 18:26:24 - [MESSAGE][PASSED] - Text of object 'Object Repository/Stockbit/Home_Volume' is: '33 K'

2024-01-22 18:26:24 - [TEST_STEP][PASSED] - if (strVol.contains(" K")): null

2024-01-22 18:26:24 - [TEST_STEP][PASSED] - strVol = strVol.replace(" K", "000"): null

2024-01-22 18:26:24 - [TEST_STEP][PASSED] - if (strVol.contains(",")): null

2024-01-22 18:26:24 - [TEST_STEP][PASSED] - strChange = getText(findTestObject("Stockbit/Home_Change")): Text of object 'Object Repository/Stockbit/Home_Change' is: '0.00%'

2024-01-22 18:26:24 - [MESSAGE][PASSED] - Text of object 'Object Repository/Stockbit/Home_Change' is: '0.00%'

2024-01-22 18:26:24 - [TEST_STEP][PASSED] - strChange = strChange.replace("%", ""): null

2024-01-22 18:26:24 - [TEST_STEP][PASSED] - strFreq = getText(findTestObject("Stockbit/Home_Freq")): Text of object 'Object Repository/Stockbit/Home_Freq' is: '316'

2024-01-22 18:26:24 - [MESSAGE][PASSED] - Text of object 'Object Repository/Stockbit/Home_Freq' is: '316'

2024-01-22 18:26:24 - [TEST_STEP][PASSED] - if (strFreq.contains(",")): null

2024-01-22 18:26:24 - [TEST_STEP][PASSED] - if (strFreq == "NA" || strFreq == ""): null

2024-01-22 18:26:24 - [TEST_STEP][PASSED] - else: null

2024-01-22 18:26:24 - [TEST_STEP][PASSED] - dblFreqAnal = strVol.toDouble() / strFreq.toDouble() * strFreq.toDouble() * strFreq.toDouble() * 100000000: null

2024-01-22 18:26:24 - [TEST_STEP][PASSED] - strFreqAnal = String.format("%.4f", dblFreqAnal): null

2024-01-22 18:26:24 - [TEST_STEP][PASSED] - out.println("Double strFreqAnal: " + strFreqAnal): null

2024-01-22 18:26:24 - [TEST_STEP][PASSED] - strTanggal = d.format(DateTimeFormatter.ofPattern("yyyy-MM-dd")): null

2024-01-22 18:26:24 - [TEST_STEP][PASSED] - strTanggal = "#" + strTanggal + "#": null

2024-01-22 18:26:24 - [TEST_STEP][PASSED] - strSQL = "select count(*) as JumBaris from TblBrokSum where Nama = '" + strNama + "' and Tanggal = " + strTanggal + "": null

2024-01-22 18:26:24 - [TEST_STEP][PASSED] - resultSet = statement.executeQuery(strSQL): null

2024-01-22 18:26:24 - [TEST_STEP][PASSED] - resultSet.next(): null

2024-01-22 18:26:24 - [TEST_STEP][PASSED] - intJumBaris = resultSet.getInt("JumBaris"): null

2024-01-22 18:26:24 - [TEST_STEP][PASSED] - if (intJumBaris > 0): null

2024-01-22 18:26:24 - [TEST_STEP][PASSED] - else: null

2024-01-22 18:26:24 - [TEST_STEP][PASSED] - try: null

2024-01-22 18:26:24 - [TEST_STEP][PASSED] - out.println("Insert data"): null

2024-01-22 18:26:24 - [TEST_STEP][PASSED] - strSQL = "insert into TblBrokSum (nama, tanggal, top1, top2, top3, AllBrokAvg, AccDist, AvgRP, " + "Buyer1, BuyerVal1, BuyerAvg1, Seller1, SellerVal1, SellerAvg1, Buyer2, BuyerVal2, BuyerAvg2, " + "Seller2, SellerVal2, SellerAvg2, Buyer3, BuyerVal3, BuyerAvg3, Seller3, SellerVal3, SellerAvg3, NetVol, NetVal, " + "OpenPrice, LowPrice, HighPrice, ClosePrice, Volume, Change, Frekuensi, FrekAnal) " + "values ('" + strNama + "', " + strTanggal + ", '" + strTop1 + "', '" + strTop3 + "', '" + strTop5 + "', " + "'" + strAllBrokAvg + "', '" + strAccDist + "', " + intAvgRP + ", '" + strBuyer1 + "', '" + strBuyerVol1 + "', " + strBuyerAvg1 + ", " + "'" + strSeller1 + "', '" + strSellerVol1 + "', " + strSellerAvg1 + ", '" + strBuyer2 + "', '" + strBuyerVol2 + "', " + strBuyerAvg2 + ", " + "'" + strSeller2 + "', '" + strSellerVol2 + "', " + strSellerAvg2 + ", '" + strBuyer3 + "', '" + strBuyerVol3 + "', " + strBuyerAvg3 + ", " + "'" + strSeller3 + "', '" + strSellerVol3 + "', " + strSellerAvg3 + ", " + strNetVol + ", '" + strNetVal + "', " + "" + strOpenPrice + ", " + strLowPrice + ", " + strHighPrice + ", " + strClosePrice + ", '" + strVol + "', " + strChange + ", " + strFreq + ", " + strFreqAnal + ");": null

2024-01-22 18:26:24 - [TEST_STEP][PASSED] - out.println("strSQL = " + strSQL): null

2024-01-22 18:26:24 - [TEST_STEP][PASSED] - statement.executeUpdate(strSQL): null

2024-01-22 18:26:24 - [TEST_STEP][PASSED] - setValueToCellByIndex(sheet01, rowIndex, 4, "DONE"): null

2024-01-22 18:26:24 - [TEST_STEP][PASSED] - saveWorkbook(excelFilePath, workbook01): null

2024-01-22 18:26:24 - [TEST_STEP][PASSED] - waitForElementClickable(findTestObject("Stockbit/menu_Bandarmology"), 10): Object 'Object Repository/Stockbit/menu_Bandarmology' is clickable

2024-01-22 18:26:24 - [MESSAGE][PASSED] - Object 'Object Repository/Stockbit/menu_Bandarmology' is clickable

2024-01-22 18:26:24 - [TEST_STEP][PASSED] - click(findTestObject("Stockbit/menu_Bandarmology")): Object: 'Object Repository/Stockbit/menu_Bandarmology' is clicked on

2024-01-22 18:26:24 - [MESSAGE][PASSED] - Object: 'Object Repository/Stockbit/menu_Bandarmology' is clicked on

2024-01-22 18:26:24 - [TEST_STEP][PASSED] - strTemp = "NA": null

2024-01-22 18:26:24 - [TEST_STEP][PASSED] - if (getCellValueByIndex(sheet01, rowIndex, 4) != "DONE"): Object: 'Object Repository/Stockbit/menu_Bandarmology' is clicked on

2024-01-22 18:26:24 - [TEST_STEP][PASSED] - strNama = getCellValueByIndex(sheet01, rowIndex, 0): null

2024-01-22 18:26:24 - [TEST_STEP][PASSED] - navigateToUrl("https://stockbit.com/#/symbol/" + strNama): Navigate to 'https://stockbit.com/#/symbol/PANR' successfully

2024-01-22 18:26:26 - [MESSAGE][PASSED] - Navigate to 'https://stockbit.com/#/symbol/PANR' successfully

2024-01-22 18:26:26 - [TEST_STEP][PASSED] - waitForElementClickable(findTestObject("Stockbit/menu_Bandarmology"), 10): Object 'Object Repository/Stockbit/menu_Bandarmology' is clickable

2024-01-22 18:26:27 - [MESSAGE][PASSED] - Object 'Object Repository/Stockbit/menu_Bandarmology' is clickable

2024-01-22 18:26:27 - [TEST_STEP][PASSED] - click(findTestObject("Stockbit/menu_Bandarmology")): Object: 'Object Repository/Stockbit/menu_Bandarmology' is clicked on

2024-01-22 18:26:27 - [MESSAGE][PASSED] - Object: 'Object Repository/Stockbit/menu_Bandarmology' is clicked on

2024-01-22 18:26:27 - [TEST_STEP][PASSED] - strTanggal = d.format(DateTimeFormatter.ofPattern("MMM dd, yyyy")): null

2024-01-22 18:26:27 - [TEST_STEP][PASSED] - strTanggal = d.format(ISO_DATE): null

2024-01-22 18:26:27 - [TEST_STEP][PASSED] - out.println("strTanggal = " + strTanggal): null

2024-01-22 18:26:27 - [TEST_STEP][PASSED] - out.println("strNama = " + strNama): null

2024-01-22 18:26:27 - [TEST_STEP][PASSED] - out.println("Baris ke = " + rowIndex): null

2024-01-22 18:26:27 - [TEST_STEP][PASSED] - click(findTestObject("Stockbit/input__BandarmologyOpenStartDate")): Object: 'Object Repository/Stockbit/input__BandarmologyOpenStartDate' is clicked on

2024-01-22 18:26:29 - [MESSAGE][PASSED] - Object: 'Object Repository/Stockbit/input__BandarmologyOpenStartDate' is clicked on

2024-01-22 18:26:29 - [TEST_STEP][PASSED] - sendKeys(findTestObject("Stockbit/input__BandarmologyOpenStartDate"), Keys.chord(CONTROL, "a")): Keys 'CONTROL + a' sent to object: 'Object Repository/Stockbit/input__BandarmologyOpenStartDate'

2024-01-22 18:26:30 - [MESSAGE][PASSED] - Keys 'CONTROL + a' sent to object: 'Object Repository/Stockbit/input__BandarmologyOpenStartDate'

2024-01-22 18:26:30 - [TEST_STEP][PASSED] - sendKeys(findTestObject("Stockbit/input__BandarmologyOpenStartDate"), Keys.chord(BACK_SPACE)): Keys 'BACK_SPACE + ' sent to object: 'Object Repository/Stockbit/input__BandarmologyOpenStartDate'

2024-01-22 18:26:30 - [MESSAGE][PASSED] - Keys 'BACK_SPACE + ' sent to object: 'Object Repository/Stockbit/input__BandarmologyOpenStartDate'

2024-01-22 18:26:30 - [TEST_STEP][PASSED] - setText(findTestObject("Stockbit/input__BandarmologyOpenStartDate"), strTanggal): Text '2024-01-22' is set on object 'Object Repository/Stockbit/input__BandarmologyOpenStartDate'

2024-01-22 18:26:31 - [MESSAGE][PASSED] - Text '2024-01-22' is set on object 'Object Repository/Stockbit/input__BandarmologyOpenStartDate'

2024-01-22 18:26:31 - [TEST_STEP][PASSED] - sendKeys(findTestObject("Stockbit/input__BandarmologyOpenStartDate"), Keys.chord(ENTER)): Keys 'ENTER + ' sent to object: 'Object Repository/Stockbit/input__BandarmologyOpenStartDate'

2024-01-22 18:26:32 - [MESSAGE][PASSED] - Keys 'ENTER + ' sent to object: 'Object Repository/Stockbit/input__BandarmologyOpenStartDate'

2024-01-22 18:26:32 - [TEST_STEP][PASSED] - click(findTestObject("Stockbit/input__BandarmologyOpenEndDate")): Object: 'Object Repository/Stockbit/input__BandarmologyOpenEndDate' is clicked on

2024-01-22 18:26:32 - [MESSAGE][PASSED] - Object: 'Object Repository/Stockbit/input__BandarmologyOpenEndDate' is clicked on

2024-01-22 18:26:32 - [TEST_STEP][PASSED] - sendKeys(findTestObject("Stockbit/input__BandarmologyOpenEndDate"), Keys.chord(CONTROL, "a")): Keys 'CONTROL + a' sent to object: 'Object Repository/Stockbit/input__BandarmologyOpenEndDate'

2024-01-22 18:26:33 - [MESSAGE][PASSED] - Keys 'CONTROL + a' sent to object: 'Object Repository/Stockbit/input__BandarmologyOpenEndDate'

2024-01-22 18:26:33 - [TEST_STEP][PASSED] - sendKeys(findTestObject("Stockbit/input__BandarmologyOpenEndDate"), Keys.chord(BACK_SPACE)): Keys 'BACK_SPACE + ' sent to object: 'Object Repository/Stockbit/input__BandarmologyOpenEndDate'

2024-01-22 18:26:33 - [MESSAGE][PASSED] - Keys 'BACK_SPACE + ' sent to object: 'Object Repository/Stockbit/input__BandarmologyOpenEndDate'

2024-01-22 18:26:33 - [TEST_STEP][PASSED] - setText(findTestObject("Stockbit/input__BandarmologyOpenEndDate"), strTanggal): Text '2024-01-22' is set on object 'Object Repository/Stockbit/input__BandarmologyOpenEndDate'

2024-01-22 18:26:34 - [MESSAGE][PASSED] - Text '2024-01-22' is set on object 'Object Repository/Stockbit/input__BandarmologyOpenEndDate'

2024-01-22 18:26:34 - [TEST_STEP][PASSED] - sendKeys(findTestObject("Stockbit/input__BandarmologyOpenEndDate"), Keys.chord(ENTER)): Keys 'ENTER + ' sent to object: 'Object Repository/Stockbit/input__BandarmologyOpenEndDate'

2024-01-22 18:26:34 - [MESSAGE][PASSED] - Keys 'ENTER + ' sent to object: 'Object Repository/Stockbit/input__BandarmologyOpenEndDate'

2024-01-22 18:26:34 - [TEST_STEP][PASSED] - delay(2): Delayed 2 second(s)

2024-01-22 18:26:36 - [MESSAGE][PASSED] - Delayed 2 second(s)

2024-01-22 18:26:36 - [TEST_STEP][PASSED] - strTemp = getText(findTestObject("Stockbit/Bandarmology_AvgRP")): Text of object 'Object Repository/Stockbit/Bandarmology_AvgRP' is: '448'

2024-01-22 18:26:37 - [MESSAGE][PASSED] - Text of object 'Object Repository/Stockbit/Bandarmology_AvgRP' is: '448'

2024-01-22 18:26:37 - [TEST_STEP][PASSED] - out.println("Bandarmology_AvgRP = " + strTemp): null

2024-01-22 18:26:37 - [TEST_STEP][PASSED] - if (strTemp != "0"): null

2024-01-22 18:26:37 - [TEST_STEP][PASSED] - strTop1 = getText(findTestObject("Stockbit/Bandarmology_Top1")): Text of object 'Object Repository/Stockbit/Bandarmology_Top1' is: 'Big Dist'

2024-01-22 18:26:37 - [MESSAGE][PASSED] - Text of object 'Object Repository/Stockbit/Bandarmology_Top1' is: 'Big Dist'

2024-01-22 18:26:37 - [TEST_STEP][PASSED] - strTop3 = getText(findTestObject("Stockbit/Bandarmology_Top3")): Text of object 'Object Repository/Stockbit/Bandarmology_Top3' is: 'Normal Dist'

2024-01-22 18:26:37 - [MESSAGE][PASSED] - Text of object 'Object Repository/Stockbit/Bandarmology_Top3' is: 'Normal Dist'

2024-01-22 18:26:37 - [TEST_STEP][PASSED] - strTop5 = getText(findTestObject("Stockbit/Bandarmology_Top5")): Text of object 'Object Repository/Stockbit/Bandarmology_Top5' is: 'Normal Dist'

2024-01-22 18:26:37 - [MESSAGE][PASSED] - Text of object 'Object Repository/Stockbit/Bandarmology_Top5' is: 'Normal Dist'

2024-01-22 18:26:37 - [TEST_STEP][PASSED] - strAllBrokAvg = getText(findTestObject("Stockbit/Bandarmology_TopAVG")): Text of object 'Object Repository/Stockbit/Bandarmology_TopAVG' is: 'Normal Dist'

2024-01-22 18:26:37 - [MESSAGE][PASSED] - Text of object 'Object Repository/Stockbit/Bandarmology_TopAVG' is: 'Normal Dist'

2024-01-22 18:26:37 - [TEST_STEP][PASSED] - strTemp = getText(findTestObject("Stockbit/Bandarmology_AvgRP")): Text of object 'Object Repository/Stockbit/Bandarmology_AvgRP' is: '448'

2024-01-22 18:26:37 - [MESSAGE][PASSED] - Text of object 'Object Repository/Stockbit/Bandarmology_AvgRP' is: '448'

2024-01-22 18:26:37 - [TEST_STEP][PASSED] - if (strTemp.contains(",")): null

2024-01-22 18:26:37 - [TEST_STEP][PASSED] - intAvgRP = strTemp.toInteger(): null

2024-01-22 18:26:37 - [TEST_STEP][PASSED] - strBuyer1 = getText(findTestObject("Stockbit/Bandarmology_Buyer1")): Text of object 'Object Repository/Stockbit/Bandarmology_Buyer1' is: 'DR'

2024-01-22 18:26:37 - [MESSAGE][PASSED] - Text of object 'Object Repository/Stockbit/Bandarmology_Buyer1' is: 'DR'

2024-01-22 18:26:37 - [TEST_STEP][PASSED] - strBuyerVol1 = getText(findTestObject("Stockbit/Bandarmology_BuyerVol1")): Text of object 'Object Repository/Stockbit/Bandarmology_BuyerVol1' is: '1.2 K'

2024-01-22 18:26:38 - [MESSAGE][PASSED] - Text of object 'Object Repository/Stockbit/Bandarmology_BuyerVol1' is: '1.2 K'

2024-01-22 18:26:38 - [TEST_STEP][PASSED] - strBuyerAvg1 = getText(findTestObject("Stockbit/Bandarmology_BuyerAvg1")): Text of object 'Object Repository/Stockbit/Bandarmology_BuyerAvg1' is: '451'

2024-01-22 18:26:38 - [MESSAGE][PASSED] - Text of object 'Object Repository/Stockbit/Bandarmology_BuyerAvg1' is: '451'

2024-01-22 18:26:38 - [TEST_STEP][PASSED] - if (strBuyerAvg1.contains(",")): null

2024-01-22 18:26:38 - [TEST_STEP][PASSED] - if (strBuyerVol1.contains(" B")): null

2024-01-22 18:26:38 - [TEST_STEP][PASSED] - else if (strBuyerVol1.contains(" M")): null

2024-01-22 18:26:38 - [TEST_STEP][PASSED] - else if (strBuyerVol1.contains(" K")): null

2024-01-22 18:26:38 - [TEST_STEP][PASSED] - strBuyerVol1 = strBuyerVol1.replace(" K", ""): null

2024-01-22 18:26:38 - [TEST_STEP][PASSED] - strBuyerVol1 = strBuyerVol1.toDouble() * 1000: null

2024-01-22 18:26:38 - [TEST_STEP][PASSED] - strSeller1 = getText(findTestObject("Stockbit/Bandarmology_Seller1")): Text of object 'Object Repository/Stockbit/Bandarmology_Seller1' is: 'CP'

2024-01-22 18:26:38 - [MESSAGE][PASSED] - Text of object 'Object Repository/Stockbit/Bandarmology_Seller1' is: 'CP'

2024-01-22 18:26:38 - [TEST_STEP][PASSED] - strSellerVol1 = getText(findTestObject("Stockbit/Bandarmology_SellerVol1")): Text of object 'Object Repository/Stockbit/Bandarmology_SellerVol1' is: '1.9 K'

2024-01-22 18:26:38 - [MESSAGE][PASSED] - Text of object 'Object Repository/Stockbit/Bandarmology_SellerVol1' is: '1.9 K'

2024-01-22 18:26:38 - [TEST_STEP][PASSED] - strSellerAvg1 = getText(findTestObject("Stockbit/Bandarmology_SellerAvg1")): Text of object 'Object Repository/Stockbit/Bandarmology_SellerAvg1' is: '443'

2024-01-22 18:26:38 - [MESSAGE][PASSED] - Text of object 'Object Repository/Stockbit/Bandarmology_SellerAvg1' is: '443'

2024-01-22 18:26:38 - [TEST_STEP][PASSED] - if (strSellerAvg1.contains(",")): null

2024-01-22 18:26:38 - [TEST_STEP][PASSED] - if (strSellerVol1.contains(" B")): null

2024-01-22 18:26:38 - [TEST_STEP][PASSED] - else if (strSellerVol1.contains(" M")): null

2024-01-22 18:26:38 - [TEST_STEP][PASSED] - else if (strSellerVol1.contains(" K")): null

2024-01-22 18:26:38 - [TEST_STEP][PASSED] - strSellerVol1 = strSellerVol1.replace(" K", ""): null

2024-01-22 18:26:38 - [TEST_STEP][PASSED] - strSellerVol1 = strSellerVol1.toDouble() * 1000: null

2024-01-22 18:26:38 - [TEST_STEP][PASSED] - if (verifyElementNotPresent(findTestObject("Stockbit/Bandarmology_Buyer2"), 1, OPTIONAL)): Web element with id: 'Object Repository/Stockbit/Bandarmology_Buyer2' located by 'By.xpath: //*[contains(@id, 'rc-tabs-')]/div[2]/div/div/div/div/div/div[2]/table/tbody/tr[3]/td[1]/p' is present after '1' second(s) (Root cause: com.kms.katalon.core.exception.StepFailedException: Web element with id: 'Object Repository/Stockbit/Bandarmology_Buyer2' located by 'By.xpath: //*[contains(@id, 'rc-tabs-')]/div[2]/div/div/div/div/div/div[2]/table/tbody/tr[3]/td[1]/p' is present after '1' second(s)
	at com.kms.katalon.core.webui.keyword.internal.WebUIKeywordMain.stepFailed(WebUIKeywordMain.groovy:64)
	at com.kms.katalon.core.webui.keyword.internal.WebUIKeywordMain$stepFailed$0.call(Unknown Source)
	at com.kms.katalon.core.webui.keyword.builtin.VerifyElementNotPresentKeyword$_verifyElementNotPresent_closure1.doCall(VerifyElementNotPresentKeyword.groovy:106)
	at com.kms.katalon.core.webui.keyword.builtin.VerifyElementNotPresentKeyword$_verifyElementNotPresent_closure1.doCall(VerifyElementNotPresentKeyword.groovy)
	at com.kms.katalon.core.webui.keyword.internal.WebUIKeywordMain.runKeyword(WebUIKeywordMain.groovy:20)
	at com.kms.katalon.core.webui.keyword.internal.WebUIKeywordMain$runKeyword.call(Unknown Source)
	at com.kms.katalon.core.webui.keyword.builtin.VerifyElementNotPresentKeyword.verifyElementNotPresent(VerifyElementNotPresentKeyword.groovy:117)
	at com.kms.katalon.core.webui.keyword.builtin.VerifyElementNotPresentKeyword.execute(VerifyElementNotPresentKeyword.groovy:68)
	at com.kms.katalon.core.keyword.internal.KeywordExecutor.executeKeywordForPlatform(KeywordExecutor.groovy:74)
	at com.kms.katalon.core.webui.keyword.WebUiBuiltInKeywords.verifyElementNotPresent(WebUiBuiltInKeywords.groovy:1481)
	at com.kms.katalon.core.webui.keyword.WebUiBuiltInKeywords$verifyElementNotPresent$8.call(Unknown Source)
	at GetBrokSumPriceDaily.run(GetBrokSumPriceDaily:258)
	at com.kms.katalon.core.main.ScriptEngine.run(ScriptEngine.java:194)
	at com.kms.katalon.core.main.ScriptEngine.runScriptAsRawText(ScriptEngine.java:119)
	at com.kms.katalon.core.main.TestCaseExecutor.runScript(TestCaseExecutor.java:445)
	at com.kms.katalon.core.main.TestCaseExecutor.doExecute(TestCaseExecutor.java:436)
	at com.kms.katalon.core.main.TestCaseExecutor.processExecutionPhase(TestCaseExecutor.java:415)
	at com.kms.katalon.core.main.TestCaseExecutor.accessMainPhase(TestCaseExecutor.java:407)
	at com.kms.katalon.core.main.TestCaseExecutor.execute(TestCaseExecutor.java:284)
	at com.kms.katalon.core.common.CommonExecutor.accessTestCaseMainPhase(CommonExecutor.java:65)
	at com.kms.katalon.core.main.TestSuiteExecutor.accessTestSuiteMainPhase(TestSuiteExecutor.java:144)
	at com.kms.katalon.core.main.TestSuiteExecutor.execute(TestSuiteExecutor.java:106)
	at com.kms.katalon.core.main.TestCaseMain.startTestSuite(TestCaseMain.java:185)
	at com.kms.katalon.core.main.TestCaseMain$startTestSuite$0.call(Unknown Source)
	at TempTestSuite1705922193915.run(TempTestSuite1705922193915.groovy:36)
)

2024-01-22 18:26:40 - [MESSAGE][WARNING] - Web element with id: 'Object Repository/Stockbit/Bandarmology_Buyer2' located by 'By.xpath: //*[contains(@id, 'rc-tabs-')]/div[2]/div/div/div/div/div/div[2]/table/tbody/tr[3]/td[1]/p' is present after '1' second(s) (Root cause: com.kms.katalon.core.exception.StepFailedException: Web element with id: 'Object Repository/Stockbit/Bandarmology_Buyer2' located by 'By.xpath: //*[contains(@id, 'rc-tabs-')]/div[2]/div/div/div/div/div/div[2]/table/tbody/tr[3]/td[1]/p' is present after '1' second(s)
	at com.kms.katalon.core.webui.keyword.internal.WebUIKeywordMain.stepFailed(WebUIKeywordMain.groovy:64)
	at com.kms.katalon.core.webui.keyword.internal.WebUIKeywordMain$stepFailed$0.call(Unknown Source)
	at com.kms.katalon.core.webui.keyword.builtin.VerifyElementNotPresentKeyword$_verifyElementNotPresent_closure1.doCall(VerifyElementNotPresentKeyword.groovy:106)
	at com.kms.katalon.core.webui.keyword.builtin.VerifyElementNotPresentKeyword$_verifyElementNotPresent_closure1.doCall(VerifyElementNotPresentKeyword.groovy)
	at com.kms.katalon.core.webui.keyword.internal.WebUIKeywordMain.runKeyword(WebUIKeywordMain.groovy:20)
	at com.kms.katalon.core.webui.keyword.internal.WebUIKeywordMain$runKeyword.call(Unknown Source)
	at com.kms.katalon.core.webui.keyword.builtin.VerifyElementNotPresentKeyword.verifyElementNotPresent(VerifyElementNotPresentKeyword.groovy:117)
	at com.kms.katalon.core.webui.keyword.builtin.VerifyElementNotPresentKeyword.execute(VerifyElementNotPresentKeyword.groovy:68)
	at com.kms.katalon.core.keyword.internal.KeywordExecutor.executeKeywordForPlatform(KeywordExecutor.groovy:74)
	at com.kms.katalon.core.webui.keyword.WebUiBuiltInKeywords.verifyElementNotPresent(WebUiBuiltInKeywords.groovy:1481)
	at com.kms.katalon.core.webui.keyword.WebUiBuiltInKeywords$verifyElementNotPresent$8.call(Unknown Source)
	at GetBrokSumPriceDaily.run(GetBrokSumPriceDaily:258)
	at com.kms.katalon.core.main.ScriptEngine.run(ScriptEngine.java:194)
	at com.kms.katalon.core.main.ScriptEngine.runScriptAsRawText(ScriptEngine.java:119)
	at com.kms.katalon.core.main.TestCaseExecutor.runScript(TestCaseExecutor.java:445)
	at com.kms.katalon.core.main.TestCaseExecutor.doExecute(TestCaseExecutor.java:436)
	at com.kms.katalon.core.main.TestCaseExecutor.processExecutionPhase(TestCaseExecutor.java:415)
	at com.kms.katalon.core.main.TestCaseExecutor.accessMainPhase(TestCaseExecutor.java:407)
	at com.kms.katalon.core.main.TestCaseExecutor.execute(TestCaseExecutor.java:284)
	at com.kms.katalon.core.common.CommonExecutor.accessTestCaseMainPhase(CommonExecutor.java:65)
	at com.kms.katalon.core.main.TestSuiteExecutor.accessTestSuiteMainPhase(TestSuiteExecutor.java:144)
	at com.kms.katalon.core.main.TestSuiteExecutor.execute(TestSuiteExecutor.java:106)
	at com.kms.katalon.core.main.TestCaseMain.startTestSuite(TestCaseMain.java:185)
	at com.kms.katalon.core.main.TestCaseMain$startTestSuite$0.call(Unknown Source)
	at TempTestSuite1705922193915.run(TempTestSuite1705922193915.groovy:36)
)
[[ATTACHMENT|C:\\Users\\Fadli\\git\\KatalonDailyGetData2\\Reports\\20240122_174123\\TS1\\20240122_181633\\1705922799973.png]]

2024-01-22 18:26:40 - [TEST_STEP][PASSED] - else: null

2024-01-22 18:26:40 - [TEST_STEP][PASSED] - strBuyer2 = getText(findTestObject("Stockbit/Bandarmology_Buyer2")): Text of object 'Object Repository/Stockbit/Bandarmology_Buyer2' is: 'YP'

2024-01-22 18:26:40 - [MESSAGE][PASSED] - Text of object 'Object Repository/Stockbit/Bandarmology_Buyer2' is: 'YP'

2024-01-22 18:26:40 - [TEST_STEP][PASSED] - strBuyerVol2 = getText(findTestObject("Stockbit/Bandarmology_BuyerVol2")): Text of object 'Object Repository/Stockbit/Bandarmology_BuyerVol2' is: '737'

2024-01-22 18:26:40 - [MESSAGE][PASSED] - Text of object 'Object Repository/Stockbit/Bandarmology_BuyerVol2' is: '737'

2024-01-22 18:26:40 - [TEST_STEP][PASSED] - strBuyerAvg2 = getText(findTestObject("Stockbit/Bandarmology_BuyerAvg2")): Text of object 'Object Repository/Stockbit/Bandarmology_BuyerAvg2' is: '447'

2024-01-22 18:26:40 - [MESSAGE][PASSED] - Text of object 'Object Repository/Stockbit/Bandarmology_BuyerAvg2' is: '447'

2024-01-22 18:26:40 - [TEST_STEP][PASSED] - if (strBuyer2 != ""): null

2024-01-22 18:26:40 - [TEST_STEP][PASSED] - if (strBuyerAvg2.contains(",")): null

2024-01-22 18:26:40 - [TEST_STEP][PASSED] - if (strBuyerVol2.contains(" B")): null

2024-01-22 18:26:40 - [TEST_STEP][PASSED] - if (strBuyerVol2.contains(".")): null

2024-01-22 18:26:40 - [TEST_STEP][PASSED] - if (verifyElementNotPresent(findTestObject("Stockbit/Bandarmology_Seller2"), 1, OPTIONAL)): Web element with id: 'Object Repository/Stockbit/Bandarmology_Seller2' located by 'By.xpath: //*[contains(@id, 'rc-tabs-')]/div[2]/div/div/div/div/div/div[2]/table/tbody/tr[3]/td[5]/p' is present after '1' second(s) (Root cause: com.kms.katalon.core.exception.StepFailedException: Web element with id: 'Object Repository/Stockbit/Bandarmology_Seller2' located by 'By.xpath: //*[contains(@id, 'rc-tabs-')]/div[2]/div/div/div/div/div/div[2]/table/tbody/tr[3]/td[5]/p' is present after '1' second(s)
	at com.kms.katalon.core.webui.keyword.internal.WebUIKeywordMain.stepFailed(WebUIKeywordMain.groovy:64)
	at com.kms.katalon.core.webui.keyword.internal.WebUIKeywordMain$stepFailed$0.call(Unknown Source)
	at com.kms.katalon.core.webui.keyword.builtin.VerifyElementNotPresentKeyword$_verifyElementNotPresent_closure1.doCall(VerifyElementNotPresentKeyword.groovy:106)
	at com.kms.katalon.core.webui.keyword.builtin.VerifyElementNotPresentKeyword$_verifyElementNotPresent_closure1.doCall(VerifyElementNotPresentKeyword.groovy)
	at com.kms.katalon.core.webui.keyword.internal.WebUIKeywordMain.runKeyword(WebUIKeywordMain.groovy:20)
	at com.kms.katalon.core.webui.keyword.internal.WebUIKeywordMain$runKeyword.call(Unknown Source)
	at com.kms.katalon.core.webui.keyword.builtin.VerifyElementNotPresentKeyword.verifyElementNotPresent(VerifyElementNotPresentKeyword.groovy:117)
	at com.kms.katalon.core.webui.keyword.builtin.VerifyElementNotPresentKeyword.execute(VerifyElementNotPresentKeyword.groovy:68)
	at com.kms.katalon.core.keyword.internal.KeywordExecutor.executeKeywordForPlatform(KeywordExecutor.groovy:74)
	at com.kms.katalon.core.webui.keyword.WebUiBuiltInKeywords.verifyElementNotPresent(WebUiBuiltInKeywords.groovy:1481)
	at com.kms.katalon.core.webui.keyword.WebUiBuiltInKeywords$verifyElementNotPresent$8.call(Unknown Source)
	at GetBrokSumPriceDaily.run(GetBrokSumPriceDaily:309)
	at com.kms.katalon.core.main.ScriptEngine.run(ScriptEngine.java:194)
	at com.kms.katalon.core.main.ScriptEngine.runScriptAsRawText(ScriptEngine.java:119)
	at com.kms.katalon.core.main.TestCaseExecutor.runScript(TestCaseExecutor.java:445)
	at com.kms.katalon.core.main.TestCaseExecutor.doExecute(TestCaseExecutor.java:436)
	at com.kms.katalon.core.main.TestCaseExecutor.processExecutionPhase(TestCaseExecutor.java:415)
	at com.kms.katalon.core.main.TestCaseExecutor.accessMainPhase(TestCaseExecutor.java:407)
	at com.kms.katalon.core.main.TestCaseExecutor.execute(TestCaseExecutor.java:284)
	at com.kms.katalon.core.common.CommonExecutor.accessTestCaseMainPhase(CommonExecutor.java:65)
	at com.kms.katalon.core.main.TestSuiteExecutor.accessTestSuiteMainPhase(TestSuiteExecutor.java:144)
	at com.kms.katalon.core.main.TestSuiteExecutor.execute(TestSuiteExecutor.java:106)
	at com.kms.katalon.core.main.TestCaseMain.startTestSuite(TestCaseMain.java:185)
	at com.kms.katalon.core.main.TestCaseMain$startTestSuite$0.call(Unknown Source)
	at TempTestSuite1705922193915.run(TempTestSuite1705922193915.groovy:36)
)

2024-01-22 18:26:42 - [MESSAGE][WARNING] - Web element with id: 'Object Repository/Stockbit/Bandarmology_Seller2' located by 'By.xpath: //*[contains(@id, 'rc-tabs-')]/div[2]/div/div/div/div/div/div[2]/table/tbody/tr[3]/td[5]/p' is present after '1' second(s) (Root cause: com.kms.katalon.core.exception.StepFailedException: Web element with id: 'Object Repository/Stockbit/Bandarmology_Seller2' located by 'By.xpath: //*[contains(@id, 'rc-tabs-')]/div[2]/div/div/div/div/div/div[2]/table/tbody/tr[3]/td[5]/p' is present after '1' second(s)
	at com.kms.katalon.core.webui.keyword.internal.WebUIKeywordMain.stepFailed(WebUIKeywordMain.groovy:64)
	at com.kms.katalon.core.webui.keyword.internal.WebUIKeywordMain$stepFailed$0.call(Unknown Source)
	at com.kms.katalon.core.webui.keyword.builtin.VerifyElementNotPresentKeyword$_verifyElementNotPresent_closure1.doCall(VerifyElementNotPresentKeyword.groovy:106)
	at com.kms.katalon.core.webui.keyword.builtin.VerifyElementNotPresentKeyword$_verifyElementNotPresent_closure1.doCall(VerifyElementNotPresentKeyword.groovy)
	at com.kms.katalon.core.webui.keyword.internal.WebUIKeywordMain.runKeyword(WebUIKeywordMain.groovy:20)
	at com.kms.katalon.core.webui.keyword.internal.WebUIKeywordMain$runKeyword.call(Unknown Source)
	at com.kms.katalon.core.webui.keyword.builtin.VerifyElementNotPresentKeyword.verifyElementNotPresent(VerifyElementNotPresentKeyword.groovy:117)
	at com.kms.katalon.core.webui.keyword.builtin.VerifyElementNotPresentKeyword.execute(VerifyElementNotPresentKeyword.groovy:68)
	at com.kms.katalon.core.keyword.internal.KeywordExecutor.executeKeywordForPlatform(KeywordExecutor.groovy:74)
	at com.kms.katalon.core.webui.keyword.WebUiBuiltInKeywords.verifyElementNotPresent(WebUiBuiltInKeywords.groovy:1481)
	at com.kms.katalon.core.webui.keyword.WebUiBuiltInKeywords$verifyElementNotPresent$8.call(Unknown Source)
	at GetBrokSumPriceDaily.run(GetBrokSumPriceDaily:309)
	at com.kms.katalon.core.main.ScriptEngine.run(ScriptEngine.java:194)
	at com.kms.katalon.core.main.ScriptEngine.runScriptAsRawText(ScriptEngine.java:119)
	at com.kms.katalon.core.main.TestCaseExecutor.runScript(TestCaseExecutor.java:445)
	at com.kms.katalon.core.main.TestCaseExecutor.doExecute(TestCaseExecutor.java:436)
	at com.kms.katalon.core.main.TestCaseExecutor.processExecutionPhase(TestCaseExecutor.java:415)
	at com.kms.katalon.core.main.TestCaseExecutor.accessMainPhase(TestCaseExecutor.java:407)
	at com.kms.katalon.core.main.TestCaseExecutor.execute(TestCaseExecutor.java:284)
	at com.kms.katalon.core.common.CommonExecutor.accessTestCaseMainPhase(CommonExecutor.java:65)
	at com.kms.katalon.core.main.TestSuiteExecutor.accessTestSuiteMainPhase(TestSuiteExecutor.java:144)
	at com.kms.katalon.core.main.TestSuiteExecutor.execute(TestSuiteExecutor.java:106)
	at com.kms.katalon.core.main.TestCaseMain.startTestSuite(TestCaseMain.java:185)
	at com.kms.katalon.core.main.TestCaseMain$startTestSuite$0.call(Unknown Source)
	at TempTestSuite1705922193915.run(TempTestSuite1705922193915.groovy:36)
)
[[ATTACHMENT|C:\\Users\\Fadli\\git\\KatalonDailyGetData2\\Reports\\20240122_174123\\TS1\\20240122_181633\\1705922801870.png]]

2024-01-22 18:26:42 - [TEST_STEP][PASSED] - else: null

2024-01-22 18:26:42 - [TEST_STEP][PASSED] - strSeller2 = getText(findTestObject("Stockbit/Bandarmology_Seller2")): Text of object 'Object Repository/Stockbit/Bandarmology_Seller2' is: 'CC'

2024-01-22 18:26:42 - [MESSAGE][PASSED] - Text of object 'Object Repository/Stockbit/Bandarmology_Seller2' is: 'CC'

2024-01-22 18:26:42 - [TEST_STEP][PASSED] - strSellerVol2 = getText(findTestObject("Stockbit/Bandarmology_SellerVol2")): Text of object 'Object Repository/Stockbit/Bandarmology_SellerVol2' is: '941'

2024-01-22 18:26:42 - [MESSAGE][PASSED] - Text of object 'Object Repository/Stockbit/Bandarmology_SellerVol2' is: '941'

2024-01-22 18:26:42 - [TEST_STEP][PASSED] - strSellerAvg2 = getText(findTestObject("Stockbit/Bandarmology_SellerAvg2")): Text of object 'Object Repository/Stockbit/Bandarmology_SellerAvg2' is: '452'

2024-01-22 18:26:42 - [MESSAGE][PASSED] - Text of object 'Object Repository/Stockbit/Bandarmology_SellerAvg2' is: '452'

2024-01-22 18:26:42 - [TEST_STEP][PASSED] - if (strSeller2 != ""): null

2024-01-22 18:26:42 - [TEST_STEP][PASSED] - if (strSellerAvg2.contains(",")): null

2024-01-22 18:26:42 - [TEST_STEP][PASSED] - if (strSellerVol2.contains(" B")): null

2024-01-22 18:26:42 - [TEST_STEP][PASSED] - if (verifyElementNotPresent(findTestObject("Stockbit/Bandarmology_Buyer3"), 1, OPTIONAL)): Web element with id: 'Object Repository/Stockbit/Bandarmology_Buyer3' located by 'By.xpath: //*[contains(@id, 'rc-tabs-')]/div[2]/div/div/div/div/div/div[2]/table/tbody/tr[4]/td[1]/p' is present after '1' second(s) (Root cause: com.kms.katalon.core.exception.StepFailedException: Web element with id: 'Object Repository/Stockbit/Bandarmology_Buyer3' located by 'By.xpath: //*[contains(@id, 'rc-tabs-')]/div[2]/div/div/div/div/div/div[2]/table/tbody/tr[4]/td[1]/p' is present after '1' second(s)
	at com.kms.katalon.core.webui.keyword.internal.WebUIKeywordMain.stepFailed(WebUIKeywordMain.groovy:64)
	at com.kms.katalon.core.webui.keyword.internal.WebUIKeywordMain$stepFailed$0.call(Unknown Source)
	at com.kms.katalon.core.webui.keyword.builtin.VerifyElementNotPresentKeyword$_verifyElementNotPresent_closure1.doCall(VerifyElementNotPresentKeyword.groovy:106)
	at com.kms.katalon.core.webui.keyword.builtin.VerifyElementNotPresentKeyword$_verifyElementNotPresent_closure1.doCall(VerifyElementNotPresentKeyword.groovy)
	at com.kms.katalon.core.webui.keyword.internal.WebUIKeywordMain.runKeyword(WebUIKeywordMain.groovy:20)
	at com.kms.katalon.core.webui.keyword.internal.WebUIKeywordMain$runKeyword.call(Unknown Source)
	at com.kms.katalon.core.webui.keyword.builtin.VerifyElementNotPresentKeyword.verifyElementNotPresent(VerifyElementNotPresentKeyword.groovy:117)
	at com.kms.katalon.core.webui.keyword.builtin.VerifyElementNotPresentKeyword.execute(VerifyElementNotPresentKeyword.groovy:68)
	at com.kms.katalon.core.keyword.internal.KeywordExecutor.executeKeywordForPlatform(KeywordExecutor.groovy:74)
	at com.kms.katalon.core.webui.keyword.WebUiBuiltInKeywords.verifyElementNotPresent(WebUiBuiltInKeywords.groovy:1481)
	at com.kms.katalon.core.webui.keyword.WebUiBuiltInKeywords$verifyElementNotPresent$8.call(Unknown Source)
	at GetBrokSumPriceDaily.run(GetBrokSumPriceDaily:361)
	at com.kms.katalon.core.main.ScriptEngine.run(ScriptEngine.java:194)
	at com.kms.katalon.core.main.ScriptEngine.runScriptAsRawText(ScriptEngine.java:119)
	at com.kms.katalon.core.main.TestCaseExecutor.runScript(TestCaseExecutor.java:445)
	at com.kms.katalon.core.main.TestCaseExecutor.doExecute(TestCaseExecutor.java:436)
	at com.kms.katalon.core.main.TestCaseExecutor.processExecutionPhase(TestCaseExecutor.java:415)
	at com.kms.katalon.core.main.TestCaseExecutor.accessMainPhase(TestCaseExecutor.java:407)
	at com.kms.katalon.core.main.TestCaseExecutor.execute(TestCaseExecutor.java:284)
	at com.kms.katalon.core.common.CommonExecutor.accessTestCaseMainPhase(CommonExecutor.java:65)
	at com.kms.katalon.core.main.TestSuiteExecutor.accessTestSuiteMainPhase(TestSuiteExecutor.java:144)
	at com.kms.katalon.core.main.TestSuiteExecutor.execute(TestSuiteExecutor.java:106)
	at com.kms.katalon.core.main.TestCaseMain.startTestSuite(TestCaseMain.java:185)
	at com.kms.katalon.core.main.TestCaseMain$startTestSuite$0.call(Unknown Source)
	at TempTestSuite1705922193915.run(TempTestSuite1705922193915.groovy:36)
)

2024-01-22 18:26:43 - [MESSAGE][WARNING] - Web element with id: 'Object Repository/Stockbit/Bandarmology_Buyer3' located by 'By.xpath: //*[contains(@id, 'rc-tabs-')]/div[2]/div/div/div/div/div/div[2]/table/tbody/tr[4]/td[1]/p' is present after '1' second(s) (Root cause: com.kms.katalon.core.exception.StepFailedException: Web element with id: 'Object Repository/Stockbit/Bandarmology_Buyer3' located by 'By.xpath: //*[contains(@id, 'rc-tabs-')]/div[2]/div/div/div/div/div/div[2]/table/tbody/tr[4]/td[1]/p' is present after '1' second(s)
	at com.kms.katalon.core.webui.keyword.internal.WebUIKeywordMain.stepFailed(WebUIKeywordMain.groovy:64)
	at com.kms.katalon.core.webui.keyword.internal.WebUIKeywordMain$stepFailed$0.call(Unknown Source)
	at com.kms.katalon.core.webui.keyword.builtin.VerifyElementNotPresentKeyword$_verifyElementNotPresent_closure1.doCall(VerifyElementNotPresentKeyword.groovy:106)
	at com.kms.katalon.core.webui.keyword.builtin.VerifyElementNotPresentKeyword$_verifyElementNotPresent_closure1.doCall(VerifyElementNotPresentKeyword.groovy)
	at com.kms.katalon.core.webui.keyword.internal.WebUIKeywordMain.runKeyword(WebUIKeywordMain.groovy:20)
	at com.kms.katalon.core.webui.keyword.internal.WebUIKeywordMain$runKeyword.call(Unknown Source)
	at com.kms.katalon.core.webui.keyword.builtin.VerifyElementNotPresentKeyword.verifyElementNotPresent(VerifyElementNotPresentKeyword.groovy:117)
	at com.kms.katalon.core.webui.keyword.builtin.VerifyElementNotPresentKeyword.execute(VerifyElementNotPresentKeyword.groovy:68)
	at com.kms.katalon.core.keyword.internal.KeywordExecutor.executeKeywordForPlatform(KeywordExecutor.groovy:74)
	at com.kms.katalon.core.webui.keyword.WebUiBuiltInKeywords.verifyElementNotPresent(WebUiBuiltInKeywords.groovy:1481)
	at com.kms.katalon.core.webui.keyword.WebUiBuiltInKeywords$verifyElementNotPresent$8.call(Unknown Source)
	at GetBrokSumPriceDaily.run(GetBrokSumPriceDaily:361)
	at com.kms.katalon.core.main.ScriptEngine.run(ScriptEngine.java:194)
	at com.kms.katalon.core.main.ScriptEngine.runScriptAsRawText(ScriptEngine.java:119)
	at com.kms.katalon.core.main.TestCaseExecutor.runScript(TestCaseExecutor.java:445)
	at com.kms.katalon.core.main.TestCaseExecutor.doExecute(TestCaseExecutor.java:436)
	at com.kms.katalon.core.main.TestCaseExecutor.processExecutionPhase(TestCaseExecutor.java:415)
	at com.kms.katalon.core.main.TestCaseExecutor.accessMainPhase(TestCaseExecutor.java:407)
	at com.kms.katalon.core.main.TestCaseExecutor.execute(TestCaseExecutor.java:284)
	at com.kms.katalon.core.common.CommonExecutor.accessTestCaseMainPhase(CommonExecutor.java:65)
	at com.kms.katalon.core.main.TestSuiteExecutor.accessTestSuiteMainPhase(TestSuiteExecutor.java:144)
	at com.kms.katalon.core.main.TestSuiteExecutor.execute(TestSuiteExecutor.java:106)
	at com.kms.katalon.core.main.TestCaseMain.startTestSuite(TestCaseMain.java:185)
	at com.kms.katalon.core.main.TestCaseMain$startTestSuite$0.call(Unknown Source)
	at TempTestSuite1705922193915.run(TempTestSuite1705922193915.groovy:36)
)
[[ATTACHMENT|C:\\Users\\Fadli\\git\\KatalonDailyGetData2\\Reports\\20240122_174123\\TS1\\20240122_181633\\1705922803757.png]]

2024-01-22 18:26:43 - [TEST_STEP][PASSED] - else: null

2024-01-22 18:26:43 - [TEST_STEP][PASSED] - strBuyer3 = getText(findTestObject("Stockbit/Bandarmology_Buyer3")): Text of object 'Object Repository/Stockbit/Bandarmology_Buyer3' is: 'BK'

2024-01-22 18:26:44 - [MESSAGE][PASSED] - Text of object 'Object Repository/Stockbit/Bandarmology_Buyer3' is: 'BK'

2024-01-22 18:26:44 - [TEST_STEP][PASSED] - strBuyerVol3 = getText(findTestObject("Stockbit/Bandarmology_BuyerVol3")): Text of object 'Object Repository/Stockbit/Bandarmology_BuyerVol3' is: '373'

2024-01-22 18:26:44 - [MESSAGE][PASSED] - Text of object 'Object Repository/Stockbit/Bandarmology_BuyerVol3' is: '373'

2024-01-22 18:26:44 - [TEST_STEP][PASSED] - strBuyerAvg3 = getText(findTestObject("Stockbit/Bandarmology_BuyerAvg3")): Text of object 'Object Repository/Stockbit/Bandarmology_BuyerAvg3' is: '446'

2024-01-22 18:26:44 - [MESSAGE][PASSED] - Text of object 'Object Repository/Stockbit/Bandarmology_BuyerAvg3' is: '446'

2024-01-22 18:26:44 - [TEST_STEP][PASSED] - if (strBuyer3 != ""): null

2024-01-22 18:26:44 - [TEST_STEP][PASSED] - if (strBuyerAvg3.contains(",")): null

2024-01-22 18:26:44 - [TEST_STEP][PASSED] - if (strBuyerVol3.contains(" B")): null

2024-01-22 18:26:44 - [TEST_STEP][PASSED] - if (verifyElementNotPresent(findTestObject("Stockbit/Bandarmology_Seller3"), 1, OPTIONAL)): Web element with id: 'Object Repository/Stockbit/Bandarmology_Seller3' located by 'By.xpath: //*[contains(@id, 'rc-tabs-')]/div[2]/div/div/div/div/div/div[2]/table/tbody/tr[4]/td[5]/p' is present after '1' second(s) (Root cause: com.kms.katalon.core.exception.StepFailedException: Web element with id: 'Object Repository/Stockbit/Bandarmology_Seller3' located by 'By.xpath: //*[contains(@id, 'rc-tabs-')]/div[2]/div/div/div/div/div/div[2]/table/tbody/tr[4]/td[5]/p' is present after '1' second(s)
	at com.kms.katalon.core.webui.keyword.internal.WebUIKeywordMain.stepFailed(WebUIKeywordMain.groovy:64)
	at com.kms.katalon.core.webui.keyword.internal.WebUIKeywordMain$stepFailed$0.call(Unknown Source)
	at com.kms.katalon.core.webui.keyword.builtin.VerifyElementNotPresentKeyword$_verifyElementNotPresent_closure1.doCall(VerifyElementNotPresentKeyword.groovy:106)
	at com.kms.katalon.core.webui.keyword.builtin.VerifyElementNotPresentKeyword$_verifyElementNotPresent_closure1.doCall(VerifyElementNotPresentKeyword.groovy)
	at com.kms.katalon.core.webui.keyword.internal.WebUIKeywordMain.runKeyword(WebUIKeywordMain.groovy:20)
	at com.kms.katalon.core.webui.keyword.internal.WebUIKeywordMain$runKeyword.call(Unknown Source)
	at com.kms.katalon.core.webui.keyword.builtin.VerifyElementNotPresentKeyword.verifyElementNotPresent(VerifyElementNotPresentKeyword.groovy:117)
	at com.kms.katalon.core.webui.keyword.builtin.VerifyElementNotPresentKeyword.execute(VerifyElementNotPresentKeyword.groovy:68)
	at com.kms.katalon.core.keyword.internal.KeywordExecutor.executeKeywordForPlatform(KeywordExecutor.groovy:74)
	at com.kms.katalon.core.webui.keyword.WebUiBuiltInKeywords.verifyElementNotPresent(WebUiBuiltInKeywords.groovy:1481)
	at com.kms.katalon.core.webui.keyword.WebUiBuiltInKeywords$verifyElementNotPresent$8.call(Unknown Source)
	at GetBrokSumPriceDaily.run(GetBrokSumPriceDaily:414)
	at com.kms.katalon.core.main.ScriptEngine.run(ScriptEngine.java:194)
	at com.kms.katalon.core.main.ScriptEngine.runScriptAsRawText(ScriptEngine.java:119)
	at com.kms.katalon.core.main.TestCaseExecutor.runScript(TestCaseExecutor.java:445)
	at com.kms.katalon.core.main.TestCaseExecutor.doExecute(TestCaseExecutor.java:436)
	at com.kms.katalon.core.main.TestCaseExecutor.processExecutionPhase(TestCaseExecutor.java:415)
	at com.kms.katalon.core.main.TestCaseExecutor.accessMainPhase(TestCaseExecutor.java:407)
	at com.kms.katalon.core.main.TestCaseExecutor.execute(TestCaseExecutor.java:284)
	at com.kms.katalon.core.common.CommonExecutor.accessTestCaseMainPhase(CommonExecutor.java:65)
	at com.kms.katalon.core.main.TestSuiteExecutor.accessTestSuiteMainPhase(TestSuiteExecutor.java:144)
	at com.kms.katalon.core.main.TestSuiteExecutor.execute(TestSuiteExecutor.java:106)
	at com.kms.katalon.core.main.TestCaseMain.startTestSuite(TestCaseMain.java:185)
	at com.kms.katalon.core.main.TestCaseMain$startTestSuite$0.call(Unknown Source)
	at TempTestSuite1705922193915.run(TempTestSuite1705922193915.groovy:36)
)

2024-01-22 18:26:45 - [MESSAGE][WARNING] - Web element with id: 'Object Repository/Stockbit/Bandarmology_Seller3' located by 'By.xpath: //*[contains(@id, 'rc-tabs-')]/div[2]/div/div/div/div/div/div[2]/table/tbody/tr[4]/td[5]/p' is present after '1' second(s) (Root cause: com.kms.katalon.core.exception.StepFailedException: Web element with id: 'Object Repository/Stockbit/Bandarmology_Seller3' located by 'By.xpath: //*[contains(@id, 'rc-tabs-')]/div[2]/div/div/div/div/div/div[2]/table/tbody/tr[4]/td[5]/p' is present after '1' second(s)
	at com.kms.katalon.core.webui.keyword.internal.WebUIKeywordMain.stepFailed(WebUIKeywordMain.groovy:64)
	at com.kms.katalon.core.webui.keyword.internal.WebUIKeywordMain$stepFailed$0.call(Unknown Source)
	at com.kms.katalon.core.webui.keyword.builtin.VerifyElementNotPresentKeyword$_verifyElementNotPresent_closure1.doCall(VerifyElementNotPresentKeyword.groovy:106)
	at com.kms.katalon.core.webui.keyword.builtin.VerifyElementNotPresentKeyword$_verifyElementNotPresent_closure1.doCall(VerifyElementNotPresentKeyword.groovy)
	at com.kms.katalon.core.webui.keyword.internal.WebUIKeywordMain.runKeyword(WebUIKeywordMain.groovy:20)
	at com.kms.katalon.core.webui.keyword.internal.WebUIKeywordMain$runKeyword.call(Unknown Source)
	at com.kms.katalon.core.webui.keyword.builtin.VerifyElementNotPresentKeyword.verifyElementNotPresent(VerifyElementNotPresentKeyword.groovy:117)
	at com.kms.katalon.core.webui.keyword.builtin.VerifyElementNotPresentKeyword.execute(VerifyElementNotPresentKeyword.groovy:68)
	at com.kms.katalon.core.keyword.internal.KeywordExecutor.executeKeywordForPlatform(KeywordExecutor.groovy:74)
	at com.kms.katalon.core.webui.keyword.WebUiBuiltInKeywords.verifyElementNotPresent(WebUiBuiltInKeywords.groovy:1481)
	at com.kms.katalon.core.webui.keyword.WebUiBuiltInKeywords$verifyElementNotPresent$8.call(Unknown Source)
	at GetBrokSumPriceDaily.run(GetBrokSumPriceDaily:414)
	at com.kms.katalon.core.main.ScriptEngine.run(ScriptEngine.java:194)
	at com.kms.katalon.core.main.ScriptEngine.runScriptAsRawText(ScriptEngine.java:119)
	at com.kms.katalon.core.main.TestCaseExecutor.runScript(TestCaseExecutor.java:445)
	at com.kms.katalon.core.main.TestCaseExecutor.doExecute(TestCaseExecutor.java:436)
	at com.kms.katalon.core.main.TestCaseExecutor.processExecutionPhase(TestCaseExecutor.java:415)
	at com.kms.katalon.core.main.TestCaseExecutor.accessMainPhase(TestCaseExecutor.java:407)
	at com.kms.katalon.core.main.TestCaseExecutor.execute(TestCaseExecutor.java:284)
	at com.kms.katalon.core.common.CommonExecutor.accessTestCaseMainPhase(CommonExecutor.java:65)
	at com.kms.katalon.core.main.TestSuiteExecutor.accessTestSuiteMainPhase(TestSuiteExecutor.java:144)
	at com.kms.katalon.core.main.TestSuiteExecutor.execute(TestSuiteExecutor.java:106)
	at com.kms.katalon.core.main.TestCaseMain.startTestSuite(TestCaseMain.java:185)
	at com.kms.katalon.core.main.TestCaseMain$startTestSuite$0.call(Unknown Source)
	at TempTestSuite1705922193915.run(TempTestSuite1705922193915.groovy:36)
)
[[ATTACHMENT|C:\\Users\\Fadli\\git\\KatalonDailyGetData2\\Reports\\20240122_174123\\TS1\\20240122_181633\\1705922805595.png]]

2024-01-22 18:26:45 - [TEST_STEP][PASSED] - else: null

2024-01-22 18:26:45 - [TEST_STEP][PASSED] - strSeller3 = getText(findTestObject("Stockbit/Bandarmology_Seller3")): Text of object 'Object Repository/Stockbit/Bandarmology_Seller3' is: 'IN'

2024-01-22 18:26:45 - [MESSAGE][PASSED] - Text of object 'Object Repository/Stockbit/Bandarmology_Seller3' is: 'IN'

2024-01-22 18:26:45 - [TEST_STEP][PASSED] - strSellerVol3 = getText(findTestObject("Stockbit/Bandarmology_SellerVol3")): Text of object 'Object Repository/Stockbit/Bandarmology_SellerVol3' is: '88'

2024-01-22 18:26:46 - [MESSAGE][PASSED] - Text of object 'Object Repository/Stockbit/Bandarmology_SellerVol3' is: '88'

2024-01-22 18:26:46 - [TEST_STEP][PASSED] - strSellerAvg3 = getText(findTestObject("Stockbit/Bandarmology_SellerAvg3")): Text of object 'Object Repository/Stockbit/Bandarmology_SellerAvg3' is: '456'

2024-01-22 18:26:46 - [MESSAGE][PASSED] - Text of object 'Object Repository/Stockbit/Bandarmology_SellerAvg3' is: '456'

2024-01-22 18:26:46 - [TEST_STEP][PASSED] - if (strSeller3 != ""): null

2024-01-22 18:26:46 - [TEST_STEP][PASSED] - if (strSellerAvg3.contains(",")): null

2024-01-22 18:26:46 - [TEST_STEP][PASSED] - if (strSellerVol3.contains(" B")): null

2024-01-22 18:26:46 - [TEST_STEP][PASSED] - strAccDist = getText(findTestObject("Stockbit/Bandarmology_AccDist")): Text of object 'Object Repository/Stockbit/Bandarmology_AccDist' is: 'Dist'

2024-01-22 18:26:46 - [MESSAGE][PASSED] - Text of object 'Object Repository/Stockbit/Bandarmology_AccDist' is: 'Dist'

2024-01-22 18:26:46 - [TEST_STEP][PASSED] - strNetVol = getText(findTestObject("Stockbit/Bandarmology_NetVol")): Text of object 'Object Repository/Stockbit/Bandarmology_NetVol' is: '3,091'

2024-01-22 18:26:46 - [MESSAGE][PASSED] - Text of object 'Object Repository/Stockbit/Bandarmology_NetVol' is: '3,091'

2024-01-22 18:26:46 - [TEST_STEP][PASSED] - strNetVol = strNetVol.replace(",", ""): null

2024-01-22 18:26:46 - [TEST_STEP][PASSED] - strNetVal = getText(findTestObject("Stockbit/Bandarmology_NetVal")): Text of object 'Object Repository/Stockbit/Bandarmology_NetVal' is: '0.1 B'

2024-01-22 18:26:46 - [MESSAGE][PASSED] - Text of object 'Object Repository/Stockbit/Bandarmology_NetVal' is: '0.1 B'

2024-01-22 18:26:46 - [TEST_STEP][PASSED] - delay(3): Delayed 3 second(s)

2024-01-22 18:26:49 - [MESSAGE][PASSED] - Delayed 3 second(s)

2024-01-22 18:26:49 - [TEST_STEP][PASSED] - strOpenPrice = getText(findTestObject("Stockbit/Home_OpenPrice")): Text of object 'Object Repository/Stockbit/Home_OpenPrice' is: '450'

2024-01-22 18:26:49 - [MESSAGE][PASSED] - Text of object 'Object Repository/Stockbit/Home_OpenPrice' is: '450'

2024-01-22 18:26:49 - [TEST_STEP][PASSED] - strOpenPrice = strOpenPrice.replace(",", ""): null

2024-01-22 18:26:49 - [TEST_STEP][PASSED] - strLowPrice = getText(findTestObject("Stockbit/Home_LowPrice")): Text of object 'Object Repository/Stockbit/Home_LowPrice' is: '440'

2024-01-22 18:26:50 - [MESSAGE][PASSED] - Text of object 'Object Repository/Stockbit/Home_LowPrice' is: '440'

2024-01-22 18:26:50 - [TEST_STEP][PASSED] - strLowPrice = strLowPrice.replace(",", ""): null

2024-01-22 18:26:50 - [TEST_STEP][PASSED] - strHighPrice = getText(findTestObject("Stockbit/Home_HighPrice")): Text of object 'Object Repository/Stockbit/Home_HighPrice' is: '456'

2024-01-22 18:26:50 - [MESSAGE][PASSED] - Text of object 'Object Repository/Stockbit/Home_HighPrice' is: '456'

2024-01-22 18:26:50 - [TEST_STEP][PASSED] - strHighPrice = strHighPrice.replace(",", ""): null

2024-01-22 18:26:50 - [TEST_STEP][PASSED] - strClosePrice = getText(findTestObject("Stockbit/Home_ClosePrice")): Text of object 'Object Repository/Stockbit/Home_ClosePrice' is: '448'

2024-01-22 18:26:50 - [MESSAGE][PASSED] - Text of object 'Object Repository/Stockbit/Home_ClosePrice' is: '448'

2024-01-22 18:26:50 - [TEST_STEP][PASSED] - strClosePrice = strClosePrice.replace(",", ""): null

2024-01-22 18:26:50 - [TEST_STEP][PASSED] - strVol = getText(findTestObject("Stockbit/Home_Volume")): Text of object 'Object Repository/Stockbit/Home_Volume' is: '4 K'

2024-01-22 18:26:50 - [MESSAGE][PASSED] - Text of object 'Object Repository/Stockbit/Home_Volume' is: '4 K'

2024-01-22 18:26:50 - [TEST_STEP][PASSED] - if (strVol.contains(" K")): null

2024-01-22 18:26:50 - [TEST_STEP][PASSED] - strVol = strVol.replace(" K", "000"): null

2024-01-22 18:26:50 - [TEST_STEP][PASSED] - if (strVol.contains(",")): null

2024-01-22 18:26:50 - [TEST_STEP][PASSED] - strChange = getText(findTestObject("Stockbit/Home_Change")): Text of object 'Object Repository/Stockbit/Home_Change' is: '0.45%'

2024-01-22 18:26:50 - [MESSAGE][PASSED] - Text of object 'Object Repository/Stockbit/Home_Change' is: '0.45%'

2024-01-22 18:26:50 - [TEST_STEP][PASSED] - strChange = strChange.replace("%", ""): null

2024-01-22 18:26:50 - [TEST_STEP][PASSED] - strFreq = getText(findTestObject("Stockbit/Home_Freq")): Text of object 'Object Repository/Stockbit/Home_Freq' is: '130'

2024-01-22 18:26:50 - [MESSAGE][PASSED] - Text of object 'Object Repository/Stockbit/Home_Freq' is: '130'

2024-01-22 18:26:50 - [TEST_STEP][PASSED] - if (strFreq.contains(",")): null

2024-01-22 18:26:50 - [TEST_STEP][PASSED] - if (strFreq == "NA" || strFreq == ""): null

2024-01-22 18:26:50 - [TEST_STEP][PASSED] - else: null

2024-01-22 18:26:50 - [TEST_STEP][PASSED] - dblFreqAnal = strVol.toDouble() / strFreq.toDouble() * strFreq.toDouble() * strFreq.toDouble() * 100000000: null

2024-01-22 18:26:50 - [TEST_STEP][PASSED] - strFreqAnal = String.format("%.4f", dblFreqAnal): null

2024-01-22 18:26:50 - [TEST_STEP][PASSED] - out.println("Double strFreqAnal: " + strFreqAnal): null

2024-01-22 18:26:50 - [TEST_STEP][PASSED] - strTanggal = d.format(DateTimeFormatter.ofPattern("yyyy-MM-dd")): null

2024-01-22 18:26:50 - [TEST_STEP][PASSED] - strTanggal = "#" + strTanggal + "#": null

2024-01-22 18:26:50 - [TEST_STEP][PASSED] - strSQL = "select count(*) as JumBaris from TblBrokSum where Nama = '" + strNama + "' and Tanggal = " + strTanggal + "": null

2024-01-22 18:26:50 - [TEST_STEP][PASSED] - resultSet = statement.executeQuery(strSQL): null

2024-01-22 18:26:50 - [TEST_STEP][PASSED] - resultSet.next(): null

2024-01-22 18:26:50 - [TEST_STEP][PASSED] - intJumBaris = resultSet.getInt("JumBaris"): null

2024-01-22 18:26:50 - [TEST_STEP][PASSED] - if (intJumBaris > 0): null

2024-01-22 18:26:50 - [TEST_STEP][PASSED] - else: null

2024-01-22 18:26:50 - [TEST_STEP][PASSED] - try: null

2024-01-22 18:26:50 - [TEST_STEP][PASSED] - out.println("Insert data"): null

2024-01-22 18:26:50 - [TEST_STEP][PASSED] - strSQL = "insert into TblBrokSum (nama, tanggal, top1, top2, top3, AllBrokAvg, AccDist, AvgRP, " + "Buyer1, BuyerVal1, BuyerAvg1, Seller1, SellerVal1, SellerAvg1, Buyer2, BuyerVal2, BuyerAvg2, " + "Seller2, SellerVal2, SellerAvg2, Buyer3, BuyerVal3, BuyerAvg3, Seller3, SellerVal3, SellerAvg3, NetVol, NetVal, " + "OpenPrice, LowPrice, HighPrice, ClosePrice, Volume, Change, Frekuensi, FrekAnal) " + "values ('" + strNama + "', " + strTanggal + ", '" + strTop1 + "', '" + strTop3 + "', '" + strTop5 + "', " + "'" + strAllBrokAvg + "', '" + strAccDist + "', " + intAvgRP + ", '" + strBuyer1 + "', '" + strBuyerVol1 + "', " + strBuyerAvg1 + ", " + "'" + strSeller1 + "', '" + strSellerVol1 + "', " + strSellerAvg1 + ", '" + strBuyer2 + "', '" + strBuyerVol2 + "', " + strBuyerAvg2 + ", " + "'" + strSeller2 + "', '" + strSellerVol2 + "', " + strSellerAvg2 + ", '" + strBuyer3 + "', '" + strBuyerVol3 + "', " + strBuyerAvg3 + ", " + "'" + strSeller3 + "', '" + strSellerVol3 + "', " + strSellerAvg3 + ", " + strNetVol + ", '" + strNetVal + "', " + "" + strOpenPrice + ", " + strLowPrice + ", " + strHighPrice + ", " + strClosePrice + ", '" + strVol + "', " + strChange + ", " + strFreq + ", " + strFreqAnal + ");": null

2024-01-22 18:26:50 - [TEST_STEP][PASSED] - out.println("strSQL = " + strSQL): null

2024-01-22 18:26:50 - [TEST_STEP][PASSED] - statement.executeUpdate(strSQL): null

2024-01-22 18:26:50 - [TEST_STEP][PASSED] - setValueToCellByIndex(sheet01, rowIndex, 4, "DONE"): null

2024-01-22 18:26:50 - [TEST_STEP][PASSED] - saveWorkbook(excelFilePath, workbook01): null

2024-01-22 18:26:50 - [TEST_STEP][PASSED] - waitForElementClickable(findTestObject("Stockbit/menu_Bandarmology"), 10): Object 'Object Repository/Stockbit/menu_Bandarmology' is clickable

2024-01-22 18:26:51 - [MESSAGE][PASSED] - Object 'Object Repository/Stockbit/menu_Bandarmology' is clickable

2024-01-22 18:26:51 - [TEST_STEP][PASSED] - click(findTestObject("Stockbit/menu_Bandarmology")): Object: 'Object Repository/Stockbit/menu_Bandarmology' is clicked on

2024-01-22 18:26:51 - [MESSAGE][PASSED] - Object: 'Object Repository/Stockbit/menu_Bandarmology' is clicked on

2024-01-22 18:26:51 - [TEST_STEP][PASSED] - strTemp = "NA": null

2024-01-22 18:26:51 - [TEST_STEP][PASSED] - if (getCellValueByIndex(sheet01, rowIndex, 4) != "DONE"): Object: 'Object Repository/Stockbit/menu_Bandarmology' is clicked on

2024-01-22 18:26:51 - [TEST_STEP][PASSED] - strNama = getCellValueByIndex(sheet01, rowIndex, 0): null

2024-01-22 18:26:51 - [TEST_STEP][PASSED] - navigateToUrl("https://stockbit.com/#/symbol/" + strNama): Navigate to 'https://stockbit.com/#/symbol/BBRM' successfully

2024-01-22 18:26:55 - [MESSAGE][PASSED] - Navigate to 'https://stockbit.com/#/symbol/BBRM' successfully

2024-01-22 18:26:55 - [TEST_STEP][PASSED] - waitForElementClickable(findTestObject("Stockbit/menu_Bandarmology"), 10): Object 'Object Repository/Stockbit/menu_Bandarmology' is clickable

2024-01-22 18:26:55 - [MESSAGE][PASSED] - Object 'Object Repository/Stockbit/menu_Bandarmology' is clickable

2024-01-22 18:26:55 - [TEST_STEP][PASSED] - click(findTestObject("Stockbit/menu_Bandarmology")): Object: 'Object Repository/Stockbit/menu_Bandarmology' is clicked on

2024-01-22 18:26:57 - [MESSAGE][PASSED] - Object: 'Object Repository/Stockbit/menu_Bandarmology' is clicked on

2024-01-22 18:26:57 - [TEST_STEP][PASSED] - strTanggal = d.format(DateTimeFormatter.ofPattern("MMM dd, yyyy")): null

2024-01-22 18:26:57 - [TEST_STEP][PASSED] - strTanggal = d.format(ISO_DATE): null

2024-01-22 18:26:57 - [TEST_STEP][PASSED] - out.println("strTanggal = " + strTanggal): null

2024-01-22 18:26:57 - [TEST_STEP][PASSED] - out.println("strNama = " + strNama): null

2024-01-22 18:26:57 - [TEST_STEP][PASSED] - out.println("Baris ke = " + rowIndex): null

2024-01-22 18:26:57 - [TEST_STEP][PASSED] - click(findTestObject("Stockbit/input__BandarmologyOpenStartDate")): Object: 'Object Repository/Stockbit/input__BandarmologyOpenStartDate' is clicked on

2024-01-22 18:26:58 - [MESSAGE][PASSED] - Object: 'Object Repository/Stockbit/input__BandarmologyOpenStartDate' is clicked on

2024-01-22 18:26:58 - [TEST_STEP][PASSED] - sendKeys(findTestObject("Stockbit/input__BandarmologyOpenStartDate"), Keys.chord(CONTROL, "a")): Keys 'CONTROL + a' sent to object: 'Object Repository/Stockbit/input__BandarmologyOpenStartDate'

2024-01-22 18:26:58 - [MESSAGE][PASSED] - Keys 'CONTROL + a' sent to object: 'Object Repository/Stockbit/input__BandarmologyOpenStartDate'

2024-01-22 18:26:58 - [TEST_STEP][PASSED] - sendKeys(findTestObject("Stockbit/input__BandarmologyOpenStartDate"), Keys.chord(BACK_SPACE)): Keys 'BACK_SPACE + ' sent to object: 'Object Repository/Stockbit/input__BandarmologyOpenStartDate'

2024-01-22 18:26:59 - [MESSAGE][PASSED] - Keys 'BACK_SPACE + ' sent to object: 'Object Repository/Stockbit/input__BandarmologyOpenStartDate'

2024-01-22 18:26:59 - [TEST_STEP][PASSED] - setText(findTestObject("Stockbit/input__BandarmologyOpenStartDate"), strTanggal): Text '2024-01-22' is set on object 'Object Repository/Stockbit/input__BandarmologyOpenStartDate'

2024-01-22 18:27:00 - [MESSAGE][PASSED] - Text '2024-01-22' is set on object 'Object Repository/Stockbit/input__BandarmologyOpenStartDate'

2024-01-22 18:27:00 - [TEST_STEP][PASSED] - sendKeys(findTestObject("Stockbit/input__BandarmologyOpenStartDate"), Keys.chord(ENTER)): Keys 'ENTER + ' sent to object: 'Object Repository/Stockbit/input__BandarmologyOpenStartDate'

2024-01-22 18:27:00 - [MESSAGE][PASSED] - Keys 'ENTER + ' sent to object: 'Object Repository/Stockbit/input__BandarmologyOpenStartDate'

2024-01-22 18:27:00 - [TEST_STEP][PASSED] - click(findTestObject("Stockbit/input__BandarmologyOpenEndDate")): Object: 'Object Repository/Stockbit/input__BandarmologyOpenEndDate' is clicked on

2024-01-22 18:27:01 - [MESSAGE][PASSED] - Object: 'Object Repository/Stockbit/input__BandarmologyOpenEndDate' is clicked on

2024-01-22 18:27:01 - [TEST_STEP][PASSED] - sendKeys(findTestObject("Stockbit/input__BandarmologyOpenEndDate"), Keys.chord(CONTROL, "a")): Keys 'CONTROL + a' sent to object: 'Object Repository/Stockbit/input__BandarmologyOpenEndDate'

2024-01-22 18:27:01 - [MESSAGE][PASSED] - Keys 'CONTROL + a' sent to object: 'Object Repository/Stockbit/input__BandarmologyOpenEndDate'

2024-01-22 18:27:01 - [TEST_STEP][PASSED] - sendKeys(findTestObject("Stockbit/input__BandarmologyOpenEndDate"), Keys.chord(BACK_SPACE)): Keys 'BACK_SPACE + ' sent to object: 'Object Repository/Stockbit/input__BandarmologyOpenEndDate'

2024-01-22 18:27:02 - [MESSAGE][PASSED] - Keys 'BACK_SPACE + ' sent to object: 'Object Repository/Stockbit/input__BandarmologyOpenEndDate'

2024-01-22 18:27:02 - [TEST_STEP][PASSED] - setText(findTestObject("Stockbit/input__BandarmologyOpenEndDate"), strTanggal): Text '2024-01-22' is set on object 'Object Repository/Stockbit/input__BandarmologyOpenEndDate'

2024-01-22 18:27:03 - [MESSAGE][PASSED] - Text '2024-01-22' is set on object 'Object Repository/Stockbit/input__BandarmologyOpenEndDate'

2024-01-22 18:27:03 - [TEST_STEP][PASSED] - sendKeys(findTestObject("Stockbit/input__BandarmologyOpenEndDate"), Keys.chord(ENTER)): Keys 'ENTER + ' sent to object: 'Object Repository/Stockbit/input__BandarmologyOpenEndDate'

2024-01-22 18:27:03 - [MESSAGE][PASSED] - Keys 'ENTER + ' sent to object: 'Object Repository/Stockbit/input__BandarmologyOpenEndDate'

2024-01-22 18:27:03 - [TEST_STEP][PASSED] - delay(2): Delayed 2 second(s)

2024-01-22 18:27:05 - [MESSAGE][PASSED] - Delayed 2 second(s)

2024-01-22 18:27:05 - [TEST_STEP][PASSED] - strTemp = getText(findTestObject("Stockbit/Bandarmology_AvgRP")): Text of object 'Object Repository/Stockbit/Bandarmology_AvgRP' is: '69'

2024-01-22 18:27:05 - [MESSAGE][PASSED] - Text of object 'Object Repository/Stockbit/Bandarmology_AvgRP' is: '69'

2024-01-22 18:27:05 - [TEST_STEP][PASSED] - out.println("Bandarmology_AvgRP = " + strTemp): null

2024-01-22 18:27:05 - [TEST_STEP][PASSED] - if (strTemp != "0"): null

2024-01-22 18:27:05 - [TEST_STEP][PASSED] - strTop1 = getText(findTestObject("Stockbit/Bandarmology_Top1")): Text of object 'Object Repository/Stockbit/Bandarmology_Top1' is: 'Normal Dist'

2024-01-22 18:27:06 - [MESSAGE][PASSED] - Text of object 'Object Repository/Stockbit/Bandarmology_Top1' is: 'Normal Dist'

2024-01-22 18:27:06 - [TEST_STEP][PASSED] - strTop3 = getText(findTestObject("Stockbit/Bandarmology_Top3")): Text of object 'Object Repository/Stockbit/Bandarmology_Top3' is: 'Big Dist'

2024-01-22 18:27:06 - [MESSAGE][PASSED] - Text of object 'Object Repository/Stockbit/Bandarmology_Top3' is: 'Big Dist'

2024-01-22 18:27:06 - [TEST_STEP][PASSED] - strTop5 = getText(findTestObject("Stockbit/Bandarmology_Top5")): Text of object 'Object Repository/Stockbit/Bandarmology_Top5' is: 'Normal Dist'

2024-01-22 18:27:06 - [MESSAGE][PASSED] - Text of object 'Object Repository/Stockbit/Bandarmology_Top5' is: 'Normal Dist'

2024-01-22 18:27:06 - [TEST_STEP][PASSED] - strAllBrokAvg = getText(findTestObject("Stockbit/Bandarmology_TopAVG")): Text of object 'Object Repository/Stockbit/Bandarmology_TopAVG' is: 'Normal Dist'

2024-01-22 18:27:06 - [MESSAGE][PASSED] - Text of object 'Object Repository/Stockbit/Bandarmology_TopAVG' is: 'Normal Dist'

2024-01-22 18:27:06 - [TEST_STEP][PASSED] - strTemp = getText(findTestObject("Stockbit/Bandarmology_AvgRP")): Text of object 'Object Repository/Stockbit/Bandarmology_AvgRP' is: '69'

2024-01-22 18:27:06 - [MESSAGE][PASSED] - Text of object 'Object Repository/Stockbit/Bandarmology_AvgRP' is: '69'

2024-01-22 18:27:06 - [TEST_STEP][PASSED] - if (strTemp.contains(",")): null

2024-01-22 18:27:06 - [TEST_STEP][PASSED] - intAvgRP = strTemp.toInteger(): null

2024-01-22 18:27:06 - [TEST_STEP][PASSED] - strBuyer1 = getText(findTestObject("Stockbit/Bandarmology_Buyer1")): Text of object 'Object Repository/Stockbit/Bandarmology_Buyer1' is: 'KK'

2024-01-22 18:27:06 - [MESSAGE][PASSED] - Text of object 'Object Repository/Stockbit/Bandarmology_Buyer1' is: 'KK'

2024-01-22 18:27:06 - [TEST_STEP][PASSED] - strBuyerVol1 = getText(findTestObject("Stockbit/Bandarmology_BuyerVol1")): Text of object 'Object Repository/Stockbit/Bandarmology_BuyerVol1' is: '8.5 K'

2024-01-22 18:27:07 - [MESSAGE][PASSED] - Text of object 'Object Repository/Stockbit/Bandarmology_BuyerVol1' is: '8.5 K'

2024-01-22 18:27:07 - [TEST_STEP][PASSED] - strBuyerAvg1 = getText(findTestObject("Stockbit/Bandarmology_BuyerAvg1")): Text of object 'Object Repository/Stockbit/Bandarmology_BuyerAvg1' is: '69'

2024-01-22 18:27:07 - [MESSAGE][PASSED] - Text of object 'Object Repository/Stockbit/Bandarmology_BuyerAvg1' is: '69'

2024-01-22 18:27:07 - [TEST_STEP][PASSED] - if (strBuyerAvg1.contains(",")): null

2024-01-22 18:27:07 - [TEST_STEP][PASSED] - if (strBuyerVol1.contains(" B")): null

2024-01-22 18:27:07 - [TEST_STEP][PASSED] - else if (strBuyerVol1.contains(" M")): null

2024-01-22 18:27:07 - [TEST_STEP][PASSED] - else if (strBuyerVol1.contains(" K")): null

2024-01-22 18:27:07 - [TEST_STEP][PASSED] - strBuyerVol1 = strBuyerVol1.replace(" K", ""): null

2024-01-22 18:27:07 - [TEST_STEP][PASSED] - strBuyerVol1 = strBuyerVol1.toDouble() * 1000: null

2024-01-22 18:27:07 - [TEST_STEP][PASSED] - strSeller1 = getText(findTestObject("Stockbit/Bandarmology_Seller1")): Text of object 'Object Repository/Stockbit/Bandarmology_Seller1' is: 'GR'

2024-01-22 18:27:07 - [MESSAGE][PASSED] - Text of object 'Object Repository/Stockbit/Bandarmology_Seller1' is: 'GR'

2024-01-22 18:27:07 - [TEST_STEP][PASSED] - strSellerVol1 = getText(findTestObject("Stockbit/Bandarmology_SellerVol1")): Text of object 'Object Repository/Stockbit/Bandarmology_SellerVol1' is: '11.9 K'

2024-01-22 18:27:07 - [MESSAGE][PASSED] - Text of object 'Object Repository/Stockbit/Bandarmology_SellerVol1' is: '11.9 K'

2024-01-22 18:27:07 - [TEST_STEP][PASSED] - strSellerAvg1 = getText(findTestObject("Stockbit/Bandarmology_SellerAvg1")): Text of object 'Object Repository/Stockbit/Bandarmology_SellerAvg1' is: '68'

2024-01-22 18:27:07 - [MESSAGE][PASSED] - Text of object 'Object Repository/Stockbit/Bandarmology_SellerAvg1' is: '68'

2024-01-22 18:27:07 - [TEST_STEP][PASSED] - if (strSellerAvg1.contains(",")): null

2024-01-22 18:27:07 - [TEST_STEP][PASSED] - if (strSellerVol1.contains(" B")): null

2024-01-22 18:27:07 - [TEST_STEP][PASSED] - else if (strSellerVol1.contains(" M")): null

2024-01-22 18:27:07 - [TEST_STEP][PASSED] - else if (strSellerVol1.contains(" K")): null

2024-01-22 18:27:07 - [TEST_STEP][PASSED] - strSellerVol1 = strSellerVol1.replace(" K", ""): null

2024-01-22 18:27:07 - [TEST_STEP][PASSED] - strSellerVol1 = strSellerVol1.toDouble() * 1000: null

2024-01-22 18:27:07 - [TEST_STEP][PASSED] - if (verifyElementNotPresent(findTestObject("Stockbit/Bandarmology_Buyer2"), 1, OPTIONAL)): Web element with id: 'Object Repository/Stockbit/Bandarmology_Buyer2' located by 'By.xpath: //*[contains(@id, 'rc-tabs-')]/div[2]/div/div/div/div/div/div[2]/table/tbody/tr[3]/td[1]/p' is present after '1' second(s) (Root cause: com.kms.katalon.core.exception.StepFailedException: Web element with id: 'Object Repository/Stockbit/Bandarmology_Buyer2' located by 'By.xpath: //*[contains(@id, 'rc-tabs-')]/div[2]/div/div/div/div/div/div[2]/table/tbody/tr[3]/td[1]/p' is present after '1' second(s)
	at com.kms.katalon.core.webui.keyword.internal.WebUIKeywordMain.stepFailed(WebUIKeywordMain.groovy:64)
	at com.kms.katalon.core.webui.keyword.internal.WebUIKeywordMain$stepFailed$0.call(Unknown Source)
	at com.kms.katalon.core.webui.keyword.builtin.VerifyElementNotPresentKeyword$_verifyElementNotPresent_closure1.doCall(VerifyElementNotPresentKeyword.groovy:106)
	at com.kms.katalon.core.webui.keyword.builtin.VerifyElementNotPresentKeyword$_verifyElementNotPresent_closure1.doCall(VerifyElementNotPresentKeyword.groovy)
	at com.kms.katalon.core.webui.keyword.internal.WebUIKeywordMain.runKeyword(WebUIKeywordMain.groovy:20)
	at com.kms.katalon.core.webui.keyword.internal.WebUIKeywordMain$runKeyword.call(Unknown Source)
	at com.kms.katalon.core.webui.keyword.builtin.VerifyElementNotPresentKeyword.verifyElementNotPresent(VerifyElementNotPresentKeyword.groovy:117)
	at com.kms.katalon.core.webui.keyword.builtin.VerifyElementNotPresentKeyword.execute(VerifyElementNotPresentKeyword.groovy:68)
	at com.kms.katalon.core.keyword.internal.KeywordExecutor.executeKeywordForPlatform(KeywordExecutor.groovy:74)
	at com.kms.katalon.core.webui.keyword.WebUiBuiltInKeywords.verifyElementNotPresent(WebUiBuiltInKeywords.groovy:1481)
	at com.kms.katalon.core.webui.keyword.WebUiBuiltInKeywords$verifyElementNotPresent$8.call(Unknown Source)
	at GetBrokSumPriceDaily.run(GetBrokSumPriceDaily:258)
	at com.kms.katalon.core.main.ScriptEngine.run(ScriptEngine.java:194)
	at com.kms.katalon.core.main.ScriptEngine.runScriptAsRawText(ScriptEngine.java:119)
	at com.kms.katalon.core.main.TestCaseExecutor.runScript(TestCaseExecutor.java:445)
	at com.kms.katalon.core.main.TestCaseExecutor.doExecute(TestCaseExecutor.java:436)
	at com.kms.katalon.core.main.TestCaseExecutor.processExecutionPhase(TestCaseExecutor.java:415)
	at com.kms.katalon.core.main.TestCaseExecutor.accessMainPhase(TestCaseExecutor.java:407)
	at com.kms.katalon.core.main.TestCaseExecutor.execute(TestCaseExecutor.java:284)
	at com.kms.katalon.core.common.CommonExecutor.accessTestCaseMainPhase(CommonExecutor.java:65)
	at com.kms.katalon.core.main.TestSuiteExecutor.accessTestSuiteMainPhase(TestSuiteExecutor.java:144)
	at com.kms.katalon.core.main.TestSuiteExecutor.execute(TestSuiteExecutor.java:106)
	at com.kms.katalon.core.main.TestCaseMain.startTestSuite(TestCaseMain.java:185)
	at com.kms.katalon.core.main.TestCaseMain$startTestSuite$0.call(Unknown Source)
	at TempTestSuite1705922193915.run(TempTestSuite1705922193915.groovy:36)
)

2024-01-22 18:27:09 - [MESSAGE][WARNING] - Web element with id: 'Object Repository/Stockbit/Bandarmology_Buyer2' located by 'By.xpath: //*[contains(@id, 'rc-tabs-')]/div[2]/div/div/div/div/div/div[2]/table/tbody/tr[3]/td[1]/p' is present after '1' second(s) (Root cause: com.kms.katalon.core.exception.StepFailedException: Web element with id: 'Object Repository/Stockbit/Bandarmology_Buyer2' located by 'By.xpath: //*[contains(@id, 'rc-tabs-')]/div[2]/div/div/div/div/div/div[2]/table/tbody/tr[3]/td[1]/p' is present after '1' second(s)
	at com.kms.katalon.core.webui.keyword.internal.WebUIKeywordMain.stepFailed(WebUIKeywordMain.groovy:64)
	at com.kms.katalon.core.webui.keyword.internal.WebUIKeywordMain$stepFailed$0.call(Unknown Source)
	at com.kms.katalon.core.webui.keyword.builtin.VerifyElementNotPresentKeyword$_verifyElementNotPresent_closure1.doCall(VerifyElementNotPresentKeyword.groovy:106)
	at com.kms.katalon.core.webui.keyword.builtin.VerifyElementNotPresentKeyword$_verifyElementNotPresent_closure1.doCall(VerifyElementNotPresentKeyword.groovy)
	at com.kms.katalon.core.webui.keyword.internal.WebUIKeywordMain.runKeyword(WebUIKeywordMain.groovy:20)
	at com.kms.katalon.core.webui.keyword.internal.WebUIKeywordMain$runKeyword.call(Unknown Source)
	at com.kms.katalon.core.webui.keyword.builtin.VerifyElementNotPresentKeyword.verifyElementNotPresent(VerifyElementNotPresentKeyword.groovy:117)
	at com.kms.katalon.core.webui.keyword.builtin.VerifyElementNotPresentKeyword.execute(VerifyElementNotPresentKeyword.groovy:68)
	at com.kms.katalon.core.keyword.internal.KeywordExecutor.executeKeywordForPlatform(KeywordExecutor.groovy:74)
	at com.kms.katalon.core.webui.keyword.WebUiBuiltInKeywords.verifyElementNotPresent(WebUiBuiltInKeywords.groovy:1481)
	at com.kms.katalon.core.webui.keyword.WebUiBuiltInKeywords$verifyElementNotPresent$8.call(Unknown Source)
	at GetBrokSumPriceDaily.run(GetBrokSumPriceDaily:258)
	at com.kms.katalon.core.main.ScriptEngine.run(ScriptEngine.java:194)
	at com.kms.katalon.core.main.ScriptEngine.runScriptAsRawText(ScriptEngine.java:119)
	at com.kms.katalon.core.main.TestCaseExecutor.runScript(TestCaseExecutor.java:445)
	at com.kms.katalon.core.main.TestCaseExecutor.doExecute(TestCaseExecutor.java:436)
	at com.kms.katalon.core.main.TestCaseExecutor.processExecutionPhase(TestCaseExecutor.java:415)
	at com.kms.katalon.core.main.TestCaseExecutor.accessMainPhase(TestCaseExecutor.java:407)
	at com.kms.katalon.core.main.TestCaseExecutor.execute(TestCaseExecutor.java:284)
	at com.kms.katalon.core.common.CommonExecutor.accessTestCaseMainPhase(CommonExecutor.java:65)
	at com.kms.katalon.core.main.TestSuiteExecutor.accessTestSuiteMainPhase(TestSuiteExecutor.java:144)
	at com.kms.katalon.core.main.TestSuiteExecutor.execute(TestSuiteExecutor.java:106)
	at com.kms.katalon.core.main.TestCaseMain.startTestSuite(TestCaseMain.java:185)
	at com.kms.katalon.core.main.TestCaseMain$startTestSuite$0.call(Unknown Source)
	at TempTestSuite1705922193915.run(TempTestSuite1705922193915.groovy:36)
)
[[ATTACHMENT|C:\\Users\\Fadli\\git\\KatalonDailyGetData2\\Reports\\20240122_174123\\TS1\\20240122_181633\\1705922828983.png]]

2024-01-22 18:27:09 - [TEST_STEP][PASSED] - else: null

2024-01-22 18:27:09 - [TEST_STEP][PASSED] - strBuyer2 = getText(findTestObject("Stockbit/Bandarmology_Buyer2")): Text of object 'Object Repository/Stockbit/Bandarmology_Buyer2' is: 'DR'

2024-01-22 18:27:09 - [MESSAGE][PASSED] - Text of object 'Object Repository/Stockbit/Bandarmology_Buyer2' is: 'DR'

2024-01-22 18:27:09 - [TEST_STEP][PASSED] - strBuyerVol2 = getText(findTestObject("Stockbit/Bandarmology_BuyerVol2")): Text of object 'Object Repository/Stockbit/Bandarmology_BuyerVol2' is: '4.9 K'

2024-01-22 18:27:09 - [MESSAGE][PASSED] - Text of object 'Object Repository/Stockbit/Bandarmology_BuyerVol2' is: '4.9 K'

2024-01-22 18:27:09 - [TEST_STEP][PASSED] - strBuyerAvg2 = getText(findTestObject("Stockbit/Bandarmology_BuyerAvg2")): Text of object 'Object Repository/Stockbit/Bandarmology_BuyerAvg2' is: '68'

2024-01-22 18:27:09 - [MESSAGE][PASSED] - Text of object 'Object Repository/Stockbit/Bandarmology_BuyerAvg2' is: '68'

2024-01-22 18:27:09 - [TEST_STEP][PASSED] - if (strBuyer2 != ""): null

2024-01-22 18:27:09 - [TEST_STEP][PASSED] - if (strBuyerAvg2.contains(",")): null

2024-01-22 18:27:09 - [TEST_STEP][PASSED] - if (strBuyerVol2.contains(" B")): null

2024-01-22 18:27:09 - [TEST_STEP][PASSED] - else if (strBuyerVol2.contains(" M")): null

2024-01-22 18:27:09 - [TEST_STEP][PASSED] - else if (strBuyerVol2.contains(" K")): null

2024-01-22 18:27:09 - [TEST_STEP][PASSED] - strBuyerVol2 = strBuyerVol2.replace(" K", ""): null

2024-01-22 18:27:09 - [TEST_STEP][PASSED] - strBuyerVol2 = strBuyerVol2.toDouble() * 1000: null

2024-01-22 18:27:09 - [TEST_STEP][PASSED] - if (strBuyerVol2.contains(".")): null

2024-01-22 18:27:09 - [TEST_STEP][PASSED] - strBuyerVal2 = strBuyerVol2.replace(".", ""): null

2024-01-22 18:27:09 - [TEST_STEP][PASSED] - if (verifyElementNotPresent(findTestObject("Stockbit/Bandarmology_Seller2"), 1, OPTIONAL)): Web element with id: 'Object Repository/Stockbit/Bandarmology_Seller2' located by 'By.xpath: //*[contains(@id, 'rc-tabs-')]/div[2]/div/div/div/div/div/div[2]/table/tbody/tr[3]/td[5]/p' is present after '1' second(s) (Root cause: com.kms.katalon.core.exception.StepFailedException: Web element with id: 'Object Repository/Stockbit/Bandarmology_Seller2' located by 'By.xpath: //*[contains(@id, 'rc-tabs-')]/div[2]/div/div/div/div/div/div[2]/table/tbody/tr[3]/td[5]/p' is present after '1' second(s)
	at com.kms.katalon.core.webui.keyword.internal.WebUIKeywordMain.stepFailed(WebUIKeywordMain.groovy:64)
	at com.kms.katalon.core.webui.keyword.internal.WebUIKeywordMain$stepFailed$0.call(Unknown Source)
	at com.kms.katalon.core.webui.keyword.builtin.VerifyElementNotPresentKeyword$_verifyElementNotPresent_closure1.doCall(VerifyElementNotPresentKeyword.groovy:106)
	at com.kms.katalon.core.webui.keyword.builtin.VerifyElementNotPresentKeyword$_verifyElementNotPresent_closure1.doCall(VerifyElementNotPresentKeyword.groovy)
	at com.kms.katalon.core.webui.keyword.internal.WebUIKeywordMain.runKeyword(WebUIKeywordMain.groovy:20)
	at com.kms.katalon.core.webui.keyword.internal.WebUIKeywordMain$runKeyword.call(Unknown Source)
	at com.kms.katalon.core.webui.keyword.builtin.VerifyElementNotPresentKeyword.verifyElementNotPresent(VerifyElementNotPresentKeyword.groovy:117)
	at com.kms.katalon.core.webui.keyword.builtin.VerifyElementNotPresentKeyword.execute(VerifyElementNotPresentKeyword.groovy:68)
	at com.kms.katalon.core.keyword.internal.KeywordExecutor.executeKeywordForPlatform(KeywordExecutor.groovy:74)
	at com.kms.katalon.core.webui.keyword.WebUiBuiltInKeywords.verifyElementNotPresent(WebUiBuiltInKeywords.groovy:1481)
	at com.kms.katalon.core.webui.keyword.WebUiBuiltInKeywords$verifyElementNotPresent$8.call(Unknown Source)
	at GetBrokSumPriceDaily.run(GetBrokSumPriceDaily:309)
	at com.kms.katalon.core.main.ScriptEngine.run(ScriptEngine.java:194)
	at com.kms.katalon.core.main.ScriptEngine.runScriptAsRawText(ScriptEngine.java:119)
	at com.kms.katalon.core.main.TestCaseExecutor.runScript(TestCaseExecutor.java:445)
	at com.kms.katalon.core.main.TestCaseExecutor.doExecute(TestCaseExecutor.java:436)
	at com.kms.katalon.core.main.TestCaseExecutor.processExecutionPhase(TestCaseExecutor.java:415)
	at com.kms.katalon.core.main.TestCaseExecutor.accessMainPhase(TestCaseExecutor.java:407)
	at com.kms.katalon.core.main.TestCaseExecutor.execute(TestCaseExecutor.java:284)
	at com.kms.katalon.core.common.CommonExecutor.accessTestCaseMainPhase(CommonExecutor.java:65)
	at com.kms.katalon.core.main.TestSuiteExecutor.accessTestSuiteMainPhase(TestSuiteExecutor.java:144)
	at com.kms.katalon.core.main.TestSuiteExecutor.execute(TestSuiteExecutor.java:106)
	at com.kms.katalon.core.main.TestCaseMain.startTestSuite(TestCaseMain.java:185)
	at com.kms.katalon.core.main.TestCaseMain$startTestSuite$0.call(Unknown Source)
	at TempTestSuite1705922193915.run(TempTestSuite1705922193915.groovy:36)
)

2024-01-22 18:27:11 - [MESSAGE][WARNING] - Web element with id: 'Object Repository/Stockbit/Bandarmology_Seller2' located by 'By.xpath: //*[contains(@id, 'rc-tabs-')]/div[2]/div/div/div/div/div/div[2]/table/tbody/tr[3]/td[5]/p' is present after '1' second(s) (Root cause: com.kms.katalon.core.exception.StepFailedException: Web element with id: 'Object Repository/Stockbit/Bandarmology_Seller2' located by 'By.xpath: //*[contains(@id, 'rc-tabs-')]/div[2]/div/div/div/div/div/div[2]/table/tbody/tr[3]/td[5]/p' is present after '1' second(s)
	at com.kms.katalon.core.webui.keyword.internal.WebUIKeywordMain.stepFailed(WebUIKeywordMain.groovy:64)
	at com.kms.katalon.core.webui.keyword.internal.WebUIKeywordMain$stepFailed$0.call(Unknown Source)
	at com.kms.katalon.core.webui.keyword.builtin.VerifyElementNotPresentKeyword$_verifyElementNotPresent_closure1.doCall(VerifyElementNotPresentKeyword.groovy:106)
	at com.kms.katalon.core.webui.keyword.builtin.VerifyElementNotPresentKeyword$_verifyElementNotPresent_closure1.doCall(VerifyElementNotPresentKeyword.groovy)
	at com.kms.katalon.core.webui.keyword.internal.WebUIKeywordMain.runKeyword(WebUIKeywordMain.groovy:20)
	at com.kms.katalon.core.webui.keyword.internal.WebUIKeywordMain$runKeyword.call(Unknown Source)
	at com.kms.katalon.core.webui.keyword.builtin.VerifyElementNotPresentKeyword.verifyElementNotPresent(VerifyElementNotPresentKeyword.groovy:117)
	at com.kms.katalon.core.webui.keyword.builtin.VerifyElementNotPresentKeyword.execute(VerifyElementNotPresentKeyword.groovy:68)
	at com.kms.katalon.core.keyword.internal.KeywordExecutor.executeKeywordForPlatform(KeywordExecutor.groovy:74)
	at com.kms.katalon.core.webui.keyword.WebUiBuiltInKeywords.verifyElementNotPresent(WebUiBuiltInKeywords.groovy:1481)
	at com.kms.katalon.core.webui.keyword.WebUiBuiltInKeywords$verifyElementNotPresent$8.call(Unknown Source)
	at GetBrokSumPriceDaily.run(GetBrokSumPriceDaily:309)
	at com.kms.katalon.core.main.ScriptEngine.run(ScriptEngine.java:194)
	at com.kms.katalon.core.main.ScriptEngine.runScriptAsRawText(ScriptEngine.java:119)
	at com.kms.katalon.core.main.TestCaseExecutor.runScript(TestCaseExecutor.java:445)
	at com.kms.katalon.core.main.TestCaseExecutor.doExecute(TestCaseExecutor.java:436)
	at com.kms.katalon.core.main.TestCaseExecutor.processExecutionPhase(TestCaseExecutor.java:415)
	at com.kms.katalon.core.main.TestCaseExecutor.accessMainPhase(TestCaseExecutor.java:407)
	at com.kms.katalon.core.main.TestCaseExecutor.execute(TestCaseExecutor.java:284)
	at com.kms.katalon.core.common.CommonExecutor.accessTestCaseMainPhase(CommonExecutor.java:65)
	at com.kms.katalon.core.main.TestSuiteExecutor.accessTestSuiteMainPhase(TestSuiteExecutor.java:144)
	at com.kms.katalon.core.main.TestSuiteExecutor.execute(TestSuiteExecutor.java:106)
	at com.kms.katalon.core.main.TestCaseMain.startTestSuite(TestCaseMain.java:185)
	at com.kms.katalon.core.main.TestCaseMain$startTestSuite$0.call(Unknown Source)
	at TempTestSuite1705922193915.run(TempTestSuite1705922193915.groovy:36)
)
[[ATTACHMENT|C:\\Users\\Fadli\\git\\KatalonDailyGetData2\\Reports\\20240122_174123\\TS1\\20240122_181633\\1705922830897.png]]

2024-01-22 18:27:11 - [TEST_STEP][PASSED] - else: null

2024-01-22 18:27:11 - [TEST_STEP][PASSED] - strSeller2 = getText(findTestObject("Stockbit/Bandarmology_Seller2")): Text of object 'Object Repository/Stockbit/Bandarmology_Seller2' is: 'CP'

2024-01-22 18:27:11 - [MESSAGE][PASSED] - Text of object 'Object Repository/Stockbit/Bandarmology_Seller2' is: 'CP'

2024-01-22 18:27:11 - [TEST_STEP][PASSED] - strSellerVol2 = getText(findTestObject("Stockbit/Bandarmology_SellerVol2")): Text of object 'Object Repository/Stockbit/Bandarmology_SellerVol2' is: '6.4 K'

2024-01-22 18:27:11 - [MESSAGE][PASSED] - Text of object 'Object Repository/Stockbit/Bandarmology_SellerVol2' is: '6.4 K'

2024-01-22 18:27:11 - [TEST_STEP][PASSED] - strSellerAvg2 = getText(findTestObject("Stockbit/Bandarmology_SellerAvg2")): Text of object 'Object Repository/Stockbit/Bandarmology_SellerAvg2' is: '69'

2024-01-22 18:27:11 - [MESSAGE][PASSED] - Text of object 'Object Repository/Stockbit/Bandarmology_SellerAvg2' is: '69'

2024-01-22 18:27:11 - [TEST_STEP][PASSED] - if (strSeller2 != ""): null

2024-01-22 18:27:11 - [TEST_STEP][PASSED] - if (strSellerAvg2.contains(",")): null

2024-01-22 18:27:11 - [TEST_STEP][PASSED] - if (strSellerVol2.contains(" B")): null

2024-01-22 18:27:11 - [TEST_STEP][PASSED] - else if (strSellerVol2.contains(" M")): null

2024-01-22 18:27:11 - [TEST_STEP][PASSED] - else if (strSellerVol2.contains(" K")): null

2024-01-22 18:27:11 - [TEST_STEP][PASSED] - strSellerVol2 = strSellerVol2.replace(" K", ""): null

2024-01-22 18:27:11 - [TEST_STEP][PASSED] - strSellerVol2 = strSellerVol2.toDouble() * 1000: null

2024-01-22 18:27:11 - [TEST_STEP][PASSED] - if (verifyElementNotPresent(findTestObject("Stockbit/Bandarmology_Buyer3"), 1, OPTIONAL)): Web element with id: 'Object Repository/Stockbit/Bandarmology_Buyer3' located by 'By.xpath: //*[contains(@id, 'rc-tabs-')]/div[2]/div/div/div/div/div/div[2]/table/tbody/tr[4]/td[1]/p' is present after '1' second(s) (Root cause: com.kms.katalon.core.exception.StepFailedException: Web element with id: 'Object Repository/Stockbit/Bandarmology_Buyer3' located by 'By.xpath: //*[contains(@id, 'rc-tabs-')]/div[2]/div/div/div/div/div/div[2]/table/tbody/tr[4]/td[1]/p' is present after '1' second(s)
	at com.kms.katalon.core.webui.keyword.internal.WebUIKeywordMain.stepFailed(WebUIKeywordMain.groovy:64)
	at com.kms.katalon.core.webui.keyword.internal.WebUIKeywordMain$stepFailed$0.call(Unknown Source)
	at com.kms.katalon.core.webui.keyword.builtin.VerifyElementNotPresentKeyword$_verifyElementNotPresent_closure1.doCall(VerifyElementNotPresentKeyword.groovy:106)
	at com.kms.katalon.core.webui.keyword.builtin.VerifyElementNotPresentKeyword$_verifyElementNotPresent_closure1.doCall(VerifyElementNotPresentKeyword.groovy)
	at com.kms.katalon.core.webui.keyword.internal.WebUIKeywordMain.runKeyword(WebUIKeywordMain.groovy:20)
	at com.kms.katalon.core.webui.keyword.internal.WebUIKeywordMain$runKeyword.call(Unknown Source)
	at com.kms.katalon.core.webui.keyword.builtin.VerifyElementNotPresentKeyword.verifyElementNotPresent(VerifyElementNotPresentKeyword.groovy:117)
	at com.kms.katalon.core.webui.keyword.builtin.VerifyElementNotPresentKeyword.execute(VerifyElementNotPresentKeyword.groovy:68)
	at com.kms.katalon.core.keyword.internal.KeywordExecutor.executeKeywordForPlatform(KeywordExecutor.groovy:74)
	at com.kms.katalon.core.webui.keyword.WebUiBuiltInKeywords.verifyElementNotPresent(WebUiBuiltInKeywords.groovy:1481)
	at com.kms.katalon.core.webui.keyword.WebUiBuiltInKeywords$verifyElementNotPresent$8.call(Unknown Source)
	at GetBrokSumPriceDaily.run(GetBrokSumPriceDaily:361)
	at com.kms.katalon.core.main.ScriptEngine.run(ScriptEngine.java:194)
	at com.kms.katalon.core.main.ScriptEngine.runScriptAsRawText(ScriptEngine.java:119)
	at com.kms.katalon.core.main.TestCaseExecutor.runScript(TestCaseExecutor.java:445)
	at com.kms.katalon.core.main.TestCaseExecutor.doExecute(TestCaseExecutor.java:436)
	at com.kms.katalon.core.main.TestCaseExecutor.processExecutionPhase(TestCaseExecutor.java:415)
	at com.kms.katalon.core.main.TestCaseExecutor.accessMainPhase(TestCaseExecutor.java:407)
	at com.kms.katalon.core.main.TestCaseExecutor.execute(TestCaseExecutor.java:284)
	at com.kms.katalon.core.common.CommonExecutor.accessTestCaseMainPhase(CommonExecutor.java:65)
	at com.kms.katalon.core.main.TestSuiteExecutor.accessTestSuiteMainPhase(TestSuiteExecutor.java:144)
	at com.kms.katalon.core.main.TestSuiteExecutor.execute(TestSuiteExecutor.java:106)
	at com.kms.katalon.core.main.TestCaseMain.startTestSuite(TestCaseMain.java:185)
	at com.kms.katalon.core.main.TestCaseMain$startTestSuite$0.call(Unknown Source)
	at TempTestSuite1705922193915.run(TempTestSuite1705922193915.groovy:36)
)

2024-01-22 18:27:12 - [MESSAGE][WARNING] - Web element with id: 'Object Repository/Stockbit/Bandarmology_Buyer3' located by 'By.xpath: //*[contains(@id, 'rc-tabs-')]/div[2]/div/div/div/div/div/div[2]/table/tbody/tr[4]/td[1]/p' is present after '1' second(s) (Root cause: com.kms.katalon.core.exception.StepFailedException: Web element with id: 'Object Repository/Stockbit/Bandarmology_Buyer3' located by 'By.xpath: //*[contains(@id, 'rc-tabs-')]/div[2]/div/div/div/div/div/div[2]/table/tbody/tr[4]/td[1]/p' is present after '1' second(s)
	at com.kms.katalon.core.webui.keyword.internal.WebUIKeywordMain.stepFailed(WebUIKeywordMain.groovy:64)
	at com.kms.katalon.core.webui.keyword.internal.WebUIKeywordMain$stepFailed$0.call(Unknown Source)
	at com.kms.katalon.core.webui.keyword.builtin.VerifyElementNotPresentKeyword$_verifyElementNotPresent_closure1.doCall(VerifyElementNotPresentKeyword.groovy:106)
	at com.kms.katalon.core.webui.keyword.builtin.VerifyElementNotPresentKeyword$_verifyElementNotPresent_closure1.doCall(VerifyElementNotPresentKeyword.groovy)
	at com.kms.katalon.core.webui.keyword.internal.WebUIKeywordMain.runKeyword(WebUIKeywordMain.groovy:20)
	at com.kms.katalon.core.webui.keyword.internal.WebUIKeywordMain$runKeyword.call(Unknown Source)
	at com.kms.katalon.core.webui.keyword.builtin.VerifyElementNotPresentKeyword.verifyElementNotPresent(VerifyElementNotPresentKeyword.groovy:117)
	at com.kms.katalon.core.webui.keyword.builtin.VerifyElementNotPresentKeyword.execute(VerifyElementNotPresentKeyword.groovy:68)
	at com.kms.katalon.core.keyword.internal.KeywordExecutor.executeKeywordForPlatform(KeywordExecutor.groovy:74)
	at com.kms.katalon.core.webui.keyword.WebUiBuiltInKeywords.verifyElementNotPresent(WebUiBuiltInKeywords.groovy:1481)
	at com.kms.katalon.core.webui.keyword.WebUiBuiltInKeywords$verifyElementNotPresent$8.call(Unknown Source)
	at GetBrokSumPriceDaily.run(GetBrokSumPriceDaily:361)
	at com.kms.katalon.core.main.ScriptEngine.run(ScriptEngine.java:194)
	at com.kms.katalon.core.main.ScriptEngine.runScriptAsRawText(ScriptEngine.java:119)
	at com.kms.katalon.core.main.TestCaseExecutor.runScript(TestCaseExecutor.java:445)
	at com.kms.katalon.core.main.TestCaseExecutor.doExecute(TestCaseExecutor.java:436)
	at com.kms.katalon.core.main.TestCaseExecutor.processExecutionPhase(TestCaseExecutor.java:415)
	at com.kms.katalon.core.main.TestCaseExecutor.accessMainPhase(TestCaseExecutor.java:407)
	at com.kms.katalon.core.main.TestCaseExecutor.execute(TestCaseExecutor.java:284)
	at com.kms.katalon.core.common.CommonExecutor.accessTestCaseMainPhase(CommonExecutor.java:65)
	at com.kms.katalon.core.main.TestSuiteExecutor.accessTestSuiteMainPhase(TestSuiteExecutor.java:144)
	at com.kms.katalon.core.main.TestSuiteExecutor.execute(TestSuiteExecutor.java:106)
	at com.kms.katalon.core.main.TestCaseMain.startTestSuite(TestCaseMain.java:185)
	at com.kms.katalon.core.main.TestCaseMain$startTestSuite$0.call(Unknown Source)
	at TempTestSuite1705922193915.run(TempTestSuite1705922193915.groovy:36)
)
[[ATTACHMENT|C:\\Users\\Fadli\\git\\KatalonDailyGetData2\\Reports\\20240122_174123\\TS1\\20240122_181633\\1705922832781.png]]

2024-01-22 18:27:12 - [TEST_STEP][PASSED] - else: null

2024-01-22 18:27:12 - [TEST_STEP][PASSED] - strBuyer3 = getText(findTestObject("Stockbit/Bandarmology_Buyer3")): Text of object 'Object Repository/Stockbit/Bandarmology_Buyer3' is: 'DH'

2024-01-22 18:27:13 - [MESSAGE][PASSED] - Text of object 'Object Repository/Stockbit/Bandarmology_Buyer3' is: 'DH'

2024-01-22 18:27:13 - [TEST_STEP][PASSED] - strBuyerVol3 = getText(findTestObject("Stockbit/Bandarmology_BuyerVol3")): Text of object 'Object Repository/Stockbit/Bandarmology_BuyerVol3' is: '3.6 K'

2024-01-22 18:27:13 - [MESSAGE][PASSED] - Text of object 'Object Repository/Stockbit/Bandarmology_BuyerVol3' is: '3.6 K'

2024-01-22 18:27:13 - [TEST_STEP][PASSED] - strBuyerAvg3 = getText(findTestObject("Stockbit/Bandarmology_BuyerAvg3")): Text of object 'Object Repository/Stockbit/Bandarmology_BuyerAvg3' is: '68'

2024-01-22 18:27:13 - [MESSAGE][PASSED] - Text of object 'Object Repository/Stockbit/Bandarmology_BuyerAvg3' is: '68'

2024-01-22 18:27:13 - [TEST_STEP][PASSED] - if (strBuyer3 != ""): null

2024-01-22 18:27:13 - [TEST_STEP][PASSED] - if (strBuyerAvg3.contains(",")): null

2024-01-22 18:27:13 - [TEST_STEP][PASSED] - if (strBuyerVol3.contains(" B")): null

2024-01-22 18:27:13 - [TEST_STEP][PASSED] - else if (strBuyerVol3.contains(" M")): null

2024-01-22 18:27:13 - [TEST_STEP][PASSED] - else if (strBuyerVol3.contains(" K")): null

2024-01-22 18:27:13 - [TEST_STEP][PASSED] - strBuyerVol3 = strBuyerVol3.replace(" K", ""): null

2024-01-22 18:27:13 - [TEST_STEP][PASSED] - strBuyerVol3 = strBuyerVol3.toDouble() * 1000: null

2024-01-22 18:27:13 - [TEST_STEP][PASSED] - if (verifyElementNotPresent(findTestObject("Stockbit/Bandarmology_Seller3"), 1, OPTIONAL)): Web element with id: 'Object Repository/Stockbit/Bandarmology_Seller3' located by 'By.xpath: //*[contains(@id, 'rc-tabs-')]/div[2]/div/div/div/div/div/div[2]/table/tbody/tr[4]/td[5]/p' is present after '1' second(s) (Root cause: com.kms.katalon.core.exception.StepFailedException: Web element with id: 'Object Repository/Stockbit/Bandarmology_Seller3' located by 'By.xpath: //*[contains(@id, 'rc-tabs-')]/div[2]/div/div/div/div/div/div[2]/table/tbody/tr[4]/td[5]/p' is present after '1' second(s)
	at com.kms.katalon.core.webui.keyword.internal.WebUIKeywordMain.stepFailed(WebUIKeywordMain.groovy:64)
	at com.kms.katalon.core.webui.keyword.internal.WebUIKeywordMain$stepFailed$0.call(Unknown Source)
	at com.kms.katalon.core.webui.keyword.builtin.VerifyElementNotPresentKeyword$_verifyElementNotPresent_closure1.doCall(VerifyElementNotPresentKeyword.groovy:106)
	at com.kms.katalon.core.webui.keyword.builtin.VerifyElementNotPresentKeyword$_verifyElementNotPresent_closure1.doCall(VerifyElementNotPresentKeyword.groovy)
	at com.kms.katalon.core.webui.keyword.internal.WebUIKeywordMain.runKeyword(WebUIKeywordMain.groovy:20)
	at com.kms.katalon.core.webui.keyword.internal.WebUIKeywordMain$runKeyword.call(Unknown Source)
	at com.kms.katalon.core.webui.keyword.builtin.VerifyElementNotPresentKeyword.verifyElementNotPresent(VerifyElementNotPresentKeyword.groovy:117)
	at com.kms.katalon.core.webui.keyword.builtin.VerifyElementNotPresentKeyword.execute(VerifyElementNotPresentKeyword.groovy:68)
	at com.kms.katalon.core.keyword.internal.KeywordExecutor.executeKeywordForPlatform(KeywordExecutor.groovy:74)
	at com.kms.katalon.core.webui.keyword.WebUiBuiltInKeywords.verifyElementNotPresent(WebUiBuiltInKeywords.groovy:1481)
	at com.kms.katalon.core.webui.keyword.WebUiBuiltInKeywords$verifyElementNotPresent$8.call(Unknown Source)
	at GetBrokSumPriceDaily.run(GetBrokSumPriceDaily:414)
	at com.kms.katalon.core.main.ScriptEngine.run(ScriptEngine.java:194)
	at com.kms.katalon.core.main.ScriptEngine.runScriptAsRawText(ScriptEngine.java:119)
	at com.kms.katalon.core.main.TestCaseExecutor.runScript(TestCaseExecutor.java:445)
	at com.kms.katalon.core.main.TestCaseExecutor.doExecute(TestCaseExecutor.java:436)
	at com.kms.katalon.core.main.TestCaseExecutor.processExecutionPhase(TestCaseExecutor.java:415)
	at com.kms.katalon.core.main.TestCaseExecutor.accessMainPhase(TestCaseExecutor.java:407)
	at com.kms.katalon.core.main.TestCaseExecutor.execute(TestCaseExecutor.java:284)
	at com.kms.katalon.core.common.CommonExecutor.accessTestCaseMainPhase(CommonExecutor.java:65)
	at com.kms.katalon.core.main.TestSuiteExecutor.accessTestSuiteMainPhase(TestSuiteExecutor.java:144)
	at com.kms.katalon.core.main.TestSuiteExecutor.execute(TestSuiteExecutor.java:106)
	at com.kms.katalon.core.main.TestCaseMain.startTestSuite(TestCaseMain.java:185)
	at com.kms.katalon.core.main.TestCaseMain$startTestSuite$0.call(Unknown Source)
	at TempTestSuite1705922193915.run(TempTestSuite1705922193915.groovy:36)
)

2024-01-22 18:27:14 - [MESSAGE][WARNING] - Web element with id: 'Object Repository/Stockbit/Bandarmology_Seller3' located by 'By.xpath: //*[contains(@id, 'rc-tabs-')]/div[2]/div/div/div/div/div/div[2]/table/tbody/tr[4]/td[5]/p' is present after '1' second(s) (Root cause: com.kms.katalon.core.exception.StepFailedException: Web element with id: 'Object Repository/Stockbit/Bandarmology_Seller3' located by 'By.xpath: //*[contains(@id, 'rc-tabs-')]/div[2]/div/div/div/div/div/div[2]/table/tbody/tr[4]/td[5]/p' is present after '1' second(s)
	at com.kms.katalon.core.webui.keyword.internal.WebUIKeywordMain.stepFailed(WebUIKeywordMain.groovy:64)
	at com.kms.katalon.core.webui.keyword.internal.WebUIKeywordMain$stepFailed$0.call(Unknown Source)
	at com.kms.katalon.core.webui.keyword.builtin.VerifyElementNotPresentKeyword$_verifyElementNotPresent_closure1.doCall(VerifyElementNotPresentKeyword.groovy:106)
	at com.kms.katalon.core.webui.keyword.builtin.VerifyElementNotPresentKeyword$_verifyElementNotPresent_closure1.doCall(VerifyElementNotPresentKeyword.groovy)
	at com.kms.katalon.core.webui.keyword.internal.WebUIKeywordMain.runKeyword(WebUIKeywordMain.groovy:20)
	at com.kms.katalon.core.webui.keyword.internal.WebUIKeywordMain$runKeyword.call(Unknown Source)
	at com.kms.katalon.core.webui.keyword.builtin.VerifyElementNotPresentKeyword.verifyElementNotPresent(VerifyElementNotPresentKeyword.groovy:117)
	at com.kms.katalon.core.webui.keyword.builtin.VerifyElementNotPresentKeyword.execute(VerifyElementNotPresentKeyword.groovy:68)
	at com.kms.katalon.core.keyword.internal.KeywordExecutor.executeKeywordForPlatform(KeywordExecutor.groovy:74)
	at com.kms.katalon.core.webui.keyword.WebUiBuiltInKeywords.verifyElementNotPresent(WebUiBuiltInKeywords.groovy:1481)
	at com.kms.katalon.core.webui.keyword.WebUiBuiltInKeywords$verifyElementNotPresent$8.call(Unknown Source)
	at GetBrokSumPriceDaily.run(GetBrokSumPriceDaily:414)
	at com.kms.katalon.core.main.ScriptEngine.run(ScriptEngine.java:194)
	at com.kms.katalon.core.main.ScriptEngine.runScriptAsRawText(ScriptEngine.java:119)
	at com.kms.katalon.core.main.TestCaseExecutor.runScript(TestCaseExecutor.java:445)
	at com.kms.katalon.core.main.TestCaseExecutor.doExecute(TestCaseExecutor.java:436)
	at com.kms.katalon.core.main.TestCaseExecutor.processExecutionPhase(TestCaseExecutor.java:415)
	at com.kms.katalon.core.main.TestCaseExecutor.accessMainPhase(TestCaseExecutor.java:407)
	at com.kms.katalon.core.main.TestCaseExecutor.execute(TestCaseExecutor.java:284)
	at com.kms.katalon.core.common.CommonExecutor.accessTestCaseMainPhase(CommonExecutor.java:65)
	at com.kms.katalon.core.main.TestSuiteExecutor.accessTestSuiteMainPhase(TestSuiteExecutor.java:144)
	at com.kms.katalon.core.main.TestSuiteExecutor.execute(TestSuiteExecutor.java:106)
	at com.kms.katalon.core.main.TestCaseMain.startTestSuite(TestCaseMain.java:185)
	at com.kms.katalon.core.main.TestCaseMain$startTestSuite$0.call(Unknown Source)
	at TempTestSuite1705922193915.run(TempTestSuite1705922193915.groovy:36)
)
[[ATTACHMENT|C:\\Users\\Fadli\\git\\KatalonDailyGetData2\\Reports\\20240122_174123\\TS1\\20240122_181633\\1705922834691.png]]

2024-01-22 18:27:14 - [TEST_STEP][PASSED] - else: null

2024-01-22 18:27:14 - [TEST_STEP][PASSED] - strSeller3 = getText(findTestObject("Stockbit/Bandarmology_Seller3")): Text of object 'Object Repository/Stockbit/Bandarmology_Seller3' is: 'XC'

2024-01-22 18:27:15 - [MESSAGE][PASSED] - Text of object 'Object Repository/Stockbit/Bandarmology_Seller3' is: 'XC'

2024-01-22 18:27:15 - [TEST_STEP][PASSED] - strSellerVol3 = getText(findTestObject("Stockbit/Bandarmology_SellerVol3")): Text of object 'Object Repository/Stockbit/Bandarmology_SellerVol3' is: '4.3 K'

2024-01-22 18:27:15 - [MESSAGE][PASSED] - Text of object 'Object Repository/Stockbit/Bandarmology_SellerVol3' is: '4.3 K'

2024-01-22 18:27:15 - [TEST_STEP][PASSED] - strSellerAvg3 = getText(findTestObject("Stockbit/Bandarmology_SellerAvg3")): Text of object 'Object Repository/Stockbit/Bandarmology_SellerAvg3' is: '69'

2024-01-22 18:27:15 - [MESSAGE][PASSED] - Text of object 'Object Repository/Stockbit/Bandarmology_SellerAvg3' is: '69'

2024-01-22 18:27:15 - [TEST_STEP][PASSED] - if (strSeller3 != ""): null

2024-01-22 18:27:15 - [TEST_STEP][PASSED] - if (strSellerAvg3.contains(",")): null

2024-01-22 18:27:15 - [TEST_STEP][PASSED] - if (strSellerVol3.contains(" B")): null

2024-01-22 18:27:15 - [TEST_STEP][PASSED] - else if (strSellerVol3.contains(" M")): null

2024-01-22 18:27:15 - [TEST_STEP][PASSED] - else if (strSellerVol3.contains(" K")): null

2024-01-22 18:27:15 - [TEST_STEP][PASSED] - strSellerVol3 = strSellerVol3.replace(" K", ""): null

2024-01-22 18:27:15 - [TEST_STEP][PASSED] - strSellerVol3 = strSellerVol3.toDouble() * 1000: null

2024-01-22 18:27:15 - [TEST_STEP][PASSED] - strAccDist = getText(findTestObject("Stockbit/Bandarmology_AccDist")): Text of object 'Object Repository/Stockbit/Bandarmology_AccDist' is: 'Dist'

2024-01-22 18:27:15 - [MESSAGE][PASSED] - Text of object 'Object Repository/Stockbit/Bandarmology_AccDist' is: 'Dist'

2024-01-22 18:27:15 - [TEST_STEP][PASSED] - strNetVol = getText(findTestObject("Stockbit/Bandarmology_NetVol")): Text of object 'Object Repository/Stockbit/Bandarmology_NetVol' is: '23,749'

2024-01-22 18:27:15 - [MESSAGE][PASSED] - Text of object 'Object Repository/Stockbit/Bandarmology_NetVol' is: '23,749'

2024-01-22 18:27:15 - [TEST_STEP][PASSED] - strNetVol = strNetVol.replace(",", ""): null

2024-01-22 18:27:15 - [TEST_STEP][PASSED] - strNetVal = getText(findTestObject("Stockbit/Bandarmology_NetVal")): Text of object 'Object Repository/Stockbit/Bandarmology_NetVal' is: '0.2 B'

2024-01-22 18:27:15 - [MESSAGE][PASSED] - Text of object 'Object Repository/Stockbit/Bandarmology_NetVal' is: '0.2 B'

2024-01-22 18:27:15 - [TEST_STEP][PASSED] - delay(3): Delayed 3 second(s)

2024-01-22 18:27:18 - [MESSAGE][PASSED] - Delayed 3 second(s)

2024-01-22 18:27:18 - [TEST_STEP][PASSED] - strOpenPrice = getText(findTestObject("Stockbit/Home_OpenPrice")): Text of object 'Object Repository/Stockbit/Home_OpenPrice' is: '69'

2024-01-22 18:27:19 - [MESSAGE][PASSED] - Text of object 'Object Repository/Stockbit/Home_OpenPrice' is: '69'

2024-01-22 18:27:19 - [TEST_STEP][PASSED] - strOpenPrice = strOpenPrice.replace(",", ""): null

2024-01-22 18:27:19 - [TEST_STEP][PASSED] - strLowPrice = getText(findTestObject("Stockbit/Home_LowPrice")): Text of object 'Object Repository/Stockbit/Home_LowPrice' is: '67'

2024-01-22 18:27:19 - [MESSAGE][PASSED] - Text of object 'Object Repository/Stockbit/Home_LowPrice' is: '67'

2024-01-22 18:27:19 - [TEST_STEP][PASSED] - strLowPrice = strLowPrice.replace(",", ""): null

2024-01-22 18:27:19 - [TEST_STEP][PASSED] - strHighPrice = getText(findTestObject("Stockbit/Home_HighPrice")): Text of object 'Object Repository/Stockbit/Home_HighPrice' is: '71'

2024-01-22 18:27:19 - [MESSAGE][PASSED] - Text of object 'Object Repository/Stockbit/Home_HighPrice' is: '71'

2024-01-22 18:27:19 - [TEST_STEP][PASSED] - strHighPrice = strHighPrice.replace(",", ""): null

2024-01-22 18:27:19 - [TEST_STEP][PASSED] - strClosePrice = getText(findTestObject("Stockbit/Home_ClosePrice")): Text of object 'Object Repository/Stockbit/Home_ClosePrice' is: '68'

2024-01-22 18:27:19 - [MESSAGE][PASSED] - Text of object 'Object Repository/Stockbit/Home_ClosePrice' is: '68'

2024-01-22 18:27:19 - [TEST_STEP][PASSED] - strClosePrice = strClosePrice.replace(",", ""): null

2024-01-22 18:27:19 - [TEST_STEP][PASSED] - strVol = getText(findTestObject("Stockbit/Home_Volume")): Text of object 'Object Repository/Stockbit/Home_Volume' is: '47 K'

2024-01-22 18:27:19 - [MESSAGE][PASSED] - Text of object 'Object Repository/Stockbit/Home_Volume' is: '47 K'

2024-01-22 18:27:19 - [TEST_STEP][PASSED] - if (strVol.contains(" K")): null

2024-01-22 18:27:19 - [TEST_STEP][PASSED] - strVol = strVol.replace(" K", "000"): null

2024-01-22 18:27:19 - [TEST_STEP][PASSED] - if (strVol.contains(",")): null

2024-01-22 18:27:19 - [TEST_STEP][PASSED] - strChange = getText(findTestObject("Stockbit/Home_Change")): Text of object 'Object Repository/Stockbit/Home_Change' is: '-1.45%'

2024-01-22 18:27:19 - [MESSAGE][PASSED] - Text of object 'Object Repository/Stockbit/Home_Change' is: '-1.45%'

2024-01-22 18:27:19 - [TEST_STEP][PASSED] - strChange = strChange.replace("%", ""): null

2024-01-22 18:27:19 - [TEST_STEP][PASSED] - strFreq = getText(findTestObject("Stockbit/Home_Freq")): Text of object 'Object Repository/Stockbit/Home_Freq' is: '242'

2024-01-22 18:27:20 - [MESSAGE][PASSED] - Text of object 'Object Repository/Stockbit/Home_Freq' is: '242'

2024-01-22 18:27:20 - [TEST_STEP][PASSED] - if (strFreq.contains(",")): null

2024-01-22 18:27:20 - [TEST_STEP][PASSED] - if (strFreq == "NA" || strFreq == ""): null

2024-01-22 18:27:20 - [TEST_STEP][PASSED] - else: null

2024-01-22 18:27:20 - [TEST_STEP][PASSED] - dblFreqAnal = strVol.toDouble() / strFreq.toDouble() * strFreq.toDouble() * strFreq.toDouble() * 100000000: null

2024-01-22 18:27:20 - [TEST_STEP][PASSED] - strFreqAnal = String.format("%.4f", dblFreqAnal): null

2024-01-22 18:27:20 - [TEST_STEP][PASSED] - out.println("Double strFreqAnal: " + strFreqAnal): null

2024-01-22 18:27:20 - [TEST_STEP][PASSED] - strTanggal = d.format(DateTimeFormatter.ofPattern("yyyy-MM-dd")): null

2024-01-22 18:27:20 - [TEST_STEP][PASSED] - strTanggal = "#" + strTanggal + "#": null

2024-01-22 18:27:20 - [TEST_STEP][PASSED] - strSQL = "select count(*) as JumBaris from TblBrokSum where Nama = '" + strNama + "' and Tanggal = " + strTanggal + "": null

2024-01-22 18:27:20 - [TEST_STEP][PASSED] - resultSet = statement.executeQuery(strSQL): null

2024-01-22 18:27:20 - [TEST_STEP][PASSED] - resultSet.next(): null

2024-01-22 18:27:20 - [TEST_STEP][PASSED] - intJumBaris = resultSet.getInt("JumBaris"): null

2024-01-22 18:27:20 - [TEST_STEP][PASSED] - if (intJumBaris > 0): null

2024-01-22 18:27:20 - [TEST_STEP][PASSED] - else: null

2024-01-22 18:27:20 - [TEST_STEP][PASSED] - try: null

2024-01-22 18:27:20 - [TEST_STEP][PASSED] - out.println("Insert data"): null

2024-01-22 18:27:20 - [TEST_STEP][PASSED] - strSQL = "insert into TblBrokSum (nama, tanggal, top1, top2, top3, AllBrokAvg, AccDist, AvgRP, " + "Buyer1, BuyerVal1, BuyerAvg1, Seller1, SellerVal1, SellerAvg1, Buyer2, BuyerVal2, BuyerAvg2, " + "Seller2, SellerVal2, SellerAvg2, Buyer3, BuyerVal3, BuyerAvg3, Seller3, SellerVal3, SellerAvg3, NetVol, NetVal, " + "OpenPrice, LowPrice, HighPrice, ClosePrice, Volume, Change, Frekuensi, FrekAnal) " + "values ('" + strNama + "', " + strTanggal + ", '" + strTop1 + "', '" + strTop3 + "', '" + strTop5 + "', " + "'" + strAllBrokAvg + "', '" + strAccDist + "', " + intAvgRP + ", '" + strBuyer1 + "', '" + strBuyerVol1 + "', " + strBuyerAvg1 + ", " + "'" + strSeller1 + "', '" + strSellerVol1 + "', " + strSellerAvg1 + ", '" + strBuyer2 + "', '" + strBuyerVol2 + "', " + strBuyerAvg2 + ", " + "'" + strSeller2 + "', '" + strSellerVol2 + "', " + strSellerAvg2 + ", '" + strBuyer3 + "', '" + strBuyerVol3 + "', " + strBuyerAvg3 + ", " + "'" + strSeller3 + "', '" + strSellerVol3 + "', " + strSellerAvg3 + ", " + strNetVol + ", '" + strNetVal + "', " + "" + strOpenPrice + ", " + strLowPrice + ", " + strHighPrice + ", " + strClosePrice + ", '" + strVol + "', " + strChange + ", " + strFreq + ", " + strFreqAnal + ");": null

2024-01-22 18:27:20 - [TEST_STEP][PASSED] - out.println("strSQL = " + strSQL): null

2024-01-22 18:27:20 - [TEST_STEP][PASSED] - statement.executeUpdate(strSQL): null

2024-01-22 18:27:20 - [TEST_STEP][PASSED] - setValueToCellByIndex(sheet01, rowIndex, 4, "DONE"): null

2024-01-22 18:27:20 - [TEST_STEP][PASSED] - saveWorkbook(excelFilePath, workbook01): null

2024-01-22 18:27:20 - [TEST_STEP][PASSED] - waitForElementClickable(findTestObject("Stockbit/menu_Bandarmology"), 10): Object 'Object Repository/Stockbit/menu_Bandarmology' is clickable

2024-01-22 18:27:20 - [MESSAGE][PASSED] - Object 'Object Repository/Stockbit/menu_Bandarmology' is clickable

2024-01-22 18:27:20 - [TEST_STEP][PASSED] - click(findTestObject("Stockbit/menu_Bandarmology")): Object: 'Object Repository/Stockbit/menu_Bandarmology' is clicked on

2024-01-22 18:27:20 - [MESSAGE][PASSED] - Object: 'Object Repository/Stockbit/menu_Bandarmology' is clicked on

2024-01-22 18:27:20 - [TEST_STEP][PASSED] - strTemp = "NA": null

2024-01-22 18:27:20 - [TEST_STEP][PASSED] - if (getCellValueByIndex(sheet01, rowIndex, 4) != "DONE"): Object: 'Object Repository/Stockbit/menu_Bandarmology' is clicked on

2024-01-22 18:27:20 - [TEST_STEP][PASSED] - strNama = getCellValueByIndex(sheet01, rowIndex, 0): null

2024-01-22 18:27:20 - [TEST_STEP][PASSED] - navigateToUrl("https://stockbit.com/#/symbol/" + strNama): Navigate to 'https://stockbit.com/#/symbol/BNBR' successfully

2024-01-22 18:27:22 - [MESSAGE][PASSED] - Navigate to 'https://stockbit.com/#/symbol/BNBR' successfully

2024-01-22 18:27:22 - [TEST_STEP][PASSED] - waitForElementClickable(findTestObject("Stockbit/menu_Bandarmology"), 10): Object 'Object Repository/Stockbit/menu_Bandarmology' is clickable

2024-01-22 18:27:23 - [MESSAGE][PASSED] - Object 'Object Repository/Stockbit/menu_Bandarmology' is clickable

2024-01-22 18:27:23 - [TEST_STEP][PASSED] - click(findTestObject("Stockbit/menu_Bandarmology")): Object: 'Object Repository/Stockbit/menu_Bandarmology' is clicked on

2024-01-22 18:27:23 - [MESSAGE][PASSED] - Object: 'Object Repository/Stockbit/menu_Bandarmology' is clicked on

2024-01-22 18:27:23 - [TEST_STEP][PASSED] - strTanggal = d.format(DateTimeFormatter.ofPattern("MMM dd, yyyy")): null

2024-01-22 18:27:23 - [TEST_STEP][PASSED] - strTanggal = d.format(ISO_DATE): null

2024-01-22 18:27:23 - [TEST_STEP][PASSED] - out.println("strTanggal = " + strTanggal): null

2024-01-22 18:27:23 - [TEST_STEP][PASSED] - out.println("strNama = " + strNama): null

2024-01-22 18:27:23 - [TEST_STEP][PASSED] - out.println("Baris ke = " + rowIndex): null

2024-01-22 18:27:23 - [TEST_STEP][PASSED] - click(findTestObject("Stockbit/input__BandarmologyOpenStartDate")): Object: 'Object Repository/Stockbit/input__BandarmologyOpenStartDate' is clicked on

2024-01-22 18:27:25 - [MESSAGE][PASSED] - Object: 'Object Repository/Stockbit/input__BandarmologyOpenStartDate' is clicked on

2024-01-22 18:27:25 - [TEST_STEP][PASSED] - sendKeys(findTestObject("Stockbit/input__BandarmologyOpenStartDate"), Keys.chord(CONTROL, "a")): Keys 'CONTROL + a' sent to object: 'Object Repository/Stockbit/input__BandarmologyOpenStartDate'

2024-01-22 18:27:25 - [MESSAGE][PASSED] - Keys 'CONTROL + a' sent to object: 'Object Repository/Stockbit/input__BandarmologyOpenStartDate'

2024-01-22 18:27:25 - [TEST_STEP][PASSED] - sendKeys(findTestObject("Stockbit/input__BandarmologyOpenStartDate"), Keys.chord(BACK_SPACE)): Keys 'BACK_SPACE + ' sent to object: 'Object Repository/Stockbit/input__BandarmologyOpenStartDate'

2024-01-22 18:27:26 - [MESSAGE][PASSED] - Keys 'BACK_SPACE + ' sent to object: 'Object Repository/Stockbit/input__BandarmologyOpenStartDate'

2024-01-22 18:27:26 - [TEST_STEP][PASSED] - setText(findTestObject("Stockbit/input__BandarmologyOpenStartDate"), strTanggal): Text '2024-01-22' is set on object 'Object Repository/Stockbit/input__BandarmologyOpenStartDate'

2024-01-22 18:27:26 - [MESSAGE][PASSED] - Text '2024-01-22' is set on object 'Object Repository/Stockbit/input__BandarmologyOpenStartDate'

2024-01-22 18:27:26 - [TEST_STEP][PASSED] - sendKeys(findTestObject("Stockbit/input__BandarmologyOpenStartDate"), Keys.chord(ENTER)): Keys 'ENTER + ' sent to object: 'Object Repository/Stockbit/input__BandarmologyOpenStartDate'

2024-01-22 18:27:27 - [MESSAGE][PASSED] - Keys 'ENTER + ' sent to object: 'Object Repository/Stockbit/input__BandarmologyOpenStartDate'

2024-01-22 18:27:27 - [TEST_STEP][PASSED] - click(findTestObject("Stockbit/input__BandarmologyOpenEndDate")): Object: 'Object Repository/Stockbit/input__BandarmologyOpenEndDate' is clicked on

2024-01-22 18:27:27 - [MESSAGE][PASSED] - Object: 'Object Repository/Stockbit/input__BandarmologyOpenEndDate' is clicked on

2024-01-22 18:27:27 - [TEST_STEP][PASSED] - sendKeys(findTestObject("Stockbit/input__BandarmologyOpenEndDate"), Keys.chord(CONTROL, "a")): Keys 'CONTROL + a' sent to object: 'Object Repository/Stockbit/input__BandarmologyOpenEndDate'

2024-01-22 18:27:28 - [MESSAGE][PASSED] - Keys 'CONTROL + a' sent to object: 'Object Repository/Stockbit/input__BandarmologyOpenEndDate'

2024-01-22 18:27:28 - [TEST_STEP][PASSED] - sendKeys(findTestObject("Stockbit/input__BandarmologyOpenEndDate"), Keys.chord(BACK_SPACE)): Keys 'BACK_SPACE + ' sent to object: 'Object Repository/Stockbit/input__BandarmologyOpenEndDate'

2024-01-22 18:27:28 - [MESSAGE][PASSED] - Keys 'BACK_SPACE + ' sent to object: 'Object Repository/Stockbit/input__BandarmologyOpenEndDate'

2024-01-22 18:27:28 - [TEST_STEP][PASSED] - setText(findTestObject("Stockbit/input__BandarmologyOpenEndDate"), strTanggal): Text '2024-01-22' is set on object 'Object Repository/Stockbit/input__BandarmologyOpenEndDate'

2024-01-22 18:27:29 - [MESSAGE][PASSED] - Text '2024-01-22' is set on object 'Object Repository/Stockbit/input__BandarmologyOpenEndDate'

2024-01-22 18:27:29 - [TEST_STEP][PASSED] - sendKeys(findTestObject("Stockbit/input__BandarmologyOpenEndDate"), Keys.chord(ENTER)): Keys 'ENTER + ' sent to object: 'Object Repository/Stockbit/input__BandarmologyOpenEndDate'

2024-01-22 18:27:29 - [MESSAGE][PASSED] - Keys 'ENTER + ' sent to object: 'Object Repository/Stockbit/input__BandarmologyOpenEndDate'

2024-01-22 18:27:29 - [TEST_STEP][PASSED] - delay(2): Delayed 2 second(s)

2024-01-22 18:27:31 - [MESSAGE][PASSED] - Delayed 2 second(s)

2024-01-22 18:27:31 - [TEST_STEP][PASSED] - strTemp = getText(findTestObject("Stockbit/Bandarmology_AvgRP")): Text of object 'Object Repository/Stockbit/Bandarmology_AvgRP' is: '50'

2024-01-22 18:27:31 - [MESSAGE][PASSED] - Text of object 'Object Repository/Stockbit/Bandarmology_AvgRP' is: '50'

2024-01-22 18:27:31 - [TEST_STEP][PASSED] - out.println("Bandarmology_AvgRP = " + strTemp): null

2024-01-22 18:27:31 - [TEST_STEP][PASSED] - if (strTemp != "0"): null

2024-01-22 18:27:31 - [TEST_STEP][PASSED] - strTop1 = getText(findTestObject("Stockbit/Bandarmology_Top1")): Text of object 'Object Repository/Stockbit/Bandarmology_Top1' is: 'Normal Dist'

2024-01-22 18:27:32 - [MESSAGE][PASSED] - Text of object 'Object Repository/Stockbit/Bandarmology_Top1' is: 'Normal Dist'

2024-01-22 18:27:32 - [TEST_STEP][PASSED] - strTop3 = getText(findTestObject("Stockbit/Bandarmology_Top3")): Text of object 'Object Repository/Stockbit/Bandarmology_Top3' is: 'Neutral'

2024-01-22 18:27:32 - [MESSAGE][PASSED] - Text of object 'Object Repository/Stockbit/Bandarmology_Top3' is: 'Neutral'

2024-01-22 18:27:32 - [TEST_STEP][PASSED] - strTop5 = getText(findTestObject("Stockbit/Bandarmology_Top5")): Text of object 'Object Repository/Stockbit/Bandarmology_Top5' is: 'Neutral'

2024-01-22 18:27:32 - [MESSAGE][PASSED] - Text of object 'Object Repository/Stockbit/Bandarmology_Top5' is: 'Neutral'

2024-01-22 18:27:32 - [TEST_STEP][PASSED] - strAllBrokAvg = getText(findTestObject("Stockbit/Bandarmology_TopAVG")): Text of object 'Object Repository/Stockbit/Bandarmology_TopAVG' is: 'Neutral'

2024-01-22 18:27:32 - [MESSAGE][PASSED] - Text of object 'Object Repository/Stockbit/Bandarmology_TopAVG' is: 'Neutral'

2024-01-22 18:27:32 - [TEST_STEP][PASSED] - strTemp = getText(findTestObject("Stockbit/Bandarmology_AvgRP")): Text of object 'Object Repository/Stockbit/Bandarmology_AvgRP' is: '50'

2024-01-22 18:27:32 - [MESSAGE][PASSED] - Text of object 'Object Repository/Stockbit/Bandarmology_AvgRP' is: '50'

2024-01-22 18:27:32 - [TEST_STEP][PASSED] - if (strTemp.contains(",")): null

2024-01-22 18:27:32 - [TEST_STEP][PASSED] - intAvgRP = strTemp.toInteger(): null

2024-01-22 18:27:32 - [TEST_STEP][PASSED] - strBuyer1 = getText(findTestObject("Stockbit/Bandarmology_Buyer1")): Text of object 'Object Repository/Stockbit/Bandarmology_Buyer1' is: 'SQ'

2024-01-22 18:27:32 - [MESSAGE][PASSED] - Text of object 'Object Repository/Stockbit/Bandarmology_Buyer1' is: 'SQ'

2024-01-22 18:27:32 - [TEST_STEP][PASSED] - strBuyerVol1 = getText(findTestObject("Stockbit/Bandarmology_BuyerVol1")): Text of object 'Object Repository/Stockbit/Bandarmology_BuyerVol1' is: '60'

2024-01-22 18:27:32 - [MESSAGE][PASSED] - Text of object 'Object Repository/Stockbit/Bandarmology_BuyerVol1' is: '60'

2024-01-22 18:27:32 - [TEST_STEP][PASSED] - strBuyerAvg1 = getText(findTestObject("Stockbit/Bandarmology_BuyerAvg1")): Text of object 'Object Repository/Stockbit/Bandarmology_BuyerAvg1' is: '50'

2024-01-22 18:27:33 - [MESSAGE][PASSED] - Text of object 'Object Repository/Stockbit/Bandarmology_BuyerAvg1' is: '50'

2024-01-22 18:27:33 - [TEST_STEP][PASSED] - if (strBuyerAvg1.contains(",")): null

2024-01-22 18:27:33 - [TEST_STEP][PASSED] - if (strBuyerVol1.contains(" B")): null

2024-01-22 18:27:33 - [TEST_STEP][PASSED] - strSeller1 = getText(findTestObject("Stockbit/Bandarmology_Seller1")): Text of object 'Object Repository/Stockbit/Bandarmology_Seller1' is: 'MG'

2024-01-22 18:27:33 - [MESSAGE][PASSED] - Text of object 'Object Repository/Stockbit/Bandarmology_Seller1' is: 'MG'

2024-01-22 18:27:33 - [TEST_STEP][PASSED] - strSellerVol1 = getText(findTestObject("Stockbit/Bandarmology_SellerVol1")): Text of object 'Object Repository/Stockbit/Bandarmology_SellerVol1' is: '70'

2024-01-22 18:27:33 - [MESSAGE][PASSED] - Text of object 'Object Repository/Stockbit/Bandarmology_SellerVol1' is: '70'

2024-01-22 18:27:33 - [TEST_STEP][PASSED] - strSellerAvg1 = getText(findTestObject("Stockbit/Bandarmology_SellerAvg1")): Text of object 'Object Repository/Stockbit/Bandarmology_SellerAvg1' is: '50'

2024-01-22 18:27:33 - [MESSAGE][PASSED] - Text of object 'Object Repository/Stockbit/Bandarmology_SellerAvg1' is: '50'

2024-01-22 18:27:33 - [TEST_STEP][PASSED] - if (strSellerAvg1.contains(",")): null

2024-01-22 18:27:33 - [TEST_STEP][PASSED] - if (strSellerVol1.contains(" B")): null

2024-01-22 18:27:33 - [TEST_STEP][PASSED] - if (verifyElementNotPresent(findTestObject("Stockbit/Bandarmology_Buyer2"), 1, OPTIONAL)): Web element with id: 'Object Repository/Stockbit/Bandarmology_Buyer2' located by 'By.xpath: //*[contains(@id, 'rc-tabs-')]/div[2]/div/div/div/div/div/div[2]/table/tbody/tr[3]/td[1]/p' is present after '1' second(s) (Root cause: com.kms.katalon.core.exception.StepFailedException: Web element with id: 'Object Repository/Stockbit/Bandarmology_Buyer2' located by 'By.xpath: //*[contains(@id, 'rc-tabs-')]/div[2]/div/div/div/div/div/div[2]/table/tbody/tr[3]/td[1]/p' is present after '1' second(s)
	at com.kms.katalon.core.webui.keyword.internal.WebUIKeywordMain.stepFailed(WebUIKeywordMain.groovy:64)
	at com.kms.katalon.core.webui.keyword.internal.WebUIKeywordMain$stepFailed$0.call(Unknown Source)
	at com.kms.katalon.core.webui.keyword.builtin.VerifyElementNotPresentKeyword$_verifyElementNotPresent_closure1.doCall(VerifyElementNotPresentKeyword.groovy:106)
	at com.kms.katalon.core.webui.keyword.builtin.VerifyElementNotPresentKeyword$_verifyElementNotPresent_closure1.doCall(VerifyElementNotPresentKeyword.groovy)
	at com.kms.katalon.core.webui.keyword.internal.WebUIKeywordMain.runKeyword(WebUIKeywordMain.groovy:20)
	at com.kms.katalon.core.webui.keyword.internal.WebUIKeywordMain$runKeyword.call(Unknown Source)
	at com.kms.katalon.core.webui.keyword.builtin.VerifyElementNotPresentKeyword.verifyElementNotPresent(VerifyElementNotPresentKeyword.groovy:117)
	at com.kms.katalon.core.webui.keyword.builtin.VerifyElementNotPresentKeyword.execute(VerifyElementNotPresentKeyword.groovy:68)
	at com.kms.katalon.core.keyword.internal.KeywordExecutor.executeKeywordForPlatform(KeywordExecutor.groovy:74)
	at com.kms.katalon.core.webui.keyword.WebUiBuiltInKeywords.verifyElementNotPresent(WebUiBuiltInKeywords.groovy:1481)
	at com.kms.katalon.core.webui.keyword.WebUiBuiltInKeywords$verifyElementNotPresent$8.call(Unknown Source)
	at GetBrokSumPriceDaily.run(GetBrokSumPriceDaily:258)
	at com.kms.katalon.core.main.ScriptEngine.run(ScriptEngine.java:194)
	at com.kms.katalon.core.main.ScriptEngine.runScriptAsRawText(ScriptEngine.java:119)
	at com.kms.katalon.core.main.TestCaseExecutor.runScript(TestCaseExecutor.java:445)
	at com.kms.katalon.core.main.TestCaseExecutor.doExecute(TestCaseExecutor.java:436)
	at com.kms.katalon.core.main.TestCaseExecutor.processExecutionPhase(TestCaseExecutor.java:415)
	at com.kms.katalon.core.main.TestCaseExecutor.accessMainPhase(TestCaseExecutor.java:407)
	at com.kms.katalon.core.main.TestCaseExecutor.execute(TestCaseExecutor.java:284)
	at com.kms.katalon.core.common.CommonExecutor.accessTestCaseMainPhase(CommonExecutor.java:65)
	at com.kms.katalon.core.main.TestSuiteExecutor.accessTestSuiteMainPhase(TestSuiteExecutor.java:144)
	at com.kms.katalon.core.main.TestSuiteExecutor.execute(TestSuiteExecutor.java:106)
	at com.kms.katalon.core.main.TestCaseMain.startTestSuite(TestCaseMain.java:185)
	at com.kms.katalon.core.main.TestCaseMain$startTestSuite$0.call(Unknown Source)
	at TempTestSuite1705922193915.run(TempTestSuite1705922193915.groovy:36)
)

2024-01-22 18:27:34 - [MESSAGE][WARNING] - Web element with id: 'Object Repository/Stockbit/Bandarmology_Buyer2' located by 'By.xpath: //*[contains(@id, 'rc-tabs-')]/div[2]/div/div/div/div/div/div[2]/table/tbody/tr[3]/td[1]/p' is present after '1' second(s) (Root cause: com.kms.katalon.core.exception.StepFailedException: Web element with id: 'Object Repository/Stockbit/Bandarmology_Buyer2' located by 'By.xpath: //*[contains(@id, 'rc-tabs-')]/div[2]/div/div/div/div/div/div[2]/table/tbody/tr[3]/td[1]/p' is present after '1' second(s)
	at com.kms.katalon.core.webui.keyword.internal.WebUIKeywordMain.stepFailed(WebUIKeywordMain.groovy:64)
	at com.kms.katalon.core.webui.keyword.internal.WebUIKeywordMain$stepFailed$0.call(Unknown Source)
	at com.kms.katalon.core.webui.keyword.builtin.VerifyElementNotPresentKeyword$_verifyElementNotPresent_closure1.doCall(VerifyElementNotPresentKeyword.groovy:106)
	at com.kms.katalon.core.webui.keyword.builtin.VerifyElementNotPresentKeyword$_verifyElementNotPresent_closure1.doCall(VerifyElementNotPresentKeyword.groovy)
	at com.kms.katalon.core.webui.keyword.internal.WebUIKeywordMain.runKeyword(WebUIKeywordMain.groovy:20)
	at com.kms.katalon.core.webui.keyword.internal.WebUIKeywordMain$runKeyword.call(Unknown Source)
	at com.kms.katalon.core.webui.keyword.builtin.VerifyElementNotPresentKeyword.verifyElementNotPresent(VerifyElementNotPresentKeyword.groovy:117)
	at com.kms.katalon.core.webui.keyword.builtin.VerifyElementNotPresentKeyword.execute(VerifyElementNotPresentKeyword.groovy:68)
	at com.kms.katalon.core.keyword.internal.KeywordExecutor.executeKeywordForPlatform(KeywordExecutor.groovy:74)
	at com.kms.katalon.core.webui.keyword.WebUiBuiltInKeywords.verifyElementNotPresent(WebUiBuiltInKeywords.groovy:1481)
	at com.kms.katalon.core.webui.keyword.WebUiBuiltInKeywords$verifyElementNotPresent$8.call(Unknown Source)
	at GetBrokSumPriceDaily.run(GetBrokSumPriceDaily:258)
	at com.kms.katalon.core.main.ScriptEngine.run(ScriptEngine.java:194)
	at com.kms.katalon.core.main.ScriptEngine.runScriptAsRawText(ScriptEngine.java:119)
	at com.kms.katalon.core.main.TestCaseExecutor.runScript(TestCaseExecutor.java:445)
	at com.kms.katalon.core.main.TestCaseExecutor.doExecute(TestCaseExecutor.java:436)
	at com.kms.katalon.core.main.TestCaseExecutor.processExecutionPhase(TestCaseExecutor.java:415)
	at com.kms.katalon.core.main.TestCaseExecutor.accessMainPhase(TestCaseExecutor.java:407)
	at com.kms.katalon.core.main.TestCaseExecutor.execute(TestCaseExecutor.java:284)
	at com.kms.katalon.core.common.CommonExecutor.accessTestCaseMainPhase(CommonExecutor.java:65)
	at com.kms.katalon.core.main.TestSuiteExecutor.accessTestSuiteMainPhase(TestSuiteExecutor.java:144)
	at com.kms.katalon.core.main.TestSuiteExecutor.execute(TestSuiteExecutor.java:106)
	at com.kms.katalon.core.main.TestCaseMain.startTestSuite(TestCaseMain.java:185)
	at com.kms.katalon.core.main.TestCaseMain$startTestSuite$0.call(Unknown Source)
	at TempTestSuite1705922193915.run(TempTestSuite1705922193915.groovy:36)
)
[[ATTACHMENT|C:\\Users\\Fadli\\git\\KatalonDailyGetData2\\Reports\\20240122_174123\\TS1\\20240122_181633\\1705922854719.png]]

2024-01-22 18:27:34 - [TEST_STEP][PASSED] - else: null

2024-01-22 18:27:34 - [TEST_STEP][PASSED] - strBuyer2 = getText(findTestObject("Stockbit/Bandarmology_Buyer2")): Text of object 'Object Repository/Stockbit/Bandarmology_Buyer2' is: 'XC'

2024-01-22 18:27:35 - [MESSAGE][PASSED] - Text of object 'Object Repository/Stockbit/Bandarmology_Buyer2' is: 'XC'

2024-01-22 18:27:35 - [TEST_STEP][PASSED] - strBuyerVol2 = getText(findTestObject("Stockbit/Bandarmology_BuyerVol2")): Text of object 'Object Repository/Stockbit/Bandarmology_BuyerVol2' is: '6'

2024-01-22 18:27:35 - [MESSAGE][PASSED] - Text of object 'Object Repository/Stockbit/Bandarmology_BuyerVol2' is: '6'

2024-01-22 18:27:35 - [TEST_STEP][PASSED] - strBuyerAvg2 = getText(findTestObject("Stockbit/Bandarmology_BuyerAvg2")): Text of object 'Object Repository/Stockbit/Bandarmology_BuyerAvg2' is: '50'

2024-01-22 18:27:35 - [MESSAGE][PASSED] - Text of object 'Object Repository/Stockbit/Bandarmology_BuyerAvg2' is: '50'

2024-01-22 18:27:35 - [TEST_STEP][PASSED] - if (strBuyer2 != ""): null

2024-01-22 18:27:35 - [TEST_STEP][PASSED] - if (strBuyerAvg2.contains(",")): null

2024-01-22 18:27:35 - [TEST_STEP][PASSED] - if (strBuyerVol2.contains(" B")): null

2024-01-22 18:27:35 - [TEST_STEP][PASSED] - if (strBuyerVol2.contains(".")): null

2024-01-22 18:27:35 - [TEST_STEP][PASSED] - if (verifyElementNotPresent(findTestObject("Stockbit/Bandarmology_Seller2"), 1, OPTIONAL)): Web element with id: 'Object Repository/Stockbit/Bandarmology_Seller2' located by 'By.xpath: //*[contains(@id, 'rc-tabs-')]/div[2]/div/div/div/div/div/div[2]/table/tbody/tr[3]/td[5]/p' is present after '1' second(s) (Root cause: com.kms.katalon.core.exception.StepFailedException: Web element with id: 'Object Repository/Stockbit/Bandarmology_Seller2' located by 'By.xpath: //*[contains(@id, 'rc-tabs-')]/div[2]/div/div/div/div/div/div[2]/table/tbody/tr[3]/td[5]/p' is present after '1' second(s)
	at com.kms.katalon.core.webui.keyword.internal.WebUIKeywordMain.stepFailed(WebUIKeywordMain.groovy:64)
	at com.kms.katalon.core.webui.keyword.internal.WebUIKeywordMain$stepFailed$0.call(Unknown Source)
	at com.kms.katalon.core.webui.keyword.builtin.VerifyElementNotPresentKeyword$_verifyElementNotPresent_closure1.doCall(VerifyElementNotPresentKeyword.groovy:106)
	at com.kms.katalon.core.webui.keyword.builtin.VerifyElementNotPresentKeyword$_verifyElementNotPresent_closure1.doCall(VerifyElementNotPresentKeyword.groovy)
	at com.kms.katalon.core.webui.keyword.internal.WebUIKeywordMain.runKeyword(WebUIKeywordMain.groovy:20)
	at com.kms.katalon.core.webui.keyword.internal.WebUIKeywordMain$runKeyword.call(Unknown Source)
	at com.kms.katalon.core.webui.keyword.builtin.VerifyElementNotPresentKeyword.verifyElementNotPresent(VerifyElementNotPresentKeyword.groovy:117)
	at com.kms.katalon.core.webui.keyword.builtin.VerifyElementNotPresentKeyword.execute(VerifyElementNotPresentKeyword.groovy:68)
	at com.kms.katalon.core.keyword.internal.KeywordExecutor.executeKeywordForPlatform(KeywordExecutor.groovy:74)
	at com.kms.katalon.core.webui.keyword.WebUiBuiltInKeywords.verifyElementNotPresent(WebUiBuiltInKeywords.groovy:1481)
	at com.kms.katalon.core.webui.keyword.WebUiBuiltInKeywords$verifyElementNotPresent$8.call(Unknown Source)
	at GetBrokSumPriceDaily.run(GetBrokSumPriceDaily:309)
	at com.kms.katalon.core.main.ScriptEngine.run(ScriptEngine.java:194)
	at com.kms.katalon.core.main.ScriptEngine.runScriptAsRawText(ScriptEngine.java:119)
	at com.kms.katalon.core.main.TestCaseExecutor.runScript(TestCaseExecutor.java:445)
	at com.kms.katalon.core.main.TestCaseExecutor.doExecute(TestCaseExecutor.java:436)
	at com.kms.katalon.core.main.TestCaseExecutor.processExecutionPhase(TestCaseExecutor.java:415)
	at com.kms.katalon.core.main.TestCaseExecutor.accessMainPhase(TestCaseExecutor.java:407)
	at com.kms.katalon.core.main.TestCaseExecutor.execute(TestCaseExecutor.java:284)
	at com.kms.katalon.core.common.CommonExecutor.accessTestCaseMainPhase(CommonExecutor.java:65)
	at com.kms.katalon.core.main.TestSuiteExecutor.accessTestSuiteMainPhase(TestSuiteExecutor.java:144)
	at com.kms.katalon.core.main.TestSuiteExecutor.execute(TestSuiteExecutor.java:106)
	at com.kms.katalon.core.main.TestCaseMain.startTestSuite(TestCaseMain.java:185)
	at com.kms.katalon.core.main.TestCaseMain$startTestSuite$0.call(Unknown Source)
	at TempTestSuite1705922193915.run(TempTestSuite1705922193915.groovy:36)
)

2024-01-22 18:27:36 - [MESSAGE][WARNING] - Web element with id: 'Object Repository/Stockbit/Bandarmology_Seller2' located by 'By.xpath: //*[contains(@id, 'rc-tabs-')]/div[2]/div/div/div/div/div/div[2]/table/tbody/tr[3]/td[5]/p' is present after '1' second(s) (Root cause: com.kms.katalon.core.exception.StepFailedException: Web element with id: 'Object Repository/Stockbit/Bandarmology_Seller2' located by 'By.xpath: //*[contains(@id, 'rc-tabs-')]/div[2]/div/div/div/div/div/div[2]/table/tbody/tr[3]/td[5]/p' is present after '1' second(s)
	at com.kms.katalon.core.webui.keyword.internal.WebUIKeywordMain.stepFailed(WebUIKeywordMain.groovy:64)
	at com.kms.katalon.core.webui.keyword.internal.WebUIKeywordMain$stepFailed$0.call(Unknown Source)
	at com.kms.katalon.core.webui.keyword.builtin.VerifyElementNotPresentKeyword$_verifyElementNotPresent_closure1.doCall(VerifyElementNotPresentKeyword.groovy:106)
	at com.kms.katalon.core.webui.keyword.builtin.VerifyElementNotPresentKeyword$_verifyElementNotPresent_closure1.doCall(VerifyElementNotPresentKeyword.groovy)
	at com.kms.katalon.core.webui.keyword.internal.WebUIKeywordMain.runKeyword(WebUIKeywordMain.groovy:20)
	at com.kms.katalon.core.webui.keyword.internal.WebUIKeywordMain$runKeyword.call(Unknown Source)
	at com.kms.katalon.core.webui.keyword.builtin.VerifyElementNotPresentKeyword.verifyElementNotPresent(VerifyElementNotPresentKeyword.groovy:117)
	at com.kms.katalon.core.webui.keyword.builtin.VerifyElementNotPresentKeyword.execute(VerifyElementNotPresentKeyword.groovy:68)
	at com.kms.katalon.core.keyword.internal.KeywordExecutor.executeKeywordForPlatform(KeywordExecutor.groovy:74)
	at com.kms.katalon.core.webui.keyword.WebUiBuiltInKeywords.verifyElementNotPresent(WebUiBuiltInKeywords.groovy:1481)
	at com.kms.katalon.core.webui.keyword.WebUiBuiltInKeywords$verifyElementNotPresent$8.call(Unknown Source)
	at GetBrokSumPriceDaily.run(GetBrokSumPriceDaily:309)
	at com.kms.katalon.core.main.ScriptEngine.run(ScriptEngine.java:194)
	at com.kms.katalon.core.main.ScriptEngine.runScriptAsRawText(ScriptEngine.java:119)
	at com.kms.katalon.core.main.TestCaseExecutor.runScript(TestCaseExecutor.java:445)
	at com.kms.katalon.core.main.TestCaseExecutor.doExecute(TestCaseExecutor.java:436)
	at com.kms.katalon.core.main.TestCaseExecutor.processExecutionPhase(TestCaseExecutor.java:415)
	at com.kms.katalon.core.main.TestCaseExecutor.accessMainPhase(TestCaseExecutor.java:407)
	at com.kms.katalon.core.main.TestCaseExecutor.execute(TestCaseExecutor.java:284)
	at com.kms.katalon.core.common.CommonExecutor.accessTestCaseMainPhase(CommonExecutor.java:65)
	at com.kms.katalon.core.main.TestSuiteExecutor.accessTestSuiteMainPhase(TestSuiteExecutor.java:144)
	at com.kms.katalon.core.main.TestSuiteExecutor.execute(TestSuiteExecutor.java:106)
	at com.kms.katalon.core.main.TestCaseMain.startTestSuite(TestCaseMain.java:185)
	at com.kms.katalon.core.main.TestCaseMain$startTestSuite$0.call(Unknown Source)
	at TempTestSuite1705922193915.run(TempTestSuite1705922193915.groovy:36)
)
[[ATTACHMENT|C:\\Users\\Fadli\\git\\KatalonDailyGetData2\\Reports\\20240122_174123\\TS1\\20240122_181633\\1705922856515.png]]

2024-01-22 18:27:36 - [TEST_STEP][PASSED] - else: null

2024-01-22 18:27:36 - [TEST_STEP][PASSED] - strSeller2 = getText(findTestObject("Stockbit/Bandarmology_Seller2")): Text of object 'Object Repository/Stockbit/Bandarmology_Seller2' is: ''

2024-01-22 18:27:36 - [MESSAGE][PASSED] - Text of object 'Object Repository/Stockbit/Bandarmology_Seller2' is: ''

2024-01-22 18:27:36 - [TEST_STEP][PASSED] - strSellerVol2 = getText(findTestObject("Stockbit/Bandarmology_SellerVol2")): Text of object 'Object Repository/Stockbit/Bandarmology_SellerVol2' is: ''

2024-01-22 18:27:37 - [MESSAGE][PASSED] - Text of object 'Object Repository/Stockbit/Bandarmology_SellerVol2' is: ''

2024-01-22 18:27:37 - [TEST_STEP][PASSED] - strSellerAvg2 = getText(findTestObject("Stockbit/Bandarmology_SellerAvg2")): Text of object 'Object Repository/Stockbit/Bandarmology_SellerAvg2' is: ''

2024-01-22 18:27:37 - [MESSAGE][PASSED] - Text of object 'Object Repository/Stockbit/Bandarmology_SellerAvg2' is: ''

2024-01-22 18:27:37 - [TEST_STEP][PASSED] - if (strSeller2 != ""): null

2024-01-22 18:27:37 - [TEST_STEP][PASSED] - else: null

2024-01-22 18:27:37 - [TEST_STEP][PASSED] - strSeller2 = "-": null

2024-01-22 18:27:37 - [TEST_STEP][PASSED] - strSellerVol2 = "0": null

2024-01-22 18:27:37 - [TEST_STEP][PASSED] - strSellerAvg2 = "0": null

2024-01-22 18:27:37 - [TEST_STEP][PASSED] - if (verifyElementNotPresent(findTestObject("Stockbit/Bandarmology_Buyer3"), 1, OPTIONAL)): Web element with id: 'Object Repository/Stockbit/Bandarmology_Buyer3' located by 'By.xpath: //*[contains(@id, 'rc-tabs-')]/div[2]/div/div/div/div/div/div[2]/table/tbody/tr[4]/td[1]/p' is present after '1' second(s) (Root cause: com.kms.katalon.core.exception.StepFailedException: Web element with id: 'Object Repository/Stockbit/Bandarmology_Buyer3' located by 'By.xpath: //*[contains(@id, 'rc-tabs-')]/div[2]/div/div/div/div/div/div[2]/table/tbody/tr[4]/td[1]/p' is present after '1' second(s)
	at com.kms.katalon.core.webui.keyword.internal.WebUIKeywordMain.stepFailed(WebUIKeywordMain.groovy:64)
	at com.kms.katalon.core.webui.keyword.internal.WebUIKeywordMain$stepFailed$0.call(Unknown Source)
	at com.kms.katalon.core.webui.keyword.builtin.VerifyElementNotPresentKeyword$_verifyElementNotPresent_closure1.doCall(VerifyElementNotPresentKeyword.groovy:106)
	at com.kms.katalon.core.webui.keyword.builtin.VerifyElementNotPresentKeyword$_verifyElementNotPresent_closure1.doCall(VerifyElementNotPresentKeyword.groovy)
	at com.kms.katalon.core.webui.keyword.internal.WebUIKeywordMain.runKeyword(WebUIKeywordMain.groovy:20)
	at com.kms.katalon.core.webui.keyword.internal.WebUIKeywordMain$runKeyword.call(Unknown Source)
	at com.kms.katalon.core.webui.keyword.builtin.VerifyElementNotPresentKeyword.verifyElementNotPresent(VerifyElementNotPresentKeyword.groovy:117)
	at com.kms.katalon.core.webui.keyword.builtin.VerifyElementNotPresentKeyword.execute(VerifyElementNotPresentKeyword.groovy:68)
	at com.kms.katalon.core.keyword.internal.KeywordExecutor.executeKeywordForPlatform(KeywordExecutor.groovy:74)
	at com.kms.katalon.core.webui.keyword.WebUiBuiltInKeywords.verifyElementNotPresent(WebUiBuiltInKeywords.groovy:1481)
	at com.kms.katalon.core.webui.keyword.WebUiBuiltInKeywords$verifyElementNotPresent$8.call(Unknown Source)
	at GetBrokSumPriceDaily.run(GetBrokSumPriceDaily:361)
	at com.kms.katalon.core.main.ScriptEngine.run(ScriptEngine.java:194)
	at com.kms.katalon.core.main.ScriptEngine.runScriptAsRawText(ScriptEngine.java:119)
	at com.kms.katalon.core.main.TestCaseExecutor.runScript(TestCaseExecutor.java:445)
	at com.kms.katalon.core.main.TestCaseExecutor.doExecute(TestCaseExecutor.java:436)
	at com.kms.katalon.core.main.TestCaseExecutor.processExecutionPhase(TestCaseExecutor.java:415)
	at com.kms.katalon.core.main.TestCaseExecutor.accessMainPhase(TestCaseExecutor.java:407)
	at com.kms.katalon.core.main.TestCaseExecutor.execute(TestCaseExecutor.java:284)
	at com.kms.katalon.core.common.CommonExecutor.accessTestCaseMainPhase(CommonExecutor.java:65)
	at com.kms.katalon.core.main.TestSuiteExecutor.accessTestSuiteMainPhase(TestSuiteExecutor.java:144)
	at com.kms.katalon.core.main.TestSuiteExecutor.execute(TestSuiteExecutor.java:106)
	at com.kms.katalon.core.main.TestCaseMain.startTestSuite(TestCaseMain.java:185)
	at com.kms.katalon.core.main.TestCaseMain$startTestSuite$0.call(Unknown Source)
	at TempTestSuite1705922193915.run(TempTestSuite1705922193915.groovy:36)
)

2024-01-22 18:27:38 - [MESSAGE][WARNING] - Web element with id: 'Object Repository/Stockbit/Bandarmology_Buyer3' located by 'By.xpath: //*[contains(@id, 'rc-tabs-')]/div[2]/div/div/div/div/div/div[2]/table/tbody/tr[4]/td[1]/p' is present after '1' second(s) (Root cause: com.kms.katalon.core.exception.StepFailedException: Web element with id: 'Object Repository/Stockbit/Bandarmology_Buyer3' located by 'By.xpath: //*[contains(@id, 'rc-tabs-')]/div[2]/div/div/div/div/div/div[2]/table/tbody/tr[4]/td[1]/p' is present after '1' second(s)
	at com.kms.katalon.core.webui.keyword.internal.WebUIKeywordMain.stepFailed(WebUIKeywordMain.groovy:64)
	at com.kms.katalon.core.webui.keyword.internal.WebUIKeywordMain$stepFailed$0.call(Unknown Source)
	at com.kms.katalon.core.webui.keyword.builtin.VerifyElementNotPresentKeyword$_verifyElementNotPresent_closure1.doCall(VerifyElementNotPresentKeyword.groovy:106)
	at com.kms.katalon.core.webui.keyword.builtin.VerifyElementNotPresentKeyword$_verifyElementNotPresent_closure1.doCall(VerifyElementNotPresentKeyword.groovy)
	at com.kms.katalon.core.webui.keyword.internal.WebUIKeywordMain.runKeyword(WebUIKeywordMain.groovy:20)
	at com.kms.katalon.core.webui.keyword.internal.WebUIKeywordMain$runKeyword.call(Unknown Source)
	at com.kms.katalon.core.webui.keyword.builtin.VerifyElementNotPresentKeyword.verifyElementNotPresent(VerifyElementNotPresentKeyword.groovy:117)
	at com.kms.katalon.core.webui.keyword.builtin.VerifyElementNotPresentKeyword.execute(VerifyElementNotPresentKeyword.groovy:68)
	at com.kms.katalon.core.keyword.internal.KeywordExecutor.executeKeywordForPlatform(KeywordExecutor.groovy:74)
	at com.kms.katalon.core.webui.keyword.WebUiBuiltInKeywords.verifyElementNotPresent(WebUiBuiltInKeywords.groovy:1481)
	at com.kms.katalon.core.webui.keyword.WebUiBuiltInKeywords$verifyElementNotPresent$8.call(Unknown Source)
	at GetBrokSumPriceDaily.run(GetBrokSumPriceDaily:361)
	at com.kms.katalon.core.main.ScriptEngine.run(ScriptEngine.java:194)
	at com.kms.katalon.core.main.ScriptEngine.runScriptAsRawText(ScriptEngine.java:119)
	at com.kms.katalon.core.main.TestCaseExecutor.runScript(TestCaseExecutor.java:445)
	at com.kms.katalon.core.main.TestCaseExecutor.doExecute(TestCaseExecutor.java:436)
	at com.kms.katalon.core.main.TestCaseExecutor.processExecutionPhase(TestCaseExecutor.java:415)
	at com.kms.katalon.core.main.TestCaseExecutor.accessMainPhase(TestCaseExecutor.java:407)
	at com.kms.katalon.core.main.TestCaseExecutor.execute(TestCaseExecutor.java:284)
	at com.kms.katalon.core.common.CommonExecutor.accessTestCaseMainPhase(CommonExecutor.java:65)
	at com.kms.katalon.core.main.TestSuiteExecutor.accessTestSuiteMainPhase(TestSuiteExecutor.java:144)
	at com.kms.katalon.core.main.TestSuiteExecutor.execute(TestSuiteExecutor.java:106)
	at com.kms.katalon.core.main.TestCaseMain.startTestSuite(TestCaseMain.java:185)
	at com.kms.katalon.core.main.TestCaseMain$startTestSuite$0.call(Unknown Source)
	at TempTestSuite1705922193915.run(TempTestSuite1705922193915.groovy:36)
)
[[ATTACHMENT|C:\\Users\\Fadli\\git\\KatalonDailyGetData2\\Reports\\20240122_174123\\TS1\\20240122_181633\\1705922858332.png]]

2024-01-22 18:27:38 - [TEST_STEP][PASSED] - else: null

2024-01-22 18:27:38 - [TEST_STEP][PASSED] - strBuyer3 = getText(findTestObject("Stockbit/Bandarmology_Buyer3")): Text of object 'Object Repository/Stockbit/Bandarmology_Buyer3' is: 'XL'

2024-01-22 18:27:38 - [MESSAGE][PASSED] - Text of object 'Object Repository/Stockbit/Bandarmology_Buyer3' is: 'XL'

2024-01-22 18:27:38 - [TEST_STEP][PASSED] - strBuyerVol3 = getText(findTestObject("Stockbit/Bandarmology_BuyerVol3")): Text of object 'Object Repository/Stockbit/Bandarmology_BuyerVol3' is: '2'

2024-01-22 18:27:38 - [MESSAGE][PASSED] - Text of object 'Object Repository/Stockbit/Bandarmology_BuyerVol3' is: '2'

2024-01-22 18:27:38 - [TEST_STEP][PASSED] - strBuyerAvg3 = getText(findTestObject("Stockbit/Bandarmology_BuyerAvg3")): Text of object 'Object Repository/Stockbit/Bandarmology_BuyerAvg3' is: '50'

2024-01-22 18:27:38 - [MESSAGE][PASSED] - Text of object 'Object Repository/Stockbit/Bandarmology_BuyerAvg3' is: '50'

2024-01-22 18:27:38 - [TEST_STEP][PASSED] - if (strBuyer3 != ""): null

2024-01-22 18:27:38 - [TEST_STEP][PASSED] - if (strBuyerAvg3.contains(",")): null

2024-01-22 18:27:38 - [TEST_STEP][PASSED] - if (strBuyerVol3.contains(" B")): null

2024-01-22 18:27:38 - [TEST_STEP][PASSED] - if (verifyElementNotPresent(findTestObject("Stockbit/Bandarmology_Seller3"), 1, OPTIONAL)): Web element with id: 'Object Repository/Stockbit/Bandarmology_Seller3' located by 'By.xpath: //*[contains(@id, 'rc-tabs-')]/div[2]/div/div/div/div/div/div[2]/table/tbody/tr[4]/td[5]/p' is present after '1' second(s) (Root cause: com.kms.katalon.core.exception.StepFailedException: Web element with id: 'Object Repository/Stockbit/Bandarmology_Seller3' located by 'By.xpath: //*[contains(@id, 'rc-tabs-')]/div[2]/div/div/div/div/div/div[2]/table/tbody/tr[4]/td[5]/p' is present after '1' second(s)
	at com.kms.katalon.core.webui.keyword.internal.WebUIKeywordMain.stepFailed(WebUIKeywordMain.groovy:64)
	at com.kms.katalon.core.webui.keyword.internal.WebUIKeywordMain$stepFailed$0.call(Unknown Source)
	at com.kms.katalon.core.webui.keyword.builtin.VerifyElementNotPresentKeyword$_verifyElementNotPresent_closure1.doCall(VerifyElementNotPresentKeyword.groovy:106)
	at com.kms.katalon.core.webui.keyword.builtin.VerifyElementNotPresentKeyword$_verifyElementNotPresent_closure1.doCall(VerifyElementNotPresentKeyword.groovy)
	at com.kms.katalon.core.webui.keyword.internal.WebUIKeywordMain.runKeyword(WebUIKeywordMain.groovy:20)
	at com.kms.katalon.core.webui.keyword.internal.WebUIKeywordMain$runKeyword.call(Unknown Source)
	at com.kms.katalon.core.webui.keyword.builtin.VerifyElementNotPresentKeyword.verifyElementNotPresent(VerifyElementNotPresentKeyword.groovy:117)
	at com.kms.katalon.core.webui.keyword.builtin.VerifyElementNotPresentKeyword.execute(VerifyElementNotPresentKeyword.groovy:68)
	at com.kms.katalon.core.keyword.internal.KeywordExecutor.executeKeywordForPlatform(KeywordExecutor.groovy:74)
	at com.kms.katalon.core.webui.keyword.WebUiBuiltInKeywords.verifyElementNotPresent(WebUiBuiltInKeywords.groovy:1481)
	at com.kms.katalon.core.webui.keyword.WebUiBuiltInKeywords$verifyElementNotPresent$8.call(Unknown Source)
	at GetBrokSumPriceDaily.run(GetBrokSumPriceDaily:414)
	at com.kms.katalon.core.main.ScriptEngine.run(ScriptEngine.java:194)
	at com.kms.katalon.core.main.ScriptEngine.runScriptAsRawText(ScriptEngine.java:119)
	at com.kms.katalon.core.main.TestCaseExecutor.runScript(TestCaseExecutor.java:445)
	at com.kms.katalon.core.main.TestCaseExecutor.doExecute(TestCaseExecutor.java:436)
	at com.kms.katalon.core.main.TestCaseExecutor.processExecutionPhase(TestCaseExecutor.java:415)
	at com.kms.katalon.core.main.TestCaseExecutor.accessMainPhase(TestCaseExecutor.java:407)
	at com.kms.katalon.core.main.TestCaseExecutor.execute(TestCaseExecutor.java:284)
	at com.kms.katalon.core.common.CommonExecutor.accessTestCaseMainPhase(CommonExecutor.java:65)
	at com.kms.katalon.core.main.TestSuiteExecutor.accessTestSuiteMainPhase(TestSuiteExecutor.java:144)
	at com.kms.katalon.core.main.TestSuiteExecutor.execute(TestSuiteExecutor.java:106)
	at com.kms.katalon.core.main.TestCaseMain.startTestSuite(TestCaseMain.java:185)
	at com.kms.katalon.core.main.TestCaseMain$startTestSuite$0.call(Unknown Source)
	at TempTestSuite1705922193915.run(TempTestSuite1705922193915.groovy:36)
)

2024-01-22 18:27:40 - [MESSAGE][WARNING] - Web element with id: 'Object Repository/Stockbit/Bandarmology_Seller3' located by 'By.xpath: //*[contains(@id, 'rc-tabs-')]/div[2]/div/div/div/div/div/div[2]/table/tbody/tr[4]/td[5]/p' is present after '1' second(s) (Root cause: com.kms.katalon.core.exception.StepFailedException: Web element with id: 'Object Repository/Stockbit/Bandarmology_Seller3' located by 'By.xpath: //*[contains(@id, 'rc-tabs-')]/div[2]/div/div/div/div/div/div[2]/table/tbody/tr[4]/td[5]/p' is present after '1' second(s)
	at com.kms.katalon.core.webui.keyword.internal.WebUIKeywordMain.stepFailed(WebUIKeywordMain.groovy:64)
	at com.kms.katalon.core.webui.keyword.internal.WebUIKeywordMain$stepFailed$0.call(Unknown Source)
	at com.kms.katalon.core.webui.keyword.builtin.VerifyElementNotPresentKeyword$_verifyElementNotPresent_closure1.doCall(VerifyElementNotPresentKeyword.groovy:106)
	at com.kms.katalon.core.webui.keyword.builtin.VerifyElementNotPresentKeyword$_verifyElementNotPresent_closure1.doCall(VerifyElementNotPresentKeyword.groovy)
	at com.kms.katalon.core.webui.keyword.internal.WebUIKeywordMain.runKeyword(WebUIKeywordMain.groovy:20)
	at com.kms.katalon.core.webui.keyword.internal.WebUIKeywordMain$runKeyword.call(Unknown Source)
	at com.kms.katalon.core.webui.keyword.builtin.VerifyElementNotPresentKeyword.verifyElementNotPresent(VerifyElementNotPresentKeyword.groovy:117)
	at com.kms.katalon.core.webui.keyword.builtin.VerifyElementNotPresentKeyword.execute(VerifyElementNotPresentKeyword.groovy:68)
	at com.kms.katalon.core.keyword.internal.KeywordExecutor.executeKeywordForPlatform(KeywordExecutor.groovy:74)
	at com.kms.katalon.core.webui.keyword.WebUiBuiltInKeywords.verifyElementNotPresent(WebUiBuiltInKeywords.groovy:1481)
	at com.kms.katalon.core.webui.keyword.WebUiBuiltInKeywords$verifyElementNotPresent$8.call(Unknown Source)
	at GetBrokSumPriceDaily.run(GetBrokSumPriceDaily:414)
	at com.kms.katalon.core.main.ScriptEngine.run(ScriptEngine.java:194)
	at com.kms.katalon.core.main.ScriptEngine.runScriptAsRawText(ScriptEngine.java:119)
	at com.kms.katalon.core.main.TestCaseExecutor.runScript(TestCaseExecutor.java:445)
	at com.kms.katalon.core.main.TestCaseExecutor.doExecute(TestCaseExecutor.java:436)
	at com.kms.katalon.core.main.TestCaseExecutor.processExecutionPhase(TestCaseExecutor.java:415)
	at com.kms.katalon.core.main.TestCaseExecutor.accessMainPhase(TestCaseExecutor.java:407)
	at com.kms.katalon.core.main.TestCaseExecutor.execute(TestCaseExecutor.java:284)
	at com.kms.katalon.core.common.CommonExecutor.accessTestCaseMainPhase(CommonExecutor.java:65)
	at com.kms.katalon.core.main.TestSuiteExecutor.accessTestSuiteMainPhase(TestSuiteExecutor.java:144)
	at com.kms.katalon.core.main.TestSuiteExecutor.execute(TestSuiteExecutor.java:106)
	at com.kms.katalon.core.main.TestCaseMain.startTestSuite(TestCaseMain.java:185)
	at com.kms.katalon.core.main.TestCaseMain$startTestSuite$0.call(Unknown Source)
	at TempTestSuite1705922193915.run(TempTestSuite1705922193915.groovy:36)
)
[[ATTACHMENT|C:\\Users\\Fadli\\git\\KatalonDailyGetData2\\Reports\\20240122_174123\\TS1\\20240122_181633\\1705922860122.png]]

2024-01-22 18:27:40 - [TEST_STEP][PASSED] - else: null

2024-01-22 18:27:40 - [TEST_STEP][PASSED] - strSeller3 = getText(findTestObject("Stockbit/Bandarmology_Seller3")): Text of object 'Object Repository/Stockbit/Bandarmology_Seller3' is: ''

2024-01-22 18:27:40 - [MESSAGE][PASSED] - Text of object 'Object Repository/Stockbit/Bandarmology_Seller3' is: ''

2024-01-22 18:27:40 - [TEST_STEP][PASSED] - strSellerVol3 = getText(findTestObject("Stockbit/Bandarmology_SellerVol3")): Text of object 'Object Repository/Stockbit/Bandarmology_SellerVol3' is: ''

2024-01-22 18:27:40 - [MESSAGE][PASSED] - Text of object 'Object Repository/Stockbit/Bandarmology_SellerVol3' is: ''

2024-01-22 18:27:40 - [TEST_STEP][PASSED] - strSellerAvg3 = getText(findTestObject("Stockbit/Bandarmology_SellerAvg3")): Text of object 'Object Repository/Stockbit/Bandarmology_SellerAvg3' is: ''

2024-01-22 18:27:40 - [MESSAGE][PASSED] - Text of object 'Object Repository/Stockbit/Bandarmology_SellerAvg3' is: ''

2024-01-22 18:27:40 - [TEST_STEP][PASSED] - if (strSeller3 != ""): null

2024-01-22 18:27:40 - [TEST_STEP][PASSED] - else: null

2024-01-22 18:27:40 - [TEST_STEP][PASSED] - strSeller3 = "-": null

2024-01-22 18:27:40 - [TEST_STEP][PASSED] - strSellerVol3 = "0": null

2024-01-22 18:27:40 - [TEST_STEP][PASSED] - strSellerAvg3 = "0": null

2024-01-22 18:27:40 - [TEST_STEP][PASSED] - strAccDist = getText(findTestObject("Stockbit/Bandarmology_AccDist")): Text of object 'Object Repository/Stockbit/Bandarmology_AccDist' is: 'Dist'

2024-01-22 18:27:40 - [MESSAGE][PASSED] - Text of object 'Object Repository/Stockbit/Bandarmology_AccDist' is: 'Dist'

2024-01-22 18:27:40 - [TEST_STEP][PASSED] - strNetVol = getText(findTestObject("Stockbit/Bandarmology_NetVol")): Text of object 'Object Repository/Stockbit/Bandarmology_NetVol' is: '70'

2024-01-22 18:27:40 - [MESSAGE][PASSED] - Text of object 'Object Repository/Stockbit/Bandarmology_NetVol' is: '70'

2024-01-22 18:27:40 - [TEST_STEP][PASSED] - strNetVol = strNetVol.replace(",", ""): null

2024-01-22 18:27:40 - [TEST_STEP][PASSED] - strNetVal = getText(findTestObject("Stockbit/Bandarmology_NetVal")): Text of object 'Object Repository/Stockbit/Bandarmology_NetVal' is: '0 B'

2024-01-22 18:27:41 - [MESSAGE][PASSED] - Text of object 'Object Repository/Stockbit/Bandarmology_NetVal' is: '0 B'

2024-01-22 18:27:41 - [TEST_STEP][PASSED] - delay(3): Delayed 3 second(s)

2024-01-22 18:27:44 - [MESSAGE][PASSED] - Delayed 3 second(s)

2024-01-22 18:27:44 - [TEST_STEP][PASSED] - strOpenPrice = getText(findTestObject("Stockbit/Home_OpenPrice")): Text of object 'Object Repository/Stockbit/Home_OpenPrice' is: '50'

2024-01-22 18:27:44 - [MESSAGE][PASSED] - Text of object 'Object Repository/Stockbit/Home_OpenPrice' is: '50'

2024-01-22 18:27:44 - [TEST_STEP][PASSED] - strOpenPrice = strOpenPrice.replace(",", ""): null

2024-01-22 18:27:44 - [TEST_STEP][PASSED] - strLowPrice = getText(findTestObject("Stockbit/Home_LowPrice")): Text of object 'Object Repository/Stockbit/Home_LowPrice' is: '50'

2024-01-22 18:27:44 - [MESSAGE][PASSED] - Text of object 'Object Repository/Stockbit/Home_LowPrice' is: '50'

2024-01-22 18:27:44 - [TEST_STEP][PASSED] - strLowPrice = strLowPrice.replace(",", ""): null

2024-01-22 18:27:44 - [TEST_STEP][PASSED] - strHighPrice = getText(findTestObject("Stockbit/Home_HighPrice")): Text of object 'Object Repository/Stockbit/Home_HighPrice' is: '50'

2024-01-22 18:27:44 - [MESSAGE][PASSED] - Text of object 'Object Repository/Stockbit/Home_HighPrice' is: '50'

2024-01-22 18:27:44 - [TEST_STEP][PASSED] - strHighPrice = strHighPrice.replace(",", ""): null

2024-01-22 18:27:44 - [TEST_STEP][PASSED] - strClosePrice = getText(findTestObject("Stockbit/Home_ClosePrice")): Text of object 'Object Repository/Stockbit/Home_ClosePrice' is: '50'

2024-01-22 18:27:44 - [MESSAGE][PASSED] - Text of object 'Object Repository/Stockbit/Home_ClosePrice' is: '50'

2024-01-22 18:27:44 - [TEST_STEP][PASSED] - strClosePrice = strClosePrice.replace(",", ""): null

2024-01-22 18:27:44 - [TEST_STEP][PASSED] - strVol = getText(findTestObject("Stockbit/Home_Volume")): Text of object 'Object Repository/Stockbit/Home_Volume' is: '70'

2024-01-22 18:27:44 - [MESSAGE][PASSED] - Text of object 'Object Repository/Stockbit/Home_Volume' is: '70'

2024-01-22 18:27:44 - [TEST_STEP][PASSED] - if (strVol.contains(" K")): null

2024-01-22 18:27:44 - [TEST_STEP][PASSED] - if (strVol.contains(",")): null

2024-01-22 18:27:44 - [TEST_STEP][PASSED] - strChange = getText(findTestObject("Stockbit/Home_Change")): Text of object 'Object Repository/Stockbit/Home_Change' is: '0.00%'

2024-01-22 18:27:44 - [MESSAGE][PASSED] - Text of object 'Object Repository/Stockbit/Home_Change' is: '0.00%'

2024-01-22 18:27:44 - [TEST_STEP][PASSED] - strChange = strChange.replace("%", ""): null

2024-01-22 18:27:44 - [TEST_STEP][PASSED] - strFreq = getText(findTestObject("Stockbit/Home_Freq")): Text of object 'Object Repository/Stockbit/Home_Freq' is: '7'

2024-01-22 18:27:45 - [MESSAGE][PASSED] - Text of object 'Object Repository/Stockbit/Home_Freq' is: '7'

2024-01-22 18:27:45 - [TEST_STEP][PASSED] - if (strFreq.contains(",")): null

2024-01-22 18:27:45 - [TEST_STEP][PASSED] - if (strFreq == "NA" || strFreq == ""): null

2024-01-22 18:27:45 - [TEST_STEP][PASSED] - else: null

2024-01-22 18:27:45 - [TEST_STEP][PASSED] - dblFreqAnal = strVol.toDouble() / strFreq.toDouble() * strFreq.toDouble() * strFreq.toDouble() * 100000000: null

2024-01-22 18:27:45 - [TEST_STEP][PASSED] - strFreqAnal = String.format("%.4f", dblFreqAnal): null

2024-01-22 18:27:45 - [TEST_STEP][PASSED] - out.println("Double strFreqAnal: " + strFreqAnal): null

2024-01-22 18:27:45 - [TEST_STEP][PASSED] - strTanggal = d.format(DateTimeFormatter.ofPattern("yyyy-MM-dd")): null

2024-01-22 18:27:45 - [TEST_STEP][PASSED] - strTanggal = "#" + strTanggal + "#": null

2024-01-22 18:27:45 - [TEST_STEP][PASSED] - strSQL = "select count(*) as JumBaris from TblBrokSum where Nama = '" + strNama + "' and Tanggal = " + strTanggal + "": null

2024-01-22 18:27:45 - [TEST_STEP][PASSED] - resultSet = statement.executeQuery(strSQL): null

2024-01-22 18:27:45 - [TEST_STEP][PASSED] - resultSet.next(): null

2024-01-22 18:27:45 - [TEST_STEP][PASSED] - intJumBaris = resultSet.getInt("JumBaris"): null

2024-01-22 18:27:45 - [TEST_STEP][PASSED] - if (intJumBaris > 0): null

2024-01-22 18:27:45 - [TEST_STEP][PASSED] - else: null

2024-01-22 18:27:45 - [TEST_STEP][PASSED] - try: null

2024-01-22 18:27:45 - [TEST_STEP][PASSED] - out.println("Insert data"): null

2024-01-22 18:27:45 - [TEST_STEP][PASSED] - strSQL = "insert into TblBrokSum (nama, tanggal, top1, top2, top3, AllBrokAvg, AccDist, AvgRP, " + "Buyer1, BuyerVal1, BuyerAvg1, Seller1, SellerVal1, SellerAvg1, Buyer2, BuyerVal2, BuyerAvg2, " + "Seller2, SellerVal2, SellerAvg2, Buyer3, BuyerVal3, BuyerAvg3, Seller3, SellerVal3, SellerAvg3, NetVol, NetVal, " + "OpenPrice, LowPrice, HighPrice, ClosePrice, Volume, Change, Frekuensi, FrekAnal) " + "values ('" + strNama + "', " + strTanggal + ", '" + strTop1 + "', '" + strTop3 + "', '" + strTop5 + "', " + "'" + strAllBrokAvg + "', '" + strAccDist + "', " + intAvgRP + ", '" + strBuyer1 + "', '" + strBuyerVol1 + "', " + strBuyerAvg1 + ", " + "'" + strSeller1 + "', '" + strSellerVol1 + "', " + strSellerAvg1 + ", '" + strBuyer2 + "', '" + strBuyerVol2 + "', " + strBuyerAvg2 + ", " + "'" + strSeller2 + "', '" + strSellerVol2 + "', " + strSellerAvg2 + ", '" + strBuyer3 + "', '" + strBuyerVol3 + "', " + strBuyerAvg3 + ", " + "'" + strSeller3 + "', '" + strSellerVol3 + "', " + strSellerAvg3 + ", " + strNetVol + ", '" + strNetVal + "', " + "" + strOpenPrice + ", " + strLowPrice + ", " + strHighPrice + ", " + strClosePrice + ", '" + strVol + "', " + strChange + ", " + strFreq + ", " + strFreqAnal + ");": null

2024-01-22 18:27:45 - [TEST_STEP][PASSED] - out.println("strSQL = " + strSQL): null

2024-01-22 18:27:45 - [TEST_STEP][PASSED] - statement.executeUpdate(strSQL): null

2024-01-22 18:27:45 - [TEST_STEP][PASSED] - setValueToCellByIndex(sheet01, rowIndex, 4, "DONE"): null

2024-01-22 18:27:45 - [TEST_STEP][PASSED] - saveWorkbook(excelFilePath, workbook01): null

2024-01-22 18:27:45 - [TEST_STEP][PASSED] - waitForElementClickable(findTestObject("Stockbit/menu_Bandarmology"), 10): Object 'Object Repository/Stockbit/menu_Bandarmology' is clickable

2024-01-22 18:27:45 - [MESSAGE][PASSED] - Object 'Object Repository/Stockbit/menu_Bandarmology' is clickable

2024-01-22 18:27:45 - [TEST_STEP][PASSED] - click(findTestObject("Stockbit/menu_Bandarmology")): Object: 'Object Repository/Stockbit/menu_Bandarmology' is clicked on

2024-01-22 18:27:45 - [MESSAGE][PASSED] - Object: 'Object Repository/Stockbit/menu_Bandarmology' is clicked on

2024-01-22 18:27:45 - [TEST_STEP][PASSED] - strTemp = "NA": null

2024-01-22 18:27:45 - [TEST_STEP][PASSED] - if (getCellValueByIndex(sheet01, rowIndex, 4) != "DONE"): Object: 'Object Repository/Stockbit/menu_Bandarmology' is clicked on

2024-01-22 18:27:45 - [TEST_STEP][PASSED] - strNama = getCellValueByIndex(sheet01, rowIndex, 0): null

2024-01-22 18:27:45 - [TEST_STEP][PASSED] - navigateToUrl("https://stockbit.com/#/symbol/" + strNama): Navigate to 'https://stockbit.com/#/symbol/EAST' successfully

2024-01-22 18:28:01 - [MESSAGE][PASSED] - Navigate to 'https://stockbit.com/#/symbol/EAST' successfully

2024-01-22 18:28:01 - [TEST_STEP][PASSED] - waitForElementClickable(findTestObject("Stockbit/menu_Bandarmology"), 10): Object 'Object Repository/Stockbit/menu_Bandarmology' is clickable

2024-01-22 18:28:01 - [MESSAGE][PASSED] - Object 'Object Repository/Stockbit/menu_Bandarmology' is clickable

2024-01-22 18:28:01 - [TEST_STEP][PASSED] - click(findTestObject("Stockbit/menu_Bandarmology")): Object: 'Object Repository/Stockbit/menu_Bandarmology' is clicked on

2024-01-22 18:28:02 - [MESSAGE][PASSED] - Object: 'Object Repository/Stockbit/menu_Bandarmology' is clicked on

2024-01-22 18:28:02 - [TEST_STEP][PASSED] - strTanggal = d.format(DateTimeFormatter.ofPattern("MMM dd, yyyy")): null

2024-01-22 18:28:02 - [TEST_STEP][PASSED] - strTanggal = d.format(ISO_DATE): null

2024-01-22 18:28:02 - [TEST_STEP][PASSED] - out.println("strTanggal = " + strTanggal): null

2024-01-22 18:28:02 - [TEST_STEP][PASSED] - out.println("strNama = " + strNama): null

2024-01-22 18:28:02 - [TEST_STEP][PASSED] - out.println("Baris ke = " + rowIndex): null

2024-01-22 18:28:02 - [TEST_STEP][PASSED] - click(findTestObject("Stockbit/input__BandarmologyOpenStartDate")): Object: 'Object Repository/Stockbit/input__BandarmologyOpenStartDate' is clicked on

2024-01-22 18:28:03 - [MESSAGE][PASSED] - Object: 'Object Repository/Stockbit/input__BandarmologyOpenStartDate' is clicked on

2024-01-22 18:28:03 - [TEST_STEP][PASSED] - sendKeys(findTestObject("Stockbit/input__BandarmologyOpenStartDate"), Keys.chord(CONTROL, "a")): Keys 'CONTROL + a' sent to object: 'Object Repository/Stockbit/input__BandarmologyOpenStartDate'

2024-01-22 18:28:04 - [MESSAGE][PASSED] - Keys 'CONTROL + a' sent to object: 'Object Repository/Stockbit/input__BandarmologyOpenStartDate'

2024-01-22 18:28:04 - [TEST_STEP][PASSED] - sendKeys(findTestObject("Stockbit/input__BandarmologyOpenStartDate"), Keys.chord(BACK_SPACE)): Keys 'BACK_SPACE + ' sent to object: 'Object Repository/Stockbit/input__BandarmologyOpenStartDate'

2024-01-22 18:28:04 - [MESSAGE][PASSED] - Keys 'BACK_SPACE + ' sent to object: 'Object Repository/Stockbit/input__BandarmologyOpenStartDate'

2024-01-22 18:28:04 - [TEST_STEP][PASSED] - setText(findTestObject("Stockbit/input__BandarmologyOpenStartDate"), strTanggal): Text '2024-01-22' is set on object 'Object Repository/Stockbit/input__BandarmologyOpenStartDate'

2024-01-22 18:28:05 - [MESSAGE][PASSED] - Text '2024-01-22' is set on object 'Object Repository/Stockbit/input__BandarmologyOpenStartDate'

2024-01-22 18:28:05 - [TEST_STEP][PASSED] - sendKeys(findTestObject("Stockbit/input__BandarmologyOpenStartDate"), Keys.chord(ENTER)): Keys 'ENTER + ' sent to object: 'Object Repository/Stockbit/input__BandarmologyOpenStartDate'

2024-01-22 18:28:06 - [MESSAGE][PASSED] - Keys 'ENTER + ' sent to object: 'Object Repository/Stockbit/input__BandarmologyOpenStartDate'

2024-01-22 18:28:06 - [TEST_STEP][PASSED] - click(findTestObject("Stockbit/input__BandarmologyOpenEndDate")): Object: 'Object Repository/Stockbit/input__BandarmologyOpenEndDate' is clicked on

2024-01-22 18:28:06 - [MESSAGE][PASSED] - Object: 'Object Repository/Stockbit/input__BandarmologyOpenEndDate' is clicked on

2024-01-22 18:28:06 - [TEST_STEP][PASSED] - sendKeys(findTestObject("Stockbit/input__BandarmologyOpenEndDate"), Keys.chord(CONTROL, "a")): Keys 'CONTROL + a' sent to object: 'Object Repository/Stockbit/input__BandarmologyOpenEndDate'

2024-01-22 18:28:07 - [MESSAGE][PASSED] - Keys 'CONTROL + a' sent to object: 'Object Repository/Stockbit/input__BandarmologyOpenEndDate'

2024-01-22 18:28:07 - [TEST_STEP][PASSED] - sendKeys(findTestObject("Stockbit/input__BandarmologyOpenEndDate"), Keys.chord(BACK_SPACE)): Keys 'BACK_SPACE + ' sent to object: 'Object Repository/Stockbit/input__BandarmologyOpenEndDate'

2024-01-22 18:28:07 - [MESSAGE][PASSED] - Keys 'BACK_SPACE + ' sent to object: 'Object Repository/Stockbit/input__BandarmologyOpenEndDate'

2024-01-22 18:28:07 - [TEST_STEP][PASSED] - setText(findTestObject("Stockbit/input__BandarmologyOpenEndDate"), strTanggal): Text '2024-01-22' is set on object 'Object Repository/Stockbit/input__BandarmologyOpenEndDate'

2024-01-22 18:28:08 - [MESSAGE][PASSED] - Text '2024-01-22' is set on object 'Object Repository/Stockbit/input__BandarmologyOpenEndDate'

2024-01-22 18:28:08 - [TEST_STEP][PASSED] - sendKeys(findTestObject("Stockbit/input__BandarmologyOpenEndDate"), Keys.chord(ENTER)): Keys 'ENTER + ' sent to object: 'Object Repository/Stockbit/input__BandarmologyOpenEndDate'

2024-01-22 18:28:08 - [MESSAGE][PASSED] - Keys 'ENTER + ' sent to object: 'Object Repository/Stockbit/input__BandarmologyOpenEndDate'

2024-01-22 18:28:08 - [TEST_STEP][PASSED] - delay(2): Delayed 2 second(s)

2024-01-22 18:28:10 - [MESSAGE][PASSED] - Delayed 2 second(s)

2024-01-22 18:28:10 - [TEST_STEP][PASSED] - strTemp = getText(findTestObject("Stockbit/Bandarmology_AvgRP")): Text of object 'Object Repository/Stockbit/Bandarmology_AvgRP' is: '144'

2024-01-22 18:28:11 - [MESSAGE][PASSED] - Text of object 'Object Repository/Stockbit/Bandarmology_AvgRP' is: '144'

2024-01-22 18:28:11 - [TEST_STEP][PASSED] - out.println("Bandarmology_AvgRP = " + strTemp): null

2024-01-22 18:28:11 - [TEST_STEP][PASSED] - if (strTemp != "0"): null

2024-01-22 18:28:11 - [TEST_STEP][PASSED] - strTop1 = getText(findTestObject("Stockbit/Bandarmology_Top1")): Text of object 'Object Repository/Stockbit/Bandarmology_Top1' is: 'Big Acc'

2024-01-22 18:28:11 - [MESSAGE][PASSED] - Text of object 'Object Repository/Stockbit/Bandarmology_Top1' is: 'Big Acc'

2024-01-22 18:28:11 - [TEST_STEP][PASSED] - strTop3 = getText(findTestObject("Stockbit/Bandarmology_Top3")): Text of object 'Object Repository/Stockbit/Bandarmology_Top3' is: 'Big Acc'

2024-01-22 18:28:11 - [MESSAGE][PASSED] - Text of object 'Object Repository/Stockbit/Bandarmology_Top3' is: 'Big Acc'

2024-01-22 18:28:11 - [TEST_STEP][PASSED] - strTop5 = getText(findTestObject("Stockbit/Bandarmology_Top5")): Text of object 'Object Repository/Stockbit/Bandarmology_Top5' is: 'Small Acc'

2024-01-22 18:28:11 - [MESSAGE][PASSED] - Text of object 'Object Repository/Stockbit/Bandarmology_Top5' is: 'Small Acc'

2024-01-22 18:28:11 - [TEST_STEP][PASSED] - strAllBrokAvg = getText(findTestObject("Stockbit/Bandarmology_TopAVG")): Text of object 'Object Repository/Stockbit/Bandarmology_TopAVG' is: 'Normal Acc'

2024-01-22 18:28:11 - [MESSAGE][PASSED] - Text of object 'Object Repository/Stockbit/Bandarmology_TopAVG' is: 'Normal Acc'

2024-01-22 18:28:11 - [TEST_STEP][PASSED] - strTemp = getText(findTestObject("Stockbit/Bandarmology_AvgRP")): Text of object 'Object Repository/Stockbit/Bandarmology_AvgRP' is: '144'

2024-01-22 18:28:11 - [MESSAGE][PASSED] - Text of object 'Object Repository/Stockbit/Bandarmology_AvgRP' is: '144'

2024-01-22 18:28:11 - [TEST_STEP][PASSED] - if (strTemp.contains(",")): null

2024-01-22 18:28:11 - [TEST_STEP][PASSED] - intAvgRP = strTemp.toInteger(): null

2024-01-22 18:28:11 - [TEST_STEP][PASSED] - strBuyer1 = getText(findTestObject("Stockbit/Bandarmology_Buyer1")): Text of object 'Object Repository/Stockbit/Bandarmology_Buyer1' is: 'AI'

2024-01-22 18:28:12 - [MESSAGE][PASSED] - Text of object 'Object Repository/Stockbit/Bandarmology_Buyer1' is: 'AI'

2024-01-22 18:28:12 - [TEST_STEP][PASSED] - strBuyerVol1 = getText(findTestObject("Stockbit/Bandarmology_BuyerVol1")): Text of object 'Object Repository/Stockbit/Bandarmology_BuyerVol1' is: '5.1 K'

2024-01-22 18:28:12 - [MESSAGE][PASSED] - Text of object 'Object Repository/Stockbit/Bandarmology_BuyerVol1' is: '5.1 K'

2024-01-22 18:28:12 - [TEST_STEP][PASSED] - strBuyerAvg1 = getText(findTestObject("Stockbit/Bandarmology_BuyerAvg1")): Text of object 'Object Repository/Stockbit/Bandarmology_BuyerAvg1' is: '144'

2024-01-22 18:28:12 - [MESSAGE][PASSED] - Text of object 'Object Repository/Stockbit/Bandarmology_BuyerAvg1' is: '144'

2024-01-22 18:28:12 - [TEST_STEP][PASSED] - if (strBuyerAvg1.contains(",")): null

2024-01-22 18:28:12 - [TEST_STEP][PASSED] - if (strBuyerVol1.contains(" B")): null

2024-01-22 18:28:12 - [TEST_STEP][PASSED] - else if (strBuyerVol1.contains(" M")): null

2024-01-22 18:28:12 - [TEST_STEP][PASSED] - else if (strBuyerVol1.contains(" K")): null

2024-01-22 18:28:12 - [TEST_STEP][PASSED] - strBuyerVol1 = strBuyerVol1.replace(" K", ""): null

2024-01-22 18:28:12 - [TEST_STEP][PASSED] - strBuyerVol1 = strBuyerVol1.toDouble() * 1000: null

2024-01-22 18:28:12 - [TEST_STEP][PASSED] - strSeller1 = getText(findTestObject("Stockbit/Bandarmology_Seller1")): Text of object 'Object Repository/Stockbit/Bandarmology_Seller1' is: 'KK'

2024-01-22 18:28:12 - [MESSAGE][PASSED] - Text of object 'Object Repository/Stockbit/Bandarmology_Seller1' is: 'KK'

2024-01-22 18:28:12 - [TEST_STEP][PASSED] - strSellerVol1 = getText(findTestObject("Stockbit/Bandarmology_SellerVol1")): Text of object 'Object Repository/Stockbit/Bandarmology_SellerVol1' is: '2.1 K'

2024-01-22 18:28:12 - [MESSAGE][PASSED] - Text of object 'Object Repository/Stockbit/Bandarmology_SellerVol1' is: '2.1 K'

2024-01-22 18:28:12 - [TEST_STEP][PASSED] - strSellerAvg1 = getText(findTestObject("Stockbit/Bandarmology_SellerAvg1")): Text of object 'Object Repository/Stockbit/Bandarmology_SellerAvg1' is: '144'

2024-01-22 18:28:12 - [MESSAGE][PASSED] - Text of object 'Object Repository/Stockbit/Bandarmology_SellerAvg1' is: '144'

2024-01-22 18:28:12 - [TEST_STEP][PASSED] - if (strSellerAvg1.contains(",")): null

2024-01-22 18:28:12 - [TEST_STEP][PASSED] - if (strSellerVol1.contains(" B")): null

2024-01-22 18:28:12 - [TEST_STEP][PASSED] - else if (strSellerVol1.contains(" M")): null

2024-01-22 18:28:12 - [TEST_STEP][PASSED] - else if (strSellerVol1.contains(" K")): null

2024-01-22 18:28:12 - [TEST_STEP][PASSED] - strSellerVol1 = strSellerVol1.replace(" K", ""): null

2024-01-22 18:28:12 - [TEST_STEP][PASSED] - strSellerVol1 = strSellerVol1.toDouble() * 1000: null

2024-01-22 18:28:12 - [TEST_STEP][PASSED] - if (verifyElementNotPresent(findTestObject("Stockbit/Bandarmology_Buyer2"), 1, OPTIONAL)): Web element with id: 'Object Repository/Stockbit/Bandarmology_Buyer2' located by 'By.xpath: //*[contains(@id, 'rc-tabs-')]/div[2]/div/div/div/div/div/div[2]/table/tbody/tr[3]/td[1]/p' is present after '1' second(s) (Root cause: com.kms.katalon.core.exception.StepFailedException: Web element with id: 'Object Repository/Stockbit/Bandarmology_Buyer2' located by 'By.xpath: //*[contains(@id, 'rc-tabs-')]/div[2]/div/div/div/div/div/div[2]/table/tbody/tr[3]/td[1]/p' is present after '1' second(s)
	at com.kms.katalon.core.webui.keyword.internal.WebUIKeywordMain.stepFailed(WebUIKeywordMain.groovy:64)
	at com.kms.katalon.core.webui.keyword.internal.WebUIKeywordMain$stepFailed$0.call(Unknown Source)
	at com.kms.katalon.core.webui.keyword.builtin.VerifyElementNotPresentKeyword$_verifyElementNotPresent_closure1.doCall(VerifyElementNotPresentKeyword.groovy:106)
	at com.kms.katalon.core.webui.keyword.builtin.VerifyElementNotPresentKeyword$_verifyElementNotPresent_closure1.doCall(VerifyElementNotPresentKeyword.groovy)
	at com.kms.katalon.core.webui.keyword.internal.WebUIKeywordMain.runKeyword(WebUIKeywordMain.groovy:20)
	at com.kms.katalon.core.webui.keyword.internal.WebUIKeywordMain$runKeyword.call(Unknown Source)
	at com.kms.katalon.core.webui.keyword.builtin.VerifyElementNotPresentKeyword.verifyElementNotPresent(VerifyElementNotPresentKeyword.groovy:117)
	at com.kms.katalon.core.webui.keyword.builtin.VerifyElementNotPresentKeyword.execute(VerifyElementNotPresentKeyword.groovy:68)
	at com.kms.katalon.core.keyword.internal.KeywordExecutor.executeKeywordForPlatform(KeywordExecutor.groovy:74)
	at com.kms.katalon.core.webui.keyword.WebUiBuiltInKeywords.verifyElementNotPresent(WebUiBuiltInKeywords.groovy:1481)
	at com.kms.katalon.core.webui.keyword.WebUiBuiltInKeywords$verifyElementNotPresent$8.call(Unknown Source)
	at GetBrokSumPriceDaily.run(GetBrokSumPriceDaily:258)
	at com.kms.katalon.core.main.ScriptEngine.run(ScriptEngine.java:194)
	at com.kms.katalon.core.main.ScriptEngine.runScriptAsRawText(ScriptEngine.java:119)
	at com.kms.katalon.core.main.TestCaseExecutor.runScript(TestCaseExecutor.java:445)
	at com.kms.katalon.core.main.TestCaseExecutor.doExecute(TestCaseExecutor.java:436)
	at com.kms.katalon.core.main.TestCaseExecutor.processExecutionPhase(TestCaseExecutor.java:415)
	at com.kms.katalon.core.main.TestCaseExecutor.accessMainPhase(TestCaseExecutor.java:407)
	at com.kms.katalon.core.main.TestCaseExecutor.execute(TestCaseExecutor.java:284)
	at com.kms.katalon.core.common.CommonExecutor.accessTestCaseMainPhase(CommonExecutor.java:65)
	at com.kms.katalon.core.main.TestSuiteExecutor.accessTestSuiteMainPhase(TestSuiteExecutor.java:144)
	at com.kms.katalon.core.main.TestSuiteExecutor.execute(TestSuiteExecutor.java:106)
	at com.kms.katalon.core.main.TestCaseMain.startTestSuite(TestCaseMain.java:185)
	at com.kms.katalon.core.main.TestCaseMain$startTestSuite$0.call(Unknown Source)
	at TempTestSuite1705922193915.run(TempTestSuite1705922193915.groovy:36)
)

2024-01-22 18:28:14 - [MESSAGE][WARNING] - Web element with id: 'Object Repository/Stockbit/Bandarmology_Buyer2' located by 'By.xpath: //*[contains(@id, 'rc-tabs-')]/div[2]/div/div/div/div/div/div[2]/table/tbody/tr[3]/td[1]/p' is present after '1' second(s) (Root cause: com.kms.katalon.core.exception.StepFailedException: Web element with id: 'Object Repository/Stockbit/Bandarmology_Buyer2' located by 'By.xpath: //*[contains(@id, 'rc-tabs-')]/div[2]/div/div/div/div/div/div[2]/table/tbody/tr[3]/td[1]/p' is present after '1' second(s)
	at com.kms.katalon.core.webui.keyword.internal.WebUIKeywordMain.stepFailed(WebUIKeywordMain.groovy:64)
	at com.kms.katalon.core.webui.keyword.internal.WebUIKeywordMain$stepFailed$0.call(Unknown Source)
	at com.kms.katalon.core.webui.keyword.builtin.VerifyElementNotPresentKeyword$_verifyElementNotPresent_closure1.doCall(VerifyElementNotPresentKeyword.groovy:106)
	at com.kms.katalon.core.webui.keyword.builtin.VerifyElementNotPresentKeyword$_verifyElementNotPresent_closure1.doCall(VerifyElementNotPresentKeyword.groovy)
	at com.kms.katalon.core.webui.keyword.internal.WebUIKeywordMain.runKeyword(WebUIKeywordMain.groovy:20)
	at com.kms.katalon.core.webui.keyword.internal.WebUIKeywordMain$runKeyword.call(Unknown Source)
	at com.kms.katalon.core.webui.keyword.builtin.VerifyElementNotPresentKeyword.verifyElementNotPresent(VerifyElementNotPresentKeyword.groovy:117)
	at com.kms.katalon.core.webui.keyword.builtin.VerifyElementNotPresentKeyword.execute(VerifyElementNotPresentKeyword.groovy:68)
	at com.kms.katalon.core.keyword.internal.KeywordExecutor.executeKeywordForPlatform(KeywordExecutor.groovy:74)
	at com.kms.katalon.core.webui.keyword.WebUiBuiltInKeywords.verifyElementNotPresent(WebUiBuiltInKeywords.groovy:1481)
	at com.kms.katalon.core.webui.keyword.WebUiBuiltInKeywords$verifyElementNotPresent$8.call(Unknown Source)
	at GetBrokSumPriceDaily.run(GetBrokSumPriceDaily:258)
	at com.kms.katalon.core.main.ScriptEngine.run(ScriptEngine.java:194)
	at com.kms.katalon.core.main.ScriptEngine.runScriptAsRawText(ScriptEngine.java:119)
	at com.kms.katalon.core.main.TestCaseExecutor.runScript(TestCaseExecutor.java:445)
	at com.kms.katalon.core.main.TestCaseExecutor.doExecute(TestCaseExecutor.java:436)
	at com.kms.katalon.core.main.TestCaseExecutor.processExecutionPhase(TestCaseExecutor.java:415)
	at com.kms.katalon.core.main.TestCaseExecutor.accessMainPhase(TestCaseExecutor.java:407)
	at com.kms.katalon.core.main.TestCaseExecutor.execute(TestCaseExecutor.java:284)
	at com.kms.katalon.core.common.CommonExecutor.accessTestCaseMainPhase(CommonExecutor.java:65)
	at com.kms.katalon.core.main.TestSuiteExecutor.accessTestSuiteMainPhase(TestSuiteExecutor.java:144)
	at com.kms.katalon.core.main.TestSuiteExecutor.execute(TestSuiteExecutor.java:106)
	at com.kms.katalon.core.main.TestCaseMain.startTestSuite(TestCaseMain.java:185)
	at com.kms.katalon.core.main.TestCaseMain$startTestSuite$0.call(Unknown Source)
	at TempTestSuite1705922193915.run(TempTestSuite1705922193915.groovy:36)
)
[[ATTACHMENT|C:\\Users\\Fadli\\git\\KatalonDailyGetData2\\Reports\\20240122_174123\\TS1\\20240122_181633\\1705922894020.png]]

2024-01-22 18:28:14 - [TEST_STEP][PASSED] - else: null

2024-01-22 18:28:14 - [TEST_STEP][PASSED] - strBuyer2 = getText(findTestObject("Stockbit/Bandarmology_Buyer2")): Text of object 'Object Repository/Stockbit/Bandarmology_Buyer2' is: 'PD'

2024-01-22 18:28:14 - [MESSAGE][PASSED] - Text of object 'Object Repository/Stockbit/Bandarmology_Buyer2' is: 'PD'

2024-01-22 18:28:14 - [TEST_STEP][PASSED] - strBuyerVol2 = getText(findTestObject("Stockbit/Bandarmology_BuyerVol2")): Text of object 'Object Repository/Stockbit/Bandarmology_BuyerVol2' is: '567'

2024-01-22 18:28:14 - [MESSAGE][PASSED] - Text of object 'Object Repository/Stockbit/Bandarmology_BuyerVol2' is: '567'

2024-01-22 18:28:14 - [TEST_STEP][PASSED] - strBuyerAvg2 = getText(findTestObject("Stockbit/Bandarmology_BuyerAvg2")): Text of object 'Object Repository/Stockbit/Bandarmology_BuyerAvg2' is: '144'

2024-01-22 18:28:14 - [MESSAGE][PASSED] - Text of object 'Object Repository/Stockbit/Bandarmology_BuyerAvg2' is: '144'

2024-01-22 18:28:14 - [TEST_STEP][PASSED] - if (strBuyer2 != ""): null

2024-01-22 18:28:14 - [TEST_STEP][PASSED] - if (strBuyerAvg2.contains(",")): null

2024-01-22 18:28:14 - [TEST_STEP][PASSED] - if (strBuyerVol2.contains(" B")): null

2024-01-22 18:28:14 - [TEST_STEP][PASSED] - if (strBuyerVol2.contains(".")): null

2024-01-22 18:28:14 - [TEST_STEP][PASSED] - if (verifyElementNotPresent(findTestObject("Stockbit/Bandarmology_Seller2"), 1, OPTIONAL)): Web element with id: 'Object Repository/Stockbit/Bandarmology_Seller2' located by 'By.xpath: //*[contains(@id, 'rc-tabs-')]/div[2]/div/div/div/div/div/div[2]/table/tbody/tr[3]/td[5]/p' is present after '1' second(s) (Root cause: com.kms.katalon.core.exception.StepFailedException: Web element with id: 'Object Repository/Stockbit/Bandarmology_Seller2' located by 'By.xpath: //*[contains(@id, 'rc-tabs-')]/div[2]/div/div/div/div/div/div[2]/table/tbody/tr[3]/td[5]/p' is present after '1' second(s)
	at com.kms.katalon.core.webui.keyword.internal.WebUIKeywordMain.stepFailed(WebUIKeywordMain.groovy:64)
	at com.kms.katalon.core.webui.keyword.internal.WebUIKeywordMain$stepFailed$0.call(Unknown Source)
	at com.kms.katalon.core.webui.keyword.builtin.VerifyElementNotPresentKeyword$_verifyElementNotPresent_closure1.doCall(VerifyElementNotPresentKeyword.groovy:106)
	at com.kms.katalon.core.webui.keyword.builtin.VerifyElementNotPresentKeyword$_verifyElementNotPresent_closure1.doCall(VerifyElementNotPresentKeyword.groovy)
	at com.kms.katalon.core.webui.keyword.internal.WebUIKeywordMain.runKeyword(WebUIKeywordMain.groovy:20)
	at com.kms.katalon.core.webui.keyword.internal.WebUIKeywordMain$runKeyword.call(Unknown Source)
	at com.kms.katalon.core.webui.keyword.builtin.VerifyElementNotPresentKeyword.verifyElementNotPresent(VerifyElementNotPresentKeyword.groovy:117)
	at com.kms.katalon.core.webui.keyword.builtin.VerifyElementNotPresentKeyword.execute(VerifyElementNotPresentKeyword.groovy:68)
	at com.kms.katalon.core.keyword.internal.KeywordExecutor.executeKeywordForPlatform(KeywordExecutor.groovy:74)
	at com.kms.katalon.core.webui.keyword.WebUiBuiltInKeywords.verifyElementNotPresent(WebUiBuiltInKeywords.groovy:1481)
	at com.kms.katalon.core.webui.keyword.WebUiBuiltInKeywords$verifyElementNotPresent$8.call(Unknown Source)
	at GetBrokSumPriceDaily.run(GetBrokSumPriceDaily:309)
	at com.kms.katalon.core.main.ScriptEngine.run(ScriptEngine.java:194)
	at com.kms.katalon.core.main.ScriptEngine.runScriptAsRawText(ScriptEngine.java:119)
	at com.kms.katalon.core.main.TestCaseExecutor.runScript(TestCaseExecutor.java:445)
	at com.kms.katalon.core.main.TestCaseExecutor.doExecute(TestCaseExecutor.java:436)
	at com.kms.katalon.core.main.TestCaseExecutor.processExecutionPhase(TestCaseExecutor.java:415)
	at com.kms.katalon.core.main.TestCaseExecutor.accessMainPhase(TestCaseExecutor.java:407)
	at com.kms.katalon.core.main.TestCaseExecutor.execute(TestCaseExecutor.java:284)
	at com.kms.katalon.core.common.CommonExecutor.accessTestCaseMainPhase(CommonExecutor.java:65)
	at com.kms.katalon.core.main.TestSuiteExecutor.accessTestSuiteMainPhase(TestSuiteExecutor.java:144)
	at com.kms.katalon.core.main.TestSuiteExecutor.execute(TestSuiteExecutor.java:106)
	at com.kms.katalon.core.main.TestCaseMain.startTestSuite(TestCaseMain.java:185)
	at com.kms.katalon.core.main.TestCaseMain$startTestSuite$0.call(Unknown Source)
	at TempTestSuite1705922193915.run(TempTestSuite1705922193915.groovy:36)
)

2024-01-22 18:28:16 - [MESSAGE][WARNING] - Web element with id: 'Object Repository/Stockbit/Bandarmology_Seller2' located by 'By.xpath: //*[contains(@id, 'rc-tabs-')]/div[2]/div/div/div/div/div/div[2]/table/tbody/tr[3]/td[5]/p' is present after '1' second(s) (Root cause: com.kms.katalon.core.exception.StepFailedException: Web element with id: 'Object Repository/Stockbit/Bandarmology_Seller2' located by 'By.xpath: //*[contains(@id, 'rc-tabs-')]/div[2]/div/div/div/div/div/div[2]/table/tbody/tr[3]/td[5]/p' is present after '1' second(s)
	at com.kms.katalon.core.webui.keyword.internal.WebUIKeywordMain.stepFailed(WebUIKeywordMain.groovy:64)
	at com.kms.katalon.core.webui.keyword.internal.WebUIKeywordMain$stepFailed$0.call(Unknown Source)
	at com.kms.katalon.core.webui.keyword.builtin.VerifyElementNotPresentKeyword$_verifyElementNotPresent_closure1.doCall(VerifyElementNotPresentKeyword.groovy:106)
	at com.kms.katalon.core.webui.keyword.builtin.VerifyElementNotPresentKeyword$_verifyElementNotPresent_closure1.doCall(VerifyElementNotPresentKeyword.groovy)
	at com.kms.katalon.core.webui.keyword.internal.WebUIKeywordMain.runKeyword(WebUIKeywordMain.groovy:20)
	at com.kms.katalon.core.webui.keyword.internal.WebUIKeywordMain$runKeyword.call(Unknown Source)
	at com.kms.katalon.core.webui.keyword.builtin.VerifyElementNotPresentKeyword.verifyElementNotPresent(VerifyElementNotPresentKeyword.groovy:117)
	at com.kms.katalon.core.webui.keyword.builtin.VerifyElementNotPresentKeyword.execute(VerifyElementNotPresentKeyword.groovy:68)
	at com.kms.katalon.core.keyword.internal.KeywordExecutor.executeKeywordForPlatform(KeywordExecutor.groovy:74)
	at com.kms.katalon.core.webui.keyword.WebUiBuiltInKeywords.verifyElementNotPresent(WebUiBuiltInKeywords.groovy:1481)
	at com.kms.katalon.core.webui.keyword.WebUiBuiltInKeywords$verifyElementNotPresent$8.call(Unknown Source)
	at GetBrokSumPriceDaily.run(GetBrokSumPriceDaily:309)
	at com.kms.katalon.core.main.ScriptEngine.run(ScriptEngine.java:194)
	at com.kms.katalon.core.main.ScriptEngine.runScriptAsRawText(ScriptEngine.java:119)
	at com.kms.katalon.core.main.TestCaseExecutor.runScript(TestCaseExecutor.java:445)
	at com.kms.katalon.core.main.TestCaseExecutor.doExecute(TestCaseExecutor.java:436)
	at com.kms.katalon.core.main.TestCaseExecutor.processExecutionPhase(TestCaseExecutor.java:415)
	at com.kms.katalon.core.main.TestCaseExecutor.accessMainPhase(TestCaseExecutor.java:407)
	at com.kms.katalon.core.main.TestCaseExecutor.execute(TestCaseExecutor.java:284)
	at com.kms.katalon.core.common.CommonExecutor.accessTestCaseMainPhase(CommonExecutor.java:65)
	at com.kms.katalon.core.main.TestSuiteExecutor.accessTestSuiteMainPhase(TestSuiteExecutor.java:144)
	at com.kms.katalon.core.main.TestSuiteExecutor.execute(TestSuiteExecutor.java:106)
	at com.kms.katalon.core.main.TestCaseMain.startTestSuite(TestCaseMain.java:185)
	at com.kms.katalon.core.main.TestCaseMain$startTestSuite$0.call(Unknown Source)
	at TempTestSuite1705922193915.run(TempTestSuite1705922193915.groovy:36)
)
[[ATTACHMENT|C:\\Users\\Fadli\\git\\KatalonDailyGetData2\\Reports\\20240122_174123\\TS1\\20240122_181633\\1705922895911.png]]

2024-01-22 18:28:16 - [TEST_STEP][PASSED] - else: null

2024-01-22 18:28:16 - [TEST_STEP][PASSED] - strSeller2 = getText(findTestObject("Stockbit/Bandarmology_Seller2")): Text of object 'Object Repository/Stockbit/Bandarmology_Seller2' is: 'MG'

2024-01-22 18:28:16 - [MESSAGE][PASSED] - Text of object 'Object Repository/Stockbit/Bandarmology_Seller2' is: 'MG'

2024-01-22 18:28:16 - [TEST_STEP][PASSED] - strSellerVol2 = getText(findTestObject("Stockbit/Bandarmology_SellerVol2")): Text of object 'Object Repository/Stockbit/Bandarmology_SellerVol2' is: '1.5 K'

2024-01-22 18:28:16 - [MESSAGE][PASSED] - Text of object 'Object Repository/Stockbit/Bandarmology_SellerVol2' is: '1.5 K'

2024-01-22 18:28:16 - [TEST_STEP][PASSED] - strSellerAvg2 = getText(findTestObject("Stockbit/Bandarmology_SellerAvg2")): Text of object 'Object Repository/Stockbit/Bandarmology_SellerAvg2' is: '144'

2024-01-22 18:28:16 - [MESSAGE][PASSED] - Text of object 'Object Repository/Stockbit/Bandarmology_SellerAvg2' is: '144'

2024-01-22 18:28:16 - [TEST_STEP][PASSED] - if (strSeller2 != ""): null

2024-01-22 18:28:16 - [TEST_STEP][PASSED] - if (strSellerAvg2.contains(",")): null

2024-01-22 18:28:16 - [TEST_STEP][PASSED] - if (strSellerVol2.contains(" B")): null

2024-01-22 18:28:16 - [TEST_STEP][PASSED] - else if (strSellerVol2.contains(" M")): null

2024-01-22 18:28:16 - [TEST_STEP][PASSED] - else if (strSellerVol2.contains(" K")): null

2024-01-22 18:28:16 - [TEST_STEP][PASSED] - strSellerVol2 = strSellerVol2.replace(" K", ""): null

2024-01-22 18:28:16 - [TEST_STEP][PASSED] - strSellerVol2 = strSellerVol2.toDouble() * 1000: null

2024-01-22 18:28:16 - [TEST_STEP][PASSED] - if (verifyElementNotPresent(findTestObject("Stockbit/Bandarmology_Buyer3"), 1, OPTIONAL)): Web element with id: 'Object Repository/Stockbit/Bandarmology_Buyer3' located by 'By.xpath: //*[contains(@id, 'rc-tabs-')]/div[2]/div/div/div/div/div/div[2]/table/tbody/tr[4]/td[1]/p' is present after '1' second(s) (Root cause: com.kms.katalon.core.exception.StepFailedException: Web element with id: 'Object Repository/Stockbit/Bandarmology_Buyer3' located by 'By.xpath: //*[contains(@id, 'rc-tabs-')]/div[2]/div/div/div/div/div/div[2]/table/tbody/tr[4]/td[1]/p' is present after '1' second(s)
	at com.kms.katalon.core.webui.keyword.internal.WebUIKeywordMain.stepFailed(WebUIKeywordMain.groovy:64)
	at com.kms.katalon.core.webui.keyword.internal.WebUIKeywordMain$stepFailed$0.call(Unknown Source)
	at com.kms.katalon.core.webui.keyword.builtin.VerifyElementNotPresentKeyword$_verifyElementNotPresent_closure1.doCall(VerifyElementNotPresentKeyword.groovy:106)
	at com.kms.katalon.core.webui.keyword.builtin.VerifyElementNotPresentKeyword$_verifyElementNotPresent_closure1.doCall(VerifyElementNotPresentKeyword.groovy)
	at com.kms.katalon.core.webui.keyword.internal.WebUIKeywordMain.runKeyword(WebUIKeywordMain.groovy:20)
	at com.kms.katalon.core.webui.keyword.internal.WebUIKeywordMain$runKeyword.call(Unknown Source)
	at com.kms.katalon.core.webui.keyword.builtin.VerifyElementNotPresentKeyword.verifyElementNotPresent(VerifyElementNotPresentKeyword.groovy:117)
	at com.kms.katalon.core.webui.keyword.builtin.VerifyElementNotPresentKeyword.execute(VerifyElementNotPresentKeyword.groovy:68)
	at com.kms.katalon.core.keyword.internal.KeywordExecutor.executeKeywordForPlatform(KeywordExecutor.groovy:74)
	at com.kms.katalon.core.webui.keyword.WebUiBuiltInKeywords.verifyElementNotPresent(WebUiBuiltInKeywords.groovy:1481)
	at com.kms.katalon.core.webui.keyword.WebUiBuiltInKeywords$verifyElementNotPresent$8.call(Unknown Source)
	at GetBrokSumPriceDaily.run(GetBrokSumPriceDaily:361)
	at com.kms.katalon.core.main.ScriptEngine.run(ScriptEngine.java:194)
	at com.kms.katalon.core.main.ScriptEngine.runScriptAsRawText(ScriptEngine.java:119)
	at com.kms.katalon.core.main.TestCaseExecutor.runScript(TestCaseExecutor.java:445)
	at com.kms.katalon.core.main.TestCaseExecutor.doExecute(TestCaseExecutor.java:436)
	at com.kms.katalon.core.main.TestCaseExecutor.processExecutionPhase(TestCaseExecutor.java:415)
	at com.kms.katalon.core.main.TestCaseExecutor.accessMainPhase(TestCaseExecutor.java:407)
	at com.kms.katalon.core.main.TestCaseExecutor.execute(TestCaseExecutor.java:284)
	at com.kms.katalon.core.common.CommonExecutor.accessTestCaseMainPhase(CommonExecutor.java:65)
	at com.kms.katalon.core.main.TestSuiteExecutor.accessTestSuiteMainPhase(TestSuiteExecutor.java:144)
	at com.kms.katalon.core.main.TestSuiteExecutor.execute(TestSuiteExecutor.java:106)
	at com.kms.katalon.core.main.TestCaseMain.startTestSuite(TestCaseMain.java:185)
	at com.kms.katalon.core.main.TestCaseMain$startTestSuite$0.call(Unknown Source)
	at TempTestSuite1705922193915.run(TempTestSuite1705922193915.groovy:36)
)

2024-01-22 18:28:18 - [MESSAGE][WARNING] - Web element with id: 'Object Repository/Stockbit/Bandarmology_Buyer3' located by 'By.xpath: //*[contains(@id, 'rc-tabs-')]/div[2]/div/div/div/div/div/div[2]/table/tbody/tr[4]/td[1]/p' is present after '1' second(s) (Root cause: com.kms.katalon.core.exception.StepFailedException: Web element with id: 'Object Repository/Stockbit/Bandarmology_Buyer3' located by 'By.xpath: //*[contains(@id, 'rc-tabs-')]/div[2]/div/div/div/div/div/div[2]/table/tbody/tr[4]/td[1]/p' is present after '1' second(s)
	at com.kms.katalon.core.webui.keyword.internal.WebUIKeywordMain.stepFailed(WebUIKeywordMain.groovy:64)
	at com.kms.katalon.core.webui.keyword.internal.WebUIKeywordMain$stepFailed$0.call(Unknown Source)
	at com.kms.katalon.core.webui.keyword.builtin.VerifyElementNotPresentKeyword$_verifyElementNotPresent_closure1.doCall(VerifyElementNotPresentKeyword.groovy:106)
	at com.kms.katalon.core.webui.keyword.builtin.VerifyElementNotPresentKeyword$_verifyElementNotPresent_closure1.doCall(VerifyElementNotPresentKeyword.groovy)
	at com.kms.katalon.core.webui.keyword.internal.WebUIKeywordMain.runKeyword(WebUIKeywordMain.groovy:20)
	at com.kms.katalon.core.webui.keyword.internal.WebUIKeywordMain$runKeyword.call(Unknown Source)
	at com.kms.katalon.core.webui.keyword.builtin.VerifyElementNotPresentKeyword.verifyElementNotPresent(VerifyElementNotPresentKeyword.groovy:117)
	at com.kms.katalon.core.webui.keyword.builtin.VerifyElementNotPresentKeyword.execute(VerifyElementNotPresentKeyword.groovy:68)
	at com.kms.katalon.core.keyword.internal.KeywordExecutor.executeKeywordForPlatform(KeywordExecutor.groovy:74)
	at com.kms.katalon.core.webui.keyword.WebUiBuiltInKeywords.verifyElementNotPresent(WebUiBuiltInKeywords.groovy:1481)
	at com.kms.katalon.core.webui.keyword.WebUiBuiltInKeywords$verifyElementNotPresent$8.call(Unknown Source)
	at GetBrokSumPriceDaily.run(GetBrokSumPriceDaily:361)
	at com.kms.katalon.core.main.ScriptEngine.run(ScriptEngine.java:194)
	at com.kms.katalon.core.main.ScriptEngine.runScriptAsRawText(ScriptEngine.java:119)
	at com.kms.katalon.core.main.TestCaseExecutor.runScript(TestCaseExecutor.java:445)
	at com.kms.katalon.core.main.TestCaseExecutor.doExecute(TestCaseExecutor.java:436)
	at com.kms.katalon.core.main.TestCaseExecutor.processExecutionPhase(TestCaseExecutor.java:415)
	at com.kms.katalon.core.main.TestCaseExecutor.accessMainPhase(TestCaseExecutor.java:407)
	at com.kms.katalon.core.main.TestCaseExecutor.execute(TestCaseExecutor.java:284)
	at com.kms.katalon.core.common.CommonExecutor.accessTestCaseMainPhase(CommonExecutor.java:65)
	at com.kms.katalon.core.main.TestSuiteExecutor.accessTestSuiteMainPhase(TestSuiteExecutor.java:144)
	at com.kms.katalon.core.main.TestSuiteExecutor.execute(TestSuiteExecutor.java:106)
	at com.kms.katalon.core.main.TestCaseMain.startTestSuite(TestCaseMain.java:185)
	at com.kms.katalon.core.main.TestCaseMain$startTestSuite$0.call(Unknown Source)
	at TempTestSuite1705922193915.run(TempTestSuite1705922193915.groovy:36)
)
[[ATTACHMENT|C:\\Users\\Fadli\\git\\KatalonDailyGetData2\\Reports\\20240122_174123\\TS1\\20240122_181633\\1705922897849.png]]

2024-01-22 18:28:18 - [TEST_STEP][PASSED] - else: null

2024-01-22 18:28:18 - [TEST_STEP][PASSED] - strBuyer3 = getText(findTestObject("Stockbit/Bandarmology_Buyer3")): Text of object 'Object Repository/Stockbit/Bandarmology_Buyer3' is: 'DH'

2024-01-22 18:28:18 - [MESSAGE][PASSED] - Text of object 'Object Repository/Stockbit/Bandarmology_Buyer3' is: 'DH'

2024-01-22 18:28:18 - [TEST_STEP][PASSED] - strBuyerVol3 = getText(findTestObject("Stockbit/Bandarmology_BuyerVol3")): Text of object 'Object Repository/Stockbit/Bandarmology_BuyerVol3' is: '203'

2024-01-22 18:28:18 - [MESSAGE][PASSED] - Text of object 'Object Repository/Stockbit/Bandarmology_BuyerVol3' is: '203'

2024-01-22 18:28:18 - [TEST_STEP][PASSED] - strBuyerAvg3 = getText(findTestObject("Stockbit/Bandarmology_BuyerAvg3")): Text of object 'Object Repository/Stockbit/Bandarmology_BuyerAvg3' is: '144'

2024-01-22 18:28:18 - [MESSAGE][PASSED] - Text of object 'Object Repository/Stockbit/Bandarmology_BuyerAvg3' is: '144'

2024-01-22 18:28:18 - [TEST_STEP][PASSED] - if (strBuyer3 != ""): null

2024-01-22 18:28:18 - [TEST_STEP][PASSED] - if (strBuyerAvg3.contains(",")): null

2024-01-22 18:28:18 - [TEST_STEP][PASSED] - if (strBuyerVol3.contains(" B")): null

2024-01-22 18:28:18 - [TEST_STEP][PASSED] - if (verifyElementNotPresent(findTestObject("Stockbit/Bandarmology_Seller3"), 1, OPTIONAL)): Web element with id: 'Object Repository/Stockbit/Bandarmology_Seller3' located by 'By.xpath: //*[contains(@id, 'rc-tabs-')]/div[2]/div/div/div/div/div/div[2]/table/tbody/tr[4]/td[5]/p' is present after '1' second(s) (Root cause: com.kms.katalon.core.exception.StepFailedException: Web element with id: 'Object Repository/Stockbit/Bandarmology_Seller3' located by 'By.xpath: //*[contains(@id, 'rc-tabs-')]/div[2]/div/div/div/div/div/div[2]/table/tbody/tr[4]/td[5]/p' is present after '1' second(s)
	at com.kms.katalon.core.webui.keyword.internal.WebUIKeywordMain.stepFailed(WebUIKeywordMain.groovy:64)
	at com.kms.katalon.core.webui.keyword.internal.WebUIKeywordMain$stepFailed$0.call(Unknown Source)
	at com.kms.katalon.core.webui.keyword.builtin.VerifyElementNotPresentKeyword$_verifyElementNotPresent_closure1.doCall(VerifyElementNotPresentKeyword.groovy:106)
	at com.kms.katalon.core.webui.keyword.builtin.VerifyElementNotPresentKeyword$_verifyElementNotPresent_closure1.doCall(VerifyElementNotPresentKeyword.groovy)
	at com.kms.katalon.core.webui.keyword.internal.WebUIKeywordMain.runKeyword(WebUIKeywordMain.groovy:20)
	at com.kms.katalon.core.webui.keyword.internal.WebUIKeywordMain$runKeyword.call(Unknown Source)
	at com.kms.katalon.core.webui.keyword.builtin.VerifyElementNotPresentKeyword.verifyElementNotPresent(VerifyElementNotPresentKeyword.groovy:117)
	at com.kms.katalon.core.webui.keyword.builtin.VerifyElementNotPresentKeyword.execute(VerifyElementNotPresentKeyword.groovy:68)
	at com.kms.katalon.core.keyword.internal.KeywordExecutor.executeKeywordForPlatform(KeywordExecutor.groovy:74)
	at com.kms.katalon.core.webui.keyword.WebUiBuiltInKeywords.verifyElementNotPresent(WebUiBuiltInKeywords.groovy:1481)
	at com.kms.katalon.core.webui.keyword.WebUiBuiltInKeywords$verifyElementNotPresent$8.call(Unknown Source)
	at GetBrokSumPriceDaily.run(GetBrokSumPriceDaily:414)
	at com.kms.katalon.core.main.ScriptEngine.run(ScriptEngine.java:194)
	at com.kms.katalon.core.main.ScriptEngine.runScriptAsRawText(ScriptEngine.java:119)
	at com.kms.katalon.core.main.TestCaseExecutor.runScript(TestCaseExecutor.java:445)
	at com.kms.katalon.core.main.TestCaseExecutor.doExecute(TestCaseExecutor.java:436)
	at com.kms.katalon.core.main.TestCaseExecutor.processExecutionPhase(TestCaseExecutor.java:415)
	at com.kms.katalon.core.main.TestCaseExecutor.accessMainPhase(TestCaseExecutor.java:407)
	at com.kms.katalon.core.main.TestCaseExecutor.execute(TestCaseExecutor.java:284)
	at com.kms.katalon.core.common.CommonExecutor.accessTestCaseMainPhase(CommonExecutor.java:65)
	at com.kms.katalon.core.main.TestSuiteExecutor.accessTestSuiteMainPhase(TestSuiteExecutor.java:144)
	at com.kms.katalon.core.main.TestSuiteExecutor.execute(TestSuiteExecutor.java:106)
	at com.kms.katalon.core.main.TestCaseMain.startTestSuite(TestCaseMain.java:185)
	at com.kms.katalon.core.main.TestCaseMain$startTestSuite$0.call(Unknown Source)
	at TempTestSuite1705922193915.run(TempTestSuite1705922193915.groovy:36)
)

2024-01-22 18:28:20 - [MESSAGE][WARNING] - Web element with id: 'Object Repository/Stockbit/Bandarmology_Seller3' located by 'By.xpath: //*[contains(@id, 'rc-tabs-')]/div[2]/div/div/div/div/div/div[2]/table/tbody/tr[4]/td[5]/p' is present after '1' second(s) (Root cause: com.kms.katalon.core.exception.StepFailedException: Web element with id: 'Object Repository/Stockbit/Bandarmology_Seller3' located by 'By.xpath: //*[contains(@id, 'rc-tabs-')]/div[2]/div/div/div/div/div/div[2]/table/tbody/tr[4]/td[5]/p' is present after '1' second(s)
	at com.kms.katalon.core.webui.keyword.internal.WebUIKeywordMain.stepFailed(WebUIKeywordMain.groovy:64)
	at com.kms.katalon.core.webui.keyword.internal.WebUIKeywordMain$stepFailed$0.call(Unknown Source)
	at com.kms.katalon.core.webui.keyword.builtin.VerifyElementNotPresentKeyword$_verifyElementNotPresent_closure1.doCall(VerifyElementNotPresentKeyword.groovy:106)
	at com.kms.katalon.core.webui.keyword.builtin.VerifyElementNotPresentKeyword$_verifyElementNotPresent_closure1.doCall(VerifyElementNotPresentKeyword.groovy)
	at com.kms.katalon.core.webui.keyword.internal.WebUIKeywordMain.runKeyword(WebUIKeywordMain.groovy:20)
	at com.kms.katalon.core.webui.keyword.internal.WebUIKeywordMain$runKeyword.call(Unknown Source)
	at com.kms.katalon.core.webui.keyword.builtin.VerifyElementNotPresentKeyword.verifyElementNotPresent(VerifyElementNotPresentKeyword.groovy:117)
	at com.kms.katalon.core.webui.keyword.builtin.VerifyElementNotPresentKeyword.execute(VerifyElementNotPresentKeyword.groovy:68)
	at com.kms.katalon.core.keyword.internal.KeywordExecutor.executeKeywordForPlatform(KeywordExecutor.groovy:74)
	at com.kms.katalon.core.webui.keyword.WebUiBuiltInKeywords.verifyElementNotPresent(WebUiBuiltInKeywords.groovy:1481)
	at com.kms.katalon.core.webui.keyword.WebUiBuiltInKeywords$verifyElementNotPresent$8.call(Unknown Source)
	at GetBrokSumPriceDaily.run(GetBrokSumPriceDaily:414)
	at com.kms.katalon.core.main.ScriptEngine.run(ScriptEngine.java:194)
	at com.kms.katalon.core.main.ScriptEngine.runScriptAsRawText(ScriptEngine.java:119)
	at com.kms.katalon.core.main.TestCaseExecutor.runScript(TestCaseExecutor.java:445)
	at com.kms.katalon.core.main.TestCaseExecutor.doExecute(TestCaseExecutor.java:436)
	at com.kms.katalon.core.main.TestCaseExecutor.processExecutionPhase(TestCaseExecutor.java:415)
	at com.kms.katalon.core.main.TestCaseExecutor.accessMainPhase(TestCaseExecutor.java:407)
	at com.kms.katalon.core.main.TestCaseExecutor.execute(TestCaseExecutor.java:284)
	at com.kms.katalon.core.common.CommonExecutor.accessTestCaseMainPhase(CommonExecutor.java:65)
	at com.kms.katalon.core.main.TestSuiteExecutor.accessTestSuiteMainPhase(TestSuiteExecutor.java:144)
	at com.kms.katalon.core.main.TestSuiteExecutor.execute(TestSuiteExecutor.java:106)
	at com.kms.katalon.core.main.TestCaseMain.startTestSuite(TestCaseMain.java:185)
	at com.kms.katalon.core.main.TestCaseMain$startTestSuite$0.call(Unknown Source)
	at TempTestSuite1705922193915.run(TempTestSuite1705922193915.groovy:36)
)
[[ATTACHMENT|C:\\Users\\Fadli\\git\\KatalonDailyGetData2\\Reports\\20240122_174123\\TS1\\20240122_181633\\1705922899815.png]]

2024-01-22 18:28:20 - [TEST_STEP][PASSED] - else: null

2024-01-22 18:28:20 - [TEST_STEP][PASSED] - strSeller3 = getText(findTestObject("Stockbit/Bandarmology_Seller3")): Text of object 'Object Repository/Stockbit/Bandarmology_Seller3' is: 'EP'

2024-01-22 18:28:20 - [MESSAGE][PASSED] - Text of object 'Object Repository/Stockbit/Bandarmology_Seller3' is: 'EP'

2024-01-22 18:28:20 - [TEST_STEP][PASSED] - strSellerVol3 = getText(findTestObject("Stockbit/Bandarmology_SellerVol3")): Text of object 'Object Repository/Stockbit/Bandarmology_SellerVol3' is: '706'

2024-01-22 18:28:20 - [MESSAGE][PASSED] - Text of object 'Object Repository/Stockbit/Bandarmology_SellerVol3' is: '706'

2024-01-22 18:28:20 - [TEST_STEP][PASSED] - strSellerAvg3 = getText(findTestObject("Stockbit/Bandarmology_SellerAvg3")): Text of object 'Object Repository/Stockbit/Bandarmology_SellerAvg3' is: '144'

2024-01-22 18:28:21 - [MESSAGE][PASSED] - Text of object 'Object Repository/Stockbit/Bandarmology_SellerAvg3' is: '144'

2024-01-22 18:28:21 - [TEST_STEP][PASSED] - if (strSeller3 != ""): null

2024-01-22 18:28:21 - [TEST_STEP][PASSED] - if (strSellerAvg3.contains(",")): null

2024-01-22 18:28:21 - [TEST_STEP][PASSED] - if (strSellerVol3.contains(" B")): null

2024-01-22 18:28:21 - [TEST_STEP][PASSED] - strAccDist = getText(findTestObject("Stockbit/Bandarmology_AccDist")): Text of object 'Object Repository/Stockbit/Bandarmology_AccDist' is: 'Dist'

2024-01-22 18:28:21 - [MESSAGE][PASSED] - Text of object 'Object Repository/Stockbit/Bandarmology_AccDist' is: 'Dist'

2024-01-22 18:28:21 - [TEST_STEP][PASSED] - strNetVol = getText(findTestObject("Stockbit/Bandarmology_NetVol")): Text of object 'Object Repository/Stockbit/Bandarmology_NetVol' is: '6,133'

2024-01-22 18:28:21 - [MESSAGE][PASSED] - Text of object 'Object Repository/Stockbit/Bandarmology_NetVol' is: '6,133'

2024-01-22 18:28:21 - [TEST_STEP][PASSED] - strNetVol = strNetVol.replace(",", ""): null

2024-01-22 18:28:21 - [TEST_STEP][PASSED] - strNetVal = getText(findTestObject("Stockbit/Bandarmology_NetVal")): Text of object 'Object Repository/Stockbit/Bandarmology_NetVal' is: '0.1 B'

2024-01-22 18:28:21 - [MESSAGE][PASSED] - Text of object 'Object Repository/Stockbit/Bandarmology_NetVal' is: '0.1 B'

2024-01-22 18:28:21 - [TEST_STEP][PASSED] - delay(3): Delayed 3 second(s)

2024-01-22 18:28:24 - [MESSAGE][PASSED] - Delayed 3 second(s)

2024-01-22 18:28:24 - [TEST_STEP][PASSED] - strOpenPrice = getText(findTestObject("Stockbit/Home_OpenPrice")): Text of object 'Object Repository/Stockbit/Home_OpenPrice' is: '146'

2024-01-22 18:28:24 - [MESSAGE][PASSED] - Text of object 'Object Repository/Stockbit/Home_OpenPrice' is: '146'

2024-01-22 18:28:24 - [TEST_STEP][PASSED] - strOpenPrice = strOpenPrice.replace(",", ""): null

2024-01-22 18:28:24 - [TEST_STEP][PASSED] - strLowPrice = getText(findTestObject("Stockbit/Home_LowPrice")): Text of object 'Object Repository/Stockbit/Home_LowPrice' is: '143'

2024-01-22 18:28:25 - [MESSAGE][PASSED] - Text of object 'Object Repository/Stockbit/Home_LowPrice' is: '143'

2024-01-22 18:28:25 - [TEST_STEP][PASSED] - strLowPrice = strLowPrice.replace(",", ""): null

2024-01-22 18:28:25 - [TEST_STEP][PASSED] - strHighPrice = getText(findTestObject("Stockbit/Home_HighPrice")): Text of object 'Object Repository/Stockbit/Home_HighPrice' is: '146'

2024-01-22 18:28:25 - [MESSAGE][PASSED] - Text of object 'Object Repository/Stockbit/Home_HighPrice' is: '146'

2024-01-22 18:28:25 - [TEST_STEP][PASSED] - strHighPrice = strHighPrice.replace(",", ""): null

2024-01-22 18:28:25 - [TEST_STEP][PASSED] - strClosePrice = getText(findTestObject("Stockbit/Home_ClosePrice")): Text of object 'Object Repository/Stockbit/Home_ClosePrice' is: '145'

2024-01-22 18:28:25 - [MESSAGE][PASSED] - Text of object 'Object Repository/Stockbit/Home_ClosePrice' is: '145'

2024-01-22 18:28:25 - [TEST_STEP][PASSED] - strClosePrice = strClosePrice.replace(",", ""): null

2024-01-22 18:28:25 - [TEST_STEP][PASSED] - strVol = getText(findTestObject("Stockbit/Home_Volume")): Text of object 'Object Repository/Stockbit/Home_Volume' is: '8 K'

2024-01-22 18:28:25 - [MESSAGE][PASSED] - Text of object 'Object Repository/Stockbit/Home_Volume' is: '8 K'

2024-01-22 18:28:25 - [TEST_STEP][PASSED] - if (strVol.contains(" K")): null

2024-01-22 18:28:25 - [TEST_STEP][PASSED] - strVol = strVol.replace(" K", "000"): null

2024-01-22 18:28:25 - [TEST_STEP][PASSED] - if (strVol.contains(",")): null

2024-01-22 18:28:25 - [TEST_STEP][PASSED] - strChange = getText(findTestObject("Stockbit/Home_Change")): Text of object 'Object Repository/Stockbit/Home_Change' is: '-0.68%'

2024-01-22 18:28:25 - [MESSAGE][PASSED] - Text of object 'Object Repository/Stockbit/Home_Change' is: '-0.68%'

2024-01-22 18:28:25 - [TEST_STEP][PASSED] - strChange = strChange.replace("%", ""): null

2024-01-22 18:28:25 - [TEST_STEP][PASSED] - strFreq = getText(findTestObject("Stockbit/Home_Freq")): Text of object 'Object Repository/Stockbit/Home_Freq' is: '159'

2024-01-22 18:28:26 - [MESSAGE][PASSED] - Text of object 'Object Repository/Stockbit/Home_Freq' is: '159'

2024-01-22 18:28:26 - [TEST_STEP][PASSED] - if (strFreq.contains(",")): null

2024-01-22 18:28:26 - [TEST_STEP][PASSED] - if (strFreq == "NA" || strFreq == ""): null

2024-01-22 18:28:26 - [TEST_STEP][PASSED] - else: null

2024-01-22 18:28:26 - [TEST_STEP][PASSED] - dblFreqAnal = strVol.toDouble() / strFreq.toDouble() * strFreq.toDouble() * strFreq.toDouble() * 100000000: null

2024-01-22 18:28:26 - [TEST_STEP][PASSED] - strFreqAnal = String.format("%.4f", dblFreqAnal): null

2024-01-22 18:28:26 - [TEST_STEP][PASSED] - out.println("Double strFreqAnal: " + strFreqAnal): null

2024-01-22 18:28:26 - [TEST_STEP][PASSED] - strTanggal = d.format(DateTimeFormatter.ofPattern("yyyy-MM-dd")): null

2024-01-22 18:28:26 - [TEST_STEP][PASSED] - strTanggal = "#" + strTanggal + "#": null

2024-01-22 18:28:26 - [TEST_STEP][PASSED] - strSQL = "select count(*) as JumBaris from TblBrokSum where Nama = '" + strNama + "' and Tanggal = " + strTanggal + "": null

2024-01-22 18:28:26 - [TEST_STEP][PASSED] - resultSet = statement.executeQuery(strSQL): null

2024-01-22 18:28:26 - [TEST_STEP][PASSED] - resultSet.next(): null

2024-01-22 18:28:26 - [TEST_STEP][PASSED] - intJumBaris = resultSet.getInt("JumBaris"): null

2024-01-22 18:28:26 - [TEST_STEP][PASSED] - if (intJumBaris > 0): null

2024-01-22 18:28:26 - [TEST_STEP][PASSED] - else: null

2024-01-22 18:28:26 - [TEST_STEP][PASSED] - try: null

2024-01-22 18:28:26 - [TEST_STEP][PASSED] - out.println("Insert data"): null

2024-01-22 18:28:26 - [TEST_STEP][PASSED] - strSQL = "insert into TblBrokSum (nama, tanggal, top1, top2, top3, AllBrokAvg, AccDist, AvgRP, " + "Buyer1, BuyerVal1, BuyerAvg1, Seller1, SellerVal1, SellerAvg1, Buyer2, BuyerVal2, BuyerAvg2, " + "Seller2, SellerVal2, SellerAvg2, Buyer3, BuyerVal3, BuyerAvg3, Seller3, SellerVal3, SellerAvg3, NetVol, NetVal, " + "OpenPrice, LowPrice, HighPrice, ClosePrice, Volume, Change, Frekuensi, FrekAnal) " + "values ('" + strNama + "', " + strTanggal + ", '" + strTop1 + "', '" + strTop3 + "', '" + strTop5 + "', " + "'" + strAllBrokAvg + "', '" + strAccDist + "', " + intAvgRP + ", '" + strBuyer1 + "', '" + strBuyerVol1 + "', " + strBuyerAvg1 + ", " + "'" + strSeller1 + "', '" + strSellerVol1 + "', " + strSellerAvg1 + ", '" + strBuyer2 + "', '" + strBuyerVol2 + "', " + strBuyerAvg2 + ", " + "'" + strSeller2 + "', '" + strSellerVol2 + "', " + strSellerAvg2 + ", '" + strBuyer3 + "', '" + strBuyerVol3 + "', " + strBuyerAvg3 + ", " + "'" + strSeller3 + "', '" + strSellerVol3 + "', " + strSellerAvg3 + ", " + strNetVol + ", '" + strNetVal + "', " + "" + strOpenPrice + ", " + strLowPrice + ", " + strHighPrice + ", " + strClosePrice + ", '" + strVol + "', " + strChange + ", " + strFreq + ", " + strFreqAnal + ");": null

2024-01-22 18:28:26 - [TEST_STEP][PASSED] - out.println("strSQL = " + strSQL): null

2024-01-22 18:28:26 - [TEST_STEP][PASSED] - statement.executeUpdate(strSQL): null

2024-01-22 18:28:26 - [TEST_STEP][PASSED] - setValueToCellByIndex(sheet01, rowIndex, 4, "DONE"): null

2024-01-22 18:28:26 - [TEST_STEP][PASSED] - saveWorkbook(excelFilePath, workbook01): null

2024-01-22 18:28:26 - [TEST_STEP][PASSED] - waitForElementClickable(findTestObject("Stockbit/menu_Bandarmology"), 10): Object 'Object Repository/Stockbit/menu_Bandarmology' is clickable

2024-01-22 18:28:26 - [MESSAGE][PASSED] - Object 'Object Repository/Stockbit/menu_Bandarmology' is clickable

2024-01-22 18:28:26 - [TEST_STEP][PASSED] - click(findTestObject("Stockbit/menu_Bandarmology")): Object: 'Object Repository/Stockbit/menu_Bandarmology' is clicked on

2024-01-22 18:28:26 - [MESSAGE][PASSED] - Object: 'Object Repository/Stockbit/menu_Bandarmology' is clicked on

2024-01-22 18:28:26 - [TEST_STEP][PASSED] - strTemp = "NA": null

2024-01-22 18:28:26 - [TEST_STEP][PASSED] - if (getCellValueByIndex(sheet01, rowIndex, 4) != "DONE"): Object: 'Object Repository/Stockbit/menu_Bandarmology' is clicked on

2024-01-22 18:28:26 - [TEST_STEP][PASSED] - strNama = getCellValueByIndex(sheet01, rowIndex, 0): null

2024-01-22 18:28:26 - [TEST_STEP][PASSED] - navigateToUrl("https://stockbit.com/#/symbol/" + strNama): Navigate to 'https://stockbit.com/#/symbol/ENRG' successfully

2024-01-22 18:28:28 - [MESSAGE][PASSED] - Navigate to 'https://stockbit.com/#/symbol/ENRG' successfully

2024-01-22 18:28:28 - [TEST_STEP][PASSED] - waitForElementClickable(findTestObject("Stockbit/menu_Bandarmology"), 10): Object 'Object Repository/Stockbit/menu_Bandarmology' is clickable

2024-01-22 18:28:28 - [MESSAGE][PASSED] - Object 'Object Repository/Stockbit/menu_Bandarmology' is clickable

2024-01-22 18:28:28 - [TEST_STEP][PASSED] - click(findTestObject("Stockbit/menu_Bandarmology")): Object: 'Object Repository/Stockbit/menu_Bandarmology' is clicked on

2024-01-22 18:28:29 - [MESSAGE][PASSED] - Object: 'Object Repository/Stockbit/menu_Bandarmology' is clicked on

2024-01-22 18:28:29 - [TEST_STEP][PASSED] - strTanggal = d.format(DateTimeFormatter.ofPattern("MMM dd, yyyy")): null

2024-01-22 18:28:29 - [TEST_STEP][PASSED] - strTanggal = d.format(ISO_DATE): null

2024-01-22 18:28:29 - [TEST_STEP][PASSED] - out.println("strTanggal = " + strTanggal): null

2024-01-22 18:28:29 - [TEST_STEP][PASSED] - out.println("strNama = " + strNama): null

2024-01-22 18:28:29 - [TEST_STEP][PASSED] - out.println("Baris ke = " + rowIndex): null

2024-01-22 18:28:29 - [TEST_STEP][PASSED] - click(findTestObject("Stockbit/input__BandarmologyOpenStartDate")): Object: 'Object Repository/Stockbit/input__BandarmologyOpenStartDate' is clicked on

2024-01-22 18:28:30 - [MESSAGE][PASSED] - Object: 'Object Repository/Stockbit/input__BandarmologyOpenStartDate' is clicked on

2024-01-22 18:28:30 - [TEST_STEP][PASSED] - sendKeys(findTestObject("Stockbit/input__BandarmologyOpenStartDate"), Keys.chord(CONTROL, "a")): Keys 'CONTROL + a' sent to object: 'Object Repository/Stockbit/input__BandarmologyOpenStartDate'

2024-01-22 18:28:31 - [MESSAGE][PASSED] - Keys 'CONTROL + a' sent to object: 'Object Repository/Stockbit/input__BandarmologyOpenStartDate'

2024-01-22 18:28:31 - [TEST_STEP][PASSED] - sendKeys(findTestObject("Stockbit/input__BandarmologyOpenStartDate"), Keys.chord(BACK_SPACE)): Keys 'BACK_SPACE + ' sent to object: 'Object Repository/Stockbit/input__BandarmologyOpenStartDate'

2024-01-22 18:28:32 - [MESSAGE][PASSED] - Keys 'BACK_SPACE + ' sent to object: 'Object Repository/Stockbit/input__BandarmologyOpenStartDate'

2024-01-22 18:28:32 - [TEST_STEP][PASSED] - setText(findTestObject("Stockbit/input__BandarmologyOpenStartDate"), strTanggal): Text '2024-01-22' is set on object 'Object Repository/Stockbit/input__BandarmologyOpenStartDate'

2024-01-22 18:28:32 - [MESSAGE][PASSED] - Text '2024-01-22' is set on object 'Object Repository/Stockbit/input__BandarmologyOpenStartDate'

2024-01-22 18:28:32 - [TEST_STEP][PASSED] - sendKeys(findTestObject("Stockbit/input__BandarmologyOpenStartDate"), Keys.chord(ENTER)): Keys 'ENTER + ' sent to object: 'Object Repository/Stockbit/input__BandarmologyOpenStartDate'

2024-01-22 18:28:33 - [MESSAGE][PASSED] - Keys 'ENTER + ' sent to object: 'Object Repository/Stockbit/input__BandarmologyOpenStartDate'

2024-01-22 18:28:33 - [TEST_STEP][PASSED] - click(findTestObject("Stockbit/input__BandarmologyOpenEndDate")): Object: 'Object Repository/Stockbit/input__BandarmologyOpenEndDate' is clicked on

2024-01-22 18:28:33 - [MESSAGE][PASSED] - Object: 'Object Repository/Stockbit/input__BandarmologyOpenEndDate' is clicked on

2024-01-22 18:28:33 - [TEST_STEP][PASSED] - sendKeys(findTestObject("Stockbit/input__BandarmologyOpenEndDate"), Keys.chord(CONTROL, "a")): Keys 'CONTROL + a' sent to object: 'Object Repository/Stockbit/input__BandarmologyOpenEndDate'

2024-01-22 18:28:34 - [MESSAGE][PASSED] - Keys 'CONTROL + a' sent to object: 'Object Repository/Stockbit/input__BandarmologyOpenEndDate'

2024-01-22 18:28:34 - [TEST_STEP][PASSED] - sendKeys(findTestObject("Stockbit/input__BandarmologyOpenEndDate"), Keys.chord(BACK_SPACE)): Keys 'BACK_SPACE + ' sent to object: 'Object Repository/Stockbit/input__BandarmologyOpenEndDate'

2024-01-22 18:28:34 - [MESSAGE][PASSED] - Keys 'BACK_SPACE + ' sent to object: 'Object Repository/Stockbit/input__BandarmologyOpenEndDate'

2024-01-22 18:28:34 - [TEST_STEP][PASSED] - setText(findTestObject("Stockbit/input__BandarmologyOpenEndDate"), strTanggal): Text '2024-01-22' is set on object 'Object Repository/Stockbit/input__BandarmologyOpenEndDate'

2024-01-22 18:28:35 - [MESSAGE][PASSED] - Text '2024-01-22' is set on object 'Object Repository/Stockbit/input__BandarmologyOpenEndDate'

2024-01-22 18:28:35 - [TEST_STEP][PASSED] - sendKeys(findTestObject("Stockbit/input__BandarmologyOpenEndDate"), Keys.chord(ENTER)): Keys 'ENTER + ' sent to object: 'Object Repository/Stockbit/input__BandarmologyOpenEndDate'

2024-01-22 18:28:36 - [MESSAGE][PASSED] - Keys 'ENTER + ' sent to object: 'Object Repository/Stockbit/input__BandarmologyOpenEndDate'

2024-01-22 18:28:36 - [TEST_STEP][PASSED] - delay(2): Delayed 2 second(s)

2024-01-22 18:28:38 - [MESSAGE][PASSED] - Delayed 2 second(s)

2024-01-22 18:28:38 - [TEST_STEP][PASSED] - strTemp = getText(findTestObject("Stockbit/Bandarmology_AvgRP")): Text of object 'Object Repository/Stockbit/Bandarmology_AvgRP' is: '223'

2024-01-22 18:28:38 - [MESSAGE][PASSED] - Text of object 'Object Repository/Stockbit/Bandarmology_AvgRP' is: '223'

2024-01-22 18:28:38 - [TEST_STEP][PASSED] - out.println("Bandarmology_AvgRP = " + strTemp): null

2024-01-22 18:28:38 - [TEST_STEP][PASSED] - if (strTemp != "0"): null

2024-01-22 18:28:38 - [TEST_STEP][PASSED] - strTop1 = getText(findTestObject("Stockbit/Bandarmology_Top1")): Text of object 'Object Repository/Stockbit/Bandarmology_Top1' is: 'Big Dist'

2024-01-22 18:28:38 - [MESSAGE][PASSED] - Text of object 'Object Repository/Stockbit/Bandarmology_Top1' is: 'Big Dist'

2024-01-22 18:28:38 - [TEST_STEP][PASSED] - strTop3 = getText(findTestObject("Stockbit/Bandarmology_Top3")): Text of object 'Object Repository/Stockbit/Bandarmology_Top3' is: 'Big Dist'

2024-01-22 18:28:38 - [MESSAGE][PASSED] - Text of object 'Object Repository/Stockbit/Bandarmology_Top3' is: 'Big Dist'

2024-01-22 18:28:38 - [TEST_STEP][PASSED] - strTop5 = getText(findTestObject("Stockbit/Bandarmology_Top5")): Text of object 'Object Repository/Stockbit/Bandarmology_Top5' is: 'Big Dist'

2024-01-22 18:28:38 - [MESSAGE][PASSED] - Text of object 'Object Repository/Stockbit/Bandarmology_Top5' is: 'Big Dist'

2024-01-22 18:28:38 - [TEST_STEP][PASSED] - strAllBrokAvg = getText(findTestObject("Stockbit/Bandarmology_TopAVG")): Text of object 'Object Repository/Stockbit/Bandarmology_TopAVG' is: 'Big Dist'

2024-01-22 18:28:38 - [MESSAGE][PASSED] - Text of object 'Object Repository/Stockbit/Bandarmology_TopAVG' is: 'Big Dist'

2024-01-22 18:28:38 - [TEST_STEP][PASSED] - strTemp = getText(findTestObject("Stockbit/Bandarmology_AvgRP")): Text of object 'Object Repository/Stockbit/Bandarmology_AvgRP' is: '223'

2024-01-22 18:28:39 - [MESSAGE][PASSED] - Text of object 'Object Repository/Stockbit/Bandarmology_AvgRP' is: '223'

2024-01-22 18:28:39 - [TEST_STEP][PASSED] - if (strTemp.contains(",")): null

2024-01-22 18:28:39 - [TEST_STEP][PASSED] - intAvgRP = strTemp.toInteger(): null

2024-01-22 18:28:39 - [TEST_STEP][PASSED] - strBuyer1 = getText(findTestObject("Stockbit/Bandarmology_Buyer1")): Text of object 'Object Repository/Stockbit/Bandarmology_Buyer1' is: 'NI'

2024-01-22 18:28:39 - [MESSAGE][PASSED] - Text of object 'Object Repository/Stockbit/Bandarmology_Buyer1' is: 'NI'

2024-01-22 18:28:39 - [TEST_STEP][PASSED] - strBuyerVol1 = getText(findTestObject("Stockbit/Bandarmology_BuyerVol1")): Text of object 'Object Repository/Stockbit/Bandarmology_BuyerVol1' is: '29.3 K'

2024-01-22 18:28:39 - [MESSAGE][PASSED] - Text of object 'Object Repository/Stockbit/Bandarmology_BuyerVol1' is: '29.3 K'

2024-01-22 18:28:39 - [TEST_STEP][PASSED] - strBuyerAvg1 = getText(findTestObject("Stockbit/Bandarmology_BuyerAvg1")): Text of object 'Object Repository/Stockbit/Bandarmology_BuyerAvg1' is: '224'

2024-01-22 18:28:39 - [MESSAGE][PASSED] - Text of object 'Object Repository/Stockbit/Bandarmology_BuyerAvg1' is: '224'

2024-01-22 18:28:39 - [TEST_STEP][PASSED] - if (strBuyerAvg1.contains(",")): null

2024-01-22 18:28:39 - [TEST_STEP][PASSED] - if (strBuyerVol1.contains(" B")): null

2024-01-22 18:28:39 - [TEST_STEP][PASSED] - else if (strBuyerVol1.contains(" M")): null

2024-01-22 18:28:39 - [TEST_STEP][PASSED] - else if (strBuyerVol1.contains(" K")): null

2024-01-22 18:28:39 - [TEST_STEP][PASSED] - strBuyerVol1 = strBuyerVol1.replace(" K", ""): null

2024-01-22 18:28:39 - [TEST_STEP][PASSED] - strBuyerVol1 = strBuyerVol1.toDouble() * 1000: null

2024-01-22 18:28:39 - [TEST_STEP][PASSED] - strSeller1 = getText(findTestObject("Stockbit/Bandarmology_Seller1")): Text of object 'Object Repository/Stockbit/Bandarmology_Seller1' is: 'IF'

2024-01-22 18:28:39 - [MESSAGE][PASSED] - Text of object 'Object Repository/Stockbit/Bandarmology_Seller1' is: 'IF'

2024-01-22 18:28:39 - [TEST_STEP][PASSED] - strSellerVol1 = getText(findTestObject("Stockbit/Bandarmology_SellerVol1")): Text of object 'Object Repository/Stockbit/Bandarmology_SellerVol1' is: '165.1 K'

2024-01-22 18:28:39 - [MESSAGE][PASSED] - Text of object 'Object Repository/Stockbit/Bandarmology_SellerVol1' is: '165.1 K'

2024-01-22 18:28:39 - [TEST_STEP][PASSED] - strSellerAvg1 = getText(findTestObject("Stockbit/Bandarmology_SellerAvg1")): Text of object 'Object Repository/Stockbit/Bandarmology_SellerAvg1' is: '223'

2024-01-22 18:28:39 - [MESSAGE][PASSED] - Text of object 'Object Repository/Stockbit/Bandarmology_SellerAvg1' is: '223'

2024-01-22 18:28:39 - [TEST_STEP][PASSED] - if (strSellerAvg1.contains(",")): null

2024-01-22 18:28:39 - [TEST_STEP][PASSED] - if (strSellerVol1.contains(" B")): null

2024-01-22 18:28:39 - [TEST_STEP][PASSED] - else if (strSellerVol1.contains(" M")): null

2024-01-22 18:28:39 - [TEST_STEP][PASSED] - else if (strSellerVol1.contains(" K")): null

2024-01-22 18:28:39 - [TEST_STEP][PASSED] - strSellerVol1 = strSellerVol1.replace(" K", ""): null

2024-01-22 18:28:39 - [TEST_STEP][PASSED] - strSellerVol1 = strSellerVol1.toDouble() * 1000: null

2024-01-22 18:28:39 - [TEST_STEP][PASSED] - if (verifyElementNotPresent(findTestObject("Stockbit/Bandarmology_Buyer2"), 1, OPTIONAL)): Web element with id: 'Object Repository/Stockbit/Bandarmology_Buyer2' located by 'By.xpath: //*[contains(@id, 'rc-tabs-')]/div[2]/div/div/div/div/div/div[2]/table/tbody/tr[3]/td[1]/p' is present after '1' second(s) (Root cause: com.kms.katalon.core.exception.StepFailedException: Web element with id: 'Object Repository/Stockbit/Bandarmology_Buyer2' located by 'By.xpath: //*[contains(@id, 'rc-tabs-')]/div[2]/div/div/div/div/div/div[2]/table/tbody/tr[3]/td[1]/p' is present after '1' second(s)
	at com.kms.katalon.core.webui.keyword.internal.WebUIKeywordMain.stepFailed(WebUIKeywordMain.groovy:64)
	at com.kms.katalon.core.webui.keyword.internal.WebUIKeywordMain$stepFailed$0.call(Unknown Source)
	at com.kms.katalon.core.webui.keyword.builtin.VerifyElementNotPresentKeyword$_verifyElementNotPresent_closure1.doCall(VerifyElementNotPresentKeyword.groovy:106)
	at com.kms.katalon.core.webui.keyword.builtin.VerifyElementNotPresentKeyword$_verifyElementNotPresent_closure1.doCall(VerifyElementNotPresentKeyword.groovy)
	at com.kms.katalon.core.webui.keyword.internal.WebUIKeywordMain.runKeyword(WebUIKeywordMain.groovy:20)
	at com.kms.katalon.core.webui.keyword.internal.WebUIKeywordMain$runKeyword.call(Unknown Source)
	at com.kms.katalon.core.webui.keyword.builtin.VerifyElementNotPresentKeyword.verifyElementNotPresent(VerifyElementNotPresentKeyword.groovy:117)
	at com.kms.katalon.core.webui.keyword.builtin.VerifyElementNotPresentKeyword.execute(VerifyElementNotPresentKeyword.groovy:68)
	at com.kms.katalon.core.keyword.internal.KeywordExecutor.executeKeywordForPlatform(KeywordExecutor.groovy:74)
	at com.kms.katalon.core.webui.keyword.WebUiBuiltInKeywords.verifyElementNotPresent(WebUiBuiltInKeywords.groovy:1481)
	at com.kms.katalon.core.webui.keyword.WebUiBuiltInKeywords$verifyElementNotPresent$8.call(Unknown Source)
	at GetBrokSumPriceDaily.run(GetBrokSumPriceDaily:258)
	at com.kms.katalon.core.main.ScriptEngine.run(ScriptEngine.java:194)
	at com.kms.katalon.core.main.ScriptEngine.runScriptAsRawText(ScriptEngine.java:119)
	at com.kms.katalon.core.main.TestCaseExecutor.runScript(TestCaseExecutor.java:445)
	at com.kms.katalon.core.main.TestCaseExecutor.doExecute(TestCaseExecutor.java:436)
	at com.kms.katalon.core.main.TestCaseExecutor.processExecutionPhase(TestCaseExecutor.java:415)
	at com.kms.katalon.core.main.TestCaseExecutor.accessMainPhase(TestCaseExecutor.java:407)
	at com.kms.katalon.core.main.TestCaseExecutor.execute(TestCaseExecutor.java:284)
	at com.kms.katalon.core.common.CommonExecutor.accessTestCaseMainPhase(CommonExecutor.java:65)
	at com.kms.katalon.core.main.TestSuiteExecutor.accessTestSuiteMainPhase(TestSuiteExecutor.java:144)
	at com.kms.katalon.core.main.TestSuiteExecutor.execute(TestSuiteExecutor.java:106)
	at com.kms.katalon.core.main.TestCaseMain.startTestSuite(TestCaseMain.java:185)
	at com.kms.katalon.core.main.TestCaseMain$startTestSuite$0.call(Unknown Source)
	at TempTestSuite1705922193915.run(TempTestSuite1705922193915.groovy:36)
)

2024-01-22 18:28:41 - [MESSAGE][WARNING] - Web element with id: 'Object Repository/Stockbit/Bandarmology_Buyer2' located by 'By.xpath: //*[contains(@id, 'rc-tabs-')]/div[2]/div/div/div/div/div/div[2]/table/tbody/tr[3]/td[1]/p' is present after '1' second(s) (Root cause: com.kms.katalon.core.exception.StepFailedException: Web element with id: 'Object Repository/Stockbit/Bandarmology_Buyer2' located by 'By.xpath: //*[contains(@id, 'rc-tabs-')]/div[2]/div/div/div/div/div/div[2]/table/tbody/tr[3]/td[1]/p' is present after '1' second(s)
	at com.kms.katalon.core.webui.keyword.internal.WebUIKeywordMain.stepFailed(WebUIKeywordMain.groovy:64)
	at com.kms.katalon.core.webui.keyword.internal.WebUIKeywordMain$stepFailed$0.call(Unknown Source)
	at com.kms.katalon.core.webui.keyword.builtin.VerifyElementNotPresentKeyword$_verifyElementNotPresent_closure1.doCall(VerifyElementNotPresentKeyword.groovy:106)
	at com.kms.katalon.core.webui.keyword.builtin.VerifyElementNotPresentKeyword$_verifyElementNotPresent_closure1.doCall(VerifyElementNotPresentKeyword.groovy)
	at com.kms.katalon.core.webui.keyword.internal.WebUIKeywordMain.runKeyword(WebUIKeywordMain.groovy:20)
	at com.kms.katalon.core.webui.keyword.internal.WebUIKeywordMain$runKeyword.call(Unknown Source)
	at com.kms.katalon.core.webui.keyword.builtin.VerifyElementNotPresentKeyword.verifyElementNotPresent(VerifyElementNotPresentKeyword.groovy:117)
	at com.kms.katalon.core.webui.keyword.builtin.VerifyElementNotPresentKeyword.execute(VerifyElementNotPresentKeyword.groovy:68)
	at com.kms.katalon.core.keyword.internal.KeywordExecutor.executeKeywordForPlatform(KeywordExecutor.groovy:74)
	at com.kms.katalon.core.webui.keyword.WebUiBuiltInKeywords.verifyElementNotPresent(WebUiBuiltInKeywords.groovy:1481)
	at com.kms.katalon.core.webui.keyword.WebUiBuiltInKeywords$verifyElementNotPresent$8.call(Unknown Source)
	at GetBrokSumPriceDaily.run(GetBrokSumPriceDaily:258)
	at com.kms.katalon.core.main.ScriptEngine.run(ScriptEngine.java:194)
	at com.kms.katalon.core.main.ScriptEngine.runScriptAsRawText(ScriptEngine.java:119)
	at com.kms.katalon.core.main.TestCaseExecutor.runScript(TestCaseExecutor.java:445)
	at com.kms.katalon.core.main.TestCaseExecutor.doExecute(TestCaseExecutor.java:436)
	at com.kms.katalon.core.main.TestCaseExecutor.processExecutionPhase(TestCaseExecutor.java:415)
	at com.kms.katalon.core.main.TestCaseExecutor.accessMainPhase(TestCaseExecutor.java:407)
	at com.kms.katalon.core.main.TestCaseExecutor.execute(TestCaseExecutor.java:284)
	at com.kms.katalon.core.common.CommonExecutor.accessTestCaseMainPhase(CommonExecutor.java:65)
	at com.kms.katalon.core.main.TestSuiteExecutor.accessTestSuiteMainPhase(TestSuiteExecutor.java:144)
	at com.kms.katalon.core.main.TestSuiteExecutor.execute(TestSuiteExecutor.java:106)
	at com.kms.katalon.core.main.TestCaseMain.startTestSuite(TestCaseMain.java:185)
	at com.kms.katalon.core.main.TestCaseMain$startTestSuite$0.call(Unknown Source)
	at TempTestSuite1705922193915.run(TempTestSuite1705922193915.groovy:36)
)
[[ATTACHMENT|C:\\Users\\Fadli\\git\\KatalonDailyGetData2\\Reports\\20240122_174123\\TS1\\20240122_181633\\1705922921049.png]]

2024-01-22 18:28:41 - [TEST_STEP][PASSED] - else: null

2024-01-22 18:28:41 - [TEST_STEP][PASSED] - strBuyer2 = getText(findTestObject("Stockbit/Bandarmology_Buyer2")): Text of object 'Object Repository/Stockbit/Bandarmology_Buyer2' is: 'CC'

2024-01-22 18:28:41 - [MESSAGE][PASSED] - Text of object 'Object Repository/Stockbit/Bandarmology_Buyer2' is: 'CC'

2024-01-22 18:28:41 - [TEST_STEP][PASSED] - strBuyerVol2 = getText(findTestObject("Stockbit/Bandarmology_BuyerVol2")): Text of object 'Object Repository/Stockbit/Bandarmology_BuyerVol2' is: '24.4 K'

2024-01-22 18:28:41 - [MESSAGE][PASSED] - Text of object 'Object Repository/Stockbit/Bandarmology_BuyerVol2' is: '24.4 K'

2024-01-22 18:28:41 - [TEST_STEP][PASSED] - strBuyerAvg2 = getText(findTestObject("Stockbit/Bandarmology_BuyerAvg2")): Text of object 'Object Repository/Stockbit/Bandarmology_BuyerAvg2' is: '224'

2024-01-22 18:28:41 - [MESSAGE][PASSED] - Text of object 'Object Repository/Stockbit/Bandarmology_BuyerAvg2' is: '224'

2024-01-22 18:28:41 - [TEST_STEP][PASSED] - if (strBuyer2 != ""): null

2024-01-22 18:28:41 - [TEST_STEP][PASSED] - if (strBuyerAvg2.contains(",")): null

2024-01-22 18:28:41 - [TEST_STEP][PASSED] - if (strBuyerVol2.contains(" B")): null

2024-01-22 18:28:41 - [TEST_STEP][PASSED] - else if (strBuyerVol2.contains(" M")): null

2024-01-22 18:28:41 - [TEST_STEP][PASSED] - else if (strBuyerVol2.contains(" K")): null

2024-01-22 18:28:41 - [TEST_STEP][PASSED] - strBuyerVol2 = strBuyerVol2.replace(" K", ""): null

2024-01-22 18:28:41 - [TEST_STEP][PASSED] - strBuyerVol2 = strBuyerVol2.toDouble() * 1000: null

2024-01-22 18:28:41 - [TEST_STEP][PASSED] - if (strBuyerVol2.contains(".")): null

2024-01-22 18:28:41 - [TEST_STEP][PASSED] - strBuyerVal2 = strBuyerVol2.replace(".", ""): null

2024-01-22 18:28:41 - [TEST_STEP][PASSED] - if (verifyElementNotPresent(findTestObject("Stockbit/Bandarmology_Seller2"), 1, OPTIONAL)): Web element with id: 'Object Repository/Stockbit/Bandarmology_Seller2' located by 'By.xpath: //*[contains(@id, 'rc-tabs-')]/div[2]/div/div/div/div/div/div[2]/table/tbody/tr[3]/td[5]/p' is present after '1' second(s) (Root cause: com.kms.katalon.core.exception.StepFailedException: Web element with id: 'Object Repository/Stockbit/Bandarmology_Seller2' located by 'By.xpath: //*[contains(@id, 'rc-tabs-')]/div[2]/div/div/div/div/div/div[2]/table/tbody/tr[3]/td[5]/p' is present after '1' second(s)
	at com.kms.katalon.core.webui.keyword.internal.WebUIKeywordMain.stepFailed(WebUIKeywordMain.groovy:64)
	at com.kms.katalon.core.webui.keyword.internal.WebUIKeywordMain$stepFailed$0.call(Unknown Source)
	at com.kms.katalon.core.webui.keyword.builtin.VerifyElementNotPresentKeyword$_verifyElementNotPresent_closure1.doCall(VerifyElementNotPresentKeyword.groovy:106)
	at com.kms.katalon.core.webui.keyword.builtin.VerifyElementNotPresentKeyword$_verifyElementNotPresent_closure1.doCall(VerifyElementNotPresentKeyword.groovy)
	at com.kms.katalon.core.webui.keyword.internal.WebUIKeywordMain.runKeyword(WebUIKeywordMain.groovy:20)
	at com.kms.katalon.core.webui.keyword.internal.WebUIKeywordMain$runKeyword.call(Unknown Source)
	at com.kms.katalon.core.webui.keyword.builtin.VerifyElementNotPresentKeyword.verifyElementNotPresent(VerifyElementNotPresentKeyword.groovy:117)
	at com.kms.katalon.core.webui.keyword.builtin.VerifyElementNotPresentKeyword.execute(VerifyElementNotPresentKeyword.groovy:68)
	at com.kms.katalon.core.keyword.internal.KeywordExecutor.executeKeywordForPlatform(KeywordExecutor.groovy:74)
	at com.kms.katalon.core.webui.keyword.WebUiBuiltInKeywords.verifyElementNotPresent(WebUiBuiltInKeywords.groovy:1481)
	at com.kms.katalon.core.webui.keyword.WebUiBuiltInKeywords$verifyElementNotPresent$8.call(Unknown Source)
	at GetBrokSumPriceDaily.run(GetBrokSumPriceDaily:309)
	at com.kms.katalon.core.main.ScriptEngine.run(ScriptEngine.java:194)
	at com.kms.katalon.core.main.ScriptEngine.runScriptAsRawText(ScriptEngine.java:119)
	at com.kms.katalon.core.main.TestCaseExecutor.runScript(TestCaseExecutor.java:445)
	at com.kms.katalon.core.main.TestCaseExecutor.doExecute(TestCaseExecutor.java:436)
	at com.kms.katalon.core.main.TestCaseExecutor.processExecutionPhase(TestCaseExecutor.java:415)
	at com.kms.katalon.core.main.TestCaseExecutor.accessMainPhase(TestCaseExecutor.java:407)
	at com.kms.katalon.core.main.TestCaseExecutor.execute(TestCaseExecutor.java:284)
	at com.kms.katalon.core.common.CommonExecutor.accessTestCaseMainPhase(CommonExecutor.java:65)
	at com.kms.katalon.core.main.TestSuiteExecutor.accessTestSuiteMainPhase(TestSuiteExecutor.java:144)
	at com.kms.katalon.core.main.TestSuiteExecutor.execute(TestSuiteExecutor.java:106)
	at com.kms.katalon.core.main.TestCaseMain.startTestSuite(TestCaseMain.java:185)
	at com.kms.katalon.core.main.TestCaseMain$startTestSuite$0.call(Unknown Source)
	at TempTestSuite1705922193915.run(TempTestSuite1705922193915.groovy:36)
)

2024-01-22 18:28:43 - [MESSAGE][WARNING] - Web element with id: 'Object Repository/Stockbit/Bandarmology_Seller2' located by 'By.xpath: //*[contains(@id, 'rc-tabs-')]/div[2]/div/div/div/div/div/div[2]/table/tbody/tr[3]/td[5]/p' is present after '1' second(s) (Root cause: com.kms.katalon.core.exception.StepFailedException: Web element with id: 'Object Repository/Stockbit/Bandarmology_Seller2' located by 'By.xpath: //*[contains(@id, 'rc-tabs-')]/div[2]/div/div/div/div/div/div[2]/table/tbody/tr[3]/td[5]/p' is present after '1' second(s)
	at com.kms.katalon.core.webui.keyword.internal.WebUIKeywordMain.stepFailed(WebUIKeywordMain.groovy:64)
	at com.kms.katalon.core.webui.keyword.internal.WebUIKeywordMain$stepFailed$0.call(Unknown Source)
	at com.kms.katalon.core.webui.keyword.builtin.VerifyElementNotPresentKeyword$_verifyElementNotPresent_closure1.doCall(VerifyElementNotPresentKeyword.groovy:106)
	at com.kms.katalon.core.webui.keyword.builtin.VerifyElementNotPresentKeyword$_verifyElementNotPresent_closure1.doCall(VerifyElementNotPresentKeyword.groovy)
	at com.kms.katalon.core.webui.keyword.internal.WebUIKeywordMain.runKeyword(WebUIKeywordMain.groovy:20)
	at com.kms.katalon.core.webui.keyword.internal.WebUIKeywordMain$runKeyword.call(Unknown Source)
	at com.kms.katalon.core.webui.keyword.builtin.VerifyElementNotPresentKeyword.verifyElementNotPresent(VerifyElementNotPresentKeyword.groovy:117)
	at com.kms.katalon.core.webui.keyword.builtin.VerifyElementNotPresentKeyword.execute(VerifyElementNotPresentKeyword.groovy:68)
	at com.kms.katalon.core.keyword.internal.KeywordExecutor.executeKeywordForPlatform(KeywordExecutor.groovy:74)
	at com.kms.katalon.core.webui.keyword.WebUiBuiltInKeywords.verifyElementNotPresent(WebUiBuiltInKeywords.groovy:1481)
	at com.kms.katalon.core.webui.keyword.WebUiBuiltInKeywords$verifyElementNotPresent$8.call(Unknown Source)
	at GetBrokSumPriceDaily.run(GetBrokSumPriceDaily:309)
	at com.kms.katalon.core.main.ScriptEngine.run(ScriptEngine.java:194)
	at com.kms.katalon.core.main.ScriptEngine.runScriptAsRawText(ScriptEngine.java:119)
	at com.kms.katalon.core.main.TestCaseExecutor.runScript(TestCaseExecutor.java:445)
	at com.kms.katalon.core.main.TestCaseExecutor.doExecute(TestCaseExecutor.java:436)
	at com.kms.katalon.core.main.TestCaseExecutor.processExecutionPhase(TestCaseExecutor.java:415)
	at com.kms.katalon.core.main.TestCaseExecutor.accessMainPhase(TestCaseExecutor.java:407)
	at com.kms.katalon.core.main.TestCaseExecutor.execute(TestCaseExecutor.java:284)
	at com.kms.katalon.core.common.CommonExecutor.accessTestCaseMainPhase(CommonExecutor.java:65)
	at com.kms.katalon.core.main.TestSuiteExecutor.accessTestSuiteMainPhase(TestSuiteExecutor.java:144)
	at com.kms.katalon.core.main.TestSuiteExecutor.execute(TestSuiteExecutor.java:106)
	at com.kms.katalon.core.main.TestCaseMain.startTestSuite(TestCaseMain.java:185)
	at com.kms.katalon.core.main.TestCaseMain$startTestSuite$0.call(Unknown Source)
	at TempTestSuite1705922193915.run(TempTestSuite1705922193915.groovy:36)
)
[[ATTACHMENT|C:\\Users\\Fadli\\git\\KatalonDailyGetData2\\Reports\\20240122_174123\\TS1\\20240122_181633\\1705922922873.png]]

2024-01-22 18:28:43 - [TEST_STEP][PASSED] - else: null

2024-01-22 18:28:43 - [TEST_STEP][PASSED] - strSeller2 = getText(findTestObject("Stockbit/Bandarmology_Seller2")): Text of object 'Object Repository/Stockbit/Bandarmology_Seller2' is: 'BK'

2024-01-22 18:28:43 - [MESSAGE][PASSED] - Text of object 'Object Repository/Stockbit/Bandarmology_Seller2' is: 'BK'

2024-01-22 18:28:43 - [TEST_STEP][PASSED] - strSellerVol2 = getText(findTestObject("Stockbit/Bandarmology_SellerVol2")): Text of object 'Object Repository/Stockbit/Bandarmology_SellerVol2' is: '17.4 K'

2024-01-22 18:28:43 - [MESSAGE][PASSED] - Text of object 'Object Repository/Stockbit/Bandarmology_SellerVol2' is: '17.4 K'

2024-01-22 18:28:43 - [TEST_STEP][PASSED] - strSellerAvg2 = getText(findTestObject("Stockbit/Bandarmology_SellerAvg2")): Text of object 'Object Repository/Stockbit/Bandarmology_SellerAvg2' is: '222'

2024-01-22 18:28:43 - [MESSAGE][PASSED] - Text of object 'Object Repository/Stockbit/Bandarmology_SellerAvg2' is: '222'

2024-01-22 18:28:43 - [TEST_STEP][PASSED] - if (strSeller2 != ""): null

2024-01-22 18:28:43 - [TEST_STEP][PASSED] - if (strSellerAvg2.contains(",")): null

2024-01-22 18:28:43 - [TEST_STEP][PASSED] - if (strSellerVol2.contains(" B")): null

2024-01-22 18:28:43 - [TEST_STEP][PASSED] - else if (strSellerVol2.contains(" M")): null

2024-01-22 18:28:43 - [TEST_STEP][PASSED] - else if (strSellerVol2.contains(" K")): null

2024-01-22 18:28:43 - [TEST_STEP][PASSED] - strSellerVol2 = strSellerVol2.replace(" K", ""): null

2024-01-22 18:28:43 - [TEST_STEP][PASSED] - strSellerVol2 = strSellerVol2.toDouble() * 1000: null

2024-01-22 18:28:43 - [TEST_STEP][PASSED] - if (verifyElementNotPresent(findTestObject("Stockbit/Bandarmology_Buyer3"), 1, OPTIONAL)): Web element with id: 'Object Repository/Stockbit/Bandarmology_Buyer3' located by 'By.xpath: //*[contains(@id, 'rc-tabs-')]/div[2]/div/div/div/div/div/div[2]/table/tbody/tr[4]/td[1]/p' is present after '1' second(s) (Root cause: com.kms.katalon.core.exception.StepFailedException: Web element with id: 'Object Repository/Stockbit/Bandarmology_Buyer3' located by 'By.xpath: //*[contains(@id, 'rc-tabs-')]/div[2]/div/div/div/div/div/div[2]/table/tbody/tr[4]/td[1]/p' is present after '1' second(s)
	at com.kms.katalon.core.webui.keyword.internal.WebUIKeywordMain.stepFailed(WebUIKeywordMain.groovy:64)
	at com.kms.katalon.core.webui.keyword.internal.WebUIKeywordMain$stepFailed$0.call(Unknown Source)
	at com.kms.katalon.core.webui.keyword.builtin.VerifyElementNotPresentKeyword$_verifyElementNotPresent_closure1.doCall(VerifyElementNotPresentKeyword.groovy:106)
	at com.kms.katalon.core.webui.keyword.builtin.VerifyElementNotPresentKeyword$_verifyElementNotPresent_closure1.doCall(VerifyElementNotPresentKeyword.groovy)
	at com.kms.katalon.core.webui.keyword.internal.WebUIKeywordMain.runKeyword(WebUIKeywordMain.groovy:20)
	at com.kms.katalon.core.webui.keyword.internal.WebUIKeywordMain$runKeyword.call(Unknown Source)
	at com.kms.katalon.core.webui.keyword.builtin.VerifyElementNotPresentKeyword.verifyElementNotPresent(VerifyElementNotPresentKeyword.groovy:117)
	at com.kms.katalon.core.webui.keyword.builtin.VerifyElementNotPresentKeyword.execute(VerifyElementNotPresentKeyword.groovy:68)
	at com.kms.katalon.core.keyword.internal.KeywordExecutor.executeKeywordForPlatform(KeywordExecutor.groovy:74)
	at com.kms.katalon.core.webui.keyword.WebUiBuiltInKeywords.verifyElementNotPresent(WebUiBuiltInKeywords.groovy:1481)
	at com.kms.katalon.core.webui.keyword.WebUiBuiltInKeywords$verifyElementNotPresent$8.call(Unknown Source)
	at GetBrokSumPriceDaily.run(GetBrokSumPriceDaily:361)
	at com.kms.katalon.core.main.ScriptEngine.run(ScriptEngine.java:194)
	at com.kms.katalon.core.main.ScriptEngine.runScriptAsRawText(ScriptEngine.java:119)
	at com.kms.katalon.core.main.TestCaseExecutor.runScript(TestCaseExecutor.java:445)
	at com.kms.katalon.core.main.TestCaseExecutor.doExecute(TestCaseExecutor.java:436)
	at com.kms.katalon.core.main.TestCaseExecutor.processExecutionPhase(TestCaseExecutor.java:415)
	at com.kms.katalon.core.main.TestCaseExecutor.accessMainPhase(TestCaseExecutor.java:407)
	at com.kms.katalon.core.main.TestCaseExecutor.execute(TestCaseExecutor.java:284)
	at com.kms.katalon.core.common.CommonExecutor.accessTestCaseMainPhase(CommonExecutor.java:65)
	at com.kms.katalon.core.main.TestSuiteExecutor.accessTestSuiteMainPhase(TestSuiteExecutor.java:144)
	at com.kms.katalon.core.main.TestSuiteExecutor.execute(TestSuiteExecutor.java:106)
	at com.kms.katalon.core.main.TestCaseMain.startTestSuite(TestCaseMain.java:185)
	at com.kms.katalon.core.main.TestCaseMain$startTestSuite$0.call(Unknown Source)
	at TempTestSuite1705922193915.run(TempTestSuite1705922193915.groovy:36)
)

2024-01-22 18:28:44 - [MESSAGE][WARNING] - Web element with id: 'Object Repository/Stockbit/Bandarmology_Buyer3' located by 'By.xpath: //*[contains(@id, 'rc-tabs-')]/div[2]/div/div/div/div/div/div[2]/table/tbody/tr[4]/td[1]/p' is present after '1' second(s) (Root cause: com.kms.katalon.core.exception.StepFailedException: Web element with id: 'Object Repository/Stockbit/Bandarmology_Buyer3' located by 'By.xpath: //*[contains(@id, 'rc-tabs-')]/div[2]/div/div/div/div/div/div[2]/table/tbody/tr[4]/td[1]/p' is present after '1' second(s)
	at com.kms.katalon.core.webui.keyword.internal.WebUIKeywordMain.stepFailed(WebUIKeywordMain.groovy:64)
	at com.kms.katalon.core.webui.keyword.internal.WebUIKeywordMain$stepFailed$0.call(Unknown Source)
	at com.kms.katalon.core.webui.keyword.builtin.VerifyElementNotPresentKeyword$_verifyElementNotPresent_closure1.doCall(VerifyElementNotPresentKeyword.groovy:106)
	at com.kms.katalon.core.webui.keyword.builtin.VerifyElementNotPresentKeyword$_verifyElementNotPresent_closure1.doCall(VerifyElementNotPresentKeyword.groovy)
	at com.kms.katalon.core.webui.keyword.internal.WebUIKeywordMain.runKeyword(WebUIKeywordMain.groovy:20)
	at com.kms.katalon.core.webui.keyword.internal.WebUIKeywordMain$runKeyword.call(Unknown Source)
	at com.kms.katalon.core.webui.keyword.builtin.VerifyElementNotPresentKeyword.verifyElementNotPresent(VerifyElementNotPresentKeyword.groovy:117)
	at com.kms.katalon.core.webui.keyword.builtin.VerifyElementNotPresentKeyword.execute(VerifyElementNotPresentKeyword.groovy:68)
	at com.kms.katalon.core.keyword.internal.KeywordExecutor.executeKeywordForPlatform(KeywordExecutor.groovy:74)
	at com.kms.katalon.core.webui.keyword.WebUiBuiltInKeywords.verifyElementNotPresent(WebUiBuiltInKeywords.groovy:1481)
	at com.kms.katalon.core.webui.keyword.WebUiBuiltInKeywords$verifyElementNotPresent$8.call(Unknown Source)
	at GetBrokSumPriceDaily.run(GetBrokSumPriceDaily:361)
	at com.kms.katalon.core.main.ScriptEngine.run(ScriptEngine.java:194)
	at com.kms.katalon.core.main.ScriptEngine.runScriptAsRawText(ScriptEngine.java:119)
	at com.kms.katalon.core.main.TestCaseExecutor.runScript(TestCaseExecutor.java:445)
	at com.kms.katalon.core.main.TestCaseExecutor.doExecute(TestCaseExecutor.java:436)
	at com.kms.katalon.core.main.TestCaseExecutor.processExecutionPhase(TestCaseExecutor.java:415)
	at com.kms.katalon.core.main.TestCaseExecutor.accessMainPhase(TestCaseExecutor.java:407)
	at com.kms.katalon.core.main.TestCaseExecutor.execute(TestCaseExecutor.java:284)
	at com.kms.katalon.core.common.CommonExecutor.accessTestCaseMainPhase(CommonExecutor.java:65)
	at com.kms.katalon.core.main.TestSuiteExecutor.accessTestSuiteMainPhase(TestSuiteExecutor.java:144)
	at com.kms.katalon.core.main.TestSuiteExecutor.execute(TestSuiteExecutor.java:106)
	at com.kms.katalon.core.main.TestCaseMain.startTestSuite(TestCaseMain.java:185)
	at com.kms.katalon.core.main.TestCaseMain$startTestSuite$0.call(Unknown Source)
	at TempTestSuite1705922193915.run(TempTestSuite1705922193915.groovy:36)
)
[[ATTACHMENT|C:\\Users\\Fadli\\git\\KatalonDailyGetData2\\Reports\\20240122_174123\\TS1\\20240122_181633\\1705922924688.png]]

2024-01-22 18:28:44 - [TEST_STEP][PASSED] - else: null

2024-01-22 18:28:44 - [TEST_STEP][PASSED] - strBuyer3 = getText(findTestObject("Stockbit/Bandarmology_Buyer3")): Text of object 'Object Repository/Stockbit/Bandarmology_Buyer3' is: 'HD'

2024-01-22 18:28:45 - [MESSAGE][PASSED] - Text of object 'Object Repository/Stockbit/Bandarmology_Buyer3' is: 'HD'

2024-01-22 18:28:45 - [TEST_STEP][PASSED] - strBuyerVol3 = getText(findTestObject("Stockbit/Bandarmology_BuyerVol3")): Text of object 'Object Repository/Stockbit/Bandarmology_BuyerVol3' is: '17.8 K'

2024-01-22 18:28:45 - [MESSAGE][PASSED] - Text of object 'Object Repository/Stockbit/Bandarmology_BuyerVol3' is: '17.8 K'

2024-01-22 18:28:45 - [TEST_STEP][PASSED] - strBuyerAvg3 = getText(findTestObject("Stockbit/Bandarmology_BuyerAvg3")): Text of object 'Object Repository/Stockbit/Bandarmology_BuyerAvg3' is: '223'

2024-01-22 18:28:45 - [MESSAGE][PASSED] - Text of object 'Object Repository/Stockbit/Bandarmology_BuyerAvg3' is: '223'

2024-01-22 18:28:45 - [TEST_STEP][PASSED] - if (strBuyer3 != ""): null

2024-01-22 18:28:45 - [TEST_STEP][PASSED] - if (strBuyerAvg3.contains(",")): null

2024-01-22 18:28:45 - [TEST_STEP][PASSED] - if (strBuyerVol3.contains(" B")): null

2024-01-22 18:28:45 - [TEST_STEP][PASSED] - else if (strBuyerVol3.contains(" M")): null

2024-01-22 18:28:45 - [TEST_STEP][PASSED] - else if (strBuyerVol3.contains(" K")): null

2024-01-22 18:28:45 - [TEST_STEP][PASSED] - strBuyerVol3 = strBuyerVol3.replace(" K", ""): null

2024-01-22 18:28:45 - [TEST_STEP][PASSED] - strBuyerVol3 = strBuyerVol3.toDouble() * 1000: null

2024-01-22 18:28:45 - [TEST_STEP][PASSED] - if (verifyElementNotPresent(findTestObject("Stockbit/Bandarmology_Seller3"), 1, OPTIONAL)): Web element with id: 'Object Repository/Stockbit/Bandarmology_Seller3' located by 'By.xpath: //*[contains(@id, 'rc-tabs-')]/div[2]/div/div/div/div/div/div[2]/table/tbody/tr[4]/td[5]/p' is present after '1' second(s) (Root cause: com.kms.katalon.core.exception.StepFailedException: Web element with id: 'Object Repository/Stockbit/Bandarmology_Seller3' located by 'By.xpath: //*[contains(@id, 'rc-tabs-')]/div[2]/div/div/div/div/div/div[2]/table/tbody/tr[4]/td[5]/p' is present after '1' second(s)
	at com.kms.katalon.core.webui.keyword.internal.WebUIKeywordMain.stepFailed(WebUIKeywordMain.groovy:64)
	at com.kms.katalon.core.webui.keyword.internal.WebUIKeywordMain$stepFailed$0.call(Unknown Source)
	at com.kms.katalon.core.webui.keyword.builtin.VerifyElementNotPresentKeyword$_verifyElementNotPresent_closure1.doCall(VerifyElementNotPresentKeyword.groovy:106)
	at com.kms.katalon.core.webui.keyword.builtin.VerifyElementNotPresentKeyword$_verifyElementNotPresent_closure1.doCall(VerifyElementNotPresentKeyword.groovy)
	at com.kms.katalon.core.webui.keyword.internal.WebUIKeywordMain.runKeyword(WebUIKeywordMain.groovy:20)
	at com.kms.katalon.core.webui.keyword.internal.WebUIKeywordMain$runKeyword.call(Unknown Source)
	at com.kms.katalon.core.webui.keyword.builtin.VerifyElementNotPresentKeyword.verifyElementNotPresent(VerifyElementNotPresentKeyword.groovy:117)
	at com.kms.katalon.core.webui.keyword.builtin.VerifyElementNotPresentKeyword.execute(VerifyElementNotPresentKeyword.groovy:68)
	at com.kms.katalon.core.keyword.internal.KeywordExecutor.executeKeywordForPlatform(KeywordExecutor.groovy:74)
	at com.kms.katalon.core.webui.keyword.WebUiBuiltInKeywords.verifyElementNotPresent(WebUiBuiltInKeywords.groovy:1481)
	at com.kms.katalon.core.webui.keyword.WebUiBuiltInKeywords$verifyElementNotPresent$8.call(Unknown Source)
	at GetBrokSumPriceDaily.run(GetBrokSumPriceDaily:414)
	at com.kms.katalon.core.main.ScriptEngine.run(ScriptEngine.java:194)
	at com.kms.katalon.core.main.ScriptEngine.runScriptAsRawText(ScriptEngine.java:119)
	at com.kms.katalon.core.main.TestCaseExecutor.runScript(TestCaseExecutor.java:445)
	at com.kms.katalon.core.main.TestCaseExecutor.doExecute(TestCaseExecutor.java:436)
	at com.kms.katalon.core.main.TestCaseExecutor.processExecutionPhase(TestCaseExecutor.java:415)
	at com.kms.katalon.core.main.TestCaseExecutor.accessMainPhase(TestCaseExecutor.java:407)
	at com.kms.katalon.core.main.TestCaseExecutor.execute(TestCaseExecutor.java:284)
	at com.kms.katalon.core.common.CommonExecutor.accessTestCaseMainPhase(CommonExecutor.java:65)
	at com.kms.katalon.core.main.TestSuiteExecutor.accessTestSuiteMainPhase(TestSuiteExecutor.java:144)
	at com.kms.katalon.core.main.TestSuiteExecutor.execute(TestSuiteExecutor.java:106)
	at com.kms.katalon.core.main.TestCaseMain.startTestSuite(TestCaseMain.java:185)
	at com.kms.katalon.core.main.TestCaseMain$startTestSuite$0.call(Unknown Source)
	at TempTestSuite1705922193915.run(TempTestSuite1705922193915.groovy:36)
)

2024-01-22 18:28:46 - [MESSAGE][WARNING] - Web element with id: 'Object Repository/Stockbit/Bandarmology_Seller3' located by 'By.xpath: //*[contains(@id, 'rc-tabs-')]/div[2]/div/div/div/div/div/div[2]/table/tbody/tr[4]/td[5]/p' is present after '1' second(s) (Root cause: com.kms.katalon.core.exception.StepFailedException: Web element with id: 'Object Repository/Stockbit/Bandarmology_Seller3' located by 'By.xpath: //*[contains(@id, 'rc-tabs-')]/div[2]/div/div/div/div/div/div[2]/table/tbody/tr[4]/td[5]/p' is present after '1' second(s)
	at com.kms.katalon.core.webui.keyword.internal.WebUIKeywordMain.stepFailed(WebUIKeywordMain.groovy:64)
	at com.kms.katalon.core.webui.keyword.internal.WebUIKeywordMain$stepFailed$0.call(Unknown Source)
	at com.kms.katalon.core.webui.keyword.builtin.VerifyElementNotPresentKeyword$_verifyElementNotPresent_closure1.doCall(VerifyElementNotPresentKeyword.groovy:106)
	at com.kms.katalon.core.webui.keyword.builtin.VerifyElementNotPresentKeyword$_verifyElementNotPresent_closure1.doCall(VerifyElementNotPresentKeyword.groovy)
	at com.kms.katalon.core.webui.keyword.internal.WebUIKeywordMain.runKeyword(WebUIKeywordMain.groovy:20)
	at com.kms.katalon.core.webui.keyword.internal.WebUIKeywordMain$runKeyword.call(Unknown Source)
	at com.kms.katalon.core.webui.keyword.builtin.VerifyElementNotPresentKeyword.verifyElementNotPresent(VerifyElementNotPresentKeyword.groovy:117)
	at com.kms.katalon.core.webui.keyword.builtin.VerifyElementNotPresentKeyword.execute(VerifyElementNotPresentKeyword.groovy:68)
	at com.kms.katalon.core.keyword.internal.KeywordExecutor.executeKeywordForPlatform(KeywordExecutor.groovy:74)
	at com.kms.katalon.core.webui.keyword.WebUiBuiltInKeywords.verifyElementNotPresent(WebUiBuiltInKeywords.groovy:1481)
	at com.kms.katalon.core.webui.keyword.WebUiBuiltInKeywords$verifyElementNotPresent$8.call(Unknown Source)
	at GetBrokSumPriceDaily.run(GetBrokSumPriceDaily:414)
	at com.kms.katalon.core.main.ScriptEngine.run(ScriptEngine.java:194)
	at com.kms.katalon.core.main.ScriptEngine.runScriptAsRawText(ScriptEngine.java:119)
	at com.kms.katalon.core.main.TestCaseExecutor.runScript(TestCaseExecutor.java:445)
	at com.kms.katalon.core.main.TestCaseExecutor.doExecute(TestCaseExecutor.java:436)
	at com.kms.katalon.core.main.TestCaseExecutor.processExecutionPhase(TestCaseExecutor.java:415)
	at com.kms.katalon.core.main.TestCaseExecutor.accessMainPhase(TestCaseExecutor.java:407)
	at com.kms.katalon.core.main.TestCaseExecutor.execute(TestCaseExecutor.java:284)
	at com.kms.katalon.core.common.CommonExecutor.accessTestCaseMainPhase(CommonExecutor.java:65)
	at com.kms.katalon.core.main.TestSuiteExecutor.accessTestSuiteMainPhase(TestSuiteExecutor.java:144)
	at com.kms.katalon.core.main.TestSuiteExecutor.execute(TestSuiteExecutor.java:106)
	at com.kms.katalon.core.main.TestCaseMain.startTestSuite(TestCaseMain.java:185)
	at com.kms.katalon.core.main.TestCaseMain$startTestSuite$0.call(Unknown Source)
	at TempTestSuite1705922193915.run(TempTestSuite1705922193915.groovy:36)
)
[[ATTACHMENT|C:\\Users\\Fadli\\git\\KatalonDailyGetData2\\Reports\\20240122_174123\\TS1\\20240122_181633\\1705922926658.png]]

2024-01-22 18:28:46 - [TEST_STEP][PASSED] - else: null

2024-01-22 18:28:46 - [TEST_STEP][PASSED] - strSeller3 = getText(findTestObject("Stockbit/Bandarmology_Seller3")): Text of object 'Object Repository/Stockbit/Bandarmology_Seller3' is: 'YB'

2024-01-22 18:28:46 - [MESSAGE][PASSED] - Text of object 'Object Repository/Stockbit/Bandarmology_Seller3' is: 'YB'

2024-01-22 18:28:46 - [TEST_STEP][PASSED] - strSellerVol3 = getText(findTestObject("Stockbit/Bandarmology_SellerVol3")): Text of object 'Object Repository/Stockbit/Bandarmology_SellerVol3' is: '8.6 K'

2024-01-22 18:28:47 - [MESSAGE][PASSED] - Text of object 'Object Repository/Stockbit/Bandarmology_SellerVol3' is: '8.6 K'

2024-01-22 18:28:47 - [TEST_STEP][PASSED] - strSellerAvg3 = getText(findTestObject("Stockbit/Bandarmology_SellerAvg3")): Text of object 'Object Repository/Stockbit/Bandarmology_SellerAvg3' is: '225'

2024-01-22 18:28:47 - [MESSAGE][PASSED] - Text of object 'Object Repository/Stockbit/Bandarmology_SellerAvg3' is: '225'

2024-01-22 18:28:47 - [TEST_STEP][PASSED] - if (strSeller3 != ""): null

2024-01-22 18:28:47 - [TEST_STEP][PASSED] - if (strSellerAvg3.contains(",")): null

2024-01-22 18:28:47 - [TEST_STEP][PASSED] - if (strSellerVol3.contains(" B")): null

2024-01-22 18:28:47 - [TEST_STEP][PASSED] - else if (strSellerVol3.contains(" M")): null

2024-01-22 18:28:47 - [TEST_STEP][PASSED] - else if (strSellerVol3.contains(" K")): null

2024-01-22 18:28:47 - [TEST_STEP][PASSED] - strSellerVol3 = strSellerVol3.replace(" K", ""): null

2024-01-22 18:28:47 - [TEST_STEP][PASSED] - strSellerVol3 = strSellerVol3.toDouble() * 1000: null

2024-01-22 18:28:47 - [TEST_STEP][PASSED] - strAccDist = getText(findTestObject("Stockbit/Bandarmology_AccDist")): Text of object 'Object Repository/Stockbit/Bandarmology_AccDist' is: 'Dist'

2024-01-22 18:28:47 - [MESSAGE][PASSED] - Text of object 'Object Repository/Stockbit/Bandarmology_AccDist' is: 'Dist'

2024-01-22 18:28:47 - [TEST_STEP][PASSED] - strNetVol = getText(findTestObject("Stockbit/Bandarmology_NetVol")): Text of object 'Object Repository/Stockbit/Bandarmology_NetVol' is: '206,697'

2024-01-22 18:28:47 - [MESSAGE][PASSED] - Text of object 'Object Repository/Stockbit/Bandarmology_NetVol' is: '206,697'

2024-01-22 18:28:47 - [TEST_STEP][PASSED] - strNetVol = strNetVol.replace(",", ""): null

2024-01-22 18:28:47 - [TEST_STEP][PASSED] - strNetVal = getText(findTestObject("Stockbit/Bandarmology_NetVal")): Text of object 'Object Repository/Stockbit/Bandarmology_NetVal' is: '4.6 B'

2024-01-22 18:28:47 - [MESSAGE][PASSED] - Text of object 'Object Repository/Stockbit/Bandarmology_NetVal' is: '4.6 B'

2024-01-22 18:28:47 - [TEST_STEP][PASSED] - delay(3): Delayed 3 second(s)

2024-01-22 18:28:50 - [MESSAGE][PASSED] - Delayed 3 second(s)

2024-01-22 18:28:50 - [TEST_STEP][PASSED] - strOpenPrice = getText(findTestObject("Stockbit/Home_OpenPrice")): Text of object 'Object Repository/Stockbit/Home_OpenPrice' is: '236'

2024-01-22 18:28:50 - [MESSAGE][PASSED] - Text of object 'Object Repository/Stockbit/Home_OpenPrice' is: '236'

2024-01-22 18:28:50 - [TEST_STEP][PASSED] - strOpenPrice = strOpenPrice.replace(",", ""): null

2024-01-22 18:28:50 - [TEST_STEP][PASSED] - strLowPrice = getText(findTestObject("Stockbit/Home_LowPrice")): Text of object 'Object Repository/Stockbit/Home_LowPrice' is: '218'

2024-01-22 18:28:51 - [MESSAGE][PASSED] - Text of object 'Object Repository/Stockbit/Home_LowPrice' is: '218'

2024-01-22 18:28:51 - [TEST_STEP][PASSED] - strLowPrice = strLowPrice.replace(",", ""): null

2024-01-22 18:28:51 - [TEST_STEP][PASSED] - strHighPrice = getText(findTestObject("Stockbit/Home_HighPrice")): Text of object 'Object Repository/Stockbit/Home_HighPrice' is: '236'

2024-01-22 18:28:51 - [MESSAGE][PASSED] - Text of object 'Object Repository/Stockbit/Home_HighPrice' is: '236'

2024-01-22 18:28:51 - [TEST_STEP][PASSED] - strHighPrice = strHighPrice.replace(",", ""): null

2024-01-22 18:28:51 - [TEST_STEP][PASSED] - strClosePrice = getText(findTestObject("Stockbit/Home_ClosePrice")): Text of object 'Object Repository/Stockbit/Home_ClosePrice' is: '220'

2024-01-22 18:28:51 - [MESSAGE][PASSED] - Text of object 'Object Repository/Stockbit/Home_ClosePrice' is: '220'

2024-01-22 18:28:51 - [TEST_STEP][PASSED] - strClosePrice = strClosePrice.replace(",", ""): null

2024-01-22 18:28:51 - [TEST_STEP][PASSED] - strVol = getText(findTestObject("Stockbit/Home_Volume")): Text of object 'Object Repository/Stockbit/Home_Volume' is: '409 K'

2024-01-22 18:28:51 - [MESSAGE][PASSED] - Text of object 'Object Repository/Stockbit/Home_Volume' is: '409 K'

2024-01-22 18:28:51 - [TEST_STEP][PASSED] - if (strVol.contains(" K")): null

2024-01-22 18:28:51 - [TEST_STEP][PASSED] - strVol = strVol.replace(" K", "000"): null

2024-01-22 18:28:51 - [TEST_STEP][PASSED] - if (strVol.contains(",")): null

2024-01-22 18:28:51 - [TEST_STEP][PASSED] - strChange = getText(findTestObject("Stockbit/Home_Change")): Text of object 'Object Repository/Stockbit/Home_Change' is: '-5.17%'

2024-01-22 18:28:51 - [MESSAGE][PASSED] - Text of object 'Object Repository/Stockbit/Home_Change' is: '-5.17%'

2024-01-22 18:28:51 - [TEST_STEP][PASSED] - strChange = strChange.replace("%", ""): null

2024-01-22 18:28:51 - [TEST_STEP][PASSED] - strFreq = getText(findTestObject("Stockbit/Home_Freq")): Text of object 'Object Repository/Stockbit/Home_Freq' is: '2,429'

2024-01-22 18:28:51 - [MESSAGE][PASSED] - Text of object 'Object Repository/Stockbit/Home_Freq' is: '2,429'

2024-01-22 18:28:51 - [TEST_STEP][PASSED] - if (strFreq.contains(",")): null

2024-01-22 18:28:51 - [TEST_STEP][PASSED] - strFreq = strFreq.replace(",", ""): null

2024-01-22 18:28:51 - [TEST_STEP][PASSED] - if (strFreq == "NA" || strFreq == ""): null

2024-01-22 18:28:51 - [TEST_STEP][PASSED] - else: null

2024-01-22 18:28:51 - [TEST_STEP][PASSED] - dblFreqAnal = strVol.toDouble() / strFreq.toDouble() * strFreq.toDouble() * strFreq.toDouble() * 100000000: null

2024-01-22 18:28:51 - [TEST_STEP][PASSED] - strFreqAnal = String.format("%.4f", dblFreqAnal): null

2024-01-22 18:28:51 - [TEST_STEP][PASSED] - out.println("Double strFreqAnal: " + strFreqAnal): null

2024-01-22 18:28:51 - [TEST_STEP][PASSED] - strTanggal = d.format(DateTimeFormatter.ofPattern("yyyy-MM-dd")): null

2024-01-22 18:28:51 - [TEST_STEP][PASSED] - strTanggal = "#" + strTanggal + "#": null

2024-01-22 18:28:51 - [TEST_STEP][PASSED] - strSQL = "select count(*) as JumBaris from TblBrokSum where Nama = '" + strNama + "' and Tanggal = " + strTanggal + "": null

2024-01-22 18:28:51 - [TEST_STEP][PASSED] - resultSet = statement.executeQuery(strSQL): null

2024-01-22 18:28:51 - [TEST_STEP][PASSED] - resultSet.next(): null

2024-01-22 18:28:51 - [TEST_STEP][PASSED] - intJumBaris = resultSet.getInt("JumBaris"): null

2024-01-22 18:28:51 - [TEST_STEP][PASSED] - if (intJumBaris > 0): null

2024-01-22 18:28:51 - [TEST_STEP][PASSED] - else: null

2024-01-22 18:28:51 - [TEST_STEP][PASSED] - try: null

2024-01-22 18:28:51 - [TEST_STEP][PASSED] - out.println("Insert data"): null

2024-01-22 18:28:51 - [TEST_STEP][PASSED] - strSQL = "insert into TblBrokSum (nama, tanggal, top1, top2, top3, AllBrokAvg, AccDist, AvgRP, " + "Buyer1, BuyerVal1, BuyerAvg1, Seller1, SellerVal1, SellerAvg1, Buyer2, BuyerVal2, BuyerAvg2, " + "Seller2, SellerVal2, SellerAvg2, Buyer3, BuyerVal3, BuyerAvg3, Seller3, SellerVal3, SellerAvg3, NetVol, NetVal, " + "OpenPrice, LowPrice, HighPrice, ClosePrice, Volume, Change, Frekuensi, FrekAnal) " + "values ('" + strNama + "', " + strTanggal + ", '" + strTop1 + "', '" + strTop3 + "', '" + strTop5 + "', " + "'" + strAllBrokAvg + "', '" + strAccDist + "', " + intAvgRP + ", '" + strBuyer1 + "', '" + strBuyerVol1 + "', " + strBuyerAvg1 + ", " + "'" + strSeller1 + "', '" + strSellerVol1 + "', " + strSellerAvg1 + ", '" + strBuyer2 + "', '" + strBuyerVol2 + "', " + strBuyerAvg2 + ", " + "'" + strSeller2 + "', '" + strSellerVol2 + "', " + strSellerAvg2 + ", '" + strBuyer3 + "', '" + strBuyerVol3 + "', " + strBuyerAvg3 + ", " + "'" + strSeller3 + "', '" + strSellerVol3 + "', " + strSellerAvg3 + ", " + strNetVol + ", '" + strNetVal + "', " + "" + strOpenPrice + ", " + strLowPrice + ", " + strHighPrice + ", " + strClosePrice + ", '" + strVol + "', " + strChange + ", " + strFreq + ", " + strFreqAnal + ");": null

2024-01-22 18:28:51 - [TEST_STEP][PASSED] - out.println("strSQL = " + strSQL): null

2024-01-22 18:28:51 - [TEST_STEP][PASSED] - statement.executeUpdate(strSQL): null

2024-01-22 18:28:51 - [TEST_STEP][PASSED] - setValueToCellByIndex(sheet01, rowIndex, 4, "DONE"): null

2024-01-22 18:28:51 - [TEST_STEP][PASSED] - saveWorkbook(excelFilePath, workbook01): null

2024-01-22 18:28:51 - [TEST_STEP][PASSED] - waitForElementClickable(findTestObject("Stockbit/menu_Bandarmology"), 10): Object 'Object Repository/Stockbit/menu_Bandarmology' is clickable

2024-01-22 18:28:52 - [MESSAGE][PASSED] - Object 'Object Repository/Stockbit/menu_Bandarmology' is clickable

2024-01-22 18:28:52 - [TEST_STEP][PASSED] - click(findTestObject("Stockbit/menu_Bandarmology")): Object: 'Object Repository/Stockbit/menu_Bandarmology' is clicked on

2024-01-22 18:28:52 - [MESSAGE][PASSED] - Object: 'Object Repository/Stockbit/menu_Bandarmology' is clicked on

2024-01-22 18:28:52 - [TEST_STEP][PASSED] - strTemp = "NA": null

2024-01-22 18:28:52 - [TEST_STEP][PASSED] - if (getCellValueByIndex(sheet01, rowIndex, 4) != "DONE"): Object: 'Object Repository/Stockbit/menu_Bandarmology' is clicked on

2024-01-22 18:28:52 - [TEST_STEP][PASSED] - strNama = getCellValueByIndex(sheet01, rowIndex, 0): null

2024-01-22 18:28:52 - [TEST_STEP][PASSED] - navigateToUrl("https://stockbit.com/#/symbol/" + strNama): Navigate to 'https://stockbit.com/#/symbol/ABBA' successfully

2024-01-22 18:28:54 - [MESSAGE][PASSED] - Navigate to 'https://stockbit.com/#/symbol/ABBA' successfully

2024-01-22 18:28:54 - [TEST_STEP][PASSED] - waitForElementClickable(findTestObject("Stockbit/menu_Bandarmology"), 10): Object 'Object Repository/Stockbit/menu_Bandarmology' is clickable

2024-01-22 18:28:54 - [MESSAGE][PASSED] - Object 'Object Repository/Stockbit/menu_Bandarmology' is clickable

2024-01-22 18:28:54 - [TEST_STEP][PASSED] - click(findTestObject("Stockbit/menu_Bandarmology")): Object: 'Object Repository/Stockbit/menu_Bandarmology' is clicked on

2024-01-22 18:28:55 - [MESSAGE][PASSED] - Object: 'Object Repository/Stockbit/menu_Bandarmology' is clicked on

2024-01-22 18:28:55 - [TEST_STEP][PASSED] - strTanggal = d.format(DateTimeFormatter.ofPattern("MMM dd, yyyy")): null

2024-01-22 18:28:55 - [TEST_STEP][PASSED] - strTanggal = d.format(ISO_DATE): null

2024-01-22 18:28:55 - [TEST_STEP][PASSED] - out.println("strTanggal = " + strTanggal): null

2024-01-22 18:28:55 - [TEST_STEP][PASSED] - out.println("strNama = " + strNama): null

2024-01-22 18:28:55 - [TEST_STEP][PASSED] - out.println("Baris ke = " + rowIndex): null

2024-01-22 18:28:55 - [TEST_STEP][PASSED] - click(findTestObject("Stockbit/input__BandarmologyOpenStartDate")): Object: 'Object Repository/Stockbit/input__BandarmologyOpenStartDate' is clicked on

2024-01-22 18:28:56 - [MESSAGE][PASSED] - Object: 'Object Repository/Stockbit/input__BandarmologyOpenStartDate' is clicked on

2024-01-22 18:28:56 - [TEST_STEP][PASSED] - sendKeys(findTestObject("Stockbit/input__BandarmologyOpenStartDate"), Keys.chord(CONTROL, "a")): Keys 'CONTROL + a' sent to object: 'Object Repository/Stockbit/input__BandarmologyOpenStartDate'

2024-01-22 18:28:57 - [MESSAGE][PASSED] - Keys 'CONTROL + a' sent to object: 'Object Repository/Stockbit/input__BandarmologyOpenStartDate'

2024-01-22 18:28:57 - [TEST_STEP][PASSED] - sendKeys(findTestObject("Stockbit/input__BandarmologyOpenStartDate"), Keys.chord(BACK_SPACE)): Keys 'BACK_SPACE + ' sent to object: 'Object Repository/Stockbit/input__BandarmologyOpenStartDate'

2024-01-22 18:28:57 - [MESSAGE][PASSED] - Keys 'BACK_SPACE + ' sent to object: 'Object Repository/Stockbit/input__BandarmologyOpenStartDate'

2024-01-22 18:28:57 - [TEST_STEP][PASSED] - setText(findTestObject("Stockbit/input__BandarmologyOpenStartDate"), strTanggal): Text '2024-01-22' is set on object 'Object Repository/Stockbit/input__BandarmologyOpenStartDate'

2024-01-22 18:28:58 - [MESSAGE][PASSED] - Text '2024-01-22' is set on object 'Object Repository/Stockbit/input__BandarmologyOpenStartDate'

2024-01-22 18:28:58 - [TEST_STEP][PASSED] - sendKeys(findTestObject("Stockbit/input__BandarmologyOpenStartDate"), Keys.chord(ENTER)): Keys 'ENTER + ' sent to object: 'Object Repository/Stockbit/input__BandarmologyOpenStartDate'

2024-01-22 18:28:58 - [MESSAGE][PASSED] - Keys 'ENTER + ' sent to object: 'Object Repository/Stockbit/input__BandarmologyOpenStartDate'

2024-01-22 18:28:58 - [TEST_STEP][PASSED] - click(findTestObject("Stockbit/input__BandarmologyOpenEndDate")): Object: 'Object Repository/Stockbit/input__BandarmologyOpenEndDate' is clicked on

2024-01-22 18:28:58 - [MESSAGE][PASSED] - Object: 'Object Repository/Stockbit/input__BandarmologyOpenEndDate' is clicked on

2024-01-22 18:28:58 - [TEST_STEP][PASSED] - sendKeys(findTestObject("Stockbit/input__BandarmologyOpenEndDate"), Keys.chord(CONTROL, "a")): Keys 'CONTROL + a' sent to object: 'Object Repository/Stockbit/input__BandarmologyOpenEndDate'

2024-01-22 18:28:59 - [MESSAGE][PASSED] - Keys 'CONTROL + a' sent to object: 'Object Repository/Stockbit/input__BandarmologyOpenEndDate'

2024-01-22 18:28:59 - [TEST_STEP][PASSED] - sendKeys(findTestObject("Stockbit/input__BandarmologyOpenEndDate"), Keys.chord(BACK_SPACE)): Keys 'BACK_SPACE + ' sent to object: 'Object Repository/Stockbit/input__BandarmologyOpenEndDate'

2024-01-22 18:28:59 - [MESSAGE][PASSED] - Keys 'BACK_SPACE + ' sent to object: 'Object Repository/Stockbit/input__BandarmologyOpenEndDate'

2024-01-22 18:28:59 - [TEST_STEP][PASSED] - setText(findTestObject("Stockbit/input__BandarmologyOpenEndDate"), strTanggal): Text '2024-01-22' is set on object 'Object Repository/Stockbit/input__BandarmologyOpenEndDate'

2024-01-22 18:29:02 - [MESSAGE][PASSED] - Text '2024-01-22' is set on object 'Object Repository/Stockbit/input__BandarmologyOpenEndDate'

2024-01-22 18:29:02 - [TEST_STEP][PASSED] - sendKeys(findTestObject("Stockbit/input__BandarmologyOpenEndDate"), Keys.chord(ENTER)): Keys 'ENTER + ' sent to object: 'Object Repository/Stockbit/input__BandarmologyOpenEndDate'

2024-01-22 18:29:02 - [MESSAGE][PASSED] - Keys 'ENTER + ' sent to object: 'Object Repository/Stockbit/input__BandarmologyOpenEndDate'

2024-01-22 18:29:02 - [TEST_STEP][PASSED] - delay(2): Delayed 2 second(s)

2024-01-22 18:29:04 - [MESSAGE][PASSED] - Delayed 2 second(s)

2024-01-22 18:29:04 - [TEST_STEP][PASSED] - strTemp = getText(findTestObject("Stockbit/Bandarmology_AvgRP")): Text of object 'Object Repository/Stockbit/Bandarmology_AvgRP' is: '50'

2024-01-22 18:29:04 - [MESSAGE][PASSED] - Text of object 'Object Repository/Stockbit/Bandarmology_AvgRP' is: '50'

2024-01-22 18:29:04 - [TEST_STEP][PASSED] - out.println("Bandarmology_AvgRP = " + strTemp): null

2024-01-22 18:29:04 - [TEST_STEP][PASSED] - if (strTemp != "0"): null

2024-01-22 18:29:04 - [TEST_STEP][PASSED] - strTop1 = getText(findTestObject("Stockbit/Bandarmology_Top1")): Text of object 'Object Repository/Stockbit/Bandarmology_Top1' is: 'Big Dist'

2024-01-22 18:29:05 - [MESSAGE][PASSED] - Text of object 'Object Repository/Stockbit/Bandarmology_Top1' is: 'Big Dist'

2024-01-22 18:29:05 - [TEST_STEP][PASSED] - strTop3 = getText(findTestObject("Stockbit/Bandarmology_Top3")): Text of object 'Object Repository/Stockbit/Bandarmology_Top3' is: 'Big Dist'

2024-01-22 18:29:05 - [MESSAGE][PASSED] - Text of object 'Object Repository/Stockbit/Bandarmology_Top3' is: 'Big Dist'

2024-01-22 18:29:05 - [TEST_STEP][PASSED] - strTop5 = getText(findTestObject("Stockbit/Bandarmology_Top5")): Text of object 'Object Repository/Stockbit/Bandarmology_Top5' is: 'Big Dist'

2024-01-22 18:29:05 - [MESSAGE][PASSED] - Text of object 'Object Repository/Stockbit/Bandarmology_Top5' is: 'Big Dist'

2024-01-22 18:29:05 - [TEST_STEP][PASSED] - strAllBrokAvg = getText(findTestObject("Stockbit/Bandarmology_TopAVG")): Text of object 'Object Repository/Stockbit/Bandarmology_TopAVG' is: 'Big Dist'

2024-01-22 18:29:05 - [MESSAGE][PASSED] - Text of object 'Object Repository/Stockbit/Bandarmology_TopAVG' is: 'Big Dist'

2024-01-22 18:29:05 - [TEST_STEP][PASSED] - strTemp = getText(findTestObject("Stockbit/Bandarmology_AvgRP")): Text of object 'Object Repository/Stockbit/Bandarmology_AvgRP' is: '50'

2024-01-22 18:29:05 - [MESSAGE][PASSED] - Text of object 'Object Repository/Stockbit/Bandarmology_AvgRP' is: '50'

2024-01-22 18:29:05 - [TEST_STEP][PASSED] - if (strTemp.contains(",")): null

2024-01-22 18:29:05 - [TEST_STEP][PASSED] - intAvgRP = strTemp.toInteger(): null

2024-01-22 18:29:05 - [TEST_STEP][PASSED] - strBuyer1 = getText(findTestObject("Stockbit/Bandarmology_Buyer1")): Text of object 'Object Repository/Stockbit/Bandarmology_Buyer1' is: 'RB'

2024-01-22 18:29:05 - [MESSAGE][PASSED] - Text of object 'Object Repository/Stockbit/Bandarmology_Buyer1' is: 'RB'

2024-01-22 18:29:05 - [TEST_STEP][PASSED] - strBuyerVol1 = getText(findTestObject("Stockbit/Bandarmology_BuyerVol1")): Text of object 'Object Repository/Stockbit/Bandarmology_BuyerVol1' is: '30 K'

2024-01-22 18:29:05 - [MESSAGE][PASSED] - Text of object 'Object Repository/Stockbit/Bandarmology_BuyerVol1' is: '30 K'

2024-01-22 18:29:05 - [TEST_STEP][PASSED] - strBuyerAvg1 = getText(findTestObject("Stockbit/Bandarmology_BuyerAvg1")): Text of object 'Object Repository/Stockbit/Bandarmology_BuyerAvg1' is: '50'

2024-01-22 18:29:05 - [MESSAGE][PASSED] - Text of object 'Object Repository/Stockbit/Bandarmology_BuyerAvg1' is: '50'

2024-01-22 18:29:05 - [TEST_STEP][PASSED] - if (strBuyerAvg1.contains(",")): null

2024-01-22 18:29:05 - [TEST_STEP][PASSED] - if (strBuyerVol1.contains(" B")): null

2024-01-22 18:29:05 - [TEST_STEP][PASSED] - else if (strBuyerVol1.contains(" M")): null

2024-01-22 18:29:05 - [TEST_STEP][PASSED] - else if (strBuyerVol1.contains(" K")): null

2024-01-22 18:29:05 - [TEST_STEP][PASSED] - strBuyerVol1 = strBuyerVol1.replace(" K", ""): null

2024-01-22 18:29:05 - [TEST_STEP][PASSED] - strBuyerVol1 = strBuyerVol1.toDouble() * 1000: null

2024-01-22 18:29:05 - [TEST_STEP][PASSED] - strSeller1 = getText(findTestObject("Stockbit/Bandarmology_Seller1")): Text of object 'Object Repository/Stockbit/Bandarmology_Seller1' is: 'KI'

2024-01-22 18:29:06 - [MESSAGE][PASSED] - Text of object 'Object Repository/Stockbit/Bandarmology_Seller1' is: 'KI'

2024-01-22 18:29:06 - [TEST_STEP][PASSED] - strSellerVol1 = getText(findTestObject("Stockbit/Bandarmology_SellerVol1")): Text of object 'Object Repository/Stockbit/Bandarmology_SellerVol1' is: '100 K'

2024-01-22 18:29:06 - [MESSAGE][PASSED] - Text of object 'Object Repository/Stockbit/Bandarmology_SellerVol1' is: '100 K'

2024-01-22 18:29:06 - [TEST_STEP][PASSED] - strSellerAvg1 = getText(findTestObject("Stockbit/Bandarmology_SellerAvg1")): Text of object 'Object Repository/Stockbit/Bandarmology_SellerAvg1' is: '50'

2024-01-22 18:29:06 - [MESSAGE][PASSED] - Text of object 'Object Repository/Stockbit/Bandarmology_SellerAvg1' is: '50'

2024-01-22 18:29:06 - [TEST_STEP][PASSED] - if (strSellerAvg1.contains(",")): null

2024-01-22 18:29:06 - [TEST_STEP][PASSED] - if (strSellerVol1.contains(" B")): null

2024-01-22 18:29:06 - [TEST_STEP][PASSED] - else if (strSellerVol1.contains(" M")): null

2024-01-22 18:29:06 - [TEST_STEP][PASSED] - else if (strSellerVol1.contains(" K")): null

2024-01-22 18:29:06 - [TEST_STEP][PASSED] - strSellerVol1 = strSellerVol1.replace(" K", ""): null

2024-01-22 18:29:06 - [TEST_STEP][PASSED] - strSellerVol1 = strSellerVol1.toDouble() * 1000: null

2024-01-22 18:29:06 - [TEST_STEP][PASSED] - if (verifyElementNotPresent(findTestObject("Stockbit/Bandarmology_Buyer2"), 1, OPTIONAL)): Web element with id: 'Object Repository/Stockbit/Bandarmology_Buyer2' located by 'By.xpath: //*[contains(@id, 'rc-tabs-')]/div[2]/div/div/div/div/div/div[2]/table/tbody/tr[3]/td[1]/p' is present after '1' second(s) (Root cause: com.kms.katalon.core.exception.StepFailedException: Web element with id: 'Object Repository/Stockbit/Bandarmology_Buyer2' located by 'By.xpath: //*[contains(@id, 'rc-tabs-')]/div[2]/div/div/div/div/div/div[2]/table/tbody/tr[3]/td[1]/p' is present after '1' second(s)
	at com.kms.katalon.core.webui.keyword.internal.WebUIKeywordMain.stepFailed(WebUIKeywordMain.groovy:64)
	at com.kms.katalon.core.webui.keyword.internal.WebUIKeywordMain$stepFailed$0.call(Unknown Source)
	at com.kms.katalon.core.webui.keyword.builtin.VerifyElementNotPresentKeyword$_verifyElementNotPresent_closure1.doCall(VerifyElementNotPresentKeyword.groovy:106)
	at com.kms.katalon.core.webui.keyword.builtin.VerifyElementNotPresentKeyword$_verifyElementNotPresent_closure1.doCall(VerifyElementNotPresentKeyword.groovy)
	at com.kms.katalon.core.webui.keyword.internal.WebUIKeywordMain.runKeyword(WebUIKeywordMain.groovy:20)
	at com.kms.katalon.core.webui.keyword.internal.WebUIKeywordMain$runKeyword.call(Unknown Source)
	at com.kms.katalon.core.webui.keyword.builtin.VerifyElementNotPresentKeyword.verifyElementNotPresent(VerifyElementNotPresentKeyword.groovy:117)
	at com.kms.katalon.core.webui.keyword.builtin.VerifyElementNotPresentKeyword.execute(VerifyElementNotPresentKeyword.groovy:68)
	at com.kms.katalon.core.keyword.internal.KeywordExecutor.executeKeywordForPlatform(KeywordExecutor.groovy:74)
	at com.kms.katalon.core.webui.keyword.WebUiBuiltInKeywords.verifyElementNotPresent(WebUiBuiltInKeywords.groovy:1481)
	at com.kms.katalon.core.webui.keyword.WebUiBuiltInKeywords$verifyElementNotPresent$8.call(Unknown Source)
	at GetBrokSumPriceDaily.run(GetBrokSumPriceDaily:258)
	at com.kms.katalon.core.main.ScriptEngine.run(ScriptEngine.java:194)
	at com.kms.katalon.core.main.ScriptEngine.runScriptAsRawText(ScriptEngine.java:119)
	at com.kms.katalon.core.main.TestCaseExecutor.runScript(TestCaseExecutor.java:445)
	at com.kms.katalon.core.main.TestCaseExecutor.doExecute(TestCaseExecutor.java:436)
	at com.kms.katalon.core.main.TestCaseExecutor.processExecutionPhase(TestCaseExecutor.java:415)
	at com.kms.katalon.core.main.TestCaseExecutor.accessMainPhase(TestCaseExecutor.java:407)
	at com.kms.katalon.core.main.TestCaseExecutor.execute(TestCaseExecutor.java:284)
	at com.kms.katalon.core.common.CommonExecutor.accessTestCaseMainPhase(CommonExecutor.java:65)
	at com.kms.katalon.core.main.TestSuiteExecutor.accessTestSuiteMainPhase(TestSuiteExecutor.java:144)
	at com.kms.katalon.core.main.TestSuiteExecutor.execute(TestSuiteExecutor.java:106)
	at com.kms.katalon.core.main.TestCaseMain.startTestSuite(TestCaseMain.java:185)
	at com.kms.katalon.core.main.TestCaseMain$startTestSuite$0.call(Unknown Source)
	at TempTestSuite1705922193915.run(TempTestSuite1705922193915.groovy:36)
)

2024-01-22 18:29:07 - [MESSAGE][WARNING] - Web element with id: 'Object Repository/Stockbit/Bandarmology_Buyer2' located by 'By.xpath: //*[contains(@id, 'rc-tabs-')]/div[2]/div/div/div/div/div/div[2]/table/tbody/tr[3]/td[1]/p' is present after '1' second(s) (Root cause: com.kms.katalon.core.exception.StepFailedException: Web element with id: 'Object Repository/Stockbit/Bandarmology_Buyer2' located by 'By.xpath: //*[contains(@id, 'rc-tabs-')]/div[2]/div/div/div/div/div/div[2]/table/tbody/tr[3]/td[1]/p' is present after '1' second(s)
	at com.kms.katalon.core.webui.keyword.internal.WebUIKeywordMain.stepFailed(WebUIKeywordMain.groovy:64)
	at com.kms.katalon.core.webui.keyword.internal.WebUIKeywordMain$stepFailed$0.call(Unknown Source)
	at com.kms.katalon.core.webui.keyword.builtin.VerifyElementNotPresentKeyword$_verifyElementNotPresent_closure1.doCall(VerifyElementNotPresentKeyword.groovy:106)
	at com.kms.katalon.core.webui.keyword.builtin.VerifyElementNotPresentKeyword$_verifyElementNotPresent_closure1.doCall(VerifyElementNotPresentKeyword.groovy)
	at com.kms.katalon.core.webui.keyword.internal.WebUIKeywordMain.runKeyword(WebUIKeywordMain.groovy:20)
	at com.kms.katalon.core.webui.keyword.internal.WebUIKeywordMain$runKeyword.call(Unknown Source)
	at com.kms.katalon.core.webui.keyword.builtin.VerifyElementNotPresentKeyword.verifyElementNotPresent(VerifyElementNotPresentKeyword.groovy:117)
	at com.kms.katalon.core.webui.keyword.builtin.VerifyElementNotPresentKeyword.execute(VerifyElementNotPresentKeyword.groovy:68)
	at com.kms.katalon.core.keyword.internal.KeywordExecutor.executeKeywordForPlatform(KeywordExecutor.groovy:74)
	at com.kms.katalon.core.webui.keyword.WebUiBuiltInKeywords.verifyElementNotPresent(WebUiBuiltInKeywords.groovy:1481)
	at com.kms.katalon.core.webui.keyword.WebUiBuiltInKeywords$verifyElementNotPresent$8.call(Unknown Source)
	at GetBrokSumPriceDaily.run(GetBrokSumPriceDaily:258)
	at com.kms.katalon.core.main.ScriptEngine.run(ScriptEngine.java:194)
	at com.kms.katalon.core.main.ScriptEngine.runScriptAsRawText(ScriptEngine.java:119)
	at com.kms.katalon.core.main.TestCaseExecutor.runScript(TestCaseExecutor.java:445)
	at com.kms.katalon.core.main.TestCaseExecutor.doExecute(TestCaseExecutor.java:436)
	at com.kms.katalon.core.main.TestCaseExecutor.processExecutionPhase(TestCaseExecutor.java:415)
	at com.kms.katalon.core.main.TestCaseExecutor.accessMainPhase(TestCaseExecutor.java:407)
	at com.kms.katalon.core.main.TestCaseExecutor.execute(TestCaseExecutor.java:284)
	at com.kms.katalon.core.common.CommonExecutor.accessTestCaseMainPhase(CommonExecutor.java:65)
	at com.kms.katalon.core.main.TestSuiteExecutor.accessTestSuiteMainPhase(TestSuiteExecutor.java:144)
	at com.kms.katalon.core.main.TestSuiteExecutor.execute(TestSuiteExecutor.java:106)
	at com.kms.katalon.core.main.TestCaseMain.startTestSuite(TestCaseMain.java:185)
	at com.kms.katalon.core.main.TestCaseMain$startTestSuite$0.call(Unknown Source)
	at TempTestSuite1705922193915.run(TempTestSuite1705922193915.groovy:36)
)
[[ATTACHMENT|C:\\Users\\Fadli\\git\\KatalonDailyGetData2\\Reports\\20240122_174123\\TS1\\20240122_181633\\1705922947429.png]]

2024-01-22 18:29:07 - [TEST_STEP][PASSED] - else: null

2024-01-22 18:29:07 - [TEST_STEP][PASSED] - strBuyer2 = getText(findTestObject("Stockbit/Bandarmology_Buyer2")): Text of object 'Object Repository/Stockbit/Bandarmology_Buyer2' is: 'GR'

2024-01-22 18:29:07 - [MESSAGE][PASSED] - Text of object 'Object Repository/Stockbit/Bandarmology_Buyer2' is: 'GR'

2024-01-22 18:29:07 - [TEST_STEP][PASSED] - strBuyerVol2 = getText(findTestObject("Stockbit/Bandarmology_BuyerVol2")): Text of object 'Object Repository/Stockbit/Bandarmology_BuyerVol2' is: '20 K'

2024-01-22 18:29:07 - [MESSAGE][PASSED] - Text of object 'Object Repository/Stockbit/Bandarmology_BuyerVol2' is: '20 K'

2024-01-22 18:29:07 - [TEST_STEP][PASSED] - strBuyerAvg2 = getText(findTestObject("Stockbit/Bandarmology_BuyerAvg2")): Text of object 'Object Repository/Stockbit/Bandarmology_BuyerAvg2' is: '50'

2024-01-22 18:29:07 - [MESSAGE][PASSED] - Text of object 'Object Repository/Stockbit/Bandarmology_BuyerAvg2' is: '50'

2024-01-22 18:29:07 - [TEST_STEP][PASSED] - if (strBuyer2 != ""): null

2024-01-22 18:29:07 - [TEST_STEP][PASSED] - if (strBuyerAvg2.contains(",")): null

2024-01-22 18:29:07 - [TEST_STEP][PASSED] - if (strBuyerVol2.contains(" B")): null

2024-01-22 18:29:07 - [TEST_STEP][PASSED] - else if (strBuyerVol2.contains(" M")): null

2024-01-22 18:29:07 - [TEST_STEP][PASSED] - else if (strBuyerVol2.contains(" K")): null

2024-01-22 18:29:07 - [TEST_STEP][PASSED] - strBuyerVol2 = strBuyerVol2.replace(" K", ""): null

2024-01-22 18:29:07 - [TEST_STEP][PASSED] - strBuyerVol2 = strBuyerVol2.toDouble() * 1000: null

2024-01-22 18:29:07 - [TEST_STEP][PASSED] - if (strBuyerVol2.contains(".")): null

2024-01-22 18:29:07 - [TEST_STEP][PASSED] - strBuyerVal2 = strBuyerVol2.replace(".", ""): null

2024-01-22 18:29:07 - [TEST_STEP][PASSED] - if (verifyElementNotPresent(findTestObject("Stockbit/Bandarmology_Seller2"), 1, OPTIONAL)): Web element with id: 'Object Repository/Stockbit/Bandarmology_Seller2' located by 'By.xpath: //*[contains(@id, 'rc-tabs-')]/div[2]/div/div/div/div/div/div[2]/table/tbody/tr[3]/td[5]/p' is present after '1' second(s) (Root cause: com.kms.katalon.core.exception.StepFailedException: Web element with id: 'Object Repository/Stockbit/Bandarmology_Seller2' located by 'By.xpath: //*[contains(@id, 'rc-tabs-')]/div[2]/div/div/div/div/div/div[2]/table/tbody/tr[3]/td[5]/p' is present after '1' second(s)
	at com.kms.katalon.core.webui.keyword.internal.WebUIKeywordMain.stepFailed(WebUIKeywordMain.groovy:64)
	at com.kms.katalon.core.webui.keyword.internal.WebUIKeywordMain$stepFailed$0.call(Unknown Source)
	at com.kms.katalon.core.webui.keyword.builtin.VerifyElementNotPresentKeyword$_verifyElementNotPresent_closure1.doCall(VerifyElementNotPresentKeyword.groovy:106)
	at com.kms.katalon.core.webui.keyword.builtin.VerifyElementNotPresentKeyword$_verifyElementNotPresent_closure1.doCall(VerifyElementNotPresentKeyword.groovy)
	at com.kms.katalon.core.webui.keyword.internal.WebUIKeywordMain.runKeyword(WebUIKeywordMain.groovy:20)
	at com.kms.katalon.core.webui.keyword.internal.WebUIKeywordMain$runKeyword.call(Unknown Source)
	at com.kms.katalon.core.webui.keyword.builtin.VerifyElementNotPresentKeyword.verifyElementNotPresent(VerifyElementNotPresentKeyword.groovy:117)
	at com.kms.katalon.core.webui.keyword.builtin.VerifyElementNotPresentKeyword.execute(VerifyElementNotPresentKeyword.groovy:68)
	at com.kms.katalon.core.keyword.internal.KeywordExecutor.executeKeywordForPlatform(KeywordExecutor.groovy:74)
	at com.kms.katalon.core.webui.keyword.WebUiBuiltInKeywords.verifyElementNotPresent(WebUiBuiltInKeywords.groovy:1481)
	at com.kms.katalon.core.webui.keyword.WebUiBuiltInKeywords$verifyElementNotPresent$8.call(Unknown Source)
	at GetBrokSumPriceDaily.run(GetBrokSumPriceDaily:309)
	at com.kms.katalon.core.main.ScriptEngine.run(ScriptEngine.java:194)
	at com.kms.katalon.core.main.ScriptEngine.runScriptAsRawText(ScriptEngine.java:119)
	at com.kms.katalon.core.main.TestCaseExecutor.runScript(TestCaseExecutor.java:445)
	at com.kms.katalon.core.main.TestCaseExecutor.doExecute(TestCaseExecutor.java:436)
	at com.kms.katalon.core.main.TestCaseExecutor.processExecutionPhase(TestCaseExecutor.java:415)
	at com.kms.katalon.core.main.TestCaseExecutor.accessMainPhase(TestCaseExecutor.java:407)
	at com.kms.katalon.core.main.TestCaseExecutor.execute(TestCaseExecutor.java:284)
	at com.kms.katalon.core.common.CommonExecutor.accessTestCaseMainPhase(CommonExecutor.java:65)
	at com.kms.katalon.core.main.TestSuiteExecutor.accessTestSuiteMainPhase(TestSuiteExecutor.java:144)
	at com.kms.katalon.core.main.TestSuiteExecutor.execute(TestSuiteExecutor.java:106)
	at com.kms.katalon.core.main.TestCaseMain.startTestSuite(TestCaseMain.java:185)
	at com.kms.katalon.core.main.TestCaseMain$startTestSuite$0.call(Unknown Source)
	at TempTestSuite1705922193915.run(TempTestSuite1705922193915.groovy:36)
)

2024-01-22 18:29:09 - [MESSAGE][WARNING] - Web element with id: 'Object Repository/Stockbit/Bandarmology_Seller2' located by 'By.xpath: //*[contains(@id, 'rc-tabs-')]/div[2]/div/div/div/div/div/div[2]/table/tbody/tr[3]/td[5]/p' is present after '1' second(s) (Root cause: com.kms.katalon.core.exception.StepFailedException: Web element with id: 'Object Repository/Stockbit/Bandarmology_Seller2' located by 'By.xpath: //*[contains(@id, 'rc-tabs-')]/div[2]/div/div/div/div/div/div[2]/table/tbody/tr[3]/td[5]/p' is present after '1' second(s)
	at com.kms.katalon.core.webui.keyword.internal.WebUIKeywordMain.stepFailed(WebUIKeywordMain.groovy:64)
	at com.kms.katalon.core.webui.keyword.internal.WebUIKeywordMain$stepFailed$0.call(Unknown Source)
	at com.kms.katalon.core.webui.keyword.builtin.VerifyElementNotPresentKeyword$_verifyElementNotPresent_closure1.doCall(VerifyElementNotPresentKeyword.groovy:106)
	at com.kms.katalon.core.webui.keyword.builtin.VerifyElementNotPresentKeyword$_verifyElementNotPresent_closure1.doCall(VerifyElementNotPresentKeyword.groovy)
	at com.kms.katalon.core.webui.keyword.internal.WebUIKeywordMain.runKeyword(WebUIKeywordMain.groovy:20)
	at com.kms.katalon.core.webui.keyword.internal.WebUIKeywordMain$runKeyword.call(Unknown Source)
	at com.kms.katalon.core.webui.keyword.builtin.VerifyElementNotPresentKeyword.verifyElementNotPresent(VerifyElementNotPresentKeyword.groovy:117)
	at com.kms.katalon.core.webui.keyword.builtin.VerifyElementNotPresentKeyword.execute(VerifyElementNotPresentKeyword.groovy:68)
	at com.kms.katalon.core.keyword.internal.KeywordExecutor.executeKeywordForPlatform(KeywordExecutor.groovy:74)
	at com.kms.katalon.core.webui.keyword.WebUiBuiltInKeywords.verifyElementNotPresent(WebUiBuiltInKeywords.groovy:1481)
	at com.kms.katalon.core.webui.keyword.WebUiBuiltInKeywords$verifyElementNotPresent$8.call(Unknown Source)
	at GetBrokSumPriceDaily.run(GetBrokSumPriceDaily:309)
	at com.kms.katalon.core.main.ScriptEngine.run(ScriptEngine.java:194)
	at com.kms.katalon.core.main.ScriptEngine.runScriptAsRawText(ScriptEngine.java:119)
	at com.kms.katalon.core.main.TestCaseExecutor.runScript(TestCaseExecutor.java:445)
	at com.kms.katalon.core.main.TestCaseExecutor.doExecute(TestCaseExecutor.java:436)
	at com.kms.katalon.core.main.TestCaseExecutor.processExecutionPhase(TestCaseExecutor.java:415)
	at com.kms.katalon.core.main.TestCaseExecutor.accessMainPhase(TestCaseExecutor.java:407)
	at com.kms.katalon.core.main.TestCaseExecutor.execute(TestCaseExecutor.java:284)
	at com.kms.katalon.core.common.CommonExecutor.accessTestCaseMainPhase(CommonExecutor.java:65)
	at com.kms.katalon.core.main.TestSuiteExecutor.accessTestSuiteMainPhase(TestSuiteExecutor.java:144)
	at com.kms.katalon.core.main.TestSuiteExecutor.execute(TestSuiteExecutor.java:106)
	at com.kms.katalon.core.main.TestCaseMain.startTestSuite(TestCaseMain.java:185)
	at com.kms.katalon.core.main.TestCaseMain$startTestSuite$0.call(Unknown Source)
	at TempTestSuite1705922193915.run(TempTestSuite1705922193915.groovy:36)
)
[[ATTACHMENT|C:\\Users\\Fadli\\git\\KatalonDailyGetData2\\Reports\\20240122_174123\\TS1\\20240122_181633\\1705922949126.png]]

2024-01-22 18:29:09 - [TEST_STEP][PASSED] - else: null

2024-01-22 18:29:09 - [TEST_STEP][PASSED] - strSeller2 = getText(findTestObject("Stockbit/Bandarmology_Seller2")): Text of object 'Object Repository/Stockbit/Bandarmology_Seller2' is: 'ZP'

2024-01-22 18:29:09 - [MESSAGE][PASSED] - Text of object 'Object Repository/Stockbit/Bandarmology_Seller2' is: 'ZP'

2024-01-22 18:29:09 - [TEST_STEP][PASSED] - strSellerVol2 = getText(findTestObject("Stockbit/Bandarmology_SellerVol2")): Text of object 'Object Repository/Stockbit/Bandarmology_SellerVol2' is: '30 K'

2024-01-22 18:29:09 - [MESSAGE][PASSED] - Text of object 'Object Repository/Stockbit/Bandarmology_SellerVol2' is: '30 K'

2024-01-22 18:29:09 - [TEST_STEP][PASSED] - strSellerAvg2 = getText(findTestObject("Stockbit/Bandarmology_SellerAvg2")): Text of object 'Object Repository/Stockbit/Bandarmology_SellerAvg2' is: '51'

2024-01-22 18:29:09 - [MESSAGE][PASSED] - Text of object 'Object Repository/Stockbit/Bandarmology_SellerAvg2' is: '51'

2024-01-22 18:29:09 - [TEST_STEP][PASSED] - if (strSeller2 != ""): null

2024-01-22 18:29:09 - [TEST_STEP][PASSED] - if (strSellerAvg2.contains(",")): null

2024-01-22 18:29:09 - [TEST_STEP][PASSED] - if (strSellerVol2.contains(" B")): null

2024-01-22 18:29:09 - [TEST_STEP][PASSED] - else if (strSellerVol2.contains(" M")): null

2024-01-22 18:29:09 - [TEST_STEP][PASSED] - else if (strSellerVol2.contains(" K")): null

2024-01-22 18:29:09 - [TEST_STEP][PASSED] - strSellerVol2 = strSellerVol2.replace(" K", ""): null

2024-01-22 18:29:09 - [TEST_STEP][PASSED] - strSellerVol2 = strSellerVol2.toDouble() * 1000: null

2024-01-22 18:29:09 - [TEST_STEP][PASSED] - if (verifyElementNotPresent(findTestObject("Stockbit/Bandarmology_Buyer3"), 1, OPTIONAL)): Web element with id: 'Object Repository/Stockbit/Bandarmology_Buyer3' located by 'By.xpath: //*[contains(@id, 'rc-tabs-')]/div[2]/div/div/div/div/div/div[2]/table/tbody/tr[4]/td[1]/p' is present after '1' second(s) (Root cause: com.kms.katalon.core.exception.StepFailedException: Web element with id: 'Object Repository/Stockbit/Bandarmology_Buyer3' located by 'By.xpath: //*[contains(@id, 'rc-tabs-')]/div[2]/div/div/div/div/div/div[2]/table/tbody/tr[4]/td[1]/p' is present after '1' second(s)
	at com.kms.katalon.core.webui.keyword.internal.WebUIKeywordMain.stepFailed(WebUIKeywordMain.groovy:64)
	at com.kms.katalon.core.webui.keyword.internal.WebUIKeywordMain$stepFailed$0.call(Unknown Source)
	at com.kms.katalon.core.webui.keyword.builtin.VerifyElementNotPresentKeyword$_verifyElementNotPresent_closure1.doCall(VerifyElementNotPresentKeyword.groovy:106)
	at com.kms.katalon.core.webui.keyword.builtin.VerifyElementNotPresentKeyword$_verifyElementNotPresent_closure1.doCall(VerifyElementNotPresentKeyword.groovy)
	at com.kms.katalon.core.webui.keyword.internal.WebUIKeywordMain.runKeyword(WebUIKeywordMain.groovy:20)
	at com.kms.katalon.core.webui.keyword.internal.WebUIKeywordMain$runKeyword.call(Unknown Source)
	at com.kms.katalon.core.webui.keyword.builtin.VerifyElementNotPresentKeyword.verifyElementNotPresent(VerifyElementNotPresentKeyword.groovy:117)
	at com.kms.katalon.core.webui.keyword.builtin.VerifyElementNotPresentKeyword.execute(VerifyElementNotPresentKeyword.groovy:68)
	at com.kms.katalon.core.keyword.internal.KeywordExecutor.executeKeywordForPlatform(KeywordExecutor.groovy:74)
	at com.kms.katalon.core.webui.keyword.WebUiBuiltInKeywords.verifyElementNotPresent(WebUiBuiltInKeywords.groovy:1481)
	at com.kms.katalon.core.webui.keyword.WebUiBuiltInKeywords$verifyElementNotPresent$8.call(Unknown Source)
	at GetBrokSumPriceDaily.run(GetBrokSumPriceDaily:361)
	at com.kms.katalon.core.main.ScriptEngine.run(ScriptEngine.java:194)
	at com.kms.katalon.core.main.ScriptEngine.runScriptAsRawText(ScriptEngine.java:119)
	at com.kms.katalon.core.main.TestCaseExecutor.runScript(TestCaseExecutor.java:445)
	at com.kms.katalon.core.main.TestCaseExecutor.doExecute(TestCaseExecutor.java:436)
	at com.kms.katalon.core.main.TestCaseExecutor.processExecutionPhase(TestCaseExecutor.java:415)
	at com.kms.katalon.core.main.TestCaseExecutor.accessMainPhase(TestCaseExecutor.java:407)
	at com.kms.katalon.core.main.TestCaseExecutor.execute(TestCaseExecutor.java:284)
	at com.kms.katalon.core.common.CommonExecutor.accessTestCaseMainPhase(CommonExecutor.java:65)
	at com.kms.katalon.core.main.TestSuiteExecutor.accessTestSuiteMainPhase(TestSuiteExecutor.java:144)
	at com.kms.katalon.core.main.TestSuiteExecutor.execute(TestSuiteExecutor.java:106)
	at com.kms.katalon.core.main.TestCaseMain.startTestSuite(TestCaseMain.java:185)
	at com.kms.katalon.core.main.TestCaseMain$startTestSuite$0.call(Unknown Source)
	at TempTestSuite1705922193915.run(TempTestSuite1705922193915.groovy:36)
)

2024-01-22 18:29:10 - [MESSAGE][WARNING] - Web element with id: 'Object Repository/Stockbit/Bandarmology_Buyer3' located by 'By.xpath: //*[contains(@id, 'rc-tabs-')]/div[2]/div/div/div/div/div/div[2]/table/tbody/tr[4]/td[1]/p' is present after '1' second(s) (Root cause: com.kms.katalon.core.exception.StepFailedException: Web element with id: 'Object Repository/Stockbit/Bandarmology_Buyer3' located by 'By.xpath: //*[contains(@id, 'rc-tabs-')]/div[2]/div/div/div/div/div/div[2]/table/tbody/tr[4]/td[1]/p' is present after '1' second(s)
	at com.kms.katalon.core.webui.keyword.internal.WebUIKeywordMain.stepFailed(WebUIKeywordMain.groovy:64)
	at com.kms.katalon.core.webui.keyword.internal.WebUIKeywordMain$stepFailed$0.call(Unknown Source)
	at com.kms.katalon.core.webui.keyword.builtin.VerifyElementNotPresentKeyword$_verifyElementNotPresent_closure1.doCall(VerifyElementNotPresentKeyword.groovy:106)
	at com.kms.katalon.core.webui.keyword.builtin.VerifyElementNotPresentKeyword$_verifyElementNotPresent_closure1.doCall(VerifyElementNotPresentKeyword.groovy)
	at com.kms.katalon.core.webui.keyword.internal.WebUIKeywordMain.runKeyword(WebUIKeywordMain.groovy:20)
	at com.kms.katalon.core.webui.keyword.internal.WebUIKeywordMain$runKeyword.call(Unknown Source)
	at com.kms.katalon.core.webui.keyword.builtin.VerifyElementNotPresentKeyword.verifyElementNotPresent(VerifyElementNotPresentKeyword.groovy:117)
	at com.kms.katalon.core.webui.keyword.builtin.VerifyElementNotPresentKeyword.execute(VerifyElementNotPresentKeyword.groovy:68)
	at com.kms.katalon.core.keyword.internal.KeywordExecutor.executeKeywordForPlatform(KeywordExecutor.groovy:74)
	at com.kms.katalon.core.webui.keyword.WebUiBuiltInKeywords.verifyElementNotPresent(WebUiBuiltInKeywords.groovy:1481)
	at com.kms.katalon.core.webui.keyword.WebUiBuiltInKeywords$verifyElementNotPresent$8.call(Unknown Source)
	at GetBrokSumPriceDaily.run(GetBrokSumPriceDaily:361)
	at com.kms.katalon.core.main.ScriptEngine.run(ScriptEngine.java:194)
	at com.kms.katalon.core.main.ScriptEngine.runScriptAsRawText(ScriptEngine.java:119)
	at com.kms.katalon.core.main.TestCaseExecutor.runScript(TestCaseExecutor.java:445)
	at com.kms.katalon.core.main.TestCaseExecutor.doExecute(TestCaseExecutor.java:436)
	at com.kms.katalon.core.main.TestCaseExecutor.processExecutionPhase(TestCaseExecutor.java:415)
	at com.kms.katalon.core.main.TestCaseExecutor.accessMainPhase(TestCaseExecutor.java:407)
	at com.kms.katalon.core.main.TestCaseExecutor.execute(TestCaseExecutor.java:284)
	at com.kms.katalon.core.common.CommonExecutor.accessTestCaseMainPhase(CommonExecutor.java:65)
	at com.kms.katalon.core.main.TestSuiteExecutor.accessTestSuiteMainPhase(TestSuiteExecutor.java:144)
	at com.kms.katalon.core.main.TestSuiteExecutor.execute(TestSuiteExecutor.java:106)
	at com.kms.katalon.core.main.TestCaseMain.startTestSuite(TestCaseMain.java:185)
	at com.kms.katalon.core.main.TestCaseMain$startTestSuite$0.call(Unknown Source)
	at TempTestSuite1705922193915.run(TempTestSuite1705922193915.groovy:36)
)
[[ATTACHMENT|C:\\Users\\Fadli\\git\\KatalonDailyGetData2\\Reports\\20240122_174123\\TS1\\20240122_181633\\1705922950817.png]]

2024-01-22 18:29:10 - [TEST_STEP][PASSED] - else: null

2024-01-22 18:29:10 - [TEST_STEP][PASSED] - strBuyer3 = getText(findTestObject("Stockbit/Bandarmology_Buyer3")): Text of object 'Object Repository/Stockbit/Bandarmology_Buyer3' is: 'XL'

2024-01-22 18:29:11 - [MESSAGE][PASSED] - Text of object 'Object Repository/Stockbit/Bandarmology_Buyer3' is: 'XL'

2024-01-22 18:29:11 - [TEST_STEP][PASSED] - strBuyerVol3 = getText(findTestObject("Stockbit/Bandarmology_BuyerVol3")): Text of object 'Object Repository/Stockbit/Bandarmology_BuyerVol3' is: '16.3 K'

2024-01-22 18:29:11 - [MESSAGE][PASSED] - Text of object 'Object Repository/Stockbit/Bandarmology_BuyerVol3' is: '16.3 K'

2024-01-22 18:29:11 - [TEST_STEP][PASSED] - strBuyerAvg3 = getText(findTestObject("Stockbit/Bandarmology_BuyerAvg3")): Text of object 'Object Repository/Stockbit/Bandarmology_BuyerAvg3' is: '50'

2024-01-22 18:29:11 - [MESSAGE][PASSED] - Text of object 'Object Repository/Stockbit/Bandarmology_BuyerAvg3' is: '50'

2024-01-22 18:29:11 - [TEST_STEP][PASSED] - if (strBuyer3 != ""): null

2024-01-22 18:29:11 - [TEST_STEP][PASSED] - if (strBuyerAvg3.contains(",")): null

2024-01-22 18:29:11 - [TEST_STEP][PASSED] - if (strBuyerVol3.contains(" B")): null

2024-01-22 18:29:11 - [TEST_STEP][PASSED] - else if (strBuyerVol3.contains(" M")): null

2024-01-22 18:29:11 - [TEST_STEP][PASSED] - else if (strBuyerVol3.contains(" K")): null

2024-01-22 18:29:11 - [TEST_STEP][PASSED] - strBuyerVol3 = strBuyerVol3.replace(" K", ""): null

2024-01-22 18:29:11 - [TEST_STEP][PASSED] - strBuyerVol3 = strBuyerVol3.toDouble() * 1000: null

2024-01-22 18:29:11 - [TEST_STEP][PASSED] - if (verifyElementNotPresent(findTestObject("Stockbit/Bandarmology_Seller3"), 1, OPTIONAL)): Web element with id: 'Object Repository/Stockbit/Bandarmology_Seller3' located by 'By.xpath: //*[contains(@id, 'rc-tabs-')]/div[2]/div/div/div/div/div/div[2]/table/tbody/tr[4]/td[5]/p' is present after '1' second(s) (Root cause: com.kms.katalon.core.exception.StepFailedException: Web element with id: 'Object Repository/Stockbit/Bandarmology_Seller3' located by 'By.xpath: //*[contains(@id, 'rc-tabs-')]/div[2]/div/div/div/div/div/div[2]/table/tbody/tr[4]/td[5]/p' is present after '1' second(s)
	at com.kms.katalon.core.webui.keyword.internal.WebUIKeywordMain.stepFailed(WebUIKeywordMain.groovy:64)
	at com.kms.katalon.core.webui.keyword.internal.WebUIKeywordMain$stepFailed$0.call(Unknown Source)
	at com.kms.katalon.core.webui.keyword.builtin.VerifyElementNotPresentKeyword$_verifyElementNotPresent_closure1.doCall(VerifyElementNotPresentKeyword.groovy:106)
	at com.kms.katalon.core.webui.keyword.builtin.VerifyElementNotPresentKeyword$_verifyElementNotPresent_closure1.doCall(VerifyElementNotPresentKeyword.groovy)
	at com.kms.katalon.core.webui.keyword.internal.WebUIKeywordMain.runKeyword(WebUIKeywordMain.groovy:20)
	at com.kms.katalon.core.webui.keyword.internal.WebUIKeywordMain$runKeyword.call(Unknown Source)
	at com.kms.katalon.core.webui.keyword.builtin.VerifyElementNotPresentKeyword.verifyElementNotPresent(VerifyElementNotPresentKeyword.groovy:117)
	at com.kms.katalon.core.webui.keyword.builtin.VerifyElementNotPresentKeyword.execute(VerifyElementNotPresentKeyword.groovy:68)
	at com.kms.katalon.core.keyword.internal.KeywordExecutor.executeKeywordForPlatform(KeywordExecutor.groovy:74)
	at com.kms.katalon.core.webui.keyword.WebUiBuiltInKeywords.verifyElementNotPresent(WebUiBuiltInKeywords.groovy:1481)
	at com.kms.katalon.core.webui.keyword.WebUiBuiltInKeywords$verifyElementNotPresent$8.call(Unknown Source)
	at GetBrokSumPriceDaily.run(GetBrokSumPriceDaily:414)
	at com.kms.katalon.core.main.ScriptEngine.run(ScriptEngine.java:194)
	at com.kms.katalon.core.main.ScriptEngine.runScriptAsRawText(ScriptEngine.java:119)
	at com.kms.katalon.core.main.TestCaseExecutor.runScript(TestCaseExecutor.java:445)
	at com.kms.katalon.core.main.TestCaseExecutor.doExecute(TestCaseExecutor.java:436)
	at com.kms.katalon.core.main.TestCaseExecutor.processExecutionPhase(TestCaseExecutor.java:415)
	at com.kms.katalon.core.main.TestCaseExecutor.accessMainPhase(TestCaseExecutor.java:407)
	at com.kms.katalon.core.main.TestCaseExecutor.execute(TestCaseExecutor.java:284)
	at com.kms.katalon.core.common.CommonExecutor.accessTestCaseMainPhase(CommonExecutor.java:65)
	at com.kms.katalon.core.main.TestSuiteExecutor.accessTestSuiteMainPhase(TestSuiteExecutor.java:144)
	at com.kms.katalon.core.main.TestSuiteExecutor.execute(TestSuiteExecutor.java:106)
	at com.kms.katalon.core.main.TestCaseMain.startTestSuite(TestCaseMain.java:185)
	at com.kms.katalon.core.main.TestCaseMain$startTestSuite$0.call(Unknown Source)
	at TempTestSuite1705922193915.run(TempTestSuite1705922193915.groovy:36)
)

2024-01-22 18:29:12 - [MESSAGE][WARNING] - Web element with id: 'Object Repository/Stockbit/Bandarmology_Seller3' located by 'By.xpath: //*[contains(@id, 'rc-tabs-')]/div[2]/div/div/div/div/div/div[2]/table/tbody/tr[4]/td[5]/p' is present after '1' second(s) (Root cause: com.kms.katalon.core.exception.StepFailedException: Web element with id: 'Object Repository/Stockbit/Bandarmology_Seller3' located by 'By.xpath: //*[contains(@id, 'rc-tabs-')]/div[2]/div/div/div/div/div/div[2]/table/tbody/tr[4]/td[5]/p' is present after '1' second(s)
	at com.kms.katalon.core.webui.keyword.internal.WebUIKeywordMain.stepFailed(WebUIKeywordMain.groovy:64)
	at com.kms.katalon.core.webui.keyword.internal.WebUIKeywordMain$stepFailed$0.call(Unknown Source)
	at com.kms.katalon.core.webui.keyword.builtin.VerifyElementNotPresentKeyword$_verifyElementNotPresent_closure1.doCall(VerifyElementNotPresentKeyword.groovy:106)
	at com.kms.katalon.core.webui.keyword.builtin.VerifyElementNotPresentKeyword$_verifyElementNotPresent_closure1.doCall(VerifyElementNotPresentKeyword.groovy)
	at com.kms.katalon.core.webui.keyword.internal.WebUIKeywordMain.runKeyword(WebUIKeywordMain.groovy:20)
	at com.kms.katalon.core.webui.keyword.internal.WebUIKeywordMain$runKeyword.call(Unknown Source)
	at com.kms.katalon.core.webui.keyword.builtin.VerifyElementNotPresentKeyword.verifyElementNotPresent(VerifyElementNotPresentKeyword.groovy:117)
	at com.kms.katalon.core.webui.keyword.builtin.VerifyElementNotPresentKeyword.execute(VerifyElementNotPresentKeyword.groovy:68)
	at com.kms.katalon.core.keyword.internal.KeywordExecutor.executeKeywordForPlatform(KeywordExecutor.groovy:74)
	at com.kms.katalon.core.webui.keyword.WebUiBuiltInKeywords.verifyElementNotPresent(WebUiBuiltInKeywords.groovy:1481)
	at com.kms.katalon.core.webui.keyword.WebUiBuiltInKeywords$verifyElementNotPresent$8.call(Unknown Source)
	at GetBrokSumPriceDaily.run(GetBrokSumPriceDaily:414)
	at com.kms.katalon.core.main.ScriptEngine.run(ScriptEngine.java:194)
	at com.kms.katalon.core.main.ScriptEngine.runScriptAsRawText(ScriptEngine.java:119)
	at com.kms.katalon.core.main.TestCaseExecutor.runScript(TestCaseExecutor.java:445)
	at com.kms.katalon.core.main.TestCaseExecutor.doExecute(TestCaseExecutor.java:436)
	at com.kms.katalon.core.main.TestCaseExecutor.processExecutionPhase(TestCaseExecutor.java:415)
	at com.kms.katalon.core.main.TestCaseExecutor.accessMainPhase(TestCaseExecutor.java:407)
	at com.kms.katalon.core.main.TestCaseExecutor.execute(TestCaseExecutor.java:284)
	at com.kms.katalon.core.common.CommonExecutor.accessTestCaseMainPhase(CommonExecutor.java:65)
	at com.kms.katalon.core.main.TestSuiteExecutor.accessTestSuiteMainPhase(TestSuiteExecutor.java:144)
	at com.kms.katalon.core.main.TestSuiteExecutor.execute(TestSuiteExecutor.java:106)
	at com.kms.katalon.core.main.TestCaseMain.startTestSuite(TestCaseMain.java:185)
	at com.kms.katalon.core.main.TestCaseMain$startTestSuite$0.call(Unknown Source)
	at TempTestSuite1705922193915.run(TempTestSuite1705922193915.groovy:36)
)
[[ATTACHMENT|C:\\Users\\Fadli\\git\\KatalonDailyGetData2\\Reports\\20240122_174123\\TS1\\20240122_181633\\1705922952689.png]]

2024-01-22 18:29:12 - [TEST_STEP][PASSED] - else: null

2024-01-22 18:29:12 - [TEST_STEP][PASSED] - strSeller3 = getText(findTestObject("Stockbit/Bandarmology_Seller3")): Text of object 'Object Repository/Stockbit/Bandarmology_Seller3' is: 'EP'

2024-01-22 18:29:12 - [MESSAGE][PASSED] - Text of object 'Object Repository/Stockbit/Bandarmology_Seller3' is: 'EP'

2024-01-22 18:29:12 - [TEST_STEP][PASSED] - strSellerVol3 = getText(findTestObject("Stockbit/Bandarmology_SellerVol3")): Text of object 'Object Repository/Stockbit/Bandarmology_SellerVol3' is: '300'

2024-01-22 18:29:13 - [MESSAGE][PASSED] - Text of object 'Object Repository/Stockbit/Bandarmology_SellerVol3' is: '300'

2024-01-22 18:29:13 - [TEST_STEP][PASSED] - strSellerAvg3 = getText(findTestObject("Stockbit/Bandarmology_SellerAvg3")): Text of object 'Object Repository/Stockbit/Bandarmology_SellerAvg3' is: '50'

2024-01-22 18:29:13 - [MESSAGE][PASSED] - Text of object 'Object Repository/Stockbit/Bandarmology_SellerAvg3' is: '50'

2024-01-22 18:29:13 - [TEST_STEP][PASSED] - if (strSeller3 != ""): null

2024-01-22 18:29:13 - [TEST_STEP][PASSED] - if (strSellerAvg3.contains(",")): null

2024-01-22 18:29:13 - [TEST_STEP][PASSED] - if (strSellerVol3.contains(" B")): null

2024-01-22 18:29:13 - [TEST_STEP][PASSED] - strAccDist = getText(findTestObject("Stockbit/Bandarmology_AccDist")): Text of object 'Object Repository/Stockbit/Bandarmology_AccDist' is: 'Dist'

2024-01-22 18:29:13 - [MESSAGE][PASSED] - Text of object 'Object Repository/Stockbit/Bandarmology_AccDist' is: 'Dist'

2024-01-22 18:29:13 - [TEST_STEP][PASSED] - strNetVol = getText(findTestObject("Stockbit/Bandarmology_NetVol")): Text of object 'Object Repository/Stockbit/Bandarmology_NetVol' is: '130,523'

2024-01-22 18:29:13 - [MESSAGE][PASSED] - Text of object 'Object Repository/Stockbit/Bandarmology_NetVol' is: '130,523'

2024-01-22 18:29:13 - [TEST_STEP][PASSED] - strNetVol = strNetVol.replace(",", ""): null

2024-01-22 18:29:13 - [TEST_STEP][PASSED] - strNetVal = getText(findTestObject("Stockbit/Bandarmology_NetVal")): Text of object 'Object Repository/Stockbit/Bandarmology_NetVal' is: '0.7 B'

2024-01-22 18:29:13 - [MESSAGE][PASSED] - Text of object 'Object Repository/Stockbit/Bandarmology_NetVal' is: '0.7 B'

2024-01-22 18:29:13 - [TEST_STEP][PASSED] - delay(3): Delayed 3 second(s)

2024-01-22 18:29:16 - [MESSAGE][PASSED] - Delayed 3 second(s)

2024-01-22 18:29:16 - [TEST_STEP][PASSED] - strOpenPrice = getText(findTestObject("Stockbit/Home_OpenPrice")): Text of object 'Object Repository/Stockbit/Home_OpenPrice' is: '52'

2024-01-22 18:29:16 - [MESSAGE][PASSED] - Text of object 'Object Repository/Stockbit/Home_OpenPrice' is: '52'

2024-01-22 18:29:16 - [TEST_STEP][PASSED] - strOpenPrice = strOpenPrice.replace(",", ""): null

2024-01-22 18:29:16 - [TEST_STEP][PASSED] - strLowPrice = getText(findTestObject("Stockbit/Home_LowPrice")): Text of object 'Object Repository/Stockbit/Home_LowPrice' is: '50'

2024-01-22 18:29:16 - [MESSAGE][PASSED] - Text of object 'Object Repository/Stockbit/Home_LowPrice' is: '50'

2024-01-22 18:29:16 - [TEST_STEP][PASSED] - strLowPrice = strLowPrice.replace(",", ""): null

2024-01-22 18:29:16 - [TEST_STEP][PASSED] - strHighPrice = getText(findTestObject("Stockbit/Home_HighPrice")): Text of object 'Object Repository/Stockbit/Home_HighPrice' is: '53'

2024-01-22 18:29:16 - [MESSAGE][PASSED] - Text of object 'Object Repository/Stockbit/Home_HighPrice' is: '53'

2024-01-22 18:29:16 - [TEST_STEP][PASSED] - strHighPrice = strHighPrice.replace(",", ""): null

2024-01-22 18:29:16 - [TEST_STEP][PASSED] - strClosePrice = getText(findTestObject("Stockbit/Home_ClosePrice")): Text of object 'Object Repository/Stockbit/Home_ClosePrice' is: '51'

2024-01-22 18:29:17 - [MESSAGE][PASSED] - Text of object 'Object Repository/Stockbit/Home_ClosePrice' is: '51'

2024-01-22 18:29:17 - [TEST_STEP][PASSED] - strClosePrice = strClosePrice.replace(",", ""): null

2024-01-22 18:29:17 - [TEST_STEP][PASSED] - strVol = getText(findTestObject("Stockbit/Home_Volume")): Text of object 'Object Repository/Stockbit/Home_Volume' is: '150 K'

2024-01-22 18:29:17 - [MESSAGE][PASSED] - Text of object 'Object Repository/Stockbit/Home_Volume' is: '150 K'

2024-01-22 18:29:17 - [TEST_STEP][PASSED] - if (strVol.contains(" K")): null

2024-01-22 18:29:17 - [TEST_STEP][PASSED] - strVol = strVol.replace(" K", "000"): null

2024-01-22 18:29:17 - [TEST_STEP][PASSED] - if (strVol.contains(",")): null

2024-01-22 18:29:17 - [TEST_STEP][PASSED] - strChange = getText(findTestObject("Stockbit/Home_Change")): Text of object 'Object Repository/Stockbit/Home_Change' is: '-1.92%'

2024-01-22 18:29:17 - [MESSAGE][PASSED] - Text of object 'Object Repository/Stockbit/Home_Change' is: '-1.92%'

2024-01-22 18:29:17 - [TEST_STEP][PASSED] - strChange = strChange.replace("%", ""): null

2024-01-22 18:29:17 - [TEST_STEP][PASSED] - strFreq = getText(findTestObject("Stockbit/Home_Freq")): Text of object 'Object Repository/Stockbit/Home_Freq' is: '259'

2024-01-22 18:29:17 - [MESSAGE][PASSED] - Text of object 'Object Repository/Stockbit/Home_Freq' is: '259'

2024-01-22 18:29:17 - [TEST_STEP][PASSED] - if (strFreq.contains(",")): null

2024-01-22 18:29:17 - [TEST_STEP][PASSED] - if (strFreq == "NA" || strFreq == ""): null

2024-01-22 18:29:17 - [TEST_STEP][PASSED] - else: null

2024-01-22 18:29:17 - [TEST_STEP][PASSED] - dblFreqAnal = strVol.toDouble() / strFreq.toDouble() * strFreq.toDouble() * strFreq.toDouble() * 100000000: null

2024-01-22 18:29:17 - [TEST_STEP][PASSED] - strFreqAnal = String.format("%.4f", dblFreqAnal): null

2024-01-22 18:29:17 - [TEST_STEP][PASSED] - out.println("Double strFreqAnal: " + strFreqAnal): null

2024-01-22 18:29:17 - [TEST_STEP][PASSED] - strTanggal = d.format(DateTimeFormatter.ofPattern("yyyy-MM-dd")): null

2024-01-22 18:29:17 - [TEST_STEP][PASSED] - strTanggal = "#" + strTanggal + "#": null

2024-01-22 18:29:17 - [TEST_STEP][PASSED] - strSQL = "select count(*) as JumBaris from TblBrokSum where Nama = '" + strNama + "' and Tanggal = " + strTanggal + "": null

2024-01-22 18:29:17 - [TEST_STEP][PASSED] - resultSet = statement.executeQuery(strSQL): null

2024-01-22 18:29:17 - [TEST_STEP][PASSED] - resultSet.next(): null

2024-01-22 18:29:17 - [TEST_STEP][PASSED] - intJumBaris = resultSet.getInt("JumBaris"): null

2024-01-22 18:29:17 - [TEST_STEP][PASSED] - if (intJumBaris > 0): null

2024-01-22 18:29:17 - [TEST_STEP][PASSED] - else: null

2024-01-22 18:29:17 - [TEST_STEP][PASSED] - try: null

2024-01-22 18:29:17 - [TEST_STEP][PASSED] - out.println("Insert data"): null

2024-01-22 18:29:17 - [TEST_STEP][PASSED] - strSQL = "insert into TblBrokSum (nama, tanggal, top1, top2, top3, AllBrokAvg, AccDist, AvgRP, " + "Buyer1, BuyerVal1, BuyerAvg1, Seller1, SellerVal1, SellerAvg1, Buyer2, BuyerVal2, BuyerAvg2, " + "Seller2, SellerVal2, SellerAvg2, Buyer3, BuyerVal3, BuyerAvg3, Seller3, SellerVal3, SellerAvg3, NetVol, NetVal, " + "OpenPrice, LowPrice, HighPrice, ClosePrice, Volume, Change, Frekuensi, FrekAnal) " + "values ('" + strNama + "', " + strTanggal + ", '" + strTop1 + "', '" + strTop3 + "', '" + strTop5 + "', " + "'" + strAllBrokAvg + "', '" + strAccDist + "', " + intAvgRP + ", '" + strBuyer1 + "', '" + strBuyerVol1 + "', " + strBuyerAvg1 + ", " + "'" + strSeller1 + "', '" + strSellerVol1 + "', " + strSellerAvg1 + ", '" + strBuyer2 + "', '" + strBuyerVol2 + "', " + strBuyerAvg2 + ", " + "'" + strSeller2 + "', '" + strSellerVol2 + "', " + strSellerAvg2 + ", '" + strBuyer3 + "', '" + strBuyerVol3 + "', " + strBuyerAvg3 + ", " + "'" + strSeller3 + "', '" + strSellerVol3 + "', " + strSellerAvg3 + ", " + strNetVol + ", '" + strNetVal + "', " + "" + strOpenPrice + ", " + strLowPrice + ", " + strHighPrice + ", " + strClosePrice + ", '" + strVol + "', " + strChange + ", " + strFreq + ", " + strFreqAnal + ");": null

2024-01-22 18:29:17 - [TEST_STEP][PASSED] - out.println("strSQL = " + strSQL): null

2024-01-22 18:29:17 - [TEST_STEP][PASSED] - statement.executeUpdate(strSQL): null

2024-01-22 18:29:17 - [TEST_STEP][PASSED] - setValueToCellByIndex(sheet01, rowIndex, 4, "DONE"): null

2024-01-22 18:29:17 - [TEST_STEP][PASSED] - saveWorkbook(excelFilePath, workbook01): null

2024-01-22 18:29:17 - [TEST_STEP][PASSED] - waitForElementClickable(findTestObject("Stockbit/menu_Bandarmology"), 10): Object 'Object Repository/Stockbit/menu_Bandarmology' is clickable

2024-01-22 18:29:17 - [MESSAGE][PASSED] - Object 'Object Repository/Stockbit/menu_Bandarmology' is clickable

2024-01-22 18:29:17 - [TEST_STEP][PASSED] - click(findTestObject("Stockbit/menu_Bandarmology")): Object: 'Object Repository/Stockbit/menu_Bandarmology' is clicked on

2024-01-22 18:29:18 - [MESSAGE][PASSED] - Object: 'Object Repository/Stockbit/menu_Bandarmology' is clicked on

2024-01-22 18:29:18 - [TEST_STEP][PASSED] - strTemp = "NA": null

2024-01-22 18:29:18 - [TEST_STEP][PASSED] - if (getCellValueByIndex(sheet01, rowIndex, 4) != "DONE"): Object: 'Object Repository/Stockbit/menu_Bandarmology' is clicked on

2024-01-22 18:29:18 - [TEST_STEP][PASSED] - strNama = getCellValueByIndex(sheet01, rowIndex, 0): null

2024-01-22 18:29:18 - [TEST_STEP][PASSED] - navigateToUrl("https://stockbit.com/#/symbol/" + strNama): Navigate to 'https://stockbit.com/#/symbol/SDPC' successfully

2024-01-22 18:29:19 - [MESSAGE][PASSED] - Navigate to 'https://stockbit.com/#/symbol/SDPC' successfully

2024-01-22 18:29:19 - [TEST_STEP][PASSED] - waitForElementClickable(findTestObject("Stockbit/menu_Bandarmology"), 10): Object 'Object Repository/Stockbit/menu_Bandarmology' is clickable

2024-01-22 18:29:19 - [MESSAGE][PASSED] - Object 'Object Repository/Stockbit/menu_Bandarmology' is clickable

2024-01-22 18:29:19 - [TEST_STEP][PASSED] - click(findTestObject("Stockbit/menu_Bandarmology")): Object: 'Object Repository/Stockbit/menu_Bandarmology' is clicked on

2024-01-22 18:29:20 - [MESSAGE][PASSED] - Object: 'Object Repository/Stockbit/menu_Bandarmology' is clicked on

2024-01-22 18:29:20 - [TEST_STEP][PASSED] - strTanggal = d.format(DateTimeFormatter.ofPattern("MMM dd, yyyy")): null

2024-01-22 18:29:20 - [TEST_STEP][PASSED] - strTanggal = d.format(ISO_DATE): null

2024-01-22 18:29:20 - [TEST_STEP][PASSED] - out.println("strTanggal = " + strTanggal): null

2024-01-22 18:29:20 - [TEST_STEP][PASSED] - out.println("strNama = " + strNama): null

2024-01-22 18:29:20 - [TEST_STEP][PASSED] - out.println("Baris ke = " + rowIndex): null

2024-01-22 18:29:20 - [TEST_STEP][PASSED] - click(findTestObject("Stockbit/input__BandarmologyOpenStartDate")): Object: 'Object Repository/Stockbit/input__BandarmologyOpenStartDate' is clicked on

2024-01-22 18:29:21 - [MESSAGE][PASSED] - Object: 'Object Repository/Stockbit/input__BandarmologyOpenStartDate' is clicked on

2024-01-22 18:29:21 - [TEST_STEP][PASSED] - sendKeys(findTestObject("Stockbit/input__BandarmologyOpenStartDate"), Keys.chord(CONTROL, "a")): Keys 'CONTROL + a' sent to object: 'Object Repository/Stockbit/input__BandarmologyOpenStartDate'

2024-01-22 18:29:22 - [MESSAGE][PASSED] - Keys 'CONTROL + a' sent to object: 'Object Repository/Stockbit/input__BandarmologyOpenStartDate'

2024-01-22 18:29:22 - [TEST_STEP][PASSED] - sendKeys(findTestObject("Stockbit/input__BandarmologyOpenStartDate"), Keys.chord(BACK_SPACE)): Keys 'BACK_SPACE + ' sent to object: 'Object Repository/Stockbit/input__BandarmologyOpenStartDate'

2024-01-22 18:29:22 - [MESSAGE][PASSED] - Keys 'BACK_SPACE + ' sent to object: 'Object Repository/Stockbit/input__BandarmologyOpenStartDate'

2024-01-22 18:29:22 - [TEST_STEP][PASSED] - setText(findTestObject("Stockbit/input__BandarmologyOpenStartDate"), strTanggal): Text '2024-01-22' is set on object 'Object Repository/Stockbit/input__BandarmologyOpenStartDate'

2024-01-22 18:29:23 - [MESSAGE][PASSED] - Text '2024-01-22' is set on object 'Object Repository/Stockbit/input__BandarmologyOpenStartDate'

2024-01-22 18:29:23 - [TEST_STEP][PASSED] - sendKeys(findTestObject("Stockbit/input__BandarmologyOpenStartDate"), Keys.chord(ENTER)): Keys 'ENTER + ' sent to object: 'Object Repository/Stockbit/input__BandarmologyOpenStartDate'

2024-01-22 18:29:23 - [MESSAGE][PASSED] - Keys 'ENTER + ' sent to object: 'Object Repository/Stockbit/input__BandarmologyOpenStartDate'

2024-01-22 18:29:23 - [TEST_STEP][PASSED] - click(findTestObject("Stockbit/input__BandarmologyOpenEndDate")): Object: 'Object Repository/Stockbit/input__BandarmologyOpenEndDate' is clicked on

2024-01-22 18:29:24 - [MESSAGE][PASSED] - Object: 'Object Repository/Stockbit/input__BandarmologyOpenEndDate' is clicked on

2024-01-22 18:29:24 - [TEST_STEP][PASSED] - sendKeys(findTestObject("Stockbit/input__BandarmologyOpenEndDate"), Keys.chord(CONTROL, "a")): Keys 'CONTROL + a' sent to object: 'Object Repository/Stockbit/input__BandarmologyOpenEndDate'

2024-01-22 18:29:24 - [MESSAGE][PASSED] - Keys 'CONTROL + a' sent to object: 'Object Repository/Stockbit/input__BandarmologyOpenEndDate'

2024-01-22 18:29:24 - [TEST_STEP][PASSED] - sendKeys(findTestObject("Stockbit/input__BandarmologyOpenEndDate"), Keys.chord(BACK_SPACE)): Keys 'BACK_SPACE + ' sent to object: 'Object Repository/Stockbit/input__BandarmologyOpenEndDate'

2024-01-22 18:29:24 - [MESSAGE][PASSED] - Keys 'BACK_SPACE + ' sent to object: 'Object Repository/Stockbit/input__BandarmologyOpenEndDate'

2024-01-22 18:29:24 - [TEST_STEP][PASSED] - setText(findTestObject("Stockbit/input__BandarmologyOpenEndDate"), strTanggal): Text '2024-01-22' is set on object 'Object Repository/Stockbit/input__BandarmologyOpenEndDate'

2024-01-22 18:29:25 - [MESSAGE][PASSED] - Text '2024-01-22' is set on object 'Object Repository/Stockbit/input__BandarmologyOpenEndDate'

2024-01-22 18:29:25 - [TEST_STEP][PASSED] - sendKeys(findTestObject("Stockbit/input__BandarmologyOpenEndDate"), Keys.chord(ENTER)): Keys 'ENTER + ' sent to object: 'Object Repository/Stockbit/input__BandarmologyOpenEndDate'

2024-01-22 18:29:26 - [MESSAGE][PASSED] - Keys 'ENTER + ' sent to object: 'Object Repository/Stockbit/input__BandarmologyOpenEndDate'

2024-01-22 18:29:26 - [TEST_STEP][PASSED] - delay(2): Delayed 2 second(s)

2024-01-22 18:29:28 - [MESSAGE][PASSED] - Delayed 2 second(s)

2024-01-22 18:29:28 - [TEST_STEP][PASSED] - strTemp = getText(findTestObject("Stockbit/Bandarmology_AvgRP")): Text of object 'Object Repository/Stockbit/Bandarmology_AvgRP' is: '156'

2024-01-22 18:29:28 - [MESSAGE][PASSED] - Text of object 'Object Repository/Stockbit/Bandarmology_AvgRP' is: '156'

2024-01-22 18:29:28 - [TEST_STEP][PASSED] - out.println("Bandarmology_AvgRP = " + strTemp): null

2024-01-22 18:29:28 - [TEST_STEP][PASSED] - if (strTemp != "0"): null

2024-01-22 18:29:28 - [TEST_STEP][PASSED] - strTop1 = getText(findTestObject("Stockbit/Bandarmology_Top1")): Text of object 'Object Repository/Stockbit/Bandarmology_Top1' is: 'Big Dist'

2024-01-22 18:29:28 - [MESSAGE][PASSED] - Text of object 'Object Repository/Stockbit/Bandarmology_Top1' is: 'Big Dist'

2024-01-22 18:29:28 - [TEST_STEP][PASSED] - strTop3 = getText(findTestObject("Stockbit/Bandarmology_Top3")): Text of object 'Object Repository/Stockbit/Bandarmology_Top3' is: 'Big Dist'

2024-01-22 18:29:28 - [MESSAGE][PASSED] - Text of object 'Object Repository/Stockbit/Bandarmology_Top3' is: 'Big Dist'

2024-01-22 18:29:28 - [TEST_STEP][PASSED] - strTop5 = getText(findTestObject("Stockbit/Bandarmology_Top5")): Text of object 'Object Repository/Stockbit/Bandarmology_Top5' is: 'Big Dist'

2024-01-22 18:29:28 - [MESSAGE][PASSED] - Text of object 'Object Repository/Stockbit/Bandarmology_Top5' is: 'Big Dist'

2024-01-22 18:29:28 - [TEST_STEP][PASSED] - strAllBrokAvg = getText(findTestObject("Stockbit/Bandarmology_TopAVG")): Text of object 'Object Repository/Stockbit/Bandarmology_TopAVG' is: 'Big Dist'

2024-01-22 18:29:28 - [MESSAGE][PASSED] - Text of object 'Object Repository/Stockbit/Bandarmology_TopAVG' is: 'Big Dist'

2024-01-22 18:29:28 - [TEST_STEP][PASSED] - strTemp = getText(findTestObject("Stockbit/Bandarmology_AvgRP")): Text of object 'Object Repository/Stockbit/Bandarmology_AvgRP' is: '156'

2024-01-22 18:29:28 - [MESSAGE][PASSED] - Text of object 'Object Repository/Stockbit/Bandarmology_AvgRP' is: '156'

2024-01-22 18:29:28 - [TEST_STEP][PASSED] - if (strTemp.contains(",")): null

2024-01-22 18:29:28 - [TEST_STEP][PASSED] - intAvgRP = strTemp.toInteger(): null

2024-01-22 18:29:28 - [TEST_STEP][PASSED] - strBuyer1 = getText(findTestObject("Stockbit/Bandarmology_Buyer1")): Text of object 'Object Repository/Stockbit/Bandarmology_Buyer1' is: 'CC'

2024-01-22 18:29:28 - [MESSAGE][PASSED] - Text of object 'Object Repository/Stockbit/Bandarmology_Buyer1' is: 'CC'

2024-01-22 18:29:28 - [TEST_STEP][PASSED] - strBuyerVol1 = getText(findTestObject("Stockbit/Bandarmology_BuyerVol1")): Text of object 'Object Repository/Stockbit/Bandarmology_BuyerVol1' is: '1.4 K'

2024-01-22 18:29:29 - [MESSAGE][PASSED] - Text of object 'Object Repository/Stockbit/Bandarmology_BuyerVol1' is: '1.4 K'

2024-01-22 18:29:29 - [TEST_STEP][PASSED] - strBuyerAvg1 = getText(findTestObject("Stockbit/Bandarmology_BuyerAvg1")): Text of object 'Object Repository/Stockbit/Bandarmology_BuyerAvg1' is: '156'

2024-01-22 18:29:29 - [MESSAGE][PASSED] - Text of object 'Object Repository/Stockbit/Bandarmology_BuyerAvg1' is: '156'

2024-01-22 18:29:29 - [TEST_STEP][PASSED] - if (strBuyerAvg1.contains(",")): null

2024-01-22 18:29:29 - [TEST_STEP][PASSED] - if (strBuyerVol1.contains(" B")): null

2024-01-22 18:29:29 - [TEST_STEP][PASSED] - else if (strBuyerVol1.contains(" M")): null

2024-01-22 18:29:29 - [TEST_STEP][PASSED] - else if (strBuyerVol1.contains(" K")): null

2024-01-22 18:29:29 - [TEST_STEP][PASSED] - strBuyerVol1 = strBuyerVol1.replace(" K", ""): null

2024-01-22 18:29:29 - [TEST_STEP][PASSED] - strBuyerVol1 = strBuyerVol1.toDouble() * 1000: null

2024-01-22 18:29:29 - [TEST_STEP][PASSED] - strSeller1 = getText(findTestObject("Stockbit/Bandarmology_Seller1")): Text of object 'Object Repository/Stockbit/Bandarmology_Seller1' is: 'EP'

2024-01-22 18:29:29 - [MESSAGE][PASSED] - Text of object 'Object Repository/Stockbit/Bandarmology_Seller1' is: 'EP'

2024-01-22 18:29:29 - [TEST_STEP][PASSED] - strSellerVol1 = getText(findTestObject("Stockbit/Bandarmology_SellerVol1")): Text of object 'Object Repository/Stockbit/Bandarmology_SellerVol1' is: '6.1 K'

2024-01-22 18:29:29 - [MESSAGE][PASSED] - Text of object 'Object Repository/Stockbit/Bandarmology_SellerVol1' is: '6.1 K'

2024-01-22 18:29:29 - [TEST_STEP][PASSED] - strSellerAvg1 = getText(findTestObject("Stockbit/Bandarmology_SellerAvg1")): Text of object 'Object Repository/Stockbit/Bandarmology_SellerAvg1' is: '156'

2024-01-22 18:29:29 - [MESSAGE][PASSED] - Text of object 'Object Repository/Stockbit/Bandarmology_SellerAvg1' is: '156'

2024-01-22 18:29:29 - [TEST_STEP][PASSED] - if (strSellerAvg1.contains(",")): null

2024-01-22 18:29:29 - [TEST_STEP][PASSED] - if (strSellerVol1.contains(" B")): null

2024-01-22 18:29:29 - [TEST_STEP][PASSED] - else if (strSellerVol1.contains(" M")): null

2024-01-22 18:29:29 - [TEST_STEP][PASSED] - else if (strSellerVol1.contains(" K")): null

2024-01-22 18:29:29 - [TEST_STEP][PASSED] - strSellerVol1 = strSellerVol1.replace(" K", ""): null

2024-01-22 18:29:29 - [TEST_STEP][PASSED] - strSellerVol1 = strSellerVol1.toDouble() * 1000: null

2024-01-22 18:29:29 - [TEST_STEP][PASSED] - if (verifyElementNotPresent(findTestObject("Stockbit/Bandarmology_Buyer2"), 1, OPTIONAL)): Web element with id: 'Object Repository/Stockbit/Bandarmology_Buyer2' located by 'By.xpath: //*[contains(@id, 'rc-tabs-')]/div[2]/div/div/div/div/div/div[2]/table/tbody/tr[3]/td[1]/p' is present after '1' second(s) (Root cause: com.kms.katalon.core.exception.StepFailedException: Web element with id: 'Object Repository/Stockbit/Bandarmology_Buyer2' located by 'By.xpath: //*[contains(@id, 'rc-tabs-')]/div[2]/div/div/div/div/div/div[2]/table/tbody/tr[3]/td[1]/p' is present after '1' second(s)
	at com.kms.katalon.core.webui.keyword.internal.WebUIKeywordMain.stepFailed(WebUIKeywordMain.groovy:64)
	at com.kms.katalon.core.webui.keyword.internal.WebUIKeywordMain$stepFailed$0.call(Unknown Source)
	at com.kms.katalon.core.webui.keyword.builtin.VerifyElementNotPresentKeyword$_verifyElementNotPresent_closure1.doCall(VerifyElementNotPresentKeyword.groovy:106)
	at com.kms.katalon.core.webui.keyword.builtin.VerifyElementNotPresentKeyword$_verifyElementNotPresent_closure1.doCall(VerifyElementNotPresentKeyword.groovy)
	at com.kms.katalon.core.webui.keyword.internal.WebUIKeywordMain.runKeyword(WebUIKeywordMain.groovy:20)
	at com.kms.katalon.core.webui.keyword.internal.WebUIKeywordMain$runKeyword.call(Unknown Source)
	at com.kms.katalon.core.webui.keyword.builtin.VerifyElementNotPresentKeyword.verifyElementNotPresent(VerifyElementNotPresentKeyword.groovy:117)
	at com.kms.katalon.core.webui.keyword.builtin.VerifyElementNotPresentKeyword.execute(VerifyElementNotPresentKeyword.groovy:68)
	at com.kms.katalon.core.keyword.internal.KeywordExecutor.executeKeywordForPlatform(KeywordExecutor.groovy:74)
	at com.kms.katalon.core.webui.keyword.WebUiBuiltInKeywords.verifyElementNotPresent(WebUiBuiltInKeywords.groovy:1481)
	at com.kms.katalon.core.webui.keyword.WebUiBuiltInKeywords$verifyElementNotPresent$8.call(Unknown Source)
	at GetBrokSumPriceDaily.run(GetBrokSumPriceDaily:258)
	at com.kms.katalon.core.main.ScriptEngine.run(ScriptEngine.java:194)
	at com.kms.katalon.core.main.ScriptEngine.runScriptAsRawText(ScriptEngine.java:119)
	at com.kms.katalon.core.main.TestCaseExecutor.runScript(TestCaseExecutor.java:445)
	at com.kms.katalon.core.main.TestCaseExecutor.doExecute(TestCaseExecutor.java:436)
	at com.kms.katalon.core.main.TestCaseExecutor.processExecutionPhase(TestCaseExecutor.java:415)
	at com.kms.katalon.core.main.TestCaseExecutor.accessMainPhase(TestCaseExecutor.java:407)
	at com.kms.katalon.core.main.TestCaseExecutor.execute(TestCaseExecutor.java:284)
	at com.kms.katalon.core.common.CommonExecutor.accessTestCaseMainPhase(CommonExecutor.java:65)
	at com.kms.katalon.core.main.TestSuiteExecutor.accessTestSuiteMainPhase(TestSuiteExecutor.java:144)
	at com.kms.katalon.core.main.TestSuiteExecutor.execute(TestSuiteExecutor.java:106)
	at com.kms.katalon.core.main.TestCaseMain.startTestSuite(TestCaseMain.java:185)
	at com.kms.katalon.core.main.TestCaseMain$startTestSuite$0.call(Unknown Source)
	at TempTestSuite1705922193915.run(TempTestSuite1705922193915.groovy:36)
)

2024-01-22 18:29:30 - [MESSAGE][WARNING] - Web element with id: 'Object Repository/Stockbit/Bandarmology_Buyer2' located by 'By.xpath: //*[contains(@id, 'rc-tabs-')]/div[2]/div/div/div/div/div/div[2]/table/tbody/tr[3]/td[1]/p' is present after '1' second(s) (Root cause: com.kms.katalon.core.exception.StepFailedException: Web element with id: 'Object Repository/Stockbit/Bandarmology_Buyer2' located by 'By.xpath: //*[contains(@id, 'rc-tabs-')]/div[2]/div/div/div/div/div/div[2]/table/tbody/tr[3]/td[1]/p' is present after '1' second(s)
	at com.kms.katalon.core.webui.keyword.internal.WebUIKeywordMain.stepFailed(WebUIKeywordMain.groovy:64)
	at com.kms.katalon.core.webui.keyword.internal.WebUIKeywordMain$stepFailed$0.call(Unknown Source)
	at com.kms.katalon.core.webui.keyword.builtin.VerifyElementNotPresentKeyword$_verifyElementNotPresent_closure1.doCall(VerifyElementNotPresentKeyword.groovy:106)
	at com.kms.katalon.core.webui.keyword.builtin.VerifyElementNotPresentKeyword$_verifyElementNotPresent_closure1.doCall(VerifyElementNotPresentKeyword.groovy)
	at com.kms.katalon.core.webui.keyword.internal.WebUIKeywordMain.runKeyword(WebUIKeywordMain.groovy:20)
	at com.kms.katalon.core.webui.keyword.internal.WebUIKeywordMain$runKeyword.call(Unknown Source)
	at com.kms.katalon.core.webui.keyword.builtin.VerifyElementNotPresentKeyword.verifyElementNotPresent(VerifyElementNotPresentKeyword.groovy:117)
	at com.kms.katalon.core.webui.keyword.builtin.VerifyElementNotPresentKeyword.execute(VerifyElementNotPresentKeyword.groovy:68)
	at com.kms.katalon.core.keyword.internal.KeywordExecutor.executeKeywordForPlatform(KeywordExecutor.groovy:74)
	at com.kms.katalon.core.webui.keyword.WebUiBuiltInKeywords.verifyElementNotPresent(WebUiBuiltInKeywords.groovy:1481)
	at com.kms.katalon.core.webui.keyword.WebUiBuiltInKeywords$verifyElementNotPresent$8.call(Unknown Source)
	at GetBrokSumPriceDaily.run(GetBrokSumPriceDaily:258)
	at com.kms.katalon.core.main.ScriptEngine.run(ScriptEngine.java:194)
	at com.kms.katalon.core.main.ScriptEngine.runScriptAsRawText(ScriptEngine.java:119)
	at com.kms.katalon.core.main.TestCaseExecutor.runScript(TestCaseExecutor.java:445)
	at com.kms.katalon.core.main.TestCaseExecutor.doExecute(TestCaseExecutor.java:436)
	at com.kms.katalon.core.main.TestCaseExecutor.processExecutionPhase(TestCaseExecutor.java:415)
	at com.kms.katalon.core.main.TestCaseExecutor.accessMainPhase(TestCaseExecutor.java:407)
	at com.kms.katalon.core.main.TestCaseExecutor.execute(TestCaseExecutor.java:284)
	at com.kms.katalon.core.common.CommonExecutor.accessTestCaseMainPhase(CommonExecutor.java:65)
	at com.kms.katalon.core.main.TestSuiteExecutor.accessTestSuiteMainPhase(TestSuiteExecutor.java:144)
	at com.kms.katalon.core.main.TestSuiteExecutor.execute(TestSuiteExecutor.java:106)
	at com.kms.katalon.core.main.TestCaseMain.startTestSuite(TestCaseMain.java:185)
	at com.kms.katalon.core.main.TestCaseMain$startTestSuite$0.call(Unknown Source)
	at TempTestSuite1705922193915.run(TempTestSuite1705922193915.groovy:36)
)
[[ATTACHMENT|C:\\Users\\Fadli\\git\\KatalonDailyGetData2\\Reports\\20240122_174123\\TS1\\20240122_181633\\1705922970637.png]]

2024-01-22 18:29:30 - [TEST_STEP][PASSED] - else: null

2024-01-22 18:29:30 - [TEST_STEP][PASSED] - strBuyer2 = getText(findTestObject("Stockbit/Bandarmology_Buyer2")): Text of object 'Object Repository/Stockbit/Bandarmology_Buyer2' is: 'DR'

2024-01-22 18:29:30 - [MESSAGE][PASSED] - Text of object 'Object Repository/Stockbit/Bandarmology_Buyer2' is: 'DR'

2024-01-22 18:29:30 - [TEST_STEP][PASSED] - strBuyerVol2 = getText(findTestObject("Stockbit/Bandarmology_BuyerVol2")): Text of object 'Object Repository/Stockbit/Bandarmology_BuyerVol2' is: '1.5 K'

2024-01-22 18:29:31 - [MESSAGE][PASSED] - Text of object 'Object Repository/Stockbit/Bandarmology_BuyerVol2' is: '1.5 K'

2024-01-22 18:29:31 - [TEST_STEP][PASSED] - strBuyerAvg2 = getText(findTestObject("Stockbit/Bandarmology_BuyerAvg2")): Text of object 'Object Repository/Stockbit/Bandarmology_BuyerAvg2' is: '155'

2024-01-22 18:29:31 - [MESSAGE][PASSED] - Text of object 'Object Repository/Stockbit/Bandarmology_BuyerAvg2' is: '155'

2024-01-22 18:29:31 - [TEST_STEP][PASSED] - if (strBuyer2 != ""): null

2024-01-22 18:29:31 - [TEST_STEP][PASSED] - if (strBuyerAvg2.contains(",")): null

2024-01-22 18:29:31 - [TEST_STEP][PASSED] - if (strBuyerVol2.contains(" B")): null

2024-01-22 18:29:31 - [TEST_STEP][PASSED] - else if (strBuyerVol2.contains(" M")): null

2024-01-22 18:29:31 - [TEST_STEP][PASSED] - else if (strBuyerVol2.contains(" K")): null

2024-01-22 18:29:31 - [TEST_STEP][PASSED] - strBuyerVol2 = strBuyerVol2.replace(" K", ""): null

2024-01-22 18:29:31 - [TEST_STEP][PASSED] - strBuyerVol2 = strBuyerVol2.toDouble() * 1000: null

2024-01-22 18:29:31 - [TEST_STEP][PASSED] - if (strBuyerVol2.contains(".")): null

2024-01-22 18:29:31 - [TEST_STEP][PASSED] - strBuyerVal2 = strBuyerVol2.replace(".", ""): null

2024-01-22 18:29:31 - [TEST_STEP][PASSED] - if (verifyElementNotPresent(findTestObject("Stockbit/Bandarmology_Seller2"), 1, OPTIONAL)): Web element with id: 'Object Repository/Stockbit/Bandarmology_Seller2' located by 'By.xpath: //*[contains(@id, 'rc-tabs-')]/div[2]/div/div/div/div/div/div[2]/table/tbody/tr[3]/td[5]/p' is present after '1' second(s) (Root cause: com.kms.katalon.core.exception.StepFailedException: Web element with id: 'Object Repository/Stockbit/Bandarmology_Seller2' located by 'By.xpath: //*[contains(@id, 'rc-tabs-')]/div[2]/div/div/div/div/div/div[2]/table/tbody/tr[3]/td[5]/p' is present after '1' second(s)
	at com.kms.katalon.core.webui.keyword.internal.WebUIKeywordMain.stepFailed(WebUIKeywordMain.groovy:64)
	at com.kms.katalon.core.webui.keyword.internal.WebUIKeywordMain$stepFailed$0.call(Unknown Source)
	at com.kms.katalon.core.webui.keyword.builtin.VerifyElementNotPresentKeyword$_verifyElementNotPresent_closure1.doCall(VerifyElementNotPresentKeyword.groovy:106)
	at com.kms.katalon.core.webui.keyword.builtin.VerifyElementNotPresentKeyword$_verifyElementNotPresent_closure1.doCall(VerifyElementNotPresentKeyword.groovy)
	at com.kms.katalon.core.webui.keyword.internal.WebUIKeywordMain.runKeyword(WebUIKeywordMain.groovy:20)
	at com.kms.katalon.core.webui.keyword.internal.WebUIKeywordMain$runKeyword.call(Unknown Source)
	at com.kms.katalon.core.webui.keyword.builtin.VerifyElementNotPresentKeyword.verifyElementNotPresent(VerifyElementNotPresentKeyword.groovy:117)
	at com.kms.katalon.core.webui.keyword.builtin.VerifyElementNotPresentKeyword.execute(VerifyElementNotPresentKeyword.groovy:68)
	at com.kms.katalon.core.keyword.internal.KeywordExecutor.executeKeywordForPlatform(KeywordExecutor.groovy:74)
	at com.kms.katalon.core.webui.keyword.WebUiBuiltInKeywords.verifyElementNotPresent(WebUiBuiltInKeywords.groovy:1481)
	at com.kms.katalon.core.webui.keyword.WebUiBuiltInKeywords$verifyElementNotPresent$8.call(Unknown Source)
	at GetBrokSumPriceDaily.run(GetBrokSumPriceDaily:309)
	at com.kms.katalon.core.main.ScriptEngine.run(ScriptEngine.java:194)
	at com.kms.katalon.core.main.ScriptEngine.runScriptAsRawText(ScriptEngine.java:119)
	at com.kms.katalon.core.main.TestCaseExecutor.runScript(TestCaseExecutor.java:445)
	at com.kms.katalon.core.main.TestCaseExecutor.doExecute(TestCaseExecutor.java:436)
	at com.kms.katalon.core.main.TestCaseExecutor.processExecutionPhase(TestCaseExecutor.java:415)
	at com.kms.katalon.core.main.TestCaseExecutor.accessMainPhase(TestCaseExecutor.java:407)
	at com.kms.katalon.core.main.TestCaseExecutor.execute(TestCaseExecutor.java:284)
	at com.kms.katalon.core.common.CommonExecutor.accessTestCaseMainPhase(CommonExecutor.java:65)
	at com.kms.katalon.core.main.TestSuiteExecutor.accessTestSuiteMainPhase(TestSuiteExecutor.java:144)
	at com.kms.katalon.core.main.TestSuiteExecutor.execute(TestSuiteExecutor.java:106)
	at com.kms.katalon.core.main.TestCaseMain.startTestSuite(TestCaseMain.java:185)
	at com.kms.katalon.core.main.TestCaseMain$startTestSuite$0.call(Unknown Source)
	at TempTestSuite1705922193915.run(TempTestSuite1705922193915.groovy:36)
)

2024-01-22 18:29:32 - [MESSAGE][WARNING] - Web element with id: 'Object Repository/Stockbit/Bandarmology_Seller2' located by 'By.xpath: //*[contains(@id, 'rc-tabs-')]/div[2]/div/div/div/div/div/div[2]/table/tbody/tr[3]/td[5]/p' is present after '1' second(s) (Root cause: com.kms.katalon.core.exception.StepFailedException: Web element with id: 'Object Repository/Stockbit/Bandarmology_Seller2' located by 'By.xpath: //*[contains(@id, 'rc-tabs-')]/div[2]/div/div/div/div/div/div[2]/table/tbody/tr[3]/td[5]/p' is present after '1' second(s)
	at com.kms.katalon.core.webui.keyword.internal.WebUIKeywordMain.stepFailed(WebUIKeywordMain.groovy:64)
	at com.kms.katalon.core.webui.keyword.internal.WebUIKeywordMain$stepFailed$0.call(Unknown Source)
	at com.kms.katalon.core.webui.keyword.builtin.VerifyElementNotPresentKeyword$_verifyElementNotPresent_closure1.doCall(VerifyElementNotPresentKeyword.groovy:106)
	at com.kms.katalon.core.webui.keyword.builtin.VerifyElementNotPresentKeyword$_verifyElementNotPresent_closure1.doCall(VerifyElementNotPresentKeyword.groovy)
	at com.kms.katalon.core.webui.keyword.internal.WebUIKeywordMain.runKeyword(WebUIKeywordMain.groovy:20)
	at com.kms.katalon.core.webui.keyword.internal.WebUIKeywordMain$runKeyword.call(Unknown Source)
	at com.kms.katalon.core.webui.keyword.builtin.VerifyElementNotPresentKeyword.verifyElementNotPresent(VerifyElementNotPresentKeyword.groovy:117)
	at com.kms.katalon.core.webui.keyword.builtin.VerifyElementNotPresentKeyword.execute(VerifyElementNotPresentKeyword.groovy:68)
	at com.kms.katalon.core.keyword.internal.KeywordExecutor.executeKeywordForPlatform(KeywordExecutor.groovy:74)
	at com.kms.katalon.core.webui.keyword.WebUiBuiltInKeywords.verifyElementNotPresent(WebUiBuiltInKeywords.groovy:1481)
	at com.kms.katalon.core.webui.keyword.WebUiBuiltInKeywords$verifyElementNotPresent$8.call(Unknown Source)
	at GetBrokSumPriceDaily.run(GetBrokSumPriceDaily:309)
	at com.kms.katalon.core.main.ScriptEngine.run(ScriptEngine.java:194)
	at com.kms.katalon.core.main.ScriptEngine.runScriptAsRawText(ScriptEngine.java:119)
	at com.kms.katalon.core.main.TestCaseExecutor.runScript(TestCaseExecutor.java:445)
	at com.kms.katalon.core.main.TestCaseExecutor.doExecute(TestCaseExecutor.java:436)
	at com.kms.katalon.core.main.TestCaseExecutor.processExecutionPhase(TestCaseExecutor.java:415)
	at com.kms.katalon.core.main.TestCaseExecutor.accessMainPhase(TestCaseExecutor.java:407)
	at com.kms.katalon.core.main.TestCaseExecutor.execute(TestCaseExecutor.java:284)
	at com.kms.katalon.core.common.CommonExecutor.accessTestCaseMainPhase(CommonExecutor.java:65)
	at com.kms.katalon.core.main.TestSuiteExecutor.accessTestSuiteMainPhase(TestSuiteExecutor.java:144)
	at com.kms.katalon.core.main.TestSuiteExecutor.execute(TestSuiteExecutor.java:106)
	at com.kms.katalon.core.main.TestCaseMain.startTestSuite(TestCaseMain.java:185)
	at com.kms.katalon.core.main.TestCaseMain$startTestSuite$0.call(Unknown Source)
	at TempTestSuite1705922193915.run(TempTestSuite1705922193915.groovy:36)
)
[[ATTACHMENT|C:\\Users\\Fadli\\git\\KatalonDailyGetData2\\Reports\\20240122_174123\\TS1\\20240122_181633\\1705922972368.png]]

2024-01-22 18:29:32 - [TEST_STEP][PASSED] - else: null

2024-01-22 18:29:32 - [TEST_STEP][PASSED] - strSeller2 = getText(findTestObject("Stockbit/Bandarmology_Seller2")): Text of object 'Object Repository/Stockbit/Bandarmology_Seller2' is: 'AZ'

2024-01-22 18:29:32 - [MESSAGE][PASSED] - Text of object 'Object Repository/Stockbit/Bandarmology_Seller2' is: 'AZ'

2024-01-22 18:29:32 - [TEST_STEP][PASSED] - strSellerVol2 = getText(findTestObject("Stockbit/Bandarmology_SellerVol2")): Text of object 'Object Repository/Stockbit/Bandarmology_SellerVol2' is: '641'

2024-01-22 18:29:32 - [MESSAGE][PASSED] - Text of object 'Object Repository/Stockbit/Bandarmology_SellerVol2' is: '641'

2024-01-22 18:29:32 - [TEST_STEP][PASSED] - strSellerAvg2 = getText(findTestObject("Stockbit/Bandarmology_SellerAvg2")): Text of object 'Object Repository/Stockbit/Bandarmology_SellerAvg2' is: '157'

2024-01-22 18:29:32 - [MESSAGE][PASSED] - Text of object 'Object Repository/Stockbit/Bandarmology_SellerAvg2' is: '157'

2024-01-22 18:29:32 - [TEST_STEP][PASSED] - if (strSeller2 != ""): null

2024-01-22 18:29:32 - [TEST_STEP][PASSED] - if (strSellerAvg2.contains(",")): null

2024-01-22 18:29:32 - [TEST_STEP][PASSED] - if (strSellerVol2.contains(" B")): null

2024-01-22 18:29:32 - [TEST_STEP][PASSED] - if (verifyElementNotPresent(findTestObject("Stockbit/Bandarmology_Buyer3"), 1, OPTIONAL)): Web element with id: 'Object Repository/Stockbit/Bandarmology_Buyer3' located by 'By.xpath: //*[contains(@id, 'rc-tabs-')]/div[2]/div/div/div/div/div/div[2]/table/tbody/tr[4]/td[1]/p' is present after '1' second(s) (Root cause: com.kms.katalon.core.exception.StepFailedException: Web element with id: 'Object Repository/Stockbit/Bandarmology_Buyer3' located by 'By.xpath: //*[contains(@id, 'rc-tabs-')]/div[2]/div/div/div/div/div/div[2]/table/tbody/tr[4]/td[1]/p' is present after '1' second(s)
	at com.kms.katalon.core.webui.keyword.internal.WebUIKeywordMain.stepFailed(WebUIKeywordMain.groovy:64)
	at com.kms.katalon.core.webui.keyword.internal.WebUIKeywordMain$stepFailed$0.call(Unknown Source)
	at com.kms.katalon.core.webui.keyword.builtin.VerifyElementNotPresentKeyword$_verifyElementNotPresent_closure1.doCall(VerifyElementNotPresentKeyword.groovy:106)
	at com.kms.katalon.core.webui.keyword.builtin.VerifyElementNotPresentKeyword$_verifyElementNotPresent_closure1.doCall(VerifyElementNotPresentKeyword.groovy)
	at com.kms.katalon.core.webui.keyword.internal.WebUIKeywordMain.runKeyword(WebUIKeywordMain.groovy:20)
	at com.kms.katalon.core.webui.keyword.internal.WebUIKeywordMain$runKeyword.call(Unknown Source)
	at com.kms.katalon.core.webui.keyword.builtin.VerifyElementNotPresentKeyword.verifyElementNotPresent(VerifyElementNotPresentKeyword.groovy:117)
	at com.kms.katalon.core.webui.keyword.builtin.VerifyElementNotPresentKeyword.execute(VerifyElementNotPresentKeyword.groovy:68)
	at com.kms.katalon.core.keyword.internal.KeywordExecutor.executeKeywordForPlatform(KeywordExecutor.groovy:74)
	at com.kms.katalon.core.webui.keyword.WebUiBuiltInKeywords.verifyElementNotPresent(WebUiBuiltInKeywords.groovy:1481)
	at com.kms.katalon.core.webui.keyword.WebUiBuiltInKeywords$verifyElementNotPresent$8.call(Unknown Source)
	at GetBrokSumPriceDaily.run(GetBrokSumPriceDaily:361)
	at com.kms.katalon.core.main.ScriptEngine.run(ScriptEngine.java:194)
	at com.kms.katalon.core.main.ScriptEngine.runScriptAsRawText(ScriptEngine.java:119)
	at com.kms.katalon.core.main.TestCaseExecutor.runScript(TestCaseExecutor.java:445)
	at com.kms.katalon.core.main.TestCaseExecutor.doExecute(TestCaseExecutor.java:436)
	at com.kms.katalon.core.main.TestCaseExecutor.processExecutionPhase(TestCaseExecutor.java:415)
	at com.kms.katalon.core.main.TestCaseExecutor.accessMainPhase(TestCaseExecutor.java:407)
	at com.kms.katalon.core.main.TestCaseExecutor.execute(TestCaseExecutor.java:284)
	at com.kms.katalon.core.common.CommonExecutor.accessTestCaseMainPhase(CommonExecutor.java:65)
	at com.kms.katalon.core.main.TestSuiteExecutor.accessTestSuiteMainPhase(TestSuiteExecutor.java:144)
	at com.kms.katalon.core.main.TestSuiteExecutor.execute(TestSuiteExecutor.java:106)
	at com.kms.katalon.core.main.TestCaseMain.startTestSuite(TestCaseMain.java:185)
	at com.kms.katalon.core.main.TestCaseMain$startTestSuite$0.call(Unknown Source)
	at TempTestSuite1705922193915.run(TempTestSuite1705922193915.groovy:36)
)

2024-01-22 18:29:34 - [MESSAGE][WARNING] - Web element with id: 'Object Repository/Stockbit/Bandarmology_Buyer3' located by 'By.xpath: //*[contains(@id, 'rc-tabs-')]/div[2]/div/div/div/div/div/div[2]/table/tbody/tr[4]/td[1]/p' is present after '1' second(s) (Root cause: com.kms.katalon.core.exception.StepFailedException: Web element with id: 'Object Repository/Stockbit/Bandarmology_Buyer3' located by 'By.xpath: //*[contains(@id, 'rc-tabs-')]/div[2]/div/div/div/div/div/div[2]/table/tbody/tr[4]/td[1]/p' is present after '1' second(s)
	at com.kms.katalon.core.webui.keyword.internal.WebUIKeywordMain.stepFailed(WebUIKeywordMain.groovy:64)
	at com.kms.katalon.core.webui.keyword.internal.WebUIKeywordMain$stepFailed$0.call(Unknown Source)
	at com.kms.katalon.core.webui.keyword.builtin.VerifyElementNotPresentKeyword$_verifyElementNotPresent_closure1.doCall(VerifyElementNotPresentKeyword.groovy:106)
	at com.kms.katalon.core.webui.keyword.builtin.VerifyElementNotPresentKeyword$_verifyElementNotPresent_closure1.doCall(VerifyElementNotPresentKeyword.groovy)
	at com.kms.katalon.core.webui.keyword.internal.WebUIKeywordMain.runKeyword(WebUIKeywordMain.groovy:20)
	at com.kms.katalon.core.webui.keyword.internal.WebUIKeywordMain$runKeyword.call(Unknown Source)
	at com.kms.katalon.core.webui.keyword.builtin.VerifyElementNotPresentKeyword.verifyElementNotPresent(VerifyElementNotPresentKeyword.groovy:117)
	at com.kms.katalon.core.webui.keyword.builtin.VerifyElementNotPresentKeyword.execute(VerifyElementNotPresentKeyword.groovy:68)
	at com.kms.katalon.core.keyword.internal.KeywordExecutor.executeKeywordForPlatform(KeywordExecutor.groovy:74)
	at com.kms.katalon.core.webui.keyword.WebUiBuiltInKeywords.verifyElementNotPresent(WebUiBuiltInKeywords.groovy:1481)
	at com.kms.katalon.core.webui.keyword.WebUiBuiltInKeywords$verifyElementNotPresent$8.call(Unknown Source)
	at GetBrokSumPriceDaily.run(GetBrokSumPriceDaily:361)
	at com.kms.katalon.core.main.ScriptEngine.run(ScriptEngine.java:194)
	at com.kms.katalon.core.main.ScriptEngine.runScriptAsRawText(ScriptEngine.java:119)
	at com.kms.katalon.core.main.TestCaseExecutor.runScript(TestCaseExecutor.java:445)
	at com.kms.katalon.core.main.TestCaseExecutor.doExecute(TestCaseExecutor.java:436)
	at com.kms.katalon.core.main.TestCaseExecutor.processExecutionPhase(TestCaseExecutor.java:415)
	at com.kms.katalon.core.main.TestCaseExecutor.accessMainPhase(TestCaseExecutor.java:407)
	at com.kms.katalon.core.main.TestCaseExecutor.execute(TestCaseExecutor.java:284)
	at com.kms.katalon.core.common.CommonExecutor.accessTestCaseMainPhase(CommonExecutor.java:65)
	at com.kms.katalon.core.main.TestSuiteExecutor.accessTestSuiteMainPhase(TestSuiteExecutor.java:144)
	at com.kms.katalon.core.main.TestSuiteExecutor.execute(TestSuiteExecutor.java:106)
	at com.kms.katalon.core.main.TestCaseMain.startTestSuite(TestCaseMain.java:185)
	at com.kms.katalon.core.main.TestCaseMain$startTestSuite$0.call(Unknown Source)
	at TempTestSuite1705922193915.run(TempTestSuite1705922193915.groovy:36)
)
[[ATTACHMENT|C:\\Users\\Fadli\\git\\KatalonDailyGetData2\\Reports\\20240122_174123\\TS1\\20240122_181633\\1705922974194.png]]

2024-01-22 18:29:34 - [TEST_STEP][PASSED] - else: null

2024-01-22 18:29:34 - [TEST_STEP][PASSED] - strBuyer3 = getText(findTestObject("Stockbit/Bandarmology_Buyer3")): Text of object 'Object Repository/Stockbit/Bandarmology_Buyer3' is: 'PD'

2024-01-22 18:29:34 - [MESSAGE][PASSED] - Text of object 'Object Repository/Stockbit/Bandarmology_Buyer3' is: 'PD'

2024-01-22 18:29:34 - [TEST_STEP][PASSED] - strBuyerVol3 = getText(findTestObject("Stockbit/Bandarmology_BuyerVol3")): Text of object 'Object Repository/Stockbit/Bandarmology_BuyerVol3' is: '1.2 K'

2024-01-22 18:29:34 - [MESSAGE][PASSED] - Text of object 'Object Repository/Stockbit/Bandarmology_BuyerVol3' is: '1.2 K'

2024-01-22 18:29:34 - [TEST_STEP][PASSED] - strBuyerAvg3 = getText(findTestObject("Stockbit/Bandarmology_BuyerAvg3")): Text of object 'Object Repository/Stockbit/Bandarmology_BuyerAvg3' is: '157'

2024-01-22 18:29:34 - [MESSAGE][PASSED] - Text of object 'Object Repository/Stockbit/Bandarmology_BuyerAvg3' is: '157'

2024-01-22 18:29:34 - [TEST_STEP][PASSED] - if (strBuyer3 != ""): null

2024-01-22 18:29:34 - [TEST_STEP][PASSED] - if (strBuyerAvg3.contains(",")): null

2024-01-22 18:29:34 - [TEST_STEP][PASSED] - if (strBuyerVol3.contains(" B")): null

2024-01-22 18:29:34 - [TEST_STEP][PASSED] - else if (strBuyerVol3.contains(" M")): null

2024-01-22 18:29:34 - [TEST_STEP][PASSED] - else if (strBuyerVol3.contains(" K")): null

2024-01-22 18:29:34 - [TEST_STEP][PASSED] - strBuyerVol3 = strBuyerVol3.replace(" K", ""): null

2024-01-22 18:29:34 - [TEST_STEP][PASSED] - strBuyerVol3 = strBuyerVol3.toDouble() * 1000: null

2024-01-22 18:29:34 - [TEST_STEP][PASSED] - if (verifyElementNotPresent(findTestObject("Stockbit/Bandarmology_Seller3"), 1, OPTIONAL)): Web element with id: 'Object Repository/Stockbit/Bandarmology_Seller3' located by 'By.xpath: //*[contains(@id, 'rc-tabs-')]/div[2]/div/div/div/div/div/div[2]/table/tbody/tr[4]/td[5]/p' is present after '1' second(s) (Root cause: com.kms.katalon.core.exception.StepFailedException: Web element with id: 'Object Repository/Stockbit/Bandarmology_Seller3' located by 'By.xpath: //*[contains(@id, 'rc-tabs-')]/div[2]/div/div/div/div/div/div[2]/table/tbody/tr[4]/td[5]/p' is present after '1' second(s)
	at com.kms.katalon.core.webui.keyword.internal.WebUIKeywordMain.stepFailed(WebUIKeywordMain.groovy:64)
	at com.kms.katalon.core.webui.keyword.internal.WebUIKeywordMain$stepFailed$0.call(Unknown Source)
	at com.kms.katalon.core.webui.keyword.builtin.VerifyElementNotPresentKeyword$_verifyElementNotPresent_closure1.doCall(VerifyElementNotPresentKeyword.groovy:106)
	at com.kms.katalon.core.webui.keyword.builtin.VerifyElementNotPresentKeyword$_verifyElementNotPresent_closure1.doCall(VerifyElementNotPresentKeyword.groovy)
	at com.kms.katalon.core.webui.keyword.internal.WebUIKeywordMain.runKeyword(WebUIKeywordMain.groovy:20)
	at com.kms.katalon.core.webui.keyword.internal.WebUIKeywordMain$runKeyword.call(Unknown Source)
	at com.kms.katalon.core.webui.keyword.builtin.VerifyElementNotPresentKeyword.verifyElementNotPresent(VerifyElementNotPresentKeyword.groovy:117)
	at com.kms.katalon.core.webui.keyword.builtin.VerifyElementNotPresentKeyword.execute(VerifyElementNotPresentKeyword.groovy:68)
	at com.kms.katalon.core.keyword.internal.KeywordExecutor.executeKeywordForPlatform(KeywordExecutor.groovy:74)
	at com.kms.katalon.core.webui.keyword.WebUiBuiltInKeywords.verifyElementNotPresent(WebUiBuiltInKeywords.groovy:1481)
	at com.kms.katalon.core.webui.keyword.WebUiBuiltInKeywords$verifyElementNotPresent$8.call(Unknown Source)
	at GetBrokSumPriceDaily.run(GetBrokSumPriceDaily:414)
	at com.kms.katalon.core.main.ScriptEngine.run(ScriptEngine.java:194)
	at com.kms.katalon.core.main.ScriptEngine.runScriptAsRawText(ScriptEngine.java:119)
	at com.kms.katalon.core.main.TestCaseExecutor.runScript(TestCaseExecutor.java:445)
	at com.kms.katalon.core.main.TestCaseExecutor.doExecute(TestCaseExecutor.java:436)
	at com.kms.katalon.core.main.TestCaseExecutor.processExecutionPhase(TestCaseExecutor.java:415)
	at com.kms.katalon.core.main.TestCaseExecutor.accessMainPhase(TestCaseExecutor.java:407)
	at com.kms.katalon.core.main.TestCaseExecutor.execute(TestCaseExecutor.java:284)
	at com.kms.katalon.core.common.CommonExecutor.accessTestCaseMainPhase(CommonExecutor.java:65)
	at com.kms.katalon.core.main.TestSuiteExecutor.accessTestSuiteMainPhase(TestSuiteExecutor.java:144)
	at com.kms.katalon.core.main.TestSuiteExecutor.execute(TestSuiteExecutor.java:106)
	at com.kms.katalon.core.main.TestCaseMain.startTestSuite(TestCaseMain.java:185)
	at com.kms.katalon.core.main.TestCaseMain$startTestSuite$0.call(Unknown Source)
	at TempTestSuite1705922193915.run(TempTestSuite1705922193915.groovy:36)
)

2024-01-22 18:29:36 - [MESSAGE][WARNING] - Web element with id: 'Object Repository/Stockbit/Bandarmology_Seller3' located by 'By.xpath: //*[contains(@id, 'rc-tabs-')]/div[2]/div/div/div/div/div/div[2]/table/tbody/tr[4]/td[5]/p' is present after '1' second(s) (Root cause: com.kms.katalon.core.exception.StepFailedException: Web element with id: 'Object Repository/Stockbit/Bandarmology_Seller3' located by 'By.xpath: //*[contains(@id, 'rc-tabs-')]/div[2]/div/div/div/div/div/div[2]/table/tbody/tr[4]/td[5]/p' is present after '1' second(s)
	at com.kms.katalon.core.webui.keyword.internal.WebUIKeywordMain.stepFailed(WebUIKeywordMain.groovy:64)
	at com.kms.katalon.core.webui.keyword.internal.WebUIKeywordMain$stepFailed$0.call(Unknown Source)
	at com.kms.katalon.core.webui.keyword.builtin.VerifyElementNotPresentKeyword$_verifyElementNotPresent_closure1.doCall(VerifyElementNotPresentKeyword.groovy:106)
	at com.kms.katalon.core.webui.keyword.builtin.VerifyElementNotPresentKeyword$_verifyElementNotPresent_closure1.doCall(VerifyElementNotPresentKeyword.groovy)
	at com.kms.katalon.core.webui.keyword.internal.WebUIKeywordMain.runKeyword(WebUIKeywordMain.groovy:20)
	at com.kms.katalon.core.webui.keyword.internal.WebUIKeywordMain$runKeyword.call(Unknown Source)
	at com.kms.katalon.core.webui.keyword.builtin.VerifyElementNotPresentKeyword.verifyElementNotPresent(VerifyElementNotPresentKeyword.groovy:117)
	at com.kms.katalon.core.webui.keyword.builtin.VerifyElementNotPresentKeyword.execute(VerifyElementNotPresentKeyword.groovy:68)
	at com.kms.katalon.core.keyword.internal.KeywordExecutor.executeKeywordForPlatform(KeywordExecutor.groovy:74)
	at com.kms.katalon.core.webui.keyword.WebUiBuiltInKeywords.verifyElementNotPresent(WebUiBuiltInKeywords.groovy:1481)
	at com.kms.katalon.core.webui.keyword.WebUiBuiltInKeywords$verifyElementNotPresent$8.call(Unknown Source)
	at GetBrokSumPriceDaily.run(GetBrokSumPriceDaily:414)
	at com.kms.katalon.core.main.ScriptEngine.run(ScriptEngine.java:194)
	at com.kms.katalon.core.main.ScriptEngine.runScriptAsRawText(ScriptEngine.java:119)
	at com.kms.katalon.core.main.TestCaseExecutor.runScript(TestCaseExecutor.java:445)
	at com.kms.katalon.core.main.TestCaseExecutor.doExecute(TestCaseExecutor.java:436)
	at com.kms.katalon.core.main.TestCaseExecutor.processExecutionPhase(TestCaseExecutor.java:415)
	at com.kms.katalon.core.main.TestCaseExecutor.accessMainPhase(TestCaseExecutor.java:407)
	at com.kms.katalon.core.main.TestCaseExecutor.execute(TestCaseExecutor.java:284)
	at com.kms.katalon.core.common.CommonExecutor.accessTestCaseMainPhase(CommonExecutor.java:65)
	at com.kms.katalon.core.main.TestSuiteExecutor.accessTestSuiteMainPhase(TestSuiteExecutor.java:144)
	at com.kms.katalon.core.main.TestSuiteExecutor.execute(TestSuiteExecutor.java:106)
	at com.kms.katalon.core.main.TestCaseMain.startTestSuite(TestCaseMain.java:185)
	at com.kms.katalon.core.main.TestCaseMain$startTestSuite$0.call(Unknown Source)
	at TempTestSuite1705922193915.run(TempTestSuite1705922193915.groovy:36)
)
[[ATTACHMENT|C:\\Users\\Fadli\\git\\KatalonDailyGetData2\\Reports\\20240122_174123\\TS1\\20240122_181633\\1705922975871.png]]

2024-01-22 18:29:36 - [TEST_STEP][PASSED] - else: null

2024-01-22 18:29:36 - [TEST_STEP][PASSED] - strSeller3 = getText(findTestObject("Stockbit/Bandarmology_Seller3")): Text of object 'Object Repository/Stockbit/Bandarmology_Seller3' is: 'XA'

2024-01-22 18:29:36 - [MESSAGE][PASSED] - Text of object 'Object Repository/Stockbit/Bandarmology_Seller3' is: 'XA'

2024-01-22 18:29:36 - [TEST_STEP][PASSED] - strSellerVol3 = getText(findTestObject("Stockbit/Bandarmology_SellerVol3")): Text of object 'Object Repository/Stockbit/Bandarmology_SellerVol3' is: '642'

2024-01-22 18:29:36 - [MESSAGE][PASSED] - Text of object 'Object Repository/Stockbit/Bandarmology_SellerVol3' is: '642'

2024-01-22 18:29:36 - [TEST_STEP][PASSED] - strSellerAvg3 = getText(findTestObject("Stockbit/Bandarmology_SellerAvg3")): Text of object 'Object Repository/Stockbit/Bandarmology_SellerAvg3' is: '155'

2024-01-22 18:29:36 - [MESSAGE][PASSED] - Text of object 'Object Repository/Stockbit/Bandarmology_SellerAvg3' is: '155'

2024-01-22 18:29:36 - [TEST_STEP][PASSED] - if (strSeller3 != ""): null

2024-01-22 18:29:36 - [TEST_STEP][PASSED] - if (strSellerAvg3.contains(",")): null

2024-01-22 18:29:36 - [TEST_STEP][PASSED] - if (strSellerVol3.contains(" B")): null

2024-01-22 18:29:36 - [TEST_STEP][PASSED] - strAccDist = getText(findTestObject("Stockbit/Bandarmology_AccDist")): Text of object 'Object Repository/Stockbit/Bandarmology_AccDist' is: 'Dist'

2024-01-22 18:29:36 - [MESSAGE][PASSED] - Text of object 'Object Repository/Stockbit/Bandarmology_AccDist' is: 'Dist'

2024-01-22 18:29:36 - [TEST_STEP][PASSED] - strNetVol = getText(findTestObject("Stockbit/Bandarmology_NetVol")): Text of object 'Object Repository/Stockbit/Bandarmology_NetVol' is: '7,654'

2024-01-22 18:29:36 - [MESSAGE][PASSED] - Text of object 'Object Repository/Stockbit/Bandarmology_NetVol' is: '7,654'

2024-01-22 18:29:36 - [TEST_STEP][PASSED] - strNetVol = strNetVol.replace(",", ""): null

2024-01-22 18:29:36 - [TEST_STEP][PASSED] - strNetVal = getText(findTestObject("Stockbit/Bandarmology_NetVal")): Text of object 'Object Repository/Stockbit/Bandarmology_NetVal' is: '0.1 B'

2024-01-22 18:29:36 - [MESSAGE][PASSED] - Text of object 'Object Repository/Stockbit/Bandarmology_NetVal' is: '0.1 B'

2024-01-22 18:29:36 - [TEST_STEP][PASSED] - delay(3): Delayed 3 second(s)

2024-01-22 18:29:39 - [MESSAGE][PASSED] - Delayed 3 second(s)

2024-01-22 18:29:39 - [TEST_STEP][PASSED] - strOpenPrice = getText(findTestObject("Stockbit/Home_OpenPrice")): Text of object 'Object Repository/Stockbit/Home_OpenPrice' is: '159'

2024-01-22 18:29:39 - [MESSAGE][PASSED] - Text of object 'Object Repository/Stockbit/Home_OpenPrice' is: '159'

2024-01-22 18:29:39 - [TEST_STEP][PASSED] - strOpenPrice = strOpenPrice.replace(",", ""): null

2024-01-22 18:29:39 - [TEST_STEP][PASSED] - strLowPrice = getText(findTestObject("Stockbit/Home_LowPrice")): Text of object 'Object Repository/Stockbit/Home_LowPrice' is: '155'

2024-01-22 18:29:39 - [MESSAGE][PASSED] - Text of object 'Object Repository/Stockbit/Home_LowPrice' is: '155'

2024-01-22 18:29:39 - [TEST_STEP][PASSED] - strLowPrice = strLowPrice.replace(",", ""): null

2024-01-22 18:29:39 - [TEST_STEP][PASSED] - strHighPrice = getText(findTestObject("Stockbit/Home_HighPrice")): Text of object 'Object Repository/Stockbit/Home_HighPrice' is: '159'

2024-01-22 18:29:40 - [MESSAGE][PASSED] - Text of object 'Object Repository/Stockbit/Home_HighPrice' is: '159'

2024-01-22 18:29:40 - [TEST_STEP][PASSED] - strHighPrice = strHighPrice.replace(",", ""): null

2024-01-22 18:29:40 - [TEST_STEP][PASSED] - strClosePrice = getText(findTestObject("Stockbit/Home_ClosePrice")): Text of object 'Object Repository/Stockbit/Home_ClosePrice' is: '155'

2024-01-22 18:29:40 - [MESSAGE][PASSED] - Text of object 'Object Repository/Stockbit/Home_ClosePrice' is: '155'

2024-01-22 18:29:40 - [TEST_STEP][PASSED] - strClosePrice = strClosePrice.replace(",", ""): null

2024-01-22 18:29:40 - [TEST_STEP][PASSED] - strVol = getText(findTestObject("Stockbit/Home_Volume")): Text of object 'Object Repository/Stockbit/Home_Volume' is: '11 K'

2024-01-22 18:29:40 - [MESSAGE][PASSED] - Text of object 'Object Repository/Stockbit/Home_Volume' is: '11 K'

2024-01-22 18:29:40 - [TEST_STEP][PASSED] - if (strVol.contains(" K")): null

2024-01-22 18:29:40 - [TEST_STEP][PASSED] - strVol = strVol.replace(" K", "000"): null

2024-01-22 18:29:40 - [TEST_STEP][PASSED] - if (strVol.contains(",")): null

2024-01-22 18:29:40 - [TEST_STEP][PASSED] - strChange = getText(findTestObject("Stockbit/Home_Change")): Text of object 'Object Repository/Stockbit/Home_Change' is: '-1.90%'

2024-01-22 18:29:40 - [MESSAGE][PASSED] - Text of object 'Object Repository/Stockbit/Home_Change' is: '-1.90%'

2024-01-22 18:29:40 - [TEST_STEP][PASSED] - strChange = strChange.replace("%", ""): null

2024-01-22 18:29:40 - [TEST_STEP][PASSED] - strFreq = getText(findTestObject("Stockbit/Home_Freq")): Text of object 'Object Repository/Stockbit/Home_Freq' is: '178'

2024-01-22 18:29:40 - [MESSAGE][PASSED] - Text of object 'Object Repository/Stockbit/Home_Freq' is: '178'

2024-01-22 18:29:40 - [TEST_STEP][PASSED] - if (strFreq.contains(",")): null

2024-01-22 18:29:40 - [TEST_STEP][PASSED] - if (strFreq == "NA" || strFreq == ""): null

2024-01-22 18:29:40 - [TEST_STEP][PASSED] - else: null

2024-01-22 18:29:40 - [TEST_STEP][PASSED] - dblFreqAnal = strVol.toDouble() / strFreq.toDouble() * strFreq.toDouble() * strFreq.toDouble() * 100000000: null

2024-01-22 18:29:40 - [TEST_STEP][PASSED] - strFreqAnal = String.format("%.4f", dblFreqAnal): null

2024-01-22 18:29:40 - [TEST_STEP][PASSED] - out.println("Double strFreqAnal: " + strFreqAnal): null

2024-01-22 18:29:40 - [TEST_STEP][PASSED] - strTanggal = d.format(DateTimeFormatter.ofPattern("yyyy-MM-dd")): null

2024-01-22 18:29:40 - [TEST_STEP][PASSED] - strTanggal = "#" + strTanggal + "#": null

2024-01-22 18:29:40 - [TEST_STEP][PASSED] - strSQL = "select count(*) as JumBaris from TblBrokSum where Nama = '" + strNama + "' and Tanggal = " + strTanggal + "": null

2024-01-22 18:29:40 - [TEST_STEP][PASSED] - resultSet = statement.executeQuery(strSQL): null

2024-01-22 18:29:40 - [TEST_STEP][PASSED] - resultSet.next(): null

2024-01-22 18:29:40 - [TEST_STEP][PASSED] - intJumBaris = resultSet.getInt("JumBaris"): null

2024-01-22 18:29:40 - [TEST_STEP][PASSED] - if (intJumBaris > 0): null

2024-01-22 18:29:40 - [TEST_STEP][PASSED] - else: null

2024-01-22 18:29:40 - [TEST_STEP][PASSED] - try: null

2024-01-22 18:29:40 - [TEST_STEP][PASSED] - out.println("Insert data"): null

2024-01-22 18:29:40 - [TEST_STEP][PASSED] - strSQL = "insert into TblBrokSum (nama, tanggal, top1, top2, top3, AllBrokAvg, AccDist, AvgRP, " + "Buyer1, BuyerVal1, BuyerAvg1, Seller1, SellerVal1, SellerAvg1, Buyer2, BuyerVal2, BuyerAvg2, " + "Seller2, SellerVal2, SellerAvg2, Buyer3, BuyerVal3, BuyerAvg3, Seller3, SellerVal3, SellerAvg3, NetVol, NetVal, " + "OpenPrice, LowPrice, HighPrice, ClosePrice, Volume, Change, Frekuensi, FrekAnal) " + "values ('" + strNama + "', " + strTanggal + ", '" + strTop1 + "', '" + strTop3 + "', '" + strTop5 + "', " + "'" + strAllBrokAvg + "', '" + strAccDist + "', " + intAvgRP + ", '" + strBuyer1 + "', '" + strBuyerVol1 + "', " + strBuyerAvg1 + ", " + "'" + strSeller1 + "', '" + strSellerVol1 + "', " + strSellerAvg1 + ", '" + strBuyer2 + "', '" + strBuyerVol2 + "', " + strBuyerAvg2 + ", " + "'" + strSeller2 + "', '" + strSellerVol2 + "', " + strSellerAvg2 + ", '" + strBuyer3 + "', '" + strBuyerVol3 + "', " + strBuyerAvg3 + ", " + "'" + strSeller3 + "', '" + strSellerVol3 + "', " + strSellerAvg3 + ", " + strNetVol + ", '" + strNetVal + "', " + "" + strOpenPrice + ", " + strLowPrice + ", " + strHighPrice + ", " + strClosePrice + ", '" + strVol + "', " + strChange + ", " + strFreq + ", " + strFreqAnal + ");": null

2024-01-22 18:29:40 - [TEST_STEP][PASSED] - out.println("strSQL = " + strSQL): null

2024-01-22 18:29:40 - [TEST_STEP][PASSED] - statement.executeUpdate(strSQL): null

2024-01-22 18:29:40 - [TEST_STEP][PASSED] - setValueToCellByIndex(sheet01, rowIndex, 4, "DONE"): null

2024-01-22 18:29:40 - [TEST_STEP][PASSED] - saveWorkbook(excelFilePath, workbook01): null

2024-01-22 18:29:40 - [TEST_STEP][PASSED] - waitForElementClickable(findTestObject("Stockbit/menu_Bandarmology"), 10): Object 'Object Repository/Stockbit/menu_Bandarmology' is clickable

2024-01-22 18:29:40 - [MESSAGE][PASSED] - Object 'Object Repository/Stockbit/menu_Bandarmology' is clickable

2024-01-22 18:29:40 - [TEST_STEP][PASSED] - click(findTestObject("Stockbit/menu_Bandarmology")): Object: 'Object Repository/Stockbit/menu_Bandarmology' is clicked on

2024-01-22 18:29:41 - [MESSAGE][PASSED] - Object: 'Object Repository/Stockbit/menu_Bandarmology' is clicked on

2024-01-22 18:29:41 - [TEST_STEP][PASSED] - strTemp = "NA": null

2024-01-22 18:29:41 - [TEST_STEP][PASSED] - if (getCellValueByIndex(sheet01, rowIndex, 4) != "DONE"): Object: 'Object Repository/Stockbit/menu_Bandarmology' is clicked on

2024-01-22 18:29:41 - [TEST_STEP][PASSED] - strNama = getCellValueByIndex(sheet01, rowIndex, 0): null

2024-01-22 18:29:41 - [TEST_STEP][PASSED] - navigateToUrl("https://stockbit.com/#/symbol/" + strNama): Navigate to 'https://stockbit.com/#/symbol/BSML' successfully

2024-01-22 18:29:43 - [MESSAGE][PASSED] - Navigate to 'https://stockbit.com/#/symbol/BSML' successfully

2024-01-22 18:29:43 - [TEST_STEP][PASSED] - waitForElementClickable(findTestObject("Stockbit/menu_Bandarmology"), 10): Object 'Object Repository/Stockbit/menu_Bandarmology' is clickable

2024-01-22 18:29:43 - [MESSAGE][PASSED] - Object 'Object Repository/Stockbit/menu_Bandarmology' is clickable

2024-01-22 18:29:43 - [TEST_STEP][PASSED] - click(findTestObject("Stockbit/menu_Bandarmology")): Object: 'Object Repository/Stockbit/menu_Bandarmology' is clicked on

2024-01-22 18:29:45 - [MESSAGE][PASSED] - Object: 'Object Repository/Stockbit/menu_Bandarmology' is clicked on

2024-01-22 18:29:45 - [TEST_STEP][PASSED] - strTanggal = d.format(DateTimeFormatter.ofPattern("MMM dd, yyyy")): null

2024-01-22 18:29:45 - [TEST_STEP][PASSED] - strTanggal = d.format(ISO_DATE): null

2024-01-22 18:29:45 - [TEST_STEP][PASSED] - out.println("strTanggal = " + strTanggal): null

2024-01-22 18:29:45 - [TEST_STEP][PASSED] - out.println("strNama = " + strNama): null

2024-01-22 18:29:45 - [TEST_STEP][PASSED] - out.println("Baris ke = " + rowIndex): null

2024-01-22 18:29:45 - [TEST_STEP][PASSED] - click(findTestObject("Stockbit/input__BandarmologyOpenStartDate")): Object: 'Object Repository/Stockbit/input__BandarmologyOpenStartDate' is clicked on

2024-01-22 18:29:46 - [MESSAGE][PASSED] - Object: 'Object Repository/Stockbit/input__BandarmologyOpenStartDate' is clicked on

2024-01-22 18:29:46 - [TEST_STEP][PASSED] - sendKeys(findTestObject("Stockbit/input__BandarmologyOpenStartDate"), Keys.chord(CONTROL, "a")): Keys 'CONTROL + a' sent to object: 'Object Repository/Stockbit/input__BandarmologyOpenStartDate'

2024-01-22 18:29:46 - [MESSAGE][PASSED] - Keys 'CONTROL + a' sent to object: 'Object Repository/Stockbit/input__BandarmologyOpenStartDate'

2024-01-22 18:29:46 - [TEST_STEP][PASSED] - sendKeys(findTestObject("Stockbit/input__BandarmologyOpenStartDate"), Keys.chord(BACK_SPACE)): Keys 'BACK_SPACE + ' sent to object: 'Object Repository/Stockbit/input__BandarmologyOpenStartDate'

2024-01-22 18:29:46 - [MESSAGE][PASSED] - Keys 'BACK_SPACE + ' sent to object: 'Object Repository/Stockbit/input__BandarmologyOpenStartDate'

2024-01-22 18:29:46 - [TEST_STEP][PASSED] - setText(findTestObject("Stockbit/input__BandarmologyOpenStartDate"), strTanggal): Text '2024-01-22' is set on object 'Object Repository/Stockbit/input__BandarmologyOpenStartDate'

2024-01-22 18:29:47 - [MESSAGE][PASSED] - Text '2024-01-22' is set on object 'Object Repository/Stockbit/input__BandarmologyOpenStartDate'

2024-01-22 18:29:47 - [TEST_STEP][PASSED] - sendKeys(findTestObject("Stockbit/input__BandarmologyOpenStartDate"), Keys.chord(ENTER)): Keys 'ENTER + ' sent to object: 'Object Repository/Stockbit/input__BandarmologyOpenStartDate'

2024-01-22 18:29:48 - [MESSAGE][PASSED] - Keys 'ENTER + ' sent to object: 'Object Repository/Stockbit/input__BandarmologyOpenStartDate'

2024-01-22 18:29:48 - [TEST_STEP][PASSED] - click(findTestObject("Stockbit/input__BandarmologyOpenEndDate")): Object: 'Object Repository/Stockbit/input__BandarmologyOpenEndDate' is clicked on

2024-01-22 18:29:48 - [MESSAGE][PASSED] - Object: 'Object Repository/Stockbit/input__BandarmologyOpenEndDate' is clicked on

2024-01-22 18:29:48 - [TEST_STEP][PASSED] - sendKeys(findTestObject("Stockbit/input__BandarmologyOpenEndDate"), Keys.chord(CONTROL, "a")): Keys 'CONTROL + a' sent to object: 'Object Repository/Stockbit/input__BandarmologyOpenEndDate'

2024-01-22 18:29:48 - [MESSAGE][PASSED] - Keys 'CONTROL + a' sent to object: 'Object Repository/Stockbit/input__BandarmologyOpenEndDate'

2024-01-22 18:29:48 - [TEST_STEP][PASSED] - sendKeys(findTestObject("Stockbit/input__BandarmologyOpenEndDate"), Keys.chord(BACK_SPACE)): Keys 'BACK_SPACE + ' sent to object: 'Object Repository/Stockbit/input__BandarmologyOpenEndDate'

2024-01-22 18:29:49 - [MESSAGE][PASSED] - Keys 'BACK_SPACE + ' sent to object: 'Object Repository/Stockbit/input__BandarmologyOpenEndDate'

2024-01-22 18:29:49 - [TEST_STEP][PASSED] - setText(findTestObject("Stockbit/input__BandarmologyOpenEndDate"), strTanggal): Text '2024-01-22' is set on object 'Object Repository/Stockbit/input__BandarmologyOpenEndDate'

2024-01-22 18:29:49 - [MESSAGE][PASSED] - Text '2024-01-22' is set on object 'Object Repository/Stockbit/input__BandarmologyOpenEndDate'

2024-01-22 18:29:49 - [TEST_STEP][PASSED] - sendKeys(findTestObject("Stockbit/input__BandarmologyOpenEndDate"), Keys.chord(ENTER)): Keys 'ENTER + ' sent to object: 'Object Repository/Stockbit/input__BandarmologyOpenEndDate'

2024-01-22 18:29:50 - [MESSAGE][PASSED] - Keys 'ENTER + ' sent to object: 'Object Repository/Stockbit/input__BandarmologyOpenEndDate'

2024-01-22 18:29:50 - [TEST_STEP][PASSED] - delay(2): Delayed 2 second(s)

2024-01-22 18:29:52 - [MESSAGE][PASSED] - Delayed 2 second(s)

2024-01-22 18:29:52 - [TEST_STEP][PASSED] - strTemp = getText(findTestObject("Stockbit/Bandarmology_AvgRP")): Text of object 'Object Repository/Stockbit/Bandarmology_AvgRP' is: '193'

2024-01-22 18:29:52 - [MESSAGE][PASSED] - Text of object 'Object Repository/Stockbit/Bandarmology_AvgRP' is: '193'

2024-01-22 18:29:52 - [TEST_STEP][PASSED] - out.println("Bandarmology_AvgRP = " + strTemp): null

2024-01-22 18:29:52 - [TEST_STEP][PASSED] - if (strTemp != "0"): null

2024-01-22 18:29:52 - [TEST_STEP][PASSED] - strTop1 = getText(findTestObject("Stockbit/Bandarmology_Top1")): Text of object 'Object Repository/Stockbit/Bandarmology_Top1' is: 'Big Acc'

2024-01-22 18:29:52 - [MESSAGE][PASSED] - Text of object 'Object Repository/Stockbit/Bandarmology_Top1' is: 'Big Acc'

2024-01-22 18:29:52 - [TEST_STEP][PASSED] - strTop3 = getText(findTestObject("Stockbit/Bandarmology_Top3")): Text of object 'Object Repository/Stockbit/Bandarmology_Top3' is: 'Normal Acc'

2024-01-22 18:29:52 - [MESSAGE][PASSED] - Text of object 'Object Repository/Stockbit/Bandarmology_Top3' is: 'Normal Acc'

2024-01-22 18:29:52 - [TEST_STEP][PASSED] - strTop5 = getText(findTestObject("Stockbit/Bandarmology_Top5")): Text of object 'Object Repository/Stockbit/Bandarmology_Top5' is: 'Normal Acc'

2024-01-22 18:29:52 - [MESSAGE][PASSED] - Text of object 'Object Repository/Stockbit/Bandarmology_Top5' is: 'Normal Acc'

2024-01-22 18:29:52 - [TEST_STEP][PASSED] - strAllBrokAvg = getText(findTestObject("Stockbit/Bandarmology_TopAVG")): Text of object 'Object Repository/Stockbit/Bandarmology_TopAVG' is: 'Normal Acc'

2024-01-22 18:29:52 - [MESSAGE][PASSED] - Text of object 'Object Repository/Stockbit/Bandarmology_TopAVG' is: 'Normal Acc'

2024-01-22 18:29:52 - [TEST_STEP][PASSED] - strTemp = getText(findTestObject("Stockbit/Bandarmology_AvgRP")): Text of object 'Object Repository/Stockbit/Bandarmology_AvgRP' is: '193'

2024-01-22 18:29:53 - [MESSAGE][PASSED] - Text of object 'Object Repository/Stockbit/Bandarmology_AvgRP' is: '193'

2024-01-22 18:29:53 - [TEST_STEP][PASSED] - if (strTemp.contains(",")): null

2024-01-22 18:29:53 - [TEST_STEP][PASSED] - intAvgRP = strTemp.toInteger(): null

2024-01-22 18:29:53 - [TEST_STEP][PASSED] - strBuyer1 = getText(findTestObject("Stockbit/Bandarmology_Buyer1")): Text of object 'Object Repository/Stockbit/Bandarmology_Buyer1' is: 'CP'

2024-01-22 18:29:53 - [MESSAGE][PASSED] - Text of object 'Object Repository/Stockbit/Bandarmology_Buyer1' is: 'CP'

2024-01-22 18:29:53 - [TEST_STEP][PASSED] - strBuyerVol1 = getText(findTestObject("Stockbit/Bandarmology_BuyerVol1")): Text of object 'Object Repository/Stockbit/Bandarmology_BuyerVol1' is: '106.8 K'

2024-01-22 18:29:53 - [MESSAGE][PASSED] - Text of object 'Object Repository/Stockbit/Bandarmology_BuyerVol1' is: '106.8 K'

2024-01-22 18:29:53 - [TEST_STEP][PASSED] - strBuyerAvg1 = getText(findTestObject("Stockbit/Bandarmology_BuyerAvg1")): Text of object 'Object Repository/Stockbit/Bandarmology_BuyerAvg1' is: '191'

2024-01-22 18:29:53 - [MESSAGE][PASSED] - Text of object 'Object Repository/Stockbit/Bandarmology_BuyerAvg1' is: '191'

2024-01-22 18:29:53 - [TEST_STEP][PASSED] - if (strBuyerAvg1.contains(",")): null

2024-01-22 18:29:53 - [TEST_STEP][PASSED] - if (strBuyerVol1.contains(" B")): null

2024-01-22 18:29:53 - [TEST_STEP][PASSED] - else if (strBuyerVol1.contains(" M")): null

2024-01-22 18:29:53 - [TEST_STEP][PASSED] - else if (strBuyerVol1.contains(" K")): null

2024-01-22 18:29:53 - [TEST_STEP][PASSED] - strBuyerVol1 = strBuyerVol1.replace(" K", ""): null

2024-01-22 18:29:53 - [TEST_STEP][PASSED] - strBuyerVol1 = strBuyerVol1.toDouble() * 1000: null

2024-01-22 18:29:53 - [TEST_STEP][PASSED] - strSeller1 = getText(findTestObject("Stockbit/Bandarmology_Seller1")): Text of object 'Object Repository/Stockbit/Bandarmology_Seller1' is: 'FS'

2024-01-22 18:29:53 - [MESSAGE][PASSED] - Text of object 'Object Repository/Stockbit/Bandarmology_Seller1' is: 'FS'

2024-01-22 18:29:53 - [TEST_STEP][PASSED] - strSellerVol1 = getText(findTestObject("Stockbit/Bandarmology_SellerVol1")): Text of object 'Object Repository/Stockbit/Bandarmology_SellerVol1' is: '60.3 K'

2024-01-22 18:29:53 - [MESSAGE][PASSED] - Text of object 'Object Repository/Stockbit/Bandarmology_SellerVol1' is: '60.3 K'

2024-01-22 18:29:53 - [TEST_STEP][PASSED] - strSellerAvg1 = getText(findTestObject("Stockbit/Bandarmology_SellerAvg1")): Text of object 'Object Repository/Stockbit/Bandarmology_SellerAvg1' is: '185'

2024-01-22 18:29:53 - [MESSAGE][PASSED] - Text of object 'Object Repository/Stockbit/Bandarmology_SellerAvg1' is: '185'

2024-01-22 18:29:53 - [TEST_STEP][PASSED] - if (strSellerAvg1.contains(",")): null

2024-01-22 18:29:53 - [TEST_STEP][PASSED] - if (strSellerVol1.contains(" B")): null

2024-01-22 18:29:53 - [TEST_STEP][PASSED] - else if (strSellerVol1.contains(" M")): null

2024-01-22 18:29:53 - [TEST_STEP][PASSED] - else if (strSellerVol1.contains(" K")): null

2024-01-22 18:29:53 - [TEST_STEP][PASSED] - strSellerVol1 = strSellerVol1.replace(" K", ""): null

2024-01-22 18:29:53 - [TEST_STEP][PASSED] - strSellerVol1 = strSellerVol1.toDouble() * 1000: null

2024-01-22 18:29:53 - [TEST_STEP][PASSED] - if (verifyElementNotPresent(findTestObject("Stockbit/Bandarmology_Buyer2"), 1, OPTIONAL)): Web element with id: 'Object Repository/Stockbit/Bandarmology_Buyer2' located by 'By.xpath: //*[contains(@id, 'rc-tabs-')]/div[2]/div/div/div/div/div/div[2]/table/tbody/tr[3]/td[1]/p' is present after '1' second(s) (Root cause: com.kms.katalon.core.exception.StepFailedException: Web element with id: 'Object Repository/Stockbit/Bandarmology_Buyer2' located by 'By.xpath: //*[contains(@id, 'rc-tabs-')]/div[2]/div/div/div/div/div/div[2]/table/tbody/tr[3]/td[1]/p' is present after '1' second(s)
	at com.kms.katalon.core.webui.keyword.internal.WebUIKeywordMain.stepFailed(WebUIKeywordMain.groovy:64)
	at com.kms.katalon.core.webui.keyword.internal.WebUIKeywordMain$stepFailed$0.call(Unknown Source)
	at com.kms.katalon.core.webui.keyword.builtin.VerifyElementNotPresentKeyword$_verifyElementNotPresent_closure1.doCall(VerifyElementNotPresentKeyword.groovy:106)
	at com.kms.katalon.core.webui.keyword.builtin.VerifyElementNotPresentKeyword$_verifyElementNotPresent_closure1.doCall(VerifyElementNotPresentKeyword.groovy)
	at com.kms.katalon.core.webui.keyword.internal.WebUIKeywordMain.runKeyword(WebUIKeywordMain.groovy:20)
	at com.kms.katalon.core.webui.keyword.internal.WebUIKeywordMain$runKeyword.call(Unknown Source)
	at com.kms.katalon.core.webui.keyword.builtin.VerifyElementNotPresentKeyword.verifyElementNotPresent(VerifyElementNotPresentKeyword.groovy:117)
	at com.kms.katalon.core.webui.keyword.builtin.VerifyElementNotPresentKeyword.execute(VerifyElementNotPresentKeyword.groovy:68)
	at com.kms.katalon.core.keyword.internal.KeywordExecutor.executeKeywordForPlatform(KeywordExecutor.groovy:74)
	at com.kms.katalon.core.webui.keyword.WebUiBuiltInKeywords.verifyElementNotPresent(WebUiBuiltInKeywords.groovy:1481)
	at com.kms.katalon.core.webui.keyword.WebUiBuiltInKeywords$verifyElementNotPresent$8.call(Unknown Source)
	at GetBrokSumPriceDaily.run(GetBrokSumPriceDaily:258)
	at com.kms.katalon.core.main.ScriptEngine.run(ScriptEngine.java:194)
	at com.kms.katalon.core.main.ScriptEngine.runScriptAsRawText(ScriptEngine.java:119)
	at com.kms.katalon.core.main.TestCaseExecutor.runScript(TestCaseExecutor.java:445)
	at com.kms.katalon.core.main.TestCaseExecutor.doExecute(TestCaseExecutor.java:436)
	at com.kms.katalon.core.main.TestCaseExecutor.processExecutionPhase(TestCaseExecutor.java:415)
	at com.kms.katalon.core.main.TestCaseExecutor.accessMainPhase(TestCaseExecutor.java:407)
	at com.kms.katalon.core.main.TestCaseExecutor.execute(TestCaseExecutor.java:284)
	at com.kms.katalon.core.common.CommonExecutor.accessTestCaseMainPhase(CommonExecutor.java:65)
	at com.kms.katalon.core.main.TestSuiteExecutor.accessTestSuiteMainPhase(TestSuiteExecutor.java:144)
	at com.kms.katalon.core.main.TestSuiteExecutor.execute(TestSuiteExecutor.java:106)
	at com.kms.katalon.core.main.TestCaseMain.startTestSuite(TestCaseMain.java:185)
	at com.kms.katalon.core.main.TestCaseMain$startTestSuite$0.call(Unknown Source)
	at TempTestSuite1705922193915.run(TempTestSuite1705922193915.groovy:36)
)

2024-01-22 18:29:55 - [MESSAGE][WARNING] - Web element with id: 'Object Repository/Stockbit/Bandarmology_Buyer2' located by 'By.xpath: //*[contains(@id, 'rc-tabs-')]/div[2]/div/div/div/div/div/div[2]/table/tbody/tr[3]/td[1]/p' is present after '1' second(s) (Root cause: com.kms.katalon.core.exception.StepFailedException: Web element with id: 'Object Repository/Stockbit/Bandarmology_Buyer2' located by 'By.xpath: //*[contains(@id, 'rc-tabs-')]/div[2]/div/div/div/div/div/div[2]/table/tbody/tr[3]/td[1]/p' is present after '1' second(s)
	at com.kms.katalon.core.webui.keyword.internal.WebUIKeywordMain.stepFailed(WebUIKeywordMain.groovy:64)
	at com.kms.katalon.core.webui.keyword.internal.WebUIKeywordMain$stepFailed$0.call(Unknown Source)
	at com.kms.katalon.core.webui.keyword.builtin.VerifyElementNotPresentKeyword$_verifyElementNotPresent_closure1.doCall(VerifyElementNotPresentKeyword.groovy:106)
	at com.kms.katalon.core.webui.keyword.builtin.VerifyElementNotPresentKeyword$_verifyElementNotPresent_closure1.doCall(VerifyElementNotPresentKeyword.groovy)
	at com.kms.katalon.core.webui.keyword.internal.WebUIKeywordMain.runKeyword(WebUIKeywordMain.groovy:20)
	at com.kms.katalon.core.webui.keyword.internal.WebUIKeywordMain$runKeyword.call(Unknown Source)
	at com.kms.katalon.core.webui.keyword.builtin.VerifyElementNotPresentKeyword.verifyElementNotPresent(VerifyElementNotPresentKeyword.groovy:117)
	at com.kms.katalon.core.webui.keyword.builtin.VerifyElementNotPresentKeyword.execute(VerifyElementNotPresentKeyword.groovy:68)
	at com.kms.katalon.core.keyword.internal.KeywordExecutor.executeKeywordForPlatform(KeywordExecutor.groovy:74)
	at com.kms.katalon.core.webui.keyword.WebUiBuiltInKeywords.verifyElementNotPresent(WebUiBuiltInKeywords.groovy:1481)
	at com.kms.katalon.core.webui.keyword.WebUiBuiltInKeywords$verifyElementNotPresent$8.call(Unknown Source)
	at GetBrokSumPriceDaily.run(GetBrokSumPriceDaily:258)
	at com.kms.katalon.core.main.ScriptEngine.run(ScriptEngine.java:194)
	at com.kms.katalon.core.main.ScriptEngine.runScriptAsRawText(ScriptEngine.java:119)
	at com.kms.katalon.core.main.TestCaseExecutor.runScript(TestCaseExecutor.java:445)
	at com.kms.katalon.core.main.TestCaseExecutor.doExecute(TestCaseExecutor.java:436)
	at com.kms.katalon.core.main.TestCaseExecutor.processExecutionPhase(TestCaseExecutor.java:415)
	at com.kms.katalon.core.main.TestCaseExecutor.accessMainPhase(TestCaseExecutor.java:407)
	at com.kms.katalon.core.main.TestCaseExecutor.execute(TestCaseExecutor.java:284)
	at com.kms.katalon.core.common.CommonExecutor.accessTestCaseMainPhase(CommonExecutor.java:65)
	at com.kms.katalon.core.main.TestSuiteExecutor.accessTestSuiteMainPhase(TestSuiteExecutor.java:144)
	at com.kms.katalon.core.main.TestSuiteExecutor.execute(TestSuiteExecutor.java:106)
	at com.kms.katalon.core.main.TestCaseMain.startTestSuite(TestCaseMain.java:185)
	at com.kms.katalon.core.main.TestCaseMain$startTestSuite$0.call(Unknown Source)
	at TempTestSuite1705922193915.run(TempTestSuite1705922193915.groovy:36)
)
[[ATTACHMENT|C:\\Users\\Fadli\\git\\KatalonDailyGetData2\\Reports\\20240122_174123\\TS1\\20240122_181633\\1705922994923.png]]

2024-01-22 18:29:55 - [TEST_STEP][PASSED] - else: null

2024-01-22 18:29:55 - [TEST_STEP][PASSED] - strBuyer2 = getText(findTestObject("Stockbit/Bandarmology_Buyer2")): Text of object 'Object Repository/Stockbit/Bandarmology_Buyer2' is: 'AI'

2024-01-22 18:29:55 - [MESSAGE][PASSED] - Text of object 'Object Repository/Stockbit/Bandarmology_Buyer2' is: 'AI'

2024-01-22 18:29:55 - [TEST_STEP][PASSED] - strBuyerVol2 = getText(findTestObject("Stockbit/Bandarmology_BuyerVol2")): Text of object 'Object Repository/Stockbit/Bandarmology_BuyerVol2' is: '10 K'

2024-01-22 18:29:55 - [MESSAGE][PASSED] - Text of object 'Object Repository/Stockbit/Bandarmology_BuyerVol2' is: '10 K'

2024-01-22 18:29:55 - [TEST_STEP][PASSED] - strBuyerAvg2 = getText(findTestObject("Stockbit/Bandarmology_BuyerAvg2")): Text of object 'Object Repository/Stockbit/Bandarmology_BuyerAvg2' is: '192'

2024-01-22 18:29:55 - [MESSAGE][PASSED] - Text of object 'Object Repository/Stockbit/Bandarmology_BuyerAvg2' is: '192'

2024-01-22 18:29:55 - [TEST_STEP][PASSED] - if (strBuyer2 != ""): null

2024-01-22 18:29:55 - [TEST_STEP][PASSED] - if (strBuyerAvg2.contains(",")): null

2024-01-22 18:29:55 - [TEST_STEP][PASSED] - if (strBuyerVol2.contains(" B")): null

2024-01-22 18:29:55 - [TEST_STEP][PASSED] - else if (strBuyerVol2.contains(" M")): null

2024-01-22 18:29:55 - [TEST_STEP][PASSED] - else if (strBuyerVol2.contains(" K")): null

2024-01-22 18:29:55 - [TEST_STEP][PASSED] - strBuyerVol2 = strBuyerVol2.replace(" K", ""): null

2024-01-22 18:29:55 - [TEST_STEP][PASSED] - strBuyerVol2 = strBuyerVol2.toDouble() * 1000: null

2024-01-22 18:29:55 - [TEST_STEP][PASSED] - if (strBuyerVol2.contains(".")): null

2024-01-22 18:29:55 - [TEST_STEP][PASSED] - strBuyerVal2 = strBuyerVol2.replace(".", ""): null

2024-01-22 18:29:55 - [TEST_STEP][PASSED] - if (verifyElementNotPresent(findTestObject("Stockbit/Bandarmology_Seller2"), 1, OPTIONAL)): Web element with id: 'Object Repository/Stockbit/Bandarmology_Seller2' located by 'By.xpath: //*[contains(@id, 'rc-tabs-')]/div[2]/div/div/div/div/div/div[2]/table/tbody/tr[3]/td[5]/p' is present after '1' second(s) (Root cause: com.kms.katalon.core.exception.StepFailedException: Web element with id: 'Object Repository/Stockbit/Bandarmology_Seller2' located by 'By.xpath: //*[contains(@id, 'rc-tabs-')]/div[2]/div/div/div/div/div/div[2]/table/tbody/tr[3]/td[5]/p' is present after '1' second(s)
	at com.kms.katalon.core.webui.keyword.internal.WebUIKeywordMain.stepFailed(WebUIKeywordMain.groovy:64)
	at com.kms.katalon.core.webui.keyword.internal.WebUIKeywordMain$stepFailed$0.call(Unknown Source)
	at com.kms.katalon.core.webui.keyword.builtin.VerifyElementNotPresentKeyword$_verifyElementNotPresent_closure1.doCall(VerifyElementNotPresentKeyword.groovy:106)
	at com.kms.katalon.core.webui.keyword.builtin.VerifyElementNotPresentKeyword$_verifyElementNotPresent_closure1.doCall(VerifyElementNotPresentKeyword.groovy)
	at com.kms.katalon.core.webui.keyword.internal.WebUIKeywordMain.runKeyword(WebUIKeywordMain.groovy:20)
	at com.kms.katalon.core.webui.keyword.internal.WebUIKeywordMain$runKeyword.call(Unknown Source)
	at com.kms.katalon.core.webui.keyword.builtin.VerifyElementNotPresentKeyword.verifyElementNotPresent(VerifyElementNotPresentKeyword.groovy:117)
	at com.kms.katalon.core.webui.keyword.builtin.VerifyElementNotPresentKeyword.execute(VerifyElementNotPresentKeyword.groovy:68)
	at com.kms.katalon.core.keyword.internal.KeywordExecutor.executeKeywordForPlatform(KeywordExecutor.groovy:74)
	at com.kms.katalon.core.webui.keyword.WebUiBuiltInKeywords.verifyElementNotPresent(WebUiBuiltInKeywords.groovy:1481)
	at com.kms.katalon.core.webui.keyword.WebUiBuiltInKeywords$verifyElementNotPresent$8.call(Unknown Source)
	at GetBrokSumPriceDaily.run(GetBrokSumPriceDaily:309)
	at com.kms.katalon.core.main.ScriptEngine.run(ScriptEngine.java:194)
	at com.kms.katalon.core.main.ScriptEngine.runScriptAsRawText(ScriptEngine.java:119)
	at com.kms.katalon.core.main.TestCaseExecutor.runScript(TestCaseExecutor.java:445)
	at com.kms.katalon.core.main.TestCaseExecutor.doExecute(TestCaseExecutor.java:436)
	at com.kms.katalon.core.main.TestCaseExecutor.processExecutionPhase(TestCaseExecutor.java:415)
	at com.kms.katalon.core.main.TestCaseExecutor.accessMainPhase(TestCaseExecutor.java:407)
	at com.kms.katalon.core.main.TestCaseExecutor.execute(TestCaseExecutor.java:284)
	at com.kms.katalon.core.common.CommonExecutor.accessTestCaseMainPhase(CommonExecutor.java:65)
	at com.kms.katalon.core.main.TestSuiteExecutor.accessTestSuiteMainPhase(TestSuiteExecutor.java:144)
	at com.kms.katalon.core.main.TestSuiteExecutor.execute(TestSuiteExecutor.java:106)
	at com.kms.katalon.core.main.TestCaseMain.startTestSuite(TestCaseMain.java:185)
	at com.kms.katalon.core.main.TestCaseMain$startTestSuite$0.call(Unknown Source)
	at TempTestSuite1705922193915.run(TempTestSuite1705922193915.groovy:36)
)

2024-01-22 18:29:56 - [MESSAGE][WARNING] - Web element with id: 'Object Repository/Stockbit/Bandarmology_Seller2' located by 'By.xpath: //*[contains(@id, 'rc-tabs-')]/div[2]/div/div/div/div/div/div[2]/table/tbody/tr[3]/td[5]/p' is present after '1' second(s) (Root cause: com.kms.katalon.core.exception.StepFailedException: Web element with id: 'Object Repository/Stockbit/Bandarmology_Seller2' located by 'By.xpath: //*[contains(@id, 'rc-tabs-')]/div[2]/div/div/div/div/div/div[2]/table/tbody/tr[3]/td[5]/p' is present after '1' second(s)
	at com.kms.katalon.core.webui.keyword.internal.WebUIKeywordMain.stepFailed(WebUIKeywordMain.groovy:64)
	at com.kms.katalon.core.webui.keyword.internal.WebUIKeywordMain$stepFailed$0.call(Unknown Source)
	at com.kms.katalon.core.webui.keyword.builtin.VerifyElementNotPresentKeyword$_verifyElementNotPresent_closure1.doCall(VerifyElementNotPresentKeyword.groovy:106)
	at com.kms.katalon.core.webui.keyword.builtin.VerifyElementNotPresentKeyword$_verifyElementNotPresent_closure1.doCall(VerifyElementNotPresentKeyword.groovy)
	at com.kms.katalon.core.webui.keyword.internal.WebUIKeywordMain.runKeyword(WebUIKeywordMain.groovy:20)
	at com.kms.katalon.core.webui.keyword.internal.WebUIKeywordMain$runKeyword.call(Unknown Source)
	at com.kms.katalon.core.webui.keyword.builtin.VerifyElementNotPresentKeyword.verifyElementNotPresent(VerifyElementNotPresentKeyword.groovy:117)
	at com.kms.katalon.core.webui.keyword.builtin.VerifyElementNotPresentKeyword.execute(VerifyElementNotPresentKeyword.groovy:68)
	at com.kms.katalon.core.keyword.internal.KeywordExecutor.executeKeywordForPlatform(KeywordExecutor.groovy:74)
	at com.kms.katalon.core.webui.keyword.WebUiBuiltInKeywords.verifyElementNotPresent(WebUiBuiltInKeywords.groovy:1481)
	at com.kms.katalon.core.webui.keyword.WebUiBuiltInKeywords$verifyElementNotPresent$8.call(Unknown Source)
	at GetBrokSumPriceDaily.run(GetBrokSumPriceDaily:309)
	at com.kms.katalon.core.main.ScriptEngine.run(ScriptEngine.java:194)
	at com.kms.katalon.core.main.ScriptEngine.runScriptAsRawText(ScriptEngine.java:119)
	at com.kms.katalon.core.main.TestCaseExecutor.runScript(TestCaseExecutor.java:445)
	at com.kms.katalon.core.main.TestCaseExecutor.doExecute(TestCaseExecutor.java:436)
	at com.kms.katalon.core.main.TestCaseExecutor.processExecutionPhase(TestCaseExecutor.java:415)
	at com.kms.katalon.core.main.TestCaseExecutor.accessMainPhase(TestCaseExecutor.java:407)
	at com.kms.katalon.core.main.TestCaseExecutor.execute(TestCaseExecutor.java:284)
	at com.kms.katalon.core.common.CommonExecutor.accessTestCaseMainPhase(CommonExecutor.java:65)
	at com.kms.katalon.core.main.TestSuiteExecutor.accessTestSuiteMainPhase(TestSuiteExecutor.java:144)
	at com.kms.katalon.core.main.TestSuiteExecutor.execute(TestSuiteExecutor.java:106)
	at com.kms.katalon.core.main.TestCaseMain.startTestSuite(TestCaseMain.java:185)
	at com.kms.katalon.core.main.TestCaseMain$startTestSuite$0.call(Unknown Source)
	at TempTestSuite1705922193915.run(TempTestSuite1705922193915.groovy:36)
)
[[ATTACHMENT|C:\\Users\\Fadli\\git\\KatalonDailyGetData2\\Reports\\20240122_174123\\TS1\\20240122_181633\\1705922996659.png]]

2024-01-22 18:29:56 - [TEST_STEP][PASSED] - else: null

2024-01-22 18:29:56 - [TEST_STEP][PASSED] - strSeller2 = getText(findTestObject("Stockbit/Bandarmology_Seller2")): Text of object 'Object Repository/Stockbit/Bandarmology_Seller2' is: 'IN'

2024-01-22 18:29:56 - [MESSAGE][PASSED] - Text of object 'Object Repository/Stockbit/Bandarmology_Seller2' is: 'IN'

2024-01-22 18:29:56 - [TEST_STEP][PASSED] - strSellerVol2 = getText(findTestObject("Stockbit/Bandarmology_SellerVol2")): Text of object 'Object Repository/Stockbit/Bandarmology_SellerVol2' is: '28.8 K'

2024-01-22 18:29:57 - [MESSAGE][PASSED] - Text of object 'Object Repository/Stockbit/Bandarmology_SellerVol2' is: '28.8 K'

2024-01-22 18:29:57 - [TEST_STEP][PASSED] - strSellerAvg2 = getText(findTestObject("Stockbit/Bandarmology_SellerAvg2")): Text of object 'Object Repository/Stockbit/Bandarmology_SellerAvg2' is: '186'

2024-01-22 18:29:57 - [MESSAGE][PASSED] - Text of object 'Object Repository/Stockbit/Bandarmology_SellerAvg2' is: '186'

2024-01-22 18:29:57 - [TEST_STEP][PASSED] - if (strSeller2 != ""): null

2024-01-22 18:29:57 - [TEST_STEP][PASSED] - if (strSellerAvg2.contains(",")): null

2024-01-22 18:29:57 - [TEST_STEP][PASSED] - if (strSellerVol2.contains(" B")): null

2024-01-22 18:29:57 - [TEST_STEP][PASSED] - else if (strSellerVol2.contains(" M")): null

2024-01-22 18:29:57 - [TEST_STEP][PASSED] - else if (strSellerVol2.contains(" K")): null

2024-01-22 18:29:57 - [TEST_STEP][PASSED] - strSellerVol2 = strSellerVol2.replace(" K", ""): null

2024-01-22 18:29:57 - [TEST_STEP][PASSED] - strSellerVol2 = strSellerVol2.toDouble() * 1000: null

2024-01-22 18:29:57 - [TEST_STEP][PASSED] - if (verifyElementNotPresent(findTestObject("Stockbit/Bandarmology_Buyer3"), 1, OPTIONAL)): Web element with id: 'Object Repository/Stockbit/Bandarmology_Buyer3' located by 'By.xpath: //*[contains(@id, 'rc-tabs-')]/div[2]/div/div/div/div/div/div[2]/table/tbody/tr[4]/td[1]/p' is present after '1' second(s) (Root cause: com.kms.katalon.core.exception.StepFailedException: Web element with id: 'Object Repository/Stockbit/Bandarmology_Buyer3' located by 'By.xpath: //*[contains(@id, 'rc-tabs-')]/div[2]/div/div/div/div/div/div[2]/table/tbody/tr[4]/td[1]/p' is present after '1' second(s)
	at com.kms.katalon.core.webui.keyword.internal.WebUIKeywordMain.stepFailed(WebUIKeywordMain.groovy:64)
	at com.kms.katalon.core.webui.keyword.internal.WebUIKeywordMain$stepFailed$0.call(Unknown Source)
	at com.kms.katalon.core.webui.keyword.builtin.VerifyElementNotPresentKeyword$_verifyElementNotPresent_closure1.doCall(VerifyElementNotPresentKeyword.groovy:106)
	at com.kms.katalon.core.webui.keyword.builtin.VerifyElementNotPresentKeyword$_verifyElementNotPresent_closure1.doCall(VerifyElementNotPresentKeyword.groovy)
	at com.kms.katalon.core.webui.keyword.internal.WebUIKeywordMain.runKeyword(WebUIKeywordMain.groovy:20)
	at com.kms.katalon.core.webui.keyword.internal.WebUIKeywordMain$runKeyword.call(Unknown Source)
	at com.kms.katalon.core.webui.keyword.builtin.VerifyElementNotPresentKeyword.verifyElementNotPresent(VerifyElementNotPresentKeyword.groovy:117)
	at com.kms.katalon.core.webui.keyword.builtin.VerifyElementNotPresentKeyword.execute(VerifyElementNotPresentKeyword.groovy:68)
	at com.kms.katalon.core.keyword.internal.KeywordExecutor.executeKeywordForPlatform(KeywordExecutor.groovy:74)
	at com.kms.katalon.core.webui.keyword.WebUiBuiltInKeywords.verifyElementNotPresent(WebUiBuiltInKeywords.groovy:1481)
	at com.kms.katalon.core.webui.keyword.WebUiBuiltInKeywords$verifyElementNotPresent$8.call(Unknown Source)
	at GetBrokSumPriceDaily.run(GetBrokSumPriceDaily:361)
	at com.kms.katalon.core.main.ScriptEngine.run(ScriptEngine.java:194)
	at com.kms.katalon.core.main.ScriptEngine.runScriptAsRawText(ScriptEngine.java:119)
	at com.kms.katalon.core.main.TestCaseExecutor.runScript(TestCaseExecutor.java:445)
	at com.kms.katalon.core.main.TestCaseExecutor.doExecute(TestCaseExecutor.java:436)
	at com.kms.katalon.core.main.TestCaseExecutor.processExecutionPhase(TestCaseExecutor.java:415)
	at com.kms.katalon.core.main.TestCaseExecutor.accessMainPhase(TestCaseExecutor.java:407)
	at com.kms.katalon.core.main.TestCaseExecutor.execute(TestCaseExecutor.java:284)
	at com.kms.katalon.core.common.CommonExecutor.accessTestCaseMainPhase(CommonExecutor.java:65)
	at com.kms.katalon.core.main.TestSuiteExecutor.accessTestSuiteMainPhase(TestSuiteExecutor.java:144)
	at com.kms.katalon.core.main.TestSuiteExecutor.execute(TestSuiteExecutor.java:106)
	at com.kms.katalon.core.main.TestCaseMain.startTestSuite(TestCaseMain.java:185)
	at com.kms.katalon.core.main.TestCaseMain$startTestSuite$0.call(Unknown Source)
	at TempTestSuite1705922193915.run(TempTestSuite1705922193915.groovy:36)
)

2024-01-22 18:29:58 - [MESSAGE][WARNING] - Web element with id: 'Object Repository/Stockbit/Bandarmology_Buyer3' located by 'By.xpath: //*[contains(@id, 'rc-tabs-')]/div[2]/div/div/div/div/div/div[2]/table/tbody/tr[4]/td[1]/p' is present after '1' second(s) (Root cause: com.kms.katalon.core.exception.StepFailedException: Web element with id: 'Object Repository/Stockbit/Bandarmology_Buyer3' located by 'By.xpath: //*[contains(@id, 'rc-tabs-')]/div[2]/div/div/div/div/div/div[2]/table/tbody/tr[4]/td[1]/p' is present after '1' second(s)
	at com.kms.katalon.core.webui.keyword.internal.WebUIKeywordMain.stepFailed(WebUIKeywordMain.groovy:64)
	at com.kms.katalon.core.webui.keyword.internal.WebUIKeywordMain$stepFailed$0.call(Unknown Source)
	at com.kms.katalon.core.webui.keyword.builtin.VerifyElementNotPresentKeyword$_verifyElementNotPresent_closure1.doCall(VerifyElementNotPresentKeyword.groovy:106)
	at com.kms.katalon.core.webui.keyword.builtin.VerifyElementNotPresentKeyword$_verifyElementNotPresent_closure1.doCall(VerifyElementNotPresentKeyword.groovy)
	at com.kms.katalon.core.webui.keyword.internal.WebUIKeywordMain.runKeyword(WebUIKeywordMain.groovy:20)
	at com.kms.katalon.core.webui.keyword.internal.WebUIKeywordMain$runKeyword.call(Unknown Source)
	at com.kms.katalon.core.webui.keyword.builtin.VerifyElementNotPresentKeyword.verifyElementNotPresent(VerifyElementNotPresentKeyword.groovy:117)
	at com.kms.katalon.core.webui.keyword.builtin.VerifyElementNotPresentKeyword.execute(VerifyElementNotPresentKeyword.groovy:68)
	at com.kms.katalon.core.keyword.internal.KeywordExecutor.executeKeywordForPlatform(KeywordExecutor.groovy:74)
	at com.kms.katalon.core.webui.keyword.WebUiBuiltInKeywords.verifyElementNotPresent(WebUiBuiltInKeywords.groovy:1481)
	at com.kms.katalon.core.webui.keyword.WebUiBuiltInKeywords$verifyElementNotPresent$8.call(Unknown Source)
	at GetBrokSumPriceDaily.run(GetBrokSumPriceDaily:361)
	at com.kms.katalon.core.main.ScriptEngine.run(ScriptEngine.java:194)
	at com.kms.katalon.core.main.ScriptEngine.runScriptAsRawText(ScriptEngine.java:119)
	at com.kms.katalon.core.main.TestCaseExecutor.runScript(TestCaseExecutor.java:445)
	at com.kms.katalon.core.main.TestCaseExecutor.doExecute(TestCaseExecutor.java:436)
	at com.kms.katalon.core.main.TestCaseExecutor.processExecutionPhase(TestCaseExecutor.java:415)
	at com.kms.katalon.core.main.TestCaseExecutor.accessMainPhase(TestCaseExecutor.java:407)
	at com.kms.katalon.core.main.TestCaseExecutor.execute(TestCaseExecutor.java:284)
	at com.kms.katalon.core.common.CommonExecutor.accessTestCaseMainPhase(CommonExecutor.java:65)
	at com.kms.katalon.core.main.TestSuiteExecutor.accessTestSuiteMainPhase(TestSuiteExecutor.java:144)
	at com.kms.katalon.core.main.TestSuiteExecutor.execute(TestSuiteExecutor.java:106)
	at com.kms.katalon.core.main.TestCaseMain.startTestSuite(TestCaseMain.java:185)
	at com.kms.katalon.core.main.TestCaseMain$startTestSuite$0.call(Unknown Source)
	at TempTestSuite1705922193915.run(TempTestSuite1705922193915.groovy:36)
)
[[ATTACHMENT|C:\\Users\\Fadli\\git\\KatalonDailyGetData2\\Reports\\20240122_174123\\TS1\\20240122_181633\\1705922998467.png]]

2024-01-22 18:29:58 - [TEST_STEP][PASSED] - else: null

2024-01-22 18:29:58 - [TEST_STEP][PASSED] - strBuyer3 = getText(findTestObject("Stockbit/Bandarmology_Buyer3")): Text of object 'Object Repository/Stockbit/Bandarmology_Buyer3' is: 'AK'

2024-01-22 18:29:58 - [MESSAGE][PASSED] - Text of object 'Object Repository/Stockbit/Bandarmology_Buyer3' is: 'AK'

2024-01-22 18:29:58 - [TEST_STEP][PASSED] - strBuyerVol3 = getText(findTestObject("Stockbit/Bandarmology_BuyerVol3")): Text of object 'Object Repository/Stockbit/Bandarmology_BuyerVol3' is: '6.3 K'

2024-01-22 18:29:58 - [MESSAGE][PASSED] - Text of object 'Object Repository/Stockbit/Bandarmology_BuyerVol3' is: '6.3 K'

2024-01-22 18:29:58 - [TEST_STEP][PASSED] - strBuyerAvg3 = getText(findTestObject("Stockbit/Bandarmology_BuyerAvg3")): Text of object 'Object Repository/Stockbit/Bandarmology_BuyerAvg3' is: '190'

2024-01-22 18:29:58 - [MESSAGE][PASSED] - Text of object 'Object Repository/Stockbit/Bandarmology_BuyerAvg3' is: '190'

2024-01-22 18:29:58 - [TEST_STEP][PASSED] - if (strBuyer3 != ""): null

2024-01-22 18:29:58 - [TEST_STEP][PASSED] - if (strBuyerAvg3.contains(",")): null

2024-01-22 18:29:58 - [TEST_STEP][PASSED] - if (strBuyerVol3.contains(" B")): null

2024-01-22 18:29:58 - [TEST_STEP][PASSED] - else if (strBuyerVol3.contains(" M")): null

2024-01-22 18:29:58 - [TEST_STEP][PASSED] - else if (strBuyerVol3.contains(" K")): null

2024-01-22 18:29:58 - [TEST_STEP][PASSED] - strBuyerVol3 = strBuyerVol3.replace(" K", ""): null

2024-01-22 18:29:58 - [TEST_STEP][PASSED] - strBuyerVol3 = strBuyerVol3.toDouble() * 1000: null

2024-01-22 18:29:58 - [TEST_STEP][PASSED] - if (verifyElementNotPresent(findTestObject("Stockbit/Bandarmology_Seller3"), 1, OPTIONAL)): Web element with id: 'Object Repository/Stockbit/Bandarmology_Seller3' located by 'By.xpath: //*[contains(@id, 'rc-tabs-')]/div[2]/div/div/div/div/div/div[2]/table/tbody/tr[4]/td[5]/p' is present after '1' second(s) (Root cause: com.kms.katalon.core.exception.StepFailedException: Web element with id: 'Object Repository/Stockbit/Bandarmology_Seller3' located by 'By.xpath: //*[contains(@id, 'rc-tabs-')]/div[2]/div/div/div/div/div/div[2]/table/tbody/tr[4]/td[5]/p' is present after '1' second(s)
	at com.kms.katalon.core.webui.keyword.internal.WebUIKeywordMain.stepFailed(WebUIKeywordMain.groovy:64)
	at com.kms.katalon.core.webui.keyword.internal.WebUIKeywordMain$stepFailed$0.call(Unknown Source)
	at com.kms.katalon.core.webui.keyword.builtin.VerifyElementNotPresentKeyword$_verifyElementNotPresent_closure1.doCall(VerifyElementNotPresentKeyword.groovy:106)
	at com.kms.katalon.core.webui.keyword.builtin.VerifyElementNotPresentKeyword$_verifyElementNotPresent_closure1.doCall(VerifyElementNotPresentKeyword.groovy)
	at com.kms.katalon.core.webui.keyword.internal.WebUIKeywordMain.runKeyword(WebUIKeywordMain.groovy:20)
	at com.kms.katalon.core.webui.keyword.internal.WebUIKeywordMain$runKeyword.call(Unknown Source)
	at com.kms.katalon.core.webui.keyword.builtin.VerifyElementNotPresentKeyword.verifyElementNotPresent(VerifyElementNotPresentKeyword.groovy:117)
	at com.kms.katalon.core.webui.keyword.builtin.VerifyElementNotPresentKeyword.execute(VerifyElementNotPresentKeyword.groovy:68)
	at com.kms.katalon.core.keyword.internal.KeywordExecutor.executeKeywordForPlatform(KeywordExecutor.groovy:74)
	at com.kms.katalon.core.webui.keyword.WebUiBuiltInKeywords.verifyElementNotPresent(WebUiBuiltInKeywords.groovy:1481)
	at com.kms.katalon.core.webui.keyword.WebUiBuiltInKeywords$verifyElementNotPresent$8.call(Unknown Source)
	at GetBrokSumPriceDaily.run(GetBrokSumPriceDaily:414)
	at com.kms.katalon.core.main.ScriptEngine.run(ScriptEngine.java:194)
	at com.kms.katalon.core.main.ScriptEngine.runScriptAsRawText(ScriptEngine.java:119)
	at com.kms.katalon.core.main.TestCaseExecutor.runScript(TestCaseExecutor.java:445)
	at com.kms.katalon.core.main.TestCaseExecutor.doExecute(TestCaseExecutor.java:436)
	at com.kms.katalon.core.main.TestCaseExecutor.processExecutionPhase(TestCaseExecutor.java:415)
	at com.kms.katalon.core.main.TestCaseExecutor.accessMainPhase(TestCaseExecutor.java:407)
	at com.kms.katalon.core.main.TestCaseExecutor.execute(TestCaseExecutor.java:284)
	at com.kms.katalon.core.common.CommonExecutor.accessTestCaseMainPhase(CommonExecutor.java:65)
	at com.kms.katalon.core.main.TestSuiteExecutor.accessTestSuiteMainPhase(TestSuiteExecutor.java:144)
	at com.kms.katalon.core.main.TestSuiteExecutor.execute(TestSuiteExecutor.java:106)
	at com.kms.katalon.core.main.TestCaseMain.startTestSuite(TestCaseMain.java:185)
	at com.kms.katalon.core.main.TestCaseMain$startTestSuite$0.call(Unknown Source)
	at TempTestSuite1705922193915.run(TempTestSuite1705922193915.groovy:36)
)

2024-01-22 18:30:00 - [MESSAGE][WARNING] - Web element with id: 'Object Repository/Stockbit/Bandarmology_Seller3' located by 'By.xpath: //*[contains(@id, 'rc-tabs-')]/div[2]/div/div/div/div/div/div[2]/table/tbody/tr[4]/td[5]/p' is present after '1' second(s) (Root cause: com.kms.katalon.core.exception.StepFailedException: Web element with id: 'Object Repository/Stockbit/Bandarmology_Seller3' located by 'By.xpath: //*[contains(@id, 'rc-tabs-')]/div[2]/div/div/div/div/div/div[2]/table/tbody/tr[4]/td[5]/p' is present after '1' second(s)
	at com.kms.katalon.core.webui.keyword.internal.WebUIKeywordMain.stepFailed(WebUIKeywordMain.groovy:64)
	at com.kms.katalon.core.webui.keyword.internal.WebUIKeywordMain$stepFailed$0.call(Unknown Source)
	at com.kms.katalon.core.webui.keyword.builtin.VerifyElementNotPresentKeyword$_verifyElementNotPresent_closure1.doCall(VerifyElementNotPresentKeyword.groovy:106)
	at com.kms.katalon.core.webui.keyword.builtin.VerifyElementNotPresentKeyword$_verifyElementNotPresent_closure1.doCall(VerifyElementNotPresentKeyword.groovy)
	at com.kms.katalon.core.webui.keyword.internal.WebUIKeywordMain.runKeyword(WebUIKeywordMain.groovy:20)
	at com.kms.katalon.core.webui.keyword.internal.WebUIKeywordMain$runKeyword.call(Unknown Source)
	at com.kms.katalon.core.webui.keyword.builtin.VerifyElementNotPresentKeyword.verifyElementNotPresent(VerifyElementNotPresentKeyword.groovy:117)
	at com.kms.katalon.core.webui.keyword.builtin.VerifyElementNotPresentKeyword.execute(VerifyElementNotPresentKeyword.groovy:68)
	at com.kms.katalon.core.keyword.internal.KeywordExecutor.executeKeywordForPlatform(KeywordExecutor.groovy:74)
	at com.kms.katalon.core.webui.keyword.WebUiBuiltInKeywords.verifyElementNotPresent(WebUiBuiltInKeywords.groovy:1481)
	at com.kms.katalon.core.webui.keyword.WebUiBuiltInKeywords$verifyElementNotPresent$8.call(Unknown Source)
	at GetBrokSumPriceDaily.run(GetBrokSumPriceDaily:414)
	at com.kms.katalon.core.main.ScriptEngine.run(ScriptEngine.java:194)
	at com.kms.katalon.core.main.ScriptEngine.runScriptAsRawText(ScriptEngine.java:119)
	at com.kms.katalon.core.main.TestCaseExecutor.runScript(TestCaseExecutor.java:445)
	at com.kms.katalon.core.main.TestCaseExecutor.doExecute(TestCaseExecutor.java:436)
	at com.kms.katalon.core.main.TestCaseExecutor.processExecutionPhase(TestCaseExecutor.java:415)
	at com.kms.katalon.core.main.TestCaseExecutor.accessMainPhase(TestCaseExecutor.java:407)
	at com.kms.katalon.core.main.TestCaseExecutor.execute(TestCaseExecutor.java:284)
	at com.kms.katalon.core.common.CommonExecutor.accessTestCaseMainPhase(CommonExecutor.java:65)
	at com.kms.katalon.core.main.TestSuiteExecutor.accessTestSuiteMainPhase(TestSuiteExecutor.java:144)
	at com.kms.katalon.core.main.TestSuiteExecutor.execute(TestSuiteExecutor.java:106)
	at com.kms.katalon.core.main.TestCaseMain.startTestSuite(TestCaseMain.java:185)
	at com.kms.katalon.core.main.TestCaseMain$startTestSuite$0.call(Unknown Source)
	at TempTestSuite1705922193915.run(TempTestSuite1705922193915.groovy:36)
)
[[ATTACHMENT|C:\\Users\\Fadli\\git\\KatalonDailyGetData2\\Reports\\20240122_174123\\TS1\\20240122_181633\\1705923000155.png]]

2024-01-22 18:30:00 - [TEST_STEP][PASSED] - else: null

2024-01-22 18:30:00 - [TEST_STEP][PASSED] - strSeller3 = getText(findTestObject("Stockbit/Bandarmology_Seller3")): Text of object 'Object Repository/Stockbit/Bandarmology_Seller3' is: 'XC'

2024-01-22 18:30:00 - [MESSAGE][PASSED] - Text of object 'Object Repository/Stockbit/Bandarmology_Seller3' is: 'XC'

2024-01-22 18:30:00 - [TEST_STEP][PASSED] - strSellerVol3 = getText(findTestObject("Stockbit/Bandarmology_SellerVol3")): Text of object 'Object Repository/Stockbit/Bandarmology_SellerVol3' is: '8.6 K'

2024-01-22 18:30:00 - [MESSAGE][PASSED] - Text of object 'Object Repository/Stockbit/Bandarmology_SellerVol3' is: '8.6 K'

2024-01-22 18:30:00 - [TEST_STEP][PASSED] - strSellerAvg3 = getText(findTestObject("Stockbit/Bandarmology_SellerAvg3")): Text of object 'Object Repository/Stockbit/Bandarmology_SellerAvg3' is: '183'

2024-01-22 18:30:00 - [MESSAGE][PASSED] - Text of object 'Object Repository/Stockbit/Bandarmology_SellerAvg3' is: '183'

2024-01-22 18:30:00 - [TEST_STEP][PASSED] - if (strSeller3 != ""): null

2024-01-22 18:30:00 - [TEST_STEP][PASSED] - if (strSellerAvg3.contains(",")): null

2024-01-22 18:30:00 - [TEST_STEP][PASSED] - if (strSellerVol3.contains(" B")): null

2024-01-22 18:30:00 - [TEST_STEP][PASSED] - else if (strSellerVol3.contains(" M")): null

2024-01-22 18:30:00 - [TEST_STEP][PASSED] - else if (strSellerVol3.contains(" K")): null

2024-01-22 18:30:00 - [TEST_STEP][PASSED] - strSellerVol3 = strSellerVol3.replace(" K", ""): null

2024-01-22 18:30:00 - [TEST_STEP][PASSED] - strSellerVol3 = strSellerVol3.toDouble() * 1000: null

2024-01-22 18:30:00 - [TEST_STEP][PASSED] - strAccDist = getText(findTestObject("Stockbit/Bandarmology_AccDist")): Text of object 'Object Repository/Stockbit/Bandarmology_AccDist' is: 'Acc'

2024-01-22 18:30:00 - [MESSAGE][PASSED] - Text of object 'Object Repository/Stockbit/Bandarmology_AccDist' is: 'Acc'

2024-01-22 18:30:00 - [TEST_STEP][PASSED] - strNetVol = getText(findTestObject("Stockbit/Bandarmology_NetVol")): Text of object 'Object Repository/Stockbit/Bandarmology_NetVol' is: '128,162'

2024-01-22 18:30:00 - [MESSAGE][PASSED] - Text of object 'Object Repository/Stockbit/Bandarmology_NetVol' is: '128,162'

2024-01-22 18:30:00 - [TEST_STEP][PASSED] - strNetVol = strNetVol.replace(",", ""): null

2024-01-22 18:30:00 - [TEST_STEP][PASSED] - strNetVal = getText(findTestObject("Stockbit/Bandarmology_NetVal")): Text of object 'Object Repository/Stockbit/Bandarmology_NetVal' is: '2.5 B'

2024-01-22 18:30:01 - [MESSAGE][PASSED] - Text of object 'Object Repository/Stockbit/Bandarmology_NetVal' is: '2.5 B'

2024-01-22 18:30:01 - [TEST_STEP][PASSED] - delay(3): Delayed 3 second(s)

2024-01-22 18:30:04 - [MESSAGE][PASSED] - Delayed 3 second(s)

2024-01-22 18:30:04 - [TEST_STEP][PASSED] - strOpenPrice = getText(findTestObject("Stockbit/Home_OpenPrice")): Text of object 'Object Repository/Stockbit/Home_OpenPrice' is: '189'

2024-01-22 18:30:04 - [MESSAGE][PASSED] - Text of object 'Object Repository/Stockbit/Home_OpenPrice' is: '189'

2024-01-22 18:30:04 - [TEST_STEP][PASSED] - strOpenPrice = strOpenPrice.replace(",", ""): null

2024-01-22 18:30:04 - [TEST_STEP][PASSED] - strLowPrice = getText(findTestObject("Stockbit/Home_LowPrice")): Text of object 'Object Repository/Stockbit/Home_LowPrice' is: '177'

2024-01-22 18:30:04 - [MESSAGE][PASSED] - Text of object 'Object Repository/Stockbit/Home_LowPrice' is: '177'

2024-01-22 18:30:04 - [TEST_STEP][PASSED] - strLowPrice = strLowPrice.replace(",", ""): null

2024-01-22 18:30:04 - [TEST_STEP][PASSED] - strHighPrice = getText(findTestObject("Stockbit/Home_HighPrice")): Text of object 'Object Repository/Stockbit/Home_HighPrice' is: '197'

2024-01-22 18:30:04 - [MESSAGE][PASSED] - Text of object 'Object Repository/Stockbit/Home_HighPrice' is: '197'

2024-01-22 18:30:04 - [TEST_STEP][PASSED] - strHighPrice = strHighPrice.replace(",", ""): null

2024-01-22 18:30:04 - [TEST_STEP][PASSED] - strClosePrice = getText(findTestObject("Stockbit/Home_ClosePrice")): Text of object 'Object Repository/Stockbit/Home_ClosePrice' is: '192'

2024-01-22 18:30:04 - [MESSAGE][PASSED] - Text of object 'Object Repository/Stockbit/Home_ClosePrice' is: '192'

2024-01-22 18:30:04 - [TEST_STEP][PASSED] - strClosePrice = strClosePrice.replace(",", ""): null

2024-01-22 18:30:04 - [TEST_STEP][PASSED] - strVol = getText(findTestObject("Stockbit/Home_Volume")): Text of object 'Object Repository/Stockbit/Home_Volume' is: '448 K'

2024-01-22 18:30:04 - [MESSAGE][PASSED] - Text of object 'Object Repository/Stockbit/Home_Volume' is: '448 K'

2024-01-22 18:30:04 - [TEST_STEP][PASSED] - if (strVol.contains(" K")): null

2024-01-22 18:30:04 - [TEST_STEP][PASSED] - strVol = strVol.replace(" K", "000"): null

2024-01-22 18:30:04 - [TEST_STEP][PASSED] - if (strVol.contains(",")): null

2024-01-22 18:30:04 - [TEST_STEP][PASSED] - strChange = getText(findTestObject("Stockbit/Home_Change")): Text of object 'Object Repository/Stockbit/Home_Change' is: '1.59%'

2024-01-22 18:30:04 - [MESSAGE][PASSED] - Text of object 'Object Repository/Stockbit/Home_Change' is: '1.59%'

2024-01-22 18:30:04 - [TEST_STEP][PASSED] - strChange = strChange.replace("%", ""): null

2024-01-22 18:30:04 - [TEST_STEP][PASSED] - strFreq = getText(findTestObject("Stockbit/Home_Freq")): Text of object 'Object Repository/Stockbit/Home_Freq' is: '1,608'

2024-01-22 18:30:04 - [MESSAGE][PASSED] - Text of object 'Object Repository/Stockbit/Home_Freq' is: '1,608'

2024-01-22 18:30:04 - [TEST_STEP][PASSED] - if (strFreq.contains(",")): null

2024-01-22 18:30:04 - [TEST_STEP][PASSED] - strFreq = strFreq.replace(",", ""): null

2024-01-22 18:30:04 - [TEST_STEP][PASSED] - if (strFreq == "NA" || strFreq == ""): null

2024-01-22 18:30:04 - [TEST_STEP][PASSED] - else: null

2024-01-22 18:30:04 - [TEST_STEP][PASSED] - dblFreqAnal = strVol.toDouble() / strFreq.toDouble() * strFreq.toDouble() * strFreq.toDouble() * 100000000: null

2024-01-22 18:30:04 - [TEST_STEP][PASSED] - strFreqAnal = String.format("%.4f", dblFreqAnal): null

2024-01-22 18:30:04 - [TEST_STEP][PASSED] - out.println("Double strFreqAnal: " + strFreqAnal): null

2024-01-22 18:30:04 - [TEST_STEP][PASSED] - strTanggal = d.format(DateTimeFormatter.ofPattern("yyyy-MM-dd")): null

2024-01-22 18:30:04 - [TEST_STEP][PASSED] - strTanggal = "#" + strTanggal + "#": null

2024-01-22 18:30:04 - [TEST_STEP][PASSED] - strSQL = "select count(*) as JumBaris from TblBrokSum where Nama = '" + strNama + "' and Tanggal = " + strTanggal + "": null

2024-01-22 18:30:04 - [TEST_STEP][PASSED] - resultSet = statement.executeQuery(strSQL): null

2024-01-22 18:30:05 - [TEST_STEP][PASSED] - resultSet.next(): null

2024-01-22 18:30:05 - [TEST_STEP][PASSED] - intJumBaris = resultSet.getInt("JumBaris"): null

2024-01-22 18:30:05 - [TEST_STEP][PASSED] - if (intJumBaris > 0): null

2024-01-22 18:30:05 - [TEST_STEP][PASSED] - else: null

2024-01-22 18:30:05 - [TEST_STEP][PASSED] - try: null

2024-01-22 18:30:05 - [TEST_STEP][PASSED] - out.println("Insert data"): null

2024-01-22 18:30:05 - [TEST_STEP][PASSED] - strSQL = "insert into TblBrokSum (nama, tanggal, top1, top2, top3, AllBrokAvg, AccDist, AvgRP, " + "Buyer1, BuyerVal1, BuyerAvg1, Seller1, SellerVal1, SellerAvg1, Buyer2, BuyerVal2, BuyerAvg2, " + "Seller2, SellerVal2, SellerAvg2, Buyer3, BuyerVal3, BuyerAvg3, Seller3, SellerVal3, SellerAvg3, NetVol, NetVal, " + "OpenPrice, LowPrice, HighPrice, ClosePrice, Volume, Change, Frekuensi, FrekAnal) " + "values ('" + strNama + "', " + strTanggal + ", '" + strTop1 + "', '" + strTop3 + "', '" + strTop5 + "', " + "'" + strAllBrokAvg + "', '" + strAccDist + "', " + intAvgRP + ", '" + strBuyer1 + "', '" + strBuyerVol1 + "', " + strBuyerAvg1 + ", " + "'" + strSeller1 + "', '" + strSellerVol1 + "', " + strSellerAvg1 + ", '" + strBuyer2 + "', '" + strBuyerVol2 + "', " + strBuyerAvg2 + ", " + "'" + strSeller2 + "', '" + strSellerVol2 + "', " + strSellerAvg2 + ", '" + strBuyer3 + "', '" + strBuyerVol3 + "', " + strBuyerAvg3 + ", " + "'" + strSeller3 + "', '" + strSellerVol3 + "', " + strSellerAvg3 + ", " + strNetVol + ", '" + strNetVal + "', " + "" + strOpenPrice + ", " + strLowPrice + ", " + strHighPrice + ", " + strClosePrice + ", '" + strVol + "', " + strChange + ", " + strFreq + ", " + strFreqAnal + ");": null

2024-01-22 18:30:05 - [TEST_STEP][PASSED] - out.println("strSQL = " + strSQL): null

2024-01-22 18:30:05 - [TEST_STEP][PASSED] - statement.executeUpdate(strSQL): null

2024-01-22 18:30:05 - [TEST_STEP][PASSED] - setValueToCellByIndex(sheet01, rowIndex, 4, "DONE"): null

2024-01-22 18:30:05 - [TEST_STEP][PASSED] - saveWorkbook(excelFilePath, workbook01): null

2024-01-22 18:30:05 - [TEST_STEP][PASSED] - waitForElementClickable(findTestObject("Stockbit/menu_Bandarmology"), 10): Object 'Object Repository/Stockbit/menu_Bandarmology' is clickable

2024-01-22 18:30:05 - [MESSAGE][PASSED] - Object 'Object Repository/Stockbit/menu_Bandarmology' is clickable

2024-01-22 18:30:05 - [TEST_STEP][PASSED] - click(findTestObject("Stockbit/menu_Bandarmology")): Object: 'Object Repository/Stockbit/menu_Bandarmology' is clicked on

2024-01-22 18:30:05 - [MESSAGE][PASSED] - Object: 'Object Repository/Stockbit/menu_Bandarmology' is clicked on

2024-01-22 18:30:05 - [TEST_STEP][PASSED] - strTemp = "NA": null

2024-01-22 18:30:05 - [TEST_STEP][PASSED] - if (getCellValueByIndex(sheet01, rowIndex, 4) != "DONE"): Object: 'Object Repository/Stockbit/menu_Bandarmology' is clicked on

2024-01-22 18:30:05 - [TEST_STEP][PASSED] - strNama = getCellValueByIndex(sheet01, rowIndex, 0): null

2024-01-22 18:30:05 - [TEST_STEP][PASSED] - navigateToUrl("https://stockbit.com/#/symbol/" + strNama): Navigate to 'https://stockbit.com/#/symbol/ASHA' successfully

2024-01-22 18:30:07 - [MESSAGE][PASSED] - Navigate to 'https://stockbit.com/#/symbol/ASHA' successfully

2024-01-22 18:30:07 - [TEST_STEP][PASSED] - waitForElementClickable(findTestObject("Stockbit/menu_Bandarmology"), 10): Object 'Object Repository/Stockbit/menu_Bandarmology' is clickable

2024-01-22 18:30:07 - [MESSAGE][PASSED] - Object 'Object Repository/Stockbit/menu_Bandarmology' is clickable

2024-01-22 18:30:07 - [TEST_STEP][PASSED] - click(findTestObject("Stockbit/menu_Bandarmology")): Object: 'Object Repository/Stockbit/menu_Bandarmology' is clicked on

2024-01-22 18:30:07 - [MESSAGE][PASSED] - Object: 'Object Repository/Stockbit/menu_Bandarmology' is clicked on

2024-01-22 18:30:07 - [TEST_STEP][PASSED] - strTanggal = d.format(DateTimeFormatter.ofPattern("MMM dd, yyyy")): null

2024-01-22 18:30:07 - [TEST_STEP][PASSED] - strTanggal = d.format(ISO_DATE): null

2024-01-22 18:30:07 - [TEST_STEP][PASSED] - out.println("strTanggal = " + strTanggal): null

2024-01-22 18:30:07 - [TEST_STEP][PASSED] - out.println("strNama = " + strNama): null

2024-01-22 18:30:07 - [TEST_STEP][PASSED] - out.println("Baris ke = " + rowIndex): null

2024-01-22 18:30:07 - [TEST_STEP][PASSED] - click(findTestObject("Stockbit/input__BandarmologyOpenStartDate")): Object: 'Object Repository/Stockbit/input__BandarmologyOpenStartDate' is clicked on

2024-01-22 18:30:09 - [MESSAGE][PASSED] - Object: 'Object Repository/Stockbit/input__BandarmologyOpenStartDate' is clicked on

2024-01-22 18:30:09 - [TEST_STEP][PASSED] - sendKeys(findTestObject("Stockbit/input__BandarmologyOpenStartDate"), Keys.chord(CONTROL, "a")): Keys 'CONTROL + a' sent to object: 'Object Repository/Stockbit/input__BandarmologyOpenStartDate'

2024-01-22 18:30:09 - [MESSAGE][PASSED] - Keys 'CONTROL + a' sent to object: 'Object Repository/Stockbit/input__BandarmologyOpenStartDate'

2024-01-22 18:30:09 - [TEST_STEP][PASSED] - sendKeys(findTestObject("Stockbit/input__BandarmologyOpenStartDate"), Keys.chord(BACK_SPACE)): Keys 'BACK_SPACE + ' sent to object: 'Object Repository/Stockbit/input__BandarmologyOpenStartDate'

2024-01-22 18:30:10 - [MESSAGE][PASSED] - Keys 'BACK_SPACE + ' sent to object: 'Object Repository/Stockbit/input__BandarmologyOpenStartDate'

2024-01-22 18:30:10 - [TEST_STEP][PASSED] - setText(findTestObject("Stockbit/input__BandarmologyOpenStartDate"), strTanggal): Text '2024-01-22' is set on object 'Object Repository/Stockbit/input__BandarmologyOpenStartDate'

2024-01-22 18:30:10 - [MESSAGE][PASSED] - Text '2024-01-22' is set on object 'Object Repository/Stockbit/input__BandarmologyOpenStartDate'

2024-01-22 18:30:10 - [TEST_STEP][PASSED] - sendKeys(findTestObject("Stockbit/input__BandarmologyOpenStartDate"), Keys.chord(ENTER)): Keys 'ENTER + ' sent to object: 'Object Repository/Stockbit/input__BandarmologyOpenStartDate'

2024-01-22 18:30:11 - [MESSAGE][PASSED] - Keys 'ENTER + ' sent to object: 'Object Repository/Stockbit/input__BandarmologyOpenStartDate'

2024-01-22 18:30:11 - [TEST_STEP][PASSED] - click(findTestObject("Stockbit/input__BandarmologyOpenEndDate")): Object: 'Object Repository/Stockbit/input__BandarmologyOpenEndDate' is clicked on

2024-01-22 18:30:11 - [MESSAGE][PASSED] - Object: 'Object Repository/Stockbit/input__BandarmologyOpenEndDate' is clicked on

2024-01-22 18:30:11 - [TEST_STEP][PASSED] - sendKeys(findTestObject("Stockbit/input__BandarmologyOpenEndDate"), Keys.chord(CONTROL, "a")): Keys 'CONTROL + a' sent to object: 'Object Repository/Stockbit/input__BandarmologyOpenEndDate'

2024-01-22 18:30:12 - [MESSAGE][PASSED] - Keys 'CONTROL + a' sent to object: 'Object Repository/Stockbit/input__BandarmologyOpenEndDate'

2024-01-22 18:30:12 - [TEST_STEP][PASSED] - sendKeys(findTestObject("Stockbit/input__BandarmologyOpenEndDate"), Keys.chord(BACK_SPACE)): Keys 'BACK_SPACE + ' sent to object: 'Object Repository/Stockbit/input__BandarmologyOpenEndDate'

2024-01-22 18:30:12 - [MESSAGE][PASSED] - Keys 'BACK_SPACE + ' sent to object: 'Object Repository/Stockbit/input__BandarmologyOpenEndDate'

2024-01-22 18:30:12 - [TEST_STEP][PASSED] - setText(findTestObject("Stockbit/input__BandarmologyOpenEndDate"), strTanggal): Text '2024-01-22' is set on object 'Object Repository/Stockbit/input__BandarmologyOpenEndDate'

2024-01-22 18:30:13 - [MESSAGE][PASSED] - Text '2024-01-22' is set on object 'Object Repository/Stockbit/input__BandarmologyOpenEndDate'

2024-01-22 18:30:13 - [TEST_STEP][PASSED] - sendKeys(findTestObject("Stockbit/input__BandarmologyOpenEndDate"), Keys.chord(ENTER)): Keys 'ENTER + ' sent to object: 'Object Repository/Stockbit/input__BandarmologyOpenEndDate'

2024-01-22 18:30:13 - [MESSAGE][PASSED] - Keys 'ENTER + ' sent to object: 'Object Repository/Stockbit/input__BandarmologyOpenEndDate'

2024-01-22 18:30:13 - [TEST_STEP][PASSED] - delay(2): Delayed 2 second(s)

2024-01-22 18:30:15 - [MESSAGE][PASSED] - Delayed 2 second(s)

2024-01-22 18:30:15 - [TEST_STEP][PASSED] - strTemp = getText(findTestObject("Stockbit/Bandarmology_AvgRP")): Text of object 'Object Repository/Stockbit/Bandarmology_AvgRP' is: '50'

2024-01-22 18:30:15 - [MESSAGE][PASSED] - Text of object 'Object Repository/Stockbit/Bandarmology_AvgRP' is: '50'

2024-01-22 18:30:15 - [TEST_STEP][PASSED] - out.println("Bandarmology_AvgRP = " + strTemp): null

2024-01-22 18:30:15 - [TEST_STEP][PASSED] - if (strTemp != "0"): null

2024-01-22 18:30:15 - [TEST_STEP][PASSED] - strTop1 = getText(findTestObject("Stockbit/Bandarmology_Top1")): Text of object 'Object Repository/Stockbit/Bandarmology_Top1' is: 'Big Dist'

2024-01-22 18:30:15 - [MESSAGE][PASSED] - Text of object 'Object Repository/Stockbit/Bandarmology_Top1' is: 'Big Dist'

2024-01-22 18:30:15 - [TEST_STEP][PASSED] - strTop3 = getText(findTestObject("Stockbit/Bandarmology_Top3")): Text of object 'Object Repository/Stockbit/Bandarmology_Top3' is: 'Small Dist'

2024-01-22 18:30:16 - [MESSAGE][PASSED] - Text of object 'Object Repository/Stockbit/Bandarmology_Top3' is: 'Small Dist'

2024-01-22 18:30:16 - [TEST_STEP][PASSED] - strTop5 = getText(findTestObject("Stockbit/Bandarmology_Top5")): Text of object 'Object Repository/Stockbit/Bandarmology_Top5' is: 'Neutral'

2024-01-22 18:30:16 - [MESSAGE][PASSED] - Text of object 'Object Repository/Stockbit/Bandarmology_Top5' is: 'Neutral'

2024-01-22 18:30:16 - [TEST_STEP][PASSED] - strAllBrokAvg = getText(findTestObject("Stockbit/Bandarmology_TopAVG")): Text of object 'Object Repository/Stockbit/Bandarmology_TopAVG' is: 'Small Dist'

2024-01-22 18:30:16 - [MESSAGE][PASSED] - Text of object 'Object Repository/Stockbit/Bandarmology_TopAVG' is: 'Small Dist'

2024-01-22 18:30:16 - [TEST_STEP][PASSED] - strTemp = getText(findTestObject("Stockbit/Bandarmology_AvgRP")): Text of object 'Object Repository/Stockbit/Bandarmology_AvgRP' is: '50'

2024-01-22 18:30:16 - [MESSAGE][PASSED] - Text of object 'Object Repository/Stockbit/Bandarmology_AvgRP' is: '50'

2024-01-22 18:30:16 - [TEST_STEP][PASSED] - if (strTemp.contains(",")): null

2024-01-22 18:30:16 - [TEST_STEP][PASSED] - intAvgRP = strTemp.toInteger(): null

2024-01-22 18:30:16 - [TEST_STEP][PASSED] - strBuyer1 = getText(findTestObject("Stockbit/Bandarmology_Buyer1")): Text of object 'Object Repository/Stockbit/Bandarmology_Buyer1' is: 'PD'

2024-01-22 18:30:16 - [MESSAGE][PASSED] - Text of object 'Object Repository/Stockbit/Bandarmology_Buyer1' is: 'PD'

2024-01-22 18:30:16 - [TEST_STEP][PASSED] - strBuyerVol1 = getText(findTestObject("Stockbit/Bandarmology_BuyerVol1")): Text of object 'Object Repository/Stockbit/Bandarmology_BuyerVol1' is: '54'

2024-01-22 18:30:16 - [MESSAGE][PASSED] - Text of object 'Object Repository/Stockbit/Bandarmology_BuyerVol1' is: '54'

2024-01-22 18:30:16 - [TEST_STEP][PASSED] - strBuyerAvg1 = getText(findTestObject("Stockbit/Bandarmology_BuyerAvg1")): Text of object 'Object Repository/Stockbit/Bandarmology_BuyerAvg1' is: '50'

2024-01-22 18:30:16 - [MESSAGE][PASSED] - Text of object 'Object Repository/Stockbit/Bandarmology_BuyerAvg1' is: '50'

2024-01-22 18:30:16 - [TEST_STEP][PASSED] - if (strBuyerAvg1.contains(",")): null

2024-01-22 18:30:16 - [TEST_STEP][PASSED] - if (strBuyerVol1.contains(" B")): null

2024-01-22 18:30:16 - [TEST_STEP][PASSED] - strSeller1 = getText(findTestObject("Stockbit/Bandarmology_Seller1")): Text of object 'Object Repository/Stockbit/Bandarmology_Seller1' is: 'SF'

2024-01-22 18:30:16 - [MESSAGE][PASSED] - Text of object 'Object Repository/Stockbit/Bandarmology_Seller1' is: 'SF'

2024-01-22 18:30:16 - [TEST_STEP][PASSED] - strSellerVol1 = getText(findTestObject("Stockbit/Bandarmology_SellerVol1")): Text of object 'Object Repository/Stockbit/Bandarmology_SellerVol1' is: '151'

2024-01-22 18:30:16 - [MESSAGE][PASSED] - Text of object 'Object Repository/Stockbit/Bandarmology_SellerVol1' is: '151'

2024-01-22 18:30:16 - [TEST_STEP][PASSED] - strSellerAvg1 = getText(findTestObject("Stockbit/Bandarmology_SellerAvg1")): Text of object 'Object Repository/Stockbit/Bandarmology_SellerAvg1' is: '50'

2024-01-22 18:30:17 - [MESSAGE][PASSED] - Text of object 'Object Repository/Stockbit/Bandarmology_SellerAvg1' is: '50'

2024-01-22 18:30:17 - [TEST_STEP][PASSED] - if (strSellerAvg1.contains(",")): null

2024-01-22 18:30:17 - [TEST_STEP][PASSED] - if (strSellerVol1.contains(" B")): null

2024-01-22 18:30:17 - [TEST_STEP][PASSED] - if (verifyElementNotPresent(findTestObject("Stockbit/Bandarmology_Buyer2"), 1, OPTIONAL)): Web element with id: 'Object Repository/Stockbit/Bandarmology_Buyer2' located by 'By.xpath: //*[contains(@id, 'rc-tabs-')]/div[2]/div/div/div/div/div/div[2]/table/tbody/tr[3]/td[1]/p' is present after '1' second(s) (Root cause: com.kms.katalon.core.exception.StepFailedException: Web element with id: 'Object Repository/Stockbit/Bandarmology_Buyer2' located by 'By.xpath: //*[contains(@id, 'rc-tabs-')]/div[2]/div/div/div/div/div/div[2]/table/tbody/tr[3]/td[1]/p' is present after '1' second(s)
	at com.kms.katalon.core.webui.keyword.internal.WebUIKeywordMain.stepFailed(WebUIKeywordMain.groovy:64)
	at com.kms.katalon.core.webui.keyword.internal.WebUIKeywordMain$stepFailed$0.call(Unknown Source)
	at com.kms.katalon.core.webui.keyword.builtin.VerifyElementNotPresentKeyword$_verifyElementNotPresent_closure1.doCall(VerifyElementNotPresentKeyword.groovy:106)
	at com.kms.katalon.core.webui.keyword.builtin.VerifyElementNotPresentKeyword$_verifyElementNotPresent_closure1.doCall(VerifyElementNotPresentKeyword.groovy)
	at com.kms.katalon.core.webui.keyword.internal.WebUIKeywordMain.runKeyword(WebUIKeywordMain.groovy:20)
	at com.kms.katalon.core.webui.keyword.internal.WebUIKeywordMain$runKeyword.call(Unknown Source)
	at com.kms.katalon.core.webui.keyword.builtin.VerifyElementNotPresentKeyword.verifyElementNotPresent(VerifyElementNotPresentKeyword.groovy:117)
	at com.kms.katalon.core.webui.keyword.builtin.VerifyElementNotPresentKeyword.execute(VerifyElementNotPresentKeyword.groovy:68)
	at com.kms.katalon.core.keyword.internal.KeywordExecutor.executeKeywordForPlatform(KeywordExecutor.groovy:74)
	at com.kms.katalon.core.webui.keyword.WebUiBuiltInKeywords.verifyElementNotPresent(WebUiBuiltInKeywords.groovy:1481)
	at com.kms.katalon.core.webui.keyword.WebUiBuiltInKeywords$verifyElementNotPresent$8.call(Unknown Source)
	at GetBrokSumPriceDaily.run(GetBrokSumPriceDaily:258)
	at com.kms.katalon.core.main.ScriptEngine.run(ScriptEngine.java:194)
	at com.kms.katalon.core.main.ScriptEngine.runScriptAsRawText(ScriptEngine.java:119)
	at com.kms.katalon.core.main.TestCaseExecutor.runScript(TestCaseExecutor.java:445)
	at com.kms.katalon.core.main.TestCaseExecutor.doExecute(TestCaseExecutor.java:436)
	at com.kms.katalon.core.main.TestCaseExecutor.processExecutionPhase(TestCaseExecutor.java:415)
	at com.kms.katalon.core.main.TestCaseExecutor.accessMainPhase(TestCaseExecutor.java:407)
	at com.kms.katalon.core.main.TestCaseExecutor.execute(TestCaseExecutor.java:284)
	at com.kms.katalon.core.common.CommonExecutor.accessTestCaseMainPhase(CommonExecutor.java:65)
	at com.kms.katalon.core.main.TestSuiteExecutor.accessTestSuiteMainPhase(TestSuiteExecutor.java:144)
	at com.kms.katalon.core.main.TestSuiteExecutor.execute(TestSuiteExecutor.java:106)
	at com.kms.katalon.core.main.TestCaseMain.startTestSuite(TestCaseMain.java:185)
	at com.kms.katalon.core.main.TestCaseMain$startTestSuite$0.call(Unknown Source)
	at TempTestSuite1705922193915.run(TempTestSuite1705922193915.groovy:36)
)

2024-01-22 18:30:18 - [MESSAGE][WARNING] - Web element with id: 'Object Repository/Stockbit/Bandarmology_Buyer2' located by 'By.xpath: //*[contains(@id, 'rc-tabs-')]/div[2]/div/div/div/div/div/div[2]/table/tbody/tr[3]/td[1]/p' is present after '1' second(s) (Root cause: com.kms.katalon.core.exception.StepFailedException: Web element with id: 'Object Repository/Stockbit/Bandarmology_Buyer2' located by 'By.xpath: //*[contains(@id, 'rc-tabs-')]/div[2]/div/div/div/div/div/div[2]/table/tbody/tr[3]/td[1]/p' is present after '1' second(s)
	at com.kms.katalon.core.webui.keyword.internal.WebUIKeywordMain.stepFailed(WebUIKeywordMain.groovy:64)
	at com.kms.katalon.core.webui.keyword.internal.WebUIKeywordMain$stepFailed$0.call(Unknown Source)
	at com.kms.katalon.core.webui.keyword.builtin.VerifyElementNotPresentKeyword$_verifyElementNotPresent_closure1.doCall(VerifyElementNotPresentKeyword.groovy:106)
	at com.kms.katalon.core.webui.keyword.builtin.VerifyElementNotPresentKeyword$_verifyElementNotPresent_closure1.doCall(VerifyElementNotPresentKeyword.groovy)
	at com.kms.katalon.core.webui.keyword.internal.WebUIKeywordMain.runKeyword(WebUIKeywordMain.groovy:20)
	at com.kms.katalon.core.webui.keyword.internal.WebUIKeywordMain$runKeyword.call(Unknown Source)
	at com.kms.katalon.core.webui.keyword.builtin.VerifyElementNotPresentKeyword.verifyElementNotPresent(VerifyElementNotPresentKeyword.groovy:117)
	at com.kms.katalon.core.webui.keyword.builtin.VerifyElementNotPresentKeyword.execute(VerifyElementNotPresentKeyword.groovy:68)
	at com.kms.katalon.core.keyword.internal.KeywordExecutor.executeKeywordForPlatform(KeywordExecutor.groovy:74)
	at com.kms.katalon.core.webui.keyword.WebUiBuiltInKeywords.verifyElementNotPresent(WebUiBuiltInKeywords.groovy:1481)
	at com.kms.katalon.core.webui.keyword.WebUiBuiltInKeywords$verifyElementNotPresent$8.call(Unknown Source)
	at GetBrokSumPriceDaily.run(GetBrokSumPriceDaily:258)
	at com.kms.katalon.core.main.ScriptEngine.run(ScriptEngine.java:194)
	at com.kms.katalon.core.main.ScriptEngine.runScriptAsRawText(ScriptEngine.java:119)
	at com.kms.katalon.core.main.TestCaseExecutor.runScript(TestCaseExecutor.java:445)
	at com.kms.katalon.core.main.TestCaseExecutor.doExecute(TestCaseExecutor.java:436)
	at com.kms.katalon.core.main.TestCaseExecutor.processExecutionPhase(TestCaseExecutor.java:415)
	at com.kms.katalon.core.main.TestCaseExecutor.accessMainPhase(TestCaseExecutor.java:407)
	at com.kms.katalon.core.main.TestCaseExecutor.execute(TestCaseExecutor.java:284)
	at com.kms.katalon.core.common.CommonExecutor.accessTestCaseMainPhase(CommonExecutor.java:65)
	at com.kms.katalon.core.main.TestSuiteExecutor.accessTestSuiteMainPhase(TestSuiteExecutor.java:144)
	at com.kms.katalon.core.main.TestSuiteExecutor.execute(TestSuiteExecutor.java:106)
	at com.kms.katalon.core.main.TestCaseMain.startTestSuite(TestCaseMain.java:185)
	at com.kms.katalon.core.main.TestCaseMain$startTestSuite$0.call(Unknown Source)
	at TempTestSuite1705922193915.run(TempTestSuite1705922193915.groovy:36)
)
[[ATTACHMENT|C:\\Users\\Fadli\\git\\KatalonDailyGetData2\\Reports\\20240122_174123\\TS1\\20240122_181633\\1705923018215.png]]

2024-01-22 18:30:18 - [TEST_STEP][PASSED] - else: null

2024-01-22 18:30:18 - [TEST_STEP][PASSED] - strBuyer2 = getText(findTestObject("Stockbit/Bandarmology_Buyer2")): Text of object 'Object Repository/Stockbit/Bandarmology_Buyer2' is: 'XC'

2024-01-22 18:30:18 - [MESSAGE][PASSED] - Text of object 'Object Repository/Stockbit/Bandarmology_Buyer2' is: 'XC'

2024-01-22 18:30:18 - [TEST_STEP][PASSED] - strBuyerVol2 = getText(findTestObject("Stockbit/Bandarmology_BuyerVol2")): Text of object 'Object Repository/Stockbit/Bandarmology_BuyerVol2' is: '52'

2024-01-22 18:30:18 - [MESSAGE][PASSED] - Text of object 'Object Repository/Stockbit/Bandarmology_BuyerVol2' is: '52'

2024-01-22 18:30:18 - [TEST_STEP][PASSED] - strBuyerAvg2 = getText(findTestObject("Stockbit/Bandarmology_BuyerAvg2")): Text of object 'Object Repository/Stockbit/Bandarmology_BuyerAvg2' is: '50'

2024-01-22 18:30:18 - [MESSAGE][PASSED] - Text of object 'Object Repository/Stockbit/Bandarmology_BuyerAvg2' is: '50'

2024-01-22 18:30:18 - [TEST_STEP][PASSED] - if (strBuyer2 != ""): null

2024-01-22 18:30:18 - [TEST_STEP][PASSED] - if (strBuyerAvg2.contains(",")): null

2024-01-22 18:30:18 - [TEST_STEP][PASSED] - if (strBuyerVol2.contains(" B")): null

2024-01-22 18:30:18 - [TEST_STEP][PASSED] - if (strBuyerVol2.contains(".")): null

2024-01-22 18:30:18 - [TEST_STEP][PASSED] - if (verifyElementNotPresent(findTestObject("Stockbit/Bandarmology_Seller2"), 1, OPTIONAL)): Web element with id: 'Object Repository/Stockbit/Bandarmology_Seller2' located by 'By.xpath: //*[contains(@id, 'rc-tabs-')]/div[2]/div/div/div/div/div/div[2]/table/tbody/tr[3]/td[5]/p' is present after '1' second(s) (Root cause: com.kms.katalon.core.exception.StepFailedException: Web element with id: 'Object Repository/Stockbit/Bandarmology_Seller2' located by 'By.xpath: //*[contains(@id, 'rc-tabs-')]/div[2]/div/div/div/div/div/div[2]/table/tbody/tr[3]/td[5]/p' is present after '1' second(s)
	at com.kms.katalon.core.webui.keyword.internal.WebUIKeywordMain.stepFailed(WebUIKeywordMain.groovy:64)
	at com.kms.katalon.core.webui.keyword.internal.WebUIKeywordMain$stepFailed$0.call(Unknown Source)
	at com.kms.katalon.core.webui.keyword.builtin.VerifyElementNotPresentKeyword$_verifyElementNotPresent_closure1.doCall(VerifyElementNotPresentKeyword.groovy:106)
	at com.kms.katalon.core.webui.keyword.builtin.VerifyElementNotPresentKeyword$_verifyElementNotPresent_closure1.doCall(VerifyElementNotPresentKeyword.groovy)
	at com.kms.katalon.core.webui.keyword.internal.WebUIKeywordMain.runKeyword(WebUIKeywordMain.groovy:20)
	at com.kms.katalon.core.webui.keyword.internal.WebUIKeywordMain$runKeyword.call(Unknown Source)
	at com.kms.katalon.core.webui.keyword.builtin.VerifyElementNotPresentKeyword.verifyElementNotPresent(VerifyElementNotPresentKeyword.groovy:117)
	at com.kms.katalon.core.webui.keyword.builtin.VerifyElementNotPresentKeyword.execute(VerifyElementNotPresentKeyword.groovy:68)
	at com.kms.katalon.core.keyword.internal.KeywordExecutor.executeKeywordForPlatform(KeywordExecutor.groovy:74)
	at com.kms.katalon.core.webui.keyword.WebUiBuiltInKeywords.verifyElementNotPresent(WebUiBuiltInKeywords.groovy:1481)
	at com.kms.katalon.core.webui.keyword.WebUiBuiltInKeywords$verifyElementNotPresent$8.call(Unknown Source)
	at GetBrokSumPriceDaily.run(GetBrokSumPriceDaily:309)
	at com.kms.katalon.core.main.ScriptEngine.run(ScriptEngine.java:194)
	at com.kms.katalon.core.main.ScriptEngine.runScriptAsRawText(ScriptEngine.java:119)
	at com.kms.katalon.core.main.TestCaseExecutor.runScript(TestCaseExecutor.java:445)
	at com.kms.katalon.core.main.TestCaseExecutor.doExecute(TestCaseExecutor.java:436)
	at com.kms.katalon.core.main.TestCaseExecutor.processExecutionPhase(TestCaseExecutor.java:415)
	at com.kms.katalon.core.main.TestCaseExecutor.accessMainPhase(TestCaseExecutor.java:407)
	at com.kms.katalon.core.main.TestCaseExecutor.execute(TestCaseExecutor.java:284)
	at com.kms.katalon.core.common.CommonExecutor.accessTestCaseMainPhase(CommonExecutor.java:65)
	at com.kms.katalon.core.main.TestSuiteExecutor.accessTestSuiteMainPhase(TestSuiteExecutor.java:144)
	at com.kms.katalon.core.main.TestSuiteExecutor.execute(TestSuiteExecutor.java:106)
	at com.kms.katalon.core.main.TestCaseMain.startTestSuite(TestCaseMain.java:185)
	at com.kms.katalon.core.main.TestCaseMain$startTestSuite$0.call(Unknown Source)
	at TempTestSuite1705922193915.run(TempTestSuite1705922193915.groovy:36)
)

2024-01-22 18:30:20 - [MESSAGE][WARNING] - Web element with id: 'Object Repository/Stockbit/Bandarmology_Seller2' located by 'By.xpath: //*[contains(@id, 'rc-tabs-')]/div[2]/div/div/div/div/div/div[2]/table/tbody/tr[3]/td[5]/p' is present after '1' second(s) (Root cause: com.kms.katalon.core.exception.StepFailedException: Web element with id: 'Object Repository/Stockbit/Bandarmology_Seller2' located by 'By.xpath: //*[contains(@id, 'rc-tabs-')]/div[2]/div/div/div/div/div/div[2]/table/tbody/tr[3]/td[5]/p' is present after '1' second(s)
	at com.kms.katalon.core.webui.keyword.internal.WebUIKeywordMain.stepFailed(WebUIKeywordMain.groovy:64)
	at com.kms.katalon.core.webui.keyword.internal.WebUIKeywordMain$stepFailed$0.call(Unknown Source)
	at com.kms.katalon.core.webui.keyword.builtin.VerifyElementNotPresentKeyword$_verifyElementNotPresent_closure1.doCall(VerifyElementNotPresentKeyword.groovy:106)
	at com.kms.katalon.core.webui.keyword.builtin.VerifyElementNotPresentKeyword$_verifyElementNotPresent_closure1.doCall(VerifyElementNotPresentKeyword.groovy)
	at com.kms.katalon.core.webui.keyword.internal.WebUIKeywordMain.runKeyword(WebUIKeywordMain.groovy:20)
	at com.kms.katalon.core.webui.keyword.internal.WebUIKeywordMain$runKeyword.call(Unknown Source)
	at com.kms.katalon.core.webui.keyword.builtin.VerifyElementNotPresentKeyword.verifyElementNotPresent(VerifyElementNotPresentKeyword.groovy:117)
	at com.kms.katalon.core.webui.keyword.builtin.VerifyElementNotPresentKeyword.execute(VerifyElementNotPresentKeyword.groovy:68)
	at com.kms.katalon.core.keyword.internal.KeywordExecutor.executeKeywordForPlatform(KeywordExecutor.groovy:74)
	at com.kms.katalon.core.webui.keyword.WebUiBuiltInKeywords.verifyElementNotPresent(WebUiBuiltInKeywords.groovy:1481)
	at com.kms.katalon.core.webui.keyword.WebUiBuiltInKeywords$verifyElementNotPresent$8.call(Unknown Source)
	at GetBrokSumPriceDaily.run(GetBrokSumPriceDaily:309)
	at com.kms.katalon.core.main.ScriptEngine.run(ScriptEngine.java:194)
	at com.kms.katalon.core.main.ScriptEngine.runScriptAsRawText(ScriptEngine.java:119)
	at com.kms.katalon.core.main.TestCaseExecutor.runScript(TestCaseExecutor.java:445)
	at com.kms.katalon.core.main.TestCaseExecutor.doExecute(TestCaseExecutor.java:436)
	at com.kms.katalon.core.main.TestCaseExecutor.processExecutionPhase(TestCaseExecutor.java:415)
	at com.kms.katalon.core.main.TestCaseExecutor.accessMainPhase(TestCaseExecutor.java:407)
	at com.kms.katalon.core.main.TestCaseExecutor.execute(TestCaseExecutor.java:284)
	at com.kms.katalon.core.common.CommonExecutor.accessTestCaseMainPhase(CommonExecutor.java:65)
	at com.kms.katalon.core.main.TestSuiteExecutor.accessTestSuiteMainPhase(TestSuiteExecutor.java:144)
	at com.kms.katalon.core.main.TestSuiteExecutor.execute(TestSuiteExecutor.java:106)
	at com.kms.katalon.core.main.TestCaseMain.startTestSuite(TestCaseMain.java:185)
	at com.kms.katalon.core.main.TestCaseMain$startTestSuite$0.call(Unknown Source)
	at TempTestSuite1705922193915.run(TempTestSuite1705922193915.groovy:36)
)
[[ATTACHMENT|C:\\Users\\Fadli\\git\\KatalonDailyGetData2\\Reports\\20240122_174123\\TS1\\20240122_181633\\1705923019906.png]]

2024-01-22 18:30:20 - [TEST_STEP][PASSED] - else: null

2024-01-22 18:30:20 - [TEST_STEP][PASSED] - strSeller2 = getText(findTestObject("Stockbit/Bandarmology_Seller2")): Text of object 'Object Repository/Stockbit/Bandarmology_Seller2' is: ''

2024-01-22 18:30:20 - [MESSAGE][PASSED] - Text of object 'Object Repository/Stockbit/Bandarmology_Seller2' is: ''

2024-01-22 18:30:20 - [TEST_STEP][PASSED] - strSellerVol2 = getText(findTestObject("Stockbit/Bandarmology_SellerVol2")): Text of object 'Object Repository/Stockbit/Bandarmology_SellerVol2' is: ''

2024-01-22 18:30:20 - [MESSAGE][PASSED] - Text of object 'Object Repository/Stockbit/Bandarmology_SellerVol2' is: ''

2024-01-22 18:30:20 - [TEST_STEP][PASSED] - strSellerAvg2 = getText(findTestObject("Stockbit/Bandarmology_SellerAvg2")): Text of object 'Object Repository/Stockbit/Bandarmology_SellerAvg2' is: ''

2024-01-22 18:30:20 - [MESSAGE][PASSED] - Text of object 'Object Repository/Stockbit/Bandarmology_SellerAvg2' is: ''

2024-01-22 18:30:20 - [TEST_STEP][PASSED] - if (strSeller2 != ""): null

2024-01-22 18:30:20 - [TEST_STEP][PASSED] - else: null

2024-01-22 18:30:20 - [TEST_STEP][PASSED] - strSeller2 = "-": null

2024-01-22 18:30:20 - [TEST_STEP][PASSED] - strSellerVol2 = "0": null

2024-01-22 18:30:20 - [TEST_STEP][PASSED] - strSellerAvg2 = "0": null

2024-01-22 18:30:20 - [TEST_STEP][PASSED] - if (verifyElementNotPresent(findTestObject("Stockbit/Bandarmology_Buyer3"), 1, OPTIONAL)): Web element with id: 'Object Repository/Stockbit/Bandarmology_Buyer3' located by 'By.xpath: //*[contains(@id, 'rc-tabs-')]/div[2]/div/div/div/div/div/div[2]/table/tbody/tr[4]/td[1]/p' is present after '1' second(s) (Root cause: com.kms.katalon.core.exception.StepFailedException: Web element with id: 'Object Repository/Stockbit/Bandarmology_Buyer3' located by 'By.xpath: //*[contains(@id, 'rc-tabs-')]/div[2]/div/div/div/div/div/div[2]/table/tbody/tr[4]/td[1]/p' is present after '1' second(s)
	at com.kms.katalon.core.webui.keyword.internal.WebUIKeywordMain.stepFailed(WebUIKeywordMain.groovy:64)
	at com.kms.katalon.core.webui.keyword.internal.WebUIKeywordMain$stepFailed$0.call(Unknown Source)
	at com.kms.katalon.core.webui.keyword.builtin.VerifyElementNotPresentKeyword$_verifyElementNotPresent_closure1.doCall(VerifyElementNotPresentKeyword.groovy:106)
	at com.kms.katalon.core.webui.keyword.builtin.VerifyElementNotPresentKeyword$_verifyElementNotPresent_closure1.doCall(VerifyElementNotPresentKeyword.groovy)
	at com.kms.katalon.core.webui.keyword.internal.WebUIKeywordMain.runKeyword(WebUIKeywordMain.groovy:20)
	at com.kms.katalon.core.webui.keyword.internal.WebUIKeywordMain$runKeyword.call(Unknown Source)
	at com.kms.katalon.core.webui.keyword.builtin.VerifyElementNotPresentKeyword.verifyElementNotPresent(VerifyElementNotPresentKeyword.groovy:117)
	at com.kms.katalon.core.webui.keyword.builtin.VerifyElementNotPresentKeyword.execute(VerifyElementNotPresentKeyword.groovy:68)
	at com.kms.katalon.core.keyword.internal.KeywordExecutor.executeKeywordForPlatform(KeywordExecutor.groovy:74)
	at com.kms.katalon.core.webui.keyword.WebUiBuiltInKeywords.verifyElementNotPresent(WebUiBuiltInKeywords.groovy:1481)
	at com.kms.katalon.core.webui.keyword.WebUiBuiltInKeywords$verifyElementNotPresent$8.call(Unknown Source)
	at GetBrokSumPriceDaily.run(GetBrokSumPriceDaily:361)
	at com.kms.katalon.core.main.ScriptEngine.run(ScriptEngine.java:194)
	at com.kms.katalon.core.main.ScriptEngine.runScriptAsRawText(ScriptEngine.java:119)
	at com.kms.katalon.core.main.TestCaseExecutor.runScript(TestCaseExecutor.java:445)
	at com.kms.katalon.core.main.TestCaseExecutor.doExecute(TestCaseExecutor.java:436)
	at com.kms.katalon.core.main.TestCaseExecutor.processExecutionPhase(TestCaseExecutor.java:415)
	at com.kms.katalon.core.main.TestCaseExecutor.accessMainPhase(TestCaseExecutor.java:407)
	at com.kms.katalon.core.main.TestCaseExecutor.execute(TestCaseExecutor.java:284)
	at com.kms.katalon.core.common.CommonExecutor.accessTestCaseMainPhase(CommonExecutor.java:65)
	at com.kms.katalon.core.main.TestSuiteExecutor.accessTestSuiteMainPhase(TestSuiteExecutor.java:144)
	at com.kms.katalon.core.main.TestSuiteExecutor.execute(TestSuiteExecutor.java:106)
	at com.kms.katalon.core.main.TestCaseMain.startTestSuite(TestCaseMain.java:185)
	at com.kms.katalon.core.main.TestCaseMain$startTestSuite$0.call(Unknown Source)
	at TempTestSuite1705922193915.run(TempTestSuite1705922193915.groovy:36)
)

2024-01-22 18:30:21 - [MESSAGE][WARNING] - Web element with id: 'Object Repository/Stockbit/Bandarmology_Buyer3' located by 'By.xpath: //*[contains(@id, 'rc-tabs-')]/div[2]/div/div/div/div/div/div[2]/table/tbody/tr[4]/td[1]/p' is present after '1' second(s) (Root cause: com.kms.katalon.core.exception.StepFailedException: Web element with id: 'Object Repository/Stockbit/Bandarmology_Buyer3' located by 'By.xpath: //*[contains(@id, 'rc-tabs-')]/div[2]/div/div/div/div/div/div[2]/table/tbody/tr[4]/td[1]/p' is present after '1' second(s)
	at com.kms.katalon.core.webui.keyword.internal.WebUIKeywordMain.stepFailed(WebUIKeywordMain.groovy:64)
	at com.kms.katalon.core.webui.keyword.internal.WebUIKeywordMain$stepFailed$0.call(Unknown Source)
	at com.kms.katalon.core.webui.keyword.builtin.VerifyElementNotPresentKeyword$_verifyElementNotPresent_closure1.doCall(VerifyElementNotPresentKeyword.groovy:106)
	at com.kms.katalon.core.webui.keyword.builtin.VerifyElementNotPresentKeyword$_verifyElementNotPresent_closure1.doCall(VerifyElementNotPresentKeyword.groovy)
	at com.kms.katalon.core.webui.keyword.internal.WebUIKeywordMain.runKeyword(WebUIKeywordMain.groovy:20)
	at com.kms.katalon.core.webui.keyword.internal.WebUIKeywordMain$runKeyword.call(Unknown Source)
	at com.kms.katalon.core.webui.keyword.builtin.VerifyElementNotPresentKeyword.verifyElementNotPresent(VerifyElementNotPresentKeyword.groovy:117)
	at com.kms.katalon.core.webui.keyword.builtin.VerifyElementNotPresentKeyword.execute(VerifyElementNotPresentKeyword.groovy:68)
	at com.kms.katalon.core.keyword.internal.KeywordExecutor.executeKeywordForPlatform(KeywordExecutor.groovy:74)
	at com.kms.katalon.core.webui.keyword.WebUiBuiltInKeywords.verifyElementNotPresent(WebUiBuiltInKeywords.groovy:1481)
	at com.kms.katalon.core.webui.keyword.WebUiBuiltInKeywords$verifyElementNotPresent$8.call(Unknown Source)
	at GetBrokSumPriceDaily.run(GetBrokSumPriceDaily:361)
	at com.kms.katalon.core.main.ScriptEngine.run(ScriptEngine.java:194)
	at com.kms.katalon.core.main.ScriptEngine.runScriptAsRawText(ScriptEngine.java:119)
	at com.kms.katalon.core.main.TestCaseExecutor.runScript(TestCaseExecutor.java:445)
	at com.kms.katalon.core.main.TestCaseExecutor.doExecute(TestCaseExecutor.java:436)
	at com.kms.katalon.core.main.TestCaseExecutor.processExecutionPhase(TestCaseExecutor.java:415)
	at com.kms.katalon.core.main.TestCaseExecutor.accessMainPhase(TestCaseExecutor.java:407)
	at com.kms.katalon.core.main.TestCaseExecutor.execute(TestCaseExecutor.java:284)
	at com.kms.katalon.core.common.CommonExecutor.accessTestCaseMainPhase(CommonExecutor.java:65)
	at com.kms.katalon.core.main.TestSuiteExecutor.accessTestSuiteMainPhase(TestSuiteExecutor.java:144)
	at com.kms.katalon.core.main.TestSuiteExecutor.execute(TestSuiteExecutor.java:106)
	at com.kms.katalon.core.main.TestCaseMain.startTestSuite(TestCaseMain.java:185)
	at com.kms.katalon.core.main.TestCaseMain$startTestSuite$0.call(Unknown Source)
	at TempTestSuite1705922193915.run(TempTestSuite1705922193915.groovy:36)
)
[[ATTACHMENT|C:\\Users\\Fadli\\git\\KatalonDailyGetData2\\Reports\\20240122_174123\\TS1\\20240122_181633\\1705923021592.png]]

2024-01-22 18:30:21 - [TEST_STEP][PASSED] - else: null

2024-01-22 18:30:21 - [TEST_STEP][PASSED] - strBuyer3 = getText(findTestObject("Stockbit/Bandarmology_Buyer3")): Text of object 'Object Repository/Stockbit/Bandarmology_Buyer3' is: 'HP'

2024-01-22 18:30:21 - [MESSAGE][PASSED] - Text of object 'Object Repository/Stockbit/Bandarmology_Buyer3' is: 'HP'

2024-01-22 18:30:21 - [TEST_STEP][PASSED] - strBuyerVol3 = getText(findTestObject("Stockbit/Bandarmology_BuyerVol3")): Text of object 'Object Repository/Stockbit/Bandarmology_BuyerVol3' is: '30'

2024-01-22 18:30:21 - [MESSAGE][PASSED] - Text of object 'Object Repository/Stockbit/Bandarmology_BuyerVol3' is: '30'

2024-01-22 18:30:21 - [TEST_STEP][PASSED] - strBuyerAvg3 = getText(findTestObject("Stockbit/Bandarmology_BuyerAvg3")): Text of object 'Object Repository/Stockbit/Bandarmology_BuyerAvg3' is: '50'

2024-01-22 18:30:22 - [MESSAGE][PASSED] - Text of object 'Object Repository/Stockbit/Bandarmology_BuyerAvg3' is: '50'

2024-01-22 18:30:22 - [TEST_STEP][PASSED] - if (strBuyer3 != ""): null

2024-01-22 18:30:22 - [TEST_STEP][PASSED] - if (strBuyerAvg3.contains(",")): null

2024-01-22 18:30:22 - [TEST_STEP][PASSED] - if (strBuyerVol3.contains(" B")): null

2024-01-22 18:30:22 - [TEST_STEP][PASSED] - if (verifyElementNotPresent(findTestObject("Stockbit/Bandarmology_Seller3"), 1, OPTIONAL)): Web element with id: 'Object Repository/Stockbit/Bandarmology_Seller3' located by 'By.xpath: //*[contains(@id, 'rc-tabs-')]/div[2]/div/div/div/div/div/div[2]/table/tbody/tr[4]/td[5]/p' is present after '1' second(s) (Root cause: com.kms.katalon.core.exception.StepFailedException: Web element with id: 'Object Repository/Stockbit/Bandarmology_Seller3' located by 'By.xpath: //*[contains(@id, 'rc-tabs-')]/div[2]/div/div/div/div/div/div[2]/table/tbody/tr[4]/td[5]/p' is present after '1' second(s)
	at com.kms.katalon.core.webui.keyword.internal.WebUIKeywordMain.stepFailed(WebUIKeywordMain.groovy:64)
	at com.kms.katalon.core.webui.keyword.internal.WebUIKeywordMain$stepFailed$0.call(Unknown Source)
	at com.kms.katalon.core.webui.keyword.builtin.VerifyElementNotPresentKeyword$_verifyElementNotPresent_closure1.doCall(VerifyElementNotPresentKeyword.groovy:106)
	at com.kms.katalon.core.webui.keyword.builtin.VerifyElementNotPresentKeyword$_verifyElementNotPresent_closure1.doCall(VerifyElementNotPresentKeyword.groovy)
	at com.kms.katalon.core.webui.keyword.internal.WebUIKeywordMain.runKeyword(WebUIKeywordMain.groovy:20)
	at com.kms.katalon.core.webui.keyword.internal.WebUIKeywordMain$runKeyword.call(Unknown Source)
	at com.kms.katalon.core.webui.keyword.builtin.VerifyElementNotPresentKeyword.verifyElementNotPresent(VerifyElementNotPresentKeyword.groovy:117)
	at com.kms.katalon.core.webui.keyword.builtin.VerifyElementNotPresentKeyword.execute(VerifyElementNotPresentKeyword.groovy:68)
	at com.kms.katalon.core.keyword.internal.KeywordExecutor.executeKeywordForPlatform(KeywordExecutor.groovy:74)
	at com.kms.katalon.core.webui.keyword.WebUiBuiltInKeywords.verifyElementNotPresent(WebUiBuiltInKeywords.groovy:1481)
	at com.kms.katalon.core.webui.keyword.WebUiBuiltInKeywords$verifyElementNotPresent$8.call(Unknown Source)
	at GetBrokSumPriceDaily.run(GetBrokSumPriceDaily:414)
	at com.kms.katalon.core.main.ScriptEngine.run(ScriptEngine.java:194)
	at com.kms.katalon.core.main.ScriptEngine.runScriptAsRawText(ScriptEngine.java:119)
	at com.kms.katalon.core.main.TestCaseExecutor.runScript(TestCaseExecutor.java:445)
	at com.kms.katalon.core.main.TestCaseExecutor.doExecute(TestCaseExecutor.java:436)
	at com.kms.katalon.core.main.TestCaseExecutor.processExecutionPhase(TestCaseExecutor.java:415)
	at com.kms.katalon.core.main.TestCaseExecutor.accessMainPhase(TestCaseExecutor.java:407)
	at com.kms.katalon.core.main.TestCaseExecutor.execute(TestCaseExecutor.java:284)
	at com.kms.katalon.core.common.CommonExecutor.accessTestCaseMainPhase(CommonExecutor.java:65)
	at com.kms.katalon.core.main.TestSuiteExecutor.accessTestSuiteMainPhase(TestSuiteExecutor.java:144)
	at com.kms.katalon.core.main.TestSuiteExecutor.execute(TestSuiteExecutor.java:106)
	at com.kms.katalon.core.main.TestCaseMain.startTestSuite(TestCaseMain.java:185)
	at com.kms.katalon.core.main.TestCaseMain$startTestSuite$0.call(Unknown Source)
	at TempTestSuite1705922193915.run(TempTestSuite1705922193915.groovy:36)
)

2024-01-22 18:30:23 - [MESSAGE][WARNING] - Web element with id: 'Object Repository/Stockbit/Bandarmology_Seller3' located by 'By.xpath: //*[contains(@id, 'rc-tabs-')]/div[2]/div/div/div/div/div/div[2]/table/tbody/tr[4]/td[5]/p' is present after '1' second(s) (Root cause: com.kms.katalon.core.exception.StepFailedException: Web element with id: 'Object Repository/Stockbit/Bandarmology_Seller3' located by 'By.xpath: //*[contains(@id, 'rc-tabs-')]/div[2]/div/div/div/div/div/div[2]/table/tbody/tr[4]/td[5]/p' is present after '1' second(s)
	at com.kms.katalon.core.webui.keyword.internal.WebUIKeywordMain.stepFailed(WebUIKeywordMain.groovy:64)
	at com.kms.katalon.core.webui.keyword.internal.WebUIKeywordMain$stepFailed$0.call(Unknown Source)
	at com.kms.katalon.core.webui.keyword.builtin.VerifyElementNotPresentKeyword$_verifyElementNotPresent_closure1.doCall(VerifyElementNotPresentKeyword.groovy:106)
	at com.kms.katalon.core.webui.keyword.builtin.VerifyElementNotPresentKeyword$_verifyElementNotPresent_closure1.doCall(VerifyElementNotPresentKeyword.groovy)
	at com.kms.katalon.core.webui.keyword.internal.WebUIKeywordMain.runKeyword(WebUIKeywordMain.groovy:20)
	at com.kms.katalon.core.webui.keyword.internal.WebUIKeywordMain$runKeyword.call(Unknown Source)
	at com.kms.katalon.core.webui.keyword.builtin.VerifyElementNotPresentKeyword.verifyElementNotPresent(VerifyElementNotPresentKeyword.groovy:117)
	at com.kms.katalon.core.webui.keyword.builtin.VerifyElementNotPresentKeyword.execute(VerifyElementNotPresentKeyword.groovy:68)
	at com.kms.katalon.core.keyword.internal.KeywordExecutor.executeKeywordForPlatform(KeywordExecutor.groovy:74)
	at com.kms.katalon.core.webui.keyword.WebUiBuiltInKeywords.verifyElementNotPresent(WebUiBuiltInKeywords.groovy:1481)
	at com.kms.katalon.core.webui.keyword.WebUiBuiltInKeywords$verifyElementNotPresent$8.call(Unknown Source)
	at GetBrokSumPriceDaily.run(GetBrokSumPriceDaily:414)
	at com.kms.katalon.core.main.ScriptEngine.run(ScriptEngine.java:194)
	at com.kms.katalon.core.main.ScriptEngine.runScriptAsRawText(ScriptEngine.java:119)
	at com.kms.katalon.core.main.TestCaseExecutor.runScript(TestCaseExecutor.java:445)
	at com.kms.katalon.core.main.TestCaseExecutor.doExecute(TestCaseExecutor.java:436)
	at com.kms.katalon.core.main.TestCaseExecutor.processExecutionPhase(TestCaseExecutor.java:415)
	at com.kms.katalon.core.main.TestCaseExecutor.accessMainPhase(TestCaseExecutor.java:407)
	at com.kms.katalon.core.main.TestCaseExecutor.execute(TestCaseExecutor.java:284)
	at com.kms.katalon.core.common.CommonExecutor.accessTestCaseMainPhase(CommonExecutor.java:65)
	at com.kms.katalon.core.main.TestSuiteExecutor.accessTestSuiteMainPhase(TestSuiteExecutor.java:144)
	at com.kms.katalon.core.main.TestSuiteExecutor.execute(TestSuiteExecutor.java:106)
	at com.kms.katalon.core.main.TestCaseMain.startTestSuite(TestCaseMain.java:185)
	at com.kms.katalon.core.main.TestCaseMain$startTestSuite$0.call(Unknown Source)
	at TempTestSuite1705922193915.run(TempTestSuite1705922193915.groovy:36)
)
[[ATTACHMENT|C:\\Users\\Fadli\\git\\KatalonDailyGetData2\\Reports\\20240122_174123\\TS1\\20240122_181633\\1705923023264.png]]

2024-01-22 18:30:23 - [TEST_STEP][PASSED] - else: null

2024-01-22 18:30:23 - [TEST_STEP][PASSED] - strSeller3 = getText(findTestObject("Stockbit/Bandarmology_Seller3")): Text of object 'Object Repository/Stockbit/Bandarmology_Seller3' is: ''

2024-01-22 18:30:23 - [MESSAGE][PASSED] - Text of object 'Object Repository/Stockbit/Bandarmology_Seller3' is: ''

2024-01-22 18:30:23 - [TEST_STEP][PASSED] - strSellerVol3 = getText(findTestObject("Stockbit/Bandarmology_SellerVol3")): Text of object 'Object Repository/Stockbit/Bandarmology_SellerVol3' is: ''

2024-01-22 18:30:23 - [MESSAGE][PASSED] - Text of object 'Object Repository/Stockbit/Bandarmology_SellerVol3' is: ''

2024-01-22 18:30:23 - [TEST_STEP][PASSED] - strSellerAvg3 = getText(findTestObject("Stockbit/Bandarmology_SellerAvg3")): Text of object 'Object Repository/Stockbit/Bandarmology_SellerAvg3' is: ''

2024-01-22 18:30:23 - [MESSAGE][PASSED] - Text of object 'Object Repository/Stockbit/Bandarmology_SellerAvg3' is: ''

2024-01-22 18:30:23 - [TEST_STEP][PASSED] - if (strSeller3 != ""): null

2024-01-22 18:30:23 - [TEST_STEP][PASSED] - else: null

2024-01-22 18:30:23 - [TEST_STEP][PASSED] - strSeller3 = "-": null

2024-01-22 18:30:23 - [TEST_STEP][PASSED] - strSellerVol3 = "0": null

2024-01-22 18:30:23 - [TEST_STEP][PASSED] - strSellerAvg3 = "0": null

2024-01-22 18:30:23 - [TEST_STEP][PASSED] - strAccDist = getText(findTestObject("Stockbit/Bandarmology_AccDist")): Text of object 'Object Repository/Stockbit/Bandarmology_AccDist' is: 'Dist'

2024-01-22 18:30:23 - [MESSAGE][PASSED] - Text of object 'Object Repository/Stockbit/Bandarmology_AccDist' is: 'Dist'

2024-01-22 18:30:23 - [TEST_STEP][PASSED] - strNetVol = getText(findTestObject("Stockbit/Bandarmology_NetVol")): Text of object 'Object Repository/Stockbit/Bandarmology_NetVol' is: '151'

2024-01-22 18:30:23 - [MESSAGE][PASSED] - Text of object 'Object Repository/Stockbit/Bandarmology_NetVol' is: '151'

2024-01-22 18:30:23 - [TEST_STEP][PASSED] - strNetVol = strNetVol.replace(",", ""): null

2024-01-22 18:30:23 - [TEST_STEP][PASSED] - strNetVal = getText(findTestObject("Stockbit/Bandarmology_NetVal")): Text of object 'Object Repository/Stockbit/Bandarmology_NetVal' is: '0 B'

2024-01-22 18:30:24 - [MESSAGE][PASSED] - Text of object 'Object Repository/Stockbit/Bandarmology_NetVal' is: '0 B'

2024-01-22 18:30:24 - [TEST_STEP][PASSED] - delay(3): Delayed 3 second(s)

2024-01-22 18:30:27 - [MESSAGE][PASSED] - Delayed 3 second(s)

2024-01-22 18:30:27 - [TEST_STEP][PASSED] - strOpenPrice = getText(findTestObject("Stockbit/Home_OpenPrice")): Text of object 'Object Repository/Stockbit/Home_OpenPrice' is: '50'

2024-01-22 18:30:27 - [MESSAGE][PASSED] - Text of object 'Object Repository/Stockbit/Home_OpenPrice' is: '50'

2024-01-22 18:30:27 - [TEST_STEP][PASSED] - strOpenPrice = strOpenPrice.replace(",", ""): null

2024-01-22 18:30:27 - [TEST_STEP][PASSED] - strLowPrice = getText(findTestObject("Stockbit/Home_LowPrice")): Text of object 'Object Repository/Stockbit/Home_LowPrice' is: '50'

2024-01-22 18:30:27 - [MESSAGE][PASSED] - Text of object 'Object Repository/Stockbit/Home_LowPrice' is: '50'

2024-01-22 18:30:27 - [TEST_STEP][PASSED] - strLowPrice = strLowPrice.replace(",", ""): null

2024-01-22 18:30:27 - [TEST_STEP][PASSED] - strHighPrice = getText(findTestObject("Stockbit/Home_HighPrice")): Text of object 'Object Repository/Stockbit/Home_HighPrice' is: '50'

2024-01-22 18:30:27 - [MESSAGE][PASSED] - Text of object 'Object Repository/Stockbit/Home_HighPrice' is: '50'

2024-01-22 18:30:27 - [TEST_STEP][PASSED] - strHighPrice = strHighPrice.replace(",", ""): null

2024-01-22 18:30:27 - [TEST_STEP][PASSED] - strClosePrice = getText(findTestObject("Stockbit/Home_ClosePrice")): Text of object 'Object Repository/Stockbit/Home_ClosePrice' is: '50'

2024-01-22 18:30:27 - [MESSAGE][PASSED] - Text of object 'Object Repository/Stockbit/Home_ClosePrice' is: '50'

2024-01-22 18:30:27 - [TEST_STEP][PASSED] - strClosePrice = strClosePrice.replace(",", ""): null

2024-01-22 18:30:27 - [TEST_STEP][PASSED] - strVol = getText(findTestObject("Stockbit/Home_Volume")): Text of object 'Object Repository/Stockbit/Home_Volume' is: '151'

2024-01-22 18:30:27 - [MESSAGE][PASSED] - Text of object 'Object Repository/Stockbit/Home_Volume' is: '151'

2024-01-22 18:30:27 - [TEST_STEP][PASSED] - if (strVol.contains(" K")): null

2024-01-22 18:30:27 - [TEST_STEP][PASSED] - if (strVol.contains(",")): null

2024-01-22 18:30:27 - [TEST_STEP][PASSED] - strChange = getText(findTestObject("Stockbit/Home_Change")): Text of object 'Object Repository/Stockbit/Home_Change' is: '0.00%'

2024-01-22 18:30:27 - [MESSAGE][PASSED] - Text of object 'Object Repository/Stockbit/Home_Change' is: '0.00%'

2024-01-22 18:30:27 - [TEST_STEP][PASSED] - strChange = strChange.replace("%", ""): null

2024-01-22 18:30:27 - [TEST_STEP][PASSED] - strFreq = getText(findTestObject("Stockbit/Home_Freq")): Text of object 'Object Repository/Stockbit/Home_Freq' is: '19'

2024-01-22 18:30:27 - [MESSAGE][PASSED] - Text of object 'Object Repository/Stockbit/Home_Freq' is: '19'

2024-01-22 18:30:27 - [TEST_STEP][PASSED] - if (strFreq.contains(",")): null

2024-01-22 18:30:27 - [TEST_STEP][PASSED] - if (strFreq == "NA" || strFreq == ""): null

2024-01-22 18:30:27 - [TEST_STEP][PASSED] - else: null

2024-01-22 18:30:27 - [TEST_STEP][PASSED] - dblFreqAnal = strVol.toDouble() / strFreq.toDouble() * strFreq.toDouble() * strFreq.toDouble() * 100000000: null

2024-01-22 18:30:27 - [TEST_STEP][PASSED] - strFreqAnal = String.format("%.4f", dblFreqAnal): null

2024-01-22 18:30:27 - [TEST_STEP][PASSED] - out.println("Double strFreqAnal: " + strFreqAnal): null

2024-01-22 18:30:27 - [TEST_STEP][PASSED] - strTanggal = d.format(DateTimeFormatter.ofPattern("yyyy-MM-dd")): null

2024-01-22 18:30:27 - [TEST_STEP][PASSED] - strTanggal = "#" + strTanggal + "#": null

2024-01-22 18:30:27 - [TEST_STEP][PASSED] - strSQL = "select count(*) as JumBaris from TblBrokSum where Nama = '" + strNama + "' and Tanggal = " + strTanggal + "": null

2024-01-22 18:30:27 - [TEST_STEP][PASSED] - resultSet = statement.executeQuery(strSQL): null

2024-01-22 18:30:27 - [TEST_STEP][PASSED] - resultSet.next(): null

2024-01-22 18:30:27 - [TEST_STEP][PASSED] - intJumBaris = resultSet.getInt("JumBaris"): null

2024-01-22 18:30:27 - [TEST_STEP][PASSED] - if (intJumBaris > 0): null

2024-01-22 18:30:27 - [TEST_STEP][PASSED] - else: null

2024-01-22 18:30:27 - [TEST_STEP][PASSED] - try: null

2024-01-22 18:30:27 - [TEST_STEP][PASSED] - out.println("Insert data"): null

2024-01-22 18:30:27 - [TEST_STEP][PASSED] - strSQL = "insert into TblBrokSum (nama, tanggal, top1, top2, top3, AllBrokAvg, AccDist, AvgRP, " + "Buyer1, BuyerVal1, BuyerAvg1, Seller1, SellerVal1, SellerAvg1, Buyer2, BuyerVal2, BuyerAvg2, " + "Seller2, SellerVal2, SellerAvg2, Buyer3, BuyerVal3, BuyerAvg3, Seller3, SellerVal3, SellerAvg3, NetVol, NetVal, " + "OpenPrice, LowPrice, HighPrice, ClosePrice, Volume, Change, Frekuensi, FrekAnal) " + "values ('" + strNama + "', " + strTanggal + ", '" + strTop1 + "', '" + strTop3 + "', '" + strTop5 + "', " + "'" + strAllBrokAvg + "', '" + strAccDist + "', " + intAvgRP + ", '" + strBuyer1 + "', '" + strBuyerVol1 + "', " + strBuyerAvg1 + ", " + "'" + strSeller1 + "', '" + strSellerVol1 + "', " + strSellerAvg1 + ", '" + strBuyer2 + "', '" + strBuyerVol2 + "', " + strBuyerAvg2 + ", " + "'" + strSeller2 + "', '" + strSellerVol2 + "', " + strSellerAvg2 + ", '" + strBuyer3 + "', '" + strBuyerVol3 + "', " + strBuyerAvg3 + ", " + "'" + strSeller3 + "', '" + strSellerVol3 + "', " + strSellerAvg3 + ", " + strNetVol + ", '" + strNetVal + "', " + "" + strOpenPrice + ", " + strLowPrice + ", " + strHighPrice + ", " + strClosePrice + ", '" + strVol + "', " + strChange + ", " + strFreq + ", " + strFreqAnal + ");": null

2024-01-22 18:30:27 - [TEST_STEP][PASSED] - out.println("strSQL = " + strSQL): null

2024-01-22 18:30:27 - [TEST_STEP][PASSED] - statement.executeUpdate(strSQL): null

2024-01-22 18:30:27 - [TEST_STEP][PASSED] - setValueToCellByIndex(sheet01, rowIndex, 4, "DONE"): null

2024-01-22 18:30:27 - [TEST_STEP][PASSED] - saveWorkbook(excelFilePath, workbook01): null

2024-01-22 18:30:27 - [TEST_STEP][PASSED] - waitForElementClickable(findTestObject("Stockbit/menu_Bandarmology"), 10): Object 'Object Repository/Stockbit/menu_Bandarmology' is clickable

2024-01-22 18:30:28 - [MESSAGE][PASSED] - Object 'Object Repository/Stockbit/menu_Bandarmology' is clickable

2024-01-22 18:30:28 - [TEST_STEP][PASSED] - click(findTestObject("Stockbit/menu_Bandarmology")): Object: 'Object Repository/Stockbit/menu_Bandarmology' is clicked on

2024-01-22 18:30:28 - [MESSAGE][PASSED] - Object: 'Object Repository/Stockbit/menu_Bandarmology' is clicked on

2024-01-22 18:30:28 - [TEST_STEP][PASSED] - strTemp = "NA": null

2024-01-22 18:30:28 - [TEST_STEP][PASSED] - if (getCellValueByIndex(sheet01, rowIndex, 4) != "DONE"): Object: 'Object Repository/Stockbit/menu_Bandarmology' is clicked on

2024-01-22 18:30:28 - [TEST_STEP][PASSED] - strNama = getCellValueByIndex(sheet01, rowIndex, 0): null

2024-01-22 18:30:28 - [TEST_STEP][PASSED] - navigateToUrl("https://stockbit.com/#/symbol/" + strNama): Navigate to 'https://stockbit.com/#/symbol/TAYS' successfully

2024-01-22 18:30:30 - [MESSAGE][PASSED] - Navigate to 'https://stockbit.com/#/symbol/TAYS' successfully

2024-01-22 18:30:30 - [TEST_STEP][PASSED] - waitForElementClickable(findTestObject("Stockbit/menu_Bandarmology"), 10): Object 'Object Repository/Stockbit/menu_Bandarmology' is clickable

2024-01-22 18:30:30 - [MESSAGE][PASSED] - Object 'Object Repository/Stockbit/menu_Bandarmology' is clickable

2024-01-22 18:30:30 - [TEST_STEP][PASSED] - click(findTestObject("Stockbit/menu_Bandarmology")): Object: 'Object Repository/Stockbit/menu_Bandarmology' is clicked on

2024-01-22 18:30:30 - [MESSAGE][PASSED] - Object: 'Object Repository/Stockbit/menu_Bandarmology' is clicked on

2024-01-22 18:30:30 - [TEST_STEP][PASSED] - strTanggal = d.format(DateTimeFormatter.ofPattern("MMM dd, yyyy")): null

2024-01-22 18:30:30 - [TEST_STEP][PASSED] - strTanggal = d.format(ISO_DATE): null

2024-01-22 18:30:30 - [TEST_STEP][PASSED] - out.println("strTanggal = " + strTanggal): null

2024-01-22 18:30:30 - [TEST_STEP][PASSED] - out.println("strNama = " + strNama): null

2024-01-22 18:30:30 - [TEST_STEP][PASSED] - out.println("Baris ke = " + rowIndex): null

2024-01-22 18:30:30 - [TEST_STEP][PASSED] - click(findTestObject("Stockbit/input__BandarmologyOpenStartDate")): Object: 'Object Repository/Stockbit/input__BandarmologyOpenStartDate' is clicked on

2024-01-22 18:30:32 - [MESSAGE][PASSED] - Object: 'Object Repository/Stockbit/input__BandarmologyOpenStartDate' is clicked on

2024-01-22 18:30:32 - [TEST_STEP][PASSED] - sendKeys(findTestObject("Stockbit/input__BandarmologyOpenStartDate"), Keys.chord(CONTROL, "a")): Keys 'CONTROL + a' sent to object: 'Object Repository/Stockbit/input__BandarmologyOpenStartDate'

2024-01-22 18:30:32 - [MESSAGE][PASSED] - Keys 'CONTROL + a' sent to object: 'Object Repository/Stockbit/input__BandarmologyOpenStartDate'

2024-01-22 18:30:32 - [TEST_STEP][PASSED] - sendKeys(findTestObject("Stockbit/input__BandarmologyOpenStartDate"), Keys.chord(BACK_SPACE)): Keys 'BACK_SPACE + ' sent to object: 'Object Repository/Stockbit/input__BandarmologyOpenStartDate'

2024-01-22 18:30:32 - [MESSAGE][PASSED] - Keys 'BACK_SPACE + ' sent to object: 'Object Repository/Stockbit/input__BandarmologyOpenStartDate'

2024-01-22 18:30:32 - [TEST_STEP][PASSED] - setText(findTestObject("Stockbit/input__BandarmologyOpenStartDate"), strTanggal): Text '2024-01-22' is set on object 'Object Repository/Stockbit/input__BandarmologyOpenStartDate'

2024-01-22 18:30:33 - [MESSAGE][PASSED] - Text '2024-01-22' is set on object 'Object Repository/Stockbit/input__BandarmologyOpenStartDate'

2024-01-22 18:30:33 - [TEST_STEP][PASSED] - sendKeys(findTestObject("Stockbit/input__BandarmologyOpenStartDate"), Keys.chord(ENTER)): Keys 'ENTER + ' sent to object: 'Object Repository/Stockbit/input__BandarmologyOpenStartDate'

2024-01-22 18:30:34 - [MESSAGE][PASSED] - Keys 'ENTER + ' sent to object: 'Object Repository/Stockbit/input__BandarmologyOpenStartDate'

2024-01-22 18:30:34 - [TEST_STEP][PASSED] - click(findTestObject("Stockbit/input__BandarmologyOpenEndDate")): Object: 'Object Repository/Stockbit/input__BandarmologyOpenEndDate' is clicked on

2024-01-22 18:30:34 - [MESSAGE][PASSED] - Object: 'Object Repository/Stockbit/input__BandarmologyOpenEndDate' is clicked on

2024-01-22 18:30:34 - [TEST_STEP][PASSED] - sendKeys(findTestObject("Stockbit/input__BandarmologyOpenEndDate"), Keys.chord(CONTROL, "a")): Keys 'CONTROL + a' sent to object: 'Object Repository/Stockbit/input__BandarmologyOpenEndDate'

2024-01-22 18:30:34 - [MESSAGE][PASSED] - Keys 'CONTROL + a' sent to object: 'Object Repository/Stockbit/input__BandarmologyOpenEndDate'

2024-01-22 18:30:34 - [TEST_STEP][PASSED] - sendKeys(findTestObject("Stockbit/input__BandarmologyOpenEndDate"), Keys.chord(BACK_SPACE)): Keys 'BACK_SPACE + ' sent to object: 'Object Repository/Stockbit/input__BandarmologyOpenEndDate'

2024-01-22 18:30:35 - [MESSAGE][PASSED] - Keys 'BACK_SPACE + ' sent to object: 'Object Repository/Stockbit/input__BandarmologyOpenEndDate'

2024-01-22 18:30:35 - [TEST_STEP][PASSED] - setText(findTestObject("Stockbit/input__BandarmologyOpenEndDate"), strTanggal): Text '2024-01-22' is set on object 'Object Repository/Stockbit/input__BandarmologyOpenEndDate'

2024-01-22 18:30:36 - [MESSAGE][PASSED] - Text '2024-01-22' is set on object 'Object Repository/Stockbit/input__BandarmologyOpenEndDate'

2024-01-22 18:30:36 - [TEST_STEP][PASSED] - sendKeys(findTestObject("Stockbit/input__BandarmologyOpenEndDate"), Keys.chord(ENTER)): Keys 'ENTER + ' sent to object: 'Object Repository/Stockbit/input__BandarmologyOpenEndDate'

2024-01-22 18:30:36 - [MESSAGE][PASSED] - Keys 'ENTER + ' sent to object: 'Object Repository/Stockbit/input__BandarmologyOpenEndDate'

2024-01-22 18:30:36 - [TEST_STEP][PASSED] - delay(2): Delayed 2 second(s)

2024-01-22 18:30:38 - [MESSAGE][PASSED] - Delayed 2 second(s)

2024-01-22 18:30:38 - [TEST_STEP][PASSED] - strTemp = getText(findTestObject("Stockbit/Bandarmology_AvgRP")): Text of object 'Object Repository/Stockbit/Bandarmology_AvgRP' is: '100'

2024-01-22 18:30:38 - [MESSAGE][PASSED] - Text of object 'Object Repository/Stockbit/Bandarmology_AvgRP' is: '100'

2024-01-22 18:30:38 - [TEST_STEP][PASSED] - out.println("Bandarmology_AvgRP = " + strTemp): null

2024-01-22 18:30:38 - [TEST_STEP][PASSED] - if (strTemp != "0"): null

2024-01-22 18:30:38 - [TEST_STEP][PASSED] - strTop1 = getText(findTestObject("Stockbit/Bandarmology_Top1")): Text of object 'Object Repository/Stockbit/Bandarmology_Top1' is: 'Neutral'

2024-01-22 18:30:38 - [MESSAGE][PASSED] - Text of object 'Object Repository/Stockbit/Bandarmology_Top1' is: 'Neutral'

2024-01-22 18:30:38 - [TEST_STEP][PASSED] - strTop3 = getText(findTestObject("Stockbit/Bandarmology_Top3")): Text of object 'Object Repository/Stockbit/Bandarmology_Top3' is: 'Neutral'

2024-01-22 18:30:38 - [MESSAGE][PASSED] - Text of object 'Object Repository/Stockbit/Bandarmology_Top3' is: 'Neutral'

2024-01-22 18:30:38 - [TEST_STEP][PASSED] - strTop5 = getText(findTestObject("Stockbit/Bandarmology_Top5")): Text of object 'Object Repository/Stockbit/Bandarmology_Top5' is: 'Neutral'

2024-01-22 18:30:38 - [MESSAGE][PASSED] - Text of object 'Object Repository/Stockbit/Bandarmology_Top5' is: 'Neutral'

2024-01-22 18:30:38 - [TEST_STEP][PASSED] - strAllBrokAvg = getText(findTestObject("Stockbit/Bandarmology_TopAVG")): Text of object 'Object Repository/Stockbit/Bandarmology_TopAVG' is: 'Neutral'

2024-01-22 18:30:39 - [MESSAGE][PASSED] - Text of object 'Object Repository/Stockbit/Bandarmology_TopAVG' is: 'Neutral'

2024-01-22 18:30:39 - [TEST_STEP][PASSED] - strTemp = getText(findTestObject("Stockbit/Bandarmology_AvgRP")): Text of object 'Object Repository/Stockbit/Bandarmology_AvgRP' is: '100'

2024-01-22 18:30:39 - [MESSAGE][PASSED] - Text of object 'Object Repository/Stockbit/Bandarmology_AvgRP' is: '100'

2024-01-22 18:30:39 - [TEST_STEP][PASSED] - if (strTemp.contains(",")): null

2024-01-22 18:30:39 - [TEST_STEP][PASSED] - intAvgRP = strTemp.toInteger(): null

2024-01-22 18:30:39 - [TEST_STEP][PASSED] - strBuyer1 = getText(findTestObject("Stockbit/Bandarmology_Buyer1")): Text of object 'Object Repository/Stockbit/Bandarmology_Buyer1' is: 'XA'

2024-01-22 18:30:39 - [MESSAGE][PASSED] - Text of object 'Object Repository/Stockbit/Bandarmology_Buyer1' is: 'XA'

2024-01-22 18:30:39 - [TEST_STEP][PASSED] - strBuyerVol1 = getText(findTestObject("Stockbit/Bandarmology_BuyerVol1")): Text of object 'Object Repository/Stockbit/Bandarmology_BuyerVol1' is: '2.5 K'

2024-01-22 18:30:39 - [MESSAGE][PASSED] - Text of object 'Object Repository/Stockbit/Bandarmology_BuyerVol1' is: '2.5 K'

2024-01-22 18:30:39 - [TEST_STEP][PASSED] - strBuyerAvg1 = getText(findTestObject("Stockbit/Bandarmology_BuyerAvg1")): Text of object 'Object Repository/Stockbit/Bandarmology_BuyerAvg1' is: '100'

2024-01-22 18:30:39 - [MESSAGE][PASSED] - Text of object 'Object Repository/Stockbit/Bandarmology_BuyerAvg1' is: '100'

2024-01-22 18:30:39 - [TEST_STEP][PASSED] - if (strBuyerAvg1.contains(",")): null

2024-01-22 18:30:39 - [TEST_STEP][PASSED] - if (strBuyerVol1.contains(" B")): null

2024-01-22 18:30:39 - [TEST_STEP][PASSED] - else if (strBuyerVol1.contains(" M")): null

2024-01-22 18:30:39 - [TEST_STEP][PASSED] - else if (strBuyerVol1.contains(" K")): null

2024-01-22 18:30:39 - [TEST_STEP][PASSED] - strBuyerVol1 = strBuyerVol1.replace(" K", ""): null

2024-01-22 18:30:39 - [TEST_STEP][PASSED] - strBuyerVol1 = strBuyerVol1.toDouble() * 1000: null

2024-01-22 18:30:39 - [TEST_STEP][PASSED] - strSeller1 = getText(findTestObject("Stockbit/Bandarmology_Seller1")): Text of object 'Object Repository/Stockbit/Bandarmology_Seller1' is: 'AZ'

2024-01-22 18:30:39 - [MESSAGE][PASSED] - Text of object 'Object Repository/Stockbit/Bandarmology_Seller1' is: 'AZ'

2024-01-22 18:30:39 - [TEST_STEP][PASSED] - strSellerVol1 = getText(findTestObject("Stockbit/Bandarmology_SellerVol1")): Text of object 'Object Repository/Stockbit/Bandarmology_SellerVol1' is: '2.3 K'

2024-01-22 18:30:39 - [MESSAGE][PASSED] - Text of object 'Object Repository/Stockbit/Bandarmology_SellerVol1' is: '2.3 K'

2024-01-22 18:30:39 - [TEST_STEP][PASSED] - strSellerAvg1 = getText(findTestObject("Stockbit/Bandarmology_SellerAvg1")): Text of object 'Object Repository/Stockbit/Bandarmology_SellerAvg1' is: '100'

2024-01-22 18:30:39 - [MESSAGE][PASSED] - Text of object 'Object Repository/Stockbit/Bandarmology_SellerAvg1' is: '100'

2024-01-22 18:30:39 - [TEST_STEP][PASSED] - if (strSellerAvg1.contains(",")): null

2024-01-22 18:30:39 - [TEST_STEP][PASSED] - if (strSellerVol1.contains(" B")): null

2024-01-22 18:30:39 - [TEST_STEP][PASSED] - else if (strSellerVol1.contains(" M")): null

2024-01-22 18:30:39 - [TEST_STEP][PASSED] - else if (strSellerVol1.contains(" K")): null

2024-01-22 18:30:39 - [TEST_STEP][PASSED] - strSellerVol1 = strSellerVol1.replace(" K", ""): null

2024-01-22 18:30:39 - [TEST_STEP][PASSED] - strSellerVol1 = strSellerVol1.toDouble() * 1000: null

2024-01-22 18:30:39 - [TEST_STEP][PASSED] - if (verifyElementNotPresent(findTestObject("Stockbit/Bandarmology_Buyer2"), 1, OPTIONAL)): Web element with id: 'Object Repository/Stockbit/Bandarmology_Buyer2' located by 'By.xpath: //*[contains(@id, 'rc-tabs-')]/div[2]/div/div/div/div/div/div[2]/table/tbody/tr[3]/td[1]/p' is present after '1' second(s) (Root cause: com.kms.katalon.core.exception.StepFailedException: Web element with id: 'Object Repository/Stockbit/Bandarmology_Buyer2' located by 'By.xpath: //*[contains(@id, 'rc-tabs-')]/div[2]/div/div/div/div/div/div[2]/table/tbody/tr[3]/td[1]/p' is present after '1' second(s)
	at com.kms.katalon.core.webui.keyword.internal.WebUIKeywordMain.stepFailed(WebUIKeywordMain.groovy:64)
	at com.kms.katalon.core.webui.keyword.internal.WebUIKeywordMain$stepFailed$0.call(Unknown Source)
	at com.kms.katalon.core.webui.keyword.builtin.VerifyElementNotPresentKeyword$_verifyElementNotPresent_closure1.doCall(VerifyElementNotPresentKeyword.groovy:106)
	at com.kms.katalon.core.webui.keyword.builtin.VerifyElementNotPresentKeyword$_verifyElementNotPresent_closure1.doCall(VerifyElementNotPresentKeyword.groovy)
	at com.kms.katalon.core.webui.keyword.internal.WebUIKeywordMain.runKeyword(WebUIKeywordMain.groovy:20)
	at com.kms.katalon.core.webui.keyword.internal.WebUIKeywordMain$runKeyword.call(Unknown Source)
	at com.kms.katalon.core.webui.keyword.builtin.VerifyElementNotPresentKeyword.verifyElementNotPresent(VerifyElementNotPresentKeyword.groovy:117)
	at com.kms.katalon.core.webui.keyword.builtin.VerifyElementNotPresentKeyword.execute(VerifyElementNotPresentKeyword.groovy:68)
	at com.kms.katalon.core.keyword.internal.KeywordExecutor.executeKeywordForPlatform(KeywordExecutor.groovy:74)
	at com.kms.katalon.core.webui.keyword.WebUiBuiltInKeywords.verifyElementNotPresent(WebUiBuiltInKeywords.groovy:1481)
	at com.kms.katalon.core.webui.keyword.WebUiBuiltInKeywords$verifyElementNotPresent$8.call(Unknown Source)
	at GetBrokSumPriceDaily.run(GetBrokSumPriceDaily:258)
	at com.kms.katalon.core.main.ScriptEngine.run(ScriptEngine.java:194)
	at com.kms.katalon.core.main.ScriptEngine.runScriptAsRawText(ScriptEngine.java:119)
	at com.kms.katalon.core.main.TestCaseExecutor.runScript(TestCaseExecutor.java:445)
	at com.kms.katalon.core.main.TestCaseExecutor.doExecute(TestCaseExecutor.java:436)
	at com.kms.katalon.core.main.TestCaseExecutor.processExecutionPhase(TestCaseExecutor.java:415)
	at com.kms.katalon.core.main.TestCaseExecutor.accessMainPhase(TestCaseExecutor.java:407)
	at com.kms.katalon.core.main.TestCaseExecutor.execute(TestCaseExecutor.java:284)
	at com.kms.katalon.core.common.CommonExecutor.accessTestCaseMainPhase(CommonExecutor.java:65)
	at com.kms.katalon.core.main.TestSuiteExecutor.accessTestSuiteMainPhase(TestSuiteExecutor.java:144)
	at com.kms.katalon.core.main.TestSuiteExecutor.execute(TestSuiteExecutor.java:106)
	at com.kms.katalon.core.main.TestCaseMain.startTestSuite(TestCaseMain.java:185)
	at com.kms.katalon.core.main.TestCaseMain$startTestSuite$0.call(Unknown Source)
	at TempTestSuite1705922193915.run(TempTestSuite1705922193915.groovy:36)
)

2024-01-22 18:30:41 - [MESSAGE][WARNING] - Web element with id: 'Object Repository/Stockbit/Bandarmology_Buyer2' located by 'By.xpath: //*[contains(@id, 'rc-tabs-')]/div[2]/div/div/div/div/div/div[2]/table/tbody/tr[3]/td[1]/p' is present after '1' second(s) (Root cause: com.kms.katalon.core.exception.StepFailedException: Web element with id: 'Object Repository/Stockbit/Bandarmology_Buyer2' located by 'By.xpath: //*[contains(@id, 'rc-tabs-')]/div[2]/div/div/div/div/div/div[2]/table/tbody/tr[3]/td[1]/p' is present after '1' second(s)
	at com.kms.katalon.core.webui.keyword.internal.WebUIKeywordMain.stepFailed(WebUIKeywordMain.groovy:64)
	at com.kms.katalon.core.webui.keyword.internal.WebUIKeywordMain$stepFailed$0.call(Unknown Source)
	at com.kms.katalon.core.webui.keyword.builtin.VerifyElementNotPresentKeyword$_verifyElementNotPresent_closure1.doCall(VerifyElementNotPresentKeyword.groovy:106)
	at com.kms.katalon.core.webui.keyword.builtin.VerifyElementNotPresentKeyword$_verifyElementNotPresent_closure1.doCall(VerifyElementNotPresentKeyword.groovy)
	at com.kms.katalon.core.webui.keyword.internal.WebUIKeywordMain.runKeyword(WebUIKeywordMain.groovy:20)
	at com.kms.katalon.core.webui.keyword.internal.WebUIKeywordMain$runKeyword.call(Unknown Source)
	at com.kms.katalon.core.webui.keyword.builtin.VerifyElementNotPresentKeyword.verifyElementNotPresent(VerifyElementNotPresentKeyword.groovy:117)
	at com.kms.katalon.core.webui.keyword.builtin.VerifyElementNotPresentKeyword.execute(VerifyElementNotPresentKeyword.groovy:68)
	at com.kms.katalon.core.keyword.internal.KeywordExecutor.executeKeywordForPlatform(KeywordExecutor.groovy:74)
	at com.kms.katalon.core.webui.keyword.WebUiBuiltInKeywords.verifyElementNotPresent(WebUiBuiltInKeywords.groovy:1481)
	at com.kms.katalon.core.webui.keyword.WebUiBuiltInKeywords$verifyElementNotPresent$8.call(Unknown Source)
	at GetBrokSumPriceDaily.run(GetBrokSumPriceDaily:258)
	at com.kms.katalon.core.main.ScriptEngine.run(ScriptEngine.java:194)
	at com.kms.katalon.core.main.ScriptEngine.runScriptAsRawText(ScriptEngine.java:119)
	at com.kms.katalon.core.main.TestCaseExecutor.runScript(TestCaseExecutor.java:445)
	at com.kms.katalon.core.main.TestCaseExecutor.doExecute(TestCaseExecutor.java:436)
	at com.kms.katalon.core.main.TestCaseExecutor.processExecutionPhase(TestCaseExecutor.java:415)
	at com.kms.katalon.core.main.TestCaseExecutor.accessMainPhase(TestCaseExecutor.java:407)
	at com.kms.katalon.core.main.TestCaseExecutor.execute(TestCaseExecutor.java:284)
	at com.kms.katalon.core.common.CommonExecutor.accessTestCaseMainPhase(CommonExecutor.java:65)
	at com.kms.katalon.core.main.TestSuiteExecutor.accessTestSuiteMainPhase(TestSuiteExecutor.java:144)
	at com.kms.katalon.core.main.TestSuiteExecutor.execute(TestSuiteExecutor.java:106)
	at com.kms.katalon.core.main.TestCaseMain.startTestSuite(TestCaseMain.java:185)
	at com.kms.katalon.core.main.TestCaseMain$startTestSuite$0.call(Unknown Source)
	at TempTestSuite1705922193915.run(TempTestSuite1705922193915.groovy:36)
)
[[ATTACHMENT|C:\\Users\\Fadli\\git\\KatalonDailyGetData2\\Reports\\20240122_174123\\TS1\\20240122_181633\\1705923040943.png]]

2024-01-22 18:30:41 - [TEST_STEP][PASSED] - else: null

2024-01-22 18:30:41 - [TEST_STEP][PASSED] - strBuyer2 = getText(findTestObject("Stockbit/Bandarmology_Buyer2")): Text of object 'Object Repository/Stockbit/Bandarmology_Buyer2' is: 'DH'

2024-01-22 18:30:41 - [MESSAGE][PASSED] - Text of object 'Object Repository/Stockbit/Bandarmology_Buyer2' is: 'DH'

2024-01-22 18:30:41 - [TEST_STEP][PASSED] - strBuyerVol2 = getText(findTestObject("Stockbit/Bandarmology_BuyerVol2")): Text of object 'Object Repository/Stockbit/Bandarmology_BuyerVol2' is: '1.4 K'

2024-01-22 18:30:41 - [MESSAGE][PASSED] - Text of object 'Object Repository/Stockbit/Bandarmology_BuyerVol2' is: '1.4 K'

2024-01-22 18:30:41 - [TEST_STEP][PASSED] - strBuyerAvg2 = getText(findTestObject("Stockbit/Bandarmology_BuyerAvg2")): Text of object 'Object Repository/Stockbit/Bandarmology_BuyerAvg2' is: '101'

2024-01-22 18:30:41 - [MESSAGE][PASSED] - Text of object 'Object Repository/Stockbit/Bandarmology_BuyerAvg2' is: '101'

2024-01-22 18:30:41 - [TEST_STEP][PASSED] - if (strBuyer2 != ""): null

2024-01-22 18:30:41 - [TEST_STEP][PASSED] - if (strBuyerAvg2.contains(",")): null

2024-01-22 18:30:41 - [TEST_STEP][PASSED] - if (strBuyerVol2.contains(" B")): null

2024-01-22 18:30:41 - [TEST_STEP][PASSED] - else if (strBuyerVol2.contains(" M")): null

2024-01-22 18:30:41 - [TEST_STEP][PASSED] - else if (strBuyerVol2.contains(" K")): null

2024-01-22 18:30:41 - [TEST_STEP][PASSED] - strBuyerVol2 = strBuyerVol2.replace(" K", ""): null

2024-01-22 18:30:41 - [TEST_STEP][PASSED] - strBuyerVol2 = strBuyerVol2.toDouble() * 1000: null

2024-01-22 18:30:41 - [TEST_STEP][PASSED] - if (strBuyerVol2.contains(".")): null

2024-01-22 18:30:41 - [TEST_STEP][PASSED] - strBuyerVal2 = strBuyerVol2.replace(".", ""): null

2024-01-22 18:30:41 - [TEST_STEP][PASSED] - if (verifyElementNotPresent(findTestObject("Stockbit/Bandarmology_Seller2"), 1, OPTIONAL)): Web element with id: 'Object Repository/Stockbit/Bandarmology_Seller2' located by 'By.xpath: //*[contains(@id, 'rc-tabs-')]/div[2]/div/div/div/div/div/div[2]/table/tbody/tr[3]/td[5]/p' is present after '1' second(s) (Root cause: com.kms.katalon.core.exception.StepFailedException: Web element with id: 'Object Repository/Stockbit/Bandarmology_Seller2' located by 'By.xpath: //*[contains(@id, 'rc-tabs-')]/div[2]/div/div/div/div/div/div[2]/table/tbody/tr[3]/td[5]/p' is present after '1' second(s)
	at com.kms.katalon.core.webui.keyword.internal.WebUIKeywordMain.stepFailed(WebUIKeywordMain.groovy:64)
	at com.kms.katalon.core.webui.keyword.internal.WebUIKeywordMain$stepFailed$0.call(Unknown Source)
	at com.kms.katalon.core.webui.keyword.builtin.VerifyElementNotPresentKeyword$_verifyElementNotPresent_closure1.doCall(VerifyElementNotPresentKeyword.groovy:106)
	at com.kms.katalon.core.webui.keyword.builtin.VerifyElementNotPresentKeyword$_verifyElementNotPresent_closure1.doCall(VerifyElementNotPresentKeyword.groovy)
	at com.kms.katalon.core.webui.keyword.internal.WebUIKeywordMain.runKeyword(WebUIKeywordMain.groovy:20)
	at com.kms.katalon.core.webui.keyword.internal.WebUIKeywordMain$runKeyword.call(Unknown Source)
	at com.kms.katalon.core.webui.keyword.builtin.VerifyElementNotPresentKeyword.verifyElementNotPresent(VerifyElementNotPresentKeyword.groovy:117)
	at com.kms.katalon.core.webui.keyword.builtin.VerifyElementNotPresentKeyword.execute(VerifyElementNotPresentKeyword.groovy:68)
	at com.kms.katalon.core.keyword.internal.KeywordExecutor.executeKeywordForPlatform(KeywordExecutor.groovy:74)
	at com.kms.katalon.core.webui.keyword.WebUiBuiltInKeywords.verifyElementNotPresent(WebUiBuiltInKeywords.groovy:1481)
	at com.kms.katalon.core.webui.keyword.WebUiBuiltInKeywords$verifyElementNotPresent$8.call(Unknown Source)
	at GetBrokSumPriceDaily.run(GetBrokSumPriceDaily:309)
	at com.kms.katalon.core.main.ScriptEngine.run(ScriptEngine.java:194)
	at com.kms.katalon.core.main.ScriptEngine.runScriptAsRawText(ScriptEngine.java:119)
	at com.kms.katalon.core.main.TestCaseExecutor.runScript(TestCaseExecutor.java:445)
	at com.kms.katalon.core.main.TestCaseExecutor.doExecute(TestCaseExecutor.java:436)
	at com.kms.katalon.core.main.TestCaseExecutor.processExecutionPhase(TestCaseExecutor.java:415)
	at com.kms.katalon.core.main.TestCaseExecutor.accessMainPhase(TestCaseExecutor.java:407)
	at com.kms.katalon.core.main.TestCaseExecutor.execute(TestCaseExecutor.java:284)
	at com.kms.katalon.core.common.CommonExecutor.accessTestCaseMainPhase(CommonExecutor.java:65)
	at com.kms.katalon.core.main.TestSuiteExecutor.accessTestSuiteMainPhase(TestSuiteExecutor.java:144)
	at com.kms.katalon.core.main.TestSuiteExecutor.execute(TestSuiteExecutor.java:106)
	at com.kms.katalon.core.main.TestCaseMain.startTestSuite(TestCaseMain.java:185)
	at com.kms.katalon.core.main.TestCaseMain$startTestSuite$0.call(Unknown Source)
	at TempTestSuite1705922193915.run(TempTestSuite1705922193915.groovy:36)
)

2024-01-22 18:30:42 - [MESSAGE][WARNING] - Web element with id: 'Object Repository/Stockbit/Bandarmology_Seller2' located by 'By.xpath: //*[contains(@id, 'rc-tabs-')]/div[2]/div/div/div/div/div/div[2]/table/tbody/tr[3]/td[5]/p' is present after '1' second(s) (Root cause: com.kms.katalon.core.exception.StepFailedException: Web element with id: 'Object Repository/Stockbit/Bandarmology_Seller2' located by 'By.xpath: //*[contains(@id, 'rc-tabs-')]/div[2]/div/div/div/div/div/div[2]/table/tbody/tr[3]/td[5]/p' is present after '1' second(s)
	at com.kms.katalon.core.webui.keyword.internal.WebUIKeywordMain.stepFailed(WebUIKeywordMain.groovy:64)
	at com.kms.katalon.core.webui.keyword.internal.WebUIKeywordMain$stepFailed$0.call(Unknown Source)
	at com.kms.katalon.core.webui.keyword.builtin.VerifyElementNotPresentKeyword$_verifyElementNotPresent_closure1.doCall(VerifyElementNotPresentKeyword.groovy:106)
	at com.kms.katalon.core.webui.keyword.builtin.VerifyElementNotPresentKeyword$_verifyElementNotPresent_closure1.doCall(VerifyElementNotPresentKeyword.groovy)
	at com.kms.katalon.core.webui.keyword.internal.WebUIKeywordMain.runKeyword(WebUIKeywordMain.groovy:20)
	at com.kms.katalon.core.webui.keyword.internal.WebUIKeywordMain$runKeyword.call(Unknown Source)
	at com.kms.katalon.core.webui.keyword.builtin.VerifyElementNotPresentKeyword.verifyElementNotPresent(VerifyElementNotPresentKeyword.groovy:117)
	at com.kms.katalon.core.webui.keyword.builtin.VerifyElementNotPresentKeyword.execute(VerifyElementNotPresentKeyword.groovy:68)
	at com.kms.katalon.core.keyword.internal.KeywordExecutor.executeKeywordForPlatform(KeywordExecutor.groovy:74)
	at com.kms.katalon.core.webui.keyword.WebUiBuiltInKeywords.verifyElementNotPresent(WebUiBuiltInKeywords.groovy:1481)
	at com.kms.katalon.core.webui.keyword.WebUiBuiltInKeywords$verifyElementNotPresent$8.call(Unknown Source)
	at GetBrokSumPriceDaily.run(GetBrokSumPriceDaily:309)
	at com.kms.katalon.core.main.ScriptEngine.run(ScriptEngine.java:194)
	at com.kms.katalon.core.main.ScriptEngine.runScriptAsRawText(ScriptEngine.java:119)
	at com.kms.katalon.core.main.TestCaseExecutor.runScript(TestCaseExecutor.java:445)
	at com.kms.katalon.core.main.TestCaseExecutor.doExecute(TestCaseExecutor.java:436)
	at com.kms.katalon.core.main.TestCaseExecutor.processExecutionPhase(TestCaseExecutor.java:415)
	at com.kms.katalon.core.main.TestCaseExecutor.accessMainPhase(TestCaseExecutor.java:407)
	at com.kms.katalon.core.main.TestCaseExecutor.execute(TestCaseExecutor.java:284)
	at com.kms.katalon.core.common.CommonExecutor.accessTestCaseMainPhase(CommonExecutor.java:65)
	at com.kms.katalon.core.main.TestSuiteExecutor.accessTestSuiteMainPhase(TestSuiteExecutor.java:144)
	at com.kms.katalon.core.main.TestSuiteExecutor.execute(TestSuiteExecutor.java:106)
	at com.kms.katalon.core.main.TestCaseMain.startTestSuite(TestCaseMain.java:185)
	at com.kms.katalon.core.main.TestCaseMain$startTestSuite$0.call(Unknown Source)
	at TempTestSuite1705922193915.run(TempTestSuite1705922193915.groovy:36)
)
[[ATTACHMENT|C:\\Users\\Fadli\\git\\KatalonDailyGetData2\\Reports\\20240122_174123\\TS1\\20240122_181633\\1705923042656.png]]

2024-01-22 18:30:42 - [TEST_STEP][PASSED] - else: null

2024-01-22 18:30:42 - [TEST_STEP][PASSED] - strSeller2 = getText(findTestObject("Stockbit/Bandarmology_Seller2")): Text of object 'Object Repository/Stockbit/Bandarmology_Seller2' is: 'RO'

2024-01-22 18:30:42 - [MESSAGE][PASSED] - Text of object 'Object Repository/Stockbit/Bandarmology_Seller2' is: 'RO'

2024-01-22 18:30:42 - [TEST_STEP][PASSED] - strSellerVol2 = getText(findTestObject("Stockbit/Bandarmology_SellerVol2")): Text of object 'Object Repository/Stockbit/Bandarmology_SellerVol2' is: '1.9 K'

2024-01-22 18:30:43 - [MESSAGE][PASSED] - Text of object 'Object Repository/Stockbit/Bandarmology_SellerVol2' is: '1.9 K'

2024-01-22 18:30:43 - [TEST_STEP][PASSED] - strSellerAvg2 = getText(findTestObject("Stockbit/Bandarmology_SellerAvg2")): Text of object 'Object Repository/Stockbit/Bandarmology_SellerAvg2' is: '101'

2024-01-22 18:30:43 - [MESSAGE][PASSED] - Text of object 'Object Repository/Stockbit/Bandarmology_SellerAvg2' is: '101'

2024-01-22 18:30:43 - [TEST_STEP][PASSED] - if (strSeller2 != ""): null

2024-01-22 18:30:43 - [TEST_STEP][PASSED] - if (strSellerAvg2.contains(",")): null

2024-01-22 18:30:43 - [TEST_STEP][PASSED] - if (strSellerVol2.contains(" B")): null

2024-01-22 18:30:43 - [TEST_STEP][PASSED] - else if (strSellerVol2.contains(" M")): null

2024-01-22 18:30:43 - [TEST_STEP][PASSED] - else if (strSellerVol2.contains(" K")): null

2024-01-22 18:30:43 - [TEST_STEP][PASSED] - strSellerVol2 = strSellerVol2.replace(" K", ""): null

2024-01-22 18:30:43 - [TEST_STEP][PASSED] - strSellerVol2 = strSellerVol2.toDouble() * 1000: null

2024-01-22 18:30:43 - [TEST_STEP][PASSED] - if (verifyElementNotPresent(findTestObject("Stockbit/Bandarmology_Buyer3"), 1, OPTIONAL)): Web element with id: 'Object Repository/Stockbit/Bandarmology_Buyer3' located by 'By.xpath: //*[contains(@id, 'rc-tabs-')]/div[2]/div/div/div/div/div/div[2]/table/tbody/tr[4]/td[1]/p' is present after '1' second(s) (Root cause: com.kms.katalon.core.exception.StepFailedException: Web element with id: 'Object Repository/Stockbit/Bandarmology_Buyer3' located by 'By.xpath: //*[contains(@id, 'rc-tabs-')]/div[2]/div/div/div/div/div/div[2]/table/tbody/tr[4]/td[1]/p' is present after '1' second(s)
	at com.kms.katalon.core.webui.keyword.internal.WebUIKeywordMain.stepFailed(WebUIKeywordMain.groovy:64)
	at com.kms.katalon.core.webui.keyword.internal.WebUIKeywordMain$stepFailed$0.call(Unknown Source)
	at com.kms.katalon.core.webui.keyword.builtin.VerifyElementNotPresentKeyword$_verifyElementNotPresent_closure1.doCall(VerifyElementNotPresentKeyword.groovy:106)
	at com.kms.katalon.core.webui.keyword.builtin.VerifyElementNotPresentKeyword$_verifyElementNotPresent_closure1.doCall(VerifyElementNotPresentKeyword.groovy)
	at com.kms.katalon.core.webui.keyword.internal.WebUIKeywordMain.runKeyword(WebUIKeywordMain.groovy:20)
	at com.kms.katalon.core.webui.keyword.internal.WebUIKeywordMain$runKeyword.call(Unknown Source)
	at com.kms.katalon.core.webui.keyword.builtin.VerifyElementNotPresentKeyword.verifyElementNotPresent(VerifyElementNotPresentKeyword.groovy:117)
	at com.kms.katalon.core.webui.keyword.builtin.VerifyElementNotPresentKeyword.execute(VerifyElementNotPresentKeyword.groovy:68)
	at com.kms.katalon.core.keyword.internal.KeywordExecutor.executeKeywordForPlatform(KeywordExecutor.groovy:74)
	at com.kms.katalon.core.webui.keyword.WebUiBuiltInKeywords.verifyElementNotPresent(WebUiBuiltInKeywords.groovy:1481)
	at com.kms.katalon.core.webui.keyword.WebUiBuiltInKeywords$verifyElementNotPresent$8.call(Unknown Source)
	at GetBrokSumPriceDaily.run(GetBrokSumPriceDaily:361)
	at com.kms.katalon.core.main.ScriptEngine.run(ScriptEngine.java:194)
	at com.kms.katalon.core.main.ScriptEngine.runScriptAsRawText(ScriptEngine.java:119)
	at com.kms.katalon.core.main.TestCaseExecutor.runScript(TestCaseExecutor.java:445)
	at com.kms.katalon.core.main.TestCaseExecutor.doExecute(TestCaseExecutor.java:436)
	at com.kms.katalon.core.main.TestCaseExecutor.processExecutionPhase(TestCaseExecutor.java:415)
	at com.kms.katalon.core.main.TestCaseExecutor.accessMainPhase(TestCaseExecutor.java:407)
	at com.kms.katalon.core.main.TestCaseExecutor.execute(TestCaseExecutor.java:284)
	at com.kms.katalon.core.common.CommonExecutor.accessTestCaseMainPhase(CommonExecutor.java:65)
	at com.kms.katalon.core.main.TestSuiteExecutor.accessTestSuiteMainPhase(TestSuiteExecutor.java:144)
	at com.kms.katalon.core.main.TestSuiteExecutor.execute(TestSuiteExecutor.java:106)
	at com.kms.katalon.core.main.TestCaseMain.startTestSuite(TestCaseMain.java:185)
	at com.kms.katalon.core.main.TestCaseMain$startTestSuite$0.call(Unknown Source)
	at TempTestSuite1705922193915.run(TempTestSuite1705922193915.groovy:36)
)

2024-01-22 18:30:44 - [MESSAGE][WARNING] - Web element with id: 'Object Repository/Stockbit/Bandarmology_Buyer3' located by 'By.xpath: //*[contains(@id, 'rc-tabs-')]/div[2]/div/div/div/div/div/div[2]/table/tbody/tr[4]/td[1]/p' is present after '1' second(s) (Root cause: com.kms.katalon.core.exception.StepFailedException: Web element with id: 'Object Repository/Stockbit/Bandarmology_Buyer3' located by 'By.xpath: //*[contains(@id, 'rc-tabs-')]/div[2]/div/div/div/div/div/div[2]/table/tbody/tr[4]/td[1]/p' is present after '1' second(s)
	at com.kms.katalon.core.webui.keyword.internal.WebUIKeywordMain.stepFailed(WebUIKeywordMain.groovy:64)
	at com.kms.katalon.core.webui.keyword.internal.WebUIKeywordMain$stepFailed$0.call(Unknown Source)
	at com.kms.katalon.core.webui.keyword.builtin.VerifyElementNotPresentKeyword$_verifyElementNotPresent_closure1.doCall(VerifyElementNotPresentKeyword.groovy:106)
	at com.kms.katalon.core.webui.keyword.builtin.VerifyElementNotPresentKeyword$_verifyElementNotPresent_closure1.doCall(VerifyElementNotPresentKeyword.groovy)
	at com.kms.katalon.core.webui.keyword.internal.WebUIKeywordMain.runKeyword(WebUIKeywordMain.groovy:20)
	at com.kms.katalon.core.webui.keyword.internal.WebUIKeywordMain$runKeyword.call(Unknown Source)
	at com.kms.katalon.core.webui.keyword.builtin.VerifyElementNotPresentKeyword.verifyElementNotPresent(VerifyElementNotPresentKeyword.groovy:117)
	at com.kms.katalon.core.webui.keyword.builtin.VerifyElementNotPresentKeyword.execute(VerifyElementNotPresentKeyword.groovy:68)
	at com.kms.katalon.core.keyword.internal.KeywordExecutor.executeKeywordForPlatform(KeywordExecutor.groovy:74)
	at com.kms.katalon.core.webui.keyword.WebUiBuiltInKeywords.verifyElementNotPresent(WebUiBuiltInKeywords.groovy:1481)
	at com.kms.katalon.core.webui.keyword.WebUiBuiltInKeywords$verifyElementNotPresent$8.call(Unknown Source)
	at GetBrokSumPriceDaily.run(GetBrokSumPriceDaily:361)
	at com.kms.katalon.core.main.ScriptEngine.run(ScriptEngine.java:194)
	at com.kms.katalon.core.main.ScriptEngine.runScriptAsRawText(ScriptEngine.java:119)
	at com.kms.katalon.core.main.TestCaseExecutor.runScript(TestCaseExecutor.java:445)
	at com.kms.katalon.core.main.TestCaseExecutor.doExecute(TestCaseExecutor.java:436)
	at com.kms.katalon.core.main.TestCaseExecutor.processExecutionPhase(TestCaseExecutor.java:415)
	at com.kms.katalon.core.main.TestCaseExecutor.accessMainPhase(TestCaseExecutor.java:407)
	at com.kms.katalon.core.main.TestCaseExecutor.execute(TestCaseExecutor.java:284)
	at com.kms.katalon.core.common.CommonExecutor.accessTestCaseMainPhase(CommonExecutor.java:65)
	at com.kms.katalon.core.main.TestSuiteExecutor.accessTestSuiteMainPhase(TestSuiteExecutor.java:144)
	at com.kms.katalon.core.main.TestSuiteExecutor.execute(TestSuiteExecutor.java:106)
	at com.kms.katalon.core.main.TestCaseMain.startTestSuite(TestCaseMain.java:185)
	at com.kms.katalon.core.main.TestCaseMain$startTestSuite$0.call(Unknown Source)
	at TempTestSuite1705922193915.run(TempTestSuite1705922193915.groovy:36)
)
[[ATTACHMENT|C:\\Users\\Fadli\\git\\KatalonDailyGetData2\\Reports\\20240122_174123\\TS1\\20240122_181633\\1705923044376.png]]

2024-01-22 18:30:44 - [TEST_STEP][PASSED] - else: null

2024-01-22 18:30:44 - [TEST_STEP][PASSED] - strBuyer3 = getText(findTestObject("Stockbit/Bandarmology_Buyer3")): Text of object 'Object Repository/Stockbit/Bandarmology_Buyer3' is: 'CP'

2024-01-22 18:30:44 - [MESSAGE][PASSED] - Text of object 'Object Repository/Stockbit/Bandarmology_Buyer3' is: 'CP'

2024-01-22 18:30:44 - [TEST_STEP][PASSED] - strBuyerVol3 = getText(findTestObject("Stockbit/Bandarmology_BuyerVol3")): Text of object 'Object Repository/Stockbit/Bandarmology_BuyerVol3' is: '1.3 K'

2024-01-22 18:30:44 - [MESSAGE][PASSED] - Text of object 'Object Repository/Stockbit/Bandarmology_BuyerVol3' is: '1.3 K'

2024-01-22 18:30:44 - [TEST_STEP][PASSED] - strBuyerAvg3 = getText(findTestObject("Stockbit/Bandarmology_BuyerAvg3")): Text of object 'Object Repository/Stockbit/Bandarmology_BuyerAvg3' is: '101'

2024-01-22 18:30:44 - [MESSAGE][PASSED] - Text of object 'Object Repository/Stockbit/Bandarmology_BuyerAvg3' is: '101'

2024-01-22 18:30:44 - [TEST_STEP][PASSED] - if (strBuyer3 != ""): null

2024-01-22 18:30:44 - [TEST_STEP][PASSED] - if (strBuyerAvg3.contains(",")): null

2024-01-22 18:30:44 - [TEST_STEP][PASSED] - if (strBuyerVol3.contains(" B")): null

2024-01-22 18:30:44 - [TEST_STEP][PASSED] - else if (strBuyerVol3.contains(" M")): null

2024-01-22 18:30:44 - [TEST_STEP][PASSED] - else if (strBuyerVol3.contains(" K")): null

2024-01-22 18:30:44 - [TEST_STEP][PASSED] - strBuyerVol3 = strBuyerVol3.replace(" K", ""): null

2024-01-22 18:30:44 - [TEST_STEP][PASSED] - strBuyerVol3 = strBuyerVol3.toDouble() * 1000: null

2024-01-22 18:30:44 - [TEST_STEP][PASSED] - if (verifyElementNotPresent(findTestObject("Stockbit/Bandarmology_Seller3"), 1, OPTIONAL)): Web element with id: 'Object Repository/Stockbit/Bandarmology_Seller3' located by 'By.xpath: //*[contains(@id, 'rc-tabs-')]/div[2]/div/div/div/div/div/div[2]/table/tbody/tr[4]/td[5]/p' is present after '1' second(s) (Root cause: com.kms.katalon.core.exception.StepFailedException: Web element with id: 'Object Repository/Stockbit/Bandarmology_Seller3' located by 'By.xpath: //*[contains(@id, 'rc-tabs-')]/div[2]/div/div/div/div/div/div[2]/table/tbody/tr[4]/td[5]/p' is present after '1' second(s)
	at com.kms.katalon.core.webui.keyword.internal.WebUIKeywordMain.stepFailed(WebUIKeywordMain.groovy:64)
	at com.kms.katalon.core.webui.keyword.internal.WebUIKeywordMain$stepFailed$0.call(Unknown Source)
	at com.kms.katalon.core.webui.keyword.builtin.VerifyElementNotPresentKeyword$_verifyElementNotPresent_closure1.doCall(VerifyElementNotPresentKeyword.groovy:106)
	at com.kms.katalon.core.webui.keyword.builtin.VerifyElementNotPresentKeyword$_verifyElementNotPresent_closure1.doCall(VerifyElementNotPresentKeyword.groovy)
	at com.kms.katalon.core.webui.keyword.internal.WebUIKeywordMain.runKeyword(WebUIKeywordMain.groovy:20)
	at com.kms.katalon.core.webui.keyword.internal.WebUIKeywordMain$runKeyword.call(Unknown Source)
	at com.kms.katalon.core.webui.keyword.builtin.VerifyElementNotPresentKeyword.verifyElementNotPresent(VerifyElementNotPresentKeyword.groovy:117)
	at com.kms.katalon.core.webui.keyword.builtin.VerifyElementNotPresentKeyword.execute(VerifyElementNotPresentKeyword.groovy:68)
	at com.kms.katalon.core.keyword.internal.KeywordExecutor.executeKeywordForPlatform(KeywordExecutor.groovy:74)
	at com.kms.katalon.core.webui.keyword.WebUiBuiltInKeywords.verifyElementNotPresent(WebUiBuiltInKeywords.groovy:1481)
	at com.kms.katalon.core.webui.keyword.WebUiBuiltInKeywords$verifyElementNotPresent$8.call(Unknown Source)
	at GetBrokSumPriceDaily.run(GetBrokSumPriceDaily:414)
	at com.kms.katalon.core.main.ScriptEngine.run(ScriptEngine.java:194)
	at com.kms.katalon.core.main.ScriptEngine.runScriptAsRawText(ScriptEngine.java:119)
	at com.kms.katalon.core.main.TestCaseExecutor.runScript(TestCaseExecutor.java:445)
	at com.kms.katalon.core.main.TestCaseExecutor.doExecute(TestCaseExecutor.java:436)
	at com.kms.katalon.core.main.TestCaseExecutor.processExecutionPhase(TestCaseExecutor.java:415)
	at com.kms.katalon.core.main.TestCaseExecutor.accessMainPhase(TestCaseExecutor.java:407)
	at com.kms.katalon.core.main.TestCaseExecutor.execute(TestCaseExecutor.java:284)
	at com.kms.katalon.core.common.CommonExecutor.accessTestCaseMainPhase(CommonExecutor.java:65)
	at com.kms.katalon.core.main.TestSuiteExecutor.accessTestSuiteMainPhase(TestSuiteExecutor.java:144)
	at com.kms.katalon.core.main.TestSuiteExecutor.execute(TestSuiteExecutor.java:106)
	at com.kms.katalon.core.main.TestCaseMain.startTestSuite(TestCaseMain.java:185)
	at com.kms.katalon.core.main.TestCaseMain$startTestSuite$0.call(Unknown Source)
	at TempTestSuite1705922193915.run(TempTestSuite1705922193915.groovy:36)
)

2024-01-22 18:30:46 - [MESSAGE][WARNING] - Web element with id: 'Object Repository/Stockbit/Bandarmology_Seller3' located by 'By.xpath: //*[contains(@id, 'rc-tabs-')]/div[2]/div/div/div/div/div/div[2]/table/tbody/tr[4]/td[5]/p' is present after '1' second(s) (Root cause: com.kms.katalon.core.exception.StepFailedException: Web element with id: 'Object Repository/Stockbit/Bandarmology_Seller3' located by 'By.xpath: //*[contains(@id, 'rc-tabs-')]/div[2]/div/div/div/div/div/div[2]/table/tbody/tr[4]/td[5]/p' is present after '1' second(s)
	at com.kms.katalon.core.webui.keyword.internal.WebUIKeywordMain.stepFailed(WebUIKeywordMain.groovy:64)
	at com.kms.katalon.core.webui.keyword.internal.WebUIKeywordMain$stepFailed$0.call(Unknown Source)
	at com.kms.katalon.core.webui.keyword.builtin.VerifyElementNotPresentKeyword$_verifyElementNotPresent_closure1.doCall(VerifyElementNotPresentKeyword.groovy:106)
	at com.kms.katalon.core.webui.keyword.builtin.VerifyElementNotPresentKeyword$_verifyElementNotPresent_closure1.doCall(VerifyElementNotPresentKeyword.groovy)
	at com.kms.katalon.core.webui.keyword.internal.WebUIKeywordMain.runKeyword(WebUIKeywordMain.groovy:20)
	at com.kms.katalon.core.webui.keyword.internal.WebUIKeywordMain$runKeyword.call(Unknown Source)
	at com.kms.katalon.core.webui.keyword.builtin.VerifyElementNotPresentKeyword.verifyElementNotPresent(VerifyElementNotPresentKeyword.groovy:117)
	at com.kms.katalon.core.webui.keyword.builtin.VerifyElementNotPresentKeyword.execute(VerifyElementNotPresentKeyword.groovy:68)
	at com.kms.katalon.core.keyword.internal.KeywordExecutor.executeKeywordForPlatform(KeywordExecutor.groovy:74)
	at com.kms.katalon.core.webui.keyword.WebUiBuiltInKeywords.verifyElementNotPresent(WebUiBuiltInKeywords.groovy:1481)
	at com.kms.katalon.core.webui.keyword.WebUiBuiltInKeywords$verifyElementNotPresent$8.call(Unknown Source)
	at GetBrokSumPriceDaily.run(GetBrokSumPriceDaily:414)
	at com.kms.katalon.core.main.ScriptEngine.run(ScriptEngine.java:194)
	at com.kms.katalon.core.main.ScriptEngine.runScriptAsRawText(ScriptEngine.java:119)
	at com.kms.katalon.core.main.TestCaseExecutor.runScript(TestCaseExecutor.java:445)
	at com.kms.katalon.core.main.TestCaseExecutor.doExecute(TestCaseExecutor.java:436)
	at com.kms.katalon.core.main.TestCaseExecutor.processExecutionPhase(TestCaseExecutor.java:415)
	at com.kms.katalon.core.main.TestCaseExecutor.accessMainPhase(TestCaseExecutor.java:407)
	at com.kms.katalon.core.main.TestCaseExecutor.execute(TestCaseExecutor.java:284)
	at com.kms.katalon.core.common.CommonExecutor.accessTestCaseMainPhase(CommonExecutor.java:65)
	at com.kms.katalon.core.main.TestSuiteExecutor.accessTestSuiteMainPhase(TestSuiteExecutor.java:144)
	at com.kms.katalon.core.main.TestSuiteExecutor.execute(TestSuiteExecutor.java:106)
	at com.kms.katalon.core.main.TestCaseMain.startTestSuite(TestCaseMain.java:185)
	at com.kms.katalon.core.main.TestCaseMain$startTestSuite$0.call(Unknown Source)
	at TempTestSuite1705922193915.run(TempTestSuite1705922193915.groovy:36)
)
[[ATTACHMENT|C:\\Users\\Fadli\\git\\KatalonDailyGetData2\\Reports\\20240122_174123\\TS1\\20240122_181633\\1705923046095.png]]

2024-01-22 18:30:46 - [TEST_STEP][PASSED] - else: null

2024-01-22 18:30:46 - [TEST_STEP][PASSED] - strSeller3 = getText(findTestObject("Stockbit/Bandarmology_Seller3")): Text of object 'Object Repository/Stockbit/Bandarmology_Seller3' is: 'LG'

2024-01-22 18:30:46 - [MESSAGE][PASSED] - Text of object 'Object Repository/Stockbit/Bandarmology_Seller3' is: 'LG'

2024-01-22 18:30:46 - [TEST_STEP][PASSED] - strSellerVol3 = getText(findTestObject("Stockbit/Bandarmology_SellerVol3")): Text of object 'Object Repository/Stockbit/Bandarmology_SellerVol3' is: '1 K'

2024-01-22 18:30:46 - [MESSAGE][PASSED] - Text of object 'Object Repository/Stockbit/Bandarmology_SellerVol3' is: '1 K'

2024-01-22 18:30:46 - [TEST_STEP][PASSED] - strSellerAvg3 = getText(findTestObject("Stockbit/Bandarmology_SellerAvg3")): Text of object 'Object Repository/Stockbit/Bandarmology_SellerAvg3' is: '100'

2024-01-22 18:30:46 - [MESSAGE][PASSED] - Text of object 'Object Repository/Stockbit/Bandarmology_SellerAvg3' is: '100'

2024-01-22 18:30:46 - [TEST_STEP][PASSED] - if (strSeller3 != ""): null

2024-01-22 18:30:46 - [TEST_STEP][PASSED] - if (strSellerAvg3.contains(",")): null

2024-01-22 18:30:46 - [TEST_STEP][PASSED] - if (strSellerVol3.contains(" B")): null

2024-01-22 18:30:46 - [TEST_STEP][PASSED] - else if (strSellerVol3.contains(" M")): null

2024-01-22 18:30:46 - [TEST_STEP][PASSED] - else if (strSellerVol3.contains(" K")): null

2024-01-22 18:30:46 - [TEST_STEP][PASSED] - strSellerVol3 = strSellerVol3.replace(" K", ""): null

2024-01-22 18:30:46 - [TEST_STEP][PASSED] - strSellerVol3 = strSellerVol3.toDouble() * 1000: null

2024-01-22 18:30:46 - [TEST_STEP][PASSED] - strAccDist = getText(findTestObject("Stockbit/Bandarmology_AccDist")): Text of object 'Object Repository/Stockbit/Bandarmology_AccDist' is: 'Dist'

2024-01-22 18:30:46 - [MESSAGE][PASSED] - Text of object 'Object Repository/Stockbit/Bandarmology_AccDist' is: 'Dist'

2024-01-22 18:30:46 - [TEST_STEP][PASSED] - strNetVol = getText(findTestObject("Stockbit/Bandarmology_NetVol")): Text of object 'Object Repository/Stockbit/Bandarmology_NetVol' is: '5,910'

2024-01-22 18:30:46 - [MESSAGE][PASSED] - Text of object 'Object Repository/Stockbit/Bandarmology_NetVol' is: '5,910'

2024-01-22 18:30:46 - [TEST_STEP][PASSED] - strNetVol = strNetVol.replace(",", ""): null

2024-01-22 18:30:46 - [TEST_STEP][PASSED] - strNetVal = getText(findTestObject("Stockbit/Bandarmology_NetVal")): Text of object 'Object Repository/Stockbit/Bandarmology_NetVal' is: '0.1 B'

2024-01-22 18:30:46 - [MESSAGE][PASSED] - Text of object 'Object Repository/Stockbit/Bandarmology_NetVal' is: '0.1 B'

2024-01-22 18:30:46 - [TEST_STEP][PASSED] - delay(3): Delayed 3 second(s)

2024-01-22 18:30:49 - [MESSAGE][PASSED] - Delayed 3 second(s)

2024-01-22 18:30:49 - [TEST_STEP][PASSED] - strOpenPrice = getText(findTestObject("Stockbit/Home_OpenPrice")): Text of object 'Object Repository/Stockbit/Home_OpenPrice' is: '101'

2024-01-22 18:30:50 - [MESSAGE][PASSED] - Text of object 'Object Repository/Stockbit/Home_OpenPrice' is: '101'

2024-01-22 18:30:50 - [TEST_STEP][PASSED] - strOpenPrice = strOpenPrice.replace(",", ""): null

2024-01-22 18:30:50 - [TEST_STEP][PASSED] - strLowPrice = getText(findTestObject("Stockbit/Home_LowPrice")): Text of object 'Object Repository/Stockbit/Home_LowPrice' is: '99'

2024-01-22 18:30:50 - [MESSAGE][PASSED] - Text of object 'Object Repository/Stockbit/Home_LowPrice' is: '99'

2024-01-22 18:30:50 - [TEST_STEP][PASSED] - strLowPrice = strLowPrice.replace(",", ""): null

2024-01-22 18:30:50 - [TEST_STEP][PASSED] - strHighPrice = getText(findTestObject("Stockbit/Home_HighPrice")): Text of object 'Object Repository/Stockbit/Home_HighPrice' is: '103'

2024-01-22 18:30:50 - [MESSAGE][PASSED] - Text of object 'Object Repository/Stockbit/Home_HighPrice' is: '103'

2024-01-22 18:30:50 - [TEST_STEP][PASSED] - strHighPrice = strHighPrice.replace(",", ""): null

2024-01-22 18:30:50 - [TEST_STEP][PASSED] - strClosePrice = getText(findTestObject("Stockbit/Home_ClosePrice")): Text of object 'Object Repository/Stockbit/Home_ClosePrice' is: '100'

2024-01-22 18:30:50 - [MESSAGE][PASSED] - Text of object 'Object Repository/Stockbit/Home_ClosePrice' is: '100'

2024-01-22 18:30:50 - [TEST_STEP][PASSED] - strClosePrice = strClosePrice.replace(",", ""): null

2024-01-22 18:30:50 - [TEST_STEP][PASSED] - strVol = getText(findTestObject("Stockbit/Home_Volume")): Text of object 'Object Repository/Stockbit/Home_Volume' is: '7 K'

2024-01-22 18:30:50 - [MESSAGE][PASSED] - Text of object 'Object Repository/Stockbit/Home_Volume' is: '7 K'

2024-01-22 18:30:50 - [TEST_STEP][PASSED] - if (strVol.contains(" K")): null

2024-01-22 18:30:50 - [TEST_STEP][PASSED] - strVol = strVol.replace(" K", "000"): null

2024-01-22 18:30:50 - [TEST_STEP][PASSED] - if (strVol.contains(",")): null

2024-01-22 18:30:50 - [TEST_STEP][PASSED] - strChange = getText(findTestObject("Stockbit/Home_Change")): Text of object 'Object Repository/Stockbit/Home_Change' is: '-0.99%'

2024-01-22 18:30:50 - [MESSAGE][PASSED] - Text of object 'Object Repository/Stockbit/Home_Change' is: '-0.99%'

2024-01-22 18:30:50 - [TEST_STEP][PASSED] - strChange = strChange.replace("%", ""): null

2024-01-22 18:30:50 - [TEST_STEP][PASSED] - strFreq = getText(findTestObject("Stockbit/Home_Freq")): Text of object 'Object Repository/Stockbit/Home_Freq' is: '79'

2024-01-22 18:30:50 - [MESSAGE][PASSED] - Text of object 'Object Repository/Stockbit/Home_Freq' is: '79'

2024-01-22 18:30:50 - [TEST_STEP][PASSED] - if (strFreq.contains(",")): null

2024-01-22 18:30:50 - [TEST_STEP][PASSED] - if (strFreq == "NA" || strFreq == ""): null

2024-01-22 18:30:50 - [TEST_STEP][PASSED] - else: null

2024-01-22 18:30:50 - [TEST_STEP][PASSED] - dblFreqAnal = strVol.toDouble() / strFreq.toDouble() * strFreq.toDouble() * strFreq.toDouble() * 100000000: null

2024-01-22 18:30:50 - [TEST_STEP][PASSED] - strFreqAnal = String.format("%.4f", dblFreqAnal): null

2024-01-22 18:30:50 - [TEST_STEP][PASSED] - out.println("Double strFreqAnal: " + strFreqAnal): null

2024-01-22 18:30:50 - [TEST_STEP][PASSED] - strTanggal = d.format(DateTimeFormatter.ofPattern("yyyy-MM-dd")): null

2024-01-22 18:30:50 - [TEST_STEP][PASSED] - strTanggal = "#" + strTanggal + "#": null

2024-01-22 18:30:50 - [TEST_STEP][PASSED] - strSQL = "select count(*) as JumBaris from TblBrokSum where Nama = '" + strNama + "' and Tanggal = " + strTanggal + "": null

2024-01-22 18:30:50 - [TEST_STEP][PASSED] - resultSet = statement.executeQuery(strSQL): null

2024-01-22 18:30:50 - [TEST_STEP][PASSED] - resultSet.next(): null

2024-01-22 18:30:50 - [TEST_STEP][PASSED] - intJumBaris = resultSet.getInt("JumBaris"): null

2024-01-22 18:30:50 - [TEST_STEP][PASSED] - if (intJumBaris > 0): null

2024-01-22 18:30:50 - [TEST_STEP][PASSED] - else: null

2024-01-22 18:30:50 - [TEST_STEP][PASSED] - try: null

2024-01-22 18:30:50 - [TEST_STEP][PASSED] - out.println("Insert data"): null

2024-01-22 18:30:50 - [TEST_STEP][PASSED] - strSQL = "insert into TblBrokSum (nama, tanggal, top1, top2, top3, AllBrokAvg, AccDist, AvgRP, " + "Buyer1, BuyerVal1, BuyerAvg1, Seller1, SellerVal1, SellerAvg1, Buyer2, BuyerVal2, BuyerAvg2, " + "Seller2, SellerVal2, SellerAvg2, Buyer3, BuyerVal3, BuyerAvg3, Seller3, SellerVal3, SellerAvg3, NetVol, NetVal, " + "OpenPrice, LowPrice, HighPrice, ClosePrice, Volume, Change, Frekuensi, FrekAnal) " + "values ('" + strNama + "', " + strTanggal + ", '" + strTop1 + "', '" + strTop3 + "', '" + strTop5 + "', " + "'" + strAllBrokAvg + "', '" + strAccDist + "', " + intAvgRP + ", '" + strBuyer1 + "', '" + strBuyerVol1 + "', " + strBuyerAvg1 + ", " + "'" + strSeller1 + "', '" + strSellerVol1 + "', " + strSellerAvg1 + ", '" + strBuyer2 + "', '" + strBuyerVol2 + "', " + strBuyerAvg2 + ", " + "'" + strSeller2 + "', '" + strSellerVol2 + "', " + strSellerAvg2 + ", '" + strBuyer3 + "', '" + strBuyerVol3 + "', " + strBuyerAvg3 + ", " + "'" + strSeller3 + "', '" + strSellerVol3 + "', " + strSellerAvg3 + ", " + strNetVol + ", '" + strNetVal + "', " + "" + strOpenPrice + ", " + strLowPrice + ", " + strHighPrice + ", " + strClosePrice + ", '" + strVol + "', " + strChange + ", " + strFreq + ", " + strFreqAnal + ");": null

2024-01-22 18:30:50 - [TEST_STEP][PASSED] - out.println("strSQL = " + strSQL): null

2024-01-22 18:30:50 - [TEST_STEP][PASSED] - statement.executeUpdate(strSQL): null

2024-01-22 18:30:50 - [TEST_STEP][PASSED] - setValueToCellByIndex(sheet01, rowIndex, 4, "DONE"): null

2024-01-22 18:30:50 - [TEST_STEP][PASSED] - saveWorkbook(excelFilePath, workbook01): null

2024-01-22 18:30:50 - [TEST_STEP][PASSED] - waitForElementClickable(findTestObject("Stockbit/menu_Bandarmology"), 10): Object 'Object Repository/Stockbit/menu_Bandarmology' is clickable

2024-01-22 18:30:50 - [MESSAGE][PASSED] - Object 'Object Repository/Stockbit/menu_Bandarmology' is clickable

2024-01-22 18:30:50 - [TEST_STEP][PASSED] - click(findTestObject("Stockbit/menu_Bandarmology")): Object: 'Object Repository/Stockbit/menu_Bandarmology' is clicked on

2024-01-22 18:30:51 - [MESSAGE][PASSED] - Object: 'Object Repository/Stockbit/menu_Bandarmology' is clicked on

2024-01-22 18:30:51 - [TEST_STEP][PASSED] - strTemp = "NA": null

2024-01-22 18:30:51 - [TEST_STEP][PASSED] - if (getCellValueByIndex(sheet01, rowIndex, 4) != "DONE"): Object: 'Object Repository/Stockbit/menu_Bandarmology' is clicked on

2024-01-22 18:30:51 - [TEST_STEP][PASSED] - strNama = getCellValueByIndex(sheet01, rowIndex, 0): null

2024-01-22 18:30:51 - [TEST_STEP][PASSED] - navigateToUrl("https://stockbit.com/#/symbol/" + strNama): Navigate to 'https://stockbit.com/#/symbol/DGIK' successfully

2024-01-22 18:30:52 - [MESSAGE][PASSED] - Navigate to 'https://stockbit.com/#/symbol/DGIK' successfully

2024-01-22 18:30:52 - [TEST_STEP][PASSED] - waitForElementClickable(findTestObject("Stockbit/menu_Bandarmology"), 10): Object 'Object Repository/Stockbit/menu_Bandarmology' is clickable

2024-01-22 18:30:53 - [MESSAGE][PASSED] - Object 'Object Repository/Stockbit/menu_Bandarmology' is clickable

2024-01-22 18:30:53 - [TEST_STEP][PASSED] - click(findTestObject("Stockbit/menu_Bandarmology")): Object: 'Object Repository/Stockbit/menu_Bandarmology' is clicked on

2024-01-22 18:30:54 - [MESSAGE][PASSED] - Object: 'Object Repository/Stockbit/menu_Bandarmology' is clicked on

2024-01-22 18:30:54 - [TEST_STEP][PASSED] - strTanggal = d.format(DateTimeFormatter.ofPattern("MMM dd, yyyy")): null

2024-01-22 18:30:54 - [TEST_STEP][PASSED] - strTanggal = d.format(ISO_DATE): null

2024-01-22 18:30:54 - [TEST_STEP][PASSED] - out.println("strTanggal = " + strTanggal): null

2024-01-22 18:30:54 - [TEST_STEP][PASSED] - out.println("strNama = " + strNama): null

2024-01-22 18:30:54 - [TEST_STEP][PASSED] - out.println("Baris ke = " + rowIndex): null

2024-01-22 18:30:54 - [TEST_STEP][PASSED] - click(findTestObject("Stockbit/input__BandarmologyOpenStartDate")): Object: 'Object Repository/Stockbit/input__BandarmologyOpenStartDate' is clicked on

2024-01-22 18:30:55 - [MESSAGE][PASSED] - Object: 'Object Repository/Stockbit/input__BandarmologyOpenStartDate' is clicked on

2024-01-22 18:30:55 - [TEST_STEP][PASSED] - sendKeys(findTestObject("Stockbit/input__BandarmologyOpenStartDate"), Keys.chord(CONTROL, "a")): Keys 'CONTROL + a' sent to object: 'Object Repository/Stockbit/input__BandarmologyOpenStartDate'

2024-01-22 18:30:56 - [MESSAGE][PASSED] - Keys 'CONTROL + a' sent to object: 'Object Repository/Stockbit/input__BandarmologyOpenStartDate'

2024-01-22 18:30:56 - [TEST_STEP][PASSED] - sendKeys(findTestObject("Stockbit/input__BandarmologyOpenStartDate"), Keys.chord(BACK_SPACE)): Keys 'BACK_SPACE + ' sent to object: 'Object Repository/Stockbit/input__BandarmologyOpenStartDate'

2024-01-22 18:30:56 - [MESSAGE][PASSED] - Keys 'BACK_SPACE + ' sent to object: 'Object Repository/Stockbit/input__BandarmologyOpenStartDate'

2024-01-22 18:30:56 - [TEST_STEP][PASSED] - setText(findTestObject("Stockbit/input__BandarmologyOpenStartDate"), strTanggal): Text '2024-01-22' is set on object 'Object Repository/Stockbit/input__BandarmologyOpenStartDate'

2024-01-22 18:30:57 - [MESSAGE][PASSED] - Text '2024-01-22' is set on object 'Object Repository/Stockbit/input__BandarmologyOpenStartDate'

2024-01-22 18:30:57 - [TEST_STEP][PASSED] - sendKeys(findTestObject("Stockbit/input__BandarmologyOpenStartDate"), Keys.chord(ENTER)): Keys 'ENTER + ' sent to object: 'Object Repository/Stockbit/input__BandarmologyOpenStartDate'

2024-01-22 18:30:57 - [MESSAGE][PASSED] - Keys 'ENTER + ' sent to object: 'Object Repository/Stockbit/input__BandarmologyOpenStartDate'

2024-01-22 18:30:57 - [TEST_STEP][PASSED] - click(findTestObject("Stockbit/input__BandarmologyOpenEndDate")): Object: 'Object Repository/Stockbit/input__BandarmologyOpenEndDate' is clicked on

2024-01-22 18:30:57 - [MESSAGE][PASSED] - Object: 'Object Repository/Stockbit/input__BandarmologyOpenEndDate' is clicked on

2024-01-22 18:30:57 - [TEST_STEP][PASSED] - sendKeys(findTestObject("Stockbit/input__BandarmologyOpenEndDate"), Keys.chord(CONTROL, "a")): Keys 'CONTROL + a' sent to object: 'Object Repository/Stockbit/input__BandarmologyOpenEndDate'

2024-01-22 18:30:58 - [MESSAGE][PASSED] - Keys 'CONTROL + a' sent to object: 'Object Repository/Stockbit/input__BandarmologyOpenEndDate'

2024-01-22 18:30:58 - [TEST_STEP][PASSED] - sendKeys(findTestObject("Stockbit/input__BandarmologyOpenEndDate"), Keys.chord(BACK_SPACE)): Keys 'BACK_SPACE + ' sent to object: 'Object Repository/Stockbit/input__BandarmologyOpenEndDate'

2024-01-22 18:30:58 - [MESSAGE][PASSED] - Keys 'BACK_SPACE + ' sent to object: 'Object Repository/Stockbit/input__BandarmologyOpenEndDate'

2024-01-22 18:30:58 - [TEST_STEP][PASSED] - setText(findTestObject("Stockbit/input__BandarmologyOpenEndDate"), strTanggal): Text '2024-01-22' is set on object 'Object Repository/Stockbit/input__BandarmologyOpenEndDate'

2024-01-22 18:30:59 - [MESSAGE][PASSED] - Text '2024-01-22' is set on object 'Object Repository/Stockbit/input__BandarmologyOpenEndDate'

2024-01-22 18:30:59 - [TEST_STEP][PASSED] - sendKeys(findTestObject("Stockbit/input__BandarmologyOpenEndDate"), Keys.chord(ENTER)): Keys 'ENTER + ' sent to object: 'Object Repository/Stockbit/input__BandarmologyOpenEndDate'

2024-01-22 18:30:59 - [MESSAGE][PASSED] - Keys 'ENTER + ' sent to object: 'Object Repository/Stockbit/input__BandarmologyOpenEndDate'

2024-01-22 18:30:59 - [TEST_STEP][PASSED] - delay(2): Delayed 2 second(s)

2024-01-22 18:31:01 - [MESSAGE][PASSED] - Delayed 2 second(s)

2024-01-22 18:31:01 - [TEST_STEP][PASSED] - strTemp = getText(findTestObject("Stockbit/Bandarmology_AvgRP")): Text of object 'Object Repository/Stockbit/Bandarmology_AvgRP' is: '90'

2024-01-22 18:31:01 - [MESSAGE][PASSED] - Text of object 'Object Repository/Stockbit/Bandarmology_AvgRP' is: '90'

2024-01-22 18:31:01 - [TEST_STEP][PASSED] - out.println("Bandarmology_AvgRP = " + strTemp): null

2024-01-22 18:31:01 - [TEST_STEP][PASSED] - if (strTemp != "0"): null

2024-01-22 18:31:01 - [TEST_STEP][PASSED] - strTop1 = getText(findTestObject("Stockbit/Bandarmology_Top1")): Text of object 'Object Repository/Stockbit/Bandarmology_Top1' is: 'Neutral'

2024-01-22 18:31:02 - [MESSAGE][PASSED] - Text of object 'Object Repository/Stockbit/Bandarmology_Top1' is: 'Neutral'

2024-01-22 18:31:02 - [TEST_STEP][PASSED] - strTop3 = getText(findTestObject("Stockbit/Bandarmology_Top3")): Text of object 'Object Repository/Stockbit/Bandarmology_Top3' is: 'Neutral'

2024-01-22 18:31:02 - [MESSAGE][PASSED] - Text of object 'Object Repository/Stockbit/Bandarmology_Top3' is: 'Neutral'

2024-01-22 18:31:02 - [TEST_STEP][PASSED] - strTop5 = getText(findTestObject("Stockbit/Bandarmology_Top5")): Text of object 'Object Repository/Stockbit/Bandarmology_Top5' is: 'Neutral'

2024-01-22 18:31:02 - [MESSAGE][PASSED] - Text of object 'Object Repository/Stockbit/Bandarmology_Top5' is: 'Neutral'

2024-01-22 18:31:02 - [TEST_STEP][PASSED] - strAllBrokAvg = getText(findTestObject("Stockbit/Bandarmology_TopAVG")): Text of object 'Object Repository/Stockbit/Bandarmology_TopAVG' is: 'Neutral'

2024-01-22 18:31:02 - [MESSAGE][PASSED] - Text of object 'Object Repository/Stockbit/Bandarmology_TopAVG' is: 'Neutral'

2024-01-22 18:31:02 - [TEST_STEP][PASSED] - strTemp = getText(findTestObject("Stockbit/Bandarmology_AvgRP")): Text of object 'Object Repository/Stockbit/Bandarmology_AvgRP' is: '90'

2024-01-22 18:31:02 - [MESSAGE][PASSED] - Text of object 'Object Repository/Stockbit/Bandarmology_AvgRP' is: '90'

2024-01-22 18:31:02 - [TEST_STEP][PASSED] - if (strTemp.contains(",")): null

2024-01-22 18:31:02 - [TEST_STEP][PASSED] - intAvgRP = strTemp.toInteger(): null

2024-01-22 18:31:02 - [TEST_STEP][PASSED] - strBuyer1 = getText(findTestObject("Stockbit/Bandarmology_Buyer1")): Text of object 'Object Repository/Stockbit/Bandarmology_Buyer1' is: 'AZ'

2024-01-22 18:31:02 - [MESSAGE][PASSED] - Text of object 'Object Repository/Stockbit/Bandarmology_Buyer1' is: 'AZ'

2024-01-22 18:31:02 - [TEST_STEP][PASSED] - strBuyerVol1 = getText(findTestObject("Stockbit/Bandarmology_BuyerVol1")): Text of object 'Object Repository/Stockbit/Bandarmology_BuyerVol1' is: '9 K'

2024-01-22 18:31:02 - [MESSAGE][PASSED] - Text of object 'Object Repository/Stockbit/Bandarmology_BuyerVol1' is: '9 K'

2024-01-22 18:31:02 - [TEST_STEP][PASSED] - strBuyerAvg1 = getText(findTestObject("Stockbit/Bandarmology_BuyerAvg1")): Text of object 'Object Repository/Stockbit/Bandarmology_BuyerAvg1' is: '90'

2024-01-22 18:31:02 - [MESSAGE][PASSED] - Text of object 'Object Repository/Stockbit/Bandarmology_BuyerAvg1' is: '90'

2024-01-22 18:31:02 - [TEST_STEP][PASSED] - if (strBuyerAvg1.contains(",")): null

2024-01-22 18:31:02 - [TEST_STEP][PASSED] - if (strBuyerVol1.contains(" B")): null

2024-01-22 18:31:02 - [TEST_STEP][PASSED] - else if (strBuyerVol1.contains(" M")): null

2024-01-22 18:31:02 - [TEST_STEP][PASSED] - else if (strBuyerVol1.contains(" K")): null

2024-01-22 18:31:02 - [TEST_STEP][PASSED] - strBuyerVol1 = strBuyerVol1.replace(" K", ""): null

2024-01-22 18:31:02 - [TEST_STEP][PASSED] - strBuyerVol1 = strBuyerVol1.toDouble() * 1000: null

2024-01-22 18:31:02 - [TEST_STEP][PASSED] - strSeller1 = getText(findTestObject("Stockbit/Bandarmology_Seller1")): Text of object 'Object Repository/Stockbit/Bandarmology_Seller1' is: 'EP'

2024-01-22 18:31:02 - [MESSAGE][PASSED] - Text of object 'Object Repository/Stockbit/Bandarmology_Seller1' is: 'EP'

2024-01-22 18:31:02 - [TEST_STEP][PASSED] - strSellerVol1 = getText(findTestObject("Stockbit/Bandarmology_SellerVol1")): Text of object 'Object Repository/Stockbit/Bandarmology_SellerVol1' is: '9.3 K'

2024-01-22 18:31:03 - [MESSAGE][PASSED] - Text of object 'Object Repository/Stockbit/Bandarmology_SellerVol1' is: '9.3 K'

2024-01-22 18:31:03 - [TEST_STEP][PASSED] - strSellerAvg1 = getText(findTestObject("Stockbit/Bandarmology_SellerAvg1")): Text of object 'Object Repository/Stockbit/Bandarmology_SellerAvg1' is: '90'

2024-01-22 18:31:03 - [MESSAGE][PASSED] - Text of object 'Object Repository/Stockbit/Bandarmology_SellerAvg1' is: '90'

2024-01-22 18:31:03 - [TEST_STEP][PASSED] - if (strSellerAvg1.contains(",")): null

2024-01-22 18:31:03 - [TEST_STEP][PASSED] - if (strSellerVol1.contains(" B")): null

2024-01-22 18:31:03 - [TEST_STEP][PASSED] - else if (strSellerVol1.contains(" M")): null

2024-01-22 18:31:03 - [TEST_STEP][PASSED] - else if (strSellerVol1.contains(" K")): null

2024-01-22 18:31:03 - [TEST_STEP][PASSED] - strSellerVol1 = strSellerVol1.replace(" K", ""): null

2024-01-22 18:31:03 - [TEST_STEP][PASSED] - strSellerVol1 = strSellerVol1.toDouble() * 1000: null

2024-01-22 18:31:03 - [TEST_STEP][PASSED] - if (verifyElementNotPresent(findTestObject("Stockbit/Bandarmology_Buyer2"), 1, OPTIONAL)): Web element with id: 'Object Repository/Stockbit/Bandarmology_Buyer2' located by 'By.xpath: //*[contains(@id, 'rc-tabs-')]/div[2]/div/div/div/div/div/div[2]/table/tbody/tr[3]/td[1]/p' is present after '1' second(s) (Root cause: com.kms.katalon.core.exception.StepFailedException: Web element with id: 'Object Repository/Stockbit/Bandarmology_Buyer2' located by 'By.xpath: //*[contains(@id, 'rc-tabs-')]/div[2]/div/div/div/div/div/div[2]/table/tbody/tr[3]/td[1]/p' is present after '1' second(s)
	at com.kms.katalon.core.webui.keyword.internal.WebUIKeywordMain.stepFailed(WebUIKeywordMain.groovy:64)
	at com.kms.katalon.core.webui.keyword.internal.WebUIKeywordMain$stepFailed$0.call(Unknown Source)
	at com.kms.katalon.core.webui.keyword.builtin.VerifyElementNotPresentKeyword$_verifyElementNotPresent_closure1.doCall(VerifyElementNotPresentKeyword.groovy:106)
	at com.kms.katalon.core.webui.keyword.builtin.VerifyElementNotPresentKeyword$_verifyElementNotPresent_closure1.doCall(VerifyElementNotPresentKeyword.groovy)
	at com.kms.katalon.core.webui.keyword.internal.WebUIKeywordMain.runKeyword(WebUIKeywordMain.groovy:20)
	at com.kms.katalon.core.webui.keyword.internal.WebUIKeywordMain$runKeyword.call(Unknown Source)
	at com.kms.katalon.core.webui.keyword.builtin.VerifyElementNotPresentKeyword.verifyElementNotPresent(VerifyElementNotPresentKeyword.groovy:117)
	at com.kms.katalon.core.webui.keyword.builtin.VerifyElementNotPresentKeyword.execute(VerifyElementNotPresentKeyword.groovy:68)
	at com.kms.katalon.core.keyword.internal.KeywordExecutor.executeKeywordForPlatform(KeywordExecutor.groovy:74)
	at com.kms.katalon.core.webui.keyword.WebUiBuiltInKeywords.verifyElementNotPresent(WebUiBuiltInKeywords.groovy:1481)
	at com.kms.katalon.core.webui.keyword.WebUiBuiltInKeywords$verifyElementNotPresent$8.call(Unknown Source)
	at GetBrokSumPriceDaily.run(GetBrokSumPriceDaily:258)
	at com.kms.katalon.core.main.ScriptEngine.run(ScriptEngine.java:194)
	at com.kms.katalon.core.main.ScriptEngine.runScriptAsRawText(ScriptEngine.java:119)
	at com.kms.katalon.core.main.TestCaseExecutor.runScript(TestCaseExecutor.java:445)
	at com.kms.katalon.core.main.TestCaseExecutor.doExecute(TestCaseExecutor.java:436)
	at com.kms.katalon.core.main.TestCaseExecutor.processExecutionPhase(TestCaseExecutor.java:415)
	at com.kms.katalon.core.main.TestCaseExecutor.accessMainPhase(TestCaseExecutor.java:407)
	at com.kms.katalon.core.main.TestCaseExecutor.execute(TestCaseExecutor.java:284)
	at com.kms.katalon.core.common.CommonExecutor.accessTestCaseMainPhase(CommonExecutor.java:65)
	at com.kms.katalon.core.main.TestSuiteExecutor.accessTestSuiteMainPhase(TestSuiteExecutor.java:144)
	at com.kms.katalon.core.main.TestSuiteExecutor.execute(TestSuiteExecutor.java:106)
	at com.kms.katalon.core.main.TestCaseMain.startTestSuite(TestCaseMain.java:185)
	at com.kms.katalon.core.main.TestCaseMain$startTestSuite$0.call(Unknown Source)
	at TempTestSuite1705922193915.run(TempTestSuite1705922193915.groovy:36)
)

2024-01-22 18:31:04 - [MESSAGE][WARNING] - Web element with id: 'Object Repository/Stockbit/Bandarmology_Buyer2' located by 'By.xpath: //*[contains(@id, 'rc-tabs-')]/div[2]/div/div/div/div/div/div[2]/table/tbody/tr[3]/td[1]/p' is present after '1' second(s) (Root cause: com.kms.katalon.core.exception.StepFailedException: Web element with id: 'Object Repository/Stockbit/Bandarmology_Buyer2' located by 'By.xpath: //*[contains(@id, 'rc-tabs-')]/div[2]/div/div/div/div/div/div[2]/table/tbody/tr[3]/td[1]/p' is present after '1' second(s)
	at com.kms.katalon.core.webui.keyword.internal.WebUIKeywordMain.stepFailed(WebUIKeywordMain.groovy:64)
	at com.kms.katalon.core.webui.keyword.internal.WebUIKeywordMain$stepFailed$0.call(Unknown Source)
	at com.kms.katalon.core.webui.keyword.builtin.VerifyElementNotPresentKeyword$_verifyElementNotPresent_closure1.doCall(VerifyElementNotPresentKeyword.groovy:106)
	at com.kms.katalon.core.webui.keyword.builtin.VerifyElementNotPresentKeyword$_verifyElementNotPresent_closure1.doCall(VerifyElementNotPresentKeyword.groovy)
	at com.kms.katalon.core.webui.keyword.internal.WebUIKeywordMain.runKeyword(WebUIKeywordMain.groovy:20)
	at com.kms.katalon.core.webui.keyword.internal.WebUIKeywordMain$runKeyword.call(Unknown Source)
	at com.kms.katalon.core.webui.keyword.builtin.VerifyElementNotPresentKeyword.verifyElementNotPresent(VerifyElementNotPresentKeyword.groovy:117)
	at com.kms.katalon.core.webui.keyword.builtin.VerifyElementNotPresentKeyword.execute(VerifyElementNotPresentKeyword.groovy:68)
	at com.kms.katalon.core.keyword.internal.KeywordExecutor.executeKeywordForPlatform(KeywordExecutor.groovy:74)
	at com.kms.katalon.core.webui.keyword.WebUiBuiltInKeywords.verifyElementNotPresent(WebUiBuiltInKeywords.groovy:1481)
	at com.kms.katalon.core.webui.keyword.WebUiBuiltInKeywords$verifyElementNotPresent$8.call(Unknown Source)
	at GetBrokSumPriceDaily.run(GetBrokSumPriceDaily:258)
	at com.kms.katalon.core.main.ScriptEngine.run(ScriptEngine.java:194)
	at com.kms.katalon.core.main.ScriptEngine.runScriptAsRawText(ScriptEngine.java:119)
	at com.kms.katalon.core.main.TestCaseExecutor.runScript(TestCaseExecutor.java:445)
	at com.kms.katalon.core.main.TestCaseExecutor.doExecute(TestCaseExecutor.java:436)
	at com.kms.katalon.core.main.TestCaseExecutor.processExecutionPhase(TestCaseExecutor.java:415)
	at com.kms.katalon.core.main.TestCaseExecutor.accessMainPhase(TestCaseExecutor.java:407)
	at com.kms.katalon.core.main.TestCaseExecutor.execute(TestCaseExecutor.java:284)
	at com.kms.katalon.core.common.CommonExecutor.accessTestCaseMainPhase(CommonExecutor.java:65)
	at com.kms.katalon.core.main.TestSuiteExecutor.accessTestSuiteMainPhase(TestSuiteExecutor.java:144)
	at com.kms.katalon.core.main.TestSuiteExecutor.execute(TestSuiteExecutor.java:106)
	at com.kms.katalon.core.main.TestCaseMain.startTestSuite(TestCaseMain.java:185)
	at com.kms.katalon.core.main.TestCaseMain$startTestSuite$0.call(Unknown Source)
	at TempTestSuite1705922193915.run(TempTestSuite1705922193915.groovy:36)
)
[[ATTACHMENT|C:\\Users\\Fadli\\git\\KatalonDailyGetData2\\Reports\\20240122_174123\\TS1\\20240122_181633\\1705923064358.png]]

2024-01-22 18:31:04 - [TEST_STEP][PASSED] - else: null

2024-01-22 18:31:04 - [TEST_STEP][PASSED] - strBuyer2 = getText(findTestObject("Stockbit/Bandarmology_Buyer2")): Text of object 'Object Repository/Stockbit/Bandarmology_Buyer2' is: 'BR'

2024-01-22 18:31:04 - [MESSAGE][PASSED] - Text of object 'Object Repository/Stockbit/Bandarmology_Buyer2' is: 'BR'

2024-01-22 18:31:04 - [TEST_STEP][PASSED] - strBuyerVol2 = getText(findTestObject("Stockbit/Bandarmology_BuyerVol2")): Text of object 'Object Repository/Stockbit/Bandarmology_BuyerVol2' is: '8.5 K'

2024-01-22 18:31:04 - [MESSAGE][PASSED] - Text of object 'Object Repository/Stockbit/Bandarmology_BuyerVol2' is: '8.5 K'

2024-01-22 18:31:04 - [TEST_STEP][PASSED] - strBuyerAvg2 = getText(findTestObject("Stockbit/Bandarmology_BuyerAvg2")): Text of object 'Object Repository/Stockbit/Bandarmology_BuyerAvg2' is: '90'

2024-01-22 18:31:04 - [MESSAGE][PASSED] - Text of object 'Object Repository/Stockbit/Bandarmology_BuyerAvg2' is: '90'

2024-01-22 18:31:04 - [TEST_STEP][PASSED] - if (strBuyer2 != ""): null

2024-01-22 18:31:04 - [TEST_STEP][PASSED] - if (strBuyerAvg2.contains(",")): null

2024-01-22 18:31:04 - [TEST_STEP][PASSED] - if (strBuyerVol2.contains(" B")): null

2024-01-22 18:31:04 - [TEST_STEP][PASSED] - else if (strBuyerVol2.contains(" M")): null

2024-01-22 18:31:04 - [TEST_STEP][PASSED] - else if (strBuyerVol2.contains(" K")): null

2024-01-22 18:31:04 - [TEST_STEP][PASSED] - strBuyerVol2 = strBuyerVol2.replace(" K", ""): null

2024-01-22 18:31:04 - [TEST_STEP][PASSED] - strBuyerVol2 = strBuyerVol2.toDouble() * 1000: null

2024-01-22 18:31:04 - [TEST_STEP][PASSED] - if (strBuyerVol2.contains(".")): null

2024-01-22 18:31:04 - [TEST_STEP][PASSED] - strBuyerVal2 = strBuyerVol2.replace(".", ""): null

2024-01-22 18:31:04 - [TEST_STEP][PASSED] - if (verifyElementNotPresent(findTestObject("Stockbit/Bandarmology_Seller2"), 1, OPTIONAL)): Web element with id: 'Object Repository/Stockbit/Bandarmology_Seller2' located by 'By.xpath: //*[contains(@id, 'rc-tabs-')]/div[2]/div/div/div/div/div/div[2]/table/tbody/tr[3]/td[5]/p' is present after '1' second(s) (Root cause: com.kms.katalon.core.exception.StepFailedException: Web element with id: 'Object Repository/Stockbit/Bandarmology_Seller2' located by 'By.xpath: //*[contains(@id, 'rc-tabs-')]/div[2]/div/div/div/div/div/div[2]/table/tbody/tr[3]/td[5]/p' is present after '1' second(s)
	at com.kms.katalon.core.webui.keyword.internal.WebUIKeywordMain.stepFailed(WebUIKeywordMain.groovy:64)
	at com.kms.katalon.core.webui.keyword.internal.WebUIKeywordMain$stepFailed$0.call(Unknown Source)
	at com.kms.katalon.core.webui.keyword.builtin.VerifyElementNotPresentKeyword$_verifyElementNotPresent_closure1.doCall(VerifyElementNotPresentKeyword.groovy:106)
	at com.kms.katalon.core.webui.keyword.builtin.VerifyElementNotPresentKeyword$_verifyElementNotPresent_closure1.doCall(VerifyElementNotPresentKeyword.groovy)
	at com.kms.katalon.core.webui.keyword.internal.WebUIKeywordMain.runKeyword(WebUIKeywordMain.groovy:20)
	at com.kms.katalon.core.webui.keyword.internal.WebUIKeywordMain$runKeyword.call(Unknown Source)
	at com.kms.katalon.core.webui.keyword.builtin.VerifyElementNotPresentKeyword.verifyElementNotPresent(VerifyElementNotPresentKeyword.groovy:117)
	at com.kms.katalon.core.webui.keyword.builtin.VerifyElementNotPresentKeyword.execute(VerifyElementNotPresentKeyword.groovy:68)
	at com.kms.katalon.core.keyword.internal.KeywordExecutor.executeKeywordForPlatform(KeywordExecutor.groovy:74)
	at com.kms.katalon.core.webui.keyword.WebUiBuiltInKeywords.verifyElementNotPresent(WebUiBuiltInKeywords.groovy:1481)
	at com.kms.katalon.core.webui.keyword.WebUiBuiltInKeywords$verifyElementNotPresent$8.call(Unknown Source)
	at GetBrokSumPriceDaily.run(GetBrokSumPriceDaily:309)
	at com.kms.katalon.core.main.ScriptEngine.run(ScriptEngine.java:194)
	at com.kms.katalon.core.main.ScriptEngine.runScriptAsRawText(ScriptEngine.java:119)
	at com.kms.katalon.core.main.TestCaseExecutor.runScript(TestCaseExecutor.java:445)
	at com.kms.katalon.core.main.TestCaseExecutor.doExecute(TestCaseExecutor.java:436)
	at com.kms.katalon.core.main.TestCaseExecutor.processExecutionPhase(TestCaseExecutor.java:415)
	at com.kms.katalon.core.main.TestCaseExecutor.accessMainPhase(TestCaseExecutor.java:407)
	at com.kms.katalon.core.main.TestCaseExecutor.execute(TestCaseExecutor.java:284)
	at com.kms.katalon.core.common.CommonExecutor.accessTestCaseMainPhase(CommonExecutor.java:65)
	at com.kms.katalon.core.main.TestSuiteExecutor.accessTestSuiteMainPhase(TestSuiteExecutor.java:144)
	at com.kms.katalon.core.main.TestSuiteExecutor.execute(TestSuiteExecutor.java:106)
	at com.kms.katalon.core.main.TestCaseMain.startTestSuite(TestCaseMain.java:185)
	at com.kms.katalon.core.main.TestCaseMain$startTestSuite$0.call(Unknown Source)
	at TempTestSuite1705922193915.run(TempTestSuite1705922193915.groovy:36)
)

2024-01-22 18:31:06 - [MESSAGE][WARNING] - Web element with id: 'Object Repository/Stockbit/Bandarmology_Seller2' located by 'By.xpath: //*[contains(@id, 'rc-tabs-')]/div[2]/div/div/div/div/div/div[2]/table/tbody/tr[3]/td[5]/p' is present after '1' second(s) (Root cause: com.kms.katalon.core.exception.StepFailedException: Web element with id: 'Object Repository/Stockbit/Bandarmology_Seller2' located by 'By.xpath: //*[contains(@id, 'rc-tabs-')]/div[2]/div/div/div/div/div/div[2]/table/tbody/tr[3]/td[5]/p' is present after '1' second(s)
	at com.kms.katalon.core.webui.keyword.internal.WebUIKeywordMain.stepFailed(WebUIKeywordMain.groovy:64)
	at com.kms.katalon.core.webui.keyword.internal.WebUIKeywordMain$stepFailed$0.call(Unknown Source)
	at com.kms.katalon.core.webui.keyword.builtin.VerifyElementNotPresentKeyword$_verifyElementNotPresent_closure1.doCall(VerifyElementNotPresentKeyword.groovy:106)
	at com.kms.katalon.core.webui.keyword.builtin.VerifyElementNotPresentKeyword$_verifyElementNotPresent_closure1.doCall(VerifyElementNotPresentKeyword.groovy)
	at com.kms.katalon.core.webui.keyword.internal.WebUIKeywordMain.runKeyword(WebUIKeywordMain.groovy:20)
	at com.kms.katalon.core.webui.keyword.internal.WebUIKeywordMain$runKeyword.call(Unknown Source)
	at com.kms.katalon.core.webui.keyword.builtin.VerifyElementNotPresentKeyword.verifyElementNotPresent(VerifyElementNotPresentKeyword.groovy:117)
	at com.kms.katalon.core.webui.keyword.builtin.VerifyElementNotPresentKeyword.execute(VerifyElementNotPresentKeyword.groovy:68)
	at com.kms.katalon.core.keyword.internal.KeywordExecutor.executeKeywordForPlatform(KeywordExecutor.groovy:74)
	at com.kms.katalon.core.webui.keyword.WebUiBuiltInKeywords.verifyElementNotPresent(WebUiBuiltInKeywords.groovy:1481)
	at com.kms.katalon.core.webui.keyword.WebUiBuiltInKeywords$verifyElementNotPresent$8.call(Unknown Source)
	at GetBrokSumPriceDaily.run(GetBrokSumPriceDaily:309)
	at com.kms.katalon.core.main.ScriptEngine.run(ScriptEngine.java:194)
	at com.kms.katalon.core.main.ScriptEngine.runScriptAsRawText(ScriptEngine.java:119)
	at com.kms.katalon.core.main.TestCaseExecutor.runScript(TestCaseExecutor.java:445)
	at com.kms.katalon.core.main.TestCaseExecutor.doExecute(TestCaseExecutor.java:436)
	at com.kms.katalon.core.main.TestCaseExecutor.processExecutionPhase(TestCaseExecutor.java:415)
	at com.kms.katalon.core.main.TestCaseExecutor.accessMainPhase(TestCaseExecutor.java:407)
	at com.kms.katalon.core.main.TestCaseExecutor.execute(TestCaseExecutor.java:284)
	at com.kms.katalon.core.common.CommonExecutor.accessTestCaseMainPhase(CommonExecutor.java:65)
	at com.kms.katalon.core.main.TestSuiteExecutor.accessTestSuiteMainPhase(TestSuiteExecutor.java:144)
	at com.kms.katalon.core.main.TestSuiteExecutor.execute(TestSuiteExecutor.java:106)
	at com.kms.katalon.core.main.TestCaseMain.startTestSuite(TestCaseMain.java:185)
	at com.kms.katalon.core.main.TestCaseMain$startTestSuite$0.call(Unknown Source)
	at TempTestSuite1705922193915.run(TempTestSuite1705922193915.groovy:36)
)
[[ATTACHMENT|C:\\Users\\Fadli\\git\\KatalonDailyGetData2\\Reports\\20240122_174123\\TS1\\20240122_181633\\1705923066030.png]]

2024-01-22 18:31:06 - [TEST_STEP][PASSED] - else: null

2024-01-22 18:31:06 - [TEST_STEP][PASSED] - strSeller2 = getText(findTestObject("Stockbit/Bandarmology_Seller2")): Text of object 'Object Repository/Stockbit/Bandarmology_Seller2' is: 'HD'

2024-01-22 18:31:06 - [MESSAGE][PASSED] - Text of object 'Object Repository/Stockbit/Bandarmology_Seller2' is: 'HD'

2024-01-22 18:31:06 - [TEST_STEP][PASSED] - strSellerVol2 = getText(findTestObject("Stockbit/Bandarmology_SellerVol2")): Text of object 'Object Repository/Stockbit/Bandarmology_SellerVol2' is: '9.1 K'

2024-01-22 18:31:06 - [MESSAGE][PASSED] - Text of object 'Object Repository/Stockbit/Bandarmology_SellerVol2' is: '9.1 K'

2024-01-22 18:31:06 - [TEST_STEP][PASSED] - strSellerAvg2 = getText(findTestObject("Stockbit/Bandarmology_SellerAvg2")): Text of object 'Object Repository/Stockbit/Bandarmology_SellerAvg2' is: '90'

2024-01-22 18:31:06 - [MESSAGE][PASSED] - Text of object 'Object Repository/Stockbit/Bandarmology_SellerAvg2' is: '90'

2024-01-22 18:31:06 - [TEST_STEP][PASSED] - if (strSeller2 != ""): null

2024-01-22 18:31:06 - [TEST_STEP][PASSED] - if (strSellerAvg2.contains(",")): null

2024-01-22 18:31:06 - [TEST_STEP][PASSED] - if (strSellerVol2.contains(" B")): null

2024-01-22 18:31:06 - [TEST_STEP][PASSED] - else if (strSellerVol2.contains(" M")): null

2024-01-22 18:31:06 - [TEST_STEP][PASSED] - else if (strSellerVol2.contains(" K")): null

2024-01-22 18:31:06 - [TEST_STEP][PASSED] - strSellerVol2 = strSellerVol2.replace(" K", ""): null

2024-01-22 18:31:06 - [TEST_STEP][PASSED] - strSellerVol2 = strSellerVol2.toDouble() * 1000: null

2024-01-22 18:31:06 - [TEST_STEP][PASSED] - if (verifyElementNotPresent(findTestObject("Stockbit/Bandarmology_Buyer3"), 1, OPTIONAL)): Web element with id: 'Object Repository/Stockbit/Bandarmology_Buyer3' located by 'By.xpath: //*[contains(@id, 'rc-tabs-')]/div[2]/div/div/div/div/div/div[2]/table/tbody/tr[4]/td[1]/p' is present after '1' second(s) (Root cause: com.kms.katalon.core.exception.StepFailedException: Web element with id: 'Object Repository/Stockbit/Bandarmology_Buyer3' located by 'By.xpath: //*[contains(@id, 'rc-tabs-')]/div[2]/div/div/div/div/div/div[2]/table/tbody/tr[4]/td[1]/p' is present after '1' second(s)
	at com.kms.katalon.core.webui.keyword.internal.WebUIKeywordMain.stepFailed(WebUIKeywordMain.groovy:64)
	at com.kms.katalon.core.webui.keyword.internal.WebUIKeywordMain$stepFailed$0.call(Unknown Source)
	at com.kms.katalon.core.webui.keyword.builtin.VerifyElementNotPresentKeyword$_verifyElementNotPresent_closure1.doCall(VerifyElementNotPresentKeyword.groovy:106)
	at com.kms.katalon.core.webui.keyword.builtin.VerifyElementNotPresentKeyword$_verifyElementNotPresent_closure1.doCall(VerifyElementNotPresentKeyword.groovy)
	at com.kms.katalon.core.webui.keyword.internal.WebUIKeywordMain.runKeyword(WebUIKeywordMain.groovy:20)
	at com.kms.katalon.core.webui.keyword.internal.WebUIKeywordMain$runKeyword.call(Unknown Source)
	at com.kms.katalon.core.webui.keyword.builtin.VerifyElementNotPresentKeyword.verifyElementNotPresent(VerifyElementNotPresentKeyword.groovy:117)
	at com.kms.katalon.core.webui.keyword.builtin.VerifyElementNotPresentKeyword.execute(VerifyElementNotPresentKeyword.groovy:68)
	at com.kms.katalon.core.keyword.internal.KeywordExecutor.executeKeywordForPlatform(KeywordExecutor.groovy:74)
	at com.kms.katalon.core.webui.keyword.WebUiBuiltInKeywords.verifyElementNotPresent(WebUiBuiltInKeywords.groovy:1481)
	at com.kms.katalon.core.webui.keyword.WebUiBuiltInKeywords$verifyElementNotPresent$8.call(Unknown Source)
	at GetBrokSumPriceDaily.run(GetBrokSumPriceDaily:361)
	at com.kms.katalon.core.main.ScriptEngine.run(ScriptEngine.java:194)
	at com.kms.katalon.core.main.ScriptEngine.runScriptAsRawText(ScriptEngine.java:119)
	at com.kms.katalon.core.main.TestCaseExecutor.runScript(TestCaseExecutor.java:445)
	at com.kms.katalon.core.main.TestCaseExecutor.doExecute(TestCaseExecutor.java:436)
	at com.kms.katalon.core.main.TestCaseExecutor.processExecutionPhase(TestCaseExecutor.java:415)
	at com.kms.katalon.core.main.TestCaseExecutor.accessMainPhase(TestCaseExecutor.java:407)
	at com.kms.katalon.core.main.TestCaseExecutor.execute(TestCaseExecutor.java:284)
	at com.kms.katalon.core.common.CommonExecutor.accessTestCaseMainPhase(CommonExecutor.java:65)
	at com.kms.katalon.core.main.TestSuiteExecutor.accessTestSuiteMainPhase(TestSuiteExecutor.java:144)
	at com.kms.katalon.core.main.TestSuiteExecutor.execute(TestSuiteExecutor.java:106)
	at com.kms.katalon.core.main.TestCaseMain.startTestSuite(TestCaseMain.java:185)
	at com.kms.katalon.core.main.TestCaseMain$startTestSuite$0.call(Unknown Source)
	at TempTestSuite1705922193915.run(TempTestSuite1705922193915.groovy:36)
)

2024-01-22 18:31:07 - [MESSAGE][WARNING] - Web element with id: 'Object Repository/Stockbit/Bandarmology_Buyer3' located by 'By.xpath: //*[contains(@id, 'rc-tabs-')]/div[2]/div/div/div/div/div/div[2]/table/tbody/tr[4]/td[1]/p' is present after '1' second(s) (Root cause: com.kms.katalon.core.exception.StepFailedException: Web element with id: 'Object Repository/Stockbit/Bandarmology_Buyer3' located by 'By.xpath: //*[contains(@id, 'rc-tabs-')]/div[2]/div/div/div/div/div/div[2]/table/tbody/tr[4]/td[1]/p' is present after '1' second(s)
	at com.kms.katalon.core.webui.keyword.internal.WebUIKeywordMain.stepFailed(WebUIKeywordMain.groovy:64)
	at com.kms.katalon.core.webui.keyword.internal.WebUIKeywordMain$stepFailed$0.call(Unknown Source)
	at com.kms.katalon.core.webui.keyword.builtin.VerifyElementNotPresentKeyword$_verifyElementNotPresent_closure1.doCall(VerifyElementNotPresentKeyword.groovy:106)
	at com.kms.katalon.core.webui.keyword.builtin.VerifyElementNotPresentKeyword$_verifyElementNotPresent_closure1.doCall(VerifyElementNotPresentKeyword.groovy)
	at com.kms.katalon.core.webui.keyword.internal.WebUIKeywordMain.runKeyword(WebUIKeywordMain.groovy:20)
	at com.kms.katalon.core.webui.keyword.internal.WebUIKeywordMain$runKeyword.call(Unknown Source)
	at com.kms.katalon.core.webui.keyword.builtin.VerifyElementNotPresentKeyword.verifyElementNotPresent(VerifyElementNotPresentKeyword.groovy:117)
	at com.kms.katalon.core.webui.keyword.builtin.VerifyElementNotPresentKeyword.execute(VerifyElementNotPresentKeyword.groovy:68)
	at com.kms.katalon.core.keyword.internal.KeywordExecutor.executeKeywordForPlatform(KeywordExecutor.groovy:74)
	at com.kms.katalon.core.webui.keyword.WebUiBuiltInKeywords.verifyElementNotPresent(WebUiBuiltInKeywords.groovy:1481)
	at com.kms.katalon.core.webui.keyword.WebUiBuiltInKeywords$verifyElementNotPresent$8.call(Unknown Source)
	at GetBrokSumPriceDaily.run(GetBrokSumPriceDaily:361)
	at com.kms.katalon.core.main.ScriptEngine.run(ScriptEngine.java:194)
	at com.kms.katalon.core.main.ScriptEngine.runScriptAsRawText(ScriptEngine.java:119)
	at com.kms.katalon.core.main.TestCaseExecutor.runScript(TestCaseExecutor.java:445)
	at com.kms.katalon.core.main.TestCaseExecutor.doExecute(TestCaseExecutor.java:436)
	at com.kms.katalon.core.main.TestCaseExecutor.processExecutionPhase(TestCaseExecutor.java:415)
	at com.kms.katalon.core.main.TestCaseExecutor.accessMainPhase(TestCaseExecutor.java:407)
	at com.kms.katalon.core.main.TestCaseExecutor.execute(TestCaseExecutor.java:284)
	at com.kms.katalon.core.common.CommonExecutor.accessTestCaseMainPhase(CommonExecutor.java:65)
	at com.kms.katalon.core.main.TestSuiteExecutor.accessTestSuiteMainPhase(TestSuiteExecutor.java:144)
	at com.kms.katalon.core.main.TestSuiteExecutor.execute(TestSuiteExecutor.java:106)
	at com.kms.katalon.core.main.TestCaseMain.startTestSuite(TestCaseMain.java:185)
	at com.kms.katalon.core.main.TestCaseMain$startTestSuite$0.call(Unknown Source)
	at TempTestSuite1705922193915.run(TempTestSuite1705922193915.groovy:36)
)
[[ATTACHMENT|C:\\Users\\Fadli\\git\\KatalonDailyGetData2\\Reports\\20240122_174123\\TS1\\20240122_181633\\1705923067723.png]]

2024-01-22 18:31:07 - [TEST_STEP][PASSED] - else: null

2024-01-22 18:31:07 - [TEST_STEP][PASSED] - strBuyer3 = getText(findTestObject("Stockbit/Bandarmology_Buyer3")): Text of object 'Object Repository/Stockbit/Bandarmology_Buyer3' is: 'PS'

2024-01-22 18:31:08 - [MESSAGE][PASSED] - Text of object 'Object Repository/Stockbit/Bandarmology_Buyer3' is: 'PS'

2024-01-22 18:31:08 - [TEST_STEP][PASSED] - strBuyerVol3 = getText(findTestObject("Stockbit/Bandarmology_BuyerVol3")): Text of object 'Object Repository/Stockbit/Bandarmology_BuyerVol3' is: '8.5 K'

2024-01-22 18:31:08 - [MESSAGE][PASSED] - Text of object 'Object Repository/Stockbit/Bandarmology_BuyerVol3' is: '8.5 K'

2024-01-22 18:31:08 - [TEST_STEP][PASSED] - strBuyerAvg3 = getText(findTestObject("Stockbit/Bandarmology_BuyerAvg3")): Text of object 'Object Repository/Stockbit/Bandarmology_BuyerAvg3' is: '90'

2024-01-22 18:31:08 - [MESSAGE][PASSED] - Text of object 'Object Repository/Stockbit/Bandarmology_BuyerAvg3' is: '90'

2024-01-22 18:31:08 - [TEST_STEP][PASSED] - if (strBuyer3 != ""): null

2024-01-22 18:31:08 - [TEST_STEP][PASSED] - if (strBuyerAvg3.contains(",")): null

2024-01-22 18:31:08 - [TEST_STEP][PASSED] - if (strBuyerVol3.contains(" B")): null

2024-01-22 18:31:08 - [TEST_STEP][PASSED] - else if (strBuyerVol3.contains(" M")): null

2024-01-22 18:31:08 - [TEST_STEP][PASSED] - else if (strBuyerVol3.contains(" K")): null

2024-01-22 18:31:08 - [TEST_STEP][PASSED] - strBuyerVol3 = strBuyerVol3.replace(" K", ""): null

2024-01-22 18:31:08 - [TEST_STEP][PASSED] - strBuyerVol3 = strBuyerVol3.toDouble() * 1000: null

2024-01-22 18:31:08 - [TEST_STEP][PASSED] - if (verifyElementNotPresent(findTestObject("Stockbit/Bandarmology_Seller3"), 1, OPTIONAL)): Web element with id: 'Object Repository/Stockbit/Bandarmology_Seller3' located by 'By.xpath: //*[contains(@id, 'rc-tabs-')]/div[2]/div/div/div/div/div/div[2]/table/tbody/tr[4]/td[5]/p' is present after '1' second(s) (Root cause: com.kms.katalon.core.exception.StepFailedException: Web element with id: 'Object Repository/Stockbit/Bandarmology_Seller3' located by 'By.xpath: //*[contains(@id, 'rc-tabs-')]/div[2]/div/div/div/div/div/div[2]/table/tbody/tr[4]/td[5]/p' is present after '1' second(s)
	at com.kms.katalon.core.webui.keyword.internal.WebUIKeywordMain.stepFailed(WebUIKeywordMain.groovy:64)
	at com.kms.katalon.core.webui.keyword.internal.WebUIKeywordMain$stepFailed$0.call(Unknown Source)
	at com.kms.katalon.core.webui.keyword.builtin.VerifyElementNotPresentKeyword$_verifyElementNotPresent_closure1.doCall(VerifyElementNotPresentKeyword.groovy:106)
	at com.kms.katalon.core.webui.keyword.builtin.VerifyElementNotPresentKeyword$_verifyElementNotPresent_closure1.doCall(VerifyElementNotPresentKeyword.groovy)
	at com.kms.katalon.core.webui.keyword.internal.WebUIKeywordMain.runKeyword(WebUIKeywordMain.groovy:20)
	at com.kms.katalon.core.webui.keyword.internal.WebUIKeywordMain$runKeyword.call(Unknown Source)
	at com.kms.katalon.core.webui.keyword.builtin.VerifyElementNotPresentKeyword.verifyElementNotPresent(VerifyElementNotPresentKeyword.groovy:117)
	at com.kms.katalon.core.webui.keyword.builtin.VerifyElementNotPresentKeyword.execute(VerifyElementNotPresentKeyword.groovy:68)
	at com.kms.katalon.core.keyword.internal.KeywordExecutor.executeKeywordForPlatform(KeywordExecutor.groovy:74)
	at com.kms.katalon.core.webui.keyword.WebUiBuiltInKeywords.verifyElementNotPresent(WebUiBuiltInKeywords.groovy:1481)
	at com.kms.katalon.core.webui.keyword.WebUiBuiltInKeywords$verifyElementNotPresent$8.call(Unknown Source)
	at GetBrokSumPriceDaily.run(GetBrokSumPriceDaily:414)
	at com.kms.katalon.core.main.ScriptEngine.run(ScriptEngine.java:194)
	at com.kms.katalon.core.main.ScriptEngine.runScriptAsRawText(ScriptEngine.java:119)
	at com.kms.katalon.core.main.TestCaseExecutor.runScript(TestCaseExecutor.java:445)
	at com.kms.katalon.core.main.TestCaseExecutor.doExecute(TestCaseExecutor.java:436)
	at com.kms.katalon.core.main.TestCaseExecutor.processExecutionPhase(TestCaseExecutor.java:415)
	at com.kms.katalon.core.main.TestCaseExecutor.accessMainPhase(TestCaseExecutor.java:407)
	at com.kms.katalon.core.main.TestCaseExecutor.execute(TestCaseExecutor.java:284)
	at com.kms.katalon.core.common.CommonExecutor.accessTestCaseMainPhase(CommonExecutor.java:65)
	at com.kms.katalon.core.main.TestSuiteExecutor.accessTestSuiteMainPhase(TestSuiteExecutor.java:144)
	at com.kms.katalon.core.main.TestSuiteExecutor.execute(TestSuiteExecutor.java:106)
	at com.kms.katalon.core.main.TestCaseMain.startTestSuite(TestCaseMain.java:185)
	at com.kms.katalon.core.main.TestCaseMain$startTestSuite$0.call(Unknown Source)
	at TempTestSuite1705922193915.run(TempTestSuite1705922193915.groovy:36)
)

2024-01-22 18:31:09 - [MESSAGE][WARNING] - Web element with id: 'Object Repository/Stockbit/Bandarmology_Seller3' located by 'By.xpath: //*[contains(@id, 'rc-tabs-')]/div[2]/div/div/div/div/div/div[2]/table/tbody/tr[4]/td[5]/p' is present after '1' second(s) (Root cause: com.kms.katalon.core.exception.StepFailedException: Web element with id: 'Object Repository/Stockbit/Bandarmology_Seller3' located by 'By.xpath: //*[contains(@id, 'rc-tabs-')]/div[2]/div/div/div/div/div/div[2]/table/tbody/tr[4]/td[5]/p' is present after '1' second(s)
	at com.kms.katalon.core.webui.keyword.internal.WebUIKeywordMain.stepFailed(WebUIKeywordMain.groovy:64)
	at com.kms.katalon.core.webui.keyword.internal.WebUIKeywordMain$stepFailed$0.call(Unknown Source)
	at com.kms.katalon.core.webui.keyword.builtin.VerifyElementNotPresentKeyword$_verifyElementNotPresent_closure1.doCall(VerifyElementNotPresentKeyword.groovy:106)
	at com.kms.katalon.core.webui.keyword.builtin.VerifyElementNotPresentKeyword$_verifyElementNotPresent_closure1.doCall(VerifyElementNotPresentKeyword.groovy)
	at com.kms.katalon.core.webui.keyword.internal.WebUIKeywordMain.runKeyword(WebUIKeywordMain.groovy:20)
	at com.kms.katalon.core.webui.keyword.internal.WebUIKeywordMain$runKeyword.call(Unknown Source)
	at com.kms.katalon.core.webui.keyword.builtin.VerifyElementNotPresentKeyword.verifyElementNotPresent(VerifyElementNotPresentKeyword.groovy:117)
	at com.kms.katalon.core.webui.keyword.builtin.VerifyElementNotPresentKeyword.execute(VerifyElementNotPresentKeyword.groovy:68)
	at com.kms.katalon.core.keyword.internal.KeywordExecutor.executeKeywordForPlatform(KeywordExecutor.groovy:74)
	at com.kms.katalon.core.webui.keyword.WebUiBuiltInKeywords.verifyElementNotPresent(WebUiBuiltInKeywords.groovy:1481)
	at com.kms.katalon.core.webui.keyword.WebUiBuiltInKeywords$verifyElementNotPresent$8.call(Unknown Source)
	at GetBrokSumPriceDaily.run(GetBrokSumPriceDaily:414)
	at com.kms.katalon.core.main.ScriptEngine.run(ScriptEngine.java:194)
	at com.kms.katalon.core.main.ScriptEngine.runScriptAsRawText(ScriptEngine.java:119)
	at com.kms.katalon.core.main.TestCaseExecutor.runScript(TestCaseExecutor.java:445)
	at com.kms.katalon.core.main.TestCaseExecutor.doExecute(TestCaseExecutor.java:436)
	at com.kms.katalon.core.main.TestCaseExecutor.processExecutionPhase(TestCaseExecutor.java:415)
	at com.kms.katalon.core.main.TestCaseExecutor.accessMainPhase(TestCaseExecutor.java:407)
	at com.kms.katalon.core.main.TestCaseExecutor.execute(TestCaseExecutor.java:284)
	at com.kms.katalon.core.common.CommonExecutor.accessTestCaseMainPhase(CommonExecutor.java:65)
	at com.kms.katalon.core.main.TestSuiteExecutor.accessTestSuiteMainPhase(TestSuiteExecutor.java:144)
	at com.kms.katalon.core.main.TestSuiteExecutor.execute(TestSuiteExecutor.java:106)
	at com.kms.katalon.core.main.TestCaseMain.startTestSuite(TestCaseMain.java:185)
	at com.kms.katalon.core.main.TestCaseMain$startTestSuite$0.call(Unknown Source)
	at TempTestSuite1705922193915.run(TempTestSuite1705922193915.groovy:36)
)
[[ATTACHMENT|C:\\Users\\Fadli\\git\\KatalonDailyGetData2\\Reports\\20240122_174123\\TS1\\20240122_181633\\1705923069480.png]]

2024-01-22 18:31:09 - [TEST_STEP][PASSED] - else: null

2024-01-22 18:31:09 - [TEST_STEP][PASSED] - strSeller3 = getText(findTestObject("Stockbit/Bandarmology_Seller3")): Text of object 'Object Repository/Stockbit/Bandarmology_Seller3' is: 'IH'

2024-01-22 18:31:09 - [MESSAGE][PASSED] - Text of object 'Object Repository/Stockbit/Bandarmology_Seller3' is: 'IH'

2024-01-22 18:31:09 - [TEST_STEP][PASSED] - strSellerVol3 = getText(findTestObject("Stockbit/Bandarmology_SellerVol3")): Text of object 'Object Repository/Stockbit/Bandarmology_SellerVol3' is: '7.7 K'

2024-01-22 18:31:09 - [MESSAGE][PASSED] - Text of object 'Object Repository/Stockbit/Bandarmology_SellerVol3' is: '7.7 K'

2024-01-22 18:31:09 - [TEST_STEP][PASSED] - strSellerAvg3 = getText(findTestObject("Stockbit/Bandarmology_SellerAvg3")): Text of object 'Object Repository/Stockbit/Bandarmology_SellerAvg3' is: '90'

2024-01-22 18:31:10 - [MESSAGE][PASSED] - Text of object 'Object Repository/Stockbit/Bandarmology_SellerAvg3' is: '90'

2024-01-22 18:31:10 - [TEST_STEP][PASSED] - if (strSeller3 != ""): null

2024-01-22 18:31:10 - [TEST_STEP][PASSED] - if (strSellerAvg3.contains(",")): null

2024-01-22 18:31:10 - [TEST_STEP][PASSED] - if (strSellerVol3.contains(" B")): null

2024-01-22 18:31:10 - [TEST_STEP][PASSED] - else if (strSellerVol3.contains(" M")): null

2024-01-22 18:31:10 - [TEST_STEP][PASSED] - else if (strSellerVol3.contains(" K")): null

2024-01-22 18:31:10 - [TEST_STEP][PASSED] - strSellerVol3 = strSellerVol3.replace(" K", ""): null

2024-01-22 18:31:10 - [TEST_STEP][PASSED] - strSellerVol3 = strSellerVol3.toDouble() * 1000: null

2024-01-22 18:31:10 - [TEST_STEP][PASSED] - strAccDist = getText(findTestObject("Stockbit/Bandarmology_AccDist")): Text of object 'Object Repository/Stockbit/Bandarmology_AccDist' is: 'Dist'

2024-01-22 18:31:10 - [MESSAGE][PASSED] - Text of object 'Object Repository/Stockbit/Bandarmology_AccDist' is: 'Dist'

2024-01-22 18:31:10 - [TEST_STEP][PASSED] - strNetVol = getText(findTestObject("Stockbit/Bandarmology_NetVol")): Text of object 'Object Repository/Stockbit/Bandarmology_NetVol' is: '44,736'

2024-01-22 18:31:10 - [MESSAGE][PASSED] - Text of object 'Object Repository/Stockbit/Bandarmology_NetVol' is: '44,736'

2024-01-22 18:31:10 - [TEST_STEP][PASSED] - strNetVol = strNetVol.replace(",", ""): null

2024-01-22 18:31:10 - [TEST_STEP][PASSED] - strNetVal = getText(findTestObject("Stockbit/Bandarmology_NetVal")): Text of object 'Object Repository/Stockbit/Bandarmology_NetVal' is: '0.4 B'

2024-01-22 18:31:10 - [MESSAGE][PASSED] - Text of object 'Object Repository/Stockbit/Bandarmology_NetVal' is: '0.4 B'

2024-01-22 18:31:10 - [TEST_STEP][PASSED] - delay(3): Delayed 3 second(s)

2024-01-22 18:31:13 - [MESSAGE][PASSED] - Delayed 3 second(s)

2024-01-22 18:31:13 - [TEST_STEP][PASSED] - strOpenPrice = getText(findTestObject("Stockbit/Home_OpenPrice")): Text of object 'Object Repository/Stockbit/Home_OpenPrice' is: '91'

2024-01-22 18:31:13 - [MESSAGE][PASSED] - Text of object 'Object Repository/Stockbit/Home_OpenPrice' is: '91'

2024-01-22 18:31:13 - [TEST_STEP][PASSED] - strOpenPrice = strOpenPrice.replace(",", ""): null

2024-01-22 18:31:13 - [TEST_STEP][PASSED] - strLowPrice = getText(findTestObject("Stockbit/Home_LowPrice")): Text of object 'Object Repository/Stockbit/Home_LowPrice' is: '89'

2024-01-22 18:31:13 - [MESSAGE][PASSED] - Text of object 'Object Repository/Stockbit/Home_LowPrice' is: '89'

2024-01-22 18:31:13 - [TEST_STEP][PASSED] - strLowPrice = strLowPrice.replace(",", ""): null

2024-01-22 18:31:13 - [TEST_STEP][PASSED] - strHighPrice = getText(findTestObject("Stockbit/Home_HighPrice")): Text of object 'Object Repository/Stockbit/Home_HighPrice' is: '91'

2024-01-22 18:31:13 - [MESSAGE][PASSED] - Text of object 'Object Repository/Stockbit/Home_HighPrice' is: '91'

2024-01-22 18:31:13 - [TEST_STEP][PASSED] - strHighPrice = strHighPrice.replace(",", ""): null

2024-01-22 18:31:13 - [TEST_STEP][PASSED] - strClosePrice = getText(findTestObject("Stockbit/Home_ClosePrice")): Text of object 'Object Repository/Stockbit/Home_ClosePrice' is: '90'

2024-01-22 18:31:13 - [MESSAGE][PASSED] - Text of object 'Object Repository/Stockbit/Home_ClosePrice' is: '90'

2024-01-22 18:31:13 - [TEST_STEP][PASSED] - strClosePrice = strClosePrice.replace(",", ""): null

2024-01-22 18:31:13 - [TEST_STEP][PASSED] - strVol = getText(findTestObject("Stockbit/Home_Volume")): Text of object 'Object Repository/Stockbit/Home_Volume' is: '67 K'

2024-01-22 18:31:14 - [MESSAGE][PASSED] - Text of object 'Object Repository/Stockbit/Home_Volume' is: '67 K'

2024-01-22 18:31:14 - [TEST_STEP][PASSED] - if (strVol.contains(" K")): null

2024-01-22 18:31:14 - [TEST_STEP][PASSED] - strVol = strVol.replace(" K", "000"): null

2024-01-22 18:31:14 - [TEST_STEP][PASSED] - if (strVol.contains(",")): null

2024-01-22 18:31:14 - [TEST_STEP][PASSED] - strChange = getText(findTestObject("Stockbit/Home_Change")): Text of object 'Object Repository/Stockbit/Home_Change' is: '-1.10%'

2024-01-22 18:31:14 - [MESSAGE][PASSED] - Text of object 'Object Repository/Stockbit/Home_Change' is: '-1.10%'

2024-01-22 18:31:14 - [TEST_STEP][PASSED] - strChange = strChange.replace("%", ""): null

2024-01-22 18:31:14 - [TEST_STEP][PASSED] - strFreq = getText(findTestObject("Stockbit/Home_Freq")): Text of object 'Object Repository/Stockbit/Home_Freq' is: '792'

2024-01-22 18:31:14 - [MESSAGE][PASSED] - Text of object 'Object Repository/Stockbit/Home_Freq' is: '792'

2024-01-22 18:31:14 - [TEST_STEP][PASSED] - if (strFreq.contains(",")): null

2024-01-22 18:31:14 - [TEST_STEP][PASSED] - if (strFreq == "NA" || strFreq == ""): null

2024-01-22 18:31:14 - [TEST_STEP][PASSED] - else: null

2024-01-22 18:31:14 - [TEST_STEP][PASSED] - dblFreqAnal = strVol.toDouble() / strFreq.toDouble() * strFreq.toDouble() * strFreq.toDouble() * 100000000: null

2024-01-22 18:31:14 - [TEST_STEP][PASSED] - strFreqAnal = String.format("%.4f", dblFreqAnal): null

2024-01-22 18:31:14 - [TEST_STEP][PASSED] - out.println("Double strFreqAnal: " + strFreqAnal): null

2024-01-22 18:31:14 - [TEST_STEP][PASSED] - strTanggal = d.format(DateTimeFormatter.ofPattern("yyyy-MM-dd")): null

2024-01-22 18:31:14 - [TEST_STEP][PASSED] - strTanggal = "#" + strTanggal + "#": null

2024-01-22 18:31:14 - [TEST_STEP][PASSED] - strSQL = "select count(*) as JumBaris from TblBrokSum where Nama = '" + strNama + "' and Tanggal = " + strTanggal + "": null

2024-01-22 18:31:14 - [TEST_STEP][PASSED] - resultSet = statement.executeQuery(strSQL): null

2024-01-22 18:31:14 - [TEST_STEP][PASSED] - resultSet.next(): null

2024-01-22 18:31:14 - [TEST_STEP][PASSED] - intJumBaris = resultSet.getInt("JumBaris"): null

2024-01-22 18:31:14 - [TEST_STEP][PASSED] - if (intJumBaris > 0): null

2024-01-22 18:31:14 - [TEST_STEP][PASSED] - else: null

2024-01-22 18:31:14 - [TEST_STEP][PASSED] - try: null

2024-01-22 18:31:14 - [TEST_STEP][PASSED] - out.println("Insert data"): null

2024-01-22 18:31:14 - [TEST_STEP][PASSED] - strSQL = "insert into TblBrokSum (nama, tanggal, top1, top2, top3, AllBrokAvg, AccDist, AvgRP, " + "Buyer1, BuyerVal1, BuyerAvg1, Seller1, SellerVal1, SellerAvg1, Buyer2, BuyerVal2, BuyerAvg2, " + "Seller2, SellerVal2, SellerAvg2, Buyer3, BuyerVal3, BuyerAvg3, Seller3, SellerVal3, SellerAvg3, NetVol, NetVal, " + "OpenPrice, LowPrice, HighPrice, ClosePrice, Volume, Change, Frekuensi, FrekAnal) " + "values ('" + strNama + "', " + strTanggal + ", '" + strTop1 + "', '" + strTop3 + "', '" + strTop5 + "', " + "'" + strAllBrokAvg + "', '" + strAccDist + "', " + intAvgRP + ", '" + strBuyer1 + "', '" + strBuyerVol1 + "', " + strBuyerAvg1 + ", " + "'" + strSeller1 + "', '" + strSellerVol1 + "', " + strSellerAvg1 + ", '" + strBuyer2 + "', '" + strBuyerVol2 + "', " + strBuyerAvg2 + ", " + "'" + strSeller2 + "', '" + strSellerVol2 + "', " + strSellerAvg2 + ", '" + strBuyer3 + "', '" + strBuyerVol3 + "', " + strBuyerAvg3 + ", " + "'" + strSeller3 + "', '" + strSellerVol3 + "', " + strSellerAvg3 + ", " + strNetVol + ", '" + strNetVal + "', " + "" + strOpenPrice + ", " + strLowPrice + ", " + strHighPrice + ", " + strClosePrice + ", '" + strVol + "', " + strChange + ", " + strFreq + ", " + strFreqAnal + ");": null

2024-01-22 18:31:14 - [TEST_STEP][PASSED] - out.println("strSQL = " + strSQL): null

2024-01-22 18:31:14 - [TEST_STEP][PASSED] - statement.executeUpdate(strSQL): null

2024-01-22 18:31:14 - [TEST_STEP][PASSED] - setValueToCellByIndex(sheet01, rowIndex, 4, "DONE"): null

2024-01-22 18:31:14 - [TEST_STEP][PASSED] - saveWorkbook(excelFilePath, workbook01): null

2024-01-22 18:31:14 - [TEST_STEP][PASSED] - waitForElementClickable(findTestObject("Stockbit/menu_Bandarmology"), 10): Object 'Object Repository/Stockbit/menu_Bandarmology' is clickable

2024-01-22 18:31:14 - [MESSAGE][PASSED] - Object 'Object Repository/Stockbit/menu_Bandarmology' is clickable

2024-01-22 18:31:14 - [TEST_STEP][PASSED] - click(findTestObject("Stockbit/menu_Bandarmology")): Object: 'Object Repository/Stockbit/menu_Bandarmology' is clicked on

2024-01-22 18:31:14 - [MESSAGE][PASSED] - Object: 'Object Repository/Stockbit/menu_Bandarmology' is clicked on

2024-01-22 18:31:14 - [TEST_STEP][PASSED] - strTemp = "NA": null

2024-01-22 18:31:14 - [TEST_STEP][PASSED] - if (getCellValueByIndex(sheet01, rowIndex, 4) != "DONE"): Object: 'Object Repository/Stockbit/menu_Bandarmology' is clicked on

2024-01-22 18:31:14 - [TEST_STEP][PASSED] - strNama = getCellValueByIndex(sheet01, rowIndex, 0): null

2024-01-22 18:31:14 - [TEST_STEP][PASSED] - navigateToUrl("https://stockbit.com/#/symbol/" + strNama): Navigate to 'https://stockbit.com/#/symbol/DKFT' successfully

2024-01-22 18:31:16 - [MESSAGE][PASSED] - Navigate to 'https://stockbit.com/#/symbol/DKFT' successfully

2024-01-22 18:31:16 - [TEST_STEP][PASSED] - waitForElementClickable(findTestObject("Stockbit/menu_Bandarmology"), 10): Object 'Object Repository/Stockbit/menu_Bandarmology' is clickable

2024-01-22 18:31:16 - [MESSAGE][PASSED] - Object 'Object Repository/Stockbit/menu_Bandarmology' is clickable

2024-01-22 18:31:16 - [TEST_STEP][PASSED] - click(findTestObject("Stockbit/menu_Bandarmology")): Object: 'Object Repository/Stockbit/menu_Bandarmology' is clicked on

2024-01-22 18:31:17 - [MESSAGE][PASSED] - Object: 'Object Repository/Stockbit/menu_Bandarmology' is clicked on

2024-01-22 18:31:17 - [TEST_STEP][PASSED] - strTanggal = d.format(DateTimeFormatter.ofPattern("MMM dd, yyyy")): null

2024-01-22 18:31:17 - [TEST_STEP][PASSED] - strTanggal = d.format(ISO_DATE): null

2024-01-22 18:31:17 - [TEST_STEP][PASSED] - out.println("strTanggal = " + strTanggal): null

2024-01-22 18:31:17 - [TEST_STEP][PASSED] - out.println("strNama = " + strNama): null

2024-01-22 18:31:17 - [TEST_STEP][PASSED] - out.println("Baris ke = " + rowIndex): null

2024-01-22 18:31:17 - [TEST_STEP][PASSED] - click(findTestObject("Stockbit/input__BandarmologyOpenStartDate")): Object: 'Object Repository/Stockbit/input__BandarmologyOpenStartDate' is clicked on

2024-01-22 18:31:18 - [MESSAGE][PASSED] - Object: 'Object Repository/Stockbit/input__BandarmologyOpenStartDate' is clicked on

2024-01-22 18:31:18 - [TEST_STEP][PASSED] - sendKeys(findTestObject("Stockbit/input__BandarmologyOpenStartDate"), Keys.chord(CONTROL, "a")): Keys 'CONTROL + a' sent to object: 'Object Repository/Stockbit/input__BandarmologyOpenStartDate'

2024-01-22 18:31:19 - [MESSAGE][PASSED] - Keys 'CONTROL + a' sent to object: 'Object Repository/Stockbit/input__BandarmologyOpenStartDate'

2024-01-22 18:31:19 - [TEST_STEP][PASSED] - sendKeys(findTestObject("Stockbit/input__BandarmologyOpenStartDate"), Keys.chord(BACK_SPACE)): Keys 'BACK_SPACE + ' sent to object: 'Object Repository/Stockbit/input__BandarmologyOpenStartDate'

2024-01-22 18:31:19 - [MESSAGE][PASSED] - Keys 'BACK_SPACE + ' sent to object: 'Object Repository/Stockbit/input__BandarmologyOpenStartDate'

2024-01-22 18:31:19 - [TEST_STEP][PASSED] - setText(findTestObject("Stockbit/input__BandarmologyOpenStartDate"), strTanggal): Text '2024-01-22' is set on object 'Object Repository/Stockbit/input__BandarmologyOpenStartDate'

2024-01-22 18:31:20 - [MESSAGE][PASSED] - Text '2024-01-22' is set on object 'Object Repository/Stockbit/input__BandarmologyOpenStartDate'

2024-01-22 18:31:20 - [TEST_STEP][PASSED] - sendKeys(findTestObject("Stockbit/input__BandarmologyOpenStartDate"), Keys.chord(ENTER)): Keys 'ENTER + ' sent to object: 'Object Repository/Stockbit/input__BandarmologyOpenStartDate'

2024-01-22 18:31:20 - [MESSAGE][PASSED] - Keys 'ENTER + ' sent to object: 'Object Repository/Stockbit/input__BandarmologyOpenStartDate'

2024-01-22 18:31:20 - [TEST_STEP][PASSED] - click(findTestObject("Stockbit/input__BandarmologyOpenEndDate")): Object: 'Object Repository/Stockbit/input__BandarmologyOpenEndDate' is clicked on

2024-01-22 18:31:21 - [MESSAGE][PASSED] - Object: 'Object Repository/Stockbit/input__BandarmologyOpenEndDate' is clicked on

2024-01-22 18:31:21 - [TEST_STEP][PASSED] - sendKeys(findTestObject("Stockbit/input__BandarmologyOpenEndDate"), Keys.chord(CONTROL, "a")): Keys 'CONTROL + a' sent to object: 'Object Repository/Stockbit/input__BandarmologyOpenEndDate'

2024-01-22 18:31:21 - [MESSAGE][PASSED] - Keys 'CONTROL + a' sent to object: 'Object Repository/Stockbit/input__BandarmologyOpenEndDate'

2024-01-22 18:31:21 - [TEST_STEP][PASSED] - sendKeys(findTestObject("Stockbit/input__BandarmologyOpenEndDate"), Keys.chord(BACK_SPACE)): Keys 'BACK_SPACE + ' sent to object: 'Object Repository/Stockbit/input__BandarmologyOpenEndDate'

2024-01-22 18:31:21 - [MESSAGE][PASSED] - Keys 'BACK_SPACE + ' sent to object: 'Object Repository/Stockbit/input__BandarmologyOpenEndDate'

2024-01-22 18:31:21 - [TEST_STEP][PASSED] - setText(findTestObject("Stockbit/input__BandarmologyOpenEndDate"), strTanggal): Text '2024-01-22' is set on object 'Object Repository/Stockbit/input__BandarmologyOpenEndDate'

2024-01-22 18:31:22 - [MESSAGE][PASSED] - Text '2024-01-22' is set on object 'Object Repository/Stockbit/input__BandarmologyOpenEndDate'

2024-01-22 18:31:22 - [TEST_STEP][PASSED] - sendKeys(findTestObject("Stockbit/input__BandarmologyOpenEndDate"), Keys.chord(ENTER)): Keys 'ENTER + ' sent to object: 'Object Repository/Stockbit/input__BandarmologyOpenEndDate'

2024-01-22 18:31:23 - [MESSAGE][PASSED] - Keys 'ENTER + ' sent to object: 'Object Repository/Stockbit/input__BandarmologyOpenEndDate'

2024-01-22 18:31:23 - [TEST_STEP][PASSED] - delay(2): Delayed 2 second(s)

2024-01-22 18:31:25 - [MESSAGE][PASSED] - Delayed 2 second(s)

2024-01-22 18:31:25 - [TEST_STEP][PASSED] - strTemp = getText(findTestObject("Stockbit/Bandarmology_AvgRP")): Text of object 'Object Repository/Stockbit/Bandarmology_AvgRP' is: '108'

2024-01-22 18:31:25 - [MESSAGE][PASSED] - Text of object 'Object Repository/Stockbit/Bandarmology_AvgRP' is: '108'

2024-01-22 18:31:25 - [TEST_STEP][PASSED] - out.println("Bandarmology_AvgRP = " + strTemp): null

2024-01-22 18:31:25 - [TEST_STEP][PASSED] - if (strTemp != "0"): null

2024-01-22 18:31:25 - [TEST_STEP][PASSED] - strTop1 = getText(findTestObject("Stockbit/Bandarmology_Top1")): Text of object 'Object Repository/Stockbit/Bandarmology_Top1' is: 'Big Dist'

2024-01-22 18:31:25 - [MESSAGE][PASSED] - Text of object 'Object Repository/Stockbit/Bandarmology_Top1' is: 'Big Dist'

2024-01-22 18:31:25 - [TEST_STEP][PASSED] - strTop3 = getText(findTestObject("Stockbit/Bandarmology_Top3")): Text of object 'Object Repository/Stockbit/Bandarmology_Top3' is: 'Big Dist'

2024-01-22 18:31:25 - [MESSAGE][PASSED] - Text of object 'Object Repository/Stockbit/Bandarmology_Top3' is: 'Big Dist'

2024-01-22 18:31:25 - [TEST_STEP][PASSED] - strTop5 = getText(findTestObject("Stockbit/Bandarmology_Top5")): Text of object 'Object Repository/Stockbit/Bandarmology_Top5' is: 'Normal Dist'

2024-01-22 18:31:25 - [MESSAGE][PASSED] - Text of object 'Object Repository/Stockbit/Bandarmology_Top5' is: 'Normal Dist'

2024-01-22 18:31:25 - [TEST_STEP][PASSED] - strAllBrokAvg = getText(findTestObject("Stockbit/Bandarmology_TopAVG")): Text of object 'Object Repository/Stockbit/Bandarmology_TopAVG' is: 'Normal Dist'

2024-01-22 18:31:25 - [MESSAGE][PASSED] - Text of object 'Object Repository/Stockbit/Bandarmology_TopAVG' is: 'Normal Dist'

2024-01-22 18:31:25 - [TEST_STEP][PASSED] - strTemp = getText(findTestObject("Stockbit/Bandarmology_AvgRP")): Text of object 'Object Repository/Stockbit/Bandarmology_AvgRP' is: '108'

2024-01-22 18:31:25 - [MESSAGE][PASSED] - Text of object 'Object Repository/Stockbit/Bandarmology_AvgRP' is: '108'

2024-01-22 18:31:25 - [TEST_STEP][PASSED] - if (strTemp.contains(",")): null

2024-01-22 18:31:25 - [TEST_STEP][PASSED] - intAvgRP = strTemp.toInteger(): null

2024-01-22 18:31:25 - [TEST_STEP][PASSED] - strBuyer1 = getText(findTestObject("Stockbit/Bandarmology_Buyer1")): Text of object 'Object Repository/Stockbit/Bandarmology_Buyer1' is: 'PD'

2024-01-22 18:31:25 - [MESSAGE][PASSED] - Text of object 'Object Repository/Stockbit/Bandarmology_Buyer1' is: 'PD'

2024-01-22 18:31:25 - [TEST_STEP][PASSED] - strBuyerVol1 = getText(findTestObject("Stockbit/Bandarmology_BuyerVol1")): Text of object 'Object Repository/Stockbit/Bandarmology_BuyerVol1' is: '37.7 K'

2024-01-22 18:31:25 - [MESSAGE][PASSED] - Text of object 'Object Repository/Stockbit/Bandarmology_BuyerVol1' is: '37.7 K'

2024-01-22 18:31:25 - [TEST_STEP][PASSED] - strBuyerAvg1 = getText(findTestObject("Stockbit/Bandarmology_BuyerAvg1")): Text of object 'Object Repository/Stockbit/Bandarmology_BuyerAvg1' is: '108'

2024-01-22 18:31:26 - [MESSAGE][PASSED] - Text of object 'Object Repository/Stockbit/Bandarmology_BuyerAvg1' is: '108'

2024-01-22 18:31:26 - [TEST_STEP][PASSED] - if (strBuyerAvg1.contains(",")): null

2024-01-22 18:31:26 - [TEST_STEP][PASSED] - if (strBuyerVol1.contains(" B")): null

2024-01-22 18:31:26 - [TEST_STEP][PASSED] - else if (strBuyerVol1.contains(" M")): null

2024-01-22 18:31:26 - [TEST_STEP][PASSED] - else if (strBuyerVol1.contains(" K")): null

2024-01-22 18:31:26 - [TEST_STEP][PASSED] - strBuyerVol1 = strBuyerVol1.replace(" K", ""): null

2024-01-22 18:31:26 - [TEST_STEP][PASSED] - strBuyerVol1 = strBuyerVol1.toDouble() * 1000: null

2024-01-22 18:31:26 - [TEST_STEP][PASSED] - strSeller1 = getText(findTestObject("Stockbit/Bandarmology_Seller1")): Text of object 'Object Repository/Stockbit/Bandarmology_Seller1' is: 'AZ'

2024-01-22 18:31:26 - [MESSAGE][PASSED] - Text of object 'Object Repository/Stockbit/Bandarmology_Seller1' is: 'AZ'

2024-01-22 18:31:26 - [TEST_STEP][PASSED] - strSellerVol1 = getText(findTestObject("Stockbit/Bandarmology_SellerVol1")): Text of object 'Object Repository/Stockbit/Bandarmology_SellerVol1' is: '51.2 K'

2024-01-22 18:31:26 - [MESSAGE][PASSED] - Text of object 'Object Repository/Stockbit/Bandarmology_SellerVol1' is: '51.2 K'

2024-01-22 18:31:26 - [TEST_STEP][PASSED] - strSellerAvg1 = getText(findTestObject("Stockbit/Bandarmology_SellerAvg1")): Text of object 'Object Repository/Stockbit/Bandarmology_SellerAvg1' is: '108'

2024-01-22 18:31:26 - [MESSAGE][PASSED] - Text of object 'Object Repository/Stockbit/Bandarmology_SellerAvg1' is: '108'

2024-01-22 18:31:26 - [TEST_STEP][PASSED] - if (strSellerAvg1.contains(",")): null

2024-01-22 18:31:26 - [TEST_STEP][PASSED] - if (strSellerVol1.contains(" B")): null

2024-01-22 18:31:26 - [TEST_STEP][PASSED] - else if (strSellerVol1.contains(" M")): null

2024-01-22 18:31:26 - [TEST_STEP][PASSED] - else if (strSellerVol1.contains(" K")): null

2024-01-22 18:31:26 - [TEST_STEP][PASSED] - strSellerVol1 = strSellerVol1.replace(" K", ""): null

2024-01-22 18:31:26 - [TEST_STEP][PASSED] - strSellerVol1 = strSellerVol1.toDouble() * 1000: null

2024-01-22 18:31:26 - [TEST_STEP][PASSED] - if (verifyElementNotPresent(findTestObject("Stockbit/Bandarmology_Buyer2"), 1, OPTIONAL)): Web element with id: 'Object Repository/Stockbit/Bandarmology_Buyer2' located by 'By.xpath: //*[contains(@id, 'rc-tabs-')]/div[2]/div/div/div/div/div/div[2]/table/tbody/tr[3]/td[1]/p' is present after '1' second(s) (Root cause: com.kms.katalon.core.exception.StepFailedException: Web element with id: 'Object Repository/Stockbit/Bandarmology_Buyer2' located by 'By.xpath: //*[contains(@id, 'rc-tabs-')]/div[2]/div/div/div/div/div/div[2]/table/tbody/tr[3]/td[1]/p' is present after '1' second(s)
	at com.kms.katalon.core.webui.keyword.internal.WebUIKeywordMain.stepFailed(WebUIKeywordMain.groovy:64)
	at com.kms.katalon.core.webui.keyword.internal.WebUIKeywordMain$stepFailed$0.call(Unknown Source)
	at com.kms.katalon.core.webui.keyword.builtin.VerifyElementNotPresentKeyword$_verifyElementNotPresent_closure1.doCall(VerifyElementNotPresentKeyword.groovy:106)
	at com.kms.katalon.core.webui.keyword.builtin.VerifyElementNotPresentKeyword$_verifyElementNotPresent_closure1.doCall(VerifyElementNotPresentKeyword.groovy)
	at com.kms.katalon.core.webui.keyword.internal.WebUIKeywordMain.runKeyword(WebUIKeywordMain.groovy:20)
	at com.kms.katalon.core.webui.keyword.internal.WebUIKeywordMain$runKeyword.call(Unknown Source)
	at com.kms.katalon.core.webui.keyword.builtin.VerifyElementNotPresentKeyword.verifyElementNotPresent(VerifyElementNotPresentKeyword.groovy:117)
	at com.kms.katalon.core.webui.keyword.builtin.VerifyElementNotPresentKeyword.execute(VerifyElementNotPresentKeyword.groovy:68)
	at com.kms.katalon.core.keyword.internal.KeywordExecutor.executeKeywordForPlatform(KeywordExecutor.groovy:74)
	at com.kms.katalon.core.webui.keyword.WebUiBuiltInKeywords.verifyElementNotPresent(WebUiBuiltInKeywords.groovy:1481)
	at com.kms.katalon.core.webui.keyword.WebUiBuiltInKeywords$verifyElementNotPresent$8.call(Unknown Source)
	at GetBrokSumPriceDaily.run(GetBrokSumPriceDaily:258)
	at com.kms.katalon.core.main.ScriptEngine.run(ScriptEngine.java:194)
	at com.kms.katalon.core.main.ScriptEngine.runScriptAsRawText(ScriptEngine.java:119)
	at com.kms.katalon.core.main.TestCaseExecutor.runScript(TestCaseExecutor.java:445)
	at com.kms.katalon.core.main.TestCaseExecutor.doExecute(TestCaseExecutor.java:436)
	at com.kms.katalon.core.main.TestCaseExecutor.processExecutionPhase(TestCaseExecutor.java:415)
	at com.kms.katalon.core.main.TestCaseExecutor.accessMainPhase(TestCaseExecutor.java:407)
	at com.kms.katalon.core.main.TestCaseExecutor.execute(TestCaseExecutor.java:284)
	at com.kms.katalon.core.common.CommonExecutor.accessTestCaseMainPhase(CommonExecutor.java:65)
	at com.kms.katalon.core.main.TestSuiteExecutor.accessTestSuiteMainPhase(TestSuiteExecutor.java:144)
	at com.kms.katalon.core.main.TestSuiteExecutor.execute(TestSuiteExecutor.java:106)
	at com.kms.katalon.core.main.TestCaseMain.startTestSuite(TestCaseMain.java:185)
	at com.kms.katalon.core.main.TestCaseMain$startTestSuite$0.call(Unknown Source)
	at TempTestSuite1705922193915.run(TempTestSuite1705922193915.groovy:36)
)

2024-01-22 18:31:27 - [MESSAGE][WARNING] - Web element with id: 'Object Repository/Stockbit/Bandarmology_Buyer2' located by 'By.xpath: //*[contains(@id, 'rc-tabs-')]/div[2]/div/div/div/div/div/div[2]/table/tbody/tr[3]/td[1]/p' is present after '1' second(s) (Root cause: com.kms.katalon.core.exception.StepFailedException: Web element with id: 'Object Repository/Stockbit/Bandarmology_Buyer2' located by 'By.xpath: //*[contains(@id, 'rc-tabs-')]/div[2]/div/div/div/div/div/div[2]/table/tbody/tr[3]/td[1]/p' is present after '1' second(s)
	at com.kms.katalon.core.webui.keyword.internal.WebUIKeywordMain.stepFailed(WebUIKeywordMain.groovy:64)
	at com.kms.katalon.core.webui.keyword.internal.WebUIKeywordMain$stepFailed$0.call(Unknown Source)
	at com.kms.katalon.core.webui.keyword.builtin.VerifyElementNotPresentKeyword$_verifyElementNotPresent_closure1.doCall(VerifyElementNotPresentKeyword.groovy:106)
	at com.kms.katalon.core.webui.keyword.builtin.VerifyElementNotPresentKeyword$_verifyElementNotPresent_closure1.doCall(VerifyElementNotPresentKeyword.groovy)
	at com.kms.katalon.core.webui.keyword.internal.WebUIKeywordMain.runKeyword(WebUIKeywordMain.groovy:20)
	at com.kms.katalon.core.webui.keyword.internal.WebUIKeywordMain$runKeyword.call(Unknown Source)
	at com.kms.katalon.core.webui.keyword.builtin.VerifyElementNotPresentKeyword.verifyElementNotPresent(VerifyElementNotPresentKeyword.groovy:117)
	at com.kms.katalon.core.webui.keyword.builtin.VerifyElementNotPresentKeyword.execute(VerifyElementNotPresentKeyword.groovy:68)
	at com.kms.katalon.core.keyword.internal.KeywordExecutor.executeKeywordForPlatform(KeywordExecutor.groovy:74)
	at com.kms.katalon.core.webui.keyword.WebUiBuiltInKeywords.verifyElementNotPresent(WebUiBuiltInKeywords.groovy:1481)
	at com.kms.katalon.core.webui.keyword.WebUiBuiltInKeywords$verifyElementNotPresent$8.call(Unknown Source)
	at GetBrokSumPriceDaily.run(GetBrokSumPriceDaily:258)
	at com.kms.katalon.core.main.ScriptEngine.run(ScriptEngine.java:194)
	at com.kms.katalon.core.main.ScriptEngine.runScriptAsRawText(ScriptEngine.java:119)
	at com.kms.katalon.core.main.TestCaseExecutor.runScript(TestCaseExecutor.java:445)
	at com.kms.katalon.core.main.TestCaseExecutor.doExecute(TestCaseExecutor.java:436)
	at com.kms.katalon.core.main.TestCaseExecutor.processExecutionPhase(TestCaseExecutor.java:415)
	at com.kms.katalon.core.main.TestCaseExecutor.accessMainPhase(TestCaseExecutor.java:407)
	at com.kms.katalon.core.main.TestCaseExecutor.execute(TestCaseExecutor.java:284)
	at com.kms.katalon.core.common.CommonExecutor.accessTestCaseMainPhase(CommonExecutor.java:65)
	at com.kms.katalon.core.main.TestSuiteExecutor.accessTestSuiteMainPhase(TestSuiteExecutor.java:144)
	at com.kms.katalon.core.main.TestSuiteExecutor.execute(TestSuiteExecutor.java:106)
	at com.kms.katalon.core.main.TestCaseMain.startTestSuite(TestCaseMain.java:185)
	at com.kms.katalon.core.main.TestCaseMain$startTestSuite$0.call(Unknown Source)
	at TempTestSuite1705922193915.run(TempTestSuite1705922193915.groovy:36)
)
[[ATTACHMENT|C:\\Users\\Fadli\\git\\KatalonDailyGetData2\\Reports\\20240122_174123\\TS1\\20240122_181633\\1705923087629.png]]

2024-01-22 18:31:27 - [TEST_STEP][PASSED] - else: null

2024-01-22 18:31:27 - [TEST_STEP][PASSED] - strBuyer2 = getText(findTestObject("Stockbit/Bandarmology_Buyer2")): Text of object 'Object Repository/Stockbit/Bandarmology_Buyer2' is: 'DH'

2024-01-22 18:31:27 - [MESSAGE][PASSED] - Text of object 'Object Repository/Stockbit/Bandarmology_Buyer2' is: 'DH'

2024-01-22 18:31:27 - [TEST_STEP][PASSED] - strBuyerVol2 = getText(findTestObject("Stockbit/Bandarmology_BuyerVol2")): Text of object 'Object Repository/Stockbit/Bandarmology_BuyerVol2' is: '9.5 K'

2024-01-22 18:31:28 - [MESSAGE][PASSED] - Text of object 'Object Repository/Stockbit/Bandarmology_BuyerVol2' is: '9.5 K'

2024-01-22 18:31:28 - [TEST_STEP][PASSED] - strBuyerAvg2 = getText(findTestObject("Stockbit/Bandarmology_BuyerAvg2")): Text of object 'Object Repository/Stockbit/Bandarmology_BuyerAvg2' is: '108'

2024-01-22 18:31:28 - [MESSAGE][PASSED] - Text of object 'Object Repository/Stockbit/Bandarmology_BuyerAvg2' is: '108'

2024-01-22 18:31:28 - [TEST_STEP][PASSED] - if (strBuyer2 != ""): null

2024-01-22 18:31:28 - [TEST_STEP][PASSED] - if (strBuyerAvg2.contains(",")): null

2024-01-22 18:31:28 - [TEST_STEP][PASSED] - if (strBuyerVol2.contains(" B")): null

2024-01-22 18:31:28 - [TEST_STEP][PASSED] - else if (strBuyerVol2.contains(" M")): null

2024-01-22 18:31:28 - [TEST_STEP][PASSED] - else if (strBuyerVol2.contains(" K")): null

2024-01-22 18:31:28 - [TEST_STEP][PASSED] - strBuyerVol2 = strBuyerVol2.replace(" K", ""): null

2024-01-22 18:31:28 - [TEST_STEP][PASSED] - strBuyerVol2 = strBuyerVol2.toDouble() * 1000: null

2024-01-22 18:31:28 - [TEST_STEP][PASSED] - if (strBuyerVol2.contains(".")): null

2024-01-22 18:31:28 - [TEST_STEP][PASSED] - strBuyerVal2 = strBuyerVol2.replace(".", ""): null

2024-01-22 18:31:28 - [TEST_STEP][PASSED] - if (verifyElementNotPresent(findTestObject("Stockbit/Bandarmology_Seller2"), 1, OPTIONAL)): Web element with id: 'Object Repository/Stockbit/Bandarmology_Seller2' located by 'By.xpath: //*[contains(@id, 'rc-tabs-')]/div[2]/div/div/div/div/div/div[2]/table/tbody/tr[3]/td[5]/p' is present after '1' second(s) (Root cause: com.kms.katalon.core.exception.StepFailedException: Web element with id: 'Object Repository/Stockbit/Bandarmology_Seller2' located by 'By.xpath: //*[contains(@id, 'rc-tabs-')]/div[2]/div/div/div/div/div/div[2]/table/tbody/tr[3]/td[5]/p' is present after '1' second(s)
	at com.kms.katalon.core.webui.keyword.internal.WebUIKeywordMain.stepFailed(WebUIKeywordMain.groovy:64)
	at com.kms.katalon.core.webui.keyword.internal.WebUIKeywordMain$stepFailed$0.call(Unknown Source)
	at com.kms.katalon.core.webui.keyword.builtin.VerifyElementNotPresentKeyword$_verifyElementNotPresent_closure1.doCall(VerifyElementNotPresentKeyword.groovy:106)
	at com.kms.katalon.core.webui.keyword.builtin.VerifyElementNotPresentKeyword$_verifyElementNotPresent_closure1.doCall(VerifyElementNotPresentKeyword.groovy)
	at com.kms.katalon.core.webui.keyword.internal.WebUIKeywordMain.runKeyword(WebUIKeywordMain.groovy:20)
	at com.kms.katalon.core.webui.keyword.internal.WebUIKeywordMain$runKeyword.call(Unknown Source)
	at com.kms.katalon.core.webui.keyword.builtin.VerifyElementNotPresentKeyword.verifyElementNotPresent(VerifyElementNotPresentKeyword.groovy:117)
	at com.kms.katalon.core.webui.keyword.builtin.VerifyElementNotPresentKeyword.execute(VerifyElementNotPresentKeyword.groovy:68)
	at com.kms.katalon.core.keyword.internal.KeywordExecutor.executeKeywordForPlatform(KeywordExecutor.groovy:74)
	at com.kms.katalon.core.webui.keyword.WebUiBuiltInKeywords.verifyElementNotPresent(WebUiBuiltInKeywords.groovy:1481)
	at com.kms.katalon.core.webui.keyword.WebUiBuiltInKeywords$verifyElementNotPresent$8.call(Unknown Source)
	at GetBrokSumPriceDaily.run(GetBrokSumPriceDaily:309)
	at com.kms.katalon.core.main.ScriptEngine.run(ScriptEngine.java:194)
	at com.kms.katalon.core.main.ScriptEngine.runScriptAsRawText(ScriptEngine.java:119)
	at com.kms.katalon.core.main.TestCaseExecutor.runScript(TestCaseExecutor.java:445)
	at com.kms.katalon.core.main.TestCaseExecutor.doExecute(TestCaseExecutor.java:436)
	at com.kms.katalon.core.main.TestCaseExecutor.processExecutionPhase(TestCaseExecutor.java:415)
	at com.kms.katalon.core.main.TestCaseExecutor.accessMainPhase(TestCaseExecutor.java:407)
	at com.kms.katalon.core.main.TestCaseExecutor.execute(TestCaseExecutor.java:284)
	at com.kms.katalon.core.common.CommonExecutor.accessTestCaseMainPhase(CommonExecutor.java:65)
	at com.kms.katalon.core.main.TestSuiteExecutor.accessTestSuiteMainPhase(TestSuiteExecutor.java:144)
	at com.kms.katalon.core.main.TestSuiteExecutor.execute(TestSuiteExecutor.java:106)
	at com.kms.katalon.core.main.TestCaseMain.startTestSuite(TestCaseMain.java:185)
	at com.kms.katalon.core.main.TestCaseMain$startTestSuite$0.call(Unknown Source)
	at TempTestSuite1705922193915.run(TempTestSuite1705922193915.groovy:36)
)

2024-01-22 18:31:29 - [MESSAGE][WARNING] - Web element with id: 'Object Repository/Stockbit/Bandarmology_Seller2' located by 'By.xpath: //*[contains(@id, 'rc-tabs-')]/div[2]/div/div/div/div/div/div[2]/table/tbody/tr[3]/td[5]/p' is present after '1' second(s) (Root cause: com.kms.katalon.core.exception.StepFailedException: Web element with id: 'Object Repository/Stockbit/Bandarmology_Seller2' located by 'By.xpath: //*[contains(@id, 'rc-tabs-')]/div[2]/div/div/div/div/div/div[2]/table/tbody/tr[3]/td[5]/p' is present after '1' second(s)
	at com.kms.katalon.core.webui.keyword.internal.WebUIKeywordMain.stepFailed(WebUIKeywordMain.groovy:64)
	at com.kms.katalon.core.webui.keyword.internal.WebUIKeywordMain$stepFailed$0.call(Unknown Source)
	at com.kms.katalon.core.webui.keyword.builtin.VerifyElementNotPresentKeyword$_verifyElementNotPresent_closure1.doCall(VerifyElementNotPresentKeyword.groovy:106)
	at com.kms.katalon.core.webui.keyword.builtin.VerifyElementNotPresentKeyword$_verifyElementNotPresent_closure1.doCall(VerifyElementNotPresentKeyword.groovy)
	at com.kms.katalon.core.webui.keyword.internal.WebUIKeywordMain.runKeyword(WebUIKeywordMain.groovy:20)
	at com.kms.katalon.core.webui.keyword.internal.WebUIKeywordMain$runKeyword.call(Unknown Source)
	at com.kms.katalon.core.webui.keyword.builtin.VerifyElementNotPresentKeyword.verifyElementNotPresent(VerifyElementNotPresentKeyword.groovy:117)
	at com.kms.katalon.core.webui.keyword.builtin.VerifyElementNotPresentKeyword.execute(VerifyElementNotPresentKeyword.groovy:68)
	at com.kms.katalon.core.keyword.internal.KeywordExecutor.executeKeywordForPlatform(KeywordExecutor.groovy:74)
	at com.kms.katalon.core.webui.keyword.WebUiBuiltInKeywords.verifyElementNotPresent(WebUiBuiltInKeywords.groovy:1481)
	at com.kms.katalon.core.webui.keyword.WebUiBuiltInKeywords$verifyElementNotPresent$8.call(Unknown Source)
	at GetBrokSumPriceDaily.run(GetBrokSumPriceDaily:309)
	at com.kms.katalon.core.main.ScriptEngine.run(ScriptEngine.java:194)
	at com.kms.katalon.core.main.ScriptEngine.runScriptAsRawText(ScriptEngine.java:119)
	at com.kms.katalon.core.main.TestCaseExecutor.runScript(TestCaseExecutor.java:445)
	at com.kms.katalon.core.main.TestCaseExecutor.doExecute(TestCaseExecutor.java:436)
	at com.kms.katalon.core.main.TestCaseExecutor.processExecutionPhase(TestCaseExecutor.java:415)
	at com.kms.katalon.core.main.TestCaseExecutor.accessMainPhase(TestCaseExecutor.java:407)
	at com.kms.katalon.core.main.TestCaseExecutor.execute(TestCaseExecutor.java:284)
	at com.kms.katalon.core.common.CommonExecutor.accessTestCaseMainPhase(CommonExecutor.java:65)
	at com.kms.katalon.core.main.TestSuiteExecutor.accessTestSuiteMainPhase(TestSuiteExecutor.java:144)
	at com.kms.katalon.core.main.TestSuiteExecutor.execute(TestSuiteExecutor.java:106)
	at com.kms.katalon.core.main.TestCaseMain.startTestSuite(TestCaseMain.java:185)
	at com.kms.katalon.core.main.TestCaseMain$startTestSuite$0.call(Unknown Source)
	at TempTestSuite1705922193915.run(TempTestSuite1705922193915.groovy:36)
)
[[ATTACHMENT|C:\\Users\\Fadli\\git\\KatalonDailyGetData2\\Reports\\20240122_174123\\TS1\\20240122_181633\\1705923089333.png]]

2024-01-22 18:31:29 - [TEST_STEP][PASSED] - else: null

2024-01-22 18:31:29 - [TEST_STEP][PASSED] - strSeller2 = getText(findTestObject("Stockbit/Bandarmology_Seller2")): Text of object 'Object Repository/Stockbit/Bandarmology_Seller2' is: 'YP'

2024-01-22 18:31:29 - [MESSAGE][PASSED] - Text of object 'Object Repository/Stockbit/Bandarmology_Seller2' is: 'YP'

2024-01-22 18:31:29 - [TEST_STEP][PASSED] - strSellerVol2 = getText(findTestObject("Stockbit/Bandarmology_SellerVol2")): Text of object 'Object Repository/Stockbit/Bandarmology_SellerVol2' is: '10.8 K'

2024-01-22 18:31:29 - [MESSAGE][PASSED] - Text of object 'Object Repository/Stockbit/Bandarmology_SellerVol2' is: '10.8 K'

2024-01-22 18:31:29 - [TEST_STEP][PASSED] - strSellerAvg2 = getText(findTestObject("Stockbit/Bandarmology_SellerAvg2")): Text of object 'Object Repository/Stockbit/Bandarmology_SellerAvg2' is: '107'

2024-01-22 18:31:29 - [MESSAGE][PASSED] - Text of object 'Object Repository/Stockbit/Bandarmology_SellerAvg2' is: '107'

2024-01-22 18:31:29 - [TEST_STEP][PASSED] - if (strSeller2 != ""): null

2024-01-22 18:31:29 - [TEST_STEP][PASSED] - if (strSellerAvg2.contains(",")): null

2024-01-22 18:31:29 - [TEST_STEP][PASSED] - if (strSellerVol2.contains(" B")): null

2024-01-22 18:31:29 - [TEST_STEP][PASSED] - else if (strSellerVol2.contains(" M")): null

2024-01-22 18:31:29 - [TEST_STEP][PASSED] - else if (strSellerVol2.contains(" K")): null

2024-01-22 18:31:29 - [TEST_STEP][PASSED] - strSellerVol2 = strSellerVol2.replace(" K", ""): null

2024-01-22 18:31:29 - [TEST_STEP][PASSED] - strSellerVol2 = strSellerVol2.toDouble() * 1000: null

2024-01-22 18:31:29 - [TEST_STEP][PASSED] - if (verifyElementNotPresent(findTestObject("Stockbit/Bandarmology_Buyer3"), 1, OPTIONAL)): Web element with id: 'Object Repository/Stockbit/Bandarmology_Buyer3' located by 'By.xpath: //*[contains(@id, 'rc-tabs-')]/div[2]/div/div/div/div/div/div[2]/table/tbody/tr[4]/td[1]/p' is present after '1' second(s) (Root cause: com.kms.katalon.core.exception.StepFailedException: Web element with id: 'Object Repository/Stockbit/Bandarmology_Buyer3' located by 'By.xpath: //*[contains(@id, 'rc-tabs-')]/div[2]/div/div/div/div/div/div[2]/table/tbody/tr[4]/td[1]/p' is present after '1' second(s)
	at com.kms.katalon.core.webui.keyword.internal.WebUIKeywordMain.stepFailed(WebUIKeywordMain.groovy:64)
	at com.kms.katalon.core.webui.keyword.internal.WebUIKeywordMain$stepFailed$0.call(Unknown Source)
	at com.kms.katalon.core.webui.keyword.builtin.VerifyElementNotPresentKeyword$_verifyElementNotPresent_closure1.doCall(VerifyElementNotPresentKeyword.groovy:106)
	at com.kms.katalon.core.webui.keyword.builtin.VerifyElementNotPresentKeyword$_verifyElementNotPresent_closure1.doCall(VerifyElementNotPresentKeyword.groovy)
	at com.kms.katalon.core.webui.keyword.internal.WebUIKeywordMain.runKeyword(WebUIKeywordMain.groovy:20)
	at com.kms.katalon.core.webui.keyword.internal.WebUIKeywordMain$runKeyword.call(Unknown Source)
	at com.kms.katalon.core.webui.keyword.builtin.VerifyElementNotPresentKeyword.verifyElementNotPresent(VerifyElementNotPresentKeyword.groovy:117)
	at com.kms.katalon.core.webui.keyword.builtin.VerifyElementNotPresentKeyword.execute(VerifyElementNotPresentKeyword.groovy:68)
	at com.kms.katalon.core.keyword.internal.KeywordExecutor.executeKeywordForPlatform(KeywordExecutor.groovy:74)
	at com.kms.katalon.core.webui.keyword.WebUiBuiltInKeywords.verifyElementNotPresent(WebUiBuiltInKeywords.groovy:1481)
	at com.kms.katalon.core.webui.keyword.WebUiBuiltInKeywords$verifyElementNotPresent$8.call(Unknown Source)
	at GetBrokSumPriceDaily.run(GetBrokSumPriceDaily:361)
	at com.kms.katalon.core.main.ScriptEngine.run(ScriptEngine.java:194)
	at com.kms.katalon.core.main.ScriptEngine.runScriptAsRawText(ScriptEngine.java:119)
	at com.kms.katalon.core.main.TestCaseExecutor.runScript(TestCaseExecutor.java:445)
	at com.kms.katalon.core.main.TestCaseExecutor.doExecute(TestCaseExecutor.java:436)
	at com.kms.katalon.core.main.TestCaseExecutor.processExecutionPhase(TestCaseExecutor.java:415)
	at com.kms.katalon.core.main.TestCaseExecutor.accessMainPhase(TestCaseExecutor.java:407)
	at com.kms.katalon.core.main.TestCaseExecutor.execute(TestCaseExecutor.java:284)
	at com.kms.katalon.core.common.CommonExecutor.accessTestCaseMainPhase(CommonExecutor.java:65)
	at com.kms.katalon.core.main.TestSuiteExecutor.accessTestSuiteMainPhase(TestSuiteExecutor.java:144)
	at com.kms.katalon.core.main.TestSuiteExecutor.execute(TestSuiteExecutor.java:106)
	at com.kms.katalon.core.main.TestCaseMain.startTestSuite(TestCaseMain.java:185)
	at com.kms.katalon.core.main.TestCaseMain$startTestSuite$0.call(Unknown Source)
	at TempTestSuite1705922193915.run(TempTestSuite1705922193915.groovy:36)
)

2024-01-22 18:31:31 - [MESSAGE][WARNING] - Web element with id: 'Object Repository/Stockbit/Bandarmology_Buyer3' located by 'By.xpath: //*[contains(@id, 'rc-tabs-')]/div[2]/div/div/div/div/div/div[2]/table/tbody/tr[4]/td[1]/p' is present after '1' second(s) (Root cause: com.kms.katalon.core.exception.StepFailedException: Web element with id: 'Object Repository/Stockbit/Bandarmology_Buyer3' located by 'By.xpath: //*[contains(@id, 'rc-tabs-')]/div[2]/div/div/div/div/div/div[2]/table/tbody/tr[4]/td[1]/p' is present after '1' second(s)
	at com.kms.katalon.core.webui.keyword.internal.WebUIKeywordMain.stepFailed(WebUIKeywordMain.groovy:64)
	at com.kms.katalon.core.webui.keyword.internal.WebUIKeywordMain$stepFailed$0.call(Unknown Source)
	at com.kms.katalon.core.webui.keyword.builtin.VerifyElementNotPresentKeyword$_verifyElementNotPresent_closure1.doCall(VerifyElementNotPresentKeyword.groovy:106)
	at com.kms.katalon.core.webui.keyword.builtin.VerifyElementNotPresentKeyword$_verifyElementNotPresent_closure1.doCall(VerifyElementNotPresentKeyword.groovy)
	at com.kms.katalon.core.webui.keyword.internal.WebUIKeywordMain.runKeyword(WebUIKeywordMain.groovy:20)
	at com.kms.katalon.core.webui.keyword.internal.WebUIKeywordMain$runKeyword.call(Unknown Source)
	at com.kms.katalon.core.webui.keyword.builtin.VerifyElementNotPresentKeyword.verifyElementNotPresent(VerifyElementNotPresentKeyword.groovy:117)
	at com.kms.katalon.core.webui.keyword.builtin.VerifyElementNotPresentKeyword.execute(VerifyElementNotPresentKeyword.groovy:68)
	at com.kms.katalon.core.keyword.internal.KeywordExecutor.executeKeywordForPlatform(KeywordExecutor.groovy:74)
	at com.kms.katalon.core.webui.keyword.WebUiBuiltInKeywords.verifyElementNotPresent(WebUiBuiltInKeywords.groovy:1481)
	at com.kms.katalon.core.webui.keyword.WebUiBuiltInKeywords$verifyElementNotPresent$8.call(Unknown Source)
	at GetBrokSumPriceDaily.run(GetBrokSumPriceDaily:361)
	at com.kms.katalon.core.main.ScriptEngine.run(ScriptEngine.java:194)
	at com.kms.katalon.core.main.ScriptEngine.runScriptAsRawText(ScriptEngine.java:119)
	at com.kms.katalon.core.main.TestCaseExecutor.runScript(TestCaseExecutor.java:445)
	at com.kms.katalon.core.main.TestCaseExecutor.doExecute(TestCaseExecutor.java:436)
	at com.kms.katalon.core.main.TestCaseExecutor.processExecutionPhase(TestCaseExecutor.java:415)
	at com.kms.katalon.core.main.TestCaseExecutor.accessMainPhase(TestCaseExecutor.java:407)
	at com.kms.katalon.core.main.TestCaseExecutor.execute(TestCaseExecutor.java:284)
	at com.kms.katalon.core.common.CommonExecutor.accessTestCaseMainPhase(CommonExecutor.java:65)
	at com.kms.katalon.core.main.TestSuiteExecutor.accessTestSuiteMainPhase(TestSuiteExecutor.java:144)
	at com.kms.katalon.core.main.TestSuiteExecutor.execute(TestSuiteExecutor.java:106)
	at com.kms.katalon.core.main.TestCaseMain.startTestSuite(TestCaseMain.java:185)
	at com.kms.katalon.core.main.TestCaseMain$startTestSuite$0.call(Unknown Source)
	at TempTestSuite1705922193915.run(TempTestSuite1705922193915.groovy:36)
)
[[ATTACHMENT|C:\\Users\\Fadli\\git\\KatalonDailyGetData2\\Reports\\20240122_174123\\TS1\\20240122_181633\\1705923091051.png]]

2024-01-22 18:31:31 - [TEST_STEP][PASSED] - else: null

2024-01-22 18:31:31 - [TEST_STEP][PASSED] - strBuyer3 = getText(findTestObject("Stockbit/Bandarmology_Buyer3")): Text of object 'Object Repository/Stockbit/Bandarmology_Buyer3' is: 'EP'

2024-01-22 18:31:31 - [MESSAGE][PASSED] - Text of object 'Object Repository/Stockbit/Bandarmology_Buyer3' is: 'EP'

2024-01-22 18:31:31 - [TEST_STEP][PASSED] - strBuyerVol3 = getText(findTestObject("Stockbit/Bandarmology_BuyerVol3")): Text of object 'Object Repository/Stockbit/Bandarmology_BuyerVol3' is: '2.9 K'

2024-01-22 18:31:31 - [MESSAGE][PASSED] - Text of object 'Object Repository/Stockbit/Bandarmology_BuyerVol3' is: '2.9 K'

2024-01-22 18:31:31 - [TEST_STEP][PASSED] - strBuyerAvg3 = getText(findTestObject("Stockbit/Bandarmology_BuyerAvg3")): Text of object 'Object Repository/Stockbit/Bandarmology_BuyerAvg3' is: '108'

2024-01-22 18:31:31 - [MESSAGE][PASSED] - Text of object 'Object Repository/Stockbit/Bandarmology_BuyerAvg3' is: '108'

2024-01-22 18:31:31 - [TEST_STEP][PASSED] - if (strBuyer3 != ""): null

2024-01-22 18:31:31 - [TEST_STEP][PASSED] - if (strBuyerAvg3.contains(",")): null

2024-01-22 18:31:31 - [TEST_STEP][PASSED] - if (strBuyerVol3.contains(" B")): null

2024-01-22 18:31:31 - [TEST_STEP][PASSED] - else if (strBuyerVol3.contains(" M")): null

2024-01-22 18:31:31 - [TEST_STEP][PASSED] - else if (strBuyerVol3.contains(" K")): null

2024-01-22 18:31:31 - [TEST_STEP][PASSED] - strBuyerVol3 = strBuyerVol3.replace(" K", ""): null

2024-01-22 18:31:31 - [TEST_STEP][PASSED] - strBuyerVol3 = strBuyerVol3.toDouble() * 1000: null

2024-01-22 18:31:31 - [TEST_STEP][PASSED] - if (verifyElementNotPresent(findTestObject("Stockbit/Bandarmology_Seller3"), 1, OPTIONAL)): Web element with id: 'Object Repository/Stockbit/Bandarmology_Seller3' located by 'By.xpath: //*[contains(@id, 'rc-tabs-')]/div[2]/div/div/div/div/div/div[2]/table/tbody/tr[4]/td[5]/p' is present after '1' second(s) (Root cause: com.kms.katalon.core.exception.StepFailedException: Web element with id: 'Object Repository/Stockbit/Bandarmology_Seller3' located by 'By.xpath: //*[contains(@id, 'rc-tabs-')]/div[2]/div/div/div/div/div/div[2]/table/tbody/tr[4]/td[5]/p' is present after '1' second(s)
	at com.kms.katalon.core.webui.keyword.internal.WebUIKeywordMain.stepFailed(WebUIKeywordMain.groovy:64)
	at com.kms.katalon.core.webui.keyword.internal.WebUIKeywordMain$stepFailed$0.call(Unknown Source)
	at com.kms.katalon.core.webui.keyword.builtin.VerifyElementNotPresentKeyword$_verifyElementNotPresent_closure1.doCall(VerifyElementNotPresentKeyword.groovy:106)
	at com.kms.katalon.core.webui.keyword.builtin.VerifyElementNotPresentKeyword$_verifyElementNotPresent_closure1.doCall(VerifyElementNotPresentKeyword.groovy)
	at com.kms.katalon.core.webui.keyword.internal.WebUIKeywordMain.runKeyword(WebUIKeywordMain.groovy:20)
	at com.kms.katalon.core.webui.keyword.internal.WebUIKeywordMain$runKeyword.call(Unknown Source)
	at com.kms.katalon.core.webui.keyword.builtin.VerifyElementNotPresentKeyword.verifyElementNotPresent(VerifyElementNotPresentKeyword.groovy:117)
	at com.kms.katalon.core.webui.keyword.builtin.VerifyElementNotPresentKeyword.execute(VerifyElementNotPresentKeyword.groovy:68)
	at com.kms.katalon.core.keyword.internal.KeywordExecutor.executeKeywordForPlatform(KeywordExecutor.groovy:74)
	at com.kms.katalon.core.webui.keyword.WebUiBuiltInKeywords.verifyElementNotPresent(WebUiBuiltInKeywords.groovy:1481)
	at com.kms.katalon.core.webui.keyword.WebUiBuiltInKeywords$verifyElementNotPresent$8.call(Unknown Source)
	at GetBrokSumPriceDaily.run(GetBrokSumPriceDaily:414)
	at com.kms.katalon.core.main.ScriptEngine.run(ScriptEngine.java:194)
	at com.kms.katalon.core.main.ScriptEngine.runScriptAsRawText(ScriptEngine.java:119)
	at com.kms.katalon.core.main.TestCaseExecutor.runScript(TestCaseExecutor.java:445)
	at com.kms.katalon.core.main.TestCaseExecutor.doExecute(TestCaseExecutor.java:436)
	at com.kms.katalon.core.main.TestCaseExecutor.processExecutionPhase(TestCaseExecutor.java:415)
	at com.kms.katalon.core.main.TestCaseExecutor.accessMainPhase(TestCaseExecutor.java:407)
	at com.kms.katalon.core.main.TestCaseExecutor.execute(TestCaseExecutor.java:284)
	at com.kms.katalon.core.common.CommonExecutor.accessTestCaseMainPhase(CommonExecutor.java:65)
	at com.kms.katalon.core.main.TestSuiteExecutor.accessTestSuiteMainPhase(TestSuiteExecutor.java:144)
	at com.kms.katalon.core.main.TestSuiteExecutor.execute(TestSuiteExecutor.java:106)
	at com.kms.katalon.core.main.TestCaseMain.startTestSuite(TestCaseMain.java:185)
	at com.kms.katalon.core.main.TestCaseMain$startTestSuite$0.call(Unknown Source)
	at TempTestSuite1705922193915.run(TempTestSuite1705922193915.groovy:36)
)

2024-01-22 18:31:32 - [MESSAGE][WARNING] - Web element with id: 'Object Repository/Stockbit/Bandarmology_Seller3' located by 'By.xpath: //*[contains(@id, 'rc-tabs-')]/div[2]/div/div/div/div/div/div[2]/table/tbody/tr[4]/td[5]/p' is present after '1' second(s) (Root cause: com.kms.katalon.core.exception.StepFailedException: Web element with id: 'Object Repository/Stockbit/Bandarmology_Seller3' located by 'By.xpath: //*[contains(@id, 'rc-tabs-')]/div[2]/div/div/div/div/div/div[2]/table/tbody/tr[4]/td[5]/p' is present after '1' second(s)
	at com.kms.katalon.core.webui.keyword.internal.WebUIKeywordMain.stepFailed(WebUIKeywordMain.groovy:64)
	at com.kms.katalon.core.webui.keyword.internal.WebUIKeywordMain$stepFailed$0.call(Unknown Source)
	at com.kms.katalon.core.webui.keyword.builtin.VerifyElementNotPresentKeyword$_verifyElementNotPresent_closure1.doCall(VerifyElementNotPresentKeyword.groovy:106)
	at com.kms.katalon.core.webui.keyword.builtin.VerifyElementNotPresentKeyword$_verifyElementNotPresent_closure1.doCall(VerifyElementNotPresentKeyword.groovy)
	at com.kms.katalon.core.webui.keyword.internal.WebUIKeywordMain.runKeyword(WebUIKeywordMain.groovy:20)
	at com.kms.katalon.core.webui.keyword.internal.WebUIKeywordMain$runKeyword.call(Unknown Source)
	at com.kms.katalon.core.webui.keyword.builtin.VerifyElementNotPresentKeyword.verifyElementNotPresent(VerifyElementNotPresentKeyword.groovy:117)
	at com.kms.katalon.core.webui.keyword.builtin.VerifyElementNotPresentKeyword.execute(VerifyElementNotPresentKeyword.groovy:68)
	at com.kms.katalon.core.keyword.internal.KeywordExecutor.executeKeywordForPlatform(KeywordExecutor.groovy:74)
	at com.kms.katalon.core.webui.keyword.WebUiBuiltInKeywords.verifyElementNotPresent(WebUiBuiltInKeywords.groovy:1481)
	at com.kms.katalon.core.webui.keyword.WebUiBuiltInKeywords$verifyElementNotPresent$8.call(Unknown Source)
	at GetBrokSumPriceDaily.run(GetBrokSumPriceDaily:414)
	at com.kms.katalon.core.main.ScriptEngine.run(ScriptEngine.java:194)
	at com.kms.katalon.core.main.ScriptEngine.runScriptAsRawText(ScriptEngine.java:119)
	at com.kms.katalon.core.main.TestCaseExecutor.runScript(TestCaseExecutor.java:445)
	at com.kms.katalon.core.main.TestCaseExecutor.doExecute(TestCaseExecutor.java:436)
	at com.kms.katalon.core.main.TestCaseExecutor.processExecutionPhase(TestCaseExecutor.java:415)
	at com.kms.katalon.core.main.TestCaseExecutor.accessMainPhase(TestCaseExecutor.java:407)
	at com.kms.katalon.core.main.TestCaseExecutor.execute(TestCaseExecutor.java:284)
	at com.kms.katalon.core.common.CommonExecutor.accessTestCaseMainPhase(CommonExecutor.java:65)
	at com.kms.katalon.core.main.TestSuiteExecutor.accessTestSuiteMainPhase(TestSuiteExecutor.java:144)
	at com.kms.katalon.core.main.TestSuiteExecutor.execute(TestSuiteExecutor.java:106)
	at com.kms.katalon.core.main.TestCaseMain.startTestSuite(TestCaseMain.java:185)
	at com.kms.katalon.core.main.TestCaseMain$startTestSuite$0.call(Unknown Source)
	at TempTestSuite1705922193915.run(TempTestSuite1705922193915.groovy:36)
)
[[ATTACHMENT|C:\\Users\\Fadli\\git\\KatalonDailyGetData2\\Reports\\20240122_174123\\TS1\\20240122_181633\\1705923092771.png]]

2024-01-22 18:31:32 - [TEST_STEP][PASSED] - else: null

2024-01-22 18:31:32 - [TEST_STEP][PASSED] - strSeller3 = getText(findTestObject("Stockbit/Bandarmology_Seller3")): Text of object 'Object Repository/Stockbit/Bandarmology_Seller3' is: 'SQ'

2024-01-22 18:31:33 - [MESSAGE][PASSED] - Text of object 'Object Repository/Stockbit/Bandarmology_Seller3' is: 'SQ'

2024-01-22 18:31:33 - [TEST_STEP][PASSED] - strSellerVol3 = getText(findTestObject("Stockbit/Bandarmology_SellerVol3")): Text of object 'Object Repository/Stockbit/Bandarmology_SellerVol3' is: '1 K'

2024-01-22 18:31:33 - [MESSAGE][PASSED] - Text of object 'Object Repository/Stockbit/Bandarmology_SellerVol3' is: '1 K'

2024-01-22 18:31:33 - [TEST_STEP][PASSED] - strSellerAvg3 = getText(findTestObject("Stockbit/Bandarmology_SellerAvg3")): Text of object 'Object Repository/Stockbit/Bandarmology_SellerAvg3' is: '107'

2024-01-22 18:31:33 - [MESSAGE][PASSED] - Text of object 'Object Repository/Stockbit/Bandarmology_SellerAvg3' is: '107'

2024-01-22 18:31:33 - [TEST_STEP][PASSED] - if (strSeller3 != ""): null

2024-01-22 18:31:33 - [TEST_STEP][PASSED] - if (strSellerAvg3.contains(",")): null

2024-01-22 18:31:33 - [TEST_STEP][PASSED] - if (strSellerVol3.contains(" B")): null

2024-01-22 18:31:33 - [TEST_STEP][PASSED] - else if (strSellerVol3.contains(" M")): null

2024-01-22 18:31:33 - [TEST_STEP][PASSED] - else if (strSellerVol3.contains(" K")): null

2024-01-22 18:31:33 - [TEST_STEP][PASSED] - strSellerVol3 = strSellerVol3.replace(" K", ""): null

2024-01-22 18:31:33 - [TEST_STEP][PASSED] - strSellerVol3 = strSellerVol3.toDouble() * 1000: null

2024-01-22 18:31:33 - [TEST_STEP][PASSED] - strAccDist = getText(findTestObject("Stockbit/Bandarmology_AccDist")): Text of object 'Object Repository/Stockbit/Bandarmology_AccDist' is: 'Dist'

2024-01-22 18:31:33 - [MESSAGE][PASSED] - Text of object 'Object Repository/Stockbit/Bandarmology_AccDist' is: 'Dist'

2024-01-22 18:31:33 - [TEST_STEP][PASSED] - strNetVol = getText(findTestObject("Stockbit/Bandarmology_NetVol")): Text of object 'Object Repository/Stockbit/Bandarmology_NetVol' is: '64,230'

2024-01-22 18:31:33 - [MESSAGE][PASSED] - Text of object 'Object Repository/Stockbit/Bandarmology_NetVol' is: '64,230'

2024-01-22 18:31:33 - [TEST_STEP][PASSED] - strNetVol = strNetVol.replace(",", ""): null

2024-01-22 18:31:33 - [TEST_STEP][PASSED] - strNetVal = getText(findTestObject("Stockbit/Bandarmology_NetVal")): Text of object 'Object Repository/Stockbit/Bandarmology_NetVal' is: '0.7 B'

2024-01-22 18:31:33 - [MESSAGE][PASSED] - Text of object 'Object Repository/Stockbit/Bandarmology_NetVal' is: '0.7 B'

2024-01-22 18:31:33 - [TEST_STEP][PASSED] - delay(3): Delayed 3 second(s)

2024-01-22 18:31:36 - [MESSAGE][PASSED] - Delayed 3 second(s)

2024-01-22 18:31:36 - [TEST_STEP][PASSED] - strOpenPrice = getText(findTestObject("Stockbit/Home_OpenPrice")): Text of object 'Object Repository/Stockbit/Home_OpenPrice' is: '110'

2024-01-22 18:31:36 - [MESSAGE][PASSED] - Text of object 'Object Repository/Stockbit/Home_OpenPrice' is: '110'

2024-01-22 18:31:36 - [TEST_STEP][PASSED] - strOpenPrice = strOpenPrice.replace(",", ""): null

2024-01-22 18:31:36 - [TEST_STEP][PASSED] - strLowPrice = getText(findTestObject("Stockbit/Home_LowPrice")): Text of object 'Object Repository/Stockbit/Home_LowPrice' is: '106'

2024-01-22 18:31:36 - [MESSAGE][PASSED] - Text of object 'Object Repository/Stockbit/Home_LowPrice' is: '106'

2024-01-22 18:31:36 - [TEST_STEP][PASSED] - strLowPrice = strLowPrice.replace(",", ""): null

2024-01-22 18:31:36 - [TEST_STEP][PASSED] - strHighPrice = getText(findTestObject("Stockbit/Home_HighPrice")): Text of object 'Object Repository/Stockbit/Home_HighPrice' is: '111'

2024-01-22 18:31:36 - [MESSAGE][PASSED] - Text of object 'Object Repository/Stockbit/Home_HighPrice' is: '111'

2024-01-22 18:31:36 - [TEST_STEP][PASSED] - strHighPrice = strHighPrice.replace(",", ""): null

2024-01-22 18:31:36 - [TEST_STEP][PASSED] - strClosePrice = getText(findTestObject("Stockbit/Home_ClosePrice")): Text of object 'Object Repository/Stockbit/Home_ClosePrice' is: '106'

2024-01-22 18:31:37 - [MESSAGE][PASSED] - Text of object 'Object Repository/Stockbit/Home_ClosePrice' is: '106'

2024-01-22 18:31:37 - [TEST_STEP][PASSED] - strClosePrice = strClosePrice.replace(",", ""): null

2024-01-22 18:31:37 - [TEST_STEP][PASSED] - strVol = getText(findTestObject("Stockbit/Home_Volume")): Text of object 'Object Repository/Stockbit/Home_Volume' is: '97 K'

2024-01-22 18:31:37 - [MESSAGE][PASSED] - Text of object 'Object Repository/Stockbit/Home_Volume' is: '97 K'

2024-01-22 18:31:37 - [TEST_STEP][PASSED] - if (strVol.contains(" K")): null

2024-01-22 18:31:37 - [TEST_STEP][PASSED] - strVol = strVol.replace(" K", "000"): null

2024-01-22 18:31:37 - [TEST_STEP][PASSED] - if (strVol.contains(",")): null

2024-01-22 18:31:37 - [TEST_STEP][PASSED] - strChange = getText(findTestObject("Stockbit/Home_Change")): Text of object 'Object Repository/Stockbit/Home_Change' is: '-3.64%'

2024-01-22 18:31:37 - [MESSAGE][PASSED] - Text of object 'Object Repository/Stockbit/Home_Change' is: '-3.64%'

2024-01-22 18:31:37 - [TEST_STEP][PASSED] - strChange = strChange.replace("%", ""): null

2024-01-22 18:31:37 - [TEST_STEP][PASSED] - strFreq = getText(findTestObject("Stockbit/Home_Freq")): Text of object 'Object Repository/Stockbit/Home_Freq' is: '397'

2024-01-22 18:31:37 - [MESSAGE][PASSED] - Text of object 'Object Repository/Stockbit/Home_Freq' is: '397'

2024-01-22 18:31:37 - [TEST_STEP][PASSED] - if (strFreq.contains(",")): null

2024-01-22 18:31:37 - [TEST_STEP][PASSED] - if (strFreq == "NA" || strFreq == ""): null

2024-01-22 18:31:37 - [TEST_STEP][PASSED] - else: null

2024-01-22 18:31:37 - [TEST_STEP][PASSED] - dblFreqAnal = strVol.toDouble() / strFreq.toDouble() * strFreq.toDouble() * strFreq.toDouble() * 100000000: null

2024-01-22 18:31:37 - [TEST_STEP][PASSED] - strFreqAnal = String.format("%.4f", dblFreqAnal): null

2024-01-22 18:31:37 - [TEST_STEP][PASSED] - out.println("Double strFreqAnal: " + strFreqAnal): null

2024-01-22 18:31:37 - [TEST_STEP][PASSED] - strTanggal = d.format(DateTimeFormatter.ofPattern("yyyy-MM-dd")): null

2024-01-22 18:31:37 - [TEST_STEP][PASSED] - strTanggal = "#" + strTanggal + "#": null

2024-01-22 18:31:37 - [TEST_STEP][PASSED] - strSQL = "select count(*) as JumBaris from TblBrokSum where Nama = '" + strNama + "' and Tanggal = " + strTanggal + "": null

2024-01-22 18:31:37 - [TEST_STEP][PASSED] - resultSet = statement.executeQuery(strSQL): null

2024-01-22 18:31:37 - [TEST_STEP][PASSED] - resultSet.next(): null

2024-01-22 18:31:37 - [TEST_STEP][PASSED] - intJumBaris = resultSet.getInt("JumBaris"): null

2024-01-22 18:31:37 - [TEST_STEP][PASSED] - if (intJumBaris > 0): null

2024-01-22 18:31:37 - [TEST_STEP][PASSED] - else: null

2024-01-22 18:31:37 - [TEST_STEP][PASSED] - try: null

2024-01-22 18:31:37 - [TEST_STEP][PASSED] - out.println("Insert data"): null

2024-01-22 18:31:37 - [TEST_STEP][PASSED] - strSQL = "insert into TblBrokSum (nama, tanggal, top1, top2, top3, AllBrokAvg, AccDist, AvgRP, " + "Buyer1, BuyerVal1, BuyerAvg1, Seller1, SellerVal1, SellerAvg1, Buyer2, BuyerVal2, BuyerAvg2, " + "Seller2, SellerVal2, SellerAvg2, Buyer3, BuyerVal3, BuyerAvg3, Seller3, SellerVal3, SellerAvg3, NetVol, NetVal, " + "OpenPrice, LowPrice, HighPrice, ClosePrice, Volume, Change, Frekuensi, FrekAnal) " + "values ('" + strNama + "', " + strTanggal + ", '" + strTop1 + "', '" + strTop3 + "', '" + strTop5 + "', " + "'" + strAllBrokAvg + "', '" + strAccDist + "', " + intAvgRP + ", '" + strBuyer1 + "', '" + strBuyerVol1 + "', " + strBuyerAvg1 + ", " + "'" + strSeller1 + "', '" + strSellerVol1 + "', " + strSellerAvg1 + ", '" + strBuyer2 + "', '" + strBuyerVol2 + "', " + strBuyerAvg2 + ", " + "'" + strSeller2 + "', '" + strSellerVol2 + "', " + strSellerAvg2 + ", '" + strBuyer3 + "', '" + strBuyerVol3 + "', " + strBuyerAvg3 + ", " + "'" + strSeller3 + "', '" + strSellerVol3 + "', " + strSellerAvg3 + ", " + strNetVol + ", '" + strNetVal + "', " + "" + strOpenPrice + ", " + strLowPrice + ", " + strHighPrice + ", " + strClosePrice + ", '" + strVol + "', " + strChange + ", " + strFreq + ", " + strFreqAnal + ");": null

2024-01-22 18:31:37 - [TEST_STEP][PASSED] - out.println("strSQL = " + strSQL): null

2024-01-22 18:31:37 - [TEST_STEP][PASSED] - statement.executeUpdate(strSQL): null

2024-01-22 18:31:37 - [TEST_STEP][PASSED] - setValueToCellByIndex(sheet01, rowIndex, 4, "DONE"): null

2024-01-22 18:31:37 - [TEST_STEP][PASSED] - saveWorkbook(excelFilePath, workbook01): null

2024-01-22 18:31:37 - [TEST_STEP][PASSED] - waitForElementClickable(findTestObject("Stockbit/menu_Bandarmology"), 10): Object 'Object Repository/Stockbit/menu_Bandarmology' is clickable

2024-01-22 18:31:37 - [MESSAGE][PASSED] - Object 'Object Repository/Stockbit/menu_Bandarmology' is clickable

2024-01-22 18:31:37 - [TEST_STEP][PASSED] - click(findTestObject("Stockbit/menu_Bandarmology")): Object: 'Object Repository/Stockbit/menu_Bandarmology' is clicked on

2024-01-22 18:31:38 - [MESSAGE][PASSED] - Object: 'Object Repository/Stockbit/menu_Bandarmology' is clicked on

2024-01-22 18:31:38 - [TEST_STEP][PASSED] - strTemp = "NA": null

2024-01-22 18:31:38 - [TEST_STEP][PASSED] - if (getCellValueByIndex(sheet01, rowIndex, 4) != "DONE"): Object: 'Object Repository/Stockbit/menu_Bandarmology' is clicked on

2024-01-22 18:31:38 - [TEST_STEP][PASSED] - strNama = getCellValueByIndex(sheet01, rowIndex, 0): null

2024-01-22 18:31:38 - [TEST_STEP][PASSED] - navigateToUrl("https://stockbit.com/#/symbol/" + strNama): Navigate to 'https://stockbit.com/#/symbol/PICO' successfully

2024-01-22 18:31:39 - [MESSAGE][PASSED] - Navigate to 'https://stockbit.com/#/symbol/PICO' successfully

2024-01-22 18:31:39 - [TEST_STEP][PASSED] - waitForElementClickable(findTestObject("Stockbit/menu_Bandarmology"), 10): Object 'Object Repository/Stockbit/menu_Bandarmology' is clickable

2024-01-22 18:31:40 - [MESSAGE][PASSED] - Object 'Object Repository/Stockbit/menu_Bandarmology' is clickable

2024-01-22 18:31:40 - [TEST_STEP][PASSED] - click(findTestObject("Stockbit/menu_Bandarmology")): Object: 'Object Repository/Stockbit/menu_Bandarmology' is clicked on

2024-01-22 18:31:40 - [MESSAGE][PASSED] - Object: 'Object Repository/Stockbit/menu_Bandarmology' is clicked on

2024-01-22 18:31:40 - [TEST_STEP][PASSED] - strTanggal = d.format(DateTimeFormatter.ofPattern("MMM dd, yyyy")): null

2024-01-22 18:31:40 - [TEST_STEP][PASSED] - strTanggal = d.format(ISO_DATE): null

2024-01-22 18:31:40 - [TEST_STEP][PASSED] - out.println("strTanggal = " + strTanggal): null

2024-01-22 18:31:40 - [TEST_STEP][PASSED] - out.println("strNama = " + strNama): null

2024-01-22 18:31:40 - [TEST_STEP][PASSED] - out.println("Baris ke = " + rowIndex): null

2024-01-22 18:31:40 - [TEST_STEP][PASSED] - click(findTestObject("Stockbit/input__BandarmologyOpenStartDate")): Object: 'Object Repository/Stockbit/input__BandarmologyOpenStartDate' is clicked on

2024-01-22 18:31:42 - [MESSAGE][PASSED] - Object: 'Object Repository/Stockbit/input__BandarmologyOpenStartDate' is clicked on

2024-01-22 18:31:42 - [TEST_STEP][PASSED] - sendKeys(findTestObject("Stockbit/input__BandarmologyOpenStartDate"), Keys.chord(CONTROL, "a")): Keys 'CONTROL + a' sent to object: 'Object Repository/Stockbit/input__BandarmologyOpenStartDate'

2024-01-22 18:31:42 - [MESSAGE][PASSED] - Keys 'CONTROL + a' sent to object: 'Object Repository/Stockbit/input__BandarmologyOpenStartDate'

2024-01-22 18:31:42 - [TEST_STEP][PASSED] - sendKeys(findTestObject("Stockbit/input__BandarmologyOpenStartDate"), Keys.chord(BACK_SPACE)): Keys 'BACK_SPACE + ' sent to object: 'Object Repository/Stockbit/input__BandarmologyOpenStartDate'

2024-01-22 18:31:43 - [MESSAGE][PASSED] - Keys 'BACK_SPACE + ' sent to object: 'Object Repository/Stockbit/input__BandarmologyOpenStartDate'

2024-01-22 18:31:43 - [TEST_STEP][PASSED] - setText(findTestObject("Stockbit/input__BandarmologyOpenStartDate"), strTanggal): Text '2024-01-22' is set on object 'Object Repository/Stockbit/input__BandarmologyOpenStartDate'

2024-01-22 18:31:44 - [MESSAGE][PASSED] - Text '2024-01-22' is set on object 'Object Repository/Stockbit/input__BandarmologyOpenStartDate'

2024-01-22 18:31:44 - [TEST_STEP][PASSED] - sendKeys(findTestObject("Stockbit/input__BandarmologyOpenStartDate"), Keys.chord(ENTER)): Keys 'ENTER + ' sent to object: 'Object Repository/Stockbit/input__BandarmologyOpenStartDate'

2024-01-22 18:31:44 - [MESSAGE][PASSED] - Keys 'ENTER + ' sent to object: 'Object Repository/Stockbit/input__BandarmologyOpenStartDate'

2024-01-22 18:31:44 - [TEST_STEP][PASSED] - click(findTestObject("Stockbit/input__BandarmologyOpenEndDate")): Object: 'Object Repository/Stockbit/input__BandarmologyOpenEndDate' is clicked on

2024-01-22 18:31:44 - [MESSAGE][PASSED] - Object: 'Object Repository/Stockbit/input__BandarmologyOpenEndDate' is clicked on

2024-01-22 18:31:44 - [TEST_STEP][PASSED] - sendKeys(findTestObject("Stockbit/input__BandarmologyOpenEndDate"), Keys.chord(CONTROL, "a")): Keys 'CONTROL + a' sent to object: 'Object Repository/Stockbit/input__BandarmologyOpenEndDate'

2024-01-22 18:31:45 - [MESSAGE][PASSED] - Keys 'CONTROL + a' sent to object: 'Object Repository/Stockbit/input__BandarmologyOpenEndDate'

2024-01-22 18:31:45 - [TEST_STEP][PASSED] - sendKeys(findTestObject("Stockbit/input__BandarmologyOpenEndDate"), Keys.chord(BACK_SPACE)): Keys 'BACK_SPACE + ' sent to object: 'Object Repository/Stockbit/input__BandarmologyOpenEndDate'

2024-01-22 18:31:45 - [MESSAGE][PASSED] - Keys 'BACK_SPACE + ' sent to object: 'Object Repository/Stockbit/input__BandarmologyOpenEndDate'

2024-01-22 18:31:45 - [TEST_STEP][PASSED] - setText(findTestObject("Stockbit/input__BandarmologyOpenEndDate"), strTanggal): Text '2024-01-22' is set on object 'Object Repository/Stockbit/input__BandarmologyOpenEndDate'

2024-01-22 18:31:46 - [MESSAGE][PASSED] - Text '2024-01-22' is set on object 'Object Repository/Stockbit/input__BandarmologyOpenEndDate'

2024-01-22 18:31:46 - [TEST_STEP][PASSED] - sendKeys(findTestObject("Stockbit/input__BandarmologyOpenEndDate"), Keys.chord(ENTER)): Keys 'ENTER + ' sent to object: 'Object Repository/Stockbit/input__BandarmologyOpenEndDate'

2024-01-22 18:31:46 - [MESSAGE][PASSED] - Keys 'ENTER + ' sent to object: 'Object Repository/Stockbit/input__BandarmologyOpenEndDate'

2024-01-22 18:31:46 - [TEST_STEP][PASSED] - delay(2): Delayed 2 second(s)

2024-01-22 18:31:48 - [MESSAGE][PASSED] - Delayed 2 second(s)

2024-01-22 18:31:48 - [TEST_STEP][PASSED] - strTemp = getText(findTestObject("Stockbit/Bandarmology_AvgRP")): Text of object 'Object Repository/Stockbit/Bandarmology_AvgRP' is: '125'

2024-01-22 18:31:48 - [MESSAGE][PASSED] - Text of object 'Object Repository/Stockbit/Bandarmology_AvgRP' is: '125'

2024-01-22 18:31:48 - [TEST_STEP][PASSED] - out.println("Bandarmology_AvgRP = " + strTemp): null

2024-01-22 18:31:48 - [TEST_STEP][PASSED] - if (strTemp != "0"): null

2024-01-22 18:31:48 - [TEST_STEP][PASSED] - strTop1 = getText(findTestObject("Stockbit/Bandarmology_Top1")): Text of object 'Object Repository/Stockbit/Bandarmology_Top1' is: 'Neutral'

2024-01-22 18:31:49 - [MESSAGE][PASSED] - Text of object 'Object Repository/Stockbit/Bandarmology_Top1' is: 'Neutral'

2024-01-22 18:31:49 - [TEST_STEP][PASSED] - strTop3 = getText(findTestObject("Stockbit/Bandarmology_Top3")): Text of object 'Object Repository/Stockbit/Bandarmology_Top3' is: 'Small Acc'

2024-01-22 18:31:49 - [MESSAGE][PASSED] - Text of object 'Object Repository/Stockbit/Bandarmology_Top3' is: 'Small Acc'

2024-01-22 18:31:49 - [TEST_STEP][PASSED] - strTop5 = getText(findTestObject("Stockbit/Bandarmology_Top5")): Text of object 'Object Repository/Stockbit/Bandarmology_Top5' is: 'Neutral'

2024-01-22 18:31:49 - [MESSAGE][PASSED] - Text of object 'Object Repository/Stockbit/Bandarmology_Top5' is: 'Neutral'

2024-01-22 18:31:49 - [TEST_STEP][PASSED] - strAllBrokAvg = getText(findTestObject("Stockbit/Bandarmology_TopAVG")): Text of object 'Object Repository/Stockbit/Bandarmology_TopAVG' is: 'Small Acc'

2024-01-22 18:31:49 - [MESSAGE][PASSED] - Text of object 'Object Repository/Stockbit/Bandarmology_TopAVG' is: 'Small Acc'

2024-01-22 18:31:49 - [TEST_STEP][PASSED] - strTemp = getText(findTestObject("Stockbit/Bandarmology_AvgRP")): Text of object 'Object Repository/Stockbit/Bandarmology_AvgRP' is: '125'

2024-01-22 18:31:49 - [MESSAGE][PASSED] - Text of object 'Object Repository/Stockbit/Bandarmology_AvgRP' is: '125'

2024-01-22 18:31:49 - [TEST_STEP][PASSED] - if (strTemp.contains(",")): null

2024-01-22 18:31:49 - [TEST_STEP][PASSED] - intAvgRP = strTemp.toInteger(): null

2024-01-22 18:31:49 - [TEST_STEP][PASSED] - strBuyer1 = getText(findTestObject("Stockbit/Bandarmology_Buyer1")): Text of object 'Object Repository/Stockbit/Bandarmology_Buyer1' is: 'EP'

2024-01-22 18:31:49 - [MESSAGE][PASSED] - Text of object 'Object Repository/Stockbit/Bandarmology_Buyer1' is: 'EP'

2024-01-22 18:31:49 - [TEST_STEP][PASSED] - strBuyerVol1 = getText(findTestObject("Stockbit/Bandarmology_BuyerVol1")): Text of object 'Object Repository/Stockbit/Bandarmology_BuyerVol1' is: '1.2 K'

2024-01-22 18:31:49 - [MESSAGE][PASSED] - Text of object 'Object Repository/Stockbit/Bandarmology_BuyerVol1' is: '1.2 K'

2024-01-22 18:31:49 - [TEST_STEP][PASSED] - strBuyerAvg1 = getText(findTestObject("Stockbit/Bandarmology_BuyerAvg1")): Text of object 'Object Repository/Stockbit/Bandarmology_BuyerAvg1' is: '125'

2024-01-22 18:31:49 - [MESSAGE][PASSED] - Text of object 'Object Repository/Stockbit/Bandarmology_BuyerAvg1' is: '125'

2024-01-22 18:31:49 - [TEST_STEP][PASSED] - if (strBuyerAvg1.contains(",")): null

2024-01-22 18:31:49 - [TEST_STEP][PASSED] - if (strBuyerVol1.contains(" B")): null

2024-01-22 18:31:49 - [TEST_STEP][PASSED] - else if (strBuyerVol1.contains(" M")): null

2024-01-22 18:31:49 - [TEST_STEP][PASSED] - else if (strBuyerVol1.contains(" K")): null

2024-01-22 18:31:49 - [TEST_STEP][PASSED] - strBuyerVol1 = strBuyerVol1.replace(" K", ""): null

2024-01-22 18:31:49 - [TEST_STEP][PASSED] - strBuyerVol1 = strBuyerVol1.toDouble() * 1000: null

2024-01-22 18:31:49 - [TEST_STEP][PASSED] - strSeller1 = getText(findTestObject("Stockbit/Bandarmology_Seller1")): Text of object 'Object Repository/Stockbit/Bandarmology_Seller1' is: 'YB'

2024-01-22 18:31:49 - [MESSAGE][PASSED] - Text of object 'Object Repository/Stockbit/Bandarmology_Seller1' is: 'YB'

2024-01-22 18:31:49 - [TEST_STEP][PASSED] - strSellerVol1 = getText(findTestObject("Stockbit/Bandarmology_SellerVol1")): Text of object 'Object Repository/Stockbit/Bandarmology_SellerVol1' is: '1 K'

2024-01-22 18:31:50 - [MESSAGE][PASSED] - Text of object 'Object Repository/Stockbit/Bandarmology_SellerVol1' is: '1 K'

2024-01-22 18:31:50 - [TEST_STEP][PASSED] - strSellerAvg1 = getText(findTestObject("Stockbit/Bandarmology_SellerAvg1")): Text of object 'Object Repository/Stockbit/Bandarmology_SellerAvg1' is: '124'

2024-01-22 18:31:50 - [MESSAGE][PASSED] - Text of object 'Object Repository/Stockbit/Bandarmology_SellerAvg1' is: '124'

2024-01-22 18:31:50 - [TEST_STEP][PASSED] - if (strSellerAvg1.contains(",")): null

2024-01-22 18:31:50 - [TEST_STEP][PASSED] - if (strSellerVol1.contains(" B")): null

2024-01-22 18:31:50 - [TEST_STEP][PASSED] - else if (strSellerVol1.contains(" M")): null

2024-01-22 18:31:50 - [TEST_STEP][PASSED] - else if (strSellerVol1.contains(" K")): null

2024-01-22 18:31:50 - [TEST_STEP][PASSED] - strSellerVol1 = strSellerVol1.replace(" K", ""): null

2024-01-22 18:31:50 - [TEST_STEP][PASSED] - strSellerVol1 = strSellerVol1.toDouble() * 1000: null

2024-01-22 18:31:50 - [TEST_STEP][PASSED] - if (verifyElementNotPresent(findTestObject("Stockbit/Bandarmology_Buyer2"), 1, OPTIONAL)): Web element with id: 'Object Repository/Stockbit/Bandarmology_Buyer2' located by 'By.xpath: //*[contains(@id, 'rc-tabs-')]/div[2]/div/div/div/div/div/div[2]/table/tbody/tr[3]/td[1]/p' is present after '1' second(s) (Root cause: com.kms.katalon.core.exception.StepFailedException: Web element with id: 'Object Repository/Stockbit/Bandarmology_Buyer2' located by 'By.xpath: //*[contains(@id, 'rc-tabs-')]/div[2]/div/div/div/div/div/div[2]/table/tbody/tr[3]/td[1]/p' is present after '1' second(s)
	at com.kms.katalon.core.webui.keyword.internal.WebUIKeywordMain.stepFailed(WebUIKeywordMain.groovy:64)
	at com.kms.katalon.core.webui.keyword.internal.WebUIKeywordMain$stepFailed$0.call(Unknown Source)
	at com.kms.katalon.core.webui.keyword.builtin.VerifyElementNotPresentKeyword$_verifyElementNotPresent_closure1.doCall(VerifyElementNotPresentKeyword.groovy:106)
	at com.kms.katalon.core.webui.keyword.builtin.VerifyElementNotPresentKeyword$_verifyElementNotPresent_closure1.doCall(VerifyElementNotPresentKeyword.groovy)
	at com.kms.katalon.core.webui.keyword.internal.WebUIKeywordMain.runKeyword(WebUIKeywordMain.groovy:20)
	at com.kms.katalon.core.webui.keyword.internal.WebUIKeywordMain$runKeyword.call(Unknown Source)
	at com.kms.katalon.core.webui.keyword.builtin.VerifyElementNotPresentKeyword.verifyElementNotPresent(VerifyElementNotPresentKeyword.groovy:117)
	at com.kms.katalon.core.webui.keyword.builtin.VerifyElementNotPresentKeyword.execute(VerifyElementNotPresentKeyword.groovy:68)
	at com.kms.katalon.core.keyword.internal.KeywordExecutor.executeKeywordForPlatform(KeywordExecutor.groovy:74)
	at com.kms.katalon.core.webui.keyword.WebUiBuiltInKeywords.verifyElementNotPresent(WebUiBuiltInKeywords.groovy:1481)
	at com.kms.katalon.core.webui.keyword.WebUiBuiltInKeywords$verifyElementNotPresent$8.call(Unknown Source)
	at GetBrokSumPriceDaily.run(GetBrokSumPriceDaily:258)
	at com.kms.katalon.core.main.ScriptEngine.run(ScriptEngine.java:194)
	at com.kms.katalon.core.main.ScriptEngine.runScriptAsRawText(ScriptEngine.java:119)
	at com.kms.katalon.core.main.TestCaseExecutor.runScript(TestCaseExecutor.java:445)
	at com.kms.katalon.core.main.TestCaseExecutor.doExecute(TestCaseExecutor.java:436)
	at com.kms.katalon.core.main.TestCaseExecutor.processExecutionPhase(TestCaseExecutor.java:415)
	at com.kms.katalon.core.main.TestCaseExecutor.accessMainPhase(TestCaseExecutor.java:407)
	at com.kms.katalon.core.main.TestCaseExecutor.execute(TestCaseExecutor.java:284)
	at com.kms.katalon.core.common.CommonExecutor.accessTestCaseMainPhase(CommonExecutor.java:65)
	at com.kms.katalon.core.main.TestSuiteExecutor.accessTestSuiteMainPhase(TestSuiteExecutor.java:144)
	at com.kms.katalon.core.main.TestSuiteExecutor.execute(TestSuiteExecutor.java:106)
	at com.kms.katalon.core.main.TestCaseMain.startTestSuite(TestCaseMain.java:185)
	at com.kms.katalon.core.main.TestCaseMain$startTestSuite$0.call(Unknown Source)
	at TempTestSuite1705922193915.run(TempTestSuite1705922193915.groovy:36)
)

2024-01-22 18:31:51 - [MESSAGE][WARNING] - Web element with id: 'Object Repository/Stockbit/Bandarmology_Buyer2' located by 'By.xpath: //*[contains(@id, 'rc-tabs-')]/div[2]/div/div/div/div/div/div[2]/table/tbody/tr[3]/td[1]/p' is present after '1' second(s) (Root cause: com.kms.katalon.core.exception.StepFailedException: Web element with id: 'Object Repository/Stockbit/Bandarmology_Buyer2' located by 'By.xpath: //*[contains(@id, 'rc-tabs-')]/div[2]/div/div/div/div/div/div[2]/table/tbody/tr[3]/td[1]/p' is present after '1' second(s)
	at com.kms.katalon.core.webui.keyword.internal.WebUIKeywordMain.stepFailed(WebUIKeywordMain.groovy:64)
	at com.kms.katalon.core.webui.keyword.internal.WebUIKeywordMain$stepFailed$0.call(Unknown Source)
	at com.kms.katalon.core.webui.keyword.builtin.VerifyElementNotPresentKeyword$_verifyElementNotPresent_closure1.doCall(VerifyElementNotPresentKeyword.groovy:106)
	at com.kms.katalon.core.webui.keyword.builtin.VerifyElementNotPresentKeyword$_verifyElementNotPresent_closure1.doCall(VerifyElementNotPresentKeyword.groovy)
	at com.kms.katalon.core.webui.keyword.internal.WebUIKeywordMain.runKeyword(WebUIKeywordMain.groovy:20)
	at com.kms.katalon.core.webui.keyword.internal.WebUIKeywordMain$runKeyword.call(Unknown Source)
	at com.kms.katalon.core.webui.keyword.builtin.VerifyElementNotPresentKeyword.verifyElementNotPresent(VerifyElementNotPresentKeyword.groovy:117)
	at com.kms.katalon.core.webui.keyword.builtin.VerifyElementNotPresentKeyword.execute(VerifyElementNotPresentKeyword.groovy:68)
	at com.kms.katalon.core.keyword.internal.KeywordExecutor.executeKeywordForPlatform(KeywordExecutor.groovy:74)
	at com.kms.katalon.core.webui.keyword.WebUiBuiltInKeywords.verifyElementNotPresent(WebUiBuiltInKeywords.groovy:1481)
	at com.kms.katalon.core.webui.keyword.WebUiBuiltInKeywords$verifyElementNotPresent$8.call(Unknown Source)
	at GetBrokSumPriceDaily.run(GetBrokSumPriceDaily:258)
	at com.kms.katalon.core.main.ScriptEngine.run(ScriptEngine.java:194)
	at com.kms.katalon.core.main.ScriptEngine.runScriptAsRawText(ScriptEngine.java:119)
	at com.kms.katalon.core.main.TestCaseExecutor.runScript(TestCaseExecutor.java:445)
	at com.kms.katalon.core.main.TestCaseExecutor.doExecute(TestCaseExecutor.java:436)
	at com.kms.katalon.core.main.TestCaseExecutor.processExecutionPhase(TestCaseExecutor.java:415)
	at com.kms.katalon.core.main.TestCaseExecutor.accessMainPhase(TestCaseExecutor.java:407)
	at com.kms.katalon.core.main.TestCaseExecutor.execute(TestCaseExecutor.java:284)
	at com.kms.katalon.core.common.CommonExecutor.accessTestCaseMainPhase(CommonExecutor.java:65)
	at com.kms.katalon.core.main.TestSuiteExecutor.accessTestSuiteMainPhase(TestSuiteExecutor.java:144)
	at com.kms.katalon.core.main.TestSuiteExecutor.execute(TestSuiteExecutor.java:106)
	at com.kms.katalon.core.main.TestCaseMain.startTestSuite(TestCaseMain.java:185)
	at com.kms.katalon.core.main.TestCaseMain$startTestSuite$0.call(Unknown Source)
	at TempTestSuite1705922193915.run(TempTestSuite1705922193915.groovy:36)
)
[[ATTACHMENT|C:\\Users\\Fadli\\git\\KatalonDailyGetData2\\Reports\\20240122_174123\\TS1\\20240122_181633\\1705923111329.png]]

2024-01-22 18:31:51 - [TEST_STEP][PASSED] - else: null

2024-01-22 18:31:51 - [TEST_STEP][PASSED] - strBuyer2 = getText(findTestObject("Stockbit/Bandarmology_Buyer2")): Text of object 'Object Repository/Stockbit/Bandarmology_Buyer2' is: 'BF'

2024-01-22 18:31:51 - [MESSAGE][PASSED] - Text of object 'Object Repository/Stockbit/Bandarmology_Buyer2' is: 'BF'

2024-01-22 18:31:51 - [TEST_STEP][PASSED] - strBuyerVol2 = getText(findTestObject("Stockbit/Bandarmology_BuyerVol2")): Text of object 'Object Repository/Stockbit/Bandarmology_BuyerVol2' is: '791'

2024-01-22 18:31:51 - [MESSAGE][PASSED] - Text of object 'Object Repository/Stockbit/Bandarmology_BuyerVol2' is: '791'

2024-01-22 18:31:51 - [TEST_STEP][PASSED] - strBuyerAvg2 = getText(findTestObject("Stockbit/Bandarmology_BuyerAvg2")): Text of object 'Object Repository/Stockbit/Bandarmology_BuyerAvg2' is: '124'

2024-01-22 18:31:51 - [MESSAGE][PASSED] - Text of object 'Object Repository/Stockbit/Bandarmology_BuyerAvg2' is: '124'

2024-01-22 18:31:51 - [TEST_STEP][PASSED] - if (strBuyer2 != ""): null

2024-01-22 18:31:51 - [TEST_STEP][PASSED] - if (strBuyerAvg2.contains(",")): null

2024-01-22 18:31:51 - [TEST_STEP][PASSED] - if (strBuyerVol2.contains(" B")): null

2024-01-22 18:31:51 - [TEST_STEP][PASSED] - if (strBuyerVol2.contains(".")): null

2024-01-22 18:31:51 - [TEST_STEP][PASSED] - if (verifyElementNotPresent(findTestObject("Stockbit/Bandarmology_Seller2"), 1, OPTIONAL)): Web element with id: 'Object Repository/Stockbit/Bandarmology_Seller2' located by 'By.xpath: //*[contains(@id, 'rc-tabs-')]/div[2]/div/div/div/div/div/div[2]/table/tbody/tr[3]/td[5]/p' is present after '1' second(s) (Root cause: com.kms.katalon.core.exception.StepFailedException: Web element with id: 'Object Repository/Stockbit/Bandarmology_Seller2' located by 'By.xpath: //*[contains(@id, 'rc-tabs-')]/div[2]/div/div/div/div/div/div[2]/table/tbody/tr[3]/td[5]/p' is present after '1' second(s)
	at com.kms.katalon.core.webui.keyword.internal.WebUIKeywordMain.stepFailed(WebUIKeywordMain.groovy:64)
	at com.kms.katalon.core.webui.keyword.internal.WebUIKeywordMain$stepFailed$0.call(Unknown Source)
	at com.kms.katalon.core.webui.keyword.builtin.VerifyElementNotPresentKeyword$_verifyElementNotPresent_closure1.doCall(VerifyElementNotPresentKeyword.groovy:106)
	at com.kms.katalon.core.webui.keyword.builtin.VerifyElementNotPresentKeyword$_verifyElementNotPresent_closure1.doCall(VerifyElementNotPresentKeyword.groovy)
	at com.kms.katalon.core.webui.keyword.internal.WebUIKeywordMain.runKeyword(WebUIKeywordMain.groovy:20)
	at com.kms.katalon.core.webui.keyword.internal.WebUIKeywordMain$runKeyword.call(Unknown Source)
	at com.kms.katalon.core.webui.keyword.builtin.VerifyElementNotPresentKeyword.verifyElementNotPresent(VerifyElementNotPresentKeyword.groovy:117)
	at com.kms.katalon.core.webui.keyword.builtin.VerifyElementNotPresentKeyword.execute(VerifyElementNotPresentKeyword.groovy:68)
	at com.kms.katalon.core.keyword.internal.KeywordExecutor.executeKeywordForPlatform(KeywordExecutor.groovy:74)
	at com.kms.katalon.core.webui.keyword.WebUiBuiltInKeywords.verifyElementNotPresent(WebUiBuiltInKeywords.groovy:1481)
	at com.kms.katalon.core.webui.keyword.WebUiBuiltInKeywords$verifyElementNotPresent$8.call(Unknown Source)
	at GetBrokSumPriceDaily.run(GetBrokSumPriceDaily:309)
	at com.kms.katalon.core.main.ScriptEngine.run(ScriptEngine.java:194)
	at com.kms.katalon.core.main.ScriptEngine.runScriptAsRawText(ScriptEngine.java:119)
	at com.kms.katalon.core.main.TestCaseExecutor.runScript(TestCaseExecutor.java:445)
	at com.kms.katalon.core.main.TestCaseExecutor.doExecute(TestCaseExecutor.java:436)
	at com.kms.katalon.core.main.TestCaseExecutor.processExecutionPhase(TestCaseExecutor.java:415)
	at com.kms.katalon.core.main.TestCaseExecutor.accessMainPhase(TestCaseExecutor.java:407)
	at com.kms.katalon.core.main.TestCaseExecutor.execute(TestCaseExecutor.java:284)
	at com.kms.katalon.core.common.CommonExecutor.accessTestCaseMainPhase(CommonExecutor.java:65)
	at com.kms.katalon.core.main.TestSuiteExecutor.accessTestSuiteMainPhase(TestSuiteExecutor.java:144)
	at com.kms.katalon.core.main.TestSuiteExecutor.execute(TestSuiteExecutor.java:106)
	at com.kms.katalon.core.main.TestCaseMain.startTestSuite(TestCaseMain.java:185)
	at com.kms.katalon.core.main.TestCaseMain$startTestSuite$0.call(Unknown Source)
	at TempTestSuite1705922193915.run(TempTestSuite1705922193915.groovy:36)
)

2024-01-22 18:31:53 - [MESSAGE][WARNING] - Web element with id: 'Object Repository/Stockbit/Bandarmology_Seller2' located by 'By.xpath: //*[contains(@id, 'rc-tabs-')]/div[2]/div/div/div/div/div/div[2]/table/tbody/tr[3]/td[5]/p' is present after '1' second(s) (Root cause: com.kms.katalon.core.exception.StepFailedException: Web element with id: 'Object Repository/Stockbit/Bandarmology_Seller2' located by 'By.xpath: //*[contains(@id, 'rc-tabs-')]/div[2]/div/div/div/div/div/div[2]/table/tbody/tr[3]/td[5]/p' is present after '1' second(s)
	at com.kms.katalon.core.webui.keyword.internal.WebUIKeywordMain.stepFailed(WebUIKeywordMain.groovy:64)
	at com.kms.katalon.core.webui.keyword.internal.WebUIKeywordMain$stepFailed$0.call(Unknown Source)
	at com.kms.katalon.core.webui.keyword.builtin.VerifyElementNotPresentKeyword$_verifyElementNotPresent_closure1.doCall(VerifyElementNotPresentKeyword.groovy:106)
	at com.kms.katalon.core.webui.keyword.builtin.VerifyElementNotPresentKeyword$_verifyElementNotPresent_closure1.doCall(VerifyElementNotPresentKeyword.groovy)
	at com.kms.katalon.core.webui.keyword.internal.WebUIKeywordMain.runKeyword(WebUIKeywordMain.groovy:20)
	at com.kms.katalon.core.webui.keyword.internal.WebUIKeywordMain$runKeyword.call(Unknown Source)
	at com.kms.katalon.core.webui.keyword.builtin.VerifyElementNotPresentKeyword.verifyElementNotPresent(VerifyElementNotPresentKeyword.groovy:117)
	at com.kms.katalon.core.webui.keyword.builtin.VerifyElementNotPresentKeyword.execute(VerifyElementNotPresentKeyword.groovy:68)
	at com.kms.katalon.core.keyword.internal.KeywordExecutor.executeKeywordForPlatform(KeywordExecutor.groovy:74)
	at com.kms.katalon.core.webui.keyword.WebUiBuiltInKeywords.verifyElementNotPresent(WebUiBuiltInKeywords.groovy:1481)
	at com.kms.katalon.core.webui.keyword.WebUiBuiltInKeywords$verifyElementNotPresent$8.call(Unknown Source)
	at GetBrokSumPriceDaily.run(GetBrokSumPriceDaily:309)
	at com.kms.katalon.core.main.ScriptEngine.run(ScriptEngine.java:194)
	at com.kms.katalon.core.main.ScriptEngine.runScriptAsRawText(ScriptEngine.java:119)
	at com.kms.katalon.core.main.TestCaseExecutor.runScript(TestCaseExecutor.java:445)
	at com.kms.katalon.core.main.TestCaseExecutor.doExecute(TestCaseExecutor.java:436)
	at com.kms.katalon.core.main.TestCaseExecutor.processExecutionPhase(TestCaseExecutor.java:415)
	at com.kms.katalon.core.main.TestCaseExecutor.accessMainPhase(TestCaseExecutor.java:407)
	at com.kms.katalon.core.main.TestCaseExecutor.execute(TestCaseExecutor.java:284)
	at com.kms.katalon.core.common.CommonExecutor.accessTestCaseMainPhase(CommonExecutor.java:65)
	at com.kms.katalon.core.main.TestSuiteExecutor.accessTestSuiteMainPhase(TestSuiteExecutor.java:144)
	at com.kms.katalon.core.main.TestSuiteExecutor.execute(TestSuiteExecutor.java:106)
	at com.kms.katalon.core.main.TestCaseMain.startTestSuite(TestCaseMain.java:185)
	at com.kms.katalon.core.main.TestCaseMain$startTestSuite$0.call(Unknown Source)
	at TempTestSuite1705922193915.run(TempTestSuite1705922193915.groovy:36)
)
[[ATTACHMENT|C:\\Users\\Fadli\\git\\KatalonDailyGetData2\\Reports\\20240122_174123\\TS1\\20240122_181633\\1705923113040.png]]

2024-01-22 18:31:53 - [TEST_STEP][PASSED] - else: null

2024-01-22 18:31:53 - [TEST_STEP][PASSED] - strSeller2 = getText(findTestObject("Stockbit/Bandarmology_Seller2")): Text of object 'Object Repository/Stockbit/Bandarmology_Seller2' is: 'PD'

2024-01-22 18:31:53 - [MESSAGE][PASSED] - Text of object 'Object Repository/Stockbit/Bandarmology_Seller2' is: 'PD'

2024-01-22 18:31:53 - [TEST_STEP][PASSED] - strSellerVol2 = getText(findTestObject("Stockbit/Bandarmology_SellerVol2")): Text of object 'Object Repository/Stockbit/Bandarmology_SellerVol2' is: '583'

2024-01-22 18:31:53 - [MESSAGE][PASSED] - Text of object 'Object Repository/Stockbit/Bandarmology_SellerVol2' is: '583'

2024-01-22 18:31:53 - [TEST_STEP][PASSED] - strSellerAvg2 = getText(findTestObject("Stockbit/Bandarmology_SellerAvg2")): Text of object 'Object Repository/Stockbit/Bandarmology_SellerAvg2' is: '124'

2024-01-22 18:31:53 - [MESSAGE][PASSED] - Text of object 'Object Repository/Stockbit/Bandarmology_SellerAvg2' is: '124'

2024-01-22 18:31:53 - [TEST_STEP][PASSED] - if (strSeller2 != ""): null

2024-01-22 18:31:53 - [TEST_STEP][PASSED] - if (strSellerAvg2.contains(",")): null

2024-01-22 18:31:53 - [TEST_STEP][PASSED] - if (strSellerVol2.contains(" B")): null

2024-01-22 18:31:53 - [TEST_STEP][PASSED] - if (verifyElementNotPresent(findTestObject("Stockbit/Bandarmology_Buyer3"), 1, OPTIONAL)): Web element with id: 'Object Repository/Stockbit/Bandarmology_Buyer3' located by 'By.xpath: //*[contains(@id, 'rc-tabs-')]/div[2]/div/div/div/div/div/div[2]/table/tbody/tr[4]/td[1]/p' is present after '1' second(s) (Root cause: com.kms.katalon.core.exception.StepFailedException: Web element with id: 'Object Repository/Stockbit/Bandarmology_Buyer3' located by 'By.xpath: //*[contains(@id, 'rc-tabs-')]/div[2]/div/div/div/div/div/div[2]/table/tbody/tr[4]/td[1]/p' is present after '1' second(s)
	at com.kms.katalon.core.webui.keyword.internal.WebUIKeywordMain.stepFailed(WebUIKeywordMain.groovy:64)
	at com.kms.katalon.core.webui.keyword.internal.WebUIKeywordMain$stepFailed$0.call(Unknown Source)
	at com.kms.katalon.core.webui.keyword.builtin.VerifyElementNotPresentKeyword$_verifyElementNotPresent_closure1.doCall(VerifyElementNotPresentKeyword.groovy:106)
	at com.kms.katalon.core.webui.keyword.builtin.VerifyElementNotPresentKeyword$_verifyElementNotPresent_closure1.doCall(VerifyElementNotPresentKeyword.groovy)
	at com.kms.katalon.core.webui.keyword.internal.WebUIKeywordMain.runKeyword(WebUIKeywordMain.groovy:20)
	at com.kms.katalon.core.webui.keyword.internal.WebUIKeywordMain$runKeyword.call(Unknown Source)
	at com.kms.katalon.core.webui.keyword.builtin.VerifyElementNotPresentKeyword.verifyElementNotPresent(VerifyElementNotPresentKeyword.groovy:117)
	at com.kms.katalon.core.webui.keyword.builtin.VerifyElementNotPresentKeyword.execute(VerifyElementNotPresentKeyword.groovy:68)
	at com.kms.katalon.core.keyword.internal.KeywordExecutor.executeKeywordForPlatform(KeywordExecutor.groovy:74)
	at com.kms.katalon.core.webui.keyword.WebUiBuiltInKeywords.verifyElementNotPresent(WebUiBuiltInKeywords.groovy:1481)
	at com.kms.katalon.core.webui.keyword.WebUiBuiltInKeywords$verifyElementNotPresent$8.call(Unknown Source)
	at GetBrokSumPriceDaily.run(GetBrokSumPriceDaily:361)
	at com.kms.katalon.core.main.ScriptEngine.run(ScriptEngine.java:194)
	at com.kms.katalon.core.main.ScriptEngine.runScriptAsRawText(ScriptEngine.java:119)
	at com.kms.katalon.core.main.TestCaseExecutor.runScript(TestCaseExecutor.java:445)
	at com.kms.katalon.core.main.TestCaseExecutor.doExecute(TestCaseExecutor.java:436)
	at com.kms.katalon.core.main.TestCaseExecutor.processExecutionPhase(TestCaseExecutor.java:415)
	at com.kms.katalon.core.main.TestCaseExecutor.accessMainPhase(TestCaseExecutor.java:407)
	at com.kms.katalon.core.main.TestCaseExecutor.execute(TestCaseExecutor.java:284)
	at com.kms.katalon.core.common.CommonExecutor.accessTestCaseMainPhase(CommonExecutor.java:65)
	at com.kms.katalon.core.main.TestSuiteExecutor.accessTestSuiteMainPhase(TestSuiteExecutor.java:144)
	at com.kms.katalon.core.main.TestSuiteExecutor.execute(TestSuiteExecutor.java:106)
	at com.kms.katalon.core.main.TestCaseMain.startTestSuite(TestCaseMain.java:185)
	at com.kms.katalon.core.main.TestCaseMain$startTestSuite$0.call(Unknown Source)
	at TempTestSuite1705922193915.run(TempTestSuite1705922193915.groovy:36)
)

2024-01-22 18:31:54 - [MESSAGE][WARNING] - Web element with id: 'Object Repository/Stockbit/Bandarmology_Buyer3' located by 'By.xpath: //*[contains(@id, 'rc-tabs-')]/div[2]/div/div/div/div/div/div[2]/table/tbody/tr[4]/td[1]/p' is present after '1' second(s) (Root cause: com.kms.katalon.core.exception.StepFailedException: Web element with id: 'Object Repository/Stockbit/Bandarmology_Buyer3' located by 'By.xpath: //*[contains(@id, 'rc-tabs-')]/div[2]/div/div/div/div/div/div[2]/table/tbody/tr[4]/td[1]/p' is present after '1' second(s)
	at com.kms.katalon.core.webui.keyword.internal.WebUIKeywordMain.stepFailed(WebUIKeywordMain.groovy:64)
	at com.kms.katalon.core.webui.keyword.internal.WebUIKeywordMain$stepFailed$0.call(Unknown Source)
	at com.kms.katalon.core.webui.keyword.builtin.VerifyElementNotPresentKeyword$_verifyElementNotPresent_closure1.doCall(VerifyElementNotPresentKeyword.groovy:106)
	at com.kms.katalon.core.webui.keyword.builtin.VerifyElementNotPresentKeyword$_verifyElementNotPresent_closure1.doCall(VerifyElementNotPresentKeyword.groovy)
	at com.kms.katalon.core.webui.keyword.internal.WebUIKeywordMain.runKeyword(WebUIKeywordMain.groovy:20)
	at com.kms.katalon.core.webui.keyword.internal.WebUIKeywordMain$runKeyword.call(Unknown Source)
	at com.kms.katalon.core.webui.keyword.builtin.VerifyElementNotPresentKeyword.verifyElementNotPresent(VerifyElementNotPresentKeyword.groovy:117)
	at com.kms.katalon.core.webui.keyword.builtin.VerifyElementNotPresentKeyword.execute(VerifyElementNotPresentKeyword.groovy:68)
	at com.kms.katalon.core.keyword.internal.KeywordExecutor.executeKeywordForPlatform(KeywordExecutor.groovy:74)
	at com.kms.katalon.core.webui.keyword.WebUiBuiltInKeywords.verifyElementNotPresent(WebUiBuiltInKeywords.groovy:1481)
	at com.kms.katalon.core.webui.keyword.WebUiBuiltInKeywords$verifyElementNotPresent$8.call(Unknown Source)
	at GetBrokSumPriceDaily.run(GetBrokSumPriceDaily:361)
	at com.kms.katalon.core.main.ScriptEngine.run(ScriptEngine.java:194)
	at com.kms.katalon.core.main.ScriptEngine.runScriptAsRawText(ScriptEngine.java:119)
	at com.kms.katalon.core.main.TestCaseExecutor.runScript(TestCaseExecutor.java:445)
	at com.kms.katalon.core.main.TestCaseExecutor.doExecute(TestCaseExecutor.java:436)
	at com.kms.katalon.core.main.TestCaseExecutor.processExecutionPhase(TestCaseExecutor.java:415)
	at com.kms.katalon.core.main.TestCaseExecutor.accessMainPhase(TestCaseExecutor.java:407)
	at com.kms.katalon.core.main.TestCaseExecutor.execute(TestCaseExecutor.java:284)
	at com.kms.katalon.core.common.CommonExecutor.accessTestCaseMainPhase(CommonExecutor.java:65)
	at com.kms.katalon.core.main.TestSuiteExecutor.accessTestSuiteMainPhase(TestSuiteExecutor.java:144)
	at com.kms.katalon.core.main.TestSuiteExecutor.execute(TestSuiteExecutor.java:106)
	at com.kms.katalon.core.main.TestCaseMain.startTestSuite(TestCaseMain.java:185)
	at com.kms.katalon.core.main.TestCaseMain$startTestSuite$0.call(Unknown Source)
	at TempTestSuite1705922193915.run(TempTestSuite1705922193915.groovy:36)
)
[[ATTACHMENT|C:\\Users\\Fadli\\git\\KatalonDailyGetData2\\Reports\\20240122_174123\\TS1\\20240122_181633\\1705923114709.png]]

2024-01-22 18:31:54 - [TEST_STEP][PASSED] - else: null

2024-01-22 18:31:54 - [TEST_STEP][PASSED] - strBuyer3 = getText(findTestObject("Stockbit/Bandarmology_Buyer3")): Text of object 'Object Repository/Stockbit/Bandarmology_Buyer3' is: 'LS'

2024-01-22 18:31:54 - [MESSAGE][PASSED] - Text of object 'Object Repository/Stockbit/Bandarmology_Buyer3' is: 'LS'

2024-01-22 18:31:54 - [TEST_STEP][PASSED] - strBuyerVol3 = getText(findTestObject("Stockbit/Bandarmology_BuyerVol3")): Text of object 'Object Repository/Stockbit/Bandarmology_BuyerVol3' is: '250'

2024-01-22 18:31:55 - [MESSAGE][PASSED] - Text of object 'Object Repository/Stockbit/Bandarmology_BuyerVol3' is: '250'

2024-01-22 18:31:55 - [TEST_STEP][PASSED] - strBuyerAvg3 = getText(findTestObject("Stockbit/Bandarmology_BuyerAvg3")): Text of object 'Object Repository/Stockbit/Bandarmology_BuyerAvg3' is: '124'

2024-01-22 18:31:55 - [MESSAGE][PASSED] - Text of object 'Object Repository/Stockbit/Bandarmology_BuyerAvg3' is: '124'

2024-01-22 18:31:55 - [TEST_STEP][PASSED] - if (strBuyer3 != ""): null

2024-01-22 18:31:55 - [TEST_STEP][PASSED] - if (strBuyerAvg3.contains(",")): null

2024-01-22 18:31:55 - [TEST_STEP][PASSED] - if (strBuyerVol3.contains(" B")): null

2024-01-22 18:31:55 - [TEST_STEP][PASSED] - if (verifyElementNotPresent(findTestObject("Stockbit/Bandarmology_Seller3"), 1, OPTIONAL)): Web element with id: 'Object Repository/Stockbit/Bandarmology_Seller3' located by 'By.xpath: //*[contains(@id, 'rc-tabs-')]/div[2]/div/div/div/div/div/div[2]/table/tbody/tr[4]/td[5]/p' is present after '1' second(s) (Root cause: com.kms.katalon.core.exception.StepFailedException: Web element with id: 'Object Repository/Stockbit/Bandarmology_Seller3' located by 'By.xpath: //*[contains(@id, 'rc-tabs-')]/div[2]/div/div/div/div/div/div[2]/table/tbody/tr[4]/td[5]/p' is present after '1' second(s)
	at com.kms.katalon.core.webui.keyword.internal.WebUIKeywordMain.stepFailed(WebUIKeywordMain.groovy:64)
	at com.kms.katalon.core.webui.keyword.internal.WebUIKeywordMain$stepFailed$0.call(Unknown Source)
	at com.kms.katalon.core.webui.keyword.builtin.VerifyElementNotPresentKeyword$_verifyElementNotPresent_closure1.doCall(VerifyElementNotPresentKeyword.groovy:106)
	at com.kms.katalon.core.webui.keyword.builtin.VerifyElementNotPresentKeyword$_verifyElementNotPresent_closure1.doCall(VerifyElementNotPresentKeyword.groovy)
	at com.kms.katalon.core.webui.keyword.internal.WebUIKeywordMain.runKeyword(WebUIKeywordMain.groovy:20)
	at com.kms.katalon.core.webui.keyword.internal.WebUIKeywordMain$runKeyword.call(Unknown Source)
	at com.kms.katalon.core.webui.keyword.builtin.VerifyElementNotPresentKeyword.verifyElementNotPresent(VerifyElementNotPresentKeyword.groovy:117)
	at com.kms.katalon.core.webui.keyword.builtin.VerifyElementNotPresentKeyword.execute(VerifyElementNotPresentKeyword.groovy:68)
	at com.kms.katalon.core.keyword.internal.KeywordExecutor.executeKeywordForPlatform(KeywordExecutor.groovy:74)
	at com.kms.katalon.core.webui.keyword.WebUiBuiltInKeywords.verifyElementNotPresent(WebUiBuiltInKeywords.groovy:1481)
	at com.kms.katalon.core.webui.keyword.WebUiBuiltInKeywords$verifyElementNotPresent$8.call(Unknown Source)
	at GetBrokSumPriceDaily.run(GetBrokSumPriceDaily:414)
	at com.kms.katalon.core.main.ScriptEngine.run(ScriptEngine.java:194)
	at com.kms.katalon.core.main.ScriptEngine.runScriptAsRawText(ScriptEngine.java:119)
	at com.kms.katalon.core.main.TestCaseExecutor.runScript(TestCaseExecutor.java:445)
	at com.kms.katalon.core.main.TestCaseExecutor.doExecute(TestCaseExecutor.java:436)
	at com.kms.katalon.core.main.TestCaseExecutor.processExecutionPhase(TestCaseExecutor.java:415)
	at com.kms.katalon.core.main.TestCaseExecutor.accessMainPhase(TestCaseExecutor.java:407)
	at com.kms.katalon.core.main.TestCaseExecutor.execute(TestCaseExecutor.java:284)
	at com.kms.katalon.core.common.CommonExecutor.accessTestCaseMainPhase(CommonExecutor.java:65)
	at com.kms.katalon.core.main.TestSuiteExecutor.accessTestSuiteMainPhase(TestSuiteExecutor.java:144)
	at com.kms.katalon.core.main.TestSuiteExecutor.execute(TestSuiteExecutor.java:106)
	at com.kms.katalon.core.main.TestCaseMain.startTestSuite(TestCaseMain.java:185)
	at com.kms.katalon.core.main.TestCaseMain$startTestSuite$0.call(Unknown Source)
	at TempTestSuite1705922193915.run(TempTestSuite1705922193915.groovy:36)
)

2024-01-22 18:31:56 - [MESSAGE][WARNING] - Web element with id: 'Object Repository/Stockbit/Bandarmology_Seller3' located by 'By.xpath: //*[contains(@id, 'rc-tabs-')]/div[2]/div/div/div/div/div/div[2]/table/tbody/tr[4]/td[5]/p' is present after '1' second(s) (Root cause: com.kms.katalon.core.exception.StepFailedException: Web element with id: 'Object Repository/Stockbit/Bandarmology_Seller3' located by 'By.xpath: //*[contains(@id, 'rc-tabs-')]/div[2]/div/div/div/div/div/div[2]/table/tbody/tr[4]/td[5]/p' is present after '1' second(s)
	at com.kms.katalon.core.webui.keyword.internal.WebUIKeywordMain.stepFailed(WebUIKeywordMain.groovy:64)
	at com.kms.katalon.core.webui.keyword.internal.WebUIKeywordMain$stepFailed$0.call(Unknown Source)
	at com.kms.katalon.core.webui.keyword.builtin.VerifyElementNotPresentKeyword$_verifyElementNotPresent_closure1.doCall(VerifyElementNotPresentKeyword.groovy:106)
	at com.kms.katalon.core.webui.keyword.builtin.VerifyElementNotPresentKeyword$_verifyElementNotPresent_closure1.doCall(VerifyElementNotPresentKeyword.groovy)
	at com.kms.katalon.core.webui.keyword.internal.WebUIKeywordMain.runKeyword(WebUIKeywordMain.groovy:20)
	at com.kms.katalon.core.webui.keyword.internal.WebUIKeywordMain$runKeyword.call(Unknown Source)
	at com.kms.katalon.core.webui.keyword.builtin.VerifyElementNotPresentKeyword.verifyElementNotPresent(VerifyElementNotPresentKeyword.groovy:117)
	at com.kms.katalon.core.webui.keyword.builtin.VerifyElementNotPresentKeyword.execute(VerifyElementNotPresentKeyword.groovy:68)
	at com.kms.katalon.core.keyword.internal.KeywordExecutor.executeKeywordForPlatform(KeywordExecutor.groovy:74)
	at com.kms.katalon.core.webui.keyword.WebUiBuiltInKeywords.verifyElementNotPresent(WebUiBuiltInKeywords.groovy:1481)
	at com.kms.katalon.core.webui.keyword.WebUiBuiltInKeywords$verifyElementNotPresent$8.call(Unknown Source)
	at GetBrokSumPriceDaily.run(GetBrokSumPriceDaily:414)
	at com.kms.katalon.core.main.ScriptEngine.run(ScriptEngine.java:194)
	at com.kms.katalon.core.main.ScriptEngine.runScriptAsRawText(ScriptEngine.java:119)
	at com.kms.katalon.core.main.TestCaseExecutor.runScript(TestCaseExecutor.java:445)
	at com.kms.katalon.core.main.TestCaseExecutor.doExecute(TestCaseExecutor.java:436)
	at com.kms.katalon.core.main.TestCaseExecutor.processExecutionPhase(TestCaseExecutor.java:415)
	at com.kms.katalon.core.main.TestCaseExecutor.accessMainPhase(TestCaseExecutor.java:407)
	at com.kms.katalon.core.main.TestCaseExecutor.execute(TestCaseExecutor.java:284)
	at com.kms.katalon.core.common.CommonExecutor.accessTestCaseMainPhase(CommonExecutor.java:65)
	at com.kms.katalon.core.main.TestSuiteExecutor.accessTestSuiteMainPhase(TestSuiteExecutor.java:144)
	at com.kms.katalon.core.main.TestSuiteExecutor.execute(TestSuiteExecutor.java:106)
	at com.kms.katalon.core.main.TestCaseMain.startTestSuite(TestCaseMain.java:185)
	at com.kms.katalon.core.main.TestCaseMain$startTestSuite$0.call(Unknown Source)
	at TempTestSuite1705922193915.run(TempTestSuite1705922193915.groovy:36)
)
[[ATTACHMENT|C:\\Users\\Fadli\\git\\KatalonDailyGetData2\\Reports\\20240122_174123\\TS1\\20240122_181633\\1705923116385.png]]

2024-01-22 18:31:56 - [TEST_STEP][PASSED] - else: null

2024-01-22 18:31:56 - [TEST_STEP][PASSED] - strSeller3 = getText(findTestObject("Stockbit/Bandarmology_Seller3")): Text of object 'Object Repository/Stockbit/Bandarmology_Seller3' is: 'KK'

2024-01-22 18:31:56 - [MESSAGE][PASSED] - Text of object 'Object Repository/Stockbit/Bandarmology_Seller3' is: 'KK'

2024-01-22 18:31:56 - [TEST_STEP][PASSED] - strSellerVol3 = getText(findTestObject("Stockbit/Bandarmology_SellerVol3")): Text of object 'Object Repository/Stockbit/Bandarmology_SellerVol3' is: '344'

2024-01-22 18:31:56 - [MESSAGE][PASSED] - Text of object 'Object Repository/Stockbit/Bandarmology_SellerVol3' is: '344'

2024-01-22 18:31:56 - [TEST_STEP][PASSED] - strSellerAvg3 = getText(findTestObject("Stockbit/Bandarmology_SellerAvg3")): Text of object 'Object Repository/Stockbit/Bandarmology_SellerAvg3' is: '125'

2024-01-22 18:31:56 - [MESSAGE][PASSED] - Text of object 'Object Repository/Stockbit/Bandarmology_SellerAvg3' is: '125'

2024-01-22 18:31:57 - [TEST_STEP][PASSED] - if (strSeller3 != ""): null

2024-01-22 18:31:57 - [TEST_STEP][PASSED] - if (strSellerAvg3.contains(",")): null

2024-01-22 18:31:57 - [TEST_STEP][PASSED] - if (strSellerVol3.contains(" B")): null

2024-01-22 18:31:57 - [TEST_STEP][PASSED] - strAccDist = getText(findTestObject("Stockbit/Bandarmology_AccDist")): Text of object 'Object Repository/Stockbit/Bandarmology_AccDist' is: 'Acc'

2024-01-22 18:31:57 - [MESSAGE][PASSED] - Text of object 'Object Repository/Stockbit/Bandarmology_AccDist' is: 'Acc'

2024-01-22 18:31:57 - [TEST_STEP][PASSED] - strNetVol = getText(findTestObject("Stockbit/Bandarmology_NetVol")): Text of object 'Object Repository/Stockbit/Bandarmology_NetVol' is: '2,776'

2024-01-22 18:31:57 - [MESSAGE][PASSED] - Text of object 'Object Repository/Stockbit/Bandarmology_NetVol' is: '2,776'

2024-01-22 18:31:57 - [TEST_STEP][PASSED] - strNetVol = strNetVol.replace(",", ""): null

2024-01-22 18:31:57 - [TEST_STEP][PASSED] - strNetVal = getText(findTestObject("Stockbit/Bandarmology_NetVal")): Text of object 'Object Repository/Stockbit/Bandarmology_NetVal' is: '0 B'

2024-01-22 18:31:57 - [MESSAGE][PASSED] - Text of object 'Object Repository/Stockbit/Bandarmology_NetVal' is: '0 B'

2024-01-22 18:31:57 - [TEST_STEP][PASSED] - delay(3): Delayed 3 second(s)

2024-01-22 18:32:00 - [MESSAGE][PASSED] - Delayed 3 second(s)

2024-01-22 18:32:00 - [TEST_STEP][PASSED] - strOpenPrice = getText(findTestObject("Stockbit/Home_OpenPrice")): Text of object 'Object Repository/Stockbit/Home_OpenPrice' is: '124'

2024-01-22 18:32:00 - [MESSAGE][PASSED] - Text of object 'Object Repository/Stockbit/Home_OpenPrice' is: '124'

2024-01-22 18:32:00 - [TEST_STEP][PASSED] - strOpenPrice = strOpenPrice.replace(",", ""): null

2024-01-22 18:32:00 - [TEST_STEP][PASSED] - strLowPrice = getText(findTestObject("Stockbit/Home_LowPrice")): Text of object 'Object Repository/Stockbit/Home_LowPrice' is: '123'

2024-01-22 18:32:00 - [MESSAGE][PASSED] - Text of object 'Object Repository/Stockbit/Home_LowPrice' is: '123'

2024-01-22 18:32:00 - [TEST_STEP][PASSED] - strLowPrice = strLowPrice.replace(",", ""): null

2024-01-22 18:32:00 - [TEST_STEP][PASSED] - strHighPrice = getText(findTestObject("Stockbit/Home_HighPrice")): Text of object 'Object Repository/Stockbit/Home_HighPrice' is: '126'

2024-01-22 18:32:00 - [MESSAGE][PASSED] - Text of object 'Object Repository/Stockbit/Home_HighPrice' is: '126'

2024-01-22 18:32:00 - [TEST_STEP][PASSED] - strHighPrice = strHighPrice.replace(",", ""): null

2024-01-22 18:32:00 - [TEST_STEP][PASSED] - strClosePrice = getText(findTestObject("Stockbit/Home_ClosePrice")): Text of object 'Object Repository/Stockbit/Home_ClosePrice' is: '126'

2024-01-22 18:32:00 - [MESSAGE][PASSED] - Text of object 'Object Repository/Stockbit/Home_ClosePrice' is: '126'

2024-01-22 18:32:00 - [TEST_STEP][PASSED] - strClosePrice = strClosePrice.replace(",", ""): null

2024-01-22 18:32:00 - [TEST_STEP][PASSED] - strVol = getText(findTestObject("Stockbit/Home_Volume")): Text of object 'Object Repository/Stockbit/Home_Volume' is: '4 K'

2024-01-22 18:32:00 - [MESSAGE][PASSED] - Text of object 'Object Repository/Stockbit/Home_Volume' is: '4 K'

2024-01-22 18:32:00 - [TEST_STEP][PASSED] - if (strVol.contains(" K")): null

2024-01-22 18:32:00 - [TEST_STEP][PASSED] - strVol = strVol.replace(" K", "000"): null

2024-01-22 18:32:00 - [TEST_STEP][PASSED] - if (strVol.contains(",")): null

2024-01-22 18:32:00 - [TEST_STEP][PASSED] - strChange = getText(findTestObject("Stockbit/Home_Change")): Text of object 'Object Repository/Stockbit/Home_Change' is: '0.80%'

2024-01-22 18:32:01 - [MESSAGE][PASSED] - Text of object 'Object Repository/Stockbit/Home_Change' is: '0.80%'

2024-01-22 18:32:01 - [TEST_STEP][PASSED] - strChange = strChange.replace("%", ""): null

2024-01-22 18:32:01 - [TEST_STEP][PASSED] - strFreq = getText(findTestObject("Stockbit/Home_Freq")): Text of object 'Object Repository/Stockbit/Home_Freq' is: '56'

2024-01-22 18:32:01 - [MESSAGE][PASSED] - Text of object 'Object Repository/Stockbit/Home_Freq' is: '56'

2024-01-22 18:32:01 - [TEST_STEP][PASSED] - if (strFreq.contains(",")): null

2024-01-22 18:32:01 - [TEST_STEP][PASSED] - if (strFreq == "NA" || strFreq == ""): null

2024-01-22 18:32:01 - [TEST_STEP][PASSED] - else: null

2024-01-22 18:32:01 - [TEST_STEP][PASSED] - dblFreqAnal = strVol.toDouble() / strFreq.toDouble() * strFreq.toDouble() * strFreq.toDouble() * 100000000: null

2024-01-22 18:32:01 - [TEST_STEP][PASSED] - strFreqAnal = String.format("%.4f", dblFreqAnal): null

2024-01-22 18:32:01 - [TEST_STEP][PASSED] - out.println("Double strFreqAnal: " + strFreqAnal): null

2024-01-22 18:32:01 - [TEST_STEP][PASSED] - strTanggal = d.format(DateTimeFormatter.ofPattern("yyyy-MM-dd")): null

2024-01-22 18:32:01 - [TEST_STEP][PASSED] - strTanggal = "#" + strTanggal + "#": null

2024-01-22 18:32:01 - [TEST_STEP][PASSED] - strSQL = "select count(*) as JumBaris from TblBrokSum where Nama = '" + strNama + "' and Tanggal = " + strTanggal + "": null

2024-01-22 18:32:01 - [TEST_STEP][PASSED] - resultSet = statement.executeQuery(strSQL): null

2024-01-22 18:32:01 - [TEST_STEP][PASSED] - resultSet.next(): null

2024-01-22 18:32:01 - [TEST_STEP][PASSED] - intJumBaris = resultSet.getInt("JumBaris"): null

2024-01-22 18:32:01 - [TEST_STEP][PASSED] - if (intJumBaris > 0): null

2024-01-22 18:32:01 - [TEST_STEP][PASSED] - else: null

2024-01-22 18:32:01 - [TEST_STEP][PASSED] - try: null

2024-01-22 18:32:01 - [TEST_STEP][PASSED] - out.println("Insert data"): null

2024-01-22 18:32:01 - [TEST_STEP][PASSED] - strSQL = "insert into TblBrokSum (nama, tanggal, top1, top2, top3, AllBrokAvg, AccDist, AvgRP, " + "Buyer1, BuyerVal1, BuyerAvg1, Seller1, SellerVal1, SellerAvg1, Buyer2, BuyerVal2, BuyerAvg2, " + "Seller2, SellerVal2, SellerAvg2, Buyer3, BuyerVal3, BuyerAvg3, Seller3, SellerVal3, SellerAvg3, NetVol, NetVal, " + "OpenPrice, LowPrice, HighPrice, ClosePrice, Volume, Change, Frekuensi, FrekAnal) " + "values ('" + strNama + "', " + strTanggal + ", '" + strTop1 + "', '" + strTop3 + "', '" + strTop5 + "', " + "'" + strAllBrokAvg + "', '" + strAccDist + "', " + intAvgRP + ", '" + strBuyer1 + "', '" + strBuyerVol1 + "', " + strBuyerAvg1 + ", " + "'" + strSeller1 + "', '" + strSellerVol1 + "', " + strSellerAvg1 + ", '" + strBuyer2 + "', '" + strBuyerVol2 + "', " + strBuyerAvg2 + ", " + "'" + strSeller2 + "', '" + strSellerVol2 + "', " + strSellerAvg2 + ", '" + strBuyer3 + "', '" + strBuyerVol3 + "', " + strBuyerAvg3 + ", " + "'" + strSeller3 + "', '" + strSellerVol3 + "', " + strSellerAvg3 + ", " + strNetVol + ", '" + strNetVal + "', " + "" + strOpenPrice + ", " + strLowPrice + ", " + strHighPrice + ", " + strClosePrice + ", '" + strVol + "', " + strChange + ", " + strFreq + ", " + strFreqAnal + ");": null

2024-01-22 18:32:01 - [TEST_STEP][PASSED] - out.println("strSQL = " + strSQL): null

2024-01-22 18:32:01 - [TEST_STEP][PASSED] - statement.executeUpdate(strSQL): null

2024-01-22 18:32:01 - [TEST_STEP][PASSED] - setValueToCellByIndex(sheet01, rowIndex, 4, "DONE"): null

2024-01-22 18:32:01 - [TEST_STEP][PASSED] - saveWorkbook(excelFilePath, workbook01): null

2024-01-22 18:32:01 - [TEST_STEP][PASSED] - waitForElementClickable(findTestObject("Stockbit/menu_Bandarmology"), 10): Object 'Object Repository/Stockbit/menu_Bandarmology' is clickable

2024-01-22 18:32:01 - [MESSAGE][PASSED] - Object 'Object Repository/Stockbit/menu_Bandarmology' is clickable

2024-01-22 18:32:01 - [TEST_STEP][PASSED] - click(findTestObject("Stockbit/menu_Bandarmology")): Object: 'Object Repository/Stockbit/menu_Bandarmology' is clicked on

2024-01-22 18:32:01 - [MESSAGE][PASSED] - Object: 'Object Repository/Stockbit/menu_Bandarmology' is clicked on

2024-01-22 18:32:01 - [TEST_STEP][PASSED] - strTemp = "NA": null

2024-01-22 18:32:01 - [TEST_STEP][FAILED] - if (getCellValueByIndex(sheet01, rowIndex, 4) != "DONE"): Unable to click on object 'Object Repository/Stockbit/input__BandarmologyOpenStartDate' (Root cause: com.kms.katalon.core.exception.StepFailedException: Unable to click on object 'Object Repository/Stockbit/input__BandarmologyOpenStartDate'
	at com.kms.katalon.core.webui.keyword.internal.WebUIKeywordMain.stepFailed(WebUIKeywordMain.groovy:64)
	at com.kms.katalon.core.webui.keyword.internal.WebUIKeywordMain.runKeyword(WebUIKeywordMain.groovy:26)
	at com.kms.katalon.core.webui.keyword.builtin.ClickKeyword.click(ClickKeyword.groovy:74)
	at com.kms.katalon.core.webui.keyword.builtin.ClickKeyword.execute(ClickKeyword.groovy:40)
	at com.kms.katalon.core.keyword.internal.KeywordExecutor.executeKeywordForPlatform(KeywordExecutor.groovy:74)
	at com.kms.katalon.core.webui.keyword.WebUiBuiltInKeywords.click(WebUiBuiltInKeywords.groovy:620)
	at com.kms.katalon.core.webui.keyword.WebUiBuiltInKeywords$click$3.call(Unknown Source)
	at GetBrokSumPriceDaily.run(GetBrokSumPriceDaily:149)
	at com.kms.katalon.core.main.ScriptEngine.run(ScriptEngine.java:194)
	at com.kms.katalon.core.main.ScriptEngine.runScriptAsRawText(ScriptEngine.java:119)
	at com.kms.katalon.core.main.TestCaseExecutor.runScript(TestCaseExecutor.java:445)
	at com.kms.katalon.core.main.TestCaseExecutor.doExecute(TestCaseExecutor.java:436)
	at com.kms.katalon.core.main.TestCaseExecutor.processExecutionPhase(TestCaseExecutor.java:415)
	at com.kms.katalon.core.main.TestCaseExecutor.accessMainPhase(TestCaseExecutor.java:407)
	at com.kms.katalon.core.main.TestCaseExecutor.execute(TestCaseExecutor.java:284)
	at com.kms.katalon.core.common.CommonExecutor.accessTestCaseMainPhase(CommonExecutor.java:65)
	at com.kms.katalon.core.main.TestSuiteExecutor.accessTestSuiteMainPhase(TestSuiteExecutor.java:144)
	at com.kms.katalon.core.main.TestSuiteExecutor.execute(TestSuiteExecutor.java:106)
	at com.kms.katalon.core.main.TestCaseMain.startTestSuite(TestCaseMain.java:185)
	at com.kms.katalon.core.main.TestCaseMain$startTestSuite$0.call(Unknown Source)
	at TempTestSuite1705922193915.run(TempTestSuite1705922193915.groovy:36)
Caused by: com.kms.katalon.core.webui.exception.WebElementNotFoundException: Web element with id: 'Object Repository/Stockbit/input__BandarmologyOpenStartDate' located by '//*[contains(@id, 'rc-tabs-')]/div/div/div[2]/div/div[1]/div/input' not found
	at com.kms.katalon.core.webui.common.WebUiCommonHelper.findWebElement(WebUiCommonHelper.java:1370)
	at com.kms.katalon.core.webui.keyword.internal.WebUIAbstractKeyword.findWebElement(WebUIAbstractKeyword.groovy:27)
	at com.kms.katalon.core.webui.keyword.builtin.ClickKeyword$_click_closure1.doCall(ClickKeyword.groovy:65)
	at com.kms.katalon.core.webui.keyword.builtin.ClickKeyword$_click_closure1.call(ClickKeyword.groovy)
	at com.kms.katalon.core.webui.keyword.internal.WebUIKeywordMain.runKeyword(WebUIKeywordMain.groovy:20)
	at com.kms.katalon.core.webui.keyword.builtin.ClickKeyword.click(ClickKeyword.groovy:74)
	at com.kms.katalon.core.webui.keyword.builtin.ClickKeyword.execute(ClickKeyword.groovy:40)
	at com.kms.katalon.core.keyword.internal.KeywordExecutor.executeKeywordForPlatform(KeywordExecutor.groovy:74)
	at com.kms.katalon.core.webui.keyword.WebUiBuiltInKeywords.click(WebUiBuiltInKeywords.groovy:620)
	at com.kms.katalon.core.webui.keyword.WebUiBuiltInKeywords$click$3.call(Unknown Source)
	at Script1673024832871.run(Script1673024832871.groovy:149)
	... 13 more
)

2024-01-22 18:32:01 - [TEST_STEP][PASSED] - strNama = getCellValueByIndex(sheet01, rowIndex, 0): null

2024-01-22 18:32:01 - [TEST_STEP][PASSED] - navigateToUrl("https://stockbit.com/#/symbol/" + strNama): Navigate to 'https://stockbit.com/#/symbol/BUMI' successfully

2024-01-22 18:32:03 - [MESSAGE][PASSED] - Navigate to 'https://stockbit.com/#/symbol/BUMI' successfully

2024-01-22 18:32:03 - [TEST_STEP][PASSED] - waitForElementClickable(findTestObject("Stockbit/menu_Bandarmology"), 10): Object 'Object Repository/Stockbit/menu_Bandarmology' is clickable

2024-01-22 18:32:03 - [MESSAGE][PASSED] - Object 'Object Repository/Stockbit/menu_Bandarmology' is clickable

2024-01-22 18:32:03 - [TEST_STEP][PASSED] - click(findTestObject("Stockbit/menu_Bandarmology")): Object: 'Object Repository/Stockbit/menu_Bandarmology' is clicked on

2024-01-22 18:32:04 - [MESSAGE][PASSED] - Object: 'Object Repository/Stockbit/menu_Bandarmology' is clicked on

2024-01-22 18:32:04 - [TEST_STEP][PASSED] - strTanggal = d.format(DateTimeFormatter.ofPattern("MMM dd, yyyy")): null

2024-01-22 18:32:04 - [TEST_STEP][PASSED] - strTanggal = d.format(ISO_DATE): null

2024-01-22 18:32:04 - [TEST_STEP][PASSED] - out.println("strTanggal = " + strTanggal): null

2024-01-22 18:32:04 - [TEST_STEP][PASSED] - out.println("strNama = " + strNama): null

2024-01-22 18:32:04 - [TEST_STEP][PASSED] - out.println("Baris ke = " + rowIndex): null

2024-01-22 18:32:04 - [TEST_STEP][FAILED] - click(findTestObject("Stockbit/input__BandarmologyOpenStartDate")): Unable to click on object 'Object Repository/Stockbit/input__BandarmologyOpenStartDate' (Root cause: com.kms.katalon.core.exception.StepFailedException: Unable to click on object 'Object Repository/Stockbit/input__BandarmologyOpenStartDate'
	at com.kms.katalon.core.webui.keyword.internal.WebUIKeywordMain.stepFailed(WebUIKeywordMain.groovy:64)
	at com.kms.katalon.core.webui.keyword.internal.WebUIKeywordMain.runKeyword(WebUIKeywordMain.groovy:26)
	at com.kms.katalon.core.webui.keyword.builtin.ClickKeyword.click(ClickKeyword.groovy:74)
	at com.kms.katalon.core.webui.keyword.builtin.ClickKeyword.execute(ClickKeyword.groovy:40)
	at com.kms.katalon.core.keyword.internal.KeywordExecutor.executeKeywordForPlatform(KeywordExecutor.groovy:74)
	at com.kms.katalon.core.webui.keyword.WebUiBuiltInKeywords.click(WebUiBuiltInKeywords.groovy:620)
	at com.kms.katalon.core.webui.keyword.WebUiBuiltInKeywords$click$3.call(Unknown Source)
	at GetBrokSumPriceDaily.run(GetBrokSumPriceDaily:149)
	at com.kms.katalon.core.main.ScriptEngine.run(ScriptEngine.java:194)
	at com.kms.katalon.core.main.ScriptEngine.runScriptAsRawText(ScriptEngine.java:119)
	at com.kms.katalon.core.main.TestCaseExecutor.runScript(TestCaseExecutor.java:445)
	at com.kms.katalon.core.main.TestCaseExecutor.doExecute(TestCaseExecutor.java:436)
	at com.kms.katalon.core.main.TestCaseExecutor.processExecutionPhase(TestCaseExecutor.java:415)
	at com.kms.katalon.core.main.TestCaseExecutor.accessMainPhase(TestCaseExecutor.java:407)
	at com.kms.katalon.core.main.TestCaseExecutor.execute(TestCaseExecutor.java:284)
	at com.kms.katalon.core.common.CommonExecutor.accessTestCaseMainPhase(CommonExecutor.java:65)
	at com.kms.katalon.core.main.TestSuiteExecutor.accessTestSuiteMainPhase(TestSuiteExecutor.java:144)
	at com.kms.katalon.core.main.TestSuiteExecutor.execute(TestSuiteExecutor.java:106)
	at com.kms.katalon.core.main.TestCaseMain.startTestSuite(TestCaseMain.java:185)
	at com.kms.katalon.core.main.TestCaseMain$startTestSuite$0.call(Unknown Source)
	at TempTestSuite1705922193915.run(TempTestSuite1705922193915.groovy:36)
Caused by: com.kms.katalon.core.webui.exception.WebElementNotFoundException: Web element with id: 'Object Repository/Stockbit/input__BandarmologyOpenStartDate' located by '//*[contains(@id, 'rc-tabs-')]/div/div/div[2]/div/div[1]/div/input' not found
	at com.kms.katalon.core.webui.common.WebUiCommonHelper.findWebElement(WebUiCommonHelper.java:1370)
	at com.kms.katalon.core.webui.keyword.internal.WebUIAbstractKeyword.findWebElement(WebUIAbstractKeyword.groovy:27)
	at com.kms.katalon.core.webui.keyword.builtin.ClickKeyword$_click_closure1.doCall(ClickKeyword.groovy:65)
	at com.kms.katalon.core.webui.keyword.builtin.ClickKeyword$_click_closure1.call(ClickKeyword.groovy)
	at com.kms.katalon.core.webui.keyword.internal.WebUIKeywordMain.runKeyword(WebUIKeywordMain.groovy:20)
	at com.kms.katalon.core.webui.keyword.builtin.ClickKeyword.click(ClickKeyword.groovy:74)
	at com.kms.katalon.core.webui.keyword.builtin.ClickKeyword.execute(ClickKeyword.groovy:40)
	at com.kms.katalon.core.keyword.internal.KeywordExecutor.executeKeywordForPlatform(KeywordExecutor.groovy:74)
	at com.kms.katalon.core.webui.keyword.WebUiBuiltInKeywords.click(WebUiBuiltInKeywords.groovy:620)
	at com.kms.katalon.core.webui.keyword.WebUiBuiltInKeywords$click$3.call(Unknown Source)
	at Script1673024832871.run(Script1673024832871.groovy:149)
	... 13 more
)

2024-01-22 18:32:15 - [MESSAGE][INFO] - Unable to find the element located by 'By.xpath: //*[contains(@id, 'rc-tabs-')]/div/div/div[2]/div/div[1]/div/input'. Please recheck the objects properties to make sure the desired element is located. 

2024-01-22 18:32:15 - [MESSAGE][FAILED] - Unable to click on object 'Object Repository/Stockbit/input__BandarmologyOpenStartDate' (Root cause: com.kms.katalon.core.exception.StepFailedException: Unable to click on object 'Object Repository/Stockbit/input__BandarmologyOpenStartDate'
	at com.kms.katalon.core.webui.keyword.internal.WebUIKeywordMain.stepFailed(WebUIKeywordMain.groovy:64)
	at com.kms.katalon.core.webui.keyword.internal.WebUIKeywordMain.runKeyword(WebUIKeywordMain.groovy:26)
	at com.kms.katalon.core.webui.keyword.builtin.ClickKeyword.click(ClickKeyword.groovy:74)
	at com.kms.katalon.core.webui.keyword.builtin.ClickKeyword.execute(ClickKeyword.groovy:40)
	at com.kms.katalon.core.keyword.internal.KeywordExecutor.executeKeywordForPlatform(KeywordExecutor.groovy:74)
	at com.kms.katalon.core.webui.keyword.WebUiBuiltInKeywords.click(WebUiBuiltInKeywords.groovy:620)
	at com.kms.katalon.core.webui.keyword.WebUiBuiltInKeywords$click$3.call(Unknown Source)
	at GetBrokSumPriceDaily.run(GetBrokSumPriceDaily:149)
	at com.kms.katalon.core.main.ScriptEngine.run(ScriptEngine.java:194)
	at com.kms.katalon.core.main.ScriptEngine.runScriptAsRawText(ScriptEngine.java:119)
	at com.kms.katalon.core.main.TestCaseExecutor.runScript(TestCaseExecutor.java:445)
	at com.kms.katalon.core.main.TestCaseExecutor.doExecute(TestCaseExecutor.java:436)
	at com.kms.katalon.core.main.TestCaseExecutor.processExecutionPhase(TestCaseExecutor.java:415)
	at com.kms.katalon.core.main.TestCaseExecutor.accessMainPhase(TestCaseExecutor.java:407)
	at com.kms.katalon.core.main.TestCaseExecutor.execute(TestCaseExecutor.java:284)
	at com.kms.katalon.core.common.CommonExecutor.accessTestCaseMainPhase(CommonExecutor.java:65)
	at com.kms.katalon.core.main.TestSuiteExecutor.accessTestSuiteMainPhase(TestSuiteExecutor.java:144)
	at com.kms.katalon.core.main.TestSuiteExecutor.execute(TestSuiteExecutor.java:106)
	at com.kms.katalon.core.main.TestCaseMain.startTestSuite(TestCaseMain.java:185)
	at com.kms.katalon.core.main.TestCaseMain$startTestSuite$0.call(Unknown Source)
	at TempTestSuite1705922193915.run(TempTestSuite1705922193915.groovy:36)
Caused by: com.kms.katalon.core.webui.exception.WebElementNotFoundException: Web element with id: 'Object Repository/Stockbit/input__BandarmologyOpenStartDate' located by '//*[contains(@id, 'rc-tabs-')]/div/div/div[2]/div/div[1]/div/input' not found
	at com.kms.katalon.core.webui.common.WebUiCommonHelper.findWebElement(WebUiCommonHelper.java:1370)
	at com.kms.katalon.core.webui.keyword.internal.WebUIAbstractKeyword.findWebElement(WebUIAbstractKeyword.groovy:27)
	at com.kms.katalon.core.webui.keyword.builtin.ClickKeyword$_click_closure1.doCall(ClickKeyword.groovy:65)
	at com.kms.katalon.core.webui.keyword.builtin.ClickKeyword$_click_closure1.call(ClickKeyword.groovy)
	at com.kms.katalon.core.webui.keyword.internal.WebUIKeywordMain.runKeyword(WebUIKeywordMain.groovy:20)
	at com.kms.katalon.core.webui.keyword.builtin.ClickKeyword.click(ClickKeyword.groovy:74)
	at com.kms.katalon.core.webui.keyword.builtin.ClickKeyword.execute(ClickKeyword.groovy:40)
	at com.kms.katalon.core.keyword.internal.KeywordExecutor.executeKeywordForPlatform(KeywordExecutor.groovy:74)
	at com.kms.katalon.core.webui.keyword.WebUiBuiltInKeywords.click(WebUiBuiltInKeywords.groovy:620)
	at com.kms.katalon.core.webui.keyword.WebUiBuiltInKeywords$click$3.call(Unknown Source)
	at Script1673024832871.run(Script1673024832871.groovy:149)
	... 13 more
)
[[ATTACHMENT|C:\\Users\\Fadli\\git\\KatalonDailyGetData2\\Reports\\20240122_174123\\TS1\\20240122_181633\\1705923135151.png]]]]></system-out>
         <system-err><![CDATA[2024-01-22 18:16:38 - [TEST_CASE][FAILED] - Test Cases/Stockbit/GetBrokSumPriceDaily: Test Cases/Stockbit/GetBrokSumPriceDaily FAILED.
Reason:
com.kms.katalon.core.exception.StepFailedException: Unable to click on object 'Object Repository/Stockbit/input__BandarmologyOpenStartDate'
	at com.kms.katalon.core.webui.keyword.internal.WebUIKeywordMain.stepFailed(WebUIKeywordMain.groovy:64)
	at com.kms.katalon.core.webui.keyword.internal.WebUIKeywordMain.runKeyword(WebUIKeywordMain.groovy:26)
	at com.kms.katalon.core.webui.keyword.builtin.ClickKeyword.click(ClickKeyword.groovy:74)
	at com.kms.katalon.core.webui.keyword.builtin.ClickKeyword.execute(ClickKeyword.groovy:40)
	at com.kms.katalon.core.keyword.internal.KeywordExecutor.executeKeywordForPlatform(KeywordExecutor.groovy:74)
	at com.kms.katalon.core.webui.keyword.WebUiBuiltInKeywords.click(WebUiBuiltInKeywords.groovy:620)
	at com.kms.katalon.core.webui.keyword.WebUiBuiltInKeywords$click$3.call(Unknown Source)
	at GetBrokSumPriceDaily.run(GetBrokSumPriceDaily:149)
	at com.kms.katalon.core.main.ScriptEngine.run(ScriptEngine.java:194)
	at com.kms.katalon.core.main.ScriptEngine.runScriptAsRawText(ScriptEngine.java:119)
	at com.kms.katalon.core.main.TestCaseExecutor.runScript(TestCaseExecutor.java:445)
	at com.kms.katalon.core.main.TestCaseExecutor.doExecute(TestCaseExecutor.java:436)
	at com.kms.katalon.core.main.TestCaseExecutor.processExecutionPhase(TestCaseExecutor.java:415)
	at com.kms.katalon.core.main.TestCaseExecutor.accessMainPhase(TestCaseExecutor.java:407)
	at com.kms.katalon.core.main.TestCaseExecutor.execute(TestCaseExecutor.java:284)
	at com.kms.katalon.core.common.CommonExecutor.accessTestCaseMainPhase(CommonExecutor.java:65)
	at com.kms.katalon.core.main.TestSuiteExecutor.accessTestSuiteMainPhase(TestSuiteExecutor.java:144)
	at com.kms.katalon.core.main.TestSuiteExecutor.execute(TestSuiteExecutor.java:106)
	at com.kms.katalon.core.main.TestCaseMain.startTestSuite(TestCaseMain.java:185)
	at com.kms.katalon.core.main.TestCaseMain$startTestSuite$0.call(Unknown Source)
	at TempTestSuite1705922193915.run(TempTestSuite1705922193915.groovy:36)
Caused by: com.kms.katalon.core.webui.exception.WebElementNotFoundException: Web element with id: 'Object Repository/Stockbit/input__BandarmologyOpenStartDate' located by '//*[contains(@id, 'rc-tabs-')]/div/div/div[2]/div/div[1]/div/input' not found
	at com.kms.katalon.core.webui.common.WebUiCommonHelper.findWebElement(WebUiCommonHelper.java:1370)
	at com.kms.katalon.core.webui.keyword.internal.WebUIAbstractKeyword.findWebElement(WebUIAbstractKeyword.groovy:27)
	at com.kms.katalon.core.webui.keyword.builtin.ClickKeyword$_click_closure1.doCall(ClickKeyword.groovy:65)
	at com.kms.katalon.core.webui.keyword.builtin.ClickKeyword$_click_closure1.call(ClickKeyword.groovy)
	at com.kms.katalon.core.webui.keyword.internal.WebUIKeywordMain.runKeyword(WebUIKeywordMain.groovy:20)
	... 19 more]]></system-err>
      </testcase>
      <system-out><![CDATA[2024-01-22 18:16:38 - [TEST_SUITE][FAILED] - TS1: Test Cases/Stockbit/GetBrokSumPriceDaily FAILED.
Reason:
com.kms.katalon.core.exception.StepFailedException: Unable to click on object 'Object Repository/Stockbit/input__BandarmologyOpenStartDate'
	at com.kms.katalon.core.webui.keyword.internal.WebUIKeywordMain.stepFailed(WebUIKeywordMain.groovy:64)
	at com.kms.katalon.core.webui.keyword.internal.WebUIKeywordMain.runKeyword(WebUIKeywordMain.groovy:26)
	at com.kms.katalon.core.webui.keyword.builtin.ClickKeyword.click(ClickKeyword.groovy:74)
	at com.kms.katalon.core.webui.keyword.builtin.ClickKeyword.execute(ClickKeyword.groovy:40)
	at com.kms.katalon.core.keyword.internal.KeywordExecutor.executeKeywordForPlatform(KeywordExecutor.groovy:74)
	at com.kms.katalon.core.webui.keyword.WebUiBuiltInKeywords.click(WebUiBuiltInKeywords.groovy:620)
	at com.kms.katalon.core.webui.keyword.WebUiBuiltInKeywords$click$3.call(Unknown Source)
	at GetBrokSumPriceDaily.run(GetBrokSumPriceDaily:149)
	at com.kms.katalon.core.main.ScriptEngine.run(ScriptEngine.java:194)
	at com.kms.katalon.core.main.ScriptEngine.runScriptAsRawText(ScriptEngine.java:119)
	at com.kms.katalon.core.main.TestCaseExecutor.runScript(TestCaseExecutor.java:445)
	at com.kms.katalon.core.main.TestCaseExecutor.doExecute(TestCaseExecutor.java:436)
	at com.kms.katalon.core.main.TestCaseExecutor.processExecutionPhase(TestCaseExecutor.java:415)
	at com.kms.katalon.core.main.TestCaseExecutor.accessMainPhase(TestCaseExecutor.java:407)
	at com.kms.katalon.core.main.TestCaseExecutor.execute(TestCaseExecutor.java:284)
	at com.kms.katalon.core.common.CommonExecutor.accessTestCaseMainPhase(CommonExecutor.java:65)
	at com.kms.katalon.core.main.TestSuiteExecutor.accessTestSuiteMainPhase(TestSuiteExecutor.java:144)
	at com.kms.katalon.core.main.TestSuiteExecutor.execute(TestSuiteExecutor.java:106)
	at com.kms.katalon.core.main.TestCaseMain.startTestSuite(TestCaseMain.java:185)
	at com.kms.katalon.core.main.TestCaseMain$startTestSuite$0.call(Unknown Source)
	at TempTestSuite1705922193915.run(TempTestSuite1705922193915.groovy:36)
Caused by: com.kms.katalon.core.webui.exception.WebElementNotFoundException: Web element with id: 'Object Repository/Stockbit/input__BandarmologyOpenStartDate' located by '//*[contains(@id, 'rc-tabs-')]/div/div/div[2]/div/div[1]/div/input' not found
	at com.kms.katalon.core.webui.common.WebUiCommonHelper.findWebElement(WebUiCommonHelper.java:1370)
	at com.kms.katalon.core.webui.keyword.internal.WebUIAbstractKeyword.findWebElement(WebUIAbstractKeyword.groovy:27)
	at com.kms.katalon.core.webui.keyword.builtin.ClickKeyword$_click_closure1.doCall(ClickKeyword.groovy:65)
	at com.kms.katalon.core.webui.keyword.builtin.ClickKeyword$_click_closure1.call(ClickKeyword.groovy)
	at com.kms.katalon.core.webui.keyword.internal.WebUIKeywordMain.runKeyword(WebUIKeywordMain.groovy:20)
	... 19 more]]></system-out>
      <system-err><![CDATA[2024-01-22 18:16:38 - [TEST_SUITE][FAILED] - TS1: Test Cases/Stockbit/GetBrokSumPriceDaily FAILED.
Reason:
com.kms.katalon.core.exception.StepFailedException: Unable to click on object 'Object Repository/Stockbit/input__BandarmologyOpenStartDate'
	at com.kms.katalon.core.webui.keyword.internal.WebUIKeywordMain.stepFailed(WebUIKeywordMain.groovy:64)
	at com.kms.katalon.core.webui.keyword.internal.WebUIKeywordMain.runKeyword(WebUIKeywordMain.groovy:26)
	at com.kms.katalon.core.webui.keyword.builtin.ClickKeyword.click(ClickKeyword.groovy:74)
	at com.kms.katalon.core.webui.keyword.builtin.ClickKeyword.execute(ClickKeyword.groovy:40)
	at com.kms.katalon.core.keyword.internal.KeywordExecutor.executeKeywordForPlatform(KeywordExecutor.groovy:74)
	at com.kms.katalon.core.webui.keyword.WebUiBuiltInKeywords.click(WebUiBuiltInKeywords.groovy:620)
	at com.kms.katalon.core.webui.keyword.WebUiBuiltInKeywords$click$3.call(Unknown Source)
	at GetBrokSumPriceDaily.run(GetBrokSumPriceDaily:149)
	at com.kms.katalon.core.main.ScriptEngine.run(ScriptEngine.java:194)
	at com.kms.katalon.core.main.ScriptEngine.runScriptAsRawText(ScriptEngine.java:119)
	at com.kms.katalon.core.main.TestCaseExecutor.runScript(TestCaseExecutor.java:445)
	at com.kms.katalon.core.main.TestCaseExecutor.doExecute(TestCaseExecutor.java:436)
	at com.kms.katalon.core.main.TestCaseExecutor.processExecutionPhase(TestCaseExecutor.java:415)
	at com.kms.katalon.core.main.TestCaseExecutor.accessMainPhase(TestCaseExecutor.java:407)
	at com.kms.katalon.core.main.TestCaseExecutor.execute(TestCaseExecutor.java:284)
	at com.kms.katalon.core.common.CommonExecutor.accessTestCaseMainPhase(CommonExecutor.java:65)
	at com.kms.katalon.core.main.TestSuiteExecutor.accessTestSuiteMainPhase(TestSuiteExecutor.java:144)
	at com.kms.katalon.core.main.TestSuiteExecutor.execute(TestSuiteExecutor.java:106)
	at com.kms.katalon.core.main.TestCaseMain.startTestSuite(TestCaseMain.java:185)
	at com.kms.katalon.core.main.TestCaseMain$startTestSuite$0.call(Unknown Source)
	at TempTestSuite1705922193915.run(TempTestSuite1705922193915.groovy:36)
Caused by: com.kms.katalon.core.webui.exception.WebElementNotFoundException: Web element with id: 'Object Repository/Stockbit/input__BandarmologyOpenStartDate' located by '//*[contains(@id, 'rc-tabs-')]/div/div/div[2]/div/div[1]/div/input' not found
	at com.kms.katalon.core.webui.common.WebUiCommonHelper.findWebElement(WebUiCommonHelper.java:1370)
	at com.kms.katalon.core.webui.keyword.internal.WebUIAbstractKeyword.findWebElement(WebUIAbstractKeyword.groovy:27)
	at com.kms.katalon.core.webui.keyword.builtin.ClickKeyword$_click_closure1.doCall(ClickKeyword.groovy:65)
	at com.kms.katalon.core.webui.keyword.builtin.ClickKeyword$_click_closure1.call(ClickKeyword.groovy)
	at com.kms.katalon.core.webui.keyword.internal.WebUIKeywordMain.runKeyword(WebUIKeywordMain.groovy:20)
	... 19 more]]></system-err>
   </testsuite>
</testsuites>
