<?xml version="1.0" encoding="UTF-8"?>
<testsuites name="TS1" time="2098.833" tests="1" failures="1" errors="0">
   <testsuite name="TS1" tests="1" failures="1" errors="0" time="2098.833" skipped="0" timestamp="2024-01-22 17:41:28" hostname="Fadli - LAPTOP-UEQ5K85B.mshome.net" id="Test Suites/TS1">
      <properties>
         <property name="deviceName" value=""/>
         <property name="devicePlatform" value=""/>
         <property name="logFolder" value="C:\\Users\\Fadli\\git\\KatalonDailyGetData2\\Reports\\20240122_174123\\TS1\\20240122_174123"/>
         <property name="logFiles" value="C:\\Users\\Fadli\\git\\KatalonDailyGetData2\\Reports\\20240122_174123\\TS1\\20240122_174123\\execution0.log, C:\\Users\\Fadli\\git\\KatalonDailyGetData2\\Reports\\20240122_174123\\TS1\\20240122_174123\\execution1.log"/>
         <property name="attachments" value="C:\\Users\\Fadli\\git\\KatalonDailyGetData2\\Reports\\20240122_174123\\TS1\\20240122_174123\\1705920190564.png, C:\\Users\\Fadli\\git\\KatalonDailyGetData2\\Reports\\20240122_174123\\TS1\\20240122_174123\\1705920192446.png, C:\\Users\\Fadli\\git\\KatalonDailyGetData2\\Reports\\20240122_174123\\TS1\\20240122_174123\\1705920194273.png, C:\\Users\\Fadli\\git\\KatalonDailyGetData2\\Reports\\20240122_174123\\TS1\\20240122_174123\\1705920196124.png, C:\\Users\\Fadli\\git\\KatalonDailyGetData2\\Reports\\20240122_174123\\TS1\\20240122_174123\\1705920217386.png, C:\\Users\\Fadli\\git\\KatalonDailyGetData2\\Reports\\20240122_174123\\TS1\\20240122_174123\\1705920219435.png, C:\\Users\\Fadli\\git\\KatalonDailyGetData2\\Reports\\20240122_174123\\TS1\\20240122_174123\\1705920221248.png, C:\\Users\\Fadli\\git\\KatalonDailyGetData2\\Reports\\20240122_174123\\TS1\\20240122_174123\\1705920223837.png, C:\\Users\\Fadli\\git\\KatalonDailyGetData2\\Reports\\20240122_174123\\TS1\\20240122_174123\\1705920243677.png, C:\\Users\\Fadli\\git\\KatalonDailyGetData2\\Reports\\20240122_174123\\TS1\\20240122_174123\\1705920245428.png, C:\\Users\\Fadli\\git\\KatalonDailyGetData2\\Reports\\20240122_174123\\TS1\\20240122_174123\\1705920247181.png, C:\\Users\\Fadli\\git\\KatalonDailyGetData2\\Reports\\20240122_174123\\TS1\\20240122_174123\\1705920248881.png, C:\\Users\\Fadli\\git\\KatalonDailyGetData2\\Reports\\20240122_174123\\TS1\\20240122_174123\\1705920267118.png, C:\\Users\\Fadli\\git\\KatalonDailyGetData2\\Reports\\20240122_174123\\TS1\\20240122_174123\\1705920268857.png, C:\\Users\\Fadli\\git\\KatalonDailyGetData2\\Reports\\20240122_174123\\TS1\\20240122_174123\\1705920270579.png, C:\\Users\\Fadli\\git\\KatalonDailyGetData2\\Reports\\20240122_174123\\TS1\\20240122_174123\\1705920272269.png, C:\\Users\\Fadli\\git\\KatalonDailyGetData2\\Reports\\20240122_174123\\TS1\\20240122_174123\\1705920291091.png, C:\\Users\\Fadli\\git\\KatalonDailyGetData2\\Reports\\20240122_174123\\TS1\\20240122_174123\\1705920292820.png, C:\\Users\\Fadli\\git\\KatalonDailyGetData2\\Reports\\20240122_174123\\TS1\\20240122_174123\\1705920294557.png, C:\\Users\\Fadli\\git\\KatalonDailyGetData2\\Reports\\20240122_174123\\TS1\\20240122_174123\\1705920298007.png, C:\\Users\\Fadli\\git\\KatalonDailyGetData2\\Reports\\20240122_174123\\TS1\\20240122_174123\\1705920316385.png, C:\\Users\\Fadli\\git\\KatalonDailyGetData2\\Reports\\20240122_174123\\TS1\\20240122_174123\\1705920318098.png, C:\\Users\\Fadli\\git\\KatalonDailyGetData2\\Reports\\20240122_174123\\TS1\\20240122_174123\\1705920319865.png, C:\\Users\\Fadli\\git\\KatalonDailyGetData2\\Reports\\20240122_174123\\TS1\\20240122_174123\\1705920321584.png, C:\\Users\\Fadli\\git\\KatalonDailyGetData2\\Reports\\20240122_174123\\TS1\\20240122_174123\\1705920340572.png, C:\\Users\\Fadli\\git\\KatalonDailyGetData2\\Reports\\20240122_174123\\TS1\\20240122_174123\\1705920342264.png, C:\\Users\\Fadli\\git\\KatalonDailyGetData2\\Reports\\20240122_174123\\TS1\\20240122_174123\\1705920343959.png, C:\\Users\\Fadli\\git\\KatalonDailyGetData2\\Reports\\20240122_174123\\TS1\\20240122_174123\\1705920345712.png, C:\\Users\\Fadli\\git\\KatalonDailyGetData2\\Reports\\20240122_174123\\TS1\\20240122_174123\\1705920364319.png, C:\\Users\\Fadli\\git\\KatalonDailyGetData2\\Reports\\20240122_174123\\TS1\\20240122_174123\\1705920366088.png, C:\\Users\\Fadli\\git\\KatalonDailyGetData2\\Reports\\20240122_174123\\TS1\\20240122_174123\\1705920367807.png, C:\\Users\\Fadli\\git\\KatalonDailyGetData2\\Reports\\20240122_174123\\TS1\\20240122_174123\\1705920369538.png, C:\\Users\\Fadli\\git\\KatalonDailyGetData2\\Reports\\20240122_174123\\TS1\\20240122_174123\\1705920388636.png, C:\\Users\\Fadli\\git\\KatalonDailyGetData2\\Reports\\20240122_174123\\TS1\\20240122_174123\\1705920390372.png, C:\\Users\\Fadli\\git\\KatalonDailyGetData2\\Reports\\20240122_174123\\TS1\\20240122_174123\\1705920392098.png, C:\\Users\\Fadli\\git\\KatalonDailyGetData2\\Reports\\20240122_174123\\TS1\\20240122_174123\\1705920393818.png, C:\\Users\\Fadli\\git\\KatalonDailyGetData2\\Reports\\20240122_174123\\TS1\\20240122_174123\\1705920413758.png, C:\\Users\\Fadli\\git\\KatalonDailyGetData2\\Reports\\20240122_174123\\TS1\\20240122_174123\\1705920415805.png, C:\\Users\\Fadli\\git\\KatalonDailyGetData2\\Reports\\20240122_174123\\TS1\\20240122_174123\\1705920417696.png, C:\\Users\\Fadli\\git\\KatalonDailyGetData2\\Reports\\20240122_174123\\TS1\\20240122_174123\\1705920419575.png, C:\\Users\\Fadli\\git\\KatalonDailyGetData2\\Reports\\20240122_174123\\TS1\\20240122_174123\\1705920439966.png, C:\\Users\\Fadli\\git\\KatalonDailyGetData2\\Reports\\20240122_174123\\TS1\\20240122_174123\\1705920441980.png, C:\\Users\\Fadli\\git\\KatalonDailyGetData2\\Reports\\20240122_174123\\TS1\\20240122_174123\\1705920443861.png, C:\\Users\\Fadli\\git\\KatalonDailyGetData2\\Reports\\20240122_174123\\TS1\\20240122_174123\\1705920445721.png, C:\\Users\\Fadli\\git\\KatalonDailyGetData2\\Reports\\20240122_174123\\TS1\\20240122_174123\\1705920464663.png, C:\\Users\\Fadli\\git\\KatalonDailyGetData2\\Reports\\20240122_174123\\TS1\\20240122_174123\\1705920466386.png, C:\\Users\\Fadli\\git\\KatalonDailyGetData2\\Reports\\20240122_174123\\TS1\\20240122_174123\\1705920468130.png, C:\\Users\\Fadli\\git\\KatalonDailyGetData2\\Reports\\20240122_174123\\TS1\\20240122_174123\\1705920469880.png, C:\\Users\\Fadli\\git\\KatalonDailyGetData2\\Reports\\20240122_174123\\TS1\\20240122_174123\\1705920489833.png, C:\\Users\\Fadli\\git\\KatalonDailyGetData2\\Reports\\20240122_174123\\TS1\\20240122_174123\\1705920491751.png, C:\\Users\\Fadli\\git\\KatalonDailyGetData2\\Reports\\20240122_174123\\TS1\\20240122_174123\\1705920493685.png, C:\\Users\\Fadli\\git\\KatalonDailyGetData2\\Reports\\20240122_174123\\TS1\\20240122_174123\\1705920495580.png, C:\\Users\\Fadli\\git\\KatalonDailyGetData2\\Reports\\20240122_174123\\TS1\\20240122_174123\\1705920514213.png, C:\\Users\\Fadli\\git\\KatalonDailyGetData2\\Reports\\20240122_174123\\TS1\\20240122_174123\\1705920515915.png, C:\\Users\\Fadli\\git\\KatalonDailyGetData2\\Reports\\20240122_174123\\TS1\\20240122_174123\\1705920517695.png, C:\\Users\\Fadli\\git\\KatalonDailyGetData2\\Reports\\20240122_174123\\TS1\\20240122_174123\\1705920519374.png, C:\\Users\\Fadli\\git\\KatalonDailyGetData2\\Reports\\20240122_174123\\TS1\\20240122_174123\\1705920539470.png, C:\\Users\\Fadli\\git\\KatalonDailyGetData2\\Reports\\20240122_174123\\TS1\\20240122_174123\\1705920541391.png, C:\\Users\\Fadli\\git\\KatalonDailyGetData2\\Reports\\20240122_174123\\TS1\\20240122_174123\\1705920543343.png, C:\\Users\\Fadli\\git\\KatalonDailyGetData2\\Reports\\20240122_174123\\TS1\\20240122_174123\\1705920545290.png, C:\\Users\\Fadli\\git\\KatalonDailyGetData2\\Reports\\20240122_174123\\TS1\\20240122_174123\\1705920566354.png, C:\\Users\\Fadli\\git\\KatalonDailyGetData2\\Reports\\20240122_174123\\TS1\\20240122_174123\\1705920568284.png, C:\\Users\\Fadli\\git\\KatalonDailyGetData2\\Reports\\20240122_174123\\TS1\\20240122_174123\\1705920570191.png, C:\\Users\\Fadli\\git\\KatalonDailyGetData2\\Reports\\20240122_174123\\TS1\\20240122_174123\\1705920572068.png, C:\\Users\\Fadli\\git\\KatalonDailyGetData2\\Reports\\20240122_174123\\TS1\\20240122_174123\\1705920590637.png, C:\\Users\\Fadli\\git\\KatalonDailyGetData2\\Reports\\20240122_174123\\TS1\\20240122_174123\\1705920592322.png, C:\\Users\\Fadli\\git\\KatalonDailyGetData2\\Reports\\20240122_174123\\TS1\\20240122_174123\\1705920611220.png, C:\\Users\\Fadli\\git\\KatalonDailyGetData2\\Reports\\20240122_174123\\TS1\\20240122_174123\\1705920612892.png, C:\\Users\\Fadli\\git\\KatalonDailyGetData2\\Reports\\20240122_174123\\TS1\\20240122_174123\\1705920614578.png, C:\\Users\\Fadli\\git\\KatalonDailyGetData2\\Reports\\20240122_174123\\TS1\\20240122_174123\\1705920616314.png, C:\\Users\\Fadli\\git\\KatalonDailyGetData2\\Reports\\20240122_174123\\TS1\\20240122_174123\\1705920636164.png, C:\\Users\\Fadli\\git\\KatalonDailyGetData2\\Reports\\20240122_174123\\TS1\\20240122_174123\\1705920638148.png, C:\\Users\\Fadli\\git\\KatalonDailyGetData2\\Reports\\20240122_174123\\TS1\\20240122_174123\\1705920640111.png, C:\\Users\\Fadli\\git\\KatalonDailyGetData2\\Reports\\20240122_174123\\TS1\\20240122_174123\\1705920641933.png, C:\\Users\\Fadli\\git\\KatalonDailyGetData2\\Reports\\20240122_174123\\TS1\\20240122_174123\\1705920660772.png, C:\\Users\\Fadli\\git\\KatalonDailyGetData2\\Reports\\20240122_174123\\TS1\\20240122_174123\\1705920662513.png, C:\\Users\\Fadli\\git\\KatalonDailyGetData2\\Reports\\20240122_174123\\TS1\\20240122_174123\\1705920664202.png, C:\\Users\\Fadli\\git\\KatalonDailyGetData2\\Reports\\20240122_174123\\TS1\\20240122_174123\\1705920665907.png, C:\\Users\\Fadli\\git\\KatalonDailyGetData2\\Reports\\20240122_174123\\TS1\\20240122_174123\\1705920686396.png, C:\\Users\\Fadli\\git\\KatalonDailyGetData2\\Reports\\20240122_174123\\TS1\\20240122_174123\\1705920688296.png, C:\\Users\\Fadli\\git\\KatalonDailyGetData2\\Reports\\20240122_174123\\TS1\\20240122_174123\\1705920690194.png, C:\\Users\\Fadli\\git\\KatalonDailyGetData2\\Reports\\20240122_174123\\TS1\\20240122_174123\\1705920692095.png, C:\\Users\\Fadli\\git\\KatalonDailyGetData2\\Reports\\20240122_174123\\TS1\\20240122_174123\\1705920712613.png, C:\\Users\\Fadli\\git\\KatalonDailyGetData2\\Reports\\20240122_174123\\TS1\\20240122_174123\\1705920714505.png, C:\\Users\\Fadli\\git\\KatalonDailyGetData2\\Reports\\20240122_174123\\TS1\\20240122_174123\\1705920716421.png, C:\\Users\\Fadli\\git\\KatalonDailyGetData2\\Reports\\20240122_174123\\TS1\\20240122_174123\\1705920718338.png, C:\\Users\\Fadli\\git\\KatalonDailyGetData2\\Reports\\20240122_174123\\TS1\\20240122_174123\\1705920737011.png, C:\\Users\\Fadli\\git\\KatalonDailyGetData2\\Reports\\20240122_174123\\TS1\\20240122_174123\\1705920738723.png, C:\\Users\\Fadli\\git\\KatalonDailyGetData2\\Reports\\20240122_174123\\TS1\\20240122_174123\\1705920740482.png, C:\\Users\\Fadli\\git\\KatalonDailyGetData2\\Reports\\20240122_174123\\TS1\\20240122_174123\\1705920742209.png, C:\\Users\\Fadli\\git\\KatalonDailyGetData2\\Reports\\20240122_174123\\TS1\\20240122_174123\\1705920762093.png, C:\\Users\\Fadli\\git\\KatalonDailyGetData2\\Reports\\20240122_174123\\TS1\\20240122_174123\\1705920763985.png, C:\\Users\\Fadli\\git\\KatalonDailyGetData2\\Reports\\20240122_174123\\TS1\\20240122_174123\\1705920765928.png, C:\\Users\\Fadli\\git\\KatalonDailyGetData2\\Reports\\20240122_174123\\TS1\\20240122_174123\\1705920767836.png, C:\\Users\\Fadli\\git\\KatalonDailyGetData2\\Reports\\20240122_174123\\TS1\\20240122_174123\\1705920788366.png, C:\\Users\\Fadli\\git\\KatalonDailyGetData2\\Reports\\20240122_174123\\TS1\\20240122_174123\\1705920790265.png, C:\\Users\\Fadli\\git\\KatalonDailyGetData2\\Reports\\20240122_174123\\TS1\\20240122_174123\\1705920792166.png, C:\\Users\\Fadli\\git\\KatalonDailyGetData2\\Reports\\20240122_174123\\TS1\\20240122_174123\\1705920794037.png, C:\\Users\\Fadli\\git\\KatalonDailyGetData2\\Reports\\20240122_174123\\TS1\\20240122_174123\\1705920812750.png, C:\\Users\\Fadli\\git\\KatalonDailyGetData2\\Reports\\20240122_174123\\TS1\\20240122_174123\\1705920814463.png, C:\\Users\\Fadli\\git\\KatalonDailyGetData2\\Reports\\20240122_174123\\TS1\\20240122_174123\\1705920816183.png, C:\\Users\\Fadli\\git\\KatalonDailyGetData2\\Reports\\20240122_174123\\TS1\\20240122_174123\\1705920817890.png, C:\\Users\\Fadli\\git\\KatalonDailyGetData2\\Reports\\20240122_174123\\TS1\\20240122_174123\\1705920836057.png, C:\\Users\\Fadli\\git\\KatalonDailyGetData2\\Reports\\20240122_174123\\TS1\\20240122_174123\\1705920837780.png, C:\\Users\\Fadli\\git\\KatalonDailyGetData2\\Reports\\20240122_174123\\TS1\\20240122_174123\\1705920839473.png, C:\\Users\\Fadli\\git\\KatalonDailyGetData2\\Reports\\20240122_174123\\TS1\\20240122_174123\\1705920841186.png, C:\\Users\\Fadli\\git\\KatalonDailyGetData2\\Reports\\20240122_174123\\TS1\\20240122_174123\\1705920859448.png, C:\\Users\\Fadli\\git\\KatalonDailyGetData2\\Reports\\20240122_174123\\TS1\\20240122_174123\\1705920861167.png, C:\\Users\\Fadli\\git\\KatalonDailyGetData2\\Reports\\20240122_174123\\TS1\\20240122_174123\\1705920862878.png, C:\\Users\\Fadli\\git\\KatalonDailyGetData2\\Reports\\20240122_174123\\TS1\\20240122_174123\\1705920864594.png, C:\\Users\\Fadli\\git\\KatalonDailyGetData2\\Reports\\20240122_174123\\TS1\\20240122_174123\\1705920885407.png, C:\\Users\\Fadli\\git\\KatalonDailyGetData2\\Reports\\20240122_174123\\TS1\\20240122_174123\\1705920887343.png, C:\\Users\\Fadli\\git\\KatalonDailyGetData2\\Reports\\20240122_174123\\TS1\\20240122_174123\\1705920889259.png, C:\\Users\\Fadli\\git\\KatalonDailyGetData2\\Reports\\20240122_174123\\TS1\\20240122_174123\\1705920891173.png, C:\\Users\\Fadli\\git\\KatalonDailyGetData2\\Reports\\20240122_174123\\TS1\\20240122_174123\\1705920912117.png, C:\\Users\\Fadli\\git\\KatalonDailyGetData2\\Reports\\20240122_174123\\TS1\\20240122_174123\\1705920913982.png, C:\\Users\\Fadli\\git\\KatalonDailyGetData2\\Reports\\20240122_174123\\TS1\\20240122_174123\\1705920915839.png, C:\\Users\\Fadli\\git\\KatalonDailyGetData2\\Reports\\20240122_174123\\TS1\\20240122_174123\\1705920917783.png, C:\\Users\\Fadli\\git\\KatalonDailyGetData2\\Reports\\20240122_174123\\TS1\\20240122_174123\\1705920956030.png, C:\\Users\\Fadli\\git\\KatalonDailyGetData2\\Reports\\20240122_174123\\TS1\\20240122_174123\\1705920957947.png, C:\\Users\\Fadli\\git\\KatalonDailyGetData2\\Reports\\20240122_174123\\TS1\\20240122_174123\\1705920959881.png, C:\\Users\\Fadli\\git\\KatalonDailyGetData2\\Reports\\20240122_174123\\TS1\\20240122_174123\\1705920961807.png, C:\\Users\\Fadli\\git\\KatalonDailyGetData2\\Reports\\20240122_174123\\TS1\\20240122_174123\\1705920980372.png, C:\\Users\\Fadli\\git\\KatalonDailyGetData2\\Reports\\20240122_174123\\TS1\\20240122_174123\\1705920982056.png, C:\\Users\\Fadli\\git\\KatalonDailyGetData2\\Reports\\20240122_174123\\TS1\\20240122_174123\\1705921000924.png, C:\\Users\\Fadli\\git\\KatalonDailyGetData2\\Reports\\20240122_174123\\TS1\\20240122_174123\\1705921002700.png, C:\\Users\\Fadli\\git\\KatalonDailyGetData2\\Reports\\20240122_174123\\TS1\\20240122_174123\\1705921004366.png, C:\\Users\\Fadli\\git\\KatalonDailyGetData2\\Reports\\20240122_174123\\TS1\\20240122_174123\\1705921006093.png, C:\\Users\\Fadli\\git\\KatalonDailyGetData2\\Reports\\20240122_174123\\TS1\\20240122_174123\\1705921024249.png, C:\\Users\\Fadli\\git\\KatalonDailyGetData2\\Reports\\20240122_174123\\TS1\\20240122_174123\\1705921025965.png, C:\\Users\\Fadli\\git\\KatalonDailyGetData2\\Reports\\20240122_174123\\TS1\\20240122_174123\\1705921027671.png, C:\\Users\\Fadli\\git\\KatalonDailyGetData2\\Reports\\20240122_174123\\TS1\\20240122_174123\\1705921029362.png, C:\\Users\\Fadli\\git\\KatalonDailyGetData2\\Reports\\20240122_174123\\TS1\\20240122_174123\\1705921047748.png, C:\\Users\\Fadli\\git\\KatalonDailyGetData2\\Reports\\20240122_174123\\TS1\\20240122_174123\\1705921049465.png, C:\\Users\\Fadli\\git\\KatalonDailyGetData2\\Reports\\20240122_174123\\TS1\\20240122_174123\\1705921051257.png, C:\\Users\\Fadli\\git\\KatalonDailyGetData2\\Reports\\20240122_174123\\TS1\\20240122_174123\\1705921052986.png, C:\\Users\\Fadli\\git\\KatalonDailyGetData2\\Reports\\20240122_174123\\TS1\\20240122_174123\\1705921071978.png, C:\\Users\\Fadli\\git\\KatalonDailyGetData2\\Reports\\20240122_174123\\TS1\\20240122_174123\\1705921073664.png, C:\\Users\\Fadli\\git\\KatalonDailyGetData2\\Reports\\20240122_174123\\TS1\\20240122_174123\\1705921075379.png, C:\\Users\\Fadli\\git\\KatalonDailyGetData2\\Reports\\20240122_174123\\TS1\\20240122_174123\\1705921077053.png, C:\\Users\\Fadli\\git\\KatalonDailyGetData2\\Reports\\20240122_174123\\TS1\\20240122_174123\\1705921095131.png, C:\\Users\\Fadli\\git\\KatalonDailyGetData2\\Reports\\20240122_174123\\TS1\\20240122_174123\\1705921096869.png, C:\\Users\\Fadli\\git\\KatalonDailyGetData2\\Reports\\20240122_174123\\TS1\\20240122_174123\\1705921098674.png, C:\\Users\\Fadli\\git\\KatalonDailyGetData2\\Reports\\20240122_174123\\TS1\\20240122_174123\\1705921100367.png, C:\\Users\\Fadli\\git\\KatalonDailyGetData2\\Reports\\20240122_174123\\TS1\\20240122_174123\\1705921118943.png, C:\\Users\\Fadli\\git\\KatalonDailyGetData2\\Reports\\20240122_174123\\TS1\\20240122_174123\\1705921120632.png, C:\\Users\\Fadli\\git\\KatalonDailyGetData2\\Reports\\20240122_174123\\TS1\\20240122_174123\\1705921140218.png, C:\\Users\\Fadli\\git\\KatalonDailyGetData2\\Reports\\20240122_174123\\TS1\\20240122_174123\\1705921141938.png, C:\\Users\\Fadli\\git\\KatalonDailyGetData2\\Reports\\20240122_174123\\TS1\\20240122_174123\\1705921143686.png, C:\\Users\\Fadli\\git\\KatalonDailyGetData2\\Reports\\20240122_174123\\TS1\\20240122_174123\\1705921145522.png, C:\\Users\\Fadli\\git\\KatalonDailyGetData2\\Reports\\20240122_174123\\TS1\\20240122_174123\\1705921165681.png, C:\\Users\\Fadli\\git\\KatalonDailyGetData2\\Reports\\20240122_174123\\TS1\\20240122_174123\\1705921167578.png, C:\\Users\\Fadli\\git\\KatalonDailyGetData2\\Reports\\20240122_174123\\TS1\\20240122_174123\\1705921169517.png, C:\\Users\\Fadli\\git\\KatalonDailyGetData2\\Reports\\20240122_174123\\TS1\\20240122_174123\\1705921171444.png, C:\\Users\\Fadli\\git\\KatalonDailyGetData2\\Reports\\20240122_174123\\TS1\\20240122_174123\\1705921190330.png, C:\\Users\\Fadli\\git\\KatalonDailyGetData2\\Reports\\20240122_174123\\TS1\\20240122_174123\\1705921192031.png, C:\\Users\\Fadli\\git\\KatalonDailyGetData2\\Reports\\20240122_174123\\TS1\\20240122_174123\\1705921210819.png, C:\\Users\\Fadli\\git\\KatalonDailyGetData2\\Reports\\20240122_174123\\TS1\\20240122_174123\\1705921212542.png, C:\\Users\\Fadli\\git\\KatalonDailyGetData2\\Reports\\20240122_174123\\TS1\\20240122_174123\\1705921214255.png, C:\\Users\\Fadli\\git\\KatalonDailyGetData2\\Reports\\20240122_174123\\TS1\\20240122_174123\\1705921215981.png, C:\\Users\\Fadli\\git\\KatalonDailyGetData2\\Reports\\20240122_174123\\TS1\\20240122_174123\\1705921236616.png, C:\\Users\\Fadli\\git\\KatalonDailyGetData2\\Reports\\20240122_174123\\TS1\\20240122_174123\\1705921238595.png, C:\\Users\\Fadli\\git\\KatalonDailyGetData2\\Reports\\20240122_174123\\TS1\\20240122_174123\\1705921240509.png, C:\\Users\\Fadli\\git\\KatalonDailyGetData2\\Reports\\20240122_174123\\TS1\\20240122_174123\\1705921242451.png, C:\\Users\\Fadli\\git\\KatalonDailyGetData2\\Reports\\20240122_174123\\TS1\\20240122_174123\\1705921262904.png, C:\\Users\\Fadli\\git\\KatalonDailyGetData2\\Reports\\20240122_174123\\TS1\\20240122_174123\\1705921264693.png, C:\\Users\\Fadli\\git\\KatalonDailyGetData2\\Reports\\20240122_174123\\TS1\\20240122_174123\\1705921266387.png, C:\\Users\\Fadli\\git\\KatalonDailyGetData2\\Reports\\20240122_174123\\TS1\\20240122_174123\\1705921268081.png, C:\\Users\\Fadli\\git\\KatalonDailyGetData2\\Reports\\20240122_174123\\TS1\\20240122_174123\\1705921286628.png, C:\\Users\\Fadli\\git\\KatalonDailyGetData2\\Reports\\20240122_174123\\TS1\\20240122_174123\\1705921288315.png, C:\\Users\\Fadli\\git\\KatalonDailyGetData2\\Reports\\20240122_174123\\TS1\\20240122_174123\\1705921290105.png, C:\\Users\\Fadli\\git\\KatalonDailyGetData2\\Reports\\20240122_174123\\TS1\\20240122_174123\\1705921291803.png, C:\\Users\\Fadli\\git\\KatalonDailyGetData2\\Reports\\20240122_174123\\TS1\\20240122_174123\\1705921310498.png, C:\\Users\\Fadli\\git\\KatalonDailyGetData2\\Reports\\20240122_174123\\TS1\\20240122_174123\\1705921312235.png, C:\\Users\\Fadli\\git\\KatalonDailyGetData2\\Reports\\20240122_174123\\TS1\\20240122_174123\\1705921313978.png, C:\\Users\\Fadli\\git\\KatalonDailyGetData2\\Reports\\20240122_174123\\TS1\\20240122_174123\\1705921315756.png, C:\\Users\\Fadli\\git\\KatalonDailyGetData2\\Reports\\20240122_174123\\TS1\\20240122_174123\\1705921336676.png, C:\\Users\\Fadli\\git\\KatalonDailyGetData2\\Reports\\20240122_174123\\TS1\\20240122_174123\\1705921338614.png, C:\\Users\\Fadli\\git\\KatalonDailyGetData2\\Reports\\20240122_174123\\TS1\\20240122_174123\\1705921340562.png, C:\\Users\\Fadli\\git\\KatalonDailyGetData2\\Reports\\20240122_174123\\TS1\\20240122_174123\\1705921342489.png, C:\\Users\\Fadli\\git\\KatalonDailyGetData2\\Reports\\20240122_174123\\TS1\\20240122_174123\\1705921363251.png, C:\\Users\\Fadli\\git\\KatalonDailyGetData2\\Reports\\20240122_174123\\TS1\\20240122_174123\\1705921365150.png, C:\\Users\\Fadli\\git\\KatalonDailyGetData2\\Reports\\20240122_174123\\TS1\\20240122_174123\\1705921367055.png, C:\\Users\\Fadli\\git\\KatalonDailyGetData2\\Reports\\20240122_174123\\TS1\\20240122_174123\\1705921368979.png, C:\\Users\\Fadli\\git\\KatalonDailyGetData2\\Reports\\20240122_174123\\TS1\\20240122_174123\\1705921387856.png, C:\\Users\\Fadli\\git\\KatalonDailyGetData2\\Reports\\20240122_174123\\TS1\\20240122_174123\\1705921389545.png, C:\\Users\\Fadli\\git\\KatalonDailyGetData2\\Reports\\20240122_174123\\TS1\\20240122_174123\\1705921391253.png, C:\\Users\\Fadli\\git\\KatalonDailyGetData2\\Reports\\20240122_174123\\TS1\\20240122_174123\\1705921392968.png, C:\\Users\\Fadli\\git\\KatalonDailyGetData2\\Reports\\20240122_174123\\TS1\\20240122_174123\\1705921413255.png, C:\\Users\\Fadli\\git\\KatalonDailyGetData2\\Reports\\20240122_174123\\TS1\\20240122_174123\\1705921415188.png, C:\\Users\\Fadli\\git\\KatalonDailyGetData2\\Reports\\20240122_174123\\TS1\\20240122_174123\\1705921417097.png, C:\\Users\\Fadli\\git\\KatalonDailyGetData2\\Reports\\20240122_174123\\TS1\\20240122_174123\\1705921419109.png, C:\\Users\\Fadli\\git\\KatalonDailyGetData2\\Reports\\20240122_174123\\TS1\\20240122_174123\\1705921439518.png, C:\\Users\\Fadli\\git\\KatalonDailyGetData2\\Reports\\20240122_174123\\TS1\\20240122_174123\\1705921441440.png, C:\\Users\\Fadli\\git\\KatalonDailyGetData2\\Reports\\20240122_174123\\TS1\\20240122_174123\\1705921443344.png, C:\\Users\\Fadli\\git\\KatalonDailyGetData2\\Reports\\20240122_174123\\TS1\\20240122_174123\\1705921445229.png, C:\\Users\\Fadli\\git\\KatalonDailyGetData2\\Reports\\20240122_174123\\TS1\\20240122_174123\\1705921464020.png, C:\\Users\\Fadli\\git\\KatalonDailyGetData2\\Reports\\20240122_174123\\TS1\\20240122_174123\\1705921465741.png, C:\\Users\\Fadli\\git\\KatalonDailyGetData2\\Reports\\20240122_174123\\TS1\\20240122_174123\\1705921467833.png, C:\\Users\\Fadli\\git\\KatalonDailyGetData2\\Reports\\20240122_174123\\TS1\\20240122_174123\\1705921469541.png, C:\\Users\\Fadli\\git\\KatalonDailyGetData2\\Reports\\20240122_174123\\TS1\\20240122_174123\\1705921490894.png, C:\\Users\\Fadli\\git\\KatalonDailyGetData2\\Reports\\20240122_174123\\TS1\\20240122_174123\\1705921492830.png, C:\\Users\\Fadli\\git\\KatalonDailyGetData2\\Reports\\20240122_174123\\TS1\\20240122_174123\\1705921494810.png, C:\\Users\\Fadli\\git\\KatalonDailyGetData2\\Reports\\20240122_174123\\TS1\\20240122_174123\\1705921496764.png, C:\\Users\\Fadli\\git\\KatalonDailyGetData2\\Reports\\20240122_174123\\TS1\\20240122_174123\\1705921516932.png, C:\\Users\\Fadli\\git\\KatalonDailyGetData2\\Reports\\20240122_174123\\TS1\\20240122_174123\\1705921518767.png, C:\\Users\\Fadli\\git\\KatalonDailyGetData2\\Reports\\20240122_174123\\TS1\\20240122_174123\\1705921520627.png, C:\\Users\\Fadli\\git\\KatalonDailyGetData2\\Reports\\20240122_174123\\TS1\\20240122_174123\\1705921522529.png, C:\\Users\\Fadli\\git\\KatalonDailyGetData2\\Reports\\20240122_174123\\TS1\\20240122_174123\\1705921543238.png, C:\\Users\\Fadli\\git\\KatalonDailyGetData2\\Reports\\20240122_174123\\TS1\\20240122_174123\\1705921545116.png, C:\\Users\\Fadli\\git\\KatalonDailyGetData2\\Reports\\20240122_174123\\TS1\\20240122_174123\\1705921547046.png, C:\\Users\\Fadli\\git\\KatalonDailyGetData2\\Reports\\20240122_174123\\TS1\\20240122_174123\\1705921549152.png, C:\\Users\\Fadli\\git\\KatalonDailyGetData2\\Reports\\20240122_174123\\TS1\\20240122_174123\\1705921567743.png, C:\\Users\\Fadli\\git\\KatalonDailyGetData2\\Reports\\20240122_174123\\TS1\\20240122_174123\\1705921569440.png, C:\\Users\\Fadli\\git\\KatalonDailyGetData2\\Reports\\20240122_174123\\TS1\\20240122_174123\\1705921571134.png, C:\\Users\\Fadli\\git\\KatalonDailyGetData2\\Reports\\20240122_174123\\TS1\\20240122_174123\\1705921572814.png, C:\\Users\\Fadli\\git\\KatalonDailyGetData2\\Reports\\20240122_174123\\TS1\\20240122_174123\\1705921592544.png, C:\\Users\\Fadli\\git\\KatalonDailyGetData2\\Reports\\20240122_174123\\TS1\\20240122_174123\\1705921594409.png, C:\\Users\\Fadli\\git\\KatalonDailyGetData2\\Reports\\20240122_174123\\TS1\\20240122_174123\\1705921596350.png, C:\\Users\\Fadli\\git\\KatalonDailyGetData2\\Reports\\20240122_174123\\TS1\\20240122_174123\\1705921598268.png, C:\\Users\\Fadli\\git\\KatalonDailyGetData2\\Reports\\20240122_174123\\TS1\\20240122_174123\\1705921619485.png, C:\\Users\\Fadli\\git\\KatalonDailyGetData2\\Reports\\20240122_174123\\TS1\\20240122_174123\\1705921621229.png, C:\\Users\\Fadli\\git\\KatalonDailyGetData2\\Reports\\20240122_174123\\TS1\\20240122_174123\\1705921622925.png, C:\\Users\\Fadli\\git\\KatalonDailyGetData2\\Reports\\20240122_174123\\TS1\\20240122_174123\\1705921624668.png, C:\\Users\\Fadli\\git\\KatalonDailyGetData2\\Reports\\20240122_174123\\TS1\\20240122_174123\\1705921646448.png, C:\\Users\\Fadli\\git\\KatalonDailyGetData2\\Reports\\20240122_174123\\TS1\\20240122_174123\\1705921648406.png, C:\\Users\\Fadli\\git\\KatalonDailyGetData2\\Reports\\20240122_174123\\TS1\\20240122_174123\\1705921650373.png, C:\\Users\\Fadli\\git\\KatalonDailyGetData2\\Reports\\20240122_174123\\TS1\\20240122_174123\\1705921652400.png, C:\\Users\\Fadli\\git\\KatalonDailyGetData2\\Reports\\20240122_174123\\TS1\\20240122_174123\\1705921674040.png, C:\\Users\\Fadli\\git\\KatalonDailyGetData2\\Reports\\20240122_174123\\TS1\\20240122_174123\\1705921676033.png, C:\\Users\\Fadli\\git\\KatalonDailyGetData2\\Reports\\20240122_174123\\TS1\\20240122_174123\\1705921677969.png, C:\\Users\\Fadli\\git\\KatalonDailyGetData2\\Reports\\20240122_174123\\TS1\\20240122_174123\\1705921679902.png, C:\\Users\\Fadli\\git\\KatalonDailyGetData2\\Reports\\20240122_174123\\TS1\\20240122_174123\\1705921701662.png, C:\\Users\\Fadli\\git\\KatalonDailyGetData2\\Reports\\20240122_174123\\TS1\\20240122_174123\\1705921703522.png, C:\\Users\\Fadli\\git\\KatalonDailyGetData2\\Reports\\20240122_174123\\TS1\\20240122_174123\\1705921705397.png, C:\\Users\\Fadli\\git\\KatalonDailyGetData2\\Reports\\20240122_174123\\TS1\\20240122_174123\\1705921707294.png, C:\\Users\\Fadli\\git\\KatalonDailyGetData2\\Reports\\20240122_174123\\TS1\\20240122_174123\\1705921732435.png, C:\\Users\\Fadli\\git\\KatalonDailyGetData2\\Reports\\20240122_174123\\TS1\\20240122_174123\\1705921734387.png, C:\\Users\\Fadli\\git\\KatalonDailyGetData2\\Reports\\20240122_174123\\TS1\\20240122_174123\\1705921736345.png, C:\\Users\\Fadli\\git\\KatalonDailyGetData2\\Reports\\20240122_174123\\TS1\\20240122_174123\\1705921738281.png, C:\\Users\\Fadli\\git\\KatalonDailyGetData2\\Reports\\20240122_174123\\TS1\\20240122_174123\\1705921761357.png, C:\\Users\\Fadli\\git\\KatalonDailyGetData2\\Reports\\20240122_174123\\TS1\\20240122_174123\\1705921763292.png, C:\\Users\\Fadli\\git\\KatalonDailyGetData2\\Reports\\20240122_174123\\TS1\\20240122_174123\\1705921765249.png, C:\\Users\\Fadli\\git\\KatalonDailyGetData2\\Reports\\20240122_174123\\TS1\\20240122_174123\\1705921767189.png, C:\\Users\\Fadli\\git\\KatalonDailyGetData2\\Reports\\20240122_174123\\TS1\\20240122_174123\\1705921788040.png, C:\\Users\\Fadli\\git\\KatalonDailyGetData2\\Reports\\20240122_174123\\TS1\\20240122_174123\\1705921789950.png, C:\\Users\\Fadli\\git\\KatalonDailyGetData2\\Reports\\20240122_174123\\TS1\\20240122_174123\\1705921791872.png, C:\\Users\\Fadli\\git\\KatalonDailyGetData2\\Reports\\20240122_174123\\TS1\\20240122_174123\\1705921793781.png, C:\\Users\\Fadli\\git\\KatalonDailyGetData2\\Reports\\20240122_174123\\TS1\\20240122_174123\\1705921813977.png, C:\\Users\\Fadli\\git\\KatalonDailyGetData2\\Reports\\20240122_174123\\TS1\\20240122_174123\\1705921815681.png, C:\\Users\\Fadli\\git\\KatalonDailyGetData2\\Reports\\20240122_174123\\TS1\\20240122_174123\\1705921817431.png, C:\\Users\\Fadli\\git\\KatalonDailyGetData2\\Reports\\20240122_174123\\TS1\\20240122_174123\\1705921819150.png, C:\\Users\\Fadli\\git\\KatalonDailyGetData2\\Reports\\20240122_174123\\TS1\\20240122_174123\\1705921839256.png, C:\\Users\\Fadli\\git\\KatalonDailyGetData2\\Reports\\20240122_174123\\TS1\\20240122_174123\\1705921841158.png, C:\\Users\\Fadli\\git\\KatalonDailyGetData2\\Reports\\20240122_174123\\TS1\\20240122_174123\\1705921843115.png, C:\\Users\\Fadli\\git\\KatalonDailyGetData2\\Reports\\20240122_174123\\TS1\\20240122_174123\\1705921845168.png, C:\\Users\\Fadli\\git\\KatalonDailyGetData2\\Reports\\20240122_174123\\TS1\\20240122_174123\\1705921864542.png, C:\\Users\\Fadli\\git\\KatalonDailyGetData2\\Reports\\20240122_174123\\TS1\\20240122_174123\\1705921866255.png, C:\\Users\\Fadli\\git\\KatalonDailyGetData2\\Reports\\20240122_174123\\TS1\\20240122_174123\\1705921867964.png, C:\\Users\\Fadli\\git\\KatalonDailyGetData2\\Reports\\20240122_174123\\TS1\\20240122_174123\\1705921869657.png, C:\\Users\\Fadli\\git\\KatalonDailyGetData2\\Reports\\20240122_174123\\TS1\\20240122_174123\\1705921888976.png, C:\\Users\\Fadli\\git\\KatalonDailyGetData2\\Reports\\20240122_174123\\TS1\\20240122_174123\\1705921890788.png, C:\\Users\\Fadli\\git\\KatalonDailyGetData2\\Reports\\20240122_174123\\TS1\\20240122_174123\\1705921910273.png, C:\\Users\\Fadli\\git\\KatalonDailyGetData2\\Reports\\20240122_174123\\TS1\\20240122_174123\\1705921911988.png, C:\\Users\\Fadli\\git\\KatalonDailyGetData2\\Reports\\20240122_174123\\TS1\\20240122_174123\\1705921913752.png, C:\\Users\\Fadli\\git\\KatalonDailyGetData2\\Reports\\20240122_174123\\TS1\\20240122_174123\\1705921915533.png, C:\\Users\\Fadli\\git\\KatalonDailyGetData2\\Reports\\20240122_174123\\TS1\\20240122_174123\\1705921935927.png, C:\\Users\\Fadli\\git\\KatalonDailyGetData2\\Reports\\20240122_174123\\TS1\\20240122_174123\\1705921937898.png, C:\\Users\\Fadli\\git\\KatalonDailyGetData2\\Reports\\20240122_174123\\TS1\\20240122_174123\\1705921939927.png, C:\\Users\\Fadli\\git\\KatalonDailyGetData2\\Reports\\20240122_174123\\TS1\\20240122_174123\\1705921941953.png, C:\\Users\\Fadli\\git\\KatalonDailyGetData2\\Reports\\20240122_174123\\TS1\\20240122_174123\\1705921960935.png, C:\\Users\\Fadli\\git\\KatalonDailyGetData2\\Reports\\20240122_174123\\TS1\\20240122_174123\\1705921962649.png, C:\\Users\\Fadli\\git\\KatalonDailyGetData2\\Reports\\20240122_174123\\TS1\\20240122_174123\\1705921964370.png, C:\\Users\\Fadli\\git\\KatalonDailyGetData2\\Reports\\20240122_174123\\TS1\\20240122_174123\\1705921966058.png, C:\\Users\\Fadli\\git\\KatalonDailyGetData2\\Reports\\20240122_174123\\TS1\\20240122_174123\\1705921984896.png, C:\\Users\\Fadli\\git\\KatalonDailyGetData2\\Reports\\20240122_174123\\TS1\\20240122_174123\\1705921986642.png, C:\\Users\\Fadli\\git\\KatalonDailyGetData2\\Reports\\20240122_174123\\TS1\\20240122_174123\\1705921988351.png, C:\\Users\\Fadli\\git\\KatalonDailyGetData2\\Reports\\20240122_174123\\TS1\\20240122_174123\\1705921990069.png, C:\\Users\\Fadli\\git\\KatalonDailyGetData2\\Reports\\20240122_174123\\TS1\\20240122_174123\\1705922008788.png, C:\\Users\\Fadli\\git\\KatalonDailyGetData2\\Reports\\20240122_174123\\TS1\\20240122_174123\\1705922010540.png, C:\\Users\\Fadli\\git\\KatalonDailyGetData2\\Reports\\20240122_174123\\TS1\\20240122_174123\\1705922012237.png, C:\\Users\\Fadli\\git\\KatalonDailyGetData2\\Reports\\20240122_174123\\TS1\\20240122_174123\\1705922013967.png, C:\\Users\\Fadli\\git\\KatalonDailyGetData2\\Reports\\20240122_174123\\TS1\\20240122_174123\\1705922033648.png, C:\\Users\\Fadli\\git\\KatalonDailyGetData2\\Reports\\20240122_174123\\TS1\\20240122_174123\\1705922035524.png, C:\\Users\\Fadli\\git\\KatalonDailyGetData2\\Reports\\20240122_174123\\TS1\\20240122_174123\\1705922037587.png, C:\\Users\\Fadli\\git\\KatalonDailyGetData2\\Reports\\20240122_174123\\TS1\\20240122_174123\\1705922039468.png, C:\\Users\\Fadli\\git\\KatalonDailyGetData2\\Reports\\20240122_174123\\TS1\\20240122_174123\\1705922060119.png, C:\\Users\\Fadli\\git\\KatalonDailyGetData2\\Reports\\20240122_174123\\TS1\\20240122_174123\\1705922062063.png, C:\\Users\\Fadli\\git\\KatalonDailyGetData2\\Reports\\20240122_174123\\TS1\\20240122_174123\\1705922063952.png, C:\\Users\\Fadli\\git\\KatalonDailyGetData2\\Reports\\20240122_174123\\TS1\\20240122_174123\\1705922065901.png, C:\\Users\\Fadli\\git\\KatalonDailyGetData2\\Reports\\20240122_174123\\TS1\\20240122_174123\\1705922087073.png, C:\\Users\\Fadli\\git\\KatalonDailyGetData2\\Reports\\20240122_174123\\TS1\\20240122_174123\\1705922088980.png, C:\\Users\\Fadli\\git\\KatalonDailyGetData2\\Reports\\20240122_174123\\TS1\\20240122_174123\\1705922090925.png, C:\\Users\\Fadli\\git\\KatalonDailyGetData2\\Reports\\20240122_174123\\TS1\\20240122_174123\\1705922092837.png, C:\\Users\\Fadli\\git\\KatalonDailyGetData2\\Reports\\20240122_174123\\TS1\\20240122_174123\\1705922113360.png, C:\\Users\\Fadli\\git\\KatalonDailyGetData2\\Reports\\20240122_174123\\TS1\\20240122_174123\\1705922115108.png, C:\\Users\\Fadli\\git\\KatalonDailyGetData2\\Reports\\20240122_174123\\TS1\\20240122_174123\\1705922116815.png, C:\\Users\\Fadli\\git\\KatalonDailyGetData2\\Reports\\20240122_174123\\TS1\\20240122_174123\\1705922118564.png, C:\\Users\\Fadli\\git\\KatalonDailyGetData2\\Reports\\20240122_174123\\TS1\\20240122_174123\\1705922138969.png, C:\\Users\\Fadli\\git\\KatalonDailyGetData2\\Reports\\20240122_174123\\TS1\\20240122_174123\\1705922140940.png, C:\\Users\\Fadli\\git\\KatalonDailyGetData2\\Reports\\20240122_174123\\TS1\\20240122_174123\\1705922142905.png, C:\\Users\\Fadli\\git\\KatalonDailyGetData2\\Reports\\20240122_174123\\TS1\\20240122_174123\\1705922144843.png, C:\\Users\\Fadli\\git\\KatalonDailyGetData2\\Reports\\20240122_174123\\TS1\\20240122_174123\\1705922166117.png, C:\\Users\\Fadli\\git\\KatalonDailyGetData2\\Reports\\20240122_174123\\TS1\\20240122_174123\\1705922167818.png, C:\\Users\\Fadli\\git\\KatalonDailyGetData2\\Reports\\20240122_174123\\TS1\\20240122_174123\\1705922169562.png, C:\\Users\\Fadli\\git\\KatalonDailyGetData2\\Reports\\20240122_174123\\TS1\\20240122_174123\\1705922171278.png, C:\\Users\\Fadli\\git\\KatalonDailyGetData2\\Reports\\20240122_174123\\TS1\\20240122_174123\\1705922186935.png"/>
         <property name="hostName" value="Fadli - LAPTOP-UEQ5K85B.mshome.net"/>
         <property name="os" value="Windows 10 64bit"/>
         <property name="katalonVersion" value="8.3.5.208"/>
         <property name="browser" value="Chrome 120.0.0.0"/>
         <property name="hostAddress" value="192.168.137.1"/>
         <property name="sessionId" value="e22d283a7b1ae84b3efa8b8d3f77d806"/>
         <property name="seleniumVersion" value="3.141.59"/>
         <property name="proxyInformation" value="ProxyInformation { proxyOption=NO_PROXY, proxyServerType=HTTP, username=supporting\anabatic.fadli, password=********, proxyServerAddress=10.254.38.4, proxyServerPort=8080, executionList=&quot;&quot;, isApplyToDesiredCapabilities=false }"/>
         <property name="platform" value="Windows 10"/>
      </properties>
      <testcase name="Test Cases/Stockbit/GetBrokSumPriceDaily" time="2098.443" classname="Test Cases/Stockbit/GetBrokSumPriceDaily" status="FAILED">
         <failure type="FAILED" message="Test Cases/Stockbit/GetBrokSumPriceDaily FAILED.
Reason:
com.kms.katalon.core.exception.StepFailedException: Unable to get text of object 'Object Repository/Stockbit/Home_Freq'
	at com.kms.katalon.core.webui.keyword.internal.WebUIKeywordMain.stepFailed(WebUIKeywordMain.groovy:64)
	at com.kms.katalon.core.webui.keyword.internal.WebUIKeywordMain.runKeyword(WebUIKeywordMain.groovy:26)
	at com.kms.katalon.core.webui.keyword.builtin.GetTextKeyword.getText(GetTextKeyword.groovy:88)
	at com.kms.katalon.core.webui.keyword.builtin.GetTextKeyword.execute(GetTextKeyword.groovy:67)
	at com.kms.katalon.core.keyword.internal.KeywordExecutor.executeKeywordForPlatform(KeywordExecutor.groovy:74)
	at com.kms.katalon.core.webui.keyword.WebUiBuiltInKeywords.getText(WebUiBuiltInKeywords.groovy:918)
	at com.kms.katalon.core.webui.keyword.WebUiBuiltInKeywords$getText$7.call(Unknown Source)
	at GetBrokSumPriceDaily.run(GetBrokSumPriceDaily:510)
	at com.kms.katalon.core.main.ScriptEngine.run(ScriptEngine.java:194)
	at com.kms.katalon.core.main.ScriptEngine.runScriptAsRawText(ScriptEngine.java:119)
	at com.kms.katalon.core.main.TestCaseExecutor.runScript(TestCaseExecutor.java:445)
	at com.kms.katalon.core.main.TestCaseExecutor.doExecute(TestCaseExecutor.java:436)
	at com.kms.katalon.core.main.TestCaseExecutor.processExecutionPhase(TestCaseExecutor.java:415)
	at com.kms.katalon.core.main.TestCaseExecutor.accessMainPhase(TestCaseExecutor.java:407)
	at com.kms.katalon.core.main.TestCaseExecutor.execute(TestCaseExecutor.java:284)
	at com.kms.katalon.core.common.CommonExecutor.accessTestCaseMainPhase(CommonExecutor.java:65)
	at com.kms.katalon.core.main.TestSuiteExecutor.accessTestSuiteMainPhase(TestSuiteExecutor.java:144)
	at com.kms.katalon.core.main.TestSuiteExecutor.execute(TestSuiteExecutor.java:106)
	at com.kms.katalon.core.main.TestCaseMain.startTestSuite(TestCaseMain.java:185)
	at com.kms.katalon.core.main.TestCaseMain$startTestSuite$0.call(Unknown Source)
	at TempTestSuite1705920083951.run(TempTestSuite1705920083951.groovy:36)
Caused by: com.kms.katalon.core.webui.exception.WebElementNotFoundException: Web element with id: 'Object Repository/Stockbit/Home_Freq' located by '//main[@id='main-container']/div[4]/div[2]/div/table/tbody/tr[4]/td[2]' not found
	at com.kms.katalon.core.webui.common.WebUiCommonHelper.findWebElement(WebUiCommonHelper.java:1370)
	at com.kms.katalon.core.webui.keyword.internal.WebUIAbstractKeyword.findWebElement(WebUIAbstractKeyword.groovy:27)
	at com.kms.katalon.core.webui.keyword.internal.WebUIAbstractKeyword.findWebElement(WebUIAbstractKeyword.groovy:26)
	at com.kms.katalon.core.webui.keyword.builtin.GetTextKeyword$_getText_closure1.doCall(GetTextKeyword.groovy:78)
	at com.kms.katalon.core.webui.keyword.builtin.GetTextKeyword$_getText_closure1.call(GetTextKeyword.groovy)
	at com.kms.katalon.core.webui.keyword.internal.WebUIKeywordMain.runKeyword(WebUIKeywordMain.groovy:20)
	... 19 more
"/>
         <system-out><![CDATA[2024-01-22 17:41:28 - [TEST_CASE][FAILED] - Test Cases/Stockbit/GetBrokSumPriceDaily: Test Cases/Stockbit/GetBrokSumPriceDaily FAILED.
Reason:
com.kms.katalon.core.exception.StepFailedException: Unable to get text of object 'Object Repository/Stockbit/Home_Freq'
	at com.kms.katalon.core.webui.keyword.internal.WebUIKeywordMain.stepFailed(WebUIKeywordMain.groovy:64)
	at com.kms.katalon.core.webui.keyword.internal.WebUIKeywordMain.runKeyword(WebUIKeywordMain.groovy:26)
	at com.kms.katalon.core.webui.keyword.builtin.GetTextKeyword.getText(GetTextKeyword.groovy:88)
	at com.kms.katalon.core.webui.keyword.builtin.GetTextKeyword.execute(GetTextKeyword.groovy:67)
	at com.kms.katalon.core.keyword.internal.KeywordExecutor.executeKeywordForPlatform(KeywordExecutor.groovy:74)
	at com.kms.katalon.core.webui.keyword.WebUiBuiltInKeywords.getText(WebUiBuiltInKeywords.groovy:918)
	at com.kms.katalon.core.webui.keyword.WebUiBuiltInKeywords$getText$7.call(Unknown Source)
	at GetBrokSumPriceDaily.run(GetBrokSumPriceDaily:510)
	at com.kms.katalon.core.main.ScriptEngine.run(ScriptEngine.java:194)
	at com.kms.katalon.core.main.ScriptEngine.runScriptAsRawText(ScriptEngine.java:119)
	at com.kms.katalon.core.main.TestCaseExecutor.runScript(TestCaseExecutor.java:445)
	at com.kms.katalon.core.main.TestCaseExecutor.doExecute(TestCaseExecutor.java:436)
	at com.kms.katalon.core.main.TestCaseExecutor.processExecutionPhase(TestCaseExecutor.java:415)
	at com.kms.katalon.core.main.TestCaseExecutor.accessMainPhase(TestCaseExecutor.java:407)
	at com.kms.katalon.core.main.TestCaseExecutor.execute(TestCaseExecutor.java:284)
	at com.kms.katalon.core.common.CommonExecutor.accessTestCaseMainPhase(CommonExecutor.java:65)
	at com.kms.katalon.core.main.TestSuiteExecutor.accessTestSuiteMainPhase(TestSuiteExecutor.java:144)
	at com.kms.katalon.core.main.TestSuiteExecutor.execute(TestSuiteExecutor.java:106)
	at com.kms.katalon.core.main.TestCaseMain.startTestSuite(TestCaseMain.java:185)
	at com.kms.katalon.core.main.TestCaseMain$startTestSuite$0.call(Unknown Source)
	at TempTestSuite1705920083951.run(TempTestSuite1705920083951.groovy:36)
Caused by: com.kms.katalon.core.webui.exception.WebElementNotFoundException: Web element with id: 'Object Repository/Stockbit/Home_Freq' located by '//main[@id='main-container']/div[4]/div[2]/div/table/tbody/tr[4]/td[2]' not found
	at com.kms.katalon.core.webui.common.WebUiCommonHelper.findWebElement(WebUiCommonHelper.java:1370)
	at com.kms.katalon.core.webui.keyword.internal.WebUIAbstractKeyword.findWebElement(WebUIAbstractKeyword.groovy:27)
	at com.kms.katalon.core.webui.keyword.internal.WebUIAbstractKeyword.findWebElement(WebUIAbstractKeyword.groovy:26)
	at com.kms.katalon.core.webui.keyword.builtin.GetTextKeyword$_getText_closure1.doCall(GetTextKeyword.groovy:78)
	at com.kms.katalon.core.webui.keyword.builtin.GetTextKeyword$_getText_closure1.call(GetTextKeyword.groovy)
	at com.kms.katalon.core.webui.keyword.internal.WebUIKeywordMain.runKeyword(WebUIKeywordMain.groovy:20)
	... 19 more


2024-01-22 17:41:29 - [TEST_STEP][PASSED] - strTop1 = <not implemented yet for class: org.codehaus.groovy.ast.expr.EmptyExpression>: null

2024-01-22 17:41:29 - [TEST_STEP][PASSED] - strTop2 = <not implemented yet for class: org.codehaus.groovy.ast.expr.EmptyExpression>: null

2024-01-22 17:41:29 - [TEST_STEP][PASSED] - strTop3 = <not implemented yet for class: org.codehaus.groovy.ast.expr.EmptyExpression>: null

2024-01-22 17:41:29 - [TEST_STEP][PASSED] - strAllBrokAvg = <not implemented yet for class: org.codehaus.groovy.ast.expr.EmptyExpression>: null

2024-01-22 17:41:29 - [TEST_STEP][PASSED] - strAccDist = <not implemented yet for class: org.codehaus.groovy.ast.expr.EmptyExpression>: null

2024-01-22 17:41:29 - [TEST_STEP][PASSED] - strNetVal = <not implemented yet for class: org.codehaus.groovy.ast.expr.EmptyExpression>: null

2024-01-22 17:41:29 - [TEST_STEP][PASSED] - strNetVol = <not implemented yet for class: org.codehaus.groovy.ast.expr.EmptyExpression>: null

2024-01-22 17:41:29 - [TEST_STEP][PASSED] - strTanggal = <not implemented yet for class: org.codehaus.groovy.ast.expr.EmptyExpression>: null

2024-01-22 17:41:29 - [TEST_STEP][PASSED] - strBuyer1 = <not implemented yet for class: org.codehaus.groovy.ast.expr.EmptyExpression>: null

2024-01-22 17:41:29 - [TEST_STEP][PASSED] - strBuyerVol1 = <not implemented yet for class: org.codehaus.groovy.ast.expr.EmptyExpression>: null

2024-01-22 17:41:29 - [TEST_STEP][PASSED] - strBuyerAvg1 = <not implemented yet for class: org.codehaus.groovy.ast.expr.EmptyExpression>: null

2024-01-22 17:41:29 - [TEST_STEP][PASSED] - strSeller1 = <not implemented yet for class: org.codehaus.groovy.ast.expr.EmptyExpression>: null

2024-01-22 17:41:29 - [TEST_STEP][PASSED] - strSellerVol1 = <not implemented yet for class: org.codehaus.groovy.ast.expr.EmptyExpression>: null

2024-01-22 17:41:29 - [TEST_STEP][PASSED] - strSellerAvg1 = <not implemented yet for class: org.codehaus.groovy.ast.expr.EmptyExpression>: null

2024-01-22 17:41:29 - [TEST_STEP][PASSED] - strBuyer2 = <not implemented yet for class: org.codehaus.groovy.ast.expr.EmptyExpression>: null

2024-01-22 17:41:29 - [TEST_STEP][PASSED] - strBuyerVol2 = <not implemented yet for class: org.codehaus.groovy.ast.expr.EmptyExpression>: null

2024-01-22 17:41:29 - [TEST_STEP][PASSED] - strBuyerAvg2 = <not implemented yet for class: org.codehaus.groovy.ast.expr.EmptyExpression>: null

2024-01-22 17:41:29 - [TEST_STEP][PASSED] - strSeller2 = <not implemented yet for class: org.codehaus.groovy.ast.expr.EmptyExpression>: null

2024-01-22 17:41:29 - [TEST_STEP][PASSED] - strSellerVol2 = <not implemented yet for class: org.codehaus.groovy.ast.expr.EmptyExpression>: null

2024-01-22 17:41:29 - [TEST_STEP][PASSED] - strSellerAvg2 = <not implemented yet for class: org.codehaus.groovy.ast.expr.EmptyExpression>: null

2024-01-22 17:41:29 - [TEST_STEP][PASSED] - strBuyer3 = <not implemented yet for class: org.codehaus.groovy.ast.expr.EmptyExpression>: null

2024-01-22 17:41:29 - [TEST_STEP][PASSED] - strBuyerVol3 = <not implemented yet for class: org.codehaus.groovy.ast.expr.EmptyExpression>: null

2024-01-22 17:41:29 - [TEST_STEP][PASSED] - strBuyerAvg3 = <not implemented yet for class: org.codehaus.groovy.ast.expr.EmptyExpression>: null

2024-01-22 17:41:29 - [TEST_STEP][PASSED] - strSeller3 = <not implemented yet for class: org.codehaus.groovy.ast.expr.EmptyExpression>: null

2024-01-22 17:41:29 - [TEST_STEP][PASSED] - strSellerVol3 = <not implemented yet for class: org.codehaus.groovy.ast.expr.EmptyExpression>: null

2024-01-22 17:41:30 - [TEST_STEP][PASSED] - strSellerAvg3 = <not implemented yet for class: org.codehaus.groovy.ast.expr.EmptyExpression>: null

2024-01-22 17:41:30 - [TEST_STEP][PASSED] - strOpenPrice = <not implemented yet for class: org.codehaus.groovy.ast.expr.EmptyExpression>: null

2024-01-22 17:41:30 - [TEST_STEP][PASSED] - strLowPrice = <not implemented yet for class: org.codehaus.groovy.ast.expr.EmptyExpression>: null

2024-01-22 17:41:30 - [TEST_STEP][PASSED] - strHighPrice = <not implemented yet for class: org.codehaus.groovy.ast.expr.EmptyExpression>: null

2024-01-22 17:41:30 - [TEST_STEP][PASSED] - strClosePrice = <not implemented yet for class: org.codehaus.groovy.ast.expr.EmptyExpression>: null

2024-01-22 17:41:30 - [TEST_STEP][PASSED] - strVol = <not implemented yet for class: org.codehaus.groovy.ast.expr.EmptyExpression>: null

2024-01-22 17:41:30 - [TEST_STEP][PASSED] - strChange = <not implemented yet for class: org.codehaus.groovy.ast.expr.EmptyExpression>: null

2024-01-22 17:41:30 - [TEST_STEP][PASSED] - strFreq = <not implemented yet for class: org.codehaus.groovy.ast.expr.EmptyExpression>: null

2024-01-22 17:41:30 - [TEST_STEP][PASSED] - strFreqAnal = <not implemented yet for class: org.codehaus.groovy.ast.expr.EmptyExpression>: null

2024-01-22 17:41:30 - [TEST_STEP][PASSED] - intAvgRP = <not implemented yet for class: org.codehaus.groovy.ast.expr.EmptyExpression>: null

2024-01-22 17:41:30 - [TEST_STEP][PASSED] - strTemp = <not implemented yet for class: org.codehaus.groovy.ast.expr.EmptyExpression>: null

2024-01-22 17:41:30 - [TEST_STEP][PASSED] - dblFreqAnal = <not implemented yet for class: org.codehaus.groovy.ast.expr.EmptyExpression>: null

2024-01-22 17:41:30 - [TEST_STEP][PASSED] - ldt = LocalDate.now(): null

2024-01-22 17:41:30 - [TEST_STEP][PASSED] - strNama = <not implemented yet for class: org.codehaus.groovy.ast.expr.EmptyExpression>: null

2024-01-22 17:41:30 - [TEST_STEP][PASSED] - strStartDate2 = ldt.toString(): null

2024-01-22 17:41:30 - [TEST_STEP][PASSED] - strEndDate2 = ldt.toString(): null

2024-01-22 17:41:30 - [TEST_STEP][PASSED] - partSplit = <not implemented yet for class: org.codehaus.groovy.ast.expr.EmptyExpression>: null

2024-01-22 17:41:30 - [TEST_STEP][PASSED] - strHari = <not implemented yet for class: org.codehaus.groovy.ast.expr.EmptyExpression>: null

2024-01-22 17:41:30 - [TEST_STEP][PASSED] - strBulan = <not implemented yet for class: org.codehaus.groovy.ast.expr.EmptyExpression>: null

2024-01-22 17:41:30 - [TEST_STEP][PASSED] - strTahun = <not implemented yet for class: org.codehaus.groovy.ast.expr.EmptyExpression>: null

2024-01-22 17:41:30 - [TEST_STEP][PASSED] - builder = new java.lang.StringBuilder(): null

2024-01-22 17:41:30 - [TEST_STEP][PASSED] - startDate = LocalDate.parse(strStartDate2): null

2024-01-22 17:41:30 - [TEST_STEP][PASSED] - endDate = LocalDate.parse(strEndDate2): null

2024-01-22 17:41:30 - [TEST_STEP][PASSED] - d = startDate: null

2024-01-22 17:41:30 - [TEST_STEP][PASSED] - openBrowser("https://stockbit.com/login"): Browser is opened with url: 'https://stockbit.com/login'

2024-01-22 17:41:30 - [MESSAGE][INFO] - Starting 'Chrome' driver

2024-01-22 17:41:30 - [MESSAGE][INFO] - User set preference: ['acceptInsecureCerts', 'false']

2024-01-22 17:41:30 - [MESSAGE][INFO] - Action delay is set to 200 milliseconds

2024-01-22 17:41:33 - [MESSAGE][WARNING] - FFmpeg was not installed! Browser Recording will be disabled. Please follow this document to install FFmpeg first: https://docs.katalon.com/katalon-studio/docs/screenshots-videos.html#browser-based-recorder

2024-01-22 17:41:35 - [MESSAGE][PASSED] - Browser is opened with url: 'https://stockbit.com/login'

2024-01-22 17:41:35 - [TEST_STEP][PASSED] - maximizeWindow(): Current window maximized

2024-01-22 17:41:35 - [MESSAGE][PASSED] - Current window maximized

2024-01-22 17:41:35 - [TEST_STEP][PASSED] - setText(findTestObject("Stockbit/input_UserID"), "fadli_romi@yahoo.com"): Text 'fadli_romi@yahoo.com' is set on object 'Object Repository/Stockbit/input_UserID'

2024-01-22 17:41:36 - [MESSAGE][PASSED] - Text 'fadli_romi@yahoo.com' is set on object 'Object Repository/Stockbit/input_UserID'

2024-01-22 17:41:36 - [TEST_STEP][PASSED] - setEncryptedText(findTestObject("Stockbit/input_Password"), "qzE6rR3iJu4="): Text ****** has been set on object 'Object Repository/Stockbit/input_Password'

2024-01-22 17:41:36 - [MESSAGE][PASSED] - Text ****** has been set on object 'Object Repository/Stockbit/input_Password'

2024-01-22 17:41:36 - [TEST_STEP][PASSED] - click(findTestObject("Stockbit/button_Login")): Object: 'Object Repository/Stockbit/button_Login' is clicked on

2024-01-22 17:41:37 - [MESSAGE][PASSED] - Object: 'Object Repository/Stockbit/button_Login' is clicked on

2024-01-22 17:41:37 - [TEST_STEP][PASSED] - delay(3): Delayed 3 second(s)

2024-01-22 17:41:40 - [MESSAGE][PASSED] - Delayed 3 second(s)

2024-01-22 17:41:40 - [TEST_STEP][PASSED] - navigateToUrl("https://stockbit.com/screener"): Navigate to 'https://stockbit.com/screener' successfully

2024-01-22 17:41:44 - [MESSAGE][PASSED] - Navigate to 'https://stockbit.com/screener' successfully

2024-01-22 17:41:44 - [TEST_STEP][PASSED] - connection = null: null

2024-01-22 17:41:44 - [TEST_STEP][PASSED] - statement = null: null

2024-01-22 17:41:44 - [TEST_STEP][PASSED] - resultSet = null: null

2024-01-22 17:41:44 - [TEST_STEP][PASSED] - Class.forName("net.ucanaccess.jdbc.UcanaccessDriver"): null

2024-01-22 17:41:44 - [TEST_STEP][PASSED] - msAccDB = "C:\Fadli\Database1.accdb": null

2024-01-22 17:41:44 - [TEST_STEP][PASSED] - dbURL = "jdbc:ucanaccess://" + msAccDB: null

2024-01-22 17:41:44 - [TEST_STEP][PASSED] - strSQL = <not implemented yet for class: org.codehaus.groovy.ast.expr.EmptyExpression>: null

2024-01-22 17:41:44 - [TEST_STEP][PASSED] - connection = DriverManager.getConnection(dbURL): null

2024-01-22 17:42:43 - [TEST_STEP][PASSED] - statement = connection.createStatement(): null

2024-01-22 17:42:43 - [TEST_STEP][PASSED] - try: null

2024-01-22 17:42:43 - [TEST_STEP][PASSED] - Class.forName("net.ucanaccess.jdbc.UcanaccessDriver"): null

2024-01-22 17:42:43 - [TEST_STEP][PASSED] - excelFilePath = "C:\Fadli\GetPrice.xlsx": null

2024-01-22 17:42:43 - [TEST_STEP][PASSED] - sheetName = "Sheet1": null

2024-01-22 17:42:43 - [TEST_STEP][PASSED] - workbook01 = getWorkbook(excelFilePath): null

2024-01-22 17:42:44 - [TEST_STEP][PASSED] - sheet01 = getExcelSheet(workbook01, sheetName): null

2024-01-22 17:42:44 - [TEST_STEP][PASSED] - numTot = numTot = getCellValueByIndex(sheet01, 0, 0): null

2024-01-22 17:42:44 - [TEST_STEP][FAILED] - while (d.isBefore(endDate) || d.equals(endDate)): Unable to get text of object 'Object Repository/Stockbit/Home_Freq' (Root cause: com.kms.katalon.core.exception.StepFailedException: Unable to get text of object 'Object Repository/Stockbit/Home_Freq'
	at com.kms.katalon.core.webui.keyword.internal.WebUIKeywordMain.stepFailed(WebUIKeywordMain.groovy:64)
	at com.kms.katalon.core.webui.keyword.internal.WebUIKeywordMain.runKeyword(WebUIKeywordMain.groovy:26)
	at com.kms.katalon.core.webui.keyword.builtin.GetTextKeyword.getText(GetTextKeyword.groovy:88)
	at com.kms.katalon.core.webui.keyword.builtin.GetTextKeyword.execute(GetTextKeyword.groovy:67)
	at com.kms.katalon.core.keyword.internal.KeywordExecutor.executeKeywordForPlatform(KeywordExecutor.groovy:74)
	at com.kms.katalon.core.webui.keyword.WebUiBuiltInKeywords.getText(WebUiBuiltInKeywords.groovy:918)
	at com.kms.katalon.core.webui.keyword.WebUiBuiltInKeywords$getText$7.call(Unknown Source)
	at GetBrokSumPriceDaily.run(GetBrokSumPriceDaily:510)
	at com.kms.katalon.core.main.ScriptEngine.run(ScriptEngine.java:194)
	at com.kms.katalon.core.main.ScriptEngine.runScriptAsRawText(ScriptEngine.java:119)
	at com.kms.katalon.core.main.TestCaseExecutor.runScript(TestCaseExecutor.java:445)
	at com.kms.katalon.core.main.TestCaseExecutor.doExecute(TestCaseExecutor.java:436)
	at com.kms.katalon.core.main.TestCaseExecutor.processExecutionPhase(TestCaseExecutor.java:415)
	at com.kms.katalon.core.main.TestCaseExecutor.accessMainPhase(TestCaseExecutor.java:407)
	at com.kms.katalon.core.main.TestCaseExecutor.execute(TestCaseExecutor.java:284)
	at com.kms.katalon.core.common.CommonExecutor.accessTestCaseMainPhase(CommonExecutor.java:65)
	at com.kms.katalon.core.main.TestSuiteExecutor.accessTestSuiteMainPhase(TestSuiteExecutor.java:144)
	at com.kms.katalon.core.main.TestSuiteExecutor.execute(TestSuiteExecutor.java:106)
	at com.kms.katalon.core.main.TestCaseMain.startTestSuite(TestCaseMain.java:185)
	at com.kms.katalon.core.main.TestCaseMain$startTestSuite$0.call(Unknown Source)
	at TempTestSuite1705920083951.run(TempTestSuite1705920083951.groovy:36)
Caused by: com.kms.katalon.core.webui.exception.WebElementNotFoundException: Web element with id: 'Object Repository/Stockbit/Home_Freq' located by '//main[@id='main-container']/div[4]/div[2]/div/table/tbody/tr[4]/td[2]' not found
	at com.kms.katalon.core.webui.common.WebUiCommonHelper.findWebElement(WebUiCommonHelper.java:1370)
	at com.kms.katalon.core.webui.keyword.internal.WebUIAbstractKeyword.findWebElement(WebUIAbstractKeyword.groovy:27)
	at com.kms.katalon.core.webui.keyword.internal.WebUIAbstractKeyword.findWebElement(WebUIAbstractKeyword.groovy:26)
	at com.kms.katalon.core.webui.keyword.builtin.GetTextKeyword$_getText_closure1.doCall(GetTextKeyword.groovy:78)
	at com.kms.katalon.core.webui.keyword.builtin.GetTextKeyword$_getText_closure1.call(GetTextKeyword.groovy)
	at com.kms.katalon.core.webui.keyword.internal.WebUIKeywordMain.runKeyword(WebUIKeywordMain.groovy:20)
	at com.kms.katalon.core.webui.keyword.builtin.GetTextKeyword.getText(GetTextKeyword.groovy:88)
	at com.kms.katalon.core.webui.keyword.builtin.GetTextKeyword.execute(GetTextKeyword.groovy:67)
	at com.kms.katalon.core.keyword.internal.KeywordExecutor.executeKeywordForPlatform(KeywordExecutor.groovy:74)
	at com.kms.katalon.core.webui.keyword.WebUiBuiltInKeywords.getText(WebUiBuiltInKeywords.groovy:918)
	at com.kms.katalon.core.webui.keyword.WebUiBuiltInKeywords$getText$7.call(Unknown Source)
	at Script1673024832871.run(Script1673024832871.groovy:510)
	... 13 more
)

2024-01-22 17:42:44 - [TEST_STEP][FAILED] - for ([rowIndex = 1, rowIndex < numTot + 1, (rowIndex++)]): Unable to get text of object 'Object Repository/Stockbit/Home_Freq' (Root cause: com.kms.katalon.core.exception.StepFailedException: Unable to get text of object 'Object Repository/Stockbit/Home_Freq'
	at com.kms.katalon.core.webui.keyword.internal.WebUIKeywordMain.stepFailed(WebUIKeywordMain.groovy:64)
	at com.kms.katalon.core.webui.keyword.internal.WebUIKeywordMain.runKeyword(WebUIKeywordMain.groovy:26)
	at com.kms.katalon.core.webui.keyword.builtin.GetTextKeyword.getText(GetTextKeyword.groovy:88)
	at com.kms.katalon.core.webui.keyword.builtin.GetTextKeyword.execute(GetTextKeyword.groovy:67)
	at com.kms.katalon.core.keyword.internal.KeywordExecutor.executeKeywordForPlatform(KeywordExecutor.groovy:74)
	at com.kms.katalon.core.webui.keyword.WebUiBuiltInKeywords.getText(WebUiBuiltInKeywords.groovy:918)
	at com.kms.katalon.core.webui.keyword.WebUiBuiltInKeywords$getText$7.call(Unknown Source)
	at GetBrokSumPriceDaily.run(GetBrokSumPriceDaily:510)
	at com.kms.katalon.core.main.ScriptEngine.run(ScriptEngine.java:194)
	at com.kms.katalon.core.main.ScriptEngine.runScriptAsRawText(ScriptEngine.java:119)
	at com.kms.katalon.core.main.TestCaseExecutor.runScript(TestCaseExecutor.java:445)
	at com.kms.katalon.core.main.TestCaseExecutor.doExecute(TestCaseExecutor.java:436)
	at com.kms.katalon.core.main.TestCaseExecutor.processExecutionPhase(TestCaseExecutor.java:415)
	at com.kms.katalon.core.main.TestCaseExecutor.accessMainPhase(TestCaseExecutor.java:407)
	at com.kms.katalon.core.main.TestCaseExecutor.execute(TestCaseExecutor.java:284)
	at com.kms.katalon.core.common.CommonExecutor.accessTestCaseMainPhase(CommonExecutor.java:65)
	at com.kms.katalon.core.main.TestSuiteExecutor.accessTestSuiteMainPhase(TestSuiteExecutor.java:144)
	at com.kms.katalon.core.main.TestSuiteExecutor.execute(TestSuiteExecutor.java:106)
	at com.kms.katalon.core.main.TestCaseMain.startTestSuite(TestCaseMain.java:185)
	at com.kms.katalon.core.main.TestCaseMain$startTestSuite$0.call(Unknown Source)
	at TempTestSuite1705920083951.run(TempTestSuite1705920083951.groovy:36)
Caused by: com.kms.katalon.core.webui.exception.WebElementNotFoundException: Web element with id: 'Object Repository/Stockbit/Home_Freq' located by '//main[@id='main-container']/div[4]/div[2]/div/table/tbody/tr[4]/td[2]' not found
	at com.kms.katalon.core.webui.common.WebUiCommonHelper.findWebElement(WebUiCommonHelper.java:1370)
	at com.kms.katalon.core.webui.keyword.internal.WebUIAbstractKeyword.findWebElement(WebUIAbstractKeyword.groovy:27)
	at com.kms.katalon.core.webui.keyword.internal.WebUIAbstractKeyword.findWebElement(WebUIAbstractKeyword.groovy:26)
	at com.kms.katalon.core.webui.keyword.builtin.GetTextKeyword$_getText_closure1.doCall(GetTextKeyword.groovy:78)
	at com.kms.katalon.core.webui.keyword.builtin.GetTextKeyword$_getText_closure1.call(GetTextKeyword.groovy)
	at com.kms.katalon.core.webui.keyword.internal.WebUIKeywordMain.runKeyword(WebUIKeywordMain.groovy:20)
	at com.kms.katalon.core.webui.keyword.builtin.GetTextKeyword.getText(GetTextKeyword.groovy:88)
	at com.kms.katalon.core.webui.keyword.builtin.GetTextKeyword.execute(GetTextKeyword.groovy:67)
	at com.kms.katalon.core.keyword.internal.KeywordExecutor.executeKeywordForPlatform(KeywordExecutor.groovy:74)
	at com.kms.katalon.core.webui.keyword.WebUiBuiltInKeywords.getText(WebUiBuiltInKeywords.groovy:918)
	at com.kms.katalon.core.webui.keyword.WebUiBuiltInKeywords$getText$7.call(Unknown Source)
	at Script1673024832871.run(Script1673024832871.groovy:510)
	... 13 more
)

2024-01-22 17:42:44 - [TEST_STEP][PASSED] - strTemp = "NA": null

2024-01-22 17:42:44 - [TEST_STEP][PASSED] - if (getCellValueByIndex(sheet01, rowIndex, 4) != "DONE"): null

2024-01-22 17:42:44 - [TEST_STEP][PASSED] - strTemp = "NA": null

2024-01-22 17:42:44 - [TEST_STEP][PASSED] - if (getCellValueByIndex(sheet01, rowIndex, 4) != "DONE"): null

2024-01-22 17:42:44 - [TEST_STEP][PASSED] - strTemp = "NA": null

2024-01-22 17:42:44 - [TEST_STEP][PASSED] - if (getCellValueByIndex(sheet01, rowIndex, 4) != "DONE"): null

2024-01-22 17:42:44 - [TEST_STEP][PASSED] - strTemp = "NA": null

2024-01-22 17:42:44 - [TEST_STEP][PASSED] - if (getCellValueByIndex(sheet01, rowIndex, 4) != "DONE"): null

2024-01-22 17:42:44 - [TEST_STEP][PASSED] - strTemp = "NA": null

2024-01-22 17:42:44 - [TEST_STEP][PASSED] - if (getCellValueByIndex(sheet01, rowIndex, 4) != "DONE"): null

2024-01-22 17:42:44 - [TEST_STEP][PASSED] - strTemp = "NA": null

2024-01-22 17:42:44 - [TEST_STEP][PASSED] - if (getCellValueByIndex(sheet01, rowIndex, 4) != "DONE"): null

2024-01-22 17:42:44 - [TEST_STEP][PASSED] - strTemp = "NA": null

2024-01-22 17:42:44 - [TEST_STEP][PASSED] - if (getCellValueByIndex(sheet01, rowIndex, 4) != "DONE"): null

2024-01-22 17:42:44 - [TEST_STEP][PASSED] - strTemp = "NA": null

2024-01-22 17:42:44 - [TEST_STEP][PASSED] - if (getCellValueByIndex(sheet01, rowIndex, 4) != "DONE"): Object: 'Object Repository/Stockbit/menu_Bandarmology' is clicked on

2024-01-22 17:42:44 - [TEST_STEP][PASSED] - strNama = getCellValueByIndex(sheet01, rowIndex, 0): null

2024-01-22 17:42:44 - [TEST_STEP][PASSED] - navigateToUrl("https://stockbit.com/#/symbol/" + strNama): Navigate to 'https://stockbit.com/#/symbol/META' successfully

2024-01-22 17:42:45 - [MESSAGE][PASSED] - Navigate to 'https://stockbit.com/#/symbol/META' successfully

2024-01-22 17:42:45 - [TEST_STEP][PASSED] - waitForElementClickable(findTestObject("Stockbit/menu_Bandarmology"), 10): Object 'Object Repository/Stockbit/menu_Bandarmology' is clickable

2024-01-22 17:42:45 - [MESSAGE][PASSED] - Object 'Object Repository/Stockbit/menu_Bandarmology' is clickable

2024-01-22 17:42:45 - [TEST_STEP][PASSED] - click(findTestObject("Stockbit/menu_Bandarmology")): Object: 'Object Repository/Stockbit/menu_Bandarmology' is clicked on

2024-01-22 17:42:46 - [MESSAGE][PASSED] - Object: 'Object Repository/Stockbit/menu_Bandarmology' is clicked on

2024-01-22 17:42:46 - [TEST_STEP][PASSED] - strTanggal = d.format(DateTimeFormatter.ofPattern("MMM dd, yyyy")): null

2024-01-22 17:42:46 - [TEST_STEP][PASSED] - strTanggal = d.format(ISO_DATE): null

2024-01-22 17:42:46 - [TEST_STEP][PASSED] - out.println("strTanggal = " + strTanggal): null

2024-01-22 17:42:46 - [TEST_STEP][PASSED] - out.println("strNama = " + strNama): null

2024-01-22 17:42:46 - [TEST_STEP][PASSED] - out.println("Baris ke = " + rowIndex): null

2024-01-22 17:42:46 - [TEST_STEP][PASSED] - click(findTestObject("Stockbit/input__BandarmologyOpenStartDate")): Object: 'Object Repository/Stockbit/input__BandarmologyOpenStartDate' is clicked on

2024-01-22 17:42:47 - [MESSAGE][PASSED] - Object: 'Object Repository/Stockbit/input__BandarmologyOpenStartDate' is clicked on

2024-01-22 17:42:47 - [TEST_STEP][PASSED] - sendKeys(findTestObject("Stockbit/input__BandarmologyOpenStartDate"), Keys.chord(CONTROL, "a")): Keys 'CONTROL + a' sent to object: 'Object Repository/Stockbit/input__BandarmologyOpenStartDate'

2024-01-22 17:42:48 - [MESSAGE][PASSED] - Keys 'CONTROL + a' sent to object: 'Object Repository/Stockbit/input__BandarmologyOpenStartDate'

2024-01-22 17:42:48 - [TEST_STEP][PASSED] - sendKeys(findTestObject("Stockbit/input__BandarmologyOpenStartDate"), Keys.chord(BACK_SPACE)): Keys 'BACK_SPACE + ' sent to object: 'Object Repository/Stockbit/input__BandarmologyOpenStartDate'

2024-01-22 17:42:48 - [MESSAGE][PASSED] - Keys 'BACK_SPACE + ' sent to object: 'Object Repository/Stockbit/input__BandarmologyOpenStartDate'

2024-01-22 17:42:48 - [TEST_STEP][PASSED] - setText(findTestObject("Stockbit/input__BandarmologyOpenStartDate"), strTanggal): Text '2024-01-22' is set on object 'Object Repository/Stockbit/input__BandarmologyOpenStartDate'

2024-01-22 17:42:49 - [MESSAGE][PASSED] - Text '2024-01-22' is set on object 'Object Repository/Stockbit/input__BandarmologyOpenStartDate'

2024-01-22 17:42:49 - [TEST_STEP][PASSED] - sendKeys(findTestObject("Stockbit/input__BandarmologyOpenStartDate"), Keys.chord(ENTER)): Keys 'ENTER + ' sent to object: 'Object Repository/Stockbit/input__BandarmologyOpenStartDate'

2024-01-22 17:42:49 - [MESSAGE][PASSED] - Keys 'ENTER + ' sent to object: 'Object Repository/Stockbit/input__BandarmologyOpenStartDate'

2024-01-22 17:42:49 - [TEST_STEP][PASSED] - click(findTestObject("Stockbit/input__BandarmologyOpenEndDate")): Object: 'Object Repository/Stockbit/input__BandarmologyOpenEndDate' is clicked on

2024-01-22 17:42:50 - [MESSAGE][PASSED] - Object: 'Object Repository/Stockbit/input__BandarmologyOpenEndDate' is clicked on

2024-01-22 17:42:50 - [TEST_STEP][PASSED] - sendKeys(findTestObject("Stockbit/input__BandarmologyOpenEndDate"), Keys.chord(CONTROL, "a")): Keys 'CONTROL + a' sent to object: 'Object Repository/Stockbit/input__BandarmologyOpenEndDate'

2024-01-22 17:42:50 - [MESSAGE][PASSED] - Keys 'CONTROL + a' sent to object: 'Object Repository/Stockbit/input__BandarmologyOpenEndDate'

2024-01-22 17:42:50 - [TEST_STEP][PASSED] - sendKeys(findTestObject("Stockbit/input__BandarmologyOpenEndDate"), Keys.chord(BACK_SPACE)): Keys 'BACK_SPACE + ' sent to object: 'Object Repository/Stockbit/input__BandarmologyOpenEndDate'

2024-01-22 17:42:51 - [MESSAGE][PASSED] - Keys 'BACK_SPACE + ' sent to object: 'Object Repository/Stockbit/input__BandarmologyOpenEndDate'

2024-01-22 17:42:51 - [TEST_STEP][PASSED] - setText(findTestObject("Stockbit/input__BandarmologyOpenEndDate"), strTanggal): Text '2024-01-22' is set on object 'Object Repository/Stockbit/input__BandarmologyOpenEndDate'

2024-01-22 17:42:52 - [MESSAGE][PASSED] - Text '2024-01-22' is set on object 'Object Repository/Stockbit/input__BandarmologyOpenEndDate'

2024-01-22 17:42:52 - [TEST_STEP][PASSED] - sendKeys(findTestObject("Stockbit/input__BandarmologyOpenEndDate"), Keys.chord(ENTER)): Keys 'ENTER + ' sent to object: 'Object Repository/Stockbit/input__BandarmologyOpenEndDate'

2024-01-22 17:42:52 - [MESSAGE][PASSED] - Keys 'ENTER + ' sent to object: 'Object Repository/Stockbit/input__BandarmologyOpenEndDate'

2024-01-22 17:42:52 - [TEST_STEP][PASSED] - delay(2): Delayed 2 second(s)

2024-01-22 17:42:54 - [MESSAGE][PASSED] - Delayed 2 second(s)

2024-01-22 17:42:54 - [TEST_STEP][PASSED] - strTemp = getText(findTestObject("Stockbit/Bandarmology_AvgRP")): Text of object 'Object Repository/Stockbit/Bandarmology_AvgRP' is: '0'

2024-01-22 17:42:54 - [MESSAGE][PASSED] - Text of object 'Object Repository/Stockbit/Bandarmology_AvgRP' is: '0'

2024-01-22 17:42:54 - [TEST_STEP][PASSED] - out.println("Bandarmology_AvgRP = " + strTemp): null

2024-01-22 17:42:54 - [TEST_STEP][PASSED] - if (strTemp != "0"): null

2024-01-22 17:42:54 - [TEST_STEP][PASSED] - waitForElementClickable(findTestObject("Stockbit/menu_Bandarmology"), 10): Object 'Object Repository/Stockbit/menu_Bandarmology' is clickable

2024-01-22 17:42:54 - [MESSAGE][PASSED] - Object 'Object Repository/Stockbit/menu_Bandarmology' is clickable

2024-01-22 17:42:54 - [TEST_STEP][PASSED] - click(findTestObject("Stockbit/menu_Bandarmology")): Object: 'Object Repository/Stockbit/menu_Bandarmology' is clicked on

2024-01-22 17:42:55 - [MESSAGE][PASSED] - Object: 'Object Repository/Stockbit/menu_Bandarmology' is clicked on

2024-01-22 17:42:55 - [TEST_STEP][PASSED] - strTemp = "NA": null

2024-01-22 17:42:55 - [TEST_STEP][PASSED] - if (getCellValueByIndex(sheet01, rowIndex, 4) != "DONE"): Object: 'Object Repository/Stockbit/menu_Bandarmology' is clicked on

2024-01-22 17:42:55 - [TEST_STEP][PASSED] - strNama = getCellValueByIndex(sheet01, rowIndex, 0): null

2024-01-22 17:42:55 - [TEST_STEP][PASSED] - navigateToUrl("https://stockbit.com/#/symbol/" + strNama): Navigate to 'https://stockbit.com/#/symbol/OASA' successfully

2024-01-22 17:42:56 - [MESSAGE][PASSED] - Navigate to 'https://stockbit.com/#/symbol/OASA' successfully

2024-01-22 17:42:56 - [TEST_STEP][PASSED] - waitForElementClickable(findTestObject("Stockbit/menu_Bandarmology"), 10): Object 'Object Repository/Stockbit/menu_Bandarmology' is clickable

2024-01-22 17:42:56 - [MESSAGE][PASSED] - Object 'Object Repository/Stockbit/menu_Bandarmology' is clickable

2024-01-22 17:42:56 - [TEST_STEP][PASSED] - click(findTestObject("Stockbit/menu_Bandarmology")): Object: 'Object Repository/Stockbit/menu_Bandarmology' is clicked on

2024-01-22 17:42:57 - [MESSAGE][PASSED] - Object: 'Object Repository/Stockbit/menu_Bandarmology' is clicked on

2024-01-22 17:42:57 - [TEST_STEP][PASSED] - strTanggal = d.format(DateTimeFormatter.ofPattern("MMM dd, yyyy")): null

2024-01-22 17:42:57 - [TEST_STEP][PASSED] - strTanggal = d.format(ISO_DATE): null

2024-01-22 17:42:57 - [TEST_STEP][PASSED] - out.println("strTanggal = " + strTanggal): null

2024-01-22 17:42:57 - [TEST_STEP][PASSED] - out.println("strNama = " + strNama): null

2024-01-22 17:42:57 - [TEST_STEP][PASSED] - out.println("Baris ke = " + rowIndex): null

2024-01-22 17:42:57 - [TEST_STEP][PASSED] - click(findTestObject("Stockbit/input__BandarmologyOpenStartDate")): Object: 'Object Repository/Stockbit/input__BandarmologyOpenStartDate' is clicked on

2024-01-22 17:42:59 - [MESSAGE][PASSED] - Object: 'Object Repository/Stockbit/input__BandarmologyOpenStartDate' is clicked on

2024-01-22 17:42:59 - [TEST_STEP][PASSED] - sendKeys(findTestObject("Stockbit/input__BandarmologyOpenStartDate"), Keys.chord(CONTROL, "a")): Keys 'CONTROL + a' sent to object: 'Object Repository/Stockbit/input__BandarmologyOpenStartDate'

2024-01-22 17:42:59 - [MESSAGE][PASSED] - Keys 'CONTROL + a' sent to object: 'Object Repository/Stockbit/input__BandarmologyOpenStartDate'

2024-01-22 17:42:59 - [TEST_STEP][PASSED] - sendKeys(findTestObject("Stockbit/input__BandarmologyOpenStartDate"), Keys.chord(BACK_SPACE)): Keys 'BACK_SPACE + ' sent to object: 'Object Repository/Stockbit/input__BandarmologyOpenStartDate'

2024-01-22 17:43:00 - [MESSAGE][PASSED] - Keys 'BACK_SPACE + ' sent to object: 'Object Repository/Stockbit/input__BandarmologyOpenStartDate'

2024-01-22 17:43:00 - [TEST_STEP][PASSED] - setText(findTestObject("Stockbit/input__BandarmologyOpenStartDate"), strTanggal): Text '2024-01-22' is set on object 'Object Repository/Stockbit/input__BandarmologyOpenStartDate'

2024-01-22 17:43:01 - [MESSAGE][PASSED] - Text '2024-01-22' is set on object 'Object Repository/Stockbit/input__BandarmologyOpenStartDate'

2024-01-22 17:43:01 - [TEST_STEP][PASSED] - sendKeys(findTestObject("Stockbit/input__BandarmologyOpenStartDate"), Keys.chord(ENTER)): Keys 'ENTER + ' sent to object: 'Object Repository/Stockbit/input__BandarmologyOpenStartDate'

2024-01-22 17:43:01 - [MESSAGE][PASSED] - Keys 'ENTER + ' sent to object: 'Object Repository/Stockbit/input__BandarmologyOpenStartDate'

2024-01-22 17:43:01 - [TEST_STEP][PASSED] - click(findTestObject("Stockbit/input__BandarmologyOpenEndDate")): Object: 'Object Repository/Stockbit/input__BandarmologyOpenEndDate' is clicked on

2024-01-22 17:43:02 - [MESSAGE][PASSED] - Object: 'Object Repository/Stockbit/input__BandarmologyOpenEndDate' is clicked on

2024-01-22 17:43:02 - [TEST_STEP][PASSED] - sendKeys(findTestObject("Stockbit/input__BandarmologyOpenEndDate"), Keys.chord(CONTROL, "a")): Keys 'CONTROL + a' sent to object: 'Object Repository/Stockbit/input__BandarmologyOpenEndDate'

2024-01-22 17:43:03 - [MESSAGE][PASSED] - Keys 'CONTROL + a' sent to object: 'Object Repository/Stockbit/input__BandarmologyOpenEndDate'

2024-01-22 17:43:03 - [TEST_STEP][PASSED] - sendKeys(findTestObject("Stockbit/input__BandarmologyOpenEndDate"), Keys.chord(BACK_SPACE)): Keys 'BACK_SPACE + ' sent to object: 'Object Repository/Stockbit/input__BandarmologyOpenEndDate'

2024-01-22 17:43:03 - [MESSAGE][PASSED] - Keys 'BACK_SPACE + ' sent to object: 'Object Repository/Stockbit/input__BandarmologyOpenEndDate'

2024-01-22 17:43:03 - [TEST_STEP][PASSED] - setText(findTestObject("Stockbit/input__BandarmologyOpenEndDate"), strTanggal): Text '2024-01-22' is set on object 'Object Repository/Stockbit/input__BandarmologyOpenEndDate'

2024-01-22 17:43:04 - [MESSAGE][PASSED] - Text '2024-01-22' is set on object 'Object Repository/Stockbit/input__BandarmologyOpenEndDate'

2024-01-22 17:43:04 - [TEST_STEP][PASSED] - sendKeys(findTestObject("Stockbit/input__BandarmologyOpenEndDate"), Keys.chord(ENTER)): Keys 'ENTER + ' sent to object: 'Object Repository/Stockbit/input__BandarmologyOpenEndDate'

2024-01-22 17:43:04 - [MESSAGE][PASSED] - Keys 'ENTER + ' sent to object: 'Object Repository/Stockbit/input__BandarmologyOpenEndDate'

2024-01-22 17:43:04 - [TEST_STEP][PASSED] - delay(2): Delayed 2 second(s)

2024-01-22 17:43:06 - [MESSAGE][PASSED] - Delayed 2 second(s)

2024-01-22 17:43:06 - [TEST_STEP][PASSED] - strTemp = getText(findTestObject("Stockbit/Bandarmology_AvgRP")): Text of object 'Object Repository/Stockbit/Bandarmology_AvgRP' is: '142'

2024-01-22 17:43:07 - [MESSAGE][PASSED] - Text of object 'Object Repository/Stockbit/Bandarmology_AvgRP' is: '142'

2024-01-22 17:43:07 - [TEST_STEP][PASSED] - out.println("Bandarmology_AvgRP = " + strTemp): null

2024-01-22 17:43:07 - [TEST_STEP][PASSED] - if (strTemp != "0"): null

2024-01-22 17:43:07 - [TEST_STEP][PASSED] - strTop1 = getText(findTestObject("Stockbit/Bandarmology_Top1")): Text of object 'Object Repository/Stockbit/Bandarmology_Top1' is: 'Big Acc'

2024-01-22 17:43:07 - [MESSAGE][PASSED] - Text of object 'Object Repository/Stockbit/Bandarmology_Top1' is: 'Big Acc'

2024-01-22 17:43:07 - [TEST_STEP][PASSED] - strTop3 = getText(findTestObject("Stockbit/Bandarmology_Top3")): Text of object 'Object Repository/Stockbit/Bandarmology_Top3' is: 'Neutral'

2024-01-22 17:43:07 - [MESSAGE][PASSED] - Text of object 'Object Repository/Stockbit/Bandarmology_Top3' is: 'Neutral'

2024-01-22 17:43:07 - [TEST_STEP][PASSED] - strTop5 = getText(findTestObject("Stockbit/Bandarmology_Top5")): Text of object 'Object Repository/Stockbit/Bandarmology_Top5' is: 'Neutral'

2024-01-22 17:43:07 - [MESSAGE][PASSED] - Text of object 'Object Repository/Stockbit/Bandarmology_Top5' is: 'Neutral'

2024-01-22 17:43:07 - [TEST_STEP][PASSED] - strAllBrokAvg = getText(findTestObject("Stockbit/Bandarmology_TopAVG")): Text of object 'Object Repository/Stockbit/Bandarmology_TopAVG' is: 'Neutral'

2024-01-22 17:43:07 - [MESSAGE][PASSED] - Text of object 'Object Repository/Stockbit/Bandarmology_TopAVG' is: 'Neutral'

2024-01-22 17:43:07 - [TEST_STEP][PASSED] - strTemp = getText(findTestObject("Stockbit/Bandarmology_AvgRP")): Text of object 'Object Repository/Stockbit/Bandarmology_AvgRP' is: '142'

2024-01-22 17:43:08 - [MESSAGE][PASSED] - Text of object 'Object Repository/Stockbit/Bandarmology_AvgRP' is: '142'

2024-01-22 17:43:08 - [TEST_STEP][PASSED] - if (strTemp.contains(",")): null

2024-01-22 17:43:08 - [TEST_STEP][PASSED] - intAvgRP = strTemp.toInteger(): null

2024-01-22 17:43:08 - [TEST_STEP][PASSED] - strBuyer1 = getText(findTestObject("Stockbit/Bandarmology_Buyer1")): Text of object 'Object Repository/Stockbit/Bandarmology_Buyer1' is: 'HP'

2024-01-22 17:43:08 - [MESSAGE][PASSED] - Text of object 'Object Repository/Stockbit/Bandarmology_Buyer1' is: 'HP'

2024-01-22 17:43:08 - [TEST_STEP][PASSED] - strBuyerVol1 = getText(findTestObject("Stockbit/Bandarmology_BuyerVol1")): Text of object 'Object Repository/Stockbit/Bandarmology_BuyerVol1' is: '470.2 K'

2024-01-22 17:43:08 - [MESSAGE][PASSED] - Text of object 'Object Repository/Stockbit/Bandarmology_BuyerVol1' is: '470.2 K'

2024-01-22 17:43:08 - [TEST_STEP][PASSED] - strBuyerAvg1 = getText(findTestObject("Stockbit/Bandarmology_BuyerAvg1")): Text of object 'Object Repository/Stockbit/Bandarmology_BuyerAvg1' is: '142'

2024-01-22 17:43:08 - [MESSAGE][PASSED] - Text of object 'Object Repository/Stockbit/Bandarmology_BuyerAvg1' is: '142'

2024-01-22 17:43:08 - [TEST_STEP][PASSED] - if (strBuyerAvg1.contains(",")): null

2024-01-22 17:43:08 - [TEST_STEP][PASSED] - if (strBuyerVol1.contains(" B")): null

2024-01-22 17:43:08 - [TEST_STEP][PASSED] - else if (strBuyerVol1.contains(" M")): null

2024-01-22 17:43:08 - [TEST_STEP][PASSED] - else if (strBuyerVol1.contains(" K")): null

2024-01-22 17:43:08 - [TEST_STEP][PASSED] - strBuyerVol1 = strBuyerVol1.replace(" K", ""): null

2024-01-22 17:43:08 - [TEST_STEP][PASSED] - strBuyerVol1 = strBuyerVol1.toDouble() * 1000: null

2024-01-22 17:43:08 - [TEST_STEP][PASSED] - strSeller1 = getText(findTestObject("Stockbit/Bandarmology_Seller1")): Text of object 'Object Repository/Stockbit/Bandarmology_Seller1' is: 'XA'

2024-01-22 17:43:08 - [MESSAGE][PASSED] - Text of object 'Object Repository/Stockbit/Bandarmology_Seller1' is: 'XA'

2024-01-22 17:43:08 - [TEST_STEP][PASSED] - strSellerVol1 = getText(findTestObject("Stockbit/Bandarmology_SellerVol1")): Text of object 'Object Repository/Stockbit/Bandarmology_SellerVol1' is: '285.3 K'

2024-01-22 17:43:09 - [MESSAGE][PASSED] - Text of object 'Object Repository/Stockbit/Bandarmology_SellerVol1' is: '285.3 K'

2024-01-22 17:43:09 - [TEST_STEP][PASSED] - strSellerAvg1 = getText(findTestObject("Stockbit/Bandarmology_SellerAvg1")): Text of object 'Object Repository/Stockbit/Bandarmology_SellerAvg1' is: '141'

2024-01-22 17:43:09 - [MESSAGE][PASSED] - Text of object 'Object Repository/Stockbit/Bandarmology_SellerAvg1' is: '141'

2024-01-22 17:43:09 - [TEST_STEP][PASSED] - if (strSellerAvg1.contains(",")): null

2024-01-22 17:43:09 - [TEST_STEP][PASSED] - if (strSellerVol1.contains(" B")): null

2024-01-22 17:43:09 - [TEST_STEP][PASSED] - else if (strSellerVol1.contains(" M")): null

2024-01-22 17:43:09 - [TEST_STEP][PASSED] - else if (strSellerVol1.contains(" K")): null

2024-01-22 17:43:09 - [TEST_STEP][PASSED] - strSellerVol1 = strSellerVol1.replace(" K", ""): null

2024-01-22 17:43:09 - [TEST_STEP][PASSED] - strSellerVol1 = strSellerVol1.toDouble() * 1000: null

2024-01-22 17:43:09 - [TEST_STEP][PASSED] - if (verifyElementNotPresent(findTestObject("Stockbit/Bandarmology_Buyer2"), 1, OPTIONAL)): Web element with id: 'Object Repository/Stockbit/Bandarmology_Buyer2' located by 'By.xpath: //*[contains(@id, 'rc-tabs-')]/div[2]/div/div/div/div/div/div[2]/table/tbody/tr[3]/td[1]/p' is present after '1' second(s) (Root cause: com.kms.katalon.core.exception.StepFailedException: Web element with id: 'Object Repository/Stockbit/Bandarmology_Buyer2' located by 'By.xpath: //*[contains(@id, 'rc-tabs-')]/div[2]/div/div/div/div/div/div[2]/table/tbody/tr[3]/td[1]/p' is present after '1' second(s)
	at com.kms.katalon.core.webui.keyword.internal.WebUIKeywordMain.stepFailed(WebUIKeywordMain.groovy:64)
	at com.kms.katalon.core.webui.keyword.internal.WebUIKeywordMain$stepFailed$0.call(Unknown Source)
	at com.kms.katalon.core.webui.keyword.builtin.VerifyElementNotPresentKeyword$_verifyElementNotPresent_closure1.doCall(VerifyElementNotPresentKeyword.groovy:106)
	at com.kms.katalon.core.webui.keyword.builtin.VerifyElementNotPresentKeyword$_verifyElementNotPresent_closure1.doCall(VerifyElementNotPresentKeyword.groovy)
	at com.kms.katalon.core.webui.keyword.internal.WebUIKeywordMain.runKeyword(WebUIKeywordMain.groovy:20)
	at com.kms.katalon.core.webui.keyword.internal.WebUIKeywordMain$runKeyword.call(Unknown Source)
	at com.kms.katalon.core.webui.keyword.builtin.VerifyElementNotPresentKeyword.verifyElementNotPresent(VerifyElementNotPresentKeyword.groovy:117)
	at com.kms.katalon.core.webui.keyword.builtin.VerifyElementNotPresentKeyword.execute(VerifyElementNotPresentKeyword.groovy:68)
	at com.kms.katalon.core.keyword.internal.KeywordExecutor.executeKeywordForPlatform(KeywordExecutor.groovy:74)
	at com.kms.katalon.core.webui.keyword.WebUiBuiltInKeywords.verifyElementNotPresent(WebUiBuiltInKeywords.groovy:1481)
	at com.kms.katalon.core.webui.keyword.WebUiBuiltInKeywords$verifyElementNotPresent$8.call(Unknown Source)
	at GetBrokSumPriceDaily.run(GetBrokSumPriceDaily:258)
	at com.kms.katalon.core.main.ScriptEngine.run(ScriptEngine.java:194)
	at com.kms.katalon.core.main.ScriptEngine.runScriptAsRawText(ScriptEngine.java:119)
	at com.kms.katalon.core.main.TestCaseExecutor.runScript(TestCaseExecutor.java:445)
	at com.kms.katalon.core.main.TestCaseExecutor.doExecute(TestCaseExecutor.java:436)
	at com.kms.katalon.core.main.TestCaseExecutor.processExecutionPhase(TestCaseExecutor.java:415)
	at com.kms.katalon.core.main.TestCaseExecutor.accessMainPhase(TestCaseExecutor.java:407)
	at com.kms.katalon.core.main.TestCaseExecutor.execute(TestCaseExecutor.java:284)
	at com.kms.katalon.core.common.CommonExecutor.accessTestCaseMainPhase(CommonExecutor.java:65)
	at com.kms.katalon.core.main.TestSuiteExecutor.accessTestSuiteMainPhase(TestSuiteExecutor.java:144)
	at com.kms.katalon.core.main.TestSuiteExecutor.execute(TestSuiteExecutor.java:106)
	at com.kms.katalon.core.main.TestCaseMain.startTestSuite(TestCaseMain.java:185)
	at com.kms.katalon.core.main.TestCaseMain$startTestSuite$0.call(Unknown Source)
	at TempTestSuite1705920083951.run(TempTestSuite1705920083951.groovy:36)
)

2024-01-22 17:43:10 - [MESSAGE][WARNING] - Web element with id: 'Object Repository/Stockbit/Bandarmology_Buyer2' located by 'By.xpath: //*[contains(@id, 'rc-tabs-')]/div[2]/div/div/div/div/div/div[2]/table/tbody/tr[3]/td[1]/p' is present after '1' second(s) (Root cause: com.kms.katalon.core.exception.StepFailedException: Web element with id: 'Object Repository/Stockbit/Bandarmology_Buyer2' located by 'By.xpath: //*[contains(@id, 'rc-tabs-')]/div[2]/div/div/div/div/div/div[2]/table/tbody/tr[3]/td[1]/p' is present after '1' second(s)
	at com.kms.katalon.core.webui.keyword.internal.WebUIKeywordMain.stepFailed(WebUIKeywordMain.groovy:64)
	at com.kms.katalon.core.webui.keyword.internal.WebUIKeywordMain$stepFailed$0.call(Unknown Source)
	at com.kms.katalon.core.webui.keyword.builtin.VerifyElementNotPresentKeyword$_verifyElementNotPresent_closure1.doCall(VerifyElementNotPresentKeyword.groovy:106)
	at com.kms.katalon.core.webui.keyword.builtin.VerifyElementNotPresentKeyword$_verifyElementNotPresent_closure1.doCall(VerifyElementNotPresentKeyword.groovy)
	at com.kms.katalon.core.webui.keyword.internal.WebUIKeywordMain.runKeyword(WebUIKeywordMain.groovy:20)
	at com.kms.katalon.core.webui.keyword.internal.WebUIKeywordMain$runKeyword.call(Unknown Source)
	at com.kms.katalon.core.webui.keyword.builtin.VerifyElementNotPresentKeyword.verifyElementNotPresent(VerifyElementNotPresentKeyword.groovy:117)
	at com.kms.katalon.core.webui.keyword.builtin.VerifyElementNotPresentKeyword.execute(VerifyElementNotPresentKeyword.groovy:68)
	at com.kms.katalon.core.keyword.internal.KeywordExecutor.executeKeywordForPlatform(KeywordExecutor.groovy:74)
	at com.kms.katalon.core.webui.keyword.WebUiBuiltInKeywords.verifyElementNotPresent(WebUiBuiltInKeywords.groovy:1481)
	at com.kms.katalon.core.webui.keyword.WebUiBuiltInKeywords$verifyElementNotPresent$8.call(Unknown Source)
	at GetBrokSumPriceDaily.run(GetBrokSumPriceDaily:258)
	at com.kms.katalon.core.main.ScriptEngine.run(ScriptEngine.java:194)
	at com.kms.katalon.core.main.ScriptEngine.runScriptAsRawText(ScriptEngine.java:119)
	at com.kms.katalon.core.main.TestCaseExecutor.runScript(TestCaseExecutor.java:445)
	at com.kms.katalon.core.main.TestCaseExecutor.doExecute(TestCaseExecutor.java:436)
	at com.kms.katalon.core.main.TestCaseExecutor.processExecutionPhase(TestCaseExecutor.java:415)
	at com.kms.katalon.core.main.TestCaseExecutor.accessMainPhase(TestCaseExecutor.java:407)
	at com.kms.katalon.core.main.TestCaseExecutor.execute(TestCaseExecutor.java:284)
	at com.kms.katalon.core.common.CommonExecutor.accessTestCaseMainPhase(CommonExecutor.java:65)
	at com.kms.katalon.core.main.TestSuiteExecutor.accessTestSuiteMainPhase(TestSuiteExecutor.java:144)
	at com.kms.katalon.core.main.TestSuiteExecutor.execute(TestSuiteExecutor.java:106)
	at com.kms.katalon.core.main.TestCaseMain.startTestSuite(TestCaseMain.java:185)
	at com.kms.katalon.core.main.TestCaseMain$startTestSuite$0.call(Unknown Source)
	at TempTestSuite1705920083951.run(TempTestSuite1705920083951.groovy:36)
)
[[ATTACHMENT|C:\\Users\\Fadli\\git\\KatalonDailyGetData2\\Reports\\20240122_174123\\TS1\\20240122_174123\\1705920190564.png]]

2024-01-22 17:43:10 - [TEST_STEP][PASSED] - else: null

2024-01-22 17:43:10 - [TEST_STEP][PASSED] - strBuyer2 = getText(findTestObject("Stockbit/Bandarmology_Buyer2")): Text of object 'Object Repository/Stockbit/Bandarmology_Buyer2' is: 'II'

2024-01-22 17:43:10 - [MESSAGE][PASSED] - Text of object 'Object Repository/Stockbit/Bandarmology_Buyer2' is: 'II'

2024-01-22 17:43:10 - [TEST_STEP][PASSED] - strBuyerVol2 = getText(findTestObject("Stockbit/Bandarmology_BuyerVol2")): Text of object 'Object Repository/Stockbit/Bandarmology_BuyerVol2' is: '172.5 K'

2024-01-22 17:43:11 - [MESSAGE][PASSED] - Text of object 'Object Repository/Stockbit/Bandarmology_BuyerVol2' is: '172.5 K'

2024-01-22 17:43:11 - [TEST_STEP][PASSED] - strBuyerAvg2 = getText(findTestObject("Stockbit/Bandarmology_BuyerAvg2")): Text of object 'Object Repository/Stockbit/Bandarmology_BuyerAvg2' is: '142'

2024-01-22 17:43:11 - [MESSAGE][PASSED] - Text of object 'Object Repository/Stockbit/Bandarmology_BuyerAvg2' is: '142'

2024-01-22 17:43:11 - [TEST_STEP][PASSED] - if (strBuyer2 != ""): null

2024-01-22 17:43:11 - [TEST_STEP][PASSED] - if (strBuyerAvg2.contains(",")): null

2024-01-22 17:43:11 - [TEST_STEP][PASSED] - if (strBuyerVol2.contains(" B")): null

2024-01-22 17:43:11 - [TEST_STEP][PASSED] - else if (strBuyerVol2.contains(" M")): null

2024-01-22 17:43:11 - [TEST_STEP][PASSED] - else if (strBuyerVol2.contains(" K")): null

2024-01-22 17:43:11 - [TEST_STEP][PASSED] - strBuyerVol2 = strBuyerVol2.replace(" K", ""): null

2024-01-22 17:43:11 - [TEST_STEP][PASSED] - strBuyerVol2 = strBuyerVol2.toDouble() * 1000: null

2024-01-22 17:43:11 - [TEST_STEP][PASSED] - if (strBuyerVol2.contains(".")): null

2024-01-22 17:43:11 - [TEST_STEP][PASSED] - strBuyerVal2 = strBuyerVol2.replace(".", ""): null

2024-01-22 17:43:11 - [TEST_STEP][PASSED] - if (verifyElementNotPresent(findTestObject("Stockbit/Bandarmology_Seller2"), 1, OPTIONAL)): Web element with id: 'Object Repository/Stockbit/Bandarmology_Seller2' located by 'By.xpath: //*[contains(@id, 'rc-tabs-')]/div[2]/div/div/div/div/div/div[2]/table/tbody/tr[3]/td[5]/p' is present after '1' second(s) (Root cause: com.kms.katalon.core.exception.StepFailedException: Web element with id: 'Object Repository/Stockbit/Bandarmology_Seller2' located by 'By.xpath: //*[contains(@id, 'rc-tabs-')]/div[2]/div/div/div/div/div/div[2]/table/tbody/tr[3]/td[5]/p' is present after '1' second(s)
	at com.kms.katalon.core.webui.keyword.internal.WebUIKeywordMain.stepFailed(WebUIKeywordMain.groovy:64)
	at com.kms.katalon.core.webui.keyword.internal.WebUIKeywordMain$stepFailed$0.call(Unknown Source)
	at com.kms.katalon.core.webui.keyword.builtin.VerifyElementNotPresentKeyword$_verifyElementNotPresent_closure1.doCall(VerifyElementNotPresentKeyword.groovy:106)
	at com.kms.katalon.core.webui.keyword.builtin.VerifyElementNotPresentKeyword$_verifyElementNotPresent_closure1.doCall(VerifyElementNotPresentKeyword.groovy)
	at com.kms.katalon.core.webui.keyword.internal.WebUIKeywordMain.runKeyword(WebUIKeywordMain.groovy:20)
	at com.kms.katalon.core.webui.keyword.internal.WebUIKeywordMain$runKeyword.call(Unknown Source)
	at com.kms.katalon.core.webui.keyword.builtin.VerifyElementNotPresentKeyword.verifyElementNotPresent(VerifyElementNotPresentKeyword.groovy:117)
	at com.kms.katalon.core.webui.keyword.builtin.VerifyElementNotPresentKeyword.execute(VerifyElementNotPresentKeyword.groovy:68)
	at com.kms.katalon.core.keyword.internal.KeywordExecutor.executeKeywordForPlatform(KeywordExecutor.groovy:74)
	at com.kms.katalon.core.webui.keyword.WebUiBuiltInKeywords.verifyElementNotPresent(WebUiBuiltInKeywords.groovy:1481)
	at com.kms.katalon.core.webui.keyword.WebUiBuiltInKeywords$verifyElementNotPresent$8.call(Unknown Source)
	at GetBrokSumPriceDaily.run(GetBrokSumPriceDaily:309)
	at com.kms.katalon.core.main.ScriptEngine.run(ScriptEngine.java:194)
	at com.kms.katalon.core.main.ScriptEngine.runScriptAsRawText(ScriptEngine.java:119)
	at com.kms.katalon.core.main.TestCaseExecutor.runScript(TestCaseExecutor.java:445)
	at com.kms.katalon.core.main.TestCaseExecutor.doExecute(TestCaseExecutor.java:436)
	at com.kms.katalon.core.main.TestCaseExecutor.processExecutionPhase(TestCaseExecutor.java:415)
	at com.kms.katalon.core.main.TestCaseExecutor.accessMainPhase(TestCaseExecutor.java:407)
	at com.kms.katalon.core.main.TestCaseExecutor.execute(TestCaseExecutor.java:284)
	at com.kms.katalon.core.common.CommonExecutor.accessTestCaseMainPhase(CommonExecutor.java:65)
	at com.kms.katalon.core.main.TestSuiteExecutor.accessTestSuiteMainPhase(TestSuiteExecutor.java:144)
	at com.kms.katalon.core.main.TestSuiteExecutor.execute(TestSuiteExecutor.java:106)
	at com.kms.katalon.core.main.TestCaseMain.startTestSuite(TestCaseMain.java:185)
	at com.kms.katalon.core.main.TestCaseMain$startTestSuite$0.call(Unknown Source)
	at TempTestSuite1705920083951.run(TempTestSuite1705920083951.groovy:36)
)

2024-01-22 17:43:12 - [MESSAGE][WARNING] - Web element with id: 'Object Repository/Stockbit/Bandarmology_Seller2' located by 'By.xpath: //*[contains(@id, 'rc-tabs-')]/div[2]/div/div/div/div/div/div[2]/table/tbody/tr[3]/td[5]/p' is present after '1' second(s) (Root cause: com.kms.katalon.core.exception.StepFailedException: Web element with id: 'Object Repository/Stockbit/Bandarmology_Seller2' located by 'By.xpath: //*[contains(@id, 'rc-tabs-')]/div[2]/div/div/div/div/div/div[2]/table/tbody/tr[3]/td[5]/p' is present after '1' second(s)
	at com.kms.katalon.core.webui.keyword.internal.WebUIKeywordMain.stepFailed(WebUIKeywordMain.groovy:64)
	at com.kms.katalon.core.webui.keyword.internal.WebUIKeywordMain$stepFailed$0.call(Unknown Source)
	at com.kms.katalon.core.webui.keyword.builtin.VerifyElementNotPresentKeyword$_verifyElementNotPresent_closure1.doCall(VerifyElementNotPresentKeyword.groovy:106)
	at com.kms.katalon.core.webui.keyword.builtin.VerifyElementNotPresentKeyword$_verifyElementNotPresent_closure1.doCall(VerifyElementNotPresentKeyword.groovy)
	at com.kms.katalon.core.webui.keyword.internal.WebUIKeywordMain.runKeyword(WebUIKeywordMain.groovy:20)
	at com.kms.katalon.core.webui.keyword.internal.WebUIKeywordMain$runKeyword.call(Unknown Source)
	at com.kms.katalon.core.webui.keyword.builtin.VerifyElementNotPresentKeyword.verifyElementNotPresent(VerifyElementNotPresentKeyword.groovy:117)
	at com.kms.katalon.core.webui.keyword.builtin.VerifyElementNotPresentKeyword.execute(VerifyElementNotPresentKeyword.groovy:68)
	at com.kms.katalon.core.keyword.internal.KeywordExecutor.executeKeywordForPlatform(KeywordExecutor.groovy:74)
	at com.kms.katalon.core.webui.keyword.WebUiBuiltInKeywords.verifyElementNotPresent(WebUiBuiltInKeywords.groovy:1481)
	at com.kms.katalon.core.webui.keyword.WebUiBuiltInKeywords$verifyElementNotPresent$8.call(Unknown Source)
	at GetBrokSumPriceDaily.run(GetBrokSumPriceDaily:309)
	at com.kms.katalon.core.main.ScriptEngine.run(ScriptEngine.java:194)
	at com.kms.katalon.core.main.ScriptEngine.runScriptAsRawText(ScriptEngine.java:119)
	at com.kms.katalon.core.main.TestCaseExecutor.runScript(TestCaseExecutor.java:445)
	at com.kms.katalon.core.main.TestCaseExecutor.doExecute(TestCaseExecutor.java:436)
	at com.kms.katalon.core.main.TestCaseExecutor.processExecutionPhase(TestCaseExecutor.java:415)
	at com.kms.katalon.core.main.TestCaseExecutor.accessMainPhase(TestCaseExecutor.java:407)
	at com.kms.katalon.core.main.TestCaseExecutor.execute(TestCaseExecutor.java:284)
	at com.kms.katalon.core.common.CommonExecutor.accessTestCaseMainPhase(CommonExecutor.java:65)
	at com.kms.katalon.core.main.TestSuiteExecutor.accessTestSuiteMainPhase(TestSuiteExecutor.java:144)
	at com.kms.katalon.core.main.TestSuiteExecutor.execute(TestSuiteExecutor.java:106)
	at com.kms.katalon.core.main.TestCaseMain.startTestSuite(TestCaseMain.java:185)
	at com.kms.katalon.core.main.TestCaseMain$startTestSuite$0.call(Unknown Source)
	at TempTestSuite1705920083951.run(TempTestSuite1705920083951.groovy:36)
)
[[ATTACHMENT|C:\\Users\\Fadli\\git\\KatalonDailyGetData2\\Reports\\20240122_174123\\TS1\\20240122_174123\\1705920192446.png]]

2024-01-22 17:43:12 - [TEST_STEP][PASSED] - else: null

2024-01-22 17:43:12 - [TEST_STEP][PASSED] - strSeller2 = getText(findTestObject("Stockbit/Bandarmology_Seller2")): Text of object 'Object Repository/Stockbit/Bandarmology_Seller2' is: 'IN'

2024-01-22 17:43:12 - [MESSAGE][PASSED] - Text of object 'Object Repository/Stockbit/Bandarmology_Seller2' is: 'IN'

2024-01-22 17:43:12 - [TEST_STEP][PASSED] - strSellerVol2 = getText(findTestObject("Stockbit/Bandarmology_SellerVol2")): Text of object 'Object Repository/Stockbit/Bandarmology_SellerVol2' is: '282.7 K'

2024-01-22 17:43:12 - [MESSAGE][PASSED] - Text of object 'Object Repository/Stockbit/Bandarmology_SellerVol2' is: '282.7 K'

2024-01-22 17:43:12 - [TEST_STEP][PASSED] - strSellerAvg2 = getText(findTestObject("Stockbit/Bandarmology_SellerAvg2")): Text of object 'Object Repository/Stockbit/Bandarmology_SellerAvg2' is: '142'

2024-01-22 17:43:13 - [MESSAGE][PASSED] - Text of object 'Object Repository/Stockbit/Bandarmology_SellerAvg2' is: '142'

2024-01-22 17:43:13 - [TEST_STEP][PASSED] - if (strSeller2 != ""): null

2024-01-22 17:43:13 - [TEST_STEP][PASSED] - if (strSellerAvg2.contains(",")): null

2024-01-22 17:43:13 - [TEST_STEP][PASSED] - if (strSellerVol2.contains(" B")): null

2024-01-22 17:43:13 - [TEST_STEP][PASSED] - else if (strSellerVol2.contains(" M")): null

2024-01-22 17:43:13 - [TEST_STEP][PASSED] - else if (strSellerVol2.contains(" K")): null

2024-01-22 17:43:13 - [TEST_STEP][PASSED] - strSellerVol2 = strSellerVol2.replace(" K", ""): null

2024-01-22 17:43:13 - [TEST_STEP][PASSED] - strSellerVol2 = strSellerVol2.toDouble() * 1000: null

2024-01-22 17:43:13 - [TEST_STEP][PASSED] - if (verifyElementNotPresent(findTestObject("Stockbit/Bandarmology_Buyer3"), 1, OPTIONAL)): Web element with id: 'Object Repository/Stockbit/Bandarmology_Buyer3' located by 'By.xpath: //*[contains(@id, 'rc-tabs-')]/div[2]/div/div/div/div/div/div[2]/table/tbody/tr[4]/td[1]/p' is present after '1' second(s) (Root cause: com.kms.katalon.core.exception.StepFailedException: Web element with id: 'Object Repository/Stockbit/Bandarmology_Buyer3' located by 'By.xpath: //*[contains(@id, 'rc-tabs-')]/div[2]/div/div/div/div/div/div[2]/table/tbody/tr[4]/td[1]/p' is present after '1' second(s)
	at com.kms.katalon.core.webui.keyword.internal.WebUIKeywordMain.stepFailed(WebUIKeywordMain.groovy:64)
	at com.kms.katalon.core.webui.keyword.internal.WebUIKeywordMain$stepFailed$0.call(Unknown Source)
	at com.kms.katalon.core.webui.keyword.builtin.VerifyElementNotPresentKeyword$_verifyElementNotPresent_closure1.doCall(VerifyElementNotPresentKeyword.groovy:106)
	at com.kms.katalon.core.webui.keyword.builtin.VerifyElementNotPresentKeyword$_verifyElementNotPresent_closure1.doCall(VerifyElementNotPresentKeyword.groovy)
	at com.kms.katalon.core.webui.keyword.internal.WebUIKeywordMain.runKeyword(WebUIKeywordMain.groovy:20)
	at com.kms.katalon.core.webui.keyword.internal.WebUIKeywordMain$runKeyword.call(Unknown Source)
	at com.kms.katalon.core.webui.keyword.builtin.VerifyElementNotPresentKeyword.verifyElementNotPresent(VerifyElementNotPresentKeyword.groovy:117)
	at com.kms.katalon.core.webui.keyword.builtin.VerifyElementNotPresentKeyword.execute(VerifyElementNotPresentKeyword.groovy:68)
	at com.kms.katalon.core.keyword.internal.KeywordExecutor.executeKeywordForPlatform(KeywordExecutor.groovy:74)
	at com.kms.katalon.core.webui.keyword.WebUiBuiltInKeywords.verifyElementNotPresent(WebUiBuiltInKeywords.groovy:1481)
	at com.kms.katalon.core.webui.keyword.WebUiBuiltInKeywords$verifyElementNotPresent$8.call(Unknown Source)
	at GetBrokSumPriceDaily.run(GetBrokSumPriceDaily:361)
	at com.kms.katalon.core.main.ScriptEngine.run(ScriptEngine.java:194)
	at com.kms.katalon.core.main.ScriptEngine.runScriptAsRawText(ScriptEngine.java:119)
	at com.kms.katalon.core.main.TestCaseExecutor.runScript(TestCaseExecutor.java:445)
	at com.kms.katalon.core.main.TestCaseExecutor.doExecute(TestCaseExecutor.java:436)
	at com.kms.katalon.core.main.TestCaseExecutor.processExecutionPhase(TestCaseExecutor.java:415)
	at com.kms.katalon.core.main.TestCaseExecutor.accessMainPhase(TestCaseExecutor.java:407)
	at com.kms.katalon.core.main.TestCaseExecutor.execute(TestCaseExecutor.java:284)
	at com.kms.katalon.core.common.CommonExecutor.accessTestCaseMainPhase(CommonExecutor.java:65)
	at com.kms.katalon.core.main.TestSuiteExecutor.accessTestSuiteMainPhase(TestSuiteExecutor.java:144)
	at com.kms.katalon.core.main.TestSuiteExecutor.execute(TestSuiteExecutor.java:106)
	at com.kms.katalon.core.main.TestCaseMain.startTestSuite(TestCaseMain.java:185)
	at com.kms.katalon.core.main.TestCaseMain$startTestSuite$0.call(Unknown Source)
	at TempTestSuite1705920083951.run(TempTestSuite1705920083951.groovy:36)
)

2024-01-22 17:43:14 - [MESSAGE][WARNING] - Web element with id: 'Object Repository/Stockbit/Bandarmology_Buyer3' located by 'By.xpath: //*[contains(@id, 'rc-tabs-')]/div[2]/div/div/div/div/div/div[2]/table/tbody/tr[4]/td[1]/p' is present after '1' second(s) (Root cause: com.kms.katalon.core.exception.StepFailedException: Web element with id: 'Object Repository/Stockbit/Bandarmology_Buyer3' located by 'By.xpath: //*[contains(@id, 'rc-tabs-')]/div[2]/div/div/div/div/div/div[2]/table/tbody/tr[4]/td[1]/p' is present after '1' second(s)
	at com.kms.katalon.core.webui.keyword.internal.WebUIKeywordMain.stepFailed(WebUIKeywordMain.groovy:64)
	at com.kms.katalon.core.webui.keyword.internal.WebUIKeywordMain$stepFailed$0.call(Unknown Source)
	at com.kms.katalon.core.webui.keyword.builtin.VerifyElementNotPresentKeyword$_verifyElementNotPresent_closure1.doCall(VerifyElementNotPresentKeyword.groovy:106)
	at com.kms.katalon.core.webui.keyword.builtin.VerifyElementNotPresentKeyword$_verifyElementNotPresent_closure1.doCall(VerifyElementNotPresentKeyword.groovy)
	at com.kms.katalon.core.webui.keyword.internal.WebUIKeywordMain.runKeyword(WebUIKeywordMain.groovy:20)
	at com.kms.katalon.core.webui.keyword.internal.WebUIKeywordMain$runKeyword.call(Unknown Source)
	at com.kms.katalon.core.webui.keyword.builtin.VerifyElementNotPresentKeyword.verifyElementNotPresent(VerifyElementNotPresentKeyword.groovy:117)
	at com.kms.katalon.core.webui.keyword.builtin.VerifyElementNotPresentKeyword.execute(VerifyElementNotPresentKeyword.groovy:68)
	at com.kms.katalon.core.keyword.internal.KeywordExecutor.executeKeywordForPlatform(KeywordExecutor.groovy:74)
	at com.kms.katalon.core.webui.keyword.WebUiBuiltInKeywords.verifyElementNotPresent(WebUiBuiltInKeywords.groovy:1481)
	at com.kms.katalon.core.webui.keyword.WebUiBuiltInKeywords$verifyElementNotPresent$8.call(Unknown Source)
	at GetBrokSumPriceDaily.run(GetBrokSumPriceDaily:361)
	at com.kms.katalon.core.main.ScriptEngine.run(ScriptEngine.java:194)
	at com.kms.katalon.core.main.ScriptEngine.runScriptAsRawText(ScriptEngine.java:119)
	at com.kms.katalon.core.main.TestCaseExecutor.runScript(TestCaseExecutor.java:445)
	at com.kms.katalon.core.main.TestCaseExecutor.doExecute(TestCaseExecutor.java:436)
	at com.kms.katalon.core.main.TestCaseExecutor.processExecutionPhase(TestCaseExecutor.java:415)
	at com.kms.katalon.core.main.TestCaseExecutor.accessMainPhase(TestCaseExecutor.java:407)
	at com.kms.katalon.core.main.TestCaseExecutor.execute(TestCaseExecutor.java:284)
	at com.kms.katalon.core.common.CommonExecutor.accessTestCaseMainPhase(CommonExecutor.java:65)
	at com.kms.katalon.core.main.TestSuiteExecutor.accessTestSuiteMainPhase(TestSuiteExecutor.java:144)
	at com.kms.katalon.core.main.TestSuiteExecutor.execute(TestSuiteExecutor.java:106)
	at com.kms.katalon.core.main.TestCaseMain.startTestSuite(TestCaseMain.java:185)
	at com.kms.katalon.core.main.TestCaseMain$startTestSuite$0.call(Unknown Source)
	at TempTestSuite1705920083951.run(TempTestSuite1705920083951.groovy:36)
)
[[ATTACHMENT|C:\\Users\\Fadli\\git\\KatalonDailyGetData2\\Reports\\20240122_174123\\TS1\\20240122_174123\\1705920194273.png]]

2024-01-22 17:43:14 - [TEST_STEP][PASSED] - else: null

2024-01-22 17:43:14 - [TEST_STEP][PASSED] - strBuyer3 = getText(findTestObject("Stockbit/Bandarmology_Buyer3")): Text of object 'Object Repository/Stockbit/Bandarmology_Buyer3' is: 'CC'

2024-01-22 17:43:14 - [MESSAGE][PASSED] - Text of object 'Object Repository/Stockbit/Bandarmology_Buyer3' is: 'CC'

2024-01-22 17:43:14 - [TEST_STEP][PASSED] - strBuyerVol3 = getText(findTestObject("Stockbit/Bandarmology_BuyerVol3")): Text of object 'Object Repository/Stockbit/Bandarmology_BuyerVol3' is: '26.3 K'

2024-01-22 17:43:14 - [MESSAGE][PASSED] - Text of object 'Object Repository/Stockbit/Bandarmology_BuyerVol3' is: '26.3 K'

2024-01-22 17:43:14 - [TEST_STEP][PASSED] - strBuyerAvg3 = getText(findTestObject("Stockbit/Bandarmology_BuyerAvg3")): Text of object 'Object Repository/Stockbit/Bandarmology_BuyerAvg3' is: '142'

2024-01-22 17:43:14 - [MESSAGE][PASSED] - Text of object 'Object Repository/Stockbit/Bandarmology_BuyerAvg3' is: '142'

2024-01-22 17:43:14 - [TEST_STEP][PASSED] - if (strBuyer3 != ""): null

2024-01-22 17:43:14 - [TEST_STEP][PASSED] - if (strBuyerAvg3.contains(",")): null

2024-01-22 17:43:14 - [TEST_STEP][PASSED] - if (strBuyerVol3.contains(" B")): null

2024-01-22 17:43:14 - [TEST_STEP][PASSED] - else if (strBuyerVol3.contains(" M")): null

2024-01-22 17:43:14 - [TEST_STEP][PASSED] - else if (strBuyerVol3.contains(" K")): null

2024-01-22 17:43:14 - [TEST_STEP][PASSED] - strBuyerVol3 = strBuyerVol3.replace(" K", ""): null

2024-01-22 17:43:14 - [TEST_STEP][PASSED] - strBuyerVol3 = strBuyerVol3.toDouble() * 1000: null

2024-01-22 17:43:14 - [TEST_STEP][PASSED] - if (verifyElementNotPresent(findTestObject("Stockbit/Bandarmology_Seller3"), 1, OPTIONAL)): Web element with id: 'Object Repository/Stockbit/Bandarmology_Seller3' located by 'By.xpath: //*[contains(@id, 'rc-tabs-')]/div[2]/div/div/div/div/div/div[2]/table/tbody/tr[4]/td[5]/p' is present after '1' second(s) (Root cause: com.kms.katalon.core.exception.StepFailedException: Web element with id: 'Object Repository/Stockbit/Bandarmology_Seller3' located by 'By.xpath: //*[contains(@id, 'rc-tabs-')]/div[2]/div/div/div/div/div/div[2]/table/tbody/tr[4]/td[5]/p' is present after '1' second(s)
	at com.kms.katalon.core.webui.keyword.internal.WebUIKeywordMain.stepFailed(WebUIKeywordMain.groovy:64)
	at com.kms.katalon.core.webui.keyword.internal.WebUIKeywordMain$stepFailed$0.call(Unknown Source)
	at com.kms.katalon.core.webui.keyword.builtin.VerifyElementNotPresentKeyword$_verifyElementNotPresent_closure1.doCall(VerifyElementNotPresentKeyword.groovy:106)
	at com.kms.katalon.core.webui.keyword.builtin.VerifyElementNotPresentKeyword$_verifyElementNotPresent_closure1.doCall(VerifyElementNotPresentKeyword.groovy)
	at com.kms.katalon.core.webui.keyword.internal.WebUIKeywordMain.runKeyword(WebUIKeywordMain.groovy:20)
	at com.kms.katalon.core.webui.keyword.internal.WebUIKeywordMain$runKeyword.call(Unknown Source)
	at com.kms.katalon.core.webui.keyword.builtin.VerifyElementNotPresentKeyword.verifyElementNotPresent(VerifyElementNotPresentKeyword.groovy:117)
	at com.kms.katalon.core.webui.keyword.builtin.VerifyElementNotPresentKeyword.execute(VerifyElementNotPresentKeyword.groovy:68)
	at com.kms.katalon.core.keyword.internal.KeywordExecutor.executeKeywordForPlatform(KeywordExecutor.groovy:74)
	at com.kms.katalon.core.webui.keyword.WebUiBuiltInKeywords.verifyElementNotPresent(WebUiBuiltInKeywords.groovy:1481)
	at com.kms.katalon.core.webui.keyword.WebUiBuiltInKeywords$verifyElementNotPresent$8.call(Unknown Source)
	at GetBrokSumPriceDaily.run(GetBrokSumPriceDaily:414)
	at com.kms.katalon.core.main.ScriptEngine.run(ScriptEngine.java:194)
	at com.kms.katalon.core.main.ScriptEngine.runScriptAsRawText(ScriptEngine.java:119)
	at com.kms.katalon.core.main.TestCaseExecutor.runScript(TestCaseExecutor.java:445)
	at com.kms.katalon.core.main.TestCaseExecutor.doExecute(TestCaseExecutor.java:436)
	at com.kms.katalon.core.main.TestCaseExecutor.processExecutionPhase(TestCaseExecutor.java:415)
	at com.kms.katalon.core.main.TestCaseExecutor.accessMainPhase(TestCaseExecutor.java:407)
	at com.kms.katalon.core.main.TestCaseExecutor.execute(TestCaseExecutor.java:284)
	at com.kms.katalon.core.common.CommonExecutor.accessTestCaseMainPhase(CommonExecutor.java:65)
	at com.kms.katalon.core.main.TestSuiteExecutor.accessTestSuiteMainPhase(TestSuiteExecutor.java:144)
	at com.kms.katalon.core.main.TestSuiteExecutor.execute(TestSuiteExecutor.java:106)
	at com.kms.katalon.core.main.TestCaseMain.startTestSuite(TestCaseMain.java:185)
	at com.kms.katalon.core.main.TestCaseMain$startTestSuite$0.call(Unknown Source)
	at TempTestSuite1705920083951.run(TempTestSuite1705920083951.groovy:36)
)

2024-01-22 17:43:16 - [MESSAGE][WARNING] - Web element with id: 'Object Repository/Stockbit/Bandarmology_Seller3' located by 'By.xpath: //*[contains(@id, 'rc-tabs-')]/div[2]/div/div/div/div/div/div[2]/table/tbody/tr[4]/td[5]/p' is present after '1' second(s) (Root cause: com.kms.katalon.core.exception.StepFailedException: Web element with id: 'Object Repository/Stockbit/Bandarmology_Seller3' located by 'By.xpath: //*[contains(@id, 'rc-tabs-')]/div[2]/div/div/div/div/div/div[2]/table/tbody/tr[4]/td[5]/p' is present after '1' second(s)
	at com.kms.katalon.core.webui.keyword.internal.WebUIKeywordMain.stepFailed(WebUIKeywordMain.groovy:64)
	at com.kms.katalon.core.webui.keyword.internal.WebUIKeywordMain$stepFailed$0.call(Unknown Source)
	at com.kms.katalon.core.webui.keyword.builtin.VerifyElementNotPresentKeyword$_verifyElementNotPresent_closure1.doCall(VerifyElementNotPresentKeyword.groovy:106)
	at com.kms.katalon.core.webui.keyword.builtin.VerifyElementNotPresentKeyword$_verifyElementNotPresent_closure1.doCall(VerifyElementNotPresentKeyword.groovy)
	at com.kms.katalon.core.webui.keyword.internal.WebUIKeywordMain.runKeyword(WebUIKeywordMain.groovy:20)
	at com.kms.katalon.core.webui.keyword.internal.WebUIKeywordMain$runKeyword.call(Unknown Source)
	at com.kms.katalon.core.webui.keyword.builtin.VerifyElementNotPresentKeyword.verifyElementNotPresent(VerifyElementNotPresentKeyword.groovy:117)
	at com.kms.katalon.core.webui.keyword.builtin.VerifyElementNotPresentKeyword.execute(VerifyElementNotPresentKeyword.groovy:68)
	at com.kms.katalon.core.keyword.internal.KeywordExecutor.executeKeywordForPlatform(KeywordExecutor.groovy:74)
	at com.kms.katalon.core.webui.keyword.WebUiBuiltInKeywords.verifyElementNotPresent(WebUiBuiltInKeywords.groovy:1481)
	at com.kms.katalon.core.webui.keyword.WebUiBuiltInKeywords$verifyElementNotPresent$8.call(Unknown Source)
	at GetBrokSumPriceDaily.run(GetBrokSumPriceDaily:414)
	at com.kms.katalon.core.main.ScriptEngine.run(ScriptEngine.java:194)
	at com.kms.katalon.core.main.ScriptEngine.runScriptAsRawText(ScriptEngine.java:119)
	at com.kms.katalon.core.main.TestCaseExecutor.runScript(TestCaseExecutor.java:445)
	at com.kms.katalon.core.main.TestCaseExecutor.doExecute(TestCaseExecutor.java:436)
	at com.kms.katalon.core.main.TestCaseExecutor.processExecutionPhase(TestCaseExecutor.java:415)
	at com.kms.katalon.core.main.TestCaseExecutor.accessMainPhase(TestCaseExecutor.java:407)
	at com.kms.katalon.core.main.TestCaseExecutor.execute(TestCaseExecutor.java:284)
	at com.kms.katalon.core.common.CommonExecutor.accessTestCaseMainPhase(CommonExecutor.java:65)
	at com.kms.katalon.core.main.TestSuiteExecutor.accessTestSuiteMainPhase(TestSuiteExecutor.java:144)
	at com.kms.katalon.core.main.TestSuiteExecutor.execute(TestSuiteExecutor.java:106)
	at com.kms.katalon.core.main.TestCaseMain.startTestSuite(TestCaseMain.java:185)
	at com.kms.katalon.core.main.TestCaseMain$startTestSuite$0.call(Unknown Source)
	at TempTestSuite1705920083951.run(TempTestSuite1705920083951.groovy:36)
)
[[ATTACHMENT|C:\\Users\\Fadli\\git\\KatalonDailyGetData2\\Reports\\20240122_174123\\TS1\\20240122_174123\\1705920196124.png]]

2024-01-22 17:43:16 - [TEST_STEP][PASSED] - else: null

2024-01-22 17:43:16 - [TEST_STEP][PASSED] - strSeller3 = getText(findTestObject("Stockbit/Bandarmology_Seller3")): Text of object 'Object Repository/Stockbit/Bandarmology_Seller3' is: 'BR'

2024-01-22 17:43:16 - [MESSAGE][PASSED] - Text of object 'Object Repository/Stockbit/Bandarmology_Seller3' is: 'BR'

2024-01-22 17:43:16 - [TEST_STEP][PASSED] - strSellerVol3 = getText(findTestObject("Stockbit/Bandarmology_SellerVol3")): Text of object 'Object Repository/Stockbit/Bandarmology_SellerVol3' is: '66.2 K'

2024-01-22 17:43:16 - [MESSAGE][PASSED] - Text of object 'Object Repository/Stockbit/Bandarmology_SellerVol3' is: '66.2 K'

2024-01-22 17:43:16 - [TEST_STEP][PASSED] - strSellerAvg3 = getText(findTestObject("Stockbit/Bandarmology_SellerAvg3")): Text of object 'Object Repository/Stockbit/Bandarmology_SellerAvg3' is: '142'

2024-01-22 17:43:16 - [MESSAGE][PASSED] - Text of object 'Object Repository/Stockbit/Bandarmology_SellerAvg3' is: '142'

2024-01-22 17:43:16 - [TEST_STEP][PASSED] - if (strSeller3 != ""): null

2024-01-22 17:43:16 - [TEST_STEP][PASSED] - if (strSellerAvg3.contains(",")): null

2024-01-22 17:43:16 - [TEST_STEP][PASSED] - if (strSellerVol3.contains(" B")): null

2024-01-22 17:43:16 - [TEST_STEP][PASSED] - else if (strSellerVol3.contains(" M")): null

2024-01-22 17:43:16 - [TEST_STEP][PASSED] - else if (strSellerVol3.contains(" K")): null

2024-01-22 17:43:16 - [TEST_STEP][PASSED] - strSellerVol3 = strSellerVol3.replace(" K", ""): null

2024-01-22 17:43:16 - [TEST_STEP][PASSED] - strSellerVol3 = strSellerVol3.toDouble() * 1000: null

2024-01-22 17:43:16 - [TEST_STEP][PASSED] - strAccDist = getText(findTestObject("Stockbit/Bandarmology_AccDist")): Text of object 'Object Repository/Stockbit/Bandarmology_AccDist' is: 'Acc'

2024-01-22 17:43:17 - [MESSAGE][PASSED] - Text of object 'Object Repository/Stockbit/Bandarmology_AccDist' is: 'Acc'

2024-01-22 17:43:17 - [TEST_STEP][PASSED] - strNetVol = getText(findTestObject("Stockbit/Bandarmology_NetVol")): Text of object 'Object Repository/Stockbit/Bandarmology_NetVol' is: '704,115'

2024-01-22 17:43:17 - [MESSAGE][PASSED] - Text of object 'Object Repository/Stockbit/Bandarmology_NetVol' is: '704,115'

2024-01-22 17:43:17 - [TEST_STEP][PASSED] - strNetVol = strNetVol.replace(",", ""): null

2024-01-22 17:43:17 - [TEST_STEP][PASSED] - strNetVal = getText(findTestObject("Stockbit/Bandarmology_NetVal")): Text of object 'Object Repository/Stockbit/Bandarmology_NetVal' is: '10 B'

2024-01-22 17:43:17 - [MESSAGE][PASSED] - Text of object 'Object Repository/Stockbit/Bandarmology_NetVal' is: '10 B'

2024-01-22 17:43:17 - [TEST_STEP][PASSED] - delay(3): Delayed 3 second(s)

2024-01-22 17:43:20 - [MESSAGE][PASSED] - Delayed 3 second(s)

2024-01-22 17:43:20 - [TEST_STEP][PASSED] - strOpenPrice = getText(findTestObject("Stockbit/Home_OpenPrice")): Text of object 'Object Repository/Stockbit/Home_OpenPrice' is: '143'

2024-01-22 17:43:20 - [MESSAGE][PASSED] - Text of object 'Object Repository/Stockbit/Home_OpenPrice' is: '143'

2024-01-22 17:43:20 - [TEST_STEP][PASSED] - strOpenPrice = strOpenPrice.replace(",", ""): null

2024-01-22 17:43:20 - [TEST_STEP][PASSED] - strLowPrice = getText(findTestObject("Stockbit/Home_LowPrice")): Text of object 'Object Repository/Stockbit/Home_LowPrice' is: '140'

2024-01-22 17:43:20 - [MESSAGE][PASSED] - Text of object 'Object Repository/Stockbit/Home_LowPrice' is: '140'

2024-01-22 17:43:20 - [TEST_STEP][PASSED] - strLowPrice = strLowPrice.replace(",", ""): null

2024-01-22 17:43:20 - [TEST_STEP][PASSED] - strHighPrice = getText(findTestObject("Stockbit/Home_HighPrice")): Text of object 'Object Repository/Stockbit/Home_HighPrice' is: '145'

2024-01-22 17:43:20 - [MESSAGE][PASSED] - Text of object 'Object Repository/Stockbit/Home_HighPrice' is: '145'

2024-01-22 17:43:20 - [TEST_STEP][PASSED] - strHighPrice = strHighPrice.replace(",", ""): null

2024-01-22 17:43:20 - [TEST_STEP][PASSED] - strClosePrice = getText(findTestObject("Stockbit/Home_ClosePrice")): Text of object 'Object Repository/Stockbit/Home_ClosePrice' is: '142'

2024-01-22 17:43:21 - [MESSAGE][PASSED] - Text of object 'Object Repository/Stockbit/Home_ClosePrice' is: '142'

2024-01-22 17:43:21 - [TEST_STEP][PASSED] - strClosePrice = strClosePrice.replace(",", ""): null

2024-01-22 17:43:21 - [TEST_STEP][PASSED] - strVol = getText(findTestObject("Stockbit/Home_Volume")): Text of object 'Object Repository/Stockbit/Home_Volume' is: '1,336 K'

2024-01-22 17:43:21 - [MESSAGE][PASSED] - Text of object 'Object Repository/Stockbit/Home_Volume' is: '1,336 K'

2024-01-22 17:43:21 - [TEST_STEP][PASSED] - if (strVol.contains(" K")): null

2024-01-22 17:43:21 - [TEST_STEP][PASSED] - strVol = strVol.replace(" K", "000"): null

2024-01-22 17:43:21 - [TEST_STEP][PASSED] - if (strVol.contains(",")): null

2024-01-22 17:43:21 - [TEST_STEP][PASSED] - strVol = strVol.replace(",", ""): null

2024-01-22 17:43:21 - [TEST_STEP][PASSED] - strChange = getText(findTestObject("Stockbit/Home_Change")): Text of object 'Object Repository/Stockbit/Home_Change' is: '0.00%'

2024-01-22 17:43:21 - [MESSAGE][PASSED] - Text of object 'Object Repository/Stockbit/Home_Change' is: '0.00%'

2024-01-22 17:43:21 - [TEST_STEP][PASSED] - strChange = strChange.replace("%", ""): null

2024-01-22 17:43:21 - [TEST_STEP][PASSED] - strFreq = getText(findTestObject("Stockbit/Home_Freq")): Text of object 'Object Repository/Stockbit/Home_Freq' is: '2,099'

2024-01-22 17:43:21 - [MESSAGE][PASSED] - Text of object 'Object Repository/Stockbit/Home_Freq' is: '2,099'

2024-01-22 17:43:21 - [TEST_STEP][PASSED] - if (strFreq.contains(",")): null

2024-01-22 17:43:21 - [TEST_STEP][PASSED] - strFreq = strFreq.replace(",", ""): null

2024-01-22 17:43:21 - [TEST_STEP][PASSED] - if (strFreq == "NA" || strFreq == ""): null

2024-01-22 17:43:21 - [TEST_STEP][PASSED] - else: null

2024-01-22 17:43:21 - [TEST_STEP][PASSED] - dblFreqAnal = strVol.toDouble() / strFreq.toDouble() * strFreq.toDouble() * strFreq.toDouble() * 100000000: null

2024-01-22 17:43:21 - [TEST_STEP][PASSED] - strFreqAnal = String.format("%.4f", dblFreqAnal): null

2024-01-22 17:43:21 - [TEST_STEP][PASSED] - out.println("Double strFreqAnal: " + strFreqAnal): null

2024-01-22 17:43:21 - [TEST_STEP][PASSED] - strTanggal = d.format(DateTimeFormatter.ofPattern("yyyy-MM-dd")): null

2024-01-22 17:43:21 - [TEST_STEP][PASSED] - strTanggal = "#" + strTanggal + "#": null

2024-01-22 17:43:21 - [TEST_STEP][PASSED] - strSQL = "select count(*) as JumBaris from TblBrokSum where Nama = '" + strNama + "' and Tanggal = " + strTanggal + "": null

2024-01-22 17:43:21 - [TEST_STEP][PASSED] - resultSet = statement.executeQuery(strSQL): null

2024-01-22 17:43:21 - [TEST_STEP][PASSED] - resultSet.next(): null

2024-01-22 17:43:21 - [TEST_STEP][PASSED] - intJumBaris = resultSet.getInt("JumBaris"): null

2024-01-22 17:43:21 - [TEST_STEP][PASSED] - if (intJumBaris > 0): null

2024-01-22 17:43:21 - [TEST_STEP][PASSED] - else: null

2024-01-22 17:43:21 - [TEST_STEP][PASSED] - try: null

2024-01-22 17:43:21 - [TEST_STEP][PASSED] - out.println("Insert data"): null

2024-01-22 17:43:21 - [TEST_STEP][PASSED] - strSQL = "insert into TblBrokSum (nama, tanggal, top1, top2, top3, AllBrokAvg, AccDist, AvgRP, " + "Buyer1, BuyerVal1, BuyerAvg1, Seller1, SellerVal1, SellerAvg1, Buyer2, BuyerVal2, BuyerAvg2, " + "Seller2, SellerVal2, SellerAvg2, Buyer3, BuyerVal3, BuyerAvg3, Seller3, SellerVal3, SellerAvg3, NetVol, NetVal, " + "OpenPrice, LowPrice, HighPrice, ClosePrice, Volume, Change, Frekuensi, FrekAnal) " + "values ('" + strNama + "', " + strTanggal + ", '" + strTop1 + "', '" + strTop3 + "', '" + strTop5 + "', " + "'" + strAllBrokAvg + "', '" + strAccDist + "', " + intAvgRP + ", '" + strBuyer1 + "', '" + strBuyerVol1 + "', " + strBuyerAvg1 + ", " + "'" + strSeller1 + "', '" + strSellerVol1 + "', " + strSellerAvg1 + ", '" + strBuyer2 + "', '" + strBuyerVol2 + "', " + strBuyerAvg2 + ", " + "'" + strSeller2 + "', '" + strSellerVol2 + "', " + strSellerAvg2 + ", '" + strBuyer3 + "', '" + strBuyerVol3 + "', " + strBuyerAvg3 + ", " + "'" + strSeller3 + "', '" + strSellerVol3 + "', " + strSellerAvg3 + ", " + strNetVol + ", '" + strNetVal + "', " + "" + strOpenPrice + ", " + strLowPrice + ", " + strHighPrice + ", " + strClosePrice + ", '" + strVol + "', " + strChange + ", " + strFreq + ", " + strFreqAnal + ");": null

2024-01-22 17:43:21 - [TEST_STEP][PASSED] - out.println("strSQL = " + strSQL): null

2024-01-22 17:43:21 - [TEST_STEP][PASSED] - statement.executeUpdate(strSQL): null

2024-01-22 17:43:21 - [TEST_STEP][PASSED] - setValueToCellByIndex(sheet01, rowIndex, 4, "DONE"): null

2024-01-22 17:43:21 - [TEST_STEP][PASSED] - saveWorkbook(excelFilePath, workbook01): null

2024-01-22 17:43:21 - [TEST_STEP][PASSED] - waitForElementClickable(findTestObject("Stockbit/menu_Bandarmology"), 10): Object 'Object Repository/Stockbit/menu_Bandarmology' is clickable

2024-01-22 17:43:21 - [MESSAGE][PASSED] - Object 'Object Repository/Stockbit/menu_Bandarmology' is clickable

2024-01-22 17:43:21 - [TEST_STEP][PASSED] - click(findTestObject("Stockbit/menu_Bandarmology")): Object: 'Object Repository/Stockbit/menu_Bandarmology' is clicked on

2024-01-22 17:43:22 - [MESSAGE][PASSED] - Object: 'Object Repository/Stockbit/menu_Bandarmology' is clicked on

2024-01-22 17:43:22 - [TEST_STEP][PASSED] - strTemp = "NA": null

2024-01-22 17:43:22 - [TEST_STEP][PASSED] - if (getCellValueByIndex(sheet01, rowIndex, 4) != "DONE"): Object: 'Object Repository/Stockbit/menu_Bandarmology' is clicked on

2024-01-22 17:43:22 - [TEST_STEP][PASSED] - strNama = getCellValueByIndex(sheet01, rowIndex, 0): null

2024-01-22 17:43:22 - [TEST_STEP][PASSED] - navigateToUrl("https://stockbit.com/#/symbol/" + strNama): Navigate to 'https://stockbit.com/#/symbol/DOID' successfully

2024-01-22 17:43:24 - [MESSAGE][PASSED] - Navigate to 'https://stockbit.com/#/symbol/DOID' successfully

2024-01-22 17:43:24 - [TEST_STEP][PASSED] - waitForElementClickable(findTestObject("Stockbit/menu_Bandarmology"), 10): Object 'Object Repository/Stockbit/menu_Bandarmology' is clickable

2024-01-22 17:43:24 - [MESSAGE][PASSED] - Object 'Object Repository/Stockbit/menu_Bandarmology' is clickable

2024-01-22 17:43:24 - [TEST_STEP][PASSED] - click(findTestObject("Stockbit/menu_Bandarmology")): Object: 'Object Repository/Stockbit/menu_Bandarmology' is clicked on

2024-01-22 17:43:25 - [MESSAGE][PASSED] - Object: 'Object Repository/Stockbit/menu_Bandarmology' is clicked on

2024-01-22 17:43:25 - [TEST_STEP][PASSED] - strTanggal = d.format(DateTimeFormatter.ofPattern("MMM dd, yyyy")): null

2024-01-22 17:43:25 - [TEST_STEP][PASSED] - strTanggal = d.format(ISO_DATE): null

2024-01-22 17:43:25 - [TEST_STEP][PASSED] - out.println("strTanggal = " + strTanggal): null

2024-01-22 17:43:25 - [TEST_STEP][PASSED] - out.println("strNama = " + strNama): null

2024-01-22 17:43:25 - [TEST_STEP][PASSED] - out.println("Baris ke = " + rowIndex): null

2024-01-22 17:43:25 - [TEST_STEP][PASSED] - click(findTestObject("Stockbit/input__BandarmologyOpenStartDate")): Object: 'Object Repository/Stockbit/input__BandarmologyOpenStartDate' is clicked on

2024-01-22 17:43:27 - [MESSAGE][PASSED] - Object: 'Object Repository/Stockbit/input__BandarmologyOpenStartDate' is clicked on

2024-01-22 17:43:27 - [TEST_STEP][PASSED] - sendKeys(findTestObject("Stockbit/input__BandarmologyOpenStartDate"), Keys.chord(CONTROL, "a")): Keys 'CONTROL + a' sent to object: 'Object Repository/Stockbit/input__BandarmologyOpenStartDate'

2024-01-22 17:43:27 - [MESSAGE][PASSED] - Keys 'CONTROL + a' sent to object: 'Object Repository/Stockbit/input__BandarmologyOpenStartDate'

2024-01-22 17:43:27 - [TEST_STEP][PASSED] - sendKeys(findTestObject("Stockbit/input__BandarmologyOpenStartDate"), Keys.chord(BACK_SPACE)): Keys 'BACK_SPACE + ' sent to object: 'Object Repository/Stockbit/input__BandarmologyOpenStartDate'

2024-01-22 17:43:28 - [MESSAGE][PASSED] - Keys 'BACK_SPACE + ' sent to object: 'Object Repository/Stockbit/input__BandarmologyOpenStartDate'

2024-01-22 17:43:28 - [TEST_STEP][PASSED] - setText(findTestObject("Stockbit/input__BandarmologyOpenStartDate"), strTanggal): Text '2024-01-22' is set on object 'Object Repository/Stockbit/input__BandarmologyOpenStartDate'

2024-01-22 17:43:29 - [MESSAGE][PASSED] - Text '2024-01-22' is set on object 'Object Repository/Stockbit/input__BandarmologyOpenStartDate'

2024-01-22 17:43:29 - [TEST_STEP][PASSED] - sendKeys(findTestObject("Stockbit/input__BandarmologyOpenStartDate"), Keys.chord(ENTER)): Keys 'ENTER + ' sent to object: 'Object Repository/Stockbit/input__BandarmologyOpenStartDate'

2024-01-22 17:43:29 - [MESSAGE][PASSED] - Keys 'ENTER + ' sent to object: 'Object Repository/Stockbit/input__BandarmologyOpenStartDate'

2024-01-22 17:43:29 - [TEST_STEP][PASSED] - click(findTestObject("Stockbit/input__BandarmologyOpenEndDate")): Object: 'Object Repository/Stockbit/input__BandarmologyOpenEndDate' is clicked on

2024-01-22 17:43:30 - [MESSAGE][PASSED] - Object: 'Object Repository/Stockbit/input__BandarmologyOpenEndDate' is clicked on

2024-01-22 17:43:30 - [TEST_STEP][PASSED] - sendKeys(findTestObject("Stockbit/input__BandarmologyOpenEndDate"), Keys.chord(CONTROL, "a")): Keys 'CONTROL + a' sent to object: 'Object Repository/Stockbit/input__BandarmologyOpenEndDate'

2024-01-22 17:43:30 - [MESSAGE][PASSED] - Keys 'CONTROL + a' sent to object: 'Object Repository/Stockbit/input__BandarmologyOpenEndDate'

2024-01-22 17:43:30 - [TEST_STEP][PASSED] - sendKeys(findTestObject("Stockbit/input__BandarmologyOpenEndDate"), Keys.chord(BACK_SPACE)): Keys 'BACK_SPACE + ' sent to object: 'Object Repository/Stockbit/input__BandarmologyOpenEndDate'

2024-01-22 17:43:31 - [MESSAGE][PASSED] - Keys 'BACK_SPACE + ' sent to object: 'Object Repository/Stockbit/input__BandarmologyOpenEndDate'

2024-01-22 17:43:31 - [TEST_STEP][PASSED] - setText(findTestObject("Stockbit/input__BandarmologyOpenEndDate"), strTanggal): Text '2024-01-22' is set on object 'Object Repository/Stockbit/input__BandarmologyOpenEndDate'

2024-01-22 17:43:32 - [MESSAGE][PASSED] - Text '2024-01-22' is set on object 'Object Repository/Stockbit/input__BandarmologyOpenEndDate'

2024-01-22 17:43:32 - [TEST_STEP][PASSED] - sendKeys(findTestObject("Stockbit/input__BandarmologyOpenEndDate"), Keys.chord(ENTER)): Keys 'ENTER + ' sent to object: 'Object Repository/Stockbit/input__BandarmologyOpenEndDate'

2024-01-22 17:43:32 - [MESSAGE][PASSED] - Keys 'ENTER + ' sent to object: 'Object Repository/Stockbit/input__BandarmologyOpenEndDate'

2024-01-22 17:43:32 - [TEST_STEP][PASSED] - delay(2): Delayed 2 second(s)

2024-01-22 17:43:34 - [MESSAGE][PASSED] - Delayed 2 second(s)

2024-01-22 17:43:34 - [TEST_STEP][PASSED] - strTemp = getText(findTestObject("Stockbit/Bandarmology_AvgRP")): Text of object 'Object Repository/Stockbit/Bandarmology_AvgRP' is: '394'

2024-01-22 17:43:34 - [MESSAGE][PASSED] - Text of object 'Object Repository/Stockbit/Bandarmology_AvgRP' is: '394'

2024-01-22 17:43:34 - [TEST_STEP][PASSED] - out.println("Bandarmology_AvgRP = " + strTemp): null

2024-01-22 17:43:34 - [TEST_STEP][PASSED] - if (strTemp != "0"): null

2024-01-22 17:43:34 - [TEST_STEP][PASSED] - strTop1 = getText(findTestObject("Stockbit/Bandarmology_Top1")): Text of object 'Object Repository/Stockbit/Bandarmology_Top1' is: 'Big Acc'

2024-01-22 17:43:34 - [MESSAGE][PASSED] - Text of object 'Object Repository/Stockbit/Bandarmology_Top1' is: 'Big Acc'

2024-01-22 17:43:34 - [TEST_STEP][PASSED] - strTop3 = getText(findTestObject("Stockbit/Bandarmology_Top3")): Text of object 'Object Repository/Stockbit/Bandarmology_Top3' is: 'Big Acc'

2024-01-22 17:43:35 - [MESSAGE][PASSED] - Text of object 'Object Repository/Stockbit/Bandarmology_Top3' is: 'Big Acc'

2024-01-22 17:43:35 - [TEST_STEP][PASSED] - strTop5 = getText(findTestObject("Stockbit/Bandarmology_Top5")): Text of object 'Object Repository/Stockbit/Bandarmology_Top5' is: 'Big Acc'

2024-01-22 17:43:35 - [MESSAGE][PASSED] - Text of object 'Object Repository/Stockbit/Bandarmology_Top5' is: 'Big Acc'

2024-01-22 17:43:35 - [TEST_STEP][PASSED] - strAllBrokAvg = getText(findTestObject("Stockbit/Bandarmology_TopAVG")): Text of object 'Object Repository/Stockbit/Bandarmology_TopAVG' is: 'Big Acc'

2024-01-22 17:43:35 - [MESSAGE][PASSED] - Text of object 'Object Repository/Stockbit/Bandarmology_TopAVG' is: 'Big Acc'

2024-01-22 17:43:35 - [TEST_STEP][PASSED] - strTemp = getText(findTestObject("Stockbit/Bandarmology_AvgRP")): Text of object 'Object Repository/Stockbit/Bandarmology_AvgRP' is: '394'

2024-01-22 17:43:35 - [MESSAGE][PASSED] - Text of object 'Object Repository/Stockbit/Bandarmology_AvgRP' is: '394'

2024-01-22 17:43:35 - [TEST_STEP][PASSED] - if (strTemp.contains(",")): null

2024-01-22 17:43:35 - [TEST_STEP][PASSED] - intAvgRP = strTemp.toInteger(): null

2024-01-22 17:43:35 - [TEST_STEP][PASSED] - strBuyer1 = getText(findTestObject("Stockbit/Bandarmology_Buyer1")): Text of object 'Object Repository/Stockbit/Bandarmology_Buyer1' is: 'YU'

2024-01-22 17:43:35 - [MESSAGE][PASSED] - Text of object 'Object Repository/Stockbit/Bandarmology_Buyer1' is: 'YU'

2024-01-22 17:43:35 - [TEST_STEP][PASSED] - strBuyerVol1 = getText(findTestObject("Stockbit/Bandarmology_BuyerVol1")): Text of object 'Object Repository/Stockbit/Bandarmology_BuyerVol1' is: '38.1 K'

2024-01-22 17:43:35 - [MESSAGE][PASSED] - Text of object 'Object Repository/Stockbit/Bandarmology_BuyerVol1' is: '38.1 K'

2024-01-22 17:43:35 - [TEST_STEP][PASSED] - strBuyerAvg1 = getText(findTestObject("Stockbit/Bandarmology_BuyerAvg1")): Text of object 'Object Repository/Stockbit/Bandarmology_BuyerAvg1' is: '397'

2024-01-22 17:43:35 - [MESSAGE][PASSED] - Text of object 'Object Repository/Stockbit/Bandarmology_BuyerAvg1' is: '397'

2024-01-22 17:43:35 - [TEST_STEP][PASSED] - if (strBuyerAvg1.contains(",")): null

2024-01-22 17:43:35 - [TEST_STEP][PASSED] - if (strBuyerVol1.contains(" B")): null

2024-01-22 17:43:35 - [TEST_STEP][PASSED] - else if (strBuyerVol1.contains(" M")): null

2024-01-22 17:43:35 - [TEST_STEP][PASSED] - else if (strBuyerVol1.contains(" K")): null

2024-01-22 17:43:35 - [TEST_STEP][PASSED] - strBuyerVol1 = strBuyerVol1.replace(" K", ""): null

2024-01-22 17:43:35 - [TEST_STEP][PASSED] - strBuyerVol1 = strBuyerVol1.toDouble() * 1000: null

2024-01-22 17:43:35 - [TEST_STEP][PASSED] - strSeller1 = getText(findTestObject("Stockbit/Bandarmology_Seller1")): Text of object 'Object Repository/Stockbit/Bandarmology_Seller1' is: 'BK'

2024-01-22 17:43:35 - [MESSAGE][PASSED] - Text of object 'Object Repository/Stockbit/Bandarmology_Seller1' is: 'BK'

2024-01-22 17:43:35 - [TEST_STEP][PASSED] - strSellerVol1 = getText(findTestObject("Stockbit/Bandarmology_SellerVol1")): Text of object 'Object Repository/Stockbit/Bandarmology_SellerVol1' is: '11.6 K'

2024-01-22 17:43:36 - [MESSAGE][PASSED] - Text of object 'Object Repository/Stockbit/Bandarmology_SellerVol1' is: '11.6 K'

2024-01-22 17:43:36 - [TEST_STEP][PASSED] - strSellerAvg1 = getText(findTestObject("Stockbit/Bandarmology_SellerAvg1")): Text of object 'Object Repository/Stockbit/Bandarmology_SellerAvg1' is: '397'

2024-01-22 17:43:36 - [MESSAGE][PASSED] - Text of object 'Object Repository/Stockbit/Bandarmology_SellerAvg1' is: '397'

2024-01-22 17:43:36 - [TEST_STEP][PASSED] - if (strSellerAvg1.contains(",")): null

2024-01-22 17:43:36 - [TEST_STEP][PASSED] - if (strSellerVol1.contains(" B")): null

2024-01-22 17:43:36 - [TEST_STEP][PASSED] - else if (strSellerVol1.contains(" M")): null

2024-01-22 17:43:36 - [TEST_STEP][PASSED] - else if (strSellerVol1.contains(" K")): null

2024-01-22 17:43:36 - [TEST_STEP][PASSED] - strSellerVol1 = strSellerVol1.replace(" K", ""): null

2024-01-22 17:43:36 - [TEST_STEP][PASSED] - strSellerVol1 = strSellerVol1.toDouble() * 1000: null

2024-01-22 17:43:36 - [TEST_STEP][PASSED] - if (verifyElementNotPresent(findTestObject("Stockbit/Bandarmology_Buyer2"), 1, OPTIONAL)): Web element with id: 'Object Repository/Stockbit/Bandarmology_Buyer2' located by 'By.xpath: //*[contains(@id, 'rc-tabs-')]/div[2]/div/div/div/div/div/div[2]/table/tbody/tr[3]/td[1]/p' is present after '1' second(s) (Root cause: com.kms.katalon.core.exception.StepFailedException: Web element with id: 'Object Repository/Stockbit/Bandarmology_Buyer2' located by 'By.xpath: //*[contains(@id, 'rc-tabs-')]/div[2]/div/div/div/div/div/div[2]/table/tbody/tr[3]/td[1]/p' is present after '1' second(s)
	at com.kms.katalon.core.webui.keyword.internal.WebUIKeywordMain.stepFailed(WebUIKeywordMain.groovy:64)
	at com.kms.katalon.core.webui.keyword.internal.WebUIKeywordMain$stepFailed$0.call(Unknown Source)
	at com.kms.katalon.core.webui.keyword.builtin.VerifyElementNotPresentKeyword$_verifyElementNotPresent_closure1.doCall(VerifyElementNotPresentKeyword.groovy:106)
	at com.kms.katalon.core.webui.keyword.builtin.VerifyElementNotPresentKeyword$_verifyElementNotPresent_closure1.doCall(VerifyElementNotPresentKeyword.groovy)
	at com.kms.katalon.core.webui.keyword.internal.WebUIKeywordMain.runKeyword(WebUIKeywordMain.groovy:20)
	at com.kms.katalon.core.webui.keyword.internal.WebUIKeywordMain$runKeyword.call(Unknown Source)
	at com.kms.katalon.core.webui.keyword.builtin.VerifyElementNotPresentKeyword.verifyElementNotPresent(VerifyElementNotPresentKeyword.groovy:117)
	at com.kms.katalon.core.webui.keyword.builtin.VerifyElementNotPresentKeyword.execute(VerifyElementNotPresentKeyword.groovy:68)
	at com.kms.katalon.core.keyword.internal.KeywordExecutor.executeKeywordForPlatform(KeywordExecutor.groovy:74)
	at com.kms.katalon.core.webui.keyword.WebUiBuiltInKeywords.verifyElementNotPresent(WebUiBuiltInKeywords.groovy:1481)
	at com.kms.katalon.core.webui.keyword.WebUiBuiltInKeywords$verifyElementNotPresent$8.call(Unknown Source)
	at GetBrokSumPriceDaily.run(GetBrokSumPriceDaily:258)
	at com.kms.katalon.core.main.ScriptEngine.run(ScriptEngine.java:194)
	at com.kms.katalon.core.main.ScriptEngine.runScriptAsRawText(ScriptEngine.java:119)
	at com.kms.katalon.core.main.TestCaseExecutor.runScript(TestCaseExecutor.java:445)
	at com.kms.katalon.core.main.TestCaseExecutor.doExecute(TestCaseExecutor.java:436)
	at com.kms.katalon.core.main.TestCaseExecutor.processExecutionPhase(TestCaseExecutor.java:415)
	at com.kms.katalon.core.main.TestCaseExecutor.accessMainPhase(TestCaseExecutor.java:407)
	at com.kms.katalon.core.main.TestCaseExecutor.execute(TestCaseExecutor.java:284)
	at com.kms.katalon.core.common.CommonExecutor.accessTestCaseMainPhase(CommonExecutor.java:65)
	at com.kms.katalon.core.main.TestSuiteExecutor.accessTestSuiteMainPhase(TestSuiteExecutor.java:144)
	at com.kms.katalon.core.main.TestSuiteExecutor.execute(TestSuiteExecutor.java:106)
	at com.kms.katalon.core.main.TestCaseMain.startTestSuite(TestCaseMain.java:185)
	at com.kms.katalon.core.main.TestCaseMain$startTestSuite$0.call(Unknown Source)
	at TempTestSuite1705920083951.run(TempTestSuite1705920083951.groovy:36)
)

2024-01-22 17:43:37 - [MESSAGE][WARNING] - Web element with id: 'Object Repository/Stockbit/Bandarmology_Buyer2' located by 'By.xpath: //*[contains(@id, 'rc-tabs-')]/div[2]/div/div/div/div/div/div[2]/table/tbody/tr[3]/td[1]/p' is present after '1' second(s) (Root cause: com.kms.katalon.core.exception.StepFailedException: Web element with id: 'Object Repository/Stockbit/Bandarmology_Buyer2' located by 'By.xpath: //*[contains(@id, 'rc-tabs-')]/div[2]/div/div/div/div/div/div[2]/table/tbody/tr[3]/td[1]/p' is present after '1' second(s)
	at com.kms.katalon.core.webui.keyword.internal.WebUIKeywordMain.stepFailed(WebUIKeywordMain.groovy:64)
	at com.kms.katalon.core.webui.keyword.internal.WebUIKeywordMain$stepFailed$0.call(Unknown Source)
	at com.kms.katalon.core.webui.keyword.builtin.VerifyElementNotPresentKeyword$_verifyElementNotPresent_closure1.doCall(VerifyElementNotPresentKeyword.groovy:106)
	at com.kms.katalon.core.webui.keyword.builtin.VerifyElementNotPresentKeyword$_verifyElementNotPresent_closure1.doCall(VerifyElementNotPresentKeyword.groovy)
	at com.kms.katalon.core.webui.keyword.internal.WebUIKeywordMain.runKeyword(WebUIKeywordMain.groovy:20)
	at com.kms.katalon.core.webui.keyword.internal.WebUIKeywordMain$runKeyword.call(Unknown Source)
	at com.kms.katalon.core.webui.keyword.builtin.VerifyElementNotPresentKeyword.verifyElementNotPresent(VerifyElementNotPresentKeyword.groovy:117)
	at com.kms.katalon.core.webui.keyword.builtin.VerifyElementNotPresentKeyword.execute(VerifyElementNotPresentKeyword.groovy:68)
	at com.kms.katalon.core.keyword.internal.KeywordExecutor.executeKeywordForPlatform(KeywordExecutor.groovy:74)
	at com.kms.katalon.core.webui.keyword.WebUiBuiltInKeywords.verifyElementNotPresent(WebUiBuiltInKeywords.groovy:1481)
	at com.kms.katalon.core.webui.keyword.WebUiBuiltInKeywords$verifyElementNotPresent$8.call(Unknown Source)
	at GetBrokSumPriceDaily.run(GetBrokSumPriceDaily:258)
	at com.kms.katalon.core.main.ScriptEngine.run(ScriptEngine.java:194)
	at com.kms.katalon.core.main.ScriptEngine.runScriptAsRawText(ScriptEngine.java:119)
	at com.kms.katalon.core.main.TestCaseExecutor.runScript(TestCaseExecutor.java:445)
	at com.kms.katalon.core.main.TestCaseExecutor.doExecute(TestCaseExecutor.java:436)
	at com.kms.katalon.core.main.TestCaseExecutor.processExecutionPhase(TestCaseExecutor.java:415)
	at com.kms.katalon.core.main.TestCaseExecutor.accessMainPhase(TestCaseExecutor.java:407)
	at com.kms.katalon.core.main.TestCaseExecutor.execute(TestCaseExecutor.java:284)
	at com.kms.katalon.core.common.CommonExecutor.accessTestCaseMainPhase(CommonExecutor.java:65)
	at com.kms.katalon.core.main.TestSuiteExecutor.accessTestSuiteMainPhase(TestSuiteExecutor.java:144)
	at com.kms.katalon.core.main.TestSuiteExecutor.execute(TestSuiteExecutor.java:106)
	at com.kms.katalon.core.main.TestCaseMain.startTestSuite(TestCaseMain.java:185)
	at com.kms.katalon.core.main.TestCaseMain$startTestSuite$0.call(Unknown Source)
	at TempTestSuite1705920083951.run(TempTestSuite1705920083951.groovy:36)
)
[[ATTACHMENT|C:\\Users\\Fadli\\git\\KatalonDailyGetData2\\Reports\\20240122_174123\\TS1\\20240122_174123\\1705920217386.png]]

2024-01-22 17:43:37 - [TEST_STEP][PASSED] - else: null

2024-01-22 17:43:37 - [TEST_STEP][PASSED] - strBuyer2 = getText(findTestObject("Stockbit/Bandarmology_Buyer2")): Text of object 'Object Repository/Stockbit/Bandarmology_Buyer2' is: 'DP'

2024-01-22 17:43:37 - [MESSAGE][PASSED] - Text of object 'Object Repository/Stockbit/Bandarmology_Buyer2' is: 'DP'

2024-01-22 17:43:37 - [TEST_STEP][PASSED] - strBuyerVol2 = getText(findTestObject("Stockbit/Bandarmology_BuyerVol2")): Text of object 'Object Repository/Stockbit/Bandarmology_BuyerVol2' is: '12.3 K'

2024-01-22 17:43:38 - [MESSAGE][PASSED] - Text of object 'Object Repository/Stockbit/Bandarmology_BuyerVol2' is: '12.3 K'

2024-01-22 17:43:38 - [TEST_STEP][PASSED] - strBuyerAvg2 = getText(findTestObject("Stockbit/Bandarmology_BuyerAvg2")): Text of object 'Object Repository/Stockbit/Bandarmology_BuyerAvg2' is: '390'

2024-01-22 17:43:38 - [MESSAGE][PASSED] - Text of object 'Object Repository/Stockbit/Bandarmology_BuyerAvg2' is: '390'

2024-01-22 17:43:38 - [TEST_STEP][PASSED] - if (strBuyer2 != ""): null

2024-01-22 17:43:38 - [TEST_STEP][PASSED] - if (strBuyerAvg2.contains(",")): null

2024-01-22 17:43:38 - [TEST_STEP][PASSED] - if (strBuyerVol2.contains(" B")): null

2024-01-22 17:43:38 - [TEST_STEP][PASSED] - else if (strBuyerVol2.contains(" M")): null

2024-01-22 17:43:38 - [TEST_STEP][PASSED] - else if (strBuyerVol2.contains(" K")): null

2024-01-22 17:43:38 - [TEST_STEP][PASSED] - strBuyerVol2 = strBuyerVol2.replace(" K", ""): null

2024-01-22 17:43:38 - [TEST_STEP][PASSED] - strBuyerVol2 = strBuyerVol2.toDouble() * 1000: null

2024-01-22 17:43:38 - [TEST_STEP][PASSED] - if (strBuyerVol2.contains(".")): null

2024-01-22 17:43:38 - [TEST_STEP][PASSED] - strBuyerVal2 = strBuyerVol2.replace(".", ""): null

2024-01-22 17:43:38 - [TEST_STEP][PASSED] - if (verifyElementNotPresent(findTestObject("Stockbit/Bandarmology_Seller2"), 1, OPTIONAL)): Web element with id: 'Object Repository/Stockbit/Bandarmology_Seller2' located by 'By.xpath: //*[contains(@id, 'rc-tabs-')]/div[2]/div/div/div/div/div/div[2]/table/tbody/tr[3]/td[5]/p' is present after '1' second(s) (Root cause: com.kms.katalon.core.exception.StepFailedException: Web element with id: 'Object Repository/Stockbit/Bandarmology_Seller2' located by 'By.xpath: //*[contains(@id, 'rc-tabs-')]/div[2]/div/div/div/div/div/div[2]/table/tbody/tr[3]/td[5]/p' is present after '1' second(s)
	at com.kms.katalon.core.webui.keyword.internal.WebUIKeywordMain.stepFailed(WebUIKeywordMain.groovy:64)
	at com.kms.katalon.core.webui.keyword.internal.WebUIKeywordMain$stepFailed$0.call(Unknown Source)
	at com.kms.katalon.core.webui.keyword.builtin.VerifyElementNotPresentKeyword$_verifyElementNotPresent_closure1.doCall(VerifyElementNotPresentKeyword.groovy:106)
	at com.kms.katalon.core.webui.keyword.builtin.VerifyElementNotPresentKeyword$_verifyElementNotPresent_closure1.doCall(VerifyElementNotPresentKeyword.groovy)
	at com.kms.katalon.core.webui.keyword.internal.WebUIKeywordMain.runKeyword(WebUIKeywordMain.groovy:20)
	at com.kms.katalon.core.webui.keyword.internal.WebUIKeywordMain$runKeyword.call(Unknown Source)
	at com.kms.katalon.core.webui.keyword.builtin.VerifyElementNotPresentKeyword.verifyElementNotPresent(VerifyElementNotPresentKeyword.groovy:117)
	at com.kms.katalon.core.webui.keyword.builtin.VerifyElementNotPresentKeyword.execute(VerifyElementNotPresentKeyword.groovy:68)
	at com.kms.katalon.core.keyword.internal.KeywordExecutor.executeKeywordForPlatform(KeywordExecutor.groovy:74)
	at com.kms.katalon.core.webui.keyword.WebUiBuiltInKeywords.verifyElementNotPresent(WebUiBuiltInKeywords.groovy:1481)
	at com.kms.katalon.core.webui.keyword.WebUiBuiltInKeywords$verifyElementNotPresent$8.call(Unknown Source)
	at GetBrokSumPriceDaily.run(GetBrokSumPriceDaily:309)
	at com.kms.katalon.core.main.ScriptEngine.run(ScriptEngine.java:194)
	at com.kms.katalon.core.main.ScriptEngine.runScriptAsRawText(ScriptEngine.java:119)
	at com.kms.katalon.core.main.TestCaseExecutor.runScript(TestCaseExecutor.java:445)
	at com.kms.katalon.core.main.TestCaseExecutor.doExecute(TestCaseExecutor.java:436)
	at com.kms.katalon.core.main.TestCaseExecutor.processExecutionPhase(TestCaseExecutor.java:415)
	at com.kms.katalon.core.main.TestCaseExecutor.accessMainPhase(TestCaseExecutor.java:407)
	at com.kms.katalon.core.main.TestCaseExecutor.execute(TestCaseExecutor.java:284)
	at com.kms.katalon.core.common.CommonExecutor.accessTestCaseMainPhase(CommonExecutor.java:65)
	at com.kms.katalon.core.main.TestSuiteExecutor.accessTestSuiteMainPhase(TestSuiteExecutor.java:144)
	at com.kms.katalon.core.main.TestSuiteExecutor.execute(TestSuiteExecutor.java:106)
	at com.kms.katalon.core.main.TestCaseMain.startTestSuite(TestCaseMain.java:185)
	at com.kms.katalon.core.main.TestCaseMain$startTestSuite$0.call(Unknown Source)
	at TempTestSuite1705920083951.run(TempTestSuite1705920083951.groovy:36)
)

2024-01-22 17:43:39 - [MESSAGE][WARNING] - Web element with id: 'Object Repository/Stockbit/Bandarmology_Seller2' located by 'By.xpath: //*[contains(@id, 'rc-tabs-')]/div[2]/div/div/div/div/div/div[2]/table/tbody/tr[3]/td[5]/p' is present after '1' second(s) (Root cause: com.kms.katalon.core.exception.StepFailedException: Web element with id: 'Object Repository/Stockbit/Bandarmology_Seller2' located by 'By.xpath: //*[contains(@id, 'rc-tabs-')]/div[2]/div/div/div/div/div/div[2]/table/tbody/tr[3]/td[5]/p' is present after '1' second(s)
	at com.kms.katalon.core.webui.keyword.internal.WebUIKeywordMain.stepFailed(WebUIKeywordMain.groovy:64)
	at com.kms.katalon.core.webui.keyword.internal.WebUIKeywordMain$stepFailed$0.call(Unknown Source)
	at com.kms.katalon.core.webui.keyword.builtin.VerifyElementNotPresentKeyword$_verifyElementNotPresent_closure1.doCall(VerifyElementNotPresentKeyword.groovy:106)
	at com.kms.katalon.core.webui.keyword.builtin.VerifyElementNotPresentKeyword$_verifyElementNotPresent_closure1.doCall(VerifyElementNotPresentKeyword.groovy)
	at com.kms.katalon.core.webui.keyword.internal.WebUIKeywordMain.runKeyword(WebUIKeywordMain.groovy:20)
	at com.kms.katalon.core.webui.keyword.internal.WebUIKeywordMain$runKeyword.call(Unknown Source)
	at com.kms.katalon.core.webui.keyword.builtin.VerifyElementNotPresentKeyword.verifyElementNotPresent(VerifyElementNotPresentKeyword.groovy:117)
	at com.kms.katalon.core.webui.keyword.builtin.VerifyElementNotPresentKeyword.execute(VerifyElementNotPresentKeyword.groovy:68)
	at com.kms.katalon.core.keyword.internal.KeywordExecutor.executeKeywordForPlatform(KeywordExecutor.groovy:74)
	at com.kms.katalon.core.webui.keyword.WebUiBuiltInKeywords.verifyElementNotPresent(WebUiBuiltInKeywords.groovy:1481)
	at com.kms.katalon.core.webui.keyword.WebUiBuiltInKeywords$verifyElementNotPresent$8.call(Unknown Source)
	at GetBrokSumPriceDaily.run(GetBrokSumPriceDaily:309)
	at com.kms.katalon.core.main.ScriptEngine.run(ScriptEngine.java:194)
	at com.kms.katalon.core.main.ScriptEngine.runScriptAsRawText(ScriptEngine.java:119)
	at com.kms.katalon.core.main.TestCaseExecutor.runScript(TestCaseExecutor.java:445)
	at com.kms.katalon.core.main.TestCaseExecutor.doExecute(TestCaseExecutor.java:436)
	at com.kms.katalon.core.main.TestCaseExecutor.processExecutionPhase(TestCaseExecutor.java:415)
	at com.kms.katalon.core.main.TestCaseExecutor.accessMainPhase(TestCaseExecutor.java:407)
	at com.kms.katalon.core.main.TestCaseExecutor.execute(TestCaseExecutor.java:284)
	at com.kms.katalon.core.common.CommonExecutor.accessTestCaseMainPhase(CommonExecutor.java:65)
	at com.kms.katalon.core.main.TestSuiteExecutor.accessTestSuiteMainPhase(TestSuiteExecutor.java:144)
	at com.kms.katalon.core.main.TestSuiteExecutor.execute(TestSuiteExecutor.java:106)
	at com.kms.katalon.core.main.TestCaseMain.startTestSuite(TestCaseMain.java:185)
	at com.kms.katalon.core.main.TestCaseMain$startTestSuite$0.call(Unknown Source)
	at TempTestSuite1705920083951.run(TempTestSuite1705920083951.groovy:36)
)
[[ATTACHMENT|C:\\Users\\Fadli\\git\\KatalonDailyGetData2\\Reports\\20240122_174123\\TS1\\20240122_174123\\1705920219435.png]]

2024-01-22 17:43:39 - [TEST_STEP][PASSED] - else: null

2024-01-22 17:43:39 - [TEST_STEP][PASSED] - strSeller2 = getText(findTestObject("Stockbit/Bandarmology_Seller2")): Text of object 'Object Repository/Stockbit/Bandarmology_Seller2' is: 'AK'

2024-01-22 17:43:39 - [MESSAGE][PASSED] - Text of object 'Object Repository/Stockbit/Bandarmology_Seller2' is: 'AK'

2024-01-22 17:43:39 - [TEST_STEP][PASSED] - strSellerVol2 = getText(findTestObject("Stockbit/Bandarmology_SellerVol2")): Text of object 'Object Repository/Stockbit/Bandarmology_SellerVol2' is: '9.9 K'

2024-01-22 17:43:39 - [MESSAGE][PASSED] - Text of object 'Object Repository/Stockbit/Bandarmology_SellerVol2' is: '9.9 K'

2024-01-22 17:43:39 - [TEST_STEP][PASSED] - strSellerAvg2 = getText(findTestObject("Stockbit/Bandarmology_SellerAvg2")): Text of object 'Object Repository/Stockbit/Bandarmology_SellerAvg2' is: '393'

2024-01-22 17:43:40 - [MESSAGE][PASSED] - Text of object 'Object Repository/Stockbit/Bandarmology_SellerAvg2' is: '393'

2024-01-22 17:43:40 - [TEST_STEP][PASSED] - if (strSeller2 != ""): null

2024-01-22 17:43:40 - [TEST_STEP][PASSED] - if (strSellerAvg2.contains(",")): null

2024-01-22 17:43:40 - [TEST_STEP][PASSED] - if (strSellerVol2.contains(" B")): null

2024-01-22 17:43:40 - [TEST_STEP][PASSED] - else if (strSellerVol2.contains(" M")): null

2024-01-22 17:43:40 - [TEST_STEP][PASSED] - else if (strSellerVol2.contains(" K")): null

2024-01-22 17:43:40 - [TEST_STEP][PASSED] - strSellerVol2 = strSellerVol2.replace(" K", ""): null

2024-01-22 17:43:40 - [TEST_STEP][PASSED] - strSellerVol2 = strSellerVol2.toDouble() * 1000: null

2024-01-22 17:43:40 - [TEST_STEP][PASSED] - if (verifyElementNotPresent(findTestObject("Stockbit/Bandarmology_Buyer3"), 1, OPTIONAL)): Web element with id: 'Object Repository/Stockbit/Bandarmology_Buyer3' located by 'By.xpath: //*[contains(@id, 'rc-tabs-')]/div[2]/div/div/div/div/div/div[2]/table/tbody/tr[4]/td[1]/p' is present after '1' second(s) (Root cause: com.kms.katalon.core.exception.StepFailedException: Web element with id: 'Object Repository/Stockbit/Bandarmology_Buyer3' located by 'By.xpath: //*[contains(@id, 'rc-tabs-')]/div[2]/div/div/div/div/div/div[2]/table/tbody/tr[4]/td[1]/p' is present after '1' second(s)
	at com.kms.katalon.core.webui.keyword.internal.WebUIKeywordMain.stepFailed(WebUIKeywordMain.groovy:64)
	at com.kms.katalon.core.webui.keyword.internal.WebUIKeywordMain$stepFailed$0.call(Unknown Source)
	at com.kms.katalon.core.webui.keyword.builtin.VerifyElementNotPresentKeyword$_verifyElementNotPresent_closure1.doCall(VerifyElementNotPresentKeyword.groovy:106)
	at com.kms.katalon.core.webui.keyword.builtin.VerifyElementNotPresentKeyword$_verifyElementNotPresent_closure1.doCall(VerifyElementNotPresentKeyword.groovy)
	at com.kms.katalon.core.webui.keyword.internal.WebUIKeywordMain.runKeyword(WebUIKeywordMain.groovy:20)
	at com.kms.katalon.core.webui.keyword.internal.WebUIKeywordMain$runKeyword.call(Unknown Source)
	at com.kms.katalon.core.webui.keyword.builtin.VerifyElementNotPresentKeyword.verifyElementNotPresent(VerifyElementNotPresentKeyword.groovy:117)
	at com.kms.katalon.core.webui.keyword.builtin.VerifyElementNotPresentKeyword.execute(VerifyElementNotPresentKeyword.groovy:68)
	at com.kms.katalon.core.keyword.internal.KeywordExecutor.executeKeywordForPlatform(KeywordExecutor.groovy:74)
	at com.kms.katalon.core.webui.keyword.WebUiBuiltInKeywords.verifyElementNotPresent(WebUiBuiltInKeywords.groovy:1481)
	at com.kms.katalon.core.webui.keyword.WebUiBuiltInKeywords$verifyElementNotPresent$8.call(Unknown Source)
	at GetBrokSumPriceDaily.run(GetBrokSumPriceDaily:361)
	at com.kms.katalon.core.main.ScriptEngine.run(ScriptEngine.java:194)
	at com.kms.katalon.core.main.ScriptEngine.runScriptAsRawText(ScriptEngine.java:119)
	at com.kms.katalon.core.main.TestCaseExecutor.runScript(TestCaseExecutor.java:445)
	at com.kms.katalon.core.main.TestCaseExecutor.doExecute(TestCaseExecutor.java:436)
	at com.kms.katalon.core.main.TestCaseExecutor.processExecutionPhase(TestCaseExecutor.java:415)
	at com.kms.katalon.core.main.TestCaseExecutor.accessMainPhase(TestCaseExecutor.java:407)
	at com.kms.katalon.core.main.TestCaseExecutor.execute(TestCaseExecutor.java:284)
	at com.kms.katalon.core.common.CommonExecutor.accessTestCaseMainPhase(CommonExecutor.java:65)
	at com.kms.katalon.core.main.TestSuiteExecutor.accessTestSuiteMainPhase(TestSuiteExecutor.java:144)
	at com.kms.katalon.core.main.TestSuiteExecutor.execute(TestSuiteExecutor.java:106)
	at com.kms.katalon.core.main.TestCaseMain.startTestSuite(TestCaseMain.java:185)
	at com.kms.katalon.core.main.TestCaseMain$startTestSuite$0.call(Unknown Source)
	at TempTestSuite1705920083951.run(TempTestSuite1705920083951.groovy:36)
)

2024-01-22 17:43:41 - [MESSAGE][WARNING] - Web element with id: 'Object Repository/Stockbit/Bandarmology_Buyer3' located by 'By.xpath: //*[contains(@id, 'rc-tabs-')]/div[2]/div/div/div/div/div/div[2]/table/tbody/tr[4]/td[1]/p' is present after '1' second(s) (Root cause: com.kms.katalon.core.exception.StepFailedException: Web element with id: 'Object Repository/Stockbit/Bandarmology_Buyer3' located by 'By.xpath: //*[contains(@id, 'rc-tabs-')]/div[2]/div/div/div/div/div/div[2]/table/tbody/tr[4]/td[1]/p' is present after '1' second(s)
	at com.kms.katalon.core.webui.keyword.internal.WebUIKeywordMain.stepFailed(WebUIKeywordMain.groovy:64)
	at com.kms.katalon.core.webui.keyword.internal.WebUIKeywordMain$stepFailed$0.call(Unknown Source)
	at com.kms.katalon.core.webui.keyword.builtin.VerifyElementNotPresentKeyword$_verifyElementNotPresent_closure1.doCall(VerifyElementNotPresentKeyword.groovy:106)
	at com.kms.katalon.core.webui.keyword.builtin.VerifyElementNotPresentKeyword$_verifyElementNotPresent_closure1.doCall(VerifyElementNotPresentKeyword.groovy)
	at com.kms.katalon.core.webui.keyword.internal.WebUIKeywordMain.runKeyword(WebUIKeywordMain.groovy:20)
	at com.kms.katalon.core.webui.keyword.internal.WebUIKeywordMain$runKeyword.call(Unknown Source)
	at com.kms.katalon.core.webui.keyword.builtin.VerifyElementNotPresentKeyword.verifyElementNotPresent(VerifyElementNotPresentKeyword.groovy:117)
	at com.kms.katalon.core.webui.keyword.builtin.VerifyElementNotPresentKeyword.execute(VerifyElementNotPresentKeyword.groovy:68)
	at com.kms.katalon.core.keyword.internal.KeywordExecutor.executeKeywordForPlatform(KeywordExecutor.groovy:74)
	at com.kms.katalon.core.webui.keyword.WebUiBuiltInKeywords.verifyElementNotPresent(WebUiBuiltInKeywords.groovy:1481)
	at com.kms.katalon.core.webui.keyword.WebUiBuiltInKeywords$verifyElementNotPresent$8.call(Unknown Source)
	at GetBrokSumPriceDaily.run(GetBrokSumPriceDaily:361)
	at com.kms.katalon.core.main.ScriptEngine.run(ScriptEngine.java:194)
	at com.kms.katalon.core.main.ScriptEngine.runScriptAsRawText(ScriptEngine.java:119)
	at com.kms.katalon.core.main.TestCaseExecutor.runScript(TestCaseExecutor.java:445)
	at com.kms.katalon.core.main.TestCaseExecutor.doExecute(TestCaseExecutor.java:436)
	at com.kms.katalon.core.main.TestCaseExecutor.processExecutionPhase(TestCaseExecutor.java:415)
	at com.kms.katalon.core.main.TestCaseExecutor.accessMainPhase(TestCaseExecutor.java:407)
	at com.kms.katalon.core.main.TestCaseExecutor.execute(TestCaseExecutor.java:284)
	at com.kms.katalon.core.common.CommonExecutor.accessTestCaseMainPhase(CommonExecutor.java:65)
	at com.kms.katalon.core.main.TestSuiteExecutor.accessTestSuiteMainPhase(TestSuiteExecutor.java:144)
	at com.kms.katalon.core.main.TestSuiteExecutor.execute(TestSuiteExecutor.java:106)
	at com.kms.katalon.core.main.TestCaseMain.startTestSuite(TestCaseMain.java:185)
	at com.kms.katalon.core.main.TestCaseMain$startTestSuite$0.call(Unknown Source)
	at TempTestSuite1705920083951.run(TempTestSuite1705920083951.groovy:36)
)
[[ATTACHMENT|C:\\Users\\Fadli\\git\\KatalonDailyGetData2\\Reports\\20240122_174123\\TS1\\20240122_174123\\1705920221248.png]]

2024-01-22 17:43:41 - [TEST_STEP][PASSED] - else: null

2024-01-22 17:43:41 - [TEST_STEP][PASSED] - strBuyer3 = getText(findTestObject("Stockbit/Bandarmology_Buyer3")): Text of object 'Object Repository/Stockbit/Bandarmology_Buyer3' is: 'EP'

2024-01-22 17:43:41 - [MESSAGE][PASSED] - Text of object 'Object Repository/Stockbit/Bandarmology_Buyer3' is: 'EP'

2024-01-22 17:43:41 - [TEST_STEP][PASSED] - strBuyerVol3 = getText(findTestObject("Stockbit/Bandarmology_BuyerVol3")): Text of object 'Object Repository/Stockbit/Bandarmology_BuyerVol3' is: '6.5 K'

2024-01-22 17:43:41 - [MESSAGE][PASSED] - Text of object 'Object Repository/Stockbit/Bandarmology_BuyerVol3' is: '6.5 K'

2024-01-22 17:43:41 - [TEST_STEP][PASSED] - strBuyerAvg3 = getText(findTestObject("Stockbit/Bandarmology_BuyerAvg3")): Text of object 'Object Repository/Stockbit/Bandarmology_BuyerAvg3' is: '393'

2024-01-22 17:43:41 - [MESSAGE][PASSED] - Text of object 'Object Repository/Stockbit/Bandarmology_BuyerAvg3' is: '393'

2024-01-22 17:43:41 - [TEST_STEP][PASSED] - if (strBuyer3 != ""): null

2024-01-22 17:43:41 - [TEST_STEP][PASSED] - if (strBuyerAvg3.contains(",")): null

2024-01-22 17:43:41 - [TEST_STEP][PASSED] - if (strBuyerVol3.contains(" B")): null

2024-01-22 17:43:41 - [TEST_STEP][PASSED] - else if (strBuyerVol3.contains(" M")): null

2024-01-22 17:43:41 - [TEST_STEP][PASSED] - else if (strBuyerVol3.contains(" K")): null

2024-01-22 17:43:41 - [TEST_STEP][PASSED] - strBuyerVol3 = strBuyerVol3.replace(" K", ""): null

2024-01-22 17:43:41 - [TEST_STEP][PASSED] - strBuyerVol3 = strBuyerVol3.toDouble() * 1000: null

2024-01-22 17:43:41 - [TEST_STEP][PASSED] - if (verifyElementNotPresent(findTestObject("Stockbit/Bandarmology_Seller3"), 1, OPTIONAL)): Web element with id: 'Object Repository/Stockbit/Bandarmology_Seller3' located by 'By.xpath: //*[contains(@id, 'rc-tabs-')]/div[2]/div/div/div/div/div/div[2]/table/tbody/tr[4]/td[5]/p' is present after '1' second(s) (Root cause: com.kms.katalon.core.exception.StepFailedException: Web element with id: 'Object Repository/Stockbit/Bandarmology_Seller3' located by 'By.xpath: //*[contains(@id, 'rc-tabs-')]/div[2]/div/div/div/div/div/div[2]/table/tbody/tr[4]/td[5]/p' is present after '1' second(s)
	at com.kms.katalon.core.webui.keyword.internal.WebUIKeywordMain.stepFailed(WebUIKeywordMain.groovy:64)
	at com.kms.katalon.core.webui.keyword.internal.WebUIKeywordMain$stepFailed$0.call(Unknown Source)
	at com.kms.katalon.core.webui.keyword.builtin.VerifyElementNotPresentKeyword$_verifyElementNotPresent_closure1.doCall(VerifyElementNotPresentKeyword.groovy:106)
	at com.kms.katalon.core.webui.keyword.builtin.VerifyElementNotPresentKeyword$_verifyElementNotPresent_closure1.doCall(VerifyElementNotPresentKeyword.groovy)
	at com.kms.katalon.core.webui.keyword.internal.WebUIKeywordMain.runKeyword(WebUIKeywordMain.groovy:20)
	at com.kms.katalon.core.webui.keyword.internal.WebUIKeywordMain$runKeyword.call(Unknown Source)
	at com.kms.katalon.core.webui.keyword.builtin.VerifyElementNotPresentKeyword.verifyElementNotPresent(VerifyElementNotPresentKeyword.groovy:117)
	at com.kms.katalon.core.webui.keyword.builtin.VerifyElementNotPresentKeyword.execute(VerifyElementNotPresentKeyword.groovy:68)
	at com.kms.katalon.core.keyword.internal.KeywordExecutor.executeKeywordForPlatform(KeywordExecutor.groovy:74)
	at com.kms.katalon.core.webui.keyword.WebUiBuiltInKeywords.verifyElementNotPresent(WebUiBuiltInKeywords.groovy:1481)
	at com.kms.katalon.core.webui.keyword.WebUiBuiltInKeywords$verifyElementNotPresent$8.call(Unknown Source)
	at GetBrokSumPriceDaily.run(GetBrokSumPriceDaily:414)
	at com.kms.katalon.core.main.ScriptEngine.run(ScriptEngine.java:194)
	at com.kms.katalon.core.main.ScriptEngine.runScriptAsRawText(ScriptEngine.java:119)
	at com.kms.katalon.core.main.TestCaseExecutor.runScript(TestCaseExecutor.java:445)
	at com.kms.katalon.core.main.TestCaseExecutor.doExecute(TestCaseExecutor.java:436)
	at com.kms.katalon.core.main.TestCaseExecutor.processExecutionPhase(TestCaseExecutor.java:415)
	at com.kms.katalon.core.main.TestCaseExecutor.accessMainPhase(TestCaseExecutor.java:407)
	at com.kms.katalon.core.main.TestCaseExecutor.execute(TestCaseExecutor.java:284)
	at com.kms.katalon.core.common.CommonExecutor.accessTestCaseMainPhase(CommonExecutor.java:65)
	at com.kms.katalon.core.main.TestSuiteExecutor.accessTestSuiteMainPhase(TestSuiteExecutor.java:144)
	at com.kms.katalon.core.main.TestSuiteExecutor.execute(TestSuiteExecutor.java:106)
	at com.kms.katalon.core.main.TestCaseMain.startTestSuite(TestCaseMain.java:185)
	at com.kms.katalon.core.main.TestCaseMain$startTestSuite$0.call(Unknown Source)
	at TempTestSuite1705920083951.run(TempTestSuite1705920083951.groovy:36)
)

2024-01-22 17:43:44 - [MESSAGE][WARNING] - Web element with id: 'Object Repository/Stockbit/Bandarmology_Seller3' located by 'By.xpath: //*[contains(@id, 'rc-tabs-')]/div[2]/div/div/div/div/div/div[2]/table/tbody/tr[4]/td[5]/p' is present after '1' second(s) (Root cause: com.kms.katalon.core.exception.StepFailedException: Web element with id: 'Object Repository/Stockbit/Bandarmology_Seller3' located by 'By.xpath: //*[contains(@id, 'rc-tabs-')]/div[2]/div/div/div/div/div/div[2]/table/tbody/tr[4]/td[5]/p' is present after '1' second(s)
	at com.kms.katalon.core.webui.keyword.internal.WebUIKeywordMain.stepFailed(WebUIKeywordMain.groovy:64)
	at com.kms.katalon.core.webui.keyword.internal.WebUIKeywordMain$stepFailed$0.call(Unknown Source)
	at com.kms.katalon.core.webui.keyword.builtin.VerifyElementNotPresentKeyword$_verifyElementNotPresent_closure1.doCall(VerifyElementNotPresentKeyword.groovy:106)
	at com.kms.katalon.core.webui.keyword.builtin.VerifyElementNotPresentKeyword$_verifyElementNotPresent_closure1.doCall(VerifyElementNotPresentKeyword.groovy)
	at com.kms.katalon.core.webui.keyword.internal.WebUIKeywordMain.runKeyword(WebUIKeywordMain.groovy:20)
	at com.kms.katalon.core.webui.keyword.internal.WebUIKeywordMain$runKeyword.call(Unknown Source)
	at com.kms.katalon.core.webui.keyword.builtin.VerifyElementNotPresentKeyword.verifyElementNotPresent(VerifyElementNotPresentKeyword.groovy:117)
	at com.kms.katalon.core.webui.keyword.builtin.VerifyElementNotPresentKeyword.execute(VerifyElementNotPresentKeyword.groovy:68)
	at com.kms.katalon.core.keyword.internal.KeywordExecutor.executeKeywordForPlatform(KeywordExecutor.groovy:74)
	at com.kms.katalon.core.webui.keyword.WebUiBuiltInKeywords.verifyElementNotPresent(WebUiBuiltInKeywords.groovy:1481)
	at com.kms.katalon.core.webui.keyword.WebUiBuiltInKeywords$verifyElementNotPresent$8.call(Unknown Source)
	at GetBrokSumPriceDaily.run(GetBrokSumPriceDaily:414)
	at com.kms.katalon.core.main.ScriptEngine.run(ScriptEngine.java:194)
	at com.kms.katalon.core.main.ScriptEngine.runScriptAsRawText(ScriptEngine.java:119)
	at com.kms.katalon.core.main.TestCaseExecutor.runScript(TestCaseExecutor.java:445)
	at com.kms.katalon.core.main.TestCaseExecutor.doExecute(TestCaseExecutor.java:436)
	at com.kms.katalon.core.main.TestCaseExecutor.processExecutionPhase(TestCaseExecutor.java:415)
	at com.kms.katalon.core.main.TestCaseExecutor.accessMainPhase(TestCaseExecutor.java:407)
	at com.kms.katalon.core.main.TestCaseExecutor.execute(TestCaseExecutor.java:284)
	at com.kms.katalon.core.common.CommonExecutor.accessTestCaseMainPhase(CommonExecutor.java:65)
	at com.kms.katalon.core.main.TestSuiteExecutor.accessTestSuiteMainPhase(TestSuiteExecutor.java:144)
	at com.kms.katalon.core.main.TestSuiteExecutor.execute(TestSuiteExecutor.java:106)
	at com.kms.katalon.core.main.TestCaseMain.startTestSuite(TestCaseMain.java:185)
	at com.kms.katalon.core.main.TestCaseMain$startTestSuite$0.call(Unknown Source)
	at TempTestSuite1705920083951.run(TempTestSuite1705920083951.groovy:36)
)
[[ATTACHMENT|C:\\Users\\Fadli\\git\\KatalonDailyGetData2\\Reports\\20240122_174123\\TS1\\20240122_174123\\1705920223837.png]]

2024-01-22 17:43:44 - [TEST_STEP][PASSED] - else: null

2024-01-22 17:43:44 - [TEST_STEP][PASSED] - strSeller3 = getText(findTestObject("Stockbit/Bandarmology_Seller3")): Text of object 'Object Repository/Stockbit/Bandarmology_Seller3' is: 'FS'

2024-01-22 17:43:44 - [MESSAGE][PASSED] - Text of object 'Object Repository/Stockbit/Bandarmology_Seller3' is: 'FS'

2024-01-22 17:43:44 - [TEST_STEP][PASSED] - strSellerVol3 = getText(findTestObject("Stockbit/Bandarmology_SellerVol3")): Text of object 'Object Repository/Stockbit/Bandarmology_SellerVol3' is: '7.5 K'

2024-01-22 17:43:44 - [MESSAGE][PASSED] - Text of object 'Object Repository/Stockbit/Bandarmology_SellerVol3' is: '7.5 K'

2024-01-22 17:43:44 - [TEST_STEP][PASSED] - strSellerAvg3 = getText(findTestObject("Stockbit/Bandarmology_SellerAvg3")): Text of object 'Object Repository/Stockbit/Bandarmology_SellerAvg3' is: '391'

2024-01-22 17:43:44 - [MESSAGE][PASSED] - Text of object 'Object Repository/Stockbit/Bandarmology_SellerAvg3' is: '391'

2024-01-22 17:43:44 - [TEST_STEP][PASSED] - if (strSeller3 != ""): null

2024-01-22 17:43:44 - [TEST_STEP][PASSED] - if (strSellerAvg3.contains(",")): null

2024-01-22 17:43:44 - [TEST_STEP][PASSED] - if (strSellerVol3.contains(" B")): null

2024-01-22 17:43:44 - [TEST_STEP][PASSED] - else if (strSellerVol3.contains(" M")): null

2024-01-22 17:43:44 - [TEST_STEP][PASSED] - else if (strSellerVol3.contains(" K")): null

2024-01-22 17:43:44 - [TEST_STEP][PASSED] - strSellerVol3 = strSellerVol3.replace(" K", ""): null

2024-01-22 17:43:44 - [TEST_STEP][PASSED] - strSellerVol3 = strSellerVol3.toDouble() * 1000: null

2024-01-22 17:43:44 - [TEST_STEP][PASSED] - strAccDist = getText(findTestObject("Stockbit/Bandarmology_AccDist")): Text of object 'Object Repository/Stockbit/Bandarmology_AccDist' is: 'Dist'

2024-01-22 17:43:44 - [MESSAGE][PASSED] - Text of object 'Object Repository/Stockbit/Bandarmology_AccDist' is: 'Dist'

2024-01-22 17:43:44 - [TEST_STEP][PASSED] - strNetVol = getText(findTestObject("Stockbit/Bandarmology_NetVol")): Text of object 'Object Repository/Stockbit/Bandarmology_NetVol' is: '67,475'

2024-01-22 17:43:44 - [MESSAGE][PASSED] - Text of object 'Object Repository/Stockbit/Bandarmology_NetVol' is: '67,475'

2024-01-22 17:43:44 - [TEST_STEP][PASSED] - strNetVol = strNetVol.replace(",", ""): null

2024-01-22 17:43:44 - [TEST_STEP][PASSED] - strNetVal = getText(findTestObject("Stockbit/Bandarmology_NetVal")): Text of object 'Object Repository/Stockbit/Bandarmology_NetVal' is: '2.7 B'

2024-01-22 17:43:45 - [MESSAGE][PASSED] - Text of object 'Object Repository/Stockbit/Bandarmology_NetVal' is: '2.7 B'

2024-01-22 17:43:45 - [TEST_STEP][PASSED] - delay(3): Delayed 3 second(s)

2024-01-22 17:43:48 - [MESSAGE][PASSED] - Delayed 3 second(s)

2024-01-22 17:43:48 - [TEST_STEP][PASSED] - strOpenPrice = getText(findTestObject("Stockbit/Home_OpenPrice")): Text of object 'Object Repository/Stockbit/Home_OpenPrice' is: '398'

2024-01-22 17:43:48 - [MESSAGE][PASSED] - Text of object 'Object Repository/Stockbit/Home_OpenPrice' is: '398'

2024-01-22 17:43:48 - [TEST_STEP][PASSED] - strOpenPrice = strOpenPrice.replace(",", ""): null

2024-01-22 17:43:48 - [TEST_STEP][PASSED] - strLowPrice = getText(findTestObject("Stockbit/Home_LowPrice")): Text of object 'Object Repository/Stockbit/Home_LowPrice' is: '390'

2024-01-22 17:43:48 - [MESSAGE][PASSED] - Text of object 'Object Repository/Stockbit/Home_LowPrice' is: '390'

2024-01-22 17:43:48 - [TEST_STEP][PASSED] - strLowPrice = strLowPrice.replace(",", ""): null

2024-01-22 17:43:48 - [TEST_STEP][PASSED] - strHighPrice = getText(findTestObject("Stockbit/Home_HighPrice")): Text of object 'Object Repository/Stockbit/Home_HighPrice' is: '402'

2024-01-22 17:43:48 - [MESSAGE][PASSED] - Text of object 'Object Repository/Stockbit/Home_HighPrice' is: '402'

2024-01-22 17:43:48 - [TEST_STEP][PASSED] - strHighPrice = strHighPrice.replace(",", ""): null

2024-01-22 17:43:48 - [TEST_STEP][PASSED] - strClosePrice = getText(findTestObject("Stockbit/Home_ClosePrice")): Text of object 'Object Repository/Stockbit/Home_ClosePrice' is: '390'

2024-01-22 17:43:48 - [MESSAGE][PASSED] - Text of object 'Object Repository/Stockbit/Home_ClosePrice' is: '390'

2024-01-22 17:43:48 - [TEST_STEP][PASSED] - strClosePrice = strClosePrice.replace(",", ""): null

2024-01-22 17:43:48 - [TEST_STEP][PASSED] - strVol = getText(findTestObject("Stockbit/Home_Volume")): Text of object 'Object Repository/Stockbit/Home_Volume' is: '119 K'

2024-01-22 17:43:48 - [MESSAGE][PASSED] - Text of object 'Object Repository/Stockbit/Home_Volume' is: '119 K'

2024-01-22 17:43:48 - [TEST_STEP][PASSED] - if (strVol.contains(" K")): null

2024-01-22 17:43:48 - [TEST_STEP][PASSED] - strVol = strVol.replace(" K", "000"): null

2024-01-22 17:43:48 - [TEST_STEP][PASSED] - if (strVol.contains(",")): null

2024-01-22 17:43:48 - [TEST_STEP][PASSED] - strChange = getText(findTestObject("Stockbit/Home_Change")): Text of object 'Object Repository/Stockbit/Home_Change' is: '-2.01%'

2024-01-22 17:43:48 - [MESSAGE][PASSED] - Text of object 'Object Repository/Stockbit/Home_Change' is: '-2.01%'

2024-01-22 17:43:48 - [TEST_STEP][PASSED] - strChange = strChange.replace("%", ""): null

2024-01-22 17:43:48 - [TEST_STEP][PASSED] - strFreq = getText(findTestObject("Stockbit/Home_Freq")): Text of object 'Object Repository/Stockbit/Home_Freq' is: '1,258'

2024-01-22 17:43:48 - [MESSAGE][PASSED] - Text of object 'Object Repository/Stockbit/Home_Freq' is: '1,258'

2024-01-22 17:43:48 - [TEST_STEP][PASSED] - if (strFreq.contains(",")): null

2024-01-22 17:43:48 - [TEST_STEP][PASSED] - strFreq = strFreq.replace(",", ""): null

2024-01-22 17:43:48 - [TEST_STEP][PASSED] - if (strFreq == "NA" || strFreq == ""): null

2024-01-22 17:43:48 - [TEST_STEP][PASSED] - else: null

2024-01-22 17:43:48 - [TEST_STEP][PASSED] - dblFreqAnal = strVol.toDouble() / strFreq.toDouble() * strFreq.toDouble() * strFreq.toDouble() * 100000000: null

2024-01-22 17:43:48 - [TEST_STEP][PASSED] - strFreqAnal = String.format("%.4f", dblFreqAnal): null

2024-01-22 17:43:48 - [TEST_STEP][PASSED] - out.println("Double strFreqAnal: " + strFreqAnal): null

2024-01-22 17:43:48 - [TEST_STEP][PASSED] - strTanggal = d.format(DateTimeFormatter.ofPattern("yyyy-MM-dd")): null

2024-01-22 17:43:48 - [TEST_STEP][PASSED] - strTanggal = "#" + strTanggal + "#": null

2024-01-22 17:43:48 - [TEST_STEP][PASSED] - strSQL = "select count(*) as JumBaris from TblBrokSum where Nama = '" + strNama + "' and Tanggal = " + strTanggal + "": null

2024-01-22 17:43:48 - [TEST_STEP][PASSED] - resultSet = statement.executeQuery(strSQL): null

2024-01-22 17:43:48 - [TEST_STEP][PASSED] - resultSet.next(): null

2024-01-22 17:43:48 - [TEST_STEP][PASSED] - intJumBaris = resultSet.getInt("JumBaris"): null

2024-01-22 17:43:48 - [TEST_STEP][PASSED] - if (intJumBaris > 0): null

2024-01-22 17:43:48 - [TEST_STEP][PASSED] - else: null

2024-01-22 17:43:48 - [TEST_STEP][PASSED] - try: null

2024-01-22 17:43:48 - [TEST_STEP][PASSED] - out.println("Insert data"): null

2024-01-22 17:43:48 - [TEST_STEP][PASSED] - strSQL = "insert into TblBrokSum (nama, tanggal, top1, top2, top3, AllBrokAvg, AccDist, AvgRP, " + "Buyer1, BuyerVal1, BuyerAvg1, Seller1, SellerVal1, SellerAvg1, Buyer2, BuyerVal2, BuyerAvg2, " + "Seller2, SellerVal2, SellerAvg2, Buyer3, BuyerVal3, BuyerAvg3, Seller3, SellerVal3, SellerAvg3, NetVol, NetVal, " + "OpenPrice, LowPrice, HighPrice, ClosePrice, Volume, Change, Frekuensi, FrekAnal) " + "values ('" + strNama + "', " + strTanggal + ", '" + strTop1 + "', '" + strTop3 + "', '" + strTop5 + "', " + "'" + strAllBrokAvg + "', '" + strAccDist + "', " + intAvgRP + ", '" + strBuyer1 + "', '" + strBuyerVol1 + "', " + strBuyerAvg1 + ", " + "'" + strSeller1 + "', '" + strSellerVol1 + "', " + strSellerAvg1 + ", '" + strBuyer2 + "', '" + strBuyerVol2 + "', " + strBuyerAvg2 + ", " + "'" + strSeller2 + "', '" + strSellerVol2 + "', " + strSellerAvg2 + ", '" + strBuyer3 + "', '" + strBuyerVol3 + "', " + strBuyerAvg3 + ", " + "'" + strSeller3 + "', '" + strSellerVol3 + "', " + strSellerAvg3 + ", " + strNetVol + ", '" + strNetVal + "', " + "" + strOpenPrice + ", " + strLowPrice + ", " + strHighPrice + ", " + strClosePrice + ", '" + strVol + "', " + strChange + ", " + strFreq + ", " + strFreqAnal + ");": null

2024-01-22 17:43:48 - [TEST_STEP][PASSED] - out.println("strSQL = " + strSQL): null

2024-01-22 17:43:48 - [TEST_STEP][PASSED] - statement.executeUpdate(strSQL): null

2024-01-22 17:43:48 - [TEST_STEP][PASSED] - setValueToCellByIndex(sheet01, rowIndex, 4, "DONE"): null

2024-01-22 17:43:48 - [TEST_STEP][PASSED] - saveWorkbook(excelFilePath, workbook01): null

2024-01-22 17:43:48 - [TEST_STEP][PASSED] - waitForElementClickable(findTestObject("Stockbit/menu_Bandarmology"), 10): Object 'Object Repository/Stockbit/menu_Bandarmology' is clickable

2024-01-22 17:43:49 - [MESSAGE][PASSED] - Object 'Object Repository/Stockbit/menu_Bandarmology' is clickable

2024-01-22 17:43:49 - [TEST_STEP][PASSED] - click(findTestObject("Stockbit/menu_Bandarmology")): Object: 'Object Repository/Stockbit/menu_Bandarmology' is clicked on

2024-01-22 17:43:49 - [MESSAGE][PASSED] - Object: 'Object Repository/Stockbit/menu_Bandarmology' is clicked on

2024-01-22 17:43:49 - [TEST_STEP][PASSED] - strTemp = "NA": null

2024-01-22 17:43:49 - [TEST_STEP][PASSED] - if (getCellValueByIndex(sheet01, rowIndex, 4) != "DONE"): Object: 'Object Repository/Stockbit/menu_Bandarmology' is clicked on

2024-01-22 17:43:49 - [TEST_STEP][PASSED] - strNama = getCellValueByIndex(sheet01, rowIndex, 0): null

2024-01-22 17:43:49 - [TEST_STEP][PASSED] - navigateToUrl("https://stockbit.com/#/symbol/" + strNama): Navigate to 'https://stockbit.com/#/symbol/MARI' successfully

2024-01-22 17:43:50 - [MESSAGE][PASSED] - Navigate to 'https://stockbit.com/#/symbol/MARI' successfully

2024-01-22 17:43:50 - [TEST_STEP][PASSED] - waitForElementClickable(findTestObject("Stockbit/menu_Bandarmology"), 10): Object 'Object Repository/Stockbit/menu_Bandarmology' is clickable

2024-01-22 17:43:51 - [MESSAGE][PASSED] - Object 'Object Repository/Stockbit/menu_Bandarmology' is clickable

2024-01-22 17:43:51 - [TEST_STEP][PASSED] - click(findTestObject("Stockbit/menu_Bandarmology")): Object: 'Object Repository/Stockbit/menu_Bandarmology' is clicked on

2024-01-22 17:43:51 - [MESSAGE][PASSED] - Object: 'Object Repository/Stockbit/menu_Bandarmology' is clicked on

2024-01-22 17:43:51 - [TEST_STEP][PASSED] - strTanggal = d.format(DateTimeFormatter.ofPattern("MMM dd, yyyy")): null

2024-01-22 17:43:51 - [TEST_STEP][PASSED] - strTanggal = d.format(ISO_DATE): null

2024-01-22 17:43:51 - [TEST_STEP][PASSED] - out.println("strTanggal = " + strTanggal): null

2024-01-22 17:43:51 - [TEST_STEP][PASSED] - out.println("strNama = " + strNama): null

2024-01-22 17:43:51 - [TEST_STEP][PASSED] - out.println("Baris ke = " + rowIndex): null

2024-01-22 17:43:51 - [TEST_STEP][PASSED] - click(findTestObject("Stockbit/input__BandarmologyOpenStartDate")): Object: 'Object Repository/Stockbit/input__BandarmologyOpenStartDate' is clicked on

2024-01-22 17:43:53 - [MESSAGE][PASSED] - Object: 'Object Repository/Stockbit/input__BandarmologyOpenStartDate' is clicked on

2024-01-22 17:43:53 - [TEST_STEP][PASSED] - sendKeys(findTestObject("Stockbit/input__BandarmologyOpenStartDate"), Keys.chord(CONTROL, "a")): Keys 'CONTROL + a' sent to object: 'Object Repository/Stockbit/input__BandarmologyOpenStartDate'

2024-01-22 17:43:53 - [MESSAGE][PASSED] - Keys 'CONTROL + a' sent to object: 'Object Repository/Stockbit/input__BandarmologyOpenStartDate'

2024-01-22 17:43:53 - [TEST_STEP][PASSED] - sendKeys(findTestObject("Stockbit/input__BandarmologyOpenStartDate"), Keys.chord(BACK_SPACE)): Keys 'BACK_SPACE + ' sent to object: 'Object Repository/Stockbit/input__BandarmologyOpenStartDate'

2024-01-22 17:43:54 - [MESSAGE][PASSED] - Keys 'BACK_SPACE + ' sent to object: 'Object Repository/Stockbit/input__BandarmologyOpenStartDate'

2024-01-22 17:43:54 - [TEST_STEP][PASSED] - setText(findTestObject("Stockbit/input__BandarmologyOpenStartDate"), strTanggal): Text '2024-01-22' is set on object 'Object Repository/Stockbit/input__BandarmologyOpenStartDate'

2024-01-22 17:43:55 - [MESSAGE][PASSED] - Text '2024-01-22' is set on object 'Object Repository/Stockbit/input__BandarmologyOpenStartDate'

2024-01-22 17:43:55 - [TEST_STEP][PASSED] - sendKeys(findTestObject("Stockbit/input__BandarmologyOpenStartDate"), Keys.chord(ENTER)): Keys 'ENTER + ' sent to object: 'Object Repository/Stockbit/input__BandarmologyOpenStartDate'

2024-01-22 17:43:55 - [MESSAGE][PASSED] - Keys 'ENTER + ' sent to object: 'Object Repository/Stockbit/input__BandarmologyOpenStartDate'

2024-01-22 17:43:55 - [TEST_STEP][PASSED] - click(findTestObject("Stockbit/input__BandarmologyOpenEndDate")): Object: 'Object Repository/Stockbit/input__BandarmologyOpenEndDate' is clicked on

2024-01-22 17:43:55 - [MESSAGE][PASSED] - Object: 'Object Repository/Stockbit/input__BandarmologyOpenEndDate' is clicked on

2024-01-22 17:43:55 - [TEST_STEP][PASSED] - sendKeys(findTestObject("Stockbit/input__BandarmologyOpenEndDate"), Keys.chord(CONTROL, "a")): Keys 'CONTROL + a' sent to object: 'Object Repository/Stockbit/input__BandarmologyOpenEndDate'

2024-01-22 17:43:56 - [MESSAGE][PASSED] - Keys 'CONTROL + a' sent to object: 'Object Repository/Stockbit/input__BandarmologyOpenEndDate'

2024-01-22 17:43:56 - [TEST_STEP][PASSED] - sendKeys(findTestObject("Stockbit/input__BandarmologyOpenEndDate"), Keys.chord(BACK_SPACE)): Keys 'BACK_SPACE + ' sent to object: 'Object Repository/Stockbit/input__BandarmologyOpenEndDate'

2024-01-22 17:43:56 - [MESSAGE][PASSED] - Keys 'BACK_SPACE + ' sent to object: 'Object Repository/Stockbit/input__BandarmologyOpenEndDate'

2024-01-22 17:43:56 - [TEST_STEP][PASSED] - setText(findTestObject("Stockbit/input__BandarmologyOpenEndDate"), strTanggal): Text '2024-01-22' is set on object 'Object Repository/Stockbit/input__BandarmologyOpenEndDate'

2024-01-22 17:43:57 - [MESSAGE][PASSED] - Text '2024-01-22' is set on object 'Object Repository/Stockbit/input__BandarmologyOpenEndDate'

2024-01-22 17:43:57 - [TEST_STEP][PASSED] - sendKeys(findTestObject("Stockbit/input__BandarmologyOpenEndDate"), Keys.chord(ENTER)): Keys 'ENTER + ' sent to object: 'Object Repository/Stockbit/input__BandarmologyOpenEndDate'

2024-01-22 17:43:57 - [MESSAGE][PASSED] - Keys 'ENTER + ' sent to object: 'Object Repository/Stockbit/input__BandarmologyOpenEndDate'

2024-01-22 17:43:57 - [TEST_STEP][PASSED] - delay(2): Delayed 2 second(s)

2024-01-22 17:43:59 - [MESSAGE][PASSED] - Delayed 2 second(s)

2024-01-22 17:43:59 - [TEST_STEP][PASSED] - strTemp = getText(findTestObject("Stockbit/Bandarmology_AvgRP")): Text of object 'Object Repository/Stockbit/Bandarmology_AvgRP' is: '50'

2024-01-22 17:43:59 - [MESSAGE][PASSED] - Text of object 'Object Repository/Stockbit/Bandarmology_AvgRP' is: '50'

2024-01-22 17:43:59 - [TEST_STEP][PASSED] - out.println("Bandarmology_AvgRP = " + strTemp): null

2024-01-22 17:43:59 - [TEST_STEP][PASSED] - if (strTemp != "0"): null

2024-01-22 17:43:59 - [TEST_STEP][PASSED] - strTop1 = getText(findTestObject("Stockbit/Bandarmology_Top1")): Text of object 'Object Repository/Stockbit/Bandarmology_Top1' is: 'Normal Dist'

2024-01-22 17:43:59 - [MESSAGE][PASSED] - Text of object 'Object Repository/Stockbit/Bandarmology_Top1' is: 'Normal Dist'

2024-01-22 17:43:59 - [TEST_STEP][PASSED] - strTop3 = getText(findTestObject("Stockbit/Bandarmology_Top3")): Text of object 'Object Repository/Stockbit/Bandarmology_Top3' is: 'Neutral'

2024-01-22 17:44:00 - [MESSAGE][PASSED] - Text of object 'Object Repository/Stockbit/Bandarmology_Top3' is: 'Neutral'

2024-01-22 17:44:00 - [TEST_STEP][PASSED] - strTop5 = getText(findTestObject("Stockbit/Bandarmology_Top5")): Text of object 'Object Repository/Stockbit/Bandarmology_Top5' is: 'Neutral'

2024-01-22 17:44:00 - [MESSAGE][PASSED] - Text of object 'Object Repository/Stockbit/Bandarmology_Top5' is: 'Neutral'

2024-01-22 17:44:00 - [TEST_STEP][PASSED] - strAllBrokAvg = getText(findTestObject("Stockbit/Bandarmology_TopAVG")): Text of object 'Object Repository/Stockbit/Bandarmology_TopAVG' is: 'Neutral'

2024-01-22 17:44:00 - [MESSAGE][PASSED] - Text of object 'Object Repository/Stockbit/Bandarmology_TopAVG' is: 'Neutral'

2024-01-22 17:44:00 - [TEST_STEP][PASSED] - strTemp = getText(findTestObject("Stockbit/Bandarmology_AvgRP")): Text of object 'Object Repository/Stockbit/Bandarmology_AvgRP' is: '50'

2024-01-22 17:44:00 - [MESSAGE][PASSED] - Text of object 'Object Repository/Stockbit/Bandarmology_AvgRP' is: '50'

2024-01-22 17:44:00 - [TEST_STEP][PASSED] - if (strTemp.contains(",")): null

2024-01-22 17:44:00 - [TEST_STEP][PASSED] - intAvgRP = strTemp.toInteger(): null

2024-01-22 17:44:00 - [TEST_STEP][PASSED] - strBuyer1 = getText(findTestObject("Stockbit/Bandarmology_Buyer1")): Text of object 'Object Repository/Stockbit/Bandarmology_Buyer1' is: 'KK'

2024-01-22 17:44:00 - [MESSAGE][PASSED] - Text of object 'Object Repository/Stockbit/Bandarmology_Buyer1' is: 'KK'

2024-01-22 17:44:00 - [TEST_STEP][PASSED] - strBuyerVol1 = getText(findTestObject("Stockbit/Bandarmology_BuyerVol1")): Text of object 'Object Repository/Stockbit/Bandarmology_BuyerVol1' is: '28.4 K'

2024-01-22 17:44:00 - [MESSAGE][PASSED] - Text of object 'Object Repository/Stockbit/Bandarmology_BuyerVol1' is: '28.4 K'

2024-01-22 17:44:00 - [TEST_STEP][PASSED] - strBuyerAvg1 = getText(findTestObject("Stockbit/Bandarmology_BuyerAvg1")): Text of object 'Object Repository/Stockbit/Bandarmology_BuyerAvg1' is: '50'

2024-01-22 17:44:00 - [MESSAGE][PASSED] - Text of object 'Object Repository/Stockbit/Bandarmology_BuyerAvg1' is: '50'

2024-01-22 17:44:00 - [TEST_STEP][PASSED] - if (strBuyerAvg1.contains(",")): null

2024-01-22 17:44:00 - [TEST_STEP][PASSED] - if (strBuyerVol1.contains(" B")): null

2024-01-22 17:44:00 - [TEST_STEP][PASSED] - else if (strBuyerVol1.contains(" M")): null

2024-01-22 17:44:00 - [TEST_STEP][PASSED] - else if (strBuyerVol1.contains(" K")): null

2024-01-22 17:44:00 - [TEST_STEP][PASSED] - strBuyerVol1 = strBuyerVol1.replace(" K", ""): null

2024-01-22 17:44:00 - [TEST_STEP][PASSED] - strBuyerVol1 = strBuyerVol1.toDouble() * 1000: null

2024-01-22 17:44:00 - [TEST_STEP][PASSED] - strSeller1 = getText(findTestObject("Stockbit/Bandarmology_Seller1")): Text of object 'Object Repository/Stockbit/Bandarmology_Seller1' is: 'AZ'

2024-01-22 17:44:00 - [MESSAGE][PASSED] - Text of object 'Object Repository/Stockbit/Bandarmology_Seller1' is: 'AZ'

2024-01-22 17:44:00 - [TEST_STEP][PASSED] - strSellerVol1 = getText(findTestObject("Stockbit/Bandarmology_SellerVol1")): Text of object 'Object Repository/Stockbit/Bandarmology_SellerVol1' is: '40.2 K'

2024-01-22 17:44:01 - [MESSAGE][PASSED] - Text of object 'Object Repository/Stockbit/Bandarmology_SellerVol1' is: '40.2 K'

2024-01-22 17:44:01 - [TEST_STEP][PASSED] - strSellerAvg1 = getText(findTestObject("Stockbit/Bandarmology_SellerAvg1")): Text of object 'Object Repository/Stockbit/Bandarmology_SellerAvg1' is: '50'

2024-01-22 17:44:01 - [MESSAGE][PASSED] - Text of object 'Object Repository/Stockbit/Bandarmology_SellerAvg1' is: '50'

2024-01-22 17:44:01 - [TEST_STEP][PASSED] - if (strSellerAvg1.contains(",")): null

2024-01-22 17:44:01 - [TEST_STEP][PASSED] - if (strSellerVol1.contains(" B")): null

2024-01-22 17:44:01 - [TEST_STEP][PASSED] - else if (strSellerVol1.contains(" M")): null

2024-01-22 17:44:01 - [TEST_STEP][PASSED] - else if (strSellerVol1.contains(" K")): null

2024-01-22 17:44:01 - [TEST_STEP][PASSED] - strSellerVol1 = strSellerVol1.replace(" K", ""): null

2024-01-22 17:44:01 - [TEST_STEP][PASSED] - strSellerVol1 = strSellerVol1.toDouble() * 1000: null

2024-01-22 17:44:01 - [TEST_STEP][PASSED] - if (verifyElementNotPresent(findTestObject("Stockbit/Bandarmology_Buyer2"), 1, OPTIONAL)): Web element with id: 'Object Repository/Stockbit/Bandarmology_Buyer2' located by 'By.xpath: //*[contains(@id, 'rc-tabs-')]/div[2]/div/div/div/div/div/div[2]/table/tbody/tr[3]/td[1]/p' is present after '1' second(s) (Root cause: com.kms.katalon.core.exception.StepFailedException: Web element with id: 'Object Repository/Stockbit/Bandarmology_Buyer2' located by 'By.xpath: //*[contains(@id, 'rc-tabs-')]/div[2]/div/div/div/div/div/div[2]/table/tbody/tr[3]/td[1]/p' is present after '1' second(s)
	at com.kms.katalon.core.webui.keyword.internal.WebUIKeywordMain.stepFailed(WebUIKeywordMain.groovy:64)
	at com.kms.katalon.core.webui.keyword.internal.WebUIKeywordMain$stepFailed$0.call(Unknown Source)
	at com.kms.katalon.core.webui.keyword.builtin.VerifyElementNotPresentKeyword$_verifyElementNotPresent_closure1.doCall(VerifyElementNotPresentKeyword.groovy:106)
	at com.kms.katalon.core.webui.keyword.builtin.VerifyElementNotPresentKeyword$_verifyElementNotPresent_closure1.doCall(VerifyElementNotPresentKeyword.groovy)
	at com.kms.katalon.core.webui.keyword.internal.WebUIKeywordMain.runKeyword(WebUIKeywordMain.groovy:20)
	at com.kms.katalon.core.webui.keyword.internal.WebUIKeywordMain$runKeyword.call(Unknown Source)
	at com.kms.katalon.core.webui.keyword.builtin.VerifyElementNotPresentKeyword.verifyElementNotPresent(VerifyElementNotPresentKeyword.groovy:117)
	at com.kms.katalon.core.webui.keyword.builtin.VerifyElementNotPresentKeyword.execute(VerifyElementNotPresentKeyword.groovy:68)
	at com.kms.katalon.core.keyword.internal.KeywordExecutor.executeKeywordForPlatform(KeywordExecutor.groovy:74)
	at com.kms.katalon.core.webui.keyword.WebUiBuiltInKeywords.verifyElementNotPresent(WebUiBuiltInKeywords.groovy:1481)
	at com.kms.katalon.core.webui.keyword.WebUiBuiltInKeywords$verifyElementNotPresent$8.call(Unknown Source)
	at GetBrokSumPriceDaily.run(GetBrokSumPriceDaily:258)
	at com.kms.katalon.core.main.ScriptEngine.run(ScriptEngine.java:194)
	at com.kms.katalon.core.main.ScriptEngine.runScriptAsRawText(ScriptEngine.java:119)
	at com.kms.katalon.core.main.TestCaseExecutor.runScript(TestCaseExecutor.java:445)
	at com.kms.katalon.core.main.TestCaseExecutor.doExecute(TestCaseExecutor.java:436)
	at com.kms.katalon.core.main.TestCaseExecutor.processExecutionPhase(TestCaseExecutor.java:415)
	at com.kms.katalon.core.main.TestCaseExecutor.accessMainPhase(TestCaseExecutor.java:407)
	at com.kms.katalon.core.main.TestCaseExecutor.execute(TestCaseExecutor.java:284)
	at com.kms.katalon.core.common.CommonExecutor.accessTestCaseMainPhase(CommonExecutor.java:65)
	at com.kms.katalon.core.main.TestSuiteExecutor.accessTestSuiteMainPhase(TestSuiteExecutor.java:144)
	at com.kms.katalon.core.main.TestSuiteExecutor.execute(TestSuiteExecutor.java:106)
	at com.kms.katalon.core.main.TestCaseMain.startTestSuite(TestCaseMain.java:185)
	at com.kms.katalon.core.main.TestCaseMain$startTestSuite$0.call(Unknown Source)
	at TempTestSuite1705920083951.run(TempTestSuite1705920083951.groovy:36)
)

2024-01-22 17:44:03 - [MESSAGE][WARNING] - Web element with id: 'Object Repository/Stockbit/Bandarmology_Buyer2' located by 'By.xpath: //*[contains(@id, 'rc-tabs-')]/div[2]/div/div/div/div/div/div[2]/table/tbody/tr[3]/td[1]/p' is present after '1' second(s) (Root cause: com.kms.katalon.core.exception.StepFailedException: Web element with id: 'Object Repository/Stockbit/Bandarmology_Buyer2' located by 'By.xpath: //*[contains(@id, 'rc-tabs-')]/div[2]/div/div/div/div/div/div[2]/table/tbody/tr[3]/td[1]/p' is present after '1' second(s)
	at com.kms.katalon.core.webui.keyword.internal.WebUIKeywordMain.stepFailed(WebUIKeywordMain.groovy:64)
	at com.kms.katalon.core.webui.keyword.internal.WebUIKeywordMain$stepFailed$0.call(Unknown Source)
	at com.kms.katalon.core.webui.keyword.builtin.VerifyElementNotPresentKeyword$_verifyElementNotPresent_closure1.doCall(VerifyElementNotPresentKeyword.groovy:106)
	at com.kms.katalon.core.webui.keyword.builtin.VerifyElementNotPresentKeyword$_verifyElementNotPresent_closure1.doCall(VerifyElementNotPresentKeyword.groovy)
	at com.kms.katalon.core.webui.keyword.internal.WebUIKeywordMain.runKeyword(WebUIKeywordMain.groovy:20)
	at com.kms.katalon.core.webui.keyword.internal.WebUIKeywordMain$runKeyword.call(Unknown Source)
	at com.kms.katalon.core.webui.keyword.builtin.VerifyElementNotPresentKeyword.verifyElementNotPresent(VerifyElementNotPresentKeyword.groovy:117)
	at com.kms.katalon.core.webui.keyword.builtin.VerifyElementNotPresentKeyword.execute(VerifyElementNotPresentKeyword.groovy:68)
	at com.kms.katalon.core.keyword.internal.KeywordExecutor.executeKeywordForPlatform(KeywordExecutor.groovy:74)
	at com.kms.katalon.core.webui.keyword.WebUiBuiltInKeywords.verifyElementNotPresent(WebUiBuiltInKeywords.groovy:1481)
	at com.kms.katalon.core.webui.keyword.WebUiBuiltInKeywords$verifyElementNotPresent$8.call(Unknown Source)
	at GetBrokSumPriceDaily.run(GetBrokSumPriceDaily:258)
	at com.kms.katalon.core.main.ScriptEngine.run(ScriptEngine.java:194)
	at com.kms.katalon.core.main.ScriptEngine.runScriptAsRawText(ScriptEngine.java:119)
	at com.kms.katalon.core.main.TestCaseExecutor.runScript(TestCaseExecutor.java:445)
	at com.kms.katalon.core.main.TestCaseExecutor.doExecute(TestCaseExecutor.java:436)
	at com.kms.katalon.core.main.TestCaseExecutor.processExecutionPhase(TestCaseExecutor.java:415)
	at com.kms.katalon.core.main.TestCaseExecutor.accessMainPhase(TestCaseExecutor.java:407)
	at com.kms.katalon.core.main.TestCaseExecutor.execute(TestCaseExecutor.java:284)
	at com.kms.katalon.core.common.CommonExecutor.accessTestCaseMainPhase(CommonExecutor.java:65)
	at com.kms.katalon.core.main.TestSuiteExecutor.accessTestSuiteMainPhase(TestSuiteExecutor.java:144)
	at com.kms.katalon.core.main.TestSuiteExecutor.execute(TestSuiteExecutor.java:106)
	at com.kms.katalon.core.main.TestCaseMain.startTestSuite(TestCaseMain.java:185)
	at com.kms.katalon.core.main.TestCaseMain$startTestSuite$0.call(Unknown Source)
	at TempTestSuite1705920083951.run(TempTestSuite1705920083951.groovy:36)
)
[[ATTACHMENT|C:\\Users\\Fadli\\git\\KatalonDailyGetData2\\Reports\\20240122_174123\\TS1\\20240122_174123\\1705920243677.png]]

2024-01-22 17:44:03 - [TEST_STEP][PASSED] - else: null

2024-01-22 17:44:03 - [TEST_STEP][PASSED] - strBuyer2 = getText(findTestObject("Stockbit/Bandarmology_Buyer2")): Text of object 'Object Repository/Stockbit/Bandarmology_Buyer2' is: 'PD'

2024-01-22 17:44:03 - [MESSAGE][PASSED] - Text of object 'Object Repository/Stockbit/Bandarmology_Buyer2' is: 'PD'

2024-01-22 17:44:03 - [TEST_STEP][PASSED] - strBuyerVol2 = getText(findTestObject("Stockbit/Bandarmology_BuyerVol2")): Text of object 'Object Repository/Stockbit/Bandarmology_BuyerVol2' is: '17.9 K'

2024-01-22 17:44:04 - [MESSAGE][PASSED] - Text of object 'Object Repository/Stockbit/Bandarmology_BuyerVol2' is: '17.9 K'

2024-01-22 17:44:04 - [TEST_STEP][PASSED] - strBuyerAvg2 = getText(findTestObject("Stockbit/Bandarmology_BuyerAvg2")): Text of object 'Object Repository/Stockbit/Bandarmology_BuyerAvg2' is: '50'

2024-01-22 17:44:04 - [MESSAGE][PASSED] - Text of object 'Object Repository/Stockbit/Bandarmology_BuyerAvg2' is: '50'

2024-01-22 17:44:04 - [TEST_STEP][PASSED] - if (strBuyer2 != ""): null

2024-01-22 17:44:04 - [TEST_STEP][PASSED] - if (strBuyerAvg2.contains(",")): null

2024-01-22 17:44:04 - [TEST_STEP][PASSED] - if (strBuyerVol2.contains(" B")): null

2024-01-22 17:44:04 - [TEST_STEP][PASSED] - else if (strBuyerVol2.contains(" M")): null

2024-01-22 17:44:04 - [TEST_STEP][PASSED] - else if (strBuyerVol2.contains(" K")): null

2024-01-22 17:44:04 - [TEST_STEP][PASSED] - strBuyerVol2 = strBuyerVol2.replace(" K", ""): null

2024-01-22 17:44:04 - [TEST_STEP][PASSED] - strBuyerVol2 = strBuyerVol2.toDouble() * 1000: null

2024-01-22 17:44:04 - [TEST_STEP][PASSED] - if (strBuyerVol2.contains(".")): null

2024-01-22 17:44:04 - [TEST_STEP][PASSED] - strBuyerVal2 = strBuyerVol2.replace(".", ""): null

2024-01-22 17:44:04 - [TEST_STEP][PASSED] - if (verifyElementNotPresent(findTestObject("Stockbit/Bandarmology_Seller2"), 1, OPTIONAL)): Web element with id: 'Object Repository/Stockbit/Bandarmology_Seller2' located by 'By.xpath: //*[contains(@id, 'rc-tabs-')]/div[2]/div/div/div/div/div/div[2]/table/tbody/tr[3]/td[5]/p' is present after '1' second(s) (Root cause: com.kms.katalon.core.exception.StepFailedException: Web element with id: 'Object Repository/Stockbit/Bandarmology_Seller2' located by 'By.xpath: //*[contains(@id, 'rc-tabs-')]/div[2]/div/div/div/div/div/div[2]/table/tbody/tr[3]/td[5]/p' is present after '1' second(s)
	at com.kms.katalon.core.webui.keyword.internal.WebUIKeywordMain.stepFailed(WebUIKeywordMain.groovy:64)
	at com.kms.katalon.core.webui.keyword.internal.WebUIKeywordMain$stepFailed$0.call(Unknown Source)
	at com.kms.katalon.core.webui.keyword.builtin.VerifyElementNotPresentKeyword$_verifyElementNotPresent_closure1.doCall(VerifyElementNotPresentKeyword.groovy:106)
	at com.kms.katalon.core.webui.keyword.builtin.VerifyElementNotPresentKeyword$_verifyElementNotPresent_closure1.doCall(VerifyElementNotPresentKeyword.groovy)
	at com.kms.katalon.core.webui.keyword.internal.WebUIKeywordMain.runKeyword(WebUIKeywordMain.groovy:20)
	at com.kms.katalon.core.webui.keyword.internal.WebUIKeywordMain$runKeyword.call(Unknown Source)
	at com.kms.katalon.core.webui.keyword.builtin.VerifyElementNotPresentKeyword.verifyElementNotPresent(VerifyElementNotPresentKeyword.groovy:117)
	at com.kms.katalon.core.webui.keyword.builtin.VerifyElementNotPresentKeyword.execute(VerifyElementNotPresentKeyword.groovy:68)
	at com.kms.katalon.core.keyword.internal.KeywordExecutor.executeKeywordForPlatform(KeywordExecutor.groovy:74)
	at com.kms.katalon.core.webui.keyword.WebUiBuiltInKeywords.verifyElementNotPresent(WebUiBuiltInKeywords.groovy:1481)
	at com.kms.katalon.core.webui.keyword.WebUiBuiltInKeywords$verifyElementNotPresent$8.call(Unknown Source)
	at GetBrokSumPriceDaily.run(GetBrokSumPriceDaily:309)
	at com.kms.katalon.core.main.ScriptEngine.run(ScriptEngine.java:194)
	at com.kms.katalon.core.main.ScriptEngine.runScriptAsRawText(ScriptEngine.java:119)
	at com.kms.katalon.core.main.TestCaseExecutor.runScript(TestCaseExecutor.java:445)
	at com.kms.katalon.core.main.TestCaseExecutor.doExecute(TestCaseExecutor.java:436)
	at com.kms.katalon.core.main.TestCaseExecutor.processExecutionPhase(TestCaseExecutor.java:415)
	at com.kms.katalon.core.main.TestCaseExecutor.accessMainPhase(TestCaseExecutor.java:407)
	at com.kms.katalon.core.main.TestCaseExecutor.execute(TestCaseExecutor.java:284)
	at com.kms.katalon.core.common.CommonExecutor.accessTestCaseMainPhase(CommonExecutor.java:65)
	at com.kms.katalon.core.main.TestSuiteExecutor.accessTestSuiteMainPhase(TestSuiteExecutor.java:144)
	at com.kms.katalon.core.main.TestSuiteExecutor.execute(TestSuiteExecutor.java:106)
	at com.kms.katalon.core.main.TestCaseMain.startTestSuite(TestCaseMain.java:185)
	at com.kms.katalon.core.main.TestCaseMain$startTestSuite$0.call(Unknown Source)
	at TempTestSuite1705920083951.run(TempTestSuite1705920083951.groovy:36)
)

2024-01-22 17:44:05 - [MESSAGE][WARNING] - Web element with id: 'Object Repository/Stockbit/Bandarmology_Seller2' located by 'By.xpath: //*[contains(@id, 'rc-tabs-')]/div[2]/div/div/div/div/div/div[2]/table/tbody/tr[3]/td[5]/p' is present after '1' second(s) (Root cause: com.kms.katalon.core.exception.StepFailedException: Web element with id: 'Object Repository/Stockbit/Bandarmology_Seller2' located by 'By.xpath: //*[contains(@id, 'rc-tabs-')]/div[2]/div/div/div/div/div/div[2]/table/tbody/tr[3]/td[5]/p' is present after '1' second(s)
	at com.kms.katalon.core.webui.keyword.internal.WebUIKeywordMain.stepFailed(WebUIKeywordMain.groovy:64)
	at com.kms.katalon.core.webui.keyword.internal.WebUIKeywordMain$stepFailed$0.call(Unknown Source)
	at com.kms.katalon.core.webui.keyword.builtin.VerifyElementNotPresentKeyword$_verifyElementNotPresent_closure1.doCall(VerifyElementNotPresentKeyword.groovy:106)
	at com.kms.katalon.core.webui.keyword.builtin.VerifyElementNotPresentKeyword$_verifyElementNotPresent_closure1.doCall(VerifyElementNotPresentKeyword.groovy)
	at com.kms.katalon.core.webui.keyword.internal.WebUIKeywordMain.runKeyword(WebUIKeywordMain.groovy:20)
	at com.kms.katalon.core.webui.keyword.internal.WebUIKeywordMain$runKeyword.call(Unknown Source)
	at com.kms.katalon.core.webui.keyword.builtin.VerifyElementNotPresentKeyword.verifyElementNotPresent(VerifyElementNotPresentKeyword.groovy:117)
	at com.kms.katalon.core.webui.keyword.builtin.VerifyElementNotPresentKeyword.execute(VerifyElementNotPresentKeyword.groovy:68)
	at com.kms.katalon.core.keyword.internal.KeywordExecutor.executeKeywordForPlatform(KeywordExecutor.groovy:74)
	at com.kms.katalon.core.webui.keyword.WebUiBuiltInKeywords.verifyElementNotPresent(WebUiBuiltInKeywords.groovy:1481)
	at com.kms.katalon.core.webui.keyword.WebUiBuiltInKeywords$verifyElementNotPresent$8.call(Unknown Source)
	at GetBrokSumPriceDaily.run(GetBrokSumPriceDaily:309)
	at com.kms.katalon.core.main.ScriptEngine.run(ScriptEngine.java:194)
	at com.kms.katalon.core.main.ScriptEngine.runScriptAsRawText(ScriptEngine.java:119)
	at com.kms.katalon.core.main.TestCaseExecutor.runScript(TestCaseExecutor.java:445)
	at com.kms.katalon.core.main.TestCaseExecutor.doExecute(TestCaseExecutor.java:436)
	at com.kms.katalon.core.main.TestCaseExecutor.processExecutionPhase(TestCaseExecutor.java:415)
	at com.kms.katalon.core.main.TestCaseExecutor.accessMainPhase(TestCaseExecutor.java:407)
	at com.kms.katalon.core.main.TestCaseExecutor.execute(TestCaseExecutor.java:284)
	at com.kms.katalon.core.common.CommonExecutor.accessTestCaseMainPhase(CommonExecutor.java:65)
	at com.kms.katalon.core.main.TestSuiteExecutor.accessTestSuiteMainPhase(TestSuiteExecutor.java:144)
	at com.kms.katalon.core.main.TestSuiteExecutor.execute(TestSuiteExecutor.java:106)
	at com.kms.katalon.core.main.TestCaseMain.startTestSuite(TestCaseMain.java:185)
	at com.kms.katalon.core.main.TestCaseMain$startTestSuite$0.call(Unknown Source)
	at TempTestSuite1705920083951.run(TempTestSuite1705920083951.groovy:36)
)
[[ATTACHMENT|C:\\Users\\Fadli\\git\\KatalonDailyGetData2\\Reports\\20240122_174123\\TS1\\20240122_174123\\1705920245428.png]]

2024-01-22 17:44:05 - [TEST_STEP][PASSED] - else: null

2024-01-22 17:44:05 - [TEST_STEP][PASSED] - strSeller2 = getText(findTestObject("Stockbit/Bandarmology_Seller2")): Text of object 'Object Repository/Stockbit/Bandarmology_Seller2' is: 'LG'

2024-01-22 17:44:05 - [MESSAGE][PASSED] - Text of object 'Object Repository/Stockbit/Bandarmology_Seller2' is: 'LG'

2024-01-22 17:44:05 - [TEST_STEP][PASSED] - strSellerVol2 = getText(findTestObject("Stockbit/Bandarmology_SellerVol2")): Text of object 'Object Repository/Stockbit/Bandarmology_SellerVol2' is: '8.5 K'

2024-01-22 17:44:05 - [MESSAGE][PASSED] - Text of object 'Object Repository/Stockbit/Bandarmology_SellerVol2' is: '8.5 K'

2024-01-22 17:44:05 - [TEST_STEP][PASSED] - strSellerAvg2 = getText(findTestObject("Stockbit/Bandarmology_SellerAvg2")): Text of object 'Object Repository/Stockbit/Bandarmology_SellerAvg2' is: '50'

2024-01-22 17:44:05 - [MESSAGE][PASSED] - Text of object 'Object Repository/Stockbit/Bandarmology_SellerAvg2' is: '50'

2024-01-22 17:44:05 - [TEST_STEP][PASSED] - if (strSeller2 != ""): null

2024-01-22 17:44:05 - [TEST_STEP][PASSED] - if (strSellerAvg2.contains(",")): null

2024-01-22 17:44:05 - [TEST_STEP][PASSED] - if (strSellerVol2.contains(" B")): null

2024-01-22 17:44:05 - [TEST_STEP][PASSED] - else if (strSellerVol2.contains(" M")): null

2024-01-22 17:44:05 - [TEST_STEP][PASSED] - else if (strSellerVol2.contains(" K")): null

2024-01-22 17:44:05 - [TEST_STEP][PASSED] - strSellerVol2 = strSellerVol2.replace(" K", ""): null

2024-01-22 17:44:05 - [TEST_STEP][PASSED] - strSellerVol2 = strSellerVol2.toDouble() * 1000: null

2024-01-22 17:44:05 - [TEST_STEP][PASSED] - if (verifyElementNotPresent(findTestObject("Stockbit/Bandarmology_Buyer3"), 1, OPTIONAL)): Web element with id: 'Object Repository/Stockbit/Bandarmology_Buyer3' located by 'By.xpath: //*[contains(@id, 'rc-tabs-')]/div[2]/div/div/div/div/div/div[2]/table/tbody/tr[4]/td[1]/p' is present after '1' second(s) (Root cause: com.kms.katalon.core.exception.StepFailedException: Web element with id: 'Object Repository/Stockbit/Bandarmology_Buyer3' located by 'By.xpath: //*[contains(@id, 'rc-tabs-')]/div[2]/div/div/div/div/div/div[2]/table/tbody/tr[4]/td[1]/p' is present after '1' second(s)
	at com.kms.katalon.core.webui.keyword.internal.WebUIKeywordMain.stepFailed(WebUIKeywordMain.groovy:64)
	at com.kms.katalon.core.webui.keyword.internal.WebUIKeywordMain$stepFailed$0.call(Unknown Source)
	at com.kms.katalon.core.webui.keyword.builtin.VerifyElementNotPresentKeyword$_verifyElementNotPresent_closure1.doCall(VerifyElementNotPresentKeyword.groovy:106)
	at com.kms.katalon.core.webui.keyword.builtin.VerifyElementNotPresentKeyword$_verifyElementNotPresent_closure1.doCall(VerifyElementNotPresentKeyword.groovy)
	at com.kms.katalon.core.webui.keyword.internal.WebUIKeywordMain.runKeyword(WebUIKeywordMain.groovy:20)
	at com.kms.katalon.core.webui.keyword.internal.WebUIKeywordMain$runKeyword.call(Unknown Source)
	at com.kms.katalon.core.webui.keyword.builtin.VerifyElementNotPresentKeyword.verifyElementNotPresent(VerifyElementNotPresentKeyword.groovy:117)
	at com.kms.katalon.core.webui.keyword.builtin.VerifyElementNotPresentKeyword.execute(VerifyElementNotPresentKeyword.groovy:68)
	at com.kms.katalon.core.keyword.internal.KeywordExecutor.executeKeywordForPlatform(KeywordExecutor.groovy:74)
	at com.kms.katalon.core.webui.keyword.WebUiBuiltInKeywords.verifyElementNotPresent(WebUiBuiltInKeywords.groovy:1481)
	at com.kms.katalon.core.webui.keyword.WebUiBuiltInKeywords$verifyElementNotPresent$8.call(Unknown Source)
	at GetBrokSumPriceDaily.run(GetBrokSumPriceDaily:361)
	at com.kms.katalon.core.main.ScriptEngine.run(ScriptEngine.java:194)
	at com.kms.katalon.core.main.ScriptEngine.runScriptAsRawText(ScriptEngine.java:119)
	at com.kms.katalon.core.main.TestCaseExecutor.runScript(TestCaseExecutor.java:445)
	at com.kms.katalon.core.main.TestCaseExecutor.doExecute(TestCaseExecutor.java:436)
	at com.kms.katalon.core.main.TestCaseExecutor.processExecutionPhase(TestCaseExecutor.java:415)
	at com.kms.katalon.core.main.TestCaseExecutor.accessMainPhase(TestCaseExecutor.java:407)
	at com.kms.katalon.core.main.TestCaseExecutor.execute(TestCaseExecutor.java:284)
	at com.kms.katalon.core.common.CommonExecutor.accessTestCaseMainPhase(CommonExecutor.java:65)
	at com.kms.katalon.core.main.TestSuiteExecutor.accessTestSuiteMainPhase(TestSuiteExecutor.java:144)
	at com.kms.katalon.core.main.TestSuiteExecutor.execute(TestSuiteExecutor.java:106)
	at com.kms.katalon.core.main.TestCaseMain.startTestSuite(TestCaseMain.java:185)
	at com.kms.katalon.core.main.TestCaseMain$startTestSuite$0.call(Unknown Source)
	at TempTestSuite1705920083951.run(TempTestSuite1705920083951.groovy:36)
)

2024-01-22 17:44:07 - [MESSAGE][WARNING] - Web element with id: 'Object Repository/Stockbit/Bandarmology_Buyer3' located by 'By.xpath: //*[contains(@id, 'rc-tabs-')]/div[2]/div/div/div/div/div/div[2]/table/tbody/tr[4]/td[1]/p' is present after '1' second(s) (Root cause: com.kms.katalon.core.exception.StepFailedException: Web element with id: 'Object Repository/Stockbit/Bandarmology_Buyer3' located by 'By.xpath: //*[contains(@id, 'rc-tabs-')]/div[2]/div/div/div/div/div/div[2]/table/tbody/tr[4]/td[1]/p' is present after '1' second(s)
	at com.kms.katalon.core.webui.keyword.internal.WebUIKeywordMain.stepFailed(WebUIKeywordMain.groovy:64)
	at com.kms.katalon.core.webui.keyword.internal.WebUIKeywordMain$stepFailed$0.call(Unknown Source)
	at com.kms.katalon.core.webui.keyword.builtin.VerifyElementNotPresentKeyword$_verifyElementNotPresent_closure1.doCall(VerifyElementNotPresentKeyword.groovy:106)
	at com.kms.katalon.core.webui.keyword.builtin.VerifyElementNotPresentKeyword$_verifyElementNotPresent_closure1.doCall(VerifyElementNotPresentKeyword.groovy)
	at com.kms.katalon.core.webui.keyword.internal.WebUIKeywordMain.runKeyword(WebUIKeywordMain.groovy:20)
	at com.kms.katalon.core.webui.keyword.internal.WebUIKeywordMain$runKeyword.call(Unknown Source)
	at com.kms.katalon.core.webui.keyword.builtin.VerifyElementNotPresentKeyword.verifyElementNotPresent(VerifyElementNotPresentKeyword.groovy:117)
	at com.kms.katalon.core.webui.keyword.builtin.VerifyElementNotPresentKeyword.execute(VerifyElementNotPresentKeyword.groovy:68)
	at com.kms.katalon.core.keyword.internal.KeywordExecutor.executeKeywordForPlatform(KeywordExecutor.groovy:74)
	at com.kms.katalon.core.webui.keyword.WebUiBuiltInKeywords.verifyElementNotPresent(WebUiBuiltInKeywords.groovy:1481)
	at com.kms.katalon.core.webui.keyword.WebUiBuiltInKeywords$verifyElementNotPresent$8.call(Unknown Source)
	at GetBrokSumPriceDaily.run(GetBrokSumPriceDaily:361)
	at com.kms.katalon.core.main.ScriptEngine.run(ScriptEngine.java:194)
	at com.kms.katalon.core.main.ScriptEngine.runScriptAsRawText(ScriptEngine.java:119)
	at com.kms.katalon.core.main.TestCaseExecutor.runScript(TestCaseExecutor.java:445)
	at com.kms.katalon.core.main.TestCaseExecutor.doExecute(TestCaseExecutor.java:436)
	at com.kms.katalon.core.main.TestCaseExecutor.processExecutionPhase(TestCaseExecutor.java:415)
	at com.kms.katalon.core.main.TestCaseExecutor.accessMainPhase(TestCaseExecutor.java:407)
	at com.kms.katalon.core.main.TestCaseExecutor.execute(TestCaseExecutor.java:284)
	at com.kms.katalon.core.common.CommonExecutor.accessTestCaseMainPhase(CommonExecutor.java:65)
	at com.kms.katalon.core.main.TestSuiteExecutor.accessTestSuiteMainPhase(TestSuiteExecutor.java:144)
	at com.kms.katalon.core.main.TestSuiteExecutor.execute(TestSuiteExecutor.java:106)
	at com.kms.katalon.core.main.TestCaseMain.startTestSuite(TestCaseMain.java:185)
	at com.kms.katalon.core.main.TestCaseMain$startTestSuite$0.call(Unknown Source)
	at TempTestSuite1705920083951.run(TempTestSuite1705920083951.groovy:36)
)
[[ATTACHMENT|C:\\Users\\Fadli\\git\\KatalonDailyGetData2\\Reports\\20240122_174123\\TS1\\20240122_174123\\1705920247181.png]]

2024-01-22 17:44:07 - [TEST_STEP][PASSED] - else: null

2024-01-22 17:44:07 - [TEST_STEP][PASSED] - strBuyer3 = getText(findTestObject("Stockbit/Bandarmology_Buyer3")): Text of object 'Object Repository/Stockbit/Bandarmology_Buyer3' is: 'DX'

2024-01-22 17:44:07 - [MESSAGE][PASSED] - Text of object 'Object Repository/Stockbit/Bandarmology_Buyer3' is: 'DX'

2024-01-22 17:44:07 - [TEST_STEP][PASSED] - strBuyerVol3 = getText(findTestObject("Stockbit/Bandarmology_BuyerVol3")): Text of object 'Object Repository/Stockbit/Bandarmology_BuyerVol3' is: '5 K'

2024-01-22 17:44:07 - [MESSAGE][PASSED] - Text of object 'Object Repository/Stockbit/Bandarmology_BuyerVol3' is: '5 K'

2024-01-22 17:44:07 - [TEST_STEP][PASSED] - strBuyerAvg3 = getText(findTestObject("Stockbit/Bandarmology_BuyerAvg3")): Text of object 'Object Repository/Stockbit/Bandarmology_BuyerAvg3' is: '50'

2024-01-22 17:44:07 - [MESSAGE][PASSED] - Text of object 'Object Repository/Stockbit/Bandarmology_BuyerAvg3' is: '50'

2024-01-22 17:44:07 - [TEST_STEP][PASSED] - if (strBuyer3 != ""): null

2024-01-22 17:44:07 - [TEST_STEP][PASSED] - if (strBuyerAvg3.contains(",")): null

2024-01-22 17:44:07 - [TEST_STEP][PASSED] - if (strBuyerVol3.contains(" B")): null

2024-01-22 17:44:07 - [TEST_STEP][PASSED] - else if (strBuyerVol3.contains(" M")): null

2024-01-22 17:44:07 - [TEST_STEP][PASSED] - else if (strBuyerVol3.contains(" K")): null

2024-01-22 17:44:07 - [TEST_STEP][PASSED] - strBuyerVol3 = strBuyerVol3.replace(" K", ""): null

2024-01-22 17:44:07 - [TEST_STEP][PASSED] - strBuyerVol3 = strBuyerVol3.toDouble() * 1000: null

2024-01-22 17:44:07 - [TEST_STEP][PASSED] - if (verifyElementNotPresent(findTestObject("Stockbit/Bandarmology_Seller3"), 1, OPTIONAL)): Web element with id: 'Object Repository/Stockbit/Bandarmology_Seller3' located by 'By.xpath: //*[contains(@id, 'rc-tabs-')]/div[2]/div/div/div/div/div/div[2]/table/tbody/tr[4]/td[5]/p' is present after '1' second(s) (Root cause: com.kms.katalon.core.exception.StepFailedException: Web element with id: 'Object Repository/Stockbit/Bandarmology_Seller3' located by 'By.xpath: //*[contains(@id, 'rc-tabs-')]/div[2]/div/div/div/div/div/div[2]/table/tbody/tr[4]/td[5]/p' is present after '1' second(s)
	at com.kms.katalon.core.webui.keyword.internal.WebUIKeywordMain.stepFailed(WebUIKeywordMain.groovy:64)
	at com.kms.katalon.core.webui.keyword.internal.WebUIKeywordMain$stepFailed$0.call(Unknown Source)
	at com.kms.katalon.core.webui.keyword.builtin.VerifyElementNotPresentKeyword$_verifyElementNotPresent_closure1.doCall(VerifyElementNotPresentKeyword.groovy:106)
	at com.kms.katalon.core.webui.keyword.builtin.VerifyElementNotPresentKeyword$_verifyElementNotPresent_closure1.doCall(VerifyElementNotPresentKeyword.groovy)
	at com.kms.katalon.core.webui.keyword.internal.WebUIKeywordMain.runKeyword(WebUIKeywordMain.groovy:20)
	at com.kms.katalon.core.webui.keyword.internal.WebUIKeywordMain$runKeyword.call(Unknown Source)
	at com.kms.katalon.core.webui.keyword.builtin.VerifyElementNotPresentKeyword.verifyElementNotPresent(VerifyElementNotPresentKeyword.groovy:117)
	at com.kms.katalon.core.webui.keyword.builtin.VerifyElementNotPresentKeyword.execute(VerifyElementNotPresentKeyword.groovy:68)
	at com.kms.katalon.core.keyword.internal.KeywordExecutor.executeKeywordForPlatform(KeywordExecutor.groovy:74)
	at com.kms.katalon.core.webui.keyword.WebUiBuiltInKeywords.verifyElementNotPresent(WebUiBuiltInKeywords.groovy:1481)
	at com.kms.katalon.core.webui.keyword.WebUiBuiltInKeywords$verifyElementNotPresent$8.call(Unknown Source)
	at GetBrokSumPriceDaily.run(GetBrokSumPriceDaily:414)
	at com.kms.katalon.core.main.ScriptEngine.run(ScriptEngine.java:194)
	at com.kms.katalon.core.main.ScriptEngine.runScriptAsRawText(ScriptEngine.java:119)
	at com.kms.katalon.core.main.TestCaseExecutor.runScript(TestCaseExecutor.java:445)
	at com.kms.katalon.core.main.TestCaseExecutor.doExecute(TestCaseExecutor.java:436)
	at com.kms.katalon.core.main.TestCaseExecutor.processExecutionPhase(TestCaseExecutor.java:415)
	at com.kms.katalon.core.main.TestCaseExecutor.accessMainPhase(TestCaseExecutor.java:407)
	at com.kms.katalon.core.main.TestCaseExecutor.execute(TestCaseExecutor.java:284)
	at com.kms.katalon.core.common.CommonExecutor.accessTestCaseMainPhase(CommonExecutor.java:65)
	at com.kms.katalon.core.main.TestSuiteExecutor.accessTestSuiteMainPhase(TestSuiteExecutor.java:144)
	at com.kms.katalon.core.main.TestSuiteExecutor.execute(TestSuiteExecutor.java:106)
	at com.kms.katalon.core.main.TestCaseMain.startTestSuite(TestCaseMain.java:185)
	at com.kms.katalon.core.main.TestCaseMain$startTestSuite$0.call(Unknown Source)
	at TempTestSuite1705920083951.run(TempTestSuite1705920083951.groovy:36)
)

2024-01-22 17:44:09 - [MESSAGE][WARNING] - Web element with id: 'Object Repository/Stockbit/Bandarmology_Seller3' located by 'By.xpath: //*[contains(@id, 'rc-tabs-')]/div[2]/div/div/div/div/div/div[2]/table/tbody/tr[4]/td[5]/p' is present after '1' second(s) (Root cause: com.kms.katalon.core.exception.StepFailedException: Web element with id: 'Object Repository/Stockbit/Bandarmology_Seller3' located by 'By.xpath: //*[contains(@id, 'rc-tabs-')]/div[2]/div/div/div/div/div/div[2]/table/tbody/tr[4]/td[5]/p' is present after '1' second(s)
	at com.kms.katalon.core.webui.keyword.internal.WebUIKeywordMain.stepFailed(WebUIKeywordMain.groovy:64)
	at com.kms.katalon.core.webui.keyword.internal.WebUIKeywordMain$stepFailed$0.call(Unknown Source)
	at com.kms.katalon.core.webui.keyword.builtin.VerifyElementNotPresentKeyword$_verifyElementNotPresent_closure1.doCall(VerifyElementNotPresentKeyword.groovy:106)
	at com.kms.katalon.core.webui.keyword.builtin.VerifyElementNotPresentKeyword$_verifyElementNotPresent_closure1.doCall(VerifyElementNotPresentKeyword.groovy)
	at com.kms.katalon.core.webui.keyword.internal.WebUIKeywordMain.runKeyword(WebUIKeywordMain.groovy:20)
	at com.kms.katalon.core.webui.keyword.internal.WebUIKeywordMain$runKeyword.call(Unknown Source)
	at com.kms.katalon.core.webui.keyword.builtin.VerifyElementNotPresentKeyword.verifyElementNotPresent(VerifyElementNotPresentKeyword.groovy:117)
	at com.kms.katalon.core.webui.keyword.builtin.VerifyElementNotPresentKeyword.execute(VerifyElementNotPresentKeyword.groovy:68)
	at com.kms.katalon.core.keyword.internal.KeywordExecutor.executeKeywordForPlatform(KeywordExecutor.groovy:74)
	at com.kms.katalon.core.webui.keyword.WebUiBuiltInKeywords.verifyElementNotPresent(WebUiBuiltInKeywords.groovy:1481)
	at com.kms.katalon.core.webui.keyword.WebUiBuiltInKeywords$verifyElementNotPresent$8.call(Unknown Source)
	at GetBrokSumPriceDaily.run(GetBrokSumPriceDaily:414)
	at com.kms.katalon.core.main.ScriptEngine.run(ScriptEngine.java:194)
	at com.kms.katalon.core.main.ScriptEngine.runScriptAsRawText(ScriptEngine.java:119)
	at com.kms.katalon.core.main.TestCaseExecutor.runScript(TestCaseExecutor.java:445)
	at com.kms.katalon.core.main.TestCaseExecutor.doExecute(TestCaseExecutor.java:436)
	at com.kms.katalon.core.main.TestCaseExecutor.processExecutionPhase(TestCaseExecutor.java:415)
	at com.kms.katalon.core.main.TestCaseExecutor.accessMainPhase(TestCaseExecutor.java:407)
	at com.kms.katalon.core.main.TestCaseExecutor.execute(TestCaseExecutor.java:284)
	at com.kms.katalon.core.common.CommonExecutor.accessTestCaseMainPhase(CommonExecutor.java:65)
	at com.kms.katalon.core.main.TestSuiteExecutor.accessTestSuiteMainPhase(TestSuiteExecutor.java:144)
	at com.kms.katalon.core.main.TestSuiteExecutor.execute(TestSuiteExecutor.java:106)
	at com.kms.katalon.core.main.TestCaseMain.startTestSuite(TestCaseMain.java:185)
	at com.kms.katalon.core.main.TestCaseMain$startTestSuite$0.call(Unknown Source)
	at TempTestSuite1705920083951.run(TempTestSuite1705920083951.groovy:36)
)
[[ATTACHMENT|C:\\Users\\Fadli\\git\\KatalonDailyGetData2\\Reports\\20240122_174123\\TS1\\20240122_174123\\1705920248881.png]]

2024-01-22 17:44:09 - [TEST_STEP][PASSED] - else: null

2024-01-22 17:44:09 - [TEST_STEP][PASSED] - strSeller3 = getText(findTestObject("Stockbit/Bandarmology_Seller3")): Text of object 'Object Repository/Stockbit/Bandarmology_Seller3' is: 'CC'

2024-01-22 17:44:09 - [MESSAGE][PASSED] - Text of object 'Object Repository/Stockbit/Bandarmology_Seller3' is: 'CC'

2024-01-22 17:44:09 - [TEST_STEP][PASSED] - strSellerVol3 = getText(findTestObject("Stockbit/Bandarmology_SellerVol3")): Text of object 'Object Repository/Stockbit/Bandarmology_SellerVol3' is: '6.1 K'

2024-01-22 17:44:09 - [MESSAGE][PASSED] - Text of object 'Object Repository/Stockbit/Bandarmology_SellerVol3' is: '6.1 K'

2024-01-22 17:44:09 - [TEST_STEP][PASSED] - strSellerAvg3 = getText(findTestObject("Stockbit/Bandarmology_SellerAvg3")): Text of object 'Object Repository/Stockbit/Bandarmology_SellerAvg3' is: '50'

2024-01-22 17:44:09 - [MESSAGE][PASSED] - Text of object 'Object Repository/Stockbit/Bandarmology_SellerAvg3' is: '50'

2024-01-22 17:44:09 - [TEST_STEP][PASSED] - if (strSeller3 != ""): null

2024-01-22 17:44:09 - [TEST_STEP][PASSED] - if (strSellerAvg3.contains(",")): null

2024-01-22 17:44:09 - [TEST_STEP][PASSED] - if (strSellerVol3.contains(" B")): null

2024-01-22 17:44:09 - [TEST_STEP][PASSED] - else if (strSellerVol3.contains(" M")): null

2024-01-22 17:44:09 - [TEST_STEP][PASSED] - else if (strSellerVol3.contains(" K")): null

2024-01-22 17:44:09 - [TEST_STEP][PASSED] - strSellerVol3 = strSellerVol3.replace(" K", ""): null

2024-01-22 17:44:09 - [TEST_STEP][PASSED] - strSellerVol3 = strSellerVol3.toDouble() * 1000: null

2024-01-22 17:44:09 - [TEST_STEP][PASSED] - strAccDist = getText(findTestObject("Stockbit/Bandarmology_AccDist")): Text of object 'Object Repository/Stockbit/Bandarmology_AccDist' is: 'Acc'

2024-01-22 17:44:09 - [MESSAGE][PASSED] - Text of object 'Object Repository/Stockbit/Bandarmology_AccDist' is: 'Acc'

2024-01-22 17:44:09 - [TEST_STEP][PASSED] - strNetVol = getText(findTestObject("Stockbit/Bandarmology_NetVol")): Text of object 'Object Repository/Stockbit/Bandarmology_NetVol' is: '65,725'

2024-01-22 17:44:09 - [MESSAGE][PASSED] - Text of object 'Object Repository/Stockbit/Bandarmology_NetVol' is: '65,725'

2024-01-22 17:44:09 - [TEST_STEP][PASSED] - strNetVol = strNetVol.replace(",", ""): null

2024-01-22 17:44:09 - [TEST_STEP][PASSED] - strNetVal = getText(findTestObject("Stockbit/Bandarmology_NetVal")): Text of object 'Object Repository/Stockbit/Bandarmology_NetVal' is: '0.3 B'

2024-01-22 17:44:09 - [MESSAGE][PASSED] - Text of object 'Object Repository/Stockbit/Bandarmology_NetVal' is: '0.3 B'

2024-01-22 17:44:09 - [TEST_STEP][PASSED] - delay(3): Delayed 3 second(s)

2024-01-22 17:44:12 - [MESSAGE][PASSED] - Delayed 3 second(s)

2024-01-22 17:44:12 - [TEST_STEP][PASSED] - strOpenPrice = getText(findTestObject("Stockbit/Home_OpenPrice")): Text of object 'Object Repository/Stockbit/Home_OpenPrice' is: '50'

2024-01-22 17:44:12 - [MESSAGE][PASSED] - Text of object 'Object Repository/Stockbit/Home_OpenPrice' is: '50'

2024-01-22 17:44:12 - [TEST_STEP][PASSED] - strOpenPrice = strOpenPrice.replace(",", ""): null

2024-01-22 17:44:12 - [TEST_STEP][PASSED] - strLowPrice = getText(findTestObject("Stockbit/Home_LowPrice")): Text of object 'Object Repository/Stockbit/Home_LowPrice' is: '50'

2024-01-22 17:44:13 - [MESSAGE][PASSED] - Text of object 'Object Repository/Stockbit/Home_LowPrice' is: '50'

2024-01-22 17:44:13 - [TEST_STEP][PASSED] - strLowPrice = strLowPrice.replace(",", ""): null

2024-01-22 17:44:13 - [TEST_STEP][PASSED] - strHighPrice = getText(findTestObject("Stockbit/Home_HighPrice")): Text of object 'Object Repository/Stockbit/Home_HighPrice' is: '51'

2024-01-22 17:44:13 - [MESSAGE][PASSED] - Text of object 'Object Repository/Stockbit/Home_HighPrice' is: '51'

2024-01-22 17:44:13 - [TEST_STEP][PASSED] - strHighPrice = strHighPrice.replace(",", ""): null

2024-01-22 17:44:13 - [TEST_STEP][PASSED] - strClosePrice = getText(findTestObject("Stockbit/Home_ClosePrice")): Text of object 'Object Repository/Stockbit/Home_ClosePrice' is: '50'

2024-01-22 17:44:13 - [MESSAGE][PASSED] - Text of object 'Object Repository/Stockbit/Home_ClosePrice' is: '50'

2024-01-22 17:44:13 - [TEST_STEP][PASSED] - strClosePrice = strClosePrice.replace(",", ""): null

2024-01-22 17:44:13 - [TEST_STEP][PASSED] - strVol = getText(findTestObject("Stockbit/Home_Volume")): Text of object 'Object Repository/Stockbit/Home_Volume' is: '115 K'

2024-01-22 17:44:13 - [MESSAGE][PASSED] - Text of object 'Object Repository/Stockbit/Home_Volume' is: '115 K'

2024-01-22 17:44:13 - [TEST_STEP][PASSED] - if (strVol.contains(" K")): null

2024-01-22 17:44:13 - [TEST_STEP][PASSED] - strVol = strVol.replace(" K", "000"): null

2024-01-22 17:44:13 - [TEST_STEP][PASSED] - if (strVol.contains(",")): null

2024-01-22 17:44:13 - [TEST_STEP][PASSED] - strChange = getText(findTestObject("Stockbit/Home_Change")): Text of object 'Object Repository/Stockbit/Home_Change' is: '0.00%'

2024-01-22 17:44:13 - [MESSAGE][PASSED] - Text of object 'Object Repository/Stockbit/Home_Change' is: '0.00%'

2024-01-22 17:44:13 - [TEST_STEP][PASSED] - strChange = strChange.replace("%", ""): null

2024-01-22 17:44:13 - [TEST_STEP][PASSED] - strFreq = getText(findTestObject("Stockbit/Home_Freq")): Text of object 'Object Repository/Stockbit/Home_Freq' is: '213'

2024-01-22 17:44:13 - [MESSAGE][PASSED] - Text of object 'Object Repository/Stockbit/Home_Freq' is: '213'

2024-01-22 17:44:13 - [TEST_STEP][PASSED] - if (strFreq.contains(",")): null

2024-01-22 17:44:13 - [TEST_STEP][PASSED] - if (strFreq == "NA" || strFreq == ""): null

2024-01-22 17:44:13 - [TEST_STEP][PASSED] - else: null

2024-01-22 17:44:13 - [TEST_STEP][PASSED] - dblFreqAnal = strVol.toDouble() / strFreq.toDouble() * strFreq.toDouble() * strFreq.toDouble() * 100000000: null

2024-01-22 17:44:13 - [TEST_STEP][PASSED] - strFreqAnal = String.format("%.4f", dblFreqAnal): null

2024-01-22 17:44:13 - [TEST_STEP][PASSED] - out.println("Double strFreqAnal: " + strFreqAnal): null

2024-01-22 17:44:13 - [TEST_STEP][PASSED] - strTanggal = d.format(DateTimeFormatter.ofPattern("yyyy-MM-dd")): null

2024-01-22 17:44:13 - [TEST_STEP][PASSED] - strTanggal = "#" + strTanggal + "#": null

2024-01-22 17:44:13 - [TEST_STEP][PASSED] - strSQL = "select count(*) as JumBaris from TblBrokSum where Nama = '" + strNama + "' and Tanggal = " + strTanggal + "": null

2024-01-22 17:44:13 - [TEST_STEP][PASSED] - resultSet = statement.executeQuery(strSQL): null

2024-01-22 17:44:13 - [TEST_STEP][PASSED] - resultSet.next(): null

2024-01-22 17:44:13 - [TEST_STEP][PASSED] - intJumBaris = resultSet.getInt("JumBaris"): null

2024-01-22 17:44:13 - [TEST_STEP][PASSED] - if (intJumBaris > 0): null

2024-01-22 17:44:13 - [TEST_STEP][PASSED] - else: null

2024-01-22 17:44:13 - [TEST_STEP][PASSED] - try: null

2024-01-22 17:44:13 - [TEST_STEP][PASSED] - out.println("Insert data"): null

2024-01-22 17:44:13 - [TEST_STEP][PASSED] - strSQL = "insert into TblBrokSum (nama, tanggal, top1, top2, top3, AllBrokAvg, AccDist, AvgRP, " + "Buyer1, BuyerVal1, BuyerAvg1, Seller1, SellerVal1, SellerAvg1, Buyer2, BuyerVal2, BuyerAvg2, " + "Seller2, SellerVal2, SellerAvg2, Buyer3, BuyerVal3, BuyerAvg3, Seller3, SellerVal3, SellerAvg3, NetVol, NetVal, " + "OpenPrice, LowPrice, HighPrice, ClosePrice, Volume, Change, Frekuensi, FrekAnal) " + "values ('" + strNama + "', " + strTanggal + ", '" + strTop1 + "', '" + strTop3 + "', '" + strTop5 + "', " + "'" + strAllBrokAvg + "', '" + strAccDist + "', " + intAvgRP + ", '" + strBuyer1 + "', '" + strBuyerVol1 + "', " + strBuyerAvg1 + ", " + "'" + strSeller1 + "', '" + strSellerVol1 + "', " + strSellerAvg1 + ", '" + strBuyer2 + "', '" + strBuyerVol2 + "', " + strBuyerAvg2 + ", " + "'" + strSeller2 + "', '" + strSellerVol2 + "', " + strSellerAvg2 + ", '" + strBuyer3 + "', '" + strBuyerVol3 + "', " + strBuyerAvg3 + ", " + "'" + strSeller3 + "', '" + strSellerVol3 + "', " + strSellerAvg3 + ", " + strNetVol + ", '" + strNetVal + "', " + "" + strOpenPrice + ", " + strLowPrice + ", " + strHighPrice + ", " + strClosePrice + ", '" + strVol + "', " + strChange + ", " + strFreq + ", " + strFreqAnal + ");": null

2024-01-22 17:44:13 - [TEST_STEP][PASSED] - out.println("strSQL = " + strSQL): null

2024-01-22 17:44:13 - [TEST_STEP][PASSED] - statement.executeUpdate(strSQL): null

2024-01-22 17:44:13 - [TEST_STEP][PASSED] - setValueToCellByIndex(sheet01, rowIndex, 4, "DONE"): null

2024-01-22 17:44:13 - [TEST_STEP][PASSED] - saveWorkbook(excelFilePath, workbook01): null

2024-01-22 17:44:13 - [TEST_STEP][PASSED] - waitForElementClickable(findTestObject("Stockbit/menu_Bandarmology"), 10): Object 'Object Repository/Stockbit/menu_Bandarmology' is clickable

2024-01-22 17:44:13 - [MESSAGE][PASSED] - Object 'Object Repository/Stockbit/menu_Bandarmology' is clickable

2024-01-22 17:44:13 - [TEST_STEP][PASSED] - click(findTestObject("Stockbit/menu_Bandarmology")): Object: 'Object Repository/Stockbit/menu_Bandarmology' is clicked on

2024-01-22 17:44:14 - [MESSAGE][PASSED] - Object: 'Object Repository/Stockbit/menu_Bandarmology' is clicked on

2024-01-22 17:44:14 - [TEST_STEP][PASSED] - strTemp = "NA": null

2024-01-22 17:44:14 - [TEST_STEP][PASSED] - if (getCellValueByIndex(sheet01, rowIndex, 4) != "DONE"): Object: 'Object Repository/Stockbit/menu_Bandarmology' is clicked on

2024-01-22 17:44:14 - [TEST_STEP][PASSED] - strNama = getCellValueByIndex(sheet01, rowIndex, 0): null

2024-01-22 17:44:14 - [TEST_STEP][PASSED] - navigateToUrl("https://stockbit.com/#/symbol/" + strNama): Navigate to 'https://stockbit.com/#/symbol/UNIQ' successfully

2024-01-22 17:44:15 - [MESSAGE][PASSED] - Navigate to 'https://stockbit.com/#/symbol/UNIQ' successfully

2024-01-22 17:44:15 - [TEST_STEP][PASSED] - waitForElementClickable(findTestObject("Stockbit/menu_Bandarmology"), 10): Object 'Object Repository/Stockbit/menu_Bandarmology' is clickable

2024-01-22 17:44:15 - [MESSAGE][PASSED] - Object 'Object Repository/Stockbit/menu_Bandarmology' is clickable

2024-01-22 17:44:15 - [TEST_STEP][PASSED] - click(findTestObject("Stockbit/menu_Bandarmology")): Object: 'Object Repository/Stockbit/menu_Bandarmology' is clicked on

2024-01-22 17:44:16 - [MESSAGE][PASSED] - Object: 'Object Repository/Stockbit/menu_Bandarmology' is clicked on

2024-01-22 17:44:16 - [TEST_STEP][PASSED] - strTanggal = d.format(DateTimeFormatter.ofPattern("MMM dd, yyyy")): null

2024-01-22 17:44:16 - [TEST_STEP][PASSED] - strTanggal = d.format(ISO_DATE): null

2024-01-22 17:44:16 - [TEST_STEP][PASSED] - out.println("strTanggal = " + strTanggal): null

2024-01-22 17:44:16 - [TEST_STEP][PASSED] - out.println("strNama = " + strNama): null

2024-01-22 17:44:16 - [TEST_STEP][PASSED] - out.println("Baris ke = " + rowIndex): null

2024-01-22 17:44:16 - [TEST_STEP][PASSED] - click(findTestObject("Stockbit/input__BandarmologyOpenStartDate")): Object: 'Object Repository/Stockbit/input__BandarmologyOpenStartDate' is clicked on

2024-01-22 17:44:18 - [MESSAGE][PASSED] - Object: 'Object Repository/Stockbit/input__BandarmologyOpenStartDate' is clicked on

2024-01-22 17:44:18 - [TEST_STEP][PASSED] - sendKeys(findTestObject("Stockbit/input__BandarmologyOpenStartDate"), Keys.chord(CONTROL, "a")): Keys 'CONTROL + a' sent to object: 'Object Repository/Stockbit/input__BandarmologyOpenStartDate'

2024-01-22 17:44:18 - [MESSAGE][PASSED] - Keys 'CONTROL + a' sent to object: 'Object Repository/Stockbit/input__BandarmologyOpenStartDate'

2024-01-22 17:44:18 - [TEST_STEP][PASSED] - sendKeys(findTestObject("Stockbit/input__BandarmologyOpenStartDate"), Keys.chord(BACK_SPACE)): Keys 'BACK_SPACE + ' sent to object: 'Object Repository/Stockbit/input__BandarmologyOpenStartDate'

2024-01-22 17:44:19 - [MESSAGE][PASSED] - Keys 'BACK_SPACE + ' sent to object: 'Object Repository/Stockbit/input__BandarmologyOpenStartDate'

2024-01-22 17:44:19 - [TEST_STEP][PASSED] - setText(findTestObject("Stockbit/input__BandarmologyOpenStartDate"), strTanggal): Text '2024-01-22' is set on object 'Object Repository/Stockbit/input__BandarmologyOpenStartDate'

2024-01-22 17:44:19 - [MESSAGE][PASSED] - Text '2024-01-22' is set on object 'Object Repository/Stockbit/input__BandarmologyOpenStartDate'

2024-01-22 17:44:19 - [TEST_STEP][PASSED] - sendKeys(findTestObject("Stockbit/input__BandarmologyOpenStartDate"), Keys.chord(ENTER)): Keys 'ENTER + ' sent to object: 'Object Repository/Stockbit/input__BandarmologyOpenStartDate'

2024-01-22 17:44:20 - [MESSAGE][PASSED] - Keys 'ENTER + ' sent to object: 'Object Repository/Stockbit/input__BandarmologyOpenStartDate'

2024-01-22 17:44:20 - [TEST_STEP][PASSED] - click(findTestObject("Stockbit/input__BandarmologyOpenEndDate")): Object: 'Object Repository/Stockbit/input__BandarmologyOpenEndDate' is clicked on

2024-01-22 17:44:20 - [MESSAGE][PASSED] - Object: 'Object Repository/Stockbit/input__BandarmologyOpenEndDate' is clicked on

2024-01-22 17:44:20 - [TEST_STEP][PASSED] - sendKeys(findTestObject("Stockbit/input__BandarmologyOpenEndDate"), Keys.chord(CONTROL, "a")): Keys 'CONTROL + a' sent to object: 'Object Repository/Stockbit/input__BandarmologyOpenEndDate'

2024-01-22 17:44:21 - [MESSAGE][PASSED] - Keys 'CONTROL + a' sent to object: 'Object Repository/Stockbit/input__BandarmologyOpenEndDate'

2024-01-22 17:44:21 - [TEST_STEP][PASSED] - sendKeys(findTestObject("Stockbit/input__BandarmologyOpenEndDate"), Keys.chord(BACK_SPACE)): Keys 'BACK_SPACE + ' sent to object: 'Object Repository/Stockbit/input__BandarmologyOpenEndDate'

2024-01-22 17:44:21 - [MESSAGE][PASSED] - Keys 'BACK_SPACE + ' sent to object: 'Object Repository/Stockbit/input__BandarmologyOpenEndDate'

2024-01-22 17:44:21 - [TEST_STEP][PASSED] - setText(findTestObject("Stockbit/input__BandarmologyOpenEndDate"), strTanggal): Text '2024-01-22' is set on object 'Object Repository/Stockbit/input__BandarmologyOpenEndDate'

2024-01-22 17:44:22 - [MESSAGE][PASSED] - Text '2024-01-22' is set on object 'Object Repository/Stockbit/input__BandarmologyOpenEndDate'

2024-01-22 17:44:22 - [TEST_STEP][PASSED] - sendKeys(findTestObject("Stockbit/input__BandarmologyOpenEndDate"), Keys.chord(ENTER)): Keys 'ENTER + ' sent to object: 'Object Repository/Stockbit/input__BandarmologyOpenEndDate'

2024-01-22 17:44:22 - [MESSAGE][PASSED] - Keys 'ENTER + ' sent to object: 'Object Repository/Stockbit/input__BandarmologyOpenEndDate'

2024-01-22 17:44:22 - [TEST_STEP][PASSED] - delay(2): Delayed 2 second(s)

2024-01-22 17:44:24 - [MESSAGE][PASSED] - Delayed 2 second(s)

2024-01-22 17:44:24 - [TEST_STEP][PASSED] - strTemp = getText(findTestObject("Stockbit/Bandarmology_AvgRP")): Text of object 'Object Repository/Stockbit/Bandarmology_AvgRP' is: '199'

2024-01-22 17:44:24 - [MESSAGE][PASSED] - Text of object 'Object Repository/Stockbit/Bandarmology_AvgRP' is: '199'

2024-01-22 17:44:24 - [TEST_STEP][PASSED] - out.println("Bandarmology_AvgRP = " + strTemp): null

2024-01-22 17:44:24 - [TEST_STEP][PASSED] - if (strTemp != "0"): null

2024-01-22 17:44:24 - [TEST_STEP][PASSED] - strTop1 = getText(findTestObject("Stockbit/Bandarmology_Top1")): Text of object 'Object Repository/Stockbit/Bandarmology_Top1' is: 'Small Acc'

2024-01-22 17:44:24 - [MESSAGE][PASSED] - Text of object 'Object Repository/Stockbit/Bandarmology_Top1' is: 'Small Acc'

2024-01-22 17:44:24 - [TEST_STEP][PASSED] - strTop3 = getText(findTestObject("Stockbit/Bandarmology_Top3")): Text of object 'Object Repository/Stockbit/Bandarmology_Top3' is: 'Neutral'

2024-01-22 17:44:24 - [MESSAGE][PASSED] - Text of object 'Object Repository/Stockbit/Bandarmology_Top3' is: 'Neutral'

2024-01-22 17:44:24 - [TEST_STEP][PASSED] - strTop5 = getText(findTestObject("Stockbit/Bandarmology_Top5")): Text of object 'Object Repository/Stockbit/Bandarmology_Top5' is: 'Neutral'

2024-01-22 17:44:24 - [MESSAGE][PASSED] - Text of object 'Object Repository/Stockbit/Bandarmology_Top5' is: 'Neutral'

2024-01-22 17:44:24 - [TEST_STEP][PASSED] - strAllBrokAvg = getText(findTestObject("Stockbit/Bandarmology_TopAVG")): Text of object 'Object Repository/Stockbit/Bandarmology_TopAVG' is: 'Neutral'

2024-01-22 17:44:25 - [MESSAGE][PASSED] - Text of object 'Object Repository/Stockbit/Bandarmology_TopAVG' is: 'Neutral'

2024-01-22 17:44:25 - [TEST_STEP][PASSED] - strTemp = getText(findTestObject("Stockbit/Bandarmology_AvgRP")): Text of object 'Object Repository/Stockbit/Bandarmology_AvgRP' is: '199'

2024-01-22 17:44:25 - [MESSAGE][PASSED] - Text of object 'Object Repository/Stockbit/Bandarmology_AvgRP' is: '199'

2024-01-22 17:44:25 - [TEST_STEP][PASSED] - if (strTemp.contains(",")): null

2024-01-22 17:44:25 - [TEST_STEP][PASSED] - intAvgRP = strTemp.toInteger(): null

2024-01-22 17:44:25 - [TEST_STEP][PASSED] - strBuyer1 = getText(findTestObject("Stockbit/Bandarmology_Buyer1")): Text of object 'Object Repository/Stockbit/Bandarmology_Buyer1' is: 'XA'

2024-01-22 17:44:25 - [MESSAGE][PASSED] - Text of object 'Object Repository/Stockbit/Bandarmology_Buyer1' is: 'XA'

2024-01-22 17:44:25 - [TEST_STEP][PASSED] - strBuyerVol1 = getText(findTestObject("Stockbit/Bandarmology_BuyerVol1")): Text of object 'Object Repository/Stockbit/Bandarmology_BuyerVol1' is: '79.8 K'

2024-01-22 17:44:25 - [MESSAGE][PASSED] - Text of object 'Object Repository/Stockbit/Bandarmology_BuyerVol1' is: '79.8 K'

2024-01-22 17:44:25 - [TEST_STEP][PASSED] - strBuyerAvg1 = getText(findTestObject("Stockbit/Bandarmology_BuyerAvg1")): Text of object 'Object Repository/Stockbit/Bandarmology_BuyerAvg1' is: '202'

2024-01-22 17:44:25 - [MESSAGE][PASSED] - Text of object 'Object Repository/Stockbit/Bandarmology_BuyerAvg1' is: '202'

2024-01-22 17:44:25 - [TEST_STEP][PASSED] - if (strBuyerAvg1.contains(",")): null

2024-01-22 17:44:25 - [TEST_STEP][PASSED] - if (strBuyerVol1.contains(" B")): null

2024-01-22 17:44:25 - [TEST_STEP][PASSED] - else if (strBuyerVol1.contains(" M")): null

2024-01-22 17:44:25 - [TEST_STEP][PASSED] - else if (strBuyerVol1.contains(" K")): null

2024-01-22 17:44:25 - [TEST_STEP][PASSED] - strBuyerVol1 = strBuyerVol1.replace(" K", ""): null

2024-01-22 17:44:25 - [TEST_STEP][PASSED] - strBuyerVol1 = strBuyerVol1.toDouble() * 1000: null

2024-01-22 17:44:25 - [TEST_STEP][PASSED] - strSeller1 = getText(findTestObject("Stockbit/Bandarmology_Seller1")): Text of object 'Object Repository/Stockbit/Bandarmology_Seller1' is: 'AT'

2024-01-22 17:44:25 - [MESSAGE][PASSED] - Text of object 'Object Repository/Stockbit/Bandarmology_Seller1' is: 'AT'

2024-01-22 17:44:25 - [TEST_STEP][PASSED] - strSellerVol1 = getText(findTestObject("Stockbit/Bandarmology_SellerVol1")): Text of object 'Object Repository/Stockbit/Bandarmology_SellerVol1' is: '68.4 K'

2024-01-22 17:44:25 - [MESSAGE][PASSED] - Text of object 'Object Repository/Stockbit/Bandarmology_SellerVol1' is: '68.4 K'

2024-01-22 17:44:25 - [TEST_STEP][PASSED] - strSellerAvg1 = getText(findTestObject("Stockbit/Bandarmology_SellerAvg1")): Text of object 'Object Repository/Stockbit/Bandarmology_SellerAvg1' is: '196'

2024-01-22 17:44:25 - [MESSAGE][PASSED] - Text of object 'Object Repository/Stockbit/Bandarmology_SellerAvg1' is: '196'

2024-01-22 17:44:25 - [TEST_STEP][PASSED] - if (strSellerAvg1.contains(",")): null

2024-01-22 17:44:25 - [TEST_STEP][PASSED] - if (strSellerVol1.contains(" B")): null

2024-01-22 17:44:25 - [TEST_STEP][PASSED] - else if (strSellerVol1.contains(" M")): null

2024-01-22 17:44:25 - [TEST_STEP][PASSED] - else if (strSellerVol1.contains(" K")): null

2024-01-22 17:44:25 - [TEST_STEP][PASSED] - strSellerVol1 = strSellerVol1.replace(" K", ""): null

2024-01-22 17:44:25 - [TEST_STEP][PASSED] - strSellerVol1 = strSellerVol1.toDouble() * 1000: null

2024-01-22 17:44:25 - [TEST_STEP][PASSED] - if (verifyElementNotPresent(findTestObject("Stockbit/Bandarmology_Buyer2"), 1, OPTIONAL)): Web element with id: 'Object Repository/Stockbit/Bandarmology_Buyer2' located by 'By.xpath: //*[contains(@id, 'rc-tabs-')]/div[2]/div/div/div/div/div/div[2]/table/tbody/tr[3]/td[1]/p' is present after '1' second(s) (Root cause: com.kms.katalon.core.exception.StepFailedException: Web element with id: 'Object Repository/Stockbit/Bandarmology_Buyer2' located by 'By.xpath: //*[contains(@id, 'rc-tabs-')]/div[2]/div/div/div/div/div/div[2]/table/tbody/tr[3]/td[1]/p' is present after '1' second(s)
	at com.kms.katalon.core.webui.keyword.internal.WebUIKeywordMain.stepFailed(WebUIKeywordMain.groovy:64)
	at com.kms.katalon.core.webui.keyword.internal.WebUIKeywordMain$stepFailed$0.call(Unknown Source)
	at com.kms.katalon.core.webui.keyword.builtin.VerifyElementNotPresentKeyword$_verifyElementNotPresent_closure1.doCall(VerifyElementNotPresentKeyword.groovy:106)
	at com.kms.katalon.core.webui.keyword.builtin.VerifyElementNotPresentKeyword$_verifyElementNotPresent_closure1.doCall(VerifyElementNotPresentKeyword.groovy)
	at com.kms.katalon.core.webui.keyword.internal.WebUIKeywordMain.runKeyword(WebUIKeywordMain.groovy:20)
	at com.kms.katalon.core.webui.keyword.internal.WebUIKeywordMain$runKeyword.call(Unknown Source)
	at com.kms.katalon.core.webui.keyword.builtin.VerifyElementNotPresentKeyword.verifyElementNotPresent(VerifyElementNotPresentKeyword.groovy:117)
	at com.kms.katalon.core.webui.keyword.builtin.VerifyElementNotPresentKeyword.execute(VerifyElementNotPresentKeyword.groovy:68)
	at com.kms.katalon.core.keyword.internal.KeywordExecutor.executeKeywordForPlatform(KeywordExecutor.groovy:74)
	at com.kms.katalon.core.webui.keyword.WebUiBuiltInKeywords.verifyElementNotPresent(WebUiBuiltInKeywords.groovy:1481)
	at com.kms.katalon.core.webui.keyword.WebUiBuiltInKeywords$verifyElementNotPresent$8.call(Unknown Source)
	at GetBrokSumPriceDaily.run(GetBrokSumPriceDaily:258)
	at com.kms.katalon.core.main.ScriptEngine.run(ScriptEngine.java:194)
	at com.kms.katalon.core.main.ScriptEngine.runScriptAsRawText(ScriptEngine.java:119)
	at com.kms.katalon.core.main.TestCaseExecutor.runScript(TestCaseExecutor.java:445)
	at com.kms.katalon.core.main.TestCaseExecutor.doExecute(TestCaseExecutor.java:436)
	at com.kms.katalon.core.main.TestCaseExecutor.processExecutionPhase(TestCaseExecutor.java:415)
	at com.kms.katalon.core.main.TestCaseExecutor.accessMainPhase(TestCaseExecutor.java:407)
	at com.kms.katalon.core.main.TestCaseExecutor.execute(TestCaseExecutor.java:284)
	at com.kms.katalon.core.common.CommonExecutor.accessTestCaseMainPhase(CommonExecutor.java:65)
	at com.kms.katalon.core.main.TestSuiteExecutor.accessTestSuiteMainPhase(TestSuiteExecutor.java:144)
	at com.kms.katalon.core.main.TestSuiteExecutor.execute(TestSuiteExecutor.java:106)
	at com.kms.katalon.core.main.TestCaseMain.startTestSuite(TestCaseMain.java:185)
	at com.kms.katalon.core.main.TestCaseMain$startTestSuite$0.call(Unknown Source)
	at TempTestSuite1705920083951.run(TempTestSuite1705920083951.groovy:36)
)

2024-01-22 17:44:27 - [MESSAGE][WARNING] - Web element with id: 'Object Repository/Stockbit/Bandarmology_Buyer2' located by 'By.xpath: //*[contains(@id, 'rc-tabs-')]/div[2]/div/div/div/div/div/div[2]/table/tbody/tr[3]/td[1]/p' is present after '1' second(s) (Root cause: com.kms.katalon.core.exception.StepFailedException: Web element with id: 'Object Repository/Stockbit/Bandarmology_Buyer2' located by 'By.xpath: //*[contains(@id, 'rc-tabs-')]/div[2]/div/div/div/div/div/div[2]/table/tbody/tr[3]/td[1]/p' is present after '1' second(s)
	at com.kms.katalon.core.webui.keyword.internal.WebUIKeywordMain.stepFailed(WebUIKeywordMain.groovy:64)
	at com.kms.katalon.core.webui.keyword.internal.WebUIKeywordMain$stepFailed$0.call(Unknown Source)
	at com.kms.katalon.core.webui.keyword.builtin.VerifyElementNotPresentKeyword$_verifyElementNotPresent_closure1.doCall(VerifyElementNotPresentKeyword.groovy:106)
	at com.kms.katalon.core.webui.keyword.builtin.VerifyElementNotPresentKeyword$_verifyElementNotPresent_closure1.doCall(VerifyElementNotPresentKeyword.groovy)
	at com.kms.katalon.core.webui.keyword.internal.WebUIKeywordMain.runKeyword(WebUIKeywordMain.groovy:20)
	at com.kms.katalon.core.webui.keyword.internal.WebUIKeywordMain$runKeyword.call(Unknown Source)
	at com.kms.katalon.core.webui.keyword.builtin.VerifyElementNotPresentKeyword.verifyElementNotPresent(VerifyElementNotPresentKeyword.groovy:117)
	at com.kms.katalon.core.webui.keyword.builtin.VerifyElementNotPresentKeyword.execute(VerifyElementNotPresentKeyword.groovy:68)
	at com.kms.katalon.core.keyword.internal.KeywordExecutor.executeKeywordForPlatform(KeywordExecutor.groovy:74)
	at com.kms.katalon.core.webui.keyword.WebUiBuiltInKeywords.verifyElementNotPresent(WebUiBuiltInKeywords.groovy:1481)
	at com.kms.katalon.core.webui.keyword.WebUiBuiltInKeywords$verifyElementNotPresent$8.call(Unknown Source)
	at GetBrokSumPriceDaily.run(GetBrokSumPriceDaily:258)
	at com.kms.katalon.core.main.ScriptEngine.run(ScriptEngine.java:194)
	at com.kms.katalon.core.main.ScriptEngine.runScriptAsRawText(ScriptEngine.java:119)
	at com.kms.katalon.core.main.TestCaseExecutor.runScript(TestCaseExecutor.java:445)
	at com.kms.katalon.core.main.TestCaseExecutor.doExecute(TestCaseExecutor.java:436)
	at com.kms.katalon.core.main.TestCaseExecutor.processExecutionPhase(TestCaseExecutor.java:415)
	at com.kms.katalon.core.main.TestCaseExecutor.accessMainPhase(TestCaseExecutor.java:407)
	at com.kms.katalon.core.main.TestCaseExecutor.execute(TestCaseExecutor.java:284)
	at com.kms.katalon.core.common.CommonExecutor.accessTestCaseMainPhase(CommonExecutor.java:65)
	at com.kms.katalon.core.main.TestSuiteExecutor.accessTestSuiteMainPhase(TestSuiteExecutor.java:144)
	at com.kms.katalon.core.main.TestSuiteExecutor.execute(TestSuiteExecutor.java:106)
	at com.kms.katalon.core.main.TestCaseMain.startTestSuite(TestCaseMain.java:185)
	at com.kms.katalon.core.main.TestCaseMain$startTestSuite$0.call(Unknown Source)
	at TempTestSuite1705920083951.run(TempTestSuite1705920083951.groovy:36)
)
[[ATTACHMENT|C:\\Users\\Fadli\\git\\KatalonDailyGetData2\\Reports\\20240122_174123\\TS1\\20240122_174123\\1705920267118.png]]

2024-01-22 17:44:27 - [TEST_STEP][PASSED] - else: null

2024-01-22 17:44:27 - [TEST_STEP][PASSED] - strBuyer2 = getText(findTestObject("Stockbit/Bandarmology_Buyer2")): Text of object 'Object Repository/Stockbit/Bandarmology_Buyer2' is: 'YB'

2024-01-22 17:44:27 - [MESSAGE][PASSED] - Text of object 'Object Repository/Stockbit/Bandarmology_Buyer2' is: 'YB'

2024-01-22 17:44:27 - [TEST_STEP][PASSED] - strBuyerVol2 = getText(findTestObject("Stockbit/Bandarmology_BuyerVol2")): Text of object 'Object Repository/Stockbit/Bandarmology_BuyerVol2' is: '7.5 K'

2024-01-22 17:44:27 - [MESSAGE][PASSED] - Text of object 'Object Repository/Stockbit/Bandarmology_BuyerVol2' is: '7.5 K'

2024-01-22 17:44:27 - [TEST_STEP][PASSED] - strBuyerAvg2 = getText(findTestObject("Stockbit/Bandarmology_BuyerAvg2")): Text of object 'Object Repository/Stockbit/Bandarmology_BuyerAvg2' is: '196'

2024-01-22 17:44:27 - [MESSAGE][PASSED] - Text of object 'Object Repository/Stockbit/Bandarmology_BuyerAvg2' is: '196'

2024-01-22 17:44:27 - [TEST_STEP][PASSED] - if (strBuyer2 != ""): null

2024-01-22 17:44:27 - [TEST_STEP][PASSED] - if (strBuyerAvg2.contains(",")): null

2024-01-22 17:44:27 - [TEST_STEP][PASSED] - if (strBuyerVol2.contains(" B")): null

2024-01-22 17:44:27 - [TEST_STEP][PASSED] - else if (strBuyerVol2.contains(" M")): null

2024-01-22 17:44:27 - [TEST_STEP][PASSED] - else if (strBuyerVol2.contains(" K")): null

2024-01-22 17:44:27 - [TEST_STEP][PASSED] - strBuyerVol2 = strBuyerVol2.replace(" K", ""): null

2024-01-22 17:44:27 - [TEST_STEP][PASSED] - strBuyerVol2 = strBuyerVol2.toDouble() * 1000: null

2024-01-22 17:44:27 - [TEST_STEP][PASSED] - if (strBuyerVol2.contains(".")): null

2024-01-22 17:44:27 - [TEST_STEP][PASSED] - strBuyerVal2 = strBuyerVol2.replace(".", ""): null

2024-01-22 17:44:27 - [TEST_STEP][PASSED] - if (verifyElementNotPresent(findTestObject("Stockbit/Bandarmology_Seller2"), 1, OPTIONAL)): Web element with id: 'Object Repository/Stockbit/Bandarmology_Seller2' located by 'By.xpath: //*[contains(@id, 'rc-tabs-')]/div[2]/div/div/div/div/div/div[2]/table/tbody/tr[3]/td[5]/p' is present after '1' second(s) (Root cause: com.kms.katalon.core.exception.StepFailedException: Web element with id: 'Object Repository/Stockbit/Bandarmology_Seller2' located by 'By.xpath: //*[contains(@id, 'rc-tabs-')]/div[2]/div/div/div/div/div/div[2]/table/tbody/tr[3]/td[5]/p' is present after '1' second(s)
	at com.kms.katalon.core.webui.keyword.internal.WebUIKeywordMain.stepFailed(WebUIKeywordMain.groovy:64)
	at com.kms.katalon.core.webui.keyword.internal.WebUIKeywordMain$stepFailed$0.call(Unknown Source)
	at com.kms.katalon.core.webui.keyword.builtin.VerifyElementNotPresentKeyword$_verifyElementNotPresent_closure1.doCall(VerifyElementNotPresentKeyword.groovy:106)
	at com.kms.katalon.core.webui.keyword.builtin.VerifyElementNotPresentKeyword$_verifyElementNotPresent_closure1.doCall(VerifyElementNotPresentKeyword.groovy)
	at com.kms.katalon.core.webui.keyword.internal.WebUIKeywordMain.runKeyword(WebUIKeywordMain.groovy:20)
	at com.kms.katalon.core.webui.keyword.internal.WebUIKeywordMain$runKeyword.call(Unknown Source)
	at com.kms.katalon.core.webui.keyword.builtin.VerifyElementNotPresentKeyword.verifyElementNotPresent(VerifyElementNotPresentKeyword.groovy:117)
	at com.kms.katalon.core.webui.keyword.builtin.VerifyElementNotPresentKeyword.execute(VerifyElementNotPresentKeyword.groovy:68)
	at com.kms.katalon.core.keyword.internal.KeywordExecutor.executeKeywordForPlatform(KeywordExecutor.groovy:74)
	at com.kms.katalon.core.webui.keyword.WebUiBuiltInKeywords.verifyElementNotPresent(WebUiBuiltInKeywords.groovy:1481)
	at com.kms.katalon.core.webui.keyword.WebUiBuiltInKeywords$verifyElementNotPresent$8.call(Unknown Source)
	at GetBrokSumPriceDaily.run(GetBrokSumPriceDaily:309)
	at com.kms.katalon.core.main.ScriptEngine.run(ScriptEngine.java:194)
	at com.kms.katalon.core.main.ScriptEngine.runScriptAsRawText(ScriptEngine.java:119)
	at com.kms.katalon.core.main.TestCaseExecutor.runScript(TestCaseExecutor.java:445)
	at com.kms.katalon.core.main.TestCaseExecutor.doExecute(TestCaseExecutor.java:436)
	at com.kms.katalon.core.main.TestCaseExecutor.processExecutionPhase(TestCaseExecutor.java:415)
	at com.kms.katalon.core.main.TestCaseExecutor.accessMainPhase(TestCaseExecutor.java:407)
	at com.kms.katalon.core.main.TestCaseExecutor.execute(TestCaseExecutor.java:284)
	at com.kms.katalon.core.common.CommonExecutor.accessTestCaseMainPhase(CommonExecutor.java:65)
	at com.kms.katalon.core.main.TestSuiteExecutor.accessTestSuiteMainPhase(TestSuiteExecutor.java:144)
	at com.kms.katalon.core.main.TestSuiteExecutor.execute(TestSuiteExecutor.java:106)
	at com.kms.katalon.core.main.TestCaseMain.startTestSuite(TestCaseMain.java:185)
	at com.kms.katalon.core.main.TestCaseMain$startTestSuite$0.call(Unknown Source)
	at TempTestSuite1705920083951.run(TempTestSuite1705920083951.groovy:36)
)

2024-01-22 17:44:29 - [MESSAGE][WARNING] - Web element with id: 'Object Repository/Stockbit/Bandarmology_Seller2' located by 'By.xpath: //*[contains(@id, 'rc-tabs-')]/div[2]/div/div/div/div/div/div[2]/table/tbody/tr[3]/td[5]/p' is present after '1' second(s) (Root cause: com.kms.katalon.core.exception.StepFailedException: Web element with id: 'Object Repository/Stockbit/Bandarmology_Seller2' located by 'By.xpath: //*[contains(@id, 'rc-tabs-')]/div[2]/div/div/div/div/div/div[2]/table/tbody/tr[3]/td[5]/p' is present after '1' second(s)
	at com.kms.katalon.core.webui.keyword.internal.WebUIKeywordMain.stepFailed(WebUIKeywordMain.groovy:64)
	at com.kms.katalon.core.webui.keyword.internal.WebUIKeywordMain$stepFailed$0.call(Unknown Source)
	at com.kms.katalon.core.webui.keyword.builtin.VerifyElementNotPresentKeyword$_verifyElementNotPresent_closure1.doCall(VerifyElementNotPresentKeyword.groovy:106)
	at com.kms.katalon.core.webui.keyword.builtin.VerifyElementNotPresentKeyword$_verifyElementNotPresent_closure1.doCall(VerifyElementNotPresentKeyword.groovy)
	at com.kms.katalon.core.webui.keyword.internal.WebUIKeywordMain.runKeyword(WebUIKeywordMain.groovy:20)
	at com.kms.katalon.core.webui.keyword.internal.WebUIKeywordMain$runKeyword.call(Unknown Source)
	at com.kms.katalon.core.webui.keyword.builtin.VerifyElementNotPresentKeyword.verifyElementNotPresent(VerifyElementNotPresentKeyword.groovy:117)
	at com.kms.katalon.core.webui.keyword.builtin.VerifyElementNotPresentKeyword.execute(VerifyElementNotPresentKeyword.groovy:68)
	at com.kms.katalon.core.keyword.internal.KeywordExecutor.executeKeywordForPlatform(KeywordExecutor.groovy:74)
	at com.kms.katalon.core.webui.keyword.WebUiBuiltInKeywords.verifyElementNotPresent(WebUiBuiltInKeywords.groovy:1481)
	at com.kms.katalon.core.webui.keyword.WebUiBuiltInKeywords$verifyElementNotPresent$8.call(Unknown Source)
	at GetBrokSumPriceDaily.run(GetBrokSumPriceDaily:309)
	at com.kms.katalon.core.main.ScriptEngine.run(ScriptEngine.java:194)
	at com.kms.katalon.core.main.ScriptEngine.runScriptAsRawText(ScriptEngine.java:119)
	at com.kms.katalon.core.main.TestCaseExecutor.runScript(TestCaseExecutor.java:445)
	at com.kms.katalon.core.main.TestCaseExecutor.doExecute(TestCaseExecutor.java:436)
	at com.kms.katalon.core.main.TestCaseExecutor.processExecutionPhase(TestCaseExecutor.java:415)
	at com.kms.katalon.core.main.TestCaseExecutor.accessMainPhase(TestCaseExecutor.java:407)
	at com.kms.katalon.core.main.TestCaseExecutor.execute(TestCaseExecutor.java:284)
	at com.kms.katalon.core.common.CommonExecutor.accessTestCaseMainPhase(CommonExecutor.java:65)
	at com.kms.katalon.core.main.TestSuiteExecutor.accessTestSuiteMainPhase(TestSuiteExecutor.java:144)
	at com.kms.katalon.core.main.TestSuiteExecutor.execute(TestSuiteExecutor.java:106)
	at com.kms.katalon.core.main.TestCaseMain.startTestSuite(TestCaseMain.java:185)
	at com.kms.katalon.core.main.TestCaseMain$startTestSuite$0.call(Unknown Source)
	at TempTestSuite1705920083951.run(TempTestSuite1705920083951.groovy:36)
)
[[ATTACHMENT|C:\\Users\\Fadli\\git\\KatalonDailyGetData2\\Reports\\20240122_174123\\TS1\\20240122_174123\\1705920268857.png]]

2024-01-22 17:44:29 - [TEST_STEP][PASSED] - else: null

2024-01-22 17:44:29 - [TEST_STEP][PASSED] - strSeller2 = getText(findTestObject("Stockbit/Bandarmology_Seller2")): Text of object 'Object Repository/Stockbit/Bandarmology_Seller2' is: 'LS'

2024-01-22 17:44:29 - [MESSAGE][PASSED] - Text of object 'Object Repository/Stockbit/Bandarmology_Seller2' is: 'LS'

2024-01-22 17:44:29 - [TEST_STEP][PASSED] - strSellerVol2 = getText(findTestObject("Stockbit/Bandarmology_SellerVol2")): Text of object 'Object Repository/Stockbit/Bandarmology_SellerVol2' is: '22.1 K'

2024-01-22 17:44:29 - [MESSAGE][PASSED] - Text of object 'Object Repository/Stockbit/Bandarmology_SellerVol2' is: '22.1 K'

2024-01-22 17:44:29 - [TEST_STEP][PASSED] - strSellerAvg2 = getText(findTestObject("Stockbit/Bandarmology_SellerAvg2")): Text of object 'Object Repository/Stockbit/Bandarmology_SellerAvg2' is: '197'

2024-01-22 17:44:29 - [MESSAGE][PASSED] - Text of object 'Object Repository/Stockbit/Bandarmology_SellerAvg2' is: '197'

2024-01-22 17:44:29 - [TEST_STEP][PASSED] - if (strSeller2 != ""): null

2024-01-22 17:44:29 - [TEST_STEP][PASSED] - if (strSellerAvg2.contains(",")): null

2024-01-22 17:44:29 - [TEST_STEP][PASSED] - if (strSellerVol2.contains(" B")): null

2024-01-22 17:44:29 - [TEST_STEP][PASSED] - else if (strSellerVol2.contains(" M")): null

2024-01-22 17:44:29 - [TEST_STEP][PASSED] - else if (strSellerVol2.contains(" K")): null

2024-01-22 17:44:29 - [TEST_STEP][PASSED] - strSellerVol2 = strSellerVol2.replace(" K", ""): null

2024-01-22 17:44:29 - [TEST_STEP][PASSED] - strSellerVol2 = strSellerVol2.toDouble() * 1000: null

2024-01-22 17:44:29 - [TEST_STEP][PASSED] - if (verifyElementNotPresent(findTestObject("Stockbit/Bandarmology_Buyer3"), 1, OPTIONAL)): Web element with id: 'Object Repository/Stockbit/Bandarmology_Buyer3' located by 'By.xpath: //*[contains(@id, 'rc-tabs-')]/div[2]/div/div/div/div/div/div[2]/table/tbody/tr[4]/td[1]/p' is present after '1' second(s) (Root cause: com.kms.katalon.core.exception.StepFailedException: Web element with id: 'Object Repository/Stockbit/Bandarmology_Buyer3' located by 'By.xpath: //*[contains(@id, 'rc-tabs-')]/div[2]/div/div/div/div/div/div[2]/table/tbody/tr[4]/td[1]/p' is present after '1' second(s)
	at com.kms.katalon.core.webui.keyword.internal.WebUIKeywordMain.stepFailed(WebUIKeywordMain.groovy:64)
	at com.kms.katalon.core.webui.keyword.internal.WebUIKeywordMain$stepFailed$0.call(Unknown Source)
	at com.kms.katalon.core.webui.keyword.builtin.VerifyElementNotPresentKeyword$_verifyElementNotPresent_closure1.doCall(VerifyElementNotPresentKeyword.groovy:106)
	at com.kms.katalon.core.webui.keyword.builtin.VerifyElementNotPresentKeyword$_verifyElementNotPresent_closure1.doCall(VerifyElementNotPresentKeyword.groovy)
	at com.kms.katalon.core.webui.keyword.internal.WebUIKeywordMain.runKeyword(WebUIKeywordMain.groovy:20)
	at com.kms.katalon.core.webui.keyword.internal.WebUIKeywordMain$runKeyword.call(Unknown Source)
	at com.kms.katalon.core.webui.keyword.builtin.VerifyElementNotPresentKeyword.verifyElementNotPresent(VerifyElementNotPresentKeyword.groovy:117)
	at com.kms.katalon.core.webui.keyword.builtin.VerifyElementNotPresentKeyword.execute(VerifyElementNotPresentKeyword.groovy:68)
	at com.kms.katalon.core.keyword.internal.KeywordExecutor.executeKeywordForPlatform(KeywordExecutor.groovy:74)
	at com.kms.katalon.core.webui.keyword.WebUiBuiltInKeywords.verifyElementNotPresent(WebUiBuiltInKeywords.groovy:1481)
	at com.kms.katalon.core.webui.keyword.WebUiBuiltInKeywords$verifyElementNotPresent$8.call(Unknown Source)
	at GetBrokSumPriceDaily.run(GetBrokSumPriceDaily:361)
	at com.kms.katalon.core.main.ScriptEngine.run(ScriptEngine.java:194)
	at com.kms.katalon.core.main.ScriptEngine.runScriptAsRawText(ScriptEngine.java:119)
	at com.kms.katalon.core.main.TestCaseExecutor.runScript(TestCaseExecutor.java:445)
	at com.kms.katalon.core.main.TestCaseExecutor.doExecute(TestCaseExecutor.java:436)
	at com.kms.katalon.core.main.TestCaseExecutor.processExecutionPhase(TestCaseExecutor.java:415)
	at com.kms.katalon.core.main.TestCaseExecutor.accessMainPhase(TestCaseExecutor.java:407)
	at com.kms.katalon.core.main.TestCaseExecutor.execute(TestCaseExecutor.java:284)
	at com.kms.katalon.core.common.CommonExecutor.accessTestCaseMainPhase(CommonExecutor.java:65)
	at com.kms.katalon.core.main.TestSuiteExecutor.accessTestSuiteMainPhase(TestSuiteExecutor.java:144)
	at com.kms.katalon.core.main.TestSuiteExecutor.execute(TestSuiteExecutor.java:106)
	at com.kms.katalon.core.main.TestCaseMain.startTestSuite(TestCaseMain.java:185)
	at com.kms.katalon.core.main.TestCaseMain$startTestSuite$0.call(Unknown Source)
	at TempTestSuite1705920083951.run(TempTestSuite1705920083951.groovy:36)
)

2024-01-22 17:44:30 - [MESSAGE][WARNING] - Web element with id: 'Object Repository/Stockbit/Bandarmology_Buyer3' located by 'By.xpath: //*[contains(@id, 'rc-tabs-')]/div[2]/div/div/div/div/div/div[2]/table/tbody/tr[4]/td[1]/p' is present after '1' second(s) (Root cause: com.kms.katalon.core.exception.StepFailedException: Web element with id: 'Object Repository/Stockbit/Bandarmology_Buyer3' located by 'By.xpath: //*[contains(@id, 'rc-tabs-')]/div[2]/div/div/div/div/div/div[2]/table/tbody/tr[4]/td[1]/p' is present after '1' second(s)
	at com.kms.katalon.core.webui.keyword.internal.WebUIKeywordMain.stepFailed(WebUIKeywordMain.groovy:64)
	at com.kms.katalon.core.webui.keyword.internal.WebUIKeywordMain$stepFailed$0.call(Unknown Source)
	at com.kms.katalon.core.webui.keyword.builtin.VerifyElementNotPresentKeyword$_verifyElementNotPresent_closure1.doCall(VerifyElementNotPresentKeyword.groovy:106)
	at com.kms.katalon.core.webui.keyword.builtin.VerifyElementNotPresentKeyword$_verifyElementNotPresent_closure1.doCall(VerifyElementNotPresentKeyword.groovy)
	at com.kms.katalon.core.webui.keyword.internal.WebUIKeywordMain.runKeyword(WebUIKeywordMain.groovy:20)
	at com.kms.katalon.core.webui.keyword.internal.WebUIKeywordMain$runKeyword.call(Unknown Source)
	at com.kms.katalon.core.webui.keyword.builtin.VerifyElementNotPresentKeyword.verifyElementNotPresent(VerifyElementNotPresentKeyword.groovy:117)
	at com.kms.katalon.core.webui.keyword.builtin.VerifyElementNotPresentKeyword.execute(VerifyElementNotPresentKeyword.groovy:68)
	at com.kms.katalon.core.keyword.internal.KeywordExecutor.executeKeywordForPlatform(KeywordExecutor.groovy:74)
	at com.kms.katalon.core.webui.keyword.WebUiBuiltInKeywords.verifyElementNotPresent(WebUiBuiltInKeywords.groovy:1481)
	at com.kms.katalon.core.webui.keyword.WebUiBuiltInKeywords$verifyElementNotPresent$8.call(Unknown Source)
	at GetBrokSumPriceDaily.run(GetBrokSumPriceDaily:361)
	at com.kms.katalon.core.main.ScriptEngine.run(ScriptEngine.java:194)
	at com.kms.katalon.core.main.ScriptEngine.runScriptAsRawText(ScriptEngine.java:119)
	at com.kms.katalon.core.main.TestCaseExecutor.runScript(TestCaseExecutor.java:445)
	at com.kms.katalon.core.main.TestCaseExecutor.doExecute(TestCaseExecutor.java:436)
	at com.kms.katalon.core.main.TestCaseExecutor.processExecutionPhase(TestCaseExecutor.java:415)
	at com.kms.katalon.core.main.TestCaseExecutor.accessMainPhase(TestCaseExecutor.java:407)
	at com.kms.katalon.core.main.TestCaseExecutor.execute(TestCaseExecutor.java:284)
	at com.kms.katalon.core.common.CommonExecutor.accessTestCaseMainPhase(CommonExecutor.java:65)
	at com.kms.katalon.core.main.TestSuiteExecutor.accessTestSuiteMainPhase(TestSuiteExecutor.java:144)
	at com.kms.katalon.core.main.TestSuiteExecutor.execute(TestSuiteExecutor.java:106)
	at com.kms.katalon.core.main.TestCaseMain.startTestSuite(TestCaseMain.java:185)
	at com.kms.katalon.core.main.TestCaseMain$startTestSuite$0.call(Unknown Source)
	at TempTestSuite1705920083951.run(TempTestSuite1705920083951.groovy:36)
)
[[ATTACHMENT|C:\\Users\\Fadli\\git\\KatalonDailyGetData2\\Reports\\20240122_174123\\TS1\\20240122_174123\\1705920270579.png]]

2024-01-22 17:44:30 - [TEST_STEP][PASSED] - else: null

2024-01-22 17:44:30 - [TEST_STEP][PASSED] - strBuyer3 = getText(findTestObject("Stockbit/Bandarmology_Buyer3")): Text of object 'Object Repository/Stockbit/Bandarmology_Buyer3' is: 'AZ'

2024-01-22 17:44:30 - [MESSAGE][PASSED] - Text of object 'Object Repository/Stockbit/Bandarmology_Buyer3' is: 'AZ'

2024-01-22 17:44:30 - [TEST_STEP][PASSED] - strBuyerVol3 = getText(findTestObject("Stockbit/Bandarmology_BuyerVol3")): Text of object 'Object Repository/Stockbit/Bandarmology_BuyerVol3' is: '6.2 K'

2024-01-22 17:44:30 - [MESSAGE][PASSED] - Text of object 'Object Repository/Stockbit/Bandarmology_BuyerVol3' is: '6.2 K'

2024-01-22 17:44:30 - [TEST_STEP][PASSED] - strBuyerAvg3 = getText(findTestObject("Stockbit/Bandarmology_BuyerAvg3")): Text of object 'Object Repository/Stockbit/Bandarmology_BuyerAvg3' is: '197'

2024-01-22 17:44:31 - [MESSAGE][PASSED] - Text of object 'Object Repository/Stockbit/Bandarmology_BuyerAvg3' is: '197'

2024-01-22 17:44:31 - [TEST_STEP][PASSED] - if (strBuyer3 != ""): null

2024-01-22 17:44:31 - [TEST_STEP][PASSED] - if (strBuyerAvg3.contains(",")): null

2024-01-22 17:44:31 - [TEST_STEP][PASSED] - if (strBuyerVol3.contains(" B")): null

2024-01-22 17:44:31 - [TEST_STEP][PASSED] - else if (strBuyerVol3.contains(" M")): null

2024-01-22 17:44:31 - [TEST_STEP][PASSED] - else if (strBuyerVol3.contains(" K")): null

2024-01-22 17:44:31 - [TEST_STEP][PASSED] - strBuyerVol3 = strBuyerVol3.replace(" K", ""): null

2024-01-22 17:44:31 - [TEST_STEP][PASSED] - strBuyerVol3 = strBuyerVol3.toDouble() * 1000: null

2024-01-22 17:44:31 - [TEST_STEP][PASSED] - if (verifyElementNotPresent(findTestObject("Stockbit/Bandarmology_Seller3"), 1, OPTIONAL)): Web element with id: 'Object Repository/Stockbit/Bandarmology_Seller3' located by 'By.xpath: //*[contains(@id, 'rc-tabs-')]/div[2]/div/div/div/div/div/div[2]/table/tbody/tr[4]/td[5]/p' is present after '1' second(s) (Root cause: com.kms.katalon.core.exception.StepFailedException: Web element with id: 'Object Repository/Stockbit/Bandarmology_Seller3' located by 'By.xpath: //*[contains(@id, 'rc-tabs-')]/div[2]/div/div/div/div/div/div[2]/table/tbody/tr[4]/td[5]/p' is present after '1' second(s)
	at com.kms.katalon.core.webui.keyword.internal.WebUIKeywordMain.stepFailed(WebUIKeywordMain.groovy:64)
	at com.kms.katalon.core.webui.keyword.internal.WebUIKeywordMain$stepFailed$0.call(Unknown Source)
	at com.kms.katalon.core.webui.keyword.builtin.VerifyElementNotPresentKeyword$_verifyElementNotPresent_closure1.doCall(VerifyElementNotPresentKeyword.groovy:106)
	at com.kms.katalon.core.webui.keyword.builtin.VerifyElementNotPresentKeyword$_verifyElementNotPresent_closure1.doCall(VerifyElementNotPresentKeyword.groovy)
	at com.kms.katalon.core.webui.keyword.internal.WebUIKeywordMain.runKeyword(WebUIKeywordMain.groovy:20)
	at com.kms.katalon.core.webui.keyword.internal.WebUIKeywordMain$runKeyword.call(Unknown Source)
	at com.kms.katalon.core.webui.keyword.builtin.VerifyElementNotPresentKeyword.verifyElementNotPresent(VerifyElementNotPresentKeyword.groovy:117)
	at com.kms.katalon.core.webui.keyword.builtin.VerifyElementNotPresentKeyword.execute(VerifyElementNotPresentKeyword.groovy:68)
	at com.kms.katalon.core.keyword.internal.KeywordExecutor.executeKeywordForPlatform(KeywordExecutor.groovy:74)
	at com.kms.katalon.core.webui.keyword.WebUiBuiltInKeywords.verifyElementNotPresent(WebUiBuiltInKeywords.groovy:1481)
	at com.kms.katalon.core.webui.keyword.WebUiBuiltInKeywords$verifyElementNotPresent$8.call(Unknown Source)
	at GetBrokSumPriceDaily.run(GetBrokSumPriceDaily:414)
	at com.kms.katalon.core.main.ScriptEngine.run(ScriptEngine.java:194)
	at com.kms.katalon.core.main.ScriptEngine.runScriptAsRawText(ScriptEngine.java:119)
	at com.kms.katalon.core.main.TestCaseExecutor.runScript(TestCaseExecutor.java:445)
	at com.kms.katalon.core.main.TestCaseExecutor.doExecute(TestCaseExecutor.java:436)
	at com.kms.katalon.core.main.TestCaseExecutor.processExecutionPhase(TestCaseExecutor.java:415)
	at com.kms.katalon.core.main.TestCaseExecutor.accessMainPhase(TestCaseExecutor.java:407)
	at com.kms.katalon.core.main.TestCaseExecutor.execute(TestCaseExecutor.java:284)
	at com.kms.katalon.core.common.CommonExecutor.accessTestCaseMainPhase(CommonExecutor.java:65)
	at com.kms.katalon.core.main.TestSuiteExecutor.accessTestSuiteMainPhase(TestSuiteExecutor.java:144)
	at com.kms.katalon.core.main.TestSuiteExecutor.execute(TestSuiteExecutor.java:106)
	at com.kms.katalon.core.main.TestCaseMain.startTestSuite(TestCaseMain.java:185)
	at com.kms.katalon.core.main.TestCaseMain$startTestSuite$0.call(Unknown Source)
	at TempTestSuite1705920083951.run(TempTestSuite1705920083951.groovy:36)
)

2024-01-22 17:44:32 - [MESSAGE][WARNING] - Web element with id: 'Object Repository/Stockbit/Bandarmology_Seller3' located by 'By.xpath: //*[contains(@id, 'rc-tabs-')]/div[2]/div/div/div/div/div/div[2]/table/tbody/tr[4]/td[5]/p' is present after '1' second(s) (Root cause: com.kms.katalon.core.exception.StepFailedException: Web element with id: 'Object Repository/Stockbit/Bandarmology_Seller3' located by 'By.xpath: //*[contains(@id, 'rc-tabs-')]/div[2]/div/div/div/div/div/div[2]/table/tbody/tr[4]/td[5]/p' is present after '1' second(s)
	at com.kms.katalon.core.webui.keyword.internal.WebUIKeywordMain.stepFailed(WebUIKeywordMain.groovy:64)
	at com.kms.katalon.core.webui.keyword.internal.WebUIKeywordMain$stepFailed$0.call(Unknown Source)
	at com.kms.katalon.core.webui.keyword.builtin.VerifyElementNotPresentKeyword$_verifyElementNotPresent_closure1.doCall(VerifyElementNotPresentKeyword.groovy:106)
	at com.kms.katalon.core.webui.keyword.builtin.VerifyElementNotPresentKeyword$_verifyElementNotPresent_closure1.doCall(VerifyElementNotPresentKeyword.groovy)
	at com.kms.katalon.core.webui.keyword.internal.WebUIKeywordMain.runKeyword(WebUIKeywordMain.groovy:20)
	at com.kms.katalon.core.webui.keyword.internal.WebUIKeywordMain$runKeyword.call(Unknown Source)
	at com.kms.katalon.core.webui.keyword.builtin.VerifyElementNotPresentKeyword.verifyElementNotPresent(VerifyElementNotPresentKeyword.groovy:117)
	at com.kms.katalon.core.webui.keyword.builtin.VerifyElementNotPresentKeyword.execute(VerifyElementNotPresentKeyword.groovy:68)
	at com.kms.katalon.core.keyword.internal.KeywordExecutor.executeKeywordForPlatform(KeywordExecutor.groovy:74)
	at com.kms.katalon.core.webui.keyword.WebUiBuiltInKeywords.verifyElementNotPresent(WebUiBuiltInKeywords.groovy:1481)
	at com.kms.katalon.core.webui.keyword.WebUiBuiltInKeywords$verifyElementNotPresent$8.call(Unknown Source)
	at GetBrokSumPriceDaily.run(GetBrokSumPriceDaily:414)
	at com.kms.katalon.core.main.ScriptEngine.run(ScriptEngine.java:194)
	at com.kms.katalon.core.main.ScriptEngine.runScriptAsRawText(ScriptEngine.java:119)
	at com.kms.katalon.core.main.TestCaseExecutor.runScript(TestCaseExecutor.java:445)
	at com.kms.katalon.core.main.TestCaseExecutor.doExecute(TestCaseExecutor.java:436)
	at com.kms.katalon.core.main.TestCaseExecutor.processExecutionPhase(TestCaseExecutor.java:415)
	at com.kms.katalon.core.main.TestCaseExecutor.accessMainPhase(TestCaseExecutor.java:407)
	at com.kms.katalon.core.main.TestCaseExecutor.execute(TestCaseExecutor.java:284)
	at com.kms.katalon.core.common.CommonExecutor.accessTestCaseMainPhase(CommonExecutor.java:65)
	at com.kms.katalon.core.main.TestSuiteExecutor.accessTestSuiteMainPhase(TestSuiteExecutor.java:144)
	at com.kms.katalon.core.main.TestSuiteExecutor.execute(TestSuiteExecutor.java:106)
	at com.kms.katalon.core.main.TestCaseMain.startTestSuite(TestCaseMain.java:185)
	at com.kms.katalon.core.main.TestCaseMain$startTestSuite$0.call(Unknown Source)
	at TempTestSuite1705920083951.run(TempTestSuite1705920083951.groovy:36)
)
[[ATTACHMENT|C:\\Users\\Fadli\\git\\KatalonDailyGetData2\\Reports\\20240122_174123\\TS1\\20240122_174123\\1705920272269.png]]

2024-01-22 17:44:32 - [TEST_STEP][PASSED] - else: null

2024-01-22 17:44:32 - [TEST_STEP][PASSED] - strSeller3 = getText(findTestObject("Stockbit/Bandarmology_Seller3")): Text of object 'Object Repository/Stockbit/Bandarmology_Seller3' is: 'BK'

2024-01-22 17:44:32 - [MESSAGE][PASSED] - Text of object 'Object Repository/Stockbit/Bandarmology_Seller3' is: 'BK'

2024-01-22 17:44:32 - [TEST_STEP][PASSED] - strSellerVol3 = getText(findTestObject("Stockbit/Bandarmology_SellerVol3")): Text of object 'Object Repository/Stockbit/Bandarmology_SellerVol3' is: '5.5 K'

2024-01-22 17:44:32 - [MESSAGE][PASSED] - Text of object 'Object Repository/Stockbit/Bandarmology_SellerVol3' is: '5.5 K'

2024-01-22 17:44:32 - [TEST_STEP][PASSED] - strSellerAvg3 = getText(findTestObject("Stockbit/Bandarmology_SellerAvg3")): Text of object 'Object Repository/Stockbit/Bandarmology_SellerAvg3' is: '197'

2024-01-22 17:44:32 - [MESSAGE][PASSED] - Text of object 'Object Repository/Stockbit/Bandarmology_SellerAvg3' is: '197'

2024-01-22 17:44:32 - [TEST_STEP][PASSED] - if (strSeller3 != ""): null

2024-01-22 17:44:32 - [TEST_STEP][PASSED] - if (strSellerAvg3.contains(",")): null

2024-01-22 17:44:32 - [TEST_STEP][PASSED] - if (strSellerVol3.contains(" B")): null

2024-01-22 17:44:32 - [TEST_STEP][PASSED] - else if (strSellerVol3.contains(" M")): null

2024-01-22 17:44:32 - [TEST_STEP][PASSED] - else if (strSellerVol3.contains(" K")): null

2024-01-22 17:44:32 - [TEST_STEP][PASSED] - strSellerVol3 = strSellerVol3.replace(" K", ""): null

2024-01-22 17:44:32 - [TEST_STEP][PASSED] - strSellerVol3 = strSellerVol3.toDouble() * 1000: null

2024-01-22 17:44:32 - [TEST_STEP][PASSED] - strAccDist = getText(findTestObject("Stockbit/Bandarmology_AccDist")): Text of object 'Object Repository/Stockbit/Bandarmology_AccDist' is: 'Dist'

2024-01-22 17:44:32 - [MESSAGE][PASSED] - Text of object 'Object Repository/Stockbit/Bandarmology_AccDist' is: 'Dist'

2024-01-22 17:44:32 - [TEST_STEP][PASSED] - strNetVol = getText(findTestObject("Stockbit/Bandarmology_NetVol")): Text of object 'Object Repository/Stockbit/Bandarmology_NetVol' is: '103,190'

2024-01-22 17:44:33 - [MESSAGE][PASSED] - Text of object 'Object Repository/Stockbit/Bandarmology_NetVol' is: '103,190'

2024-01-22 17:44:33 - [TEST_STEP][PASSED] - strNetVol = strNetVol.replace(",", ""): null

2024-01-22 17:44:33 - [TEST_STEP][PASSED] - strNetVal = getText(findTestObject("Stockbit/Bandarmology_NetVal")): Text of object 'Object Repository/Stockbit/Bandarmology_NetVal' is: '2 B'

2024-01-22 17:44:33 - [MESSAGE][PASSED] - Text of object 'Object Repository/Stockbit/Bandarmology_NetVal' is: '2 B'

2024-01-22 17:44:33 - [TEST_STEP][PASSED] - delay(3): Delayed 3 second(s)

2024-01-22 17:44:36 - [MESSAGE][PASSED] - Delayed 3 second(s)

2024-01-22 17:44:36 - [TEST_STEP][PASSED] - strOpenPrice = getText(findTestObject("Stockbit/Home_OpenPrice")): Text of object 'Object Repository/Stockbit/Home_OpenPrice' is: '200'

2024-01-22 17:44:36 - [MESSAGE][PASSED] - Text of object 'Object Repository/Stockbit/Home_OpenPrice' is: '200'

2024-01-22 17:44:36 - [TEST_STEP][PASSED] - strOpenPrice = strOpenPrice.replace(",", ""): null

2024-01-22 17:44:36 - [TEST_STEP][PASSED] - strLowPrice = getText(findTestObject("Stockbit/Home_LowPrice")): Text of object 'Object Repository/Stockbit/Home_LowPrice' is: '195'

2024-01-22 17:44:36 - [MESSAGE][PASSED] - Text of object 'Object Repository/Stockbit/Home_LowPrice' is: '195'

2024-01-22 17:44:36 - [TEST_STEP][PASSED] - strLowPrice = strLowPrice.replace(",", ""): null

2024-01-22 17:44:36 - [TEST_STEP][PASSED] - strHighPrice = getText(findTestObject("Stockbit/Home_HighPrice")): Text of object 'Object Repository/Stockbit/Home_HighPrice' is: '204'

2024-01-22 17:44:36 - [MESSAGE][PASSED] - Text of object 'Object Repository/Stockbit/Home_HighPrice' is: '204'

2024-01-22 17:44:36 - [TEST_STEP][PASSED] - strHighPrice = strHighPrice.replace(",", ""): null

2024-01-22 17:44:36 - [TEST_STEP][PASSED] - strClosePrice = getText(findTestObject("Stockbit/Home_ClosePrice")): Text of object 'Object Repository/Stockbit/Home_ClosePrice' is: '198'

2024-01-22 17:44:36 - [MESSAGE][PASSED] - Text of object 'Object Repository/Stockbit/Home_ClosePrice' is: '198'

2024-01-22 17:44:36 - [TEST_STEP][PASSED] - strClosePrice = strClosePrice.replace(",", ""): null

2024-01-22 17:44:36 - [TEST_STEP][PASSED] - strVol = getText(findTestObject("Stockbit/Home_Volume")): Text of object 'Object Repository/Stockbit/Home_Volume' is: '184 K'

2024-01-22 17:44:36 - [MESSAGE][PASSED] - Text of object 'Object Repository/Stockbit/Home_Volume' is: '184 K'

2024-01-22 17:44:36 - [TEST_STEP][PASSED] - if (strVol.contains(" K")): null

2024-01-22 17:44:36 - [TEST_STEP][PASSED] - strVol = strVol.replace(" K", "000"): null

2024-01-22 17:44:36 - [TEST_STEP][PASSED] - if (strVol.contains(",")): null

2024-01-22 17:44:36 - [TEST_STEP][PASSED] - strChange = getText(findTestObject("Stockbit/Home_Change")): Text of object 'Object Repository/Stockbit/Home_Change' is: '-1.00%'

2024-01-22 17:44:36 - [MESSAGE][PASSED] - Text of object 'Object Repository/Stockbit/Home_Change' is: '-1.00%'

2024-01-22 17:44:36 - [TEST_STEP][PASSED] - strChange = strChange.replace("%", ""): null

2024-01-22 17:44:36 - [TEST_STEP][PASSED] - strFreq = getText(findTestObject("Stockbit/Home_Freq")): Text of object 'Object Repository/Stockbit/Home_Freq' is: '10,261'

2024-01-22 17:44:37 - [MESSAGE][PASSED] - Text of object 'Object Repository/Stockbit/Home_Freq' is: '10,261'

2024-01-22 17:44:37 - [TEST_STEP][PASSED] - if (strFreq.contains(",")): null

2024-01-22 17:44:37 - [TEST_STEP][PASSED] - strFreq = strFreq.replace(",", ""): null

2024-01-22 17:44:37 - [TEST_STEP][PASSED] - if (strFreq == "NA" || strFreq == ""): null

2024-01-22 17:44:37 - [TEST_STEP][PASSED] - else: null

2024-01-22 17:44:37 - [TEST_STEP][PASSED] - dblFreqAnal = strVol.toDouble() / strFreq.toDouble() * strFreq.toDouble() * strFreq.toDouble() * 100000000: null

2024-01-22 17:44:37 - [TEST_STEP][PASSED] - strFreqAnal = String.format("%.4f", dblFreqAnal): null

2024-01-22 17:44:37 - [TEST_STEP][PASSED] - out.println("Double strFreqAnal: " + strFreqAnal): null

2024-01-22 17:44:37 - [TEST_STEP][PASSED] - strTanggal = d.format(DateTimeFormatter.ofPattern("yyyy-MM-dd")): null

2024-01-22 17:44:37 - [TEST_STEP][PASSED] - strTanggal = "#" + strTanggal + "#": null

2024-01-22 17:44:37 - [TEST_STEP][PASSED] - strSQL = "select count(*) as JumBaris from TblBrokSum where Nama = '" + strNama + "' and Tanggal = " + strTanggal + "": null

2024-01-22 17:44:37 - [TEST_STEP][PASSED] - resultSet = statement.executeQuery(strSQL): null

2024-01-22 17:44:37 - [TEST_STEP][PASSED] - resultSet.next(): null

2024-01-22 17:44:37 - [TEST_STEP][PASSED] - intJumBaris = resultSet.getInt("JumBaris"): null

2024-01-22 17:44:37 - [TEST_STEP][PASSED] - if (intJumBaris > 0): null

2024-01-22 17:44:37 - [TEST_STEP][PASSED] - else: null

2024-01-22 17:44:37 - [TEST_STEP][PASSED] - try: null

2024-01-22 17:44:37 - [TEST_STEP][PASSED] - out.println("Insert data"): null

2024-01-22 17:44:37 - [TEST_STEP][PASSED] - strSQL = "insert into TblBrokSum (nama, tanggal, top1, top2, top3, AllBrokAvg, AccDist, AvgRP, " + "Buyer1, BuyerVal1, BuyerAvg1, Seller1, SellerVal1, SellerAvg1, Buyer2, BuyerVal2, BuyerAvg2, " + "Seller2, SellerVal2, SellerAvg2, Buyer3, BuyerVal3, BuyerAvg3, Seller3, SellerVal3, SellerAvg3, NetVol, NetVal, " + "OpenPrice, LowPrice, HighPrice, ClosePrice, Volume, Change, Frekuensi, FrekAnal) " + "values ('" + strNama + "', " + strTanggal + ", '" + strTop1 + "', '" + strTop3 + "', '" + strTop5 + "', " + "'" + strAllBrokAvg + "', '" + strAccDist + "', " + intAvgRP + ", '" + strBuyer1 + "', '" + strBuyerVol1 + "', " + strBuyerAvg1 + ", " + "'" + strSeller1 + "', '" + strSellerVol1 + "', " + strSellerAvg1 + ", '" + strBuyer2 + "', '" + strBuyerVol2 + "', " + strBuyerAvg2 + ", " + "'" + strSeller2 + "', '" + strSellerVol2 + "', " + strSellerAvg2 + ", '" + strBuyer3 + "', '" + strBuyerVol3 + "', " + strBuyerAvg3 + ", " + "'" + strSeller3 + "', '" + strSellerVol3 + "', " + strSellerAvg3 + ", " + strNetVol + ", '" + strNetVal + "', " + "" + strOpenPrice + ", " + strLowPrice + ", " + strHighPrice + ", " + strClosePrice + ", '" + strVol + "', " + strChange + ", " + strFreq + ", " + strFreqAnal + ");": null

2024-01-22 17:44:37 - [TEST_STEP][PASSED] - out.println("strSQL = " + strSQL): null

2024-01-22 17:44:37 - [TEST_STEP][PASSED] - statement.executeUpdate(strSQL): null

2024-01-22 17:44:37 - [TEST_STEP][PASSED] - setValueToCellByIndex(sheet01, rowIndex, 4, "DONE"): null

2024-01-22 17:44:37 - [TEST_STEP][PASSED] - saveWorkbook(excelFilePath, workbook01): null

2024-01-22 17:44:37 - [TEST_STEP][PASSED] - waitForElementClickable(findTestObject("Stockbit/menu_Bandarmology"), 10): Object 'Object Repository/Stockbit/menu_Bandarmology' is clickable

2024-01-22 17:44:37 - [MESSAGE][PASSED] - Object 'Object Repository/Stockbit/menu_Bandarmology' is clickable

2024-01-22 17:44:37 - [TEST_STEP][PASSED] - click(findTestObject("Stockbit/menu_Bandarmology")): Object: 'Object Repository/Stockbit/menu_Bandarmology' is clicked on

2024-01-22 17:44:37 - [MESSAGE][PASSED] - Object: 'Object Repository/Stockbit/menu_Bandarmology' is clicked on

2024-01-22 17:44:37 - [TEST_STEP][PASSED] - strTemp = "NA": null

2024-01-22 17:44:37 - [TEST_STEP][PASSED] - if (getCellValueByIndex(sheet01, rowIndex, 4) != "DONE"): Object: 'Object Repository/Stockbit/menu_Bandarmology' is clicked on

2024-01-22 17:44:37 - [TEST_STEP][PASSED] - strNama = getCellValueByIndex(sheet01, rowIndex, 0): null

2024-01-22 17:44:37 - [TEST_STEP][PASSED] - navigateToUrl("https://stockbit.com/#/symbol/" + strNama): Navigate to 'https://stockbit.com/#/symbol/HALO' successfully

2024-01-22 17:44:39 - [MESSAGE][PASSED] - Navigate to 'https://stockbit.com/#/symbol/HALO' successfully

2024-01-22 17:44:39 - [TEST_STEP][PASSED] - waitForElementClickable(findTestObject("Stockbit/menu_Bandarmology"), 10): Object 'Object Repository/Stockbit/menu_Bandarmology' is clickable

2024-01-22 17:44:40 - [MESSAGE][PASSED] - Object 'Object Repository/Stockbit/menu_Bandarmology' is clickable

2024-01-22 17:44:40 - [TEST_STEP][PASSED] - click(findTestObject("Stockbit/menu_Bandarmology")): Object: 'Object Repository/Stockbit/menu_Bandarmology' is clicked on

2024-01-22 17:44:40 - [MESSAGE][PASSED] - Object: 'Object Repository/Stockbit/menu_Bandarmology' is clicked on

2024-01-22 17:44:40 - [TEST_STEP][PASSED] - strTanggal = d.format(DateTimeFormatter.ofPattern("MMM dd, yyyy")): null

2024-01-22 17:44:40 - [TEST_STEP][PASSED] - strTanggal = d.format(ISO_DATE): null

2024-01-22 17:44:40 - [TEST_STEP][PASSED] - out.println("strTanggal = " + strTanggal): null

2024-01-22 17:44:40 - [TEST_STEP][PASSED] - out.println("strNama = " + strNama): null

2024-01-22 17:44:40 - [TEST_STEP][PASSED] - out.println("Baris ke = " + rowIndex): null

2024-01-22 17:44:40 - [TEST_STEP][PASSED] - click(findTestObject("Stockbit/input__BandarmologyOpenStartDate")): Object: 'Object Repository/Stockbit/input__BandarmologyOpenStartDate' is clicked on

2024-01-22 17:44:42 - [MESSAGE][PASSED] - Object: 'Object Repository/Stockbit/input__BandarmologyOpenStartDate' is clicked on

2024-01-22 17:44:42 - [TEST_STEP][PASSED] - sendKeys(findTestObject("Stockbit/input__BandarmologyOpenStartDate"), Keys.chord(CONTROL, "a")): Keys 'CONTROL + a' sent to object: 'Object Repository/Stockbit/input__BandarmologyOpenStartDate'

2024-01-22 17:44:42 - [MESSAGE][PASSED] - Keys 'CONTROL + a' sent to object: 'Object Repository/Stockbit/input__BandarmologyOpenStartDate'

2024-01-22 17:44:42 - [TEST_STEP][PASSED] - sendKeys(findTestObject("Stockbit/input__BandarmologyOpenStartDate"), Keys.chord(BACK_SPACE)): Keys 'BACK_SPACE + ' sent to object: 'Object Repository/Stockbit/input__BandarmologyOpenStartDate'

2024-01-22 17:44:43 - [MESSAGE][PASSED] - Keys 'BACK_SPACE + ' sent to object: 'Object Repository/Stockbit/input__BandarmologyOpenStartDate'

2024-01-22 17:44:43 - [TEST_STEP][PASSED] - setText(findTestObject("Stockbit/input__BandarmologyOpenStartDate"), strTanggal): Text '2024-01-22' is set on object 'Object Repository/Stockbit/input__BandarmologyOpenStartDate'

2024-01-22 17:44:43 - [MESSAGE][PASSED] - Text '2024-01-22' is set on object 'Object Repository/Stockbit/input__BandarmologyOpenStartDate'

2024-01-22 17:44:43 - [TEST_STEP][PASSED] - sendKeys(findTestObject("Stockbit/input__BandarmologyOpenStartDate"), Keys.chord(ENTER)): Keys 'ENTER + ' sent to object: 'Object Repository/Stockbit/input__BandarmologyOpenStartDate'

2024-01-22 17:44:44 - [MESSAGE][PASSED] - Keys 'ENTER + ' sent to object: 'Object Repository/Stockbit/input__BandarmologyOpenStartDate'

2024-01-22 17:44:44 - [TEST_STEP][PASSED] - click(findTestObject("Stockbit/input__BandarmologyOpenEndDate")): Object: 'Object Repository/Stockbit/input__BandarmologyOpenEndDate' is clicked on

2024-01-22 17:44:44 - [MESSAGE][PASSED] - Object: 'Object Repository/Stockbit/input__BandarmologyOpenEndDate' is clicked on

2024-01-22 17:44:44 - [TEST_STEP][PASSED] - sendKeys(findTestObject("Stockbit/input__BandarmologyOpenEndDate"), Keys.chord(CONTROL, "a")): Keys 'CONTROL + a' sent to object: 'Object Repository/Stockbit/input__BandarmologyOpenEndDate'

2024-01-22 17:44:45 - [MESSAGE][PASSED] - Keys 'CONTROL + a' sent to object: 'Object Repository/Stockbit/input__BandarmologyOpenEndDate'

2024-01-22 17:44:45 - [TEST_STEP][PASSED] - sendKeys(findTestObject("Stockbit/input__BandarmologyOpenEndDate"), Keys.chord(BACK_SPACE)): Keys 'BACK_SPACE + ' sent to object: 'Object Repository/Stockbit/input__BandarmologyOpenEndDate'

2024-01-22 17:44:45 - [MESSAGE][PASSED] - Keys 'BACK_SPACE + ' sent to object: 'Object Repository/Stockbit/input__BandarmologyOpenEndDate'

2024-01-22 17:44:45 - [TEST_STEP][PASSED] - setText(findTestObject("Stockbit/input__BandarmologyOpenEndDate"), strTanggal): Text '2024-01-22' is set on object 'Object Repository/Stockbit/input__BandarmologyOpenEndDate'

2024-01-22 17:44:46 - [MESSAGE][PASSED] - Text '2024-01-22' is set on object 'Object Repository/Stockbit/input__BandarmologyOpenEndDate'

2024-01-22 17:44:46 - [TEST_STEP][PASSED] - sendKeys(findTestObject("Stockbit/input__BandarmologyOpenEndDate"), Keys.chord(ENTER)): Keys 'ENTER + ' sent to object: 'Object Repository/Stockbit/input__BandarmologyOpenEndDate'

2024-01-22 17:44:46 - [MESSAGE][PASSED] - Keys 'ENTER + ' sent to object: 'Object Repository/Stockbit/input__BandarmologyOpenEndDate'

2024-01-22 17:44:46 - [TEST_STEP][PASSED] - delay(2): Delayed 2 second(s)

2024-01-22 17:44:48 - [MESSAGE][PASSED] - Delayed 2 second(s)

2024-01-22 17:44:48 - [TEST_STEP][PASSED] - strTemp = getText(findTestObject("Stockbit/Bandarmology_AvgRP")): Text of object 'Object Repository/Stockbit/Bandarmology_AvgRP' is: '50'

2024-01-22 17:44:48 - [MESSAGE][PASSED] - Text of object 'Object Repository/Stockbit/Bandarmology_AvgRP' is: '50'

2024-01-22 17:44:48 - [TEST_STEP][PASSED] - out.println("Bandarmology_AvgRP = " + strTemp): null

2024-01-22 17:44:48 - [TEST_STEP][PASSED] - if (strTemp != "0"): null

2024-01-22 17:44:48 - [TEST_STEP][PASSED] - strTop1 = getText(findTestObject("Stockbit/Bandarmology_Top1")): Text of object 'Object Repository/Stockbit/Bandarmology_Top1' is: 'Big Acc'

2024-01-22 17:44:48 - [MESSAGE][PASSED] - Text of object 'Object Repository/Stockbit/Bandarmology_Top1' is: 'Big Acc'

2024-01-22 17:44:48 - [TEST_STEP][PASSED] - strTop3 = getText(findTestObject("Stockbit/Bandarmology_Top3")): Text of object 'Object Repository/Stockbit/Bandarmology_Top3' is: 'Neutral'

2024-01-22 17:44:48 - [MESSAGE][PASSED] - Text of object 'Object Repository/Stockbit/Bandarmology_Top3' is: 'Neutral'

2024-01-22 17:44:48 - [TEST_STEP][PASSED] - strTop5 = getText(findTestObject("Stockbit/Bandarmology_Top5")): Text of object 'Object Repository/Stockbit/Bandarmology_Top5' is: 'Neutral'

2024-01-22 17:44:49 - [MESSAGE][PASSED] - Text of object 'Object Repository/Stockbit/Bandarmology_Top5' is: 'Neutral'

2024-01-22 17:44:49 - [TEST_STEP][PASSED] - strAllBrokAvg = getText(findTestObject("Stockbit/Bandarmology_TopAVG")): Text of object 'Object Repository/Stockbit/Bandarmology_TopAVG' is: 'Neutral'

2024-01-22 17:44:49 - [MESSAGE][PASSED] - Text of object 'Object Repository/Stockbit/Bandarmology_TopAVG' is: 'Neutral'

2024-01-22 17:44:49 - [TEST_STEP][PASSED] - strTemp = getText(findTestObject("Stockbit/Bandarmology_AvgRP")): Text of object 'Object Repository/Stockbit/Bandarmology_AvgRP' is: '50'

2024-01-22 17:44:49 - [MESSAGE][PASSED] - Text of object 'Object Repository/Stockbit/Bandarmology_AvgRP' is: '50'

2024-01-22 17:44:49 - [TEST_STEP][PASSED] - if (strTemp.contains(",")): null

2024-01-22 17:44:49 - [TEST_STEP][PASSED] - intAvgRP = strTemp.toInteger(): null

2024-01-22 17:44:49 - [TEST_STEP][PASSED] - strBuyer1 = getText(findTestObject("Stockbit/Bandarmology_Buyer1")): Text of object 'Object Repository/Stockbit/Bandarmology_Buyer1' is: 'CC'

2024-01-22 17:44:49 - [MESSAGE][PASSED] - Text of object 'Object Repository/Stockbit/Bandarmology_Buyer1' is: 'CC'

2024-01-22 17:44:49 - [TEST_STEP][PASSED] - strBuyerVol1 = getText(findTestObject("Stockbit/Bandarmology_BuyerVol1")): Text of object 'Object Repository/Stockbit/Bandarmology_BuyerVol1' is: '2.5 K'

2024-01-22 17:44:49 - [MESSAGE][PASSED] - Text of object 'Object Repository/Stockbit/Bandarmology_BuyerVol1' is: '2.5 K'

2024-01-22 17:44:49 - [TEST_STEP][PASSED] - strBuyerAvg1 = getText(findTestObject("Stockbit/Bandarmology_BuyerAvg1")): Text of object 'Object Repository/Stockbit/Bandarmology_BuyerAvg1' is: '50'

2024-01-22 17:44:49 - [MESSAGE][PASSED] - Text of object 'Object Repository/Stockbit/Bandarmology_BuyerAvg1' is: '50'

2024-01-22 17:44:49 - [TEST_STEP][PASSED] - if (strBuyerAvg1.contains(",")): null

2024-01-22 17:44:49 - [TEST_STEP][PASSED] - if (strBuyerVol1.contains(" B")): null

2024-01-22 17:44:49 - [TEST_STEP][PASSED] - else if (strBuyerVol1.contains(" M")): null

2024-01-22 17:44:49 - [TEST_STEP][PASSED] - else if (strBuyerVol1.contains(" K")): null

2024-01-22 17:44:49 - [TEST_STEP][PASSED] - strBuyerVol1 = strBuyerVol1.replace(" K", ""): null

2024-01-22 17:44:49 - [TEST_STEP][PASSED] - strBuyerVol1 = strBuyerVol1.toDouble() * 1000: null

2024-01-22 17:44:49 - [TEST_STEP][PASSED] - strSeller1 = getText(findTestObject("Stockbit/Bandarmology_Seller1")): Text of object 'Object Repository/Stockbit/Bandarmology_Seller1' is: 'CP'

2024-01-22 17:44:49 - [MESSAGE][PASSED] - Text of object 'Object Repository/Stockbit/Bandarmology_Seller1' is: 'CP'

2024-01-22 17:44:49 - [TEST_STEP][PASSED] - strSellerVol1 = getText(findTestObject("Stockbit/Bandarmology_SellerVol1")): Text of object 'Object Repository/Stockbit/Bandarmology_SellerVol1' is: '1.7 K'

2024-01-22 17:44:49 - [MESSAGE][PASSED] - Text of object 'Object Repository/Stockbit/Bandarmology_SellerVol1' is: '1.7 K'

2024-01-22 17:44:49 - [TEST_STEP][PASSED] - strSellerAvg1 = getText(findTestObject("Stockbit/Bandarmology_SellerAvg1")): Text of object 'Object Repository/Stockbit/Bandarmology_SellerAvg1' is: '50'

2024-01-22 17:44:49 - [MESSAGE][PASSED] - Text of object 'Object Repository/Stockbit/Bandarmology_SellerAvg1' is: '50'

2024-01-22 17:44:49 - [TEST_STEP][PASSED] - if (strSellerAvg1.contains(",")): null

2024-01-22 17:44:49 - [TEST_STEP][PASSED] - if (strSellerVol1.contains(" B")): null

2024-01-22 17:44:49 - [TEST_STEP][PASSED] - else if (strSellerVol1.contains(" M")): null

2024-01-22 17:44:49 - [TEST_STEP][PASSED] - else if (strSellerVol1.contains(" K")): null

2024-01-22 17:44:49 - [TEST_STEP][PASSED] - strSellerVol1 = strSellerVol1.replace(" K", ""): null

2024-01-22 17:44:49 - [TEST_STEP][PASSED] - strSellerVol1 = strSellerVol1.toDouble() * 1000: null

2024-01-22 17:44:49 - [TEST_STEP][PASSED] - if (verifyElementNotPresent(findTestObject("Stockbit/Bandarmology_Buyer2"), 1, OPTIONAL)): Web element with id: 'Object Repository/Stockbit/Bandarmology_Buyer2' located by 'By.xpath: //*[contains(@id, 'rc-tabs-')]/div[2]/div/div/div/div/div/div[2]/table/tbody/tr[3]/td[1]/p' is present after '1' second(s) (Root cause: com.kms.katalon.core.exception.StepFailedException: Web element with id: 'Object Repository/Stockbit/Bandarmology_Buyer2' located by 'By.xpath: //*[contains(@id, 'rc-tabs-')]/div[2]/div/div/div/div/div/div[2]/table/tbody/tr[3]/td[1]/p' is present after '1' second(s)
	at com.kms.katalon.core.webui.keyword.internal.WebUIKeywordMain.stepFailed(WebUIKeywordMain.groovy:64)
	at com.kms.katalon.core.webui.keyword.internal.WebUIKeywordMain$stepFailed$0.call(Unknown Source)
	at com.kms.katalon.core.webui.keyword.builtin.VerifyElementNotPresentKeyword$_verifyElementNotPresent_closure1.doCall(VerifyElementNotPresentKeyword.groovy:106)
	at com.kms.katalon.core.webui.keyword.builtin.VerifyElementNotPresentKeyword$_verifyElementNotPresent_closure1.doCall(VerifyElementNotPresentKeyword.groovy)
	at com.kms.katalon.core.webui.keyword.internal.WebUIKeywordMain.runKeyword(WebUIKeywordMain.groovy:20)
	at com.kms.katalon.core.webui.keyword.internal.WebUIKeywordMain$runKeyword.call(Unknown Source)
	at com.kms.katalon.core.webui.keyword.builtin.VerifyElementNotPresentKeyword.verifyElementNotPresent(VerifyElementNotPresentKeyword.groovy:117)
	at com.kms.katalon.core.webui.keyword.builtin.VerifyElementNotPresentKeyword.execute(VerifyElementNotPresentKeyword.groovy:68)
	at com.kms.katalon.core.keyword.internal.KeywordExecutor.executeKeywordForPlatform(KeywordExecutor.groovy:74)
	at com.kms.katalon.core.webui.keyword.WebUiBuiltInKeywords.verifyElementNotPresent(WebUiBuiltInKeywords.groovy:1481)
	at com.kms.katalon.core.webui.keyword.WebUiBuiltInKeywords$verifyElementNotPresent$8.call(Unknown Source)
	at GetBrokSumPriceDaily.run(GetBrokSumPriceDaily:258)
	at com.kms.katalon.core.main.ScriptEngine.run(ScriptEngine.java:194)
	at com.kms.katalon.core.main.ScriptEngine.runScriptAsRawText(ScriptEngine.java:119)
	at com.kms.katalon.core.main.TestCaseExecutor.runScript(TestCaseExecutor.java:445)
	at com.kms.katalon.core.main.TestCaseExecutor.doExecute(TestCaseExecutor.java:436)
	at com.kms.katalon.core.main.TestCaseExecutor.processExecutionPhase(TestCaseExecutor.java:415)
	at com.kms.katalon.core.main.TestCaseExecutor.accessMainPhase(TestCaseExecutor.java:407)
	at com.kms.katalon.core.main.TestCaseExecutor.execute(TestCaseExecutor.java:284)
	at com.kms.katalon.core.common.CommonExecutor.accessTestCaseMainPhase(CommonExecutor.java:65)
	at com.kms.katalon.core.main.TestSuiteExecutor.accessTestSuiteMainPhase(TestSuiteExecutor.java:144)
	at com.kms.katalon.core.main.TestSuiteExecutor.execute(TestSuiteExecutor.java:106)
	at com.kms.katalon.core.main.TestCaseMain.startTestSuite(TestCaseMain.java:185)
	at com.kms.katalon.core.main.TestCaseMain$startTestSuite$0.call(Unknown Source)
	at TempTestSuite1705920083951.run(TempTestSuite1705920083951.groovy:36)
)

2024-01-22 17:44:51 - [MESSAGE][WARNING] - Web element with id: 'Object Repository/Stockbit/Bandarmology_Buyer2' located by 'By.xpath: //*[contains(@id, 'rc-tabs-')]/div[2]/div/div/div/div/div/div[2]/table/tbody/tr[3]/td[1]/p' is present after '1' second(s) (Root cause: com.kms.katalon.core.exception.StepFailedException: Web element with id: 'Object Repository/Stockbit/Bandarmology_Buyer2' located by 'By.xpath: //*[contains(@id, 'rc-tabs-')]/div[2]/div/div/div/div/div/div[2]/table/tbody/tr[3]/td[1]/p' is present after '1' second(s)
	at com.kms.katalon.core.webui.keyword.internal.WebUIKeywordMain.stepFailed(WebUIKeywordMain.groovy:64)
	at com.kms.katalon.core.webui.keyword.internal.WebUIKeywordMain$stepFailed$0.call(Unknown Source)
	at com.kms.katalon.core.webui.keyword.builtin.VerifyElementNotPresentKeyword$_verifyElementNotPresent_closure1.doCall(VerifyElementNotPresentKeyword.groovy:106)
	at com.kms.katalon.core.webui.keyword.builtin.VerifyElementNotPresentKeyword$_verifyElementNotPresent_closure1.doCall(VerifyElementNotPresentKeyword.groovy)
	at com.kms.katalon.core.webui.keyword.internal.WebUIKeywordMain.runKeyword(WebUIKeywordMain.groovy:20)
	at com.kms.katalon.core.webui.keyword.internal.WebUIKeywordMain$runKeyword.call(Unknown Source)
	at com.kms.katalon.core.webui.keyword.builtin.VerifyElementNotPresentKeyword.verifyElementNotPresent(VerifyElementNotPresentKeyword.groovy:117)
	at com.kms.katalon.core.webui.keyword.builtin.VerifyElementNotPresentKeyword.execute(VerifyElementNotPresentKeyword.groovy:68)
	at com.kms.katalon.core.keyword.internal.KeywordExecutor.executeKeywordForPlatform(KeywordExecutor.groovy:74)
	at com.kms.katalon.core.webui.keyword.WebUiBuiltInKeywords.verifyElementNotPresent(WebUiBuiltInKeywords.groovy:1481)
	at com.kms.katalon.core.webui.keyword.WebUiBuiltInKeywords$verifyElementNotPresent$8.call(Unknown Source)
	at GetBrokSumPriceDaily.run(GetBrokSumPriceDaily:258)
	at com.kms.katalon.core.main.ScriptEngine.run(ScriptEngine.java:194)
	at com.kms.katalon.core.main.ScriptEngine.runScriptAsRawText(ScriptEngine.java:119)
	at com.kms.katalon.core.main.TestCaseExecutor.runScript(TestCaseExecutor.java:445)
	at com.kms.katalon.core.main.TestCaseExecutor.doExecute(TestCaseExecutor.java:436)
	at com.kms.katalon.core.main.TestCaseExecutor.processExecutionPhase(TestCaseExecutor.java:415)
	at com.kms.katalon.core.main.TestCaseExecutor.accessMainPhase(TestCaseExecutor.java:407)
	at com.kms.katalon.core.main.TestCaseExecutor.execute(TestCaseExecutor.java:284)
	at com.kms.katalon.core.common.CommonExecutor.accessTestCaseMainPhase(CommonExecutor.java:65)
	at com.kms.katalon.core.main.TestSuiteExecutor.accessTestSuiteMainPhase(TestSuiteExecutor.java:144)
	at com.kms.katalon.core.main.TestSuiteExecutor.execute(TestSuiteExecutor.java:106)
	at com.kms.katalon.core.main.TestCaseMain.startTestSuite(TestCaseMain.java:185)
	at com.kms.katalon.core.main.TestCaseMain$startTestSuite$0.call(Unknown Source)
	at TempTestSuite1705920083951.run(TempTestSuite1705920083951.groovy:36)
)
[[ATTACHMENT|C:\\Users\\Fadli\\git\\KatalonDailyGetData2\\Reports\\20240122_174123\\TS1\\20240122_174123\\1705920291091.png]]

2024-01-22 17:44:51 - [TEST_STEP][PASSED] - else: null

2024-01-22 17:44:51 - [TEST_STEP][PASSED] - strBuyer2 = getText(findTestObject("Stockbit/Bandarmology_Buyer2")): Text of object 'Object Repository/Stockbit/Bandarmology_Buyer2' is: 'YP'

2024-01-22 17:44:51 - [MESSAGE][PASSED] - Text of object 'Object Repository/Stockbit/Bandarmology_Buyer2' is: 'YP'

2024-01-22 17:44:51 - [TEST_STEP][PASSED] - strBuyerVol2 = getText(findTestObject("Stockbit/Bandarmology_BuyerVol2")): Text of object 'Object Repository/Stockbit/Bandarmology_BuyerVol2' is: '300'

2024-01-22 17:44:51 - [MESSAGE][PASSED] - Text of object 'Object Repository/Stockbit/Bandarmology_BuyerVol2' is: '300'

2024-01-22 17:44:51 - [TEST_STEP][PASSED] - strBuyerAvg2 = getText(findTestObject("Stockbit/Bandarmology_BuyerAvg2")): Text of object 'Object Repository/Stockbit/Bandarmology_BuyerAvg2' is: '50'

2024-01-22 17:44:51 - [MESSAGE][PASSED] - Text of object 'Object Repository/Stockbit/Bandarmology_BuyerAvg2' is: '50'

2024-01-22 17:44:51 - [TEST_STEP][PASSED] - if (strBuyer2 != ""): null

2024-01-22 17:44:51 - [TEST_STEP][PASSED] - if (strBuyerAvg2.contains(",")): null

2024-01-22 17:44:51 - [TEST_STEP][PASSED] - if (strBuyerVol2.contains(" B")): null

2024-01-22 17:44:51 - [TEST_STEP][PASSED] - if (strBuyerVol2.contains(".")): null

2024-01-22 17:44:51 - [TEST_STEP][PASSED] - if (verifyElementNotPresent(findTestObject("Stockbit/Bandarmology_Seller2"), 1, OPTIONAL)): Web element with id: 'Object Repository/Stockbit/Bandarmology_Seller2' located by 'By.xpath: //*[contains(@id, 'rc-tabs-')]/div[2]/div/div/div/div/div/div[2]/table/tbody/tr[3]/td[5]/p' is present after '1' second(s) (Root cause: com.kms.katalon.core.exception.StepFailedException: Web element with id: 'Object Repository/Stockbit/Bandarmology_Seller2' located by 'By.xpath: //*[contains(@id, 'rc-tabs-')]/div[2]/div/div/div/div/div/div[2]/table/tbody/tr[3]/td[5]/p' is present after '1' second(s)
	at com.kms.katalon.core.webui.keyword.internal.WebUIKeywordMain.stepFailed(WebUIKeywordMain.groovy:64)
	at com.kms.katalon.core.webui.keyword.internal.WebUIKeywordMain$stepFailed$0.call(Unknown Source)
	at com.kms.katalon.core.webui.keyword.builtin.VerifyElementNotPresentKeyword$_verifyElementNotPresent_closure1.doCall(VerifyElementNotPresentKeyword.groovy:106)
	at com.kms.katalon.core.webui.keyword.builtin.VerifyElementNotPresentKeyword$_verifyElementNotPresent_closure1.doCall(VerifyElementNotPresentKeyword.groovy)
	at com.kms.katalon.core.webui.keyword.internal.WebUIKeywordMain.runKeyword(WebUIKeywordMain.groovy:20)
	at com.kms.katalon.core.webui.keyword.internal.WebUIKeywordMain$runKeyword.call(Unknown Source)
	at com.kms.katalon.core.webui.keyword.builtin.VerifyElementNotPresentKeyword.verifyElementNotPresent(VerifyElementNotPresentKeyword.groovy:117)
	at com.kms.katalon.core.webui.keyword.builtin.VerifyElementNotPresentKeyword.execute(VerifyElementNotPresentKeyword.groovy:68)
	at com.kms.katalon.core.keyword.internal.KeywordExecutor.executeKeywordForPlatform(KeywordExecutor.groovy:74)
	at com.kms.katalon.core.webui.keyword.WebUiBuiltInKeywords.verifyElementNotPresent(WebUiBuiltInKeywords.groovy:1481)
	at com.kms.katalon.core.webui.keyword.WebUiBuiltInKeywords$verifyElementNotPresent$8.call(Unknown Source)
	at GetBrokSumPriceDaily.run(GetBrokSumPriceDaily:309)
	at com.kms.katalon.core.main.ScriptEngine.run(ScriptEngine.java:194)
	at com.kms.katalon.core.main.ScriptEngine.runScriptAsRawText(ScriptEngine.java:119)
	at com.kms.katalon.core.main.TestCaseExecutor.runScript(TestCaseExecutor.java:445)
	at com.kms.katalon.core.main.TestCaseExecutor.doExecute(TestCaseExecutor.java:436)
	at com.kms.katalon.core.main.TestCaseExecutor.processExecutionPhase(TestCaseExecutor.java:415)
	at com.kms.katalon.core.main.TestCaseExecutor.accessMainPhase(TestCaseExecutor.java:407)
	at com.kms.katalon.core.main.TestCaseExecutor.execute(TestCaseExecutor.java:284)
	at com.kms.katalon.core.common.CommonExecutor.accessTestCaseMainPhase(CommonExecutor.java:65)
	at com.kms.katalon.core.main.TestSuiteExecutor.accessTestSuiteMainPhase(TestSuiteExecutor.java:144)
	at com.kms.katalon.core.main.TestSuiteExecutor.execute(TestSuiteExecutor.java:106)
	at com.kms.katalon.core.main.TestCaseMain.startTestSuite(TestCaseMain.java:185)
	at com.kms.katalon.core.main.TestCaseMain$startTestSuite$0.call(Unknown Source)
	at TempTestSuite1705920083951.run(TempTestSuite1705920083951.groovy:36)
)

2024-01-22 17:44:53 - [MESSAGE][WARNING] - Web element with id: 'Object Repository/Stockbit/Bandarmology_Seller2' located by 'By.xpath: //*[contains(@id, 'rc-tabs-')]/div[2]/div/div/div/div/div/div[2]/table/tbody/tr[3]/td[5]/p' is present after '1' second(s) (Root cause: com.kms.katalon.core.exception.StepFailedException: Web element with id: 'Object Repository/Stockbit/Bandarmology_Seller2' located by 'By.xpath: //*[contains(@id, 'rc-tabs-')]/div[2]/div/div/div/div/div/div[2]/table/tbody/tr[3]/td[5]/p' is present after '1' second(s)
	at com.kms.katalon.core.webui.keyword.internal.WebUIKeywordMain.stepFailed(WebUIKeywordMain.groovy:64)
	at com.kms.katalon.core.webui.keyword.internal.WebUIKeywordMain$stepFailed$0.call(Unknown Source)
	at com.kms.katalon.core.webui.keyword.builtin.VerifyElementNotPresentKeyword$_verifyElementNotPresent_closure1.doCall(VerifyElementNotPresentKeyword.groovy:106)
	at com.kms.katalon.core.webui.keyword.builtin.VerifyElementNotPresentKeyword$_verifyElementNotPresent_closure1.doCall(VerifyElementNotPresentKeyword.groovy)
	at com.kms.katalon.core.webui.keyword.internal.WebUIKeywordMain.runKeyword(WebUIKeywordMain.groovy:20)
	at com.kms.katalon.core.webui.keyword.internal.WebUIKeywordMain$runKeyword.call(Unknown Source)
	at com.kms.katalon.core.webui.keyword.builtin.VerifyElementNotPresentKeyword.verifyElementNotPresent(VerifyElementNotPresentKeyword.groovy:117)
	at com.kms.katalon.core.webui.keyword.builtin.VerifyElementNotPresentKeyword.execute(VerifyElementNotPresentKeyword.groovy:68)
	at com.kms.katalon.core.keyword.internal.KeywordExecutor.executeKeywordForPlatform(KeywordExecutor.groovy:74)
	at com.kms.katalon.core.webui.keyword.WebUiBuiltInKeywords.verifyElementNotPresent(WebUiBuiltInKeywords.groovy:1481)
	at com.kms.katalon.core.webui.keyword.WebUiBuiltInKeywords$verifyElementNotPresent$8.call(Unknown Source)
	at GetBrokSumPriceDaily.run(GetBrokSumPriceDaily:309)
	at com.kms.katalon.core.main.ScriptEngine.run(ScriptEngine.java:194)
	at com.kms.katalon.core.main.ScriptEngine.runScriptAsRawText(ScriptEngine.java:119)
	at com.kms.katalon.core.main.TestCaseExecutor.runScript(TestCaseExecutor.java:445)
	at com.kms.katalon.core.main.TestCaseExecutor.doExecute(TestCaseExecutor.java:436)
	at com.kms.katalon.core.main.TestCaseExecutor.processExecutionPhase(TestCaseExecutor.java:415)
	at com.kms.katalon.core.main.TestCaseExecutor.accessMainPhase(TestCaseExecutor.java:407)
	at com.kms.katalon.core.main.TestCaseExecutor.execute(TestCaseExecutor.java:284)
	at com.kms.katalon.core.common.CommonExecutor.accessTestCaseMainPhase(CommonExecutor.java:65)
	at com.kms.katalon.core.main.TestSuiteExecutor.accessTestSuiteMainPhase(TestSuiteExecutor.java:144)
	at com.kms.katalon.core.main.TestSuiteExecutor.execute(TestSuiteExecutor.java:106)
	at com.kms.katalon.core.main.TestCaseMain.startTestSuite(TestCaseMain.java:185)
	at com.kms.katalon.core.main.TestCaseMain$startTestSuite$0.call(Unknown Source)
	at TempTestSuite1705920083951.run(TempTestSuite1705920083951.groovy:36)
)
[[ATTACHMENT|C:\\Users\\Fadli\\git\\KatalonDailyGetData2\\Reports\\20240122_174123\\TS1\\20240122_174123\\1705920292820.png]]

2024-01-22 17:44:53 - [TEST_STEP][PASSED] - else: null

2024-01-22 17:44:53 - [TEST_STEP][PASSED] - strSeller2 = getText(findTestObject("Stockbit/Bandarmology_Seller2")): Text of object 'Object Repository/Stockbit/Bandarmology_Seller2' is: 'ZP'

2024-01-22 17:44:53 - [MESSAGE][PASSED] - Text of object 'Object Repository/Stockbit/Bandarmology_Seller2' is: 'ZP'

2024-01-22 17:44:53 - [TEST_STEP][PASSED] - strSellerVol2 = getText(findTestObject("Stockbit/Bandarmology_SellerVol2")): Text of object 'Object Repository/Stockbit/Bandarmology_SellerVol2' is: '1 K'

2024-01-22 17:44:53 - [MESSAGE][PASSED] - Text of object 'Object Repository/Stockbit/Bandarmology_SellerVol2' is: '1 K'

2024-01-22 17:44:53 - [TEST_STEP][PASSED] - strSellerAvg2 = getText(findTestObject("Stockbit/Bandarmology_SellerAvg2")): Text of object 'Object Repository/Stockbit/Bandarmology_SellerAvg2' is: '50'

2024-01-22 17:44:53 - [MESSAGE][PASSED] - Text of object 'Object Repository/Stockbit/Bandarmology_SellerAvg2' is: '50'

2024-01-22 17:44:53 - [TEST_STEP][PASSED] - if (strSeller2 != ""): null

2024-01-22 17:44:53 - [TEST_STEP][PASSED] - if (strSellerAvg2.contains(",")): null

2024-01-22 17:44:53 - [TEST_STEP][PASSED] - if (strSellerVol2.contains(" B")): null

2024-01-22 17:44:53 - [TEST_STEP][PASSED] - else if (strSellerVol2.contains(" M")): null

2024-01-22 17:44:53 - [TEST_STEP][PASSED] - else if (strSellerVol2.contains(" K")): null

2024-01-22 17:44:53 - [TEST_STEP][PASSED] - strSellerVol2 = strSellerVol2.replace(" K", ""): null

2024-01-22 17:44:53 - [TEST_STEP][PASSED] - strSellerVol2 = strSellerVol2.toDouble() * 1000: null

2024-01-22 17:44:53 - [TEST_STEP][PASSED] - if (verifyElementNotPresent(findTestObject("Stockbit/Bandarmology_Buyer3"), 1, OPTIONAL)): Web element with id: 'Object Repository/Stockbit/Bandarmology_Buyer3' located by 'By.xpath: //*[contains(@id, 'rc-tabs-')]/div[2]/div/div/div/div/div/div[2]/table/tbody/tr[4]/td[1]/p' is present after '1' second(s) (Root cause: com.kms.katalon.core.exception.StepFailedException: Web element with id: 'Object Repository/Stockbit/Bandarmology_Buyer3' located by 'By.xpath: //*[contains(@id, 'rc-tabs-')]/div[2]/div/div/div/div/div/div[2]/table/tbody/tr[4]/td[1]/p' is present after '1' second(s)
	at com.kms.katalon.core.webui.keyword.internal.WebUIKeywordMain.stepFailed(WebUIKeywordMain.groovy:64)
	at com.kms.katalon.core.webui.keyword.internal.WebUIKeywordMain$stepFailed$0.call(Unknown Source)
	at com.kms.katalon.core.webui.keyword.builtin.VerifyElementNotPresentKeyword$_verifyElementNotPresent_closure1.doCall(VerifyElementNotPresentKeyword.groovy:106)
	at com.kms.katalon.core.webui.keyword.builtin.VerifyElementNotPresentKeyword$_verifyElementNotPresent_closure1.doCall(VerifyElementNotPresentKeyword.groovy)
	at com.kms.katalon.core.webui.keyword.internal.WebUIKeywordMain.runKeyword(WebUIKeywordMain.groovy:20)
	at com.kms.katalon.core.webui.keyword.internal.WebUIKeywordMain$runKeyword.call(Unknown Source)
	at com.kms.katalon.core.webui.keyword.builtin.VerifyElementNotPresentKeyword.verifyElementNotPresent(VerifyElementNotPresentKeyword.groovy:117)
	at com.kms.katalon.core.webui.keyword.builtin.VerifyElementNotPresentKeyword.execute(VerifyElementNotPresentKeyword.groovy:68)
	at com.kms.katalon.core.keyword.internal.KeywordExecutor.executeKeywordForPlatform(KeywordExecutor.groovy:74)
	at com.kms.katalon.core.webui.keyword.WebUiBuiltInKeywords.verifyElementNotPresent(WebUiBuiltInKeywords.groovy:1481)
	at com.kms.katalon.core.webui.keyword.WebUiBuiltInKeywords$verifyElementNotPresent$8.call(Unknown Source)
	at GetBrokSumPriceDaily.run(GetBrokSumPriceDaily:361)
	at com.kms.katalon.core.main.ScriptEngine.run(ScriptEngine.java:194)
	at com.kms.katalon.core.main.ScriptEngine.runScriptAsRawText(ScriptEngine.java:119)
	at com.kms.katalon.core.main.TestCaseExecutor.runScript(TestCaseExecutor.java:445)
	at com.kms.katalon.core.main.TestCaseExecutor.doExecute(TestCaseExecutor.java:436)
	at com.kms.katalon.core.main.TestCaseExecutor.processExecutionPhase(TestCaseExecutor.java:415)
	at com.kms.katalon.core.main.TestCaseExecutor.accessMainPhase(TestCaseExecutor.java:407)
	at com.kms.katalon.core.main.TestCaseExecutor.execute(TestCaseExecutor.java:284)
	at com.kms.katalon.core.common.CommonExecutor.accessTestCaseMainPhase(CommonExecutor.java:65)
	at com.kms.katalon.core.main.TestSuiteExecutor.accessTestSuiteMainPhase(TestSuiteExecutor.java:144)
	at com.kms.katalon.core.main.TestSuiteExecutor.execute(TestSuiteExecutor.java:106)
	at com.kms.katalon.core.main.TestCaseMain.startTestSuite(TestCaseMain.java:185)
	at com.kms.katalon.core.main.TestCaseMain$startTestSuite$0.call(Unknown Source)
	at TempTestSuite1705920083951.run(TempTestSuite1705920083951.groovy:36)
)

2024-01-22 17:44:54 - [MESSAGE][WARNING] - Web element with id: 'Object Repository/Stockbit/Bandarmology_Buyer3' located by 'By.xpath: //*[contains(@id, 'rc-tabs-')]/div[2]/div/div/div/div/div/div[2]/table/tbody/tr[4]/td[1]/p' is present after '1' second(s) (Root cause: com.kms.katalon.core.exception.StepFailedException: Web element with id: 'Object Repository/Stockbit/Bandarmology_Buyer3' located by 'By.xpath: //*[contains(@id, 'rc-tabs-')]/div[2]/div/div/div/div/div/div[2]/table/tbody/tr[4]/td[1]/p' is present after '1' second(s)
	at com.kms.katalon.core.webui.keyword.internal.WebUIKeywordMain.stepFailed(WebUIKeywordMain.groovy:64)
	at com.kms.katalon.core.webui.keyword.internal.WebUIKeywordMain$stepFailed$0.call(Unknown Source)
	at com.kms.katalon.core.webui.keyword.builtin.VerifyElementNotPresentKeyword$_verifyElementNotPresent_closure1.doCall(VerifyElementNotPresentKeyword.groovy:106)
	at com.kms.katalon.core.webui.keyword.builtin.VerifyElementNotPresentKeyword$_verifyElementNotPresent_closure1.doCall(VerifyElementNotPresentKeyword.groovy)
	at com.kms.katalon.core.webui.keyword.internal.WebUIKeywordMain.runKeyword(WebUIKeywordMain.groovy:20)
	at com.kms.katalon.core.webui.keyword.internal.WebUIKeywordMain$runKeyword.call(Unknown Source)
	at com.kms.katalon.core.webui.keyword.builtin.VerifyElementNotPresentKeyword.verifyElementNotPresent(VerifyElementNotPresentKeyword.groovy:117)
	at com.kms.katalon.core.webui.keyword.builtin.VerifyElementNotPresentKeyword.execute(VerifyElementNotPresentKeyword.groovy:68)
	at com.kms.katalon.core.keyword.internal.KeywordExecutor.executeKeywordForPlatform(KeywordExecutor.groovy:74)
	at com.kms.katalon.core.webui.keyword.WebUiBuiltInKeywords.verifyElementNotPresent(WebUiBuiltInKeywords.groovy:1481)
	at com.kms.katalon.core.webui.keyword.WebUiBuiltInKeywords$verifyElementNotPresent$8.call(Unknown Source)
	at GetBrokSumPriceDaily.run(GetBrokSumPriceDaily:361)
	at com.kms.katalon.core.main.ScriptEngine.run(ScriptEngine.java:194)
	at com.kms.katalon.core.main.ScriptEngine.runScriptAsRawText(ScriptEngine.java:119)
	at com.kms.katalon.core.main.TestCaseExecutor.runScript(TestCaseExecutor.java:445)
	at com.kms.katalon.core.main.TestCaseExecutor.doExecute(TestCaseExecutor.java:436)
	at com.kms.katalon.core.main.TestCaseExecutor.processExecutionPhase(TestCaseExecutor.java:415)
	at com.kms.katalon.core.main.TestCaseExecutor.accessMainPhase(TestCaseExecutor.java:407)
	at com.kms.katalon.core.main.TestCaseExecutor.execute(TestCaseExecutor.java:284)
	at com.kms.katalon.core.common.CommonExecutor.accessTestCaseMainPhase(CommonExecutor.java:65)
	at com.kms.katalon.core.main.TestSuiteExecutor.accessTestSuiteMainPhase(TestSuiteExecutor.java:144)
	at com.kms.katalon.core.main.TestSuiteExecutor.execute(TestSuiteExecutor.java:106)
	at com.kms.katalon.core.main.TestCaseMain.startTestSuite(TestCaseMain.java:185)
	at com.kms.katalon.core.main.TestCaseMain$startTestSuite$0.call(Unknown Source)
	at TempTestSuite1705920083951.run(TempTestSuite1705920083951.groovy:36)
)
[[ATTACHMENT|C:\\Users\\Fadli\\git\\KatalonDailyGetData2\\Reports\\20240122_174123\\TS1\\20240122_174123\\1705920294557.png]]

2024-01-22 17:44:54 - [TEST_STEP][PASSED] - else: null

2024-01-22 17:44:54 - [TEST_STEP][PASSED] - strBuyer3 = getText(findTestObject("Stockbit/Bandarmology_Buyer3")): Text of object 'Object Repository/Stockbit/Bandarmology_Buyer3' is: 'XC'

2024-01-22 17:44:56 - [MESSAGE][PASSED] - Text of object 'Object Repository/Stockbit/Bandarmology_Buyer3' is: 'XC'

2024-01-22 17:44:56 - [TEST_STEP][PASSED] - strBuyerVol3 = getText(findTestObject("Stockbit/Bandarmology_BuyerVol3")): Text of object 'Object Repository/Stockbit/Bandarmology_BuyerVol3' is: '45'

2024-01-22 17:44:56 - [MESSAGE][PASSED] - Text of object 'Object Repository/Stockbit/Bandarmology_BuyerVol3' is: '45'

2024-01-22 17:44:56 - [TEST_STEP][PASSED] - strBuyerAvg3 = getText(findTestObject("Stockbit/Bandarmology_BuyerAvg3")): Text of object 'Object Repository/Stockbit/Bandarmology_BuyerAvg3' is: '50'

2024-01-22 17:44:56 - [MESSAGE][PASSED] - Text of object 'Object Repository/Stockbit/Bandarmology_BuyerAvg3' is: '50'

2024-01-22 17:44:56 - [TEST_STEP][PASSED] - if (strBuyer3 != ""): null

2024-01-22 17:44:56 - [TEST_STEP][PASSED] - if (strBuyerAvg3.contains(",")): null

2024-01-22 17:44:56 - [TEST_STEP][PASSED] - if (strBuyerVol3.contains(" B")): null

2024-01-22 17:44:56 - [TEST_STEP][PASSED] - if (verifyElementNotPresent(findTestObject("Stockbit/Bandarmology_Seller3"), 1, OPTIONAL)): Web element with id: 'Object Repository/Stockbit/Bandarmology_Seller3' located by 'By.xpath: //*[contains(@id, 'rc-tabs-')]/div[2]/div/div/div/div/div/div[2]/table/tbody/tr[4]/td[5]/p' is present after '1' second(s) (Root cause: com.kms.katalon.core.exception.StepFailedException: Web element with id: 'Object Repository/Stockbit/Bandarmology_Seller3' located by 'By.xpath: //*[contains(@id, 'rc-tabs-')]/div[2]/div/div/div/div/div/div[2]/table/tbody/tr[4]/td[5]/p' is present after '1' second(s)
	at com.kms.katalon.core.webui.keyword.internal.WebUIKeywordMain.stepFailed(WebUIKeywordMain.groovy:64)
	at com.kms.katalon.core.webui.keyword.internal.WebUIKeywordMain$stepFailed$0.call(Unknown Source)
	at com.kms.katalon.core.webui.keyword.builtin.VerifyElementNotPresentKeyword$_verifyElementNotPresent_closure1.doCall(VerifyElementNotPresentKeyword.groovy:106)
	at com.kms.katalon.core.webui.keyword.builtin.VerifyElementNotPresentKeyword$_verifyElementNotPresent_closure1.doCall(VerifyElementNotPresentKeyword.groovy)
	at com.kms.katalon.core.webui.keyword.internal.WebUIKeywordMain.runKeyword(WebUIKeywordMain.groovy:20)
	at com.kms.katalon.core.webui.keyword.internal.WebUIKeywordMain$runKeyword.call(Unknown Source)
	at com.kms.katalon.core.webui.keyword.builtin.VerifyElementNotPresentKeyword.verifyElementNotPresent(VerifyElementNotPresentKeyword.groovy:117)
	at com.kms.katalon.core.webui.keyword.builtin.VerifyElementNotPresentKeyword.execute(VerifyElementNotPresentKeyword.groovy:68)
	at com.kms.katalon.core.keyword.internal.KeywordExecutor.executeKeywordForPlatform(KeywordExecutor.groovy:74)
	at com.kms.katalon.core.webui.keyword.WebUiBuiltInKeywords.verifyElementNotPresent(WebUiBuiltInKeywords.groovy:1481)
	at com.kms.katalon.core.webui.keyword.WebUiBuiltInKeywords$verifyElementNotPresent$8.call(Unknown Source)
	at GetBrokSumPriceDaily.run(GetBrokSumPriceDaily:414)
	at com.kms.katalon.core.main.ScriptEngine.run(ScriptEngine.java:194)
	at com.kms.katalon.core.main.ScriptEngine.runScriptAsRawText(ScriptEngine.java:119)
	at com.kms.katalon.core.main.TestCaseExecutor.runScript(TestCaseExecutor.java:445)
	at com.kms.katalon.core.main.TestCaseExecutor.doExecute(TestCaseExecutor.java:436)
	at com.kms.katalon.core.main.TestCaseExecutor.processExecutionPhase(TestCaseExecutor.java:415)
	at com.kms.katalon.core.main.TestCaseExecutor.accessMainPhase(TestCaseExecutor.java:407)
	at com.kms.katalon.core.main.TestCaseExecutor.execute(TestCaseExecutor.java:284)
	at com.kms.katalon.core.common.CommonExecutor.accessTestCaseMainPhase(CommonExecutor.java:65)
	at com.kms.katalon.core.main.TestSuiteExecutor.accessTestSuiteMainPhase(TestSuiteExecutor.java:144)
	at com.kms.katalon.core.main.TestSuiteExecutor.execute(TestSuiteExecutor.java:106)
	at com.kms.katalon.core.main.TestCaseMain.startTestSuite(TestCaseMain.java:185)
	at com.kms.katalon.core.main.TestCaseMain$startTestSuite$0.call(Unknown Source)
	at TempTestSuite1705920083951.run(TempTestSuite1705920083951.groovy:36)
)

2024-01-22 17:44:58 - [MESSAGE][WARNING] - Web element with id: 'Object Repository/Stockbit/Bandarmology_Seller3' located by 'By.xpath: //*[contains(@id, 'rc-tabs-')]/div[2]/div/div/div/div/div/div[2]/table/tbody/tr[4]/td[5]/p' is present after '1' second(s) (Root cause: com.kms.katalon.core.exception.StepFailedException: Web element with id: 'Object Repository/Stockbit/Bandarmology_Seller3' located by 'By.xpath: //*[contains(@id, 'rc-tabs-')]/div[2]/div/div/div/div/div/div[2]/table/tbody/tr[4]/td[5]/p' is present after '1' second(s)
	at com.kms.katalon.core.webui.keyword.internal.WebUIKeywordMain.stepFailed(WebUIKeywordMain.groovy:64)
	at com.kms.katalon.core.webui.keyword.internal.WebUIKeywordMain$stepFailed$0.call(Unknown Source)
	at com.kms.katalon.core.webui.keyword.builtin.VerifyElementNotPresentKeyword$_verifyElementNotPresent_closure1.doCall(VerifyElementNotPresentKeyword.groovy:106)
	at com.kms.katalon.core.webui.keyword.builtin.VerifyElementNotPresentKeyword$_verifyElementNotPresent_closure1.doCall(VerifyElementNotPresentKeyword.groovy)
	at com.kms.katalon.core.webui.keyword.internal.WebUIKeywordMain.runKeyword(WebUIKeywordMain.groovy:20)
	at com.kms.katalon.core.webui.keyword.internal.WebUIKeywordMain$runKeyword.call(Unknown Source)
	at com.kms.katalon.core.webui.keyword.builtin.VerifyElementNotPresentKeyword.verifyElementNotPresent(VerifyElementNotPresentKeyword.groovy:117)
	at com.kms.katalon.core.webui.keyword.builtin.VerifyElementNotPresentKeyword.execute(VerifyElementNotPresentKeyword.groovy:68)
	at com.kms.katalon.core.keyword.internal.KeywordExecutor.executeKeywordForPlatform(KeywordExecutor.groovy:74)
	at com.kms.katalon.core.webui.keyword.WebUiBuiltInKeywords.verifyElementNotPresent(WebUiBuiltInKeywords.groovy:1481)
	at com.kms.katalon.core.webui.keyword.WebUiBuiltInKeywords$verifyElementNotPresent$8.call(Unknown Source)
	at GetBrokSumPriceDaily.run(GetBrokSumPriceDaily:414)
	at com.kms.katalon.core.main.ScriptEngine.run(ScriptEngine.java:194)
	at com.kms.katalon.core.main.ScriptEngine.runScriptAsRawText(ScriptEngine.java:119)
	at com.kms.katalon.core.main.TestCaseExecutor.runScript(TestCaseExecutor.java:445)
	at com.kms.katalon.core.main.TestCaseExecutor.doExecute(TestCaseExecutor.java:436)
	at com.kms.katalon.core.main.TestCaseExecutor.processExecutionPhase(TestCaseExecutor.java:415)
	at com.kms.katalon.core.main.TestCaseExecutor.accessMainPhase(TestCaseExecutor.java:407)
	at com.kms.katalon.core.main.TestCaseExecutor.execute(TestCaseExecutor.java:284)
	at com.kms.katalon.core.common.CommonExecutor.accessTestCaseMainPhase(CommonExecutor.java:65)
	at com.kms.katalon.core.main.TestSuiteExecutor.accessTestSuiteMainPhase(TestSuiteExecutor.java:144)
	at com.kms.katalon.core.main.TestSuiteExecutor.execute(TestSuiteExecutor.java:106)
	at com.kms.katalon.core.main.TestCaseMain.startTestSuite(TestCaseMain.java:185)
	at com.kms.katalon.core.main.TestCaseMain$startTestSuite$0.call(Unknown Source)
	at TempTestSuite1705920083951.run(TempTestSuite1705920083951.groovy:36)
)
[[ATTACHMENT|C:\\Users\\Fadli\\git\\KatalonDailyGetData2\\Reports\\20240122_174123\\TS1\\20240122_174123\\1705920298007.png]]

2024-01-22 17:44:58 - [TEST_STEP][PASSED] - else: null

2024-01-22 17:44:58 - [TEST_STEP][PASSED] - strSeller3 = getText(findTestObject("Stockbit/Bandarmology_Seller3")): Text of object 'Object Repository/Stockbit/Bandarmology_Seller3' is: 'KK'

2024-01-22 17:44:58 - [MESSAGE][PASSED] - Text of object 'Object Repository/Stockbit/Bandarmology_Seller3' is: 'KK'

2024-01-22 17:44:58 - [TEST_STEP][PASSED] - strSellerVol3 = getText(findTestObject("Stockbit/Bandarmology_SellerVol3")): Text of object 'Object Repository/Stockbit/Bandarmology_SellerVol3' is: '120'

2024-01-22 17:44:58 - [MESSAGE][PASSED] - Text of object 'Object Repository/Stockbit/Bandarmology_SellerVol3' is: '120'

2024-01-22 17:44:58 - [TEST_STEP][PASSED] - strSellerAvg3 = getText(findTestObject("Stockbit/Bandarmology_SellerAvg3")): Text of object 'Object Repository/Stockbit/Bandarmology_SellerAvg3' is: '50'

2024-01-22 17:44:58 - [MESSAGE][PASSED] - Text of object 'Object Repository/Stockbit/Bandarmology_SellerAvg3' is: '50'

2024-01-22 17:44:58 - [TEST_STEP][PASSED] - if (strSeller3 != ""): null

2024-01-22 17:44:58 - [TEST_STEP][PASSED] - if (strSellerAvg3.contains(",")): null

2024-01-22 17:44:58 - [TEST_STEP][PASSED] - if (strSellerVol3.contains(" B")): null

2024-01-22 17:44:58 - [TEST_STEP][PASSED] - strAccDist = getText(findTestObject("Stockbit/Bandarmology_AccDist")): Text of object 'Object Repository/Stockbit/Bandarmology_AccDist' is: 'Dist'

2024-01-22 17:44:58 - [MESSAGE][PASSED] - Text of object 'Object Repository/Stockbit/Bandarmology_AccDist' is: 'Dist'

2024-01-22 17:44:58 - [TEST_STEP][PASSED] - strNetVol = getText(findTestObject("Stockbit/Bandarmology_NetVol")): Text of object 'Object Repository/Stockbit/Bandarmology_NetVol' is: '2,860'

2024-01-22 17:44:58 - [MESSAGE][PASSED] - Text of object 'Object Repository/Stockbit/Bandarmology_NetVol' is: '2,860'

2024-01-22 17:44:58 - [TEST_STEP][PASSED] - strNetVol = strNetVol.replace(",", ""): null

2024-01-22 17:44:58 - [TEST_STEP][PASSED] - strNetVal = getText(findTestObject("Stockbit/Bandarmology_NetVal")): Text of object 'Object Repository/Stockbit/Bandarmology_NetVal' is: '0 B'

2024-01-22 17:44:58 - [MESSAGE][PASSED] - Text of object 'Object Repository/Stockbit/Bandarmology_NetVal' is: '0 B'

2024-01-22 17:44:58 - [TEST_STEP][PASSED] - delay(3): Delayed 3 second(s)

2024-01-22 17:45:01 - [MESSAGE][PASSED] - Delayed 3 second(s)

2024-01-22 17:45:01 - [TEST_STEP][PASSED] - strOpenPrice = getText(findTestObject("Stockbit/Home_OpenPrice")): Text of object 'Object Repository/Stockbit/Home_OpenPrice' is: '50'

2024-01-22 17:45:02 - [MESSAGE][PASSED] - Text of object 'Object Repository/Stockbit/Home_OpenPrice' is: '50'

2024-01-22 17:45:02 - [TEST_STEP][PASSED] - strOpenPrice = strOpenPrice.replace(",", ""): null

2024-01-22 17:45:02 - [TEST_STEP][PASSED] - strLowPrice = getText(findTestObject("Stockbit/Home_LowPrice")): Text of object 'Object Repository/Stockbit/Home_LowPrice' is: '50'

2024-01-22 17:45:02 - [MESSAGE][PASSED] - Text of object 'Object Repository/Stockbit/Home_LowPrice' is: '50'

2024-01-22 17:45:02 - [TEST_STEP][PASSED] - strLowPrice = strLowPrice.replace(",", ""): null

2024-01-22 17:45:02 - [TEST_STEP][PASSED] - strHighPrice = getText(findTestObject("Stockbit/Home_HighPrice")): Text of object 'Object Repository/Stockbit/Home_HighPrice' is: '50'

2024-01-22 17:45:02 - [MESSAGE][PASSED] - Text of object 'Object Repository/Stockbit/Home_HighPrice' is: '50'

2024-01-22 17:45:02 - [TEST_STEP][PASSED] - strHighPrice = strHighPrice.replace(",", ""): null

2024-01-22 17:45:02 - [TEST_STEP][PASSED] - strClosePrice = getText(findTestObject("Stockbit/Home_ClosePrice")): Text of object 'Object Repository/Stockbit/Home_ClosePrice' is: '50'

2024-01-22 17:45:02 - [MESSAGE][PASSED] - Text of object 'Object Repository/Stockbit/Home_ClosePrice' is: '50'

2024-01-22 17:45:02 - [TEST_STEP][PASSED] - strClosePrice = strClosePrice.replace(",", ""): null

2024-01-22 17:45:02 - [TEST_STEP][PASSED] - strVol = getText(findTestObject("Stockbit/Home_Volume")): Text of object 'Object Repository/Stockbit/Home_Volume' is: '3 K'

2024-01-22 17:45:02 - [MESSAGE][PASSED] - Text of object 'Object Repository/Stockbit/Home_Volume' is: '3 K'

2024-01-22 17:45:02 - [TEST_STEP][PASSED] - if (strVol.contains(" K")): null

2024-01-22 17:45:02 - [TEST_STEP][PASSED] - strVol = strVol.replace(" K", "000"): null

2024-01-22 17:45:02 - [TEST_STEP][PASSED] - if (strVol.contains(",")): null

2024-01-22 17:45:02 - [TEST_STEP][PASSED] - strChange = getText(findTestObject("Stockbit/Home_Change")): Text of object 'Object Repository/Stockbit/Home_Change' is: '0.00%'

2024-01-22 17:45:02 - [MESSAGE][PASSED] - Text of object 'Object Repository/Stockbit/Home_Change' is: '0.00%'

2024-01-22 17:45:02 - [TEST_STEP][PASSED] - strChange = strChange.replace("%", ""): null

2024-01-22 17:45:02 - [TEST_STEP][PASSED] - strFreq = getText(findTestObject("Stockbit/Home_Freq")): Text of object 'Object Repository/Stockbit/Home_Freq' is: '26'

2024-01-22 17:45:02 - [MESSAGE][PASSED] - Text of object 'Object Repository/Stockbit/Home_Freq' is: '26'

2024-01-22 17:45:02 - [TEST_STEP][PASSED] - if (strFreq.contains(",")): null

2024-01-22 17:45:02 - [TEST_STEP][PASSED] - if (strFreq == "NA" || strFreq == ""): null

2024-01-22 17:45:02 - [TEST_STEP][PASSED] - else: null

2024-01-22 17:45:02 - [TEST_STEP][PASSED] - dblFreqAnal = strVol.toDouble() / strFreq.toDouble() * strFreq.toDouble() * strFreq.toDouble() * 100000000: null

2024-01-22 17:45:02 - [TEST_STEP][PASSED] - strFreqAnal = String.format("%.4f", dblFreqAnal): null

2024-01-22 17:45:02 - [TEST_STEP][PASSED] - out.println("Double strFreqAnal: " + strFreqAnal): null

2024-01-22 17:45:02 - [TEST_STEP][PASSED] - strTanggal = d.format(DateTimeFormatter.ofPattern("yyyy-MM-dd")): null

2024-01-22 17:45:02 - [TEST_STEP][PASSED] - strTanggal = "#" + strTanggal + "#": null

2024-01-22 17:45:02 - [TEST_STEP][PASSED] - strSQL = "select count(*) as JumBaris from TblBrokSum where Nama = '" + strNama + "' and Tanggal = " + strTanggal + "": null

2024-01-22 17:45:02 - [TEST_STEP][PASSED] - resultSet = statement.executeQuery(strSQL): null

2024-01-22 17:45:02 - [TEST_STEP][PASSED] - resultSet.next(): null

2024-01-22 17:45:02 - [TEST_STEP][PASSED] - intJumBaris = resultSet.getInt("JumBaris"): null

2024-01-22 17:45:02 - [TEST_STEP][PASSED] - if (intJumBaris > 0): null

2024-01-22 17:45:02 - [TEST_STEP][PASSED] - else: null

2024-01-22 17:45:02 - [TEST_STEP][PASSED] - try: null

2024-01-22 17:45:02 - [TEST_STEP][PASSED] - out.println("Insert data"): null

2024-01-22 17:45:02 - [TEST_STEP][PASSED] - strSQL = "insert into TblBrokSum (nama, tanggal, top1, top2, top3, AllBrokAvg, AccDist, AvgRP, " + "Buyer1, BuyerVal1, BuyerAvg1, Seller1, SellerVal1, SellerAvg1, Buyer2, BuyerVal2, BuyerAvg2, " + "Seller2, SellerVal2, SellerAvg2, Buyer3, BuyerVal3, BuyerAvg3, Seller3, SellerVal3, SellerAvg3, NetVol, NetVal, " + "OpenPrice, LowPrice, HighPrice, ClosePrice, Volume, Change, Frekuensi, FrekAnal) " + "values ('" + strNama + "', " + strTanggal + ", '" + strTop1 + "', '" + strTop3 + "', '" + strTop5 + "', " + "'" + strAllBrokAvg + "', '" + strAccDist + "', " + intAvgRP + ", '" + strBuyer1 + "', '" + strBuyerVol1 + "', " + strBuyerAvg1 + ", " + "'" + strSeller1 + "', '" + strSellerVol1 + "', " + strSellerAvg1 + ", '" + strBuyer2 + "', '" + strBuyerVol2 + "', " + strBuyerAvg2 + ", " + "'" + strSeller2 + "', '" + strSellerVol2 + "', " + strSellerAvg2 + ", '" + strBuyer3 + "', '" + strBuyerVol3 + "', " + strBuyerAvg3 + ", " + "'" + strSeller3 + "', '" + strSellerVol3 + "', " + strSellerAvg3 + ", " + strNetVol + ", '" + strNetVal + "', " + "" + strOpenPrice + ", " + strLowPrice + ", " + strHighPrice + ", " + strClosePrice + ", '" + strVol + "', " + strChange + ", " + strFreq + ", " + strFreqAnal + ");": null

2024-01-22 17:45:02 - [TEST_STEP][PASSED] - out.println("strSQL = " + strSQL): null

2024-01-22 17:45:02 - [TEST_STEP][PASSED] - statement.executeUpdate(strSQL): null

2024-01-22 17:45:02 - [TEST_STEP][PASSED] - setValueToCellByIndex(sheet01, rowIndex, 4, "DONE"): null

2024-01-22 17:45:02 - [TEST_STEP][PASSED] - saveWorkbook(excelFilePath, workbook01): null

2024-01-22 17:45:02 - [TEST_STEP][PASSED] - waitForElementClickable(findTestObject("Stockbit/menu_Bandarmology"), 10): Object 'Object Repository/Stockbit/menu_Bandarmology' is clickable

2024-01-22 17:45:02 - [MESSAGE][PASSED] - Object 'Object Repository/Stockbit/menu_Bandarmology' is clickable

2024-01-22 17:45:02 - [TEST_STEP][PASSED] - click(findTestObject("Stockbit/menu_Bandarmology")): Object: 'Object Repository/Stockbit/menu_Bandarmology' is clicked on

2024-01-22 17:45:03 - [MESSAGE][PASSED] - Object: 'Object Repository/Stockbit/menu_Bandarmology' is clicked on

2024-01-22 17:45:03 - [TEST_STEP][PASSED] - strTemp = "NA": null

2024-01-22 17:45:03 - [TEST_STEP][PASSED] - if (getCellValueByIndex(sheet01, rowIndex, 4) != "DONE"): Object: 'Object Repository/Stockbit/menu_Bandarmology' is clicked on

2024-01-22 17:45:03 - [TEST_STEP][PASSED] - strNama = getCellValueByIndex(sheet01, rowIndex, 0): null

2024-01-22 17:45:03 - [TEST_STEP][PASSED] - navigateToUrl("https://stockbit.com/#/symbol/" + strNama): Navigate to 'https://stockbit.com/#/symbol/INET' successfully

2024-01-22 17:45:05 - [MESSAGE][PASSED] - Navigate to 'https://stockbit.com/#/symbol/INET' successfully

2024-01-22 17:45:05 - [TEST_STEP][PASSED] - waitForElementClickable(findTestObject("Stockbit/menu_Bandarmology"), 10): Object 'Object Repository/Stockbit/menu_Bandarmology' is clickable

2024-01-22 17:45:05 - [MESSAGE][PASSED] - Object 'Object Repository/Stockbit/menu_Bandarmology' is clickable

2024-01-22 17:45:05 - [TEST_STEP][PASSED] - click(findTestObject("Stockbit/menu_Bandarmology")): Object: 'Object Repository/Stockbit/menu_Bandarmology' is clicked on

2024-01-22 17:45:05 - [MESSAGE][PASSED] - Object: 'Object Repository/Stockbit/menu_Bandarmology' is clicked on

2024-01-22 17:45:05 - [TEST_STEP][PASSED] - strTanggal = d.format(DateTimeFormatter.ofPattern("MMM dd, yyyy")): null

2024-01-22 17:45:05 - [TEST_STEP][PASSED] - strTanggal = d.format(ISO_DATE): null

2024-01-22 17:45:05 - [TEST_STEP][PASSED] - out.println("strTanggal = " + strTanggal): null

2024-01-22 17:45:05 - [TEST_STEP][PASSED] - out.println("strNama = " + strNama): null

2024-01-22 17:45:05 - [TEST_STEP][PASSED] - out.println("Baris ke = " + rowIndex): null

2024-01-22 17:45:05 - [TEST_STEP][PASSED] - click(findTestObject("Stockbit/input__BandarmologyOpenStartDate")): Object: 'Object Repository/Stockbit/input__BandarmologyOpenStartDate' is clicked on

2024-01-22 17:45:07 - [MESSAGE][PASSED] - Object: 'Object Repository/Stockbit/input__BandarmologyOpenStartDate' is clicked on

2024-01-22 17:45:07 - [TEST_STEP][PASSED] - sendKeys(findTestObject("Stockbit/input__BandarmologyOpenStartDate"), Keys.chord(CONTROL, "a")): Keys 'CONTROL + a' sent to object: 'Object Repository/Stockbit/input__BandarmologyOpenStartDate'

2024-01-22 17:45:07 - [MESSAGE][PASSED] - Keys 'CONTROL + a' sent to object: 'Object Repository/Stockbit/input__BandarmologyOpenStartDate'

2024-01-22 17:45:07 - [TEST_STEP][PASSED] - sendKeys(findTestObject("Stockbit/input__BandarmologyOpenStartDate"), Keys.chord(BACK_SPACE)): Keys 'BACK_SPACE + ' sent to object: 'Object Repository/Stockbit/input__BandarmologyOpenStartDate'

2024-01-22 17:45:08 - [MESSAGE][PASSED] - Keys 'BACK_SPACE + ' sent to object: 'Object Repository/Stockbit/input__BandarmologyOpenStartDate'

2024-01-22 17:45:08 - [TEST_STEP][PASSED] - setText(findTestObject("Stockbit/input__BandarmologyOpenStartDate"), strTanggal): Text '2024-01-22' is set on object 'Object Repository/Stockbit/input__BandarmologyOpenStartDate'

2024-01-22 17:45:09 - [MESSAGE][PASSED] - Text '2024-01-22' is set on object 'Object Repository/Stockbit/input__BandarmologyOpenStartDate'

2024-01-22 17:45:09 - [TEST_STEP][PASSED] - sendKeys(findTestObject("Stockbit/input__BandarmologyOpenStartDate"), Keys.chord(ENTER)): Keys 'ENTER + ' sent to object: 'Object Repository/Stockbit/input__BandarmologyOpenStartDate'

2024-01-22 17:45:09 - [MESSAGE][PASSED] - Keys 'ENTER + ' sent to object: 'Object Repository/Stockbit/input__BandarmologyOpenStartDate'

2024-01-22 17:45:09 - [TEST_STEP][PASSED] - click(findTestObject("Stockbit/input__BandarmologyOpenEndDate")): Object: 'Object Repository/Stockbit/input__BandarmologyOpenEndDate' is clicked on

2024-01-22 17:45:09 - [MESSAGE][PASSED] - Object: 'Object Repository/Stockbit/input__BandarmologyOpenEndDate' is clicked on

2024-01-22 17:45:09 - [TEST_STEP][PASSED] - sendKeys(findTestObject("Stockbit/input__BandarmologyOpenEndDate"), Keys.chord(CONTROL, "a")): Keys 'CONTROL + a' sent to object: 'Object Repository/Stockbit/input__BandarmologyOpenEndDate'

2024-01-22 17:45:10 - [MESSAGE][PASSED] - Keys 'CONTROL + a' sent to object: 'Object Repository/Stockbit/input__BandarmologyOpenEndDate'

2024-01-22 17:45:10 - [TEST_STEP][PASSED] - sendKeys(findTestObject("Stockbit/input__BandarmologyOpenEndDate"), Keys.chord(BACK_SPACE)): Keys 'BACK_SPACE + ' sent to object: 'Object Repository/Stockbit/input__BandarmologyOpenEndDate'

2024-01-22 17:45:10 - [MESSAGE][PASSED] - Keys 'BACK_SPACE + ' sent to object: 'Object Repository/Stockbit/input__BandarmologyOpenEndDate'

2024-01-22 17:45:10 - [TEST_STEP][PASSED] - setText(findTestObject("Stockbit/input__BandarmologyOpenEndDate"), strTanggal): Text '2024-01-22' is set on object 'Object Repository/Stockbit/input__BandarmologyOpenEndDate'

2024-01-22 17:45:11 - [MESSAGE][PASSED] - Text '2024-01-22' is set on object 'Object Repository/Stockbit/input__BandarmologyOpenEndDate'

2024-01-22 17:45:11 - [TEST_STEP][PASSED] - sendKeys(findTestObject("Stockbit/input__BandarmologyOpenEndDate"), Keys.chord(ENTER)): Keys 'ENTER + ' sent to object: 'Object Repository/Stockbit/input__BandarmologyOpenEndDate'

2024-01-22 17:45:11 - [MESSAGE][PASSED] - Keys 'ENTER + ' sent to object: 'Object Repository/Stockbit/input__BandarmologyOpenEndDate'

2024-01-22 17:45:11 - [TEST_STEP][PASSED] - delay(2): Delayed 2 second(s)

2024-01-22 17:45:13 - [MESSAGE][PASSED] - Delayed 2 second(s)

2024-01-22 17:45:13 - [TEST_STEP][PASSED] - strTemp = getText(findTestObject("Stockbit/Bandarmology_AvgRP")): Text of object 'Object Repository/Stockbit/Bandarmology_AvgRP' is: '70'

2024-01-22 17:45:13 - [MESSAGE][PASSED] - Text of object 'Object Repository/Stockbit/Bandarmology_AvgRP' is: '70'

2024-01-22 17:45:13 - [TEST_STEP][PASSED] - out.println("Bandarmology_AvgRP = " + strTemp): null

2024-01-22 17:45:13 - [TEST_STEP][PASSED] - if (strTemp != "0"): null

2024-01-22 17:45:13 - [TEST_STEP][PASSED] - strTop1 = getText(findTestObject("Stockbit/Bandarmology_Top1")): Text of object 'Object Repository/Stockbit/Bandarmology_Top1' is: 'Big Dist'

2024-01-22 17:45:14 - [MESSAGE][PASSED] - Text of object 'Object Repository/Stockbit/Bandarmology_Top1' is: 'Big Dist'

2024-01-22 17:45:14 - [TEST_STEP][PASSED] - strTop3 = getText(findTestObject("Stockbit/Bandarmology_Top3")): Text of object 'Object Repository/Stockbit/Bandarmology_Top3' is: 'Big Dist'

2024-01-22 17:45:14 - [MESSAGE][PASSED] - Text of object 'Object Repository/Stockbit/Bandarmology_Top3' is: 'Big Dist'

2024-01-22 17:45:14 - [TEST_STEP][PASSED] - strTop5 = getText(findTestObject("Stockbit/Bandarmology_Top5")): Text of object 'Object Repository/Stockbit/Bandarmology_Top5' is: 'Normal Dist'

2024-01-22 17:45:14 - [MESSAGE][PASSED] - Text of object 'Object Repository/Stockbit/Bandarmology_Top5' is: 'Normal Dist'

2024-01-22 17:45:14 - [TEST_STEP][PASSED] - strAllBrokAvg = getText(findTestObject("Stockbit/Bandarmology_TopAVG")): Text of object 'Object Repository/Stockbit/Bandarmology_TopAVG' is: 'Big Dist'

2024-01-22 17:45:14 - [MESSAGE][PASSED] - Text of object 'Object Repository/Stockbit/Bandarmology_TopAVG' is: 'Big Dist'

2024-01-22 17:45:14 - [TEST_STEP][PASSED] - strTemp = getText(findTestObject("Stockbit/Bandarmology_AvgRP")): Text of object 'Object Repository/Stockbit/Bandarmology_AvgRP' is: '70'

2024-01-22 17:45:14 - [MESSAGE][PASSED] - Text of object 'Object Repository/Stockbit/Bandarmology_AvgRP' is: '70'

2024-01-22 17:45:14 - [TEST_STEP][PASSED] - if (strTemp.contains(",")): null

2024-01-22 17:45:14 - [TEST_STEP][PASSED] - intAvgRP = strTemp.toInteger(): null

2024-01-22 17:45:14 - [TEST_STEP][PASSED] - strBuyer1 = getText(findTestObject("Stockbit/Bandarmology_Buyer1")): Text of object 'Object Repository/Stockbit/Bandarmology_Buyer1' is: 'XL'

2024-01-22 17:45:14 - [MESSAGE][PASSED] - Text of object 'Object Repository/Stockbit/Bandarmology_Buyer1' is: 'XL'

2024-01-22 17:45:14 - [TEST_STEP][PASSED] - strBuyerVol1 = getText(findTestObject("Stockbit/Bandarmology_BuyerVol1")): Text of object 'Object Repository/Stockbit/Bandarmology_BuyerVol1' is: '29.2 K'

2024-01-22 17:45:14 - [MESSAGE][PASSED] - Text of object 'Object Repository/Stockbit/Bandarmology_BuyerVol1' is: '29.2 K'

2024-01-22 17:45:14 - [TEST_STEP][PASSED] - strBuyerAvg1 = getText(findTestObject("Stockbit/Bandarmology_BuyerAvg1")): Text of object 'Object Repository/Stockbit/Bandarmology_BuyerAvg1' is: '71'

2024-01-22 17:45:14 - [MESSAGE][PASSED] - Text of object 'Object Repository/Stockbit/Bandarmology_BuyerAvg1' is: '71'

2024-01-22 17:45:14 - [TEST_STEP][PASSED] - if (strBuyerAvg1.contains(",")): null

2024-01-22 17:45:14 - [TEST_STEP][PASSED] - if (strBuyerVol1.contains(" B")): null

2024-01-22 17:45:14 - [TEST_STEP][PASSED] - else if (strBuyerVol1.contains(" M")): null

2024-01-22 17:45:14 - [TEST_STEP][PASSED] - else if (strBuyerVol1.contains(" K")): null

2024-01-22 17:45:14 - [TEST_STEP][PASSED] - strBuyerVol1 = strBuyerVol1.replace(" K", ""): null

2024-01-22 17:45:14 - [TEST_STEP][PASSED] - strBuyerVol1 = strBuyerVol1.toDouble() * 1000: null

2024-01-22 17:45:14 - [TEST_STEP][PASSED] - strSeller1 = getText(findTestObject("Stockbit/Bandarmology_Seller1")): Text of object 'Object Repository/Stockbit/Bandarmology_Seller1' is: 'CC'

2024-01-22 17:45:14 - [MESSAGE][PASSED] - Text of object 'Object Repository/Stockbit/Bandarmology_Seller1' is: 'CC'

2024-01-22 17:45:14 - [TEST_STEP][PASSED] - strSellerVol1 = getText(findTestObject("Stockbit/Bandarmology_SellerVol1")): Text of object 'Object Repository/Stockbit/Bandarmology_SellerVol1' is: '64.6 K'

2024-01-22 17:45:15 - [MESSAGE][PASSED] - Text of object 'Object Repository/Stockbit/Bandarmology_SellerVol1' is: '64.6 K'

2024-01-22 17:45:15 - [TEST_STEP][PASSED] - strSellerAvg1 = getText(findTestObject("Stockbit/Bandarmology_SellerAvg1")): Text of object 'Object Repository/Stockbit/Bandarmology_SellerAvg1' is: '72'

2024-01-22 17:45:15 - [MESSAGE][PASSED] - Text of object 'Object Repository/Stockbit/Bandarmology_SellerAvg1' is: '72'

2024-01-22 17:45:15 - [TEST_STEP][PASSED] - if (strSellerAvg1.contains(",")): null

2024-01-22 17:45:15 - [TEST_STEP][PASSED] - if (strSellerVol1.contains(" B")): null

2024-01-22 17:45:15 - [TEST_STEP][PASSED] - else if (strSellerVol1.contains(" M")): null

2024-01-22 17:45:15 - [TEST_STEP][PASSED] - else if (strSellerVol1.contains(" K")): null

2024-01-22 17:45:15 - [TEST_STEP][PASSED] - strSellerVol1 = strSellerVol1.replace(" K", ""): null

2024-01-22 17:45:15 - [TEST_STEP][PASSED] - strSellerVol1 = strSellerVol1.toDouble() * 1000: null

2024-01-22 17:45:15 - [TEST_STEP][PASSED] - if (verifyElementNotPresent(findTestObject("Stockbit/Bandarmology_Buyer2"), 1, OPTIONAL)): Web element with id: 'Object Repository/Stockbit/Bandarmology_Buyer2' located by 'By.xpath: //*[contains(@id, 'rc-tabs-')]/div[2]/div/div/div/div/div/div[2]/table/tbody/tr[3]/td[1]/p' is present after '1' second(s) (Root cause: com.kms.katalon.core.exception.StepFailedException: Web element with id: 'Object Repository/Stockbit/Bandarmology_Buyer2' located by 'By.xpath: //*[contains(@id, 'rc-tabs-')]/div[2]/div/div/div/div/div/div[2]/table/tbody/tr[3]/td[1]/p' is present after '1' second(s)
	at com.kms.katalon.core.webui.keyword.internal.WebUIKeywordMain.stepFailed(WebUIKeywordMain.groovy:64)
	at com.kms.katalon.core.webui.keyword.internal.WebUIKeywordMain$stepFailed$0.call(Unknown Source)
	at com.kms.katalon.core.webui.keyword.builtin.VerifyElementNotPresentKeyword$_verifyElementNotPresent_closure1.doCall(VerifyElementNotPresentKeyword.groovy:106)
	at com.kms.katalon.core.webui.keyword.builtin.VerifyElementNotPresentKeyword$_verifyElementNotPresent_closure1.doCall(VerifyElementNotPresentKeyword.groovy)
	at com.kms.katalon.core.webui.keyword.internal.WebUIKeywordMain.runKeyword(WebUIKeywordMain.groovy:20)
	at com.kms.katalon.core.webui.keyword.internal.WebUIKeywordMain$runKeyword.call(Unknown Source)
	at com.kms.katalon.core.webui.keyword.builtin.VerifyElementNotPresentKeyword.verifyElementNotPresent(VerifyElementNotPresentKeyword.groovy:117)
	at com.kms.katalon.core.webui.keyword.builtin.VerifyElementNotPresentKeyword.execute(VerifyElementNotPresentKeyword.groovy:68)
	at com.kms.katalon.core.keyword.internal.KeywordExecutor.executeKeywordForPlatform(KeywordExecutor.groovy:74)
	at com.kms.katalon.core.webui.keyword.WebUiBuiltInKeywords.verifyElementNotPresent(WebUiBuiltInKeywords.groovy:1481)
	at com.kms.katalon.core.webui.keyword.WebUiBuiltInKeywords$verifyElementNotPresent$8.call(Unknown Source)
	at GetBrokSumPriceDaily.run(GetBrokSumPriceDaily:258)
	at com.kms.katalon.core.main.ScriptEngine.run(ScriptEngine.java:194)
	at com.kms.katalon.core.main.ScriptEngine.runScriptAsRawText(ScriptEngine.java:119)
	at com.kms.katalon.core.main.TestCaseExecutor.runScript(TestCaseExecutor.java:445)
	at com.kms.katalon.core.main.TestCaseExecutor.doExecute(TestCaseExecutor.java:436)
	at com.kms.katalon.core.main.TestCaseExecutor.processExecutionPhase(TestCaseExecutor.java:415)
	at com.kms.katalon.core.main.TestCaseExecutor.accessMainPhase(TestCaseExecutor.java:407)
	at com.kms.katalon.core.main.TestCaseExecutor.execute(TestCaseExecutor.java:284)
	at com.kms.katalon.core.common.CommonExecutor.accessTestCaseMainPhase(CommonExecutor.java:65)
	at com.kms.katalon.core.main.TestSuiteExecutor.accessTestSuiteMainPhase(TestSuiteExecutor.java:144)
	at com.kms.katalon.core.main.TestSuiteExecutor.execute(TestSuiteExecutor.java:106)
	at com.kms.katalon.core.main.TestCaseMain.startTestSuite(TestCaseMain.java:185)
	at com.kms.katalon.core.main.TestCaseMain$startTestSuite$0.call(Unknown Source)
	at TempTestSuite1705920083951.run(TempTestSuite1705920083951.groovy:36)
)

2024-01-22 17:45:16 - [MESSAGE][WARNING] - Web element with id: 'Object Repository/Stockbit/Bandarmology_Buyer2' located by 'By.xpath: //*[contains(@id, 'rc-tabs-')]/div[2]/div/div/div/div/div/div[2]/table/tbody/tr[3]/td[1]/p' is present after '1' second(s) (Root cause: com.kms.katalon.core.exception.StepFailedException: Web element with id: 'Object Repository/Stockbit/Bandarmology_Buyer2' located by 'By.xpath: //*[contains(@id, 'rc-tabs-')]/div[2]/div/div/div/div/div/div[2]/table/tbody/tr[3]/td[1]/p' is present after '1' second(s)
	at com.kms.katalon.core.webui.keyword.internal.WebUIKeywordMain.stepFailed(WebUIKeywordMain.groovy:64)
	at com.kms.katalon.core.webui.keyword.internal.WebUIKeywordMain$stepFailed$0.call(Unknown Source)
	at com.kms.katalon.core.webui.keyword.builtin.VerifyElementNotPresentKeyword$_verifyElementNotPresent_closure1.doCall(VerifyElementNotPresentKeyword.groovy:106)
	at com.kms.katalon.core.webui.keyword.builtin.VerifyElementNotPresentKeyword$_verifyElementNotPresent_closure1.doCall(VerifyElementNotPresentKeyword.groovy)
	at com.kms.katalon.core.webui.keyword.internal.WebUIKeywordMain.runKeyword(WebUIKeywordMain.groovy:20)
	at com.kms.katalon.core.webui.keyword.internal.WebUIKeywordMain$runKeyword.call(Unknown Source)
	at com.kms.katalon.core.webui.keyword.builtin.VerifyElementNotPresentKeyword.verifyElementNotPresent(VerifyElementNotPresentKeyword.groovy:117)
	at com.kms.katalon.core.webui.keyword.builtin.VerifyElementNotPresentKeyword.execute(VerifyElementNotPresentKeyword.groovy:68)
	at com.kms.katalon.core.keyword.internal.KeywordExecutor.executeKeywordForPlatform(KeywordExecutor.groovy:74)
	at com.kms.katalon.core.webui.keyword.WebUiBuiltInKeywords.verifyElementNotPresent(WebUiBuiltInKeywords.groovy:1481)
	at com.kms.katalon.core.webui.keyword.WebUiBuiltInKeywords$verifyElementNotPresent$8.call(Unknown Source)
	at GetBrokSumPriceDaily.run(GetBrokSumPriceDaily:258)
	at com.kms.katalon.core.main.ScriptEngine.run(ScriptEngine.java:194)
	at com.kms.katalon.core.main.ScriptEngine.runScriptAsRawText(ScriptEngine.java:119)
	at com.kms.katalon.core.main.TestCaseExecutor.runScript(TestCaseExecutor.java:445)
	at com.kms.katalon.core.main.TestCaseExecutor.doExecute(TestCaseExecutor.java:436)
	at com.kms.katalon.core.main.TestCaseExecutor.processExecutionPhase(TestCaseExecutor.java:415)
	at com.kms.katalon.core.main.TestCaseExecutor.accessMainPhase(TestCaseExecutor.java:407)
	at com.kms.katalon.core.main.TestCaseExecutor.execute(TestCaseExecutor.java:284)
	at com.kms.katalon.core.common.CommonExecutor.accessTestCaseMainPhase(CommonExecutor.java:65)
	at com.kms.katalon.core.main.TestSuiteExecutor.accessTestSuiteMainPhase(TestSuiteExecutor.java:144)
	at com.kms.katalon.core.main.TestSuiteExecutor.execute(TestSuiteExecutor.java:106)
	at com.kms.katalon.core.main.TestCaseMain.startTestSuite(TestCaseMain.java:185)
	at com.kms.katalon.core.main.TestCaseMain$startTestSuite$0.call(Unknown Source)
	at TempTestSuite1705920083951.run(TempTestSuite1705920083951.groovy:36)
)
[[ATTACHMENT|C:\\Users\\Fadli\\git\\KatalonDailyGetData2\\Reports\\20240122_174123\\TS1\\20240122_174123\\1705920316385.png]]

2024-01-22 17:45:16 - [TEST_STEP][PASSED] - else: null

2024-01-22 17:45:16 - [TEST_STEP][PASSED] - strBuyer2 = getText(findTestObject("Stockbit/Bandarmology_Buyer2")): Text of object 'Object Repository/Stockbit/Bandarmology_Buyer2' is: 'KK'

2024-01-22 17:45:16 - [MESSAGE][PASSED] - Text of object 'Object Repository/Stockbit/Bandarmology_Buyer2' is: 'KK'

2024-01-22 17:45:16 - [TEST_STEP][PASSED] - strBuyerVol2 = getText(findTestObject("Stockbit/Bandarmology_BuyerVol2")): Text of object 'Object Repository/Stockbit/Bandarmology_BuyerVol2' is: '19.2 K'

2024-01-22 17:45:16 - [MESSAGE][PASSED] - Text of object 'Object Repository/Stockbit/Bandarmology_BuyerVol2' is: '19.2 K'

2024-01-22 17:45:16 - [TEST_STEP][PASSED] - strBuyerAvg2 = getText(findTestObject("Stockbit/Bandarmology_BuyerAvg2")): Text of object 'Object Repository/Stockbit/Bandarmology_BuyerAvg2' is: '71'

2024-01-22 17:45:16 - [MESSAGE][PASSED] - Text of object 'Object Repository/Stockbit/Bandarmology_BuyerAvg2' is: '71'

2024-01-22 17:45:16 - [TEST_STEP][PASSED] - if (strBuyer2 != ""): null

2024-01-22 17:45:16 - [TEST_STEP][PASSED] - if (strBuyerAvg2.contains(",")): null

2024-01-22 17:45:16 - [TEST_STEP][PASSED] - if (strBuyerVol2.contains(" B")): null

2024-01-22 17:45:16 - [TEST_STEP][PASSED] - else if (strBuyerVol2.contains(" M")): null

2024-01-22 17:45:16 - [TEST_STEP][PASSED] - else if (strBuyerVol2.contains(" K")): null

2024-01-22 17:45:16 - [TEST_STEP][PASSED] - strBuyerVol2 = strBuyerVol2.replace(" K", ""): null

2024-01-22 17:45:16 - [TEST_STEP][PASSED] - strBuyerVol2 = strBuyerVol2.toDouble() * 1000: null

2024-01-22 17:45:16 - [TEST_STEP][PASSED] - if (strBuyerVol2.contains(".")): null

2024-01-22 17:45:16 - [TEST_STEP][PASSED] - strBuyerVal2 = strBuyerVol2.replace(".", ""): null

2024-01-22 17:45:16 - [TEST_STEP][PASSED] - if (verifyElementNotPresent(findTestObject("Stockbit/Bandarmology_Seller2"), 1, OPTIONAL)): Web element with id: 'Object Repository/Stockbit/Bandarmology_Seller2' located by 'By.xpath: //*[contains(@id, 'rc-tabs-')]/div[2]/div/div/div/div/div/div[2]/table/tbody/tr[3]/td[5]/p' is present after '1' second(s) (Root cause: com.kms.katalon.core.exception.StepFailedException: Web element with id: 'Object Repository/Stockbit/Bandarmology_Seller2' located by 'By.xpath: //*[contains(@id, 'rc-tabs-')]/div[2]/div/div/div/div/div/div[2]/table/tbody/tr[3]/td[5]/p' is present after '1' second(s)
	at com.kms.katalon.core.webui.keyword.internal.WebUIKeywordMain.stepFailed(WebUIKeywordMain.groovy:64)
	at com.kms.katalon.core.webui.keyword.internal.WebUIKeywordMain$stepFailed$0.call(Unknown Source)
	at com.kms.katalon.core.webui.keyword.builtin.VerifyElementNotPresentKeyword$_verifyElementNotPresent_closure1.doCall(VerifyElementNotPresentKeyword.groovy:106)
	at com.kms.katalon.core.webui.keyword.builtin.VerifyElementNotPresentKeyword$_verifyElementNotPresent_closure1.doCall(VerifyElementNotPresentKeyword.groovy)
	at com.kms.katalon.core.webui.keyword.internal.WebUIKeywordMain.runKeyword(WebUIKeywordMain.groovy:20)
	at com.kms.katalon.core.webui.keyword.internal.WebUIKeywordMain$runKeyword.call(Unknown Source)
	at com.kms.katalon.core.webui.keyword.builtin.VerifyElementNotPresentKeyword.verifyElementNotPresent(VerifyElementNotPresentKeyword.groovy:117)
	at com.kms.katalon.core.webui.keyword.builtin.VerifyElementNotPresentKeyword.execute(VerifyElementNotPresentKeyword.groovy:68)
	at com.kms.katalon.core.keyword.internal.KeywordExecutor.executeKeywordForPlatform(KeywordExecutor.groovy:74)
	at com.kms.katalon.core.webui.keyword.WebUiBuiltInKeywords.verifyElementNotPresent(WebUiBuiltInKeywords.groovy:1481)
	at com.kms.katalon.core.webui.keyword.WebUiBuiltInKeywords$verifyElementNotPresent$8.call(Unknown Source)
	at GetBrokSumPriceDaily.run(GetBrokSumPriceDaily:309)
	at com.kms.katalon.core.main.ScriptEngine.run(ScriptEngine.java:194)
	at com.kms.katalon.core.main.ScriptEngine.runScriptAsRawText(ScriptEngine.java:119)
	at com.kms.katalon.core.main.TestCaseExecutor.runScript(TestCaseExecutor.java:445)
	at com.kms.katalon.core.main.TestCaseExecutor.doExecute(TestCaseExecutor.java:436)
	at com.kms.katalon.core.main.TestCaseExecutor.processExecutionPhase(TestCaseExecutor.java:415)
	at com.kms.katalon.core.main.TestCaseExecutor.accessMainPhase(TestCaseExecutor.java:407)
	at com.kms.katalon.core.main.TestCaseExecutor.execute(TestCaseExecutor.java:284)
	at com.kms.katalon.core.common.CommonExecutor.accessTestCaseMainPhase(CommonExecutor.java:65)
	at com.kms.katalon.core.main.TestSuiteExecutor.accessTestSuiteMainPhase(TestSuiteExecutor.java:144)
	at com.kms.katalon.core.main.TestSuiteExecutor.execute(TestSuiteExecutor.java:106)
	at com.kms.katalon.core.main.TestCaseMain.startTestSuite(TestCaseMain.java:185)
	at com.kms.katalon.core.main.TestCaseMain$startTestSuite$0.call(Unknown Source)
	at TempTestSuite1705920083951.run(TempTestSuite1705920083951.groovy:36)
)

2024-01-22 17:45:18 - [MESSAGE][WARNING] - Web element with id: 'Object Repository/Stockbit/Bandarmology_Seller2' located by 'By.xpath: //*[contains(@id, 'rc-tabs-')]/div[2]/div/div/div/div/div/div[2]/table/tbody/tr[3]/td[5]/p' is present after '1' second(s) (Root cause: com.kms.katalon.core.exception.StepFailedException: Web element with id: 'Object Repository/Stockbit/Bandarmology_Seller2' located by 'By.xpath: //*[contains(@id, 'rc-tabs-')]/div[2]/div/div/div/div/div/div[2]/table/tbody/tr[3]/td[5]/p' is present after '1' second(s)
	at com.kms.katalon.core.webui.keyword.internal.WebUIKeywordMain.stepFailed(WebUIKeywordMain.groovy:64)
	at com.kms.katalon.core.webui.keyword.internal.WebUIKeywordMain$stepFailed$0.call(Unknown Source)
	at com.kms.katalon.core.webui.keyword.builtin.VerifyElementNotPresentKeyword$_verifyElementNotPresent_closure1.doCall(VerifyElementNotPresentKeyword.groovy:106)
	at com.kms.katalon.core.webui.keyword.builtin.VerifyElementNotPresentKeyword$_verifyElementNotPresent_closure1.doCall(VerifyElementNotPresentKeyword.groovy)
	at com.kms.katalon.core.webui.keyword.internal.WebUIKeywordMain.runKeyword(WebUIKeywordMain.groovy:20)
	at com.kms.katalon.core.webui.keyword.internal.WebUIKeywordMain$runKeyword.call(Unknown Source)
	at com.kms.katalon.core.webui.keyword.builtin.VerifyElementNotPresentKeyword.verifyElementNotPresent(VerifyElementNotPresentKeyword.groovy:117)
	at com.kms.katalon.core.webui.keyword.builtin.VerifyElementNotPresentKeyword.execute(VerifyElementNotPresentKeyword.groovy:68)
	at com.kms.katalon.core.keyword.internal.KeywordExecutor.executeKeywordForPlatform(KeywordExecutor.groovy:74)
	at com.kms.katalon.core.webui.keyword.WebUiBuiltInKeywords.verifyElementNotPresent(WebUiBuiltInKeywords.groovy:1481)
	at com.kms.katalon.core.webui.keyword.WebUiBuiltInKeywords$verifyElementNotPresent$8.call(Unknown Source)
	at GetBrokSumPriceDaily.run(GetBrokSumPriceDaily:309)
	at com.kms.katalon.core.main.ScriptEngine.run(ScriptEngine.java:194)
	at com.kms.katalon.core.main.ScriptEngine.runScriptAsRawText(ScriptEngine.java:119)
	at com.kms.katalon.core.main.TestCaseExecutor.runScript(TestCaseExecutor.java:445)
	at com.kms.katalon.core.main.TestCaseExecutor.doExecute(TestCaseExecutor.java:436)
	at com.kms.katalon.core.main.TestCaseExecutor.processExecutionPhase(TestCaseExecutor.java:415)
	at com.kms.katalon.core.main.TestCaseExecutor.accessMainPhase(TestCaseExecutor.java:407)
	at com.kms.katalon.core.main.TestCaseExecutor.execute(TestCaseExecutor.java:284)
	at com.kms.katalon.core.common.CommonExecutor.accessTestCaseMainPhase(CommonExecutor.java:65)
	at com.kms.katalon.core.main.TestSuiteExecutor.accessTestSuiteMainPhase(TestSuiteExecutor.java:144)
	at com.kms.katalon.core.main.TestSuiteExecutor.execute(TestSuiteExecutor.java:106)
	at com.kms.katalon.core.main.TestCaseMain.startTestSuite(TestCaseMain.java:185)
	at com.kms.katalon.core.main.TestCaseMain$startTestSuite$0.call(Unknown Source)
	at TempTestSuite1705920083951.run(TempTestSuite1705920083951.groovy:36)
)
[[ATTACHMENT|C:\\Users\\Fadli\\git\\KatalonDailyGetData2\\Reports\\20240122_174123\\TS1\\20240122_174123\\1705920318098.png]]

2024-01-22 17:45:18 - [TEST_STEP][PASSED] - else: null

2024-01-22 17:45:18 - [TEST_STEP][PASSED] - strSeller2 = getText(findTestObject("Stockbit/Bandarmology_Seller2")): Text of object 'Object Repository/Stockbit/Bandarmology_Seller2' is: 'YB'

2024-01-22 17:45:18 - [MESSAGE][PASSED] - Text of object 'Object Repository/Stockbit/Bandarmology_Seller2' is: 'YB'

2024-01-22 17:45:18 - [TEST_STEP][PASSED] - strSellerVol2 = getText(findTestObject("Stockbit/Bandarmology_SellerVol2")): Text of object 'Object Repository/Stockbit/Bandarmology_SellerVol2' is: '26.9 K'

2024-01-22 17:45:18 - [MESSAGE][PASSED] - Text of object 'Object Repository/Stockbit/Bandarmology_SellerVol2' is: '26.9 K'

2024-01-22 17:45:18 - [TEST_STEP][PASSED] - strSellerAvg2 = getText(findTestObject("Stockbit/Bandarmology_SellerAvg2")): Text of object 'Object Repository/Stockbit/Bandarmology_SellerAvg2' is: '72'

2024-01-22 17:45:18 - [MESSAGE][PASSED] - Text of object 'Object Repository/Stockbit/Bandarmology_SellerAvg2' is: '72'

2024-01-22 17:45:18 - [TEST_STEP][PASSED] - if (strSeller2 != ""): null

2024-01-22 17:45:18 - [TEST_STEP][PASSED] - if (strSellerAvg2.contains(",")): null

2024-01-22 17:45:18 - [TEST_STEP][PASSED] - if (strSellerVol2.contains(" B")): null

2024-01-22 17:45:18 - [TEST_STEP][PASSED] - else if (strSellerVol2.contains(" M")): null

2024-01-22 17:45:18 - [TEST_STEP][PASSED] - else if (strSellerVol2.contains(" K")): null

2024-01-22 17:45:18 - [TEST_STEP][PASSED] - strSellerVol2 = strSellerVol2.replace(" K", ""): null

2024-01-22 17:45:18 - [TEST_STEP][PASSED] - strSellerVol2 = strSellerVol2.toDouble() * 1000: null

2024-01-22 17:45:18 - [TEST_STEP][PASSED] - if (verifyElementNotPresent(findTestObject("Stockbit/Bandarmology_Buyer3"), 1, OPTIONAL)): Web element with id: 'Object Repository/Stockbit/Bandarmology_Buyer3' located by 'By.xpath: //*[contains(@id, 'rc-tabs-')]/div[2]/div/div/div/div/div/div[2]/table/tbody/tr[4]/td[1]/p' is present after '1' second(s) (Root cause: com.kms.katalon.core.exception.StepFailedException: Web element with id: 'Object Repository/Stockbit/Bandarmology_Buyer3' located by 'By.xpath: //*[contains(@id, 'rc-tabs-')]/div[2]/div/div/div/div/div/div[2]/table/tbody/tr[4]/td[1]/p' is present after '1' second(s)
	at com.kms.katalon.core.webui.keyword.internal.WebUIKeywordMain.stepFailed(WebUIKeywordMain.groovy:64)
	at com.kms.katalon.core.webui.keyword.internal.WebUIKeywordMain$stepFailed$0.call(Unknown Source)
	at com.kms.katalon.core.webui.keyword.builtin.VerifyElementNotPresentKeyword$_verifyElementNotPresent_closure1.doCall(VerifyElementNotPresentKeyword.groovy:106)
	at com.kms.katalon.core.webui.keyword.builtin.VerifyElementNotPresentKeyword$_verifyElementNotPresent_closure1.doCall(VerifyElementNotPresentKeyword.groovy)
	at com.kms.katalon.core.webui.keyword.internal.WebUIKeywordMain.runKeyword(WebUIKeywordMain.groovy:20)
	at com.kms.katalon.core.webui.keyword.internal.WebUIKeywordMain$runKeyword.call(Unknown Source)
	at com.kms.katalon.core.webui.keyword.builtin.VerifyElementNotPresentKeyword.verifyElementNotPresent(VerifyElementNotPresentKeyword.groovy:117)
	at com.kms.katalon.core.webui.keyword.builtin.VerifyElementNotPresentKeyword.execute(VerifyElementNotPresentKeyword.groovy:68)
	at com.kms.katalon.core.keyword.internal.KeywordExecutor.executeKeywordForPlatform(KeywordExecutor.groovy:74)
	at com.kms.katalon.core.webui.keyword.WebUiBuiltInKeywords.verifyElementNotPresent(WebUiBuiltInKeywords.groovy:1481)
	at com.kms.katalon.core.webui.keyword.WebUiBuiltInKeywords$verifyElementNotPresent$8.call(Unknown Source)
	at GetBrokSumPriceDaily.run(GetBrokSumPriceDaily:361)
	at com.kms.katalon.core.main.ScriptEngine.run(ScriptEngine.java:194)
	at com.kms.katalon.core.main.ScriptEngine.runScriptAsRawText(ScriptEngine.java:119)
	at com.kms.katalon.core.main.TestCaseExecutor.runScript(TestCaseExecutor.java:445)
	at com.kms.katalon.core.main.TestCaseExecutor.doExecute(TestCaseExecutor.java:436)
	at com.kms.katalon.core.main.TestCaseExecutor.processExecutionPhase(TestCaseExecutor.java:415)
	at com.kms.katalon.core.main.TestCaseExecutor.accessMainPhase(TestCaseExecutor.java:407)
	at com.kms.katalon.core.main.TestCaseExecutor.execute(TestCaseExecutor.java:284)
	at com.kms.katalon.core.common.CommonExecutor.accessTestCaseMainPhase(CommonExecutor.java:65)
	at com.kms.katalon.core.main.TestSuiteExecutor.accessTestSuiteMainPhase(TestSuiteExecutor.java:144)
	at com.kms.katalon.core.main.TestSuiteExecutor.execute(TestSuiteExecutor.java:106)
	at com.kms.katalon.core.main.TestCaseMain.startTestSuite(TestCaseMain.java:185)
	at com.kms.katalon.core.main.TestCaseMain$startTestSuite$0.call(Unknown Source)
	at TempTestSuite1705920083951.run(TempTestSuite1705920083951.groovy:36)
)

2024-01-22 17:45:20 - [MESSAGE][WARNING] - Web element with id: 'Object Repository/Stockbit/Bandarmology_Buyer3' located by 'By.xpath: //*[contains(@id, 'rc-tabs-')]/div[2]/div/div/div/div/div/div[2]/table/tbody/tr[4]/td[1]/p' is present after '1' second(s) (Root cause: com.kms.katalon.core.exception.StepFailedException: Web element with id: 'Object Repository/Stockbit/Bandarmology_Buyer3' located by 'By.xpath: //*[contains(@id, 'rc-tabs-')]/div[2]/div/div/div/div/div/div[2]/table/tbody/tr[4]/td[1]/p' is present after '1' second(s)
	at com.kms.katalon.core.webui.keyword.internal.WebUIKeywordMain.stepFailed(WebUIKeywordMain.groovy:64)
	at com.kms.katalon.core.webui.keyword.internal.WebUIKeywordMain$stepFailed$0.call(Unknown Source)
	at com.kms.katalon.core.webui.keyword.builtin.VerifyElementNotPresentKeyword$_verifyElementNotPresent_closure1.doCall(VerifyElementNotPresentKeyword.groovy:106)
	at com.kms.katalon.core.webui.keyword.builtin.VerifyElementNotPresentKeyword$_verifyElementNotPresent_closure1.doCall(VerifyElementNotPresentKeyword.groovy)
	at com.kms.katalon.core.webui.keyword.internal.WebUIKeywordMain.runKeyword(WebUIKeywordMain.groovy:20)
	at com.kms.katalon.core.webui.keyword.internal.WebUIKeywordMain$runKeyword.call(Unknown Source)
	at com.kms.katalon.core.webui.keyword.builtin.VerifyElementNotPresentKeyword.verifyElementNotPresent(VerifyElementNotPresentKeyword.groovy:117)
	at com.kms.katalon.core.webui.keyword.builtin.VerifyElementNotPresentKeyword.execute(VerifyElementNotPresentKeyword.groovy:68)
	at com.kms.katalon.core.keyword.internal.KeywordExecutor.executeKeywordForPlatform(KeywordExecutor.groovy:74)
	at com.kms.katalon.core.webui.keyword.WebUiBuiltInKeywords.verifyElementNotPresent(WebUiBuiltInKeywords.groovy:1481)
	at com.kms.katalon.core.webui.keyword.WebUiBuiltInKeywords$verifyElementNotPresent$8.call(Unknown Source)
	at GetBrokSumPriceDaily.run(GetBrokSumPriceDaily:361)
	at com.kms.katalon.core.main.ScriptEngine.run(ScriptEngine.java:194)
	at com.kms.katalon.core.main.ScriptEngine.runScriptAsRawText(ScriptEngine.java:119)
	at com.kms.katalon.core.main.TestCaseExecutor.runScript(TestCaseExecutor.java:445)
	at com.kms.katalon.core.main.TestCaseExecutor.doExecute(TestCaseExecutor.java:436)
	at com.kms.katalon.core.main.TestCaseExecutor.processExecutionPhase(TestCaseExecutor.java:415)
	at com.kms.katalon.core.main.TestCaseExecutor.accessMainPhase(TestCaseExecutor.java:407)
	at com.kms.katalon.core.main.TestCaseExecutor.execute(TestCaseExecutor.java:284)
	at com.kms.katalon.core.common.CommonExecutor.accessTestCaseMainPhase(CommonExecutor.java:65)
	at com.kms.katalon.core.main.TestSuiteExecutor.accessTestSuiteMainPhase(TestSuiteExecutor.java:144)
	at com.kms.katalon.core.main.TestSuiteExecutor.execute(TestSuiteExecutor.java:106)
	at com.kms.katalon.core.main.TestCaseMain.startTestSuite(TestCaseMain.java:185)
	at com.kms.katalon.core.main.TestCaseMain$startTestSuite$0.call(Unknown Source)
	at TempTestSuite1705920083951.run(TempTestSuite1705920083951.groovy:36)
)
[[ATTACHMENT|C:\\Users\\Fadli\\git\\KatalonDailyGetData2\\Reports\\20240122_174123\\TS1\\20240122_174123\\1705920319865.png]]

2024-01-22 17:45:20 - [TEST_STEP][PASSED] - else: null

2024-01-22 17:45:20 - [TEST_STEP][PASSED] - strBuyer3 = getText(findTestObject("Stockbit/Bandarmology_Buyer3")): Text of object 'Object Repository/Stockbit/Bandarmology_Buyer3' is: 'XC'

2024-01-22 17:45:20 - [MESSAGE][PASSED] - Text of object 'Object Repository/Stockbit/Bandarmology_Buyer3' is: 'XC'

2024-01-22 17:45:20 - [TEST_STEP][PASSED] - strBuyerVol3 = getText(findTestObject("Stockbit/Bandarmology_BuyerVol3")): Text of object 'Object Repository/Stockbit/Bandarmology_BuyerVol3' is: '14.2 K'

2024-01-22 17:45:20 - [MESSAGE][PASSED] - Text of object 'Object Repository/Stockbit/Bandarmology_BuyerVol3' is: '14.2 K'

2024-01-22 17:45:20 - [TEST_STEP][PASSED] - strBuyerAvg3 = getText(findTestObject("Stockbit/Bandarmology_BuyerAvg3")): Text of object 'Object Repository/Stockbit/Bandarmology_BuyerAvg3' is: '71'

2024-01-22 17:45:20 - [MESSAGE][PASSED] - Text of object 'Object Repository/Stockbit/Bandarmology_BuyerAvg3' is: '71'

2024-01-22 17:45:20 - [TEST_STEP][PASSED] - if (strBuyer3 != ""): null

2024-01-22 17:45:20 - [TEST_STEP][PASSED] - if (strBuyerAvg3.contains(",")): null

2024-01-22 17:45:20 - [TEST_STEP][PASSED] - if (strBuyerVol3.contains(" B")): null

2024-01-22 17:45:20 - [TEST_STEP][PASSED] - else if (strBuyerVol3.contains(" M")): null

2024-01-22 17:45:20 - [TEST_STEP][PASSED] - else if (strBuyerVol3.contains(" K")): null

2024-01-22 17:45:20 - [TEST_STEP][PASSED] - strBuyerVol3 = strBuyerVol3.replace(" K", ""): null

2024-01-22 17:45:20 - [TEST_STEP][PASSED] - strBuyerVol3 = strBuyerVol3.toDouble() * 1000: null

2024-01-22 17:45:20 - [TEST_STEP][PASSED] - if (verifyElementNotPresent(findTestObject("Stockbit/Bandarmology_Seller3"), 1, OPTIONAL)): Web element with id: 'Object Repository/Stockbit/Bandarmology_Seller3' located by 'By.xpath: //*[contains(@id, 'rc-tabs-')]/div[2]/div/div/div/div/div/div[2]/table/tbody/tr[4]/td[5]/p' is present after '1' second(s) (Root cause: com.kms.katalon.core.exception.StepFailedException: Web element with id: 'Object Repository/Stockbit/Bandarmology_Seller3' located by 'By.xpath: //*[contains(@id, 'rc-tabs-')]/div[2]/div/div/div/div/div/div[2]/table/tbody/tr[4]/td[5]/p' is present after '1' second(s)
	at com.kms.katalon.core.webui.keyword.internal.WebUIKeywordMain.stepFailed(WebUIKeywordMain.groovy:64)
	at com.kms.katalon.core.webui.keyword.internal.WebUIKeywordMain$stepFailed$0.call(Unknown Source)
	at com.kms.katalon.core.webui.keyword.builtin.VerifyElementNotPresentKeyword$_verifyElementNotPresent_closure1.doCall(VerifyElementNotPresentKeyword.groovy:106)
	at com.kms.katalon.core.webui.keyword.builtin.VerifyElementNotPresentKeyword$_verifyElementNotPresent_closure1.doCall(VerifyElementNotPresentKeyword.groovy)
	at com.kms.katalon.core.webui.keyword.internal.WebUIKeywordMain.runKeyword(WebUIKeywordMain.groovy:20)
	at com.kms.katalon.core.webui.keyword.internal.WebUIKeywordMain$runKeyword.call(Unknown Source)
	at com.kms.katalon.core.webui.keyword.builtin.VerifyElementNotPresentKeyword.verifyElementNotPresent(VerifyElementNotPresentKeyword.groovy:117)
	at com.kms.katalon.core.webui.keyword.builtin.VerifyElementNotPresentKeyword.execute(VerifyElementNotPresentKeyword.groovy:68)
	at com.kms.katalon.core.keyword.internal.KeywordExecutor.executeKeywordForPlatform(KeywordExecutor.groovy:74)
	at com.kms.katalon.core.webui.keyword.WebUiBuiltInKeywords.verifyElementNotPresent(WebUiBuiltInKeywords.groovy:1481)
	at com.kms.katalon.core.webui.keyword.WebUiBuiltInKeywords$verifyElementNotPresent$8.call(Unknown Source)
	at GetBrokSumPriceDaily.run(GetBrokSumPriceDaily:414)
	at com.kms.katalon.core.main.ScriptEngine.run(ScriptEngine.java:194)
	at com.kms.katalon.core.main.ScriptEngine.runScriptAsRawText(ScriptEngine.java:119)
	at com.kms.katalon.core.main.TestCaseExecutor.runScript(TestCaseExecutor.java:445)
	at com.kms.katalon.core.main.TestCaseExecutor.doExecute(TestCaseExecutor.java:436)
	at com.kms.katalon.core.main.TestCaseExecutor.processExecutionPhase(TestCaseExecutor.java:415)
	at com.kms.katalon.core.main.TestCaseExecutor.accessMainPhase(TestCaseExecutor.java:407)
	at com.kms.katalon.core.main.TestCaseExecutor.execute(TestCaseExecutor.java:284)
	at com.kms.katalon.core.common.CommonExecutor.accessTestCaseMainPhase(CommonExecutor.java:65)
	at com.kms.katalon.core.main.TestSuiteExecutor.accessTestSuiteMainPhase(TestSuiteExecutor.java:144)
	at com.kms.katalon.core.main.TestSuiteExecutor.execute(TestSuiteExecutor.java:106)
	at com.kms.katalon.core.main.TestCaseMain.startTestSuite(TestCaseMain.java:185)
	at com.kms.katalon.core.main.TestCaseMain$startTestSuite$0.call(Unknown Source)
	at TempTestSuite1705920083951.run(TempTestSuite1705920083951.groovy:36)
)

2024-01-22 17:45:21 - [MESSAGE][WARNING] - Web element with id: 'Object Repository/Stockbit/Bandarmology_Seller3' located by 'By.xpath: //*[contains(@id, 'rc-tabs-')]/div[2]/div/div/div/div/div/div[2]/table/tbody/tr[4]/td[5]/p' is present after '1' second(s) (Root cause: com.kms.katalon.core.exception.StepFailedException: Web element with id: 'Object Repository/Stockbit/Bandarmology_Seller3' located by 'By.xpath: //*[contains(@id, 'rc-tabs-')]/div[2]/div/div/div/div/div/div[2]/table/tbody/tr[4]/td[5]/p' is present after '1' second(s)
	at com.kms.katalon.core.webui.keyword.internal.WebUIKeywordMain.stepFailed(WebUIKeywordMain.groovy:64)
	at com.kms.katalon.core.webui.keyword.internal.WebUIKeywordMain$stepFailed$0.call(Unknown Source)
	at com.kms.katalon.core.webui.keyword.builtin.VerifyElementNotPresentKeyword$_verifyElementNotPresent_closure1.doCall(VerifyElementNotPresentKeyword.groovy:106)
	at com.kms.katalon.core.webui.keyword.builtin.VerifyElementNotPresentKeyword$_verifyElementNotPresent_closure1.doCall(VerifyElementNotPresentKeyword.groovy)
	at com.kms.katalon.core.webui.keyword.internal.WebUIKeywordMain.runKeyword(WebUIKeywordMain.groovy:20)
	at com.kms.katalon.core.webui.keyword.internal.WebUIKeywordMain$runKeyword.call(Unknown Source)
	at com.kms.katalon.core.webui.keyword.builtin.VerifyElementNotPresentKeyword.verifyElementNotPresent(VerifyElementNotPresentKeyword.groovy:117)
	at com.kms.katalon.core.webui.keyword.builtin.VerifyElementNotPresentKeyword.execute(VerifyElementNotPresentKeyword.groovy:68)
	at com.kms.katalon.core.keyword.internal.KeywordExecutor.executeKeywordForPlatform(KeywordExecutor.groovy:74)
	at com.kms.katalon.core.webui.keyword.WebUiBuiltInKeywords.verifyElementNotPresent(WebUiBuiltInKeywords.groovy:1481)
	at com.kms.katalon.core.webui.keyword.WebUiBuiltInKeywords$verifyElementNotPresent$8.call(Unknown Source)
	at GetBrokSumPriceDaily.run(GetBrokSumPriceDaily:414)
	at com.kms.katalon.core.main.ScriptEngine.run(ScriptEngine.java:194)
	at com.kms.katalon.core.main.ScriptEngine.runScriptAsRawText(ScriptEngine.java:119)
	at com.kms.katalon.core.main.TestCaseExecutor.runScript(TestCaseExecutor.java:445)
	at com.kms.katalon.core.main.TestCaseExecutor.doExecute(TestCaseExecutor.java:436)
	at com.kms.katalon.core.main.TestCaseExecutor.processExecutionPhase(TestCaseExecutor.java:415)
	at com.kms.katalon.core.main.TestCaseExecutor.accessMainPhase(TestCaseExecutor.java:407)
	at com.kms.katalon.core.main.TestCaseExecutor.execute(TestCaseExecutor.java:284)
	at com.kms.katalon.core.common.CommonExecutor.accessTestCaseMainPhase(CommonExecutor.java:65)
	at com.kms.katalon.core.main.TestSuiteExecutor.accessTestSuiteMainPhase(TestSuiteExecutor.java:144)
	at com.kms.katalon.core.main.TestSuiteExecutor.execute(TestSuiteExecutor.java:106)
	at com.kms.katalon.core.main.TestCaseMain.startTestSuite(TestCaseMain.java:185)
	at com.kms.katalon.core.main.TestCaseMain$startTestSuite$0.call(Unknown Source)
	at TempTestSuite1705920083951.run(TempTestSuite1705920083951.groovy:36)
)
[[ATTACHMENT|C:\\Users\\Fadli\\git\\KatalonDailyGetData2\\Reports\\20240122_174123\\TS1\\20240122_174123\\1705920321584.png]]

2024-01-22 17:45:21 - [TEST_STEP][PASSED] - else: null

2024-01-22 17:45:21 - [TEST_STEP][PASSED] - strSeller3 = getText(findTestObject("Stockbit/Bandarmology_Seller3")): Text of object 'Object Repository/Stockbit/Bandarmology_Seller3' is: 'NI'

2024-01-22 17:45:21 - [MESSAGE][PASSED] - Text of object 'Object Repository/Stockbit/Bandarmology_Seller3' is: 'NI'

2024-01-22 17:45:21 - [TEST_STEP][PASSED] - strSellerVol3 = getText(findTestObject("Stockbit/Bandarmology_SellerVol3")): Text of object 'Object Repository/Stockbit/Bandarmology_SellerVol3' is: '2.8 K'

2024-01-22 17:45:22 - [MESSAGE][PASSED] - Text of object 'Object Repository/Stockbit/Bandarmology_SellerVol3' is: '2.8 K'

2024-01-22 17:45:22 - [TEST_STEP][PASSED] - strSellerAvg3 = getText(findTestObject("Stockbit/Bandarmology_SellerAvg3")): Text of object 'Object Repository/Stockbit/Bandarmology_SellerAvg3' is: '72'

2024-01-22 17:45:22 - [MESSAGE][PASSED] - Text of object 'Object Repository/Stockbit/Bandarmology_SellerAvg3' is: '72'

2024-01-22 17:45:22 - [TEST_STEP][PASSED] - if (strSeller3 != ""): null

2024-01-22 17:45:22 - [TEST_STEP][PASSED] - if (strSellerAvg3.contains(",")): null

2024-01-22 17:45:22 - [TEST_STEP][PASSED] - if (strSellerVol3.contains(" B")): null

2024-01-22 17:45:22 - [TEST_STEP][PASSED] - else if (strSellerVol3.contains(" M")): null

2024-01-22 17:45:22 - [TEST_STEP][PASSED] - else if (strSellerVol3.contains(" K")): null

2024-01-22 17:45:22 - [TEST_STEP][PASSED] - strSellerVol3 = strSellerVol3.replace(" K", ""): null

2024-01-22 17:45:22 - [TEST_STEP][PASSED] - strSellerVol3 = strSellerVol3.toDouble() * 1000: null

2024-01-22 17:45:22 - [TEST_STEP][PASSED] - strAccDist = getText(findTestObject("Stockbit/Bandarmology_AccDist")): Text of object 'Object Repository/Stockbit/Bandarmology_AccDist' is: 'Dist'

2024-01-22 17:45:22 - [MESSAGE][PASSED] - Text of object 'Object Repository/Stockbit/Bandarmology_AccDist' is: 'Dist'

2024-01-22 17:45:22 - [TEST_STEP][PASSED] - strNetVol = getText(findTestObject("Stockbit/Bandarmology_NetVol")): Text of object 'Object Repository/Stockbit/Bandarmology_NetVol' is: '99,770'

2024-01-22 17:45:22 - [MESSAGE][PASSED] - Text of object 'Object Repository/Stockbit/Bandarmology_NetVol' is: '99,770'

2024-01-22 17:45:22 - [TEST_STEP][PASSED] - strNetVol = strNetVol.replace(",", ""): null

2024-01-22 17:45:22 - [TEST_STEP][PASSED] - strNetVal = getText(findTestObject("Stockbit/Bandarmology_NetVal")): Text of object 'Object Repository/Stockbit/Bandarmology_NetVal' is: '0.7 B'

2024-01-22 17:45:22 - [MESSAGE][PASSED] - Text of object 'Object Repository/Stockbit/Bandarmology_NetVal' is: '0.7 B'

2024-01-22 17:45:22 - [TEST_STEP][PASSED] - delay(3): Delayed 3 second(s)

2024-01-22 17:45:25 - [MESSAGE][PASSED] - Delayed 3 second(s)

2024-01-22 17:45:25 - [TEST_STEP][PASSED] - strOpenPrice = getText(findTestObject("Stockbit/Home_OpenPrice")): Text of object 'Object Repository/Stockbit/Home_OpenPrice' is: '74'

2024-01-22 17:45:25 - [MESSAGE][PASSED] - Text of object 'Object Repository/Stockbit/Home_OpenPrice' is: '74'

2024-01-22 17:45:25 - [TEST_STEP][PASSED] - strOpenPrice = strOpenPrice.replace(",", ""): null

2024-01-22 17:45:25 - [TEST_STEP][PASSED] - strLowPrice = getText(findTestObject("Stockbit/Home_LowPrice")): Text of object 'Object Repository/Stockbit/Home_LowPrice' is: '69'

2024-01-22 17:45:25 - [MESSAGE][PASSED] - Text of object 'Object Repository/Stockbit/Home_LowPrice' is: '69'

2024-01-22 17:45:25 - [TEST_STEP][PASSED] - strLowPrice = strLowPrice.replace(",", ""): null

2024-01-22 17:45:25 - [TEST_STEP][PASSED] - strHighPrice = getText(findTestObject("Stockbit/Home_HighPrice")): Text of object 'Object Repository/Stockbit/Home_HighPrice' is: '75'

2024-01-22 17:45:25 - [MESSAGE][PASSED] - Text of object 'Object Repository/Stockbit/Home_HighPrice' is: '75'

2024-01-22 17:45:25 - [TEST_STEP][PASSED] - strHighPrice = strHighPrice.replace(",", ""): null

2024-01-22 17:45:25 - [TEST_STEP][PASSED] - strClosePrice = getText(findTestObject("Stockbit/Home_ClosePrice")): Text of object 'Object Repository/Stockbit/Home_ClosePrice' is: '72'

2024-01-22 17:45:25 - [MESSAGE][PASSED] - Text of object 'Object Repository/Stockbit/Home_ClosePrice' is: '72'

2024-01-22 17:45:25 - [TEST_STEP][PASSED] - strClosePrice = strClosePrice.replace(",", ""): null

2024-01-22 17:45:25 - [TEST_STEP][PASSED] - strVol = getText(findTestObject("Stockbit/Home_Volume")): Text of object 'Object Repository/Stockbit/Home_Volume' is: '1,707 K'

2024-01-22 17:45:26 - [MESSAGE][PASSED] - Text of object 'Object Repository/Stockbit/Home_Volume' is: '1,707 K'

2024-01-22 17:45:26 - [TEST_STEP][PASSED] - if (strVol.contains(" K")): null

2024-01-22 17:45:26 - [TEST_STEP][PASSED] - strVol = strVol.replace(" K", "000"): null

2024-01-22 17:45:26 - [TEST_STEP][PASSED] - if (strVol.contains(",")): null

2024-01-22 17:45:26 - [TEST_STEP][PASSED] - strVol = strVol.replace(",", ""): null

2024-01-22 17:45:26 - [TEST_STEP][PASSED] - strChange = getText(findTestObject("Stockbit/Home_Change")): Text of object 'Object Repository/Stockbit/Home_Change' is: '-2.70%'

2024-01-22 17:45:26 - [MESSAGE][PASSED] - Text of object 'Object Repository/Stockbit/Home_Change' is: '-2.70%'

2024-01-22 17:45:26 - [TEST_STEP][PASSED] - strChange = strChange.replace("%", ""): null

2024-01-22 17:45:26 - [TEST_STEP][PASSED] - strFreq = getText(findTestObject("Stockbit/Home_Freq")): Text of object 'Object Repository/Stockbit/Home_Freq' is: '24,188'

2024-01-22 17:45:26 - [MESSAGE][PASSED] - Text of object 'Object Repository/Stockbit/Home_Freq' is: '24,188'

2024-01-22 17:45:26 - [TEST_STEP][PASSED] - if (strFreq.contains(",")): null

2024-01-22 17:45:26 - [TEST_STEP][PASSED] - strFreq = strFreq.replace(",", ""): null

2024-01-22 17:45:26 - [TEST_STEP][PASSED] - if (strFreq == "NA" || strFreq == ""): null

2024-01-22 17:45:26 - [TEST_STEP][PASSED] - else: null

2024-01-22 17:45:26 - [TEST_STEP][PASSED] - dblFreqAnal = strVol.toDouble() / strFreq.toDouble() * strFreq.toDouble() * strFreq.toDouble() * 100000000: null

2024-01-22 17:45:26 - [TEST_STEP][PASSED] - strFreqAnal = String.format("%.4f", dblFreqAnal): null

2024-01-22 17:45:26 - [TEST_STEP][PASSED] - out.println("Double strFreqAnal: " + strFreqAnal): null

2024-01-22 17:45:26 - [TEST_STEP][PASSED] - strTanggal = d.format(DateTimeFormatter.ofPattern("yyyy-MM-dd")): null

2024-01-22 17:45:26 - [TEST_STEP][PASSED] - strTanggal = "#" + strTanggal + "#": null

2024-01-22 17:45:26 - [TEST_STEP][PASSED] - strSQL = "select count(*) as JumBaris from TblBrokSum where Nama = '" + strNama + "' and Tanggal = " + strTanggal + "": null

2024-01-22 17:45:26 - [TEST_STEP][PASSED] - resultSet = statement.executeQuery(strSQL): null

2024-01-22 17:45:26 - [TEST_STEP][PASSED] - resultSet.next(): null

2024-01-22 17:45:26 - [TEST_STEP][PASSED] - intJumBaris = resultSet.getInt("JumBaris"): null

2024-01-22 17:45:26 - [TEST_STEP][PASSED] - if (intJumBaris > 0): null

2024-01-22 17:45:26 - [TEST_STEP][PASSED] - else: null

2024-01-22 17:45:26 - [TEST_STEP][PASSED] - try: null

2024-01-22 17:45:26 - [TEST_STEP][PASSED] - out.println("Insert data"): null

2024-01-22 17:45:26 - [TEST_STEP][PASSED] - strSQL = "insert into TblBrokSum (nama, tanggal, top1, top2, top3, AllBrokAvg, AccDist, AvgRP, " + "Buyer1, BuyerVal1, BuyerAvg1, Seller1, SellerVal1, SellerAvg1, Buyer2, BuyerVal2, BuyerAvg2, " + "Seller2, SellerVal2, SellerAvg2, Buyer3, BuyerVal3, BuyerAvg3, Seller3, SellerVal3, SellerAvg3, NetVol, NetVal, " + "OpenPrice, LowPrice, HighPrice, ClosePrice, Volume, Change, Frekuensi, FrekAnal) " + "values ('" + strNama + "', " + strTanggal + ", '" + strTop1 + "', '" + strTop3 + "', '" + strTop5 + "', " + "'" + strAllBrokAvg + "', '" + strAccDist + "', " + intAvgRP + ", '" + strBuyer1 + "', '" + strBuyerVol1 + "', " + strBuyerAvg1 + ", " + "'" + strSeller1 + "', '" + strSellerVol1 + "', " + strSellerAvg1 + ", '" + strBuyer2 + "', '" + strBuyerVol2 + "', " + strBuyerAvg2 + ", " + "'" + strSeller2 + "', '" + strSellerVol2 + "', " + strSellerAvg2 + ", '" + strBuyer3 + "', '" + strBuyerVol3 + "', " + strBuyerAvg3 + ", " + "'" + strSeller3 + "', '" + strSellerVol3 + "', " + strSellerAvg3 + ", " + strNetVol + ", '" + strNetVal + "', " + "" + strOpenPrice + ", " + strLowPrice + ", " + strHighPrice + ", " + strClosePrice + ", '" + strVol + "', " + strChange + ", " + strFreq + ", " + strFreqAnal + ");": null

2024-01-22 17:45:26 - [TEST_STEP][PASSED] - out.println("strSQL = " + strSQL): null

2024-01-22 17:45:26 - [TEST_STEP][PASSED] - statement.executeUpdate(strSQL): null

2024-01-22 17:45:26 - [TEST_STEP][PASSED] - setValueToCellByIndex(sheet01, rowIndex, 4, "DONE"): null

2024-01-22 17:45:26 - [TEST_STEP][PASSED] - saveWorkbook(excelFilePath, workbook01): null

2024-01-22 17:45:26 - [TEST_STEP][PASSED] - waitForElementClickable(findTestObject("Stockbit/menu_Bandarmology"), 10): Object 'Object Repository/Stockbit/menu_Bandarmology' is clickable

2024-01-22 17:45:26 - [MESSAGE][PASSED] - Object 'Object Repository/Stockbit/menu_Bandarmology' is clickable

2024-01-22 17:45:26 - [TEST_STEP][PASSED] - click(findTestObject("Stockbit/menu_Bandarmology")): Object: 'Object Repository/Stockbit/menu_Bandarmology' is clicked on

2024-01-22 17:45:26 - [MESSAGE][PASSED] - Object: 'Object Repository/Stockbit/menu_Bandarmology' is clicked on

2024-01-22 17:45:26 - [TEST_STEP][PASSED] - strTemp = "NA": null

2024-01-22 17:45:26 - [TEST_STEP][PASSED] - if (getCellValueByIndex(sheet01, rowIndex, 4) != "DONE"): Object: 'Object Repository/Stockbit/menu_Bandarmology' is clicked on

2024-01-22 17:45:26 - [TEST_STEP][PASSED] - strNama = getCellValueByIndex(sheet01, rowIndex, 0): null

2024-01-22 17:45:26 - [TEST_STEP][PASSED] - navigateToUrl("https://stockbit.com/#/symbol/" + strNama): Navigate to 'https://stockbit.com/#/symbol/SQMI' successfully

2024-01-22 17:45:29 - [MESSAGE][PASSED] - Navigate to 'https://stockbit.com/#/symbol/SQMI' successfully

2024-01-22 17:45:29 - [TEST_STEP][PASSED] - waitForElementClickable(findTestObject("Stockbit/menu_Bandarmology"), 10): Object 'Object Repository/Stockbit/menu_Bandarmology' is clickable

2024-01-22 17:45:29 - [MESSAGE][PASSED] - Object 'Object Repository/Stockbit/menu_Bandarmology' is clickable

2024-01-22 17:45:29 - [TEST_STEP][PASSED] - click(findTestObject("Stockbit/menu_Bandarmology")): Object: 'Object Repository/Stockbit/menu_Bandarmology' is clicked on

2024-01-22 17:45:31 - [MESSAGE][PASSED] - Object: 'Object Repository/Stockbit/menu_Bandarmology' is clicked on

2024-01-22 17:45:31 - [TEST_STEP][PASSED] - strTanggal = d.format(DateTimeFormatter.ofPattern("MMM dd, yyyy")): null

2024-01-22 17:45:31 - [TEST_STEP][PASSED] - strTanggal = d.format(ISO_DATE): null

2024-01-22 17:45:31 - [TEST_STEP][PASSED] - out.println("strTanggal = " + strTanggal): null

2024-01-22 17:45:31 - [TEST_STEP][PASSED] - out.println("strNama = " + strNama): null

2024-01-22 17:45:31 - [TEST_STEP][PASSED] - out.println("Baris ke = " + rowIndex): null

2024-01-22 17:45:31 - [TEST_STEP][PASSED] - click(findTestObject("Stockbit/input__BandarmologyOpenStartDate")): Object: 'Object Repository/Stockbit/input__BandarmologyOpenStartDate' is clicked on

2024-01-22 17:45:31 - [MESSAGE][PASSED] - Object: 'Object Repository/Stockbit/input__BandarmologyOpenStartDate' is clicked on

2024-01-22 17:45:31 - [TEST_STEP][PASSED] - sendKeys(findTestObject("Stockbit/input__BandarmologyOpenStartDate"), Keys.chord(CONTROL, "a")): Keys 'CONTROL + a' sent to object: 'Object Repository/Stockbit/input__BandarmologyOpenStartDate'

2024-01-22 17:45:32 - [MESSAGE][PASSED] - Keys 'CONTROL + a' sent to object: 'Object Repository/Stockbit/input__BandarmologyOpenStartDate'

2024-01-22 17:45:32 - [TEST_STEP][PASSED] - sendKeys(findTestObject("Stockbit/input__BandarmologyOpenStartDate"), Keys.chord(BACK_SPACE)): Keys 'BACK_SPACE + ' sent to object: 'Object Repository/Stockbit/input__BandarmologyOpenStartDate'

2024-01-22 17:45:32 - [MESSAGE][PASSED] - Keys 'BACK_SPACE + ' sent to object: 'Object Repository/Stockbit/input__BandarmologyOpenStartDate'

2024-01-22 17:45:32 - [TEST_STEP][PASSED] - setText(findTestObject("Stockbit/input__BandarmologyOpenStartDate"), strTanggal): Text '2024-01-22' is set on object 'Object Repository/Stockbit/input__BandarmologyOpenStartDate'

2024-01-22 17:45:33 - [MESSAGE][PASSED] - Text '2024-01-22' is set on object 'Object Repository/Stockbit/input__BandarmologyOpenStartDate'

2024-01-22 17:45:33 - [TEST_STEP][PASSED] - sendKeys(findTestObject("Stockbit/input__BandarmologyOpenStartDate"), Keys.chord(ENTER)): Keys 'ENTER + ' sent to object: 'Object Repository/Stockbit/input__BandarmologyOpenStartDate'

2024-01-22 17:45:33 - [MESSAGE][PASSED] - Keys 'ENTER + ' sent to object: 'Object Repository/Stockbit/input__BandarmologyOpenStartDate'

2024-01-22 17:45:33 - [TEST_STEP][PASSED] - click(findTestObject("Stockbit/input__BandarmologyOpenEndDate")): Object: 'Object Repository/Stockbit/input__BandarmologyOpenEndDate' is clicked on

2024-01-22 17:45:34 - [MESSAGE][PASSED] - Object: 'Object Repository/Stockbit/input__BandarmologyOpenEndDate' is clicked on

2024-01-22 17:45:34 - [TEST_STEP][PASSED] - sendKeys(findTestObject("Stockbit/input__BandarmologyOpenEndDate"), Keys.chord(CONTROL, "a")): Keys 'CONTROL + a' sent to object: 'Object Repository/Stockbit/input__BandarmologyOpenEndDate'

2024-01-22 17:45:34 - [MESSAGE][PASSED] - Keys 'CONTROL + a' sent to object: 'Object Repository/Stockbit/input__BandarmologyOpenEndDate'

2024-01-22 17:45:34 - [TEST_STEP][PASSED] - sendKeys(findTestObject("Stockbit/input__BandarmologyOpenEndDate"), Keys.chord(BACK_SPACE)): Keys 'BACK_SPACE + ' sent to object: 'Object Repository/Stockbit/input__BandarmologyOpenEndDate'

2024-01-22 17:45:34 - [MESSAGE][PASSED] - Keys 'BACK_SPACE + ' sent to object: 'Object Repository/Stockbit/input__BandarmologyOpenEndDate'

2024-01-22 17:45:34 - [TEST_STEP][PASSED] - setText(findTestObject("Stockbit/input__BandarmologyOpenEndDate"), strTanggal): Text '2024-01-22' is set on object 'Object Repository/Stockbit/input__BandarmologyOpenEndDate'

2024-01-22 17:45:35 - [MESSAGE][PASSED] - Text '2024-01-22' is set on object 'Object Repository/Stockbit/input__BandarmologyOpenEndDate'

2024-01-22 17:45:35 - [TEST_STEP][PASSED] - sendKeys(findTestObject("Stockbit/input__BandarmologyOpenEndDate"), Keys.chord(ENTER)): Keys 'ENTER + ' sent to object: 'Object Repository/Stockbit/input__BandarmologyOpenEndDate'

2024-01-22 17:45:36 - [MESSAGE][PASSED] - Keys 'ENTER + ' sent to object: 'Object Repository/Stockbit/input__BandarmologyOpenEndDate'

2024-01-22 17:45:36 - [TEST_STEP][PASSED] - delay(2): Delayed 2 second(s)

2024-01-22 17:45:38 - [MESSAGE][PASSED] - Delayed 2 second(s)

2024-01-22 17:45:38 - [TEST_STEP][PASSED] - strTemp = getText(findTestObject("Stockbit/Bandarmology_AvgRP")): Text of object 'Object Repository/Stockbit/Bandarmology_AvgRP' is: '52'

2024-01-22 17:45:38 - [MESSAGE][PASSED] - Text of object 'Object Repository/Stockbit/Bandarmology_AvgRP' is: '52'

2024-01-22 17:45:38 - [TEST_STEP][PASSED] - out.println("Bandarmology_AvgRP = " + strTemp): null

2024-01-22 17:45:38 - [TEST_STEP][PASSED] - if (strTemp != "0"): null

2024-01-22 17:45:38 - [TEST_STEP][PASSED] - strTop1 = getText(findTestObject("Stockbit/Bandarmology_Top1")): Text of object 'Object Repository/Stockbit/Bandarmology_Top1' is: 'Small Acc'

2024-01-22 17:45:38 - [MESSAGE][PASSED] - Text of object 'Object Repository/Stockbit/Bandarmology_Top1' is: 'Small Acc'

2024-01-22 17:45:38 - [TEST_STEP][PASSED] - strTop3 = getText(findTestObject("Stockbit/Bandarmology_Top3")): Text of object 'Object Repository/Stockbit/Bandarmology_Top3' is: 'Big Acc'

2024-01-22 17:45:38 - [MESSAGE][PASSED] - Text of object 'Object Repository/Stockbit/Bandarmology_Top3' is: 'Big Acc'

2024-01-22 17:45:38 - [TEST_STEP][PASSED] - strTop5 = getText(findTestObject("Stockbit/Bandarmology_Top5")): Text of object 'Object Repository/Stockbit/Bandarmology_Top5' is: 'Small Acc'

2024-01-22 17:45:38 - [MESSAGE][PASSED] - Text of object 'Object Repository/Stockbit/Bandarmology_Top5' is: 'Small Acc'

2024-01-22 17:45:38 - [TEST_STEP][PASSED] - strAllBrokAvg = getText(findTestObject("Stockbit/Bandarmology_TopAVG")): Text of object 'Object Repository/Stockbit/Bandarmology_TopAVG' is: 'Normal Acc'

2024-01-22 17:45:38 - [MESSAGE][PASSED] - Text of object 'Object Repository/Stockbit/Bandarmology_TopAVG' is: 'Normal Acc'

2024-01-22 17:45:38 - [TEST_STEP][PASSED] - strTemp = getText(findTestObject("Stockbit/Bandarmology_AvgRP")): Text of object 'Object Repository/Stockbit/Bandarmology_AvgRP' is: '52'

2024-01-22 17:45:38 - [MESSAGE][PASSED] - Text of object 'Object Repository/Stockbit/Bandarmology_AvgRP' is: '52'

2024-01-22 17:45:38 - [TEST_STEP][PASSED] - if (strTemp.contains(",")): null

2024-01-22 17:45:38 - [TEST_STEP][PASSED] - intAvgRP = strTemp.toInteger(): null

2024-01-22 17:45:38 - [TEST_STEP][PASSED] - strBuyer1 = getText(findTestObject("Stockbit/Bandarmology_Buyer1")): Text of object 'Object Repository/Stockbit/Bandarmology_Buyer1' is: 'YP'

2024-01-22 17:45:38 - [MESSAGE][PASSED] - Text of object 'Object Repository/Stockbit/Bandarmology_Buyer1' is: 'YP'

2024-01-22 17:45:38 - [TEST_STEP][PASSED] - strBuyerVol1 = getText(findTestObject("Stockbit/Bandarmology_BuyerVol1")): Text of object 'Object Repository/Stockbit/Bandarmology_BuyerVol1' is: '1.9 K'

2024-01-22 17:45:38 - [MESSAGE][PASSED] - Text of object 'Object Repository/Stockbit/Bandarmology_BuyerVol1' is: '1.9 K'

2024-01-22 17:45:38 - [TEST_STEP][PASSED] - strBuyerAvg1 = getText(findTestObject("Stockbit/Bandarmology_BuyerAvg1")): Text of object 'Object Repository/Stockbit/Bandarmology_BuyerAvg1' is: '52'

2024-01-22 17:45:39 - [MESSAGE][PASSED] - Text of object 'Object Repository/Stockbit/Bandarmology_BuyerAvg1' is: '52'

2024-01-22 17:45:39 - [TEST_STEP][PASSED] - if (strBuyerAvg1.contains(",")): null

2024-01-22 17:45:39 - [TEST_STEP][PASSED] - if (strBuyerVol1.contains(" B")): null

2024-01-22 17:45:39 - [TEST_STEP][PASSED] - else if (strBuyerVol1.contains(" M")): null

2024-01-22 17:45:39 - [TEST_STEP][PASSED] - else if (strBuyerVol1.contains(" K")): null

2024-01-22 17:45:39 - [TEST_STEP][PASSED] - strBuyerVol1 = strBuyerVol1.replace(" K", ""): null

2024-01-22 17:45:39 - [TEST_STEP][PASSED] - strBuyerVol1 = strBuyerVol1.toDouble() * 1000: null

2024-01-22 17:45:39 - [TEST_STEP][PASSED] - strSeller1 = getText(findTestObject("Stockbit/Bandarmology_Seller1")): Text of object 'Object Repository/Stockbit/Bandarmology_Seller1' is: 'PD'

2024-01-22 17:45:39 - [MESSAGE][PASSED] - Text of object 'Object Repository/Stockbit/Bandarmology_Seller1' is: 'PD'

2024-01-22 17:45:39 - [TEST_STEP][PASSED] - strSellerVol1 = getText(findTestObject("Stockbit/Bandarmology_SellerVol1")): Text of object 'Object Repository/Stockbit/Bandarmology_SellerVol1' is: '1.6 K'

2024-01-22 17:45:39 - [MESSAGE][PASSED] - Text of object 'Object Repository/Stockbit/Bandarmology_SellerVol1' is: '1.6 K'

2024-01-22 17:45:39 - [TEST_STEP][PASSED] - strSellerAvg1 = getText(findTestObject("Stockbit/Bandarmology_SellerAvg1")): Text of object 'Object Repository/Stockbit/Bandarmology_SellerAvg1' is: '52'

2024-01-22 17:45:39 - [MESSAGE][PASSED] - Text of object 'Object Repository/Stockbit/Bandarmology_SellerAvg1' is: '52'

2024-01-22 17:45:39 - [TEST_STEP][PASSED] - if (strSellerAvg1.contains(",")): null

2024-01-22 17:45:39 - [TEST_STEP][PASSED] - if (strSellerVol1.contains(" B")): null

2024-01-22 17:45:39 - [TEST_STEP][PASSED] - else if (strSellerVol1.contains(" M")): null

2024-01-22 17:45:39 - [TEST_STEP][PASSED] - else if (strSellerVol1.contains(" K")): null

2024-01-22 17:45:39 - [TEST_STEP][PASSED] - strSellerVol1 = strSellerVol1.replace(" K", ""): null

2024-01-22 17:45:39 - [TEST_STEP][PASSED] - strSellerVol1 = strSellerVol1.toDouble() * 1000: null

2024-01-22 17:45:39 - [TEST_STEP][PASSED] - if (verifyElementNotPresent(findTestObject("Stockbit/Bandarmology_Buyer2"), 1, OPTIONAL)): Web element with id: 'Object Repository/Stockbit/Bandarmology_Buyer2' located by 'By.xpath: //*[contains(@id, 'rc-tabs-')]/div[2]/div/div/div/div/div/div[2]/table/tbody/tr[3]/td[1]/p' is present after '1' second(s) (Root cause: com.kms.katalon.core.exception.StepFailedException: Web element with id: 'Object Repository/Stockbit/Bandarmology_Buyer2' located by 'By.xpath: //*[contains(@id, 'rc-tabs-')]/div[2]/div/div/div/div/div/div[2]/table/tbody/tr[3]/td[1]/p' is present after '1' second(s)
	at com.kms.katalon.core.webui.keyword.internal.WebUIKeywordMain.stepFailed(WebUIKeywordMain.groovy:64)
	at com.kms.katalon.core.webui.keyword.internal.WebUIKeywordMain$stepFailed$0.call(Unknown Source)
	at com.kms.katalon.core.webui.keyword.builtin.VerifyElementNotPresentKeyword$_verifyElementNotPresent_closure1.doCall(VerifyElementNotPresentKeyword.groovy:106)
	at com.kms.katalon.core.webui.keyword.builtin.VerifyElementNotPresentKeyword$_verifyElementNotPresent_closure1.doCall(VerifyElementNotPresentKeyword.groovy)
	at com.kms.katalon.core.webui.keyword.internal.WebUIKeywordMain.runKeyword(WebUIKeywordMain.groovy:20)
	at com.kms.katalon.core.webui.keyword.internal.WebUIKeywordMain$runKeyword.call(Unknown Source)
	at com.kms.katalon.core.webui.keyword.builtin.VerifyElementNotPresentKeyword.verifyElementNotPresent(VerifyElementNotPresentKeyword.groovy:117)
	at com.kms.katalon.core.webui.keyword.builtin.VerifyElementNotPresentKeyword.execute(VerifyElementNotPresentKeyword.groovy:68)
	at com.kms.katalon.core.keyword.internal.KeywordExecutor.executeKeywordForPlatform(KeywordExecutor.groovy:74)
	at com.kms.katalon.core.webui.keyword.WebUiBuiltInKeywords.verifyElementNotPresent(WebUiBuiltInKeywords.groovy:1481)
	at com.kms.katalon.core.webui.keyword.WebUiBuiltInKeywords$verifyElementNotPresent$8.call(Unknown Source)
	at GetBrokSumPriceDaily.run(GetBrokSumPriceDaily:258)
	at com.kms.katalon.core.main.ScriptEngine.run(ScriptEngine.java:194)
	at com.kms.katalon.core.main.ScriptEngine.runScriptAsRawText(ScriptEngine.java:119)
	at com.kms.katalon.core.main.TestCaseExecutor.runScript(TestCaseExecutor.java:445)
	at com.kms.katalon.core.main.TestCaseExecutor.doExecute(TestCaseExecutor.java:436)
	at com.kms.katalon.core.main.TestCaseExecutor.processExecutionPhase(TestCaseExecutor.java:415)
	at com.kms.katalon.core.main.TestCaseExecutor.accessMainPhase(TestCaseExecutor.java:407)
	at com.kms.katalon.core.main.TestCaseExecutor.execute(TestCaseExecutor.java:284)
	at com.kms.katalon.core.common.CommonExecutor.accessTestCaseMainPhase(CommonExecutor.java:65)
	at com.kms.katalon.core.main.TestSuiteExecutor.accessTestSuiteMainPhase(TestSuiteExecutor.java:144)
	at com.kms.katalon.core.main.TestSuiteExecutor.execute(TestSuiteExecutor.java:106)
	at com.kms.katalon.core.main.TestCaseMain.startTestSuite(TestCaseMain.java:185)
	at com.kms.katalon.core.main.TestCaseMain$startTestSuite$0.call(Unknown Source)
	at TempTestSuite1705920083951.run(TempTestSuite1705920083951.groovy:36)
)

2024-01-22 17:45:40 - [MESSAGE][WARNING] - Web element with id: 'Object Repository/Stockbit/Bandarmology_Buyer2' located by 'By.xpath: //*[contains(@id, 'rc-tabs-')]/div[2]/div/div/div/div/div/div[2]/table/tbody/tr[3]/td[1]/p' is present after '1' second(s) (Root cause: com.kms.katalon.core.exception.StepFailedException: Web element with id: 'Object Repository/Stockbit/Bandarmology_Buyer2' located by 'By.xpath: //*[contains(@id, 'rc-tabs-')]/div[2]/div/div/div/div/div/div[2]/table/tbody/tr[3]/td[1]/p' is present after '1' second(s)
	at com.kms.katalon.core.webui.keyword.internal.WebUIKeywordMain.stepFailed(WebUIKeywordMain.groovy:64)
	at com.kms.katalon.core.webui.keyword.internal.WebUIKeywordMain$stepFailed$0.call(Unknown Source)
	at com.kms.katalon.core.webui.keyword.builtin.VerifyElementNotPresentKeyword$_verifyElementNotPresent_closure1.doCall(VerifyElementNotPresentKeyword.groovy:106)
	at com.kms.katalon.core.webui.keyword.builtin.VerifyElementNotPresentKeyword$_verifyElementNotPresent_closure1.doCall(VerifyElementNotPresentKeyword.groovy)
	at com.kms.katalon.core.webui.keyword.internal.WebUIKeywordMain.runKeyword(WebUIKeywordMain.groovy:20)
	at com.kms.katalon.core.webui.keyword.internal.WebUIKeywordMain$runKeyword.call(Unknown Source)
	at com.kms.katalon.core.webui.keyword.builtin.VerifyElementNotPresentKeyword.verifyElementNotPresent(VerifyElementNotPresentKeyword.groovy:117)
	at com.kms.katalon.core.webui.keyword.builtin.VerifyElementNotPresentKeyword.execute(VerifyElementNotPresentKeyword.groovy:68)
	at com.kms.katalon.core.keyword.internal.KeywordExecutor.executeKeywordForPlatform(KeywordExecutor.groovy:74)
	at com.kms.katalon.core.webui.keyword.WebUiBuiltInKeywords.verifyElementNotPresent(WebUiBuiltInKeywords.groovy:1481)
	at com.kms.katalon.core.webui.keyword.WebUiBuiltInKeywords$verifyElementNotPresent$8.call(Unknown Source)
	at GetBrokSumPriceDaily.run(GetBrokSumPriceDaily:258)
	at com.kms.katalon.core.main.ScriptEngine.run(ScriptEngine.java:194)
	at com.kms.katalon.core.main.ScriptEngine.runScriptAsRawText(ScriptEngine.java:119)
	at com.kms.katalon.core.main.TestCaseExecutor.runScript(TestCaseExecutor.java:445)
	at com.kms.katalon.core.main.TestCaseExecutor.doExecute(TestCaseExecutor.java:436)
	at com.kms.katalon.core.main.TestCaseExecutor.processExecutionPhase(TestCaseExecutor.java:415)
	at com.kms.katalon.core.main.TestCaseExecutor.accessMainPhase(TestCaseExecutor.java:407)
	at com.kms.katalon.core.main.TestCaseExecutor.execute(TestCaseExecutor.java:284)
	at com.kms.katalon.core.common.CommonExecutor.accessTestCaseMainPhase(CommonExecutor.java:65)
	at com.kms.katalon.core.main.TestSuiteExecutor.accessTestSuiteMainPhase(TestSuiteExecutor.java:144)
	at com.kms.katalon.core.main.TestSuiteExecutor.execute(TestSuiteExecutor.java:106)
	at com.kms.katalon.core.main.TestCaseMain.startTestSuite(TestCaseMain.java:185)
	at com.kms.katalon.core.main.TestCaseMain$startTestSuite$0.call(Unknown Source)
	at TempTestSuite1705920083951.run(TempTestSuite1705920083951.groovy:36)
)
[[ATTACHMENT|C:\\Users\\Fadli\\git\\KatalonDailyGetData2\\Reports\\20240122_174123\\TS1\\20240122_174123\\1705920340572.png]]

2024-01-22 17:45:40 - [TEST_STEP][PASSED] - else: null

2024-01-22 17:45:40 - [TEST_STEP][PASSED] - strBuyer2 = getText(findTestObject("Stockbit/Bandarmology_Buyer2")): Text of object 'Object Repository/Stockbit/Bandarmology_Buyer2' is: 'LG'

2024-01-22 17:45:40 - [MESSAGE][PASSED] - Text of object 'Object Repository/Stockbit/Bandarmology_Buyer2' is: 'LG'

2024-01-22 17:45:40 - [TEST_STEP][PASSED] - strBuyerVol2 = getText(findTestObject("Stockbit/Bandarmology_BuyerVol2")): Text of object 'Object Repository/Stockbit/Bandarmology_BuyerVol2' is: '1 K'

2024-01-22 17:45:40 - [MESSAGE][PASSED] - Text of object 'Object Repository/Stockbit/Bandarmology_BuyerVol2' is: '1 K'

2024-01-22 17:45:40 - [TEST_STEP][PASSED] - strBuyerAvg2 = getText(findTestObject("Stockbit/Bandarmology_BuyerAvg2")): Text of object 'Object Repository/Stockbit/Bandarmology_BuyerAvg2' is: '52'

2024-01-22 17:45:41 - [MESSAGE][PASSED] - Text of object 'Object Repository/Stockbit/Bandarmology_BuyerAvg2' is: '52'

2024-01-22 17:45:41 - [TEST_STEP][PASSED] - if (strBuyer2 != ""): null

2024-01-22 17:45:41 - [TEST_STEP][PASSED] - if (strBuyerAvg2.contains(",")): null

2024-01-22 17:45:41 - [TEST_STEP][PASSED] - if (strBuyerVol2.contains(" B")): null

2024-01-22 17:45:41 - [TEST_STEP][PASSED] - else if (strBuyerVol2.contains(" M")): null

2024-01-22 17:45:41 - [TEST_STEP][PASSED] - else if (strBuyerVol2.contains(" K")): null

2024-01-22 17:45:41 - [TEST_STEP][PASSED] - strBuyerVol2 = strBuyerVol2.replace(" K", ""): null

2024-01-22 17:45:41 - [TEST_STEP][PASSED] - strBuyerVol2 = strBuyerVol2.toDouble() * 1000: null

2024-01-22 17:45:41 - [TEST_STEP][PASSED] - if (strBuyerVol2.contains(".")): null

2024-01-22 17:45:41 - [TEST_STEP][PASSED] - strBuyerVal2 = strBuyerVol2.replace(".", ""): null

2024-01-22 17:45:41 - [TEST_STEP][PASSED] - if (verifyElementNotPresent(findTestObject("Stockbit/Bandarmology_Seller2"), 1, OPTIONAL)): Web element with id: 'Object Repository/Stockbit/Bandarmology_Seller2' located by 'By.xpath: //*[contains(@id, 'rc-tabs-')]/div[2]/div/div/div/div/div/div[2]/table/tbody/tr[3]/td[5]/p' is present after '1' second(s) (Root cause: com.kms.katalon.core.exception.StepFailedException: Web element with id: 'Object Repository/Stockbit/Bandarmology_Seller2' located by 'By.xpath: //*[contains(@id, 'rc-tabs-')]/div[2]/div/div/div/div/div/div[2]/table/tbody/tr[3]/td[5]/p' is present after '1' second(s)
	at com.kms.katalon.core.webui.keyword.internal.WebUIKeywordMain.stepFailed(WebUIKeywordMain.groovy:64)
	at com.kms.katalon.core.webui.keyword.internal.WebUIKeywordMain$stepFailed$0.call(Unknown Source)
	at com.kms.katalon.core.webui.keyword.builtin.VerifyElementNotPresentKeyword$_verifyElementNotPresent_closure1.doCall(VerifyElementNotPresentKeyword.groovy:106)
	at com.kms.katalon.core.webui.keyword.builtin.VerifyElementNotPresentKeyword$_verifyElementNotPresent_closure1.doCall(VerifyElementNotPresentKeyword.groovy)
	at com.kms.katalon.core.webui.keyword.internal.WebUIKeywordMain.runKeyword(WebUIKeywordMain.groovy:20)
	at com.kms.katalon.core.webui.keyword.internal.WebUIKeywordMain$runKeyword.call(Unknown Source)
	at com.kms.katalon.core.webui.keyword.builtin.VerifyElementNotPresentKeyword.verifyElementNotPresent(VerifyElementNotPresentKeyword.groovy:117)
	at com.kms.katalon.core.webui.keyword.builtin.VerifyElementNotPresentKeyword.execute(VerifyElementNotPresentKeyword.groovy:68)
	at com.kms.katalon.core.keyword.internal.KeywordExecutor.executeKeywordForPlatform(KeywordExecutor.groovy:74)
	at com.kms.katalon.core.webui.keyword.WebUiBuiltInKeywords.verifyElementNotPresent(WebUiBuiltInKeywords.groovy:1481)
	at com.kms.katalon.core.webui.keyword.WebUiBuiltInKeywords$verifyElementNotPresent$8.call(Unknown Source)
	at GetBrokSumPriceDaily.run(GetBrokSumPriceDaily:309)
	at com.kms.katalon.core.main.ScriptEngine.run(ScriptEngine.java:194)
	at com.kms.katalon.core.main.ScriptEngine.runScriptAsRawText(ScriptEngine.java:119)
	at com.kms.katalon.core.main.TestCaseExecutor.runScript(TestCaseExecutor.java:445)
	at com.kms.katalon.core.main.TestCaseExecutor.doExecute(TestCaseExecutor.java:436)
	at com.kms.katalon.core.main.TestCaseExecutor.processExecutionPhase(TestCaseExecutor.java:415)
	at com.kms.katalon.core.main.TestCaseExecutor.accessMainPhase(TestCaseExecutor.java:407)
	at com.kms.katalon.core.main.TestCaseExecutor.execute(TestCaseExecutor.java:284)
	at com.kms.katalon.core.common.CommonExecutor.accessTestCaseMainPhase(CommonExecutor.java:65)
	at com.kms.katalon.core.main.TestSuiteExecutor.accessTestSuiteMainPhase(TestSuiteExecutor.java:144)
	at com.kms.katalon.core.main.TestSuiteExecutor.execute(TestSuiteExecutor.java:106)
	at com.kms.katalon.core.main.TestCaseMain.startTestSuite(TestCaseMain.java:185)
	at com.kms.katalon.core.main.TestCaseMain$startTestSuite$0.call(Unknown Source)
	at TempTestSuite1705920083951.run(TempTestSuite1705920083951.groovy:36)
)

2024-01-22 17:45:42 - [MESSAGE][WARNING] - Web element with id: 'Object Repository/Stockbit/Bandarmology_Seller2' located by 'By.xpath: //*[contains(@id, 'rc-tabs-')]/div[2]/div/div/div/div/div/div[2]/table/tbody/tr[3]/td[5]/p' is present after '1' second(s) (Root cause: com.kms.katalon.core.exception.StepFailedException: Web element with id: 'Object Repository/Stockbit/Bandarmology_Seller2' located by 'By.xpath: //*[contains(@id, 'rc-tabs-')]/div[2]/div/div/div/div/div/div[2]/table/tbody/tr[3]/td[5]/p' is present after '1' second(s)
	at com.kms.katalon.core.webui.keyword.internal.WebUIKeywordMain.stepFailed(WebUIKeywordMain.groovy:64)
	at com.kms.katalon.core.webui.keyword.internal.WebUIKeywordMain$stepFailed$0.call(Unknown Source)
	at com.kms.katalon.core.webui.keyword.builtin.VerifyElementNotPresentKeyword$_verifyElementNotPresent_closure1.doCall(VerifyElementNotPresentKeyword.groovy:106)
	at com.kms.katalon.core.webui.keyword.builtin.VerifyElementNotPresentKeyword$_verifyElementNotPresent_closure1.doCall(VerifyElementNotPresentKeyword.groovy)
	at com.kms.katalon.core.webui.keyword.internal.WebUIKeywordMain.runKeyword(WebUIKeywordMain.groovy:20)
	at com.kms.katalon.core.webui.keyword.internal.WebUIKeywordMain$runKeyword.call(Unknown Source)
	at com.kms.katalon.core.webui.keyword.builtin.VerifyElementNotPresentKeyword.verifyElementNotPresent(VerifyElementNotPresentKeyword.groovy:117)
	at com.kms.katalon.core.webui.keyword.builtin.VerifyElementNotPresentKeyword.execute(VerifyElementNotPresentKeyword.groovy:68)
	at com.kms.katalon.core.keyword.internal.KeywordExecutor.executeKeywordForPlatform(KeywordExecutor.groovy:74)
	at com.kms.katalon.core.webui.keyword.WebUiBuiltInKeywords.verifyElementNotPresent(WebUiBuiltInKeywords.groovy:1481)
	at com.kms.katalon.core.webui.keyword.WebUiBuiltInKeywords$verifyElementNotPresent$8.call(Unknown Source)
	at GetBrokSumPriceDaily.run(GetBrokSumPriceDaily:309)
	at com.kms.katalon.core.main.ScriptEngine.run(ScriptEngine.java:194)
	at com.kms.katalon.core.main.ScriptEngine.runScriptAsRawText(ScriptEngine.java:119)
	at com.kms.katalon.core.main.TestCaseExecutor.runScript(TestCaseExecutor.java:445)
	at com.kms.katalon.core.main.TestCaseExecutor.doExecute(TestCaseExecutor.java:436)
	at com.kms.katalon.core.main.TestCaseExecutor.processExecutionPhase(TestCaseExecutor.java:415)
	at com.kms.katalon.core.main.TestCaseExecutor.accessMainPhase(TestCaseExecutor.java:407)
	at com.kms.katalon.core.main.TestCaseExecutor.execute(TestCaseExecutor.java:284)
	at com.kms.katalon.core.common.CommonExecutor.accessTestCaseMainPhase(CommonExecutor.java:65)
	at com.kms.katalon.core.main.TestSuiteExecutor.accessTestSuiteMainPhase(TestSuiteExecutor.java:144)
	at com.kms.katalon.core.main.TestSuiteExecutor.execute(TestSuiteExecutor.java:106)
	at com.kms.katalon.core.main.TestCaseMain.startTestSuite(TestCaseMain.java:185)
	at com.kms.katalon.core.main.TestCaseMain$startTestSuite$0.call(Unknown Source)
	at TempTestSuite1705920083951.run(TempTestSuite1705920083951.groovy:36)
)
[[ATTACHMENT|C:\\Users\\Fadli\\git\\KatalonDailyGetData2\\Reports\\20240122_174123\\TS1\\20240122_174123\\1705920342264.png]]

2024-01-22 17:45:42 - [TEST_STEP][PASSED] - else: null

2024-01-22 17:45:42 - [TEST_STEP][PASSED] - strSeller2 = getText(findTestObject("Stockbit/Bandarmology_Seller2")): Text of object 'Object Repository/Stockbit/Bandarmology_Seller2' is: 'EP'

2024-01-22 17:45:42 - [MESSAGE][PASSED] - Text of object 'Object Repository/Stockbit/Bandarmology_Seller2' is: 'EP'

2024-01-22 17:45:42 - [TEST_STEP][PASSED] - strSellerVol2 = getText(findTestObject("Stockbit/Bandarmology_SellerVol2")): Text of object 'Object Repository/Stockbit/Bandarmology_SellerVol2' is: '509'

2024-01-22 17:45:42 - [MESSAGE][PASSED] - Text of object 'Object Repository/Stockbit/Bandarmology_SellerVol2' is: '509'

2024-01-22 17:45:42 - [TEST_STEP][PASSED] - strSellerAvg2 = getText(findTestObject("Stockbit/Bandarmology_SellerAvg2")): Text of object 'Object Repository/Stockbit/Bandarmology_SellerAvg2' is: '52'

2024-01-22 17:45:42 - [MESSAGE][PASSED] - Text of object 'Object Repository/Stockbit/Bandarmology_SellerAvg2' is: '52'

2024-01-22 17:45:42 - [TEST_STEP][PASSED] - if (strSeller2 != ""): null

2024-01-22 17:45:42 - [TEST_STEP][PASSED] - if (strSellerAvg2.contains(",")): null

2024-01-22 17:45:42 - [TEST_STEP][PASSED] - if (strSellerVol2.contains(" B")): null

2024-01-22 17:45:42 - [TEST_STEP][PASSED] - if (verifyElementNotPresent(findTestObject("Stockbit/Bandarmology_Buyer3"), 1, OPTIONAL)): Web element with id: 'Object Repository/Stockbit/Bandarmology_Buyer3' located by 'By.xpath: //*[contains(@id, 'rc-tabs-')]/div[2]/div/div/div/div/div/div[2]/table/tbody/tr[4]/td[1]/p' is present after '1' second(s) (Root cause: com.kms.katalon.core.exception.StepFailedException: Web element with id: 'Object Repository/Stockbit/Bandarmology_Buyer3' located by 'By.xpath: //*[contains(@id, 'rc-tabs-')]/div[2]/div/div/div/div/div/div[2]/table/tbody/tr[4]/td[1]/p' is present after '1' second(s)
	at com.kms.katalon.core.webui.keyword.internal.WebUIKeywordMain.stepFailed(WebUIKeywordMain.groovy:64)
	at com.kms.katalon.core.webui.keyword.internal.WebUIKeywordMain$stepFailed$0.call(Unknown Source)
	at com.kms.katalon.core.webui.keyword.builtin.VerifyElementNotPresentKeyword$_verifyElementNotPresent_closure1.doCall(VerifyElementNotPresentKeyword.groovy:106)
	at com.kms.katalon.core.webui.keyword.builtin.VerifyElementNotPresentKeyword$_verifyElementNotPresent_closure1.doCall(VerifyElementNotPresentKeyword.groovy)
	at com.kms.katalon.core.webui.keyword.internal.WebUIKeywordMain.runKeyword(WebUIKeywordMain.groovy:20)
	at com.kms.katalon.core.webui.keyword.internal.WebUIKeywordMain$runKeyword.call(Unknown Source)
	at com.kms.katalon.core.webui.keyword.builtin.VerifyElementNotPresentKeyword.verifyElementNotPresent(VerifyElementNotPresentKeyword.groovy:117)
	at com.kms.katalon.core.webui.keyword.builtin.VerifyElementNotPresentKeyword.execute(VerifyElementNotPresentKeyword.groovy:68)
	at com.kms.katalon.core.keyword.internal.KeywordExecutor.executeKeywordForPlatform(KeywordExecutor.groovy:74)
	at com.kms.katalon.core.webui.keyword.WebUiBuiltInKeywords.verifyElementNotPresent(WebUiBuiltInKeywords.groovy:1481)
	at com.kms.katalon.core.webui.keyword.WebUiBuiltInKeywords$verifyElementNotPresent$8.call(Unknown Source)
	at GetBrokSumPriceDaily.run(GetBrokSumPriceDaily:361)
	at com.kms.katalon.core.main.ScriptEngine.run(ScriptEngine.java:194)
	at com.kms.katalon.core.main.ScriptEngine.runScriptAsRawText(ScriptEngine.java:119)
	at com.kms.katalon.core.main.TestCaseExecutor.runScript(TestCaseExecutor.java:445)
	at com.kms.katalon.core.main.TestCaseExecutor.doExecute(TestCaseExecutor.java:436)
	at com.kms.katalon.core.main.TestCaseExecutor.processExecutionPhase(TestCaseExecutor.java:415)
	at com.kms.katalon.core.main.TestCaseExecutor.accessMainPhase(TestCaseExecutor.java:407)
	at com.kms.katalon.core.main.TestCaseExecutor.execute(TestCaseExecutor.java:284)
	at com.kms.katalon.core.common.CommonExecutor.accessTestCaseMainPhase(CommonExecutor.java:65)
	at com.kms.katalon.core.main.TestSuiteExecutor.accessTestSuiteMainPhase(TestSuiteExecutor.java:144)
	at com.kms.katalon.core.main.TestSuiteExecutor.execute(TestSuiteExecutor.java:106)
	at com.kms.katalon.core.main.TestCaseMain.startTestSuite(TestCaseMain.java:185)
	at com.kms.katalon.core.main.TestCaseMain$startTestSuite$0.call(Unknown Source)
	at TempTestSuite1705920083951.run(TempTestSuite1705920083951.groovy:36)
)

2024-01-22 17:45:44 - [MESSAGE][WARNING] - Web element with id: 'Object Repository/Stockbit/Bandarmology_Buyer3' located by 'By.xpath: //*[contains(@id, 'rc-tabs-')]/div[2]/div/div/div/div/div/div[2]/table/tbody/tr[4]/td[1]/p' is present after '1' second(s) (Root cause: com.kms.katalon.core.exception.StepFailedException: Web element with id: 'Object Repository/Stockbit/Bandarmology_Buyer3' located by 'By.xpath: //*[contains(@id, 'rc-tabs-')]/div[2]/div/div/div/div/div/div[2]/table/tbody/tr[4]/td[1]/p' is present after '1' second(s)
	at com.kms.katalon.core.webui.keyword.internal.WebUIKeywordMain.stepFailed(WebUIKeywordMain.groovy:64)
	at com.kms.katalon.core.webui.keyword.internal.WebUIKeywordMain$stepFailed$0.call(Unknown Source)
	at com.kms.katalon.core.webui.keyword.builtin.VerifyElementNotPresentKeyword$_verifyElementNotPresent_closure1.doCall(VerifyElementNotPresentKeyword.groovy:106)
	at com.kms.katalon.core.webui.keyword.builtin.VerifyElementNotPresentKeyword$_verifyElementNotPresent_closure1.doCall(VerifyElementNotPresentKeyword.groovy)
	at com.kms.katalon.core.webui.keyword.internal.WebUIKeywordMain.runKeyword(WebUIKeywordMain.groovy:20)
	at com.kms.katalon.core.webui.keyword.internal.WebUIKeywordMain$runKeyword.call(Unknown Source)
	at com.kms.katalon.core.webui.keyword.builtin.VerifyElementNotPresentKeyword.verifyElementNotPresent(VerifyElementNotPresentKeyword.groovy:117)
	at com.kms.katalon.core.webui.keyword.builtin.VerifyElementNotPresentKeyword.execute(VerifyElementNotPresentKeyword.groovy:68)
	at com.kms.katalon.core.keyword.internal.KeywordExecutor.executeKeywordForPlatform(KeywordExecutor.groovy:74)
	at com.kms.katalon.core.webui.keyword.WebUiBuiltInKeywords.verifyElementNotPresent(WebUiBuiltInKeywords.groovy:1481)
	at com.kms.katalon.core.webui.keyword.WebUiBuiltInKeywords$verifyElementNotPresent$8.call(Unknown Source)
	at GetBrokSumPriceDaily.run(GetBrokSumPriceDaily:361)
	at com.kms.katalon.core.main.ScriptEngine.run(ScriptEngine.java:194)
	at com.kms.katalon.core.main.ScriptEngine.runScriptAsRawText(ScriptEngine.java:119)
	at com.kms.katalon.core.main.TestCaseExecutor.runScript(TestCaseExecutor.java:445)
	at com.kms.katalon.core.main.TestCaseExecutor.doExecute(TestCaseExecutor.java:436)
	at com.kms.katalon.core.main.TestCaseExecutor.processExecutionPhase(TestCaseExecutor.java:415)
	at com.kms.katalon.core.main.TestCaseExecutor.accessMainPhase(TestCaseExecutor.java:407)
	at com.kms.katalon.core.main.TestCaseExecutor.execute(TestCaseExecutor.java:284)
	at com.kms.katalon.core.common.CommonExecutor.accessTestCaseMainPhase(CommonExecutor.java:65)
	at com.kms.katalon.core.main.TestSuiteExecutor.accessTestSuiteMainPhase(TestSuiteExecutor.java:144)
	at com.kms.katalon.core.main.TestSuiteExecutor.execute(TestSuiteExecutor.java:106)
	at com.kms.katalon.core.main.TestCaseMain.startTestSuite(TestCaseMain.java:185)
	at com.kms.katalon.core.main.TestCaseMain$startTestSuite$0.call(Unknown Source)
	at TempTestSuite1705920083951.run(TempTestSuite1705920083951.groovy:36)
)
[[ATTACHMENT|C:\\Users\\Fadli\\git\\KatalonDailyGetData2\\Reports\\20240122_174123\\TS1\\20240122_174123\\1705920343959.png]]

2024-01-22 17:45:44 - [TEST_STEP][PASSED] - else: null

2024-01-22 17:45:44 - [TEST_STEP][PASSED] - strBuyer3 = getText(findTestObject("Stockbit/Bandarmology_Buyer3")): Text of object 'Object Repository/Stockbit/Bandarmology_Buyer3' is: 'MI'

2024-01-22 17:45:44 - [MESSAGE][PASSED] - Text of object 'Object Repository/Stockbit/Bandarmology_Buyer3' is: 'MI'

2024-01-22 17:45:44 - [TEST_STEP][PASSED] - strBuyerVol3 = getText(findTestObject("Stockbit/Bandarmology_BuyerVol3")): Text of object 'Object Repository/Stockbit/Bandarmology_BuyerVol3' is: '666'

2024-01-22 17:45:44 - [MESSAGE][PASSED] - Text of object 'Object Repository/Stockbit/Bandarmology_BuyerVol3' is: '666'

2024-01-22 17:45:44 - [TEST_STEP][PASSED] - strBuyerAvg3 = getText(findTestObject("Stockbit/Bandarmology_BuyerAvg3")): Text of object 'Object Repository/Stockbit/Bandarmology_BuyerAvg3' is: '52'

2024-01-22 17:45:44 - [MESSAGE][PASSED] - Text of object 'Object Repository/Stockbit/Bandarmology_BuyerAvg3' is: '52'

2024-01-22 17:45:44 - [TEST_STEP][PASSED] - if (strBuyer3 != ""): null

2024-01-22 17:45:44 - [TEST_STEP][PASSED] - if (strBuyerAvg3.contains(",")): null

2024-01-22 17:45:44 - [TEST_STEP][PASSED] - if (strBuyerVol3.contains(" B")): null

2024-01-22 17:45:44 - [TEST_STEP][PASSED] - if (verifyElementNotPresent(findTestObject("Stockbit/Bandarmology_Seller3"), 1, OPTIONAL)): Web element with id: 'Object Repository/Stockbit/Bandarmology_Seller3' located by 'By.xpath: //*[contains(@id, 'rc-tabs-')]/div[2]/div/div/div/div/div/div[2]/table/tbody/tr[4]/td[5]/p' is present after '1' second(s) (Root cause: com.kms.katalon.core.exception.StepFailedException: Web element with id: 'Object Repository/Stockbit/Bandarmology_Seller3' located by 'By.xpath: //*[contains(@id, 'rc-tabs-')]/div[2]/div/div/div/div/div/div[2]/table/tbody/tr[4]/td[5]/p' is present after '1' second(s)
	at com.kms.katalon.core.webui.keyword.internal.WebUIKeywordMain.stepFailed(WebUIKeywordMain.groovy:64)
	at com.kms.katalon.core.webui.keyword.internal.WebUIKeywordMain$stepFailed$0.call(Unknown Source)
	at com.kms.katalon.core.webui.keyword.builtin.VerifyElementNotPresentKeyword$_verifyElementNotPresent_closure1.doCall(VerifyElementNotPresentKeyword.groovy:106)
	at com.kms.katalon.core.webui.keyword.builtin.VerifyElementNotPresentKeyword$_verifyElementNotPresent_closure1.doCall(VerifyElementNotPresentKeyword.groovy)
	at com.kms.katalon.core.webui.keyword.internal.WebUIKeywordMain.runKeyword(WebUIKeywordMain.groovy:20)
	at com.kms.katalon.core.webui.keyword.internal.WebUIKeywordMain$runKeyword.call(Unknown Source)
	at com.kms.katalon.core.webui.keyword.builtin.VerifyElementNotPresentKeyword.verifyElementNotPresent(VerifyElementNotPresentKeyword.groovy:117)
	at com.kms.katalon.core.webui.keyword.builtin.VerifyElementNotPresentKeyword.execute(VerifyElementNotPresentKeyword.groovy:68)
	at com.kms.katalon.core.keyword.internal.KeywordExecutor.executeKeywordForPlatform(KeywordExecutor.groovy:74)
	at com.kms.katalon.core.webui.keyword.WebUiBuiltInKeywords.verifyElementNotPresent(WebUiBuiltInKeywords.groovy:1481)
	at com.kms.katalon.core.webui.keyword.WebUiBuiltInKeywords$verifyElementNotPresent$8.call(Unknown Source)
	at GetBrokSumPriceDaily.run(GetBrokSumPriceDaily:414)
	at com.kms.katalon.core.main.ScriptEngine.run(ScriptEngine.java:194)
	at com.kms.katalon.core.main.ScriptEngine.runScriptAsRawText(ScriptEngine.java:119)
	at com.kms.katalon.core.main.TestCaseExecutor.runScript(TestCaseExecutor.java:445)
	at com.kms.katalon.core.main.TestCaseExecutor.doExecute(TestCaseExecutor.java:436)
	at com.kms.katalon.core.main.TestCaseExecutor.processExecutionPhase(TestCaseExecutor.java:415)
	at com.kms.katalon.core.main.TestCaseExecutor.accessMainPhase(TestCaseExecutor.java:407)
	at com.kms.katalon.core.main.TestCaseExecutor.execute(TestCaseExecutor.java:284)
	at com.kms.katalon.core.common.CommonExecutor.accessTestCaseMainPhase(CommonExecutor.java:65)
	at com.kms.katalon.core.main.TestSuiteExecutor.accessTestSuiteMainPhase(TestSuiteExecutor.java:144)
	at com.kms.katalon.core.main.TestSuiteExecutor.execute(TestSuiteExecutor.java:106)
	at com.kms.katalon.core.main.TestCaseMain.startTestSuite(TestCaseMain.java:185)
	at com.kms.katalon.core.main.TestCaseMain$startTestSuite$0.call(Unknown Source)
	at TempTestSuite1705920083951.run(TempTestSuite1705920083951.groovy:36)
)

2024-01-22 17:45:45 - [MESSAGE][WARNING] - Web element with id: 'Object Repository/Stockbit/Bandarmology_Seller3' located by 'By.xpath: //*[contains(@id, 'rc-tabs-')]/div[2]/div/div/div/div/div/div[2]/table/tbody/tr[4]/td[5]/p' is present after '1' second(s) (Root cause: com.kms.katalon.core.exception.StepFailedException: Web element with id: 'Object Repository/Stockbit/Bandarmology_Seller3' located by 'By.xpath: //*[contains(@id, 'rc-tabs-')]/div[2]/div/div/div/div/div/div[2]/table/tbody/tr[4]/td[5]/p' is present after '1' second(s)
	at com.kms.katalon.core.webui.keyword.internal.WebUIKeywordMain.stepFailed(WebUIKeywordMain.groovy:64)
	at com.kms.katalon.core.webui.keyword.internal.WebUIKeywordMain$stepFailed$0.call(Unknown Source)
	at com.kms.katalon.core.webui.keyword.builtin.VerifyElementNotPresentKeyword$_verifyElementNotPresent_closure1.doCall(VerifyElementNotPresentKeyword.groovy:106)
	at com.kms.katalon.core.webui.keyword.builtin.VerifyElementNotPresentKeyword$_verifyElementNotPresent_closure1.doCall(VerifyElementNotPresentKeyword.groovy)
	at com.kms.katalon.core.webui.keyword.internal.WebUIKeywordMain.runKeyword(WebUIKeywordMain.groovy:20)
	at com.kms.katalon.core.webui.keyword.internal.WebUIKeywordMain$runKeyword.call(Unknown Source)
	at com.kms.katalon.core.webui.keyword.builtin.VerifyElementNotPresentKeyword.verifyElementNotPresent(VerifyElementNotPresentKeyword.groovy:117)
	at com.kms.katalon.core.webui.keyword.builtin.VerifyElementNotPresentKeyword.execute(VerifyElementNotPresentKeyword.groovy:68)
	at com.kms.katalon.core.keyword.internal.KeywordExecutor.executeKeywordForPlatform(KeywordExecutor.groovy:74)
	at com.kms.katalon.core.webui.keyword.WebUiBuiltInKeywords.verifyElementNotPresent(WebUiBuiltInKeywords.groovy:1481)
	at com.kms.katalon.core.webui.keyword.WebUiBuiltInKeywords$verifyElementNotPresent$8.call(Unknown Source)
	at GetBrokSumPriceDaily.run(GetBrokSumPriceDaily:414)
	at com.kms.katalon.core.main.ScriptEngine.run(ScriptEngine.java:194)
	at com.kms.katalon.core.main.ScriptEngine.runScriptAsRawText(ScriptEngine.java:119)
	at com.kms.katalon.core.main.TestCaseExecutor.runScript(TestCaseExecutor.java:445)
	at com.kms.katalon.core.main.TestCaseExecutor.doExecute(TestCaseExecutor.java:436)
	at com.kms.katalon.core.main.TestCaseExecutor.processExecutionPhase(TestCaseExecutor.java:415)
	at com.kms.katalon.core.main.TestCaseExecutor.accessMainPhase(TestCaseExecutor.java:407)
	at com.kms.katalon.core.main.TestCaseExecutor.execute(TestCaseExecutor.java:284)
	at com.kms.katalon.core.common.CommonExecutor.accessTestCaseMainPhase(CommonExecutor.java:65)
	at com.kms.katalon.core.main.TestSuiteExecutor.accessTestSuiteMainPhase(TestSuiteExecutor.java:144)
	at com.kms.katalon.core.main.TestSuiteExecutor.execute(TestSuiteExecutor.java:106)
	at com.kms.katalon.core.main.TestCaseMain.startTestSuite(TestCaseMain.java:185)
	at com.kms.katalon.core.main.TestCaseMain$startTestSuite$0.call(Unknown Source)
	at TempTestSuite1705920083951.run(TempTestSuite1705920083951.groovy:36)
)
[[ATTACHMENT|C:\\Users\\Fadli\\git\\KatalonDailyGetData2\\Reports\\20240122_174123\\TS1\\20240122_174123\\1705920345712.png]]

2024-01-22 17:45:45 - [TEST_STEP][PASSED] - else: null

2024-01-22 17:45:45 - [TEST_STEP][PASSED] - strSeller3 = getText(findTestObject("Stockbit/Bandarmology_Seller3")): Text of object 'Object Repository/Stockbit/Bandarmology_Seller3' is: 'XC'

2024-01-22 17:45:46 - [MESSAGE][PASSED] - Text of object 'Object Repository/Stockbit/Bandarmology_Seller3' is: 'XC'

2024-01-22 17:45:46 - [TEST_STEP][PASSED] - strSellerVol3 = getText(findTestObject("Stockbit/Bandarmology_SellerVol3")): Text of object 'Object Repository/Stockbit/Bandarmology_SellerVol3' is: '432'

2024-01-22 17:45:46 - [MESSAGE][PASSED] - Text of object 'Object Repository/Stockbit/Bandarmology_SellerVol3' is: '432'

2024-01-22 17:45:46 - [TEST_STEP][PASSED] - strSellerAvg3 = getText(findTestObject("Stockbit/Bandarmology_SellerAvg3")): Text of object 'Object Repository/Stockbit/Bandarmology_SellerAvg3' is: '52'

2024-01-22 17:45:46 - [MESSAGE][PASSED] - Text of object 'Object Repository/Stockbit/Bandarmology_SellerAvg3' is: '52'

2024-01-22 17:45:46 - [TEST_STEP][PASSED] - if (strSeller3 != ""): null

2024-01-22 17:45:46 - [TEST_STEP][PASSED] - if (strSellerAvg3.contains(",")): null

2024-01-22 17:45:46 - [TEST_STEP][PASSED] - if (strSellerVol3.contains(" B")): null

2024-01-22 17:45:46 - [TEST_STEP][PASSED] - strAccDist = getText(findTestObject("Stockbit/Bandarmology_AccDist")): Text of object 'Object Repository/Stockbit/Bandarmology_AccDist' is: 'Acc'

2024-01-22 17:45:46 - [MESSAGE][PASSED] - Text of object 'Object Repository/Stockbit/Bandarmology_AccDist' is: 'Acc'

2024-01-22 17:45:46 - [TEST_STEP][PASSED] - strNetVol = getText(findTestObject("Stockbit/Bandarmology_NetVol")): Text of object 'Object Repository/Stockbit/Bandarmology_NetVol' is: '3,675'

2024-01-22 17:45:46 - [MESSAGE][PASSED] - Text of object 'Object Repository/Stockbit/Bandarmology_NetVol' is: '3,675'

2024-01-22 17:45:46 - [TEST_STEP][PASSED] - strNetVol = strNetVol.replace(",", ""): null

2024-01-22 17:45:46 - [TEST_STEP][PASSED] - strNetVal = getText(findTestObject("Stockbit/Bandarmology_NetVal")): Text of object 'Object Repository/Stockbit/Bandarmology_NetVal' is: '0 B'

2024-01-22 17:45:46 - [MESSAGE][PASSED] - Text of object 'Object Repository/Stockbit/Bandarmology_NetVal' is: '0 B'

2024-01-22 17:45:46 - [TEST_STEP][PASSED] - delay(3): Delayed 3 second(s)

2024-01-22 17:45:49 - [MESSAGE][PASSED] - Delayed 3 second(s)

2024-01-22 17:45:49 - [TEST_STEP][PASSED] - strOpenPrice = getText(findTestObject("Stockbit/Home_OpenPrice")): Text of object 'Object Repository/Stockbit/Home_OpenPrice' is: '52'

2024-01-22 17:45:49 - [MESSAGE][PASSED] - Text of object 'Object Repository/Stockbit/Home_OpenPrice' is: '52'

2024-01-22 17:45:49 - [TEST_STEP][PASSED] - strOpenPrice = strOpenPrice.replace(",", ""): null

2024-01-22 17:45:49 - [TEST_STEP][PASSED] - strLowPrice = getText(findTestObject("Stockbit/Home_LowPrice")): Text of object 'Object Repository/Stockbit/Home_LowPrice' is: '52'

2024-01-22 17:45:49 - [MESSAGE][PASSED] - Text of object 'Object Repository/Stockbit/Home_LowPrice' is: '52'

2024-01-22 17:45:49 - [TEST_STEP][PASSED] - strLowPrice = strLowPrice.replace(",", ""): null

2024-01-22 17:45:49 - [TEST_STEP][PASSED] - strHighPrice = getText(findTestObject("Stockbit/Home_HighPrice")): Text of object 'Object Repository/Stockbit/Home_HighPrice' is: '53'

2024-01-22 17:45:49 - [MESSAGE][PASSED] - Text of object 'Object Repository/Stockbit/Home_HighPrice' is: '53'

2024-01-22 17:45:49 - [TEST_STEP][PASSED] - strHighPrice = strHighPrice.replace(",", ""): null

2024-01-22 17:45:49 - [TEST_STEP][PASSED] - strClosePrice = getText(findTestObject("Stockbit/Home_ClosePrice")): Text of object 'Object Repository/Stockbit/Home_ClosePrice' is: '53'

2024-01-22 17:45:50 - [MESSAGE][PASSED] - Text of object 'Object Repository/Stockbit/Home_ClosePrice' is: '53'

2024-01-22 17:45:50 - [TEST_STEP][PASSED] - strClosePrice = strClosePrice.replace(",", ""): null

2024-01-22 17:45:50 - [TEST_STEP][PASSED] - strVol = getText(findTestObject("Stockbit/Home_Volume")): Text of object 'Object Repository/Stockbit/Home_Volume' is: '5 K'

2024-01-22 17:45:50 - [MESSAGE][PASSED] - Text of object 'Object Repository/Stockbit/Home_Volume' is: '5 K'

2024-01-22 17:45:50 - [TEST_STEP][PASSED] - if (strVol.contains(" K")): null

2024-01-22 17:45:50 - [TEST_STEP][PASSED] - strVol = strVol.replace(" K", "000"): null

2024-01-22 17:45:50 - [TEST_STEP][PASSED] - if (strVol.contains(",")): null

2024-01-22 17:45:50 - [TEST_STEP][PASSED] - strChange = getText(findTestObject("Stockbit/Home_Change")): Text of object 'Object Repository/Stockbit/Home_Change' is: '1.92%'

2024-01-22 17:45:50 - [MESSAGE][PASSED] - Text of object 'Object Repository/Stockbit/Home_Change' is: '1.92%'

2024-01-22 17:45:50 - [TEST_STEP][PASSED] - strChange = strChange.replace("%", ""): null

2024-01-22 17:45:50 - [TEST_STEP][PASSED] - strFreq = getText(findTestObject("Stockbit/Home_Freq")): Text of object 'Object Repository/Stockbit/Home_Freq' is: '85'

2024-01-22 17:45:50 - [MESSAGE][PASSED] - Text of object 'Object Repository/Stockbit/Home_Freq' is: '85'

2024-01-22 17:45:50 - [TEST_STEP][PASSED] - if (strFreq.contains(",")): null

2024-01-22 17:45:50 - [TEST_STEP][PASSED] - if (strFreq == "NA" || strFreq == ""): null

2024-01-22 17:45:50 - [TEST_STEP][PASSED] - else: null

2024-01-22 17:45:50 - [TEST_STEP][PASSED] - dblFreqAnal = strVol.toDouble() / strFreq.toDouble() * strFreq.toDouble() * strFreq.toDouble() * 100000000: null

2024-01-22 17:45:50 - [TEST_STEP][PASSED] - strFreqAnal = String.format("%.4f", dblFreqAnal): null

2024-01-22 17:45:50 - [TEST_STEP][PASSED] - out.println("Double strFreqAnal: " + strFreqAnal): null

2024-01-22 17:45:50 - [TEST_STEP][PASSED] - strTanggal = d.format(DateTimeFormatter.ofPattern("yyyy-MM-dd")): null

2024-01-22 17:45:50 - [TEST_STEP][PASSED] - strTanggal = "#" + strTanggal + "#": null

2024-01-22 17:45:50 - [TEST_STEP][PASSED] - strSQL = "select count(*) as JumBaris from TblBrokSum where Nama = '" + strNama + "' and Tanggal = " + strTanggal + "": null

2024-01-22 17:45:50 - [TEST_STEP][PASSED] - resultSet = statement.executeQuery(strSQL): null

2024-01-22 17:45:50 - [TEST_STEP][PASSED] - resultSet.next(): null

2024-01-22 17:45:50 - [TEST_STEP][PASSED] - intJumBaris = resultSet.getInt("JumBaris"): null

2024-01-22 17:45:50 - [TEST_STEP][PASSED] - if (intJumBaris > 0): null

2024-01-22 17:45:50 - [TEST_STEP][PASSED] - else: null

2024-01-22 17:45:50 - [TEST_STEP][PASSED] - try: null

2024-01-22 17:45:50 - [TEST_STEP][PASSED] - out.println("Insert data"): null

2024-01-22 17:45:50 - [TEST_STEP][PASSED] - strSQL = "insert into TblBrokSum (nama, tanggal, top1, top2, top3, AllBrokAvg, AccDist, AvgRP, " + "Buyer1, BuyerVal1, BuyerAvg1, Seller1, SellerVal1, SellerAvg1, Buyer2, BuyerVal2, BuyerAvg2, " + "Seller2, SellerVal2, SellerAvg2, Buyer3, BuyerVal3, BuyerAvg3, Seller3, SellerVal3, SellerAvg3, NetVol, NetVal, " + "OpenPrice, LowPrice, HighPrice, ClosePrice, Volume, Change, Frekuensi, FrekAnal) " + "values ('" + strNama + "', " + strTanggal + ", '" + strTop1 + "', '" + strTop3 + "', '" + strTop5 + "', " + "'" + strAllBrokAvg + "', '" + strAccDist + "', " + intAvgRP + ", '" + strBuyer1 + "', '" + strBuyerVol1 + "', " + strBuyerAvg1 + ", " + "'" + strSeller1 + "', '" + strSellerVol1 + "', " + strSellerAvg1 + ", '" + strBuyer2 + "', '" + strBuyerVol2 + "', " + strBuyerAvg2 + ", " + "'" + strSeller2 + "', '" + strSellerVol2 + "', " + strSellerAvg2 + ", '" + strBuyer3 + "', '" + strBuyerVol3 + "', " + strBuyerAvg3 + ", " + "'" + strSeller3 + "', '" + strSellerVol3 + "', " + strSellerAvg3 + ", " + strNetVol + ", '" + strNetVal + "', " + "" + strOpenPrice + ", " + strLowPrice + ", " + strHighPrice + ", " + strClosePrice + ", '" + strVol + "', " + strChange + ", " + strFreq + ", " + strFreqAnal + ");": null

2024-01-22 17:45:50 - [TEST_STEP][PASSED] - out.println("strSQL = " + strSQL): null

2024-01-22 17:45:50 - [TEST_STEP][PASSED] - statement.executeUpdate(strSQL): null

2024-01-22 17:45:50 - [TEST_STEP][PASSED] - setValueToCellByIndex(sheet01, rowIndex, 4, "DONE"): null

2024-01-22 17:45:50 - [TEST_STEP][PASSED] - saveWorkbook(excelFilePath, workbook01): null

2024-01-22 17:45:50 - [TEST_STEP][PASSED] - waitForElementClickable(findTestObject("Stockbit/menu_Bandarmology"), 10): Object 'Object Repository/Stockbit/menu_Bandarmology' is clickable

2024-01-22 17:45:50 - [MESSAGE][PASSED] - Object 'Object Repository/Stockbit/menu_Bandarmology' is clickable

2024-01-22 17:45:50 - [TEST_STEP][PASSED] - click(findTestObject("Stockbit/menu_Bandarmology")): Object: 'Object Repository/Stockbit/menu_Bandarmology' is clicked on

2024-01-22 17:45:51 - [MESSAGE][PASSED] - Object: 'Object Repository/Stockbit/menu_Bandarmology' is clicked on

2024-01-22 17:45:51 - [TEST_STEP][PASSED] - strTemp = "NA": null

2024-01-22 17:45:51 - [TEST_STEP][PASSED] - if (getCellValueByIndex(sheet01, rowIndex, 4) != "DONE"): Object: 'Object Repository/Stockbit/menu_Bandarmology' is clicked on

2024-01-22 17:45:51 - [TEST_STEP][PASSED] - strNama = getCellValueByIndex(sheet01, rowIndex, 0): null

2024-01-22 17:45:51 - [TEST_STEP][PASSED] - navigateToUrl("https://stockbit.com/#/symbol/" + strNama): Navigate to 'https://stockbit.com/#/symbol/CYBR' successfully

2024-01-22 17:45:53 - [MESSAGE][PASSED] - Navigate to 'https://stockbit.com/#/symbol/CYBR' successfully

2024-01-22 17:45:53 - [TEST_STEP][PASSED] - waitForElementClickable(findTestObject("Stockbit/menu_Bandarmology"), 10): Object 'Object Repository/Stockbit/menu_Bandarmology' is clickable

2024-01-22 17:45:53 - [MESSAGE][PASSED] - Object 'Object Repository/Stockbit/menu_Bandarmology' is clickable

2024-01-22 17:45:53 - [TEST_STEP][PASSED] - click(findTestObject("Stockbit/menu_Bandarmology")): Object: 'Object Repository/Stockbit/menu_Bandarmology' is clicked on

2024-01-22 17:45:53 - [MESSAGE][PASSED] - Object: 'Object Repository/Stockbit/menu_Bandarmology' is clicked on

2024-01-22 17:45:53 - [TEST_STEP][PASSED] - strTanggal = d.format(DateTimeFormatter.ofPattern("MMM dd, yyyy")): null

2024-01-22 17:45:53 - [TEST_STEP][PASSED] - strTanggal = d.format(ISO_DATE): null

2024-01-22 17:45:53 - [TEST_STEP][PASSED] - out.println("strTanggal = " + strTanggal): null

2024-01-22 17:45:53 - [TEST_STEP][PASSED] - out.println("strNama = " + strNama): null

2024-01-22 17:45:53 - [TEST_STEP][PASSED] - out.println("Baris ke = " + rowIndex): null

2024-01-22 17:45:53 - [TEST_STEP][PASSED] - click(findTestObject("Stockbit/input__BandarmologyOpenStartDate")): Object: 'Object Repository/Stockbit/input__BandarmologyOpenStartDate' is clicked on

2024-01-22 17:45:55 - [MESSAGE][PASSED] - Object: 'Object Repository/Stockbit/input__BandarmologyOpenStartDate' is clicked on

2024-01-22 17:45:55 - [TEST_STEP][PASSED] - sendKeys(findTestObject("Stockbit/input__BandarmologyOpenStartDate"), Keys.chord(CONTROL, "a")): Keys 'CONTROL + a' sent to object: 'Object Repository/Stockbit/input__BandarmologyOpenStartDate'

2024-01-22 17:45:55 - [MESSAGE][PASSED] - Keys 'CONTROL + a' sent to object: 'Object Repository/Stockbit/input__BandarmologyOpenStartDate'

2024-01-22 17:45:55 - [TEST_STEP][PASSED] - sendKeys(findTestObject("Stockbit/input__BandarmologyOpenStartDate"), Keys.chord(BACK_SPACE)): Keys 'BACK_SPACE + ' sent to object: 'Object Repository/Stockbit/input__BandarmologyOpenStartDate'

2024-01-22 17:45:56 - [MESSAGE][PASSED] - Keys 'BACK_SPACE + ' sent to object: 'Object Repository/Stockbit/input__BandarmologyOpenStartDate'

2024-01-22 17:45:56 - [TEST_STEP][PASSED] - setText(findTestObject("Stockbit/input__BandarmologyOpenStartDate"), strTanggal): Text '2024-01-22' is set on object 'Object Repository/Stockbit/input__BandarmologyOpenStartDate'

2024-01-22 17:45:56 - [MESSAGE][PASSED] - Text '2024-01-22' is set on object 'Object Repository/Stockbit/input__BandarmologyOpenStartDate'

2024-01-22 17:45:56 - [TEST_STEP][PASSED] - sendKeys(findTestObject("Stockbit/input__BandarmologyOpenStartDate"), Keys.chord(ENTER)): Keys 'ENTER + ' sent to object: 'Object Repository/Stockbit/input__BandarmologyOpenStartDate'

2024-01-22 17:45:57 - [MESSAGE][PASSED] - Keys 'ENTER + ' sent to object: 'Object Repository/Stockbit/input__BandarmologyOpenStartDate'

2024-01-22 17:45:57 - [TEST_STEP][PASSED] - click(findTestObject("Stockbit/input__BandarmologyOpenEndDate")): Object: 'Object Repository/Stockbit/input__BandarmologyOpenEndDate' is clicked on

2024-01-22 17:45:57 - [MESSAGE][PASSED] - Object: 'Object Repository/Stockbit/input__BandarmologyOpenEndDate' is clicked on

2024-01-22 17:45:57 - [TEST_STEP][PASSED] - sendKeys(findTestObject("Stockbit/input__BandarmologyOpenEndDate"), Keys.chord(CONTROL, "a")): Keys 'CONTROL + a' sent to object: 'Object Repository/Stockbit/input__BandarmologyOpenEndDate'

2024-01-22 17:45:58 - [MESSAGE][PASSED] - Keys 'CONTROL + a' sent to object: 'Object Repository/Stockbit/input__BandarmologyOpenEndDate'

2024-01-22 17:45:58 - [TEST_STEP][PASSED] - sendKeys(findTestObject("Stockbit/input__BandarmologyOpenEndDate"), Keys.chord(BACK_SPACE)): Keys 'BACK_SPACE + ' sent to object: 'Object Repository/Stockbit/input__BandarmologyOpenEndDate'

2024-01-22 17:45:58 - [MESSAGE][PASSED] - Keys 'BACK_SPACE + ' sent to object: 'Object Repository/Stockbit/input__BandarmologyOpenEndDate'

2024-01-22 17:45:58 - [TEST_STEP][PASSED] - setText(findTestObject("Stockbit/input__BandarmologyOpenEndDate"), strTanggal): Text '2024-01-22' is set on object 'Object Repository/Stockbit/input__BandarmologyOpenEndDate'

2024-01-22 17:45:59 - [MESSAGE][PASSED] - Text '2024-01-22' is set on object 'Object Repository/Stockbit/input__BandarmologyOpenEndDate'

2024-01-22 17:45:59 - [TEST_STEP][PASSED] - sendKeys(findTestObject("Stockbit/input__BandarmologyOpenEndDate"), Keys.chord(ENTER)): Keys 'ENTER + ' sent to object: 'Object Repository/Stockbit/input__BandarmologyOpenEndDate'

2024-01-22 17:45:59 - [MESSAGE][PASSED] - Keys 'ENTER + ' sent to object: 'Object Repository/Stockbit/input__BandarmologyOpenEndDate'

2024-01-22 17:45:59 - [TEST_STEP][PASSED] - delay(2): Delayed 2 second(s)

2024-01-22 17:46:01 - [MESSAGE][PASSED] - Delayed 2 second(s)

2024-01-22 17:46:01 - [TEST_STEP][PASSED] - strTemp = getText(findTestObject("Stockbit/Bandarmology_AvgRP")): Text of object 'Object Repository/Stockbit/Bandarmology_AvgRP' is: '196'

2024-01-22 17:46:01 - [MESSAGE][PASSED] - Text of object 'Object Repository/Stockbit/Bandarmology_AvgRP' is: '196'

2024-01-22 17:46:01 - [TEST_STEP][PASSED] - out.println("Bandarmology_AvgRP = " + strTemp): null

2024-01-22 17:46:01 - [TEST_STEP][PASSED] - if (strTemp != "0"): null

2024-01-22 17:46:01 - [TEST_STEP][PASSED] - strTop1 = getText(findTestObject("Stockbit/Bandarmology_Top1")): Text of object 'Object Repository/Stockbit/Bandarmology_Top1' is: 'Big Acc'

2024-01-22 17:46:01 - [MESSAGE][PASSED] - Text of object 'Object Repository/Stockbit/Bandarmology_Top1' is: 'Big Acc'

2024-01-22 17:46:01 - [TEST_STEP][PASSED] - strTop3 = getText(findTestObject("Stockbit/Bandarmology_Top3")): Text of object 'Object Repository/Stockbit/Bandarmology_Top3' is: 'Big Acc'

2024-01-22 17:46:02 - [MESSAGE][PASSED] - Text of object 'Object Repository/Stockbit/Bandarmology_Top3' is: 'Big Acc'

2024-01-22 17:46:02 - [TEST_STEP][PASSED] - strTop5 = getText(findTestObject("Stockbit/Bandarmology_Top5")): Text of object 'Object Repository/Stockbit/Bandarmology_Top5' is: 'Big Acc'

2024-01-22 17:46:02 - [MESSAGE][PASSED] - Text of object 'Object Repository/Stockbit/Bandarmology_Top5' is: 'Big Acc'

2024-01-22 17:46:02 - [TEST_STEP][PASSED] - strAllBrokAvg = getText(findTestObject("Stockbit/Bandarmology_TopAVG")): Text of object 'Object Repository/Stockbit/Bandarmology_TopAVG' is: 'Big Acc'

2024-01-22 17:46:02 - [MESSAGE][PASSED] - Text of object 'Object Repository/Stockbit/Bandarmology_TopAVG' is: 'Big Acc'

2024-01-22 17:46:02 - [TEST_STEP][PASSED] - strTemp = getText(findTestObject("Stockbit/Bandarmology_AvgRP")): Text of object 'Object Repository/Stockbit/Bandarmology_AvgRP' is: '196'

2024-01-22 17:46:02 - [MESSAGE][PASSED] - Text of object 'Object Repository/Stockbit/Bandarmology_AvgRP' is: '196'

2024-01-22 17:46:02 - [TEST_STEP][PASSED] - if (strTemp.contains(",")): null

2024-01-22 17:46:02 - [TEST_STEP][PASSED] - intAvgRP = strTemp.toInteger(): null

2024-01-22 17:46:02 - [TEST_STEP][PASSED] - strBuyer1 = getText(findTestObject("Stockbit/Bandarmology_Buyer1")): Text of object 'Object Repository/Stockbit/Bandarmology_Buyer1' is: 'LG'

2024-01-22 17:46:02 - [MESSAGE][PASSED] - Text of object 'Object Repository/Stockbit/Bandarmology_Buyer1' is: 'LG'

2024-01-22 17:46:02 - [TEST_STEP][PASSED] - strBuyerVol1 = getText(findTestObject("Stockbit/Bandarmology_BuyerVol1")): Text of object 'Object Repository/Stockbit/Bandarmology_BuyerVol1' is: '10.7 K'

2024-01-22 17:46:02 - [MESSAGE][PASSED] - Text of object 'Object Repository/Stockbit/Bandarmology_BuyerVol1' is: '10.7 K'

2024-01-22 17:46:02 - [TEST_STEP][PASSED] - strBuyerAvg1 = getText(findTestObject("Stockbit/Bandarmology_BuyerAvg1")): Text of object 'Object Repository/Stockbit/Bandarmology_BuyerAvg1' is: '197'

2024-01-22 17:46:02 - [MESSAGE][PASSED] - Text of object 'Object Repository/Stockbit/Bandarmology_BuyerAvg1' is: '197'

2024-01-22 17:46:02 - [TEST_STEP][PASSED] - if (strBuyerAvg1.contains(",")): null

2024-01-22 17:46:02 - [TEST_STEP][PASSED] - if (strBuyerVol1.contains(" B")): null

2024-01-22 17:46:02 - [TEST_STEP][PASSED] - else if (strBuyerVol1.contains(" M")): null

2024-01-22 17:46:02 - [TEST_STEP][PASSED] - else if (strBuyerVol1.contains(" K")): null

2024-01-22 17:46:02 - [TEST_STEP][PASSED] - strBuyerVol1 = strBuyerVol1.replace(" K", ""): null

2024-01-22 17:46:02 - [TEST_STEP][PASSED] - strBuyerVol1 = strBuyerVol1.toDouble() * 1000: null

2024-01-22 17:46:02 - [TEST_STEP][PASSED] - strSeller1 = getText(findTestObject("Stockbit/Bandarmology_Seller1")): Text of object 'Object Repository/Stockbit/Bandarmology_Seller1' is: 'XL'

2024-01-22 17:46:02 - [MESSAGE][PASSED] - Text of object 'Object Repository/Stockbit/Bandarmology_Seller1' is: 'XL'

2024-01-22 17:46:02 - [TEST_STEP][PASSED] - strSellerVol1 = getText(findTestObject("Stockbit/Bandarmology_SellerVol1")): Text of object 'Object Repository/Stockbit/Bandarmology_SellerVol1' is: '4.7 K'

2024-01-22 17:46:03 - [MESSAGE][PASSED] - Text of object 'Object Repository/Stockbit/Bandarmology_SellerVol1' is: '4.7 K'

2024-01-22 17:46:03 - [TEST_STEP][PASSED] - strSellerAvg1 = getText(findTestObject("Stockbit/Bandarmology_SellerAvg1")): Text of object 'Object Repository/Stockbit/Bandarmology_SellerAvg1' is: '199'

2024-01-22 17:46:03 - [MESSAGE][PASSED] - Text of object 'Object Repository/Stockbit/Bandarmology_SellerAvg1' is: '199'

2024-01-22 17:46:03 - [TEST_STEP][PASSED] - if (strSellerAvg1.contains(",")): null

2024-01-22 17:46:03 - [TEST_STEP][PASSED] - if (strSellerVol1.contains(" B")): null

2024-01-22 17:46:03 - [TEST_STEP][PASSED] - else if (strSellerVol1.contains(" M")): null

2024-01-22 17:46:03 - [TEST_STEP][PASSED] - else if (strSellerVol1.contains(" K")): null

2024-01-22 17:46:03 - [TEST_STEP][PASSED] - strSellerVol1 = strSellerVol1.replace(" K", ""): null

2024-01-22 17:46:03 - [TEST_STEP][PASSED] - strSellerVol1 = strSellerVol1.toDouble() * 1000: null

2024-01-22 17:46:03 - [TEST_STEP][PASSED] - if (verifyElementNotPresent(findTestObject("Stockbit/Bandarmology_Buyer2"), 1, OPTIONAL)): Web element with id: 'Object Repository/Stockbit/Bandarmology_Buyer2' located by 'By.xpath: //*[contains(@id, 'rc-tabs-')]/div[2]/div/div/div/div/div/div[2]/table/tbody/tr[3]/td[1]/p' is present after '1' second(s) (Root cause: com.kms.katalon.core.exception.StepFailedException: Web element with id: 'Object Repository/Stockbit/Bandarmology_Buyer2' located by 'By.xpath: //*[contains(@id, 'rc-tabs-')]/div[2]/div/div/div/div/div/div[2]/table/tbody/tr[3]/td[1]/p' is present after '1' second(s)
	at com.kms.katalon.core.webui.keyword.internal.WebUIKeywordMain.stepFailed(WebUIKeywordMain.groovy:64)
	at com.kms.katalon.core.webui.keyword.internal.WebUIKeywordMain$stepFailed$0.call(Unknown Source)
	at com.kms.katalon.core.webui.keyword.builtin.VerifyElementNotPresentKeyword$_verifyElementNotPresent_closure1.doCall(VerifyElementNotPresentKeyword.groovy:106)
	at com.kms.katalon.core.webui.keyword.builtin.VerifyElementNotPresentKeyword$_verifyElementNotPresent_closure1.doCall(VerifyElementNotPresentKeyword.groovy)
	at com.kms.katalon.core.webui.keyword.internal.WebUIKeywordMain.runKeyword(WebUIKeywordMain.groovy:20)
	at com.kms.katalon.core.webui.keyword.internal.WebUIKeywordMain$runKeyword.call(Unknown Source)
	at com.kms.katalon.core.webui.keyword.builtin.VerifyElementNotPresentKeyword.verifyElementNotPresent(VerifyElementNotPresentKeyword.groovy:117)
	at com.kms.katalon.core.webui.keyword.builtin.VerifyElementNotPresentKeyword.execute(VerifyElementNotPresentKeyword.groovy:68)
	at com.kms.katalon.core.keyword.internal.KeywordExecutor.executeKeywordForPlatform(KeywordExecutor.groovy:74)
	at com.kms.katalon.core.webui.keyword.WebUiBuiltInKeywords.verifyElementNotPresent(WebUiBuiltInKeywords.groovy:1481)
	at com.kms.katalon.core.webui.keyword.WebUiBuiltInKeywords$verifyElementNotPresent$8.call(Unknown Source)
	at GetBrokSumPriceDaily.run(GetBrokSumPriceDaily:258)
	at com.kms.katalon.core.main.ScriptEngine.run(ScriptEngine.java:194)
	at com.kms.katalon.core.main.ScriptEngine.runScriptAsRawText(ScriptEngine.java:119)
	at com.kms.katalon.core.main.TestCaseExecutor.runScript(TestCaseExecutor.java:445)
	at com.kms.katalon.core.main.TestCaseExecutor.doExecute(TestCaseExecutor.java:436)
	at com.kms.katalon.core.main.TestCaseExecutor.processExecutionPhase(TestCaseExecutor.java:415)
	at com.kms.katalon.core.main.TestCaseExecutor.accessMainPhase(TestCaseExecutor.java:407)
	at com.kms.katalon.core.main.TestCaseExecutor.execute(TestCaseExecutor.java:284)
	at com.kms.katalon.core.common.CommonExecutor.accessTestCaseMainPhase(CommonExecutor.java:65)
	at com.kms.katalon.core.main.TestSuiteExecutor.accessTestSuiteMainPhase(TestSuiteExecutor.java:144)
	at com.kms.katalon.core.main.TestSuiteExecutor.execute(TestSuiteExecutor.java:106)
	at com.kms.katalon.core.main.TestCaseMain.startTestSuite(TestCaseMain.java:185)
	at com.kms.katalon.core.main.TestCaseMain$startTestSuite$0.call(Unknown Source)
	at TempTestSuite1705920083951.run(TempTestSuite1705920083951.groovy:36)
)

2024-01-22 17:46:04 - [MESSAGE][WARNING] - Web element with id: 'Object Repository/Stockbit/Bandarmology_Buyer2' located by 'By.xpath: //*[contains(@id, 'rc-tabs-')]/div[2]/div/div/div/div/div/div[2]/table/tbody/tr[3]/td[1]/p' is present after '1' second(s) (Root cause: com.kms.katalon.core.exception.StepFailedException: Web element with id: 'Object Repository/Stockbit/Bandarmology_Buyer2' located by 'By.xpath: //*[contains(@id, 'rc-tabs-')]/div[2]/div/div/div/div/div/div[2]/table/tbody/tr[3]/td[1]/p' is present after '1' second(s)
	at com.kms.katalon.core.webui.keyword.internal.WebUIKeywordMain.stepFailed(WebUIKeywordMain.groovy:64)
	at com.kms.katalon.core.webui.keyword.internal.WebUIKeywordMain$stepFailed$0.call(Unknown Source)
	at com.kms.katalon.core.webui.keyword.builtin.VerifyElementNotPresentKeyword$_verifyElementNotPresent_closure1.doCall(VerifyElementNotPresentKeyword.groovy:106)
	at com.kms.katalon.core.webui.keyword.builtin.VerifyElementNotPresentKeyword$_verifyElementNotPresent_closure1.doCall(VerifyElementNotPresentKeyword.groovy)
	at com.kms.katalon.core.webui.keyword.internal.WebUIKeywordMain.runKeyword(WebUIKeywordMain.groovy:20)
	at com.kms.katalon.core.webui.keyword.internal.WebUIKeywordMain$runKeyword.call(Unknown Source)
	at com.kms.katalon.core.webui.keyword.builtin.VerifyElementNotPresentKeyword.verifyElementNotPresent(VerifyElementNotPresentKeyword.groovy:117)
	at com.kms.katalon.core.webui.keyword.builtin.VerifyElementNotPresentKeyword.execute(VerifyElementNotPresentKeyword.groovy:68)
	at com.kms.katalon.core.keyword.internal.KeywordExecutor.executeKeywordForPlatform(KeywordExecutor.groovy:74)
	at com.kms.katalon.core.webui.keyword.WebUiBuiltInKeywords.verifyElementNotPresent(WebUiBuiltInKeywords.groovy:1481)
	at com.kms.katalon.core.webui.keyword.WebUiBuiltInKeywords$verifyElementNotPresent$8.call(Unknown Source)
	at GetBrokSumPriceDaily.run(GetBrokSumPriceDaily:258)
	at com.kms.katalon.core.main.ScriptEngine.run(ScriptEngine.java:194)
	at com.kms.katalon.core.main.ScriptEngine.runScriptAsRawText(ScriptEngine.java:119)
	at com.kms.katalon.core.main.TestCaseExecutor.runScript(TestCaseExecutor.java:445)
	at com.kms.katalon.core.main.TestCaseExecutor.doExecute(TestCaseExecutor.java:436)
	at com.kms.katalon.core.main.TestCaseExecutor.processExecutionPhase(TestCaseExecutor.java:415)
	at com.kms.katalon.core.main.TestCaseExecutor.accessMainPhase(TestCaseExecutor.java:407)
	at com.kms.katalon.core.main.TestCaseExecutor.execute(TestCaseExecutor.java:284)
	at com.kms.katalon.core.common.CommonExecutor.accessTestCaseMainPhase(CommonExecutor.java:65)
	at com.kms.katalon.core.main.TestSuiteExecutor.accessTestSuiteMainPhase(TestSuiteExecutor.java:144)
	at com.kms.katalon.core.main.TestSuiteExecutor.execute(TestSuiteExecutor.java:106)
	at com.kms.katalon.core.main.TestCaseMain.startTestSuite(TestCaseMain.java:185)
	at com.kms.katalon.core.main.TestCaseMain$startTestSuite$0.call(Unknown Source)
	at TempTestSuite1705920083951.run(TempTestSuite1705920083951.groovy:36)
)
[[ATTACHMENT|C:\\Users\\Fadli\\git\\KatalonDailyGetData2\\Reports\\20240122_174123\\TS1\\20240122_174123\\1705920364319.png]]

2024-01-22 17:46:04 - [TEST_STEP][PASSED] - else: null

2024-01-22 17:46:04 - [TEST_STEP][PASSED] - strBuyer2 = getText(findTestObject("Stockbit/Bandarmology_Buyer2")): Text of object 'Object Repository/Stockbit/Bandarmology_Buyer2' is: 'YP'

2024-01-22 17:46:04 - [MESSAGE][PASSED] - Text of object 'Object Repository/Stockbit/Bandarmology_Buyer2' is: 'YP'

2024-01-22 17:46:04 - [TEST_STEP][PASSED] - strBuyerVol2 = getText(findTestObject("Stockbit/Bandarmology_BuyerVol2")): Text of object 'Object Repository/Stockbit/Bandarmology_BuyerVol2' is: '2.9 K'

2024-01-22 17:46:04 - [MESSAGE][PASSED] - Text of object 'Object Repository/Stockbit/Bandarmology_BuyerVol2' is: '2.9 K'

2024-01-22 17:46:04 - [TEST_STEP][PASSED] - strBuyerAvg2 = getText(findTestObject("Stockbit/Bandarmology_BuyerAvg2")): Text of object 'Object Repository/Stockbit/Bandarmology_BuyerAvg2' is: '199'

2024-01-22 17:46:04 - [MESSAGE][PASSED] - Text of object 'Object Repository/Stockbit/Bandarmology_BuyerAvg2' is: '199'

2024-01-22 17:46:04 - [TEST_STEP][PASSED] - if (strBuyer2 != ""): null

2024-01-22 17:46:04 - [TEST_STEP][PASSED] - if (strBuyerAvg2.contains(",")): null

2024-01-22 17:46:04 - [TEST_STEP][PASSED] - if (strBuyerVol2.contains(" B")): null

2024-01-22 17:46:04 - [TEST_STEP][PASSED] - else if (strBuyerVol2.contains(" M")): null

2024-01-22 17:46:04 - [TEST_STEP][PASSED] - else if (strBuyerVol2.contains(" K")): null

2024-01-22 17:46:04 - [TEST_STEP][PASSED] - strBuyerVol2 = strBuyerVol2.replace(" K", ""): null

2024-01-22 17:46:04 - [TEST_STEP][PASSED] - strBuyerVol2 = strBuyerVol2.toDouble() * 1000: null

2024-01-22 17:46:04 - [TEST_STEP][PASSED] - if (strBuyerVol2.contains(".")): null

2024-01-22 17:46:04 - [TEST_STEP][PASSED] - strBuyerVal2 = strBuyerVol2.replace(".", ""): null

2024-01-22 17:46:04 - [TEST_STEP][PASSED] - if (verifyElementNotPresent(findTestObject("Stockbit/Bandarmology_Seller2"), 1, OPTIONAL)): Web element with id: 'Object Repository/Stockbit/Bandarmology_Seller2' located by 'By.xpath: //*[contains(@id, 'rc-tabs-')]/div[2]/div/div/div/div/div/div[2]/table/tbody/tr[3]/td[5]/p' is present after '1' second(s) (Root cause: com.kms.katalon.core.exception.StepFailedException: Web element with id: 'Object Repository/Stockbit/Bandarmology_Seller2' located by 'By.xpath: //*[contains(@id, 'rc-tabs-')]/div[2]/div/div/div/div/div/div[2]/table/tbody/tr[3]/td[5]/p' is present after '1' second(s)
	at com.kms.katalon.core.webui.keyword.internal.WebUIKeywordMain.stepFailed(WebUIKeywordMain.groovy:64)
	at com.kms.katalon.core.webui.keyword.internal.WebUIKeywordMain$stepFailed$0.call(Unknown Source)
	at com.kms.katalon.core.webui.keyword.builtin.VerifyElementNotPresentKeyword$_verifyElementNotPresent_closure1.doCall(VerifyElementNotPresentKeyword.groovy:106)
	at com.kms.katalon.core.webui.keyword.builtin.VerifyElementNotPresentKeyword$_verifyElementNotPresent_closure1.doCall(VerifyElementNotPresentKeyword.groovy)
	at com.kms.katalon.core.webui.keyword.internal.WebUIKeywordMain.runKeyword(WebUIKeywordMain.groovy:20)
	at com.kms.katalon.core.webui.keyword.internal.WebUIKeywordMain$runKeyword.call(Unknown Source)
	at com.kms.katalon.core.webui.keyword.builtin.VerifyElementNotPresentKeyword.verifyElementNotPresent(VerifyElementNotPresentKeyword.groovy:117)
	at com.kms.katalon.core.webui.keyword.builtin.VerifyElementNotPresentKeyword.execute(VerifyElementNotPresentKeyword.groovy:68)
	at com.kms.katalon.core.keyword.internal.KeywordExecutor.executeKeywordForPlatform(KeywordExecutor.groovy:74)
	at com.kms.katalon.core.webui.keyword.WebUiBuiltInKeywords.verifyElementNotPresent(WebUiBuiltInKeywords.groovy:1481)
	at com.kms.katalon.core.webui.keyword.WebUiBuiltInKeywords$verifyElementNotPresent$8.call(Unknown Source)
	at GetBrokSumPriceDaily.run(GetBrokSumPriceDaily:309)
	at com.kms.katalon.core.main.ScriptEngine.run(ScriptEngine.java:194)
	at com.kms.katalon.core.main.ScriptEngine.runScriptAsRawText(ScriptEngine.java:119)
	at com.kms.katalon.core.main.TestCaseExecutor.runScript(TestCaseExecutor.java:445)
	at com.kms.katalon.core.main.TestCaseExecutor.doExecute(TestCaseExecutor.java:436)
	at com.kms.katalon.core.main.TestCaseExecutor.processExecutionPhase(TestCaseExecutor.java:415)
	at com.kms.katalon.core.main.TestCaseExecutor.accessMainPhase(TestCaseExecutor.java:407)
	at com.kms.katalon.core.main.TestCaseExecutor.execute(TestCaseExecutor.java:284)
	at com.kms.katalon.core.common.CommonExecutor.accessTestCaseMainPhase(CommonExecutor.java:65)
	at com.kms.katalon.core.main.TestSuiteExecutor.accessTestSuiteMainPhase(TestSuiteExecutor.java:144)
	at com.kms.katalon.core.main.TestSuiteExecutor.execute(TestSuiteExecutor.java:106)
	at com.kms.katalon.core.main.TestCaseMain.startTestSuite(TestCaseMain.java:185)
	at com.kms.katalon.core.main.TestCaseMain$startTestSuite$0.call(Unknown Source)
	at TempTestSuite1705920083951.run(TempTestSuite1705920083951.groovy:36)
)

2024-01-22 17:46:06 - [MESSAGE][WARNING] - Web element with id: 'Object Repository/Stockbit/Bandarmology_Seller2' located by 'By.xpath: //*[contains(@id, 'rc-tabs-')]/div[2]/div/div/div/div/div/div[2]/table/tbody/tr[3]/td[5]/p' is present after '1' second(s) (Root cause: com.kms.katalon.core.exception.StepFailedException: Web element with id: 'Object Repository/Stockbit/Bandarmology_Seller2' located by 'By.xpath: //*[contains(@id, 'rc-tabs-')]/div[2]/div/div/div/div/div/div[2]/table/tbody/tr[3]/td[5]/p' is present after '1' second(s)
	at com.kms.katalon.core.webui.keyword.internal.WebUIKeywordMain.stepFailed(WebUIKeywordMain.groovy:64)
	at com.kms.katalon.core.webui.keyword.internal.WebUIKeywordMain$stepFailed$0.call(Unknown Source)
	at com.kms.katalon.core.webui.keyword.builtin.VerifyElementNotPresentKeyword$_verifyElementNotPresent_closure1.doCall(VerifyElementNotPresentKeyword.groovy:106)
	at com.kms.katalon.core.webui.keyword.builtin.VerifyElementNotPresentKeyword$_verifyElementNotPresent_closure1.doCall(VerifyElementNotPresentKeyword.groovy)
	at com.kms.katalon.core.webui.keyword.internal.WebUIKeywordMain.runKeyword(WebUIKeywordMain.groovy:20)
	at com.kms.katalon.core.webui.keyword.internal.WebUIKeywordMain$runKeyword.call(Unknown Source)
	at com.kms.katalon.core.webui.keyword.builtin.VerifyElementNotPresentKeyword.verifyElementNotPresent(VerifyElementNotPresentKeyword.groovy:117)
	at com.kms.katalon.core.webui.keyword.builtin.VerifyElementNotPresentKeyword.execute(VerifyElementNotPresentKeyword.groovy:68)
	at com.kms.katalon.core.keyword.internal.KeywordExecutor.executeKeywordForPlatform(KeywordExecutor.groovy:74)
	at com.kms.katalon.core.webui.keyword.WebUiBuiltInKeywords.verifyElementNotPresent(WebUiBuiltInKeywords.groovy:1481)
	at com.kms.katalon.core.webui.keyword.WebUiBuiltInKeywords$verifyElementNotPresent$8.call(Unknown Source)
	at GetBrokSumPriceDaily.run(GetBrokSumPriceDaily:309)
	at com.kms.katalon.core.main.ScriptEngine.run(ScriptEngine.java:194)
	at com.kms.katalon.core.main.ScriptEngine.runScriptAsRawText(ScriptEngine.java:119)
	at com.kms.katalon.core.main.TestCaseExecutor.runScript(TestCaseExecutor.java:445)
	at com.kms.katalon.core.main.TestCaseExecutor.doExecute(TestCaseExecutor.java:436)
	at com.kms.katalon.core.main.TestCaseExecutor.processExecutionPhase(TestCaseExecutor.java:415)
	at com.kms.katalon.core.main.TestCaseExecutor.accessMainPhase(TestCaseExecutor.java:407)
	at com.kms.katalon.core.main.TestCaseExecutor.execute(TestCaseExecutor.java:284)
	at com.kms.katalon.core.common.CommonExecutor.accessTestCaseMainPhase(CommonExecutor.java:65)
	at com.kms.katalon.core.main.TestSuiteExecutor.accessTestSuiteMainPhase(TestSuiteExecutor.java:144)
	at com.kms.katalon.core.main.TestSuiteExecutor.execute(TestSuiteExecutor.java:106)
	at com.kms.katalon.core.main.TestCaseMain.startTestSuite(TestCaseMain.java:185)
	at com.kms.katalon.core.main.TestCaseMain$startTestSuite$0.call(Unknown Source)
	at TempTestSuite1705920083951.run(TempTestSuite1705920083951.groovy:36)
)
[[ATTACHMENT|C:\\Users\\Fadli\\git\\KatalonDailyGetData2\\Reports\\20240122_174123\\TS1\\20240122_174123\\1705920366088.png]]

2024-01-22 17:46:06 - [TEST_STEP][PASSED] - else: null

2024-01-22 17:46:06 - [TEST_STEP][PASSED] - strSeller2 = getText(findTestObject("Stockbit/Bandarmology_Seller2")): Text of object 'Object Repository/Stockbit/Bandarmology_Seller2' is: 'BQ'

2024-01-22 17:46:06 - [MESSAGE][PASSED] - Text of object 'Object Repository/Stockbit/Bandarmology_Seller2' is: 'BQ'

2024-01-22 17:46:06 - [TEST_STEP][PASSED] - strSellerVol2 = getText(findTestObject("Stockbit/Bandarmology_SellerVol2")): Text of object 'Object Repository/Stockbit/Bandarmology_SellerVol2' is: '2.7 K'

2024-01-22 17:46:06 - [MESSAGE][PASSED] - Text of object 'Object Repository/Stockbit/Bandarmology_SellerVol2' is: '2.7 K'

2024-01-22 17:46:06 - [TEST_STEP][PASSED] - strSellerAvg2 = getText(findTestObject("Stockbit/Bandarmology_SellerAvg2")): Text of object 'Object Repository/Stockbit/Bandarmology_SellerAvg2' is: '197'

2024-01-22 17:46:06 - [MESSAGE][PASSED] - Text of object 'Object Repository/Stockbit/Bandarmology_SellerAvg2' is: '197'

2024-01-22 17:46:06 - [TEST_STEP][PASSED] - if (strSeller2 != ""): null

2024-01-22 17:46:06 - [TEST_STEP][PASSED] - if (strSellerAvg2.contains(",")): null

2024-01-22 17:46:06 - [TEST_STEP][PASSED] - if (strSellerVol2.contains(" B")): null

2024-01-22 17:46:06 - [TEST_STEP][PASSED] - else if (strSellerVol2.contains(" M")): null

2024-01-22 17:46:06 - [TEST_STEP][PASSED] - else if (strSellerVol2.contains(" K")): null

2024-01-22 17:46:06 - [TEST_STEP][PASSED] - strSellerVol2 = strSellerVol2.replace(" K", ""): null

2024-01-22 17:46:06 - [TEST_STEP][PASSED] - strSellerVol2 = strSellerVol2.toDouble() * 1000: null

2024-01-22 17:46:06 - [TEST_STEP][PASSED] - if (verifyElementNotPresent(findTestObject("Stockbit/Bandarmology_Buyer3"), 1, OPTIONAL)): Web element with id: 'Object Repository/Stockbit/Bandarmology_Buyer3' located by 'By.xpath: //*[contains(@id, 'rc-tabs-')]/div[2]/div/div/div/div/div/div[2]/table/tbody/tr[4]/td[1]/p' is present after '1' second(s) (Root cause: com.kms.katalon.core.exception.StepFailedException: Web element with id: 'Object Repository/Stockbit/Bandarmology_Buyer3' located by 'By.xpath: //*[contains(@id, 'rc-tabs-')]/div[2]/div/div/div/div/div/div[2]/table/tbody/tr[4]/td[1]/p' is present after '1' second(s)
	at com.kms.katalon.core.webui.keyword.internal.WebUIKeywordMain.stepFailed(WebUIKeywordMain.groovy:64)
	at com.kms.katalon.core.webui.keyword.internal.WebUIKeywordMain$stepFailed$0.call(Unknown Source)
	at com.kms.katalon.core.webui.keyword.builtin.VerifyElementNotPresentKeyword$_verifyElementNotPresent_closure1.doCall(VerifyElementNotPresentKeyword.groovy:106)
	at com.kms.katalon.core.webui.keyword.builtin.VerifyElementNotPresentKeyword$_verifyElementNotPresent_closure1.doCall(VerifyElementNotPresentKeyword.groovy)
	at com.kms.katalon.core.webui.keyword.internal.WebUIKeywordMain.runKeyword(WebUIKeywordMain.groovy:20)
	at com.kms.katalon.core.webui.keyword.internal.WebUIKeywordMain$runKeyword.call(Unknown Source)
	at com.kms.katalon.core.webui.keyword.builtin.VerifyElementNotPresentKeyword.verifyElementNotPresent(VerifyElementNotPresentKeyword.groovy:117)
	at com.kms.katalon.core.webui.keyword.builtin.VerifyElementNotPresentKeyword.execute(VerifyElementNotPresentKeyword.groovy:68)
	at com.kms.katalon.core.keyword.internal.KeywordExecutor.executeKeywordForPlatform(KeywordExecutor.groovy:74)
	at com.kms.katalon.core.webui.keyword.WebUiBuiltInKeywords.verifyElementNotPresent(WebUiBuiltInKeywords.groovy:1481)
	at com.kms.katalon.core.webui.keyword.WebUiBuiltInKeywords$verifyElementNotPresent$8.call(Unknown Source)
	at GetBrokSumPriceDaily.run(GetBrokSumPriceDaily:361)
	at com.kms.katalon.core.main.ScriptEngine.run(ScriptEngine.java:194)
	at com.kms.katalon.core.main.ScriptEngine.runScriptAsRawText(ScriptEngine.java:119)
	at com.kms.katalon.core.main.TestCaseExecutor.runScript(TestCaseExecutor.java:445)
	at com.kms.katalon.core.main.TestCaseExecutor.doExecute(TestCaseExecutor.java:436)
	at com.kms.katalon.core.main.TestCaseExecutor.processExecutionPhase(TestCaseExecutor.java:415)
	at com.kms.katalon.core.main.TestCaseExecutor.accessMainPhase(TestCaseExecutor.java:407)
	at com.kms.katalon.core.main.TestCaseExecutor.execute(TestCaseExecutor.java:284)
	at com.kms.katalon.core.common.CommonExecutor.accessTestCaseMainPhase(CommonExecutor.java:65)
	at com.kms.katalon.core.main.TestSuiteExecutor.accessTestSuiteMainPhase(TestSuiteExecutor.java:144)
	at com.kms.katalon.core.main.TestSuiteExecutor.execute(TestSuiteExecutor.java:106)
	at com.kms.katalon.core.main.TestCaseMain.startTestSuite(TestCaseMain.java:185)
	at com.kms.katalon.core.main.TestCaseMain$startTestSuite$0.call(Unknown Source)
	at TempTestSuite1705920083951.run(TempTestSuite1705920083951.groovy:36)
)

2024-01-22 17:46:08 - [MESSAGE][WARNING] - Web element with id: 'Object Repository/Stockbit/Bandarmology_Buyer3' located by 'By.xpath: //*[contains(@id, 'rc-tabs-')]/div[2]/div/div/div/div/div/div[2]/table/tbody/tr[4]/td[1]/p' is present after '1' second(s) (Root cause: com.kms.katalon.core.exception.StepFailedException: Web element with id: 'Object Repository/Stockbit/Bandarmology_Buyer3' located by 'By.xpath: //*[contains(@id, 'rc-tabs-')]/div[2]/div/div/div/div/div/div[2]/table/tbody/tr[4]/td[1]/p' is present after '1' second(s)
	at com.kms.katalon.core.webui.keyword.internal.WebUIKeywordMain.stepFailed(WebUIKeywordMain.groovy:64)
	at com.kms.katalon.core.webui.keyword.internal.WebUIKeywordMain$stepFailed$0.call(Unknown Source)
	at com.kms.katalon.core.webui.keyword.builtin.VerifyElementNotPresentKeyword$_verifyElementNotPresent_closure1.doCall(VerifyElementNotPresentKeyword.groovy:106)
	at com.kms.katalon.core.webui.keyword.builtin.VerifyElementNotPresentKeyword$_verifyElementNotPresent_closure1.doCall(VerifyElementNotPresentKeyword.groovy)
	at com.kms.katalon.core.webui.keyword.internal.WebUIKeywordMain.runKeyword(WebUIKeywordMain.groovy:20)
	at com.kms.katalon.core.webui.keyword.internal.WebUIKeywordMain$runKeyword.call(Unknown Source)
	at com.kms.katalon.core.webui.keyword.builtin.VerifyElementNotPresentKeyword.verifyElementNotPresent(VerifyElementNotPresentKeyword.groovy:117)
	at com.kms.katalon.core.webui.keyword.builtin.VerifyElementNotPresentKeyword.execute(VerifyElementNotPresentKeyword.groovy:68)
	at com.kms.katalon.core.keyword.internal.KeywordExecutor.executeKeywordForPlatform(KeywordExecutor.groovy:74)
	at com.kms.katalon.core.webui.keyword.WebUiBuiltInKeywords.verifyElementNotPresent(WebUiBuiltInKeywords.groovy:1481)
	at com.kms.katalon.core.webui.keyword.WebUiBuiltInKeywords$verifyElementNotPresent$8.call(Unknown Source)
	at GetBrokSumPriceDaily.run(GetBrokSumPriceDaily:361)
	at com.kms.katalon.core.main.ScriptEngine.run(ScriptEngine.java:194)
	at com.kms.katalon.core.main.ScriptEngine.runScriptAsRawText(ScriptEngine.java:119)
	at com.kms.katalon.core.main.TestCaseExecutor.runScript(TestCaseExecutor.java:445)
	at com.kms.katalon.core.main.TestCaseExecutor.doExecute(TestCaseExecutor.java:436)
	at com.kms.katalon.core.main.TestCaseExecutor.processExecutionPhase(TestCaseExecutor.java:415)
	at com.kms.katalon.core.main.TestCaseExecutor.accessMainPhase(TestCaseExecutor.java:407)
	at com.kms.katalon.core.main.TestCaseExecutor.execute(TestCaseExecutor.java:284)
	at com.kms.katalon.core.common.CommonExecutor.accessTestCaseMainPhase(CommonExecutor.java:65)
	at com.kms.katalon.core.main.TestSuiteExecutor.accessTestSuiteMainPhase(TestSuiteExecutor.java:144)
	at com.kms.katalon.core.main.TestSuiteExecutor.execute(TestSuiteExecutor.java:106)
	at com.kms.katalon.core.main.TestCaseMain.startTestSuite(TestCaseMain.java:185)
	at com.kms.katalon.core.main.TestCaseMain$startTestSuite$0.call(Unknown Source)
	at TempTestSuite1705920083951.run(TempTestSuite1705920083951.groovy:36)
)
[[ATTACHMENT|C:\\Users\\Fadli\\git\\KatalonDailyGetData2\\Reports\\20240122_174123\\TS1\\20240122_174123\\1705920367807.png]]

2024-01-22 17:46:08 - [TEST_STEP][PASSED] - else: null

2024-01-22 17:46:08 - [TEST_STEP][PASSED] - strBuyer3 = getText(findTestObject("Stockbit/Bandarmology_Buyer3")): Text of object 'Object Repository/Stockbit/Bandarmology_Buyer3' is: 'TP'

2024-01-22 17:46:08 - [MESSAGE][PASSED] - Text of object 'Object Repository/Stockbit/Bandarmology_Buyer3' is: 'TP'

2024-01-22 17:46:08 - [TEST_STEP][PASSED] - strBuyerVol3 = getText(findTestObject("Stockbit/Bandarmology_BuyerVol3")): Text of object 'Object Repository/Stockbit/Bandarmology_BuyerVol3' is: '1.9 K'

2024-01-22 17:46:08 - [MESSAGE][PASSED] - Text of object 'Object Repository/Stockbit/Bandarmology_BuyerVol3' is: '1.9 K'

2024-01-22 17:46:08 - [TEST_STEP][PASSED] - strBuyerAvg3 = getText(findTestObject("Stockbit/Bandarmology_BuyerAvg3")): Text of object 'Object Repository/Stockbit/Bandarmology_BuyerAvg3' is: '189'

2024-01-22 17:46:08 - [MESSAGE][PASSED] - Text of object 'Object Repository/Stockbit/Bandarmology_BuyerAvg3' is: '189'

2024-01-22 17:46:08 - [TEST_STEP][PASSED] - if (strBuyer3 != ""): null

2024-01-22 17:46:08 - [TEST_STEP][PASSED] - if (strBuyerAvg3.contains(",")): null

2024-01-22 17:46:08 - [TEST_STEP][PASSED] - if (strBuyerVol3.contains(" B")): null

2024-01-22 17:46:08 - [TEST_STEP][PASSED] - else if (strBuyerVol3.contains(" M")): null

2024-01-22 17:46:08 - [TEST_STEP][PASSED] - else if (strBuyerVol3.contains(" K")): null

2024-01-22 17:46:08 - [TEST_STEP][PASSED] - strBuyerVol3 = strBuyerVol3.replace(" K", ""): null

2024-01-22 17:46:08 - [TEST_STEP][PASSED] - strBuyerVol3 = strBuyerVol3.toDouble() * 1000: null

2024-01-22 17:46:08 - [TEST_STEP][PASSED] - if (verifyElementNotPresent(findTestObject("Stockbit/Bandarmology_Seller3"), 1, OPTIONAL)): Web element with id: 'Object Repository/Stockbit/Bandarmology_Seller3' located by 'By.xpath: //*[contains(@id, 'rc-tabs-')]/div[2]/div/div/div/div/div/div[2]/table/tbody/tr[4]/td[5]/p' is present after '1' second(s) (Root cause: com.kms.katalon.core.exception.StepFailedException: Web element with id: 'Object Repository/Stockbit/Bandarmology_Seller3' located by 'By.xpath: //*[contains(@id, 'rc-tabs-')]/div[2]/div/div/div/div/div/div[2]/table/tbody/tr[4]/td[5]/p' is present after '1' second(s)
	at com.kms.katalon.core.webui.keyword.internal.WebUIKeywordMain.stepFailed(WebUIKeywordMain.groovy:64)
	at com.kms.katalon.core.webui.keyword.internal.WebUIKeywordMain$stepFailed$0.call(Unknown Source)
	at com.kms.katalon.core.webui.keyword.builtin.VerifyElementNotPresentKeyword$_verifyElementNotPresent_closure1.doCall(VerifyElementNotPresentKeyword.groovy:106)
	at com.kms.katalon.core.webui.keyword.builtin.VerifyElementNotPresentKeyword$_verifyElementNotPresent_closure1.doCall(VerifyElementNotPresentKeyword.groovy)
	at com.kms.katalon.core.webui.keyword.internal.WebUIKeywordMain.runKeyword(WebUIKeywordMain.groovy:20)
	at com.kms.katalon.core.webui.keyword.internal.WebUIKeywordMain$runKeyword.call(Unknown Source)
	at com.kms.katalon.core.webui.keyword.builtin.VerifyElementNotPresentKeyword.verifyElementNotPresent(VerifyElementNotPresentKeyword.groovy:117)
	at com.kms.katalon.core.webui.keyword.builtin.VerifyElementNotPresentKeyword.execute(VerifyElementNotPresentKeyword.groovy:68)
	at com.kms.katalon.core.keyword.internal.KeywordExecutor.executeKeywordForPlatform(KeywordExecutor.groovy:74)
	at com.kms.katalon.core.webui.keyword.WebUiBuiltInKeywords.verifyElementNotPresent(WebUiBuiltInKeywords.groovy:1481)
	at com.kms.katalon.core.webui.keyword.WebUiBuiltInKeywords$verifyElementNotPresent$8.call(Unknown Source)
	at GetBrokSumPriceDaily.run(GetBrokSumPriceDaily:414)
	at com.kms.katalon.core.main.ScriptEngine.run(ScriptEngine.java:194)
	at com.kms.katalon.core.main.ScriptEngine.runScriptAsRawText(ScriptEngine.java:119)
	at com.kms.katalon.core.main.TestCaseExecutor.runScript(TestCaseExecutor.java:445)
	at com.kms.katalon.core.main.TestCaseExecutor.doExecute(TestCaseExecutor.java:436)
	at com.kms.katalon.core.main.TestCaseExecutor.processExecutionPhase(TestCaseExecutor.java:415)
	at com.kms.katalon.core.main.TestCaseExecutor.accessMainPhase(TestCaseExecutor.java:407)
	at com.kms.katalon.core.main.TestCaseExecutor.execute(TestCaseExecutor.java:284)
	at com.kms.katalon.core.common.CommonExecutor.accessTestCaseMainPhase(CommonExecutor.java:65)
	at com.kms.katalon.core.main.TestSuiteExecutor.accessTestSuiteMainPhase(TestSuiteExecutor.java:144)
	at com.kms.katalon.core.main.TestSuiteExecutor.execute(TestSuiteExecutor.java:106)
	at com.kms.katalon.core.main.TestCaseMain.startTestSuite(TestCaseMain.java:185)
	at com.kms.katalon.core.main.TestCaseMain$startTestSuite$0.call(Unknown Source)
	at TempTestSuite1705920083951.run(TempTestSuite1705920083951.groovy:36)
)

2024-01-22 17:46:09 - [MESSAGE][WARNING] - Web element with id: 'Object Repository/Stockbit/Bandarmology_Seller3' located by 'By.xpath: //*[contains(@id, 'rc-tabs-')]/div[2]/div/div/div/div/div/div[2]/table/tbody/tr[4]/td[5]/p' is present after '1' second(s) (Root cause: com.kms.katalon.core.exception.StepFailedException: Web element with id: 'Object Repository/Stockbit/Bandarmology_Seller3' located by 'By.xpath: //*[contains(@id, 'rc-tabs-')]/div[2]/div/div/div/div/div/div[2]/table/tbody/tr[4]/td[5]/p' is present after '1' second(s)
	at com.kms.katalon.core.webui.keyword.internal.WebUIKeywordMain.stepFailed(WebUIKeywordMain.groovy:64)
	at com.kms.katalon.core.webui.keyword.internal.WebUIKeywordMain$stepFailed$0.call(Unknown Source)
	at com.kms.katalon.core.webui.keyword.builtin.VerifyElementNotPresentKeyword$_verifyElementNotPresent_closure1.doCall(VerifyElementNotPresentKeyword.groovy:106)
	at com.kms.katalon.core.webui.keyword.builtin.VerifyElementNotPresentKeyword$_verifyElementNotPresent_closure1.doCall(VerifyElementNotPresentKeyword.groovy)
	at com.kms.katalon.core.webui.keyword.internal.WebUIKeywordMain.runKeyword(WebUIKeywordMain.groovy:20)
	at com.kms.katalon.core.webui.keyword.internal.WebUIKeywordMain$runKeyword.call(Unknown Source)
	at com.kms.katalon.core.webui.keyword.builtin.VerifyElementNotPresentKeyword.verifyElementNotPresent(VerifyElementNotPresentKeyword.groovy:117)
	at com.kms.katalon.core.webui.keyword.builtin.VerifyElementNotPresentKeyword.execute(VerifyElementNotPresentKeyword.groovy:68)
	at com.kms.katalon.core.keyword.internal.KeywordExecutor.executeKeywordForPlatform(KeywordExecutor.groovy:74)
	at com.kms.katalon.core.webui.keyword.WebUiBuiltInKeywords.verifyElementNotPresent(WebUiBuiltInKeywords.groovy:1481)
	at com.kms.katalon.core.webui.keyword.WebUiBuiltInKeywords$verifyElementNotPresent$8.call(Unknown Source)
	at GetBrokSumPriceDaily.run(GetBrokSumPriceDaily:414)
	at com.kms.katalon.core.main.ScriptEngine.run(ScriptEngine.java:194)
	at com.kms.katalon.core.main.ScriptEngine.runScriptAsRawText(ScriptEngine.java:119)
	at com.kms.katalon.core.main.TestCaseExecutor.runScript(TestCaseExecutor.java:445)
	at com.kms.katalon.core.main.TestCaseExecutor.doExecute(TestCaseExecutor.java:436)
	at com.kms.katalon.core.main.TestCaseExecutor.processExecutionPhase(TestCaseExecutor.java:415)
	at com.kms.katalon.core.main.TestCaseExecutor.accessMainPhase(TestCaseExecutor.java:407)
	at com.kms.katalon.core.main.TestCaseExecutor.execute(TestCaseExecutor.java:284)
	at com.kms.katalon.core.common.CommonExecutor.accessTestCaseMainPhase(CommonExecutor.java:65)
	at com.kms.katalon.core.main.TestSuiteExecutor.accessTestSuiteMainPhase(TestSuiteExecutor.java:144)
	at com.kms.katalon.core.main.TestSuiteExecutor.execute(TestSuiteExecutor.java:106)
	at com.kms.katalon.core.main.TestCaseMain.startTestSuite(TestCaseMain.java:185)
	at com.kms.katalon.core.main.TestCaseMain$startTestSuite$0.call(Unknown Source)
	at TempTestSuite1705920083951.run(TempTestSuite1705920083951.groovy:36)
)
[[ATTACHMENT|C:\\Users\\Fadli\\git\\KatalonDailyGetData2\\Reports\\20240122_174123\\TS1\\20240122_174123\\1705920369538.png]]

2024-01-22 17:46:09 - [TEST_STEP][PASSED] - else: null

2024-01-22 17:46:09 - [TEST_STEP][PASSED] - strSeller3 = getText(findTestObject("Stockbit/Bandarmology_Seller3")): Text of object 'Object Repository/Stockbit/Bandarmology_Seller3' is: 'YU'

2024-01-22 17:46:09 - [MESSAGE][PASSED] - Text of object 'Object Repository/Stockbit/Bandarmology_Seller3' is: 'YU'

2024-01-22 17:46:09 - [TEST_STEP][PASSED] - strSellerVol3 = getText(findTestObject("Stockbit/Bandarmology_SellerVol3")): Text of object 'Object Repository/Stockbit/Bandarmology_SellerVol3' is: '2.5 K'

2024-01-22 17:46:09 - [MESSAGE][PASSED] - Text of object 'Object Repository/Stockbit/Bandarmology_SellerVol3' is: '2.5 K'

2024-01-22 17:46:09 - [TEST_STEP][PASSED] - strSellerAvg3 = getText(findTestObject("Stockbit/Bandarmology_SellerAvg3")): Text of object 'Object Repository/Stockbit/Bandarmology_SellerAvg3' is: '187'

2024-01-22 17:46:10 - [MESSAGE][PASSED] - Text of object 'Object Repository/Stockbit/Bandarmology_SellerAvg3' is: '187'

2024-01-22 17:46:10 - [TEST_STEP][PASSED] - if (strSeller3 != ""): null

2024-01-22 17:46:10 - [TEST_STEP][PASSED] - if (strSellerAvg3.contains(",")): null

2024-01-22 17:46:10 - [TEST_STEP][PASSED] - if (strSellerVol3.contains(" B")): null

2024-01-22 17:46:10 - [TEST_STEP][PASSED] - else if (strSellerVol3.contains(" M")): null

2024-01-22 17:46:10 - [TEST_STEP][PASSED] - else if (strSellerVol3.contains(" K")): null

2024-01-22 17:46:10 - [TEST_STEP][PASSED] - strSellerVol3 = strSellerVol3.replace(" K", ""): null

2024-01-22 17:46:10 - [TEST_STEP][PASSED] - strSellerVol3 = strSellerVol3.toDouble() * 1000: null

2024-01-22 17:46:10 - [TEST_STEP][PASSED] - strAccDist = getText(findTestObject("Stockbit/Bandarmology_AccDist")): Text of object 'Object Repository/Stockbit/Bandarmology_AccDist' is: 'Acc'

2024-01-22 17:46:10 - [MESSAGE][PASSED] - Text of object 'Object Repository/Stockbit/Bandarmology_AccDist' is: 'Acc'

2024-01-22 17:46:10 - [TEST_STEP][PASSED] - strNetVol = getText(findTestObject("Stockbit/Bandarmology_NetVol")): Text of object 'Object Repository/Stockbit/Bandarmology_NetVol' is: '18,194'

2024-01-22 17:46:10 - [MESSAGE][PASSED] - Text of object 'Object Repository/Stockbit/Bandarmology_NetVol' is: '18,194'

2024-01-22 17:46:10 - [TEST_STEP][PASSED] - strNetVol = strNetVol.replace(",", ""): null

2024-01-22 17:46:10 - [TEST_STEP][PASSED] - strNetVal = getText(findTestObject("Stockbit/Bandarmology_NetVal")): Text of object 'Object Repository/Stockbit/Bandarmology_NetVal' is: '0.4 B'

2024-01-22 17:46:10 - [MESSAGE][PASSED] - Text of object 'Object Repository/Stockbit/Bandarmology_NetVal' is: '0.4 B'

2024-01-22 17:46:10 - [TEST_STEP][PASSED] - delay(3): Delayed 3 second(s)

2024-01-22 17:46:13 - [MESSAGE][PASSED] - Delayed 3 second(s)

2024-01-22 17:46:13 - [TEST_STEP][PASSED] - strOpenPrice = getText(findTestObject("Stockbit/Home_OpenPrice")): Text of object 'Object Repository/Stockbit/Home_OpenPrice' is: '190'

2024-01-22 17:46:13 - [MESSAGE][PASSED] - Text of object 'Object Repository/Stockbit/Home_OpenPrice' is: '190'

2024-01-22 17:46:13 - [TEST_STEP][PASSED] - strOpenPrice = strOpenPrice.replace(",", ""): null

2024-01-22 17:46:13 - [TEST_STEP][PASSED] - strLowPrice = getText(findTestObject("Stockbit/Home_LowPrice")): Text of object 'Object Repository/Stockbit/Home_LowPrice' is: '186'

2024-01-22 17:46:13 - [MESSAGE][PASSED] - Text of object 'Object Repository/Stockbit/Home_LowPrice' is: '186'

2024-01-22 17:46:13 - [TEST_STEP][PASSED] - strLowPrice = strLowPrice.replace(",", ""): null

2024-01-22 17:46:13 - [TEST_STEP][PASSED] - strHighPrice = getText(findTestObject("Stockbit/Home_HighPrice")): Text of object 'Object Repository/Stockbit/Home_HighPrice' is: '202'

2024-01-22 17:46:13 - [MESSAGE][PASSED] - Text of object 'Object Repository/Stockbit/Home_HighPrice' is: '202'

2024-01-22 17:46:13 - [TEST_STEP][PASSED] - strHighPrice = strHighPrice.replace(",", ""): null

2024-01-22 17:46:13 - [TEST_STEP][PASSED] - strClosePrice = getText(findTestObject("Stockbit/Home_ClosePrice")): Text of object 'Object Repository/Stockbit/Home_ClosePrice' is: '200'

2024-01-22 17:46:13 - [MESSAGE][PASSED] - Text of object 'Object Repository/Stockbit/Home_ClosePrice' is: '200'

2024-01-22 17:46:13 - [TEST_STEP][PASSED] - strClosePrice = strClosePrice.replace(",", ""): null

2024-01-22 17:46:13 - [TEST_STEP][PASSED] - strVol = getText(findTestObject("Stockbit/Home_Volume")): Text of object 'Object Repository/Stockbit/Home_Volume' is: '28 K'

2024-01-22 17:46:13 - [MESSAGE][PASSED] - Text of object 'Object Repository/Stockbit/Home_Volume' is: '28 K'

2024-01-22 17:46:13 - [TEST_STEP][PASSED] - if (strVol.contains(" K")): null

2024-01-22 17:46:13 - [TEST_STEP][PASSED] - strVol = strVol.replace(" K", "000"): null

2024-01-22 17:46:13 - [TEST_STEP][PASSED] - if (strVol.contains(",")): null

2024-01-22 17:46:13 - [TEST_STEP][PASSED] - strChange = getText(findTestObject("Stockbit/Home_Change")): Text of object 'Object Repository/Stockbit/Home_Change' is: '5.26%'

2024-01-22 17:46:14 - [MESSAGE][PASSED] - Text of object 'Object Repository/Stockbit/Home_Change' is: '5.26%'

2024-01-22 17:46:14 - [TEST_STEP][PASSED] - strChange = strChange.replace("%", ""): null

2024-01-22 17:46:14 - [TEST_STEP][PASSED] - strFreq = getText(findTestObject("Stockbit/Home_Freq")): Text of object 'Object Repository/Stockbit/Home_Freq' is: '330'

2024-01-22 17:46:14 - [MESSAGE][PASSED] - Text of object 'Object Repository/Stockbit/Home_Freq' is: '330'

2024-01-22 17:46:14 - [TEST_STEP][PASSED] - if (strFreq.contains(",")): null

2024-01-22 17:46:14 - [TEST_STEP][PASSED] - if (strFreq == "NA" || strFreq == ""): null

2024-01-22 17:46:14 - [TEST_STEP][PASSED] - else: null

2024-01-22 17:46:14 - [TEST_STEP][PASSED] - dblFreqAnal = strVol.toDouble() / strFreq.toDouble() * strFreq.toDouble() * strFreq.toDouble() * 100000000: null

2024-01-22 17:46:14 - [TEST_STEP][PASSED] - strFreqAnal = String.format("%.4f", dblFreqAnal): null

2024-01-22 17:46:14 - [TEST_STEP][PASSED] - out.println("Double strFreqAnal: " + strFreqAnal): null

2024-01-22 17:46:14 - [TEST_STEP][PASSED] - strTanggal = d.format(DateTimeFormatter.ofPattern("yyyy-MM-dd")): null

2024-01-22 17:46:14 - [TEST_STEP][PASSED] - strTanggal = "#" + strTanggal + "#": null

2024-01-22 17:46:14 - [TEST_STEP][PASSED] - strSQL = "select count(*) as JumBaris from TblBrokSum where Nama = '" + strNama + "' and Tanggal = " + strTanggal + "": null

2024-01-22 17:46:14 - [TEST_STEP][PASSED] - resultSet = statement.executeQuery(strSQL): null

2024-01-22 17:46:14 - [TEST_STEP][PASSED] - resultSet.next(): null

2024-01-22 17:46:14 - [TEST_STEP][PASSED] - intJumBaris = resultSet.getInt("JumBaris"): null

2024-01-22 17:46:14 - [TEST_STEP][PASSED] - if (intJumBaris > 0): null

2024-01-22 17:46:14 - [TEST_STEP][PASSED] - else: null

2024-01-22 17:46:14 - [TEST_STEP][PASSED] - try: null

2024-01-22 17:46:14 - [TEST_STEP][PASSED] - out.println("Insert data"): null

2024-01-22 17:46:14 - [TEST_STEP][PASSED] - strSQL = "insert into TblBrokSum (nama, tanggal, top1, top2, top3, AllBrokAvg, AccDist, AvgRP, " + "Buyer1, BuyerVal1, BuyerAvg1, Seller1, SellerVal1, SellerAvg1, Buyer2, BuyerVal2, BuyerAvg2, " + "Seller2, SellerVal2, SellerAvg2, Buyer3, BuyerVal3, BuyerAvg3, Seller3, SellerVal3, SellerAvg3, NetVol, NetVal, " + "OpenPrice, LowPrice, HighPrice, ClosePrice, Volume, Change, Frekuensi, FrekAnal) " + "values ('" + strNama + "', " + strTanggal + ", '" + strTop1 + "', '" + strTop3 + "', '" + strTop5 + "', " + "'" + strAllBrokAvg + "', '" + strAccDist + "', " + intAvgRP + ", '" + strBuyer1 + "', '" + strBuyerVol1 + "', " + strBuyerAvg1 + ", " + "'" + strSeller1 + "', '" + strSellerVol1 + "', " + strSellerAvg1 + ", '" + strBuyer2 + "', '" + strBuyerVol2 + "', " + strBuyerAvg2 + ", " + "'" + strSeller2 + "', '" + strSellerVol2 + "', " + strSellerAvg2 + ", '" + strBuyer3 + "', '" + strBuyerVol3 + "', " + strBuyerAvg3 + ", " + "'" + strSeller3 + "', '" + strSellerVol3 + "', " + strSellerAvg3 + ", " + strNetVol + ", '" + strNetVal + "', " + "" + strOpenPrice + ", " + strLowPrice + ", " + strHighPrice + ", " + strClosePrice + ", '" + strVol + "', " + strChange + ", " + strFreq + ", " + strFreqAnal + ");": null

2024-01-22 17:46:14 - [TEST_STEP][PASSED] - out.println("strSQL = " + strSQL): null

2024-01-22 17:46:14 - [TEST_STEP][PASSED] - statement.executeUpdate(strSQL): null

2024-01-22 17:46:14 - [TEST_STEP][PASSED] - setValueToCellByIndex(sheet01, rowIndex, 4, "DONE"): null

2024-01-22 17:46:14 - [TEST_STEP][PASSED] - saveWorkbook(excelFilePath, workbook01): null

2024-01-22 17:46:14 - [TEST_STEP][PASSED] - waitForElementClickable(findTestObject("Stockbit/menu_Bandarmology"), 10): Object 'Object Repository/Stockbit/menu_Bandarmology' is clickable

2024-01-22 17:46:14 - [MESSAGE][PASSED] - Object 'Object Repository/Stockbit/menu_Bandarmology' is clickable

2024-01-22 17:46:14 - [TEST_STEP][PASSED] - click(findTestObject("Stockbit/menu_Bandarmology")): Object: 'Object Repository/Stockbit/menu_Bandarmology' is clicked on

2024-01-22 17:46:14 - [MESSAGE][PASSED] - Object: 'Object Repository/Stockbit/menu_Bandarmology' is clicked on

2024-01-22 17:46:14 - [TEST_STEP][PASSED] - strTemp = "NA": null

2024-01-22 17:46:14 - [TEST_STEP][PASSED] - if (getCellValueByIndex(sheet01, rowIndex, 4) != "DONE"): Object: 'Object Repository/Stockbit/menu_Bandarmology' is clicked on

2024-01-22 17:46:14 - [TEST_STEP][PASSED] - strNama = getCellValueByIndex(sheet01, rowIndex, 0): null

2024-01-22 17:46:14 - [TEST_STEP][PASSED] - navigateToUrl("https://stockbit.com/#/symbol/" + strNama): Navigate to 'https://stockbit.com/#/symbol/TNCA' successfully

2024-01-22 17:46:17 - [MESSAGE][PASSED] - Navigate to 'https://stockbit.com/#/symbol/TNCA' successfully

2024-01-22 17:46:17 - [TEST_STEP][PASSED] - waitForElementClickable(findTestObject("Stockbit/menu_Bandarmology"), 10): Object 'Object Repository/Stockbit/menu_Bandarmology' is clickable

2024-01-22 17:46:17 - [MESSAGE][PASSED] - Object 'Object Repository/Stockbit/menu_Bandarmology' is clickable

2024-01-22 17:46:17 - [TEST_STEP][PASSED] - click(findTestObject("Stockbit/menu_Bandarmology")): Object: 'Object Repository/Stockbit/menu_Bandarmology' is clicked on

2024-01-22 17:46:18 - [MESSAGE][PASSED] - Object: 'Object Repository/Stockbit/menu_Bandarmology' is clicked on

2024-01-22 17:46:18 - [TEST_STEP][PASSED] - strTanggal = d.format(DateTimeFormatter.ofPattern("MMM dd, yyyy")): null

2024-01-22 17:46:18 - [TEST_STEP][PASSED] - strTanggal = d.format(ISO_DATE): null

2024-01-22 17:46:18 - [TEST_STEP][PASSED] - out.println("strTanggal = " + strTanggal): null

2024-01-22 17:46:18 - [TEST_STEP][PASSED] - out.println("strNama = " + strNama): null

2024-01-22 17:46:18 - [TEST_STEP][PASSED] - out.println("Baris ke = " + rowIndex): null

2024-01-22 17:46:18 - [TEST_STEP][PASSED] - click(findTestObject("Stockbit/input__BandarmologyOpenStartDate")): Object: 'Object Repository/Stockbit/input__BandarmologyOpenStartDate' is clicked on

2024-01-22 17:46:19 - [MESSAGE][PASSED] - Object: 'Object Repository/Stockbit/input__BandarmologyOpenStartDate' is clicked on

2024-01-22 17:46:19 - [TEST_STEP][PASSED] - sendKeys(findTestObject("Stockbit/input__BandarmologyOpenStartDate"), Keys.chord(CONTROL, "a")): Keys 'CONTROL + a' sent to object: 'Object Repository/Stockbit/input__BandarmologyOpenStartDate'

2024-01-22 17:46:20 - [MESSAGE][PASSED] - Keys 'CONTROL + a' sent to object: 'Object Repository/Stockbit/input__BandarmologyOpenStartDate'

2024-01-22 17:46:20 - [TEST_STEP][PASSED] - sendKeys(findTestObject("Stockbit/input__BandarmologyOpenStartDate"), Keys.chord(BACK_SPACE)): Keys 'BACK_SPACE + ' sent to object: 'Object Repository/Stockbit/input__BandarmologyOpenStartDate'

2024-01-22 17:46:20 - [MESSAGE][PASSED] - Keys 'BACK_SPACE + ' sent to object: 'Object Repository/Stockbit/input__BandarmologyOpenStartDate'

2024-01-22 17:46:20 - [TEST_STEP][PASSED] - setText(findTestObject("Stockbit/input__BandarmologyOpenStartDate"), strTanggal): Text '2024-01-22' is set on object 'Object Repository/Stockbit/input__BandarmologyOpenStartDate'

2024-01-22 17:46:21 - [MESSAGE][PASSED] - Text '2024-01-22' is set on object 'Object Repository/Stockbit/input__BandarmologyOpenStartDate'

2024-01-22 17:46:21 - [TEST_STEP][PASSED] - sendKeys(findTestObject("Stockbit/input__BandarmologyOpenStartDate"), Keys.chord(ENTER)): Keys 'ENTER + ' sent to object: 'Object Repository/Stockbit/input__BandarmologyOpenStartDate'

2024-01-22 17:46:21 - [MESSAGE][PASSED] - Keys 'ENTER + ' sent to object: 'Object Repository/Stockbit/input__BandarmologyOpenStartDate'

2024-01-22 17:46:21 - [TEST_STEP][PASSED] - click(findTestObject("Stockbit/input__BandarmologyOpenEndDate")): Object: 'Object Repository/Stockbit/input__BandarmologyOpenEndDate' is clicked on

2024-01-22 17:46:22 - [MESSAGE][PASSED] - Object: 'Object Repository/Stockbit/input__BandarmologyOpenEndDate' is clicked on

2024-01-22 17:46:22 - [TEST_STEP][PASSED] - sendKeys(findTestObject("Stockbit/input__BandarmologyOpenEndDate"), Keys.chord(CONTROL, "a")): Keys 'CONTROL + a' sent to object: 'Object Repository/Stockbit/input__BandarmologyOpenEndDate'

2024-01-22 17:46:22 - [MESSAGE][PASSED] - Keys 'CONTROL + a' sent to object: 'Object Repository/Stockbit/input__BandarmologyOpenEndDate'

2024-01-22 17:46:22 - [TEST_STEP][PASSED] - sendKeys(findTestObject("Stockbit/input__BandarmologyOpenEndDate"), Keys.chord(BACK_SPACE)): Keys 'BACK_SPACE + ' sent to object: 'Object Repository/Stockbit/input__BandarmologyOpenEndDate'

2024-01-22 17:46:22 - [MESSAGE][PASSED] - Keys 'BACK_SPACE + ' sent to object: 'Object Repository/Stockbit/input__BandarmologyOpenEndDate'

2024-01-22 17:46:22 - [TEST_STEP][PASSED] - setText(findTestObject("Stockbit/input__BandarmologyOpenEndDate"), strTanggal): Text '2024-01-22' is set on object 'Object Repository/Stockbit/input__BandarmologyOpenEndDate'

2024-01-22 17:46:23 - [MESSAGE][PASSED] - Text '2024-01-22' is set on object 'Object Repository/Stockbit/input__BandarmologyOpenEndDate'

2024-01-22 17:46:23 - [TEST_STEP][PASSED] - sendKeys(findTestObject("Stockbit/input__BandarmologyOpenEndDate"), Keys.chord(ENTER)): Keys 'ENTER + ' sent to object: 'Object Repository/Stockbit/input__BandarmologyOpenEndDate'

2024-01-22 17:46:24 - [MESSAGE][PASSED] - Keys 'ENTER + ' sent to object: 'Object Repository/Stockbit/input__BandarmologyOpenEndDate'

2024-01-22 17:46:24 - [TEST_STEP][PASSED] - delay(2): Delayed 2 second(s)

2024-01-22 17:46:26 - [MESSAGE][PASSED] - Delayed 2 second(s)

2024-01-22 17:46:26 - [TEST_STEP][PASSED] - strTemp = getText(findTestObject("Stockbit/Bandarmology_AvgRP")): Text of object 'Object Repository/Stockbit/Bandarmology_AvgRP' is: '197'

2024-01-22 17:46:26 - [MESSAGE][PASSED] - Text of object 'Object Repository/Stockbit/Bandarmology_AvgRP' is: '197'

2024-01-22 17:46:26 - [TEST_STEP][PASSED] - out.println("Bandarmology_AvgRP = " + strTemp): null

2024-01-22 17:46:26 - [TEST_STEP][PASSED] - if (strTemp != "0"): null

2024-01-22 17:46:26 - [TEST_STEP][PASSED] - strTop1 = getText(findTestObject("Stockbit/Bandarmology_Top1")): Text of object 'Object Repository/Stockbit/Bandarmology_Top1' is: 'Big Dist'

2024-01-22 17:46:26 - [MESSAGE][PASSED] - Text of object 'Object Repository/Stockbit/Bandarmology_Top1' is: 'Big Dist'

2024-01-22 17:46:26 - [TEST_STEP][PASSED] - strTop3 = getText(findTestObject("Stockbit/Bandarmology_Top3")): Text of object 'Object Repository/Stockbit/Bandarmology_Top3' is: 'Normal Dist'

2024-01-22 17:46:26 - [MESSAGE][PASSED] - Text of object 'Object Repository/Stockbit/Bandarmology_Top3' is: 'Normal Dist'

2024-01-22 17:46:26 - [TEST_STEP][PASSED] - strTop5 = getText(findTestObject("Stockbit/Bandarmology_Top5")): Text of object 'Object Repository/Stockbit/Bandarmology_Top5' is: 'Neutral'

2024-01-22 17:46:26 - [MESSAGE][PASSED] - Text of object 'Object Repository/Stockbit/Bandarmology_Top5' is: 'Neutral'

2024-01-22 17:46:26 - [TEST_STEP][PASSED] - strAllBrokAvg = getText(findTestObject("Stockbit/Bandarmology_TopAVG")): Text of object 'Object Repository/Stockbit/Bandarmology_TopAVG' is: 'Small Dist'

2024-01-22 17:46:26 - [MESSAGE][PASSED] - Text of object 'Object Repository/Stockbit/Bandarmology_TopAVG' is: 'Small Dist'

2024-01-22 17:46:26 - [TEST_STEP][PASSED] - strTemp = getText(findTestObject("Stockbit/Bandarmology_AvgRP")): Text of object 'Object Repository/Stockbit/Bandarmology_AvgRP' is: '197'

2024-01-22 17:46:26 - [MESSAGE][PASSED] - Text of object 'Object Repository/Stockbit/Bandarmology_AvgRP' is: '197'

2024-01-22 17:46:26 - [TEST_STEP][PASSED] - if (strTemp.contains(",")): null

2024-01-22 17:46:26 - [TEST_STEP][PASSED] - intAvgRP = strTemp.toInteger(): null

2024-01-22 17:46:26 - [TEST_STEP][PASSED] - strBuyer1 = getText(findTestObject("Stockbit/Bandarmology_Buyer1")): Text of object 'Object Repository/Stockbit/Bandarmology_Buyer1' is: 'CC'

2024-01-22 17:46:26 - [MESSAGE][PASSED] - Text of object 'Object Repository/Stockbit/Bandarmology_Buyer1' is: 'CC'

2024-01-22 17:46:26 - [TEST_STEP][PASSED] - strBuyerVol1 = getText(findTestObject("Stockbit/Bandarmology_BuyerVol1")): Text of object 'Object Repository/Stockbit/Bandarmology_BuyerVol1' is: '301'

2024-01-22 17:46:26 - [MESSAGE][PASSED] - Text of object 'Object Repository/Stockbit/Bandarmology_BuyerVol1' is: '301'

2024-01-22 17:46:26 - [TEST_STEP][PASSED] - strBuyerAvg1 = getText(findTestObject("Stockbit/Bandarmology_BuyerAvg1")): Text of object 'Object Repository/Stockbit/Bandarmology_BuyerAvg1' is: '197'

2024-01-22 17:46:27 - [MESSAGE][PASSED] - Text of object 'Object Repository/Stockbit/Bandarmology_BuyerAvg1' is: '197'

2024-01-22 17:46:27 - [TEST_STEP][PASSED] - if (strBuyerAvg1.contains(",")): null

2024-01-22 17:46:27 - [TEST_STEP][PASSED] - if (strBuyerVol1.contains(" B")): null

2024-01-22 17:46:27 - [TEST_STEP][PASSED] - strSeller1 = getText(findTestObject("Stockbit/Bandarmology_Seller1")): Text of object 'Object Repository/Stockbit/Bandarmology_Seller1' is: 'HP'

2024-01-22 17:46:27 - [MESSAGE][PASSED] - Text of object 'Object Repository/Stockbit/Bandarmology_Seller1' is: 'HP'

2024-01-22 17:46:27 - [TEST_STEP][PASSED] - strSellerVol1 = getText(findTestObject("Stockbit/Bandarmology_SellerVol1")): Text of object 'Object Repository/Stockbit/Bandarmology_SellerVol1' is: '491'

2024-01-22 17:46:27 - [MESSAGE][PASSED] - Text of object 'Object Repository/Stockbit/Bandarmology_SellerVol1' is: '491'

2024-01-22 17:46:27 - [TEST_STEP][PASSED] - strSellerAvg1 = getText(findTestObject("Stockbit/Bandarmology_SellerAvg1")): Text of object 'Object Repository/Stockbit/Bandarmology_SellerAvg1' is: '196'

2024-01-22 17:46:27 - [MESSAGE][PASSED] - Text of object 'Object Repository/Stockbit/Bandarmology_SellerAvg1' is: '196'

2024-01-22 17:46:27 - [TEST_STEP][PASSED] - if (strSellerAvg1.contains(",")): null

2024-01-22 17:46:27 - [TEST_STEP][PASSED] - if (strSellerVol1.contains(" B")): null

2024-01-22 17:46:27 - [TEST_STEP][PASSED] - if (verifyElementNotPresent(findTestObject("Stockbit/Bandarmology_Buyer2"), 1, OPTIONAL)): Web element with id: 'Object Repository/Stockbit/Bandarmology_Buyer2' located by 'By.xpath: //*[contains(@id, 'rc-tabs-')]/div[2]/div/div/div/div/div/div[2]/table/tbody/tr[3]/td[1]/p' is present after '1' second(s) (Root cause: com.kms.katalon.core.exception.StepFailedException: Web element with id: 'Object Repository/Stockbit/Bandarmology_Buyer2' located by 'By.xpath: //*[contains(@id, 'rc-tabs-')]/div[2]/div/div/div/div/div/div[2]/table/tbody/tr[3]/td[1]/p' is present after '1' second(s)
	at com.kms.katalon.core.webui.keyword.internal.WebUIKeywordMain.stepFailed(WebUIKeywordMain.groovy:64)
	at com.kms.katalon.core.webui.keyword.internal.WebUIKeywordMain$stepFailed$0.call(Unknown Source)
	at com.kms.katalon.core.webui.keyword.builtin.VerifyElementNotPresentKeyword$_verifyElementNotPresent_closure1.doCall(VerifyElementNotPresentKeyword.groovy:106)
	at com.kms.katalon.core.webui.keyword.builtin.VerifyElementNotPresentKeyword$_verifyElementNotPresent_closure1.doCall(VerifyElementNotPresentKeyword.groovy)
	at com.kms.katalon.core.webui.keyword.internal.WebUIKeywordMain.runKeyword(WebUIKeywordMain.groovy:20)
	at com.kms.katalon.core.webui.keyword.internal.WebUIKeywordMain$runKeyword.call(Unknown Source)
	at com.kms.katalon.core.webui.keyword.builtin.VerifyElementNotPresentKeyword.verifyElementNotPresent(VerifyElementNotPresentKeyword.groovy:117)
	at com.kms.katalon.core.webui.keyword.builtin.VerifyElementNotPresentKeyword.execute(VerifyElementNotPresentKeyword.groovy:68)
	at com.kms.katalon.core.keyword.internal.KeywordExecutor.executeKeywordForPlatform(KeywordExecutor.groovy:74)
	at com.kms.katalon.core.webui.keyword.WebUiBuiltInKeywords.verifyElementNotPresent(WebUiBuiltInKeywords.groovy:1481)
	at com.kms.katalon.core.webui.keyword.WebUiBuiltInKeywords$verifyElementNotPresent$8.call(Unknown Source)
	at GetBrokSumPriceDaily.run(GetBrokSumPriceDaily:258)
	at com.kms.katalon.core.main.ScriptEngine.run(ScriptEngine.java:194)
	at com.kms.katalon.core.main.ScriptEngine.runScriptAsRawText(ScriptEngine.java:119)
	at com.kms.katalon.core.main.TestCaseExecutor.runScript(TestCaseExecutor.java:445)
	at com.kms.katalon.core.main.TestCaseExecutor.doExecute(TestCaseExecutor.java:436)
	at com.kms.katalon.core.main.TestCaseExecutor.processExecutionPhase(TestCaseExecutor.java:415)
	at com.kms.katalon.core.main.TestCaseExecutor.accessMainPhase(TestCaseExecutor.java:407)
	at com.kms.katalon.core.main.TestCaseExecutor.execute(TestCaseExecutor.java:284)
	at com.kms.katalon.core.common.CommonExecutor.accessTestCaseMainPhase(CommonExecutor.java:65)
	at com.kms.katalon.core.main.TestSuiteExecutor.accessTestSuiteMainPhase(TestSuiteExecutor.java:144)
	at com.kms.katalon.core.main.TestSuiteExecutor.execute(TestSuiteExecutor.java:106)
	at com.kms.katalon.core.main.TestCaseMain.startTestSuite(TestCaseMain.java:185)
	at com.kms.katalon.core.main.TestCaseMain$startTestSuite$0.call(Unknown Source)
	at TempTestSuite1705920083951.run(TempTestSuite1705920083951.groovy:36)
)

2024-01-22 17:46:28 - [MESSAGE][WARNING] - Web element with id: 'Object Repository/Stockbit/Bandarmology_Buyer2' located by 'By.xpath: //*[contains(@id, 'rc-tabs-')]/div[2]/div/div/div/div/div/div[2]/table/tbody/tr[3]/td[1]/p' is present after '1' second(s) (Root cause: com.kms.katalon.core.exception.StepFailedException: Web element with id: 'Object Repository/Stockbit/Bandarmology_Buyer2' located by 'By.xpath: //*[contains(@id, 'rc-tabs-')]/div[2]/div/div/div/div/div/div[2]/table/tbody/tr[3]/td[1]/p' is present after '1' second(s)
	at com.kms.katalon.core.webui.keyword.internal.WebUIKeywordMain.stepFailed(WebUIKeywordMain.groovy:64)
	at com.kms.katalon.core.webui.keyword.internal.WebUIKeywordMain$stepFailed$0.call(Unknown Source)
	at com.kms.katalon.core.webui.keyword.builtin.VerifyElementNotPresentKeyword$_verifyElementNotPresent_closure1.doCall(VerifyElementNotPresentKeyword.groovy:106)
	at com.kms.katalon.core.webui.keyword.builtin.VerifyElementNotPresentKeyword$_verifyElementNotPresent_closure1.doCall(VerifyElementNotPresentKeyword.groovy)
	at com.kms.katalon.core.webui.keyword.internal.WebUIKeywordMain.runKeyword(WebUIKeywordMain.groovy:20)
	at com.kms.katalon.core.webui.keyword.internal.WebUIKeywordMain$runKeyword.call(Unknown Source)
	at com.kms.katalon.core.webui.keyword.builtin.VerifyElementNotPresentKeyword.verifyElementNotPresent(VerifyElementNotPresentKeyword.groovy:117)
	at com.kms.katalon.core.webui.keyword.builtin.VerifyElementNotPresentKeyword.execute(VerifyElementNotPresentKeyword.groovy:68)
	at com.kms.katalon.core.keyword.internal.KeywordExecutor.executeKeywordForPlatform(KeywordExecutor.groovy:74)
	at com.kms.katalon.core.webui.keyword.WebUiBuiltInKeywords.verifyElementNotPresent(WebUiBuiltInKeywords.groovy:1481)
	at com.kms.katalon.core.webui.keyword.WebUiBuiltInKeywords$verifyElementNotPresent$8.call(Unknown Source)
	at GetBrokSumPriceDaily.run(GetBrokSumPriceDaily:258)
	at com.kms.katalon.core.main.ScriptEngine.run(ScriptEngine.java:194)
	at com.kms.katalon.core.main.ScriptEngine.runScriptAsRawText(ScriptEngine.java:119)
	at com.kms.katalon.core.main.TestCaseExecutor.runScript(TestCaseExecutor.java:445)
	at com.kms.katalon.core.main.TestCaseExecutor.doExecute(TestCaseExecutor.java:436)
	at com.kms.katalon.core.main.TestCaseExecutor.processExecutionPhase(TestCaseExecutor.java:415)
	at com.kms.katalon.core.main.TestCaseExecutor.accessMainPhase(TestCaseExecutor.java:407)
	at com.kms.katalon.core.main.TestCaseExecutor.execute(TestCaseExecutor.java:284)
	at com.kms.katalon.core.common.CommonExecutor.accessTestCaseMainPhase(CommonExecutor.java:65)
	at com.kms.katalon.core.main.TestSuiteExecutor.accessTestSuiteMainPhase(TestSuiteExecutor.java:144)
	at com.kms.katalon.core.main.TestSuiteExecutor.execute(TestSuiteExecutor.java:106)
	at com.kms.katalon.core.main.TestCaseMain.startTestSuite(TestCaseMain.java:185)
	at com.kms.katalon.core.main.TestCaseMain$startTestSuite$0.call(Unknown Source)
	at TempTestSuite1705920083951.run(TempTestSuite1705920083951.groovy:36)
)
[[ATTACHMENT|C:\\Users\\Fadli\\git\\KatalonDailyGetData2\\Reports\\20240122_174123\\TS1\\20240122_174123\\1705920388636.png]]

2024-01-22 17:46:28 - [TEST_STEP][PASSED] - else: null

2024-01-22 17:46:28 - [TEST_STEP][PASSED] - strBuyer2 = getText(findTestObject("Stockbit/Bandarmology_Buyer2")): Text of object 'Object Repository/Stockbit/Bandarmology_Buyer2' is: 'PD'

2024-01-22 17:46:28 - [MESSAGE][PASSED] - Text of object 'Object Repository/Stockbit/Bandarmology_Buyer2' is: 'PD'

2024-01-22 17:46:28 - [TEST_STEP][PASSED] - strBuyerVol2 = getText(findTestObject("Stockbit/Bandarmology_BuyerVol2")): Text of object 'Object Repository/Stockbit/Bandarmology_BuyerVol2' is: '219'

2024-01-22 17:46:29 - [MESSAGE][PASSED] - Text of object 'Object Repository/Stockbit/Bandarmology_BuyerVol2' is: '219'

2024-01-22 17:46:29 - [TEST_STEP][PASSED] - strBuyerAvg2 = getText(findTestObject("Stockbit/Bandarmology_BuyerAvg2")): Text of object 'Object Repository/Stockbit/Bandarmology_BuyerAvg2' is: '197'

2024-01-22 17:46:29 - [MESSAGE][PASSED] - Text of object 'Object Repository/Stockbit/Bandarmology_BuyerAvg2' is: '197'

2024-01-22 17:46:29 - [TEST_STEP][PASSED] - if (strBuyer2 != ""): null

2024-01-22 17:46:29 - [TEST_STEP][PASSED] - if (strBuyerAvg2.contains(",")): null

2024-01-22 17:46:29 - [TEST_STEP][PASSED] - if (strBuyerVol2.contains(" B")): null

2024-01-22 17:46:29 - [TEST_STEP][PASSED] - if (strBuyerVol2.contains(".")): null

2024-01-22 17:46:29 - [TEST_STEP][PASSED] - if (verifyElementNotPresent(findTestObject("Stockbit/Bandarmology_Seller2"), 1, OPTIONAL)): Web element with id: 'Object Repository/Stockbit/Bandarmology_Seller2' located by 'By.xpath: //*[contains(@id, 'rc-tabs-')]/div[2]/div/div/div/div/div/div[2]/table/tbody/tr[3]/td[5]/p' is present after '1' second(s) (Root cause: com.kms.katalon.core.exception.StepFailedException: Web element with id: 'Object Repository/Stockbit/Bandarmology_Seller2' located by 'By.xpath: //*[contains(@id, 'rc-tabs-')]/div[2]/div/div/div/div/div/div[2]/table/tbody/tr[3]/td[5]/p' is present after '1' second(s)
	at com.kms.katalon.core.webui.keyword.internal.WebUIKeywordMain.stepFailed(WebUIKeywordMain.groovy:64)
	at com.kms.katalon.core.webui.keyword.internal.WebUIKeywordMain$stepFailed$0.call(Unknown Source)
	at com.kms.katalon.core.webui.keyword.builtin.VerifyElementNotPresentKeyword$_verifyElementNotPresent_closure1.doCall(VerifyElementNotPresentKeyword.groovy:106)
	at com.kms.katalon.core.webui.keyword.builtin.VerifyElementNotPresentKeyword$_verifyElementNotPresent_closure1.doCall(VerifyElementNotPresentKeyword.groovy)
	at com.kms.katalon.core.webui.keyword.internal.WebUIKeywordMain.runKeyword(WebUIKeywordMain.groovy:20)
	at com.kms.katalon.core.webui.keyword.internal.WebUIKeywordMain$runKeyword.call(Unknown Source)
	at com.kms.katalon.core.webui.keyword.builtin.VerifyElementNotPresentKeyword.verifyElementNotPresent(VerifyElementNotPresentKeyword.groovy:117)
	at com.kms.katalon.core.webui.keyword.builtin.VerifyElementNotPresentKeyword.execute(VerifyElementNotPresentKeyword.groovy:68)
	at com.kms.katalon.core.keyword.internal.KeywordExecutor.executeKeywordForPlatform(KeywordExecutor.groovy:74)
	at com.kms.katalon.core.webui.keyword.WebUiBuiltInKeywords.verifyElementNotPresent(WebUiBuiltInKeywords.groovy:1481)
	at com.kms.katalon.core.webui.keyword.WebUiBuiltInKeywords$verifyElementNotPresent$8.call(Unknown Source)
	at GetBrokSumPriceDaily.run(GetBrokSumPriceDaily:309)
	at com.kms.katalon.core.main.ScriptEngine.run(ScriptEngine.java:194)
	at com.kms.katalon.core.main.ScriptEngine.runScriptAsRawText(ScriptEngine.java:119)
	at com.kms.katalon.core.main.TestCaseExecutor.runScript(TestCaseExecutor.java:445)
	at com.kms.katalon.core.main.TestCaseExecutor.doExecute(TestCaseExecutor.java:436)
	at com.kms.katalon.core.main.TestCaseExecutor.processExecutionPhase(TestCaseExecutor.java:415)
	at com.kms.katalon.core.main.TestCaseExecutor.accessMainPhase(TestCaseExecutor.java:407)
	at com.kms.katalon.core.main.TestCaseExecutor.execute(TestCaseExecutor.java:284)
	at com.kms.katalon.core.common.CommonExecutor.accessTestCaseMainPhase(CommonExecutor.java:65)
	at com.kms.katalon.core.main.TestSuiteExecutor.accessTestSuiteMainPhase(TestSuiteExecutor.java:144)
	at com.kms.katalon.core.main.TestSuiteExecutor.execute(TestSuiteExecutor.java:106)
	at com.kms.katalon.core.main.TestCaseMain.startTestSuite(TestCaseMain.java:185)
	at com.kms.katalon.core.main.TestCaseMain$startTestSuite$0.call(Unknown Source)
	at TempTestSuite1705920083951.run(TempTestSuite1705920083951.groovy:36)
)

2024-01-22 17:46:30 - [MESSAGE][WARNING] - Web element with id: 'Object Repository/Stockbit/Bandarmology_Seller2' located by 'By.xpath: //*[contains(@id, 'rc-tabs-')]/div[2]/div/div/div/div/div/div[2]/table/tbody/tr[3]/td[5]/p' is present after '1' second(s) (Root cause: com.kms.katalon.core.exception.StepFailedException: Web element with id: 'Object Repository/Stockbit/Bandarmology_Seller2' located by 'By.xpath: //*[contains(@id, 'rc-tabs-')]/div[2]/div/div/div/div/div/div[2]/table/tbody/tr[3]/td[5]/p' is present after '1' second(s)
	at com.kms.katalon.core.webui.keyword.internal.WebUIKeywordMain.stepFailed(WebUIKeywordMain.groovy:64)
	at com.kms.katalon.core.webui.keyword.internal.WebUIKeywordMain$stepFailed$0.call(Unknown Source)
	at com.kms.katalon.core.webui.keyword.builtin.VerifyElementNotPresentKeyword$_verifyElementNotPresent_closure1.doCall(VerifyElementNotPresentKeyword.groovy:106)
	at com.kms.katalon.core.webui.keyword.builtin.VerifyElementNotPresentKeyword$_verifyElementNotPresent_closure1.doCall(VerifyElementNotPresentKeyword.groovy)
	at com.kms.katalon.core.webui.keyword.internal.WebUIKeywordMain.runKeyword(WebUIKeywordMain.groovy:20)
	at com.kms.katalon.core.webui.keyword.internal.WebUIKeywordMain$runKeyword.call(Unknown Source)
	at com.kms.katalon.core.webui.keyword.builtin.VerifyElementNotPresentKeyword.verifyElementNotPresent(VerifyElementNotPresentKeyword.groovy:117)
	at com.kms.katalon.core.webui.keyword.builtin.VerifyElementNotPresentKeyword.execute(VerifyElementNotPresentKeyword.groovy:68)
	at com.kms.katalon.core.keyword.internal.KeywordExecutor.executeKeywordForPlatform(KeywordExecutor.groovy:74)
	at com.kms.katalon.core.webui.keyword.WebUiBuiltInKeywords.verifyElementNotPresent(WebUiBuiltInKeywords.groovy:1481)
	at com.kms.katalon.core.webui.keyword.WebUiBuiltInKeywords$verifyElementNotPresent$8.call(Unknown Source)
	at GetBrokSumPriceDaily.run(GetBrokSumPriceDaily:309)
	at com.kms.katalon.core.main.ScriptEngine.run(ScriptEngine.java:194)
	at com.kms.katalon.core.main.ScriptEngine.runScriptAsRawText(ScriptEngine.java:119)
	at com.kms.katalon.core.main.TestCaseExecutor.runScript(TestCaseExecutor.java:445)
	at com.kms.katalon.core.main.TestCaseExecutor.doExecute(TestCaseExecutor.java:436)
	at com.kms.katalon.core.main.TestCaseExecutor.processExecutionPhase(TestCaseExecutor.java:415)
	at com.kms.katalon.core.main.TestCaseExecutor.accessMainPhase(TestCaseExecutor.java:407)
	at com.kms.katalon.core.main.TestCaseExecutor.execute(TestCaseExecutor.java:284)
	at com.kms.katalon.core.common.CommonExecutor.accessTestCaseMainPhase(CommonExecutor.java:65)
	at com.kms.katalon.core.main.TestSuiteExecutor.accessTestSuiteMainPhase(TestSuiteExecutor.java:144)
	at com.kms.katalon.core.main.TestSuiteExecutor.execute(TestSuiteExecutor.java:106)
	at com.kms.katalon.core.main.TestCaseMain.startTestSuite(TestCaseMain.java:185)
	at com.kms.katalon.core.main.TestCaseMain$startTestSuite$0.call(Unknown Source)
	at TempTestSuite1705920083951.run(TempTestSuite1705920083951.groovy:36)
)
[[ATTACHMENT|C:\\Users\\Fadli\\git\\KatalonDailyGetData2\\Reports\\20240122_174123\\TS1\\20240122_174123\\1705920390372.png]]

2024-01-22 17:46:30 - [TEST_STEP][PASSED] - else: null

2024-01-22 17:46:30 - [TEST_STEP][PASSED] - strSeller2 = getText(findTestObject("Stockbit/Bandarmology_Seller2")): Text of object 'Object Repository/Stockbit/Bandarmology_Seller2' is: 'BQ'

2024-01-22 17:46:30 - [MESSAGE][PASSED] - Text of object 'Object Repository/Stockbit/Bandarmology_Seller2' is: 'BQ'

2024-01-22 17:46:30 - [TEST_STEP][PASSED] - strSellerVol2 = getText(findTestObject("Stockbit/Bandarmology_SellerVol2")): Text of object 'Object Repository/Stockbit/Bandarmology_SellerVol2' is: '145'

2024-01-22 17:46:30 - [MESSAGE][PASSED] - Text of object 'Object Repository/Stockbit/Bandarmology_SellerVol2' is: '145'

2024-01-22 17:46:30 - [TEST_STEP][PASSED] - strSellerAvg2 = getText(findTestObject("Stockbit/Bandarmology_SellerAvg2")): Text of object 'Object Repository/Stockbit/Bandarmology_SellerAvg2' is: '198'

2024-01-22 17:46:30 - [MESSAGE][PASSED] - Text of object 'Object Repository/Stockbit/Bandarmology_SellerAvg2' is: '198'

2024-01-22 17:46:30 - [TEST_STEP][PASSED] - if (strSeller2 != ""): null

2024-01-22 17:46:30 - [TEST_STEP][PASSED] - if (strSellerAvg2.contains(",")): null

2024-01-22 17:46:30 - [TEST_STEP][PASSED] - if (strSellerVol2.contains(" B")): null

2024-01-22 17:46:30 - [TEST_STEP][PASSED] - if (verifyElementNotPresent(findTestObject("Stockbit/Bandarmology_Buyer3"), 1, OPTIONAL)): Web element with id: 'Object Repository/Stockbit/Bandarmology_Buyer3' located by 'By.xpath: //*[contains(@id, 'rc-tabs-')]/div[2]/div/div/div/div/div/div[2]/table/tbody/tr[4]/td[1]/p' is present after '1' second(s) (Root cause: com.kms.katalon.core.exception.StepFailedException: Web element with id: 'Object Repository/Stockbit/Bandarmology_Buyer3' located by 'By.xpath: //*[contains(@id, 'rc-tabs-')]/div[2]/div/div/div/div/div/div[2]/table/tbody/tr[4]/td[1]/p' is present after '1' second(s)
	at com.kms.katalon.core.webui.keyword.internal.WebUIKeywordMain.stepFailed(WebUIKeywordMain.groovy:64)
	at com.kms.katalon.core.webui.keyword.internal.WebUIKeywordMain$stepFailed$0.call(Unknown Source)
	at com.kms.katalon.core.webui.keyword.builtin.VerifyElementNotPresentKeyword$_verifyElementNotPresent_closure1.doCall(VerifyElementNotPresentKeyword.groovy:106)
	at com.kms.katalon.core.webui.keyword.builtin.VerifyElementNotPresentKeyword$_verifyElementNotPresent_closure1.doCall(VerifyElementNotPresentKeyword.groovy)
	at com.kms.katalon.core.webui.keyword.internal.WebUIKeywordMain.runKeyword(WebUIKeywordMain.groovy:20)
	at com.kms.katalon.core.webui.keyword.internal.WebUIKeywordMain$runKeyword.call(Unknown Source)
	at com.kms.katalon.core.webui.keyword.builtin.VerifyElementNotPresentKeyword.verifyElementNotPresent(VerifyElementNotPresentKeyword.groovy:117)
	at com.kms.katalon.core.webui.keyword.builtin.VerifyElementNotPresentKeyword.execute(VerifyElementNotPresentKeyword.groovy:68)
	at com.kms.katalon.core.keyword.internal.KeywordExecutor.executeKeywordForPlatform(KeywordExecutor.groovy:74)
	at com.kms.katalon.core.webui.keyword.WebUiBuiltInKeywords.verifyElementNotPresent(WebUiBuiltInKeywords.groovy:1481)
	at com.kms.katalon.core.webui.keyword.WebUiBuiltInKeywords$verifyElementNotPresent$8.call(Unknown Source)
	at GetBrokSumPriceDaily.run(GetBrokSumPriceDaily:361)
	at com.kms.katalon.core.main.ScriptEngine.run(ScriptEngine.java:194)
	at com.kms.katalon.core.main.ScriptEngine.runScriptAsRawText(ScriptEngine.java:119)
	at com.kms.katalon.core.main.TestCaseExecutor.runScript(TestCaseExecutor.java:445)
	at com.kms.katalon.core.main.TestCaseExecutor.doExecute(TestCaseExecutor.java:436)
	at com.kms.katalon.core.main.TestCaseExecutor.processExecutionPhase(TestCaseExecutor.java:415)
	at com.kms.katalon.core.main.TestCaseExecutor.accessMainPhase(TestCaseExecutor.java:407)
	at com.kms.katalon.core.main.TestCaseExecutor.execute(TestCaseExecutor.java:284)
	at com.kms.katalon.core.common.CommonExecutor.accessTestCaseMainPhase(CommonExecutor.java:65)
	at com.kms.katalon.core.main.TestSuiteExecutor.accessTestSuiteMainPhase(TestSuiteExecutor.java:144)
	at com.kms.katalon.core.main.TestSuiteExecutor.execute(TestSuiteExecutor.java:106)
	at com.kms.katalon.core.main.TestCaseMain.startTestSuite(TestCaseMain.java:185)
	at com.kms.katalon.core.main.TestCaseMain$startTestSuite$0.call(Unknown Source)
	at TempTestSuite1705920083951.run(TempTestSuite1705920083951.groovy:36)
)

2024-01-22 17:46:32 - [MESSAGE][WARNING] - Web element with id: 'Object Repository/Stockbit/Bandarmology_Buyer3' located by 'By.xpath: //*[contains(@id, 'rc-tabs-')]/div[2]/div/div/div/div/div/div[2]/table/tbody/tr[4]/td[1]/p' is present after '1' second(s) (Root cause: com.kms.katalon.core.exception.StepFailedException: Web element with id: 'Object Repository/Stockbit/Bandarmology_Buyer3' located by 'By.xpath: //*[contains(@id, 'rc-tabs-')]/div[2]/div/div/div/div/div/div[2]/table/tbody/tr[4]/td[1]/p' is present after '1' second(s)
	at com.kms.katalon.core.webui.keyword.internal.WebUIKeywordMain.stepFailed(WebUIKeywordMain.groovy:64)
	at com.kms.katalon.core.webui.keyword.internal.WebUIKeywordMain$stepFailed$0.call(Unknown Source)
	at com.kms.katalon.core.webui.keyword.builtin.VerifyElementNotPresentKeyword$_verifyElementNotPresent_closure1.doCall(VerifyElementNotPresentKeyword.groovy:106)
	at com.kms.katalon.core.webui.keyword.builtin.VerifyElementNotPresentKeyword$_verifyElementNotPresent_closure1.doCall(VerifyElementNotPresentKeyword.groovy)
	at com.kms.katalon.core.webui.keyword.internal.WebUIKeywordMain.runKeyword(WebUIKeywordMain.groovy:20)
	at com.kms.katalon.core.webui.keyword.internal.WebUIKeywordMain$runKeyword.call(Unknown Source)
	at com.kms.katalon.core.webui.keyword.builtin.VerifyElementNotPresentKeyword.verifyElementNotPresent(VerifyElementNotPresentKeyword.groovy:117)
	at com.kms.katalon.core.webui.keyword.builtin.VerifyElementNotPresentKeyword.execute(VerifyElementNotPresentKeyword.groovy:68)
	at com.kms.katalon.core.keyword.internal.KeywordExecutor.executeKeywordForPlatform(KeywordExecutor.groovy:74)
	at com.kms.katalon.core.webui.keyword.WebUiBuiltInKeywords.verifyElementNotPresent(WebUiBuiltInKeywords.groovy:1481)
	at com.kms.katalon.core.webui.keyword.WebUiBuiltInKeywords$verifyElementNotPresent$8.call(Unknown Source)
	at GetBrokSumPriceDaily.run(GetBrokSumPriceDaily:361)
	at com.kms.katalon.core.main.ScriptEngine.run(ScriptEngine.java:194)
	at com.kms.katalon.core.main.ScriptEngine.runScriptAsRawText(ScriptEngine.java:119)
	at com.kms.katalon.core.main.TestCaseExecutor.runScript(TestCaseExecutor.java:445)
	at com.kms.katalon.core.main.TestCaseExecutor.doExecute(TestCaseExecutor.java:436)
	at com.kms.katalon.core.main.TestCaseExecutor.processExecutionPhase(TestCaseExecutor.java:415)
	at com.kms.katalon.core.main.TestCaseExecutor.accessMainPhase(TestCaseExecutor.java:407)
	at com.kms.katalon.core.main.TestCaseExecutor.execute(TestCaseExecutor.java:284)
	at com.kms.katalon.core.common.CommonExecutor.accessTestCaseMainPhase(CommonExecutor.java:65)
	at com.kms.katalon.core.main.TestSuiteExecutor.accessTestSuiteMainPhase(TestSuiteExecutor.java:144)
	at com.kms.katalon.core.main.TestSuiteExecutor.execute(TestSuiteExecutor.java:106)
	at com.kms.katalon.core.main.TestCaseMain.startTestSuite(TestCaseMain.java:185)
	at com.kms.katalon.core.main.TestCaseMain$startTestSuite$0.call(Unknown Source)
	at TempTestSuite1705920083951.run(TempTestSuite1705920083951.groovy:36)
)
[[ATTACHMENT|C:\\Users\\Fadli\\git\\KatalonDailyGetData2\\Reports\\20240122_174123\\TS1\\20240122_174123\\1705920392098.png]]

2024-01-22 17:46:32 - [TEST_STEP][PASSED] - else: null

2024-01-22 17:46:32 - [TEST_STEP][PASSED] - strBuyer3 = getText(findTestObject("Stockbit/Bandarmology_Buyer3")): Text of object 'Object Repository/Stockbit/Bandarmology_Buyer3' is: 'EP'

2024-01-22 17:46:32 - [MESSAGE][PASSED] - Text of object 'Object Repository/Stockbit/Bandarmology_Buyer3' is: 'EP'

2024-01-22 17:46:32 - [TEST_STEP][PASSED] - strBuyerVol3 = getText(findTestObject("Stockbit/Bandarmology_BuyerVol3")): Text of object 'Object Repository/Stockbit/Bandarmology_BuyerVol3' is: '98'

2024-01-22 17:46:32 - [MESSAGE][PASSED] - Text of object 'Object Repository/Stockbit/Bandarmology_BuyerVol3' is: '98'

2024-01-22 17:46:32 - [TEST_STEP][PASSED] - strBuyerAvg3 = getText(findTestObject("Stockbit/Bandarmology_BuyerAvg3")): Text of object 'Object Repository/Stockbit/Bandarmology_BuyerAvg3' is: '195'

2024-01-22 17:46:32 - [MESSAGE][PASSED] - Text of object 'Object Repository/Stockbit/Bandarmology_BuyerAvg3' is: '195'

2024-01-22 17:46:32 - [TEST_STEP][PASSED] - if (strBuyer3 != ""): null

2024-01-22 17:46:32 - [TEST_STEP][PASSED] - if (strBuyerAvg3.contains(",")): null

2024-01-22 17:46:32 - [TEST_STEP][PASSED] - if (strBuyerVol3.contains(" B")): null

2024-01-22 17:46:32 - [TEST_STEP][PASSED] - if (verifyElementNotPresent(findTestObject("Stockbit/Bandarmology_Seller3"), 1, OPTIONAL)): Web element with id: 'Object Repository/Stockbit/Bandarmology_Seller3' located by 'By.xpath: //*[contains(@id, 'rc-tabs-')]/div[2]/div/div/div/div/div/div[2]/table/tbody/tr[4]/td[5]/p' is present after '1' second(s) (Root cause: com.kms.katalon.core.exception.StepFailedException: Web element with id: 'Object Repository/Stockbit/Bandarmology_Seller3' located by 'By.xpath: //*[contains(@id, 'rc-tabs-')]/div[2]/div/div/div/div/div/div[2]/table/tbody/tr[4]/td[5]/p' is present after '1' second(s)
	at com.kms.katalon.core.webui.keyword.internal.WebUIKeywordMain.stepFailed(WebUIKeywordMain.groovy:64)
	at com.kms.katalon.core.webui.keyword.internal.WebUIKeywordMain$stepFailed$0.call(Unknown Source)
	at com.kms.katalon.core.webui.keyword.builtin.VerifyElementNotPresentKeyword$_verifyElementNotPresent_closure1.doCall(VerifyElementNotPresentKeyword.groovy:106)
	at com.kms.katalon.core.webui.keyword.builtin.VerifyElementNotPresentKeyword$_verifyElementNotPresent_closure1.doCall(VerifyElementNotPresentKeyword.groovy)
	at com.kms.katalon.core.webui.keyword.internal.WebUIKeywordMain.runKeyword(WebUIKeywordMain.groovy:20)
	at com.kms.katalon.core.webui.keyword.internal.WebUIKeywordMain$runKeyword.call(Unknown Source)
	at com.kms.katalon.core.webui.keyword.builtin.VerifyElementNotPresentKeyword.verifyElementNotPresent(VerifyElementNotPresentKeyword.groovy:117)
	at com.kms.katalon.core.webui.keyword.builtin.VerifyElementNotPresentKeyword.execute(VerifyElementNotPresentKeyword.groovy:68)
	at com.kms.katalon.core.keyword.internal.KeywordExecutor.executeKeywordForPlatform(KeywordExecutor.groovy:74)
	at com.kms.katalon.core.webui.keyword.WebUiBuiltInKeywords.verifyElementNotPresent(WebUiBuiltInKeywords.groovy:1481)
	at com.kms.katalon.core.webui.keyword.WebUiBuiltInKeywords$verifyElementNotPresent$8.call(Unknown Source)
	at GetBrokSumPriceDaily.run(GetBrokSumPriceDaily:414)
	at com.kms.katalon.core.main.ScriptEngine.run(ScriptEngine.java:194)
	at com.kms.katalon.core.main.ScriptEngine.runScriptAsRawText(ScriptEngine.java:119)
	at com.kms.katalon.core.main.TestCaseExecutor.runScript(TestCaseExecutor.java:445)
	at com.kms.katalon.core.main.TestCaseExecutor.doExecute(TestCaseExecutor.java:436)
	at com.kms.katalon.core.main.TestCaseExecutor.processExecutionPhase(TestCaseExecutor.java:415)
	at com.kms.katalon.core.main.TestCaseExecutor.accessMainPhase(TestCaseExecutor.java:407)
	at com.kms.katalon.core.main.TestCaseExecutor.execute(TestCaseExecutor.java:284)
	at com.kms.katalon.core.common.CommonExecutor.accessTestCaseMainPhase(CommonExecutor.java:65)
	at com.kms.katalon.core.main.TestSuiteExecutor.accessTestSuiteMainPhase(TestSuiteExecutor.java:144)
	at com.kms.katalon.core.main.TestSuiteExecutor.execute(TestSuiteExecutor.java:106)
	at com.kms.katalon.core.main.TestCaseMain.startTestSuite(TestCaseMain.java:185)
	at com.kms.katalon.core.main.TestCaseMain$startTestSuite$0.call(Unknown Source)
	at TempTestSuite1705920083951.run(TempTestSuite1705920083951.groovy:36)
)

2024-01-22 17:46:34 - [MESSAGE][WARNING] - Web element with id: 'Object Repository/Stockbit/Bandarmology_Seller3' located by 'By.xpath: //*[contains(@id, 'rc-tabs-')]/div[2]/div/div/div/div/div/div[2]/table/tbody/tr[4]/td[5]/p' is present after '1' second(s) (Root cause: com.kms.katalon.core.exception.StepFailedException: Web element with id: 'Object Repository/Stockbit/Bandarmology_Seller3' located by 'By.xpath: //*[contains(@id, 'rc-tabs-')]/div[2]/div/div/div/div/div/div[2]/table/tbody/tr[4]/td[5]/p' is present after '1' second(s)
	at com.kms.katalon.core.webui.keyword.internal.WebUIKeywordMain.stepFailed(WebUIKeywordMain.groovy:64)
	at com.kms.katalon.core.webui.keyword.internal.WebUIKeywordMain$stepFailed$0.call(Unknown Source)
	at com.kms.katalon.core.webui.keyword.builtin.VerifyElementNotPresentKeyword$_verifyElementNotPresent_closure1.doCall(VerifyElementNotPresentKeyword.groovy:106)
	at com.kms.katalon.core.webui.keyword.builtin.VerifyElementNotPresentKeyword$_verifyElementNotPresent_closure1.doCall(VerifyElementNotPresentKeyword.groovy)
	at com.kms.katalon.core.webui.keyword.internal.WebUIKeywordMain.runKeyword(WebUIKeywordMain.groovy:20)
	at com.kms.katalon.core.webui.keyword.internal.WebUIKeywordMain$runKeyword.call(Unknown Source)
	at com.kms.katalon.core.webui.keyword.builtin.VerifyElementNotPresentKeyword.verifyElementNotPresent(VerifyElementNotPresentKeyword.groovy:117)
	at com.kms.katalon.core.webui.keyword.builtin.VerifyElementNotPresentKeyword.execute(VerifyElementNotPresentKeyword.groovy:68)
	at com.kms.katalon.core.keyword.internal.KeywordExecutor.executeKeywordForPlatform(KeywordExecutor.groovy:74)
	at com.kms.katalon.core.webui.keyword.WebUiBuiltInKeywords.verifyElementNotPresent(WebUiBuiltInKeywords.groovy:1481)
	at com.kms.katalon.core.webui.keyword.WebUiBuiltInKeywords$verifyElementNotPresent$8.call(Unknown Source)
	at GetBrokSumPriceDaily.run(GetBrokSumPriceDaily:414)
	at com.kms.katalon.core.main.ScriptEngine.run(ScriptEngine.java:194)
	at com.kms.katalon.core.main.ScriptEngine.runScriptAsRawText(ScriptEngine.java:119)
	at com.kms.katalon.core.main.TestCaseExecutor.runScript(TestCaseExecutor.java:445)
	at com.kms.katalon.core.main.TestCaseExecutor.doExecute(TestCaseExecutor.java:436)
	at com.kms.katalon.core.main.TestCaseExecutor.processExecutionPhase(TestCaseExecutor.java:415)
	at com.kms.katalon.core.main.TestCaseExecutor.accessMainPhase(TestCaseExecutor.java:407)
	at com.kms.katalon.core.main.TestCaseExecutor.execute(TestCaseExecutor.java:284)
	at com.kms.katalon.core.common.CommonExecutor.accessTestCaseMainPhase(CommonExecutor.java:65)
	at com.kms.katalon.core.main.TestSuiteExecutor.accessTestSuiteMainPhase(TestSuiteExecutor.java:144)
	at com.kms.katalon.core.main.TestSuiteExecutor.execute(TestSuiteExecutor.java:106)
	at com.kms.katalon.core.main.TestCaseMain.startTestSuite(TestCaseMain.java:185)
	at com.kms.katalon.core.main.TestCaseMain$startTestSuite$0.call(Unknown Source)
	at TempTestSuite1705920083951.run(TempTestSuite1705920083951.groovy:36)
)
[[ATTACHMENT|C:\\Users\\Fadli\\git\\KatalonDailyGetData2\\Reports\\20240122_174123\\TS1\\20240122_174123\\1705920393818.png]]

2024-01-22 17:46:34 - [TEST_STEP][PASSED] - else: null

2024-01-22 17:46:34 - [TEST_STEP][PASSED] - strSeller3 = getText(findTestObject("Stockbit/Bandarmology_Seller3")): Text of object 'Object Repository/Stockbit/Bandarmology_Seller3' is: 'OD'

2024-01-22 17:46:34 - [MESSAGE][PASSED] - Text of object 'Object Repository/Stockbit/Bandarmology_Seller3' is: 'OD'

2024-01-22 17:46:34 - [TEST_STEP][PASSED] - strSellerVol3 = getText(findTestObject("Stockbit/Bandarmology_SellerVol3")): Text of object 'Object Repository/Stockbit/Bandarmology_SellerVol3' is: '84'

2024-01-22 17:46:34 - [MESSAGE][PASSED] - Text of object 'Object Repository/Stockbit/Bandarmology_SellerVol3' is: '84'

2024-01-22 17:46:34 - [TEST_STEP][PASSED] - strSellerAvg3 = getText(findTestObject("Stockbit/Bandarmology_SellerAvg3")): Text of object 'Object Repository/Stockbit/Bandarmology_SellerAvg3' is: '197'

2024-01-22 17:46:34 - [MESSAGE][PASSED] - Text of object 'Object Repository/Stockbit/Bandarmology_SellerAvg3' is: '197'

2024-01-22 17:46:34 - [TEST_STEP][PASSED] - if (strSeller3 != ""): null

2024-01-22 17:46:34 - [TEST_STEP][PASSED] - if (strSellerAvg3.contains(",")): null

2024-01-22 17:46:34 - [TEST_STEP][PASSED] - if (strSellerVol3.contains(" B")): null

2024-01-22 17:46:34 - [TEST_STEP][PASSED] - strAccDist = getText(findTestObject("Stockbit/Bandarmology_AccDist")): Text of object 'Object Repository/Stockbit/Bandarmology_AccDist' is: 'Dist'

2024-01-22 17:46:34 - [MESSAGE][PASSED] - Text of object 'Object Repository/Stockbit/Bandarmology_AccDist' is: 'Dist'

2024-01-22 17:46:34 - [TEST_STEP][PASSED] - strNetVol = getText(findTestObject("Stockbit/Bandarmology_NetVol")): Text of object 'Object Repository/Stockbit/Bandarmology_NetVol' is: '758'

2024-01-22 17:46:34 - [MESSAGE][PASSED] - Text of object 'Object Repository/Stockbit/Bandarmology_NetVol' is: '758'

2024-01-22 17:46:34 - [TEST_STEP][PASSED] - strNetVol = strNetVol.replace(",", ""): null

2024-01-22 17:46:34 - [TEST_STEP][PASSED] - strNetVal = getText(findTestObject("Stockbit/Bandarmology_NetVal")): Text of object 'Object Repository/Stockbit/Bandarmology_NetVal' is: '0 B'

2024-01-22 17:46:34 - [MESSAGE][PASSED] - Text of object 'Object Repository/Stockbit/Bandarmology_NetVal' is: '0 B'

2024-01-22 17:46:34 - [TEST_STEP][PASSED] - delay(3): Delayed 3 second(s)

2024-01-22 17:46:37 - [MESSAGE][PASSED] - Delayed 3 second(s)

2024-01-22 17:46:37 - [TEST_STEP][PASSED] - strOpenPrice = getText(findTestObject("Stockbit/Home_OpenPrice")): Text of object 'Object Repository/Stockbit/Home_OpenPrice' is: '196'

2024-01-22 17:46:37 - [MESSAGE][PASSED] - Text of object 'Object Repository/Stockbit/Home_OpenPrice' is: '196'

2024-01-22 17:46:37 - [TEST_STEP][PASSED] - strOpenPrice = strOpenPrice.replace(",", ""): null

2024-01-22 17:46:37 - [TEST_STEP][PASSED] - strLowPrice = getText(findTestObject("Stockbit/Home_LowPrice")): Text of object 'Object Repository/Stockbit/Home_LowPrice' is: '195'

2024-01-22 17:46:37 - [MESSAGE][PASSED] - Text of object 'Object Repository/Stockbit/Home_LowPrice' is: '195'

2024-01-22 17:46:37 - [TEST_STEP][PASSED] - strLowPrice = strLowPrice.replace(",", ""): null

2024-01-22 17:46:37 - [TEST_STEP][PASSED] - strHighPrice = getText(findTestObject("Stockbit/Home_HighPrice")): Text of object 'Object Repository/Stockbit/Home_HighPrice' is: '200'

2024-01-22 17:46:38 - [MESSAGE][PASSED] - Text of object 'Object Repository/Stockbit/Home_HighPrice' is: '200'

2024-01-22 17:46:38 - [TEST_STEP][PASSED] - strHighPrice = strHighPrice.replace(",", ""): null

2024-01-22 17:46:38 - [TEST_STEP][PASSED] - strClosePrice = getText(findTestObject("Stockbit/Home_ClosePrice")): Text of object 'Object Repository/Stockbit/Home_ClosePrice' is: '199'

2024-01-22 17:46:38 - [MESSAGE][PASSED] - Text of object 'Object Repository/Stockbit/Home_ClosePrice' is: '199'

2024-01-22 17:46:38 - [TEST_STEP][PASSED] - strClosePrice = strClosePrice.replace(",", ""): null

2024-01-22 17:46:38 - [TEST_STEP][PASSED] - strVol = getText(findTestObject("Stockbit/Home_Volume")): Text of object 'Object Repository/Stockbit/Home_Volume' is: '931'

2024-01-22 17:46:38 - [MESSAGE][PASSED] - Text of object 'Object Repository/Stockbit/Home_Volume' is: '931'

2024-01-22 17:46:38 - [TEST_STEP][PASSED] - if (strVol.contains(" K")): null

2024-01-22 17:46:38 - [TEST_STEP][PASSED] - if (strVol.contains(",")): null

2024-01-22 17:46:38 - [TEST_STEP][PASSED] - strChange = getText(findTestObject("Stockbit/Home_Change")): Text of object 'Object Repository/Stockbit/Home_Change' is: '1.02%'

2024-01-22 17:46:38 - [MESSAGE][PASSED] - Text of object 'Object Repository/Stockbit/Home_Change' is: '1.02%'

2024-01-22 17:46:38 - [TEST_STEP][PASSED] - strChange = strChange.replace("%", ""): null

2024-01-22 17:46:38 - [TEST_STEP][PASSED] - strFreq = getText(findTestObject("Stockbit/Home_Freq")): Text of object 'Object Repository/Stockbit/Home_Freq' is: '51'

2024-01-22 17:46:38 - [MESSAGE][PASSED] - Text of object 'Object Repository/Stockbit/Home_Freq' is: '51'

2024-01-22 17:46:38 - [TEST_STEP][PASSED] - if (strFreq.contains(",")): null

2024-01-22 17:46:38 - [TEST_STEP][PASSED] - if (strFreq == "NA" || strFreq == ""): null

2024-01-22 17:46:38 - [TEST_STEP][PASSED] - else: null

2024-01-22 17:46:38 - [TEST_STEP][PASSED] - dblFreqAnal = strVol.toDouble() / strFreq.toDouble() * strFreq.toDouble() * strFreq.toDouble() * 100000000: null

2024-01-22 17:46:38 - [TEST_STEP][PASSED] - strFreqAnal = String.format("%.4f", dblFreqAnal): null

2024-01-22 17:46:38 - [TEST_STEP][PASSED] - out.println("Double strFreqAnal: " + strFreqAnal): null

2024-01-22 17:46:38 - [TEST_STEP][PASSED] - strTanggal = d.format(DateTimeFormatter.ofPattern("yyyy-MM-dd")): null

2024-01-22 17:46:38 - [TEST_STEP][PASSED] - strTanggal = "#" + strTanggal + "#": null

2024-01-22 17:46:38 - [TEST_STEP][PASSED] - strSQL = "select count(*) as JumBaris from TblBrokSum where Nama = '" + strNama + "' and Tanggal = " + strTanggal + "": null

2024-01-22 17:46:38 - [TEST_STEP][PASSED] - resultSet = statement.executeQuery(strSQL): null

2024-01-22 17:46:38 - [TEST_STEP][PASSED] - resultSet.next(): null

2024-01-22 17:46:38 - [TEST_STEP][PASSED] - intJumBaris = resultSet.getInt("JumBaris"): null

2024-01-22 17:46:38 - [TEST_STEP][PASSED] - if (intJumBaris > 0): null

2024-01-22 17:46:38 - [TEST_STEP][PASSED] - else: null

2024-01-22 17:46:38 - [TEST_STEP][PASSED] - try: null

2024-01-22 17:46:38 - [TEST_STEP][PASSED] - out.println("Insert data"): null

2024-01-22 17:46:38 - [TEST_STEP][PASSED] - strSQL = "insert into TblBrokSum (nama, tanggal, top1, top2, top3, AllBrokAvg, AccDist, AvgRP, " + "Buyer1, BuyerVal1, BuyerAvg1, Seller1, SellerVal1, SellerAvg1, Buyer2, BuyerVal2, BuyerAvg2, " + "Seller2, SellerVal2, SellerAvg2, Buyer3, BuyerVal3, BuyerAvg3, Seller3, SellerVal3, SellerAvg3, NetVol, NetVal, " + "OpenPrice, LowPrice, HighPrice, ClosePrice, Volume, Change, Frekuensi, FrekAnal) " + "values ('" + strNama + "', " + strTanggal + ", '" + strTop1 + "', '" + strTop3 + "', '" + strTop5 + "', " + "'" + strAllBrokAvg + "', '" + strAccDist + "', " + intAvgRP + ", '" + strBuyer1 + "', '" + strBuyerVol1 + "', " + strBuyerAvg1 + ", " + "'" + strSeller1 + "', '" + strSellerVol1 + "', " + strSellerAvg1 + ", '" + strBuyer2 + "', '" + strBuyerVol2 + "', " + strBuyerAvg2 + ", " + "'" + strSeller2 + "', '" + strSellerVol2 + "', " + strSellerAvg2 + ", '" + strBuyer3 + "', '" + strBuyerVol3 + "', " + strBuyerAvg3 + ", " + "'" + strSeller3 + "', '" + strSellerVol3 + "', " + strSellerAvg3 + ", " + strNetVol + ", '" + strNetVal + "', " + "" + strOpenPrice + ", " + strLowPrice + ", " + strHighPrice + ", " + strClosePrice + ", '" + strVol + "', " + strChange + ", " + strFreq + ", " + strFreqAnal + ");": null

2024-01-22 17:46:38 - [TEST_STEP][PASSED] - out.println("strSQL = " + strSQL): null

2024-01-22 17:46:38 - [TEST_STEP][PASSED] - statement.executeUpdate(strSQL): null

2024-01-22 17:46:38 - [TEST_STEP][PASSED] - setValueToCellByIndex(sheet01, rowIndex, 4, "DONE"): null

2024-01-22 17:46:38 - [TEST_STEP][PASSED] - saveWorkbook(excelFilePath, workbook01): null

2024-01-22 17:46:38 - [TEST_STEP][PASSED] - waitForElementClickable(findTestObject("Stockbit/menu_Bandarmology"), 10): Object 'Object Repository/Stockbit/menu_Bandarmology' is clickable

2024-01-22 17:46:38 - [MESSAGE][PASSED] - Object 'Object Repository/Stockbit/menu_Bandarmology' is clickable

2024-01-22 17:46:38 - [TEST_STEP][PASSED] - click(findTestObject("Stockbit/menu_Bandarmology")): Object: 'Object Repository/Stockbit/menu_Bandarmology' is clicked on

2024-01-22 17:46:39 - [MESSAGE][PASSED] - Object: 'Object Repository/Stockbit/menu_Bandarmology' is clicked on

2024-01-22 17:46:39 - [TEST_STEP][PASSED] - strTemp = "NA": null

2024-01-22 17:46:39 - [TEST_STEP][PASSED] - if (getCellValueByIndex(sheet01, rowIndex, 4) != "DONE"): Object: 'Object Repository/Stockbit/menu_Bandarmology' is clicked on

2024-01-22 17:46:39 - [TEST_STEP][PASSED] - strNama = getCellValueByIndex(sheet01, rowIndex, 0): null

2024-01-22 17:46:39 - [TEST_STEP][PASSED] - navigateToUrl("https://stockbit.com/#/symbol/" + strNama): Navigate to 'https://stockbit.com/#/symbol/FILM' successfully

2024-01-22 17:46:41 - [MESSAGE][PASSED] - Navigate to 'https://stockbit.com/#/symbol/FILM' successfully

2024-01-22 17:46:41 - [TEST_STEP][PASSED] - waitForElementClickable(findTestObject("Stockbit/menu_Bandarmology"), 10): Object 'Object Repository/Stockbit/menu_Bandarmology' is clickable

2024-01-22 17:46:41 - [MESSAGE][PASSED] - Object 'Object Repository/Stockbit/menu_Bandarmology' is clickable

2024-01-22 17:46:41 - [TEST_STEP][PASSED] - click(findTestObject("Stockbit/menu_Bandarmology")): Object: 'Object Repository/Stockbit/menu_Bandarmology' is clicked on

2024-01-22 17:46:41 - [MESSAGE][PASSED] - Object: 'Object Repository/Stockbit/menu_Bandarmology' is clicked on

2024-01-22 17:46:41 - [TEST_STEP][PASSED] - strTanggal = d.format(DateTimeFormatter.ofPattern("MMM dd, yyyy")): null

2024-01-22 17:46:41 - [TEST_STEP][PASSED] - strTanggal = d.format(ISO_DATE): null

2024-01-22 17:46:41 - [TEST_STEP][PASSED] - out.println("strTanggal = " + strTanggal): null

2024-01-22 17:46:41 - [TEST_STEP][PASSED] - out.println("strNama = " + strNama): null

2024-01-22 17:46:41 - [TEST_STEP][PASSED] - out.println("Baris ke = " + rowIndex): null

2024-01-22 17:46:41 - [TEST_STEP][PASSED] - click(findTestObject("Stockbit/input__BandarmologyOpenStartDate")): Object: 'Object Repository/Stockbit/input__BandarmologyOpenStartDate' is clicked on

2024-01-22 17:46:43 - [MESSAGE][PASSED] - Object: 'Object Repository/Stockbit/input__BandarmologyOpenStartDate' is clicked on

2024-01-22 17:46:43 - [TEST_STEP][PASSED] - sendKeys(findTestObject("Stockbit/input__BandarmologyOpenStartDate"), Keys.chord(CONTROL, "a")): Keys 'CONTROL + a' sent to object: 'Object Repository/Stockbit/input__BandarmologyOpenStartDate'

2024-01-22 17:46:44 - [MESSAGE][PASSED] - Keys 'CONTROL + a' sent to object: 'Object Repository/Stockbit/input__BandarmologyOpenStartDate'

2024-01-22 17:46:44 - [TEST_STEP][PASSED] - sendKeys(findTestObject("Stockbit/input__BandarmologyOpenStartDate"), Keys.chord(BACK_SPACE)): Keys 'BACK_SPACE + ' sent to object: 'Object Repository/Stockbit/input__BandarmologyOpenStartDate'

2024-01-22 17:46:44 - [MESSAGE][PASSED] - Keys 'BACK_SPACE + ' sent to object: 'Object Repository/Stockbit/input__BandarmologyOpenStartDate'

2024-01-22 17:46:44 - [TEST_STEP][PASSED] - setText(findTestObject("Stockbit/input__BandarmologyOpenStartDate"), strTanggal): Text '2024-01-22' is set on object 'Object Repository/Stockbit/input__BandarmologyOpenStartDate'

2024-01-22 17:46:45 - [MESSAGE][PASSED] - Text '2024-01-22' is set on object 'Object Repository/Stockbit/input__BandarmologyOpenStartDate'

2024-01-22 17:46:45 - [TEST_STEP][PASSED] - sendKeys(findTestObject("Stockbit/input__BandarmologyOpenStartDate"), Keys.chord(ENTER)): Keys 'ENTER + ' sent to object: 'Object Repository/Stockbit/input__BandarmologyOpenStartDate'

2024-01-22 17:46:45 - [MESSAGE][PASSED] - Keys 'ENTER + ' sent to object: 'Object Repository/Stockbit/input__BandarmologyOpenStartDate'

2024-01-22 17:46:45 - [TEST_STEP][PASSED] - click(findTestObject("Stockbit/input__BandarmologyOpenEndDate")): Object: 'Object Repository/Stockbit/input__BandarmologyOpenEndDate' is clicked on

2024-01-22 17:46:46 - [MESSAGE][PASSED] - Object: 'Object Repository/Stockbit/input__BandarmologyOpenEndDate' is clicked on

2024-01-22 17:46:46 - [TEST_STEP][PASSED] - sendKeys(findTestObject("Stockbit/input__BandarmologyOpenEndDate"), Keys.chord(CONTROL, "a")): Keys 'CONTROL + a' sent to object: 'Object Repository/Stockbit/input__BandarmologyOpenEndDate'

2024-01-22 17:46:46 - [MESSAGE][PASSED] - Keys 'CONTROL + a' sent to object: 'Object Repository/Stockbit/input__BandarmologyOpenEndDate'

2024-01-22 17:46:46 - [TEST_STEP][PASSED] - sendKeys(findTestObject("Stockbit/input__BandarmologyOpenEndDate"), Keys.chord(BACK_SPACE)): Keys 'BACK_SPACE + ' sent to object: 'Object Repository/Stockbit/input__BandarmologyOpenEndDate'

2024-01-22 17:46:47 - [MESSAGE][PASSED] - Keys 'BACK_SPACE + ' sent to object: 'Object Repository/Stockbit/input__BandarmologyOpenEndDate'

2024-01-22 17:46:47 - [TEST_STEP][PASSED] - setText(findTestObject("Stockbit/input__BandarmologyOpenEndDate"), strTanggal): Text '2024-01-22' is set on object 'Object Repository/Stockbit/input__BandarmologyOpenEndDate'

2024-01-22 17:46:48 - [MESSAGE][PASSED] - Text '2024-01-22' is set on object 'Object Repository/Stockbit/input__BandarmologyOpenEndDate'

2024-01-22 17:46:48 - [TEST_STEP][PASSED] - sendKeys(findTestObject("Stockbit/input__BandarmologyOpenEndDate"), Keys.chord(ENTER)): Keys 'ENTER + ' sent to object: 'Object Repository/Stockbit/input__BandarmologyOpenEndDate'

2024-01-22 17:46:48 - [MESSAGE][PASSED] - Keys 'ENTER + ' sent to object: 'Object Repository/Stockbit/input__BandarmologyOpenEndDate'

2024-01-22 17:46:48 - [TEST_STEP][PASSED] - delay(2): Delayed 2 second(s)

2024-01-22 17:46:50 - [MESSAGE][PASSED] - Delayed 2 second(s)

2024-01-22 17:46:50 - [TEST_STEP][PASSED] - strTemp = getText(findTestObject("Stockbit/Bandarmology_AvgRP")): Text of object 'Object Repository/Stockbit/Bandarmology_AvgRP' is: '5,510'

2024-01-22 17:46:50 - [MESSAGE][PASSED] - Text of object 'Object Repository/Stockbit/Bandarmology_AvgRP' is: '5,510'

2024-01-22 17:46:50 - [TEST_STEP][PASSED] - out.println("Bandarmology_AvgRP = " + strTemp): null

2024-01-22 17:46:50 - [TEST_STEP][PASSED] - if (strTemp != "0"): null

2024-01-22 17:46:50 - [TEST_STEP][PASSED] - strTop1 = getText(findTestObject("Stockbit/Bandarmology_Top1")): Text of object 'Object Repository/Stockbit/Bandarmology_Top1' is: 'Small Acc'

2024-01-22 17:46:50 - [MESSAGE][PASSED] - Text of object 'Object Repository/Stockbit/Bandarmology_Top1' is: 'Small Acc'

2024-01-22 17:46:50 - [TEST_STEP][PASSED] - strTop3 = getText(findTestObject("Stockbit/Bandarmology_Top3")): Text of object 'Object Repository/Stockbit/Bandarmology_Top3' is: 'Small Acc'

2024-01-22 17:46:51 - [MESSAGE][PASSED] - Text of object 'Object Repository/Stockbit/Bandarmology_Top3' is: 'Small Acc'

2024-01-22 17:46:51 - [TEST_STEP][PASSED] - strTop5 = getText(findTestObject("Stockbit/Bandarmology_Top5")): Text of object 'Object Repository/Stockbit/Bandarmology_Top5' is: 'Neutral'

2024-01-22 17:46:51 - [MESSAGE][PASSED] - Text of object 'Object Repository/Stockbit/Bandarmology_Top5' is: 'Neutral'

2024-01-22 17:46:51 - [TEST_STEP][PASSED] - strAllBrokAvg = getText(findTestObject("Stockbit/Bandarmology_TopAVG")): Text of object 'Object Repository/Stockbit/Bandarmology_TopAVG' is: 'Neutral'

2024-01-22 17:46:51 - [MESSAGE][PASSED] - Text of object 'Object Repository/Stockbit/Bandarmology_TopAVG' is: 'Neutral'

2024-01-22 17:46:51 - [TEST_STEP][PASSED] - strTemp = getText(findTestObject("Stockbit/Bandarmology_AvgRP")): Text of object 'Object Repository/Stockbit/Bandarmology_AvgRP' is: '5,510'

2024-01-22 17:46:51 - [MESSAGE][PASSED] - Text of object 'Object Repository/Stockbit/Bandarmology_AvgRP' is: '5,510'

2024-01-22 17:46:51 - [TEST_STEP][PASSED] - if (strTemp.contains(",")): null

2024-01-22 17:46:51 - [TEST_STEP][PASSED] - strTemp = strTemp.replace(",", ""): null

2024-01-22 17:46:51 - [TEST_STEP][PASSED] - intAvgRP = strTemp.toInteger(): null

2024-01-22 17:46:51 - [TEST_STEP][PASSED] - strBuyer1 = getText(findTestObject("Stockbit/Bandarmology_Buyer1")): Text of object 'Object Repository/Stockbit/Bandarmology_Buyer1' is: 'YU'

2024-01-22 17:46:51 - [MESSAGE][PASSED] - Text of object 'Object Repository/Stockbit/Bandarmology_Buyer1' is: 'YU'

2024-01-22 17:46:51 - [TEST_STEP][PASSED] - strBuyerVol1 = getText(findTestObject("Stockbit/Bandarmology_BuyerVol1")): Text of object 'Object Repository/Stockbit/Bandarmology_BuyerVol1' is: '7.6 K'

2024-01-22 17:46:51 - [MESSAGE][PASSED] - Text of object 'Object Repository/Stockbit/Bandarmology_BuyerVol1' is: '7.6 K'

2024-01-22 17:46:51 - [TEST_STEP][PASSED] - strBuyerAvg1 = getText(findTestObject("Stockbit/Bandarmology_BuyerAvg1")): Text of object 'Object Repository/Stockbit/Bandarmology_BuyerAvg1' is: '5,540'

2024-01-22 17:46:52 - [MESSAGE][PASSED] - Text of object 'Object Repository/Stockbit/Bandarmology_BuyerAvg1' is: '5,540'

2024-01-22 17:46:52 - [TEST_STEP][PASSED] - if (strBuyerAvg1.contains(",")): null

2024-01-22 17:46:52 - [TEST_STEP][PASSED] - strBuyerAvg1 = strBuyerAvg1.replace(",", ""): null

2024-01-22 17:46:52 - [TEST_STEP][PASSED] - if (strBuyerVol1.contains(" B")): null

2024-01-22 17:46:52 - [TEST_STEP][PASSED] - else if (strBuyerVol1.contains(" M")): null

2024-01-22 17:46:52 - [TEST_STEP][PASSED] - else if (strBuyerVol1.contains(" K")): null

2024-01-22 17:46:52 - [TEST_STEP][PASSED] - strBuyerVol1 = strBuyerVol1.replace(" K", ""): null

2024-01-22 17:46:52 - [TEST_STEP][PASSED] - strBuyerVol1 = strBuyerVol1.toDouble() * 1000: null

2024-01-22 17:46:52 - [TEST_STEP][PASSED] - strSeller1 = getText(findTestObject("Stockbit/Bandarmology_Seller1")): Text of object 'Object Repository/Stockbit/Bandarmology_Seller1' is: 'AK'

2024-01-22 17:46:52 - [MESSAGE][PASSED] - Text of object 'Object Repository/Stockbit/Bandarmology_Seller1' is: 'AK'

2024-01-22 17:46:52 - [TEST_STEP][PASSED] - strSellerVol1 = getText(findTestObject("Stockbit/Bandarmology_SellerVol1")): Text of object 'Object Repository/Stockbit/Bandarmology_SellerVol1' is: '5.8 K'

2024-01-22 17:46:52 - [MESSAGE][PASSED] - Text of object 'Object Repository/Stockbit/Bandarmology_SellerVol1' is: '5.8 K'

2024-01-22 17:46:52 - [TEST_STEP][PASSED] - strSellerAvg1 = getText(findTestObject("Stockbit/Bandarmology_SellerAvg1")): Text of object 'Object Repository/Stockbit/Bandarmology_SellerAvg1' is: '5,524'

2024-01-22 17:46:52 - [MESSAGE][PASSED] - Text of object 'Object Repository/Stockbit/Bandarmology_SellerAvg1' is: '5,524'

2024-01-22 17:46:52 - [TEST_STEP][PASSED] - if (strSellerAvg1.contains(",")): null

2024-01-22 17:46:52 - [TEST_STEP][PASSED] - strSellerAvg1 = strSellerAvg1.replace(",", ""): null

2024-01-22 17:46:52 - [TEST_STEP][PASSED] - if (strSellerVol1.contains(" B")): null

2024-01-22 17:46:52 - [TEST_STEP][PASSED] - else if (strSellerVol1.contains(" M")): null

2024-01-22 17:46:52 - [TEST_STEP][PASSED] - else if (strSellerVol1.contains(" K")): null

2024-01-22 17:46:52 - [TEST_STEP][PASSED] - strSellerVol1 = strSellerVol1.replace(" K", ""): null

2024-01-22 17:46:52 - [TEST_STEP][PASSED] - strSellerVol1 = strSellerVol1.toDouble() * 1000: null

2024-01-22 17:46:52 - [TEST_STEP][PASSED] - if (verifyElementNotPresent(findTestObject("Stockbit/Bandarmology_Buyer2"), 1, OPTIONAL)): Web element with id: 'Object Repository/Stockbit/Bandarmology_Buyer2' located by 'By.xpath: //*[contains(@id, 'rc-tabs-')]/div[2]/div/div/div/div/div/div[2]/table/tbody/tr[3]/td[1]/p' is present after '1' second(s) (Root cause: com.kms.katalon.core.exception.StepFailedException: Web element with id: 'Object Repository/Stockbit/Bandarmology_Buyer2' located by 'By.xpath: //*[contains(@id, 'rc-tabs-')]/div[2]/div/div/div/div/div/div[2]/table/tbody/tr[3]/td[1]/p' is present after '1' second(s)
	at com.kms.katalon.core.webui.keyword.internal.WebUIKeywordMain.stepFailed(WebUIKeywordMain.groovy:64)
	at com.kms.katalon.core.webui.keyword.internal.WebUIKeywordMain$stepFailed$0.call(Unknown Source)
	at com.kms.katalon.core.webui.keyword.builtin.VerifyElementNotPresentKeyword$_verifyElementNotPresent_closure1.doCall(VerifyElementNotPresentKeyword.groovy:106)
	at com.kms.katalon.core.webui.keyword.builtin.VerifyElementNotPresentKeyword$_verifyElementNotPresent_closure1.doCall(VerifyElementNotPresentKeyword.groovy)
	at com.kms.katalon.core.webui.keyword.internal.WebUIKeywordMain.runKeyword(WebUIKeywordMain.groovy:20)
	at com.kms.katalon.core.webui.keyword.internal.WebUIKeywordMain$runKeyword.call(Unknown Source)
	at com.kms.katalon.core.webui.keyword.builtin.VerifyElementNotPresentKeyword.verifyElementNotPresent(VerifyElementNotPresentKeyword.groovy:117)
	at com.kms.katalon.core.webui.keyword.builtin.VerifyElementNotPresentKeyword.execute(VerifyElementNotPresentKeyword.groovy:68)
	at com.kms.katalon.core.keyword.internal.KeywordExecutor.executeKeywordForPlatform(KeywordExecutor.groovy:74)
	at com.kms.katalon.core.webui.keyword.WebUiBuiltInKeywords.verifyElementNotPresent(WebUiBuiltInKeywords.groovy:1481)
	at com.kms.katalon.core.webui.keyword.WebUiBuiltInKeywords$verifyElementNotPresent$8.call(Unknown Source)
	at GetBrokSumPriceDaily.run(GetBrokSumPriceDaily:258)
	at com.kms.katalon.core.main.ScriptEngine.run(ScriptEngine.java:194)
	at com.kms.katalon.core.main.ScriptEngine.runScriptAsRawText(ScriptEngine.java:119)
	at com.kms.katalon.core.main.TestCaseExecutor.runScript(TestCaseExecutor.java:445)
	at com.kms.katalon.core.main.TestCaseExecutor.doExecute(TestCaseExecutor.java:436)
	at com.kms.katalon.core.main.TestCaseExecutor.processExecutionPhase(TestCaseExecutor.java:415)
	at com.kms.katalon.core.main.TestCaseExecutor.accessMainPhase(TestCaseExecutor.java:407)
	at com.kms.katalon.core.main.TestCaseExecutor.execute(TestCaseExecutor.java:284)
	at com.kms.katalon.core.common.CommonExecutor.accessTestCaseMainPhase(CommonExecutor.java:65)
	at com.kms.katalon.core.main.TestSuiteExecutor.accessTestSuiteMainPhase(TestSuiteExecutor.java:144)
	at com.kms.katalon.core.main.TestSuiteExecutor.execute(TestSuiteExecutor.java:106)
	at com.kms.katalon.core.main.TestCaseMain.startTestSuite(TestCaseMain.java:185)
	at com.kms.katalon.core.main.TestCaseMain$startTestSuite$0.call(Unknown Source)
	at TempTestSuite1705920083951.run(TempTestSuite1705920083951.groovy:36)
)

2024-01-22 17:46:53 - [MESSAGE][WARNING] - Web element with id: 'Object Repository/Stockbit/Bandarmology_Buyer2' located by 'By.xpath: //*[contains(@id, 'rc-tabs-')]/div[2]/div/div/div/div/div/div[2]/table/tbody/tr[3]/td[1]/p' is present after '1' second(s) (Root cause: com.kms.katalon.core.exception.StepFailedException: Web element with id: 'Object Repository/Stockbit/Bandarmology_Buyer2' located by 'By.xpath: //*[contains(@id, 'rc-tabs-')]/div[2]/div/div/div/div/div/div[2]/table/tbody/tr[3]/td[1]/p' is present after '1' second(s)
	at com.kms.katalon.core.webui.keyword.internal.WebUIKeywordMain.stepFailed(WebUIKeywordMain.groovy:64)
	at com.kms.katalon.core.webui.keyword.internal.WebUIKeywordMain$stepFailed$0.call(Unknown Source)
	at com.kms.katalon.core.webui.keyword.builtin.VerifyElementNotPresentKeyword$_verifyElementNotPresent_closure1.doCall(VerifyElementNotPresentKeyword.groovy:106)
	at com.kms.katalon.core.webui.keyword.builtin.VerifyElementNotPresentKeyword$_verifyElementNotPresent_closure1.doCall(VerifyElementNotPresentKeyword.groovy)
	at com.kms.katalon.core.webui.keyword.internal.WebUIKeywordMain.runKeyword(WebUIKeywordMain.groovy:20)
	at com.kms.katalon.core.webui.keyword.internal.WebUIKeywordMain$runKeyword.call(Unknown Source)
	at com.kms.katalon.core.webui.keyword.builtin.VerifyElementNotPresentKeyword.verifyElementNotPresent(VerifyElementNotPresentKeyword.groovy:117)
	at com.kms.katalon.core.webui.keyword.builtin.VerifyElementNotPresentKeyword.execute(VerifyElementNotPresentKeyword.groovy:68)
	at com.kms.katalon.core.keyword.internal.KeywordExecutor.executeKeywordForPlatform(KeywordExecutor.groovy:74)
	at com.kms.katalon.core.webui.keyword.WebUiBuiltInKeywords.verifyElementNotPresent(WebUiBuiltInKeywords.groovy:1481)
	at com.kms.katalon.core.webui.keyword.WebUiBuiltInKeywords$verifyElementNotPresent$8.call(Unknown Source)
	at GetBrokSumPriceDaily.run(GetBrokSumPriceDaily:258)
	at com.kms.katalon.core.main.ScriptEngine.run(ScriptEngine.java:194)
	at com.kms.katalon.core.main.ScriptEngine.runScriptAsRawText(ScriptEngine.java:119)
	at com.kms.katalon.core.main.TestCaseExecutor.runScript(TestCaseExecutor.java:445)
	at com.kms.katalon.core.main.TestCaseExecutor.doExecute(TestCaseExecutor.java:436)
	at com.kms.katalon.core.main.TestCaseExecutor.processExecutionPhase(TestCaseExecutor.java:415)
	at com.kms.katalon.core.main.TestCaseExecutor.accessMainPhase(TestCaseExecutor.java:407)
	at com.kms.katalon.core.main.TestCaseExecutor.execute(TestCaseExecutor.java:284)
	at com.kms.katalon.core.common.CommonExecutor.accessTestCaseMainPhase(CommonExecutor.java:65)
	at com.kms.katalon.core.main.TestSuiteExecutor.accessTestSuiteMainPhase(TestSuiteExecutor.java:144)
	at com.kms.katalon.core.main.TestSuiteExecutor.execute(TestSuiteExecutor.java:106)
	at com.kms.katalon.core.main.TestCaseMain.startTestSuite(TestCaseMain.java:185)
	at com.kms.katalon.core.main.TestCaseMain$startTestSuite$0.call(Unknown Source)
	at TempTestSuite1705920083951.run(TempTestSuite1705920083951.groovy:36)
)
[[ATTACHMENT|C:\\Users\\Fadli\\git\\KatalonDailyGetData2\\Reports\\20240122_174123\\TS1\\20240122_174123\\1705920413758.png]]

2024-01-22 17:46:53 - [TEST_STEP][PASSED] - else: null

2024-01-22 17:46:53 - [TEST_STEP][PASSED] - strBuyer2 = getText(findTestObject("Stockbit/Bandarmology_Buyer2")): Text of object 'Object Repository/Stockbit/Bandarmology_Buyer2' is: 'IF'

2024-01-22 17:46:54 - [MESSAGE][PASSED] - Text of object 'Object Repository/Stockbit/Bandarmology_Buyer2' is: 'IF'

2024-01-22 17:46:54 - [TEST_STEP][PASSED] - strBuyerVol2 = getText(findTestObject("Stockbit/Bandarmology_BuyerVol2")): Text of object 'Object Repository/Stockbit/Bandarmology_BuyerVol2' is: '5.2 K'

2024-01-22 17:46:54 - [MESSAGE][PASSED] - Text of object 'Object Repository/Stockbit/Bandarmology_BuyerVol2' is: '5.2 K'

2024-01-22 17:46:54 - [TEST_STEP][PASSED] - strBuyerAvg2 = getText(findTestObject("Stockbit/Bandarmology_BuyerAvg2")): Text of object 'Object Repository/Stockbit/Bandarmology_BuyerAvg2' is: '5,527'

2024-01-22 17:46:54 - [MESSAGE][PASSED] - Text of object 'Object Repository/Stockbit/Bandarmology_BuyerAvg2' is: '5,527'

2024-01-22 17:46:54 - [TEST_STEP][PASSED] - if (strBuyer2 != ""): null

2024-01-22 17:46:54 - [TEST_STEP][PASSED] - if (strBuyerAvg2.contains(",")): null

2024-01-22 17:46:54 - [TEST_STEP][PASSED] - strBuyerAvg2 = strBuyerAvg2.replace(",", ""): null

2024-01-22 17:46:54 - [TEST_STEP][PASSED] - if (strBuyerVol2.contains(" B")): null

2024-01-22 17:46:54 - [TEST_STEP][PASSED] - else if (strBuyerVol2.contains(" M")): null

2024-01-22 17:46:54 - [TEST_STEP][PASSED] - else if (strBuyerVol2.contains(" K")): null

2024-01-22 17:46:54 - [TEST_STEP][PASSED] - strBuyerVol2 = strBuyerVol2.replace(" K", ""): null

2024-01-22 17:46:54 - [TEST_STEP][PASSED] - strBuyerVol2 = strBuyerVol2.toDouble() * 1000: null

2024-01-22 17:46:54 - [TEST_STEP][PASSED] - if (strBuyerVol2.contains(".")): null

2024-01-22 17:46:54 - [TEST_STEP][PASSED] - strBuyerVal2 = strBuyerVol2.replace(".", ""): null

2024-01-22 17:46:54 - [TEST_STEP][PASSED] - if (verifyElementNotPresent(findTestObject("Stockbit/Bandarmology_Seller2"), 1, OPTIONAL)): Web element with id: 'Object Repository/Stockbit/Bandarmology_Seller2' located by 'By.xpath: //*[contains(@id, 'rc-tabs-')]/div[2]/div/div/div/div/div/div[2]/table/tbody/tr[3]/td[5]/p' is present after '1' second(s) (Root cause: com.kms.katalon.core.exception.StepFailedException: Web element with id: 'Object Repository/Stockbit/Bandarmology_Seller2' located by 'By.xpath: //*[contains(@id, 'rc-tabs-')]/div[2]/div/div/div/div/div/div[2]/table/tbody/tr[3]/td[5]/p' is present after '1' second(s)
	at com.kms.katalon.core.webui.keyword.internal.WebUIKeywordMain.stepFailed(WebUIKeywordMain.groovy:64)
	at com.kms.katalon.core.webui.keyword.internal.WebUIKeywordMain$stepFailed$0.call(Unknown Source)
	at com.kms.katalon.core.webui.keyword.builtin.VerifyElementNotPresentKeyword$_verifyElementNotPresent_closure1.doCall(VerifyElementNotPresentKeyword.groovy:106)
	at com.kms.katalon.core.webui.keyword.builtin.VerifyElementNotPresentKeyword$_verifyElementNotPresent_closure1.doCall(VerifyElementNotPresentKeyword.groovy)
	at com.kms.katalon.core.webui.keyword.internal.WebUIKeywordMain.runKeyword(WebUIKeywordMain.groovy:20)
	at com.kms.katalon.core.webui.keyword.internal.WebUIKeywordMain$runKeyword.call(Unknown Source)
	at com.kms.katalon.core.webui.keyword.builtin.VerifyElementNotPresentKeyword.verifyElementNotPresent(VerifyElementNotPresentKeyword.groovy:117)
	at com.kms.katalon.core.webui.keyword.builtin.VerifyElementNotPresentKeyword.execute(VerifyElementNotPresentKeyword.groovy:68)
	at com.kms.katalon.core.keyword.internal.KeywordExecutor.executeKeywordForPlatform(KeywordExecutor.groovy:74)
	at com.kms.katalon.core.webui.keyword.WebUiBuiltInKeywords.verifyElementNotPresent(WebUiBuiltInKeywords.groovy:1481)
	at com.kms.katalon.core.webui.keyword.WebUiBuiltInKeywords$verifyElementNotPresent$8.call(Unknown Source)
	at GetBrokSumPriceDaily.run(GetBrokSumPriceDaily:309)
	at com.kms.katalon.core.main.ScriptEngine.run(ScriptEngine.java:194)
	at com.kms.katalon.core.main.ScriptEngine.runScriptAsRawText(ScriptEngine.java:119)
	at com.kms.katalon.core.main.TestCaseExecutor.runScript(TestCaseExecutor.java:445)
	at com.kms.katalon.core.main.TestCaseExecutor.doExecute(TestCaseExecutor.java:436)
	at com.kms.katalon.core.main.TestCaseExecutor.processExecutionPhase(TestCaseExecutor.java:415)
	at com.kms.katalon.core.main.TestCaseExecutor.accessMainPhase(TestCaseExecutor.java:407)
	at com.kms.katalon.core.main.TestCaseExecutor.execute(TestCaseExecutor.java:284)
	at com.kms.katalon.core.common.CommonExecutor.accessTestCaseMainPhase(CommonExecutor.java:65)
	at com.kms.katalon.core.main.TestSuiteExecutor.accessTestSuiteMainPhase(TestSuiteExecutor.java:144)
	at com.kms.katalon.core.main.TestSuiteExecutor.execute(TestSuiteExecutor.java:106)
	at com.kms.katalon.core.main.TestCaseMain.startTestSuite(TestCaseMain.java:185)
	at com.kms.katalon.core.main.TestCaseMain$startTestSuite$0.call(Unknown Source)
	at TempTestSuite1705920083951.run(TempTestSuite1705920083951.groovy:36)
)

2024-01-22 17:46:55 - [MESSAGE][WARNING] - Web element with id: 'Object Repository/Stockbit/Bandarmology_Seller2' located by 'By.xpath: //*[contains(@id, 'rc-tabs-')]/div[2]/div/div/div/div/div/div[2]/table/tbody/tr[3]/td[5]/p' is present after '1' second(s) (Root cause: com.kms.katalon.core.exception.StepFailedException: Web element with id: 'Object Repository/Stockbit/Bandarmology_Seller2' located by 'By.xpath: //*[contains(@id, 'rc-tabs-')]/div[2]/div/div/div/div/div/div[2]/table/tbody/tr[3]/td[5]/p' is present after '1' second(s)
	at com.kms.katalon.core.webui.keyword.internal.WebUIKeywordMain.stepFailed(WebUIKeywordMain.groovy:64)
	at com.kms.katalon.core.webui.keyword.internal.WebUIKeywordMain$stepFailed$0.call(Unknown Source)
	at com.kms.katalon.core.webui.keyword.builtin.VerifyElementNotPresentKeyword$_verifyElementNotPresent_closure1.doCall(VerifyElementNotPresentKeyword.groovy:106)
	at com.kms.katalon.core.webui.keyword.builtin.VerifyElementNotPresentKeyword$_verifyElementNotPresent_closure1.doCall(VerifyElementNotPresentKeyword.groovy)
	at com.kms.katalon.core.webui.keyword.internal.WebUIKeywordMain.runKeyword(WebUIKeywordMain.groovy:20)
	at com.kms.katalon.core.webui.keyword.internal.WebUIKeywordMain$runKeyword.call(Unknown Source)
	at com.kms.katalon.core.webui.keyword.builtin.VerifyElementNotPresentKeyword.verifyElementNotPresent(VerifyElementNotPresentKeyword.groovy:117)
	at com.kms.katalon.core.webui.keyword.builtin.VerifyElementNotPresentKeyword.execute(VerifyElementNotPresentKeyword.groovy:68)
	at com.kms.katalon.core.keyword.internal.KeywordExecutor.executeKeywordForPlatform(KeywordExecutor.groovy:74)
	at com.kms.katalon.core.webui.keyword.WebUiBuiltInKeywords.verifyElementNotPresent(WebUiBuiltInKeywords.groovy:1481)
	at com.kms.katalon.core.webui.keyword.WebUiBuiltInKeywords$verifyElementNotPresent$8.call(Unknown Source)
	at GetBrokSumPriceDaily.run(GetBrokSumPriceDaily:309)
	at com.kms.katalon.core.main.ScriptEngine.run(ScriptEngine.java:194)
	at com.kms.katalon.core.main.ScriptEngine.runScriptAsRawText(ScriptEngine.java:119)
	at com.kms.katalon.core.main.TestCaseExecutor.runScript(TestCaseExecutor.java:445)
	at com.kms.katalon.core.main.TestCaseExecutor.doExecute(TestCaseExecutor.java:436)
	at com.kms.katalon.core.main.TestCaseExecutor.processExecutionPhase(TestCaseExecutor.java:415)
	at com.kms.katalon.core.main.TestCaseExecutor.accessMainPhase(TestCaseExecutor.java:407)
	at com.kms.katalon.core.main.TestCaseExecutor.execute(TestCaseExecutor.java:284)
	at com.kms.katalon.core.common.CommonExecutor.accessTestCaseMainPhase(CommonExecutor.java:65)
	at com.kms.katalon.core.main.TestSuiteExecutor.accessTestSuiteMainPhase(TestSuiteExecutor.java:144)
	at com.kms.katalon.core.main.TestSuiteExecutor.execute(TestSuiteExecutor.java:106)
	at com.kms.katalon.core.main.TestCaseMain.startTestSuite(TestCaseMain.java:185)
	at com.kms.katalon.core.main.TestCaseMain$startTestSuite$0.call(Unknown Source)
	at TempTestSuite1705920083951.run(TempTestSuite1705920083951.groovy:36)
)
[[ATTACHMENT|C:\\Users\\Fadli\\git\\KatalonDailyGetData2\\Reports\\20240122_174123\\TS1\\20240122_174123\\1705920415805.png]]

2024-01-22 17:46:55 - [TEST_STEP][PASSED] - else: null

2024-01-22 17:46:55 - [TEST_STEP][PASSED] - strSeller2 = getText(findTestObject("Stockbit/Bandarmology_Seller2")): Text of object 'Object Repository/Stockbit/Bandarmology_Seller2' is: 'CC'

2024-01-22 17:46:56 - [MESSAGE][PASSED] - Text of object 'Object Repository/Stockbit/Bandarmology_Seller2' is: 'CC'

2024-01-22 17:46:56 - [TEST_STEP][PASSED] - strSellerVol2 = getText(findTestObject("Stockbit/Bandarmology_SellerVol2")): Text of object 'Object Repository/Stockbit/Bandarmology_SellerVol2' is: '3.8 K'

2024-01-22 17:46:56 - [MESSAGE][PASSED] - Text of object 'Object Repository/Stockbit/Bandarmology_SellerVol2' is: '3.8 K'

2024-01-22 17:46:56 - [TEST_STEP][PASSED] - strSellerAvg2 = getText(findTestObject("Stockbit/Bandarmology_SellerAvg2")): Text of object 'Object Repository/Stockbit/Bandarmology_SellerAvg2' is: '5,511'

2024-01-22 17:46:56 - [MESSAGE][PASSED] - Text of object 'Object Repository/Stockbit/Bandarmology_SellerAvg2' is: '5,511'

2024-01-22 17:46:56 - [TEST_STEP][PASSED] - if (strSeller2 != ""): null

2024-01-22 17:46:56 - [TEST_STEP][PASSED] - if (strSellerAvg2.contains(",")): null

2024-01-22 17:46:56 - [TEST_STEP][PASSED] - strSellerAvg2 = strSellerAvg2.replace(",", ""): null

2024-01-22 17:46:56 - [TEST_STEP][PASSED] - if (strSellerVol2.contains(" B")): null

2024-01-22 17:46:56 - [TEST_STEP][PASSED] - else if (strSellerVol2.contains(" M")): null

2024-01-22 17:46:56 - [TEST_STEP][PASSED] - else if (strSellerVol2.contains(" K")): null

2024-01-22 17:46:56 - [TEST_STEP][PASSED] - strSellerVol2 = strSellerVol2.replace(" K", ""): null

2024-01-22 17:46:56 - [TEST_STEP][PASSED] - strSellerVol2 = strSellerVol2.toDouble() * 1000: null

2024-01-22 17:46:56 - [TEST_STEP][PASSED] - if (verifyElementNotPresent(findTestObject("Stockbit/Bandarmology_Buyer3"), 1, OPTIONAL)): Web element with id: 'Object Repository/Stockbit/Bandarmology_Buyer3' located by 'By.xpath: //*[contains(@id, 'rc-tabs-')]/div[2]/div/div/div/div/div/div[2]/table/tbody/tr[4]/td[1]/p' is present after '1' second(s) (Root cause: com.kms.katalon.core.exception.StepFailedException: Web element with id: 'Object Repository/Stockbit/Bandarmology_Buyer3' located by 'By.xpath: //*[contains(@id, 'rc-tabs-')]/div[2]/div/div/div/div/div/div[2]/table/tbody/tr[4]/td[1]/p' is present after '1' second(s)
	at com.kms.katalon.core.webui.keyword.internal.WebUIKeywordMain.stepFailed(WebUIKeywordMain.groovy:64)
	at com.kms.katalon.core.webui.keyword.internal.WebUIKeywordMain$stepFailed$0.call(Unknown Source)
	at com.kms.katalon.core.webui.keyword.builtin.VerifyElementNotPresentKeyword$_verifyElementNotPresent_closure1.doCall(VerifyElementNotPresentKeyword.groovy:106)
	at com.kms.katalon.core.webui.keyword.builtin.VerifyElementNotPresentKeyword$_verifyElementNotPresent_closure1.doCall(VerifyElementNotPresentKeyword.groovy)
	at com.kms.katalon.core.webui.keyword.internal.WebUIKeywordMain.runKeyword(WebUIKeywordMain.groovy:20)
	at com.kms.katalon.core.webui.keyword.internal.WebUIKeywordMain$runKeyword.call(Unknown Source)
	at com.kms.katalon.core.webui.keyword.builtin.VerifyElementNotPresentKeyword.verifyElementNotPresent(VerifyElementNotPresentKeyword.groovy:117)
	at com.kms.katalon.core.webui.keyword.builtin.VerifyElementNotPresentKeyword.execute(VerifyElementNotPresentKeyword.groovy:68)
	at com.kms.katalon.core.keyword.internal.KeywordExecutor.executeKeywordForPlatform(KeywordExecutor.groovy:74)
	at com.kms.katalon.core.webui.keyword.WebUiBuiltInKeywords.verifyElementNotPresent(WebUiBuiltInKeywords.groovy:1481)
	at com.kms.katalon.core.webui.keyword.WebUiBuiltInKeywords$verifyElementNotPresent$8.call(Unknown Source)
	at GetBrokSumPriceDaily.run(GetBrokSumPriceDaily:361)
	at com.kms.katalon.core.main.ScriptEngine.run(ScriptEngine.java:194)
	at com.kms.katalon.core.main.ScriptEngine.runScriptAsRawText(ScriptEngine.java:119)
	at com.kms.katalon.core.main.TestCaseExecutor.runScript(TestCaseExecutor.java:445)
	at com.kms.katalon.core.main.TestCaseExecutor.doExecute(TestCaseExecutor.java:436)
	at com.kms.katalon.core.main.TestCaseExecutor.processExecutionPhase(TestCaseExecutor.java:415)
	at com.kms.katalon.core.main.TestCaseExecutor.accessMainPhase(TestCaseExecutor.java:407)
	at com.kms.katalon.core.main.TestCaseExecutor.execute(TestCaseExecutor.java:284)
	at com.kms.katalon.core.common.CommonExecutor.accessTestCaseMainPhase(CommonExecutor.java:65)
	at com.kms.katalon.core.main.TestSuiteExecutor.accessTestSuiteMainPhase(TestSuiteExecutor.java:144)
	at com.kms.katalon.core.main.TestSuiteExecutor.execute(TestSuiteExecutor.java:106)
	at com.kms.katalon.core.main.TestCaseMain.startTestSuite(TestCaseMain.java:185)
	at com.kms.katalon.core.main.TestCaseMain$startTestSuite$0.call(Unknown Source)
	at TempTestSuite1705920083951.run(TempTestSuite1705920083951.groovy:36)
)

2024-01-22 17:46:57 - [MESSAGE][WARNING] - Web element with id: 'Object Repository/Stockbit/Bandarmology_Buyer3' located by 'By.xpath: //*[contains(@id, 'rc-tabs-')]/div[2]/div/div/div/div/div/div[2]/table/tbody/tr[4]/td[1]/p' is present after '1' second(s) (Root cause: com.kms.katalon.core.exception.StepFailedException: Web element with id: 'Object Repository/Stockbit/Bandarmology_Buyer3' located by 'By.xpath: //*[contains(@id, 'rc-tabs-')]/div[2]/div/div/div/div/div/div[2]/table/tbody/tr[4]/td[1]/p' is present after '1' second(s)
	at com.kms.katalon.core.webui.keyword.internal.WebUIKeywordMain.stepFailed(WebUIKeywordMain.groovy:64)
	at com.kms.katalon.core.webui.keyword.internal.WebUIKeywordMain$stepFailed$0.call(Unknown Source)
	at com.kms.katalon.core.webui.keyword.builtin.VerifyElementNotPresentKeyword$_verifyElementNotPresent_closure1.doCall(VerifyElementNotPresentKeyword.groovy:106)
	at com.kms.katalon.core.webui.keyword.builtin.VerifyElementNotPresentKeyword$_verifyElementNotPresent_closure1.doCall(VerifyElementNotPresentKeyword.groovy)
	at com.kms.katalon.core.webui.keyword.internal.WebUIKeywordMain.runKeyword(WebUIKeywordMain.groovy:20)
	at com.kms.katalon.core.webui.keyword.internal.WebUIKeywordMain$runKeyword.call(Unknown Source)
	at com.kms.katalon.core.webui.keyword.builtin.VerifyElementNotPresentKeyword.verifyElementNotPresent(VerifyElementNotPresentKeyword.groovy:117)
	at com.kms.katalon.core.webui.keyword.builtin.VerifyElementNotPresentKeyword.execute(VerifyElementNotPresentKeyword.groovy:68)
	at com.kms.katalon.core.keyword.internal.KeywordExecutor.executeKeywordForPlatform(KeywordExecutor.groovy:74)
	at com.kms.katalon.core.webui.keyword.WebUiBuiltInKeywords.verifyElementNotPresent(WebUiBuiltInKeywords.groovy:1481)
	at com.kms.katalon.core.webui.keyword.WebUiBuiltInKeywords$verifyElementNotPresent$8.call(Unknown Source)
	at GetBrokSumPriceDaily.run(GetBrokSumPriceDaily:361)
	at com.kms.katalon.core.main.ScriptEngine.run(ScriptEngine.java:194)
	at com.kms.katalon.core.main.ScriptEngine.runScriptAsRawText(ScriptEngine.java:119)
	at com.kms.katalon.core.main.TestCaseExecutor.runScript(TestCaseExecutor.java:445)
	at com.kms.katalon.core.main.TestCaseExecutor.doExecute(TestCaseExecutor.java:436)
	at com.kms.katalon.core.main.TestCaseExecutor.processExecutionPhase(TestCaseExecutor.java:415)
	at com.kms.katalon.core.main.TestCaseExecutor.accessMainPhase(TestCaseExecutor.java:407)
	at com.kms.katalon.core.main.TestCaseExecutor.execute(TestCaseExecutor.java:284)
	at com.kms.katalon.core.common.CommonExecutor.accessTestCaseMainPhase(CommonExecutor.java:65)
	at com.kms.katalon.core.main.TestSuiteExecutor.accessTestSuiteMainPhase(TestSuiteExecutor.java:144)
	at com.kms.katalon.core.main.TestSuiteExecutor.execute(TestSuiteExecutor.java:106)
	at com.kms.katalon.core.main.TestCaseMain.startTestSuite(TestCaseMain.java:185)
	at com.kms.katalon.core.main.TestCaseMain$startTestSuite$0.call(Unknown Source)
	at TempTestSuite1705920083951.run(TempTestSuite1705920083951.groovy:36)
)
[[ATTACHMENT|C:\\Users\\Fadli\\git\\KatalonDailyGetData2\\Reports\\20240122_174123\\TS1\\20240122_174123\\1705920417696.png]]

2024-01-22 17:46:57 - [TEST_STEP][PASSED] - else: null

2024-01-22 17:46:57 - [TEST_STEP][PASSED] - strBuyer3 = getText(findTestObject("Stockbit/Bandarmology_Buyer3")): Text of object 'Object Repository/Stockbit/Bandarmology_Buyer3' is: 'BK'

2024-01-22 17:46:58 - [MESSAGE][PASSED] - Text of object 'Object Repository/Stockbit/Bandarmology_Buyer3' is: 'BK'

2024-01-22 17:46:58 - [TEST_STEP][PASSED] - strBuyerVol3 = getText(findTestObject("Stockbit/Bandarmology_BuyerVol3")): Text of object 'Object Repository/Stockbit/Bandarmology_BuyerVol3' is: '732'

2024-01-22 17:46:58 - [MESSAGE][PASSED] - Text of object 'Object Repository/Stockbit/Bandarmology_BuyerVol3' is: '732'

2024-01-22 17:46:58 - [TEST_STEP][PASSED] - strBuyerAvg3 = getText(findTestObject("Stockbit/Bandarmology_BuyerAvg3")): Text of object 'Object Repository/Stockbit/Bandarmology_BuyerAvg3' is: '5,504'

2024-01-22 17:46:58 - [MESSAGE][PASSED] - Text of object 'Object Repository/Stockbit/Bandarmology_BuyerAvg3' is: '5,504'

2024-01-22 17:46:58 - [TEST_STEP][PASSED] - if (strBuyer3 != ""): null

2024-01-22 17:46:58 - [TEST_STEP][PASSED] - if (strBuyerAvg3.contains(",")): null

2024-01-22 17:46:58 - [TEST_STEP][PASSED] - strBuyerAvg3 = strBuyerAvg3.replace(",", ""): null

2024-01-22 17:46:58 - [TEST_STEP][PASSED] - if (strBuyerVol3.contains(" B")): null

2024-01-22 17:46:58 - [TEST_STEP][PASSED] - if (verifyElementNotPresent(findTestObject("Stockbit/Bandarmology_Seller3"), 1, OPTIONAL)): Web element with id: 'Object Repository/Stockbit/Bandarmology_Seller3' located by 'By.xpath: //*[contains(@id, 'rc-tabs-')]/div[2]/div/div/div/div/div/div[2]/table/tbody/tr[4]/td[5]/p' is present after '1' second(s) (Root cause: com.kms.katalon.core.exception.StepFailedException: Web element with id: 'Object Repository/Stockbit/Bandarmology_Seller3' located by 'By.xpath: //*[contains(@id, 'rc-tabs-')]/div[2]/div/div/div/div/div/div[2]/table/tbody/tr[4]/td[5]/p' is present after '1' second(s)
	at com.kms.katalon.core.webui.keyword.internal.WebUIKeywordMain.stepFailed(WebUIKeywordMain.groovy:64)
	at com.kms.katalon.core.webui.keyword.internal.WebUIKeywordMain$stepFailed$0.call(Unknown Source)
	at com.kms.katalon.core.webui.keyword.builtin.VerifyElementNotPresentKeyword$_verifyElementNotPresent_closure1.doCall(VerifyElementNotPresentKeyword.groovy:106)
	at com.kms.katalon.core.webui.keyword.builtin.VerifyElementNotPresentKeyword$_verifyElementNotPresent_closure1.doCall(VerifyElementNotPresentKeyword.groovy)
	at com.kms.katalon.core.webui.keyword.internal.WebUIKeywordMain.runKeyword(WebUIKeywordMain.groovy:20)
	at com.kms.katalon.core.webui.keyword.internal.WebUIKeywordMain$runKeyword.call(Unknown Source)
	at com.kms.katalon.core.webui.keyword.builtin.VerifyElementNotPresentKeyword.verifyElementNotPresent(VerifyElementNotPresentKeyword.groovy:117)
	at com.kms.katalon.core.webui.keyword.builtin.VerifyElementNotPresentKeyword.execute(VerifyElementNotPresentKeyword.groovy:68)
	at com.kms.katalon.core.keyword.internal.KeywordExecutor.executeKeywordForPlatform(KeywordExecutor.groovy:74)
	at com.kms.katalon.core.webui.keyword.WebUiBuiltInKeywords.verifyElementNotPresent(WebUiBuiltInKeywords.groovy:1481)
	at com.kms.katalon.core.webui.keyword.WebUiBuiltInKeywords$verifyElementNotPresent$8.call(Unknown Source)
	at GetBrokSumPriceDaily.run(GetBrokSumPriceDaily:414)
	at com.kms.katalon.core.main.ScriptEngine.run(ScriptEngine.java:194)
	at com.kms.katalon.core.main.ScriptEngine.runScriptAsRawText(ScriptEngine.java:119)
	at com.kms.katalon.core.main.TestCaseExecutor.runScript(TestCaseExecutor.java:445)
	at com.kms.katalon.core.main.TestCaseExecutor.doExecute(TestCaseExecutor.java:436)
	at com.kms.katalon.core.main.TestCaseExecutor.processExecutionPhase(TestCaseExecutor.java:415)
	at com.kms.katalon.core.main.TestCaseExecutor.accessMainPhase(TestCaseExecutor.java:407)
	at com.kms.katalon.core.main.TestCaseExecutor.execute(TestCaseExecutor.java:284)
	at com.kms.katalon.core.common.CommonExecutor.accessTestCaseMainPhase(CommonExecutor.java:65)
	at com.kms.katalon.core.main.TestSuiteExecutor.accessTestSuiteMainPhase(TestSuiteExecutor.java:144)
	at com.kms.katalon.core.main.TestSuiteExecutor.execute(TestSuiteExecutor.java:106)
	at com.kms.katalon.core.main.TestCaseMain.startTestSuite(TestCaseMain.java:185)
	at com.kms.katalon.core.main.TestCaseMain$startTestSuite$0.call(Unknown Source)
	at TempTestSuite1705920083951.run(TempTestSuite1705920083951.groovy:36)
)

2024-01-22 17:46:59 - [MESSAGE][WARNING] - Web element with id: 'Object Repository/Stockbit/Bandarmology_Seller3' located by 'By.xpath: //*[contains(@id, 'rc-tabs-')]/div[2]/div/div/div/div/div/div[2]/table/tbody/tr[4]/td[5]/p' is present after '1' second(s) (Root cause: com.kms.katalon.core.exception.StepFailedException: Web element with id: 'Object Repository/Stockbit/Bandarmology_Seller3' located by 'By.xpath: //*[contains(@id, 'rc-tabs-')]/div[2]/div/div/div/div/div/div[2]/table/tbody/tr[4]/td[5]/p' is present after '1' second(s)
	at com.kms.katalon.core.webui.keyword.internal.WebUIKeywordMain.stepFailed(WebUIKeywordMain.groovy:64)
	at com.kms.katalon.core.webui.keyword.internal.WebUIKeywordMain$stepFailed$0.call(Unknown Source)
	at com.kms.katalon.core.webui.keyword.builtin.VerifyElementNotPresentKeyword$_verifyElementNotPresent_closure1.doCall(VerifyElementNotPresentKeyword.groovy:106)
	at com.kms.katalon.core.webui.keyword.builtin.VerifyElementNotPresentKeyword$_verifyElementNotPresent_closure1.doCall(VerifyElementNotPresentKeyword.groovy)
	at com.kms.katalon.core.webui.keyword.internal.WebUIKeywordMain.runKeyword(WebUIKeywordMain.groovy:20)
	at com.kms.katalon.core.webui.keyword.internal.WebUIKeywordMain$runKeyword.call(Unknown Source)
	at com.kms.katalon.core.webui.keyword.builtin.VerifyElementNotPresentKeyword.verifyElementNotPresent(VerifyElementNotPresentKeyword.groovy:117)
	at com.kms.katalon.core.webui.keyword.builtin.VerifyElementNotPresentKeyword.execute(VerifyElementNotPresentKeyword.groovy:68)
	at com.kms.katalon.core.keyword.internal.KeywordExecutor.executeKeywordForPlatform(KeywordExecutor.groovy:74)
	at com.kms.katalon.core.webui.keyword.WebUiBuiltInKeywords.verifyElementNotPresent(WebUiBuiltInKeywords.groovy:1481)
	at com.kms.katalon.core.webui.keyword.WebUiBuiltInKeywords$verifyElementNotPresent$8.call(Unknown Source)
	at GetBrokSumPriceDaily.run(GetBrokSumPriceDaily:414)
	at com.kms.katalon.core.main.ScriptEngine.run(ScriptEngine.java:194)
	at com.kms.katalon.core.main.ScriptEngine.runScriptAsRawText(ScriptEngine.java:119)
	at com.kms.katalon.core.main.TestCaseExecutor.runScript(TestCaseExecutor.java:445)
	at com.kms.katalon.core.main.TestCaseExecutor.doExecute(TestCaseExecutor.java:436)
	at com.kms.katalon.core.main.TestCaseExecutor.processExecutionPhase(TestCaseExecutor.java:415)
	at com.kms.katalon.core.main.TestCaseExecutor.accessMainPhase(TestCaseExecutor.java:407)
	at com.kms.katalon.core.main.TestCaseExecutor.execute(TestCaseExecutor.java:284)
	at com.kms.katalon.core.common.CommonExecutor.accessTestCaseMainPhase(CommonExecutor.java:65)
	at com.kms.katalon.core.main.TestSuiteExecutor.accessTestSuiteMainPhase(TestSuiteExecutor.java:144)
	at com.kms.katalon.core.main.TestSuiteExecutor.execute(TestSuiteExecutor.java:106)
	at com.kms.katalon.core.main.TestCaseMain.startTestSuite(TestCaseMain.java:185)
	at com.kms.katalon.core.main.TestCaseMain$startTestSuite$0.call(Unknown Source)
	at TempTestSuite1705920083951.run(TempTestSuite1705920083951.groovy:36)
)
[[ATTACHMENT|C:\\Users\\Fadli\\git\\KatalonDailyGetData2\\Reports\\20240122_174123\\TS1\\20240122_174123\\1705920419575.png]]

2024-01-22 17:46:59 - [TEST_STEP][PASSED] - else: null

2024-01-22 17:46:59 - [TEST_STEP][PASSED] - strSeller3 = getText(findTestObject("Stockbit/Bandarmology_Seller3")): Text of object 'Object Repository/Stockbit/Bandarmology_Seller3' is: 'CP'

2024-01-22 17:46:59 - [MESSAGE][PASSED] - Text of object 'Object Repository/Stockbit/Bandarmology_Seller3' is: 'CP'

2024-01-22 17:46:59 - [TEST_STEP][PASSED] - strSellerVol3 = getText(findTestObject("Stockbit/Bandarmology_SellerVol3")): Text of object 'Object Repository/Stockbit/Bandarmology_SellerVol3' is: '2.8 K'

2024-01-22 17:47:00 - [MESSAGE][PASSED] - Text of object 'Object Repository/Stockbit/Bandarmology_SellerVol3' is: '2.8 K'

2024-01-22 17:47:00 - [TEST_STEP][PASSED] - strSellerAvg3 = getText(findTestObject("Stockbit/Bandarmology_SellerAvg3")): Text of object 'Object Repository/Stockbit/Bandarmology_SellerAvg3' is: '5,541'

2024-01-22 17:47:00 - [MESSAGE][PASSED] - Text of object 'Object Repository/Stockbit/Bandarmology_SellerAvg3' is: '5,541'

2024-01-22 17:47:00 - [TEST_STEP][PASSED] - if (strSeller3 != ""): null

2024-01-22 17:47:00 - [TEST_STEP][PASSED] - if (strSellerAvg3.contains(",")): null

2024-01-22 17:47:00 - [TEST_STEP][PASSED] - strSellerAvg3 = strSellerAvg3.replace(",", ""): null

2024-01-22 17:47:00 - [TEST_STEP][PASSED] - if (strSellerVol3.contains(" B")): null

2024-01-22 17:47:00 - [TEST_STEP][PASSED] - else if (strSellerVol3.contains(" M")): null

2024-01-22 17:47:00 - [TEST_STEP][PASSED] - else if (strSellerVol3.contains(" K")): null

2024-01-22 17:47:00 - [TEST_STEP][PASSED] - strSellerVol3 = strSellerVol3.replace(" K", ""): null

2024-01-22 17:47:00 - [TEST_STEP][PASSED] - strSellerVol3 = strSellerVol3.toDouble() * 1000: null

2024-01-22 17:47:00 - [TEST_STEP][PASSED] - strAccDist = getText(findTestObject("Stockbit/Bandarmology_AccDist")): Text of object 'Object Repository/Stockbit/Bandarmology_AccDist' is: 'Acc'

2024-01-22 17:47:00 - [MESSAGE][PASSED] - Text of object 'Object Repository/Stockbit/Bandarmology_AccDist' is: 'Acc'

2024-01-22 17:47:00 - [TEST_STEP][PASSED] - strNetVol = getText(findTestObject("Stockbit/Bandarmology_NetVol")): Text of object 'Object Repository/Stockbit/Bandarmology_NetVol' is: '16,877'

2024-01-22 17:47:00 - [MESSAGE][PASSED] - Text of object 'Object Repository/Stockbit/Bandarmology_NetVol' is: '16,877'

2024-01-22 17:47:00 - [TEST_STEP][PASSED] - strNetVol = strNetVol.replace(",", ""): null

2024-01-22 17:47:00 - [TEST_STEP][PASSED] - strNetVal = getText(findTestObject("Stockbit/Bandarmology_NetVal")): Text of object 'Object Repository/Stockbit/Bandarmology_NetVal' is: '9.3 B'

2024-01-22 17:47:00 - [MESSAGE][PASSED] - Text of object 'Object Repository/Stockbit/Bandarmology_NetVal' is: '9.3 B'

2024-01-22 17:47:00 - [TEST_STEP][PASSED] - delay(3): Delayed 3 second(s)

2024-01-22 17:47:03 - [MESSAGE][PASSED] - Delayed 3 second(s)

2024-01-22 17:47:03 - [TEST_STEP][PASSED] - strOpenPrice = getText(findTestObject("Stockbit/Home_OpenPrice")): Text of object 'Object Repository/Stockbit/Home_OpenPrice' is: '5,475'

2024-01-22 17:47:03 - [MESSAGE][PASSED] - Text of object 'Object Repository/Stockbit/Home_OpenPrice' is: '5,475'

2024-01-22 17:47:03 - [TEST_STEP][PASSED] - strOpenPrice = strOpenPrice.replace(",", ""): null

2024-01-22 17:47:03 - [TEST_STEP][PASSED] - strLowPrice = getText(findTestObject("Stockbit/Home_LowPrice")): Text of object 'Object Repository/Stockbit/Home_LowPrice' is: '5,350'

2024-01-22 17:47:04 - [MESSAGE][PASSED] - Text of object 'Object Repository/Stockbit/Home_LowPrice' is: '5,350'

2024-01-22 17:47:04 - [TEST_STEP][PASSED] - strLowPrice = strLowPrice.replace(",", ""): null

2024-01-22 17:47:04 - [TEST_STEP][PASSED] - strHighPrice = getText(findTestObject("Stockbit/Home_HighPrice")): Text of object 'Object Repository/Stockbit/Home_HighPrice' is: '5,625'

2024-01-22 17:47:04 - [MESSAGE][PASSED] - Text of object 'Object Repository/Stockbit/Home_HighPrice' is: '5,625'

2024-01-22 17:47:04 - [TEST_STEP][PASSED] - strHighPrice = strHighPrice.replace(",", ""): null

2024-01-22 17:47:04 - [TEST_STEP][PASSED] - strClosePrice = getText(findTestObject("Stockbit/Home_ClosePrice")): Text of object 'Object Repository/Stockbit/Home_ClosePrice' is: '5,550'

2024-01-22 17:47:04 - [MESSAGE][PASSED] - Text of object 'Object Repository/Stockbit/Home_ClosePrice' is: '5,550'

2024-01-22 17:47:04 - [TEST_STEP][PASSED] - strClosePrice = strClosePrice.replace(",", ""): null

2024-01-22 17:47:04 - [TEST_STEP][PASSED] - strVol = getText(findTestObject("Stockbit/Home_Volume")): Text of object 'Object Repository/Stockbit/Home_Volume' is: '81 K'

2024-01-22 17:47:04 - [MESSAGE][PASSED] - Text of object 'Object Repository/Stockbit/Home_Volume' is: '81 K'

2024-01-22 17:47:04 - [TEST_STEP][PASSED] - if (strVol.contains(" K")): null

2024-01-22 17:47:04 - [TEST_STEP][PASSED] - strVol = strVol.replace(" K", "000"): null

2024-01-22 17:47:04 - [TEST_STEP][PASSED] - if (strVol.contains(",")): null

2024-01-22 17:47:04 - [TEST_STEP][PASSED] - strChange = getText(findTestObject("Stockbit/Home_Change")): Text of object 'Object Repository/Stockbit/Home_Change' is: '1.37%'

2024-01-22 17:47:04 - [MESSAGE][PASSED] - Text of object 'Object Repository/Stockbit/Home_Change' is: '1.37%'

2024-01-22 17:47:04 - [TEST_STEP][PASSED] - strChange = strChange.replace("%", ""): null

2024-01-22 17:47:04 - [TEST_STEP][PASSED] - strFreq = getText(findTestObject("Stockbit/Home_Freq")): Text of object 'Object Repository/Stockbit/Home_Freq' is: '15,727'

2024-01-22 17:47:04 - [MESSAGE][PASSED] - Text of object 'Object Repository/Stockbit/Home_Freq' is: '15,727'

2024-01-22 17:47:04 - [TEST_STEP][PASSED] - if (strFreq.contains(",")): null

2024-01-22 17:47:04 - [TEST_STEP][PASSED] - strFreq = strFreq.replace(",", ""): null

2024-01-22 17:47:04 - [TEST_STEP][PASSED] - if (strFreq == "NA" || strFreq == ""): null

2024-01-22 17:47:04 - [TEST_STEP][PASSED] - else: null

2024-01-22 17:47:04 - [TEST_STEP][PASSED] - dblFreqAnal = strVol.toDouble() / strFreq.toDouble() * strFreq.toDouble() * strFreq.toDouble() * 100000000: null

2024-01-22 17:47:04 - [TEST_STEP][PASSED] - strFreqAnal = String.format("%.4f", dblFreqAnal): null

2024-01-22 17:47:04 - [TEST_STEP][PASSED] - out.println("Double strFreqAnal: " + strFreqAnal): null

2024-01-22 17:47:04 - [TEST_STEP][PASSED] - strTanggal = d.format(DateTimeFormatter.ofPattern("yyyy-MM-dd")): null

2024-01-22 17:47:04 - [TEST_STEP][PASSED] - strTanggal = "#" + strTanggal + "#": null

2024-01-22 17:47:04 - [TEST_STEP][PASSED] - strSQL = "select count(*) as JumBaris from TblBrokSum where Nama = '" + strNama + "' and Tanggal = " + strTanggal + "": null

2024-01-22 17:47:04 - [TEST_STEP][PASSED] - resultSet = statement.executeQuery(strSQL): null

2024-01-22 17:47:04 - [TEST_STEP][PASSED] - resultSet.next(): null

2024-01-22 17:47:04 - [TEST_STEP][PASSED] - intJumBaris = resultSet.getInt("JumBaris"): null

2024-01-22 17:47:04 - [TEST_STEP][PASSED] - if (intJumBaris > 0): null

2024-01-22 17:47:04 - [TEST_STEP][PASSED] - else: null

2024-01-22 17:47:04 - [TEST_STEP][PASSED] - try: null

2024-01-22 17:47:04 - [TEST_STEP][PASSED] - out.println("Insert data"): null

2024-01-22 17:47:04 - [TEST_STEP][PASSED] - strSQL = "insert into TblBrokSum (nama, tanggal, top1, top2, top3, AllBrokAvg, AccDist, AvgRP, " + "Buyer1, BuyerVal1, BuyerAvg1, Seller1, SellerVal1, SellerAvg1, Buyer2, BuyerVal2, BuyerAvg2, " + "Seller2, SellerVal2, SellerAvg2, Buyer3, BuyerVal3, BuyerAvg3, Seller3, SellerVal3, SellerAvg3, NetVol, NetVal, " + "OpenPrice, LowPrice, HighPrice, ClosePrice, Volume, Change, Frekuensi, FrekAnal) " + "values ('" + strNama + "', " + strTanggal + ", '" + strTop1 + "', '" + strTop3 + "', '" + strTop5 + "', " + "'" + strAllBrokAvg + "', '" + strAccDist + "', " + intAvgRP + ", '" + strBuyer1 + "', '" + strBuyerVol1 + "', " + strBuyerAvg1 + ", " + "'" + strSeller1 + "', '" + strSellerVol1 + "', " + strSellerAvg1 + ", '" + strBuyer2 + "', '" + strBuyerVol2 + "', " + strBuyerAvg2 + ", " + "'" + strSeller2 + "', '" + strSellerVol2 + "', " + strSellerAvg2 + ", '" + strBuyer3 + "', '" + strBuyerVol3 + "', " + strBuyerAvg3 + ", " + "'" + strSeller3 + "', '" + strSellerVol3 + "', " + strSellerAvg3 + ", " + strNetVol + ", '" + strNetVal + "', " + "" + strOpenPrice + ", " + strLowPrice + ", " + strHighPrice + ", " + strClosePrice + ", '" + strVol + "', " + strChange + ", " + strFreq + ", " + strFreqAnal + ");": null

2024-01-22 17:47:04 - [TEST_STEP][PASSED] - out.println("strSQL = " + strSQL): null

2024-01-22 17:47:04 - [TEST_STEP][PASSED] - statement.executeUpdate(strSQL): null

2024-01-22 17:47:04 - [TEST_STEP][PASSED] - setValueToCellByIndex(sheet01, rowIndex, 4, "DONE"): null

2024-01-22 17:47:04 - [TEST_STEP][PASSED] - saveWorkbook(excelFilePath, workbook01): null

2024-01-22 17:47:04 - [TEST_STEP][PASSED] - waitForElementClickable(findTestObject("Stockbit/menu_Bandarmology"), 10): Object 'Object Repository/Stockbit/menu_Bandarmology' is clickable

2024-01-22 17:47:05 - [MESSAGE][PASSED] - Object 'Object Repository/Stockbit/menu_Bandarmology' is clickable

2024-01-22 17:47:05 - [TEST_STEP][PASSED] - click(findTestObject("Stockbit/menu_Bandarmology")): Object: 'Object Repository/Stockbit/menu_Bandarmology' is clicked on

2024-01-22 17:47:05 - [MESSAGE][PASSED] - Object: 'Object Repository/Stockbit/menu_Bandarmology' is clicked on

2024-01-22 17:47:05 - [TEST_STEP][PASSED] - strTemp = "NA": null

2024-01-22 17:47:05 - [TEST_STEP][PASSED] - if (getCellValueByIndex(sheet01, rowIndex, 4) != "DONE"): Object: 'Object Repository/Stockbit/menu_Bandarmology' is clicked on

2024-01-22 17:47:05 - [TEST_STEP][PASSED] - strNama = getCellValueByIndex(sheet01, rowIndex, 0): null

2024-01-22 17:47:05 - [TEST_STEP][PASSED] - navigateToUrl("https://stockbit.com/#/symbol/" + strNama): Navigate to 'https://stockbit.com/#/symbol/MKTR' successfully

2024-01-22 17:47:07 - [MESSAGE][PASSED] - Navigate to 'https://stockbit.com/#/symbol/MKTR' successfully

2024-01-22 17:47:07 - [TEST_STEP][PASSED] - waitForElementClickable(findTestObject("Stockbit/menu_Bandarmology"), 10): Object 'Object Repository/Stockbit/menu_Bandarmology' is clickable

2024-01-22 17:47:07 - [MESSAGE][PASSED] - Object 'Object Repository/Stockbit/menu_Bandarmology' is clickable

2024-01-22 17:47:07 - [TEST_STEP][PASSED] - click(findTestObject("Stockbit/menu_Bandarmology")): Object: 'Object Repository/Stockbit/menu_Bandarmology' is clicked on

2024-01-22 17:47:08 - [MESSAGE][PASSED] - Object: 'Object Repository/Stockbit/menu_Bandarmology' is clicked on

2024-01-22 17:47:08 - [TEST_STEP][PASSED] - strTanggal = d.format(DateTimeFormatter.ofPattern("MMM dd, yyyy")): null

2024-01-22 17:47:08 - [TEST_STEP][PASSED] - strTanggal = d.format(ISO_DATE): null

2024-01-22 17:47:08 - [TEST_STEP][PASSED] - out.println("strTanggal = " + strTanggal): null

2024-01-22 17:47:08 - [TEST_STEP][PASSED] - out.println("strNama = " + strNama): null

2024-01-22 17:47:08 - [TEST_STEP][PASSED] - out.println("Baris ke = " + rowIndex): null

2024-01-22 17:47:08 - [TEST_STEP][PASSED] - click(findTestObject("Stockbit/input__BandarmologyOpenStartDate")): Object: 'Object Repository/Stockbit/input__BandarmologyOpenStartDate' is clicked on

2024-01-22 17:47:09 - [MESSAGE][PASSED] - Object: 'Object Repository/Stockbit/input__BandarmologyOpenStartDate' is clicked on

2024-01-22 17:47:09 - [TEST_STEP][PASSED] - sendKeys(findTestObject("Stockbit/input__BandarmologyOpenStartDate"), Keys.chord(CONTROL, "a")): Keys 'CONTROL + a' sent to object: 'Object Repository/Stockbit/input__BandarmologyOpenStartDate'

2024-01-22 17:47:10 - [MESSAGE][PASSED] - Keys 'CONTROL + a' sent to object: 'Object Repository/Stockbit/input__BandarmologyOpenStartDate'

2024-01-22 17:47:10 - [TEST_STEP][PASSED] - sendKeys(findTestObject("Stockbit/input__BandarmologyOpenStartDate"), Keys.chord(BACK_SPACE)): Keys 'BACK_SPACE + ' sent to object: 'Object Repository/Stockbit/input__BandarmologyOpenStartDate'

2024-01-22 17:47:10 - [MESSAGE][PASSED] - Keys 'BACK_SPACE + ' sent to object: 'Object Repository/Stockbit/input__BandarmologyOpenStartDate'

2024-01-22 17:47:10 - [TEST_STEP][PASSED] - setText(findTestObject("Stockbit/input__BandarmologyOpenStartDate"), strTanggal): Text '2024-01-22' is set on object 'Object Repository/Stockbit/input__BandarmologyOpenStartDate'

2024-01-22 17:47:11 - [MESSAGE][PASSED] - Text '2024-01-22' is set on object 'Object Repository/Stockbit/input__BandarmologyOpenStartDate'

2024-01-22 17:47:11 - [TEST_STEP][PASSED] - sendKeys(findTestObject("Stockbit/input__BandarmologyOpenStartDate"), Keys.chord(ENTER)): Keys 'ENTER + ' sent to object: 'Object Repository/Stockbit/input__BandarmologyOpenStartDate'

2024-01-22 17:47:12 - [MESSAGE][PASSED] - Keys 'ENTER + ' sent to object: 'Object Repository/Stockbit/input__BandarmologyOpenStartDate'

2024-01-22 17:47:12 - [TEST_STEP][PASSED] - click(findTestObject("Stockbit/input__BandarmologyOpenEndDate")): Object: 'Object Repository/Stockbit/input__BandarmologyOpenEndDate' is clicked on

2024-01-22 17:47:12 - [MESSAGE][PASSED] - Object: 'Object Repository/Stockbit/input__BandarmologyOpenEndDate' is clicked on

2024-01-22 17:47:12 - [TEST_STEP][PASSED] - sendKeys(findTestObject("Stockbit/input__BandarmologyOpenEndDate"), Keys.chord(CONTROL, "a")): Keys 'CONTROL + a' sent to object: 'Object Repository/Stockbit/input__BandarmologyOpenEndDate'

2024-01-22 17:47:13 - [MESSAGE][PASSED] - Keys 'CONTROL + a' sent to object: 'Object Repository/Stockbit/input__BandarmologyOpenEndDate'

2024-01-22 17:47:13 - [TEST_STEP][PASSED] - sendKeys(findTestObject("Stockbit/input__BandarmologyOpenEndDate"), Keys.chord(BACK_SPACE)): Keys 'BACK_SPACE + ' sent to object: 'Object Repository/Stockbit/input__BandarmologyOpenEndDate'

2024-01-22 17:47:13 - [MESSAGE][PASSED] - Keys 'BACK_SPACE + ' sent to object: 'Object Repository/Stockbit/input__BandarmologyOpenEndDate'

2024-01-22 17:47:13 - [TEST_STEP][PASSED] - setText(findTestObject("Stockbit/input__BandarmologyOpenEndDate"), strTanggal): Text '2024-01-22' is set on object 'Object Repository/Stockbit/input__BandarmologyOpenEndDate'

2024-01-22 17:47:14 - [MESSAGE][PASSED] - Text '2024-01-22' is set on object 'Object Repository/Stockbit/input__BandarmologyOpenEndDate'

2024-01-22 17:47:14 - [TEST_STEP][PASSED] - sendKeys(findTestObject("Stockbit/input__BandarmologyOpenEndDate"), Keys.chord(ENTER)): Keys 'ENTER + ' sent to object: 'Object Repository/Stockbit/input__BandarmologyOpenEndDate'

2024-01-22 17:47:14 - [MESSAGE][PASSED] - Keys 'ENTER + ' sent to object: 'Object Repository/Stockbit/input__BandarmologyOpenEndDate'

2024-01-22 17:47:14 - [TEST_STEP][PASSED] - delay(2): Delayed 2 second(s)

2024-01-22 17:47:16 - [MESSAGE][PASSED] - Delayed 2 second(s)

2024-01-22 17:47:16 - [TEST_STEP][PASSED] - strTemp = getText(findTestObject("Stockbit/Bandarmology_AvgRP")): Text of object 'Object Repository/Stockbit/Bandarmology_AvgRP' is: '137'

2024-01-22 17:47:17 - [MESSAGE][PASSED] - Text of object 'Object Repository/Stockbit/Bandarmology_AvgRP' is: '137'

2024-01-22 17:47:17 - [TEST_STEP][PASSED] - out.println("Bandarmology_AvgRP = " + strTemp): null

2024-01-22 17:47:17 - [TEST_STEP][PASSED] - if (strTemp != "0"): null

2024-01-22 17:47:17 - [TEST_STEP][PASSED] - strTop1 = getText(findTestObject("Stockbit/Bandarmology_Top1")): Text of object 'Object Repository/Stockbit/Bandarmology_Top1' is: 'Normal Dist'

2024-01-22 17:47:17 - [MESSAGE][PASSED] - Text of object 'Object Repository/Stockbit/Bandarmology_Top1' is: 'Normal Dist'

2024-01-22 17:47:17 - [TEST_STEP][PASSED] - strTop3 = getText(findTestObject("Stockbit/Bandarmology_Top3")): Text of object 'Object Repository/Stockbit/Bandarmology_Top3' is: 'Normal Dist'

2024-01-22 17:47:17 - [MESSAGE][PASSED] - Text of object 'Object Repository/Stockbit/Bandarmology_Top3' is: 'Normal Dist'

2024-01-22 17:47:17 - [TEST_STEP][PASSED] - strTop5 = getText(findTestObject("Stockbit/Bandarmology_Top5")): Text of object 'Object Repository/Stockbit/Bandarmology_Top5' is: 'Normal Dist'

2024-01-22 17:47:17 - [MESSAGE][PASSED] - Text of object 'Object Repository/Stockbit/Bandarmology_Top5' is: 'Normal Dist'

2024-01-22 17:47:17 - [TEST_STEP][PASSED] - strAllBrokAvg = getText(findTestObject("Stockbit/Bandarmology_TopAVG")): Text of object 'Object Repository/Stockbit/Bandarmology_TopAVG' is: 'Normal Dist'

2024-01-22 17:47:17 - [MESSAGE][PASSED] - Text of object 'Object Repository/Stockbit/Bandarmology_TopAVG' is: 'Normal Dist'

2024-01-22 17:47:17 - [TEST_STEP][PASSED] - strTemp = getText(findTestObject("Stockbit/Bandarmology_AvgRP")): Text of object 'Object Repository/Stockbit/Bandarmology_AvgRP' is: '137'

2024-01-22 17:47:17 - [MESSAGE][PASSED] - Text of object 'Object Repository/Stockbit/Bandarmology_AvgRP' is: '137'

2024-01-22 17:47:17 - [TEST_STEP][PASSED] - if (strTemp.contains(",")): null

2024-01-22 17:47:17 - [TEST_STEP][PASSED] - intAvgRP = strTemp.toInteger(): null

2024-01-22 17:47:17 - [TEST_STEP][PASSED] - strBuyer1 = getText(findTestObject("Stockbit/Bandarmology_Buyer1")): Text of object 'Object Repository/Stockbit/Bandarmology_Buyer1' is: 'XL'

2024-01-22 17:47:17 - [MESSAGE][PASSED] - Text of object 'Object Repository/Stockbit/Bandarmology_Buyer1' is: 'XL'

2024-01-22 17:47:17 - [TEST_STEP][PASSED] - strBuyerVol1 = getText(findTestObject("Stockbit/Bandarmology_BuyerVol1")): Text of object 'Object Repository/Stockbit/Bandarmology_BuyerVol1' is: '1.1 K'

2024-01-22 17:47:18 - [MESSAGE][PASSED] - Text of object 'Object Repository/Stockbit/Bandarmology_BuyerVol1' is: '1.1 K'

2024-01-22 17:47:18 - [TEST_STEP][PASSED] - strBuyerAvg1 = getText(findTestObject("Stockbit/Bandarmology_BuyerAvg1")): Text of object 'Object Repository/Stockbit/Bandarmology_BuyerAvg1' is: '138'

2024-01-22 17:47:18 - [MESSAGE][PASSED] - Text of object 'Object Repository/Stockbit/Bandarmology_BuyerAvg1' is: '138'

2024-01-22 17:47:18 - [TEST_STEP][PASSED] - if (strBuyerAvg1.contains(",")): null

2024-01-22 17:47:18 - [TEST_STEP][PASSED] - if (strBuyerVol1.contains(" B")): null

2024-01-22 17:47:18 - [TEST_STEP][PASSED] - else if (strBuyerVol1.contains(" M")): null

2024-01-22 17:47:18 - [TEST_STEP][PASSED] - else if (strBuyerVol1.contains(" K")): null

2024-01-22 17:47:18 - [TEST_STEP][PASSED] - strBuyerVol1 = strBuyerVol1.replace(" K", ""): null

2024-01-22 17:47:18 - [TEST_STEP][PASSED] - strBuyerVol1 = strBuyerVol1.toDouble() * 1000: null

2024-01-22 17:47:18 - [TEST_STEP][PASSED] - strSeller1 = getText(findTestObject("Stockbit/Bandarmology_Seller1")): Text of object 'Object Repository/Stockbit/Bandarmology_Seller1' is: 'IF'

2024-01-22 17:47:18 - [MESSAGE][PASSED] - Text of object 'Object Repository/Stockbit/Bandarmology_Seller1' is: 'IF'

2024-01-22 17:47:18 - [TEST_STEP][PASSED] - strSellerVol1 = getText(findTestObject("Stockbit/Bandarmology_SellerVol1")): Text of object 'Object Repository/Stockbit/Bandarmology_SellerVol1' is: '1.8 K'

2024-01-22 17:47:18 - [MESSAGE][PASSED] - Text of object 'Object Repository/Stockbit/Bandarmology_SellerVol1' is: '1.8 K'

2024-01-22 17:47:18 - [TEST_STEP][PASSED] - strSellerAvg1 = getText(findTestObject("Stockbit/Bandarmology_SellerAvg1")): Text of object 'Object Repository/Stockbit/Bandarmology_SellerAvg1' is: '138'

2024-01-22 17:47:18 - [MESSAGE][PASSED] - Text of object 'Object Repository/Stockbit/Bandarmology_SellerAvg1' is: '138'

2024-01-22 17:47:18 - [TEST_STEP][PASSED] - if (strSellerAvg1.contains(",")): null

2024-01-22 17:47:18 - [TEST_STEP][PASSED] - if (strSellerVol1.contains(" B")): null

2024-01-22 17:47:18 - [TEST_STEP][PASSED] - else if (strSellerVol1.contains(" M")): null

2024-01-22 17:47:18 - [TEST_STEP][PASSED] - else if (strSellerVol1.contains(" K")): null

2024-01-22 17:47:18 - [TEST_STEP][PASSED] - strSellerVol1 = strSellerVol1.replace(" K", ""): null

2024-01-22 17:47:18 - [TEST_STEP][PASSED] - strSellerVol1 = strSellerVol1.toDouble() * 1000: null

2024-01-22 17:47:18 - [TEST_STEP][PASSED] - if (verifyElementNotPresent(findTestObject("Stockbit/Bandarmology_Buyer2"), 1, OPTIONAL)): Web element with id: 'Object Repository/Stockbit/Bandarmology_Buyer2' located by 'By.xpath: //*[contains(@id, 'rc-tabs-')]/div[2]/div/div/div/div/div/div[2]/table/tbody/tr[3]/td[1]/p' is present after '1' second(s) (Root cause: com.kms.katalon.core.exception.StepFailedException: Web element with id: 'Object Repository/Stockbit/Bandarmology_Buyer2' located by 'By.xpath: //*[contains(@id, 'rc-tabs-')]/div[2]/div/div/div/div/div/div[2]/table/tbody/tr[3]/td[1]/p' is present after '1' second(s)
	at com.kms.katalon.core.webui.keyword.internal.WebUIKeywordMain.stepFailed(WebUIKeywordMain.groovy:64)
	at com.kms.katalon.core.webui.keyword.internal.WebUIKeywordMain$stepFailed$0.call(Unknown Source)
	at com.kms.katalon.core.webui.keyword.builtin.VerifyElementNotPresentKeyword$_verifyElementNotPresent_closure1.doCall(VerifyElementNotPresentKeyword.groovy:106)
	at com.kms.katalon.core.webui.keyword.builtin.VerifyElementNotPresentKeyword$_verifyElementNotPresent_closure1.doCall(VerifyElementNotPresentKeyword.groovy)
	at com.kms.katalon.core.webui.keyword.internal.WebUIKeywordMain.runKeyword(WebUIKeywordMain.groovy:20)
	at com.kms.katalon.core.webui.keyword.internal.WebUIKeywordMain$runKeyword.call(Unknown Source)
	at com.kms.katalon.core.webui.keyword.builtin.VerifyElementNotPresentKeyword.verifyElementNotPresent(VerifyElementNotPresentKeyword.groovy:117)
	at com.kms.katalon.core.webui.keyword.builtin.VerifyElementNotPresentKeyword.execute(VerifyElementNotPresentKeyword.groovy:68)
	at com.kms.katalon.core.keyword.internal.KeywordExecutor.executeKeywordForPlatform(KeywordExecutor.groovy:74)
	at com.kms.katalon.core.webui.keyword.WebUiBuiltInKeywords.verifyElementNotPresent(WebUiBuiltInKeywords.groovy:1481)
	at com.kms.katalon.core.webui.keyword.WebUiBuiltInKeywords$verifyElementNotPresent$8.call(Unknown Source)
	at GetBrokSumPriceDaily.run(GetBrokSumPriceDaily:258)
	at com.kms.katalon.core.main.ScriptEngine.run(ScriptEngine.java:194)
	at com.kms.katalon.core.main.ScriptEngine.runScriptAsRawText(ScriptEngine.java:119)
	at com.kms.katalon.core.main.TestCaseExecutor.runScript(TestCaseExecutor.java:445)
	at com.kms.katalon.core.main.TestCaseExecutor.doExecute(TestCaseExecutor.java:436)
	at com.kms.katalon.core.main.TestCaseExecutor.processExecutionPhase(TestCaseExecutor.java:415)
	at com.kms.katalon.core.main.TestCaseExecutor.accessMainPhase(TestCaseExecutor.java:407)
	at com.kms.katalon.core.main.TestCaseExecutor.execute(TestCaseExecutor.java:284)
	at com.kms.katalon.core.common.CommonExecutor.accessTestCaseMainPhase(CommonExecutor.java:65)
	at com.kms.katalon.core.main.TestSuiteExecutor.accessTestSuiteMainPhase(TestSuiteExecutor.java:144)
	at com.kms.katalon.core.main.TestSuiteExecutor.execute(TestSuiteExecutor.java:106)
	at com.kms.katalon.core.main.TestCaseMain.startTestSuite(TestCaseMain.java:185)
	at com.kms.katalon.core.main.TestCaseMain$startTestSuite$0.call(Unknown Source)
	at TempTestSuite1705920083951.run(TempTestSuite1705920083951.groovy:36)
)

2024-01-22 17:47:20 - [MESSAGE][WARNING] - Web element with id: 'Object Repository/Stockbit/Bandarmology_Buyer2' located by 'By.xpath: //*[contains(@id, 'rc-tabs-')]/div[2]/div/div/div/div/div/div[2]/table/tbody/tr[3]/td[1]/p' is present after '1' second(s) (Root cause: com.kms.katalon.core.exception.StepFailedException: Web element with id: 'Object Repository/Stockbit/Bandarmology_Buyer2' located by 'By.xpath: //*[contains(@id, 'rc-tabs-')]/div[2]/div/div/div/div/div/div[2]/table/tbody/tr[3]/td[1]/p' is present after '1' second(s)
	at com.kms.katalon.core.webui.keyword.internal.WebUIKeywordMain.stepFailed(WebUIKeywordMain.groovy:64)
	at com.kms.katalon.core.webui.keyword.internal.WebUIKeywordMain$stepFailed$0.call(Unknown Source)
	at com.kms.katalon.core.webui.keyword.builtin.VerifyElementNotPresentKeyword$_verifyElementNotPresent_closure1.doCall(VerifyElementNotPresentKeyword.groovy:106)
	at com.kms.katalon.core.webui.keyword.builtin.VerifyElementNotPresentKeyword$_verifyElementNotPresent_closure1.doCall(VerifyElementNotPresentKeyword.groovy)
	at com.kms.katalon.core.webui.keyword.internal.WebUIKeywordMain.runKeyword(WebUIKeywordMain.groovy:20)
	at com.kms.katalon.core.webui.keyword.internal.WebUIKeywordMain$runKeyword.call(Unknown Source)
	at com.kms.katalon.core.webui.keyword.builtin.VerifyElementNotPresentKeyword.verifyElementNotPresent(VerifyElementNotPresentKeyword.groovy:117)
	at com.kms.katalon.core.webui.keyword.builtin.VerifyElementNotPresentKeyword.execute(VerifyElementNotPresentKeyword.groovy:68)
	at com.kms.katalon.core.keyword.internal.KeywordExecutor.executeKeywordForPlatform(KeywordExecutor.groovy:74)
	at com.kms.katalon.core.webui.keyword.WebUiBuiltInKeywords.verifyElementNotPresent(WebUiBuiltInKeywords.groovy:1481)
	at com.kms.katalon.core.webui.keyword.WebUiBuiltInKeywords$verifyElementNotPresent$8.call(Unknown Source)
	at GetBrokSumPriceDaily.run(GetBrokSumPriceDaily:258)
	at com.kms.katalon.core.main.ScriptEngine.run(ScriptEngine.java:194)
	at com.kms.katalon.core.main.ScriptEngine.runScriptAsRawText(ScriptEngine.java:119)
	at com.kms.katalon.core.main.TestCaseExecutor.runScript(TestCaseExecutor.java:445)
	at com.kms.katalon.core.main.TestCaseExecutor.doExecute(TestCaseExecutor.java:436)
	at com.kms.katalon.core.main.TestCaseExecutor.processExecutionPhase(TestCaseExecutor.java:415)
	at com.kms.katalon.core.main.TestCaseExecutor.accessMainPhase(TestCaseExecutor.java:407)
	at com.kms.katalon.core.main.TestCaseExecutor.execute(TestCaseExecutor.java:284)
	at com.kms.katalon.core.common.CommonExecutor.accessTestCaseMainPhase(CommonExecutor.java:65)
	at com.kms.katalon.core.main.TestSuiteExecutor.accessTestSuiteMainPhase(TestSuiteExecutor.java:144)
	at com.kms.katalon.core.main.TestSuiteExecutor.execute(TestSuiteExecutor.java:106)
	at com.kms.katalon.core.main.TestCaseMain.startTestSuite(TestCaseMain.java:185)
	at com.kms.katalon.core.main.TestCaseMain$startTestSuite$0.call(Unknown Source)
	at TempTestSuite1705920083951.run(TempTestSuite1705920083951.groovy:36)
)
[[ATTACHMENT|C:\\Users\\Fadli\\git\\KatalonDailyGetData2\\Reports\\20240122_174123\\TS1\\20240122_174123\\1705920439966.png]]

2024-01-22 17:47:20 - [TEST_STEP][PASSED] - else: null

2024-01-22 17:47:20 - [TEST_STEP][PASSED] - strBuyer2 = getText(findTestObject("Stockbit/Bandarmology_Buyer2")): Text of object 'Object Repository/Stockbit/Bandarmology_Buyer2' is: 'YP'

2024-01-22 17:47:20 - [MESSAGE][PASSED] - Text of object 'Object Repository/Stockbit/Bandarmology_Buyer2' is: 'YP'

2024-01-22 17:47:20 - [TEST_STEP][PASSED] - strBuyerVol2 = getText(findTestObject("Stockbit/Bandarmology_BuyerVol2")): Text of object 'Object Repository/Stockbit/Bandarmology_BuyerVol2' is: '1 K'

2024-01-22 17:47:20 - [MESSAGE][PASSED] - Text of object 'Object Repository/Stockbit/Bandarmology_BuyerVol2' is: '1 K'

2024-01-22 17:47:20 - [TEST_STEP][PASSED] - strBuyerAvg2 = getText(findTestObject("Stockbit/Bandarmology_BuyerAvg2")): Text of object 'Object Repository/Stockbit/Bandarmology_BuyerAvg2' is: '138'

2024-01-22 17:47:20 - [MESSAGE][PASSED] - Text of object 'Object Repository/Stockbit/Bandarmology_BuyerAvg2' is: '138'

2024-01-22 17:47:20 - [TEST_STEP][PASSED] - if (strBuyer2 != ""): null

2024-01-22 17:47:20 - [TEST_STEP][PASSED] - if (strBuyerAvg2.contains(",")): null

2024-01-22 17:47:20 - [TEST_STEP][PASSED] - if (strBuyerVol2.contains(" B")): null

2024-01-22 17:47:20 - [TEST_STEP][PASSED] - else if (strBuyerVol2.contains(" M")): null

2024-01-22 17:47:20 - [TEST_STEP][PASSED] - else if (strBuyerVol2.contains(" K")): null

2024-01-22 17:47:20 - [TEST_STEP][PASSED] - strBuyerVol2 = strBuyerVol2.replace(" K", ""): null

2024-01-22 17:47:20 - [TEST_STEP][PASSED] - strBuyerVol2 = strBuyerVol2.toDouble() * 1000: null

2024-01-22 17:47:20 - [TEST_STEP][PASSED] - if (strBuyerVol2.contains(".")): null

2024-01-22 17:47:20 - [TEST_STEP][PASSED] - strBuyerVal2 = strBuyerVol2.replace(".", ""): null

2024-01-22 17:47:20 - [TEST_STEP][PASSED] - if (verifyElementNotPresent(findTestObject("Stockbit/Bandarmology_Seller2"), 1, OPTIONAL)): Web element with id: 'Object Repository/Stockbit/Bandarmology_Seller2' located by 'By.xpath: //*[contains(@id, 'rc-tabs-')]/div[2]/div/div/div/div/div/div[2]/table/tbody/tr[3]/td[5]/p' is present after '1' second(s) (Root cause: com.kms.katalon.core.exception.StepFailedException: Web element with id: 'Object Repository/Stockbit/Bandarmology_Seller2' located by 'By.xpath: //*[contains(@id, 'rc-tabs-')]/div[2]/div/div/div/div/div/div[2]/table/tbody/tr[3]/td[5]/p' is present after '1' second(s)
	at com.kms.katalon.core.webui.keyword.internal.WebUIKeywordMain.stepFailed(WebUIKeywordMain.groovy:64)
	at com.kms.katalon.core.webui.keyword.internal.WebUIKeywordMain$stepFailed$0.call(Unknown Source)
	at com.kms.katalon.core.webui.keyword.builtin.VerifyElementNotPresentKeyword$_verifyElementNotPresent_closure1.doCall(VerifyElementNotPresentKeyword.groovy:106)
	at com.kms.katalon.core.webui.keyword.builtin.VerifyElementNotPresentKeyword$_verifyElementNotPresent_closure1.doCall(VerifyElementNotPresentKeyword.groovy)
	at com.kms.katalon.core.webui.keyword.internal.WebUIKeywordMain.runKeyword(WebUIKeywordMain.groovy:20)
	at com.kms.katalon.core.webui.keyword.internal.WebUIKeywordMain$runKeyword.call(Unknown Source)
	at com.kms.katalon.core.webui.keyword.builtin.VerifyElementNotPresentKeyword.verifyElementNotPresent(VerifyElementNotPresentKeyword.groovy:117)
	at com.kms.katalon.core.webui.keyword.builtin.VerifyElementNotPresentKeyword.execute(VerifyElementNotPresentKeyword.groovy:68)
	at com.kms.katalon.core.keyword.internal.KeywordExecutor.executeKeywordForPlatform(KeywordExecutor.groovy:74)
	at com.kms.katalon.core.webui.keyword.WebUiBuiltInKeywords.verifyElementNotPresent(WebUiBuiltInKeywords.groovy:1481)
	at com.kms.katalon.core.webui.keyword.WebUiBuiltInKeywords$verifyElementNotPresent$8.call(Unknown Source)
	at GetBrokSumPriceDaily.run(GetBrokSumPriceDaily:309)
	at com.kms.katalon.core.main.ScriptEngine.run(ScriptEngine.java:194)
	at com.kms.katalon.core.main.ScriptEngine.runScriptAsRawText(ScriptEngine.java:119)
	at com.kms.katalon.core.main.TestCaseExecutor.runScript(TestCaseExecutor.java:445)
	at com.kms.katalon.core.main.TestCaseExecutor.doExecute(TestCaseExecutor.java:436)
	at com.kms.katalon.core.main.TestCaseExecutor.processExecutionPhase(TestCaseExecutor.java:415)
	at com.kms.katalon.core.main.TestCaseExecutor.accessMainPhase(TestCaseExecutor.java:407)
	at com.kms.katalon.core.main.TestCaseExecutor.execute(TestCaseExecutor.java:284)
	at com.kms.katalon.core.common.CommonExecutor.accessTestCaseMainPhase(CommonExecutor.java:65)
	at com.kms.katalon.core.main.TestSuiteExecutor.accessTestSuiteMainPhase(TestSuiteExecutor.java:144)
	at com.kms.katalon.core.main.TestSuiteExecutor.execute(TestSuiteExecutor.java:106)
	at com.kms.katalon.core.main.TestCaseMain.startTestSuite(TestCaseMain.java:185)
	at com.kms.katalon.core.main.TestCaseMain$startTestSuite$0.call(Unknown Source)
	at TempTestSuite1705920083951.run(TempTestSuite1705920083951.groovy:36)
)

2024-01-22 17:47:22 - [MESSAGE][WARNING] - Web element with id: 'Object Repository/Stockbit/Bandarmology_Seller2' located by 'By.xpath: //*[contains(@id, 'rc-tabs-')]/div[2]/div/div/div/div/div/div[2]/table/tbody/tr[3]/td[5]/p' is present after '1' second(s) (Root cause: com.kms.katalon.core.exception.StepFailedException: Web element with id: 'Object Repository/Stockbit/Bandarmology_Seller2' located by 'By.xpath: //*[contains(@id, 'rc-tabs-')]/div[2]/div/div/div/div/div/div[2]/table/tbody/tr[3]/td[5]/p' is present after '1' second(s)
	at com.kms.katalon.core.webui.keyword.internal.WebUIKeywordMain.stepFailed(WebUIKeywordMain.groovy:64)
	at com.kms.katalon.core.webui.keyword.internal.WebUIKeywordMain$stepFailed$0.call(Unknown Source)
	at com.kms.katalon.core.webui.keyword.builtin.VerifyElementNotPresentKeyword$_verifyElementNotPresent_closure1.doCall(VerifyElementNotPresentKeyword.groovy:106)
	at com.kms.katalon.core.webui.keyword.builtin.VerifyElementNotPresentKeyword$_verifyElementNotPresent_closure1.doCall(VerifyElementNotPresentKeyword.groovy)
	at com.kms.katalon.core.webui.keyword.internal.WebUIKeywordMain.runKeyword(WebUIKeywordMain.groovy:20)
	at com.kms.katalon.core.webui.keyword.internal.WebUIKeywordMain$runKeyword.call(Unknown Source)
	at com.kms.katalon.core.webui.keyword.builtin.VerifyElementNotPresentKeyword.verifyElementNotPresent(VerifyElementNotPresentKeyword.groovy:117)
	at com.kms.katalon.core.webui.keyword.builtin.VerifyElementNotPresentKeyword.execute(VerifyElementNotPresentKeyword.groovy:68)
	at com.kms.katalon.core.keyword.internal.KeywordExecutor.executeKeywordForPlatform(KeywordExecutor.groovy:74)
	at com.kms.katalon.core.webui.keyword.WebUiBuiltInKeywords.verifyElementNotPresent(WebUiBuiltInKeywords.groovy:1481)
	at com.kms.katalon.core.webui.keyword.WebUiBuiltInKeywords$verifyElementNotPresent$8.call(Unknown Source)
	at GetBrokSumPriceDaily.run(GetBrokSumPriceDaily:309)
	at com.kms.katalon.core.main.ScriptEngine.run(ScriptEngine.java:194)
	at com.kms.katalon.core.main.ScriptEngine.runScriptAsRawText(ScriptEngine.java:119)
	at com.kms.katalon.core.main.TestCaseExecutor.runScript(TestCaseExecutor.java:445)
	at com.kms.katalon.core.main.TestCaseExecutor.doExecute(TestCaseExecutor.java:436)
	at com.kms.katalon.core.main.TestCaseExecutor.processExecutionPhase(TestCaseExecutor.java:415)
	at com.kms.katalon.core.main.TestCaseExecutor.accessMainPhase(TestCaseExecutor.java:407)
	at com.kms.katalon.core.main.TestCaseExecutor.execute(TestCaseExecutor.java:284)
	at com.kms.katalon.core.common.CommonExecutor.accessTestCaseMainPhase(CommonExecutor.java:65)
	at com.kms.katalon.core.main.TestSuiteExecutor.accessTestSuiteMainPhase(TestSuiteExecutor.java:144)
	at com.kms.katalon.core.main.TestSuiteExecutor.execute(TestSuiteExecutor.java:106)
	at com.kms.katalon.core.main.TestCaseMain.startTestSuite(TestCaseMain.java:185)
	at com.kms.katalon.core.main.TestCaseMain$startTestSuite$0.call(Unknown Source)
	at TempTestSuite1705920083951.run(TempTestSuite1705920083951.groovy:36)
)
[[ATTACHMENT|C:\\Users\\Fadli\\git\\KatalonDailyGetData2\\Reports\\20240122_174123\\TS1\\20240122_174123\\1705920441980.png]]

2024-01-22 17:47:22 - [TEST_STEP][PASSED] - else: null

2024-01-22 17:47:22 - [TEST_STEP][PASSED] - strSeller2 = getText(findTestObject("Stockbit/Bandarmology_Seller2")): Text of object 'Object Repository/Stockbit/Bandarmology_Seller2' is: 'CC'

2024-01-22 17:47:22 - [MESSAGE][PASSED] - Text of object 'Object Repository/Stockbit/Bandarmology_Seller2' is: 'CC'

2024-01-22 17:47:22 - [TEST_STEP][PASSED] - strSellerVol2 = getText(findTestObject("Stockbit/Bandarmology_SellerVol2")): Text of object 'Object Repository/Stockbit/Bandarmology_SellerVol2' is: '956'

2024-01-22 17:47:22 - [MESSAGE][PASSED] - Text of object 'Object Repository/Stockbit/Bandarmology_SellerVol2' is: '956'

2024-01-22 17:47:22 - [TEST_STEP][PASSED] - strSellerAvg2 = getText(findTestObject("Stockbit/Bandarmology_SellerAvg2")): Text of object 'Object Repository/Stockbit/Bandarmology_SellerAvg2' is: '137'

2024-01-22 17:47:22 - [MESSAGE][PASSED] - Text of object 'Object Repository/Stockbit/Bandarmology_SellerAvg2' is: '137'

2024-01-22 17:47:22 - [TEST_STEP][PASSED] - if (strSeller2 != ""): null

2024-01-22 17:47:22 - [TEST_STEP][PASSED] - if (strSellerAvg2.contains(",")): null

2024-01-22 17:47:22 - [TEST_STEP][PASSED] - if (strSellerVol2.contains(" B")): null

2024-01-22 17:47:22 - [TEST_STEP][PASSED] - if (verifyElementNotPresent(findTestObject("Stockbit/Bandarmology_Buyer3"), 1, OPTIONAL)): Web element with id: 'Object Repository/Stockbit/Bandarmology_Buyer3' located by 'By.xpath: //*[contains(@id, 'rc-tabs-')]/div[2]/div/div/div/div/div/div[2]/table/tbody/tr[4]/td[1]/p' is present after '1' second(s) (Root cause: com.kms.katalon.core.exception.StepFailedException: Web element with id: 'Object Repository/Stockbit/Bandarmology_Buyer3' located by 'By.xpath: //*[contains(@id, 'rc-tabs-')]/div[2]/div/div/div/div/div/div[2]/table/tbody/tr[4]/td[1]/p' is present after '1' second(s)
	at com.kms.katalon.core.webui.keyword.internal.WebUIKeywordMain.stepFailed(WebUIKeywordMain.groovy:64)
	at com.kms.katalon.core.webui.keyword.internal.WebUIKeywordMain$stepFailed$0.call(Unknown Source)
	at com.kms.katalon.core.webui.keyword.builtin.VerifyElementNotPresentKeyword$_verifyElementNotPresent_closure1.doCall(VerifyElementNotPresentKeyword.groovy:106)
	at com.kms.katalon.core.webui.keyword.builtin.VerifyElementNotPresentKeyword$_verifyElementNotPresent_closure1.doCall(VerifyElementNotPresentKeyword.groovy)
	at com.kms.katalon.core.webui.keyword.internal.WebUIKeywordMain.runKeyword(WebUIKeywordMain.groovy:20)
	at com.kms.katalon.core.webui.keyword.internal.WebUIKeywordMain$runKeyword.call(Unknown Source)
	at com.kms.katalon.core.webui.keyword.builtin.VerifyElementNotPresentKeyword.verifyElementNotPresent(VerifyElementNotPresentKeyword.groovy:117)
	at com.kms.katalon.core.webui.keyword.builtin.VerifyElementNotPresentKeyword.execute(VerifyElementNotPresentKeyword.groovy:68)
	at com.kms.katalon.core.keyword.internal.KeywordExecutor.executeKeywordForPlatform(KeywordExecutor.groovy:74)
	at com.kms.katalon.core.webui.keyword.WebUiBuiltInKeywords.verifyElementNotPresent(WebUiBuiltInKeywords.groovy:1481)
	at com.kms.katalon.core.webui.keyword.WebUiBuiltInKeywords$verifyElementNotPresent$8.call(Unknown Source)
	at GetBrokSumPriceDaily.run(GetBrokSumPriceDaily:361)
	at com.kms.katalon.core.main.ScriptEngine.run(ScriptEngine.java:194)
	at com.kms.katalon.core.main.ScriptEngine.runScriptAsRawText(ScriptEngine.java:119)
	at com.kms.katalon.core.main.TestCaseExecutor.runScript(TestCaseExecutor.java:445)
	at com.kms.katalon.core.main.TestCaseExecutor.doExecute(TestCaseExecutor.java:436)
	at com.kms.katalon.core.main.TestCaseExecutor.processExecutionPhase(TestCaseExecutor.java:415)
	at com.kms.katalon.core.main.TestCaseExecutor.accessMainPhase(TestCaseExecutor.java:407)
	at com.kms.katalon.core.main.TestCaseExecutor.execute(TestCaseExecutor.java:284)
	at com.kms.katalon.core.common.CommonExecutor.accessTestCaseMainPhase(CommonExecutor.java:65)
	at com.kms.katalon.core.main.TestSuiteExecutor.accessTestSuiteMainPhase(TestSuiteExecutor.java:144)
	at com.kms.katalon.core.main.TestSuiteExecutor.execute(TestSuiteExecutor.java:106)
	at com.kms.katalon.core.main.TestCaseMain.startTestSuite(TestCaseMain.java:185)
	at com.kms.katalon.core.main.TestCaseMain$startTestSuite$0.call(Unknown Source)
	at TempTestSuite1705920083951.run(TempTestSuite1705920083951.groovy:36)
)

2024-01-22 17:47:24 - [MESSAGE][WARNING] - Web element with id: 'Object Repository/Stockbit/Bandarmology_Buyer3' located by 'By.xpath: //*[contains(@id, 'rc-tabs-')]/div[2]/div/div/div/div/div/div[2]/table/tbody/tr[4]/td[1]/p' is present after '1' second(s) (Root cause: com.kms.katalon.core.exception.StepFailedException: Web element with id: 'Object Repository/Stockbit/Bandarmology_Buyer3' located by 'By.xpath: //*[contains(@id, 'rc-tabs-')]/div[2]/div/div/div/div/div/div[2]/table/tbody/tr[4]/td[1]/p' is present after '1' second(s)
	at com.kms.katalon.core.webui.keyword.internal.WebUIKeywordMain.stepFailed(WebUIKeywordMain.groovy:64)
	at com.kms.katalon.core.webui.keyword.internal.WebUIKeywordMain$stepFailed$0.call(Unknown Source)
	at com.kms.katalon.core.webui.keyword.builtin.VerifyElementNotPresentKeyword$_verifyElementNotPresent_closure1.doCall(VerifyElementNotPresentKeyword.groovy:106)
	at com.kms.katalon.core.webui.keyword.builtin.VerifyElementNotPresentKeyword$_verifyElementNotPresent_closure1.doCall(VerifyElementNotPresentKeyword.groovy)
	at com.kms.katalon.core.webui.keyword.internal.WebUIKeywordMain.runKeyword(WebUIKeywordMain.groovy:20)
	at com.kms.katalon.core.webui.keyword.internal.WebUIKeywordMain$runKeyword.call(Unknown Source)
	at com.kms.katalon.core.webui.keyword.builtin.VerifyElementNotPresentKeyword.verifyElementNotPresent(VerifyElementNotPresentKeyword.groovy:117)
	at com.kms.katalon.core.webui.keyword.builtin.VerifyElementNotPresentKeyword.execute(VerifyElementNotPresentKeyword.groovy:68)
	at com.kms.katalon.core.keyword.internal.KeywordExecutor.executeKeywordForPlatform(KeywordExecutor.groovy:74)
	at com.kms.katalon.core.webui.keyword.WebUiBuiltInKeywords.verifyElementNotPresent(WebUiBuiltInKeywords.groovy:1481)
	at com.kms.katalon.core.webui.keyword.WebUiBuiltInKeywords$verifyElementNotPresent$8.call(Unknown Source)
	at GetBrokSumPriceDaily.run(GetBrokSumPriceDaily:361)
	at com.kms.katalon.core.main.ScriptEngine.run(ScriptEngine.java:194)
	at com.kms.katalon.core.main.ScriptEngine.runScriptAsRawText(ScriptEngine.java:119)
	at com.kms.katalon.core.main.TestCaseExecutor.runScript(TestCaseExecutor.java:445)
	at com.kms.katalon.core.main.TestCaseExecutor.doExecute(TestCaseExecutor.java:436)
	at com.kms.katalon.core.main.TestCaseExecutor.processExecutionPhase(TestCaseExecutor.java:415)
	at com.kms.katalon.core.main.TestCaseExecutor.accessMainPhase(TestCaseExecutor.java:407)
	at com.kms.katalon.core.main.TestCaseExecutor.execute(TestCaseExecutor.java:284)
	at com.kms.katalon.core.common.CommonExecutor.accessTestCaseMainPhase(CommonExecutor.java:65)
	at com.kms.katalon.core.main.TestSuiteExecutor.accessTestSuiteMainPhase(TestSuiteExecutor.java:144)
	at com.kms.katalon.core.main.TestSuiteExecutor.execute(TestSuiteExecutor.java:106)
	at com.kms.katalon.core.main.TestCaseMain.startTestSuite(TestCaseMain.java:185)
	at com.kms.katalon.core.main.TestCaseMain$startTestSuite$0.call(Unknown Source)
	at TempTestSuite1705920083951.run(TempTestSuite1705920083951.groovy:36)
)
[[ATTACHMENT|C:\\Users\\Fadli\\git\\KatalonDailyGetData2\\Reports\\20240122_174123\\TS1\\20240122_174123\\1705920443861.png]]

2024-01-22 17:47:24 - [TEST_STEP][PASSED] - else: null

2024-01-22 17:47:24 - [TEST_STEP][PASSED] - strBuyer3 = getText(findTestObject("Stockbit/Bandarmology_Buyer3")): Text of object 'Object Repository/Stockbit/Bandarmology_Buyer3' is: 'KK'

2024-01-22 17:47:24 - [MESSAGE][PASSED] - Text of object 'Object Repository/Stockbit/Bandarmology_Buyer3' is: 'KK'

2024-01-22 17:47:24 - [TEST_STEP][PASSED] - strBuyerVol3 = getText(findTestObject("Stockbit/Bandarmology_BuyerVol3")): Text of object 'Object Repository/Stockbit/Bandarmology_BuyerVol3' is: '760'

2024-01-22 17:47:24 - [MESSAGE][PASSED] - Text of object 'Object Repository/Stockbit/Bandarmology_BuyerVol3' is: '760'

2024-01-22 17:47:24 - [TEST_STEP][PASSED] - strBuyerAvg3 = getText(findTestObject("Stockbit/Bandarmology_BuyerAvg3")): Text of object 'Object Repository/Stockbit/Bandarmology_BuyerAvg3' is: '137'

2024-01-22 17:47:24 - [MESSAGE][PASSED] - Text of object 'Object Repository/Stockbit/Bandarmology_BuyerAvg3' is: '137'

2024-01-22 17:47:24 - [TEST_STEP][PASSED] - if (strBuyer3 != ""): null

2024-01-22 17:47:24 - [TEST_STEP][PASSED] - if (strBuyerAvg3.contains(",")): null

2024-01-22 17:47:24 - [TEST_STEP][PASSED] - if (strBuyerVol3.contains(" B")): null

2024-01-22 17:47:24 - [TEST_STEP][PASSED] - if (verifyElementNotPresent(findTestObject("Stockbit/Bandarmology_Seller3"), 1, OPTIONAL)): Web element with id: 'Object Repository/Stockbit/Bandarmology_Seller3' located by 'By.xpath: //*[contains(@id, 'rc-tabs-')]/div[2]/div/div/div/div/div/div[2]/table/tbody/tr[4]/td[5]/p' is present after '1' second(s) (Root cause: com.kms.katalon.core.exception.StepFailedException: Web element with id: 'Object Repository/Stockbit/Bandarmology_Seller3' located by 'By.xpath: //*[contains(@id, 'rc-tabs-')]/div[2]/div/div/div/div/div/div[2]/table/tbody/tr[4]/td[5]/p' is present after '1' second(s)
	at com.kms.katalon.core.webui.keyword.internal.WebUIKeywordMain.stepFailed(WebUIKeywordMain.groovy:64)
	at com.kms.katalon.core.webui.keyword.internal.WebUIKeywordMain$stepFailed$0.call(Unknown Source)
	at com.kms.katalon.core.webui.keyword.builtin.VerifyElementNotPresentKeyword$_verifyElementNotPresent_closure1.doCall(VerifyElementNotPresentKeyword.groovy:106)
	at com.kms.katalon.core.webui.keyword.builtin.VerifyElementNotPresentKeyword$_verifyElementNotPresent_closure1.doCall(VerifyElementNotPresentKeyword.groovy)
	at com.kms.katalon.core.webui.keyword.internal.WebUIKeywordMain.runKeyword(WebUIKeywordMain.groovy:20)
	at com.kms.katalon.core.webui.keyword.internal.WebUIKeywordMain$runKeyword.call(Unknown Source)
	at com.kms.katalon.core.webui.keyword.builtin.VerifyElementNotPresentKeyword.verifyElementNotPresent(VerifyElementNotPresentKeyword.groovy:117)
	at com.kms.katalon.core.webui.keyword.builtin.VerifyElementNotPresentKeyword.execute(VerifyElementNotPresentKeyword.groovy:68)
	at com.kms.katalon.core.keyword.internal.KeywordExecutor.executeKeywordForPlatform(KeywordExecutor.groovy:74)
	at com.kms.katalon.core.webui.keyword.WebUiBuiltInKeywords.verifyElementNotPresent(WebUiBuiltInKeywords.groovy:1481)
	at com.kms.katalon.core.webui.keyword.WebUiBuiltInKeywords$verifyElementNotPresent$8.call(Unknown Source)
	at GetBrokSumPriceDaily.run(GetBrokSumPriceDaily:414)
	at com.kms.katalon.core.main.ScriptEngine.run(ScriptEngine.java:194)
	at com.kms.katalon.core.main.ScriptEngine.runScriptAsRawText(ScriptEngine.java:119)
	at com.kms.katalon.core.main.TestCaseExecutor.runScript(TestCaseExecutor.java:445)
	at com.kms.katalon.core.main.TestCaseExecutor.doExecute(TestCaseExecutor.java:436)
	at com.kms.katalon.core.main.TestCaseExecutor.processExecutionPhase(TestCaseExecutor.java:415)
	at com.kms.katalon.core.main.TestCaseExecutor.accessMainPhase(TestCaseExecutor.java:407)
	at com.kms.katalon.core.main.TestCaseExecutor.execute(TestCaseExecutor.java:284)
	at com.kms.katalon.core.common.CommonExecutor.accessTestCaseMainPhase(CommonExecutor.java:65)
	at com.kms.katalon.core.main.TestSuiteExecutor.accessTestSuiteMainPhase(TestSuiteExecutor.java:144)
	at com.kms.katalon.core.main.TestSuiteExecutor.execute(TestSuiteExecutor.java:106)
	at com.kms.katalon.core.main.TestCaseMain.startTestSuite(TestCaseMain.java:185)
	at com.kms.katalon.core.main.TestCaseMain$startTestSuite$0.call(Unknown Source)
	at TempTestSuite1705920083951.run(TempTestSuite1705920083951.groovy:36)
)

2024-01-22 17:47:25 - [MESSAGE][WARNING] - Web element with id: 'Object Repository/Stockbit/Bandarmology_Seller3' located by 'By.xpath: //*[contains(@id, 'rc-tabs-')]/div[2]/div/div/div/div/div/div[2]/table/tbody/tr[4]/td[5]/p' is present after '1' second(s) (Root cause: com.kms.katalon.core.exception.StepFailedException: Web element with id: 'Object Repository/Stockbit/Bandarmology_Seller3' located by 'By.xpath: //*[contains(@id, 'rc-tabs-')]/div[2]/div/div/div/div/div/div[2]/table/tbody/tr[4]/td[5]/p' is present after '1' second(s)
	at com.kms.katalon.core.webui.keyword.internal.WebUIKeywordMain.stepFailed(WebUIKeywordMain.groovy:64)
	at com.kms.katalon.core.webui.keyword.internal.WebUIKeywordMain$stepFailed$0.call(Unknown Source)
	at com.kms.katalon.core.webui.keyword.builtin.VerifyElementNotPresentKeyword$_verifyElementNotPresent_closure1.doCall(VerifyElementNotPresentKeyword.groovy:106)
	at com.kms.katalon.core.webui.keyword.builtin.VerifyElementNotPresentKeyword$_verifyElementNotPresent_closure1.doCall(VerifyElementNotPresentKeyword.groovy)
	at com.kms.katalon.core.webui.keyword.internal.WebUIKeywordMain.runKeyword(WebUIKeywordMain.groovy:20)
	at com.kms.katalon.core.webui.keyword.internal.WebUIKeywordMain$runKeyword.call(Unknown Source)
	at com.kms.katalon.core.webui.keyword.builtin.VerifyElementNotPresentKeyword.verifyElementNotPresent(VerifyElementNotPresentKeyword.groovy:117)
	at com.kms.katalon.core.webui.keyword.builtin.VerifyElementNotPresentKeyword.execute(VerifyElementNotPresentKeyword.groovy:68)
	at com.kms.katalon.core.keyword.internal.KeywordExecutor.executeKeywordForPlatform(KeywordExecutor.groovy:74)
	at com.kms.katalon.core.webui.keyword.WebUiBuiltInKeywords.verifyElementNotPresent(WebUiBuiltInKeywords.groovy:1481)
	at com.kms.katalon.core.webui.keyword.WebUiBuiltInKeywords$verifyElementNotPresent$8.call(Unknown Source)
	at GetBrokSumPriceDaily.run(GetBrokSumPriceDaily:414)
	at com.kms.katalon.core.main.ScriptEngine.run(ScriptEngine.java:194)
	at com.kms.katalon.core.main.ScriptEngine.runScriptAsRawText(ScriptEngine.java:119)
	at com.kms.katalon.core.main.TestCaseExecutor.runScript(TestCaseExecutor.java:445)
	at com.kms.katalon.core.main.TestCaseExecutor.doExecute(TestCaseExecutor.java:436)
	at com.kms.katalon.core.main.TestCaseExecutor.processExecutionPhase(TestCaseExecutor.java:415)
	at com.kms.katalon.core.main.TestCaseExecutor.accessMainPhase(TestCaseExecutor.java:407)
	at com.kms.katalon.core.main.TestCaseExecutor.execute(TestCaseExecutor.java:284)
	at com.kms.katalon.core.common.CommonExecutor.accessTestCaseMainPhase(CommonExecutor.java:65)
	at com.kms.katalon.core.main.TestSuiteExecutor.accessTestSuiteMainPhase(TestSuiteExecutor.java:144)
	at com.kms.katalon.core.main.TestSuiteExecutor.execute(TestSuiteExecutor.java:106)
	at com.kms.katalon.core.main.TestCaseMain.startTestSuite(TestCaseMain.java:185)
	at com.kms.katalon.core.main.TestCaseMain$startTestSuite$0.call(Unknown Source)
	at TempTestSuite1705920083951.run(TempTestSuite1705920083951.groovy:36)
)
[[ATTACHMENT|C:\\Users\\Fadli\\git\\KatalonDailyGetData2\\Reports\\20240122_174123\\TS1\\20240122_174123\\1705920445721.png]]

2024-01-22 17:47:25 - [TEST_STEP][PASSED] - else: null

2024-01-22 17:47:25 - [TEST_STEP][PASSED] - strSeller3 = getText(findTestObject("Stockbit/Bandarmology_Seller3")): Text of object 'Object Repository/Stockbit/Bandarmology_Seller3' is: 'TP'

2024-01-22 17:47:26 - [MESSAGE][PASSED] - Text of object 'Object Repository/Stockbit/Bandarmology_Seller3' is: 'TP'

2024-01-22 17:47:26 - [TEST_STEP][PASSED] - strSellerVol3 = getText(findTestObject("Stockbit/Bandarmology_SellerVol3")): Text of object 'Object Repository/Stockbit/Bandarmology_SellerVol3' is: '799'

2024-01-22 17:47:26 - [MESSAGE][PASSED] - Text of object 'Object Repository/Stockbit/Bandarmology_SellerVol3' is: '799'

2024-01-22 17:47:26 - [TEST_STEP][PASSED] - strSellerAvg3 = getText(findTestObject("Stockbit/Bandarmology_SellerAvg3")): Text of object 'Object Repository/Stockbit/Bandarmology_SellerAvg3' is: '138'

2024-01-22 17:47:26 - [MESSAGE][PASSED] - Text of object 'Object Repository/Stockbit/Bandarmology_SellerAvg3' is: '138'

2024-01-22 17:47:26 - [TEST_STEP][PASSED] - if (strSeller3 != ""): null

2024-01-22 17:47:26 - [TEST_STEP][PASSED] - if (strSellerAvg3.contains(",")): null

2024-01-22 17:47:26 - [TEST_STEP][PASSED] - if (strSellerVol3.contains(" B")): null

2024-01-22 17:47:26 - [TEST_STEP][PASSED] - strAccDist = getText(findTestObject("Stockbit/Bandarmology_AccDist")): Text of object 'Object Repository/Stockbit/Bandarmology_AccDist' is: 'Dist'

2024-01-22 17:47:26 - [MESSAGE][PASSED] - Text of object 'Object Repository/Stockbit/Bandarmology_AccDist' is: 'Dist'

2024-01-22 17:47:26 - [TEST_STEP][PASSED] - strNetVol = getText(findTestObject("Stockbit/Bandarmology_NetVol")): Text of object 'Object Repository/Stockbit/Bandarmology_NetVol' is: '4,839'

2024-01-22 17:47:26 - [MESSAGE][PASSED] - Text of object 'Object Repository/Stockbit/Bandarmology_NetVol' is: '4,839'

2024-01-22 17:47:26 - [TEST_STEP][PASSED] - strNetVol = strNetVol.replace(",", ""): null

2024-01-22 17:47:26 - [TEST_STEP][PASSED] - strNetVal = getText(findTestObject("Stockbit/Bandarmology_NetVal")): Text of object 'Object Repository/Stockbit/Bandarmology_NetVal' is: '0.1 B'

2024-01-22 17:47:26 - [MESSAGE][PASSED] - Text of object 'Object Repository/Stockbit/Bandarmology_NetVal' is: '0.1 B'

2024-01-22 17:47:26 - [TEST_STEP][PASSED] - delay(3): Delayed 3 second(s)

2024-01-22 17:47:29 - [MESSAGE][PASSED] - Delayed 3 second(s)

2024-01-22 17:47:29 - [TEST_STEP][PASSED] - strOpenPrice = getText(findTestObject("Stockbit/Home_OpenPrice")): Text of object 'Object Repository/Stockbit/Home_OpenPrice' is: '138'

2024-01-22 17:47:30 - [MESSAGE][PASSED] - Text of object 'Object Repository/Stockbit/Home_OpenPrice' is: '138'

2024-01-22 17:47:30 - [TEST_STEP][PASSED] - strOpenPrice = strOpenPrice.replace(",", ""): null

2024-01-22 17:47:30 - [TEST_STEP][PASSED] - strLowPrice = getText(findTestObject("Stockbit/Home_LowPrice")): Text of object 'Object Repository/Stockbit/Home_LowPrice' is: '136'

2024-01-22 17:47:30 - [MESSAGE][PASSED] - Text of object 'Object Repository/Stockbit/Home_LowPrice' is: '136'

2024-01-22 17:47:30 - [TEST_STEP][PASSED] - strLowPrice = strLowPrice.replace(",", ""): null

2024-01-22 17:47:30 - [TEST_STEP][PASSED] - strHighPrice = getText(findTestObject("Stockbit/Home_HighPrice")): Text of object 'Object Repository/Stockbit/Home_HighPrice' is: '140'

2024-01-22 17:47:30 - [MESSAGE][PASSED] - Text of object 'Object Repository/Stockbit/Home_HighPrice' is: '140'

2024-01-22 17:47:30 - [TEST_STEP][PASSED] - strHighPrice = strHighPrice.replace(",", ""): null

2024-01-22 17:47:30 - [TEST_STEP][PASSED] - strClosePrice = getText(findTestObject("Stockbit/Home_ClosePrice")): Text of object 'Object Repository/Stockbit/Home_ClosePrice' is: '138'

2024-01-22 17:47:30 - [MESSAGE][PASSED] - Text of object 'Object Repository/Stockbit/Home_ClosePrice' is: '138'

2024-01-22 17:47:30 - [TEST_STEP][PASSED] - strClosePrice = strClosePrice.replace(",", ""): null

2024-01-22 17:47:30 - [TEST_STEP][PASSED] - strVol = getText(findTestObject("Stockbit/Home_Volume")): Text of object 'Object Repository/Stockbit/Home_Volume' is: '5 K'

2024-01-22 17:47:30 - [MESSAGE][PASSED] - Text of object 'Object Repository/Stockbit/Home_Volume' is: '5 K'

2024-01-22 17:47:30 - [TEST_STEP][PASSED] - if (strVol.contains(" K")): null

2024-01-22 17:47:30 - [TEST_STEP][PASSED] - strVol = strVol.replace(" K", "000"): null

2024-01-22 17:47:30 - [TEST_STEP][PASSED] - if (strVol.contains(",")): null

2024-01-22 17:47:30 - [TEST_STEP][PASSED] - strChange = getText(findTestObject("Stockbit/Home_Change")): Text of object 'Object Repository/Stockbit/Home_Change' is: '-1.43%'

2024-01-22 17:47:30 - [MESSAGE][PASSED] - Text of object 'Object Repository/Stockbit/Home_Change' is: '-1.43%'

2024-01-22 17:47:30 - [TEST_STEP][PASSED] - strChange = strChange.replace("%", ""): null

2024-01-22 17:47:30 - [TEST_STEP][PASSED] - strFreq = getText(findTestObject("Stockbit/Home_Freq")): Text of object 'Object Repository/Stockbit/Home_Freq' is: '78'

2024-01-22 17:47:31 - [MESSAGE][PASSED] - Text of object 'Object Repository/Stockbit/Home_Freq' is: '78'

2024-01-22 17:47:31 - [TEST_STEP][PASSED] - if (strFreq.contains(",")): null

2024-01-22 17:47:31 - [TEST_STEP][PASSED] - if (strFreq == "NA" || strFreq == ""): null

2024-01-22 17:47:31 - [TEST_STEP][PASSED] - else: null

2024-01-22 17:47:31 - [TEST_STEP][PASSED] - dblFreqAnal = strVol.toDouble() / strFreq.toDouble() * strFreq.toDouble() * strFreq.toDouble() * 100000000: null

2024-01-22 17:47:31 - [TEST_STEP][PASSED] - strFreqAnal = String.format("%.4f", dblFreqAnal): null

2024-01-22 17:47:31 - [TEST_STEP][PASSED] - out.println("Double strFreqAnal: " + strFreqAnal): null

2024-01-22 17:47:31 - [TEST_STEP][PASSED] - strTanggal = d.format(DateTimeFormatter.ofPattern("yyyy-MM-dd")): null

2024-01-22 17:47:31 - [TEST_STEP][PASSED] - strTanggal = "#" + strTanggal + "#": null

2024-01-22 17:47:31 - [TEST_STEP][PASSED] - strSQL = "select count(*) as JumBaris from TblBrokSum where Nama = '" + strNama + "' and Tanggal = " + strTanggal + "": null

2024-01-22 17:47:31 - [TEST_STEP][PASSED] - resultSet = statement.executeQuery(strSQL): null

2024-01-22 17:47:31 - [TEST_STEP][PASSED] - resultSet.next(): null

2024-01-22 17:47:31 - [TEST_STEP][PASSED] - intJumBaris = resultSet.getInt("JumBaris"): null

2024-01-22 17:47:31 - [TEST_STEP][PASSED] - if (intJumBaris > 0): null

2024-01-22 17:47:31 - [TEST_STEP][PASSED] - else: null

2024-01-22 17:47:31 - [TEST_STEP][PASSED] - try: null

2024-01-22 17:47:31 - [TEST_STEP][PASSED] - out.println("Insert data"): null

2024-01-22 17:47:31 - [TEST_STEP][PASSED] - strSQL = "insert into TblBrokSum (nama, tanggal, top1, top2, top3, AllBrokAvg, AccDist, AvgRP, " + "Buyer1, BuyerVal1, BuyerAvg1, Seller1, SellerVal1, SellerAvg1, Buyer2, BuyerVal2, BuyerAvg2, " + "Seller2, SellerVal2, SellerAvg2, Buyer3, BuyerVal3, BuyerAvg3, Seller3, SellerVal3, SellerAvg3, NetVol, NetVal, " + "OpenPrice, LowPrice, HighPrice, ClosePrice, Volume, Change, Frekuensi, FrekAnal) " + "values ('" + strNama + "', " + strTanggal + ", '" + strTop1 + "', '" + strTop3 + "', '" + strTop5 + "', " + "'" + strAllBrokAvg + "', '" + strAccDist + "', " + intAvgRP + ", '" + strBuyer1 + "', '" + strBuyerVol1 + "', " + strBuyerAvg1 + ", " + "'" + strSeller1 + "', '" + strSellerVol1 + "', " + strSellerAvg1 + ", '" + strBuyer2 + "', '" + strBuyerVol2 + "', " + strBuyerAvg2 + ", " + "'" + strSeller2 + "', '" + strSellerVol2 + "', " + strSellerAvg2 + ", '" + strBuyer3 + "', '" + strBuyerVol3 + "', " + strBuyerAvg3 + ", " + "'" + strSeller3 + "', '" + strSellerVol3 + "', " + strSellerAvg3 + ", " + strNetVol + ", '" + strNetVal + "', " + "" + strOpenPrice + ", " + strLowPrice + ", " + strHighPrice + ", " + strClosePrice + ", '" + strVol + "', " + strChange + ", " + strFreq + ", " + strFreqAnal + ");": null

2024-01-22 17:47:31 - [TEST_STEP][PASSED] - out.println("strSQL = " + strSQL): null

2024-01-22 17:47:31 - [TEST_STEP][PASSED] - statement.executeUpdate(strSQL): null

2024-01-22 17:47:31 - [TEST_STEP][PASSED] - setValueToCellByIndex(sheet01, rowIndex, 4, "DONE"): null

2024-01-22 17:47:31 - [TEST_STEP][PASSED] - saveWorkbook(excelFilePath, workbook01): null

2024-01-22 17:47:31 - [TEST_STEP][PASSED] - waitForElementClickable(findTestObject("Stockbit/menu_Bandarmology"), 10): Object 'Object Repository/Stockbit/menu_Bandarmology' is clickable

2024-01-22 17:47:31 - [MESSAGE][PASSED] - Object 'Object Repository/Stockbit/menu_Bandarmology' is clickable

2024-01-22 17:47:31 - [TEST_STEP][PASSED] - click(findTestObject("Stockbit/menu_Bandarmology")): Object: 'Object Repository/Stockbit/menu_Bandarmology' is clicked on

2024-01-22 17:47:31 - [MESSAGE][PASSED] - Object: 'Object Repository/Stockbit/menu_Bandarmology' is clicked on

2024-01-22 17:47:31 - [TEST_STEP][PASSED] - strTemp = "NA": null

2024-01-22 17:47:31 - [TEST_STEP][PASSED] - if (getCellValueByIndex(sheet01, rowIndex, 4) != "DONE"): Object: 'Object Repository/Stockbit/menu_Bandarmology' is clicked on

2024-01-22 17:47:31 - [TEST_STEP][PASSED] - strNama = getCellValueByIndex(sheet01, rowIndex, 0): null

2024-01-22 17:47:31 - [TEST_STEP][PASSED] - navigateToUrl("https://stockbit.com/#/symbol/" + strNama): Navigate to 'https://stockbit.com/#/symbol/DMMX' successfully

2024-01-22 17:47:33 - [MESSAGE][PASSED] - Navigate to 'https://stockbit.com/#/symbol/DMMX' successfully

2024-01-22 17:47:33 - [TEST_STEP][PASSED] - waitForElementClickable(findTestObject("Stockbit/menu_Bandarmology"), 10): Object 'Object Repository/Stockbit/menu_Bandarmology' is clickable

2024-01-22 17:47:34 - [MESSAGE][PASSED] - Object 'Object Repository/Stockbit/menu_Bandarmology' is clickable

2024-01-22 17:47:34 - [TEST_STEP][PASSED] - click(findTestObject("Stockbit/menu_Bandarmology")): Object: 'Object Repository/Stockbit/menu_Bandarmology' is clicked on

2024-01-22 17:47:34 - [MESSAGE][PASSED] - Object: 'Object Repository/Stockbit/menu_Bandarmology' is clicked on

2024-01-22 17:47:34 - [TEST_STEP][PASSED] - strTanggal = d.format(DateTimeFormatter.ofPattern("MMM dd, yyyy")): null

2024-01-22 17:47:34 - [TEST_STEP][PASSED] - strTanggal = d.format(ISO_DATE): null

2024-01-22 17:47:34 - [TEST_STEP][PASSED] - out.println("strTanggal = " + strTanggal): null

2024-01-22 17:47:34 - [TEST_STEP][PASSED] - out.println("strNama = " + strNama): null

2024-01-22 17:47:34 - [TEST_STEP][PASSED] - out.println("Baris ke = " + rowIndex): null

2024-01-22 17:47:34 - [TEST_STEP][PASSED] - click(findTestObject("Stockbit/input__BandarmologyOpenStartDate")): Object: 'Object Repository/Stockbit/input__BandarmologyOpenStartDate' is clicked on

2024-01-22 17:47:36 - [MESSAGE][PASSED] - Object: 'Object Repository/Stockbit/input__BandarmologyOpenStartDate' is clicked on

2024-01-22 17:47:36 - [TEST_STEP][PASSED] - sendKeys(findTestObject("Stockbit/input__BandarmologyOpenStartDate"), Keys.chord(CONTROL, "a")): Keys 'CONTROL + a' sent to object: 'Object Repository/Stockbit/input__BandarmologyOpenStartDate'

2024-01-22 17:47:36 - [MESSAGE][PASSED] - Keys 'CONTROL + a' sent to object: 'Object Repository/Stockbit/input__BandarmologyOpenStartDate'

2024-01-22 17:47:36 - [TEST_STEP][PASSED] - sendKeys(findTestObject("Stockbit/input__BandarmologyOpenStartDate"), Keys.chord(BACK_SPACE)): Keys 'BACK_SPACE + ' sent to object: 'Object Repository/Stockbit/input__BandarmologyOpenStartDate'

2024-01-22 17:47:36 - [MESSAGE][PASSED] - Keys 'BACK_SPACE + ' sent to object: 'Object Repository/Stockbit/input__BandarmologyOpenStartDate'

2024-01-22 17:47:36 - [TEST_STEP][PASSED] - setText(findTestObject("Stockbit/input__BandarmologyOpenStartDate"), strTanggal): Text '2024-01-22' is set on object 'Object Repository/Stockbit/input__BandarmologyOpenStartDate'

2024-01-22 17:47:37 - [MESSAGE][PASSED] - Text '2024-01-22' is set on object 'Object Repository/Stockbit/input__BandarmologyOpenStartDate'

2024-01-22 17:47:37 - [TEST_STEP][PASSED] - sendKeys(findTestObject("Stockbit/input__BandarmologyOpenStartDate"), Keys.chord(ENTER)): Keys 'ENTER + ' sent to object: 'Object Repository/Stockbit/input__BandarmologyOpenStartDate'

2024-01-22 17:47:37 - [MESSAGE][PASSED] - Keys 'ENTER + ' sent to object: 'Object Repository/Stockbit/input__BandarmologyOpenStartDate'

2024-01-22 17:47:37 - [TEST_STEP][PASSED] - click(findTestObject("Stockbit/input__BandarmologyOpenEndDate")): Object: 'Object Repository/Stockbit/input__BandarmologyOpenEndDate' is clicked on

2024-01-22 17:47:38 - [MESSAGE][PASSED] - Object: 'Object Repository/Stockbit/input__BandarmologyOpenEndDate' is clicked on

2024-01-22 17:47:38 - [TEST_STEP][PASSED] - sendKeys(findTestObject("Stockbit/input__BandarmologyOpenEndDate"), Keys.chord(CONTROL, "a")): Keys 'CONTROL + a' sent to object: 'Object Repository/Stockbit/input__BandarmologyOpenEndDate'

2024-01-22 17:47:38 - [MESSAGE][PASSED] - Keys 'CONTROL + a' sent to object: 'Object Repository/Stockbit/input__BandarmologyOpenEndDate'

2024-01-22 17:47:38 - [TEST_STEP][PASSED] - sendKeys(findTestObject("Stockbit/input__BandarmologyOpenEndDate"), Keys.chord(BACK_SPACE)): Keys 'BACK_SPACE + ' sent to object: 'Object Repository/Stockbit/input__BandarmologyOpenEndDate'

2024-01-22 17:47:39 - [MESSAGE][PASSED] - Keys 'BACK_SPACE + ' sent to object: 'Object Repository/Stockbit/input__BandarmologyOpenEndDate'

2024-01-22 17:47:39 - [TEST_STEP][PASSED] - setText(findTestObject("Stockbit/input__BandarmologyOpenEndDate"), strTanggal): Text '2024-01-22' is set on object 'Object Repository/Stockbit/input__BandarmologyOpenEndDate'

2024-01-22 17:47:39 - [MESSAGE][PASSED] - Text '2024-01-22' is set on object 'Object Repository/Stockbit/input__BandarmologyOpenEndDate'

2024-01-22 17:47:39 - [TEST_STEP][PASSED] - sendKeys(findTestObject("Stockbit/input__BandarmologyOpenEndDate"), Keys.chord(ENTER)): Keys 'ENTER + ' sent to object: 'Object Repository/Stockbit/input__BandarmologyOpenEndDate'

2024-01-22 17:47:40 - [MESSAGE][PASSED] - Keys 'ENTER + ' sent to object: 'Object Repository/Stockbit/input__BandarmologyOpenEndDate'

2024-01-22 17:47:40 - [TEST_STEP][PASSED] - delay(2): Delayed 2 second(s)

2024-01-22 17:47:42 - [MESSAGE][PASSED] - Delayed 2 second(s)

2024-01-22 17:47:42 - [TEST_STEP][PASSED] - strTemp = getText(findTestObject("Stockbit/Bandarmology_AvgRP")): Text of object 'Object Repository/Stockbit/Bandarmology_AvgRP' is: '309'

2024-01-22 17:47:42 - [MESSAGE][PASSED] - Text of object 'Object Repository/Stockbit/Bandarmology_AvgRP' is: '309'

2024-01-22 17:47:42 - [TEST_STEP][PASSED] - out.println("Bandarmology_AvgRP = " + strTemp): null

2024-01-22 17:47:42 - [TEST_STEP][PASSED] - if (strTemp != "0"): null

2024-01-22 17:47:42 - [TEST_STEP][PASSED] - strTop1 = getText(findTestObject("Stockbit/Bandarmology_Top1")): Text of object 'Object Repository/Stockbit/Bandarmology_Top1' is: 'Small Acc'

2024-01-22 17:47:42 - [MESSAGE][PASSED] - Text of object 'Object Repository/Stockbit/Bandarmology_Top1' is: 'Small Acc'

2024-01-22 17:47:42 - [TEST_STEP][PASSED] - strTop3 = getText(findTestObject("Stockbit/Bandarmology_Top3")): Text of object 'Object Repository/Stockbit/Bandarmology_Top3' is: 'Normal Acc'

2024-01-22 17:47:42 - [MESSAGE][PASSED] - Text of object 'Object Repository/Stockbit/Bandarmology_Top3' is: 'Normal Acc'

2024-01-22 17:47:42 - [TEST_STEP][PASSED] - strTop5 = getText(findTestObject("Stockbit/Bandarmology_Top5")): Text of object 'Object Repository/Stockbit/Bandarmology_Top5' is: 'Normal Acc'

2024-01-22 17:47:42 - [MESSAGE][PASSED] - Text of object 'Object Repository/Stockbit/Bandarmology_Top5' is: 'Normal Acc'

2024-01-22 17:47:42 - [TEST_STEP][PASSED] - strAllBrokAvg = getText(findTestObject("Stockbit/Bandarmology_TopAVG")): Text of object 'Object Repository/Stockbit/Bandarmology_TopAVG' is: 'Normal Acc'

2024-01-22 17:47:42 - [MESSAGE][PASSED] - Text of object 'Object Repository/Stockbit/Bandarmology_TopAVG' is: 'Normal Acc'

2024-01-22 17:47:42 - [TEST_STEP][PASSED] - strTemp = getText(findTestObject("Stockbit/Bandarmology_AvgRP")): Text of object 'Object Repository/Stockbit/Bandarmology_AvgRP' is: '309'

2024-01-22 17:47:42 - [MESSAGE][PASSED] - Text of object 'Object Repository/Stockbit/Bandarmology_AvgRP' is: '309'

2024-01-22 17:47:42 - [TEST_STEP][PASSED] - if (strTemp.contains(",")): null

2024-01-22 17:47:42 - [TEST_STEP][PASSED] - intAvgRP = strTemp.toInteger(): null

2024-01-22 17:47:42 - [TEST_STEP][PASSED] - strBuyer1 = getText(findTestObject("Stockbit/Bandarmology_Buyer1")): Text of object 'Object Repository/Stockbit/Bandarmology_Buyer1' is: 'ZP'

2024-01-22 17:47:42 - [MESSAGE][PASSED] - Text of object 'Object Repository/Stockbit/Bandarmology_Buyer1' is: 'ZP'

2024-01-22 17:47:42 - [TEST_STEP][PASSED] - strBuyerVol1 = getText(findTestObject("Stockbit/Bandarmology_BuyerVol1")): Text of object 'Object Repository/Stockbit/Bandarmology_BuyerVol1' is: '21.3 K'

2024-01-22 17:47:43 - [MESSAGE][PASSED] - Text of object 'Object Repository/Stockbit/Bandarmology_BuyerVol1' is: '21.3 K'

2024-01-22 17:47:43 - [TEST_STEP][PASSED] - strBuyerAvg1 = getText(findTestObject("Stockbit/Bandarmology_BuyerAvg1")): Text of object 'Object Repository/Stockbit/Bandarmology_BuyerAvg1' is: '308'

2024-01-22 17:47:43 - [MESSAGE][PASSED] - Text of object 'Object Repository/Stockbit/Bandarmology_BuyerAvg1' is: '308'

2024-01-22 17:47:43 - [TEST_STEP][PASSED] - if (strBuyerAvg1.contains(",")): null

2024-01-22 17:47:43 - [TEST_STEP][PASSED] - if (strBuyerVol1.contains(" B")): null

2024-01-22 17:47:43 - [TEST_STEP][PASSED] - else if (strBuyerVol1.contains(" M")): null

2024-01-22 17:47:43 - [TEST_STEP][PASSED] - else if (strBuyerVol1.contains(" K")): null

2024-01-22 17:47:43 - [TEST_STEP][PASSED] - strBuyerVol1 = strBuyerVol1.replace(" K", ""): null

2024-01-22 17:47:43 - [TEST_STEP][PASSED] - strBuyerVol1 = strBuyerVol1.toDouble() * 1000: null

2024-01-22 17:47:43 - [TEST_STEP][PASSED] - strSeller1 = getText(findTestObject("Stockbit/Bandarmology_Seller1")): Text of object 'Object Repository/Stockbit/Bandarmology_Seller1' is: 'YP'

2024-01-22 17:47:43 - [MESSAGE][PASSED] - Text of object 'Object Repository/Stockbit/Bandarmology_Seller1' is: 'YP'

2024-01-22 17:47:43 - [TEST_STEP][PASSED] - strSellerVol1 = getText(findTestObject("Stockbit/Bandarmology_SellerVol1")): Text of object 'Object Repository/Stockbit/Bandarmology_SellerVol1' is: '18.2 K'

2024-01-22 17:47:43 - [MESSAGE][PASSED] - Text of object 'Object Repository/Stockbit/Bandarmology_SellerVol1' is: '18.2 K'

2024-01-22 17:47:43 - [TEST_STEP][PASSED] - strSellerAvg1 = getText(findTestObject("Stockbit/Bandarmology_SellerAvg1")): Text of object 'Object Repository/Stockbit/Bandarmology_SellerAvg1' is: '306'

2024-01-22 17:47:43 - [MESSAGE][PASSED] - Text of object 'Object Repository/Stockbit/Bandarmology_SellerAvg1' is: '306'

2024-01-22 17:47:43 - [TEST_STEP][PASSED] - if (strSellerAvg1.contains(",")): null

2024-01-22 17:47:43 - [TEST_STEP][PASSED] - if (strSellerVol1.contains(" B")): null

2024-01-22 17:47:43 - [TEST_STEP][PASSED] - else if (strSellerVol1.contains(" M")): null

2024-01-22 17:47:43 - [TEST_STEP][PASSED] - else if (strSellerVol1.contains(" K")): null

2024-01-22 17:47:43 - [TEST_STEP][PASSED] - strSellerVol1 = strSellerVol1.replace(" K", ""): null

2024-01-22 17:47:43 - [TEST_STEP][PASSED] - strSellerVol1 = strSellerVol1.toDouble() * 1000: null

2024-01-22 17:47:43 - [TEST_STEP][PASSED] - if (verifyElementNotPresent(findTestObject("Stockbit/Bandarmology_Buyer2"), 1, OPTIONAL)): Web element with id: 'Object Repository/Stockbit/Bandarmology_Buyer2' located by 'By.xpath: //*[contains(@id, 'rc-tabs-')]/div[2]/div/div/div/div/div/div[2]/table/tbody/tr[3]/td[1]/p' is present after '1' second(s) (Root cause: com.kms.katalon.core.exception.StepFailedException: Web element with id: 'Object Repository/Stockbit/Bandarmology_Buyer2' located by 'By.xpath: //*[contains(@id, 'rc-tabs-')]/div[2]/div/div/div/div/div/div[2]/table/tbody/tr[3]/td[1]/p' is present after '1' second(s)
	at com.kms.katalon.core.webui.keyword.internal.WebUIKeywordMain.stepFailed(WebUIKeywordMain.groovy:64)
	at com.kms.katalon.core.webui.keyword.internal.WebUIKeywordMain$stepFailed$0.call(Unknown Source)
	at com.kms.katalon.core.webui.keyword.builtin.VerifyElementNotPresentKeyword$_verifyElementNotPresent_closure1.doCall(VerifyElementNotPresentKeyword.groovy:106)
	at com.kms.katalon.core.webui.keyword.builtin.VerifyElementNotPresentKeyword$_verifyElementNotPresent_closure1.doCall(VerifyElementNotPresentKeyword.groovy)
	at com.kms.katalon.core.webui.keyword.internal.WebUIKeywordMain.runKeyword(WebUIKeywordMain.groovy:20)
	at com.kms.katalon.core.webui.keyword.internal.WebUIKeywordMain$runKeyword.call(Unknown Source)
	at com.kms.katalon.core.webui.keyword.builtin.VerifyElementNotPresentKeyword.verifyElementNotPresent(VerifyElementNotPresentKeyword.groovy:117)
	at com.kms.katalon.core.webui.keyword.builtin.VerifyElementNotPresentKeyword.execute(VerifyElementNotPresentKeyword.groovy:68)
	at com.kms.katalon.core.keyword.internal.KeywordExecutor.executeKeywordForPlatform(KeywordExecutor.groovy:74)
	at com.kms.katalon.core.webui.keyword.WebUiBuiltInKeywords.verifyElementNotPresent(WebUiBuiltInKeywords.groovy:1481)
	at com.kms.katalon.core.webui.keyword.WebUiBuiltInKeywords$verifyElementNotPresent$8.call(Unknown Source)
	at GetBrokSumPriceDaily.run(GetBrokSumPriceDaily:258)
	at com.kms.katalon.core.main.ScriptEngine.run(ScriptEngine.java:194)
	at com.kms.katalon.core.main.ScriptEngine.runScriptAsRawText(ScriptEngine.java:119)
	at com.kms.katalon.core.main.TestCaseExecutor.runScript(TestCaseExecutor.java:445)
	at com.kms.katalon.core.main.TestCaseExecutor.doExecute(TestCaseExecutor.java:436)
	at com.kms.katalon.core.main.TestCaseExecutor.processExecutionPhase(TestCaseExecutor.java:415)
	at com.kms.katalon.core.main.TestCaseExecutor.accessMainPhase(TestCaseExecutor.java:407)
	at com.kms.katalon.core.main.TestCaseExecutor.execute(TestCaseExecutor.java:284)
	at com.kms.katalon.core.common.CommonExecutor.accessTestCaseMainPhase(CommonExecutor.java:65)
	at com.kms.katalon.core.main.TestSuiteExecutor.accessTestSuiteMainPhase(TestSuiteExecutor.java:144)
	at com.kms.katalon.core.main.TestSuiteExecutor.execute(TestSuiteExecutor.java:106)
	at com.kms.katalon.core.main.TestCaseMain.startTestSuite(TestCaseMain.java:185)
	at com.kms.katalon.core.main.TestCaseMain$startTestSuite$0.call(Unknown Source)
	at TempTestSuite1705920083951.run(TempTestSuite1705920083951.groovy:36)
)

2024-01-22 17:47:44 - [MESSAGE][WARNING] - Web element with id: 'Object Repository/Stockbit/Bandarmology_Buyer2' located by 'By.xpath: //*[contains(@id, 'rc-tabs-')]/div[2]/div/div/div/div/div/div[2]/table/tbody/tr[3]/td[1]/p' is present after '1' second(s) (Root cause: com.kms.katalon.core.exception.StepFailedException: Web element with id: 'Object Repository/Stockbit/Bandarmology_Buyer2' located by 'By.xpath: //*[contains(@id, 'rc-tabs-')]/div[2]/div/div/div/div/div/div[2]/table/tbody/tr[3]/td[1]/p' is present after '1' second(s)
	at com.kms.katalon.core.webui.keyword.internal.WebUIKeywordMain.stepFailed(WebUIKeywordMain.groovy:64)
	at com.kms.katalon.core.webui.keyword.internal.WebUIKeywordMain$stepFailed$0.call(Unknown Source)
	at com.kms.katalon.core.webui.keyword.builtin.VerifyElementNotPresentKeyword$_verifyElementNotPresent_closure1.doCall(VerifyElementNotPresentKeyword.groovy:106)
	at com.kms.katalon.core.webui.keyword.builtin.VerifyElementNotPresentKeyword$_verifyElementNotPresent_closure1.doCall(VerifyElementNotPresentKeyword.groovy)
	at com.kms.katalon.core.webui.keyword.internal.WebUIKeywordMain.runKeyword(WebUIKeywordMain.groovy:20)
	at com.kms.katalon.core.webui.keyword.internal.WebUIKeywordMain$runKeyword.call(Unknown Source)
	at com.kms.katalon.core.webui.keyword.builtin.VerifyElementNotPresentKeyword.verifyElementNotPresent(VerifyElementNotPresentKeyword.groovy:117)
	at com.kms.katalon.core.webui.keyword.builtin.VerifyElementNotPresentKeyword.execute(VerifyElementNotPresentKeyword.groovy:68)
	at com.kms.katalon.core.keyword.internal.KeywordExecutor.executeKeywordForPlatform(KeywordExecutor.groovy:74)
	at com.kms.katalon.core.webui.keyword.WebUiBuiltInKeywords.verifyElementNotPresent(WebUiBuiltInKeywords.groovy:1481)
	at com.kms.katalon.core.webui.keyword.WebUiBuiltInKeywords$verifyElementNotPresent$8.call(Unknown Source)
	at GetBrokSumPriceDaily.run(GetBrokSumPriceDaily:258)
	at com.kms.katalon.core.main.ScriptEngine.run(ScriptEngine.java:194)
	at com.kms.katalon.core.main.ScriptEngine.runScriptAsRawText(ScriptEngine.java:119)
	at com.kms.katalon.core.main.TestCaseExecutor.runScript(TestCaseExecutor.java:445)
	at com.kms.katalon.core.main.TestCaseExecutor.doExecute(TestCaseExecutor.java:436)
	at com.kms.katalon.core.main.TestCaseExecutor.processExecutionPhase(TestCaseExecutor.java:415)
	at com.kms.katalon.core.main.TestCaseExecutor.accessMainPhase(TestCaseExecutor.java:407)
	at com.kms.katalon.core.main.TestCaseExecutor.execute(TestCaseExecutor.java:284)
	at com.kms.katalon.core.common.CommonExecutor.accessTestCaseMainPhase(CommonExecutor.java:65)
	at com.kms.katalon.core.main.TestSuiteExecutor.accessTestSuiteMainPhase(TestSuiteExecutor.java:144)
	at com.kms.katalon.core.main.TestSuiteExecutor.execute(TestSuiteExecutor.java:106)
	at com.kms.katalon.core.main.TestCaseMain.startTestSuite(TestCaseMain.java:185)
	at com.kms.katalon.core.main.TestCaseMain$startTestSuite$0.call(Unknown Source)
	at TempTestSuite1705920083951.run(TempTestSuite1705920083951.groovy:36)
)
[[ATTACHMENT|C:\\Users\\Fadli\\git\\KatalonDailyGetData2\\Reports\\20240122_174123\\TS1\\20240122_174123\\1705920464663.png]]

2024-01-22 17:47:44 - [TEST_STEP][PASSED] - else: null

2024-01-22 17:47:44 - [TEST_STEP][PASSED] - strBuyer2 = getText(findTestObject("Stockbit/Bandarmology_Buyer2")): Text of object 'Object Repository/Stockbit/Bandarmology_Buyer2' is: 'AK'

2024-01-22 17:47:44 - [MESSAGE][PASSED] - Text of object 'Object Repository/Stockbit/Bandarmology_Buyer2' is: 'AK'

2024-01-22 17:47:44 - [TEST_STEP][PASSED] - strBuyerVol2 = getText(findTestObject("Stockbit/Bandarmology_BuyerVol2")): Text of object 'Object Repository/Stockbit/Bandarmology_BuyerVol2' is: '9.3 K'

2024-01-22 17:47:45 - [MESSAGE][PASSED] - Text of object 'Object Repository/Stockbit/Bandarmology_BuyerVol2' is: '9.3 K'

2024-01-22 17:47:45 - [TEST_STEP][PASSED] - strBuyerAvg2 = getText(findTestObject("Stockbit/Bandarmology_BuyerAvg2")): Text of object 'Object Repository/Stockbit/Bandarmology_BuyerAvg2' is: '310'

2024-01-22 17:47:45 - [MESSAGE][PASSED] - Text of object 'Object Repository/Stockbit/Bandarmology_BuyerAvg2' is: '310'

2024-01-22 17:47:45 - [TEST_STEP][PASSED] - if (strBuyer2 != ""): null

2024-01-22 17:47:45 - [TEST_STEP][PASSED] - if (strBuyerAvg2.contains(",")): null

2024-01-22 17:47:45 - [TEST_STEP][PASSED] - if (strBuyerVol2.contains(" B")): null

2024-01-22 17:47:45 - [TEST_STEP][PASSED] - else if (strBuyerVol2.contains(" M")): null

2024-01-22 17:47:45 - [TEST_STEP][PASSED] - else if (strBuyerVol2.contains(" K")): null

2024-01-22 17:47:45 - [TEST_STEP][PASSED] - strBuyerVol2 = strBuyerVol2.replace(" K", ""): null

2024-01-22 17:47:45 - [TEST_STEP][PASSED] - strBuyerVol2 = strBuyerVol2.toDouble() * 1000: null

2024-01-22 17:47:45 - [TEST_STEP][PASSED] - if (strBuyerVol2.contains(".")): null

2024-01-22 17:47:45 - [TEST_STEP][PASSED] - strBuyerVal2 = strBuyerVol2.replace(".", ""): null

2024-01-22 17:47:45 - [TEST_STEP][PASSED] - if (verifyElementNotPresent(findTestObject("Stockbit/Bandarmology_Seller2"), 1, OPTIONAL)): Web element with id: 'Object Repository/Stockbit/Bandarmology_Seller2' located by 'By.xpath: //*[contains(@id, 'rc-tabs-')]/div[2]/div/div/div/div/div/div[2]/table/tbody/tr[3]/td[5]/p' is present after '1' second(s) (Root cause: com.kms.katalon.core.exception.StepFailedException: Web element with id: 'Object Repository/Stockbit/Bandarmology_Seller2' located by 'By.xpath: //*[contains(@id, 'rc-tabs-')]/div[2]/div/div/div/div/div/div[2]/table/tbody/tr[3]/td[5]/p' is present after '1' second(s)
	at com.kms.katalon.core.webui.keyword.internal.WebUIKeywordMain.stepFailed(WebUIKeywordMain.groovy:64)
	at com.kms.katalon.core.webui.keyword.internal.WebUIKeywordMain$stepFailed$0.call(Unknown Source)
	at com.kms.katalon.core.webui.keyword.builtin.VerifyElementNotPresentKeyword$_verifyElementNotPresent_closure1.doCall(VerifyElementNotPresentKeyword.groovy:106)
	at com.kms.katalon.core.webui.keyword.builtin.VerifyElementNotPresentKeyword$_verifyElementNotPresent_closure1.doCall(VerifyElementNotPresentKeyword.groovy)
	at com.kms.katalon.core.webui.keyword.internal.WebUIKeywordMain.runKeyword(WebUIKeywordMain.groovy:20)
	at com.kms.katalon.core.webui.keyword.internal.WebUIKeywordMain$runKeyword.call(Unknown Source)
	at com.kms.katalon.core.webui.keyword.builtin.VerifyElementNotPresentKeyword.verifyElementNotPresent(VerifyElementNotPresentKeyword.groovy:117)
	at com.kms.katalon.core.webui.keyword.builtin.VerifyElementNotPresentKeyword.execute(VerifyElementNotPresentKeyword.groovy:68)
	at com.kms.katalon.core.keyword.internal.KeywordExecutor.executeKeywordForPlatform(KeywordExecutor.groovy:74)
	at com.kms.katalon.core.webui.keyword.WebUiBuiltInKeywords.verifyElementNotPresent(WebUiBuiltInKeywords.groovy:1481)
	at com.kms.katalon.core.webui.keyword.WebUiBuiltInKeywords$verifyElementNotPresent$8.call(Unknown Source)
	at GetBrokSumPriceDaily.run(GetBrokSumPriceDaily:309)
	at com.kms.katalon.core.main.ScriptEngine.run(ScriptEngine.java:194)
	at com.kms.katalon.core.main.ScriptEngine.runScriptAsRawText(ScriptEngine.java:119)
	at com.kms.katalon.core.main.TestCaseExecutor.runScript(TestCaseExecutor.java:445)
	at com.kms.katalon.core.main.TestCaseExecutor.doExecute(TestCaseExecutor.java:436)
	at com.kms.katalon.core.main.TestCaseExecutor.processExecutionPhase(TestCaseExecutor.java:415)
	at com.kms.katalon.core.main.TestCaseExecutor.accessMainPhase(TestCaseExecutor.java:407)
	at com.kms.katalon.core.main.TestCaseExecutor.execute(TestCaseExecutor.java:284)
	at com.kms.katalon.core.common.CommonExecutor.accessTestCaseMainPhase(CommonExecutor.java:65)
	at com.kms.katalon.core.main.TestSuiteExecutor.accessTestSuiteMainPhase(TestSuiteExecutor.java:144)
	at com.kms.katalon.core.main.TestSuiteExecutor.execute(TestSuiteExecutor.java:106)
	at com.kms.katalon.core.main.TestCaseMain.startTestSuite(TestCaseMain.java:185)
	at com.kms.katalon.core.main.TestCaseMain$startTestSuite$0.call(Unknown Source)
	at TempTestSuite1705920083951.run(TempTestSuite1705920083951.groovy:36)
)

2024-01-22 17:47:46 - [MESSAGE][WARNING] - Web element with id: 'Object Repository/Stockbit/Bandarmology_Seller2' located by 'By.xpath: //*[contains(@id, 'rc-tabs-')]/div[2]/div/div/div/div/div/div[2]/table/tbody/tr[3]/td[5]/p' is present after '1' second(s) (Root cause: com.kms.katalon.core.exception.StepFailedException: Web element with id: 'Object Repository/Stockbit/Bandarmology_Seller2' located by 'By.xpath: //*[contains(@id, 'rc-tabs-')]/div[2]/div/div/div/div/div/div[2]/table/tbody/tr[3]/td[5]/p' is present after '1' second(s)
	at com.kms.katalon.core.webui.keyword.internal.WebUIKeywordMain.stepFailed(WebUIKeywordMain.groovy:64)
	at com.kms.katalon.core.webui.keyword.internal.WebUIKeywordMain$stepFailed$0.call(Unknown Source)
	at com.kms.katalon.core.webui.keyword.builtin.VerifyElementNotPresentKeyword$_verifyElementNotPresent_closure1.doCall(VerifyElementNotPresentKeyword.groovy:106)
	at com.kms.katalon.core.webui.keyword.builtin.VerifyElementNotPresentKeyword$_verifyElementNotPresent_closure1.doCall(VerifyElementNotPresentKeyword.groovy)
	at com.kms.katalon.core.webui.keyword.internal.WebUIKeywordMain.runKeyword(WebUIKeywordMain.groovy:20)
	at com.kms.katalon.core.webui.keyword.internal.WebUIKeywordMain$runKeyword.call(Unknown Source)
	at com.kms.katalon.core.webui.keyword.builtin.VerifyElementNotPresentKeyword.verifyElementNotPresent(VerifyElementNotPresentKeyword.groovy:117)
	at com.kms.katalon.core.webui.keyword.builtin.VerifyElementNotPresentKeyword.execute(VerifyElementNotPresentKeyword.groovy:68)
	at com.kms.katalon.core.keyword.internal.KeywordExecutor.executeKeywordForPlatform(KeywordExecutor.groovy:74)
	at com.kms.katalon.core.webui.keyword.WebUiBuiltInKeywords.verifyElementNotPresent(WebUiBuiltInKeywords.groovy:1481)
	at com.kms.katalon.core.webui.keyword.WebUiBuiltInKeywords$verifyElementNotPresent$8.call(Unknown Source)
	at GetBrokSumPriceDaily.run(GetBrokSumPriceDaily:309)
	at com.kms.katalon.core.main.ScriptEngine.run(ScriptEngine.java:194)
	at com.kms.katalon.core.main.ScriptEngine.runScriptAsRawText(ScriptEngine.java:119)
	at com.kms.katalon.core.main.TestCaseExecutor.runScript(TestCaseExecutor.java:445)
	at com.kms.katalon.core.main.TestCaseExecutor.doExecute(TestCaseExecutor.java:436)
	at com.kms.katalon.core.main.TestCaseExecutor.processExecutionPhase(TestCaseExecutor.java:415)
	at com.kms.katalon.core.main.TestCaseExecutor.accessMainPhase(TestCaseExecutor.java:407)
	at com.kms.katalon.core.main.TestCaseExecutor.execute(TestCaseExecutor.java:284)
	at com.kms.katalon.core.common.CommonExecutor.accessTestCaseMainPhase(CommonExecutor.java:65)
	at com.kms.katalon.core.main.TestSuiteExecutor.accessTestSuiteMainPhase(TestSuiteExecutor.java:144)
	at com.kms.katalon.core.main.TestSuiteExecutor.execute(TestSuiteExecutor.java:106)
	at com.kms.katalon.core.main.TestCaseMain.startTestSuite(TestCaseMain.java:185)
	at com.kms.katalon.core.main.TestCaseMain$startTestSuite$0.call(Unknown Source)
	at TempTestSuite1705920083951.run(TempTestSuite1705920083951.groovy:36)
)
[[ATTACHMENT|C:\\Users\\Fadli\\git\\KatalonDailyGetData2\\Reports\\20240122_174123\\TS1\\20240122_174123\\1705920466386.png]]

2024-01-22 17:47:46 - [TEST_STEP][PASSED] - else: null

2024-01-22 17:47:46 - [TEST_STEP][PASSED] - strSeller2 = getText(findTestObject("Stockbit/Bandarmology_Seller2")): Text of object 'Object Repository/Stockbit/Bandarmology_Seller2' is: 'NI'

2024-01-22 17:47:46 - [MESSAGE][PASSED] - Text of object 'Object Repository/Stockbit/Bandarmology_Seller2' is: 'NI'

2024-01-22 17:47:46 - [TEST_STEP][PASSED] - strSellerVol2 = getText(findTestObject("Stockbit/Bandarmology_SellerVol2")): Text of object 'Object Repository/Stockbit/Bandarmology_SellerVol2' is: '4.9 K'

2024-01-22 17:47:46 - [MESSAGE][PASSED] - Text of object 'Object Repository/Stockbit/Bandarmology_SellerVol2' is: '4.9 K'

2024-01-22 17:47:46 - [TEST_STEP][PASSED] - strSellerAvg2 = getText(findTestObject("Stockbit/Bandarmology_SellerAvg2")): Text of object 'Object Repository/Stockbit/Bandarmology_SellerAvg2' is: '308'

2024-01-22 17:47:46 - [MESSAGE][PASSED] - Text of object 'Object Repository/Stockbit/Bandarmology_SellerAvg2' is: '308'

2024-01-22 17:47:46 - [TEST_STEP][PASSED] - if (strSeller2 != ""): null

2024-01-22 17:47:46 - [TEST_STEP][PASSED] - if (strSellerAvg2.contains(",")): null

2024-01-22 17:47:46 - [TEST_STEP][PASSED] - if (strSellerVol2.contains(" B")): null

2024-01-22 17:47:46 - [TEST_STEP][PASSED] - else if (strSellerVol2.contains(" M")): null

2024-01-22 17:47:46 - [TEST_STEP][PASSED] - else if (strSellerVol2.contains(" K")): null

2024-01-22 17:47:46 - [TEST_STEP][PASSED] - strSellerVol2 = strSellerVol2.replace(" K", ""): null

2024-01-22 17:47:46 - [TEST_STEP][PASSED] - strSellerVol2 = strSellerVol2.toDouble() * 1000: null

2024-01-22 17:47:46 - [TEST_STEP][PASSED] - if (verifyElementNotPresent(findTestObject("Stockbit/Bandarmology_Buyer3"), 1, OPTIONAL)): Web element with id: 'Object Repository/Stockbit/Bandarmology_Buyer3' located by 'By.xpath: //*[contains(@id, 'rc-tabs-')]/div[2]/div/div/div/div/div/div[2]/table/tbody/tr[4]/td[1]/p' is present after '1' second(s) (Root cause: com.kms.katalon.core.exception.StepFailedException: Web element with id: 'Object Repository/Stockbit/Bandarmology_Buyer3' located by 'By.xpath: //*[contains(@id, 'rc-tabs-')]/div[2]/div/div/div/div/div/div[2]/table/tbody/tr[4]/td[1]/p' is present after '1' second(s)
	at com.kms.katalon.core.webui.keyword.internal.WebUIKeywordMain.stepFailed(WebUIKeywordMain.groovy:64)
	at com.kms.katalon.core.webui.keyword.internal.WebUIKeywordMain$stepFailed$0.call(Unknown Source)
	at com.kms.katalon.core.webui.keyword.builtin.VerifyElementNotPresentKeyword$_verifyElementNotPresent_closure1.doCall(VerifyElementNotPresentKeyword.groovy:106)
	at com.kms.katalon.core.webui.keyword.builtin.VerifyElementNotPresentKeyword$_verifyElementNotPresent_closure1.doCall(VerifyElementNotPresentKeyword.groovy)
	at com.kms.katalon.core.webui.keyword.internal.WebUIKeywordMain.runKeyword(WebUIKeywordMain.groovy:20)
	at com.kms.katalon.core.webui.keyword.internal.WebUIKeywordMain$runKeyword.call(Unknown Source)
	at com.kms.katalon.core.webui.keyword.builtin.VerifyElementNotPresentKeyword.verifyElementNotPresent(VerifyElementNotPresentKeyword.groovy:117)
	at com.kms.katalon.core.webui.keyword.builtin.VerifyElementNotPresentKeyword.execute(VerifyElementNotPresentKeyword.groovy:68)
	at com.kms.katalon.core.keyword.internal.KeywordExecutor.executeKeywordForPlatform(KeywordExecutor.groovy:74)
	at com.kms.katalon.core.webui.keyword.WebUiBuiltInKeywords.verifyElementNotPresent(WebUiBuiltInKeywords.groovy:1481)
	at com.kms.katalon.core.webui.keyword.WebUiBuiltInKeywords$verifyElementNotPresent$8.call(Unknown Source)
	at GetBrokSumPriceDaily.run(GetBrokSumPriceDaily:361)
	at com.kms.katalon.core.main.ScriptEngine.run(ScriptEngine.java:194)
	at com.kms.katalon.core.main.ScriptEngine.runScriptAsRawText(ScriptEngine.java:119)
	at com.kms.katalon.core.main.TestCaseExecutor.runScript(TestCaseExecutor.java:445)
	at com.kms.katalon.core.main.TestCaseExecutor.doExecute(TestCaseExecutor.java:436)
	at com.kms.katalon.core.main.TestCaseExecutor.processExecutionPhase(TestCaseExecutor.java:415)
	at com.kms.katalon.core.main.TestCaseExecutor.accessMainPhase(TestCaseExecutor.java:407)
	at com.kms.katalon.core.main.TestCaseExecutor.execute(TestCaseExecutor.java:284)
	at com.kms.katalon.core.common.CommonExecutor.accessTestCaseMainPhase(CommonExecutor.java:65)
	at com.kms.katalon.core.main.TestSuiteExecutor.accessTestSuiteMainPhase(TestSuiteExecutor.java:144)
	at com.kms.katalon.core.main.TestSuiteExecutor.execute(TestSuiteExecutor.java:106)
	at com.kms.katalon.core.main.TestCaseMain.startTestSuite(TestCaseMain.java:185)
	at com.kms.katalon.core.main.TestCaseMain$startTestSuite$0.call(Unknown Source)
	at TempTestSuite1705920083951.run(TempTestSuite1705920083951.groovy:36)
)

2024-01-22 17:47:48 - [MESSAGE][WARNING] - Web element with id: 'Object Repository/Stockbit/Bandarmology_Buyer3' located by 'By.xpath: //*[contains(@id, 'rc-tabs-')]/div[2]/div/div/div/div/div/div[2]/table/tbody/tr[4]/td[1]/p' is present after '1' second(s) (Root cause: com.kms.katalon.core.exception.StepFailedException: Web element with id: 'Object Repository/Stockbit/Bandarmology_Buyer3' located by 'By.xpath: //*[contains(@id, 'rc-tabs-')]/div[2]/div/div/div/div/div/div[2]/table/tbody/tr[4]/td[1]/p' is present after '1' second(s)
	at com.kms.katalon.core.webui.keyword.internal.WebUIKeywordMain.stepFailed(WebUIKeywordMain.groovy:64)
	at com.kms.katalon.core.webui.keyword.internal.WebUIKeywordMain$stepFailed$0.call(Unknown Source)
	at com.kms.katalon.core.webui.keyword.builtin.VerifyElementNotPresentKeyword$_verifyElementNotPresent_closure1.doCall(VerifyElementNotPresentKeyword.groovy:106)
	at com.kms.katalon.core.webui.keyword.builtin.VerifyElementNotPresentKeyword$_verifyElementNotPresent_closure1.doCall(VerifyElementNotPresentKeyword.groovy)
	at com.kms.katalon.core.webui.keyword.internal.WebUIKeywordMain.runKeyword(WebUIKeywordMain.groovy:20)
	at com.kms.katalon.core.webui.keyword.internal.WebUIKeywordMain$runKeyword.call(Unknown Source)
	at com.kms.katalon.core.webui.keyword.builtin.VerifyElementNotPresentKeyword.verifyElementNotPresent(VerifyElementNotPresentKeyword.groovy:117)
	at com.kms.katalon.core.webui.keyword.builtin.VerifyElementNotPresentKeyword.execute(VerifyElementNotPresentKeyword.groovy:68)
	at com.kms.katalon.core.keyword.internal.KeywordExecutor.executeKeywordForPlatform(KeywordExecutor.groovy:74)
	at com.kms.katalon.core.webui.keyword.WebUiBuiltInKeywords.verifyElementNotPresent(WebUiBuiltInKeywords.groovy:1481)
	at com.kms.katalon.core.webui.keyword.WebUiBuiltInKeywords$verifyElementNotPresent$8.call(Unknown Source)
	at GetBrokSumPriceDaily.run(GetBrokSumPriceDaily:361)
	at com.kms.katalon.core.main.ScriptEngine.run(ScriptEngine.java:194)
	at com.kms.katalon.core.main.ScriptEngine.runScriptAsRawText(ScriptEngine.java:119)
	at com.kms.katalon.core.main.TestCaseExecutor.runScript(TestCaseExecutor.java:445)
	at com.kms.katalon.core.main.TestCaseExecutor.doExecute(TestCaseExecutor.java:436)
	at com.kms.katalon.core.main.TestCaseExecutor.processExecutionPhase(TestCaseExecutor.java:415)
	at com.kms.katalon.core.main.TestCaseExecutor.accessMainPhase(TestCaseExecutor.java:407)
	at com.kms.katalon.core.main.TestCaseExecutor.execute(TestCaseExecutor.java:284)
	at com.kms.katalon.core.common.CommonExecutor.accessTestCaseMainPhase(CommonExecutor.java:65)
	at com.kms.katalon.core.main.TestSuiteExecutor.accessTestSuiteMainPhase(TestSuiteExecutor.java:144)
	at com.kms.katalon.core.main.TestSuiteExecutor.execute(TestSuiteExecutor.java:106)
	at com.kms.katalon.core.main.TestCaseMain.startTestSuite(TestCaseMain.java:185)
	at com.kms.katalon.core.main.TestCaseMain$startTestSuite$0.call(Unknown Source)
	at TempTestSuite1705920083951.run(TempTestSuite1705920083951.groovy:36)
)
[[ATTACHMENT|C:\\Users\\Fadli\\git\\KatalonDailyGetData2\\Reports\\20240122_174123\\TS1\\20240122_174123\\1705920468130.png]]

2024-01-22 17:47:48 - [TEST_STEP][PASSED] - else: null

2024-01-22 17:47:48 - [TEST_STEP][PASSED] - strBuyer3 = getText(findTestObject("Stockbit/Bandarmology_Buyer3")): Text of object 'Object Repository/Stockbit/Bandarmology_Buyer3' is: 'GR'

2024-01-22 17:47:48 - [MESSAGE][PASSED] - Text of object 'Object Repository/Stockbit/Bandarmology_Buyer3' is: 'GR'

2024-01-22 17:47:48 - [TEST_STEP][PASSED] - strBuyerVol3 = getText(findTestObject("Stockbit/Bandarmology_BuyerVol3")): Text of object 'Object Repository/Stockbit/Bandarmology_BuyerVol3' is: '2.9 K'

2024-01-22 17:47:48 - [MESSAGE][PASSED] - Text of object 'Object Repository/Stockbit/Bandarmology_BuyerVol3' is: '2.9 K'

2024-01-22 17:47:48 - [TEST_STEP][PASSED] - strBuyerAvg3 = getText(findTestObject("Stockbit/Bandarmology_BuyerAvg3")): Text of object 'Object Repository/Stockbit/Bandarmology_BuyerAvg3' is: '309'

2024-01-22 17:47:48 - [MESSAGE][PASSED] - Text of object 'Object Repository/Stockbit/Bandarmology_BuyerAvg3' is: '309'

2024-01-22 17:47:48 - [TEST_STEP][PASSED] - if (strBuyer3 != ""): null

2024-01-22 17:47:48 - [TEST_STEP][PASSED] - if (strBuyerAvg3.contains(",")): null

2024-01-22 17:47:48 - [TEST_STEP][PASSED] - if (strBuyerVol3.contains(" B")): null

2024-01-22 17:47:48 - [TEST_STEP][PASSED] - else if (strBuyerVol3.contains(" M")): null

2024-01-22 17:47:48 - [TEST_STEP][PASSED] - else if (strBuyerVol3.contains(" K")): null

2024-01-22 17:47:48 - [TEST_STEP][PASSED] - strBuyerVol3 = strBuyerVol3.replace(" K", ""): null

2024-01-22 17:47:48 - [TEST_STEP][PASSED] - strBuyerVol3 = strBuyerVol3.toDouble() * 1000: null

2024-01-22 17:47:48 - [TEST_STEP][PASSED] - if (verifyElementNotPresent(findTestObject("Stockbit/Bandarmology_Seller3"), 1, OPTIONAL)): Web element with id: 'Object Repository/Stockbit/Bandarmology_Seller3' located by 'By.xpath: //*[contains(@id, 'rc-tabs-')]/div[2]/div/div/div/div/div/div[2]/table/tbody/tr[4]/td[5]/p' is present after '1' second(s) (Root cause: com.kms.katalon.core.exception.StepFailedException: Web element with id: 'Object Repository/Stockbit/Bandarmology_Seller3' located by 'By.xpath: //*[contains(@id, 'rc-tabs-')]/div[2]/div/div/div/div/div/div[2]/table/tbody/tr[4]/td[5]/p' is present after '1' second(s)
	at com.kms.katalon.core.webui.keyword.internal.WebUIKeywordMain.stepFailed(WebUIKeywordMain.groovy:64)
	at com.kms.katalon.core.webui.keyword.internal.WebUIKeywordMain$stepFailed$0.call(Unknown Source)
	at com.kms.katalon.core.webui.keyword.builtin.VerifyElementNotPresentKeyword$_verifyElementNotPresent_closure1.doCall(VerifyElementNotPresentKeyword.groovy:106)
	at com.kms.katalon.core.webui.keyword.builtin.VerifyElementNotPresentKeyword$_verifyElementNotPresent_closure1.doCall(VerifyElementNotPresentKeyword.groovy)
	at com.kms.katalon.core.webui.keyword.internal.WebUIKeywordMain.runKeyword(WebUIKeywordMain.groovy:20)
	at com.kms.katalon.core.webui.keyword.internal.WebUIKeywordMain$runKeyword.call(Unknown Source)
	at com.kms.katalon.core.webui.keyword.builtin.VerifyElementNotPresentKeyword.verifyElementNotPresent(VerifyElementNotPresentKeyword.groovy:117)
	at com.kms.katalon.core.webui.keyword.builtin.VerifyElementNotPresentKeyword.execute(VerifyElementNotPresentKeyword.groovy:68)
	at com.kms.katalon.core.keyword.internal.KeywordExecutor.executeKeywordForPlatform(KeywordExecutor.groovy:74)
	at com.kms.katalon.core.webui.keyword.WebUiBuiltInKeywords.verifyElementNotPresent(WebUiBuiltInKeywords.groovy:1481)
	at com.kms.katalon.core.webui.keyword.WebUiBuiltInKeywords$verifyElementNotPresent$8.call(Unknown Source)
	at GetBrokSumPriceDaily.run(GetBrokSumPriceDaily:414)
	at com.kms.katalon.core.main.ScriptEngine.run(ScriptEngine.java:194)
	at com.kms.katalon.core.main.ScriptEngine.runScriptAsRawText(ScriptEngine.java:119)
	at com.kms.katalon.core.main.TestCaseExecutor.runScript(TestCaseExecutor.java:445)
	at com.kms.katalon.core.main.TestCaseExecutor.doExecute(TestCaseExecutor.java:436)
	at com.kms.katalon.core.main.TestCaseExecutor.processExecutionPhase(TestCaseExecutor.java:415)
	at com.kms.katalon.core.main.TestCaseExecutor.accessMainPhase(TestCaseExecutor.java:407)
	at com.kms.katalon.core.main.TestCaseExecutor.execute(TestCaseExecutor.java:284)
	at com.kms.katalon.core.common.CommonExecutor.accessTestCaseMainPhase(CommonExecutor.java:65)
	at com.kms.katalon.core.main.TestSuiteExecutor.accessTestSuiteMainPhase(TestSuiteExecutor.java:144)
	at com.kms.katalon.core.main.TestSuiteExecutor.execute(TestSuiteExecutor.java:106)
	at com.kms.katalon.core.main.TestCaseMain.startTestSuite(TestCaseMain.java:185)
	at com.kms.katalon.core.main.TestCaseMain$startTestSuite$0.call(Unknown Source)
	at TempTestSuite1705920083951.run(TempTestSuite1705920083951.groovy:36)
)

2024-01-22 17:47:50 - [MESSAGE][WARNING] - Web element with id: 'Object Repository/Stockbit/Bandarmology_Seller3' located by 'By.xpath: //*[contains(@id, 'rc-tabs-')]/div[2]/div/div/div/div/div/div[2]/table/tbody/tr[4]/td[5]/p' is present after '1' second(s) (Root cause: com.kms.katalon.core.exception.StepFailedException: Web element with id: 'Object Repository/Stockbit/Bandarmology_Seller3' located by 'By.xpath: //*[contains(@id, 'rc-tabs-')]/div[2]/div/div/div/div/div/div[2]/table/tbody/tr[4]/td[5]/p' is present after '1' second(s)
	at com.kms.katalon.core.webui.keyword.internal.WebUIKeywordMain.stepFailed(WebUIKeywordMain.groovy:64)
	at com.kms.katalon.core.webui.keyword.internal.WebUIKeywordMain$stepFailed$0.call(Unknown Source)
	at com.kms.katalon.core.webui.keyword.builtin.VerifyElementNotPresentKeyword$_verifyElementNotPresent_closure1.doCall(VerifyElementNotPresentKeyword.groovy:106)
	at com.kms.katalon.core.webui.keyword.builtin.VerifyElementNotPresentKeyword$_verifyElementNotPresent_closure1.doCall(VerifyElementNotPresentKeyword.groovy)
	at com.kms.katalon.core.webui.keyword.internal.WebUIKeywordMain.runKeyword(WebUIKeywordMain.groovy:20)
	at com.kms.katalon.core.webui.keyword.internal.WebUIKeywordMain$runKeyword.call(Unknown Source)
	at com.kms.katalon.core.webui.keyword.builtin.VerifyElementNotPresentKeyword.verifyElementNotPresent(VerifyElementNotPresentKeyword.groovy:117)
	at com.kms.katalon.core.webui.keyword.builtin.VerifyElementNotPresentKeyword.execute(VerifyElementNotPresentKeyword.groovy:68)
	at com.kms.katalon.core.keyword.internal.KeywordExecutor.executeKeywordForPlatform(KeywordExecutor.groovy:74)
	at com.kms.katalon.core.webui.keyword.WebUiBuiltInKeywords.verifyElementNotPresent(WebUiBuiltInKeywords.groovy:1481)
	at com.kms.katalon.core.webui.keyword.WebUiBuiltInKeywords$verifyElementNotPresent$8.call(Unknown Source)
	at GetBrokSumPriceDaily.run(GetBrokSumPriceDaily:414)
	at com.kms.katalon.core.main.ScriptEngine.run(ScriptEngine.java:194)
	at com.kms.katalon.core.main.ScriptEngine.runScriptAsRawText(ScriptEngine.java:119)
	at com.kms.katalon.core.main.TestCaseExecutor.runScript(TestCaseExecutor.java:445)
	at com.kms.katalon.core.main.TestCaseExecutor.doExecute(TestCaseExecutor.java:436)
	at com.kms.katalon.core.main.TestCaseExecutor.processExecutionPhase(TestCaseExecutor.java:415)
	at com.kms.katalon.core.main.TestCaseExecutor.accessMainPhase(TestCaseExecutor.java:407)
	at com.kms.katalon.core.main.TestCaseExecutor.execute(TestCaseExecutor.java:284)
	at com.kms.katalon.core.common.CommonExecutor.accessTestCaseMainPhase(CommonExecutor.java:65)
	at com.kms.katalon.core.main.TestSuiteExecutor.accessTestSuiteMainPhase(TestSuiteExecutor.java:144)
	at com.kms.katalon.core.main.TestSuiteExecutor.execute(TestSuiteExecutor.java:106)
	at com.kms.katalon.core.main.TestCaseMain.startTestSuite(TestCaseMain.java:185)
	at com.kms.katalon.core.main.TestCaseMain$startTestSuite$0.call(Unknown Source)
	at TempTestSuite1705920083951.run(TempTestSuite1705920083951.groovy:36)
)
[[ATTACHMENT|C:\\Users\\Fadli\\git\\KatalonDailyGetData2\\Reports\\20240122_174123\\TS1\\20240122_174123\\1705920469880.png]]

2024-01-22 17:47:50 - [TEST_STEP][PASSED] - else: null

2024-01-22 17:47:50 - [TEST_STEP][PASSED] - strSeller3 = getText(findTestObject("Stockbit/Bandarmology_Seller3")): Text of object 'Object Repository/Stockbit/Bandarmology_Seller3' is: 'MG'

2024-01-22 17:47:50 - [MESSAGE][PASSED] - Text of object 'Object Repository/Stockbit/Bandarmology_Seller3' is: 'MG'

2024-01-22 17:47:50 - [TEST_STEP][PASSED] - strSellerVol3 = getText(findTestObject("Stockbit/Bandarmology_SellerVol3")): Text of object 'Object Repository/Stockbit/Bandarmology_SellerVol3' is: '4.2 K'

2024-01-22 17:47:50 - [MESSAGE][PASSED] - Text of object 'Object Repository/Stockbit/Bandarmology_SellerVol3' is: '4.2 K'

2024-01-22 17:47:50 - [TEST_STEP][PASSED] - strSellerAvg3 = getText(findTestObject("Stockbit/Bandarmology_SellerAvg3")): Text of object 'Object Repository/Stockbit/Bandarmology_SellerAvg3' is: '303'

2024-01-22 17:47:50 - [MESSAGE][PASSED] - Text of object 'Object Repository/Stockbit/Bandarmology_SellerAvg3' is: '303'

2024-01-22 17:47:50 - [TEST_STEP][PASSED] - if (strSeller3 != ""): null

2024-01-22 17:47:50 - [TEST_STEP][PASSED] - if (strSellerAvg3.contains(",")): null

2024-01-22 17:47:50 - [TEST_STEP][PASSED] - if (strSellerVol3.contains(" B")): null

2024-01-22 17:47:50 - [TEST_STEP][PASSED] - else if (strSellerVol3.contains(" M")): null

2024-01-22 17:47:50 - [TEST_STEP][PASSED] - else if (strSellerVol3.contains(" K")): null

2024-01-22 17:47:50 - [TEST_STEP][PASSED] - strSellerVol3 = strSellerVol3.replace(" K", ""): null

2024-01-22 17:47:50 - [TEST_STEP][PASSED] - strSellerVol3 = strSellerVol3.toDouble() * 1000: null

2024-01-22 17:47:50 - [TEST_STEP][PASSED] - strAccDist = getText(findTestObject("Stockbit/Bandarmology_AccDist")): Text of object 'Object Repository/Stockbit/Bandarmology_AccDist' is: 'Acc'

2024-01-22 17:47:50 - [MESSAGE][PASSED] - Text of object 'Object Repository/Stockbit/Bandarmology_AccDist' is: 'Acc'

2024-01-22 17:47:50 - [TEST_STEP][PASSED] - strNetVol = getText(findTestObject("Stockbit/Bandarmology_NetVol")): Text of object 'Object Repository/Stockbit/Bandarmology_NetVol' is: '40,284'

2024-01-22 17:47:50 - [MESSAGE][PASSED] - Text of object 'Object Repository/Stockbit/Bandarmology_NetVol' is: '40,284'

2024-01-22 17:47:50 - [TEST_STEP][PASSED] - strNetVol = strNetVol.replace(",", ""): null

2024-01-22 17:47:50 - [TEST_STEP][PASSED] - strNetVal = getText(findTestObject("Stockbit/Bandarmology_NetVal")): Text of object 'Object Repository/Stockbit/Bandarmology_NetVal' is: '1.2 B'

2024-01-22 17:47:50 - [MESSAGE][PASSED] - Text of object 'Object Repository/Stockbit/Bandarmology_NetVal' is: '1.2 B'

2024-01-22 17:47:50 - [TEST_STEP][PASSED] - delay(3): Delayed 3 second(s)

2024-01-22 17:47:53 - [MESSAGE][PASSED] - Delayed 3 second(s)

2024-01-22 17:47:53 - [TEST_STEP][PASSED] - strOpenPrice = getText(findTestObject("Stockbit/Home_OpenPrice")): Text of object 'Object Repository/Stockbit/Home_OpenPrice' is: '310'

2024-01-22 17:47:53 - [MESSAGE][PASSED] - Text of object 'Object Repository/Stockbit/Home_OpenPrice' is: '310'

2024-01-22 17:47:53 - [TEST_STEP][PASSED] - strOpenPrice = strOpenPrice.replace(",", ""): null

2024-01-22 17:47:53 - [TEST_STEP][PASSED] - strLowPrice = getText(findTestObject("Stockbit/Home_LowPrice")): Text of object 'Object Repository/Stockbit/Home_LowPrice' is: '298'

2024-01-22 17:47:54 - [MESSAGE][PASSED] - Text of object 'Object Repository/Stockbit/Home_LowPrice' is: '298'

2024-01-22 17:47:54 - [TEST_STEP][PASSED] - strLowPrice = strLowPrice.replace(",", ""): null

2024-01-22 17:47:54 - [TEST_STEP][PASSED] - strHighPrice = getText(findTestObject("Stockbit/Home_HighPrice")): Text of object 'Object Repository/Stockbit/Home_HighPrice' is: '320'

2024-01-22 17:47:54 - [MESSAGE][PASSED] - Text of object 'Object Repository/Stockbit/Home_HighPrice' is: '320'

2024-01-22 17:47:54 - [TEST_STEP][PASSED] - strHighPrice = strHighPrice.replace(",", ""): null

2024-01-22 17:47:54 - [TEST_STEP][PASSED] - strClosePrice = getText(findTestObject("Stockbit/Home_ClosePrice")): Text of object 'Object Repository/Stockbit/Home_ClosePrice' is: '310'

2024-01-22 17:47:54 - [MESSAGE][PASSED] - Text of object 'Object Repository/Stockbit/Home_ClosePrice' is: '310'

2024-01-22 17:47:54 - [TEST_STEP][PASSED] - strClosePrice = strClosePrice.replace(",", ""): null

2024-01-22 17:47:54 - [TEST_STEP][PASSED] - strVol = getText(findTestObject("Stockbit/Home_Volume")): Text of object 'Object Repository/Stockbit/Home_Volume' is: '114 K'

2024-01-22 17:47:54 - [MESSAGE][PASSED] - Text of object 'Object Repository/Stockbit/Home_Volume' is: '114 K'

2024-01-22 17:47:54 - [TEST_STEP][PASSED] - if (strVol.contains(" K")): null

2024-01-22 17:47:54 - [TEST_STEP][PASSED] - strVol = strVol.replace(" K", "000"): null

2024-01-22 17:47:54 - [TEST_STEP][PASSED] - if (strVol.contains(",")): null

2024-01-22 17:47:54 - [TEST_STEP][PASSED] - strChange = getText(findTestObject("Stockbit/Home_Change")): Text of object 'Object Repository/Stockbit/Home_Change' is: '0.65%'

2024-01-22 17:47:54 - [MESSAGE][PASSED] - Text of object 'Object Repository/Stockbit/Home_Change' is: '0.65%'

2024-01-22 17:47:54 - [TEST_STEP][PASSED] - strChange = strChange.replace("%", ""): null

2024-01-22 17:47:54 - [TEST_STEP][PASSED] - strFreq = getText(findTestObject("Stockbit/Home_Freq")): Text of object 'Object Repository/Stockbit/Home_Freq' is: '1,860'

2024-01-22 17:47:54 - [MESSAGE][PASSED] - Text of object 'Object Repository/Stockbit/Home_Freq' is: '1,860'

2024-01-22 17:47:54 - [TEST_STEP][PASSED] - if (strFreq.contains(",")): null

2024-01-22 17:47:54 - [TEST_STEP][PASSED] - strFreq = strFreq.replace(",", ""): null

2024-01-22 17:47:54 - [TEST_STEP][PASSED] - if (strFreq == "NA" || strFreq == ""): null

2024-01-22 17:47:54 - [TEST_STEP][PASSED] - else: null

2024-01-22 17:47:54 - [TEST_STEP][PASSED] - dblFreqAnal = strVol.toDouble() / strFreq.toDouble() * strFreq.toDouble() * strFreq.toDouble() * 100000000: null

2024-01-22 17:47:54 - [TEST_STEP][PASSED] - strFreqAnal = String.format("%.4f", dblFreqAnal): null

2024-01-22 17:47:54 - [TEST_STEP][PASSED] - out.println("Double strFreqAnal: " + strFreqAnal): null

2024-01-22 17:47:54 - [TEST_STEP][PASSED] - strTanggal = d.format(DateTimeFormatter.ofPattern("yyyy-MM-dd")): null

2024-01-22 17:47:54 - [TEST_STEP][PASSED] - strTanggal = "#" + strTanggal + "#": null

2024-01-22 17:47:54 - [TEST_STEP][PASSED] - strSQL = "select count(*) as JumBaris from TblBrokSum where Nama = '" + strNama + "' and Tanggal = " + strTanggal + "": null

2024-01-22 17:47:54 - [TEST_STEP][PASSED] - resultSet = statement.executeQuery(strSQL): null

2024-01-22 17:47:54 - [TEST_STEP][PASSED] - resultSet.next(): null

2024-01-22 17:47:54 - [TEST_STEP][PASSED] - intJumBaris = resultSet.getInt("JumBaris"): null

2024-01-22 17:47:54 - [TEST_STEP][PASSED] - if (intJumBaris > 0): null

2024-01-22 17:47:54 - [TEST_STEP][PASSED] - else: null

2024-01-22 17:47:54 - [TEST_STEP][PASSED] - try: null

2024-01-22 17:47:54 - [TEST_STEP][PASSED] - out.println("Insert data"): null

2024-01-22 17:47:54 - [TEST_STEP][PASSED] - strSQL = "insert into TblBrokSum (nama, tanggal, top1, top2, top3, AllBrokAvg, AccDist, AvgRP, " + "Buyer1, BuyerVal1, BuyerAvg1, Seller1, SellerVal1, SellerAvg1, Buyer2, BuyerVal2, BuyerAvg2, " + "Seller2, SellerVal2, SellerAvg2, Buyer3, BuyerVal3, BuyerAvg3, Seller3, SellerVal3, SellerAvg3, NetVol, NetVal, " + "OpenPrice, LowPrice, HighPrice, ClosePrice, Volume, Change, Frekuensi, FrekAnal) " + "values ('" + strNama + "', " + strTanggal + ", '" + strTop1 + "', '" + strTop3 + "', '" + strTop5 + "', " + "'" + strAllBrokAvg + "', '" + strAccDist + "', " + intAvgRP + ", '" + strBuyer1 + "', '" + strBuyerVol1 + "', " + strBuyerAvg1 + ", " + "'" + strSeller1 + "', '" + strSellerVol1 + "', " + strSellerAvg1 + ", '" + strBuyer2 + "', '" + strBuyerVol2 + "', " + strBuyerAvg2 + ", " + "'" + strSeller2 + "', '" + strSellerVol2 + "', " + strSellerAvg2 + ", '" + strBuyer3 + "', '" + strBuyerVol3 + "', " + strBuyerAvg3 + ", " + "'" + strSeller3 + "', '" + strSellerVol3 + "', " + strSellerAvg3 + ", " + strNetVol + ", '" + strNetVal + "', " + "" + strOpenPrice + ", " + strLowPrice + ", " + strHighPrice + ", " + strClosePrice + ", '" + strVol + "', " + strChange + ", " + strFreq + ", " + strFreqAnal + ");": null

2024-01-22 17:47:54 - [TEST_STEP][PASSED] - out.println("strSQL = " + strSQL): null

2024-01-22 17:47:54 - [TEST_STEP][PASSED] - statement.executeUpdate(strSQL): null

2024-01-22 17:47:54 - [TEST_STEP][PASSED] - setValueToCellByIndex(sheet01, rowIndex, 4, "DONE"): null

2024-01-22 17:47:54 - [TEST_STEP][PASSED] - saveWorkbook(excelFilePath, workbook01): null

2024-01-22 17:47:54 - [TEST_STEP][PASSED] - waitForElementClickable(findTestObject("Stockbit/menu_Bandarmology"), 10): Object 'Object Repository/Stockbit/menu_Bandarmology' is clickable

2024-01-22 17:47:54 - [MESSAGE][PASSED] - Object 'Object Repository/Stockbit/menu_Bandarmology' is clickable

2024-01-22 17:47:54 - [TEST_STEP][PASSED] - click(findTestObject("Stockbit/menu_Bandarmology")): Object: 'Object Repository/Stockbit/menu_Bandarmology' is clicked on

2024-01-22 17:47:55 - [MESSAGE][PASSED] - Object: 'Object Repository/Stockbit/menu_Bandarmology' is clicked on

2024-01-22 17:47:55 - [TEST_STEP][PASSED] - strTemp = "NA": null

2024-01-22 17:47:55 - [TEST_STEP][PASSED] - if (getCellValueByIndex(sheet01, rowIndex, 4) != "DONE"): Object: 'Object Repository/Stockbit/menu_Bandarmology' is clicked on

2024-01-22 17:47:55 - [TEST_STEP][PASSED] - strNama = getCellValueByIndex(sheet01, rowIndex, 0): null

2024-01-22 17:47:55 - [TEST_STEP][PASSED] - navigateToUrl("https://stockbit.com/#/symbol/" + strNama): Navigate to 'https://stockbit.com/#/symbol/JMAS' successfully

2024-01-22 17:47:56 - [MESSAGE][PASSED] - Navigate to 'https://stockbit.com/#/symbol/JMAS' successfully

2024-01-22 17:47:56 - [TEST_STEP][PASSED] - waitForElementClickable(findTestObject("Stockbit/menu_Bandarmology"), 10): Object 'Object Repository/Stockbit/menu_Bandarmology' is clickable

2024-01-22 17:47:57 - [MESSAGE][PASSED] - Object 'Object Repository/Stockbit/menu_Bandarmology' is clickable

2024-01-22 17:47:57 - [TEST_STEP][PASSED] - click(findTestObject("Stockbit/menu_Bandarmology")): Object: 'Object Repository/Stockbit/menu_Bandarmology' is clicked on

2024-01-22 17:47:57 - [MESSAGE][PASSED] - Object: 'Object Repository/Stockbit/menu_Bandarmology' is clicked on

2024-01-22 17:47:57 - [TEST_STEP][PASSED] - strTanggal = d.format(DateTimeFormatter.ofPattern("MMM dd, yyyy")): null

2024-01-22 17:47:57 - [TEST_STEP][PASSED] - strTanggal = d.format(ISO_DATE): null

2024-01-22 17:47:57 - [TEST_STEP][PASSED] - out.println("strTanggal = " + strTanggal): null

2024-01-22 17:47:57 - [TEST_STEP][PASSED] - out.println("strNama = " + strNama): null

2024-01-22 17:47:57 - [TEST_STEP][PASSED] - out.println("Baris ke = " + rowIndex): null

2024-01-22 17:47:57 - [TEST_STEP][PASSED] - click(findTestObject("Stockbit/input__BandarmologyOpenStartDate")): Object: 'Object Repository/Stockbit/input__BandarmologyOpenStartDate' is clicked on

2024-01-22 17:47:59 - [MESSAGE][PASSED] - Object: 'Object Repository/Stockbit/input__BandarmologyOpenStartDate' is clicked on

2024-01-22 17:47:59 - [TEST_STEP][PASSED] - sendKeys(findTestObject("Stockbit/input__BandarmologyOpenStartDate"), Keys.chord(CONTROL, "a")): Keys 'CONTROL + a' sent to object: 'Object Repository/Stockbit/input__BandarmologyOpenStartDate'

2024-01-22 17:48:00 - [MESSAGE][PASSED] - Keys 'CONTROL + a' sent to object: 'Object Repository/Stockbit/input__BandarmologyOpenStartDate'

2024-01-22 17:48:00 - [TEST_STEP][PASSED] - sendKeys(findTestObject("Stockbit/input__BandarmologyOpenStartDate"), Keys.chord(BACK_SPACE)): Keys 'BACK_SPACE + ' sent to object: 'Object Repository/Stockbit/input__BandarmologyOpenStartDate'

2024-01-22 17:48:00 - [MESSAGE][PASSED] - Keys 'BACK_SPACE + ' sent to object: 'Object Repository/Stockbit/input__BandarmologyOpenStartDate'

2024-01-22 17:48:00 - [TEST_STEP][PASSED] - setText(findTestObject("Stockbit/input__BandarmologyOpenStartDate"), strTanggal): Text '2024-01-22' is set on object 'Object Repository/Stockbit/input__BandarmologyOpenStartDate'

2024-01-22 17:48:01 - [MESSAGE][PASSED] - Text '2024-01-22' is set on object 'Object Repository/Stockbit/input__BandarmologyOpenStartDate'

2024-01-22 17:48:01 - [TEST_STEP][PASSED] - sendKeys(findTestObject("Stockbit/input__BandarmologyOpenStartDate"), Keys.chord(ENTER)): Keys 'ENTER + ' sent to object: 'Object Repository/Stockbit/input__BandarmologyOpenStartDate'

2024-01-22 17:48:01 - [MESSAGE][PASSED] - Keys 'ENTER + ' sent to object: 'Object Repository/Stockbit/input__BandarmologyOpenStartDate'

2024-01-22 17:48:01 - [TEST_STEP][PASSED] - click(findTestObject("Stockbit/input__BandarmologyOpenEndDate")): Object: 'Object Repository/Stockbit/input__BandarmologyOpenEndDate' is clicked on

2024-01-22 17:48:02 - [MESSAGE][PASSED] - Object: 'Object Repository/Stockbit/input__BandarmologyOpenEndDate' is clicked on

2024-01-22 17:48:02 - [TEST_STEP][PASSED] - sendKeys(findTestObject("Stockbit/input__BandarmologyOpenEndDate"), Keys.chord(CONTROL, "a")): Keys 'CONTROL + a' sent to object: 'Object Repository/Stockbit/input__BandarmologyOpenEndDate'

2024-01-22 17:48:02 - [MESSAGE][PASSED] - Keys 'CONTROL + a' sent to object: 'Object Repository/Stockbit/input__BandarmologyOpenEndDate'

2024-01-22 17:48:02 - [TEST_STEP][PASSED] - sendKeys(findTestObject("Stockbit/input__BandarmologyOpenEndDate"), Keys.chord(BACK_SPACE)): Keys 'BACK_SPACE + ' sent to object: 'Object Repository/Stockbit/input__BandarmologyOpenEndDate'

2024-01-22 17:48:03 - [MESSAGE][PASSED] - Keys 'BACK_SPACE + ' sent to object: 'Object Repository/Stockbit/input__BandarmologyOpenEndDate'

2024-01-22 17:48:03 - [TEST_STEP][PASSED] - setText(findTestObject("Stockbit/input__BandarmologyOpenEndDate"), strTanggal): Text '2024-01-22' is set on object 'Object Repository/Stockbit/input__BandarmologyOpenEndDate'

2024-01-22 17:48:04 - [MESSAGE][PASSED] - Text '2024-01-22' is set on object 'Object Repository/Stockbit/input__BandarmologyOpenEndDate'

2024-01-22 17:48:04 - [TEST_STEP][PASSED] - sendKeys(findTestObject("Stockbit/input__BandarmologyOpenEndDate"), Keys.chord(ENTER)): Keys 'ENTER + ' sent to object: 'Object Repository/Stockbit/input__BandarmologyOpenEndDate'

2024-01-22 17:48:04 - [MESSAGE][PASSED] - Keys 'ENTER + ' sent to object: 'Object Repository/Stockbit/input__BandarmologyOpenEndDate'

2024-01-22 17:48:04 - [TEST_STEP][PASSED] - delay(2): Delayed 2 second(s)

2024-01-22 17:48:06 - [MESSAGE][PASSED] - Delayed 2 second(s)

2024-01-22 17:48:06 - [TEST_STEP][PASSED] - strTemp = getText(findTestObject("Stockbit/Bandarmology_AvgRP")): Text of object 'Object Repository/Stockbit/Bandarmology_AvgRP' is: '60'

2024-01-22 17:48:06 - [MESSAGE][PASSED] - Text of object 'Object Repository/Stockbit/Bandarmology_AvgRP' is: '60'

2024-01-22 17:48:06 - [TEST_STEP][PASSED] - out.println("Bandarmology_AvgRP = " + strTemp): null

2024-01-22 17:48:06 - [TEST_STEP][PASSED] - if (strTemp != "0"): null

2024-01-22 17:48:06 - [TEST_STEP][PASSED] - strTop1 = getText(findTestObject("Stockbit/Bandarmology_Top1")): Text of object 'Object Repository/Stockbit/Bandarmology_Top1' is: 'Big Dist'

2024-01-22 17:48:07 - [MESSAGE][PASSED] - Text of object 'Object Repository/Stockbit/Bandarmology_Top1' is: 'Big Dist'

2024-01-22 17:48:07 - [TEST_STEP][PASSED] - strTop3 = getText(findTestObject("Stockbit/Bandarmology_Top3")): Text of object 'Object Repository/Stockbit/Bandarmology_Top3' is: 'Normal Dist'

2024-01-22 17:48:07 - [MESSAGE][PASSED] - Text of object 'Object Repository/Stockbit/Bandarmology_Top3' is: 'Normal Dist'

2024-01-22 17:48:07 - [TEST_STEP][PASSED] - strTop5 = getText(findTestObject("Stockbit/Bandarmology_Top5")): Text of object 'Object Repository/Stockbit/Bandarmology_Top5' is: 'Neutral'

2024-01-22 17:48:07 - [MESSAGE][PASSED] - Text of object 'Object Repository/Stockbit/Bandarmology_Top5' is: 'Neutral'

2024-01-22 17:48:07 - [TEST_STEP][PASSED] - strAllBrokAvg = getText(findTestObject("Stockbit/Bandarmology_TopAVG")): Text of object 'Object Repository/Stockbit/Bandarmology_TopAVG' is: 'Normal Dist'

2024-01-22 17:48:07 - [MESSAGE][PASSED] - Text of object 'Object Repository/Stockbit/Bandarmology_TopAVG' is: 'Normal Dist'

2024-01-22 17:48:07 - [TEST_STEP][PASSED] - strTemp = getText(findTestObject("Stockbit/Bandarmology_AvgRP")): Text of object 'Object Repository/Stockbit/Bandarmology_AvgRP' is: '60'

2024-01-22 17:48:07 - [MESSAGE][PASSED] - Text of object 'Object Repository/Stockbit/Bandarmology_AvgRP' is: '60'

2024-01-22 17:48:07 - [TEST_STEP][PASSED] - if (strTemp.contains(",")): null

2024-01-22 17:48:07 - [TEST_STEP][PASSED] - intAvgRP = strTemp.toInteger(): null

2024-01-22 17:48:07 - [TEST_STEP][PASSED] - strBuyer1 = getText(findTestObject("Stockbit/Bandarmology_Buyer1")): Text of object 'Object Repository/Stockbit/Bandarmology_Buyer1' is: 'PD'

2024-01-22 17:48:07 - [MESSAGE][PASSED] - Text of object 'Object Repository/Stockbit/Bandarmology_Buyer1' is: 'PD'

2024-01-22 17:48:07 - [TEST_STEP][PASSED] - strBuyerVol1 = getText(findTestObject("Stockbit/Bandarmology_BuyerVol1")): Text of object 'Object Repository/Stockbit/Bandarmology_BuyerVol1' is: '2.3 K'

2024-01-22 17:48:08 - [MESSAGE][PASSED] - Text of object 'Object Repository/Stockbit/Bandarmology_BuyerVol1' is: '2.3 K'

2024-01-22 17:48:08 - [TEST_STEP][PASSED] - strBuyerAvg1 = getText(findTestObject("Stockbit/Bandarmology_BuyerAvg1")): Text of object 'Object Repository/Stockbit/Bandarmology_BuyerAvg1' is: '60'

2024-01-22 17:48:08 - [MESSAGE][PASSED] - Text of object 'Object Repository/Stockbit/Bandarmology_BuyerAvg1' is: '60'

2024-01-22 17:48:08 - [TEST_STEP][PASSED] - if (strBuyerAvg1.contains(",")): null

2024-01-22 17:48:08 - [TEST_STEP][PASSED] - if (strBuyerVol1.contains(" B")): null

2024-01-22 17:48:08 - [TEST_STEP][PASSED] - else if (strBuyerVol1.contains(" M")): null

2024-01-22 17:48:08 - [TEST_STEP][PASSED] - else if (strBuyerVol1.contains(" K")): null

2024-01-22 17:48:08 - [TEST_STEP][PASSED] - strBuyerVol1 = strBuyerVol1.replace(" K", ""): null

2024-01-22 17:48:08 - [TEST_STEP][PASSED] - strBuyerVol1 = strBuyerVol1.toDouble() * 1000: null

2024-01-22 17:48:08 - [TEST_STEP][PASSED] - strSeller1 = getText(findTestObject("Stockbit/Bandarmology_Seller1")): Text of object 'Object Repository/Stockbit/Bandarmology_Seller1' is: 'KK'

2024-01-22 17:48:08 - [MESSAGE][PASSED] - Text of object 'Object Repository/Stockbit/Bandarmology_Seller1' is: 'KK'

2024-01-22 17:48:08 - [TEST_STEP][PASSED] - strSellerVol1 = getText(findTestObject("Stockbit/Bandarmology_SellerVol1")): Text of object 'Object Repository/Stockbit/Bandarmology_SellerVol1' is: '6.7 K'

2024-01-22 17:48:08 - [MESSAGE][PASSED] - Text of object 'Object Repository/Stockbit/Bandarmology_SellerVol1' is: '6.7 K'

2024-01-22 17:48:08 - [TEST_STEP][PASSED] - strSellerAvg1 = getText(findTestObject("Stockbit/Bandarmology_SellerAvg1")): Text of object 'Object Repository/Stockbit/Bandarmology_SellerAvg1' is: '60'

2024-01-22 17:48:08 - [MESSAGE][PASSED] - Text of object 'Object Repository/Stockbit/Bandarmology_SellerAvg1' is: '60'

2024-01-22 17:48:08 - [TEST_STEP][PASSED] - if (strSellerAvg1.contains(",")): null

2024-01-22 17:48:08 - [TEST_STEP][PASSED] - if (strSellerVol1.contains(" B")): null

2024-01-22 17:48:08 - [TEST_STEP][PASSED] - else if (strSellerVol1.contains(" M")): null

2024-01-22 17:48:08 - [TEST_STEP][PASSED] - else if (strSellerVol1.contains(" K")): null

2024-01-22 17:48:08 - [TEST_STEP][PASSED] - strSellerVol1 = strSellerVol1.replace(" K", ""): null

2024-01-22 17:48:08 - [TEST_STEP][PASSED] - strSellerVol1 = strSellerVol1.toDouble() * 1000: null

2024-01-22 17:48:08 - [TEST_STEP][PASSED] - if (verifyElementNotPresent(findTestObject("Stockbit/Bandarmology_Buyer2"), 1, OPTIONAL)): Web element with id: 'Object Repository/Stockbit/Bandarmology_Buyer2' located by 'By.xpath: //*[contains(@id, 'rc-tabs-')]/div[2]/div/div/div/div/div/div[2]/table/tbody/tr[3]/td[1]/p' is present after '1' second(s) (Root cause: com.kms.katalon.core.exception.StepFailedException: Web element with id: 'Object Repository/Stockbit/Bandarmology_Buyer2' located by 'By.xpath: //*[contains(@id, 'rc-tabs-')]/div[2]/div/div/div/div/div/div[2]/table/tbody/tr[3]/td[1]/p' is present after '1' second(s)
	at com.kms.katalon.core.webui.keyword.internal.WebUIKeywordMain.stepFailed(WebUIKeywordMain.groovy:64)
	at com.kms.katalon.core.webui.keyword.internal.WebUIKeywordMain$stepFailed$0.call(Unknown Source)
	at com.kms.katalon.core.webui.keyword.builtin.VerifyElementNotPresentKeyword$_verifyElementNotPresent_closure1.doCall(VerifyElementNotPresentKeyword.groovy:106)
	at com.kms.katalon.core.webui.keyword.builtin.VerifyElementNotPresentKeyword$_verifyElementNotPresent_closure1.doCall(VerifyElementNotPresentKeyword.groovy)
	at com.kms.katalon.core.webui.keyword.internal.WebUIKeywordMain.runKeyword(WebUIKeywordMain.groovy:20)
	at com.kms.katalon.core.webui.keyword.internal.WebUIKeywordMain$runKeyword.call(Unknown Source)
	at com.kms.katalon.core.webui.keyword.builtin.VerifyElementNotPresentKeyword.verifyElementNotPresent(VerifyElementNotPresentKeyword.groovy:117)
	at com.kms.katalon.core.webui.keyword.builtin.VerifyElementNotPresentKeyword.execute(VerifyElementNotPresentKeyword.groovy:68)
	at com.kms.katalon.core.keyword.internal.KeywordExecutor.executeKeywordForPlatform(KeywordExecutor.groovy:74)
	at com.kms.katalon.core.webui.keyword.WebUiBuiltInKeywords.verifyElementNotPresent(WebUiBuiltInKeywords.groovy:1481)
	at com.kms.katalon.core.webui.keyword.WebUiBuiltInKeywords$verifyElementNotPresent$8.call(Unknown Source)
	at GetBrokSumPriceDaily.run(GetBrokSumPriceDaily:258)
	at com.kms.katalon.core.main.ScriptEngine.run(ScriptEngine.java:194)
	at com.kms.katalon.core.main.ScriptEngine.runScriptAsRawText(ScriptEngine.java:119)
	at com.kms.katalon.core.main.TestCaseExecutor.runScript(TestCaseExecutor.java:445)
	at com.kms.katalon.core.main.TestCaseExecutor.doExecute(TestCaseExecutor.java:436)
	at com.kms.katalon.core.main.TestCaseExecutor.processExecutionPhase(TestCaseExecutor.java:415)
	at com.kms.katalon.core.main.TestCaseExecutor.accessMainPhase(TestCaseExecutor.java:407)
	at com.kms.katalon.core.main.TestCaseExecutor.execute(TestCaseExecutor.java:284)
	at com.kms.katalon.core.common.CommonExecutor.accessTestCaseMainPhase(CommonExecutor.java:65)
	at com.kms.katalon.core.main.TestSuiteExecutor.accessTestSuiteMainPhase(TestSuiteExecutor.java:144)
	at com.kms.katalon.core.main.TestSuiteExecutor.execute(TestSuiteExecutor.java:106)
	at com.kms.katalon.core.main.TestCaseMain.startTestSuite(TestCaseMain.java:185)
	at com.kms.katalon.core.main.TestCaseMain$startTestSuite$0.call(Unknown Source)
	at TempTestSuite1705920083951.run(TempTestSuite1705920083951.groovy:36)
)

2024-01-22 17:48:10 - [MESSAGE][WARNING] - Web element with id: 'Object Repository/Stockbit/Bandarmology_Buyer2' located by 'By.xpath: //*[contains(@id, 'rc-tabs-')]/div[2]/div/div/div/div/div/div[2]/table/tbody/tr[3]/td[1]/p' is present after '1' second(s) (Root cause: com.kms.katalon.core.exception.StepFailedException: Web element with id: 'Object Repository/Stockbit/Bandarmology_Buyer2' located by 'By.xpath: //*[contains(@id, 'rc-tabs-')]/div[2]/div/div/div/div/div/div[2]/table/tbody/tr[3]/td[1]/p' is present after '1' second(s)
	at com.kms.katalon.core.webui.keyword.internal.WebUIKeywordMain.stepFailed(WebUIKeywordMain.groovy:64)
	at com.kms.katalon.core.webui.keyword.internal.WebUIKeywordMain$stepFailed$0.call(Unknown Source)
	at com.kms.katalon.core.webui.keyword.builtin.VerifyElementNotPresentKeyword$_verifyElementNotPresent_closure1.doCall(VerifyElementNotPresentKeyword.groovy:106)
	at com.kms.katalon.core.webui.keyword.builtin.VerifyElementNotPresentKeyword$_verifyElementNotPresent_closure1.doCall(VerifyElementNotPresentKeyword.groovy)
	at com.kms.katalon.core.webui.keyword.internal.WebUIKeywordMain.runKeyword(WebUIKeywordMain.groovy:20)
	at com.kms.katalon.core.webui.keyword.internal.WebUIKeywordMain$runKeyword.call(Unknown Source)
	at com.kms.katalon.core.webui.keyword.builtin.VerifyElementNotPresentKeyword.verifyElementNotPresent(VerifyElementNotPresentKeyword.groovy:117)
	at com.kms.katalon.core.webui.keyword.builtin.VerifyElementNotPresentKeyword.execute(VerifyElementNotPresentKeyword.groovy:68)
	at com.kms.katalon.core.keyword.internal.KeywordExecutor.executeKeywordForPlatform(KeywordExecutor.groovy:74)
	at com.kms.katalon.core.webui.keyword.WebUiBuiltInKeywords.verifyElementNotPresent(WebUiBuiltInKeywords.groovy:1481)
	at com.kms.katalon.core.webui.keyword.WebUiBuiltInKeywords$verifyElementNotPresent$8.call(Unknown Source)
	at GetBrokSumPriceDaily.run(GetBrokSumPriceDaily:258)
	at com.kms.katalon.core.main.ScriptEngine.run(ScriptEngine.java:194)
	at com.kms.katalon.core.main.ScriptEngine.runScriptAsRawText(ScriptEngine.java:119)
	at com.kms.katalon.core.main.TestCaseExecutor.runScript(TestCaseExecutor.java:445)
	at com.kms.katalon.core.main.TestCaseExecutor.doExecute(TestCaseExecutor.java:436)
	at com.kms.katalon.core.main.TestCaseExecutor.processExecutionPhase(TestCaseExecutor.java:415)
	at com.kms.katalon.core.main.TestCaseExecutor.accessMainPhase(TestCaseExecutor.java:407)
	at com.kms.katalon.core.main.TestCaseExecutor.execute(TestCaseExecutor.java:284)
	at com.kms.katalon.core.common.CommonExecutor.accessTestCaseMainPhase(CommonExecutor.java:65)
	at com.kms.katalon.core.main.TestSuiteExecutor.accessTestSuiteMainPhase(TestSuiteExecutor.java:144)
	at com.kms.katalon.core.main.TestSuiteExecutor.execute(TestSuiteExecutor.java:106)
	at com.kms.katalon.core.main.TestCaseMain.startTestSuite(TestCaseMain.java:185)
	at com.kms.katalon.core.main.TestCaseMain$startTestSuite$0.call(Unknown Source)
	at TempTestSuite1705920083951.run(TempTestSuite1705920083951.groovy:36)
)
[[ATTACHMENT|C:\\Users\\Fadli\\git\\KatalonDailyGetData2\\Reports\\20240122_174123\\TS1\\20240122_174123\\1705920489833.png]]

2024-01-22 17:48:10 - [TEST_STEP][PASSED] - else: null

2024-01-22 17:48:10 - [TEST_STEP][PASSED] - strBuyer2 = getText(findTestObject("Stockbit/Bandarmology_Buyer2")): Text of object 'Object Repository/Stockbit/Bandarmology_Buyer2' is: 'AI'

2024-01-22 17:48:10 - [MESSAGE][PASSED] - Text of object 'Object Repository/Stockbit/Bandarmology_Buyer2' is: 'AI'

2024-01-22 17:48:10 - [TEST_STEP][PASSED] - strBuyerVol2 = getText(findTestObject("Stockbit/Bandarmology_BuyerVol2")): Text of object 'Object Repository/Stockbit/Bandarmology_BuyerVol2' is: '2 K'

2024-01-22 17:48:10 - [MESSAGE][PASSED] - Text of object 'Object Repository/Stockbit/Bandarmology_BuyerVol2' is: '2 K'

2024-01-22 17:48:10 - [TEST_STEP][PASSED] - strBuyerAvg2 = getText(findTestObject("Stockbit/Bandarmology_BuyerAvg2")): Text of object 'Object Repository/Stockbit/Bandarmology_BuyerAvg2' is: '60'

2024-01-22 17:48:10 - [MESSAGE][PASSED] - Text of object 'Object Repository/Stockbit/Bandarmology_BuyerAvg2' is: '60'

2024-01-22 17:48:10 - [TEST_STEP][PASSED] - if (strBuyer2 != ""): null

2024-01-22 17:48:10 - [TEST_STEP][PASSED] - if (strBuyerAvg2.contains(",")): null

2024-01-22 17:48:10 - [TEST_STEP][PASSED] - if (strBuyerVol2.contains(" B")): null

2024-01-22 17:48:10 - [TEST_STEP][PASSED] - else if (strBuyerVol2.contains(" M")): null

2024-01-22 17:48:10 - [TEST_STEP][PASSED] - else if (strBuyerVol2.contains(" K")): null

2024-01-22 17:48:10 - [TEST_STEP][PASSED] - strBuyerVol2 = strBuyerVol2.replace(" K", ""): null

2024-01-22 17:48:10 - [TEST_STEP][PASSED] - strBuyerVol2 = strBuyerVol2.toDouble() * 1000: null

2024-01-22 17:48:10 - [TEST_STEP][PASSED] - if (strBuyerVol2.contains(".")): null

2024-01-22 17:48:10 - [TEST_STEP][PASSED] - strBuyerVal2 = strBuyerVol2.replace(".", ""): null

2024-01-22 17:48:10 - [TEST_STEP][PASSED] - if (verifyElementNotPresent(findTestObject("Stockbit/Bandarmology_Seller2"), 1, OPTIONAL)): Web element with id: 'Object Repository/Stockbit/Bandarmology_Seller2' located by 'By.xpath: //*[contains(@id, 'rc-tabs-')]/div[2]/div/div/div/div/div/div[2]/table/tbody/tr[3]/td[5]/p' is present after '1' second(s) (Root cause: com.kms.katalon.core.exception.StepFailedException: Web element with id: 'Object Repository/Stockbit/Bandarmology_Seller2' located by 'By.xpath: //*[contains(@id, 'rc-tabs-')]/div[2]/div/div/div/div/div/div[2]/table/tbody/tr[3]/td[5]/p' is present after '1' second(s)
	at com.kms.katalon.core.webui.keyword.internal.WebUIKeywordMain.stepFailed(WebUIKeywordMain.groovy:64)
	at com.kms.katalon.core.webui.keyword.internal.WebUIKeywordMain$stepFailed$0.call(Unknown Source)
	at com.kms.katalon.core.webui.keyword.builtin.VerifyElementNotPresentKeyword$_verifyElementNotPresent_closure1.doCall(VerifyElementNotPresentKeyword.groovy:106)
	at com.kms.katalon.core.webui.keyword.builtin.VerifyElementNotPresentKeyword$_verifyElementNotPresent_closure1.doCall(VerifyElementNotPresentKeyword.groovy)
	at com.kms.katalon.core.webui.keyword.internal.WebUIKeywordMain.runKeyword(WebUIKeywordMain.groovy:20)
	at com.kms.katalon.core.webui.keyword.internal.WebUIKeywordMain$runKeyword.call(Unknown Source)
	at com.kms.katalon.core.webui.keyword.builtin.VerifyElementNotPresentKeyword.verifyElementNotPresent(VerifyElementNotPresentKeyword.groovy:117)
	at com.kms.katalon.core.webui.keyword.builtin.VerifyElementNotPresentKeyword.execute(VerifyElementNotPresentKeyword.groovy:68)
	at com.kms.katalon.core.keyword.internal.KeywordExecutor.executeKeywordForPlatform(KeywordExecutor.groovy:74)
	at com.kms.katalon.core.webui.keyword.WebUiBuiltInKeywords.verifyElementNotPresent(WebUiBuiltInKeywords.groovy:1481)
	at com.kms.katalon.core.webui.keyword.WebUiBuiltInKeywords$verifyElementNotPresent$8.call(Unknown Source)
	at GetBrokSumPriceDaily.run(GetBrokSumPriceDaily:309)
	at com.kms.katalon.core.main.ScriptEngine.run(ScriptEngine.java:194)
	at com.kms.katalon.core.main.ScriptEngine.runScriptAsRawText(ScriptEngine.java:119)
	at com.kms.katalon.core.main.TestCaseExecutor.runScript(TestCaseExecutor.java:445)
	at com.kms.katalon.core.main.TestCaseExecutor.doExecute(TestCaseExecutor.java:436)
	at com.kms.katalon.core.main.TestCaseExecutor.processExecutionPhase(TestCaseExecutor.java:415)
	at com.kms.katalon.core.main.TestCaseExecutor.accessMainPhase(TestCaseExecutor.java:407)
	at com.kms.katalon.core.main.TestCaseExecutor.execute(TestCaseExecutor.java:284)
	at com.kms.katalon.core.common.CommonExecutor.accessTestCaseMainPhase(CommonExecutor.java:65)
	at com.kms.katalon.core.main.TestSuiteExecutor.accessTestSuiteMainPhase(TestSuiteExecutor.java:144)
	at com.kms.katalon.core.main.TestSuiteExecutor.execute(TestSuiteExecutor.java:106)
	at com.kms.katalon.core.main.TestCaseMain.startTestSuite(TestCaseMain.java:185)
	at com.kms.katalon.core.main.TestCaseMain$startTestSuite$0.call(Unknown Source)
	at TempTestSuite1705920083951.run(TempTestSuite1705920083951.groovy:36)
)

2024-01-22 17:48:11 - [MESSAGE][WARNING] - Web element with id: 'Object Repository/Stockbit/Bandarmology_Seller2' located by 'By.xpath: //*[contains(@id, 'rc-tabs-')]/div[2]/div/div/div/div/div/div[2]/table/tbody/tr[3]/td[5]/p' is present after '1' second(s) (Root cause: com.kms.katalon.core.exception.StepFailedException: Web element with id: 'Object Repository/Stockbit/Bandarmology_Seller2' located by 'By.xpath: //*[contains(@id, 'rc-tabs-')]/div[2]/div/div/div/div/div/div[2]/table/tbody/tr[3]/td[5]/p' is present after '1' second(s)
	at com.kms.katalon.core.webui.keyword.internal.WebUIKeywordMain.stepFailed(WebUIKeywordMain.groovy:64)
	at com.kms.katalon.core.webui.keyword.internal.WebUIKeywordMain$stepFailed$0.call(Unknown Source)
	at com.kms.katalon.core.webui.keyword.builtin.VerifyElementNotPresentKeyword$_verifyElementNotPresent_closure1.doCall(VerifyElementNotPresentKeyword.groovy:106)
	at com.kms.katalon.core.webui.keyword.builtin.VerifyElementNotPresentKeyword$_verifyElementNotPresent_closure1.doCall(VerifyElementNotPresentKeyword.groovy)
	at com.kms.katalon.core.webui.keyword.internal.WebUIKeywordMain.runKeyword(WebUIKeywordMain.groovy:20)
	at com.kms.katalon.core.webui.keyword.internal.WebUIKeywordMain$runKeyword.call(Unknown Source)
	at com.kms.katalon.core.webui.keyword.builtin.VerifyElementNotPresentKeyword.verifyElementNotPresent(VerifyElementNotPresentKeyword.groovy:117)
	at com.kms.katalon.core.webui.keyword.builtin.VerifyElementNotPresentKeyword.execute(VerifyElementNotPresentKeyword.groovy:68)
	at com.kms.katalon.core.keyword.internal.KeywordExecutor.executeKeywordForPlatform(KeywordExecutor.groovy:74)
	at com.kms.katalon.core.webui.keyword.WebUiBuiltInKeywords.verifyElementNotPresent(WebUiBuiltInKeywords.groovy:1481)
	at com.kms.katalon.core.webui.keyword.WebUiBuiltInKeywords$verifyElementNotPresent$8.call(Unknown Source)
	at GetBrokSumPriceDaily.run(GetBrokSumPriceDaily:309)
	at com.kms.katalon.core.main.ScriptEngine.run(ScriptEngine.java:194)
	at com.kms.katalon.core.main.ScriptEngine.runScriptAsRawText(ScriptEngine.java:119)
	at com.kms.katalon.core.main.TestCaseExecutor.runScript(TestCaseExecutor.java:445)
	at com.kms.katalon.core.main.TestCaseExecutor.doExecute(TestCaseExecutor.java:436)
	at com.kms.katalon.core.main.TestCaseExecutor.processExecutionPhase(TestCaseExecutor.java:415)
	at com.kms.katalon.core.main.TestCaseExecutor.accessMainPhase(TestCaseExecutor.java:407)
	at com.kms.katalon.core.main.TestCaseExecutor.execute(TestCaseExecutor.java:284)
	at com.kms.katalon.core.common.CommonExecutor.accessTestCaseMainPhase(CommonExecutor.java:65)
	at com.kms.katalon.core.main.TestSuiteExecutor.accessTestSuiteMainPhase(TestSuiteExecutor.java:144)
	at com.kms.katalon.core.main.TestSuiteExecutor.execute(TestSuiteExecutor.java:106)
	at com.kms.katalon.core.main.TestCaseMain.startTestSuite(TestCaseMain.java:185)
	at com.kms.katalon.core.main.TestCaseMain$startTestSuite$0.call(Unknown Source)
	at TempTestSuite1705920083951.run(TempTestSuite1705920083951.groovy:36)
)
[[ATTACHMENT|C:\\Users\\Fadli\\git\\KatalonDailyGetData2\\Reports\\20240122_174123\\TS1\\20240122_174123\\1705920491751.png]]

2024-01-22 17:48:11 - [TEST_STEP][PASSED] - else: null

2024-01-22 17:48:11 - [TEST_STEP][PASSED] - strSeller2 = getText(findTestObject("Stockbit/Bandarmology_Seller2")): Text of object 'Object Repository/Stockbit/Bandarmology_Seller2' is: 'YP'

2024-01-22 17:48:12 - [MESSAGE][PASSED] - Text of object 'Object Repository/Stockbit/Bandarmology_Seller2' is: 'YP'

2024-01-22 17:48:12 - [TEST_STEP][PASSED] - strSellerVol2 = getText(findTestObject("Stockbit/Bandarmology_SellerVol2")): Text of object 'Object Repository/Stockbit/Bandarmology_SellerVol2' is: '723'

2024-01-22 17:48:12 - [MESSAGE][PASSED] - Text of object 'Object Repository/Stockbit/Bandarmology_SellerVol2' is: '723'

2024-01-22 17:48:12 - [TEST_STEP][PASSED] - strSellerAvg2 = getText(findTestObject("Stockbit/Bandarmology_SellerAvg2")): Text of object 'Object Repository/Stockbit/Bandarmology_SellerAvg2' is: '60'

2024-01-22 17:48:12 - [MESSAGE][PASSED] - Text of object 'Object Repository/Stockbit/Bandarmology_SellerAvg2' is: '60'

2024-01-22 17:48:12 - [TEST_STEP][PASSED] - if (strSeller2 != ""): null

2024-01-22 17:48:12 - [TEST_STEP][PASSED] - if (strSellerAvg2.contains(",")): null

2024-01-22 17:48:12 - [TEST_STEP][PASSED] - if (strSellerVol2.contains(" B")): null

2024-01-22 17:48:12 - [TEST_STEP][PASSED] - if (verifyElementNotPresent(findTestObject("Stockbit/Bandarmology_Buyer3"), 1, OPTIONAL)): Web element with id: 'Object Repository/Stockbit/Bandarmology_Buyer3' located by 'By.xpath: //*[contains(@id, 'rc-tabs-')]/div[2]/div/div/div/div/div/div[2]/table/tbody/tr[4]/td[1]/p' is present after '1' second(s) (Root cause: com.kms.katalon.core.exception.StepFailedException: Web element with id: 'Object Repository/Stockbit/Bandarmology_Buyer3' located by 'By.xpath: //*[contains(@id, 'rc-tabs-')]/div[2]/div/div/div/div/div/div[2]/table/tbody/tr[4]/td[1]/p' is present after '1' second(s)
	at com.kms.katalon.core.webui.keyword.internal.WebUIKeywordMain.stepFailed(WebUIKeywordMain.groovy:64)
	at com.kms.katalon.core.webui.keyword.internal.WebUIKeywordMain$stepFailed$0.call(Unknown Source)
	at com.kms.katalon.core.webui.keyword.builtin.VerifyElementNotPresentKeyword$_verifyElementNotPresent_closure1.doCall(VerifyElementNotPresentKeyword.groovy:106)
	at com.kms.katalon.core.webui.keyword.builtin.VerifyElementNotPresentKeyword$_verifyElementNotPresent_closure1.doCall(VerifyElementNotPresentKeyword.groovy)
	at com.kms.katalon.core.webui.keyword.internal.WebUIKeywordMain.runKeyword(WebUIKeywordMain.groovy:20)
	at com.kms.katalon.core.webui.keyword.internal.WebUIKeywordMain$runKeyword.call(Unknown Source)
	at com.kms.katalon.core.webui.keyword.builtin.VerifyElementNotPresentKeyword.verifyElementNotPresent(VerifyElementNotPresentKeyword.groovy:117)
	at com.kms.katalon.core.webui.keyword.builtin.VerifyElementNotPresentKeyword.execute(VerifyElementNotPresentKeyword.groovy:68)
	at com.kms.katalon.core.keyword.internal.KeywordExecutor.executeKeywordForPlatform(KeywordExecutor.groovy:74)
	at com.kms.katalon.core.webui.keyword.WebUiBuiltInKeywords.verifyElementNotPresent(WebUiBuiltInKeywords.groovy:1481)
	at com.kms.katalon.core.webui.keyword.WebUiBuiltInKeywords$verifyElementNotPresent$8.call(Unknown Source)
	at GetBrokSumPriceDaily.run(GetBrokSumPriceDaily:361)
	at com.kms.katalon.core.main.ScriptEngine.run(ScriptEngine.java:194)
	at com.kms.katalon.core.main.ScriptEngine.runScriptAsRawText(ScriptEngine.java:119)
	at com.kms.katalon.core.main.TestCaseExecutor.runScript(TestCaseExecutor.java:445)
	at com.kms.katalon.core.main.TestCaseExecutor.doExecute(TestCaseExecutor.java:436)
	at com.kms.katalon.core.main.TestCaseExecutor.processExecutionPhase(TestCaseExecutor.java:415)
	at com.kms.katalon.core.main.TestCaseExecutor.accessMainPhase(TestCaseExecutor.java:407)
	at com.kms.katalon.core.main.TestCaseExecutor.execute(TestCaseExecutor.java:284)
	at com.kms.katalon.core.common.CommonExecutor.accessTestCaseMainPhase(CommonExecutor.java:65)
	at com.kms.katalon.core.main.TestSuiteExecutor.accessTestSuiteMainPhase(TestSuiteExecutor.java:144)
	at com.kms.katalon.core.main.TestSuiteExecutor.execute(TestSuiteExecutor.java:106)
	at com.kms.katalon.core.main.TestCaseMain.startTestSuite(TestCaseMain.java:185)
	at com.kms.katalon.core.main.TestCaseMain$startTestSuite$0.call(Unknown Source)
	at TempTestSuite1705920083951.run(TempTestSuite1705920083951.groovy:36)
)

2024-01-22 17:48:13 - [MESSAGE][WARNING] - Web element with id: 'Object Repository/Stockbit/Bandarmology_Buyer3' located by 'By.xpath: //*[contains(@id, 'rc-tabs-')]/div[2]/div/div/div/div/div/div[2]/table/tbody/tr[4]/td[1]/p' is present after '1' second(s) (Root cause: com.kms.katalon.core.exception.StepFailedException: Web element with id: 'Object Repository/Stockbit/Bandarmology_Buyer3' located by 'By.xpath: //*[contains(@id, 'rc-tabs-')]/div[2]/div/div/div/div/div/div[2]/table/tbody/tr[4]/td[1]/p' is present after '1' second(s)
	at com.kms.katalon.core.webui.keyword.internal.WebUIKeywordMain.stepFailed(WebUIKeywordMain.groovy:64)
	at com.kms.katalon.core.webui.keyword.internal.WebUIKeywordMain$stepFailed$0.call(Unknown Source)
	at com.kms.katalon.core.webui.keyword.builtin.VerifyElementNotPresentKeyword$_verifyElementNotPresent_closure1.doCall(VerifyElementNotPresentKeyword.groovy:106)
	at com.kms.katalon.core.webui.keyword.builtin.VerifyElementNotPresentKeyword$_verifyElementNotPresent_closure1.doCall(VerifyElementNotPresentKeyword.groovy)
	at com.kms.katalon.core.webui.keyword.internal.WebUIKeywordMain.runKeyword(WebUIKeywordMain.groovy:20)
	at com.kms.katalon.core.webui.keyword.internal.WebUIKeywordMain$runKeyword.call(Unknown Source)
	at com.kms.katalon.core.webui.keyword.builtin.VerifyElementNotPresentKeyword.verifyElementNotPresent(VerifyElementNotPresentKeyword.groovy:117)
	at com.kms.katalon.core.webui.keyword.builtin.VerifyElementNotPresentKeyword.execute(VerifyElementNotPresentKeyword.groovy:68)
	at com.kms.katalon.core.keyword.internal.KeywordExecutor.executeKeywordForPlatform(KeywordExecutor.groovy:74)
	at com.kms.katalon.core.webui.keyword.WebUiBuiltInKeywords.verifyElementNotPresent(WebUiBuiltInKeywords.groovy:1481)
	at com.kms.katalon.core.webui.keyword.WebUiBuiltInKeywords$verifyElementNotPresent$8.call(Unknown Source)
	at GetBrokSumPriceDaily.run(GetBrokSumPriceDaily:361)
	at com.kms.katalon.core.main.ScriptEngine.run(ScriptEngine.java:194)
	at com.kms.katalon.core.main.ScriptEngine.runScriptAsRawText(ScriptEngine.java:119)
	at com.kms.katalon.core.main.TestCaseExecutor.runScript(TestCaseExecutor.java:445)
	at com.kms.katalon.core.main.TestCaseExecutor.doExecute(TestCaseExecutor.java:436)
	at com.kms.katalon.core.main.TestCaseExecutor.processExecutionPhase(TestCaseExecutor.java:415)
	at com.kms.katalon.core.main.TestCaseExecutor.accessMainPhase(TestCaseExecutor.java:407)
	at com.kms.katalon.core.main.TestCaseExecutor.execute(TestCaseExecutor.java:284)
	at com.kms.katalon.core.common.CommonExecutor.accessTestCaseMainPhase(CommonExecutor.java:65)
	at com.kms.katalon.core.main.TestSuiteExecutor.accessTestSuiteMainPhase(TestSuiteExecutor.java:144)
	at com.kms.katalon.core.main.TestSuiteExecutor.execute(TestSuiteExecutor.java:106)
	at com.kms.katalon.core.main.TestCaseMain.startTestSuite(TestCaseMain.java:185)
	at com.kms.katalon.core.main.TestCaseMain$startTestSuite$0.call(Unknown Source)
	at TempTestSuite1705920083951.run(TempTestSuite1705920083951.groovy:36)
)
[[ATTACHMENT|C:\\Users\\Fadli\\git\\KatalonDailyGetData2\\Reports\\20240122_174123\\TS1\\20240122_174123\\1705920493685.png]]

2024-01-22 17:48:13 - [TEST_STEP][PASSED] - else: null

2024-01-22 17:48:13 - [TEST_STEP][PASSED] - strBuyer3 = getText(findTestObject("Stockbit/Bandarmology_Buyer3")): Text of object 'Object Repository/Stockbit/Bandarmology_Buyer3' is: 'YJ'

2024-01-22 17:48:14 - [MESSAGE][PASSED] - Text of object 'Object Repository/Stockbit/Bandarmology_Buyer3' is: 'YJ'

2024-01-22 17:48:14 - [TEST_STEP][PASSED] - strBuyerVol3 = getText(findTestObject("Stockbit/Bandarmology_BuyerVol3")): Text of object 'Object Repository/Stockbit/Bandarmology_BuyerVol3' is: '2 K'

2024-01-22 17:48:14 - [MESSAGE][PASSED] - Text of object 'Object Repository/Stockbit/Bandarmology_BuyerVol3' is: '2 K'

2024-01-22 17:48:14 - [TEST_STEP][PASSED] - strBuyerAvg3 = getText(findTestObject("Stockbit/Bandarmology_BuyerAvg3")): Text of object 'Object Repository/Stockbit/Bandarmology_BuyerAvg3' is: '60'

2024-01-22 17:48:14 - [MESSAGE][PASSED] - Text of object 'Object Repository/Stockbit/Bandarmology_BuyerAvg3' is: '60'

2024-01-22 17:48:14 - [TEST_STEP][PASSED] - if (strBuyer3 != ""): null

2024-01-22 17:48:14 - [TEST_STEP][PASSED] - if (strBuyerAvg3.contains(",")): null

2024-01-22 17:48:14 - [TEST_STEP][PASSED] - if (strBuyerVol3.contains(" B")): null

2024-01-22 17:48:14 - [TEST_STEP][PASSED] - else if (strBuyerVol3.contains(" M")): null

2024-01-22 17:48:14 - [TEST_STEP][PASSED] - else if (strBuyerVol3.contains(" K")): null

2024-01-22 17:48:14 - [TEST_STEP][PASSED] - strBuyerVol3 = strBuyerVol3.replace(" K", ""): null

2024-01-22 17:48:14 - [TEST_STEP][PASSED] - strBuyerVol3 = strBuyerVol3.toDouble() * 1000: null

2024-01-22 17:48:14 - [TEST_STEP][PASSED] - if (verifyElementNotPresent(findTestObject("Stockbit/Bandarmology_Seller3"), 1, OPTIONAL)): Web element with id: 'Object Repository/Stockbit/Bandarmology_Seller3' located by 'By.xpath: //*[contains(@id, 'rc-tabs-')]/div[2]/div/div/div/div/div/div[2]/table/tbody/tr[4]/td[5]/p' is present after '1' second(s) (Root cause: com.kms.katalon.core.exception.StepFailedException: Web element with id: 'Object Repository/Stockbit/Bandarmology_Seller3' located by 'By.xpath: //*[contains(@id, 'rc-tabs-')]/div[2]/div/div/div/div/div/div[2]/table/tbody/tr[4]/td[5]/p' is present after '1' second(s)
	at com.kms.katalon.core.webui.keyword.internal.WebUIKeywordMain.stepFailed(WebUIKeywordMain.groovy:64)
	at com.kms.katalon.core.webui.keyword.internal.WebUIKeywordMain$stepFailed$0.call(Unknown Source)
	at com.kms.katalon.core.webui.keyword.builtin.VerifyElementNotPresentKeyword$_verifyElementNotPresent_closure1.doCall(VerifyElementNotPresentKeyword.groovy:106)
	at com.kms.katalon.core.webui.keyword.builtin.VerifyElementNotPresentKeyword$_verifyElementNotPresent_closure1.doCall(VerifyElementNotPresentKeyword.groovy)
	at com.kms.katalon.core.webui.keyword.internal.WebUIKeywordMain.runKeyword(WebUIKeywordMain.groovy:20)
	at com.kms.katalon.core.webui.keyword.internal.WebUIKeywordMain$runKeyword.call(Unknown Source)
	at com.kms.katalon.core.webui.keyword.builtin.VerifyElementNotPresentKeyword.verifyElementNotPresent(VerifyElementNotPresentKeyword.groovy:117)
	at com.kms.katalon.core.webui.keyword.builtin.VerifyElementNotPresentKeyword.execute(VerifyElementNotPresentKeyword.groovy:68)
	at com.kms.katalon.core.keyword.internal.KeywordExecutor.executeKeywordForPlatform(KeywordExecutor.groovy:74)
	at com.kms.katalon.core.webui.keyword.WebUiBuiltInKeywords.verifyElementNotPresent(WebUiBuiltInKeywords.groovy:1481)
	at com.kms.katalon.core.webui.keyword.WebUiBuiltInKeywords$verifyElementNotPresent$8.call(Unknown Source)
	at GetBrokSumPriceDaily.run(GetBrokSumPriceDaily:414)
	at com.kms.katalon.core.main.ScriptEngine.run(ScriptEngine.java:194)
	at com.kms.katalon.core.main.ScriptEngine.runScriptAsRawText(ScriptEngine.java:119)
	at com.kms.katalon.core.main.TestCaseExecutor.runScript(TestCaseExecutor.java:445)
	at com.kms.katalon.core.main.TestCaseExecutor.doExecute(TestCaseExecutor.java:436)
	at com.kms.katalon.core.main.TestCaseExecutor.processExecutionPhase(TestCaseExecutor.java:415)
	at com.kms.katalon.core.main.TestCaseExecutor.accessMainPhase(TestCaseExecutor.java:407)
	at com.kms.katalon.core.main.TestCaseExecutor.execute(TestCaseExecutor.java:284)
	at com.kms.katalon.core.common.CommonExecutor.accessTestCaseMainPhase(CommonExecutor.java:65)
	at com.kms.katalon.core.main.TestSuiteExecutor.accessTestSuiteMainPhase(TestSuiteExecutor.java:144)
	at com.kms.katalon.core.main.TestSuiteExecutor.execute(TestSuiteExecutor.java:106)
	at com.kms.katalon.core.main.TestCaseMain.startTestSuite(TestCaseMain.java:185)
	at com.kms.katalon.core.main.TestCaseMain$startTestSuite$0.call(Unknown Source)
	at TempTestSuite1705920083951.run(TempTestSuite1705920083951.groovy:36)
)

2024-01-22 17:48:15 - [MESSAGE][WARNING] - Web element with id: 'Object Repository/Stockbit/Bandarmology_Seller3' located by 'By.xpath: //*[contains(@id, 'rc-tabs-')]/div[2]/div/div/div/div/div/div[2]/table/tbody/tr[4]/td[5]/p' is present after '1' second(s) (Root cause: com.kms.katalon.core.exception.StepFailedException: Web element with id: 'Object Repository/Stockbit/Bandarmology_Seller3' located by 'By.xpath: //*[contains(@id, 'rc-tabs-')]/div[2]/div/div/div/div/div/div[2]/table/tbody/tr[4]/td[5]/p' is present after '1' second(s)
	at com.kms.katalon.core.webui.keyword.internal.WebUIKeywordMain.stepFailed(WebUIKeywordMain.groovy:64)
	at com.kms.katalon.core.webui.keyword.internal.WebUIKeywordMain$stepFailed$0.call(Unknown Source)
	at com.kms.katalon.core.webui.keyword.builtin.VerifyElementNotPresentKeyword$_verifyElementNotPresent_closure1.doCall(VerifyElementNotPresentKeyword.groovy:106)
	at com.kms.katalon.core.webui.keyword.builtin.VerifyElementNotPresentKeyword$_verifyElementNotPresent_closure1.doCall(VerifyElementNotPresentKeyword.groovy)
	at com.kms.katalon.core.webui.keyword.internal.WebUIKeywordMain.runKeyword(WebUIKeywordMain.groovy:20)
	at com.kms.katalon.core.webui.keyword.internal.WebUIKeywordMain$runKeyword.call(Unknown Source)
	at com.kms.katalon.core.webui.keyword.builtin.VerifyElementNotPresentKeyword.verifyElementNotPresent(VerifyElementNotPresentKeyword.groovy:117)
	at com.kms.katalon.core.webui.keyword.builtin.VerifyElementNotPresentKeyword.execute(VerifyElementNotPresentKeyword.groovy:68)
	at com.kms.katalon.core.keyword.internal.KeywordExecutor.executeKeywordForPlatform(KeywordExecutor.groovy:74)
	at com.kms.katalon.core.webui.keyword.WebUiBuiltInKeywords.verifyElementNotPresent(WebUiBuiltInKeywords.groovy:1481)
	at com.kms.katalon.core.webui.keyword.WebUiBuiltInKeywords$verifyElementNotPresent$8.call(Unknown Source)
	at GetBrokSumPriceDaily.run(GetBrokSumPriceDaily:414)
	at com.kms.katalon.core.main.ScriptEngine.run(ScriptEngine.java:194)
	at com.kms.katalon.core.main.ScriptEngine.runScriptAsRawText(ScriptEngine.java:119)
	at com.kms.katalon.core.main.TestCaseExecutor.runScript(TestCaseExecutor.java:445)
	at com.kms.katalon.core.main.TestCaseExecutor.doExecute(TestCaseExecutor.java:436)
	at com.kms.katalon.core.main.TestCaseExecutor.processExecutionPhase(TestCaseExecutor.java:415)
	at com.kms.katalon.core.main.TestCaseExecutor.accessMainPhase(TestCaseExecutor.java:407)
	at com.kms.katalon.core.main.TestCaseExecutor.execute(TestCaseExecutor.java:284)
	at com.kms.katalon.core.common.CommonExecutor.accessTestCaseMainPhase(CommonExecutor.java:65)
	at com.kms.katalon.core.main.TestSuiteExecutor.accessTestSuiteMainPhase(TestSuiteExecutor.java:144)
	at com.kms.katalon.core.main.TestSuiteExecutor.execute(TestSuiteExecutor.java:106)
	at com.kms.katalon.core.main.TestCaseMain.startTestSuite(TestCaseMain.java:185)
	at com.kms.katalon.core.main.TestCaseMain$startTestSuite$0.call(Unknown Source)
	at TempTestSuite1705920083951.run(TempTestSuite1705920083951.groovy:36)
)
[[ATTACHMENT|C:\\Users\\Fadli\\git\\KatalonDailyGetData2\\Reports\\20240122_174123\\TS1\\20240122_174123\\1705920495580.png]]

2024-01-22 17:48:15 - [TEST_STEP][PASSED] - else: null

2024-01-22 17:48:15 - [TEST_STEP][PASSED] - strSeller3 = getText(findTestObject("Stockbit/Bandarmology_Seller3")): Text of object 'Object Repository/Stockbit/Bandarmology_Seller3' is: 'CC'

2024-01-22 17:48:15 - [MESSAGE][PASSED] - Text of object 'Object Repository/Stockbit/Bandarmology_Seller3' is: 'CC'

2024-01-22 17:48:15 - [TEST_STEP][PASSED] - strSellerVol3 = getText(findTestObject("Stockbit/Bandarmology_SellerVol3")): Text of object 'Object Repository/Stockbit/Bandarmology_SellerVol3' is: '148'

2024-01-22 17:48:16 - [MESSAGE][PASSED] - Text of object 'Object Repository/Stockbit/Bandarmology_SellerVol3' is: '148'

2024-01-22 17:48:16 - [TEST_STEP][PASSED] - strSellerAvg3 = getText(findTestObject("Stockbit/Bandarmology_SellerAvg3")): Text of object 'Object Repository/Stockbit/Bandarmology_SellerAvg3' is: '61'

2024-01-22 17:48:16 - [MESSAGE][PASSED] - Text of object 'Object Repository/Stockbit/Bandarmology_SellerAvg3' is: '61'

2024-01-22 17:48:16 - [TEST_STEP][PASSED] - if (strSeller3 != ""): null

2024-01-22 17:48:16 - [TEST_STEP][PASSED] - if (strSellerAvg3.contains(",")): null

2024-01-22 17:48:16 - [TEST_STEP][PASSED] - if (strSellerVol3.contains(" B")): null

2024-01-22 17:48:16 - [TEST_STEP][PASSED] - strAccDist = getText(findTestObject("Stockbit/Bandarmology_AccDist")): Text of object 'Object Repository/Stockbit/Bandarmology_AccDist' is: 'Dist'

2024-01-22 17:48:16 - [MESSAGE][PASSED] - Text of object 'Object Repository/Stockbit/Bandarmology_AccDist' is: 'Dist'

2024-01-22 17:48:16 - [TEST_STEP][PASSED] - strNetVol = getText(findTestObject("Stockbit/Bandarmology_NetVol")): Text of object 'Object Repository/Stockbit/Bandarmology_NetVol' is: '7,715'

2024-01-22 17:48:16 - [MESSAGE][PASSED] - Text of object 'Object Repository/Stockbit/Bandarmology_NetVol' is: '7,715'

2024-01-22 17:48:16 - [TEST_STEP][PASSED] - strNetVol = strNetVol.replace(",", ""): null

2024-01-22 17:48:16 - [TEST_STEP][PASSED] - strNetVal = getText(findTestObject("Stockbit/Bandarmology_NetVal")): Text of object 'Object Repository/Stockbit/Bandarmology_NetVal' is: '0 B'

2024-01-22 17:48:16 - [MESSAGE][PASSED] - Text of object 'Object Repository/Stockbit/Bandarmology_NetVal' is: '0 B'

2024-01-22 17:48:16 - [TEST_STEP][PASSED] - delay(3): Delayed 3 second(s)

2024-01-22 17:48:19 - [MESSAGE][PASSED] - Delayed 3 second(s)

2024-01-22 17:48:19 - [TEST_STEP][PASSED] - strOpenPrice = getText(findTestObject("Stockbit/Home_OpenPrice")): Text of object 'Object Repository/Stockbit/Home_OpenPrice' is: '61'

2024-01-22 17:48:19 - [MESSAGE][PASSED] - Text of object 'Object Repository/Stockbit/Home_OpenPrice' is: '61'

2024-01-22 17:48:19 - [TEST_STEP][PASSED] - strOpenPrice = strOpenPrice.replace(",", ""): null

2024-01-22 17:48:19 - [TEST_STEP][PASSED] - strLowPrice = getText(findTestObject("Stockbit/Home_LowPrice")): Text of object 'Object Repository/Stockbit/Home_LowPrice' is: '59'

2024-01-22 17:48:20 - [MESSAGE][PASSED] - Text of object 'Object Repository/Stockbit/Home_LowPrice' is: '59'

2024-01-22 17:48:20 - [TEST_STEP][PASSED] - strLowPrice = strLowPrice.replace(",", ""): null

2024-01-22 17:48:20 - [TEST_STEP][PASSED] - strHighPrice = getText(findTestObject("Stockbit/Home_HighPrice")): Text of object 'Object Repository/Stockbit/Home_HighPrice' is: '62'

2024-01-22 17:48:20 - [MESSAGE][PASSED] - Text of object 'Object Repository/Stockbit/Home_HighPrice' is: '62'

2024-01-22 17:48:20 - [TEST_STEP][PASSED] - strHighPrice = strHighPrice.replace(",", ""): null

2024-01-22 17:48:20 - [TEST_STEP][PASSED] - strClosePrice = getText(findTestObject("Stockbit/Home_ClosePrice")): Text of object 'Object Repository/Stockbit/Home_ClosePrice' is: '60'

2024-01-22 17:48:20 - [MESSAGE][PASSED] - Text of object 'Object Repository/Stockbit/Home_ClosePrice' is: '60'

2024-01-22 17:48:20 - [TEST_STEP][PASSED] - strClosePrice = strClosePrice.replace(",", ""): null

2024-01-22 17:48:20 - [TEST_STEP][PASSED] - strVol = getText(findTestObject("Stockbit/Home_Volume")): Text of object 'Object Repository/Stockbit/Home_Volume' is: '13 K'

2024-01-22 17:48:20 - [MESSAGE][PASSED] - Text of object 'Object Repository/Stockbit/Home_Volume' is: '13 K'

2024-01-22 17:48:20 - [TEST_STEP][PASSED] - if (strVol.contains(" K")): null

2024-01-22 17:48:20 - [TEST_STEP][PASSED] - strVol = strVol.replace(" K", "000"): null

2024-01-22 17:48:20 - [TEST_STEP][PASSED] - if (strVol.contains(",")): null

2024-01-22 17:48:20 - [TEST_STEP][PASSED] - strChange = getText(findTestObject("Stockbit/Home_Change")): Text of object 'Object Repository/Stockbit/Home_Change' is: '-1.64%'

2024-01-22 17:48:20 - [MESSAGE][PASSED] - Text of object 'Object Repository/Stockbit/Home_Change' is: '-1.64%'

2024-01-22 17:48:20 - [TEST_STEP][PASSED] - strChange = strChange.replace("%", ""): null

2024-01-22 17:48:20 - [TEST_STEP][PASSED] - strFreq = getText(findTestObject("Stockbit/Home_Freq")): Text of object 'Object Repository/Stockbit/Home_Freq' is: '77'

2024-01-22 17:48:20 - [MESSAGE][PASSED] - Text of object 'Object Repository/Stockbit/Home_Freq' is: '77'

2024-01-22 17:48:20 - [TEST_STEP][PASSED] - if (strFreq.contains(",")): null

2024-01-22 17:48:20 - [TEST_STEP][PASSED] - if (strFreq == "NA" || strFreq == ""): null

2024-01-22 17:48:20 - [TEST_STEP][PASSED] - else: null

2024-01-22 17:48:20 - [TEST_STEP][PASSED] - dblFreqAnal = strVol.toDouble() / strFreq.toDouble() * strFreq.toDouble() * strFreq.toDouble() * 100000000: null

2024-01-22 17:48:20 - [TEST_STEP][PASSED] - strFreqAnal = String.format("%.4f", dblFreqAnal): null

2024-01-22 17:48:20 - [TEST_STEP][PASSED] - out.println("Double strFreqAnal: " + strFreqAnal): null

2024-01-22 17:48:20 - [TEST_STEP][PASSED] - strTanggal = d.format(DateTimeFormatter.ofPattern("yyyy-MM-dd")): null

2024-01-22 17:48:20 - [TEST_STEP][PASSED] - strTanggal = "#" + strTanggal + "#": null

2024-01-22 17:48:20 - [TEST_STEP][PASSED] - strSQL = "select count(*) as JumBaris from TblBrokSum where Nama = '" + strNama + "' and Tanggal = " + strTanggal + "": null

2024-01-22 17:48:20 - [TEST_STEP][PASSED] - resultSet = statement.executeQuery(strSQL): null

2024-01-22 17:48:20 - [TEST_STEP][PASSED] - resultSet.next(): null

2024-01-22 17:48:20 - [TEST_STEP][PASSED] - intJumBaris = resultSet.getInt("JumBaris"): null

2024-01-22 17:48:20 - [TEST_STEP][PASSED] - if (intJumBaris > 0): null

2024-01-22 17:48:20 - [TEST_STEP][PASSED] - else: null

2024-01-22 17:48:20 - [TEST_STEP][PASSED] - try: null

2024-01-22 17:48:20 - [TEST_STEP][PASSED] - out.println("Insert data"): null

2024-01-22 17:48:20 - [TEST_STEP][PASSED] - strSQL = "insert into TblBrokSum (nama, tanggal, top1, top2, top3, AllBrokAvg, AccDist, AvgRP, " + "Buyer1, BuyerVal1, BuyerAvg1, Seller1, SellerVal1, SellerAvg1, Buyer2, BuyerVal2, BuyerAvg2, " + "Seller2, SellerVal2, SellerAvg2, Buyer3, BuyerVal3, BuyerAvg3, Seller3, SellerVal3, SellerAvg3, NetVol, NetVal, " + "OpenPrice, LowPrice, HighPrice, ClosePrice, Volume, Change, Frekuensi, FrekAnal) " + "values ('" + strNama + "', " + strTanggal + ", '" + strTop1 + "', '" + strTop3 + "', '" + strTop5 + "', " + "'" + strAllBrokAvg + "', '" + strAccDist + "', " + intAvgRP + ", '" + strBuyer1 + "', '" + strBuyerVol1 + "', " + strBuyerAvg1 + ", " + "'" + strSeller1 + "', '" + strSellerVol1 + "', " + strSellerAvg1 + ", '" + strBuyer2 + "', '" + strBuyerVol2 + "', " + strBuyerAvg2 + ", " + "'" + strSeller2 + "', '" + strSellerVol2 + "', " + strSellerAvg2 + ", '" + strBuyer3 + "', '" + strBuyerVol3 + "', " + strBuyerAvg3 + ", " + "'" + strSeller3 + "', '" + strSellerVol3 + "', " + strSellerAvg3 + ", " + strNetVol + ", '" + strNetVal + "', " + "" + strOpenPrice + ", " + strLowPrice + ", " + strHighPrice + ", " + strClosePrice + ", '" + strVol + "', " + strChange + ", " + strFreq + ", " + strFreqAnal + ");": null

2024-01-22 17:48:20 - [TEST_STEP][PASSED] - out.println("strSQL = " + strSQL): null

2024-01-22 17:48:20 - [TEST_STEP][PASSED] - statement.executeUpdate(strSQL): null

2024-01-22 17:48:20 - [TEST_STEP][PASSED] - setValueToCellByIndex(sheet01, rowIndex, 4, "DONE"): null

2024-01-22 17:48:20 - [TEST_STEP][PASSED] - saveWorkbook(excelFilePath, workbook01): null

2024-01-22 17:48:20 - [TEST_STEP][PASSED] - waitForElementClickable(findTestObject("Stockbit/menu_Bandarmology"), 10): Object 'Object Repository/Stockbit/menu_Bandarmology' is clickable

2024-01-22 17:48:21 - [MESSAGE][PASSED] - Object 'Object Repository/Stockbit/menu_Bandarmology' is clickable

2024-01-22 17:48:21 - [TEST_STEP][PASSED] - click(findTestObject("Stockbit/menu_Bandarmology")): Object: 'Object Repository/Stockbit/menu_Bandarmology' is clicked on

2024-01-22 17:48:21 - [MESSAGE][PASSED] - Object: 'Object Repository/Stockbit/menu_Bandarmology' is clicked on

2024-01-22 17:48:21 - [TEST_STEP][PASSED] - strTemp = "NA": null

2024-01-22 17:48:21 - [TEST_STEP][PASSED] - if (getCellValueByIndex(sheet01, rowIndex, 4) != "DONE"): Object: 'Object Repository/Stockbit/menu_Bandarmology' is clicked on

2024-01-22 17:48:21 - [TEST_STEP][PASSED] - strNama = getCellValueByIndex(sheet01, rowIndex, 0): null

2024-01-22 17:48:21 - [TEST_STEP][PASSED] - navigateToUrl("https://stockbit.com/#/symbol/" + strNama): Navigate to 'https://stockbit.com/#/symbol/MTPS' successfully

2024-01-22 17:48:23 - [MESSAGE][PASSED] - Navigate to 'https://stockbit.com/#/symbol/MTPS' successfully

2024-01-22 17:48:23 - [TEST_STEP][PASSED] - waitForElementClickable(findTestObject("Stockbit/menu_Bandarmology"), 10): Object 'Object Repository/Stockbit/menu_Bandarmology' is clickable

2024-01-22 17:48:23 - [MESSAGE][PASSED] - Object 'Object Repository/Stockbit/menu_Bandarmology' is clickable

2024-01-22 17:48:23 - [TEST_STEP][PASSED] - click(findTestObject("Stockbit/menu_Bandarmology")): Object: 'Object Repository/Stockbit/menu_Bandarmology' is clicked on

2024-01-22 17:48:24 - [MESSAGE][PASSED] - Object: 'Object Repository/Stockbit/menu_Bandarmology' is clicked on

2024-01-22 17:48:24 - [TEST_STEP][PASSED] - strTanggal = d.format(DateTimeFormatter.ofPattern("MMM dd, yyyy")): null

2024-01-22 17:48:24 - [TEST_STEP][PASSED] - strTanggal = d.format(ISO_DATE): null

2024-01-22 17:48:24 - [TEST_STEP][PASSED] - out.println("strTanggal = " + strTanggal): null

2024-01-22 17:48:24 - [TEST_STEP][PASSED] - out.println("strNama = " + strNama): null

2024-01-22 17:48:24 - [TEST_STEP][PASSED] - out.println("Baris ke = " + rowIndex): null

2024-01-22 17:48:24 - [TEST_STEP][PASSED] - click(findTestObject("Stockbit/input__BandarmologyOpenStartDate")): Object: 'Object Repository/Stockbit/input__BandarmologyOpenStartDate' is clicked on

2024-01-22 17:48:25 - [MESSAGE][PASSED] - Object: 'Object Repository/Stockbit/input__BandarmologyOpenStartDate' is clicked on

2024-01-22 17:48:25 - [TEST_STEP][PASSED] - sendKeys(findTestObject("Stockbit/input__BandarmologyOpenStartDate"), Keys.chord(CONTROL, "a")): Keys 'CONTROL + a' sent to object: 'Object Repository/Stockbit/input__BandarmologyOpenStartDate'

2024-01-22 17:48:25 - [MESSAGE][PASSED] - Keys 'CONTROL + a' sent to object: 'Object Repository/Stockbit/input__BandarmologyOpenStartDate'

2024-01-22 17:48:25 - [TEST_STEP][PASSED] - sendKeys(findTestObject("Stockbit/input__BandarmologyOpenStartDate"), Keys.chord(BACK_SPACE)): Keys 'BACK_SPACE + ' sent to object: 'Object Repository/Stockbit/input__BandarmologyOpenStartDate'

2024-01-22 17:48:26 - [MESSAGE][PASSED] - Keys 'BACK_SPACE + ' sent to object: 'Object Repository/Stockbit/input__BandarmologyOpenStartDate'

2024-01-22 17:48:26 - [TEST_STEP][PASSED] - setText(findTestObject("Stockbit/input__BandarmologyOpenStartDate"), strTanggal): Text '2024-01-22' is set on object 'Object Repository/Stockbit/input__BandarmologyOpenStartDate'

2024-01-22 17:48:26 - [MESSAGE][PASSED] - Text '2024-01-22' is set on object 'Object Repository/Stockbit/input__BandarmologyOpenStartDate'

2024-01-22 17:48:26 - [TEST_STEP][PASSED] - sendKeys(findTestObject("Stockbit/input__BandarmologyOpenStartDate"), Keys.chord(ENTER)): Keys 'ENTER + ' sent to object: 'Object Repository/Stockbit/input__BandarmologyOpenStartDate'

2024-01-22 17:48:27 - [MESSAGE][PASSED] - Keys 'ENTER + ' sent to object: 'Object Repository/Stockbit/input__BandarmologyOpenStartDate'

2024-01-22 17:48:27 - [TEST_STEP][PASSED] - click(findTestObject("Stockbit/input__BandarmologyOpenEndDate")): Object: 'Object Repository/Stockbit/input__BandarmologyOpenEndDate' is clicked on

2024-01-22 17:48:27 - [MESSAGE][PASSED] - Object: 'Object Repository/Stockbit/input__BandarmologyOpenEndDate' is clicked on

2024-01-22 17:48:27 - [TEST_STEP][PASSED] - sendKeys(findTestObject("Stockbit/input__BandarmologyOpenEndDate"), Keys.chord(CONTROL, "a")): Keys 'CONTROL + a' sent to object: 'Object Repository/Stockbit/input__BandarmologyOpenEndDate'

2024-01-22 17:48:28 - [MESSAGE][PASSED] - Keys 'CONTROL + a' sent to object: 'Object Repository/Stockbit/input__BandarmologyOpenEndDate'

2024-01-22 17:48:28 - [TEST_STEP][PASSED] - sendKeys(findTestObject("Stockbit/input__BandarmologyOpenEndDate"), Keys.chord(BACK_SPACE)): Keys 'BACK_SPACE + ' sent to object: 'Object Repository/Stockbit/input__BandarmologyOpenEndDate'

2024-01-22 17:48:28 - [MESSAGE][PASSED] - Keys 'BACK_SPACE + ' sent to object: 'Object Repository/Stockbit/input__BandarmologyOpenEndDate'

2024-01-22 17:48:28 - [TEST_STEP][PASSED] - setText(findTestObject("Stockbit/input__BandarmologyOpenEndDate"), strTanggal): Text '2024-01-22' is set on object 'Object Repository/Stockbit/input__BandarmologyOpenEndDate'

2024-01-22 17:48:29 - [MESSAGE][PASSED] - Text '2024-01-22' is set on object 'Object Repository/Stockbit/input__BandarmologyOpenEndDate'

2024-01-22 17:48:29 - [TEST_STEP][PASSED] - sendKeys(findTestObject("Stockbit/input__BandarmologyOpenEndDate"), Keys.chord(ENTER)): Keys 'ENTER + ' sent to object: 'Object Repository/Stockbit/input__BandarmologyOpenEndDate'

2024-01-22 17:48:29 - [MESSAGE][PASSED] - Keys 'ENTER + ' sent to object: 'Object Repository/Stockbit/input__BandarmologyOpenEndDate'

2024-01-22 17:48:29 - [TEST_STEP][PASSED] - delay(2): Delayed 2 second(s)

2024-01-22 17:48:31 - [MESSAGE][PASSED] - Delayed 2 second(s)

2024-01-22 17:48:31 - [TEST_STEP][PASSED] - strTemp = getText(findTestObject("Stockbit/Bandarmology_AvgRP")): Text of object 'Object Repository/Stockbit/Bandarmology_AvgRP' is: '8'

2024-01-22 17:48:31 - [MESSAGE][PASSED] - Text of object 'Object Repository/Stockbit/Bandarmology_AvgRP' is: '8'

2024-01-22 17:48:31 - [TEST_STEP][PASSED] - out.println("Bandarmology_AvgRP = " + strTemp): null

2024-01-22 17:48:31 - [TEST_STEP][PASSED] - if (strTemp != "0"): null

2024-01-22 17:48:31 - [TEST_STEP][PASSED] - strTop1 = getText(findTestObject("Stockbit/Bandarmology_Top1")): Text of object 'Object Repository/Stockbit/Bandarmology_Top1' is: 'Normal Acc'

2024-01-22 17:48:31 - [MESSAGE][PASSED] - Text of object 'Object Repository/Stockbit/Bandarmology_Top1' is: 'Normal Acc'

2024-01-22 17:48:31 - [TEST_STEP][PASSED] - strTop3 = getText(findTestObject("Stockbit/Bandarmology_Top3")): Text of object 'Object Repository/Stockbit/Bandarmology_Top3' is: 'Big Acc'

2024-01-22 17:48:31 - [MESSAGE][PASSED] - Text of object 'Object Repository/Stockbit/Bandarmology_Top3' is: 'Big Acc'

2024-01-22 17:48:31 - [TEST_STEP][PASSED] - strTop5 = getText(findTestObject("Stockbit/Bandarmology_Top5")): Text of object 'Object Repository/Stockbit/Bandarmology_Top5' is: 'Neutral'

2024-01-22 17:48:32 - [MESSAGE][PASSED] - Text of object 'Object Repository/Stockbit/Bandarmology_Top5' is: 'Neutral'

2024-01-22 17:48:32 - [TEST_STEP][PASSED] - strAllBrokAvg = getText(findTestObject("Stockbit/Bandarmology_TopAVG")): Text of object 'Object Repository/Stockbit/Bandarmology_TopAVG' is: 'Normal Acc'

2024-01-22 17:48:32 - [MESSAGE][PASSED] - Text of object 'Object Repository/Stockbit/Bandarmology_TopAVG' is: 'Normal Acc'

2024-01-22 17:48:32 - [TEST_STEP][PASSED] - strTemp = getText(findTestObject("Stockbit/Bandarmology_AvgRP")): Text of object 'Object Repository/Stockbit/Bandarmology_AvgRP' is: '8'

2024-01-22 17:48:32 - [MESSAGE][PASSED] - Text of object 'Object Repository/Stockbit/Bandarmology_AvgRP' is: '8'

2024-01-22 17:48:32 - [TEST_STEP][PASSED] - if (strTemp.contains(",")): null

2024-01-22 17:48:32 - [TEST_STEP][PASSED] - intAvgRP = strTemp.toInteger(): null

2024-01-22 17:48:32 - [TEST_STEP][PASSED] - strBuyer1 = getText(findTestObject("Stockbit/Bandarmology_Buyer1")): Text of object 'Object Repository/Stockbit/Bandarmology_Buyer1' is: 'RB'

2024-01-22 17:48:32 - [MESSAGE][PASSED] - Text of object 'Object Repository/Stockbit/Bandarmology_Buyer1' is: 'RB'

2024-01-22 17:48:32 - [TEST_STEP][PASSED] - strBuyerVol1 = getText(findTestObject("Stockbit/Bandarmology_BuyerVol1")): Text of object 'Object Repository/Stockbit/Bandarmology_BuyerVol1' is: '800'

2024-01-22 17:48:32 - [MESSAGE][PASSED] - Text of object 'Object Repository/Stockbit/Bandarmology_BuyerVol1' is: '800'

2024-01-22 17:48:32 - [TEST_STEP][PASSED] - strBuyerAvg1 = getText(findTestObject("Stockbit/Bandarmology_BuyerAvg1")): Text of object 'Object Repository/Stockbit/Bandarmology_BuyerAvg1' is: '8'

2024-01-22 17:48:32 - [MESSAGE][PASSED] - Text of object 'Object Repository/Stockbit/Bandarmology_BuyerAvg1' is: '8'

2024-01-22 17:48:32 - [TEST_STEP][PASSED] - if (strBuyerAvg1.contains(",")): null

2024-01-22 17:48:32 - [TEST_STEP][PASSED] - if (strBuyerVol1.contains(" B")): null

2024-01-22 17:48:32 - [TEST_STEP][PASSED] - strSeller1 = getText(findTestObject("Stockbit/Bandarmology_Seller1")): Text of object 'Object Repository/Stockbit/Bandarmology_Seller1' is: 'HP'

2024-01-22 17:48:32 - [MESSAGE][PASSED] - Text of object 'Object Repository/Stockbit/Bandarmology_Seller1' is: 'HP'

2024-01-22 17:48:32 - [TEST_STEP][PASSED] - strSellerVol1 = getText(findTestObject("Stockbit/Bandarmology_SellerVol1")): Text of object 'Object Repository/Stockbit/Bandarmology_SellerVol1' is: '500'

2024-01-22 17:48:32 - [MESSAGE][PASSED] - Text of object 'Object Repository/Stockbit/Bandarmology_SellerVol1' is: '500'

2024-01-22 17:48:32 - [TEST_STEP][PASSED] - strSellerAvg1 = getText(findTestObject("Stockbit/Bandarmology_SellerAvg1")): Text of object 'Object Repository/Stockbit/Bandarmology_SellerAvg1' is: '8'

2024-01-22 17:48:33 - [MESSAGE][PASSED] - Text of object 'Object Repository/Stockbit/Bandarmology_SellerAvg1' is: '8'

2024-01-22 17:48:33 - [TEST_STEP][PASSED] - if (strSellerAvg1.contains(",")): null

2024-01-22 17:48:33 - [TEST_STEP][PASSED] - if (strSellerVol1.contains(" B")): null

2024-01-22 17:48:33 - [TEST_STEP][PASSED] - if (verifyElementNotPresent(findTestObject("Stockbit/Bandarmology_Buyer2"), 1, OPTIONAL)): Web element with id: 'Object Repository/Stockbit/Bandarmology_Buyer2' located by 'By.xpath: //*[contains(@id, 'rc-tabs-')]/div[2]/div/div/div/div/div/div[2]/table/tbody/tr[3]/td[1]/p' is present after '1' second(s) (Root cause: com.kms.katalon.core.exception.StepFailedException: Web element with id: 'Object Repository/Stockbit/Bandarmology_Buyer2' located by 'By.xpath: //*[contains(@id, 'rc-tabs-')]/div[2]/div/div/div/div/div/div[2]/table/tbody/tr[3]/td[1]/p' is present after '1' second(s)
	at com.kms.katalon.core.webui.keyword.internal.WebUIKeywordMain.stepFailed(WebUIKeywordMain.groovy:64)
	at com.kms.katalon.core.webui.keyword.internal.WebUIKeywordMain$stepFailed$0.call(Unknown Source)
	at com.kms.katalon.core.webui.keyword.builtin.VerifyElementNotPresentKeyword$_verifyElementNotPresent_closure1.doCall(VerifyElementNotPresentKeyword.groovy:106)
	at com.kms.katalon.core.webui.keyword.builtin.VerifyElementNotPresentKeyword$_verifyElementNotPresent_closure1.doCall(VerifyElementNotPresentKeyword.groovy)
	at com.kms.katalon.core.webui.keyword.internal.WebUIKeywordMain.runKeyword(WebUIKeywordMain.groovy:20)
	at com.kms.katalon.core.webui.keyword.internal.WebUIKeywordMain$runKeyword.call(Unknown Source)
	at com.kms.katalon.core.webui.keyword.builtin.VerifyElementNotPresentKeyword.verifyElementNotPresent(VerifyElementNotPresentKeyword.groovy:117)
	at com.kms.katalon.core.webui.keyword.builtin.VerifyElementNotPresentKeyword.execute(VerifyElementNotPresentKeyword.groovy:68)
	at com.kms.katalon.core.keyword.internal.KeywordExecutor.executeKeywordForPlatform(KeywordExecutor.groovy:74)
	at com.kms.katalon.core.webui.keyword.WebUiBuiltInKeywords.verifyElementNotPresent(WebUiBuiltInKeywords.groovy:1481)
	at com.kms.katalon.core.webui.keyword.WebUiBuiltInKeywords$verifyElementNotPresent$8.call(Unknown Source)
	at GetBrokSumPriceDaily.run(GetBrokSumPriceDaily:258)
	at com.kms.katalon.core.main.ScriptEngine.run(ScriptEngine.java:194)
	at com.kms.katalon.core.main.ScriptEngine.runScriptAsRawText(ScriptEngine.java:119)
	at com.kms.katalon.core.main.TestCaseExecutor.runScript(TestCaseExecutor.java:445)
	at com.kms.katalon.core.main.TestCaseExecutor.doExecute(TestCaseExecutor.java:436)
	at com.kms.katalon.core.main.TestCaseExecutor.processExecutionPhase(TestCaseExecutor.java:415)
	at com.kms.katalon.core.main.TestCaseExecutor.accessMainPhase(TestCaseExecutor.java:407)
	at com.kms.katalon.core.main.TestCaseExecutor.execute(TestCaseExecutor.java:284)
	at com.kms.katalon.core.common.CommonExecutor.accessTestCaseMainPhase(CommonExecutor.java:65)
	at com.kms.katalon.core.main.TestSuiteExecutor.accessTestSuiteMainPhase(TestSuiteExecutor.java:144)
	at com.kms.katalon.core.main.TestSuiteExecutor.execute(TestSuiteExecutor.java:106)
	at com.kms.katalon.core.main.TestCaseMain.startTestSuite(TestCaseMain.java:185)
	at com.kms.katalon.core.main.TestCaseMain$startTestSuite$0.call(Unknown Source)
	at TempTestSuite1705920083951.run(TempTestSuite1705920083951.groovy:36)
)

2024-01-22 17:48:34 - [MESSAGE][WARNING] - Web element with id: 'Object Repository/Stockbit/Bandarmology_Buyer2' located by 'By.xpath: //*[contains(@id, 'rc-tabs-')]/div[2]/div/div/div/div/div/div[2]/table/tbody/tr[3]/td[1]/p' is present after '1' second(s) (Root cause: com.kms.katalon.core.exception.StepFailedException: Web element with id: 'Object Repository/Stockbit/Bandarmology_Buyer2' located by 'By.xpath: //*[contains(@id, 'rc-tabs-')]/div[2]/div/div/div/div/div/div[2]/table/tbody/tr[3]/td[1]/p' is present after '1' second(s)
	at com.kms.katalon.core.webui.keyword.internal.WebUIKeywordMain.stepFailed(WebUIKeywordMain.groovy:64)
	at com.kms.katalon.core.webui.keyword.internal.WebUIKeywordMain$stepFailed$0.call(Unknown Source)
	at com.kms.katalon.core.webui.keyword.builtin.VerifyElementNotPresentKeyword$_verifyElementNotPresent_closure1.doCall(VerifyElementNotPresentKeyword.groovy:106)
	at com.kms.katalon.core.webui.keyword.builtin.VerifyElementNotPresentKeyword$_verifyElementNotPresent_closure1.doCall(VerifyElementNotPresentKeyword.groovy)
	at com.kms.katalon.core.webui.keyword.internal.WebUIKeywordMain.runKeyword(WebUIKeywordMain.groovy:20)
	at com.kms.katalon.core.webui.keyword.internal.WebUIKeywordMain$runKeyword.call(Unknown Source)
	at com.kms.katalon.core.webui.keyword.builtin.VerifyElementNotPresentKeyword.verifyElementNotPresent(VerifyElementNotPresentKeyword.groovy:117)
	at com.kms.katalon.core.webui.keyword.builtin.VerifyElementNotPresentKeyword.execute(VerifyElementNotPresentKeyword.groovy:68)
	at com.kms.katalon.core.keyword.internal.KeywordExecutor.executeKeywordForPlatform(KeywordExecutor.groovy:74)
	at com.kms.katalon.core.webui.keyword.WebUiBuiltInKeywords.verifyElementNotPresent(WebUiBuiltInKeywords.groovy:1481)
	at com.kms.katalon.core.webui.keyword.WebUiBuiltInKeywords$verifyElementNotPresent$8.call(Unknown Source)
	at GetBrokSumPriceDaily.run(GetBrokSumPriceDaily:258)
	at com.kms.katalon.core.main.ScriptEngine.run(ScriptEngine.java:194)
	at com.kms.katalon.core.main.ScriptEngine.runScriptAsRawText(ScriptEngine.java:119)
	at com.kms.katalon.core.main.TestCaseExecutor.runScript(TestCaseExecutor.java:445)
	at com.kms.katalon.core.main.TestCaseExecutor.doExecute(TestCaseExecutor.java:436)
	at com.kms.katalon.core.main.TestCaseExecutor.processExecutionPhase(TestCaseExecutor.java:415)
	at com.kms.katalon.core.main.TestCaseExecutor.accessMainPhase(TestCaseExecutor.java:407)
	at com.kms.katalon.core.main.TestCaseExecutor.execute(TestCaseExecutor.java:284)
	at com.kms.katalon.core.common.CommonExecutor.accessTestCaseMainPhase(CommonExecutor.java:65)
	at com.kms.katalon.core.main.TestSuiteExecutor.accessTestSuiteMainPhase(TestSuiteExecutor.java:144)
	at com.kms.katalon.core.main.TestSuiteExecutor.execute(TestSuiteExecutor.java:106)
	at com.kms.katalon.core.main.TestCaseMain.startTestSuite(TestCaseMain.java:185)
	at com.kms.katalon.core.main.TestCaseMain$startTestSuite$0.call(Unknown Source)
	at TempTestSuite1705920083951.run(TempTestSuite1705920083951.groovy:36)
)
[[ATTACHMENT|C:\\Users\\Fadli\\git\\KatalonDailyGetData2\\Reports\\20240122_174123\\TS1\\20240122_174123\\1705920514213.png]]

2024-01-22 17:48:34 - [TEST_STEP][PASSED] - else: null

2024-01-22 17:48:34 - [TEST_STEP][PASSED] - strBuyer2 = getText(findTestObject("Stockbit/Bandarmology_Buyer2")): Text of object 'Object Repository/Stockbit/Bandarmology_Buyer2' is: 'KK'

2024-01-22 17:48:34 - [MESSAGE][PASSED] - Text of object 'Object Repository/Stockbit/Bandarmology_Buyer2' is: 'KK'

2024-01-22 17:48:34 - [TEST_STEP][PASSED] - strBuyerVol2 = getText(findTestObject("Stockbit/Bandarmology_BuyerVol2")): Text of object 'Object Repository/Stockbit/Bandarmology_BuyerVol2' is: '500'

2024-01-22 17:48:34 - [MESSAGE][PASSED] - Text of object 'Object Repository/Stockbit/Bandarmology_BuyerVol2' is: '500'

2024-01-22 17:48:34 - [TEST_STEP][PASSED] - strBuyerAvg2 = getText(findTestObject("Stockbit/Bandarmology_BuyerAvg2")): Text of object 'Object Repository/Stockbit/Bandarmology_BuyerAvg2' is: '8'

2024-01-22 17:48:34 - [MESSAGE][PASSED] - Text of object 'Object Repository/Stockbit/Bandarmology_BuyerAvg2' is: '8'

2024-01-22 17:48:34 - [TEST_STEP][PASSED] - if (strBuyer2 != ""): null

2024-01-22 17:48:34 - [TEST_STEP][PASSED] - if (strBuyerAvg2.contains(",")): null

2024-01-22 17:48:34 - [TEST_STEP][PASSED] - if (strBuyerVol2.contains(" B")): null

2024-01-22 17:48:34 - [TEST_STEP][PASSED] - if (strBuyerVol2.contains(".")): null

2024-01-22 17:48:34 - [TEST_STEP][PASSED] - if (verifyElementNotPresent(findTestObject("Stockbit/Bandarmology_Seller2"), 1, OPTIONAL)): Web element with id: 'Object Repository/Stockbit/Bandarmology_Seller2' located by 'By.xpath: //*[contains(@id, 'rc-tabs-')]/div[2]/div/div/div/div/div/div[2]/table/tbody/tr[3]/td[5]/p' is present after '1' second(s) (Root cause: com.kms.katalon.core.exception.StepFailedException: Web element with id: 'Object Repository/Stockbit/Bandarmology_Seller2' located by 'By.xpath: //*[contains(@id, 'rc-tabs-')]/div[2]/div/div/div/div/div/div[2]/table/tbody/tr[3]/td[5]/p' is present after '1' second(s)
	at com.kms.katalon.core.webui.keyword.internal.WebUIKeywordMain.stepFailed(WebUIKeywordMain.groovy:64)
	at com.kms.katalon.core.webui.keyword.internal.WebUIKeywordMain$stepFailed$0.call(Unknown Source)
	at com.kms.katalon.core.webui.keyword.builtin.VerifyElementNotPresentKeyword$_verifyElementNotPresent_closure1.doCall(VerifyElementNotPresentKeyword.groovy:106)
	at com.kms.katalon.core.webui.keyword.builtin.VerifyElementNotPresentKeyword$_verifyElementNotPresent_closure1.doCall(VerifyElementNotPresentKeyword.groovy)
	at com.kms.katalon.core.webui.keyword.internal.WebUIKeywordMain.runKeyword(WebUIKeywordMain.groovy:20)
	at com.kms.katalon.core.webui.keyword.internal.WebUIKeywordMain$runKeyword.call(Unknown Source)
	at com.kms.katalon.core.webui.keyword.builtin.VerifyElementNotPresentKeyword.verifyElementNotPresent(VerifyElementNotPresentKeyword.groovy:117)
	at com.kms.katalon.core.webui.keyword.builtin.VerifyElementNotPresentKeyword.execute(VerifyElementNotPresentKeyword.groovy:68)
	at com.kms.katalon.core.keyword.internal.KeywordExecutor.executeKeywordForPlatform(KeywordExecutor.groovy:74)
	at com.kms.katalon.core.webui.keyword.WebUiBuiltInKeywords.verifyElementNotPresent(WebUiBuiltInKeywords.groovy:1481)
	at com.kms.katalon.core.webui.keyword.WebUiBuiltInKeywords$verifyElementNotPresent$8.call(Unknown Source)
	at GetBrokSumPriceDaily.run(GetBrokSumPriceDaily:309)
	at com.kms.katalon.core.main.ScriptEngine.run(ScriptEngine.java:194)
	at com.kms.katalon.core.main.ScriptEngine.runScriptAsRawText(ScriptEngine.java:119)
	at com.kms.katalon.core.main.TestCaseExecutor.runScript(TestCaseExecutor.java:445)
	at com.kms.katalon.core.main.TestCaseExecutor.doExecute(TestCaseExecutor.java:436)
	at com.kms.katalon.core.main.TestCaseExecutor.processExecutionPhase(TestCaseExecutor.java:415)
	at com.kms.katalon.core.main.TestCaseExecutor.accessMainPhase(TestCaseExecutor.java:407)
	at com.kms.katalon.core.main.TestCaseExecutor.execute(TestCaseExecutor.java:284)
	at com.kms.katalon.core.common.CommonExecutor.accessTestCaseMainPhase(CommonExecutor.java:65)
	at com.kms.katalon.core.main.TestSuiteExecutor.accessTestSuiteMainPhase(TestSuiteExecutor.java:144)
	at com.kms.katalon.core.main.TestSuiteExecutor.execute(TestSuiteExecutor.java:106)
	at com.kms.katalon.core.main.TestCaseMain.startTestSuite(TestCaseMain.java:185)
	at com.kms.katalon.core.main.TestCaseMain$startTestSuite$0.call(Unknown Source)
	at TempTestSuite1705920083951.run(TempTestSuite1705920083951.groovy:36)
)

2024-01-22 17:48:36 - [MESSAGE][WARNING] - Web element with id: 'Object Repository/Stockbit/Bandarmology_Seller2' located by 'By.xpath: //*[contains(@id, 'rc-tabs-')]/div[2]/div/div/div/div/div/div[2]/table/tbody/tr[3]/td[5]/p' is present after '1' second(s) (Root cause: com.kms.katalon.core.exception.StepFailedException: Web element with id: 'Object Repository/Stockbit/Bandarmology_Seller2' located by 'By.xpath: //*[contains(@id, 'rc-tabs-')]/div[2]/div/div/div/div/div/div[2]/table/tbody/tr[3]/td[5]/p' is present after '1' second(s)
	at com.kms.katalon.core.webui.keyword.internal.WebUIKeywordMain.stepFailed(WebUIKeywordMain.groovy:64)
	at com.kms.katalon.core.webui.keyword.internal.WebUIKeywordMain$stepFailed$0.call(Unknown Source)
	at com.kms.katalon.core.webui.keyword.builtin.VerifyElementNotPresentKeyword$_verifyElementNotPresent_closure1.doCall(VerifyElementNotPresentKeyword.groovy:106)
	at com.kms.katalon.core.webui.keyword.builtin.VerifyElementNotPresentKeyword$_verifyElementNotPresent_closure1.doCall(VerifyElementNotPresentKeyword.groovy)
	at com.kms.katalon.core.webui.keyword.internal.WebUIKeywordMain.runKeyword(WebUIKeywordMain.groovy:20)
	at com.kms.katalon.core.webui.keyword.internal.WebUIKeywordMain$runKeyword.call(Unknown Source)
	at com.kms.katalon.core.webui.keyword.builtin.VerifyElementNotPresentKeyword.verifyElementNotPresent(VerifyElementNotPresentKeyword.groovy:117)
	at com.kms.katalon.core.webui.keyword.builtin.VerifyElementNotPresentKeyword.execute(VerifyElementNotPresentKeyword.groovy:68)
	at com.kms.katalon.core.keyword.internal.KeywordExecutor.executeKeywordForPlatform(KeywordExecutor.groovy:74)
	at com.kms.katalon.core.webui.keyword.WebUiBuiltInKeywords.verifyElementNotPresent(WebUiBuiltInKeywords.groovy:1481)
	at com.kms.katalon.core.webui.keyword.WebUiBuiltInKeywords$verifyElementNotPresent$8.call(Unknown Source)
	at GetBrokSumPriceDaily.run(GetBrokSumPriceDaily:309)
	at com.kms.katalon.core.main.ScriptEngine.run(ScriptEngine.java:194)
	at com.kms.katalon.core.main.ScriptEngine.runScriptAsRawText(ScriptEngine.java:119)
	at com.kms.katalon.core.main.TestCaseExecutor.runScript(TestCaseExecutor.java:445)
	at com.kms.katalon.core.main.TestCaseExecutor.doExecute(TestCaseExecutor.java:436)
	at com.kms.katalon.core.main.TestCaseExecutor.processExecutionPhase(TestCaseExecutor.java:415)
	at com.kms.katalon.core.main.TestCaseExecutor.accessMainPhase(TestCaseExecutor.java:407)
	at com.kms.katalon.core.main.TestCaseExecutor.execute(TestCaseExecutor.java:284)
	at com.kms.katalon.core.common.CommonExecutor.accessTestCaseMainPhase(CommonExecutor.java:65)
	at com.kms.katalon.core.main.TestSuiteExecutor.accessTestSuiteMainPhase(TestSuiteExecutor.java:144)
	at com.kms.katalon.core.main.TestSuiteExecutor.execute(TestSuiteExecutor.java:106)
	at com.kms.katalon.core.main.TestCaseMain.startTestSuite(TestCaseMain.java:185)
	at com.kms.katalon.core.main.TestCaseMain$startTestSuite$0.call(Unknown Source)
	at TempTestSuite1705920083951.run(TempTestSuite1705920083951.groovy:36)
)
[[ATTACHMENT|C:\\Users\\Fadli\\git\\KatalonDailyGetData2\\Reports\\20240122_174123\\TS1\\20240122_174123\\1705920515915.png]]

2024-01-22 17:48:36 - [TEST_STEP][PASSED] - else: null

2024-01-22 17:48:36 - [TEST_STEP][PASSED] - strSeller2 = getText(findTestObject("Stockbit/Bandarmology_Seller2")): Text of object 'Object Repository/Stockbit/Bandarmology_Seller2' is: 'YP'

2024-01-22 17:48:36 - [MESSAGE][PASSED] - Text of object 'Object Repository/Stockbit/Bandarmology_Seller2' is: 'YP'

2024-01-22 17:48:36 - [TEST_STEP][PASSED] - strSellerVol2 = getText(findTestObject("Stockbit/Bandarmology_SellerVol2")): Text of object 'Object Repository/Stockbit/Bandarmology_SellerVol2' is: '416'

2024-01-22 17:48:36 - [MESSAGE][PASSED] - Text of object 'Object Repository/Stockbit/Bandarmology_SellerVol2' is: '416'

2024-01-22 17:48:36 - [TEST_STEP][PASSED] - strSellerAvg2 = getText(findTestObject("Stockbit/Bandarmology_SellerAvg2")): Text of object 'Object Repository/Stockbit/Bandarmology_SellerAvg2' is: '8'

2024-01-22 17:48:36 - [MESSAGE][PASSED] - Text of object 'Object Repository/Stockbit/Bandarmology_SellerAvg2' is: '8'

2024-01-22 17:48:36 - [TEST_STEP][PASSED] - if (strSeller2 != ""): null

2024-01-22 17:48:36 - [TEST_STEP][PASSED] - if (strSellerAvg2.contains(",")): null

2024-01-22 17:48:36 - [TEST_STEP][PASSED] - if (strSellerVol2.contains(" B")): null

2024-01-22 17:48:36 - [TEST_STEP][PASSED] - if (verifyElementNotPresent(findTestObject("Stockbit/Bandarmology_Buyer3"), 1, OPTIONAL)): Web element with id: 'Object Repository/Stockbit/Bandarmology_Buyer3' located by 'By.xpath: //*[contains(@id, 'rc-tabs-')]/div[2]/div/div/div/div/div/div[2]/table/tbody/tr[4]/td[1]/p' is present after '1' second(s) (Root cause: com.kms.katalon.core.exception.StepFailedException: Web element with id: 'Object Repository/Stockbit/Bandarmology_Buyer3' located by 'By.xpath: //*[contains(@id, 'rc-tabs-')]/div[2]/div/div/div/div/div/div[2]/table/tbody/tr[4]/td[1]/p' is present after '1' second(s)
	at com.kms.katalon.core.webui.keyword.internal.WebUIKeywordMain.stepFailed(WebUIKeywordMain.groovy:64)
	at com.kms.katalon.core.webui.keyword.internal.WebUIKeywordMain$stepFailed$0.call(Unknown Source)
	at com.kms.katalon.core.webui.keyword.builtin.VerifyElementNotPresentKeyword$_verifyElementNotPresent_closure1.doCall(VerifyElementNotPresentKeyword.groovy:106)
	at com.kms.katalon.core.webui.keyword.builtin.VerifyElementNotPresentKeyword$_verifyElementNotPresent_closure1.doCall(VerifyElementNotPresentKeyword.groovy)
	at com.kms.katalon.core.webui.keyword.internal.WebUIKeywordMain.runKeyword(WebUIKeywordMain.groovy:20)
	at com.kms.katalon.core.webui.keyword.internal.WebUIKeywordMain$runKeyword.call(Unknown Source)
	at com.kms.katalon.core.webui.keyword.builtin.VerifyElementNotPresentKeyword.verifyElementNotPresent(VerifyElementNotPresentKeyword.groovy:117)
	at com.kms.katalon.core.webui.keyword.builtin.VerifyElementNotPresentKeyword.execute(VerifyElementNotPresentKeyword.groovy:68)
	at com.kms.katalon.core.keyword.internal.KeywordExecutor.executeKeywordForPlatform(KeywordExecutor.groovy:74)
	at com.kms.katalon.core.webui.keyword.WebUiBuiltInKeywords.verifyElementNotPresent(WebUiBuiltInKeywords.groovy:1481)
	at com.kms.katalon.core.webui.keyword.WebUiBuiltInKeywords$verifyElementNotPresent$8.call(Unknown Source)
	at GetBrokSumPriceDaily.run(GetBrokSumPriceDaily:361)
	at com.kms.katalon.core.main.ScriptEngine.run(ScriptEngine.java:194)
	at com.kms.katalon.core.main.ScriptEngine.runScriptAsRawText(ScriptEngine.java:119)
	at com.kms.katalon.core.main.TestCaseExecutor.runScript(TestCaseExecutor.java:445)
	at com.kms.katalon.core.main.TestCaseExecutor.doExecute(TestCaseExecutor.java:436)
	at com.kms.katalon.core.main.TestCaseExecutor.processExecutionPhase(TestCaseExecutor.java:415)
	at com.kms.katalon.core.main.TestCaseExecutor.accessMainPhase(TestCaseExecutor.java:407)
	at com.kms.katalon.core.main.TestCaseExecutor.execute(TestCaseExecutor.java:284)
	at com.kms.katalon.core.common.CommonExecutor.accessTestCaseMainPhase(CommonExecutor.java:65)
	at com.kms.katalon.core.main.TestSuiteExecutor.accessTestSuiteMainPhase(TestSuiteExecutor.java:144)
	at com.kms.katalon.core.main.TestSuiteExecutor.execute(TestSuiteExecutor.java:106)
	at com.kms.katalon.core.main.TestCaseMain.startTestSuite(TestCaseMain.java:185)
	at com.kms.katalon.core.main.TestCaseMain$startTestSuite$0.call(Unknown Source)
	at TempTestSuite1705920083951.run(TempTestSuite1705920083951.groovy:36)
)

2024-01-22 17:48:37 - [MESSAGE][WARNING] - Web element with id: 'Object Repository/Stockbit/Bandarmology_Buyer3' located by 'By.xpath: //*[contains(@id, 'rc-tabs-')]/div[2]/div/div/div/div/div/div[2]/table/tbody/tr[4]/td[1]/p' is present after '1' second(s) (Root cause: com.kms.katalon.core.exception.StepFailedException: Web element with id: 'Object Repository/Stockbit/Bandarmology_Buyer3' located by 'By.xpath: //*[contains(@id, 'rc-tabs-')]/div[2]/div/div/div/div/div/div[2]/table/tbody/tr[4]/td[1]/p' is present after '1' second(s)
	at com.kms.katalon.core.webui.keyword.internal.WebUIKeywordMain.stepFailed(WebUIKeywordMain.groovy:64)
	at com.kms.katalon.core.webui.keyword.internal.WebUIKeywordMain$stepFailed$0.call(Unknown Source)
	at com.kms.katalon.core.webui.keyword.builtin.VerifyElementNotPresentKeyword$_verifyElementNotPresent_closure1.doCall(VerifyElementNotPresentKeyword.groovy:106)
	at com.kms.katalon.core.webui.keyword.builtin.VerifyElementNotPresentKeyword$_verifyElementNotPresent_closure1.doCall(VerifyElementNotPresentKeyword.groovy)
	at com.kms.katalon.core.webui.keyword.internal.WebUIKeywordMain.runKeyword(WebUIKeywordMain.groovy:20)
	at com.kms.katalon.core.webui.keyword.internal.WebUIKeywordMain$runKeyword.call(Unknown Source)
	at com.kms.katalon.core.webui.keyword.builtin.VerifyElementNotPresentKeyword.verifyElementNotPresent(VerifyElementNotPresentKeyword.groovy:117)
	at com.kms.katalon.core.webui.keyword.builtin.VerifyElementNotPresentKeyword.execute(VerifyElementNotPresentKeyword.groovy:68)
	at com.kms.katalon.core.keyword.internal.KeywordExecutor.executeKeywordForPlatform(KeywordExecutor.groovy:74)
	at com.kms.katalon.core.webui.keyword.WebUiBuiltInKeywords.verifyElementNotPresent(WebUiBuiltInKeywords.groovy:1481)
	at com.kms.katalon.core.webui.keyword.WebUiBuiltInKeywords$verifyElementNotPresent$8.call(Unknown Source)
	at GetBrokSumPriceDaily.run(GetBrokSumPriceDaily:361)
	at com.kms.katalon.core.main.ScriptEngine.run(ScriptEngine.java:194)
	at com.kms.katalon.core.main.ScriptEngine.runScriptAsRawText(ScriptEngine.java:119)
	at com.kms.katalon.core.main.TestCaseExecutor.runScript(TestCaseExecutor.java:445)
	at com.kms.katalon.core.main.TestCaseExecutor.doExecute(TestCaseExecutor.java:436)
	at com.kms.katalon.core.main.TestCaseExecutor.processExecutionPhase(TestCaseExecutor.java:415)
	at com.kms.katalon.core.main.TestCaseExecutor.accessMainPhase(TestCaseExecutor.java:407)
	at com.kms.katalon.core.main.TestCaseExecutor.execute(TestCaseExecutor.java:284)
	at com.kms.katalon.core.common.CommonExecutor.accessTestCaseMainPhase(CommonExecutor.java:65)
	at com.kms.katalon.core.main.TestSuiteExecutor.accessTestSuiteMainPhase(TestSuiteExecutor.java:144)
	at com.kms.katalon.core.main.TestSuiteExecutor.execute(TestSuiteExecutor.java:106)
	at com.kms.katalon.core.main.TestCaseMain.startTestSuite(TestCaseMain.java:185)
	at com.kms.katalon.core.main.TestCaseMain$startTestSuite$0.call(Unknown Source)
	at TempTestSuite1705920083951.run(TempTestSuite1705920083951.groovy:36)
)
[[ATTACHMENT|C:\\Users\\Fadli\\git\\KatalonDailyGetData2\\Reports\\20240122_174123\\TS1\\20240122_174123\\1705920517695.png]]

2024-01-22 17:48:37 - [TEST_STEP][PASSED] - else: null

2024-01-22 17:48:37 - [TEST_STEP][PASSED] - strBuyer3 = getText(findTestObject("Stockbit/Bandarmology_Buyer3")): Text of object 'Object Repository/Stockbit/Bandarmology_Buyer3' is: 'CP'

2024-01-22 17:48:37 - [MESSAGE][PASSED] - Text of object 'Object Repository/Stockbit/Bandarmology_Buyer3' is: 'CP'

2024-01-22 17:48:37 - [TEST_STEP][PASSED] - strBuyerVol3 = getText(findTestObject("Stockbit/Bandarmology_BuyerVol3")): Text of object 'Object Repository/Stockbit/Bandarmology_BuyerVol3' is: '264'

2024-01-22 17:48:38 - [MESSAGE][PASSED] - Text of object 'Object Repository/Stockbit/Bandarmology_BuyerVol3' is: '264'

2024-01-22 17:48:38 - [TEST_STEP][PASSED] - strBuyerAvg3 = getText(findTestObject("Stockbit/Bandarmology_BuyerAvg3")): Text of object 'Object Repository/Stockbit/Bandarmology_BuyerAvg3' is: '8'

2024-01-22 17:48:38 - [MESSAGE][PASSED] - Text of object 'Object Repository/Stockbit/Bandarmology_BuyerAvg3' is: '8'

2024-01-22 17:48:38 - [TEST_STEP][PASSED] - if (strBuyer3 != ""): null

2024-01-22 17:48:38 - [TEST_STEP][PASSED] - if (strBuyerAvg3.contains(",")): null

2024-01-22 17:48:38 - [TEST_STEP][PASSED] - if (strBuyerVol3.contains(" B")): null

2024-01-22 17:48:38 - [TEST_STEP][PASSED] - if (verifyElementNotPresent(findTestObject("Stockbit/Bandarmology_Seller3"), 1, OPTIONAL)): Web element with id: 'Object Repository/Stockbit/Bandarmology_Seller3' located by 'By.xpath: //*[contains(@id, 'rc-tabs-')]/div[2]/div/div/div/div/div/div[2]/table/tbody/tr[4]/td[5]/p' is present after '1' second(s) (Root cause: com.kms.katalon.core.exception.StepFailedException: Web element with id: 'Object Repository/Stockbit/Bandarmology_Seller3' located by 'By.xpath: //*[contains(@id, 'rc-tabs-')]/div[2]/div/div/div/div/div/div[2]/table/tbody/tr[4]/td[5]/p' is present after '1' second(s)
	at com.kms.katalon.core.webui.keyword.internal.WebUIKeywordMain.stepFailed(WebUIKeywordMain.groovy:64)
	at com.kms.katalon.core.webui.keyword.internal.WebUIKeywordMain$stepFailed$0.call(Unknown Source)
	at com.kms.katalon.core.webui.keyword.builtin.VerifyElementNotPresentKeyword$_verifyElementNotPresent_closure1.doCall(VerifyElementNotPresentKeyword.groovy:106)
	at com.kms.katalon.core.webui.keyword.builtin.VerifyElementNotPresentKeyword$_verifyElementNotPresent_closure1.doCall(VerifyElementNotPresentKeyword.groovy)
	at com.kms.katalon.core.webui.keyword.internal.WebUIKeywordMain.runKeyword(WebUIKeywordMain.groovy:20)
	at com.kms.katalon.core.webui.keyword.internal.WebUIKeywordMain$runKeyword.call(Unknown Source)
	at com.kms.katalon.core.webui.keyword.builtin.VerifyElementNotPresentKeyword.verifyElementNotPresent(VerifyElementNotPresentKeyword.groovy:117)
	at com.kms.katalon.core.webui.keyword.builtin.VerifyElementNotPresentKeyword.execute(VerifyElementNotPresentKeyword.groovy:68)
	at com.kms.katalon.core.keyword.internal.KeywordExecutor.executeKeywordForPlatform(KeywordExecutor.groovy:74)
	at com.kms.katalon.core.webui.keyword.WebUiBuiltInKeywords.verifyElementNotPresent(WebUiBuiltInKeywords.groovy:1481)
	at com.kms.katalon.core.webui.keyword.WebUiBuiltInKeywords$verifyElementNotPresent$8.call(Unknown Source)
	at GetBrokSumPriceDaily.run(GetBrokSumPriceDaily:414)
	at com.kms.katalon.core.main.ScriptEngine.run(ScriptEngine.java:194)
	at com.kms.katalon.core.main.ScriptEngine.runScriptAsRawText(ScriptEngine.java:119)
	at com.kms.katalon.core.main.TestCaseExecutor.runScript(TestCaseExecutor.java:445)
	at com.kms.katalon.core.main.TestCaseExecutor.doExecute(TestCaseExecutor.java:436)
	at com.kms.katalon.core.main.TestCaseExecutor.processExecutionPhase(TestCaseExecutor.java:415)
	at com.kms.katalon.core.main.TestCaseExecutor.accessMainPhase(TestCaseExecutor.java:407)
	at com.kms.katalon.core.main.TestCaseExecutor.execute(TestCaseExecutor.java:284)
	at com.kms.katalon.core.common.CommonExecutor.accessTestCaseMainPhase(CommonExecutor.java:65)
	at com.kms.katalon.core.main.TestSuiteExecutor.accessTestSuiteMainPhase(TestSuiteExecutor.java:144)
	at com.kms.katalon.core.main.TestSuiteExecutor.execute(TestSuiteExecutor.java:106)
	at com.kms.katalon.core.main.TestCaseMain.startTestSuite(TestCaseMain.java:185)
	at com.kms.katalon.core.main.TestCaseMain$startTestSuite$0.call(Unknown Source)
	at TempTestSuite1705920083951.run(TempTestSuite1705920083951.groovy:36)
)

2024-01-22 17:48:39 - [MESSAGE][WARNING] - Web element with id: 'Object Repository/Stockbit/Bandarmology_Seller3' located by 'By.xpath: //*[contains(@id, 'rc-tabs-')]/div[2]/div/div/div/div/div/div[2]/table/tbody/tr[4]/td[5]/p' is present after '1' second(s) (Root cause: com.kms.katalon.core.exception.StepFailedException: Web element with id: 'Object Repository/Stockbit/Bandarmology_Seller3' located by 'By.xpath: //*[contains(@id, 'rc-tabs-')]/div[2]/div/div/div/div/div/div[2]/table/tbody/tr[4]/td[5]/p' is present after '1' second(s)
	at com.kms.katalon.core.webui.keyword.internal.WebUIKeywordMain.stepFailed(WebUIKeywordMain.groovy:64)
	at com.kms.katalon.core.webui.keyword.internal.WebUIKeywordMain$stepFailed$0.call(Unknown Source)
	at com.kms.katalon.core.webui.keyword.builtin.VerifyElementNotPresentKeyword$_verifyElementNotPresent_closure1.doCall(VerifyElementNotPresentKeyword.groovy:106)
	at com.kms.katalon.core.webui.keyword.builtin.VerifyElementNotPresentKeyword$_verifyElementNotPresent_closure1.doCall(VerifyElementNotPresentKeyword.groovy)
	at com.kms.katalon.core.webui.keyword.internal.WebUIKeywordMain.runKeyword(WebUIKeywordMain.groovy:20)
	at com.kms.katalon.core.webui.keyword.internal.WebUIKeywordMain$runKeyword.call(Unknown Source)
	at com.kms.katalon.core.webui.keyword.builtin.VerifyElementNotPresentKeyword.verifyElementNotPresent(VerifyElementNotPresentKeyword.groovy:117)
	at com.kms.katalon.core.webui.keyword.builtin.VerifyElementNotPresentKeyword.execute(VerifyElementNotPresentKeyword.groovy:68)
	at com.kms.katalon.core.keyword.internal.KeywordExecutor.executeKeywordForPlatform(KeywordExecutor.groovy:74)
	at com.kms.katalon.core.webui.keyword.WebUiBuiltInKeywords.verifyElementNotPresent(WebUiBuiltInKeywords.groovy:1481)
	at com.kms.katalon.core.webui.keyword.WebUiBuiltInKeywords$verifyElementNotPresent$8.call(Unknown Source)
	at GetBrokSumPriceDaily.run(GetBrokSumPriceDaily:414)
	at com.kms.katalon.core.main.ScriptEngine.run(ScriptEngine.java:194)
	at com.kms.katalon.core.main.ScriptEngine.runScriptAsRawText(ScriptEngine.java:119)
	at com.kms.katalon.core.main.TestCaseExecutor.runScript(TestCaseExecutor.java:445)
	at com.kms.katalon.core.main.TestCaseExecutor.doExecute(TestCaseExecutor.java:436)
	at com.kms.katalon.core.main.TestCaseExecutor.processExecutionPhase(TestCaseExecutor.java:415)
	at com.kms.katalon.core.main.TestCaseExecutor.accessMainPhase(TestCaseExecutor.java:407)
	at com.kms.katalon.core.main.TestCaseExecutor.execute(TestCaseExecutor.java:284)
	at com.kms.katalon.core.common.CommonExecutor.accessTestCaseMainPhase(CommonExecutor.java:65)
	at com.kms.katalon.core.main.TestSuiteExecutor.accessTestSuiteMainPhase(TestSuiteExecutor.java:144)
	at com.kms.katalon.core.main.TestSuiteExecutor.execute(TestSuiteExecutor.java:106)
	at com.kms.katalon.core.main.TestCaseMain.startTestSuite(TestCaseMain.java:185)
	at com.kms.katalon.core.main.TestCaseMain$startTestSuite$0.call(Unknown Source)
	at TempTestSuite1705920083951.run(TempTestSuite1705920083951.groovy:36)
)
[[ATTACHMENT|C:\\Users\\Fadli\\git\\KatalonDailyGetData2\\Reports\\20240122_174123\\TS1\\20240122_174123\\1705920519374.png]]

2024-01-22 17:48:39 - [TEST_STEP][PASSED] - else: null

2024-01-22 17:48:39 - [TEST_STEP][PASSED] - strSeller3 = getText(findTestObject("Stockbit/Bandarmology_Seller3")): Text of object 'Object Repository/Stockbit/Bandarmology_Seller3' is: 'DH'

2024-01-22 17:48:39 - [MESSAGE][PASSED] - Text of object 'Object Repository/Stockbit/Bandarmology_Seller3' is: 'DH'

2024-01-22 17:48:39 - [TEST_STEP][PASSED] - strSellerVol3 = getText(findTestObject("Stockbit/Bandarmology_SellerVol3")): Text of object 'Object Repository/Stockbit/Bandarmology_SellerVol3' is: '297'

2024-01-22 17:48:39 - [MESSAGE][PASSED] - Text of object 'Object Repository/Stockbit/Bandarmology_SellerVol3' is: '297'

2024-01-22 17:48:39 - [TEST_STEP][PASSED] - strSellerAvg3 = getText(findTestObject("Stockbit/Bandarmology_SellerAvg3")): Text of object 'Object Repository/Stockbit/Bandarmology_SellerAvg3' is: '8'

2024-01-22 17:48:39 - [MESSAGE][PASSED] - Text of object 'Object Repository/Stockbit/Bandarmology_SellerAvg3' is: '8'

2024-01-22 17:48:39 - [TEST_STEP][PASSED] - if (strSeller3 != ""): null

2024-01-22 17:48:39 - [TEST_STEP][PASSED] - if (strSellerAvg3.contains(",")): null

2024-01-22 17:48:39 - [TEST_STEP][PASSED] - if (strSellerVol3.contains(" B")): null

2024-01-22 17:48:39 - [TEST_STEP][PASSED] - strAccDist = getText(findTestObject("Stockbit/Bandarmology_AccDist")): Text of object 'Object Repository/Stockbit/Bandarmology_AccDist' is: 'Acc'

2024-01-22 17:48:40 - [MESSAGE][PASSED] - Text of object 'Object Repository/Stockbit/Bandarmology_AccDist' is: 'Acc'

2024-01-22 17:48:40 - [TEST_STEP][PASSED] - strNetVol = getText(findTestObject("Stockbit/Bandarmology_NetVol")): Text of object 'Object Repository/Stockbit/Bandarmology_NetVol' is: '1,703'

2024-01-22 17:48:40 - [MESSAGE][PASSED] - Text of object 'Object Repository/Stockbit/Bandarmology_NetVol' is: '1,703'

2024-01-22 17:48:40 - [TEST_STEP][PASSED] - strNetVol = strNetVol.replace(",", ""): null

2024-01-22 17:48:40 - [TEST_STEP][PASSED] - strNetVal = getText(findTestObject("Stockbit/Bandarmology_NetVal")): Text of object 'Object Repository/Stockbit/Bandarmology_NetVal' is: '0 B'

2024-01-22 17:48:40 - [MESSAGE][PASSED] - Text of object 'Object Repository/Stockbit/Bandarmology_NetVal' is: '0 B'

2024-01-22 17:48:40 - [TEST_STEP][PASSED] - delay(3): Delayed 3 second(s)

2024-01-22 17:48:43 - [MESSAGE][PASSED] - Delayed 3 second(s)

2024-01-22 17:48:43 - [TEST_STEP][PASSED] - strOpenPrice = getText(findTestObject("Stockbit/Home_OpenPrice")): Text of object 'Object Repository/Stockbit/Home_OpenPrice' is: '8'

2024-01-22 17:48:43 - [MESSAGE][PASSED] - Text of object 'Object Repository/Stockbit/Home_OpenPrice' is: '8'

2024-01-22 17:48:43 - [TEST_STEP][PASSED] - strOpenPrice = strOpenPrice.replace(",", ""): null

2024-01-22 17:48:43 - [TEST_STEP][PASSED] - strLowPrice = getText(findTestObject("Stockbit/Home_LowPrice")): Text of object 'Object Repository/Stockbit/Home_LowPrice' is: '8'

2024-01-22 17:48:43 - [MESSAGE][PASSED] - Text of object 'Object Repository/Stockbit/Home_LowPrice' is: '8'

2024-01-22 17:48:43 - [TEST_STEP][PASSED] - strLowPrice = strLowPrice.replace(",", ""): null

2024-01-22 17:48:43 - [TEST_STEP][PASSED] - strHighPrice = getText(findTestObject("Stockbit/Home_HighPrice")): Text of object 'Object Repository/Stockbit/Home_HighPrice' is: '8'

2024-01-22 17:48:43 - [MESSAGE][PASSED] - Text of object 'Object Repository/Stockbit/Home_HighPrice' is: '8'

2024-01-22 17:48:43 - [TEST_STEP][PASSED] - strHighPrice = strHighPrice.replace(",", ""): null

2024-01-22 17:48:43 - [TEST_STEP][PASSED] - strClosePrice = getText(findTestObject("Stockbit/Home_ClosePrice")): Text of object 'Object Repository/Stockbit/Home_ClosePrice' is: '8'

2024-01-22 17:48:43 - [MESSAGE][PASSED] - Text of object 'Object Repository/Stockbit/Home_ClosePrice' is: '8'

2024-01-22 17:48:43 - [TEST_STEP][PASSED] - strClosePrice = strClosePrice.replace(",", ""): null

2024-01-22 17:48:43 - [TEST_STEP][PASSED] - strVol = getText(findTestObject("Stockbit/Home_Volume")): Text of object 'Object Repository/Stockbit/Home_Volume' is: '2 K'

2024-01-22 17:48:43 - [MESSAGE][PASSED] - Text of object 'Object Repository/Stockbit/Home_Volume' is: '2 K'

2024-01-22 17:48:43 - [TEST_STEP][PASSED] - if (strVol.contains(" K")): null

2024-01-22 17:48:43 - [TEST_STEP][PASSED] - strVol = strVol.replace(" K", "000"): null

2024-01-22 17:48:43 - [TEST_STEP][PASSED] - if (strVol.contains(",")): null

2024-01-22 17:48:43 - [TEST_STEP][PASSED] - strChange = getText(findTestObject("Stockbit/Home_Change")): Text of object 'Object Repository/Stockbit/Home_Change' is: '0.00%'

2024-01-22 17:48:43 - [MESSAGE][PASSED] - Text of object 'Object Repository/Stockbit/Home_Change' is: '0.00%'

2024-01-22 17:48:43 - [TEST_STEP][PASSED] - strChange = strChange.replace("%", ""): null

2024-01-22 17:48:43 - [TEST_STEP][PASSED] - strFreq = getText(findTestObject("Stockbit/Home_Freq")): Text of object 'Object Repository/Stockbit/Home_Freq' is: '19'

2024-01-22 17:48:44 - [MESSAGE][PASSED] - Text of object 'Object Repository/Stockbit/Home_Freq' is: '19'

2024-01-22 17:48:44 - [TEST_STEP][PASSED] - if (strFreq.contains(",")): null

2024-01-22 17:48:44 - [TEST_STEP][PASSED] - if (strFreq == "NA" || strFreq == ""): null

2024-01-22 17:48:44 - [TEST_STEP][PASSED] - else: null

2024-01-22 17:48:44 - [TEST_STEP][PASSED] - dblFreqAnal = strVol.toDouble() / strFreq.toDouble() * strFreq.toDouble() * strFreq.toDouble() * 100000000: null

2024-01-22 17:48:44 - [TEST_STEP][PASSED] - strFreqAnal = String.format("%.4f", dblFreqAnal): null

2024-01-22 17:48:44 - [TEST_STEP][PASSED] - out.println("Double strFreqAnal: " + strFreqAnal): null

2024-01-22 17:48:44 - [TEST_STEP][PASSED] - strTanggal = d.format(DateTimeFormatter.ofPattern("yyyy-MM-dd")): null

2024-01-22 17:48:44 - [TEST_STEP][PASSED] - strTanggal = "#" + strTanggal + "#": null

2024-01-22 17:48:44 - [TEST_STEP][PASSED] - strSQL = "select count(*) as JumBaris from TblBrokSum where Nama = '" + strNama + "' and Tanggal = " + strTanggal + "": null

2024-01-22 17:48:44 - [TEST_STEP][PASSED] - resultSet = statement.executeQuery(strSQL): null

2024-01-22 17:48:44 - [TEST_STEP][PASSED] - resultSet.next(): null

2024-01-22 17:48:44 - [TEST_STEP][PASSED] - intJumBaris = resultSet.getInt("JumBaris"): null

2024-01-22 17:48:44 - [TEST_STEP][PASSED] - if (intJumBaris > 0): null

2024-01-22 17:48:44 - [TEST_STEP][PASSED] - else: null

2024-01-22 17:48:44 - [TEST_STEP][PASSED] - try: null

2024-01-22 17:48:44 - [TEST_STEP][PASSED] - out.println("Insert data"): null

2024-01-22 17:48:44 - [TEST_STEP][PASSED] - strSQL = "insert into TblBrokSum (nama, tanggal, top1, top2, top3, AllBrokAvg, AccDist, AvgRP, " + "Buyer1, BuyerVal1, BuyerAvg1, Seller1, SellerVal1, SellerAvg1, Buyer2, BuyerVal2, BuyerAvg2, " + "Seller2, SellerVal2, SellerAvg2, Buyer3, BuyerVal3, BuyerAvg3, Seller3, SellerVal3, SellerAvg3, NetVol, NetVal, " + "OpenPrice, LowPrice, HighPrice, ClosePrice, Volume, Change, Frekuensi, FrekAnal) " + "values ('" + strNama + "', " + strTanggal + ", '" + strTop1 + "', '" + strTop3 + "', '" + strTop5 + "', " + "'" + strAllBrokAvg + "', '" + strAccDist + "', " + intAvgRP + ", '" + strBuyer1 + "', '" + strBuyerVol1 + "', " + strBuyerAvg1 + ", " + "'" + strSeller1 + "', '" + strSellerVol1 + "', " + strSellerAvg1 + ", '" + strBuyer2 + "', '" + strBuyerVol2 + "', " + strBuyerAvg2 + ", " + "'" + strSeller2 + "', '" + strSellerVol2 + "', " + strSellerAvg2 + ", '" + strBuyer3 + "', '" + strBuyerVol3 + "', " + strBuyerAvg3 + ", " + "'" + strSeller3 + "', '" + strSellerVol3 + "', " + strSellerAvg3 + ", " + strNetVol + ", '" + strNetVal + "', " + "" + strOpenPrice + ", " + strLowPrice + ", " + strHighPrice + ", " + strClosePrice + ", '" + strVol + "', " + strChange + ", " + strFreq + ", " + strFreqAnal + ");": null

2024-01-22 17:48:44 - [TEST_STEP][PASSED] - out.println("strSQL = " + strSQL): null

2024-01-22 17:48:44 - [TEST_STEP][PASSED] - statement.executeUpdate(strSQL): null

2024-01-22 17:48:44 - [TEST_STEP][PASSED] - setValueToCellByIndex(sheet01, rowIndex, 4, "DONE"): null

2024-01-22 17:48:44 - [TEST_STEP][PASSED] - saveWorkbook(excelFilePath, workbook01): null

2024-01-22 17:48:44 - [TEST_STEP][PASSED] - waitForElementClickable(findTestObject("Stockbit/menu_Bandarmology"), 10): Object 'Object Repository/Stockbit/menu_Bandarmology' is clickable

2024-01-22 17:48:44 - [MESSAGE][PASSED] - Object 'Object Repository/Stockbit/menu_Bandarmology' is clickable

2024-01-22 17:48:44 - [TEST_STEP][PASSED] - click(findTestObject("Stockbit/menu_Bandarmology")): Object: 'Object Repository/Stockbit/menu_Bandarmology' is clicked on

2024-01-22 17:48:44 - [MESSAGE][PASSED] - Object: 'Object Repository/Stockbit/menu_Bandarmology' is clicked on

2024-01-22 17:48:44 - [TEST_STEP][PASSED] - strTemp = "NA": null

2024-01-22 17:48:44 - [TEST_STEP][PASSED] - if (getCellValueByIndex(sheet01, rowIndex, 4) != "DONE"): Object: 'Object Repository/Stockbit/menu_Bandarmology' is clicked on

2024-01-22 17:48:44 - [TEST_STEP][PASSED] - strNama = getCellValueByIndex(sheet01, rowIndex, 0): null

2024-01-22 17:48:44 - [TEST_STEP][PASSED] - navigateToUrl("https://stockbit.com/#/symbol/" + strNama): Navigate to 'https://stockbit.com/#/symbol/BBHI' successfully

2024-01-22 17:48:46 - [MESSAGE][PASSED] - Navigate to 'https://stockbit.com/#/symbol/BBHI' successfully

2024-01-22 17:48:46 - [TEST_STEP][PASSED] - waitForElementClickable(findTestObject("Stockbit/menu_Bandarmology"), 10): Object 'Object Repository/Stockbit/menu_Bandarmology' is clickable

2024-01-22 17:48:46 - [MESSAGE][PASSED] - Object 'Object Repository/Stockbit/menu_Bandarmology' is clickable

2024-01-22 17:48:46 - [TEST_STEP][PASSED] - click(findTestObject("Stockbit/menu_Bandarmology")): Object: 'Object Repository/Stockbit/menu_Bandarmology' is clicked on

2024-01-22 17:48:47 - [MESSAGE][PASSED] - Object: 'Object Repository/Stockbit/menu_Bandarmology' is clicked on

2024-01-22 17:48:47 - [TEST_STEP][PASSED] - strTanggal = d.format(DateTimeFormatter.ofPattern("MMM dd, yyyy")): null

2024-01-22 17:48:47 - [TEST_STEP][PASSED] - strTanggal = d.format(ISO_DATE): null

2024-01-22 17:48:47 - [TEST_STEP][PASSED] - out.println("strTanggal = " + strTanggal): null

2024-01-22 17:48:47 - [TEST_STEP][PASSED] - out.println("strNama = " + strNama): null

2024-01-22 17:48:47 - [TEST_STEP][PASSED] - out.println("Baris ke = " + rowIndex): null

2024-01-22 17:48:47 - [TEST_STEP][PASSED] - click(findTestObject("Stockbit/input__BandarmologyOpenStartDate")): Object: 'Object Repository/Stockbit/input__BandarmologyOpenStartDate' is clicked on

2024-01-22 17:48:49 - [MESSAGE][PASSED] - Object: 'Object Repository/Stockbit/input__BandarmologyOpenStartDate' is clicked on

2024-01-22 17:48:49 - [TEST_STEP][PASSED] - sendKeys(findTestObject("Stockbit/input__BandarmologyOpenStartDate"), Keys.chord(CONTROL, "a")): Keys 'CONTROL + a' sent to object: 'Object Repository/Stockbit/input__BandarmologyOpenStartDate'

2024-01-22 17:48:49 - [MESSAGE][PASSED] - Keys 'CONTROL + a' sent to object: 'Object Repository/Stockbit/input__BandarmologyOpenStartDate'

2024-01-22 17:48:49 - [TEST_STEP][PASSED] - sendKeys(findTestObject("Stockbit/input__BandarmologyOpenStartDate"), Keys.chord(BACK_SPACE)): Keys 'BACK_SPACE + ' sent to object: 'Object Repository/Stockbit/input__BandarmologyOpenStartDate'

2024-01-22 17:48:50 - [MESSAGE][PASSED] - Keys 'BACK_SPACE + ' sent to object: 'Object Repository/Stockbit/input__BandarmologyOpenStartDate'

2024-01-22 17:48:50 - [TEST_STEP][PASSED] - setText(findTestObject("Stockbit/input__BandarmologyOpenStartDate"), strTanggal): Text '2024-01-22' is set on object 'Object Repository/Stockbit/input__BandarmologyOpenStartDate'

2024-01-22 17:48:51 - [MESSAGE][PASSED] - Text '2024-01-22' is set on object 'Object Repository/Stockbit/input__BandarmologyOpenStartDate'

2024-01-22 17:48:51 - [TEST_STEP][PASSED] - sendKeys(findTestObject("Stockbit/input__BandarmologyOpenStartDate"), Keys.chord(ENTER)): Keys 'ENTER + ' sent to object: 'Object Repository/Stockbit/input__BandarmologyOpenStartDate'

2024-01-22 17:48:51 - [MESSAGE][PASSED] - Keys 'ENTER + ' sent to object: 'Object Repository/Stockbit/input__BandarmologyOpenStartDate'

2024-01-22 17:48:51 - [TEST_STEP][PASSED] - click(findTestObject("Stockbit/input__BandarmologyOpenEndDate")): Object: 'Object Repository/Stockbit/input__BandarmologyOpenEndDate' is clicked on

2024-01-22 17:48:52 - [MESSAGE][PASSED] - Object: 'Object Repository/Stockbit/input__BandarmologyOpenEndDate' is clicked on

2024-01-22 17:48:52 - [TEST_STEP][PASSED] - sendKeys(findTestObject("Stockbit/input__BandarmologyOpenEndDate"), Keys.chord(CONTROL, "a")): Keys 'CONTROL + a' sent to object: 'Object Repository/Stockbit/input__BandarmologyOpenEndDate'

2024-01-22 17:48:52 - [MESSAGE][PASSED] - Keys 'CONTROL + a' sent to object: 'Object Repository/Stockbit/input__BandarmologyOpenEndDate'

2024-01-22 17:48:52 - [TEST_STEP][PASSED] - sendKeys(findTestObject("Stockbit/input__BandarmologyOpenEndDate"), Keys.chord(BACK_SPACE)): Keys 'BACK_SPACE + ' sent to object: 'Object Repository/Stockbit/input__BandarmologyOpenEndDate'

2024-01-22 17:48:52 - [MESSAGE][PASSED] - Keys 'BACK_SPACE + ' sent to object: 'Object Repository/Stockbit/input__BandarmologyOpenEndDate'

2024-01-22 17:48:52 - [TEST_STEP][PASSED] - setText(findTestObject("Stockbit/input__BandarmologyOpenEndDate"), strTanggal): Text '2024-01-22' is set on object 'Object Repository/Stockbit/input__BandarmologyOpenEndDate'

2024-01-22 17:48:53 - [MESSAGE][PASSED] - Text '2024-01-22' is set on object 'Object Repository/Stockbit/input__BandarmologyOpenEndDate'

2024-01-22 17:48:53 - [TEST_STEP][PASSED] - sendKeys(findTestObject("Stockbit/input__BandarmologyOpenEndDate"), Keys.chord(ENTER)): Keys 'ENTER + ' sent to object: 'Object Repository/Stockbit/input__BandarmologyOpenEndDate'

2024-01-22 17:48:54 - [MESSAGE][PASSED] - Keys 'ENTER + ' sent to object: 'Object Repository/Stockbit/input__BandarmologyOpenEndDate'

2024-01-22 17:48:54 - [TEST_STEP][PASSED] - delay(2): Delayed 2 second(s)

2024-01-22 17:48:56 - [MESSAGE][PASSED] - Delayed 2 second(s)

2024-01-22 17:48:56 - [TEST_STEP][PASSED] - strTemp = getText(findTestObject("Stockbit/Bandarmology_AvgRP")): Text of object 'Object Repository/Stockbit/Bandarmology_AvgRP' is: '1,273'

2024-01-22 17:48:56 - [MESSAGE][PASSED] - Text of object 'Object Repository/Stockbit/Bandarmology_AvgRP' is: '1,273'

2024-01-22 17:48:56 - [TEST_STEP][PASSED] - out.println("Bandarmology_AvgRP = " + strTemp): null

2024-01-22 17:48:56 - [TEST_STEP][PASSED] - if (strTemp != "0"): null

2024-01-22 17:48:56 - [TEST_STEP][PASSED] - strTop1 = getText(findTestObject("Stockbit/Bandarmology_Top1")): Text of object 'Object Repository/Stockbit/Bandarmology_Top1' is: 'Normal Acc'

2024-01-22 17:48:56 - [MESSAGE][PASSED] - Text of object 'Object Repository/Stockbit/Bandarmology_Top1' is: 'Normal Acc'

2024-01-22 17:48:56 - [TEST_STEP][PASSED] - strTop3 = getText(findTestObject("Stockbit/Bandarmology_Top3")): Text of object 'Object Repository/Stockbit/Bandarmology_Top3' is: 'Big Acc'

2024-01-22 17:48:56 - [MESSAGE][PASSED] - Text of object 'Object Repository/Stockbit/Bandarmology_Top3' is: 'Big Acc'

2024-01-22 17:48:56 - [TEST_STEP][PASSED] - strTop5 = getText(findTestObject("Stockbit/Bandarmology_Top5")): Text of object 'Object Repository/Stockbit/Bandarmology_Top5' is: 'Small Acc'

2024-01-22 17:48:56 - [MESSAGE][PASSED] - Text of object 'Object Repository/Stockbit/Bandarmology_Top5' is: 'Small Acc'

2024-01-22 17:48:56 - [TEST_STEP][PASSED] - strAllBrokAvg = getText(findTestObject("Stockbit/Bandarmology_TopAVG")): Text of object 'Object Repository/Stockbit/Bandarmology_TopAVG' is: 'Normal Acc'

2024-01-22 17:48:57 - [MESSAGE][PASSED] - Text of object 'Object Repository/Stockbit/Bandarmology_TopAVG' is: 'Normal Acc'

2024-01-22 17:48:57 - [TEST_STEP][PASSED] - strTemp = getText(findTestObject("Stockbit/Bandarmology_AvgRP")): Text of object 'Object Repository/Stockbit/Bandarmology_AvgRP' is: '1,273'

2024-01-22 17:48:57 - [MESSAGE][PASSED] - Text of object 'Object Repository/Stockbit/Bandarmology_AvgRP' is: '1,273'

2024-01-22 17:48:57 - [TEST_STEP][PASSED] - if (strTemp.contains(",")): null

2024-01-22 17:48:57 - [TEST_STEP][PASSED] - strTemp = strTemp.replace(",", ""): null

2024-01-22 17:48:57 - [TEST_STEP][PASSED] - intAvgRP = strTemp.toInteger(): null

2024-01-22 17:48:57 - [TEST_STEP][PASSED] - strBuyer1 = getText(findTestObject("Stockbit/Bandarmology_Buyer1")): Text of object 'Object Repository/Stockbit/Bandarmology_Buyer1' is: 'YU'

2024-01-22 17:48:57 - [MESSAGE][PASSED] - Text of object 'Object Repository/Stockbit/Bandarmology_Buyer1' is: 'YU'

2024-01-22 17:48:57 - [TEST_STEP][PASSED] - strBuyerVol1 = getText(findTestObject("Stockbit/Bandarmology_BuyerVol1")): Text of object 'Object Repository/Stockbit/Bandarmology_BuyerVol1' is: '1.3 K'

2024-01-22 17:48:57 - [MESSAGE][PASSED] - Text of object 'Object Repository/Stockbit/Bandarmology_BuyerVol1' is: '1.3 K'

2024-01-22 17:48:57 - [TEST_STEP][PASSED] - strBuyerAvg1 = getText(findTestObject("Stockbit/Bandarmology_BuyerAvg1")): Text of object 'Object Repository/Stockbit/Bandarmology_BuyerAvg1' is: '1,276'

2024-01-22 17:48:57 - [MESSAGE][PASSED] - Text of object 'Object Repository/Stockbit/Bandarmology_BuyerAvg1' is: '1,276'

2024-01-22 17:48:57 - [TEST_STEP][PASSED] - if (strBuyerAvg1.contains(",")): null

2024-01-22 17:48:57 - [TEST_STEP][PASSED] - strBuyerAvg1 = strBuyerAvg1.replace(",", ""): null

2024-01-22 17:48:57 - [TEST_STEP][PASSED] - if (strBuyerVol1.contains(" B")): null

2024-01-22 17:48:57 - [TEST_STEP][PASSED] - else if (strBuyerVol1.contains(" M")): null

2024-01-22 17:48:57 - [TEST_STEP][PASSED] - else if (strBuyerVol1.contains(" K")): null

2024-01-22 17:48:57 - [TEST_STEP][PASSED] - strBuyerVol1 = strBuyerVol1.replace(" K", ""): null

2024-01-22 17:48:57 - [TEST_STEP][PASSED] - strBuyerVol1 = strBuyerVol1.toDouble() * 1000: null

2024-01-22 17:48:57 - [TEST_STEP][PASSED] - strSeller1 = getText(findTestObject("Stockbit/Bandarmology_Seller1")): Text of object 'Object Repository/Stockbit/Bandarmology_Seller1' is: 'PD'

2024-01-22 17:48:57 - [MESSAGE][PASSED] - Text of object 'Object Repository/Stockbit/Bandarmology_Seller1' is: 'PD'

2024-01-22 17:48:57 - [TEST_STEP][PASSED] - strSellerVol1 = getText(findTestObject("Stockbit/Bandarmology_SellerVol1")): Text of object 'Object Repository/Stockbit/Bandarmology_SellerVol1' is: '815'

2024-01-22 17:48:58 - [MESSAGE][PASSED] - Text of object 'Object Repository/Stockbit/Bandarmology_SellerVol1' is: '815'

2024-01-22 17:48:58 - [TEST_STEP][PASSED] - strSellerAvg1 = getText(findTestObject("Stockbit/Bandarmology_SellerAvg1")): Text of object 'Object Repository/Stockbit/Bandarmology_SellerAvg1' is: '1,275'

2024-01-22 17:48:58 - [MESSAGE][PASSED] - Text of object 'Object Repository/Stockbit/Bandarmology_SellerAvg1' is: '1,275'

2024-01-22 17:48:58 - [TEST_STEP][PASSED] - if (strSellerAvg1.contains(",")): null

2024-01-22 17:48:58 - [TEST_STEP][PASSED] - strSellerAvg1 = strSellerAvg1.replace(",", ""): null

2024-01-22 17:48:58 - [TEST_STEP][PASSED] - if (strSellerVol1.contains(" B")): null

2024-01-22 17:48:58 - [TEST_STEP][PASSED] - if (verifyElementNotPresent(findTestObject("Stockbit/Bandarmology_Buyer2"), 1, OPTIONAL)): Web element with id: 'Object Repository/Stockbit/Bandarmology_Buyer2' located by 'By.xpath: //*[contains(@id, 'rc-tabs-')]/div[2]/div/div/div/div/div/div[2]/table/tbody/tr[3]/td[1]/p' is present after '1' second(s) (Root cause: com.kms.katalon.core.exception.StepFailedException: Web element with id: 'Object Repository/Stockbit/Bandarmology_Buyer2' located by 'By.xpath: //*[contains(@id, 'rc-tabs-')]/div[2]/div/div/div/div/div/div[2]/table/tbody/tr[3]/td[1]/p' is present after '1' second(s)
	at com.kms.katalon.core.webui.keyword.internal.WebUIKeywordMain.stepFailed(WebUIKeywordMain.groovy:64)
	at com.kms.katalon.core.webui.keyword.internal.WebUIKeywordMain$stepFailed$0.call(Unknown Source)
	at com.kms.katalon.core.webui.keyword.builtin.VerifyElementNotPresentKeyword$_verifyElementNotPresent_closure1.doCall(VerifyElementNotPresentKeyword.groovy:106)
	at com.kms.katalon.core.webui.keyword.builtin.VerifyElementNotPresentKeyword$_verifyElementNotPresent_closure1.doCall(VerifyElementNotPresentKeyword.groovy)
	at com.kms.katalon.core.webui.keyword.internal.WebUIKeywordMain.runKeyword(WebUIKeywordMain.groovy:20)
	at com.kms.katalon.core.webui.keyword.internal.WebUIKeywordMain$runKeyword.call(Unknown Source)
	at com.kms.katalon.core.webui.keyword.builtin.VerifyElementNotPresentKeyword.verifyElementNotPresent(VerifyElementNotPresentKeyword.groovy:117)
	at com.kms.katalon.core.webui.keyword.builtin.VerifyElementNotPresentKeyword.execute(VerifyElementNotPresentKeyword.groovy:68)
	at com.kms.katalon.core.keyword.internal.KeywordExecutor.executeKeywordForPlatform(KeywordExecutor.groovy:74)
	at com.kms.katalon.core.webui.keyword.WebUiBuiltInKeywords.verifyElementNotPresent(WebUiBuiltInKeywords.groovy:1481)
	at com.kms.katalon.core.webui.keyword.WebUiBuiltInKeywords$verifyElementNotPresent$8.call(Unknown Source)
	at GetBrokSumPriceDaily.run(GetBrokSumPriceDaily:258)
	at com.kms.katalon.core.main.ScriptEngine.run(ScriptEngine.java:194)
	at com.kms.katalon.core.main.ScriptEngine.runScriptAsRawText(ScriptEngine.java:119)
	at com.kms.katalon.core.main.TestCaseExecutor.runScript(TestCaseExecutor.java:445)
	at com.kms.katalon.core.main.TestCaseExecutor.doExecute(TestCaseExecutor.java:436)
	at com.kms.katalon.core.main.TestCaseExecutor.processExecutionPhase(TestCaseExecutor.java:415)
	at com.kms.katalon.core.main.TestCaseExecutor.accessMainPhase(TestCaseExecutor.java:407)
	at com.kms.katalon.core.main.TestCaseExecutor.execute(TestCaseExecutor.java:284)
	at com.kms.katalon.core.common.CommonExecutor.accessTestCaseMainPhase(CommonExecutor.java:65)
	at com.kms.katalon.core.main.TestSuiteExecutor.accessTestSuiteMainPhase(TestSuiteExecutor.java:144)
	at com.kms.katalon.core.main.TestSuiteExecutor.execute(TestSuiteExecutor.java:106)
	at com.kms.katalon.core.main.TestCaseMain.startTestSuite(TestCaseMain.java:185)
	at com.kms.katalon.core.main.TestCaseMain$startTestSuite$0.call(Unknown Source)
	at TempTestSuite1705920083951.run(TempTestSuite1705920083951.groovy:36)
)

2024-01-22 17:48:59 - [MESSAGE][WARNING] - Web element with id: 'Object Repository/Stockbit/Bandarmology_Buyer2' located by 'By.xpath: //*[contains(@id, 'rc-tabs-')]/div[2]/div/div/div/div/div/div[2]/table/tbody/tr[3]/td[1]/p' is present after '1' second(s) (Root cause: com.kms.katalon.core.exception.StepFailedException: Web element with id: 'Object Repository/Stockbit/Bandarmology_Buyer2' located by 'By.xpath: //*[contains(@id, 'rc-tabs-')]/div[2]/div/div/div/div/div/div[2]/table/tbody/tr[3]/td[1]/p' is present after '1' second(s)
	at com.kms.katalon.core.webui.keyword.internal.WebUIKeywordMain.stepFailed(WebUIKeywordMain.groovy:64)
	at com.kms.katalon.core.webui.keyword.internal.WebUIKeywordMain$stepFailed$0.call(Unknown Source)
	at com.kms.katalon.core.webui.keyword.builtin.VerifyElementNotPresentKeyword$_verifyElementNotPresent_closure1.doCall(VerifyElementNotPresentKeyword.groovy:106)
	at com.kms.katalon.core.webui.keyword.builtin.VerifyElementNotPresentKeyword$_verifyElementNotPresent_closure1.doCall(VerifyElementNotPresentKeyword.groovy)
	at com.kms.katalon.core.webui.keyword.internal.WebUIKeywordMain.runKeyword(WebUIKeywordMain.groovy:20)
	at com.kms.katalon.core.webui.keyword.internal.WebUIKeywordMain$runKeyword.call(Unknown Source)
	at com.kms.katalon.core.webui.keyword.builtin.VerifyElementNotPresentKeyword.verifyElementNotPresent(VerifyElementNotPresentKeyword.groovy:117)
	at com.kms.katalon.core.webui.keyword.builtin.VerifyElementNotPresentKeyword.execute(VerifyElementNotPresentKeyword.groovy:68)
	at com.kms.katalon.core.keyword.internal.KeywordExecutor.executeKeywordForPlatform(KeywordExecutor.groovy:74)
	at com.kms.katalon.core.webui.keyword.WebUiBuiltInKeywords.verifyElementNotPresent(WebUiBuiltInKeywords.groovy:1481)
	at com.kms.katalon.core.webui.keyword.WebUiBuiltInKeywords$verifyElementNotPresent$8.call(Unknown Source)
	at GetBrokSumPriceDaily.run(GetBrokSumPriceDaily:258)
	at com.kms.katalon.core.main.ScriptEngine.run(ScriptEngine.java:194)
	at com.kms.katalon.core.main.ScriptEngine.runScriptAsRawText(ScriptEngine.java:119)
	at com.kms.katalon.core.main.TestCaseExecutor.runScript(TestCaseExecutor.java:445)
	at com.kms.katalon.core.main.TestCaseExecutor.doExecute(TestCaseExecutor.java:436)
	at com.kms.katalon.core.main.TestCaseExecutor.processExecutionPhase(TestCaseExecutor.java:415)
	at com.kms.katalon.core.main.TestCaseExecutor.accessMainPhase(TestCaseExecutor.java:407)
	at com.kms.katalon.core.main.TestCaseExecutor.execute(TestCaseExecutor.java:284)
	at com.kms.katalon.core.common.CommonExecutor.accessTestCaseMainPhase(CommonExecutor.java:65)
	at com.kms.katalon.core.main.TestSuiteExecutor.accessTestSuiteMainPhase(TestSuiteExecutor.java:144)
	at com.kms.katalon.core.main.TestSuiteExecutor.execute(TestSuiteExecutor.java:106)
	at com.kms.katalon.core.main.TestCaseMain.startTestSuite(TestCaseMain.java:185)
	at com.kms.katalon.core.main.TestCaseMain$startTestSuite$0.call(Unknown Source)
	at TempTestSuite1705920083951.run(TempTestSuite1705920083951.groovy:36)
)
[[ATTACHMENT|C:\\Users\\Fadli\\git\\KatalonDailyGetData2\\Reports\\20240122_174123\\TS1\\20240122_174123\\1705920539470.png]]

2024-01-22 17:48:59 - [TEST_STEP][PASSED] - else: null

2024-01-22 17:48:59 - [TEST_STEP][PASSED] - strBuyer2 = getText(findTestObject("Stockbit/Bandarmology_Buyer2")): Text of object 'Object Repository/Stockbit/Bandarmology_Buyer2' is: 'KK'

2024-01-22 17:48:59 - [MESSAGE][PASSED] - Text of object 'Object Repository/Stockbit/Bandarmology_Buyer2' is: 'KK'

2024-01-22 17:48:59 - [TEST_STEP][PASSED] - strBuyerVol2 = getText(findTestObject("Stockbit/Bandarmology_BuyerVol2")): Text of object 'Object Repository/Stockbit/Bandarmology_BuyerVol2' is: '751'

2024-01-22 17:48:59 - [MESSAGE][PASSED] - Text of object 'Object Repository/Stockbit/Bandarmology_BuyerVol2' is: '751'

2024-01-22 17:48:59 - [TEST_STEP][PASSED] - strBuyerAvg2 = getText(findTestObject("Stockbit/Bandarmology_BuyerAvg2")): Text of object 'Object Repository/Stockbit/Bandarmology_BuyerAvg2' is: '1,276'

2024-01-22 17:49:00 - [MESSAGE][PASSED] - Text of object 'Object Repository/Stockbit/Bandarmology_BuyerAvg2' is: '1,276'

2024-01-22 17:49:00 - [TEST_STEP][PASSED] - if (strBuyer2 != ""): null

2024-01-22 17:49:00 - [TEST_STEP][PASSED] - if (strBuyerAvg2.contains(",")): null

2024-01-22 17:49:00 - [TEST_STEP][PASSED] - strBuyerAvg2 = strBuyerAvg2.replace(",", ""): null

2024-01-22 17:49:00 - [TEST_STEP][PASSED] - if (strBuyerVol2.contains(" B")): null

2024-01-22 17:49:00 - [TEST_STEP][PASSED] - if (strBuyerVol2.contains(".")): null

2024-01-22 17:49:00 - [TEST_STEP][PASSED] - if (verifyElementNotPresent(findTestObject("Stockbit/Bandarmology_Seller2"), 1, OPTIONAL)): Web element with id: 'Object Repository/Stockbit/Bandarmology_Seller2' located by 'By.xpath: //*[contains(@id, 'rc-tabs-')]/div[2]/div/div/div/div/div/div[2]/table/tbody/tr[3]/td[5]/p' is present after '1' second(s) (Root cause: com.kms.katalon.core.exception.StepFailedException: Web element with id: 'Object Repository/Stockbit/Bandarmology_Seller2' located by 'By.xpath: //*[contains(@id, 'rc-tabs-')]/div[2]/div/div/div/div/div/div[2]/table/tbody/tr[3]/td[5]/p' is present after '1' second(s)
	at com.kms.katalon.core.webui.keyword.internal.WebUIKeywordMain.stepFailed(WebUIKeywordMain.groovy:64)
	at com.kms.katalon.core.webui.keyword.internal.WebUIKeywordMain$stepFailed$0.call(Unknown Source)
	at com.kms.katalon.core.webui.keyword.builtin.VerifyElementNotPresentKeyword$_verifyElementNotPresent_closure1.doCall(VerifyElementNotPresentKeyword.groovy:106)
	at com.kms.katalon.core.webui.keyword.builtin.VerifyElementNotPresentKeyword$_verifyElementNotPresent_closure1.doCall(VerifyElementNotPresentKeyword.groovy)
	at com.kms.katalon.core.webui.keyword.internal.WebUIKeywordMain.runKeyword(WebUIKeywordMain.groovy:20)
	at com.kms.katalon.core.webui.keyword.internal.WebUIKeywordMain$runKeyword.call(Unknown Source)
	at com.kms.katalon.core.webui.keyword.builtin.VerifyElementNotPresentKeyword.verifyElementNotPresent(VerifyElementNotPresentKeyword.groovy:117)
	at com.kms.katalon.core.webui.keyword.builtin.VerifyElementNotPresentKeyword.execute(VerifyElementNotPresentKeyword.groovy:68)
	at com.kms.katalon.core.keyword.internal.KeywordExecutor.executeKeywordForPlatform(KeywordExecutor.groovy:74)
	at com.kms.katalon.core.webui.keyword.WebUiBuiltInKeywords.verifyElementNotPresent(WebUiBuiltInKeywords.groovy:1481)
	at com.kms.katalon.core.webui.keyword.WebUiBuiltInKeywords$verifyElementNotPresent$8.call(Unknown Source)
	at GetBrokSumPriceDaily.run(GetBrokSumPriceDaily:309)
	at com.kms.katalon.core.main.ScriptEngine.run(ScriptEngine.java:194)
	at com.kms.katalon.core.main.ScriptEngine.runScriptAsRawText(ScriptEngine.java:119)
	at com.kms.katalon.core.main.TestCaseExecutor.runScript(TestCaseExecutor.java:445)
	at com.kms.katalon.core.main.TestCaseExecutor.doExecute(TestCaseExecutor.java:436)
	at com.kms.katalon.core.main.TestCaseExecutor.processExecutionPhase(TestCaseExecutor.java:415)
	at com.kms.katalon.core.main.TestCaseExecutor.accessMainPhase(TestCaseExecutor.java:407)
	at com.kms.katalon.core.main.TestCaseExecutor.execute(TestCaseExecutor.java:284)
	at com.kms.katalon.core.common.CommonExecutor.accessTestCaseMainPhase(CommonExecutor.java:65)
	at com.kms.katalon.core.main.TestSuiteExecutor.accessTestSuiteMainPhase(TestSuiteExecutor.java:144)
	at com.kms.katalon.core.main.TestSuiteExecutor.execute(TestSuiteExecutor.java:106)
	at com.kms.katalon.core.main.TestCaseMain.startTestSuite(TestCaseMain.java:185)
	at com.kms.katalon.core.main.TestCaseMain$startTestSuite$0.call(Unknown Source)
	at TempTestSuite1705920083951.run(TempTestSuite1705920083951.groovy:36)
)

2024-01-22 17:49:01 - [MESSAGE][WARNING] - Web element with id: 'Object Repository/Stockbit/Bandarmology_Seller2' located by 'By.xpath: //*[contains(@id, 'rc-tabs-')]/div[2]/div/div/div/div/div/div[2]/table/tbody/tr[3]/td[5]/p' is present after '1' second(s) (Root cause: com.kms.katalon.core.exception.StepFailedException: Web element with id: 'Object Repository/Stockbit/Bandarmology_Seller2' located by 'By.xpath: //*[contains(@id, 'rc-tabs-')]/div[2]/div/div/div/div/div/div[2]/table/tbody/tr[3]/td[5]/p' is present after '1' second(s)
	at com.kms.katalon.core.webui.keyword.internal.WebUIKeywordMain.stepFailed(WebUIKeywordMain.groovy:64)
	at com.kms.katalon.core.webui.keyword.internal.WebUIKeywordMain$stepFailed$0.call(Unknown Source)
	at com.kms.katalon.core.webui.keyword.builtin.VerifyElementNotPresentKeyword$_verifyElementNotPresent_closure1.doCall(VerifyElementNotPresentKeyword.groovy:106)
	at com.kms.katalon.core.webui.keyword.builtin.VerifyElementNotPresentKeyword$_verifyElementNotPresent_closure1.doCall(VerifyElementNotPresentKeyword.groovy)
	at com.kms.katalon.core.webui.keyword.internal.WebUIKeywordMain.runKeyword(WebUIKeywordMain.groovy:20)
	at com.kms.katalon.core.webui.keyword.internal.WebUIKeywordMain$runKeyword.call(Unknown Source)
	at com.kms.katalon.core.webui.keyword.builtin.VerifyElementNotPresentKeyword.verifyElementNotPresent(VerifyElementNotPresentKeyword.groovy:117)
	at com.kms.katalon.core.webui.keyword.builtin.VerifyElementNotPresentKeyword.execute(VerifyElementNotPresentKeyword.groovy:68)
	at com.kms.katalon.core.keyword.internal.KeywordExecutor.executeKeywordForPlatform(KeywordExecutor.groovy:74)
	at com.kms.katalon.core.webui.keyword.WebUiBuiltInKeywords.verifyElementNotPresent(WebUiBuiltInKeywords.groovy:1481)
	at com.kms.katalon.core.webui.keyword.WebUiBuiltInKeywords$verifyElementNotPresent$8.call(Unknown Source)
	at GetBrokSumPriceDaily.run(GetBrokSumPriceDaily:309)
	at com.kms.katalon.core.main.ScriptEngine.run(ScriptEngine.java:194)
	at com.kms.katalon.core.main.ScriptEngine.runScriptAsRawText(ScriptEngine.java:119)
	at com.kms.katalon.core.main.TestCaseExecutor.runScript(TestCaseExecutor.java:445)
	at com.kms.katalon.core.main.TestCaseExecutor.doExecute(TestCaseExecutor.java:436)
	at com.kms.katalon.core.main.TestCaseExecutor.processExecutionPhase(TestCaseExecutor.java:415)
	at com.kms.katalon.core.main.TestCaseExecutor.accessMainPhase(TestCaseExecutor.java:407)
	at com.kms.katalon.core.main.TestCaseExecutor.execute(TestCaseExecutor.java:284)
	at com.kms.katalon.core.common.CommonExecutor.accessTestCaseMainPhase(CommonExecutor.java:65)
	at com.kms.katalon.core.main.TestSuiteExecutor.accessTestSuiteMainPhase(TestSuiteExecutor.java:144)
	at com.kms.katalon.core.main.TestSuiteExecutor.execute(TestSuiteExecutor.java:106)
	at com.kms.katalon.core.main.TestCaseMain.startTestSuite(TestCaseMain.java:185)
	at com.kms.katalon.core.main.TestCaseMain$startTestSuite$0.call(Unknown Source)
	at TempTestSuite1705920083951.run(TempTestSuite1705920083951.groovy:36)
)
[[ATTACHMENT|C:\\Users\\Fadli\\git\\KatalonDailyGetData2\\Reports\\20240122_174123\\TS1\\20240122_174123\\1705920541391.png]]

2024-01-22 17:49:01 - [TEST_STEP][PASSED] - else: null

2024-01-22 17:49:01 - [TEST_STEP][PASSED] - strSeller2 = getText(findTestObject("Stockbit/Bandarmology_Seller2")): Text of object 'Object Repository/Stockbit/Bandarmology_Seller2' is: 'YP'

2024-01-22 17:49:01 - [MESSAGE][PASSED] - Text of object 'Object Repository/Stockbit/Bandarmology_Seller2' is: 'YP'

2024-01-22 17:49:01 - [TEST_STEP][PASSED] - strSellerVol2 = getText(findTestObject("Stockbit/Bandarmology_SellerVol2")): Text of object 'Object Repository/Stockbit/Bandarmology_SellerVol2' is: '561'

2024-01-22 17:49:01 - [MESSAGE][PASSED] - Text of object 'Object Repository/Stockbit/Bandarmology_SellerVol2' is: '561'

2024-01-22 17:49:01 - [TEST_STEP][PASSED] - strSellerAvg2 = getText(findTestObject("Stockbit/Bandarmology_SellerAvg2")): Text of object 'Object Repository/Stockbit/Bandarmology_SellerAvg2' is: '1,270'

2024-01-22 17:49:02 - [MESSAGE][PASSED] - Text of object 'Object Repository/Stockbit/Bandarmology_SellerAvg2' is: '1,270'

2024-01-22 17:49:02 - [TEST_STEP][PASSED] - if (strSeller2 != ""): null

2024-01-22 17:49:02 - [TEST_STEP][PASSED] - if (strSellerAvg2.contains(",")): null

2024-01-22 17:49:02 - [TEST_STEP][PASSED] - strSellerAvg2 = strSellerAvg2.replace(",", ""): null

2024-01-22 17:49:02 - [TEST_STEP][PASSED] - if (strSellerVol2.contains(" B")): null

2024-01-22 17:49:02 - [TEST_STEP][PASSED] - if (verifyElementNotPresent(findTestObject("Stockbit/Bandarmology_Buyer3"), 1, OPTIONAL)): Web element with id: 'Object Repository/Stockbit/Bandarmology_Buyer3' located by 'By.xpath: //*[contains(@id, 'rc-tabs-')]/div[2]/div/div/div/div/div/div[2]/table/tbody/tr[4]/td[1]/p' is present after '1' second(s) (Root cause: com.kms.katalon.core.exception.StepFailedException: Web element with id: 'Object Repository/Stockbit/Bandarmology_Buyer3' located by 'By.xpath: //*[contains(@id, 'rc-tabs-')]/div[2]/div/div/div/div/div/div[2]/table/tbody/tr[4]/td[1]/p' is present after '1' second(s)
	at com.kms.katalon.core.webui.keyword.internal.WebUIKeywordMain.stepFailed(WebUIKeywordMain.groovy:64)
	at com.kms.katalon.core.webui.keyword.internal.WebUIKeywordMain$stepFailed$0.call(Unknown Source)
	at com.kms.katalon.core.webui.keyword.builtin.VerifyElementNotPresentKeyword$_verifyElementNotPresent_closure1.doCall(VerifyElementNotPresentKeyword.groovy:106)
	at com.kms.katalon.core.webui.keyword.builtin.VerifyElementNotPresentKeyword$_verifyElementNotPresent_closure1.doCall(VerifyElementNotPresentKeyword.groovy)
	at com.kms.katalon.core.webui.keyword.internal.WebUIKeywordMain.runKeyword(WebUIKeywordMain.groovy:20)
	at com.kms.katalon.core.webui.keyword.internal.WebUIKeywordMain$runKeyword.call(Unknown Source)
	at com.kms.katalon.core.webui.keyword.builtin.VerifyElementNotPresentKeyword.verifyElementNotPresent(VerifyElementNotPresentKeyword.groovy:117)
	at com.kms.katalon.core.webui.keyword.builtin.VerifyElementNotPresentKeyword.execute(VerifyElementNotPresentKeyword.groovy:68)
	at com.kms.katalon.core.keyword.internal.KeywordExecutor.executeKeywordForPlatform(KeywordExecutor.groovy:74)
	at com.kms.katalon.core.webui.keyword.WebUiBuiltInKeywords.verifyElementNotPresent(WebUiBuiltInKeywords.groovy:1481)
	at com.kms.katalon.core.webui.keyword.WebUiBuiltInKeywords$verifyElementNotPresent$8.call(Unknown Source)
	at GetBrokSumPriceDaily.run(GetBrokSumPriceDaily:361)
	at com.kms.katalon.core.main.ScriptEngine.run(ScriptEngine.java:194)
	at com.kms.katalon.core.main.ScriptEngine.runScriptAsRawText(ScriptEngine.java:119)
	at com.kms.katalon.core.main.TestCaseExecutor.runScript(TestCaseExecutor.java:445)
	at com.kms.katalon.core.main.TestCaseExecutor.doExecute(TestCaseExecutor.java:436)
	at com.kms.katalon.core.main.TestCaseExecutor.processExecutionPhase(TestCaseExecutor.java:415)
	at com.kms.katalon.core.main.TestCaseExecutor.accessMainPhase(TestCaseExecutor.java:407)
	at com.kms.katalon.core.main.TestCaseExecutor.execute(TestCaseExecutor.java:284)
	at com.kms.katalon.core.common.CommonExecutor.accessTestCaseMainPhase(CommonExecutor.java:65)
	at com.kms.katalon.core.main.TestSuiteExecutor.accessTestSuiteMainPhase(TestSuiteExecutor.java:144)
	at com.kms.katalon.core.main.TestSuiteExecutor.execute(TestSuiteExecutor.java:106)
	at com.kms.katalon.core.main.TestCaseMain.startTestSuite(TestCaseMain.java:185)
	at com.kms.katalon.core.main.TestCaseMain$startTestSuite$0.call(Unknown Source)
	at TempTestSuite1705920083951.run(TempTestSuite1705920083951.groovy:36)
)

2024-01-22 17:49:03 - [MESSAGE][WARNING] - Web element with id: 'Object Repository/Stockbit/Bandarmology_Buyer3' located by 'By.xpath: //*[contains(@id, 'rc-tabs-')]/div[2]/div/div/div/div/div/div[2]/table/tbody/tr[4]/td[1]/p' is present after '1' second(s) (Root cause: com.kms.katalon.core.exception.StepFailedException: Web element with id: 'Object Repository/Stockbit/Bandarmology_Buyer3' located by 'By.xpath: //*[contains(@id, 'rc-tabs-')]/div[2]/div/div/div/div/div/div[2]/table/tbody/tr[4]/td[1]/p' is present after '1' second(s)
	at com.kms.katalon.core.webui.keyword.internal.WebUIKeywordMain.stepFailed(WebUIKeywordMain.groovy:64)
	at com.kms.katalon.core.webui.keyword.internal.WebUIKeywordMain$stepFailed$0.call(Unknown Source)
	at com.kms.katalon.core.webui.keyword.builtin.VerifyElementNotPresentKeyword$_verifyElementNotPresent_closure1.doCall(VerifyElementNotPresentKeyword.groovy:106)
	at com.kms.katalon.core.webui.keyword.builtin.VerifyElementNotPresentKeyword$_verifyElementNotPresent_closure1.doCall(VerifyElementNotPresentKeyword.groovy)
	at com.kms.katalon.core.webui.keyword.internal.WebUIKeywordMain.runKeyword(WebUIKeywordMain.groovy:20)
	at com.kms.katalon.core.webui.keyword.internal.WebUIKeywordMain$runKeyword.call(Unknown Source)
	at com.kms.katalon.core.webui.keyword.builtin.VerifyElementNotPresentKeyword.verifyElementNotPresent(VerifyElementNotPresentKeyword.groovy:117)
	at com.kms.katalon.core.webui.keyword.builtin.VerifyElementNotPresentKeyword.execute(VerifyElementNotPresentKeyword.groovy:68)
	at com.kms.katalon.core.keyword.internal.KeywordExecutor.executeKeywordForPlatform(KeywordExecutor.groovy:74)
	at com.kms.katalon.core.webui.keyword.WebUiBuiltInKeywords.verifyElementNotPresent(WebUiBuiltInKeywords.groovy:1481)
	at com.kms.katalon.core.webui.keyword.WebUiBuiltInKeywords$verifyElementNotPresent$8.call(Unknown Source)
	at GetBrokSumPriceDaily.run(GetBrokSumPriceDaily:361)
	at com.kms.katalon.core.main.ScriptEngine.run(ScriptEngine.java:194)
	at com.kms.katalon.core.main.ScriptEngine.runScriptAsRawText(ScriptEngine.java:119)
	at com.kms.katalon.core.main.TestCaseExecutor.runScript(TestCaseExecutor.java:445)
	at com.kms.katalon.core.main.TestCaseExecutor.doExecute(TestCaseExecutor.java:436)
	at com.kms.katalon.core.main.TestCaseExecutor.processExecutionPhase(TestCaseExecutor.java:415)
	at com.kms.katalon.core.main.TestCaseExecutor.accessMainPhase(TestCaseExecutor.java:407)
	at com.kms.katalon.core.main.TestCaseExecutor.execute(TestCaseExecutor.java:284)
	at com.kms.katalon.core.common.CommonExecutor.accessTestCaseMainPhase(CommonExecutor.java:65)
	at com.kms.katalon.core.main.TestSuiteExecutor.accessTestSuiteMainPhase(TestSuiteExecutor.java:144)
	at com.kms.katalon.core.main.TestSuiteExecutor.execute(TestSuiteExecutor.java:106)
	at com.kms.katalon.core.main.TestCaseMain.startTestSuite(TestCaseMain.java:185)
	at com.kms.katalon.core.main.TestCaseMain$startTestSuite$0.call(Unknown Source)
	at TempTestSuite1705920083951.run(TempTestSuite1705920083951.groovy:36)
)
[[ATTACHMENT|C:\\Users\\Fadli\\git\\KatalonDailyGetData2\\Reports\\20240122_174123\\TS1\\20240122_174123\\1705920543343.png]]

2024-01-22 17:49:03 - [TEST_STEP][PASSED] - else: null

2024-01-22 17:49:03 - [TEST_STEP][PASSED] - strBuyer3 = getText(findTestObject("Stockbit/Bandarmology_Buyer3")): Text of object 'Object Repository/Stockbit/Bandarmology_Buyer3' is: 'CD'

2024-01-22 17:49:03 - [MESSAGE][PASSED] - Text of object 'Object Repository/Stockbit/Bandarmology_Buyer3' is: 'CD'

2024-01-22 17:49:03 - [TEST_STEP][PASSED] - strBuyerVol3 = getText(findTestObject("Stockbit/Bandarmology_BuyerVol3")): Text of object 'Object Repository/Stockbit/Bandarmology_BuyerVol3' is: '100'

2024-01-22 17:49:03 - [MESSAGE][PASSED] - Text of object 'Object Repository/Stockbit/Bandarmology_BuyerVol3' is: '100'

2024-01-22 17:49:03 - [TEST_STEP][PASSED] - strBuyerAvg3 = getText(findTestObject("Stockbit/Bandarmology_BuyerAvg3")): Text of object 'Object Repository/Stockbit/Bandarmology_BuyerAvg3' is: '1,265'

2024-01-22 17:49:04 - [MESSAGE][PASSED] - Text of object 'Object Repository/Stockbit/Bandarmology_BuyerAvg3' is: '1,265'

2024-01-22 17:49:04 - [TEST_STEP][PASSED] - if (strBuyer3 != ""): null

2024-01-22 17:49:04 - [TEST_STEP][PASSED] - if (strBuyerAvg3.contains(",")): null

2024-01-22 17:49:04 - [TEST_STEP][PASSED] - strBuyerAvg3 = strBuyerAvg3.replace(",", ""): null

2024-01-22 17:49:04 - [TEST_STEP][PASSED] - if (strBuyerVol3.contains(" B")): null

2024-01-22 17:49:04 - [TEST_STEP][PASSED] - if (verifyElementNotPresent(findTestObject("Stockbit/Bandarmology_Seller3"), 1, OPTIONAL)): Web element with id: 'Object Repository/Stockbit/Bandarmology_Seller3' located by 'By.xpath: //*[contains(@id, 'rc-tabs-')]/div[2]/div/div/div/div/div/div[2]/table/tbody/tr[4]/td[5]/p' is present after '1' second(s) (Root cause: com.kms.katalon.core.exception.StepFailedException: Web element with id: 'Object Repository/Stockbit/Bandarmology_Seller3' located by 'By.xpath: //*[contains(@id, 'rc-tabs-')]/div[2]/div/div/div/div/div/div[2]/table/tbody/tr[4]/td[5]/p' is present after '1' second(s)
	at com.kms.katalon.core.webui.keyword.internal.WebUIKeywordMain.stepFailed(WebUIKeywordMain.groovy:64)
	at com.kms.katalon.core.webui.keyword.internal.WebUIKeywordMain$stepFailed$0.call(Unknown Source)
	at com.kms.katalon.core.webui.keyword.builtin.VerifyElementNotPresentKeyword$_verifyElementNotPresent_closure1.doCall(VerifyElementNotPresentKeyword.groovy:106)
	at com.kms.katalon.core.webui.keyword.builtin.VerifyElementNotPresentKeyword$_verifyElementNotPresent_closure1.doCall(VerifyElementNotPresentKeyword.groovy)
	at com.kms.katalon.core.webui.keyword.internal.WebUIKeywordMain.runKeyword(WebUIKeywordMain.groovy:20)
	at com.kms.katalon.core.webui.keyword.internal.WebUIKeywordMain$runKeyword.call(Unknown Source)
	at com.kms.katalon.core.webui.keyword.builtin.VerifyElementNotPresentKeyword.verifyElementNotPresent(VerifyElementNotPresentKeyword.groovy:117)
	at com.kms.katalon.core.webui.keyword.builtin.VerifyElementNotPresentKeyword.execute(VerifyElementNotPresentKeyword.groovy:68)
	at com.kms.katalon.core.keyword.internal.KeywordExecutor.executeKeywordForPlatform(KeywordExecutor.groovy:74)
	at com.kms.katalon.core.webui.keyword.WebUiBuiltInKeywords.verifyElementNotPresent(WebUiBuiltInKeywords.groovy:1481)
	at com.kms.katalon.core.webui.keyword.WebUiBuiltInKeywords$verifyElementNotPresent$8.call(Unknown Source)
	at GetBrokSumPriceDaily.run(GetBrokSumPriceDaily:414)
	at com.kms.katalon.core.main.ScriptEngine.run(ScriptEngine.java:194)
	at com.kms.katalon.core.main.ScriptEngine.runScriptAsRawText(ScriptEngine.java:119)
	at com.kms.katalon.core.main.TestCaseExecutor.runScript(TestCaseExecutor.java:445)
	at com.kms.katalon.core.main.TestCaseExecutor.doExecute(TestCaseExecutor.java:436)
	at com.kms.katalon.core.main.TestCaseExecutor.processExecutionPhase(TestCaseExecutor.java:415)
	at com.kms.katalon.core.main.TestCaseExecutor.accessMainPhase(TestCaseExecutor.java:407)
	at com.kms.katalon.core.main.TestCaseExecutor.execute(TestCaseExecutor.java:284)
	at com.kms.katalon.core.common.CommonExecutor.accessTestCaseMainPhase(CommonExecutor.java:65)
	at com.kms.katalon.core.main.TestSuiteExecutor.accessTestSuiteMainPhase(TestSuiteExecutor.java:144)
	at com.kms.katalon.core.main.TestSuiteExecutor.execute(TestSuiteExecutor.java:106)
	at com.kms.katalon.core.main.TestCaseMain.startTestSuite(TestCaseMain.java:185)
	at com.kms.katalon.core.main.TestCaseMain$startTestSuite$0.call(Unknown Source)
	at TempTestSuite1705920083951.run(TempTestSuite1705920083951.groovy:36)
)

2024-01-22 17:49:05 - [MESSAGE][WARNING] - Web element with id: 'Object Repository/Stockbit/Bandarmology_Seller3' located by 'By.xpath: //*[contains(@id, 'rc-tabs-')]/div[2]/div/div/div/div/div/div[2]/table/tbody/tr[4]/td[5]/p' is present after '1' second(s) (Root cause: com.kms.katalon.core.exception.StepFailedException: Web element with id: 'Object Repository/Stockbit/Bandarmology_Seller3' located by 'By.xpath: //*[contains(@id, 'rc-tabs-')]/div[2]/div/div/div/div/div/div[2]/table/tbody/tr[4]/td[5]/p' is present after '1' second(s)
	at com.kms.katalon.core.webui.keyword.internal.WebUIKeywordMain.stepFailed(WebUIKeywordMain.groovy:64)
	at com.kms.katalon.core.webui.keyword.internal.WebUIKeywordMain$stepFailed$0.call(Unknown Source)
	at com.kms.katalon.core.webui.keyword.builtin.VerifyElementNotPresentKeyword$_verifyElementNotPresent_closure1.doCall(VerifyElementNotPresentKeyword.groovy:106)
	at com.kms.katalon.core.webui.keyword.builtin.VerifyElementNotPresentKeyword$_verifyElementNotPresent_closure1.doCall(VerifyElementNotPresentKeyword.groovy)
	at com.kms.katalon.core.webui.keyword.internal.WebUIKeywordMain.runKeyword(WebUIKeywordMain.groovy:20)
	at com.kms.katalon.core.webui.keyword.internal.WebUIKeywordMain$runKeyword.call(Unknown Source)
	at com.kms.katalon.core.webui.keyword.builtin.VerifyElementNotPresentKeyword.verifyElementNotPresent(VerifyElementNotPresentKeyword.groovy:117)
	at com.kms.katalon.core.webui.keyword.builtin.VerifyElementNotPresentKeyword.execute(VerifyElementNotPresentKeyword.groovy:68)
	at com.kms.katalon.core.keyword.internal.KeywordExecutor.executeKeywordForPlatform(KeywordExecutor.groovy:74)
	at com.kms.katalon.core.webui.keyword.WebUiBuiltInKeywords.verifyElementNotPresent(WebUiBuiltInKeywords.groovy:1481)
	at com.kms.katalon.core.webui.keyword.WebUiBuiltInKeywords$verifyElementNotPresent$8.call(Unknown Source)
	at GetBrokSumPriceDaily.run(GetBrokSumPriceDaily:414)
	at com.kms.katalon.core.main.ScriptEngine.run(ScriptEngine.java:194)
	at com.kms.katalon.core.main.ScriptEngine.runScriptAsRawText(ScriptEngine.java:119)
	at com.kms.katalon.core.main.TestCaseExecutor.runScript(TestCaseExecutor.java:445)
	at com.kms.katalon.core.main.TestCaseExecutor.doExecute(TestCaseExecutor.java:436)
	at com.kms.katalon.core.main.TestCaseExecutor.processExecutionPhase(TestCaseExecutor.java:415)
	at com.kms.katalon.core.main.TestCaseExecutor.accessMainPhase(TestCaseExecutor.java:407)
	at com.kms.katalon.core.main.TestCaseExecutor.execute(TestCaseExecutor.java:284)
	at com.kms.katalon.core.common.CommonExecutor.accessTestCaseMainPhase(CommonExecutor.java:65)
	at com.kms.katalon.core.main.TestSuiteExecutor.accessTestSuiteMainPhase(TestSuiteExecutor.java:144)
	at com.kms.katalon.core.main.TestSuiteExecutor.execute(TestSuiteExecutor.java:106)
	at com.kms.katalon.core.main.TestCaseMain.startTestSuite(TestCaseMain.java:185)
	at com.kms.katalon.core.main.TestCaseMain$startTestSuite$0.call(Unknown Source)
	at TempTestSuite1705920083951.run(TempTestSuite1705920083951.groovy:36)
)
[[ATTACHMENT|C:\\Users\\Fadli\\git\\KatalonDailyGetData2\\Reports\\20240122_174123\\TS1\\20240122_174123\\1705920545290.png]]

2024-01-22 17:49:05 - [TEST_STEP][PASSED] - else: null

2024-01-22 17:49:05 - [TEST_STEP][PASSED] - strSeller3 = getText(findTestObject("Stockbit/Bandarmology_Seller3")): Text of object 'Object Repository/Stockbit/Bandarmology_Seller3' is: 'XL'

2024-01-22 17:49:05 - [MESSAGE][PASSED] - Text of object 'Object Repository/Stockbit/Bandarmology_Seller3' is: 'XL'

2024-01-22 17:49:05 - [TEST_STEP][PASSED] - strSellerVol3 = getText(findTestObject("Stockbit/Bandarmology_SellerVol3")): Text of object 'Object Repository/Stockbit/Bandarmology_SellerVol3' is: '249'

2024-01-22 17:49:05 - [MESSAGE][PASSED] - Text of object 'Object Repository/Stockbit/Bandarmology_SellerVol3' is: '249'

2024-01-22 17:49:05 - [TEST_STEP][PASSED] - strSellerAvg3 = getText(findTestObject("Stockbit/Bandarmology_SellerAvg3")): Text of object 'Object Repository/Stockbit/Bandarmology_SellerAvg3' is: '1,270'

2024-01-22 17:49:05 - [MESSAGE][PASSED] - Text of object 'Object Repository/Stockbit/Bandarmology_SellerAvg3' is: '1,270'

2024-01-22 17:49:05 - [TEST_STEP][PASSED] - if (strSeller3 != ""): null

2024-01-22 17:49:05 - [TEST_STEP][PASSED] - if (strSellerAvg3.contains(",")): null

2024-01-22 17:49:05 - [TEST_STEP][PASSED] - strSellerAvg3 = strSellerAvg3.replace(",", ""): null

2024-01-22 17:49:05 - [TEST_STEP][PASSED] - if (strSellerVol3.contains(" B")): null

2024-01-22 17:49:06 - [TEST_STEP][PASSED] - strAccDist = getText(findTestObject("Stockbit/Bandarmology_AccDist")): Text of object 'Object Repository/Stockbit/Bandarmology_AccDist' is: 'Acc'

2024-01-22 17:49:06 - [MESSAGE][PASSED] - Text of object 'Object Repository/Stockbit/Bandarmology_AccDist' is: 'Acc'

2024-01-22 17:49:06 - [TEST_STEP][PASSED] - strNetVol = getText(findTestObject("Stockbit/Bandarmology_NetVol")): Text of object 'Object Repository/Stockbit/Bandarmology_NetVol' is: '2,397'

2024-01-22 17:49:06 - [MESSAGE][PASSED] - Text of object 'Object Repository/Stockbit/Bandarmology_NetVol' is: '2,397'

2024-01-22 17:49:06 - [TEST_STEP][PASSED] - strNetVol = strNetVol.replace(",", ""): null

2024-01-22 17:49:06 - [TEST_STEP][PASSED] - strNetVal = getText(findTestObject("Stockbit/Bandarmology_NetVal")): Text of object 'Object Repository/Stockbit/Bandarmology_NetVal' is: '0.3 B'

2024-01-22 17:49:06 - [MESSAGE][PASSED] - Text of object 'Object Repository/Stockbit/Bandarmology_NetVal' is: '0.3 B'

2024-01-22 17:49:06 - [TEST_STEP][PASSED] - delay(3): Delayed 3 second(s)

2024-01-22 17:49:09 - [MESSAGE][PASSED] - Delayed 3 second(s)

2024-01-22 17:49:09 - [TEST_STEP][PASSED] - strOpenPrice = getText(findTestObject("Stockbit/Home_OpenPrice")): Text of object 'Object Repository/Stockbit/Home_OpenPrice' is: '1,255'

2024-01-22 17:49:09 - [MESSAGE][PASSED] - Text of object 'Object Repository/Stockbit/Home_OpenPrice' is: '1,255'

2024-01-22 17:49:09 - [TEST_STEP][PASSED] - strOpenPrice = strOpenPrice.replace(",", ""): null

2024-01-22 17:49:09 - [TEST_STEP][PASSED] - strLowPrice = getText(findTestObject("Stockbit/Home_LowPrice")): Text of object 'Object Repository/Stockbit/Home_LowPrice' is: '1,250'

2024-01-22 17:49:09 - [MESSAGE][PASSED] - Text of object 'Object Repository/Stockbit/Home_LowPrice' is: '1,250'

2024-01-22 17:49:09 - [TEST_STEP][PASSED] - strLowPrice = strLowPrice.replace(",", ""): null

2024-01-22 17:49:09 - [TEST_STEP][PASSED] - strHighPrice = getText(findTestObject("Stockbit/Home_HighPrice")): Text of object 'Object Repository/Stockbit/Home_HighPrice' is: '1,285'

2024-01-22 17:49:10 - [MESSAGE][PASSED] - Text of object 'Object Repository/Stockbit/Home_HighPrice' is: '1,285'

2024-01-22 17:49:10 - [TEST_STEP][PASSED] - strHighPrice = strHighPrice.replace(",", ""): null

2024-01-22 17:49:10 - [TEST_STEP][PASSED] - strClosePrice = getText(findTestObject("Stockbit/Home_ClosePrice")): Text of object 'Object Repository/Stockbit/Home_ClosePrice' is: '1,275'

2024-01-22 17:49:10 - [MESSAGE][PASSED] - Text of object 'Object Repository/Stockbit/Home_ClosePrice' is: '1,275'

2024-01-22 17:49:10 - [TEST_STEP][PASSED] - strClosePrice = strClosePrice.replace(",", ""): null

2024-01-22 17:49:10 - [TEST_STEP][PASSED] - strVol = getText(findTestObject("Stockbit/Home_Volume")): Text of object 'Object Repository/Stockbit/Home_Volume' is: '6 K'

2024-01-22 17:49:10 - [MESSAGE][PASSED] - Text of object 'Object Repository/Stockbit/Home_Volume' is: '6 K'

2024-01-22 17:49:10 - [TEST_STEP][PASSED] - if (strVol.contains(" K")): null

2024-01-22 17:49:10 - [TEST_STEP][PASSED] - strVol = strVol.replace(" K", "000"): null

2024-01-22 17:49:10 - [TEST_STEP][PASSED] - if (strVol.contains(",")): null

2024-01-22 17:49:10 - [TEST_STEP][PASSED] - strChange = getText(findTestObject("Stockbit/Home_Change")): Text of object 'Object Repository/Stockbit/Home_Change' is: '2.00%'

2024-01-22 17:49:10 - [MESSAGE][PASSED] - Text of object 'Object Repository/Stockbit/Home_Change' is: '2.00%'

2024-01-22 17:49:10 - [TEST_STEP][PASSED] - strChange = strChange.replace("%", ""): null

2024-01-22 17:49:10 - [TEST_STEP][PASSED] - strFreq = getText(findTestObject("Stockbit/Home_Freq")): Text of object 'Object Repository/Stockbit/Home_Freq' is: '341'

2024-01-22 17:49:10 - [MESSAGE][PASSED] - Text of object 'Object Repository/Stockbit/Home_Freq' is: '341'

2024-01-22 17:49:10 - [TEST_STEP][PASSED] - if (strFreq.contains(",")): null

2024-01-22 17:49:10 - [TEST_STEP][PASSED] - if (strFreq == "NA" || strFreq == ""): null

2024-01-22 17:49:10 - [TEST_STEP][PASSED] - else: null

2024-01-22 17:49:10 - [TEST_STEP][PASSED] - dblFreqAnal = strVol.toDouble() / strFreq.toDouble() * strFreq.toDouble() * strFreq.toDouble() * 100000000: null

2024-01-22 17:49:10 - [TEST_STEP][PASSED] - strFreqAnal = String.format("%.4f", dblFreqAnal): null

2024-01-22 17:49:10 - [TEST_STEP][PASSED] - out.println("Double strFreqAnal: " + strFreqAnal): null

2024-01-22 17:49:10 - [TEST_STEP][PASSED] - strTanggal = d.format(DateTimeFormatter.ofPattern("yyyy-MM-dd")): null

2024-01-22 17:49:10 - [TEST_STEP][PASSED] - strTanggal = "#" + strTanggal + "#": null

2024-01-22 17:49:10 - [TEST_STEP][PASSED] - strSQL = "select count(*) as JumBaris from TblBrokSum where Nama = '" + strNama + "' and Tanggal = " + strTanggal + "": null

2024-01-22 17:49:10 - [TEST_STEP][PASSED] - resultSet = statement.executeQuery(strSQL): null

2024-01-22 17:49:10 - [TEST_STEP][PASSED] - resultSet.next(): null

2024-01-22 17:49:10 - [TEST_STEP][PASSED] - intJumBaris = resultSet.getInt("JumBaris"): null

2024-01-22 17:49:10 - [TEST_STEP][PASSED] - if (intJumBaris > 0): null

2024-01-22 17:49:10 - [TEST_STEP][PASSED] - else: null

2024-01-22 17:49:10 - [TEST_STEP][PASSED] - try: null

2024-01-22 17:49:10 - [TEST_STEP][PASSED] - out.println("Insert data"): null

2024-01-22 17:49:10 - [TEST_STEP][PASSED] - strSQL = "insert into TblBrokSum (nama, tanggal, top1, top2, top3, AllBrokAvg, AccDist, AvgRP, " + "Buyer1, BuyerVal1, BuyerAvg1, Seller1, SellerVal1, SellerAvg1, Buyer2, BuyerVal2, BuyerAvg2, " + "Seller2, SellerVal2, SellerAvg2, Buyer3, BuyerVal3, BuyerAvg3, Seller3, SellerVal3, SellerAvg3, NetVol, NetVal, " + "OpenPrice, LowPrice, HighPrice, ClosePrice, Volume, Change, Frekuensi, FrekAnal) " + "values ('" + strNama + "', " + strTanggal + ", '" + strTop1 + "', '" + strTop3 + "', '" + strTop5 + "', " + "'" + strAllBrokAvg + "', '" + strAccDist + "', " + intAvgRP + ", '" + strBuyer1 + "', '" + strBuyerVol1 + "', " + strBuyerAvg1 + ", " + "'" + strSeller1 + "', '" + strSellerVol1 + "', " + strSellerAvg1 + ", '" + strBuyer2 + "', '" + strBuyerVol2 + "', " + strBuyerAvg2 + ", " + "'" + strSeller2 + "', '" + strSellerVol2 + "', " + strSellerAvg2 + ", '" + strBuyer3 + "', '" + strBuyerVol3 + "', " + strBuyerAvg3 + ", " + "'" + strSeller3 + "', '" + strSellerVol3 + "', " + strSellerAvg3 + ", " + strNetVol + ", '" + strNetVal + "', " + "" + strOpenPrice + ", " + strLowPrice + ", " + strHighPrice + ", " + strClosePrice + ", '" + strVol + "', " + strChange + ", " + strFreq + ", " + strFreqAnal + ");": null

2024-01-22 17:49:10 - [TEST_STEP][PASSED] - out.println("strSQL = " + strSQL): null

2024-01-22 17:49:10 - [TEST_STEP][PASSED] - statement.executeUpdate(strSQL): null

2024-01-22 17:49:10 - [TEST_STEP][PASSED] - setValueToCellByIndex(sheet01, rowIndex, 4, "DONE"): null

2024-01-22 17:49:10 - [TEST_STEP][PASSED] - saveWorkbook(excelFilePath, workbook01): null

2024-01-22 17:49:10 - [TEST_STEP][PASSED] - waitForElementClickable(findTestObject("Stockbit/menu_Bandarmology"), 10): Object 'Object Repository/Stockbit/menu_Bandarmology' is clickable

2024-01-22 17:49:10 - [MESSAGE][PASSED] - Object 'Object Repository/Stockbit/menu_Bandarmology' is clickable

2024-01-22 17:49:10 - [TEST_STEP][PASSED] - click(findTestObject("Stockbit/menu_Bandarmology")): Object: 'Object Repository/Stockbit/menu_Bandarmology' is clicked on

2024-01-22 17:49:11 - [MESSAGE][PASSED] - Object: 'Object Repository/Stockbit/menu_Bandarmology' is clicked on

2024-01-22 17:49:11 - [TEST_STEP][PASSED] - strTemp = "NA": null

2024-01-22 17:49:11 - [TEST_STEP][PASSED] - if (getCellValueByIndex(sheet01, rowIndex, 4) != "DONE"): Object: 'Object Repository/Stockbit/menu_Bandarmology' is clicked on

2024-01-22 17:49:11 - [TEST_STEP][PASSED] - strNama = getCellValueByIndex(sheet01, rowIndex, 0): null

2024-01-22 17:49:11 - [TEST_STEP][PASSED] - navigateToUrl("https://stockbit.com/#/symbol/" + strNama): Navigate to 'https://stockbit.com/#/symbol/GOTO' successfully

2024-01-22 17:49:13 - [MESSAGE][PASSED] - Navigate to 'https://stockbit.com/#/symbol/GOTO' successfully

2024-01-22 17:49:13 - [TEST_STEP][PASSED] - waitForElementClickable(findTestObject("Stockbit/menu_Bandarmology"), 10): Object 'Object Repository/Stockbit/menu_Bandarmology' is clickable

2024-01-22 17:49:13 - [MESSAGE][PASSED] - Object 'Object Repository/Stockbit/menu_Bandarmology' is clickable

2024-01-22 17:49:13 - [TEST_STEP][PASSED] - click(findTestObject("Stockbit/menu_Bandarmology")): Object: 'Object Repository/Stockbit/menu_Bandarmology' is clicked on

2024-01-22 17:49:14 - [MESSAGE][PASSED] - Object: 'Object Repository/Stockbit/menu_Bandarmology' is clicked on

2024-01-22 17:49:14 - [TEST_STEP][PASSED] - strTanggal = d.format(DateTimeFormatter.ofPattern("MMM dd, yyyy")): null

2024-01-22 17:49:14 - [TEST_STEP][PASSED] - strTanggal = d.format(ISO_DATE): null

2024-01-22 17:49:14 - [TEST_STEP][PASSED] - out.println("strTanggal = " + strTanggal): null

2024-01-22 17:49:14 - [TEST_STEP][PASSED] - out.println("strNama = " + strNama): null

2024-01-22 17:49:14 - [TEST_STEP][PASSED] - out.println("Baris ke = " + rowIndex): null

2024-01-22 17:49:14 - [TEST_STEP][PASSED] - click(findTestObject("Stockbit/input__BandarmologyOpenStartDate")): Object: 'Object Repository/Stockbit/input__BandarmologyOpenStartDate' is clicked on

2024-01-22 17:49:16 - [MESSAGE][PASSED] - Object: 'Object Repository/Stockbit/input__BandarmologyOpenStartDate' is clicked on

2024-01-22 17:49:16 - [TEST_STEP][PASSED] - sendKeys(findTestObject("Stockbit/input__BandarmologyOpenStartDate"), Keys.chord(CONTROL, "a")): Keys 'CONTROL + a' sent to object: 'Object Repository/Stockbit/input__BandarmologyOpenStartDate'

2024-01-22 17:49:16 - [MESSAGE][PASSED] - Keys 'CONTROL + a' sent to object: 'Object Repository/Stockbit/input__BandarmologyOpenStartDate'

2024-01-22 17:49:16 - [TEST_STEP][PASSED] - sendKeys(findTestObject("Stockbit/input__BandarmologyOpenStartDate"), Keys.chord(BACK_SPACE)): Keys 'BACK_SPACE + ' sent to object: 'Object Repository/Stockbit/input__BandarmologyOpenStartDate'

2024-01-22 17:49:17 - [MESSAGE][PASSED] - Keys 'BACK_SPACE + ' sent to object: 'Object Repository/Stockbit/input__BandarmologyOpenStartDate'

2024-01-22 17:49:17 - [TEST_STEP][PASSED] - setText(findTestObject("Stockbit/input__BandarmologyOpenStartDate"), strTanggal): Text '2024-01-22' is set on object 'Object Repository/Stockbit/input__BandarmologyOpenStartDate'

2024-01-22 17:49:18 - [MESSAGE][PASSED] - Text '2024-01-22' is set on object 'Object Repository/Stockbit/input__BandarmologyOpenStartDate'

2024-01-22 17:49:18 - [TEST_STEP][PASSED] - sendKeys(findTestObject("Stockbit/input__BandarmologyOpenStartDate"), Keys.chord(ENTER)): Keys 'ENTER + ' sent to object: 'Object Repository/Stockbit/input__BandarmologyOpenStartDate'

2024-01-22 17:49:18 - [MESSAGE][PASSED] - Keys 'ENTER + ' sent to object: 'Object Repository/Stockbit/input__BandarmologyOpenStartDate'

2024-01-22 17:49:18 - [TEST_STEP][PASSED] - click(findTestObject("Stockbit/input__BandarmologyOpenEndDate")): Object: 'Object Repository/Stockbit/input__BandarmologyOpenEndDate' is clicked on

2024-01-22 17:49:19 - [MESSAGE][PASSED] - Object: 'Object Repository/Stockbit/input__BandarmologyOpenEndDate' is clicked on

2024-01-22 17:49:19 - [TEST_STEP][PASSED] - sendKeys(findTestObject("Stockbit/input__BandarmologyOpenEndDate"), Keys.chord(CONTROL, "a")): Keys 'CONTROL + a' sent to object: 'Object Repository/Stockbit/input__BandarmologyOpenEndDate'

2024-01-22 17:49:19 - [MESSAGE][PASSED] - Keys 'CONTROL + a' sent to object: 'Object Repository/Stockbit/input__BandarmologyOpenEndDate'

2024-01-22 17:49:19 - [TEST_STEP][PASSED] - sendKeys(findTestObject("Stockbit/input__BandarmologyOpenEndDate"), Keys.chord(BACK_SPACE)): Keys 'BACK_SPACE + ' sent to object: 'Object Repository/Stockbit/input__BandarmologyOpenEndDate'

2024-01-22 17:49:19 - [MESSAGE][PASSED] - Keys 'BACK_SPACE + ' sent to object: 'Object Repository/Stockbit/input__BandarmologyOpenEndDate'

2024-01-22 17:49:19 - [TEST_STEP][PASSED] - setText(findTestObject("Stockbit/input__BandarmologyOpenEndDate"), strTanggal): Text '2024-01-22' is set on object 'Object Repository/Stockbit/input__BandarmologyOpenEndDate'

2024-01-22 17:49:20 - [MESSAGE][PASSED] - Text '2024-01-22' is set on object 'Object Repository/Stockbit/input__BandarmologyOpenEndDate'

2024-01-22 17:49:20 - [TEST_STEP][PASSED] - sendKeys(findTestObject("Stockbit/input__BandarmologyOpenEndDate"), Keys.chord(ENTER)): Keys 'ENTER + ' sent to object: 'Object Repository/Stockbit/input__BandarmologyOpenEndDate'

2024-01-22 17:49:21 - [MESSAGE][PASSED] - Keys 'ENTER + ' sent to object: 'Object Repository/Stockbit/input__BandarmologyOpenEndDate'

2024-01-22 17:49:21 - [TEST_STEP][PASSED] - delay(2): Delayed 2 second(s)

2024-01-22 17:49:23 - [MESSAGE][PASSED] - Delayed 2 second(s)

2024-01-22 17:49:23 - [TEST_STEP][PASSED] - strTemp = getText(findTestObject("Stockbit/Bandarmology_AvgRP")): Text of object 'Object Repository/Stockbit/Bandarmology_AvgRP' is: '86'

2024-01-22 17:49:23 - [MESSAGE][PASSED] - Text of object 'Object Repository/Stockbit/Bandarmology_AvgRP' is: '86'

2024-01-22 17:49:23 - [TEST_STEP][PASSED] - out.println("Bandarmology_AvgRP = " + strTemp): null

2024-01-22 17:49:23 - [TEST_STEP][PASSED] - if (strTemp != "0"): null

2024-01-22 17:49:23 - [TEST_STEP][PASSED] - strTop1 = getText(findTestObject("Stockbit/Bandarmology_Top1")): Text of object 'Object Repository/Stockbit/Bandarmology_Top1' is: 'Big Acc'

2024-01-22 17:49:23 - [MESSAGE][PASSED] - Text of object 'Object Repository/Stockbit/Bandarmology_Top1' is: 'Big Acc'

2024-01-22 17:49:23 - [TEST_STEP][PASSED] - strTop3 = getText(findTestObject("Stockbit/Bandarmology_Top3")): Text of object 'Object Repository/Stockbit/Bandarmology_Top3' is: 'Big Acc'

2024-01-22 17:49:23 - [MESSAGE][PASSED] - Text of object 'Object Repository/Stockbit/Bandarmology_Top3' is: 'Big Acc'

2024-01-22 17:49:23 - [TEST_STEP][PASSED] - strTop5 = getText(findTestObject("Stockbit/Bandarmology_Top5")): Text of object 'Object Repository/Stockbit/Bandarmology_Top5' is: 'Big Acc'

2024-01-22 17:49:23 - [MESSAGE][PASSED] - Text of object 'Object Repository/Stockbit/Bandarmology_Top5' is: 'Big Acc'

2024-01-22 17:49:23 - [TEST_STEP][PASSED] - strAllBrokAvg = getText(findTestObject("Stockbit/Bandarmology_TopAVG")): Text of object 'Object Repository/Stockbit/Bandarmology_TopAVG' is: 'Big Acc'

2024-01-22 17:49:24 - [MESSAGE][PASSED] - Text of object 'Object Repository/Stockbit/Bandarmology_TopAVG' is: 'Big Acc'

2024-01-22 17:49:24 - [TEST_STEP][PASSED] - strTemp = getText(findTestObject("Stockbit/Bandarmology_AvgRP")): Text of object 'Object Repository/Stockbit/Bandarmology_AvgRP' is: '86'

2024-01-22 17:49:24 - [MESSAGE][PASSED] - Text of object 'Object Repository/Stockbit/Bandarmology_AvgRP' is: '86'

2024-01-22 17:49:24 - [TEST_STEP][PASSED] - if (strTemp.contains(",")): null

2024-01-22 17:49:24 - [TEST_STEP][PASSED] - intAvgRP = strTemp.toInteger(): null

2024-01-22 17:49:24 - [TEST_STEP][PASSED] - strBuyer1 = getText(findTestObject("Stockbit/Bandarmology_Buyer1")): Text of object 'Object Repository/Stockbit/Bandarmology_Buyer1' is: 'PD'

2024-01-22 17:49:24 - [MESSAGE][PASSED] - Text of object 'Object Repository/Stockbit/Bandarmology_Buyer1' is: 'PD'

2024-01-22 17:49:24 - [TEST_STEP][PASSED] - strBuyerVol1 = getText(findTestObject("Stockbit/Bandarmology_BuyerVol1")): Text of object 'Object Repository/Stockbit/Bandarmology_BuyerVol1' is: '2.8 M'

2024-01-22 17:49:24 - [MESSAGE][PASSED] - Text of object 'Object Repository/Stockbit/Bandarmology_BuyerVol1' is: '2.8 M'

2024-01-22 17:49:24 - [TEST_STEP][PASSED] - strBuyerAvg1 = getText(findTestObject("Stockbit/Bandarmology_BuyerAvg1")): Text of object 'Object Repository/Stockbit/Bandarmology_BuyerAvg1' is: '86'

2024-01-22 17:49:24 - [MESSAGE][PASSED] - Text of object 'Object Repository/Stockbit/Bandarmology_BuyerAvg1' is: '86'

2024-01-22 17:49:24 - [TEST_STEP][PASSED] - if (strBuyerAvg1.contains(",")): null

2024-01-22 17:49:24 - [TEST_STEP][PASSED] - if (strBuyerVol1.contains(" B")): null

2024-01-22 17:49:24 - [TEST_STEP][PASSED] - else if (strBuyerVol1.contains(" M")): null

2024-01-22 17:49:24 - [TEST_STEP][PASSED] - strBuyerVol1 = strBuyerVol1.replace(" M", ""): null

2024-01-22 17:49:24 - [TEST_STEP][PASSED] - strBuyerVol1 = strBuyerVol1.toDouble() * 1000000: null

2024-01-22 17:49:24 - [TEST_STEP][PASSED] - strSeller1 = getText(findTestObject("Stockbit/Bandarmology_Seller1")): Text of object 'Object Repository/Stockbit/Bandarmology_Seller1' is: 'BK'

2024-01-22 17:49:24 - [MESSAGE][PASSED] - Text of object 'Object Repository/Stockbit/Bandarmology_Seller1' is: 'BK'

2024-01-22 17:49:24 - [TEST_STEP][PASSED] - strSellerVol1 = getText(findTestObject("Stockbit/Bandarmology_SellerVol1")): Text of object 'Object Repository/Stockbit/Bandarmology_SellerVol1' is: '1.3 M'

2024-01-22 17:49:24 - [MESSAGE][PASSED] - Text of object 'Object Repository/Stockbit/Bandarmology_SellerVol1' is: '1.3 M'

2024-01-22 17:49:24 - [TEST_STEP][PASSED] - strSellerAvg1 = getText(findTestObject("Stockbit/Bandarmology_SellerAvg1")): Text of object 'Object Repository/Stockbit/Bandarmology_SellerAvg1' is: '86'

2024-01-22 17:49:25 - [MESSAGE][PASSED] - Text of object 'Object Repository/Stockbit/Bandarmology_SellerAvg1' is: '86'

2024-01-22 17:49:25 - [TEST_STEP][PASSED] - if (strSellerAvg1.contains(",")): null

2024-01-22 17:49:25 - [TEST_STEP][PASSED] - if (strSellerVol1.contains(" B")): null

2024-01-22 17:49:25 - [TEST_STEP][PASSED] - else if (strSellerVol1.contains(" M")): null

2024-01-22 17:49:25 - [TEST_STEP][PASSED] - strSellerVol1 = strSellerVol1.replace(" M", ""): null

2024-01-22 17:49:25 - [TEST_STEP][PASSED] - strSellerVol1 = strSellerVol1.toDouble() * 1000000: null

2024-01-22 17:49:25 - [TEST_STEP][PASSED] - if (verifyElementNotPresent(findTestObject("Stockbit/Bandarmology_Buyer2"), 1, OPTIONAL)): Web element with id: 'Object Repository/Stockbit/Bandarmology_Buyer2' located by 'By.xpath: //*[contains(@id, 'rc-tabs-')]/div[2]/div/div/div/div/div/div[2]/table/tbody/tr[3]/td[1]/p' is present after '1' second(s) (Root cause: com.kms.katalon.core.exception.StepFailedException: Web element with id: 'Object Repository/Stockbit/Bandarmology_Buyer2' located by 'By.xpath: //*[contains(@id, 'rc-tabs-')]/div[2]/div/div/div/div/div/div[2]/table/tbody/tr[3]/td[1]/p' is present after '1' second(s)
	at com.kms.katalon.core.webui.keyword.internal.WebUIKeywordMain.stepFailed(WebUIKeywordMain.groovy:64)
	at com.kms.katalon.core.webui.keyword.internal.WebUIKeywordMain$stepFailed$0.call(Unknown Source)
	at com.kms.katalon.core.webui.keyword.builtin.VerifyElementNotPresentKeyword$_verifyElementNotPresent_closure1.doCall(VerifyElementNotPresentKeyword.groovy:106)
	at com.kms.katalon.core.webui.keyword.builtin.VerifyElementNotPresentKeyword$_verifyElementNotPresent_closure1.doCall(VerifyElementNotPresentKeyword.groovy)
	at com.kms.katalon.core.webui.keyword.internal.WebUIKeywordMain.runKeyword(WebUIKeywordMain.groovy:20)
	at com.kms.katalon.core.webui.keyword.internal.WebUIKeywordMain$runKeyword.call(Unknown Source)
	at com.kms.katalon.core.webui.keyword.builtin.VerifyElementNotPresentKeyword.verifyElementNotPresent(VerifyElementNotPresentKeyword.groovy:117)
	at com.kms.katalon.core.webui.keyword.builtin.VerifyElementNotPresentKeyword.execute(VerifyElementNotPresentKeyword.groovy:68)
	at com.kms.katalon.core.keyword.internal.KeywordExecutor.executeKeywordForPlatform(KeywordExecutor.groovy:74)
	at com.kms.katalon.core.webui.keyword.WebUiBuiltInKeywords.verifyElementNotPresent(WebUiBuiltInKeywords.groovy:1481)
	at com.kms.katalon.core.webui.keyword.WebUiBuiltInKeywords$verifyElementNotPresent$8.call(Unknown Source)
	at GetBrokSumPriceDaily.run(GetBrokSumPriceDaily:258)
	at com.kms.katalon.core.main.ScriptEngine.run(ScriptEngine.java:194)
	at com.kms.katalon.core.main.ScriptEngine.runScriptAsRawText(ScriptEngine.java:119)
	at com.kms.katalon.core.main.TestCaseExecutor.runScript(TestCaseExecutor.java:445)
	at com.kms.katalon.core.main.TestCaseExecutor.doExecute(TestCaseExecutor.java:436)
	at com.kms.katalon.core.main.TestCaseExecutor.processExecutionPhase(TestCaseExecutor.java:415)
	at com.kms.katalon.core.main.TestCaseExecutor.accessMainPhase(TestCaseExecutor.java:407)
	at com.kms.katalon.core.main.TestCaseExecutor.execute(TestCaseExecutor.java:284)
	at com.kms.katalon.core.common.CommonExecutor.accessTestCaseMainPhase(CommonExecutor.java:65)
	at com.kms.katalon.core.main.TestSuiteExecutor.accessTestSuiteMainPhase(TestSuiteExecutor.java:144)
	at com.kms.katalon.core.main.TestSuiteExecutor.execute(TestSuiteExecutor.java:106)
	at com.kms.katalon.core.main.TestCaseMain.startTestSuite(TestCaseMain.java:185)
	at com.kms.katalon.core.main.TestCaseMain$startTestSuite$0.call(Unknown Source)
	at TempTestSuite1705920083951.run(TempTestSuite1705920083951.groovy:36)
)

2024-01-22 17:49:26 - [MESSAGE][WARNING] - Web element with id: 'Object Repository/Stockbit/Bandarmology_Buyer2' located by 'By.xpath: //*[contains(@id, 'rc-tabs-')]/div[2]/div/div/div/div/div/div[2]/table/tbody/tr[3]/td[1]/p' is present after '1' second(s) (Root cause: com.kms.katalon.core.exception.StepFailedException: Web element with id: 'Object Repository/Stockbit/Bandarmology_Buyer2' located by 'By.xpath: //*[contains(@id, 'rc-tabs-')]/div[2]/div/div/div/div/div/div[2]/table/tbody/tr[3]/td[1]/p' is present after '1' second(s)
	at com.kms.katalon.core.webui.keyword.internal.WebUIKeywordMain.stepFailed(WebUIKeywordMain.groovy:64)
	at com.kms.katalon.core.webui.keyword.internal.WebUIKeywordMain$stepFailed$0.call(Unknown Source)
	at com.kms.katalon.core.webui.keyword.builtin.VerifyElementNotPresentKeyword$_verifyElementNotPresent_closure1.doCall(VerifyElementNotPresentKeyword.groovy:106)
	at com.kms.katalon.core.webui.keyword.builtin.VerifyElementNotPresentKeyword$_verifyElementNotPresent_closure1.doCall(VerifyElementNotPresentKeyword.groovy)
	at com.kms.katalon.core.webui.keyword.internal.WebUIKeywordMain.runKeyword(WebUIKeywordMain.groovy:20)
	at com.kms.katalon.core.webui.keyword.internal.WebUIKeywordMain$runKeyword.call(Unknown Source)
	at com.kms.katalon.core.webui.keyword.builtin.VerifyElementNotPresentKeyword.verifyElementNotPresent(VerifyElementNotPresentKeyword.groovy:117)
	at com.kms.katalon.core.webui.keyword.builtin.VerifyElementNotPresentKeyword.execute(VerifyElementNotPresentKeyword.groovy:68)
	at com.kms.katalon.core.keyword.internal.KeywordExecutor.executeKeywordForPlatform(KeywordExecutor.groovy:74)
	at com.kms.katalon.core.webui.keyword.WebUiBuiltInKeywords.verifyElementNotPresent(WebUiBuiltInKeywords.groovy:1481)
	at com.kms.katalon.core.webui.keyword.WebUiBuiltInKeywords$verifyElementNotPresent$8.call(Unknown Source)
	at GetBrokSumPriceDaily.run(GetBrokSumPriceDaily:258)
	at com.kms.katalon.core.main.ScriptEngine.run(ScriptEngine.java:194)
	at com.kms.katalon.core.main.ScriptEngine.runScriptAsRawText(ScriptEngine.java:119)
	at com.kms.katalon.core.main.TestCaseExecutor.runScript(TestCaseExecutor.java:445)
	at com.kms.katalon.core.main.TestCaseExecutor.doExecute(TestCaseExecutor.java:436)
	at com.kms.katalon.core.main.TestCaseExecutor.processExecutionPhase(TestCaseExecutor.java:415)
	at com.kms.katalon.core.main.TestCaseExecutor.accessMainPhase(TestCaseExecutor.java:407)
	at com.kms.katalon.core.main.TestCaseExecutor.execute(TestCaseExecutor.java:284)
	at com.kms.katalon.core.common.CommonExecutor.accessTestCaseMainPhase(CommonExecutor.java:65)
	at com.kms.katalon.core.main.TestSuiteExecutor.accessTestSuiteMainPhase(TestSuiteExecutor.java:144)
	at com.kms.katalon.core.main.TestSuiteExecutor.execute(TestSuiteExecutor.java:106)
	at com.kms.katalon.core.main.TestCaseMain.startTestSuite(TestCaseMain.java:185)
	at com.kms.katalon.core.main.TestCaseMain$startTestSuite$0.call(Unknown Source)
	at TempTestSuite1705920083951.run(TempTestSuite1705920083951.groovy:36)
)
[[ATTACHMENT|C:\\Users\\Fadli\\git\\KatalonDailyGetData2\\Reports\\20240122_174123\\TS1\\20240122_174123\\1705920566354.png]]

2024-01-22 17:49:26 - [TEST_STEP][PASSED] - else: null

2024-01-22 17:49:26 - [TEST_STEP][PASSED] - strBuyer2 = getText(findTestObject("Stockbit/Bandarmology_Buyer2")): Text of object 'Object Repository/Stockbit/Bandarmology_Buyer2' is: 'BB'

2024-01-22 17:49:26 - [MESSAGE][PASSED] - Text of object 'Object Repository/Stockbit/Bandarmology_Buyer2' is: 'BB'

2024-01-22 17:49:26 - [TEST_STEP][PASSED] - strBuyerVol2 = getText(findTestObject("Stockbit/Bandarmology_BuyerVol2")): Text of object 'Object Repository/Stockbit/Bandarmology_BuyerVol2' is: '1.2 M'

2024-01-22 17:49:26 - [MESSAGE][PASSED] - Text of object 'Object Repository/Stockbit/Bandarmology_BuyerVol2' is: '1.2 M'

2024-01-22 17:49:26 - [TEST_STEP][PASSED] - strBuyerAvg2 = getText(findTestObject("Stockbit/Bandarmology_BuyerAvg2")): Text of object 'Object Repository/Stockbit/Bandarmology_BuyerAvg2' is: '86'

2024-01-22 17:49:27 - [MESSAGE][PASSED] - Text of object 'Object Repository/Stockbit/Bandarmology_BuyerAvg2' is: '86'

2024-01-22 17:49:27 - [TEST_STEP][PASSED] - if (strBuyer2 != ""): null

2024-01-22 17:49:27 - [TEST_STEP][PASSED] - if (strBuyerAvg2.contains(",")): null

2024-01-22 17:49:27 - [TEST_STEP][PASSED] - if (strBuyerVol2.contains(" B")): null

2024-01-22 17:49:27 - [TEST_STEP][PASSED] - else if (strBuyerVol2.contains(" M")): null

2024-01-22 17:49:27 - [TEST_STEP][PASSED] - strBuyerVol2 = strBuyerVol2.replace(" M", ""): null

2024-01-22 17:49:27 - [TEST_STEP][PASSED] - strBuyerVol2 = strBuyerVol2.toDouble() * 1000000: null

2024-01-22 17:49:27 - [TEST_STEP][PASSED] - if (strBuyerVol2.contains(".")): null

2024-01-22 17:49:27 - [TEST_STEP][PASSED] - strBuyerVal2 = strBuyerVol2.replace(".", ""): null

2024-01-22 17:49:27 - [TEST_STEP][PASSED] - if (verifyElementNotPresent(findTestObject("Stockbit/Bandarmology_Seller2"), 1, OPTIONAL)): Web element with id: 'Object Repository/Stockbit/Bandarmology_Seller2' located by 'By.xpath: //*[contains(@id, 'rc-tabs-')]/div[2]/div/div/div/div/div/div[2]/table/tbody/tr[3]/td[5]/p' is present after '1' second(s) (Root cause: com.kms.katalon.core.exception.StepFailedException: Web element with id: 'Object Repository/Stockbit/Bandarmology_Seller2' located by 'By.xpath: //*[contains(@id, 'rc-tabs-')]/div[2]/div/div/div/div/div/div[2]/table/tbody/tr[3]/td[5]/p' is present after '1' second(s)
	at com.kms.katalon.core.webui.keyword.internal.WebUIKeywordMain.stepFailed(WebUIKeywordMain.groovy:64)
	at com.kms.katalon.core.webui.keyword.internal.WebUIKeywordMain$stepFailed$0.call(Unknown Source)
	at com.kms.katalon.core.webui.keyword.builtin.VerifyElementNotPresentKeyword$_verifyElementNotPresent_closure1.doCall(VerifyElementNotPresentKeyword.groovy:106)
	at com.kms.katalon.core.webui.keyword.builtin.VerifyElementNotPresentKeyword$_verifyElementNotPresent_closure1.doCall(VerifyElementNotPresentKeyword.groovy)
	at com.kms.katalon.core.webui.keyword.internal.WebUIKeywordMain.runKeyword(WebUIKeywordMain.groovy:20)
	at com.kms.katalon.core.webui.keyword.internal.WebUIKeywordMain$runKeyword.call(Unknown Source)
	at com.kms.katalon.core.webui.keyword.builtin.VerifyElementNotPresentKeyword.verifyElementNotPresent(VerifyElementNotPresentKeyword.groovy:117)
	at com.kms.katalon.core.webui.keyword.builtin.VerifyElementNotPresentKeyword.execute(VerifyElementNotPresentKeyword.groovy:68)
	at com.kms.katalon.core.keyword.internal.KeywordExecutor.executeKeywordForPlatform(KeywordExecutor.groovy:74)
	at com.kms.katalon.core.webui.keyword.WebUiBuiltInKeywords.verifyElementNotPresent(WebUiBuiltInKeywords.groovy:1481)
	at com.kms.katalon.core.webui.keyword.WebUiBuiltInKeywords$verifyElementNotPresent$8.call(Unknown Source)
	at GetBrokSumPriceDaily.run(GetBrokSumPriceDaily:309)
	at com.kms.katalon.core.main.ScriptEngine.run(ScriptEngine.java:194)
	at com.kms.katalon.core.main.ScriptEngine.runScriptAsRawText(ScriptEngine.java:119)
	at com.kms.katalon.core.main.TestCaseExecutor.runScript(TestCaseExecutor.java:445)
	at com.kms.katalon.core.main.TestCaseExecutor.doExecute(TestCaseExecutor.java:436)
	at com.kms.katalon.core.main.TestCaseExecutor.processExecutionPhase(TestCaseExecutor.java:415)
	at com.kms.katalon.core.main.TestCaseExecutor.accessMainPhase(TestCaseExecutor.java:407)
	at com.kms.katalon.core.main.TestCaseExecutor.execute(TestCaseExecutor.java:284)
	at com.kms.katalon.core.common.CommonExecutor.accessTestCaseMainPhase(CommonExecutor.java:65)
	at com.kms.katalon.core.main.TestSuiteExecutor.accessTestSuiteMainPhase(TestSuiteExecutor.java:144)
	at com.kms.katalon.core.main.TestSuiteExecutor.execute(TestSuiteExecutor.java:106)
	at com.kms.katalon.core.main.TestCaseMain.startTestSuite(TestCaseMain.java:185)
	at com.kms.katalon.core.main.TestCaseMain$startTestSuite$0.call(Unknown Source)
	at TempTestSuite1705920083951.run(TempTestSuite1705920083951.groovy:36)
)

2024-01-22 17:49:28 - [MESSAGE][WARNING] - Web element with id: 'Object Repository/Stockbit/Bandarmology_Seller2' located by 'By.xpath: //*[contains(@id, 'rc-tabs-')]/div[2]/div/div/div/div/div/div[2]/table/tbody/tr[3]/td[5]/p' is present after '1' second(s) (Root cause: com.kms.katalon.core.exception.StepFailedException: Web element with id: 'Object Repository/Stockbit/Bandarmology_Seller2' located by 'By.xpath: //*[contains(@id, 'rc-tabs-')]/div[2]/div/div/div/div/div/div[2]/table/tbody/tr[3]/td[5]/p' is present after '1' second(s)
	at com.kms.katalon.core.webui.keyword.internal.WebUIKeywordMain.stepFailed(WebUIKeywordMain.groovy:64)
	at com.kms.katalon.core.webui.keyword.internal.WebUIKeywordMain$stepFailed$0.call(Unknown Source)
	at com.kms.katalon.core.webui.keyword.builtin.VerifyElementNotPresentKeyword$_verifyElementNotPresent_closure1.doCall(VerifyElementNotPresentKeyword.groovy:106)
	at com.kms.katalon.core.webui.keyword.builtin.VerifyElementNotPresentKeyword$_verifyElementNotPresent_closure1.doCall(VerifyElementNotPresentKeyword.groovy)
	at com.kms.katalon.core.webui.keyword.internal.WebUIKeywordMain.runKeyword(WebUIKeywordMain.groovy:20)
	at com.kms.katalon.core.webui.keyword.internal.WebUIKeywordMain$runKeyword.call(Unknown Source)
	at com.kms.katalon.core.webui.keyword.builtin.VerifyElementNotPresentKeyword.verifyElementNotPresent(VerifyElementNotPresentKeyword.groovy:117)
	at com.kms.katalon.core.webui.keyword.builtin.VerifyElementNotPresentKeyword.execute(VerifyElementNotPresentKeyword.groovy:68)
	at com.kms.katalon.core.keyword.internal.KeywordExecutor.executeKeywordForPlatform(KeywordExecutor.groovy:74)
	at com.kms.katalon.core.webui.keyword.WebUiBuiltInKeywords.verifyElementNotPresent(WebUiBuiltInKeywords.groovy:1481)
	at com.kms.katalon.core.webui.keyword.WebUiBuiltInKeywords$verifyElementNotPresent$8.call(Unknown Source)
	at GetBrokSumPriceDaily.run(GetBrokSumPriceDaily:309)
	at com.kms.katalon.core.main.ScriptEngine.run(ScriptEngine.java:194)
	at com.kms.katalon.core.main.ScriptEngine.runScriptAsRawText(ScriptEngine.java:119)
	at com.kms.katalon.core.main.TestCaseExecutor.runScript(TestCaseExecutor.java:445)
	at com.kms.katalon.core.main.TestCaseExecutor.doExecute(TestCaseExecutor.java:436)
	at com.kms.katalon.core.main.TestCaseExecutor.processExecutionPhase(TestCaseExecutor.java:415)
	at com.kms.katalon.core.main.TestCaseExecutor.accessMainPhase(TestCaseExecutor.java:407)
	at com.kms.katalon.core.main.TestCaseExecutor.execute(TestCaseExecutor.java:284)
	at com.kms.katalon.core.common.CommonExecutor.accessTestCaseMainPhase(CommonExecutor.java:65)
	at com.kms.katalon.core.main.TestSuiteExecutor.accessTestSuiteMainPhase(TestSuiteExecutor.java:144)
	at com.kms.katalon.core.main.TestSuiteExecutor.execute(TestSuiteExecutor.java:106)
	at com.kms.katalon.core.main.TestCaseMain.startTestSuite(TestCaseMain.java:185)
	at com.kms.katalon.core.main.TestCaseMain$startTestSuite$0.call(Unknown Source)
	at TempTestSuite1705920083951.run(TempTestSuite1705920083951.groovy:36)
)
[[ATTACHMENT|C:\\Users\\Fadli\\git\\KatalonDailyGetData2\\Reports\\20240122_174123\\TS1\\20240122_174123\\1705920568284.png]]

2024-01-22 17:49:28 - [TEST_STEP][PASSED] - else: null

2024-01-22 17:49:28 - [TEST_STEP][PASSED] - strSeller2 = getText(findTestObject("Stockbit/Bandarmology_Seller2")): Text of object 'Object Repository/Stockbit/Bandarmology_Seller2' is: 'CC'

2024-01-22 17:49:28 - [MESSAGE][PASSED] - Text of object 'Object Repository/Stockbit/Bandarmology_Seller2' is: 'CC'

2024-01-22 17:49:28 - [TEST_STEP][PASSED] - strSellerVol2 = getText(findTestObject("Stockbit/Bandarmology_SellerVol2")): Text of object 'Object Repository/Stockbit/Bandarmology_SellerVol2' is: '1.3 M'

2024-01-22 17:49:28 - [MESSAGE][PASSED] - Text of object 'Object Repository/Stockbit/Bandarmology_SellerVol2' is: '1.3 M'

2024-01-22 17:49:28 - [TEST_STEP][PASSED] - strSellerAvg2 = getText(findTestObject("Stockbit/Bandarmology_SellerAvg2")): Text of object 'Object Repository/Stockbit/Bandarmology_SellerAvg2' is: '86'

2024-01-22 17:49:28 - [MESSAGE][PASSED] - Text of object 'Object Repository/Stockbit/Bandarmology_SellerAvg2' is: '86'

2024-01-22 17:49:28 - [TEST_STEP][PASSED] - if (strSeller2 != ""): null

2024-01-22 17:49:28 - [TEST_STEP][PASSED] - if (strSellerAvg2.contains(",")): null

2024-01-22 17:49:28 - [TEST_STEP][PASSED] - if (strSellerVol2.contains(" B")): null

2024-01-22 17:49:28 - [TEST_STEP][PASSED] - else if (strSellerVol2.contains(" M")): null

2024-01-22 17:49:28 - [TEST_STEP][PASSED] - strSellerVol2 = strSellerVol2.replace(" M", ""): null

2024-01-22 17:49:28 - [TEST_STEP][PASSED] - strSellerVol2 = strSellerVol2.toDouble() * 1000000: null

2024-01-22 17:49:28 - [TEST_STEP][PASSED] - if (verifyElementNotPresent(findTestObject("Stockbit/Bandarmology_Buyer3"), 1, OPTIONAL)): Web element with id: 'Object Repository/Stockbit/Bandarmology_Buyer3' located by 'By.xpath: //*[contains(@id, 'rc-tabs-')]/div[2]/div/div/div/div/div/div[2]/table/tbody/tr[4]/td[1]/p' is present after '1' second(s) (Root cause: com.kms.katalon.core.exception.StepFailedException: Web element with id: 'Object Repository/Stockbit/Bandarmology_Buyer3' located by 'By.xpath: //*[contains(@id, 'rc-tabs-')]/div[2]/div/div/div/div/div/div[2]/table/tbody/tr[4]/td[1]/p' is present after '1' second(s)
	at com.kms.katalon.core.webui.keyword.internal.WebUIKeywordMain.stepFailed(WebUIKeywordMain.groovy:64)
	at com.kms.katalon.core.webui.keyword.internal.WebUIKeywordMain$stepFailed$0.call(Unknown Source)
	at com.kms.katalon.core.webui.keyword.builtin.VerifyElementNotPresentKeyword$_verifyElementNotPresent_closure1.doCall(VerifyElementNotPresentKeyword.groovy:106)
	at com.kms.katalon.core.webui.keyword.builtin.VerifyElementNotPresentKeyword$_verifyElementNotPresent_closure1.doCall(VerifyElementNotPresentKeyword.groovy)
	at com.kms.katalon.core.webui.keyword.internal.WebUIKeywordMain.runKeyword(WebUIKeywordMain.groovy:20)
	at com.kms.katalon.core.webui.keyword.internal.WebUIKeywordMain$runKeyword.call(Unknown Source)
	at com.kms.katalon.core.webui.keyword.builtin.VerifyElementNotPresentKeyword.verifyElementNotPresent(VerifyElementNotPresentKeyword.groovy:117)
	at com.kms.katalon.core.webui.keyword.builtin.VerifyElementNotPresentKeyword.execute(VerifyElementNotPresentKeyword.groovy:68)
	at com.kms.katalon.core.keyword.internal.KeywordExecutor.executeKeywordForPlatform(KeywordExecutor.groovy:74)
	at com.kms.katalon.core.webui.keyword.WebUiBuiltInKeywords.verifyElementNotPresent(WebUiBuiltInKeywords.groovy:1481)
	at com.kms.katalon.core.webui.keyword.WebUiBuiltInKeywords$verifyElementNotPresent$8.call(Unknown Source)
	at GetBrokSumPriceDaily.run(GetBrokSumPriceDaily:361)
	at com.kms.katalon.core.main.ScriptEngine.run(ScriptEngine.java:194)
	at com.kms.katalon.core.main.ScriptEngine.runScriptAsRawText(ScriptEngine.java:119)
	at com.kms.katalon.core.main.TestCaseExecutor.runScript(TestCaseExecutor.java:445)
	at com.kms.katalon.core.main.TestCaseExecutor.doExecute(TestCaseExecutor.java:436)
	at com.kms.katalon.core.main.TestCaseExecutor.processExecutionPhase(TestCaseExecutor.java:415)
	at com.kms.katalon.core.main.TestCaseExecutor.accessMainPhase(TestCaseExecutor.java:407)
	at com.kms.katalon.core.main.TestCaseExecutor.execute(TestCaseExecutor.java:284)
	at com.kms.katalon.core.common.CommonExecutor.accessTestCaseMainPhase(CommonExecutor.java:65)
	at com.kms.katalon.core.main.TestSuiteExecutor.accessTestSuiteMainPhase(TestSuiteExecutor.java:144)
	at com.kms.katalon.core.main.TestSuiteExecutor.execute(TestSuiteExecutor.java:106)
	at com.kms.katalon.core.main.TestCaseMain.startTestSuite(TestCaseMain.java:185)
	at com.kms.katalon.core.main.TestCaseMain$startTestSuite$0.call(Unknown Source)
	at TempTestSuite1705920083951.run(TempTestSuite1705920083951.groovy:36)
)

2024-01-22 17:49:30 - [MESSAGE][WARNING] - Web element with id: 'Object Repository/Stockbit/Bandarmology_Buyer3' located by 'By.xpath: //*[contains(@id, 'rc-tabs-')]/div[2]/div/div/div/div/div/div[2]/table/tbody/tr[4]/td[1]/p' is present after '1' second(s) (Root cause: com.kms.katalon.core.exception.StepFailedException: Web element with id: 'Object Repository/Stockbit/Bandarmology_Buyer3' located by 'By.xpath: //*[contains(@id, 'rc-tabs-')]/div[2]/div/div/div/div/div/div[2]/table/tbody/tr[4]/td[1]/p' is present after '1' second(s)
	at com.kms.katalon.core.webui.keyword.internal.WebUIKeywordMain.stepFailed(WebUIKeywordMain.groovy:64)
	at com.kms.katalon.core.webui.keyword.internal.WebUIKeywordMain$stepFailed$0.call(Unknown Source)
	at com.kms.katalon.core.webui.keyword.builtin.VerifyElementNotPresentKeyword$_verifyElementNotPresent_closure1.doCall(VerifyElementNotPresentKeyword.groovy:106)
	at com.kms.katalon.core.webui.keyword.builtin.VerifyElementNotPresentKeyword$_verifyElementNotPresent_closure1.doCall(VerifyElementNotPresentKeyword.groovy)
	at com.kms.katalon.core.webui.keyword.internal.WebUIKeywordMain.runKeyword(WebUIKeywordMain.groovy:20)
	at com.kms.katalon.core.webui.keyword.internal.WebUIKeywordMain$runKeyword.call(Unknown Source)
	at com.kms.katalon.core.webui.keyword.builtin.VerifyElementNotPresentKeyword.verifyElementNotPresent(VerifyElementNotPresentKeyword.groovy:117)
	at com.kms.katalon.core.webui.keyword.builtin.VerifyElementNotPresentKeyword.execute(VerifyElementNotPresentKeyword.groovy:68)
	at com.kms.katalon.core.keyword.internal.KeywordExecutor.executeKeywordForPlatform(KeywordExecutor.groovy:74)
	at com.kms.katalon.core.webui.keyword.WebUiBuiltInKeywords.verifyElementNotPresent(WebUiBuiltInKeywords.groovy:1481)
	at com.kms.katalon.core.webui.keyword.WebUiBuiltInKeywords$verifyElementNotPresent$8.call(Unknown Source)
	at GetBrokSumPriceDaily.run(GetBrokSumPriceDaily:361)
	at com.kms.katalon.core.main.ScriptEngine.run(ScriptEngine.java:194)
	at com.kms.katalon.core.main.ScriptEngine.runScriptAsRawText(ScriptEngine.java:119)
	at com.kms.katalon.core.main.TestCaseExecutor.runScript(TestCaseExecutor.java:445)
	at com.kms.katalon.core.main.TestCaseExecutor.doExecute(TestCaseExecutor.java:436)
	at com.kms.katalon.core.main.TestCaseExecutor.processExecutionPhase(TestCaseExecutor.java:415)
	at com.kms.katalon.core.main.TestCaseExecutor.accessMainPhase(TestCaseExecutor.java:407)
	at com.kms.katalon.core.main.TestCaseExecutor.execute(TestCaseExecutor.java:284)
	at com.kms.katalon.core.common.CommonExecutor.accessTestCaseMainPhase(CommonExecutor.java:65)
	at com.kms.katalon.core.main.TestSuiteExecutor.accessTestSuiteMainPhase(TestSuiteExecutor.java:144)
	at com.kms.katalon.core.main.TestSuiteExecutor.execute(TestSuiteExecutor.java:106)
	at com.kms.katalon.core.main.TestCaseMain.startTestSuite(TestCaseMain.java:185)
	at com.kms.katalon.core.main.TestCaseMain$startTestSuite$0.call(Unknown Source)
	at TempTestSuite1705920083951.run(TempTestSuite1705920083951.groovy:36)
)
[[ATTACHMENT|C:\\Users\\Fadli\\git\\KatalonDailyGetData2\\Reports\\20240122_174123\\TS1\\20240122_174123\\1705920570191.png]]

2024-01-22 17:49:30 - [TEST_STEP][PASSED] - else: null

2024-01-22 17:49:30 - [TEST_STEP][PASSED] - strBuyer3 = getText(findTestObject("Stockbit/Bandarmology_Buyer3")): Text of object 'Object Repository/Stockbit/Bandarmology_Buyer3' is: 'YU'

2024-01-22 17:49:30 - [MESSAGE][PASSED] - Text of object 'Object Repository/Stockbit/Bandarmology_Buyer3' is: 'YU'

2024-01-22 17:49:30 - [TEST_STEP][PASSED] - strBuyerVol3 = getText(findTestObject("Stockbit/Bandarmology_BuyerVol3")): Text of object 'Object Repository/Stockbit/Bandarmology_BuyerVol3' is: '701.9 K'

2024-01-22 17:49:30 - [MESSAGE][PASSED] - Text of object 'Object Repository/Stockbit/Bandarmology_BuyerVol3' is: '701.9 K'

2024-01-22 17:49:30 - [TEST_STEP][PASSED] - strBuyerAvg3 = getText(findTestObject("Stockbit/Bandarmology_BuyerAvg3")): Text of object 'Object Repository/Stockbit/Bandarmology_BuyerAvg3' is: '87'

2024-01-22 17:49:30 - [MESSAGE][PASSED] - Text of object 'Object Repository/Stockbit/Bandarmology_BuyerAvg3' is: '87'

2024-01-22 17:49:30 - [TEST_STEP][PASSED] - if (strBuyer3 != ""): null

2024-01-22 17:49:30 - [TEST_STEP][PASSED] - if (strBuyerAvg3.contains(",")): null

2024-01-22 17:49:30 - [TEST_STEP][PASSED] - if (strBuyerVol3.contains(" B")): null

2024-01-22 17:49:30 - [TEST_STEP][PASSED] - else if (strBuyerVol3.contains(" M")): null

2024-01-22 17:49:30 - [TEST_STEP][PASSED] - else if (strBuyerVol3.contains(" K")): null

2024-01-22 17:49:30 - [TEST_STEP][PASSED] - strBuyerVol3 = strBuyerVol3.replace(" K", ""): null

2024-01-22 17:49:30 - [TEST_STEP][PASSED] - strBuyerVol3 = strBuyerVol3.toDouble() * 1000: null

2024-01-22 17:49:30 - [TEST_STEP][PASSED] - if (verifyElementNotPresent(findTestObject("Stockbit/Bandarmology_Seller3"), 1, OPTIONAL)): Web element with id: 'Object Repository/Stockbit/Bandarmology_Seller3' located by 'By.xpath: //*[contains(@id, 'rc-tabs-')]/div[2]/div/div/div/div/div/div[2]/table/tbody/tr[4]/td[5]/p' is present after '1' second(s) (Root cause: com.kms.katalon.core.exception.StepFailedException: Web element with id: 'Object Repository/Stockbit/Bandarmology_Seller3' located by 'By.xpath: //*[contains(@id, 'rc-tabs-')]/div[2]/div/div/div/div/div/div[2]/table/tbody/tr[4]/td[5]/p' is present after '1' second(s)
	at com.kms.katalon.core.webui.keyword.internal.WebUIKeywordMain.stepFailed(WebUIKeywordMain.groovy:64)
	at com.kms.katalon.core.webui.keyword.internal.WebUIKeywordMain$stepFailed$0.call(Unknown Source)
	at com.kms.katalon.core.webui.keyword.builtin.VerifyElementNotPresentKeyword$_verifyElementNotPresent_closure1.doCall(VerifyElementNotPresentKeyword.groovy:106)
	at com.kms.katalon.core.webui.keyword.builtin.VerifyElementNotPresentKeyword$_verifyElementNotPresent_closure1.doCall(VerifyElementNotPresentKeyword.groovy)
	at com.kms.katalon.core.webui.keyword.internal.WebUIKeywordMain.runKeyword(WebUIKeywordMain.groovy:20)
	at com.kms.katalon.core.webui.keyword.internal.WebUIKeywordMain$runKeyword.call(Unknown Source)
	at com.kms.katalon.core.webui.keyword.builtin.VerifyElementNotPresentKeyword.verifyElementNotPresent(VerifyElementNotPresentKeyword.groovy:117)
	at com.kms.katalon.core.webui.keyword.builtin.VerifyElementNotPresentKeyword.execute(VerifyElementNotPresentKeyword.groovy:68)
	at com.kms.katalon.core.keyword.internal.KeywordExecutor.executeKeywordForPlatform(KeywordExecutor.groovy:74)
	at com.kms.katalon.core.webui.keyword.WebUiBuiltInKeywords.verifyElementNotPresent(WebUiBuiltInKeywords.groovy:1481)
	at com.kms.katalon.core.webui.keyword.WebUiBuiltInKeywords$verifyElementNotPresent$8.call(Unknown Source)
	at GetBrokSumPriceDaily.run(GetBrokSumPriceDaily:414)
	at com.kms.katalon.core.main.ScriptEngine.run(ScriptEngine.java:194)
	at com.kms.katalon.core.main.ScriptEngine.runScriptAsRawText(ScriptEngine.java:119)
	at com.kms.katalon.core.main.TestCaseExecutor.runScript(TestCaseExecutor.java:445)
	at com.kms.katalon.core.main.TestCaseExecutor.doExecute(TestCaseExecutor.java:436)
	at com.kms.katalon.core.main.TestCaseExecutor.processExecutionPhase(TestCaseExecutor.java:415)
	at com.kms.katalon.core.main.TestCaseExecutor.accessMainPhase(TestCaseExecutor.java:407)
	at com.kms.katalon.core.main.TestCaseExecutor.execute(TestCaseExecutor.java:284)
	at com.kms.katalon.core.common.CommonExecutor.accessTestCaseMainPhase(CommonExecutor.java:65)
	at com.kms.katalon.core.main.TestSuiteExecutor.accessTestSuiteMainPhase(TestSuiteExecutor.java:144)
	at com.kms.katalon.core.main.TestSuiteExecutor.execute(TestSuiteExecutor.java:106)
	at com.kms.katalon.core.main.TestCaseMain.startTestSuite(TestCaseMain.java:185)
	at com.kms.katalon.core.main.TestCaseMain$startTestSuite$0.call(Unknown Source)
	at TempTestSuite1705920083951.run(TempTestSuite1705920083951.groovy:36)
)

2024-01-22 17:49:32 - [MESSAGE][WARNING] - Web element with id: 'Object Repository/Stockbit/Bandarmology_Seller3' located by 'By.xpath: //*[contains(@id, 'rc-tabs-')]/div[2]/div/div/div/div/div/div[2]/table/tbody/tr[4]/td[5]/p' is present after '1' second(s) (Root cause: com.kms.katalon.core.exception.StepFailedException: Web element with id: 'Object Repository/Stockbit/Bandarmology_Seller3' located by 'By.xpath: //*[contains(@id, 'rc-tabs-')]/div[2]/div/div/div/div/div/div[2]/table/tbody/tr[4]/td[5]/p' is present after '1' second(s)
	at com.kms.katalon.core.webui.keyword.internal.WebUIKeywordMain.stepFailed(WebUIKeywordMain.groovy:64)
	at com.kms.katalon.core.webui.keyword.internal.WebUIKeywordMain$stepFailed$0.call(Unknown Source)
	at com.kms.katalon.core.webui.keyword.builtin.VerifyElementNotPresentKeyword$_verifyElementNotPresent_closure1.doCall(VerifyElementNotPresentKeyword.groovy:106)
	at com.kms.katalon.core.webui.keyword.builtin.VerifyElementNotPresentKeyword$_verifyElementNotPresent_closure1.doCall(VerifyElementNotPresentKeyword.groovy)
	at com.kms.katalon.core.webui.keyword.internal.WebUIKeywordMain.runKeyword(WebUIKeywordMain.groovy:20)
	at com.kms.katalon.core.webui.keyword.internal.WebUIKeywordMain$runKeyword.call(Unknown Source)
	at com.kms.katalon.core.webui.keyword.builtin.VerifyElementNotPresentKeyword.verifyElementNotPresent(VerifyElementNotPresentKeyword.groovy:117)
	at com.kms.katalon.core.webui.keyword.builtin.VerifyElementNotPresentKeyword.execute(VerifyElementNotPresentKeyword.groovy:68)
	at com.kms.katalon.core.keyword.internal.KeywordExecutor.executeKeywordForPlatform(KeywordExecutor.groovy:74)
	at com.kms.katalon.core.webui.keyword.WebUiBuiltInKeywords.verifyElementNotPresent(WebUiBuiltInKeywords.groovy:1481)
	at com.kms.katalon.core.webui.keyword.WebUiBuiltInKeywords$verifyElementNotPresent$8.call(Unknown Source)
	at GetBrokSumPriceDaily.run(GetBrokSumPriceDaily:414)
	at com.kms.katalon.core.main.ScriptEngine.run(ScriptEngine.java:194)
	at com.kms.katalon.core.main.ScriptEngine.runScriptAsRawText(ScriptEngine.java:119)
	at com.kms.katalon.core.main.TestCaseExecutor.runScript(TestCaseExecutor.java:445)
	at com.kms.katalon.core.main.TestCaseExecutor.doExecute(TestCaseExecutor.java:436)
	at com.kms.katalon.core.main.TestCaseExecutor.processExecutionPhase(TestCaseExecutor.java:415)
	at com.kms.katalon.core.main.TestCaseExecutor.accessMainPhase(TestCaseExecutor.java:407)
	at com.kms.katalon.core.main.TestCaseExecutor.execute(TestCaseExecutor.java:284)
	at com.kms.katalon.core.common.CommonExecutor.accessTestCaseMainPhase(CommonExecutor.java:65)
	at com.kms.katalon.core.main.TestSuiteExecutor.accessTestSuiteMainPhase(TestSuiteExecutor.java:144)
	at com.kms.katalon.core.main.TestSuiteExecutor.execute(TestSuiteExecutor.java:106)
	at com.kms.katalon.core.main.TestCaseMain.startTestSuite(TestCaseMain.java:185)
	at com.kms.katalon.core.main.TestCaseMain$startTestSuite$0.call(Unknown Source)
	at TempTestSuite1705920083951.run(TempTestSuite1705920083951.groovy:36)
)
[[ATTACHMENT|C:\\Users\\Fadli\\git\\KatalonDailyGetData2\\Reports\\20240122_174123\\TS1\\20240122_174123\\1705920572068.png]]

2024-01-22 17:49:32 - [TEST_STEP][PASSED] - else: null

2024-01-22 17:49:32 - [TEST_STEP][PASSED] - strSeller3 = getText(findTestObject("Stockbit/Bandarmology_Seller3")): Text of object 'Object Repository/Stockbit/Bandarmology_Seller3' is: 'MG'

2024-01-22 17:49:32 - [MESSAGE][PASSED] - Text of object 'Object Repository/Stockbit/Bandarmology_Seller3' is: 'MG'

2024-01-22 17:49:32 - [TEST_STEP][PASSED] - strSellerVol3 = getText(findTestObject("Stockbit/Bandarmology_SellerVol3")): Text of object 'Object Repository/Stockbit/Bandarmology_SellerVol3' is: '687.4 K'

2024-01-22 17:49:32 - [MESSAGE][PASSED] - Text of object 'Object Repository/Stockbit/Bandarmology_SellerVol3' is: '687.4 K'

2024-01-22 17:49:32 - [TEST_STEP][PASSED] - strSellerAvg3 = getText(findTestObject("Stockbit/Bandarmology_SellerAvg3")): Text of object 'Object Repository/Stockbit/Bandarmology_SellerAvg3' is: '87'

2024-01-22 17:49:32 - [MESSAGE][PASSED] - Text of object 'Object Repository/Stockbit/Bandarmology_SellerAvg3' is: '87'

2024-01-22 17:49:32 - [TEST_STEP][PASSED] - if (strSeller3 != ""): null

2024-01-22 17:49:32 - [TEST_STEP][PASSED] - if (strSellerAvg3.contains(",")): null

2024-01-22 17:49:32 - [TEST_STEP][PASSED] - if (strSellerVol3.contains(" B")): null

2024-01-22 17:49:32 - [TEST_STEP][PASSED] - else if (strSellerVol3.contains(" M")): null

2024-01-22 17:49:32 - [TEST_STEP][PASSED] - else if (strSellerVol3.contains(" K")): null

2024-01-22 17:49:32 - [TEST_STEP][PASSED] - strSellerVol3 = strSellerVol3.replace(" K", ""): null

2024-01-22 17:49:32 - [TEST_STEP][PASSED] - strSellerVol3 = strSellerVol3.toDouble() * 1000: null

2024-01-22 17:49:32 - [TEST_STEP][PASSED] - strAccDist = getText(findTestObject("Stockbit/Bandarmology_AccDist")): Text of object 'Object Repository/Stockbit/Bandarmology_AccDist' is: 'Dist'

2024-01-22 17:49:32 - [MESSAGE][PASSED] - Text of object 'Object Repository/Stockbit/Bandarmology_AccDist' is: 'Dist'

2024-01-22 17:49:32 - [TEST_STEP][PASSED] - strNetVol = getText(findTestObject("Stockbit/Bandarmology_NetVol")): Text of object 'Object Repository/Stockbit/Bandarmology_NetVol' is: '6,300,968'

2024-01-22 17:49:33 - [MESSAGE][PASSED] - Text of object 'Object Repository/Stockbit/Bandarmology_NetVol' is: '6,300,968'

2024-01-22 17:49:33 - [TEST_STEP][PASSED] - strNetVol = strNetVol.replace(",", ""): null

2024-01-22 17:49:33 - [TEST_STEP][PASSED] - strNetVal = getText(findTestObject("Stockbit/Bandarmology_NetVal")): Text of object 'Object Repository/Stockbit/Bandarmology_NetVal' is: '54.3 B'

2024-01-22 17:49:33 - [MESSAGE][PASSED] - Text of object 'Object Repository/Stockbit/Bandarmology_NetVal' is: '54.3 B'

2024-01-22 17:49:33 - [TEST_STEP][PASSED] - delay(3): Delayed 3 second(s)

2024-01-22 17:49:36 - [MESSAGE][PASSED] - Delayed 3 second(s)

2024-01-22 17:49:36 - [TEST_STEP][PASSED] - strOpenPrice = getText(findTestObject("Stockbit/Home_OpenPrice")): Text of object 'Object Repository/Stockbit/Home_OpenPrice' is: '87'

2024-01-22 17:49:36 - [MESSAGE][PASSED] - Text of object 'Object Repository/Stockbit/Home_OpenPrice' is: '87'

2024-01-22 17:49:36 - [TEST_STEP][PASSED] - strOpenPrice = strOpenPrice.replace(",", ""): null

2024-01-22 17:49:36 - [TEST_STEP][PASSED] - strLowPrice = getText(findTestObject("Stockbit/Home_LowPrice")): Text of object 'Object Repository/Stockbit/Home_LowPrice' is: '85'

2024-01-22 17:49:36 - [MESSAGE][PASSED] - Text of object 'Object Repository/Stockbit/Home_LowPrice' is: '85'

2024-01-22 17:49:36 - [TEST_STEP][PASSED] - strLowPrice = strLowPrice.replace(",", ""): null

2024-01-22 17:49:36 - [TEST_STEP][PASSED] - strHighPrice = getText(findTestObject("Stockbit/Home_HighPrice")): Text of object 'Object Repository/Stockbit/Home_HighPrice' is: '87'

2024-01-22 17:49:36 - [MESSAGE][PASSED] - Text of object 'Object Repository/Stockbit/Home_HighPrice' is: '87'

2024-01-22 17:49:36 - [TEST_STEP][PASSED] - strHighPrice = strHighPrice.replace(",", ""): null

2024-01-22 17:49:36 - [TEST_STEP][PASSED] - strClosePrice = getText(findTestObject("Stockbit/Home_ClosePrice")): Text of object 'Object Repository/Stockbit/Home_ClosePrice' is: '87'

2024-01-22 17:49:36 - [MESSAGE][PASSED] - Text of object 'Object Repository/Stockbit/Home_ClosePrice' is: '87'

2024-01-22 17:49:36 - [TEST_STEP][PASSED] - strClosePrice = strClosePrice.replace(",", ""): null

2024-01-22 17:49:36 - [TEST_STEP][PASSED] - strVol = getText(findTestObject("Stockbit/Home_Volume")): Text of object 'Object Repository/Stockbit/Home_Volume' is: '12,802 K'

2024-01-22 17:49:37 - [MESSAGE][PASSED] - Text of object 'Object Repository/Stockbit/Home_Volume' is: '12,802 K'

2024-01-22 17:49:37 - [TEST_STEP][PASSED] - if (strVol.contains(" K")): null

2024-01-22 17:49:37 - [TEST_STEP][PASSED] - strVol = strVol.replace(" K", "000"): null

2024-01-22 17:49:37 - [TEST_STEP][PASSED] - if (strVol.contains(",")): null

2024-01-22 17:49:37 - [TEST_STEP][PASSED] - strVol = strVol.replace(",", ""): null

2024-01-22 17:49:37 - [TEST_STEP][PASSED] - strChange = getText(findTestObject("Stockbit/Home_Change")): Text of object 'Object Repository/Stockbit/Home_Change' is: '1.16%'

2024-01-22 17:49:37 - [MESSAGE][PASSED] - Text of object 'Object Repository/Stockbit/Home_Change' is: '1.16%'

2024-01-22 17:49:37 - [TEST_STEP][PASSED] - strChange = strChange.replace("%", ""): null

2024-01-22 17:49:37 - [TEST_STEP][PASSED] - strFreq = getText(findTestObject("Stockbit/Home_Freq")): Text of object 'Object Repository/Stockbit/Home_Freq' is: '10,316'

2024-01-22 17:49:37 - [MESSAGE][PASSED] - Text of object 'Object Repository/Stockbit/Home_Freq' is: '10,316'

2024-01-22 17:49:37 - [TEST_STEP][PASSED] - if (strFreq.contains(",")): null

2024-01-22 17:49:37 - [TEST_STEP][PASSED] - strFreq = strFreq.replace(",", ""): null

2024-01-22 17:49:37 - [TEST_STEP][PASSED] - if (strFreq == "NA" || strFreq == ""): null

2024-01-22 17:49:37 - [TEST_STEP][PASSED] - else: null

2024-01-22 17:49:37 - [TEST_STEP][PASSED] - dblFreqAnal = strVol.toDouble() / strFreq.toDouble() * strFreq.toDouble() * strFreq.toDouble() * 100000000: null

2024-01-22 17:49:37 - [TEST_STEP][PASSED] - strFreqAnal = String.format("%.4f", dblFreqAnal): null

2024-01-22 17:49:37 - [TEST_STEP][PASSED] - out.println("Double strFreqAnal: " + strFreqAnal): null

2024-01-22 17:49:37 - [TEST_STEP][PASSED] - strTanggal = d.format(DateTimeFormatter.ofPattern("yyyy-MM-dd")): null

2024-01-22 17:49:37 - [TEST_STEP][PASSED] - strTanggal = "#" + strTanggal + "#": null

2024-01-22 17:49:37 - [TEST_STEP][PASSED] - strSQL = "select count(*) as JumBaris from TblBrokSum where Nama = '" + strNama + "' and Tanggal = " + strTanggal + "": null

2024-01-22 17:49:37 - [TEST_STEP][PASSED] - resultSet = statement.executeQuery(strSQL): null

2024-01-22 17:49:37 - [TEST_STEP][PASSED] - resultSet.next(): null

2024-01-22 17:49:37 - [TEST_STEP][PASSED] - intJumBaris = resultSet.getInt("JumBaris"): null

2024-01-22 17:49:37 - [TEST_STEP][PASSED] - if (intJumBaris > 0): null

2024-01-22 17:49:37 - [TEST_STEP][PASSED] - else: null

2024-01-22 17:49:37 - [TEST_STEP][PASSED] - try: null

2024-01-22 17:49:37 - [TEST_STEP][PASSED] - out.println("Insert data"): null

2024-01-22 17:49:37 - [TEST_STEP][PASSED] - strSQL = "insert into TblBrokSum (nama, tanggal, top1, top2, top3, AllBrokAvg, AccDist, AvgRP, " + "Buyer1, BuyerVal1, BuyerAvg1, Seller1, SellerVal1, SellerAvg1, Buyer2, BuyerVal2, BuyerAvg2, " + "Seller2, SellerVal2, SellerAvg2, Buyer3, BuyerVal3, BuyerAvg3, Seller3, SellerVal3, SellerAvg3, NetVol, NetVal, " + "OpenPrice, LowPrice, HighPrice, ClosePrice, Volume, Change, Frekuensi, FrekAnal) " + "values ('" + strNama + "', " + strTanggal + ", '" + strTop1 + "', '" + strTop3 + "', '" + strTop5 + "', " + "'" + strAllBrokAvg + "', '" + strAccDist + "', " + intAvgRP + ", '" + strBuyer1 + "', '" + strBuyerVol1 + "', " + strBuyerAvg1 + ", " + "'" + strSeller1 + "', '" + strSellerVol1 + "', " + strSellerAvg1 + ", '" + strBuyer2 + "', '" + strBuyerVol2 + "', " + strBuyerAvg2 + ", " + "'" + strSeller2 + "', '" + strSellerVol2 + "', " + strSellerAvg2 + ", '" + strBuyer3 + "', '" + strBuyerVol3 + "', " + strBuyerAvg3 + ", " + "'" + strSeller3 + "', '" + strSellerVol3 + "', " + strSellerAvg3 + ", " + strNetVol + ", '" + strNetVal + "', " + "" + strOpenPrice + ", " + strLowPrice + ", " + strHighPrice + ", " + strClosePrice + ", '" + strVol + "', " + strChange + ", " + strFreq + ", " + strFreqAnal + ");": null

2024-01-22 17:49:37 - [TEST_STEP][PASSED] - out.println("strSQL = " + strSQL): null

2024-01-22 17:49:37 - [TEST_STEP][PASSED] - statement.executeUpdate(strSQL): null

2024-01-22 17:49:37 - [TEST_STEP][PASSED] - setValueToCellByIndex(sheet01, rowIndex, 4, "DONE"): null

2024-01-22 17:49:37 - [TEST_STEP][PASSED] - saveWorkbook(excelFilePath, workbook01): null

2024-01-22 17:49:37 - [TEST_STEP][PASSED] - waitForElementClickable(findTestObject("Stockbit/menu_Bandarmology"), 10): Object 'Object Repository/Stockbit/menu_Bandarmology' is clickable

2024-01-22 17:49:37 - [MESSAGE][PASSED] - Object 'Object Repository/Stockbit/menu_Bandarmology' is clickable

2024-01-22 17:49:37 - [TEST_STEP][PASSED] - click(findTestObject("Stockbit/menu_Bandarmology")): Object: 'Object Repository/Stockbit/menu_Bandarmology' is clicked on

2024-01-22 17:49:38 - [MESSAGE][PASSED] - Object: 'Object Repository/Stockbit/menu_Bandarmology' is clicked on

2024-01-22 17:49:38 - [TEST_STEP][PASSED] - strTemp = "NA": null

2024-01-22 17:49:38 - [TEST_STEP][PASSED] - if (getCellValueByIndex(sheet01, rowIndex, 4) != "DONE"): Object: 'Object Repository/Stockbit/menu_Bandarmology' is clicked on

2024-01-22 17:49:38 - [TEST_STEP][PASSED] - strNama = getCellValueByIndex(sheet01, rowIndex, 0): null

2024-01-22 17:49:38 - [TEST_STEP][PASSED] - navigateToUrl("https://stockbit.com/#/symbol/" + strNama): Navigate to 'https://stockbit.com/#/symbol/BOSS' successfully

2024-01-22 17:49:39 - [MESSAGE][PASSED] - Navigate to 'https://stockbit.com/#/symbol/BOSS' successfully

2024-01-22 17:49:39 - [TEST_STEP][PASSED] - waitForElementClickable(findTestObject("Stockbit/menu_Bandarmology"), 10): Object 'Object Repository/Stockbit/menu_Bandarmology' is clickable

2024-01-22 17:49:40 - [MESSAGE][PASSED] - Object 'Object Repository/Stockbit/menu_Bandarmology' is clickable

2024-01-22 17:49:40 - [TEST_STEP][PASSED] - click(findTestObject("Stockbit/menu_Bandarmology")): Object: 'Object Repository/Stockbit/menu_Bandarmology' is clicked on

2024-01-22 17:49:40 - [MESSAGE][PASSED] - Object: 'Object Repository/Stockbit/menu_Bandarmology' is clicked on

2024-01-22 17:49:40 - [TEST_STEP][PASSED] - strTanggal = d.format(DateTimeFormatter.ofPattern("MMM dd, yyyy")): null

2024-01-22 17:49:40 - [TEST_STEP][PASSED] - strTanggal = d.format(ISO_DATE): null

2024-01-22 17:49:40 - [TEST_STEP][PASSED] - out.println("strTanggal = " + strTanggal): null

2024-01-22 17:49:40 - [TEST_STEP][PASSED] - out.println("strNama = " + strNama): null

2024-01-22 17:49:40 - [TEST_STEP][PASSED] - out.println("Baris ke = " + rowIndex): null

2024-01-22 17:49:40 - [TEST_STEP][PASSED] - click(findTestObject("Stockbit/input__BandarmologyOpenStartDate")): Object: 'Object Repository/Stockbit/input__BandarmologyOpenStartDate' is clicked on

2024-01-22 17:49:42 - [MESSAGE][PASSED] - Object: 'Object Repository/Stockbit/input__BandarmologyOpenStartDate' is clicked on

2024-01-22 17:49:42 - [TEST_STEP][PASSED] - sendKeys(findTestObject("Stockbit/input__BandarmologyOpenStartDate"), Keys.chord(CONTROL, "a")): Keys 'CONTROL + a' sent to object: 'Object Repository/Stockbit/input__BandarmologyOpenStartDate'

2024-01-22 17:49:42 - [MESSAGE][PASSED] - Keys 'CONTROL + a' sent to object: 'Object Repository/Stockbit/input__BandarmologyOpenStartDate'

2024-01-22 17:49:42 - [TEST_STEP][PASSED] - sendKeys(findTestObject("Stockbit/input__BandarmologyOpenStartDate"), Keys.chord(BACK_SPACE)): Keys 'BACK_SPACE + ' sent to object: 'Object Repository/Stockbit/input__BandarmologyOpenStartDate'

2024-01-22 17:49:42 - [MESSAGE][PASSED] - Keys 'BACK_SPACE + ' sent to object: 'Object Repository/Stockbit/input__BandarmologyOpenStartDate'

2024-01-22 17:49:42 - [TEST_STEP][PASSED] - setText(findTestObject("Stockbit/input__BandarmologyOpenStartDate"), strTanggal): Text '2024-01-22' is set on object 'Object Repository/Stockbit/input__BandarmologyOpenStartDate'

2024-01-22 17:49:43 - [MESSAGE][PASSED] - Text '2024-01-22' is set on object 'Object Repository/Stockbit/input__BandarmologyOpenStartDate'

2024-01-22 17:49:43 - [TEST_STEP][PASSED] - sendKeys(findTestObject("Stockbit/input__BandarmologyOpenStartDate"), Keys.chord(ENTER)): Keys 'ENTER + ' sent to object: 'Object Repository/Stockbit/input__BandarmologyOpenStartDate'

2024-01-22 17:49:43 - [MESSAGE][PASSED] - Keys 'ENTER + ' sent to object: 'Object Repository/Stockbit/input__BandarmologyOpenStartDate'

2024-01-22 17:49:43 - [TEST_STEP][PASSED] - click(findTestObject("Stockbit/input__BandarmologyOpenEndDate")): Object: 'Object Repository/Stockbit/input__BandarmologyOpenEndDate' is clicked on

2024-01-22 17:49:44 - [MESSAGE][PASSED] - Object: 'Object Repository/Stockbit/input__BandarmologyOpenEndDate' is clicked on

2024-01-22 17:49:44 - [TEST_STEP][PASSED] - sendKeys(findTestObject("Stockbit/input__BandarmologyOpenEndDate"), Keys.chord(CONTROL, "a")): Keys 'CONTROL + a' sent to object: 'Object Repository/Stockbit/input__BandarmologyOpenEndDate'

2024-01-22 17:49:44 - [MESSAGE][PASSED] - Keys 'CONTROL + a' sent to object: 'Object Repository/Stockbit/input__BandarmologyOpenEndDate'

2024-01-22 17:49:44 - [TEST_STEP][PASSED] - sendKeys(findTestObject("Stockbit/input__BandarmologyOpenEndDate"), Keys.chord(BACK_SPACE)): Keys 'BACK_SPACE + ' sent to object: 'Object Repository/Stockbit/input__BandarmologyOpenEndDate'

2024-01-22 17:49:45 - [MESSAGE][PASSED] - Keys 'BACK_SPACE + ' sent to object: 'Object Repository/Stockbit/input__BandarmologyOpenEndDate'

2024-01-22 17:49:45 - [TEST_STEP][PASSED] - setText(findTestObject("Stockbit/input__BandarmologyOpenEndDate"), strTanggal): Text '2024-01-22' is set on object 'Object Repository/Stockbit/input__BandarmologyOpenEndDate'

2024-01-22 17:49:45 - [MESSAGE][PASSED] - Text '2024-01-22' is set on object 'Object Repository/Stockbit/input__BandarmologyOpenEndDate'

2024-01-22 17:49:45 - [TEST_STEP][PASSED] - sendKeys(findTestObject("Stockbit/input__BandarmologyOpenEndDate"), Keys.chord(ENTER)): Keys 'ENTER + ' sent to object: 'Object Repository/Stockbit/input__BandarmologyOpenEndDate'

2024-01-22 17:49:46 - [MESSAGE][PASSED] - Keys 'ENTER + ' sent to object: 'Object Repository/Stockbit/input__BandarmologyOpenEndDate'

2024-01-22 17:49:46 - [TEST_STEP][PASSED] - delay(2): Delayed 2 second(s)

2024-01-22 17:49:48 - [MESSAGE][PASSED] - Delayed 2 second(s)

2024-01-22 17:49:48 - [TEST_STEP][PASSED] - strTemp = getText(findTestObject("Stockbit/Bandarmology_AvgRP")): Text of object 'Object Repository/Stockbit/Bandarmology_AvgRP' is: '50'

2024-01-22 17:49:48 - [MESSAGE][PASSED] - Text of object 'Object Repository/Stockbit/Bandarmology_AvgRP' is: '50'

2024-01-22 17:49:48 - [TEST_STEP][PASSED] - out.println("Bandarmology_AvgRP = " + strTemp): null

2024-01-22 17:49:48 - [TEST_STEP][PASSED] - if (strTemp != "0"): null

2024-01-22 17:49:48 - [TEST_STEP][PASSED] - strTop1 = getText(findTestObject("Stockbit/Bandarmology_Top1")): Text of object 'Object Repository/Stockbit/Bandarmology_Top1' is: 'Big Dist'

2024-01-22 17:49:48 - [MESSAGE][PASSED] - Text of object 'Object Repository/Stockbit/Bandarmology_Top1' is: 'Big Dist'

2024-01-22 17:49:48 - [TEST_STEP][PASSED] - strTop3 = getText(findTestObject("Stockbit/Bandarmology_Top3")): Text of object 'Object Repository/Stockbit/Bandarmology_Top3' is: 'Neutral'

2024-01-22 17:49:48 - [MESSAGE][PASSED] - Text of object 'Object Repository/Stockbit/Bandarmology_Top3' is: 'Neutral'

2024-01-22 17:49:48 - [TEST_STEP][PASSED] - strTop5 = getText(findTestObject("Stockbit/Bandarmology_Top5")): Text of object 'Object Repository/Stockbit/Bandarmology_Top5' is: 'Neutral'

2024-01-22 17:49:48 - [MESSAGE][PASSED] - Text of object 'Object Repository/Stockbit/Bandarmology_Top5' is: 'Neutral'

2024-01-22 17:49:48 - [TEST_STEP][PASSED] - strAllBrokAvg = getText(findTestObject("Stockbit/Bandarmology_TopAVG")): Text of object 'Object Repository/Stockbit/Bandarmology_TopAVG' is: 'Neutral'

2024-01-22 17:49:48 - [MESSAGE][PASSED] - Text of object 'Object Repository/Stockbit/Bandarmology_TopAVG' is: 'Neutral'

2024-01-22 17:49:48 - [TEST_STEP][PASSED] - strTemp = getText(findTestObject("Stockbit/Bandarmology_AvgRP")): Text of object 'Object Repository/Stockbit/Bandarmology_AvgRP' is: '50'

2024-01-22 17:49:48 - [MESSAGE][PASSED] - Text of object 'Object Repository/Stockbit/Bandarmology_AvgRP' is: '50'

2024-01-22 17:49:48 - [TEST_STEP][PASSED] - if (strTemp.contains(",")): null

2024-01-22 17:49:48 - [TEST_STEP][PASSED] - intAvgRP = strTemp.toInteger(): null

2024-01-22 17:49:48 - [TEST_STEP][PASSED] - strBuyer1 = getText(findTestObject("Stockbit/Bandarmology_Buyer1")): Text of object 'Object Repository/Stockbit/Bandarmology_Buyer1' is: 'YP'

2024-01-22 17:49:48 - [MESSAGE][PASSED] - Text of object 'Object Repository/Stockbit/Bandarmology_Buyer1' is: 'YP'

2024-01-22 17:49:48 - [TEST_STEP][PASSED] - strBuyerVol1 = getText(findTestObject("Stockbit/Bandarmology_BuyerVol1")): Text of object 'Object Repository/Stockbit/Bandarmology_BuyerVol1' is: '140'

2024-01-22 17:49:49 - [MESSAGE][PASSED] - Text of object 'Object Repository/Stockbit/Bandarmology_BuyerVol1' is: '140'

2024-01-22 17:49:49 - [TEST_STEP][PASSED] - strBuyerAvg1 = getText(findTestObject("Stockbit/Bandarmology_BuyerAvg1")): Text of object 'Object Repository/Stockbit/Bandarmology_BuyerAvg1' is: '50'

2024-01-22 17:49:49 - [MESSAGE][PASSED] - Text of object 'Object Repository/Stockbit/Bandarmology_BuyerAvg1' is: '50'

2024-01-22 17:49:49 - [TEST_STEP][PASSED] - if (strBuyerAvg1.contains(",")): null

2024-01-22 17:49:49 - [TEST_STEP][PASSED] - if (strBuyerVol1.contains(" B")): null

2024-01-22 17:49:49 - [TEST_STEP][PASSED] - strSeller1 = getText(findTestObject("Stockbit/Bandarmology_Seller1")): Text of object 'Object Repository/Stockbit/Bandarmology_Seller1' is: 'CC'

2024-01-22 17:49:49 - [MESSAGE][PASSED] - Text of object 'Object Repository/Stockbit/Bandarmology_Seller1' is: 'CC'

2024-01-22 17:49:49 - [TEST_STEP][PASSED] - strSellerVol1 = getText(findTestObject("Stockbit/Bandarmology_SellerVol1")): Text of object 'Object Repository/Stockbit/Bandarmology_SellerVol1' is: '178'

2024-01-22 17:49:49 - [MESSAGE][PASSED] - Text of object 'Object Repository/Stockbit/Bandarmology_SellerVol1' is: '178'

2024-01-22 17:49:49 - [TEST_STEP][PASSED] - strSellerAvg1 = getText(findTestObject("Stockbit/Bandarmology_SellerAvg1")): Text of object 'Object Repository/Stockbit/Bandarmology_SellerAvg1' is: '50'

2024-01-22 17:49:49 - [MESSAGE][PASSED] - Text of object 'Object Repository/Stockbit/Bandarmology_SellerAvg1' is: '50'

2024-01-22 17:49:49 - [TEST_STEP][PASSED] - if (strSellerAvg1.contains(",")): null

2024-01-22 17:49:49 - [TEST_STEP][PASSED] - if (strSellerVol1.contains(" B")): null

2024-01-22 17:49:49 - [TEST_STEP][PASSED] - if (verifyElementNotPresent(findTestObject("Stockbit/Bandarmology_Buyer2"), 1, OPTIONAL)): Web element with id: 'Object Repository/Stockbit/Bandarmology_Buyer2' located by 'By.xpath: //*[contains(@id, 'rc-tabs-')]/div[2]/div/div/div/div/div/div[2]/table/tbody/tr[3]/td[1]/p' is present after '1' second(s) (Root cause: com.kms.katalon.core.exception.StepFailedException: Web element with id: 'Object Repository/Stockbit/Bandarmology_Buyer2' located by 'By.xpath: //*[contains(@id, 'rc-tabs-')]/div[2]/div/div/div/div/div/div[2]/table/tbody/tr[3]/td[1]/p' is present after '1' second(s)
	at com.kms.katalon.core.webui.keyword.internal.WebUIKeywordMain.stepFailed(WebUIKeywordMain.groovy:64)
	at com.kms.katalon.core.webui.keyword.internal.WebUIKeywordMain$stepFailed$0.call(Unknown Source)
	at com.kms.katalon.core.webui.keyword.builtin.VerifyElementNotPresentKeyword$_verifyElementNotPresent_closure1.doCall(VerifyElementNotPresentKeyword.groovy:106)
	at com.kms.katalon.core.webui.keyword.builtin.VerifyElementNotPresentKeyword$_verifyElementNotPresent_closure1.doCall(VerifyElementNotPresentKeyword.groovy)
	at com.kms.katalon.core.webui.keyword.internal.WebUIKeywordMain.runKeyword(WebUIKeywordMain.groovy:20)
	at com.kms.katalon.core.webui.keyword.internal.WebUIKeywordMain$runKeyword.call(Unknown Source)
	at com.kms.katalon.core.webui.keyword.builtin.VerifyElementNotPresentKeyword.verifyElementNotPresent(VerifyElementNotPresentKeyword.groovy:117)
	at com.kms.katalon.core.webui.keyword.builtin.VerifyElementNotPresentKeyword.execute(VerifyElementNotPresentKeyword.groovy:68)
	at com.kms.katalon.core.keyword.internal.KeywordExecutor.executeKeywordForPlatform(KeywordExecutor.groovy:74)
	at com.kms.katalon.core.webui.keyword.WebUiBuiltInKeywords.verifyElementNotPresent(WebUiBuiltInKeywords.groovy:1481)
	at com.kms.katalon.core.webui.keyword.WebUiBuiltInKeywords$verifyElementNotPresent$8.call(Unknown Source)
	at GetBrokSumPriceDaily.run(GetBrokSumPriceDaily:258)
	at com.kms.katalon.core.main.ScriptEngine.run(ScriptEngine.java:194)
	at com.kms.katalon.core.main.ScriptEngine.runScriptAsRawText(ScriptEngine.java:119)
	at com.kms.katalon.core.main.TestCaseExecutor.runScript(TestCaseExecutor.java:445)
	at com.kms.katalon.core.main.TestCaseExecutor.doExecute(TestCaseExecutor.java:436)
	at com.kms.katalon.core.main.TestCaseExecutor.processExecutionPhase(TestCaseExecutor.java:415)
	at com.kms.katalon.core.main.TestCaseExecutor.accessMainPhase(TestCaseExecutor.java:407)
	at com.kms.katalon.core.main.TestCaseExecutor.execute(TestCaseExecutor.java:284)
	at com.kms.katalon.core.common.CommonExecutor.accessTestCaseMainPhase(CommonExecutor.java:65)
	at com.kms.katalon.core.main.TestSuiteExecutor.accessTestSuiteMainPhase(TestSuiteExecutor.java:144)
	at com.kms.katalon.core.main.TestSuiteExecutor.execute(TestSuiteExecutor.java:106)
	at com.kms.katalon.core.main.TestCaseMain.startTestSuite(TestCaseMain.java:185)
	at com.kms.katalon.core.main.TestCaseMain$startTestSuite$0.call(Unknown Source)
	at TempTestSuite1705920083951.run(TempTestSuite1705920083951.groovy:36)
)

2024-01-22 17:49:50 - [MESSAGE][WARNING] - Web element with id: 'Object Repository/Stockbit/Bandarmology_Buyer2' located by 'By.xpath: //*[contains(@id, 'rc-tabs-')]/div[2]/div/div/div/div/div/div[2]/table/tbody/tr[3]/td[1]/p' is present after '1' second(s) (Root cause: com.kms.katalon.core.exception.StepFailedException: Web element with id: 'Object Repository/Stockbit/Bandarmology_Buyer2' located by 'By.xpath: //*[contains(@id, 'rc-tabs-')]/div[2]/div/div/div/div/div/div[2]/table/tbody/tr[3]/td[1]/p' is present after '1' second(s)
	at com.kms.katalon.core.webui.keyword.internal.WebUIKeywordMain.stepFailed(WebUIKeywordMain.groovy:64)
	at com.kms.katalon.core.webui.keyword.internal.WebUIKeywordMain$stepFailed$0.call(Unknown Source)
	at com.kms.katalon.core.webui.keyword.builtin.VerifyElementNotPresentKeyword$_verifyElementNotPresent_closure1.doCall(VerifyElementNotPresentKeyword.groovy:106)
	at com.kms.katalon.core.webui.keyword.builtin.VerifyElementNotPresentKeyword$_verifyElementNotPresent_closure1.doCall(VerifyElementNotPresentKeyword.groovy)
	at com.kms.katalon.core.webui.keyword.internal.WebUIKeywordMain.runKeyword(WebUIKeywordMain.groovy:20)
	at com.kms.katalon.core.webui.keyword.internal.WebUIKeywordMain$runKeyword.call(Unknown Source)
	at com.kms.katalon.core.webui.keyword.builtin.VerifyElementNotPresentKeyword.verifyElementNotPresent(VerifyElementNotPresentKeyword.groovy:117)
	at com.kms.katalon.core.webui.keyword.builtin.VerifyElementNotPresentKeyword.execute(VerifyElementNotPresentKeyword.groovy:68)
	at com.kms.katalon.core.keyword.internal.KeywordExecutor.executeKeywordForPlatform(KeywordExecutor.groovy:74)
	at com.kms.katalon.core.webui.keyword.WebUiBuiltInKeywords.verifyElementNotPresent(WebUiBuiltInKeywords.groovy:1481)
	at com.kms.katalon.core.webui.keyword.WebUiBuiltInKeywords$verifyElementNotPresent$8.call(Unknown Source)
	at GetBrokSumPriceDaily.run(GetBrokSumPriceDaily:258)
	at com.kms.katalon.core.main.ScriptEngine.run(ScriptEngine.java:194)
	at com.kms.katalon.core.main.ScriptEngine.runScriptAsRawText(ScriptEngine.java:119)
	at com.kms.katalon.core.main.TestCaseExecutor.runScript(TestCaseExecutor.java:445)
	at com.kms.katalon.core.main.TestCaseExecutor.doExecute(TestCaseExecutor.java:436)
	at com.kms.katalon.core.main.TestCaseExecutor.processExecutionPhase(TestCaseExecutor.java:415)
	at com.kms.katalon.core.main.TestCaseExecutor.accessMainPhase(TestCaseExecutor.java:407)
	at com.kms.katalon.core.main.TestCaseExecutor.execute(TestCaseExecutor.java:284)
	at com.kms.katalon.core.common.CommonExecutor.accessTestCaseMainPhase(CommonExecutor.java:65)
	at com.kms.katalon.core.main.TestSuiteExecutor.accessTestSuiteMainPhase(TestSuiteExecutor.java:144)
	at com.kms.katalon.core.main.TestSuiteExecutor.execute(TestSuiteExecutor.java:106)
	at com.kms.katalon.core.main.TestCaseMain.startTestSuite(TestCaseMain.java:185)
	at com.kms.katalon.core.main.TestCaseMain$startTestSuite$0.call(Unknown Source)
	at TempTestSuite1705920083951.run(TempTestSuite1705920083951.groovy:36)
)
[[ATTACHMENT|C:\\Users\\Fadli\\git\\KatalonDailyGetData2\\Reports\\20240122_174123\\TS1\\20240122_174123\\1705920590637.png]]

2024-01-22 17:49:50 - [TEST_STEP][PASSED] - else: null

2024-01-22 17:49:50 - [TEST_STEP][PASSED] - strBuyer2 = getText(findTestObject("Stockbit/Bandarmology_Buyer2")): Text of object 'Object Repository/Stockbit/Bandarmology_Buyer2' is: 'XL'

2024-01-22 17:49:50 - [MESSAGE][PASSED] - Text of object 'Object Repository/Stockbit/Bandarmology_Buyer2' is: 'XL'

2024-01-22 17:49:50 - [TEST_STEP][PASSED] - strBuyerVol2 = getText(findTestObject("Stockbit/Bandarmology_BuyerVol2")): Text of object 'Object Repository/Stockbit/Bandarmology_BuyerVol2' is: '38'

2024-01-22 17:49:51 - [MESSAGE][PASSED] - Text of object 'Object Repository/Stockbit/Bandarmology_BuyerVol2' is: '38'

2024-01-22 17:49:51 - [TEST_STEP][PASSED] - strBuyerAvg2 = getText(findTestObject("Stockbit/Bandarmology_BuyerAvg2")): Text of object 'Object Repository/Stockbit/Bandarmology_BuyerAvg2' is: '50'

2024-01-22 17:49:51 - [MESSAGE][PASSED] - Text of object 'Object Repository/Stockbit/Bandarmology_BuyerAvg2' is: '50'

2024-01-22 17:49:51 - [TEST_STEP][PASSED] - if (strBuyer2 != ""): null

2024-01-22 17:49:51 - [TEST_STEP][PASSED] - if (strBuyerAvg2.contains(",")): null

2024-01-22 17:49:51 - [TEST_STEP][PASSED] - if (strBuyerVol2.contains(" B")): null

2024-01-22 17:49:51 - [TEST_STEP][PASSED] - if (strBuyerVol2.contains(".")): null

2024-01-22 17:49:51 - [TEST_STEP][PASSED] - if (verifyElementNotPresent(findTestObject("Stockbit/Bandarmology_Seller2"), 1, OPTIONAL)): Web element with id: 'Object Repository/Stockbit/Bandarmology_Seller2' located by 'By.xpath: //*[contains(@id, 'rc-tabs-')]/div[2]/div/div/div/div/div/div[2]/table/tbody/tr[3]/td[5]/p' is present after '1' second(s) (Root cause: com.kms.katalon.core.exception.StepFailedException: Web element with id: 'Object Repository/Stockbit/Bandarmology_Seller2' located by 'By.xpath: //*[contains(@id, 'rc-tabs-')]/div[2]/div/div/div/div/div/div[2]/table/tbody/tr[3]/td[5]/p' is present after '1' second(s)
	at com.kms.katalon.core.webui.keyword.internal.WebUIKeywordMain.stepFailed(WebUIKeywordMain.groovy:64)
	at com.kms.katalon.core.webui.keyword.internal.WebUIKeywordMain$stepFailed$0.call(Unknown Source)
	at com.kms.katalon.core.webui.keyword.builtin.VerifyElementNotPresentKeyword$_verifyElementNotPresent_closure1.doCall(VerifyElementNotPresentKeyword.groovy:106)
	at com.kms.katalon.core.webui.keyword.builtin.VerifyElementNotPresentKeyword$_verifyElementNotPresent_closure1.doCall(VerifyElementNotPresentKeyword.groovy)
	at com.kms.katalon.core.webui.keyword.internal.WebUIKeywordMain.runKeyword(WebUIKeywordMain.groovy:20)
	at com.kms.katalon.core.webui.keyword.internal.WebUIKeywordMain$runKeyword.call(Unknown Source)
	at com.kms.katalon.core.webui.keyword.builtin.VerifyElementNotPresentKeyword.verifyElementNotPresent(VerifyElementNotPresentKeyword.groovy:117)
	at com.kms.katalon.core.webui.keyword.builtin.VerifyElementNotPresentKeyword.execute(VerifyElementNotPresentKeyword.groovy:68)
	at com.kms.katalon.core.keyword.internal.KeywordExecutor.executeKeywordForPlatform(KeywordExecutor.groovy:74)
	at com.kms.katalon.core.webui.keyword.WebUiBuiltInKeywords.verifyElementNotPresent(WebUiBuiltInKeywords.groovy:1481)
	at com.kms.katalon.core.webui.keyword.WebUiBuiltInKeywords$verifyElementNotPresent$8.call(Unknown Source)
	at GetBrokSumPriceDaily.run(GetBrokSumPriceDaily:309)
	at com.kms.katalon.core.main.ScriptEngine.run(ScriptEngine.java:194)
	at com.kms.katalon.core.main.ScriptEngine.runScriptAsRawText(ScriptEngine.java:119)
	at com.kms.katalon.core.main.TestCaseExecutor.runScript(TestCaseExecutor.java:445)
	at com.kms.katalon.core.main.TestCaseExecutor.doExecute(TestCaseExecutor.java:436)
	at com.kms.katalon.core.main.TestCaseExecutor.processExecutionPhase(TestCaseExecutor.java:415)
	at com.kms.katalon.core.main.TestCaseExecutor.accessMainPhase(TestCaseExecutor.java:407)
	at com.kms.katalon.core.main.TestCaseExecutor.execute(TestCaseExecutor.java:284)
	at com.kms.katalon.core.common.CommonExecutor.accessTestCaseMainPhase(CommonExecutor.java:65)
	at com.kms.katalon.core.main.TestSuiteExecutor.accessTestSuiteMainPhase(TestSuiteExecutor.java:144)
	at com.kms.katalon.core.main.TestSuiteExecutor.execute(TestSuiteExecutor.java:106)
	at com.kms.katalon.core.main.TestCaseMain.startTestSuite(TestCaseMain.java:185)
	at com.kms.katalon.core.main.TestCaseMain$startTestSuite$0.call(Unknown Source)
	at TempTestSuite1705920083951.run(TempTestSuite1705920083951.groovy:36)
)

2024-01-22 17:49:52 - [MESSAGE][WARNING] - Web element with id: 'Object Repository/Stockbit/Bandarmology_Seller2' located by 'By.xpath: //*[contains(@id, 'rc-tabs-')]/div[2]/div/div/div/div/div/div[2]/table/tbody/tr[3]/td[5]/p' is present after '1' second(s) (Root cause: com.kms.katalon.core.exception.StepFailedException: Web element with id: 'Object Repository/Stockbit/Bandarmology_Seller2' located by 'By.xpath: //*[contains(@id, 'rc-tabs-')]/div[2]/div/div/div/div/div/div[2]/table/tbody/tr[3]/td[5]/p' is present after '1' second(s)
	at com.kms.katalon.core.webui.keyword.internal.WebUIKeywordMain.stepFailed(WebUIKeywordMain.groovy:64)
	at com.kms.katalon.core.webui.keyword.internal.WebUIKeywordMain$stepFailed$0.call(Unknown Source)
	at com.kms.katalon.core.webui.keyword.builtin.VerifyElementNotPresentKeyword$_verifyElementNotPresent_closure1.doCall(VerifyElementNotPresentKeyword.groovy:106)
	at com.kms.katalon.core.webui.keyword.builtin.VerifyElementNotPresentKeyword$_verifyElementNotPresent_closure1.doCall(VerifyElementNotPresentKeyword.groovy)
	at com.kms.katalon.core.webui.keyword.internal.WebUIKeywordMain.runKeyword(WebUIKeywordMain.groovy:20)
	at com.kms.katalon.core.webui.keyword.internal.WebUIKeywordMain$runKeyword.call(Unknown Source)
	at com.kms.katalon.core.webui.keyword.builtin.VerifyElementNotPresentKeyword.verifyElementNotPresent(VerifyElementNotPresentKeyword.groovy:117)
	at com.kms.katalon.core.webui.keyword.builtin.VerifyElementNotPresentKeyword.execute(VerifyElementNotPresentKeyword.groovy:68)
	at com.kms.katalon.core.keyword.internal.KeywordExecutor.executeKeywordForPlatform(KeywordExecutor.groovy:74)
	at com.kms.katalon.core.webui.keyword.WebUiBuiltInKeywords.verifyElementNotPresent(WebUiBuiltInKeywords.groovy:1481)
	at com.kms.katalon.core.webui.keyword.WebUiBuiltInKeywords$verifyElementNotPresent$8.call(Unknown Source)
	at GetBrokSumPriceDaily.run(GetBrokSumPriceDaily:309)
	at com.kms.katalon.core.main.ScriptEngine.run(ScriptEngine.java:194)
	at com.kms.katalon.core.main.ScriptEngine.runScriptAsRawText(ScriptEngine.java:119)
	at com.kms.katalon.core.main.TestCaseExecutor.runScript(TestCaseExecutor.java:445)
	at com.kms.katalon.core.main.TestCaseExecutor.doExecute(TestCaseExecutor.java:436)
	at com.kms.katalon.core.main.TestCaseExecutor.processExecutionPhase(TestCaseExecutor.java:415)
	at com.kms.katalon.core.main.TestCaseExecutor.accessMainPhase(TestCaseExecutor.java:407)
	at com.kms.katalon.core.main.TestCaseExecutor.execute(TestCaseExecutor.java:284)
	at com.kms.katalon.core.common.CommonExecutor.accessTestCaseMainPhase(CommonExecutor.java:65)
	at com.kms.katalon.core.main.TestSuiteExecutor.accessTestSuiteMainPhase(TestSuiteExecutor.java:144)
	at com.kms.katalon.core.main.TestSuiteExecutor.execute(TestSuiteExecutor.java:106)
	at com.kms.katalon.core.main.TestCaseMain.startTestSuite(TestCaseMain.java:185)
	at com.kms.katalon.core.main.TestCaseMain$startTestSuite$0.call(Unknown Source)
	at TempTestSuite1705920083951.run(TempTestSuite1705920083951.groovy:36)
)
[[ATTACHMENT|C:\\Users\\Fadli\\git\\KatalonDailyGetData2\\Reports\\20240122_174123\\TS1\\20240122_174123\\1705920592322.png]]

2024-01-22 17:49:52 - [TEST_STEP][PASSED] - else: null

2024-01-22 17:49:52 - [TEST_STEP][PASSED] - strSeller2 = getText(findTestObject("Stockbit/Bandarmology_Seller2")): Text of object 'Object Repository/Stockbit/Bandarmology_Seller2' is: ''

2024-01-22 17:49:52 - [MESSAGE][PASSED] - Text of object 'Object Repository/Stockbit/Bandarmology_Seller2' is: ''

2024-01-22 17:49:52 - [TEST_STEP][PASSED] - strSellerVol2 = getText(findTestObject("Stockbit/Bandarmology_SellerVol2")): Text of object 'Object Repository/Stockbit/Bandarmology_SellerVol2' is: ''

2024-01-22 17:49:52 - [MESSAGE][PASSED] - Text of object 'Object Repository/Stockbit/Bandarmology_SellerVol2' is: ''

2024-01-22 17:49:52 - [TEST_STEP][PASSED] - strSellerAvg2 = getText(findTestObject("Stockbit/Bandarmology_SellerAvg2")): Text of object 'Object Repository/Stockbit/Bandarmology_SellerAvg2' is: ''

2024-01-22 17:49:52 - [MESSAGE][PASSED] - Text of object 'Object Repository/Stockbit/Bandarmology_SellerAvg2' is: ''

2024-01-22 17:49:52 - [TEST_STEP][PASSED] - if (strSeller2 != ""): null

2024-01-22 17:49:52 - [TEST_STEP][PASSED] - else: null

2024-01-22 17:49:52 - [TEST_STEP][PASSED] - strSeller2 = "-": null

2024-01-22 17:49:52 - [TEST_STEP][PASSED] - strSellerVol2 = "0": null

2024-01-22 17:49:52 - [TEST_STEP][PASSED] - strSellerAvg2 = "0": null

2024-01-22 17:49:52 - [TEST_STEP][PASSED] - if (verifyElementNotPresent(findTestObject("Stockbit/Bandarmology_Buyer3"), 1, OPTIONAL)): null

2024-01-22 17:49:53 - [MESSAGE][PASSED] - Web element with id: 'Object Repository/Stockbit/Bandarmology_Buyer3' located by 'By.xpath: //*[contains(@id, 'rc-tabs-')]/div[2]/div/div/div/div/div/div[2]/table/tbody/tr[4]/td[1]/p' is not present after '1' second(s)

2024-01-22 17:49:53 - [TEST_STEP][PASSED] - strBuyer3 = "-": null

2024-01-22 17:49:53 - [TEST_STEP][PASSED] - strBuyerVol3 = "0": null

2024-01-22 17:49:53 - [TEST_STEP][PASSED] - strBuyerAvg3 = "0": null

2024-01-22 17:49:53 - [TEST_STEP][PASSED] - if (verifyElementNotPresent(findTestObject("Stockbit/Bandarmology_Seller3"), 1, OPTIONAL)): null

2024-01-22 17:49:53 - [MESSAGE][PASSED] - Web element with id: 'Object Repository/Stockbit/Bandarmology_Seller3' located by 'By.xpath: //*[contains(@id, 'rc-tabs-')]/div[2]/div/div/div/div/div/div[2]/table/tbody/tr[4]/td[5]/p' is not present after '1' second(s)

2024-01-22 17:49:53 - [TEST_STEP][PASSED] - strSeller3 = "-": null

2024-01-22 17:49:53 - [TEST_STEP][PASSED] - strSellerVol3 = "0": null

2024-01-22 17:49:53 - [TEST_STEP][PASSED] - strSellerAvg3 = "0": null

2024-01-22 17:49:53 - [TEST_STEP][PASSED] - strAccDist = getText(findTestObject("Stockbit/Bandarmology_AccDist")): Text of object 'Object Repository/Stockbit/Bandarmology_AccDist' is: 'Dist'

2024-01-22 17:49:53 - [MESSAGE][PASSED] - Text of object 'Object Repository/Stockbit/Bandarmology_AccDist' is: 'Dist'

2024-01-22 17:49:53 - [TEST_STEP][PASSED] - strNetVol = getText(findTestObject("Stockbit/Bandarmology_NetVol")): Text of object 'Object Repository/Stockbit/Bandarmology_NetVol' is: '178'

2024-01-22 17:49:53 - [MESSAGE][PASSED] - Text of object 'Object Repository/Stockbit/Bandarmology_NetVol' is: '178'

2024-01-22 17:49:53 - [TEST_STEP][PASSED] - strNetVol = strNetVol.replace(",", ""): null

2024-01-22 17:49:53 - [TEST_STEP][PASSED] - strNetVal = getText(findTestObject("Stockbit/Bandarmology_NetVal")): Text of object 'Object Repository/Stockbit/Bandarmology_NetVal' is: '0 B'

2024-01-22 17:49:53 - [MESSAGE][PASSED] - Text of object 'Object Repository/Stockbit/Bandarmology_NetVal' is: '0 B'

2024-01-22 17:49:53 - [TEST_STEP][PASSED] - delay(3): Delayed 3 second(s)

2024-01-22 17:49:56 - [MESSAGE][PASSED] - Delayed 3 second(s)

2024-01-22 17:49:56 - [TEST_STEP][PASSED] - strOpenPrice = getText(findTestObject("Stockbit/Home_OpenPrice")): Text of object 'Object Repository/Stockbit/Home_OpenPrice' is: '50'

2024-01-22 17:49:56 - [MESSAGE][PASSED] - Text of object 'Object Repository/Stockbit/Home_OpenPrice' is: '50'

2024-01-22 17:49:56 - [TEST_STEP][PASSED] - strOpenPrice = strOpenPrice.replace(",", ""): null

2024-01-22 17:49:56 - [TEST_STEP][PASSED] - strLowPrice = getText(findTestObject("Stockbit/Home_LowPrice")): Text of object 'Object Repository/Stockbit/Home_LowPrice' is: '50'

2024-01-22 17:49:56 - [MESSAGE][PASSED] - Text of object 'Object Repository/Stockbit/Home_LowPrice' is: '50'

2024-01-22 17:49:56 - [TEST_STEP][PASSED] - strLowPrice = strLowPrice.replace(",", ""): null

2024-01-22 17:49:56 - [TEST_STEP][PASSED] - strHighPrice = getText(findTestObject("Stockbit/Home_HighPrice")): Text of object 'Object Repository/Stockbit/Home_HighPrice' is: '50'

2024-01-22 17:49:56 - [MESSAGE][PASSED] - Text of object 'Object Repository/Stockbit/Home_HighPrice' is: '50'

2024-01-22 17:49:56 - [TEST_STEP][PASSED] - strHighPrice = strHighPrice.replace(",", ""): null

2024-01-22 17:49:56 - [TEST_STEP][PASSED] - strClosePrice = getText(findTestObject("Stockbit/Home_ClosePrice")): Text of object 'Object Repository/Stockbit/Home_ClosePrice' is: '50'

2024-01-22 17:49:57 - [MESSAGE][PASSED] - Text of object 'Object Repository/Stockbit/Home_ClosePrice' is: '50'

2024-01-22 17:49:57 - [TEST_STEP][PASSED] - strClosePrice = strClosePrice.replace(",", ""): null

2024-01-22 17:49:57 - [TEST_STEP][PASSED] - strVol = getText(findTestObject("Stockbit/Home_Volume")): Text of object 'Object Repository/Stockbit/Home_Volume' is: '180'

2024-01-22 17:49:57 - [MESSAGE][PASSED] - Text of object 'Object Repository/Stockbit/Home_Volume' is: '180'

2024-01-22 17:49:57 - [TEST_STEP][PASSED] - if (strVol.contains(" K")): null

2024-01-22 17:49:57 - [TEST_STEP][PASSED] - if (strVol.contains(",")): null

2024-01-22 17:49:57 - [TEST_STEP][PASSED] - strChange = getText(findTestObject("Stockbit/Home_Change")): Text of object 'Object Repository/Stockbit/Home_Change' is: '0.00%'

2024-01-22 17:49:57 - [MESSAGE][PASSED] - Text of object 'Object Repository/Stockbit/Home_Change' is: '0.00%'

2024-01-22 17:49:57 - [TEST_STEP][PASSED] - strChange = strChange.replace("%", ""): null

2024-01-22 17:49:57 - [TEST_STEP][PASSED] - strFreq = getText(findTestObject("Stockbit/Home_Freq")): Text of object 'Object Repository/Stockbit/Home_Freq' is: '8'

2024-01-22 17:49:57 - [MESSAGE][PASSED] - Text of object 'Object Repository/Stockbit/Home_Freq' is: '8'

2024-01-22 17:49:57 - [TEST_STEP][PASSED] - if (strFreq.contains(",")): null

2024-01-22 17:49:57 - [TEST_STEP][PASSED] - if (strFreq == "NA" || strFreq == ""): null

2024-01-22 17:49:57 - [TEST_STEP][PASSED] - else: null

2024-01-22 17:49:57 - [TEST_STEP][PASSED] - dblFreqAnal = strVol.toDouble() / strFreq.toDouble() * strFreq.toDouble() * strFreq.toDouble() * 100000000: null

2024-01-22 17:49:57 - [TEST_STEP][PASSED] - strFreqAnal = String.format("%.4f", dblFreqAnal): null

2024-01-22 17:49:57 - [TEST_STEP][PASSED] - out.println("Double strFreqAnal: " + strFreqAnal): null

2024-01-22 17:49:57 - [TEST_STEP][PASSED] - strTanggal = d.format(DateTimeFormatter.ofPattern("yyyy-MM-dd")): null

2024-01-22 17:49:57 - [TEST_STEP][PASSED] - strTanggal = "#" + strTanggal + "#": null

2024-01-22 17:49:57 - [TEST_STEP][PASSED] - strSQL = "select count(*) as JumBaris from TblBrokSum where Nama = '" + strNama + "' and Tanggal = " + strTanggal + "": null

2024-01-22 17:49:57 - [TEST_STEP][PASSED] - resultSet = statement.executeQuery(strSQL): null

2024-01-22 17:49:57 - [TEST_STEP][PASSED] - resultSet.next(): null

2024-01-22 17:49:57 - [TEST_STEP][PASSED] - intJumBaris = resultSet.getInt("JumBaris"): null

2024-01-22 17:49:57 - [TEST_STEP][PASSED] - if (intJumBaris > 0): null

2024-01-22 17:49:57 - [TEST_STEP][PASSED] - else: null

2024-01-22 17:49:57 - [TEST_STEP][PASSED] - try: null

2024-01-22 17:49:57 - [TEST_STEP][PASSED] - out.println("Insert data"): null

2024-01-22 17:49:57 - [TEST_STEP][PASSED] - strSQL = "insert into TblBrokSum (nama, tanggal, top1, top2, top3, AllBrokAvg, AccDist, AvgRP, " + "Buyer1, BuyerVal1, BuyerAvg1, Seller1, SellerVal1, SellerAvg1, Buyer2, BuyerVal2, BuyerAvg2, " + "Seller2, SellerVal2, SellerAvg2, Buyer3, BuyerVal3, BuyerAvg3, Seller3, SellerVal3, SellerAvg3, NetVol, NetVal, " + "OpenPrice, LowPrice, HighPrice, ClosePrice, Volume, Change, Frekuensi, FrekAnal) " + "values ('" + strNama + "', " + strTanggal + ", '" + strTop1 + "', '" + strTop3 + "', '" + strTop5 + "', " + "'" + strAllBrokAvg + "', '" + strAccDist + "', " + intAvgRP + ", '" + strBuyer1 + "', '" + strBuyerVol1 + "', " + strBuyerAvg1 + ", " + "'" + strSeller1 + "', '" + strSellerVol1 + "', " + strSellerAvg1 + ", '" + strBuyer2 + "', '" + strBuyerVol2 + "', " + strBuyerAvg2 + ", " + "'" + strSeller2 + "', '" + strSellerVol2 + "', " + strSellerAvg2 + ", '" + strBuyer3 + "', '" + strBuyerVol3 + "', " + strBuyerAvg3 + ", " + "'" + strSeller3 + "', '" + strSellerVol3 + "', " + strSellerAvg3 + ", " + strNetVol + ", '" + strNetVal + "', " + "" + strOpenPrice + ", " + strLowPrice + ", " + strHighPrice + ", " + strClosePrice + ", '" + strVol + "', " + strChange + ", " + strFreq + ", " + strFreqAnal + ");": null

2024-01-22 17:49:57 - [TEST_STEP][PASSED] - out.println("strSQL = " + strSQL): null

2024-01-22 17:49:57 - [TEST_STEP][PASSED] - statement.executeUpdate(strSQL): null

2024-01-22 17:49:57 - [TEST_STEP][PASSED] - setValueToCellByIndex(sheet01, rowIndex, 4, "DONE"): null

2024-01-22 17:49:57 - [TEST_STEP][PASSED] - saveWorkbook(excelFilePath, workbook01): null

2024-01-22 17:49:57 - [TEST_STEP][PASSED] - waitForElementClickable(findTestObject("Stockbit/menu_Bandarmology"), 10): Object 'Object Repository/Stockbit/menu_Bandarmology' is clickable

2024-01-22 17:49:57 - [MESSAGE][PASSED] - Object 'Object Repository/Stockbit/menu_Bandarmology' is clickable

2024-01-22 17:49:57 - [TEST_STEP][PASSED] - click(findTestObject("Stockbit/menu_Bandarmology")): Object: 'Object Repository/Stockbit/menu_Bandarmology' is clicked on

2024-01-22 17:49:58 - [MESSAGE][PASSED] - Object: 'Object Repository/Stockbit/menu_Bandarmology' is clicked on

2024-01-22 17:49:58 - [TEST_STEP][PASSED] - strTemp = "NA": null

2024-01-22 17:49:58 - [TEST_STEP][PASSED] - if (getCellValueByIndex(sheet01, rowIndex, 4) != "DONE"): Object: 'Object Repository/Stockbit/menu_Bandarmology' is clicked on

2024-01-22 17:49:58 - [TEST_STEP][PASSED] - strNama = getCellValueByIndex(sheet01, rowIndex, 0): null

2024-01-22 17:49:58 - [TEST_STEP][PASSED] - navigateToUrl("https://stockbit.com/#/symbol/" + strNama): Navigate to 'https://stockbit.com/#/symbol/PBRX' successfully

2024-01-22 17:49:59 - [MESSAGE][PASSED] - Navigate to 'https://stockbit.com/#/symbol/PBRX' successfully

2024-01-22 17:49:59 - [TEST_STEP][PASSED] - waitForElementClickable(findTestObject("Stockbit/menu_Bandarmology"), 10): Object 'Object Repository/Stockbit/menu_Bandarmology' is clickable

2024-01-22 17:49:59 - [MESSAGE][PASSED] - Object 'Object Repository/Stockbit/menu_Bandarmology' is clickable

2024-01-22 17:49:59 - [TEST_STEP][PASSED] - click(findTestObject("Stockbit/menu_Bandarmology")): Object: 'Object Repository/Stockbit/menu_Bandarmology' is clicked on

2024-01-22 17:50:00 - [MESSAGE][PASSED] - Object: 'Object Repository/Stockbit/menu_Bandarmology' is clicked on

2024-01-22 17:50:00 - [TEST_STEP][PASSED] - strTanggal = d.format(DateTimeFormatter.ofPattern("MMM dd, yyyy")): null

2024-01-22 17:50:00 - [TEST_STEP][PASSED] - strTanggal = d.format(ISO_DATE): null

2024-01-22 17:50:00 - [TEST_STEP][PASSED] - out.println("strTanggal = " + strTanggal): null

2024-01-22 17:50:00 - [TEST_STEP][PASSED] - out.println("strNama = " + strNama): null

2024-01-22 17:50:00 - [TEST_STEP][PASSED] - out.println("Baris ke = " + rowIndex): null

2024-01-22 17:50:00 - [TEST_STEP][PASSED] - click(findTestObject("Stockbit/input__BandarmologyOpenStartDate")): Object: 'Object Repository/Stockbit/input__BandarmologyOpenStartDate' is clicked on

2024-01-22 17:50:01 - [MESSAGE][PASSED] - Object: 'Object Repository/Stockbit/input__BandarmologyOpenStartDate' is clicked on

2024-01-22 17:50:01 - [TEST_STEP][PASSED] - sendKeys(findTestObject("Stockbit/input__BandarmologyOpenStartDate"), Keys.chord(CONTROL, "a")): Keys 'CONTROL + a' sent to object: 'Object Repository/Stockbit/input__BandarmologyOpenStartDate'

2024-01-22 17:50:02 - [MESSAGE][PASSED] - Keys 'CONTROL + a' sent to object: 'Object Repository/Stockbit/input__BandarmologyOpenStartDate'

2024-01-22 17:50:02 - [TEST_STEP][PASSED] - sendKeys(findTestObject("Stockbit/input__BandarmologyOpenStartDate"), Keys.chord(BACK_SPACE)): Keys 'BACK_SPACE + ' sent to object: 'Object Repository/Stockbit/input__BandarmologyOpenStartDate'

2024-01-22 17:50:03 - [MESSAGE][PASSED] - Keys 'BACK_SPACE + ' sent to object: 'Object Repository/Stockbit/input__BandarmologyOpenStartDate'

2024-01-22 17:50:03 - [TEST_STEP][PASSED] - setText(findTestObject("Stockbit/input__BandarmologyOpenStartDate"), strTanggal): Text '2024-01-22' is set on object 'Object Repository/Stockbit/input__BandarmologyOpenStartDate'

2024-01-22 17:50:04 - [MESSAGE][PASSED] - Text '2024-01-22' is set on object 'Object Repository/Stockbit/input__BandarmologyOpenStartDate'

2024-01-22 17:50:04 - [TEST_STEP][PASSED] - sendKeys(findTestObject("Stockbit/input__BandarmologyOpenStartDate"), Keys.chord(ENTER)): Keys 'ENTER + ' sent to object: 'Object Repository/Stockbit/input__BandarmologyOpenStartDate'

2024-01-22 17:50:04 - [MESSAGE][PASSED] - Keys 'ENTER + ' sent to object: 'Object Repository/Stockbit/input__BandarmologyOpenStartDate'

2024-01-22 17:50:04 - [TEST_STEP][PASSED] - click(findTestObject("Stockbit/input__BandarmologyOpenEndDate")): Object: 'Object Repository/Stockbit/input__BandarmologyOpenEndDate' is clicked on

2024-01-22 17:50:04 - [MESSAGE][PASSED] - Object: 'Object Repository/Stockbit/input__BandarmologyOpenEndDate' is clicked on

2024-01-22 17:50:04 - [TEST_STEP][PASSED] - sendKeys(findTestObject("Stockbit/input__BandarmologyOpenEndDate"), Keys.chord(CONTROL, "a")): Keys 'CONTROL + a' sent to object: 'Object Repository/Stockbit/input__BandarmologyOpenEndDate'

2024-01-22 17:50:05 - [MESSAGE][PASSED] - Keys 'CONTROL + a' sent to object: 'Object Repository/Stockbit/input__BandarmologyOpenEndDate'

2024-01-22 17:50:05 - [TEST_STEP][PASSED] - sendKeys(findTestObject("Stockbit/input__BandarmologyOpenEndDate"), Keys.chord(BACK_SPACE)): Keys 'BACK_SPACE + ' sent to object: 'Object Repository/Stockbit/input__BandarmologyOpenEndDate'

2024-01-22 17:50:05 - [MESSAGE][PASSED] - Keys 'BACK_SPACE + ' sent to object: 'Object Repository/Stockbit/input__BandarmologyOpenEndDate'

2024-01-22 17:50:05 - [TEST_STEP][PASSED] - setText(findTestObject("Stockbit/input__BandarmologyOpenEndDate"), strTanggal): Text '2024-01-22' is set on object 'Object Repository/Stockbit/input__BandarmologyOpenEndDate'

2024-01-22 17:50:06 - [MESSAGE][PASSED] - Text '2024-01-22' is set on object 'Object Repository/Stockbit/input__BandarmologyOpenEndDate'

2024-01-22 17:50:06 - [TEST_STEP][PASSED] - sendKeys(findTestObject("Stockbit/input__BandarmologyOpenEndDate"), Keys.chord(ENTER)): Keys 'ENTER + ' sent to object: 'Object Repository/Stockbit/input__BandarmologyOpenEndDate'

2024-01-22 17:50:06 - [MESSAGE][PASSED] - Keys 'ENTER + ' sent to object: 'Object Repository/Stockbit/input__BandarmologyOpenEndDate'

2024-01-22 17:50:06 - [TEST_STEP][PASSED] - delay(2): Delayed 2 second(s)

2024-01-22 17:50:08 - [MESSAGE][PASSED] - Delayed 2 second(s)

2024-01-22 17:50:08 - [TEST_STEP][PASSED] - strTemp = getText(findTestObject("Stockbit/Bandarmology_AvgRP")): Text of object 'Object Repository/Stockbit/Bandarmology_AvgRP' is: '50'

2024-01-22 17:50:08 - [MESSAGE][PASSED] - Text of object 'Object Repository/Stockbit/Bandarmology_AvgRP' is: '50'

2024-01-22 17:50:08 - [TEST_STEP][PASSED] - out.println("Bandarmology_AvgRP = " + strTemp): null

2024-01-22 17:50:08 - [TEST_STEP][PASSED] - if (strTemp != "0"): null

2024-01-22 17:50:08 - [TEST_STEP][PASSED] - strTop1 = getText(findTestObject("Stockbit/Bandarmology_Top1")): Text of object 'Object Repository/Stockbit/Bandarmology_Top1' is: 'Normal Dist'

2024-01-22 17:50:08 - [MESSAGE][PASSED] - Text of object 'Object Repository/Stockbit/Bandarmology_Top1' is: 'Normal Dist'

2024-01-22 17:50:08 - [TEST_STEP][PASSED] - strTop3 = getText(findTestObject("Stockbit/Bandarmology_Top3")): Text of object 'Object Repository/Stockbit/Bandarmology_Top3' is: 'Neutral'

2024-01-22 17:50:09 - [MESSAGE][PASSED] - Text of object 'Object Repository/Stockbit/Bandarmology_Top3' is: 'Neutral'

2024-01-22 17:50:09 - [TEST_STEP][PASSED] - strTop5 = getText(findTestObject("Stockbit/Bandarmology_Top5")): Text of object 'Object Repository/Stockbit/Bandarmology_Top5' is: 'Neutral'

2024-01-22 17:50:09 - [MESSAGE][PASSED] - Text of object 'Object Repository/Stockbit/Bandarmology_Top5' is: 'Neutral'

2024-01-22 17:50:09 - [TEST_STEP][PASSED] - strAllBrokAvg = getText(findTestObject("Stockbit/Bandarmology_TopAVG")): Text of object 'Object Repository/Stockbit/Bandarmology_TopAVG' is: 'Neutral'

2024-01-22 17:50:09 - [MESSAGE][PASSED] - Text of object 'Object Repository/Stockbit/Bandarmology_TopAVG' is: 'Neutral'

2024-01-22 17:50:09 - [TEST_STEP][PASSED] - strTemp = getText(findTestObject("Stockbit/Bandarmology_AvgRP")): Text of object 'Object Repository/Stockbit/Bandarmology_AvgRP' is: '50'

2024-01-22 17:50:09 - [MESSAGE][PASSED] - Text of object 'Object Repository/Stockbit/Bandarmology_AvgRP' is: '50'

2024-01-22 17:50:09 - [TEST_STEP][PASSED] - if (strTemp.contains(",")): null

2024-01-22 17:50:09 - [TEST_STEP][PASSED] - intAvgRP = strTemp.toInteger(): null

2024-01-22 17:50:09 - [TEST_STEP][PASSED] - strBuyer1 = getText(findTestObject("Stockbit/Bandarmology_Buyer1")): Text of object 'Object Repository/Stockbit/Bandarmology_Buyer1' is: 'PD'

2024-01-22 17:50:09 - [MESSAGE][PASSED] - Text of object 'Object Repository/Stockbit/Bandarmology_Buyer1' is: 'PD'

2024-01-22 17:50:09 - [TEST_STEP][PASSED] - strBuyerVol1 = getText(findTestObject("Stockbit/Bandarmology_BuyerVol1")): Text of object 'Object Repository/Stockbit/Bandarmology_BuyerVol1' is: '121'

2024-01-22 17:50:09 - [MESSAGE][PASSED] - Text of object 'Object Repository/Stockbit/Bandarmology_BuyerVol1' is: '121'

2024-01-22 17:50:09 - [TEST_STEP][PASSED] - strBuyerAvg1 = getText(findTestObject("Stockbit/Bandarmology_BuyerAvg1")): Text of object 'Object Repository/Stockbit/Bandarmology_BuyerAvg1' is: '50'

2024-01-22 17:50:09 - [MESSAGE][PASSED] - Text of object 'Object Repository/Stockbit/Bandarmology_BuyerAvg1' is: '50'

2024-01-22 17:50:09 - [TEST_STEP][PASSED] - if (strBuyerAvg1.contains(",")): null

2024-01-22 17:50:09 - [TEST_STEP][PASSED] - if (strBuyerVol1.contains(" B")): null

2024-01-22 17:50:09 - [TEST_STEP][PASSED] - strSeller1 = getText(findTestObject("Stockbit/Bandarmology_Seller1")): Text of object 'Object Repository/Stockbit/Bandarmology_Seller1' is: 'SF'

2024-01-22 17:50:09 - [MESSAGE][PASSED] - Text of object 'Object Repository/Stockbit/Bandarmology_Seller1' is: 'SF'

2024-01-22 17:50:09 - [TEST_STEP][PASSED] - strSellerVol1 = getText(findTestObject("Stockbit/Bandarmology_SellerVol1")): Text of object 'Object Repository/Stockbit/Bandarmology_SellerVol1' is: '144'

2024-01-22 17:50:09 - [MESSAGE][PASSED] - Text of object 'Object Repository/Stockbit/Bandarmology_SellerVol1' is: '144'

2024-01-22 17:50:09 - [TEST_STEP][PASSED] - strSellerAvg1 = getText(findTestObject("Stockbit/Bandarmology_SellerAvg1")): Text of object 'Object Repository/Stockbit/Bandarmology_SellerAvg1' is: '50'

2024-01-22 17:50:10 - [MESSAGE][PASSED] - Text of object 'Object Repository/Stockbit/Bandarmology_SellerAvg1' is: '50'

2024-01-22 17:50:10 - [TEST_STEP][PASSED] - if (strSellerAvg1.contains(",")): null

2024-01-22 17:50:10 - [TEST_STEP][PASSED] - if (strSellerVol1.contains(" B")): null

2024-01-22 17:50:10 - [TEST_STEP][PASSED] - if (verifyElementNotPresent(findTestObject("Stockbit/Bandarmology_Buyer2"), 1, OPTIONAL)): Web element with id: 'Object Repository/Stockbit/Bandarmology_Buyer2' located by 'By.xpath: //*[contains(@id, 'rc-tabs-')]/div[2]/div/div/div/div/div/div[2]/table/tbody/tr[3]/td[1]/p' is present after '1' second(s) (Root cause: com.kms.katalon.core.exception.StepFailedException: Web element with id: 'Object Repository/Stockbit/Bandarmology_Buyer2' located by 'By.xpath: //*[contains(@id, 'rc-tabs-')]/div[2]/div/div/div/div/div/div[2]/table/tbody/tr[3]/td[1]/p' is present after '1' second(s)
	at com.kms.katalon.core.webui.keyword.internal.WebUIKeywordMain.stepFailed(WebUIKeywordMain.groovy:64)
	at com.kms.katalon.core.webui.keyword.internal.WebUIKeywordMain$stepFailed$0.call(Unknown Source)
	at com.kms.katalon.core.webui.keyword.builtin.VerifyElementNotPresentKeyword$_verifyElementNotPresent_closure1.doCall(VerifyElementNotPresentKeyword.groovy:106)
	at com.kms.katalon.core.webui.keyword.builtin.VerifyElementNotPresentKeyword$_verifyElementNotPresent_closure1.doCall(VerifyElementNotPresentKeyword.groovy)
	at com.kms.katalon.core.webui.keyword.internal.WebUIKeywordMain.runKeyword(WebUIKeywordMain.groovy:20)
	at com.kms.katalon.core.webui.keyword.internal.WebUIKeywordMain$runKeyword.call(Unknown Source)
	at com.kms.katalon.core.webui.keyword.builtin.VerifyElementNotPresentKeyword.verifyElementNotPresent(VerifyElementNotPresentKeyword.groovy:117)
	at com.kms.katalon.core.webui.keyword.builtin.VerifyElementNotPresentKeyword.execute(VerifyElementNotPresentKeyword.groovy:68)
	at com.kms.katalon.core.keyword.internal.KeywordExecutor.executeKeywordForPlatform(KeywordExecutor.groovy:74)
	at com.kms.katalon.core.webui.keyword.WebUiBuiltInKeywords.verifyElementNotPresent(WebUiBuiltInKeywords.groovy:1481)
	at com.kms.katalon.core.webui.keyword.WebUiBuiltInKeywords$verifyElementNotPresent$8.call(Unknown Source)
	at GetBrokSumPriceDaily.run(GetBrokSumPriceDaily:258)
	at com.kms.katalon.core.main.ScriptEngine.run(ScriptEngine.java:194)
	at com.kms.katalon.core.main.ScriptEngine.runScriptAsRawText(ScriptEngine.java:119)
	at com.kms.katalon.core.main.TestCaseExecutor.runScript(TestCaseExecutor.java:445)
	at com.kms.katalon.core.main.TestCaseExecutor.doExecute(TestCaseExecutor.java:436)
	at com.kms.katalon.core.main.TestCaseExecutor.processExecutionPhase(TestCaseExecutor.java:415)
	at com.kms.katalon.core.main.TestCaseExecutor.accessMainPhase(TestCaseExecutor.java:407)
	at com.kms.katalon.core.main.TestCaseExecutor.execute(TestCaseExecutor.java:284)
	at com.kms.katalon.core.common.CommonExecutor.accessTestCaseMainPhase(CommonExecutor.java:65)
	at com.kms.katalon.core.main.TestSuiteExecutor.accessTestSuiteMainPhase(TestSuiteExecutor.java:144)
	at com.kms.katalon.core.main.TestSuiteExecutor.execute(TestSuiteExecutor.java:106)
	at com.kms.katalon.core.main.TestCaseMain.startTestSuite(TestCaseMain.java:185)
	at com.kms.katalon.core.main.TestCaseMain$startTestSuite$0.call(Unknown Source)
	at TempTestSuite1705920083951.run(TempTestSuite1705920083951.groovy:36)
)

2024-01-22 17:50:11 - [MESSAGE][WARNING] - Web element with id: 'Object Repository/Stockbit/Bandarmology_Buyer2' located by 'By.xpath: //*[contains(@id, 'rc-tabs-')]/div[2]/div/div/div/div/div/div[2]/table/tbody/tr[3]/td[1]/p' is present after '1' second(s) (Root cause: com.kms.katalon.core.exception.StepFailedException: Web element with id: 'Object Repository/Stockbit/Bandarmology_Buyer2' located by 'By.xpath: //*[contains(@id, 'rc-tabs-')]/div[2]/div/div/div/div/div/div[2]/table/tbody/tr[3]/td[1]/p' is present after '1' second(s)
	at com.kms.katalon.core.webui.keyword.internal.WebUIKeywordMain.stepFailed(WebUIKeywordMain.groovy:64)
	at com.kms.katalon.core.webui.keyword.internal.WebUIKeywordMain$stepFailed$0.call(Unknown Source)
	at com.kms.katalon.core.webui.keyword.builtin.VerifyElementNotPresentKeyword$_verifyElementNotPresent_closure1.doCall(VerifyElementNotPresentKeyword.groovy:106)
	at com.kms.katalon.core.webui.keyword.builtin.VerifyElementNotPresentKeyword$_verifyElementNotPresent_closure1.doCall(VerifyElementNotPresentKeyword.groovy)
	at com.kms.katalon.core.webui.keyword.internal.WebUIKeywordMain.runKeyword(WebUIKeywordMain.groovy:20)
	at com.kms.katalon.core.webui.keyword.internal.WebUIKeywordMain$runKeyword.call(Unknown Source)
	at com.kms.katalon.core.webui.keyword.builtin.VerifyElementNotPresentKeyword.verifyElementNotPresent(VerifyElementNotPresentKeyword.groovy:117)
	at com.kms.katalon.core.webui.keyword.builtin.VerifyElementNotPresentKeyword.execute(VerifyElementNotPresentKeyword.groovy:68)
	at com.kms.katalon.core.keyword.internal.KeywordExecutor.executeKeywordForPlatform(KeywordExecutor.groovy:74)
	at com.kms.katalon.core.webui.keyword.WebUiBuiltInKeywords.verifyElementNotPresent(WebUiBuiltInKeywords.groovy:1481)
	at com.kms.katalon.core.webui.keyword.WebUiBuiltInKeywords$verifyElementNotPresent$8.call(Unknown Source)
	at GetBrokSumPriceDaily.run(GetBrokSumPriceDaily:258)
	at com.kms.katalon.core.main.ScriptEngine.run(ScriptEngine.java:194)
	at com.kms.katalon.core.main.ScriptEngine.runScriptAsRawText(ScriptEngine.java:119)
	at com.kms.katalon.core.main.TestCaseExecutor.runScript(TestCaseExecutor.java:445)
	at com.kms.katalon.core.main.TestCaseExecutor.doExecute(TestCaseExecutor.java:436)
	at com.kms.katalon.core.main.TestCaseExecutor.processExecutionPhase(TestCaseExecutor.java:415)
	at com.kms.katalon.core.main.TestCaseExecutor.accessMainPhase(TestCaseExecutor.java:407)
	at com.kms.katalon.core.main.TestCaseExecutor.execute(TestCaseExecutor.java:284)
	at com.kms.katalon.core.common.CommonExecutor.accessTestCaseMainPhase(CommonExecutor.java:65)
	at com.kms.katalon.core.main.TestSuiteExecutor.accessTestSuiteMainPhase(TestSuiteExecutor.java:144)
	at com.kms.katalon.core.main.TestSuiteExecutor.execute(TestSuiteExecutor.java:106)
	at com.kms.katalon.core.main.TestCaseMain.startTestSuite(TestCaseMain.java:185)
	at com.kms.katalon.core.main.TestCaseMain$startTestSuite$0.call(Unknown Source)
	at TempTestSuite1705920083951.run(TempTestSuite1705920083951.groovy:36)
)
[[ATTACHMENT|C:\\Users\\Fadli\\git\\KatalonDailyGetData2\\Reports\\20240122_174123\\TS1\\20240122_174123\\1705920611220.png]]

2024-01-22 17:50:11 - [TEST_STEP][PASSED] - else: null

2024-01-22 17:50:11 - [TEST_STEP][PASSED] - strBuyer2 = getText(findTestObject("Stockbit/Bandarmology_Buyer2")): Text of object 'Object Repository/Stockbit/Bandarmology_Buyer2' is: 'XC'

2024-01-22 17:50:11 - [MESSAGE][PASSED] - Text of object 'Object Repository/Stockbit/Bandarmology_Buyer2' is: 'XC'

2024-01-22 17:50:11 - [TEST_STEP][PASSED] - strBuyerVol2 = getText(findTestObject("Stockbit/Bandarmology_BuyerVol2")): Text of object 'Object Repository/Stockbit/Bandarmology_BuyerVol2' is: '22'

2024-01-22 17:50:11 - [MESSAGE][PASSED] - Text of object 'Object Repository/Stockbit/Bandarmology_BuyerVol2' is: '22'

2024-01-22 17:50:11 - [TEST_STEP][PASSED] - strBuyerAvg2 = getText(findTestObject("Stockbit/Bandarmology_BuyerAvg2")): Text of object 'Object Repository/Stockbit/Bandarmology_BuyerAvg2' is: '50'

2024-01-22 17:50:11 - [MESSAGE][PASSED] - Text of object 'Object Repository/Stockbit/Bandarmology_BuyerAvg2' is: '50'

2024-01-22 17:50:11 - [TEST_STEP][PASSED] - if (strBuyer2 != ""): null

2024-01-22 17:50:11 - [TEST_STEP][PASSED] - if (strBuyerAvg2.contains(",")): null

2024-01-22 17:50:11 - [TEST_STEP][PASSED] - if (strBuyerVol2.contains(" B")): null

2024-01-22 17:50:11 - [TEST_STEP][PASSED] - if (strBuyerVol2.contains(".")): null

2024-01-22 17:50:11 - [TEST_STEP][PASSED] - if (verifyElementNotPresent(findTestObject("Stockbit/Bandarmology_Seller2"), 1, OPTIONAL)): Web element with id: 'Object Repository/Stockbit/Bandarmology_Seller2' located by 'By.xpath: //*[contains(@id, 'rc-tabs-')]/div[2]/div/div/div/div/div/div[2]/table/tbody/tr[3]/td[5]/p' is present after '1' second(s) (Root cause: com.kms.katalon.core.exception.StepFailedException: Web element with id: 'Object Repository/Stockbit/Bandarmology_Seller2' located by 'By.xpath: //*[contains(@id, 'rc-tabs-')]/div[2]/div/div/div/div/div/div[2]/table/tbody/tr[3]/td[5]/p' is present after '1' second(s)
	at com.kms.katalon.core.webui.keyword.internal.WebUIKeywordMain.stepFailed(WebUIKeywordMain.groovy:64)
	at com.kms.katalon.core.webui.keyword.internal.WebUIKeywordMain$stepFailed$0.call(Unknown Source)
	at com.kms.katalon.core.webui.keyword.builtin.VerifyElementNotPresentKeyword$_verifyElementNotPresent_closure1.doCall(VerifyElementNotPresentKeyword.groovy:106)
	at com.kms.katalon.core.webui.keyword.builtin.VerifyElementNotPresentKeyword$_verifyElementNotPresent_closure1.doCall(VerifyElementNotPresentKeyword.groovy)
	at com.kms.katalon.core.webui.keyword.internal.WebUIKeywordMain.runKeyword(WebUIKeywordMain.groovy:20)
	at com.kms.katalon.core.webui.keyword.internal.WebUIKeywordMain$runKeyword.call(Unknown Source)
	at com.kms.katalon.core.webui.keyword.builtin.VerifyElementNotPresentKeyword.verifyElementNotPresent(VerifyElementNotPresentKeyword.groovy:117)
	at com.kms.katalon.core.webui.keyword.builtin.VerifyElementNotPresentKeyword.execute(VerifyElementNotPresentKeyword.groovy:68)
	at com.kms.katalon.core.keyword.internal.KeywordExecutor.executeKeywordForPlatform(KeywordExecutor.groovy:74)
	at com.kms.katalon.core.webui.keyword.WebUiBuiltInKeywords.verifyElementNotPresent(WebUiBuiltInKeywords.groovy:1481)
	at com.kms.katalon.core.webui.keyword.WebUiBuiltInKeywords$verifyElementNotPresent$8.call(Unknown Source)
	at GetBrokSumPriceDaily.run(GetBrokSumPriceDaily:309)
	at com.kms.katalon.core.main.ScriptEngine.run(ScriptEngine.java:194)
	at com.kms.katalon.core.main.ScriptEngine.runScriptAsRawText(ScriptEngine.java:119)
	at com.kms.katalon.core.main.TestCaseExecutor.runScript(TestCaseExecutor.java:445)
	at com.kms.katalon.core.main.TestCaseExecutor.doExecute(TestCaseExecutor.java:436)
	at com.kms.katalon.core.main.TestCaseExecutor.processExecutionPhase(TestCaseExecutor.java:415)
	at com.kms.katalon.core.main.TestCaseExecutor.accessMainPhase(TestCaseExecutor.java:407)
	at com.kms.katalon.core.main.TestCaseExecutor.execute(TestCaseExecutor.java:284)
	at com.kms.katalon.core.common.CommonExecutor.accessTestCaseMainPhase(CommonExecutor.java:65)
	at com.kms.katalon.core.main.TestSuiteExecutor.accessTestSuiteMainPhase(TestSuiteExecutor.java:144)
	at com.kms.katalon.core.main.TestSuiteExecutor.execute(TestSuiteExecutor.java:106)
	at com.kms.katalon.core.main.TestCaseMain.startTestSuite(TestCaseMain.java:185)
	at com.kms.katalon.core.main.TestCaseMain$startTestSuite$0.call(Unknown Source)
	at TempTestSuite1705920083951.run(TempTestSuite1705920083951.groovy:36)
)

2024-01-22 17:50:13 - [MESSAGE][WARNING] - Web element with id: 'Object Repository/Stockbit/Bandarmology_Seller2' located by 'By.xpath: //*[contains(@id, 'rc-tabs-')]/div[2]/div/div/div/div/div/div[2]/table/tbody/tr[3]/td[5]/p' is present after '1' second(s) (Root cause: com.kms.katalon.core.exception.StepFailedException: Web element with id: 'Object Repository/Stockbit/Bandarmology_Seller2' located by 'By.xpath: //*[contains(@id, 'rc-tabs-')]/div[2]/div/div/div/div/div/div[2]/table/tbody/tr[3]/td[5]/p' is present after '1' second(s)
	at com.kms.katalon.core.webui.keyword.internal.WebUIKeywordMain.stepFailed(WebUIKeywordMain.groovy:64)
	at com.kms.katalon.core.webui.keyword.internal.WebUIKeywordMain$stepFailed$0.call(Unknown Source)
	at com.kms.katalon.core.webui.keyword.builtin.VerifyElementNotPresentKeyword$_verifyElementNotPresent_closure1.doCall(VerifyElementNotPresentKeyword.groovy:106)
	at com.kms.katalon.core.webui.keyword.builtin.VerifyElementNotPresentKeyword$_verifyElementNotPresent_closure1.doCall(VerifyElementNotPresentKeyword.groovy)
	at com.kms.katalon.core.webui.keyword.internal.WebUIKeywordMain.runKeyword(WebUIKeywordMain.groovy:20)
	at com.kms.katalon.core.webui.keyword.internal.WebUIKeywordMain$runKeyword.call(Unknown Source)
	at com.kms.katalon.core.webui.keyword.builtin.VerifyElementNotPresentKeyword.verifyElementNotPresent(VerifyElementNotPresentKeyword.groovy:117)
	at com.kms.katalon.core.webui.keyword.builtin.VerifyElementNotPresentKeyword.execute(VerifyElementNotPresentKeyword.groovy:68)
	at com.kms.katalon.core.keyword.internal.KeywordExecutor.executeKeywordForPlatform(KeywordExecutor.groovy:74)
	at com.kms.katalon.core.webui.keyword.WebUiBuiltInKeywords.verifyElementNotPresent(WebUiBuiltInKeywords.groovy:1481)
	at com.kms.katalon.core.webui.keyword.WebUiBuiltInKeywords$verifyElementNotPresent$8.call(Unknown Source)
	at GetBrokSumPriceDaily.run(GetBrokSumPriceDaily:309)
	at com.kms.katalon.core.main.ScriptEngine.run(ScriptEngine.java:194)
	at com.kms.katalon.core.main.ScriptEngine.runScriptAsRawText(ScriptEngine.java:119)
	at com.kms.katalon.core.main.TestCaseExecutor.runScript(TestCaseExecutor.java:445)
	at com.kms.katalon.core.main.TestCaseExecutor.doExecute(TestCaseExecutor.java:436)
	at com.kms.katalon.core.main.TestCaseExecutor.processExecutionPhase(TestCaseExecutor.java:415)
	at com.kms.katalon.core.main.TestCaseExecutor.accessMainPhase(TestCaseExecutor.java:407)
	at com.kms.katalon.core.main.TestCaseExecutor.execute(TestCaseExecutor.java:284)
	at com.kms.katalon.core.common.CommonExecutor.accessTestCaseMainPhase(CommonExecutor.java:65)
	at com.kms.katalon.core.main.TestSuiteExecutor.accessTestSuiteMainPhase(TestSuiteExecutor.java:144)
	at com.kms.katalon.core.main.TestSuiteExecutor.execute(TestSuiteExecutor.java:106)
	at com.kms.katalon.core.main.TestCaseMain.startTestSuite(TestCaseMain.java:185)
	at com.kms.katalon.core.main.TestCaseMain$startTestSuite$0.call(Unknown Source)
	at TempTestSuite1705920083951.run(TempTestSuite1705920083951.groovy:36)
)
[[ATTACHMENT|C:\\Users\\Fadli\\git\\KatalonDailyGetData2\\Reports\\20240122_174123\\TS1\\20240122_174123\\1705920612892.png]]

2024-01-22 17:50:13 - [TEST_STEP][PASSED] - else: null

2024-01-22 17:50:13 - [TEST_STEP][PASSED] - strSeller2 = getText(findTestObject("Stockbit/Bandarmology_Seller2")): Text of object 'Object Repository/Stockbit/Bandarmology_Seller2' is: ''

2024-01-22 17:50:13 - [MESSAGE][PASSED] - Text of object 'Object Repository/Stockbit/Bandarmology_Seller2' is: ''

2024-01-22 17:50:13 - [TEST_STEP][PASSED] - strSellerVol2 = getText(findTestObject("Stockbit/Bandarmology_SellerVol2")): Text of object 'Object Repository/Stockbit/Bandarmology_SellerVol2' is: ''

2024-01-22 17:50:13 - [MESSAGE][PASSED] - Text of object 'Object Repository/Stockbit/Bandarmology_SellerVol2' is: ''

2024-01-22 17:50:13 - [TEST_STEP][PASSED] - strSellerAvg2 = getText(findTestObject("Stockbit/Bandarmology_SellerAvg2")): Text of object 'Object Repository/Stockbit/Bandarmology_SellerAvg2' is: ''

2024-01-22 17:50:13 - [MESSAGE][PASSED] - Text of object 'Object Repository/Stockbit/Bandarmology_SellerAvg2' is: ''

2024-01-22 17:50:13 - [TEST_STEP][PASSED] - if (strSeller2 != ""): null

2024-01-22 17:50:13 - [TEST_STEP][PASSED] - else: null

2024-01-22 17:50:13 - [TEST_STEP][PASSED] - strSeller2 = "-": null

2024-01-22 17:50:13 - [TEST_STEP][PASSED] - strSellerVol2 = "0": null

2024-01-22 17:50:13 - [TEST_STEP][PASSED] - strSellerAvg2 = "0": null

2024-01-22 17:50:13 - [TEST_STEP][PASSED] - if (verifyElementNotPresent(findTestObject("Stockbit/Bandarmology_Buyer3"), 1, OPTIONAL)): Web element with id: 'Object Repository/Stockbit/Bandarmology_Buyer3' located by 'By.xpath: //*[contains(@id, 'rc-tabs-')]/div[2]/div/div/div/div/div/div[2]/table/tbody/tr[4]/td[1]/p' is present after '1' second(s) (Root cause: com.kms.katalon.core.exception.StepFailedException: Web element with id: 'Object Repository/Stockbit/Bandarmology_Buyer3' located by 'By.xpath: //*[contains(@id, 'rc-tabs-')]/div[2]/div/div/div/div/div/div[2]/table/tbody/tr[4]/td[1]/p' is present after '1' second(s)
	at com.kms.katalon.core.webui.keyword.internal.WebUIKeywordMain.stepFailed(WebUIKeywordMain.groovy:64)
	at com.kms.katalon.core.webui.keyword.internal.WebUIKeywordMain$stepFailed$0.call(Unknown Source)
	at com.kms.katalon.core.webui.keyword.builtin.VerifyElementNotPresentKeyword$_verifyElementNotPresent_closure1.doCall(VerifyElementNotPresentKeyword.groovy:106)
	at com.kms.katalon.core.webui.keyword.builtin.VerifyElementNotPresentKeyword$_verifyElementNotPresent_closure1.doCall(VerifyElementNotPresentKeyword.groovy)
	at com.kms.katalon.core.webui.keyword.internal.WebUIKeywordMain.runKeyword(WebUIKeywordMain.groovy:20)
	at com.kms.katalon.core.webui.keyword.internal.WebUIKeywordMain$runKeyword.call(Unknown Source)
	at com.kms.katalon.core.webui.keyword.builtin.VerifyElementNotPresentKeyword.verifyElementNotPresent(VerifyElementNotPresentKeyword.groovy:117)
	at com.kms.katalon.core.webui.keyword.builtin.VerifyElementNotPresentKeyword.execute(VerifyElementNotPresentKeyword.groovy:68)
	at com.kms.katalon.core.keyword.internal.KeywordExecutor.executeKeywordForPlatform(KeywordExecutor.groovy:74)
	at com.kms.katalon.core.webui.keyword.WebUiBuiltInKeywords.verifyElementNotPresent(WebUiBuiltInKeywords.groovy:1481)
	at com.kms.katalon.core.webui.keyword.WebUiBuiltInKeywords$verifyElementNotPresent$8.call(Unknown Source)
	at GetBrokSumPriceDaily.run(GetBrokSumPriceDaily:361)
	at com.kms.katalon.core.main.ScriptEngine.run(ScriptEngine.java:194)
	at com.kms.katalon.core.main.ScriptEngine.runScriptAsRawText(ScriptEngine.java:119)
	at com.kms.katalon.core.main.TestCaseExecutor.runScript(TestCaseExecutor.java:445)
	at com.kms.katalon.core.main.TestCaseExecutor.doExecute(TestCaseExecutor.java:436)
	at com.kms.katalon.core.main.TestCaseExecutor.processExecutionPhase(TestCaseExecutor.java:415)
	at com.kms.katalon.core.main.TestCaseExecutor.accessMainPhase(TestCaseExecutor.java:407)
	at com.kms.katalon.core.main.TestCaseExecutor.execute(TestCaseExecutor.java:284)
	at com.kms.katalon.core.common.CommonExecutor.accessTestCaseMainPhase(CommonExecutor.java:65)
	at com.kms.katalon.core.main.TestSuiteExecutor.accessTestSuiteMainPhase(TestSuiteExecutor.java:144)
	at com.kms.katalon.core.main.TestSuiteExecutor.execute(TestSuiteExecutor.java:106)
	at com.kms.katalon.core.main.TestCaseMain.startTestSuite(TestCaseMain.java:185)
	at com.kms.katalon.core.main.TestCaseMain$startTestSuite$0.call(Unknown Source)
	at TempTestSuite1705920083951.run(TempTestSuite1705920083951.groovy:36)
)

2024-01-22 17:50:14 - [MESSAGE][WARNING] - Web element with id: 'Object Repository/Stockbit/Bandarmology_Buyer3' located by 'By.xpath: //*[contains(@id, 'rc-tabs-')]/div[2]/div/div/div/div/div/div[2]/table/tbody/tr[4]/td[1]/p' is present after '1' second(s) (Root cause: com.kms.katalon.core.exception.StepFailedException: Web element with id: 'Object Repository/Stockbit/Bandarmology_Buyer3' located by 'By.xpath: //*[contains(@id, 'rc-tabs-')]/div[2]/div/div/div/div/div/div[2]/table/tbody/tr[4]/td[1]/p' is present after '1' second(s)
	at com.kms.katalon.core.webui.keyword.internal.WebUIKeywordMain.stepFailed(WebUIKeywordMain.groovy:64)
	at com.kms.katalon.core.webui.keyword.internal.WebUIKeywordMain$stepFailed$0.call(Unknown Source)
	at com.kms.katalon.core.webui.keyword.builtin.VerifyElementNotPresentKeyword$_verifyElementNotPresent_closure1.doCall(VerifyElementNotPresentKeyword.groovy:106)
	at com.kms.katalon.core.webui.keyword.builtin.VerifyElementNotPresentKeyword$_verifyElementNotPresent_closure1.doCall(VerifyElementNotPresentKeyword.groovy)
	at com.kms.katalon.core.webui.keyword.internal.WebUIKeywordMain.runKeyword(WebUIKeywordMain.groovy:20)
	at com.kms.katalon.core.webui.keyword.internal.WebUIKeywordMain$runKeyword.call(Unknown Source)
	at com.kms.katalon.core.webui.keyword.builtin.VerifyElementNotPresentKeyword.verifyElementNotPresent(VerifyElementNotPresentKeyword.groovy:117)
	at com.kms.katalon.core.webui.keyword.builtin.VerifyElementNotPresentKeyword.execute(VerifyElementNotPresentKeyword.groovy:68)
	at com.kms.katalon.core.keyword.internal.KeywordExecutor.executeKeywordForPlatform(KeywordExecutor.groovy:74)
	at com.kms.katalon.core.webui.keyword.WebUiBuiltInKeywords.verifyElementNotPresent(WebUiBuiltInKeywords.groovy:1481)
	at com.kms.katalon.core.webui.keyword.WebUiBuiltInKeywords$verifyElementNotPresent$8.call(Unknown Source)
	at GetBrokSumPriceDaily.run(GetBrokSumPriceDaily:361)
	at com.kms.katalon.core.main.ScriptEngine.run(ScriptEngine.java:194)
	at com.kms.katalon.core.main.ScriptEngine.runScriptAsRawText(ScriptEngine.java:119)
	at com.kms.katalon.core.main.TestCaseExecutor.runScript(TestCaseExecutor.java:445)
	at com.kms.katalon.core.main.TestCaseExecutor.doExecute(TestCaseExecutor.java:436)
	at com.kms.katalon.core.main.TestCaseExecutor.processExecutionPhase(TestCaseExecutor.java:415)
	at com.kms.katalon.core.main.TestCaseExecutor.accessMainPhase(TestCaseExecutor.java:407)
	at com.kms.katalon.core.main.TestCaseExecutor.execute(TestCaseExecutor.java:284)
	at com.kms.katalon.core.common.CommonExecutor.accessTestCaseMainPhase(CommonExecutor.java:65)
	at com.kms.katalon.core.main.TestSuiteExecutor.accessTestSuiteMainPhase(TestSuiteExecutor.java:144)
	at com.kms.katalon.core.main.TestSuiteExecutor.execute(TestSuiteExecutor.java:106)
	at com.kms.katalon.core.main.TestCaseMain.startTestSuite(TestCaseMain.java:185)
	at com.kms.katalon.core.main.TestCaseMain$startTestSuite$0.call(Unknown Source)
	at TempTestSuite1705920083951.run(TempTestSuite1705920083951.groovy:36)
)
[[ATTACHMENT|C:\\Users\\Fadli\\git\\KatalonDailyGetData2\\Reports\\20240122_174123\\TS1\\20240122_174123\\1705920614578.png]]

2024-01-22 17:50:14 - [TEST_STEP][PASSED] - else: null

2024-01-22 17:50:14 - [TEST_STEP][PASSED] - strBuyer3 = getText(findTestObject("Stockbit/Bandarmology_Buyer3")): Text of object 'Object Repository/Stockbit/Bandarmology_Buyer3' is: 'XL'

2024-01-22 17:50:14 - [MESSAGE][PASSED] - Text of object 'Object Repository/Stockbit/Bandarmology_Buyer3' is: 'XL'

2024-01-22 17:50:14 - [TEST_STEP][PASSED] - strBuyerVol3 = getText(findTestObject("Stockbit/Bandarmology_BuyerVol3")): Text of object 'Object Repository/Stockbit/Bandarmology_BuyerVol3' is: '1'

2024-01-22 17:50:15 - [MESSAGE][PASSED] - Text of object 'Object Repository/Stockbit/Bandarmology_BuyerVol3' is: '1'

2024-01-22 17:50:15 - [TEST_STEP][PASSED] - strBuyerAvg3 = getText(findTestObject("Stockbit/Bandarmology_BuyerAvg3")): Text of object 'Object Repository/Stockbit/Bandarmology_BuyerAvg3' is: '50'

2024-01-22 17:50:15 - [MESSAGE][PASSED] - Text of object 'Object Repository/Stockbit/Bandarmology_BuyerAvg3' is: '50'

2024-01-22 17:50:15 - [TEST_STEP][PASSED] - if (strBuyer3 != ""): null

2024-01-22 17:50:15 - [TEST_STEP][PASSED] - if (strBuyerAvg3.contains(",")): null

2024-01-22 17:50:15 - [TEST_STEP][PASSED] - if (strBuyerVol3.contains(" B")): null

2024-01-22 17:50:15 - [TEST_STEP][PASSED] - if (verifyElementNotPresent(findTestObject("Stockbit/Bandarmology_Seller3"), 1, OPTIONAL)): Web element with id: 'Object Repository/Stockbit/Bandarmology_Seller3' located by 'By.xpath: //*[contains(@id, 'rc-tabs-')]/div[2]/div/div/div/div/div/div[2]/table/tbody/tr[4]/td[5]/p' is present after '1' second(s) (Root cause: com.kms.katalon.core.exception.StepFailedException: Web element with id: 'Object Repository/Stockbit/Bandarmology_Seller3' located by 'By.xpath: //*[contains(@id, 'rc-tabs-')]/div[2]/div/div/div/div/div/div[2]/table/tbody/tr[4]/td[5]/p' is present after '1' second(s)
	at com.kms.katalon.core.webui.keyword.internal.WebUIKeywordMain.stepFailed(WebUIKeywordMain.groovy:64)
	at com.kms.katalon.core.webui.keyword.internal.WebUIKeywordMain$stepFailed$0.call(Unknown Source)
	at com.kms.katalon.core.webui.keyword.builtin.VerifyElementNotPresentKeyword$_verifyElementNotPresent_closure1.doCall(VerifyElementNotPresentKeyword.groovy:106)
	at com.kms.katalon.core.webui.keyword.builtin.VerifyElementNotPresentKeyword$_verifyElementNotPresent_closure1.doCall(VerifyElementNotPresentKeyword.groovy)
	at com.kms.katalon.core.webui.keyword.internal.WebUIKeywordMain.runKeyword(WebUIKeywordMain.groovy:20)
	at com.kms.katalon.core.webui.keyword.internal.WebUIKeywordMain$runKeyword.call(Unknown Source)
	at com.kms.katalon.core.webui.keyword.builtin.VerifyElementNotPresentKeyword.verifyElementNotPresent(VerifyElementNotPresentKeyword.groovy:117)
	at com.kms.katalon.core.webui.keyword.builtin.VerifyElementNotPresentKeyword.execute(VerifyElementNotPresentKeyword.groovy:68)
	at com.kms.katalon.core.keyword.internal.KeywordExecutor.executeKeywordForPlatform(KeywordExecutor.groovy:74)
	at com.kms.katalon.core.webui.keyword.WebUiBuiltInKeywords.verifyElementNotPresent(WebUiBuiltInKeywords.groovy:1481)
	at com.kms.katalon.core.webui.keyword.WebUiBuiltInKeywords$verifyElementNotPresent$8.call(Unknown Source)
	at GetBrokSumPriceDaily.run(GetBrokSumPriceDaily:414)
	at com.kms.katalon.core.main.ScriptEngine.run(ScriptEngine.java:194)
	at com.kms.katalon.core.main.ScriptEngine.runScriptAsRawText(ScriptEngine.java:119)
	at com.kms.katalon.core.main.TestCaseExecutor.runScript(TestCaseExecutor.java:445)
	at com.kms.katalon.core.main.TestCaseExecutor.doExecute(TestCaseExecutor.java:436)
	at com.kms.katalon.core.main.TestCaseExecutor.processExecutionPhase(TestCaseExecutor.java:415)
	at com.kms.katalon.core.main.TestCaseExecutor.accessMainPhase(TestCaseExecutor.java:407)
	at com.kms.katalon.core.main.TestCaseExecutor.execute(TestCaseExecutor.java:284)
	at com.kms.katalon.core.common.CommonExecutor.accessTestCaseMainPhase(CommonExecutor.java:65)
	at com.kms.katalon.core.main.TestSuiteExecutor.accessTestSuiteMainPhase(TestSuiteExecutor.java:144)
	at com.kms.katalon.core.main.TestSuiteExecutor.execute(TestSuiteExecutor.java:106)
	at com.kms.katalon.core.main.TestCaseMain.startTestSuite(TestCaseMain.java:185)
	at com.kms.katalon.core.main.TestCaseMain$startTestSuite$0.call(Unknown Source)
	at TempTestSuite1705920083951.run(TempTestSuite1705920083951.groovy:36)
)

2024-01-22 17:50:16 - [MESSAGE][WARNING] - Web element with id: 'Object Repository/Stockbit/Bandarmology_Seller3' located by 'By.xpath: //*[contains(@id, 'rc-tabs-')]/div[2]/div/div/div/div/div/div[2]/table/tbody/tr[4]/td[5]/p' is present after '1' second(s) (Root cause: com.kms.katalon.core.exception.StepFailedException: Web element with id: 'Object Repository/Stockbit/Bandarmology_Seller3' located by 'By.xpath: //*[contains(@id, 'rc-tabs-')]/div[2]/div/div/div/div/div/div[2]/table/tbody/tr[4]/td[5]/p' is present after '1' second(s)
	at com.kms.katalon.core.webui.keyword.internal.WebUIKeywordMain.stepFailed(WebUIKeywordMain.groovy:64)
	at com.kms.katalon.core.webui.keyword.internal.WebUIKeywordMain$stepFailed$0.call(Unknown Source)
	at com.kms.katalon.core.webui.keyword.builtin.VerifyElementNotPresentKeyword$_verifyElementNotPresent_closure1.doCall(VerifyElementNotPresentKeyword.groovy:106)
	at com.kms.katalon.core.webui.keyword.builtin.VerifyElementNotPresentKeyword$_verifyElementNotPresent_closure1.doCall(VerifyElementNotPresentKeyword.groovy)
	at com.kms.katalon.core.webui.keyword.internal.WebUIKeywordMain.runKeyword(WebUIKeywordMain.groovy:20)
	at com.kms.katalon.core.webui.keyword.internal.WebUIKeywordMain$runKeyword.call(Unknown Source)
	at com.kms.katalon.core.webui.keyword.builtin.VerifyElementNotPresentKeyword.verifyElementNotPresent(VerifyElementNotPresentKeyword.groovy:117)
	at com.kms.katalon.core.webui.keyword.builtin.VerifyElementNotPresentKeyword.execute(VerifyElementNotPresentKeyword.groovy:68)
	at com.kms.katalon.core.keyword.internal.KeywordExecutor.executeKeywordForPlatform(KeywordExecutor.groovy:74)
	at com.kms.katalon.core.webui.keyword.WebUiBuiltInKeywords.verifyElementNotPresent(WebUiBuiltInKeywords.groovy:1481)
	at com.kms.katalon.core.webui.keyword.WebUiBuiltInKeywords$verifyElementNotPresent$8.call(Unknown Source)
	at GetBrokSumPriceDaily.run(GetBrokSumPriceDaily:414)
	at com.kms.katalon.core.main.ScriptEngine.run(ScriptEngine.java:194)
	at com.kms.katalon.core.main.ScriptEngine.runScriptAsRawText(ScriptEngine.java:119)
	at com.kms.katalon.core.main.TestCaseExecutor.runScript(TestCaseExecutor.java:445)
	at com.kms.katalon.core.main.TestCaseExecutor.doExecute(TestCaseExecutor.java:436)
	at com.kms.katalon.core.main.TestCaseExecutor.processExecutionPhase(TestCaseExecutor.java:415)
	at com.kms.katalon.core.main.TestCaseExecutor.accessMainPhase(TestCaseExecutor.java:407)
	at com.kms.katalon.core.main.TestCaseExecutor.execute(TestCaseExecutor.java:284)
	at com.kms.katalon.core.common.CommonExecutor.accessTestCaseMainPhase(CommonExecutor.java:65)
	at com.kms.katalon.core.main.TestSuiteExecutor.accessTestSuiteMainPhase(TestSuiteExecutor.java:144)
	at com.kms.katalon.core.main.TestSuiteExecutor.execute(TestSuiteExecutor.java:106)
	at com.kms.katalon.core.main.TestCaseMain.startTestSuite(TestCaseMain.java:185)
	at com.kms.katalon.core.main.TestCaseMain$startTestSuite$0.call(Unknown Source)
	at TempTestSuite1705920083951.run(TempTestSuite1705920083951.groovy:36)
)
[[ATTACHMENT|C:\\Users\\Fadli\\git\\KatalonDailyGetData2\\Reports\\20240122_174123\\TS1\\20240122_174123\\1705920616314.png]]

2024-01-22 17:50:16 - [TEST_STEP][PASSED] - else: null

2024-01-22 17:50:16 - [TEST_STEP][PASSED] - strSeller3 = getText(findTestObject("Stockbit/Bandarmology_Seller3")): Text of object 'Object Repository/Stockbit/Bandarmology_Seller3' is: ''

2024-01-22 17:50:16 - [MESSAGE][PASSED] - Text of object 'Object Repository/Stockbit/Bandarmology_Seller3' is: ''

2024-01-22 17:50:16 - [TEST_STEP][PASSED] - strSellerVol3 = getText(findTestObject("Stockbit/Bandarmology_SellerVol3")): Text of object 'Object Repository/Stockbit/Bandarmology_SellerVol3' is: ''

2024-01-22 17:50:16 - [MESSAGE][PASSED] - Text of object 'Object Repository/Stockbit/Bandarmology_SellerVol3' is: ''

2024-01-22 17:50:16 - [TEST_STEP][PASSED] - strSellerAvg3 = getText(findTestObject("Stockbit/Bandarmology_SellerAvg3")): Text of object 'Object Repository/Stockbit/Bandarmology_SellerAvg3' is: ''

2024-01-22 17:50:16 - [MESSAGE][PASSED] - Text of object 'Object Repository/Stockbit/Bandarmology_SellerAvg3' is: ''

2024-01-22 17:50:16 - [TEST_STEP][PASSED] - if (strSeller3 != ""): null

2024-01-22 17:50:16 - [TEST_STEP][PASSED] - else: null

2024-01-22 17:50:16 - [TEST_STEP][PASSED] - strSeller3 = "-": null

2024-01-22 17:50:16 - [TEST_STEP][PASSED] - strSellerVol3 = "0": null

2024-01-22 17:50:16 - [TEST_STEP][PASSED] - strSellerAvg3 = "0": null

2024-01-22 17:50:16 - [TEST_STEP][PASSED] - strAccDist = getText(findTestObject("Stockbit/Bandarmology_AccDist")): Text of object 'Object Repository/Stockbit/Bandarmology_AccDist' is: 'Dist'

2024-01-22 17:50:17 - [MESSAGE][PASSED] - Text of object 'Object Repository/Stockbit/Bandarmology_AccDist' is: 'Dist'

2024-01-22 17:50:17 - [TEST_STEP][PASSED] - strNetVol = getText(findTestObject("Stockbit/Bandarmology_NetVol")): Text of object 'Object Repository/Stockbit/Bandarmology_NetVol' is: '144'

2024-01-22 17:50:17 - [MESSAGE][PASSED] - Text of object 'Object Repository/Stockbit/Bandarmology_NetVol' is: '144'

2024-01-22 17:50:17 - [TEST_STEP][PASSED] - strNetVol = strNetVol.replace(",", ""): null

2024-01-22 17:50:17 - [TEST_STEP][PASSED] - strNetVal = getText(findTestObject("Stockbit/Bandarmology_NetVal")): Text of object 'Object Repository/Stockbit/Bandarmology_NetVal' is: '0 B'

2024-01-22 17:50:17 - [MESSAGE][PASSED] - Text of object 'Object Repository/Stockbit/Bandarmology_NetVal' is: '0 B'

2024-01-22 17:50:17 - [TEST_STEP][PASSED] - delay(3): Delayed 3 second(s)

2024-01-22 17:50:20 - [MESSAGE][PASSED] - Delayed 3 second(s)

2024-01-22 17:50:20 - [TEST_STEP][PASSED] - strOpenPrice = getText(findTestObject("Stockbit/Home_OpenPrice")): Text of object 'Object Repository/Stockbit/Home_OpenPrice' is: '50'

2024-01-22 17:50:20 - [MESSAGE][PASSED] - Text of object 'Object Repository/Stockbit/Home_OpenPrice' is: '50'

2024-01-22 17:50:20 - [TEST_STEP][PASSED] - strOpenPrice = strOpenPrice.replace(",", ""): null

2024-01-22 17:50:20 - [TEST_STEP][PASSED] - strLowPrice = getText(findTestObject("Stockbit/Home_LowPrice")): Text of object 'Object Repository/Stockbit/Home_LowPrice' is: '50'

2024-01-22 17:50:20 - [MESSAGE][PASSED] - Text of object 'Object Repository/Stockbit/Home_LowPrice' is: '50'

2024-01-22 17:50:20 - [TEST_STEP][PASSED] - strLowPrice = strLowPrice.replace(",", ""): null

2024-01-22 17:50:20 - [TEST_STEP][PASSED] - strHighPrice = getText(findTestObject("Stockbit/Home_HighPrice")): Text of object 'Object Repository/Stockbit/Home_HighPrice' is: '50'

2024-01-22 17:50:20 - [MESSAGE][PASSED] - Text of object 'Object Repository/Stockbit/Home_HighPrice' is: '50'

2024-01-22 17:50:20 - [TEST_STEP][PASSED] - strHighPrice = strHighPrice.replace(",", ""): null

2024-01-22 17:50:20 - [TEST_STEP][PASSED] - strClosePrice = getText(findTestObject("Stockbit/Home_ClosePrice")): Text of object 'Object Repository/Stockbit/Home_ClosePrice' is: '50'

2024-01-22 17:50:20 - [MESSAGE][PASSED] - Text of object 'Object Repository/Stockbit/Home_ClosePrice' is: '50'

2024-01-22 17:50:20 - [TEST_STEP][PASSED] - strClosePrice = strClosePrice.replace(",", ""): null

2024-01-22 17:50:20 - [TEST_STEP][PASSED] - strVol = getText(findTestObject("Stockbit/Home_Volume")): Text of object 'Object Repository/Stockbit/Home_Volume' is: '144'

2024-01-22 17:50:20 - [MESSAGE][PASSED] - Text of object 'Object Repository/Stockbit/Home_Volume' is: '144'

2024-01-22 17:50:20 - [TEST_STEP][PASSED] - if (strVol.contains(" K")): null

2024-01-22 17:50:20 - [TEST_STEP][PASSED] - if (strVol.contains(",")): null

2024-01-22 17:50:20 - [TEST_STEP][PASSED] - strChange = getText(findTestObject("Stockbit/Home_Change")): Text of object 'Object Repository/Stockbit/Home_Change' is: '0.00%'

2024-01-22 17:50:20 - [MESSAGE][PASSED] - Text of object 'Object Repository/Stockbit/Home_Change' is: '0.00%'

2024-01-22 17:50:20 - [TEST_STEP][PASSED] - strChange = strChange.replace("%", ""): null

2024-01-22 17:50:20 - [TEST_STEP][PASSED] - strFreq = getText(findTestObject("Stockbit/Home_Freq")): Text of object 'Object Repository/Stockbit/Home_Freq' is: '7'

2024-01-22 17:50:21 - [MESSAGE][PASSED] - Text of object 'Object Repository/Stockbit/Home_Freq' is: '7'

2024-01-22 17:50:21 - [TEST_STEP][PASSED] - if (strFreq.contains(",")): null

2024-01-22 17:50:21 - [TEST_STEP][PASSED] - if (strFreq == "NA" || strFreq == ""): null

2024-01-22 17:50:21 - [TEST_STEP][PASSED] - else: null

2024-01-22 17:50:21 - [TEST_STEP][PASSED] - dblFreqAnal = strVol.toDouble() / strFreq.toDouble() * strFreq.toDouble() * strFreq.toDouble() * 100000000: null

2024-01-22 17:50:21 - [TEST_STEP][PASSED] - strFreqAnal = String.format("%.4f", dblFreqAnal): null

2024-01-22 17:50:21 - [TEST_STEP][PASSED] - out.println("Double strFreqAnal: " + strFreqAnal): null

2024-01-22 17:50:21 - [TEST_STEP][PASSED] - strTanggal = d.format(DateTimeFormatter.ofPattern("yyyy-MM-dd")): null

2024-01-22 17:50:21 - [TEST_STEP][PASSED] - strTanggal = "#" + strTanggal + "#": null

2024-01-22 17:50:21 - [TEST_STEP][PASSED] - strSQL = "select count(*) as JumBaris from TblBrokSum where Nama = '" + strNama + "' and Tanggal = " + strTanggal + "": null

2024-01-22 17:50:21 - [TEST_STEP][PASSED] - resultSet = statement.executeQuery(strSQL): null

2024-01-22 17:50:21 - [TEST_STEP][PASSED] - resultSet.next(): null

2024-01-22 17:50:21 - [TEST_STEP][PASSED] - intJumBaris = resultSet.getInt("JumBaris"): null

2024-01-22 17:50:21 - [TEST_STEP][PASSED] - if (intJumBaris > 0): null

2024-01-22 17:50:21 - [TEST_STEP][PASSED] - else: null

2024-01-22 17:50:21 - [TEST_STEP][PASSED] - try: null

2024-01-22 17:50:21 - [TEST_STEP][PASSED] - out.println("Insert data"): null

2024-01-22 17:50:21 - [TEST_STEP][PASSED] - strSQL = "insert into TblBrokSum (nama, tanggal, top1, top2, top3, AllBrokAvg, AccDist, AvgRP, " + "Buyer1, BuyerVal1, BuyerAvg1, Seller1, SellerVal1, SellerAvg1, Buyer2, BuyerVal2, BuyerAvg2, " + "Seller2, SellerVal2, SellerAvg2, Buyer3, BuyerVal3, BuyerAvg3, Seller3, SellerVal3, SellerAvg3, NetVol, NetVal, " + "OpenPrice, LowPrice, HighPrice, ClosePrice, Volume, Change, Frekuensi, FrekAnal) " + "values ('" + strNama + "', " + strTanggal + ", '" + strTop1 + "', '" + strTop3 + "', '" + strTop5 + "', " + "'" + strAllBrokAvg + "', '" + strAccDist + "', " + intAvgRP + ", '" + strBuyer1 + "', '" + strBuyerVol1 + "', " + strBuyerAvg1 + ", " + "'" + strSeller1 + "', '" + strSellerVol1 + "', " + strSellerAvg1 + ", '" + strBuyer2 + "', '" + strBuyerVol2 + "', " + strBuyerAvg2 + ", " + "'" + strSeller2 + "', '" + strSellerVol2 + "', " + strSellerAvg2 + ", '" + strBuyer3 + "', '" + strBuyerVol3 + "', " + strBuyerAvg3 + ", " + "'" + strSeller3 + "', '" + strSellerVol3 + "', " + strSellerAvg3 + ", " + strNetVol + ", '" + strNetVal + "', " + "" + strOpenPrice + ", " + strLowPrice + ", " + strHighPrice + ", " + strClosePrice + ", '" + strVol + "', " + strChange + ", " + strFreq + ", " + strFreqAnal + ");": null

2024-01-22 17:50:21 - [TEST_STEP][PASSED] - out.println("strSQL = " + strSQL): null

2024-01-22 17:50:21 - [TEST_STEP][PASSED] - statement.executeUpdate(strSQL): null

2024-01-22 17:50:21 - [TEST_STEP][PASSED] - setValueToCellByIndex(sheet01, rowIndex, 4, "DONE"): null

2024-01-22 17:50:21 - [TEST_STEP][PASSED] - saveWorkbook(excelFilePath, workbook01): null

2024-01-22 17:50:21 - [TEST_STEP][PASSED] - waitForElementClickable(findTestObject("Stockbit/menu_Bandarmology"), 10): Object 'Object Repository/Stockbit/menu_Bandarmology' is clickable

2024-01-22 17:50:21 - [MESSAGE][PASSED] - Object 'Object Repository/Stockbit/menu_Bandarmology' is clickable

2024-01-22 17:50:21 - [TEST_STEP][PASSED] - click(findTestObject("Stockbit/menu_Bandarmology")): Object: 'Object Repository/Stockbit/menu_Bandarmology' is clicked on

2024-01-22 17:50:21 - [MESSAGE][PASSED] - Object: 'Object Repository/Stockbit/menu_Bandarmology' is clicked on

2024-01-22 17:50:21 - [TEST_STEP][PASSED] - strTemp = "NA": null

2024-01-22 17:50:21 - [TEST_STEP][PASSED] - if (getCellValueByIndex(sheet01, rowIndex, 4) != "DONE"): Object: 'Object Repository/Stockbit/menu_Bandarmology' is clicked on

2024-01-22 17:50:21 - [TEST_STEP][PASSED] - strNama = getCellValueByIndex(sheet01, rowIndex, 0): null

2024-01-22 17:50:21 - [TEST_STEP][PASSED] - navigateToUrl("https://stockbit.com/#/symbol/" + strNama): Navigate to 'https://stockbit.com/#/symbol/IPTV' successfully

2024-01-22 17:50:23 - [MESSAGE][PASSED] - Navigate to 'https://stockbit.com/#/symbol/IPTV' successfully

2024-01-22 17:50:23 - [TEST_STEP][PASSED] - waitForElementClickable(findTestObject("Stockbit/menu_Bandarmology"), 10): Object 'Object Repository/Stockbit/menu_Bandarmology' is clickable

2024-01-22 17:50:24 - [MESSAGE][PASSED] - Object 'Object Repository/Stockbit/menu_Bandarmology' is clickable

2024-01-22 17:50:24 - [TEST_STEP][PASSED] - click(findTestObject("Stockbit/menu_Bandarmology")): Object: 'Object Repository/Stockbit/menu_Bandarmology' is clicked on

2024-01-22 17:50:25 - [MESSAGE][PASSED] - Object: 'Object Repository/Stockbit/menu_Bandarmology' is clicked on

2024-01-22 17:50:25 - [TEST_STEP][PASSED] - strTanggal = d.format(DateTimeFormatter.ofPattern("MMM dd, yyyy")): null

2024-01-22 17:50:25 - [TEST_STEP][PASSED] - strTanggal = d.format(ISO_DATE): null

2024-01-22 17:50:25 - [TEST_STEP][PASSED] - out.println("strTanggal = " + strTanggal): null

2024-01-22 17:50:25 - [TEST_STEP][PASSED] - out.println("strNama = " + strNama): null

2024-01-22 17:50:25 - [TEST_STEP][PASSED] - out.println("Baris ke = " + rowIndex): null

2024-01-22 17:50:25 - [TEST_STEP][PASSED] - click(findTestObject("Stockbit/input__BandarmologyOpenStartDate")): Object: 'Object Repository/Stockbit/input__BandarmologyOpenStartDate' is clicked on

2024-01-22 17:50:26 - [MESSAGE][PASSED] - Object: 'Object Repository/Stockbit/input__BandarmologyOpenStartDate' is clicked on

2024-01-22 17:50:26 - [TEST_STEP][PASSED] - sendKeys(findTestObject("Stockbit/input__BandarmologyOpenStartDate"), Keys.chord(CONTROL, "a")): Keys 'CONTROL + a' sent to object: 'Object Repository/Stockbit/input__BandarmologyOpenStartDate'

2024-01-22 17:50:26 - [MESSAGE][PASSED] - Keys 'CONTROL + a' sent to object: 'Object Repository/Stockbit/input__BandarmologyOpenStartDate'

2024-01-22 17:50:26 - [TEST_STEP][PASSED] - sendKeys(findTestObject("Stockbit/input__BandarmologyOpenStartDate"), Keys.chord(BACK_SPACE)): Keys 'BACK_SPACE + ' sent to object: 'Object Repository/Stockbit/input__BandarmologyOpenStartDate'

2024-01-22 17:50:27 - [MESSAGE][PASSED] - Keys 'BACK_SPACE + ' sent to object: 'Object Repository/Stockbit/input__BandarmologyOpenStartDate'

2024-01-22 17:50:27 - [TEST_STEP][PASSED] - setText(findTestObject("Stockbit/input__BandarmologyOpenStartDate"), strTanggal): Text '2024-01-22' is set on object 'Object Repository/Stockbit/input__BandarmologyOpenStartDate'

2024-01-22 17:50:28 - [MESSAGE][PASSED] - Text '2024-01-22' is set on object 'Object Repository/Stockbit/input__BandarmologyOpenStartDate'

2024-01-22 17:50:28 - [TEST_STEP][PASSED] - sendKeys(findTestObject("Stockbit/input__BandarmologyOpenStartDate"), Keys.chord(ENTER)): Keys 'ENTER + ' sent to object: 'Object Repository/Stockbit/input__BandarmologyOpenStartDate'

2024-01-22 17:50:28 - [MESSAGE][PASSED] - Keys 'ENTER + ' sent to object: 'Object Repository/Stockbit/input__BandarmologyOpenStartDate'

2024-01-22 17:50:28 - [TEST_STEP][PASSED] - click(findTestObject("Stockbit/input__BandarmologyOpenEndDate")): Object: 'Object Repository/Stockbit/input__BandarmologyOpenEndDate' is clicked on

2024-01-22 17:50:29 - [MESSAGE][PASSED] - Object: 'Object Repository/Stockbit/input__BandarmologyOpenEndDate' is clicked on

2024-01-22 17:50:29 - [TEST_STEP][PASSED] - sendKeys(findTestObject("Stockbit/input__BandarmologyOpenEndDate"), Keys.chord(CONTROL, "a")): Keys 'CONTROL + a' sent to object: 'Object Repository/Stockbit/input__BandarmologyOpenEndDate'

2024-01-22 17:50:29 - [MESSAGE][PASSED] - Keys 'CONTROL + a' sent to object: 'Object Repository/Stockbit/input__BandarmologyOpenEndDate'

2024-01-22 17:50:29 - [TEST_STEP][PASSED] - sendKeys(findTestObject("Stockbit/input__BandarmologyOpenEndDate"), Keys.chord(BACK_SPACE)): Keys 'BACK_SPACE + ' sent to object: 'Object Repository/Stockbit/input__BandarmologyOpenEndDate'

2024-01-22 17:50:29 - [MESSAGE][PASSED] - Keys 'BACK_SPACE + ' sent to object: 'Object Repository/Stockbit/input__BandarmologyOpenEndDate'

2024-01-22 17:50:29 - [TEST_STEP][PASSED] - setText(findTestObject("Stockbit/input__BandarmologyOpenEndDate"), strTanggal): Text '2024-01-22' is set on object 'Object Repository/Stockbit/input__BandarmologyOpenEndDate'

2024-01-22 17:50:30 - [MESSAGE][PASSED] - Text '2024-01-22' is set on object 'Object Repository/Stockbit/input__BandarmologyOpenEndDate'

2024-01-22 17:50:30 - [TEST_STEP][PASSED] - sendKeys(findTestObject("Stockbit/input__BandarmologyOpenEndDate"), Keys.chord(ENTER)): Keys 'ENTER + ' sent to object: 'Object Repository/Stockbit/input__BandarmologyOpenEndDate'

2024-01-22 17:50:31 - [MESSAGE][PASSED] - Keys 'ENTER + ' sent to object: 'Object Repository/Stockbit/input__BandarmologyOpenEndDate'

2024-01-22 17:50:31 - [TEST_STEP][PASSED] - delay(2): Delayed 2 second(s)

2024-01-22 17:50:33 - [MESSAGE][PASSED] - Delayed 2 second(s)

2024-01-22 17:50:33 - [TEST_STEP][PASSED] - strTemp = getText(findTestObject("Stockbit/Bandarmology_AvgRP")): Text of object 'Object Repository/Stockbit/Bandarmology_AvgRP' is: '50'

2024-01-22 17:50:33 - [MESSAGE][PASSED] - Text of object 'Object Repository/Stockbit/Bandarmology_AvgRP' is: '50'

2024-01-22 17:50:33 - [TEST_STEP][PASSED] - out.println("Bandarmology_AvgRP = " + strTemp): null

2024-01-22 17:50:33 - [TEST_STEP][PASSED] - if (strTemp != "0"): null

2024-01-22 17:50:33 - [TEST_STEP][PASSED] - strTop1 = getText(findTestObject("Stockbit/Bandarmology_Top1")): Text of object 'Object Repository/Stockbit/Bandarmology_Top1' is: 'Big Dist'

2024-01-22 17:50:33 - [MESSAGE][PASSED] - Text of object 'Object Repository/Stockbit/Bandarmology_Top1' is: 'Big Dist'

2024-01-22 17:50:33 - [TEST_STEP][PASSED] - strTop3 = getText(findTestObject("Stockbit/Bandarmology_Top3")): Text of object 'Object Repository/Stockbit/Bandarmology_Top3' is: 'Big Dist'

2024-01-22 17:50:33 - [MESSAGE][PASSED] - Text of object 'Object Repository/Stockbit/Bandarmology_Top3' is: 'Big Dist'

2024-01-22 17:50:33 - [TEST_STEP][PASSED] - strTop5 = getText(findTestObject("Stockbit/Bandarmology_Top5")): Text of object 'Object Repository/Stockbit/Bandarmology_Top5' is: 'Neutral'

2024-01-22 17:50:33 - [MESSAGE][PASSED] - Text of object 'Object Repository/Stockbit/Bandarmology_Top5' is: 'Neutral'

2024-01-22 17:50:33 - [TEST_STEP][PASSED] - strAllBrokAvg = getText(findTestObject("Stockbit/Bandarmology_TopAVG")): Text of object 'Object Repository/Stockbit/Bandarmology_TopAVG' is: 'Normal Dist'

2024-01-22 17:50:33 - [MESSAGE][PASSED] - Text of object 'Object Repository/Stockbit/Bandarmology_TopAVG' is: 'Normal Dist'

2024-01-22 17:50:33 - [TEST_STEP][PASSED] - strTemp = getText(findTestObject("Stockbit/Bandarmology_AvgRP")): Text of object 'Object Repository/Stockbit/Bandarmology_AvgRP' is: '50'

2024-01-22 17:50:34 - [MESSAGE][PASSED] - Text of object 'Object Repository/Stockbit/Bandarmology_AvgRP' is: '50'

2024-01-22 17:50:34 - [TEST_STEP][PASSED] - if (strTemp.contains(",")): null

2024-01-22 17:50:34 - [TEST_STEP][PASSED] - intAvgRP = strTemp.toInteger(): null

2024-01-22 17:50:34 - [TEST_STEP][PASSED] - strBuyer1 = getText(findTestObject("Stockbit/Bandarmology_Buyer1")): Text of object 'Object Repository/Stockbit/Bandarmology_Buyer1' is: 'SQ'

2024-01-22 17:50:34 - [MESSAGE][PASSED] - Text of object 'Object Repository/Stockbit/Bandarmology_Buyer1' is: 'SQ'

2024-01-22 17:50:34 - [TEST_STEP][PASSED] - strBuyerVol1 = getText(findTestObject("Stockbit/Bandarmology_BuyerVol1")): Text of object 'Object Repository/Stockbit/Bandarmology_BuyerVol1' is: '511'

2024-01-22 17:50:34 - [MESSAGE][PASSED] - Text of object 'Object Repository/Stockbit/Bandarmology_BuyerVol1' is: '511'

2024-01-22 17:50:34 - [TEST_STEP][PASSED] - strBuyerAvg1 = getText(findTestObject("Stockbit/Bandarmology_BuyerAvg1")): Text of object 'Object Repository/Stockbit/Bandarmology_BuyerAvg1' is: '50'

2024-01-22 17:50:34 - [MESSAGE][PASSED] - Text of object 'Object Repository/Stockbit/Bandarmology_BuyerAvg1' is: '50'

2024-01-22 17:50:34 - [TEST_STEP][PASSED] - if (strBuyerAvg1.contains(",")): null

2024-01-22 17:50:34 - [TEST_STEP][PASSED] - if (strBuyerVol1.contains(" B")): null

2024-01-22 17:50:34 - [TEST_STEP][PASSED] - strSeller1 = getText(findTestObject("Stockbit/Bandarmology_Seller1")): Text of object 'Object Repository/Stockbit/Bandarmology_Seller1' is: 'HP'

2024-01-22 17:50:34 - [MESSAGE][PASSED] - Text of object 'Object Repository/Stockbit/Bandarmology_Seller1' is: 'HP'

2024-01-22 17:50:34 - [TEST_STEP][PASSED] - strSellerVol1 = getText(findTestObject("Stockbit/Bandarmology_SellerVol1")): Text of object 'Object Repository/Stockbit/Bandarmology_SellerVol1' is: '1.5 K'

2024-01-22 17:50:34 - [MESSAGE][PASSED] - Text of object 'Object Repository/Stockbit/Bandarmology_SellerVol1' is: '1.5 K'

2024-01-22 17:50:34 - [TEST_STEP][PASSED] - strSellerAvg1 = getText(findTestObject("Stockbit/Bandarmology_SellerAvg1")): Text of object 'Object Repository/Stockbit/Bandarmology_SellerAvg1' is: '50'

2024-01-22 17:50:34 - [MESSAGE][PASSED] - Text of object 'Object Repository/Stockbit/Bandarmology_SellerAvg1' is: '50'

2024-01-22 17:50:34 - [TEST_STEP][PASSED] - if (strSellerAvg1.contains(",")): null

2024-01-22 17:50:34 - [TEST_STEP][PASSED] - if (strSellerVol1.contains(" B")): null

2024-01-22 17:50:34 - [TEST_STEP][PASSED] - else if (strSellerVol1.contains(" M")): null

2024-01-22 17:50:34 - [TEST_STEP][PASSED] - else if (strSellerVol1.contains(" K")): null

2024-01-22 17:50:34 - [TEST_STEP][PASSED] - strSellerVol1 = strSellerVol1.replace(" K", ""): null

2024-01-22 17:50:34 - [TEST_STEP][PASSED] - strSellerVol1 = strSellerVol1.toDouble() * 1000: null

2024-01-22 17:50:34 - [TEST_STEP][PASSED] - if (verifyElementNotPresent(findTestObject("Stockbit/Bandarmology_Buyer2"), 1, OPTIONAL)): Web element with id: 'Object Repository/Stockbit/Bandarmology_Buyer2' located by 'By.xpath: //*[contains(@id, 'rc-tabs-')]/div[2]/div/div/div/div/div/div[2]/table/tbody/tr[3]/td[1]/p' is present after '1' second(s) (Root cause: com.kms.katalon.core.exception.StepFailedException: Web element with id: 'Object Repository/Stockbit/Bandarmology_Buyer2' located by 'By.xpath: //*[contains(@id, 'rc-tabs-')]/div[2]/div/div/div/div/div/div[2]/table/tbody/tr[3]/td[1]/p' is present after '1' second(s)
	at com.kms.katalon.core.webui.keyword.internal.WebUIKeywordMain.stepFailed(WebUIKeywordMain.groovy:64)
	at com.kms.katalon.core.webui.keyword.internal.WebUIKeywordMain$stepFailed$0.call(Unknown Source)
	at com.kms.katalon.core.webui.keyword.builtin.VerifyElementNotPresentKeyword$_verifyElementNotPresent_closure1.doCall(VerifyElementNotPresentKeyword.groovy:106)
	at com.kms.katalon.core.webui.keyword.builtin.VerifyElementNotPresentKeyword$_verifyElementNotPresent_closure1.doCall(VerifyElementNotPresentKeyword.groovy)
	at com.kms.katalon.core.webui.keyword.internal.WebUIKeywordMain.runKeyword(WebUIKeywordMain.groovy:20)
	at com.kms.katalon.core.webui.keyword.internal.WebUIKeywordMain$runKeyword.call(Unknown Source)
	at com.kms.katalon.core.webui.keyword.builtin.VerifyElementNotPresentKeyword.verifyElementNotPresent(VerifyElementNotPresentKeyword.groovy:117)
	at com.kms.katalon.core.webui.keyword.builtin.VerifyElementNotPresentKeyword.execute(VerifyElementNotPresentKeyword.groovy:68)
	at com.kms.katalon.core.keyword.internal.KeywordExecutor.executeKeywordForPlatform(KeywordExecutor.groovy:74)
	at com.kms.katalon.core.webui.keyword.WebUiBuiltInKeywords.verifyElementNotPresent(WebUiBuiltInKeywords.groovy:1481)
	at com.kms.katalon.core.webui.keyword.WebUiBuiltInKeywords$verifyElementNotPresent$8.call(Unknown Source)
	at GetBrokSumPriceDaily.run(GetBrokSumPriceDaily:258)
	at com.kms.katalon.core.main.ScriptEngine.run(ScriptEngine.java:194)
	at com.kms.katalon.core.main.ScriptEngine.runScriptAsRawText(ScriptEngine.java:119)
	at com.kms.katalon.core.main.TestCaseExecutor.runScript(TestCaseExecutor.java:445)
	at com.kms.katalon.core.main.TestCaseExecutor.doExecute(TestCaseExecutor.java:436)
	at com.kms.katalon.core.main.TestCaseExecutor.processExecutionPhase(TestCaseExecutor.java:415)
	at com.kms.katalon.core.main.TestCaseExecutor.accessMainPhase(TestCaseExecutor.java:407)
	at com.kms.katalon.core.main.TestCaseExecutor.execute(TestCaseExecutor.java:284)
	at com.kms.katalon.core.common.CommonExecutor.accessTestCaseMainPhase(CommonExecutor.java:65)
	at com.kms.katalon.core.main.TestSuiteExecutor.accessTestSuiteMainPhase(TestSuiteExecutor.java:144)
	at com.kms.katalon.core.main.TestSuiteExecutor.execute(TestSuiteExecutor.java:106)
	at com.kms.katalon.core.main.TestCaseMain.startTestSuite(TestCaseMain.java:185)
	at com.kms.katalon.core.main.TestCaseMain$startTestSuite$0.call(Unknown Source)
	at TempTestSuite1705920083951.run(TempTestSuite1705920083951.groovy:36)
)

2024-01-22 17:50:36 - [MESSAGE][WARNING] - Web element with id: 'Object Repository/Stockbit/Bandarmology_Buyer2' located by 'By.xpath: //*[contains(@id, 'rc-tabs-')]/div[2]/div/div/div/div/div/div[2]/table/tbody/tr[3]/td[1]/p' is present after '1' second(s) (Root cause: com.kms.katalon.core.exception.StepFailedException: Web element with id: 'Object Repository/Stockbit/Bandarmology_Buyer2' located by 'By.xpath: //*[contains(@id, 'rc-tabs-')]/div[2]/div/div/div/div/div/div[2]/table/tbody/tr[3]/td[1]/p' is present after '1' second(s)
	at com.kms.katalon.core.webui.keyword.internal.WebUIKeywordMain.stepFailed(WebUIKeywordMain.groovy:64)
	at com.kms.katalon.core.webui.keyword.internal.WebUIKeywordMain$stepFailed$0.call(Unknown Source)
	at com.kms.katalon.core.webui.keyword.builtin.VerifyElementNotPresentKeyword$_verifyElementNotPresent_closure1.doCall(VerifyElementNotPresentKeyword.groovy:106)
	at com.kms.katalon.core.webui.keyword.builtin.VerifyElementNotPresentKeyword$_verifyElementNotPresent_closure1.doCall(VerifyElementNotPresentKeyword.groovy)
	at com.kms.katalon.core.webui.keyword.internal.WebUIKeywordMain.runKeyword(WebUIKeywordMain.groovy:20)
	at com.kms.katalon.core.webui.keyword.internal.WebUIKeywordMain$runKeyword.call(Unknown Source)
	at com.kms.katalon.core.webui.keyword.builtin.VerifyElementNotPresentKeyword.verifyElementNotPresent(VerifyElementNotPresentKeyword.groovy:117)
	at com.kms.katalon.core.webui.keyword.builtin.VerifyElementNotPresentKeyword.execute(VerifyElementNotPresentKeyword.groovy:68)
	at com.kms.katalon.core.keyword.internal.KeywordExecutor.executeKeywordForPlatform(KeywordExecutor.groovy:74)
	at com.kms.katalon.core.webui.keyword.WebUiBuiltInKeywords.verifyElementNotPresent(WebUiBuiltInKeywords.groovy:1481)
	at com.kms.katalon.core.webui.keyword.WebUiBuiltInKeywords$verifyElementNotPresent$8.call(Unknown Source)
	at GetBrokSumPriceDaily.run(GetBrokSumPriceDaily:258)
	at com.kms.katalon.core.main.ScriptEngine.run(ScriptEngine.java:194)
	at com.kms.katalon.core.main.ScriptEngine.runScriptAsRawText(ScriptEngine.java:119)
	at com.kms.katalon.core.main.TestCaseExecutor.runScript(TestCaseExecutor.java:445)
	at com.kms.katalon.core.main.TestCaseExecutor.doExecute(TestCaseExecutor.java:436)
	at com.kms.katalon.core.main.TestCaseExecutor.processExecutionPhase(TestCaseExecutor.java:415)
	at com.kms.katalon.core.main.TestCaseExecutor.accessMainPhase(TestCaseExecutor.java:407)
	at com.kms.katalon.core.main.TestCaseExecutor.execute(TestCaseExecutor.java:284)
	at com.kms.katalon.core.common.CommonExecutor.accessTestCaseMainPhase(CommonExecutor.java:65)
	at com.kms.katalon.core.main.TestSuiteExecutor.accessTestSuiteMainPhase(TestSuiteExecutor.java:144)
	at com.kms.katalon.core.main.TestSuiteExecutor.execute(TestSuiteExecutor.java:106)
	at com.kms.katalon.core.main.TestCaseMain.startTestSuite(TestCaseMain.java:185)
	at com.kms.katalon.core.main.TestCaseMain$startTestSuite$0.call(Unknown Source)
	at TempTestSuite1705920083951.run(TempTestSuite1705920083951.groovy:36)
)
[[ATTACHMENT|C:\\Users\\Fadli\\git\\KatalonDailyGetData2\\Reports\\20240122_174123\\TS1\\20240122_174123\\1705920636164.png]]

2024-01-22 17:50:36 - [TEST_STEP][PASSED] - else: null

2024-01-22 17:50:36 - [TEST_STEP][PASSED] - strBuyer2 = getText(findTestObject("Stockbit/Bandarmology_Buyer2")): Text of object 'Object Repository/Stockbit/Bandarmology_Buyer2' is: 'XC'

2024-01-22 17:50:36 - [MESSAGE][PASSED] - Text of object 'Object Repository/Stockbit/Bandarmology_Buyer2' is: 'XC'

2024-01-22 17:50:36 - [TEST_STEP][PASSED] - strBuyerVol2 = getText(findTestObject("Stockbit/Bandarmology_BuyerVol2")): Text of object 'Object Repository/Stockbit/Bandarmology_BuyerVol2' is: '360'

2024-01-22 17:50:36 - [MESSAGE][PASSED] - Text of object 'Object Repository/Stockbit/Bandarmology_BuyerVol2' is: '360'

2024-01-22 17:50:36 - [TEST_STEP][PASSED] - strBuyerAvg2 = getText(findTestObject("Stockbit/Bandarmology_BuyerAvg2")): Text of object 'Object Repository/Stockbit/Bandarmology_BuyerAvg2' is: '50'

2024-01-22 17:50:36 - [MESSAGE][PASSED] - Text of object 'Object Repository/Stockbit/Bandarmology_BuyerAvg2' is: '50'

2024-01-22 17:50:36 - [TEST_STEP][PASSED] - if (strBuyer2 != ""): null

2024-01-22 17:50:36 - [TEST_STEP][PASSED] - if (strBuyerAvg2.contains(",")): null

2024-01-22 17:50:36 - [TEST_STEP][PASSED] - if (strBuyerVol2.contains(" B")): null

2024-01-22 17:50:36 - [TEST_STEP][PASSED] - if (strBuyerVol2.contains(".")): null

2024-01-22 17:50:36 - [TEST_STEP][PASSED] - if (verifyElementNotPresent(findTestObject("Stockbit/Bandarmology_Seller2"), 1, OPTIONAL)): Web element with id: 'Object Repository/Stockbit/Bandarmology_Seller2' located by 'By.xpath: //*[contains(@id, 'rc-tabs-')]/div[2]/div/div/div/div/div/div[2]/table/tbody/tr[3]/td[5]/p' is present after '1' second(s) (Root cause: com.kms.katalon.core.exception.StepFailedException: Web element with id: 'Object Repository/Stockbit/Bandarmology_Seller2' located by 'By.xpath: //*[contains(@id, 'rc-tabs-')]/div[2]/div/div/div/div/div/div[2]/table/tbody/tr[3]/td[5]/p' is present after '1' second(s)
	at com.kms.katalon.core.webui.keyword.internal.WebUIKeywordMain.stepFailed(WebUIKeywordMain.groovy:64)
	at com.kms.katalon.core.webui.keyword.internal.WebUIKeywordMain$stepFailed$0.call(Unknown Source)
	at com.kms.katalon.core.webui.keyword.builtin.VerifyElementNotPresentKeyword$_verifyElementNotPresent_closure1.doCall(VerifyElementNotPresentKeyword.groovy:106)
	at com.kms.katalon.core.webui.keyword.builtin.VerifyElementNotPresentKeyword$_verifyElementNotPresent_closure1.doCall(VerifyElementNotPresentKeyword.groovy)
	at com.kms.katalon.core.webui.keyword.internal.WebUIKeywordMain.runKeyword(WebUIKeywordMain.groovy:20)
	at com.kms.katalon.core.webui.keyword.internal.WebUIKeywordMain$runKeyword.call(Unknown Source)
	at com.kms.katalon.core.webui.keyword.builtin.VerifyElementNotPresentKeyword.verifyElementNotPresent(VerifyElementNotPresentKeyword.groovy:117)
	at com.kms.katalon.core.webui.keyword.builtin.VerifyElementNotPresentKeyword.execute(VerifyElementNotPresentKeyword.groovy:68)
	at com.kms.katalon.core.keyword.internal.KeywordExecutor.executeKeywordForPlatform(KeywordExecutor.groovy:74)
	at com.kms.katalon.core.webui.keyword.WebUiBuiltInKeywords.verifyElementNotPresent(WebUiBuiltInKeywords.groovy:1481)
	at com.kms.katalon.core.webui.keyword.WebUiBuiltInKeywords$verifyElementNotPresent$8.call(Unknown Source)
	at GetBrokSumPriceDaily.run(GetBrokSumPriceDaily:309)
	at com.kms.katalon.core.main.ScriptEngine.run(ScriptEngine.java:194)
	at com.kms.katalon.core.main.ScriptEngine.runScriptAsRawText(ScriptEngine.java:119)
	at com.kms.katalon.core.main.TestCaseExecutor.runScript(TestCaseExecutor.java:445)
	at com.kms.katalon.core.main.TestCaseExecutor.doExecute(TestCaseExecutor.java:436)
	at com.kms.katalon.core.main.TestCaseExecutor.processExecutionPhase(TestCaseExecutor.java:415)
	at com.kms.katalon.core.main.TestCaseExecutor.accessMainPhase(TestCaseExecutor.java:407)
	at com.kms.katalon.core.main.TestCaseExecutor.execute(TestCaseExecutor.java:284)
	at com.kms.katalon.core.common.CommonExecutor.accessTestCaseMainPhase(CommonExecutor.java:65)
	at com.kms.katalon.core.main.TestSuiteExecutor.accessTestSuiteMainPhase(TestSuiteExecutor.java:144)
	at com.kms.katalon.core.main.TestSuiteExecutor.execute(TestSuiteExecutor.java:106)
	at com.kms.katalon.core.main.TestCaseMain.startTestSuite(TestCaseMain.java:185)
	at com.kms.katalon.core.main.TestCaseMain$startTestSuite$0.call(Unknown Source)
	at TempTestSuite1705920083951.run(TempTestSuite1705920083951.groovy:36)
)

2024-01-22 17:50:38 - [MESSAGE][WARNING] - Web element with id: 'Object Repository/Stockbit/Bandarmology_Seller2' located by 'By.xpath: //*[contains(@id, 'rc-tabs-')]/div[2]/div/div/div/div/div/div[2]/table/tbody/tr[3]/td[5]/p' is present after '1' second(s) (Root cause: com.kms.katalon.core.exception.StepFailedException: Web element with id: 'Object Repository/Stockbit/Bandarmology_Seller2' located by 'By.xpath: //*[contains(@id, 'rc-tabs-')]/div[2]/div/div/div/div/div/div[2]/table/tbody/tr[3]/td[5]/p' is present after '1' second(s)
	at com.kms.katalon.core.webui.keyword.internal.WebUIKeywordMain.stepFailed(WebUIKeywordMain.groovy:64)
	at com.kms.katalon.core.webui.keyword.internal.WebUIKeywordMain$stepFailed$0.call(Unknown Source)
	at com.kms.katalon.core.webui.keyword.builtin.VerifyElementNotPresentKeyword$_verifyElementNotPresent_closure1.doCall(VerifyElementNotPresentKeyword.groovy:106)
	at com.kms.katalon.core.webui.keyword.builtin.VerifyElementNotPresentKeyword$_verifyElementNotPresent_closure1.doCall(VerifyElementNotPresentKeyword.groovy)
	at com.kms.katalon.core.webui.keyword.internal.WebUIKeywordMain.runKeyword(WebUIKeywordMain.groovy:20)
	at com.kms.katalon.core.webui.keyword.internal.WebUIKeywordMain$runKeyword.call(Unknown Source)
	at com.kms.katalon.core.webui.keyword.builtin.VerifyElementNotPresentKeyword.verifyElementNotPresent(VerifyElementNotPresentKeyword.groovy:117)
	at com.kms.katalon.core.webui.keyword.builtin.VerifyElementNotPresentKeyword.execute(VerifyElementNotPresentKeyword.groovy:68)
	at com.kms.katalon.core.keyword.internal.KeywordExecutor.executeKeywordForPlatform(KeywordExecutor.groovy:74)
	at com.kms.katalon.core.webui.keyword.WebUiBuiltInKeywords.verifyElementNotPresent(WebUiBuiltInKeywords.groovy:1481)
	at com.kms.katalon.core.webui.keyword.WebUiBuiltInKeywords$verifyElementNotPresent$8.call(Unknown Source)
	at GetBrokSumPriceDaily.run(GetBrokSumPriceDaily:309)
	at com.kms.katalon.core.main.ScriptEngine.run(ScriptEngine.java:194)
	at com.kms.katalon.core.main.ScriptEngine.runScriptAsRawText(ScriptEngine.java:119)
	at com.kms.katalon.core.main.TestCaseExecutor.runScript(TestCaseExecutor.java:445)
	at com.kms.katalon.core.main.TestCaseExecutor.doExecute(TestCaseExecutor.java:436)
	at com.kms.katalon.core.main.TestCaseExecutor.processExecutionPhase(TestCaseExecutor.java:415)
	at com.kms.katalon.core.main.TestCaseExecutor.accessMainPhase(TestCaseExecutor.java:407)
	at com.kms.katalon.core.main.TestCaseExecutor.execute(TestCaseExecutor.java:284)
	at com.kms.katalon.core.common.CommonExecutor.accessTestCaseMainPhase(CommonExecutor.java:65)
	at com.kms.katalon.core.main.TestSuiteExecutor.accessTestSuiteMainPhase(TestSuiteExecutor.java:144)
	at com.kms.katalon.core.main.TestSuiteExecutor.execute(TestSuiteExecutor.java:106)
	at com.kms.katalon.core.main.TestCaseMain.startTestSuite(TestCaseMain.java:185)
	at com.kms.katalon.core.main.TestCaseMain$startTestSuite$0.call(Unknown Source)
	at TempTestSuite1705920083951.run(TempTestSuite1705920083951.groovy:36)
)
[[ATTACHMENT|C:\\Users\\Fadli\\git\\KatalonDailyGetData2\\Reports\\20240122_174123\\TS1\\20240122_174123\\1705920638148.png]]

2024-01-22 17:50:38 - [TEST_STEP][PASSED] - else: null

2024-01-22 17:50:38 - [TEST_STEP][PASSED] - strSeller2 = getText(findTestObject("Stockbit/Bandarmology_Seller2")): Text of object 'Object Repository/Stockbit/Bandarmology_Seller2' is: ''

2024-01-22 17:50:38 - [MESSAGE][PASSED] - Text of object 'Object Repository/Stockbit/Bandarmology_Seller2' is: ''

2024-01-22 17:50:38 - [TEST_STEP][PASSED] - strSellerVol2 = getText(findTestObject("Stockbit/Bandarmology_SellerVol2")): Text of object 'Object Repository/Stockbit/Bandarmology_SellerVol2' is: ''

2024-01-22 17:50:38 - [MESSAGE][PASSED] - Text of object 'Object Repository/Stockbit/Bandarmology_SellerVol2' is: ''

2024-01-22 17:50:38 - [TEST_STEP][PASSED] - strSellerAvg2 = getText(findTestObject("Stockbit/Bandarmology_SellerAvg2")): Text of object 'Object Repository/Stockbit/Bandarmology_SellerAvg2' is: ''

2024-01-22 17:50:38 - [MESSAGE][PASSED] - Text of object 'Object Repository/Stockbit/Bandarmology_SellerAvg2' is: ''

2024-01-22 17:50:38 - [TEST_STEP][PASSED] - if (strSeller2 != ""): null

2024-01-22 17:50:38 - [TEST_STEP][PASSED] - else: null

2024-01-22 17:50:38 - [TEST_STEP][PASSED] - strSeller2 = "-": null

2024-01-22 17:50:38 - [TEST_STEP][PASSED] - strSellerVol2 = "0": null

2024-01-22 17:50:38 - [TEST_STEP][PASSED] - strSellerAvg2 = "0": null

2024-01-22 17:50:38 - [TEST_STEP][PASSED] - if (verifyElementNotPresent(findTestObject("Stockbit/Bandarmology_Buyer3"), 1, OPTIONAL)): Web element with id: 'Object Repository/Stockbit/Bandarmology_Buyer3' located by 'By.xpath: //*[contains(@id, 'rc-tabs-')]/div[2]/div/div/div/div/div/div[2]/table/tbody/tr[4]/td[1]/p' is present after '1' second(s) (Root cause: com.kms.katalon.core.exception.StepFailedException: Web element with id: 'Object Repository/Stockbit/Bandarmology_Buyer3' located by 'By.xpath: //*[contains(@id, 'rc-tabs-')]/div[2]/div/div/div/div/div/div[2]/table/tbody/tr[4]/td[1]/p' is present after '1' second(s)
	at com.kms.katalon.core.webui.keyword.internal.WebUIKeywordMain.stepFailed(WebUIKeywordMain.groovy:64)
	at com.kms.katalon.core.webui.keyword.internal.WebUIKeywordMain$stepFailed$0.call(Unknown Source)
	at com.kms.katalon.core.webui.keyword.builtin.VerifyElementNotPresentKeyword$_verifyElementNotPresent_closure1.doCall(VerifyElementNotPresentKeyword.groovy:106)
	at com.kms.katalon.core.webui.keyword.builtin.VerifyElementNotPresentKeyword$_verifyElementNotPresent_closure1.doCall(VerifyElementNotPresentKeyword.groovy)
	at com.kms.katalon.core.webui.keyword.internal.WebUIKeywordMain.runKeyword(WebUIKeywordMain.groovy:20)
	at com.kms.katalon.core.webui.keyword.internal.WebUIKeywordMain$runKeyword.call(Unknown Source)
	at com.kms.katalon.core.webui.keyword.builtin.VerifyElementNotPresentKeyword.verifyElementNotPresent(VerifyElementNotPresentKeyword.groovy:117)
	at com.kms.katalon.core.webui.keyword.builtin.VerifyElementNotPresentKeyword.execute(VerifyElementNotPresentKeyword.groovy:68)
	at com.kms.katalon.core.keyword.internal.KeywordExecutor.executeKeywordForPlatform(KeywordExecutor.groovy:74)
	at com.kms.katalon.core.webui.keyword.WebUiBuiltInKeywords.verifyElementNotPresent(WebUiBuiltInKeywords.groovy:1481)
	at com.kms.katalon.core.webui.keyword.WebUiBuiltInKeywords$verifyElementNotPresent$8.call(Unknown Source)
	at GetBrokSumPriceDaily.run(GetBrokSumPriceDaily:361)
	at com.kms.katalon.core.main.ScriptEngine.run(ScriptEngine.java:194)
	at com.kms.katalon.core.main.ScriptEngine.runScriptAsRawText(ScriptEngine.java:119)
	at com.kms.katalon.core.main.TestCaseExecutor.runScript(TestCaseExecutor.java:445)
	at com.kms.katalon.core.main.TestCaseExecutor.doExecute(TestCaseExecutor.java:436)
	at com.kms.katalon.core.main.TestCaseExecutor.processExecutionPhase(TestCaseExecutor.java:415)
	at com.kms.katalon.core.main.TestCaseExecutor.accessMainPhase(TestCaseExecutor.java:407)
	at com.kms.katalon.core.main.TestCaseExecutor.execute(TestCaseExecutor.java:284)
	at com.kms.katalon.core.common.CommonExecutor.accessTestCaseMainPhase(CommonExecutor.java:65)
	at com.kms.katalon.core.main.TestSuiteExecutor.accessTestSuiteMainPhase(TestSuiteExecutor.java:144)
	at com.kms.katalon.core.main.TestSuiteExecutor.execute(TestSuiteExecutor.java:106)
	at com.kms.katalon.core.main.TestCaseMain.startTestSuite(TestCaseMain.java:185)
	at com.kms.katalon.core.main.TestCaseMain$startTestSuite$0.call(Unknown Source)
	at TempTestSuite1705920083951.run(TempTestSuite1705920083951.groovy:36)
)

2024-01-22 17:50:40 - [MESSAGE][WARNING] - Web element with id: 'Object Repository/Stockbit/Bandarmology_Buyer3' located by 'By.xpath: //*[contains(@id, 'rc-tabs-')]/div[2]/div/div/div/div/div/div[2]/table/tbody/tr[4]/td[1]/p' is present after '1' second(s) (Root cause: com.kms.katalon.core.exception.StepFailedException: Web element with id: 'Object Repository/Stockbit/Bandarmology_Buyer3' located by 'By.xpath: //*[contains(@id, 'rc-tabs-')]/div[2]/div/div/div/div/div/div[2]/table/tbody/tr[4]/td[1]/p' is present after '1' second(s)
	at com.kms.katalon.core.webui.keyword.internal.WebUIKeywordMain.stepFailed(WebUIKeywordMain.groovy:64)
	at com.kms.katalon.core.webui.keyword.internal.WebUIKeywordMain$stepFailed$0.call(Unknown Source)
	at com.kms.katalon.core.webui.keyword.builtin.VerifyElementNotPresentKeyword$_verifyElementNotPresent_closure1.doCall(VerifyElementNotPresentKeyword.groovy:106)
	at com.kms.katalon.core.webui.keyword.builtin.VerifyElementNotPresentKeyword$_verifyElementNotPresent_closure1.doCall(VerifyElementNotPresentKeyword.groovy)
	at com.kms.katalon.core.webui.keyword.internal.WebUIKeywordMain.runKeyword(WebUIKeywordMain.groovy:20)
	at com.kms.katalon.core.webui.keyword.internal.WebUIKeywordMain$runKeyword.call(Unknown Source)
	at com.kms.katalon.core.webui.keyword.builtin.VerifyElementNotPresentKeyword.verifyElementNotPresent(VerifyElementNotPresentKeyword.groovy:117)
	at com.kms.katalon.core.webui.keyword.builtin.VerifyElementNotPresentKeyword.execute(VerifyElementNotPresentKeyword.groovy:68)
	at com.kms.katalon.core.keyword.internal.KeywordExecutor.executeKeywordForPlatform(KeywordExecutor.groovy:74)
	at com.kms.katalon.core.webui.keyword.WebUiBuiltInKeywords.verifyElementNotPresent(WebUiBuiltInKeywords.groovy:1481)
	at com.kms.katalon.core.webui.keyword.WebUiBuiltInKeywords$verifyElementNotPresent$8.call(Unknown Source)
	at GetBrokSumPriceDaily.run(GetBrokSumPriceDaily:361)
	at com.kms.katalon.core.main.ScriptEngine.run(ScriptEngine.java:194)
	at com.kms.katalon.core.main.ScriptEngine.runScriptAsRawText(ScriptEngine.java:119)
	at com.kms.katalon.core.main.TestCaseExecutor.runScript(TestCaseExecutor.java:445)
	at com.kms.katalon.core.main.TestCaseExecutor.doExecute(TestCaseExecutor.java:436)
	at com.kms.katalon.core.main.TestCaseExecutor.processExecutionPhase(TestCaseExecutor.java:415)
	at com.kms.katalon.core.main.TestCaseExecutor.accessMainPhase(TestCaseExecutor.java:407)
	at com.kms.katalon.core.main.TestCaseExecutor.execute(TestCaseExecutor.java:284)
	at com.kms.katalon.core.common.CommonExecutor.accessTestCaseMainPhase(CommonExecutor.java:65)
	at com.kms.katalon.core.main.TestSuiteExecutor.accessTestSuiteMainPhase(TestSuiteExecutor.java:144)
	at com.kms.katalon.core.main.TestSuiteExecutor.execute(TestSuiteExecutor.java:106)
	at com.kms.katalon.core.main.TestCaseMain.startTestSuite(TestCaseMain.java:185)
	at com.kms.katalon.core.main.TestCaseMain$startTestSuite$0.call(Unknown Source)
	at TempTestSuite1705920083951.run(TempTestSuite1705920083951.groovy:36)
)
[[ATTACHMENT|C:\\Users\\Fadli\\git\\KatalonDailyGetData2\\Reports\\20240122_174123\\TS1\\20240122_174123\\1705920640111.png]]

2024-01-22 17:50:40 - [TEST_STEP][PASSED] - else: null

2024-01-22 17:50:40 - [TEST_STEP][PASSED] - strBuyer3 = getText(findTestObject("Stockbit/Bandarmology_Buyer3")): Text of object 'Object Repository/Stockbit/Bandarmology_Buyer3' is: 'YP'

2024-01-22 17:50:40 - [MESSAGE][PASSED] - Text of object 'Object Repository/Stockbit/Bandarmology_Buyer3' is: 'YP'

2024-01-22 17:50:40 - [TEST_STEP][PASSED] - strBuyerVol3 = getText(findTestObject("Stockbit/Bandarmology_BuyerVol3")): Text of object 'Object Repository/Stockbit/Bandarmology_BuyerVol3' is: '300'

2024-01-22 17:50:40 - [MESSAGE][PASSED] - Text of object 'Object Repository/Stockbit/Bandarmology_BuyerVol3' is: '300'

2024-01-22 17:50:40 - [TEST_STEP][PASSED] - strBuyerAvg3 = getText(findTestObject("Stockbit/Bandarmology_BuyerAvg3")): Text of object 'Object Repository/Stockbit/Bandarmology_BuyerAvg3' is: '50'

2024-01-22 17:50:40 - [MESSAGE][PASSED] - Text of object 'Object Repository/Stockbit/Bandarmology_BuyerAvg3' is: '50'

2024-01-22 17:50:40 - [TEST_STEP][PASSED] - if (strBuyer3 != ""): null

2024-01-22 17:50:40 - [TEST_STEP][PASSED] - if (strBuyerAvg3.contains(",")): null

2024-01-22 17:50:40 - [TEST_STEP][PASSED] - if (strBuyerVol3.contains(" B")): null

2024-01-22 17:50:40 - [TEST_STEP][PASSED] - if (verifyElementNotPresent(findTestObject("Stockbit/Bandarmology_Seller3"), 1, OPTIONAL)): Web element with id: 'Object Repository/Stockbit/Bandarmology_Seller3' located by 'By.xpath: //*[contains(@id, 'rc-tabs-')]/div[2]/div/div/div/div/div/div[2]/table/tbody/tr[4]/td[5]/p' is present after '1' second(s) (Root cause: com.kms.katalon.core.exception.StepFailedException: Web element with id: 'Object Repository/Stockbit/Bandarmology_Seller3' located by 'By.xpath: //*[contains(@id, 'rc-tabs-')]/div[2]/div/div/div/div/div/div[2]/table/tbody/tr[4]/td[5]/p' is present after '1' second(s)
	at com.kms.katalon.core.webui.keyword.internal.WebUIKeywordMain.stepFailed(WebUIKeywordMain.groovy:64)
	at com.kms.katalon.core.webui.keyword.internal.WebUIKeywordMain$stepFailed$0.call(Unknown Source)
	at com.kms.katalon.core.webui.keyword.builtin.VerifyElementNotPresentKeyword$_verifyElementNotPresent_closure1.doCall(VerifyElementNotPresentKeyword.groovy:106)
	at com.kms.katalon.core.webui.keyword.builtin.VerifyElementNotPresentKeyword$_verifyElementNotPresent_closure1.doCall(VerifyElementNotPresentKeyword.groovy)
	at com.kms.katalon.core.webui.keyword.internal.WebUIKeywordMain.runKeyword(WebUIKeywordMain.groovy:20)
	at com.kms.katalon.core.webui.keyword.internal.WebUIKeywordMain$runKeyword.call(Unknown Source)
	at com.kms.katalon.core.webui.keyword.builtin.VerifyElementNotPresentKeyword.verifyElementNotPresent(VerifyElementNotPresentKeyword.groovy:117)
	at com.kms.katalon.core.webui.keyword.builtin.VerifyElementNotPresentKeyword.execute(VerifyElementNotPresentKeyword.groovy:68)
	at com.kms.katalon.core.keyword.internal.KeywordExecutor.executeKeywordForPlatform(KeywordExecutor.groovy:74)
	at com.kms.katalon.core.webui.keyword.WebUiBuiltInKeywords.verifyElementNotPresent(WebUiBuiltInKeywords.groovy:1481)
	at com.kms.katalon.core.webui.keyword.WebUiBuiltInKeywords$verifyElementNotPresent$8.call(Unknown Source)
	at GetBrokSumPriceDaily.run(GetBrokSumPriceDaily:414)
	at com.kms.katalon.core.main.ScriptEngine.run(ScriptEngine.java:194)
	at com.kms.katalon.core.main.ScriptEngine.runScriptAsRawText(ScriptEngine.java:119)
	at com.kms.katalon.core.main.TestCaseExecutor.runScript(TestCaseExecutor.java:445)
	at com.kms.katalon.core.main.TestCaseExecutor.doExecute(TestCaseExecutor.java:436)
	at com.kms.katalon.core.main.TestCaseExecutor.processExecutionPhase(TestCaseExecutor.java:415)
	at com.kms.katalon.core.main.TestCaseExecutor.accessMainPhase(TestCaseExecutor.java:407)
	at com.kms.katalon.core.main.TestCaseExecutor.execute(TestCaseExecutor.java:284)
	at com.kms.katalon.core.common.CommonExecutor.accessTestCaseMainPhase(CommonExecutor.java:65)
	at com.kms.katalon.core.main.TestSuiteExecutor.accessTestSuiteMainPhase(TestSuiteExecutor.java:144)
	at com.kms.katalon.core.main.TestSuiteExecutor.execute(TestSuiteExecutor.java:106)
	at com.kms.katalon.core.main.TestCaseMain.startTestSuite(TestCaseMain.java:185)
	at com.kms.katalon.core.main.TestCaseMain$startTestSuite$0.call(Unknown Source)
	at TempTestSuite1705920083951.run(TempTestSuite1705920083951.groovy:36)
)

2024-01-22 17:50:42 - [MESSAGE][WARNING] - Web element with id: 'Object Repository/Stockbit/Bandarmology_Seller3' located by 'By.xpath: //*[contains(@id, 'rc-tabs-')]/div[2]/div/div/div/div/div/div[2]/table/tbody/tr[4]/td[5]/p' is present after '1' second(s) (Root cause: com.kms.katalon.core.exception.StepFailedException: Web element with id: 'Object Repository/Stockbit/Bandarmology_Seller3' located by 'By.xpath: //*[contains(@id, 'rc-tabs-')]/div[2]/div/div/div/div/div/div[2]/table/tbody/tr[4]/td[5]/p' is present after '1' second(s)
	at com.kms.katalon.core.webui.keyword.internal.WebUIKeywordMain.stepFailed(WebUIKeywordMain.groovy:64)
	at com.kms.katalon.core.webui.keyword.internal.WebUIKeywordMain$stepFailed$0.call(Unknown Source)
	at com.kms.katalon.core.webui.keyword.builtin.VerifyElementNotPresentKeyword$_verifyElementNotPresent_closure1.doCall(VerifyElementNotPresentKeyword.groovy:106)
	at com.kms.katalon.core.webui.keyword.builtin.VerifyElementNotPresentKeyword$_verifyElementNotPresent_closure1.doCall(VerifyElementNotPresentKeyword.groovy)
	at com.kms.katalon.core.webui.keyword.internal.WebUIKeywordMain.runKeyword(WebUIKeywordMain.groovy:20)
	at com.kms.katalon.core.webui.keyword.internal.WebUIKeywordMain$runKeyword.call(Unknown Source)
	at com.kms.katalon.core.webui.keyword.builtin.VerifyElementNotPresentKeyword.verifyElementNotPresent(VerifyElementNotPresentKeyword.groovy:117)
	at com.kms.katalon.core.webui.keyword.builtin.VerifyElementNotPresentKeyword.execute(VerifyElementNotPresentKeyword.groovy:68)
	at com.kms.katalon.core.keyword.internal.KeywordExecutor.executeKeywordForPlatform(KeywordExecutor.groovy:74)
	at com.kms.katalon.core.webui.keyword.WebUiBuiltInKeywords.verifyElementNotPresent(WebUiBuiltInKeywords.groovy:1481)
	at com.kms.katalon.core.webui.keyword.WebUiBuiltInKeywords$verifyElementNotPresent$8.call(Unknown Source)
	at GetBrokSumPriceDaily.run(GetBrokSumPriceDaily:414)
	at com.kms.katalon.core.main.ScriptEngine.run(ScriptEngine.java:194)
	at com.kms.katalon.core.main.ScriptEngine.runScriptAsRawText(ScriptEngine.java:119)
	at com.kms.katalon.core.main.TestCaseExecutor.runScript(TestCaseExecutor.java:445)
	at com.kms.katalon.core.main.TestCaseExecutor.doExecute(TestCaseExecutor.java:436)
	at com.kms.katalon.core.main.TestCaseExecutor.processExecutionPhase(TestCaseExecutor.java:415)
	at com.kms.katalon.core.main.TestCaseExecutor.accessMainPhase(TestCaseExecutor.java:407)
	at com.kms.katalon.core.main.TestCaseExecutor.execute(TestCaseExecutor.java:284)
	at com.kms.katalon.core.common.CommonExecutor.accessTestCaseMainPhase(CommonExecutor.java:65)
	at com.kms.katalon.core.main.TestSuiteExecutor.accessTestSuiteMainPhase(TestSuiteExecutor.java:144)
	at com.kms.katalon.core.main.TestSuiteExecutor.execute(TestSuiteExecutor.java:106)
	at com.kms.katalon.core.main.TestCaseMain.startTestSuite(TestCaseMain.java:185)
	at com.kms.katalon.core.main.TestCaseMain$startTestSuite$0.call(Unknown Source)
	at TempTestSuite1705920083951.run(TempTestSuite1705920083951.groovy:36)
)
[[ATTACHMENT|C:\\Users\\Fadli\\git\\KatalonDailyGetData2\\Reports\\20240122_174123\\TS1\\20240122_174123\\1705920641933.png]]

2024-01-22 17:50:42 - [TEST_STEP][PASSED] - else: null

2024-01-22 17:50:42 - [TEST_STEP][PASSED] - strSeller3 = getText(findTestObject("Stockbit/Bandarmology_Seller3")): Text of object 'Object Repository/Stockbit/Bandarmology_Seller3' is: ''

2024-01-22 17:50:42 - [MESSAGE][PASSED] - Text of object 'Object Repository/Stockbit/Bandarmology_Seller3' is: ''

2024-01-22 17:50:42 - [TEST_STEP][PASSED] - strSellerVol3 = getText(findTestObject("Stockbit/Bandarmology_SellerVol3")): Text of object 'Object Repository/Stockbit/Bandarmology_SellerVol3' is: ''

2024-01-22 17:50:42 - [MESSAGE][PASSED] - Text of object 'Object Repository/Stockbit/Bandarmology_SellerVol3' is: ''

2024-01-22 17:50:42 - [TEST_STEP][PASSED] - strSellerAvg3 = getText(findTestObject("Stockbit/Bandarmology_SellerAvg3")): Text of object 'Object Repository/Stockbit/Bandarmology_SellerAvg3' is: ''

2024-01-22 17:50:42 - [MESSAGE][PASSED] - Text of object 'Object Repository/Stockbit/Bandarmology_SellerAvg3' is: ''

2024-01-22 17:50:42 - [TEST_STEP][PASSED] - if (strSeller3 != ""): null

2024-01-22 17:50:42 - [TEST_STEP][PASSED] - else: null

2024-01-22 17:50:42 - [TEST_STEP][PASSED] - strSeller3 = "-": null

2024-01-22 17:50:42 - [TEST_STEP][PASSED] - strSellerVol3 = "0": null

2024-01-22 17:50:42 - [TEST_STEP][PASSED] - strSellerAvg3 = "0": null

2024-01-22 17:50:42 - [TEST_STEP][PASSED] - strAccDist = getText(findTestObject("Stockbit/Bandarmology_AccDist")): Text of object 'Object Repository/Stockbit/Bandarmology_AccDist' is: 'Dist'

2024-01-22 17:50:42 - [MESSAGE][PASSED] - Text of object 'Object Repository/Stockbit/Bandarmology_AccDist' is: 'Dist'

2024-01-22 17:50:42 - [TEST_STEP][PASSED] - strNetVol = getText(findTestObject("Stockbit/Bandarmology_NetVol")): Text of object 'Object Repository/Stockbit/Bandarmology_NetVol' is: '1,508'

2024-01-22 17:50:42 - [MESSAGE][PASSED] - Text of object 'Object Repository/Stockbit/Bandarmology_NetVol' is: '1,508'

2024-01-22 17:50:42 - [TEST_STEP][PASSED] - strNetVol = strNetVol.replace(",", ""): null

2024-01-22 17:50:42 - [TEST_STEP][PASSED] - strNetVal = getText(findTestObject("Stockbit/Bandarmology_NetVal")): Text of object 'Object Repository/Stockbit/Bandarmology_NetVal' is: '0 B'

2024-01-22 17:50:42 - [MESSAGE][PASSED] - Text of object 'Object Repository/Stockbit/Bandarmology_NetVal' is: '0 B'

2024-01-22 17:50:42 - [TEST_STEP][PASSED] - delay(3): Delayed 3 second(s)

2024-01-22 17:50:46 - [MESSAGE][PASSED] - Delayed 3 second(s)

2024-01-22 17:50:46 - [TEST_STEP][PASSED] - strOpenPrice = getText(findTestObject("Stockbit/Home_OpenPrice")): Text of object 'Object Repository/Stockbit/Home_OpenPrice' is: '50'

2024-01-22 17:50:46 - [MESSAGE][PASSED] - Text of object 'Object Repository/Stockbit/Home_OpenPrice' is: '50'

2024-01-22 17:50:46 - [TEST_STEP][PASSED] - strOpenPrice = strOpenPrice.replace(",", ""): null

2024-01-22 17:50:46 - [TEST_STEP][PASSED] - strLowPrice = getText(findTestObject("Stockbit/Home_LowPrice")): Text of object 'Object Repository/Stockbit/Home_LowPrice' is: '50'

2024-01-22 17:50:46 - [MESSAGE][PASSED] - Text of object 'Object Repository/Stockbit/Home_LowPrice' is: '50'

2024-01-22 17:50:46 - [TEST_STEP][PASSED] - strLowPrice = strLowPrice.replace(",", ""): null

2024-01-22 17:50:46 - [TEST_STEP][PASSED] - strHighPrice = getText(findTestObject("Stockbit/Home_HighPrice")): Text of object 'Object Repository/Stockbit/Home_HighPrice' is: '50'

2024-01-22 17:50:46 - [MESSAGE][PASSED] - Text of object 'Object Repository/Stockbit/Home_HighPrice' is: '50'

2024-01-22 17:50:46 - [TEST_STEP][PASSED] - strHighPrice = strHighPrice.replace(",", ""): null

2024-01-22 17:50:46 - [TEST_STEP][PASSED] - strClosePrice = getText(findTestObject("Stockbit/Home_ClosePrice")): Text of object 'Object Repository/Stockbit/Home_ClosePrice' is: '50'

2024-01-22 17:50:46 - [MESSAGE][PASSED] - Text of object 'Object Repository/Stockbit/Home_ClosePrice' is: '50'

2024-01-22 17:50:46 - [TEST_STEP][PASSED] - strClosePrice = strClosePrice.replace(",", ""): null

2024-01-22 17:50:46 - [TEST_STEP][PASSED] - strVol = getText(findTestObject("Stockbit/Home_Volume")): Text of object 'Object Repository/Stockbit/Home_Volume' is: '2 K'

2024-01-22 17:50:46 - [MESSAGE][PASSED] - Text of object 'Object Repository/Stockbit/Home_Volume' is: '2 K'

2024-01-22 17:50:46 - [TEST_STEP][PASSED] - if (strVol.contains(" K")): null

2024-01-22 17:50:46 - [TEST_STEP][PASSED] - strVol = strVol.replace(" K", "000"): null

2024-01-22 17:50:46 - [TEST_STEP][PASSED] - if (strVol.contains(",")): null

2024-01-22 17:50:46 - [TEST_STEP][PASSED] - strChange = getText(findTestObject("Stockbit/Home_Change")): Text of object 'Object Repository/Stockbit/Home_Change' is: '0.00%'

2024-01-22 17:50:46 - [MESSAGE][PASSED] - Text of object 'Object Repository/Stockbit/Home_Change' is: '0.00%'

2024-01-22 17:50:46 - [TEST_STEP][PASSED] - strChange = strChange.replace("%", ""): null

2024-01-22 17:50:46 - [TEST_STEP][PASSED] - strFreq = getText(findTestObject("Stockbit/Home_Freq")): Text of object 'Object Repository/Stockbit/Home_Freq' is: '26'

2024-01-22 17:50:47 - [MESSAGE][PASSED] - Text of object 'Object Repository/Stockbit/Home_Freq' is: '26'

2024-01-22 17:50:47 - [TEST_STEP][PASSED] - if (strFreq.contains(",")): null

2024-01-22 17:50:47 - [TEST_STEP][PASSED] - if (strFreq == "NA" || strFreq == ""): null

2024-01-22 17:50:47 - [TEST_STEP][PASSED] - else: null

2024-01-22 17:50:47 - [TEST_STEP][PASSED] - dblFreqAnal = strVol.toDouble() / strFreq.toDouble() * strFreq.toDouble() * strFreq.toDouble() * 100000000: null

2024-01-22 17:50:47 - [TEST_STEP][PASSED] - strFreqAnal = String.format("%.4f", dblFreqAnal): null

2024-01-22 17:50:47 - [TEST_STEP][PASSED] - out.println("Double strFreqAnal: " + strFreqAnal): null

2024-01-22 17:50:47 - [TEST_STEP][PASSED] - strTanggal = d.format(DateTimeFormatter.ofPattern("yyyy-MM-dd")): null

2024-01-22 17:50:47 - [TEST_STEP][PASSED] - strTanggal = "#" + strTanggal + "#": null

2024-01-22 17:50:47 - [TEST_STEP][PASSED] - strSQL = "select count(*) as JumBaris from TblBrokSum where Nama = '" + strNama + "' and Tanggal = " + strTanggal + "": null

2024-01-22 17:50:47 - [TEST_STEP][PASSED] - resultSet = statement.executeQuery(strSQL): null

2024-01-22 17:50:47 - [TEST_STEP][PASSED] - resultSet.next(): null

2024-01-22 17:50:47 - [TEST_STEP][PASSED] - intJumBaris = resultSet.getInt("JumBaris"): null

2024-01-22 17:50:47 - [TEST_STEP][PASSED] - if (intJumBaris > 0): null

2024-01-22 17:50:47 - [TEST_STEP][PASSED] - else: null

2024-01-22 17:50:47 - [TEST_STEP][PASSED] - try: null

2024-01-22 17:50:47 - [TEST_STEP][PASSED] - out.println("Insert data"): null

2024-01-22 17:50:47 - [TEST_STEP][PASSED] - strSQL = "insert into TblBrokSum (nama, tanggal, top1, top2, top3, AllBrokAvg, AccDist, AvgRP, " + "Buyer1, BuyerVal1, BuyerAvg1, Seller1, SellerVal1, SellerAvg1, Buyer2, BuyerVal2, BuyerAvg2, " + "Seller2, SellerVal2, SellerAvg2, Buyer3, BuyerVal3, BuyerAvg3, Seller3, SellerVal3, SellerAvg3, NetVol, NetVal, " + "OpenPrice, LowPrice, HighPrice, ClosePrice, Volume, Change, Frekuensi, FrekAnal) " + "values ('" + strNama + "', " + strTanggal + ", '" + strTop1 + "', '" + strTop3 + "', '" + strTop5 + "', " + "'" + strAllBrokAvg + "', '" + strAccDist + "', " + intAvgRP + ", '" + strBuyer1 + "', '" + strBuyerVol1 + "', " + strBuyerAvg1 + ", " + "'" + strSeller1 + "', '" + strSellerVol1 + "', " + strSellerAvg1 + ", '" + strBuyer2 + "', '" + strBuyerVol2 + "', " + strBuyerAvg2 + ", " + "'" + strSeller2 + "', '" + strSellerVol2 + "', " + strSellerAvg2 + ", '" + strBuyer3 + "', '" + strBuyerVol3 + "', " + strBuyerAvg3 + ", " + "'" + strSeller3 + "', '" + strSellerVol3 + "', " + strSellerAvg3 + ", " + strNetVol + ", '" + strNetVal + "', " + "" + strOpenPrice + ", " + strLowPrice + ", " + strHighPrice + ", " + strClosePrice + ", '" + strVol + "', " + strChange + ", " + strFreq + ", " + strFreqAnal + ");": null

2024-01-22 17:50:47 - [TEST_STEP][PASSED] - out.println("strSQL = " + strSQL): null

2024-01-22 17:50:47 - [TEST_STEP][PASSED] - statement.executeUpdate(strSQL): null

2024-01-22 17:50:47 - [TEST_STEP][PASSED] - setValueToCellByIndex(sheet01, rowIndex, 4, "DONE"): null

2024-01-22 17:50:47 - [TEST_STEP][PASSED] - saveWorkbook(excelFilePath, workbook01): null

2024-01-22 17:50:47 - [TEST_STEP][PASSED] - waitForElementClickable(findTestObject("Stockbit/menu_Bandarmology"), 10): Object 'Object Repository/Stockbit/menu_Bandarmology' is clickable

2024-01-22 17:50:47 - [MESSAGE][PASSED] - Object 'Object Repository/Stockbit/menu_Bandarmology' is clickable

2024-01-22 17:50:47 - [TEST_STEP][PASSED] - click(findTestObject("Stockbit/menu_Bandarmology")): Object: 'Object Repository/Stockbit/menu_Bandarmology' is clicked on

2024-01-22 17:50:47 - [MESSAGE][PASSED] - Object: 'Object Repository/Stockbit/menu_Bandarmology' is clicked on

2024-01-22 17:50:47 - [TEST_STEP][PASSED] - strTemp = "NA": null

2024-01-22 17:50:47 - [TEST_STEP][PASSED] - if (getCellValueByIndex(sheet01, rowIndex, 4) != "DONE"): Object: 'Object Repository/Stockbit/menu_Bandarmology' is clicked on

2024-01-22 17:50:47 - [TEST_STEP][PASSED] - strNama = getCellValueByIndex(sheet01, rowIndex, 0): null

2024-01-22 17:50:47 - [TEST_STEP][PASSED] - navigateToUrl("https://stockbit.com/#/symbol/" + strNama): Navigate to 'https://stockbit.com/#/symbol/UFOE' successfully

2024-01-22 17:50:49 - [MESSAGE][PASSED] - Navigate to 'https://stockbit.com/#/symbol/UFOE' successfully

2024-01-22 17:50:49 - [TEST_STEP][PASSED] - waitForElementClickable(findTestObject("Stockbit/menu_Bandarmology"), 10): Object 'Object Repository/Stockbit/menu_Bandarmology' is clickable

2024-01-22 17:50:49 - [MESSAGE][PASSED] - Object 'Object Repository/Stockbit/menu_Bandarmology' is clickable

2024-01-22 17:50:49 - [TEST_STEP][PASSED] - click(findTestObject("Stockbit/menu_Bandarmology")): Object: 'Object Repository/Stockbit/menu_Bandarmology' is clicked on

2024-01-22 17:50:50 - [MESSAGE][PASSED] - Object: 'Object Repository/Stockbit/menu_Bandarmology' is clicked on

2024-01-22 17:50:50 - [TEST_STEP][PASSED] - strTanggal = d.format(DateTimeFormatter.ofPattern("MMM dd, yyyy")): null

2024-01-22 17:50:50 - [TEST_STEP][PASSED] - strTanggal = d.format(ISO_DATE): null

2024-01-22 17:50:50 - [TEST_STEP][PASSED] - out.println("strTanggal = " + strTanggal): null

2024-01-22 17:50:50 - [TEST_STEP][PASSED] - out.println("strNama = " + strNama): null

2024-01-22 17:50:50 - [TEST_STEP][PASSED] - out.println("Baris ke = " + rowIndex): null

2024-01-22 17:50:50 - [TEST_STEP][PASSED] - click(findTestObject("Stockbit/input__BandarmologyOpenStartDate")): Object: 'Object Repository/Stockbit/input__BandarmologyOpenStartDate' is clicked on

2024-01-22 17:50:51 - [MESSAGE][PASSED] - Object: 'Object Repository/Stockbit/input__BandarmologyOpenStartDate' is clicked on

2024-01-22 17:50:51 - [TEST_STEP][PASSED] - sendKeys(findTestObject("Stockbit/input__BandarmologyOpenStartDate"), Keys.chord(CONTROL, "a")): Keys 'CONTROL + a' sent to object: 'Object Repository/Stockbit/input__BandarmologyOpenStartDate'

2024-01-22 17:50:52 - [MESSAGE][PASSED] - Keys 'CONTROL + a' sent to object: 'Object Repository/Stockbit/input__BandarmologyOpenStartDate'

2024-01-22 17:50:52 - [TEST_STEP][PASSED] - sendKeys(findTestObject("Stockbit/input__BandarmologyOpenStartDate"), Keys.chord(BACK_SPACE)): Keys 'BACK_SPACE + ' sent to object: 'Object Repository/Stockbit/input__BandarmologyOpenStartDate'

2024-01-22 17:50:52 - [MESSAGE][PASSED] - Keys 'BACK_SPACE + ' sent to object: 'Object Repository/Stockbit/input__BandarmologyOpenStartDate'

2024-01-22 17:50:52 - [TEST_STEP][PASSED] - setText(findTestObject("Stockbit/input__BandarmologyOpenStartDate"), strTanggal): Text '2024-01-22' is set on object 'Object Repository/Stockbit/input__BandarmologyOpenStartDate'

2024-01-22 17:50:53 - [MESSAGE][PASSED] - Text '2024-01-22' is set on object 'Object Repository/Stockbit/input__BandarmologyOpenStartDate'

2024-01-22 17:50:53 - [TEST_STEP][PASSED] - sendKeys(findTestObject("Stockbit/input__BandarmologyOpenStartDate"), Keys.chord(ENTER)): Keys 'ENTER + ' sent to object: 'Object Repository/Stockbit/input__BandarmologyOpenStartDate'

2024-01-22 17:50:53 - [MESSAGE][PASSED] - Keys 'ENTER + ' sent to object: 'Object Repository/Stockbit/input__BandarmologyOpenStartDate'

2024-01-22 17:50:53 - [TEST_STEP][PASSED] - click(findTestObject("Stockbit/input__BandarmologyOpenEndDate")): Object: 'Object Repository/Stockbit/input__BandarmologyOpenEndDate' is clicked on

2024-01-22 17:50:54 - [MESSAGE][PASSED] - Object: 'Object Repository/Stockbit/input__BandarmologyOpenEndDate' is clicked on

2024-01-22 17:50:54 - [TEST_STEP][PASSED] - sendKeys(findTestObject("Stockbit/input__BandarmologyOpenEndDate"), Keys.chord(CONTROL, "a")): Keys 'CONTROL + a' sent to object: 'Object Repository/Stockbit/input__BandarmologyOpenEndDate'

2024-01-22 17:50:54 - [MESSAGE][PASSED] - Keys 'CONTROL + a' sent to object: 'Object Repository/Stockbit/input__BandarmologyOpenEndDate'

2024-01-22 17:50:54 - [TEST_STEP][PASSED] - sendKeys(findTestObject("Stockbit/input__BandarmologyOpenEndDate"), Keys.chord(BACK_SPACE)): Keys 'BACK_SPACE + ' sent to object: 'Object Repository/Stockbit/input__BandarmologyOpenEndDate'

2024-01-22 17:50:55 - [MESSAGE][PASSED] - Keys 'BACK_SPACE + ' sent to object: 'Object Repository/Stockbit/input__BandarmologyOpenEndDate'

2024-01-22 17:50:55 - [TEST_STEP][PASSED] - setText(findTestObject("Stockbit/input__BandarmologyOpenEndDate"), strTanggal): Text '2024-01-22' is set on object 'Object Repository/Stockbit/input__BandarmologyOpenEndDate'

2024-01-22 17:50:55 - [MESSAGE][PASSED] - Text '2024-01-22' is set on object 'Object Repository/Stockbit/input__BandarmologyOpenEndDate'

2024-01-22 17:50:55 - [TEST_STEP][PASSED] - sendKeys(findTestObject("Stockbit/input__BandarmologyOpenEndDate"), Keys.chord(ENTER)): Keys 'ENTER + ' sent to object: 'Object Repository/Stockbit/input__BandarmologyOpenEndDate'

2024-01-22 17:50:56 - [MESSAGE][PASSED] - Keys 'ENTER + ' sent to object: 'Object Repository/Stockbit/input__BandarmologyOpenEndDate'

2024-01-22 17:50:56 - [TEST_STEP][PASSED] - delay(2): Delayed 2 second(s)

2024-01-22 17:50:58 - [MESSAGE][PASSED] - Delayed 2 second(s)

2024-01-22 17:50:58 - [TEST_STEP][PASSED] - strTemp = getText(findTestObject("Stockbit/Bandarmology_AvgRP")): Text of object 'Object Repository/Stockbit/Bandarmology_AvgRP' is: '214'

2024-01-22 17:50:58 - [MESSAGE][PASSED] - Text of object 'Object Repository/Stockbit/Bandarmology_AvgRP' is: '214'

2024-01-22 17:50:58 - [TEST_STEP][PASSED] - out.println("Bandarmology_AvgRP = " + strTemp): null

2024-01-22 17:50:58 - [TEST_STEP][PASSED] - if (strTemp != "0"): null

2024-01-22 17:50:58 - [TEST_STEP][PASSED] - strTop1 = getText(findTestObject("Stockbit/Bandarmology_Top1")): Text of object 'Object Repository/Stockbit/Bandarmology_Top1' is: 'Big Acc'

2024-01-22 17:50:58 - [MESSAGE][PASSED] - Text of object 'Object Repository/Stockbit/Bandarmology_Top1' is: 'Big Acc'

2024-01-22 17:50:58 - [TEST_STEP][PASSED] - strTop3 = getText(findTestObject("Stockbit/Bandarmology_Top3")): Text of object 'Object Repository/Stockbit/Bandarmology_Top3' is: 'Big Acc'

2024-01-22 17:50:58 - [MESSAGE][PASSED] - Text of object 'Object Repository/Stockbit/Bandarmology_Top3' is: 'Big Acc'

2024-01-22 17:50:58 - [TEST_STEP][PASSED] - strTop5 = getText(findTestObject("Stockbit/Bandarmology_Top5")): Text of object 'Object Repository/Stockbit/Bandarmology_Top5' is: 'Small Acc'

2024-01-22 17:50:58 - [MESSAGE][PASSED] - Text of object 'Object Repository/Stockbit/Bandarmology_Top5' is: 'Small Acc'

2024-01-22 17:50:58 - [TEST_STEP][PASSED] - strAllBrokAvg = getText(findTestObject("Stockbit/Bandarmology_TopAVG")): Text of object 'Object Repository/Stockbit/Bandarmology_TopAVG' is: 'Normal Acc'

2024-01-22 17:50:58 - [MESSAGE][PASSED] - Text of object 'Object Repository/Stockbit/Bandarmology_TopAVG' is: 'Normal Acc'

2024-01-22 17:50:58 - [TEST_STEP][PASSED] - strTemp = getText(findTestObject("Stockbit/Bandarmology_AvgRP")): Text of object 'Object Repository/Stockbit/Bandarmology_AvgRP' is: '214'

2024-01-22 17:50:58 - [MESSAGE][PASSED] - Text of object 'Object Repository/Stockbit/Bandarmology_AvgRP' is: '214'

2024-01-22 17:50:58 - [TEST_STEP][PASSED] - if (strTemp.contains(",")): null

2024-01-22 17:50:58 - [TEST_STEP][PASSED] - intAvgRP = strTemp.toInteger(): null

2024-01-22 17:50:58 - [TEST_STEP][PASSED] - strBuyer1 = getText(findTestObject("Stockbit/Bandarmology_Buyer1")): Text of object 'Object Repository/Stockbit/Bandarmology_Buyer1' is: 'EP'

2024-01-22 17:50:58 - [MESSAGE][PASSED] - Text of object 'Object Repository/Stockbit/Bandarmology_Buyer1' is: 'EP'

2024-01-22 17:50:58 - [TEST_STEP][PASSED] - strBuyerVol1 = getText(findTestObject("Stockbit/Bandarmology_BuyerVol1")): Text of object 'Object Repository/Stockbit/Bandarmology_BuyerVol1' is: '3.5 K'

2024-01-22 17:50:59 - [MESSAGE][PASSED] - Text of object 'Object Repository/Stockbit/Bandarmology_BuyerVol1' is: '3.5 K'

2024-01-22 17:50:59 - [TEST_STEP][PASSED] - strBuyerAvg1 = getText(findTestObject("Stockbit/Bandarmology_BuyerAvg1")): Text of object 'Object Repository/Stockbit/Bandarmology_BuyerAvg1' is: '216'

2024-01-22 17:50:59 - [MESSAGE][PASSED] - Text of object 'Object Repository/Stockbit/Bandarmology_BuyerAvg1' is: '216'

2024-01-22 17:50:59 - [TEST_STEP][PASSED] - if (strBuyerAvg1.contains(",")): null

2024-01-22 17:50:59 - [TEST_STEP][PASSED] - if (strBuyerVol1.contains(" B")): null

2024-01-22 17:50:59 - [TEST_STEP][PASSED] - else if (strBuyerVol1.contains(" M")): null

2024-01-22 17:50:59 - [TEST_STEP][PASSED] - else if (strBuyerVol1.contains(" K")): null

2024-01-22 17:50:59 - [TEST_STEP][PASSED] - strBuyerVol1 = strBuyerVol1.replace(" K", ""): null

2024-01-22 17:50:59 - [TEST_STEP][PASSED] - strBuyerVol1 = strBuyerVol1.toDouble() * 1000: null

2024-01-22 17:50:59 - [TEST_STEP][PASSED] - strSeller1 = getText(findTestObject("Stockbit/Bandarmology_Seller1")): Text of object 'Object Repository/Stockbit/Bandarmology_Seller1' is: 'YJ'

2024-01-22 17:50:59 - [MESSAGE][PASSED] - Text of object 'Object Repository/Stockbit/Bandarmology_Seller1' is: 'YJ'

2024-01-22 17:50:59 - [TEST_STEP][PASSED] - strSellerVol1 = getText(findTestObject("Stockbit/Bandarmology_SellerVol1")): Text of object 'Object Repository/Stockbit/Bandarmology_SellerVol1' is: '2 K'

2024-01-22 17:50:59 - [MESSAGE][PASSED] - Text of object 'Object Repository/Stockbit/Bandarmology_SellerVol1' is: '2 K'

2024-01-22 17:50:59 - [TEST_STEP][PASSED] - strSellerAvg1 = getText(findTestObject("Stockbit/Bandarmology_SellerAvg1")): Text of object 'Object Repository/Stockbit/Bandarmology_SellerAvg1' is: '216'

2024-01-22 17:50:59 - [MESSAGE][PASSED] - Text of object 'Object Repository/Stockbit/Bandarmology_SellerAvg1' is: '216'

2024-01-22 17:50:59 - [TEST_STEP][PASSED] - if (strSellerAvg1.contains(",")): null

2024-01-22 17:50:59 - [TEST_STEP][PASSED] - if (strSellerVol1.contains(" B")): null

2024-01-22 17:50:59 - [TEST_STEP][PASSED] - else if (strSellerVol1.contains(" M")): null

2024-01-22 17:50:59 - [TEST_STEP][PASSED] - else if (strSellerVol1.contains(" K")): null

2024-01-22 17:50:59 - [TEST_STEP][PASSED] - strSellerVol1 = strSellerVol1.replace(" K", ""): null

2024-01-22 17:50:59 - [TEST_STEP][PASSED] - strSellerVol1 = strSellerVol1.toDouble() * 1000: null

2024-01-22 17:50:59 - [TEST_STEP][PASSED] - if (verifyElementNotPresent(findTestObject("Stockbit/Bandarmology_Buyer2"), 1, OPTIONAL)): Web element with id: 'Object Repository/Stockbit/Bandarmology_Buyer2' located by 'By.xpath: //*[contains(@id, 'rc-tabs-')]/div[2]/div/div/div/div/div/div[2]/table/tbody/tr[3]/td[1]/p' is present after '1' second(s) (Root cause: com.kms.katalon.core.exception.StepFailedException: Web element with id: 'Object Repository/Stockbit/Bandarmology_Buyer2' located by 'By.xpath: //*[contains(@id, 'rc-tabs-')]/div[2]/div/div/div/div/div/div[2]/table/tbody/tr[3]/td[1]/p' is present after '1' second(s)
	at com.kms.katalon.core.webui.keyword.internal.WebUIKeywordMain.stepFailed(WebUIKeywordMain.groovy:64)
	at com.kms.katalon.core.webui.keyword.internal.WebUIKeywordMain$stepFailed$0.call(Unknown Source)
	at com.kms.katalon.core.webui.keyword.builtin.VerifyElementNotPresentKeyword$_verifyElementNotPresent_closure1.doCall(VerifyElementNotPresentKeyword.groovy:106)
	at com.kms.katalon.core.webui.keyword.builtin.VerifyElementNotPresentKeyword$_verifyElementNotPresent_closure1.doCall(VerifyElementNotPresentKeyword.groovy)
	at com.kms.katalon.core.webui.keyword.internal.WebUIKeywordMain.runKeyword(WebUIKeywordMain.groovy:20)
	at com.kms.katalon.core.webui.keyword.internal.WebUIKeywordMain$runKeyword.call(Unknown Source)
	at com.kms.katalon.core.webui.keyword.builtin.VerifyElementNotPresentKeyword.verifyElementNotPresent(VerifyElementNotPresentKeyword.groovy:117)
	at com.kms.katalon.core.webui.keyword.builtin.VerifyElementNotPresentKeyword.execute(VerifyElementNotPresentKeyword.groovy:68)
	at com.kms.katalon.core.keyword.internal.KeywordExecutor.executeKeywordForPlatform(KeywordExecutor.groovy:74)
	at com.kms.katalon.core.webui.keyword.WebUiBuiltInKeywords.verifyElementNotPresent(WebUiBuiltInKeywords.groovy:1481)
	at com.kms.katalon.core.webui.keyword.WebUiBuiltInKeywords$verifyElementNotPresent$8.call(Unknown Source)
	at GetBrokSumPriceDaily.run(GetBrokSumPriceDaily:258)
	at com.kms.katalon.core.main.ScriptEngine.run(ScriptEngine.java:194)
	at com.kms.katalon.core.main.ScriptEngine.runScriptAsRawText(ScriptEngine.java:119)
	at com.kms.katalon.core.main.TestCaseExecutor.runScript(TestCaseExecutor.java:445)
	at com.kms.katalon.core.main.TestCaseExecutor.doExecute(TestCaseExecutor.java:436)
	at com.kms.katalon.core.main.TestCaseExecutor.processExecutionPhase(TestCaseExecutor.java:415)
	at com.kms.katalon.core.main.TestCaseExecutor.accessMainPhase(TestCaseExecutor.java:407)
	at com.kms.katalon.core.main.TestCaseExecutor.execute(TestCaseExecutor.java:284)
	at com.kms.katalon.core.common.CommonExecutor.accessTestCaseMainPhase(CommonExecutor.java:65)
	at com.kms.katalon.core.main.TestSuiteExecutor.accessTestSuiteMainPhase(TestSuiteExecutor.java:144)
	at com.kms.katalon.core.main.TestSuiteExecutor.execute(TestSuiteExecutor.java:106)
	at com.kms.katalon.core.main.TestCaseMain.startTestSuite(TestCaseMain.java:185)
	at com.kms.katalon.core.main.TestCaseMain$startTestSuite$0.call(Unknown Source)
	at TempTestSuite1705920083951.run(TempTestSuite1705920083951.groovy:36)
)

2024-01-22 17:51:00 - [MESSAGE][WARNING] - Web element with id: 'Object Repository/Stockbit/Bandarmology_Buyer2' located by 'By.xpath: //*[contains(@id, 'rc-tabs-')]/div[2]/div/div/div/div/div/div[2]/table/tbody/tr[3]/td[1]/p' is present after '1' second(s) (Root cause: com.kms.katalon.core.exception.StepFailedException: Web element with id: 'Object Repository/Stockbit/Bandarmology_Buyer2' located by 'By.xpath: //*[contains(@id, 'rc-tabs-')]/div[2]/div/div/div/div/div/div[2]/table/tbody/tr[3]/td[1]/p' is present after '1' second(s)
	at com.kms.katalon.core.webui.keyword.internal.WebUIKeywordMain.stepFailed(WebUIKeywordMain.groovy:64)
	at com.kms.katalon.core.webui.keyword.internal.WebUIKeywordMain$stepFailed$0.call(Unknown Source)
	at com.kms.katalon.core.webui.keyword.builtin.VerifyElementNotPresentKeyword$_verifyElementNotPresent_closure1.doCall(VerifyElementNotPresentKeyword.groovy:106)
	at com.kms.katalon.core.webui.keyword.builtin.VerifyElementNotPresentKeyword$_verifyElementNotPresent_closure1.doCall(VerifyElementNotPresentKeyword.groovy)
	at com.kms.katalon.core.webui.keyword.internal.WebUIKeywordMain.runKeyword(WebUIKeywordMain.groovy:20)
	at com.kms.katalon.core.webui.keyword.internal.WebUIKeywordMain$runKeyword.call(Unknown Source)
	at com.kms.katalon.core.webui.keyword.builtin.VerifyElementNotPresentKeyword.verifyElementNotPresent(VerifyElementNotPresentKeyword.groovy:117)
	at com.kms.katalon.core.webui.keyword.builtin.VerifyElementNotPresentKeyword.execute(VerifyElementNotPresentKeyword.groovy:68)
	at com.kms.katalon.core.keyword.internal.KeywordExecutor.executeKeywordForPlatform(KeywordExecutor.groovy:74)
	at com.kms.katalon.core.webui.keyword.WebUiBuiltInKeywords.verifyElementNotPresent(WebUiBuiltInKeywords.groovy:1481)
	at com.kms.katalon.core.webui.keyword.WebUiBuiltInKeywords$verifyElementNotPresent$8.call(Unknown Source)
	at GetBrokSumPriceDaily.run(GetBrokSumPriceDaily:258)
	at com.kms.katalon.core.main.ScriptEngine.run(ScriptEngine.java:194)
	at com.kms.katalon.core.main.ScriptEngine.runScriptAsRawText(ScriptEngine.java:119)
	at com.kms.katalon.core.main.TestCaseExecutor.runScript(TestCaseExecutor.java:445)
	at com.kms.katalon.core.main.TestCaseExecutor.doExecute(TestCaseExecutor.java:436)
	at com.kms.katalon.core.main.TestCaseExecutor.processExecutionPhase(TestCaseExecutor.java:415)
	at com.kms.katalon.core.main.TestCaseExecutor.accessMainPhase(TestCaseExecutor.java:407)
	at com.kms.katalon.core.main.TestCaseExecutor.execute(TestCaseExecutor.java:284)
	at com.kms.katalon.core.common.CommonExecutor.accessTestCaseMainPhase(CommonExecutor.java:65)
	at com.kms.katalon.core.main.TestSuiteExecutor.accessTestSuiteMainPhase(TestSuiteExecutor.java:144)
	at com.kms.katalon.core.main.TestSuiteExecutor.execute(TestSuiteExecutor.java:106)
	at com.kms.katalon.core.main.TestCaseMain.startTestSuite(TestCaseMain.java:185)
	at com.kms.katalon.core.main.TestCaseMain$startTestSuite$0.call(Unknown Source)
	at TempTestSuite1705920083951.run(TempTestSuite1705920083951.groovy:36)
)
[[ATTACHMENT|C:\\Users\\Fadli\\git\\KatalonDailyGetData2\\Reports\\20240122_174123\\TS1\\20240122_174123\\1705920660772.png]]

2024-01-22 17:51:00 - [TEST_STEP][PASSED] - else: null

2024-01-22 17:51:00 - [TEST_STEP][PASSED] - strBuyer2 = getText(findTestObject("Stockbit/Bandarmology_Buyer2")): Text of object 'Object Repository/Stockbit/Bandarmology_Buyer2' is: 'PC'

2024-01-22 17:51:01 - [MESSAGE][PASSED] - Text of object 'Object Repository/Stockbit/Bandarmology_Buyer2' is: 'PC'

2024-01-22 17:51:01 - [TEST_STEP][PASSED] - strBuyerVol2 = getText(findTestObject("Stockbit/Bandarmology_BuyerVol2")): Text of object 'Object Repository/Stockbit/Bandarmology_BuyerVol2' is: '2.8 K'

2024-01-22 17:51:01 - [MESSAGE][PASSED] - Text of object 'Object Repository/Stockbit/Bandarmology_BuyerVol2' is: '2.8 K'

2024-01-22 17:51:01 - [TEST_STEP][PASSED] - strBuyerAvg2 = getText(findTestObject("Stockbit/Bandarmology_BuyerAvg2")): Text of object 'Object Repository/Stockbit/Bandarmology_BuyerAvg2' is: '212'

2024-01-22 17:51:01 - [MESSAGE][PASSED] - Text of object 'Object Repository/Stockbit/Bandarmology_BuyerAvg2' is: '212'

2024-01-22 17:51:01 - [TEST_STEP][PASSED] - if (strBuyer2 != ""): null

2024-01-22 17:51:01 - [TEST_STEP][PASSED] - if (strBuyerAvg2.contains(",")): null

2024-01-22 17:51:01 - [TEST_STEP][PASSED] - if (strBuyerVol2.contains(" B")): null

2024-01-22 17:51:01 - [TEST_STEP][PASSED] - else if (strBuyerVol2.contains(" M")): null

2024-01-22 17:51:01 - [TEST_STEP][PASSED] - else if (strBuyerVol2.contains(" K")): null

2024-01-22 17:51:01 - [TEST_STEP][PASSED] - strBuyerVol2 = strBuyerVol2.replace(" K", ""): null

2024-01-22 17:51:01 - [TEST_STEP][PASSED] - strBuyerVol2 = strBuyerVol2.toDouble() * 1000: null

2024-01-22 17:51:01 - [TEST_STEP][PASSED] - if (strBuyerVol2.contains(".")): null

2024-01-22 17:51:01 - [TEST_STEP][PASSED] - strBuyerVal2 = strBuyerVol2.replace(".", ""): null

2024-01-22 17:51:01 - [TEST_STEP][PASSED] - if (verifyElementNotPresent(findTestObject("Stockbit/Bandarmology_Seller2"), 1, OPTIONAL)): Web element with id: 'Object Repository/Stockbit/Bandarmology_Seller2' located by 'By.xpath: //*[contains(@id, 'rc-tabs-')]/div[2]/div/div/div/div/div/div[2]/table/tbody/tr[3]/td[5]/p' is present after '1' second(s) (Root cause: com.kms.katalon.core.exception.StepFailedException: Web element with id: 'Object Repository/Stockbit/Bandarmology_Seller2' located by 'By.xpath: //*[contains(@id, 'rc-tabs-')]/div[2]/div/div/div/div/div/div[2]/table/tbody/tr[3]/td[5]/p' is present after '1' second(s)
	at com.kms.katalon.core.webui.keyword.internal.WebUIKeywordMain.stepFailed(WebUIKeywordMain.groovy:64)
	at com.kms.katalon.core.webui.keyword.internal.WebUIKeywordMain$stepFailed$0.call(Unknown Source)
	at com.kms.katalon.core.webui.keyword.builtin.VerifyElementNotPresentKeyword$_verifyElementNotPresent_closure1.doCall(VerifyElementNotPresentKeyword.groovy:106)
	at com.kms.katalon.core.webui.keyword.builtin.VerifyElementNotPresentKeyword$_verifyElementNotPresent_closure1.doCall(VerifyElementNotPresentKeyword.groovy)
	at com.kms.katalon.core.webui.keyword.internal.WebUIKeywordMain.runKeyword(WebUIKeywordMain.groovy:20)
	at com.kms.katalon.core.webui.keyword.internal.WebUIKeywordMain$runKeyword.call(Unknown Source)
	at com.kms.katalon.core.webui.keyword.builtin.VerifyElementNotPresentKeyword.verifyElementNotPresent(VerifyElementNotPresentKeyword.groovy:117)
	at com.kms.katalon.core.webui.keyword.builtin.VerifyElementNotPresentKeyword.execute(VerifyElementNotPresentKeyword.groovy:68)
	at com.kms.katalon.core.keyword.internal.KeywordExecutor.executeKeywordForPlatform(KeywordExecutor.groovy:74)
	at com.kms.katalon.core.webui.keyword.WebUiBuiltInKeywords.verifyElementNotPresent(WebUiBuiltInKeywords.groovy:1481)
	at com.kms.katalon.core.webui.keyword.WebUiBuiltInKeywords$verifyElementNotPresent$8.call(Unknown Source)
	at GetBrokSumPriceDaily.run(GetBrokSumPriceDaily:309)
	at com.kms.katalon.core.main.ScriptEngine.run(ScriptEngine.java:194)
	at com.kms.katalon.core.main.ScriptEngine.runScriptAsRawText(ScriptEngine.java:119)
	at com.kms.katalon.core.main.TestCaseExecutor.runScript(TestCaseExecutor.java:445)
	at com.kms.katalon.core.main.TestCaseExecutor.doExecute(TestCaseExecutor.java:436)
	at com.kms.katalon.core.main.TestCaseExecutor.processExecutionPhase(TestCaseExecutor.java:415)
	at com.kms.katalon.core.main.TestCaseExecutor.accessMainPhase(TestCaseExecutor.java:407)
	at com.kms.katalon.core.main.TestCaseExecutor.execute(TestCaseExecutor.java:284)
	at com.kms.katalon.core.common.CommonExecutor.accessTestCaseMainPhase(CommonExecutor.java:65)
	at com.kms.katalon.core.main.TestSuiteExecutor.accessTestSuiteMainPhase(TestSuiteExecutor.java:144)
	at com.kms.katalon.core.main.TestSuiteExecutor.execute(TestSuiteExecutor.java:106)
	at com.kms.katalon.core.main.TestCaseMain.startTestSuite(TestCaseMain.java:185)
	at com.kms.katalon.core.main.TestCaseMain$startTestSuite$0.call(Unknown Source)
	at TempTestSuite1705920083951.run(TempTestSuite1705920083951.groovy:36)
)

2024-01-22 17:51:02 - [MESSAGE][WARNING] - Web element with id: 'Object Repository/Stockbit/Bandarmology_Seller2' located by 'By.xpath: //*[contains(@id, 'rc-tabs-')]/div[2]/div/div/div/div/div/div[2]/table/tbody/tr[3]/td[5]/p' is present after '1' second(s) (Root cause: com.kms.katalon.core.exception.StepFailedException: Web element with id: 'Object Repository/Stockbit/Bandarmology_Seller2' located by 'By.xpath: //*[contains(@id, 'rc-tabs-')]/div[2]/div/div/div/div/div/div[2]/table/tbody/tr[3]/td[5]/p' is present after '1' second(s)
	at com.kms.katalon.core.webui.keyword.internal.WebUIKeywordMain.stepFailed(WebUIKeywordMain.groovy:64)
	at com.kms.katalon.core.webui.keyword.internal.WebUIKeywordMain$stepFailed$0.call(Unknown Source)
	at com.kms.katalon.core.webui.keyword.builtin.VerifyElementNotPresentKeyword$_verifyElementNotPresent_closure1.doCall(VerifyElementNotPresentKeyword.groovy:106)
	at com.kms.katalon.core.webui.keyword.builtin.VerifyElementNotPresentKeyword$_verifyElementNotPresent_closure1.doCall(VerifyElementNotPresentKeyword.groovy)
	at com.kms.katalon.core.webui.keyword.internal.WebUIKeywordMain.runKeyword(WebUIKeywordMain.groovy:20)
	at com.kms.katalon.core.webui.keyword.internal.WebUIKeywordMain$runKeyword.call(Unknown Source)
	at com.kms.katalon.core.webui.keyword.builtin.VerifyElementNotPresentKeyword.verifyElementNotPresent(VerifyElementNotPresentKeyword.groovy:117)
	at com.kms.katalon.core.webui.keyword.builtin.VerifyElementNotPresentKeyword.execute(VerifyElementNotPresentKeyword.groovy:68)
	at com.kms.katalon.core.keyword.internal.KeywordExecutor.executeKeywordForPlatform(KeywordExecutor.groovy:74)
	at com.kms.katalon.core.webui.keyword.WebUiBuiltInKeywords.verifyElementNotPresent(WebUiBuiltInKeywords.groovy:1481)
	at com.kms.katalon.core.webui.keyword.WebUiBuiltInKeywords$verifyElementNotPresent$8.call(Unknown Source)
	at GetBrokSumPriceDaily.run(GetBrokSumPriceDaily:309)
	at com.kms.katalon.core.main.ScriptEngine.run(ScriptEngine.java:194)
	at com.kms.katalon.core.main.ScriptEngine.runScriptAsRawText(ScriptEngine.java:119)
	at com.kms.katalon.core.main.TestCaseExecutor.runScript(TestCaseExecutor.java:445)
	at com.kms.katalon.core.main.TestCaseExecutor.doExecute(TestCaseExecutor.java:436)
	at com.kms.katalon.core.main.TestCaseExecutor.processExecutionPhase(TestCaseExecutor.java:415)
	at com.kms.katalon.core.main.TestCaseExecutor.accessMainPhase(TestCaseExecutor.java:407)
	at com.kms.katalon.core.main.TestCaseExecutor.execute(TestCaseExecutor.java:284)
	at com.kms.katalon.core.common.CommonExecutor.accessTestCaseMainPhase(CommonExecutor.java:65)
	at com.kms.katalon.core.main.TestSuiteExecutor.accessTestSuiteMainPhase(TestSuiteExecutor.java:144)
	at com.kms.katalon.core.main.TestSuiteExecutor.execute(TestSuiteExecutor.java:106)
	at com.kms.katalon.core.main.TestCaseMain.startTestSuite(TestCaseMain.java:185)
	at com.kms.katalon.core.main.TestCaseMain$startTestSuite$0.call(Unknown Source)
	at TempTestSuite1705920083951.run(TempTestSuite1705920083951.groovy:36)
)
[[ATTACHMENT|C:\\Users\\Fadli\\git\\KatalonDailyGetData2\\Reports\\20240122_174123\\TS1\\20240122_174123\\1705920662513.png]]

2024-01-22 17:51:02 - [TEST_STEP][PASSED] - else: null

2024-01-22 17:51:02 - [TEST_STEP][PASSED] - strSeller2 = getText(findTestObject("Stockbit/Bandarmology_Seller2")): Text of object 'Object Repository/Stockbit/Bandarmology_Seller2' is: 'BQ'

2024-01-22 17:51:02 - [MESSAGE][PASSED] - Text of object 'Object Repository/Stockbit/Bandarmology_Seller2' is: 'BQ'

2024-01-22 17:51:02 - [TEST_STEP][PASSED] - strSellerVol2 = getText(findTestObject("Stockbit/Bandarmology_SellerVol2")): Text of object 'Object Repository/Stockbit/Bandarmology_SellerVol2' is: '1.9 K'

2024-01-22 17:51:02 - [MESSAGE][PASSED] - Text of object 'Object Repository/Stockbit/Bandarmology_SellerVol2' is: '1.9 K'

2024-01-22 17:51:02 - [TEST_STEP][PASSED] - strSellerAvg2 = getText(findTestObject("Stockbit/Bandarmology_SellerAvg2")): Text of object 'Object Repository/Stockbit/Bandarmology_SellerAvg2' is: '211'

2024-01-22 17:51:03 - [MESSAGE][PASSED] - Text of object 'Object Repository/Stockbit/Bandarmology_SellerAvg2' is: '211'

2024-01-22 17:51:03 - [TEST_STEP][PASSED] - if (strSeller2 != ""): null

2024-01-22 17:51:03 - [TEST_STEP][PASSED] - if (strSellerAvg2.contains(",")): null

2024-01-22 17:51:03 - [TEST_STEP][PASSED] - if (strSellerVol2.contains(" B")): null

2024-01-22 17:51:03 - [TEST_STEP][PASSED] - else if (strSellerVol2.contains(" M")): null

2024-01-22 17:51:03 - [TEST_STEP][PASSED] - else if (strSellerVol2.contains(" K")): null

2024-01-22 17:51:03 - [TEST_STEP][PASSED] - strSellerVol2 = strSellerVol2.replace(" K", ""): null

2024-01-22 17:51:03 - [TEST_STEP][PASSED] - strSellerVol2 = strSellerVol2.toDouble() * 1000: null

2024-01-22 17:51:03 - [TEST_STEP][PASSED] - if (verifyElementNotPresent(findTestObject("Stockbit/Bandarmology_Buyer3"), 1, OPTIONAL)): Web element with id: 'Object Repository/Stockbit/Bandarmology_Buyer3' located by 'By.xpath: //*[contains(@id, 'rc-tabs-')]/div[2]/div/div/div/div/div/div[2]/table/tbody/tr[4]/td[1]/p' is present after '1' second(s) (Root cause: com.kms.katalon.core.exception.StepFailedException: Web element with id: 'Object Repository/Stockbit/Bandarmology_Buyer3' located by 'By.xpath: //*[contains(@id, 'rc-tabs-')]/div[2]/div/div/div/div/div/div[2]/table/tbody/tr[4]/td[1]/p' is present after '1' second(s)
	at com.kms.katalon.core.webui.keyword.internal.WebUIKeywordMain.stepFailed(WebUIKeywordMain.groovy:64)
	at com.kms.katalon.core.webui.keyword.internal.WebUIKeywordMain$stepFailed$0.call(Unknown Source)
	at com.kms.katalon.core.webui.keyword.builtin.VerifyElementNotPresentKeyword$_verifyElementNotPresent_closure1.doCall(VerifyElementNotPresentKeyword.groovy:106)
	at com.kms.katalon.core.webui.keyword.builtin.VerifyElementNotPresentKeyword$_verifyElementNotPresent_closure1.doCall(VerifyElementNotPresentKeyword.groovy)
	at com.kms.katalon.core.webui.keyword.internal.WebUIKeywordMain.runKeyword(WebUIKeywordMain.groovy:20)
	at com.kms.katalon.core.webui.keyword.internal.WebUIKeywordMain$runKeyword.call(Unknown Source)
	at com.kms.katalon.core.webui.keyword.builtin.VerifyElementNotPresentKeyword.verifyElementNotPresent(VerifyElementNotPresentKeyword.groovy:117)
	at com.kms.katalon.core.webui.keyword.builtin.VerifyElementNotPresentKeyword.execute(VerifyElementNotPresentKeyword.groovy:68)
	at com.kms.katalon.core.keyword.internal.KeywordExecutor.executeKeywordForPlatform(KeywordExecutor.groovy:74)
	at com.kms.katalon.core.webui.keyword.WebUiBuiltInKeywords.verifyElementNotPresent(WebUiBuiltInKeywords.groovy:1481)
	at com.kms.katalon.core.webui.keyword.WebUiBuiltInKeywords$verifyElementNotPresent$8.call(Unknown Source)
	at GetBrokSumPriceDaily.run(GetBrokSumPriceDaily:361)
	at com.kms.katalon.core.main.ScriptEngine.run(ScriptEngine.java:194)
	at com.kms.katalon.core.main.ScriptEngine.runScriptAsRawText(ScriptEngine.java:119)
	at com.kms.katalon.core.main.TestCaseExecutor.runScript(TestCaseExecutor.java:445)
	at com.kms.katalon.core.main.TestCaseExecutor.doExecute(TestCaseExecutor.java:436)
	at com.kms.katalon.core.main.TestCaseExecutor.processExecutionPhase(TestCaseExecutor.java:415)
	at com.kms.katalon.core.main.TestCaseExecutor.accessMainPhase(TestCaseExecutor.java:407)
	at com.kms.katalon.core.main.TestCaseExecutor.execute(TestCaseExecutor.java:284)
	at com.kms.katalon.core.common.CommonExecutor.accessTestCaseMainPhase(CommonExecutor.java:65)
	at com.kms.katalon.core.main.TestSuiteExecutor.accessTestSuiteMainPhase(TestSuiteExecutor.java:144)
	at com.kms.katalon.core.main.TestSuiteExecutor.execute(TestSuiteExecutor.java:106)
	at com.kms.katalon.core.main.TestCaseMain.startTestSuite(TestCaseMain.java:185)
	at com.kms.katalon.core.main.TestCaseMain$startTestSuite$0.call(Unknown Source)
	at TempTestSuite1705920083951.run(TempTestSuite1705920083951.groovy:36)
)

2024-01-22 17:51:04 - [MESSAGE][WARNING] - Web element with id: 'Object Repository/Stockbit/Bandarmology_Buyer3' located by 'By.xpath: //*[contains(@id, 'rc-tabs-')]/div[2]/div/div/div/div/div/div[2]/table/tbody/tr[4]/td[1]/p' is present after '1' second(s) (Root cause: com.kms.katalon.core.exception.StepFailedException: Web element with id: 'Object Repository/Stockbit/Bandarmology_Buyer3' located by 'By.xpath: //*[contains(@id, 'rc-tabs-')]/div[2]/div/div/div/div/div/div[2]/table/tbody/tr[4]/td[1]/p' is present after '1' second(s)
	at com.kms.katalon.core.webui.keyword.internal.WebUIKeywordMain.stepFailed(WebUIKeywordMain.groovy:64)
	at com.kms.katalon.core.webui.keyword.internal.WebUIKeywordMain$stepFailed$0.call(Unknown Source)
	at com.kms.katalon.core.webui.keyword.builtin.VerifyElementNotPresentKeyword$_verifyElementNotPresent_closure1.doCall(VerifyElementNotPresentKeyword.groovy:106)
	at com.kms.katalon.core.webui.keyword.builtin.VerifyElementNotPresentKeyword$_verifyElementNotPresent_closure1.doCall(VerifyElementNotPresentKeyword.groovy)
	at com.kms.katalon.core.webui.keyword.internal.WebUIKeywordMain.runKeyword(WebUIKeywordMain.groovy:20)
	at com.kms.katalon.core.webui.keyword.internal.WebUIKeywordMain$runKeyword.call(Unknown Source)
	at com.kms.katalon.core.webui.keyword.builtin.VerifyElementNotPresentKeyword.verifyElementNotPresent(VerifyElementNotPresentKeyword.groovy:117)
	at com.kms.katalon.core.webui.keyword.builtin.VerifyElementNotPresentKeyword.execute(VerifyElementNotPresentKeyword.groovy:68)
	at com.kms.katalon.core.keyword.internal.KeywordExecutor.executeKeywordForPlatform(KeywordExecutor.groovy:74)
	at com.kms.katalon.core.webui.keyword.WebUiBuiltInKeywords.verifyElementNotPresent(WebUiBuiltInKeywords.groovy:1481)
	at com.kms.katalon.core.webui.keyword.WebUiBuiltInKeywords$verifyElementNotPresent$8.call(Unknown Source)
	at GetBrokSumPriceDaily.run(GetBrokSumPriceDaily:361)
	at com.kms.katalon.core.main.ScriptEngine.run(ScriptEngine.java:194)
	at com.kms.katalon.core.main.ScriptEngine.runScriptAsRawText(ScriptEngine.java:119)
	at com.kms.katalon.core.main.TestCaseExecutor.runScript(TestCaseExecutor.java:445)
	at com.kms.katalon.core.main.TestCaseExecutor.doExecute(TestCaseExecutor.java:436)
	at com.kms.katalon.core.main.TestCaseExecutor.processExecutionPhase(TestCaseExecutor.java:415)
	at com.kms.katalon.core.main.TestCaseExecutor.accessMainPhase(TestCaseExecutor.java:407)
	at com.kms.katalon.core.main.TestCaseExecutor.execute(TestCaseExecutor.java:284)
	at com.kms.katalon.core.common.CommonExecutor.accessTestCaseMainPhase(CommonExecutor.java:65)
	at com.kms.katalon.core.main.TestSuiteExecutor.accessTestSuiteMainPhase(TestSuiteExecutor.java:144)
	at com.kms.katalon.core.main.TestSuiteExecutor.execute(TestSuiteExecutor.java:106)
	at com.kms.katalon.core.main.TestCaseMain.startTestSuite(TestCaseMain.java:185)
	at com.kms.katalon.core.main.TestCaseMain$startTestSuite$0.call(Unknown Source)
	at TempTestSuite1705920083951.run(TempTestSuite1705920083951.groovy:36)
)
[[ATTACHMENT|C:\\Users\\Fadli\\git\\KatalonDailyGetData2\\Reports\\20240122_174123\\TS1\\20240122_174123\\1705920664202.png]]

2024-01-22 17:51:04 - [TEST_STEP][PASSED] - else: null

2024-01-22 17:51:04 - [TEST_STEP][PASSED] - strBuyer3 = getText(findTestObject("Stockbit/Bandarmology_Buyer3")): Text of object 'Object Repository/Stockbit/Bandarmology_Buyer3' is: 'HP'

2024-01-22 17:51:04 - [MESSAGE][PASSED] - Text of object 'Object Repository/Stockbit/Bandarmology_Buyer3' is: 'HP'

2024-01-22 17:51:04 - [TEST_STEP][PASSED] - strBuyerVol3 = getText(findTestObject("Stockbit/Bandarmology_BuyerVol3")): Text of object 'Object Repository/Stockbit/Bandarmology_BuyerVol3' is: '5'

2024-01-22 17:51:04 - [MESSAGE][PASSED] - Text of object 'Object Repository/Stockbit/Bandarmology_BuyerVol3' is: '5'

2024-01-22 17:51:04 - [TEST_STEP][PASSED] - strBuyerAvg3 = getText(findTestObject("Stockbit/Bandarmology_BuyerAvg3")): Text of object 'Object Repository/Stockbit/Bandarmology_BuyerAvg3' is: '216'

2024-01-22 17:51:04 - [MESSAGE][PASSED] - Text of object 'Object Repository/Stockbit/Bandarmology_BuyerAvg3' is: '216'

2024-01-22 17:51:04 - [TEST_STEP][PASSED] - if (strBuyer3 != ""): null

2024-01-22 17:51:04 - [TEST_STEP][PASSED] - if (strBuyerAvg3.contains(",")): null

2024-01-22 17:51:04 - [TEST_STEP][PASSED] - if (strBuyerVol3.contains(" B")): null

2024-01-22 17:51:04 - [TEST_STEP][PASSED] - if (verifyElementNotPresent(findTestObject("Stockbit/Bandarmology_Seller3"), 1, OPTIONAL)): Web element with id: 'Object Repository/Stockbit/Bandarmology_Seller3' located by 'By.xpath: //*[contains(@id, 'rc-tabs-')]/div[2]/div/div/div/div/div/div[2]/table/tbody/tr[4]/td[5]/p' is present after '1' second(s) (Root cause: com.kms.katalon.core.exception.StepFailedException: Web element with id: 'Object Repository/Stockbit/Bandarmology_Seller3' located by 'By.xpath: //*[contains(@id, 'rc-tabs-')]/div[2]/div/div/div/div/div/div[2]/table/tbody/tr[4]/td[5]/p' is present after '1' second(s)
	at com.kms.katalon.core.webui.keyword.internal.WebUIKeywordMain.stepFailed(WebUIKeywordMain.groovy:64)
	at com.kms.katalon.core.webui.keyword.internal.WebUIKeywordMain$stepFailed$0.call(Unknown Source)
	at com.kms.katalon.core.webui.keyword.builtin.VerifyElementNotPresentKeyword$_verifyElementNotPresent_closure1.doCall(VerifyElementNotPresentKeyword.groovy:106)
	at com.kms.katalon.core.webui.keyword.builtin.VerifyElementNotPresentKeyword$_verifyElementNotPresent_closure1.doCall(VerifyElementNotPresentKeyword.groovy)
	at com.kms.katalon.core.webui.keyword.internal.WebUIKeywordMain.runKeyword(WebUIKeywordMain.groovy:20)
	at com.kms.katalon.core.webui.keyword.internal.WebUIKeywordMain$runKeyword.call(Unknown Source)
	at com.kms.katalon.core.webui.keyword.builtin.VerifyElementNotPresentKeyword.verifyElementNotPresent(VerifyElementNotPresentKeyword.groovy:117)
	at com.kms.katalon.core.webui.keyword.builtin.VerifyElementNotPresentKeyword.execute(VerifyElementNotPresentKeyword.groovy:68)
	at com.kms.katalon.core.keyword.internal.KeywordExecutor.executeKeywordForPlatform(KeywordExecutor.groovy:74)
	at com.kms.katalon.core.webui.keyword.WebUiBuiltInKeywords.verifyElementNotPresent(WebUiBuiltInKeywords.groovy:1481)
	at com.kms.katalon.core.webui.keyword.WebUiBuiltInKeywords$verifyElementNotPresent$8.call(Unknown Source)
	at GetBrokSumPriceDaily.run(GetBrokSumPriceDaily:414)
	at com.kms.katalon.core.main.ScriptEngine.run(ScriptEngine.java:194)
	at com.kms.katalon.core.main.ScriptEngine.runScriptAsRawText(ScriptEngine.java:119)
	at com.kms.katalon.core.main.TestCaseExecutor.runScript(TestCaseExecutor.java:445)
	at com.kms.katalon.core.main.TestCaseExecutor.doExecute(TestCaseExecutor.java:436)
	at com.kms.katalon.core.main.TestCaseExecutor.processExecutionPhase(TestCaseExecutor.java:415)
	at com.kms.katalon.core.main.TestCaseExecutor.accessMainPhase(TestCaseExecutor.java:407)
	at com.kms.katalon.core.main.TestCaseExecutor.execute(TestCaseExecutor.java:284)
	at com.kms.katalon.core.common.CommonExecutor.accessTestCaseMainPhase(CommonExecutor.java:65)
	at com.kms.katalon.core.main.TestSuiteExecutor.accessTestSuiteMainPhase(TestSuiteExecutor.java:144)
	at com.kms.katalon.core.main.TestSuiteExecutor.execute(TestSuiteExecutor.java:106)
	at com.kms.katalon.core.main.TestCaseMain.startTestSuite(TestCaseMain.java:185)
	at com.kms.katalon.core.main.TestCaseMain$startTestSuite$0.call(Unknown Source)
	at TempTestSuite1705920083951.run(TempTestSuite1705920083951.groovy:36)
)

2024-01-22 17:51:06 - [MESSAGE][WARNING] - Web element with id: 'Object Repository/Stockbit/Bandarmology_Seller3' located by 'By.xpath: //*[contains(@id, 'rc-tabs-')]/div[2]/div/div/div/div/div/div[2]/table/tbody/tr[4]/td[5]/p' is present after '1' second(s) (Root cause: com.kms.katalon.core.exception.StepFailedException: Web element with id: 'Object Repository/Stockbit/Bandarmology_Seller3' located by 'By.xpath: //*[contains(@id, 'rc-tabs-')]/div[2]/div/div/div/div/div/div[2]/table/tbody/tr[4]/td[5]/p' is present after '1' second(s)
	at com.kms.katalon.core.webui.keyword.internal.WebUIKeywordMain.stepFailed(WebUIKeywordMain.groovy:64)
	at com.kms.katalon.core.webui.keyword.internal.WebUIKeywordMain$stepFailed$0.call(Unknown Source)
	at com.kms.katalon.core.webui.keyword.builtin.VerifyElementNotPresentKeyword$_verifyElementNotPresent_closure1.doCall(VerifyElementNotPresentKeyword.groovy:106)
	at com.kms.katalon.core.webui.keyword.builtin.VerifyElementNotPresentKeyword$_verifyElementNotPresent_closure1.doCall(VerifyElementNotPresentKeyword.groovy)
	at com.kms.katalon.core.webui.keyword.internal.WebUIKeywordMain.runKeyword(WebUIKeywordMain.groovy:20)
	at com.kms.katalon.core.webui.keyword.internal.WebUIKeywordMain$runKeyword.call(Unknown Source)
	at com.kms.katalon.core.webui.keyword.builtin.VerifyElementNotPresentKeyword.verifyElementNotPresent(VerifyElementNotPresentKeyword.groovy:117)
	at com.kms.katalon.core.webui.keyword.builtin.VerifyElementNotPresentKeyword.execute(VerifyElementNotPresentKeyword.groovy:68)
	at com.kms.katalon.core.keyword.internal.KeywordExecutor.executeKeywordForPlatform(KeywordExecutor.groovy:74)
	at com.kms.katalon.core.webui.keyword.WebUiBuiltInKeywords.verifyElementNotPresent(WebUiBuiltInKeywords.groovy:1481)
	at com.kms.katalon.core.webui.keyword.WebUiBuiltInKeywords$verifyElementNotPresent$8.call(Unknown Source)
	at GetBrokSumPriceDaily.run(GetBrokSumPriceDaily:414)
	at com.kms.katalon.core.main.ScriptEngine.run(ScriptEngine.java:194)
	at com.kms.katalon.core.main.ScriptEngine.runScriptAsRawText(ScriptEngine.java:119)
	at com.kms.katalon.core.main.TestCaseExecutor.runScript(TestCaseExecutor.java:445)
	at com.kms.katalon.core.main.TestCaseExecutor.doExecute(TestCaseExecutor.java:436)
	at com.kms.katalon.core.main.TestCaseExecutor.processExecutionPhase(TestCaseExecutor.java:415)
	at com.kms.katalon.core.main.TestCaseExecutor.accessMainPhase(TestCaseExecutor.java:407)
	at com.kms.katalon.core.main.TestCaseExecutor.execute(TestCaseExecutor.java:284)
	at com.kms.katalon.core.common.CommonExecutor.accessTestCaseMainPhase(CommonExecutor.java:65)
	at com.kms.katalon.core.main.TestSuiteExecutor.accessTestSuiteMainPhase(TestSuiteExecutor.java:144)
	at com.kms.katalon.core.main.TestSuiteExecutor.execute(TestSuiteExecutor.java:106)
	at com.kms.katalon.core.main.TestCaseMain.startTestSuite(TestCaseMain.java:185)
	at com.kms.katalon.core.main.TestCaseMain$startTestSuite$0.call(Unknown Source)
	at TempTestSuite1705920083951.run(TempTestSuite1705920083951.groovy:36)
)
[[ATTACHMENT|C:\\Users\\Fadli\\git\\KatalonDailyGetData2\\Reports\\20240122_174123\\TS1\\20240122_174123\\1705920665907.png]]

2024-01-22 17:51:06 - [TEST_STEP][PASSED] - else: null

2024-01-22 17:51:06 - [TEST_STEP][PASSED] - strSeller3 = getText(findTestObject("Stockbit/Bandarmology_Seller3")): Text of object 'Object Repository/Stockbit/Bandarmology_Seller3' is: 'PD'

2024-01-22 17:51:06 - [MESSAGE][PASSED] - Text of object 'Object Repository/Stockbit/Bandarmology_Seller3' is: 'PD'

2024-01-22 17:51:06 - [TEST_STEP][PASSED] - strSellerVol3 = getText(findTestObject("Stockbit/Bandarmology_SellerVol3")): Text of object 'Object Repository/Stockbit/Bandarmology_SellerVol3' is: '807'

2024-01-22 17:51:06 - [MESSAGE][PASSED] - Text of object 'Object Repository/Stockbit/Bandarmology_SellerVol3' is: '807'

2024-01-22 17:51:06 - [TEST_STEP][PASSED] - strSellerAvg3 = getText(findTestObject("Stockbit/Bandarmology_SellerAvg3")): Text of object 'Object Repository/Stockbit/Bandarmology_SellerAvg3' is: '216'

2024-01-22 17:51:06 - [MESSAGE][PASSED] - Text of object 'Object Repository/Stockbit/Bandarmology_SellerAvg3' is: '216'

2024-01-22 17:51:06 - [TEST_STEP][PASSED] - if (strSeller3 != ""): null

2024-01-22 17:51:06 - [TEST_STEP][PASSED] - if (strSellerAvg3.contains(",")): null

2024-01-22 17:51:06 - [TEST_STEP][PASSED] - if (strSellerVol3.contains(" B")): null

2024-01-22 17:51:06 - [TEST_STEP][PASSED] - strAccDist = getText(findTestObject("Stockbit/Bandarmology_AccDist")): Text of object 'Object Repository/Stockbit/Bandarmology_AccDist' is: 'Acc'

2024-01-22 17:51:06 - [MESSAGE][PASSED] - Text of object 'Object Repository/Stockbit/Bandarmology_AccDist' is: 'Acc'

2024-01-22 17:51:06 - [TEST_STEP][PASSED] - strNetVol = getText(findTestObject("Stockbit/Bandarmology_NetVol")): Text of object 'Object Repository/Stockbit/Bandarmology_NetVol' is: '6,329'

2024-01-22 17:51:06 - [MESSAGE][PASSED] - Text of object 'Object Repository/Stockbit/Bandarmology_NetVol' is: '6,329'

2024-01-22 17:51:06 - [TEST_STEP][PASSED] - strNetVol = strNetVol.replace(",", ""): null

2024-01-22 17:51:06 - [TEST_STEP][PASSED] - strNetVal = getText(findTestObject("Stockbit/Bandarmology_NetVal")): Text of object 'Object Repository/Stockbit/Bandarmology_NetVal' is: '0.1 B'

2024-01-22 17:51:06 - [MESSAGE][PASSED] - Text of object 'Object Repository/Stockbit/Bandarmology_NetVal' is: '0.1 B'

2024-01-22 17:51:06 - [TEST_STEP][PASSED] - delay(3): Delayed 3 second(s)

2024-01-22 17:51:09 - [MESSAGE][PASSED] - Delayed 3 second(s)

2024-01-22 17:51:09 - [TEST_STEP][PASSED] - strOpenPrice = getText(findTestObject("Stockbit/Home_OpenPrice")): Text of object 'Object Repository/Stockbit/Home_OpenPrice' is: '212'

2024-01-22 17:51:09 - [MESSAGE][PASSED] - Text of object 'Object Repository/Stockbit/Home_OpenPrice' is: '212'

2024-01-22 17:51:09 - [TEST_STEP][PASSED] - strOpenPrice = strOpenPrice.replace(",", ""): null

2024-01-22 17:51:09 - [TEST_STEP][PASSED] - strLowPrice = getText(findTestObject("Stockbit/Home_LowPrice")): Text of object 'Object Repository/Stockbit/Home_LowPrice' is: '210'

2024-01-22 17:51:10 - [MESSAGE][PASSED] - Text of object 'Object Repository/Stockbit/Home_LowPrice' is: '210'

2024-01-22 17:51:10 - [TEST_STEP][PASSED] - strLowPrice = strLowPrice.replace(",", ""): null

2024-01-22 17:51:10 - [TEST_STEP][PASSED] - strHighPrice = getText(findTestObject("Stockbit/Home_HighPrice")): Text of object 'Object Repository/Stockbit/Home_HighPrice' is: '216'

2024-01-22 17:51:10 - [MESSAGE][PASSED] - Text of object 'Object Repository/Stockbit/Home_HighPrice' is: '216'

2024-01-22 17:51:10 - [TEST_STEP][PASSED] - strHighPrice = strHighPrice.replace(",", ""): null

2024-01-22 17:51:10 - [TEST_STEP][PASSED] - strClosePrice = getText(findTestObject("Stockbit/Home_ClosePrice")): Text of object 'Object Repository/Stockbit/Home_ClosePrice' is: '214'

2024-01-22 17:51:10 - [MESSAGE][PASSED] - Text of object 'Object Repository/Stockbit/Home_ClosePrice' is: '214'

2024-01-22 17:51:10 - [TEST_STEP][PASSED] - strClosePrice = strClosePrice.replace(",", ""): null

2024-01-22 17:51:10 - [TEST_STEP][PASSED] - strVol = getText(findTestObject("Stockbit/Home_Volume")): Text of object 'Object Repository/Stockbit/Home_Volume' is: '8 K'

2024-01-22 17:51:10 - [MESSAGE][PASSED] - Text of object 'Object Repository/Stockbit/Home_Volume' is: '8 K'

2024-01-22 17:51:10 - [TEST_STEP][PASSED] - if (strVol.contains(" K")): null

2024-01-22 17:51:10 - [TEST_STEP][PASSED] - strVol = strVol.replace(" K", "000"): null

2024-01-22 17:51:10 - [TEST_STEP][PASSED] - if (strVol.contains(",")): null

2024-01-22 17:51:10 - [TEST_STEP][PASSED] - strChange = getText(findTestObject("Stockbit/Home_Change")): Text of object 'Object Repository/Stockbit/Home_Change' is: '0.94%'

2024-01-22 17:51:10 - [MESSAGE][PASSED] - Text of object 'Object Repository/Stockbit/Home_Change' is: '0.94%'

2024-01-22 17:51:10 - [TEST_STEP][PASSED] - strChange = strChange.replace("%", ""): null

2024-01-22 17:51:10 - [TEST_STEP][PASSED] - strFreq = getText(findTestObject("Stockbit/Home_Freq")): Text of object 'Object Repository/Stockbit/Home_Freq' is: '64'

2024-01-22 17:51:10 - [MESSAGE][PASSED] - Text of object 'Object Repository/Stockbit/Home_Freq' is: '64'

2024-01-22 17:51:10 - [TEST_STEP][PASSED] - if (strFreq.contains(",")): null

2024-01-22 17:51:10 - [TEST_STEP][PASSED] - if (strFreq == "NA" || strFreq == ""): null

2024-01-22 17:51:10 - [TEST_STEP][PASSED] - else: null

2024-01-22 17:51:10 - [TEST_STEP][PASSED] - dblFreqAnal = strVol.toDouble() / strFreq.toDouble() * strFreq.toDouble() * strFreq.toDouble() * 100000000: null

2024-01-22 17:51:10 - [TEST_STEP][PASSED] - strFreqAnal = String.format("%.4f", dblFreqAnal): null

2024-01-22 17:51:10 - [TEST_STEP][PASSED] - out.println("Double strFreqAnal: " + strFreqAnal): null

2024-01-22 17:51:10 - [TEST_STEP][PASSED] - strTanggal = d.format(DateTimeFormatter.ofPattern("yyyy-MM-dd")): null

2024-01-22 17:51:10 - [TEST_STEP][PASSED] - strTanggal = "#" + strTanggal + "#": null

2024-01-22 17:51:10 - [TEST_STEP][PASSED] - strSQL = "select count(*) as JumBaris from TblBrokSum where Nama = '" + strNama + "' and Tanggal = " + strTanggal + "": null

2024-01-22 17:51:10 - [TEST_STEP][PASSED] - resultSet = statement.executeQuery(strSQL): null

2024-01-22 17:51:10 - [TEST_STEP][PASSED] - resultSet.next(): null

2024-01-22 17:51:10 - [TEST_STEP][PASSED] - intJumBaris = resultSet.getInt("JumBaris"): null

2024-01-22 17:51:10 - [TEST_STEP][PASSED] - if (intJumBaris > 0): null

2024-01-22 17:51:10 - [TEST_STEP][PASSED] - else: null

2024-01-22 17:51:10 - [TEST_STEP][PASSED] - try: null

2024-01-22 17:51:10 - [TEST_STEP][PASSED] - out.println("Insert data"): null

2024-01-22 17:51:10 - [TEST_STEP][PASSED] - strSQL = "insert into TblBrokSum (nama, tanggal, top1, top2, top3, AllBrokAvg, AccDist, AvgRP, " + "Buyer1, BuyerVal1, BuyerAvg1, Seller1, SellerVal1, SellerAvg1, Buyer2, BuyerVal2, BuyerAvg2, " + "Seller2, SellerVal2, SellerAvg2, Buyer3, BuyerVal3, BuyerAvg3, Seller3, SellerVal3, SellerAvg3, NetVol, NetVal, " + "OpenPrice, LowPrice, HighPrice, ClosePrice, Volume, Change, Frekuensi, FrekAnal) " + "values ('" + strNama + "', " + strTanggal + ", '" + strTop1 + "', '" + strTop3 + "', '" + strTop5 + "', " + "'" + strAllBrokAvg + "', '" + strAccDist + "', " + intAvgRP + ", '" + strBuyer1 + "', '" + strBuyerVol1 + "', " + strBuyerAvg1 + ", " + "'" + strSeller1 + "', '" + strSellerVol1 + "', " + strSellerAvg1 + ", '" + strBuyer2 + "', '" + strBuyerVol2 + "', " + strBuyerAvg2 + ", " + "'" + strSeller2 + "', '" + strSellerVol2 + "', " + strSellerAvg2 + ", '" + strBuyer3 + "', '" + strBuyerVol3 + "', " + strBuyerAvg3 + ", " + "'" + strSeller3 + "', '" + strSellerVol3 + "', " + strSellerAvg3 + ", " + strNetVol + ", '" + strNetVal + "', " + "" + strOpenPrice + ", " + strLowPrice + ", " + strHighPrice + ", " + strClosePrice + ", '" + strVol + "', " + strChange + ", " + strFreq + ", " + strFreqAnal + ");": null

2024-01-22 17:51:10 - [TEST_STEP][PASSED] - out.println("strSQL = " + strSQL): null

2024-01-22 17:51:10 - [TEST_STEP][PASSED] - statement.executeUpdate(strSQL): null

2024-01-22 17:51:10 - [TEST_STEP][PASSED] - setValueToCellByIndex(sheet01, rowIndex, 4, "DONE"): null

2024-01-22 17:51:10 - [TEST_STEP][PASSED] - saveWorkbook(excelFilePath, workbook01): null

2024-01-22 17:51:10 - [TEST_STEP][PASSED] - waitForElementClickable(findTestObject("Stockbit/menu_Bandarmology"), 10): Object 'Object Repository/Stockbit/menu_Bandarmology' is clickable

2024-01-22 17:51:10 - [MESSAGE][PASSED] - Object 'Object Repository/Stockbit/menu_Bandarmology' is clickable

2024-01-22 17:51:10 - [TEST_STEP][PASSED] - click(findTestObject("Stockbit/menu_Bandarmology")): Object: 'Object Repository/Stockbit/menu_Bandarmology' is clicked on

2024-01-22 17:51:11 - [MESSAGE][PASSED] - Object: 'Object Repository/Stockbit/menu_Bandarmology' is clicked on

2024-01-22 17:51:11 - [TEST_STEP][PASSED] - strTemp = "NA": null

2024-01-22 17:51:11 - [TEST_STEP][PASSED] - if (getCellValueByIndex(sheet01, rowIndex, 4) != "DONE"): Object: 'Object Repository/Stockbit/menu_Bandarmology' is clicked on

2024-01-22 17:51:11 - [TEST_STEP][PASSED] - strNama = getCellValueByIndex(sheet01, rowIndex, 0): null

2024-01-22 17:51:11 - [TEST_STEP][PASSED] - navigateToUrl("https://stockbit.com/#/symbol/" + strNama): Navigate to 'https://stockbit.com/#/symbol/RUIS' successfully

2024-01-22 17:51:13 - [MESSAGE][PASSED] - Navigate to 'https://stockbit.com/#/symbol/RUIS' successfully

2024-01-22 17:51:13 - [TEST_STEP][PASSED] - waitForElementClickable(findTestObject("Stockbit/menu_Bandarmology"), 10): Object 'Object Repository/Stockbit/menu_Bandarmology' is clickable

2024-01-22 17:51:13 - [MESSAGE][PASSED] - Object 'Object Repository/Stockbit/menu_Bandarmology' is clickable

2024-01-22 17:51:13 - [TEST_STEP][PASSED] - click(findTestObject("Stockbit/menu_Bandarmology")): Object: 'Object Repository/Stockbit/menu_Bandarmology' is clicked on

2024-01-22 17:51:14 - [MESSAGE][PASSED] - Object: 'Object Repository/Stockbit/menu_Bandarmology' is clicked on

2024-01-22 17:51:14 - [TEST_STEP][PASSED] - strTanggal = d.format(DateTimeFormatter.ofPattern("MMM dd, yyyy")): null

2024-01-22 17:51:14 - [TEST_STEP][PASSED] - strTanggal = d.format(ISO_DATE): null

2024-01-22 17:51:14 - [TEST_STEP][PASSED] - out.println("strTanggal = " + strTanggal): null

2024-01-22 17:51:14 - [TEST_STEP][PASSED] - out.println("strNama = " + strNama): null

2024-01-22 17:51:14 - [TEST_STEP][PASSED] - out.println("Baris ke = " + rowIndex): null

2024-01-22 17:51:14 - [TEST_STEP][PASSED] - click(findTestObject("Stockbit/input__BandarmologyOpenStartDate")): Object: 'Object Repository/Stockbit/input__BandarmologyOpenStartDate' is clicked on

2024-01-22 17:51:16 - [MESSAGE][PASSED] - Object: 'Object Repository/Stockbit/input__BandarmologyOpenStartDate' is clicked on

2024-01-22 17:51:16 - [TEST_STEP][PASSED] - sendKeys(findTestObject("Stockbit/input__BandarmologyOpenStartDate"), Keys.chord(CONTROL, "a")): Keys 'CONTROL + a' sent to object: 'Object Repository/Stockbit/input__BandarmologyOpenStartDate'

2024-01-22 17:51:16 - [MESSAGE][PASSED] - Keys 'CONTROL + a' sent to object: 'Object Repository/Stockbit/input__BandarmologyOpenStartDate'

2024-01-22 17:51:16 - [TEST_STEP][PASSED] - sendKeys(findTestObject("Stockbit/input__BandarmologyOpenStartDate"), Keys.chord(BACK_SPACE)): Keys 'BACK_SPACE + ' sent to object: 'Object Repository/Stockbit/input__BandarmologyOpenStartDate'

2024-01-22 17:51:17 - [MESSAGE][PASSED] - Keys 'BACK_SPACE + ' sent to object: 'Object Repository/Stockbit/input__BandarmologyOpenStartDate'

2024-01-22 17:51:17 - [TEST_STEP][PASSED] - setText(findTestObject("Stockbit/input__BandarmologyOpenStartDate"), strTanggal): Text '2024-01-22' is set on object 'Object Repository/Stockbit/input__BandarmologyOpenStartDate'

2024-01-22 17:51:18 - [MESSAGE][PASSED] - Text '2024-01-22' is set on object 'Object Repository/Stockbit/input__BandarmologyOpenStartDate'

2024-01-22 17:51:18 - [TEST_STEP][PASSED] - sendKeys(findTestObject("Stockbit/input__BandarmologyOpenStartDate"), Keys.chord(ENTER)): Keys 'ENTER + ' sent to object: 'Object Repository/Stockbit/input__BandarmologyOpenStartDate'

2024-01-22 17:51:18 - [MESSAGE][PASSED] - Keys 'ENTER + ' sent to object: 'Object Repository/Stockbit/input__BandarmologyOpenStartDate'

2024-01-22 17:51:18 - [TEST_STEP][PASSED] - click(findTestObject("Stockbit/input__BandarmologyOpenEndDate")): Object: 'Object Repository/Stockbit/input__BandarmologyOpenEndDate' is clicked on

2024-01-22 17:51:18 - [MESSAGE][PASSED] - Object: 'Object Repository/Stockbit/input__BandarmologyOpenEndDate' is clicked on

2024-01-22 17:51:19 - [TEST_STEP][PASSED] - sendKeys(findTestObject("Stockbit/input__BandarmologyOpenEndDate"), Keys.chord(CONTROL, "a")): Keys 'CONTROL + a' sent to object: 'Object Repository/Stockbit/input__BandarmologyOpenEndDate'

2024-01-22 17:51:19 - [MESSAGE][PASSED] - Keys 'CONTROL + a' sent to object: 'Object Repository/Stockbit/input__BandarmologyOpenEndDate'

2024-01-22 17:51:19 - [TEST_STEP][PASSED] - sendKeys(findTestObject("Stockbit/input__BandarmologyOpenEndDate"), Keys.chord(BACK_SPACE)): Keys 'BACK_SPACE + ' sent to object: 'Object Repository/Stockbit/input__BandarmologyOpenEndDate'

2024-01-22 17:51:19 - [MESSAGE][PASSED] - Keys 'BACK_SPACE + ' sent to object: 'Object Repository/Stockbit/input__BandarmologyOpenEndDate'

2024-01-22 17:51:19 - [TEST_STEP][PASSED] - setText(findTestObject("Stockbit/input__BandarmologyOpenEndDate"), strTanggal): Text '2024-01-22' is set on object 'Object Repository/Stockbit/input__BandarmologyOpenEndDate'

2024-01-22 17:51:20 - [MESSAGE][PASSED] - Text '2024-01-22' is set on object 'Object Repository/Stockbit/input__BandarmologyOpenEndDate'

2024-01-22 17:51:20 - [TEST_STEP][PASSED] - sendKeys(findTestObject("Stockbit/input__BandarmologyOpenEndDate"), Keys.chord(ENTER)): Keys 'ENTER + ' sent to object: 'Object Repository/Stockbit/input__BandarmologyOpenEndDate'

2024-01-22 17:51:21 - [MESSAGE][PASSED] - Keys 'ENTER + ' sent to object: 'Object Repository/Stockbit/input__BandarmologyOpenEndDate'

2024-01-22 17:51:21 - [TEST_STEP][PASSED] - delay(2): Delayed 2 second(s)

2024-01-22 17:51:23 - [MESSAGE][PASSED] - Delayed 2 second(s)

2024-01-22 17:51:23 - [TEST_STEP][PASSED] - strTemp = getText(findTestObject("Stockbit/Bandarmology_AvgRP")): Text of object 'Object Repository/Stockbit/Bandarmology_AvgRP' is: '208'

2024-01-22 17:51:23 - [MESSAGE][PASSED] - Text of object 'Object Repository/Stockbit/Bandarmology_AvgRP' is: '208'

2024-01-22 17:51:23 - [TEST_STEP][PASSED] - out.println("Bandarmology_AvgRP = " + strTemp): null

2024-01-22 17:51:23 - [TEST_STEP][PASSED] - if (strTemp != "0"): null

2024-01-22 17:51:23 - [TEST_STEP][PASSED] - strTop1 = getText(findTestObject("Stockbit/Bandarmology_Top1")): Text of object 'Object Repository/Stockbit/Bandarmology_Top1' is: 'Small Dist'

2024-01-22 17:51:23 - [MESSAGE][PASSED] - Text of object 'Object Repository/Stockbit/Bandarmology_Top1' is: 'Small Dist'

2024-01-22 17:51:23 - [TEST_STEP][PASSED] - strTop3 = getText(findTestObject("Stockbit/Bandarmology_Top3")): Text of object 'Object Repository/Stockbit/Bandarmology_Top3' is: 'Normal Dist'

2024-01-22 17:51:23 - [MESSAGE][PASSED] - Text of object 'Object Repository/Stockbit/Bandarmology_Top3' is: 'Normal Dist'

2024-01-22 17:51:23 - [TEST_STEP][PASSED] - strTop5 = getText(findTestObject("Stockbit/Bandarmology_Top5")): Text of object 'Object Repository/Stockbit/Bandarmology_Top5' is: 'Big Dist'

2024-01-22 17:51:23 - [MESSAGE][PASSED] - Text of object 'Object Repository/Stockbit/Bandarmology_Top5' is: 'Big Dist'

2024-01-22 17:51:23 - [TEST_STEP][PASSED] - strAllBrokAvg = getText(findTestObject("Stockbit/Bandarmology_TopAVG")): Text of object 'Object Repository/Stockbit/Bandarmology_TopAVG' is: 'Normal Dist'

2024-01-22 17:51:24 - [MESSAGE][PASSED] - Text of object 'Object Repository/Stockbit/Bandarmology_TopAVG' is: 'Normal Dist'

2024-01-22 17:51:24 - [TEST_STEP][PASSED] - strTemp = getText(findTestObject("Stockbit/Bandarmology_AvgRP")): Text of object 'Object Repository/Stockbit/Bandarmology_AvgRP' is: '208'

2024-01-22 17:51:24 - [MESSAGE][PASSED] - Text of object 'Object Repository/Stockbit/Bandarmology_AvgRP' is: '208'

2024-01-22 17:51:24 - [TEST_STEP][PASSED] - if (strTemp.contains(",")): null

2024-01-22 17:51:24 - [TEST_STEP][PASSED] - intAvgRP = strTemp.toInteger(): null

2024-01-22 17:51:24 - [TEST_STEP][PASSED] - strBuyer1 = getText(findTestObject("Stockbit/Bandarmology_Buyer1")): Text of object 'Object Repository/Stockbit/Bandarmology_Buyer1' is: 'PC'

2024-01-22 17:51:24 - [MESSAGE][PASSED] - Text of object 'Object Repository/Stockbit/Bandarmology_Buyer1' is: 'PC'

2024-01-22 17:51:24 - [TEST_STEP][PASSED] - strBuyerVol1 = getText(findTestObject("Stockbit/Bandarmology_BuyerVol1")): Text of object 'Object Repository/Stockbit/Bandarmology_BuyerVol1' is: '4.5 K'

2024-01-22 17:51:24 - [MESSAGE][PASSED] - Text of object 'Object Repository/Stockbit/Bandarmology_BuyerVol1' is: '4.5 K'

2024-01-22 17:51:24 - [TEST_STEP][PASSED] - strBuyerAvg1 = getText(findTestObject("Stockbit/Bandarmology_BuyerAvg1")): Text of object 'Object Repository/Stockbit/Bandarmology_BuyerAvg1' is: '207'

2024-01-22 17:51:24 - [MESSAGE][PASSED] - Text of object 'Object Repository/Stockbit/Bandarmology_BuyerAvg1' is: '207'

2024-01-22 17:51:24 - [TEST_STEP][PASSED] - if (strBuyerAvg1.contains(",")): null

2024-01-22 17:51:24 - [TEST_STEP][PASSED] - if (strBuyerVol1.contains(" B")): null

2024-01-22 17:51:24 - [TEST_STEP][PASSED] - else if (strBuyerVol1.contains(" M")): null

2024-01-22 17:51:24 - [TEST_STEP][PASSED] - else if (strBuyerVol1.contains(" K")): null

2024-01-22 17:51:24 - [TEST_STEP][PASSED] - strBuyerVol1 = strBuyerVol1.replace(" K", ""): null

2024-01-22 17:51:24 - [TEST_STEP][PASSED] - strBuyerVol1 = strBuyerVol1.toDouble() * 1000: null

2024-01-22 17:51:24 - [TEST_STEP][PASSED] - strSeller1 = getText(findTestObject("Stockbit/Bandarmology_Seller1")): Text of object 'Object Repository/Stockbit/Bandarmology_Seller1' is: 'DH'

2024-01-22 17:51:24 - [MESSAGE][PASSED] - Text of object 'Object Repository/Stockbit/Bandarmology_Seller1' is: 'DH'

2024-01-22 17:51:24 - [TEST_STEP][PASSED] - strSellerVol1 = getText(findTestObject("Stockbit/Bandarmology_SellerVol1")): Text of object 'Object Repository/Stockbit/Bandarmology_SellerVol1' is: '6.4 K'

2024-01-22 17:51:24 - [MESSAGE][PASSED] - Text of object 'Object Repository/Stockbit/Bandarmology_SellerVol1' is: '6.4 K'

2024-01-22 17:51:24 - [TEST_STEP][PASSED] - strSellerAvg1 = getText(findTestObject("Stockbit/Bandarmology_SellerAvg1")): Text of object 'Object Repository/Stockbit/Bandarmology_SellerAvg1' is: '211'

2024-01-22 17:51:25 - [MESSAGE][PASSED] - Text of object 'Object Repository/Stockbit/Bandarmology_SellerAvg1' is: '211'

2024-01-22 17:51:25 - [TEST_STEP][PASSED] - if (strSellerAvg1.contains(",")): null

2024-01-22 17:51:25 - [TEST_STEP][PASSED] - if (strSellerVol1.contains(" B")): null

2024-01-22 17:51:25 - [TEST_STEP][PASSED] - else if (strSellerVol1.contains(" M")): null

2024-01-22 17:51:25 - [TEST_STEP][PASSED] - else if (strSellerVol1.contains(" K")): null

2024-01-22 17:51:25 - [TEST_STEP][PASSED] - strSellerVol1 = strSellerVol1.replace(" K", ""): null

2024-01-22 17:51:25 - [TEST_STEP][PASSED] - strSellerVol1 = strSellerVol1.toDouble() * 1000: null

2024-01-22 17:51:25 - [TEST_STEP][PASSED] - if (verifyElementNotPresent(findTestObject("Stockbit/Bandarmology_Buyer2"), 1, OPTIONAL)): Web element with id: 'Object Repository/Stockbit/Bandarmology_Buyer2' located by 'By.xpath: //*[contains(@id, 'rc-tabs-')]/div[2]/div/div/div/div/div/div[2]/table/tbody/tr[3]/td[1]/p' is present after '1' second(s) (Root cause: com.kms.katalon.core.exception.StepFailedException: Web element with id: 'Object Repository/Stockbit/Bandarmology_Buyer2' located by 'By.xpath: //*[contains(@id, 'rc-tabs-')]/div[2]/div/div/div/div/div/div[2]/table/tbody/tr[3]/td[1]/p' is present after '1' second(s)
	at com.kms.katalon.core.webui.keyword.internal.WebUIKeywordMain.stepFailed(WebUIKeywordMain.groovy:64)
	at com.kms.katalon.core.webui.keyword.internal.WebUIKeywordMain$stepFailed$0.call(Unknown Source)
	at com.kms.katalon.core.webui.keyword.builtin.VerifyElementNotPresentKeyword$_verifyElementNotPresent_closure1.doCall(VerifyElementNotPresentKeyword.groovy:106)
	at com.kms.katalon.core.webui.keyword.builtin.VerifyElementNotPresentKeyword$_verifyElementNotPresent_closure1.doCall(VerifyElementNotPresentKeyword.groovy)
	at com.kms.katalon.core.webui.keyword.internal.WebUIKeywordMain.runKeyword(WebUIKeywordMain.groovy:20)
	at com.kms.katalon.core.webui.keyword.internal.WebUIKeywordMain$runKeyword.call(Unknown Source)
	at com.kms.katalon.core.webui.keyword.builtin.VerifyElementNotPresentKeyword.verifyElementNotPresent(VerifyElementNotPresentKeyword.groovy:117)
	at com.kms.katalon.core.webui.keyword.builtin.VerifyElementNotPresentKeyword.execute(VerifyElementNotPresentKeyword.groovy:68)
	at com.kms.katalon.core.keyword.internal.KeywordExecutor.executeKeywordForPlatform(KeywordExecutor.groovy:74)
	at com.kms.katalon.core.webui.keyword.WebUiBuiltInKeywords.verifyElementNotPresent(WebUiBuiltInKeywords.groovy:1481)
	at com.kms.katalon.core.webui.keyword.WebUiBuiltInKeywords$verifyElementNotPresent$8.call(Unknown Source)
	at GetBrokSumPriceDaily.run(GetBrokSumPriceDaily:258)
	at com.kms.katalon.core.main.ScriptEngine.run(ScriptEngine.java:194)
	at com.kms.katalon.core.main.ScriptEngine.runScriptAsRawText(ScriptEngine.java:119)
	at com.kms.katalon.core.main.TestCaseExecutor.runScript(TestCaseExecutor.java:445)
	at com.kms.katalon.core.main.TestCaseExecutor.doExecute(TestCaseExecutor.java:436)
	at com.kms.katalon.core.main.TestCaseExecutor.processExecutionPhase(TestCaseExecutor.java:415)
	at com.kms.katalon.core.main.TestCaseExecutor.accessMainPhase(TestCaseExecutor.java:407)
	at com.kms.katalon.core.main.TestCaseExecutor.execute(TestCaseExecutor.java:284)
	at com.kms.katalon.core.common.CommonExecutor.accessTestCaseMainPhase(CommonExecutor.java:65)
	at com.kms.katalon.core.main.TestSuiteExecutor.accessTestSuiteMainPhase(TestSuiteExecutor.java:144)
	at com.kms.katalon.core.main.TestSuiteExecutor.execute(TestSuiteExecutor.java:106)
	at com.kms.katalon.core.main.TestCaseMain.startTestSuite(TestCaseMain.java:185)
	at com.kms.katalon.core.main.TestCaseMain$startTestSuite$0.call(Unknown Source)
	at TempTestSuite1705920083951.run(TempTestSuite1705920083951.groovy:36)
)

2024-01-22 17:51:26 - [MESSAGE][WARNING] - Web element with id: 'Object Repository/Stockbit/Bandarmology_Buyer2' located by 'By.xpath: //*[contains(@id, 'rc-tabs-')]/div[2]/div/div/div/div/div/div[2]/table/tbody/tr[3]/td[1]/p' is present after '1' second(s) (Root cause: com.kms.katalon.core.exception.StepFailedException: Web element with id: 'Object Repository/Stockbit/Bandarmology_Buyer2' located by 'By.xpath: //*[contains(@id, 'rc-tabs-')]/div[2]/div/div/div/div/div/div[2]/table/tbody/tr[3]/td[1]/p' is present after '1' second(s)
	at com.kms.katalon.core.webui.keyword.internal.WebUIKeywordMain.stepFailed(WebUIKeywordMain.groovy:64)
	at com.kms.katalon.core.webui.keyword.internal.WebUIKeywordMain$stepFailed$0.call(Unknown Source)
	at com.kms.katalon.core.webui.keyword.builtin.VerifyElementNotPresentKeyword$_verifyElementNotPresent_closure1.doCall(VerifyElementNotPresentKeyword.groovy:106)
	at com.kms.katalon.core.webui.keyword.builtin.VerifyElementNotPresentKeyword$_verifyElementNotPresent_closure1.doCall(VerifyElementNotPresentKeyword.groovy)
	at com.kms.katalon.core.webui.keyword.internal.WebUIKeywordMain.runKeyword(WebUIKeywordMain.groovy:20)
	at com.kms.katalon.core.webui.keyword.internal.WebUIKeywordMain$runKeyword.call(Unknown Source)
	at com.kms.katalon.core.webui.keyword.builtin.VerifyElementNotPresentKeyword.verifyElementNotPresent(VerifyElementNotPresentKeyword.groovy:117)
	at com.kms.katalon.core.webui.keyword.builtin.VerifyElementNotPresentKeyword.execute(VerifyElementNotPresentKeyword.groovy:68)
	at com.kms.katalon.core.keyword.internal.KeywordExecutor.executeKeywordForPlatform(KeywordExecutor.groovy:74)
	at com.kms.katalon.core.webui.keyword.WebUiBuiltInKeywords.verifyElementNotPresent(WebUiBuiltInKeywords.groovy:1481)
	at com.kms.katalon.core.webui.keyword.WebUiBuiltInKeywords$verifyElementNotPresent$8.call(Unknown Source)
	at GetBrokSumPriceDaily.run(GetBrokSumPriceDaily:258)
	at com.kms.katalon.core.main.ScriptEngine.run(ScriptEngine.java:194)
	at com.kms.katalon.core.main.ScriptEngine.runScriptAsRawText(ScriptEngine.java:119)
	at com.kms.katalon.core.main.TestCaseExecutor.runScript(TestCaseExecutor.java:445)
	at com.kms.katalon.core.main.TestCaseExecutor.doExecute(TestCaseExecutor.java:436)
	at com.kms.katalon.core.main.TestCaseExecutor.processExecutionPhase(TestCaseExecutor.java:415)
	at com.kms.katalon.core.main.TestCaseExecutor.accessMainPhase(TestCaseExecutor.java:407)
	at com.kms.katalon.core.main.TestCaseExecutor.execute(TestCaseExecutor.java:284)
	at com.kms.katalon.core.common.CommonExecutor.accessTestCaseMainPhase(CommonExecutor.java:65)
	at com.kms.katalon.core.main.TestSuiteExecutor.accessTestSuiteMainPhase(TestSuiteExecutor.java:144)
	at com.kms.katalon.core.main.TestSuiteExecutor.execute(TestSuiteExecutor.java:106)
	at com.kms.katalon.core.main.TestCaseMain.startTestSuite(TestCaseMain.java:185)
	at com.kms.katalon.core.main.TestCaseMain$startTestSuite$0.call(Unknown Source)
	at TempTestSuite1705920083951.run(TempTestSuite1705920083951.groovy:36)
)
[[ATTACHMENT|C:\\Users\\Fadli\\git\\KatalonDailyGetData2\\Reports\\20240122_174123\\TS1\\20240122_174123\\1705920686396.png]]

2024-01-22 17:51:26 - [TEST_STEP][PASSED] - else: null

2024-01-22 17:51:26 - [TEST_STEP][PASSED] - strBuyer2 = getText(findTestObject("Stockbit/Bandarmology_Buyer2")): Text of object 'Object Repository/Stockbit/Bandarmology_Buyer2' is: 'SQ'

2024-01-22 17:51:26 - [MESSAGE][PASSED] - Text of object 'Object Repository/Stockbit/Bandarmology_Buyer2' is: 'SQ'

2024-01-22 17:51:26 - [TEST_STEP][PASSED] - strBuyerVol2 = getText(findTestObject("Stockbit/Bandarmology_BuyerVol2")): Text of object 'Object Repository/Stockbit/Bandarmology_BuyerVol2' is: '4.2 K'

2024-01-22 17:51:26 - [MESSAGE][PASSED] - Text of object 'Object Repository/Stockbit/Bandarmology_BuyerVol2' is: '4.2 K'

2024-01-22 17:51:26 - [TEST_STEP][PASSED] - strBuyerAvg2 = getText(findTestObject("Stockbit/Bandarmology_BuyerAvg2")): Text of object 'Object Repository/Stockbit/Bandarmology_BuyerAvg2' is: '206'

2024-01-22 17:51:27 - [MESSAGE][PASSED] - Text of object 'Object Repository/Stockbit/Bandarmology_BuyerAvg2' is: '206'

2024-01-22 17:51:27 - [TEST_STEP][PASSED] - if (strBuyer2 != ""): null

2024-01-22 17:51:27 - [TEST_STEP][PASSED] - if (strBuyerAvg2.contains(",")): null

2024-01-22 17:51:27 - [TEST_STEP][PASSED] - if (strBuyerVol2.contains(" B")): null

2024-01-22 17:51:27 - [TEST_STEP][PASSED] - else if (strBuyerVol2.contains(" M")): null

2024-01-22 17:51:27 - [TEST_STEP][PASSED] - else if (strBuyerVol2.contains(" K")): null

2024-01-22 17:51:27 - [TEST_STEP][PASSED] - strBuyerVol2 = strBuyerVol2.replace(" K", ""): null

2024-01-22 17:51:27 - [TEST_STEP][PASSED] - strBuyerVol2 = strBuyerVol2.toDouble() * 1000: null

2024-01-22 17:51:27 - [TEST_STEP][PASSED] - if (strBuyerVol2.contains(".")): null

2024-01-22 17:51:27 - [TEST_STEP][PASSED] - strBuyerVal2 = strBuyerVol2.replace(".", ""): null

2024-01-22 17:51:27 - [TEST_STEP][PASSED] - if (verifyElementNotPresent(findTestObject("Stockbit/Bandarmology_Seller2"), 1, OPTIONAL)): Web element with id: 'Object Repository/Stockbit/Bandarmology_Seller2' located by 'By.xpath: //*[contains(@id, 'rc-tabs-')]/div[2]/div/div/div/div/div/div[2]/table/tbody/tr[3]/td[5]/p' is present after '1' second(s) (Root cause: com.kms.katalon.core.exception.StepFailedException: Web element with id: 'Object Repository/Stockbit/Bandarmology_Seller2' located by 'By.xpath: //*[contains(@id, 'rc-tabs-')]/div[2]/div/div/div/div/div/div[2]/table/tbody/tr[3]/td[5]/p' is present after '1' second(s)
	at com.kms.katalon.core.webui.keyword.internal.WebUIKeywordMain.stepFailed(WebUIKeywordMain.groovy:64)
	at com.kms.katalon.core.webui.keyword.internal.WebUIKeywordMain$stepFailed$0.call(Unknown Source)
	at com.kms.katalon.core.webui.keyword.builtin.VerifyElementNotPresentKeyword$_verifyElementNotPresent_closure1.doCall(VerifyElementNotPresentKeyword.groovy:106)
	at com.kms.katalon.core.webui.keyword.builtin.VerifyElementNotPresentKeyword$_verifyElementNotPresent_closure1.doCall(VerifyElementNotPresentKeyword.groovy)
	at com.kms.katalon.core.webui.keyword.internal.WebUIKeywordMain.runKeyword(WebUIKeywordMain.groovy:20)
	at com.kms.katalon.core.webui.keyword.internal.WebUIKeywordMain$runKeyword.call(Unknown Source)
	at com.kms.katalon.core.webui.keyword.builtin.VerifyElementNotPresentKeyword.verifyElementNotPresent(VerifyElementNotPresentKeyword.groovy:117)
	at com.kms.katalon.core.webui.keyword.builtin.VerifyElementNotPresentKeyword.execute(VerifyElementNotPresentKeyword.groovy:68)
	at com.kms.katalon.core.keyword.internal.KeywordExecutor.executeKeywordForPlatform(KeywordExecutor.groovy:74)
	at com.kms.katalon.core.webui.keyword.WebUiBuiltInKeywords.verifyElementNotPresent(WebUiBuiltInKeywords.groovy:1481)
	at com.kms.katalon.core.webui.keyword.WebUiBuiltInKeywords$verifyElementNotPresent$8.call(Unknown Source)
	at GetBrokSumPriceDaily.run(GetBrokSumPriceDaily:309)
	at com.kms.katalon.core.main.ScriptEngine.run(ScriptEngine.java:194)
	at com.kms.katalon.core.main.ScriptEngine.runScriptAsRawText(ScriptEngine.java:119)
	at com.kms.katalon.core.main.TestCaseExecutor.runScript(TestCaseExecutor.java:445)
	at com.kms.katalon.core.main.TestCaseExecutor.doExecute(TestCaseExecutor.java:436)
	at com.kms.katalon.core.main.TestCaseExecutor.processExecutionPhase(TestCaseExecutor.java:415)
	at com.kms.katalon.core.main.TestCaseExecutor.accessMainPhase(TestCaseExecutor.java:407)
	at com.kms.katalon.core.main.TestCaseExecutor.execute(TestCaseExecutor.java:284)
	at com.kms.katalon.core.common.CommonExecutor.accessTestCaseMainPhase(CommonExecutor.java:65)
	at com.kms.katalon.core.main.TestSuiteExecutor.accessTestSuiteMainPhase(TestSuiteExecutor.java:144)
	at com.kms.katalon.core.main.TestSuiteExecutor.execute(TestSuiteExecutor.java:106)
	at com.kms.katalon.core.main.TestCaseMain.startTestSuite(TestCaseMain.java:185)
	at com.kms.katalon.core.main.TestCaseMain$startTestSuite$0.call(Unknown Source)
	at TempTestSuite1705920083951.run(TempTestSuite1705920083951.groovy:36)
)

2024-01-22 17:51:28 - [MESSAGE][WARNING] - Web element with id: 'Object Repository/Stockbit/Bandarmology_Seller2' located by 'By.xpath: //*[contains(@id, 'rc-tabs-')]/div[2]/div/div/div/div/div/div[2]/table/tbody/tr[3]/td[5]/p' is present after '1' second(s) (Root cause: com.kms.katalon.core.exception.StepFailedException: Web element with id: 'Object Repository/Stockbit/Bandarmology_Seller2' located by 'By.xpath: //*[contains(@id, 'rc-tabs-')]/div[2]/div/div/div/div/div/div[2]/table/tbody/tr[3]/td[5]/p' is present after '1' second(s)
	at com.kms.katalon.core.webui.keyword.internal.WebUIKeywordMain.stepFailed(WebUIKeywordMain.groovy:64)
	at com.kms.katalon.core.webui.keyword.internal.WebUIKeywordMain$stepFailed$0.call(Unknown Source)
	at com.kms.katalon.core.webui.keyword.builtin.VerifyElementNotPresentKeyword$_verifyElementNotPresent_closure1.doCall(VerifyElementNotPresentKeyword.groovy:106)
	at com.kms.katalon.core.webui.keyword.builtin.VerifyElementNotPresentKeyword$_verifyElementNotPresent_closure1.doCall(VerifyElementNotPresentKeyword.groovy)
	at com.kms.katalon.core.webui.keyword.internal.WebUIKeywordMain.runKeyword(WebUIKeywordMain.groovy:20)
	at com.kms.katalon.core.webui.keyword.internal.WebUIKeywordMain$runKeyword.call(Unknown Source)
	at com.kms.katalon.core.webui.keyword.builtin.VerifyElementNotPresentKeyword.verifyElementNotPresent(VerifyElementNotPresentKeyword.groovy:117)
	at com.kms.katalon.core.webui.keyword.builtin.VerifyElementNotPresentKeyword.execute(VerifyElementNotPresentKeyword.groovy:68)
	at com.kms.katalon.core.keyword.internal.KeywordExecutor.executeKeywordForPlatform(KeywordExecutor.groovy:74)
	at com.kms.katalon.core.webui.keyword.WebUiBuiltInKeywords.verifyElementNotPresent(WebUiBuiltInKeywords.groovy:1481)
	at com.kms.katalon.core.webui.keyword.WebUiBuiltInKeywords$verifyElementNotPresent$8.call(Unknown Source)
	at GetBrokSumPriceDaily.run(GetBrokSumPriceDaily:309)
	at com.kms.katalon.core.main.ScriptEngine.run(ScriptEngine.java:194)
	at com.kms.katalon.core.main.ScriptEngine.runScriptAsRawText(ScriptEngine.java:119)
	at com.kms.katalon.core.main.TestCaseExecutor.runScript(TestCaseExecutor.java:445)
	at com.kms.katalon.core.main.TestCaseExecutor.doExecute(TestCaseExecutor.java:436)
	at com.kms.katalon.core.main.TestCaseExecutor.processExecutionPhase(TestCaseExecutor.java:415)
	at com.kms.katalon.core.main.TestCaseExecutor.accessMainPhase(TestCaseExecutor.java:407)
	at com.kms.katalon.core.main.TestCaseExecutor.execute(TestCaseExecutor.java:284)
	at com.kms.katalon.core.common.CommonExecutor.accessTestCaseMainPhase(CommonExecutor.java:65)
	at com.kms.katalon.core.main.TestSuiteExecutor.accessTestSuiteMainPhase(TestSuiteExecutor.java:144)
	at com.kms.katalon.core.main.TestSuiteExecutor.execute(TestSuiteExecutor.java:106)
	at com.kms.katalon.core.main.TestCaseMain.startTestSuite(TestCaseMain.java:185)
	at com.kms.katalon.core.main.TestCaseMain$startTestSuite$0.call(Unknown Source)
	at TempTestSuite1705920083951.run(TempTestSuite1705920083951.groovy:36)
)
[[ATTACHMENT|C:\\Users\\Fadli\\git\\KatalonDailyGetData2\\Reports\\20240122_174123\\TS1\\20240122_174123\\1705920688296.png]]

2024-01-22 17:51:28 - [TEST_STEP][PASSED] - else: null

2024-01-22 17:51:28 - [TEST_STEP][PASSED] - strSeller2 = getText(findTestObject("Stockbit/Bandarmology_Seller2")): Text of object 'Object Repository/Stockbit/Bandarmology_Seller2' is: 'XL'

2024-01-22 17:51:28 - [MESSAGE][PASSED] - Text of object 'Object Repository/Stockbit/Bandarmology_Seller2' is: 'XL'

2024-01-22 17:51:28 - [TEST_STEP][PASSED] - strSellerVol2 = getText(findTestObject("Stockbit/Bandarmology_SellerVol2")): Text of object 'Object Repository/Stockbit/Bandarmology_SellerVol2' is: '4.1 K'

2024-01-22 17:51:28 - [MESSAGE][PASSED] - Text of object 'Object Repository/Stockbit/Bandarmology_SellerVol2' is: '4.1 K'

2024-01-22 17:51:28 - [TEST_STEP][PASSED] - strSellerAvg2 = getText(findTestObject("Stockbit/Bandarmology_SellerAvg2")): Text of object 'Object Repository/Stockbit/Bandarmology_SellerAvg2' is: '208'

2024-01-22 17:51:28 - [MESSAGE][PASSED] - Text of object 'Object Repository/Stockbit/Bandarmology_SellerAvg2' is: '208'

2024-01-22 17:51:28 - [TEST_STEP][PASSED] - if (strSeller2 != ""): null

2024-01-22 17:51:28 - [TEST_STEP][PASSED] - if (strSellerAvg2.contains(",")): null

2024-01-22 17:51:28 - [TEST_STEP][PASSED] - if (strSellerVol2.contains(" B")): null

2024-01-22 17:51:28 - [TEST_STEP][PASSED] - else if (strSellerVol2.contains(" M")): null

2024-01-22 17:51:28 - [TEST_STEP][PASSED] - else if (strSellerVol2.contains(" K")): null

2024-01-22 17:51:28 - [TEST_STEP][PASSED] - strSellerVol2 = strSellerVol2.replace(" K", ""): null

2024-01-22 17:51:28 - [TEST_STEP][PASSED] - strSellerVol2 = strSellerVol2.toDouble() * 1000: null

2024-01-22 17:51:28 - [TEST_STEP][PASSED] - if (verifyElementNotPresent(findTestObject("Stockbit/Bandarmology_Buyer3"), 1, OPTIONAL)): Web element with id: 'Object Repository/Stockbit/Bandarmology_Buyer3' located by 'By.xpath: //*[contains(@id, 'rc-tabs-')]/div[2]/div/div/div/div/div/div[2]/table/tbody/tr[4]/td[1]/p' is present after '1' second(s) (Root cause: com.kms.katalon.core.exception.StepFailedException: Web element with id: 'Object Repository/Stockbit/Bandarmology_Buyer3' located by 'By.xpath: //*[contains(@id, 'rc-tabs-')]/div[2]/div/div/div/div/div/div[2]/table/tbody/tr[4]/td[1]/p' is present after '1' second(s)
	at com.kms.katalon.core.webui.keyword.internal.WebUIKeywordMain.stepFailed(WebUIKeywordMain.groovy:64)
	at com.kms.katalon.core.webui.keyword.internal.WebUIKeywordMain$stepFailed$0.call(Unknown Source)
	at com.kms.katalon.core.webui.keyword.builtin.VerifyElementNotPresentKeyword$_verifyElementNotPresent_closure1.doCall(VerifyElementNotPresentKeyword.groovy:106)
	at com.kms.katalon.core.webui.keyword.builtin.VerifyElementNotPresentKeyword$_verifyElementNotPresent_closure1.doCall(VerifyElementNotPresentKeyword.groovy)
	at com.kms.katalon.core.webui.keyword.internal.WebUIKeywordMain.runKeyword(WebUIKeywordMain.groovy:20)
	at com.kms.katalon.core.webui.keyword.internal.WebUIKeywordMain$runKeyword.call(Unknown Source)
	at com.kms.katalon.core.webui.keyword.builtin.VerifyElementNotPresentKeyword.verifyElementNotPresent(VerifyElementNotPresentKeyword.groovy:117)
	at com.kms.katalon.core.webui.keyword.builtin.VerifyElementNotPresentKeyword.execute(VerifyElementNotPresentKeyword.groovy:68)
	at com.kms.katalon.core.keyword.internal.KeywordExecutor.executeKeywordForPlatform(KeywordExecutor.groovy:74)
	at com.kms.katalon.core.webui.keyword.WebUiBuiltInKeywords.verifyElementNotPresent(WebUiBuiltInKeywords.groovy:1481)
	at com.kms.katalon.core.webui.keyword.WebUiBuiltInKeywords$verifyElementNotPresent$8.call(Unknown Source)
	at GetBrokSumPriceDaily.run(GetBrokSumPriceDaily:361)
	at com.kms.katalon.core.main.ScriptEngine.run(ScriptEngine.java:194)
	at com.kms.katalon.core.main.ScriptEngine.runScriptAsRawText(ScriptEngine.java:119)
	at com.kms.katalon.core.main.TestCaseExecutor.runScript(TestCaseExecutor.java:445)
	at com.kms.katalon.core.main.TestCaseExecutor.doExecute(TestCaseExecutor.java:436)
	at com.kms.katalon.core.main.TestCaseExecutor.processExecutionPhase(TestCaseExecutor.java:415)
	at com.kms.katalon.core.main.TestCaseExecutor.accessMainPhase(TestCaseExecutor.java:407)
	at com.kms.katalon.core.main.TestCaseExecutor.execute(TestCaseExecutor.java:284)
	at com.kms.katalon.core.common.CommonExecutor.accessTestCaseMainPhase(CommonExecutor.java:65)
	at com.kms.katalon.core.main.TestSuiteExecutor.accessTestSuiteMainPhase(TestSuiteExecutor.java:144)
	at com.kms.katalon.core.main.TestSuiteExecutor.execute(TestSuiteExecutor.java:106)
	at com.kms.katalon.core.main.TestCaseMain.startTestSuite(TestCaseMain.java:185)
	at com.kms.katalon.core.main.TestCaseMain$startTestSuite$0.call(Unknown Source)
	at TempTestSuite1705920083951.run(TempTestSuite1705920083951.groovy:36)
)

2024-01-22 17:51:30 - [MESSAGE][WARNING] - Web element with id: 'Object Repository/Stockbit/Bandarmology_Buyer3' located by 'By.xpath: //*[contains(@id, 'rc-tabs-')]/div[2]/div/div/div/div/div/div[2]/table/tbody/tr[4]/td[1]/p' is present after '1' second(s) (Root cause: com.kms.katalon.core.exception.StepFailedException: Web element with id: 'Object Repository/Stockbit/Bandarmology_Buyer3' located by 'By.xpath: //*[contains(@id, 'rc-tabs-')]/div[2]/div/div/div/div/div/div[2]/table/tbody/tr[4]/td[1]/p' is present after '1' second(s)
	at com.kms.katalon.core.webui.keyword.internal.WebUIKeywordMain.stepFailed(WebUIKeywordMain.groovy:64)
	at com.kms.katalon.core.webui.keyword.internal.WebUIKeywordMain$stepFailed$0.call(Unknown Source)
	at com.kms.katalon.core.webui.keyword.builtin.VerifyElementNotPresentKeyword$_verifyElementNotPresent_closure1.doCall(VerifyElementNotPresentKeyword.groovy:106)
	at com.kms.katalon.core.webui.keyword.builtin.VerifyElementNotPresentKeyword$_verifyElementNotPresent_closure1.doCall(VerifyElementNotPresentKeyword.groovy)
	at com.kms.katalon.core.webui.keyword.internal.WebUIKeywordMain.runKeyword(WebUIKeywordMain.groovy:20)
	at com.kms.katalon.core.webui.keyword.internal.WebUIKeywordMain$runKeyword.call(Unknown Source)
	at com.kms.katalon.core.webui.keyword.builtin.VerifyElementNotPresentKeyword.verifyElementNotPresent(VerifyElementNotPresentKeyword.groovy:117)
	at com.kms.katalon.core.webui.keyword.builtin.VerifyElementNotPresentKeyword.execute(VerifyElementNotPresentKeyword.groovy:68)
	at com.kms.katalon.core.keyword.internal.KeywordExecutor.executeKeywordForPlatform(KeywordExecutor.groovy:74)
	at com.kms.katalon.core.webui.keyword.WebUiBuiltInKeywords.verifyElementNotPresent(WebUiBuiltInKeywords.groovy:1481)
	at com.kms.katalon.core.webui.keyword.WebUiBuiltInKeywords$verifyElementNotPresent$8.call(Unknown Source)
	at GetBrokSumPriceDaily.run(GetBrokSumPriceDaily:361)
	at com.kms.katalon.core.main.ScriptEngine.run(ScriptEngine.java:194)
	at com.kms.katalon.core.main.ScriptEngine.runScriptAsRawText(ScriptEngine.java:119)
	at com.kms.katalon.core.main.TestCaseExecutor.runScript(TestCaseExecutor.java:445)
	at com.kms.katalon.core.main.TestCaseExecutor.doExecute(TestCaseExecutor.java:436)
	at com.kms.katalon.core.main.TestCaseExecutor.processExecutionPhase(TestCaseExecutor.java:415)
	at com.kms.katalon.core.main.TestCaseExecutor.accessMainPhase(TestCaseExecutor.java:407)
	at com.kms.katalon.core.main.TestCaseExecutor.execute(TestCaseExecutor.java:284)
	at com.kms.katalon.core.common.CommonExecutor.accessTestCaseMainPhase(CommonExecutor.java:65)
	at com.kms.katalon.core.main.TestSuiteExecutor.accessTestSuiteMainPhase(TestSuiteExecutor.java:144)
	at com.kms.katalon.core.main.TestSuiteExecutor.execute(TestSuiteExecutor.java:106)
	at com.kms.katalon.core.main.TestCaseMain.startTestSuite(TestCaseMain.java:185)
	at com.kms.katalon.core.main.TestCaseMain$startTestSuite$0.call(Unknown Source)
	at TempTestSuite1705920083951.run(TempTestSuite1705920083951.groovy:36)
)
[[ATTACHMENT|C:\\Users\\Fadli\\git\\KatalonDailyGetData2\\Reports\\20240122_174123\\TS1\\20240122_174123\\1705920690194.png]]

2024-01-22 17:51:30 - [TEST_STEP][PASSED] - else: null

2024-01-22 17:51:30 - [TEST_STEP][PASSED] - strBuyer3 = getText(findTestObject("Stockbit/Bandarmology_Buyer3")): Text of object 'Object Repository/Stockbit/Bandarmology_Buyer3' is: 'OD'

2024-01-22 17:51:30 - [MESSAGE][PASSED] - Text of object 'Object Repository/Stockbit/Bandarmology_Buyer3' is: 'OD'

2024-01-22 17:51:30 - [TEST_STEP][PASSED] - strBuyerVol3 = getText(findTestObject("Stockbit/Bandarmology_BuyerVol3")): Text of object 'Object Repository/Stockbit/Bandarmology_BuyerVol3' is: '2.2 K'

2024-01-22 17:51:30 - [MESSAGE][PASSED] - Text of object 'Object Repository/Stockbit/Bandarmology_BuyerVol3' is: '2.2 K'

2024-01-22 17:51:30 - [TEST_STEP][PASSED] - strBuyerAvg3 = getText(findTestObject("Stockbit/Bandarmology_BuyerAvg3")): Text of object 'Object Repository/Stockbit/Bandarmology_BuyerAvg3' is: '205'

2024-01-22 17:51:30 - [MESSAGE][PASSED] - Text of object 'Object Repository/Stockbit/Bandarmology_BuyerAvg3' is: '205'

2024-01-22 17:51:30 - [TEST_STEP][PASSED] - if (strBuyer3 != ""): null

2024-01-22 17:51:30 - [TEST_STEP][PASSED] - if (strBuyerAvg3.contains(",")): null

2024-01-22 17:51:30 - [TEST_STEP][PASSED] - if (strBuyerVol3.contains(" B")): null

2024-01-22 17:51:30 - [TEST_STEP][PASSED] - else if (strBuyerVol3.contains(" M")): null

2024-01-22 17:51:30 - [TEST_STEP][PASSED] - else if (strBuyerVol3.contains(" K")): null

2024-01-22 17:51:30 - [TEST_STEP][PASSED] - strBuyerVol3 = strBuyerVol3.replace(" K", ""): null

2024-01-22 17:51:30 - [TEST_STEP][PASSED] - strBuyerVol3 = strBuyerVol3.toDouble() * 1000: null

2024-01-22 17:51:30 - [TEST_STEP][PASSED] - if (verifyElementNotPresent(findTestObject("Stockbit/Bandarmology_Seller3"), 1, OPTIONAL)): Web element with id: 'Object Repository/Stockbit/Bandarmology_Seller3' located by 'By.xpath: //*[contains(@id, 'rc-tabs-')]/div[2]/div/div/div/div/div/div[2]/table/tbody/tr[4]/td[5]/p' is present after '1' second(s) (Root cause: com.kms.katalon.core.exception.StepFailedException: Web element with id: 'Object Repository/Stockbit/Bandarmology_Seller3' located by 'By.xpath: //*[contains(@id, 'rc-tabs-')]/div[2]/div/div/div/div/div/div[2]/table/tbody/tr[4]/td[5]/p' is present after '1' second(s)
	at com.kms.katalon.core.webui.keyword.internal.WebUIKeywordMain.stepFailed(WebUIKeywordMain.groovy:64)
	at com.kms.katalon.core.webui.keyword.internal.WebUIKeywordMain$stepFailed$0.call(Unknown Source)
	at com.kms.katalon.core.webui.keyword.builtin.VerifyElementNotPresentKeyword$_verifyElementNotPresent_closure1.doCall(VerifyElementNotPresentKeyword.groovy:106)
	at com.kms.katalon.core.webui.keyword.builtin.VerifyElementNotPresentKeyword$_verifyElementNotPresent_closure1.doCall(VerifyElementNotPresentKeyword.groovy)
	at com.kms.katalon.core.webui.keyword.internal.WebUIKeywordMain.runKeyword(WebUIKeywordMain.groovy:20)
	at com.kms.katalon.core.webui.keyword.internal.WebUIKeywordMain$runKeyword.call(Unknown Source)
	at com.kms.katalon.core.webui.keyword.builtin.VerifyElementNotPresentKeyword.verifyElementNotPresent(VerifyElementNotPresentKeyword.groovy:117)
	at com.kms.katalon.core.webui.keyword.builtin.VerifyElementNotPresentKeyword.execute(VerifyElementNotPresentKeyword.groovy:68)
	at com.kms.katalon.core.keyword.internal.KeywordExecutor.executeKeywordForPlatform(KeywordExecutor.groovy:74)
	at com.kms.katalon.core.webui.keyword.WebUiBuiltInKeywords.verifyElementNotPresent(WebUiBuiltInKeywords.groovy:1481)
	at com.kms.katalon.core.webui.keyword.WebUiBuiltInKeywords$verifyElementNotPresent$8.call(Unknown Source)
	at GetBrokSumPriceDaily.run(GetBrokSumPriceDaily:414)
	at com.kms.katalon.core.main.ScriptEngine.run(ScriptEngine.java:194)
	at com.kms.katalon.core.main.ScriptEngine.runScriptAsRawText(ScriptEngine.java:119)
	at com.kms.katalon.core.main.TestCaseExecutor.runScript(TestCaseExecutor.java:445)
	at com.kms.katalon.core.main.TestCaseExecutor.doExecute(TestCaseExecutor.java:436)
	at com.kms.katalon.core.main.TestCaseExecutor.processExecutionPhase(TestCaseExecutor.java:415)
	at com.kms.katalon.core.main.TestCaseExecutor.accessMainPhase(TestCaseExecutor.java:407)
	at com.kms.katalon.core.main.TestCaseExecutor.execute(TestCaseExecutor.java:284)
	at com.kms.katalon.core.common.CommonExecutor.accessTestCaseMainPhase(CommonExecutor.java:65)
	at com.kms.katalon.core.main.TestSuiteExecutor.accessTestSuiteMainPhase(TestSuiteExecutor.java:144)
	at com.kms.katalon.core.main.TestSuiteExecutor.execute(TestSuiteExecutor.java:106)
	at com.kms.katalon.core.main.TestCaseMain.startTestSuite(TestCaseMain.java:185)
	at com.kms.katalon.core.main.TestCaseMain$startTestSuite$0.call(Unknown Source)
	at TempTestSuite1705920083951.run(TempTestSuite1705920083951.groovy:36)
)

2024-01-22 17:51:32 - [MESSAGE][WARNING] - Web element with id: 'Object Repository/Stockbit/Bandarmology_Seller3' located by 'By.xpath: //*[contains(@id, 'rc-tabs-')]/div[2]/div/div/div/div/div/div[2]/table/tbody/tr[4]/td[5]/p' is present after '1' second(s) (Root cause: com.kms.katalon.core.exception.StepFailedException: Web element with id: 'Object Repository/Stockbit/Bandarmology_Seller3' located by 'By.xpath: //*[contains(@id, 'rc-tabs-')]/div[2]/div/div/div/div/div/div[2]/table/tbody/tr[4]/td[5]/p' is present after '1' second(s)
	at com.kms.katalon.core.webui.keyword.internal.WebUIKeywordMain.stepFailed(WebUIKeywordMain.groovy:64)
	at com.kms.katalon.core.webui.keyword.internal.WebUIKeywordMain$stepFailed$0.call(Unknown Source)
	at com.kms.katalon.core.webui.keyword.builtin.VerifyElementNotPresentKeyword$_verifyElementNotPresent_closure1.doCall(VerifyElementNotPresentKeyword.groovy:106)
	at com.kms.katalon.core.webui.keyword.builtin.VerifyElementNotPresentKeyword$_verifyElementNotPresent_closure1.doCall(VerifyElementNotPresentKeyword.groovy)
	at com.kms.katalon.core.webui.keyword.internal.WebUIKeywordMain.runKeyword(WebUIKeywordMain.groovy:20)
	at com.kms.katalon.core.webui.keyword.internal.WebUIKeywordMain$runKeyword.call(Unknown Source)
	at com.kms.katalon.core.webui.keyword.builtin.VerifyElementNotPresentKeyword.verifyElementNotPresent(VerifyElementNotPresentKeyword.groovy:117)
	at com.kms.katalon.core.webui.keyword.builtin.VerifyElementNotPresentKeyword.execute(VerifyElementNotPresentKeyword.groovy:68)
	at com.kms.katalon.core.keyword.internal.KeywordExecutor.executeKeywordForPlatform(KeywordExecutor.groovy:74)
	at com.kms.katalon.core.webui.keyword.WebUiBuiltInKeywords.verifyElementNotPresent(WebUiBuiltInKeywords.groovy:1481)
	at com.kms.katalon.core.webui.keyword.WebUiBuiltInKeywords$verifyElementNotPresent$8.call(Unknown Source)
	at GetBrokSumPriceDaily.run(GetBrokSumPriceDaily:414)
	at com.kms.katalon.core.main.ScriptEngine.run(ScriptEngine.java:194)
	at com.kms.katalon.core.main.ScriptEngine.runScriptAsRawText(ScriptEngine.java:119)
	at com.kms.katalon.core.main.TestCaseExecutor.runScript(TestCaseExecutor.java:445)
	at com.kms.katalon.core.main.TestCaseExecutor.doExecute(TestCaseExecutor.java:436)
	at com.kms.katalon.core.main.TestCaseExecutor.processExecutionPhase(TestCaseExecutor.java:415)
	at com.kms.katalon.core.main.TestCaseExecutor.accessMainPhase(TestCaseExecutor.java:407)
	at com.kms.katalon.core.main.TestCaseExecutor.execute(TestCaseExecutor.java:284)
	at com.kms.katalon.core.common.CommonExecutor.accessTestCaseMainPhase(CommonExecutor.java:65)
	at com.kms.katalon.core.main.TestSuiteExecutor.accessTestSuiteMainPhase(TestSuiteExecutor.java:144)
	at com.kms.katalon.core.main.TestSuiteExecutor.execute(TestSuiteExecutor.java:106)
	at com.kms.katalon.core.main.TestCaseMain.startTestSuite(TestCaseMain.java:185)
	at com.kms.katalon.core.main.TestCaseMain$startTestSuite$0.call(Unknown Source)
	at TempTestSuite1705920083951.run(TempTestSuite1705920083951.groovy:36)
)
[[ATTACHMENT|C:\\Users\\Fadli\\git\\KatalonDailyGetData2\\Reports\\20240122_174123\\TS1\\20240122_174123\\1705920692095.png]]

2024-01-22 17:51:32 - [TEST_STEP][PASSED] - else: null

2024-01-22 17:51:32 - [TEST_STEP][PASSED] - strSeller3 = getText(findTestObject("Stockbit/Bandarmology_Seller3")): Text of object 'Object Repository/Stockbit/Bandarmology_Seller3' is: 'YB'

2024-01-22 17:51:32 - [MESSAGE][PASSED] - Text of object 'Object Repository/Stockbit/Bandarmology_Seller3' is: 'YB'

2024-01-22 17:51:32 - [TEST_STEP][PASSED] - strSellerVol3 = getText(findTestObject("Stockbit/Bandarmology_SellerVol3")): Text of object 'Object Repository/Stockbit/Bandarmology_SellerVol3' is: '3.9 K'

2024-01-22 17:51:32 - [MESSAGE][PASSED] - Text of object 'Object Repository/Stockbit/Bandarmology_SellerVol3' is: '3.9 K'

2024-01-22 17:51:32 - [TEST_STEP][PASSED] - strSellerAvg3 = getText(findTestObject("Stockbit/Bandarmology_SellerAvg3")): Text of object 'Object Repository/Stockbit/Bandarmology_SellerAvg3' is: '204'

2024-01-22 17:51:32 - [MESSAGE][PASSED] - Text of object 'Object Repository/Stockbit/Bandarmology_SellerAvg3' is: '204'

2024-01-22 17:51:32 - [TEST_STEP][PASSED] - if (strSeller3 != ""): null

2024-01-22 17:51:32 - [TEST_STEP][PASSED] - if (strSellerAvg3.contains(",")): null

2024-01-22 17:51:32 - [TEST_STEP][PASSED] - if (strSellerVol3.contains(" B")): null

2024-01-22 17:51:32 - [TEST_STEP][PASSED] - else if (strSellerVol3.contains(" M")): null

2024-01-22 17:51:32 - [TEST_STEP][PASSED] - else if (strSellerVol3.contains(" K")): null

2024-01-22 17:51:32 - [TEST_STEP][PASSED] - strSellerVol3 = strSellerVol3.replace(" K", ""): null

2024-01-22 17:51:32 - [TEST_STEP][PASSED] - strSellerVol3 = strSellerVol3.toDouble() * 1000: null

2024-01-22 17:51:32 - [TEST_STEP][PASSED] - strAccDist = getText(findTestObject("Stockbit/Bandarmology_AccDist")): Text of object 'Object Repository/Stockbit/Bandarmology_AccDist' is: 'Dist'

2024-01-22 17:51:32 - [MESSAGE][PASSED] - Text of object 'Object Repository/Stockbit/Bandarmology_AccDist' is: 'Dist'

2024-01-22 17:51:32 - [TEST_STEP][PASSED] - strNetVol = getText(findTestObject("Stockbit/Bandarmology_NetVol")): Text of object 'Object Repository/Stockbit/Bandarmology_NetVol' is: '22,771'

2024-01-22 17:51:33 - [MESSAGE][PASSED] - Text of object 'Object Repository/Stockbit/Bandarmology_NetVol' is: '22,771'

2024-01-22 17:51:33 - [TEST_STEP][PASSED] - strNetVol = strNetVol.replace(",", ""): null

2024-01-22 17:51:33 - [TEST_STEP][PASSED] - strNetVal = getText(findTestObject("Stockbit/Bandarmology_NetVal")): Text of object 'Object Repository/Stockbit/Bandarmology_NetVal' is: '0.5 B'

2024-01-22 17:51:33 - [MESSAGE][PASSED] - Text of object 'Object Repository/Stockbit/Bandarmology_NetVal' is: '0.5 B'

2024-01-22 17:51:33 - [TEST_STEP][PASSED] - delay(3): Delayed 3 second(s)

2024-01-22 17:51:36 - [MESSAGE][PASSED] - Delayed 3 second(s)

2024-01-22 17:51:36 - [TEST_STEP][PASSED] - strOpenPrice = getText(findTestObject("Stockbit/Home_OpenPrice")): Text of object 'Object Repository/Stockbit/Home_OpenPrice' is: '220'

2024-01-22 17:51:36 - [MESSAGE][PASSED] - Text of object 'Object Repository/Stockbit/Home_OpenPrice' is: '220'

2024-01-22 17:51:36 - [TEST_STEP][PASSED] - strOpenPrice = strOpenPrice.replace(",", ""): null

2024-01-22 17:51:36 - [TEST_STEP][PASSED] - strLowPrice = getText(findTestObject("Stockbit/Home_LowPrice")): Text of object 'Object Repository/Stockbit/Home_LowPrice' is: '202'

2024-01-22 17:51:36 - [MESSAGE][PASSED] - Text of object 'Object Repository/Stockbit/Home_LowPrice' is: '202'

2024-01-22 17:51:36 - [TEST_STEP][PASSED] - strLowPrice = strLowPrice.replace(",", ""): null

2024-01-22 17:51:36 - [TEST_STEP][PASSED] - strHighPrice = getText(findTestObject("Stockbit/Home_HighPrice")): Text of object 'Object Repository/Stockbit/Home_HighPrice' is: '222'

2024-01-22 17:51:36 - [MESSAGE][PASSED] - Text of object 'Object Repository/Stockbit/Home_HighPrice' is: '222'

2024-01-22 17:51:36 - [TEST_STEP][PASSED] - strHighPrice = strHighPrice.replace(",", ""): null

2024-01-22 17:51:36 - [TEST_STEP][PASSED] - strClosePrice = getText(findTestObject("Stockbit/Home_ClosePrice")): Text of object 'Object Repository/Stockbit/Home_ClosePrice' is: '206'

2024-01-22 17:51:36 - [MESSAGE][PASSED] - Text of object 'Object Repository/Stockbit/Home_ClosePrice' is: '206'

2024-01-22 17:51:36 - [TEST_STEP][PASSED] - strClosePrice = strClosePrice.replace(",", ""): null

2024-01-22 17:51:36 - [TEST_STEP][PASSED] - strVol = getText(findTestObject("Stockbit/Home_Volume")): Text of object 'Object Repository/Stockbit/Home_Volume' is: '74 K'

2024-01-22 17:51:37 - [MESSAGE][PASSED] - Text of object 'Object Repository/Stockbit/Home_Volume' is: '74 K'

2024-01-22 17:51:37 - [TEST_STEP][PASSED] - if (strVol.contains(" K")): null

2024-01-22 17:51:37 - [TEST_STEP][PASSED] - strVol = strVol.replace(" K", "000"): null

2024-01-22 17:51:37 - [TEST_STEP][PASSED] - if (strVol.contains(",")): null

2024-01-22 17:51:37 - [TEST_STEP][PASSED] - strChange = getText(findTestObject("Stockbit/Home_Change")): Text of object 'Object Repository/Stockbit/Home_Change' is: '-6.36%'

2024-01-22 17:51:37 - [MESSAGE][PASSED] - Text of object 'Object Repository/Stockbit/Home_Change' is: '-6.36%'

2024-01-22 17:51:37 - [TEST_STEP][PASSED] - strChange = strChange.replace("%", ""): null

2024-01-22 17:51:37 - [TEST_STEP][PASSED] - strFreq = getText(findTestObject("Stockbit/Home_Freq")): Text of object 'Object Repository/Stockbit/Home_Freq' is: '1,230'

2024-01-22 17:51:37 - [MESSAGE][PASSED] - Text of object 'Object Repository/Stockbit/Home_Freq' is: '1,230'

2024-01-22 17:51:37 - [TEST_STEP][PASSED] - if (strFreq.contains(",")): null

2024-01-22 17:51:37 - [TEST_STEP][PASSED] - strFreq = strFreq.replace(",", ""): null

2024-01-22 17:51:37 - [TEST_STEP][PASSED] - if (strFreq == "NA" || strFreq == ""): null

2024-01-22 17:51:37 - [TEST_STEP][PASSED] - else: null

2024-01-22 17:51:37 - [TEST_STEP][PASSED] - dblFreqAnal = strVol.toDouble() / strFreq.toDouble() * strFreq.toDouble() * strFreq.toDouble() * 100000000: null

2024-01-22 17:51:37 - [TEST_STEP][PASSED] - strFreqAnal = String.format("%.4f", dblFreqAnal): null

2024-01-22 17:51:37 - [TEST_STEP][PASSED] - out.println("Double strFreqAnal: " + strFreqAnal): null

2024-01-22 17:51:37 - [TEST_STEP][PASSED] - strTanggal = d.format(DateTimeFormatter.ofPattern("yyyy-MM-dd")): null

2024-01-22 17:51:37 - [TEST_STEP][PASSED] - strTanggal = "#" + strTanggal + "#": null

2024-01-22 17:51:37 - [TEST_STEP][PASSED] - strSQL = "select count(*) as JumBaris from TblBrokSum where Nama = '" + strNama + "' and Tanggal = " + strTanggal + "": null

2024-01-22 17:51:37 - [TEST_STEP][PASSED] - resultSet = statement.executeQuery(strSQL): null

2024-01-22 17:51:37 - [TEST_STEP][PASSED] - resultSet.next(): null

2024-01-22 17:51:37 - [TEST_STEP][PASSED] - intJumBaris = resultSet.getInt("JumBaris"): null

2024-01-22 17:51:37 - [TEST_STEP][PASSED] - if (intJumBaris > 0): null

2024-01-22 17:51:37 - [TEST_STEP][PASSED] - else: null

2024-01-22 17:51:37 - [TEST_STEP][PASSED] - try: null

2024-01-22 17:51:37 - [TEST_STEP][PASSED] - out.println("Insert data"): null

2024-01-22 17:51:37 - [TEST_STEP][PASSED] - strSQL = "insert into TblBrokSum (nama, tanggal, top1, top2, top3, AllBrokAvg, AccDist, AvgRP, " + "Buyer1, BuyerVal1, BuyerAvg1, Seller1, SellerVal1, SellerAvg1, Buyer2, BuyerVal2, BuyerAvg2, " + "Seller2, SellerVal2, SellerAvg2, Buyer3, BuyerVal3, BuyerAvg3, Seller3, SellerVal3, SellerAvg3, NetVol, NetVal, " + "OpenPrice, LowPrice, HighPrice, ClosePrice, Volume, Change, Frekuensi, FrekAnal) " + "values ('" + strNama + "', " + strTanggal + ", '" + strTop1 + "', '" + strTop3 + "', '" + strTop5 + "', " + "'" + strAllBrokAvg + "', '" + strAccDist + "', " + intAvgRP + ", '" + strBuyer1 + "', '" + strBuyerVol1 + "', " + strBuyerAvg1 + ", " + "'" + strSeller1 + "', '" + strSellerVol1 + "', " + strSellerAvg1 + ", '" + strBuyer2 + "', '" + strBuyerVol2 + "', " + strBuyerAvg2 + ", " + "'" + strSeller2 + "', '" + strSellerVol2 + "', " + strSellerAvg2 + ", '" + strBuyer3 + "', '" + strBuyerVol3 + "', " + strBuyerAvg3 + ", " + "'" + strSeller3 + "', '" + strSellerVol3 + "', " + strSellerAvg3 + ", " + strNetVol + ", '" + strNetVal + "', " + "" + strOpenPrice + ", " + strLowPrice + ", " + strHighPrice + ", " + strClosePrice + ", '" + strVol + "', " + strChange + ", " + strFreq + ", " + strFreqAnal + ");": null

2024-01-22 17:51:37 - [TEST_STEP][PASSED] - out.println("strSQL = " + strSQL): null

2024-01-22 17:51:37 - [TEST_STEP][PASSED] - statement.executeUpdate(strSQL): null

2024-01-22 17:51:37 - [TEST_STEP][PASSED] - setValueToCellByIndex(sheet01, rowIndex, 4, "DONE"): null

2024-01-22 17:51:37 - [TEST_STEP][PASSED] - saveWorkbook(excelFilePath, workbook01): null

2024-01-22 17:51:37 - [TEST_STEP][PASSED] - waitForElementClickable(findTestObject("Stockbit/menu_Bandarmology"), 10): Object 'Object Repository/Stockbit/menu_Bandarmology' is clickable

2024-01-22 17:51:37 - [MESSAGE][PASSED] - Object 'Object Repository/Stockbit/menu_Bandarmology' is clickable

2024-01-22 17:51:37 - [TEST_STEP][PASSED] - click(findTestObject("Stockbit/menu_Bandarmology")): Object: 'Object Repository/Stockbit/menu_Bandarmology' is clicked on

2024-01-22 17:51:38 - [MESSAGE][PASSED] - Object: 'Object Repository/Stockbit/menu_Bandarmology' is clicked on

2024-01-22 17:51:38 - [TEST_STEP][PASSED] - strTemp = "NA": null

2024-01-22 17:51:38 - [TEST_STEP][PASSED] - if (getCellValueByIndex(sheet01, rowIndex, 4) != "DONE"): Object: 'Object Repository/Stockbit/menu_Bandarmology' is clicked on

2024-01-22 17:51:38 - [TEST_STEP][PASSED] - strNama = getCellValueByIndex(sheet01, rowIndex, 0): null

2024-01-22 17:51:38 - [TEST_STEP][PASSED] - navigateToUrl("https://stockbit.com/#/symbol/" + strNama): Navigate to 'https://stockbit.com/#/symbol/LEAD' successfully

2024-01-22 17:51:39 - [MESSAGE][PASSED] - Navigate to 'https://stockbit.com/#/symbol/LEAD' successfully

2024-01-22 17:51:39 - [TEST_STEP][PASSED] - waitForElementClickable(findTestObject("Stockbit/menu_Bandarmology"), 10): Object 'Object Repository/Stockbit/menu_Bandarmology' is clickable

2024-01-22 17:51:40 - [MESSAGE][PASSED] - Object 'Object Repository/Stockbit/menu_Bandarmology' is clickable

2024-01-22 17:51:40 - [TEST_STEP][PASSED] - click(findTestObject("Stockbit/menu_Bandarmology")): Object: 'Object Repository/Stockbit/menu_Bandarmology' is clicked on

2024-01-22 17:51:40 - [MESSAGE][PASSED] - Object: 'Object Repository/Stockbit/menu_Bandarmology' is clicked on

2024-01-22 17:51:40 - [TEST_STEP][PASSED] - strTanggal = d.format(DateTimeFormatter.ofPattern("MMM dd, yyyy")): null

2024-01-22 17:51:40 - [TEST_STEP][PASSED] - strTanggal = d.format(ISO_DATE): null

2024-01-22 17:51:40 - [TEST_STEP][PASSED] - out.println("strTanggal = " + strTanggal): null

2024-01-22 17:51:40 - [TEST_STEP][PASSED] - out.println("strNama = " + strNama): null

2024-01-22 17:51:40 - [TEST_STEP][PASSED] - out.println("Baris ke = " + rowIndex): null

2024-01-22 17:51:40 - [TEST_STEP][PASSED] - click(findTestObject("Stockbit/input__BandarmologyOpenStartDate")): Object: 'Object Repository/Stockbit/input__BandarmologyOpenStartDate' is clicked on

2024-01-22 17:51:42 - [MESSAGE][PASSED] - Object: 'Object Repository/Stockbit/input__BandarmologyOpenStartDate' is clicked on

2024-01-22 17:51:42 - [TEST_STEP][PASSED] - sendKeys(findTestObject("Stockbit/input__BandarmologyOpenStartDate"), Keys.chord(CONTROL, "a")): Keys 'CONTROL + a' sent to object: 'Object Repository/Stockbit/input__BandarmologyOpenStartDate'

2024-01-22 17:51:43 - [MESSAGE][PASSED] - Keys 'CONTROL + a' sent to object: 'Object Repository/Stockbit/input__BandarmologyOpenStartDate'

2024-01-22 17:51:43 - [TEST_STEP][PASSED] - sendKeys(findTestObject("Stockbit/input__BandarmologyOpenStartDate"), Keys.chord(BACK_SPACE)): Keys 'BACK_SPACE + ' sent to object: 'Object Repository/Stockbit/input__BandarmologyOpenStartDate'

2024-01-22 17:51:43 - [MESSAGE][PASSED] - Keys 'BACK_SPACE + ' sent to object: 'Object Repository/Stockbit/input__BandarmologyOpenStartDate'

2024-01-22 17:51:43 - [TEST_STEP][PASSED] - setText(findTestObject("Stockbit/input__BandarmologyOpenStartDate"), strTanggal): Text '2024-01-22' is set on object 'Object Repository/Stockbit/input__BandarmologyOpenStartDate'

2024-01-22 17:51:44 - [MESSAGE][PASSED] - Text '2024-01-22' is set on object 'Object Repository/Stockbit/input__BandarmologyOpenStartDate'

2024-01-22 17:51:44 - [TEST_STEP][PASSED] - sendKeys(findTestObject("Stockbit/input__BandarmologyOpenStartDate"), Keys.chord(ENTER)): Keys 'ENTER + ' sent to object: 'Object Repository/Stockbit/input__BandarmologyOpenStartDate'

2024-01-22 17:51:44 - [MESSAGE][PASSED] - Keys 'ENTER + ' sent to object: 'Object Repository/Stockbit/input__BandarmologyOpenStartDate'

2024-01-22 17:51:44 - [TEST_STEP][PASSED] - click(findTestObject("Stockbit/input__BandarmologyOpenEndDate")): Object: 'Object Repository/Stockbit/input__BandarmologyOpenEndDate' is clicked on

2024-01-22 17:51:45 - [MESSAGE][PASSED] - Object: 'Object Repository/Stockbit/input__BandarmologyOpenEndDate' is clicked on

2024-01-22 17:51:45 - [TEST_STEP][PASSED] - sendKeys(findTestObject("Stockbit/input__BandarmologyOpenEndDate"), Keys.chord(CONTROL, "a")): Keys 'CONTROL + a' sent to object: 'Object Repository/Stockbit/input__BandarmologyOpenEndDate'

2024-01-22 17:51:45 - [MESSAGE][PASSED] - Keys 'CONTROL + a' sent to object: 'Object Repository/Stockbit/input__BandarmologyOpenEndDate'

2024-01-22 17:51:45 - [TEST_STEP][PASSED] - sendKeys(findTestObject("Stockbit/input__BandarmologyOpenEndDate"), Keys.chord(BACK_SPACE)): Keys 'BACK_SPACE + ' sent to object: 'Object Repository/Stockbit/input__BandarmologyOpenEndDate'

2024-01-22 17:51:46 - [MESSAGE][PASSED] - Keys 'BACK_SPACE + ' sent to object: 'Object Repository/Stockbit/input__BandarmologyOpenEndDate'

2024-01-22 17:51:46 - [TEST_STEP][PASSED] - setText(findTestObject("Stockbit/input__BandarmologyOpenEndDate"), strTanggal): Text '2024-01-22' is set on object 'Object Repository/Stockbit/input__BandarmologyOpenEndDate'

2024-01-22 17:51:47 - [MESSAGE][PASSED] - Text '2024-01-22' is set on object 'Object Repository/Stockbit/input__BandarmologyOpenEndDate'

2024-01-22 17:51:47 - [TEST_STEP][PASSED] - sendKeys(findTestObject("Stockbit/input__BandarmologyOpenEndDate"), Keys.chord(ENTER)): Keys 'ENTER + ' sent to object: 'Object Repository/Stockbit/input__BandarmologyOpenEndDate'

2024-01-22 17:51:47 - [MESSAGE][PASSED] - Keys 'ENTER + ' sent to object: 'Object Repository/Stockbit/input__BandarmologyOpenEndDate'

2024-01-22 17:51:47 - [TEST_STEP][PASSED] - delay(2): Delayed 2 second(s)

2024-01-22 17:51:49 - [MESSAGE][PASSED] - Delayed 2 second(s)

2024-01-22 17:51:49 - [TEST_STEP][PASSED] - strTemp = getText(findTestObject("Stockbit/Bandarmology_AvgRP")): Text of object 'Object Repository/Stockbit/Bandarmology_AvgRP' is: '65'

2024-01-22 17:51:49 - [MESSAGE][PASSED] - Text of object 'Object Repository/Stockbit/Bandarmology_AvgRP' is: '65'

2024-01-22 17:51:49 - [TEST_STEP][PASSED] - out.println("Bandarmology_AvgRP = " + strTemp): null

2024-01-22 17:51:49 - [TEST_STEP][PASSED] - if (strTemp != "0"): null

2024-01-22 17:51:49 - [TEST_STEP][PASSED] - strTop1 = getText(findTestObject("Stockbit/Bandarmology_Top1")): Text of object 'Object Repository/Stockbit/Bandarmology_Top1' is: 'Big Acc'

2024-01-22 17:51:49 - [MESSAGE][PASSED] - Text of object 'Object Repository/Stockbit/Bandarmology_Top1' is: 'Big Acc'

2024-01-22 17:51:49 - [TEST_STEP][PASSED] - strTop3 = getText(findTestObject("Stockbit/Bandarmology_Top3")): Text of object 'Object Repository/Stockbit/Bandarmology_Top3' is: 'Normal Acc'

2024-01-22 17:51:50 - [MESSAGE][PASSED] - Text of object 'Object Repository/Stockbit/Bandarmology_Top3' is: 'Normal Acc'

2024-01-22 17:51:50 - [TEST_STEP][PASSED] - strTop5 = getText(findTestObject("Stockbit/Bandarmology_Top5")): Text of object 'Object Repository/Stockbit/Bandarmology_Top5' is: 'Small Acc'

2024-01-22 17:51:50 - [MESSAGE][PASSED] - Text of object 'Object Repository/Stockbit/Bandarmology_Top5' is: 'Small Acc'

2024-01-22 17:51:50 - [TEST_STEP][PASSED] - strAllBrokAvg = getText(findTestObject("Stockbit/Bandarmology_TopAVG")): Text of object 'Object Repository/Stockbit/Bandarmology_TopAVG' is: 'Normal Acc'

2024-01-22 17:51:50 - [MESSAGE][PASSED] - Text of object 'Object Repository/Stockbit/Bandarmology_TopAVG' is: 'Normal Acc'

2024-01-22 17:51:50 - [TEST_STEP][PASSED] - strTemp = getText(findTestObject("Stockbit/Bandarmology_AvgRP")): Text of object 'Object Repository/Stockbit/Bandarmology_AvgRP' is: '65'

2024-01-22 17:51:50 - [MESSAGE][PASSED] - Text of object 'Object Repository/Stockbit/Bandarmology_AvgRP' is: '65'

2024-01-22 17:51:50 - [TEST_STEP][PASSED] - if (strTemp.contains(",")): null

2024-01-22 17:51:50 - [TEST_STEP][PASSED] - intAvgRP = strTemp.toInteger(): null

2024-01-22 17:51:50 - [TEST_STEP][PASSED] - strBuyer1 = getText(findTestObject("Stockbit/Bandarmology_Buyer1")): Text of object 'Object Repository/Stockbit/Bandarmology_Buyer1' is: 'TP'

2024-01-22 17:51:50 - [MESSAGE][PASSED] - Text of object 'Object Repository/Stockbit/Bandarmology_Buyer1' is: 'TP'

2024-01-22 17:51:50 - [TEST_STEP][PASSED] - strBuyerVol1 = getText(findTestObject("Stockbit/Bandarmology_BuyerVol1")): Text of object 'Object Repository/Stockbit/Bandarmology_BuyerVol1' is: '7.7 K'

2024-01-22 17:51:50 - [MESSAGE][PASSED] - Text of object 'Object Repository/Stockbit/Bandarmology_BuyerVol1' is: '7.7 K'

2024-01-22 17:51:50 - [TEST_STEP][PASSED] - strBuyerAvg1 = getText(findTestObject("Stockbit/Bandarmology_BuyerAvg1")): Text of object 'Object Repository/Stockbit/Bandarmology_BuyerAvg1' is: '65'

2024-01-22 17:51:50 - [MESSAGE][PASSED] - Text of object 'Object Repository/Stockbit/Bandarmology_BuyerAvg1' is: '65'

2024-01-22 17:51:50 - [TEST_STEP][PASSED] - if (strBuyerAvg1.contains(",")): null

2024-01-22 17:51:50 - [TEST_STEP][PASSED] - if (strBuyerVol1.contains(" B")): null

2024-01-22 17:51:50 - [TEST_STEP][PASSED] - else if (strBuyerVol1.contains(" M")): null

2024-01-22 17:51:50 - [TEST_STEP][PASSED] - else if (strBuyerVol1.contains(" K")): null

2024-01-22 17:51:50 - [TEST_STEP][PASSED] - strBuyerVol1 = strBuyerVol1.replace(" K", ""): null

2024-01-22 17:51:50 - [TEST_STEP][PASSED] - strBuyerVol1 = strBuyerVol1.toDouble() * 1000: null

2024-01-22 17:51:50 - [TEST_STEP][PASSED] - strSeller1 = getText(findTestObject("Stockbit/Bandarmology_Seller1")): Text of object 'Object Repository/Stockbit/Bandarmology_Seller1' is: 'NI'

2024-01-22 17:51:51 - [MESSAGE][PASSED] - Text of object 'Object Repository/Stockbit/Bandarmology_Seller1' is: 'NI'

2024-01-22 17:51:51 - [TEST_STEP][PASSED] - strSellerVol1 = getText(findTestObject("Stockbit/Bandarmology_SellerVol1")): Text of object 'Object Repository/Stockbit/Bandarmology_SellerVol1' is: '4.4 K'

2024-01-22 17:51:51 - [MESSAGE][PASSED] - Text of object 'Object Repository/Stockbit/Bandarmology_SellerVol1' is: '4.4 K'

2024-01-22 17:51:51 - [TEST_STEP][PASSED] - strSellerAvg1 = getText(findTestObject("Stockbit/Bandarmology_SellerAvg1")): Text of object 'Object Repository/Stockbit/Bandarmology_SellerAvg1' is: '64'

2024-01-22 17:51:51 - [MESSAGE][PASSED] - Text of object 'Object Repository/Stockbit/Bandarmology_SellerAvg1' is: '64'

2024-01-22 17:51:51 - [TEST_STEP][PASSED] - if (strSellerAvg1.contains(",")): null

2024-01-22 17:51:51 - [TEST_STEP][PASSED] - if (strSellerVol1.contains(" B")): null

2024-01-22 17:51:51 - [TEST_STEP][PASSED] - else if (strSellerVol1.contains(" M")): null

2024-01-22 17:51:51 - [TEST_STEP][PASSED] - else if (strSellerVol1.contains(" K")): null

2024-01-22 17:51:51 - [TEST_STEP][PASSED] - strSellerVol1 = strSellerVol1.replace(" K", ""): null

2024-01-22 17:51:51 - [TEST_STEP][PASSED] - strSellerVol1 = strSellerVol1.toDouble() * 1000: null

2024-01-22 17:51:51 - [TEST_STEP][PASSED] - if (verifyElementNotPresent(findTestObject("Stockbit/Bandarmology_Buyer2"), 1, OPTIONAL)): Web element with id: 'Object Repository/Stockbit/Bandarmology_Buyer2' located by 'By.xpath: //*[contains(@id, 'rc-tabs-')]/div[2]/div/div/div/div/div/div[2]/table/tbody/tr[3]/td[1]/p' is present after '1' second(s) (Root cause: com.kms.katalon.core.exception.StepFailedException: Web element with id: 'Object Repository/Stockbit/Bandarmology_Buyer2' located by 'By.xpath: //*[contains(@id, 'rc-tabs-')]/div[2]/div/div/div/div/div/div[2]/table/tbody/tr[3]/td[1]/p' is present after '1' second(s)
	at com.kms.katalon.core.webui.keyword.internal.WebUIKeywordMain.stepFailed(WebUIKeywordMain.groovy:64)
	at com.kms.katalon.core.webui.keyword.internal.WebUIKeywordMain$stepFailed$0.call(Unknown Source)
	at com.kms.katalon.core.webui.keyword.builtin.VerifyElementNotPresentKeyword$_verifyElementNotPresent_closure1.doCall(VerifyElementNotPresentKeyword.groovy:106)
	at com.kms.katalon.core.webui.keyword.builtin.VerifyElementNotPresentKeyword$_verifyElementNotPresent_closure1.doCall(VerifyElementNotPresentKeyword.groovy)
	at com.kms.katalon.core.webui.keyword.internal.WebUIKeywordMain.runKeyword(WebUIKeywordMain.groovy:20)
	at com.kms.katalon.core.webui.keyword.internal.WebUIKeywordMain$runKeyword.call(Unknown Source)
	at com.kms.katalon.core.webui.keyword.builtin.VerifyElementNotPresentKeyword.verifyElementNotPresent(VerifyElementNotPresentKeyword.groovy:117)
	at com.kms.katalon.core.webui.keyword.builtin.VerifyElementNotPresentKeyword.execute(VerifyElementNotPresentKeyword.groovy:68)
	at com.kms.katalon.core.keyword.internal.KeywordExecutor.executeKeywordForPlatform(KeywordExecutor.groovy:74)
	at com.kms.katalon.core.webui.keyword.WebUiBuiltInKeywords.verifyElementNotPresent(WebUiBuiltInKeywords.groovy:1481)
	at com.kms.katalon.core.webui.keyword.WebUiBuiltInKeywords$verifyElementNotPresent$8.call(Unknown Source)
	at GetBrokSumPriceDaily.run(GetBrokSumPriceDaily:258)
	at com.kms.katalon.core.main.ScriptEngine.run(ScriptEngine.java:194)
	at com.kms.katalon.core.main.ScriptEngine.runScriptAsRawText(ScriptEngine.java:119)
	at com.kms.katalon.core.main.TestCaseExecutor.runScript(TestCaseExecutor.java:445)
	at com.kms.katalon.core.main.TestCaseExecutor.doExecute(TestCaseExecutor.java:436)
	at com.kms.katalon.core.main.TestCaseExecutor.processExecutionPhase(TestCaseExecutor.java:415)
	at com.kms.katalon.core.main.TestCaseExecutor.accessMainPhase(TestCaseExecutor.java:407)
	at com.kms.katalon.core.main.TestCaseExecutor.execute(TestCaseExecutor.java:284)
	at com.kms.katalon.core.common.CommonExecutor.accessTestCaseMainPhase(CommonExecutor.java:65)
	at com.kms.katalon.core.main.TestSuiteExecutor.accessTestSuiteMainPhase(TestSuiteExecutor.java:144)
	at com.kms.katalon.core.main.TestSuiteExecutor.execute(TestSuiteExecutor.java:106)
	at com.kms.katalon.core.main.TestCaseMain.startTestSuite(TestCaseMain.java:185)
	at com.kms.katalon.core.main.TestCaseMain$startTestSuite$0.call(Unknown Source)
	at TempTestSuite1705920083951.run(TempTestSuite1705920083951.groovy:36)
)

2024-01-22 17:51:52 - [MESSAGE][WARNING] - Web element with id: 'Object Repository/Stockbit/Bandarmology_Buyer2' located by 'By.xpath: //*[contains(@id, 'rc-tabs-')]/div[2]/div/div/div/div/div/div[2]/table/tbody/tr[3]/td[1]/p' is present after '1' second(s) (Root cause: com.kms.katalon.core.exception.StepFailedException: Web element with id: 'Object Repository/Stockbit/Bandarmology_Buyer2' located by 'By.xpath: //*[contains(@id, 'rc-tabs-')]/div[2]/div/div/div/div/div/div[2]/table/tbody/tr[3]/td[1]/p' is present after '1' second(s)
	at com.kms.katalon.core.webui.keyword.internal.WebUIKeywordMain.stepFailed(WebUIKeywordMain.groovy:64)
	at com.kms.katalon.core.webui.keyword.internal.WebUIKeywordMain$stepFailed$0.call(Unknown Source)
	at com.kms.katalon.core.webui.keyword.builtin.VerifyElementNotPresentKeyword$_verifyElementNotPresent_closure1.doCall(VerifyElementNotPresentKeyword.groovy:106)
	at com.kms.katalon.core.webui.keyword.builtin.VerifyElementNotPresentKeyword$_verifyElementNotPresent_closure1.doCall(VerifyElementNotPresentKeyword.groovy)
	at com.kms.katalon.core.webui.keyword.internal.WebUIKeywordMain.runKeyword(WebUIKeywordMain.groovy:20)
	at com.kms.katalon.core.webui.keyword.internal.WebUIKeywordMain$runKeyword.call(Unknown Source)
	at com.kms.katalon.core.webui.keyword.builtin.VerifyElementNotPresentKeyword.verifyElementNotPresent(VerifyElementNotPresentKeyword.groovy:117)
	at com.kms.katalon.core.webui.keyword.builtin.VerifyElementNotPresentKeyword.execute(VerifyElementNotPresentKeyword.groovy:68)
	at com.kms.katalon.core.keyword.internal.KeywordExecutor.executeKeywordForPlatform(KeywordExecutor.groovy:74)
	at com.kms.katalon.core.webui.keyword.WebUiBuiltInKeywords.verifyElementNotPresent(WebUiBuiltInKeywords.groovy:1481)
	at com.kms.katalon.core.webui.keyword.WebUiBuiltInKeywords$verifyElementNotPresent$8.call(Unknown Source)
	at GetBrokSumPriceDaily.run(GetBrokSumPriceDaily:258)
	at com.kms.katalon.core.main.ScriptEngine.run(ScriptEngine.java:194)
	at com.kms.katalon.core.main.ScriptEngine.runScriptAsRawText(ScriptEngine.java:119)
	at com.kms.katalon.core.main.TestCaseExecutor.runScript(TestCaseExecutor.java:445)
	at com.kms.katalon.core.main.TestCaseExecutor.doExecute(TestCaseExecutor.java:436)
	at com.kms.katalon.core.main.TestCaseExecutor.processExecutionPhase(TestCaseExecutor.java:415)
	at com.kms.katalon.core.main.TestCaseExecutor.accessMainPhase(TestCaseExecutor.java:407)
	at com.kms.katalon.core.main.TestCaseExecutor.execute(TestCaseExecutor.java:284)
	at com.kms.katalon.core.common.CommonExecutor.accessTestCaseMainPhase(CommonExecutor.java:65)
	at com.kms.katalon.core.main.TestSuiteExecutor.accessTestSuiteMainPhase(TestSuiteExecutor.java:144)
	at com.kms.katalon.core.main.TestSuiteExecutor.execute(TestSuiteExecutor.java:106)
	at com.kms.katalon.core.main.TestCaseMain.startTestSuite(TestCaseMain.java:185)
	at com.kms.katalon.core.main.TestCaseMain$startTestSuite$0.call(Unknown Source)
	at TempTestSuite1705920083951.run(TempTestSuite1705920083951.groovy:36)
)
[[ATTACHMENT|C:\\Users\\Fadli\\git\\KatalonDailyGetData2\\Reports\\20240122_174123\\TS1\\20240122_174123\\1705920712613.png]]

2024-01-22 17:51:52 - [TEST_STEP][PASSED] - else: null

2024-01-22 17:51:52 - [TEST_STEP][PASSED] - strBuyer2 = getText(findTestObject("Stockbit/Bandarmology_Buyer2")): Text of object 'Object Repository/Stockbit/Bandarmology_Buyer2' is: 'PD'

2024-01-22 17:51:52 - [MESSAGE][PASSED] - Text of object 'Object Repository/Stockbit/Bandarmology_Buyer2' is: 'PD'

2024-01-22 17:51:52 - [TEST_STEP][PASSED] - strBuyerVol2 = getText(findTestObject("Stockbit/Bandarmology_BuyerVol2")): Text of object 'Object Repository/Stockbit/Bandarmology_BuyerVol2' is: '3.7 K'

2024-01-22 17:51:53 - [MESSAGE][PASSED] - Text of object 'Object Repository/Stockbit/Bandarmology_BuyerVol2' is: '3.7 K'

2024-01-22 17:51:53 - [TEST_STEP][PASSED] - strBuyerAvg2 = getText(findTestObject("Stockbit/Bandarmology_BuyerAvg2")): Text of object 'Object Repository/Stockbit/Bandarmology_BuyerAvg2' is: '65'

2024-01-22 17:51:53 - [MESSAGE][PASSED] - Text of object 'Object Repository/Stockbit/Bandarmology_BuyerAvg2' is: '65'

2024-01-22 17:51:53 - [TEST_STEP][PASSED] - if (strBuyer2 != ""): null

2024-01-22 17:51:53 - [TEST_STEP][PASSED] - if (strBuyerAvg2.contains(",")): null

2024-01-22 17:51:53 - [TEST_STEP][PASSED] - if (strBuyerVol2.contains(" B")): null

2024-01-22 17:51:53 - [TEST_STEP][PASSED] - else if (strBuyerVol2.contains(" M")): null

2024-01-22 17:51:53 - [TEST_STEP][PASSED] - else if (strBuyerVol2.contains(" K")): null

2024-01-22 17:51:53 - [TEST_STEP][PASSED] - strBuyerVol2 = strBuyerVol2.replace(" K", ""): null

2024-01-22 17:51:53 - [TEST_STEP][PASSED] - strBuyerVol2 = strBuyerVol2.toDouble() * 1000: null

2024-01-22 17:51:53 - [TEST_STEP][PASSED] - if (strBuyerVol2.contains(".")): null

2024-01-22 17:51:53 - [TEST_STEP][PASSED] - strBuyerVal2 = strBuyerVol2.replace(".", ""): null

2024-01-22 17:51:53 - [TEST_STEP][PASSED] - if (verifyElementNotPresent(findTestObject("Stockbit/Bandarmology_Seller2"), 1, OPTIONAL)): Web element with id: 'Object Repository/Stockbit/Bandarmology_Seller2' located by 'By.xpath: //*[contains(@id, 'rc-tabs-')]/div[2]/div/div/div/div/div/div[2]/table/tbody/tr[3]/td[5]/p' is present after '1' second(s) (Root cause: com.kms.katalon.core.exception.StepFailedException: Web element with id: 'Object Repository/Stockbit/Bandarmology_Seller2' located by 'By.xpath: //*[contains(@id, 'rc-tabs-')]/div[2]/div/div/div/div/div/div[2]/table/tbody/tr[3]/td[5]/p' is present after '1' second(s)
	at com.kms.katalon.core.webui.keyword.internal.WebUIKeywordMain.stepFailed(WebUIKeywordMain.groovy:64)
	at com.kms.katalon.core.webui.keyword.internal.WebUIKeywordMain$stepFailed$0.call(Unknown Source)
	at com.kms.katalon.core.webui.keyword.builtin.VerifyElementNotPresentKeyword$_verifyElementNotPresent_closure1.doCall(VerifyElementNotPresentKeyword.groovy:106)
	at com.kms.katalon.core.webui.keyword.builtin.VerifyElementNotPresentKeyword$_verifyElementNotPresent_closure1.doCall(VerifyElementNotPresentKeyword.groovy)
	at com.kms.katalon.core.webui.keyword.internal.WebUIKeywordMain.runKeyword(WebUIKeywordMain.groovy:20)
	at com.kms.katalon.core.webui.keyword.internal.WebUIKeywordMain$runKeyword.call(Unknown Source)
	at com.kms.katalon.core.webui.keyword.builtin.VerifyElementNotPresentKeyword.verifyElementNotPresent(VerifyElementNotPresentKeyword.groovy:117)
	at com.kms.katalon.core.webui.keyword.builtin.VerifyElementNotPresentKeyword.execute(VerifyElementNotPresentKeyword.groovy:68)
	at com.kms.katalon.core.keyword.internal.KeywordExecutor.executeKeywordForPlatform(KeywordExecutor.groovy:74)
	at com.kms.katalon.core.webui.keyword.WebUiBuiltInKeywords.verifyElementNotPresent(WebUiBuiltInKeywords.groovy:1481)
	at com.kms.katalon.core.webui.keyword.WebUiBuiltInKeywords$verifyElementNotPresent$8.call(Unknown Source)
	at GetBrokSumPriceDaily.run(GetBrokSumPriceDaily:309)
	at com.kms.katalon.core.main.ScriptEngine.run(ScriptEngine.java:194)
	at com.kms.katalon.core.main.ScriptEngine.runScriptAsRawText(ScriptEngine.java:119)
	at com.kms.katalon.core.main.TestCaseExecutor.runScript(TestCaseExecutor.java:445)
	at com.kms.katalon.core.main.TestCaseExecutor.doExecute(TestCaseExecutor.java:436)
	at com.kms.katalon.core.main.TestCaseExecutor.processExecutionPhase(TestCaseExecutor.java:415)
	at com.kms.katalon.core.main.TestCaseExecutor.accessMainPhase(TestCaseExecutor.java:407)
	at com.kms.katalon.core.main.TestCaseExecutor.execute(TestCaseExecutor.java:284)
	at com.kms.katalon.core.common.CommonExecutor.accessTestCaseMainPhase(CommonExecutor.java:65)
	at com.kms.katalon.core.main.TestSuiteExecutor.accessTestSuiteMainPhase(TestSuiteExecutor.java:144)
	at com.kms.katalon.core.main.TestSuiteExecutor.execute(TestSuiteExecutor.java:106)
	at com.kms.katalon.core.main.TestCaseMain.startTestSuite(TestCaseMain.java:185)
	at com.kms.katalon.core.main.TestCaseMain$startTestSuite$0.call(Unknown Source)
	at TempTestSuite1705920083951.run(TempTestSuite1705920083951.groovy:36)
)

2024-01-22 17:51:54 - [MESSAGE][WARNING] - Web element with id: 'Object Repository/Stockbit/Bandarmology_Seller2' located by 'By.xpath: //*[contains(@id, 'rc-tabs-')]/div[2]/div/div/div/div/div/div[2]/table/tbody/tr[3]/td[5]/p' is present after '1' second(s) (Root cause: com.kms.katalon.core.exception.StepFailedException: Web element with id: 'Object Repository/Stockbit/Bandarmology_Seller2' located by 'By.xpath: //*[contains(@id, 'rc-tabs-')]/div[2]/div/div/div/div/div/div[2]/table/tbody/tr[3]/td[5]/p' is present after '1' second(s)
	at com.kms.katalon.core.webui.keyword.internal.WebUIKeywordMain.stepFailed(WebUIKeywordMain.groovy:64)
	at com.kms.katalon.core.webui.keyword.internal.WebUIKeywordMain$stepFailed$0.call(Unknown Source)
	at com.kms.katalon.core.webui.keyword.builtin.VerifyElementNotPresentKeyword$_verifyElementNotPresent_closure1.doCall(VerifyElementNotPresentKeyword.groovy:106)
	at com.kms.katalon.core.webui.keyword.builtin.VerifyElementNotPresentKeyword$_verifyElementNotPresent_closure1.doCall(VerifyElementNotPresentKeyword.groovy)
	at com.kms.katalon.core.webui.keyword.internal.WebUIKeywordMain.runKeyword(WebUIKeywordMain.groovy:20)
	at com.kms.katalon.core.webui.keyword.internal.WebUIKeywordMain$runKeyword.call(Unknown Source)
	at com.kms.katalon.core.webui.keyword.builtin.VerifyElementNotPresentKeyword.verifyElementNotPresent(VerifyElementNotPresentKeyword.groovy:117)
	at com.kms.katalon.core.webui.keyword.builtin.VerifyElementNotPresentKeyword.execute(VerifyElementNotPresentKeyword.groovy:68)
	at com.kms.katalon.core.keyword.internal.KeywordExecutor.executeKeywordForPlatform(KeywordExecutor.groovy:74)
	at com.kms.katalon.core.webui.keyword.WebUiBuiltInKeywords.verifyElementNotPresent(WebUiBuiltInKeywords.groovy:1481)
	at com.kms.katalon.core.webui.keyword.WebUiBuiltInKeywords$verifyElementNotPresent$8.call(Unknown Source)
	at GetBrokSumPriceDaily.run(GetBrokSumPriceDaily:309)
	at com.kms.katalon.core.main.ScriptEngine.run(ScriptEngine.java:194)
	at com.kms.katalon.core.main.ScriptEngine.runScriptAsRawText(ScriptEngine.java:119)
	at com.kms.katalon.core.main.TestCaseExecutor.runScript(TestCaseExecutor.java:445)
	at com.kms.katalon.core.main.TestCaseExecutor.doExecute(TestCaseExecutor.java:436)
	at com.kms.katalon.core.main.TestCaseExecutor.processExecutionPhase(TestCaseExecutor.java:415)
	at com.kms.katalon.core.main.TestCaseExecutor.accessMainPhase(TestCaseExecutor.java:407)
	at com.kms.katalon.core.main.TestCaseExecutor.execute(TestCaseExecutor.java:284)
	at com.kms.katalon.core.common.CommonExecutor.accessTestCaseMainPhase(CommonExecutor.java:65)
	at com.kms.katalon.core.main.TestSuiteExecutor.accessTestSuiteMainPhase(TestSuiteExecutor.java:144)
	at com.kms.katalon.core.main.TestSuiteExecutor.execute(TestSuiteExecutor.java:106)
	at com.kms.katalon.core.main.TestCaseMain.startTestSuite(TestCaseMain.java:185)
	at com.kms.katalon.core.main.TestCaseMain$startTestSuite$0.call(Unknown Source)
	at TempTestSuite1705920083951.run(TempTestSuite1705920083951.groovy:36)
)
[[ATTACHMENT|C:\\Users\\Fadli\\git\\KatalonDailyGetData2\\Reports\\20240122_174123\\TS1\\20240122_174123\\1705920714505.png]]

2024-01-22 17:51:54 - [TEST_STEP][PASSED] - else: null

2024-01-22 17:51:54 - [TEST_STEP][PASSED] - strSeller2 = getText(findTestObject("Stockbit/Bandarmology_Seller2")): Text of object 'Object Repository/Stockbit/Bandarmology_Seller2' is: 'XL'

2024-01-22 17:51:54 - [MESSAGE][PASSED] - Text of object 'Object Repository/Stockbit/Bandarmology_Seller2' is: 'XL'

2024-01-22 17:51:54 - [TEST_STEP][PASSED] - strSellerVol2 = getText(findTestObject("Stockbit/Bandarmology_SellerVol2")): Text of object 'Object Repository/Stockbit/Bandarmology_SellerVol2' is: '3.8 K'

2024-01-22 17:51:55 - [MESSAGE][PASSED] - Text of object 'Object Repository/Stockbit/Bandarmology_SellerVol2' is: '3.8 K'

2024-01-22 17:51:55 - [TEST_STEP][PASSED] - strSellerAvg2 = getText(findTestObject("Stockbit/Bandarmology_SellerAvg2")): Text of object 'Object Repository/Stockbit/Bandarmology_SellerAvg2' is: '65'

2024-01-22 17:51:55 - [MESSAGE][PASSED] - Text of object 'Object Repository/Stockbit/Bandarmology_SellerAvg2' is: '65'

2024-01-22 17:51:55 - [TEST_STEP][PASSED] - if (strSeller2 != ""): null

2024-01-22 17:51:55 - [TEST_STEP][PASSED] - if (strSellerAvg2.contains(",")): null

2024-01-22 17:51:55 - [TEST_STEP][PASSED] - if (strSellerVol2.contains(" B")): null

2024-01-22 17:51:55 - [TEST_STEP][PASSED] - else if (strSellerVol2.contains(" M")): null

2024-01-22 17:51:55 - [TEST_STEP][PASSED] - else if (strSellerVol2.contains(" K")): null

2024-01-22 17:51:55 - [TEST_STEP][PASSED] - strSellerVol2 = strSellerVol2.replace(" K", ""): null

2024-01-22 17:51:55 - [TEST_STEP][PASSED] - strSellerVol2 = strSellerVol2.toDouble() * 1000: null

2024-01-22 17:51:55 - [TEST_STEP][PASSED] - if (verifyElementNotPresent(findTestObject("Stockbit/Bandarmology_Buyer3"), 1, OPTIONAL)): Web element with id: 'Object Repository/Stockbit/Bandarmology_Buyer3' located by 'By.xpath: //*[contains(@id, 'rc-tabs-')]/div[2]/div/div/div/div/div/div[2]/table/tbody/tr[4]/td[1]/p' is present after '1' second(s) (Root cause: com.kms.katalon.core.exception.StepFailedException: Web element with id: 'Object Repository/Stockbit/Bandarmology_Buyer3' located by 'By.xpath: //*[contains(@id, 'rc-tabs-')]/div[2]/div/div/div/div/div/div[2]/table/tbody/tr[4]/td[1]/p' is present after '1' second(s)
	at com.kms.katalon.core.webui.keyword.internal.WebUIKeywordMain.stepFailed(WebUIKeywordMain.groovy:64)
	at com.kms.katalon.core.webui.keyword.internal.WebUIKeywordMain$stepFailed$0.call(Unknown Source)
	at com.kms.katalon.core.webui.keyword.builtin.VerifyElementNotPresentKeyword$_verifyElementNotPresent_closure1.doCall(VerifyElementNotPresentKeyword.groovy:106)
	at com.kms.katalon.core.webui.keyword.builtin.VerifyElementNotPresentKeyword$_verifyElementNotPresent_closure1.doCall(VerifyElementNotPresentKeyword.groovy)
	at com.kms.katalon.core.webui.keyword.internal.WebUIKeywordMain.runKeyword(WebUIKeywordMain.groovy:20)
	at com.kms.katalon.core.webui.keyword.internal.WebUIKeywordMain$runKeyword.call(Unknown Source)
	at com.kms.katalon.core.webui.keyword.builtin.VerifyElementNotPresentKeyword.verifyElementNotPresent(VerifyElementNotPresentKeyword.groovy:117)
	at com.kms.katalon.core.webui.keyword.builtin.VerifyElementNotPresentKeyword.execute(VerifyElementNotPresentKeyword.groovy:68)
	at com.kms.katalon.core.keyword.internal.KeywordExecutor.executeKeywordForPlatform(KeywordExecutor.groovy:74)
	at com.kms.katalon.core.webui.keyword.WebUiBuiltInKeywords.verifyElementNotPresent(WebUiBuiltInKeywords.groovy:1481)
	at com.kms.katalon.core.webui.keyword.WebUiBuiltInKeywords$verifyElementNotPresent$8.call(Unknown Source)
	at GetBrokSumPriceDaily.run(GetBrokSumPriceDaily:361)
	at com.kms.katalon.core.main.ScriptEngine.run(ScriptEngine.java:194)
	at com.kms.katalon.core.main.ScriptEngine.runScriptAsRawText(ScriptEngine.java:119)
	at com.kms.katalon.core.main.TestCaseExecutor.runScript(TestCaseExecutor.java:445)
	at com.kms.katalon.core.main.TestCaseExecutor.doExecute(TestCaseExecutor.java:436)
	at com.kms.katalon.core.main.TestCaseExecutor.processExecutionPhase(TestCaseExecutor.java:415)
	at com.kms.katalon.core.main.TestCaseExecutor.accessMainPhase(TestCaseExecutor.java:407)
	at com.kms.katalon.core.main.TestCaseExecutor.execute(TestCaseExecutor.java:284)
	at com.kms.katalon.core.common.CommonExecutor.accessTestCaseMainPhase(CommonExecutor.java:65)
	at com.kms.katalon.core.main.TestSuiteExecutor.accessTestSuiteMainPhase(TestSuiteExecutor.java:144)
	at com.kms.katalon.core.main.TestSuiteExecutor.execute(TestSuiteExecutor.java:106)
	at com.kms.katalon.core.main.TestCaseMain.startTestSuite(TestCaseMain.java:185)
	at com.kms.katalon.core.main.TestCaseMain$startTestSuite$0.call(Unknown Source)
	at TempTestSuite1705920083951.run(TempTestSuite1705920083951.groovy:36)
)

2024-01-22 17:51:56 - [MESSAGE][WARNING] - Web element with id: 'Object Repository/Stockbit/Bandarmology_Buyer3' located by 'By.xpath: //*[contains(@id, 'rc-tabs-')]/div[2]/div/div/div/div/div/div[2]/table/tbody/tr[4]/td[1]/p' is present after '1' second(s) (Root cause: com.kms.katalon.core.exception.StepFailedException: Web element with id: 'Object Repository/Stockbit/Bandarmology_Buyer3' located by 'By.xpath: //*[contains(@id, 'rc-tabs-')]/div[2]/div/div/div/div/div/div[2]/table/tbody/tr[4]/td[1]/p' is present after '1' second(s)
	at com.kms.katalon.core.webui.keyword.internal.WebUIKeywordMain.stepFailed(WebUIKeywordMain.groovy:64)
	at com.kms.katalon.core.webui.keyword.internal.WebUIKeywordMain$stepFailed$0.call(Unknown Source)
	at com.kms.katalon.core.webui.keyword.builtin.VerifyElementNotPresentKeyword$_verifyElementNotPresent_closure1.doCall(VerifyElementNotPresentKeyword.groovy:106)
	at com.kms.katalon.core.webui.keyword.builtin.VerifyElementNotPresentKeyword$_verifyElementNotPresent_closure1.doCall(VerifyElementNotPresentKeyword.groovy)
	at com.kms.katalon.core.webui.keyword.internal.WebUIKeywordMain.runKeyword(WebUIKeywordMain.groovy:20)
	at com.kms.katalon.core.webui.keyword.internal.WebUIKeywordMain$runKeyword.call(Unknown Source)
	at com.kms.katalon.core.webui.keyword.builtin.VerifyElementNotPresentKeyword.verifyElementNotPresent(VerifyElementNotPresentKeyword.groovy:117)
	at com.kms.katalon.core.webui.keyword.builtin.VerifyElementNotPresentKeyword.execute(VerifyElementNotPresentKeyword.groovy:68)
	at com.kms.katalon.core.keyword.internal.KeywordExecutor.executeKeywordForPlatform(KeywordExecutor.groovy:74)
	at com.kms.katalon.core.webui.keyword.WebUiBuiltInKeywords.verifyElementNotPresent(WebUiBuiltInKeywords.groovy:1481)
	at com.kms.katalon.core.webui.keyword.WebUiBuiltInKeywords$verifyElementNotPresent$8.call(Unknown Source)
	at GetBrokSumPriceDaily.run(GetBrokSumPriceDaily:361)
	at com.kms.katalon.core.main.ScriptEngine.run(ScriptEngine.java:194)
	at com.kms.katalon.core.main.ScriptEngine.runScriptAsRawText(ScriptEngine.java:119)
	at com.kms.katalon.core.main.TestCaseExecutor.runScript(TestCaseExecutor.java:445)
	at com.kms.katalon.core.main.TestCaseExecutor.doExecute(TestCaseExecutor.java:436)
	at com.kms.katalon.core.main.TestCaseExecutor.processExecutionPhase(TestCaseExecutor.java:415)
	at com.kms.katalon.core.main.TestCaseExecutor.accessMainPhase(TestCaseExecutor.java:407)
	at com.kms.katalon.core.main.TestCaseExecutor.execute(TestCaseExecutor.java:284)
	at com.kms.katalon.core.common.CommonExecutor.accessTestCaseMainPhase(CommonExecutor.java:65)
	at com.kms.katalon.core.main.TestSuiteExecutor.accessTestSuiteMainPhase(TestSuiteExecutor.java:144)
	at com.kms.katalon.core.main.TestSuiteExecutor.execute(TestSuiteExecutor.java:106)
	at com.kms.katalon.core.main.TestCaseMain.startTestSuite(TestCaseMain.java:185)
	at com.kms.katalon.core.main.TestCaseMain$startTestSuite$0.call(Unknown Source)
	at TempTestSuite1705920083951.run(TempTestSuite1705920083951.groovy:36)
)
[[ATTACHMENT|C:\\Users\\Fadli\\git\\KatalonDailyGetData2\\Reports\\20240122_174123\\TS1\\20240122_174123\\1705920716421.png]]

2024-01-22 17:51:56 - [TEST_STEP][PASSED] - else: null

2024-01-22 17:51:56 - [TEST_STEP][PASSED] - strBuyer3 = getText(findTestObject("Stockbit/Bandarmology_Buyer3")): Text of object 'Object Repository/Stockbit/Bandarmology_Buyer3' is: 'LG'

2024-01-22 17:51:56 - [MESSAGE][PASSED] - Text of object 'Object Repository/Stockbit/Bandarmology_Buyer3' is: 'LG'

2024-01-22 17:51:56 - [TEST_STEP][PASSED] - strBuyerVol3 = getText(findTestObject("Stockbit/Bandarmology_BuyerVol3")): Text of object 'Object Repository/Stockbit/Bandarmology_BuyerVol3' is: '900'

2024-01-22 17:51:56 - [MESSAGE][PASSED] - Text of object 'Object Repository/Stockbit/Bandarmology_BuyerVol3' is: '900'

2024-01-22 17:51:56 - [TEST_STEP][PASSED] - strBuyerAvg3 = getText(findTestObject("Stockbit/Bandarmology_BuyerAvg3")): Text of object 'Object Repository/Stockbit/Bandarmology_BuyerAvg3' is: '65'

2024-01-22 17:51:57 - [MESSAGE][PASSED] - Text of object 'Object Repository/Stockbit/Bandarmology_BuyerAvg3' is: '65'

2024-01-22 17:51:57 - [TEST_STEP][PASSED] - if (strBuyer3 != ""): null

2024-01-22 17:51:57 - [TEST_STEP][PASSED] - if (strBuyerAvg3.contains(",")): null

2024-01-22 17:51:57 - [TEST_STEP][PASSED] - if (strBuyerVol3.contains(" B")): null

2024-01-22 17:51:57 - [TEST_STEP][PASSED] - if (verifyElementNotPresent(findTestObject("Stockbit/Bandarmology_Seller3"), 1, OPTIONAL)): Web element with id: 'Object Repository/Stockbit/Bandarmology_Seller3' located by 'By.xpath: //*[contains(@id, 'rc-tabs-')]/div[2]/div/div/div/div/div/div[2]/table/tbody/tr[4]/td[5]/p' is present after '1' second(s) (Root cause: com.kms.katalon.core.exception.StepFailedException: Web element with id: 'Object Repository/Stockbit/Bandarmology_Seller3' located by 'By.xpath: //*[contains(@id, 'rc-tabs-')]/div[2]/div/div/div/div/div/div[2]/table/tbody/tr[4]/td[5]/p' is present after '1' second(s)
	at com.kms.katalon.core.webui.keyword.internal.WebUIKeywordMain.stepFailed(WebUIKeywordMain.groovy:64)
	at com.kms.katalon.core.webui.keyword.internal.WebUIKeywordMain$stepFailed$0.call(Unknown Source)
	at com.kms.katalon.core.webui.keyword.builtin.VerifyElementNotPresentKeyword$_verifyElementNotPresent_closure1.doCall(VerifyElementNotPresentKeyword.groovy:106)
	at com.kms.katalon.core.webui.keyword.builtin.VerifyElementNotPresentKeyword$_verifyElementNotPresent_closure1.doCall(VerifyElementNotPresentKeyword.groovy)
	at com.kms.katalon.core.webui.keyword.internal.WebUIKeywordMain.runKeyword(WebUIKeywordMain.groovy:20)
	at com.kms.katalon.core.webui.keyword.internal.WebUIKeywordMain$runKeyword.call(Unknown Source)
	at com.kms.katalon.core.webui.keyword.builtin.VerifyElementNotPresentKeyword.verifyElementNotPresent(VerifyElementNotPresentKeyword.groovy:117)
	at com.kms.katalon.core.webui.keyword.builtin.VerifyElementNotPresentKeyword.execute(VerifyElementNotPresentKeyword.groovy:68)
	at com.kms.katalon.core.keyword.internal.KeywordExecutor.executeKeywordForPlatform(KeywordExecutor.groovy:74)
	at com.kms.katalon.core.webui.keyword.WebUiBuiltInKeywords.verifyElementNotPresent(WebUiBuiltInKeywords.groovy:1481)
	at com.kms.katalon.core.webui.keyword.WebUiBuiltInKeywords$verifyElementNotPresent$8.call(Unknown Source)
	at GetBrokSumPriceDaily.run(GetBrokSumPriceDaily:414)
	at com.kms.katalon.core.main.ScriptEngine.run(ScriptEngine.java:194)
	at com.kms.katalon.core.main.ScriptEngine.runScriptAsRawText(ScriptEngine.java:119)
	at com.kms.katalon.core.main.TestCaseExecutor.runScript(TestCaseExecutor.java:445)
	at com.kms.katalon.core.main.TestCaseExecutor.doExecute(TestCaseExecutor.java:436)
	at com.kms.katalon.core.main.TestCaseExecutor.processExecutionPhase(TestCaseExecutor.java:415)
	at com.kms.katalon.core.main.TestCaseExecutor.accessMainPhase(TestCaseExecutor.java:407)
	at com.kms.katalon.core.main.TestCaseExecutor.execute(TestCaseExecutor.java:284)
	at com.kms.katalon.core.common.CommonExecutor.accessTestCaseMainPhase(CommonExecutor.java:65)
	at com.kms.katalon.core.main.TestSuiteExecutor.accessTestSuiteMainPhase(TestSuiteExecutor.java:144)
	at com.kms.katalon.core.main.TestSuiteExecutor.execute(TestSuiteExecutor.java:106)
	at com.kms.katalon.core.main.TestCaseMain.startTestSuite(TestCaseMain.java:185)
	at com.kms.katalon.core.main.TestCaseMain$startTestSuite$0.call(Unknown Source)
	at TempTestSuite1705920083951.run(TempTestSuite1705920083951.groovy:36)
)

2024-01-22 17:51:58 - [MESSAGE][WARNING] - Web element with id: 'Object Repository/Stockbit/Bandarmology_Seller3' located by 'By.xpath: //*[contains(@id, 'rc-tabs-')]/div[2]/div/div/div/div/div/div[2]/table/tbody/tr[4]/td[5]/p' is present after '1' second(s) (Root cause: com.kms.katalon.core.exception.StepFailedException: Web element with id: 'Object Repository/Stockbit/Bandarmology_Seller3' located by 'By.xpath: //*[contains(@id, 'rc-tabs-')]/div[2]/div/div/div/div/div/div[2]/table/tbody/tr[4]/td[5]/p' is present after '1' second(s)
	at com.kms.katalon.core.webui.keyword.internal.WebUIKeywordMain.stepFailed(WebUIKeywordMain.groovy:64)
	at com.kms.katalon.core.webui.keyword.internal.WebUIKeywordMain$stepFailed$0.call(Unknown Source)
	at com.kms.katalon.core.webui.keyword.builtin.VerifyElementNotPresentKeyword$_verifyElementNotPresent_closure1.doCall(VerifyElementNotPresentKeyword.groovy:106)
	at com.kms.katalon.core.webui.keyword.builtin.VerifyElementNotPresentKeyword$_verifyElementNotPresent_closure1.doCall(VerifyElementNotPresentKeyword.groovy)
	at com.kms.katalon.core.webui.keyword.internal.WebUIKeywordMain.runKeyword(WebUIKeywordMain.groovy:20)
	at com.kms.katalon.core.webui.keyword.internal.WebUIKeywordMain$runKeyword.call(Unknown Source)
	at com.kms.katalon.core.webui.keyword.builtin.VerifyElementNotPresentKeyword.verifyElementNotPresent(VerifyElementNotPresentKeyword.groovy:117)
	at com.kms.katalon.core.webui.keyword.builtin.VerifyElementNotPresentKeyword.execute(VerifyElementNotPresentKeyword.groovy:68)
	at com.kms.katalon.core.keyword.internal.KeywordExecutor.executeKeywordForPlatform(KeywordExecutor.groovy:74)
	at com.kms.katalon.core.webui.keyword.WebUiBuiltInKeywords.verifyElementNotPresent(WebUiBuiltInKeywords.groovy:1481)
	at com.kms.katalon.core.webui.keyword.WebUiBuiltInKeywords$verifyElementNotPresent$8.call(Unknown Source)
	at GetBrokSumPriceDaily.run(GetBrokSumPriceDaily:414)
	at com.kms.katalon.core.main.ScriptEngine.run(ScriptEngine.java:194)
	at com.kms.katalon.core.main.ScriptEngine.runScriptAsRawText(ScriptEngine.java:119)
	at com.kms.katalon.core.main.TestCaseExecutor.runScript(TestCaseExecutor.java:445)
	at com.kms.katalon.core.main.TestCaseExecutor.doExecute(TestCaseExecutor.java:436)
	at com.kms.katalon.core.main.TestCaseExecutor.processExecutionPhase(TestCaseExecutor.java:415)
	at com.kms.katalon.core.main.TestCaseExecutor.accessMainPhase(TestCaseExecutor.java:407)
	at com.kms.katalon.core.main.TestCaseExecutor.execute(TestCaseExecutor.java:284)
	at com.kms.katalon.core.common.CommonExecutor.accessTestCaseMainPhase(CommonExecutor.java:65)
	at com.kms.katalon.core.main.TestSuiteExecutor.accessTestSuiteMainPhase(TestSuiteExecutor.java:144)
	at com.kms.katalon.core.main.TestSuiteExecutor.execute(TestSuiteExecutor.java:106)
	at com.kms.katalon.core.main.TestCaseMain.startTestSuite(TestCaseMain.java:185)
	at com.kms.katalon.core.main.TestCaseMain$startTestSuite$0.call(Unknown Source)
	at TempTestSuite1705920083951.run(TempTestSuite1705920083951.groovy:36)
)
[[ATTACHMENT|C:\\Users\\Fadli\\git\\KatalonDailyGetData2\\Reports\\20240122_174123\\TS1\\20240122_174123\\1705920718338.png]]

2024-01-22 17:51:58 - [TEST_STEP][PASSED] - else: null

2024-01-22 17:51:58 - [TEST_STEP][PASSED] - strSeller3 = getText(findTestObject("Stockbit/Bandarmology_Seller3")): Text of object 'Object Repository/Stockbit/Bandarmology_Seller3' is: 'SQ'

2024-01-22 17:51:58 - [MESSAGE][PASSED] - Text of object 'Object Repository/Stockbit/Bandarmology_Seller3' is: 'SQ'

2024-01-22 17:51:58 - [TEST_STEP][PASSED] - strSellerVol3 = getText(findTestObject("Stockbit/Bandarmology_SellerVol3")): Text of object 'Object Repository/Stockbit/Bandarmology_SellerVol3' is: '1.7 K'

2024-01-22 17:51:58 - [MESSAGE][PASSED] - Text of object 'Object Repository/Stockbit/Bandarmology_SellerVol3' is: '1.7 K'

2024-01-22 17:51:58 - [TEST_STEP][PASSED] - strSellerAvg3 = getText(findTestObject("Stockbit/Bandarmology_SellerAvg3")): Text of object 'Object Repository/Stockbit/Bandarmology_SellerAvg3' is: '65'

2024-01-22 17:51:59 - [MESSAGE][PASSED] - Text of object 'Object Repository/Stockbit/Bandarmology_SellerAvg3' is: '65'

2024-01-22 17:51:59 - [TEST_STEP][PASSED] - if (strSeller3 != ""): null

2024-01-22 17:51:59 - [TEST_STEP][PASSED] - if (strSellerAvg3.contains(",")): null

2024-01-22 17:51:59 - [TEST_STEP][PASSED] - if (strSellerVol3.contains(" B")): null

2024-01-22 17:51:59 - [TEST_STEP][PASSED] - else if (strSellerVol3.contains(" M")): null

2024-01-22 17:51:59 - [TEST_STEP][PASSED] - else if (strSellerVol3.contains(" K")): null

2024-01-22 17:51:59 - [TEST_STEP][PASSED] - strSellerVol3 = strSellerVol3.replace(" K", ""): null

2024-01-22 17:51:59 - [TEST_STEP][PASSED] - strSellerVol3 = strSellerVol3.toDouble() * 1000: null

2024-01-22 17:51:59 - [TEST_STEP][PASSED] - strAccDist = getText(findTestObject("Stockbit/Bandarmology_AccDist")): Text of object 'Object Repository/Stockbit/Bandarmology_AccDist' is: 'Acc'

2024-01-22 17:51:59 - [MESSAGE][PASSED] - Text of object 'Object Repository/Stockbit/Bandarmology_AccDist' is: 'Acc'

2024-01-22 17:51:59 - [TEST_STEP][PASSED] - strNetVol = getText(findTestObject("Stockbit/Bandarmology_NetVol")): Text of object 'Object Repository/Stockbit/Bandarmology_NetVol' is: '14,073'

2024-01-22 17:51:59 - [MESSAGE][PASSED] - Text of object 'Object Repository/Stockbit/Bandarmology_NetVol' is: '14,073'

2024-01-22 17:51:59 - [TEST_STEP][PASSED] - strNetVol = strNetVol.replace(",", ""): null

2024-01-22 17:51:59 - [TEST_STEP][PASSED] - strNetVal = getText(findTestObject("Stockbit/Bandarmology_NetVal")): Text of object 'Object Repository/Stockbit/Bandarmology_NetVal' is: '0.1 B'

2024-01-22 17:51:59 - [MESSAGE][PASSED] - Text of object 'Object Repository/Stockbit/Bandarmology_NetVal' is: '0.1 B'

2024-01-22 17:51:59 - [TEST_STEP][PASSED] - delay(3): Delayed 3 second(s)

2024-01-22 17:52:02 - [MESSAGE][PASSED] - Delayed 3 second(s)

2024-01-22 17:52:02 - [TEST_STEP][PASSED] - strOpenPrice = getText(findTestObject("Stockbit/Home_OpenPrice")): Text of object 'Object Repository/Stockbit/Home_OpenPrice' is: '66'

2024-01-22 17:52:02 - [MESSAGE][PASSED] - Text of object 'Object Repository/Stockbit/Home_OpenPrice' is: '66'

2024-01-22 17:52:02 - [TEST_STEP][PASSED] - strOpenPrice = strOpenPrice.replace(",", ""): null

2024-01-22 17:52:02 - [TEST_STEP][PASSED] - strLowPrice = getText(findTestObject("Stockbit/Home_LowPrice")): Text of object 'Object Repository/Stockbit/Home_LowPrice' is: '64'

2024-01-22 17:52:02 - [MESSAGE][PASSED] - Text of object 'Object Repository/Stockbit/Home_LowPrice' is: '64'

2024-01-22 17:52:02 - [TEST_STEP][PASSED] - strLowPrice = strLowPrice.replace(",", ""): null

2024-01-22 17:52:02 - [TEST_STEP][PASSED] - strHighPrice = getText(findTestObject("Stockbit/Home_HighPrice")): Text of object 'Object Repository/Stockbit/Home_HighPrice' is: '67'

2024-01-22 17:52:02 - [MESSAGE][PASSED] - Text of object 'Object Repository/Stockbit/Home_HighPrice' is: '67'

2024-01-22 17:52:02 - [TEST_STEP][PASSED] - strHighPrice = strHighPrice.replace(",", ""): null

2024-01-22 17:52:02 - [TEST_STEP][PASSED] - strClosePrice = getText(findTestObject("Stockbit/Home_ClosePrice")): Text of object 'Object Repository/Stockbit/Home_ClosePrice' is: '65'

2024-01-22 17:52:03 - [MESSAGE][PASSED] - Text of object 'Object Repository/Stockbit/Home_ClosePrice' is: '65'

2024-01-22 17:52:03 - [TEST_STEP][PASSED] - strClosePrice = strClosePrice.replace(",", ""): null

2024-01-22 17:52:03 - [TEST_STEP][PASSED] - strVol = getText(findTestObject("Stockbit/Home_Volume")): Text of object 'Object Repository/Stockbit/Home_Volume' is: '24 K'

2024-01-22 17:52:03 - [MESSAGE][PASSED] - Text of object 'Object Repository/Stockbit/Home_Volume' is: '24 K'

2024-01-22 17:52:03 - [TEST_STEP][PASSED] - if (strVol.contains(" K")): null

2024-01-22 17:52:03 - [TEST_STEP][PASSED] - strVol = strVol.replace(" K", "000"): null

2024-01-22 17:52:03 - [TEST_STEP][PASSED] - if (strVol.contains(",")): null

2024-01-22 17:52:03 - [TEST_STEP][PASSED] - strChange = getText(findTestObject("Stockbit/Home_Change")): Text of object 'Object Repository/Stockbit/Home_Change' is: '-1.52%'

2024-01-22 17:52:03 - [MESSAGE][PASSED] - Text of object 'Object Repository/Stockbit/Home_Change' is: '-1.52%'

2024-01-22 17:52:03 - [TEST_STEP][PASSED] - strChange = strChange.replace("%", ""): null

2024-01-22 17:52:03 - [TEST_STEP][PASSED] - strFreq = getText(findTestObject("Stockbit/Home_Freq")): Text of object 'Object Repository/Stockbit/Home_Freq' is: '146'

2024-01-22 17:52:03 - [MESSAGE][PASSED] - Text of object 'Object Repository/Stockbit/Home_Freq' is: '146'

2024-01-22 17:52:03 - [TEST_STEP][PASSED] - if (strFreq.contains(",")): null

2024-01-22 17:52:03 - [TEST_STEP][PASSED] - if (strFreq == "NA" || strFreq == ""): null

2024-01-22 17:52:03 - [TEST_STEP][PASSED] - else: null

2024-01-22 17:52:03 - [TEST_STEP][PASSED] - dblFreqAnal = strVol.toDouble() / strFreq.toDouble() * strFreq.toDouble() * strFreq.toDouble() * 100000000: null

2024-01-22 17:52:03 - [TEST_STEP][PASSED] - strFreqAnal = String.format("%.4f", dblFreqAnal): null

2024-01-22 17:52:03 - [TEST_STEP][PASSED] - out.println("Double strFreqAnal: " + strFreqAnal): null

2024-01-22 17:52:03 - [TEST_STEP][PASSED] - strTanggal = d.format(DateTimeFormatter.ofPattern("yyyy-MM-dd")): null

2024-01-22 17:52:03 - [TEST_STEP][PASSED] - strTanggal = "#" + strTanggal + "#": null

2024-01-22 17:52:03 - [TEST_STEP][PASSED] - strSQL = "select count(*) as JumBaris from TblBrokSum where Nama = '" + strNama + "' and Tanggal = " + strTanggal + "": null

2024-01-22 17:52:03 - [TEST_STEP][PASSED] - resultSet = statement.executeQuery(strSQL): null

2024-01-22 17:52:03 - [TEST_STEP][PASSED] - resultSet.next(): null

2024-01-22 17:52:03 - [TEST_STEP][PASSED] - intJumBaris = resultSet.getInt("JumBaris"): null

2024-01-22 17:52:03 - [TEST_STEP][PASSED] - if (intJumBaris > 0): null

2024-01-22 17:52:03 - [TEST_STEP][PASSED] - else: null

2024-01-22 17:52:03 - [TEST_STEP][PASSED] - try: null

2024-01-22 17:52:03 - [TEST_STEP][PASSED] - out.println("Insert data"): null

2024-01-22 17:52:03 - [TEST_STEP][PASSED] - strSQL = "insert into TblBrokSum (nama, tanggal, top1, top2, top3, AllBrokAvg, AccDist, AvgRP, " + "Buyer1, BuyerVal1, BuyerAvg1, Seller1, SellerVal1, SellerAvg1, Buyer2, BuyerVal2, BuyerAvg2, " + "Seller2, SellerVal2, SellerAvg2, Buyer3, BuyerVal3, BuyerAvg3, Seller3, SellerVal3, SellerAvg3, NetVol, NetVal, " + "OpenPrice, LowPrice, HighPrice, ClosePrice, Volume, Change, Frekuensi, FrekAnal) " + "values ('" + strNama + "', " + strTanggal + ", '" + strTop1 + "', '" + strTop3 + "', '" + strTop5 + "', " + "'" + strAllBrokAvg + "', '" + strAccDist + "', " + intAvgRP + ", '" + strBuyer1 + "', '" + strBuyerVol1 + "', " + strBuyerAvg1 + ", " + "'" + strSeller1 + "', '" + strSellerVol1 + "', " + strSellerAvg1 + ", '" + strBuyer2 + "', '" + strBuyerVol2 + "', " + strBuyerAvg2 + ", " + "'" + strSeller2 + "', '" + strSellerVol2 + "', " + strSellerAvg2 + ", '" + strBuyer3 + "', '" + strBuyerVol3 + "', " + strBuyerAvg3 + ", " + "'" + strSeller3 + "', '" + strSellerVol3 + "', " + strSellerAvg3 + ", " + strNetVol + ", '" + strNetVal + "', " + "" + strOpenPrice + ", " + strLowPrice + ", " + strHighPrice + ", " + strClosePrice + ", '" + strVol + "', " + strChange + ", " + strFreq + ", " + strFreqAnal + ");": null

2024-01-22 17:52:03 - [TEST_STEP][PASSED] - out.println("strSQL = " + strSQL): null

2024-01-22 17:52:03 - [TEST_STEP][PASSED] - statement.executeUpdate(strSQL): null

2024-01-22 17:52:03 - [TEST_STEP][PASSED] - setValueToCellByIndex(sheet01, rowIndex, 4, "DONE"): null

2024-01-22 17:52:03 - [TEST_STEP][PASSED] - saveWorkbook(excelFilePath, workbook01): null

2024-01-22 17:52:03 - [TEST_STEP][PASSED] - waitForElementClickable(findTestObject("Stockbit/menu_Bandarmology"), 10): Object 'Object Repository/Stockbit/menu_Bandarmology' is clickable

2024-01-22 17:52:03 - [MESSAGE][PASSED] - Object 'Object Repository/Stockbit/menu_Bandarmology' is clickable

2024-01-22 17:52:03 - [TEST_STEP][PASSED] - click(findTestObject("Stockbit/menu_Bandarmology")): Object: 'Object Repository/Stockbit/menu_Bandarmology' is clicked on

2024-01-22 17:52:04 - [MESSAGE][PASSED] - Object: 'Object Repository/Stockbit/menu_Bandarmology' is clicked on

2024-01-22 17:52:04 - [TEST_STEP][PASSED] - strTemp = "NA": null

2024-01-22 17:52:04 - [TEST_STEP][PASSED] - if (getCellValueByIndex(sheet01, rowIndex, 4) != "DONE"): Object: 'Object Repository/Stockbit/menu_Bandarmology' is clicked on

2024-01-22 17:52:04 - [TEST_STEP][PASSED] - strNama = getCellValueByIndex(sheet01, rowIndex, 0): null

2024-01-22 17:52:04 - [TEST_STEP][PASSED] - navigateToUrl("https://stockbit.com/#/symbol/" + strNama): Navigate to 'https://stockbit.com/#/symbol/BELL' successfully

2024-01-22 17:52:06 - [MESSAGE][PASSED] - Navigate to 'https://stockbit.com/#/symbol/BELL' successfully

2024-01-22 17:52:06 - [TEST_STEP][PASSED] - waitForElementClickable(findTestObject("Stockbit/menu_Bandarmology"), 10): Object 'Object Repository/Stockbit/menu_Bandarmology' is clickable

2024-01-22 17:52:06 - [MESSAGE][PASSED] - Object 'Object Repository/Stockbit/menu_Bandarmology' is clickable

2024-01-22 17:52:06 - [TEST_STEP][PASSED] - click(findTestObject("Stockbit/menu_Bandarmology")): Object: 'Object Repository/Stockbit/menu_Bandarmology' is clicked on

2024-01-22 17:52:06 - [MESSAGE][PASSED] - Object: 'Object Repository/Stockbit/menu_Bandarmology' is clicked on

2024-01-22 17:52:06 - [TEST_STEP][PASSED] - strTanggal = d.format(DateTimeFormatter.ofPattern("MMM dd, yyyy")): null

2024-01-22 17:52:06 - [TEST_STEP][PASSED] - strTanggal = d.format(ISO_DATE): null

2024-01-22 17:52:06 - [TEST_STEP][PASSED] - out.println("strTanggal = " + strTanggal): null

2024-01-22 17:52:06 - [TEST_STEP][PASSED] - out.println("strNama = " + strNama): null

2024-01-22 17:52:06 - [TEST_STEP][PASSED] - out.println("Baris ke = " + rowIndex): null

2024-01-22 17:52:06 - [TEST_STEP][PASSED] - click(findTestObject("Stockbit/input__BandarmologyOpenStartDate")): Object: 'Object Repository/Stockbit/input__BandarmologyOpenStartDate' is clicked on

2024-01-22 17:52:08 - [MESSAGE][PASSED] - Object: 'Object Repository/Stockbit/input__BandarmologyOpenStartDate' is clicked on

2024-01-22 17:52:08 - [TEST_STEP][PASSED] - sendKeys(findTestObject("Stockbit/input__BandarmologyOpenStartDate"), Keys.chord(CONTROL, "a")): Keys 'CONTROL + a' sent to object: 'Object Repository/Stockbit/input__BandarmologyOpenStartDate'

2024-01-22 17:52:08 - [MESSAGE][PASSED] - Keys 'CONTROL + a' sent to object: 'Object Repository/Stockbit/input__BandarmologyOpenStartDate'

2024-01-22 17:52:08 - [TEST_STEP][PASSED] - sendKeys(findTestObject("Stockbit/input__BandarmologyOpenStartDate"), Keys.chord(BACK_SPACE)): Keys 'BACK_SPACE + ' sent to object: 'Object Repository/Stockbit/input__BandarmologyOpenStartDate'

2024-01-22 17:52:09 - [MESSAGE][PASSED] - Keys 'BACK_SPACE + ' sent to object: 'Object Repository/Stockbit/input__BandarmologyOpenStartDate'

2024-01-22 17:52:09 - [TEST_STEP][PASSED] - setText(findTestObject("Stockbit/input__BandarmologyOpenStartDate"), strTanggal): Text '2024-01-22' is set on object 'Object Repository/Stockbit/input__BandarmologyOpenStartDate'

2024-01-22 17:52:09 - [MESSAGE][PASSED] - Text '2024-01-22' is set on object 'Object Repository/Stockbit/input__BandarmologyOpenStartDate'

2024-01-22 17:52:09 - [TEST_STEP][PASSED] - sendKeys(findTestObject("Stockbit/input__BandarmologyOpenStartDate"), Keys.chord(ENTER)): Keys 'ENTER + ' sent to object: 'Object Repository/Stockbit/input__BandarmologyOpenStartDate'

2024-01-22 17:52:10 - [MESSAGE][PASSED] - Keys 'ENTER + ' sent to object: 'Object Repository/Stockbit/input__BandarmologyOpenStartDate'

2024-01-22 17:52:10 - [TEST_STEP][PASSED] - click(findTestObject("Stockbit/input__BandarmologyOpenEndDate")): Object: 'Object Repository/Stockbit/input__BandarmologyOpenEndDate' is clicked on

2024-01-22 17:52:10 - [MESSAGE][PASSED] - Object: 'Object Repository/Stockbit/input__BandarmologyOpenEndDate' is clicked on

2024-01-22 17:52:10 - [TEST_STEP][PASSED] - sendKeys(findTestObject("Stockbit/input__BandarmologyOpenEndDate"), Keys.chord(CONTROL, "a")): Keys 'CONTROL + a' sent to object: 'Object Repository/Stockbit/input__BandarmologyOpenEndDate'

2024-01-22 17:52:10 - [MESSAGE][PASSED] - Keys 'CONTROL + a' sent to object: 'Object Repository/Stockbit/input__BandarmologyOpenEndDate'

2024-01-22 17:52:10 - [TEST_STEP][PASSED] - sendKeys(findTestObject("Stockbit/input__BandarmologyOpenEndDate"), Keys.chord(BACK_SPACE)): Keys 'BACK_SPACE + ' sent to object: 'Object Repository/Stockbit/input__BandarmologyOpenEndDate'

2024-01-22 17:52:11 - [MESSAGE][PASSED] - Keys 'BACK_SPACE + ' sent to object: 'Object Repository/Stockbit/input__BandarmologyOpenEndDate'

2024-01-22 17:52:11 - [TEST_STEP][PASSED] - setText(findTestObject("Stockbit/input__BandarmologyOpenEndDate"), strTanggal): Text '2024-01-22' is set on object 'Object Repository/Stockbit/input__BandarmologyOpenEndDate'

2024-01-22 17:52:12 - [MESSAGE][PASSED] - Text '2024-01-22' is set on object 'Object Repository/Stockbit/input__BandarmologyOpenEndDate'

2024-01-22 17:52:12 - [TEST_STEP][PASSED] - sendKeys(findTestObject("Stockbit/input__BandarmologyOpenEndDate"), Keys.chord(ENTER)): Keys 'ENTER + ' sent to object: 'Object Repository/Stockbit/input__BandarmologyOpenEndDate'

2024-01-22 17:52:12 - [MESSAGE][PASSED] - Keys 'ENTER + ' sent to object: 'Object Repository/Stockbit/input__BandarmologyOpenEndDate'

2024-01-22 17:52:12 - [TEST_STEP][PASSED] - delay(2): Delayed 2 second(s)

2024-01-22 17:52:14 - [MESSAGE][PASSED] - Delayed 2 second(s)

2024-01-22 17:52:14 - [TEST_STEP][PASSED] - strTemp = getText(findTestObject("Stockbit/Bandarmology_AvgRP")): Text of object 'Object Repository/Stockbit/Bandarmology_AvgRP' is: '76'

2024-01-22 17:52:14 - [MESSAGE][PASSED] - Text of object 'Object Repository/Stockbit/Bandarmology_AvgRP' is: '76'

2024-01-22 17:52:14 - [TEST_STEP][PASSED] - out.println("Bandarmology_AvgRP = " + strTemp): null

2024-01-22 17:52:14 - [TEST_STEP][PASSED] - if (strTemp != "0"): null

2024-01-22 17:52:14 - [TEST_STEP][PASSED] - strTop1 = getText(findTestObject("Stockbit/Bandarmology_Top1")): Text of object 'Object Repository/Stockbit/Bandarmology_Top1' is: 'Normal Dist'

2024-01-22 17:52:14 - [MESSAGE][PASSED] - Text of object 'Object Repository/Stockbit/Bandarmology_Top1' is: 'Normal Dist'

2024-01-22 17:52:14 - [TEST_STEP][PASSED] - strTop3 = getText(findTestObject("Stockbit/Bandarmology_Top3")): Text of object 'Object Repository/Stockbit/Bandarmology_Top3' is: 'Big Dist'

2024-01-22 17:52:14 - [MESSAGE][PASSED] - Text of object 'Object Repository/Stockbit/Bandarmology_Top3' is: 'Big Dist'

2024-01-22 17:52:14 - [TEST_STEP][PASSED] - strTop5 = getText(findTestObject("Stockbit/Bandarmology_Top5")): Text of object 'Object Repository/Stockbit/Bandarmology_Top5' is: 'Big Dist'

2024-01-22 17:52:14 - [MESSAGE][PASSED] - Text of object 'Object Repository/Stockbit/Bandarmology_Top5' is: 'Big Dist'

2024-01-22 17:52:14 - [TEST_STEP][PASSED] - strAllBrokAvg = getText(findTestObject("Stockbit/Bandarmology_TopAVG")): Text of object 'Object Repository/Stockbit/Bandarmology_TopAVG' is: 'Big Dist'

2024-01-22 17:52:14 - [MESSAGE][PASSED] - Text of object 'Object Repository/Stockbit/Bandarmology_TopAVG' is: 'Big Dist'

2024-01-22 17:52:14 - [TEST_STEP][PASSED] - strTemp = getText(findTestObject("Stockbit/Bandarmology_AvgRP")): Text of object 'Object Repository/Stockbit/Bandarmology_AvgRP' is: '76'

2024-01-22 17:52:15 - [MESSAGE][PASSED] - Text of object 'Object Repository/Stockbit/Bandarmology_AvgRP' is: '76'

2024-01-22 17:52:15 - [TEST_STEP][PASSED] - if (strTemp.contains(",")): null

2024-01-22 17:52:15 - [TEST_STEP][PASSED] - intAvgRP = strTemp.toInteger(): null

2024-01-22 17:52:15 - [TEST_STEP][PASSED] - strBuyer1 = getText(findTestObject("Stockbit/Bandarmology_Buyer1")): Text of object 'Object Repository/Stockbit/Bandarmology_Buyer1' is: 'KK'

2024-01-22 17:52:15 - [MESSAGE][PASSED] - Text of object 'Object Repository/Stockbit/Bandarmology_Buyer1' is: 'KK'

2024-01-22 17:52:15 - [TEST_STEP][PASSED] - strBuyerVol1 = getText(findTestObject("Stockbit/Bandarmology_BuyerVol1")): Text of object 'Object Repository/Stockbit/Bandarmology_BuyerVol1' is: '5.5 K'

2024-01-22 17:52:15 - [MESSAGE][PASSED] - Text of object 'Object Repository/Stockbit/Bandarmology_BuyerVol1' is: '5.5 K'

2024-01-22 17:52:15 - [TEST_STEP][PASSED] - strBuyerAvg1 = getText(findTestObject("Stockbit/Bandarmology_BuyerAvg1")): Text of object 'Object Repository/Stockbit/Bandarmology_BuyerAvg1' is: '75'

2024-01-22 17:52:15 - [MESSAGE][PASSED] - Text of object 'Object Repository/Stockbit/Bandarmology_BuyerAvg1' is: '75'

2024-01-22 17:52:15 - [TEST_STEP][PASSED] - if (strBuyerAvg1.contains(",")): null

2024-01-22 17:52:15 - [TEST_STEP][PASSED] - if (strBuyerVol1.contains(" B")): null

2024-01-22 17:52:15 - [TEST_STEP][PASSED] - else if (strBuyerVol1.contains(" M")): null

2024-01-22 17:52:15 - [TEST_STEP][PASSED] - else if (strBuyerVol1.contains(" K")): null

2024-01-22 17:52:15 - [TEST_STEP][PASSED] - strBuyerVol1 = strBuyerVol1.replace(" K", ""): null

2024-01-22 17:52:15 - [TEST_STEP][PASSED] - strBuyerVol1 = strBuyerVol1.toDouble() * 1000: null

2024-01-22 17:52:15 - [TEST_STEP][PASSED] - strSeller1 = getText(findTestObject("Stockbit/Bandarmology_Seller1")): Text of object 'Object Repository/Stockbit/Bandarmology_Seller1' is: 'CC'

2024-01-22 17:52:15 - [MESSAGE][PASSED] - Text of object 'Object Repository/Stockbit/Bandarmology_Seller1' is: 'CC'

2024-01-22 17:52:15 - [TEST_STEP][PASSED] - strSellerVol1 = getText(findTestObject("Stockbit/Bandarmology_SellerVol1")): Text of object 'Object Repository/Stockbit/Bandarmology_SellerVol1' is: '8.9 K'

2024-01-22 17:52:15 - [MESSAGE][PASSED] - Text of object 'Object Repository/Stockbit/Bandarmology_SellerVol1' is: '8.9 K'

2024-01-22 17:52:15 - [TEST_STEP][PASSED] - strSellerAvg1 = getText(findTestObject("Stockbit/Bandarmology_SellerAvg1")): Text of object 'Object Repository/Stockbit/Bandarmology_SellerAvg1' is: '76'

2024-01-22 17:52:15 - [MESSAGE][PASSED] - Text of object 'Object Repository/Stockbit/Bandarmology_SellerAvg1' is: '76'

2024-01-22 17:52:15 - [TEST_STEP][PASSED] - if (strSellerAvg1.contains(",")): null

2024-01-22 17:52:15 - [TEST_STEP][PASSED] - if (strSellerVol1.contains(" B")): null

2024-01-22 17:52:15 - [TEST_STEP][PASSED] - else if (strSellerVol1.contains(" M")): null

2024-01-22 17:52:15 - [TEST_STEP][PASSED] - else if (strSellerVol1.contains(" K")): null

2024-01-22 17:52:15 - [TEST_STEP][PASSED] - strSellerVol1 = strSellerVol1.replace(" K", ""): null

2024-01-22 17:52:15 - [TEST_STEP][PASSED] - strSellerVol1 = strSellerVol1.toDouble() * 1000: null

2024-01-22 17:52:15 - [TEST_STEP][PASSED] - if (verifyElementNotPresent(findTestObject("Stockbit/Bandarmology_Buyer2"), 1, OPTIONAL)): Web element with id: 'Object Repository/Stockbit/Bandarmology_Buyer2' located by 'By.xpath: //*[contains(@id, 'rc-tabs-')]/div[2]/div/div/div/div/div/div[2]/table/tbody/tr[3]/td[1]/p' is present after '1' second(s) (Root cause: com.kms.katalon.core.exception.StepFailedException: Web element with id: 'Object Repository/Stockbit/Bandarmology_Buyer2' located by 'By.xpath: //*[contains(@id, 'rc-tabs-')]/div[2]/div/div/div/div/div/div[2]/table/tbody/tr[3]/td[1]/p' is present after '1' second(s)
	at com.kms.katalon.core.webui.keyword.internal.WebUIKeywordMain.stepFailed(WebUIKeywordMain.groovy:64)
	at com.kms.katalon.core.webui.keyword.internal.WebUIKeywordMain$stepFailed$0.call(Unknown Source)
	at com.kms.katalon.core.webui.keyword.builtin.VerifyElementNotPresentKeyword$_verifyElementNotPresent_closure1.doCall(VerifyElementNotPresentKeyword.groovy:106)
	at com.kms.katalon.core.webui.keyword.builtin.VerifyElementNotPresentKeyword$_verifyElementNotPresent_closure1.doCall(VerifyElementNotPresentKeyword.groovy)
	at com.kms.katalon.core.webui.keyword.internal.WebUIKeywordMain.runKeyword(WebUIKeywordMain.groovy:20)
	at com.kms.katalon.core.webui.keyword.internal.WebUIKeywordMain$runKeyword.call(Unknown Source)
	at com.kms.katalon.core.webui.keyword.builtin.VerifyElementNotPresentKeyword.verifyElementNotPresent(VerifyElementNotPresentKeyword.groovy:117)
	at com.kms.katalon.core.webui.keyword.builtin.VerifyElementNotPresentKeyword.execute(VerifyElementNotPresentKeyword.groovy:68)
	at com.kms.katalon.core.keyword.internal.KeywordExecutor.executeKeywordForPlatform(KeywordExecutor.groovy:74)
	at com.kms.katalon.core.webui.keyword.WebUiBuiltInKeywords.verifyElementNotPresent(WebUiBuiltInKeywords.groovy:1481)
	at com.kms.katalon.core.webui.keyword.WebUiBuiltInKeywords$verifyElementNotPresent$8.call(Unknown Source)
	at GetBrokSumPriceDaily.run(GetBrokSumPriceDaily:258)
	at com.kms.katalon.core.main.ScriptEngine.run(ScriptEngine.java:194)
	at com.kms.katalon.core.main.ScriptEngine.runScriptAsRawText(ScriptEngine.java:119)
	at com.kms.katalon.core.main.TestCaseExecutor.runScript(TestCaseExecutor.java:445)
	at com.kms.katalon.core.main.TestCaseExecutor.doExecute(TestCaseExecutor.java:436)
	at com.kms.katalon.core.main.TestCaseExecutor.processExecutionPhase(TestCaseExecutor.java:415)
	at com.kms.katalon.core.main.TestCaseExecutor.accessMainPhase(TestCaseExecutor.java:407)
	at com.kms.katalon.core.main.TestCaseExecutor.execute(TestCaseExecutor.java:284)
	at com.kms.katalon.core.common.CommonExecutor.accessTestCaseMainPhase(CommonExecutor.java:65)
	at com.kms.katalon.core.main.TestSuiteExecutor.accessTestSuiteMainPhase(TestSuiteExecutor.java:144)
	at com.kms.katalon.core.main.TestSuiteExecutor.execute(TestSuiteExecutor.java:106)
	at com.kms.katalon.core.main.TestCaseMain.startTestSuite(TestCaseMain.java:185)
	at com.kms.katalon.core.main.TestCaseMain$startTestSuite$0.call(Unknown Source)
	at TempTestSuite1705920083951.run(TempTestSuite1705920083951.groovy:36)
)

2024-01-22 17:52:17 - [MESSAGE][WARNING] - Web element with id: 'Object Repository/Stockbit/Bandarmology_Buyer2' located by 'By.xpath: //*[contains(@id, 'rc-tabs-')]/div[2]/div/div/div/div/div/div[2]/table/tbody/tr[3]/td[1]/p' is present after '1' second(s) (Root cause: com.kms.katalon.core.exception.StepFailedException: Web element with id: 'Object Repository/Stockbit/Bandarmology_Buyer2' located by 'By.xpath: //*[contains(@id, 'rc-tabs-')]/div[2]/div/div/div/div/div/div[2]/table/tbody/tr[3]/td[1]/p' is present after '1' second(s)
	at com.kms.katalon.core.webui.keyword.internal.WebUIKeywordMain.stepFailed(WebUIKeywordMain.groovy:64)
	at com.kms.katalon.core.webui.keyword.internal.WebUIKeywordMain$stepFailed$0.call(Unknown Source)
	at com.kms.katalon.core.webui.keyword.builtin.VerifyElementNotPresentKeyword$_verifyElementNotPresent_closure1.doCall(VerifyElementNotPresentKeyword.groovy:106)
	at com.kms.katalon.core.webui.keyword.builtin.VerifyElementNotPresentKeyword$_verifyElementNotPresent_closure1.doCall(VerifyElementNotPresentKeyword.groovy)
	at com.kms.katalon.core.webui.keyword.internal.WebUIKeywordMain.runKeyword(WebUIKeywordMain.groovy:20)
	at com.kms.katalon.core.webui.keyword.internal.WebUIKeywordMain$runKeyword.call(Unknown Source)
	at com.kms.katalon.core.webui.keyword.builtin.VerifyElementNotPresentKeyword.verifyElementNotPresent(VerifyElementNotPresentKeyword.groovy:117)
	at com.kms.katalon.core.webui.keyword.builtin.VerifyElementNotPresentKeyword.execute(VerifyElementNotPresentKeyword.groovy:68)
	at com.kms.katalon.core.keyword.internal.KeywordExecutor.executeKeywordForPlatform(KeywordExecutor.groovy:74)
	at com.kms.katalon.core.webui.keyword.WebUiBuiltInKeywords.verifyElementNotPresent(WebUiBuiltInKeywords.groovy:1481)
	at com.kms.katalon.core.webui.keyword.WebUiBuiltInKeywords$verifyElementNotPresent$8.call(Unknown Source)
	at GetBrokSumPriceDaily.run(GetBrokSumPriceDaily:258)
	at com.kms.katalon.core.main.ScriptEngine.run(ScriptEngine.java:194)
	at com.kms.katalon.core.main.ScriptEngine.runScriptAsRawText(ScriptEngine.java:119)
	at com.kms.katalon.core.main.TestCaseExecutor.runScript(TestCaseExecutor.java:445)
	at com.kms.katalon.core.main.TestCaseExecutor.doExecute(TestCaseExecutor.java:436)
	at com.kms.katalon.core.main.TestCaseExecutor.processExecutionPhase(TestCaseExecutor.java:415)
	at com.kms.katalon.core.main.TestCaseExecutor.accessMainPhase(TestCaseExecutor.java:407)
	at com.kms.katalon.core.main.TestCaseExecutor.execute(TestCaseExecutor.java:284)
	at com.kms.katalon.core.common.CommonExecutor.accessTestCaseMainPhase(CommonExecutor.java:65)
	at com.kms.katalon.core.main.TestSuiteExecutor.accessTestSuiteMainPhase(TestSuiteExecutor.java:144)
	at com.kms.katalon.core.main.TestSuiteExecutor.execute(TestSuiteExecutor.java:106)
	at com.kms.katalon.core.main.TestCaseMain.startTestSuite(TestCaseMain.java:185)
	at com.kms.katalon.core.main.TestCaseMain$startTestSuite$0.call(Unknown Source)
	at TempTestSuite1705920083951.run(TempTestSuite1705920083951.groovy:36)
)
[[ATTACHMENT|C:\\Users\\Fadli\\git\\KatalonDailyGetData2\\Reports\\20240122_174123\\TS1\\20240122_174123\\1705920737011.png]]

2024-01-22 17:52:17 - [TEST_STEP][PASSED] - else: null

2024-01-22 17:52:17 - [TEST_STEP][PASSED] - strBuyer2 = getText(findTestObject("Stockbit/Bandarmology_Buyer2")): Text of object 'Object Repository/Stockbit/Bandarmology_Buyer2' is: 'HD'

2024-01-22 17:52:17 - [MESSAGE][PASSED] - Text of object 'Object Repository/Stockbit/Bandarmology_Buyer2' is: 'HD'

2024-01-22 17:52:17 - [TEST_STEP][PASSED] - strBuyerVol2 = getText(findTestObject("Stockbit/Bandarmology_BuyerVol2")): Text of object 'Object Repository/Stockbit/Bandarmology_BuyerVol2' is: '2.4 K'

2024-01-22 17:52:17 - [MESSAGE][PASSED] - Text of object 'Object Repository/Stockbit/Bandarmology_BuyerVol2' is: '2.4 K'

2024-01-22 17:52:17 - [TEST_STEP][PASSED] - strBuyerAvg2 = getText(findTestObject("Stockbit/Bandarmology_BuyerAvg2")): Text of object 'Object Repository/Stockbit/Bandarmology_BuyerAvg2' is: '76'

2024-01-22 17:52:17 - [MESSAGE][PASSED] - Text of object 'Object Repository/Stockbit/Bandarmology_BuyerAvg2' is: '76'

2024-01-22 17:52:17 - [TEST_STEP][PASSED] - if (strBuyer2 != ""): null

2024-01-22 17:52:17 - [TEST_STEP][PASSED] - if (strBuyerAvg2.contains(",")): null

2024-01-22 17:52:17 - [TEST_STEP][PASSED] - if (strBuyerVol2.contains(" B")): null

2024-01-22 17:52:17 - [TEST_STEP][PASSED] - else if (strBuyerVol2.contains(" M")): null

2024-01-22 17:52:17 - [TEST_STEP][PASSED] - else if (strBuyerVol2.contains(" K")): null

2024-01-22 17:52:17 - [TEST_STEP][PASSED] - strBuyerVol2 = strBuyerVol2.replace(" K", ""): null

2024-01-22 17:52:17 - [TEST_STEP][PASSED] - strBuyerVol2 = strBuyerVol2.toDouble() * 1000: null

2024-01-22 17:52:17 - [TEST_STEP][PASSED] - if (strBuyerVol2.contains(".")): null

2024-01-22 17:52:17 - [TEST_STEP][PASSED] - strBuyerVal2 = strBuyerVol2.replace(".", ""): null

2024-01-22 17:52:17 - [TEST_STEP][PASSED] - if (verifyElementNotPresent(findTestObject("Stockbit/Bandarmology_Seller2"), 1, OPTIONAL)): Web element with id: 'Object Repository/Stockbit/Bandarmology_Seller2' located by 'By.xpath: //*[contains(@id, 'rc-tabs-')]/div[2]/div/div/div/div/div/div[2]/table/tbody/tr[3]/td[5]/p' is present after '1' second(s) (Root cause: com.kms.katalon.core.exception.StepFailedException: Web element with id: 'Object Repository/Stockbit/Bandarmology_Seller2' located by 'By.xpath: //*[contains(@id, 'rc-tabs-')]/div[2]/div/div/div/div/div/div[2]/table/tbody/tr[3]/td[5]/p' is present after '1' second(s)
	at com.kms.katalon.core.webui.keyword.internal.WebUIKeywordMain.stepFailed(WebUIKeywordMain.groovy:64)
	at com.kms.katalon.core.webui.keyword.internal.WebUIKeywordMain$stepFailed$0.call(Unknown Source)
	at com.kms.katalon.core.webui.keyword.builtin.VerifyElementNotPresentKeyword$_verifyElementNotPresent_closure1.doCall(VerifyElementNotPresentKeyword.groovy:106)
	at com.kms.katalon.core.webui.keyword.builtin.VerifyElementNotPresentKeyword$_verifyElementNotPresent_closure1.doCall(VerifyElementNotPresentKeyword.groovy)
	at com.kms.katalon.core.webui.keyword.internal.WebUIKeywordMain.runKeyword(WebUIKeywordMain.groovy:20)
	at com.kms.katalon.core.webui.keyword.internal.WebUIKeywordMain$runKeyword.call(Unknown Source)
	at com.kms.katalon.core.webui.keyword.builtin.VerifyElementNotPresentKeyword.verifyElementNotPresent(VerifyElementNotPresentKeyword.groovy:117)
	at com.kms.katalon.core.webui.keyword.builtin.VerifyElementNotPresentKeyword.execute(VerifyElementNotPresentKeyword.groovy:68)
	at com.kms.katalon.core.keyword.internal.KeywordExecutor.executeKeywordForPlatform(KeywordExecutor.groovy:74)
	at com.kms.katalon.core.webui.keyword.WebUiBuiltInKeywords.verifyElementNotPresent(WebUiBuiltInKeywords.groovy:1481)
	at com.kms.katalon.core.webui.keyword.WebUiBuiltInKeywords$verifyElementNotPresent$8.call(Unknown Source)
	at GetBrokSumPriceDaily.run(GetBrokSumPriceDaily:309)
	at com.kms.katalon.core.main.ScriptEngine.run(ScriptEngine.java:194)
	at com.kms.katalon.core.main.ScriptEngine.runScriptAsRawText(ScriptEngine.java:119)
	at com.kms.katalon.core.main.TestCaseExecutor.runScript(TestCaseExecutor.java:445)
	at com.kms.katalon.core.main.TestCaseExecutor.doExecute(TestCaseExecutor.java:436)
	at com.kms.katalon.core.main.TestCaseExecutor.processExecutionPhase(TestCaseExecutor.java:415)
	at com.kms.katalon.core.main.TestCaseExecutor.accessMainPhase(TestCaseExecutor.java:407)
	at com.kms.katalon.core.main.TestCaseExecutor.execute(TestCaseExecutor.java:284)
	at com.kms.katalon.core.common.CommonExecutor.accessTestCaseMainPhase(CommonExecutor.java:65)
	at com.kms.katalon.core.main.TestSuiteExecutor.accessTestSuiteMainPhase(TestSuiteExecutor.java:144)
	at com.kms.katalon.core.main.TestSuiteExecutor.execute(TestSuiteExecutor.java:106)
	at com.kms.katalon.core.main.TestCaseMain.startTestSuite(TestCaseMain.java:185)
	at com.kms.katalon.core.main.TestCaseMain$startTestSuite$0.call(Unknown Source)
	at TempTestSuite1705920083951.run(TempTestSuite1705920083951.groovy:36)
)

2024-01-22 17:52:18 - [MESSAGE][WARNING] - Web element with id: 'Object Repository/Stockbit/Bandarmology_Seller2' located by 'By.xpath: //*[contains(@id, 'rc-tabs-')]/div[2]/div/div/div/div/div/div[2]/table/tbody/tr[3]/td[5]/p' is present after '1' second(s) (Root cause: com.kms.katalon.core.exception.StepFailedException: Web element with id: 'Object Repository/Stockbit/Bandarmology_Seller2' located by 'By.xpath: //*[contains(@id, 'rc-tabs-')]/div[2]/div/div/div/div/div/div[2]/table/tbody/tr[3]/td[5]/p' is present after '1' second(s)
	at com.kms.katalon.core.webui.keyword.internal.WebUIKeywordMain.stepFailed(WebUIKeywordMain.groovy:64)
	at com.kms.katalon.core.webui.keyword.internal.WebUIKeywordMain$stepFailed$0.call(Unknown Source)
	at com.kms.katalon.core.webui.keyword.builtin.VerifyElementNotPresentKeyword$_verifyElementNotPresent_closure1.doCall(VerifyElementNotPresentKeyword.groovy:106)
	at com.kms.katalon.core.webui.keyword.builtin.VerifyElementNotPresentKeyword$_verifyElementNotPresent_closure1.doCall(VerifyElementNotPresentKeyword.groovy)
	at com.kms.katalon.core.webui.keyword.internal.WebUIKeywordMain.runKeyword(WebUIKeywordMain.groovy:20)
	at com.kms.katalon.core.webui.keyword.internal.WebUIKeywordMain$runKeyword.call(Unknown Source)
	at com.kms.katalon.core.webui.keyword.builtin.VerifyElementNotPresentKeyword.verifyElementNotPresent(VerifyElementNotPresentKeyword.groovy:117)
	at com.kms.katalon.core.webui.keyword.builtin.VerifyElementNotPresentKeyword.execute(VerifyElementNotPresentKeyword.groovy:68)
	at com.kms.katalon.core.keyword.internal.KeywordExecutor.executeKeywordForPlatform(KeywordExecutor.groovy:74)
	at com.kms.katalon.core.webui.keyword.WebUiBuiltInKeywords.verifyElementNotPresent(WebUiBuiltInKeywords.groovy:1481)
	at com.kms.katalon.core.webui.keyword.WebUiBuiltInKeywords$verifyElementNotPresent$8.call(Unknown Source)
	at GetBrokSumPriceDaily.run(GetBrokSumPriceDaily:309)
	at com.kms.katalon.core.main.ScriptEngine.run(ScriptEngine.java:194)
	at com.kms.katalon.core.main.ScriptEngine.runScriptAsRawText(ScriptEngine.java:119)
	at com.kms.katalon.core.main.TestCaseExecutor.runScript(TestCaseExecutor.java:445)
	at com.kms.katalon.core.main.TestCaseExecutor.doExecute(TestCaseExecutor.java:436)
	at com.kms.katalon.core.main.TestCaseExecutor.processExecutionPhase(TestCaseExecutor.java:415)
	at com.kms.katalon.core.main.TestCaseExecutor.accessMainPhase(TestCaseExecutor.java:407)
	at com.kms.katalon.core.main.TestCaseExecutor.execute(TestCaseExecutor.java:284)
	at com.kms.katalon.core.common.CommonExecutor.accessTestCaseMainPhase(CommonExecutor.java:65)
	at com.kms.katalon.core.main.TestSuiteExecutor.accessTestSuiteMainPhase(TestSuiteExecutor.java:144)
	at com.kms.katalon.core.main.TestSuiteExecutor.execute(TestSuiteExecutor.java:106)
	at com.kms.katalon.core.main.TestCaseMain.startTestSuite(TestCaseMain.java:185)
	at com.kms.katalon.core.main.TestCaseMain$startTestSuite$0.call(Unknown Source)
	at TempTestSuite1705920083951.run(TempTestSuite1705920083951.groovy:36)
)
[[ATTACHMENT|C:\\Users\\Fadli\\git\\KatalonDailyGetData2\\Reports\\20240122_174123\\TS1\\20240122_174123\\1705920738723.png]]

2024-01-22 17:52:18 - [TEST_STEP][PASSED] - else: null

2024-01-22 17:52:18 - [TEST_STEP][PASSED] - strSeller2 = getText(findTestObject("Stockbit/Bandarmology_Seller2")): Text of object 'Object Repository/Stockbit/Bandarmology_Seller2' is: 'MG'

2024-01-22 17:52:19 - [MESSAGE][PASSED] - Text of object 'Object Repository/Stockbit/Bandarmology_Seller2' is: 'MG'

2024-01-22 17:52:19 - [TEST_STEP][PASSED] - strSellerVol2 = getText(findTestObject("Stockbit/Bandarmology_SellerVol2")): Text of object 'Object Repository/Stockbit/Bandarmology_SellerVol2' is: '2.2 K'

2024-01-22 17:52:19 - [MESSAGE][PASSED] - Text of object 'Object Repository/Stockbit/Bandarmology_SellerVol2' is: '2.2 K'

2024-01-22 17:52:19 - [TEST_STEP][PASSED] - strSellerAvg2 = getText(findTestObject("Stockbit/Bandarmology_SellerAvg2")): Text of object 'Object Repository/Stockbit/Bandarmology_SellerAvg2' is: '76'

2024-01-22 17:52:19 - [MESSAGE][PASSED] - Text of object 'Object Repository/Stockbit/Bandarmology_SellerAvg2' is: '76'

2024-01-22 17:52:19 - [TEST_STEP][PASSED] - if (strSeller2 != ""): null

2024-01-22 17:52:19 - [TEST_STEP][PASSED] - if (strSellerAvg2.contains(",")): null

2024-01-22 17:52:19 - [TEST_STEP][PASSED] - if (strSellerVol2.contains(" B")): null

2024-01-22 17:52:19 - [TEST_STEP][PASSED] - else if (strSellerVol2.contains(" M")): null

2024-01-22 17:52:19 - [TEST_STEP][PASSED] - else if (strSellerVol2.contains(" K")): null

2024-01-22 17:52:19 - [TEST_STEP][PASSED] - strSellerVol2 = strSellerVol2.replace(" K", ""): null

2024-01-22 17:52:19 - [TEST_STEP][PASSED] - strSellerVol2 = strSellerVol2.toDouble() * 1000: null

2024-01-22 17:52:19 - [TEST_STEP][PASSED] - if (verifyElementNotPresent(findTestObject("Stockbit/Bandarmology_Buyer3"), 1, OPTIONAL)): Web element with id: 'Object Repository/Stockbit/Bandarmology_Buyer3' located by 'By.xpath: //*[contains(@id, 'rc-tabs-')]/div[2]/div/div/div/div/div/div[2]/table/tbody/tr[4]/td[1]/p' is present after '1' second(s) (Root cause: com.kms.katalon.core.exception.StepFailedException: Web element with id: 'Object Repository/Stockbit/Bandarmology_Buyer3' located by 'By.xpath: //*[contains(@id, 'rc-tabs-')]/div[2]/div/div/div/div/div/div[2]/table/tbody/tr[4]/td[1]/p' is present after '1' second(s)
	at com.kms.katalon.core.webui.keyword.internal.WebUIKeywordMain.stepFailed(WebUIKeywordMain.groovy:64)
	at com.kms.katalon.core.webui.keyword.internal.WebUIKeywordMain$stepFailed$0.call(Unknown Source)
	at com.kms.katalon.core.webui.keyword.builtin.VerifyElementNotPresentKeyword$_verifyElementNotPresent_closure1.doCall(VerifyElementNotPresentKeyword.groovy:106)
	at com.kms.katalon.core.webui.keyword.builtin.VerifyElementNotPresentKeyword$_verifyElementNotPresent_closure1.doCall(VerifyElementNotPresentKeyword.groovy)
	at com.kms.katalon.core.webui.keyword.internal.WebUIKeywordMain.runKeyword(WebUIKeywordMain.groovy:20)
	at com.kms.katalon.core.webui.keyword.internal.WebUIKeywordMain$runKeyword.call(Unknown Source)
	at com.kms.katalon.core.webui.keyword.builtin.VerifyElementNotPresentKeyword.verifyElementNotPresent(VerifyElementNotPresentKeyword.groovy:117)
	at com.kms.katalon.core.webui.keyword.builtin.VerifyElementNotPresentKeyword.execute(VerifyElementNotPresentKeyword.groovy:68)
	at com.kms.katalon.core.keyword.internal.KeywordExecutor.executeKeywordForPlatform(KeywordExecutor.groovy:74)
	at com.kms.katalon.core.webui.keyword.WebUiBuiltInKeywords.verifyElementNotPresent(WebUiBuiltInKeywords.groovy:1481)
	at com.kms.katalon.core.webui.keyword.WebUiBuiltInKeywords$verifyElementNotPresent$8.call(Unknown Source)
	at GetBrokSumPriceDaily.run(GetBrokSumPriceDaily:361)
	at com.kms.katalon.core.main.ScriptEngine.run(ScriptEngine.java:194)
	at com.kms.katalon.core.main.ScriptEngine.runScriptAsRawText(ScriptEngine.java:119)
	at com.kms.katalon.core.main.TestCaseExecutor.runScript(TestCaseExecutor.java:445)
	at com.kms.katalon.core.main.TestCaseExecutor.doExecute(TestCaseExecutor.java:436)
	at com.kms.katalon.core.main.TestCaseExecutor.processExecutionPhase(TestCaseExecutor.java:415)
	at com.kms.katalon.core.main.TestCaseExecutor.accessMainPhase(TestCaseExecutor.java:407)
	at com.kms.katalon.core.main.TestCaseExecutor.execute(TestCaseExecutor.java:284)
	at com.kms.katalon.core.common.CommonExecutor.accessTestCaseMainPhase(CommonExecutor.java:65)
	at com.kms.katalon.core.main.TestSuiteExecutor.accessTestSuiteMainPhase(TestSuiteExecutor.java:144)
	at com.kms.katalon.core.main.TestSuiteExecutor.execute(TestSuiteExecutor.java:106)
	at com.kms.katalon.core.main.TestCaseMain.startTestSuite(TestCaseMain.java:185)
	at com.kms.katalon.core.main.TestCaseMain$startTestSuite$0.call(Unknown Source)
	at TempTestSuite1705920083951.run(TempTestSuite1705920083951.groovy:36)
)

2024-01-22 17:52:20 - [MESSAGE][WARNING] - Web element with id: 'Object Repository/Stockbit/Bandarmology_Buyer3' located by 'By.xpath: //*[contains(@id, 'rc-tabs-')]/div[2]/div/div/div/div/div/div[2]/table/tbody/tr[4]/td[1]/p' is present after '1' second(s) (Root cause: com.kms.katalon.core.exception.StepFailedException: Web element with id: 'Object Repository/Stockbit/Bandarmology_Buyer3' located by 'By.xpath: //*[contains(@id, 'rc-tabs-')]/div[2]/div/div/div/div/div/div[2]/table/tbody/tr[4]/td[1]/p' is present after '1' second(s)
	at com.kms.katalon.core.webui.keyword.internal.WebUIKeywordMain.stepFailed(WebUIKeywordMain.groovy:64)
	at com.kms.katalon.core.webui.keyword.internal.WebUIKeywordMain$stepFailed$0.call(Unknown Source)
	at com.kms.katalon.core.webui.keyword.builtin.VerifyElementNotPresentKeyword$_verifyElementNotPresent_closure1.doCall(VerifyElementNotPresentKeyword.groovy:106)
	at com.kms.katalon.core.webui.keyword.builtin.VerifyElementNotPresentKeyword$_verifyElementNotPresent_closure1.doCall(VerifyElementNotPresentKeyword.groovy)
	at com.kms.katalon.core.webui.keyword.internal.WebUIKeywordMain.runKeyword(WebUIKeywordMain.groovy:20)
	at com.kms.katalon.core.webui.keyword.internal.WebUIKeywordMain$runKeyword.call(Unknown Source)
	at com.kms.katalon.core.webui.keyword.builtin.VerifyElementNotPresentKeyword.verifyElementNotPresent(VerifyElementNotPresentKeyword.groovy:117)
	at com.kms.katalon.core.webui.keyword.builtin.VerifyElementNotPresentKeyword.execute(VerifyElementNotPresentKeyword.groovy:68)
	at com.kms.katalon.core.keyword.internal.KeywordExecutor.executeKeywordForPlatform(KeywordExecutor.groovy:74)
	at com.kms.katalon.core.webui.keyword.WebUiBuiltInKeywords.verifyElementNotPresent(WebUiBuiltInKeywords.groovy:1481)
	at com.kms.katalon.core.webui.keyword.WebUiBuiltInKeywords$verifyElementNotPresent$8.call(Unknown Source)
	at GetBrokSumPriceDaily.run(GetBrokSumPriceDaily:361)
	at com.kms.katalon.core.main.ScriptEngine.run(ScriptEngine.java:194)
	at com.kms.katalon.core.main.ScriptEngine.runScriptAsRawText(ScriptEngine.java:119)
	at com.kms.katalon.core.main.TestCaseExecutor.runScript(TestCaseExecutor.java:445)
	at com.kms.katalon.core.main.TestCaseExecutor.doExecute(TestCaseExecutor.java:436)
	at com.kms.katalon.core.main.TestCaseExecutor.processExecutionPhase(TestCaseExecutor.java:415)
	at com.kms.katalon.core.main.TestCaseExecutor.accessMainPhase(TestCaseExecutor.java:407)
	at com.kms.katalon.core.main.TestCaseExecutor.execute(TestCaseExecutor.java:284)
	at com.kms.katalon.core.common.CommonExecutor.accessTestCaseMainPhase(CommonExecutor.java:65)
	at com.kms.katalon.core.main.TestSuiteExecutor.accessTestSuiteMainPhase(TestSuiteExecutor.java:144)
	at com.kms.katalon.core.main.TestSuiteExecutor.execute(TestSuiteExecutor.java:106)
	at com.kms.katalon.core.main.TestCaseMain.startTestSuite(TestCaseMain.java:185)
	at com.kms.katalon.core.main.TestCaseMain$startTestSuite$0.call(Unknown Source)
	at TempTestSuite1705920083951.run(TempTestSuite1705920083951.groovy:36)
)
[[ATTACHMENT|C:\\Users\\Fadli\\git\\KatalonDailyGetData2\\Reports\\20240122_174123\\TS1\\20240122_174123\\1705920740482.png]]

2024-01-22 17:52:20 - [TEST_STEP][PASSED] - else: null

2024-01-22 17:52:20 - [TEST_STEP][PASSED] - strBuyer3 = getText(findTestObject("Stockbit/Bandarmology_Buyer3")): Text of object 'Object Repository/Stockbit/Bandarmology_Buyer3' is: 'CP'

2024-01-22 17:52:20 - [MESSAGE][PASSED] - Text of object 'Object Repository/Stockbit/Bandarmology_Buyer3' is: 'CP'

2024-01-22 17:52:20 - [TEST_STEP][PASSED] - strBuyerVol3 = getText(findTestObject("Stockbit/Bandarmology_BuyerVol3")): Text of object 'Object Repository/Stockbit/Bandarmology_BuyerVol3' is: '1.3 K'

2024-01-22 17:52:20 - [MESSAGE][PASSED] - Text of object 'Object Repository/Stockbit/Bandarmology_BuyerVol3' is: '1.3 K'

2024-01-22 17:52:20 - [TEST_STEP][PASSED] - strBuyerAvg3 = getText(findTestObject("Stockbit/Bandarmology_BuyerAvg3")): Text of object 'Object Repository/Stockbit/Bandarmology_BuyerAvg3' is: '76'

2024-01-22 17:52:21 - [MESSAGE][PASSED] - Text of object 'Object Repository/Stockbit/Bandarmology_BuyerAvg3' is: '76'

2024-01-22 17:52:21 - [TEST_STEP][PASSED] - if (strBuyer3 != ""): null

2024-01-22 17:52:21 - [TEST_STEP][PASSED] - if (strBuyerAvg3.contains(",")): null

2024-01-22 17:52:21 - [TEST_STEP][PASSED] - if (strBuyerVol3.contains(" B")): null

2024-01-22 17:52:21 - [TEST_STEP][PASSED] - else if (strBuyerVol3.contains(" M")): null

2024-01-22 17:52:21 - [TEST_STEP][PASSED] - else if (strBuyerVol3.contains(" K")): null

2024-01-22 17:52:21 - [TEST_STEP][PASSED] - strBuyerVol3 = strBuyerVol3.replace(" K", ""): null

2024-01-22 17:52:21 - [TEST_STEP][PASSED] - strBuyerVol3 = strBuyerVol3.toDouble() * 1000: null

2024-01-22 17:52:21 - [TEST_STEP][PASSED] - if (verifyElementNotPresent(findTestObject("Stockbit/Bandarmology_Seller3"), 1, OPTIONAL)): Web element with id: 'Object Repository/Stockbit/Bandarmology_Seller3' located by 'By.xpath: //*[contains(@id, 'rc-tabs-')]/div[2]/div/div/div/div/div/div[2]/table/tbody/tr[4]/td[5]/p' is present after '1' second(s) (Root cause: com.kms.katalon.core.exception.StepFailedException: Web element with id: 'Object Repository/Stockbit/Bandarmology_Seller3' located by 'By.xpath: //*[contains(@id, 'rc-tabs-')]/div[2]/div/div/div/div/div/div[2]/table/tbody/tr[4]/td[5]/p' is present after '1' second(s)
	at com.kms.katalon.core.webui.keyword.internal.WebUIKeywordMain.stepFailed(WebUIKeywordMain.groovy:64)
	at com.kms.katalon.core.webui.keyword.internal.WebUIKeywordMain$stepFailed$0.call(Unknown Source)
	at com.kms.katalon.core.webui.keyword.builtin.VerifyElementNotPresentKeyword$_verifyElementNotPresent_closure1.doCall(VerifyElementNotPresentKeyword.groovy:106)
	at com.kms.katalon.core.webui.keyword.builtin.VerifyElementNotPresentKeyword$_verifyElementNotPresent_closure1.doCall(VerifyElementNotPresentKeyword.groovy)
	at com.kms.katalon.core.webui.keyword.internal.WebUIKeywordMain.runKeyword(WebUIKeywordMain.groovy:20)
	at com.kms.katalon.core.webui.keyword.internal.WebUIKeywordMain$runKeyword.call(Unknown Source)
	at com.kms.katalon.core.webui.keyword.builtin.VerifyElementNotPresentKeyword.verifyElementNotPresent(VerifyElementNotPresentKeyword.groovy:117)
	at com.kms.katalon.core.webui.keyword.builtin.VerifyElementNotPresentKeyword.execute(VerifyElementNotPresentKeyword.groovy:68)
	at com.kms.katalon.core.keyword.internal.KeywordExecutor.executeKeywordForPlatform(KeywordExecutor.groovy:74)
	at com.kms.katalon.core.webui.keyword.WebUiBuiltInKeywords.verifyElementNotPresent(WebUiBuiltInKeywords.groovy:1481)
	at com.kms.katalon.core.webui.keyword.WebUiBuiltInKeywords$verifyElementNotPresent$8.call(Unknown Source)
	at GetBrokSumPriceDaily.run(GetBrokSumPriceDaily:414)
	at com.kms.katalon.core.main.ScriptEngine.run(ScriptEngine.java:194)
	at com.kms.katalon.core.main.ScriptEngine.runScriptAsRawText(ScriptEngine.java:119)
	at com.kms.katalon.core.main.TestCaseExecutor.runScript(TestCaseExecutor.java:445)
	at com.kms.katalon.core.main.TestCaseExecutor.doExecute(TestCaseExecutor.java:436)
	at com.kms.katalon.core.main.TestCaseExecutor.processExecutionPhase(TestCaseExecutor.java:415)
	at com.kms.katalon.core.main.TestCaseExecutor.accessMainPhase(TestCaseExecutor.java:407)
	at com.kms.katalon.core.main.TestCaseExecutor.execute(TestCaseExecutor.java:284)
	at com.kms.katalon.core.common.CommonExecutor.accessTestCaseMainPhase(CommonExecutor.java:65)
	at com.kms.katalon.core.main.TestSuiteExecutor.accessTestSuiteMainPhase(TestSuiteExecutor.java:144)
	at com.kms.katalon.core.main.TestSuiteExecutor.execute(TestSuiteExecutor.java:106)
	at com.kms.katalon.core.main.TestCaseMain.startTestSuite(TestCaseMain.java:185)
	at com.kms.katalon.core.main.TestCaseMain$startTestSuite$0.call(Unknown Source)
	at TempTestSuite1705920083951.run(TempTestSuite1705920083951.groovy:36)
)

2024-01-22 17:52:22 - [MESSAGE][WARNING] - Web element with id: 'Object Repository/Stockbit/Bandarmology_Seller3' located by 'By.xpath: //*[contains(@id, 'rc-tabs-')]/div[2]/div/div/div/div/div/div[2]/table/tbody/tr[4]/td[5]/p' is present after '1' second(s) (Root cause: com.kms.katalon.core.exception.StepFailedException: Web element with id: 'Object Repository/Stockbit/Bandarmology_Seller3' located by 'By.xpath: //*[contains(@id, 'rc-tabs-')]/div[2]/div/div/div/div/div/div[2]/table/tbody/tr[4]/td[5]/p' is present after '1' second(s)
	at com.kms.katalon.core.webui.keyword.internal.WebUIKeywordMain.stepFailed(WebUIKeywordMain.groovy:64)
	at com.kms.katalon.core.webui.keyword.internal.WebUIKeywordMain$stepFailed$0.call(Unknown Source)
	at com.kms.katalon.core.webui.keyword.builtin.VerifyElementNotPresentKeyword$_verifyElementNotPresent_closure1.doCall(VerifyElementNotPresentKeyword.groovy:106)
	at com.kms.katalon.core.webui.keyword.builtin.VerifyElementNotPresentKeyword$_verifyElementNotPresent_closure1.doCall(VerifyElementNotPresentKeyword.groovy)
	at com.kms.katalon.core.webui.keyword.internal.WebUIKeywordMain.runKeyword(WebUIKeywordMain.groovy:20)
	at com.kms.katalon.core.webui.keyword.internal.WebUIKeywordMain$runKeyword.call(Unknown Source)
	at com.kms.katalon.core.webui.keyword.builtin.VerifyElementNotPresentKeyword.verifyElementNotPresent(VerifyElementNotPresentKeyword.groovy:117)
	at com.kms.katalon.core.webui.keyword.builtin.VerifyElementNotPresentKeyword.execute(VerifyElementNotPresentKeyword.groovy:68)
	at com.kms.katalon.core.keyword.internal.KeywordExecutor.executeKeywordForPlatform(KeywordExecutor.groovy:74)
	at com.kms.katalon.core.webui.keyword.WebUiBuiltInKeywords.verifyElementNotPresent(WebUiBuiltInKeywords.groovy:1481)
	at com.kms.katalon.core.webui.keyword.WebUiBuiltInKeywords$verifyElementNotPresent$8.call(Unknown Source)
	at GetBrokSumPriceDaily.run(GetBrokSumPriceDaily:414)
	at com.kms.katalon.core.main.ScriptEngine.run(ScriptEngine.java:194)
	at com.kms.katalon.core.main.ScriptEngine.runScriptAsRawText(ScriptEngine.java:119)
	at com.kms.katalon.core.main.TestCaseExecutor.runScript(TestCaseExecutor.java:445)
	at com.kms.katalon.core.main.TestCaseExecutor.doExecute(TestCaseExecutor.java:436)
	at com.kms.katalon.core.main.TestCaseExecutor.processExecutionPhase(TestCaseExecutor.java:415)
	at com.kms.katalon.core.main.TestCaseExecutor.accessMainPhase(TestCaseExecutor.java:407)
	at com.kms.katalon.core.main.TestCaseExecutor.execute(TestCaseExecutor.java:284)
	at com.kms.katalon.core.common.CommonExecutor.accessTestCaseMainPhase(CommonExecutor.java:65)
	at com.kms.katalon.core.main.TestSuiteExecutor.accessTestSuiteMainPhase(TestSuiteExecutor.java:144)
	at com.kms.katalon.core.main.TestSuiteExecutor.execute(TestSuiteExecutor.java:106)
	at com.kms.katalon.core.main.TestCaseMain.startTestSuite(TestCaseMain.java:185)
	at com.kms.katalon.core.main.TestCaseMain$startTestSuite$0.call(Unknown Source)
	at TempTestSuite1705920083951.run(TempTestSuite1705920083951.groovy:36)
)
[[ATTACHMENT|C:\\Users\\Fadli\\git\\KatalonDailyGetData2\\Reports\\20240122_174123\\TS1\\20240122_174123\\1705920742209.png]]

2024-01-22 17:52:22 - [TEST_STEP][PASSED] - else: null

2024-01-22 17:52:22 - [TEST_STEP][PASSED] - strSeller3 = getText(findTestObject("Stockbit/Bandarmology_Seller3")): Text of object 'Object Repository/Stockbit/Bandarmology_Seller3' is: 'LG'

2024-01-22 17:52:22 - [MESSAGE][PASSED] - Text of object 'Object Repository/Stockbit/Bandarmology_Seller3' is: 'LG'

2024-01-22 17:52:22 - [TEST_STEP][PASSED] - strSellerVol3 = getText(findTestObject("Stockbit/Bandarmology_SellerVol3")): Text of object 'Object Repository/Stockbit/Bandarmology_SellerVol3' is: '2 K'

2024-01-22 17:52:22 - [MESSAGE][PASSED] - Text of object 'Object Repository/Stockbit/Bandarmology_SellerVol3' is: '2 K'

2024-01-22 17:52:22 - [TEST_STEP][PASSED] - strSellerAvg3 = getText(findTestObject("Stockbit/Bandarmology_SellerAvg3")): Text of object 'Object Repository/Stockbit/Bandarmology_SellerAvg3' is: '76'

2024-01-22 17:52:22 - [MESSAGE][PASSED] - Text of object 'Object Repository/Stockbit/Bandarmology_SellerAvg3' is: '76'

2024-01-22 17:52:22 - [TEST_STEP][PASSED] - if (strSeller3 != ""): null

2024-01-22 17:52:22 - [TEST_STEP][PASSED] - if (strSellerAvg3.contains(",")): null

2024-01-22 17:52:22 - [TEST_STEP][PASSED] - if (strSellerVol3.contains(" B")): null

2024-01-22 17:52:22 - [TEST_STEP][PASSED] - else if (strSellerVol3.contains(" M")): null

2024-01-22 17:52:22 - [TEST_STEP][PASSED] - else if (strSellerVol3.contains(" K")): null

2024-01-22 17:52:22 - [TEST_STEP][PASSED] - strSellerVol3 = strSellerVol3.replace(" K", ""): null

2024-01-22 17:52:22 - [TEST_STEP][PASSED] - strSellerVol3 = strSellerVol3.toDouble() * 1000: null

2024-01-22 17:52:22 - [TEST_STEP][PASSED] - strAccDist = getText(findTestObject("Stockbit/Bandarmology_AccDist")): Text of object 'Object Repository/Stockbit/Bandarmology_AccDist' is: 'Dist'

2024-01-22 17:52:22 - [MESSAGE][PASSED] - Text of object 'Object Repository/Stockbit/Bandarmology_AccDist' is: 'Dist'

2024-01-22 17:52:22 - [TEST_STEP][PASSED] - strNetVol = getText(findTestObject("Stockbit/Bandarmology_NetVol")): Text of object 'Object Repository/Stockbit/Bandarmology_NetVol' is: '17,640'

2024-01-22 17:52:22 - [MESSAGE][PASSED] - Text of object 'Object Repository/Stockbit/Bandarmology_NetVol' is: '17,640'

2024-01-22 17:52:22 - [TEST_STEP][PASSED] - strNetVol = strNetVol.replace(",", ""): null

2024-01-22 17:52:22 - [TEST_STEP][PASSED] - strNetVal = getText(findTestObject("Stockbit/Bandarmology_NetVal")): Text of object 'Object Repository/Stockbit/Bandarmology_NetVal' is: '0.1 B'

2024-01-22 17:52:23 - [MESSAGE][PASSED] - Text of object 'Object Repository/Stockbit/Bandarmology_NetVal' is: '0.1 B'

2024-01-22 17:52:23 - [TEST_STEP][PASSED] - delay(3): Delayed 3 second(s)

2024-01-22 17:52:26 - [MESSAGE][PASSED] - Delayed 3 second(s)

2024-01-22 17:52:26 - [TEST_STEP][PASSED] - strOpenPrice = getText(findTestObject("Stockbit/Home_OpenPrice")): Text of object 'Object Repository/Stockbit/Home_OpenPrice' is: '75'

2024-01-22 17:52:26 - [MESSAGE][PASSED] - Text of object 'Object Repository/Stockbit/Home_OpenPrice' is: '75'

2024-01-22 17:52:26 - [TEST_STEP][PASSED] - strOpenPrice = strOpenPrice.replace(",", ""): null

2024-01-22 17:52:26 - [TEST_STEP][PASSED] - strLowPrice = getText(findTestObject("Stockbit/Home_LowPrice")): Text of object 'Object Repository/Stockbit/Home_LowPrice' is: '74'

2024-01-22 17:52:26 - [MESSAGE][PASSED] - Text of object 'Object Repository/Stockbit/Home_LowPrice' is: '74'

2024-01-22 17:52:26 - [TEST_STEP][PASSED] - strLowPrice = strLowPrice.replace(",", ""): null

2024-01-22 17:52:26 - [TEST_STEP][PASSED] - strHighPrice = getText(findTestObject("Stockbit/Home_HighPrice")): Text of object 'Object Repository/Stockbit/Home_HighPrice' is: '77'

2024-01-22 17:52:26 - [MESSAGE][PASSED] - Text of object 'Object Repository/Stockbit/Home_HighPrice' is: '77'

2024-01-22 17:52:26 - [TEST_STEP][PASSED] - strHighPrice = strHighPrice.replace(",", ""): null

2024-01-22 17:52:26 - [TEST_STEP][PASSED] - strClosePrice = getText(findTestObject("Stockbit/Home_ClosePrice")): Text of object 'Object Repository/Stockbit/Home_ClosePrice' is: '75'

2024-01-22 17:52:26 - [MESSAGE][PASSED] - Text of object 'Object Repository/Stockbit/Home_ClosePrice' is: '75'

2024-01-22 17:52:26 - [TEST_STEP][PASSED] - strClosePrice = strClosePrice.replace(",", ""): null

2024-01-22 17:52:26 - [TEST_STEP][PASSED] - strVol = getText(findTestObject("Stockbit/Home_Volume")): Text of object 'Object Repository/Stockbit/Home_Volume' is: '89 K'

2024-01-22 17:52:26 - [MESSAGE][PASSED] - Text of object 'Object Repository/Stockbit/Home_Volume' is: '89 K'

2024-01-22 17:52:26 - [TEST_STEP][PASSED] - if (strVol.contains(" K")): null

2024-01-22 17:52:26 - [TEST_STEP][PASSED] - strVol = strVol.replace(" K", "000"): null

2024-01-22 17:52:26 - [TEST_STEP][PASSED] - if (strVol.contains(",")): null

2024-01-22 17:52:26 - [TEST_STEP][PASSED] - strChange = getText(findTestObject("Stockbit/Home_Change")): Text of object 'Object Repository/Stockbit/Home_Change' is: '0.00%'

2024-01-22 17:52:26 - [MESSAGE][PASSED] - Text of object 'Object Repository/Stockbit/Home_Change' is: '0.00%'

2024-01-22 17:52:26 - [TEST_STEP][PASSED] - strChange = strChange.replace("%", ""): null

2024-01-22 17:52:26 - [TEST_STEP][PASSED] - strFreq = getText(findTestObject("Stockbit/Home_Freq")): Text of object 'Object Repository/Stockbit/Home_Freq' is: '800'

2024-01-22 17:52:26 - [MESSAGE][PASSED] - Text of object 'Object Repository/Stockbit/Home_Freq' is: '800'

2024-01-22 17:52:26 - [TEST_STEP][PASSED] - if (strFreq.contains(",")): null

2024-01-22 17:52:26 - [TEST_STEP][PASSED] - if (strFreq == "NA" || strFreq == ""): null

2024-01-22 17:52:26 - [TEST_STEP][PASSED] - else: null

2024-01-22 17:52:26 - [TEST_STEP][PASSED] - dblFreqAnal = strVol.toDouble() / strFreq.toDouble() * strFreq.toDouble() * strFreq.toDouble() * 100000000: null

2024-01-22 17:52:26 - [TEST_STEP][PASSED] - strFreqAnal = String.format("%.4f", dblFreqAnal): null

2024-01-22 17:52:26 - [TEST_STEP][PASSED] - out.println("Double strFreqAnal: " + strFreqAnal): null

2024-01-22 17:52:26 - [TEST_STEP][PASSED] - strTanggal = d.format(DateTimeFormatter.ofPattern("yyyy-MM-dd")): null

2024-01-22 17:52:26 - [TEST_STEP][PASSED] - strTanggal = "#" + strTanggal + "#": null

2024-01-22 17:52:26 - [TEST_STEP][PASSED] - strSQL = "select count(*) as JumBaris from TblBrokSum where Nama = '" + strNama + "' and Tanggal = " + strTanggal + "": null

2024-01-22 17:52:26 - [TEST_STEP][PASSED] - resultSet = statement.executeQuery(strSQL): null

2024-01-22 17:52:26 - [TEST_STEP][PASSED] - resultSet.next(): null

2024-01-22 17:52:26 - [TEST_STEP][PASSED] - intJumBaris = resultSet.getInt("JumBaris"): null

2024-01-22 17:52:26 - [TEST_STEP][PASSED] - if (intJumBaris > 0): null

2024-01-22 17:52:26 - [TEST_STEP][PASSED] - else: null

2024-01-22 17:52:26 - [TEST_STEP][PASSED] - try: null

2024-01-22 17:52:26 - [TEST_STEP][PASSED] - out.println("Insert data"): null

2024-01-22 17:52:26 - [TEST_STEP][PASSED] - strSQL = "insert into TblBrokSum (nama, tanggal, top1, top2, top3, AllBrokAvg, AccDist, AvgRP, " + "Buyer1, BuyerVal1, BuyerAvg1, Seller1, SellerVal1, SellerAvg1, Buyer2, BuyerVal2, BuyerAvg2, " + "Seller2, SellerVal2, SellerAvg2, Buyer3, BuyerVal3, BuyerAvg3, Seller3, SellerVal3, SellerAvg3, NetVol, NetVal, " + "OpenPrice, LowPrice, HighPrice, ClosePrice, Volume, Change, Frekuensi, FrekAnal) " + "values ('" + strNama + "', " + strTanggal + ", '" + strTop1 + "', '" + strTop3 + "', '" + strTop5 + "', " + "'" + strAllBrokAvg + "', '" + strAccDist + "', " + intAvgRP + ", '" + strBuyer1 + "', '" + strBuyerVol1 + "', " + strBuyerAvg1 + ", " + "'" + strSeller1 + "', '" + strSellerVol1 + "', " + strSellerAvg1 + ", '" + strBuyer2 + "', '" + strBuyerVol2 + "', " + strBuyerAvg2 + ", " + "'" + strSeller2 + "', '" + strSellerVol2 + "', " + strSellerAvg2 + ", '" + strBuyer3 + "', '" + strBuyerVol3 + "', " + strBuyerAvg3 + ", " + "'" + strSeller3 + "', '" + strSellerVol3 + "', " + strSellerAvg3 + ", " + strNetVol + ", '" + strNetVal + "', " + "" + strOpenPrice + ", " + strLowPrice + ", " + strHighPrice + ", " + strClosePrice + ", '" + strVol + "', " + strChange + ", " + strFreq + ", " + strFreqAnal + ");": null

2024-01-22 17:52:26 - [TEST_STEP][PASSED] - out.println("strSQL = " + strSQL): null

2024-01-22 17:52:26 - [TEST_STEP][PASSED] - statement.executeUpdate(strSQL): null

2024-01-22 17:52:26 - [TEST_STEP][PASSED] - setValueToCellByIndex(sheet01, rowIndex, 4, "DONE"): null

2024-01-22 17:52:26 - [TEST_STEP][PASSED] - saveWorkbook(excelFilePath, workbook01): null

2024-01-22 17:52:26 - [TEST_STEP][PASSED] - waitForElementClickable(findTestObject("Stockbit/menu_Bandarmology"), 10): Object 'Object Repository/Stockbit/menu_Bandarmology' is clickable

2024-01-22 17:52:27 - [MESSAGE][PASSED] - Object 'Object Repository/Stockbit/menu_Bandarmology' is clickable

2024-01-22 17:52:27 - [TEST_STEP][PASSED] - click(findTestObject("Stockbit/menu_Bandarmology")): Object: 'Object Repository/Stockbit/menu_Bandarmology' is clicked on

2024-01-22 17:52:27 - [MESSAGE][PASSED] - Object: 'Object Repository/Stockbit/menu_Bandarmology' is clicked on

2024-01-22 17:52:27 - [TEST_STEP][PASSED] - strTemp = "NA": null

2024-01-22 17:52:27 - [TEST_STEP][PASSED] - if (getCellValueByIndex(sheet01, rowIndex, 4) != "DONE"): Object: 'Object Repository/Stockbit/menu_Bandarmology' is clicked on

2024-01-22 17:52:27 - [TEST_STEP][PASSED] - strNama = getCellValueByIndex(sheet01, rowIndex, 0): null

2024-01-22 17:52:27 - [TEST_STEP][PASSED] - navigateToUrl("https://stockbit.com/#/symbol/" + strNama): Navigate to 'https://stockbit.com/#/symbol/BABP' successfully

2024-01-22 17:52:29 - [MESSAGE][PASSED] - Navigate to 'https://stockbit.com/#/symbol/BABP' successfully

2024-01-22 17:52:29 - [TEST_STEP][PASSED] - waitForElementClickable(findTestObject("Stockbit/menu_Bandarmology"), 10): Object 'Object Repository/Stockbit/menu_Bandarmology' is clickable

2024-01-22 17:52:29 - [MESSAGE][PASSED] - Object 'Object Repository/Stockbit/menu_Bandarmology' is clickable

2024-01-22 17:52:29 - [TEST_STEP][PASSED] - click(findTestObject("Stockbit/menu_Bandarmology")): Object: 'Object Repository/Stockbit/menu_Bandarmology' is clicked on

2024-01-22 17:52:30 - [MESSAGE][PASSED] - Object: 'Object Repository/Stockbit/menu_Bandarmology' is clicked on

2024-01-22 17:52:30 - [TEST_STEP][PASSED] - strTanggal = d.format(DateTimeFormatter.ofPattern("MMM dd, yyyy")): null

2024-01-22 17:52:30 - [TEST_STEP][PASSED] - strTanggal = d.format(ISO_DATE): null

2024-01-22 17:52:30 - [TEST_STEP][PASSED] - out.println("strTanggal = " + strTanggal): null

2024-01-22 17:52:30 - [TEST_STEP][PASSED] - out.println("strNama = " + strNama): null

2024-01-22 17:52:30 - [TEST_STEP][PASSED] - out.println("Baris ke = " + rowIndex): null

2024-01-22 17:52:30 - [TEST_STEP][PASSED] - click(findTestObject("Stockbit/input__BandarmologyOpenStartDate")): Object: 'Object Repository/Stockbit/input__BandarmologyOpenStartDate' is clicked on

2024-01-22 17:52:31 - [MESSAGE][PASSED] - Object: 'Object Repository/Stockbit/input__BandarmologyOpenStartDate' is clicked on

2024-01-22 17:52:31 - [TEST_STEP][PASSED] - sendKeys(findTestObject("Stockbit/input__BandarmologyOpenStartDate"), Keys.chord(CONTROL, "a")): Keys 'CONTROL + a' sent to object: 'Object Repository/Stockbit/input__BandarmologyOpenStartDate'

2024-01-22 17:52:32 - [MESSAGE][PASSED] - Keys 'CONTROL + a' sent to object: 'Object Repository/Stockbit/input__BandarmologyOpenStartDate'

2024-01-22 17:52:32 - [TEST_STEP][PASSED] - sendKeys(findTestObject("Stockbit/input__BandarmologyOpenStartDate"), Keys.chord(BACK_SPACE)): Keys 'BACK_SPACE + ' sent to object: 'Object Repository/Stockbit/input__BandarmologyOpenStartDate'

2024-01-22 17:52:32 - [MESSAGE][PASSED] - Keys 'BACK_SPACE + ' sent to object: 'Object Repository/Stockbit/input__BandarmologyOpenStartDate'

2024-01-22 17:52:32 - [TEST_STEP][PASSED] - setText(findTestObject("Stockbit/input__BandarmologyOpenStartDate"), strTanggal): Text '2024-01-22' is set on object 'Object Repository/Stockbit/input__BandarmologyOpenStartDate'

2024-01-22 17:52:33 - [MESSAGE][PASSED] - Text '2024-01-22' is set on object 'Object Repository/Stockbit/input__BandarmologyOpenStartDate'

2024-01-22 17:52:33 - [TEST_STEP][PASSED] - sendKeys(findTestObject("Stockbit/input__BandarmologyOpenStartDate"), Keys.chord(ENTER)): Keys 'ENTER + ' sent to object: 'Object Repository/Stockbit/input__BandarmologyOpenStartDate'

2024-01-22 17:52:34 - [MESSAGE][PASSED] - Keys 'ENTER + ' sent to object: 'Object Repository/Stockbit/input__BandarmologyOpenStartDate'

2024-01-22 17:52:34 - [TEST_STEP][PASSED] - click(findTestObject("Stockbit/input__BandarmologyOpenEndDate")): Object: 'Object Repository/Stockbit/input__BandarmologyOpenEndDate' is clicked on

2024-01-22 17:52:34 - [MESSAGE][PASSED] - Object: 'Object Repository/Stockbit/input__BandarmologyOpenEndDate' is clicked on

2024-01-22 17:52:34 - [TEST_STEP][PASSED] - sendKeys(findTestObject("Stockbit/input__BandarmologyOpenEndDate"), Keys.chord(CONTROL, "a")): Keys 'CONTROL + a' sent to object: 'Object Repository/Stockbit/input__BandarmologyOpenEndDate'

2024-01-22 17:52:35 - [MESSAGE][PASSED] - Keys 'CONTROL + a' sent to object: 'Object Repository/Stockbit/input__BandarmologyOpenEndDate'

2024-01-22 17:52:35 - [TEST_STEP][PASSED] - sendKeys(findTestObject("Stockbit/input__BandarmologyOpenEndDate"), Keys.chord(BACK_SPACE)): Keys 'BACK_SPACE + ' sent to object: 'Object Repository/Stockbit/input__BandarmologyOpenEndDate'

2024-01-22 17:52:35 - [MESSAGE][PASSED] - Keys 'BACK_SPACE + ' sent to object: 'Object Repository/Stockbit/input__BandarmologyOpenEndDate'

2024-01-22 17:52:35 - [TEST_STEP][PASSED] - setText(findTestObject("Stockbit/input__BandarmologyOpenEndDate"), strTanggal): Text '2024-01-22' is set on object 'Object Repository/Stockbit/input__BandarmologyOpenEndDate'

2024-01-22 17:52:36 - [MESSAGE][PASSED] - Text '2024-01-22' is set on object 'Object Repository/Stockbit/input__BandarmologyOpenEndDate'

2024-01-22 17:52:36 - [TEST_STEP][PASSED] - sendKeys(findTestObject("Stockbit/input__BandarmologyOpenEndDate"), Keys.chord(ENTER)): Keys 'ENTER + ' sent to object: 'Object Repository/Stockbit/input__BandarmologyOpenEndDate'

2024-01-22 17:52:37 - [MESSAGE][PASSED] - Keys 'ENTER + ' sent to object: 'Object Repository/Stockbit/input__BandarmologyOpenEndDate'

2024-01-22 17:52:37 - [TEST_STEP][PASSED] - delay(2): Delayed 2 second(s)

2024-01-22 17:52:39 - [MESSAGE][PASSED] - Delayed 2 second(s)

2024-01-22 17:52:39 - [TEST_STEP][PASSED] - strTemp = getText(findTestObject("Stockbit/Bandarmology_AvgRP")): Text of object 'Object Repository/Stockbit/Bandarmology_AvgRP' is: '62'

2024-01-22 17:52:39 - [MESSAGE][PASSED] - Text of object 'Object Repository/Stockbit/Bandarmology_AvgRP' is: '62'

2024-01-22 17:52:39 - [TEST_STEP][PASSED] - out.println("Bandarmology_AvgRP = " + strTemp): null

2024-01-22 17:52:39 - [TEST_STEP][PASSED] - if (strTemp != "0"): null

2024-01-22 17:52:39 - [TEST_STEP][PASSED] - strTop1 = getText(findTestObject("Stockbit/Bandarmology_Top1")): Text of object 'Object Repository/Stockbit/Bandarmology_Top1' is: 'Normal Acc'

2024-01-22 17:52:39 - [MESSAGE][PASSED] - Text of object 'Object Repository/Stockbit/Bandarmology_Top1' is: 'Normal Acc'

2024-01-22 17:52:39 - [TEST_STEP][PASSED] - strTop3 = getText(findTestObject("Stockbit/Bandarmology_Top3")): Text of object 'Object Repository/Stockbit/Bandarmology_Top3' is: 'Big Acc'

2024-01-22 17:52:39 - [MESSAGE][PASSED] - Text of object 'Object Repository/Stockbit/Bandarmology_Top3' is: 'Big Acc'

2024-01-22 17:52:39 - [TEST_STEP][PASSED] - strTop5 = getText(findTestObject("Stockbit/Bandarmology_Top5")): Text of object 'Object Repository/Stockbit/Bandarmology_Top5' is: 'Big Acc'

2024-01-22 17:52:39 - [MESSAGE][PASSED] - Text of object 'Object Repository/Stockbit/Bandarmology_Top5' is: 'Big Acc'

2024-01-22 17:52:39 - [TEST_STEP][PASSED] - strAllBrokAvg = getText(findTestObject("Stockbit/Bandarmology_TopAVG")): Text of object 'Object Repository/Stockbit/Bandarmology_TopAVG' is: 'Big Acc'

2024-01-22 17:52:39 - [MESSAGE][PASSED] - Text of object 'Object Repository/Stockbit/Bandarmology_TopAVG' is: 'Big Acc'

2024-01-22 17:52:39 - [TEST_STEP][PASSED] - strTemp = getText(findTestObject("Stockbit/Bandarmology_AvgRP")): Text of object 'Object Repository/Stockbit/Bandarmology_AvgRP' is: '62'

2024-01-22 17:52:39 - [MESSAGE][PASSED] - Text of object 'Object Repository/Stockbit/Bandarmology_AvgRP' is: '62'

2024-01-22 17:52:39 - [TEST_STEP][PASSED] - if (strTemp.contains(",")): null

2024-01-22 17:52:39 - [TEST_STEP][PASSED] - intAvgRP = strTemp.toInteger(): null

2024-01-22 17:52:39 - [TEST_STEP][PASSED] - strBuyer1 = getText(findTestObject("Stockbit/Bandarmology_Buyer1")): Text of object 'Object Repository/Stockbit/Bandarmology_Buyer1' is: 'CC'

2024-01-22 17:52:40 - [MESSAGE][PASSED] - Text of object 'Object Repository/Stockbit/Bandarmology_Buyer1' is: 'CC'

2024-01-22 17:52:40 - [TEST_STEP][PASSED] - strBuyerVol1 = getText(findTestObject("Stockbit/Bandarmology_BuyerVol1")): Text of object 'Object Repository/Stockbit/Bandarmology_BuyerVol1' is: '27.1 K'

2024-01-22 17:52:40 - [MESSAGE][PASSED] - Text of object 'Object Repository/Stockbit/Bandarmology_BuyerVol1' is: '27.1 K'

2024-01-22 17:52:40 - [TEST_STEP][PASSED] - strBuyerAvg1 = getText(findTestObject("Stockbit/Bandarmology_BuyerAvg1")): Text of object 'Object Repository/Stockbit/Bandarmology_BuyerAvg1' is: '62'

2024-01-22 17:52:40 - [MESSAGE][PASSED] - Text of object 'Object Repository/Stockbit/Bandarmology_BuyerAvg1' is: '62'

2024-01-22 17:52:40 - [TEST_STEP][PASSED] - if (strBuyerAvg1.contains(",")): null

2024-01-22 17:52:40 - [TEST_STEP][PASSED] - if (strBuyerVol1.contains(" B")): null

2024-01-22 17:52:40 - [TEST_STEP][PASSED] - else if (strBuyerVol1.contains(" M")): null

2024-01-22 17:52:40 - [TEST_STEP][PASSED] - else if (strBuyerVol1.contains(" K")): null

2024-01-22 17:52:40 - [TEST_STEP][PASSED] - strBuyerVol1 = strBuyerVol1.replace(" K", ""): null

2024-01-22 17:52:40 - [TEST_STEP][PASSED] - strBuyerVol1 = strBuyerVol1.toDouble() * 1000: null

2024-01-22 17:52:40 - [TEST_STEP][PASSED] - strSeller1 = getText(findTestObject("Stockbit/Bandarmology_Seller1")): Text of object 'Object Repository/Stockbit/Bandarmology_Seller1' is: 'MG'

2024-01-22 17:52:40 - [MESSAGE][PASSED] - Text of object 'Object Repository/Stockbit/Bandarmology_Seller1' is: 'MG'

2024-01-22 17:52:40 - [TEST_STEP][PASSED] - strSellerVol1 = getText(findTestObject("Stockbit/Bandarmology_SellerVol1")): Text of object 'Object Repository/Stockbit/Bandarmology_SellerVol1' is: '19.4 K'

2024-01-22 17:52:40 - [MESSAGE][PASSED] - Text of object 'Object Repository/Stockbit/Bandarmology_SellerVol1' is: '19.4 K'

2024-01-22 17:52:40 - [TEST_STEP][PASSED] - strSellerAvg1 = getText(findTestObject("Stockbit/Bandarmology_SellerAvg1")): Text of object 'Object Repository/Stockbit/Bandarmology_SellerAvg1' is: '62'

2024-01-22 17:52:40 - [MESSAGE][PASSED] - Text of object 'Object Repository/Stockbit/Bandarmology_SellerAvg1' is: '62'

2024-01-22 17:52:40 - [TEST_STEP][PASSED] - if (strSellerAvg1.contains(",")): null

2024-01-22 17:52:40 - [TEST_STEP][PASSED] - if (strSellerVol1.contains(" B")): null

2024-01-22 17:52:40 - [TEST_STEP][PASSED] - else if (strSellerVol1.contains(" M")): null

2024-01-22 17:52:40 - [TEST_STEP][PASSED] - else if (strSellerVol1.contains(" K")): null

2024-01-22 17:52:40 - [TEST_STEP][PASSED] - strSellerVol1 = strSellerVol1.replace(" K", ""): null

2024-01-22 17:52:40 - [TEST_STEP][PASSED] - strSellerVol1 = strSellerVol1.toDouble() * 1000: null

2024-01-22 17:52:40 - [TEST_STEP][PASSED] - if (verifyElementNotPresent(findTestObject("Stockbit/Bandarmology_Buyer2"), 1, OPTIONAL)): Web element with id: 'Object Repository/Stockbit/Bandarmology_Buyer2' located by 'By.xpath: //*[contains(@id, 'rc-tabs-')]/div[2]/div/div/div/div/div/div[2]/table/tbody/tr[3]/td[1]/p' is present after '1' second(s) (Root cause: com.kms.katalon.core.exception.StepFailedException: Web element with id: 'Object Repository/Stockbit/Bandarmology_Buyer2' located by 'By.xpath: //*[contains(@id, 'rc-tabs-')]/div[2]/div/div/div/div/div/div[2]/table/tbody/tr[3]/td[1]/p' is present after '1' second(s)
	at com.kms.katalon.core.webui.keyword.internal.WebUIKeywordMain.stepFailed(WebUIKeywordMain.groovy:64)
	at com.kms.katalon.core.webui.keyword.internal.WebUIKeywordMain$stepFailed$0.call(Unknown Source)
	at com.kms.katalon.core.webui.keyword.builtin.VerifyElementNotPresentKeyword$_verifyElementNotPresent_closure1.doCall(VerifyElementNotPresentKeyword.groovy:106)
	at com.kms.katalon.core.webui.keyword.builtin.VerifyElementNotPresentKeyword$_verifyElementNotPresent_closure1.doCall(VerifyElementNotPresentKeyword.groovy)
	at com.kms.katalon.core.webui.keyword.internal.WebUIKeywordMain.runKeyword(WebUIKeywordMain.groovy:20)
	at com.kms.katalon.core.webui.keyword.internal.WebUIKeywordMain$runKeyword.call(Unknown Source)
	at com.kms.katalon.core.webui.keyword.builtin.VerifyElementNotPresentKeyword.verifyElementNotPresent(VerifyElementNotPresentKeyword.groovy:117)
	at com.kms.katalon.core.webui.keyword.builtin.VerifyElementNotPresentKeyword.execute(VerifyElementNotPresentKeyword.groovy:68)
	at com.kms.katalon.core.keyword.internal.KeywordExecutor.executeKeywordForPlatform(KeywordExecutor.groovy:74)
	at com.kms.katalon.core.webui.keyword.WebUiBuiltInKeywords.verifyElementNotPresent(WebUiBuiltInKeywords.groovy:1481)
	at com.kms.katalon.core.webui.keyword.WebUiBuiltInKeywords$verifyElementNotPresent$8.call(Unknown Source)
	at GetBrokSumPriceDaily.run(GetBrokSumPriceDaily:258)
	at com.kms.katalon.core.main.ScriptEngine.run(ScriptEngine.java:194)
	at com.kms.katalon.core.main.ScriptEngine.runScriptAsRawText(ScriptEngine.java:119)
	at com.kms.katalon.core.main.TestCaseExecutor.runScript(TestCaseExecutor.java:445)
	at com.kms.katalon.core.main.TestCaseExecutor.doExecute(TestCaseExecutor.java:436)
	at com.kms.katalon.core.main.TestCaseExecutor.processExecutionPhase(TestCaseExecutor.java:415)
	at com.kms.katalon.core.main.TestCaseExecutor.accessMainPhase(TestCaseExecutor.java:407)
	at com.kms.katalon.core.main.TestCaseExecutor.execute(TestCaseExecutor.java:284)
	at com.kms.katalon.core.common.CommonExecutor.accessTestCaseMainPhase(CommonExecutor.java:65)
	at com.kms.katalon.core.main.TestSuiteExecutor.accessTestSuiteMainPhase(TestSuiteExecutor.java:144)
	at com.kms.katalon.core.main.TestSuiteExecutor.execute(TestSuiteExecutor.java:106)
	at com.kms.katalon.core.main.TestCaseMain.startTestSuite(TestCaseMain.java:185)
	at com.kms.katalon.core.main.TestCaseMain$startTestSuite$0.call(Unknown Source)
	at TempTestSuite1705920083951.run(TempTestSuite1705920083951.groovy:36)
)

2024-01-22 17:52:42 - [MESSAGE][WARNING] - Web element with id: 'Object Repository/Stockbit/Bandarmology_Buyer2' located by 'By.xpath: //*[contains(@id, 'rc-tabs-')]/div[2]/div/div/div/div/div/div[2]/table/tbody/tr[3]/td[1]/p' is present after '1' second(s) (Root cause: com.kms.katalon.core.exception.StepFailedException: Web element with id: 'Object Repository/Stockbit/Bandarmology_Buyer2' located by 'By.xpath: //*[contains(@id, 'rc-tabs-')]/div[2]/div/div/div/div/div/div[2]/table/tbody/tr[3]/td[1]/p' is present after '1' second(s)
	at com.kms.katalon.core.webui.keyword.internal.WebUIKeywordMain.stepFailed(WebUIKeywordMain.groovy:64)
	at com.kms.katalon.core.webui.keyword.internal.WebUIKeywordMain$stepFailed$0.call(Unknown Source)
	at com.kms.katalon.core.webui.keyword.builtin.VerifyElementNotPresentKeyword$_verifyElementNotPresent_closure1.doCall(VerifyElementNotPresentKeyword.groovy:106)
	at com.kms.katalon.core.webui.keyword.builtin.VerifyElementNotPresentKeyword$_verifyElementNotPresent_closure1.doCall(VerifyElementNotPresentKeyword.groovy)
	at com.kms.katalon.core.webui.keyword.internal.WebUIKeywordMain.runKeyword(WebUIKeywordMain.groovy:20)
	at com.kms.katalon.core.webui.keyword.internal.WebUIKeywordMain$runKeyword.call(Unknown Source)
	at com.kms.katalon.core.webui.keyword.builtin.VerifyElementNotPresentKeyword.verifyElementNotPresent(VerifyElementNotPresentKeyword.groovy:117)
	at com.kms.katalon.core.webui.keyword.builtin.VerifyElementNotPresentKeyword.execute(VerifyElementNotPresentKeyword.groovy:68)
	at com.kms.katalon.core.keyword.internal.KeywordExecutor.executeKeywordForPlatform(KeywordExecutor.groovy:74)
	at com.kms.katalon.core.webui.keyword.WebUiBuiltInKeywords.verifyElementNotPresent(WebUiBuiltInKeywords.groovy:1481)
	at com.kms.katalon.core.webui.keyword.WebUiBuiltInKeywords$verifyElementNotPresent$8.call(Unknown Source)
	at GetBrokSumPriceDaily.run(GetBrokSumPriceDaily:258)
	at com.kms.katalon.core.main.ScriptEngine.run(ScriptEngine.java:194)
	at com.kms.katalon.core.main.ScriptEngine.runScriptAsRawText(ScriptEngine.java:119)
	at com.kms.katalon.core.main.TestCaseExecutor.runScript(TestCaseExecutor.java:445)
	at com.kms.katalon.core.main.TestCaseExecutor.doExecute(TestCaseExecutor.java:436)
	at com.kms.katalon.core.main.TestCaseExecutor.processExecutionPhase(TestCaseExecutor.java:415)
	at com.kms.katalon.core.main.TestCaseExecutor.accessMainPhase(TestCaseExecutor.java:407)
	at com.kms.katalon.core.main.TestCaseExecutor.execute(TestCaseExecutor.java:284)
	at com.kms.katalon.core.common.CommonExecutor.accessTestCaseMainPhase(CommonExecutor.java:65)
	at com.kms.katalon.core.main.TestSuiteExecutor.accessTestSuiteMainPhase(TestSuiteExecutor.java:144)
	at com.kms.katalon.core.main.TestSuiteExecutor.execute(TestSuiteExecutor.java:106)
	at com.kms.katalon.core.main.TestCaseMain.startTestSuite(TestCaseMain.java:185)
	at com.kms.katalon.core.main.TestCaseMain$startTestSuite$0.call(Unknown Source)
	at TempTestSuite1705920083951.run(TempTestSuite1705920083951.groovy:36)
)
[[ATTACHMENT|C:\\Users\\Fadli\\git\\KatalonDailyGetData2\\Reports\\20240122_174123\\TS1\\20240122_174123\\1705920762093.png]]

2024-01-22 17:52:42 - [TEST_STEP][PASSED] - else: null

2024-01-22 17:52:42 - [TEST_STEP][PASSED] - strBuyer2 = getText(findTestObject("Stockbit/Bandarmology_Buyer2")): Text of object 'Object Repository/Stockbit/Bandarmology_Buyer2' is: 'YP'

2024-01-22 17:52:42 - [MESSAGE][PASSED] - Text of object 'Object Repository/Stockbit/Bandarmology_Buyer2' is: 'YP'

2024-01-22 17:52:42 - [TEST_STEP][PASSED] - strBuyerVol2 = getText(findTestObject("Stockbit/Bandarmology_BuyerVol2")): Text of object 'Object Repository/Stockbit/Bandarmology_BuyerVol2' is: '19.5 K'

2024-01-22 17:52:42 - [MESSAGE][PASSED] - Text of object 'Object Repository/Stockbit/Bandarmology_BuyerVol2' is: '19.5 K'

2024-01-22 17:52:42 - [TEST_STEP][PASSED] - strBuyerAvg2 = getText(findTestObject("Stockbit/Bandarmology_BuyerAvg2")): Text of object 'Object Repository/Stockbit/Bandarmology_BuyerAvg2' is: '61'

2024-01-22 17:52:42 - [MESSAGE][PASSED] - Text of object 'Object Repository/Stockbit/Bandarmology_BuyerAvg2' is: '61'

2024-01-22 17:52:42 - [TEST_STEP][PASSED] - if (strBuyer2 != ""): null

2024-01-22 17:52:42 - [TEST_STEP][PASSED] - if (strBuyerAvg2.contains(",")): null

2024-01-22 17:52:42 - [TEST_STEP][PASSED] - if (strBuyerVol2.contains(" B")): null

2024-01-22 17:52:42 - [TEST_STEP][PASSED] - else if (strBuyerVol2.contains(" M")): null

2024-01-22 17:52:42 - [TEST_STEP][PASSED] - else if (strBuyerVol2.contains(" K")): null

2024-01-22 17:52:42 - [TEST_STEP][PASSED] - strBuyerVol2 = strBuyerVol2.replace(" K", ""): null

2024-01-22 17:52:42 - [TEST_STEP][PASSED] - strBuyerVol2 = strBuyerVol2.toDouble() * 1000: null

2024-01-22 17:52:42 - [TEST_STEP][PASSED] - if (strBuyerVol2.contains(".")): null

2024-01-22 17:52:42 - [TEST_STEP][PASSED] - strBuyerVal2 = strBuyerVol2.replace(".", ""): null

2024-01-22 17:52:42 - [TEST_STEP][PASSED] - if (verifyElementNotPresent(findTestObject("Stockbit/Bandarmology_Seller2"), 1, OPTIONAL)): Web element with id: 'Object Repository/Stockbit/Bandarmology_Seller2' located by 'By.xpath: //*[contains(@id, 'rc-tabs-')]/div[2]/div/div/div/div/div/div[2]/table/tbody/tr[3]/td[5]/p' is present after '1' second(s) (Root cause: com.kms.katalon.core.exception.StepFailedException: Web element with id: 'Object Repository/Stockbit/Bandarmology_Seller2' located by 'By.xpath: //*[contains(@id, 'rc-tabs-')]/div[2]/div/div/div/div/div/div[2]/table/tbody/tr[3]/td[5]/p' is present after '1' second(s)
	at com.kms.katalon.core.webui.keyword.internal.WebUIKeywordMain.stepFailed(WebUIKeywordMain.groovy:64)
	at com.kms.katalon.core.webui.keyword.internal.WebUIKeywordMain$stepFailed$0.call(Unknown Source)
	at com.kms.katalon.core.webui.keyword.builtin.VerifyElementNotPresentKeyword$_verifyElementNotPresent_closure1.doCall(VerifyElementNotPresentKeyword.groovy:106)
	at com.kms.katalon.core.webui.keyword.builtin.VerifyElementNotPresentKeyword$_verifyElementNotPresent_closure1.doCall(VerifyElementNotPresentKeyword.groovy)
	at com.kms.katalon.core.webui.keyword.internal.WebUIKeywordMain.runKeyword(WebUIKeywordMain.groovy:20)
	at com.kms.katalon.core.webui.keyword.internal.WebUIKeywordMain$runKeyword.call(Unknown Source)
	at com.kms.katalon.core.webui.keyword.builtin.VerifyElementNotPresentKeyword.verifyElementNotPresent(VerifyElementNotPresentKeyword.groovy:117)
	at com.kms.katalon.core.webui.keyword.builtin.VerifyElementNotPresentKeyword.execute(VerifyElementNotPresentKeyword.groovy:68)
	at com.kms.katalon.core.keyword.internal.KeywordExecutor.executeKeywordForPlatform(KeywordExecutor.groovy:74)
	at com.kms.katalon.core.webui.keyword.WebUiBuiltInKeywords.verifyElementNotPresent(WebUiBuiltInKeywords.groovy:1481)
	at com.kms.katalon.core.webui.keyword.WebUiBuiltInKeywords$verifyElementNotPresent$8.call(Unknown Source)
	at GetBrokSumPriceDaily.run(GetBrokSumPriceDaily:309)
	at com.kms.katalon.core.main.ScriptEngine.run(ScriptEngine.java:194)
	at com.kms.katalon.core.main.ScriptEngine.runScriptAsRawText(ScriptEngine.java:119)
	at com.kms.katalon.core.main.TestCaseExecutor.runScript(TestCaseExecutor.java:445)
	at com.kms.katalon.core.main.TestCaseExecutor.doExecute(TestCaseExecutor.java:436)
	at com.kms.katalon.core.main.TestCaseExecutor.processExecutionPhase(TestCaseExecutor.java:415)
	at com.kms.katalon.core.main.TestCaseExecutor.accessMainPhase(TestCaseExecutor.java:407)
	at com.kms.katalon.core.main.TestCaseExecutor.execute(TestCaseExecutor.java:284)
	at com.kms.katalon.core.common.CommonExecutor.accessTestCaseMainPhase(CommonExecutor.java:65)
	at com.kms.katalon.core.main.TestSuiteExecutor.accessTestSuiteMainPhase(TestSuiteExecutor.java:144)
	at com.kms.katalon.core.main.TestSuiteExecutor.execute(TestSuiteExecutor.java:106)
	at com.kms.katalon.core.main.TestCaseMain.startTestSuite(TestCaseMain.java:185)
	at com.kms.katalon.core.main.TestCaseMain$startTestSuite$0.call(Unknown Source)
	at TempTestSuite1705920083951.run(TempTestSuite1705920083951.groovy:36)
)

2024-01-22 17:52:44 - [MESSAGE][WARNING] - Web element with id: 'Object Repository/Stockbit/Bandarmology_Seller2' located by 'By.xpath: //*[contains(@id, 'rc-tabs-')]/div[2]/div/div/div/div/div/div[2]/table/tbody/tr[3]/td[5]/p' is present after '1' second(s) (Root cause: com.kms.katalon.core.exception.StepFailedException: Web element with id: 'Object Repository/Stockbit/Bandarmology_Seller2' located by 'By.xpath: //*[contains(@id, 'rc-tabs-')]/div[2]/div/div/div/div/div/div[2]/table/tbody/tr[3]/td[5]/p' is present after '1' second(s)
	at com.kms.katalon.core.webui.keyword.internal.WebUIKeywordMain.stepFailed(WebUIKeywordMain.groovy:64)
	at com.kms.katalon.core.webui.keyword.internal.WebUIKeywordMain$stepFailed$0.call(Unknown Source)
	at com.kms.katalon.core.webui.keyword.builtin.VerifyElementNotPresentKeyword$_verifyElementNotPresent_closure1.doCall(VerifyElementNotPresentKeyword.groovy:106)
	at com.kms.katalon.core.webui.keyword.builtin.VerifyElementNotPresentKeyword$_verifyElementNotPresent_closure1.doCall(VerifyElementNotPresentKeyword.groovy)
	at com.kms.katalon.core.webui.keyword.internal.WebUIKeywordMain.runKeyword(WebUIKeywordMain.groovy:20)
	at com.kms.katalon.core.webui.keyword.internal.WebUIKeywordMain$runKeyword.call(Unknown Source)
	at com.kms.katalon.core.webui.keyword.builtin.VerifyElementNotPresentKeyword.verifyElementNotPresent(VerifyElementNotPresentKeyword.groovy:117)
	at com.kms.katalon.core.webui.keyword.builtin.VerifyElementNotPresentKeyword.execute(VerifyElementNotPresentKeyword.groovy:68)
	at com.kms.katalon.core.keyword.internal.KeywordExecutor.executeKeywordForPlatform(KeywordExecutor.groovy:74)
	at com.kms.katalon.core.webui.keyword.WebUiBuiltInKeywords.verifyElementNotPresent(WebUiBuiltInKeywords.groovy:1481)
	at com.kms.katalon.core.webui.keyword.WebUiBuiltInKeywords$verifyElementNotPresent$8.call(Unknown Source)
	at GetBrokSumPriceDaily.run(GetBrokSumPriceDaily:309)
	at com.kms.katalon.core.main.ScriptEngine.run(ScriptEngine.java:194)
	at com.kms.katalon.core.main.ScriptEngine.runScriptAsRawText(ScriptEngine.java:119)
	at com.kms.katalon.core.main.TestCaseExecutor.runScript(TestCaseExecutor.java:445)
	at com.kms.katalon.core.main.TestCaseExecutor.doExecute(TestCaseExecutor.java:436)
	at com.kms.katalon.core.main.TestCaseExecutor.processExecutionPhase(TestCaseExecutor.java:415)
	at com.kms.katalon.core.main.TestCaseExecutor.accessMainPhase(TestCaseExecutor.java:407)
	at com.kms.katalon.core.main.TestCaseExecutor.execute(TestCaseExecutor.java:284)
	at com.kms.katalon.core.common.CommonExecutor.accessTestCaseMainPhase(CommonExecutor.java:65)
	at com.kms.katalon.core.main.TestSuiteExecutor.accessTestSuiteMainPhase(TestSuiteExecutor.java:144)
	at com.kms.katalon.core.main.TestSuiteExecutor.execute(TestSuiteExecutor.java:106)
	at com.kms.katalon.core.main.TestCaseMain.startTestSuite(TestCaseMain.java:185)
	at com.kms.katalon.core.main.TestCaseMain$startTestSuite$0.call(Unknown Source)
	at TempTestSuite1705920083951.run(TempTestSuite1705920083951.groovy:36)
)
[[ATTACHMENT|C:\\Users\\Fadli\\git\\KatalonDailyGetData2\\Reports\\20240122_174123\\TS1\\20240122_174123\\1705920763985.png]]

2024-01-22 17:52:44 - [TEST_STEP][PASSED] - else: null

2024-01-22 17:52:44 - [TEST_STEP][PASSED] - strSeller2 = getText(findTestObject("Stockbit/Bandarmology_Seller2")): Text of object 'Object Repository/Stockbit/Bandarmology_Seller2' is: 'PD'

2024-01-22 17:52:44 - [MESSAGE][PASSED] - Text of object 'Object Repository/Stockbit/Bandarmology_Seller2' is: 'PD'

2024-01-22 17:52:44 - [TEST_STEP][PASSED] - strSellerVol2 = getText(findTestObject("Stockbit/Bandarmology_SellerVol2")): Text of object 'Object Repository/Stockbit/Bandarmology_SellerVol2' is: '4.9 K'

2024-01-22 17:52:44 - [MESSAGE][PASSED] - Text of object 'Object Repository/Stockbit/Bandarmology_SellerVol2' is: '4.9 K'

2024-01-22 17:52:44 - [TEST_STEP][PASSED] - strSellerAvg2 = getText(findTestObject("Stockbit/Bandarmology_SellerAvg2")): Text of object 'Object Repository/Stockbit/Bandarmology_SellerAvg2' is: '62'

2024-01-22 17:52:44 - [MESSAGE][PASSED] - Text of object 'Object Repository/Stockbit/Bandarmology_SellerAvg2' is: '62'

2024-01-22 17:52:44 - [TEST_STEP][PASSED] - if (strSeller2 != ""): null

2024-01-22 17:52:44 - [TEST_STEP][PASSED] - if (strSellerAvg2.contains(",")): null

2024-01-22 17:52:44 - [TEST_STEP][PASSED] - if (strSellerVol2.contains(" B")): null

2024-01-22 17:52:44 - [TEST_STEP][PASSED] - else if (strSellerVol2.contains(" M")): null

2024-01-22 17:52:44 - [TEST_STEP][PASSED] - else if (strSellerVol2.contains(" K")): null

2024-01-22 17:52:44 - [TEST_STEP][PASSED] - strSellerVol2 = strSellerVol2.replace(" K", ""): null

2024-01-22 17:52:44 - [TEST_STEP][PASSED] - strSellerVol2 = strSellerVol2.toDouble() * 1000: null

2024-01-22 17:52:44 - [TEST_STEP][PASSED] - if (verifyElementNotPresent(findTestObject("Stockbit/Bandarmology_Buyer3"), 1, OPTIONAL)): Web element with id: 'Object Repository/Stockbit/Bandarmology_Buyer3' located by 'By.xpath: //*[contains(@id, 'rc-tabs-')]/div[2]/div/div/div/div/div/div[2]/table/tbody/tr[4]/td[1]/p' is present after '1' second(s) (Root cause: com.kms.katalon.core.exception.StepFailedException: Web element with id: 'Object Repository/Stockbit/Bandarmology_Buyer3' located by 'By.xpath: //*[contains(@id, 'rc-tabs-')]/div[2]/div/div/div/div/div/div[2]/table/tbody/tr[4]/td[1]/p' is present after '1' second(s)
	at com.kms.katalon.core.webui.keyword.internal.WebUIKeywordMain.stepFailed(WebUIKeywordMain.groovy:64)
	at com.kms.katalon.core.webui.keyword.internal.WebUIKeywordMain$stepFailed$0.call(Unknown Source)
	at com.kms.katalon.core.webui.keyword.builtin.VerifyElementNotPresentKeyword$_verifyElementNotPresent_closure1.doCall(VerifyElementNotPresentKeyword.groovy:106)
	at com.kms.katalon.core.webui.keyword.builtin.VerifyElementNotPresentKeyword$_verifyElementNotPresent_closure1.doCall(VerifyElementNotPresentKeyword.groovy)
	at com.kms.katalon.core.webui.keyword.internal.WebUIKeywordMain.runKeyword(WebUIKeywordMain.groovy:20)
	at com.kms.katalon.core.webui.keyword.internal.WebUIKeywordMain$runKeyword.call(Unknown Source)
	at com.kms.katalon.core.webui.keyword.builtin.VerifyElementNotPresentKeyword.verifyElementNotPresent(VerifyElementNotPresentKeyword.groovy:117)
	at com.kms.katalon.core.webui.keyword.builtin.VerifyElementNotPresentKeyword.execute(VerifyElementNotPresentKeyword.groovy:68)
	at com.kms.katalon.core.keyword.internal.KeywordExecutor.executeKeywordForPlatform(KeywordExecutor.groovy:74)
	at com.kms.katalon.core.webui.keyword.WebUiBuiltInKeywords.verifyElementNotPresent(WebUiBuiltInKeywords.groovy:1481)
	at com.kms.katalon.core.webui.keyword.WebUiBuiltInKeywords$verifyElementNotPresent$8.call(Unknown Source)
	at GetBrokSumPriceDaily.run(GetBrokSumPriceDaily:361)
	at com.kms.katalon.core.main.ScriptEngine.run(ScriptEngine.java:194)
	at com.kms.katalon.core.main.ScriptEngine.runScriptAsRawText(ScriptEngine.java:119)
	at com.kms.katalon.core.main.TestCaseExecutor.runScript(TestCaseExecutor.java:445)
	at com.kms.katalon.core.main.TestCaseExecutor.doExecute(TestCaseExecutor.java:436)
	at com.kms.katalon.core.main.TestCaseExecutor.processExecutionPhase(TestCaseExecutor.java:415)
	at com.kms.katalon.core.main.TestCaseExecutor.accessMainPhase(TestCaseExecutor.java:407)
	at com.kms.katalon.core.main.TestCaseExecutor.execute(TestCaseExecutor.java:284)
	at com.kms.katalon.core.common.CommonExecutor.accessTestCaseMainPhase(CommonExecutor.java:65)
	at com.kms.katalon.core.main.TestSuiteExecutor.accessTestSuiteMainPhase(TestSuiteExecutor.java:144)
	at com.kms.katalon.core.main.TestSuiteExecutor.execute(TestSuiteExecutor.java:106)
	at com.kms.katalon.core.main.TestCaseMain.startTestSuite(TestCaseMain.java:185)
	at com.kms.katalon.core.main.TestCaseMain$startTestSuite$0.call(Unknown Source)
	at TempTestSuite1705920083951.run(TempTestSuite1705920083951.groovy:36)
)

2024-01-22 17:52:46 - [MESSAGE][WARNING] - Web element with id: 'Object Repository/Stockbit/Bandarmology_Buyer3' located by 'By.xpath: //*[contains(@id, 'rc-tabs-')]/div[2]/div/div/div/div/div/div[2]/table/tbody/tr[4]/td[1]/p' is present after '1' second(s) (Root cause: com.kms.katalon.core.exception.StepFailedException: Web element with id: 'Object Repository/Stockbit/Bandarmology_Buyer3' located by 'By.xpath: //*[contains(@id, 'rc-tabs-')]/div[2]/div/div/div/div/div/div[2]/table/tbody/tr[4]/td[1]/p' is present after '1' second(s)
	at com.kms.katalon.core.webui.keyword.internal.WebUIKeywordMain.stepFailed(WebUIKeywordMain.groovy:64)
	at com.kms.katalon.core.webui.keyword.internal.WebUIKeywordMain$stepFailed$0.call(Unknown Source)
	at com.kms.katalon.core.webui.keyword.builtin.VerifyElementNotPresentKeyword$_verifyElementNotPresent_closure1.doCall(VerifyElementNotPresentKeyword.groovy:106)
	at com.kms.katalon.core.webui.keyword.builtin.VerifyElementNotPresentKeyword$_verifyElementNotPresent_closure1.doCall(VerifyElementNotPresentKeyword.groovy)
	at com.kms.katalon.core.webui.keyword.internal.WebUIKeywordMain.runKeyword(WebUIKeywordMain.groovy:20)
	at com.kms.katalon.core.webui.keyword.internal.WebUIKeywordMain$runKeyword.call(Unknown Source)
	at com.kms.katalon.core.webui.keyword.builtin.VerifyElementNotPresentKeyword.verifyElementNotPresent(VerifyElementNotPresentKeyword.groovy:117)
	at com.kms.katalon.core.webui.keyword.builtin.VerifyElementNotPresentKeyword.execute(VerifyElementNotPresentKeyword.groovy:68)
	at com.kms.katalon.core.keyword.internal.KeywordExecutor.executeKeywordForPlatform(KeywordExecutor.groovy:74)
	at com.kms.katalon.core.webui.keyword.WebUiBuiltInKeywords.verifyElementNotPresent(WebUiBuiltInKeywords.groovy:1481)
	at com.kms.katalon.core.webui.keyword.WebUiBuiltInKeywords$verifyElementNotPresent$8.call(Unknown Source)
	at GetBrokSumPriceDaily.run(GetBrokSumPriceDaily:361)
	at com.kms.katalon.core.main.ScriptEngine.run(ScriptEngine.java:194)
	at com.kms.katalon.core.main.ScriptEngine.runScriptAsRawText(ScriptEngine.java:119)
	at com.kms.katalon.core.main.TestCaseExecutor.runScript(TestCaseExecutor.java:445)
	at com.kms.katalon.core.main.TestCaseExecutor.doExecute(TestCaseExecutor.java:436)
	at com.kms.katalon.core.main.TestCaseExecutor.processExecutionPhase(TestCaseExecutor.java:415)
	at com.kms.katalon.core.main.TestCaseExecutor.accessMainPhase(TestCaseExecutor.java:407)
	at com.kms.katalon.core.main.TestCaseExecutor.execute(TestCaseExecutor.java:284)
	at com.kms.katalon.core.common.CommonExecutor.accessTestCaseMainPhase(CommonExecutor.java:65)
	at com.kms.katalon.core.main.TestSuiteExecutor.accessTestSuiteMainPhase(TestSuiteExecutor.java:144)
	at com.kms.katalon.core.main.TestSuiteExecutor.execute(TestSuiteExecutor.java:106)
	at com.kms.katalon.core.main.TestCaseMain.startTestSuite(TestCaseMain.java:185)
	at com.kms.katalon.core.main.TestCaseMain$startTestSuite$0.call(Unknown Source)
	at TempTestSuite1705920083951.run(TempTestSuite1705920083951.groovy:36)
)
[[ATTACHMENT|C:\\Users\\Fadli\\git\\KatalonDailyGetData2\\Reports\\20240122_174123\\TS1\\20240122_174123\\1705920765928.png]]

2024-01-22 17:52:46 - [TEST_STEP][PASSED] - else: null

2024-01-22 17:52:46 - [TEST_STEP][PASSED] - strBuyer3 = getText(findTestObject("Stockbit/Bandarmology_Buyer3")): Text of object 'Object Repository/Stockbit/Bandarmology_Buyer3' is: 'XC'

2024-01-22 17:52:46 - [MESSAGE][PASSED] - Text of object 'Object Repository/Stockbit/Bandarmology_Buyer3' is: 'XC'

2024-01-22 17:52:46 - [TEST_STEP][PASSED] - strBuyerVol3 = getText(findTestObject("Stockbit/Bandarmology_BuyerVol3")): Text of object 'Object Repository/Stockbit/Bandarmology_BuyerVol3' is: '2 K'

2024-01-22 17:52:46 - [MESSAGE][PASSED] - Text of object 'Object Repository/Stockbit/Bandarmology_BuyerVol3' is: '2 K'

2024-01-22 17:52:46 - [TEST_STEP][PASSED] - strBuyerAvg3 = getText(findTestObject("Stockbit/Bandarmology_BuyerAvg3")): Text of object 'Object Repository/Stockbit/Bandarmology_BuyerAvg3' is: '62'

2024-01-22 17:52:46 - [MESSAGE][PASSED] - Text of object 'Object Repository/Stockbit/Bandarmology_BuyerAvg3' is: '62'

2024-01-22 17:52:46 - [TEST_STEP][PASSED] - if (strBuyer3 != ""): null

2024-01-22 17:52:46 - [TEST_STEP][PASSED] - if (strBuyerAvg3.contains(",")): null

2024-01-22 17:52:46 - [TEST_STEP][PASSED] - if (strBuyerVol3.contains(" B")): null

2024-01-22 17:52:46 - [TEST_STEP][PASSED] - else if (strBuyerVol3.contains(" M")): null

2024-01-22 17:52:46 - [TEST_STEP][PASSED] - else if (strBuyerVol3.contains(" K")): null

2024-01-22 17:52:46 - [TEST_STEP][PASSED] - strBuyerVol3 = strBuyerVol3.replace(" K", ""): null

2024-01-22 17:52:46 - [TEST_STEP][PASSED] - strBuyerVol3 = strBuyerVol3.toDouble() * 1000: null

2024-01-22 17:52:46 - [TEST_STEP][PASSED] - if (verifyElementNotPresent(findTestObject("Stockbit/Bandarmology_Seller3"), 1, OPTIONAL)): Web element with id: 'Object Repository/Stockbit/Bandarmology_Seller3' located by 'By.xpath: //*[contains(@id, 'rc-tabs-')]/div[2]/div/div/div/div/div/div[2]/table/tbody/tr[4]/td[5]/p' is present after '1' second(s) (Root cause: com.kms.katalon.core.exception.StepFailedException: Web element with id: 'Object Repository/Stockbit/Bandarmology_Seller3' located by 'By.xpath: //*[contains(@id, 'rc-tabs-')]/div[2]/div/div/div/div/div/div[2]/table/tbody/tr[4]/td[5]/p' is present after '1' second(s)
	at com.kms.katalon.core.webui.keyword.internal.WebUIKeywordMain.stepFailed(WebUIKeywordMain.groovy:64)
	at com.kms.katalon.core.webui.keyword.internal.WebUIKeywordMain$stepFailed$0.call(Unknown Source)
	at com.kms.katalon.core.webui.keyword.builtin.VerifyElementNotPresentKeyword$_verifyElementNotPresent_closure1.doCall(VerifyElementNotPresentKeyword.groovy:106)
	at com.kms.katalon.core.webui.keyword.builtin.VerifyElementNotPresentKeyword$_verifyElementNotPresent_closure1.doCall(VerifyElementNotPresentKeyword.groovy)
	at com.kms.katalon.core.webui.keyword.internal.WebUIKeywordMain.runKeyword(WebUIKeywordMain.groovy:20)
	at com.kms.katalon.core.webui.keyword.internal.WebUIKeywordMain$runKeyword.call(Unknown Source)
	at com.kms.katalon.core.webui.keyword.builtin.VerifyElementNotPresentKeyword.verifyElementNotPresent(VerifyElementNotPresentKeyword.groovy:117)
	at com.kms.katalon.core.webui.keyword.builtin.VerifyElementNotPresentKeyword.execute(VerifyElementNotPresentKeyword.groovy:68)
	at com.kms.katalon.core.keyword.internal.KeywordExecutor.executeKeywordForPlatform(KeywordExecutor.groovy:74)
	at com.kms.katalon.core.webui.keyword.WebUiBuiltInKeywords.verifyElementNotPresent(WebUiBuiltInKeywords.groovy:1481)
	at com.kms.katalon.core.webui.keyword.WebUiBuiltInKeywords$verifyElementNotPresent$8.call(Unknown Source)
	at GetBrokSumPriceDaily.run(GetBrokSumPriceDaily:414)
	at com.kms.katalon.core.main.ScriptEngine.run(ScriptEngine.java:194)
	at com.kms.katalon.core.main.ScriptEngine.runScriptAsRawText(ScriptEngine.java:119)
	at com.kms.katalon.core.main.TestCaseExecutor.runScript(TestCaseExecutor.java:445)
	at com.kms.katalon.core.main.TestCaseExecutor.doExecute(TestCaseExecutor.java:436)
	at com.kms.katalon.core.main.TestCaseExecutor.processExecutionPhase(TestCaseExecutor.java:415)
	at com.kms.katalon.core.main.TestCaseExecutor.accessMainPhase(TestCaseExecutor.java:407)
	at com.kms.katalon.core.main.TestCaseExecutor.execute(TestCaseExecutor.java:284)
	at com.kms.katalon.core.common.CommonExecutor.accessTestCaseMainPhase(CommonExecutor.java:65)
	at com.kms.katalon.core.main.TestSuiteExecutor.accessTestSuiteMainPhase(TestSuiteExecutor.java:144)
	at com.kms.katalon.core.main.TestSuiteExecutor.execute(TestSuiteExecutor.java:106)
	at com.kms.katalon.core.main.TestCaseMain.startTestSuite(TestCaseMain.java:185)
	at com.kms.katalon.core.main.TestCaseMain$startTestSuite$0.call(Unknown Source)
	at TempTestSuite1705920083951.run(TempTestSuite1705920083951.groovy:36)
)

2024-01-22 17:52:48 - [MESSAGE][WARNING] - Web element with id: 'Object Repository/Stockbit/Bandarmology_Seller3' located by 'By.xpath: //*[contains(@id, 'rc-tabs-')]/div[2]/div/div/div/div/div/div[2]/table/tbody/tr[4]/td[5]/p' is present after '1' second(s) (Root cause: com.kms.katalon.core.exception.StepFailedException: Web element with id: 'Object Repository/Stockbit/Bandarmology_Seller3' located by 'By.xpath: //*[contains(@id, 'rc-tabs-')]/div[2]/div/div/div/div/div/div[2]/table/tbody/tr[4]/td[5]/p' is present after '1' second(s)
	at com.kms.katalon.core.webui.keyword.internal.WebUIKeywordMain.stepFailed(WebUIKeywordMain.groovy:64)
	at com.kms.katalon.core.webui.keyword.internal.WebUIKeywordMain$stepFailed$0.call(Unknown Source)
	at com.kms.katalon.core.webui.keyword.builtin.VerifyElementNotPresentKeyword$_verifyElementNotPresent_closure1.doCall(VerifyElementNotPresentKeyword.groovy:106)
	at com.kms.katalon.core.webui.keyword.builtin.VerifyElementNotPresentKeyword$_verifyElementNotPresent_closure1.doCall(VerifyElementNotPresentKeyword.groovy)
	at com.kms.katalon.core.webui.keyword.internal.WebUIKeywordMain.runKeyword(WebUIKeywordMain.groovy:20)
	at com.kms.katalon.core.webui.keyword.internal.WebUIKeywordMain$runKeyword.call(Unknown Source)
	at com.kms.katalon.core.webui.keyword.builtin.VerifyElementNotPresentKeyword.verifyElementNotPresent(VerifyElementNotPresentKeyword.groovy:117)
	at com.kms.katalon.core.webui.keyword.builtin.VerifyElementNotPresentKeyword.execute(VerifyElementNotPresentKeyword.groovy:68)
	at com.kms.katalon.core.keyword.internal.KeywordExecutor.executeKeywordForPlatform(KeywordExecutor.groovy:74)
	at com.kms.katalon.core.webui.keyword.WebUiBuiltInKeywords.verifyElementNotPresent(WebUiBuiltInKeywords.groovy:1481)
	at com.kms.katalon.core.webui.keyword.WebUiBuiltInKeywords$verifyElementNotPresent$8.call(Unknown Source)
	at GetBrokSumPriceDaily.run(GetBrokSumPriceDaily:414)
	at com.kms.katalon.core.main.ScriptEngine.run(ScriptEngine.java:194)
	at com.kms.katalon.core.main.ScriptEngine.runScriptAsRawText(ScriptEngine.java:119)
	at com.kms.katalon.core.main.TestCaseExecutor.runScript(TestCaseExecutor.java:445)
	at com.kms.katalon.core.main.TestCaseExecutor.doExecute(TestCaseExecutor.java:436)
	at com.kms.katalon.core.main.TestCaseExecutor.processExecutionPhase(TestCaseExecutor.java:415)
	at com.kms.katalon.core.main.TestCaseExecutor.accessMainPhase(TestCaseExecutor.java:407)
	at com.kms.katalon.core.main.TestCaseExecutor.execute(TestCaseExecutor.java:284)
	at com.kms.katalon.core.common.CommonExecutor.accessTestCaseMainPhase(CommonExecutor.java:65)
	at com.kms.katalon.core.main.TestSuiteExecutor.accessTestSuiteMainPhase(TestSuiteExecutor.java:144)
	at com.kms.katalon.core.main.TestSuiteExecutor.execute(TestSuiteExecutor.java:106)
	at com.kms.katalon.core.main.TestCaseMain.startTestSuite(TestCaseMain.java:185)
	at com.kms.katalon.core.main.TestCaseMain$startTestSuite$0.call(Unknown Source)
	at TempTestSuite1705920083951.run(TempTestSuite1705920083951.groovy:36)
)
[[ATTACHMENT|C:\\Users\\Fadli\\git\\KatalonDailyGetData2\\Reports\\20240122_174123\\TS1\\20240122_174123\\1705920767836.png]]

2024-01-22 17:52:48 - [TEST_STEP][PASSED] - else: null

2024-01-22 17:52:48 - [TEST_STEP][PASSED] - strSeller3 = getText(findTestObject("Stockbit/Bandarmology_Seller3")): Text of object 'Object Repository/Stockbit/Bandarmology_Seller3' is: 'PG'

2024-01-22 17:52:48 - [MESSAGE][PASSED] - Text of object 'Object Repository/Stockbit/Bandarmology_Seller3' is: 'PG'

2024-01-22 17:52:48 - [TEST_STEP][PASSED] - strSellerVol3 = getText(findTestObject("Stockbit/Bandarmology_SellerVol3")): Text of object 'Object Repository/Stockbit/Bandarmology_SellerVol3' is: '4.5 K'

2024-01-22 17:52:48 - [MESSAGE][PASSED] - Text of object 'Object Repository/Stockbit/Bandarmology_SellerVol3' is: '4.5 K'

2024-01-22 17:52:48 - [TEST_STEP][PASSED] - strSellerAvg3 = getText(findTestObject("Stockbit/Bandarmology_SellerAvg3")): Text of object 'Object Repository/Stockbit/Bandarmology_SellerAvg3' is: '61'

2024-01-22 17:52:48 - [MESSAGE][PASSED] - Text of object 'Object Repository/Stockbit/Bandarmology_SellerAvg3' is: '61'

2024-01-22 17:52:48 - [TEST_STEP][PASSED] - if (strSeller3 != ""): null

2024-01-22 17:52:48 - [TEST_STEP][PASSED] - if (strSellerAvg3.contains(",")): null

2024-01-22 17:52:48 - [TEST_STEP][PASSED] - if (strSellerVol3.contains(" B")): null

2024-01-22 17:52:48 - [TEST_STEP][PASSED] - else if (strSellerVol3.contains(" M")): null

2024-01-22 17:52:48 - [TEST_STEP][PASSED] - else if (strSellerVol3.contains(" K")): null

2024-01-22 17:52:48 - [TEST_STEP][PASSED] - strSellerVol3 = strSellerVol3.replace(" K", ""): null

2024-01-22 17:52:48 - [TEST_STEP][PASSED] - strSellerVol3 = strSellerVol3.toDouble() * 1000: null

2024-01-22 17:52:48 - [TEST_STEP][PASSED] - strAccDist = getText(findTestObject("Stockbit/Bandarmology_AccDist")): Text of object 'Object Repository/Stockbit/Bandarmology_AccDist' is: 'Acc'

2024-01-22 17:52:48 - [MESSAGE][PASSED] - Text of object 'Object Repository/Stockbit/Bandarmology_AccDist' is: 'Acc'

2024-01-22 17:52:48 - [TEST_STEP][PASSED] - strNetVol = getText(findTestObject("Stockbit/Bandarmology_NetVol")): Text of object 'Object Repository/Stockbit/Bandarmology_NetVol' is: '51,729'

2024-01-22 17:52:48 - [MESSAGE][PASSED] - Text of object 'Object Repository/Stockbit/Bandarmology_NetVol' is: '51,729'

2024-01-22 17:52:48 - [TEST_STEP][PASSED] - strNetVol = strNetVol.replace(",", ""): null

2024-01-22 17:52:48 - [TEST_STEP][PASSED] - strNetVal = getText(findTestObject("Stockbit/Bandarmology_NetVal")): Text of object 'Object Repository/Stockbit/Bandarmology_NetVal' is: '0.3 B'

2024-01-22 17:52:48 - [MESSAGE][PASSED] - Text of object 'Object Repository/Stockbit/Bandarmology_NetVal' is: '0.3 B'

2024-01-22 17:52:48 - [TEST_STEP][PASSED] - delay(3): Delayed 3 second(s)

2024-01-22 17:52:51 - [MESSAGE][PASSED] - Delayed 3 second(s)

2024-01-22 17:52:51 - [TEST_STEP][PASSED] - strOpenPrice = getText(findTestObject("Stockbit/Home_OpenPrice")): Text of object 'Object Repository/Stockbit/Home_OpenPrice' is: '61'

2024-01-22 17:52:52 - [MESSAGE][PASSED] - Text of object 'Object Repository/Stockbit/Home_OpenPrice' is: '61'

2024-01-22 17:52:52 - [TEST_STEP][PASSED] - strOpenPrice = strOpenPrice.replace(",", ""): null

2024-01-22 17:52:52 - [TEST_STEP][PASSED] - strLowPrice = getText(findTestObject("Stockbit/Home_LowPrice")): Text of object 'Object Repository/Stockbit/Home_LowPrice' is: '61'

2024-01-22 17:52:52 - [MESSAGE][PASSED] - Text of object 'Object Repository/Stockbit/Home_LowPrice' is: '61'

2024-01-22 17:52:52 - [TEST_STEP][PASSED] - strLowPrice = strLowPrice.replace(",", ""): null

2024-01-22 17:52:52 - [TEST_STEP][PASSED] - strHighPrice = getText(findTestObject("Stockbit/Home_HighPrice")): Text of object 'Object Repository/Stockbit/Home_HighPrice' is: '63'

2024-01-22 17:52:52 - [MESSAGE][PASSED] - Text of object 'Object Repository/Stockbit/Home_HighPrice' is: '63'

2024-01-22 17:52:52 - [TEST_STEP][PASSED] - strHighPrice = strHighPrice.replace(",", ""): null

2024-01-22 17:52:52 - [TEST_STEP][PASSED] - strClosePrice = getText(findTestObject("Stockbit/Home_ClosePrice")): Text of object 'Object Repository/Stockbit/Home_ClosePrice' is: '62'

2024-01-22 17:52:52 - [MESSAGE][PASSED] - Text of object 'Object Repository/Stockbit/Home_ClosePrice' is: '62'

2024-01-22 17:52:52 - [TEST_STEP][PASSED] - strClosePrice = strClosePrice.replace(",", ""): null

2024-01-22 17:52:52 - [TEST_STEP][PASSED] - strVol = getText(findTestObject("Stockbit/Home_Volume")): Text of object 'Object Repository/Stockbit/Home_Volume' is: '100 K'

2024-01-22 17:52:52 - [MESSAGE][PASSED] - Text of object 'Object Repository/Stockbit/Home_Volume' is: '100 K'

2024-01-22 17:52:52 - [TEST_STEP][PASSED] - if (strVol.contains(" K")): null

2024-01-22 17:52:52 - [TEST_STEP][PASSED] - strVol = strVol.replace(" K", "000"): null

2024-01-22 17:52:52 - [TEST_STEP][PASSED] - if (strVol.contains(",")): null

2024-01-22 17:52:52 - [TEST_STEP][PASSED] - strChange = getText(findTestObject("Stockbit/Home_Change")): Text of object 'Object Repository/Stockbit/Home_Change' is: '1.64%'

2024-01-22 17:52:52 - [MESSAGE][PASSED] - Text of object 'Object Repository/Stockbit/Home_Change' is: '1.64%'

2024-01-22 17:52:52 - [TEST_STEP][PASSED] - strChange = strChange.replace("%", ""): null

2024-01-22 17:52:52 - [TEST_STEP][PASSED] - strFreq = getText(findTestObject("Stockbit/Home_Freq")): Text of object 'Object Repository/Stockbit/Home_Freq' is: '320'

2024-01-22 17:52:52 - [MESSAGE][PASSED] - Text of object 'Object Repository/Stockbit/Home_Freq' is: '320'

2024-01-22 17:52:52 - [TEST_STEP][PASSED] - if (strFreq.contains(",")): null

2024-01-22 17:52:52 - [TEST_STEP][PASSED] - if (strFreq == "NA" || strFreq == ""): null

2024-01-22 17:52:52 - [TEST_STEP][PASSED] - else: null

2024-01-22 17:52:52 - [TEST_STEP][PASSED] - dblFreqAnal = strVol.toDouble() / strFreq.toDouble() * strFreq.toDouble() * strFreq.toDouble() * 100000000: null

2024-01-22 17:52:52 - [TEST_STEP][PASSED] - strFreqAnal = String.format("%.4f", dblFreqAnal): null

2024-01-22 17:52:52 - [TEST_STEP][PASSED] - out.println("Double strFreqAnal: " + strFreqAnal): null

2024-01-22 17:52:52 - [TEST_STEP][PASSED] - strTanggal = d.format(DateTimeFormatter.ofPattern("yyyy-MM-dd")): null

2024-01-22 17:52:52 - [TEST_STEP][PASSED] - strTanggal = "#" + strTanggal + "#": null

2024-01-22 17:52:52 - [TEST_STEP][PASSED] - strSQL = "select count(*) as JumBaris from TblBrokSum where Nama = '" + strNama + "' and Tanggal = " + strTanggal + "": null

2024-01-22 17:52:52 - [TEST_STEP][PASSED] - resultSet = statement.executeQuery(strSQL): null

2024-01-22 17:52:52 - [TEST_STEP][PASSED] - resultSet.next(): null

2024-01-22 17:52:52 - [TEST_STEP][PASSED] - intJumBaris = resultSet.getInt("JumBaris"): null

2024-01-22 17:52:52 - [TEST_STEP][PASSED] - if (intJumBaris > 0): null

2024-01-22 17:52:52 - [TEST_STEP][PASSED] - else: null

2024-01-22 17:52:52 - [TEST_STEP][PASSED] - try: null

2024-01-22 17:52:52 - [TEST_STEP][PASSED] - out.println("Insert data"): null

2024-01-22 17:52:52 - [TEST_STEP][PASSED] - strSQL = "insert into TblBrokSum (nama, tanggal, top1, top2, top3, AllBrokAvg, AccDist, AvgRP, " + "Buyer1, BuyerVal1, BuyerAvg1, Seller1, SellerVal1, SellerAvg1, Buyer2, BuyerVal2, BuyerAvg2, " + "Seller2, SellerVal2, SellerAvg2, Buyer3, BuyerVal3, BuyerAvg3, Seller3, SellerVal3, SellerAvg3, NetVol, NetVal, " + "OpenPrice, LowPrice, HighPrice, ClosePrice, Volume, Change, Frekuensi, FrekAnal) " + "values ('" + strNama + "', " + strTanggal + ", '" + strTop1 + "', '" + strTop3 + "', '" + strTop5 + "', " + "'" + strAllBrokAvg + "', '" + strAccDist + "', " + intAvgRP + ", '" + strBuyer1 + "', '" + strBuyerVol1 + "', " + strBuyerAvg1 + ", " + "'" + strSeller1 + "', '" + strSellerVol1 + "', " + strSellerAvg1 + ", '" + strBuyer2 + "', '" + strBuyerVol2 + "', " + strBuyerAvg2 + ", " + "'" + strSeller2 + "', '" + strSellerVol2 + "', " + strSellerAvg2 + ", '" + strBuyer3 + "', '" + strBuyerVol3 + "', " + strBuyerAvg3 + ", " + "'" + strSeller3 + "', '" + strSellerVol3 + "', " + strSellerAvg3 + ", " + strNetVol + ", '" + strNetVal + "', " + "" + strOpenPrice + ", " + strLowPrice + ", " + strHighPrice + ", " + strClosePrice + ", '" + strVol + "', " + strChange + ", " + strFreq + ", " + strFreqAnal + ");": null

2024-01-22 17:52:52 - [TEST_STEP][PASSED] - out.println("strSQL = " + strSQL): null

2024-01-22 17:52:52 - [TEST_STEP][PASSED] - statement.executeUpdate(strSQL): null

2024-01-22 17:52:53 - [TEST_STEP][PASSED] - setValueToCellByIndex(sheet01, rowIndex, 4, "DONE"): null

2024-01-22 17:52:53 - [TEST_STEP][PASSED] - saveWorkbook(excelFilePath, workbook01): null

2024-01-22 17:52:53 - [TEST_STEP][PASSED] - waitForElementClickable(findTestObject("Stockbit/menu_Bandarmology"), 10): Object 'Object Repository/Stockbit/menu_Bandarmology' is clickable

2024-01-22 17:52:53 - [MESSAGE][PASSED] - Object 'Object Repository/Stockbit/menu_Bandarmology' is clickable

2024-01-22 17:52:53 - [TEST_STEP][PASSED] - click(findTestObject("Stockbit/menu_Bandarmology")): Object: 'Object Repository/Stockbit/menu_Bandarmology' is clicked on

2024-01-22 17:52:53 - [MESSAGE][PASSED] - Object: 'Object Repository/Stockbit/menu_Bandarmology' is clicked on

2024-01-22 17:52:53 - [TEST_STEP][PASSED] - strTemp = "NA": null

2024-01-22 17:52:53 - [TEST_STEP][PASSED] - if (getCellValueByIndex(sheet01, rowIndex, 4) != "DONE"): Object: 'Object Repository/Stockbit/menu_Bandarmology' is clicked on

2024-01-22 17:52:53 - [TEST_STEP][PASSED] - strNama = getCellValueByIndex(sheet01, rowIndex, 0): null

2024-01-22 17:52:53 - [TEST_STEP][PASSED] - navigateToUrl("https://stockbit.com/#/symbol/" + strNama): Navigate to 'https://stockbit.com/#/symbol/BHIT' successfully

2024-01-22 17:52:55 - [MESSAGE][PASSED] - Navigate to 'https://stockbit.com/#/symbol/BHIT' successfully

2024-01-22 17:52:55 - [TEST_STEP][PASSED] - waitForElementClickable(findTestObject("Stockbit/menu_Bandarmology"), 10): Object 'Object Repository/Stockbit/menu_Bandarmology' is clickable

2024-01-22 17:52:55 - [MESSAGE][PASSED] - Object 'Object Repository/Stockbit/menu_Bandarmology' is clickable

2024-01-22 17:52:55 - [TEST_STEP][PASSED] - click(findTestObject("Stockbit/menu_Bandarmology")): Object: 'Object Repository/Stockbit/menu_Bandarmology' is clicked on

2024-01-22 17:52:57 - [MESSAGE][PASSED] - Object: 'Object Repository/Stockbit/menu_Bandarmology' is clicked on

2024-01-22 17:52:57 - [TEST_STEP][PASSED] - strTanggal = d.format(DateTimeFormatter.ofPattern("MMM dd, yyyy")): null

2024-01-22 17:52:57 - [TEST_STEP][PASSED] - strTanggal = d.format(ISO_DATE): null

2024-01-22 17:52:57 - [TEST_STEP][PASSED] - out.println("strTanggal = " + strTanggal): null

2024-01-22 17:52:57 - [TEST_STEP][PASSED] - out.println("strNama = " + strNama): null

2024-01-22 17:52:57 - [TEST_STEP][PASSED] - out.println("Baris ke = " + rowIndex): null

2024-01-22 17:52:57 - [TEST_STEP][PASSED] - click(findTestObject("Stockbit/input__BandarmologyOpenStartDate")): Object: 'Object Repository/Stockbit/input__BandarmologyOpenStartDate' is clicked on

2024-01-22 17:52:58 - [MESSAGE][PASSED] - Object: 'Object Repository/Stockbit/input__BandarmologyOpenStartDate' is clicked on

2024-01-22 17:52:58 - [TEST_STEP][PASSED] - sendKeys(findTestObject("Stockbit/input__BandarmologyOpenStartDate"), Keys.chord(CONTROL, "a")): Keys 'CONTROL + a' sent to object: 'Object Repository/Stockbit/input__BandarmologyOpenStartDate'

2024-01-22 17:52:59 - [MESSAGE][PASSED] - Keys 'CONTROL + a' sent to object: 'Object Repository/Stockbit/input__BandarmologyOpenStartDate'

2024-01-22 17:52:59 - [TEST_STEP][PASSED] - sendKeys(findTestObject("Stockbit/input__BandarmologyOpenStartDate"), Keys.chord(BACK_SPACE)): Keys 'BACK_SPACE + ' sent to object: 'Object Repository/Stockbit/input__BandarmologyOpenStartDate'

2024-01-22 17:52:59 - [MESSAGE][PASSED] - Keys 'BACK_SPACE + ' sent to object: 'Object Repository/Stockbit/input__BandarmologyOpenStartDate'

2024-01-22 17:52:59 - [TEST_STEP][PASSED] - setText(findTestObject("Stockbit/input__BandarmologyOpenStartDate"), strTanggal): Text '2024-01-22' is set on object 'Object Repository/Stockbit/input__BandarmologyOpenStartDate'

2024-01-22 17:53:00 - [MESSAGE][PASSED] - Text '2024-01-22' is set on object 'Object Repository/Stockbit/input__BandarmologyOpenStartDate'

2024-01-22 17:53:00 - [TEST_STEP][PASSED] - sendKeys(findTestObject("Stockbit/input__BandarmologyOpenStartDate"), Keys.chord(ENTER)): Keys 'ENTER + ' sent to object: 'Object Repository/Stockbit/input__BandarmologyOpenStartDate'

2024-01-22 17:53:00 - [MESSAGE][PASSED] - Keys 'ENTER + ' sent to object: 'Object Repository/Stockbit/input__BandarmologyOpenStartDate'

2024-01-22 17:53:00 - [TEST_STEP][PASSED] - click(findTestObject("Stockbit/input__BandarmologyOpenEndDate")): Object: 'Object Repository/Stockbit/input__BandarmologyOpenEndDate' is clicked on

2024-01-22 17:53:01 - [MESSAGE][PASSED] - Object: 'Object Repository/Stockbit/input__BandarmologyOpenEndDate' is clicked on

2024-01-22 17:53:01 - [TEST_STEP][PASSED] - sendKeys(findTestObject("Stockbit/input__BandarmologyOpenEndDate"), Keys.chord(CONTROL, "a")): Keys 'CONTROL + a' sent to object: 'Object Repository/Stockbit/input__BandarmologyOpenEndDate'

2024-01-22 17:53:01 - [MESSAGE][PASSED] - Keys 'CONTROL + a' sent to object: 'Object Repository/Stockbit/input__BandarmologyOpenEndDate'

2024-01-22 17:53:01 - [TEST_STEP][PASSED] - sendKeys(findTestObject("Stockbit/input__BandarmologyOpenEndDate"), Keys.chord(BACK_SPACE)): Keys 'BACK_SPACE + ' sent to object: 'Object Repository/Stockbit/input__BandarmologyOpenEndDate'

2024-01-22 17:53:02 - [MESSAGE][PASSED] - Keys 'BACK_SPACE + ' sent to object: 'Object Repository/Stockbit/input__BandarmologyOpenEndDate'

2024-01-22 17:53:02 - [TEST_STEP][PASSED] - setText(findTestObject("Stockbit/input__BandarmologyOpenEndDate"), strTanggal): Text '2024-01-22' is set on object 'Object Repository/Stockbit/input__BandarmologyOpenEndDate'

2024-01-22 17:53:02 - [MESSAGE][PASSED] - Text '2024-01-22' is set on object 'Object Repository/Stockbit/input__BandarmologyOpenEndDate'

2024-01-22 17:53:02 - [TEST_STEP][PASSED] - sendKeys(findTestObject("Stockbit/input__BandarmologyOpenEndDate"), Keys.chord(ENTER)): Keys 'ENTER + ' sent to object: 'Object Repository/Stockbit/input__BandarmologyOpenEndDate'

2024-01-22 17:53:03 - [MESSAGE][PASSED] - Keys 'ENTER + ' sent to object: 'Object Repository/Stockbit/input__BandarmologyOpenEndDate'

2024-01-22 17:53:03 - [TEST_STEP][PASSED] - delay(2): Delayed 2 second(s)

2024-01-22 17:53:05 - [MESSAGE][PASSED] - Delayed 2 second(s)

2024-01-22 17:53:05 - [TEST_STEP][PASSED] - strTemp = getText(findTestObject("Stockbit/Bandarmology_AvgRP")): Text of object 'Object Repository/Stockbit/Bandarmology_AvgRP' is: '50'

2024-01-22 17:53:05 - [MESSAGE][PASSED] - Text of object 'Object Repository/Stockbit/Bandarmology_AvgRP' is: '50'

2024-01-22 17:53:05 - [TEST_STEP][PASSED] - out.println("Bandarmology_AvgRP = " + strTemp): null

2024-01-22 17:53:05 - [TEST_STEP][PASSED] - if (strTemp != "0"): null

2024-01-22 17:53:05 - [TEST_STEP][PASSED] - strTop1 = getText(findTestObject("Stockbit/Bandarmology_Top1")): Text of object 'Object Repository/Stockbit/Bandarmology_Top1' is: 'Big Dist'

2024-01-22 17:53:05 - [MESSAGE][PASSED] - Text of object 'Object Repository/Stockbit/Bandarmology_Top1' is: 'Big Dist'

2024-01-22 17:53:05 - [TEST_STEP][PASSED] - strTop3 = getText(findTestObject("Stockbit/Bandarmology_Top3")): Text of object 'Object Repository/Stockbit/Bandarmology_Top3' is: 'Normal Dist'

2024-01-22 17:53:05 - [MESSAGE][PASSED] - Text of object 'Object Repository/Stockbit/Bandarmology_Top3' is: 'Normal Dist'

2024-01-22 17:53:05 - [TEST_STEP][PASSED] - strTop5 = getText(findTestObject("Stockbit/Bandarmology_Top5")): Text of object 'Object Repository/Stockbit/Bandarmology_Top5' is: 'Neutral'

2024-01-22 17:53:05 - [MESSAGE][PASSED] - Text of object 'Object Repository/Stockbit/Bandarmology_Top5' is: 'Neutral'

2024-01-22 17:53:05 - [TEST_STEP][PASSED] - strAllBrokAvg = getText(findTestObject("Stockbit/Bandarmology_TopAVG")): Text of object 'Object Repository/Stockbit/Bandarmology_TopAVG' is: 'Normal Dist'

2024-01-22 17:53:06 - [MESSAGE][PASSED] - Text of object 'Object Repository/Stockbit/Bandarmology_TopAVG' is: 'Normal Dist'

2024-01-22 17:53:06 - [TEST_STEP][PASSED] - strTemp = getText(findTestObject("Stockbit/Bandarmology_AvgRP")): Text of object 'Object Repository/Stockbit/Bandarmology_AvgRP' is: '50'

2024-01-22 17:53:06 - [MESSAGE][PASSED] - Text of object 'Object Repository/Stockbit/Bandarmology_AvgRP' is: '50'

2024-01-22 17:53:06 - [TEST_STEP][PASSED] - if (strTemp.contains(",")): null

2024-01-22 17:53:06 - [TEST_STEP][PASSED] - intAvgRP = strTemp.toInteger(): null

2024-01-22 17:53:06 - [TEST_STEP][PASSED] - strBuyer1 = getText(findTestObject("Stockbit/Bandarmology_Buyer1")): Text of object 'Object Repository/Stockbit/Bandarmology_Buyer1' is: 'DH'

2024-01-22 17:53:06 - [MESSAGE][PASSED] - Text of object 'Object Repository/Stockbit/Bandarmology_Buyer1' is: 'DH'

2024-01-22 17:53:06 - [TEST_STEP][PASSED] - strBuyerVol1 = getText(findTestObject("Stockbit/Bandarmology_BuyerVol1")): Text of object 'Object Repository/Stockbit/Bandarmology_BuyerVol1' is: '500'

2024-01-22 17:53:06 - [MESSAGE][PASSED] - Text of object 'Object Repository/Stockbit/Bandarmology_BuyerVol1' is: '500'

2024-01-22 17:53:06 - [TEST_STEP][PASSED] - strBuyerAvg1 = getText(findTestObject("Stockbit/Bandarmology_BuyerAvg1")): Text of object 'Object Repository/Stockbit/Bandarmology_BuyerAvg1' is: '50'

2024-01-22 17:53:06 - [MESSAGE][PASSED] - Text of object 'Object Repository/Stockbit/Bandarmology_BuyerAvg1' is: '50'

2024-01-22 17:53:06 - [TEST_STEP][PASSED] - if (strBuyerAvg1.contains(",")): null

2024-01-22 17:53:06 - [TEST_STEP][PASSED] - if (strBuyerVol1.contains(" B")): null

2024-01-22 17:53:06 - [TEST_STEP][PASSED] - strSeller1 = getText(findTestObject("Stockbit/Bandarmology_Seller1")): Text of object 'Object Repository/Stockbit/Bandarmology_Seller1' is: 'HP'

2024-01-22 17:53:06 - [MESSAGE][PASSED] - Text of object 'Object Repository/Stockbit/Bandarmology_Seller1' is: 'HP'

2024-01-22 17:53:06 - [TEST_STEP][PASSED] - strSellerVol1 = getText(findTestObject("Stockbit/Bandarmology_SellerVol1")): Text of object 'Object Repository/Stockbit/Bandarmology_SellerVol1' is: '1.2 K'

2024-01-22 17:53:07 - [MESSAGE][PASSED] - Text of object 'Object Repository/Stockbit/Bandarmology_SellerVol1' is: '1.2 K'

2024-01-22 17:53:07 - [TEST_STEP][PASSED] - strSellerAvg1 = getText(findTestObject("Stockbit/Bandarmology_SellerAvg1")): Text of object 'Object Repository/Stockbit/Bandarmology_SellerAvg1' is: '50'

2024-01-22 17:53:07 - [MESSAGE][PASSED] - Text of object 'Object Repository/Stockbit/Bandarmology_SellerAvg1' is: '50'

2024-01-22 17:53:07 - [TEST_STEP][PASSED] - if (strSellerAvg1.contains(",")): null

2024-01-22 17:53:07 - [TEST_STEP][PASSED] - if (strSellerVol1.contains(" B")): null

2024-01-22 17:53:07 - [TEST_STEP][PASSED] - else if (strSellerVol1.contains(" M")): null

2024-01-22 17:53:07 - [TEST_STEP][PASSED] - else if (strSellerVol1.contains(" K")): null

2024-01-22 17:53:07 - [TEST_STEP][PASSED] - strSellerVol1 = strSellerVol1.replace(" K", ""): null

2024-01-22 17:53:07 - [TEST_STEP][PASSED] - strSellerVol1 = strSellerVol1.toDouble() * 1000: null

2024-01-22 17:53:07 - [TEST_STEP][PASSED] - if (verifyElementNotPresent(findTestObject("Stockbit/Bandarmology_Buyer2"), 1, OPTIONAL)): Web element with id: 'Object Repository/Stockbit/Bandarmology_Buyer2' located by 'By.xpath: //*[contains(@id, 'rc-tabs-')]/div[2]/div/div/div/div/div/div[2]/table/tbody/tr[3]/td[1]/p' is present after '1' second(s) (Root cause: com.kms.katalon.core.exception.StepFailedException: Web element with id: 'Object Repository/Stockbit/Bandarmology_Buyer2' located by 'By.xpath: //*[contains(@id, 'rc-tabs-')]/div[2]/div/div/div/div/div/div[2]/table/tbody/tr[3]/td[1]/p' is present after '1' second(s)
	at com.kms.katalon.core.webui.keyword.internal.WebUIKeywordMain.stepFailed(WebUIKeywordMain.groovy:64)
	at com.kms.katalon.core.webui.keyword.internal.WebUIKeywordMain$stepFailed$0.call(Unknown Source)
	at com.kms.katalon.core.webui.keyword.builtin.VerifyElementNotPresentKeyword$_verifyElementNotPresent_closure1.doCall(VerifyElementNotPresentKeyword.groovy:106)
	at com.kms.katalon.core.webui.keyword.builtin.VerifyElementNotPresentKeyword$_verifyElementNotPresent_closure1.doCall(VerifyElementNotPresentKeyword.groovy)
	at com.kms.katalon.core.webui.keyword.internal.WebUIKeywordMain.runKeyword(WebUIKeywordMain.groovy:20)
	at com.kms.katalon.core.webui.keyword.internal.WebUIKeywordMain$runKeyword.call(Unknown Source)
	at com.kms.katalon.core.webui.keyword.builtin.VerifyElementNotPresentKeyword.verifyElementNotPresent(VerifyElementNotPresentKeyword.groovy:117)
	at com.kms.katalon.core.webui.keyword.builtin.VerifyElementNotPresentKeyword.execute(VerifyElementNotPresentKeyword.groovy:68)
	at com.kms.katalon.core.keyword.internal.KeywordExecutor.executeKeywordForPlatform(KeywordExecutor.groovy:74)
	at com.kms.katalon.core.webui.keyword.WebUiBuiltInKeywords.verifyElementNotPresent(WebUiBuiltInKeywords.groovy:1481)
	at com.kms.katalon.core.webui.keyword.WebUiBuiltInKeywords$verifyElementNotPresent$8.call(Unknown Source)
	at GetBrokSumPriceDaily.run(GetBrokSumPriceDaily:258)
	at com.kms.katalon.core.main.ScriptEngine.run(ScriptEngine.java:194)
	at com.kms.katalon.core.main.ScriptEngine.runScriptAsRawText(ScriptEngine.java:119)
	at com.kms.katalon.core.main.TestCaseExecutor.runScript(TestCaseExecutor.java:445)
	at com.kms.katalon.core.main.TestCaseExecutor.doExecute(TestCaseExecutor.java:436)
	at com.kms.katalon.core.main.TestCaseExecutor.processExecutionPhase(TestCaseExecutor.java:415)
	at com.kms.katalon.core.main.TestCaseExecutor.accessMainPhase(TestCaseExecutor.java:407)
	at com.kms.katalon.core.main.TestCaseExecutor.execute(TestCaseExecutor.java:284)
	at com.kms.katalon.core.common.CommonExecutor.accessTestCaseMainPhase(CommonExecutor.java:65)
	at com.kms.katalon.core.main.TestSuiteExecutor.accessTestSuiteMainPhase(TestSuiteExecutor.java:144)
	at com.kms.katalon.core.main.TestSuiteExecutor.execute(TestSuiteExecutor.java:106)
	at com.kms.katalon.core.main.TestCaseMain.startTestSuite(TestCaseMain.java:185)
	at com.kms.katalon.core.main.TestCaseMain$startTestSuite$0.call(Unknown Source)
	at TempTestSuite1705920083951.run(TempTestSuite1705920083951.groovy:36)
)

2024-01-22 17:53:08 - [MESSAGE][WARNING] - Web element with id: 'Object Repository/Stockbit/Bandarmology_Buyer2' located by 'By.xpath: //*[contains(@id, 'rc-tabs-')]/div[2]/div/div/div/div/div/div[2]/table/tbody/tr[3]/td[1]/p' is present after '1' second(s) (Root cause: com.kms.katalon.core.exception.StepFailedException: Web element with id: 'Object Repository/Stockbit/Bandarmology_Buyer2' located by 'By.xpath: //*[contains(@id, 'rc-tabs-')]/div[2]/div/div/div/div/div/div[2]/table/tbody/tr[3]/td[1]/p' is present after '1' second(s)
	at com.kms.katalon.core.webui.keyword.internal.WebUIKeywordMain.stepFailed(WebUIKeywordMain.groovy:64)
	at com.kms.katalon.core.webui.keyword.internal.WebUIKeywordMain$stepFailed$0.call(Unknown Source)
	at com.kms.katalon.core.webui.keyword.builtin.VerifyElementNotPresentKeyword$_verifyElementNotPresent_closure1.doCall(VerifyElementNotPresentKeyword.groovy:106)
	at com.kms.katalon.core.webui.keyword.builtin.VerifyElementNotPresentKeyword$_verifyElementNotPresent_closure1.doCall(VerifyElementNotPresentKeyword.groovy)
	at com.kms.katalon.core.webui.keyword.internal.WebUIKeywordMain.runKeyword(WebUIKeywordMain.groovy:20)
	at com.kms.katalon.core.webui.keyword.internal.WebUIKeywordMain$runKeyword.call(Unknown Source)
	at com.kms.katalon.core.webui.keyword.builtin.VerifyElementNotPresentKeyword.verifyElementNotPresent(VerifyElementNotPresentKeyword.groovy:117)
	at com.kms.katalon.core.webui.keyword.builtin.VerifyElementNotPresentKeyword.execute(VerifyElementNotPresentKeyword.groovy:68)
	at com.kms.katalon.core.keyword.internal.KeywordExecutor.executeKeywordForPlatform(KeywordExecutor.groovy:74)
	at com.kms.katalon.core.webui.keyword.WebUiBuiltInKeywords.verifyElementNotPresent(WebUiBuiltInKeywords.groovy:1481)
	at com.kms.katalon.core.webui.keyword.WebUiBuiltInKeywords$verifyElementNotPresent$8.call(Unknown Source)
	at GetBrokSumPriceDaily.run(GetBrokSumPriceDaily:258)
	at com.kms.katalon.core.main.ScriptEngine.run(ScriptEngine.java:194)
	at com.kms.katalon.core.main.ScriptEngine.runScriptAsRawText(ScriptEngine.java:119)
	at com.kms.katalon.core.main.TestCaseExecutor.runScript(TestCaseExecutor.java:445)
	at com.kms.katalon.core.main.TestCaseExecutor.doExecute(TestCaseExecutor.java:436)
	at com.kms.katalon.core.main.TestCaseExecutor.processExecutionPhase(TestCaseExecutor.java:415)
	at com.kms.katalon.core.main.TestCaseExecutor.accessMainPhase(TestCaseExecutor.java:407)
	at com.kms.katalon.core.main.TestCaseExecutor.execute(TestCaseExecutor.java:284)
	at com.kms.katalon.core.common.CommonExecutor.accessTestCaseMainPhase(CommonExecutor.java:65)
	at com.kms.katalon.core.main.TestSuiteExecutor.accessTestSuiteMainPhase(TestSuiteExecutor.java:144)
	at com.kms.katalon.core.main.TestSuiteExecutor.execute(TestSuiteExecutor.java:106)
	at com.kms.katalon.core.main.TestCaseMain.startTestSuite(TestCaseMain.java:185)
	at com.kms.katalon.core.main.TestCaseMain$startTestSuite$0.call(Unknown Source)
	at TempTestSuite1705920083951.run(TempTestSuite1705920083951.groovy:36)
)
[[ATTACHMENT|C:\\Users\\Fadli\\git\\KatalonDailyGetData2\\Reports\\20240122_174123\\TS1\\20240122_174123\\1705920788366.png]]

2024-01-22 17:53:08 - [TEST_STEP][PASSED] - else: null

2024-01-22 17:53:08 - [TEST_STEP][PASSED] - strBuyer2 = getText(findTestObject("Stockbit/Bandarmology_Buyer2")): Text of object 'Object Repository/Stockbit/Bandarmology_Buyer2' is: 'YP'

2024-01-22 17:53:08 - [MESSAGE][PASSED] - Text of object 'Object Repository/Stockbit/Bandarmology_Buyer2' is: 'YP'

2024-01-22 17:53:08 - [TEST_STEP][PASSED] - strBuyerVol2 = getText(findTestObject("Stockbit/Bandarmology_BuyerVol2")): Text of object 'Object Repository/Stockbit/Bandarmology_BuyerVol2' is: '301'

2024-01-22 17:53:08 - [MESSAGE][PASSED] - Text of object 'Object Repository/Stockbit/Bandarmology_BuyerVol2' is: '301'

2024-01-22 17:53:08 - [TEST_STEP][PASSED] - strBuyerAvg2 = getText(findTestObject("Stockbit/Bandarmology_BuyerAvg2")): Text of object 'Object Repository/Stockbit/Bandarmology_BuyerAvg2' is: '50'

2024-01-22 17:53:09 - [MESSAGE][PASSED] - Text of object 'Object Repository/Stockbit/Bandarmology_BuyerAvg2' is: '50'

2024-01-22 17:53:09 - [TEST_STEP][PASSED] - if (strBuyer2 != ""): null

2024-01-22 17:53:09 - [TEST_STEP][PASSED] - if (strBuyerAvg2.contains(",")): null

2024-01-22 17:53:09 - [TEST_STEP][PASSED] - if (strBuyerVol2.contains(" B")): null

2024-01-22 17:53:09 - [TEST_STEP][PASSED] - if (strBuyerVol2.contains(".")): null

2024-01-22 17:53:09 - [TEST_STEP][PASSED] - if (verifyElementNotPresent(findTestObject("Stockbit/Bandarmology_Seller2"), 1, OPTIONAL)): Web element with id: 'Object Repository/Stockbit/Bandarmology_Seller2' located by 'By.xpath: //*[contains(@id, 'rc-tabs-')]/div[2]/div/div/div/div/div/div[2]/table/tbody/tr[3]/td[5]/p' is present after '1' second(s) (Root cause: com.kms.katalon.core.exception.StepFailedException: Web element with id: 'Object Repository/Stockbit/Bandarmology_Seller2' located by 'By.xpath: //*[contains(@id, 'rc-tabs-')]/div[2]/div/div/div/div/div/div[2]/table/tbody/tr[3]/td[5]/p' is present after '1' second(s)
	at com.kms.katalon.core.webui.keyword.internal.WebUIKeywordMain.stepFailed(WebUIKeywordMain.groovy:64)
	at com.kms.katalon.core.webui.keyword.internal.WebUIKeywordMain$stepFailed$0.call(Unknown Source)
	at com.kms.katalon.core.webui.keyword.builtin.VerifyElementNotPresentKeyword$_verifyElementNotPresent_closure1.doCall(VerifyElementNotPresentKeyword.groovy:106)
	at com.kms.katalon.core.webui.keyword.builtin.VerifyElementNotPresentKeyword$_verifyElementNotPresent_closure1.doCall(VerifyElementNotPresentKeyword.groovy)
	at com.kms.katalon.core.webui.keyword.internal.WebUIKeywordMain.runKeyword(WebUIKeywordMain.groovy:20)
	at com.kms.katalon.core.webui.keyword.internal.WebUIKeywordMain$runKeyword.call(Unknown Source)
	at com.kms.katalon.core.webui.keyword.builtin.VerifyElementNotPresentKeyword.verifyElementNotPresent(VerifyElementNotPresentKeyword.groovy:117)
	at com.kms.katalon.core.webui.keyword.builtin.VerifyElementNotPresentKeyword.execute(VerifyElementNotPresentKeyword.groovy:68)
	at com.kms.katalon.core.keyword.internal.KeywordExecutor.executeKeywordForPlatform(KeywordExecutor.groovy:74)
	at com.kms.katalon.core.webui.keyword.WebUiBuiltInKeywords.verifyElementNotPresent(WebUiBuiltInKeywords.groovy:1481)
	at com.kms.katalon.core.webui.keyword.WebUiBuiltInKeywords$verifyElementNotPresent$8.call(Unknown Source)
	at GetBrokSumPriceDaily.run(GetBrokSumPriceDaily:309)
	at com.kms.katalon.core.main.ScriptEngine.run(ScriptEngine.java:194)
	at com.kms.katalon.core.main.ScriptEngine.runScriptAsRawText(ScriptEngine.java:119)
	at com.kms.katalon.core.main.TestCaseExecutor.runScript(TestCaseExecutor.java:445)
	at com.kms.katalon.core.main.TestCaseExecutor.doExecute(TestCaseExecutor.java:436)
	at com.kms.katalon.core.main.TestCaseExecutor.processExecutionPhase(TestCaseExecutor.java:415)
	at com.kms.katalon.core.main.TestCaseExecutor.accessMainPhase(TestCaseExecutor.java:407)
	at com.kms.katalon.core.main.TestCaseExecutor.execute(TestCaseExecutor.java:284)
	at com.kms.katalon.core.common.CommonExecutor.accessTestCaseMainPhase(CommonExecutor.java:65)
	at com.kms.katalon.core.main.TestSuiteExecutor.accessTestSuiteMainPhase(TestSuiteExecutor.java:144)
	at com.kms.katalon.core.main.TestSuiteExecutor.execute(TestSuiteExecutor.java:106)
	at com.kms.katalon.core.main.TestCaseMain.startTestSuite(TestCaseMain.java:185)
	at com.kms.katalon.core.main.TestCaseMain$startTestSuite$0.call(Unknown Source)
	at TempTestSuite1705920083951.run(TempTestSuite1705920083951.groovy:36)
)

2024-01-22 17:53:10 - [MESSAGE][WARNING] - Web element with id: 'Object Repository/Stockbit/Bandarmology_Seller2' located by 'By.xpath: //*[contains(@id, 'rc-tabs-')]/div[2]/div/div/div/div/div/div[2]/table/tbody/tr[3]/td[5]/p' is present after '1' second(s) (Root cause: com.kms.katalon.core.exception.StepFailedException: Web element with id: 'Object Repository/Stockbit/Bandarmology_Seller2' located by 'By.xpath: //*[contains(@id, 'rc-tabs-')]/div[2]/div/div/div/div/div/div[2]/table/tbody/tr[3]/td[5]/p' is present after '1' second(s)
	at com.kms.katalon.core.webui.keyword.internal.WebUIKeywordMain.stepFailed(WebUIKeywordMain.groovy:64)
	at com.kms.katalon.core.webui.keyword.internal.WebUIKeywordMain$stepFailed$0.call(Unknown Source)
	at com.kms.katalon.core.webui.keyword.builtin.VerifyElementNotPresentKeyword$_verifyElementNotPresent_closure1.doCall(VerifyElementNotPresentKeyword.groovy:106)
	at com.kms.katalon.core.webui.keyword.builtin.VerifyElementNotPresentKeyword$_verifyElementNotPresent_closure1.doCall(VerifyElementNotPresentKeyword.groovy)
	at com.kms.katalon.core.webui.keyword.internal.WebUIKeywordMain.runKeyword(WebUIKeywordMain.groovy:20)
	at com.kms.katalon.core.webui.keyword.internal.WebUIKeywordMain$runKeyword.call(Unknown Source)
	at com.kms.katalon.core.webui.keyword.builtin.VerifyElementNotPresentKeyword.verifyElementNotPresent(VerifyElementNotPresentKeyword.groovy:117)
	at com.kms.katalon.core.webui.keyword.builtin.VerifyElementNotPresentKeyword.execute(VerifyElementNotPresentKeyword.groovy:68)
	at com.kms.katalon.core.keyword.internal.KeywordExecutor.executeKeywordForPlatform(KeywordExecutor.groovy:74)
	at com.kms.katalon.core.webui.keyword.WebUiBuiltInKeywords.verifyElementNotPresent(WebUiBuiltInKeywords.groovy:1481)
	at com.kms.katalon.core.webui.keyword.WebUiBuiltInKeywords$verifyElementNotPresent$8.call(Unknown Source)
	at GetBrokSumPriceDaily.run(GetBrokSumPriceDaily:309)
	at com.kms.katalon.core.main.ScriptEngine.run(ScriptEngine.java:194)
	at com.kms.katalon.core.main.ScriptEngine.runScriptAsRawText(ScriptEngine.java:119)
	at com.kms.katalon.core.main.TestCaseExecutor.runScript(TestCaseExecutor.java:445)
	at com.kms.katalon.core.main.TestCaseExecutor.doExecute(TestCaseExecutor.java:436)
	at com.kms.katalon.core.main.TestCaseExecutor.processExecutionPhase(TestCaseExecutor.java:415)
	at com.kms.katalon.core.main.TestCaseExecutor.accessMainPhase(TestCaseExecutor.java:407)
	at com.kms.katalon.core.main.TestCaseExecutor.execute(TestCaseExecutor.java:284)
	at com.kms.katalon.core.common.CommonExecutor.accessTestCaseMainPhase(CommonExecutor.java:65)
	at com.kms.katalon.core.main.TestSuiteExecutor.accessTestSuiteMainPhase(TestSuiteExecutor.java:144)
	at com.kms.katalon.core.main.TestSuiteExecutor.execute(TestSuiteExecutor.java:106)
	at com.kms.katalon.core.main.TestCaseMain.startTestSuite(TestCaseMain.java:185)
	at com.kms.katalon.core.main.TestCaseMain$startTestSuite$0.call(Unknown Source)
	at TempTestSuite1705920083951.run(TempTestSuite1705920083951.groovy:36)
)
[[ATTACHMENT|C:\\Users\\Fadli\\git\\KatalonDailyGetData2\\Reports\\20240122_174123\\TS1\\20240122_174123\\1705920790265.png]]

2024-01-22 17:53:10 - [TEST_STEP][PASSED] - else: null

2024-01-22 17:53:10 - [TEST_STEP][PASSED] - strSeller2 = getText(findTestObject("Stockbit/Bandarmology_Seller2")): Text of object 'Object Repository/Stockbit/Bandarmology_Seller2' is: 'YJ'

2024-01-22 17:53:10 - [MESSAGE][PASSED] - Text of object 'Object Repository/Stockbit/Bandarmology_Seller2' is: 'YJ'

2024-01-22 17:53:10 - [TEST_STEP][PASSED] - strSellerVol2 = getText(findTestObject("Stockbit/Bandarmology_SellerVol2")): Text of object 'Object Repository/Stockbit/Bandarmology_SellerVol2' is: '65'

2024-01-22 17:53:10 - [MESSAGE][PASSED] - Text of object 'Object Repository/Stockbit/Bandarmology_SellerVol2' is: '65'

2024-01-22 17:53:10 - [TEST_STEP][PASSED] - strSellerAvg2 = getText(findTestObject("Stockbit/Bandarmology_SellerAvg2")): Text of object 'Object Repository/Stockbit/Bandarmology_SellerAvg2' is: '50'

2024-01-22 17:53:10 - [MESSAGE][PASSED] - Text of object 'Object Repository/Stockbit/Bandarmology_SellerAvg2' is: '50'

2024-01-22 17:53:10 - [TEST_STEP][PASSED] - if (strSeller2 != ""): null

2024-01-22 17:53:10 - [TEST_STEP][PASSED] - if (strSellerAvg2.contains(",")): null

2024-01-22 17:53:10 - [TEST_STEP][PASSED] - if (strSellerVol2.contains(" B")): null

2024-01-22 17:53:10 - [TEST_STEP][PASSED] - if (verifyElementNotPresent(findTestObject("Stockbit/Bandarmology_Buyer3"), 1, OPTIONAL)): Web element with id: 'Object Repository/Stockbit/Bandarmology_Buyer3' located by 'By.xpath: //*[contains(@id, 'rc-tabs-')]/div[2]/div/div/div/div/div/div[2]/table/tbody/tr[4]/td[1]/p' is present after '1' second(s) (Root cause: com.kms.katalon.core.exception.StepFailedException: Web element with id: 'Object Repository/Stockbit/Bandarmology_Buyer3' located by 'By.xpath: //*[contains(@id, 'rc-tabs-')]/div[2]/div/div/div/div/div/div[2]/table/tbody/tr[4]/td[1]/p' is present after '1' second(s)
	at com.kms.katalon.core.webui.keyword.internal.WebUIKeywordMain.stepFailed(WebUIKeywordMain.groovy:64)
	at com.kms.katalon.core.webui.keyword.internal.WebUIKeywordMain$stepFailed$0.call(Unknown Source)
	at com.kms.katalon.core.webui.keyword.builtin.VerifyElementNotPresentKeyword$_verifyElementNotPresent_closure1.doCall(VerifyElementNotPresentKeyword.groovy:106)
	at com.kms.katalon.core.webui.keyword.builtin.VerifyElementNotPresentKeyword$_verifyElementNotPresent_closure1.doCall(VerifyElementNotPresentKeyword.groovy)
	at com.kms.katalon.core.webui.keyword.internal.WebUIKeywordMain.runKeyword(WebUIKeywordMain.groovy:20)
	at com.kms.katalon.core.webui.keyword.internal.WebUIKeywordMain$runKeyword.call(Unknown Source)
	at com.kms.katalon.core.webui.keyword.builtin.VerifyElementNotPresentKeyword.verifyElementNotPresent(VerifyElementNotPresentKeyword.groovy:117)
	at com.kms.katalon.core.webui.keyword.builtin.VerifyElementNotPresentKeyword.execute(VerifyElementNotPresentKeyword.groovy:68)
	at com.kms.katalon.core.keyword.internal.KeywordExecutor.executeKeywordForPlatform(KeywordExecutor.groovy:74)
	at com.kms.katalon.core.webui.keyword.WebUiBuiltInKeywords.verifyElementNotPresent(WebUiBuiltInKeywords.groovy:1481)
	at com.kms.katalon.core.webui.keyword.WebUiBuiltInKeywords$verifyElementNotPresent$8.call(Unknown Source)
	at GetBrokSumPriceDaily.run(GetBrokSumPriceDaily:361)
	at com.kms.katalon.core.main.ScriptEngine.run(ScriptEngine.java:194)
	at com.kms.katalon.core.main.ScriptEngine.runScriptAsRawText(ScriptEngine.java:119)
	at com.kms.katalon.core.main.TestCaseExecutor.runScript(TestCaseExecutor.java:445)
	at com.kms.katalon.core.main.TestCaseExecutor.doExecute(TestCaseExecutor.java:436)
	at com.kms.katalon.core.main.TestCaseExecutor.processExecutionPhase(TestCaseExecutor.java:415)
	at com.kms.katalon.core.main.TestCaseExecutor.accessMainPhase(TestCaseExecutor.java:407)
	at com.kms.katalon.core.main.TestCaseExecutor.execute(TestCaseExecutor.java:284)
	at com.kms.katalon.core.common.CommonExecutor.accessTestCaseMainPhase(CommonExecutor.java:65)
	at com.kms.katalon.core.main.TestSuiteExecutor.accessTestSuiteMainPhase(TestSuiteExecutor.java:144)
	at com.kms.katalon.core.main.TestSuiteExecutor.execute(TestSuiteExecutor.java:106)
	at com.kms.katalon.core.main.TestCaseMain.startTestSuite(TestCaseMain.java:185)
	at com.kms.katalon.core.main.TestCaseMain$startTestSuite$0.call(Unknown Source)
	at TempTestSuite1705920083951.run(TempTestSuite1705920083951.groovy:36)
)

2024-01-22 17:53:12 - [MESSAGE][WARNING] - Web element with id: 'Object Repository/Stockbit/Bandarmology_Buyer3' located by 'By.xpath: //*[contains(@id, 'rc-tabs-')]/div[2]/div/div/div/div/div/div[2]/table/tbody/tr[4]/td[1]/p' is present after '1' second(s) (Root cause: com.kms.katalon.core.exception.StepFailedException: Web element with id: 'Object Repository/Stockbit/Bandarmology_Buyer3' located by 'By.xpath: //*[contains(@id, 'rc-tabs-')]/div[2]/div/div/div/div/div/div[2]/table/tbody/tr[4]/td[1]/p' is present after '1' second(s)
	at com.kms.katalon.core.webui.keyword.internal.WebUIKeywordMain.stepFailed(WebUIKeywordMain.groovy:64)
	at com.kms.katalon.core.webui.keyword.internal.WebUIKeywordMain$stepFailed$0.call(Unknown Source)
	at com.kms.katalon.core.webui.keyword.builtin.VerifyElementNotPresentKeyword$_verifyElementNotPresent_closure1.doCall(VerifyElementNotPresentKeyword.groovy:106)
	at com.kms.katalon.core.webui.keyword.builtin.VerifyElementNotPresentKeyword$_verifyElementNotPresent_closure1.doCall(VerifyElementNotPresentKeyword.groovy)
	at com.kms.katalon.core.webui.keyword.internal.WebUIKeywordMain.runKeyword(WebUIKeywordMain.groovy:20)
	at com.kms.katalon.core.webui.keyword.internal.WebUIKeywordMain$runKeyword.call(Unknown Source)
	at com.kms.katalon.core.webui.keyword.builtin.VerifyElementNotPresentKeyword.verifyElementNotPresent(VerifyElementNotPresentKeyword.groovy:117)
	at com.kms.katalon.core.webui.keyword.builtin.VerifyElementNotPresentKeyword.execute(VerifyElementNotPresentKeyword.groovy:68)
	at com.kms.katalon.core.keyword.internal.KeywordExecutor.executeKeywordForPlatform(KeywordExecutor.groovy:74)
	at com.kms.katalon.core.webui.keyword.WebUiBuiltInKeywords.verifyElementNotPresent(WebUiBuiltInKeywords.groovy:1481)
	at com.kms.katalon.core.webui.keyword.WebUiBuiltInKeywords$verifyElementNotPresent$8.call(Unknown Source)
	at GetBrokSumPriceDaily.run(GetBrokSumPriceDaily:361)
	at com.kms.katalon.core.main.ScriptEngine.run(ScriptEngine.java:194)
	at com.kms.katalon.core.main.ScriptEngine.runScriptAsRawText(ScriptEngine.java:119)
	at com.kms.katalon.core.main.TestCaseExecutor.runScript(TestCaseExecutor.java:445)
	at com.kms.katalon.core.main.TestCaseExecutor.doExecute(TestCaseExecutor.java:436)
	at com.kms.katalon.core.main.TestCaseExecutor.processExecutionPhase(TestCaseExecutor.java:415)
	at com.kms.katalon.core.main.TestCaseExecutor.accessMainPhase(TestCaseExecutor.java:407)
	at com.kms.katalon.core.main.TestCaseExecutor.execute(TestCaseExecutor.java:284)
	at com.kms.katalon.core.common.CommonExecutor.accessTestCaseMainPhase(CommonExecutor.java:65)
	at com.kms.katalon.core.main.TestSuiteExecutor.accessTestSuiteMainPhase(TestSuiteExecutor.java:144)
	at com.kms.katalon.core.main.TestSuiteExecutor.execute(TestSuiteExecutor.java:106)
	at com.kms.katalon.core.main.TestCaseMain.startTestSuite(TestCaseMain.java:185)
	at com.kms.katalon.core.main.TestCaseMain$startTestSuite$0.call(Unknown Source)
	at TempTestSuite1705920083951.run(TempTestSuite1705920083951.groovy:36)
)
[[ATTACHMENT|C:\\Users\\Fadli\\git\\KatalonDailyGetData2\\Reports\\20240122_174123\\TS1\\20240122_174123\\1705920792166.png]]

2024-01-22 17:53:12 - [TEST_STEP][PASSED] - else: null

2024-01-22 17:53:12 - [TEST_STEP][PASSED] - strBuyer3 = getText(findTestObject("Stockbit/Bandarmology_Buyer3")): Text of object 'Object Repository/Stockbit/Bandarmology_Buyer3' is: 'XC'

2024-01-22 17:53:12 - [MESSAGE][PASSED] - Text of object 'Object Repository/Stockbit/Bandarmology_Buyer3' is: 'XC'

2024-01-22 17:53:12 - [TEST_STEP][PASSED] - strBuyerVol3 = getText(findTestObject("Stockbit/Bandarmology_BuyerVol3")): Text of object 'Object Repository/Stockbit/Bandarmology_BuyerVol3' is: '290'

2024-01-22 17:53:12 - [MESSAGE][PASSED] - Text of object 'Object Repository/Stockbit/Bandarmology_BuyerVol3' is: '290'

2024-01-22 17:53:12 - [TEST_STEP][PASSED] - strBuyerAvg3 = getText(findTestObject("Stockbit/Bandarmology_BuyerAvg3")): Text of object 'Object Repository/Stockbit/Bandarmology_BuyerAvg3' is: '50'

2024-01-22 17:53:12 - [MESSAGE][PASSED] - Text of object 'Object Repository/Stockbit/Bandarmology_BuyerAvg3' is: '50'

2024-01-22 17:53:12 - [TEST_STEP][PASSED] - if (strBuyer3 != ""): null

2024-01-22 17:53:12 - [TEST_STEP][PASSED] - if (strBuyerAvg3.contains(",")): null

2024-01-22 17:53:12 - [TEST_STEP][PASSED] - if (strBuyerVol3.contains(" B")): null

2024-01-22 17:53:12 - [TEST_STEP][PASSED] - if (verifyElementNotPresent(findTestObject("Stockbit/Bandarmology_Seller3"), 1, OPTIONAL)): Web element with id: 'Object Repository/Stockbit/Bandarmology_Seller3' located by 'By.xpath: //*[contains(@id, 'rc-tabs-')]/div[2]/div/div/div/div/div/div[2]/table/tbody/tr[4]/td[5]/p' is present after '1' second(s) (Root cause: com.kms.katalon.core.exception.StepFailedException: Web element with id: 'Object Repository/Stockbit/Bandarmology_Seller3' located by 'By.xpath: //*[contains(@id, 'rc-tabs-')]/div[2]/div/div/div/div/div/div[2]/table/tbody/tr[4]/td[5]/p' is present after '1' second(s)
	at com.kms.katalon.core.webui.keyword.internal.WebUIKeywordMain.stepFailed(WebUIKeywordMain.groovy:64)
	at com.kms.katalon.core.webui.keyword.internal.WebUIKeywordMain$stepFailed$0.call(Unknown Source)
	at com.kms.katalon.core.webui.keyword.builtin.VerifyElementNotPresentKeyword$_verifyElementNotPresent_closure1.doCall(VerifyElementNotPresentKeyword.groovy:106)
	at com.kms.katalon.core.webui.keyword.builtin.VerifyElementNotPresentKeyword$_verifyElementNotPresent_closure1.doCall(VerifyElementNotPresentKeyword.groovy)
	at com.kms.katalon.core.webui.keyword.internal.WebUIKeywordMain.runKeyword(WebUIKeywordMain.groovy:20)
	at com.kms.katalon.core.webui.keyword.internal.WebUIKeywordMain$runKeyword.call(Unknown Source)
	at com.kms.katalon.core.webui.keyword.builtin.VerifyElementNotPresentKeyword.verifyElementNotPresent(VerifyElementNotPresentKeyword.groovy:117)
	at com.kms.katalon.core.webui.keyword.builtin.VerifyElementNotPresentKeyword.execute(VerifyElementNotPresentKeyword.groovy:68)
	at com.kms.katalon.core.keyword.internal.KeywordExecutor.executeKeywordForPlatform(KeywordExecutor.groovy:74)
	at com.kms.katalon.core.webui.keyword.WebUiBuiltInKeywords.verifyElementNotPresent(WebUiBuiltInKeywords.groovy:1481)
	at com.kms.katalon.core.webui.keyword.WebUiBuiltInKeywords$verifyElementNotPresent$8.call(Unknown Source)
	at GetBrokSumPriceDaily.run(GetBrokSumPriceDaily:414)
	at com.kms.katalon.core.main.ScriptEngine.run(ScriptEngine.java:194)
	at com.kms.katalon.core.main.ScriptEngine.runScriptAsRawText(ScriptEngine.java:119)
	at com.kms.katalon.core.main.TestCaseExecutor.runScript(TestCaseExecutor.java:445)
	at com.kms.katalon.core.main.TestCaseExecutor.doExecute(TestCaseExecutor.java:436)
	at com.kms.katalon.core.main.TestCaseExecutor.processExecutionPhase(TestCaseExecutor.java:415)
	at com.kms.katalon.core.main.TestCaseExecutor.accessMainPhase(TestCaseExecutor.java:407)
	at com.kms.katalon.core.main.TestCaseExecutor.execute(TestCaseExecutor.java:284)
	at com.kms.katalon.core.common.CommonExecutor.accessTestCaseMainPhase(CommonExecutor.java:65)
	at com.kms.katalon.core.main.TestSuiteExecutor.accessTestSuiteMainPhase(TestSuiteExecutor.java:144)
	at com.kms.katalon.core.main.TestSuiteExecutor.execute(TestSuiteExecutor.java:106)
	at com.kms.katalon.core.main.TestCaseMain.startTestSuite(TestCaseMain.java:185)
	at com.kms.katalon.core.main.TestCaseMain$startTestSuite$0.call(Unknown Source)
	at TempTestSuite1705920083951.run(TempTestSuite1705920083951.groovy:36)
)

2024-01-22 17:53:14 - [MESSAGE][WARNING] - Web element with id: 'Object Repository/Stockbit/Bandarmology_Seller3' located by 'By.xpath: //*[contains(@id, 'rc-tabs-')]/div[2]/div/div/div/div/div/div[2]/table/tbody/tr[4]/td[5]/p' is present after '1' second(s) (Root cause: com.kms.katalon.core.exception.StepFailedException: Web element with id: 'Object Repository/Stockbit/Bandarmology_Seller3' located by 'By.xpath: //*[contains(@id, 'rc-tabs-')]/div[2]/div/div/div/div/div/div[2]/table/tbody/tr[4]/td[5]/p' is present after '1' second(s)
	at com.kms.katalon.core.webui.keyword.internal.WebUIKeywordMain.stepFailed(WebUIKeywordMain.groovy:64)
	at com.kms.katalon.core.webui.keyword.internal.WebUIKeywordMain$stepFailed$0.call(Unknown Source)
	at com.kms.katalon.core.webui.keyword.builtin.VerifyElementNotPresentKeyword$_verifyElementNotPresent_closure1.doCall(VerifyElementNotPresentKeyword.groovy:106)
	at com.kms.katalon.core.webui.keyword.builtin.VerifyElementNotPresentKeyword$_verifyElementNotPresent_closure1.doCall(VerifyElementNotPresentKeyword.groovy)
	at com.kms.katalon.core.webui.keyword.internal.WebUIKeywordMain.runKeyword(WebUIKeywordMain.groovy:20)
	at com.kms.katalon.core.webui.keyword.internal.WebUIKeywordMain$runKeyword.call(Unknown Source)
	at com.kms.katalon.core.webui.keyword.builtin.VerifyElementNotPresentKeyword.verifyElementNotPresent(VerifyElementNotPresentKeyword.groovy:117)
	at com.kms.katalon.core.webui.keyword.builtin.VerifyElementNotPresentKeyword.execute(VerifyElementNotPresentKeyword.groovy:68)
	at com.kms.katalon.core.keyword.internal.KeywordExecutor.executeKeywordForPlatform(KeywordExecutor.groovy:74)
	at com.kms.katalon.core.webui.keyword.WebUiBuiltInKeywords.verifyElementNotPresent(WebUiBuiltInKeywords.groovy:1481)
	at com.kms.katalon.core.webui.keyword.WebUiBuiltInKeywords$verifyElementNotPresent$8.call(Unknown Source)
	at GetBrokSumPriceDaily.run(GetBrokSumPriceDaily:414)
	at com.kms.katalon.core.main.ScriptEngine.run(ScriptEngine.java:194)
	at com.kms.katalon.core.main.ScriptEngine.runScriptAsRawText(ScriptEngine.java:119)
	at com.kms.katalon.core.main.TestCaseExecutor.runScript(TestCaseExecutor.java:445)
	at com.kms.katalon.core.main.TestCaseExecutor.doExecute(TestCaseExecutor.java:436)
	at com.kms.katalon.core.main.TestCaseExecutor.processExecutionPhase(TestCaseExecutor.java:415)
	at com.kms.katalon.core.main.TestCaseExecutor.accessMainPhase(TestCaseExecutor.java:407)
	at com.kms.katalon.core.main.TestCaseExecutor.execute(TestCaseExecutor.java:284)
	at com.kms.katalon.core.common.CommonExecutor.accessTestCaseMainPhase(CommonExecutor.java:65)
	at com.kms.katalon.core.main.TestSuiteExecutor.accessTestSuiteMainPhase(TestSuiteExecutor.java:144)
	at com.kms.katalon.core.main.TestSuiteExecutor.execute(TestSuiteExecutor.java:106)
	at com.kms.katalon.core.main.TestCaseMain.startTestSuite(TestCaseMain.java:185)
	at com.kms.katalon.core.main.TestCaseMain$startTestSuite$0.call(Unknown Source)
	at TempTestSuite1705920083951.run(TempTestSuite1705920083951.groovy:36)
)
[[ATTACHMENT|C:\\Users\\Fadli\\git\\KatalonDailyGetData2\\Reports\\20240122_174123\\TS1\\20240122_174123\\1705920794037.png]]

2024-01-22 17:53:14 - [TEST_STEP][PASSED] - else: null

2024-01-22 17:53:14 - [TEST_STEP][PASSED] - strSeller3 = getText(findTestObject("Stockbit/Bandarmology_Seller3")): Text of object 'Object Repository/Stockbit/Bandarmology_Seller3' is: ''

2024-01-22 17:53:14 - [MESSAGE][PASSED] - Text of object 'Object Repository/Stockbit/Bandarmology_Seller3' is: ''

2024-01-22 17:53:14 - [TEST_STEP][PASSED] - strSellerVol3 = getText(findTestObject("Stockbit/Bandarmology_SellerVol3")): Text of object 'Object Repository/Stockbit/Bandarmology_SellerVol3' is: ''

2024-01-22 17:53:14 - [MESSAGE][PASSED] - Text of object 'Object Repository/Stockbit/Bandarmology_SellerVol3' is: ''

2024-01-22 17:53:14 - [TEST_STEP][PASSED] - strSellerAvg3 = getText(findTestObject("Stockbit/Bandarmology_SellerAvg3")): Text of object 'Object Repository/Stockbit/Bandarmology_SellerAvg3' is: ''

2024-01-22 17:53:14 - [MESSAGE][PASSED] - Text of object 'Object Repository/Stockbit/Bandarmology_SellerAvg3' is: ''

2024-01-22 17:53:14 - [TEST_STEP][PASSED] - if (strSeller3 != ""): null

2024-01-22 17:53:14 - [TEST_STEP][PASSED] - else: null

2024-01-22 17:53:14 - [TEST_STEP][PASSED] - strSeller3 = "-": null

2024-01-22 17:53:14 - [TEST_STEP][PASSED] - strSellerVol3 = "0": null

2024-01-22 17:53:14 - [TEST_STEP][PASSED] - strSellerAvg3 = "0": null

2024-01-22 17:53:14 - [TEST_STEP][PASSED] - strAccDist = getText(findTestObject("Stockbit/Bandarmology_AccDist")): Text of object 'Object Repository/Stockbit/Bandarmology_AccDist' is: 'Dist'

2024-01-22 17:53:14 - [MESSAGE][PASSED] - Text of object 'Object Repository/Stockbit/Bandarmology_AccDist' is: 'Dist'

2024-01-22 17:53:14 - [TEST_STEP][PASSED] - strNetVol = getText(findTestObject("Stockbit/Bandarmology_NetVol")): Text of object 'Object Repository/Stockbit/Bandarmology_NetVol' is: '1,289'

2024-01-22 17:53:15 - [MESSAGE][PASSED] - Text of object 'Object Repository/Stockbit/Bandarmology_NetVol' is: '1,289'

2024-01-22 17:53:15 - [TEST_STEP][PASSED] - strNetVol = strNetVol.replace(",", ""): null

2024-01-22 17:53:15 - [TEST_STEP][PASSED] - strNetVal = getText(findTestObject("Stockbit/Bandarmology_NetVal")): Text of object 'Object Repository/Stockbit/Bandarmology_NetVal' is: '0 B'

2024-01-22 17:53:15 - [MESSAGE][PASSED] - Text of object 'Object Repository/Stockbit/Bandarmology_NetVal' is: '0 B'

2024-01-22 17:53:15 - [TEST_STEP][PASSED] - delay(3): Delayed 3 second(s)

2024-01-22 17:53:18 - [MESSAGE][PASSED] - Delayed 3 second(s)

2024-01-22 17:53:18 - [TEST_STEP][PASSED] - strOpenPrice = getText(findTestObject("Stockbit/Home_OpenPrice")): Text of object 'Object Repository/Stockbit/Home_OpenPrice' is: '50'

2024-01-22 17:53:18 - [MESSAGE][PASSED] - Text of object 'Object Repository/Stockbit/Home_OpenPrice' is: '50'

2024-01-22 17:53:18 - [TEST_STEP][PASSED] - strOpenPrice = strOpenPrice.replace(",", ""): null

2024-01-22 17:53:18 - [TEST_STEP][PASSED] - strLowPrice = getText(findTestObject("Stockbit/Home_LowPrice")): Text of object 'Object Repository/Stockbit/Home_LowPrice' is: '50'

2024-01-22 17:53:18 - [MESSAGE][PASSED] - Text of object 'Object Repository/Stockbit/Home_LowPrice' is: '50'

2024-01-22 17:53:18 - [TEST_STEP][PASSED] - strLowPrice = strLowPrice.replace(",", ""): null

2024-01-22 17:53:18 - [TEST_STEP][PASSED] - strHighPrice = getText(findTestObject("Stockbit/Home_HighPrice")): Text of object 'Object Repository/Stockbit/Home_HighPrice' is: '50'

2024-01-22 17:53:18 - [MESSAGE][PASSED] - Text of object 'Object Repository/Stockbit/Home_HighPrice' is: '50'

2024-01-22 17:53:18 - [TEST_STEP][PASSED] - strHighPrice = strHighPrice.replace(",", ""): null

2024-01-22 17:53:18 - [TEST_STEP][PASSED] - strClosePrice = getText(findTestObject("Stockbit/Home_ClosePrice")): Text of object 'Object Repository/Stockbit/Home_ClosePrice' is: '50'

2024-01-22 17:53:18 - [MESSAGE][PASSED] - Text of object 'Object Repository/Stockbit/Home_ClosePrice' is: '50'

2024-01-22 17:53:18 - [TEST_STEP][PASSED] - strClosePrice = strClosePrice.replace(",", ""): null

2024-01-22 17:53:18 - [TEST_STEP][PASSED] - strVol = getText(findTestObject("Stockbit/Home_Volume")): Text of object 'Object Repository/Stockbit/Home_Volume' is: '1 K'

2024-01-22 17:53:18 - [MESSAGE][PASSED] - Text of object 'Object Repository/Stockbit/Home_Volume' is: '1 K'

2024-01-22 17:53:18 - [TEST_STEP][PASSED] - if (strVol.contains(" K")): null

2024-01-22 17:53:18 - [TEST_STEP][PASSED] - strVol = strVol.replace(" K", "000"): null

2024-01-22 17:53:18 - [TEST_STEP][PASSED] - if (strVol.contains(",")): null

2024-01-22 17:53:18 - [TEST_STEP][PASSED] - strChange = getText(findTestObject("Stockbit/Home_Change")): Text of object 'Object Repository/Stockbit/Home_Change' is: '0.00%'

2024-01-22 17:53:19 - [MESSAGE][PASSED] - Text of object 'Object Repository/Stockbit/Home_Change' is: '0.00%'

2024-01-22 17:53:19 - [TEST_STEP][PASSED] - strChange = strChange.replace("%", ""): null

2024-01-22 17:53:19 - [TEST_STEP][PASSED] - strFreq = getText(findTestObject("Stockbit/Home_Freq")): Text of object 'Object Repository/Stockbit/Home_Freq' is: '35'

2024-01-22 17:53:19 - [MESSAGE][PASSED] - Text of object 'Object Repository/Stockbit/Home_Freq' is: '35'

2024-01-22 17:53:19 - [TEST_STEP][PASSED] - if (strFreq.contains(",")): null

2024-01-22 17:53:19 - [TEST_STEP][PASSED] - if (strFreq == "NA" || strFreq == ""): null

2024-01-22 17:53:19 - [TEST_STEP][PASSED] - else: null

2024-01-22 17:53:19 - [TEST_STEP][PASSED] - dblFreqAnal = strVol.toDouble() / strFreq.toDouble() * strFreq.toDouble() * strFreq.toDouble() * 100000000: null

2024-01-22 17:53:19 - [TEST_STEP][PASSED] - strFreqAnal = String.format("%.4f", dblFreqAnal): null

2024-01-22 17:53:19 - [TEST_STEP][PASSED] - out.println("Double strFreqAnal: " + strFreqAnal): null

2024-01-22 17:53:19 - [TEST_STEP][PASSED] - strTanggal = d.format(DateTimeFormatter.ofPattern("yyyy-MM-dd")): null

2024-01-22 17:53:19 - [TEST_STEP][PASSED] - strTanggal = "#" + strTanggal + "#": null

2024-01-22 17:53:19 - [TEST_STEP][PASSED] - strSQL = "select count(*) as JumBaris from TblBrokSum where Nama = '" + strNama + "' and Tanggal = " + strTanggal + "": null

2024-01-22 17:53:19 - [TEST_STEP][PASSED] - resultSet = statement.executeQuery(strSQL): null

2024-01-22 17:53:19 - [TEST_STEP][PASSED] - resultSet.next(): null

2024-01-22 17:53:19 - [TEST_STEP][PASSED] - intJumBaris = resultSet.getInt("JumBaris"): null

2024-01-22 17:53:19 - [TEST_STEP][PASSED] - if (intJumBaris > 0): null

2024-01-22 17:53:19 - [TEST_STEP][PASSED] - else: null

2024-01-22 17:53:19 - [TEST_STEP][PASSED] - try: null

2024-01-22 17:53:19 - [TEST_STEP][PASSED] - out.println("Insert data"): null

2024-01-22 17:53:19 - [TEST_STEP][PASSED] - strSQL = "insert into TblBrokSum (nama, tanggal, top1, top2, top3, AllBrokAvg, AccDist, AvgRP, " + "Buyer1, BuyerVal1, BuyerAvg1, Seller1, SellerVal1, SellerAvg1, Buyer2, BuyerVal2, BuyerAvg2, " + "Seller2, SellerVal2, SellerAvg2, Buyer3, BuyerVal3, BuyerAvg3, Seller3, SellerVal3, SellerAvg3, NetVol, NetVal, " + "OpenPrice, LowPrice, HighPrice, ClosePrice, Volume, Change, Frekuensi, FrekAnal) " + "values ('" + strNama + "', " + strTanggal + ", '" + strTop1 + "', '" + strTop3 + "', '" + strTop5 + "', " + "'" + strAllBrokAvg + "', '" + strAccDist + "', " + intAvgRP + ", '" + strBuyer1 + "', '" + strBuyerVol1 + "', " + strBuyerAvg1 + ", " + "'" + strSeller1 + "', '" + strSellerVol1 + "', " + strSellerAvg1 + ", '" + strBuyer2 + "', '" + strBuyerVol2 + "', " + strBuyerAvg2 + ", " + "'" + strSeller2 + "', '" + strSellerVol2 + "', " + strSellerAvg2 + ", '" + strBuyer3 + "', '" + strBuyerVol3 + "', " + strBuyerAvg3 + ", " + "'" + strSeller3 + "', '" + strSellerVol3 + "', " + strSellerAvg3 + ", " + strNetVol + ", '" + strNetVal + "', " + "" + strOpenPrice + ", " + strLowPrice + ", " + strHighPrice + ", " + strClosePrice + ", '" + strVol + "', " + strChange + ", " + strFreq + ", " + strFreqAnal + ");": null

2024-01-22 17:53:19 - [TEST_STEP][PASSED] - out.println("strSQL = " + strSQL): null

2024-01-22 17:53:19 - [TEST_STEP][PASSED] - statement.executeUpdate(strSQL): null

2024-01-22 17:53:19 - [TEST_STEP][PASSED] - setValueToCellByIndex(sheet01, rowIndex, 4, "DONE"): null

2024-01-22 17:53:19 - [TEST_STEP][PASSED] - saveWorkbook(excelFilePath, workbook01): null

2024-01-22 17:53:19 - [TEST_STEP][PASSED] - waitForElementClickable(findTestObject("Stockbit/menu_Bandarmology"), 10): Object 'Object Repository/Stockbit/menu_Bandarmology' is clickable

2024-01-22 17:53:19 - [MESSAGE][PASSED] - Object 'Object Repository/Stockbit/menu_Bandarmology' is clickable

2024-01-22 17:53:19 - [TEST_STEP][PASSED] - click(findTestObject("Stockbit/menu_Bandarmology")): Object: 'Object Repository/Stockbit/menu_Bandarmology' is clicked on

2024-01-22 17:53:19 - [MESSAGE][PASSED] - Object: 'Object Repository/Stockbit/menu_Bandarmology' is clicked on

2024-01-22 17:53:19 - [TEST_STEP][PASSED] - strTemp = "NA": null

2024-01-22 17:53:19 - [TEST_STEP][PASSED] - if (getCellValueByIndex(sheet01, rowIndex, 4) != "DONE"): Object: 'Object Repository/Stockbit/menu_Bandarmology' is clicked on

2024-01-22 17:53:19 - [TEST_STEP][PASSED] - strNama = getCellValueByIndex(sheet01, rowIndex, 0): null

2024-01-22 17:53:19 - [TEST_STEP][PASSED] - navigateToUrl("https://stockbit.com/#/symbol/" + strNama): Navigate to 'https://stockbit.com/#/symbol/BESS' successfully

2024-01-22 17:53:21 - [MESSAGE][PASSED] - Navigate to 'https://stockbit.com/#/symbol/BESS' successfully

2024-01-22 17:53:21 - [TEST_STEP][PASSED] - waitForElementClickable(findTestObject("Stockbit/menu_Bandarmology"), 10): Object 'Object Repository/Stockbit/menu_Bandarmology' is clickable

2024-01-22 17:53:21 - [MESSAGE][PASSED] - Object 'Object Repository/Stockbit/menu_Bandarmology' is clickable

2024-01-22 17:53:21 - [TEST_STEP][PASSED] - click(findTestObject("Stockbit/menu_Bandarmology")): Object: 'Object Repository/Stockbit/menu_Bandarmology' is clicked on

2024-01-22 17:53:22 - [MESSAGE][PASSED] - Object: 'Object Repository/Stockbit/menu_Bandarmology' is clicked on

2024-01-22 17:53:22 - [TEST_STEP][PASSED] - strTanggal = d.format(DateTimeFormatter.ofPattern("MMM dd, yyyy")): null

2024-01-22 17:53:22 - [TEST_STEP][PASSED] - strTanggal = d.format(ISO_DATE): null

2024-01-22 17:53:22 - [TEST_STEP][PASSED] - out.println("strTanggal = " + strTanggal): null

2024-01-22 17:53:22 - [TEST_STEP][PASSED] - out.println("strNama = " + strNama): null

2024-01-22 17:53:22 - [TEST_STEP][PASSED] - out.println("Baris ke = " + rowIndex): null

2024-01-22 17:53:22 - [TEST_STEP][PASSED] - click(findTestObject("Stockbit/input__BandarmologyOpenStartDate")): Object: 'Object Repository/Stockbit/input__BandarmologyOpenStartDate' is clicked on

2024-01-22 17:53:23 - [MESSAGE][PASSED] - Object: 'Object Repository/Stockbit/input__BandarmologyOpenStartDate' is clicked on

2024-01-22 17:53:23 - [TEST_STEP][PASSED] - sendKeys(findTestObject("Stockbit/input__BandarmologyOpenStartDate"), Keys.chord(CONTROL, "a")): Keys 'CONTROL + a' sent to object: 'Object Repository/Stockbit/input__BandarmologyOpenStartDate'

2024-01-22 17:53:24 - [MESSAGE][PASSED] - Keys 'CONTROL + a' sent to object: 'Object Repository/Stockbit/input__BandarmologyOpenStartDate'

2024-01-22 17:53:24 - [TEST_STEP][PASSED] - sendKeys(findTestObject("Stockbit/input__BandarmologyOpenStartDate"), Keys.chord(BACK_SPACE)): Keys 'BACK_SPACE + ' sent to object: 'Object Repository/Stockbit/input__BandarmologyOpenStartDate'

2024-01-22 17:53:24 - [MESSAGE][PASSED] - Keys 'BACK_SPACE + ' sent to object: 'Object Repository/Stockbit/input__BandarmologyOpenStartDate'

2024-01-22 17:53:24 - [TEST_STEP][PASSED] - setText(findTestObject("Stockbit/input__BandarmologyOpenStartDate"), strTanggal): Text '2024-01-22' is set on object 'Object Repository/Stockbit/input__BandarmologyOpenStartDate'

2024-01-22 17:53:25 - [MESSAGE][PASSED] - Text '2024-01-22' is set on object 'Object Repository/Stockbit/input__BandarmologyOpenStartDate'

2024-01-22 17:53:25 - [TEST_STEP][PASSED] - sendKeys(findTestObject("Stockbit/input__BandarmologyOpenStartDate"), Keys.chord(ENTER)): Keys 'ENTER + ' sent to object: 'Object Repository/Stockbit/input__BandarmologyOpenStartDate'

2024-01-22 17:53:25 - [MESSAGE][PASSED] - Keys 'ENTER + ' sent to object: 'Object Repository/Stockbit/input__BandarmologyOpenStartDate'

2024-01-22 17:53:25 - [TEST_STEP][PASSED] - click(findTestObject("Stockbit/input__BandarmologyOpenEndDate")): Object: 'Object Repository/Stockbit/input__BandarmologyOpenEndDate' is clicked on

2024-01-22 17:53:26 - [MESSAGE][PASSED] - Object: 'Object Repository/Stockbit/input__BandarmologyOpenEndDate' is clicked on

2024-01-22 17:53:26 - [TEST_STEP][PASSED] - sendKeys(findTestObject("Stockbit/input__BandarmologyOpenEndDate"), Keys.chord(CONTROL, "a")): Keys 'CONTROL + a' sent to object: 'Object Repository/Stockbit/input__BandarmologyOpenEndDate'

2024-01-22 17:53:26 - [MESSAGE][PASSED] - Keys 'CONTROL + a' sent to object: 'Object Repository/Stockbit/input__BandarmologyOpenEndDate'

2024-01-22 17:53:26 - [TEST_STEP][PASSED] - sendKeys(findTestObject("Stockbit/input__BandarmologyOpenEndDate"), Keys.chord(BACK_SPACE)): Keys 'BACK_SPACE + ' sent to object: 'Object Repository/Stockbit/input__BandarmologyOpenEndDate'

2024-01-22 17:53:27 - [MESSAGE][PASSED] - Keys 'BACK_SPACE + ' sent to object: 'Object Repository/Stockbit/input__BandarmologyOpenEndDate'

2024-01-22 17:53:27 - [TEST_STEP][PASSED] - setText(findTestObject("Stockbit/input__BandarmologyOpenEndDate"), strTanggal): Text '2024-01-22' is set on object 'Object Repository/Stockbit/input__BandarmologyOpenEndDate'

2024-01-22 17:53:27 - [MESSAGE][PASSED] - Text '2024-01-22' is set on object 'Object Repository/Stockbit/input__BandarmologyOpenEndDate'

2024-01-22 17:53:27 - [TEST_STEP][PASSED] - sendKeys(findTestObject("Stockbit/input__BandarmologyOpenEndDate"), Keys.chord(ENTER)): Keys 'ENTER + ' sent to object: 'Object Repository/Stockbit/input__BandarmologyOpenEndDate'

2024-01-22 17:53:28 - [MESSAGE][PASSED] - Keys 'ENTER + ' sent to object: 'Object Repository/Stockbit/input__BandarmologyOpenEndDate'

2024-01-22 17:53:28 - [TEST_STEP][PASSED] - delay(2): Delayed 2 second(s)

2024-01-22 17:53:30 - [MESSAGE][PASSED] - Delayed 2 second(s)

2024-01-22 17:53:30 - [TEST_STEP][PASSED] - strTemp = getText(findTestObject("Stockbit/Bandarmology_AvgRP")): Text of object 'Object Repository/Stockbit/Bandarmology_AvgRP' is: '221'

2024-01-22 17:53:30 - [MESSAGE][PASSED] - Text of object 'Object Repository/Stockbit/Bandarmology_AvgRP' is: '221'

2024-01-22 17:53:30 - [TEST_STEP][PASSED] - out.println("Bandarmology_AvgRP = " + strTemp): null

2024-01-22 17:53:30 - [TEST_STEP][PASSED] - if (strTemp != "0"): null

2024-01-22 17:53:30 - [TEST_STEP][PASSED] - strTop1 = getText(findTestObject("Stockbit/Bandarmology_Top1")): Text of object 'Object Repository/Stockbit/Bandarmology_Top1' is: 'Neutral'

2024-01-22 17:53:30 - [MESSAGE][PASSED] - Text of object 'Object Repository/Stockbit/Bandarmology_Top1' is: 'Neutral'

2024-01-22 17:53:30 - [TEST_STEP][PASSED] - strTop3 = getText(findTestObject("Stockbit/Bandarmology_Top3")): Text of object 'Object Repository/Stockbit/Bandarmology_Top3' is: 'Neutral'

2024-01-22 17:53:30 - [MESSAGE][PASSED] - Text of object 'Object Repository/Stockbit/Bandarmology_Top3' is: 'Neutral'

2024-01-22 17:53:30 - [TEST_STEP][PASSED] - strTop5 = getText(findTestObject("Stockbit/Bandarmology_Top5")): Text of object 'Object Repository/Stockbit/Bandarmology_Top5' is: 'Small Dist'

2024-01-22 17:53:30 - [MESSAGE][PASSED] - Text of object 'Object Repository/Stockbit/Bandarmology_Top5' is: 'Small Dist'

2024-01-22 17:53:30 - [TEST_STEP][PASSED] - strAllBrokAvg = getText(findTestObject("Stockbit/Bandarmology_TopAVG")): Text of object 'Object Repository/Stockbit/Bandarmology_TopAVG' is: 'Neutral'

2024-01-22 17:53:30 - [MESSAGE][PASSED] - Text of object 'Object Repository/Stockbit/Bandarmology_TopAVG' is: 'Neutral'

2024-01-22 17:53:30 - [TEST_STEP][PASSED] - strTemp = getText(findTestObject("Stockbit/Bandarmology_AvgRP")): Text of object 'Object Repository/Stockbit/Bandarmology_AvgRP' is: '221'

2024-01-22 17:53:30 - [MESSAGE][PASSED] - Text of object 'Object Repository/Stockbit/Bandarmology_AvgRP' is: '221'

2024-01-22 17:53:30 - [TEST_STEP][PASSED] - if (strTemp.contains(",")): null

2024-01-22 17:53:30 - [TEST_STEP][PASSED] - intAvgRP = strTemp.toInteger(): null

2024-01-22 17:53:30 - [TEST_STEP][PASSED] - strBuyer1 = getText(findTestObject("Stockbit/Bandarmology_Buyer1")): Text of object 'Object Repository/Stockbit/Bandarmology_Buyer1' is: 'DU'

2024-01-22 17:53:30 - [MESSAGE][PASSED] - Text of object 'Object Repository/Stockbit/Bandarmology_Buyer1' is: 'DU'

2024-01-22 17:53:30 - [TEST_STEP][PASSED] - strBuyerVol1 = getText(findTestObject("Stockbit/Bandarmology_BuyerVol1")): Text of object 'Object Repository/Stockbit/Bandarmology_BuyerVol1' is: '5.5 K'

2024-01-22 17:53:31 - [MESSAGE][PASSED] - Text of object 'Object Repository/Stockbit/Bandarmology_BuyerVol1' is: '5.5 K'

2024-01-22 17:53:31 - [TEST_STEP][PASSED] - strBuyerAvg1 = getText(findTestObject("Stockbit/Bandarmology_BuyerAvg1")): Text of object 'Object Repository/Stockbit/Bandarmology_BuyerAvg1' is: '221'

2024-01-22 17:53:31 - [MESSAGE][PASSED] - Text of object 'Object Repository/Stockbit/Bandarmology_BuyerAvg1' is: '221'

2024-01-22 17:53:31 - [TEST_STEP][PASSED] - if (strBuyerAvg1.contains(",")): null

2024-01-22 17:53:31 - [TEST_STEP][PASSED] - if (strBuyerVol1.contains(" B")): null

2024-01-22 17:53:31 - [TEST_STEP][PASSED] - else if (strBuyerVol1.contains(" M")): null

2024-01-22 17:53:31 - [TEST_STEP][PASSED] - else if (strBuyerVol1.contains(" K")): null

2024-01-22 17:53:31 - [TEST_STEP][PASSED] - strBuyerVol1 = strBuyerVol1.replace(" K", ""): null

2024-01-22 17:53:31 - [TEST_STEP][PASSED] - strBuyerVol1 = strBuyerVol1.toDouble() * 1000: null

2024-01-22 17:53:31 - [TEST_STEP][PASSED] - strSeller1 = getText(findTestObject("Stockbit/Bandarmology_Seller1")): Text of object 'Object Repository/Stockbit/Bandarmology_Seller1' is: 'GR'

2024-01-22 17:53:31 - [MESSAGE][PASSED] - Text of object 'Object Repository/Stockbit/Bandarmology_Seller1' is: 'GR'

2024-01-22 17:53:31 - [TEST_STEP][PASSED] - strSellerVol1 = getText(findTestObject("Stockbit/Bandarmology_SellerVol1")): Text of object 'Object Repository/Stockbit/Bandarmology_SellerVol1' is: '5 K'

2024-01-22 17:53:31 - [MESSAGE][PASSED] - Text of object 'Object Repository/Stockbit/Bandarmology_SellerVol1' is: '5 K'

2024-01-22 17:53:31 - [TEST_STEP][PASSED] - strSellerAvg1 = getText(findTestObject("Stockbit/Bandarmology_SellerAvg1")): Text of object 'Object Repository/Stockbit/Bandarmology_SellerAvg1' is: '222'

2024-01-22 17:53:31 - [MESSAGE][PASSED] - Text of object 'Object Repository/Stockbit/Bandarmology_SellerAvg1' is: '222'

2024-01-22 17:53:31 - [TEST_STEP][PASSED] - if (strSellerAvg1.contains(",")): null

2024-01-22 17:53:31 - [TEST_STEP][PASSED] - if (strSellerVol1.contains(" B")): null

2024-01-22 17:53:31 - [TEST_STEP][PASSED] - else if (strSellerVol1.contains(" M")): null

2024-01-22 17:53:31 - [TEST_STEP][PASSED] - else if (strSellerVol1.contains(" K")): null

2024-01-22 17:53:31 - [TEST_STEP][PASSED] - strSellerVol1 = strSellerVol1.replace(" K", ""): null

2024-01-22 17:53:31 - [TEST_STEP][PASSED] - strSellerVol1 = strSellerVol1.toDouble() * 1000: null

2024-01-22 17:53:31 - [TEST_STEP][PASSED] - if (verifyElementNotPresent(findTestObject("Stockbit/Bandarmology_Buyer2"), 1, OPTIONAL)): Web element with id: 'Object Repository/Stockbit/Bandarmology_Buyer2' located by 'By.xpath: //*[contains(@id, 'rc-tabs-')]/div[2]/div/div/div/div/div/div[2]/table/tbody/tr[3]/td[1]/p' is present after '1' second(s) (Root cause: com.kms.katalon.core.exception.StepFailedException: Web element with id: 'Object Repository/Stockbit/Bandarmology_Buyer2' located by 'By.xpath: //*[contains(@id, 'rc-tabs-')]/div[2]/div/div/div/div/div/div[2]/table/tbody/tr[3]/td[1]/p' is present after '1' second(s)
	at com.kms.katalon.core.webui.keyword.internal.WebUIKeywordMain.stepFailed(WebUIKeywordMain.groovy:64)
	at com.kms.katalon.core.webui.keyword.internal.WebUIKeywordMain$stepFailed$0.call(Unknown Source)
	at com.kms.katalon.core.webui.keyword.builtin.VerifyElementNotPresentKeyword$_verifyElementNotPresent_closure1.doCall(VerifyElementNotPresentKeyword.groovy:106)
	at com.kms.katalon.core.webui.keyword.builtin.VerifyElementNotPresentKeyword$_verifyElementNotPresent_closure1.doCall(VerifyElementNotPresentKeyword.groovy)
	at com.kms.katalon.core.webui.keyword.internal.WebUIKeywordMain.runKeyword(WebUIKeywordMain.groovy:20)
	at com.kms.katalon.core.webui.keyword.internal.WebUIKeywordMain$runKeyword.call(Unknown Source)
	at com.kms.katalon.core.webui.keyword.builtin.VerifyElementNotPresentKeyword.verifyElementNotPresent(VerifyElementNotPresentKeyword.groovy:117)
	at com.kms.katalon.core.webui.keyword.builtin.VerifyElementNotPresentKeyword.execute(VerifyElementNotPresentKeyword.groovy:68)
	at com.kms.katalon.core.keyword.internal.KeywordExecutor.executeKeywordForPlatform(KeywordExecutor.groovy:74)
	at com.kms.katalon.core.webui.keyword.WebUiBuiltInKeywords.verifyElementNotPresent(WebUiBuiltInKeywords.groovy:1481)
	at com.kms.katalon.core.webui.keyword.WebUiBuiltInKeywords$verifyElementNotPresent$8.call(Unknown Source)
	at GetBrokSumPriceDaily.run(GetBrokSumPriceDaily:258)
	at com.kms.katalon.core.main.ScriptEngine.run(ScriptEngine.java:194)
	at com.kms.katalon.core.main.ScriptEngine.runScriptAsRawText(ScriptEngine.java:119)
	at com.kms.katalon.core.main.TestCaseExecutor.runScript(TestCaseExecutor.java:445)
	at com.kms.katalon.core.main.TestCaseExecutor.doExecute(TestCaseExecutor.java:436)
	at com.kms.katalon.core.main.TestCaseExecutor.processExecutionPhase(TestCaseExecutor.java:415)
	at com.kms.katalon.core.main.TestCaseExecutor.accessMainPhase(TestCaseExecutor.java:407)
	at com.kms.katalon.core.main.TestCaseExecutor.execute(TestCaseExecutor.java:284)
	at com.kms.katalon.core.common.CommonExecutor.accessTestCaseMainPhase(CommonExecutor.java:65)
	at com.kms.katalon.core.main.TestSuiteExecutor.accessTestSuiteMainPhase(TestSuiteExecutor.java:144)
	at com.kms.katalon.core.main.TestSuiteExecutor.execute(TestSuiteExecutor.java:106)
	at com.kms.katalon.core.main.TestCaseMain.startTestSuite(TestCaseMain.java:185)
	at com.kms.katalon.core.main.TestCaseMain$startTestSuite$0.call(Unknown Source)
	at TempTestSuite1705920083951.run(TempTestSuite1705920083951.groovy:36)
)

2024-01-22 17:53:32 - [MESSAGE][WARNING] - Web element with id: 'Object Repository/Stockbit/Bandarmology_Buyer2' located by 'By.xpath: //*[contains(@id, 'rc-tabs-')]/div[2]/div/div/div/div/div/div[2]/table/tbody/tr[3]/td[1]/p' is present after '1' second(s) (Root cause: com.kms.katalon.core.exception.StepFailedException: Web element with id: 'Object Repository/Stockbit/Bandarmology_Buyer2' located by 'By.xpath: //*[contains(@id, 'rc-tabs-')]/div[2]/div/div/div/div/div/div[2]/table/tbody/tr[3]/td[1]/p' is present after '1' second(s)
	at com.kms.katalon.core.webui.keyword.internal.WebUIKeywordMain.stepFailed(WebUIKeywordMain.groovy:64)
	at com.kms.katalon.core.webui.keyword.internal.WebUIKeywordMain$stepFailed$0.call(Unknown Source)
	at com.kms.katalon.core.webui.keyword.builtin.VerifyElementNotPresentKeyword$_verifyElementNotPresent_closure1.doCall(VerifyElementNotPresentKeyword.groovy:106)
	at com.kms.katalon.core.webui.keyword.builtin.VerifyElementNotPresentKeyword$_verifyElementNotPresent_closure1.doCall(VerifyElementNotPresentKeyword.groovy)
	at com.kms.katalon.core.webui.keyword.internal.WebUIKeywordMain.runKeyword(WebUIKeywordMain.groovy:20)
	at com.kms.katalon.core.webui.keyword.internal.WebUIKeywordMain$runKeyword.call(Unknown Source)
	at com.kms.katalon.core.webui.keyword.builtin.VerifyElementNotPresentKeyword.verifyElementNotPresent(VerifyElementNotPresentKeyword.groovy:117)
	at com.kms.katalon.core.webui.keyword.builtin.VerifyElementNotPresentKeyword.execute(VerifyElementNotPresentKeyword.groovy:68)
	at com.kms.katalon.core.keyword.internal.KeywordExecutor.executeKeywordForPlatform(KeywordExecutor.groovy:74)
	at com.kms.katalon.core.webui.keyword.WebUiBuiltInKeywords.verifyElementNotPresent(WebUiBuiltInKeywords.groovy:1481)
	at com.kms.katalon.core.webui.keyword.WebUiBuiltInKeywords$verifyElementNotPresent$8.call(Unknown Source)
	at GetBrokSumPriceDaily.run(GetBrokSumPriceDaily:258)
	at com.kms.katalon.core.main.ScriptEngine.run(ScriptEngine.java:194)
	at com.kms.katalon.core.main.ScriptEngine.runScriptAsRawText(ScriptEngine.java:119)
	at com.kms.katalon.core.main.TestCaseExecutor.runScript(TestCaseExecutor.java:445)
	at com.kms.katalon.core.main.TestCaseExecutor.doExecute(TestCaseExecutor.java:436)
	at com.kms.katalon.core.main.TestCaseExecutor.processExecutionPhase(TestCaseExecutor.java:415)
	at com.kms.katalon.core.main.TestCaseExecutor.accessMainPhase(TestCaseExecutor.java:407)
	at com.kms.katalon.core.main.TestCaseExecutor.execute(TestCaseExecutor.java:284)
	at com.kms.katalon.core.common.CommonExecutor.accessTestCaseMainPhase(CommonExecutor.java:65)
	at com.kms.katalon.core.main.TestSuiteExecutor.accessTestSuiteMainPhase(TestSuiteExecutor.java:144)
	at com.kms.katalon.core.main.TestSuiteExecutor.execute(TestSuiteExecutor.java:106)
	at com.kms.katalon.core.main.TestCaseMain.startTestSuite(TestCaseMain.java:185)
	at com.kms.katalon.core.main.TestCaseMain$startTestSuite$0.call(Unknown Source)
	at TempTestSuite1705920083951.run(TempTestSuite1705920083951.groovy:36)
)
[[ATTACHMENT|C:\\Users\\Fadli\\git\\KatalonDailyGetData2\\Reports\\20240122_174123\\TS1\\20240122_174123\\1705920812750.png]]

2024-01-22 17:53:32 - [TEST_STEP][PASSED] - else: null

2024-01-22 17:53:32 - [TEST_STEP][PASSED] - strBuyer2 = getText(findTestObject("Stockbit/Bandarmology_Buyer2")): Text of object 'Object Repository/Stockbit/Bandarmology_Buyer2' is: 'IH'

2024-01-22 17:53:33 - [MESSAGE][PASSED] - Text of object 'Object Repository/Stockbit/Bandarmology_Buyer2' is: 'IH'

2024-01-22 17:53:33 - [TEST_STEP][PASSED] - strBuyerVol2 = getText(findTestObject("Stockbit/Bandarmology_BuyerVol2")): Text of object 'Object Repository/Stockbit/Bandarmology_BuyerVol2' is: '2.5 K'

2024-01-22 17:53:33 - [MESSAGE][PASSED] - Text of object 'Object Repository/Stockbit/Bandarmology_BuyerVol2' is: '2.5 K'

2024-01-22 17:53:33 - [TEST_STEP][PASSED] - strBuyerAvg2 = getText(findTestObject("Stockbit/Bandarmology_BuyerAvg2")): Text of object 'Object Repository/Stockbit/Bandarmology_BuyerAvg2' is: '226'

2024-01-22 17:53:33 - [MESSAGE][PASSED] - Text of object 'Object Repository/Stockbit/Bandarmology_BuyerAvg2' is: '226'

2024-01-22 17:53:33 - [TEST_STEP][PASSED] - if (strBuyer2 != ""): null

2024-01-22 17:53:33 - [TEST_STEP][PASSED] - if (strBuyerAvg2.contains(",")): null

2024-01-22 17:53:33 - [TEST_STEP][PASSED] - if (strBuyerVol2.contains(" B")): null

2024-01-22 17:53:33 - [TEST_STEP][PASSED] - else if (strBuyerVol2.contains(" M")): null

2024-01-22 17:53:33 - [TEST_STEP][PASSED] - else if (strBuyerVol2.contains(" K")): null

2024-01-22 17:53:33 - [TEST_STEP][PASSED] - strBuyerVol2 = strBuyerVol2.replace(" K", ""): null

2024-01-22 17:53:33 - [TEST_STEP][PASSED] - strBuyerVol2 = strBuyerVol2.toDouble() * 1000: null

2024-01-22 17:53:33 - [TEST_STEP][PASSED] - if (strBuyerVol2.contains(".")): null

2024-01-22 17:53:33 - [TEST_STEP][PASSED] - strBuyerVal2 = strBuyerVol2.replace(".", ""): null

2024-01-22 17:53:33 - [TEST_STEP][PASSED] - if (verifyElementNotPresent(findTestObject("Stockbit/Bandarmology_Seller2"), 1, OPTIONAL)): Web element with id: 'Object Repository/Stockbit/Bandarmology_Seller2' located by 'By.xpath: //*[contains(@id, 'rc-tabs-')]/div[2]/div/div/div/div/div/div[2]/table/tbody/tr[3]/td[5]/p' is present after '1' second(s) (Root cause: com.kms.katalon.core.exception.StepFailedException: Web element with id: 'Object Repository/Stockbit/Bandarmology_Seller2' located by 'By.xpath: //*[contains(@id, 'rc-tabs-')]/div[2]/div/div/div/div/div/div[2]/table/tbody/tr[3]/td[5]/p' is present after '1' second(s)
	at com.kms.katalon.core.webui.keyword.internal.WebUIKeywordMain.stepFailed(WebUIKeywordMain.groovy:64)
	at com.kms.katalon.core.webui.keyword.internal.WebUIKeywordMain$stepFailed$0.call(Unknown Source)
	at com.kms.katalon.core.webui.keyword.builtin.VerifyElementNotPresentKeyword$_verifyElementNotPresent_closure1.doCall(VerifyElementNotPresentKeyword.groovy:106)
	at com.kms.katalon.core.webui.keyword.builtin.VerifyElementNotPresentKeyword$_verifyElementNotPresent_closure1.doCall(VerifyElementNotPresentKeyword.groovy)
	at com.kms.katalon.core.webui.keyword.internal.WebUIKeywordMain.runKeyword(WebUIKeywordMain.groovy:20)
	at com.kms.katalon.core.webui.keyword.internal.WebUIKeywordMain$runKeyword.call(Unknown Source)
	at com.kms.katalon.core.webui.keyword.builtin.VerifyElementNotPresentKeyword.verifyElementNotPresent(VerifyElementNotPresentKeyword.groovy:117)
	at com.kms.katalon.core.webui.keyword.builtin.VerifyElementNotPresentKeyword.execute(VerifyElementNotPresentKeyword.groovy:68)
	at com.kms.katalon.core.keyword.internal.KeywordExecutor.executeKeywordForPlatform(KeywordExecutor.groovy:74)
	at com.kms.katalon.core.webui.keyword.WebUiBuiltInKeywords.verifyElementNotPresent(WebUiBuiltInKeywords.groovy:1481)
	at com.kms.katalon.core.webui.keyword.WebUiBuiltInKeywords$verifyElementNotPresent$8.call(Unknown Source)
	at GetBrokSumPriceDaily.run(GetBrokSumPriceDaily:309)
	at com.kms.katalon.core.main.ScriptEngine.run(ScriptEngine.java:194)
	at com.kms.katalon.core.main.ScriptEngine.runScriptAsRawText(ScriptEngine.java:119)
	at com.kms.katalon.core.main.TestCaseExecutor.runScript(TestCaseExecutor.java:445)
	at com.kms.katalon.core.main.TestCaseExecutor.doExecute(TestCaseExecutor.java:436)
	at com.kms.katalon.core.main.TestCaseExecutor.processExecutionPhase(TestCaseExecutor.java:415)
	at com.kms.katalon.core.main.TestCaseExecutor.accessMainPhase(TestCaseExecutor.java:407)
	at com.kms.katalon.core.main.TestCaseExecutor.execute(TestCaseExecutor.java:284)
	at com.kms.katalon.core.common.CommonExecutor.accessTestCaseMainPhase(CommonExecutor.java:65)
	at com.kms.katalon.core.main.TestSuiteExecutor.accessTestSuiteMainPhase(TestSuiteExecutor.java:144)
	at com.kms.katalon.core.main.TestSuiteExecutor.execute(TestSuiteExecutor.java:106)
	at com.kms.katalon.core.main.TestCaseMain.startTestSuite(TestCaseMain.java:185)
	at com.kms.katalon.core.main.TestCaseMain$startTestSuite$0.call(Unknown Source)
	at TempTestSuite1705920083951.run(TempTestSuite1705920083951.groovy:36)
)

2024-01-22 17:53:34 - [MESSAGE][WARNING] - Web element with id: 'Object Repository/Stockbit/Bandarmology_Seller2' located by 'By.xpath: //*[contains(@id, 'rc-tabs-')]/div[2]/div/div/div/div/div/div[2]/table/tbody/tr[3]/td[5]/p' is present after '1' second(s) (Root cause: com.kms.katalon.core.exception.StepFailedException: Web element with id: 'Object Repository/Stockbit/Bandarmology_Seller2' located by 'By.xpath: //*[contains(@id, 'rc-tabs-')]/div[2]/div/div/div/div/div/div[2]/table/tbody/tr[3]/td[5]/p' is present after '1' second(s)
	at com.kms.katalon.core.webui.keyword.internal.WebUIKeywordMain.stepFailed(WebUIKeywordMain.groovy:64)
	at com.kms.katalon.core.webui.keyword.internal.WebUIKeywordMain$stepFailed$0.call(Unknown Source)
	at com.kms.katalon.core.webui.keyword.builtin.VerifyElementNotPresentKeyword$_verifyElementNotPresent_closure1.doCall(VerifyElementNotPresentKeyword.groovy:106)
	at com.kms.katalon.core.webui.keyword.builtin.VerifyElementNotPresentKeyword$_verifyElementNotPresent_closure1.doCall(VerifyElementNotPresentKeyword.groovy)
	at com.kms.katalon.core.webui.keyword.internal.WebUIKeywordMain.runKeyword(WebUIKeywordMain.groovy:20)
	at com.kms.katalon.core.webui.keyword.internal.WebUIKeywordMain$runKeyword.call(Unknown Source)
	at com.kms.katalon.core.webui.keyword.builtin.VerifyElementNotPresentKeyword.verifyElementNotPresent(VerifyElementNotPresentKeyword.groovy:117)
	at com.kms.katalon.core.webui.keyword.builtin.VerifyElementNotPresentKeyword.execute(VerifyElementNotPresentKeyword.groovy:68)
	at com.kms.katalon.core.keyword.internal.KeywordExecutor.executeKeywordForPlatform(KeywordExecutor.groovy:74)
	at com.kms.katalon.core.webui.keyword.WebUiBuiltInKeywords.verifyElementNotPresent(WebUiBuiltInKeywords.groovy:1481)
	at com.kms.katalon.core.webui.keyword.WebUiBuiltInKeywords$verifyElementNotPresent$8.call(Unknown Source)
	at GetBrokSumPriceDaily.run(GetBrokSumPriceDaily:309)
	at com.kms.katalon.core.main.ScriptEngine.run(ScriptEngine.java:194)
	at com.kms.katalon.core.main.ScriptEngine.runScriptAsRawText(ScriptEngine.java:119)
	at com.kms.katalon.core.main.TestCaseExecutor.runScript(TestCaseExecutor.java:445)
	at com.kms.katalon.core.main.TestCaseExecutor.doExecute(TestCaseExecutor.java:436)
	at com.kms.katalon.core.main.TestCaseExecutor.processExecutionPhase(TestCaseExecutor.java:415)
	at com.kms.katalon.core.main.TestCaseExecutor.accessMainPhase(TestCaseExecutor.java:407)
	at com.kms.katalon.core.main.TestCaseExecutor.execute(TestCaseExecutor.java:284)
	at com.kms.katalon.core.common.CommonExecutor.accessTestCaseMainPhase(CommonExecutor.java:65)
	at com.kms.katalon.core.main.TestSuiteExecutor.accessTestSuiteMainPhase(TestSuiteExecutor.java:144)
	at com.kms.katalon.core.main.TestSuiteExecutor.execute(TestSuiteExecutor.java:106)
	at com.kms.katalon.core.main.TestCaseMain.startTestSuite(TestCaseMain.java:185)
	at com.kms.katalon.core.main.TestCaseMain$startTestSuite$0.call(Unknown Source)
	at TempTestSuite1705920083951.run(TempTestSuite1705920083951.groovy:36)
)
[[ATTACHMENT|C:\\Users\\Fadli\\git\\KatalonDailyGetData2\\Reports\\20240122_174123\\TS1\\20240122_174123\\1705920814463.png]]

2024-01-22 17:53:34 - [TEST_STEP][PASSED] - else: null

2024-01-22 17:53:34 - [TEST_STEP][PASSED] - strSeller2 = getText(findTestObject("Stockbit/Bandarmology_Seller2")): Text of object 'Object Repository/Stockbit/Bandarmology_Seller2' is: 'HP'

2024-01-22 17:53:34 - [MESSAGE][PASSED] - Text of object 'Object Repository/Stockbit/Bandarmology_Seller2' is: 'HP'

2024-01-22 17:53:34 - [TEST_STEP][PASSED] - strSellerVol2 = getText(findTestObject("Stockbit/Bandarmology_SellerVol2")): Text of object 'Object Repository/Stockbit/Bandarmology_SellerVol2' is: '3.2 K'

2024-01-22 17:53:34 - [MESSAGE][PASSED] - Text of object 'Object Repository/Stockbit/Bandarmology_SellerVol2' is: '3.2 K'

2024-01-22 17:53:34 - [TEST_STEP][PASSED] - strSellerAvg2 = getText(findTestObject("Stockbit/Bandarmology_SellerAvg2")): Text of object 'Object Repository/Stockbit/Bandarmology_SellerAvg2' is: '219'

2024-01-22 17:53:35 - [MESSAGE][PASSED] - Text of object 'Object Repository/Stockbit/Bandarmology_SellerAvg2' is: '219'

2024-01-22 17:53:35 - [TEST_STEP][PASSED] - if (strSeller2 != ""): null

2024-01-22 17:53:35 - [TEST_STEP][PASSED] - if (strSellerAvg2.contains(",")): null

2024-01-22 17:53:35 - [TEST_STEP][PASSED] - if (strSellerVol2.contains(" B")): null

2024-01-22 17:53:35 - [TEST_STEP][PASSED] - else if (strSellerVol2.contains(" M")): null

2024-01-22 17:53:35 - [TEST_STEP][PASSED] - else if (strSellerVol2.contains(" K")): null

2024-01-22 17:53:35 - [TEST_STEP][PASSED] - strSellerVol2 = strSellerVol2.replace(" K", ""): null

2024-01-22 17:53:35 - [TEST_STEP][PASSED] - strSellerVol2 = strSellerVol2.toDouble() * 1000: null

2024-01-22 17:53:35 - [TEST_STEP][PASSED] - if (verifyElementNotPresent(findTestObject("Stockbit/Bandarmology_Buyer3"), 1, OPTIONAL)): Web element with id: 'Object Repository/Stockbit/Bandarmology_Buyer3' located by 'By.xpath: //*[contains(@id, 'rc-tabs-')]/div[2]/div/div/div/div/div/div[2]/table/tbody/tr[4]/td[1]/p' is present after '1' second(s) (Root cause: com.kms.katalon.core.exception.StepFailedException: Web element with id: 'Object Repository/Stockbit/Bandarmology_Buyer3' located by 'By.xpath: //*[contains(@id, 'rc-tabs-')]/div[2]/div/div/div/div/div/div[2]/table/tbody/tr[4]/td[1]/p' is present after '1' second(s)
	at com.kms.katalon.core.webui.keyword.internal.WebUIKeywordMain.stepFailed(WebUIKeywordMain.groovy:64)
	at com.kms.katalon.core.webui.keyword.internal.WebUIKeywordMain$stepFailed$0.call(Unknown Source)
	at com.kms.katalon.core.webui.keyword.builtin.VerifyElementNotPresentKeyword$_verifyElementNotPresent_closure1.doCall(VerifyElementNotPresentKeyword.groovy:106)
	at com.kms.katalon.core.webui.keyword.builtin.VerifyElementNotPresentKeyword$_verifyElementNotPresent_closure1.doCall(VerifyElementNotPresentKeyword.groovy)
	at com.kms.katalon.core.webui.keyword.internal.WebUIKeywordMain.runKeyword(WebUIKeywordMain.groovy:20)
	at com.kms.katalon.core.webui.keyword.internal.WebUIKeywordMain$runKeyword.call(Unknown Source)
	at com.kms.katalon.core.webui.keyword.builtin.VerifyElementNotPresentKeyword.verifyElementNotPresent(VerifyElementNotPresentKeyword.groovy:117)
	at com.kms.katalon.core.webui.keyword.builtin.VerifyElementNotPresentKeyword.execute(VerifyElementNotPresentKeyword.groovy:68)
	at com.kms.katalon.core.keyword.internal.KeywordExecutor.executeKeywordForPlatform(KeywordExecutor.groovy:74)
	at com.kms.katalon.core.webui.keyword.WebUiBuiltInKeywords.verifyElementNotPresent(WebUiBuiltInKeywords.groovy:1481)
	at com.kms.katalon.core.webui.keyword.WebUiBuiltInKeywords$verifyElementNotPresent$8.call(Unknown Source)
	at GetBrokSumPriceDaily.run(GetBrokSumPriceDaily:361)
	at com.kms.katalon.core.main.ScriptEngine.run(ScriptEngine.java:194)
	at com.kms.katalon.core.main.ScriptEngine.runScriptAsRawText(ScriptEngine.java:119)
	at com.kms.katalon.core.main.TestCaseExecutor.runScript(TestCaseExecutor.java:445)
	at com.kms.katalon.core.main.TestCaseExecutor.doExecute(TestCaseExecutor.java:436)
	at com.kms.katalon.core.main.TestCaseExecutor.processExecutionPhase(TestCaseExecutor.java:415)
	at com.kms.katalon.core.main.TestCaseExecutor.accessMainPhase(TestCaseExecutor.java:407)
	at com.kms.katalon.core.main.TestCaseExecutor.execute(TestCaseExecutor.java:284)
	at com.kms.katalon.core.common.CommonExecutor.accessTestCaseMainPhase(CommonExecutor.java:65)
	at com.kms.katalon.core.main.TestSuiteExecutor.accessTestSuiteMainPhase(TestSuiteExecutor.java:144)
	at com.kms.katalon.core.main.TestSuiteExecutor.execute(TestSuiteExecutor.java:106)
	at com.kms.katalon.core.main.TestCaseMain.startTestSuite(TestCaseMain.java:185)
	at com.kms.katalon.core.main.TestCaseMain$startTestSuite$0.call(Unknown Source)
	at TempTestSuite1705920083951.run(TempTestSuite1705920083951.groovy:36)
)

2024-01-22 17:53:36 - [MESSAGE][WARNING] - Web element with id: 'Object Repository/Stockbit/Bandarmology_Buyer3' located by 'By.xpath: //*[contains(@id, 'rc-tabs-')]/div[2]/div/div/div/div/div/div[2]/table/tbody/tr[4]/td[1]/p' is present after '1' second(s) (Root cause: com.kms.katalon.core.exception.StepFailedException: Web element with id: 'Object Repository/Stockbit/Bandarmology_Buyer3' located by 'By.xpath: //*[contains(@id, 'rc-tabs-')]/div[2]/div/div/div/div/div/div[2]/table/tbody/tr[4]/td[1]/p' is present after '1' second(s)
	at com.kms.katalon.core.webui.keyword.internal.WebUIKeywordMain.stepFailed(WebUIKeywordMain.groovy:64)
	at com.kms.katalon.core.webui.keyword.internal.WebUIKeywordMain$stepFailed$0.call(Unknown Source)
	at com.kms.katalon.core.webui.keyword.builtin.VerifyElementNotPresentKeyword$_verifyElementNotPresent_closure1.doCall(VerifyElementNotPresentKeyword.groovy:106)
	at com.kms.katalon.core.webui.keyword.builtin.VerifyElementNotPresentKeyword$_verifyElementNotPresent_closure1.doCall(VerifyElementNotPresentKeyword.groovy)
	at com.kms.katalon.core.webui.keyword.internal.WebUIKeywordMain.runKeyword(WebUIKeywordMain.groovy:20)
	at com.kms.katalon.core.webui.keyword.internal.WebUIKeywordMain$runKeyword.call(Unknown Source)
	at com.kms.katalon.core.webui.keyword.builtin.VerifyElementNotPresentKeyword.verifyElementNotPresent(VerifyElementNotPresentKeyword.groovy:117)
	at com.kms.katalon.core.webui.keyword.builtin.VerifyElementNotPresentKeyword.execute(VerifyElementNotPresentKeyword.groovy:68)
	at com.kms.katalon.core.keyword.internal.KeywordExecutor.executeKeywordForPlatform(KeywordExecutor.groovy:74)
	at com.kms.katalon.core.webui.keyword.WebUiBuiltInKeywords.verifyElementNotPresent(WebUiBuiltInKeywords.groovy:1481)
	at com.kms.katalon.core.webui.keyword.WebUiBuiltInKeywords$verifyElementNotPresent$8.call(Unknown Source)
	at GetBrokSumPriceDaily.run(GetBrokSumPriceDaily:361)
	at com.kms.katalon.core.main.ScriptEngine.run(ScriptEngine.java:194)
	at com.kms.katalon.core.main.ScriptEngine.runScriptAsRawText(ScriptEngine.java:119)
	at com.kms.katalon.core.main.TestCaseExecutor.runScript(TestCaseExecutor.java:445)
	at com.kms.katalon.core.main.TestCaseExecutor.doExecute(TestCaseExecutor.java:436)
	at com.kms.katalon.core.main.TestCaseExecutor.processExecutionPhase(TestCaseExecutor.java:415)
	at com.kms.katalon.core.main.TestCaseExecutor.accessMainPhase(TestCaseExecutor.java:407)
	at com.kms.katalon.core.main.TestCaseExecutor.execute(TestCaseExecutor.java:284)
	at com.kms.katalon.core.common.CommonExecutor.accessTestCaseMainPhase(CommonExecutor.java:65)
	at com.kms.katalon.core.main.TestSuiteExecutor.accessTestSuiteMainPhase(TestSuiteExecutor.java:144)
	at com.kms.katalon.core.main.TestSuiteExecutor.execute(TestSuiteExecutor.java:106)
	at com.kms.katalon.core.main.TestCaseMain.startTestSuite(TestCaseMain.java:185)
	at com.kms.katalon.core.main.TestCaseMain$startTestSuite$0.call(Unknown Source)
	at TempTestSuite1705920083951.run(TempTestSuite1705920083951.groovy:36)
)
[[ATTACHMENT|C:\\Users\\Fadli\\git\\KatalonDailyGetData2\\Reports\\20240122_174123\\TS1\\20240122_174123\\1705920816183.png]]

2024-01-22 17:53:36 - [TEST_STEP][PASSED] - else: null

2024-01-22 17:53:36 - [TEST_STEP][PASSED] - strBuyer3 = getText(findTestObject("Stockbit/Bandarmology_Buyer3")): Text of object 'Object Repository/Stockbit/Bandarmology_Buyer3' is: 'IN'

2024-01-22 17:53:36 - [MESSAGE][PASSED] - Text of object 'Object Repository/Stockbit/Bandarmology_Buyer3' is: 'IN'

2024-01-22 17:53:36 - [TEST_STEP][PASSED] - strBuyerVol3 = getText(findTestObject("Stockbit/Bandarmology_BuyerVol3")): Text of object 'Object Repository/Stockbit/Bandarmology_BuyerVol3' is: '2.2 K'

2024-01-22 17:53:36 - [MESSAGE][PASSED] - Text of object 'Object Repository/Stockbit/Bandarmology_BuyerVol3' is: '2.2 K'

2024-01-22 17:53:36 - [TEST_STEP][PASSED] - strBuyerAvg3 = getText(findTestObject("Stockbit/Bandarmology_BuyerAvg3")): Text of object 'Object Repository/Stockbit/Bandarmology_BuyerAvg3' is: '222'

2024-01-22 17:53:36 - [MESSAGE][PASSED] - Text of object 'Object Repository/Stockbit/Bandarmology_BuyerAvg3' is: '222'

2024-01-22 17:53:36 - [TEST_STEP][PASSED] - if (strBuyer3 != ""): null

2024-01-22 17:53:36 - [TEST_STEP][PASSED] - if (strBuyerAvg3.contains(",")): null

2024-01-22 17:53:36 - [TEST_STEP][PASSED] - if (strBuyerVol3.contains(" B")): null

2024-01-22 17:53:36 - [TEST_STEP][PASSED] - else if (strBuyerVol3.contains(" M")): null

2024-01-22 17:53:36 - [TEST_STEP][PASSED] - else if (strBuyerVol3.contains(" K")): null

2024-01-22 17:53:36 - [TEST_STEP][PASSED] - strBuyerVol3 = strBuyerVol3.replace(" K", ""): null

2024-01-22 17:53:36 - [TEST_STEP][PASSED] - strBuyerVol3 = strBuyerVol3.toDouble() * 1000: null

2024-01-22 17:53:36 - [TEST_STEP][PASSED] - if (verifyElementNotPresent(findTestObject("Stockbit/Bandarmology_Seller3"), 1, OPTIONAL)): Web element with id: 'Object Repository/Stockbit/Bandarmology_Seller3' located by 'By.xpath: //*[contains(@id, 'rc-tabs-')]/div[2]/div/div/div/div/div/div[2]/table/tbody/tr[4]/td[5]/p' is present after '1' second(s) (Root cause: com.kms.katalon.core.exception.StepFailedException: Web element with id: 'Object Repository/Stockbit/Bandarmology_Seller3' located by 'By.xpath: //*[contains(@id, 'rc-tabs-')]/div[2]/div/div/div/div/div/div[2]/table/tbody/tr[4]/td[5]/p' is present after '1' second(s)
	at com.kms.katalon.core.webui.keyword.internal.WebUIKeywordMain.stepFailed(WebUIKeywordMain.groovy:64)
	at com.kms.katalon.core.webui.keyword.internal.WebUIKeywordMain$stepFailed$0.call(Unknown Source)
	at com.kms.katalon.core.webui.keyword.builtin.VerifyElementNotPresentKeyword$_verifyElementNotPresent_closure1.doCall(VerifyElementNotPresentKeyword.groovy:106)
	at com.kms.katalon.core.webui.keyword.builtin.VerifyElementNotPresentKeyword$_verifyElementNotPresent_closure1.doCall(VerifyElementNotPresentKeyword.groovy)
	at com.kms.katalon.core.webui.keyword.internal.WebUIKeywordMain.runKeyword(WebUIKeywordMain.groovy:20)
	at com.kms.katalon.core.webui.keyword.internal.WebUIKeywordMain$runKeyword.call(Unknown Source)
	at com.kms.katalon.core.webui.keyword.builtin.VerifyElementNotPresentKeyword.verifyElementNotPresent(VerifyElementNotPresentKeyword.groovy:117)
	at com.kms.katalon.core.webui.keyword.builtin.VerifyElementNotPresentKeyword.execute(VerifyElementNotPresentKeyword.groovy:68)
	at com.kms.katalon.core.keyword.internal.KeywordExecutor.executeKeywordForPlatform(KeywordExecutor.groovy:74)
	at com.kms.katalon.core.webui.keyword.WebUiBuiltInKeywords.verifyElementNotPresent(WebUiBuiltInKeywords.groovy:1481)
	at com.kms.katalon.core.webui.keyword.WebUiBuiltInKeywords$verifyElementNotPresent$8.call(Unknown Source)
	at GetBrokSumPriceDaily.run(GetBrokSumPriceDaily:414)
	at com.kms.katalon.core.main.ScriptEngine.run(ScriptEngine.java:194)
	at com.kms.katalon.core.main.ScriptEngine.runScriptAsRawText(ScriptEngine.java:119)
	at com.kms.katalon.core.main.TestCaseExecutor.runScript(TestCaseExecutor.java:445)
	at com.kms.katalon.core.main.TestCaseExecutor.doExecute(TestCaseExecutor.java:436)
	at com.kms.katalon.core.main.TestCaseExecutor.processExecutionPhase(TestCaseExecutor.java:415)
	at com.kms.katalon.core.main.TestCaseExecutor.accessMainPhase(TestCaseExecutor.java:407)
	at com.kms.katalon.core.main.TestCaseExecutor.execute(TestCaseExecutor.java:284)
	at com.kms.katalon.core.common.CommonExecutor.accessTestCaseMainPhase(CommonExecutor.java:65)
	at com.kms.katalon.core.main.TestSuiteExecutor.accessTestSuiteMainPhase(TestSuiteExecutor.java:144)
	at com.kms.katalon.core.main.TestSuiteExecutor.execute(TestSuiteExecutor.java:106)
	at com.kms.katalon.core.main.TestCaseMain.startTestSuite(TestCaseMain.java:185)
	at com.kms.katalon.core.main.TestCaseMain$startTestSuite$0.call(Unknown Source)
	at TempTestSuite1705920083951.run(TempTestSuite1705920083951.groovy:36)
)

2024-01-22 17:53:38 - [MESSAGE][WARNING] - Web element with id: 'Object Repository/Stockbit/Bandarmology_Seller3' located by 'By.xpath: //*[contains(@id, 'rc-tabs-')]/div[2]/div/div/div/div/div/div[2]/table/tbody/tr[4]/td[5]/p' is present after '1' second(s) (Root cause: com.kms.katalon.core.exception.StepFailedException: Web element with id: 'Object Repository/Stockbit/Bandarmology_Seller3' located by 'By.xpath: //*[contains(@id, 'rc-tabs-')]/div[2]/div/div/div/div/div/div[2]/table/tbody/tr[4]/td[5]/p' is present after '1' second(s)
	at com.kms.katalon.core.webui.keyword.internal.WebUIKeywordMain.stepFailed(WebUIKeywordMain.groovy:64)
	at com.kms.katalon.core.webui.keyword.internal.WebUIKeywordMain$stepFailed$0.call(Unknown Source)
	at com.kms.katalon.core.webui.keyword.builtin.VerifyElementNotPresentKeyword$_verifyElementNotPresent_closure1.doCall(VerifyElementNotPresentKeyword.groovy:106)
	at com.kms.katalon.core.webui.keyword.builtin.VerifyElementNotPresentKeyword$_verifyElementNotPresent_closure1.doCall(VerifyElementNotPresentKeyword.groovy)
	at com.kms.katalon.core.webui.keyword.internal.WebUIKeywordMain.runKeyword(WebUIKeywordMain.groovy:20)
	at com.kms.katalon.core.webui.keyword.internal.WebUIKeywordMain$runKeyword.call(Unknown Source)
	at com.kms.katalon.core.webui.keyword.builtin.VerifyElementNotPresentKeyword.verifyElementNotPresent(VerifyElementNotPresentKeyword.groovy:117)
	at com.kms.katalon.core.webui.keyword.builtin.VerifyElementNotPresentKeyword.execute(VerifyElementNotPresentKeyword.groovy:68)
	at com.kms.katalon.core.keyword.internal.KeywordExecutor.executeKeywordForPlatform(KeywordExecutor.groovy:74)
	at com.kms.katalon.core.webui.keyword.WebUiBuiltInKeywords.verifyElementNotPresent(WebUiBuiltInKeywords.groovy:1481)
	at com.kms.katalon.core.webui.keyword.WebUiBuiltInKeywords$verifyElementNotPresent$8.call(Unknown Source)
	at GetBrokSumPriceDaily.run(GetBrokSumPriceDaily:414)
	at com.kms.katalon.core.main.ScriptEngine.run(ScriptEngine.java:194)
	at com.kms.katalon.core.main.ScriptEngine.runScriptAsRawText(ScriptEngine.java:119)
	at com.kms.katalon.core.main.TestCaseExecutor.runScript(TestCaseExecutor.java:445)
	at com.kms.katalon.core.main.TestCaseExecutor.doExecute(TestCaseExecutor.java:436)
	at com.kms.katalon.core.main.TestCaseExecutor.processExecutionPhase(TestCaseExecutor.java:415)
	at com.kms.katalon.core.main.TestCaseExecutor.accessMainPhase(TestCaseExecutor.java:407)
	at com.kms.katalon.core.main.TestCaseExecutor.execute(TestCaseExecutor.java:284)
	at com.kms.katalon.core.common.CommonExecutor.accessTestCaseMainPhase(CommonExecutor.java:65)
	at com.kms.katalon.core.main.TestSuiteExecutor.accessTestSuiteMainPhase(TestSuiteExecutor.java:144)
	at com.kms.katalon.core.main.TestSuiteExecutor.execute(TestSuiteExecutor.java:106)
	at com.kms.katalon.core.main.TestCaseMain.startTestSuite(TestCaseMain.java:185)
	at com.kms.katalon.core.main.TestCaseMain$startTestSuite$0.call(Unknown Source)
	at TempTestSuite1705920083951.run(TempTestSuite1705920083951.groovy:36)
)
[[ATTACHMENT|C:\\Users\\Fadli\\git\\KatalonDailyGetData2\\Reports\\20240122_174123\\TS1\\20240122_174123\\1705920817890.png]]

2024-01-22 17:53:38 - [TEST_STEP][PASSED] - else: null

2024-01-22 17:53:38 - [TEST_STEP][PASSED] - strSeller3 = getText(findTestObject("Stockbit/Bandarmology_Seller3")): Text of object 'Object Repository/Stockbit/Bandarmology_Seller3' is: 'YP'

2024-01-22 17:53:38 - [MESSAGE][PASSED] - Text of object 'Object Repository/Stockbit/Bandarmology_Seller3' is: 'YP'

2024-01-22 17:53:38 - [TEST_STEP][PASSED] - strSellerVol3 = getText(findTestObject("Stockbit/Bandarmology_SellerVol3")): Text of object 'Object Repository/Stockbit/Bandarmology_SellerVol3' is: '2.6 K'

2024-01-22 17:53:38 - [MESSAGE][PASSED] - Text of object 'Object Repository/Stockbit/Bandarmology_SellerVol3' is: '2.6 K'

2024-01-22 17:53:38 - [TEST_STEP][PASSED] - strSellerAvg3 = getText(findTestObject("Stockbit/Bandarmology_SellerAvg3")): Text of object 'Object Repository/Stockbit/Bandarmology_SellerAvg3' is: '210'

2024-01-22 17:53:38 - [MESSAGE][PASSED] - Text of object 'Object Repository/Stockbit/Bandarmology_SellerAvg3' is: '210'

2024-01-22 17:53:38 - [TEST_STEP][PASSED] - if (strSeller3 != ""): null

2024-01-22 17:53:38 - [TEST_STEP][PASSED] - if (strSellerAvg3.contains(",")): null

2024-01-22 17:53:38 - [TEST_STEP][PASSED] - if (strSellerVol3.contains(" B")): null

2024-01-22 17:53:38 - [TEST_STEP][PASSED] - else if (strSellerVol3.contains(" M")): null

2024-01-22 17:53:38 - [TEST_STEP][PASSED] - else if (strSellerVol3.contains(" K")): null

2024-01-22 17:53:38 - [TEST_STEP][PASSED] - strSellerVol3 = strSellerVol3.replace(" K", ""): null

2024-01-22 17:53:38 - [TEST_STEP][PASSED] - strSellerVol3 = strSellerVol3.toDouble() * 1000: null

2024-01-22 17:53:38 - [TEST_STEP][PASSED] - strAccDist = getText(findTestObject("Stockbit/Bandarmology_AccDist")): Text of object 'Object Repository/Stockbit/Bandarmology_AccDist' is: 'Dist'

2024-01-22 17:53:38 - [MESSAGE][PASSED] - Text of object 'Object Repository/Stockbit/Bandarmology_AccDist' is: 'Dist'

2024-01-22 17:53:38 - [TEST_STEP][PASSED] - strNetVol = getText(findTestObject("Stockbit/Bandarmology_NetVol")): Text of object 'Object Repository/Stockbit/Bandarmology_NetVol' is: '17,715'

2024-01-22 17:53:38 - [MESSAGE][PASSED] - Text of object 'Object Repository/Stockbit/Bandarmology_NetVol' is: '17,715'

2024-01-22 17:53:38 - [TEST_STEP][PASSED] - strNetVol = strNetVol.replace(",", ""): null

2024-01-22 17:53:38 - [TEST_STEP][PASSED] - strNetVal = getText(findTestObject("Stockbit/Bandarmology_NetVal")): Text of object 'Object Repository/Stockbit/Bandarmology_NetVal' is: '0.4 B'

2024-01-22 17:53:38 - [MESSAGE][PASSED] - Text of object 'Object Repository/Stockbit/Bandarmology_NetVal' is: '0.4 B'

2024-01-22 17:53:38 - [TEST_STEP][PASSED] - delay(3): Delayed 3 second(s)

2024-01-22 17:53:41 - [MESSAGE][PASSED] - Delayed 3 second(s)

2024-01-22 17:53:41 - [TEST_STEP][PASSED] - strOpenPrice = getText(findTestObject("Stockbit/Home_OpenPrice")): Text of object 'Object Repository/Stockbit/Home_OpenPrice' is: '226'

2024-01-22 17:53:42 - [MESSAGE][PASSED] - Text of object 'Object Repository/Stockbit/Home_OpenPrice' is: '226'

2024-01-22 17:53:42 - [TEST_STEP][PASSED] - strOpenPrice = strOpenPrice.replace(",", ""): null

2024-01-22 17:53:42 - [TEST_STEP][PASSED] - strLowPrice = getText(findTestObject("Stockbit/Home_LowPrice")): Text of object 'Object Repository/Stockbit/Home_LowPrice' is: '202'

2024-01-22 17:53:42 - [MESSAGE][PASSED] - Text of object 'Object Repository/Stockbit/Home_LowPrice' is: '202'

2024-01-22 17:53:42 - [TEST_STEP][PASSED] - strLowPrice = strLowPrice.replace(",", ""): null

2024-01-22 17:53:42 - [TEST_STEP][PASSED] - strHighPrice = getText(findTestObject("Stockbit/Home_HighPrice")): Text of object 'Object Repository/Stockbit/Home_HighPrice' is: '228'

2024-01-22 17:53:42 - [MESSAGE][PASSED] - Text of object 'Object Repository/Stockbit/Home_HighPrice' is: '228'

2024-01-22 17:53:42 - [TEST_STEP][PASSED] - strHighPrice = strHighPrice.replace(",", ""): null

2024-01-22 17:53:42 - [TEST_STEP][PASSED] - strClosePrice = getText(findTestObject("Stockbit/Home_ClosePrice")): Text of object 'Object Repository/Stockbit/Home_ClosePrice' is: '222'

2024-01-22 17:53:42 - [MESSAGE][PASSED] - Text of object 'Object Repository/Stockbit/Home_ClosePrice' is: '222'

2024-01-22 17:53:42 - [TEST_STEP][PASSED] - strClosePrice = strClosePrice.replace(",", ""): null

2024-01-22 17:53:42 - [TEST_STEP][PASSED] - strVol = getText(findTestObject("Stockbit/Home_Volume")): Text of object 'Object Repository/Stockbit/Home_Volume' is: '30 K'

2024-01-22 17:53:42 - [MESSAGE][PASSED] - Text of object 'Object Repository/Stockbit/Home_Volume' is: '30 K'

2024-01-22 17:53:42 - [TEST_STEP][PASSED] - if (strVol.contains(" K")): null

2024-01-22 17:53:42 - [TEST_STEP][PASSED] - strVol = strVol.replace(" K", "000"): null

2024-01-22 17:53:42 - [TEST_STEP][PASSED] - if (strVol.contains(",")): null

2024-01-22 17:53:42 - [TEST_STEP][PASSED] - strChange = getText(findTestObject("Stockbit/Home_Change")): Text of object 'Object Repository/Stockbit/Home_Change' is: '-2.63%'

2024-01-22 17:53:42 - [MESSAGE][PASSED] - Text of object 'Object Repository/Stockbit/Home_Change' is: '-2.63%'

2024-01-22 17:53:42 - [TEST_STEP][PASSED] - strChange = strChange.replace("%", ""): null

2024-01-22 17:53:42 - [TEST_STEP][PASSED] - strFreq = getText(findTestObject("Stockbit/Home_Freq")): Text of object 'Object Repository/Stockbit/Home_Freq' is: '222'

2024-01-22 17:53:42 - [MESSAGE][PASSED] - Text of object 'Object Repository/Stockbit/Home_Freq' is: '222'

2024-01-22 17:53:42 - [TEST_STEP][PASSED] - if (strFreq.contains(",")): null

2024-01-22 17:53:42 - [TEST_STEP][PASSED] - if (strFreq == "NA" || strFreq == ""): null

2024-01-22 17:53:42 - [TEST_STEP][PASSED] - else: null

2024-01-22 17:53:42 - [TEST_STEP][PASSED] - dblFreqAnal = strVol.toDouble() / strFreq.toDouble() * strFreq.toDouble() * strFreq.toDouble() * 100000000: null

2024-01-22 17:53:42 - [TEST_STEP][PASSED] - strFreqAnal = String.format("%.4f", dblFreqAnal): null

2024-01-22 17:53:42 - [TEST_STEP][PASSED] - out.println("Double strFreqAnal: " + strFreqAnal): null

2024-01-22 17:53:42 - [TEST_STEP][PASSED] - strTanggal = d.format(DateTimeFormatter.ofPattern("yyyy-MM-dd")): null

2024-01-22 17:53:42 - [TEST_STEP][PASSED] - strTanggal = "#" + strTanggal + "#": null

2024-01-22 17:53:42 - [TEST_STEP][PASSED] - strSQL = "select count(*) as JumBaris from TblBrokSum where Nama = '" + strNama + "' and Tanggal = " + strTanggal + "": null

2024-01-22 17:53:42 - [TEST_STEP][PASSED] - resultSet = statement.executeQuery(strSQL): null

2024-01-22 17:53:42 - [TEST_STEP][PASSED] - resultSet.next(): null

2024-01-22 17:53:42 - [TEST_STEP][PASSED] - intJumBaris = resultSet.getInt("JumBaris"): null

2024-01-22 17:53:42 - [TEST_STEP][PASSED] - if (intJumBaris > 0): null

2024-01-22 17:53:42 - [TEST_STEP][PASSED] - else: null

2024-01-22 17:53:42 - [TEST_STEP][PASSED] - try: null

2024-01-22 17:53:42 - [TEST_STEP][PASSED] - out.println("Insert data"): null

2024-01-22 17:53:42 - [TEST_STEP][PASSED] - strSQL = "insert into TblBrokSum (nama, tanggal, top1, top2, top3, AllBrokAvg, AccDist, AvgRP, " + "Buyer1, BuyerVal1, BuyerAvg1, Seller1, SellerVal1, SellerAvg1, Buyer2, BuyerVal2, BuyerAvg2, " + "Seller2, SellerVal2, SellerAvg2, Buyer3, BuyerVal3, BuyerAvg3, Seller3, SellerVal3, SellerAvg3, NetVol, NetVal, " + "OpenPrice, LowPrice, HighPrice, ClosePrice, Volume, Change, Frekuensi, FrekAnal) " + "values ('" + strNama + "', " + strTanggal + ", '" + strTop1 + "', '" + strTop3 + "', '" + strTop5 + "', " + "'" + strAllBrokAvg + "', '" + strAccDist + "', " + intAvgRP + ", '" + strBuyer1 + "', '" + strBuyerVol1 + "', " + strBuyerAvg1 + ", " + "'" + strSeller1 + "', '" + strSellerVol1 + "', " + strSellerAvg1 + ", '" + strBuyer2 + "', '" + strBuyerVol2 + "', " + strBuyerAvg2 + ", " + "'" + strSeller2 + "', '" + strSellerVol2 + "', " + strSellerAvg2 + ", '" + strBuyer3 + "', '" + strBuyerVol3 + "', " + strBuyerAvg3 + ", " + "'" + strSeller3 + "', '" + strSellerVol3 + "', " + strSellerAvg3 + ", " + strNetVol + ", '" + strNetVal + "', " + "" + strOpenPrice + ", " + strLowPrice + ", " + strHighPrice + ", " + strClosePrice + ", '" + strVol + "', " + strChange + ", " + strFreq + ", " + strFreqAnal + ");": null

2024-01-22 17:53:42 - [TEST_STEP][PASSED] - out.println("strSQL = " + strSQL): null

2024-01-22 17:53:42 - [TEST_STEP][PASSED] - statement.executeUpdate(strSQL): null

2024-01-22 17:53:42 - [TEST_STEP][PASSED] - setValueToCellByIndex(sheet01, rowIndex, 4, "DONE"): null

2024-01-22 17:53:42 - [TEST_STEP][PASSED] - saveWorkbook(excelFilePath, workbook01): null

2024-01-22 17:53:42 - [TEST_STEP][PASSED] - waitForElementClickable(findTestObject("Stockbit/menu_Bandarmology"), 10): Object 'Object Repository/Stockbit/menu_Bandarmology' is clickable

2024-01-22 17:53:42 - [MESSAGE][PASSED] - Object 'Object Repository/Stockbit/menu_Bandarmology' is clickable

2024-01-22 17:53:42 - [TEST_STEP][PASSED] - click(findTestObject("Stockbit/menu_Bandarmology")): Object: 'Object Repository/Stockbit/menu_Bandarmology' is clicked on

2024-01-22 17:53:43 - [MESSAGE][PASSED] - Object: 'Object Repository/Stockbit/menu_Bandarmology' is clicked on

2024-01-22 17:53:43 - [TEST_STEP][PASSED] - strTemp = "NA": null

2024-01-22 17:53:43 - [TEST_STEP][PASSED] - if (getCellValueByIndex(sheet01, rowIndex, 4) != "DONE"): Object: 'Object Repository/Stockbit/menu_Bandarmology' is clicked on

2024-01-22 17:53:43 - [TEST_STEP][PASSED] - strNama = getCellValueByIndex(sheet01, rowIndex, 0): null

2024-01-22 17:53:43 - [TEST_STEP][PASSED] - navigateToUrl("https://stockbit.com/#/symbol/" + strNama): Navigate to 'https://stockbit.com/#/symbol/KIOS' successfully

2024-01-22 17:53:45 - [MESSAGE][PASSED] - Navigate to 'https://stockbit.com/#/symbol/KIOS' successfully

2024-01-22 17:53:45 - [TEST_STEP][PASSED] - waitForElementClickable(findTestObject("Stockbit/menu_Bandarmology"), 10): Object 'Object Repository/Stockbit/menu_Bandarmology' is clickable

2024-01-22 17:53:45 - [MESSAGE][PASSED] - Object 'Object Repository/Stockbit/menu_Bandarmology' is clickable

2024-01-22 17:53:45 - [TEST_STEP][PASSED] - click(findTestObject("Stockbit/menu_Bandarmology")): Object: 'Object Repository/Stockbit/menu_Bandarmology' is clicked on

2024-01-22 17:53:45 - [MESSAGE][PASSED] - Object: 'Object Repository/Stockbit/menu_Bandarmology' is clicked on

2024-01-22 17:53:45 - [TEST_STEP][PASSED] - strTanggal = d.format(DateTimeFormatter.ofPattern("MMM dd, yyyy")): null

2024-01-22 17:53:45 - [TEST_STEP][PASSED] - strTanggal = d.format(ISO_DATE): null

2024-01-22 17:53:45 - [TEST_STEP][PASSED] - out.println("strTanggal = " + strTanggal): null

2024-01-22 17:53:45 - [TEST_STEP][PASSED] - out.println("strNama = " + strNama): null

2024-01-22 17:53:45 - [TEST_STEP][PASSED] - out.println("Baris ke = " + rowIndex): null

2024-01-22 17:53:45 - [TEST_STEP][PASSED] - click(findTestObject("Stockbit/input__BandarmologyOpenStartDate")): Object: 'Object Repository/Stockbit/input__BandarmologyOpenStartDate' is clicked on

2024-01-22 17:53:47 - [MESSAGE][PASSED] - Object: 'Object Repository/Stockbit/input__BandarmologyOpenStartDate' is clicked on

2024-01-22 17:53:47 - [TEST_STEP][PASSED] - sendKeys(findTestObject("Stockbit/input__BandarmologyOpenStartDate"), Keys.chord(CONTROL, "a")): Keys 'CONTROL + a' sent to object: 'Object Repository/Stockbit/input__BandarmologyOpenStartDate'

2024-01-22 17:53:47 - [MESSAGE][PASSED] - Keys 'CONTROL + a' sent to object: 'Object Repository/Stockbit/input__BandarmologyOpenStartDate'

2024-01-22 17:53:47 - [TEST_STEP][PASSED] - sendKeys(findTestObject("Stockbit/input__BandarmologyOpenStartDate"), Keys.chord(BACK_SPACE)): Keys 'BACK_SPACE + ' sent to object: 'Object Repository/Stockbit/input__BandarmologyOpenStartDate'

2024-01-22 17:53:48 - [MESSAGE][PASSED] - Keys 'BACK_SPACE + ' sent to object: 'Object Repository/Stockbit/input__BandarmologyOpenStartDate'

2024-01-22 17:53:48 - [TEST_STEP][PASSED] - setText(findTestObject("Stockbit/input__BandarmologyOpenStartDate"), strTanggal): Text '2024-01-22' is set on object 'Object Repository/Stockbit/input__BandarmologyOpenStartDate'

2024-01-22 17:53:48 - [MESSAGE][PASSED] - Text '2024-01-22' is set on object 'Object Repository/Stockbit/input__BandarmologyOpenStartDate'

2024-01-22 17:53:48 - [TEST_STEP][PASSED] - sendKeys(findTestObject("Stockbit/input__BandarmologyOpenStartDate"), Keys.chord(ENTER)): Keys 'ENTER + ' sent to object: 'Object Repository/Stockbit/input__BandarmologyOpenStartDate'

2024-01-22 17:53:49 - [MESSAGE][PASSED] - Keys 'ENTER + ' sent to object: 'Object Repository/Stockbit/input__BandarmologyOpenStartDate'

2024-01-22 17:53:49 - [TEST_STEP][PASSED] - click(findTestObject("Stockbit/input__BandarmologyOpenEndDate")): Object: 'Object Repository/Stockbit/input__BandarmologyOpenEndDate' is clicked on

2024-01-22 17:53:49 - [MESSAGE][PASSED] - Object: 'Object Repository/Stockbit/input__BandarmologyOpenEndDate' is clicked on

2024-01-22 17:53:49 - [TEST_STEP][PASSED] - sendKeys(findTestObject("Stockbit/input__BandarmologyOpenEndDate"), Keys.chord(CONTROL, "a")): Keys 'CONTROL + a' sent to object: 'Object Repository/Stockbit/input__BandarmologyOpenEndDate'

2024-01-22 17:53:49 - [MESSAGE][PASSED] - Keys 'CONTROL + a' sent to object: 'Object Repository/Stockbit/input__BandarmologyOpenEndDate'

2024-01-22 17:53:49 - [TEST_STEP][PASSED] - sendKeys(findTestObject("Stockbit/input__BandarmologyOpenEndDate"), Keys.chord(BACK_SPACE)): Keys 'BACK_SPACE + ' sent to object: 'Object Repository/Stockbit/input__BandarmologyOpenEndDate'

2024-01-22 17:53:50 - [MESSAGE][PASSED] - Keys 'BACK_SPACE + ' sent to object: 'Object Repository/Stockbit/input__BandarmologyOpenEndDate'

2024-01-22 17:53:50 - [TEST_STEP][PASSED] - setText(findTestObject("Stockbit/input__BandarmologyOpenEndDate"), strTanggal): Text '2024-01-22' is set on object 'Object Repository/Stockbit/input__BandarmologyOpenEndDate'

2024-01-22 17:53:51 - [MESSAGE][PASSED] - Text '2024-01-22' is set on object 'Object Repository/Stockbit/input__BandarmologyOpenEndDate'

2024-01-22 17:53:51 - [TEST_STEP][PASSED] - sendKeys(findTestObject("Stockbit/input__BandarmologyOpenEndDate"), Keys.chord(ENTER)): Keys 'ENTER + ' sent to object: 'Object Repository/Stockbit/input__BandarmologyOpenEndDate'

2024-01-22 17:53:51 - [MESSAGE][PASSED] - Keys 'ENTER + ' sent to object: 'Object Repository/Stockbit/input__BandarmologyOpenEndDate'

2024-01-22 17:53:51 - [TEST_STEP][PASSED] - delay(2): Delayed 2 second(s)

2024-01-22 17:53:53 - [MESSAGE][PASSED] - Delayed 2 second(s)

2024-01-22 17:53:53 - [TEST_STEP][PASSED] - strTemp = getText(findTestObject("Stockbit/Bandarmology_AvgRP")): Text of object 'Object Repository/Stockbit/Bandarmology_AvgRP' is: '50'

2024-01-22 17:53:53 - [MESSAGE][PASSED] - Text of object 'Object Repository/Stockbit/Bandarmology_AvgRP' is: '50'

2024-01-22 17:53:53 - [TEST_STEP][PASSED] - out.println("Bandarmology_AvgRP = " + strTemp): null

2024-01-22 17:53:53 - [TEST_STEP][PASSED] - if (strTemp != "0"): null

2024-01-22 17:53:53 - [TEST_STEP][PASSED] - strTop1 = getText(findTestObject("Stockbit/Bandarmology_Top1")): Text of object 'Object Repository/Stockbit/Bandarmology_Top1' is: 'Normal Dist'

2024-01-22 17:53:53 - [MESSAGE][PASSED] - Text of object 'Object Repository/Stockbit/Bandarmology_Top1' is: 'Normal Dist'

2024-01-22 17:53:53 - [TEST_STEP][PASSED] - strTop3 = getText(findTestObject("Stockbit/Bandarmology_Top3")): Text of object 'Object Repository/Stockbit/Bandarmology_Top3' is: 'Big Dist'

2024-01-22 17:53:53 - [MESSAGE][PASSED] - Text of object 'Object Repository/Stockbit/Bandarmology_Top3' is: 'Big Dist'

2024-01-22 17:53:53 - [TEST_STEP][PASSED] - strTop5 = getText(findTestObject("Stockbit/Bandarmology_Top5")): Text of object 'Object Repository/Stockbit/Bandarmology_Top5' is: 'Normal Dist'

2024-01-22 17:53:53 - [MESSAGE][PASSED] - Text of object 'Object Repository/Stockbit/Bandarmology_Top5' is: 'Normal Dist'

2024-01-22 17:53:53 - [TEST_STEP][PASSED] - strAllBrokAvg = getText(findTestObject("Stockbit/Bandarmology_TopAVG")): Text of object 'Object Repository/Stockbit/Bandarmology_TopAVG' is: 'Big Dist'

2024-01-22 17:53:54 - [MESSAGE][PASSED] - Text of object 'Object Repository/Stockbit/Bandarmology_TopAVG' is: 'Big Dist'

2024-01-22 17:53:54 - [TEST_STEP][PASSED] - strTemp = getText(findTestObject("Stockbit/Bandarmology_AvgRP")): Text of object 'Object Repository/Stockbit/Bandarmology_AvgRP' is: '50'

2024-01-22 17:53:54 - [MESSAGE][PASSED] - Text of object 'Object Repository/Stockbit/Bandarmology_AvgRP' is: '50'

2024-01-22 17:53:54 - [TEST_STEP][PASSED] - if (strTemp.contains(",")): null

2024-01-22 17:53:54 - [TEST_STEP][PASSED] - intAvgRP = strTemp.toInteger(): null

2024-01-22 17:53:54 - [TEST_STEP][PASSED] - strBuyer1 = getText(findTestObject("Stockbit/Bandarmology_Buyer1")): Text of object 'Object Repository/Stockbit/Bandarmology_Buyer1' is: 'EP'

2024-01-22 17:53:54 - [MESSAGE][PASSED] - Text of object 'Object Repository/Stockbit/Bandarmology_Buyer1' is: 'EP'

2024-01-22 17:53:54 - [TEST_STEP][PASSED] - strBuyerVol1 = getText(findTestObject("Stockbit/Bandarmology_BuyerVol1")): Text of object 'Object Repository/Stockbit/Bandarmology_BuyerVol1' is: '5 K'

2024-01-22 17:53:54 - [MESSAGE][PASSED] - Text of object 'Object Repository/Stockbit/Bandarmology_BuyerVol1' is: '5 K'

2024-01-22 17:53:54 - [TEST_STEP][PASSED] - strBuyerAvg1 = getText(findTestObject("Stockbit/Bandarmology_BuyerAvg1")): Text of object 'Object Repository/Stockbit/Bandarmology_BuyerAvg1' is: '50'

2024-01-22 17:53:54 - [MESSAGE][PASSED] - Text of object 'Object Repository/Stockbit/Bandarmology_BuyerAvg1' is: '50'

2024-01-22 17:53:54 - [TEST_STEP][PASSED] - if (strBuyerAvg1.contains(",")): null

2024-01-22 17:53:54 - [TEST_STEP][PASSED] - if (strBuyerVol1.contains(" B")): null

2024-01-22 17:53:54 - [TEST_STEP][PASSED] - else if (strBuyerVol1.contains(" M")): null

2024-01-22 17:53:54 - [TEST_STEP][PASSED] - else if (strBuyerVol1.contains(" K")): null

2024-01-22 17:53:54 - [TEST_STEP][PASSED] - strBuyerVol1 = strBuyerVol1.replace(" K", ""): null

2024-01-22 17:53:54 - [TEST_STEP][PASSED] - strBuyerVol1 = strBuyerVol1.toDouble() * 1000: null

2024-01-22 17:53:54 - [TEST_STEP][PASSED] - strSeller1 = getText(findTestObject("Stockbit/Bandarmology_Seller1")): Text of object 'Object Repository/Stockbit/Bandarmology_Seller1' is: 'MG'

2024-01-22 17:53:54 - [MESSAGE][PASSED] - Text of object 'Object Repository/Stockbit/Bandarmology_Seller1' is: 'MG'

2024-01-22 17:53:54 - [TEST_STEP][PASSED] - strSellerVol1 = getText(findTestObject("Stockbit/Bandarmology_SellerVol1")): Text of object 'Object Repository/Stockbit/Bandarmology_SellerVol1' is: '7.4 K'

2024-01-22 17:53:54 - [MESSAGE][PASSED] - Text of object 'Object Repository/Stockbit/Bandarmology_SellerVol1' is: '7.4 K'

2024-01-22 17:53:54 - [TEST_STEP][PASSED] - strSellerAvg1 = getText(findTestObject("Stockbit/Bandarmology_SellerAvg1")): Text of object 'Object Repository/Stockbit/Bandarmology_SellerAvg1' is: '50'

2024-01-22 17:53:54 - [MESSAGE][PASSED] - Text of object 'Object Repository/Stockbit/Bandarmology_SellerAvg1' is: '50'

2024-01-22 17:53:54 - [TEST_STEP][PASSED] - if (strSellerAvg1.contains(",")): null

2024-01-22 17:53:54 - [TEST_STEP][PASSED] - if (strSellerVol1.contains(" B")): null

2024-01-22 17:53:54 - [TEST_STEP][PASSED] - else if (strSellerVol1.contains(" M")): null

2024-01-22 17:53:54 - [TEST_STEP][PASSED] - else if (strSellerVol1.contains(" K")): null

2024-01-22 17:53:54 - [TEST_STEP][PASSED] - strSellerVol1 = strSellerVol1.replace(" K", ""): null

2024-01-22 17:53:54 - [TEST_STEP][PASSED] - strSellerVol1 = strSellerVol1.toDouble() * 1000: null

2024-01-22 17:53:54 - [TEST_STEP][PASSED] - if (verifyElementNotPresent(findTestObject("Stockbit/Bandarmology_Buyer2"), 1, OPTIONAL)): Web element with id: 'Object Repository/Stockbit/Bandarmology_Buyer2' located by 'By.xpath: //*[contains(@id, 'rc-tabs-')]/div[2]/div/div/div/div/div/div[2]/table/tbody/tr[3]/td[1]/p' is present after '1' second(s) (Root cause: com.kms.katalon.core.exception.StepFailedException: Web element with id: 'Object Repository/Stockbit/Bandarmology_Buyer2' located by 'By.xpath: //*[contains(@id, 'rc-tabs-')]/div[2]/div/div/div/div/div/div[2]/table/tbody/tr[3]/td[1]/p' is present after '1' second(s)
	at com.kms.katalon.core.webui.keyword.internal.WebUIKeywordMain.stepFailed(WebUIKeywordMain.groovy:64)
	at com.kms.katalon.core.webui.keyword.internal.WebUIKeywordMain$stepFailed$0.call(Unknown Source)
	at com.kms.katalon.core.webui.keyword.builtin.VerifyElementNotPresentKeyword$_verifyElementNotPresent_closure1.doCall(VerifyElementNotPresentKeyword.groovy:106)
	at com.kms.katalon.core.webui.keyword.builtin.VerifyElementNotPresentKeyword$_verifyElementNotPresent_closure1.doCall(VerifyElementNotPresentKeyword.groovy)
	at com.kms.katalon.core.webui.keyword.internal.WebUIKeywordMain.runKeyword(WebUIKeywordMain.groovy:20)
	at com.kms.katalon.core.webui.keyword.internal.WebUIKeywordMain$runKeyword.call(Unknown Source)
	at com.kms.katalon.core.webui.keyword.builtin.VerifyElementNotPresentKeyword.verifyElementNotPresent(VerifyElementNotPresentKeyword.groovy:117)
	at com.kms.katalon.core.webui.keyword.builtin.VerifyElementNotPresentKeyword.execute(VerifyElementNotPresentKeyword.groovy:68)
	at com.kms.katalon.core.keyword.internal.KeywordExecutor.executeKeywordForPlatform(KeywordExecutor.groovy:74)
	at com.kms.katalon.core.webui.keyword.WebUiBuiltInKeywords.verifyElementNotPresent(WebUiBuiltInKeywords.groovy:1481)
	at com.kms.katalon.core.webui.keyword.WebUiBuiltInKeywords$verifyElementNotPresent$8.call(Unknown Source)
	at GetBrokSumPriceDaily.run(GetBrokSumPriceDaily:258)
	at com.kms.katalon.core.main.ScriptEngine.run(ScriptEngine.java:194)
	at com.kms.katalon.core.main.ScriptEngine.runScriptAsRawText(ScriptEngine.java:119)
	at com.kms.katalon.core.main.TestCaseExecutor.runScript(TestCaseExecutor.java:445)
	at com.kms.katalon.core.main.TestCaseExecutor.doExecute(TestCaseExecutor.java:436)
	at com.kms.katalon.core.main.TestCaseExecutor.processExecutionPhase(TestCaseExecutor.java:415)
	at com.kms.katalon.core.main.TestCaseExecutor.accessMainPhase(TestCaseExecutor.java:407)
	at com.kms.katalon.core.main.TestCaseExecutor.execute(TestCaseExecutor.java:284)
	at com.kms.katalon.core.common.CommonExecutor.accessTestCaseMainPhase(CommonExecutor.java:65)
	at com.kms.katalon.core.main.TestSuiteExecutor.accessTestSuiteMainPhase(TestSuiteExecutor.java:144)
	at com.kms.katalon.core.main.TestSuiteExecutor.execute(TestSuiteExecutor.java:106)
	at com.kms.katalon.core.main.TestCaseMain.startTestSuite(TestCaseMain.java:185)
	at com.kms.katalon.core.main.TestCaseMain$startTestSuite$0.call(Unknown Source)
	at TempTestSuite1705920083951.run(TempTestSuite1705920083951.groovy:36)
)

2024-01-22 17:53:56 - [MESSAGE][WARNING] - Web element with id: 'Object Repository/Stockbit/Bandarmology_Buyer2' located by 'By.xpath: //*[contains(@id, 'rc-tabs-')]/div[2]/div/div/div/div/div/div[2]/table/tbody/tr[3]/td[1]/p' is present after '1' second(s) (Root cause: com.kms.katalon.core.exception.StepFailedException: Web element with id: 'Object Repository/Stockbit/Bandarmology_Buyer2' located by 'By.xpath: //*[contains(@id, 'rc-tabs-')]/div[2]/div/div/div/div/div/div[2]/table/tbody/tr[3]/td[1]/p' is present after '1' second(s)
	at com.kms.katalon.core.webui.keyword.internal.WebUIKeywordMain.stepFailed(WebUIKeywordMain.groovy:64)
	at com.kms.katalon.core.webui.keyword.internal.WebUIKeywordMain$stepFailed$0.call(Unknown Source)
	at com.kms.katalon.core.webui.keyword.builtin.VerifyElementNotPresentKeyword$_verifyElementNotPresent_closure1.doCall(VerifyElementNotPresentKeyword.groovy:106)
	at com.kms.katalon.core.webui.keyword.builtin.VerifyElementNotPresentKeyword$_verifyElementNotPresent_closure1.doCall(VerifyElementNotPresentKeyword.groovy)
	at com.kms.katalon.core.webui.keyword.internal.WebUIKeywordMain.runKeyword(WebUIKeywordMain.groovy:20)
	at com.kms.katalon.core.webui.keyword.internal.WebUIKeywordMain$runKeyword.call(Unknown Source)
	at com.kms.katalon.core.webui.keyword.builtin.VerifyElementNotPresentKeyword.verifyElementNotPresent(VerifyElementNotPresentKeyword.groovy:117)
	at com.kms.katalon.core.webui.keyword.builtin.VerifyElementNotPresentKeyword.execute(VerifyElementNotPresentKeyword.groovy:68)
	at com.kms.katalon.core.keyword.internal.KeywordExecutor.executeKeywordForPlatform(KeywordExecutor.groovy:74)
	at com.kms.katalon.core.webui.keyword.WebUiBuiltInKeywords.verifyElementNotPresent(WebUiBuiltInKeywords.groovy:1481)
	at com.kms.katalon.core.webui.keyword.WebUiBuiltInKeywords$verifyElementNotPresent$8.call(Unknown Source)
	at GetBrokSumPriceDaily.run(GetBrokSumPriceDaily:258)
	at com.kms.katalon.core.main.ScriptEngine.run(ScriptEngine.java:194)
	at com.kms.katalon.core.main.ScriptEngine.runScriptAsRawText(ScriptEngine.java:119)
	at com.kms.katalon.core.main.TestCaseExecutor.runScript(TestCaseExecutor.java:445)
	at com.kms.katalon.core.main.TestCaseExecutor.doExecute(TestCaseExecutor.java:436)
	at com.kms.katalon.core.main.TestCaseExecutor.processExecutionPhase(TestCaseExecutor.java:415)
	at com.kms.katalon.core.main.TestCaseExecutor.accessMainPhase(TestCaseExecutor.java:407)
	at com.kms.katalon.core.main.TestCaseExecutor.execute(TestCaseExecutor.java:284)
	at com.kms.katalon.core.common.CommonExecutor.accessTestCaseMainPhase(CommonExecutor.java:65)
	at com.kms.katalon.core.main.TestSuiteExecutor.accessTestSuiteMainPhase(TestSuiteExecutor.java:144)
	at com.kms.katalon.core.main.TestSuiteExecutor.execute(TestSuiteExecutor.java:106)
	at com.kms.katalon.core.main.TestCaseMain.startTestSuite(TestCaseMain.java:185)
	at com.kms.katalon.core.main.TestCaseMain$startTestSuite$0.call(Unknown Source)
	at TempTestSuite1705920083951.run(TempTestSuite1705920083951.groovy:36)
)
[[ATTACHMENT|C:\\Users\\Fadli\\git\\KatalonDailyGetData2\\Reports\\20240122_174123\\TS1\\20240122_174123\\1705920836057.png]]

2024-01-22 17:53:56 - [TEST_STEP][PASSED] - else: null

2024-01-22 17:53:56 - [TEST_STEP][PASSED] - strBuyer2 = getText(findTestObject("Stockbit/Bandarmology_Buyer2")): Text of object 'Object Repository/Stockbit/Bandarmology_Buyer2' is: 'CC'

2024-01-22 17:53:56 - [MESSAGE][PASSED] - Text of object 'Object Repository/Stockbit/Bandarmology_Buyer2' is: 'CC'

2024-01-22 17:53:56 - [TEST_STEP][PASSED] - strBuyerVol2 = getText(findTestObject("Stockbit/Bandarmology_BuyerVol2")): Text of object 'Object Repository/Stockbit/Bandarmology_BuyerVol2' is: '4.5 K'

2024-01-22 17:53:56 - [MESSAGE][PASSED] - Text of object 'Object Repository/Stockbit/Bandarmology_BuyerVol2' is: '4.5 K'

2024-01-22 17:53:56 - [TEST_STEP][PASSED] - strBuyerAvg2 = getText(findTestObject("Stockbit/Bandarmology_BuyerAvg2")): Text of object 'Object Repository/Stockbit/Bandarmology_BuyerAvg2' is: '50'

2024-01-22 17:53:56 - [MESSAGE][PASSED] - Text of object 'Object Repository/Stockbit/Bandarmology_BuyerAvg2' is: '50'

2024-01-22 17:53:56 - [TEST_STEP][PASSED] - if (strBuyer2 != ""): null

2024-01-22 17:53:56 - [TEST_STEP][PASSED] - if (strBuyerAvg2.contains(",")): null

2024-01-22 17:53:56 - [TEST_STEP][PASSED] - if (strBuyerVol2.contains(" B")): null

2024-01-22 17:53:56 - [TEST_STEP][PASSED] - else if (strBuyerVol2.contains(" M")): null

2024-01-22 17:53:56 - [TEST_STEP][PASSED] - else if (strBuyerVol2.contains(" K")): null

2024-01-22 17:53:56 - [TEST_STEP][PASSED] - strBuyerVol2 = strBuyerVol2.replace(" K", ""): null

2024-01-22 17:53:56 - [TEST_STEP][PASSED] - strBuyerVol2 = strBuyerVol2.toDouble() * 1000: null

2024-01-22 17:53:56 - [TEST_STEP][PASSED] - if (strBuyerVol2.contains(".")): null

2024-01-22 17:53:56 - [TEST_STEP][PASSED] - strBuyerVal2 = strBuyerVol2.replace(".", ""): null

2024-01-22 17:53:56 - [TEST_STEP][PASSED] - if (verifyElementNotPresent(findTestObject("Stockbit/Bandarmology_Seller2"), 1, OPTIONAL)): Web element with id: 'Object Repository/Stockbit/Bandarmology_Seller2' located by 'By.xpath: //*[contains(@id, 'rc-tabs-')]/div[2]/div/div/div/div/div/div[2]/table/tbody/tr[3]/td[5]/p' is present after '1' second(s) (Root cause: com.kms.katalon.core.exception.StepFailedException: Web element with id: 'Object Repository/Stockbit/Bandarmology_Seller2' located by 'By.xpath: //*[contains(@id, 'rc-tabs-')]/div[2]/div/div/div/div/div/div[2]/table/tbody/tr[3]/td[5]/p' is present after '1' second(s)
	at com.kms.katalon.core.webui.keyword.internal.WebUIKeywordMain.stepFailed(WebUIKeywordMain.groovy:64)
	at com.kms.katalon.core.webui.keyword.internal.WebUIKeywordMain$stepFailed$0.call(Unknown Source)
	at com.kms.katalon.core.webui.keyword.builtin.VerifyElementNotPresentKeyword$_verifyElementNotPresent_closure1.doCall(VerifyElementNotPresentKeyword.groovy:106)
	at com.kms.katalon.core.webui.keyword.builtin.VerifyElementNotPresentKeyword$_verifyElementNotPresent_closure1.doCall(VerifyElementNotPresentKeyword.groovy)
	at com.kms.katalon.core.webui.keyword.internal.WebUIKeywordMain.runKeyword(WebUIKeywordMain.groovy:20)
	at com.kms.katalon.core.webui.keyword.internal.WebUIKeywordMain$runKeyword.call(Unknown Source)
	at com.kms.katalon.core.webui.keyword.builtin.VerifyElementNotPresentKeyword.verifyElementNotPresent(VerifyElementNotPresentKeyword.groovy:117)
	at com.kms.katalon.core.webui.keyword.builtin.VerifyElementNotPresentKeyword.execute(VerifyElementNotPresentKeyword.groovy:68)
	at com.kms.katalon.core.keyword.internal.KeywordExecutor.executeKeywordForPlatform(KeywordExecutor.groovy:74)
	at com.kms.katalon.core.webui.keyword.WebUiBuiltInKeywords.verifyElementNotPresent(WebUiBuiltInKeywords.groovy:1481)
	at com.kms.katalon.core.webui.keyword.WebUiBuiltInKeywords$verifyElementNotPresent$8.call(Unknown Source)
	at GetBrokSumPriceDaily.run(GetBrokSumPriceDaily:309)
	at com.kms.katalon.core.main.ScriptEngine.run(ScriptEngine.java:194)
	at com.kms.katalon.core.main.ScriptEngine.runScriptAsRawText(ScriptEngine.java:119)
	at com.kms.katalon.core.main.TestCaseExecutor.runScript(TestCaseExecutor.java:445)
	at com.kms.katalon.core.main.TestCaseExecutor.doExecute(TestCaseExecutor.java:436)
	at com.kms.katalon.core.main.TestCaseExecutor.processExecutionPhase(TestCaseExecutor.java:415)
	at com.kms.katalon.core.main.TestCaseExecutor.accessMainPhase(TestCaseExecutor.java:407)
	at com.kms.katalon.core.main.TestCaseExecutor.execute(TestCaseExecutor.java:284)
	at com.kms.katalon.core.common.CommonExecutor.accessTestCaseMainPhase(CommonExecutor.java:65)
	at com.kms.katalon.core.main.TestSuiteExecutor.accessTestSuiteMainPhase(TestSuiteExecutor.java:144)
	at com.kms.katalon.core.main.TestSuiteExecutor.execute(TestSuiteExecutor.java:106)
	at com.kms.katalon.core.main.TestCaseMain.startTestSuite(TestCaseMain.java:185)
	at com.kms.katalon.core.main.TestCaseMain$startTestSuite$0.call(Unknown Source)
	at TempTestSuite1705920083951.run(TempTestSuite1705920083951.groovy:36)
)

2024-01-22 17:53:57 - [MESSAGE][WARNING] - Web element with id: 'Object Repository/Stockbit/Bandarmology_Seller2' located by 'By.xpath: //*[contains(@id, 'rc-tabs-')]/div[2]/div/div/div/div/div/div[2]/table/tbody/tr[3]/td[5]/p' is present after '1' second(s) (Root cause: com.kms.katalon.core.exception.StepFailedException: Web element with id: 'Object Repository/Stockbit/Bandarmology_Seller2' located by 'By.xpath: //*[contains(@id, 'rc-tabs-')]/div[2]/div/div/div/div/div/div[2]/table/tbody/tr[3]/td[5]/p' is present after '1' second(s)
	at com.kms.katalon.core.webui.keyword.internal.WebUIKeywordMain.stepFailed(WebUIKeywordMain.groovy:64)
	at com.kms.katalon.core.webui.keyword.internal.WebUIKeywordMain$stepFailed$0.call(Unknown Source)
	at com.kms.katalon.core.webui.keyword.builtin.VerifyElementNotPresentKeyword$_verifyElementNotPresent_closure1.doCall(VerifyElementNotPresentKeyword.groovy:106)
	at com.kms.katalon.core.webui.keyword.builtin.VerifyElementNotPresentKeyword$_verifyElementNotPresent_closure1.doCall(VerifyElementNotPresentKeyword.groovy)
	at com.kms.katalon.core.webui.keyword.internal.WebUIKeywordMain.runKeyword(WebUIKeywordMain.groovy:20)
	at com.kms.katalon.core.webui.keyword.internal.WebUIKeywordMain$runKeyword.call(Unknown Source)
	at com.kms.katalon.core.webui.keyword.builtin.VerifyElementNotPresentKeyword.verifyElementNotPresent(VerifyElementNotPresentKeyword.groovy:117)
	at com.kms.katalon.core.webui.keyword.builtin.VerifyElementNotPresentKeyword.execute(VerifyElementNotPresentKeyword.groovy:68)
	at com.kms.katalon.core.keyword.internal.KeywordExecutor.executeKeywordForPlatform(KeywordExecutor.groovy:74)
	at com.kms.katalon.core.webui.keyword.WebUiBuiltInKeywords.verifyElementNotPresent(WebUiBuiltInKeywords.groovy:1481)
	at com.kms.katalon.core.webui.keyword.WebUiBuiltInKeywords$verifyElementNotPresent$8.call(Unknown Source)
	at GetBrokSumPriceDaily.run(GetBrokSumPriceDaily:309)
	at com.kms.katalon.core.main.ScriptEngine.run(ScriptEngine.java:194)
	at com.kms.katalon.core.main.ScriptEngine.runScriptAsRawText(ScriptEngine.java:119)
	at com.kms.katalon.core.main.TestCaseExecutor.runScript(TestCaseExecutor.java:445)
	at com.kms.katalon.core.main.TestCaseExecutor.doExecute(TestCaseExecutor.java:436)
	at com.kms.katalon.core.main.TestCaseExecutor.processExecutionPhase(TestCaseExecutor.java:415)
	at com.kms.katalon.core.main.TestCaseExecutor.accessMainPhase(TestCaseExecutor.java:407)
	at com.kms.katalon.core.main.TestCaseExecutor.execute(TestCaseExecutor.java:284)
	at com.kms.katalon.core.common.CommonExecutor.accessTestCaseMainPhase(CommonExecutor.java:65)
	at com.kms.katalon.core.main.TestSuiteExecutor.accessTestSuiteMainPhase(TestSuiteExecutor.java:144)
	at com.kms.katalon.core.main.TestSuiteExecutor.execute(TestSuiteExecutor.java:106)
	at com.kms.katalon.core.main.TestCaseMain.startTestSuite(TestCaseMain.java:185)
	at com.kms.katalon.core.main.TestCaseMain$startTestSuite$0.call(Unknown Source)
	at TempTestSuite1705920083951.run(TempTestSuite1705920083951.groovy:36)
)
[[ATTACHMENT|C:\\Users\\Fadli\\git\\KatalonDailyGetData2\\Reports\\20240122_174123\\TS1\\20240122_174123\\1705920837780.png]]

2024-01-22 17:53:57 - [TEST_STEP][PASSED] - else: null

2024-01-22 17:53:57 - [TEST_STEP][PASSED] - strSeller2 = getText(findTestObject("Stockbit/Bandarmology_Seller2")): Text of object 'Object Repository/Stockbit/Bandarmology_Seller2' is: 'KK'

2024-01-22 17:53:58 - [MESSAGE][PASSED] - Text of object 'Object Repository/Stockbit/Bandarmology_Seller2' is: 'KK'

2024-01-22 17:53:58 - [TEST_STEP][PASSED] - strSellerVol2 = getText(findTestObject("Stockbit/Bandarmology_SellerVol2")): Text of object 'Object Repository/Stockbit/Bandarmology_SellerVol2' is: '5.3 K'

2024-01-22 17:53:58 - [MESSAGE][PASSED] - Text of object 'Object Repository/Stockbit/Bandarmology_SellerVol2' is: '5.3 K'

2024-01-22 17:53:58 - [TEST_STEP][PASSED] - strSellerAvg2 = getText(findTestObject("Stockbit/Bandarmology_SellerAvg2")): Text of object 'Object Repository/Stockbit/Bandarmology_SellerAvg2' is: '50'

2024-01-22 17:53:58 - [MESSAGE][PASSED] - Text of object 'Object Repository/Stockbit/Bandarmology_SellerAvg2' is: '50'

2024-01-22 17:53:58 - [TEST_STEP][PASSED] - if (strSeller2 != ""): null

2024-01-22 17:53:58 - [TEST_STEP][PASSED] - if (strSellerAvg2.contains(",")): null

2024-01-22 17:53:58 - [TEST_STEP][PASSED] - if (strSellerVol2.contains(" B")): null

2024-01-22 17:53:58 - [TEST_STEP][PASSED] - else if (strSellerVol2.contains(" M")): null

2024-01-22 17:53:58 - [TEST_STEP][PASSED] - else if (strSellerVol2.contains(" K")): null

2024-01-22 17:53:58 - [TEST_STEP][PASSED] - strSellerVol2 = strSellerVol2.replace(" K", ""): null

2024-01-22 17:53:58 - [TEST_STEP][PASSED] - strSellerVol2 = strSellerVol2.toDouble() * 1000: null

2024-01-22 17:53:58 - [TEST_STEP][PASSED] - if (verifyElementNotPresent(findTestObject("Stockbit/Bandarmology_Buyer3"), 1, OPTIONAL)): Web element with id: 'Object Repository/Stockbit/Bandarmology_Buyer3' located by 'By.xpath: //*[contains(@id, 'rc-tabs-')]/div[2]/div/div/div/div/div/div[2]/table/tbody/tr[4]/td[1]/p' is present after '1' second(s) (Root cause: com.kms.katalon.core.exception.StepFailedException: Web element with id: 'Object Repository/Stockbit/Bandarmology_Buyer3' located by 'By.xpath: //*[contains(@id, 'rc-tabs-')]/div[2]/div/div/div/div/div/div[2]/table/tbody/tr[4]/td[1]/p' is present after '1' second(s)
	at com.kms.katalon.core.webui.keyword.internal.WebUIKeywordMain.stepFailed(WebUIKeywordMain.groovy:64)
	at com.kms.katalon.core.webui.keyword.internal.WebUIKeywordMain$stepFailed$0.call(Unknown Source)
	at com.kms.katalon.core.webui.keyword.builtin.VerifyElementNotPresentKeyword$_verifyElementNotPresent_closure1.doCall(VerifyElementNotPresentKeyword.groovy:106)
	at com.kms.katalon.core.webui.keyword.builtin.VerifyElementNotPresentKeyword$_verifyElementNotPresent_closure1.doCall(VerifyElementNotPresentKeyword.groovy)
	at com.kms.katalon.core.webui.keyword.internal.WebUIKeywordMain.runKeyword(WebUIKeywordMain.groovy:20)
	at com.kms.katalon.core.webui.keyword.internal.WebUIKeywordMain$runKeyword.call(Unknown Source)
	at com.kms.katalon.core.webui.keyword.builtin.VerifyElementNotPresentKeyword.verifyElementNotPresent(VerifyElementNotPresentKeyword.groovy:117)
	at com.kms.katalon.core.webui.keyword.builtin.VerifyElementNotPresentKeyword.execute(VerifyElementNotPresentKeyword.groovy:68)
	at com.kms.katalon.core.keyword.internal.KeywordExecutor.executeKeywordForPlatform(KeywordExecutor.groovy:74)
	at com.kms.katalon.core.webui.keyword.WebUiBuiltInKeywords.verifyElementNotPresent(WebUiBuiltInKeywords.groovy:1481)
	at com.kms.katalon.core.webui.keyword.WebUiBuiltInKeywords$verifyElementNotPresent$8.call(Unknown Source)
	at GetBrokSumPriceDaily.run(GetBrokSumPriceDaily:361)
	at com.kms.katalon.core.main.ScriptEngine.run(ScriptEngine.java:194)
	at com.kms.katalon.core.main.ScriptEngine.runScriptAsRawText(ScriptEngine.java:119)
	at com.kms.katalon.core.main.TestCaseExecutor.runScript(TestCaseExecutor.java:445)
	at com.kms.katalon.core.main.TestCaseExecutor.doExecute(TestCaseExecutor.java:436)
	at com.kms.katalon.core.main.TestCaseExecutor.processExecutionPhase(TestCaseExecutor.java:415)
	at com.kms.katalon.core.main.TestCaseExecutor.accessMainPhase(TestCaseExecutor.java:407)
	at com.kms.katalon.core.main.TestCaseExecutor.execute(TestCaseExecutor.java:284)
	at com.kms.katalon.core.common.CommonExecutor.accessTestCaseMainPhase(CommonExecutor.java:65)
	at com.kms.katalon.core.main.TestSuiteExecutor.accessTestSuiteMainPhase(TestSuiteExecutor.java:144)
	at com.kms.katalon.core.main.TestSuiteExecutor.execute(TestSuiteExecutor.java:106)
	at com.kms.katalon.core.main.TestCaseMain.startTestSuite(TestCaseMain.java:185)
	at com.kms.katalon.core.main.TestCaseMain$startTestSuite$0.call(Unknown Source)
	at TempTestSuite1705920083951.run(TempTestSuite1705920083951.groovy:36)
)

2024-01-22 17:53:59 - [MESSAGE][WARNING] - Web element with id: 'Object Repository/Stockbit/Bandarmology_Buyer3' located by 'By.xpath: //*[contains(@id, 'rc-tabs-')]/div[2]/div/div/div/div/div/div[2]/table/tbody/tr[4]/td[1]/p' is present after '1' second(s) (Root cause: com.kms.katalon.core.exception.StepFailedException: Web element with id: 'Object Repository/Stockbit/Bandarmology_Buyer3' located by 'By.xpath: //*[contains(@id, 'rc-tabs-')]/div[2]/div/div/div/div/div/div[2]/table/tbody/tr[4]/td[1]/p' is present after '1' second(s)
	at com.kms.katalon.core.webui.keyword.internal.WebUIKeywordMain.stepFailed(WebUIKeywordMain.groovy:64)
	at com.kms.katalon.core.webui.keyword.internal.WebUIKeywordMain$stepFailed$0.call(Unknown Source)
	at com.kms.katalon.core.webui.keyword.builtin.VerifyElementNotPresentKeyword$_verifyElementNotPresent_closure1.doCall(VerifyElementNotPresentKeyword.groovy:106)
	at com.kms.katalon.core.webui.keyword.builtin.VerifyElementNotPresentKeyword$_verifyElementNotPresent_closure1.doCall(VerifyElementNotPresentKeyword.groovy)
	at com.kms.katalon.core.webui.keyword.internal.WebUIKeywordMain.runKeyword(WebUIKeywordMain.groovy:20)
	at com.kms.katalon.core.webui.keyword.internal.WebUIKeywordMain$runKeyword.call(Unknown Source)
	at com.kms.katalon.core.webui.keyword.builtin.VerifyElementNotPresentKeyword.verifyElementNotPresent(VerifyElementNotPresentKeyword.groovy:117)
	at com.kms.katalon.core.webui.keyword.builtin.VerifyElementNotPresentKeyword.execute(VerifyElementNotPresentKeyword.groovy:68)
	at com.kms.katalon.core.keyword.internal.KeywordExecutor.executeKeywordForPlatform(KeywordExecutor.groovy:74)
	at com.kms.katalon.core.webui.keyword.WebUiBuiltInKeywords.verifyElementNotPresent(WebUiBuiltInKeywords.groovy:1481)
	at com.kms.katalon.core.webui.keyword.WebUiBuiltInKeywords$verifyElementNotPresent$8.call(Unknown Source)
	at GetBrokSumPriceDaily.run(GetBrokSumPriceDaily:361)
	at com.kms.katalon.core.main.ScriptEngine.run(ScriptEngine.java:194)
	at com.kms.katalon.core.main.ScriptEngine.runScriptAsRawText(ScriptEngine.java:119)
	at com.kms.katalon.core.main.TestCaseExecutor.runScript(TestCaseExecutor.java:445)
	at com.kms.katalon.core.main.TestCaseExecutor.doExecute(TestCaseExecutor.java:436)
	at com.kms.katalon.core.main.TestCaseExecutor.processExecutionPhase(TestCaseExecutor.java:415)
	at com.kms.katalon.core.main.TestCaseExecutor.accessMainPhase(TestCaseExecutor.java:407)
	at com.kms.katalon.core.main.TestCaseExecutor.execute(TestCaseExecutor.java:284)
	at com.kms.katalon.core.common.CommonExecutor.accessTestCaseMainPhase(CommonExecutor.java:65)
	at com.kms.katalon.core.main.TestSuiteExecutor.accessTestSuiteMainPhase(TestSuiteExecutor.java:144)
	at com.kms.katalon.core.main.TestSuiteExecutor.execute(TestSuiteExecutor.java:106)
	at com.kms.katalon.core.main.TestCaseMain.startTestSuite(TestCaseMain.java:185)
	at com.kms.katalon.core.main.TestCaseMain$startTestSuite$0.call(Unknown Source)
	at TempTestSuite1705920083951.run(TempTestSuite1705920083951.groovy:36)
)
[[ATTACHMENT|C:\\Users\\Fadli\\git\\KatalonDailyGetData2\\Reports\\20240122_174123\\TS1\\20240122_174123\\1705920839473.png]]

2024-01-22 17:53:59 - [TEST_STEP][PASSED] - else: null

2024-01-22 17:53:59 - [TEST_STEP][PASSED] - strBuyer3 = getText(findTestObject("Stockbit/Bandarmology_Buyer3")): Text of object 'Object Repository/Stockbit/Bandarmology_Buyer3' is: 'DH'

2024-01-22 17:53:59 - [MESSAGE][PASSED] - Text of object 'Object Repository/Stockbit/Bandarmology_Buyer3' is: 'DH'

2024-01-22 17:53:59 - [TEST_STEP][PASSED] - strBuyerVol3 = getText(findTestObject("Stockbit/Bandarmology_BuyerVol3")): Text of object 'Object Repository/Stockbit/Bandarmology_BuyerVol3' is: '2.5 K'

2024-01-22 17:53:59 - [MESSAGE][PASSED] - Text of object 'Object Repository/Stockbit/Bandarmology_BuyerVol3' is: '2.5 K'

2024-01-22 17:53:59 - [TEST_STEP][PASSED] - strBuyerAvg3 = getText(findTestObject("Stockbit/Bandarmology_BuyerAvg3")): Text of object 'Object Repository/Stockbit/Bandarmology_BuyerAvg3' is: '50'

2024-01-22 17:53:59 - [MESSAGE][PASSED] - Text of object 'Object Repository/Stockbit/Bandarmology_BuyerAvg3' is: '50'

2024-01-22 17:53:59 - [TEST_STEP][PASSED] - if (strBuyer3 != ""): null

2024-01-22 17:53:59 - [TEST_STEP][PASSED] - if (strBuyerAvg3.contains(",")): null

2024-01-22 17:53:59 - [TEST_STEP][PASSED] - if (strBuyerVol3.contains(" B")): null

2024-01-22 17:53:59 - [TEST_STEP][PASSED] - else if (strBuyerVol3.contains(" M")): null

2024-01-22 17:53:59 - [TEST_STEP][PASSED] - else if (strBuyerVol3.contains(" K")): null

2024-01-22 17:53:59 - [TEST_STEP][PASSED] - strBuyerVol3 = strBuyerVol3.replace(" K", ""): null

2024-01-22 17:53:59 - [TEST_STEP][PASSED] - strBuyerVol3 = strBuyerVol3.toDouble() * 1000: null

2024-01-22 17:53:59 - [TEST_STEP][PASSED] - if (verifyElementNotPresent(findTestObject("Stockbit/Bandarmology_Seller3"), 1, OPTIONAL)): Web element with id: 'Object Repository/Stockbit/Bandarmology_Seller3' located by 'By.xpath: //*[contains(@id, 'rc-tabs-')]/div[2]/div/div/div/div/div/div[2]/table/tbody/tr[4]/td[5]/p' is present after '1' second(s) (Root cause: com.kms.katalon.core.exception.StepFailedException: Web element with id: 'Object Repository/Stockbit/Bandarmology_Seller3' located by 'By.xpath: //*[contains(@id, 'rc-tabs-')]/div[2]/div/div/div/div/div/div[2]/table/tbody/tr[4]/td[5]/p' is present after '1' second(s)
	at com.kms.katalon.core.webui.keyword.internal.WebUIKeywordMain.stepFailed(WebUIKeywordMain.groovy:64)
	at com.kms.katalon.core.webui.keyword.internal.WebUIKeywordMain$stepFailed$0.call(Unknown Source)
	at com.kms.katalon.core.webui.keyword.builtin.VerifyElementNotPresentKeyword$_verifyElementNotPresent_closure1.doCall(VerifyElementNotPresentKeyword.groovy:106)
	at com.kms.katalon.core.webui.keyword.builtin.VerifyElementNotPresentKeyword$_verifyElementNotPresent_closure1.doCall(VerifyElementNotPresentKeyword.groovy)
	at com.kms.katalon.core.webui.keyword.internal.WebUIKeywordMain.runKeyword(WebUIKeywordMain.groovy:20)
	at com.kms.katalon.core.webui.keyword.internal.WebUIKeywordMain$runKeyword.call(Unknown Source)
	at com.kms.katalon.core.webui.keyword.builtin.VerifyElementNotPresentKeyword.verifyElementNotPresent(VerifyElementNotPresentKeyword.groovy:117)
	at com.kms.katalon.core.webui.keyword.builtin.VerifyElementNotPresentKeyword.execute(VerifyElementNotPresentKeyword.groovy:68)
	at com.kms.katalon.core.keyword.internal.KeywordExecutor.executeKeywordForPlatform(KeywordExecutor.groovy:74)
	at com.kms.katalon.core.webui.keyword.WebUiBuiltInKeywords.verifyElementNotPresent(WebUiBuiltInKeywords.groovy:1481)
	at com.kms.katalon.core.webui.keyword.WebUiBuiltInKeywords$verifyElementNotPresent$8.call(Unknown Source)
	at GetBrokSumPriceDaily.run(GetBrokSumPriceDaily:414)
	at com.kms.katalon.core.main.ScriptEngine.run(ScriptEngine.java:194)
	at com.kms.katalon.core.main.ScriptEngine.runScriptAsRawText(ScriptEngine.java:119)
	at com.kms.katalon.core.main.TestCaseExecutor.runScript(TestCaseExecutor.java:445)
	at com.kms.katalon.core.main.TestCaseExecutor.doExecute(TestCaseExecutor.java:436)
	at com.kms.katalon.core.main.TestCaseExecutor.processExecutionPhase(TestCaseExecutor.java:415)
	at com.kms.katalon.core.main.TestCaseExecutor.accessMainPhase(TestCaseExecutor.java:407)
	at com.kms.katalon.core.main.TestCaseExecutor.execute(TestCaseExecutor.java:284)
	at com.kms.katalon.core.common.CommonExecutor.accessTestCaseMainPhase(CommonExecutor.java:65)
	at com.kms.katalon.core.main.TestSuiteExecutor.accessTestSuiteMainPhase(TestSuiteExecutor.java:144)
	at com.kms.katalon.core.main.TestSuiteExecutor.execute(TestSuiteExecutor.java:106)
	at com.kms.katalon.core.main.TestCaseMain.startTestSuite(TestCaseMain.java:185)
	at com.kms.katalon.core.main.TestCaseMain$startTestSuite$0.call(Unknown Source)
	at TempTestSuite1705920083951.run(TempTestSuite1705920083951.groovy:36)
)

2024-01-22 17:54:01 - [MESSAGE][WARNING] - Web element with id: 'Object Repository/Stockbit/Bandarmology_Seller3' located by 'By.xpath: //*[contains(@id, 'rc-tabs-')]/div[2]/div/div/div/div/div/div[2]/table/tbody/tr[4]/td[5]/p' is present after '1' second(s) (Root cause: com.kms.katalon.core.exception.StepFailedException: Web element with id: 'Object Repository/Stockbit/Bandarmology_Seller3' located by 'By.xpath: //*[contains(@id, 'rc-tabs-')]/div[2]/div/div/div/div/div/div[2]/table/tbody/tr[4]/td[5]/p' is present after '1' second(s)
	at com.kms.katalon.core.webui.keyword.internal.WebUIKeywordMain.stepFailed(WebUIKeywordMain.groovy:64)
	at com.kms.katalon.core.webui.keyword.internal.WebUIKeywordMain$stepFailed$0.call(Unknown Source)
	at com.kms.katalon.core.webui.keyword.builtin.VerifyElementNotPresentKeyword$_verifyElementNotPresent_closure1.doCall(VerifyElementNotPresentKeyword.groovy:106)
	at com.kms.katalon.core.webui.keyword.builtin.VerifyElementNotPresentKeyword$_verifyElementNotPresent_closure1.doCall(VerifyElementNotPresentKeyword.groovy)
	at com.kms.katalon.core.webui.keyword.internal.WebUIKeywordMain.runKeyword(WebUIKeywordMain.groovy:20)
	at com.kms.katalon.core.webui.keyword.internal.WebUIKeywordMain$runKeyword.call(Unknown Source)
	at com.kms.katalon.core.webui.keyword.builtin.VerifyElementNotPresentKeyword.verifyElementNotPresent(VerifyElementNotPresentKeyword.groovy:117)
	at com.kms.katalon.core.webui.keyword.builtin.VerifyElementNotPresentKeyword.execute(VerifyElementNotPresentKeyword.groovy:68)
	at com.kms.katalon.core.keyword.internal.KeywordExecutor.executeKeywordForPlatform(KeywordExecutor.groovy:74)
	at com.kms.katalon.core.webui.keyword.WebUiBuiltInKeywords.verifyElementNotPresent(WebUiBuiltInKeywords.groovy:1481)
	at com.kms.katalon.core.webui.keyword.WebUiBuiltInKeywords$verifyElementNotPresent$8.call(Unknown Source)
	at GetBrokSumPriceDaily.run(GetBrokSumPriceDaily:414)
	at com.kms.katalon.core.main.ScriptEngine.run(ScriptEngine.java:194)
	at com.kms.katalon.core.main.ScriptEngine.runScriptAsRawText(ScriptEngine.java:119)
	at com.kms.katalon.core.main.TestCaseExecutor.runScript(TestCaseExecutor.java:445)
	at com.kms.katalon.core.main.TestCaseExecutor.doExecute(TestCaseExecutor.java:436)
	at com.kms.katalon.core.main.TestCaseExecutor.processExecutionPhase(TestCaseExecutor.java:415)
	at com.kms.katalon.core.main.TestCaseExecutor.accessMainPhase(TestCaseExecutor.java:407)
	at com.kms.katalon.core.main.TestCaseExecutor.execute(TestCaseExecutor.java:284)
	at com.kms.katalon.core.common.CommonExecutor.accessTestCaseMainPhase(CommonExecutor.java:65)
	at com.kms.katalon.core.main.TestSuiteExecutor.accessTestSuiteMainPhase(TestSuiteExecutor.java:144)
	at com.kms.katalon.core.main.TestSuiteExecutor.execute(TestSuiteExecutor.java:106)
	at com.kms.katalon.core.main.TestCaseMain.startTestSuite(TestCaseMain.java:185)
	at com.kms.katalon.core.main.TestCaseMain$startTestSuite$0.call(Unknown Source)
	at TempTestSuite1705920083951.run(TempTestSuite1705920083951.groovy:36)
)
[[ATTACHMENT|C:\\Users\\Fadli\\git\\KatalonDailyGetData2\\Reports\\20240122_174123\\TS1\\20240122_174123\\1705920841186.png]]

2024-01-22 17:54:01 - [TEST_STEP][PASSED] - else: null

2024-01-22 17:54:01 - [TEST_STEP][PASSED] - strSeller3 = getText(findTestObject("Stockbit/Bandarmology_Seller3")): Text of object 'Object Repository/Stockbit/Bandarmology_Seller3' is: 'YP'

2024-01-22 17:54:01 - [MESSAGE][PASSED] - Text of object 'Object Repository/Stockbit/Bandarmology_Seller3' is: 'YP'

2024-01-22 17:54:01 - [TEST_STEP][PASSED] - strSellerVol3 = getText(findTestObject("Stockbit/Bandarmology_SellerVol3")): Text of object 'Object Repository/Stockbit/Bandarmology_SellerVol3' is: '4.6 K'

2024-01-22 17:54:01 - [MESSAGE][PASSED] - Text of object 'Object Repository/Stockbit/Bandarmology_SellerVol3' is: '4.6 K'

2024-01-22 17:54:01 - [TEST_STEP][PASSED] - strSellerAvg3 = getText(findTestObject("Stockbit/Bandarmology_SellerAvg3")): Text of object 'Object Repository/Stockbit/Bandarmology_SellerAvg3' is: '50'

2024-01-22 17:54:01 - [MESSAGE][PASSED] - Text of object 'Object Repository/Stockbit/Bandarmology_SellerAvg3' is: '50'

2024-01-22 17:54:01 - [TEST_STEP][PASSED] - if (strSeller3 != ""): null

2024-01-22 17:54:01 - [TEST_STEP][PASSED] - if (strSellerAvg3.contains(",")): null

2024-01-22 17:54:01 - [TEST_STEP][PASSED] - if (strSellerVol3.contains(" B")): null

2024-01-22 17:54:01 - [TEST_STEP][PASSED] - else if (strSellerVol3.contains(" M")): null

2024-01-22 17:54:01 - [TEST_STEP][PASSED] - else if (strSellerVol3.contains(" K")): null

2024-01-22 17:54:01 - [TEST_STEP][PASSED] - strSellerVol3 = strSellerVol3.replace(" K", ""): null

2024-01-22 17:54:01 - [TEST_STEP][PASSED] - strSellerVol3 = strSellerVol3.toDouble() * 1000: null

2024-01-22 17:54:01 - [TEST_STEP][PASSED] - strAccDist = getText(findTestObject("Stockbit/Bandarmology_AccDist")): Text of object 'Object Repository/Stockbit/Bandarmology_AccDist' is: 'Dist'

2024-01-22 17:54:01 - [MESSAGE][PASSED] - Text of object 'Object Repository/Stockbit/Bandarmology_AccDist' is: 'Dist'

2024-01-22 17:54:01 - [TEST_STEP][PASSED] - strNetVol = getText(findTestObject("Stockbit/Bandarmology_NetVol")): Text of object 'Object Repository/Stockbit/Bandarmology_NetVol' is: '19,228'

2024-01-22 17:54:01 - [MESSAGE][PASSED] - Text of object 'Object Repository/Stockbit/Bandarmology_NetVol' is: '19,228'

2024-01-22 17:54:01 - [TEST_STEP][PASSED] - strNetVol = strNetVol.replace(",", ""): null

2024-01-22 17:54:01 - [TEST_STEP][PASSED] - strNetVal = getText(findTestObject("Stockbit/Bandarmology_NetVal")): Text of object 'Object Repository/Stockbit/Bandarmology_NetVal' is: '0.1 B'

2024-01-22 17:54:02 - [MESSAGE][PASSED] - Text of object 'Object Repository/Stockbit/Bandarmology_NetVal' is: '0.1 B'

2024-01-22 17:54:02 - [TEST_STEP][PASSED] - delay(3): Delayed 3 second(s)

2024-01-22 17:54:05 - [MESSAGE][PASSED] - Delayed 3 second(s)

2024-01-22 17:54:05 - [TEST_STEP][PASSED] - strOpenPrice = getText(findTestObject("Stockbit/Home_OpenPrice")): Text of object 'Object Repository/Stockbit/Home_OpenPrice' is: '50'

2024-01-22 17:54:05 - [MESSAGE][PASSED] - Text of object 'Object Repository/Stockbit/Home_OpenPrice' is: '50'

2024-01-22 17:54:05 - [TEST_STEP][PASSED] - strOpenPrice = strOpenPrice.replace(",", ""): null

2024-01-22 17:54:05 - [TEST_STEP][PASSED] - strLowPrice = getText(findTestObject("Stockbit/Home_LowPrice")): Text of object 'Object Repository/Stockbit/Home_LowPrice' is: '50'

2024-01-22 17:54:05 - [MESSAGE][PASSED] - Text of object 'Object Repository/Stockbit/Home_LowPrice' is: '50'

2024-01-22 17:54:05 - [TEST_STEP][PASSED] - strLowPrice = strLowPrice.replace(",", ""): null

2024-01-22 17:54:05 - [TEST_STEP][PASSED] - strHighPrice = getText(findTestObject("Stockbit/Home_HighPrice")): Text of object 'Object Repository/Stockbit/Home_HighPrice' is: '51'

2024-01-22 17:54:05 - [MESSAGE][PASSED] - Text of object 'Object Repository/Stockbit/Home_HighPrice' is: '51'

2024-01-22 17:54:05 - [TEST_STEP][PASSED] - strHighPrice = strHighPrice.replace(",", ""): null

2024-01-22 17:54:05 - [TEST_STEP][PASSED] - strClosePrice = getText(findTestObject("Stockbit/Home_ClosePrice")): Text of object 'Object Repository/Stockbit/Home_ClosePrice' is: '50'

2024-01-22 17:54:05 - [MESSAGE][PASSED] - Text of object 'Object Repository/Stockbit/Home_ClosePrice' is: '50'

2024-01-22 17:54:05 - [TEST_STEP][PASSED] - strClosePrice = strClosePrice.replace(",", ""): null

2024-01-22 17:54:05 - [TEST_STEP][PASSED] - strVol = getText(findTestObject("Stockbit/Home_Volume")): Text of object 'Object Repository/Stockbit/Home_Volume' is: '24 K'

2024-01-22 17:54:05 - [MESSAGE][PASSED] - Text of object 'Object Repository/Stockbit/Home_Volume' is: '24 K'

2024-01-22 17:54:05 - [TEST_STEP][PASSED] - if (strVol.contains(" K")): null

2024-01-22 17:54:05 - [TEST_STEP][PASSED] - strVol = strVol.replace(" K", "000"): null

2024-01-22 17:54:05 - [TEST_STEP][PASSED] - if (strVol.contains(",")): null

2024-01-22 17:54:05 - [TEST_STEP][PASSED] - strChange = getText(findTestObject("Stockbit/Home_Change")): Text of object 'Object Repository/Stockbit/Home_Change' is: '0.00%'

2024-01-22 17:54:05 - [MESSAGE][PASSED] - Text of object 'Object Repository/Stockbit/Home_Change' is: '0.00%'

2024-01-22 17:54:05 - [TEST_STEP][PASSED] - strChange = strChange.replace("%", ""): null

2024-01-22 17:54:05 - [TEST_STEP][PASSED] - strFreq = getText(findTestObject("Stockbit/Home_Freq")): Text of object 'Object Repository/Stockbit/Home_Freq' is: '198'

2024-01-22 17:54:05 - [MESSAGE][PASSED] - Text of object 'Object Repository/Stockbit/Home_Freq' is: '198'

2024-01-22 17:54:05 - [TEST_STEP][PASSED] - if (strFreq.contains(",")): null

2024-01-22 17:54:05 - [TEST_STEP][PASSED] - if (strFreq == "NA" || strFreq == ""): null

2024-01-22 17:54:05 - [TEST_STEP][PASSED] - else: null

2024-01-22 17:54:05 - [TEST_STEP][PASSED] - dblFreqAnal = strVol.toDouble() / strFreq.toDouble() * strFreq.toDouble() * strFreq.toDouble() * 100000000: null

2024-01-22 17:54:05 - [TEST_STEP][PASSED] - strFreqAnal = String.format("%.4f", dblFreqAnal): null

2024-01-22 17:54:05 - [TEST_STEP][PASSED] - out.println("Double strFreqAnal: " + strFreqAnal): null

2024-01-22 17:54:05 - [TEST_STEP][PASSED] - strTanggal = d.format(DateTimeFormatter.ofPattern("yyyy-MM-dd")): null

2024-01-22 17:54:05 - [TEST_STEP][PASSED] - strTanggal = "#" + strTanggal + "#": null

2024-01-22 17:54:05 - [TEST_STEP][PASSED] - strSQL = "select count(*) as JumBaris from TblBrokSum where Nama = '" + strNama + "' and Tanggal = " + strTanggal + "": null

2024-01-22 17:54:05 - [TEST_STEP][PASSED] - resultSet = statement.executeQuery(strSQL): null

2024-01-22 17:54:05 - [TEST_STEP][PASSED] - resultSet.next(): null

2024-01-22 17:54:05 - [TEST_STEP][PASSED] - intJumBaris = resultSet.getInt("JumBaris"): null

2024-01-22 17:54:05 - [TEST_STEP][PASSED] - if (intJumBaris > 0): null

2024-01-22 17:54:05 - [TEST_STEP][PASSED] - else: null

2024-01-22 17:54:05 - [TEST_STEP][PASSED] - try: null

2024-01-22 17:54:05 - [TEST_STEP][PASSED] - out.println("Insert data"): null

2024-01-22 17:54:05 - [TEST_STEP][PASSED] - strSQL = "insert into TblBrokSum (nama, tanggal, top1, top2, top3, AllBrokAvg, AccDist, AvgRP, " + "Buyer1, BuyerVal1, BuyerAvg1, Seller1, SellerVal1, SellerAvg1, Buyer2, BuyerVal2, BuyerAvg2, " + "Seller2, SellerVal2, SellerAvg2, Buyer3, BuyerVal3, BuyerAvg3, Seller3, SellerVal3, SellerAvg3, NetVol, NetVal, " + "OpenPrice, LowPrice, HighPrice, ClosePrice, Volume, Change, Frekuensi, FrekAnal) " + "values ('" + strNama + "', " + strTanggal + ", '" + strTop1 + "', '" + strTop3 + "', '" + strTop5 + "', " + "'" + strAllBrokAvg + "', '" + strAccDist + "', " + intAvgRP + ", '" + strBuyer1 + "', '" + strBuyerVol1 + "', " + strBuyerAvg1 + ", " + "'" + strSeller1 + "', '" + strSellerVol1 + "', " + strSellerAvg1 + ", '" + strBuyer2 + "', '" + strBuyerVol2 + "', " + strBuyerAvg2 + ", " + "'" + strSeller2 + "', '" + strSellerVol2 + "', " + strSellerAvg2 + ", '" + strBuyer3 + "', '" + strBuyerVol3 + "', " + strBuyerAvg3 + ", " + "'" + strSeller3 + "', '" + strSellerVol3 + "', " + strSellerAvg3 + ", " + strNetVol + ", '" + strNetVal + "', " + "" + strOpenPrice + ", " + strLowPrice + ", " + strHighPrice + ", " + strClosePrice + ", '" + strVol + "', " + strChange + ", " + strFreq + ", " + strFreqAnal + ");": null

2024-01-22 17:54:05 - [TEST_STEP][PASSED] - out.println("strSQL = " + strSQL): null

2024-01-22 17:54:05 - [TEST_STEP][PASSED] - statement.executeUpdate(strSQL): null

2024-01-22 17:54:05 - [TEST_STEP][PASSED] - setValueToCellByIndex(sheet01, rowIndex, 4, "DONE"): null

2024-01-22 17:54:05 - [TEST_STEP][PASSED] - saveWorkbook(excelFilePath, workbook01): null

2024-01-22 17:54:06 - [TEST_STEP][PASSED] - waitForElementClickable(findTestObject("Stockbit/menu_Bandarmology"), 10): Object 'Object Repository/Stockbit/menu_Bandarmology' is clickable

2024-01-22 17:54:06 - [MESSAGE][PASSED] - Object 'Object Repository/Stockbit/menu_Bandarmology' is clickable

2024-01-22 17:54:06 - [TEST_STEP][PASSED] - click(findTestObject("Stockbit/menu_Bandarmology")): Object: 'Object Repository/Stockbit/menu_Bandarmology' is clicked on

2024-01-22 17:54:06 - [MESSAGE][PASSED] - Object: 'Object Repository/Stockbit/menu_Bandarmology' is clicked on

2024-01-22 17:54:06 - [TEST_STEP][PASSED] - strTemp = "NA": null

2024-01-22 17:54:06 - [TEST_STEP][PASSED] - if (getCellValueByIndex(sheet01, rowIndex, 4) != "DONE"): Object: 'Object Repository/Stockbit/menu_Bandarmology' is clicked on

2024-01-22 17:54:06 - [TEST_STEP][PASSED] - strNama = getCellValueByIndex(sheet01, rowIndex, 0): null

2024-01-22 17:54:06 - [TEST_STEP][PASSED] - navigateToUrl("https://stockbit.com/#/symbol/" + strNama): Navigate to 'https://stockbit.com/#/symbol/CARS' successfully

2024-01-22 17:54:08 - [MESSAGE][PASSED] - Navigate to 'https://stockbit.com/#/symbol/CARS' successfully

2024-01-22 17:54:08 - [TEST_STEP][PASSED] - waitForElementClickable(findTestObject("Stockbit/menu_Bandarmology"), 10): Object 'Object Repository/Stockbit/menu_Bandarmology' is clickable

2024-01-22 17:54:08 - [MESSAGE][PASSED] - Object 'Object Repository/Stockbit/menu_Bandarmology' is clickable

2024-01-22 17:54:08 - [TEST_STEP][PASSED] - click(findTestObject("Stockbit/menu_Bandarmology")): Object: 'Object Repository/Stockbit/menu_Bandarmology' is clicked on

2024-01-22 17:54:09 - [MESSAGE][PASSED] - Object: 'Object Repository/Stockbit/menu_Bandarmology' is clicked on

2024-01-22 17:54:09 - [TEST_STEP][PASSED] - strTanggal = d.format(DateTimeFormatter.ofPattern("MMM dd, yyyy")): null

2024-01-22 17:54:09 - [TEST_STEP][PASSED] - strTanggal = d.format(ISO_DATE): null

2024-01-22 17:54:09 - [TEST_STEP][PASSED] - out.println("strTanggal = " + strTanggal): null

2024-01-22 17:54:09 - [TEST_STEP][PASSED] - out.println("strNama = " + strNama): null

2024-01-22 17:54:09 - [TEST_STEP][PASSED] - out.println("Baris ke = " + rowIndex): null

2024-01-22 17:54:09 - [TEST_STEP][PASSED] - click(findTestObject("Stockbit/input__BandarmologyOpenStartDate")): Object: 'Object Repository/Stockbit/input__BandarmologyOpenStartDate' is clicked on

2024-01-22 17:54:10 - [MESSAGE][PASSED] - Object: 'Object Repository/Stockbit/input__BandarmologyOpenStartDate' is clicked on

2024-01-22 17:54:10 - [TEST_STEP][PASSED] - sendKeys(findTestObject("Stockbit/input__BandarmologyOpenStartDate"), Keys.chord(CONTROL, "a")): Keys 'CONTROL + a' sent to object: 'Object Repository/Stockbit/input__BandarmologyOpenStartDate'

2024-01-22 17:54:11 - [MESSAGE][PASSED] - Keys 'CONTROL + a' sent to object: 'Object Repository/Stockbit/input__BandarmologyOpenStartDate'

2024-01-22 17:54:11 - [TEST_STEP][PASSED] - sendKeys(findTestObject("Stockbit/input__BandarmologyOpenStartDate"), Keys.chord(BACK_SPACE)): Keys 'BACK_SPACE + ' sent to object: 'Object Repository/Stockbit/input__BandarmologyOpenStartDate'

2024-01-22 17:54:11 - [MESSAGE][PASSED] - Keys 'BACK_SPACE + ' sent to object: 'Object Repository/Stockbit/input__BandarmologyOpenStartDate'

2024-01-22 17:54:11 - [TEST_STEP][PASSED] - setText(findTestObject("Stockbit/input__BandarmologyOpenStartDate"), strTanggal): Text '2024-01-22' is set on object 'Object Repository/Stockbit/input__BandarmologyOpenStartDate'

2024-01-22 17:54:12 - [MESSAGE][PASSED] - Text '2024-01-22' is set on object 'Object Repository/Stockbit/input__BandarmologyOpenStartDate'

2024-01-22 17:54:12 - [TEST_STEP][PASSED] - sendKeys(findTestObject("Stockbit/input__BandarmologyOpenStartDate"), Keys.chord(ENTER)): Keys 'ENTER + ' sent to object: 'Object Repository/Stockbit/input__BandarmologyOpenStartDate'

2024-01-22 17:54:12 - [MESSAGE][PASSED] - Keys 'ENTER + ' sent to object: 'Object Repository/Stockbit/input__BandarmologyOpenStartDate'

2024-01-22 17:54:12 - [TEST_STEP][PASSED] - click(findTestObject("Stockbit/input__BandarmologyOpenEndDate")): Object: 'Object Repository/Stockbit/input__BandarmologyOpenEndDate' is clicked on

2024-01-22 17:54:12 - [MESSAGE][PASSED] - Object: 'Object Repository/Stockbit/input__BandarmologyOpenEndDate' is clicked on

2024-01-22 17:54:13 - [TEST_STEP][PASSED] - sendKeys(findTestObject("Stockbit/input__BandarmologyOpenEndDate"), Keys.chord(CONTROL, "a")): Keys 'CONTROL + a' sent to object: 'Object Repository/Stockbit/input__BandarmologyOpenEndDate'

2024-01-22 17:54:13 - [MESSAGE][PASSED] - Keys 'CONTROL + a' sent to object: 'Object Repository/Stockbit/input__BandarmologyOpenEndDate'

2024-01-22 17:54:13 - [TEST_STEP][PASSED] - sendKeys(findTestObject("Stockbit/input__BandarmologyOpenEndDate"), Keys.chord(BACK_SPACE)): Keys 'BACK_SPACE + ' sent to object: 'Object Repository/Stockbit/input__BandarmologyOpenEndDate'

2024-01-22 17:54:13 - [MESSAGE][PASSED] - Keys 'BACK_SPACE + ' sent to object: 'Object Repository/Stockbit/input__BandarmologyOpenEndDate'

2024-01-22 17:54:13 - [TEST_STEP][PASSED] - setText(findTestObject("Stockbit/input__BandarmologyOpenEndDate"), strTanggal): Text '2024-01-22' is set on object 'Object Repository/Stockbit/input__BandarmologyOpenEndDate'

2024-01-22 17:54:14 - [MESSAGE][PASSED] - Text '2024-01-22' is set on object 'Object Repository/Stockbit/input__BandarmologyOpenEndDate'

2024-01-22 17:54:14 - [TEST_STEP][PASSED] - sendKeys(findTestObject("Stockbit/input__BandarmologyOpenEndDate"), Keys.chord(ENTER)): Keys 'ENTER + ' sent to object: 'Object Repository/Stockbit/input__BandarmologyOpenEndDate'

2024-01-22 17:54:14 - [MESSAGE][PASSED] - Keys 'ENTER + ' sent to object: 'Object Repository/Stockbit/input__BandarmologyOpenEndDate'

2024-01-22 17:54:14 - [TEST_STEP][PASSED] - delay(2): Delayed 2 second(s)

2024-01-22 17:54:16 - [MESSAGE][PASSED] - Delayed 2 second(s)

2024-01-22 17:54:16 - [TEST_STEP][PASSED] - strTemp = getText(findTestObject("Stockbit/Bandarmology_AvgRP")): Text of object 'Object Repository/Stockbit/Bandarmology_AvgRP' is: '97'

2024-01-22 17:54:17 - [MESSAGE][PASSED] - Text of object 'Object Repository/Stockbit/Bandarmology_AvgRP' is: '97'

2024-01-22 17:54:17 - [TEST_STEP][PASSED] - out.println("Bandarmology_AvgRP = " + strTemp): null

2024-01-22 17:54:17 - [TEST_STEP][PASSED] - if (strTemp != "0"): null

2024-01-22 17:54:17 - [TEST_STEP][PASSED] - strTop1 = getText(findTestObject("Stockbit/Bandarmology_Top1")): Text of object 'Object Repository/Stockbit/Bandarmology_Top1' is: 'Normal Acc'

2024-01-22 17:54:17 - [MESSAGE][PASSED] - Text of object 'Object Repository/Stockbit/Bandarmology_Top1' is: 'Normal Acc'

2024-01-22 17:54:17 - [TEST_STEP][PASSED] - strTop3 = getText(findTestObject("Stockbit/Bandarmology_Top3")): Text of object 'Object Repository/Stockbit/Bandarmology_Top3' is: 'Neutral'

2024-01-22 17:54:17 - [MESSAGE][PASSED] - Text of object 'Object Repository/Stockbit/Bandarmology_Top3' is: 'Neutral'

2024-01-22 17:54:17 - [TEST_STEP][PASSED] - strTop5 = getText(findTestObject("Stockbit/Bandarmology_Top5")): Text of object 'Object Repository/Stockbit/Bandarmology_Top5' is: 'Neutral'

2024-01-22 17:54:17 - [MESSAGE][PASSED] - Text of object 'Object Repository/Stockbit/Bandarmology_Top5' is: 'Neutral'

2024-01-22 17:54:17 - [TEST_STEP][PASSED] - strAllBrokAvg = getText(findTestObject("Stockbit/Bandarmology_TopAVG")): Text of object 'Object Repository/Stockbit/Bandarmology_TopAVG' is: 'Neutral'

2024-01-22 17:54:17 - [MESSAGE][PASSED] - Text of object 'Object Repository/Stockbit/Bandarmology_TopAVG' is: 'Neutral'

2024-01-22 17:54:17 - [TEST_STEP][PASSED] - strTemp = getText(findTestObject("Stockbit/Bandarmology_AvgRP")): Text of object 'Object Repository/Stockbit/Bandarmology_AvgRP' is: '97'

2024-01-22 17:54:17 - [MESSAGE][PASSED] - Text of object 'Object Repository/Stockbit/Bandarmology_AvgRP' is: '97'

2024-01-22 17:54:17 - [TEST_STEP][PASSED] - if (strTemp.contains(",")): null

2024-01-22 17:54:17 - [TEST_STEP][PASSED] - intAvgRP = strTemp.toInteger(): null

2024-01-22 17:54:17 - [TEST_STEP][PASSED] - strBuyer1 = getText(findTestObject("Stockbit/Bandarmology_Buyer1")): Text of object 'Object Repository/Stockbit/Bandarmology_Buyer1' is: 'LG'

2024-01-22 17:54:17 - [MESSAGE][PASSED] - Text of object 'Object Repository/Stockbit/Bandarmology_Buyer1' is: 'LG'

2024-01-22 17:54:17 - [TEST_STEP][PASSED] - strBuyerVol1 = getText(findTestObject("Stockbit/Bandarmology_BuyerVol1")): Text of object 'Object Repository/Stockbit/Bandarmology_BuyerVol1' is: '32.6 K'

2024-01-22 17:54:17 - [MESSAGE][PASSED] - Text of object 'Object Repository/Stockbit/Bandarmology_BuyerVol1' is: '32.6 K'

2024-01-22 17:54:17 - [TEST_STEP][PASSED] - strBuyerAvg1 = getText(findTestObject("Stockbit/Bandarmology_BuyerAvg1")): Text of object 'Object Repository/Stockbit/Bandarmology_BuyerAvg1' is: '97'

2024-01-22 17:54:17 - [MESSAGE][PASSED] - Text of object 'Object Repository/Stockbit/Bandarmology_BuyerAvg1' is: '97'

2024-01-22 17:54:17 - [TEST_STEP][PASSED] - if (strBuyerAvg1.contains(",")): null

2024-01-22 17:54:17 - [TEST_STEP][PASSED] - if (strBuyerVol1.contains(" B")): null

2024-01-22 17:54:17 - [TEST_STEP][PASSED] - else if (strBuyerVol1.contains(" M")): null

2024-01-22 17:54:17 - [TEST_STEP][PASSED] - else if (strBuyerVol1.contains(" K")): null

2024-01-22 17:54:17 - [TEST_STEP][PASSED] - strBuyerVol1 = strBuyerVol1.replace(" K", ""): null

2024-01-22 17:54:17 - [TEST_STEP][PASSED] - strBuyerVol1 = strBuyerVol1.toDouble() * 1000: null

2024-01-22 17:54:17 - [TEST_STEP][PASSED] - strSeller1 = getText(findTestObject("Stockbit/Bandarmology_Seller1")): Text of object 'Object Repository/Stockbit/Bandarmology_Seller1' is: 'YP'

2024-01-22 17:54:18 - [MESSAGE][PASSED] - Text of object 'Object Repository/Stockbit/Bandarmology_Seller1' is: 'YP'

2024-01-22 17:54:18 - [TEST_STEP][PASSED] - strSellerVol1 = getText(findTestObject("Stockbit/Bandarmology_SellerVol1")): Text of object 'Object Repository/Stockbit/Bandarmology_SellerVol1' is: '25.1 K'

2024-01-22 17:54:18 - [MESSAGE][PASSED] - Text of object 'Object Repository/Stockbit/Bandarmology_SellerVol1' is: '25.1 K'

2024-01-22 17:54:18 - [TEST_STEP][PASSED] - strSellerAvg1 = getText(findTestObject("Stockbit/Bandarmology_SellerAvg1")): Text of object 'Object Repository/Stockbit/Bandarmology_SellerAvg1' is: '97'

2024-01-22 17:54:18 - [MESSAGE][PASSED] - Text of object 'Object Repository/Stockbit/Bandarmology_SellerAvg1' is: '97'

2024-01-22 17:54:18 - [TEST_STEP][PASSED] - if (strSellerAvg1.contains(",")): null

2024-01-22 17:54:18 - [TEST_STEP][PASSED] - if (strSellerVol1.contains(" B")): null

2024-01-22 17:54:18 - [TEST_STEP][PASSED] - else if (strSellerVol1.contains(" M")): null

2024-01-22 17:54:18 - [TEST_STEP][PASSED] - else if (strSellerVol1.contains(" K")): null

2024-01-22 17:54:18 - [TEST_STEP][PASSED] - strSellerVol1 = strSellerVol1.replace(" K", ""): null

2024-01-22 17:54:18 - [TEST_STEP][PASSED] - strSellerVol1 = strSellerVol1.toDouble() * 1000: null

2024-01-22 17:54:18 - [TEST_STEP][PASSED] - if (verifyElementNotPresent(findTestObject("Stockbit/Bandarmology_Buyer2"), 1, OPTIONAL)): Web element with id: 'Object Repository/Stockbit/Bandarmology_Buyer2' located by 'By.xpath: //*[contains(@id, 'rc-tabs-')]/div[2]/div/div/div/div/div/div[2]/table/tbody/tr[3]/td[1]/p' is present after '1' second(s) (Root cause: com.kms.katalon.core.exception.StepFailedException: Web element with id: 'Object Repository/Stockbit/Bandarmology_Buyer2' located by 'By.xpath: //*[contains(@id, 'rc-tabs-')]/div[2]/div/div/div/div/div/div[2]/table/tbody/tr[3]/td[1]/p' is present after '1' second(s)
	at com.kms.katalon.core.webui.keyword.internal.WebUIKeywordMain.stepFailed(WebUIKeywordMain.groovy:64)
	at com.kms.katalon.core.webui.keyword.internal.WebUIKeywordMain$stepFailed$0.call(Unknown Source)
	at com.kms.katalon.core.webui.keyword.builtin.VerifyElementNotPresentKeyword$_verifyElementNotPresent_closure1.doCall(VerifyElementNotPresentKeyword.groovy:106)
	at com.kms.katalon.core.webui.keyword.builtin.VerifyElementNotPresentKeyword$_verifyElementNotPresent_closure1.doCall(VerifyElementNotPresentKeyword.groovy)
	at com.kms.katalon.core.webui.keyword.internal.WebUIKeywordMain.runKeyword(WebUIKeywordMain.groovy:20)
	at com.kms.katalon.core.webui.keyword.internal.WebUIKeywordMain$runKeyword.call(Unknown Source)
	at com.kms.katalon.core.webui.keyword.builtin.VerifyElementNotPresentKeyword.verifyElementNotPresent(VerifyElementNotPresentKeyword.groovy:117)
	at com.kms.katalon.core.webui.keyword.builtin.VerifyElementNotPresentKeyword.execute(VerifyElementNotPresentKeyword.groovy:68)
	at com.kms.katalon.core.keyword.internal.KeywordExecutor.executeKeywordForPlatform(KeywordExecutor.groovy:74)
	at com.kms.katalon.core.webui.keyword.WebUiBuiltInKeywords.verifyElementNotPresent(WebUiBuiltInKeywords.groovy:1481)
	at com.kms.katalon.core.webui.keyword.WebUiBuiltInKeywords$verifyElementNotPresent$8.call(Unknown Source)
	at GetBrokSumPriceDaily.run(GetBrokSumPriceDaily:258)
	at com.kms.katalon.core.main.ScriptEngine.run(ScriptEngine.java:194)
	at com.kms.katalon.core.main.ScriptEngine.runScriptAsRawText(ScriptEngine.java:119)
	at com.kms.katalon.core.main.TestCaseExecutor.runScript(TestCaseExecutor.java:445)
	at com.kms.katalon.core.main.TestCaseExecutor.doExecute(TestCaseExecutor.java:436)
	at com.kms.katalon.core.main.TestCaseExecutor.processExecutionPhase(TestCaseExecutor.java:415)
	at com.kms.katalon.core.main.TestCaseExecutor.accessMainPhase(TestCaseExecutor.java:407)
	at com.kms.katalon.core.main.TestCaseExecutor.execute(TestCaseExecutor.java:284)
	at com.kms.katalon.core.common.CommonExecutor.accessTestCaseMainPhase(CommonExecutor.java:65)
	at com.kms.katalon.core.main.TestSuiteExecutor.accessTestSuiteMainPhase(TestSuiteExecutor.java:144)
	at com.kms.katalon.core.main.TestSuiteExecutor.execute(TestSuiteExecutor.java:106)
	at com.kms.katalon.core.main.TestCaseMain.startTestSuite(TestCaseMain.java:185)
	at com.kms.katalon.core.main.TestCaseMain$startTestSuite$0.call(Unknown Source)
	at TempTestSuite1705920083951.run(TempTestSuite1705920083951.groovy:36)
)

2024-01-22 17:54:19 - [MESSAGE][WARNING] - Web element with id: 'Object Repository/Stockbit/Bandarmology_Buyer2' located by 'By.xpath: //*[contains(@id, 'rc-tabs-')]/div[2]/div/div/div/div/div/div[2]/table/tbody/tr[3]/td[1]/p' is present after '1' second(s) (Root cause: com.kms.katalon.core.exception.StepFailedException: Web element with id: 'Object Repository/Stockbit/Bandarmology_Buyer2' located by 'By.xpath: //*[contains(@id, 'rc-tabs-')]/div[2]/div/div/div/div/div/div[2]/table/tbody/tr[3]/td[1]/p' is present after '1' second(s)
	at com.kms.katalon.core.webui.keyword.internal.WebUIKeywordMain.stepFailed(WebUIKeywordMain.groovy:64)
	at com.kms.katalon.core.webui.keyword.internal.WebUIKeywordMain$stepFailed$0.call(Unknown Source)
	at com.kms.katalon.core.webui.keyword.builtin.VerifyElementNotPresentKeyword$_verifyElementNotPresent_closure1.doCall(VerifyElementNotPresentKeyword.groovy:106)
	at com.kms.katalon.core.webui.keyword.builtin.VerifyElementNotPresentKeyword$_verifyElementNotPresent_closure1.doCall(VerifyElementNotPresentKeyword.groovy)
	at com.kms.katalon.core.webui.keyword.internal.WebUIKeywordMain.runKeyword(WebUIKeywordMain.groovy:20)
	at com.kms.katalon.core.webui.keyword.internal.WebUIKeywordMain$runKeyword.call(Unknown Source)
	at com.kms.katalon.core.webui.keyword.builtin.VerifyElementNotPresentKeyword.verifyElementNotPresent(VerifyElementNotPresentKeyword.groovy:117)
	at com.kms.katalon.core.webui.keyword.builtin.VerifyElementNotPresentKeyword.execute(VerifyElementNotPresentKeyword.groovy:68)
	at com.kms.katalon.core.keyword.internal.KeywordExecutor.executeKeywordForPlatform(KeywordExecutor.groovy:74)
	at com.kms.katalon.core.webui.keyword.WebUiBuiltInKeywords.verifyElementNotPresent(WebUiBuiltInKeywords.groovy:1481)
	at com.kms.katalon.core.webui.keyword.WebUiBuiltInKeywords$verifyElementNotPresent$8.call(Unknown Source)
	at GetBrokSumPriceDaily.run(GetBrokSumPriceDaily:258)
	at com.kms.katalon.core.main.ScriptEngine.run(ScriptEngine.java:194)
	at com.kms.katalon.core.main.ScriptEngine.runScriptAsRawText(ScriptEngine.java:119)
	at com.kms.katalon.core.main.TestCaseExecutor.runScript(TestCaseExecutor.java:445)
	at com.kms.katalon.core.main.TestCaseExecutor.doExecute(TestCaseExecutor.java:436)
	at com.kms.katalon.core.main.TestCaseExecutor.processExecutionPhase(TestCaseExecutor.java:415)
	at com.kms.katalon.core.main.TestCaseExecutor.accessMainPhase(TestCaseExecutor.java:407)
	at com.kms.katalon.core.main.TestCaseExecutor.execute(TestCaseExecutor.java:284)
	at com.kms.katalon.core.common.CommonExecutor.accessTestCaseMainPhase(CommonExecutor.java:65)
	at com.kms.katalon.core.main.TestSuiteExecutor.accessTestSuiteMainPhase(TestSuiteExecutor.java:144)
	at com.kms.katalon.core.main.TestSuiteExecutor.execute(TestSuiteExecutor.java:106)
	at com.kms.katalon.core.main.TestCaseMain.startTestSuite(TestCaseMain.java:185)
	at com.kms.katalon.core.main.TestCaseMain$startTestSuite$0.call(Unknown Source)
	at TempTestSuite1705920083951.run(TempTestSuite1705920083951.groovy:36)
)
[[ATTACHMENT|C:\\Users\\Fadli\\git\\KatalonDailyGetData2\\Reports\\20240122_174123\\TS1\\20240122_174123\\1705920859448.png]]

2024-01-22 17:54:19 - [TEST_STEP][PASSED] - else: null

2024-01-22 17:54:19 - [TEST_STEP][PASSED] - strBuyer2 = getText(findTestObject("Stockbit/Bandarmology_Buyer2")): Text of object 'Object Repository/Stockbit/Bandarmology_Buyer2' is: 'RF'

2024-01-22 17:54:19 - [MESSAGE][PASSED] - Text of object 'Object Repository/Stockbit/Bandarmology_Buyer2' is: 'RF'

2024-01-22 17:54:19 - [TEST_STEP][PASSED] - strBuyerVol2 = getText(findTestObject("Stockbit/Bandarmology_BuyerVol2")): Text of object 'Object Repository/Stockbit/Bandarmology_BuyerVol2' is: '10.5 K'

2024-01-22 17:54:19 - [MESSAGE][PASSED] - Text of object 'Object Repository/Stockbit/Bandarmology_BuyerVol2' is: '10.5 K'

2024-01-22 17:54:19 - [TEST_STEP][PASSED] - strBuyerAvg2 = getText(findTestObject("Stockbit/Bandarmology_BuyerAvg2")): Text of object 'Object Repository/Stockbit/Bandarmology_BuyerAvg2' is: '97'

2024-01-22 17:54:19 - [MESSAGE][PASSED] - Text of object 'Object Repository/Stockbit/Bandarmology_BuyerAvg2' is: '97'

2024-01-22 17:54:19 - [TEST_STEP][PASSED] - if (strBuyer2 != ""): null

2024-01-22 17:54:19 - [TEST_STEP][PASSED] - if (strBuyerAvg2.contains(",")): null

2024-01-22 17:54:19 - [TEST_STEP][PASSED] - if (strBuyerVol2.contains(" B")): null

2024-01-22 17:54:19 - [TEST_STEP][PASSED] - else if (strBuyerVol2.contains(" M")): null

2024-01-22 17:54:19 - [TEST_STEP][PASSED] - else if (strBuyerVol2.contains(" K")): null

2024-01-22 17:54:19 - [TEST_STEP][PASSED] - strBuyerVol2 = strBuyerVol2.replace(" K", ""): null

2024-01-22 17:54:19 - [TEST_STEP][PASSED] - strBuyerVol2 = strBuyerVol2.toDouble() * 1000: null

2024-01-22 17:54:19 - [TEST_STEP][PASSED] - if (strBuyerVol2.contains(".")): null

2024-01-22 17:54:19 - [TEST_STEP][PASSED] - strBuyerVal2 = strBuyerVol2.replace(".", ""): null

2024-01-22 17:54:19 - [TEST_STEP][PASSED] - if (verifyElementNotPresent(findTestObject("Stockbit/Bandarmology_Seller2"), 1, OPTIONAL)): Web element with id: 'Object Repository/Stockbit/Bandarmology_Seller2' located by 'By.xpath: //*[contains(@id, 'rc-tabs-')]/div[2]/div/div/div/div/div/div[2]/table/tbody/tr[3]/td[5]/p' is present after '1' second(s) (Root cause: com.kms.katalon.core.exception.StepFailedException: Web element with id: 'Object Repository/Stockbit/Bandarmology_Seller2' located by 'By.xpath: //*[contains(@id, 'rc-tabs-')]/div[2]/div/div/div/div/div/div[2]/table/tbody/tr[3]/td[5]/p' is present after '1' second(s)
	at com.kms.katalon.core.webui.keyword.internal.WebUIKeywordMain.stepFailed(WebUIKeywordMain.groovy:64)
	at com.kms.katalon.core.webui.keyword.internal.WebUIKeywordMain$stepFailed$0.call(Unknown Source)
	at com.kms.katalon.core.webui.keyword.builtin.VerifyElementNotPresentKeyword$_verifyElementNotPresent_closure1.doCall(VerifyElementNotPresentKeyword.groovy:106)
	at com.kms.katalon.core.webui.keyword.builtin.VerifyElementNotPresentKeyword$_verifyElementNotPresent_closure1.doCall(VerifyElementNotPresentKeyword.groovy)
	at com.kms.katalon.core.webui.keyword.internal.WebUIKeywordMain.runKeyword(WebUIKeywordMain.groovy:20)
	at com.kms.katalon.core.webui.keyword.internal.WebUIKeywordMain$runKeyword.call(Unknown Source)
	at com.kms.katalon.core.webui.keyword.builtin.VerifyElementNotPresentKeyword.verifyElementNotPresent(VerifyElementNotPresentKeyword.groovy:117)
	at com.kms.katalon.core.webui.keyword.builtin.VerifyElementNotPresentKeyword.execute(VerifyElementNotPresentKeyword.groovy:68)
	at com.kms.katalon.core.keyword.internal.KeywordExecutor.executeKeywordForPlatform(KeywordExecutor.groovy:74)
	at com.kms.katalon.core.webui.keyword.WebUiBuiltInKeywords.verifyElementNotPresent(WebUiBuiltInKeywords.groovy:1481)
	at com.kms.katalon.core.webui.keyword.WebUiBuiltInKeywords$verifyElementNotPresent$8.call(Unknown Source)
	at GetBrokSumPriceDaily.run(GetBrokSumPriceDaily:309)
	at com.kms.katalon.core.main.ScriptEngine.run(ScriptEngine.java:194)
	at com.kms.katalon.core.main.ScriptEngine.runScriptAsRawText(ScriptEngine.java:119)
	at com.kms.katalon.core.main.TestCaseExecutor.runScript(TestCaseExecutor.java:445)
	at com.kms.katalon.core.main.TestCaseExecutor.doExecute(TestCaseExecutor.java:436)
	at com.kms.katalon.core.main.TestCaseExecutor.processExecutionPhase(TestCaseExecutor.java:415)
	at com.kms.katalon.core.main.TestCaseExecutor.accessMainPhase(TestCaseExecutor.java:407)
	at com.kms.katalon.core.main.TestCaseExecutor.execute(TestCaseExecutor.java:284)
	at com.kms.katalon.core.common.CommonExecutor.accessTestCaseMainPhase(CommonExecutor.java:65)
	at com.kms.katalon.core.main.TestSuiteExecutor.accessTestSuiteMainPhase(TestSuiteExecutor.java:144)
	at com.kms.katalon.core.main.TestSuiteExecutor.execute(TestSuiteExecutor.java:106)
	at com.kms.katalon.core.main.TestCaseMain.startTestSuite(TestCaseMain.java:185)
	at com.kms.katalon.core.main.TestCaseMain$startTestSuite$0.call(Unknown Source)
	at TempTestSuite1705920083951.run(TempTestSuite1705920083951.groovy:36)
)

2024-01-22 17:54:21 - [MESSAGE][WARNING] - Web element with id: 'Object Repository/Stockbit/Bandarmology_Seller2' located by 'By.xpath: //*[contains(@id, 'rc-tabs-')]/div[2]/div/div/div/div/div/div[2]/table/tbody/tr[3]/td[5]/p' is present after '1' second(s) (Root cause: com.kms.katalon.core.exception.StepFailedException: Web element with id: 'Object Repository/Stockbit/Bandarmology_Seller2' located by 'By.xpath: //*[contains(@id, 'rc-tabs-')]/div[2]/div/div/div/div/div/div[2]/table/tbody/tr[3]/td[5]/p' is present after '1' second(s)
	at com.kms.katalon.core.webui.keyword.internal.WebUIKeywordMain.stepFailed(WebUIKeywordMain.groovy:64)
	at com.kms.katalon.core.webui.keyword.internal.WebUIKeywordMain$stepFailed$0.call(Unknown Source)
	at com.kms.katalon.core.webui.keyword.builtin.VerifyElementNotPresentKeyword$_verifyElementNotPresent_closure1.doCall(VerifyElementNotPresentKeyword.groovy:106)
	at com.kms.katalon.core.webui.keyword.builtin.VerifyElementNotPresentKeyword$_verifyElementNotPresent_closure1.doCall(VerifyElementNotPresentKeyword.groovy)
	at com.kms.katalon.core.webui.keyword.internal.WebUIKeywordMain.runKeyword(WebUIKeywordMain.groovy:20)
	at com.kms.katalon.core.webui.keyword.internal.WebUIKeywordMain$runKeyword.call(Unknown Source)
	at com.kms.katalon.core.webui.keyword.builtin.VerifyElementNotPresentKeyword.verifyElementNotPresent(VerifyElementNotPresentKeyword.groovy:117)
	at com.kms.katalon.core.webui.keyword.builtin.VerifyElementNotPresentKeyword.execute(VerifyElementNotPresentKeyword.groovy:68)
	at com.kms.katalon.core.keyword.internal.KeywordExecutor.executeKeywordForPlatform(KeywordExecutor.groovy:74)
	at com.kms.katalon.core.webui.keyword.WebUiBuiltInKeywords.verifyElementNotPresent(WebUiBuiltInKeywords.groovy:1481)
	at com.kms.katalon.core.webui.keyword.WebUiBuiltInKeywords$verifyElementNotPresent$8.call(Unknown Source)
	at GetBrokSumPriceDaily.run(GetBrokSumPriceDaily:309)
	at com.kms.katalon.core.main.ScriptEngine.run(ScriptEngine.java:194)
	at com.kms.katalon.core.main.ScriptEngine.runScriptAsRawText(ScriptEngine.java:119)
	at com.kms.katalon.core.main.TestCaseExecutor.runScript(TestCaseExecutor.java:445)
	at com.kms.katalon.core.main.TestCaseExecutor.doExecute(TestCaseExecutor.java:436)
	at com.kms.katalon.core.main.TestCaseExecutor.processExecutionPhase(TestCaseExecutor.java:415)
	at com.kms.katalon.core.main.TestCaseExecutor.accessMainPhase(TestCaseExecutor.java:407)
	at com.kms.katalon.core.main.TestCaseExecutor.execute(TestCaseExecutor.java:284)
	at com.kms.katalon.core.common.CommonExecutor.accessTestCaseMainPhase(CommonExecutor.java:65)
	at com.kms.katalon.core.main.TestSuiteExecutor.accessTestSuiteMainPhase(TestSuiteExecutor.java:144)
	at com.kms.katalon.core.main.TestSuiteExecutor.execute(TestSuiteExecutor.java:106)
	at com.kms.katalon.core.main.TestCaseMain.startTestSuite(TestCaseMain.java:185)
	at com.kms.katalon.core.main.TestCaseMain$startTestSuite$0.call(Unknown Source)
	at TempTestSuite1705920083951.run(TempTestSuite1705920083951.groovy:36)
)
[[ATTACHMENT|C:\\Users\\Fadli\\git\\KatalonDailyGetData2\\Reports\\20240122_174123\\TS1\\20240122_174123\\1705920861167.png]]

2024-01-22 17:54:21 - [TEST_STEP][PASSED] - else: null

2024-01-22 17:54:21 - [TEST_STEP][PASSED] - strSeller2 = getText(findTestObject("Stockbit/Bandarmology_Seller2")): Text of object 'Object Repository/Stockbit/Bandarmology_Seller2' is: 'XC'

2024-01-22 17:54:21 - [MESSAGE][PASSED] - Text of object 'Object Repository/Stockbit/Bandarmology_Seller2' is: 'XC'

2024-01-22 17:54:21 - [TEST_STEP][PASSED] - strSellerVol2 = getText(findTestObject("Stockbit/Bandarmology_SellerVol2")): Text of object 'Object Repository/Stockbit/Bandarmology_SellerVol2' is: '12.2 K'

2024-01-22 17:54:21 - [MESSAGE][PASSED] - Text of object 'Object Repository/Stockbit/Bandarmology_SellerVol2' is: '12.2 K'

2024-01-22 17:54:21 - [TEST_STEP][PASSED] - strSellerAvg2 = getText(findTestObject("Stockbit/Bandarmology_SellerAvg2")): Text of object 'Object Repository/Stockbit/Bandarmology_SellerAvg2' is: '97'

2024-01-22 17:54:21 - [MESSAGE][PASSED] - Text of object 'Object Repository/Stockbit/Bandarmology_SellerAvg2' is: '97'

2024-01-22 17:54:21 - [TEST_STEP][PASSED] - if (strSeller2 != ""): null

2024-01-22 17:54:21 - [TEST_STEP][PASSED] - if (strSellerAvg2.contains(",")): null

2024-01-22 17:54:21 - [TEST_STEP][PASSED] - if (strSellerVol2.contains(" B")): null

2024-01-22 17:54:21 - [TEST_STEP][PASSED] - else if (strSellerVol2.contains(" M")): null

2024-01-22 17:54:21 - [TEST_STEP][PASSED] - else if (strSellerVol2.contains(" K")): null

2024-01-22 17:54:21 - [TEST_STEP][PASSED] - strSellerVol2 = strSellerVol2.replace(" K", ""): null

2024-01-22 17:54:21 - [TEST_STEP][PASSED] - strSellerVol2 = strSellerVol2.toDouble() * 1000: null

2024-01-22 17:54:21 - [TEST_STEP][PASSED] - if (verifyElementNotPresent(findTestObject("Stockbit/Bandarmology_Buyer3"), 1, OPTIONAL)): Web element with id: 'Object Repository/Stockbit/Bandarmology_Buyer3' located by 'By.xpath: //*[contains(@id, 'rc-tabs-')]/div[2]/div/div/div/div/div/div[2]/table/tbody/tr[4]/td[1]/p' is present after '1' second(s) (Root cause: com.kms.katalon.core.exception.StepFailedException: Web element with id: 'Object Repository/Stockbit/Bandarmology_Buyer3' located by 'By.xpath: //*[contains(@id, 'rc-tabs-')]/div[2]/div/div/div/div/div/div[2]/table/tbody/tr[4]/td[1]/p' is present after '1' second(s)
	at com.kms.katalon.core.webui.keyword.internal.WebUIKeywordMain.stepFailed(WebUIKeywordMain.groovy:64)
	at com.kms.katalon.core.webui.keyword.internal.WebUIKeywordMain$stepFailed$0.call(Unknown Source)
	at com.kms.katalon.core.webui.keyword.builtin.VerifyElementNotPresentKeyword$_verifyElementNotPresent_closure1.doCall(VerifyElementNotPresentKeyword.groovy:106)
	at com.kms.katalon.core.webui.keyword.builtin.VerifyElementNotPresentKeyword$_verifyElementNotPresent_closure1.doCall(VerifyElementNotPresentKeyword.groovy)
	at com.kms.katalon.core.webui.keyword.internal.WebUIKeywordMain.runKeyword(WebUIKeywordMain.groovy:20)
	at com.kms.katalon.core.webui.keyword.internal.WebUIKeywordMain$runKeyword.call(Unknown Source)
	at com.kms.katalon.core.webui.keyword.builtin.VerifyElementNotPresentKeyword.verifyElementNotPresent(VerifyElementNotPresentKeyword.groovy:117)
	at com.kms.katalon.core.webui.keyword.builtin.VerifyElementNotPresentKeyword.execute(VerifyElementNotPresentKeyword.groovy:68)
	at com.kms.katalon.core.keyword.internal.KeywordExecutor.executeKeywordForPlatform(KeywordExecutor.groovy:74)
	at com.kms.katalon.core.webui.keyword.WebUiBuiltInKeywords.verifyElementNotPresent(WebUiBuiltInKeywords.groovy:1481)
	at com.kms.katalon.core.webui.keyword.WebUiBuiltInKeywords$verifyElementNotPresent$8.call(Unknown Source)
	at GetBrokSumPriceDaily.run(GetBrokSumPriceDaily:361)
	at com.kms.katalon.core.main.ScriptEngine.run(ScriptEngine.java:194)
	at com.kms.katalon.core.main.ScriptEngine.runScriptAsRawText(ScriptEngine.java:119)
	at com.kms.katalon.core.main.TestCaseExecutor.runScript(TestCaseExecutor.java:445)
	at com.kms.katalon.core.main.TestCaseExecutor.doExecute(TestCaseExecutor.java:436)
	at com.kms.katalon.core.main.TestCaseExecutor.processExecutionPhase(TestCaseExecutor.java:415)
	at com.kms.katalon.core.main.TestCaseExecutor.accessMainPhase(TestCaseExecutor.java:407)
	at com.kms.katalon.core.main.TestCaseExecutor.execute(TestCaseExecutor.java:284)
	at com.kms.katalon.core.common.CommonExecutor.accessTestCaseMainPhase(CommonExecutor.java:65)
	at com.kms.katalon.core.main.TestSuiteExecutor.accessTestSuiteMainPhase(TestSuiteExecutor.java:144)
	at com.kms.katalon.core.main.TestSuiteExecutor.execute(TestSuiteExecutor.java:106)
	at com.kms.katalon.core.main.TestCaseMain.startTestSuite(TestCaseMain.java:185)
	at com.kms.katalon.core.main.TestCaseMain$startTestSuite$0.call(Unknown Source)
	at TempTestSuite1705920083951.run(TempTestSuite1705920083951.groovy:36)
)

2024-01-22 17:54:23 - [MESSAGE][WARNING] - Web element with id: 'Object Repository/Stockbit/Bandarmology_Buyer3' located by 'By.xpath: //*[contains(@id, 'rc-tabs-')]/div[2]/div/div/div/div/div/div[2]/table/tbody/tr[4]/td[1]/p' is present after '1' second(s) (Root cause: com.kms.katalon.core.exception.StepFailedException: Web element with id: 'Object Repository/Stockbit/Bandarmology_Buyer3' located by 'By.xpath: //*[contains(@id, 'rc-tabs-')]/div[2]/div/div/div/div/div/div[2]/table/tbody/tr[4]/td[1]/p' is present after '1' second(s)
	at com.kms.katalon.core.webui.keyword.internal.WebUIKeywordMain.stepFailed(WebUIKeywordMain.groovy:64)
	at com.kms.katalon.core.webui.keyword.internal.WebUIKeywordMain$stepFailed$0.call(Unknown Source)
	at com.kms.katalon.core.webui.keyword.builtin.VerifyElementNotPresentKeyword$_verifyElementNotPresent_closure1.doCall(VerifyElementNotPresentKeyword.groovy:106)
	at com.kms.katalon.core.webui.keyword.builtin.VerifyElementNotPresentKeyword$_verifyElementNotPresent_closure1.doCall(VerifyElementNotPresentKeyword.groovy)
	at com.kms.katalon.core.webui.keyword.internal.WebUIKeywordMain.runKeyword(WebUIKeywordMain.groovy:20)
	at com.kms.katalon.core.webui.keyword.internal.WebUIKeywordMain$runKeyword.call(Unknown Source)
	at com.kms.katalon.core.webui.keyword.builtin.VerifyElementNotPresentKeyword.verifyElementNotPresent(VerifyElementNotPresentKeyword.groovy:117)
	at com.kms.katalon.core.webui.keyword.builtin.VerifyElementNotPresentKeyword.execute(VerifyElementNotPresentKeyword.groovy:68)
	at com.kms.katalon.core.keyword.internal.KeywordExecutor.executeKeywordForPlatform(KeywordExecutor.groovy:74)
	at com.kms.katalon.core.webui.keyword.WebUiBuiltInKeywords.verifyElementNotPresent(WebUiBuiltInKeywords.groovy:1481)
	at com.kms.katalon.core.webui.keyword.WebUiBuiltInKeywords$verifyElementNotPresent$8.call(Unknown Source)
	at GetBrokSumPriceDaily.run(GetBrokSumPriceDaily:361)
	at com.kms.katalon.core.main.ScriptEngine.run(ScriptEngine.java:194)
	at com.kms.katalon.core.main.ScriptEngine.runScriptAsRawText(ScriptEngine.java:119)
	at com.kms.katalon.core.main.TestCaseExecutor.runScript(TestCaseExecutor.java:445)
	at com.kms.katalon.core.main.TestCaseExecutor.doExecute(TestCaseExecutor.java:436)
	at com.kms.katalon.core.main.TestCaseExecutor.processExecutionPhase(TestCaseExecutor.java:415)
	at com.kms.katalon.core.main.TestCaseExecutor.accessMainPhase(TestCaseExecutor.java:407)
	at com.kms.katalon.core.main.TestCaseExecutor.execute(TestCaseExecutor.java:284)
	at com.kms.katalon.core.common.CommonExecutor.accessTestCaseMainPhase(CommonExecutor.java:65)
	at com.kms.katalon.core.main.TestSuiteExecutor.accessTestSuiteMainPhase(TestSuiteExecutor.java:144)
	at com.kms.katalon.core.main.TestSuiteExecutor.execute(TestSuiteExecutor.java:106)
	at com.kms.katalon.core.main.TestCaseMain.startTestSuite(TestCaseMain.java:185)
	at com.kms.katalon.core.main.TestCaseMain$startTestSuite$0.call(Unknown Source)
	at TempTestSuite1705920083951.run(TempTestSuite1705920083951.groovy:36)
)
[[ATTACHMENT|C:\\Users\\Fadli\\git\\KatalonDailyGetData2\\Reports\\20240122_174123\\TS1\\20240122_174123\\1705920862878.png]]

2024-01-22 17:54:23 - [TEST_STEP][PASSED] - else: null

2024-01-22 17:54:23 - [TEST_STEP][PASSED] - strBuyer3 = getText(findTestObject("Stockbit/Bandarmology_Buyer3")): Text of object 'Object Repository/Stockbit/Bandarmology_Buyer3' is: 'CP'

2024-01-22 17:54:23 - [MESSAGE][PASSED] - Text of object 'Object Repository/Stockbit/Bandarmology_Buyer3' is: 'CP'

2024-01-22 17:54:23 - [TEST_STEP][PASSED] - strBuyerVol3 = getText(findTestObject("Stockbit/Bandarmology_BuyerVol3")): Text of object 'Object Repository/Stockbit/Bandarmology_BuyerVol3' is: '1.5 K'

2024-01-22 17:54:23 - [MESSAGE][PASSED] - Text of object 'Object Repository/Stockbit/Bandarmology_BuyerVol3' is: '1.5 K'

2024-01-22 17:54:23 - [TEST_STEP][PASSED] - strBuyerAvg3 = getText(findTestObject("Stockbit/Bandarmology_BuyerAvg3")): Text of object 'Object Repository/Stockbit/Bandarmology_BuyerAvg3' is: '97'

2024-01-22 17:54:23 - [MESSAGE][PASSED] - Text of object 'Object Repository/Stockbit/Bandarmology_BuyerAvg3' is: '97'

2024-01-22 17:54:23 - [TEST_STEP][PASSED] - if (strBuyer3 != ""): null

2024-01-22 17:54:23 - [TEST_STEP][PASSED] - if (strBuyerAvg3.contains(",")): null

2024-01-22 17:54:23 - [TEST_STEP][PASSED] - if (strBuyerVol3.contains(" B")): null

2024-01-22 17:54:23 - [TEST_STEP][PASSED] - else if (strBuyerVol3.contains(" M")): null

2024-01-22 17:54:23 - [TEST_STEP][PASSED] - else if (strBuyerVol3.contains(" K")): null

2024-01-22 17:54:23 - [TEST_STEP][PASSED] - strBuyerVol3 = strBuyerVol3.replace(" K", ""): null

2024-01-22 17:54:23 - [TEST_STEP][PASSED] - strBuyerVol3 = strBuyerVol3.toDouble() * 1000: null

2024-01-22 17:54:23 - [TEST_STEP][PASSED] - if (verifyElementNotPresent(findTestObject("Stockbit/Bandarmology_Seller3"), 1, OPTIONAL)): Web element with id: 'Object Repository/Stockbit/Bandarmology_Seller3' located by 'By.xpath: //*[contains(@id, 'rc-tabs-')]/div[2]/div/div/div/div/div/div[2]/table/tbody/tr[4]/td[5]/p' is present after '1' second(s) (Root cause: com.kms.katalon.core.exception.StepFailedException: Web element with id: 'Object Repository/Stockbit/Bandarmology_Seller3' located by 'By.xpath: //*[contains(@id, 'rc-tabs-')]/div[2]/div/div/div/div/div/div[2]/table/tbody/tr[4]/td[5]/p' is present after '1' second(s)
	at com.kms.katalon.core.webui.keyword.internal.WebUIKeywordMain.stepFailed(WebUIKeywordMain.groovy:64)
	at com.kms.katalon.core.webui.keyword.internal.WebUIKeywordMain$stepFailed$0.call(Unknown Source)
	at com.kms.katalon.core.webui.keyword.builtin.VerifyElementNotPresentKeyword$_verifyElementNotPresent_closure1.doCall(VerifyElementNotPresentKeyword.groovy:106)
	at com.kms.katalon.core.webui.keyword.builtin.VerifyElementNotPresentKeyword$_verifyElementNotPresent_closure1.doCall(VerifyElementNotPresentKeyword.groovy)
	at com.kms.katalon.core.webui.keyword.internal.WebUIKeywordMain.runKeyword(WebUIKeywordMain.groovy:20)
	at com.kms.katalon.core.webui.keyword.internal.WebUIKeywordMain$runKeyword.call(Unknown Source)
	at com.kms.katalon.core.webui.keyword.builtin.VerifyElementNotPresentKeyword.verifyElementNotPresent(VerifyElementNotPresentKeyword.groovy:117)
	at com.kms.katalon.core.webui.keyword.builtin.VerifyElementNotPresentKeyword.execute(VerifyElementNotPresentKeyword.groovy:68)
	at com.kms.katalon.core.keyword.internal.KeywordExecutor.executeKeywordForPlatform(KeywordExecutor.groovy:74)
	at com.kms.katalon.core.webui.keyword.WebUiBuiltInKeywords.verifyElementNotPresent(WebUiBuiltInKeywords.groovy:1481)
	at com.kms.katalon.core.webui.keyword.WebUiBuiltInKeywords$verifyElementNotPresent$8.call(Unknown Source)
	at GetBrokSumPriceDaily.run(GetBrokSumPriceDaily:414)
	at com.kms.katalon.core.main.ScriptEngine.run(ScriptEngine.java:194)
	at com.kms.katalon.core.main.ScriptEngine.runScriptAsRawText(ScriptEngine.java:119)
	at com.kms.katalon.core.main.TestCaseExecutor.runScript(TestCaseExecutor.java:445)
	at com.kms.katalon.core.main.TestCaseExecutor.doExecute(TestCaseExecutor.java:436)
	at com.kms.katalon.core.main.TestCaseExecutor.processExecutionPhase(TestCaseExecutor.java:415)
	at com.kms.katalon.core.main.TestCaseExecutor.accessMainPhase(TestCaseExecutor.java:407)
	at com.kms.katalon.core.main.TestCaseExecutor.execute(TestCaseExecutor.java:284)
	at com.kms.katalon.core.common.CommonExecutor.accessTestCaseMainPhase(CommonExecutor.java:65)
	at com.kms.katalon.core.main.TestSuiteExecutor.accessTestSuiteMainPhase(TestSuiteExecutor.java:144)
	at com.kms.katalon.core.main.TestSuiteExecutor.execute(TestSuiteExecutor.java:106)
	at com.kms.katalon.core.main.TestCaseMain.startTestSuite(TestCaseMain.java:185)
	at com.kms.katalon.core.main.TestCaseMain$startTestSuite$0.call(Unknown Source)
	at TempTestSuite1705920083951.run(TempTestSuite1705920083951.groovy:36)
)

2024-01-22 17:54:24 - [MESSAGE][WARNING] - Web element with id: 'Object Repository/Stockbit/Bandarmology_Seller3' located by 'By.xpath: //*[contains(@id, 'rc-tabs-')]/div[2]/div/div/div/div/div/div[2]/table/tbody/tr[4]/td[5]/p' is present after '1' second(s) (Root cause: com.kms.katalon.core.exception.StepFailedException: Web element with id: 'Object Repository/Stockbit/Bandarmology_Seller3' located by 'By.xpath: //*[contains(@id, 'rc-tabs-')]/div[2]/div/div/div/div/div/div[2]/table/tbody/tr[4]/td[5]/p' is present after '1' second(s)
	at com.kms.katalon.core.webui.keyword.internal.WebUIKeywordMain.stepFailed(WebUIKeywordMain.groovy:64)
	at com.kms.katalon.core.webui.keyword.internal.WebUIKeywordMain$stepFailed$0.call(Unknown Source)
	at com.kms.katalon.core.webui.keyword.builtin.VerifyElementNotPresentKeyword$_verifyElementNotPresent_closure1.doCall(VerifyElementNotPresentKeyword.groovy:106)
	at com.kms.katalon.core.webui.keyword.builtin.VerifyElementNotPresentKeyword$_verifyElementNotPresent_closure1.doCall(VerifyElementNotPresentKeyword.groovy)
	at com.kms.katalon.core.webui.keyword.internal.WebUIKeywordMain.runKeyword(WebUIKeywordMain.groovy:20)
	at com.kms.katalon.core.webui.keyword.internal.WebUIKeywordMain$runKeyword.call(Unknown Source)
	at com.kms.katalon.core.webui.keyword.builtin.VerifyElementNotPresentKeyword.verifyElementNotPresent(VerifyElementNotPresentKeyword.groovy:117)
	at com.kms.katalon.core.webui.keyword.builtin.VerifyElementNotPresentKeyword.execute(VerifyElementNotPresentKeyword.groovy:68)
	at com.kms.katalon.core.keyword.internal.KeywordExecutor.executeKeywordForPlatform(KeywordExecutor.groovy:74)
	at com.kms.katalon.core.webui.keyword.WebUiBuiltInKeywords.verifyElementNotPresent(WebUiBuiltInKeywords.groovy:1481)
	at com.kms.katalon.core.webui.keyword.WebUiBuiltInKeywords$verifyElementNotPresent$8.call(Unknown Source)
	at GetBrokSumPriceDaily.run(GetBrokSumPriceDaily:414)
	at com.kms.katalon.core.main.ScriptEngine.run(ScriptEngine.java:194)
	at com.kms.katalon.core.main.ScriptEngine.runScriptAsRawText(ScriptEngine.java:119)
	at com.kms.katalon.core.main.TestCaseExecutor.runScript(TestCaseExecutor.java:445)
	at com.kms.katalon.core.main.TestCaseExecutor.doExecute(TestCaseExecutor.java:436)
	at com.kms.katalon.core.main.TestCaseExecutor.processExecutionPhase(TestCaseExecutor.java:415)
	at com.kms.katalon.core.main.TestCaseExecutor.accessMainPhase(TestCaseExecutor.java:407)
	at com.kms.katalon.core.main.TestCaseExecutor.execute(TestCaseExecutor.java:284)
	at com.kms.katalon.core.common.CommonExecutor.accessTestCaseMainPhase(CommonExecutor.java:65)
	at com.kms.katalon.core.main.TestSuiteExecutor.accessTestSuiteMainPhase(TestSuiteExecutor.java:144)
	at com.kms.katalon.core.main.TestSuiteExecutor.execute(TestSuiteExecutor.java:106)
	at com.kms.katalon.core.main.TestCaseMain.startTestSuite(TestCaseMain.java:185)
	at com.kms.katalon.core.main.TestCaseMain$startTestSuite$0.call(Unknown Source)
	at TempTestSuite1705920083951.run(TempTestSuite1705920083951.groovy:36)
)
[[ATTACHMENT|C:\\Users\\Fadli\\git\\KatalonDailyGetData2\\Reports\\20240122_174123\\TS1\\20240122_174123\\1705920864594.png]]

2024-01-22 17:54:24 - [TEST_STEP][PASSED] - else: null

2024-01-22 17:54:24 - [TEST_STEP][PASSED] - strSeller3 = getText(findTestObject("Stockbit/Bandarmology_Seller3")): Text of object 'Object Repository/Stockbit/Bandarmology_Seller3' is: 'BK'

2024-01-22 17:54:24 - [MESSAGE][PASSED] - Text of object 'Object Repository/Stockbit/Bandarmology_Seller3' is: 'BK'

2024-01-22 17:54:24 - [TEST_STEP][PASSED] - strSellerVol3 = getText(findTestObject("Stockbit/Bandarmology_SellerVol3")): Text of object 'Object Repository/Stockbit/Bandarmology_SellerVol3' is: '5.9 K'

2024-01-22 17:54:24 - [MESSAGE][PASSED] - Text of object 'Object Repository/Stockbit/Bandarmology_SellerVol3' is: '5.9 K'

2024-01-22 17:54:24 - [TEST_STEP][PASSED] - strSellerAvg3 = getText(findTestObject("Stockbit/Bandarmology_SellerAvg3")): Text of object 'Object Repository/Stockbit/Bandarmology_SellerAvg3' is: '97'

2024-01-22 17:54:25 - [MESSAGE][PASSED] - Text of object 'Object Repository/Stockbit/Bandarmology_SellerAvg3' is: '97'

2024-01-22 17:54:25 - [TEST_STEP][PASSED] - if (strSeller3 != ""): null

2024-01-22 17:54:25 - [TEST_STEP][PASSED] - if (strSellerAvg3.contains(",")): null

2024-01-22 17:54:25 - [TEST_STEP][PASSED] - if (strSellerVol3.contains(" B")): null

2024-01-22 17:54:25 - [TEST_STEP][PASSED] - else if (strSellerVol3.contains(" M")): null

2024-01-22 17:54:25 - [TEST_STEP][PASSED] - else if (strSellerVol3.contains(" K")): null

2024-01-22 17:54:25 - [TEST_STEP][PASSED] - strSellerVol3 = strSellerVol3.replace(" K", ""): null

2024-01-22 17:54:25 - [TEST_STEP][PASSED] - strSellerVol3 = strSellerVol3.toDouble() * 1000: null

2024-01-22 17:54:25 - [TEST_STEP][PASSED] - strAccDist = getText(findTestObject("Stockbit/Bandarmology_AccDist")): Text of object 'Object Repository/Stockbit/Bandarmology_AccDist' is: 'Acc'

2024-01-22 17:54:25 - [MESSAGE][PASSED] - Text of object 'Object Repository/Stockbit/Bandarmology_AccDist' is: 'Acc'

2024-01-22 17:54:25 - [TEST_STEP][PASSED] - strNetVol = getText(findTestObject("Stockbit/Bandarmology_NetVol")): Text of object 'Object Repository/Stockbit/Bandarmology_NetVol' is: '46,764'

2024-01-22 17:54:25 - [MESSAGE][PASSED] - Text of object 'Object Repository/Stockbit/Bandarmology_NetVol' is: '46,764'

2024-01-22 17:54:25 - [TEST_STEP][PASSED] - strNetVol = strNetVol.replace(",", ""): null

2024-01-22 17:54:25 - [TEST_STEP][PASSED] - strNetVal = getText(findTestObject("Stockbit/Bandarmology_NetVal")): Text of object 'Object Repository/Stockbit/Bandarmology_NetVal' is: '0.5 B'

2024-01-22 17:54:25 - [MESSAGE][PASSED] - Text of object 'Object Repository/Stockbit/Bandarmology_NetVal' is: '0.5 B'

2024-01-22 17:54:25 - [TEST_STEP][PASSED] - delay(3): Delayed 3 second(s)

2024-01-22 17:54:28 - [MESSAGE][PASSED] - Delayed 3 second(s)

2024-01-22 17:54:28 - [TEST_STEP][PASSED] - strOpenPrice = getText(findTestObject("Stockbit/Home_OpenPrice")): Text of object 'Object Repository/Stockbit/Home_OpenPrice' is: '96'

2024-01-22 17:54:28 - [MESSAGE][PASSED] - Text of object 'Object Repository/Stockbit/Home_OpenPrice' is: '96'

2024-01-22 17:54:28 - [TEST_STEP][PASSED] - strOpenPrice = strOpenPrice.replace(",", ""): null

2024-01-22 17:54:28 - [TEST_STEP][PASSED] - strLowPrice = getText(findTestObject("Stockbit/Home_LowPrice")): Text of object 'Object Repository/Stockbit/Home_LowPrice' is: '96'

2024-01-22 17:54:28 - [MESSAGE][PASSED] - Text of object 'Object Repository/Stockbit/Home_LowPrice' is: '96'

2024-01-22 17:54:28 - [TEST_STEP][PASSED] - strLowPrice = strLowPrice.replace(",", ""): null

2024-01-22 17:54:28 - [TEST_STEP][PASSED] - strHighPrice = getText(findTestObject("Stockbit/Home_HighPrice")): Text of object 'Object Repository/Stockbit/Home_HighPrice' is: '98'

2024-01-22 17:54:28 - [MESSAGE][PASSED] - Text of object 'Object Repository/Stockbit/Home_HighPrice' is: '98'

2024-01-22 17:54:28 - [TEST_STEP][PASSED] - strHighPrice = strHighPrice.replace(",", ""): null

2024-01-22 17:54:28 - [TEST_STEP][PASSED] - strClosePrice = getText(findTestObject("Stockbit/Home_ClosePrice")): Text of object 'Object Repository/Stockbit/Home_ClosePrice' is: '98'

2024-01-22 17:54:28 - [MESSAGE][PASSED] - Text of object 'Object Repository/Stockbit/Home_ClosePrice' is: '98'

2024-01-22 17:54:28 - [TEST_STEP][PASSED] - strClosePrice = strClosePrice.replace(",", ""): null

2024-01-22 17:54:28 - [TEST_STEP][PASSED] - strVol = getText(findTestObject("Stockbit/Home_Volume")): Text of object 'Object Repository/Stockbit/Home_Volume' is: '51 K'

2024-01-22 17:54:29 - [MESSAGE][PASSED] - Text of object 'Object Repository/Stockbit/Home_Volume' is: '51 K'

2024-01-22 17:54:29 - [TEST_STEP][PASSED] - if (strVol.contains(" K")): null

2024-01-22 17:54:29 - [TEST_STEP][PASSED] - strVol = strVol.replace(" K", "000"): null

2024-01-22 17:54:29 - [TEST_STEP][PASSED] - if (strVol.contains(",")): null

2024-01-22 17:54:29 - [TEST_STEP][PASSED] - strChange = getText(findTestObject("Stockbit/Home_Change")): Text of object 'Object Repository/Stockbit/Home_Change' is: '2.08%'

2024-01-22 17:54:29 - [MESSAGE][PASSED] - Text of object 'Object Repository/Stockbit/Home_Change' is: '2.08%'

2024-01-22 17:54:29 - [TEST_STEP][PASSED] - strChange = strChange.replace("%", ""): null

2024-01-22 17:54:29 - [TEST_STEP][PASSED] - strFreq = getText(findTestObject("Stockbit/Home_Freq")): Text of object 'Object Repository/Stockbit/Home_Freq' is: '121'

2024-01-22 17:54:29 - [MESSAGE][PASSED] - Text of object 'Object Repository/Stockbit/Home_Freq' is: '121'

2024-01-22 17:54:29 - [TEST_STEP][PASSED] - if (strFreq.contains(",")): null

2024-01-22 17:54:29 - [TEST_STEP][PASSED] - if (strFreq == "NA" || strFreq == ""): null

2024-01-22 17:54:29 - [TEST_STEP][PASSED] - else: null

2024-01-22 17:54:29 - [TEST_STEP][PASSED] - dblFreqAnal = strVol.toDouble() / strFreq.toDouble() * strFreq.toDouble() * strFreq.toDouble() * 100000000: null

2024-01-22 17:54:29 - [TEST_STEP][PASSED] - strFreqAnal = String.format("%.4f", dblFreqAnal): null

2024-01-22 17:54:29 - [TEST_STEP][PASSED] - out.println("Double strFreqAnal: " + strFreqAnal): null

2024-01-22 17:54:29 - [TEST_STEP][PASSED] - strTanggal = d.format(DateTimeFormatter.ofPattern("yyyy-MM-dd")): null

2024-01-22 17:54:29 - [TEST_STEP][PASSED] - strTanggal = "#" + strTanggal + "#": null

2024-01-22 17:54:29 - [TEST_STEP][PASSED] - strSQL = "select count(*) as JumBaris from TblBrokSum where Nama = '" + strNama + "' and Tanggal = " + strTanggal + "": null

2024-01-22 17:54:29 - [TEST_STEP][PASSED] - resultSet = statement.executeQuery(strSQL): null

2024-01-22 17:54:29 - [TEST_STEP][PASSED] - resultSet.next(): null

2024-01-22 17:54:29 - [TEST_STEP][PASSED] - intJumBaris = resultSet.getInt("JumBaris"): null

2024-01-22 17:54:29 - [TEST_STEP][PASSED] - if (intJumBaris > 0): null

2024-01-22 17:54:29 - [TEST_STEP][PASSED] - else: null

2024-01-22 17:54:29 - [TEST_STEP][PASSED] - try: null

2024-01-22 17:54:29 - [TEST_STEP][PASSED] - out.println("Insert data"): null

2024-01-22 17:54:29 - [TEST_STEP][PASSED] - strSQL = "insert into TblBrokSum (nama, tanggal, top1, top2, top3, AllBrokAvg, AccDist, AvgRP, " + "Buyer1, BuyerVal1, BuyerAvg1, Seller1, SellerVal1, SellerAvg1, Buyer2, BuyerVal2, BuyerAvg2, " + "Seller2, SellerVal2, SellerAvg2, Buyer3, BuyerVal3, BuyerAvg3, Seller3, SellerVal3, SellerAvg3, NetVol, NetVal, " + "OpenPrice, LowPrice, HighPrice, ClosePrice, Volume, Change, Frekuensi, FrekAnal) " + "values ('" + strNama + "', " + strTanggal + ", '" + strTop1 + "', '" + strTop3 + "', '" + strTop5 + "', " + "'" + strAllBrokAvg + "', '" + strAccDist + "', " + intAvgRP + ", '" + strBuyer1 + "', '" + strBuyerVol1 + "', " + strBuyerAvg1 + ", " + "'" + strSeller1 + "', '" + strSellerVol1 + "', " + strSellerAvg1 + ", '" + strBuyer2 + "', '" + strBuyerVol2 + "', " + strBuyerAvg2 + ", " + "'" + strSeller2 + "', '" + strSellerVol2 + "', " + strSellerAvg2 + ", '" + strBuyer3 + "', '" + strBuyerVol3 + "', " + strBuyerAvg3 + ", " + "'" + strSeller3 + "', '" + strSellerVol3 + "', " + strSellerAvg3 + ", " + strNetVol + ", '" + strNetVal + "', " + "" + strOpenPrice + ", " + strLowPrice + ", " + strHighPrice + ", " + strClosePrice + ", '" + strVol + "', " + strChange + ", " + strFreq + ", " + strFreqAnal + ");": null

2024-01-22 17:54:29 - [TEST_STEP][PASSED] - out.println("strSQL = " + strSQL): null

2024-01-22 17:54:29 - [TEST_STEP][PASSED] - statement.executeUpdate(strSQL): null

2024-01-22 17:54:29 - [TEST_STEP][PASSED] - setValueToCellByIndex(sheet01, rowIndex, 4, "DONE"): null

2024-01-22 17:54:29 - [TEST_STEP][PASSED] - saveWorkbook(excelFilePath, workbook01): null

2024-01-22 17:54:29 - [TEST_STEP][PASSED] - waitForElementClickable(findTestObject("Stockbit/menu_Bandarmology"), 10): Object 'Object Repository/Stockbit/menu_Bandarmology' is clickable

2024-01-22 17:54:29 - [MESSAGE][PASSED] - Object 'Object Repository/Stockbit/menu_Bandarmology' is clickable

2024-01-22 17:54:29 - [TEST_STEP][PASSED] - click(findTestObject("Stockbit/menu_Bandarmology")): Object: 'Object Repository/Stockbit/menu_Bandarmology' is clicked on

2024-01-22 17:54:29 - [MESSAGE][PASSED] - Object: 'Object Repository/Stockbit/menu_Bandarmology' is clicked on

2024-01-22 17:54:29 - [TEST_STEP][PASSED] - strTemp = "NA": null

2024-01-22 17:54:29 - [TEST_STEP][PASSED] - if (getCellValueByIndex(sheet01, rowIndex, 4) != "DONE"): Object: 'Object Repository/Stockbit/menu_Bandarmology' is clicked on

2024-01-22 17:54:29 - [TEST_STEP][PASSED] - strNama = getCellValueByIndex(sheet01, rowIndex, 0): null

2024-01-22 17:54:29 - [TEST_STEP][PASSED] - navigateToUrl("https://stockbit.com/#/symbol/" + strNama): Navigate to 'https://stockbit.com/#/symbol/BMTR' successfully

2024-01-22 17:54:31 - [MESSAGE][PASSED] - Navigate to 'https://stockbit.com/#/symbol/BMTR' successfully

2024-01-22 17:54:31 - [TEST_STEP][PASSED] - waitForElementClickable(findTestObject("Stockbit/menu_Bandarmology"), 10): Object 'Object Repository/Stockbit/menu_Bandarmology' is clickable

2024-01-22 17:54:32 - [MESSAGE][PASSED] - Object 'Object Repository/Stockbit/menu_Bandarmology' is clickable

2024-01-22 17:54:32 - [TEST_STEP][PASSED] - click(findTestObject("Stockbit/menu_Bandarmology")): Object: 'Object Repository/Stockbit/menu_Bandarmology' is clicked on

2024-01-22 17:54:33 - [MESSAGE][PASSED] - Object: 'Object Repository/Stockbit/menu_Bandarmology' is clicked on

2024-01-22 17:54:33 - [TEST_STEP][PASSED] - strTanggal = d.format(DateTimeFormatter.ofPattern("MMM dd, yyyy")): null

2024-01-22 17:54:33 - [TEST_STEP][PASSED] - strTanggal = d.format(ISO_DATE): null

2024-01-22 17:54:33 - [TEST_STEP][PASSED] - out.println("strTanggal = " + strTanggal): null

2024-01-22 17:54:33 - [TEST_STEP][PASSED] - out.println("strNama = " + strNama): null

2024-01-22 17:54:33 - [TEST_STEP][PASSED] - out.println("Baris ke = " + rowIndex): null

2024-01-22 17:54:33 - [TEST_STEP][PASSED] - click(findTestObject("Stockbit/input__BandarmologyOpenStartDate")): Object: 'Object Repository/Stockbit/input__BandarmologyOpenStartDate' is clicked on

2024-01-22 17:54:34 - [MESSAGE][PASSED] - Object: 'Object Repository/Stockbit/input__BandarmologyOpenStartDate' is clicked on

2024-01-22 17:54:34 - [TEST_STEP][PASSED] - sendKeys(findTestObject("Stockbit/input__BandarmologyOpenStartDate"), Keys.chord(CONTROL, "a")): Keys 'CONTROL + a' sent to object: 'Object Repository/Stockbit/input__BandarmologyOpenStartDate'

2024-01-22 17:54:35 - [MESSAGE][PASSED] - Keys 'CONTROL + a' sent to object: 'Object Repository/Stockbit/input__BandarmologyOpenStartDate'

2024-01-22 17:54:35 - [TEST_STEP][PASSED] - sendKeys(findTestObject("Stockbit/input__BandarmologyOpenStartDate"), Keys.chord(BACK_SPACE)): Keys 'BACK_SPACE + ' sent to object: 'Object Repository/Stockbit/input__BandarmologyOpenStartDate'

2024-01-22 17:54:35 - [MESSAGE][PASSED] - Keys 'BACK_SPACE + ' sent to object: 'Object Repository/Stockbit/input__BandarmologyOpenStartDate'

2024-01-22 17:54:35 - [TEST_STEP][PASSED] - setText(findTestObject("Stockbit/input__BandarmologyOpenStartDate"), strTanggal): Text '2024-01-22' is set on object 'Object Repository/Stockbit/input__BandarmologyOpenStartDate'

2024-01-22 17:54:36 - [MESSAGE][PASSED] - Text '2024-01-22' is set on object 'Object Repository/Stockbit/input__BandarmologyOpenStartDate'

2024-01-22 17:54:36 - [TEST_STEP][PASSED] - sendKeys(findTestObject("Stockbit/input__BandarmologyOpenStartDate"), Keys.chord(ENTER)): Keys 'ENTER + ' sent to object: 'Object Repository/Stockbit/input__BandarmologyOpenStartDate'

2024-01-22 17:54:37 - [MESSAGE][PASSED] - Keys 'ENTER + ' sent to object: 'Object Repository/Stockbit/input__BandarmologyOpenStartDate'

2024-01-22 17:54:37 - [TEST_STEP][PASSED] - click(findTestObject("Stockbit/input__BandarmologyOpenEndDate")): Object: 'Object Repository/Stockbit/input__BandarmologyOpenEndDate' is clicked on

2024-01-22 17:54:37 - [MESSAGE][PASSED] - Object: 'Object Repository/Stockbit/input__BandarmologyOpenEndDate' is clicked on

2024-01-22 17:54:37 - [TEST_STEP][PASSED] - sendKeys(findTestObject("Stockbit/input__BandarmologyOpenEndDate"), Keys.chord(CONTROL, "a")): Keys 'CONTROL + a' sent to object: 'Object Repository/Stockbit/input__BandarmologyOpenEndDate'

2024-01-22 17:54:38 - [MESSAGE][PASSED] - Keys 'CONTROL + a' sent to object: 'Object Repository/Stockbit/input__BandarmologyOpenEndDate'

2024-01-22 17:54:38 - [TEST_STEP][PASSED] - sendKeys(findTestObject("Stockbit/input__BandarmologyOpenEndDate"), Keys.chord(BACK_SPACE)): Keys 'BACK_SPACE + ' sent to object: 'Object Repository/Stockbit/input__BandarmologyOpenEndDate'

2024-01-22 17:54:38 - [MESSAGE][PASSED] - Keys 'BACK_SPACE + ' sent to object: 'Object Repository/Stockbit/input__BandarmologyOpenEndDate'

2024-01-22 17:54:38 - [TEST_STEP][PASSED] - setText(findTestObject("Stockbit/input__BandarmologyOpenEndDate"), strTanggal): Text '2024-01-22' is set on object 'Object Repository/Stockbit/input__BandarmologyOpenEndDate'

2024-01-22 17:54:39 - [MESSAGE][PASSED] - Text '2024-01-22' is set on object 'Object Repository/Stockbit/input__BandarmologyOpenEndDate'

2024-01-22 17:54:39 - [TEST_STEP][PASSED] - sendKeys(findTestObject("Stockbit/input__BandarmologyOpenEndDate"), Keys.chord(ENTER)): Keys 'ENTER + ' sent to object: 'Object Repository/Stockbit/input__BandarmologyOpenEndDate'

2024-01-22 17:54:40 - [MESSAGE][PASSED] - Keys 'ENTER + ' sent to object: 'Object Repository/Stockbit/input__BandarmologyOpenEndDate'

2024-01-22 17:54:40 - [TEST_STEP][PASSED] - delay(2): Delayed 2 second(s)

2024-01-22 17:54:42 - [MESSAGE][PASSED] - Delayed 2 second(s)

2024-01-22 17:54:42 - [TEST_STEP][PASSED] - strTemp = getText(findTestObject("Stockbit/Bandarmology_AvgRP")): Text of object 'Object Repository/Stockbit/Bandarmology_AvgRP' is: '267'

2024-01-22 17:54:42 - [MESSAGE][PASSED] - Text of object 'Object Repository/Stockbit/Bandarmology_AvgRP' is: '267'

2024-01-22 17:54:42 - [TEST_STEP][PASSED] - out.println("Bandarmology_AvgRP = " + strTemp): null

2024-01-22 17:54:42 - [TEST_STEP][PASSED] - if (strTemp != "0"): null

2024-01-22 17:54:42 - [TEST_STEP][PASSED] - strTop1 = getText(findTestObject("Stockbit/Bandarmology_Top1")): Text of object 'Object Repository/Stockbit/Bandarmology_Top1' is: 'Normal Acc'

2024-01-22 17:54:42 - [MESSAGE][PASSED] - Text of object 'Object Repository/Stockbit/Bandarmology_Top1' is: 'Normal Acc'

2024-01-22 17:54:42 - [TEST_STEP][PASSED] - strTop3 = getText(findTestObject("Stockbit/Bandarmology_Top3")): Text of object 'Object Repository/Stockbit/Bandarmology_Top3' is: 'Big Acc'

2024-01-22 17:54:42 - [MESSAGE][PASSED] - Text of object 'Object Repository/Stockbit/Bandarmology_Top3' is: 'Big Acc'

2024-01-22 17:54:42 - [TEST_STEP][PASSED] - strTop5 = getText(findTestObject("Stockbit/Bandarmology_Top5")): Text of object 'Object Repository/Stockbit/Bandarmology_Top5' is: 'Normal Acc'

2024-01-22 17:54:42 - [MESSAGE][PASSED] - Text of object 'Object Repository/Stockbit/Bandarmology_Top5' is: 'Normal Acc'

2024-01-22 17:54:42 - [TEST_STEP][PASSED] - strAllBrokAvg = getText(findTestObject("Stockbit/Bandarmology_TopAVG")): Text of object 'Object Repository/Stockbit/Bandarmology_TopAVG' is: 'Big Acc'

2024-01-22 17:54:42 - [MESSAGE][PASSED] - Text of object 'Object Repository/Stockbit/Bandarmology_TopAVG' is: 'Big Acc'

2024-01-22 17:54:42 - [TEST_STEP][PASSED] - strTemp = getText(findTestObject("Stockbit/Bandarmology_AvgRP")): Text of object 'Object Repository/Stockbit/Bandarmology_AvgRP' is: '267'

2024-01-22 17:54:43 - [MESSAGE][PASSED] - Text of object 'Object Repository/Stockbit/Bandarmology_AvgRP' is: '267'

2024-01-22 17:54:43 - [TEST_STEP][PASSED] - if (strTemp.contains(",")): null

2024-01-22 17:54:43 - [TEST_STEP][PASSED] - intAvgRP = strTemp.toInteger(): null

2024-01-22 17:54:43 - [TEST_STEP][PASSED] - strBuyer1 = getText(findTestObject("Stockbit/Bandarmology_Buyer1")): Text of object 'Object Repository/Stockbit/Bandarmology_Buyer1' is: 'AZ'

2024-01-22 17:54:43 - [MESSAGE][PASSED] - Text of object 'Object Repository/Stockbit/Bandarmology_Buyer1' is: 'AZ'

2024-01-22 17:54:43 - [TEST_STEP][PASSED] - strBuyerVol1 = getText(findTestObject("Stockbit/Bandarmology_BuyerVol1")): Text of object 'Object Repository/Stockbit/Bandarmology_BuyerVol1' is: '38.8 K'

2024-01-22 17:54:43 - [MESSAGE][PASSED] - Text of object 'Object Repository/Stockbit/Bandarmology_BuyerVol1' is: '38.8 K'

2024-01-22 17:54:43 - [TEST_STEP][PASSED] - strBuyerAvg1 = getText(findTestObject("Stockbit/Bandarmology_BuyerAvg1")): Text of object 'Object Repository/Stockbit/Bandarmology_BuyerAvg1' is: '269'

2024-01-22 17:54:43 - [MESSAGE][PASSED] - Text of object 'Object Repository/Stockbit/Bandarmology_BuyerAvg1' is: '269'

2024-01-22 17:54:43 - [TEST_STEP][PASSED] - if (strBuyerAvg1.contains(",")): null

2024-01-22 17:54:43 - [TEST_STEP][PASSED] - if (strBuyerVol1.contains(" B")): null

2024-01-22 17:54:43 - [TEST_STEP][PASSED] - else if (strBuyerVol1.contains(" M")): null

2024-01-22 17:54:43 - [TEST_STEP][PASSED] - else if (strBuyerVol1.contains(" K")): null

2024-01-22 17:54:43 - [TEST_STEP][PASSED] - strBuyerVol1 = strBuyerVol1.replace(" K", ""): null

2024-01-22 17:54:43 - [TEST_STEP][PASSED] - strBuyerVol1 = strBuyerVol1.toDouble() * 1000: null

2024-01-22 17:54:43 - [TEST_STEP][PASSED] - strSeller1 = getText(findTestObject("Stockbit/Bandarmology_Seller1")): Text of object 'Object Repository/Stockbit/Bandarmology_Seller1' is: 'CC'

2024-01-22 17:54:43 - [MESSAGE][PASSED] - Text of object 'Object Repository/Stockbit/Bandarmology_Seller1' is: 'CC'

2024-01-22 17:54:43 - [TEST_STEP][PASSED] - strSellerVol1 = getText(findTestObject("Stockbit/Bandarmology_SellerVol1")): Text of object 'Object Repository/Stockbit/Bandarmology_SellerVol1' is: '22.9 K'

2024-01-22 17:54:43 - [MESSAGE][PASSED] - Text of object 'Object Repository/Stockbit/Bandarmology_SellerVol1' is: '22.9 K'

2024-01-22 17:54:43 - [TEST_STEP][PASSED] - strSellerAvg1 = getText(findTestObject("Stockbit/Bandarmology_SellerAvg1")): Text of object 'Object Repository/Stockbit/Bandarmology_SellerAvg1' is: '267'

2024-01-22 17:54:44 - [MESSAGE][PASSED] - Text of object 'Object Repository/Stockbit/Bandarmology_SellerAvg1' is: '267'

2024-01-22 17:54:44 - [TEST_STEP][PASSED] - if (strSellerAvg1.contains(",")): null

2024-01-22 17:54:44 - [TEST_STEP][PASSED] - if (strSellerVol1.contains(" B")): null

2024-01-22 17:54:44 - [TEST_STEP][PASSED] - else if (strSellerVol1.contains(" M")): null

2024-01-22 17:54:44 - [TEST_STEP][PASSED] - else if (strSellerVol1.contains(" K")): null

2024-01-22 17:54:44 - [TEST_STEP][PASSED] - strSellerVol1 = strSellerVol1.replace(" K", ""): null

2024-01-22 17:54:44 - [TEST_STEP][PASSED] - strSellerVol1 = strSellerVol1.toDouble() * 1000: null

2024-01-22 17:54:44 - [TEST_STEP][PASSED] - if (verifyElementNotPresent(findTestObject("Stockbit/Bandarmology_Buyer2"), 1, OPTIONAL)): Web element with id: 'Object Repository/Stockbit/Bandarmology_Buyer2' located by 'By.xpath: //*[contains(@id, 'rc-tabs-')]/div[2]/div/div/div/div/div/div[2]/table/tbody/tr[3]/td[1]/p' is present after '1' second(s) (Root cause: com.kms.katalon.core.exception.StepFailedException: Web element with id: 'Object Repository/Stockbit/Bandarmology_Buyer2' located by 'By.xpath: //*[contains(@id, 'rc-tabs-')]/div[2]/div/div/div/div/div/div[2]/table/tbody/tr[3]/td[1]/p' is present after '1' second(s)
	at com.kms.katalon.core.webui.keyword.internal.WebUIKeywordMain.stepFailed(WebUIKeywordMain.groovy:64)
	at com.kms.katalon.core.webui.keyword.internal.WebUIKeywordMain$stepFailed$0.call(Unknown Source)
	at com.kms.katalon.core.webui.keyword.builtin.VerifyElementNotPresentKeyword$_verifyElementNotPresent_closure1.doCall(VerifyElementNotPresentKeyword.groovy:106)
	at com.kms.katalon.core.webui.keyword.builtin.VerifyElementNotPresentKeyword$_verifyElementNotPresent_closure1.doCall(VerifyElementNotPresentKeyword.groovy)
	at com.kms.katalon.core.webui.keyword.internal.WebUIKeywordMain.runKeyword(WebUIKeywordMain.groovy:20)
	at com.kms.katalon.core.webui.keyword.internal.WebUIKeywordMain$runKeyword.call(Unknown Source)
	at com.kms.katalon.core.webui.keyword.builtin.VerifyElementNotPresentKeyword.verifyElementNotPresent(VerifyElementNotPresentKeyword.groovy:117)
	at com.kms.katalon.core.webui.keyword.builtin.VerifyElementNotPresentKeyword.execute(VerifyElementNotPresentKeyword.groovy:68)
	at com.kms.katalon.core.keyword.internal.KeywordExecutor.executeKeywordForPlatform(KeywordExecutor.groovy:74)
	at com.kms.katalon.core.webui.keyword.WebUiBuiltInKeywords.verifyElementNotPresent(WebUiBuiltInKeywords.groovy:1481)
	at com.kms.katalon.core.webui.keyword.WebUiBuiltInKeywords$verifyElementNotPresent$8.call(Unknown Source)
	at GetBrokSumPriceDaily.run(GetBrokSumPriceDaily:258)
	at com.kms.katalon.core.main.ScriptEngine.run(ScriptEngine.java:194)
	at com.kms.katalon.core.main.ScriptEngine.runScriptAsRawText(ScriptEngine.java:119)
	at com.kms.katalon.core.main.TestCaseExecutor.runScript(TestCaseExecutor.java:445)
	at com.kms.katalon.core.main.TestCaseExecutor.doExecute(TestCaseExecutor.java:436)
	at com.kms.katalon.core.main.TestCaseExecutor.processExecutionPhase(TestCaseExecutor.java:415)
	at com.kms.katalon.core.main.TestCaseExecutor.accessMainPhase(TestCaseExecutor.java:407)
	at com.kms.katalon.core.main.TestCaseExecutor.execute(TestCaseExecutor.java:284)
	at com.kms.katalon.core.common.CommonExecutor.accessTestCaseMainPhase(CommonExecutor.java:65)
	at com.kms.katalon.core.main.TestSuiteExecutor.accessTestSuiteMainPhase(TestSuiteExecutor.java:144)
	at com.kms.katalon.core.main.TestSuiteExecutor.execute(TestSuiteExecutor.java:106)
	at com.kms.katalon.core.main.TestCaseMain.startTestSuite(TestCaseMain.java:185)
	at com.kms.katalon.core.main.TestCaseMain$startTestSuite$0.call(Unknown Source)
	at TempTestSuite1705920083951.run(TempTestSuite1705920083951.groovy:36)
)

2024-01-22 17:54:45 - [MESSAGE][WARNING] - Web element with id: 'Object Repository/Stockbit/Bandarmology_Buyer2' located by 'By.xpath: //*[contains(@id, 'rc-tabs-')]/div[2]/div/div/div/div/div/div[2]/table/tbody/tr[3]/td[1]/p' is present after '1' second(s) (Root cause: com.kms.katalon.core.exception.StepFailedException: Web element with id: 'Object Repository/Stockbit/Bandarmology_Buyer2' located by 'By.xpath: //*[contains(@id, 'rc-tabs-')]/div[2]/div/div/div/div/div/div[2]/table/tbody/tr[3]/td[1]/p' is present after '1' second(s)
	at com.kms.katalon.core.webui.keyword.internal.WebUIKeywordMain.stepFailed(WebUIKeywordMain.groovy:64)
	at com.kms.katalon.core.webui.keyword.internal.WebUIKeywordMain$stepFailed$0.call(Unknown Source)
	at com.kms.katalon.core.webui.keyword.builtin.VerifyElementNotPresentKeyword$_verifyElementNotPresent_closure1.doCall(VerifyElementNotPresentKeyword.groovy:106)
	at com.kms.katalon.core.webui.keyword.builtin.VerifyElementNotPresentKeyword$_verifyElementNotPresent_closure1.doCall(VerifyElementNotPresentKeyword.groovy)
	at com.kms.katalon.core.webui.keyword.internal.WebUIKeywordMain.runKeyword(WebUIKeywordMain.groovy:20)
	at com.kms.katalon.core.webui.keyword.internal.WebUIKeywordMain$runKeyword.call(Unknown Source)
	at com.kms.katalon.core.webui.keyword.builtin.VerifyElementNotPresentKeyword.verifyElementNotPresent(VerifyElementNotPresentKeyword.groovy:117)
	at com.kms.katalon.core.webui.keyword.builtin.VerifyElementNotPresentKeyword.execute(VerifyElementNotPresentKeyword.groovy:68)
	at com.kms.katalon.core.keyword.internal.KeywordExecutor.executeKeywordForPlatform(KeywordExecutor.groovy:74)
	at com.kms.katalon.core.webui.keyword.WebUiBuiltInKeywords.verifyElementNotPresent(WebUiBuiltInKeywords.groovy:1481)
	at com.kms.katalon.core.webui.keyword.WebUiBuiltInKeywords$verifyElementNotPresent$8.call(Unknown Source)
	at GetBrokSumPriceDaily.run(GetBrokSumPriceDaily:258)
	at com.kms.katalon.core.main.ScriptEngine.run(ScriptEngine.java:194)
	at com.kms.katalon.core.main.ScriptEngine.runScriptAsRawText(ScriptEngine.java:119)
	at com.kms.katalon.core.main.TestCaseExecutor.runScript(TestCaseExecutor.java:445)
	at com.kms.katalon.core.main.TestCaseExecutor.doExecute(TestCaseExecutor.java:436)
	at com.kms.katalon.core.main.TestCaseExecutor.processExecutionPhase(TestCaseExecutor.java:415)
	at com.kms.katalon.core.main.TestCaseExecutor.accessMainPhase(TestCaseExecutor.java:407)
	at com.kms.katalon.core.main.TestCaseExecutor.execute(TestCaseExecutor.java:284)
	at com.kms.katalon.core.common.CommonExecutor.accessTestCaseMainPhase(CommonExecutor.java:65)
	at com.kms.katalon.core.main.TestSuiteExecutor.accessTestSuiteMainPhase(TestSuiteExecutor.java:144)
	at com.kms.katalon.core.main.TestSuiteExecutor.execute(TestSuiteExecutor.java:106)
	at com.kms.katalon.core.main.TestCaseMain.startTestSuite(TestCaseMain.java:185)
	at com.kms.katalon.core.main.TestCaseMain$startTestSuite$0.call(Unknown Source)
	at TempTestSuite1705920083951.run(TempTestSuite1705920083951.groovy:36)
)
[[ATTACHMENT|C:\\Users\\Fadli\\git\\KatalonDailyGetData2\\Reports\\20240122_174123\\TS1\\20240122_174123\\1705920885407.png]]

2024-01-22 17:54:45 - [TEST_STEP][PASSED] - else: null

2024-01-22 17:54:45 - [TEST_STEP][PASSED] - strBuyer2 = getText(findTestObject("Stockbit/Bandarmology_Buyer2")): Text of object 'Object Repository/Stockbit/Bandarmology_Buyer2' is: 'SQ'

2024-01-22 17:54:45 - [MESSAGE][PASSED] - Text of object 'Object Repository/Stockbit/Bandarmology_Buyer2' is: 'SQ'

2024-01-22 17:54:45 - [TEST_STEP][PASSED] - strBuyerVol2 = getText(findTestObject("Stockbit/Bandarmology_BuyerVol2")): Text of object 'Object Repository/Stockbit/Bandarmology_BuyerVol2' is: '30 K'

2024-01-22 17:54:45 - [MESSAGE][PASSED] - Text of object 'Object Repository/Stockbit/Bandarmology_BuyerVol2' is: '30 K'

2024-01-22 17:54:45 - [TEST_STEP][PASSED] - strBuyerAvg2 = getText(findTestObject("Stockbit/Bandarmology_BuyerAvg2")): Text of object 'Object Repository/Stockbit/Bandarmology_BuyerAvg2' is: '264'

2024-01-22 17:54:46 - [MESSAGE][PASSED] - Text of object 'Object Repository/Stockbit/Bandarmology_BuyerAvg2' is: '264'

2024-01-22 17:54:46 - [TEST_STEP][PASSED] - if (strBuyer2 != ""): null

2024-01-22 17:54:46 - [TEST_STEP][PASSED] - if (strBuyerAvg2.contains(",")): null

2024-01-22 17:54:46 - [TEST_STEP][PASSED] - if (strBuyerVol2.contains(" B")): null

2024-01-22 17:54:46 - [TEST_STEP][PASSED] - else if (strBuyerVol2.contains(" M")): null

2024-01-22 17:54:46 - [TEST_STEP][PASSED] - else if (strBuyerVol2.contains(" K")): null

2024-01-22 17:54:46 - [TEST_STEP][PASSED] - strBuyerVol2 = strBuyerVol2.replace(" K", ""): null

2024-01-22 17:54:46 - [TEST_STEP][PASSED] - strBuyerVol2 = strBuyerVol2.toDouble() * 1000: null

2024-01-22 17:54:46 - [TEST_STEP][PASSED] - if (strBuyerVol2.contains(".")): null

2024-01-22 17:54:46 - [TEST_STEP][PASSED] - strBuyerVal2 = strBuyerVol2.replace(".", ""): null

2024-01-22 17:54:46 - [TEST_STEP][PASSED] - if (verifyElementNotPresent(findTestObject("Stockbit/Bandarmology_Seller2"), 1, OPTIONAL)): Web element with id: 'Object Repository/Stockbit/Bandarmology_Seller2' located by 'By.xpath: //*[contains(@id, 'rc-tabs-')]/div[2]/div/div/div/div/div/div[2]/table/tbody/tr[3]/td[5]/p' is present after '1' second(s) (Root cause: com.kms.katalon.core.exception.StepFailedException: Web element with id: 'Object Repository/Stockbit/Bandarmology_Seller2' located by 'By.xpath: //*[contains(@id, 'rc-tabs-')]/div[2]/div/div/div/div/div/div[2]/table/tbody/tr[3]/td[5]/p' is present after '1' second(s)
	at com.kms.katalon.core.webui.keyword.internal.WebUIKeywordMain.stepFailed(WebUIKeywordMain.groovy:64)
	at com.kms.katalon.core.webui.keyword.internal.WebUIKeywordMain$stepFailed$0.call(Unknown Source)
	at com.kms.katalon.core.webui.keyword.builtin.VerifyElementNotPresentKeyword$_verifyElementNotPresent_closure1.doCall(VerifyElementNotPresentKeyword.groovy:106)
	at com.kms.katalon.core.webui.keyword.builtin.VerifyElementNotPresentKeyword$_verifyElementNotPresent_closure1.doCall(VerifyElementNotPresentKeyword.groovy)
	at com.kms.katalon.core.webui.keyword.internal.WebUIKeywordMain.runKeyword(WebUIKeywordMain.groovy:20)
	at com.kms.katalon.core.webui.keyword.internal.WebUIKeywordMain$runKeyword.call(Unknown Source)
	at com.kms.katalon.core.webui.keyword.builtin.VerifyElementNotPresentKeyword.verifyElementNotPresent(VerifyElementNotPresentKeyword.groovy:117)
	at com.kms.katalon.core.webui.keyword.builtin.VerifyElementNotPresentKeyword.execute(VerifyElementNotPresentKeyword.groovy:68)
	at com.kms.katalon.core.keyword.internal.KeywordExecutor.executeKeywordForPlatform(KeywordExecutor.groovy:74)
	at com.kms.katalon.core.webui.keyword.WebUiBuiltInKeywords.verifyElementNotPresent(WebUiBuiltInKeywords.groovy:1481)
	at com.kms.katalon.core.webui.keyword.WebUiBuiltInKeywords$verifyElementNotPresent$8.call(Unknown Source)
	at GetBrokSumPriceDaily.run(GetBrokSumPriceDaily:309)
	at com.kms.katalon.core.main.ScriptEngine.run(ScriptEngine.java:194)
	at com.kms.katalon.core.main.ScriptEngine.runScriptAsRawText(ScriptEngine.java:119)
	at com.kms.katalon.core.main.TestCaseExecutor.runScript(TestCaseExecutor.java:445)
	at com.kms.katalon.core.main.TestCaseExecutor.doExecute(TestCaseExecutor.java:436)
	at com.kms.katalon.core.main.TestCaseExecutor.processExecutionPhase(TestCaseExecutor.java:415)
	at com.kms.katalon.core.main.TestCaseExecutor.accessMainPhase(TestCaseExecutor.java:407)
	at com.kms.katalon.core.main.TestCaseExecutor.execute(TestCaseExecutor.java:284)
	at com.kms.katalon.core.common.CommonExecutor.accessTestCaseMainPhase(CommonExecutor.java:65)
	at com.kms.katalon.core.main.TestSuiteExecutor.accessTestSuiteMainPhase(TestSuiteExecutor.java:144)
	at com.kms.katalon.core.main.TestSuiteExecutor.execute(TestSuiteExecutor.java:106)
	at com.kms.katalon.core.main.TestCaseMain.startTestSuite(TestCaseMain.java:185)
	at com.kms.katalon.core.main.TestCaseMain$startTestSuite$0.call(Unknown Source)
	at TempTestSuite1705920083951.run(TempTestSuite1705920083951.groovy:36)
)

2024-01-22 17:54:47 - [MESSAGE][WARNING] - Web element with id: 'Object Repository/Stockbit/Bandarmology_Seller2' located by 'By.xpath: //*[contains(@id, 'rc-tabs-')]/div[2]/div/div/div/div/div/div[2]/table/tbody/tr[3]/td[5]/p' is present after '1' second(s) (Root cause: com.kms.katalon.core.exception.StepFailedException: Web element with id: 'Object Repository/Stockbit/Bandarmology_Seller2' located by 'By.xpath: //*[contains(@id, 'rc-tabs-')]/div[2]/div/div/div/div/div/div[2]/table/tbody/tr[3]/td[5]/p' is present after '1' second(s)
	at com.kms.katalon.core.webui.keyword.internal.WebUIKeywordMain.stepFailed(WebUIKeywordMain.groovy:64)
	at com.kms.katalon.core.webui.keyword.internal.WebUIKeywordMain$stepFailed$0.call(Unknown Source)
	at com.kms.katalon.core.webui.keyword.builtin.VerifyElementNotPresentKeyword$_verifyElementNotPresent_closure1.doCall(VerifyElementNotPresentKeyword.groovy:106)
	at com.kms.katalon.core.webui.keyword.builtin.VerifyElementNotPresentKeyword$_verifyElementNotPresent_closure1.doCall(VerifyElementNotPresentKeyword.groovy)
	at com.kms.katalon.core.webui.keyword.internal.WebUIKeywordMain.runKeyword(WebUIKeywordMain.groovy:20)
	at com.kms.katalon.core.webui.keyword.internal.WebUIKeywordMain$runKeyword.call(Unknown Source)
	at com.kms.katalon.core.webui.keyword.builtin.VerifyElementNotPresentKeyword.verifyElementNotPresent(VerifyElementNotPresentKeyword.groovy:117)
	at com.kms.katalon.core.webui.keyword.builtin.VerifyElementNotPresentKeyword.execute(VerifyElementNotPresentKeyword.groovy:68)
	at com.kms.katalon.core.keyword.internal.KeywordExecutor.executeKeywordForPlatform(KeywordExecutor.groovy:74)
	at com.kms.katalon.core.webui.keyword.WebUiBuiltInKeywords.verifyElementNotPresent(WebUiBuiltInKeywords.groovy:1481)
	at com.kms.katalon.core.webui.keyword.WebUiBuiltInKeywords$verifyElementNotPresent$8.call(Unknown Source)
	at GetBrokSumPriceDaily.run(GetBrokSumPriceDaily:309)
	at com.kms.katalon.core.main.ScriptEngine.run(ScriptEngine.java:194)
	at com.kms.katalon.core.main.ScriptEngine.runScriptAsRawText(ScriptEngine.java:119)
	at com.kms.katalon.core.main.TestCaseExecutor.runScript(TestCaseExecutor.java:445)
	at com.kms.katalon.core.main.TestCaseExecutor.doExecute(TestCaseExecutor.java:436)
	at com.kms.katalon.core.main.TestCaseExecutor.processExecutionPhase(TestCaseExecutor.java:415)
	at com.kms.katalon.core.main.TestCaseExecutor.accessMainPhase(TestCaseExecutor.java:407)
	at com.kms.katalon.core.main.TestCaseExecutor.execute(TestCaseExecutor.java:284)
	at com.kms.katalon.core.common.CommonExecutor.accessTestCaseMainPhase(CommonExecutor.java:65)
	at com.kms.katalon.core.main.TestSuiteExecutor.accessTestSuiteMainPhase(TestSuiteExecutor.java:144)
	at com.kms.katalon.core.main.TestSuiteExecutor.execute(TestSuiteExecutor.java:106)
	at com.kms.katalon.core.main.TestCaseMain.startTestSuite(TestCaseMain.java:185)
	at com.kms.katalon.core.main.TestCaseMain$startTestSuite$0.call(Unknown Source)
	at TempTestSuite1705920083951.run(TempTestSuite1705920083951.groovy:36)
)
[[ATTACHMENT|C:\\Users\\Fadli\\git\\KatalonDailyGetData2\\Reports\\20240122_174123\\TS1\\20240122_174123\\1705920887343.png]]

2024-01-22 17:54:47 - [TEST_STEP][PASSED] - else: null

2024-01-22 17:54:47 - [TEST_STEP][PASSED] - strSeller2 = getText(findTestObject("Stockbit/Bandarmology_Seller2")): Text of object 'Object Repository/Stockbit/Bandarmology_Seller2' is: 'KK'

2024-01-22 17:54:47 - [MESSAGE][PASSED] - Text of object 'Object Repository/Stockbit/Bandarmology_Seller2' is: 'KK'

2024-01-22 17:54:47 - [TEST_STEP][PASSED] - strSellerVol2 = getText(findTestObject("Stockbit/Bandarmology_SellerVol2")): Text of object 'Object Repository/Stockbit/Bandarmology_SellerVol2' is: '17.9 K'

2024-01-22 17:54:47 - [MESSAGE][PASSED] - Text of object 'Object Repository/Stockbit/Bandarmology_SellerVol2' is: '17.9 K'

2024-01-22 17:54:47 - [TEST_STEP][PASSED] - strSellerAvg2 = getText(findTestObject("Stockbit/Bandarmology_SellerAvg2")): Text of object 'Object Repository/Stockbit/Bandarmology_SellerAvg2' is: '264'

2024-01-22 17:54:48 - [MESSAGE][PASSED] - Text of object 'Object Repository/Stockbit/Bandarmology_SellerAvg2' is: '264'

2024-01-22 17:54:48 - [TEST_STEP][PASSED] - if (strSeller2 != ""): null

2024-01-22 17:54:48 - [TEST_STEP][PASSED] - if (strSellerAvg2.contains(",")): null

2024-01-22 17:54:48 - [TEST_STEP][PASSED] - if (strSellerVol2.contains(" B")): null

2024-01-22 17:54:48 - [TEST_STEP][PASSED] - else if (strSellerVol2.contains(" M")): null

2024-01-22 17:54:48 - [TEST_STEP][PASSED] - else if (strSellerVol2.contains(" K")): null

2024-01-22 17:54:48 - [TEST_STEP][PASSED] - strSellerVol2 = strSellerVol2.replace(" K", ""): null

2024-01-22 17:54:48 - [TEST_STEP][PASSED] - strSellerVol2 = strSellerVol2.toDouble() * 1000: null

2024-01-22 17:54:48 - [TEST_STEP][PASSED] - if (verifyElementNotPresent(findTestObject("Stockbit/Bandarmology_Buyer3"), 1, OPTIONAL)): Web element with id: 'Object Repository/Stockbit/Bandarmology_Buyer3' located by 'By.xpath: //*[contains(@id, 'rc-tabs-')]/div[2]/div/div/div/div/div/div[2]/table/tbody/tr[4]/td[1]/p' is present after '1' second(s) (Root cause: com.kms.katalon.core.exception.StepFailedException: Web element with id: 'Object Repository/Stockbit/Bandarmology_Buyer3' located by 'By.xpath: //*[contains(@id, 'rc-tabs-')]/div[2]/div/div/div/div/div/div[2]/table/tbody/tr[4]/td[1]/p' is present after '1' second(s)
	at com.kms.katalon.core.webui.keyword.internal.WebUIKeywordMain.stepFailed(WebUIKeywordMain.groovy:64)
	at com.kms.katalon.core.webui.keyword.internal.WebUIKeywordMain$stepFailed$0.call(Unknown Source)
	at com.kms.katalon.core.webui.keyword.builtin.VerifyElementNotPresentKeyword$_verifyElementNotPresent_closure1.doCall(VerifyElementNotPresentKeyword.groovy:106)
	at com.kms.katalon.core.webui.keyword.builtin.VerifyElementNotPresentKeyword$_verifyElementNotPresent_closure1.doCall(VerifyElementNotPresentKeyword.groovy)
	at com.kms.katalon.core.webui.keyword.internal.WebUIKeywordMain.runKeyword(WebUIKeywordMain.groovy:20)
	at com.kms.katalon.core.webui.keyword.internal.WebUIKeywordMain$runKeyword.call(Unknown Source)
	at com.kms.katalon.core.webui.keyword.builtin.VerifyElementNotPresentKeyword.verifyElementNotPresent(VerifyElementNotPresentKeyword.groovy:117)
	at com.kms.katalon.core.webui.keyword.builtin.VerifyElementNotPresentKeyword.execute(VerifyElementNotPresentKeyword.groovy:68)
	at com.kms.katalon.core.keyword.internal.KeywordExecutor.executeKeywordForPlatform(KeywordExecutor.groovy:74)
	at com.kms.katalon.core.webui.keyword.WebUiBuiltInKeywords.verifyElementNotPresent(WebUiBuiltInKeywords.groovy:1481)
	at com.kms.katalon.core.webui.keyword.WebUiBuiltInKeywords$verifyElementNotPresent$8.call(Unknown Source)
	at GetBrokSumPriceDaily.run(GetBrokSumPriceDaily:361)
	at com.kms.katalon.core.main.ScriptEngine.run(ScriptEngine.java:194)
	at com.kms.katalon.core.main.ScriptEngine.runScriptAsRawText(ScriptEngine.java:119)
	at com.kms.katalon.core.main.TestCaseExecutor.runScript(TestCaseExecutor.java:445)
	at com.kms.katalon.core.main.TestCaseExecutor.doExecute(TestCaseExecutor.java:436)
	at com.kms.katalon.core.main.TestCaseExecutor.processExecutionPhase(TestCaseExecutor.java:415)
	at com.kms.katalon.core.main.TestCaseExecutor.accessMainPhase(TestCaseExecutor.java:407)
	at com.kms.katalon.core.main.TestCaseExecutor.execute(TestCaseExecutor.java:284)
	at com.kms.katalon.core.common.CommonExecutor.accessTestCaseMainPhase(CommonExecutor.java:65)
	at com.kms.katalon.core.main.TestSuiteExecutor.accessTestSuiteMainPhase(TestSuiteExecutor.java:144)
	at com.kms.katalon.core.main.TestSuiteExecutor.execute(TestSuiteExecutor.java:106)
	at com.kms.katalon.core.main.TestCaseMain.startTestSuite(TestCaseMain.java:185)
	at com.kms.katalon.core.main.TestCaseMain$startTestSuite$0.call(Unknown Source)
	at TempTestSuite1705920083951.run(TempTestSuite1705920083951.groovy:36)
)

2024-01-22 17:54:49 - [MESSAGE][WARNING] - Web element with id: 'Object Repository/Stockbit/Bandarmology_Buyer3' located by 'By.xpath: //*[contains(@id, 'rc-tabs-')]/div[2]/div/div/div/div/div/div[2]/table/tbody/tr[4]/td[1]/p' is present after '1' second(s) (Root cause: com.kms.katalon.core.exception.StepFailedException: Web element with id: 'Object Repository/Stockbit/Bandarmology_Buyer3' located by 'By.xpath: //*[contains(@id, 'rc-tabs-')]/div[2]/div/div/div/div/div/div[2]/table/tbody/tr[4]/td[1]/p' is present after '1' second(s)
	at com.kms.katalon.core.webui.keyword.internal.WebUIKeywordMain.stepFailed(WebUIKeywordMain.groovy:64)
	at com.kms.katalon.core.webui.keyword.internal.WebUIKeywordMain$stepFailed$0.call(Unknown Source)
	at com.kms.katalon.core.webui.keyword.builtin.VerifyElementNotPresentKeyword$_verifyElementNotPresent_closure1.doCall(VerifyElementNotPresentKeyword.groovy:106)
	at com.kms.katalon.core.webui.keyword.builtin.VerifyElementNotPresentKeyword$_verifyElementNotPresent_closure1.doCall(VerifyElementNotPresentKeyword.groovy)
	at com.kms.katalon.core.webui.keyword.internal.WebUIKeywordMain.runKeyword(WebUIKeywordMain.groovy:20)
	at com.kms.katalon.core.webui.keyword.internal.WebUIKeywordMain$runKeyword.call(Unknown Source)
	at com.kms.katalon.core.webui.keyword.builtin.VerifyElementNotPresentKeyword.verifyElementNotPresent(VerifyElementNotPresentKeyword.groovy:117)
	at com.kms.katalon.core.webui.keyword.builtin.VerifyElementNotPresentKeyword.execute(VerifyElementNotPresentKeyword.groovy:68)
	at com.kms.katalon.core.keyword.internal.KeywordExecutor.executeKeywordForPlatform(KeywordExecutor.groovy:74)
	at com.kms.katalon.core.webui.keyword.WebUiBuiltInKeywords.verifyElementNotPresent(WebUiBuiltInKeywords.groovy:1481)
	at com.kms.katalon.core.webui.keyword.WebUiBuiltInKeywords$verifyElementNotPresent$8.call(Unknown Source)
	at GetBrokSumPriceDaily.run(GetBrokSumPriceDaily:361)
	at com.kms.katalon.core.main.ScriptEngine.run(ScriptEngine.java:194)
	at com.kms.katalon.core.main.ScriptEngine.runScriptAsRawText(ScriptEngine.java:119)
	at com.kms.katalon.core.main.TestCaseExecutor.runScript(TestCaseExecutor.java:445)
	at com.kms.katalon.core.main.TestCaseExecutor.doExecute(TestCaseExecutor.java:436)
	at com.kms.katalon.core.main.TestCaseExecutor.processExecutionPhase(TestCaseExecutor.java:415)
	at com.kms.katalon.core.main.TestCaseExecutor.accessMainPhase(TestCaseExecutor.java:407)
	at com.kms.katalon.core.main.TestCaseExecutor.execute(TestCaseExecutor.java:284)
	at com.kms.katalon.core.common.CommonExecutor.accessTestCaseMainPhase(CommonExecutor.java:65)
	at com.kms.katalon.core.main.TestSuiteExecutor.accessTestSuiteMainPhase(TestSuiteExecutor.java:144)
	at com.kms.katalon.core.main.TestSuiteExecutor.execute(TestSuiteExecutor.java:106)
	at com.kms.katalon.core.main.TestCaseMain.startTestSuite(TestCaseMain.java:185)
	at com.kms.katalon.core.main.TestCaseMain$startTestSuite$0.call(Unknown Source)
	at TempTestSuite1705920083951.run(TempTestSuite1705920083951.groovy:36)
)
[[ATTACHMENT|C:\\Users\\Fadli\\git\\KatalonDailyGetData2\\Reports\\20240122_174123\\TS1\\20240122_174123\\1705920889259.png]]

2024-01-22 17:54:49 - [TEST_STEP][PASSED] - else: null

2024-01-22 17:54:49 - [TEST_STEP][PASSED] - strBuyer3 = getText(findTestObject("Stockbit/Bandarmology_Buyer3")): Text of object 'Object Repository/Stockbit/Bandarmology_Buyer3' is: 'NI'

2024-01-22 17:54:49 - [MESSAGE][PASSED] - Text of object 'Object Repository/Stockbit/Bandarmology_Buyer3' is: 'NI'

2024-01-22 17:54:49 - [TEST_STEP][PASSED] - strBuyerVol3 = getText(findTestObject("Stockbit/Bandarmology_BuyerVol3")): Text of object 'Object Repository/Stockbit/Bandarmology_BuyerVol3' is: '13.3 K'

2024-01-22 17:54:49 - [MESSAGE][PASSED] - Text of object 'Object Repository/Stockbit/Bandarmology_BuyerVol3' is: '13.3 K'

2024-01-22 17:54:49 - [TEST_STEP][PASSED] - strBuyerAvg3 = getText(findTestObject("Stockbit/Bandarmology_BuyerAvg3")): Text of object 'Object Repository/Stockbit/Bandarmology_BuyerAvg3' is: '267'

2024-01-22 17:54:49 - [MESSAGE][PASSED] - Text of object 'Object Repository/Stockbit/Bandarmology_BuyerAvg3' is: '267'

2024-01-22 17:54:49 - [TEST_STEP][PASSED] - if (strBuyer3 != ""): null

2024-01-22 17:54:49 - [TEST_STEP][PASSED] - if (strBuyerAvg3.contains(",")): null

2024-01-22 17:54:49 - [TEST_STEP][PASSED] - if (strBuyerVol3.contains(" B")): null

2024-01-22 17:54:49 - [TEST_STEP][PASSED] - else if (strBuyerVol3.contains(" M")): null

2024-01-22 17:54:49 - [TEST_STEP][PASSED] - else if (strBuyerVol3.contains(" K")): null

2024-01-22 17:54:49 - [TEST_STEP][PASSED] - strBuyerVol3 = strBuyerVol3.replace(" K", ""): null

2024-01-22 17:54:49 - [TEST_STEP][PASSED] - strBuyerVol3 = strBuyerVol3.toDouble() * 1000: null

2024-01-22 17:54:49 - [TEST_STEP][PASSED] - if (verifyElementNotPresent(findTestObject("Stockbit/Bandarmology_Seller3"), 1, OPTIONAL)): Web element with id: 'Object Repository/Stockbit/Bandarmology_Seller3' located by 'By.xpath: //*[contains(@id, 'rc-tabs-')]/div[2]/div/div/div/div/div/div[2]/table/tbody/tr[4]/td[5]/p' is present after '1' second(s) (Root cause: com.kms.katalon.core.exception.StepFailedException: Web element with id: 'Object Repository/Stockbit/Bandarmology_Seller3' located by 'By.xpath: //*[contains(@id, 'rc-tabs-')]/div[2]/div/div/div/div/div/div[2]/table/tbody/tr[4]/td[5]/p' is present after '1' second(s)
	at com.kms.katalon.core.webui.keyword.internal.WebUIKeywordMain.stepFailed(WebUIKeywordMain.groovy:64)
	at com.kms.katalon.core.webui.keyword.internal.WebUIKeywordMain$stepFailed$0.call(Unknown Source)
	at com.kms.katalon.core.webui.keyword.builtin.VerifyElementNotPresentKeyword$_verifyElementNotPresent_closure1.doCall(VerifyElementNotPresentKeyword.groovy:106)
	at com.kms.katalon.core.webui.keyword.builtin.VerifyElementNotPresentKeyword$_verifyElementNotPresent_closure1.doCall(VerifyElementNotPresentKeyword.groovy)
	at com.kms.katalon.core.webui.keyword.internal.WebUIKeywordMain.runKeyword(WebUIKeywordMain.groovy:20)
	at com.kms.katalon.core.webui.keyword.internal.WebUIKeywordMain$runKeyword.call(Unknown Source)
	at com.kms.katalon.core.webui.keyword.builtin.VerifyElementNotPresentKeyword.verifyElementNotPresent(VerifyElementNotPresentKeyword.groovy:117)
	at com.kms.katalon.core.webui.keyword.builtin.VerifyElementNotPresentKeyword.execute(VerifyElementNotPresentKeyword.groovy:68)
	at com.kms.katalon.core.keyword.internal.KeywordExecutor.executeKeywordForPlatform(KeywordExecutor.groovy:74)
	at com.kms.katalon.core.webui.keyword.WebUiBuiltInKeywords.verifyElementNotPresent(WebUiBuiltInKeywords.groovy:1481)
	at com.kms.katalon.core.webui.keyword.WebUiBuiltInKeywords$verifyElementNotPresent$8.call(Unknown Source)
	at GetBrokSumPriceDaily.run(GetBrokSumPriceDaily:414)
	at com.kms.katalon.core.main.ScriptEngine.run(ScriptEngine.java:194)
	at com.kms.katalon.core.main.ScriptEngine.runScriptAsRawText(ScriptEngine.java:119)
	at com.kms.katalon.core.main.TestCaseExecutor.runScript(TestCaseExecutor.java:445)
	at com.kms.katalon.core.main.TestCaseExecutor.doExecute(TestCaseExecutor.java:436)
	at com.kms.katalon.core.main.TestCaseExecutor.processExecutionPhase(TestCaseExecutor.java:415)
	at com.kms.katalon.core.main.TestCaseExecutor.accessMainPhase(TestCaseExecutor.java:407)
	at com.kms.katalon.core.main.TestCaseExecutor.execute(TestCaseExecutor.java:284)
	at com.kms.katalon.core.common.CommonExecutor.accessTestCaseMainPhase(CommonExecutor.java:65)
	at com.kms.katalon.core.main.TestSuiteExecutor.accessTestSuiteMainPhase(TestSuiteExecutor.java:144)
	at com.kms.katalon.core.main.TestSuiteExecutor.execute(TestSuiteExecutor.java:106)
	at com.kms.katalon.core.main.TestCaseMain.startTestSuite(TestCaseMain.java:185)
	at com.kms.katalon.core.main.TestCaseMain$startTestSuite$0.call(Unknown Source)
	at TempTestSuite1705920083951.run(TempTestSuite1705920083951.groovy:36)
)

2024-01-22 17:54:51 - [MESSAGE][WARNING] - Web element with id: 'Object Repository/Stockbit/Bandarmology_Seller3' located by 'By.xpath: //*[contains(@id, 'rc-tabs-')]/div[2]/div/div/div/div/div/div[2]/table/tbody/tr[4]/td[5]/p' is present after '1' second(s) (Root cause: com.kms.katalon.core.exception.StepFailedException: Web element with id: 'Object Repository/Stockbit/Bandarmology_Seller3' located by 'By.xpath: //*[contains(@id, 'rc-tabs-')]/div[2]/div/div/div/div/div/div[2]/table/tbody/tr[4]/td[5]/p' is present after '1' second(s)
	at com.kms.katalon.core.webui.keyword.internal.WebUIKeywordMain.stepFailed(WebUIKeywordMain.groovy:64)
	at com.kms.katalon.core.webui.keyword.internal.WebUIKeywordMain$stepFailed$0.call(Unknown Source)
	at com.kms.katalon.core.webui.keyword.builtin.VerifyElementNotPresentKeyword$_verifyElementNotPresent_closure1.doCall(VerifyElementNotPresentKeyword.groovy:106)
	at com.kms.katalon.core.webui.keyword.builtin.VerifyElementNotPresentKeyword$_verifyElementNotPresent_closure1.doCall(VerifyElementNotPresentKeyword.groovy)
	at com.kms.katalon.core.webui.keyword.internal.WebUIKeywordMain.runKeyword(WebUIKeywordMain.groovy:20)
	at com.kms.katalon.core.webui.keyword.internal.WebUIKeywordMain$runKeyword.call(Unknown Source)
	at com.kms.katalon.core.webui.keyword.builtin.VerifyElementNotPresentKeyword.verifyElementNotPresent(VerifyElementNotPresentKeyword.groovy:117)
	at com.kms.katalon.core.webui.keyword.builtin.VerifyElementNotPresentKeyword.execute(VerifyElementNotPresentKeyword.groovy:68)
	at com.kms.katalon.core.keyword.internal.KeywordExecutor.executeKeywordForPlatform(KeywordExecutor.groovy:74)
	at com.kms.katalon.core.webui.keyword.WebUiBuiltInKeywords.verifyElementNotPresent(WebUiBuiltInKeywords.groovy:1481)
	at com.kms.katalon.core.webui.keyword.WebUiBuiltInKeywords$verifyElementNotPresent$8.call(Unknown Source)
	at GetBrokSumPriceDaily.run(GetBrokSumPriceDaily:414)
	at com.kms.katalon.core.main.ScriptEngine.run(ScriptEngine.java:194)
	at com.kms.katalon.core.main.ScriptEngine.runScriptAsRawText(ScriptEngine.java:119)
	at com.kms.katalon.core.main.TestCaseExecutor.runScript(TestCaseExecutor.java:445)
	at com.kms.katalon.core.main.TestCaseExecutor.doExecute(TestCaseExecutor.java:436)
	at com.kms.katalon.core.main.TestCaseExecutor.processExecutionPhase(TestCaseExecutor.java:415)
	at com.kms.katalon.core.main.TestCaseExecutor.accessMainPhase(TestCaseExecutor.java:407)
	at com.kms.katalon.core.main.TestCaseExecutor.execute(TestCaseExecutor.java:284)
	at com.kms.katalon.core.common.CommonExecutor.accessTestCaseMainPhase(CommonExecutor.java:65)
	at com.kms.katalon.core.main.TestSuiteExecutor.accessTestSuiteMainPhase(TestSuiteExecutor.java:144)
	at com.kms.katalon.core.main.TestSuiteExecutor.execute(TestSuiteExecutor.java:106)
	at com.kms.katalon.core.main.TestCaseMain.startTestSuite(TestCaseMain.java:185)
	at com.kms.katalon.core.main.TestCaseMain$startTestSuite$0.call(Unknown Source)
	at TempTestSuite1705920083951.run(TempTestSuite1705920083951.groovy:36)
)
[[ATTACHMENT|C:\\Users\\Fadli\\git\\KatalonDailyGetData2\\Reports\\20240122_174123\\TS1\\20240122_174123\\1705920891173.png]]

2024-01-22 17:54:51 - [TEST_STEP][PASSED] - else: null

2024-01-22 17:54:51 - [TEST_STEP][PASSED] - strSeller3 = getText(findTestObject("Stockbit/Bandarmology_Seller3")): Text of object 'Object Repository/Stockbit/Bandarmology_Seller3' is: 'DR'

2024-01-22 17:54:51 - [MESSAGE][PASSED] - Text of object 'Object Repository/Stockbit/Bandarmology_Seller3' is: 'DR'

2024-01-22 17:54:51 - [TEST_STEP][PASSED] - strSellerVol3 = getText(findTestObject("Stockbit/Bandarmology_SellerVol3")): Text of object 'Object Repository/Stockbit/Bandarmology_SellerVol3' is: '13.8 K'

2024-01-22 17:54:51 - [MESSAGE][PASSED] - Text of object 'Object Repository/Stockbit/Bandarmology_SellerVol3' is: '13.8 K'

2024-01-22 17:54:51 - [TEST_STEP][PASSED] - strSellerAvg3 = getText(findTestObject("Stockbit/Bandarmology_SellerAvg3")): Text of object 'Object Repository/Stockbit/Bandarmology_SellerAvg3' is: '265'

2024-01-22 17:54:51 - [MESSAGE][PASSED] - Text of object 'Object Repository/Stockbit/Bandarmology_SellerAvg3' is: '265'

2024-01-22 17:54:51 - [TEST_STEP][PASSED] - if (strSeller3 != ""): null

2024-01-22 17:54:51 - [TEST_STEP][PASSED] - if (strSellerAvg3.contains(",")): null

2024-01-22 17:54:51 - [TEST_STEP][PASSED] - if (strSellerVol3.contains(" B")): null

2024-01-22 17:54:51 - [TEST_STEP][PASSED] - else if (strSellerVol3.contains(" M")): null

2024-01-22 17:54:51 - [TEST_STEP][PASSED] - else if (strSellerVol3.contains(" K")): null

2024-01-22 17:54:51 - [TEST_STEP][PASSED] - strSellerVol3 = strSellerVol3.replace(" K", ""): null

2024-01-22 17:54:51 - [TEST_STEP][PASSED] - strSellerVol3 = strSellerVol3.toDouble() * 1000: null

2024-01-22 17:54:51 - [TEST_STEP][PASSED] - strAccDist = getText(findTestObject("Stockbit/Bandarmology_AccDist")): Text of object 'Object Repository/Stockbit/Bandarmology_AccDist' is: 'Acc'

2024-01-22 17:54:52 - [MESSAGE][PASSED] - Text of object 'Object Repository/Stockbit/Bandarmology_AccDist' is: 'Acc'

2024-01-22 17:54:52 - [TEST_STEP][PASSED] - strNetVol = getText(findTestObject("Stockbit/Bandarmology_NetVol")): Text of object 'Object Repository/Stockbit/Bandarmology_NetVol' is: '106,671'

2024-01-22 17:54:52 - [MESSAGE][PASSED] - Text of object 'Object Repository/Stockbit/Bandarmology_NetVol' is: '106,671'

2024-01-22 17:54:52 - [TEST_STEP][PASSED] - strNetVol = strNetVol.replace(",", ""): null

2024-01-22 17:54:52 - [TEST_STEP][PASSED] - strNetVal = getText(findTestObject("Stockbit/Bandarmology_NetVal")): Text of object 'Object Repository/Stockbit/Bandarmology_NetVal' is: '2.8 B'

2024-01-22 17:54:52 - [MESSAGE][PASSED] - Text of object 'Object Repository/Stockbit/Bandarmology_NetVal' is: '2.8 B'

2024-01-22 17:54:52 - [TEST_STEP][PASSED] - delay(3): Delayed 3 second(s)

2024-01-22 17:54:55 - [MESSAGE][PASSED] - Delayed 3 second(s)

2024-01-22 17:54:55 - [TEST_STEP][PASSED] - strOpenPrice = getText(findTestObject("Stockbit/Home_OpenPrice")): Text of object 'Object Repository/Stockbit/Home_OpenPrice' is: '266'

2024-01-22 17:54:55 - [MESSAGE][PASSED] - Text of object 'Object Repository/Stockbit/Home_OpenPrice' is: '266'

2024-01-22 17:54:55 - [TEST_STEP][PASSED] - strOpenPrice = strOpenPrice.replace(",", ""): null

2024-01-22 17:54:55 - [TEST_STEP][PASSED] - strLowPrice = getText(findTestObject("Stockbit/Home_LowPrice")): Text of object 'Object Repository/Stockbit/Home_LowPrice' is: '262'

2024-01-22 17:54:55 - [MESSAGE][PASSED] - Text of object 'Object Repository/Stockbit/Home_LowPrice' is: '262'

2024-01-22 17:54:55 - [TEST_STEP][PASSED] - strLowPrice = strLowPrice.replace(",", ""): null

2024-01-22 17:54:55 - [TEST_STEP][PASSED] - strHighPrice = getText(findTestObject("Stockbit/Home_HighPrice")): Text of object 'Object Repository/Stockbit/Home_HighPrice' is: '270'

2024-01-22 17:54:55 - [MESSAGE][PASSED] - Text of object 'Object Repository/Stockbit/Home_HighPrice' is: '270'

2024-01-22 17:54:55 - [TEST_STEP][PASSED] - strHighPrice = strHighPrice.replace(",", ""): null

2024-01-22 17:54:55 - [TEST_STEP][PASSED] - strClosePrice = getText(findTestObject("Stockbit/Home_ClosePrice")): Text of object 'Object Repository/Stockbit/Home_ClosePrice' is: '266'

2024-01-22 17:54:56 - [MESSAGE][PASSED] - Text of object 'Object Repository/Stockbit/Home_ClosePrice' is: '266'

2024-01-22 17:54:56 - [TEST_STEP][PASSED] - strClosePrice = strClosePrice.replace(",", ""): null

2024-01-22 17:54:56 - [TEST_STEP][PASSED] - strVol = getText(findTestObject("Stockbit/Home_Volume")): Text of object 'Object Repository/Stockbit/Home_Volume' is: '515 K'

2024-01-22 17:54:56 - [MESSAGE][PASSED] - Text of object 'Object Repository/Stockbit/Home_Volume' is: '515 K'

2024-01-22 17:54:56 - [TEST_STEP][PASSED] - if (strVol.contains(" K")): null

2024-01-22 17:54:56 - [TEST_STEP][PASSED] - strVol = strVol.replace(" K", "000"): null

2024-01-22 17:54:56 - [TEST_STEP][PASSED] - if (strVol.contains(",")): null

2024-01-22 17:54:56 - [TEST_STEP][PASSED] - strChange = getText(findTestObject("Stockbit/Home_Change")): Text of object 'Object Repository/Stockbit/Home_Change' is: '0.00%'

2024-01-22 17:54:56 - [MESSAGE][PASSED] - Text of object 'Object Repository/Stockbit/Home_Change' is: '0.00%'

2024-01-22 17:54:56 - [TEST_STEP][PASSED] - strChange = strChange.replace("%", ""): null

2024-01-22 17:54:56 - [TEST_STEP][PASSED] - strFreq = getText(findTestObject("Stockbit/Home_Freq")): Text of object 'Object Repository/Stockbit/Home_Freq' is: '6,814'

2024-01-22 17:54:56 - [MESSAGE][PASSED] - Text of object 'Object Repository/Stockbit/Home_Freq' is: '6,814'

2024-01-22 17:54:56 - [TEST_STEP][PASSED] - if (strFreq.contains(",")): null

2024-01-22 17:54:56 - [TEST_STEP][PASSED] - strFreq = strFreq.replace(",", ""): null

2024-01-22 17:54:56 - [TEST_STEP][PASSED] - if (strFreq == "NA" || strFreq == ""): null

2024-01-22 17:54:56 - [TEST_STEP][PASSED] - else: null

2024-01-22 17:54:56 - [TEST_STEP][PASSED] - dblFreqAnal = strVol.toDouble() / strFreq.toDouble() * strFreq.toDouble() * strFreq.toDouble() * 100000000: null

2024-01-22 17:54:56 - [TEST_STEP][PASSED] - strFreqAnal = String.format("%.4f", dblFreqAnal): null

2024-01-22 17:54:56 - [TEST_STEP][PASSED] - out.println("Double strFreqAnal: " + strFreqAnal): null

2024-01-22 17:54:56 - [TEST_STEP][PASSED] - strTanggal = d.format(DateTimeFormatter.ofPattern("yyyy-MM-dd")): null

2024-01-22 17:54:56 - [TEST_STEP][PASSED] - strTanggal = "#" + strTanggal + "#": null

2024-01-22 17:54:56 - [TEST_STEP][PASSED] - strSQL = "select count(*) as JumBaris from TblBrokSum where Nama = '" + strNama + "' and Tanggal = " + strTanggal + "": null

2024-01-22 17:54:56 - [TEST_STEP][PASSED] - resultSet = statement.executeQuery(strSQL): null

2024-01-22 17:54:56 - [TEST_STEP][PASSED] - resultSet.next(): null

2024-01-22 17:54:56 - [TEST_STEP][PASSED] - intJumBaris = resultSet.getInt("JumBaris"): null

2024-01-22 17:54:56 - [TEST_STEP][PASSED] - if (intJumBaris > 0): null

2024-01-22 17:54:56 - [TEST_STEP][PASSED] - else: null

2024-01-22 17:54:56 - [TEST_STEP][PASSED] - try: null

2024-01-22 17:54:56 - [TEST_STEP][PASSED] - out.println("Insert data"): null

2024-01-22 17:54:56 - [TEST_STEP][PASSED] - strSQL = "insert into TblBrokSum (nama, tanggal, top1, top2, top3, AllBrokAvg, AccDist, AvgRP, " + "Buyer1, BuyerVal1, BuyerAvg1, Seller1, SellerVal1, SellerAvg1, Buyer2, BuyerVal2, BuyerAvg2, " + "Seller2, SellerVal2, SellerAvg2, Buyer3, BuyerVal3, BuyerAvg3, Seller3, SellerVal3, SellerAvg3, NetVol, NetVal, " + "OpenPrice, LowPrice, HighPrice, ClosePrice, Volume, Change, Frekuensi, FrekAnal) " + "values ('" + strNama + "', " + strTanggal + ", '" + strTop1 + "', '" + strTop3 + "', '" + strTop5 + "', " + "'" + strAllBrokAvg + "', '" + strAccDist + "', " + intAvgRP + ", '" + strBuyer1 + "', '" + strBuyerVol1 + "', " + strBuyerAvg1 + ", " + "'" + strSeller1 + "', '" + strSellerVol1 + "', " + strSellerAvg1 + ", '" + strBuyer2 + "', '" + strBuyerVol2 + "', " + strBuyerAvg2 + ", " + "'" + strSeller2 + "', '" + strSellerVol2 + "', " + strSellerAvg2 + ", '" + strBuyer3 + "', '" + strBuyerVol3 + "', " + strBuyerAvg3 + ", " + "'" + strSeller3 + "', '" + strSellerVol3 + "', " + strSellerAvg3 + ", " + strNetVol + ", '" + strNetVal + "', " + "" + strOpenPrice + ", " + strLowPrice + ", " + strHighPrice + ", " + strClosePrice + ", '" + strVol + "', " + strChange + ", " + strFreq + ", " + strFreqAnal + ");": null

2024-01-22 17:54:56 - [TEST_STEP][PASSED] - out.println("strSQL = " + strSQL): null

2024-01-22 17:54:56 - [TEST_STEP][PASSED] - statement.executeUpdate(strSQL): null

2024-01-22 17:54:56 - [TEST_STEP][PASSED] - setValueToCellByIndex(sheet01, rowIndex, 4, "DONE"): null

2024-01-22 17:54:56 - [TEST_STEP][PASSED] - saveWorkbook(excelFilePath, workbook01): null

2024-01-22 17:54:56 - [TEST_STEP][PASSED] - waitForElementClickable(findTestObject("Stockbit/menu_Bandarmology"), 10): Object 'Object Repository/Stockbit/menu_Bandarmology' is clickable

2024-01-22 17:54:56 - [MESSAGE][PASSED] - Object 'Object Repository/Stockbit/menu_Bandarmology' is clickable

2024-01-22 17:54:56 - [TEST_STEP][PASSED] - click(findTestObject("Stockbit/menu_Bandarmology")): Object: 'Object Repository/Stockbit/menu_Bandarmology' is clicked on

2024-01-22 17:54:57 - [MESSAGE][PASSED] - Object: 'Object Repository/Stockbit/menu_Bandarmology' is clicked on

2024-01-22 17:54:57 - [TEST_STEP][PASSED] - strTemp = "NA": null

2024-01-22 17:54:57 - [TEST_STEP][PASSED] - if (getCellValueByIndex(sheet01, rowIndex, 4) != "DONE"): Object: 'Object Repository/Stockbit/menu_Bandarmology' is clicked on

2024-01-22 17:54:57 - [TEST_STEP][PASSED] - strNama = getCellValueByIndex(sheet01, rowIndex, 0): null

2024-01-22 17:54:57 - [TEST_STEP][PASSED] - navigateToUrl("https://stockbit.com/#/symbol/" + strNama): Navigate to 'https://stockbit.com/#/symbol/SMDM' successfully

2024-01-22 17:54:59 - [MESSAGE][PASSED] - Navigate to 'https://stockbit.com/#/symbol/SMDM' successfully

2024-01-22 17:54:59 - [TEST_STEP][PASSED] - waitForElementClickable(findTestObject("Stockbit/menu_Bandarmology"), 10): Object 'Object Repository/Stockbit/menu_Bandarmology' is clickable

2024-01-22 17:54:59 - [MESSAGE][PASSED] - Object 'Object Repository/Stockbit/menu_Bandarmology' is clickable

2024-01-22 17:54:59 - [TEST_STEP][PASSED] - click(findTestObject("Stockbit/menu_Bandarmology")): Object: 'Object Repository/Stockbit/menu_Bandarmology' is clicked on

2024-01-22 17:55:00 - [MESSAGE][PASSED] - Object: 'Object Repository/Stockbit/menu_Bandarmology' is clicked on

2024-01-22 17:55:00 - [TEST_STEP][PASSED] - strTanggal = d.format(DateTimeFormatter.ofPattern("MMM dd, yyyy")): null

2024-01-22 17:55:00 - [TEST_STEP][PASSED] - strTanggal = d.format(ISO_DATE): null

2024-01-22 17:55:00 - [TEST_STEP][PASSED] - out.println("strTanggal = " + strTanggal): null

2024-01-22 17:55:00 - [TEST_STEP][PASSED] - out.println("strNama = " + strNama): null

2024-01-22 17:55:00 - [TEST_STEP][PASSED] - out.println("Baris ke = " + rowIndex): null

2024-01-22 17:55:00 - [TEST_STEP][PASSED] - click(findTestObject("Stockbit/input__BandarmologyOpenStartDate")): Object: 'Object Repository/Stockbit/input__BandarmologyOpenStartDate' is clicked on

2024-01-22 17:55:01 - [MESSAGE][PASSED] - Object: 'Object Repository/Stockbit/input__BandarmologyOpenStartDate' is clicked on

2024-01-22 17:55:01 - [TEST_STEP][PASSED] - sendKeys(findTestObject("Stockbit/input__BandarmologyOpenStartDate"), Keys.chord(CONTROL, "a")): Keys 'CONTROL + a' sent to object: 'Object Repository/Stockbit/input__BandarmologyOpenStartDate'

2024-01-22 17:55:02 - [MESSAGE][PASSED] - Keys 'CONTROL + a' sent to object: 'Object Repository/Stockbit/input__BandarmologyOpenStartDate'

2024-01-22 17:55:02 - [TEST_STEP][PASSED] - sendKeys(findTestObject("Stockbit/input__BandarmologyOpenStartDate"), Keys.chord(BACK_SPACE)): Keys 'BACK_SPACE + ' sent to object: 'Object Repository/Stockbit/input__BandarmologyOpenStartDate'

2024-01-22 17:55:02 - [MESSAGE][PASSED] - Keys 'BACK_SPACE + ' sent to object: 'Object Repository/Stockbit/input__BandarmologyOpenStartDate'

2024-01-22 17:55:02 - [TEST_STEP][PASSED] - setText(findTestObject("Stockbit/input__BandarmologyOpenStartDate"), strTanggal): Text '2024-01-22' is set on object 'Object Repository/Stockbit/input__BandarmologyOpenStartDate'

2024-01-22 17:55:03 - [MESSAGE][PASSED] - Text '2024-01-22' is set on object 'Object Repository/Stockbit/input__BandarmologyOpenStartDate'

2024-01-22 17:55:03 - [TEST_STEP][PASSED] - sendKeys(findTestObject("Stockbit/input__BandarmologyOpenStartDate"), Keys.chord(ENTER)): Keys 'ENTER + ' sent to object: 'Object Repository/Stockbit/input__BandarmologyOpenStartDate'

2024-01-22 17:55:03 - [MESSAGE][PASSED] - Keys 'ENTER + ' sent to object: 'Object Repository/Stockbit/input__BandarmologyOpenStartDate'

2024-01-22 17:55:03 - [TEST_STEP][PASSED] - click(findTestObject("Stockbit/input__BandarmologyOpenEndDate")): Object: 'Object Repository/Stockbit/input__BandarmologyOpenEndDate' is clicked on

2024-01-22 17:55:04 - [MESSAGE][PASSED] - Object: 'Object Repository/Stockbit/input__BandarmologyOpenEndDate' is clicked on

2024-01-22 17:55:04 - [TEST_STEP][PASSED] - sendKeys(findTestObject("Stockbit/input__BandarmologyOpenEndDate"), Keys.chord(CONTROL, "a")): Keys 'CONTROL + a' sent to object: 'Object Repository/Stockbit/input__BandarmologyOpenEndDate'

2024-01-22 17:55:05 - [MESSAGE][PASSED] - Keys 'CONTROL + a' sent to object: 'Object Repository/Stockbit/input__BandarmologyOpenEndDate'

2024-01-22 17:55:05 - [TEST_STEP][PASSED] - sendKeys(findTestObject("Stockbit/input__BandarmologyOpenEndDate"), Keys.chord(BACK_SPACE)): Keys 'BACK_SPACE + ' sent to object: 'Object Repository/Stockbit/input__BandarmologyOpenEndDate'

2024-01-22 17:55:05 - [MESSAGE][PASSED] - Keys 'BACK_SPACE + ' sent to object: 'Object Repository/Stockbit/input__BandarmologyOpenEndDate'

2024-01-22 17:55:05 - [TEST_STEP][PASSED] - setText(findTestObject("Stockbit/input__BandarmologyOpenEndDate"), strTanggal): Text '2024-01-22' is set on object 'Object Repository/Stockbit/input__BandarmologyOpenEndDate'

2024-01-22 17:55:06 - [MESSAGE][PASSED] - Text '2024-01-22' is set on object 'Object Repository/Stockbit/input__BandarmologyOpenEndDate'

2024-01-22 17:55:06 - [TEST_STEP][PASSED] - sendKeys(findTestObject("Stockbit/input__BandarmologyOpenEndDate"), Keys.chord(ENTER)): Keys 'ENTER + ' sent to object: 'Object Repository/Stockbit/input__BandarmologyOpenEndDate'

2024-01-22 17:55:06 - [MESSAGE][PASSED] - Keys 'ENTER + ' sent to object: 'Object Repository/Stockbit/input__BandarmologyOpenEndDate'

2024-01-22 17:55:06 - [TEST_STEP][PASSED] - delay(2): Delayed 2 second(s)

2024-01-22 17:55:08 - [MESSAGE][PASSED] - Delayed 2 second(s)

2024-01-22 17:55:08 - [TEST_STEP][PASSED] - strTemp = getText(findTestObject("Stockbit/Bandarmology_AvgRP")): Text of object 'Object Repository/Stockbit/Bandarmology_AvgRP' is: '188'

2024-01-22 17:55:09 - [MESSAGE][PASSED] - Text of object 'Object Repository/Stockbit/Bandarmology_AvgRP' is: '188'

2024-01-22 17:55:09 - [TEST_STEP][PASSED] - out.println("Bandarmology_AvgRP = " + strTemp): null

2024-01-22 17:55:09 - [TEST_STEP][PASSED] - if (strTemp != "0"): null

2024-01-22 17:55:09 - [TEST_STEP][PASSED] - strTop1 = getText(findTestObject("Stockbit/Bandarmology_Top1")): Text of object 'Object Repository/Stockbit/Bandarmology_Top1' is: 'Normal Dist'

2024-01-22 17:55:09 - [MESSAGE][PASSED] - Text of object 'Object Repository/Stockbit/Bandarmology_Top1' is: 'Normal Dist'

2024-01-22 17:55:09 - [TEST_STEP][PASSED] - strTop3 = getText(findTestObject("Stockbit/Bandarmology_Top3")): Text of object 'Object Repository/Stockbit/Bandarmology_Top3' is: 'Small Dist'

2024-01-22 17:55:09 - [MESSAGE][PASSED] - Text of object 'Object Repository/Stockbit/Bandarmology_Top3' is: 'Small Dist'

2024-01-22 17:55:09 - [TEST_STEP][PASSED] - strTop5 = getText(findTestObject("Stockbit/Bandarmology_Top5")): Text of object 'Object Repository/Stockbit/Bandarmology_Top5' is: 'Neutral'

2024-01-22 17:55:09 - [MESSAGE][PASSED] - Text of object 'Object Repository/Stockbit/Bandarmology_Top5' is: 'Neutral'

2024-01-22 17:55:09 - [TEST_STEP][PASSED] - strAllBrokAvg = getText(findTestObject("Stockbit/Bandarmology_TopAVG")): Text of object 'Object Repository/Stockbit/Bandarmology_TopAVG' is: 'Neutral'

2024-01-22 17:55:09 - [MESSAGE][PASSED] - Text of object 'Object Repository/Stockbit/Bandarmology_TopAVG' is: 'Neutral'

2024-01-22 17:55:09 - [TEST_STEP][PASSED] - strTemp = getText(findTestObject("Stockbit/Bandarmology_AvgRP")): Text of object 'Object Repository/Stockbit/Bandarmology_AvgRP' is: '188'

2024-01-22 17:55:09 - [MESSAGE][PASSED] - Text of object 'Object Repository/Stockbit/Bandarmology_AvgRP' is: '188'

2024-01-22 17:55:09 - [TEST_STEP][PASSED] - if (strTemp.contains(",")): null

2024-01-22 17:55:09 - [TEST_STEP][PASSED] - intAvgRP = strTemp.toInteger(): null

2024-01-22 17:55:09 - [TEST_STEP][PASSED] - strBuyer1 = getText(findTestObject("Stockbit/Bandarmology_Buyer1")): Text of object 'Object Repository/Stockbit/Bandarmology_Buyer1' is: 'AN'

2024-01-22 17:55:10 - [MESSAGE][PASSED] - Text of object 'Object Repository/Stockbit/Bandarmology_Buyer1' is: 'AN'

2024-01-22 17:55:10 - [TEST_STEP][PASSED] - strBuyerVol1 = getText(findTestObject("Stockbit/Bandarmology_BuyerVol1")): Text of object 'Object Repository/Stockbit/Bandarmology_BuyerVol1' is: '6.2 K'

2024-01-22 17:55:10 - [MESSAGE][PASSED] - Text of object 'Object Repository/Stockbit/Bandarmology_BuyerVol1' is: '6.2 K'

2024-01-22 17:55:10 - [TEST_STEP][PASSED] - strBuyerAvg1 = getText(findTestObject("Stockbit/Bandarmology_BuyerAvg1")): Text of object 'Object Repository/Stockbit/Bandarmology_BuyerAvg1' is: '189'

2024-01-22 17:55:10 - [MESSAGE][PASSED] - Text of object 'Object Repository/Stockbit/Bandarmology_BuyerAvg1' is: '189'

2024-01-22 17:55:10 - [TEST_STEP][PASSED] - if (strBuyerAvg1.contains(",")): null

2024-01-22 17:55:10 - [TEST_STEP][PASSED] - if (strBuyerVol1.contains(" B")): null

2024-01-22 17:55:10 - [TEST_STEP][PASSED] - else if (strBuyerVol1.contains(" M")): null

2024-01-22 17:55:10 - [TEST_STEP][PASSED] - else if (strBuyerVol1.contains(" K")): null

2024-01-22 17:55:10 - [TEST_STEP][PASSED] - strBuyerVol1 = strBuyerVol1.replace(" K", ""): null

2024-01-22 17:55:10 - [TEST_STEP][PASSED] - strBuyerVol1 = strBuyerVol1.toDouble() * 1000: null

2024-01-22 17:55:10 - [TEST_STEP][PASSED] - strSeller1 = getText(findTestObject("Stockbit/Bandarmology_Seller1")): Text of object 'Object Repository/Stockbit/Bandarmology_Seller1' is: 'YP'

2024-01-22 17:55:10 - [MESSAGE][PASSED] - Text of object 'Object Repository/Stockbit/Bandarmology_Seller1' is: 'YP'

2024-01-22 17:55:10 - [TEST_STEP][PASSED] - strSellerVol1 = getText(findTestObject("Stockbit/Bandarmology_SellerVol1")): Text of object 'Object Repository/Stockbit/Bandarmology_SellerVol1' is: '7.9 K'

2024-01-22 17:55:10 - [MESSAGE][PASSED] - Text of object 'Object Repository/Stockbit/Bandarmology_SellerVol1' is: '7.9 K'

2024-01-22 17:55:10 - [TEST_STEP][PASSED] - strSellerAvg1 = getText(findTestObject("Stockbit/Bandarmology_SellerAvg1")): Text of object 'Object Repository/Stockbit/Bandarmology_SellerAvg1' is: '188'

2024-01-22 17:55:10 - [MESSAGE][PASSED] - Text of object 'Object Repository/Stockbit/Bandarmology_SellerAvg1' is: '188'

2024-01-22 17:55:10 - [TEST_STEP][PASSED] - if (strSellerAvg1.contains(",")): null

2024-01-22 17:55:10 - [TEST_STEP][PASSED] - if (strSellerVol1.contains(" B")): null

2024-01-22 17:55:10 - [TEST_STEP][PASSED] - else if (strSellerVol1.contains(" M")): null

2024-01-22 17:55:10 - [TEST_STEP][PASSED] - else if (strSellerVol1.contains(" K")): null

2024-01-22 17:55:10 - [TEST_STEP][PASSED] - strSellerVol1 = strSellerVol1.replace(" K", ""): null

2024-01-22 17:55:10 - [TEST_STEP][PASSED] - strSellerVol1 = strSellerVol1.toDouble() * 1000: null

2024-01-22 17:55:10 - [TEST_STEP][PASSED] - if (verifyElementNotPresent(findTestObject("Stockbit/Bandarmology_Buyer2"), 1, OPTIONAL)): Web element with id: 'Object Repository/Stockbit/Bandarmology_Buyer2' located by 'By.xpath: //*[contains(@id, 'rc-tabs-')]/div[2]/div/div/div/div/div/div[2]/table/tbody/tr[3]/td[1]/p' is present after '1' second(s) (Root cause: com.kms.katalon.core.exception.StepFailedException: Web element with id: 'Object Repository/Stockbit/Bandarmology_Buyer2' located by 'By.xpath: //*[contains(@id, 'rc-tabs-')]/div[2]/div/div/div/div/div/div[2]/table/tbody/tr[3]/td[1]/p' is present after '1' second(s)
	at com.kms.katalon.core.webui.keyword.internal.WebUIKeywordMain.stepFailed(WebUIKeywordMain.groovy:64)
	at com.kms.katalon.core.webui.keyword.internal.WebUIKeywordMain$stepFailed$0.call(Unknown Source)
	at com.kms.katalon.core.webui.keyword.builtin.VerifyElementNotPresentKeyword$_verifyElementNotPresent_closure1.doCall(VerifyElementNotPresentKeyword.groovy:106)
	at com.kms.katalon.core.webui.keyword.builtin.VerifyElementNotPresentKeyword$_verifyElementNotPresent_closure1.doCall(VerifyElementNotPresentKeyword.groovy)
	at com.kms.katalon.core.webui.keyword.internal.WebUIKeywordMain.runKeyword(WebUIKeywordMain.groovy:20)
	at com.kms.katalon.core.webui.keyword.internal.WebUIKeywordMain$runKeyword.call(Unknown Source)
	at com.kms.katalon.core.webui.keyword.builtin.VerifyElementNotPresentKeyword.verifyElementNotPresent(VerifyElementNotPresentKeyword.groovy:117)
	at com.kms.katalon.core.webui.keyword.builtin.VerifyElementNotPresentKeyword.execute(VerifyElementNotPresentKeyword.groovy:68)
	at com.kms.katalon.core.keyword.internal.KeywordExecutor.executeKeywordForPlatform(KeywordExecutor.groovy:74)
	at com.kms.katalon.core.webui.keyword.WebUiBuiltInKeywords.verifyElementNotPresent(WebUiBuiltInKeywords.groovy:1481)
	at com.kms.katalon.core.webui.keyword.WebUiBuiltInKeywords$verifyElementNotPresent$8.call(Unknown Source)
	at GetBrokSumPriceDaily.run(GetBrokSumPriceDaily:258)
	at com.kms.katalon.core.main.ScriptEngine.run(ScriptEngine.java:194)
	at com.kms.katalon.core.main.ScriptEngine.runScriptAsRawText(ScriptEngine.java:119)
	at com.kms.katalon.core.main.TestCaseExecutor.runScript(TestCaseExecutor.java:445)
	at com.kms.katalon.core.main.TestCaseExecutor.doExecute(TestCaseExecutor.java:436)
	at com.kms.katalon.core.main.TestCaseExecutor.processExecutionPhase(TestCaseExecutor.java:415)
	at com.kms.katalon.core.main.TestCaseExecutor.accessMainPhase(TestCaseExecutor.java:407)
	at com.kms.katalon.core.main.TestCaseExecutor.execute(TestCaseExecutor.java:284)
	at com.kms.katalon.core.common.CommonExecutor.accessTestCaseMainPhase(CommonExecutor.java:65)
	at com.kms.katalon.core.main.TestSuiteExecutor.accessTestSuiteMainPhase(TestSuiteExecutor.java:144)
	at com.kms.katalon.core.main.TestSuiteExecutor.execute(TestSuiteExecutor.java:106)
	at com.kms.katalon.core.main.TestCaseMain.startTestSuite(TestCaseMain.java:185)
	at com.kms.katalon.core.main.TestCaseMain$startTestSuite$0.call(Unknown Source)
	at TempTestSuite1705920083951.run(TempTestSuite1705920083951.groovy:36)
)

2024-01-22 17:55:12 - [MESSAGE][WARNING] - Web element with id: 'Object Repository/Stockbit/Bandarmology_Buyer2' located by 'By.xpath: //*[contains(@id, 'rc-tabs-')]/div[2]/div/div/div/div/div/div[2]/table/tbody/tr[3]/td[1]/p' is present after '1' second(s) (Root cause: com.kms.katalon.core.exception.StepFailedException: Web element with id: 'Object Repository/Stockbit/Bandarmology_Buyer2' located by 'By.xpath: //*[contains(@id, 'rc-tabs-')]/div[2]/div/div/div/div/div/div[2]/table/tbody/tr[3]/td[1]/p' is present after '1' second(s)
	at com.kms.katalon.core.webui.keyword.internal.WebUIKeywordMain.stepFailed(WebUIKeywordMain.groovy:64)
	at com.kms.katalon.core.webui.keyword.internal.WebUIKeywordMain$stepFailed$0.call(Unknown Source)
	at com.kms.katalon.core.webui.keyword.builtin.VerifyElementNotPresentKeyword$_verifyElementNotPresent_closure1.doCall(VerifyElementNotPresentKeyword.groovy:106)
	at com.kms.katalon.core.webui.keyword.builtin.VerifyElementNotPresentKeyword$_verifyElementNotPresent_closure1.doCall(VerifyElementNotPresentKeyword.groovy)
	at com.kms.katalon.core.webui.keyword.internal.WebUIKeywordMain.runKeyword(WebUIKeywordMain.groovy:20)
	at com.kms.katalon.core.webui.keyword.internal.WebUIKeywordMain$runKeyword.call(Unknown Source)
	at com.kms.katalon.core.webui.keyword.builtin.VerifyElementNotPresentKeyword.verifyElementNotPresent(VerifyElementNotPresentKeyword.groovy:117)
	at com.kms.katalon.core.webui.keyword.builtin.VerifyElementNotPresentKeyword.execute(VerifyElementNotPresentKeyword.groovy:68)
	at com.kms.katalon.core.keyword.internal.KeywordExecutor.executeKeywordForPlatform(KeywordExecutor.groovy:74)
	at com.kms.katalon.core.webui.keyword.WebUiBuiltInKeywords.verifyElementNotPresent(WebUiBuiltInKeywords.groovy:1481)
	at com.kms.katalon.core.webui.keyword.WebUiBuiltInKeywords$verifyElementNotPresent$8.call(Unknown Source)
	at GetBrokSumPriceDaily.run(GetBrokSumPriceDaily:258)
	at com.kms.katalon.core.main.ScriptEngine.run(ScriptEngine.java:194)
	at com.kms.katalon.core.main.ScriptEngine.runScriptAsRawText(ScriptEngine.java:119)
	at com.kms.katalon.core.main.TestCaseExecutor.runScript(TestCaseExecutor.java:445)
	at com.kms.katalon.core.main.TestCaseExecutor.doExecute(TestCaseExecutor.java:436)
	at com.kms.katalon.core.main.TestCaseExecutor.processExecutionPhase(TestCaseExecutor.java:415)
	at com.kms.katalon.core.main.TestCaseExecutor.accessMainPhase(TestCaseExecutor.java:407)
	at com.kms.katalon.core.main.TestCaseExecutor.execute(TestCaseExecutor.java:284)
	at com.kms.katalon.core.common.CommonExecutor.accessTestCaseMainPhase(CommonExecutor.java:65)
	at com.kms.katalon.core.main.TestSuiteExecutor.accessTestSuiteMainPhase(TestSuiteExecutor.java:144)
	at com.kms.katalon.core.main.TestSuiteExecutor.execute(TestSuiteExecutor.java:106)
	at com.kms.katalon.core.main.TestCaseMain.startTestSuite(TestCaseMain.java:185)
	at com.kms.katalon.core.main.TestCaseMain$startTestSuite$0.call(Unknown Source)
	at TempTestSuite1705920083951.run(TempTestSuite1705920083951.groovy:36)
)
[[ATTACHMENT|C:\\Users\\Fadli\\git\\KatalonDailyGetData2\\Reports\\20240122_174123\\TS1\\20240122_174123\\1705920912117.png]]

2024-01-22 17:55:12 - [TEST_STEP][PASSED] - else: null

2024-01-22 17:55:12 - [TEST_STEP][PASSED] - strBuyer2 = getText(findTestObject("Stockbit/Bandarmology_Buyer2")): Text of object 'Object Repository/Stockbit/Bandarmology_Buyer2' is: 'LG'

2024-01-22 17:55:12 - [MESSAGE][PASSED] - Text of object 'Object Repository/Stockbit/Bandarmology_Buyer2' is: 'LG'

2024-01-22 17:55:12 - [TEST_STEP][PASSED] - strBuyerVol2 = getText(findTestObject("Stockbit/Bandarmology_BuyerVol2")): Text of object 'Object Repository/Stockbit/Bandarmology_BuyerVol2' is: '3 K'

2024-01-22 17:55:12 - [MESSAGE][PASSED] - Text of object 'Object Repository/Stockbit/Bandarmology_BuyerVol2' is: '3 K'

2024-01-22 17:55:12 - [TEST_STEP][PASSED] - strBuyerAvg2 = getText(findTestObject("Stockbit/Bandarmology_BuyerAvg2")): Text of object 'Object Repository/Stockbit/Bandarmology_BuyerAvg2' is: '188'

2024-01-22 17:55:12 - [MESSAGE][PASSED] - Text of object 'Object Repository/Stockbit/Bandarmology_BuyerAvg2' is: '188'

2024-01-22 17:55:12 - [TEST_STEP][PASSED] - if (strBuyer2 != ""): null

2024-01-22 17:55:12 - [TEST_STEP][PASSED] - if (strBuyerAvg2.contains(",")): null

2024-01-22 17:55:12 - [TEST_STEP][PASSED] - if (strBuyerVol2.contains(" B")): null

2024-01-22 17:55:12 - [TEST_STEP][PASSED] - else if (strBuyerVol2.contains(" M")): null

2024-01-22 17:55:12 - [TEST_STEP][PASSED] - else if (strBuyerVol2.contains(" K")): null

2024-01-22 17:55:12 - [TEST_STEP][PASSED] - strBuyerVol2 = strBuyerVol2.replace(" K", ""): null

2024-01-22 17:55:12 - [TEST_STEP][PASSED] - strBuyerVol2 = strBuyerVol2.toDouble() * 1000: null

2024-01-22 17:55:12 - [TEST_STEP][PASSED] - if (strBuyerVol2.contains(".")): null

2024-01-22 17:55:12 - [TEST_STEP][PASSED] - strBuyerVal2 = strBuyerVol2.replace(".", ""): null

2024-01-22 17:55:12 - [TEST_STEP][PASSED] - if (verifyElementNotPresent(findTestObject("Stockbit/Bandarmology_Seller2"), 1, OPTIONAL)): Web element with id: 'Object Repository/Stockbit/Bandarmology_Seller2' located by 'By.xpath: //*[contains(@id, 'rc-tabs-')]/div[2]/div/div/div/div/div/div[2]/table/tbody/tr[3]/td[5]/p' is present after '1' second(s) (Root cause: com.kms.katalon.core.exception.StepFailedException: Web element with id: 'Object Repository/Stockbit/Bandarmology_Seller2' located by 'By.xpath: //*[contains(@id, 'rc-tabs-')]/div[2]/div/div/div/div/div/div[2]/table/tbody/tr[3]/td[5]/p' is present after '1' second(s)
	at com.kms.katalon.core.webui.keyword.internal.WebUIKeywordMain.stepFailed(WebUIKeywordMain.groovy:64)
	at com.kms.katalon.core.webui.keyword.internal.WebUIKeywordMain$stepFailed$0.call(Unknown Source)
	at com.kms.katalon.core.webui.keyword.builtin.VerifyElementNotPresentKeyword$_verifyElementNotPresent_closure1.doCall(VerifyElementNotPresentKeyword.groovy:106)
	at com.kms.katalon.core.webui.keyword.builtin.VerifyElementNotPresentKeyword$_verifyElementNotPresent_closure1.doCall(VerifyElementNotPresentKeyword.groovy)
	at com.kms.katalon.core.webui.keyword.internal.WebUIKeywordMain.runKeyword(WebUIKeywordMain.groovy:20)
	at com.kms.katalon.core.webui.keyword.internal.WebUIKeywordMain$runKeyword.call(Unknown Source)
	at com.kms.katalon.core.webui.keyword.builtin.VerifyElementNotPresentKeyword.verifyElementNotPresent(VerifyElementNotPresentKeyword.groovy:117)
	at com.kms.katalon.core.webui.keyword.builtin.VerifyElementNotPresentKeyword.execute(VerifyElementNotPresentKeyword.groovy:68)
	at com.kms.katalon.core.keyword.internal.KeywordExecutor.executeKeywordForPlatform(KeywordExecutor.groovy:74)
	at com.kms.katalon.core.webui.keyword.WebUiBuiltInKeywords.verifyElementNotPresent(WebUiBuiltInKeywords.groovy:1481)
	at com.kms.katalon.core.webui.keyword.WebUiBuiltInKeywords$verifyElementNotPresent$8.call(Unknown Source)
	at GetBrokSumPriceDaily.run(GetBrokSumPriceDaily:309)
	at com.kms.katalon.core.main.ScriptEngine.run(ScriptEngine.java:194)
	at com.kms.katalon.core.main.ScriptEngine.runScriptAsRawText(ScriptEngine.java:119)
	at com.kms.katalon.core.main.TestCaseExecutor.runScript(TestCaseExecutor.java:445)
	at com.kms.katalon.core.main.TestCaseExecutor.doExecute(TestCaseExecutor.java:436)
	at com.kms.katalon.core.main.TestCaseExecutor.processExecutionPhase(TestCaseExecutor.java:415)
	at com.kms.katalon.core.main.TestCaseExecutor.accessMainPhase(TestCaseExecutor.java:407)
	at com.kms.katalon.core.main.TestCaseExecutor.execute(TestCaseExecutor.java:284)
	at com.kms.katalon.core.common.CommonExecutor.accessTestCaseMainPhase(CommonExecutor.java:65)
	at com.kms.katalon.core.main.TestSuiteExecutor.accessTestSuiteMainPhase(TestSuiteExecutor.java:144)
	at com.kms.katalon.core.main.TestSuiteExecutor.execute(TestSuiteExecutor.java:106)
	at com.kms.katalon.core.main.TestCaseMain.startTestSuite(TestCaseMain.java:185)
	at com.kms.katalon.core.main.TestCaseMain$startTestSuite$0.call(Unknown Source)
	at TempTestSuite1705920083951.run(TempTestSuite1705920083951.groovy:36)
)

2024-01-22 17:55:14 - [MESSAGE][WARNING] - Web element with id: 'Object Repository/Stockbit/Bandarmology_Seller2' located by 'By.xpath: //*[contains(@id, 'rc-tabs-')]/div[2]/div/div/div/div/div/div[2]/table/tbody/tr[3]/td[5]/p' is present after '1' second(s) (Root cause: com.kms.katalon.core.exception.StepFailedException: Web element with id: 'Object Repository/Stockbit/Bandarmology_Seller2' located by 'By.xpath: //*[contains(@id, 'rc-tabs-')]/div[2]/div/div/div/div/div/div[2]/table/tbody/tr[3]/td[5]/p' is present after '1' second(s)
	at com.kms.katalon.core.webui.keyword.internal.WebUIKeywordMain.stepFailed(WebUIKeywordMain.groovy:64)
	at com.kms.katalon.core.webui.keyword.internal.WebUIKeywordMain$stepFailed$0.call(Unknown Source)
	at com.kms.katalon.core.webui.keyword.builtin.VerifyElementNotPresentKeyword$_verifyElementNotPresent_closure1.doCall(VerifyElementNotPresentKeyword.groovy:106)
	at com.kms.katalon.core.webui.keyword.builtin.VerifyElementNotPresentKeyword$_verifyElementNotPresent_closure1.doCall(VerifyElementNotPresentKeyword.groovy)
	at com.kms.katalon.core.webui.keyword.internal.WebUIKeywordMain.runKeyword(WebUIKeywordMain.groovy:20)
	at com.kms.katalon.core.webui.keyword.internal.WebUIKeywordMain$runKeyword.call(Unknown Source)
	at com.kms.katalon.core.webui.keyword.builtin.VerifyElementNotPresentKeyword.verifyElementNotPresent(VerifyElementNotPresentKeyword.groovy:117)
	at com.kms.katalon.core.webui.keyword.builtin.VerifyElementNotPresentKeyword.execute(VerifyElementNotPresentKeyword.groovy:68)
	at com.kms.katalon.core.keyword.internal.KeywordExecutor.executeKeywordForPlatform(KeywordExecutor.groovy:74)
	at com.kms.katalon.core.webui.keyword.WebUiBuiltInKeywords.verifyElementNotPresent(WebUiBuiltInKeywords.groovy:1481)
	at com.kms.katalon.core.webui.keyword.WebUiBuiltInKeywords$verifyElementNotPresent$8.call(Unknown Source)
	at GetBrokSumPriceDaily.run(GetBrokSumPriceDaily:309)
	at com.kms.katalon.core.main.ScriptEngine.run(ScriptEngine.java:194)
	at com.kms.katalon.core.main.ScriptEngine.runScriptAsRawText(ScriptEngine.java:119)
	at com.kms.katalon.core.main.TestCaseExecutor.runScript(TestCaseExecutor.java:445)
	at com.kms.katalon.core.main.TestCaseExecutor.doExecute(TestCaseExecutor.java:436)
	at com.kms.katalon.core.main.TestCaseExecutor.processExecutionPhase(TestCaseExecutor.java:415)
	at com.kms.katalon.core.main.TestCaseExecutor.accessMainPhase(TestCaseExecutor.java:407)
	at com.kms.katalon.core.main.TestCaseExecutor.execute(TestCaseExecutor.java:284)
	at com.kms.katalon.core.common.CommonExecutor.accessTestCaseMainPhase(CommonExecutor.java:65)
	at com.kms.katalon.core.main.TestSuiteExecutor.accessTestSuiteMainPhase(TestSuiteExecutor.java:144)
	at com.kms.katalon.core.main.TestSuiteExecutor.execute(TestSuiteExecutor.java:106)
	at com.kms.katalon.core.main.TestCaseMain.startTestSuite(TestCaseMain.java:185)
	at com.kms.katalon.core.main.TestCaseMain$startTestSuite$0.call(Unknown Source)
	at TempTestSuite1705920083951.run(TempTestSuite1705920083951.groovy:36)
)
[[ATTACHMENT|C:\\Users\\Fadli\\git\\KatalonDailyGetData2\\Reports\\20240122_174123\\TS1\\20240122_174123\\1705920913982.png]]

2024-01-22 17:55:14 - [TEST_STEP][PASSED] - else: null

2024-01-22 17:55:14 - [TEST_STEP][PASSED] - strSeller2 = getText(findTestObject("Stockbit/Bandarmology_Seller2")): Text of object 'Object Repository/Stockbit/Bandarmology_Seller2' is: 'NI'

2024-01-22 17:55:14 - [MESSAGE][PASSED] - Text of object 'Object Repository/Stockbit/Bandarmology_Seller2' is: 'NI'

2024-01-22 17:55:14 - [TEST_STEP][PASSED] - strSellerVol2 = getText(findTestObject("Stockbit/Bandarmology_SellerVol2")): Text of object 'Object Repository/Stockbit/Bandarmology_SellerVol2' is: '3.5 K'

2024-01-22 17:55:14 - [MESSAGE][PASSED] - Text of object 'Object Repository/Stockbit/Bandarmology_SellerVol2' is: '3.5 K'

2024-01-22 17:55:14 - [TEST_STEP][PASSED] - strSellerAvg2 = getText(findTestObject("Stockbit/Bandarmology_SellerAvg2")): Text of object 'Object Repository/Stockbit/Bandarmology_SellerAvg2' is: '188'

2024-01-22 17:55:14 - [MESSAGE][PASSED] - Text of object 'Object Repository/Stockbit/Bandarmology_SellerAvg2' is: '188'

2024-01-22 17:55:14 - [TEST_STEP][PASSED] - if (strSeller2 != ""): null

2024-01-22 17:55:14 - [TEST_STEP][PASSED] - if (strSellerAvg2.contains(",")): null

2024-01-22 17:55:14 - [TEST_STEP][PASSED] - if (strSellerVol2.contains(" B")): null

2024-01-22 17:55:14 - [TEST_STEP][PASSED] - else if (strSellerVol2.contains(" M")): null

2024-01-22 17:55:14 - [TEST_STEP][PASSED] - else if (strSellerVol2.contains(" K")): null

2024-01-22 17:55:14 - [TEST_STEP][PASSED] - strSellerVol2 = strSellerVol2.replace(" K", ""): null

2024-01-22 17:55:14 - [TEST_STEP][PASSED] - strSellerVol2 = strSellerVol2.toDouble() * 1000: null

2024-01-22 17:55:14 - [TEST_STEP][PASSED] - if (verifyElementNotPresent(findTestObject("Stockbit/Bandarmology_Buyer3"), 1, OPTIONAL)): Web element with id: 'Object Repository/Stockbit/Bandarmology_Buyer3' located by 'By.xpath: //*[contains(@id, 'rc-tabs-')]/div[2]/div/div/div/div/div/div[2]/table/tbody/tr[4]/td[1]/p' is present after '1' second(s) (Root cause: com.kms.katalon.core.exception.StepFailedException: Web element with id: 'Object Repository/Stockbit/Bandarmology_Buyer3' located by 'By.xpath: //*[contains(@id, 'rc-tabs-')]/div[2]/div/div/div/div/div/div[2]/table/tbody/tr[4]/td[1]/p' is present after '1' second(s)
	at com.kms.katalon.core.webui.keyword.internal.WebUIKeywordMain.stepFailed(WebUIKeywordMain.groovy:64)
	at com.kms.katalon.core.webui.keyword.internal.WebUIKeywordMain$stepFailed$0.call(Unknown Source)
	at com.kms.katalon.core.webui.keyword.builtin.VerifyElementNotPresentKeyword$_verifyElementNotPresent_closure1.doCall(VerifyElementNotPresentKeyword.groovy:106)
	at com.kms.katalon.core.webui.keyword.builtin.VerifyElementNotPresentKeyword$_verifyElementNotPresent_closure1.doCall(VerifyElementNotPresentKeyword.groovy)
	at com.kms.katalon.core.webui.keyword.internal.WebUIKeywordMain.runKeyword(WebUIKeywordMain.groovy:20)
	at com.kms.katalon.core.webui.keyword.internal.WebUIKeywordMain$runKeyword.call(Unknown Source)
	at com.kms.katalon.core.webui.keyword.builtin.VerifyElementNotPresentKeyword.verifyElementNotPresent(VerifyElementNotPresentKeyword.groovy:117)
	at com.kms.katalon.core.webui.keyword.builtin.VerifyElementNotPresentKeyword.execute(VerifyElementNotPresentKeyword.groovy:68)
	at com.kms.katalon.core.keyword.internal.KeywordExecutor.executeKeywordForPlatform(KeywordExecutor.groovy:74)
	at com.kms.katalon.core.webui.keyword.WebUiBuiltInKeywords.verifyElementNotPresent(WebUiBuiltInKeywords.groovy:1481)
	at com.kms.katalon.core.webui.keyword.WebUiBuiltInKeywords$verifyElementNotPresent$8.call(Unknown Source)
	at GetBrokSumPriceDaily.run(GetBrokSumPriceDaily:361)
	at com.kms.katalon.core.main.ScriptEngine.run(ScriptEngine.java:194)
	at com.kms.katalon.core.main.ScriptEngine.runScriptAsRawText(ScriptEngine.java:119)
	at com.kms.katalon.core.main.TestCaseExecutor.runScript(TestCaseExecutor.java:445)
	at com.kms.katalon.core.main.TestCaseExecutor.doExecute(TestCaseExecutor.java:436)
	at com.kms.katalon.core.main.TestCaseExecutor.processExecutionPhase(TestCaseExecutor.java:415)
	at com.kms.katalon.core.main.TestCaseExecutor.accessMainPhase(TestCaseExecutor.java:407)
	at com.kms.katalon.core.main.TestCaseExecutor.execute(TestCaseExecutor.java:284)
	at com.kms.katalon.core.common.CommonExecutor.accessTestCaseMainPhase(CommonExecutor.java:65)
	at com.kms.katalon.core.main.TestSuiteExecutor.accessTestSuiteMainPhase(TestSuiteExecutor.java:144)
	at com.kms.katalon.core.main.TestSuiteExecutor.execute(TestSuiteExecutor.java:106)
	at com.kms.katalon.core.main.TestCaseMain.startTestSuite(TestCaseMain.java:185)
	at com.kms.katalon.core.main.TestCaseMain$startTestSuite$0.call(Unknown Source)
	at TempTestSuite1705920083951.run(TempTestSuite1705920083951.groovy:36)
)

2024-01-22 17:55:16 - [MESSAGE][WARNING] - Web element with id: 'Object Repository/Stockbit/Bandarmology_Buyer3' located by 'By.xpath: //*[contains(@id, 'rc-tabs-')]/div[2]/div/div/div/div/div/div[2]/table/tbody/tr[4]/td[1]/p' is present after '1' second(s) (Root cause: com.kms.katalon.core.exception.StepFailedException: Web element with id: 'Object Repository/Stockbit/Bandarmology_Buyer3' located by 'By.xpath: //*[contains(@id, 'rc-tabs-')]/div[2]/div/div/div/div/div/div[2]/table/tbody/tr[4]/td[1]/p' is present after '1' second(s)
	at com.kms.katalon.core.webui.keyword.internal.WebUIKeywordMain.stepFailed(WebUIKeywordMain.groovy:64)
	at com.kms.katalon.core.webui.keyword.internal.WebUIKeywordMain$stepFailed$0.call(Unknown Source)
	at com.kms.katalon.core.webui.keyword.builtin.VerifyElementNotPresentKeyword$_verifyElementNotPresent_closure1.doCall(VerifyElementNotPresentKeyword.groovy:106)
	at com.kms.katalon.core.webui.keyword.builtin.VerifyElementNotPresentKeyword$_verifyElementNotPresent_closure1.doCall(VerifyElementNotPresentKeyword.groovy)
	at com.kms.katalon.core.webui.keyword.internal.WebUIKeywordMain.runKeyword(WebUIKeywordMain.groovy:20)
	at com.kms.katalon.core.webui.keyword.internal.WebUIKeywordMain$runKeyword.call(Unknown Source)
	at com.kms.katalon.core.webui.keyword.builtin.VerifyElementNotPresentKeyword.verifyElementNotPresent(VerifyElementNotPresentKeyword.groovy:117)
	at com.kms.katalon.core.webui.keyword.builtin.VerifyElementNotPresentKeyword.execute(VerifyElementNotPresentKeyword.groovy:68)
	at com.kms.katalon.core.keyword.internal.KeywordExecutor.executeKeywordForPlatform(KeywordExecutor.groovy:74)
	at com.kms.katalon.core.webui.keyword.WebUiBuiltInKeywords.verifyElementNotPresent(WebUiBuiltInKeywords.groovy:1481)
	at com.kms.katalon.core.webui.keyword.WebUiBuiltInKeywords$verifyElementNotPresent$8.call(Unknown Source)
	at GetBrokSumPriceDaily.run(GetBrokSumPriceDaily:361)
	at com.kms.katalon.core.main.ScriptEngine.run(ScriptEngine.java:194)
	at com.kms.katalon.core.main.ScriptEngine.runScriptAsRawText(ScriptEngine.java:119)
	at com.kms.katalon.core.main.TestCaseExecutor.runScript(TestCaseExecutor.java:445)
	at com.kms.katalon.core.main.TestCaseExecutor.doExecute(TestCaseExecutor.java:436)
	at com.kms.katalon.core.main.TestCaseExecutor.processExecutionPhase(TestCaseExecutor.java:415)
	at com.kms.katalon.core.main.TestCaseExecutor.accessMainPhase(TestCaseExecutor.java:407)
	at com.kms.katalon.core.main.TestCaseExecutor.execute(TestCaseExecutor.java:284)
	at com.kms.katalon.core.common.CommonExecutor.accessTestCaseMainPhase(CommonExecutor.java:65)
	at com.kms.katalon.core.main.TestSuiteExecutor.accessTestSuiteMainPhase(TestSuiteExecutor.java:144)
	at com.kms.katalon.core.main.TestSuiteExecutor.execute(TestSuiteExecutor.java:106)
	at com.kms.katalon.core.main.TestCaseMain.startTestSuite(TestCaseMain.java:185)
	at com.kms.katalon.core.main.TestCaseMain$startTestSuite$0.call(Unknown Source)
	at TempTestSuite1705920083951.run(TempTestSuite1705920083951.groovy:36)
)
[[ATTACHMENT|C:\\Users\\Fadli\\git\\KatalonDailyGetData2\\Reports\\20240122_174123\\TS1\\20240122_174123\\1705920915839.png]]

2024-01-22 17:55:16 - [TEST_STEP][PASSED] - else: null

2024-01-22 17:55:16 - [TEST_STEP][PASSED] - strBuyer3 = getText(findTestObject("Stockbit/Bandarmology_Buyer3")): Text of object 'Object Repository/Stockbit/Bandarmology_Buyer3' is: 'AR'

2024-01-22 17:55:16 - [MESSAGE][PASSED] - Text of object 'Object Repository/Stockbit/Bandarmology_Buyer3' is: 'AR'

2024-01-22 17:55:16 - [TEST_STEP][PASSED] - strBuyerVol3 = getText(findTestObject("Stockbit/Bandarmology_BuyerVol3")): Text of object 'Object Repository/Stockbit/Bandarmology_BuyerVol3' is: '1.9 K'

2024-01-22 17:55:16 - [MESSAGE][PASSED] - Text of object 'Object Repository/Stockbit/Bandarmology_BuyerVol3' is: '1.9 K'

2024-01-22 17:55:16 - [TEST_STEP][PASSED] - strBuyerAvg3 = getText(findTestObject("Stockbit/Bandarmology_BuyerAvg3")): Text of object 'Object Repository/Stockbit/Bandarmology_BuyerAvg3' is: '188'

2024-01-22 17:55:16 - [MESSAGE][PASSED] - Text of object 'Object Repository/Stockbit/Bandarmology_BuyerAvg3' is: '188'

2024-01-22 17:55:16 - [TEST_STEP][PASSED] - if (strBuyer3 != ""): null

2024-01-22 17:55:16 - [TEST_STEP][PASSED] - if (strBuyerAvg3.contains(",")): null

2024-01-22 17:55:16 - [TEST_STEP][PASSED] - if (strBuyerVol3.contains(" B")): null

2024-01-22 17:55:16 - [TEST_STEP][PASSED] - else if (strBuyerVol3.contains(" M")): null

2024-01-22 17:55:16 - [TEST_STEP][PASSED] - else if (strBuyerVol3.contains(" K")): null

2024-01-22 17:55:16 - [TEST_STEP][PASSED] - strBuyerVol3 = strBuyerVol3.replace(" K", ""): null

2024-01-22 17:55:16 - [TEST_STEP][PASSED] - strBuyerVol3 = strBuyerVol3.toDouble() * 1000: null

2024-01-22 17:55:16 - [TEST_STEP][PASSED] - if (verifyElementNotPresent(findTestObject("Stockbit/Bandarmology_Seller3"), 1, OPTIONAL)): Web element with id: 'Object Repository/Stockbit/Bandarmology_Seller3' located by 'By.xpath: //*[contains(@id, 'rc-tabs-')]/div[2]/div/div/div/div/div/div[2]/table/tbody/tr[4]/td[5]/p' is present after '1' second(s) (Root cause: com.kms.katalon.core.exception.StepFailedException: Web element with id: 'Object Repository/Stockbit/Bandarmology_Seller3' located by 'By.xpath: //*[contains(@id, 'rc-tabs-')]/div[2]/div/div/div/div/div/div[2]/table/tbody/tr[4]/td[5]/p' is present after '1' second(s)
	at com.kms.katalon.core.webui.keyword.internal.WebUIKeywordMain.stepFailed(WebUIKeywordMain.groovy:64)
	at com.kms.katalon.core.webui.keyword.internal.WebUIKeywordMain$stepFailed$0.call(Unknown Source)
	at com.kms.katalon.core.webui.keyword.builtin.VerifyElementNotPresentKeyword$_verifyElementNotPresent_closure1.doCall(VerifyElementNotPresentKeyword.groovy:106)
	at com.kms.katalon.core.webui.keyword.builtin.VerifyElementNotPresentKeyword$_verifyElementNotPresent_closure1.doCall(VerifyElementNotPresentKeyword.groovy)
	at com.kms.katalon.core.webui.keyword.internal.WebUIKeywordMain.runKeyword(WebUIKeywordMain.groovy:20)
	at com.kms.katalon.core.webui.keyword.internal.WebUIKeywordMain$runKeyword.call(Unknown Source)
	at com.kms.katalon.core.webui.keyword.builtin.VerifyElementNotPresentKeyword.verifyElementNotPresent(VerifyElementNotPresentKeyword.groovy:117)
	at com.kms.katalon.core.webui.keyword.builtin.VerifyElementNotPresentKeyword.execute(VerifyElementNotPresentKeyword.groovy:68)
	at com.kms.katalon.core.keyword.internal.KeywordExecutor.executeKeywordForPlatform(KeywordExecutor.groovy:74)
	at com.kms.katalon.core.webui.keyword.WebUiBuiltInKeywords.verifyElementNotPresent(WebUiBuiltInKeywords.groovy:1481)
	at com.kms.katalon.core.webui.keyword.WebUiBuiltInKeywords$verifyElementNotPresent$8.call(Unknown Source)
	at GetBrokSumPriceDaily.run(GetBrokSumPriceDaily:414)
	at com.kms.katalon.core.main.ScriptEngine.run(ScriptEngine.java:194)
	at com.kms.katalon.core.main.ScriptEngine.runScriptAsRawText(ScriptEngine.java:119)
	at com.kms.katalon.core.main.TestCaseExecutor.runScript(TestCaseExecutor.java:445)
	at com.kms.katalon.core.main.TestCaseExecutor.doExecute(TestCaseExecutor.java:436)
	at com.kms.katalon.core.main.TestCaseExecutor.processExecutionPhase(TestCaseExecutor.java:415)
	at com.kms.katalon.core.main.TestCaseExecutor.accessMainPhase(TestCaseExecutor.java:407)
	at com.kms.katalon.core.main.TestCaseExecutor.execute(TestCaseExecutor.java:284)
	at com.kms.katalon.core.common.CommonExecutor.accessTestCaseMainPhase(CommonExecutor.java:65)
	at com.kms.katalon.core.main.TestSuiteExecutor.accessTestSuiteMainPhase(TestSuiteExecutor.java:144)
	at com.kms.katalon.core.main.TestSuiteExecutor.execute(TestSuiteExecutor.java:106)
	at com.kms.katalon.core.main.TestCaseMain.startTestSuite(TestCaseMain.java:185)
	at com.kms.katalon.core.main.TestCaseMain$startTestSuite$0.call(Unknown Source)
	at TempTestSuite1705920083951.run(TempTestSuite1705920083951.groovy:36)
)

2024-01-22 17:55:18 - [MESSAGE][WARNING] - Web element with id: 'Object Repository/Stockbit/Bandarmology_Seller3' located by 'By.xpath: //*[contains(@id, 'rc-tabs-')]/div[2]/div/div/div/div/div/div[2]/table/tbody/tr[4]/td[5]/p' is present after '1' second(s) (Root cause: com.kms.katalon.core.exception.StepFailedException: Web element with id: 'Object Repository/Stockbit/Bandarmology_Seller3' located by 'By.xpath: //*[contains(@id, 'rc-tabs-')]/div[2]/div/div/div/div/div/div[2]/table/tbody/tr[4]/td[5]/p' is present after '1' second(s)
	at com.kms.katalon.core.webui.keyword.internal.WebUIKeywordMain.stepFailed(WebUIKeywordMain.groovy:64)
	at com.kms.katalon.core.webui.keyword.internal.WebUIKeywordMain$stepFailed$0.call(Unknown Source)
	at com.kms.katalon.core.webui.keyword.builtin.VerifyElementNotPresentKeyword$_verifyElementNotPresent_closure1.doCall(VerifyElementNotPresentKeyword.groovy:106)
	at com.kms.katalon.core.webui.keyword.builtin.VerifyElementNotPresentKeyword$_verifyElementNotPresent_closure1.doCall(VerifyElementNotPresentKeyword.groovy)
	at com.kms.katalon.core.webui.keyword.internal.WebUIKeywordMain.runKeyword(WebUIKeywordMain.groovy:20)
	at com.kms.katalon.core.webui.keyword.internal.WebUIKeywordMain$runKeyword.call(Unknown Source)
	at com.kms.katalon.core.webui.keyword.builtin.VerifyElementNotPresentKeyword.verifyElementNotPresent(VerifyElementNotPresentKeyword.groovy:117)
	at com.kms.katalon.core.webui.keyword.builtin.VerifyElementNotPresentKeyword.execute(VerifyElementNotPresentKeyword.groovy:68)
	at com.kms.katalon.core.keyword.internal.KeywordExecutor.executeKeywordForPlatform(KeywordExecutor.groovy:74)
	at com.kms.katalon.core.webui.keyword.WebUiBuiltInKeywords.verifyElementNotPresent(WebUiBuiltInKeywords.groovy:1481)
	at com.kms.katalon.core.webui.keyword.WebUiBuiltInKeywords$verifyElementNotPresent$8.call(Unknown Source)
	at GetBrokSumPriceDaily.run(GetBrokSumPriceDaily:414)
	at com.kms.katalon.core.main.ScriptEngine.run(ScriptEngine.java:194)
	at com.kms.katalon.core.main.ScriptEngine.runScriptAsRawText(ScriptEngine.java:119)
	at com.kms.katalon.core.main.TestCaseExecutor.runScript(TestCaseExecutor.java:445)
	at com.kms.katalon.core.main.TestCaseExecutor.doExecute(TestCaseExecutor.java:436)
	at com.kms.katalon.core.main.TestCaseExecutor.processExecutionPhase(TestCaseExecutor.java:415)
	at com.kms.katalon.core.main.TestCaseExecutor.accessMainPhase(TestCaseExecutor.java:407)
	at com.kms.katalon.core.main.TestCaseExecutor.execute(TestCaseExecutor.java:284)
	at com.kms.katalon.core.common.CommonExecutor.accessTestCaseMainPhase(CommonExecutor.java:65)
	at com.kms.katalon.core.main.TestSuiteExecutor.accessTestSuiteMainPhase(TestSuiteExecutor.java:144)
	at com.kms.katalon.core.main.TestSuiteExecutor.execute(TestSuiteExecutor.java:106)
	at com.kms.katalon.core.main.TestCaseMain.startTestSuite(TestCaseMain.java:185)
	at com.kms.katalon.core.main.TestCaseMain$startTestSuite$0.call(Unknown Source)
	at TempTestSuite1705920083951.run(TempTestSuite1705920083951.groovy:36)
)
[[ATTACHMENT|C:\\Users\\Fadli\\git\\KatalonDailyGetData2\\Reports\\20240122_174123\\TS1\\20240122_174123\\1705920917783.png]]

2024-01-22 17:55:18 - [TEST_STEP][PASSED] - else: null

2024-01-22 17:55:18 - [TEST_STEP][PASSED] - strSeller3 = getText(findTestObject("Stockbit/Bandarmology_Seller3")): Text of object 'Object Repository/Stockbit/Bandarmology_Seller3' is: 'LS'

2024-01-22 17:55:18 - [MESSAGE][PASSED] - Text of object 'Object Repository/Stockbit/Bandarmology_Seller3' is: 'LS'

2024-01-22 17:55:18 - [TEST_STEP][PASSED] - strSellerVol3 = getText(findTestObject("Stockbit/Bandarmology_SellerVol3")): Text of object 'Object Repository/Stockbit/Bandarmology_SellerVol3' is: '680'

2024-01-22 17:55:18 - [MESSAGE][PASSED] - Text of object 'Object Repository/Stockbit/Bandarmology_SellerVol3' is: '680'

2024-01-22 17:55:18 - [TEST_STEP][PASSED] - strSellerAvg3 = getText(findTestObject("Stockbit/Bandarmology_SellerAvg3")): Text of object 'Object Repository/Stockbit/Bandarmology_SellerAvg3' is: '188'

2024-01-22 17:55:18 - [MESSAGE][PASSED] - Text of object 'Object Repository/Stockbit/Bandarmology_SellerAvg3' is: '188'

2024-01-22 17:55:18 - [TEST_STEP][PASSED] - if (strSeller3 != ""): null

2024-01-22 17:55:18 - [TEST_STEP][PASSED] - if (strSellerAvg3.contains(",")): null

2024-01-22 17:55:18 - [TEST_STEP][PASSED] - if (strSellerVol3.contains(" B")): null

2024-01-22 17:55:18 - [TEST_STEP][PASSED] - strAccDist = getText(findTestObject("Stockbit/Bandarmology_AccDist")): Text of object 'Object Repository/Stockbit/Bandarmology_AccDist' is: 'Acc'

2024-01-22 17:55:18 - [MESSAGE][PASSED] - Text of object 'Object Repository/Stockbit/Bandarmology_AccDist' is: 'Acc'

2024-01-22 17:55:18 - [TEST_STEP][PASSED] - strNetVol = getText(findTestObject("Stockbit/Bandarmology_NetVol")): Text of object 'Object Repository/Stockbit/Bandarmology_NetVol' is: '12,622'

2024-01-22 17:55:18 - [MESSAGE][PASSED] - Text of object 'Object Repository/Stockbit/Bandarmology_NetVol' is: '12,622'

2024-01-22 17:55:18 - [TEST_STEP][PASSED] - strNetVol = strNetVol.replace(",", ""): null

2024-01-22 17:55:18 - [TEST_STEP][PASSED] - strNetVal = getText(findTestObject("Stockbit/Bandarmology_NetVal")): Text of object 'Object Repository/Stockbit/Bandarmology_NetVal' is: '0.2 B'

2024-01-22 17:55:18 - [MESSAGE][PASSED] - Text of object 'Object Repository/Stockbit/Bandarmology_NetVal' is: '0.2 B'

2024-01-22 17:55:18 - [TEST_STEP][PASSED] - delay(3): Delayed 3 second(s)

2024-01-22 17:55:21 - [MESSAGE][PASSED] - Delayed 3 second(s)

2024-01-22 17:55:21 - [TEST_STEP][PASSED] - strOpenPrice = getText(findTestObject("Stockbit/Home_OpenPrice")): Text of object 'Object Repository/Stockbit/Home_OpenPrice' is: '192'

2024-01-22 17:55:22 - [MESSAGE][PASSED] - Text of object 'Object Repository/Stockbit/Home_OpenPrice' is: '192'

2024-01-22 17:55:22 - [TEST_STEP][PASSED] - strOpenPrice = strOpenPrice.replace(",", ""): null

2024-01-22 17:55:22 - [TEST_STEP][PASSED] - strLowPrice = getText(findTestObject("Stockbit/Home_LowPrice")): Text of object 'Object Repository/Stockbit/Home_LowPrice' is: '187'

2024-01-22 17:55:22 - [MESSAGE][PASSED] - Text of object 'Object Repository/Stockbit/Home_LowPrice' is: '187'

2024-01-22 17:55:22 - [TEST_STEP][PASSED] - strLowPrice = strLowPrice.replace(",", ""): null

2024-01-22 17:55:22 - [TEST_STEP][PASSED] - strHighPrice = getText(findTestObject("Stockbit/Home_HighPrice")): Text of object 'Object Repository/Stockbit/Home_HighPrice' is: '192'

2024-01-22 17:55:22 - [MESSAGE][PASSED] - Text of object 'Object Repository/Stockbit/Home_HighPrice' is: '192'

2024-01-22 17:55:22 - [TEST_STEP][PASSED] - strHighPrice = strHighPrice.replace(",", ""): null

2024-01-22 17:55:22 - [TEST_STEP][PASSED] - strClosePrice = getText(findTestObject("Stockbit/Home_ClosePrice")): Text of object 'Object Repository/Stockbit/Home_ClosePrice' is: '188'

2024-01-22 17:55:22 - [MESSAGE][PASSED] - Text of object 'Object Repository/Stockbit/Home_ClosePrice' is: '188'

2024-01-22 17:55:22 - [TEST_STEP][PASSED] - strClosePrice = strClosePrice.replace(",", ""): null

2024-01-22 17:55:22 - [TEST_STEP][PASSED] - strVol = getText(findTestObject("Stockbit/Home_Volume")): Text of object 'Object Repository/Stockbit/Home_Volume' is: '15 K'

2024-01-22 17:55:22 - [MESSAGE][PASSED] - Text of object 'Object Repository/Stockbit/Home_Volume' is: '15 K'

2024-01-22 17:55:22 - [TEST_STEP][PASSED] - if (strVol.contains(" K")): null

2024-01-22 17:55:22 - [TEST_STEP][PASSED] - strVol = strVol.replace(" K", "000"): null

2024-01-22 17:55:22 - [TEST_STEP][PASSED] - if (strVol.contains(",")): null

2024-01-22 17:55:22 - [TEST_STEP][PASSED] - strChange = getText(findTestObject("Stockbit/Home_Change")): Text of object 'Object Repository/Stockbit/Home_Change' is: '-1.05%'

2024-01-22 17:55:22 - [MESSAGE][PASSED] - Text of object 'Object Repository/Stockbit/Home_Change' is: '-1.05%'

2024-01-22 17:55:22 - [TEST_STEP][PASSED] - strChange = strChange.replace("%", ""): null

2024-01-22 17:55:22 - [TEST_STEP][PASSED] - strFreq = getText(findTestObject("Stockbit/Home_Freq")): Text of object 'Object Repository/Stockbit/Home_Freq' is: '46'

2024-01-22 17:55:23 - [MESSAGE][PASSED] - Text of object 'Object Repository/Stockbit/Home_Freq' is: '46'

2024-01-22 17:55:23 - [TEST_STEP][PASSED] - if (strFreq.contains(",")): null

2024-01-22 17:55:23 - [TEST_STEP][PASSED] - if (strFreq == "NA" || strFreq == ""): null

2024-01-22 17:55:23 - [TEST_STEP][PASSED] - else: null

2024-01-22 17:55:23 - [TEST_STEP][PASSED] - dblFreqAnal = strVol.toDouble() / strFreq.toDouble() * strFreq.toDouble() * strFreq.toDouble() * 100000000: null

2024-01-22 17:55:23 - [TEST_STEP][PASSED] - strFreqAnal = String.format("%.4f", dblFreqAnal): null

2024-01-22 17:55:23 - [TEST_STEP][PASSED] - out.println("Double strFreqAnal: " + strFreqAnal): null

2024-01-22 17:55:23 - [TEST_STEP][PASSED] - strTanggal = d.format(DateTimeFormatter.ofPattern("yyyy-MM-dd")): null

2024-01-22 17:55:23 - [TEST_STEP][PASSED] - strTanggal = "#" + strTanggal + "#": null

2024-01-22 17:55:23 - [TEST_STEP][PASSED] - strSQL = "select count(*) as JumBaris from TblBrokSum where Nama = '" + strNama + "' and Tanggal = " + strTanggal + "": null

2024-01-22 17:55:23 - [TEST_STEP][PASSED] - resultSet = statement.executeQuery(strSQL): null

2024-01-22 17:55:23 - [TEST_STEP][PASSED] - resultSet.next(): null

2024-01-22 17:55:23 - [TEST_STEP][PASSED] - intJumBaris = resultSet.getInt("JumBaris"): null

2024-01-22 17:55:23 - [TEST_STEP][PASSED] - if (intJumBaris > 0): null

2024-01-22 17:55:23 - [TEST_STEP][PASSED] - else: null

2024-01-22 17:55:23 - [TEST_STEP][PASSED] - try: null

2024-01-22 17:55:23 - [TEST_STEP][PASSED] - out.println("Insert data"): null

2024-01-22 17:55:23 - [TEST_STEP][PASSED] - strSQL = "insert into TblBrokSum (nama, tanggal, top1, top2, top3, AllBrokAvg, AccDist, AvgRP, " + "Buyer1, BuyerVal1, BuyerAvg1, Seller1, SellerVal1, SellerAvg1, Buyer2, BuyerVal2, BuyerAvg2, " + "Seller2, SellerVal2, SellerAvg2, Buyer3, BuyerVal3, BuyerAvg3, Seller3, SellerVal3, SellerAvg3, NetVol, NetVal, " + "OpenPrice, LowPrice, HighPrice, ClosePrice, Volume, Change, Frekuensi, FrekAnal) " + "values ('" + strNama + "', " + strTanggal + ", '" + strTop1 + "', '" + strTop3 + "', '" + strTop5 + "', " + "'" + strAllBrokAvg + "', '" + strAccDist + "', " + intAvgRP + ", '" + strBuyer1 + "', '" + strBuyerVol1 + "', " + strBuyerAvg1 + ", " + "'" + strSeller1 + "', '" + strSellerVol1 + "', " + strSellerAvg1 + ", '" + strBuyer2 + "', '" + strBuyerVol2 + "', " + strBuyerAvg2 + ", " + "'" + strSeller2 + "', '" + strSellerVol2 + "', " + strSellerAvg2 + ", '" + strBuyer3 + "', '" + strBuyerVol3 + "', " + strBuyerAvg3 + ", " + "'" + strSeller3 + "', '" + strSellerVol3 + "', " + strSellerAvg3 + ", " + strNetVol + ", '" + strNetVal + "', " + "" + strOpenPrice + ", " + strLowPrice + ", " + strHighPrice + ", " + strClosePrice + ", '" + strVol + "', " + strChange + ", " + strFreq + ", " + strFreqAnal + ");": null

2024-01-22 17:55:23 - [TEST_STEP][PASSED] - out.println("strSQL = " + strSQL): null

2024-01-22 17:55:23 - [TEST_STEP][PASSED] - statement.executeUpdate(strSQL): null

2024-01-22 17:55:23 - [TEST_STEP][PASSED] - setValueToCellByIndex(sheet01, rowIndex, 4, "DONE"): null

2024-01-22 17:55:23 - [TEST_STEP][PASSED] - saveWorkbook(excelFilePath, workbook01): null

2024-01-22 17:55:23 - [TEST_STEP][PASSED] - waitForElementClickable(findTestObject("Stockbit/menu_Bandarmology"), 10): Object 'Object Repository/Stockbit/menu_Bandarmology' is clickable

2024-01-22 17:55:23 - [MESSAGE][PASSED] - Object 'Object Repository/Stockbit/menu_Bandarmology' is clickable

2024-01-22 17:55:23 - [TEST_STEP][PASSED] - click(findTestObject("Stockbit/menu_Bandarmology")): Object: 'Object Repository/Stockbit/menu_Bandarmology' is clicked on

2024-01-22 17:55:23 - [MESSAGE][PASSED] - Object: 'Object Repository/Stockbit/menu_Bandarmology' is clicked on

2024-01-22 17:55:23 - [TEST_STEP][PASSED] - strTemp = "NA": null

2024-01-22 17:55:23 - [TEST_STEP][PASSED] - if (getCellValueByIndex(sheet01, rowIndex, 4) != "DONE"): Object: 'Object Repository/Stockbit/menu_Bandarmology' is clicked on

2024-01-22 17:55:23 - [TEST_STEP][PASSED] - strNama = getCellValueByIndex(sheet01, rowIndex, 0): null

2024-01-22 17:55:23 - [TEST_STEP][PASSED] - navigateToUrl("https://stockbit.com/#/symbol/" + strNama): Navigate to 'https://stockbit.com/#/symbol/ENZO' successfully

2024-01-22 17:55:25 - [MESSAGE][PASSED] - Navigate to 'https://stockbit.com/#/symbol/ENZO' successfully

2024-01-22 17:55:25 - [TEST_STEP][PASSED] - waitForElementClickable(findTestObject("Stockbit/menu_Bandarmology"), 10): Object 'Object Repository/Stockbit/menu_Bandarmology' is clickable

2024-01-22 17:55:25 - [MESSAGE][PASSED] - Object 'Object Repository/Stockbit/menu_Bandarmology' is clickable

2024-01-22 17:55:25 - [TEST_STEP][PASSED] - click(findTestObject("Stockbit/menu_Bandarmology")): Object: 'Object Repository/Stockbit/menu_Bandarmology' is clicked on

2024-01-22 17:55:26 - [MESSAGE][PASSED] - Object: 'Object Repository/Stockbit/menu_Bandarmology' is clicked on

2024-01-22 17:55:26 - [TEST_STEP][PASSED] - strTanggal = d.format(DateTimeFormatter.ofPattern("MMM dd, yyyy")): null

2024-01-22 17:55:26 - [TEST_STEP][PASSED] - strTanggal = d.format(ISO_DATE): null

2024-01-22 17:55:26 - [TEST_STEP][PASSED] - out.println("strTanggal = " + strTanggal): null

2024-01-22 17:55:26 - [TEST_STEP][PASSED] - out.println("strNama = " + strNama): null

2024-01-22 17:55:26 - [TEST_STEP][PASSED] - out.println("Baris ke = " + rowIndex): null

2024-01-22 17:55:26 - [TEST_STEP][PASSED] - click(findTestObject("Stockbit/input__BandarmologyOpenStartDate")): Object: 'Object Repository/Stockbit/input__BandarmologyOpenStartDate' is clicked on

2024-01-22 17:55:27 - [MESSAGE][PASSED] - Object: 'Object Repository/Stockbit/input__BandarmologyOpenStartDate' is clicked on

2024-01-22 17:55:27 - [TEST_STEP][PASSED] - sendKeys(findTestObject("Stockbit/input__BandarmologyOpenStartDate"), Keys.chord(CONTROL, "a")): Keys 'CONTROL + a' sent to object: 'Object Repository/Stockbit/input__BandarmologyOpenStartDate'

2024-01-22 17:55:28 - [MESSAGE][PASSED] - Keys 'CONTROL + a' sent to object: 'Object Repository/Stockbit/input__BandarmologyOpenStartDate'

2024-01-22 17:55:28 - [TEST_STEP][PASSED] - sendKeys(findTestObject("Stockbit/input__BandarmologyOpenStartDate"), Keys.chord(BACK_SPACE)): Keys 'BACK_SPACE + ' sent to object: 'Object Repository/Stockbit/input__BandarmologyOpenStartDate'

2024-01-22 17:55:28 - [MESSAGE][PASSED] - Keys 'BACK_SPACE + ' sent to object: 'Object Repository/Stockbit/input__BandarmologyOpenStartDate'

2024-01-22 17:55:28 - [TEST_STEP][PASSED] - setText(findTestObject("Stockbit/input__BandarmologyOpenStartDate"), strTanggal): Text '2024-01-22' is set on object 'Object Repository/Stockbit/input__BandarmologyOpenStartDate'

2024-01-22 17:55:29 - [MESSAGE][PASSED] - Text '2024-01-22' is set on object 'Object Repository/Stockbit/input__BandarmologyOpenStartDate'

2024-01-22 17:55:29 - [TEST_STEP][PASSED] - sendKeys(findTestObject("Stockbit/input__BandarmologyOpenStartDate"), Keys.chord(ENTER)): Keys 'ENTER + ' sent to object: 'Object Repository/Stockbit/input__BandarmologyOpenStartDate'

2024-01-22 17:55:29 - [MESSAGE][PASSED] - Keys 'ENTER + ' sent to object: 'Object Repository/Stockbit/input__BandarmologyOpenStartDate'

2024-01-22 17:55:29 - [TEST_STEP][PASSED] - click(findTestObject("Stockbit/input__BandarmologyOpenEndDate")): Object: 'Object Repository/Stockbit/input__BandarmologyOpenEndDate' is clicked on

2024-01-22 17:55:30 - [MESSAGE][PASSED] - Object: 'Object Repository/Stockbit/input__BandarmologyOpenEndDate' is clicked on

2024-01-22 17:55:30 - [TEST_STEP][PASSED] - sendKeys(findTestObject("Stockbit/input__BandarmologyOpenEndDate"), Keys.chord(CONTROL, "a")): Keys 'CONTROL + a' sent to object: 'Object Repository/Stockbit/input__BandarmologyOpenEndDate'

2024-01-22 17:55:30 - [MESSAGE][PASSED] - Keys 'CONTROL + a' sent to object: 'Object Repository/Stockbit/input__BandarmologyOpenEndDate'

2024-01-22 17:55:30 - [TEST_STEP][PASSED] - sendKeys(findTestObject("Stockbit/input__BandarmologyOpenEndDate"), Keys.chord(BACK_SPACE)): Keys 'BACK_SPACE + ' sent to object: 'Object Repository/Stockbit/input__BandarmologyOpenEndDate'

2024-01-22 17:55:30 - [MESSAGE][PASSED] - Keys 'BACK_SPACE + ' sent to object: 'Object Repository/Stockbit/input__BandarmologyOpenEndDate'

2024-01-22 17:55:30 - [TEST_STEP][PASSED] - setText(findTestObject("Stockbit/input__BandarmologyOpenEndDate"), strTanggal): Text '2024-01-22' is set on object 'Object Repository/Stockbit/input__BandarmologyOpenEndDate'

2024-01-22 17:55:31 - [MESSAGE][PASSED] - Text '2024-01-22' is set on object 'Object Repository/Stockbit/input__BandarmologyOpenEndDate'

2024-01-22 17:55:31 - [TEST_STEP][PASSED] - sendKeys(findTestObject("Stockbit/input__BandarmologyOpenEndDate"), Keys.chord(ENTER)): Keys 'ENTER + ' sent to object: 'Object Repository/Stockbit/input__BandarmologyOpenEndDate'

2024-01-22 17:55:32 - [MESSAGE][PASSED] - Keys 'ENTER + ' sent to object: 'Object Repository/Stockbit/input__BandarmologyOpenEndDate'

2024-01-22 17:55:32 - [TEST_STEP][PASSED] - delay(2): Delayed 2 second(s)

2024-01-22 17:55:34 - [MESSAGE][PASSED] - Delayed 2 second(s)

2024-01-22 17:55:34 - [TEST_STEP][PASSED] - strTemp = getText(findTestObject("Stockbit/Bandarmology_AvgRP")): Text of object 'Object Repository/Stockbit/Bandarmology_AvgRP' is: '50'

2024-01-22 17:55:34 - [MESSAGE][PASSED] - Text of object 'Object Repository/Stockbit/Bandarmology_AvgRP' is: '50'

2024-01-22 17:55:34 - [TEST_STEP][PASSED] - out.println("Bandarmology_AvgRP = " + strTemp): null

2024-01-22 17:55:34 - [TEST_STEP][PASSED] - if (strTemp != "0"): null

2024-01-22 17:55:34 - [TEST_STEP][PASSED] - strTop1 = getText(findTestObject("Stockbit/Bandarmology_Top1")): Text of object 'Object Repository/Stockbit/Bandarmology_Top1' is: 'Neutral'

2024-01-22 17:55:34 - [MESSAGE][PASSED] - Text of object 'Object Repository/Stockbit/Bandarmology_Top1' is: 'Neutral'

2024-01-22 17:55:34 - [TEST_STEP][PASSED] - strTop3 = getText(findTestObject("Stockbit/Bandarmology_Top3")): Text of object 'Object Repository/Stockbit/Bandarmology_Top3' is: 'Neutral'

2024-01-22 17:55:34 - [MESSAGE][PASSED] - Text of object 'Object Repository/Stockbit/Bandarmology_Top3' is: 'Neutral'

2024-01-22 17:55:34 - [TEST_STEP][PASSED] - strTop5 = getText(findTestObject("Stockbit/Bandarmology_Top5")): Text of object 'Object Repository/Stockbit/Bandarmology_Top5' is: 'Neutral'

2024-01-22 17:55:34 - [MESSAGE][PASSED] - Text of object 'Object Repository/Stockbit/Bandarmology_Top5' is: 'Neutral'

2024-01-22 17:55:34 - [TEST_STEP][PASSED] - strAllBrokAvg = getText(findTestObject("Stockbit/Bandarmology_TopAVG")): Text of object 'Object Repository/Stockbit/Bandarmology_TopAVG' is: 'Neutral'

2024-01-22 17:55:34 - [MESSAGE][PASSED] - Text of object 'Object Repository/Stockbit/Bandarmology_TopAVG' is: 'Neutral'

2024-01-22 17:55:34 - [TEST_STEP][PASSED] - strTemp = getText(findTestObject("Stockbit/Bandarmology_AvgRP")): Text of object 'Object Repository/Stockbit/Bandarmology_AvgRP' is: '50'

2024-01-22 17:55:34 - [MESSAGE][PASSED] - Text of object 'Object Repository/Stockbit/Bandarmology_AvgRP' is: '50'

2024-01-22 17:55:34 - [TEST_STEP][PASSED] - if (strTemp.contains(",")): null

2024-01-22 17:55:34 - [TEST_STEP][PASSED] - intAvgRP = strTemp.toInteger(): null

2024-01-22 17:55:34 - [TEST_STEP][PASSED] - strBuyer1 = getText(findTestObject("Stockbit/Bandarmology_Buyer1")): Text of object 'Object Repository/Stockbit/Bandarmology_Buyer1' is: 'BQ'

2024-01-22 17:55:34 - [MESSAGE][PASSED] - Text of object 'Object Repository/Stockbit/Bandarmology_Buyer1' is: 'BQ'

2024-01-22 17:55:34 - [TEST_STEP][PASSED] - strBuyerVol1 = getText(findTestObject("Stockbit/Bandarmology_BuyerVol1")): Text of object 'Object Repository/Stockbit/Bandarmology_BuyerVol1' is: '13'

2024-01-22 17:55:34 - [MESSAGE][PASSED] - Text of object 'Object Repository/Stockbit/Bandarmology_BuyerVol1' is: '13'

2024-01-22 17:55:34 - [TEST_STEP][PASSED] - strBuyerAvg1 = getText(findTestObject("Stockbit/Bandarmology_BuyerAvg1")): Text of object 'Object Repository/Stockbit/Bandarmology_BuyerAvg1' is: '50'

2024-01-22 17:55:35 - [MESSAGE][PASSED] - Text of object 'Object Repository/Stockbit/Bandarmology_BuyerAvg1' is: '50'

2024-01-22 17:55:35 - [TEST_STEP][PASSED] - if (strBuyerAvg1.contains(",")): null

2024-01-22 17:55:35 - [TEST_STEP][PASSED] - if (strBuyerVol1.contains(" B")): null

2024-01-22 17:55:35 - [TEST_STEP][PASSED] - strSeller1 = getText(findTestObject("Stockbit/Bandarmology_Seller1")): Text of object 'Object Repository/Stockbit/Bandarmology_Seller1' is: 'MG'

2024-01-22 17:55:35 - [MESSAGE][PASSED] - Text of object 'Object Repository/Stockbit/Bandarmology_Seller1' is: 'MG'

2024-01-22 17:55:35 - [TEST_STEP][PASSED] - strSellerVol1 = getText(findTestObject("Stockbit/Bandarmology_SellerVol1")): Text of object 'Object Repository/Stockbit/Bandarmology_SellerVol1' is: '13'

2024-01-22 17:55:35 - [MESSAGE][PASSED] - Text of object 'Object Repository/Stockbit/Bandarmology_SellerVol1' is: '13'

2024-01-22 17:55:35 - [TEST_STEP][PASSED] - strSellerAvg1 = getText(findTestObject("Stockbit/Bandarmology_SellerAvg1")): Text of object 'Object Repository/Stockbit/Bandarmology_SellerAvg1' is: '50'

2024-01-22 17:55:35 - [MESSAGE][PASSED] - Text of object 'Object Repository/Stockbit/Bandarmology_SellerAvg1' is: '50'

2024-01-22 17:55:35 - [TEST_STEP][PASSED] - if (strSellerAvg1.contains(",")): null

2024-01-22 17:55:35 - [TEST_STEP][PASSED] - if (strSellerVol1.contains(" B")): null

2024-01-22 17:55:35 - [TEST_STEP][PASSED] - if (verifyElementNotPresent(findTestObject("Stockbit/Bandarmology_Buyer2"), 1, OPTIONAL)): null

2024-01-22 17:55:35 - [MESSAGE][PASSED] - Web element with id: 'Object Repository/Stockbit/Bandarmology_Buyer2' located by 'By.xpath: //*[contains(@id, 'rc-tabs-')]/div[2]/div/div/div/div/div/div[2]/table/tbody/tr[3]/td[1]/p' is not present after '1' second(s)

2024-01-22 17:55:35 - [TEST_STEP][PASSED] - strBuyer2 = "-": null

2024-01-22 17:55:35 - [TEST_STEP][PASSED] - strBuyerVol2 = "0": null

2024-01-22 17:55:35 - [TEST_STEP][PASSED] - strBuyerAvg2 = "0": null

2024-01-22 17:55:35 - [TEST_STEP][PASSED] - if (verifyElementNotPresent(findTestObject("Stockbit/Bandarmology_Seller2"), 1, OPTIONAL)): null

2024-01-22 17:55:35 - [MESSAGE][PASSED] - Web element with id: 'Object Repository/Stockbit/Bandarmology_Seller2' located by 'By.xpath: //*[contains(@id, 'rc-tabs-')]/div[2]/div/div/div/div/div/div[2]/table/tbody/tr[3]/td[5]/p' is not present after '1' second(s)

2024-01-22 17:55:35 - [TEST_STEP][PASSED] - strSeller2 = "-": null

2024-01-22 17:55:35 - [TEST_STEP][PASSED] - strSellerVol2 = "0": null

2024-01-22 17:55:35 - [TEST_STEP][PASSED] - strSellerAvg2 = "0": null

2024-01-22 17:55:35 - [TEST_STEP][PASSED] - if (verifyElementNotPresent(findTestObject("Stockbit/Bandarmology_Buyer3"), 1, OPTIONAL)): null

2024-01-22 17:55:35 - [MESSAGE][PASSED] - Web element with id: 'Object Repository/Stockbit/Bandarmology_Buyer3' located by 'By.xpath: //*[contains(@id, 'rc-tabs-')]/div[2]/div/div/div/div/div/div[2]/table/tbody/tr[4]/td[1]/p' is not present after '1' second(s)

2024-01-22 17:55:35 - [TEST_STEP][PASSED] - strBuyer3 = "-": null

2024-01-22 17:55:35 - [TEST_STEP][PASSED] - strBuyerVol3 = "0": null

2024-01-22 17:55:35 - [TEST_STEP][PASSED] - strBuyerAvg3 = "0": null

2024-01-22 17:55:35 - [TEST_STEP][PASSED] - if (verifyElementNotPresent(findTestObject("Stockbit/Bandarmology_Seller3"), 1, OPTIONAL)): null

2024-01-22 17:55:35 - [MESSAGE][PASSED] - Web element with id: 'Object Repository/Stockbit/Bandarmology_Seller3' located by 'By.xpath: //*[contains(@id, 'rc-tabs-')]/div[2]/div/div/div/div/div/div[2]/table/tbody/tr[4]/td[5]/p' is not present after '1' second(s)

2024-01-22 17:55:35 - [TEST_STEP][PASSED] - strSeller3 = "-": null

2024-01-22 17:55:35 - [TEST_STEP][PASSED] - strSellerVol3 = "0": null

2024-01-22 17:55:35 - [TEST_STEP][PASSED] - strSellerAvg3 = "0": null

2024-01-22 17:55:35 - [TEST_STEP][PASSED] - strAccDist = getText(findTestObject("Stockbit/Bandarmology_AccDist")): Text of object 'Object Repository/Stockbit/Bandarmology_AccDist' is: 'Dist'

2024-01-22 17:55:35 - [MESSAGE][PASSED] - Text of object 'Object Repository/Stockbit/Bandarmology_AccDist' is: 'Dist'

2024-01-22 17:55:35 - [TEST_STEP][PASSED] - strNetVol = getText(findTestObject("Stockbit/Bandarmology_NetVol")): Text of object 'Object Repository/Stockbit/Bandarmology_NetVol' is: '13'

2024-01-22 17:55:36 - [MESSAGE][PASSED] - Text of object 'Object Repository/Stockbit/Bandarmology_NetVol' is: '13'

2024-01-22 17:55:36 - [TEST_STEP][PASSED] - strNetVol = strNetVol.replace(",", ""): null

2024-01-22 17:55:36 - [TEST_STEP][PASSED] - strNetVal = getText(findTestObject("Stockbit/Bandarmology_NetVal")): Text of object 'Object Repository/Stockbit/Bandarmology_NetVal' is: '0 B'

2024-01-22 17:55:36 - [MESSAGE][PASSED] - Text of object 'Object Repository/Stockbit/Bandarmology_NetVal' is: '0 B'

2024-01-22 17:55:36 - [TEST_STEP][PASSED] - delay(3): Delayed 3 second(s)

2024-01-22 17:55:39 - [MESSAGE][PASSED] - Delayed 3 second(s)

2024-01-22 17:55:39 - [TEST_STEP][PASSED] - strOpenPrice = getText(findTestObject("Stockbit/Home_OpenPrice")): Text of object 'Object Repository/Stockbit/Home_OpenPrice' is: '50'

2024-01-22 17:55:39 - [MESSAGE][PASSED] - Text of object 'Object Repository/Stockbit/Home_OpenPrice' is: '50'

2024-01-22 17:55:39 - [TEST_STEP][PASSED] - strOpenPrice = strOpenPrice.replace(",", ""): null

2024-01-22 17:55:39 - [TEST_STEP][PASSED] - strLowPrice = getText(findTestObject("Stockbit/Home_LowPrice")): Text of object 'Object Repository/Stockbit/Home_LowPrice' is: '50'

2024-01-22 17:55:39 - [MESSAGE][PASSED] - Text of object 'Object Repository/Stockbit/Home_LowPrice' is: '50'

2024-01-22 17:55:39 - [TEST_STEP][PASSED] - strLowPrice = strLowPrice.replace(",", ""): null

2024-01-22 17:55:39 - [TEST_STEP][PASSED] - strHighPrice = getText(findTestObject("Stockbit/Home_HighPrice")): Text of object 'Object Repository/Stockbit/Home_HighPrice' is: '50'

2024-01-22 17:55:39 - [MESSAGE][PASSED] - Text of object 'Object Repository/Stockbit/Home_HighPrice' is: '50'

2024-01-22 17:55:39 - [TEST_STEP][PASSED] - strHighPrice = strHighPrice.replace(",", ""): null

2024-01-22 17:55:39 - [TEST_STEP][PASSED] - strClosePrice = getText(findTestObject("Stockbit/Home_ClosePrice")): Text of object 'Object Repository/Stockbit/Home_ClosePrice' is: '50'

2024-01-22 17:55:39 - [MESSAGE][PASSED] - Text of object 'Object Repository/Stockbit/Home_ClosePrice' is: '50'

2024-01-22 17:55:39 - [TEST_STEP][PASSED] - strClosePrice = strClosePrice.replace(",", ""): null

2024-01-22 17:55:39 - [TEST_STEP][PASSED] - strVol = getText(findTestObject("Stockbit/Home_Volume")): Text of object 'Object Repository/Stockbit/Home_Volume' is: '13'

2024-01-22 17:55:39 - [MESSAGE][PASSED] - Text of object 'Object Repository/Stockbit/Home_Volume' is: '13'

2024-01-22 17:55:39 - [TEST_STEP][PASSED] - if (strVol.contains(" K")): null

2024-01-22 17:55:39 - [TEST_STEP][PASSED] - if (strVol.contains(",")): null

2024-01-22 17:55:39 - [TEST_STEP][PASSED] - strChange = getText(findTestObject("Stockbit/Home_Change")): Text of object 'Object Repository/Stockbit/Home_Change' is: '0.00%'

2024-01-22 17:55:39 - [MESSAGE][PASSED] - Text of object 'Object Repository/Stockbit/Home_Change' is: '0.00%'

2024-01-22 17:55:39 - [TEST_STEP][PASSED] - strChange = strChange.replace("%", ""): null

2024-01-22 17:55:39 - [TEST_STEP][PASSED] - strFreq = getText(findTestObject("Stockbit/Home_Freq")): Text of object 'Object Repository/Stockbit/Home_Freq' is: '13'

2024-01-22 17:55:40 - [MESSAGE][PASSED] - Text of object 'Object Repository/Stockbit/Home_Freq' is: '13'

2024-01-22 17:55:40 - [TEST_STEP][PASSED] - if (strFreq.contains(",")): null

2024-01-22 17:55:40 - [TEST_STEP][PASSED] - if (strFreq == "NA" || strFreq == ""): null

2024-01-22 17:55:40 - [TEST_STEP][PASSED] - else: null

2024-01-22 17:55:40 - [TEST_STEP][PASSED] - dblFreqAnal = strVol.toDouble() / strFreq.toDouble() * strFreq.toDouble() * strFreq.toDouble() * 100000000: null

2024-01-22 17:55:40 - [TEST_STEP][PASSED] - strFreqAnal = String.format("%.4f", dblFreqAnal): null

2024-01-22 17:55:40 - [TEST_STEP][PASSED] - out.println("Double strFreqAnal: " + strFreqAnal): null

2024-01-22 17:55:40 - [TEST_STEP][PASSED] - strTanggal = d.format(DateTimeFormatter.ofPattern("yyyy-MM-dd")): null

2024-01-22 17:55:40 - [TEST_STEP][PASSED] - strTanggal = "#" + strTanggal + "#": null

2024-01-22 17:55:40 - [TEST_STEP][PASSED] - strSQL = "select count(*) as JumBaris from TblBrokSum where Nama = '" + strNama + "' and Tanggal = " + strTanggal + "": null

2024-01-22 17:55:40 - [TEST_STEP][PASSED] - resultSet = statement.executeQuery(strSQL): null

2024-01-22 17:55:40 - [TEST_STEP][PASSED] - resultSet.next(): null

2024-01-22 17:55:40 - [TEST_STEP][PASSED] - intJumBaris = resultSet.getInt("JumBaris"): null

2024-01-22 17:55:40 - [TEST_STEP][PASSED] - if (intJumBaris > 0): null

2024-01-22 17:55:40 - [TEST_STEP][PASSED] - else: null

2024-01-22 17:55:40 - [TEST_STEP][PASSED] - try: null

2024-01-22 17:55:40 - [TEST_STEP][PASSED] - out.println("Insert data"): null

2024-01-22 17:55:40 - [TEST_STEP][PASSED] - strSQL = "insert into TblBrokSum (nama, tanggal, top1, top2, top3, AllBrokAvg, AccDist, AvgRP, " + "Buyer1, BuyerVal1, BuyerAvg1, Seller1, SellerVal1, SellerAvg1, Buyer2, BuyerVal2, BuyerAvg2, " + "Seller2, SellerVal2, SellerAvg2, Buyer3, BuyerVal3, BuyerAvg3, Seller3, SellerVal3, SellerAvg3, NetVol, NetVal, " + "OpenPrice, LowPrice, HighPrice, ClosePrice, Volume, Change, Frekuensi, FrekAnal) " + "values ('" + strNama + "', " + strTanggal + ", '" + strTop1 + "', '" + strTop3 + "', '" + strTop5 + "', " + "'" + strAllBrokAvg + "', '" + strAccDist + "', " + intAvgRP + ", '" + strBuyer1 + "', '" + strBuyerVol1 + "', " + strBuyerAvg1 + ", " + "'" + strSeller1 + "', '" + strSellerVol1 + "', " + strSellerAvg1 + ", '" + strBuyer2 + "', '" + strBuyerVol2 + "', " + strBuyerAvg2 + ", " + "'" + strSeller2 + "', '" + strSellerVol2 + "', " + strSellerAvg2 + ", '" + strBuyer3 + "', '" + strBuyerVol3 + "', " + strBuyerAvg3 + ", " + "'" + strSeller3 + "', '" + strSellerVol3 + "', " + strSellerAvg3 + ", " + strNetVol + ", '" + strNetVal + "', " + "" + strOpenPrice + ", " + strLowPrice + ", " + strHighPrice + ", " + strClosePrice + ", '" + strVol + "', " + strChange + ", " + strFreq + ", " + strFreqAnal + ");": null

2024-01-22 17:55:40 - [TEST_STEP][PASSED] - out.println("strSQL = " + strSQL): null

2024-01-22 17:55:40 - [TEST_STEP][PASSED] - statement.executeUpdate(strSQL): null

2024-01-22 17:55:40 - [TEST_STEP][PASSED] - setValueToCellByIndex(sheet01, rowIndex, 4, "DONE"): null

2024-01-22 17:55:40 - [TEST_STEP][PASSED] - saveWorkbook(excelFilePath, workbook01): null

2024-01-22 17:55:40 - [TEST_STEP][PASSED] - waitForElementClickable(findTestObject("Stockbit/menu_Bandarmology"), 10): Object 'Object Repository/Stockbit/menu_Bandarmology' is clickable

2024-01-22 17:55:40 - [MESSAGE][PASSED] - Object 'Object Repository/Stockbit/menu_Bandarmology' is clickable

2024-01-22 17:55:40 - [TEST_STEP][PASSED] - click(findTestObject("Stockbit/menu_Bandarmology")): Object: 'Object Repository/Stockbit/menu_Bandarmology' is clicked on

2024-01-22 17:55:40 - [MESSAGE][PASSED] - Object: 'Object Repository/Stockbit/menu_Bandarmology' is clicked on

2024-01-22 17:55:40 - [TEST_STEP][PASSED] - strTemp = "NA": null

2024-01-22 17:55:40 - [TEST_STEP][PASSED] - if (getCellValueByIndex(sheet01, rowIndex, 4) != "DONE"): Object: 'Object Repository/Stockbit/menu_Bandarmology' is clicked on

2024-01-22 17:55:40 - [TEST_STEP][PASSED] - strNama = getCellValueByIndex(sheet01, rowIndex, 0): null

2024-01-22 17:55:40 - [TEST_STEP][PASSED] - navigateToUrl("https://stockbit.com/#/symbol/" + strNama): Navigate to 'https://stockbit.com/#/symbol/NASI' successfully

2024-01-22 17:55:42 - [MESSAGE][PASSED] - Navigate to 'https://stockbit.com/#/symbol/NASI' successfully

2024-01-22 17:55:42 - [TEST_STEP][PASSED] - waitForElementClickable(findTestObject("Stockbit/menu_Bandarmology"), 10): Object 'Object Repository/Stockbit/menu_Bandarmology' is clickable

2024-01-22 17:55:43 - [MESSAGE][PASSED] - Object 'Object Repository/Stockbit/menu_Bandarmology' is clickable

2024-01-22 17:55:43 - [TEST_STEP][PASSED] - click(findTestObject("Stockbit/menu_Bandarmology")): Object: 'Object Repository/Stockbit/menu_Bandarmology' is clicked on

2024-01-22 17:55:44 - [MESSAGE][PASSED] - Object: 'Object Repository/Stockbit/menu_Bandarmology' is clicked on

2024-01-22 17:55:44 - [TEST_STEP][PASSED] - strTanggal = d.format(DateTimeFormatter.ofPattern("MMM dd, yyyy")): null

2024-01-22 17:55:44 - [TEST_STEP][PASSED] - strTanggal = d.format(ISO_DATE): null

2024-01-22 17:55:44 - [TEST_STEP][PASSED] - out.println("strTanggal = " + strTanggal): null

2024-01-22 17:55:44 - [TEST_STEP][PASSED] - out.println("strNama = " + strNama): null

2024-01-22 17:55:44 - [TEST_STEP][PASSED] - out.println("Baris ke = " + rowIndex): null

2024-01-22 17:55:44 - [TEST_STEP][PASSED] - click(findTestObject("Stockbit/input__BandarmologyOpenStartDate")): Object: 'Object Repository/Stockbit/input__BandarmologyOpenStartDate' is clicked on

2024-01-22 17:55:45 - [MESSAGE][PASSED] - Object: 'Object Repository/Stockbit/input__BandarmologyOpenStartDate' is clicked on

2024-01-22 17:55:45 - [TEST_STEP][PASSED] - sendKeys(findTestObject("Stockbit/input__BandarmologyOpenStartDate"), Keys.chord(CONTROL, "a")): Keys 'CONTROL + a' sent to object: 'Object Repository/Stockbit/input__BandarmologyOpenStartDate'

2024-01-22 17:55:46 - [MESSAGE][PASSED] - Keys 'CONTROL + a' sent to object: 'Object Repository/Stockbit/input__BandarmologyOpenStartDate'

2024-01-22 17:55:46 - [TEST_STEP][PASSED] - sendKeys(findTestObject("Stockbit/input__BandarmologyOpenStartDate"), Keys.chord(BACK_SPACE)): Keys 'BACK_SPACE + ' sent to object: 'Object Repository/Stockbit/input__BandarmologyOpenStartDate'

2024-01-22 17:55:46 - [MESSAGE][PASSED] - Keys 'BACK_SPACE + ' sent to object: 'Object Repository/Stockbit/input__BandarmologyOpenStartDate'

2024-01-22 17:55:46 - [TEST_STEP][PASSED] - setText(findTestObject("Stockbit/input__BandarmologyOpenStartDate"), strTanggal): Text '2024-01-22' is set on object 'Object Repository/Stockbit/input__BandarmologyOpenStartDate'

2024-01-22 17:55:47 - [MESSAGE][PASSED] - Text '2024-01-22' is set on object 'Object Repository/Stockbit/input__BandarmologyOpenStartDate'

2024-01-22 17:55:47 - [TEST_STEP][PASSED] - sendKeys(findTestObject("Stockbit/input__BandarmologyOpenStartDate"), Keys.chord(ENTER)): Keys 'ENTER + ' sent to object: 'Object Repository/Stockbit/input__BandarmologyOpenStartDate'

2024-01-22 17:55:48 - [MESSAGE][PASSED] - Keys 'ENTER + ' sent to object: 'Object Repository/Stockbit/input__BandarmologyOpenStartDate'

2024-01-22 17:55:48 - [TEST_STEP][PASSED] - click(findTestObject("Stockbit/input__BandarmologyOpenEndDate")): Object: 'Object Repository/Stockbit/input__BandarmologyOpenEndDate' is clicked on

2024-01-22 17:55:48 - [MESSAGE][PASSED] - Object: 'Object Repository/Stockbit/input__BandarmologyOpenEndDate' is clicked on

2024-01-22 17:55:48 - [TEST_STEP][PASSED] - sendKeys(findTestObject("Stockbit/input__BandarmologyOpenEndDate"), Keys.chord(CONTROL, "a")): Keys 'CONTROL + a' sent to object: 'Object Repository/Stockbit/input__BandarmologyOpenEndDate'

2024-01-22 17:55:49 - [MESSAGE][PASSED] - Keys 'CONTROL + a' sent to object: 'Object Repository/Stockbit/input__BandarmologyOpenEndDate'

2024-01-22 17:55:49 - [TEST_STEP][PASSED] - sendKeys(findTestObject("Stockbit/input__BandarmologyOpenEndDate"), Keys.chord(BACK_SPACE)): Keys 'BACK_SPACE + ' sent to object: 'Object Repository/Stockbit/input__BandarmologyOpenEndDate'

2024-01-22 17:55:49 - [MESSAGE][PASSED] - Keys 'BACK_SPACE + ' sent to object: 'Object Repository/Stockbit/input__BandarmologyOpenEndDate'

2024-01-22 17:55:49 - [TEST_STEP][PASSED] - setText(findTestObject("Stockbit/input__BandarmologyOpenEndDate"), strTanggal): Text '2024-01-22' is set on object 'Object Repository/Stockbit/input__BandarmologyOpenEndDate'

2024-01-22 17:55:50 - [MESSAGE][PASSED] - Text '2024-01-22' is set on object 'Object Repository/Stockbit/input__BandarmologyOpenEndDate'

2024-01-22 17:55:50 - [TEST_STEP][PASSED] - sendKeys(findTestObject("Stockbit/input__BandarmologyOpenEndDate"), Keys.chord(ENTER)): Keys 'ENTER + ' sent to object: 'Object Repository/Stockbit/input__BandarmologyOpenEndDate'

2024-01-22 17:55:50 - [MESSAGE][PASSED] - Keys 'ENTER + ' sent to object: 'Object Repository/Stockbit/input__BandarmologyOpenEndDate'

2024-01-22 17:55:50 - [TEST_STEP][PASSED] - delay(2): Delayed 2 second(s)

2024-01-22 17:55:53 - [MESSAGE][PASSED] - Delayed 2 second(s)

2024-01-22 17:55:53 - [TEST_STEP][PASSED] - strTemp = getText(findTestObject("Stockbit/Bandarmology_AvgRP")): Text of object 'Object Repository/Stockbit/Bandarmology_AvgRP' is: '74'

2024-01-22 17:55:53 - [MESSAGE][PASSED] - Text of object 'Object Repository/Stockbit/Bandarmology_AvgRP' is: '74'

2024-01-22 17:55:53 - [TEST_STEP][PASSED] - out.println("Bandarmology_AvgRP = " + strTemp): null

2024-01-22 17:55:53 - [TEST_STEP][PASSED] - if (strTemp != "0"): null

2024-01-22 17:55:53 - [TEST_STEP][PASSED] - strTop1 = getText(findTestObject("Stockbit/Bandarmology_Top1")): Text of object 'Object Repository/Stockbit/Bandarmology_Top1' is: 'Big Acc'

2024-01-22 17:55:53 - [MESSAGE][PASSED] - Text of object 'Object Repository/Stockbit/Bandarmology_Top1' is: 'Big Acc'

2024-01-22 17:55:53 - [TEST_STEP][PASSED] - strTop3 = getText(findTestObject("Stockbit/Bandarmology_Top3")): Text of object 'Object Repository/Stockbit/Bandarmology_Top3' is: 'Big Acc'

2024-01-22 17:55:53 - [MESSAGE][PASSED] - Text of object 'Object Repository/Stockbit/Bandarmology_Top3' is: 'Big Acc'

2024-01-22 17:55:53 - [TEST_STEP][PASSED] - strTop5 = getText(findTestObject("Stockbit/Bandarmology_Top5")): Text of object 'Object Repository/Stockbit/Bandarmology_Top5' is: 'Small Acc'

2024-01-22 17:55:53 - [MESSAGE][PASSED] - Text of object 'Object Repository/Stockbit/Bandarmology_Top5' is: 'Small Acc'

2024-01-22 17:55:53 - [TEST_STEP][PASSED] - strAllBrokAvg = getText(findTestObject("Stockbit/Bandarmology_TopAVG")): Text of object 'Object Repository/Stockbit/Bandarmology_TopAVG' is: 'Normal Acc'

2024-01-22 17:55:53 - [MESSAGE][PASSED] - Text of object 'Object Repository/Stockbit/Bandarmology_TopAVG' is: 'Normal Acc'

2024-01-22 17:55:53 - [TEST_STEP][PASSED] - strTemp = getText(findTestObject("Stockbit/Bandarmology_AvgRP")): Text of object 'Object Repository/Stockbit/Bandarmology_AvgRP' is: '74'

2024-01-22 17:55:53 - [MESSAGE][PASSED] - Text of object 'Object Repository/Stockbit/Bandarmology_AvgRP' is: '74'

2024-01-22 17:55:53 - [TEST_STEP][PASSED] - if (strTemp.contains(",")): null

2024-01-22 17:55:53 - [TEST_STEP][PASSED] - intAvgRP = strTemp.toInteger(): null

2024-01-22 17:55:53 - [TEST_STEP][PASSED] - strBuyer1 = getText(findTestObject("Stockbit/Bandarmology_Buyer1")): Text of object 'Object Repository/Stockbit/Bandarmology_Buyer1' is: 'KK'

2024-01-22 17:55:54 - [MESSAGE][PASSED] - Text of object 'Object Repository/Stockbit/Bandarmology_Buyer1' is: 'KK'

2024-01-22 17:55:54 - [TEST_STEP][PASSED] - strBuyerVol1 = getText(findTestObject("Stockbit/Bandarmology_BuyerVol1")): Text of object 'Object Repository/Stockbit/Bandarmology_BuyerVol1' is: '8.4 K'

2024-01-22 17:55:54 - [MESSAGE][PASSED] - Text of object 'Object Repository/Stockbit/Bandarmology_BuyerVol1' is: '8.4 K'

2024-01-22 17:55:54 - [TEST_STEP][PASSED] - strBuyerAvg1 = getText(findTestObject("Stockbit/Bandarmology_BuyerAvg1")): Text of object 'Object Repository/Stockbit/Bandarmology_BuyerAvg1' is: '74'

2024-01-22 17:55:54 - [MESSAGE][PASSED] - Text of object 'Object Repository/Stockbit/Bandarmology_BuyerAvg1' is: '74'

2024-01-22 17:55:54 - [TEST_STEP][PASSED] - if (strBuyerAvg1.contains(",")): null

2024-01-22 17:55:54 - [TEST_STEP][PASSED] - if (strBuyerVol1.contains(" B")): null

2024-01-22 17:55:54 - [TEST_STEP][PASSED] - else if (strBuyerVol1.contains(" M")): null

2024-01-22 17:55:54 - [TEST_STEP][PASSED] - else if (strBuyerVol1.contains(" K")): null

2024-01-22 17:55:54 - [TEST_STEP][PASSED] - strBuyerVol1 = strBuyerVol1.replace(" K", ""): null

2024-01-22 17:55:54 - [TEST_STEP][PASSED] - strBuyerVol1 = strBuyerVol1.toDouble() * 1000: null

2024-01-22 17:55:54 - [TEST_STEP][PASSED] - strSeller1 = getText(findTestObject("Stockbit/Bandarmology_Seller1")): Text of object 'Object Repository/Stockbit/Bandarmology_Seller1' is: 'CC'

2024-01-22 17:55:54 - [MESSAGE][PASSED] - Text of object 'Object Repository/Stockbit/Bandarmology_Seller1' is: 'CC'

2024-01-22 17:55:54 - [TEST_STEP][PASSED] - strSellerVol1 = getText(findTestObject("Stockbit/Bandarmology_SellerVol1")): Text of object 'Object Repository/Stockbit/Bandarmology_SellerVol1' is: '4.5 K'

2024-01-22 17:55:54 - [MESSAGE][PASSED] - Text of object 'Object Repository/Stockbit/Bandarmology_SellerVol1' is: '4.5 K'

2024-01-22 17:55:54 - [TEST_STEP][PASSED] - strSellerAvg1 = getText(findTestObject("Stockbit/Bandarmology_SellerAvg1")): Text of object 'Object Repository/Stockbit/Bandarmology_SellerAvg1' is: '74'

2024-01-22 17:55:54 - [MESSAGE][PASSED] - Text of object 'Object Repository/Stockbit/Bandarmology_SellerAvg1' is: '74'

2024-01-22 17:55:54 - [TEST_STEP][PASSED] - if (strSellerAvg1.contains(",")): null

2024-01-22 17:55:54 - [TEST_STEP][PASSED] - if (strSellerVol1.contains(" B")): null

2024-01-22 17:55:54 - [TEST_STEP][PASSED] - else if (strSellerVol1.contains(" M")): null

2024-01-22 17:55:54 - [TEST_STEP][PASSED] - else if (strSellerVol1.contains(" K")): null

2024-01-22 17:55:54 - [TEST_STEP][PASSED] - strSellerVol1 = strSellerVol1.replace(" K", ""): null

2024-01-22 17:55:54 - [TEST_STEP][PASSED] - strSellerVol1 = strSellerVol1.toDouble() * 1000: null

2024-01-22 17:55:54 - [TEST_STEP][PASSED] - if (verifyElementNotPresent(findTestObject("Stockbit/Bandarmology_Buyer2"), 1, OPTIONAL)): Web element with id: 'Object Repository/Stockbit/Bandarmology_Buyer2' located by 'By.xpath: //*[contains(@id, 'rc-tabs-')]/div[2]/div/div/div/div/div/div[2]/table/tbody/tr[3]/td[1]/p' is present after '1' second(s) (Root cause: com.kms.katalon.core.exception.StepFailedException: Web element with id: 'Object Repository/Stockbit/Bandarmology_Buyer2' located by 'By.xpath: //*[contains(@id, 'rc-tabs-')]/div[2]/div/div/div/div/div/div[2]/table/tbody/tr[3]/td[1]/p' is present after '1' second(s)
	at com.kms.katalon.core.webui.keyword.internal.WebUIKeywordMain.stepFailed(WebUIKeywordMain.groovy:64)
	at com.kms.katalon.core.webui.keyword.internal.WebUIKeywordMain$stepFailed$0.call(Unknown Source)
	at com.kms.katalon.core.webui.keyword.builtin.VerifyElementNotPresentKeyword$_verifyElementNotPresent_closure1.doCall(VerifyElementNotPresentKeyword.groovy:106)
	at com.kms.katalon.core.webui.keyword.builtin.VerifyElementNotPresentKeyword$_verifyElementNotPresent_closure1.doCall(VerifyElementNotPresentKeyword.groovy)
	at com.kms.katalon.core.webui.keyword.internal.WebUIKeywordMain.runKeyword(WebUIKeywordMain.groovy:20)
	at com.kms.katalon.core.webui.keyword.internal.WebUIKeywordMain$runKeyword.call(Unknown Source)
	at com.kms.katalon.core.webui.keyword.builtin.VerifyElementNotPresentKeyword.verifyElementNotPresent(VerifyElementNotPresentKeyword.groovy:117)
	at com.kms.katalon.core.webui.keyword.builtin.VerifyElementNotPresentKeyword.execute(VerifyElementNotPresentKeyword.groovy:68)
	at com.kms.katalon.core.keyword.internal.KeywordExecutor.executeKeywordForPlatform(KeywordExecutor.groovy:74)
	at com.kms.katalon.core.webui.keyword.WebUiBuiltInKeywords.verifyElementNotPresent(WebUiBuiltInKeywords.groovy:1481)
	at com.kms.katalon.core.webui.keyword.WebUiBuiltInKeywords$verifyElementNotPresent$8.call(Unknown Source)
	at GetBrokSumPriceDaily.run(GetBrokSumPriceDaily:258)
	at com.kms.katalon.core.main.ScriptEngine.run(ScriptEngine.java:194)
	at com.kms.katalon.core.main.ScriptEngine.runScriptAsRawText(ScriptEngine.java:119)
	at com.kms.katalon.core.main.TestCaseExecutor.runScript(TestCaseExecutor.java:445)
	at com.kms.katalon.core.main.TestCaseExecutor.doExecute(TestCaseExecutor.java:436)
	at com.kms.katalon.core.main.TestCaseExecutor.processExecutionPhase(TestCaseExecutor.java:415)
	at com.kms.katalon.core.main.TestCaseExecutor.accessMainPhase(TestCaseExecutor.java:407)
	at com.kms.katalon.core.main.TestCaseExecutor.execute(TestCaseExecutor.java:284)
	at com.kms.katalon.core.common.CommonExecutor.accessTestCaseMainPhase(CommonExecutor.java:65)
	at com.kms.katalon.core.main.TestSuiteExecutor.accessTestSuiteMainPhase(TestSuiteExecutor.java:144)
	at com.kms.katalon.core.main.TestSuiteExecutor.execute(TestSuiteExecutor.java:106)
	at com.kms.katalon.core.main.TestCaseMain.startTestSuite(TestCaseMain.java:185)
	at com.kms.katalon.core.main.TestCaseMain$startTestSuite$0.call(Unknown Source)
	at TempTestSuite1705920083951.run(TempTestSuite1705920083951.groovy:36)
)

2024-01-22 17:55:56 - [MESSAGE][WARNING] - Web element with id: 'Object Repository/Stockbit/Bandarmology_Buyer2' located by 'By.xpath: //*[contains(@id, 'rc-tabs-')]/div[2]/div/div/div/div/div/div[2]/table/tbody/tr[3]/td[1]/p' is present after '1' second(s) (Root cause: com.kms.katalon.core.exception.StepFailedException: Web element with id: 'Object Repository/Stockbit/Bandarmology_Buyer2' located by 'By.xpath: //*[contains(@id, 'rc-tabs-')]/div[2]/div/div/div/div/div/div[2]/table/tbody/tr[3]/td[1]/p' is present after '1' second(s)
	at com.kms.katalon.core.webui.keyword.internal.WebUIKeywordMain.stepFailed(WebUIKeywordMain.groovy:64)
	at com.kms.katalon.core.webui.keyword.internal.WebUIKeywordMain$stepFailed$0.call(Unknown Source)
	at com.kms.katalon.core.webui.keyword.builtin.VerifyElementNotPresentKeyword$_verifyElementNotPresent_closure1.doCall(VerifyElementNotPresentKeyword.groovy:106)
	at com.kms.katalon.core.webui.keyword.builtin.VerifyElementNotPresentKeyword$_verifyElementNotPresent_closure1.doCall(VerifyElementNotPresentKeyword.groovy)
	at com.kms.katalon.core.webui.keyword.internal.WebUIKeywordMain.runKeyword(WebUIKeywordMain.groovy:20)
	at com.kms.katalon.core.webui.keyword.internal.WebUIKeywordMain$runKeyword.call(Unknown Source)
	at com.kms.katalon.core.webui.keyword.builtin.VerifyElementNotPresentKeyword.verifyElementNotPresent(VerifyElementNotPresentKeyword.groovy:117)
	at com.kms.katalon.core.webui.keyword.builtin.VerifyElementNotPresentKeyword.execute(VerifyElementNotPresentKeyword.groovy:68)
	at com.kms.katalon.core.keyword.internal.KeywordExecutor.executeKeywordForPlatform(KeywordExecutor.groovy:74)
	at com.kms.katalon.core.webui.keyword.WebUiBuiltInKeywords.verifyElementNotPresent(WebUiBuiltInKeywords.groovy:1481)
	at com.kms.katalon.core.webui.keyword.WebUiBuiltInKeywords$verifyElementNotPresent$8.call(Unknown Source)
	at GetBrokSumPriceDaily.run(GetBrokSumPriceDaily:258)
	at com.kms.katalon.core.main.ScriptEngine.run(ScriptEngine.java:194)
	at com.kms.katalon.core.main.ScriptEngine.runScriptAsRawText(ScriptEngine.java:119)
	at com.kms.katalon.core.main.TestCaseExecutor.runScript(TestCaseExecutor.java:445)
	at com.kms.katalon.core.main.TestCaseExecutor.doExecute(TestCaseExecutor.java:436)
	at com.kms.katalon.core.main.TestCaseExecutor.processExecutionPhase(TestCaseExecutor.java:415)
	at com.kms.katalon.core.main.TestCaseExecutor.accessMainPhase(TestCaseExecutor.java:407)
	at com.kms.katalon.core.main.TestCaseExecutor.execute(TestCaseExecutor.java:284)
	at com.kms.katalon.core.common.CommonExecutor.accessTestCaseMainPhase(CommonExecutor.java:65)
	at com.kms.katalon.core.main.TestSuiteExecutor.accessTestSuiteMainPhase(TestSuiteExecutor.java:144)
	at com.kms.katalon.core.main.TestSuiteExecutor.execute(TestSuiteExecutor.java:106)
	at com.kms.katalon.core.main.TestCaseMain.startTestSuite(TestCaseMain.java:185)
	at com.kms.katalon.core.main.TestCaseMain$startTestSuite$0.call(Unknown Source)
	at TempTestSuite1705920083951.run(TempTestSuite1705920083951.groovy:36)
)
[[ATTACHMENT|C:\\Users\\Fadli\\git\\KatalonDailyGetData2\\Reports\\20240122_174123\\TS1\\20240122_174123\\1705920956030.png]]

2024-01-22 17:55:56 - [TEST_STEP][PASSED] - else: null

2024-01-22 17:55:56 - [TEST_STEP][PASSED] - strBuyer2 = getText(findTestObject("Stockbit/Bandarmology_Buyer2")): Text of object 'Object Repository/Stockbit/Bandarmology_Buyer2' is: 'XC'

2024-01-22 17:55:56 - [MESSAGE][PASSED] - Text of object 'Object Repository/Stockbit/Bandarmology_Buyer2' is: 'XC'

2024-01-22 17:55:56 - [TEST_STEP][PASSED] - strBuyerVol2 = getText(findTestObject("Stockbit/Bandarmology_BuyerVol2")): Text of object 'Object Repository/Stockbit/Bandarmology_BuyerVol2' is: '3.1 K'

2024-01-22 17:55:56 - [MESSAGE][PASSED] - Text of object 'Object Repository/Stockbit/Bandarmology_BuyerVol2' is: '3.1 K'

2024-01-22 17:55:56 - [TEST_STEP][PASSED] - strBuyerAvg2 = getText(findTestObject("Stockbit/Bandarmology_BuyerAvg2")): Text of object 'Object Repository/Stockbit/Bandarmology_BuyerAvg2' is: '74'

2024-01-22 17:55:56 - [MESSAGE][PASSED] - Text of object 'Object Repository/Stockbit/Bandarmology_BuyerAvg2' is: '74'

2024-01-22 17:55:56 - [TEST_STEP][PASSED] - if (strBuyer2 != ""): null

2024-01-22 17:55:56 - [TEST_STEP][PASSED] - if (strBuyerAvg2.contains(",")): null

2024-01-22 17:55:56 - [TEST_STEP][PASSED] - if (strBuyerVol2.contains(" B")): null

2024-01-22 17:55:56 - [TEST_STEP][PASSED] - else if (strBuyerVol2.contains(" M")): null

2024-01-22 17:55:56 - [TEST_STEP][PASSED] - else if (strBuyerVol2.contains(" K")): null

2024-01-22 17:55:56 - [TEST_STEP][PASSED] - strBuyerVol2 = strBuyerVol2.replace(" K", ""): null

2024-01-22 17:55:56 - [TEST_STEP][PASSED] - strBuyerVol2 = strBuyerVol2.toDouble() * 1000: null

2024-01-22 17:55:56 - [TEST_STEP][PASSED] - if (strBuyerVol2.contains(".")): null

2024-01-22 17:55:56 - [TEST_STEP][PASSED] - strBuyerVal2 = strBuyerVol2.replace(".", ""): null

2024-01-22 17:55:56 - [TEST_STEP][PASSED] - if (verifyElementNotPresent(findTestObject("Stockbit/Bandarmology_Seller2"), 1, OPTIONAL)): Web element with id: 'Object Repository/Stockbit/Bandarmology_Seller2' located by 'By.xpath: //*[contains(@id, 'rc-tabs-')]/div[2]/div/div/div/div/div/div[2]/table/tbody/tr[3]/td[5]/p' is present after '1' second(s) (Root cause: com.kms.katalon.core.exception.StepFailedException: Web element with id: 'Object Repository/Stockbit/Bandarmology_Seller2' located by 'By.xpath: //*[contains(@id, 'rc-tabs-')]/div[2]/div/div/div/div/div/div[2]/table/tbody/tr[3]/td[5]/p' is present after '1' second(s)
	at com.kms.katalon.core.webui.keyword.internal.WebUIKeywordMain.stepFailed(WebUIKeywordMain.groovy:64)
	at com.kms.katalon.core.webui.keyword.internal.WebUIKeywordMain$stepFailed$0.call(Unknown Source)
	at com.kms.katalon.core.webui.keyword.builtin.VerifyElementNotPresentKeyword$_verifyElementNotPresent_closure1.doCall(VerifyElementNotPresentKeyword.groovy:106)
	at com.kms.katalon.core.webui.keyword.builtin.VerifyElementNotPresentKeyword$_verifyElementNotPresent_closure1.doCall(VerifyElementNotPresentKeyword.groovy)
	at com.kms.katalon.core.webui.keyword.internal.WebUIKeywordMain.runKeyword(WebUIKeywordMain.groovy:20)
	at com.kms.katalon.core.webui.keyword.internal.WebUIKeywordMain$runKeyword.call(Unknown Source)
	at com.kms.katalon.core.webui.keyword.builtin.VerifyElementNotPresentKeyword.verifyElementNotPresent(VerifyElementNotPresentKeyword.groovy:117)
	at com.kms.katalon.core.webui.keyword.builtin.VerifyElementNotPresentKeyword.execute(VerifyElementNotPresentKeyword.groovy:68)
	at com.kms.katalon.core.keyword.internal.KeywordExecutor.executeKeywordForPlatform(KeywordExecutor.groovy:74)
	at com.kms.katalon.core.webui.keyword.WebUiBuiltInKeywords.verifyElementNotPresent(WebUiBuiltInKeywords.groovy:1481)
	at com.kms.katalon.core.webui.keyword.WebUiBuiltInKeywords$verifyElementNotPresent$8.call(Unknown Source)
	at GetBrokSumPriceDaily.run(GetBrokSumPriceDaily:309)
	at com.kms.katalon.core.main.ScriptEngine.run(ScriptEngine.java:194)
	at com.kms.katalon.core.main.ScriptEngine.runScriptAsRawText(ScriptEngine.java:119)
	at com.kms.katalon.core.main.TestCaseExecutor.runScript(TestCaseExecutor.java:445)
	at com.kms.katalon.core.main.TestCaseExecutor.doExecute(TestCaseExecutor.java:436)
	at com.kms.katalon.core.main.TestCaseExecutor.processExecutionPhase(TestCaseExecutor.java:415)
	at com.kms.katalon.core.main.TestCaseExecutor.accessMainPhase(TestCaseExecutor.java:407)
	at com.kms.katalon.core.main.TestCaseExecutor.execute(TestCaseExecutor.java:284)
	at com.kms.katalon.core.common.CommonExecutor.accessTestCaseMainPhase(CommonExecutor.java:65)
	at com.kms.katalon.core.main.TestSuiteExecutor.accessTestSuiteMainPhase(TestSuiteExecutor.java:144)
	at com.kms.katalon.core.main.TestSuiteExecutor.execute(TestSuiteExecutor.java:106)
	at com.kms.katalon.core.main.TestCaseMain.startTestSuite(TestCaseMain.java:185)
	at com.kms.katalon.core.main.TestCaseMain$startTestSuite$0.call(Unknown Source)
	at TempTestSuite1705920083951.run(TempTestSuite1705920083951.groovy:36)
)

2024-01-22 17:55:58 - [MESSAGE][WARNING] - Web element with id: 'Object Repository/Stockbit/Bandarmology_Seller2' located by 'By.xpath: //*[contains(@id, 'rc-tabs-')]/div[2]/div/div/div/div/div/div[2]/table/tbody/tr[3]/td[5]/p' is present after '1' second(s) (Root cause: com.kms.katalon.core.exception.StepFailedException: Web element with id: 'Object Repository/Stockbit/Bandarmology_Seller2' located by 'By.xpath: //*[contains(@id, 'rc-tabs-')]/div[2]/div/div/div/div/div/div[2]/table/tbody/tr[3]/td[5]/p' is present after '1' second(s)
	at com.kms.katalon.core.webui.keyword.internal.WebUIKeywordMain.stepFailed(WebUIKeywordMain.groovy:64)
	at com.kms.katalon.core.webui.keyword.internal.WebUIKeywordMain$stepFailed$0.call(Unknown Source)
	at com.kms.katalon.core.webui.keyword.builtin.VerifyElementNotPresentKeyword$_verifyElementNotPresent_closure1.doCall(VerifyElementNotPresentKeyword.groovy:106)
	at com.kms.katalon.core.webui.keyword.builtin.VerifyElementNotPresentKeyword$_verifyElementNotPresent_closure1.doCall(VerifyElementNotPresentKeyword.groovy)
	at com.kms.katalon.core.webui.keyword.internal.WebUIKeywordMain.runKeyword(WebUIKeywordMain.groovy:20)
	at com.kms.katalon.core.webui.keyword.internal.WebUIKeywordMain$runKeyword.call(Unknown Source)
	at com.kms.katalon.core.webui.keyword.builtin.VerifyElementNotPresentKeyword.verifyElementNotPresent(VerifyElementNotPresentKeyword.groovy:117)
	at com.kms.katalon.core.webui.keyword.builtin.VerifyElementNotPresentKeyword.execute(VerifyElementNotPresentKeyword.groovy:68)
	at com.kms.katalon.core.keyword.internal.KeywordExecutor.executeKeywordForPlatform(KeywordExecutor.groovy:74)
	at com.kms.katalon.core.webui.keyword.WebUiBuiltInKeywords.verifyElementNotPresent(WebUiBuiltInKeywords.groovy:1481)
	at com.kms.katalon.core.webui.keyword.WebUiBuiltInKeywords$verifyElementNotPresent$8.call(Unknown Source)
	at GetBrokSumPriceDaily.run(GetBrokSumPriceDaily:309)
	at com.kms.katalon.core.main.ScriptEngine.run(ScriptEngine.java:194)
	at com.kms.katalon.core.main.ScriptEngine.runScriptAsRawText(ScriptEngine.java:119)
	at com.kms.katalon.core.main.TestCaseExecutor.runScript(TestCaseExecutor.java:445)
	at com.kms.katalon.core.main.TestCaseExecutor.doExecute(TestCaseExecutor.java:436)
	at com.kms.katalon.core.main.TestCaseExecutor.processExecutionPhase(TestCaseExecutor.java:415)
	at com.kms.katalon.core.main.TestCaseExecutor.accessMainPhase(TestCaseExecutor.java:407)
	at com.kms.katalon.core.main.TestCaseExecutor.execute(TestCaseExecutor.java:284)
	at com.kms.katalon.core.common.CommonExecutor.accessTestCaseMainPhase(CommonExecutor.java:65)
	at com.kms.katalon.core.main.TestSuiteExecutor.accessTestSuiteMainPhase(TestSuiteExecutor.java:144)
	at com.kms.katalon.core.main.TestSuiteExecutor.execute(TestSuiteExecutor.java:106)
	at com.kms.katalon.core.main.TestCaseMain.startTestSuite(TestCaseMain.java:185)
	at com.kms.katalon.core.main.TestCaseMain$startTestSuite$0.call(Unknown Source)
	at TempTestSuite1705920083951.run(TempTestSuite1705920083951.groovy:36)
)
[[ATTACHMENT|C:\\Users\\Fadli\\git\\KatalonDailyGetData2\\Reports\\20240122_174123\\TS1\\20240122_174123\\1705920957947.png]]

2024-01-22 17:55:58 - [TEST_STEP][PASSED] - else: null

2024-01-22 17:55:58 - [TEST_STEP][PASSED] - strSeller2 = getText(findTestObject("Stockbit/Bandarmology_Seller2")): Text of object 'Object Repository/Stockbit/Bandarmology_Seller2' is: 'TP'

2024-01-22 17:55:58 - [MESSAGE][PASSED] - Text of object 'Object Repository/Stockbit/Bandarmology_Seller2' is: 'TP'

2024-01-22 17:55:58 - [TEST_STEP][PASSED] - strSellerVol2 = getText(findTestObject("Stockbit/Bandarmology_SellerVol2")): Text of object 'Object Repository/Stockbit/Bandarmology_SellerVol2' is: '2.7 K'

2024-01-22 17:55:58 - [MESSAGE][PASSED] - Text of object 'Object Repository/Stockbit/Bandarmology_SellerVol2' is: '2.7 K'

2024-01-22 17:55:58 - [TEST_STEP][PASSED] - strSellerAvg2 = getText(findTestObject("Stockbit/Bandarmology_SellerAvg2")): Text of object 'Object Repository/Stockbit/Bandarmology_SellerAvg2' is: '74'

2024-01-22 17:55:58 - [MESSAGE][PASSED] - Text of object 'Object Repository/Stockbit/Bandarmology_SellerAvg2' is: '74'

2024-01-22 17:55:58 - [TEST_STEP][PASSED] - if (strSeller2 != ""): null

2024-01-22 17:55:58 - [TEST_STEP][PASSED] - if (strSellerAvg2.contains(",")): null

2024-01-22 17:55:58 - [TEST_STEP][PASSED] - if (strSellerVol2.contains(" B")): null

2024-01-22 17:55:58 - [TEST_STEP][PASSED] - else if (strSellerVol2.contains(" M")): null

2024-01-22 17:55:58 - [TEST_STEP][PASSED] - else if (strSellerVol2.contains(" K")): null

2024-01-22 17:55:58 - [TEST_STEP][PASSED] - strSellerVol2 = strSellerVol2.replace(" K", ""): null

2024-01-22 17:55:58 - [TEST_STEP][PASSED] - strSellerVol2 = strSellerVol2.toDouble() * 1000: null

2024-01-22 17:55:58 - [TEST_STEP][PASSED] - if (verifyElementNotPresent(findTestObject("Stockbit/Bandarmology_Buyer3"), 1, OPTIONAL)): Web element with id: 'Object Repository/Stockbit/Bandarmology_Buyer3' located by 'By.xpath: //*[contains(@id, 'rc-tabs-')]/div[2]/div/div/div/div/div/div[2]/table/tbody/tr[4]/td[1]/p' is present after '1' second(s) (Root cause: com.kms.katalon.core.exception.StepFailedException: Web element with id: 'Object Repository/Stockbit/Bandarmology_Buyer3' located by 'By.xpath: //*[contains(@id, 'rc-tabs-')]/div[2]/div/div/div/div/div/div[2]/table/tbody/tr[4]/td[1]/p' is present after '1' second(s)
	at com.kms.katalon.core.webui.keyword.internal.WebUIKeywordMain.stepFailed(WebUIKeywordMain.groovy:64)
	at com.kms.katalon.core.webui.keyword.internal.WebUIKeywordMain$stepFailed$0.call(Unknown Source)
	at com.kms.katalon.core.webui.keyword.builtin.VerifyElementNotPresentKeyword$_verifyElementNotPresent_closure1.doCall(VerifyElementNotPresentKeyword.groovy:106)
	at com.kms.katalon.core.webui.keyword.builtin.VerifyElementNotPresentKeyword$_verifyElementNotPresent_closure1.doCall(VerifyElementNotPresentKeyword.groovy)
	at com.kms.katalon.core.webui.keyword.internal.WebUIKeywordMain.runKeyword(WebUIKeywordMain.groovy:20)
	at com.kms.katalon.core.webui.keyword.internal.WebUIKeywordMain$runKeyword.call(Unknown Source)
	at com.kms.katalon.core.webui.keyword.builtin.VerifyElementNotPresentKeyword.verifyElementNotPresent(VerifyElementNotPresentKeyword.groovy:117)
	at com.kms.katalon.core.webui.keyword.builtin.VerifyElementNotPresentKeyword.execute(VerifyElementNotPresentKeyword.groovy:68)
	at com.kms.katalon.core.keyword.internal.KeywordExecutor.executeKeywordForPlatform(KeywordExecutor.groovy:74)
	at com.kms.katalon.core.webui.keyword.WebUiBuiltInKeywords.verifyElementNotPresent(WebUiBuiltInKeywords.groovy:1481)
	at com.kms.katalon.core.webui.keyword.WebUiBuiltInKeywords$verifyElementNotPresent$8.call(Unknown Source)
	at GetBrokSumPriceDaily.run(GetBrokSumPriceDaily:361)
	at com.kms.katalon.core.main.ScriptEngine.run(ScriptEngine.java:194)
	at com.kms.katalon.core.main.ScriptEngine.runScriptAsRawText(ScriptEngine.java:119)
	at com.kms.katalon.core.main.TestCaseExecutor.runScript(TestCaseExecutor.java:445)
	at com.kms.katalon.core.main.TestCaseExecutor.doExecute(TestCaseExecutor.java:436)
	at com.kms.katalon.core.main.TestCaseExecutor.processExecutionPhase(TestCaseExecutor.java:415)
	at com.kms.katalon.core.main.TestCaseExecutor.accessMainPhase(TestCaseExecutor.java:407)
	at com.kms.katalon.core.main.TestCaseExecutor.execute(TestCaseExecutor.java:284)
	at com.kms.katalon.core.common.CommonExecutor.accessTestCaseMainPhase(CommonExecutor.java:65)
	at com.kms.katalon.core.main.TestSuiteExecutor.accessTestSuiteMainPhase(TestSuiteExecutor.java:144)
	at com.kms.katalon.core.main.TestSuiteExecutor.execute(TestSuiteExecutor.java:106)
	at com.kms.katalon.core.main.TestCaseMain.startTestSuite(TestCaseMain.java:185)
	at com.kms.katalon.core.main.TestCaseMain$startTestSuite$0.call(Unknown Source)
	at TempTestSuite1705920083951.run(TempTestSuite1705920083951.groovy:36)
)

2024-01-22 17:56:00 - [MESSAGE][WARNING] - Web element with id: 'Object Repository/Stockbit/Bandarmology_Buyer3' located by 'By.xpath: //*[contains(@id, 'rc-tabs-')]/div[2]/div/div/div/div/div/div[2]/table/tbody/tr[4]/td[1]/p' is present after '1' second(s) (Root cause: com.kms.katalon.core.exception.StepFailedException: Web element with id: 'Object Repository/Stockbit/Bandarmology_Buyer3' located by 'By.xpath: //*[contains(@id, 'rc-tabs-')]/div[2]/div/div/div/div/div/div[2]/table/tbody/tr[4]/td[1]/p' is present after '1' second(s)
	at com.kms.katalon.core.webui.keyword.internal.WebUIKeywordMain.stepFailed(WebUIKeywordMain.groovy:64)
	at com.kms.katalon.core.webui.keyword.internal.WebUIKeywordMain$stepFailed$0.call(Unknown Source)
	at com.kms.katalon.core.webui.keyword.builtin.VerifyElementNotPresentKeyword$_verifyElementNotPresent_closure1.doCall(VerifyElementNotPresentKeyword.groovy:106)
	at com.kms.katalon.core.webui.keyword.builtin.VerifyElementNotPresentKeyword$_verifyElementNotPresent_closure1.doCall(VerifyElementNotPresentKeyword.groovy)
	at com.kms.katalon.core.webui.keyword.internal.WebUIKeywordMain.runKeyword(WebUIKeywordMain.groovy:20)
	at com.kms.katalon.core.webui.keyword.internal.WebUIKeywordMain$runKeyword.call(Unknown Source)
	at com.kms.katalon.core.webui.keyword.builtin.VerifyElementNotPresentKeyword.verifyElementNotPresent(VerifyElementNotPresentKeyword.groovy:117)
	at com.kms.katalon.core.webui.keyword.builtin.VerifyElementNotPresentKeyword.execute(VerifyElementNotPresentKeyword.groovy:68)
	at com.kms.katalon.core.keyword.internal.KeywordExecutor.executeKeywordForPlatform(KeywordExecutor.groovy:74)
	at com.kms.katalon.core.webui.keyword.WebUiBuiltInKeywords.verifyElementNotPresent(WebUiBuiltInKeywords.groovy:1481)
	at com.kms.katalon.core.webui.keyword.WebUiBuiltInKeywords$verifyElementNotPresent$8.call(Unknown Source)
	at GetBrokSumPriceDaily.run(GetBrokSumPriceDaily:361)
	at com.kms.katalon.core.main.ScriptEngine.run(ScriptEngine.java:194)
	at com.kms.katalon.core.main.ScriptEngine.runScriptAsRawText(ScriptEngine.java:119)
	at com.kms.katalon.core.main.TestCaseExecutor.runScript(TestCaseExecutor.java:445)
	at com.kms.katalon.core.main.TestCaseExecutor.doExecute(TestCaseExecutor.java:436)
	at com.kms.katalon.core.main.TestCaseExecutor.processExecutionPhase(TestCaseExecutor.java:415)
	at com.kms.katalon.core.main.TestCaseExecutor.accessMainPhase(TestCaseExecutor.java:407)
	at com.kms.katalon.core.main.TestCaseExecutor.execute(TestCaseExecutor.java:284)
	at com.kms.katalon.core.common.CommonExecutor.accessTestCaseMainPhase(CommonExecutor.java:65)
	at com.kms.katalon.core.main.TestSuiteExecutor.accessTestSuiteMainPhase(TestSuiteExecutor.java:144)
	at com.kms.katalon.core.main.TestSuiteExecutor.execute(TestSuiteExecutor.java:106)
	at com.kms.katalon.core.main.TestCaseMain.startTestSuite(TestCaseMain.java:185)
	at com.kms.katalon.core.main.TestCaseMain$startTestSuite$0.call(Unknown Source)
	at TempTestSuite1705920083951.run(TempTestSuite1705920083951.groovy:36)
)
[[ATTACHMENT|C:\\Users\\Fadli\\git\\KatalonDailyGetData2\\Reports\\20240122_174123\\TS1\\20240122_174123\\1705920959881.png]]

2024-01-22 17:56:00 - [TEST_STEP][PASSED] - else: null

2024-01-22 17:56:00 - [TEST_STEP][PASSED] - strBuyer3 = getText(findTestObject("Stockbit/Bandarmology_Buyer3")): Text of object 'Object Repository/Stockbit/Bandarmology_Buyer3' is: 'XL'

2024-01-22 17:56:00 - [MESSAGE][PASSED] - Text of object 'Object Repository/Stockbit/Bandarmology_Buyer3' is: 'XL'

2024-01-22 17:56:00 - [TEST_STEP][PASSED] - strBuyerVol3 = getText(findTestObject("Stockbit/Bandarmology_BuyerVol3")): Text of object 'Object Repository/Stockbit/Bandarmology_BuyerVol3' is: '1.6 K'

2024-01-22 17:56:00 - [MESSAGE][PASSED] - Text of object 'Object Repository/Stockbit/Bandarmology_BuyerVol3' is: '1.6 K'

2024-01-22 17:56:00 - [TEST_STEP][PASSED] - strBuyerAvg3 = getText(findTestObject("Stockbit/Bandarmology_BuyerAvg3")): Text of object 'Object Repository/Stockbit/Bandarmology_BuyerAvg3' is: '74'

2024-01-22 17:56:00 - [MESSAGE][PASSED] - Text of object 'Object Repository/Stockbit/Bandarmology_BuyerAvg3' is: '74'

2024-01-22 17:56:00 - [TEST_STEP][PASSED] - if (strBuyer3 != ""): null

2024-01-22 17:56:00 - [TEST_STEP][PASSED] - if (strBuyerAvg3.contains(",")): null

2024-01-22 17:56:00 - [TEST_STEP][PASSED] - if (strBuyerVol3.contains(" B")): null

2024-01-22 17:56:00 - [TEST_STEP][PASSED] - else if (strBuyerVol3.contains(" M")): null

2024-01-22 17:56:00 - [TEST_STEP][PASSED] - else if (strBuyerVol3.contains(" K")): null

2024-01-22 17:56:00 - [TEST_STEP][PASSED] - strBuyerVol3 = strBuyerVol3.replace(" K", ""): null

2024-01-22 17:56:00 - [TEST_STEP][PASSED] - strBuyerVol3 = strBuyerVol3.toDouble() * 1000: null

2024-01-22 17:56:00 - [TEST_STEP][PASSED] - if (verifyElementNotPresent(findTestObject("Stockbit/Bandarmology_Seller3"), 1, OPTIONAL)): Web element with id: 'Object Repository/Stockbit/Bandarmology_Seller3' located by 'By.xpath: //*[contains(@id, 'rc-tabs-')]/div[2]/div/div/div/div/div/div[2]/table/tbody/tr[4]/td[5]/p' is present after '1' second(s) (Root cause: com.kms.katalon.core.exception.StepFailedException: Web element with id: 'Object Repository/Stockbit/Bandarmology_Seller3' located by 'By.xpath: //*[contains(@id, 'rc-tabs-')]/div[2]/div/div/div/div/div/div[2]/table/tbody/tr[4]/td[5]/p' is present after '1' second(s)
	at com.kms.katalon.core.webui.keyword.internal.WebUIKeywordMain.stepFailed(WebUIKeywordMain.groovy:64)
	at com.kms.katalon.core.webui.keyword.internal.WebUIKeywordMain$stepFailed$0.call(Unknown Source)
	at com.kms.katalon.core.webui.keyword.builtin.VerifyElementNotPresentKeyword$_verifyElementNotPresent_closure1.doCall(VerifyElementNotPresentKeyword.groovy:106)
	at com.kms.katalon.core.webui.keyword.builtin.VerifyElementNotPresentKeyword$_verifyElementNotPresent_closure1.doCall(VerifyElementNotPresentKeyword.groovy)
	at com.kms.katalon.core.webui.keyword.internal.WebUIKeywordMain.runKeyword(WebUIKeywordMain.groovy:20)
	at com.kms.katalon.core.webui.keyword.internal.WebUIKeywordMain$runKeyword.call(Unknown Source)
	at com.kms.katalon.core.webui.keyword.builtin.VerifyElementNotPresentKeyword.verifyElementNotPresent(VerifyElementNotPresentKeyword.groovy:117)
	at com.kms.katalon.core.webui.keyword.builtin.VerifyElementNotPresentKeyword.execute(VerifyElementNotPresentKeyword.groovy:68)
	at com.kms.katalon.core.keyword.internal.KeywordExecutor.executeKeywordForPlatform(KeywordExecutor.groovy:74)
	at com.kms.katalon.core.webui.keyword.WebUiBuiltInKeywords.verifyElementNotPresent(WebUiBuiltInKeywords.groovy:1481)
	at com.kms.katalon.core.webui.keyword.WebUiBuiltInKeywords$verifyElementNotPresent$8.call(Unknown Source)
	at GetBrokSumPriceDaily.run(GetBrokSumPriceDaily:414)
	at com.kms.katalon.core.main.ScriptEngine.run(ScriptEngine.java:194)
	at com.kms.katalon.core.main.ScriptEngine.runScriptAsRawText(ScriptEngine.java:119)
	at com.kms.katalon.core.main.TestCaseExecutor.runScript(TestCaseExecutor.java:445)
	at com.kms.katalon.core.main.TestCaseExecutor.doExecute(TestCaseExecutor.java:436)
	at com.kms.katalon.core.main.TestCaseExecutor.processExecutionPhase(TestCaseExecutor.java:415)
	at com.kms.katalon.core.main.TestCaseExecutor.accessMainPhase(TestCaseExecutor.java:407)
	at com.kms.katalon.core.main.TestCaseExecutor.execute(TestCaseExecutor.java:284)
	at com.kms.katalon.core.common.CommonExecutor.accessTestCaseMainPhase(CommonExecutor.java:65)
	at com.kms.katalon.core.main.TestSuiteExecutor.accessTestSuiteMainPhase(TestSuiteExecutor.java:144)
	at com.kms.katalon.core.main.TestSuiteExecutor.execute(TestSuiteExecutor.java:106)
	at com.kms.katalon.core.main.TestCaseMain.startTestSuite(TestCaseMain.java:185)
	at com.kms.katalon.core.main.TestCaseMain$startTestSuite$0.call(Unknown Source)
	at TempTestSuite1705920083951.run(TempTestSuite1705920083951.groovy:36)
)

2024-01-22 17:56:02 - [MESSAGE][WARNING] - Web element with id: 'Object Repository/Stockbit/Bandarmology_Seller3' located by 'By.xpath: //*[contains(@id, 'rc-tabs-')]/div[2]/div/div/div/div/div/div[2]/table/tbody/tr[4]/td[5]/p' is present after '1' second(s) (Root cause: com.kms.katalon.core.exception.StepFailedException: Web element with id: 'Object Repository/Stockbit/Bandarmology_Seller3' located by 'By.xpath: //*[contains(@id, 'rc-tabs-')]/div[2]/div/div/div/div/div/div[2]/table/tbody/tr[4]/td[5]/p' is present after '1' second(s)
	at com.kms.katalon.core.webui.keyword.internal.WebUIKeywordMain.stepFailed(WebUIKeywordMain.groovy:64)
	at com.kms.katalon.core.webui.keyword.internal.WebUIKeywordMain$stepFailed$0.call(Unknown Source)
	at com.kms.katalon.core.webui.keyword.builtin.VerifyElementNotPresentKeyword$_verifyElementNotPresent_closure1.doCall(VerifyElementNotPresentKeyword.groovy:106)
	at com.kms.katalon.core.webui.keyword.builtin.VerifyElementNotPresentKeyword$_verifyElementNotPresent_closure1.doCall(VerifyElementNotPresentKeyword.groovy)
	at com.kms.katalon.core.webui.keyword.internal.WebUIKeywordMain.runKeyword(WebUIKeywordMain.groovy:20)
	at com.kms.katalon.core.webui.keyword.internal.WebUIKeywordMain$runKeyword.call(Unknown Source)
	at com.kms.katalon.core.webui.keyword.builtin.VerifyElementNotPresentKeyword.verifyElementNotPresent(VerifyElementNotPresentKeyword.groovy:117)
	at com.kms.katalon.core.webui.keyword.builtin.VerifyElementNotPresentKeyword.execute(VerifyElementNotPresentKeyword.groovy:68)
	at com.kms.katalon.core.keyword.internal.KeywordExecutor.executeKeywordForPlatform(KeywordExecutor.groovy:74)
	at com.kms.katalon.core.webui.keyword.WebUiBuiltInKeywords.verifyElementNotPresent(WebUiBuiltInKeywords.groovy:1481)
	at com.kms.katalon.core.webui.keyword.WebUiBuiltInKeywords$verifyElementNotPresent$8.call(Unknown Source)
	at GetBrokSumPriceDaily.run(GetBrokSumPriceDaily:414)
	at com.kms.katalon.core.main.ScriptEngine.run(ScriptEngine.java:194)
	at com.kms.katalon.core.main.ScriptEngine.runScriptAsRawText(ScriptEngine.java:119)
	at com.kms.katalon.core.main.TestCaseExecutor.runScript(TestCaseExecutor.java:445)
	at com.kms.katalon.core.main.TestCaseExecutor.doExecute(TestCaseExecutor.java:436)
	at com.kms.katalon.core.main.TestCaseExecutor.processExecutionPhase(TestCaseExecutor.java:415)
	at com.kms.katalon.core.main.TestCaseExecutor.accessMainPhase(TestCaseExecutor.java:407)
	at com.kms.katalon.core.main.TestCaseExecutor.execute(TestCaseExecutor.java:284)
	at com.kms.katalon.core.common.CommonExecutor.accessTestCaseMainPhase(CommonExecutor.java:65)
	at com.kms.katalon.core.main.TestSuiteExecutor.accessTestSuiteMainPhase(TestSuiteExecutor.java:144)
	at com.kms.katalon.core.main.TestSuiteExecutor.execute(TestSuiteExecutor.java:106)
	at com.kms.katalon.core.main.TestCaseMain.startTestSuite(TestCaseMain.java:185)
	at com.kms.katalon.core.main.TestCaseMain$startTestSuite$0.call(Unknown Source)
	at TempTestSuite1705920083951.run(TempTestSuite1705920083951.groovy:36)
)
[[ATTACHMENT|C:\\Users\\Fadli\\git\\KatalonDailyGetData2\\Reports\\20240122_174123\\TS1\\20240122_174123\\1705920961807.png]]

2024-01-22 17:56:02 - [TEST_STEP][PASSED] - else: null

2024-01-22 17:56:02 - [TEST_STEP][PASSED] - strSeller3 = getText(findTestObject("Stockbit/Bandarmology_Seller3")): Text of object 'Object Repository/Stockbit/Bandarmology_Seller3' is: 'PD'

2024-01-22 17:56:02 - [MESSAGE][PASSED] - Text of object 'Object Repository/Stockbit/Bandarmology_Seller3' is: 'PD'

2024-01-22 17:56:02 - [TEST_STEP][PASSED] - strSellerVol3 = getText(findTestObject("Stockbit/Bandarmology_SellerVol3")): Text of object 'Object Repository/Stockbit/Bandarmology_SellerVol3' is: '2.4 K'

2024-01-22 17:56:02 - [MESSAGE][PASSED] - Text of object 'Object Repository/Stockbit/Bandarmology_SellerVol3' is: '2.4 K'

2024-01-22 17:56:02 - [TEST_STEP][PASSED] - strSellerAvg3 = getText(findTestObject("Stockbit/Bandarmology_SellerAvg3")): Text of object 'Object Repository/Stockbit/Bandarmology_SellerAvg3' is: '75'

2024-01-22 17:56:02 - [MESSAGE][PASSED] - Text of object 'Object Repository/Stockbit/Bandarmology_SellerAvg3' is: '75'

2024-01-22 17:56:02 - [TEST_STEP][PASSED] - if (strSeller3 != ""): null

2024-01-22 17:56:02 - [TEST_STEP][PASSED] - if (strSellerAvg3.contains(",")): null

2024-01-22 17:56:02 - [TEST_STEP][PASSED] - if (strSellerVol3.contains(" B")): null

2024-01-22 17:56:02 - [TEST_STEP][PASSED] - else if (strSellerVol3.contains(" M")): null

2024-01-22 17:56:02 - [TEST_STEP][PASSED] - else if (strSellerVol3.contains(" K")): null

2024-01-22 17:56:02 - [TEST_STEP][PASSED] - strSellerVol3 = strSellerVol3.replace(" K", ""): null

2024-01-22 17:56:02 - [TEST_STEP][PASSED] - strSellerVol3 = strSellerVol3.toDouble() * 1000: null

2024-01-22 17:56:02 - [TEST_STEP][PASSED] - strAccDist = getText(findTestObject("Stockbit/Bandarmology_AccDist")): Text of object 'Object Repository/Stockbit/Bandarmology_AccDist' is: 'Dist'

2024-01-22 17:56:02 - [MESSAGE][PASSED] - Text of object 'Object Repository/Stockbit/Bandarmology_AccDist' is: 'Dist'

2024-01-22 17:56:02 - [TEST_STEP][PASSED] - strNetVol = getText(findTestObject("Stockbit/Bandarmology_NetVol")): Text of object 'Object Repository/Stockbit/Bandarmology_NetVol' is: '15,350'

2024-01-22 17:56:02 - [MESSAGE][PASSED] - Text of object 'Object Repository/Stockbit/Bandarmology_NetVol' is: '15,350'

2024-01-22 17:56:02 - [TEST_STEP][PASSED] - strNetVol = strNetVol.replace(",", ""): null

2024-01-22 17:56:02 - [TEST_STEP][PASSED] - strNetVal = getText(findTestObject("Stockbit/Bandarmology_NetVal")): Text of object 'Object Repository/Stockbit/Bandarmology_NetVal' is: '0.1 B'

2024-01-22 17:56:02 - [MESSAGE][PASSED] - Text of object 'Object Repository/Stockbit/Bandarmology_NetVal' is: '0.1 B'

2024-01-22 17:56:02 - [TEST_STEP][PASSED] - delay(3): Delayed 3 second(s)

2024-01-22 17:56:05 - [MESSAGE][PASSED] - Delayed 3 second(s)

2024-01-22 17:56:05 - [TEST_STEP][PASSED] - strOpenPrice = getText(findTestObject("Stockbit/Home_OpenPrice")): Text of object 'Object Repository/Stockbit/Home_OpenPrice' is: '75'

2024-01-22 17:56:06 - [MESSAGE][PASSED] - Text of object 'Object Repository/Stockbit/Home_OpenPrice' is: '75'

2024-01-22 17:56:06 - [TEST_STEP][PASSED] - strOpenPrice = strOpenPrice.replace(",", ""): null

2024-01-22 17:56:06 - [TEST_STEP][PASSED] - strLowPrice = getText(findTestObject("Stockbit/Home_LowPrice")): Text of object 'Object Repository/Stockbit/Home_LowPrice' is: '73'

2024-01-22 17:56:06 - [MESSAGE][PASSED] - Text of object 'Object Repository/Stockbit/Home_LowPrice' is: '73'

2024-01-22 17:56:06 - [TEST_STEP][PASSED] - strLowPrice = strLowPrice.replace(",", ""): null

2024-01-22 17:56:06 - [TEST_STEP][PASSED] - strHighPrice = getText(findTestObject("Stockbit/Home_HighPrice")): Text of object 'Object Repository/Stockbit/Home_HighPrice' is: '76'

2024-01-22 17:56:06 - [MESSAGE][PASSED] - Text of object 'Object Repository/Stockbit/Home_HighPrice' is: '76'

2024-01-22 17:56:06 - [TEST_STEP][PASSED] - strHighPrice = strHighPrice.replace(",", ""): null

2024-01-22 17:56:06 - [TEST_STEP][PASSED] - strClosePrice = getText(findTestObject("Stockbit/Home_ClosePrice")): Text of object 'Object Repository/Stockbit/Home_ClosePrice' is: '75'

2024-01-22 17:56:06 - [MESSAGE][PASSED] - Text of object 'Object Repository/Stockbit/Home_ClosePrice' is: '75'

2024-01-22 17:56:06 - [TEST_STEP][PASSED] - strClosePrice = strClosePrice.replace(",", ""): null

2024-01-22 17:56:06 - [TEST_STEP][PASSED] - strVol = getText(findTestObject("Stockbit/Home_Volume")): Text of object 'Object Repository/Stockbit/Home_Volume' is: '20 K'

2024-01-22 17:56:06 - [MESSAGE][PASSED] - Text of object 'Object Repository/Stockbit/Home_Volume' is: '20 K'

2024-01-22 17:56:06 - [TEST_STEP][PASSED] - if (strVol.contains(" K")): null

2024-01-22 17:56:06 - [TEST_STEP][PASSED] - strVol = strVol.replace(" K", "000"): null

2024-01-22 17:56:06 - [TEST_STEP][PASSED] - if (strVol.contains(",")): null

2024-01-22 17:56:06 - [TEST_STEP][PASSED] - strChange = getText(findTestObject("Stockbit/Home_Change")): Text of object 'Object Repository/Stockbit/Home_Change' is: '0.00%'

2024-01-22 17:56:06 - [MESSAGE][PASSED] - Text of object 'Object Repository/Stockbit/Home_Change' is: '0.00%'

2024-01-22 17:56:06 - [TEST_STEP][PASSED] - strChange = strChange.replace("%", ""): null

2024-01-22 17:56:06 - [TEST_STEP][PASSED] - strFreq = getText(findTestObject("Stockbit/Home_Freq")): Text of object 'Object Repository/Stockbit/Home_Freq' is: '223'

2024-01-22 17:56:07 - [MESSAGE][PASSED] - Text of object 'Object Repository/Stockbit/Home_Freq' is: '223'

2024-01-22 17:56:07 - [TEST_STEP][PASSED] - if (strFreq.contains(",")): null

2024-01-22 17:56:07 - [TEST_STEP][PASSED] - if (strFreq == "NA" || strFreq == ""): null

2024-01-22 17:56:07 - [TEST_STEP][PASSED] - else: null

2024-01-22 17:56:07 - [TEST_STEP][PASSED] - dblFreqAnal = strVol.toDouble() / strFreq.toDouble() * strFreq.toDouble() * strFreq.toDouble() * 100000000: null

2024-01-22 17:56:07 - [TEST_STEP][PASSED] - strFreqAnal = String.format("%.4f", dblFreqAnal): null

2024-01-22 17:56:07 - [TEST_STEP][PASSED] - out.println("Double strFreqAnal: " + strFreqAnal): null

2024-01-22 17:56:07 - [TEST_STEP][PASSED] - strTanggal = d.format(DateTimeFormatter.ofPattern("yyyy-MM-dd")): null

2024-01-22 17:56:07 - [TEST_STEP][PASSED] - strTanggal = "#" + strTanggal + "#": null

2024-01-22 17:56:07 - [TEST_STEP][PASSED] - strSQL = "select count(*) as JumBaris from TblBrokSum where Nama = '" + strNama + "' and Tanggal = " + strTanggal + "": null

2024-01-22 17:56:07 - [TEST_STEP][PASSED] - resultSet = statement.executeQuery(strSQL): null

2024-01-22 17:56:07 - [TEST_STEP][PASSED] - resultSet.next(): null

2024-01-22 17:56:07 - [TEST_STEP][PASSED] - intJumBaris = resultSet.getInt("JumBaris"): null

2024-01-22 17:56:07 - [TEST_STEP][PASSED] - if (intJumBaris > 0): null

2024-01-22 17:56:07 - [TEST_STEP][PASSED] - else: null

2024-01-22 17:56:07 - [TEST_STEP][PASSED] - try: null

2024-01-22 17:56:07 - [TEST_STEP][PASSED] - out.println("Insert data"): null

2024-01-22 17:56:07 - [TEST_STEP][PASSED] - strSQL = "insert into TblBrokSum (nama, tanggal, top1, top2, top3, AllBrokAvg, AccDist, AvgRP, " + "Buyer1, BuyerVal1, BuyerAvg1, Seller1, SellerVal1, SellerAvg1, Buyer2, BuyerVal2, BuyerAvg2, " + "Seller2, SellerVal2, SellerAvg2, Buyer3, BuyerVal3, BuyerAvg3, Seller3, SellerVal3, SellerAvg3, NetVol, NetVal, " + "OpenPrice, LowPrice, HighPrice, ClosePrice, Volume, Change, Frekuensi, FrekAnal) " + "values ('" + strNama + "', " + strTanggal + ", '" + strTop1 + "', '" + strTop3 + "', '" + strTop5 + "', " + "'" + strAllBrokAvg + "', '" + strAccDist + "', " + intAvgRP + ", '" + strBuyer1 + "', '" + strBuyerVol1 + "', " + strBuyerAvg1 + ", " + "'" + strSeller1 + "', '" + strSellerVol1 + "', " + strSellerAvg1 + ", '" + strBuyer2 + "', '" + strBuyerVol2 + "', " + strBuyerAvg2 + ", " + "'" + strSeller2 + "', '" + strSellerVol2 + "', " + strSellerAvg2 + ", '" + strBuyer3 + "', '" + strBuyerVol3 + "', " + strBuyerAvg3 + ", " + "'" + strSeller3 + "', '" + strSellerVol3 + "', " + strSellerAvg3 + ", " + strNetVol + ", '" + strNetVal + "', " + "" + strOpenPrice + ", " + strLowPrice + ", " + strHighPrice + ", " + strClosePrice + ", '" + strVol + "', " + strChange + ", " + strFreq + ", " + strFreqAnal + ");": null

2024-01-22 17:56:07 - [TEST_STEP][PASSED] - out.println("strSQL = " + strSQL): null

2024-01-22 17:56:07 - [TEST_STEP][PASSED] - statement.executeUpdate(strSQL): null

2024-01-22 17:56:07 - [TEST_STEP][PASSED] - setValueToCellByIndex(sheet01, rowIndex, 4, "DONE"): null

2024-01-22 17:56:07 - [TEST_STEP][PASSED] - saveWorkbook(excelFilePath, workbook01): null

2024-01-22 17:56:07 - [TEST_STEP][PASSED] - waitForElementClickable(findTestObject("Stockbit/menu_Bandarmology"), 10): Object 'Object Repository/Stockbit/menu_Bandarmology' is clickable

2024-01-22 17:56:07 - [MESSAGE][PASSED] - Object 'Object Repository/Stockbit/menu_Bandarmology' is clickable

2024-01-22 17:56:07 - [TEST_STEP][PASSED] - click(findTestObject("Stockbit/menu_Bandarmology")): Object: 'Object Repository/Stockbit/menu_Bandarmology' is clicked on

2024-01-22 17:56:07 - [MESSAGE][PASSED] - Object: 'Object Repository/Stockbit/menu_Bandarmology' is clicked on

2024-01-22 17:56:07 - [TEST_STEP][PASSED] - strTemp = "NA": null

2024-01-22 17:56:07 - [TEST_STEP][PASSED] - if (getCellValueByIndex(sheet01, rowIndex, 4) != "DONE"): Object: 'Object Repository/Stockbit/menu_Bandarmology' is clicked on

2024-01-22 17:56:07 - [TEST_STEP][PASSED] - strNama = getCellValueByIndex(sheet01, rowIndex, 0): null

2024-01-22 17:56:07 - [TEST_STEP][PASSED] - navigateToUrl("https://stockbit.com/#/symbol/" + strNama): Navigate to 'https://stockbit.com/#/symbol/HDIT' successfully

2024-01-22 17:56:09 - [MESSAGE][PASSED] - Navigate to 'https://stockbit.com/#/symbol/HDIT' successfully

2024-01-22 17:56:09 - [TEST_STEP][PASSED] - waitForElementClickable(findTestObject("Stockbit/menu_Bandarmology"), 10): Object 'Object Repository/Stockbit/menu_Bandarmology' is clickable

2024-01-22 17:56:09 - [MESSAGE][PASSED] - Object 'Object Repository/Stockbit/menu_Bandarmology' is clickable

2024-01-22 17:56:09 - [TEST_STEP][PASSED] - click(findTestObject("Stockbit/menu_Bandarmology")): Object: 'Object Repository/Stockbit/menu_Bandarmology' is clicked on

2024-01-22 17:56:10 - [MESSAGE][PASSED] - Object: 'Object Repository/Stockbit/menu_Bandarmology' is clicked on

2024-01-22 17:56:10 - [TEST_STEP][PASSED] - strTanggal = d.format(DateTimeFormatter.ofPattern("MMM dd, yyyy")): null

2024-01-22 17:56:10 - [TEST_STEP][PASSED] - strTanggal = d.format(ISO_DATE): null

2024-01-22 17:56:10 - [TEST_STEP][PASSED] - out.println("strTanggal = " + strTanggal): null

2024-01-22 17:56:10 - [TEST_STEP][PASSED] - out.println("strNama = " + strNama): null

2024-01-22 17:56:10 - [TEST_STEP][PASSED] - out.println("Baris ke = " + rowIndex): null

2024-01-22 17:56:10 - [TEST_STEP][PASSED] - click(findTestObject("Stockbit/input__BandarmologyOpenStartDate")): Object: 'Object Repository/Stockbit/input__BandarmologyOpenStartDate' is clicked on

2024-01-22 17:56:11 - [MESSAGE][PASSED] - Object: 'Object Repository/Stockbit/input__BandarmologyOpenStartDate' is clicked on

2024-01-22 17:56:11 - [TEST_STEP][PASSED] - sendKeys(findTestObject("Stockbit/input__BandarmologyOpenStartDate"), Keys.chord(CONTROL, "a")): Keys 'CONTROL + a' sent to object: 'Object Repository/Stockbit/input__BandarmologyOpenStartDate'

2024-01-22 17:56:12 - [MESSAGE][PASSED] - Keys 'CONTROL + a' sent to object: 'Object Repository/Stockbit/input__BandarmologyOpenStartDate'

2024-01-22 17:56:12 - [TEST_STEP][PASSED] - sendKeys(findTestObject("Stockbit/input__BandarmologyOpenStartDate"), Keys.chord(BACK_SPACE)): Keys 'BACK_SPACE + ' sent to object: 'Object Repository/Stockbit/input__BandarmologyOpenStartDate'

2024-01-22 17:56:12 - [MESSAGE][PASSED] - Keys 'BACK_SPACE + ' sent to object: 'Object Repository/Stockbit/input__BandarmologyOpenStartDate'

2024-01-22 17:56:12 - [TEST_STEP][PASSED] - setText(findTestObject("Stockbit/input__BandarmologyOpenStartDate"), strTanggal): Text '2024-01-22' is set on object 'Object Repository/Stockbit/input__BandarmologyOpenStartDate'

2024-01-22 17:56:13 - [MESSAGE][PASSED] - Text '2024-01-22' is set on object 'Object Repository/Stockbit/input__BandarmologyOpenStartDate'

2024-01-22 17:56:13 - [TEST_STEP][PASSED] - sendKeys(findTestObject("Stockbit/input__BandarmologyOpenStartDate"), Keys.chord(ENTER)): Keys 'ENTER + ' sent to object: 'Object Repository/Stockbit/input__BandarmologyOpenStartDate'

2024-01-22 17:56:13 - [MESSAGE][PASSED] - Keys 'ENTER + ' sent to object: 'Object Repository/Stockbit/input__BandarmologyOpenStartDate'

2024-01-22 17:56:13 - [TEST_STEP][PASSED] - click(findTestObject("Stockbit/input__BandarmologyOpenEndDate")): Object: 'Object Repository/Stockbit/input__BandarmologyOpenEndDate' is clicked on

2024-01-22 17:56:13 - [MESSAGE][PASSED] - Object: 'Object Repository/Stockbit/input__BandarmologyOpenEndDate' is clicked on

2024-01-22 17:56:13 - [TEST_STEP][PASSED] - sendKeys(findTestObject("Stockbit/input__BandarmologyOpenEndDate"), Keys.chord(CONTROL, "a")): Keys 'CONTROL + a' sent to object: 'Object Repository/Stockbit/input__BandarmologyOpenEndDate'

2024-01-22 17:56:14 - [MESSAGE][PASSED] - Keys 'CONTROL + a' sent to object: 'Object Repository/Stockbit/input__BandarmologyOpenEndDate'

2024-01-22 17:56:14 - [TEST_STEP][PASSED] - sendKeys(findTestObject("Stockbit/input__BandarmologyOpenEndDate"), Keys.chord(BACK_SPACE)): Keys 'BACK_SPACE + ' sent to object: 'Object Repository/Stockbit/input__BandarmologyOpenEndDate'

2024-01-22 17:56:14 - [MESSAGE][PASSED] - Keys 'BACK_SPACE + ' sent to object: 'Object Repository/Stockbit/input__BandarmologyOpenEndDate'

2024-01-22 17:56:14 - [TEST_STEP][PASSED] - setText(findTestObject("Stockbit/input__BandarmologyOpenEndDate"), strTanggal): Text '2024-01-22' is set on object 'Object Repository/Stockbit/input__BandarmologyOpenEndDate'

2024-01-22 17:56:15 - [MESSAGE][PASSED] - Text '2024-01-22' is set on object 'Object Repository/Stockbit/input__BandarmologyOpenEndDate'

2024-01-22 17:56:15 - [TEST_STEP][PASSED] - sendKeys(findTestObject("Stockbit/input__BandarmologyOpenEndDate"), Keys.chord(ENTER)): Keys 'ENTER + ' sent to object: 'Object Repository/Stockbit/input__BandarmologyOpenEndDate'

2024-01-22 17:56:15 - [MESSAGE][PASSED] - Keys 'ENTER + ' sent to object: 'Object Repository/Stockbit/input__BandarmologyOpenEndDate'

2024-01-22 17:56:15 - [TEST_STEP][PASSED] - delay(2): Delayed 2 second(s)

2024-01-22 17:56:17 - [MESSAGE][PASSED] - Delayed 2 second(s)

2024-01-22 17:56:17 - [TEST_STEP][PASSED] - strTemp = getText(findTestObject("Stockbit/Bandarmology_AvgRP")): Text of object 'Object Repository/Stockbit/Bandarmology_AvgRP' is: '50'

2024-01-22 17:56:17 - [MESSAGE][PASSED] - Text of object 'Object Repository/Stockbit/Bandarmology_AvgRP' is: '50'

2024-01-22 17:56:17 - [TEST_STEP][PASSED] - out.println("Bandarmology_AvgRP = " + strTemp): null

2024-01-22 17:56:17 - [TEST_STEP][PASSED] - if (strTemp != "0"): null

2024-01-22 17:56:17 - [TEST_STEP][PASSED] - strTop1 = getText(findTestObject("Stockbit/Bandarmology_Top1")): Text of object 'Object Repository/Stockbit/Bandarmology_Top1' is: 'Big Dist'

2024-01-22 17:56:18 - [MESSAGE][PASSED] - Text of object 'Object Repository/Stockbit/Bandarmology_Top1' is: 'Big Dist'

2024-01-22 17:56:18 - [TEST_STEP][PASSED] - strTop3 = getText(findTestObject("Stockbit/Bandarmology_Top3")): Text of object 'Object Repository/Stockbit/Bandarmology_Top3' is: 'Neutral'

2024-01-22 17:56:18 - [MESSAGE][PASSED] - Text of object 'Object Repository/Stockbit/Bandarmology_Top3' is: 'Neutral'

2024-01-22 17:56:18 - [TEST_STEP][PASSED] - strTop5 = getText(findTestObject("Stockbit/Bandarmology_Top5")): Text of object 'Object Repository/Stockbit/Bandarmology_Top5' is: 'Neutral'

2024-01-22 17:56:18 - [MESSAGE][PASSED] - Text of object 'Object Repository/Stockbit/Bandarmology_Top5' is: 'Neutral'

2024-01-22 17:56:18 - [TEST_STEP][PASSED] - strAllBrokAvg = getText(findTestObject("Stockbit/Bandarmology_TopAVG")): Text of object 'Object Repository/Stockbit/Bandarmology_TopAVG' is: 'Neutral'

2024-01-22 17:56:18 - [MESSAGE][PASSED] - Text of object 'Object Repository/Stockbit/Bandarmology_TopAVG' is: 'Neutral'

2024-01-22 17:56:18 - [TEST_STEP][PASSED] - strTemp = getText(findTestObject("Stockbit/Bandarmology_AvgRP")): Text of object 'Object Repository/Stockbit/Bandarmology_AvgRP' is: '50'

2024-01-22 17:56:18 - [MESSAGE][PASSED] - Text of object 'Object Repository/Stockbit/Bandarmology_AvgRP' is: '50'

2024-01-22 17:56:18 - [TEST_STEP][PASSED] - if (strTemp.contains(",")): null

2024-01-22 17:56:18 - [TEST_STEP][PASSED] - intAvgRP = strTemp.toInteger(): null

2024-01-22 17:56:18 - [TEST_STEP][PASSED] - strBuyer1 = getText(findTestObject("Stockbit/Bandarmology_Buyer1")): Text of object 'Object Repository/Stockbit/Bandarmology_Buyer1' is: 'CC'

2024-01-22 17:56:18 - [MESSAGE][PASSED] - Text of object 'Object Repository/Stockbit/Bandarmology_Buyer1' is: 'CC'

2024-01-22 17:56:18 - [TEST_STEP][PASSED] - strBuyerVol1 = getText(findTestObject("Stockbit/Bandarmology_BuyerVol1")): Text of object 'Object Repository/Stockbit/Bandarmology_BuyerVol1' is: '1'

2024-01-22 17:56:18 - [MESSAGE][PASSED] - Text of object 'Object Repository/Stockbit/Bandarmology_BuyerVol1' is: '1'

2024-01-22 17:56:18 - [TEST_STEP][PASSED] - strBuyerAvg1 = getText(findTestObject("Stockbit/Bandarmology_BuyerAvg1")): Text of object 'Object Repository/Stockbit/Bandarmology_BuyerAvg1' is: '50'

2024-01-22 17:56:18 - [MESSAGE][PASSED] - Text of object 'Object Repository/Stockbit/Bandarmology_BuyerAvg1' is: '50'

2024-01-22 17:56:18 - [TEST_STEP][PASSED] - if (strBuyerAvg1.contains(",")): null

2024-01-22 17:56:18 - [TEST_STEP][PASSED] - if (strBuyerVol1.contains(" B")): null

2024-01-22 17:56:18 - [TEST_STEP][PASSED] - strSeller1 = getText(findTestObject("Stockbit/Bandarmology_Seller1")): Text of object 'Object Repository/Stockbit/Bandarmology_Seller1' is: 'MG'

2024-01-22 17:56:18 - [MESSAGE][PASSED] - Text of object 'Object Repository/Stockbit/Bandarmology_Seller1' is: 'MG'

2024-01-22 17:56:18 - [TEST_STEP][PASSED] - strSellerVol1 = getText(findTestObject("Stockbit/Bandarmology_SellerVol1")): Text of object 'Object Repository/Stockbit/Bandarmology_SellerVol1' is: '2'

2024-01-22 17:56:19 - [MESSAGE][PASSED] - Text of object 'Object Repository/Stockbit/Bandarmology_SellerVol1' is: '2'

2024-01-22 17:56:19 - [TEST_STEP][PASSED] - strSellerAvg1 = getText(findTestObject("Stockbit/Bandarmology_SellerAvg1")): Text of object 'Object Repository/Stockbit/Bandarmology_SellerAvg1' is: '50'

2024-01-22 17:56:19 - [MESSAGE][PASSED] - Text of object 'Object Repository/Stockbit/Bandarmology_SellerAvg1' is: '50'

2024-01-22 17:56:19 - [TEST_STEP][PASSED] - if (strSellerAvg1.contains(",")): null

2024-01-22 17:56:19 - [TEST_STEP][PASSED] - if (strSellerVol1.contains(" B")): null

2024-01-22 17:56:19 - [TEST_STEP][PASSED] - if (verifyElementNotPresent(findTestObject("Stockbit/Bandarmology_Buyer2"), 1, OPTIONAL)): Web element with id: 'Object Repository/Stockbit/Bandarmology_Buyer2' located by 'By.xpath: //*[contains(@id, 'rc-tabs-')]/div[2]/div/div/div/div/div/div[2]/table/tbody/tr[3]/td[1]/p' is present after '1' second(s) (Root cause: com.kms.katalon.core.exception.StepFailedException: Web element with id: 'Object Repository/Stockbit/Bandarmology_Buyer2' located by 'By.xpath: //*[contains(@id, 'rc-tabs-')]/div[2]/div/div/div/div/div/div[2]/table/tbody/tr[3]/td[1]/p' is present after '1' second(s)
	at com.kms.katalon.core.webui.keyword.internal.WebUIKeywordMain.stepFailed(WebUIKeywordMain.groovy:64)
	at com.kms.katalon.core.webui.keyword.internal.WebUIKeywordMain$stepFailed$0.call(Unknown Source)
	at com.kms.katalon.core.webui.keyword.builtin.VerifyElementNotPresentKeyword$_verifyElementNotPresent_closure1.doCall(VerifyElementNotPresentKeyword.groovy:106)
	at com.kms.katalon.core.webui.keyword.builtin.VerifyElementNotPresentKeyword$_verifyElementNotPresent_closure1.doCall(VerifyElementNotPresentKeyword.groovy)
	at com.kms.katalon.core.webui.keyword.internal.WebUIKeywordMain.runKeyword(WebUIKeywordMain.groovy:20)
	at com.kms.katalon.core.webui.keyword.internal.WebUIKeywordMain$runKeyword.call(Unknown Source)
	at com.kms.katalon.core.webui.keyword.builtin.VerifyElementNotPresentKeyword.verifyElementNotPresent(VerifyElementNotPresentKeyword.groovy:117)
	at com.kms.katalon.core.webui.keyword.builtin.VerifyElementNotPresentKeyword.execute(VerifyElementNotPresentKeyword.groovy:68)
	at com.kms.katalon.core.keyword.internal.KeywordExecutor.executeKeywordForPlatform(KeywordExecutor.groovy:74)
	at com.kms.katalon.core.webui.keyword.WebUiBuiltInKeywords.verifyElementNotPresent(WebUiBuiltInKeywords.groovy:1481)
	at com.kms.katalon.core.webui.keyword.WebUiBuiltInKeywords$verifyElementNotPresent$8.call(Unknown Source)
	at GetBrokSumPriceDaily.run(GetBrokSumPriceDaily:258)
	at com.kms.katalon.core.main.ScriptEngine.run(ScriptEngine.java:194)
	at com.kms.katalon.core.main.ScriptEngine.runScriptAsRawText(ScriptEngine.java:119)
	at com.kms.katalon.core.main.TestCaseExecutor.runScript(TestCaseExecutor.java:445)
	at com.kms.katalon.core.main.TestCaseExecutor.doExecute(TestCaseExecutor.java:436)
	at com.kms.katalon.core.main.TestCaseExecutor.processExecutionPhase(TestCaseExecutor.java:415)
	at com.kms.katalon.core.main.TestCaseExecutor.accessMainPhase(TestCaseExecutor.java:407)
	at com.kms.katalon.core.main.TestCaseExecutor.execute(TestCaseExecutor.java:284)
	at com.kms.katalon.core.common.CommonExecutor.accessTestCaseMainPhase(CommonExecutor.java:65)
	at com.kms.katalon.core.main.TestSuiteExecutor.accessTestSuiteMainPhase(TestSuiteExecutor.java:144)
	at com.kms.katalon.core.main.TestSuiteExecutor.execute(TestSuiteExecutor.java:106)
	at com.kms.katalon.core.main.TestCaseMain.startTestSuite(TestCaseMain.java:185)
	at com.kms.katalon.core.main.TestCaseMain$startTestSuite$0.call(Unknown Source)
	at TempTestSuite1705920083951.run(TempTestSuite1705920083951.groovy:36)
)

2024-01-22 17:56:20 - [MESSAGE][WARNING] - Web element with id: 'Object Repository/Stockbit/Bandarmology_Buyer2' located by 'By.xpath: //*[contains(@id, 'rc-tabs-')]/div[2]/div/div/div/div/div/div[2]/table/tbody/tr[3]/td[1]/p' is present after '1' second(s) (Root cause: com.kms.katalon.core.exception.StepFailedException: Web element with id: 'Object Repository/Stockbit/Bandarmology_Buyer2' located by 'By.xpath: //*[contains(@id, 'rc-tabs-')]/div[2]/div/div/div/div/div/div[2]/table/tbody/tr[3]/td[1]/p' is present after '1' second(s)
	at com.kms.katalon.core.webui.keyword.internal.WebUIKeywordMain.stepFailed(WebUIKeywordMain.groovy:64)
	at com.kms.katalon.core.webui.keyword.internal.WebUIKeywordMain$stepFailed$0.call(Unknown Source)
	at com.kms.katalon.core.webui.keyword.builtin.VerifyElementNotPresentKeyword$_verifyElementNotPresent_closure1.doCall(VerifyElementNotPresentKeyword.groovy:106)
	at com.kms.katalon.core.webui.keyword.builtin.VerifyElementNotPresentKeyword$_verifyElementNotPresent_closure1.doCall(VerifyElementNotPresentKeyword.groovy)
	at com.kms.katalon.core.webui.keyword.internal.WebUIKeywordMain.runKeyword(WebUIKeywordMain.groovy:20)
	at com.kms.katalon.core.webui.keyword.internal.WebUIKeywordMain$runKeyword.call(Unknown Source)
	at com.kms.katalon.core.webui.keyword.builtin.VerifyElementNotPresentKeyword.verifyElementNotPresent(VerifyElementNotPresentKeyword.groovy:117)
	at com.kms.katalon.core.webui.keyword.builtin.VerifyElementNotPresentKeyword.execute(VerifyElementNotPresentKeyword.groovy:68)
	at com.kms.katalon.core.keyword.internal.KeywordExecutor.executeKeywordForPlatform(KeywordExecutor.groovy:74)
	at com.kms.katalon.core.webui.keyword.WebUiBuiltInKeywords.verifyElementNotPresent(WebUiBuiltInKeywords.groovy:1481)
	at com.kms.katalon.core.webui.keyword.WebUiBuiltInKeywords$verifyElementNotPresent$8.call(Unknown Source)
	at GetBrokSumPriceDaily.run(GetBrokSumPriceDaily:258)
	at com.kms.katalon.core.main.ScriptEngine.run(ScriptEngine.java:194)
	at com.kms.katalon.core.main.ScriptEngine.runScriptAsRawText(ScriptEngine.java:119)
	at com.kms.katalon.core.main.TestCaseExecutor.runScript(TestCaseExecutor.java:445)
	at com.kms.katalon.core.main.TestCaseExecutor.doExecute(TestCaseExecutor.java:436)
	at com.kms.katalon.core.main.TestCaseExecutor.processExecutionPhase(TestCaseExecutor.java:415)
	at com.kms.katalon.core.main.TestCaseExecutor.accessMainPhase(TestCaseExecutor.java:407)
	at com.kms.katalon.core.main.TestCaseExecutor.execute(TestCaseExecutor.java:284)
	at com.kms.katalon.core.common.CommonExecutor.accessTestCaseMainPhase(CommonExecutor.java:65)
	at com.kms.katalon.core.main.TestSuiteExecutor.accessTestSuiteMainPhase(TestSuiteExecutor.java:144)
	at com.kms.katalon.core.main.TestSuiteExecutor.execute(TestSuiteExecutor.java:106)
	at com.kms.katalon.core.main.TestCaseMain.startTestSuite(TestCaseMain.java:185)
	at com.kms.katalon.core.main.TestCaseMain$startTestSuite$0.call(Unknown Source)
	at TempTestSuite1705920083951.run(TempTestSuite1705920083951.groovy:36)
)
[[ATTACHMENT|C:\\Users\\Fadli\\git\\KatalonDailyGetData2\\Reports\\20240122_174123\\TS1\\20240122_174123\\1705920980372.png]]

2024-01-22 17:56:20 - [TEST_STEP][PASSED] - else: null

2024-01-22 17:56:20 - [TEST_STEP][PASSED] - strBuyer2 = getText(findTestObject("Stockbit/Bandarmology_Buyer2")): Text of object 'Object Repository/Stockbit/Bandarmology_Buyer2' is: 'XL'

2024-01-22 17:56:20 - [MESSAGE][PASSED] - Text of object 'Object Repository/Stockbit/Bandarmology_Buyer2' is: 'XL'

2024-01-22 17:56:20 - [TEST_STEP][PASSED] - strBuyerVol2 = getText(findTestObject("Stockbit/Bandarmology_BuyerVol2")): Text of object 'Object Repository/Stockbit/Bandarmology_BuyerVol2' is: '1'

2024-01-22 17:56:20 - [MESSAGE][PASSED] - Text of object 'Object Repository/Stockbit/Bandarmology_BuyerVol2' is: '1'

2024-01-22 17:56:20 - [TEST_STEP][PASSED] - strBuyerAvg2 = getText(findTestObject("Stockbit/Bandarmology_BuyerAvg2")): Text of object 'Object Repository/Stockbit/Bandarmology_BuyerAvg2' is: '50'

2024-01-22 17:56:20 - [MESSAGE][PASSED] - Text of object 'Object Repository/Stockbit/Bandarmology_BuyerAvg2' is: '50'

2024-01-22 17:56:20 - [TEST_STEP][PASSED] - if (strBuyer2 != ""): null

2024-01-22 17:56:20 - [TEST_STEP][PASSED] - if (strBuyerAvg2.contains(",")): null

2024-01-22 17:56:20 - [TEST_STEP][PASSED] - if (strBuyerVol2.contains(" B")): null

2024-01-22 17:56:20 - [TEST_STEP][PASSED] - if (strBuyerVol2.contains(".")): null

2024-01-22 17:56:20 - [TEST_STEP][PASSED] - if (verifyElementNotPresent(findTestObject("Stockbit/Bandarmology_Seller2"), 1, OPTIONAL)): Web element with id: 'Object Repository/Stockbit/Bandarmology_Seller2' located by 'By.xpath: //*[contains(@id, 'rc-tabs-')]/div[2]/div/div/div/div/div/div[2]/table/tbody/tr[3]/td[5]/p' is present after '1' second(s) (Root cause: com.kms.katalon.core.exception.StepFailedException: Web element with id: 'Object Repository/Stockbit/Bandarmology_Seller2' located by 'By.xpath: //*[contains(@id, 'rc-tabs-')]/div[2]/div/div/div/div/div/div[2]/table/tbody/tr[3]/td[5]/p' is present after '1' second(s)
	at com.kms.katalon.core.webui.keyword.internal.WebUIKeywordMain.stepFailed(WebUIKeywordMain.groovy:64)
	at com.kms.katalon.core.webui.keyword.internal.WebUIKeywordMain$stepFailed$0.call(Unknown Source)
	at com.kms.katalon.core.webui.keyword.builtin.VerifyElementNotPresentKeyword$_verifyElementNotPresent_closure1.doCall(VerifyElementNotPresentKeyword.groovy:106)
	at com.kms.katalon.core.webui.keyword.builtin.VerifyElementNotPresentKeyword$_verifyElementNotPresent_closure1.doCall(VerifyElementNotPresentKeyword.groovy)
	at com.kms.katalon.core.webui.keyword.internal.WebUIKeywordMain.runKeyword(WebUIKeywordMain.groovy:20)
	at com.kms.katalon.core.webui.keyword.internal.WebUIKeywordMain$runKeyword.call(Unknown Source)
	at com.kms.katalon.core.webui.keyword.builtin.VerifyElementNotPresentKeyword.verifyElementNotPresent(VerifyElementNotPresentKeyword.groovy:117)
	at com.kms.katalon.core.webui.keyword.builtin.VerifyElementNotPresentKeyword.execute(VerifyElementNotPresentKeyword.groovy:68)
	at com.kms.katalon.core.keyword.internal.KeywordExecutor.executeKeywordForPlatform(KeywordExecutor.groovy:74)
	at com.kms.katalon.core.webui.keyword.WebUiBuiltInKeywords.verifyElementNotPresent(WebUiBuiltInKeywords.groovy:1481)
	at com.kms.katalon.core.webui.keyword.WebUiBuiltInKeywords$verifyElementNotPresent$8.call(Unknown Source)
	at GetBrokSumPriceDaily.run(GetBrokSumPriceDaily:309)
	at com.kms.katalon.core.main.ScriptEngine.run(ScriptEngine.java:194)
	at com.kms.katalon.core.main.ScriptEngine.runScriptAsRawText(ScriptEngine.java:119)
	at com.kms.katalon.core.main.TestCaseExecutor.runScript(TestCaseExecutor.java:445)
	at com.kms.katalon.core.main.TestCaseExecutor.doExecute(TestCaseExecutor.java:436)
	at com.kms.katalon.core.main.TestCaseExecutor.processExecutionPhase(TestCaseExecutor.java:415)
	at com.kms.katalon.core.main.TestCaseExecutor.accessMainPhase(TestCaseExecutor.java:407)
	at com.kms.katalon.core.main.TestCaseExecutor.execute(TestCaseExecutor.java:284)
	at com.kms.katalon.core.common.CommonExecutor.accessTestCaseMainPhase(CommonExecutor.java:65)
	at com.kms.katalon.core.main.TestSuiteExecutor.accessTestSuiteMainPhase(TestSuiteExecutor.java:144)
	at com.kms.katalon.core.main.TestSuiteExecutor.execute(TestSuiteExecutor.java:106)
	at com.kms.katalon.core.main.TestCaseMain.startTestSuite(TestCaseMain.java:185)
	at com.kms.katalon.core.main.TestCaseMain$startTestSuite$0.call(Unknown Source)
	at TempTestSuite1705920083951.run(TempTestSuite1705920083951.groovy:36)
)

2024-01-22 17:56:22 - [MESSAGE][WARNING] - Web element with id: 'Object Repository/Stockbit/Bandarmology_Seller2' located by 'By.xpath: //*[contains(@id, 'rc-tabs-')]/div[2]/div/div/div/div/div/div[2]/table/tbody/tr[3]/td[5]/p' is present after '1' second(s) (Root cause: com.kms.katalon.core.exception.StepFailedException: Web element with id: 'Object Repository/Stockbit/Bandarmology_Seller2' located by 'By.xpath: //*[contains(@id, 'rc-tabs-')]/div[2]/div/div/div/div/div/div[2]/table/tbody/tr[3]/td[5]/p' is present after '1' second(s)
	at com.kms.katalon.core.webui.keyword.internal.WebUIKeywordMain.stepFailed(WebUIKeywordMain.groovy:64)
	at com.kms.katalon.core.webui.keyword.internal.WebUIKeywordMain$stepFailed$0.call(Unknown Source)
	at com.kms.katalon.core.webui.keyword.builtin.VerifyElementNotPresentKeyword$_verifyElementNotPresent_closure1.doCall(VerifyElementNotPresentKeyword.groovy:106)
	at com.kms.katalon.core.webui.keyword.builtin.VerifyElementNotPresentKeyword$_verifyElementNotPresent_closure1.doCall(VerifyElementNotPresentKeyword.groovy)
	at com.kms.katalon.core.webui.keyword.internal.WebUIKeywordMain.runKeyword(WebUIKeywordMain.groovy:20)
	at com.kms.katalon.core.webui.keyword.internal.WebUIKeywordMain$runKeyword.call(Unknown Source)
	at com.kms.katalon.core.webui.keyword.builtin.VerifyElementNotPresentKeyword.verifyElementNotPresent(VerifyElementNotPresentKeyword.groovy:117)
	at com.kms.katalon.core.webui.keyword.builtin.VerifyElementNotPresentKeyword.execute(VerifyElementNotPresentKeyword.groovy:68)
	at com.kms.katalon.core.keyword.internal.KeywordExecutor.executeKeywordForPlatform(KeywordExecutor.groovy:74)
	at com.kms.katalon.core.webui.keyword.WebUiBuiltInKeywords.verifyElementNotPresent(WebUiBuiltInKeywords.groovy:1481)
	at com.kms.katalon.core.webui.keyword.WebUiBuiltInKeywords$verifyElementNotPresent$8.call(Unknown Source)
	at GetBrokSumPriceDaily.run(GetBrokSumPriceDaily:309)
	at com.kms.katalon.core.main.ScriptEngine.run(ScriptEngine.java:194)
	at com.kms.katalon.core.main.ScriptEngine.runScriptAsRawText(ScriptEngine.java:119)
	at com.kms.katalon.core.main.TestCaseExecutor.runScript(TestCaseExecutor.java:445)
	at com.kms.katalon.core.main.TestCaseExecutor.doExecute(TestCaseExecutor.java:436)
	at com.kms.katalon.core.main.TestCaseExecutor.processExecutionPhase(TestCaseExecutor.java:415)
	at com.kms.katalon.core.main.TestCaseExecutor.accessMainPhase(TestCaseExecutor.java:407)
	at com.kms.katalon.core.main.TestCaseExecutor.execute(TestCaseExecutor.java:284)
	at com.kms.katalon.core.common.CommonExecutor.accessTestCaseMainPhase(CommonExecutor.java:65)
	at com.kms.katalon.core.main.TestSuiteExecutor.accessTestSuiteMainPhase(TestSuiteExecutor.java:144)
	at com.kms.katalon.core.main.TestSuiteExecutor.execute(TestSuiteExecutor.java:106)
	at com.kms.katalon.core.main.TestCaseMain.startTestSuite(TestCaseMain.java:185)
	at com.kms.katalon.core.main.TestCaseMain$startTestSuite$0.call(Unknown Source)
	at TempTestSuite1705920083951.run(TempTestSuite1705920083951.groovy:36)
)
[[ATTACHMENT|C:\\Users\\Fadli\\git\\KatalonDailyGetData2\\Reports\\20240122_174123\\TS1\\20240122_174123\\1705920982056.png]]

2024-01-22 17:56:22 - [TEST_STEP][PASSED] - else: null

2024-01-22 17:56:22 - [TEST_STEP][PASSED] - strSeller2 = getText(findTestObject("Stockbit/Bandarmology_Seller2")): Text of object 'Object Repository/Stockbit/Bandarmology_Seller2' is: ''

2024-01-22 17:56:22 - [MESSAGE][PASSED] - Text of object 'Object Repository/Stockbit/Bandarmology_Seller2' is: ''

2024-01-22 17:56:22 - [TEST_STEP][PASSED] - strSellerVol2 = getText(findTestObject("Stockbit/Bandarmology_SellerVol2")): Text of object 'Object Repository/Stockbit/Bandarmology_SellerVol2' is: ''

2024-01-22 17:56:22 - [MESSAGE][PASSED] - Text of object 'Object Repository/Stockbit/Bandarmology_SellerVol2' is: ''

2024-01-22 17:56:22 - [TEST_STEP][PASSED] - strSellerAvg2 = getText(findTestObject("Stockbit/Bandarmology_SellerAvg2")): Text of object 'Object Repository/Stockbit/Bandarmology_SellerAvg2' is: ''

2024-01-22 17:56:22 - [MESSAGE][PASSED] - Text of object 'Object Repository/Stockbit/Bandarmology_SellerAvg2' is: ''

2024-01-22 17:56:22 - [TEST_STEP][PASSED] - if (strSeller2 != ""): null

2024-01-22 17:56:22 - [TEST_STEP][PASSED] - else: null

2024-01-22 17:56:22 - [TEST_STEP][PASSED] - strSeller2 = "-": null

2024-01-22 17:56:22 - [TEST_STEP][PASSED] - strSellerVol2 = "0": null

2024-01-22 17:56:22 - [TEST_STEP][PASSED] - strSellerAvg2 = "0": null

2024-01-22 17:56:22 - [TEST_STEP][PASSED] - if (verifyElementNotPresent(findTestObject("Stockbit/Bandarmology_Buyer3"), 1, OPTIONAL)): null

2024-01-22 17:56:22 - [MESSAGE][PASSED] - Web element with id: 'Object Repository/Stockbit/Bandarmology_Buyer3' located by 'By.xpath: //*[contains(@id, 'rc-tabs-')]/div[2]/div/div/div/div/div/div[2]/table/tbody/tr[4]/td[1]/p' is not present after '1' second(s)

2024-01-22 17:56:22 - [TEST_STEP][PASSED] - strBuyer3 = "-": null

2024-01-22 17:56:22 - [TEST_STEP][PASSED] - strBuyerVol3 = "0": null

2024-01-22 17:56:22 - [TEST_STEP][PASSED] - strBuyerAvg3 = "0": null

2024-01-22 17:56:22 - [TEST_STEP][PASSED] - if (verifyElementNotPresent(findTestObject("Stockbit/Bandarmology_Seller3"), 1, OPTIONAL)): null

2024-01-22 17:56:22 - [MESSAGE][PASSED] - Web element with id: 'Object Repository/Stockbit/Bandarmology_Seller3' located by 'By.xpath: //*[contains(@id, 'rc-tabs-')]/div[2]/div/div/div/div/div/div[2]/table/tbody/tr[4]/td[5]/p' is not present after '1' second(s)

2024-01-22 17:56:22 - [TEST_STEP][PASSED] - strSeller3 = "-": null

2024-01-22 17:56:22 - [TEST_STEP][PASSED] - strSellerVol3 = "0": null

2024-01-22 17:56:22 - [TEST_STEP][PASSED] - strSellerAvg3 = "0": null

2024-01-22 17:56:22 - [TEST_STEP][PASSED] - strAccDist = getText(findTestObject("Stockbit/Bandarmology_AccDist")): Text of object 'Object Repository/Stockbit/Bandarmology_AccDist' is: 'Dist'

2024-01-22 17:56:22 - [MESSAGE][PASSED] - Text of object 'Object Repository/Stockbit/Bandarmology_AccDist' is: 'Dist'

2024-01-22 17:56:22 - [TEST_STEP][PASSED] - strNetVol = getText(findTestObject("Stockbit/Bandarmology_NetVol")): Text of object 'Object Repository/Stockbit/Bandarmology_NetVol' is: '2'

2024-01-22 17:56:23 - [MESSAGE][PASSED] - Text of object 'Object Repository/Stockbit/Bandarmology_NetVol' is: '2'

2024-01-22 17:56:23 - [TEST_STEP][PASSED] - strNetVol = strNetVol.replace(",", ""): null

2024-01-22 17:56:23 - [TEST_STEP][PASSED] - strNetVal = getText(findTestObject("Stockbit/Bandarmology_NetVal")): Text of object 'Object Repository/Stockbit/Bandarmology_NetVal' is: '0 B'

2024-01-22 17:56:23 - [MESSAGE][PASSED] - Text of object 'Object Repository/Stockbit/Bandarmology_NetVal' is: '0 B'

2024-01-22 17:56:23 - [TEST_STEP][PASSED] - delay(3): Delayed 3 second(s)

2024-01-22 17:56:26 - [MESSAGE][PASSED] - Delayed 3 second(s)

2024-01-22 17:56:26 - [TEST_STEP][PASSED] - strOpenPrice = getText(findTestObject("Stockbit/Home_OpenPrice")): Text of object 'Object Repository/Stockbit/Home_OpenPrice' is: '50'

2024-01-22 17:56:26 - [MESSAGE][PASSED] - Text of object 'Object Repository/Stockbit/Home_OpenPrice' is: '50'

2024-01-22 17:56:26 - [TEST_STEP][PASSED] - strOpenPrice = strOpenPrice.replace(",", ""): null

2024-01-22 17:56:26 - [TEST_STEP][PASSED] - strLowPrice = getText(findTestObject("Stockbit/Home_LowPrice")): Text of object 'Object Repository/Stockbit/Home_LowPrice' is: '50'

2024-01-22 17:56:26 - [MESSAGE][PASSED] - Text of object 'Object Repository/Stockbit/Home_LowPrice' is: '50'

2024-01-22 17:56:26 - [TEST_STEP][PASSED] - strLowPrice = strLowPrice.replace(",", ""): null

2024-01-22 17:56:26 - [TEST_STEP][PASSED] - strHighPrice = getText(findTestObject("Stockbit/Home_HighPrice")): Text of object 'Object Repository/Stockbit/Home_HighPrice' is: '50'

2024-01-22 17:56:26 - [MESSAGE][PASSED] - Text of object 'Object Repository/Stockbit/Home_HighPrice' is: '50'

2024-01-22 17:56:26 - [TEST_STEP][PASSED] - strHighPrice = strHighPrice.replace(",", ""): null

2024-01-22 17:56:26 - [TEST_STEP][PASSED] - strClosePrice = getText(findTestObject("Stockbit/Home_ClosePrice")): Text of object 'Object Repository/Stockbit/Home_ClosePrice' is: '50'

2024-01-22 17:56:26 - [MESSAGE][PASSED] - Text of object 'Object Repository/Stockbit/Home_ClosePrice' is: '50'

2024-01-22 17:56:26 - [TEST_STEP][PASSED] - strClosePrice = strClosePrice.replace(",", ""): null

2024-01-22 17:56:26 - [TEST_STEP][PASSED] - strVol = getText(findTestObject("Stockbit/Home_Volume")): Text of object 'Object Repository/Stockbit/Home_Volume' is: '2'

2024-01-22 17:56:26 - [MESSAGE][PASSED] - Text of object 'Object Repository/Stockbit/Home_Volume' is: '2'

2024-01-22 17:56:26 - [TEST_STEP][PASSED] - if (strVol.contains(" K")): null

2024-01-22 17:56:26 - [TEST_STEP][PASSED] - if (strVol.contains(",")): null

2024-01-22 17:56:26 - [TEST_STEP][PASSED] - strChange = getText(findTestObject("Stockbit/Home_Change")): Text of object 'Object Repository/Stockbit/Home_Change' is: '0.00%'

2024-01-22 17:56:26 - [MESSAGE][PASSED] - Text of object 'Object Repository/Stockbit/Home_Change' is: '0.00%'

2024-01-22 17:56:26 - [TEST_STEP][PASSED] - strChange = strChange.replace("%", ""): null

2024-01-22 17:56:26 - [TEST_STEP][PASSED] - strFreq = getText(findTestObject("Stockbit/Home_Freq")): Text of object 'Object Repository/Stockbit/Home_Freq' is: '2'

2024-01-22 17:56:27 - [MESSAGE][PASSED] - Text of object 'Object Repository/Stockbit/Home_Freq' is: '2'

2024-01-22 17:56:27 - [TEST_STEP][PASSED] - if (strFreq.contains(",")): null

2024-01-22 17:56:27 - [TEST_STEP][PASSED] - if (strFreq == "NA" || strFreq == ""): null

2024-01-22 17:56:27 - [TEST_STEP][PASSED] - else: null

2024-01-22 17:56:27 - [TEST_STEP][PASSED] - dblFreqAnal = strVol.toDouble() / strFreq.toDouble() * strFreq.toDouble() * strFreq.toDouble() * 100000000: null

2024-01-22 17:56:27 - [TEST_STEP][PASSED] - strFreqAnal = String.format("%.4f", dblFreqAnal): null

2024-01-22 17:56:27 - [TEST_STEP][PASSED] - out.println("Double strFreqAnal: " + strFreqAnal): null

2024-01-22 17:56:27 - [TEST_STEP][PASSED] - strTanggal = d.format(DateTimeFormatter.ofPattern("yyyy-MM-dd")): null

2024-01-22 17:56:27 - [TEST_STEP][PASSED] - strTanggal = "#" + strTanggal + "#": null

2024-01-22 17:56:27 - [TEST_STEP][PASSED] - strSQL = "select count(*) as JumBaris from TblBrokSum where Nama = '" + strNama + "' and Tanggal = " + strTanggal + "": null

2024-01-22 17:56:27 - [TEST_STEP][PASSED] - resultSet = statement.executeQuery(strSQL): null

2024-01-22 17:56:27 - [TEST_STEP][PASSED] - resultSet.next(): null

2024-01-22 17:56:27 - [TEST_STEP][PASSED] - intJumBaris = resultSet.getInt("JumBaris"): null

2024-01-22 17:56:27 - [TEST_STEP][PASSED] - if (intJumBaris > 0): null

2024-01-22 17:56:27 - [TEST_STEP][PASSED] - else: null

2024-01-22 17:56:27 - [TEST_STEP][PASSED] - try: null

2024-01-22 17:56:27 - [TEST_STEP][PASSED] - out.println("Insert data"): null

2024-01-22 17:56:27 - [TEST_STEP][PASSED] - strSQL = "insert into TblBrokSum (nama, tanggal, top1, top2, top3, AllBrokAvg, AccDist, AvgRP, " + "Buyer1, BuyerVal1, BuyerAvg1, Seller1, SellerVal1, SellerAvg1, Buyer2, BuyerVal2, BuyerAvg2, " + "Seller2, SellerVal2, SellerAvg2, Buyer3, BuyerVal3, BuyerAvg3, Seller3, SellerVal3, SellerAvg3, NetVol, NetVal, " + "OpenPrice, LowPrice, HighPrice, ClosePrice, Volume, Change, Frekuensi, FrekAnal) " + "values ('" + strNama + "', " + strTanggal + ", '" + strTop1 + "', '" + strTop3 + "', '" + strTop5 + "', " + "'" + strAllBrokAvg + "', '" + strAccDist + "', " + intAvgRP + ", '" + strBuyer1 + "', '" + strBuyerVol1 + "', " + strBuyerAvg1 + ", " + "'" + strSeller1 + "', '" + strSellerVol1 + "', " + strSellerAvg1 + ", '" + strBuyer2 + "', '" + strBuyerVol2 + "', " + strBuyerAvg2 + ", " + "'" + strSeller2 + "', '" + strSellerVol2 + "', " + strSellerAvg2 + ", '" + strBuyer3 + "', '" + strBuyerVol3 + "', " + strBuyerAvg3 + ", " + "'" + strSeller3 + "', '" + strSellerVol3 + "', " + strSellerAvg3 + ", " + strNetVol + ", '" + strNetVal + "', " + "" + strOpenPrice + ", " + strLowPrice + ", " + strHighPrice + ", " + strClosePrice + ", '" + strVol + "', " + strChange + ", " + strFreq + ", " + strFreqAnal + ");": null

2024-01-22 17:56:27 - [TEST_STEP][PASSED] - out.println("strSQL = " + strSQL): null

2024-01-22 17:56:27 - [TEST_STEP][PASSED] - statement.executeUpdate(strSQL): null

2024-01-22 17:56:27 - [TEST_STEP][PASSED] - setValueToCellByIndex(sheet01, rowIndex, 4, "DONE"): null

2024-01-22 17:56:27 - [TEST_STEP][PASSED] - saveWorkbook(excelFilePath, workbook01): null

2024-01-22 17:56:27 - [TEST_STEP][PASSED] - waitForElementClickable(findTestObject("Stockbit/menu_Bandarmology"), 10): Object 'Object Repository/Stockbit/menu_Bandarmology' is clickable

2024-01-22 17:56:27 - [MESSAGE][PASSED] - Object 'Object Repository/Stockbit/menu_Bandarmology' is clickable

2024-01-22 17:56:27 - [TEST_STEP][PASSED] - click(findTestObject("Stockbit/menu_Bandarmology")): Object: 'Object Repository/Stockbit/menu_Bandarmology' is clicked on

2024-01-22 17:56:27 - [MESSAGE][PASSED] - Object: 'Object Repository/Stockbit/menu_Bandarmology' is clicked on

2024-01-22 17:56:27 - [TEST_STEP][PASSED] - strTemp = "NA": null

2024-01-22 17:56:27 - [TEST_STEP][PASSED] - if (getCellValueByIndex(sheet01, rowIndex, 4) != "DONE"): Object: 'Object Repository/Stockbit/menu_Bandarmology' is clicked on

2024-01-22 17:56:27 - [TEST_STEP][PASSED] - strNama = getCellValueByIndex(sheet01, rowIndex, 0): null

2024-01-22 17:56:27 - [TEST_STEP][PASSED] - navigateToUrl("https://stockbit.com/#/symbol/" + strNama): Navigate to 'https://stockbit.com/#/symbol/BCAP' successfully

2024-01-22 17:56:29 - [MESSAGE][PASSED] - Navigate to 'https://stockbit.com/#/symbol/BCAP' successfully

2024-01-22 17:56:29 - [TEST_STEP][PASSED] - waitForElementClickable(findTestObject("Stockbit/menu_Bandarmology"), 10): Object 'Object Repository/Stockbit/menu_Bandarmology' is clickable

2024-01-22 17:56:29 - [MESSAGE][PASSED] - Object 'Object Repository/Stockbit/menu_Bandarmology' is clickable

2024-01-22 17:56:29 - [TEST_STEP][PASSED] - click(findTestObject("Stockbit/menu_Bandarmology")): Object: 'Object Repository/Stockbit/menu_Bandarmology' is clicked on

2024-01-22 17:56:30 - [MESSAGE][PASSED] - Object: 'Object Repository/Stockbit/menu_Bandarmology' is clicked on

2024-01-22 17:56:30 - [TEST_STEP][PASSED] - strTanggal = d.format(DateTimeFormatter.ofPattern("MMM dd, yyyy")): null

2024-01-22 17:56:30 - [TEST_STEP][PASSED] - strTanggal = d.format(ISO_DATE): null

2024-01-22 17:56:30 - [TEST_STEP][PASSED] - out.println("strTanggal = " + strTanggal): null

2024-01-22 17:56:30 - [TEST_STEP][PASSED] - out.println("strNama = " + strNama): null

2024-01-22 17:56:30 - [TEST_STEP][PASSED] - out.println("Baris ke = " + rowIndex): null

2024-01-22 17:56:30 - [TEST_STEP][PASSED] - click(findTestObject("Stockbit/input__BandarmologyOpenStartDate")): Object: 'Object Repository/Stockbit/input__BandarmologyOpenStartDate' is clicked on

2024-01-22 17:56:32 - [MESSAGE][PASSED] - Object: 'Object Repository/Stockbit/input__BandarmologyOpenStartDate' is clicked on

2024-01-22 17:56:32 - [TEST_STEP][PASSED] - sendKeys(findTestObject("Stockbit/input__BandarmologyOpenStartDate"), Keys.chord(CONTROL, "a")): Keys 'CONTROL + a' sent to object: 'Object Repository/Stockbit/input__BandarmologyOpenStartDate'

2024-01-22 17:56:32 - [MESSAGE][PASSED] - Keys 'CONTROL + a' sent to object: 'Object Repository/Stockbit/input__BandarmologyOpenStartDate'

2024-01-22 17:56:32 - [TEST_STEP][PASSED] - sendKeys(findTestObject("Stockbit/input__BandarmologyOpenStartDate"), Keys.chord(BACK_SPACE)): Keys 'BACK_SPACE + ' sent to object: 'Object Repository/Stockbit/input__BandarmologyOpenStartDate'

2024-01-22 17:56:32 - [MESSAGE][PASSED] - Keys 'BACK_SPACE + ' sent to object: 'Object Repository/Stockbit/input__BandarmologyOpenStartDate'

2024-01-22 17:56:32 - [TEST_STEP][PASSED] - setText(findTestObject("Stockbit/input__BandarmologyOpenStartDate"), strTanggal): Text '2024-01-22' is set on object 'Object Repository/Stockbit/input__BandarmologyOpenStartDate'

2024-01-22 17:56:33 - [MESSAGE][PASSED] - Text '2024-01-22' is set on object 'Object Repository/Stockbit/input__BandarmologyOpenStartDate'

2024-01-22 17:56:33 - [TEST_STEP][PASSED] - sendKeys(findTestObject("Stockbit/input__BandarmologyOpenStartDate"), Keys.chord(ENTER)): Keys 'ENTER + ' sent to object: 'Object Repository/Stockbit/input__BandarmologyOpenStartDate'

2024-01-22 17:56:34 - [MESSAGE][PASSED] - Keys 'ENTER + ' sent to object: 'Object Repository/Stockbit/input__BandarmologyOpenStartDate'

2024-01-22 17:56:34 - [TEST_STEP][PASSED] - click(findTestObject("Stockbit/input__BandarmologyOpenEndDate")): Object: 'Object Repository/Stockbit/input__BandarmologyOpenEndDate' is clicked on

2024-01-22 17:56:34 - [MESSAGE][PASSED] - Object: 'Object Repository/Stockbit/input__BandarmologyOpenEndDate' is clicked on

2024-01-22 17:56:34 - [TEST_STEP][PASSED] - sendKeys(findTestObject("Stockbit/input__BandarmologyOpenEndDate"), Keys.chord(CONTROL, "a")): Keys 'CONTROL + a' sent to object: 'Object Repository/Stockbit/input__BandarmologyOpenEndDate'

2024-01-22 17:56:34 - [MESSAGE][PASSED] - Keys 'CONTROL + a' sent to object: 'Object Repository/Stockbit/input__BandarmologyOpenEndDate'

2024-01-22 17:56:34 - [TEST_STEP][PASSED] - sendKeys(findTestObject("Stockbit/input__BandarmologyOpenEndDate"), Keys.chord(BACK_SPACE)): Keys 'BACK_SPACE + ' sent to object: 'Object Repository/Stockbit/input__BandarmologyOpenEndDate'

2024-01-22 17:56:35 - [MESSAGE][PASSED] - Keys 'BACK_SPACE + ' sent to object: 'Object Repository/Stockbit/input__BandarmologyOpenEndDate'

2024-01-22 17:56:35 - [TEST_STEP][PASSED] - setText(findTestObject("Stockbit/input__BandarmologyOpenEndDate"), strTanggal): Text '2024-01-22' is set on object 'Object Repository/Stockbit/input__BandarmologyOpenEndDate'

2024-01-22 17:56:35 - [MESSAGE][PASSED] - Text '2024-01-22' is set on object 'Object Repository/Stockbit/input__BandarmologyOpenEndDate'

2024-01-22 17:56:35 - [TEST_STEP][PASSED] - sendKeys(findTestObject("Stockbit/input__BandarmologyOpenEndDate"), Keys.chord(ENTER)): Keys 'ENTER + ' sent to object: 'Object Repository/Stockbit/input__BandarmologyOpenEndDate'

2024-01-22 17:56:36 - [MESSAGE][PASSED] - Keys 'ENTER + ' sent to object: 'Object Repository/Stockbit/input__BandarmologyOpenEndDate'

2024-01-22 17:56:36 - [TEST_STEP][PASSED] - delay(2): Delayed 2 second(s)

2024-01-22 17:56:38 - [MESSAGE][PASSED] - Delayed 2 second(s)

2024-01-22 17:56:38 - [TEST_STEP][PASSED] - strTemp = getText(findTestObject("Stockbit/Bandarmology_AvgRP")): Text of object 'Object Repository/Stockbit/Bandarmology_AvgRP' is: '50'

2024-01-22 17:56:38 - [MESSAGE][PASSED] - Text of object 'Object Repository/Stockbit/Bandarmology_AvgRP' is: '50'

2024-01-22 17:56:38 - [TEST_STEP][PASSED] - out.println("Bandarmology_AvgRP = " + strTemp): null

2024-01-22 17:56:38 - [TEST_STEP][PASSED] - if (strTemp != "0"): null

2024-01-22 17:56:38 - [TEST_STEP][PASSED] - strTop1 = getText(findTestObject("Stockbit/Bandarmology_Top1")): Text of object 'Object Repository/Stockbit/Bandarmology_Top1' is: 'Normal Dist'

2024-01-22 17:56:38 - [MESSAGE][PASSED] - Text of object 'Object Repository/Stockbit/Bandarmology_Top1' is: 'Normal Dist'

2024-01-22 17:56:38 - [TEST_STEP][PASSED] - strTop3 = getText(findTestObject("Stockbit/Bandarmology_Top3")): Text of object 'Object Repository/Stockbit/Bandarmology_Top3' is: 'Neutral'

2024-01-22 17:56:38 - [MESSAGE][PASSED] - Text of object 'Object Repository/Stockbit/Bandarmology_Top3' is: 'Neutral'

2024-01-22 17:56:38 - [TEST_STEP][PASSED] - strTop5 = getText(findTestObject("Stockbit/Bandarmology_Top5")): Text of object 'Object Repository/Stockbit/Bandarmology_Top5' is: 'Neutral'

2024-01-22 17:56:38 - [MESSAGE][PASSED] - Text of object 'Object Repository/Stockbit/Bandarmology_Top5' is: 'Neutral'

2024-01-22 17:56:38 - [TEST_STEP][PASSED] - strAllBrokAvg = getText(findTestObject("Stockbit/Bandarmology_TopAVG")): Text of object 'Object Repository/Stockbit/Bandarmology_TopAVG' is: 'Neutral'

2024-01-22 17:56:38 - [MESSAGE][PASSED] - Text of object 'Object Repository/Stockbit/Bandarmology_TopAVG' is: 'Neutral'

2024-01-22 17:56:38 - [TEST_STEP][PASSED] - strTemp = getText(findTestObject("Stockbit/Bandarmology_AvgRP")): Text of object 'Object Repository/Stockbit/Bandarmology_AvgRP' is: '50'

2024-01-22 17:56:39 - [MESSAGE][PASSED] - Text of object 'Object Repository/Stockbit/Bandarmology_AvgRP' is: '50'

2024-01-22 17:56:39 - [TEST_STEP][PASSED] - if (strTemp.contains(",")): null

2024-01-22 17:56:39 - [TEST_STEP][PASSED] - intAvgRP = strTemp.toInteger(): null

2024-01-22 17:56:39 - [TEST_STEP][PASSED] - strBuyer1 = getText(findTestObject("Stockbit/Bandarmology_Buyer1")): Text of object 'Object Repository/Stockbit/Bandarmology_Buyer1' is: 'GR'

2024-01-22 17:56:39 - [MESSAGE][PASSED] - Text of object 'Object Repository/Stockbit/Bandarmology_Buyer1' is: 'GR'

2024-01-22 17:56:39 - [TEST_STEP][PASSED] - strBuyerVol1 = getText(findTestObject("Stockbit/Bandarmology_BuyerVol1")): Text of object 'Object Repository/Stockbit/Bandarmology_BuyerVol1' is: '30 K'

2024-01-22 17:56:39 - [MESSAGE][PASSED] - Text of object 'Object Repository/Stockbit/Bandarmology_BuyerVol1' is: '30 K'

2024-01-22 17:56:39 - [TEST_STEP][PASSED] - strBuyerAvg1 = getText(findTestObject("Stockbit/Bandarmology_BuyerAvg1")): Text of object 'Object Repository/Stockbit/Bandarmology_BuyerAvg1' is: '50'

2024-01-22 17:56:39 - [MESSAGE][PASSED] - Text of object 'Object Repository/Stockbit/Bandarmology_BuyerAvg1' is: '50'

2024-01-22 17:56:39 - [TEST_STEP][PASSED] - if (strBuyerAvg1.contains(",")): null

2024-01-22 17:56:39 - [TEST_STEP][PASSED] - if (strBuyerVol1.contains(" B")): null

2024-01-22 17:56:39 - [TEST_STEP][PASSED] - else if (strBuyerVol1.contains(" M")): null

2024-01-22 17:56:39 - [TEST_STEP][PASSED] - else if (strBuyerVol1.contains(" K")): null

2024-01-22 17:56:39 - [TEST_STEP][PASSED] - strBuyerVol1 = strBuyerVol1.replace(" K", ""): null

2024-01-22 17:56:39 - [TEST_STEP][PASSED] - strBuyerVol1 = strBuyerVol1.toDouble() * 1000: null

2024-01-22 17:56:39 - [TEST_STEP][PASSED] - strSeller1 = getText(findTestObject("Stockbit/Bandarmology_Seller1")): Text of object 'Object Repository/Stockbit/Bandarmology_Seller1' is: 'YP'

2024-01-22 17:56:39 - [MESSAGE][PASSED] - Text of object 'Object Repository/Stockbit/Bandarmology_Seller1' is: 'YP'

2024-01-22 17:56:39 - [TEST_STEP][PASSED] - strSellerVol1 = getText(findTestObject("Stockbit/Bandarmology_SellerVol1")): Text of object 'Object Repository/Stockbit/Bandarmology_SellerVol1' is: '37.2 K'

2024-01-22 17:56:39 - [MESSAGE][PASSED] - Text of object 'Object Repository/Stockbit/Bandarmology_SellerVol1' is: '37.2 K'

2024-01-22 17:56:39 - [TEST_STEP][PASSED] - strSellerAvg1 = getText(findTestObject("Stockbit/Bandarmology_SellerAvg1")): Text of object 'Object Repository/Stockbit/Bandarmology_SellerAvg1' is: '50'

2024-01-22 17:56:39 - [MESSAGE][PASSED] - Text of object 'Object Repository/Stockbit/Bandarmology_SellerAvg1' is: '50'

2024-01-22 17:56:39 - [TEST_STEP][PASSED] - if (strSellerAvg1.contains(",")): null

2024-01-22 17:56:39 - [TEST_STEP][PASSED] - if (strSellerVol1.contains(" B")): null

2024-01-22 17:56:39 - [TEST_STEP][PASSED] - else if (strSellerVol1.contains(" M")): null

2024-01-22 17:56:39 - [TEST_STEP][PASSED] - else if (strSellerVol1.contains(" K")): null

2024-01-22 17:56:39 - [TEST_STEP][PASSED] - strSellerVol1 = strSellerVol1.replace(" K", ""): null

2024-01-22 17:56:39 - [TEST_STEP][PASSED] - strSellerVol1 = strSellerVol1.toDouble() * 1000: null

2024-01-22 17:56:39 - [TEST_STEP][PASSED] - if (verifyElementNotPresent(findTestObject("Stockbit/Bandarmology_Buyer2"), 1, OPTIONAL)): Web element with id: 'Object Repository/Stockbit/Bandarmology_Buyer2' located by 'By.xpath: //*[contains(@id, 'rc-tabs-')]/div[2]/div/div/div/div/div/div[2]/table/tbody/tr[3]/td[1]/p' is present after '1' second(s) (Root cause: com.kms.katalon.core.exception.StepFailedException: Web element with id: 'Object Repository/Stockbit/Bandarmology_Buyer2' located by 'By.xpath: //*[contains(@id, 'rc-tabs-')]/div[2]/div/div/div/div/div/div[2]/table/tbody/tr[3]/td[1]/p' is present after '1' second(s)
	at com.kms.katalon.core.webui.keyword.internal.WebUIKeywordMain.stepFailed(WebUIKeywordMain.groovy:64)
	at com.kms.katalon.core.webui.keyword.internal.WebUIKeywordMain$stepFailed$0.call(Unknown Source)
	at com.kms.katalon.core.webui.keyword.builtin.VerifyElementNotPresentKeyword$_verifyElementNotPresent_closure1.doCall(VerifyElementNotPresentKeyword.groovy:106)
	at com.kms.katalon.core.webui.keyword.builtin.VerifyElementNotPresentKeyword$_verifyElementNotPresent_closure1.doCall(VerifyElementNotPresentKeyword.groovy)
	at com.kms.katalon.core.webui.keyword.internal.WebUIKeywordMain.runKeyword(WebUIKeywordMain.groovy:20)
	at com.kms.katalon.core.webui.keyword.internal.WebUIKeywordMain$runKeyword.call(Unknown Source)
	at com.kms.katalon.core.webui.keyword.builtin.VerifyElementNotPresentKeyword.verifyElementNotPresent(VerifyElementNotPresentKeyword.groovy:117)
	at com.kms.katalon.core.webui.keyword.builtin.VerifyElementNotPresentKeyword.execute(VerifyElementNotPresentKeyword.groovy:68)
	at com.kms.katalon.core.keyword.internal.KeywordExecutor.executeKeywordForPlatform(KeywordExecutor.groovy:74)
	at com.kms.katalon.core.webui.keyword.WebUiBuiltInKeywords.verifyElementNotPresent(WebUiBuiltInKeywords.groovy:1481)
	at com.kms.katalon.core.webui.keyword.WebUiBuiltInKeywords$verifyElementNotPresent$8.call(Unknown Source)
	at GetBrokSumPriceDaily.run(GetBrokSumPriceDaily:258)
	at com.kms.katalon.core.main.ScriptEngine.run(ScriptEngine.java:194)
	at com.kms.katalon.core.main.ScriptEngine.runScriptAsRawText(ScriptEngine.java:119)
	at com.kms.katalon.core.main.TestCaseExecutor.runScript(TestCaseExecutor.java:445)
	at com.kms.katalon.core.main.TestCaseExecutor.doExecute(TestCaseExecutor.java:436)
	at com.kms.katalon.core.main.TestCaseExecutor.processExecutionPhase(TestCaseExecutor.java:415)
	at com.kms.katalon.core.main.TestCaseExecutor.accessMainPhase(TestCaseExecutor.java:407)
	at com.kms.katalon.core.main.TestCaseExecutor.execute(TestCaseExecutor.java:284)
	at com.kms.katalon.core.common.CommonExecutor.accessTestCaseMainPhase(CommonExecutor.java:65)
	at com.kms.katalon.core.main.TestSuiteExecutor.accessTestSuiteMainPhase(TestSuiteExecutor.java:144)
	at com.kms.katalon.core.main.TestSuiteExecutor.execute(TestSuiteExecutor.java:106)
	at com.kms.katalon.core.main.TestCaseMain.startTestSuite(TestCaseMain.java:185)
	at com.kms.katalon.core.main.TestCaseMain$startTestSuite$0.call(Unknown Source)
	at TempTestSuite1705920083951.run(TempTestSuite1705920083951.groovy:36)
)

2024-01-22 17:56:41 - [MESSAGE][WARNING] - Web element with id: 'Object Repository/Stockbit/Bandarmology_Buyer2' located by 'By.xpath: //*[contains(@id, 'rc-tabs-')]/div[2]/div/div/div/div/div/div[2]/table/tbody/tr[3]/td[1]/p' is present after '1' second(s) (Root cause: com.kms.katalon.core.exception.StepFailedException: Web element with id: 'Object Repository/Stockbit/Bandarmology_Buyer2' located by 'By.xpath: //*[contains(@id, 'rc-tabs-')]/div[2]/div/div/div/div/div/div[2]/table/tbody/tr[3]/td[1]/p' is present after '1' second(s)
	at com.kms.katalon.core.webui.keyword.internal.WebUIKeywordMain.stepFailed(WebUIKeywordMain.groovy:64)
	at com.kms.katalon.core.webui.keyword.internal.WebUIKeywordMain$stepFailed$0.call(Unknown Source)
	at com.kms.katalon.core.webui.keyword.builtin.VerifyElementNotPresentKeyword$_verifyElementNotPresent_closure1.doCall(VerifyElementNotPresentKeyword.groovy:106)
	at com.kms.katalon.core.webui.keyword.builtin.VerifyElementNotPresentKeyword$_verifyElementNotPresent_closure1.doCall(VerifyElementNotPresentKeyword.groovy)
	at com.kms.katalon.core.webui.keyword.internal.WebUIKeywordMain.runKeyword(WebUIKeywordMain.groovy:20)
	at com.kms.katalon.core.webui.keyword.internal.WebUIKeywordMain$runKeyword.call(Unknown Source)
	at com.kms.katalon.core.webui.keyword.builtin.VerifyElementNotPresentKeyword.verifyElementNotPresent(VerifyElementNotPresentKeyword.groovy:117)
	at com.kms.katalon.core.webui.keyword.builtin.VerifyElementNotPresentKeyword.execute(VerifyElementNotPresentKeyword.groovy:68)
	at com.kms.katalon.core.keyword.internal.KeywordExecutor.executeKeywordForPlatform(KeywordExecutor.groovy:74)
	at com.kms.katalon.core.webui.keyword.WebUiBuiltInKeywords.verifyElementNotPresent(WebUiBuiltInKeywords.groovy:1481)
	at com.kms.katalon.core.webui.keyword.WebUiBuiltInKeywords$verifyElementNotPresent$8.call(Unknown Source)
	at GetBrokSumPriceDaily.run(GetBrokSumPriceDaily:258)
	at com.kms.katalon.core.main.ScriptEngine.run(ScriptEngine.java:194)
	at com.kms.katalon.core.main.ScriptEngine.runScriptAsRawText(ScriptEngine.java:119)
	at com.kms.katalon.core.main.TestCaseExecutor.runScript(TestCaseExecutor.java:445)
	at com.kms.katalon.core.main.TestCaseExecutor.doExecute(TestCaseExecutor.java:436)
	at com.kms.katalon.core.main.TestCaseExecutor.processExecutionPhase(TestCaseExecutor.java:415)
	at com.kms.katalon.core.main.TestCaseExecutor.accessMainPhase(TestCaseExecutor.java:407)
	at com.kms.katalon.core.main.TestCaseExecutor.execute(TestCaseExecutor.java:284)
	at com.kms.katalon.core.common.CommonExecutor.accessTestCaseMainPhase(CommonExecutor.java:65)
	at com.kms.katalon.core.main.TestSuiteExecutor.accessTestSuiteMainPhase(TestSuiteExecutor.java:144)
	at com.kms.katalon.core.main.TestSuiteExecutor.execute(TestSuiteExecutor.java:106)
	at com.kms.katalon.core.main.TestCaseMain.startTestSuite(TestCaseMain.java:185)
	at com.kms.katalon.core.main.TestCaseMain$startTestSuite$0.call(Unknown Source)
	at TempTestSuite1705920083951.run(TempTestSuite1705920083951.groovy:36)
)
[[ATTACHMENT|C:\\Users\\Fadli\\git\\KatalonDailyGetData2\\Reports\\20240122_174123\\TS1\\20240122_174123\\1705921000924.png]]

2024-01-22 17:56:41 - [TEST_STEP][PASSED] - else: null

2024-01-22 17:56:41 - [TEST_STEP][PASSED] - strBuyer2 = getText(findTestObject("Stockbit/Bandarmology_Buyer2")): Text of object 'Object Repository/Stockbit/Bandarmology_Buyer2' is: 'PD'

2024-01-22 17:56:41 - [MESSAGE][PASSED] - Text of object 'Object Repository/Stockbit/Bandarmology_Buyer2' is: 'PD'

2024-01-22 17:56:41 - [TEST_STEP][PASSED] - strBuyerVol2 = getText(findTestObject("Stockbit/Bandarmology_BuyerVol2")): Text of object 'Object Repository/Stockbit/Bandarmology_BuyerVol2' is: '12.6 K'

2024-01-22 17:56:41 - [MESSAGE][PASSED] - Text of object 'Object Repository/Stockbit/Bandarmology_BuyerVol2' is: '12.6 K'

2024-01-22 17:56:41 - [TEST_STEP][PASSED] - strBuyerAvg2 = getText(findTestObject("Stockbit/Bandarmology_BuyerAvg2")): Text of object 'Object Repository/Stockbit/Bandarmology_BuyerAvg2' is: '50'

2024-01-22 17:56:41 - [MESSAGE][PASSED] - Text of object 'Object Repository/Stockbit/Bandarmology_BuyerAvg2' is: '50'

2024-01-22 17:56:41 - [TEST_STEP][PASSED] - if (strBuyer2 != ""): null

2024-01-22 17:56:41 - [TEST_STEP][PASSED] - if (strBuyerAvg2.contains(",")): null

2024-01-22 17:56:41 - [TEST_STEP][PASSED] - if (strBuyerVol2.contains(" B")): null

2024-01-22 17:56:41 - [TEST_STEP][PASSED] - else if (strBuyerVol2.contains(" M")): null

2024-01-22 17:56:41 - [TEST_STEP][PASSED] - else if (strBuyerVol2.contains(" K")): null

2024-01-22 17:56:41 - [TEST_STEP][PASSED] - strBuyerVol2 = strBuyerVol2.replace(" K", ""): null

2024-01-22 17:56:41 - [TEST_STEP][PASSED] - strBuyerVol2 = strBuyerVol2.toDouble() * 1000: null

2024-01-22 17:56:41 - [TEST_STEP][PASSED] - if (strBuyerVol2.contains(".")): null

2024-01-22 17:56:41 - [TEST_STEP][PASSED] - strBuyerVal2 = strBuyerVol2.replace(".", ""): null

2024-01-22 17:56:41 - [TEST_STEP][PASSED] - if (verifyElementNotPresent(findTestObject("Stockbit/Bandarmology_Seller2"), 1, OPTIONAL)): Web element with id: 'Object Repository/Stockbit/Bandarmology_Seller2' located by 'By.xpath: //*[contains(@id, 'rc-tabs-')]/div[2]/div/div/div/div/div/div[2]/table/tbody/tr[3]/td[5]/p' is present after '1' second(s) (Root cause: com.kms.katalon.core.exception.StepFailedException: Web element with id: 'Object Repository/Stockbit/Bandarmology_Seller2' located by 'By.xpath: //*[contains(@id, 'rc-tabs-')]/div[2]/div/div/div/div/div/div[2]/table/tbody/tr[3]/td[5]/p' is present after '1' second(s)
	at com.kms.katalon.core.webui.keyword.internal.WebUIKeywordMain.stepFailed(WebUIKeywordMain.groovy:64)
	at com.kms.katalon.core.webui.keyword.internal.WebUIKeywordMain$stepFailed$0.call(Unknown Source)
	at com.kms.katalon.core.webui.keyword.builtin.VerifyElementNotPresentKeyword$_verifyElementNotPresent_closure1.doCall(VerifyElementNotPresentKeyword.groovy:106)
	at com.kms.katalon.core.webui.keyword.builtin.VerifyElementNotPresentKeyword$_verifyElementNotPresent_closure1.doCall(VerifyElementNotPresentKeyword.groovy)
	at com.kms.katalon.core.webui.keyword.internal.WebUIKeywordMain.runKeyword(WebUIKeywordMain.groovy:20)
	at com.kms.katalon.core.webui.keyword.internal.WebUIKeywordMain$runKeyword.call(Unknown Source)
	at com.kms.katalon.core.webui.keyword.builtin.VerifyElementNotPresentKeyword.verifyElementNotPresent(VerifyElementNotPresentKeyword.groovy:117)
	at com.kms.katalon.core.webui.keyword.builtin.VerifyElementNotPresentKeyword.execute(VerifyElementNotPresentKeyword.groovy:68)
	at com.kms.katalon.core.keyword.internal.KeywordExecutor.executeKeywordForPlatform(KeywordExecutor.groovy:74)
	at com.kms.katalon.core.webui.keyword.WebUiBuiltInKeywords.verifyElementNotPresent(WebUiBuiltInKeywords.groovy:1481)
	at com.kms.katalon.core.webui.keyword.WebUiBuiltInKeywords$verifyElementNotPresent$8.call(Unknown Source)
	at GetBrokSumPriceDaily.run(GetBrokSumPriceDaily:309)
	at com.kms.katalon.core.main.ScriptEngine.run(ScriptEngine.java:194)
	at com.kms.katalon.core.main.ScriptEngine.runScriptAsRawText(ScriptEngine.java:119)
	at com.kms.katalon.core.main.TestCaseExecutor.runScript(TestCaseExecutor.java:445)
	at com.kms.katalon.core.main.TestCaseExecutor.doExecute(TestCaseExecutor.java:436)
	at com.kms.katalon.core.main.TestCaseExecutor.processExecutionPhase(TestCaseExecutor.java:415)
	at com.kms.katalon.core.main.TestCaseExecutor.accessMainPhase(TestCaseExecutor.java:407)
	at com.kms.katalon.core.main.TestCaseExecutor.execute(TestCaseExecutor.java:284)
	at com.kms.katalon.core.common.CommonExecutor.accessTestCaseMainPhase(CommonExecutor.java:65)
	at com.kms.katalon.core.main.TestSuiteExecutor.accessTestSuiteMainPhase(TestSuiteExecutor.java:144)
	at com.kms.katalon.core.main.TestSuiteExecutor.execute(TestSuiteExecutor.java:106)
	at com.kms.katalon.core.main.TestCaseMain.startTestSuite(TestCaseMain.java:185)
	at com.kms.katalon.core.main.TestCaseMain$startTestSuite$0.call(Unknown Source)
	at TempTestSuite1705920083951.run(TempTestSuite1705920083951.groovy:36)
)

2024-01-22 17:56:42 - [MESSAGE][WARNING] - Web element with id: 'Object Repository/Stockbit/Bandarmology_Seller2' located by 'By.xpath: //*[contains(@id, 'rc-tabs-')]/div[2]/div/div/div/div/div/div[2]/table/tbody/tr[3]/td[5]/p' is present after '1' second(s) (Root cause: com.kms.katalon.core.exception.StepFailedException: Web element with id: 'Object Repository/Stockbit/Bandarmology_Seller2' located by 'By.xpath: //*[contains(@id, 'rc-tabs-')]/div[2]/div/div/div/div/div/div[2]/table/tbody/tr[3]/td[5]/p' is present after '1' second(s)
	at com.kms.katalon.core.webui.keyword.internal.WebUIKeywordMain.stepFailed(WebUIKeywordMain.groovy:64)
	at com.kms.katalon.core.webui.keyword.internal.WebUIKeywordMain$stepFailed$0.call(Unknown Source)
	at com.kms.katalon.core.webui.keyword.builtin.VerifyElementNotPresentKeyword$_verifyElementNotPresent_closure1.doCall(VerifyElementNotPresentKeyword.groovy:106)
	at com.kms.katalon.core.webui.keyword.builtin.VerifyElementNotPresentKeyword$_verifyElementNotPresent_closure1.doCall(VerifyElementNotPresentKeyword.groovy)
	at com.kms.katalon.core.webui.keyword.internal.WebUIKeywordMain.runKeyword(WebUIKeywordMain.groovy:20)
	at com.kms.katalon.core.webui.keyword.internal.WebUIKeywordMain$runKeyword.call(Unknown Source)
	at com.kms.katalon.core.webui.keyword.builtin.VerifyElementNotPresentKeyword.verifyElementNotPresent(VerifyElementNotPresentKeyword.groovy:117)
	at com.kms.katalon.core.webui.keyword.builtin.VerifyElementNotPresentKeyword.execute(VerifyElementNotPresentKeyword.groovy:68)
	at com.kms.katalon.core.keyword.internal.KeywordExecutor.executeKeywordForPlatform(KeywordExecutor.groovy:74)
	at com.kms.katalon.core.webui.keyword.WebUiBuiltInKeywords.verifyElementNotPresent(WebUiBuiltInKeywords.groovy:1481)
	at com.kms.katalon.core.webui.keyword.WebUiBuiltInKeywords$verifyElementNotPresent$8.call(Unknown Source)
	at GetBrokSumPriceDaily.run(GetBrokSumPriceDaily:309)
	at com.kms.katalon.core.main.ScriptEngine.run(ScriptEngine.java:194)
	at com.kms.katalon.core.main.ScriptEngine.runScriptAsRawText(ScriptEngine.java:119)
	at com.kms.katalon.core.main.TestCaseExecutor.runScript(TestCaseExecutor.java:445)
	at com.kms.katalon.core.main.TestCaseExecutor.doExecute(TestCaseExecutor.java:436)
	at com.kms.katalon.core.main.TestCaseExecutor.processExecutionPhase(TestCaseExecutor.java:415)
	at com.kms.katalon.core.main.TestCaseExecutor.accessMainPhase(TestCaseExecutor.java:407)
	at com.kms.katalon.core.main.TestCaseExecutor.execute(TestCaseExecutor.java:284)
	at com.kms.katalon.core.common.CommonExecutor.accessTestCaseMainPhase(CommonExecutor.java:65)
	at com.kms.katalon.core.main.TestSuiteExecutor.accessTestSuiteMainPhase(TestSuiteExecutor.java:144)
	at com.kms.katalon.core.main.TestSuiteExecutor.execute(TestSuiteExecutor.java:106)
	at com.kms.katalon.core.main.TestCaseMain.startTestSuite(TestCaseMain.java:185)
	at com.kms.katalon.core.main.TestCaseMain$startTestSuite$0.call(Unknown Source)
	at TempTestSuite1705920083951.run(TempTestSuite1705920083951.groovy:36)
)
[[ATTACHMENT|C:\\Users\\Fadli\\git\\KatalonDailyGetData2\\Reports\\20240122_174123\\TS1\\20240122_174123\\1705921002700.png]]

2024-01-22 17:56:42 - [TEST_STEP][PASSED] - else: null

2024-01-22 17:56:42 - [TEST_STEP][PASSED] - strSeller2 = getText(findTestObject("Stockbit/Bandarmology_Seller2")): Text of object 'Object Repository/Stockbit/Bandarmology_Seller2' is: 'MG'

2024-01-22 17:56:42 - [MESSAGE][PASSED] - Text of object 'Object Repository/Stockbit/Bandarmology_Seller2' is: 'MG'

2024-01-22 17:56:42 - [TEST_STEP][PASSED] - strSellerVol2 = getText(findTestObject("Stockbit/Bandarmology_SellerVol2")): Text of object 'Object Repository/Stockbit/Bandarmology_SellerVol2' is: '4.3 K'

2024-01-22 17:56:43 - [MESSAGE][PASSED] - Text of object 'Object Repository/Stockbit/Bandarmology_SellerVol2' is: '4.3 K'

2024-01-22 17:56:43 - [TEST_STEP][PASSED] - strSellerAvg2 = getText(findTestObject("Stockbit/Bandarmology_SellerAvg2")): Text of object 'Object Repository/Stockbit/Bandarmology_SellerAvg2' is: '51'

2024-01-22 17:56:43 - [MESSAGE][PASSED] - Text of object 'Object Repository/Stockbit/Bandarmology_SellerAvg2' is: '51'

2024-01-22 17:56:43 - [TEST_STEP][PASSED] - if (strSeller2 != ""): null

2024-01-22 17:56:43 - [TEST_STEP][PASSED] - if (strSellerAvg2.contains(",")): null

2024-01-22 17:56:43 - [TEST_STEP][PASSED] - if (strSellerVol2.contains(" B")): null

2024-01-22 17:56:43 - [TEST_STEP][PASSED] - else if (strSellerVol2.contains(" M")): null

2024-01-22 17:56:43 - [TEST_STEP][PASSED] - else if (strSellerVol2.contains(" K")): null

2024-01-22 17:56:43 - [TEST_STEP][PASSED] - strSellerVol2 = strSellerVol2.replace(" K", ""): null

2024-01-22 17:56:43 - [TEST_STEP][PASSED] - strSellerVol2 = strSellerVol2.toDouble() * 1000: null

2024-01-22 17:56:43 - [TEST_STEP][PASSED] - if (verifyElementNotPresent(findTestObject("Stockbit/Bandarmology_Buyer3"), 1, OPTIONAL)): Web element with id: 'Object Repository/Stockbit/Bandarmology_Buyer3' located by 'By.xpath: //*[contains(@id, 'rc-tabs-')]/div[2]/div/div/div/div/div/div[2]/table/tbody/tr[4]/td[1]/p' is present after '1' second(s) (Root cause: com.kms.katalon.core.exception.StepFailedException: Web element with id: 'Object Repository/Stockbit/Bandarmology_Buyer3' located by 'By.xpath: //*[contains(@id, 'rc-tabs-')]/div[2]/div/div/div/div/div/div[2]/table/tbody/tr[4]/td[1]/p' is present after '1' second(s)
	at com.kms.katalon.core.webui.keyword.internal.WebUIKeywordMain.stepFailed(WebUIKeywordMain.groovy:64)
	at com.kms.katalon.core.webui.keyword.internal.WebUIKeywordMain$stepFailed$0.call(Unknown Source)
	at com.kms.katalon.core.webui.keyword.builtin.VerifyElementNotPresentKeyword$_verifyElementNotPresent_closure1.doCall(VerifyElementNotPresentKeyword.groovy:106)
	at com.kms.katalon.core.webui.keyword.builtin.VerifyElementNotPresentKeyword$_verifyElementNotPresent_closure1.doCall(VerifyElementNotPresentKeyword.groovy)
	at com.kms.katalon.core.webui.keyword.internal.WebUIKeywordMain.runKeyword(WebUIKeywordMain.groovy:20)
	at com.kms.katalon.core.webui.keyword.internal.WebUIKeywordMain$runKeyword.call(Unknown Source)
	at com.kms.katalon.core.webui.keyword.builtin.VerifyElementNotPresentKeyword.verifyElementNotPresent(VerifyElementNotPresentKeyword.groovy:117)
	at com.kms.katalon.core.webui.keyword.builtin.VerifyElementNotPresentKeyword.execute(VerifyElementNotPresentKeyword.groovy:68)
	at com.kms.katalon.core.keyword.internal.KeywordExecutor.executeKeywordForPlatform(KeywordExecutor.groovy:74)
	at com.kms.katalon.core.webui.keyword.WebUiBuiltInKeywords.verifyElementNotPresent(WebUiBuiltInKeywords.groovy:1481)
	at com.kms.katalon.core.webui.keyword.WebUiBuiltInKeywords$verifyElementNotPresent$8.call(Unknown Source)
	at GetBrokSumPriceDaily.run(GetBrokSumPriceDaily:361)
	at com.kms.katalon.core.main.ScriptEngine.run(ScriptEngine.java:194)
	at com.kms.katalon.core.main.ScriptEngine.runScriptAsRawText(ScriptEngine.java:119)
	at com.kms.katalon.core.main.TestCaseExecutor.runScript(TestCaseExecutor.java:445)
	at com.kms.katalon.core.main.TestCaseExecutor.doExecute(TestCaseExecutor.java:436)
	at com.kms.katalon.core.main.TestCaseExecutor.processExecutionPhase(TestCaseExecutor.java:415)
	at com.kms.katalon.core.main.TestCaseExecutor.accessMainPhase(TestCaseExecutor.java:407)
	at com.kms.katalon.core.main.TestCaseExecutor.execute(TestCaseExecutor.java:284)
	at com.kms.katalon.core.common.CommonExecutor.accessTestCaseMainPhase(CommonExecutor.java:65)
	at com.kms.katalon.core.main.TestSuiteExecutor.accessTestSuiteMainPhase(TestSuiteExecutor.java:144)
	at com.kms.katalon.core.main.TestSuiteExecutor.execute(TestSuiteExecutor.java:106)
	at com.kms.katalon.core.main.TestCaseMain.startTestSuite(TestCaseMain.java:185)
	at com.kms.katalon.core.main.TestCaseMain$startTestSuite$0.call(Unknown Source)
	at TempTestSuite1705920083951.run(TempTestSuite1705920083951.groovy:36)
)

2024-01-22 17:56:44 - [MESSAGE][WARNING] - Web element with id: 'Object Repository/Stockbit/Bandarmology_Buyer3' located by 'By.xpath: //*[contains(@id, 'rc-tabs-')]/div[2]/div/div/div/div/div/div[2]/table/tbody/tr[4]/td[1]/p' is present after '1' second(s) (Root cause: com.kms.katalon.core.exception.StepFailedException: Web element with id: 'Object Repository/Stockbit/Bandarmology_Buyer3' located by 'By.xpath: //*[contains(@id, 'rc-tabs-')]/div[2]/div/div/div/div/div/div[2]/table/tbody/tr[4]/td[1]/p' is present after '1' second(s)
	at com.kms.katalon.core.webui.keyword.internal.WebUIKeywordMain.stepFailed(WebUIKeywordMain.groovy:64)
	at com.kms.katalon.core.webui.keyword.internal.WebUIKeywordMain$stepFailed$0.call(Unknown Source)
	at com.kms.katalon.core.webui.keyword.builtin.VerifyElementNotPresentKeyword$_verifyElementNotPresent_closure1.doCall(VerifyElementNotPresentKeyword.groovy:106)
	at com.kms.katalon.core.webui.keyword.builtin.VerifyElementNotPresentKeyword$_verifyElementNotPresent_closure1.doCall(VerifyElementNotPresentKeyword.groovy)
	at com.kms.katalon.core.webui.keyword.internal.WebUIKeywordMain.runKeyword(WebUIKeywordMain.groovy:20)
	at com.kms.katalon.core.webui.keyword.internal.WebUIKeywordMain$runKeyword.call(Unknown Source)
	at com.kms.katalon.core.webui.keyword.builtin.VerifyElementNotPresentKeyword.verifyElementNotPresent(VerifyElementNotPresentKeyword.groovy:117)
	at com.kms.katalon.core.webui.keyword.builtin.VerifyElementNotPresentKeyword.execute(VerifyElementNotPresentKeyword.groovy:68)
	at com.kms.katalon.core.keyword.internal.KeywordExecutor.executeKeywordForPlatform(KeywordExecutor.groovy:74)
	at com.kms.katalon.core.webui.keyword.WebUiBuiltInKeywords.verifyElementNotPresent(WebUiBuiltInKeywords.groovy:1481)
	at com.kms.katalon.core.webui.keyword.WebUiBuiltInKeywords$verifyElementNotPresent$8.call(Unknown Source)
	at GetBrokSumPriceDaily.run(GetBrokSumPriceDaily:361)
	at com.kms.katalon.core.main.ScriptEngine.run(ScriptEngine.java:194)
	at com.kms.katalon.core.main.ScriptEngine.runScriptAsRawText(ScriptEngine.java:119)
	at com.kms.katalon.core.main.TestCaseExecutor.runScript(TestCaseExecutor.java:445)
	at com.kms.katalon.core.main.TestCaseExecutor.doExecute(TestCaseExecutor.java:436)
	at com.kms.katalon.core.main.TestCaseExecutor.processExecutionPhase(TestCaseExecutor.java:415)
	at com.kms.katalon.core.main.TestCaseExecutor.accessMainPhase(TestCaseExecutor.java:407)
	at com.kms.katalon.core.main.TestCaseExecutor.execute(TestCaseExecutor.java:284)
	at com.kms.katalon.core.common.CommonExecutor.accessTestCaseMainPhase(CommonExecutor.java:65)
	at com.kms.katalon.core.main.TestSuiteExecutor.accessTestSuiteMainPhase(TestSuiteExecutor.java:144)
	at com.kms.katalon.core.main.TestSuiteExecutor.execute(TestSuiteExecutor.java:106)
	at com.kms.katalon.core.main.TestCaseMain.startTestSuite(TestCaseMain.java:185)
	at com.kms.katalon.core.main.TestCaseMain$startTestSuite$0.call(Unknown Source)
	at TempTestSuite1705920083951.run(TempTestSuite1705920083951.groovy:36)
)
[[ATTACHMENT|C:\\Users\\Fadli\\git\\KatalonDailyGetData2\\Reports\\20240122_174123\\TS1\\20240122_174123\\1705921004366.png]]

2024-01-22 17:56:44 - [TEST_STEP][PASSED] - else: null

2024-01-22 17:56:44 - [TEST_STEP][PASSED] - strBuyer3 = getText(findTestObject("Stockbit/Bandarmology_Buyer3")): Text of object 'Object Repository/Stockbit/Bandarmology_Buyer3' is: 'KK'

2024-01-22 17:56:44 - [MESSAGE][PASSED] - Text of object 'Object Repository/Stockbit/Bandarmology_Buyer3' is: 'KK'

2024-01-22 17:56:44 - [TEST_STEP][PASSED] - strBuyerVol3 = getText(findTestObject("Stockbit/Bandarmology_BuyerVol3")): Text of object 'Object Repository/Stockbit/Bandarmology_BuyerVol3' is: '4.2 K'

2024-01-22 17:56:44 - [MESSAGE][PASSED] - Text of object 'Object Repository/Stockbit/Bandarmology_BuyerVol3' is: '4.2 K'

2024-01-22 17:56:44 - [TEST_STEP][PASSED] - strBuyerAvg3 = getText(findTestObject("Stockbit/Bandarmology_BuyerAvg3")): Text of object 'Object Repository/Stockbit/Bandarmology_BuyerAvg3' is: '50'

2024-01-22 17:56:44 - [MESSAGE][PASSED] - Text of object 'Object Repository/Stockbit/Bandarmology_BuyerAvg3' is: '50'

2024-01-22 17:56:44 - [TEST_STEP][PASSED] - if (strBuyer3 != ""): null

2024-01-22 17:56:44 - [TEST_STEP][PASSED] - if (strBuyerAvg3.contains(",")): null

2024-01-22 17:56:44 - [TEST_STEP][PASSED] - if (strBuyerVol3.contains(" B")): null

2024-01-22 17:56:44 - [TEST_STEP][PASSED] - else if (strBuyerVol3.contains(" M")): null

2024-01-22 17:56:44 - [TEST_STEP][PASSED] - else if (strBuyerVol3.contains(" K")): null

2024-01-22 17:56:44 - [TEST_STEP][PASSED] - strBuyerVol3 = strBuyerVol3.replace(" K", ""): null

2024-01-22 17:56:44 - [TEST_STEP][PASSED] - strBuyerVol3 = strBuyerVol3.toDouble() * 1000: null

2024-01-22 17:56:44 - [TEST_STEP][PASSED] - if (verifyElementNotPresent(findTestObject("Stockbit/Bandarmology_Seller3"), 1, OPTIONAL)): Web element with id: 'Object Repository/Stockbit/Bandarmology_Seller3' located by 'By.xpath: //*[contains(@id, 'rc-tabs-')]/div[2]/div/div/div/div/div/div[2]/table/tbody/tr[4]/td[5]/p' is present after '1' second(s) (Root cause: com.kms.katalon.core.exception.StepFailedException: Web element with id: 'Object Repository/Stockbit/Bandarmology_Seller3' located by 'By.xpath: //*[contains(@id, 'rc-tabs-')]/div[2]/div/div/div/div/div/div[2]/table/tbody/tr[4]/td[5]/p' is present after '1' second(s)
	at com.kms.katalon.core.webui.keyword.internal.WebUIKeywordMain.stepFailed(WebUIKeywordMain.groovy:64)
	at com.kms.katalon.core.webui.keyword.internal.WebUIKeywordMain$stepFailed$0.call(Unknown Source)
	at com.kms.katalon.core.webui.keyword.builtin.VerifyElementNotPresentKeyword$_verifyElementNotPresent_closure1.doCall(VerifyElementNotPresentKeyword.groovy:106)
	at com.kms.katalon.core.webui.keyword.builtin.VerifyElementNotPresentKeyword$_verifyElementNotPresent_closure1.doCall(VerifyElementNotPresentKeyword.groovy)
	at com.kms.katalon.core.webui.keyword.internal.WebUIKeywordMain.runKeyword(WebUIKeywordMain.groovy:20)
	at com.kms.katalon.core.webui.keyword.internal.WebUIKeywordMain$runKeyword.call(Unknown Source)
	at com.kms.katalon.core.webui.keyword.builtin.VerifyElementNotPresentKeyword.verifyElementNotPresent(VerifyElementNotPresentKeyword.groovy:117)
	at com.kms.katalon.core.webui.keyword.builtin.VerifyElementNotPresentKeyword.execute(VerifyElementNotPresentKeyword.groovy:68)
	at com.kms.katalon.core.keyword.internal.KeywordExecutor.executeKeywordForPlatform(KeywordExecutor.groovy:74)
	at com.kms.katalon.core.webui.keyword.WebUiBuiltInKeywords.verifyElementNotPresent(WebUiBuiltInKeywords.groovy:1481)
	at com.kms.katalon.core.webui.keyword.WebUiBuiltInKeywords$verifyElementNotPresent$8.call(Unknown Source)
	at GetBrokSumPriceDaily.run(GetBrokSumPriceDaily:414)
	at com.kms.katalon.core.main.ScriptEngine.run(ScriptEngine.java:194)
	at com.kms.katalon.core.main.ScriptEngine.runScriptAsRawText(ScriptEngine.java:119)
	at com.kms.katalon.core.main.TestCaseExecutor.runScript(TestCaseExecutor.java:445)
	at com.kms.katalon.core.main.TestCaseExecutor.doExecute(TestCaseExecutor.java:436)
	at com.kms.katalon.core.main.TestCaseExecutor.processExecutionPhase(TestCaseExecutor.java:415)
	at com.kms.katalon.core.main.TestCaseExecutor.accessMainPhase(TestCaseExecutor.java:407)
	at com.kms.katalon.core.main.TestCaseExecutor.execute(TestCaseExecutor.java:284)
	at com.kms.katalon.core.common.CommonExecutor.accessTestCaseMainPhase(CommonExecutor.java:65)
	at com.kms.katalon.core.main.TestSuiteExecutor.accessTestSuiteMainPhase(TestSuiteExecutor.java:144)
	at com.kms.katalon.core.main.TestSuiteExecutor.execute(TestSuiteExecutor.java:106)
	at com.kms.katalon.core.main.TestCaseMain.startTestSuite(TestCaseMain.java:185)
	at com.kms.katalon.core.main.TestCaseMain$startTestSuite$0.call(Unknown Source)
	at TempTestSuite1705920083951.run(TempTestSuite1705920083951.groovy:36)
)

2024-01-22 17:56:46 - [MESSAGE][WARNING] - Web element with id: 'Object Repository/Stockbit/Bandarmology_Seller3' located by 'By.xpath: //*[contains(@id, 'rc-tabs-')]/div[2]/div/div/div/div/div/div[2]/table/tbody/tr[4]/td[5]/p' is present after '1' second(s) (Root cause: com.kms.katalon.core.exception.StepFailedException: Web element with id: 'Object Repository/Stockbit/Bandarmology_Seller3' located by 'By.xpath: //*[contains(@id, 'rc-tabs-')]/div[2]/div/div/div/div/div/div[2]/table/tbody/tr[4]/td[5]/p' is present after '1' second(s)
	at com.kms.katalon.core.webui.keyword.internal.WebUIKeywordMain.stepFailed(WebUIKeywordMain.groovy:64)
	at com.kms.katalon.core.webui.keyword.internal.WebUIKeywordMain$stepFailed$0.call(Unknown Source)
	at com.kms.katalon.core.webui.keyword.builtin.VerifyElementNotPresentKeyword$_verifyElementNotPresent_closure1.doCall(VerifyElementNotPresentKeyword.groovy:106)
	at com.kms.katalon.core.webui.keyword.builtin.VerifyElementNotPresentKeyword$_verifyElementNotPresent_closure1.doCall(VerifyElementNotPresentKeyword.groovy)
	at com.kms.katalon.core.webui.keyword.internal.WebUIKeywordMain.runKeyword(WebUIKeywordMain.groovy:20)
	at com.kms.katalon.core.webui.keyword.internal.WebUIKeywordMain$runKeyword.call(Unknown Source)
	at com.kms.katalon.core.webui.keyword.builtin.VerifyElementNotPresentKeyword.verifyElementNotPresent(VerifyElementNotPresentKeyword.groovy:117)
	at com.kms.katalon.core.webui.keyword.builtin.VerifyElementNotPresentKeyword.execute(VerifyElementNotPresentKeyword.groovy:68)
	at com.kms.katalon.core.keyword.internal.KeywordExecutor.executeKeywordForPlatform(KeywordExecutor.groovy:74)
	at com.kms.katalon.core.webui.keyword.WebUiBuiltInKeywords.verifyElementNotPresent(WebUiBuiltInKeywords.groovy:1481)
	at com.kms.katalon.core.webui.keyword.WebUiBuiltInKeywords$verifyElementNotPresent$8.call(Unknown Source)
	at GetBrokSumPriceDaily.run(GetBrokSumPriceDaily:414)
	at com.kms.katalon.core.main.ScriptEngine.run(ScriptEngine.java:194)
	at com.kms.katalon.core.main.ScriptEngine.runScriptAsRawText(ScriptEngine.java:119)
	at com.kms.katalon.core.main.TestCaseExecutor.runScript(TestCaseExecutor.java:445)
	at com.kms.katalon.core.main.TestCaseExecutor.doExecute(TestCaseExecutor.java:436)
	at com.kms.katalon.core.main.TestCaseExecutor.processExecutionPhase(TestCaseExecutor.java:415)
	at com.kms.katalon.core.main.TestCaseExecutor.accessMainPhase(TestCaseExecutor.java:407)
	at com.kms.katalon.core.main.TestCaseExecutor.execute(TestCaseExecutor.java:284)
	at com.kms.katalon.core.common.CommonExecutor.accessTestCaseMainPhase(CommonExecutor.java:65)
	at com.kms.katalon.core.main.TestSuiteExecutor.accessTestSuiteMainPhase(TestSuiteExecutor.java:144)
	at com.kms.katalon.core.main.TestSuiteExecutor.execute(TestSuiteExecutor.java:106)
	at com.kms.katalon.core.main.TestCaseMain.startTestSuite(TestCaseMain.java:185)
	at com.kms.katalon.core.main.TestCaseMain$startTestSuite$0.call(Unknown Source)
	at TempTestSuite1705920083951.run(TempTestSuite1705920083951.groovy:36)
)
[[ATTACHMENT|C:\\Users\\Fadli\\git\\KatalonDailyGetData2\\Reports\\20240122_174123\\TS1\\20240122_174123\\1705921006093.png]]

2024-01-22 17:56:46 - [TEST_STEP][PASSED] - else: null

2024-01-22 17:56:46 - [TEST_STEP][PASSED] - strSeller3 = getText(findTestObject("Stockbit/Bandarmology_Seller3")): Text of object 'Object Repository/Stockbit/Bandarmology_Seller3' is: 'TP'

2024-01-22 17:56:46 - [MESSAGE][PASSED] - Text of object 'Object Repository/Stockbit/Bandarmology_Seller3' is: 'TP'

2024-01-22 17:56:46 - [TEST_STEP][PASSED] - strSellerVol3 = getText(findTestObject("Stockbit/Bandarmology_SellerVol3")): Text of object 'Object Repository/Stockbit/Bandarmology_SellerVol3' is: '4.3 K'

2024-01-22 17:56:46 - [MESSAGE][PASSED] - Text of object 'Object Repository/Stockbit/Bandarmology_SellerVol3' is: '4.3 K'

2024-01-22 17:56:46 - [TEST_STEP][PASSED] - strSellerAvg3 = getText(findTestObject("Stockbit/Bandarmology_SellerAvg3")): Text of object 'Object Repository/Stockbit/Bandarmology_SellerAvg3' is: '50'

2024-01-22 17:56:46 - [MESSAGE][PASSED] - Text of object 'Object Repository/Stockbit/Bandarmology_SellerAvg3' is: '50'

2024-01-22 17:56:46 - [TEST_STEP][PASSED] - if (strSeller3 != ""): null

2024-01-22 17:56:46 - [TEST_STEP][PASSED] - if (strSellerAvg3.contains(",")): null

2024-01-22 17:56:46 - [TEST_STEP][PASSED] - if (strSellerVol3.contains(" B")): null

2024-01-22 17:56:46 - [TEST_STEP][PASSED] - else if (strSellerVol3.contains(" M")): null

2024-01-22 17:56:46 - [TEST_STEP][PASSED] - else if (strSellerVol3.contains(" K")): null

2024-01-22 17:56:46 - [TEST_STEP][PASSED] - strSellerVol3 = strSellerVol3.replace(" K", ""): null

2024-01-22 17:56:46 - [TEST_STEP][PASSED] - strSellerVol3 = strSellerVol3.toDouble() * 1000: null

2024-01-22 17:56:46 - [TEST_STEP][PASSED] - strAccDist = getText(findTestObject("Stockbit/Bandarmology_AccDist")): Text of object 'Object Repository/Stockbit/Bandarmology_AccDist' is: 'Dist'

2024-01-22 17:56:46 - [MESSAGE][PASSED] - Text of object 'Object Repository/Stockbit/Bandarmology_AccDist' is: 'Dist'

2024-01-22 17:56:46 - [TEST_STEP][PASSED] - strNetVol = getText(findTestObject("Stockbit/Bandarmology_NetVol")): Text of object 'Object Repository/Stockbit/Bandarmology_NetVol' is: '52,612'

2024-01-22 17:56:46 - [MESSAGE][PASSED] - Text of object 'Object Repository/Stockbit/Bandarmology_NetVol' is: '52,612'

2024-01-22 17:56:46 - [TEST_STEP][PASSED] - strNetVol = strNetVol.replace(",", ""): null

2024-01-22 17:56:46 - [TEST_STEP][PASSED] - strNetVal = getText(findTestObject("Stockbit/Bandarmology_NetVal")): Text of object 'Object Repository/Stockbit/Bandarmology_NetVal' is: '0.3 B'

2024-01-22 17:56:47 - [MESSAGE][PASSED] - Text of object 'Object Repository/Stockbit/Bandarmology_NetVal' is: '0.3 B'

2024-01-22 17:56:47 - [TEST_STEP][PASSED] - delay(3): Delayed 3 second(s)

2024-01-22 17:56:50 - [MESSAGE][PASSED] - Delayed 3 second(s)

2024-01-22 17:56:50 - [TEST_STEP][PASSED] - strOpenPrice = getText(findTestObject("Stockbit/Home_OpenPrice")): Text of object 'Object Repository/Stockbit/Home_OpenPrice' is: '50'

2024-01-22 17:56:50 - [MESSAGE][PASSED] - Text of object 'Object Repository/Stockbit/Home_OpenPrice' is: '50'

2024-01-22 17:56:50 - [TEST_STEP][PASSED] - strOpenPrice = strOpenPrice.replace(",", ""): null

2024-01-22 17:56:50 - [TEST_STEP][PASSED] - strLowPrice = getText(findTestObject("Stockbit/Home_LowPrice")): Text of object 'Object Repository/Stockbit/Home_LowPrice' is: '50'

2024-01-22 17:56:50 - [MESSAGE][PASSED] - Text of object 'Object Repository/Stockbit/Home_LowPrice' is: '50'

2024-01-22 17:56:50 - [TEST_STEP][PASSED] - strLowPrice = strLowPrice.replace(",", ""): null

2024-01-22 17:56:50 - [TEST_STEP][PASSED] - strHighPrice = getText(findTestObject("Stockbit/Home_HighPrice")): Text of object 'Object Repository/Stockbit/Home_HighPrice' is: '51'

2024-01-22 17:56:50 - [MESSAGE][PASSED] - Text of object 'Object Repository/Stockbit/Home_HighPrice' is: '51'

2024-01-22 17:56:50 - [TEST_STEP][PASSED] - strHighPrice = strHighPrice.replace(",", ""): null

2024-01-22 17:56:50 - [TEST_STEP][PASSED] - strClosePrice = getText(findTestObject("Stockbit/Home_ClosePrice")): Text of object 'Object Repository/Stockbit/Home_ClosePrice' is: '50'

2024-01-22 17:56:50 - [MESSAGE][PASSED] - Text of object 'Object Repository/Stockbit/Home_ClosePrice' is: '50'

2024-01-22 17:56:50 - [TEST_STEP][PASSED] - strClosePrice = strClosePrice.replace(",", ""): null

2024-01-22 17:56:50 - [TEST_STEP][PASSED] - strVol = getText(findTestObject("Stockbit/Home_Volume")): Text of object 'Object Repository/Stockbit/Home_Volume' is: '75 K'

2024-01-22 17:56:50 - [MESSAGE][PASSED] - Text of object 'Object Repository/Stockbit/Home_Volume' is: '75 K'

2024-01-22 17:56:50 - [TEST_STEP][PASSED] - if (strVol.contains(" K")): null

2024-01-22 17:56:50 - [TEST_STEP][PASSED] - strVol = strVol.replace(" K", "000"): null

2024-01-22 17:56:50 - [TEST_STEP][PASSED] - if (strVol.contains(",")): null

2024-01-22 17:56:50 - [TEST_STEP][PASSED] - strChange = getText(findTestObject("Stockbit/Home_Change")): Text of object 'Object Repository/Stockbit/Home_Change' is: '0.00%'

2024-01-22 17:56:50 - [MESSAGE][PASSED] - Text of object 'Object Repository/Stockbit/Home_Change' is: '0.00%'

2024-01-22 17:56:50 - [TEST_STEP][PASSED] - strChange = strChange.replace("%", ""): null

2024-01-22 17:56:50 - [TEST_STEP][PASSED] - strFreq = getText(findTestObject("Stockbit/Home_Freq")): Text of object 'Object Repository/Stockbit/Home_Freq' is: '153'

2024-01-22 17:56:50 - [MESSAGE][PASSED] - Text of object 'Object Repository/Stockbit/Home_Freq' is: '153'

2024-01-22 17:56:50 - [TEST_STEP][PASSED] - if (strFreq.contains(",")): null

2024-01-22 17:56:50 - [TEST_STEP][PASSED] - if (strFreq == "NA" || strFreq == ""): null

2024-01-22 17:56:50 - [TEST_STEP][PASSED] - else: null

2024-01-22 17:56:50 - [TEST_STEP][PASSED] - dblFreqAnal = strVol.toDouble() / strFreq.toDouble() * strFreq.toDouble() * strFreq.toDouble() * 100000000: null

2024-01-22 17:56:50 - [TEST_STEP][PASSED] - strFreqAnal = String.format("%.4f", dblFreqAnal): null

2024-01-22 17:56:50 - [TEST_STEP][PASSED] - out.println("Double strFreqAnal: " + strFreqAnal): null

2024-01-22 17:56:50 - [TEST_STEP][PASSED] - strTanggal = d.format(DateTimeFormatter.ofPattern("yyyy-MM-dd")): null

2024-01-22 17:56:50 - [TEST_STEP][PASSED] - strTanggal = "#" + strTanggal + "#": null

2024-01-22 17:56:50 - [TEST_STEP][PASSED] - strSQL = "select count(*) as JumBaris from TblBrokSum where Nama = '" + strNama + "' and Tanggal = " + strTanggal + "": null

2024-01-22 17:56:50 - [TEST_STEP][PASSED] - resultSet = statement.executeQuery(strSQL): null

2024-01-22 17:56:50 - [TEST_STEP][PASSED] - resultSet.next(): null

2024-01-22 17:56:50 - [TEST_STEP][PASSED] - intJumBaris = resultSet.getInt("JumBaris"): null

2024-01-22 17:56:50 - [TEST_STEP][PASSED] - if (intJumBaris > 0): null

2024-01-22 17:56:50 - [TEST_STEP][PASSED] - else: null

2024-01-22 17:56:50 - [TEST_STEP][PASSED] - try: null

2024-01-22 17:56:50 - [TEST_STEP][PASSED] - out.println("Insert data"): null

2024-01-22 17:56:50 - [TEST_STEP][PASSED] - strSQL = "insert into TblBrokSum (nama, tanggal, top1, top2, top3, AllBrokAvg, AccDist, AvgRP, " + "Buyer1, BuyerVal1, BuyerAvg1, Seller1, SellerVal1, SellerAvg1, Buyer2, BuyerVal2, BuyerAvg2, " + "Seller2, SellerVal2, SellerAvg2, Buyer3, BuyerVal3, BuyerAvg3, Seller3, SellerVal3, SellerAvg3, NetVol, NetVal, " + "OpenPrice, LowPrice, HighPrice, ClosePrice, Volume, Change, Frekuensi, FrekAnal) " + "values ('" + strNama + "', " + strTanggal + ", '" + strTop1 + "', '" + strTop3 + "', '" + strTop5 + "', " + "'" + strAllBrokAvg + "', '" + strAccDist + "', " + intAvgRP + ", '" + strBuyer1 + "', '" + strBuyerVol1 + "', " + strBuyerAvg1 + ", " + "'" + strSeller1 + "', '" + strSellerVol1 + "', " + strSellerAvg1 + ", '" + strBuyer2 + "', '" + strBuyerVol2 + "', " + strBuyerAvg2 + ", " + "'" + strSeller2 + "', '" + strSellerVol2 + "', " + strSellerAvg2 + ", '" + strBuyer3 + "', '" + strBuyerVol3 + "', " + strBuyerAvg3 + ", " + "'" + strSeller3 + "', '" + strSellerVol3 + "', " + strSellerAvg3 + ", " + strNetVol + ", '" + strNetVal + "', " + "" + strOpenPrice + ", " + strLowPrice + ", " + strHighPrice + ", " + strClosePrice + ", '" + strVol + "', " + strChange + ", " + strFreq + ", " + strFreqAnal + ");": null

2024-01-22 17:56:50 - [TEST_STEP][PASSED] - out.println("strSQL = " + strSQL): null

2024-01-22 17:56:50 - [TEST_STEP][PASSED] - statement.executeUpdate(strSQL): null

2024-01-22 17:56:50 - [TEST_STEP][PASSED] - setValueToCellByIndex(sheet01, rowIndex, 4, "DONE"): null

2024-01-22 17:56:50 - [TEST_STEP][PASSED] - saveWorkbook(excelFilePath, workbook01): null

2024-01-22 17:56:50 - [TEST_STEP][PASSED] - waitForElementClickable(findTestObject("Stockbit/menu_Bandarmology"), 10): Object 'Object Repository/Stockbit/menu_Bandarmology' is clickable

2024-01-22 17:56:51 - [MESSAGE][PASSED] - Object 'Object Repository/Stockbit/menu_Bandarmology' is clickable

2024-01-22 17:56:51 - [TEST_STEP][PASSED] - click(findTestObject("Stockbit/menu_Bandarmology")): Object: 'Object Repository/Stockbit/menu_Bandarmology' is clicked on

2024-01-22 17:56:51 - [MESSAGE][PASSED] - Object: 'Object Repository/Stockbit/menu_Bandarmology' is clicked on

2024-01-22 17:56:51 - [TEST_STEP][PASSED] - strTemp = "NA": null

2024-01-22 17:56:51 - [TEST_STEP][PASSED] - if (getCellValueByIndex(sheet01, rowIndex, 4) != "DONE"): Object: 'Object Repository/Stockbit/menu_Bandarmology' is clicked on

2024-01-22 17:56:51 - [TEST_STEP][PASSED] - strNama = getCellValueByIndex(sheet01, rowIndex, 0): null

2024-01-22 17:56:51 - [TEST_STEP][PASSED] - navigateToUrl("https://stockbit.com/#/symbol/" + strNama): Navigate to 'https://stockbit.com/#/symbol/IPPE' successfully

2024-01-22 17:56:53 - [MESSAGE][PASSED] - Navigate to 'https://stockbit.com/#/symbol/IPPE' successfully

2024-01-22 17:56:53 - [TEST_STEP][PASSED] - waitForElementClickable(findTestObject("Stockbit/menu_Bandarmology"), 10): Object 'Object Repository/Stockbit/menu_Bandarmology' is clickable

2024-01-22 17:56:53 - [MESSAGE][PASSED] - Object 'Object Repository/Stockbit/menu_Bandarmology' is clickable

2024-01-22 17:56:53 - [TEST_STEP][PASSED] - click(findTestObject("Stockbit/menu_Bandarmology")): Object: 'Object Repository/Stockbit/menu_Bandarmology' is clicked on

2024-01-22 17:56:54 - [MESSAGE][PASSED] - Object: 'Object Repository/Stockbit/menu_Bandarmology' is clicked on

2024-01-22 17:56:54 - [TEST_STEP][PASSED] - strTanggal = d.format(DateTimeFormatter.ofPattern("MMM dd, yyyy")): null

2024-01-22 17:56:54 - [TEST_STEP][PASSED] - strTanggal = d.format(ISO_DATE): null

2024-01-22 17:56:54 - [TEST_STEP][PASSED] - out.println("strTanggal = " + strTanggal): null

2024-01-22 17:56:54 - [TEST_STEP][PASSED] - out.println("strNama = " + strNama): null

2024-01-22 17:56:54 - [TEST_STEP][PASSED] - out.println("Baris ke = " + rowIndex): null

2024-01-22 17:56:54 - [TEST_STEP][PASSED] - click(findTestObject("Stockbit/input__BandarmologyOpenStartDate")): Object: 'Object Repository/Stockbit/input__BandarmologyOpenStartDate' is clicked on

2024-01-22 17:56:55 - [MESSAGE][PASSED] - Object: 'Object Repository/Stockbit/input__BandarmologyOpenStartDate' is clicked on

2024-01-22 17:56:55 - [TEST_STEP][PASSED] - sendKeys(findTestObject("Stockbit/input__BandarmologyOpenStartDate"), Keys.chord(CONTROL, "a")): Keys 'CONTROL + a' sent to object: 'Object Repository/Stockbit/input__BandarmologyOpenStartDate'

2024-01-22 17:56:55 - [MESSAGE][PASSED] - Keys 'CONTROL + a' sent to object: 'Object Repository/Stockbit/input__BandarmologyOpenStartDate'

2024-01-22 17:56:55 - [TEST_STEP][PASSED] - sendKeys(findTestObject("Stockbit/input__BandarmologyOpenStartDate"), Keys.chord(BACK_SPACE)): Keys 'BACK_SPACE + ' sent to object: 'Object Repository/Stockbit/input__BandarmologyOpenStartDate'

2024-01-22 17:56:56 - [MESSAGE][PASSED] - Keys 'BACK_SPACE + ' sent to object: 'Object Repository/Stockbit/input__BandarmologyOpenStartDate'

2024-01-22 17:56:56 - [TEST_STEP][PASSED] - setText(findTestObject("Stockbit/input__BandarmologyOpenStartDate"), strTanggal): Text '2024-01-22' is set on object 'Object Repository/Stockbit/input__BandarmologyOpenStartDate'

2024-01-22 17:56:56 - [MESSAGE][PASSED] - Text '2024-01-22' is set on object 'Object Repository/Stockbit/input__BandarmologyOpenStartDate'

2024-01-22 17:56:56 - [TEST_STEP][PASSED] - sendKeys(findTestObject("Stockbit/input__BandarmologyOpenStartDate"), Keys.chord(ENTER)): Keys 'ENTER + ' sent to object: 'Object Repository/Stockbit/input__BandarmologyOpenStartDate'

2024-01-22 17:56:57 - [MESSAGE][PASSED] - Keys 'ENTER + ' sent to object: 'Object Repository/Stockbit/input__BandarmologyOpenStartDate'

2024-01-22 17:56:57 - [TEST_STEP][PASSED] - click(findTestObject("Stockbit/input__BandarmologyOpenEndDate")): Object: 'Object Repository/Stockbit/input__BandarmologyOpenEndDate' is clicked on

2024-01-22 17:56:57 - [MESSAGE][PASSED] - Object: 'Object Repository/Stockbit/input__BandarmologyOpenEndDate' is clicked on

2024-01-22 17:56:57 - [TEST_STEP][PASSED] - sendKeys(findTestObject("Stockbit/input__BandarmologyOpenEndDate"), Keys.chord(CONTROL, "a")): Keys 'CONTROL + a' sent to object: 'Object Repository/Stockbit/input__BandarmologyOpenEndDate'

2024-01-22 17:56:58 - [MESSAGE][PASSED] - Keys 'CONTROL + a' sent to object: 'Object Repository/Stockbit/input__BandarmologyOpenEndDate'

2024-01-22 17:56:58 - [TEST_STEP][PASSED] - sendKeys(findTestObject("Stockbit/input__BandarmologyOpenEndDate"), Keys.chord(BACK_SPACE)): Keys 'BACK_SPACE + ' sent to object: 'Object Repository/Stockbit/input__BandarmologyOpenEndDate'

2024-01-22 17:56:58 - [MESSAGE][PASSED] - Keys 'BACK_SPACE + ' sent to object: 'Object Repository/Stockbit/input__BandarmologyOpenEndDate'

2024-01-22 17:56:58 - [TEST_STEP][PASSED] - setText(findTestObject("Stockbit/input__BandarmologyOpenEndDate"), strTanggal): Text '2024-01-22' is set on object 'Object Repository/Stockbit/input__BandarmologyOpenEndDate'

2024-01-22 17:56:59 - [MESSAGE][PASSED] - Text '2024-01-22' is set on object 'Object Repository/Stockbit/input__BandarmologyOpenEndDate'

2024-01-22 17:56:59 - [TEST_STEP][PASSED] - sendKeys(findTestObject("Stockbit/input__BandarmologyOpenEndDate"), Keys.chord(ENTER)): Keys 'ENTER + ' sent to object: 'Object Repository/Stockbit/input__BandarmologyOpenEndDate'

2024-01-22 17:56:59 - [MESSAGE][PASSED] - Keys 'ENTER + ' sent to object: 'Object Repository/Stockbit/input__BandarmologyOpenEndDate'

2024-01-22 17:56:59 - [TEST_STEP][PASSED] - delay(2): Delayed 2 second(s)

2024-01-22 17:57:01 - [MESSAGE][PASSED] - Delayed 2 second(s)

2024-01-22 17:57:01 - [TEST_STEP][PASSED] - strTemp = getText(findTestObject("Stockbit/Bandarmology_AvgRP")): Text of object 'Object Repository/Stockbit/Bandarmology_AvgRP' is: '50'

2024-01-22 17:57:01 - [MESSAGE][PASSED] - Text of object 'Object Repository/Stockbit/Bandarmology_AvgRP' is: '50'

2024-01-22 17:57:01 - [TEST_STEP][PASSED] - out.println("Bandarmology_AvgRP = " + strTemp): null

2024-01-22 17:57:01 - [TEST_STEP][PASSED] - if (strTemp != "0"): null

2024-01-22 17:57:01 - [TEST_STEP][PASSED] - strTop1 = getText(findTestObject("Stockbit/Bandarmology_Top1")): Text of object 'Object Repository/Stockbit/Bandarmology_Top1' is: 'Small Dist'

2024-01-22 17:57:01 - [MESSAGE][PASSED] - Text of object 'Object Repository/Stockbit/Bandarmology_Top1' is: 'Small Dist'

2024-01-22 17:57:01 - [TEST_STEP][PASSED] - strTop3 = getText(findTestObject("Stockbit/Bandarmology_Top3")): Text of object 'Object Repository/Stockbit/Bandarmology_Top3' is: 'Neutral'

2024-01-22 17:57:02 - [MESSAGE][PASSED] - Text of object 'Object Repository/Stockbit/Bandarmology_Top3' is: 'Neutral'

2024-01-22 17:57:02 - [TEST_STEP][PASSED] - strTop5 = getText(findTestObject("Stockbit/Bandarmology_Top5")): Text of object 'Object Repository/Stockbit/Bandarmology_Top5' is: 'Neutral'

2024-01-22 17:57:02 - [MESSAGE][PASSED] - Text of object 'Object Repository/Stockbit/Bandarmology_Top5' is: 'Neutral'

2024-01-22 17:57:02 - [TEST_STEP][PASSED] - strAllBrokAvg = getText(findTestObject("Stockbit/Bandarmology_TopAVG")): Text of object 'Object Repository/Stockbit/Bandarmology_TopAVG' is: 'Neutral'

2024-01-22 17:57:02 - [MESSAGE][PASSED] - Text of object 'Object Repository/Stockbit/Bandarmology_TopAVG' is: 'Neutral'

2024-01-22 17:57:02 - [TEST_STEP][PASSED] - strTemp = getText(findTestObject("Stockbit/Bandarmology_AvgRP")): Text of object 'Object Repository/Stockbit/Bandarmology_AvgRP' is: '50'

2024-01-22 17:57:02 - [MESSAGE][PASSED] - Text of object 'Object Repository/Stockbit/Bandarmology_AvgRP' is: '50'

2024-01-22 17:57:02 - [TEST_STEP][PASSED] - if (strTemp.contains(",")): null

2024-01-22 17:57:02 - [TEST_STEP][PASSED] - intAvgRP = strTemp.toInteger(): null

2024-01-22 17:57:02 - [TEST_STEP][PASSED] - strBuyer1 = getText(findTestObject("Stockbit/Bandarmology_Buyer1")): Text of object 'Object Repository/Stockbit/Bandarmology_Buyer1' is: 'CC'

2024-01-22 17:57:02 - [MESSAGE][PASSED] - Text of object 'Object Repository/Stockbit/Bandarmology_Buyer1' is: 'CC'

2024-01-22 17:57:02 - [TEST_STEP][PASSED] - strBuyerVol1 = getText(findTestObject("Stockbit/Bandarmology_BuyerVol1")): Text of object 'Object Repository/Stockbit/Bandarmology_BuyerVol1' is: '2 K'

2024-01-22 17:57:02 - [MESSAGE][PASSED] - Text of object 'Object Repository/Stockbit/Bandarmology_BuyerVol1' is: '2 K'

2024-01-22 17:57:02 - [TEST_STEP][PASSED] - strBuyerAvg1 = getText(findTestObject("Stockbit/Bandarmology_BuyerAvg1")): Text of object 'Object Repository/Stockbit/Bandarmology_BuyerAvg1' is: '50'

2024-01-22 17:57:02 - [MESSAGE][PASSED] - Text of object 'Object Repository/Stockbit/Bandarmology_BuyerAvg1' is: '50'

2024-01-22 17:57:02 - [TEST_STEP][PASSED] - if (strBuyerAvg1.contains(",")): null

2024-01-22 17:57:02 - [TEST_STEP][PASSED] - if (strBuyerVol1.contains(" B")): null

2024-01-22 17:57:02 - [TEST_STEP][PASSED] - else if (strBuyerVol1.contains(" M")): null

2024-01-22 17:57:02 - [TEST_STEP][PASSED] - else if (strBuyerVol1.contains(" K")): null

2024-01-22 17:57:02 - [TEST_STEP][PASSED] - strBuyerVol1 = strBuyerVol1.replace(" K", ""): null

2024-01-22 17:57:02 - [TEST_STEP][PASSED] - strBuyerVol1 = strBuyerVol1.toDouble() * 1000: null

2024-01-22 17:57:02 - [TEST_STEP][PASSED] - strSeller1 = getText(findTestObject("Stockbit/Bandarmology_Seller1")): Text of object 'Object Repository/Stockbit/Bandarmology_Seller1' is: 'XC'

2024-01-22 17:57:02 - [MESSAGE][PASSED] - Text of object 'Object Repository/Stockbit/Bandarmology_Seller1' is: 'XC'

2024-01-22 17:57:02 - [TEST_STEP][PASSED] - strSellerVol1 = getText(findTestObject("Stockbit/Bandarmology_SellerVol1")): Text of object 'Object Repository/Stockbit/Bandarmology_SellerVol1' is: '2.2 K'

2024-01-22 17:57:02 - [MESSAGE][PASSED] - Text of object 'Object Repository/Stockbit/Bandarmology_SellerVol1' is: '2.2 K'

2024-01-22 17:57:02 - [TEST_STEP][PASSED] - strSellerAvg1 = getText(findTestObject("Stockbit/Bandarmology_SellerAvg1")): Text of object 'Object Repository/Stockbit/Bandarmology_SellerAvg1' is: '50'

2024-01-22 17:57:03 - [MESSAGE][PASSED] - Text of object 'Object Repository/Stockbit/Bandarmology_SellerAvg1' is: '50'

2024-01-22 17:57:03 - [TEST_STEP][PASSED] - if (strSellerAvg1.contains(",")): null

2024-01-22 17:57:03 - [TEST_STEP][PASSED] - if (strSellerVol1.contains(" B")): null

2024-01-22 17:57:03 - [TEST_STEP][PASSED] - else if (strSellerVol1.contains(" M")): null

2024-01-22 17:57:03 - [TEST_STEP][PASSED] - else if (strSellerVol1.contains(" K")): null

2024-01-22 17:57:03 - [TEST_STEP][PASSED] - strSellerVol1 = strSellerVol1.replace(" K", ""): null

2024-01-22 17:57:03 - [TEST_STEP][PASSED] - strSellerVol1 = strSellerVol1.toDouble() * 1000: null

2024-01-22 17:57:03 - [TEST_STEP][PASSED] - if (verifyElementNotPresent(findTestObject("Stockbit/Bandarmology_Buyer2"), 1, OPTIONAL)): Web element with id: 'Object Repository/Stockbit/Bandarmology_Buyer2' located by 'By.xpath: //*[contains(@id, 'rc-tabs-')]/div[2]/div/div/div/div/div/div[2]/table/tbody/tr[3]/td[1]/p' is present after '1' second(s) (Root cause: com.kms.katalon.core.exception.StepFailedException: Web element with id: 'Object Repository/Stockbit/Bandarmology_Buyer2' located by 'By.xpath: //*[contains(@id, 'rc-tabs-')]/div[2]/div/div/div/div/div/div[2]/table/tbody/tr[3]/td[1]/p' is present after '1' second(s)
	at com.kms.katalon.core.webui.keyword.internal.WebUIKeywordMain.stepFailed(WebUIKeywordMain.groovy:64)
	at com.kms.katalon.core.webui.keyword.internal.WebUIKeywordMain$stepFailed$0.call(Unknown Source)
	at com.kms.katalon.core.webui.keyword.builtin.VerifyElementNotPresentKeyword$_verifyElementNotPresent_closure1.doCall(VerifyElementNotPresentKeyword.groovy:106)
	at com.kms.katalon.core.webui.keyword.builtin.VerifyElementNotPresentKeyword$_verifyElementNotPresent_closure1.doCall(VerifyElementNotPresentKeyword.groovy)
	at com.kms.katalon.core.webui.keyword.internal.WebUIKeywordMain.runKeyword(WebUIKeywordMain.groovy:20)
	at com.kms.katalon.core.webui.keyword.internal.WebUIKeywordMain$runKeyword.call(Unknown Source)
	at com.kms.katalon.core.webui.keyword.builtin.VerifyElementNotPresentKeyword.verifyElementNotPresent(VerifyElementNotPresentKeyword.groovy:117)
	at com.kms.katalon.core.webui.keyword.builtin.VerifyElementNotPresentKeyword.execute(VerifyElementNotPresentKeyword.groovy:68)
	at com.kms.katalon.core.keyword.internal.KeywordExecutor.executeKeywordForPlatform(KeywordExecutor.groovy:74)
	at com.kms.katalon.core.webui.keyword.WebUiBuiltInKeywords.verifyElementNotPresent(WebUiBuiltInKeywords.groovy:1481)
	at com.kms.katalon.core.webui.keyword.WebUiBuiltInKeywords$verifyElementNotPresent$8.call(Unknown Source)
	at GetBrokSumPriceDaily.run(GetBrokSumPriceDaily:258)
	at com.kms.katalon.core.main.ScriptEngine.run(ScriptEngine.java:194)
	at com.kms.katalon.core.main.ScriptEngine.runScriptAsRawText(ScriptEngine.java:119)
	at com.kms.katalon.core.main.TestCaseExecutor.runScript(TestCaseExecutor.java:445)
	at com.kms.katalon.core.main.TestCaseExecutor.doExecute(TestCaseExecutor.java:436)
	at com.kms.katalon.core.main.TestCaseExecutor.processExecutionPhase(TestCaseExecutor.java:415)
	at com.kms.katalon.core.main.TestCaseExecutor.accessMainPhase(TestCaseExecutor.java:407)
	at com.kms.katalon.core.main.TestCaseExecutor.execute(TestCaseExecutor.java:284)
	at com.kms.katalon.core.common.CommonExecutor.accessTestCaseMainPhase(CommonExecutor.java:65)
	at com.kms.katalon.core.main.TestSuiteExecutor.accessTestSuiteMainPhase(TestSuiteExecutor.java:144)
	at com.kms.katalon.core.main.TestSuiteExecutor.execute(TestSuiteExecutor.java:106)
	at com.kms.katalon.core.main.TestCaseMain.startTestSuite(TestCaseMain.java:185)
	at com.kms.katalon.core.main.TestCaseMain$startTestSuite$0.call(Unknown Source)
	at TempTestSuite1705920083951.run(TempTestSuite1705920083951.groovy:36)
)

2024-01-22 17:57:04 - [MESSAGE][WARNING] - Web element with id: 'Object Repository/Stockbit/Bandarmology_Buyer2' located by 'By.xpath: //*[contains(@id, 'rc-tabs-')]/div[2]/div/div/div/div/div/div[2]/table/tbody/tr[3]/td[1]/p' is present after '1' second(s) (Root cause: com.kms.katalon.core.exception.StepFailedException: Web element with id: 'Object Repository/Stockbit/Bandarmology_Buyer2' located by 'By.xpath: //*[contains(@id, 'rc-tabs-')]/div[2]/div/div/div/div/div/div[2]/table/tbody/tr[3]/td[1]/p' is present after '1' second(s)
	at com.kms.katalon.core.webui.keyword.internal.WebUIKeywordMain.stepFailed(WebUIKeywordMain.groovy:64)
	at com.kms.katalon.core.webui.keyword.internal.WebUIKeywordMain$stepFailed$0.call(Unknown Source)
	at com.kms.katalon.core.webui.keyword.builtin.VerifyElementNotPresentKeyword$_verifyElementNotPresent_closure1.doCall(VerifyElementNotPresentKeyword.groovy:106)
	at com.kms.katalon.core.webui.keyword.builtin.VerifyElementNotPresentKeyword$_verifyElementNotPresent_closure1.doCall(VerifyElementNotPresentKeyword.groovy)
	at com.kms.katalon.core.webui.keyword.internal.WebUIKeywordMain.runKeyword(WebUIKeywordMain.groovy:20)
	at com.kms.katalon.core.webui.keyword.internal.WebUIKeywordMain$runKeyword.call(Unknown Source)
	at com.kms.katalon.core.webui.keyword.builtin.VerifyElementNotPresentKeyword.verifyElementNotPresent(VerifyElementNotPresentKeyword.groovy:117)
	at com.kms.katalon.core.webui.keyword.builtin.VerifyElementNotPresentKeyword.execute(VerifyElementNotPresentKeyword.groovy:68)
	at com.kms.katalon.core.keyword.internal.KeywordExecutor.executeKeywordForPlatform(KeywordExecutor.groovy:74)
	at com.kms.katalon.core.webui.keyword.WebUiBuiltInKeywords.verifyElementNotPresent(WebUiBuiltInKeywords.groovy:1481)
	at com.kms.katalon.core.webui.keyword.WebUiBuiltInKeywords$verifyElementNotPresent$8.call(Unknown Source)
	at GetBrokSumPriceDaily.run(GetBrokSumPriceDaily:258)
	at com.kms.katalon.core.main.ScriptEngine.run(ScriptEngine.java:194)
	at com.kms.katalon.core.main.ScriptEngine.runScriptAsRawText(ScriptEngine.java:119)
	at com.kms.katalon.core.main.TestCaseExecutor.runScript(TestCaseExecutor.java:445)
	at com.kms.katalon.core.main.TestCaseExecutor.doExecute(TestCaseExecutor.java:436)
	at com.kms.katalon.core.main.TestCaseExecutor.processExecutionPhase(TestCaseExecutor.java:415)
	at com.kms.katalon.core.main.TestCaseExecutor.accessMainPhase(TestCaseExecutor.java:407)
	at com.kms.katalon.core.main.TestCaseExecutor.execute(TestCaseExecutor.java:284)
	at com.kms.katalon.core.common.CommonExecutor.accessTestCaseMainPhase(CommonExecutor.java:65)
	at com.kms.katalon.core.main.TestSuiteExecutor.accessTestSuiteMainPhase(TestSuiteExecutor.java:144)
	at com.kms.katalon.core.main.TestSuiteExecutor.execute(TestSuiteExecutor.java:106)
	at com.kms.katalon.core.main.TestCaseMain.startTestSuite(TestCaseMain.java:185)
	at com.kms.katalon.core.main.TestCaseMain$startTestSuite$0.call(Unknown Source)
	at TempTestSuite1705920083951.run(TempTestSuite1705920083951.groovy:36)
)
[[ATTACHMENT|C:\\Users\\Fadli\\git\\KatalonDailyGetData2\\Reports\\20240122_174123\\TS1\\20240122_174123\\1705921024249.png]]

2024-01-22 17:57:04 - [TEST_STEP][PASSED] - else: null

2024-01-22 17:57:04 - [TEST_STEP][PASSED] - strBuyer2 = getText(findTestObject("Stockbit/Bandarmology_Buyer2")): Text of object 'Object Repository/Stockbit/Bandarmology_Buyer2' is: 'YP'

2024-01-22 17:57:04 - [MESSAGE][PASSED] - Text of object 'Object Repository/Stockbit/Bandarmology_Buyer2' is: 'YP'

2024-01-22 17:57:04 - [TEST_STEP][PASSED] - strBuyerVol2 = getText(findTestObject("Stockbit/Bandarmology_BuyerVol2")): Text of object 'Object Repository/Stockbit/Bandarmology_BuyerVol2' is: '200'

2024-01-22 17:57:04 - [MESSAGE][PASSED] - Text of object 'Object Repository/Stockbit/Bandarmology_BuyerVol2' is: '200'

2024-01-22 17:57:04 - [TEST_STEP][PASSED] - strBuyerAvg2 = getText(findTestObject("Stockbit/Bandarmology_BuyerAvg2")): Text of object 'Object Repository/Stockbit/Bandarmology_BuyerAvg2' is: '50'

2024-01-22 17:57:04 - [MESSAGE][PASSED] - Text of object 'Object Repository/Stockbit/Bandarmology_BuyerAvg2' is: '50'

2024-01-22 17:57:04 - [TEST_STEP][PASSED] - if (strBuyer2 != ""): null

2024-01-22 17:57:04 - [TEST_STEP][PASSED] - if (strBuyerAvg2.contains(",")): null

2024-01-22 17:57:04 - [TEST_STEP][PASSED] - if (strBuyerVol2.contains(" B")): null

2024-01-22 17:57:04 - [TEST_STEP][PASSED] - if (strBuyerVol2.contains(".")): null

2024-01-22 17:57:04 - [TEST_STEP][PASSED] - if (verifyElementNotPresent(findTestObject("Stockbit/Bandarmology_Seller2"), 1, OPTIONAL)): Web element with id: 'Object Repository/Stockbit/Bandarmology_Seller2' located by 'By.xpath: //*[contains(@id, 'rc-tabs-')]/div[2]/div/div/div/div/div/div[2]/table/tbody/tr[3]/td[5]/p' is present after '1' second(s) (Root cause: com.kms.katalon.core.exception.StepFailedException: Web element with id: 'Object Repository/Stockbit/Bandarmology_Seller2' located by 'By.xpath: //*[contains(@id, 'rc-tabs-')]/div[2]/div/div/div/div/div/div[2]/table/tbody/tr[3]/td[5]/p' is present after '1' second(s)
	at com.kms.katalon.core.webui.keyword.internal.WebUIKeywordMain.stepFailed(WebUIKeywordMain.groovy:64)
	at com.kms.katalon.core.webui.keyword.internal.WebUIKeywordMain$stepFailed$0.call(Unknown Source)
	at com.kms.katalon.core.webui.keyword.builtin.VerifyElementNotPresentKeyword$_verifyElementNotPresent_closure1.doCall(VerifyElementNotPresentKeyword.groovy:106)
	at com.kms.katalon.core.webui.keyword.builtin.VerifyElementNotPresentKeyword$_verifyElementNotPresent_closure1.doCall(VerifyElementNotPresentKeyword.groovy)
	at com.kms.katalon.core.webui.keyword.internal.WebUIKeywordMain.runKeyword(WebUIKeywordMain.groovy:20)
	at com.kms.katalon.core.webui.keyword.internal.WebUIKeywordMain$runKeyword.call(Unknown Source)
	at com.kms.katalon.core.webui.keyword.builtin.VerifyElementNotPresentKeyword.verifyElementNotPresent(VerifyElementNotPresentKeyword.groovy:117)
	at com.kms.katalon.core.webui.keyword.builtin.VerifyElementNotPresentKeyword.execute(VerifyElementNotPresentKeyword.groovy:68)
	at com.kms.katalon.core.keyword.internal.KeywordExecutor.executeKeywordForPlatform(KeywordExecutor.groovy:74)
	at com.kms.katalon.core.webui.keyword.WebUiBuiltInKeywords.verifyElementNotPresent(WebUiBuiltInKeywords.groovy:1481)
	at com.kms.katalon.core.webui.keyword.WebUiBuiltInKeywords$verifyElementNotPresent$8.call(Unknown Source)
	at GetBrokSumPriceDaily.run(GetBrokSumPriceDaily:309)
	at com.kms.katalon.core.main.ScriptEngine.run(ScriptEngine.java:194)
	at com.kms.katalon.core.main.ScriptEngine.runScriptAsRawText(ScriptEngine.java:119)
	at com.kms.katalon.core.main.TestCaseExecutor.runScript(TestCaseExecutor.java:445)
	at com.kms.katalon.core.main.TestCaseExecutor.doExecute(TestCaseExecutor.java:436)
	at com.kms.katalon.core.main.TestCaseExecutor.processExecutionPhase(TestCaseExecutor.java:415)
	at com.kms.katalon.core.main.TestCaseExecutor.accessMainPhase(TestCaseExecutor.java:407)
	at com.kms.katalon.core.main.TestCaseExecutor.execute(TestCaseExecutor.java:284)
	at com.kms.katalon.core.common.CommonExecutor.accessTestCaseMainPhase(CommonExecutor.java:65)
	at com.kms.katalon.core.main.TestSuiteExecutor.accessTestSuiteMainPhase(TestSuiteExecutor.java:144)
	at com.kms.katalon.core.main.TestSuiteExecutor.execute(TestSuiteExecutor.java:106)
	at com.kms.katalon.core.main.TestCaseMain.startTestSuite(TestCaseMain.java:185)
	at com.kms.katalon.core.main.TestCaseMain$startTestSuite$0.call(Unknown Source)
	at TempTestSuite1705920083951.run(TempTestSuite1705920083951.groovy:36)
)

2024-01-22 17:57:06 - [MESSAGE][WARNING] - Web element with id: 'Object Repository/Stockbit/Bandarmology_Seller2' located by 'By.xpath: //*[contains(@id, 'rc-tabs-')]/div[2]/div/div/div/div/div/div[2]/table/tbody/tr[3]/td[5]/p' is present after '1' second(s) (Root cause: com.kms.katalon.core.exception.StepFailedException: Web element with id: 'Object Repository/Stockbit/Bandarmology_Seller2' located by 'By.xpath: //*[contains(@id, 'rc-tabs-')]/div[2]/div/div/div/div/div/div[2]/table/tbody/tr[3]/td[5]/p' is present after '1' second(s)
	at com.kms.katalon.core.webui.keyword.internal.WebUIKeywordMain.stepFailed(WebUIKeywordMain.groovy:64)
	at com.kms.katalon.core.webui.keyword.internal.WebUIKeywordMain$stepFailed$0.call(Unknown Source)
	at com.kms.katalon.core.webui.keyword.builtin.VerifyElementNotPresentKeyword$_verifyElementNotPresent_closure1.doCall(VerifyElementNotPresentKeyword.groovy:106)
	at com.kms.katalon.core.webui.keyword.builtin.VerifyElementNotPresentKeyword$_verifyElementNotPresent_closure1.doCall(VerifyElementNotPresentKeyword.groovy)
	at com.kms.katalon.core.webui.keyword.internal.WebUIKeywordMain.runKeyword(WebUIKeywordMain.groovy:20)
	at com.kms.katalon.core.webui.keyword.internal.WebUIKeywordMain$runKeyword.call(Unknown Source)
	at com.kms.katalon.core.webui.keyword.builtin.VerifyElementNotPresentKeyword.verifyElementNotPresent(VerifyElementNotPresentKeyword.groovy:117)
	at com.kms.katalon.core.webui.keyword.builtin.VerifyElementNotPresentKeyword.execute(VerifyElementNotPresentKeyword.groovy:68)
	at com.kms.katalon.core.keyword.internal.KeywordExecutor.executeKeywordForPlatform(KeywordExecutor.groovy:74)
	at com.kms.katalon.core.webui.keyword.WebUiBuiltInKeywords.verifyElementNotPresent(WebUiBuiltInKeywords.groovy:1481)
	at com.kms.katalon.core.webui.keyword.WebUiBuiltInKeywords$verifyElementNotPresent$8.call(Unknown Source)
	at GetBrokSumPriceDaily.run(GetBrokSumPriceDaily:309)
	at com.kms.katalon.core.main.ScriptEngine.run(ScriptEngine.java:194)
	at com.kms.katalon.core.main.ScriptEngine.runScriptAsRawText(ScriptEngine.java:119)
	at com.kms.katalon.core.main.TestCaseExecutor.runScript(TestCaseExecutor.java:445)
	at com.kms.katalon.core.main.TestCaseExecutor.doExecute(TestCaseExecutor.java:436)
	at com.kms.katalon.core.main.TestCaseExecutor.processExecutionPhase(TestCaseExecutor.java:415)
	at com.kms.katalon.core.main.TestCaseExecutor.accessMainPhase(TestCaseExecutor.java:407)
	at com.kms.katalon.core.main.TestCaseExecutor.execute(TestCaseExecutor.java:284)
	at com.kms.katalon.core.common.CommonExecutor.accessTestCaseMainPhase(CommonExecutor.java:65)
	at com.kms.katalon.core.main.TestSuiteExecutor.accessTestSuiteMainPhase(TestSuiteExecutor.java:144)
	at com.kms.katalon.core.main.TestSuiteExecutor.execute(TestSuiteExecutor.java:106)
	at com.kms.katalon.core.main.TestCaseMain.startTestSuite(TestCaseMain.java:185)
	at com.kms.katalon.core.main.TestCaseMain$startTestSuite$0.call(Unknown Source)
	at TempTestSuite1705920083951.run(TempTestSuite1705920083951.groovy:36)
)
[[ATTACHMENT|C:\\Users\\Fadli\\git\\KatalonDailyGetData2\\Reports\\20240122_174123\\TS1\\20240122_174123\\1705921025965.png]]

2024-01-22 17:57:06 - [TEST_STEP][PASSED] - else: null

2024-01-22 17:57:06 - [TEST_STEP][PASSED] - strSeller2 = getText(findTestObject("Stockbit/Bandarmology_Seller2")): Text of object 'Object Repository/Stockbit/Bandarmology_Seller2' is: 'DR'

2024-01-22 17:57:06 - [MESSAGE][PASSED] - Text of object 'Object Repository/Stockbit/Bandarmology_Seller2' is: 'DR'

2024-01-22 17:57:06 - [TEST_STEP][PASSED] - strSellerVol2 = getText(findTestObject("Stockbit/Bandarmology_SellerVol2")): Text of object 'Object Repository/Stockbit/Bandarmology_SellerVol2' is: '20'

2024-01-22 17:57:06 - [MESSAGE][PASSED] - Text of object 'Object Repository/Stockbit/Bandarmology_SellerVol2' is: '20'

2024-01-22 17:57:06 - [TEST_STEP][PASSED] - strSellerAvg2 = getText(findTestObject("Stockbit/Bandarmology_SellerAvg2")): Text of object 'Object Repository/Stockbit/Bandarmology_SellerAvg2' is: '50'

2024-01-22 17:57:06 - [MESSAGE][PASSED] - Text of object 'Object Repository/Stockbit/Bandarmology_SellerAvg2' is: '50'

2024-01-22 17:57:06 - [TEST_STEP][PASSED] - if (strSeller2 != ""): null

2024-01-22 17:57:06 - [TEST_STEP][PASSED] - if (strSellerAvg2.contains(",")): null

2024-01-22 17:57:06 - [TEST_STEP][PASSED] - if (strSellerVol2.contains(" B")): null

2024-01-22 17:57:06 - [TEST_STEP][PASSED] - if (verifyElementNotPresent(findTestObject("Stockbit/Bandarmology_Buyer3"), 1, OPTIONAL)): Web element with id: 'Object Repository/Stockbit/Bandarmology_Buyer3' located by 'By.xpath: //*[contains(@id, 'rc-tabs-')]/div[2]/div/div/div/div/div/div[2]/table/tbody/tr[4]/td[1]/p' is present after '1' second(s) (Root cause: com.kms.katalon.core.exception.StepFailedException: Web element with id: 'Object Repository/Stockbit/Bandarmology_Buyer3' located by 'By.xpath: //*[contains(@id, 'rc-tabs-')]/div[2]/div/div/div/div/div/div[2]/table/tbody/tr[4]/td[1]/p' is present after '1' second(s)
	at com.kms.katalon.core.webui.keyword.internal.WebUIKeywordMain.stepFailed(WebUIKeywordMain.groovy:64)
	at com.kms.katalon.core.webui.keyword.internal.WebUIKeywordMain$stepFailed$0.call(Unknown Source)
	at com.kms.katalon.core.webui.keyword.builtin.VerifyElementNotPresentKeyword$_verifyElementNotPresent_closure1.doCall(VerifyElementNotPresentKeyword.groovy:106)
	at com.kms.katalon.core.webui.keyword.builtin.VerifyElementNotPresentKeyword$_verifyElementNotPresent_closure1.doCall(VerifyElementNotPresentKeyword.groovy)
	at com.kms.katalon.core.webui.keyword.internal.WebUIKeywordMain.runKeyword(WebUIKeywordMain.groovy:20)
	at com.kms.katalon.core.webui.keyword.internal.WebUIKeywordMain$runKeyword.call(Unknown Source)
	at com.kms.katalon.core.webui.keyword.builtin.VerifyElementNotPresentKeyword.verifyElementNotPresent(VerifyElementNotPresentKeyword.groovy:117)
	at com.kms.katalon.core.webui.keyword.builtin.VerifyElementNotPresentKeyword.execute(VerifyElementNotPresentKeyword.groovy:68)
	at com.kms.katalon.core.keyword.internal.KeywordExecutor.executeKeywordForPlatform(KeywordExecutor.groovy:74)
	at com.kms.katalon.core.webui.keyword.WebUiBuiltInKeywords.verifyElementNotPresent(WebUiBuiltInKeywords.groovy:1481)
	at com.kms.katalon.core.webui.keyword.WebUiBuiltInKeywords$verifyElementNotPresent$8.call(Unknown Source)
	at GetBrokSumPriceDaily.run(GetBrokSumPriceDaily:361)
	at com.kms.katalon.core.main.ScriptEngine.run(ScriptEngine.java:194)
	at com.kms.katalon.core.main.ScriptEngine.runScriptAsRawText(ScriptEngine.java:119)
	at com.kms.katalon.core.main.TestCaseExecutor.runScript(TestCaseExecutor.java:445)
	at com.kms.katalon.core.main.TestCaseExecutor.doExecute(TestCaseExecutor.java:436)
	at com.kms.katalon.core.main.TestCaseExecutor.processExecutionPhase(TestCaseExecutor.java:415)
	at com.kms.katalon.core.main.TestCaseExecutor.accessMainPhase(TestCaseExecutor.java:407)
	at com.kms.katalon.core.main.TestCaseExecutor.execute(TestCaseExecutor.java:284)
	at com.kms.katalon.core.common.CommonExecutor.accessTestCaseMainPhase(CommonExecutor.java:65)
	at com.kms.katalon.core.main.TestSuiteExecutor.accessTestSuiteMainPhase(TestSuiteExecutor.java:144)
	at com.kms.katalon.core.main.TestSuiteExecutor.execute(TestSuiteExecutor.java:106)
	at com.kms.katalon.core.main.TestCaseMain.startTestSuite(TestCaseMain.java:185)
	at com.kms.katalon.core.main.TestCaseMain$startTestSuite$0.call(Unknown Source)
	at TempTestSuite1705920083951.run(TempTestSuite1705920083951.groovy:36)
)

2024-01-22 17:57:07 - [MESSAGE][WARNING] - Web element with id: 'Object Repository/Stockbit/Bandarmology_Buyer3' located by 'By.xpath: //*[contains(@id, 'rc-tabs-')]/div[2]/div/div/div/div/div/div[2]/table/tbody/tr[4]/td[1]/p' is present after '1' second(s) (Root cause: com.kms.katalon.core.exception.StepFailedException: Web element with id: 'Object Repository/Stockbit/Bandarmology_Buyer3' located by 'By.xpath: //*[contains(@id, 'rc-tabs-')]/div[2]/div/div/div/div/div/div[2]/table/tbody/tr[4]/td[1]/p' is present after '1' second(s)
	at com.kms.katalon.core.webui.keyword.internal.WebUIKeywordMain.stepFailed(WebUIKeywordMain.groovy:64)
	at com.kms.katalon.core.webui.keyword.internal.WebUIKeywordMain$stepFailed$0.call(Unknown Source)
	at com.kms.katalon.core.webui.keyword.builtin.VerifyElementNotPresentKeyword$_verifyElementNotPresent_closure1.doCall(VerifyElementNotPresentKeyword.groovy:106)
	at com.kms.katalon.core.webui.keyword.builtin.VerifyElementNotPresentKeyword$_verifyElementNotPresent_closure1.doCall(VerifyElementNotPresentKeyword.groovy)
	at com.kms.katalon.core.webui.keyword.internal.WebUIKeywordMain.runKeyword(WebUIKeywordMain.groovy:20)
	at com.kms.katalon.core.webui.keyword.internal.WebUIKeywordMain$runKeyword.call(Unknown Source)
	at com.kms.katalon.core.webui.keyword.builtin.VerifyElementNotPresentKeyword.verifyElementNotPresent(VerifyElementNotPresentKeyword.groovy:117)
	at com.kms.katalon.core.webui.keyword.builtin.VerifyElementNotPresentKeyword.execute(VerifyElementNotPresentKeyword.groovy:68)
	at com.kms.katalon.core.keyword.internal.KeywordExecutor.executeKeywordForPlatform(KeywordExecutor.groovy:74)
	at com.kms.katalon.core.webui.keyword.WebUiBuiltInKeywords.verifyElementNotPresent(WebUiBuiltInKeywords.groovy:1481)
	at com.kms.katalon.core.webui.keyword.WebUiBuiltInKeywords$verifyElementNotPresent$8.call(Unknown Source)
	at GetBrokSumPriceDaily.run(GetBrokSumPriceDaily:361)
	at com.kms.katalon.core.main.ScriptEngine.run(ScriptEngine.java:194)
	at com.kms.katalon.core.main.ScriptEngine.runScriptAsRawText(ScriptEngine.java:119)
	at com.kms.katalon.core.main.TestCaseExecutor.runScript(TestCaseExecutor.java:445)
	at com.kms.katalon.core.main.TestCaseExecutor.doExecute(TestCaseExecutor.java:436)
	at com.kms.katalon.core.main.TestCaseExecutor.processExecutionPhase(TestCaseExecutor.java:415)
	at com.kms.katalon.core.main.TestCaseExecutor.accessMainPhase(TestCaseExecutor.java:407)
	at com.kms.katalon.core.main.TestCaseExecutor.execute(TestCaseExecutor.java:284)
	at com.kms.katalon.core.common.CommonExecutor.accessTestCaseMainPhase(CommonExecutor.java:65)
	at com.kms.katalon.core.main.TestSuiteExecutor.accessTestSuiteMainPhase(TestSuiteExecutor.java:144)
	at com.kms.katalon.core.main.TestSuiteExecutor.execute(TestSuiteExecutor.java:106)
	at com.kms.katalon.core.main.TestCaseMain.startTestSuite(TestCaseMain.java:185)
	at com.kms.katalon.core.main.TestCaseMain$startTestSuite$0.call(Unknown Source)
	at TempTestSuite1705920083951.run(TempTestSuite1705920083951.groovy:36)
)
[[ATTACHMENT|C:\\Users\\Fadli\\git\\KatalonDailyGetData2\\Reports\\20240122_174123\\TS1\\20240122_174123\\1705921027671.png]]

2024-01-22 17:57:07 - [TEST_STEP][PASSED] - else: null

2024-01-22 17:57:07 - [TEST_STEP][PASSED] - strBuyer3 = getText(findTestObject("Stockbit/Bandarmology_Buyer3")): Text of object 'Object Repository/Stockbit/Bandarmology_Buyer3' is: 'AT'

2024-01-22 17:57:07 - [MESSAGE][PASSED] - Text of object 'Object Repository/Stockbit/Bandarmology_Buyer3' is: 'AT'

2024-01-22 17:57:07 - [TEST_STEP][PASSED] - strBuyerVol3 = getText(findTestObject("Stockbit/Bandarmology_BuyerVol3")): Text of object 'Object Repository/Stockbit/Bandarmology_BuyerVol3' is: '6'

2024-01-22 17:57:08 - [MESSAGE][PASSED] - Text of object 'Object Repository/Stockbit/Bandarmology_BuyerVol3' is: '6'

2024-01-22 17:57:08 - [TEST_STEP][PASSED] - strBuyerAvg3 = getText(findTestObject("Stockbit/Bandarmology_BuyerAvg3")): Text of object 'Object Repository/Stockbit/Bandarmology_BuyerAvg3' is: '50'

2024-01-22 17:57:08 - [MESSAGE][PASSED] - Text of object 'Object Repository/Stockbit/Bandarmology_BuyerAvg3' is: '50'

2024-01-22 17:57:08 - [TEST_STEP][PASSED] - if (strBuyer3 != ""): null

2024-01-22 17:57:08 - [TEST_STEP][PASSED] - if (strBuyerAvg3.contains(",")): null

2024-01-22 17:57:08 - [TEST_STEP][PASSED] - if (strBuyerVol3.contains(" B")): null

2024-01-22 17:57:08 - [TEST_STEP][PASSED] - if (verifyElementNotPresent(findTestObject("Stockbit/Bandarmology_Seller3"), 1, OPTIONAL)): Web element with id: 'Object Repository/Stockbit/Bandarmology_Seller3' located by 'By.xpath: //*[contains(@id, 'rc-tabs-')]/div[2]/div/div/div/div/div/div[2]/table/tbody/tr[4]/td[5]/p' is present after '1' second(s) (Root cause: com.kms.katalon.core.exception.StepFailedException: Web element with id: 'Object Repository/Stockbit/Bandarmology_Seller3' located by 'By.xpath: //*[contains(@id, 'rc-tabs-')]/div[2]/div/div/div/div/div/div[2]/table/tbody/tr[4]/td[5]/p' is present after '1' second(s)
	at com.kms.katalon.core.webui.keyword.internal.WebUIKeywordMain.stepFailed(WebUIKeywordMain.groovy:64)
	at com.kms.katalon.core.webui.keyword.internal.WebUIKeywordMain$stepFailed$0.call(Unknown Source)
	at com.kms.katalon.core.webui.keyword.builtin.VerifyElementNotPresentKeyword$_verifyElementNotPresent_closure1.doCall(VerifyElementNotPresentKeyword.groovy:106)
	at com.kms.katalon.core.webui.keyword.builtin.VerifyElementNotPresentKeyword$_verifyElementNotPresent_closure1.doCall(VerifyElementNotPresentKeyword.groovy)
	at com.kms.katalon.core.webui.keyword.internal.WebUIKeywordMain.runKeyword(WebUIKeywordMain.groovy:20)
	at com.kms.katalon.core.webui.keyword.internal.WebUIKeywordMain$runKeyword.call(Unknown Source)
	at com.kms.katalon.core.webui.keyword.builtin.VerifyElementNotPresentKeyword.verifyElementNotPresent(VerifyElementNotPresentKeyword.groovy:117)
	at com.kms.katalon.core.webui.keyword.builtin.VerifyElementNotPresentKeyword.execute(VerifyElementNotPresentKeyword.groovy:68)
	at com.kms.katalon.core.keyword.internal.KeywordExecutor.executeKeywordForPlatform(KeywordExecutor.groovy:74)
	at com.kms.katalon.core.webui.keyword.WebUiBuiltInKeywords.verifyElementNotPresent(WebUiBuiltInKeywords.groovy:1481)
	at com.kms.katalon.core.webui.keyword.WebUiBuiltInKeywords$verifyElementNotPresent$8.call(Unknown Source)
	at GetBrokSumPriceDaily.run(GetBrokSumPriceDaily:414)
	at com.kms.katalon.core.main.ScriptEngine.run(ScriptEngine.java:194)
	at com.kms.katalon.core.main.ScriptEngine.runScriptAsRawText(ScriptEngine.java:119)
	at com.kms.katalon.core.main.TestCaseExecutor.runScript(TestCaseExecutor.java:445)
	at com.kms.katalon.core.main.TestCaseExecutor.doExecute(TestCaseExecutor.java:436)
	at com.kms.katalon.core.main.TestCaseExecutor.processExecutionPhase(TestCaseExecutor.java:415)
	at com.kms.katalon.core.main.TestCaseExecutor.accessMainPhase(TestCaseExecutor.java:407)
	at com.kms.katalon.core.main.TestCaseExecutor.execute(TestCaseExecutor.java:284)
	at com.kms.katalon.core.common.CommonExecutor.accessTestCaseMainPhase(CommonExecutor.java:65)
	at com.kms.katalon.core.main.TestSuiteExecutor.accessTestSuiteMainPhase(TestSuiteExecutor.java:144)
	at com.kms.katalon.core.main.TestSuiteExecutor.execute(TestSuiteExecutor.java:106)
	at com.kms.katalon.core.main.TestCaseMain.startTestSuite(TestCaseMain.java:185)
	at com.kms.katalon.core.main.TestCaseMain$startTestSuite$0.call(Unknown Source)
	at TempTestSuite1705920083951.run(TempTestSuite1705920083951.groovy:36)
)

2024-01-22 17:57:09 - [MESSAGE][WARNING] - Web element with id: 'Object Repository/Stockbit/Bandarmology_Seller3' located by 'By.xpath: //*[contains(@id, 'rc-tabs-')]/div[2]/div/div/div/div/div/div[2]/table/tbody/tr[4]/td[5]/p' is present after '1' second(s) (Root cause: com.kms.katalon.core.exception.StepFailedException: Web element with id: 'Object Repository/Stockbit/Bandarmology_Seller3' located by 'By.xpath: //*[contains(@id, 'rc-tabs-')]/div[2]/div/div/div/div/div/div[2]/table/tbody/tr[4]/td[5]/p' is present after '1' second(s)
	at com.kms.katalon.core.webui.keyword.internal.WebUIKeywordMain.stepFailed(WebUIKeywordMain.groovy:64)
	at com.kms.katalon.core.webui.keyword.internal.WebUIKeywordMain$stepFailed$0.call(Unknown Source)
	at com.kms.katalon.core.webui.keyword.builtin.VerifyElementNotPresentKeyword$_verifyElementNotPresent_closure1.doCall(VerifyElementNotPresentKeyword.groovy:106)
	at com.kms.katalon.core.webui.keyword.builtin.VerifyElementNotPresentKeyword$_verifyElementNotPresent_closure1.doCall(VerifyElementNotPresentKeyword.groovy)
	at com.kms.katalon.core.webui.keyword.internal.WebUIKeywordMain.runKeyword(WebUIKeywordMain.groovy:20)
	at com.kms.katalon.core.webui.keyword.internal.WebUIKeywordMain$runKeyword.call(Unknown Source)
	at com.kms.katalon.core.webui.keyword.builtin.VerifyElementNotPresentKeyword.verifyElementNotPresent(VerifyElementNotPresentKeyword.groovy:117)
	at com.kms.katalon.core.webui.keyword.builtin.VerifyElementNotPresentKeyword.execute(VerifyElementNotPresentKeyword.groovy:68)
	at com.kms.katalon.core.keyword.internal.KeywordExecutor.executeKeywordForPlatform(KeywordExecutor.groovy:74)
	at com.kms.katalon.core.webui.keyword.WebUiBuiltInKeywords.verifyElementNotPresent(WebUiBuiltInKeywords.groovy:1481)
	at com.kms.katalon.core.webui.keyword.WebUiBuiltInKeywords$verifyElementNotPresent$8.call(Unknown Source)
	at GetBrokSumPriceDaily.run(GetBrokSumPriceDaily:414)
	at com.kms.katalon.core.main.ScriptEngine.run(ScriptEngine.java:194)
	at com.kms.katalon.core.main.ScriptEngine.runScriptAsRawText(ScriptEngine.java:119)
	at com.kms.katalon.core.main.TestCaseExecutor.runScript(TestCaseExecutor.java:445)
	at com.kms.katalon.core.main.TestCaseExecutor.doExecute(TestCaseExecutor.java:436)
	at com.kms.katalon.core.main.TestCaseExecutor.processExecutionPhase(TestCaseExecutor.java:415)
	at com.kms.katalon.core.main.TestCaseExecutor.accessMainPhase(TestCaseExecutor.java:407)
	at com.kms.katalon.core.main.TestCaseExecutor.execute(TestCaseExecutor.java:284)
	at com.kms.katalon.core.common.CommonExecutor.accessTestCaseMainPhase(CommonExecutor.java:65)
	at com.kms.katalon.core.main.TestSuiteExecutor.accessTestSuiteMainPhase(TestSuiteExecutor.java:144)
	at com.kms.katalon.core.main.TestSuiteExecutor.execute(TestSuiteExecutor.java:106)
	at com.kms.katalon.core.main.TestCaseMain.startTestSuite(TestCaseMain.java:185)
	at com.kms.katalon.core.main.TestCaseMain$startTestSuite$0.call(Unknown Source)
	at TempTestSuite1705920083951.run(TempTestSuite1705920083951.groovy:36)
)
[[ATTACHMENT|C:\\Users\\Fadli\\git\\KatalonDailyGetData2\\Reports\\20240122_174123\\TS1\\20240122_174123\\1705921029362.png]]

2024-01-22 17:57:09 - [TEST_STEP][PASSED] - else: null

2024-01-22 17:57:09 - [TEST_STEP][PASSED] - strSeller3 = getText(findTestObject("Stockbit/Bandarmology_Seller3")): Text of object 'Object Repository/Stockbit/Bandarmology_Seller3' is: ''

2024-01-22 17:57:09 - [MESSAGE][PASSED] - Text of object 'Object Repository/Stockbit/Bandarmology_Seller3' is: ''

2024-01-22 17:57:09 - [TEST_STEP][PASSED] - strSellerVol3 = getText(findTestObject("Stockbit/Bandarmology_SellerVol3")): Text of object 'Object Repository/Stockbit/Bandarmology_SellerVol3' is: ''

2024-01-22 17:57:09 - [MESSAGE][PASSED] - Text of object 'Object Repository/Stockbit/Bandarmology_SellerVol3' is: ''

2024-01-22 17:57:09 - [TEST_STEP][PASSED] - strSellerAvg3 = getText(findTestObject("Stockbit/Bandarmology_SellerAvg3")): Text of object 'Object Repository/Stockbit/Bandarmology_SellerAvg3' is: ''

2024-01-22 17:57:09 - [MESSAGE][PASSED] - Text of object 'Object Repository/Stockbit/Bandarmology_SellerAvg3' is: ''

2024-01-22 17:57:09 - [TEST_STEP][PASSED] - if (strSeller3 != ""): null

2024-01-22 17:57:09 - [TEST_STEP][PASSED] - else: null

2024-01-22 17:57:09 - [TEST_STEP][PASSED] - strSeller3 = "-": null

2024-01-22 17:57:09 - [TEST_STEP][PASSED] - strSellerVol3 = "0": null

2024-01-22 17:57:09 - [TEST_STEP][PASSED] - strSellerAvg3 = "0": null

2024-01-22 17:57:09 - [TEST_STEP][PASSED] - strAccDist = getText(findTestObject("Stockbit/Bandarmology_AccDist")): Text of object 'Object Repository/Stockbit/Bandarmology_AccDist' is: 'Dist'

2024-01-22 17:57:09 - [MESSAGE][PASSED] - Text of object 'Object Repository/Stockbit/Bandarmology_AccDist' is: 'Dist'

2024-01-22 17:57:09 - [TEST_STEP][PASSED] - strNetVol = getText(findTestObject("Stockbit/Bandarmology_NetVol")): Text of object 'Object Repository/Stockbit/Bandarmology_NetVol' is: '2,207'

2024-01-22 17:57:10 - [MESSAGE][PASSED] - Text of object 'Object Repository/Stockbit/Bandarmology_NetVol' is: '2,207'

2024-01-22 17:57:10 - [TEST_STEP][PASSED] - strNetVol = strNetVol.replace(",", ""): null

2024-01-22 17:57:10 - [TEST_STEP][PASSED] - strNetVal = getText(findTestObject("Stockbit/Bandarmology_NetVal")): Text of object 'Object Repository/Stockbit/Bandarmology_NetVal' is: '0 B'

2024-01-22 17:57:10 - [MESSAGE][PASSED] - Text of object 'Object Repository/Stockbit/Bandarmology_NetVal' is: '0 B'

2024-01-22 17:57:10 - [TEST_STEP][PASSED] - delay(3): Delayed 3 second(s)

2024-01-22 17:57:13 - [MESSAGE][PASSED] - Delayed 3 second(s)

2024-01-22 17:57:13 - [TEST_STEP][PASSED] - strOpenPrice = getText(findTestObject("Stockbit/Home_OpenPrice")): Text of object 'Object Repository/Stockbit/Home_OpenPrice' is: '50'

2024-01-22 17:57:13 - [MESSAGE][PASSED] - Text of object 'Object Repository/Stockbit/Home_OpenPrice' is: '50'

2024-01-22 17:57:13 - [TEST_STEP][PASSED] - strOpenPrice = strOpenPrice.replace(",", ""): null

2024-01-22 17:57:13 - [TEST_STEP][PASSED] - strLowPrice = getText(findTestObject("Stockbit/Home_LowPrice")): Text of object 'Object Repository/Stockbit/Home_LowPrice' is: '50'

2024-01-22 17:57:13 - [MESSAGE][PASSED] - Text of object 'Object Repository/Stockbit/Home_LowPrice' is: '50'

2024-01-22 17:57:13 - [TEST_STEP][PASSED] - strLowPrice = strLowPrice.replace(",", ""): null

2024-01-22 17:57:13 - [TEST_STEP][PASSED] - strHighPrice = getText(findTestObject("Stockbit/Home_HighPrice")): Text of object 'Object Repository/Stockbit/Home_HighPrice' is: '50'

2024-01-22 17:57:13 - [MESSAGE][PASSED] - Text of object 'Object Repository/Stockbit/Home_HighPrice' is: '50'

2024-01-22 17:57:13 - [TEST_STEP][PASSED] - strHighPrice = strHighPrice.replace(",", ""): null

2024-01-22 17:57:13 - [TEST_STEP][PASSED] - strClosePrice = getText(findTestObject("Stockbit/Home_ClosePrice")): Text of object 'Object Repository/Stockbit/Home_ClosePrice' is: '50'

2024-01-22 17:57:13 - [MESSAGE][PASSED] - Text of object 'Object Repository/Stockbit/Home_ClosePrice' is: '50'

2024-01-22 17:57:13 - [TEST_STEP][PASSED] - strClosePrice = strClosePrice.replace(",", ""): null

2024-01-22 17:57:13 - [TEST_STEP][PASSED] - strVol = getText(findTestObject("Stockbit/Home_Volume")): Text of object 'Object Repository/Stockbit/Home_Volume' is: '2 K'

2024-01-22 17:57:13 - [MESSAGE][PASSED] - Text of object 'Object Repository/Stockbit/Home_Volume' is: '2 K'

2024-01-22 17:57:13 - [TEST_STEP][PASSED] - if (strVol.contains(" K")): null

2024-01-22 17:57:13 - [TEST_STEP][PASSED] - strVol = strVol.replace(" K", "000"): null

2024-01-22 17:57:13 - [TEST_STEP][PASSED] - if (strVol.contains(",")): null

2024-01-22 17:57:13 - [TEST_STEP][PASSED] - strChange = getText(findTestObject("Stockbit/Home_Change")): Text of object 'Object Repository/Stockbit/Home_Change' is: '0.00%'

2024-01-22 17:57:13 - [MESSAGE][PASSED] - Text of object 'Object Repository/Stockbit/Home_Change' is: '0.00%'

2024-01-22 17:57:13 - [TEST_STEP][PASSED] - strChange = strChange.replace("%", ""): null

2024-01-22 17:57:13 - [TEST_STEP][PASSED] - strFreq = getText(findTestObject("Stockbit/Home_Freq")): Text of object 'Object Repository/Stockbit/Home_Freq' is: '8'

2024-01-22 17:57:14 - [MESSAGE][PASSED] - Text of object 'Object Repository/Stockbit/Home_Freq' is: '8'

2024-01-22 17:57:14 - [TEST_STEP][PASSED] - if (strFreq.contains(",")): null

2024-01-22 17:57:14 - [TEST_STEP][PASSED] - if (strFreq == "NA" || strFreq == ""): null

2024-01-22 17:57:14 - [TEST_STEP][PASSED] - else: null

2024-01-22 17:57:14 - [TEST_STEP][PASSED] - dblFreqAnal = strVol.toDouble() / strFreq.toDouble() * strFreq.toDouble() * strFreq.toDouble() * 100000000: null

2024-01-22 17:57:14 - [TEST_STEP][PASSED] - strFreqAnal = String.format("%.4f", dblFreqAnal): null

2024-01-22 17:57:14 - [TEST_STEP][PASSED] - out.println("Double strFreqAnal: " + strFreqAnal): null

2024-01-22 17:57:14 - [TEST_STEP][PASSED] - strTanggal = d.format(DateTimeFormatter.ofPattern("yyyy-MM-dd")): null

2024-01-22 17:57:14 - [TEST_STEP][PASSED] - strTanggal = "#" + strTanggal + "#": null

2024-01-22 17:57:14 - [TEST_STEP][PASSED] - strSQL = "select count(*) as JumBaris from TblBrokSum where Nama = '" + strNama + "' and Tanggal = " + strTanggal + "": null

2024-01-22 17:57:14 - [TEST_STEP][PASSED] - resultSet = statement.executeQuery(strSQL): null

2024-01-22 17:57:14 - [TEST_STEP][PASSED] - resultSet.next(): null

2024-01-22 17:57:14 - [TEST_STEP][PASSED] - intJumBaris = resultSet.getInt("JumBaris"): null

2024-01-22 17:57:14 - [TEST_STEP][PASSED] - if (intJumBaris > 0): null

2024-01-22 17:57:14 - [TEST_STEP][PASSED] - else: null

2024-01-22 17:57:14 - [TEST_STEP][PASSED] - try: null

2024-01-22 17:57:14 - [TEST_STEP][PASSED] - out.println("Insert data"): null

2024-01-22 17:57:14 - [TEST_STEP][PASSED] - strSQL = "insert into TblBrokSum (nama, tanggal, top1, top2, top3, AllBrokAvg, AccDist, AvgRP, " + "Buyer1, BuyerVal1, BuyerAvg1, Seller1, SellerVal1, SellerAvg1, Buyer2, BuyerVal2, BuyerAvg2, " + "Seller2, SellerVal2, SellerAvg2, Buyer3, BuyerVal3, BuyerAvg3, Seller3, SellerVal3, SellerAvg3, NetVol, NetVal, " + "OpenPrice, LowPrice, HighPrice, ClosePrice, Volume, Change, Frekuensi, FrekAnal) " + "values ('" + strNama + "', " + strTanggal + ", '" + strTop1 + "', '" + strTop3 + "', '" + strTop5 + "', " + "'" + strAllBrokAvg + "', '" + strAccDist + "', " + intAvgRP + ", '" + strBuyer1 + "', '" + strBuyerVol1 + "', " + strBuyerAvg1 + ", " + "'" + strSeller1 + "', '" + strSellerVol1 + "', " + strSellerAvg1 + ", '" + strBuyer2 + "', '" + strBuyerVol2 + "', " + strBuyerAvg2 + ", " + "'" + strSeller2 + "', '" + strSellerVol2 + "', " + strSellerAvg2 + ", '" + strBuyer3 + "', '" + strBuyerVol3 + "', " + strBuyerAvg3 + ", " + "'" + strSeller3 + "', '" + strSellerVol3 + "', " + strSellerAvg3 + ", " + strNetVol + ", '" + strNetVal + "', " + "" + strOpenPrice + ", " + strLowPrice + ", " + strHighPrice + ", " + strClosePrice + ", '" + strVol + "', " + strChange + ", " + strFreq + ", " + strFreqAnal + ");": null

2024-01-22 17:57:14 - [TEST_STEP][PASSED] - out.println("strSQL = " + strSQL): null

2024-01-22 17:57:14 - [TEST_STEP][PASSED] - statement.executeUpdate(strSQL): null

2024-01-22 17:57:14 - [TEST_STEP][PASSED] - setValueToCellByIndex(sheet01, rowIndex, 4, "DONE"): null

2024-01-22 17:57:14 - [TEST_STEP][PASSED] - saveWorkbook(excelFilePath, workbook01): null

2024-01-22 17:57:14 - [TEST_STEP][PASSED] - waitForElementClickable(findTestObject("Stockbit/menu_Bandarmology"), 10): Object 'Object Repository/Stockbit/menu_Bandarmology' is clickable

2024-01-22 17:57:14 - [MESSAGE][PASSED] - Object 'Object Repository/Stockbit/menu_Bandarmology' is clickable

2024-01-22 17:57:14 - [TEST_STEP][PASSED] - click(findTestObject("Stockbit/menu_Bandarmology")): Object: 'Object Repository/Stockbit/menu_Bandarmology' is clicked on

2024-01-22 17:57:14 - [MESSAGE][PASSED] - Object: 'Object Repository/Stockbit/menu_Bandarmology' is clicked on

2024-01-22 17:57:14 - [TEST_STEP][PASSED] - strTemp = "NA": null

2024-01-22 17:57:14 - [TEST_STEP][PASSED] - if (getCellValueByIndex(sheet01, rowIndex, 4) != "DONE"): Object: 'Object Repository/Stockbit/menu_Bandarmology' is clicked on

2024-01-22 17:57:14 - [TEST_STEP][PASSED] - strNama = getCellValueByIndex(sheet01, rowIndex, 0): null

2024-01-22 17:57:14 - [TEST_STEP][PASSED] - navigateToUrl("https://stockbit.com/#/symbol/" + strNama): Navigate to 'https://stockbit.com/#/symbol/BBSS' successfully

2024-01-22 17:57:16 - [MESSAGE][PASSED] - Navigate to 'https://stockbit.com/#/symbol/BBSS' successfully

2024-01-22 17:57:16 - [TEST_STEP][PASSED] - waitForElementClickable(findTestObject("Stockbit/menu_Bandarmology"), 10): Object 'Object Repository/Stockbit/menu_Bandarmology' is clickable

2024-01-22 17:57:17 - [MESSAGE][PASSED] - Object 'Object Repository/Stockbit/menu_Bandarmology' is clickable

2024-01-22 17:57:17 - [TEST_STEP][PASSED] - click(findTestObject("Stockbit/menu_Bandarmology")): Object: 'Object Repository/Stockbit/menu_Bandarmology' is clicked on

2024-01-22 17:57:18 - [MESSAGE][PASSED] - Object: 'Object Repository/Stockbit/menu_Bandarmology' is clicked on

2024-01-22 17:57:18 - [TEST_STEP][PASSED] - strTanggal = d.format(DateTimeFormatter.ofPattern("MMM dd, yyyy")): null

2024-01-22 17:57:18 - [TEST_STEP][PASSED] - strTanggal = d.format(ISO_DATE): null

2024-01-22 17:57:18 - [TEST_STEP][PASSED] - out.println("strTanggal = " + strTanggal): null

2024-01-22 17:57:18 - [TEST_STEP][PASSED] - out.println("strNama = " + strNama): null

2024-01-22 17:57:18 - [TEST_STEP][PASSED] - out.println("Baris ke = " + rowIndex): null

2024-01-22 17:57:18 - [TEST_STEP][PASSED] - click(findTestObject("Stockbit/input__BandarmologyOpenStartDate")): Object: 'Object Repository/Stockbit/input__BandarmologyOpenStartDate' is clicked on

2024-01-22 17:57:18 - [MESSAGE][PASSED] - Object: 'Object Repository/Stockbit/input__BandarmologyOpenStartDate' is clicked on

2024-01-22 17:57:18 - [TEST_STEP][PASSED] - sendKeys(findTestObject("Stockbit/input__BandarmologyOpenStartDate"), Keys.chord(CONTROL, "a")): Keys 'CONTROL + a' sent to object: 'Object Repository/Stockbit/input__BandarmologyOpenStartDate'

2024-01-22 17:57:19 - [MESSAGE][PASSED] - Keys 'CONTROL + a' sent to object: 'Object Repository/Stockbit/input__BandarmologyOpenStartDate'

2024-01-22 17:57:19 - [TEST_STEP][PASSED] - sendKeys(findTestObject("Stockbit/input__BandarmologyOpenStartDate"), Keys.chord(BACK_SPACE)): Keys 'BACK_SPACE + ' sent to object: 'Object Repository/Stockbit/input__BandarmologyOpenStartDate'

2024-01-22 17:57:19 - [MESSAGE][PASSED] - Keys 'BACK_SPACE + ' sent to object: 'Object Repository/Stockbit/input__BandarmologyOpenStartDate'

2024-01-22 17:57:19 - [TEST_STEP][PASSED] - setText(findTestObject("Stockbit/input__BandarmologyOpenStartDate"), strTanggal): Text '2024-01-22' is set on object 'Object Repository/Stockbit/input__BandarmologyOpenStartDate'

2024-01-22 17:57:20 - [MESSAGE][PASSED] - Text '2024-01-22' is set on object 'Object Repository/Stockbit/input__BandarmologyOpenStartDate'

2024-01-22 17:57:20 - [TEST_STEP][PASSED] - sendKeys(findTestObject("Stockbit/input__BandarmologyOpenStartDate"), Keys.chord(ENTER)): Keys 'ENTER + ' sent to object: 'Object Repository/Stockbit/input__BandarmologyOpenStartDate'

2024-01-22 17:57:20 - [MESSAGE][PASSED] - Keys 'ENTER + ' sent to object: 'Object Repository/Stockbit/input__BandarmologyOpenStartDate'

2024-01-22 17:57:20 - [TEST_STEP][PASSED] - click(findTestObject("Stockbit/input__BandarmologyOpenEndDate")): Object: 'Object Repository/Stockbit/input__BandarmologyOpenEndDate' is clicked on

2024-01-22 17:57:21 - [MESSAGE][PASSED] - Object: 'Object Repository/Stockbit/input__BandarmologyOpenEndDate' is clicked on

2024-01-22 17:57:21 - [TEST_STEP][PASSED] - sendKeys(findTestObject("Stockbit/input__BandarmologyOpenEndDate"), Keys.chord(CONTROL, "a")): Keys 'CONTROL + a' sent to object: 'Object Repository/Stockbit/input__BandarmologyOpenEndDate'

2024-01-22 17:57:21 - [MESSAGE][PASSED] - Keys 'CONTROL + a' sent to object: 'Object Repository/Stockbit/input__BandarmologyOpenEndDate'

2024-01-22 17:57:21 - [TEST_STEP][PASSED] - sendKeys(findTestObject("Stockbit/input__BandarmologyOpenEndDate"), Keys.chord(BACK_SPACE)): Keys 'BACK_SPACE + ' sent to object: 'Object Repository/Stockbit/input__BandarmologyOpenEndDate'

2024-01-22 17:57:22 - [MESSAGE][PASSED] - Keys 'BACK_SPACE + ' sent to object: 'Object Repository/Stockbit/input__BandarmologyOpenEndDate'

2024-01-22 17:57:22 - [TEST_STEP][PASSED] - setText(findTestObject("Stockbit/input__BandarmologyOpenEndDate"), strTanggal): Text '2024-01-22' is set on object 'Object Repository/Stockbit/input__BandarmologyOpenEndDate'

2024-01-22 17:57:22 - [MESSAGE][PASSED] - Text '2024-01-22' is set on object 'Object Repository/Stockbit/input__BandarmologyOpenEndDate'

2024-01-22 17:57:22 - [TEST_STEP][PASSED] - sendKeys(findTestObject("Stockbit/input__BandarmologyOpenEndDate"), Keys.chord(ENTER)): Keys 'ENTER + ' sent to object: 'Object Repository/Stockbit/input__BandarmologyOpenEndDate'

2024-01-22 17:57:23 - [MESSAGE][PASSED] - Keys 'ENTER + ' sent to object: 'Object Repository/Stockbit/input__BandarmologyOpenEndDate'

2024-01-22 17:57:23 - [TEST_STEP][PASSED] - delay(2): Delayed 2 second(s)

2024-01-22 17:57:25 - [MESSAGE][PASSED] - Delayed 2 second(s)

2024-01-22 17:57:25 - [TEST_STEP][PASSED] - strTemp = getText(findTestObject("Stockbit/Bandarmology_AvgRP")): Text of object 'Object Repository/Stockbit/Bandarmology_AvgRP' is: '77'

2024-01-22 17:57:25 - [MESSAGE][PASSED] - Text of object 'Object Repository/Stockbit/Bandarmology_AvgRP' is: '77'

2024-01-22 17:57:25 - [TEST_STEP][PASSED] - out.println("Bandarmology_AvgRP = " + strTemp): null

2024-01-22 17:57:25 - [TEST_STEP][PASSED] - if (strTemp != "0"): null

2024-01-22 17:57:25 - [TEST_STEP][PASSED] - strTop1 = getText(findTestObject("Stockbit/Bandarmology_Top1")): Text of object 'Object Repository/Stockbit/Bandarmology_Top1' is: 'Neutral'

2024-01-22 17:57:25 - [MESSAGE][PASSED] - Text of object 'Object Repository/Stockbit/Bandarmology_Top1' is: 'Neutral'

2024-01-22 17:57:25 - [TEST_STEP][PASSED] - strTop3 = getText(findTestObject("Stockbit/Bandarmology_Top3")): Text of object 'Object Repository/Stockbit/Bandarmology_Top3' is: 'Small Dist'

2024-01-22 17:57:25 - [MESSAGE][PASSED] - Text of object 'Object Repository/Stockbit/Bandarmology_Top3' is: 'Small Dist'

2024-01-22 17:57:25 - [TEST_STEP][PASSED] - strTop5 = getText(findTestObject("Stockbit/Bandarmology_Top5")): Text of object 'Object Repository/Stockbit/Bandarmology_Top5' is: 'Small Dist'

2024-01-22 17:57:25 - [MESSAGE][PASSED] - Text of object 'Object Repository/Stockbit/Bandarmology_Top5' is: 'Small Dist'

2024-01-22 17:57:25 - [TEST_STEP][PASSED] - strAllBrokAvg = getText(findTestObject("Stockbit/Bandarmology_TopAVG")): Text of object 'Object Repository/Stockbit/Bandarmology_TopAVG' is: 'Small Dist'

2024-01-22 17:57:25 - [MESSAGE][PASSED] - Text of object 'Object Repository/Stockbit/Bandarmology_TopAVG' is: 'Small Dist'

2024-01-22 17:57:25 - [TEST_STEP][PASSED] - strTemp = getText(findTestObject("Stockbit/Bandarmology_AvgRP")): Text of object 'Object Repository/Stockbit/Bandarmology_AvgRP' is: '77'

2024-01-22 17:57:25 - [MESSAGE][PASSED] - Text of object 'Object Repository/Stockbit/Bandarmology_AvgRP' is: '77'

2024-01-22 17:57:25 - [TEST_STEP][PASSED] - if (strTemp.contains(",")): null

2024-01-22 17:57:25 - [TEST_STEP][PASSED] - intAvgRP = strTemp.toInteger(): null

2024-01-22 17:57:25 - [TEST_STEP][PASSED] - strBuyer1 = getText(findTestObject("Stockbit/Bandarmology_Buyer1")): Text of object 'Object Repository/Stockbit/Bandarmology_Buyer1' is: 'KK'

2024-01-22 17:57:25 - [MESSAGE][PASSED] - Text of object 'Object Repository/Stockbit/Bandarmology_Buyer1' is: 'KK'

2024-01-22 17:57:25 - [TEST_STEP][PASSED] - strBuyerVol1 = getText(findTestObject("Stockbit/Bandarmology_BuyerVol1")): Text of object 'Object Repository/Stockbit/Bandarmology_BuyerVol1' is: '3.2 K'

2024-01-22 17:57:26 - [MESSAGE][PASSED] - Text of object 'Object Repository/Stockbit/Bandarmology_BuyerVol1' is: '3.2 K'

2024-01-22 17:57:26 - [TEST_STEP][PASSED] - strBuyerAvg1 = getText(findTestObject("Stockbit/Bandarmology_BuyerAvg1")): Text of object 'Object Repository/Stockbit/Bandarmology_BuyerAvg1' is: '76'

2024-01-22 17:57:26 - [MESSAGE][PASSED] - Text of object 'Object Repository/Stockbit/Bandarmology_BuyerAvg1' is: '76'

2024-01-22 17:57:26 - [TEST_STEP][PASSED] - if (strBuyerAvg1.contains(",")): null

2024-01-22 17:57:26 - [TEST_STEP][PASSED] - if (strBuyerVol1.contains(" B")): null

2024-01-22 17:57:26 - [TEST_STEP][PASSED] - else if (strBuyerVol1.contains(" M")): null

2024-01-22 17:57:26 - [TEST_STEP][PASSED] - else if (strBuyerVol1.contains(" K")): null

2024-01-22 17:57:26 - [TEST_STEP][PASSED] - strBuyerVol1 = strBuyerVol1.replace(" K", ""): null

2024-01-22 17:57:26 - [TEST_STEP][PASSED] - strBuyerVol1 = strBuyerVol1.toDouble() * 1000: null

2024-01-22 17:57:26 - [TEST_STEP][PASSED] - strSeller1 = getText(findTestObject("Stockbit/Bandarmology_Seller1")): Text of object 'Object Repository/Stockbit/Bandarmology_Seller1' is: 'CC'

2024-01-22 17:57:26 - [MESSAGE][PASSED] - Text of object 'Object Repository/Stockbit/Bandarmology_Seller1' is: 'CC'

2024-01-22 17:57:26 - [TEST_STEP][PASSED] - strSellerVol1 = getText(findTestObject("Stockbit/Bandarmology_SellerVol1")): Text of object 'Object Repository/Stockbit/Bandarmology_SellerVol1' is: '3.5 K'

2024-01-22 17:57:26 - [MESSAGE][PASSED] - Text of object 'Object Repository/Stockbit/Bandarmology_SellerVol1' is: '3.5 K'

2024-01-22 17:57:26 - [TEST_STEP][PASSED] - strSellerAvg1 = getText(findTestObject("Stockbit/Bandarmology_SellerAvg1")): Text of object 'Object Repository/Stockbit/Bandarmology_SellerAvg1' is: '77'

2024-01-22 17:57:26 - [MESSAGE][PASSED] - Text of object 'Object Repository/Stockbit/Bandarmology_SellerAvg1' is: '77'

2024-01-22 17:57:26 - [TEST_STEP][PASSED] - if (strSellerAvg1.contains(",")): null

2024-01-22 17:57:26 - [TEST_STEP][PASSED] - if (strSellerVol1.contains(" B")): null

2024-01-22 17:57:26 - [TEST_STEP][PASSED] - else if (strSellerVol1.contains(" M")): null

2024-01-22 17:57:26 - [TEST_STEP][PASSED] - else if (strSellerVol1.contains(" K")): null

2024-01-22 17:57:26 - [TEST_STEP][PASSED] - strSellerVol1 = strSellerVol1.replace(" K", ""): null

2024-01-22 17:57:26 - [TEST_STEP][PASSED] - strSellerVol1 = strSellerVol1.toDouble() * 1000: null

2024-01-22 17:57:26 - [TEST_STEP][PASSED] - if (verifyElementNotPresent(findTestObject("Stockbit/Bandarmology_Buyer2"), 1, OPTIONAL)): Web element with id: 'Object Repository/Stockbit/Bandarmology_Buyer2' located by 'By.xpath: //*[contains(@id, 'rc-tabs-')]/div[2]/div/div/div/div/div/div[2]/table/tbody/tr[3]/td[1]/p' is present after '1' second(s) (Root cause: com.kms.katalon.core.exception.StepFailedException: Web element with id: 'Object Repository/Stockbit/Bandarmology_Buyer2' located by 'By.xpath: //*[contains(@id, 'rc-tabs-')]/div[2]/div/div/div/div/div/div[2]/table/tbody/tr[3]/td[1]/p' is present after '1' second(s)
	at com.kms.katalon.core.webui.keyword.internal.WebUIKeywordMain.stepFailed(WebUIKeywordMain.groovy:64)
	at com.kms.katalon.core.webui.keyword.internal.WebUIKeywordMain$stepFailed$0.call(Unknown Source)
	at com.kms.katalon.core.webui.keyword.builtin.VerifyElementNotPresentKeyword$_verifyElementNotPresent_closure1.doCall(VerifyElementNotPresentKeyword.groovy:106)
	at com.kms.katalon.core.webui.keyword.builtin.VerifyElementNotPresentKeyword$_verifyElementNotPresent_closure1.doCall(VerifyElementNotPresentKeyword.groovy)
	at com.kms.katalon.core.webui.keyword.internal.WebUIKeywordMain.runKeyword(WebUIKeywordMain.groovy:20)
	at com.kms.katalon.core.webui.keyword.internal.WebUIKeywordMain$runKeyword.call(Unknown Source)
	at com.kms.katalon.core.webui.keyword.builtin.VerifyElementNotPresentKeyword.verifyElementNotPresent(VerifyElementNotPresentKeyword.groovy:117)
	at com.kms.katalon.core.webui.keyword.builtin.VerifyElementNotPresentKeyword.execute(VerifyElementNotPresentKeyword.groovy:68)
	at com.kms.katalon.core.keyword.internal.KeywordExecutor.executeKeywordForPlatform(KeywordExecutor.groovy:74)
	at com.kms.katalon.core.webui.keyword.WebUiBuiltInKeywords.verifyElementNotPresent(WebUiBuiltInKeywords.groovy:1481)
	at com.kms.katalon.core.webui.keyword.WebUiBuiltInKeywords$verifyElementNotPresent$8.call(Unknown Source)
	at GetBrokSumPriceDaily.run(GetBrokSumPriceDaily:258)
	at com.kms.katalon.core.main.ScriptEngine.run(ScriptEngine.java:194)
	at com.kms.katalon.core.main.ScriptEngine.runScriptAsRawText(ScriptEngine.java:119)
	at com.kms.katalon.core.main.TestCaseExecutor.runScript(TestCaseExecutor.java:445)
	at com.kms.katalon.core.main.TestCaseExecutor.doExecute(TestCaseExecutor.java:436)
	at com.kms.katalon.core.main.TestCaseExecutor.processExecutionPhase(TestCaseExecutor.java:415)
	at com.kms.katalon.core.main.TestCaseExecutor.accessMainPhase(TestCaseExecutor.java:407)
	at com.kms.katalon.core.main.TestCaseExecutor.execute(TestCaseExecutor.java:284)
	at com.kms.katalon.core.common.CommonExecutor.accessTestCaseMainPhase(CommonExecutor.java:65)
	at com.kms.katalon.core.main.TestSuiteExecutor.accessTestSuiteMainPhase(TestSuiteExecutor.java:144)
	at com.kms.katalon.core.main.TestSuiteExecutor.execute(TestSuiteExecutor.java:106)
	at com.kms.katalon.core.main.TestCaseMain.startTestSuite(TestCaseMain.java:185)
	at com.kms.katalon.core.main.TestCaseMain$startTestSuite$0.call(Unknown Source)
	at TempTestSuite1705920083951.run(TempTestSuite1705920083951.groovy:36)
)

2024-01-22 17:57:27 - [MESSAGE][WARNING] - Web element with id: 'Object Repository/Stockbit/Bandarmology_Buyer2' located by 'By.xpath: //*[contains(@id, 'rc-tabs-')]/div[2]/div/div/div/div/div/div[2]/table/tbody/tr[3]/td[1]/p' is present after '1' second(s) (Root cause: com.kms.katalon.core.exception.StepFailedException: Web element with id: 'Object Repository/Stockbit/Bandarmology_Buyer2' located by 'By.xpath: //*[contains(@id, 'rc-tabs-')]/div[2]/div/div/div/div/div/div[2]/table/tbody/tr[3]/td[1]/p' is present after '1' second(s)
	at com.kms.katalon.core.webui.keyword.internal.WebUIKeywordMain.stepFailed(WebUIKeywordMain.groovy:64)
	at com.kms.katalon.core.webui.keyword.internal.WebUIKeywordMain$stepFailed$0.call(Unknown Source)
	at com.kms.katalon.core.webui.keyword.builtin.VerifyElementNotPresentKeyword$_verifyElementNotPresent_closure1.doCall(VerifyElementNotPresentKeyword.groovy:106)
	at com.kms.katalon.core.webui.keyword.builtin.VerifyElementNotPresentKeyword$_verifyElementNotPresent_closure1.doCall(VerifyElementNotPresentKeyword.groovy)
	at com.kms.katalon.core.webui.keyword.internal.WebUIKeywordMain.runKeyword(WebUIKeywordMain.groovy:20)
	at com.kms.katalon.core.webui.keyword.internal.WebUIKeywordMain$runKeyword.call(Unknown Source)
	at com.kms.katalon.core.webui.keyword.builtin.VerifyElementNotPresentKeyword.verifyElementNotPresent(VerifyElementNotPresentKeyword.groovy:117)
	at com.kms.katalon.core.webui.keyword.builtin.VerifyElementNotPresentKeyword.execute(VerifyElementNotPresentKeyword.groovy:68)
	at com.kms.katalon.core.keyword.internal.KeywordExecutor.executeKeywordForPlatform(KeywordExecutor.groovy:74)
	at com.kms.katalon.core.webui.keyword.WebUiBuiltInKeywords.verifyElementNotPresent(WebUiBuiltInKeywords.groovy:1481)
	at com.kms.katalon.core.webui.keyword.WebUiBuiltInKeywords$verifyElementNotPresent$8.call(Unknown Source)
	at GetBrokSumPriceDaily.run(GetBrokSumPriceDaily:258)
	at com.kms.katalon.core.main.ScriptEngine.run(ScriptEngine.java:194)
	at com.kms.katalon.core.main.ScriptEngine.runScriptAsRawText(ScriptEngine.java:119)
	at com.kms.katalon.core.main.TestCaseExecutor.runScript(TestCaseExecutor.java:445)
	at com.kms.katalon.core.main.TestCaseExecutor.doExecute(TestCaseExecutor.java:436)
	at com.kms.katalon.core.main.TestCaseExecutor.processExecutionPhase(TestCaseExecutor.java:415)
	at com.kms.katalon.core.main.TestCaseExecutor.accessMainPhase(TestCaseExecutor.java:407)
	at com.kms.katalon.core.main.TestCaseExecutor.execute(TestCaseExecutor.java:284)
	at com.kms.katalon.core.common.CommonExecutor.accessTestCaseMainPhase(CommonExecutor.java:65)
	at com.kms.katalon.core.main.TestSuiteExecutor.accessTestSuiteMainPhase(TestSuiteExecutor.java:144)
	at com.kms.katalon.core.main.TestSuiteExecutor.execute(TestSuiteExecutor.java:106)
	at com.kms.katalon.core.main.TestCaseMain.startTestSuite(TestCaseMain.java:185)
	at com.kms.katalon.core.main.TestCaseMain$startTestSuite$0.call(Unknown Source)
	at TempTestSuite1705920083951.run(TempTestSuite1705920083951.groovy:36)
)
[[ATTACHMENT|C:\\Users\\Fadli\\git\\KatalonDailyGetData2\\Reports\\20240122_174123\\TS1\\20240122_174123\\1705921047748.png]]

2024-01-22 17:57:27 - [TEST_STEP][PASSED] - else: null

2024-01-22 17:57:27 - [TEST_STEP][PASSED] - strBuyer2 = getText(findTestObject("Stockbit/Bandarmology_Buyer2")): Text of object 'Object Repository/Stockbit/Bandarmology_Buyer2' is: 'MG'

2024-01-22 17:57:28 - [MESSAGE][PASSED] - Text of object 'Object Repository/Stockbit/Bandarmology_Buyer2' is: 'MG'

2024-01-22 17:57:28 - [TEST_STEP][PASSED] - strBuyerVol2 = getText(findTestObject("Stockbit/Bandarmology_BuyerVol2")): Text of object 'Object Repository/Stockbit/Bandarmology_BuyerVol2' is: '1.5 K'

2024-01-22 17:57:28 - [MESSAGE][PASSED] - Text of object 'Object Repository/Stockbit/Bandarmology_BuyerVol2' is: '1.5 K'

2024-01-22 17:57:28 - [TEST_STEP][PASSED] - strBuyerAvg2 = getText(findTestObject("Stockbit/Bandarmology_BuyerAvg2")): Text of object 'Object Repository/Stockbit/Bandarmology_BuyerAvg2' is: '77'

2024-01-22 17:57:28 - [MESSAGE][PASSED] - Text of object 'Object Repository/Stockbit/Bandarmology_BuyerAvg2' is: '77'

2024-01-22 17:57:28 - [TEST_STEP][PASSED] - if (strBuyer2 != ""): null

2024-01-22 17:57:28 - [TEST_STEP][PASSED] - if (strBuyerAvg2.contains(",")): null

2024-01-22 17:57:28 - [TEST_STEP][PASSED] - if (strBuyerVol2.contains(" B")): null

2024-01-22 17:57:28 - [TEST_STEP][PASSED] - else if (strBuyerVol2.contains(" M")): null

2024-01-22 17:57:28 - [TEST_STEP][PASSED] - else if (strBuyerVol2.contains(" K")): null

2024-01-22 17:57:28 - [TEST_STEP][PASSED] - strBuyerVol2 = strBuyerVol2.replace(" K", ""): null

2024-01-22 17:57:28 - [TEST_STEP][PASSED] - strBuyerVol2 = strBuyerVol2.toDouble() * 1000: null

2024-01-22 17:57:28 - [TEST_STEP][PASSED] - if (strBuyerVol2.contains(".")): null

2024-01-22 17:57:28 - [TEST_STEP][PASSED] - strBuyerVal2 = strBuyerVol2.replace(".", ""): null

2024-01-22 17:57:28 - [TEST_STEP][PASSED] - if (verifyElementNotPresent(findTestObject("Stockbit/Bandarmology_Seller2"), 1, OPTIONAL)): Web element with id: 'Object Repository/Stockbit/Bandarmology_Seller2' located by 'By.xpath: //*[contains(@id, 'rc-tabs-')]/div[2]/div/div/div/div/div/div[2]/table/tbody/tr[3]/td[5]/p' is present after '1' second(s) (Root cause: com.kms.katalon.core.exception.StepFailedException: Web element with id: 'Object Repository/Stockbit/Bandarmology_Seller2' located by 'By.xpath: //*[contains(@id, 'rc-tabs-')]/div[2]/div/div/div/div/div/div[2]/table/tbody/tr[3]/td[5]/p' is present after '1' second(s)
	at com.kms.katalon.core.webui.keyword.internal.WebUIKeywordMain.stepFailed(WebUIKeywordMain.groovy:64)
	at com.kms.katalon.core.webui.keyword.internal.WebUIKeywordMain$stepFailed$0.call(Unknown Source)
	at com.kms.katalon.core.webui.keyword.builtin.VerifyElementNotPresentKeyword$_verifyElementNotPresent_closure1.doCall(VerifyElementNotPresentKeyword.groovy:106)
	at com.kms.katalon.core.webui.keyword.builtin.VerifyElementNotPresentKeyword$_verifyElementNotPresent_closure1.doCall(VerifyElementNotPresentKeyword.groovy)
	at com.kms.katalon.core.webui.keyword.internal.WebUIKeywordMain.runKeyword(WebUIKeywordMain.groovy:20)
	at com.kms.katalon.core.webui.keyword.internal.WebUIKeywordMain$runKeyword.call(Unknown Source)
	at com.kms.katalon.core.webui.keyword.builtin.VerifyElementNotPresentKeyword.verifyElementNotPresent(VerifyElementNotPresentKeyword.groovy:117)
	at com.kms.katalon.core.webui.keyword.builtin.VerifyElementNotPresentKeyword.execute(VerifyElementNotPresentKeyword.groovy:68)
	at com.kms.katalon.core.keyword.internal.KeywordExecutor.executeKeywordForPlatform(KeywordExecutor.groovy:74)
	at com.kms.katalon.core.webui.keyword.WebUiBuiltInKeywords.verifyElementNotPresent(WebUiBuiltInKeywords.groovy:1481)
	at com.kms.katalon.core.webui.keyword.WebUiBuiltInKeywords$verifyElementNotPresent$8.call(Unknown Source)
	at GetBrokSumPriceDaily.run(GetBrokSumPriceDaily:309)
	at com.kms.katalon.core.main.ScriptEngine.run(ScriptEngine.java:194)
	at com.kms.katalon.core.main.ScriptEngine.runScriptAsRawText(ScriptEngine.java:119)
	at com.kms.katalon.core.main.TestCaseExecutor.runScript(TestCaseExecutor.java:445)
	at com.kms.katalon.core.main.TestCaseExecutor.doExecute(TestCaseExecutor.java:436)
	at com.kms.katalon.core.main.TestCaseExecutor.processExecutionPhase(TestCaseExecutor.java:415)
	at com.kms.katalon.core.main.TestCaseExecutor.accessMainPhase(TestCaseExecutor.java:407)
	at com.kms.katalon.core.main.TestCaseExecutor.execute(TestCaseExecutor.java:284)
	at com.kms.katalon.core.common.CommonExecutor.accessTestCaseMainPhase(CommonExecutor.java:65)
	at com.kms.katalon.core.main.TestSuiteExecutor.accessTestSuiteMainPhase(TestSuiteExecutor.java:144)
	at com.kms.katalon.core.main.TestSuiteExecutor.execute(TestSuiteExecutor.java:106)
	at com.kms.katalon.core.main.TestCaseMain.startTestSuite(TestCaseMain.java:185)
	at com.kms.katalon.core.main.TestCaseMain$startTestSuite$0.call(Unknown Source)
	at TempTestSuite1705920083951.run(TempTestSuite1705920083951.groovy:36)
)

2024-01-22 17:57:29 - [MESSAGE][WARNING] - Web element with id: 'Object Repository/Stockbit/Bandarmology_Seller2' located by 'By.xpath: //*[contains(@id, 'rc-tabs-')]/div[2]/div/div/div/div/div/div[2]/table/tbody/tr[3]/td[5]/p' is present after '1' second(s) (Root cause: com.kms.katalon.core.exception.StepFailedException: Web element with id: 'Object Repository/Stockbit/Bandarmology_Seller2' located by 'By.xpath: //*[contains(@id, 'rc-tabs-')]/div[2]/div/div/div/div/div/div[2]/table/tbody/tr[3]/td[5]/p' is present after '1' second(s)
	at com.kms.katalon.core.webui.keyword.internal.WebUIKeywordMain.stepFailed(WebUIKeywordMain.groovy:64)
	at com.kms.katalon.core.webui.keyword.internal.WebUIKeywordMain$stepFailed$0.call(Unknown Source)
	at com.kms.katalon.core.webui.keyword.builtin.VerifyElementNotPresentKeyword$_verifyElementNotPresent_closure1.doCall(VerifyElementNotPresentKeyword.groovy:106)
	at com.kms.katalon.core.webui.keyword.builtin.VerifyElementNotPresentKeyword$_verifyElementNotPresent_closure1.doCall(VerifyElementNotPresentKeyword.groovy)
	at com.kms.katalon.core.webui.keyword.internal.WebUIKeywordMain.runKeyword(WebUIKeywordMain.groovy:20)
	at com.kms.katalon.core.webui.keyword.internal.WebUIKeywordMain$runKeyword.call(Unknown Source)
	at com.kms.katalon.core.webui.keyword.builtin.VerifyElementNotPresentKeyword.verifyElementNotPresent(VerifyElementNotPresentKeyword.groovy:117)
	at com.kms.katalon.core.webui.keyword.builtin.VerifyElementNotPresentKeyword.execute(VerifyElementNotPresentKeyword.groovy:68)
	at com.kms.katalon.core.keyword.internal.KeywordExecutor.executeKeywordForPlatform(KeywordExecutor.groovy:74)
	at com.kms.katalon.core.webui.keyword.WebUiBuiltInKeywords.verifyElementNotPresent(WebUiBuiltInKeywords.groovy:1481)
	at com.kms.katalon.core.webui.keyword.WebUiBuiltInKeywords$verifyElementNotPresent$8.call(Unknown Source)
	at GetBrokSumPriceDaily.run(GetBrokSumPriceDaily:309)
	at com.kms.katalon.core.main.ScriptEngine.run(ScriptEngine.java:194)
	at com.kms.katalon.core.main.ScriptEngine.runScriptAsRawText(ScriptEngine.java:119)
	at com.kms.katalon.core.main.TestCaseExecutor.runScript(TestCaseExecutor.java:445)
	at com.kms.katalon.core.main.TestCaseExecutor.doExecute(TestCaseExecutor.java:436)
	at com.kms.katalon.core.main.TestCaseExecutor.processExecutionPhase(TestCaseExecutor.java:415)
	at com.kms.katalon.core.main.TestCaseExecutor.accessMainPhase(TestCaseExecutor.java:407)
	at com.kms.katalon.core.main.TestCaseExecutor.execute(TestCaseExecutor.java:284)
	at com.kms.katalon.core.common.CommonExecutor.accessTestCaseMainPhase(CommonExecutor.java:65)
	at com.kms.katalon.core.main.TestSuiteExecutor.accessTestSuiteMainPhase(TestSuiteExecutor.java:144)
	at com.kms.katalon.core.main.TestSuiteExecutor.execute(TestSuiteExecutor.java:106)
	at com.kms.katalon.core.main.TestCaseMain.startTestSuite(TestCaseMain.java:185)
	at com.kms.katalon.core.main.TestCaseMain$startTestSuite$0.call(Unknown Source)
	at TempTestSuite1705920083951.run(TempTestSuite1705920083951.groovy:36)
)
[[ATTACHMENT|C:\\Users\\Fadli\\git\\KatalonDailyGetData2\\Reports\\20240122_174123\\TS1\\20240122_174123\\1705921049465.png]]

2024-01-22 17:57:29 - [TEST_STEP][PASSED] - else: null

2024-01-22 17:57:29 - [TEST_STEP][PASSED] - strSeller2 = getText(findTestObject("Stockbit/Bandarmology_Seller2")): Text of object 'Object Repository/Stockbit/Bandarmology_Seller2' is: 'YP'

2024-01-22 17:57:29 - [MESSAGE][PASSED] - Text of object 'Object Repository/Stockbit/Bandarmology_Seller2' is: 'YP'

2024-01-22 17:57:29 - [TEST_STEP][PASSED] - strSellerVol2 = getText(findTestObject("Stockbit/Bandarmology_SellerVol2")): Text of object 'Object Repository/Stockbit/Bandarmology_SellerVol2' is: '1.4 K'

2024-01-22 17:57:29 - [MESSAGE][PASSED] - Text of object 'Object Repository/Stockbit/Bandarmology_SellerVol2' is: '1.4 K'

2024-01-22 17:57:29 - [TEST_STEP][PASSED] - strSellerAvg2 = getText(findTestObject("Stockbit/Bandarmology_SellerAvg2")): Text of object 'Object Repository/Stockbit/Bandarmology_SellerAvg2' is: '77'

2024-01-22 17:57:30 - [MESSAGE][PASSED] - Text of object 'Object Repository/Stockbit/Bandarmology_SellerAvg2' is: '77'

2024-01-22 17:57:30 - [TEST_STEP][PASSED] - if (strSeller2 != ""): null

2024-01-22 17:57:30 - [TEST_STEP][PASSED] - if (strSellerAvg2.contains(",")): null

2024-01-22 17:57:30 - [TEST_STEP][PASSED] - if (strSellerVol2.contains(" B")): null

2024-01-22 17:57:30 - [TEST_STEP][PASSED] - else if (strSellerVol2.contains(" M")): null

2024-01-22 17:57:30 - [TEST_STEP][PASSED] - else if (strSellerVol2.contains(" K")): null

2024-01-22 17:57:30 - [TEST_STEP][PASSED] - strSellerVol2 = strSellerVol2.replace(" K", ""): null

2024-01-22 17:57:30 - [TEST_STEP][PASSED] - strSellerVol2 = strSellerVol2.toDouble() * 1000: null

2024-01-22 17:57:30 - [TEST_STEP][PASSED] - if (verifyElementNotPresent(findTestObject("Stockbit/Bandarmology_Buyer3"), 1, OPTIONAL)): Web element with id: 'Object Repository/Stockbit/Bandarmology_Buyer3' located by 'By.xpath: //*[contains(@id, 'rc-tabs-')]/div[2]/div/div/div/div/div/div[2]/table/tbody/tr[4]/td[1]/p' is present after '1' second(s) (Root cause: com.kms.katalon.core.exception.StepFailedException: Web element with id: 'Object Repository/Stockbit/Bandarmology_Buyer3' located by 'By.xpath: //*[contains(@id, 'rc-tabs-')]/div[2]/div/div/div/div/div/div[2]/table/tbody/tr[4]/td[1]/p' is present after '1' second(s)
	at com.kms.katalon.core.webui.keyword.internal.WebUIKeywordMain.stepFailed(WebUIKeywordMain.groovy:64)
	at com.kms.katalon.core.webui.keyword.internal.WebUIKeywordMain$stepFailed$0.call(Unknown Source)
	at com.kms.katalon.core.webui.keyword.builtin.VerifyElementNotPresentKeyword$_verifyElementNotPresent_closure1.doCall(VerifyElementNotPresentKeyword.groovy:106)
	at com.kms.katalon.core.webui.keyword.builtin.VerifyElementNotPresentKeyword$_verifyElementNotPresent_closure1.doCall(VerifyElementNotPresentKeyword.groovy)
	at com.kms.katalon.core.webui.keyword.internal.WebUIKeywordMain.runKeyword(WebUIKeywordMain.groovy:20)
	at com.kms.katalon.core.webui.keyword.internal.WebUIKeywordMain$runKeyword.call(Unknown Source)
	at com.kms.katalon.core.webui.keyword.builtin.VerifyElementNotPresentKeyword.verifyElementNotPresent(VerifyElementNotPresentKeyword.groovy:117)
	at com.kms.katalon.core.webui.keyword.builtin.VerifyElementNotPresentKeyword.execute(VerifyElementNotPresentKeyword.groovy:68)
	at com.kms.katalon.core.keyword.internal.KeywordExecutor.executeKeywordForPlatform(KeywordExecutor.groovy:74)
	at com.kms.katalon.core.webui.keyword.WebUiBuiltInKeywords.verifyElementNotPresent(WebUiBuiltInKeywords.groovy:1481)
	at com.kms.katalon.core.webui.keyword.WebUiBuiltInKeywords$verifyElementNotPresent$8.call(Unknown Source)
	at GetBrokSumPriceDaily.run(GetBrokSumPriceDaily:361)
	at com.kms.katalon.core.main.ScriptEngine.run(ScriptEngine.java:194)
	at com.kms.katalon.core.main.ScriptEngine.runScriptAsRawText(ScriptEngine.java:119)
	at com.kms.katalon.core.main.TestCaseExecutor.runScript(TestCaseExecutor.java:445)
	at com.kms.katalon.core.main.TestCaseExecutor.doExecute(TestCaseExecutor.java:436)
	at com.kms.katalon.core.main.TestCaseExecutor.processExecutionPhase(TestCaseExecutor.java:415)
	at com.kms.katalon.core.main.TestCaseExecutor.accessMainPhase(TestCaseExecutor.java:407)
	at com.kms.katalon.core.main.TestCaseExecutor.execute(TestCaseExecutor.java:284)
	at com.kms.katalon.core.common.CommonExecutor.accessTestCaseMainPhase(CommonExecutor.java:65)
	at com.kms.katalon.core.main.TestSuiteExecutor.accessTestSuiteMainPhase(TestSuiteExecutor.java:144)
	at com.kms.katalon.core.main.TestSuiteExecutor.execute(TestSuiteExecutor.java:106)
	at com.kms.katalon.core.main.TestCaseMain.startTestSuite(TestCaseMain.java:185)
	at com.kms.katalon.core.main.TestCaseMain$startTestSuite$0.call(Unknown Source)
	at TempTestSuite1705920083951.run(TempTestSuite1705920083951.groovy:36)
)

2024-01-22 17:57:31 - [MESSAGE][WARNING] - Web element with id: 'Object Repository/Stockbit/Bandarmology_Buyer3' located by 'By.xpath: //*[contains(@id, 'rc-tabs-')]/div[2]/div/div/div/div/div/div[2]/table/tbody/tr[4]/td[1]/p' is present after '1' second(s) (Root cause: com.kms.katalon.core.exception.StepFailedException: Web element with id: 'Object Repository/Stockbit/Bandarmology_Buyer3' located by 'By.xpath: //*[contains(@id, 'rc-tabs-')]/div[2]/div/div/div/div/div/div[2]/table/tbody/tr[4]/td[1]/p' is present after '1' second(s)
	at com.kms.katalon.core.webui.keyword.internal.WebUIKeywordMain.stepFailed(WebUIKeywordMain.groovy:64)
	at com.kms.katalon.core.webui.keyword.internal.WebUIKeywordMain$stepFailed$0.call(Unknown Source)
	at com.kms.katalon.core.webui.keyword.builtin.VerifyElementNotPresentKeyword$_verifyElementNotPresent_closure1.doCall(VerifyElementNotPresentKeyword.groovy:106)
	at com.kms.katalon.core.webui.keyword.builtin.VerifyElementNotPresentKeyword$_verifyElementNotPresent_closure1.doCall(VerifyElementNotPresentKeyword.groovy)
	at com.kms.katalon.core.webui.keyword.internal.WebUIKeywordMain.runKeyword(WebUIKeywordMain.groovy:20)
	at com.kms.katalon.core.webui.keyword.internal.WebUIKeywordMain$runKeyword.call(Unknown Source)
	at com.kms.katalon.core.webui.keyword.builtin.VerifyElementNotPresentKeyword.verifyElementNotPresent(VerifyElementNotPresentKeyword.groovy:117)
	at com.kms.katalon.core.webui.keyword.builtin.VerifyElementNotPresentKeyword.execute(VerifyElementNotPresentKeyword.groovy:68)
	at com.kms.katalon.core.keyword.internal.KeywordExecutor.executeKeywordForPlatform(KeywordExecutor.groovy:74)
	at com.kms.katalon.core.webui.keyword.WebUiBuiltInKeywords.verifyElementNotPresent(WebUiBuiltInKeywords.groovy:1481)
	at com.kms.katalon.core.webui.keyword.WebUiBuiltInKeywords$verifyElementNotPresent$8.call(Unknown Source)
	at GetBrokSumPriceDaily.run(GetBrokSumPriceDaily:361)
	at com.kms.katalon.core.main.ScriptEngine.run(ScriptEngine.java:194)
	at com.kms.katalon.core.main.ScriptEngine.runScriptAsRawText(ScriptEngine.java:119)
	at com.kms.katalon.core.main.TestCaseExecutor.runScript(TestCaseExecutor.java:445)
	at com.kms.katalon.core.main.TestCaseExecutor.doExecute(TestCaseExecutor.java:436)
	at com.kms.katalon.core.main.TestCaseExecutor.processExecutionPhase(TestCaseExecutor.java:415)
	at com.kms.katalon.core.main.TestCaseExecutor.accessMainPhase(TestCaseExecutor.java:407)
	at com.kms.katalon.core.main.TestCaseExecutor.execute(TestCaseExecutor.java:284)
	at com.kms.katalon.core.common.CommonExecutor.accessTestCaseMainPhase(CommonExecutor.java:65)
	at com.kms.katalon.core.main.TestSuiteExecutor.accessTestSuiteMainPhase(TestSuiteExecutor.java:144)
	at com.kms.katalon.core.main.TestSuiteExecutor.execute(TestSuiteExecutor.java:106)
	at com.kms.katalon.core.main.TestCaseMain.startTestSuite(TestCaseMain.java:185)
	at com.kms.katalon.core.main.TestCaseMain$startTestSuite$0.call(Unknown Source)
	at TempTestSuite1705920083951.run(TempTestSuite1705920083951.groovy:36)
)
[[ATTACHMENT|C:\\Users\\Fadli\\git\\KatalonDailyGetData2\\Reports\\20240122_174123\\TS1\\20240122_174123\\1705921051257.png]]

2024-01-22 17:57:31 - [TEST_STEP][PASSED] - else: null

2024-01-22 17:57:31 - [TEST_STEP][PASSED] - strBuyer3 = getText(findTestObject("Stockbit/Bandarmology_Buyer3")): Text of object 'Object Repository/Stockbit/Bandarmology_Buyer3' is: 'AZ'

2024-01-22 17:57:31 - [MESSAGE][PASSED] - Text of object 'Object Repository/Stockbit/Bandarmology_Buyer3' is: 'AZ'

2024-01-22 17:57:31 - [TEST_STEP][PASSED] - strBuyerVol3 = getText(findTestObject("Stockbit/Bandarmology_BuyerVol3")): Text of object 'Object Repository/Stockbit/Bandarmology_BuyerVol3' is: '513'

2024-01-22 17:57:31 - [MESSAGE][PASSED] - Text of object 'Object Repository/Stockbit/Bandarmology_BuyerVol3' is: '513'

2024-01-22 17:57:31 - [TEST_STEP][PASSED] - strBuyerAvg3 = getText(findTestObject("Stockbit/Bandarmology_BuyerAvg3")): Text of object 'Object Repository/Stockbit/Bandarmology_BuyerAvg3' is: '76'

2024-01-22 17:57:31 - [MESSAGE][PASSED] - Text of object 'Object Repository/Stockbit/Bandarmology_BuyerAvg3' is: '76'

2024-01-22 17:57:31 - [TEST_STEP][PASSED] - if (strBuyer3 != ""): null

2024-01-22 17:57:31 - [TEST_STEP][PASSED] - if (strBuyerAvg3.contains(",")): null

2024-01-22 17:57:31 - [TEST_STEP][PASSED] - if (strBuyerVol3.contains(" B")): null

2024-01-22 17:57:31 - [TEST_STEP][PASSED] - if (verifyElementNotPresent(findTestObject("Stockbit/Bandarmology_Seller3"), 1, OPTIONAL)): Web element with id: 'Object Repository/Stockbit/Bandarmology_Seller3' located by 'By.xpath: //*[contains(@id, 'rc-tabs-')]/div[2]/div/div/div/div/div/div[2]/table/tbody/tr[4]/td[5]/p' is present after '1' second(s) (Root cause: com.kms.katalon.core.exception.StepFailedException: Web element with id: 'Object Repository/Stockbit/Bandarmology_Seller3' located by 'By.xpath: //*[contains(@id, 'rc-tabs-')]/div[2]/div/div/div/div/div/div[2]/table/tbody/tr[4]/td[5]/p' is present after '1' second(s)
	at com.kms.katalon.core.webui.keyword.internal.WebUIKeywordMain.stepFailed(WebUIKeywordMain.groovy:64)
	at com.kms.katalon.core.webui.keyword.internal.WebUIKeywordMain$stepFailed$0.call(Unknown Source)
	at com.kms.katalon.core.webui.keyword.builtin.VerifyElementNotPresentKeyword$_verifyElementNotPresent_closure1.doCall(VerifyElementNotPresentKeyword.groovy:106)
	at com.kms.katalon.core.webui.keyword.builtin.VerifyElementNotPresentKeyword$_verifyElementNotPresent_closure1.doCall(VerifyElementNotPresentKeyword.groovy)
	at com.kms.katalon.core.webui.keyword.internal.WebUIKeywordMain.runKeyword(WebUIKeywordMain.groovy:20)
	at com.kms.katalon.core.webui.keyword.internal.WebUIKeywordMain$runKeyword.call(Unknown Source)
	at com.kms.katalon.core.webui.keyword.builtin.VerifyElementNotPresentKeyword.verifyElementNotPresent(VerifyElementNotPresentKeyword.groovy:117)
	at com.kms.katalon.core.webui.keyword.builtin.VerifyElementNotPresentKeyword.execute(VerifyElementNotPresentKeyword.groovy:68)
	at com.kms.katalon.core.keyword.internal.KeywordExecutor.executeKeywordForPlatform(KeywordExecutor.groovy:74)
	at com.kms.katalon.core.webui.keyword.WebUiBuiltInKeywords.verifyElementNotPresent(WebUiBuiltInKeywords.groovy:1481)
	at com.kms.katalon.core.webui.keyword.WebUiBuiltInKeywords$verifyElementNotPresent$8.call(Unknown Source)
	at GetBrokSumPriceDaily.run(GetBrokSumPriceDaily:414)
	at com.kms.katalon.core.main.ScriptEngine.run(ScriptEngine.java:194)
	at com.kms.katalon.core.main.ScriptEngine.runScriptAsRawText(ScriptEngine.java:119)
	at com.kms.katalon.core.main.TestCaseExecutor.runScript(TestCaseExecutor.java:445)
	at com.kms.katalon.core.main.TestCaseExecutor.doExecute(TestCaseExecutor.java:436)
	at com.kms.katalon.core.main.TestCaseExecutor.processExecutionPhase(TestCaseExecutor.java:415)
	at com.kms.katalon.core.main.TestCaseExecutor.accessMainPhase(TestCaseExecutor.java:407)
	at com.kms.katalon.core.main.TestCaseExecutor.execute(TestCaseExecutor.java:284)
	at com.kms.katalon.core.common.CommonExecutor.accessTestCaseMainPhase(CommonExecutor.java:65)
	at com.kms.katalon.core.main.TestSuiteExecutor.accessTestSuiteMainPhase(TestSuiteExecutor.java:144)
	at com.kms.katalon.core.main.TestSuiteExecutor.execute(TestSuiteExecutor.java:106)
	at com.kms.katalon.core.main.TestCaseMain.startTestSuite(TestCaseMain.java:185)
	at com.kms.katalon.core.main.TestCaseMain$startTestSuite$0.call(Unknown Source)
	at TempTestSuite1705920083951.run(TempTestSuite1705920083951.groovy:36)
)

2024-01-22 17:57:33 - [MESSAGE][WARNING] - Web element with id: 'Object Repository/Stockbit/Bandarmology_Seller3' located by 'By.xpath: //*[contains(@id, 'rc-tabs-')]/div[2]/div/div/div/div/div/div[2]/table/tbody/tr[4]/td[5]/p' is present after '1' second(s) (Root cause: com.kms.katalon.core.exception.StepFailedException: Web element with id: 'Object Repository/Stockbit/Bandarmology_Seller3' located by 'By.xpath: //*[contains(@id, 'rc-tabs-')]/div[2]/div/div/div/div/div/div[2]/table/tbody/tr[4]/td[5]/p' is present after '1' second(s)
	at com.kms.katalon.core.webui.keyword.internal.WebUIKeywordMain.stepFailed(WebUIKeywordMain.groovy:64)
	at com.kms.katalon.core.webui.keyword.internal.WebUIKeywordMain$stepFailed$0.call(Unknown Source)
	at com.kms.katalon.core.webui.keyword.builtin.VerifyElementNotPresentKeyword$_verifyElementNotPresent_closure1.doCall(VerifyElementNotPresentKeyword.groovy:106)
	at com.kms.katalon.core.webui.keyword.builtin.VerifyElementNotPresentKeyword$_verifyElementNotPresent_closure1.doCall(VerifyElementNotPresentKeyword.groovy)
	at com.kms.katalon.core.webui.keyword.internal.WebUIKeywordMain.runKeyword(WebUIKeywordMain.groovy:20)
	at com.kms.katalon.core.webui.keyword.internal.WebUIKeywordMain$runKeyword.call(Unknown Source)
	at com.kms.katalon.core.webui.keyword.builtin.VerifyElementNotPresentKeyword.verifyElementNotPresent(VerifyElementNotPresentKeyword.groovy:117)
	at com.kms.katalon.core.webui.keyword.builtin.VerifyElementNotPresentKeyword.execute(VerifyElementNotPresentKeyword.groovy:68)
	at com.kms.katalon.core.keyword.internal.KeywordExecutor.executeKeywordForPlatform(KeywordExecutor.groovy:74)
	at com.kms.katalon.core.webui.keyword.WebUiBuiltInKeywords.verifyElementNotPresent(WebUiBuiltInKeywords.groovy:1481)
	at com.kms.katalon.core.webui.keyword.WebUiBuiltInKeywords$verifyElementNotPresent$8.call(Unknown Source)
	at GetBrokSumPriceDaily.run(GetBrokSumPriceDaily:414)
	at com.kms.katalon.core.main.ScriptEngine.run(ScriptEngine.java:194)
	at com.kms.katalon.core.main.ScriptEngine.runScriptAsRawText(ScriptEngine.java:119)
	at com.kms.katalon.core.main.TestCaseExecutor.runScript(TestCaseExecutor.java:445)
	at com.kms.katalon.core.main.TestCaseExecutor.doExecute(TestCaseExecutor.java:436)
	at com.kms.katalon.core.main.TestCaseExecutor.processExecutionPhase(TestCaseExecutor.java:415)
	at com.kms.katalon.core.main.TestCaseExecutor.accessMainPhase(TestCaseExecutor.java:407)
	at com.kms.katalon.core.main.TestCaseExecutor.execute(TestCaseExecutor.java:284)
	at com.kms.katalon.core.common.CommonExecutor.accessTestCaseMainPhase(CommonExecutor.java:65)
	at com.kms.katalon.core.main.TestSuiteExecutor.accessTestSuiteMainPhase(TestSuiteExecutor.java:144)
	at com.kms.katalon.core.main.TestSuiteExecutor.execute(TestSuiteExecutor.java:106)
	at com.kms.katalon.core.main.TestCaseMain.startTestSuite(TestCaseMain.java:185)
	at com.kms.katalon.core.main.TestCaseMain$startTestSuite$0.call(Unknown Source)
	at TempTestSuite1705920083951.run(TempTestSuite1705920083951.groovy:36)
)
[[ATTACHMENT|C:\\Users\\Fadli\\git\\KatalonDailyGetData2\\Reports\\20240122_174123\\TS1\\20240122_174123\\1705921052986.png]]

2024-01-22 17:57:33 - [TEST_STEP][PASSED] - else: null

2024-01-22 17:57:33 - [TEST_STEP][PASSED] - strSeller3 = getText(findTestObject("Stockbit/Bandarmology_Seller3")): Text of object 'Object Repository/Stockbit/Bandarmology_Seller3' is: 'RO'

2024-01-22 17:57:33 - [MESSAGE][PASSED] - Text of object 'Object Repository/Stockbit/Bandarmology_Seller3' is: 'RO'

2024-01-22 17:57:33 - [TEST_STEP][PASSED] - strSellerVol3 = getText(findTestObject("Stockbit/Bandarmology_SellerVol3")): Text of object 'Object Repository/Stockbit/Bandarmology_SellerVol3' is: '1 K'

2024-01-22 17:57:33 - [MESSAGE][PASSED] - Text of object 'Object Repository/Stockbit/Bandarmology_SellerVol3' is: '1 K'

2024-01-22 17:57:33 - [TEST_STEP][PASSED] - strSellerAvg3 = getText(findTestObject("Stockbit/Bandarmology_SellerAvg3")): Text of object 'Object Repository/Stockbit/Bandarmology_SellerAvg3' is: '76'

2024-01-22 17:57:33 - [MESSAGE][PASSED] - Text of object 'Object Repository/Stockbit/Bandarmology_SellerAvg3' is: '76'

2024-01-22 17:57:33 - [TEST_STEP][PASSED] - if (strSeller3 != ""): null

2024-01-22 17:57:33 - [TEST_STEP][PASSED] - if (strSellerAvg3.contains(",")): null

2024-01-22 17:57:33 - [TEST_STEP][PASSED] - if (strSellerVol3.contains(" B")): null

2024-01-22 17:57:33 - [TEST_STEP][PASSED] - else if (strSellerVol3.contains(" M")): null

2024-01-22 17:57:33 - [TEST_STEP][PASSED] - else if (strSellerVol3.contains(" K")): null

2024-01-22 17:57:33 - [TEST_STEP][PASSED] - strSellerVol3 = strSellerVol3.replace(" K", ""): null

2024-01-22 17:57:33 - [TEST_STEP][PASSED] - strSellerVol3 = strSellerVol3.toDouble() * 1000: null

2024-01-22 17:57:33 - [TEST_STEP][PASSED] - strAccDist = getText(findTestObject("Stockbit/Bandarmology_AccDist")): Text of object 'Object Repository/Stockbit/Bandarmology_AccDist' is: 'Dist'

2024-01-22 17:57:33 - [MESSAGE][PASSED] - Text of object 'Object Repository/Stockbit/Bandarmology_AccDist' is: 'Dist'

2024-01-22 17:57:33 - [TEST_STEP][PASSED] - strNetVol = getText(findTestObject("Stockbit/Bandarmology_NetVol")): Text of object 'Object Repository/Stockbit/Bandarmology_NetVol' is: '7,178'

2024-01-22 17:57:33 - [MESSAGE][PASSED] - Text of object 'Object Repository/Stockbit/Bandarmology_NetVol' is: '7,178'

2024-01-22 17:57:33 - [TEST_STEP][PASSED] - strNetVol = strNetVol.replace(",", ""): null

2024-01-22 17:57:33 - [TEST_STEP][PASSED] - strNetVal = getText(findTestObject("Stockbit/Bandarmology_NetVal")): Text of object 'Object Repository/Stockbit/Bandarmology_NetVal' is: '0.1 B'

2024-01-22 17:57:33 - [MESSAGE][PASSED] - Text of object 'Object Repository/Stockbit/Bandarmology_NetVal' is: '0.1 B'

2024-01-22 17:57:33 - [TEST_STEP][PASSED] - delay(3): Delayed 3 second(s)

2024-01-22 17:57:36 - [MESSAGE][PASSED] - Delayed 3 second(s)

2024-01-22 17:57:36 - [TEST_STEP][PASSED] - strOpenPrice = getText(findTestObject("Stockbit/Home_OpenPrice")): Text of object 'Object Repository/Stockbit/Home_OpenPrice' is: '76'

2024-01-22 17:57:37 - [MESSAGE][PASSED] - Text of object 'Object Repository/Stockbit/Home_OpenPrice' is: '76'

2024-01-22 17:57:37 - [TEST_STEP][PASSED] - strOpenPrice = strOpenPrice.replace(",", ""): null

2024-01-22 17:57:37 - [TEST_STEP][PASSED] - strLowPrice = getText(findTestObject("Stockbit/Home_LowPrice")): Text of object 'Object Repository/Stockbit/Home_LowPrice' is: '76'

2024-01-22 17:57:37 - [MESSAGE][PASSED] - Text of object 'Object Repository/Stockbit/Home_LowPrice' is: '76'

2024-01-22 17:57:37 - [TEST_STEP][PASSED] - strLowPrice = strLowPrice.replace(",", ""): null

2024-01-22 17:57:37 - [TEST_STEP][PASSED] - strHighPrice = getText(findTestObject("Stockbit/Home_HighPrice")): Text of object 'Object Repository/Stockbit/Home_HighPrice' is: '78'

2024-01-22 17:57:37 - [MESSAGE][PASSED] - Text of object 'Object Repository/Stockbit/Home_HighPrice' is: '78'

2024-01-22 17:57:37 - [TEST_STEP][PASSED] - strHighPrice = strHighPrice.replace(",", ""): null

2024-01-22 17:57:37 - [TEST_STEP][PASSED] - strClosePrice = getText(findTestObject("Stockbit/Home_ClosePrice")): Text of object 'Object Repository/Stockbit/Home_ClosePrice' is: '77'

2024-01-22 17:57:37 - [MESSAGE][PASSED] - Text of object 'Object Repository/Stockbit/Home_ClosePrice' is: '77'

2024-01-22 17:57:37 - [TEST_STEP][PASSED] - strClosePrice = strClosePrice.replace(",", ""): null

2024-01-22 17:57:37 - [TEST_STEP][PASSED] - strVol = getText(findTestObject("Stockbit/Home_Volume")): Text of object 'Object Repository/Stockbit/Home_Volume' is: '12 K'

2024-01-22 17:57:37 - [MESSAGE][PASSED] - Text of object 'Object Repository/Stockbit/Home_Volume' is: '12 K'

2024-01-22 17:57:37 - [TEST_STEP][PASSED] - if (strVol.contains(" K")): null

2024-01-22 17:57:37 - [TEST_STEP][PASSED] - strVol = strVol.replace(" K", "000"): null

2024-01-22 17:57:37 - [TEST_STEP][PASSED] - if (strVol.contains(",")): null

2024-01-22 17:57:37 - [TEST_STEP][PASSED] - strChange = getText(findTestObject("Stockbit/Home_Change")): Text of object 'Object Repository/Stockbit/Home_Change' is: '-1.28%'

2024-01-22 17:57:37 - [MESSAGE][PASSED] - Text of object 'Object Repository/Stockbit/Home_Change' is: '-1.28%'

2024-01-22 17:57:37 - [TEST_STEP][PASSED] - strChange = strChange.replace("%", ""): null

2024-01-22 17:57:37 - [TEST_STEP][PASSED] - strFreq = getText(findTestObject("Stockbit/Home_Freq")): Text of object 'Object Repository/Stockbit/Home_Freq' is: '156'

2024-01-22 17:57:37 - [MESSAGE][PASSED] - Text of object 'Object Repository/Stockbit/Home_Freq' is: '156'

2024-01-22 17:57:37 - [TEST_STEP][PASSED] - if (strFreq.contains(",")): null

2024-01-22 17:57:37 - [TEST_STEP][PASSED] - if (strFreq == "NA" || strFreq == ""): null

2024-01-22 17:57:37 - [TEST_STEP][PASSED] - else: null

2024-01-22 17:57:37 - [TEST_STEP][PASSED] - dblFreqAnal = strVol.toDouble() / strFreq.toDouble() * strFreq.toDouble() * strFreq.toDouble() * 100000000: null

2024-01-22 17:57:37 - [TEST_STEP][PASSED] - strFreqAnal = String.format("%.4f", dblFreqAnal): null

2024-01-22 17:57:37 - [TEST_STEP][PASSED] - out.println("Double strFreqAnal: " + strFreqAnal): null

2024-01-22 17:57:37 - [TEST_STEP][PASSED] - strTanggal = d.format(DateTimeFormatter.ofPattern("yyyy-MM-dd")): null

2024-01-22 17:57:37 - [TEST_STEP][PASSED] - strTanggal = "#" + strTanggal + "#": null

2024-01-22 17:57:37 - [TEST_STEP][PASSED] - strSQL = "select count(*) as JumBaris from TblBrokSum where Nama = '" + strNama + "' and Tanggal = " + strTanggal + "": null

2024-01-22 17:57:37 - [TEST_STEP][PASSED] - resultSet = statement.executeQuery(strSQL): null

2024-01-22 17:57:37 - [TEST_STEP][PASSED] - resultSet.next(): null

2024-01-22 17:57:37 - [TEST_STEP][PASSED] - intJumBaris = resultSet.getInt("JumBaris"): null

2024-01-22 17:57:37 - [TEST_STEP][PASSED] - if (intJumBaris > 0): null

2024-01-22 17:57:37 - [TEST_STEP][PASSED] - else: null

2024-01-22 17:57:37 - [TEST_STEP][PASSED] - try: null

2024-01-22 17:57:37 - [TEST_STEP][PASSED] - out.println("Insert data"): null

2024-01-22 17:57:37 - [TEST_STEP][PASSED] - strSQL = "insert into TblBrokSum (nama, tanggal, top1, top2, top3, AllBrokAvg, AccDist, AvgRP, " + "Buyer1, BuyerVal1, BuyerAvg1, Seller1, SellerVal1, SellerAvg1, Buyer2, BuyerVal2, BuyerAvg2, " + "Seller2, SellerVal2, SellerAvg2, Buyer3, BuyerVal3, BuyerAvg3, Seller3, SellerVal3, SellerAvg3, NetVol, NetVal, " + "OpenPrice, LowPrice, HighPrice, ClosePrice, Volume, Change, Frekuensi, FrekAnal) " + "values ('" + strNama + "', " + strTanggal + ", '" + strTop1 + "', '" + strTop3 + "', '" + strTop5 + "', " + "'" + strAllBrokAvg + "', '" + strAccDist + "', " + intAvgRP + ", '" + strBuyer1 + "', '" + strBuyerVol1 + "', " + strBuyerAvg1 + ", " + "'" + strSeller1 + "', '" + strSellerVol1 + "', " + strSellerAvg1 + ", '" + strBuyer2 + "', '" + strBuyerVol2 + "', " + strBuyerAvg2 + ", " + "'" + strSeller2 + "', '" + strSellerVol2 + "', " + strSellerAvg2 + ", '" + strBuyer3 + "', '" + strBuyerVol3 + "', " + strBuyerAvg3 + ", " + "'" + strSeller3 + "', '" + strSellerVol3 + "', " + strSellerAvg3 + ", " + strNetVol + ", '" + strNetVal + "', " + "" + strOpenPrice + ", " + strLowPrice + ", " + strHighPrice + ", " + strClosePrice + ", '" + strVol + "', " + strChange + ", " + strFreq + ", " + strFreqAnal + ");": null

2024-01-22 17:57:37 - [TEST_STEP][PASSED] - out.println("strSQL = " + strSQL): null

2024-01-22 17:57:37 - [TEST_STEP][PASSED] - statement.executeUpdate(strSQL): null

2024-01-22 17:57:37 - [TEST_STEP][PASSED] - setValueToCellByIndex(sheet01, rowIndex, 4, "DONE"): null

2024-01-22 17:57:37 - [TEST_STEP][PASSED] - saveWorkbook(excelFilePath, workbook01): null

2024-01-22 17:57:37 - [TEST_STEP][PASSED] - waitForElementClickable(findTestObject("Stockbit/menu_Bandarmology"), 10): Object 'Object Repository/Stockbit/menu_Bandarmology' is clickable

2024-01-22 17:57:37 - [MESSAGE][PASSED] - Object 'Object Repository/Stockbit/menu_Bandarmology' is clickable

2024-01-22 17:57:37 - [TEST_STEP][PASSED] - click(findTestObject("Stockbit/menu_Bandarmology")): Object: 'Object Repository/Stockbit/menu_Bandarmology' is clicked on

2024-01-22 17:57:38 - [MESSAGE][PASSED] - Object: 'Object Repository/Stockbit/menu_Bandarmology' is clicked on

2024-01-22 17:57:38 - [TEST_STEP][PASSED] - strTemp = "NA": null

2024-01-22 17:57:38 - [TEST_STEP][PASSED] - if (getCellValueByIndex(sheet01, rowIndex, 4) != "DONE"): Object: 'Object Repository/Stockbit/menu_Bandarmology' is clicked on

2024-01-22 17:57:38 - [TEST_STEP][PASSED] - strNama = getCellValueByIndex(sheet01, rowIndex, 0): null

2024-01-22 17:57:38 - [TEST_STEP][PASSED] - navigateToUrl("https://stockbit.com/#/symbol/" + strNama): Navigate to 'https://stockbit.com/#/symbol/MORA' successfully

2024-01-22 17:57:40 - [MESSAGE][PASSED] - Navigate to 'https://stockbit.com/#/symbol/MORA' successfully

2024-01-22 17:57:40 - [TEST_STEP][PASSED] - waitForElementClickable(findTestObject("Stockbit/menu_Bandarmology"), 10): Object 'Object Repository/Stockbit/menu_Bandarmology' is clickable

2024-01-22 17:57:40 - [MESSAGE][PASSED] - Object 'Object Repository/Stockbit/menu_Bandarmology' is clickable

2024-01-22 17:57:40 - [TEST_STEP][PASSED] - click(findTestObject("Stockbit/menu_Bandarmology")): Object: 'Object Repository/Stockbit/menu_Bandarmology' is clicked on

2024-01-22 17:57:41 - [MESSAGE][PASSED] - Object: 'Object Repository/Stockbit/menu_Bandarmology' is clicked on

2024-01-22 17:57:41 - [TEST_STEP][PASSED] - strTanggal = d.format(DateTimeFormatter.ofPattern("MMM dd, yyyy")): null

2024-01-22 17:57:41 - [TEST_STEP][PASSED] - strTanggal = d.format(ISO_DATE): null

2024-01-22 17:57:41 - [TEST_STEP][PASSED] - out.println("strTanggal = " + strTanggal): null

2024-01-22 17:57:41 - [TEST_STEP][PASSED] - out.println("strNama = " + strNama): null

2024-01-22 17:57:41 - [TEST_STEP][PASSED] - out.println("Baris ke = " + rowIndex): null

2024-01-22 17:57:41 - [TEST_STEP][PASSED] - click(findTestObject("Stockbit/input__BandarmologyOpenStartDate")): Object: 'Object Repository/Stockbit/input__BandarmologyOpenStartDate' is clicked on

2024-01-22 17:57:42 - [MESSAGE][PASSED] - Object: 'Object Repository/Stockbit/input__BandarmologyOpenStartDate' is clicked on

2024-01-22 17:57:42 - [TEST_STEP][PASSED] - sendKeys(findTestObject("Stockbit/input__BandarmologyOpenStartDate"), Keys.chord(CONTROL, "a")): Keys 'CONTROL + a' sent to object: 'Object Repository/Stockbit/input__BandarmologyOpenStartDate'

2024-01-22 17:57:43 - [MESSAGE][PASSED] - Keys 'CONTROL + a' sent to object: 'Object Repository/Stockbit/input__BandarmologyOpenStartDate'

2024-01-22 17:57:43 - [TEST_STEP][PASSED] - sendKeys(findTestObject("Stockbit/input__BandarmologyOpenStartDate"), Keys.chord(BACK_SPACE)): Keys 'BACK_SPACE + ' sent to object: 'Object Repository/Stockbit/input__BandarmologyOpenStartDate'

2024-01-22 17:57:43 - [MESSAGE][PASSED] - Keys 'BACK_SPACE + ' sent to object: 'Object Repository/Stockbit/input__BandarmologyOpenStartDate'

2024-01-22 17:57:43 - [TEST_STEP][PASSED] - setText(findTestObject("Stockbit/input__BandarmologyOpenStartDate"), strTanggal): Text '2024-01-22' is set on object 'Object Repository/Stockbit/input__BandarmologyOpenStartDate'

2024-01-22 17:57:44 - [MESSAGE][PASSED] - Text '2024-01-22' is set on object 'Object Repository/Stockbit/input__BandarmologyOpenStartDate'

2024-01-22 17:57:44 - [TEST_STEP][PASSED] - sendKeys(findTestObject("Stockbit/input__BandarmologyOpenStartDate"), Keys.chord(ENTER)): Keys 'ENTER + ' sent to object: 'Object Repository/Stockbit/input__BandarmologyOpenStartDate'

2024-01-22 17:57:44 - [MESSAGE][PASSED] - Keys 'ENTER + ' sent to object: 'Object Repository/Stockbit/input__BandarmologyOpenStartDate'

2024-01-22 17:57:44 - [TEST_STEP][PASSED] - click(findTestObject("Stockbit/input__BandarmologyOpenEndDate")): Object: 'Object Repository/Stockbit/input__BandarmologyOpenEndDate' is clicked on

2024-01-22 17:57:45 - [MESSAGE][PASSED] - Object: 'Object Repository/Stockbit/input__BandarmologyOpenEndDate' is clicked on

2024-01-22 17:57:45 - [TEST_STEP][PASSED] - sendKeys(findTestObject("Stockbit/input__BandarmologyOpenEndDate"), Keys.chord(CONTROL, "a")): Keys 'CONTROL + a' sent to object: 'Object Repository/Stockbit/input__BandarmologyOpenEndDate'

2024-01-22 17:57:45 - [MESSAGE][PASSED] - Keys 'CONTROL + a' sent to object: 'Object Repository/Stockbit/input__BandarmologyOpenEndDate'

2024-01-22 17:57:45 - [TEST_STEP][PASSED] - sendKeys(findTestObject("Stockbit/input__BandarmologyOpenEndDate"), Keys.chord(BACK_SPACE)): Keys 'BACK_SPACE + ' sent to object: 'Object Repository/Stockbit/input__BandarmologyOpenEndDate'

2024-01-22 17:57:46 - [MESSAGE][PASSED] - Keys 'BACK_SPACE + ' sent to object: 'Object Repository/Stockbit/input__BandarmologyOpenEndDate'

2024-01-22 17:57:46 - [TEST_STEP][PASSED] - setText(findTestObject("Stockbit/input__BandarmologyOpenEndDate"), strTanggal): Text '2024-01-22' is set on object 'Object Repository/Stockbit/input__BandarmologyOpenEndDate'

2024-01-22 17:57:47 - [MESSAGE][PASSED] - Text '2024-01-22' is set on object 'Object Repository/Stockbit/input__BandarmologyOpenEndDate'

2024-01-22 17:57:47 - [TEST_STEP][PASSED] - sendKeys(findTestObject("Stockbit/input__BandarmologyOpenEndDate"), Keys.chord(ENTER)): Keys 'ENTER + ' sent to object: 'Object Repository/Stockbit/input__BandarmologyOpenEndDate'

2024-01-22 17:57:47 - [MESSAGE][PASSED] - Keys 'ENTER + ' sent to object: 'Object Repository/Stockbit/input__BandarmologyOpenEndDate'

2024-01-22 17:57:47 - [TEST_STEP][PASSED] - delay(2): Delayed 2 second(s)

2024-01-22 17:57:49 - [MESSAGE][PASSED] - Delayed 2 second(s)

2024-01-22 17:57:49 - [TEST_STEP][PASSED] - strTemp = getText(findTestObject("Stockbit/Bandarmology_AvgRP")): Text of object 'Object Repository/Stockbit/Bandarmology_AvgRP' is: '450'

2024-01-22 17:57:49 - [MESSAGE][PASSED] - Text of object 'Object Repository/Stockbit/Bandarmology_AvgRP' is: '450'

2024-01-22 17:57:49 - [TEST_STEP][PASSED] - out.println("Bandarmology_AvgRP = " + strTemp): null

2024-01-22 17:57:49 - [TEST_STEP][PASSED] - if (strTemp != "0"): null

2024-01-22 17:57:49 - [TEST_STEP][PASSED] - strTop1 = getText(findTestObject("Stockbit/Bandarmology_Top1")): Text of object 'Object Repository/Stockbit/Bandarmology_Top1' is: 'Big Dist'

2024-01-22 17:57:49 - [MESSAGE][PASSED] - Text of object 'Object Repository/Stockbit/Bandarmology_Top1' is: 'Big Dist'

2024-01-22 17:57:49 - [TEST_STEP][PASSED] - strTop3 = getText(findTestObject("Stockbit/Bandarmology_Top3")): Text of object 'Object Repository/Stockbit/Bandarmology_Top3' is: 'Neutral'

2024-01-22 17:57:49 - [MESSAGE][PASSED] - Text of object 'Object Repository/Stockbit/Bandarmology_Top3' is: 'Neutral'

2024-01-22 17:57:49 - [TEST_STEP][PASSED] - strTop5 = getText(findTestObject("Stockbit/Bandarmology_Top5")): Text of object 'Object Repository/Stockbit/Bandarmology_Top5' is: 'Neutral'

2024-01-22 17:57:49 - [MESSAGE][PASSED] - Text of object 'Object Repository/Stockbit/Bandarmology_Top5' is: 'Neutral'

2024-01-22 17:57:49 - [TEST_STEP][PASSED] - strAllBrokAvg = getText(findTestObject("Stockbit/Bandarmology_TopAVG")): Text of object 'Object Repository/Stockbit/Bandarmology_TopAVG' is: 'Neutral'

2024-01-22 17:57:49 - [MESSAGE][PASSED] - Text of object 'Object Repository/Stockbit/Bandarmology_TopAVG' is: 'Neutral'

2024-01-22 17:57:49 - [TEST_STEP][PASSED] - strTemp = getText(findTestObject("Stockbit/Bandarmology_AvgRP")): Text of object 'Object Repository/Stockbit/Bandarmology_AvgRP' is: '450'

2024-01-22 17:57:50 - [MESSAGE][PASSED] - Text of object 'Object Repository/Stockbit/Bandarmology_AvgRP' is: '450'

2024-01-22 17:57:50 - [TEST_STEP][PASSED] - if (strTemp.contains(",")): null

2024-01-22 17:57:50 - [TEST_STEP][PASSED] - intAvgRP = strTemp.toInteger(): null

2024-01-22 17:57:50 - [TEST_STEP][PASSED] - strBuyer1 = getText(findTestObject("Stockbit/Bandarmology_Buyer1")): Text of object 'Object Repository/Stockbit/Bandarmology_Buyer1' is: 'XL'

2024-01-22 17:57:50 - [MESSAGE][PASSED] - Text of object 'Object Repository/Stockbit/Bandarmology_Buyer1' is: 'XL'

2024-01-22 17:57:50 - [TEST_STEP][PASSED] - strBuyerVol1 = getText(findTestObject("Stockbit/Bandarmology_BuyerVol1")): Text of object 'Object Repository/Stockbit/Bandarmology_BuyerVol1' is: '24'

2024-01-22 17:57:50 - [MESSAGE][PASSED] - Text of object 'Object Repository/Stockbit/Bandarmology_BuyerVol1' is: '24'

2024-01-22 17:57:50 - [TEST_STEP][PASSED] - strBuyerAvg1 = getText(findTestObject("Stockbit/Bandarmology_BuyerAvg1")): Text of object 'Object Repository/Stockbit/Bandarmology_BuyerAvg1' is: '450'

2024-01-22 17:57:50 - [MESSAGE][PASSED] - Text of object 'Object Repository/Stockbit/Bandarmology_BuyerAvg1' is: '450'

2024-01-22 17:57:50 - [TEST_STEP][PASSED] - if (strBuyerAvg1.contains(",")): null

2024-01-22 17:57:50 - [TEST_STEP][PASSED] - if (strBuyerVol1.contains(" B")): null

2024-01-22 17:57:50 - [TEST_STEP][PASSED] - strSeller1 = getText(findTestObject("Stockbit/Bandarmology_Seller1")): Text of object 'Object Repository/Stockbit/Bandarmology_Seller1' is: 'NI'

2024-01-22 17:57:50 - [MESSAGE][PASSED] - Text of object 'Object Repository/Stockbit/Bandarmology_Seller1' is: 'NI'

2024-01-22 17:57:50 - [TEST_STEP][PASSED] - strSellerVol1 = getText(findTestObject("Stockbit/Bandarmology_SellerVol1")): Text of object 'Object Repository/Stockbit/Bandarmology_SellerVol1' is: '46'

2024-01-22 17:57:50 - [MESSAGE][PASSED] - Text of object 'Object Repository/Stockbit/Bandarmology_SellerVol1' is: '46'

2024-01-22 17:57:50 - [TEST_STEP][PASSED] - strSellerAvg1 = getText(findTestObject("Stockbit/Bandarmology_SellerAvg1")): Text of object 'Object Repository/Stockbit/Bandarmology_SellerAvg1' is: '451'

2024-01-22 17:57:50 - [MESSAGE][PASSED] - Text of object 'Object Repository/Stockbit/Bandarmology_SellerAvg1' is: '451'

2024-01-22 17:57:50 - [TEST_STEP][PASSED] - if (strSellerAvg1.contains(",")): null

2024-01-22 17:57:50 - [TEST_STEP][PASSED] - if (strSellerVol1.contains(" B")): null

2024-01-22 17:57:50 - [TEST_STEP][PASSED] - if (verifyElementNotPresent(findTestObject("Stockbit/Bandarmology_Buyer2"), 1, OPTIONAL)): Web element with id: 'Object Repository/Stockbit/Bandarmology_Buyer2' located by 'By.xpath: //*[contains(@id, 'rc-tabs-')]/div[2]/div/div/div/div/div/div[2]/table/tbody/tr[3]/td[1]/p' is present after '1' second(s) (Root cause: com.kms.katalon.core.exception.StepFailedException: Web element with id: 'Object Repository/Stockbit/Bandarmology_Buyer2' located by 'By.xpath: //*[contains(@id, 'rc-tabs-')]/div[2]/div/div/div/div/div/div[2]/table/tbody/tr[3]/td[1]/p' is present after '1' second(s)
	at com.kms.katalon.core.webui.keyword.internal.WebUIKeywordMain.stepFailed(WebUIKeywordMain.groovy:64)
	at com.kms.katalon.core.webui.keyword.internal.WebUIKeywordMain$stepFailed$0.call(Unknown Source)
	at com.kms.katalon.core.webui.keyword.builtin.VerifyElementNotPresentKeyword$_verifyElementNotPresent_closure1.doCall(VerifyElementNotPresentKeyword.groovy:106)
	at com.kms.katalon.core.webui.keyword.builtin.VerifyElementNotPresentKeyword$_verifyElementNotPresent_closure1.doCall(VerifyElementNotPresentKeyword.groovy)
	at com.kms.katalon.core.webui.keyword.internal.WebUIKeywordMain.runKeyword(WebUIKeywordMain.groovy:20)
	at com.kms.katalon.core.webui.keyword.internal.WebUIKeywordMain$runKeyword.call(Unknown Source)
	at com.kms.katalon.core.webui.keyword.builtin.VerifyElementNotPresentKeyword.verifyElementNotPresent(VerifyElementNotPresentKeyword.groovy:117)
	at com.kms.katalon.core.webui.keyword.builtin.VerifyElementNotPresentKeyword.execute(VerifyElementNotPresentKeyword.groovy:68)
	at com.kms.katalon.core.keyword.internal.KeywordExecutor.executeKeywordForPlatform(KeywordExecutor.groovy:74)
	at com.kms.katalon.core.webui.keyword.WebUiBuiltInKeywords.verifyElementNotPresent(WebUiBuiltInKeywords.groovy:1481)
	at com.kms.katalon.core.webui.keyword.WebUiBuiltInKeywords$verifyElementNotPresent$8.call(Unknown Source)
	at GetBrokSumPriceDaily.run(GetBrokSumPriceDaily:258)
	at com.kms.katalon.core.main.ScriptEngine.run(ScriptEngine.java:194)
	at com.kms.katalon.core.main.ScriptEngine.runScriptAsRawText(ScriptEngine.java:119)
	at com.kms.katalon.core.main.TestCaseExecutor.runScript(TestCaseExecutor.java:445)
	at com.kms.katalon.core.main.TestCaseExecutor.doExecute(TestCaseExecutor.java:436)
	at com.kms.katalon.core.main.TestCaseExecutor.processExecutionPhase(TestCaseExecutor.java:415)
	at com.kms.katalon.core.main.TestCaseExecutor.accessMainPhase(TestCaseExecutor.java:407)
	at com.kms.katalon.core.main.TestCaseExecutor.execute(TestCaseExecutor.java:284)
	at com.kms.katalon.core.common.CommonExecutor.accessTestCaseMainPhase(CommonExecutor.java:65)
	at com.kms.katalon.core.main.TestSuiteExecutor.accessTestSuiteMainPhase(TestSuiteExecutor.java:144)
	at com.kms.katalon.core.main.TestSuiteExecutor.execute(TestSuiteExecutor.java:106)
	at com.kms.katalon.core.main.TestCaseMain.startTestSuite(TestCaseMain.java:185)
	at com.kms.katalon.core.main.TestCaseMain$startTestSuite$0.call(Unknown Source)
	at TempTestSuite1705920083951.run(TempTestSuite1705920083951.groovy:36)
)

2024-01-22 17:57:52 - [MESSAGE][WARNING] - Web element with id: 'Object Repository/Stockbit/Bandarmology_Buyer2' located by 'By.xpath: //*[contains(@id, 'rc-tabs-')]/div[2]/div/div/div/div/div/div[2]/table/tbody/tr[3]/td[1]/p' is present after '1' second(s) (Root cause: com.kms.katalon.core.exception.StepFailedException: Web element with id: 'Object Repository/Stockbit/Bandarmology_Buyer2' located by 'By.xpath: //*[contains(@id, 'rc-tabs-')]/div[2]/div/div/div/div/div/div[2]/table/tbody/tr[3]/td[1]/p' is present after '1' second(s)
	at com.kms.katalon.core.webui.keyword.internal.WebUIKeywordMain.stepFailed(WebUIKeywordMain.groovy:64)
	at com.kms.katalon.core.webui.keyword.internal.WebUIKeywordMain$stepFailed$0.call(Unknown Source)
	at com.kms.katalon.core.webui.keyword.builtin.VerifyElementNotPresentKeyword$_verifyElementNotPresent_closure1.doCall(VerifyElementNotPresentKeyword.groovy:106)
	at com.kms.katalon.core.webui.keyword.builtin.VerifyElementNotPresentKeyword$_verifyElementNotPresent_closure1.doCall(VerifyElementNotPresentKeyword.groovy)
	at com.kms.katalon.core.webui.keyword.internal.WebUIKeywordMain.runKeyword(WebUIKeywordMain.groovy:20)
	at com.kms.katalon.core.webui.keyword.internal.WebUIKeywordMain$runKeyword.call(Unknown Source)
	at com.kms.katalon.core.webui.keyword.builtin.VerifyElementNotPresentKeyword.verifyElementNotPresent(VerifyElementNotPresentKeyword.groovy:117)
	at com.kms.katalon.core.webui.keyword.builtin.VerifyElementNotPresentKeyword.execute(VerifyElementNotPresentKeyword.groovy:68)
	at com.kms.katalon.core.keyword.internal.KeywordExecutor.executeKeywordForPlatform(KeywordExecutor.groovy:74)
	at com.kms.katalon.core.webui.keyword.WebUiBuiltInKeywords.verifyElementNotPresent(WebUiBuiltInKeywords.groovy:1481)
	at com.kms.katalon.core.webui.keyword.WebUiBuiltInKeywords$verifyElementNotPresent$8.call(Unknown Source)
	at GetBrokSumPriceDaily.run(GetBrokSumPriceDaily:258)
	at com.kms.katalon.core.main.ScriptEngine.run(ScriptEngine.java:194)
	at com.kms.katalon.core.main.ScriptEngine.runScriptAsRawText(ScriptEngine.java:119)
	at com.kms.katalon.core.main.TestCaseExecutor.runScript(TestCaseExecutor.java:445)
	at com.kms.katalon.core.main.TestCaseExecutor.doExecute(TestCaseExecutor.java:436)
	at com.kms.katalon.core.main.TestCaseExecutor.processExecutionPhase(TestCaseExecutor.java:415)
	at com.kms.katalon.core.main.TestCaseExecutor.accessMainPhase(TestCaseExecutor.java:407)
	at com.kms.katalon.core.main.TestCaseExecutor.execute(TestCaseExecutor.java:284)
	at com.kms.katalon.core.common.CommonExecutor.accessTestCaseMainPhase(CommonExecutor.java:65)
	at com.kms.katalon.core.main.TestSuiteExecutor.accessTestSuiteMainPhase(TestSuiteExecutor.java:144)
	at com.kms.katalon.core.main.TestSuiteExecutor.execute(TestSuiteExecutor.java:106)
	at com.kms.katalon.core.main.TestCaseMain.startTestSuite(TestCaseMain.java:185)
	at com.kms.katalon.core.main.TestCaseMain$startTestSuite$0.call(Unknown Source)
	at TempTestSuite1705920083951.run(TempTestSuite1705920083951.groovy:36)
)
[[ATTACHMENT|C:\\Users\\Fadli\\git\\KatalonDailyGetData2\\Reports\\20240122_174123\\TS1\\20240122_174123\\1705921071978.png]]

2024-01-22 17:57:52 - [TEST_STEP][PASSED] - else: null

2024-01-22 17:57:52 - [TEST_STEP][PASSED] - strBuyer2 = getText(findTestObject("Stockbit/Bandarmology_Buyer2")): Text of object 'Object Repository/Stockbit/Bandarmology_Buyer2' is: 'PD'

2024-01-22 17:57:52 - [MESSAGE][PASSED] - Text of object 'Object Repository/Stockbit/Bandarmology_Buyer2' is: 'PD'

2024-01-22 17:57:52 - [TEST_STEP][PASSED] - strBuyerVol2 = getText(findTestObject("Stockbit/Bandarmology_BuyerVol2")): Text of object 'Object Repository/Stockbit/Bandarmology_BuyerVol2' is: '21'

2024-01-22 17:57:52 - [MESSAGE][PASSED] - Text of object 'Object Repository/Stockbit/Bandarmology_BuyerVol2' is: '21'

2024-01-22 17:57:52 - [TEST_STEP][PASSED] - strBuyerAvg2 = getText(findTestObject("Stockbit/Bandarmology_BuyerAvg2")): Text of object 'Object Repository/Stockbit/Bandarmology_BuyerAvg2' is: '450'

2024-01-22 17:57:52 - [MESSAGE][PASSED] - Text of object 'Object Repository/Stockbit/Bandarmology_BuyerAvg2' is: '450'

2024-01-22 17:57:52 - [TEST_STEP][PASSED] - if (strBuyer2 != ""): null

2024-01-22 17:57:52 - [TEST_STEP][PASSED] - if (strBuyerAvg2.contains(",")): null

2024-01-22 17:57:52 - [TEST_STEP][PASSED] - if (strBuyerVol2.contains(" B")): null

2024-01-22 17:57:52 - [TEST_STEP][PASSED] - if (strBuyerVol2.contains(".")): null

2024-01-22 17:57:52 - [TEST_STEP][PASSED] - if (verifyElementNotPresent(findTestObject("Stockbit/Bandarmology_Seller2"), 1, OPTIONAL)): Web element with id: 'Object Repository/Stockbit/Bandarmology_Seller2' located by 'By.xpath: //*[contains(@id, 'rc-tabs-')]/div[2]/div/div/div/div/div/div[2]/table/tbody/tr[3]/td[5]/p' is present after '1' second(s) (Root cause: com.kms.katalon.core.exception.StepFailedException: Web element with id: 'Object Repository/Stockbit/Bandarmology_Seller2' located by 'By.xpath: //*[contains(@id, 'rc-tabs-')]/div[2]/div/div/div/div/div/div[2]/table/tbody/tr[3]/td[5]/p' is present after '1' second(s)
	at com.kms.katalon.core.webui.keyword.internal.WebUIKeywordMain.stepFailed(WebUIKeywordMain.groovy:64)
	at com.kms.katalon.core.webui.keyword.internal.WebUIKeywordMain$stepFailed$0.call(Unknown Source)
	at com.kms.katalon.core.webui.keyword.builtin.VerifyElementNotPresentKeyword$_verifyElementNotPresent_closure1.doCall(VerifyElementNotPresentKeyword.groovy:106)
	at com.kms.katalon.core.webui.keyword.builtin.VerifyElementNotPresentKeyword$_verifyElementNotPresent_closure1.doCall(VerifyElementNotPresentKeyword.groovy)
	at com.kms.katalon.core.webui.keyword.internal.WebUIKeywordMain.runKeyword(WebUIKeywordMain.groovy:20)
	at com.kms.katalon.core.webui.keyword.internal.WebUIKeywordMain$runKeyword.call(Unknown Source)
	at com.kms.katalon.core.webui.keyword.builtin.VerifyElementNotPresentKeyword.verifyElementNotPresent(VerifyElementNotPresentKeyword.groovy:117)
	at com.kms.katalon.core.webui.keyword.builtin.VerifyElementNotPresentKeyword.execute(VerifyElementNotPresentKeyword.groovy:68)
	at com.kms.katalon.core.keyword.internal.KeywordExecutor.executeKeywordForPlatform(KeywordExecutor.groovy:74)
	at com.kms.katalon.core.webui.keyword.WebUiBuiltInKeywords.verifyElementNotPresent(WebUiBuiltInKeywords.groovy:1481)
	at com.kms.katalon.core.webui.keyword.WebUiBuiltInKeywords$verifyElementNotPresent$8.call(Unknown Source)
	at GetBrokSumPriceDaily.run(GetBrokSumPriceDaily:309)
	at com.kms.katalon.core.main.ScriptEngine.run(ScriptEngine.java:194)
	at com.kms.katalon.core.main.ScriptEngine.runScriptAsRawText(ScriptEngine.java:119)
	at com.kms.katalon.core.main.TestCaseExecutor.runScript(TestCaseExecutor.java:445)
	at com.kms.katalon.core.main.TestCaseExecutor.doExecute(TestCaseExecutor.java:436)
	at com.kms.katalon.core.main.TestCaseExecutor.processExecutionPhase(TestCaseExecutor.java:415)
	at com.kms.katalon.core.main.TestCaseExecutor.accessMainPhase(TestCaseExecutor.java:407)
	at com.kms.katalon.core.main.TestCaseExecutor.execute(TestCaseExecutor.java:284)
	at com.kms.katalon.core.common.CommonExecutor.accessTestCaseMainPhase(CommonExecutor.java:65)
	at com.kms.katalon.core.main.TestSuiteExecutor.accessTestSuiteMainPhase(TestSuiteExecutor.java:144)
	at com.kms.katalon.core.main.TestSuiteExecutor.execute(TestSuiteExecutor.java:106)
	at com.kms.katalon.core.main.TestCaseMain.startTestSuite(TestCaseMain.java:185)
	at com.kms.katalon.core.main.TestCaseMain$startTestSuite$0.call(Unknown Source)
	at TempTestSuite1705920083951.run(TempTestSuite1705920083951.groovy:36)
)

2024-01-22 17:57:53 - [MESSAGE][WARNING] - Web element with id: 'Object Repository/Stockbit/Bandarmology_Seller2' located by 'By.xpath: //*[contains(@id, 'rc-tabs-')]/div[2]/div/div/div/div/div/div[2]/table/tbody/tr[3]/td[5]/p' is present after '1' second(s) (Root cause: com.kms.katalon.core.exception.StepFailedException: Web element with id: 'Object Repository/Stockbit/Bandarmology_Seller2' located by 'By.xpath: //*[contains(@id, 'rc-tabs-')]/div[2]/div/div/div/div/div/div[2]/table/tbody/tr[3]/td[5]/p' is present after '1' second(s)
	at com.kms.katalon.core.webui.keyword.internal.WebUIKeywordMain.stepFailed(WebUIKeywordMain.groovy:64)
	at com.kms.katalon.core.webui.keyword.internal.WebUIKeywordMain$stepFailed$0.call(Unknown Source)
	at com.kms.katalon.core.webui.keyword.builtin.VerifyElementNotPresentKeyword$_verifyElementNotPresent_closure1.doCall(VerifyElementNotPresentKeyword.groovy:106)
	at com.kms.katalon.core.webui.keyword.builtin.VerifyElementNotPresentKeyword$_verifyElementNotPresent_closure1.doCall(VerifyElementNotPresentKeyword.groovy)
	at com.kms.katalon.core.webui.keyword.internal.WebUIKeywordMain.runKeyword(WebUIKeywordMain.groovy:20)
	at com.kms.katalon.core.webui.keyword.internal.WebUIKeywordMain$runKeyword.call(Unknown Source)
	at com.kms.katalon.core.webui.keyword.builtin.VerifyElementNotPresentKeyword.verifyElementNotPresent(VerifyElementNotPresentKeyword.groovy:117)
	at com.kms.katalon.core.webui.keyword.builtin.VerifyElementNotPresentKeyword.execute(VerifyElementNotPresentKeyword.groovy:68)
	at com.kms.katalon.core.keyword.internal.KeywordExecutor.executeKeywordForPlatform(KeywordExecutor.groovy:74)
	at com.kms.katalon.core.webui.keyword.WebUiBuiltInKeywords.verifyElementNotPresent(WebUiBuiltInKeywords.groovy:1481)
	at com.kms.katalon.core.webui.keyword.WebUiBuiltInKeywords$verifyElementNotPresent$8.call(Unknown Source)
	at GetBrokSumPriceDaily.run(GetBrokSumPriceDaily:309)
	at com.kms.katalon.core.main.ScriptEngine.run(ScriptEngine.java:194)
	at com.kms.katalon.core.main.ScriptEngine.runScriptAsRawText(ScriptEngine.java:119)
	at com.kms.katalon.core.main.TestCaseExecutor.runScript(TestCaseExecutor.java:445)
	at com.kms.katalon.core.main.TestCaseExecutor.doExecute(TestCaseExecutor.java:436)
	at com.kms.katalon.core.main.TestCaseExecutor.processExecutionPhase(TestCaseExecutor.java:415)
	at com.kms.katalon.core.main.TestCaseExecutor.accessMainPhase(TestCaseExecutor.java:407)
	at com.kms.katalon.core.main.TestCaseExecutor.execute(TestCaseExecutor.java:284)
	at com.kms.katalon.core.common.CommonExecutor.accessTestCaseMainPhase(CommonExecutor.java:65)
	at com.kms.katalon.core.main.TestSuiteExecutor.accessTestSuiteMainPhase(TestSuiteExecutor.java:144)
	at com.kms.katalon.core.main.TestSuiteExecutor.execute(TestSuiteExecutor.java:106)
	at com.kms.katalon.core.main.TestCaseMain.startTestSuite(TestCaseMain.java:185)
	at com.kms.katalon.core.main.TestCaseMain$startTestSuite$0.call(Unknown Source)
	at TempTestSuite1705920083951.run(TempTestSuite1705920083951.groovy:36)
)
[[ATTACHMENT|C:\\Users\\Fadli\\git\\KatalonDailyGetData2\\Reports\\20240122_174123\\TS1\\20240122_174123\\1705921073664.png]]

2024-01-22 17:57:53 - [TEST_STEP][PASSED] - else: null

2024-01-22 17:57:53 - [TEST_STEP][PASSED] - strSeller2 = getText(findTestObject("Stockbit/Bandarmology_Seller2")): Text of object 'Object Repository/Stockbit/Bandarmology_Seller2' is: 'CC'

2024-01-22 17:57:53 - [MESSAGE][PASSED] - Text of object 'Object Repository/Stockbit/Bandarmology_Seller2' is: 'CC'

2024-01-22 17:57:53 - [TEST_STEP][PASSED] - strSellerVol2 = getText(findTestObject("Stockbit/Bandarmology_SellerVol2")): Text of object 'Object Repository/Stockbit/Bandarmology_SellerVol2' is: '8'

2024-01-22 17:57:54 - [MESSAGE][PASSED] - Text of object 'Object Repository/Stockbit/Bandarmology_SellerVol2' is: '8'

2024-01-22 17:57:54 - [TEST_STEP][PASSED] - strSellerAvg2 = getText(findTestObject("Stockbit/Bandarmology_SellerAvg2")): Text of object 'Object Repository/Stockbit/Bandarmology_SellerAvg2' is: '450'

2024-01-22 17:57:54 - [MESSAGE][PASSED] - Text of object 'Object Repository/Stockbit/Bandarmology_SellerAvg2' is: '450'

2024-01-22 17:57:54 - [TEST_STEP][PASSED] - if (strSeller2 != ""): null

2024-01-22 17:57:54 - [TEST_STEP][PASSED] - if (strSellerAvg2.contains(",")): null

2024-01-22 17:57:54 - [TEST_STEP][PASSED] - if (strSellerVol2.contains(" B")): null

2024-01-22 17:57:54 - [TEST_STEP][PASSED] - if (verifyElementNotPresent(findTestObject("Stockbit/Bandarmology_Buyer3"), 1, OPTIONAL)): Web element with id: 'Object Repository/Stockbit/Bandarmology_Buyer3' located by 'By.xpath: //*[contains(@id, 'rc-tabs-')]/div[2]/div/div/div/div/div/div[2]/table/tbody/tr[4]/td[1]/p' is present after '1' second(s) (Root cause: com.kms.katalon.core.exception.StepFailedException: Web element with id: 'Object Repository/Stockbit/Bandarmology_Buyer3' located by 'By.xpath: //*[contains(@id, 'rc-tabs-')]/div[2]/div/div/div/div/div/div[2]/table/tbody/tr[4]/td[1]/p' is present after '1' second(s)
	at com.kms.katalon.core.webui.keyword.internal.WebUIKeywordMain.stepFailed(WebUIKeywordMain.groovy:64)
	at com.kms.katalon.core.webui.keyword.internal.WebUIKeywordMain$stepFailed$0.call(Unknown Source)
	at com.kms.katalon.core.webui.keyword.builtin.VerifyElementNotPresentKeyword$_verifyElementNotPresent_closure1.doCall(VerifyElementNotPresentKeyword.groovy:106)
	at com.kms.katalon.core.webui.keyword.builtin.VerifyElementNotPresentKeyword$_verifyElementNotPresent_closure1.doCall(VerifyElementNotPresentKeyword.groovy)
	at com.kms.katalon.core.webui.keyword.internal.WebUIKeywordMain.runKeyword(WebUIKeywordMain.groovy:20)
	at com.kms.katalon.core.webui.keyword.internal.WebUIKeywordMain$runKeyword.call(Unknown Source)
	at com.kms.katalon.core.webui.keyword.builtin.VerifyElementNotPresentKeyword.verifyElementNotPresent(VerifyElementNotPresentKeyword.groovy:117)
	at com.kms.katalon.core.webui.keyword.builtin.VerifyElementNotPresentKeyword.execute(VerifyElementNotPresentKeyword.groovy:68)
	at com.kms.katalon.core.keyword.internal.KeywordExecutor.executeKeywordForPlatform(KeywordExecutor.groovy:74)
	at com.kms.katalon.core.webui.keyword.WebUiBuiltInKeywords.verifyElementNotPresent(WebUiBuiltInKeywords.groovy:1481)
	at com.kms.katalon.core.webui.keyword.WebUiBuiltInKeywords$verifyElementNotPresent$8.call(Unknown Source)
	at GetBrokSumPriceDaily.run(GetBrokSumPriceDaily:361)
	at com.kms.katalon.core.main.ScriptEngine.run(ScriptEngine.java:194)
	at com.kms.katalon.core.main.ScriptEngine.runScriptAsRawText(ScriptEngine.java:119)
	at com.kms.katalon.core.main.TestCaseExecutor.runScript(TestCaseExecutor.java:445)
	at com.kms.katalon.core.main.TestCaseExecutor.doExecute(TestCaseExecutor.java:436)
	at com.kms.katalon.core.main.TestCaseExecutor.processExecutionPhase(TestCaseExecutor.java:415)
	at com.kms.katalon.core.main.TestCaseExecutor.accessMainPhase(TestCaseExecutor.java:407)
	at com.kms.katalon.core.main.TestCaseExecutor.execute(TestCaseExecutor.java:284)
	at com.kms.katalon.core.common.CommonExecutor.accessTestCaseMainPhase(CommonExecutor.java:65)
	at com.kms.katalon.core.main.TestSuiteExecutor.accessTestSuiteMainPhase(TestSuiteExecutor.java:144)
	at com.kms.katalon.core.main.TestSuiteExecutor.execute(TestSuiteExecutor.java:106)
	at com.kms.katalon.core.main.TestCaseMain.startTestSuite(TestCaseMain.java:185)
	at com.kms.katalon.core.main.TestCaseMain$startTestSuite$0.call(Unknown Source)
	at TempTestSuite1705920083951.run(TempTestSuite1705920083951.groovy:36)
)

2024-01-22 17:57:55 - [MESSAGE][WARNING] - Web element with id: 'Object Repository/Stockbit/Bandarmology_Buyer3' located by 'By.xpath: //*[contains(@id, 'rc-tabs-')]/div[2]/div/div/div/div/div/div[2]/table/tbody/tr[4]/td[1]/p' is present after '1' second(s) (Root cause: com.kms.katalon.core.exception.StepFailedException: Web element with id: 'Object Repository/Stockbit/Bandarmology_Buyer3' located by 'By.xpath: //*[contains(@id, 'rc-tabs-')]/div[2]/div/div/div/div/div/div[2]/table/tbody/tr[4]/td[1]/p' is present after '1' second(s)
	at com.kms.katalon.core.webui.keyword.internal.WebUIKeywordMain.stepFailed(WebUIKeywordMain.groovy:64)
	at com.kms.katalon.core.webui.keyword.internal.WebUIKeywordMain$stepFailed$0.call(Unknown Source)
	at com.kms.katalon.core.webui.keyword.builtin.VerifyElementNotPresentKeyword$_verifyElementNotPresent_closure1.doCall(VerifyElementNotPresentKeyword.groovy:106)
	at com.kms.katalon.core.webui.keyword.builtin.VerifyElementNotPresentKeyword$_verifyElementNotPresent_closure1.doCall(VerifyElementNotPresentKeyword.groovy)
	at com.kms.katalon.core.webui.keyword.internal.WebUIKeywordMain.runKeyword(WebUIKeywordMain.groovy:20)
	at com.kms.katalon.core.webui.keyword.internal.WebUIKeywordMain$runKeyword.call(Unknown Source)
	at com.kms.katalon.core.webui.keyword.builtin.VerifyElementNotPresentKeyword.verifyElementNotPresent(VerifyElementNotPresentKeyword.groovy:117)
	at com.kms.katalon.core.webui.keyword.builtin.VerifyElementNotPresentKeyword.execute(VerifyElementNotPresentKeyword.groovy:68)
	at com.kms.katalon.core.keyword.internal.KeywordExecutor.executeKeywordForPlatform(KeywordExecutor.groovy:74)
	at com.kms.katalon.core.webui.keyword.WebUiBuiltInKeywords.verifyElementNotPresent(WebUiBuiltInKeywords.groovy:1481)
	at com.kms.katalon.core.webui.keyword.WebUiBuiltInKeywords$verifyElementNotPresent$8.call(Unknown Source)
	at GetBrokSumPriceDaily.run(GetBrokSumPriceDaily:361)
	at com.kms.katalon.core.main.ScriptEngine.run(ScriptEngine.java:194)
	at com.kms.katalon.core.main.ScriptEngine.runScriptAsRawText(ScriptEngine.java:119)
	at com.kms.katalon.core.main.TestCaseExecutor.runScript(TestCaseExecutor.java:445)
	at com.kms.katalon.core.main.TestCaseExecutor.doExecute(TestCaseExecutor.java:436)
	at com.kms.katalon.core.main.TestCaseExecutor.processExecutionPhase(TestCaseExecutor.java:415)
	at com.kms.katalon.core.main.TestCaseExecutor.accessMainPhase(TestCaseExecutor.java:407)
	at com.kms.katalon.core.main.TestCaseExecutor.execute(TestCaseExecutor.java:284)
	at com.kms.katalon.core.common.CommonExecutor.accessTestCaseMainPhase(CommonExecutor.java:65)
	at com.kms.katalon.core.main.TestSuiteExecutor.accessTestSuiteMainPhase(TestSuiteExecutor.java:144)
	at com.kms.katalon.core.main.TestSuiteExecutor.execute(TestSuiteExecutor.java:106)
	at com.kms.katalon.core.main.TestCaseMain.startTestSuite(TestCaseMain.java:185)
	at com.kms.katalon.core.main.TestCaseMain$startTestSuite$0.call(Unknown Source)
	at TempTestSuite1705920083951.run(TempTestSuite1705920083951.groovy:36)
)
[[ATTACHMENT|C:\\Users\\Fadli\\git\\KatalonDailyGetData2\\Reports\\20240122_174123\\TS1\\20240122_174123\\1705921075379.png]]

2024-01-22 17:57:55 - [TEST_STEP][PASSED] - else: null

2024-01-22 17:57:55 - [TEST_STEP][PASSED] - strBuyer3 = getText(findTestObject("Stockbit/Bandarmology_Buyer3")): Text of object 'Object Repository/Stockbit/Bandarmology_Buyer3' is: 'CP'

2024-01-22 17:57:55 - [MESSAGE][PASSED] - Text of object 'Object Repository/Stockbit/Bandarmology_Buyer3' is: 'CP'

2024-01-22 17:57:55 - [TEST_STEP][PASSED] - strBuyerVol3 = getText(findTestObject("Stockbit/Bandarmology_BuyerVol3")): Text of object 'Object Repository/Stockbit/Bandarmology_BuyerVol3' is: '10'

2024-01-22 17:57:55 - [MESSAGE][PASSED] - Text of object 'Object Repository/Stockbit/Bandarmology_BuyerVol3' is: '10'

2024-01-22 17:57:55 - [TEST_STEP][PASSED] - strBuyerAvg3 = getText(findTestObject("Stockbit/Bandarmology_BuyerAvg3")): Text of object 'Object Repository/Stockbit/Bandarmology_BuyerAvg3' is: '450'

2024-01-22 17:57:55 - [MESSAGE][PASSED] - Text of object 'Object Repository/Stockbit/Bandarmology_BuyerAvg3' is: '450'

2024-01-22 17:57:55 - [TEST_STEP][PASSED] - if (strBuyer3 != ""): null

2024-01-22 17:57:55 - [TEST_STEP][PASSED] - if (strBuyerAvg3.contains(",")): null

2024-01-22 17:57:55 - [TEST_STEP][PASSED] - if (strBuyerVol3.contains(" B")): null

2024-01-22 17:57:55 - [TEST_STEP][PASSED] - if (verifyElementNotPresent(findTestObject("Stockbit/Bandarmology_Seller3"), 1, OPTIONAL)): Web element with id: 'Object Repository/Stockbit/Bandarmology_Seller3' located by 'By.xpath: //*[contains(@id, 'rc-tabs-')]/div[2]/div/div/div/div/div/div[2]/table/tbody/tr[4]/td[5]/p' is present after '1' second(s) (Root cause: com.kms.katalon.core.exception.StepFailedException: Web element with id: 'Object Repository/Stockbit/Bandarmology_Seller3' located by 'By.xpath: //*[contains(@id, 'rc-tabs-')]/div[2]/div/div/div/div/div/div[2]/table/tbody/tr[4]/td[5]/p' is present after '1' second(s)
	at com.kms.katalon.core.webui.keyword.internal.WebUIKeywordMain.stepFailed(WebUIKeywordMain.groovy:64)
	at com.kms.katalon.core.webui.keyword.internal.WebUIKeywordMain$stepFailed$0.call(Unknown Source)
	at com.kms.katalon.core.webui.keyword.builtin.VerifyElementNotPresentKeyword$_verifyElementNotPresent_closure1.doCall(VerifyElementNotPresentKeyword.groovy:106)
	at com.kms.katalon.core.webui.keyword.builtin.VerifyElementNotPresentKeyword$_verifyElementNotPresent_closure1.doCall(VerifyElementNotPresentKeyword.groovy)
	at com.kms.katalon.core.webui.keyword.internal.WebUIKeywordMain.runKeyword(WebUIKeywordMain.groovy:20)
	at com.kms.katalon.core.webui.keyword.internal.WebUIKeywordMain$runKeyword.call(Unknown Source)
	at com.kms.katalon.core.webui.keyword.builtin.VerifyElementNotPresentKeyword.verifyElementNotPresent(VerifyElementNotPresentKeyword.groovy:117)
	at com.kms.katalon.core.webui.keyword.builtin.VerifyElementNotPresentKeyword.execute(VerifyElementNotPresentKeyword.groovy:68)
	at com.kms.katalon.core.keyword.internal.KeywordExecutor.executeKeywordForPlatform(KeywordExecutor.groovy:74)
	at com.kms.katalon.core.webui.keyword.WebUiBuiltInKeywords.verifyElementNotPresent(WebUiBuiltInKeywords.groovy:1481)
	at com.kms.katalon.core.webui.keyword.WebUiBuiltInKeywords$verifyElementNotPresent$8.call(Unknown Source)
	at GetBrokSumPriceDaily.run(GetBrokSumPriceDaily:414)
	at com.kms.katalon.core.main.ScriptEngine.run(ScriptEngine.java:194)
	at com.kms.katalon.core.main.ScriptEngine.runScriptAsRawText(ScriptEngine.java:119)
	at com.kms.katalon.core.main.TestCaseExecutor.runScript(TestCaseExecutor.java:445)
	at com.kms.katalon.core.main.TestCaseExecutor.doExecute(TestCaseExecutor.java:436)
	at com.kms.katalon.core.main.TestCaseExecutor.processExecutionPhase(TestCaseExecutor.java:415)
	at com.kms.katalon.core.main.TestCaseExecutor.accessMainPhase(TestCaseExecutor.java:407)
	at com.kms.katalon.core.main.TestCaseExecutor.execute(TestCaseExecutor.java:284)
	at com.kms.katalon.core.common.CommonExecutor.accessTestCaseMainPhase(CommonExecutor.java:65)
	at com.kms.katalon.core.main.TestSuiteExecutor.accessTestSuiteMainPhase(TestSuiteExecutor.java:144)
	at com.kms.katalon.core.main.TestSuiteExecutor.execute(TestSuiteExecutor.java:106)
	at com.kms.katalon.core.main.TestCaseMain.startTestSuite(TestCaseMain.java:185)
	at com.kms.katalon.core.main.TestCaseMain$startTestSuite$0.call(Unknown Source)
	at TempTestSuite1705920083951.run(TempTestSuite1705920083951.groovy:36)
)

2024-01-22 17:57:57 - [MESSAGE][WARNING] - Web element with id: 'Object Repository/Stockbit/Bandarmology_Seller3' located by 'By.xpath: //*[contains(@id, 'rc-tabs-')]/div[2]/div/div/div/div/div/div[2]/table/tbody/tr[4]/td[5]/p' is present after '1' second(s) (Root cause: com.kms.katalon.core.exception.StepFailedException: Web element with id: 'Object Repository/Stockbit/Bandarmology_Seller3' located by 'By.xpath: //*[contains(@id, 'rc-tabs-')]/div[2]/div/div/div/div/div/div[2]/table/tbody/tr[4]/td[5]/p' is present after '1' second(s)
	at com.kms.katalon.core.webui.keyword.internal.WebUIKeywordMain.stepFailed(WebUIKeywordMain.groovy:64)
	at com.kms.katalon.core.webui.keyword.internal.WebUIKeywordMain$stepFailed$0.call(Unknown Source)
	at com.kms.katalon.core.webui.keyword.builtin.VerifyElementNotPresentKeyword$_verifyElementNotPresent_closure1.doCall(VerifyElementNotPresentKeyword.groovy:106)
	at com.kms.katalon.core.webui.keyword.builtin.VerifyElementNotPresentKeyword$_verifyElementNotPresent_closure1.doCall(VerifyElementNotPresentKeyword.groovy)
	at com.kms.katalon.core.webui.keyword.internal.WebUIKeywordMain.runKeyword(WebUIKeywordMain.groovy:20)
	at com.kms.katalon.core.webui.keyword.internal.WebUIKeywordMain$runKeyword.call(Unknown Source)
	at com.kms.katalon.core.webui.keyword.builtin.VerifyElementNotPresentKeyword.verifyElementNotPresent(VerifyElementNotPresentKeyword.groovy:117)
	at com.kms.katalon.core.webui.keyword.builtin.VerifyElementNotPresentKeyword.execute(VerifyElementNotPresentKeyword.groovy:68)
	at com.kms.katalon.core.keyword.internal.KeywordExecutor.executeKeywordForPlatform(KeywordExecutor.groovy:74)
	at com.kms.katalon.core.webui.keyword.WebUiBuiltInKeywords.verifyElementNotPresent(WebUiBuiltInKeywords.groovy:1481)
	at com.kms.katalon.core.webui.keyword.WebUiBuiltInKeywords$verifyElementNotPresent$8.call(Unknown Source)
	at GetBrokSumPriceDaily.run(GetBrokSumPriceDaily:414)
	at com.kms.katalon.core.main.ScriptEngine.run(ScriptEngine.java:194)
	at com.kms.katalon.core.main.ScriptEngine.runScriptAsRawText(ScriptEngine.java:119)
	at com.kms.katalon.core.main.TestCaseExecutor.runScript(TestCaseExecutor.java:445)
	at com.kms.katalon.core.main.TestCaseExecutor.doExecute(TestCaseExecutor.java:436)
	at com.kms.katalon.core.main.TestCaseExecutor.processExecutionPhase(TestCaseExecutor.java:415)
	at com.kms.katalon.core.main.TestCaseExecutor.accessMainPhase(TestCaseExecutor.java:407)
	at com.kms.katalon.core.main.TestCaseExecutor.execute(TestCaseExecutor.java:284)
	at com.kms.katalon.core.common.CommonExecutor.accessTestCaseMainPhase(CommonExecutor.java:65)
	at com.kms.katalon.core.main.TestSuiteExecutor.accessTestSuiteMainPhase(TestSuiteExecutor.java:144)
	at com.kms.katalon.core.main.TestSuiteExecutor.execute(TestSuiteExecutor.java:106)
	at com.kms.katalon.core.main.TestCaseMain.startTestSuite(TestCaseMain.java:185)
	at com.kms.katalon.core.main.TestCaseMain$startTestSuite$0.call(Unknown Source)
	at TempTestSuite1705920083951.run(TempTestSuite1705920083951.groovy:36)
)
[[ATTACHMENT|C:\\Users\\Fadli\\git\\KatalonDailyGetData2\\Reports\\20240122_174123\\TS1\\20240122_174123\\1705921077053.png]]

2024-01-22 17:57:57 - [TEST_STEP][PASSED] - else: null

2024-01-22 17:57:57 - [TEST_STEP][PASSED] - strSeller3 = getText(findTestObject("Stockbit/Bandarmology_Seller3")): Text of object 'Object Repository/Stockbit/Bandarmology_Seller3' is: 'OD'

2024-01-22 17:57:57 - [MESSAGE][PASSED] - Text of object 'Object Repository/Stockbit/Bandarmology_Seller3' is: 'OD'

2024-01-22 17:57:57 - [TEST_STEP][PASSED] - strSellerVol3 = getText(findTestObject("Stockbit/Bandarmology_SellerVol3")): Text of object 'Object Repository/Stockbit/Bandarmology_SellerVol3' is: '2'

2024-01-22 17:57:57 - [MESSAGE][PASSED] - Text of object 'Object Repository/Stockbit/Bandarmology_SellerVol3' is: '2'

2024-01-22 17:57:57 - [TEST_STEP][PASSED] - strSellerAvg3 = getText(findTestObject("Stockbit/Bandarmology_SellerAvg3")): Text of object 'Object Repository/Stockbit/Bandarmology_SellerAvg3' is: '450'

2024-01-22 17:57:57 - [MESSAGE][PASSED] - Text of object 'Object Repository/Stockbit/Bandarmology_SellerAvg3' is: '450'

2024-01-22 17:57:57 - [TEST_STEP][PASSED] - if (strSeller3 != ""): null

2024-01-22 17:57:57 - [TEST_STEP][PASSED] - if (strSellerAvg3.contains(",")): null

2024-01-22 17:57:57 - [TEST_STEP][PASSED] - if (strSellerVol3.contains(" B")): null

2024-01-22 17:57:57 - [TEST_STEP][PASSED] - strAccDist = getText(findTestObject("Stockbit/Bandarmology_AccDist")): Text of object 'Object Repository/Stockbit/Bandarmology_AccDist' is: 'Dist'

2024-01-22 17:57:57 - [MESSAGE][PASSED] - Text of object 'Object Repository/Stockbit/Bandarmology_AccDist' is: 'Dist'

2024-01-22 17:57:57 - [TEST_STEP][PASSED] - strNetVol = getText(findTestObject("Stockbit/Bandarmology_NetVol")): Text of object 'Object Repository/Stockbit/Bandarmology_NetVol' is: '56'

2024-01-22 17:57:57 - [MESSAGE][PASSED] - Text of object 'Object Repository/Stockbit/Bandarmology_NetVol' is: '56'

2024-01-22 17:57:57 - [TEST_STEP][PASSED] - strNetVol = strNetVol.replace(",", ""): null

2024-01-22 17:57:57 - [TEST_STEP][PASSED] - strNetVal = getText(findTestObject("Stockbit/Bandarmology_NetVal")): Text of object 'Object Repository/Stockbit/Bandarmology_NetVal' is: '0 B'

2024-01-22 17:57:57 - [MESSAGE][PASSED] - Text of object 'Object Repository/Stockbit/Bandarmology_NetVal' is: '0 B'

2024-01-22 17:57:57 - [TEST_STEP][PASSED] - delay(3): Delayed 3 second(s)

2024-01-22 17:58:00 - [MESSAGE][PASSED] - Delayed 3 second(s)

2024-01-22 17:58:00 - [TEST_STEP][PASSED] - strOpenPrice = getText(findTestObject("Stockbit/Home_OpenPrice")): Text of object 'Object Repository/Stockbit/Home_OpenPrice' is: '450'

2024-01-22 17:58:01 - [MESSAGE][PASSED] - Text of object 'Object Repository/Stockbit/Home_OpenPrice' is: '450'

2024-01-22 17:58:01 - [TEST_STEP][PASSED] - strOpenPrice = strOpenPrice.replace(",", ""): null

2024-01-22 17:58:01 - [TEST_STEP][PASSED] - strLowPrice = getText(findTestObject("Stockbit/Home_LowPrice")): Text of object 'Object Repository/Stockbit/Home_LowPrice' is: '450'

2024-01-22 17:58:01 - [MESSAGE][PASSED] - Text of object 'Object Repository/Stockbit/Home_LowPrice' is: '450'

2024-01-22 17:58:01 - [TEST_STEP][PASSED] - strLowPrice = strLowPrice.replace(",", ""): null

2024-01-22 17:58:01 - [TEST_STEP][PASSED] - strHighPrice = getText(findTestObject("Stockbit/Home_HighPrice")): Text of object 'Object Repository/Stockbit/Home_HighPrice' is: '452'

2024-01-22 17:58:01 - [MESSAGE][PASSED] - Text of object 'Object Repository/Stockbit/Home_HighPrice' is: '452'

2024-01-22 17:58:01 - [TEST_STEP][PASSED] - strHighPrice = strHighPrice.replace(",", ""): null

2024-01-22 17:58:01 - [TEST_STEP][PASSED] - strClosePrice = getText(findTestObject("Stockbit/Home_ClosePrice")): Text of object 'Object Repository/Stockbit/Home_ClosePrice' is: '450'

2024-01-22 17:58:01 - [MESSAGE][PASSED] - Text of object 'Object Repository/Stockbit/Home_ClosePrice' is: '450'

2024-01-22 17:58:01 - [TEST_STEP][PASSED] - strClosePrice = strClosePrice.replace(",", ""): null

2024-01-22 17:58:01 - [TEST_STEP][PASSED] - strVol = getText(findTestObject("Stockbit/Home_Volume")): Text of object 'Object Repository/Stockbit/Home_Volume' is: '113'

2024-01-22 17:58:01 - [MESSAGE][PASSED] - Text of object 'Object Repository/Stockbit/Home_Volume' is: '113'

2024-01-22 17:58:01 - [TEST_STEP][PASSED] - if (strVol.contains(" K")): null

2024-01-22 17:58:01 - [TEST_STEP][PASSED] - if (strVol.contains(",")): null

2024-01-22 17:58:01 - [TEST_STEP][PASSED] - strChange = getText(findTestObject("Stockbit/Home_Change")): Text of object 'Object Repository/Stockbit/Home_Change' is: '-1.75%'

2024-01-22 17:58:01 - [MESSAGE][PASSED] - Text of object 'Object Repository/Stockbit/Home_Change' is: '-1.75%'

2024-01-22 17:58:01 - [TEST_STEP][PASSED] - strChange = strChange.replace("%", ""): null

2024-01-22 17:58:01 - [TEST_STEP][PASSED] - strFreq = getText(findTestObject("Stockbit/Home_Freq")): Text of object 'Object Repository/Stockbit/Home_Freq' is: '11'

2024-01-22 17:58:01 - [MESSAGE][PASSED] - Text of object 'Object Repository/Stockbit/Home_Freq' is: '11'

2024-01-22 17:58:01 - [TEST_STEP][PASSED] - if (strFreq.contains(",")): null

2024-01-22 17:58:01 - [TEST_STEP][PASSED] - if (strFreq == "NA" || strFreq == ""): null

2024-01-22 17:58:01 - [TEST_STEP][PASSED] - else: null

2024-01-22 17:58:01 - [TEST_STEP][PASSED] - dblFreqAnal = strVol.toDouble() / strFreq.toDouble() * strFreq.toDouble() * strFreq.toDouble() * 100000000: null

2024-01-22 17:58:01 - [TEST_STEP][PASSED] - strFreqAnal = String.format("%.4f", dblFreqAnal): null

2024-01-22 17:58:01 - [TEST_STEP][PASSED] - out.println("Double strFreqAnal: " + strFreqAnal): null

2024-01-22 17:58:01 - [TEST_STEP][PASSED] - strTanggal = d.format(DateTimeFormatter.ofPattern("yyyy-MM-dd")): null

2024-01-22 17:58:01 - [TEST_STEP][PASSED] - strTanggal = "#" + strTanggal + "#": null

2024-01-22 17:58:01 - [TEST_STEP][PASSED] - strSQL = "select count(*) as JumBaris from TblBrokSum where Nama = '" + strNama + "' and Tanggal = " + strTanggal + "": null

2024-01-22 17:58:01 - [TEST_STEP][PASSED] - resultSet = statement.executeQuery(strSQL): null

2024-01-22 17:58:01 - [TEST_STEP][PASSED] - resultSet.next(): null

2024-01-22 17:58:01 - [TEST_STEP][PASSED] - intJumBaris = resultSet.getInt("JumBaris"): null

2024-01-22 17:58:01 - [TEST_STEP][PASSED] - if (intJumBaris > 0): null

2024-01-22 17:58:01 - [TEST_STEP][PASSED] - else: null

2024-01-22 17:58:01 - [TEST_STEP][PASSED] - try: null

2024-01-22 17:58:01 - [TEST_STEP][PASSED] - out.println("Insert data"): null

2024-01-22 17:58:01 - [TEST_STEP][PASSED] - strSQL = "insert into TblBrokSum (nama, tanggal, top1, top2, top3, AllBrokAvg, AccDist, AvgRP, " + "Buyer1, BuyerVal1, BuyerAvg1, Seller1, SellerVal1, SellerAvg1, Buyer2, BuyerVal2, BuyerAvg2, " + "Seller2, SellerVal2, SellerAvg2, Buyer3, BuyerVal3, BuyerAvg3, Seller3, SellerVal3, SellerAvg3, NetVol, NetVal, " + "OpenPrice, LowPrice, HighPrice, ClosePrice, Volume, Change, Frekuensi, FrekAnal) " + "values ('" + strNama + "', " + strTanggal + ", '" + strTop1 + "', '" + strTop3 + "', '" + strTop5 + "', " + "'" + strAllBrokAvg + "', '" + strAccDist + "', " + intAvgRP + ", '" + strBuyer1 + "', '" + strBuyerVol1 + "', " + strBuyerAvg1 + ", " + "'" + strSeller1 + "', '" + strSellerVol1 + "', " + strSellerAvg1 + ", '" + strBuyer2 + "', '" + strBuyerVol2 + "', " + strBuyerAvg2 + ", " + "'" + strSeller2 + "', '" + strSellerVol2 + "', " + strSellerAvg2 + ", '" + strBuyer3 + "', '" + strBuyerVol3 + "', " + strBuyerAvg3 + ", " + "'" + strSeller3 + "', '" + strSellerVol3 + "', " + strSellerAvg3 + ", " + strNetVol + ", '" + strNetVal + "', " + "" + strOpenPrice + ", " + strLowPrice + ", " + strHighPrice + ", " + strClosePrice + ", '" + strVol + "', " + strChange + ", " + strFreq + ", " + strFreqAnal + ");": null

2024-01-22 17:58:01 - [TEST_STEP][PASSED] - out.println("strSQL = " + strSQL): null

2024-01-22 17:58:01 - [TEST_STEP][PASSED] - statement.executeUpdate(strSQL): null

2024-01-22 17:58:01 - [TEST_STEP][PASSED] - setValueToCellByIndex(sheet01, rowIndex, 4, "DONE"): null

2024-01-22 17:58:01 - [TEST_STEP][PASSED] - saveWorkbook(excelFilePath, workbook01): null

2024-01-22 17:58:01 - [TEST_STEP][PASSED] - waitForElementClickable(findTestObject("Stockbit/menu_Bandarmology"), 10): Object 'Object Repository/Stockbit/menu_Bandarmology' is clickable

2024-01-22 17:58:01 - [MESSAGE][PASSED] - Object 'Object Repository/Stockbit/menu_Bandarmology' is clickable

2024-01-22 17:58:01 - [TEST_STEP][PASSED] - click(findTestObject("Stockbit/menu_Bandarmology")): Object: 'Object Repository/Stockbit/menu_Bandarmology' is clicked on

2024-01-22 17:58:02 - [MESSAGE][PASSED] - Object: 'Object Repository/Stockbit/menu_Bandarmology' is clicked on

2024-01-22 17:58:02 - [TEST_STEP][PASSED] - strTemp = "NA": null

2024-01-22 17:58:02 - [TEST_STEP][PASSED] - if (getCellValueByIndex(sheet01, rowIndex, 4) != "DONE"): Object: 'Object Repository/Stockbit/menu_Bandarmology' is clicked on

2024-01-22 17:58:02 - [TEST_STEP][PASSED] - strNama = getCellValueByIndex(sheet01, rowIndex, 0): null

2024-01-22 17:58:02 - [TEST_STEP][PASSED] - navigateToUrl("https://stockbit.com/#/symbol/" + strNama): Navigate to 'https://stockbit.com/#/symbol/BKDP' successfully

2024-01-22 17:58:04 - [MESSAGE][PASSED] - Navigate to 'https://stockbit.com/#/symbol/BKDP' successfully

2024-01-22 17:58:04 - [TEST_STEP][PASSED] - waitForElementClickable(findTestObject("Stockbit/menu_Bandarmology"), 10): Object 'Object Repository/Stockbit/menu_Bandarmology' is clickable

2024-01-22 17:58:04 - [MESSAGE][PASSED] - Object 'Object Repository/Stockbit/menu_Bandarmology' is clickable

2024-01-22 17:58:04 - [TEST_STEP][PASSED] - click(findTestObject("Stockbit/menu_Bandarmology")): Object: 'Object Repository/Stockbit/menu_Bandarmology' is clicked on

2024-01-22 17:58:05 - [MESSAGE][PASSED] - Object: 'Object Repository/Stockbit/menu_Bandarmology' is clicked on

2024-01-22 17:58:05 - [TEST_STEP][PASSED] - strTanggal = d.format(DateTimeFormatter.ofPattern("MMM dd, yyyy")): null

2024-01-22 17:58:05 - [TEST_STEP][PASSED] - strTanggal = d.format(ISO_DATE): null

2024-01-22 17:58:05 - [TEST_STEP][PASSED] - out.println("strTanggal = " + strTanggal): null

2024-01-22 17:58:05 - [TEST_STEP][PASSED] - out.println("strNama = " + strNama): null

2024-01-22 17:58:05 - [TEST_STEP][PASSED] - out.println("Baris ke = " + rowIndex): null

2024-01-22 17:58:05 - [TEST_STEP][PASSED] - click(findTestObject("Stockbit/input__BandarmologyOpenStartDate")): Object: 'Object Repository/Stockbit/input__BandarmologyOpenStartDate' is clicked on

2024-01-22 17:58:06 - [MESSAGE][PASSED] - Object: 'Object Repository/Stockbit/input__BandarmologyOpenStartDate' is clicked on

2024-01-22 17:58:06 - [TEST_STEP][PASSED] - sendKeys(findTestObject("Stockbit/input__BandarmologyOpenStartDate"), Keys.chord(CONTROL, "a")): Keys 'CONTROL + a' sent to object: 'Object Repository/Stockbit/input__BandarmologyOpenStartDate'

2024-01-22 17:58:06 - [MESSAGE][PASSED] - Keys 'CONTROL + a' sent to object: 'Object Repository/Stockbit/input__BandarmologyOpenStartDate'

2024-01-22 17:58:06 - [TEST_STEP][PASSED] - sendKeys(findTestObject("Stockbit/input__BandarmologyOpenStartDate"), Keys.chord(BACK_SPACE)): Keys 'BACK_SPACE + ' sent to object: 'Object Repository/Stockbit/input__BandarmologyOpenStartDate'

2024-01-22 17:58:07 - [MESSAGE][PASSED] - Keys 'BACK_SPACE + ' sent to object: 'Object Repository/Stockbit/input__BandarmologyOpenStartDate'

2024-01-22 17:58:07 - [TEST_STEP][PASSED] - setText(findTestObject("Stockbit/input__BandarmologyOpenStartDate"), strTanggal): Text '2024-01-22' is set on object 'Object Repository/Stockbit/input__BandarmologyOpenStartDate'

2024-01-22 17:58:07 - [MESSAGE][PASSED] - Text '2024-01-22' is set on object 'Object Repository/Stockbit/input__BandarmologyOpenStartDate'

2024-01-22 17:58:07 - [TEST_STEP][PASSED] - sendKeys(findTestObject("Stockbit/input__BandarmologyOpenStartDate"), Keys.chord(ENTER)): Keys 'ENTER + ' sent to object: 'Object Repository/Stockbit/input__BandarmologyOpenStartDate'

2024-01-22 17:58:08 - [MESSAGE][PASSED] - Keys 'ENTER + ' sent to object: 'Object Repository/Stockbit/input__BandarmologyOpenStartDate'

2024-01-22 17:58:08 - [TEST_STEP][PASSED] - click(findTestObject("Stockbit/input__BandarmologyOpenEndDate")): Object: 'Object Repository/Stockbit/input__BandarmologyOpenEndDate' is clicked on

2024-01-22 17:58:08 - [MESSAGE][PASSED] - Object: 'Object Repository/Stockbit/input__BandarmologyOpenEndDate' is clicked on

2024-01-22 17:58:08 - [TEST_STEP][PASSED] - sendKeys(findTestObject("Stockbit/input__BandarmologyOpenEndDate"), Keys.chord(CONTROL, "a")): Keys 'CONTROL + a' sent to object: 'Object Repository/Stockbit/input__BandarmologyOpenEndDate'

2024-01-22 17:58:09 - [MESSAGE][PASSED] - Keys 'CONTROL + a' sent to object: 'Object Repository/Stockbit/input__BandarmologyOpenEndDate'

2024-01-22 17:58:09 - [TEST_STEP][PASSED] - sendKeys(findTestObject("Stockbit/input__BandarmologyOpenEndDate"), Keys.chord(BACK_SPACE)): Keys 'BACK_SPACE + ' sent to object: 'Object Repository/Stockbit/input__BandarmologyOpenEndDate'

2024-01-22 17:58:09 - [MESSAGE][PASSED] - Keys 'BACK_SPACE + ' sent to object: 'Object Repository/Stockbit/input__BandarmologyOpenEndDate'

2024-01-22 17:58:09 - [TEST_STEP][PASSED] - setText(findTestObject("Stockbit/input__BandarmologyOpenEndDate"), strTanggal): Text '2024-01-22' is set on object 'Object Repository/Stockbit/input__BandarmologyOpenEndDate'

2024-01-22 17:58:10 - [MESSAGE][PASSED] - Text '2024-01-22' is set on object 'Object Repository/Stockbit/input__BandarmologyOpenEndDate'

2024-01-22 17:58:10 - [TEST_STEP][PASSED] - sendKeys(findTestObject("Stockbit/input__BandarmologyOpenEndDate"), Keys.chord(ENTER)): Keys 'ENTER + ' sent to object: 'Object Repository/Stockbit/input__BandarmologyOpenEndDate'

2024-01-22 17:58:10 - [MESSAGE][PASSED] - Keys 'ENTER + ' sent to object: 'Object Repository/Stockbit/input__BandarmologyOpenEndDate'

2024-01-22 17:58:10 - [TEST_STEP][PASSED] - delay(2): Delayed 2 second(s)

2024-01-22 17:58:12 - [MESSAGE][PASSED] - Delayed 2 second(s)

2024-01-22 17:58:12 - [TEST_STEP][PASSED] - strTemp = getText(findTestObject("Stockbit/Bandarmology_AvgRP")): Text of object 'Object Repository/Stockbit/Bandarmology_AvgRP' is: '57'

2024-01-22 17:58:12 - [MESSAGE][PASSED] - Text of object 'Object Repository/Stockbit/Bandarmology_AvgRP' is: '57'

2024-01-22 17:58:12 - [TEST_STEP][PASSED] - out.println("Bandarmology_AvgRP = " + strTemp): null

2024-01-22 17:58:12 - [TEST_STEP][PASSED] - if (strTemp != "0"): null

2024-01-22 17:58:12 - [TEST_STEP][PASSED] - strTop1 = getText(findTestObject("Stockbit/Bandarmology_Top1")): Text of object 'Object Repository/Stockbit/Bandarmology_Top1' is: 'Big Acc'

2024-01-22 17:58:12 - [MESSAGE][PASSED] - Text of object 'Object Repository/Stockbit/Bandarmology_Top1' is: 'Big Acc'

2024-01-22 17:58:12 - [TEST_STEP][PASSED] - strTop3 = getText(findTestObject("Stockbit/Bandarmology_Top3")): Text of object 'Object Repository/Stockbit/Bandarmology_Top3' is: 'Big Acc'

2024-01-22 17:58:12 - [MESSAGE][PASSED] - Text of object 'Object Repository/Stockbit/Bandarmology_Top3' is: 'Big Acc'

2024-01-22 17:58:12 - [TEST_STEP][PASSED] - strTop5 = getText(findTestObject("Stockbit/Bandarmology_Top5")): Text of object 'Object Repository/Stockbit/Bandarmology_Top5' is: 'Small Acc'

2024-01-22 17:58:13 - [MESSAGE][PASSED] - Text of object 'Object Repository/Stockbit/Bandarmology_Top5' is: 'Small Acc'

2024-01-22 17:58:13 - [TEST_STEP][PASSED] - strAllBrokAvg = getText(findTestObject("Stockbit/Bandarmology_TopAVG")): Text of object 'Object Repository/Stockbit/Bandarmology_TopAVG' is: 'Big Acc'

2024-01-22 17:58:13 - [MESSAGE][PASSED] - Text of object 'Object Repository/Stockbit/Bandarmology_TopAVG' is: 'Big Acc'

2024-01-22 17:58:13 - [TEST_STEP][PASSED] - strTemp = getText(findTestObject("Stockbit/Bandarmology_AvgRP")): Text of object 'Object Repository/Stockbit/Bandarmology_AvgRP' is: '57'

2024-01-22 17:58:13 - [MESSAGE][PASSED] - Text of object 'Object Repository/Stockbit/Bandarmology_AvgRP' is: '57'

2024-01-22 17:58:13 - [TEST_STEP][PASSED] - if (strTemp.contains(",")): null

2024-01-22 17:58:13 - [TEST_STEP][PASSED] - intAvgRP = strTemp.toInteger(): null

2024-01-22 17:58:13 - [TEST_STEP][PASSED] - strBuyer1 = getText(findTestObject("Stockbit/Bandarmology_Buyer1")): Text of object 'Object Repository/Stockbit/Bandarmology_Buyer1' is: 'DR'

2024-01-22 17:58:13 - [MESSAGE][PASSED] - Text of object 'Object Repository/Stockbit/Bandarmology_Buyer1' is: 'DR'

2024-01-22 17:58:13 - [TEST_STEP][PASSED] - strBuyerVol1 = getText(findTestObject("Stockbit/Bandarmology_BuyerVol1")): Text of object 'Object Repository/Stockbit/Bandarmology_BuyerVol1' is: '4 K'

2024-01-22 17:58:13 - [MESSAGE][PASSED] - Text of object 'Object Repository/Stockbit/Bandarmology_BuyerVol1' is: '4 K'

2024-01-22 17:58:13 - [TEST_STEP][PASSED] - strBuyerAvg1 = getText(findTestObject("Stockbit/Bandarmology_BuyerAvg1")): Text of object 'Object Repository/Stockbit/Bandarmology_BuyerAvg1' is: '57'

2024-01-22 17:58:13 - [MESSAGE][PASSED] - Text of object 'Object Repository/Stockbit/Bandarmology_BuyerAvg1' is: '57'

2024-01-22 17:58:13 - [TEST_STEP][PASSED] - if (strBuyerAvg1.contains(",")): null

2024-01-22 17:58:13 - [TEST_STEP][PASSED] - if (strBuyerVol1.contains(" B")): null

2024-01-22 17:58:13 - [TEST_STEP][PASSED] - else if (strBuyerVol1.contains(" M")): null

2024-01-22 17:58:13 - [TEST_STEP][PASSED] - else if (strBuyerVol1.contains(" K")): null

2024-01-22 17:58:13 - [TEST_STEP][PASSED] - strBuyerVol1 = strBuyerVol1.replace(" K", ""): null

2024-01-22 17:58:13 - [TEST_STEP][PASSED] - strBuyerVol1 = strBuyerVol1.toDouble() * 1000: null

2024-01-22 17:58:13 - [TEST_STEP][PASSED] - strSeller1 = getText(findTestObject("Stockbit/Bandarmology_Seller1")): Text of object 'Object Repository/Stockbit/Bandarmology_Seller1' is: 'XL'

2024-01-22 17:58:13 - [MESSAGE][PASSED] - Text of object 'Object Repository/Stockbit/Bandarmology_Seller1' is: 'XL'

2024-01-22 17:58:13 - [TEST_STEP][PASSED] - strSellerVol1 = getText(findTestObject("Stockbit/Bandarmology_SellerVol1")): Text of object 'Object Repository/Stockbit/Bandarmology_SellerVol1' is: '1.6 K'

2024-01-22 17:58:13 - [MESSAGE][PASSED] - Text of object 'Object Repository/Stockbit/Bandarmology_SellerVol1' is: '1.6 K'

2024-01-22 17:58:13 - [TEST_STEP][PASSED] - strSellerAvg1 = getText(findTestObject("Stockbit/Bandarmology_SellerAvg1")): Text of object 'Object Repository/Stockbit/Bandarmology_SellerAvg1' is: '57'

2024-01-22 17:58:13 - [MESSAGE][PASSED] - Text of object 'Object Repository/Stockbit/Bandarmology_SellerAvg1' is: '57'

2024-01-22 17:58:13 - [TEST_STEP][PASSED] - if (strSellerAvg1.contains(",")): null

2024-01-22 17:58:13 - [TEST_STEP][PASSED] - if (strSellerVol1.contains(" B")): null

2024-01-22 17:58:13 - [TEST_STEP][PASSED] - else if (strSellerVol1.contains(" M")): null

2024-01-22 17:58:13 - [TEST_STEP][PASSED] - else if (strSellerVol1.contains(" K")): null

2024-01-22 17:58:13 - [TEST_STEP][PASSED] - strSellerVol1 = strSellerVol1.replace(" K", ""): null

2024-01-22 17:58:13 - [TEST_STEP][PASSED] - strSellerVol1 = strSellerVol1.toDouble() * 1000: null

2024-01-22 17:58:13 - [TEST_STEP][PASSED] - if (verifyElementNotPresent(findTestObject("Stockbit/Bandarmology_Buyer2"), 1, OPTIONAL)): Web element with id: 'Object Repository/Stockbit/Bandarmology_Buyer2' located by 'By.xpath: //*[contains(@id, 'rc-tabs-')]/div[2]/div/div/div/div/div/div[2]/table/tbody/tr[3]/td[1]/p' is present after '1' second(s) (Root cause: com.kms.katalon.core.exception.StepFailedException: Web element with id: 'Object Repository/Stockbit/Bandarmology_Buyer2' located by 'By.xpath: //*[contains(@id, 'rc-tabs-')]/div[2]/div/div/div/div/div/div[2]/table/tbody/tr[3]/td[1]/p' is present after '1' second(s)
	at com.kms.katalon.core.webui.keyword.internal.WebUIKeywordMain.stepFailed(WebUIKeywordMain.groovy:64)
	at com.kms.katalon.core.webui.keyword.internal.WebUIKeywordMain$stepFailed$0.call(Unknown Source)
	at com.kms.katalon.core.webui.keyword.builtin.VerifyElementNotPresentKeyword$_verifyElementNotPresent_closure1.doCall(VerifyElementNotPresentKeyword.groovy:106)
	at com.kms.katalon.core.webui.keyword.builtin.VerifyElementNotPresentKeyword$_verifyElementNotPresent_closure1.doCall(VerifyElementNotPresentKeyword.groovy)
	at com.kms.katalon.core.webui.keyword.internal.WebUIKeywordMain.runKeyword(WebUIKeywordMain.groovy:20)
	at com.kms.katalon.core.webui.keyword.internal.WebUIKeywordMain$runKeyword.call(Unknown Source)
	at com.kms.katalon.core.webui.keyword.builtin.VerifyElementNotPresentKeyword.verifyElementNotPresent(VerifyElementNotPresentKeyword.groovy:117)
	at com.kms.katalon.core.webui.keyword.builtin.VerifyElementNotPresentKeyword.execute(VerifyElementNotPresentKeyword.groovy:68)
	at com.kms.katalon.core.keyword.internal.KeywordExecutor.executeKeywordForPlatform(KeywordExecutor.groovy:74)
	at com.kms.katalon.core.webui.keyword.WebUiBuiltInKeywords.verifyElementNotPresent(WebUiBuiltInKeywords.groovy:1481)
	at com.kms.katalon.core.webui.keyword.WebUiBuiltInKeywords$verifyElementNotPresent$8.call(Unknown Source)
	at GetBrokSumPriceDaily.run(GetBrokSumPriceDaily:258)
	at com.kms.katalon.core.main.ScriptEngine.run(ScriptEngine.java:194)
	at com.kms.katalon.core.main.ScriptEngine.runScriptAsRawText(ScriptEngine.java:119)
	at com.kms.katalon.core.main.TestCaseExecutor.runScript(TestCaseExecutor.java:445)
	at com.kms.katalon.core.main.TestCaseExecutor.doExecute(TestCaseExecutor.java:436)
	at com.kms.katalon.core.main.TestCaseExecutor.processExecutionPhase(TestCaseExecutor.java:415)
	at com.kms.katalon.core.main.TestCaseExecutor.accessMainPhase(TestCaseExecutor.java:407)
	at com.kms.katalon.core.main.TestCaseExecutor.execute(TestCaseExecutor.java:284)
	at com.kms.katalon.core.common.CommonExecutor.accessTestCaseMainPhase(CommonExecutor.java:65)
	at com.kms.katalon.core.main.TestSuiteExecutor.accessTestSuiteMainPhase(TestSuiteExecutor.java:144)
	at com.kms.katalon.core.main.TestSuiteExecutor.execute(TestSuiteExecutor.java:106)
	at com.kms.katalon.core.main.TestCaseMain.startTestSuite(TestCaseMain.java:185)
	at com.kms.katalon.core.main.TestCaseMain$startTestSuite$0.call(Unknown Source)
	at TempTestSuite1705920083951.run(TempTestSuite1705920083951.groovy:36)
)

2024-01-22 17:58:15 - [MESSAGE][WARNING] - Web element with id: 'Object Repository/Stockbit/Bandarmology_Buyer2' located by 'By.xpath: //*[contains(@id, 'rc-tabs-')]/div[2]/div/div/div/div/div/div[2]/table/tbody/tr[3]/td[1]/p' is present after '1' second(s) (Root cause: com.kms.katalon.core.exception.StepFailedException: Web element with id: 'Object Repository/Stockbit/Bandarmology_Buyer2' located by 'By.xpath: //*[contains(@id, 'rc-tabs-')]/div[2]/div/div/div/div/div/div[2]/table/tbody/tr[3]/td[1]/p' is present after '1' second(s)
	at com.kms.katalon.core.webui.keyword.internal.WebUIKeywordMain.stepFailed(WebUIKeywordMain.groovy:64)
	at com.kms.katalon.core.webui.keyword.internal.WebUIKeywordMain$stepFailed$0.call(Unknown Source)
	at com.kms.katalon.core.webui.keyword.builtin.VerifyElementNotPresentKeyword$_verifyElementNotPresent_closure1.doCall(VerifyElementNotPresentKeyword.groovy:106)
	at com.kms.katalon.core.webui.keyword.builtin.VerifyElementNotPresentKeyword$_verifyElementNotPresent_closure1.doCall(VerifyElementNotPresentKeyword.groovy)
	at com.kms.katalon.core.webui.keyword.internal.WebUIKeywordMain.runKeyword(WebUIKeywordMain.groovy:20)
	at com.kms.katalon.core.webui.keyword.internal.WebUIKeywordMain$runKeyword.call(Unknown Source)
	at com.kms.katalon.core.webui.keyword.builtin.VerifyElementNotPresentKeyword.verifyElementNotPresent(VerifyElementNotPresentKeyword.groovy:117)
	at com.kms.katalon.core.webui.keyword.builtin.VerifyElementNotPresentKeyword.execute(VerifyElementNotPresentKeyword.groovy:68)
	at com.kms.katalon.core.keyword.internal.KeywordExecutor.executeKeywordForPlatform(KeywordExecutor.groovy:74)
	at com.kms.katalon.core.webui.keyword.WebUiBuiltInKeywords.verifyElementNotPresent(WebUiBuiltInKeywords.groovy:1481)
	at com.kms.katalon.core.webui.keyword.WebUiBuiltInKeywords$verifyElementNotPresent$8.call(Unknown Source)
	at GetBrokSumPriceDaily.run(GetBrokSumPriceDaily:258)
	at com.kms.katalon.core.main.ScriptEngine.run(ScriptEngine.java:194)
	at com.kms.katalon.core.main.ScriptEngine.runScriptAsRawText(ScriptEngine.java:119)
	at com.kms.katalon.core.main.TestCaseExecutor.runScript(TestCaseExecutor.java:445)
	at com.kms.katalon.core.main.TestCaseExecutor.doExecute(TestCaseExecutor.java:436)
	at com.kms.katalon.core.main.TestCaseExecutor.processExecutionPhase(TestCaseExecutor.java:415)
	at com.kms.katalon.core.main.TestCaseExecutor.accessMainPhase(TestCaseExecutor.java:407)
	at com.kms.katalon.core.main.TestCaseExecutor.execute(TestCaseExecutor.java:284)
	at com.kms.katalon.core.common.CommonExecutor.accessTestCaseMainPhase(CommonExecutor.java:65)
	at com.kms.katalon.core.main.TestSuiteExecutor.accessTestSuiteMainPhase(TestSuiteExecutor.java:144)
	at com.kms.katalon.core.main.TestSuiteExecutor.execute(TestSuiteExecutor.java:106)
	at com.kms.katalon.core.main.TestCaseMain.startTestSuite(TestCaseMain.java:185)
	at com.kms.katalon.core.main.TestCaseMain$startTestSuite$0.call(Unknown Source)
	at TempTestSuite1705920083951.run(TempTestSuite1705920083951.groovy:36)
)
[[ATTACHMENT|C:\\Users\\Fadli\\git\\KatalonDailyGetData2\\Reports\\20240122_174123\\TS1\\20240122_174123\\1705921095131.png]]

2024-01-22 17:58:15 - [TEST_STEP][PASSED] - else: null

2024-01-22 17:58:15 - [TEST_STEP][PASSED] - strBuyer2 = getText(findTestObject("Stockbit/Bandarmology_Buyer2")): Text of object 'Object Repository/Stockbit/Bandarmology_Buyer2' is: 'PS'

2024-01-22 17:58:15 - [MESSAGE][PASSED] - Text of object 'Object Repository/Stockbit/Bandarmology_Buyer2' is: 'PS'

2024-01-22 17:58:15 - [TEST_STEP][PASSED] - strBuyerVol2 = getText(findTestObject("Stockbit/Bandarmology_BuyerVol2")): Text of object 'Object Repository/Stockbit/Bandarmology_BuyerVol2' is: '1.5 K'

2024-01-22 17:58:15 - [MESSAGE][PASSED] - Text of object 'Object Repository/Stockbit/Bandarmology_BuyerVol2' is: '1.5 K'

2024-01-22 17:58:15 - [TEST_STEP][PASSED] - strBuyerAvg2 = getText(findTestObject("Stockbit/Bandarmology_BuyerAvg2")): Text of object 'Object Repository/Stockbit/Bandarmology_BuyerAvg2' is: '57'

2024-01-22 17:58:15 - [MESSAGE][PASSED] - Text of object 'Object Repository/Stockbit/Bandarmology_BuyerAvg2' is: '57'

2024-01-22 17:58:15 - [TEST_STEP][PASSED] - if (strBuyer2 != ""): null

2024-01-22 17:58:15 - [TEST_STEP][PASSED] - if (strBuyerAvg2.contains(",")): null

2024-01-22 17:58:15 - [TEST_STEP][PASSED] - if (strBuyerVol2.contains(" B")): null

2024-01-22 17:58:15 - [TEST_STEP][PASSED] - else if (strBuyerVol2.contains(" M")): null

2024-01-22 17:58:15 - [TEST_STEP][PASSED] - else if (strBuyerVol2.contains(" K")): null

2024-01-22 17:58:15 - [TEST_STEP][PASSED] - strBuyerVol2 = strBuyerVol2.replace(" K", ""): null

2024-01-22 17:58:15 - [TEST_STEP][PASSED] - strBuyerVol2 = strBuyerVol2.toDouble() * 1000: null

2024-01-22 17:58:15 - [TEST_STEP][PASSED] - if (strBuyerVol2.contains(".")): null

2024-01-22 17:58:15 - [TEST_STEP][PASSED] - strBuyerVal2 = strBuyerVol2.replace(".", ""): null

2024-01-22 17:58:15 - [TEST_STEP][PASSED] - if (verifyElementNotPresent(findTestObject("Stockbit/Bandarmology_Seller2"), 1, OPTIONAL)): Web element with id: 'Object Repository/Stockbit/Bandarmology_Seller2' located by 'By.xpath: //*[contains(@id, 'rc-tabs-')]/div[2]/div/div/div/div/div/div[2]/table/tbody/tr[3]/td[5]/p' is present after '1' second(s) (Root cause: com.kms.katalon.core.exception.StepFailedException: Web element with id: 'Object Repository/Stockbit/Bandarmology_Seller2' located by 'By.xpath: //*[contains(@id, 'rc-tabs-')]/div[2]/div/div/div/div/div/div[2]/table/tbody/tr[3]/td[5]/p' is present after '1' second(s)
	at com.kms.katalon.core.webui.keyword.internal.WebUIKeywordMain.stepFailed(WebUIKeywordMain.groovy:64)
	at com.kms.katalon.core.webui.keyword.internal.WebUIKeywordMain$stepFailed$0.call(Unknown Source)
	at com.kms.katalon.core.webui.keyword.builtin.VerifyElementNotPresentKeyword$_verifyElementNotPresent_closure1.doCall(VerifyElementNotPresentKeyword.groovy:106)
	at com.kms.katalon.core.webui.keyword.builtin.VerifyElementNotPresentKeyword$_verifyElementNotPresent_closure1.doCall(VerifyElementNotPresentKeyword.groovy)
	at com.kms.katalon.core.webui.keyword.internal.WebUIKeywordMain.runKeyword(WebUIKeywordMain.groovy:20)
	at com.kms.katalon.core.webui.keyword.internal.WebUIKeywordMain$runKeyword.call(Unknown Source)
	at com.kms.katalon.core.webui.keyword.builtin.VerifyElementNotPresentKeyword.verifyElementNotPresent(VerifyElementNotPresentKeyword.groovy:117)
	at com.kms.katalon.core.webui.keyword.builtin.VerifyElementNotPresentKeyword.execute(VerifyElementNotPresentKeyword.groovy:68)
	at com.kms.katalon.core.keyword.internal.KeywordExecutor.executeKeywordForPlatform(KeywordExecutor.groovy:74)
	at com.kms.katalon.core.webui.keyword.WebUiBuiltInKeywords.verifyElementNotPresent(WebUiBuiltInKeywords.groovy:1481)
	at com.kms.katalon.core.webui.keyword.WebUiBuiltInKeywords$verifyElementNotPresent$8.call(Unknown Source)
	at GetBrokSumPriceDaily.run(GetBrokSumPriceDaily:309)
	at com.kms.katalon.core.main.ScriptEngine.run(ScriptEngine.java:194)
	at com.kms.katalon.core.main.ScriptEngine.runScriptAsRawText(ScriptEngine.java:119)
	at com.kms.katalon.core.main.TestCaseExecutor.runScript(TestCaseExecutor.java:445)
	at com.kms.katalon.core.main.TestCaseExecutor.doExecute(TestCaseExecutor.java:436)
	at com.kms.katalon.core.main.TestCaseExecutor.processExecutionPhase(TestCaseExecutor.java:415)
	at com.kms.katalon.core.main.TestCaseExecutor.accessMainPhase(TestCaseExecutor.java:407)
	at com.kms.katalon.core.main.TestCaseExecutor.execute(TestCaseExecutor.java:284)
	at com.kms.katalon.core.common.CommonExecutor.accessTestCaseMainPhase(CommonExecutor.java:65)
	at com.kms.katalon.core.main.TestSuiteExecutor.accessTestSuiteMainPhase(TestSuiteExecutor.java:144)
	at com.kms.katalon.core.main.TestSuiteExecutor.execute(TestSuiteExecutor.java:106)
	at com.kms.katalon.core.main.TestCaseMain.startTestSuite(TestCaseMain.java:185)
	at com.kms.katalon.core.main.TestCaseMain$startTestSuite$0.call(Unknown Source)
	at TempTestSuite1705920083951.run(TempTestSuite1705920083951.groovy:36)
)

2024-01-22 17:58:17 - [MESSAGE][WARNING] - Web element with id: 'Object Repository/Stockbit/Bandarmology_Seller2' located by 'By.xpath: //*[contains(@id, 'rc-tabs-')]/div[2]/div/div/div/div/div/div[2]/table/tbody/tr[3]/td[5]/p' is present after '1' second(s) (Root cause: com.kms.katalon.core.exception.StepFailedException: Web element with id: 'Object Repository/Stockbit/Bandarmology_Seller2' located by 'By.xpath: //*[contains(@id, 'rc-tabs-')]/div[2]/div/div/div/div/div/div[2]/table/tbody/tr[3]/td[5]/p' is present after '1' second(s)
	at com.kms.katalon.core.webui.keyword.internal.WebUIKeywordMain.stepFailed(WebUIKeywordMain.groovy:64)
	at com.kms.katalon.core.webui.keyword.internal.WebUIKeywordMain$stepFailed$0.call(Unknown Source)
	at com.kms.katalon.core.webui.keyword.builtin.VerifyElementNotPresentKeyword$_verifyElementNotPresent_closure1.doCall(VerifyElementNotPresentKeyword.groovy:106)
	at com.kms.katalon.core.webui.keyword.builtin.VerifyElementNotPresentKeyword$_verifyElementNotPresent_closure1.doCall(VerifyElementNotPresentKeyword.groovy)
	at com.kms.katalon.core.webui.keyword.internal.WebUIKeywordMain.runKeyword(WebUIKeywordMain.groovy:20)
	at com.kms.katalon.core.webui.keyword.internal.WebUIKeywordMain$runKeyword.call(Unknown Source)
	at com.kms.katalon.core.webui.keyword.builtin.VerifyElementNotPresentKeyword.verifyElementNotPresent(VerifyElementNotPresentKeyword.groovy:117)
	at com.kms.katalon.core.webui.keyword.builtin.VerifyElementNotPresentKeyword.execute(VerifyElementNotPresentKeyword.groovy:68)
	at com.kms.katalon.core.keyword.internal.KeywordExecutor.executeKeywordForPlatform(KeywordExecutor.groovy:74)
	at com.kms.katalon.core.webui.keyword.WebUiBuiltInKeywords.verifyElementNotPresent(WebUiBuiltInKeywords.groovy:1481)
	at com.kms.katalon.core.webui.keyword.WebUiBuiltInKeywords$verifyElementNotPresent$8.call(Unknown Source)
	at GetBrokSumPriceDaily.run(GetBrokSumPriceDaily:309)
	at com.kms.katalon.core.main.ScriptEngine.run(ScriptEngine.java:194)
	at com.kms.katalon.core.main.ScriptEngine.runScriptAsRawText(ScriptEngine.java:119)
	at com.kms.katalon.core.main.TestCaseExecutor.runScript(TestCaseExecutor.java:445)
	at com.kms.katalon.core.main.TestCaseExecutor.doExecute(TestCaseExecutor.java:436)
	at com.kms.katalon.core.main.TestCaseExecutor.processExecutionPhase(TestCaseExecutor.java:415)
	at com.kms.katalon.core.main.TestCaseExecutor.accessMainPhase(TestCaseExecutor.java:407)
	at com.kms.katalon.core.main.TestCaseExecutor.execute(TestCaseExecutor.java:284)
	at com.kms.katalon.core.common.CommonExecutor.accessTestCaseMainPhase(CommonExecutor.java:65)
	at com.kms.katalon.core.main.TestSuiteExecutor.accessTestSuiteMainPhase(TestSuiteExecutor.java:144)
	at com.kms.katalon.core.main.TestSuiteExecutor.execute(TestSuiteExecutor.java:106)
	at com.kms.katalon.core.main.TestCaseMain.startTestSuite(TestCaseMain.java:185)
	at com.kms.katalon.core.main.TestCaseMain$startTestSuite$0.call(Unknown Source)
	at TempTestSuite1705920083951.run(TempTestSuite1705920083951.groovy:36)
)
[[ATTACHMENT|C:\\Users\\Fadli\\git\\KatalonDailyGetData2\\Reports\\20240122_174123\\TS1\\20240122_174123\\1705921096869.png]]

2024-01-22 17:58:17 - [TEST_STEP][PASSED] - else: null

2024-01-22 17:58:17 - [TEST_STEP][PASSED] - strSeller2 = getText(findTestObject("Stockbit/Bandarmology_Seller2")): Text of object 'Object Repository/Stockbit/Bandarmology_Seller2' is: 'NI'

2024-01-22 17:58:17 - [MESSAGE][PASSED] - Text of object 'Object Repository/Stockbit/Bandarmology_Seller2' is: 'NI'

2024-01-22 17:58:17 - [TEST_STEP][PASSED] - strSellerVol2 = getText(findTestObject("Stockbit/Bandarmology_SellerVol2")): Text of object 'Object Repository/Stockbit/Bandarmology_SellerVol2' is: '1.6 K'

2024-01-22 17:58:17 - [MESSAGE][PASSED] - Text of object 'Object Repository/Stockbit/Bandarmology_SellerVol2' is: '1.6 K'

2024-01-22 17:58:17 - [TEST_STEP][PASSED] - strSellerAvg2 = getText(findTestObject("Stockbit/Bandarmology_SellerAvg2")): Text of object 'Object Repository/Stockbit/Bandarmology_SellerAvg2' is: '57'

2024-01-22 17:58:17 - [MESSAGE][PASSED] - Text of object 'Object Repository/Stockbit/Bandarmology_SellerAvg2' is: '57'

2024-01-22 17:58:17 - [TEST_STEP][PASSED] - if (strSeller2 != ""): null

2024-01-22 17:58:17 - [TEST_STEP][PASSED] - if (strSellerAvg2.contains(",")): null

2024-01-22 17:58:17 - [TEST_STEP][PASSED] - if (strSellerVol2.contains(" B")): null

2024-01-22 17:58:17 - [TEST_STEP][PASSED] - else if (strSellerVol2.contains(" M")): null

2024-01-22 17:58:17 - [TEST_STEP][PASSED] - else if (strSellerVol2.contains(" K")): null

2024-01-22 17:58:17 - [TEST_STEP][PASSED] - strSellerVol2 = strSellerVol2.replace(" K", ""): null

2024-01-22 17:58:17 - [TEST_STEP][PASSED] - strSellerVol2 = strSellerVol2.toDouble() * 1000: null

2024-01-22 17:58:17 - [TEST_STEP][PASSED] - if (verifyElementNotPresent(findTestObject("Stockbit/Bandarmology_Buyer3"), 1, OPTIONAL)): Web element with id: 'Object Repository/Stockbit/Bandarmology_Buyer3' located by 'By.xpath: //*[contains(@id, 'rc-tabs-')]/div[2]/div/div/div/div/div/div[2]/table/tbody/tr[4]/td[1]/p' is present after '1' second(s) (Root cause: com.kms.katalon.core.exception.StepFailedException: Web element with id: 'Object Repository/Stockbit/Bandarmology_Buyer3' located by 'By.xpath: //*[contains(@id, 'rc-tabs-')]/div[2]/div/div/div/div/div/div[2]/table/tbody/tr[4]/td[1]/p' is present after '1' second(s)
	at com.kms.katalon.core.webui.keyword.internal.WebUIKeywordMain.stepFailed(WebUIKeywordMain.groovy:64)
	at com.kms.katalon.core.webui.keyword.internal.WebUIKeywordMain$stepFailed$0.call(Unknown Source)
	at com.kms.katalon.core.webui.keyword.builtin.VerifyElementNotPresentKeyword$_verifyElementNotPresent_closure1.doCall(VerifyElementNotPresentKeyword.groovy:106)
	at com.kms.katalon.core.webui.keyword.builtin.VerifyElementNotPresentKeyword$_verifyElementNotPresent_closure1.doCall(VerifyElementNotPresentKeyword.groovy)
	at com.kms.katalon.core.webui.keyword.internal.WebUIKeywordMain.runKeyword(WebUIKeywordMain.groovy:20)
	at com.kms.katalon.core.webui.keyword.internal.WebUIKeywordMain$runKeyword.call(Unknown Source)
	at com.kms.katalon.core.webui.keyword.builtin.VerifyElementNotPresentKeyword.verifyElementNotPresent(VerifyElementNotPresentKeyword.groovy:117)
	at com.kms.katalon.core.webui.keyword.builtin.VerifyElementNotPresentKeyword.execute(VerifyElementNotPresentKeyword.groovy:68)
	at com.kms.katalon.core.keyword.internal.KeywordExecutor.executeKeywordForPlatform(KeywordExecutor.groovy:74)
	at com.kms.katalon.core.webui.keyword.WebUiBuiltInKeywords.verifyElementNotPresent(WebUiBuiltInKeywords.groovy:1481)
	at com.kms.katalon.core.webui.keyword.WebUiBuiltInKeywords$verifyElementNotPresent$8.call(Unknown Source)
	at GetBrokSumPriceDaily.run(GetBrokSumPriceDaily:361)
	at com.kms.katalon.core.main.ScriptEngine.run(ScriptEngine.java:194)
	at com.kms.katalon.core.main.ScriptEngine.runScriptAsRawText(ScriptEngine.java:119)
	at com.kms.katalon.core.main.TestCaseExecutor.runScript(TestCaseExecutor.java:445)
	at com.kms.katalon.core.main.TestCaseExecutor.doExecute(TestCaseExecutor.java:436)
	at com.kms.katalon.core.main.TestCaseExecutor.processExecutionPhase(TestCaseExecutor.java:415)
	at com.kms.katalon.core.main.TestCaseExecutor.accessMainPhase(TestCaseExecutor.java:407)
	at com.kms.katalon.core.main.TestCaseExecutor.execute(TestCaseExecutor.java:284)
	at com.kms.katalon.core.common.CommonExecutor.accessTestCaseMainPhase(CommonExecutor.java:65)
	at com.kms.katalon.core.main.TestSuiteExecutor.accessTestSuiteMainPhase(TestSuiteExecutor.java:144)
	at com.kms.katalon.core.main.TestSuiteExecutor.execute(TestSuiteExecutor.java:106)
	at com.kms.katalon.core.main.TestCaseMain.startTestSuite(TestCaseMain.java:185)
	at com.kms.katalon.core.main.TestCaseMain$startTestSuite$0.call(Unknown Source)
	at TempTestSuite1705920083951.run(TempTestSuite1705920083951.groovy:36)
)

2024-01-22 17:58:18 - [MESSAGE][WARNING] - Web element with id: 'Object Repository/Stockbit/Bandarmology_Buyer3' located by 'By.xpath: //*[contains(@id, 'rc-tabs-')]/div[2]/div/div/div/div/div/div[2]/table/tbody/tr[4]/td[1]/p' is present after '1' second(s) (Root cause: com.kms.katalon.core.exception.StepFailedException: Web element with id: 'Object Repository/Stockbit/Bandarmology_Buyer3' located by 'By.xpath: //*[contains(@id, 'rc-tabs-')]/div[2]/div/div/div/div/div/div[2]/table/tbody/tr[4]/td[1]/p' is present after '1' second(s)
	at com.kms.katalon.core.webui.keyword.internal.WebUIKeywordMain.stepFailed(WebUIKeywordMain.groovy:64)
	at com.kms.katalon.core.webui.keyword.internal.WebUIKeywordMain$stepFailed$0.call(Unknown Source)
	at com.kms.katalon.core.webui.keyword.builtin.VerifyElementNotPresentKeyword$_verifyElementNotPresent_closure1.doCall(VerifyElementNotPresentKeyword.groovy:106)
	at com.kms.katalon.core.webui.keyword.builtin.VerifyElementNotPresentKeyword$_verifyElementNotPresent_closure1.doCall(VerifyElementNotPresentKeyword.groovy)
	at com.kms.katalon.core.webui.keyword.internal.WebUIKeywordMain.runKeyword(WebUIKeywordMain.groovy:20)
	at com.kms.katalon.core.webui.keyword.internal.WebUIKeywordMain$runKeyword.call(Unknown Source)
	at com.kms.katalon.core.webui.keyword.builtin.VerifyElementNotPresentKeyword.verifyElementNotPresent(VerifyElementNotPresentKeyword.groovy:117)
	at com.kms.katalon.core.webui.keyword.builtin.VerifyElementNotPresentKeyword.execute(VerifyElementNotPresentKeyword.groovy:68)
	at com.kms.katalon.core.keyword.internal.KeywordExecutor.executeKeywordForPlatform(KeywordExecutor.groovy:74)
	at com.kms.katalon.core.webui.keyword.WebUiBuiltInKeywords.verifyElementNotPresent(WebUiBuiltInKeywords.groovy:1481)
	at com.kms.katalon.core.webui.keyword.WebUiBuiltInKeywords$verifyElementNotPresent$8.call(Unknown Source)
	at GetBrokSumPriceDaily.run(GetBrokSumPriceDaily:361)
	at com.kms.katalon.core.main.ScriptEngine.run(ScriptEngine.java:194)
	at com.kms.katalon.core.main.ScriptEngine.runScriptAsRawText(ScriptEngine.java:119)
	at com.kms.katalon.core.main.TestCaseExecutor.runScript(TestCaseExecutor.java:445)
	at com.kms.katalon.core.main.TestCaseExecutor.doExecute(TestCaseExecutor.java:436)
	at com.kms.katalon.core.main.TestCaseExecutor.processExecutionPhase(TestCaseExecutor.java:415)
	at com.kms.katalon.core.main.TestCaseExecutor.accessMainPhase(TestCaseExecutor.java:407)
	at com.kms.katalon.core.main.TestCaseExecutor.execute(TestCaseExecutor.java:284)
	at com.kms.katalon.core.common.CommonExecutor.accessTestCaseMainPhase(CommonExecutor.java:65)
	at com.kms.katalon.core.main.TestSuiteExecutor.accessTestSuiteMainPhase(TestSuiteExecutor.java:144)
	at com.kms.katalon.core.main.TestSuiteExecutor.execute(TestSuiteExecutor.java:106)
	at com.kms.katalon.core.main.TestCaseMain.startTestSuite(TestCaseMain.java:185)
	at com.kms.katalon.core.main.TestCaseMain$startTestSuite$0.call(Unknown Source)
	at TempTestSuite1705920083951.run(TempTestSuite1705920083951.groovy:36)
)
[[ATTACHMENT|C:\\Users\\Fadli\\git\\KatalonDailyGetData2\\Reports\\20240122_174123\\TS1\\20240122_174123\\1705921098674.png]]

2024-01-22 17:58:18 - [TEST_STEP][PASSED] - else: null

2024-01-22 17:58:18 - [TEST_STEP][PASSED] - strBuyer3 = getText(findTestObject("Stockbit/Bandarmology_Buyer3")): Text of object 'Object Repository/Stockbit/Bandarmology_Buyer3' is: 'GR'

2024-01-22 17:58:18 - [MESSAGE][PASSED] - Text of object 'Object Repository/Stockbit/Bandarmology_Buyer3' is: 'GR'

2024-01-22 17:58:18 - [TEST_STEP][PASSED] - strBuyerVol3 = getText(findTestObject("Stockbit/Bandarmology_BuyerVol3")): Text of object 'Object Repository/Stockbit/Bandarmology_BuyerVol3' is: '1.1 K'

2024-01-22 17:58:19 - [MESSAGE][PASSED] - Text of object 'Object Repository/Stockbit/Bandarmology_BuyerVol3' is: '1.1 K'

2024-01-22 17:58:19 - [TEST_STEP][PASSED] - strBuyerAvg3 = getText(findTestObject("Stockbit/Bandarmology_BuyerAvg3")): Text of object 'Object Repository/Stockbit/Bandarmology_BuyerAvg3' is: '57'

2024-01-22 17:58:19 - [MESSAGE][PASSED] - Text of object 'Object Repository/Stockbit/Bandarmology_BuyerAvg3' is: '57'

2024-01-22 17:58:19 - [TEST_STEP][PASSED] - if (strBuyer3 != ""): null

2024-01-22 17:58:19 - [TEST_STEP][PASSED] - if (strBuyerAvg3.contains(",")): null

2024-01-22 17:58:19 - [TEST_STEP][PASSED] - if (strBuyerVol3.contains(" B")): null

2024-01-22 17:58:19 - [TEST_STEP][PASSED] - else if (strBuyerVol3.contains(" M")): null

2024-01-22 17:58:19 - [TEST_STEP][PASSED] - else if (strBuyerVol3.contains(" K")): null

2024-01-22 17:58:19 - [TEST_STEP][PASSED] - strBuyerVol3 = strBuyerVol3.replace(" K", ""): null

2024-01-22 17:58:19 - [TEST_STEP][PASSED] - strBuyerVol3 = strBuyerVol3.toDouble() * 1000: null

2024-01-22 17:58:19 - [TEST_STEP][PASSED] - if (verifyElementNotPresent(findTestObject("Stockbit/Bandarmology_Seller3"), 1, OPTIONAL)): Web element with id: 'Object Repository/Stockbit/Bandarmology_Seller3' located by 'By.xpath: //*[contains(@id, 'rc-tabs-')]/div[2]/div/div/div/div/div/div[2]/table/tbody/tr[4]/td[5]/p' is present after '1' second(s) (Root cause: com.kms.katalon.core.exception.StepFailedException: Web element with id: 'Object Repository/Stockbit/Bandarmology_Seller3' located by 'By.xpath: //*[contains(@id, 'rc-tabs-')]/div[2]/div/div/div/div/div/div[2]/table/tbody/tr[4]/td[5]/p' is present after '1' second(s)
	at com.kms.katalon.core.webui.keyword.internal.WebUIKeywordMain.stepFailed(WebUIKeywordMain.groovy:64)
	at com.kms.katalon.core.webui.keyword.internal.WebUIKeywordMain$stepFailed$0.call(Unknown Source)
	at com.kms.katalon.core.webui.keyword.builtin.VerifyElementNotPresentKeyword$_verifyElementNotPresent_closure1.doCall(VerifyElementNotPresentKeyword.groovy:106)
	at com.kms.katalon.core.webui.keyword.builtin.VerifyElementNotPresentKeyword$_verifyElementNotPresent_closure1.doCall(VerifyElementNotPresentKeyword.groovy)
	at com.kms.katalon.core.webui.keyword.internal.WebUIKeywordMain.runKeyword(WebUIKeywordMain.groovy:20)
	at com.kms.katalon.core.webui.keyword.internal.WebUIKeywordMain$runKeyword.call(Unknown Source)
	at com.kms.katalon.core.webui.keyword.builtin.VerifyElementNotPresentKeyword.verifyElementNotPresent(VerifyElementNotPresentKeyword.groovy:117)
	at com.kms.katalon.core.webui.keyword.builtin.VerifyElementNotPresentKeyword.execute(VerifyElementNotPresentKeyword.groovy:68)
	at com.kms.katalon.core.keyword.internal.KeywordExecutor.executeKeywordForPlatform(KeywordExecutor.groovy:74)
	at com.kms.katalon.core.webui.keyword.WebUiBuiltInKeywords.verifyElementNotPresent(WebUiBuiltInKeywords.groovy:1481)
	at com.kms.katalon.core.webui.keyword.WebUiBuiltInKeywords$verifyElementNotPresent$8.call(Unknown Source)
	at GetBrokSumPriceDaily.run(GetBrokSumPriceDaily:414)
	at com.kms.katalon.core.main.ScriptEngine.run(ScriptEngine.java:194)
	at com.kms.katalon.core.main.ScriptEngine.runScriptAsRawText(ScriptEngine.java:119)
	at com.kms.katalon.core.main.TestCaseExecutor.runScript(TestCaseExecutor.java:445)
	at com.kms.katalon.core.main.TestCaseExecutor.doExecute(TestCaseExecutor.java:436)
	at com.kms.katalon.core.main.TestCaseExecutor.processExecutionPhase(TestCaseExecutor.java:415)
	at com.kms.katalon.core.main.TestCaseExecutor.accessMainPhase(TestCaseExecutor.java:407)
	at com.kms.katalon.core.main.TestCaseExecutor.execute(TestCaseExecutor.java:284)
	at com.kms.katalon.core.common.CommonExecutor.accessTestCaseMainPhase(CommonExecutor.java:65)
	at com.kms.katalon.core.main.TestSuiteExecutor.accessTestSuiteMainPhase(TestSuiteExecutor.java:144)
	at com.kms.katalon.core.main.TestSuiteExecutor.execute(TestSuiteExecutor.java:106)
	at com.kms.katalon.core.main.TestCaseMain.startTestSuite(TestCaseMain.java:185)
	at com.kms.katalon.core.main.TestCaseMain$startTestSuite$0.call(Unknown Source)
	at TempTestSuite1705920083951.run(TempTestSuite1705920083951.groovy:36)
)

2024-01-22 17:58:20 - [MESSAGE][WARNING] - Web element with id: 'Object Repository/Stockbit/Bandarmology_Seller3' located by 'By.xpath: //*[contains(@id, 'rc-tabs-')]/div[2]/div/div/div/div/div/div[2]/table/tbody/tr[4]/td[5]/p' is present after '1' second(s) (Root cause: com.kms.katalon.core.exception.StepFailedException: Web element with id: 'Object Repository/Stockbit/Bandarmology_Seller3' located by 'By.xpath: //*[contains(@id, 'rc-tabs-')]/div[2]/div/div/div/div/div/div[2]/table/tbody/tr[4]/td[5]/p' is present after '1' second(s)
	at com.kms.katalon.core.webui.keyword.internal.WebUIKeywordMain.stepFailed(WebUIKeywordMain.groovy:64)
	at com.kms.katalon.core.webui.keyword.internal.WebUIKeywordMain$stepFailed$0.call(Unknown Source)
	at com.kms.katalon.core.webui.keyword.builtin.VerifyElementNotPresentKeyword$_verifyElementNotPresent_closure1.doCall(VerifyElementNotPresentKeyword.groovy:106)
	at com.kms.katalon.core.webui.keyword.builtin.VerifyElementNotPresentKeyword$_verifyElementNotPresent_closure1.doCall(VerifyElementNotPresentKeyword.groovy)
	at com.kms.katalon.core.webui.keyword.internal.WebUIKeywordMain.runKeyword(WebUIKeywordMain.groovy:20)
	at com.kms.katalon.core.webui.keyword.internal.WebUIKeywordMain$runKeyword.call(Unknown Source)
	at com.kms.katalon.core.webui.keyword.builtin.VerifyElementNotPresentKeyword.verifyElementNotPresent(VerifyElementNotPresentKeyword.groovy:117)
	at com.kms.katalon.core.webui.keyword.builtin.VerifyElementNotPresentKeyword.execute(VerifyElementNotPresentKeyword.groovy:68)
	at com.kms.katalon.core.keyword.internal.KeywordExecutor.executeKeywordForPlatform(KeywordExecutor.groovy:74)
	at com.kms.katalon.core.webui.keyword.WebUiBuiltInKeywords.verifyElementNotPresent(WebUiBuiltInKeywords.groovy:1481)
	at com.kms.katalon.core.webui.keyword.WebUiBuiltInKeywords$verifyElementNotPresent$8.call(Unknown Source)
	at GetBrokSumPriceDaily.run(GetBrokSumPriceDaily:414)
	at com.kms.katalon.core.main.ScriptEngine.run(ScriptEngine.java:194)
	at com.kms.katalon.core.main.ScriptEngine.runScriptAsRawText(ScriptEngine.java:119)
	at com.kms.katalon.core.main.TestCaseExecutor.runScript(TestCaseExecutor.java:445)
	at com.kms.katalon.core.main.TestCaseExecutor.doExecute(TestCaseExecutor.java:436)
	at com.kms.katalon.core.main.TestCaseExecutor.processExecutionPhase(TestCaseExecutor.java:415)
	at com.kms.katalon.core.main.TestCaseExecutor.accessMainPhase(TestCaseExecutor.java:407)
	at com.kms.katalon.core.main.TestCaseExecutor.execute(TestCaseExecutor.java:284)
	at com.kms.katalon.core.common.CommonExecutor.accessTestCaseMainPhase(CommonExecutor.java:65)
	at com.kms.katalon.core.main.TestSuiteExecutor.accessTestSuiteMainPhase(TestSuiteExecutor.java:144)
	at com.kms.katalon.core.main.TestSuiteExecutor.execute(TestSuiteExecutor.java:106)
	at com.kms.katalon.core.main.TestCaseMain.startTestSuite(TestCaseMain.java:185)
	at com.kms.katalon.core.main.TestCaseMain$startTestSuite$0.call(Unknown Source)
	at TempTestSuite1705920083951.run(TempTestSuite1705920083951.groovy:36)
)
[[ATTACHMENT|C:\\Users\\Fadli\\git\\KatalonDailyGetData2\\Reports\\20240122_174123\\TS1\\20240122_174123\\1705921100367.png]]

2024-01-22 17:58:20 - [TEST_STEP][PASSED] - else: null

2024-01-22 17:58:20 - [TEST_STEP][PASSED] - strSeller3 = getText(findTestObject("Stockbit/Bandarmology_Seller3")): Text of object 'Object Repository/Stockbit/Bandarmology_Seller3' is: 'YP'

2024-01-22 17:58:20 - [MESSAGE][PASSED] - Text of object 'Object Repository/Stockbit/Bandarmology_Seller3' is: 'YP'

2024-01-22 17:58:20 - [TEST_STEP][PASSED] - strSellerVol3 = getText(findTestObject("Stockbit/Bandarmology_SellerVol3")): Text of object 'Object Repository/Stockbit/Bandarmology_SellerVol3' is: '1.5 K'

2024-01-22 17:58:20 - [MESSAGE][PASSED] - Text of object 'Object Repository/Stockbit/Bandarmology_SellerVol3' is: '1.5 K'

2024-01-22 17:58:20 - [TEST_STEP][PASSED] - strSellerAvg3 = getText(findTestObject("Stockbit/Bandarmology_SellerAvg3")): Text of object 'Object Repository/Stockbit/Bandarmology_SellerAvg3' is: '57'

2024-01-22 17:58:20 - [MESSAGE][PASSED] - Text of object 'Object Repository/Stockbit/Bandarmology_SellerAvg3' is: '57'

2024-01-22 17:58:20 - [TEST_STEP][PASSED] - if (strSeller3 != ""): null

2024-01-22 17:58:20 - [TEST_STEP][PASSED] - if (strSellerAvg3.contains(",")): null

2024-01-22 17:58:20 - [TEST_STEP][PASSED] - if (strSellerVol3.contains(" B")): null

2024-01-22 17:58:20 - [TEST_STEP][PASSED] - else if (strSellerVol3.contains(" M")): null

2024-01-22 17:58:20 - [TEST_STEP][PASSED] - else if (strSellerVol3.contains(" K")): null

2024-01-22 17:58:20 - [TEST_STEP][PASSED] - strSellerVol3 = strSellerVol3.replace(" K", ""): null

2024-01-22 17:58:20 - [TEST_STEP][PASSED] - strSellerVol3 = strSellerVol3.toDouble() * 1000: null

2024-01-22 17:58:20 - [TEST_STEP][PASSED] - strAccDist = getText(findTestObject("Stockbit/Bandarmology_AccDist")): Text of object 'Object Repository/Stockbit/Bandarmology_AccDist' is: 'Acc'

2024-01-22 17:58:21 - [MESSAGE][PASSED] - Text of object 'Object Repository/Stockbit/Bandarmology_AccDist' is: 'Acc'

2024-01-22 17:58:21 - [TEST_STEP][PASSED] - strNetVol = getText(findTestObject("Stockbit/Bandarmology_NetVol")): Text of object 'Object Repository/Stockbit/Bandarmology_NetVol' is: '7,294'

2024-01-22 17:58:21 - [MESSAGE][PASSED] - Text of object 'Object Repository/Stockbit/Bandarmology_NetVol' is: '7,294'

2024-01-22 17:58:21 - [TEST_STEP][PASSED] - strNetVol = strNetVol.replace(",", ""): null

2024-01-22 17:58:21 - [TEST_STEP][PASSED] - strNetVal = getText(findTestObject("Stockbit/Bandarmology_NetVal")): Text of object 'Object Repository/Stockbit/Bandarmology_NetVal' is: '0 B'

2024-01-22 17:58:21 - [MESSAGE][PASSED] - Text of object 'Object Repository/Stockbit/Bandarmology_NetVal' is: '0 B'

2024-01-22 17:58:21 - [TEST_STEP][PASSED] - delay(3): Delayed 3 second(s)

2024-01-22 17:58:24 - [MESSAGE][PASSED] - Delayed 3 second(s)

2024-01-22 17:58:24 - [TEST_STEP][PASSED] - strOpenPrice = getText(findTestObject("Stockbit/Home_OpenPrice")): Text of object 'Object Repository/Stockbit/Home_OpenPrice' is: '57'

2024-01-22 17:58:24 - [MESSAGE][PASSED] - Text of object 'Object Repository/Stockbit/Home_OpenPrice' is: '57'

2024-01-22 17:58:24 - [TEST_STEP][PASSED] - strOpenPrice = strOpenPrice.replace(",", ""): null

2024-01-22 17:58:24 - [TEST_STEP][PASSED] - strLowPrice = getText(findTestObject("Stockbit/Home_LowPrice")): Text of object 'Object Repository/Stockbit/Home_LowPrice' is: '56'

2024-01-22 17:58:24 - [MESSAGE][PASSED] - Text of object 'Object Repository/Stockbit/Home_LowPrice' is: '56'

2024-01-22 17:58:24 - [TEST_STEP][PASSED] - strLowPrice = strLowPrice.replace(",", ""): null

2024-01-22 17:58:24 - [TEST_STEP][PASSED] - strHighPrice = getText(findTestObject("Stockbit/Home_HighPrice")): Text of object 'Object Repository/Stockbit/Home_HighPrice' is: '58'

2024-01-22 17:58:24 - [MESSAGE][PASSED] - Text of object 'Object Repository/Stockbit/Home_HighPrice' is: '58'

2024-01-22 17:58:24 - [TEST_STEP][PASSED] - strHighPrice = strHighPrice.replace(",", ""): null

2024-01-22 17:58:24 - [TEST_STEP][PASSED] - strClosePrice = getText(findTestObject("Stockbit/Home_ClosePrice")): Text of object 'Object Repository/Stockbit/Home_ClosePrice' is: '57'

2024-01-22 17:58:24 - [MESSAGE][PASSED] - Text of object 'Object Repository/Stockbit/Home_ClosePrice' is: '57'

2024-01-22 17:58:24 - [TEST_STEP][PASSED] - strClosePrice = strClosePrice.replace(",", ""): null

2024-01-22 17:58:24 - [TEST_STEP][PASSED] - strVol = getText(findTestObject("Stockbit/Home_Volume")): Text of object 'Object Repository/Stockbit/Home_Volume' is: '9 K'

2024-01-22 17:58:24 - [MESSAGE][PASSED] - Text of object 'Object Repository/Stockbit/Home_Volume' is: '9 K'

2024-01-22 17:58:24 - [TEST_STEP][PASSED] - if (strVol.contains(" K")): null

2024-01-22 17:58:24 - [TEST_STEP][PASSED] - strVol = strVol.replace(" K", "000"): null

2024-01-22 17:58:24 - [TEST_STEP][PASSED] - if (strVol.contains(",")): null

2024-01-22 17:58:24 - [TEST_STEP][PASSED] - strChange = getText(findTestObject("Stockbit/Home_Change")): Text of object 'Object Repository/Stockbit/Home_Change' is: '0.00%'

2024-01-22 17:58:24 - [MESSAGE][PASSED] - Text of object 'Object Repository/Stockbit/Home_Change' is: '0.00%'

2024-01-22 17:58:24 - [TEST_STEP][PASSED] - strChange = strChange.replace("%", ""): null

2024-01-22 17:58:24 - [TEST_STEP][PASSED] - strFreq = getText(findTestObject("Stockbit/Home_Freq")): Text of object 'Object Repository/Stockbit/Home_Freq' is: '83'

2024-01-22 17:58:25 - [MESSAGE][PASSED] - Text of object 'Object Repository/Stockbit/Home_Freq' is: '83'

2024-01-22 17:58:25 - [TEST_STEP][PASSED] - if (strFreq.contains(",")): null

2024-01-22 17:58:25 - [TEST_STEP][PASSED] - if (strFreq == "NA" || strFreq == ""): null

2024-01-22 17:58:25 - [TEST_STEP][PASSED] - else: null

2024-01-22 17:58:25 - [TEST_STEP][PASSED] - dblFreqAnal = strVol.toDouble() / strFreq.toDouble() * strFreq.toDouble() * strFreq.toDouble() * 100000000: null

2024-01-22 17:58:25 - [TEST_STEP][PASSED] - strFreqAnal = String.format("%.4f", dblFreqAnal): null

2024-01-22 17:58:25 - [TEST_STEP][PASSED] - out.println("Double strFreqAnal: " + strFreqAnal): null

2024-01-22 17:58:25 - [TEST_STEP][PASSED] - strTanggal = d.format(DateTimeFormatter.ofPattern("yyyy-MM-dd")): null

2024-01-22 17:58:25 - [TEST_STEP][PASSED] - strTanggal = "#" + strTanggal + "#": null

2024-01-22 17:58:25 - [TEST_STEP][PASSED] - strSQL = "select count(*) as JumBaris from TblBrokSum where Nama = '" + strNama + "' and Tanggal = " + strTanggal + "": null

2024-01-22 17:58:25 - [TEST_STEP][PASSED] - resultSet = statement.executeQuery(strSQL): null

2024-01-22 17:58:25 - [TEST_STEP][PASSED] - resultSet.next(): null

2024-01-22 17:58:25 - [TEST_STEP][PASSED] - intJumBaris = resultSet.getInt("JumBaris"): null

2024-01-22 17:58:25 - [TEST_STEP][PASSED] - if (intJumBaris > 0): null

2024-01-22 17:58:25 - [TEST_STEP][PASSED] - else: null

2024-01-22 17:58:25 - [TEST_STEP][PASSED] - try: null

2024-01-22 17:58:25 - [TEST_STEP][PASSED] - out.println("Insert data"): null

2024-01-22 17:58:25 - [TEST_STEP][PASSED] - strSQL = "insert into TblBrokSum (nama, tanggal, top1, top2, top3, AllBrokAvg, AccDist, AvgRP, " + "Buyer1, BuyerVal1, BuyerAvg1, Seller1, SellerVal1, SellerAvg1, Buyer2, BuyerVal2, BuyerAvg2, " + "Seller2, SellerVal2, SellerAvg2, Buyer3, BuyerVal3, BuyerAvg3, Seller3, SellerVal3, SellerAvg3, NetVol, NetVal, " + "OpenPrice, LowPrice, HighPrice, ClosePrice, Volume, Change, Frekuensi, FrekAnal) " + "values ('" + strNama + "', " + strTanggal + ", '" + strTop1 + "', '" + strTop3 + "', '" + strTop5 + "', " + "'" + strAllBrokAvg + "', '" + strAccDist + "', " + intAvgRP + ", '" + strBuyer1 + "', '" + strBuyerVol1 + "', " + strBuyerAvg1 + ", " + "'" + strSeller1 + "', '" + strSellerVol1 + "', " + strSellerAvg1 + ", '" + strBuyer2 + "', '" + strBuyerVol2 + "', " + strBuyerAvg2 + ", " + "'" + strSeller2 + "', '" + strSellerVol2 + "', " + strSellerAvg2 + ", '" + strBuyer3 + "', '" + strBuyerVol3 + "', " + strBuyerAvg3 + ", " + "'" + strSeller3 + "', '" + strSellerVol3 + "', " + strSellerAvg3 + ", " + strNetVol + ", '" + strNetVal + "', " + "" + strOpenPrice + ", " + strLowPrice + ", " + strHighPrice + ", " + strClosePrice + ", '" + strVol + "', " + strChange + ", " + strFreq + ", " + strFreqAnal + ");": null

2024-01-22 17:58:25 - [TEST_STEP][PASSED] - out.println("strSQL = " + strSQL): null

2024-01-22 17:58:25 - [TEST_STEP][PASSED] - statement.executeUpdate(strSQL): null

2024-01-22 17:58:25 - [TEST_STEP][PASSED] - setValueToCellByIndex(sheet01, rowIndex, 4, "DONE"): null

2024-01-22 17:58:25 - [TEST_STEP][PASSED] - saveWorkbook(excelFilePath, workbook01): null

2024-01-22 17:58:25 - [TEST_STEP][PASSED] - waitForElementClickable(findTestObject("Stockbit/menu_Bandarmology"), 10): Object 'Object Repository/Stockbit/menu_Bandarmology' is clickable

2024-01-22 17:58:25 - [MESSAGE][PASSED] - Object 'Object Repository/Stockbit/menu_Bandarmology' is clickable

2024-01-22 17:58:25 - [TEST_STEP][PASSED] - click(findTestObject("Stockbit/menu_Bandarmology")): Object: 'Object Repository/Stockbit/menu_Bandarmology' is clicked on

2024-01-22 17:58:25 - [MESSAGE][PASSED] - Object: 'Object Repository/Stockbit/menu_Bandarmology' is clicked on

2024-01-22 17:58:25 - [TEST_STEP][PASSED] - strTemp = "NA": null

2024-01-22 17:58:25 - [TEST_STEP][PASSED] - if (getCellValueByIndex(sheet01, rowIndex, 4) != "DONE"): Object: 'Object Repository/Stockbit/menu_Bandarmology' is clicked on

2024-01-22 17:58:25 - [TEST_STEP][PASSED] - strNama = getCellValueByIndex(sheet01, rowIndex, 0): null

2024-01-22 17:58:25 - [TEST_STEP][PASSED] - navigateToUrl("https://stockbit.com/#/symbol/" + strNama): Navigate to 'https://stockbit.com/#/symbol/TOYS' successfully

2024-01-22 17:58:28 - [MESSAGE][PASSED] - Navigate to 'https://stockbit.com/#/symbol/TOYS' successfully

2024-01-22 17:58:28 - [TEST_STEP][PASSED] - waitForElementClickable(findTestObject("Stockbit/menu_Bandarmology"), 10): Object 'Object Repository/Stockbit/menu_Bandarmology' is clickable

2024-01-22 17:58:28 - [MESSAGE][PASSED] - Object 'Object Repository/Stockbit/menu_Bandarmology' is clickable

2024-01-22 17:58:28 - [TEST_STEP][PASSED] - click(findTestObject("Stockbit/menu_Bandarmology")): Object: 'Object Repository/Stockbit/menu_Bandarmology' is clicked on

2024-01-22 17:58:28 - [MESSAGE][PASSED] - Object: 'Object Repository/Stockbit/menu_Bandarmology' is clicked on

2024-01-22 17:58:28 - [TEST_STEP][PASSED] - strTanggal = d.format(DateTimeFormatter.ofPattern("MMM dd, yyyy")): null

2024-01-22 17:58:28 - [TEST_STEP][PASSED] - strTanggal = d.format(ISO_DATE): null

2024-01-22 17:58:28 - [TEST_STEP][PASSED] - out.println("strTanggal = " + strTanggal): null

2024-01-22 17:58:28 - [TEST_STEP][PASSED] - out.println("strNama = " + strNama): null

2024-01-22 17:58:28 - [TEST_STEP][PASSED] - out.println("Baris ke = " + rowIndex): null

2024-01-22 17:58:28 - [TEST_STEP][PASSED] - click(findTestObject("Stockbit/input__BandarmologyOpenStartDate")): Object: 'Object Repository/Stockbit/input__BandarmologyOpenStartDate' is clicked on

2024-01-22 17:58:30 - [MESSAGE][PASSED] - Object: 'Object Repository/Stockbit/input__BandarmologyOpenStartDate' is clicked on

2024-01-22 17:58:30 - [TEST_STEP][PASSED] - sendKeys(findTestObject("Stockbit/input__BandarmologyOpenStartDate"), Keys.chord(CONTROL, "a")): Keys 'CONTROL + a' sent to object: 'Object Repository/Stockbit/input__BandarmologyOpenStartDate'

2024-01-22 17:58:30 - [MESSAGE][PASSED] - Keys 'CONTROL + a' sent to object: 'Object Repository/Stockbit/input__BandarmologyOpenStartDate'

2024-01-22 17:58:30 - [TEST_STEP][PASSED] - sendKeys(findTestObject("Stockbit/input__BandarmologyOpenStartDate"), Keys.chord(BACK_SPACE)): Keys 'BACK_SPACE + ' sent to object: 'Object Repository/Stockbit/input__BandarmologyOpenStartDate'

2024-01-22 17:58:30 - [MESSAGE][PASSED] - Keys 'BACK_SPACE + ' sent to object: 'Object Repository/Stockbit/input__BandarmologyOpenStartDate'

2024-01-22 17:58:30 - [TEST_STEP][PASSED] - setText(findTestObject("Stockbit/input__BandarmologyOpenStartDate"), strTanggal): Text '2024-01-22' is set on object 'Object Repository/Stockbit/input__BandarmologyOpenStartDate'

2024-01-22 17:58:31 - [MESSAGE][PASSED] - Text '2024-01-22' is set on object 'Object Repository/Stockbit/input__BandarmologyOpenStartDate'

2024-01-22 17:58:31 - [TEST_STEP][PASSED] - sendKeys(findTestObject("Stockbit/input__BandarmologyOpenStartDate"), Keys.chord(ENTER)): Keys 'ENTER + ' sent to object: 'Object Repository/Stockbit/input__BandarmologyOpenStartDate'

2024-01-22 17:58:32 - [MESSAGE][PASSED] - Keys 'ENTER + ' sent to object: 'Object Repository/Stockbit/input__BandarmologyOpenStartDate'

2024-01-22 17:58:32 - [TEST_STEP][PASSED] - click(findTestObject("Stockbit/input__BandarmologyOpenEndDate")): Object: 'Object Repository/Stockbit/input__BandarmologyOpenEndDate' is clicked on

2024-01-22 17:58:32 - [MESSAGE][PASSED] - Object: 'Object Repository/Stockbit/input__BandarmologyOpenEndDate' is clicked on

2024-01-22 17:58:32 - [TEST_STEP][PASSED] - sendKeys(findTestObject("Stockbit/input__BandarmologyOpenEndDate"), Keys.chord(CONTROL, "a")): Keys 'CONTROL + a' sent to object: 'Object Repository/Stockbit/input__BandarmologyOpenEndDate'

2024-01-22 17:58:32 - [MESSAGE][PASSED] - Keys 'CONTROL + a' sent to object: 'Object Repository/Stockbit/input__BandarmologyOpenEndDate'

2024-01-22 17:58:32 - [TEST_STEP][PASSED] - sendKeys(findTestObject("Stockbit/input__BandarmologyOpenEndDate"), Keys.chord(BACK_SPACE)): Keys 'BACK_SPACE + ' sent to object: 'Object Repository/Stockbit/input__BandarmologyOpenEndDate'

2024-01-22 17:58:33 - [MESSAGE][PASSED] - Keys 'BACK_SPACE + ' sent to object: 'Object Repository/Stockbit/input__BandarmologyOpenEndDate'

2024-01-22 17:58:33 - [TEST_STEP][PASSED] - setText(findTestObject("Stockbit/input__BandarmologyOpenEndDate"), strTanggal): Text '2024-01-22' is set on object 'Object Repository/Stockbit/input__BandarmologyOpenEndDate'

2024-01-22 17:58:34 - [MESSAGE][PASSED] - Text '2024-01-22' is set on object 'Object Repository/Stockbit/input__BandarmologyOpenEndDate'

2024-01-22 17:58:34 - [TEST_STEP][PASSED] - sendKeys(findTestObject("Stockbit/input__BandarmologyOpenEndDate"), Keys.chord(ENTER)): Keys 'ENTER + ' sent to object: 'Object Repository/Stockbit/input__BandarmologyOpenEndDate'

2024-01-22 17:58:34 - [MESSAGE][PASSED] - Keys 'ENTER + ' sent to object: 'Object Repository/Stockbit/input__BandarmologyOpenEndDate'

2024-01-22 17:58:34 - [TEST_STEP][PASSED] - delay(2): Delayed 2 second(s)

2024-01-22 17:58:36 - [MESSAGE][PASSED] - Delayed 2 second(s)

2024-01-22 17:58:36 - [TEST_STEP][PASSED] - strTemp = getText(findTestObject("Stockbit/Bandarmology_AvgRP")): Text of object 'Object Repository/Stockbit/Bandarmology_AvgRP' is: '50'

2024-01-22 17:58:36 - [MESSAGE][PASSED] - Text of object 'Object Repository/Stockbit/Bandarmology_AvgRP' is: '50'

2024-01-22 17:58:36 - [TEST_STEP][PASSED] - out.println("Bandarmology_AvgRP = " + strTemp): null

2024-01-22 17:58:36 - [TEST_STEP][PASSED] - if (strTemp != "0"): null

2024-01-22 17:58:36 - [TEST_STEP][PASSED] - strTop1 = getText(findTestObject("Stockbit/Bandarmology_Top1")): Text of object 'Object Repository/Stockbit/Bandarmology_Top1' is: 'Neutral'

2024-01-22 17:58:36 - [MESSAGE][PASSED] - Text of object 'Object Repository/Stockbit/Bandarmology_Top1' is: 'Neutral'

2024-01-22 17:58:36 - [TEST_STEP][PASSED] - strTop3 = getText(findTestObject("Stockbit/Bandarmology_Top3")): Text of object 'Object Repository/Stockbit/Bandarmology_Top3' is: 'Neutral'

2024-01-22 17:58:36 - [MESSAGE][PASSED] - Text of object 'Object Repository/Stockbit/Bandarmology_Top3' is: 'Neutral'

2024-01-22 17:58:36 - [TEST_STEP][PASSED] - strTop5 = getText(findTestObject("Stockbit/Bandarmology_Top5")): Text of object 'Object Repository/Stockbit/Bandarmology_Top5' is: 'Neutral'

2024-01-22 17:58:36 - [MESSAGE][PASSED] - Text of object 'Object Repository/Stockbit/Bandarmology_Top5' is: 'Neutral'

2024-01-22 17:58:36 - [TEST_STEP][PASSED] - strAllBrokAvg = getText(findTestObject("Stockbit/Bandarmology_TopAVG")): Text of object 'Object Repository/Stockbit/Bandarmology_TopAVG' is: 'Neutral'

2024-01-22 17:58:37 - [MESSAGE][PASSED] - Text of object 'Object Repository/Stockbit/Bandarmology_TopAVG' is: 'Neutral'

2024-01-22 17:58:37 - [TEST_STEP][PASSED] - strTemp = getText(findTestObject("Stockbit/Bandarmology_AvgRP")): Text of object 'Object Repository/Stockbit/Bandarmology_AvgRP' is: '50'

2024-01-22 17:58:37 - [MESSAGE][PASSED] - Text of object 'Object Repository/Stockbit/Bandarmology_AvgRP' is: '50'

2024-01-22 17:58:37 - [TEST_STEP][PASSED] - if (strTemp.contains(",")): null

2024-01-22 17:58:37 - [TEST_STEP][PASSED] - intAvgRP = strTemp.toInteger(): null

2024-01-22 17:58:37 - [TEST_STEP][PASSED] - strBuyer1 = getText(findTestObject("Stockbit/Bandarmology_Buyer1")): Text of object 'Object Repository/Stockbit/Bandarmology_Buyer1' is: 'PD'

2024-01-22 17:58:37 - [MESSAGE][PASSED] - Text of object 'Object Repository/Stockbit/Bandarmology_Buyer1' is: 'PD'

2024-01-22 17:58:37 - [TEST_STEP][PASSED] - strBuyerVol1 = getText(findTestObject("Stockbit/Bandarmology_BuyerVol1")): Text of object 'Object Repository/Stockbit/Bandarmology_BuyerVol1' is: '50'

2024-01-22 17:58:37 - [MESSAGE][PASSED] - Text of object 'Object Repository/Stockbit/Bandarmology_BuyerVol1' is: '50'

2024-01-22 17:58:37 - [TEST_STEP][PASSED] - strBuyerAvg1 = getText(findTestObject("Stockbit/Bandarmology_BuyerAvg1")): Text of object 'Object Repository/Stockbit/Bandarmology_BuyerAvg1' is: '50'

2024-01-22 17:58:37 - [MESSAGE][PASSED] - Text of object 'Object Repository/Stockbit/Bandarmology_BuyerAvg1' is: '50'

2024-01-22 17:58:37 - [TEST_STEP][PASSED] - if (strBuyerAvg1.contains(",")): null

2024-01-22 17:58:37 - [TEST_STEP][PASSED] - if (strBuyerVol1.contains(" B")): null

2024-01-22 17:58:37 - [TEST_STEP][PASSED] - strSeller1 = getText(findTestObject("Stockbit/Bandarmology_Seller1")): Text of object 'Object Repository/Stockbit/Bandarmology_Seller1' is: 'YP'

2024-01-22 17:58:37 - [MESSAGE][PASSED] - Text of object 'Object Repository/Stockbit/Bandarmology_Seller1' is: 'YP'

2024-01-22 17:58:37 - [TEST_STEP][PASSED] - strSellerVol1 = getText(findTestObject("Stockbit/Bandarmology_SellerVol1")): Text of object 'Object Repository/Stockbit/Bandarmology_SellerVol1' is: '49'

2024-01-22 17:58:37 - [MESSAGE][PASSED] - Text of object 'Object Repository/Stockbit/Bandarmology_SellerVol1' is: '49'

2024-01-22 17:58:37 - [TEST_STEP][PASSED] - strSellerAvg1 = getText(findTestObject("Stockbit/Bandarmology_SellerAvg1")): Text of object 'Object Repository/Stockbit/Bandarmology_SellerAvg1' is: '50'

2024-01-22 17:58:37 - [MESSAGE][PASSED] - Text of object 'Object Repository/Stockbit/Bandarmology_SellerAvg1' is: '50'

2024-01-22 17:58:37 - [TEST_STEP][PASSED] - if (strSellerAvg1.contains(",")): null

2024-01-22 17:58:37 - [TEST_STEP][PASSED] - if (strSellerVol1.contains(" B")): null

2024-01-22 17:58:37 - [TEST_STEP][PASSED] - if (verifyElementNotPresent(findTestObject("Stockbit/Bandarmology_Buyer2"), 1, OPTIONAL)): Web element with id: 'Object Repository/Stockbit/Bandarmology_Buyer2' located by 'By.xpath: //*[contains(@id, 'rc-tabs-')]/div[2]/div/div/div/div/div/div[2]/table/tbody/tr[3]/td[1]/p' is present after '1' second(s) (Root cause: com.kms.katalon.core.exception.StepFailedException: Web element with id: 'Object Repository/Stockbit/Bandarmology_Buyer2' located by 'By.xpath: //*[contains(@id, 'rc-tabs-')]/div[2]/div/div/div/div/div/div[2]/table/tbody/tr[3]/td[1]/p' is present after '1' second(s)
	at com.kms.katalon.core.webui.keyword.internal.WebUIKeywordMain.stepFailed(WebUIKeywordMain.groovy:64)
	at com.kms.katalon.core.webui.keyword.internal.WebUIKeywordMain$stepFailed$0.call(Unknown Source)
	at com.kms.katalon.core.webui.keyword.builtin.VerifyElementNotPresentKeyword$_verifyElementNotPresent_closure1.doCall(VerifyElementNotPresentKeyword.groovy:106)
	at com.kms.katalon.core.webui.keyword.builtin.VerifyElementNotPresentKeyword$_verifyElementNotPresent_closure1.doCall(VerifyElementNotPresentKeyword.groovy)
	at com.kms.katalon.core.webui.keyword.internal.WebUIKeywordMain.runKeyword(WebUIKeywordMain.groovy:20)
	at com.kms.katalon.core.webui.keyword.internal.WebUIKeywordMain$runKeyword.call(Unknown Source)
	at com.kms.katalon.core.webui.keyword.builtin.VerifyElementNotPresentKeyword.verifyElementNotPresent(VerifyElementNotPresentKeyword.groovy:117)
	at com.kms.katalon.core.webui.keyword.builtin.VerifyElementNotPresentKeyword.execute(VerifyElementNotPresentKeyword.groovy:68)
	at com.kms.katalon.core.keyword.internal.KeywordExecutor.executeKeywordForPlatform(KeywordExecutor.groovy:74)
	at com.kms.katalon.core.webui.keyword.WebUiBuiltInKeywords.verifyElementNotPresent(WebUiBuiltInKeywords.groovy:1481)
	at com.kms.katalon.core.webui.keyword.WebUiBuiltInKeywords$verifyElementNotPresent$8.call(Unknown Source)
	at GetBrokSumPriceDaily.run(GetBrokSumPriceDaily:258)
	at com.kms.katalon.core.main.ScriptEngine.run(ScriptEngine.java:194)
	at com.kms.katalon.core.main.ScriptEngine.runScriptAsRawText(ScriptEngine.java:119)
	at com.kms.katalon.core.main.TestCaseExecutor.runScript(TestCaseExecutor.java:445)
	at com.kms.katalon.core.main.TestCaseExecutor.doExecute(TestCaseExecutor.java:436)
	at com.kms.katalon.core.main.TestCaseExecutor.processExecutionPhase(TestCaseExecutor.java:415)
	at com.kms.katalon.core.main.TestCaseExecutor.accessMainPhase(TestCaseExecutor.java:407)
	at com.kms.katalon.core.main.TestCaseExecutor.execute(TestCaseExecutor.java:284)
	at com.kms.katalon.core.common.CommonExecutor.accessTestCaseMainPhase(CommonExecutor.java:65)
	at com.kms.katalon.core.main.TestSuiteExecutor.accessTestSuiteMainPhase(TestSuiteExecutor.java:144)
	at com.kms.katalon.core.main.TestSuiteExecutor.execute(TestSuiteExecutor.java:106)
	at com.kms.katalon.core.main.TestCaseMain.startTestSuite(TestCaseMain.java:185)
	at com.kms.katalon.core.main.TestCaseMain$startTestSuite$0.call(Unknown Source)
	at TempTestSuite1705920083951.run(TempTestSuite1705920083951.groovy:36)
)

2024-01-22 17:58:39 - [MESSAGE][WARNING] - Web element with id: 'Object Repository/Stockbit/Bandarmology_Buyer2' located by 'By.xpath: //*[contains(@id, 'rc-tabs-')]/div[2]/div/div/div/div/div/div[2]/table/tbody/tr[3]/td[1]/p' is present after '1' second(s) (Root cause: com.kms.katalon.core.exception.StepFailedException: Web element with id: 'Object Repository/Stockbit/Bandarmology_Buyer2' located by 'By.xpath: //*[contains(@id, 'rc-tabs-')]/div[2]/div/div/div/div/div/div[2]/table/tbody/tr[3]/td[1]/p' is present after '1' second(s)
	at com.kms.katalon.core.webui.keyword.internal.WebUIKeywordMain.stepFailed(WebUIKeywordMain.groovy:64)
	at com.kms.katalon.core.webui.keyword.internal.WebUIKeywordMain$stepFailed$0.call(Unknown Source)
	at com.kms.katalon.core.webui.keyword.builtin.VerifyElementNotPresentKeyword$_verifyElementNotPresent_closure1.doCall(VerifyElementNotPresentKeyword.groovy:106)
	at com.kms.katalon.core.webui.keyword.builtin.VerifyElementNotPresentKeyword$_verifyElementNotPresent_closure1.doCall(VerifyElementNotPresentKeyword.groovy)
	at com.kms.katalon.core.webui.keyword.internal.WebUIKeywordMain.runKeyword(WebUIKeywordMain.groovy:20)
	at com.kms.katalon.core.webui.keyword.internal.WebUIKeywordMain$runKeyword.call(Unknown Source)
	at com.kms.katalon.core.webui.keyword.builtin.VerifyElementNotPresentKeyword.verifyElementNotPresent(VerifyElementNotPresentKeyword.groovy:117)
	at com.kms.katalon.core.webui.keyword.builtin.VerifyElementNotPresentKeyword.execute(VerifyElementNotPresentKeyword.groovy:68)
	at com.kms.katalon.core.keyword.internal.KeywordExecutor.executeKeywordForPlatform(KeywordExecutor.groovy:74)
	at com.kms.katalon.core.webui.keyword.WebUiBuiltInKeywords.verifyElementNotPresent(WebUiBuiltInKeywords.groovy:1481)
	at com.kms.katalon.core.webui.keyword.WebUiBuiltInKeywords$verifyElementNotPresent$8.call(Unknown Source)
	at GetBrokSumPriceDaily.run(GetBrokSumPriceDaily:258)
	at com.kms.katalon.core.main.ScriptEngine.run(ScriptEngine.java:194)
	at com.kms.katalon.core.main.ScriptEngine.runScriptAsRawText(ScriptEngine.java:119)
	at com.kms.katalon.core.main.TestCaseExecutor.runScript(TestCaseExecutor.java:445)
	at com.kms.katalon.core.main.TestCaseExecutor.doExecute(TestCaseExecutor.java:436)
	at com.kms.katalon.core.main.TestCaseExecutor.processExecutionPhase(TestCaseExecutor.java:415)
	at com.kms.katalon.core.main.TestCaseExecutor.accessMainPhase(TestCaseExecutor.java:407)
	at com.kms.katalon.core.main.TestCaseExecutor.execute(TestCaseExecutor.java:284)
	at com.kms.katalon.core.common.CommonExecutor.accessTestCaseMainPhase(CommonExecutor.java:65)
	at com.kms.katalon.core.main.TestSuiteExecutor.accessTestSuiteMainPhase(TestSuiteExecutor.java:144)
	at com.kms.katalon.core.main.TestSuiteExecutor.execute(TestSuiteExecutor.java:106)
	at com.kms.katalon.core.main.TestCaseMain.startTestSuite(TestCaseMain.java:185)
	at com.kms.katalon.core.main.TestCaseMain$startTestSuite$0.call(Unknown Source)
	at TempTestSuite1705920083951.run(TempTestSuite1705920083951.groovy:36)
)
[[ATTACHMENT|C:\\Users\\Fadli\\git\\KatalonDailyGetData2\\Reports\\20240122_174123\\TS1\\20240122_174123\\1705921118943.png]]

2024-01-22 17:58:39 - [TEST_STEP][PASSED] - else: null

2024-01-22 17:58:39 - [TEST_STEP][PASSED] - strBuyer2 = getText(findTestObject("Stockbit/Bandarmology_Buyer2")): Text of object 'Object Repository/Stockbit/Bandarmology_Buyer2' is: ''

2024-01-22 17:58:39 - [MESSAGE][PASSED] - Text of object 'Object Repository/Stockbit/Bandarmology_Buyer2' is: ''

2024-01-22 17:58:39 - [TEST_STEP][PASSED] - strBuyerVol2 = getText(findTestObject("Stockbit/Bandarmology_BuyerVol2")): Text of object 'Object Repository/Stockbit/Bandarmology_BuyerVol2' is: ''

2024-01-22 17:58:39 - [MESSAGE][PASSED] - Text of object 'Object Repository/Stockbit/Bandarmology_BuyerVol2' is: ''

2024-01-22 17:58:39 - [TEST_STEP][PASSED] - strBuyerAvg2 = getText(findTestObject("Stockbit/Bandarmology_BuyerAvg2")): Text of object 'Object Repository/Stockbit/Bandarmology_BuyerAvg2' is: ''

2024-01-22 17:58:39 - [MESSAGE][PASSED] - Text of object 'Object Repository/Stockbit/Bandarmology_BuyerAvg2' is: ''

2024-01-22 17:58:39 - [TEST_STEP][PASSED] - if (strBuyer2 != ""): null

2024-01-22 17:58:39 - [TEST_STEP][PASSED] - else: null

2024-01-22 17:58:39 - [TEST_STEP][PASSED] - strBuyer2 = "-": null

2024-01-22 17:58:39 - [TEST_STEP][PASSED] - strBuyerVol2 = "0": null

2024-01-22 17:58:39 - [TEST_STEP][PASSED] - strBuyerAvg2 = "0": null

2024-01-22 17:58:39 - [TEST_STEP][PASSED] - if (verifyElementNotPresent(findTestObject("Stockbit/Bandarmology_Seller2"), 1, OPTIONAL)): Web element with id: 'Object Repository/Stockbit/Bandarmology_Seller2' located by 'By.xpath: //*[contains(@id, 'rc-tabs-')]/div[2]/div/div/div/div/div/div[2]/table/tbody/tr[3]/td[5]/p' is present after '1' second(s) (Root cause: com.kms.katalon.core.exception.StepFailedException: Web element with id: 'Object Repository/Stockbit/Bandarmology_Seller2' located by 'By.xpath: //*[contains(@id, 'rc-tabs-')]/div[2]/div/div/div/div/div/div[2]/table/tbody/tr[3]/td[5]/p' is present after '1' second(s)
	at com.kms.katalon.core.webui.keyword.internal.WebUIKeywordMain.stepFailed(WebUIKeywordMain.groovy:64)
	at com.kms.katalon.core.webui.keyword.internal.WebUIKeywordMain$stepFailed$0.call(Unknown Source)
	at com.kms.katalon.core.webui.keyword.builtin.VerifyElementNotPresentKeyword$_verifyElementNotPresent_closure1.doCall(VerifyElementNotPresentKeyword.groovy:106)
	at com.kms.katalon.core.webui.keyword.builtin.VerifyElementNotPresentKeyword$_verifyElementNotPresent_closure1.doCall(VerifyElementNotPresentKeyword.groovy)
	at com.kms.katalon.core.webui.keyword.internal.WebUIKeywordMain.runKeyword(WebUIKeywordMain.groovy:20)
	at com.kms.katalon.core.webui.keyword.internal.WebUIKeywordMain$runKeyword.call(Unknown Source)
	at com.kms.katalon.core.webui.keyword.builtin.VerifyElementNotPresentKeyword.verifyElementNotPresent(VerifyElementNotPresentKeyword.groovy:117)
	at com.kms.katalon.core.webui.keyword.builtin.VerifyElementNotPresentKeyword.execute(VerifyElementNotPresentKeyword.groovy:68)
	at com.kms.katalon.core.keyword.internal.KeywordExecutor.executeKeywordForPlatform(KeywordExecutor.groovy:74)
	at com.kms.katalon.core.webui.keyword.WebUiBuiltInKeywords.verifyElementNotPresent(WebUiBuiltInKeywords.groovy:1481)
	at com.kms.katalon.core.webui.keyword.WebUiBuiltInKeywords$verifyElementNotPresent$8.call(Unknown Source)
	at GetBrokSumPriceDaily.run(GetBrokSumPriceDaily:309)
	at com.kms.katalon.core.main.ScriptEngine.run(ScriptEngine.java:194)
	at com.kms.katalon.core.main.ScriptEngine.runScriptAsRawText(ScriptEngine.java:119)
	at com.kms.katalon.core.main.TestCaseExecutor.runScript(TestCaseExecutor.java:445)
	at com.kms.katalon.core.main.TestCaseExecutor.doExecute(TestCaseExecutor.java:436)
	at com.kms.katalon.core.main.TestCaseExecutor.processExecutionPhase(TestCaseExecutor.java:415)
	at com.kms.katalon.core.main.TestCaseExecutor.accessMainPhase(TestCaseExecutor.java:407)
	at com.kms.katalon.core.main.TestCaseExecutor.execute(TestCaseExecutor.java:284)
	at com.kms.katalon.core.common.CommonExecutor.accessTestCaseMainPhase(CommonExecutor.java:65)
	at com.kms.katalon.core.main.TestSuiteExecutor.accessTestSuiteMainPhase(TestSuiteExecutor.java:144)
	at com.kms.katalon.core.main.TestSuiteExecutor.execute(TestSuiteExecutor.java:106)
	at com.kms.katalon.core.main.TestCaseMain.startTestSuite(TestCaseMain.java:185)
	at com.kms.katalon.core.main.TestCaseMain$startTestSuite$0.call(Unknown Source)
	at TempTestSuite1705920083951.run(TempTestSuite1705920083951.groovy:36)
)

2024-01-22 17:58:40 - [MESSAGE][WARNING] - Web element with id: 'Object Repository/Stockbit/Bandarmology_Seller2' located by 'By.xpath: //*[contains(@id, 'rc-tabs-')]/div[2]/div/div/div/div/div/div[2]/table/tbody/tr[3]/td[5]/p' is present after '1' second(s) (Root cause: com.kms.katalon.core.exception.StepFailedException: Web element with id: 'Object Repository/Stockbit/Bandarmology_Seller2' located by 'By.xpath: //*[contains(@id, 'rc-tabs-')]/div[2]/div/div/div/div/div/div[2]/table/tbody/tr[3]/td[5]/p' is present after '1' second(s)
	at com.kms.katalon.core.webui.keyword.internal.WebUIKeywordMain.stepFailed(WebUIKeywordMain.groovy:64)
	at com.kms.katalon.core.webui.keyword.internal.WebUIKeywordMain$stepFailed$0.call(Unknown Source)
	at com.kms.katalon.core.webui.keyword.builtin.VerifyElementNotPresentKeyword$_verifyElementNotPresent_closure1.doCall(VerifyElementNotPresentKeyword.groovy:106)
	at com.kms.katalon.core.webui.keyword.builtin.VerifyElementNotPresentKeyword$_verifyElementNotPresent_closure1.doCall(VerifyElementNotPresentKeyword.groovy)
	at com.kms.katalon.core.webui.keyword.internal.WebUIKeywordMain.runKeyword(WebUIKeywordMain.groovy:20)
	at com.kms.katalon.core.webui.keyword.internal.WebUIKeywordMain$runKeyword.call(Unknown Source)
	at com.kms.katalon.core.webui.keyword.builtin.VerifyElementNotPresentKeyword.verifyElementNotPresent(VerifyElementNotPresentKeyword.groovy:117)
	at com.kms.katalon.core.webui.keyword.builtin.VerifyElementNotPresentKeyword.execute(VerifyElementNotPresentKeyword.groovy:68)
	at com.kms.katalon.core.keyword.internal.KeywordExecutor.executeKeywordForPlatform(KeywordExecutor.groovy:74)
	at com.kms.katalon.core.webui.keyword.WebUiBuiltInKeywords.verifyElementNotPresent(WebUiBuiltInKeywords.groovy:1481)
	at com.kms.katalon.core.webui.keyword.WebUiBuiltInKeywords$verifyElementNotPresent$8.call(Unknown Source)
	at GetBrokSumPriceDaily.run(GetBrokSumPriceDaily:309)
	at com.kms.katalon.core.main.ScriptEngine.run(ScriptEngine.java:194)
	at com.kms.katalon.core.main.ScriptEngine.runScriptAsRawText(ScriptEngine.java:119)
	at com.kms.katalon.core.main.TestCaseExecutor.runScript(TestCaseExecutor.java:445)
	at com.kms.katalon.core.main.TestCaseExecutor.doExecute(TestCaseExecutor.java:436)
	at com.kms.katalon.core.main.TestCaseExecutor.processExecutionPhase(TestCaseExecutor.java:415)
	at com.kms.katalon.core.main.TestCaseExecutor.accessMainPhase(TestCaseExecutor.java:407)
	at com.kms.katalon.core.main.TestCaseExecutor.execute(TestCaseExecutor.java:284)
	at com.kms.katalon.core.common.CommonExecutor.accessTestCaseMainPhase(CommonExecutor.java:65)
	at com.kms.katalon.core.main.TestSuiteExecutor.accessTestSuiteMainPhase(TestSuiteExecutor.java:144)
	at com.kms.katalon.core.main.TestSuiteExecutor.execute(TestSuiteExecutor.java:106)
	at com.kms.katalon.core.main.TestCaseMain.startTestSuite(TestCaseMain.java:185)
	at com.kms.katalon.core.main.TestCaseMain$startTestSuite$0.call(Unknown Source)
	at TempTestSuite1705920083951.run(TempTestSuite1705920083951.groovy:36)
)
[[ATTACHMENT|C:\\Users\\Fadli\\git\\KatalonDailyGetData2\\Reports\\20240122_174123\\TS1\\20240122_174123\\1705921120632.png]]

2024-01-22 17:58:40 - [TEST_STEP][PASSED] - else: null

2024-01-22 17:58:40 - [TEST_STEP][PASSED] - strSeller2 = getText(findTestObject("Stockbit/Bandarmology_Seller2")): Text of object 'Object Repository/Stockbit/Bandarmology_Seller2' is: 'XC'

2024-01-22 17:58:40 - [MESSAGE][PASSED] - Text of object 'Object Repository/Stockbit/Bandarmology_Seller2' is: 'XC'

2024-01-22 17:58:40 - [TEST_STEP][PASSED] - strSellerVol2 = getText(findTestObject("Stockbit/Bandarmology_SellerVol2")): Text of object 'Object Repository/Stockbit/Bandarmology_SellerVol2' is: '1'

2024-01-22 17:58:41 - [MESSAGE][PASSED] - Text of object 'Object Repository/Stockbit/Bandarmology_SellerVol2' is: '1'

2024-01-22 17:58:41 - [TEST_STEP][PASSED] - strSellerAvg2 = getText(findTestObject("Stockbit/Bandarmology_SellerAvg2")): Text of object 'Object Repository/Stockbit/Bandarmology_SellerAvg2' is: '50'

2024-01-22 17:58:41 - [MESSAGE][PASSED] - Text of object 'Object Repository/Stockbit/Bandarmology_SellerAvg2' is: '50'

2024-01-22 17:58:41 - [TEST_STEP][PASSED] - if (strSeller2 != ""): null

2024-01-22 17:58:41 - [TEST_STEP][PASSED] - if (strSellerAvg2.contains(",")): null

2024-01-22 17:58:41 - [TEST_STEP][PASSED] - if (strSellerVol2.contains(" B")): null

2024-01-22 17:58:41 - [TEST_STEP][PASSED] - if (verifyElementNotPresent(findTestObject("Stockbit/Bandarmology_Buyer3"), 1, OPTIONAL)): null

2024-01-22 17:58:41 - [MESSAGE][PASSED] - Web element with id: 'Object Repository/Stockbit/Bandarmology_Buyer3' located by 'By.xpath: //*[contains(@id, 'rc-tabs-')]/div[2]/div/div/div/div/div/div[2]/table/tbody/tr[4]/td[1]/p' is not present after '1' second(s)

2024-01-22 17:58:41 - [TEST_STEP][PASSED] - strBuyer3 = "-": null

2024-01-22 17:58:41 - [TEST_STEP][PASSED] - strBuyerVol3 = "0": null

2024-01-22 17:58:41 - [TEST_STEP][PASSED] - strBuyerAvg3 = "0": null

2024-01-22 17:58:41 - [TEST_STEP][PASSED] - if (verifyElementNotPresent(findTestObject("Stockbit/Bandarmology_Seller3"), 1, OPTIONAL)): null

2024-01-22 17:58:41 - [MESSAGE][PASSED] - Web element with id: 'Object Repository/Stockbit/Bandarmology_Seller3' located by 'By.xpath: //*[contains(@id, 'rc-tabs-')]/div[2]/div/div/div/div/div/div[2]/table/tbody/tr[4]/td[5]/p' is not present after '1' second(s)

2024-01-22 17:58:41 - [TEST_STEP][PASSED] - strSeller3 = "-": null

2024-01-22 17:58:41 - [TEST_STEP][PASSED] - strSellerVol3 = "0": null

2024-01-22 17:58:41 - [TEST_STEP][PASSED] - strSellerAvg3 = "0": null

2024-01-22 17:58:41 - [TEST_STEP][PASSED] - strAccDist = getText(findTestObject("Stockbit/Bandarmology_AccDist")): Text of object 'Object Repository/Stockbit/Bandarmology_AccDist' is: 'Acc'

2024-01-22 17:58:41 - [MESSAGE][PASSED] - Text of object 'Object Repository/Stockbit/Bandarmology_AccDist' is: 'Acc'

2024-01-22 17:58:41 - [TEST_STEP][PASSED] - strNetVol = getText(findTestObject("Stockbit/Bandarmology_NetVol")): Text of object 'Object Repository/Stockbit/Bandarmology_NetVol' is: '50'

2024-01-22 17:58:41 - [MESSAGE][PASSED] - Text of object 'Object Repository/Stockbit/Bandarmology_NetVol' is: '50'

2024-01-22 17:58:41 - [TEST_STEP][PASSED] - strNetVol = strNetVol.replace(",", ""): null

2024-01-22 17:58:41 - [TEST_STEP][PASSED] - strNetVal = getText(findTestObject("Stockbit/Bandarmology_NetVal")): Text of object 'Object Repository/Stockbit/Bandarmology_NetVal' is: '0 B'

2024-01-22 17:58:41 - [MESSAGE][PASSED] - Text of object 'Object Repository/Stockbit/Bandarmology_NetVal' is: '0 B'

2024-01-22 17:58:41 - [TEST_STEP][PASSED] - delay(3): Delayed 3 second(s)

2024-01-22 17:58:44 - [MESSAGE][PASSED] - Delayed 3 second(s)

2024-01-22 17:58:44 - [TEST_STEP][PASSED] - strOpenPrice = getText(findTestObject("Stockbit/Home_OpenPrice")): Text of object 'Object Repository/Stockbit/Home_OpenPrice' is: '50'

2024-01-22 17:58:44 - [MESSAGE][PASSED] - Text of object 'Object Repository/Stockbit/Home_OpenPrice' is: '50'

2024-01-22 17:58:44 - [TEST_STEP][PASSED] - strOpenPrice = strOpenPrice.replace(",", ""): null

2024-01-22 17:58:44 - [TEST_STEP][PASSED] - strLowPrice = getText(findTestObject("Stockbit/Home_LowPrice")): Text of object 'Object Repository/Stockbit/Home_LowPrice' is: '50'

2024-01-22 17:58:44 - [MESSAGE][PASSED] - Text of object 'Object Repository/Stockbit/Home_LowPrice' is: '50'

2024-01-22 17:58:44 - [TEST_STEP][PASSED] - strLowPrice = strLowPrice.replace(",", ""): null

2024-01-22 17:58:44 - [TEST_STEP][PASSED] - strHighPrice = getText(findTestObject("Stockbit/Home_HighPrice")): Text of object 'Object Repository/Stockbit/Home_HighPrice' is: '50'

2024-01-22 17:58:45 - [MESSAGE][PASSED] - Text of object 'Object Repository/Stockbit/Home_HighPrice' is: '50'

2024-01-22 17:58:45 - [TEST_STEP][PASSED] - strHighPrice = strHighPrice.replace(",", ""): null

2024-01-22 17:58:45 - [TEST_STEP][PASSED] - strClosePrice = getText(findTestObject("Stockbit/Home_ClosePrice")): Text of object 'Object Repository/Stockbit/Home_ClosePrice' is: '50'

2024-01-22 17:58:45 - [MESSAGE][PASSED] - Text of object 'Object Repository/Stockbit/Home_ClosePrice' is: '50'

2024-01-22 17:58:45 - [TEST_STEP][PASSED] - strClosePrice = strClosePrice.replace(",", ""): null

2024-01-22 17:58:45 - [TEST_STEP][PASSED] - strVol = getText(findTestObject("Stockbit/Home_Volume")): Text of object 'Object Repository/Stockbit/Home_Volume' is: '50'

2024-01-22 17:58:45 - [MESSAGE][PASSED] - Text of object 'Object Repository/Stockbit/Home_Volume' is: '50'

2024-01-22 17:58:45 - [TEST_STEP][PASSED] - if (strVol.contains(" K")): null

2024-01-22 17:58:45 - [TEST_STEP][PASSED] - if (strVol.contains(",")): null

2024-01-22 17:58:45 - [TEST_STEP][PASSED] - strChange = getText(findTestObject("Stockbit/Home_Change")): Text of object 'Object Repository/Stockbit/Home_Change' is: '0.00%'

2024-01-22 17:58:45 - [MESSAGE][PASSED] - Text of object 'Object Repository/Stockbit/Home_Change' is: '0.00%'

2024-01-22 17:58:45 - [TEST_STEP][PASSED] - strChange = strChange.replace("%", ""): null

2024-01-22 17:58:45 - [TEST_STEP][PASSED] - strFreq = getText(findTestObject("Stockbit/Home_Freq")): Text of object 'Object Repository/Stockbit/Home_Freq' is: '3'

2024-01-22 17:58:45 - [MESSAGE][PASSED] - Text of object 'Object Repository/Stockbit/Home_Freq' is: '3'

2024-01-22 17:58:45 - [TEST_STEP][PASSED] - if (strFreq.contains(",")): null

2024-01-22 17:58:45 - [TEST_STEP][PASSED] - if (strFreq == "NA" || strFreq == ""): null

2024-01-22 17:58:45 - [TEST_STEP][PASSED] - else: null

2024-01-22 17:58:45 - [TEST_STEP][PASSED] - dblFreqAnal = strVol.toDouble() / strFreq.toDouble() * strFreq.toDouble() * strFreq.toDouble() * 100000000: null

2024-01-22 17:58:45 - [TEST_STEP][PASSED] - strFreqAnal = String.format("%.4f", dblFreqAnal): null

2024-01-22 17:58:45 - [TEST_STEP][PASSED] - out.println("Double strFreqAnal: " + strFreqAnal): null

2024-01-22 17:58:45 - [TEST_STEP][PASSED] - strTanggal = d.format(DateTimeFormatter.ofPattern("yyyy-MM-dd")): null

2024-01-22 17:58:45 - [TEST_STEP][PASSED] - strTanggal = "#" + strTanggal + "#": null

2024-01-22 17:58:45 - [TEST_STEP][PASSED] - strSQL = "select count(*) as JumBaris from TblBrokSum where Nama = '" + strNama + "' and Tanggal = " + strTanggal + "": null

2024-01-22 17:58:45 - [TEST_STEP][PASSED] - resultSet = statement.executeQuery(strSQL): null

2024-01-22 17:58:45 - [TEST_STEP][PASSED] - resultSet.next(): null

2024-01-22 17:58:45 - [TEST_STEP][PASSED] - intJumBaris = resultSet.getInt("JumBaris"): null

2024-01-22 17:58:45 - [TEST_STEP][PASSED] - if (intJumBaris > 0): null

2024-01-22 17:58:45 - [TEST_STEP][PASSED] - else: null

2024-01-22 17:58:45 - [TEST_STEP][PASSED] - try: null

2024-01-22 17:58:45 - [TEST_STEP][PASSED] - out.println("Insert data"): null

2024-01-22 17:58:45 - [TEST_STEP][PASSED] - strSQL = "insert into TblBrokSum (nama, tanggal, top1, top2, top3, AllBrokAvg, AccDist, AvgRP, " + "Buyer1, BuyerVal1, BuyerAvg1, Seller1, SellerVal1, SellerAvg1, Buyer2, BuyerVal2, BuyerAvg2, " + "Seller2, SellerVal2, SellerAvg2, Buyer3, BuyerVal3, BuyerAvg3, Seller3, SellerVal3, SellerAvg3, NetVol, NetVal, " + "OpenPrice, LowPrice, HighPrice, ClosePrice, Volume, Change, Frekuensi, FrekAnal) " + "values ('" + strNama + "', " + strTanggal + ", '" + strTop1 + "', '" + strTop3 + "', '" + strTop5 + "', " + "'" + strAllBrokAvg + "', '" + strAccDist + "', " + intAvgRP + ", '" + strBuyer1 + "', '" + strBuyerVol1 + "', " + strBuyerAvg1 + ", " + "'" + strSeller1 + "', '" + strSellerVol1 + "', " + strSellerAvg1 + ", '" + strBuyer2 + "', '" + strBuyerVol2 + "', " + strBuyerAvg2 + ", " + "'" + strSeller2 + "', '" + strSellerVol2 + "', " + strSellerAvg2 + ", '" + strBuyer3 + "', '" + strBuyerVol3 + "', " + strBuyerAvg3 + ", " + "'" + strSeller3 + "', '" + strSellerVol3 + "', " + strSellerAvg3 + ", " + strNetVol + ", '" + strNetVal + "', " + "" + strOpenPrice + ", " + strLowPrice + ", " + strHighPrice + ", " + strClosePrice + ", '" + strVol + "', " + strChange + ", " + strFreq + ", " + strFreqAnal + ");": null

2024-01-22 17:58:45 - [TEST_STEP][PASSED] - out.println("strSQL = " + strSQL): null

2024-01-22 17:58:45 - [TEST_STEP][PASSED] - statement.executeUpdate(strSQL): null

2024-01-22 17:58:45 - [TEST_STEP][PASSED] - setValueToCellByIndex(sheet01, rowIndex, 4, "DONE"): null

2024-01-22 17:58:45 - [TEST_STEP][PASSED] - saveWorkbook(excelFilePath, workbook01): null

2024-01-22 17:58:45 - [TEST_STEP][PASSED] - waitForElementClickable(findTestObject("Stockbit/menu_Bandarmology"), 10): Object 'Object Repository/Stockbit/menu_Bandarmology' is clickable

2024-01-22 17:58:45 - [MESSAGE][PASSED] - Object 'Object Repository/Stockbit/menu_Bandarmology' is clickable

2024-01-22 17:58:45 - [TEST_STEP][PASSED] - click(findTestObject("Stockbit/menu_Bandarmology")): Object: 'Object Repository/Stockbit/menu_Bandarmology' is clicked on

2024-01-22 17:58:46 - [MESSAGE][PASSED] - Object: 'Object Repository/Stockbit/menu_Bandarmology' is clicked on

2024-01-22 17:58:46 - [TEST_STEP][PASSED] - strTemp = "NA": null

2024-01-22 17:58:46 - [TEST_STEP][PASSED] - if (getCellValueByIndex(sheet01, rowIndex, 4) != "DONE"): Object: 'Object Repository/Stockbit/menu_Bandarmology' is clicked on

2024-01-22 17:58:46 - [TEST_STEP][PASSED] - strNama = getCellValueByIndex(sheet01, rowIndex, 0): null

2024-01-22 17:58:46 - [TEST_STEP][PASSED] - navigateToUrl("https://stockbit.com/#/symbol/" + strNama): Navigate to 'https://stockbit.com/#/symbol/PMMP' successfully

2024-01-22 17:58:48 - [MESSAGE][PASSED] - Navigate to 'https://stockbit.com/#/symbol/PMMP' successfully

2024-01-22 17:58:48 - [TEST_STEP][PASSED] - waitForElementClickable(findTestObject("Stockbit/menu_Bandarmology"), 10): Object 'Object Repository/Stockbit/menu_Bandarmology' is clickable

2024-01-22 17:58:48 - [MESSAGE][PASSED] - Object 'Object Repository/Stockbit/menu_Bandarmology' is clickable

2024-01-22 17:58:48 - [TEST_STEP][PASSED] - click(findTestObject("Stockbit/menu_Bandarmology")): Object: 'Object Repository/Stockbit/menu_Bandarmology' is clicked on

2024-01-22 17:58:50 - [MESSAGE][PASSED] - Object: 'Object Repository/Stockbit/menu_Bandarmology' is clicked on

2024-01-22 17:58:50 - [TEST_STEP][PASSED] - strTanggal = d.format(DateTimeFormatter.ofPattern("MMM dd, yyyy")): null

2024-01-22 17:58:50 - [TEST_STEP][PASSED] - strTanggal = d.format(ISO_DATE): null

2024-01-22 17:58:50 - [TEST_STEP][PASSED] - out.println("strTanggal = " + strTanggal): null

2024-01-22 17:58:50 - [TEST_STEP][PASSED] - out.println("strNama = " + strNama): null

2024-01-22 17:58:50 - [TEST_STEP][PASSED] - out.println("Baris ke = " + rowIndex): null

2024-01-22 17:58:50 - [TEST_STEP][PASSED] - click(findTestObject("Stockbit/input__BandarmologyOpenStartDate")): Object: 'Object Repository/Stockbit/input__BandarmologyOpenStartDate' is clicked on

2024-01-22 17:58:51 - [MESSAGE][PASSED] - Object: 'Object Repository/Stockbit/input__BandarmologyOpenStartDate' is clicked on

2024-01-22 17:58:51 - [TEST_STEP][PASSED] - sendKeys(findTestObject("Stockbit/input__BandarmologyOpenStartDate"), Keys.chord(CONTROL, "a")): Keys 'CONTROL + a' sent to object: 'Object Repository/Stockbit/input__BandarmologyOpenStartDate'

2024-01-22 17:58:51 - [MESSAGE][PASSED] - Keys 'CONTROL + a' sent to object: 'Object Repository/Stockbit/input__BandarmologyOpenStartDate'

2024-01-22 17:58:51 - [TEST_STEP][PASSED] - sendKeys(findTestObject("Stockbit/input__BandarmologyOpenStartDate"), Keys.chord(BACK_SPACE)): Keys 'BACK_SPACE + ' sent to object: 'Object Repository/Stockbit/input__BandarmologyOpenStartDate'

2024-01-22 17:58:52 - [MESSAGE][PASSED] - Keys 'BACK_SPACE + ' sent to object: 'Object Repository/Stockbit/input__BandarmologyOpenStartDate'

2024-01-22 17:58:52 - [TEST_STEP][PASSED] - setText(findTestObject("Stockbit/input__BandarmologyOpenStartDate"), strTanggal): Text '2024-01-22' is set on object 'Object Repository/Stockbit/input__BandarmologyOpenStartDate'

2024-01-22 17:58:52 - [MESSAGE][PASSED] - Text '2024-01-22' is set on object 'Object Repository/Stockbit/input__BandarmologyOpenStartDate'

2024-01-22 17:58:52 - [TEST_STEP][PASSED] - sendKeys(findTestObject("Stockbit/input__BandarmologyOpenStartDate"), Keys.chord(ENTER)): Keys 'ENTER + ' sent to object: 'Object Repository/Stockbit/input__BandarmologyOpenStartDate'

2024-01-22 17:58:53 - [MESSAGE][PASSED] - Keys 'ENTER + ' sent to object: 'Object Repository/Stockbit/input__BandarmologyOpenStartDate'

2024-01-22 17:58:53 - [TEST_STEP][PASSED] - click(findTestObject("Stockbit/input__BandarmologyOpenEndDate")): Object: 'Object Repository/Stockbit/input__BandarmologyOpenEndDate' is clicked on

2024-01-22 17:58:53 - [MESSAGE][PASSED] - Object: 'Object Repository/Stockbit/input__BandarmologyOpenEndDate' is clicked on

2024-01-22 17:58:53 - [TEST_STEP][PASSED] - sendKeys(findTestObject("Stockbit/input__BandarmologyOpenEndDate"), Keys.chord(CONTROL, "a")): Keys 'CONTROL + a' sent to object: 'Object Repository/Stockbit/input__BandarmologyOpenEndDate'

2024-01-22 17:58:54 - [MESSAGE][PASSED] - Keys 'CONTROL + a' sent to object: 'Object Repository/Stockbit/input__BandarmologyOpenEndDate'

2024-01-22 17:58:54 - [TEST_STEP][PASSED] - sendKeys(findTestObject("Stockbit/input__BandarmologyOpenEndDate"), Keys.chord(BACK_SPACE)): Keys 'BACK_SPACE + ' sent to object: 'Object Repository/Stockbit/input__BandarmologyOpenEndDate'

2024-01-22 17:58:54 - [MESSAGE][PASSED] - Keys 'BACK_SPACE + ' sent to object: 'Object Repository/Stockbit/input__BandarmologyOpenEndDate'

2024-01-22 17:58:54 - [TEST_STEP][PASSED] - setText(findTestObject("Stockbit/input__BandarmologyOpenEndDate"), strTanggal): Text '2024-01-22' is set on object 'Object Repository/Stockbit/input__BandarmologyOpenEndDate'

2024-01-22 17:58:55 - [MESSAGE][PASSED] - Text '2024-01-22' is set on object 'Object Repository/Stockbit/input__BandarmologyOpenEndDate'

2024-01-22 17:58:55 - [TEST_STEP][PASSED] - sendKeys(findTestObject("Stockbit/input__BandarmologyOpenEndDate"), Keys.chord(ENTER)): Keys 'ENTER + ' sent to object: 'Object Repository/Stockbit/input__BandarmologyOpenEndDate'

2024-01-22 17:58:55 - [MESSAGE][PASSED] - Keys 'ENTER + ' sent to object: 'Object Repository/Stockbit/input__BandarmologyOpenEndDate'

2024-01-22 17:58:55 - [TEST_STEP][PASSED] - delay(2): Delayed 2 second(s)

2024-01-22 17:58:57 - [MESSAGE][PASSED] - Delayed 2 second(s)

2024-01-22 17:58:57 - [TEST_STEP][PASSED] - strTemp = getText(findTestObject("Stockbit/Bandarmology_AvgRP")): Text of object 'Object Repository/Stockbit/Bandarmology_AvgRP' is: '392'

2024-01-22 17:58:57 - [MESSAGE][PASSED] - Text of object 'Object Repository/Stockbit/Bandarmology_AvgRP' is: '392'

2024-01-22 17:58:57 - [TEST_STEP][PASSED] - out.println("Bandarmology_AvgRP = " + strTemp): null

2024-01-22 17:58:57 - [TEST_STEP][PASSED] - if (strTemp != "0"): null

2024-01-22 17:58:57 - [TEST_STEP][PASSED] - strTop1 = getText(findTestObject("Stockbit/Bandarmology_Top1")): Text of object 'Object Repository/Stockbit/Bandarmology_Top1' is: 'Neutral'

2024-01-22 17:58:57 - [MESSAGE][PASSED] - Text of object 'Object Repository/Stockbit/Bandarmology_Top1' is: 'Neutral'

2024-01-22 17:58:57 - [TEST_STEP][PASSED] - strTop3 = getText(findTestObject("Stockbit/Bandarmology_Top3")): Text of object 'Object Repository/Stockbit/Bandarmology_Top3' is: 'Neutral'

2024-01-22 17:58:57 - [MESSAGE][PASSED] - Text of object 'Object Repository/Stockbit/Bandarmology_Top3' is: 'Neutral'

2024-01-22 17:58:57 - [TEST_STEP][PASSED] - strTop5 = getText(findTestObject("Stockbit/Bandarmology_Top5")): Text of object 'Object Repository/Stockbit/Bandarmology_Top5' is: 'Small Acc'

2024-01-22 17:58:58 - [MESSAGE][PASSED] - Text of object 'Object Repository/Stockbit/Bandarmology_Top5' is: 'Small Acc'

2024-01-22 17:58:58 - [TEST_STEP][PASSED] - strAllBrokAvg = getText(findTestObject("Stockbit/Bandarmology_TopAVG")): Text of object 'Object Repository/Stockbit/Bandarmology_TopAVG' is: 'Small Acc'

2024-01-22 17:58:58 - [MESSAGE][PASSED] - Text of object 'Object Repository/Stockbit/Bandarmology_TopAVG' is: 'Small Acc'

2024-01-22 17:58:58 - [TEST_STEP][PASSED] - strTemp = getText(findTestObject("Stockbit/Bandarmology_AvgRP")): Text of object 'Object Repository/Stockbit/Bandarmology_AvgRP' is: '392'

2024-01-22 17:58:58 - [MESSAGE][PASSED] - Text of object 'Object Repository/Stockbit/Bandarmology_AvgRP' is: '392'

2024-01-22 17:58:58 - [TEST_STEP][PASSED] - if (strTemp.contains(",")): null

2024-01-22 17:58:58 - [TEST_STEP][PASSED] - intAvgRP = strTemp.toInteger(): null

2024-01-22 17:58:58 - [TEST_STEP][PASSED] - strBuyer1 = getText(findTestObject("Stockbit/Bandarmology_Buyer1")): Text of object 'Object Repository/Stockbit/Bandarmology_Buyer1' is: 'ZP'

2024-01-22 17:58:58 - [MESSAGE][PASSED] - Text of object 'Object Repository/Stockbit/Bandarmology_Buyer1' is: 'ZP'

2024-01-22 17:58:58 - [TEST_STEP][PASSED] - strBuyerVol1 = getText(findTestObject("Stockbit/Bandarmology_BuyerVol1")): Text of object 'Object Repository/Stockbit/Bandarmology_BuyerVol1' is: '47.7 K'

2024-01-22 17:58:58 - [MESSAGE][PASSED] - Text of object 'Object Repository/Stockbit/Bandarmology_BuyerVol1' is: '47.7 K'

2024-01-22 17:58:58 - [TEST_STEP][PASSED] - strBuyerAvg1 = getText(findTestObject("Stockbit/Bandarmology_BuyerAvg1")): Text of object 'Object Repository/Stockbit/Bandarmology_BuyerAvg1' is: '392'

2024-01-22 17:58:58 - [MESSAGE][PASSED] - Text of object 'Object Repository/Stockbit/Bandarmology_BuyerAvg1' is: '392'

2024-01-22 17:58:58 - [TEST_STEP][PASSED] - if (strBuyerAvg1.contains(",")): null

2024-01-22 17:58:58 - [TEST_STEP][PASSED] - if (strBuyerVol1.contains(" B")): null

2024-01-22 17:58:58 - [TEST_STEP][PASSED] - else if (strBuyerVol1.contains(" M")): null

2024-01-22 17:58:58 - [TEST_STEP][PASSED] - else if (strBuyerVol1.contains(" K")): null

2024-01-22 17:58:58 - [TEST_STEP][PASSED] - strBuyerVol1 = strBuyerVol1.replace(" K", ""): null

2024-01-22 17:58:58 - [TEST_STEP][PASSED] - strBuyerVol1 = strBuyerVol1.toDouble() * 1000: null

2024-01-22 17:58:58 - [TEST_STEP][PASSED] - strSeller1 = getText(findTestObject("Stockbit/Bandarmology_Seller1")): Text of object 'Object Repository/Stockbit/Bandarmology_Seller1' is: 'YP'

2024-01-22 17:58:58 - [MESSAGE][PASSED] - Text of object 'Object Repository/Stockbit/Bandarmology_Seller1' is: 'YP'

2024-01-22 17:58:58 - [TEST_STEP][PASSED] - strSellerVol1 = getText(findTestObject("Stockbit/Bandarmology_SellerVol1")): Text of object 'Object Repository/Stockbit/Bandarmology_SellerVol1' is: '46 K'

2024-01-22 17:58:58 - [MESSAGE][PASSED] - Text of object 'Object Repository/Stockbit/Bandarmology_SellerVol1' is: '46 K'

2024-01-22 17:58:58 - [TEST_STEP][PASSED] - strSellerAvg1 = getText(findTestObject("Stockbit/Bandarmology_SellerAvg1")): Text of object 'Object Repository/Stockbit/Bandarmology_SellerAvg1' is: '392'

2024-01-22 17:58:59 - [MESSAGE][PASSED] - Text of object 'Object Repository/Stockbit/Bandarmology_SellerAvg1' is: '392'

2024-01-22 17:58:59 - [TEST_STEP][PASSED] - if (strSellerAvg1.contains(",")): null

2024-01-22 17:58:59 - [TEST_STEP][PASSED] - if (strSellerVol1.contains(" B")): null

2024-01-22 17:58:59 - [TEST_STEP][PASSED] - else if (strSellerVol1.contains(" M")): null

2024-01-22 17:58:59 - [TEST_STEP][PASSED] - else if (strSellerVol1.contains(" K")): null

2024-01-22 17:58:59 - [TEST_STEP][PASSED] - strSellerVol1 = strSellerVol1.replace(" K", ""): null

2024-01-22 17:58:59 - [TEST_STEP][PASSED] - strSellerVol1 = strSellerVol1.toDouble() * 1000: null

2024-01-22 17:58:59 - [TEST_STEP][PASSED] - if (verifyElementNotPresent(findTestObject("Stockbit/Bandarmology_Buyer2"), 1, OPTIONAL)): Web element with id: 'Object Repository/Stockbit/Bandarmology_Buyer2' located by 'By.xpath: //*[contains(@id, 'rc-tabs-')]/div[2]/div/div/div/div/div/div[2]/table/tbody/tr[3]/td[1]/p' is present after '1' second(s) (Root cause: com.kms.katalon.core.exception.StepFailedException: Web element with id: 'Object Repository/Stockbit/Bandarmology_Buyer2' located by 'By.xpath: //*[contains(@id, 'rc-tabs-')]/div[2]/div/div/div/div/div/div[2]/table/tbody/tr[3]/td[1]/p' is present after '1' second(s)
	at com.kms.katalon.core.webui.keyword.internal.WebUIKeywordMain.stepFailed(WebUIKeywordMain.groovy:64)
	at com.kms.katalon.core.webui.keyword.internal.WebUIKeywordMain$stepFailed$0.call(Unknown Source)
	at com.kms.katalon.core.webui.keyword.builtin.VerifyElementNotPresentKeyword$_verifyElementNotPresent_closure1.doCall(VerifyElementNotPresentKeyword.groovy:106)
	at com.kms.katalon.core.webui.keyword.builtin.VerifyElementNotPresentKeyword$_verifyElementNotPresent_closure1.doCall(VerifyElementNotPresentKeyword.groovy)
	at com.kms.katalon.core.webui.keyword.internal.WebUIKeywordMain.runKeyword(WebUIKeywordMain.groovy:20)
	at com.kms.katalon.core.webui.keyword.internal.WebUIKeywordMain$runKeyword.call(Unknown Source)
	at com.kms.katalon.core.webui.keyword.builtin.VerifyElementNotPresentKeyword.verifyElementNotPresent(VerifyElementNotPresentKeyword.groovy:117)
	at com.kms.katalon.core.webui.keyword.builtin.VerifyElementNotPresentKeyword.execute(VerifyElementNotPresentKeyword.groovy:68)
	at com.kms.katalon.core.keyword.internal.KeywordExecutor.executeKeywordForPlatform(KeywordExecutor.groovy:74)
	at com.kms.katalon.core.webui.keyword.WebUiBuiltInKeywords.verifyElementNotPresent(WebUiBuiltInKeywords.groovy:1481)
	at com.kms.katalon.core.webui.keyword.WebUiBuiltInKeywords$verifyElementNotPresent$8.call(Unknown Source)
	at GetBrokSumPriceDaily.run(GetBrokSumPriceDaily:258)
	at com.kms.katalon.core.main.ScriptEngine.run(ScriptEngine.java:194)
	at com.kms.katalon.core.main.ScriptEngine.runScriptAsRawText(ScriptEngine.java:119)
	at com.kms.katalon.core.main.TestCaseExecutor.runScript(TestCaseExecutor.java:445)
	at com.kms.katalon.core.main.TestCaseExecutor.doExecute(TestCaseExecutor.java:436)
	at com.kms.katalon.core.main.TestCaseExecutor.processExecutionPhase(TestCaseExecutor.java:415)
	at com.kms.katalon.core.main.TestCaseExecutor.accessMainPhase(TestCaseExecutor.java:407)
	at com.kms.katalon.core.main.TestCaseExecutor.execute(TestCaseExecutor.java:284)
	at com.kms.katalon.core.common.CommonExecutor.accessTestCaseMainPhase(CommonExecutor.java:65)
	at com.kms.katalon.core.main.TestSuiteExecutor.accessTestSuiteMainPhase(TestSuiteExecutor.java:144)
	at com.kms.katalon.core.main.TestSuiteExecutor.execute(TestSuiteExecutor.java:106)
	at com.kms.katalon.core.main.TestCaseMain.startTestSuite(TestCaseMain.java:185)
	at com.kms.katalon.core.main.TestCaseMain$startTestSuite$0.call(Unknown Source)
	at TempTestSuite1705920083951.run(TempTestSuite1705920083951.groovy:36)
)

2024-01-22 17:59:00 - [MESSAGE][WARNING] - Web element with id: 'Object Repository/Stockbit/Bandarmology_Buyer2' located by 'By.xpath: //*[contains(@id, 'rc-tabs-')]/div[2]/div/div/div/div/div/div[2]/table/tbody/tr[3]/td[1]/p' is present after '1' second(s) (Root cause: com.kms.katalon.core.exception.StepFailedException: Web element with id: 'Object Repository/Stockbit/Bandarmology_Buyer2' located by 'By.xpath: //*[contains(@id, 'rc-tabs-')]/div[2]/div/div/div/div/div/div[2]/table/tbody/tr[3]/td[1]/p' is present after '1' second(s)
	at com.kms.katalon.core.webui.keyword.internal.WebUIKeywordMain.stepFailed(WebUIKeywordMain.groovy:64)
	at com.kms.katalon.core.webui.keyword.internal.WebUIKeywordMain$stepFailed$0.call(Unknown Source)
	at com.kms.katalon.core.webui.keyword.builtin.VerifyElementNotPresentKeyword$_verifyElementNotPresent_closure1.doCall(VerifyElementNotPresentKeyword.groovy:106)
	at com.kms.katalon.core.webui.keyword.builtin.VerifyElementNotPresentKeyword$_verifyElementNotPresent_closure1.doCall(VerifyElementNotPresentKeyword.groovy)
	at com.kms.katalon.core.webui.keyword.internal.WebUIKeywordMain.runKeyword(WebUIKeywordMain.groovy:20)
	at com.kms.katalon.core.webui.keyword.internal.WebUIKeywordMain$runKeyword.call(Unknown Source)
	at com.kms.katalon.core.webui.keyword.builtin.VerifyElementNotPresentKeyword.verifyElementNotPresent(VerifyElementNotPresentKeyword.groovy:117)
	at com.kms.katalon.core.webui.keyword.builtin.VerifyElementNotPresentKeyword.execute(VerifyElementNotPresentKeyword.groovy:68)
	at com.kms.katalon.core.keyword.internal.KeywordExecutor.executeKeywordForPlatform(KeywordExecutor.groovy:74)
	at com.kms.katalon.core.webui.keyword.WebUiBuiltInKeywords.verifyElementNotPresent(WebUiBuiltInKeywords.groovy:1481)
	at com.kms.katalon.core.webui.keyword.WebUiBuiltInKeywords$verifyElementNotPresent$8.call(Unknown Source)
	at GetBrokSumPriceDaily.run(GetBrokSumPriceDaily:258)
	at com.kms.katalon.core.main.ScriptEngine.run(ScriptEngine.java:194)
	at com.kms.katalon.core.main.ScriptEngine.runScriptAsRawText(ScriptEngine.java:119)
	at com.kms.katalon.core.main.TestCaseExecutor.runScript(TestCaseExecutor.java:445)
	at com.kms.katalon.core.main.TestCaseExecutor.doExecute(TestCaseExecutor.java:436)
	at com.kms.katalon.core.main.TestCaseExecutor.processExecutionPhase(TestCaseExecutor.java:415)
	at com.kms.katalon.core.main.TestCaseExecutor.accessMainPhase(TestCaseExecutor.java:407)
	at com.kms.katalon.core.main.TestCaseExecutor.execute(TestCaseExecutor.java:284)
	at com.kms.katalon.core.common.CommonExecutor.accessTestCaseMainPhase(CommonExecutor.java:65)
	at com.kms.katalon.core.main.TestSuiteExecutor.accessTestSuiteMainPhase(TestSuiteExecutor.java:144)
	at com.kms.katalon.core.main.TestSuiteExecutor.execute(TestSuiteExecutor.java:106)
	at com.kms.katalon.core.main.TestCaseMain.startTestSuite(TestCaseMain.java:185)
	at com.kms.katalon.core.main.TestCaseMain$startTestSuite$0.call(Unknown Source)
	at TempTestSuite1705920083951.run(TempTestSuite1705920083951.groovy:36)
)
[[ATTACHMENT|C:\\Users\\Fadli\\git\\KatalonDailyGetData2\\Reports\\20240122_174123\\TS1\\20240122_174123\\1705921140218.png]]

2024-01-22 17:59:00 - [TEST_STEP][PASSED] - else: null

2024-01-22 17:59:00 - [TEST_STEP][PASSED] - strBuyer2 = getText(findTestObject("Stockbit/Bandarmology_Buyer2")): Text of object 'Object Repository/Stockbit/Bandarmology_Buyer2' is: 'CC'

2024-01-22 17:59:00 - [MESSAGE][PASSED] - Text of object 'Object Repository/Stockbit/Bandarmology_Buyer2' is: 'CC'

2024-01-22 17:59:00 - [TEST_STEP][PASSED] - strBuyerVol2 = getText(findTestObject("Stockbit/Bandarmology_BuyerVol2")): Text of object 'Object Repository/Stockbit/Bandarmology_BuyerVol2' is: '23.1 K'

2024-01-22 17:59:00 - [MESSAGE][PASSED] - Text of object 'Object Repository/Stockbit/Bandarmology_BuyerVol2' is: '23.1 K'

2024-01-22 17:59:00 - [TEST_STEP][PASSED] - strBuyerAvg2 = getText(findTestObject("Stockbit/Bandarmology_BuyerAvg2")): Text of object 'Object Repository/Stockbit/Bandarmology_BuyerAvg2' is: '392'

2024-01-22 17:59:00 - [MESSAGE][PASSED] - Text of object 'Object Repository/Stockbit/Bandarmology_BuyerAvg2' is: '392'

2024-01-22 17:59:00 - [TEST_STEP][PASSED] - if (strBuyer2 != ""): null

2024-01-22 17:59:00 - [TEST_STEP][PASSED] - if (strBuyerAvg2.contains(",")): null

2024-01-22 17:59:00 - [TEST_STEP][PASSED] - if (strBuyerVol2.contains(" B")): null

2024-01-22 17:59:00 - [TEST_STEP][PASSED] - else if (strBuyerVol2.contains(" M")): null

2024-01-22 17:59:00 - [TEST_STEP][PASSED] - else if (strBuyerVol2.contains(" K")): null

2024-01-22 17:59:00 - [TEST_STEP][PASSED] - strBuyerVol2 = strBuyerVol2.replace(" K", ""): null

2024-01-22 17:59:00 - [TEST_STEP][PASSED] - strBuyerVol2 = strBuyerVol2.toDouble() * 1000: null

2024-01-22 17:59:00 - [TEST_STEP][PASSED] - if (strBuyerVol2.contains(".")): null

2024-01-22 17:59:00 - [TEST_STEP][PASSED] - strBuyerVal2 = strBuyerVol2.replace(".", ""): null

2024-01-22 17:59:00 - [TEST_STEP][PASSED] - if (verifyElementNotPresent(findTestObject("Stockbit/Bandarmology_Seller2"), 1, OPTIONAL)): Web element with id: 'Object Repository/Stockbit/Bandarmology_Seller2' located by 'By.xpath: //*[contains(@id, 'rc-tabs-')]/div[2]/div/div/div/div/div/div[2]/table/tbody/tr[3]/td[5]/p' is present after '1' second(s) (Root cause: com.kms.katalon.core.exception.StepFailedException: Web element with id: 'Object Repository/Stockbit/Bandarmology_Seller2' located by 'By.xpath: //*[contains(@id, 'rc-tabs-')]/div[2]/div/div/div/div/div/div[2]/table/tbody/tr[3]/td[5]/p' is present after '1' second(s)
	at com.kms.katalon.core.webui.keyword.internal.WebUIKeywordMain.stepFailed(WebUIKeywordMain.groovy:64)
	at com.kms.katalon.core.webui.keyword.internal.WebUIKeywordMain$stepFailed$0.call(Unknown Source)
	at com.kms.katalon.core.webui.keyword.builtin.VerifyElementNotPresentKeyword$_verifyElementNotPresent_closure1.doCall(VerifyElementNotPresentKeyword.groovy:106)
	at com.kms.katalon.core.webui.keyword.builtin.VerifyElementNotPresentKeyword$_verifyElementNotPresent_closure1.doCall(VerifyElementNotPresentKeyword.groovy)
	at com.kms.katalon.core.webui.keyword.internal.WebUIKeywordMain.runKeyword(WebUIKeywordMain.groovy:20)
	at com.kms.katalon.core.webui.keyword.internal.WebUIKeywordMain$runKeyword.call(Unknown Source)
	at com.kms.katalon.core.webui.keyword.builtin.VerifyElementNotPresentKeyword.verifyElementNotPresent(VerifyElementNotPresentKeyword.groovy:117)
	at com.kms.katalon.core.webui.keyword.builtin.VerifyElementNotPresentKeyword.execute(VerifyElementNotPresentKeyword.groovy:68)
	at com.kms.katalon.core.keyword.internal.KeywordExecutor.executeKeywordForPlatform(KeywordExecutor.groovy:74)
	at com.kms.katalon.core.webui.keyword.WebUiBuiltInKeywords.verifyElementNotPresent(WebUiBuiltInKeywords.groovy:1481)
	at com.kms.katalon.core.webui.keyword.WebUiBuiltInKeywords$verifyElementNotPresent$8.call(Unknown Source)
	at GetBrokSumPriceDaily.run(GetBrokSumPriceDaily:309)
	at com.kms.katalon.core.main.ScriptEngine.run(ScriptEngine.java:194)
	at com.kms.katalon.core.main.ScriptEngine.runScriptAsRawText(ScriptEngine.java:119)
	at com.kms.katalon.core.main.TestCaseExecutor.runScript(TestCaseExecutor.java:445)
	at com.kms.katalon.core.main.TestCaseExecutor.doExecute(TestCaseExecutor.java:436)
	at com.kms.katalon.core.main.TestCaseExecutor.processExecutionPhase(TestCaseExecutor.java:415)
	at com.kms.katalon.core.main.TestCaseExecutor.accessMainPhase(TestCaseExecutor.java:407)
	at com.kms.katalon.core.main.TestCaseExecutor.execute(TestCaseExecutor.java:284)
	at com.kms.katalon.core.common.CommonExecutor.accessTestCaseMainPhase(CommonExecutor.java:65)
	at com.kms.katalon.core.main.TestSuiteExecutor.accessTestSuiteMainPhase(TestSuiteExecutor.java:144)
	at com.kms.katalon.core.main.TestSuiteExecutor.execute(TestSuiteExecutor.java:106)
	at com.kms.katalon.core.main.TestCaseMain.startTestSuite(TestCaseMain.java:185)
	at com.kms.katalon.core.main.TestCaseMain$startTestSuite$0.call(Unknown Source)
	at TempTestSuite1705920083951.run(TempTestSuite1705920083951.groovy:36)
)

2024-01-22 17:59:02 - [MESSAGE][WARNING] - Web element with id: 'Object Repository/Stockbit/Bandarmology_Seller2' located by 'By.xpath: //*[contains(@id, 'rc-tabs-')]/div[2]/div/div/div/div/div/div[2]/table/tbody/tr[3]/td[5]/p' is present after '1' second(s) (Root cause: com.kms.katalon.core.exception.StepFailedException: Web element with id: 'Object Repository/Stockbit/Bandarmology_Seller2' located by 'By.xpath: //*[contains(@id, 'rc-tabs-')]/div[2]/div/div/div/div/div/div[2]/table/tbody/tr[3]/td[5]/p' is present after '1' second(s)
	at com.kms.katalon.core.webui.keyword.internal.WebUIKeywordMain.stepFailed(WebUIKeywordMain.groovy:64)
	at com.kms.katalon.core.webui.keyword.internal.WebUIKeywordMain$stepFailed$0.call(Unknown Source)
	at com.kms.katalon.core.webui.keyword.builtin.VerifyElementNotPresentKeyword$_verifyElementNotPresent_closure1.doCall(VerifyElementNotPresentKeyword.groovy:106)
	at com.kms.katalon.core.webui.keyword.builtin.VerifyElementNotPresentKeyword$_verifyElementNotPresent_closure1.doCall(VerifyElementNotPresentKeyword.groovy)
	at com.kms.katalon.core.webui.keyword.internal.WebUIKeywordMain.runKeyword(WebUIKeywordMain.groovy:20)
	at com.kms.katalon.core.webui.keyword.internal.WebUIKeywordMain$runKeyword.call(Unknown Source)
	at com.kms.katalon.core.webui.keyword.builtin.VerifyElementNotPresentKeyword.verifyElementNotPresent(VerifyElementNotPresentKeyword.groovy:117)
	at com.kms.katalon.core.webui.keyword.builtin.VerifyElementNotPresentKeyword.execute(VerifyElementNotPresentKeyword.groovy:68)
	at com.kms.katalon.core.keyword.internal.KeywordExecutor.executeKeywordForPlatform(KeywordExecutor.groovy:74)
	at com.kms.katalon.core.webui.keyword.WebUiBuiltInKeywords.verifyElementNotPresent(WebUiBuiltInKeywords.groovy:1481)
	at com.kms.katalon.core.webui.keyword.WebUiBuiltInKeywords$verifyElementNotPresent$8.call(Unknown Source)
	at GetBrokSumPriceDaily.run(GetBrokSumPriceDaily:309)
	at com.kms.katalon.core.main.ScriptEngine.run(ScriptEngine.java:194)
	at com.kms.katalon.core.main.ScriptEngine.runScriptAsRawText(ScriptEngine.java:119)
	at com.kms.katalon.core.main.TestCaseExecutor.runScript(TestCaseExecutor.java:445)
	at com.kms.katalon.core.main.TestCaseExecutor.doExecute(TestCaseExecutor.java:436)
	at com.kms.katalon.core.main.TestCaseExecutor.processExecutionPhase(TestCaseExecutor.java:415)
	at com.kms.katalon.core.main.TestCaseExecutor.accessMainPhase(TestCaseExecutor.java:407)
	at com.kms.katalon.core.main.TestCaseExecutor.execute(TestCaseExecutor.java:284)
	at com.kms.katalon.core.common.CommonExecutor.accessTestCaseMainPhase(CommonExecutor.java:65)
	at com.kms.katalon.core.main.TestSuiteExecutor.accessTestSuiteMainPhase(TestSuiteExecutor.java:144)
	at com.kms.katalon.core.main.TestSuiteExecutor.execute(TestSuiteExecutor.java:106)
	at com.kms.katalon.core.main.TestCaseMain.startTestSuite(TestCaseMain.java:185)
	at com.kms.katalon.core.main.TestCaseMain$startTestSuite$0.call(Unknown Source)
	at TempTestSuite1705920083951.run(TempTestSuite1705920083951.groovy:36)
)
[[ATTACHMENT|C:\\Users\\Fadli\\git\\KatalonDailyGetData2\\Reports\\20240122_174123\\TS1\\20240122_174123\\1705921141938.png]]

2024-01-22 17:59:02 - [TEST_STEP][PASSED] - else: null

2024-01-22 17:59:02 - [TEST_STEP][PASSED] - strSeller2 = getText(findTestObject("Stockbit/Bandarmology_Seller2")): Text of object 'Object Repository/Stockbit/Bandarmology_Seller2' is: 'DR'

2024-01-22 17:59:02 - [MESSAGE][PASSED] - Text of object 'Object Repository/Stockbit/Bandarmology_Seller2' is: 'DR'

2024-01-22 17:59:02 - [TEST_STEP][PASSED] - strSellerVol2 = getText(findTestObject("Stockbit/Bandarmology_SellerVol2")): Text of object 'Object Repository/Stockbit/Bandarmology_SellerVol2' is: '19.9 K'

2024-01-22 17:59:02 - [MESSAGE][PASSED] - Text of object 'Object Repository/Stockbit/Bandarmology_SellerVol2' is: '19.9 K'

2024-01-22 17:59:02 - [TEST_STEP][PASSED] - strSellerAvg2 = getText(findTestObject("Stockbit/Bandarmology_SellerAvg2")): Text of object 'Object Repository/Stockbit/Bandarmology_SellerAvg2' is: '393'

2024-01-22 17:59:02 - [MESSAGE][PASSED] - Text of object 'Object Repository/Stockbit/Bandarmology_SellerAvg2' is: '393'

2024-01-22 17:59:02 - [TEST_STEP][PASSED] - if (strSeller2 != ""): null

2024-01-22 17:59:02 - [TEST_STEP][PASSED] - if (strSellerAvg2.contains(",")): null

2024-01-22 17:59:02 - [TEST_STEP][PASSED] - if (strSellerVol2.contains(" B")): null

2024-01-22 17:59:02 - [TEST_STEP][PASSED] - else if (strSellerVol2.contains(" M")): null

2024-01-22 17:59:02 - [TEST_STEP][PASSED] - else if (strSellerVol2.contains(" K")): null

2024-01-22 17:59:02 - [TEST_STEP][PASSED] - strSellerVol2 = strSellerVol2.replace(" K", ""): null

2024-01-22 17:59:02 - [TEST_STEP][PASSED] - strSellerVol2 = strSellerVol2.toDouble() * 1000: null

2024-01-22 17:59:02 - [TEST_STEP][PASSED] - if (verifyElementNotPresent(findTestObject("Stockbit/Bandarmology_Buyer3"), 1, OPTIONAL)): Web element with id: 'Object Repository/Stockbit/Bandarmology_Buyer3' located by 'By.xpath: //*[contains(@id, 'rc-tabs-')]/div[2]/div/div/div/div/div/div[2]/table/tbody/tr[4]/td[1]/p' is present after '1' second(s) (Root cause: com.kms.katalon.core.exception.StepFailedException: Web element with id: 'Object Repository/Stockbit/Bandarmology_Buyer3' located by 'By.xpath: //*[contains(@id, 'rc-tabs-')]/div[2]/div/div/div/div/div/div[2]/table/tbody/tr[4]/td[1]/p' is present after '1' second(s)
	at com.kms.katalon.core.webui.keyword.internal.WebUIKeywordMain.stepFailed(WebUIKeywordMain.groovy:64)
	at com.kms.katalon.core.webui.keyword.internal.WebUIKeywordMain$stepFailed$0.call(Unknown Source)
	at com.kms.katalon.core.webui.keyword.builtin.VerifyElementNotPresentKeyword$_verifyElementNotPresent_closure1.doCall(VerifyElementNotPresentKeyword.groovy:106)
	at com.kms.katalon.core.webui.keyword.builtin.VerifyElementNotPresentKeyword$_verifyElementNotPresent_closure1.doCall(VerifyElementNotPresentKeyword.groovy)
	at com.kms.katalon.core.webui.keyword.internal.WebUIKeywordMain.runKeyword(WebUIKeywordMain.groovy:20)
	at com.kms.katalon.core.webui.keyword.internal.WebUIKeywordMain$runKeyword.call(Unknown Source)
	at com.kms.katalon.core.webui.keyword.builtin.VerifyElementNotPresentKeyword.verifyElementNotPresent(VerifyElementNotPresentKeyword.groovy:117)
	at com.kms.katalon.core.webui.keyword.builtin.VerifyElementNotPresentKeyword.execute(VerifyElementNotPresentKeyword.groovy:68)
	at com.kms.katalon.core.keyword.internal.KeywordExecutor.executeKeywordForPlatform(KeywordExecutor.groovy:74)
	at com.kms.katalon.core.webui.keyword.WebUiBuiltInKeywords.verifyElementNotPresent(WebUiBuiltInKeywords.groovy:1481)
	at com.kms.katalon.core.webui.keyword.WebUiBuiltInKeywords$verifyElementNotPresent$8.call(Unknown Source)
	at GetBrokSumPriceDaily.run(GetBrokSumPriceDaily:361)
	at com.kms.katalon.core.main.ScriptEngine.run(ScriptEngine.java:194)
	at com.kms.katalon.core.main.ScriptEngine.runScriptAsRawText(ScriptEngine.java:119)
	at com.kms.katalon.core.main.TestCaseExecutor.runScript(TestCaseExecutor.java:445)
	at com.kms.katalon.core.main.TestCaseExecutor.doExecute(TestCaseExecutor.java:436)
	at com.kms.katalon.core.main.TestCaseExecutor.processExecutionPhase(TestCaseExecutor.java:415)
	at com.kms.katalon.core.main.TestCaseExecutor.accessMainPhase(TestCaseExecutor.java:407)
	at com.kms.katalon.core.main.TestCaseExecutor.execute(TestCaseExecutor.java:284)
	at com.kms.katalon.core.common.CommonExecutor.accessTestCaseMainPhase(CommonExecutor.java:65)
	at com.kms.katalon.core.main.TestSuiteExecutor.accessTestSuiteMainPhase(TestSuiteExecutor.java:144)
	at com.kms.katalon.core.main.TestSuiteExecutor.execute(TestSuiteExecutor.java:106)
	at com.kms.katalon.core.main.TestCaseMain.startTestSuite(TestCaseMain.java:185)
	at com.kms.katalon.core.main.TestCaseMain$startTestSuite$0.call(Unknown Source)
	at TempTestSuite1705920083951.run(TempTestSuite1705920083951.groovy:36)
)

2024-01-22 17:59:03 - [MESSAGE][WARNING] - Web element with id: 'Object Repository/Stockbit/Bandarmology_Buyer3' located by 'By.xpath: //*[contains(@id, 'rc-tabs-')]/div[2]/div/div/div/div/div/div[2]/table/tbody/tr[4]/td[1]/p' is present after '1' second(s) (Root cause: com.kms.katalon.core.exception.StepFailedException: Web element with id: 'Object Repository/Stockbit/Bandarmology_Buyer3' located by 'By.xpath: //*[contains(@id, 'rc-tabs-')]/div[2]/div/div/div/div/div/div[2]/table/tbody/tr[4]/td[1]/p' is present after '1' second(s)
	at com.kms.katalon.core.webui.keyword.internal.WebUIKeywordMain.stepFailed(WebUIKeywordMain.groovy:64)
	at com.kms.katalon.core.webui.keyword.internal.WebUIKeywordMain$stepFailed$0.call(Unknown Source)
	at com.kms.katalon.core.webui.keyword.builtin.VerifyElementNotPresentKeyword$_verifyElementNotPresent_closure1.doCall(VerifyElementNotPresentKeyword.groovy:106)
	at com.kms.katalon.core.webui.keyword.builtin.VerifyElementNotPresentKeyword$_verifyElementNotPresent_closure1.doCall(VerifyElementNotPresentKeyword.groovy)
	at com.kms.katalon.core.webui.keyword.internal.WebUIKeywordMain.runKeyword(WebUIKeywordMain.groovy:20)
	at com.kms.katalon.core.webui.keyword.internal.WebUIKeywordMain$runKeyword.call(Unknown Source)
	at com.kms.katalon.core.webui.keyword.builtin.VerifyElementNotPresentKeyword.verifyElementNotPresent(VerifyElementNotPresentKeyword.groovy:117)
	at com.kms.katalon.core.webui.keyword.builtin.VerifyElementNotPresentKeyword.execute(VerifyElementNotPresentKeyword.groovy:68)
	at com.kms.katalon.core.keyword.internal.KeywordExecutor.executeKeywordForPlatform(KeywordExecutor.groovy:74)
	at com.kms.katalon.core.webui.keyword.WebUiBuiltInKeywords.verifyElementNotPresent(WebUiBuiltInKeywords.groovy:1481)
	at com.kms.katalon.core.webui.keyword.WebUiBuiltInKeywords$verifyElementNotPresent$8.call(Unknown Source)
	at GetBrokSumPriceDaily.run(GetBrokSumPriceDaily:361)
	at com.kms.katalon.core.main.ScriptEngine.run(ScriptEngine.java:194)
	at com.kms.katalon.core.main.ScriptEngine.runScriptAsRawText(ScriptEngine.java:119)
	at com.kms.katalon.core.main.TestCaseExecutor.runScript(TestCaseExecutor.java:445)
	at com.kms.katalon.core.main.TestCaseExecutor.doExecute(TestCaseExecutor.java:436)
	at com.kms.katalon.core.main.TestCaseExecutor.processExecutionPhase(TestCaseExecutor.java:415)
	at com.kms.katalon.core.main.TestCaseExecutor.accessMainPhase(TestCaseExecutor.java:407)
	at com.kms.katalon.core.main.TestCaseExecutor.execute(TestCaseExecutor.java:284)
	at com.kms.katalon.core.common.CommonExecutor.accessTestCaseMainPhase(CommonExecutor.java:65)
	at com.kms.katalon.core.main.TestSuiteExecutor.accessTestSuiteMainPhase(TestSuiteExecutor.java:144)
	at com.kms.katalon.core.main.TestSuiteExecutor.execute(TestSuiteExecutor.java:106)
	at com.kms.katalon.core.main.TestCaseMain.startTestSuite(TestCaseMain.java:185)
	at com.kms.katalon.core.main.TestCaseMain$startTestSuite$0.call(Unknown Source)
	at TempTestSuite1705920083951.run(TempTestSuite1705920083951.groovy:36)
)
[[ATTACHMENT|C:\\Users\\Fadli\\git\\KatalonDailyGetData2\\Reports\\20240122_174123\\TS1\\20240122_174123\\1705921143686.png]]

2024-01-22 17:59:03 - [TEST_STEP][PASSED] - else: null

2024-01-22 17:59:03 - [TEST_STEP][PASSED] - strBuyer3 = getText(findTestObject("Stockbit/Bandarmology_Buyer3")): Text of object 'Object Repository/Stockbit/Bandarmology_Buyer3' is: 'XC'

2024-01-22 17:59:03 - [MESSAGE][PASSED] - Text of object 'Object Repository/Stockbit/Bandarmology_Buyer3' is: 'XC'

2024-01-22 17:59:03 - [TEST_STEP][PASSED] - strBuyerVol3 = getText(findTestObject("Stockbit/Bandarmology_BuyerVol3")): Text of object 'Object Repository/Stockbit/Bandarmology_BuyerVol3' is: '20.8 K'

2024-01-22 17:59:04 - [MESSAGE][PASSED] - Text of object 'Object Repository/Stockbit/Bandarmology_BuyerVol3' is: '20.8 K'

2024-01-22 17:59:04 - [TEST_STEP][PASSED] - strBuyerAvg3 = getText(findTestObject("Stockbit/Bandarmology_BuyerAvg3")): Text of object 'Object Repository/Stockbit/Bandarmology_BuyerAvg3' is: '394'

2024-01-22 17:59:04 - [MESSAGE][PASSED] - Text of object 'Object Repository/Stockbit/Bandarmology_BuyerAvg3' is: '394'

2024-01-22 17:59:04 - [TEST_STEP][PASSED] - if (strBuyer3 != ""): null

2024-01-22 17:59:04 - [TEST_STEP][PASSED] - if (strBuyerAvg3.contains(",")): null

2024-01-22 17:59:04 - [TEST_STEP][PASSED] - if (strBuyerVol3.contains(" B")): null

2024-01-22 17:59:04 - [TEST_STEP][PASSED] - else if (strBuyerVol3.contains(" M")): null

2024-01-22 17:59:04 - [TEST_STEP][PASSED] - else if (strBuyerVol3.contains(" K")): null

2024-01-22 17:59:04 - [TEST_STEP][PASSED] - strBuyerVol3 = strBuyerVol3.replace(" K", ""): null

2024-01-22 17:59:04 - [TEST_STEP][PASSED] - strBuyerVol3 = strBuyerVol3.toDouble() * 1000: null

2024-01-22 17:59:04 - [TEST_STEP][PASSED] - if (verifyElementNotPresent(findTestObject("Stockbit/Bandarmology_Seller3"), 1, OPTIONAL)): Web element with id: 'Object Repository/Stockbit/Bandarmology_Seller3' located by 'By.xpath: //*[contains(@id, 'rc-tabs-')]/div[2]/div/div/div/div/div/div[2]/table/tbody/tr[4]/td[5]/p' is present after '1' second(s) (Root cause: com.kms.katalon.core.exception.StepFailedException: Web element with id: 'Object Repository/Stockbit/Bandarmology_Seller3' located by 'By.xpath: //*[contains(@id, 'rc-tabs-')]/div[2]/div/div/div/div/div/div[2]/table/tbody/tr[4]/td[5]/p' is present after '1' second(s)
	at com.kms.katalon.core.webui.keyword.internal.WebUIKeywordMain.stepFailed(WebUIKeywordMain.groovy:64)
	at com.kms.katalon.core.webui.keyword.internal.WebUIKeywordMain$stepFailed$0.call(Unknown Source)
	at com.kms.katalon.core.webui.keyword.builtin.VerifyElementNotPresentKeyword$_verifyElementNotPresent_closure1.doCall(VerifyElementNotPresentKeyword.groovy:106)
	at com.kms.katalon.core.webui.keyword.builtin.VerifyElementNotPresentKeyword$_verifyElementNotPresent_closure1.doCall(VerifyElementNotPresentKeyword.groovy)
	at com.kms.katalon.core.webui.keyword.internal.WebUIKeywordMain.runKeyword(WebUIKeywordMain.groovy:20)
	at com.kms.katalon.core.webui.keyword.internal.WebUIKeywordMain$runKeyword.call(Unknown Source)
	at com.kms.katalon.core.webui.keyword.builtin.VerifyElementNotPresentKeyword.verifyElementNotPresent(VerifyElementNotPresentKeyword.groovy:117)
	at com.kms.katalon.core.webui.keyword.builtin.VerifyElementNotPresentKeyword.execute(VerifyElementNotPresentKeyword.groovy:68)
	at com.kms.katalon.core.keyword.internal.KeywordExecutor.executeKeywordForPlatform(KeywordExecutor.groovy:74)
	at com.kms.katalon.core.webui.keyword.WebUiBuiltInKeywords.verifyElementNotPresent(WebUiBuiltInKeywords.groovy:1481)
	at com.kms.katalon.core.webui.keyword.WebUiBuiltInKeywords$verifyElementNotPresent$8.call(Unknown Source)
	at GetBrokSumPriceDaily.run(GetBrokSumPriceDaily:414)
	at com.kms.katalon.core.main.ScriptEngine.run(ScriptEngine.java:194)
	at com.kms.katalon.core.main.ScriptEngine.runScriptAsRawText(ScriptEngine.java:119)
	at com.kms.katalon.core.main.TestCaseExecutor.runScript(TestCaseExecutor.java:445)
	at com.kms.katalon.core.main.TestCaseExecutor.doExecute(TestCaseExecutor.java:436)
	at com.kms.katalon.core.main.TestCaseExecutor.processExecutionPhase(TestCaseExecutor.java:415)
	at com.kms.katalon.core.main.TestCaseExecutor.accessMainPhase(TestCaseExecutor.java:407)
	at com.kms.katalon.core.main.TestCaseExecutor.execute(TestCaseExecutor.java:284)
	at com.kms.katalon.core.common.CommonExecutor.accessTestCaseMainPhase(CommonExecutor.java:65)
	at com.kms.katalon.core.main.TestSuiteExecutor.accessTestSuiteMainPhase(TestSuiteExecutor.java:144)
	at com.kms.katalon.core.main.TestSuiteExecutor.execute(TestSuiteExecutor.java:106)
	at com.kms.katalon.core.main.TestCaseMain.startTestSuite(TestCaseMain.java:185)
	at com.kms.katalon.core.main.TestCaseMain$startTestSuite$0.call(Unknown Source)
	at TempTestSuite1705920083951.run(TempTestSuite1705920083951.groovy:36)
)

2024-01-22 17:59:05 - [MESSAGE][WARNING] - Web element with id: 'Object Repository/Stockbit/Bandarmology_Seller3' located by 'By.xpath: //*[contains(@id, 'rc-tabs-')]/div[2]/div/div/div/div/div/div[2]/table/tbody/tr[4]/td[5]/p' is present after '1' second(s) (Root cause: com.kms.katalon.core.exception.StepFailedException: Web element with id: 'Object Repository/Stockbit/Bandarmology_Seller3' located by 'By.xpath: //*[contains(@id, 'rc-tabs-')]/div[2]/div/div/div/div/div/div[2]/table/tbody/tr[4]/td[5]/p' is present after '1' second(s)
	at com.kms.katalon.core.webui.keyword.internal.WebUIKeywordMain.stepFailed(WebUIKeywordMain.groovy:64)
	at com.kms.katalon.core.webui.keyword.internal.WebUIKeywordMain$stepFailed$0.call(Unknown Source)
	at com.kms.katalon.core.webui.keyword.builtin.VerifyElementNotPresentKeyword$_verifyElementNotPresent_closure1.doCall(VerifyElementNotPresentKeyword.groovy:106)
	at com.kms.katalon.core.webui.keyword.builtin.VerifyElementNotPresentKeyword$_verifyElementNotPresent_closure1.doCall(VerifyElementNotPresentKeyword.groovy)
	at com.kms.katalon.core.webui.keyword.internal.WebUIKeywordMain.runKeyword(WebUIKeywordMain.groovy:20)
	at com.kms.katalon.core.webui.keyword.internal.WebUIKeywordMain$runKeyword.call(Unknown Source)
	at com.kms.katalon.core.webui.keyword.builtin.VerifyElementNotPresentKeyword.verifyElementNotPresent(VerifyElementNotPresentKeyword.groovy:117)
	at com.kms.katalon.core.webui.keyword.builtin.VerifyElementNotPresentKeyword.execute(VerifyElementNotPresentKeyword.groovy:68)
	at com.kms.katalon.core.keyword.internal.KeywordExecutor.executeKeywordForPlatform(KeywordExecutor.groovy:74)
	at com.kms.katalon.core.webui.keyword.WebUiBuiltInKeywords.verifyElementNotPresent(WebUiBuiltInKeywords.groovy:1481)
	at com.kms.katalon.core.webui.keyword.WebUiBuiltInKeywords$verifyElementNotPresent$8.call(Unknown Source)
	at GetBrokSumPriceDaily.run(GetBrokSumPriceDaily:414)
	at com.kms.katalon.core.main.ScriptEngine.run(ScriptEngine.java:194)
	at com.kms.katalon.core.main.ScriptEngine.runScriptAsRawText(ScriptEngine.java:119)
	at com.kms.katalon.core.main.TestCaseExecutor.runScript(TestCaseExecutor.java:445)
	at com.kms.katalon.core.main.TestCaseExecutor.doExecute(TestCaseExecutor.java:436)
	at com.kms.katalon.core.main.TestCaseExecutor.processExecutionPhase(TestCaseExecutor.java:415)
	at com.kms.katalon.core.main.TestCaseExecutor.accessMainPhase(TestCaseExecutor.java:407)
	at com.kms.katalon.core.main.TestCaseExecutor.execute(TestCaseExecutor.java:284)
	at com.kms.katalon.core.common.CommonExecutor.accessTestCaseMainPhase(CommonExecutor.java:65)
	at com.kms.katalon.core.main.TestSuiteExecutor.accessTestSuiteMainPhase(TestSuiteExecutor.java:144)
	at com.kms.katalon.core.main.TestSuiteExecutor.execute(TestSuiteExecutor.java:106)
	at com.kms.katalon.core.main.TestCaseMain.startTestSuite(TestCaseMain.java:185)
	at com.kms.katalon.core.main.TestCaseMain$startTestSuite$0.call(Unknown Source)
	at TempTestSuite1705920083951.run(TempTestSuite1705920083951.groovy:36)
)
[[ATTACHMENT|C:\\Users\\Fadli\\git\\KatalonDailyGetData2\\Reports\\20240122_174123\\TS1\\20240122_174123\\1705921145522.png]]

2024-01-22 17:59:05 - [TEST_STEP][PASSED] - else: null

2024-01-22 17:59:05 - [TEST_STEP][PASSED] - strSeller3 = getText(findTestObject("Stockbit/Bandarmology_Seller3")): Text of object 'Object Repository/Stockbit/Bandarmology_Seller3' is: 'CP'

2024-01-22 17:59:05 - [MESSAGE][PASSED] - Text of object 'Object Repository/Stockbit/Bandarmology_Seller3' is: 'CP'

2024-01-22 17:59:05 - [TEST_STEP][PASSED] - strSellerVol3 = getText(findTestObject("Stockbit/Bandarmology_SellerVol3")): Text of object 'Object Repository/Stockbit/Bandarmology_SellerVol3' is: '17.9 K'

2024-01-22 17:59:05 - [MESSAGE][PASSED] - Text of object 'Object Repository/Stockbit/Bandarmology_SellerVol3' is: '17.9 K'

2024-01-22 17:59:05 - [TEST_STEP][PASSED] - strSellerAvg3 = getText(findTestObject("Stockbit/Bandarmology_SellerAvg3")): Text of object 'Object Repository/Stockbit/Bandarmology_SellerAvg3' is: '393'

2024-01-22 17:59:06 - [MESSAGE][PASSED] - Text of object 'Object Repository/Stockbit/Bandarmology_SellerAvg3' is: '393'

2024-01-22 17:59:06 - [TEST_STEP][PASSED] - if (strSeller3 != ""): null

2024-01-22 17:59:06 - [TEST_STEP][PASSED] - if (strSellerAvg3.contains(",")): null

2024-01-22 17:59:06 - [TEST_STEP][PASSED] - if (strSellerVol3.contains(" B")): null

2024-01-22 17:59:06 - [TEST_STEP][PASSED] - else if (strSellerVol3.contains(" M")): null

2024-01-22 17:59:06 - [TEST_STEP][PASSED] - else if (strSellerVol3.contains(" K")): null

2024-01-22 17:59:06 - [TEST_STEP][PASSED] - strSellerVol3 = strSellerVol3.replace(" K", ""): null

2024-01-22 17:59:06 - [TEST_STEP][PASSED] - strSellerVol3 = strSellerVol3.toDouble() * 1000: null

2024-01-22 17:59:06 - [TEST_STEP][PASSED] - strAccDist = getText(findTestObject("Stockbit/Bandarmology_AccDist")): Text of object 'Object Repository/Stockbit/Bandarmology_AccDist' is: 'Acc'

2024-01-22 17:59:06 - [MESSAGE][PASSED] - Text of object 'Object Repository/Stockbit/Bandarmology_AccDist' is: 'Acc'

2024-01-22 17:59:06 - [TEST_STEP][PASSED] - strNetVol = getText(findTestObject("Stockbit/Bandarmology_NetVol")): Text of object 'Object Repository/Stockbit/Bandarmology_NetVol' is: '138,046'

2024-01-22 17:59:06 - [MESSAGE][PASSED] - Text of object 'Object Repository/Stockbit/Bandarmology_NetVol' is: '138,046'

2024-01-22 17:59:06 - [TEST_STEP][PASSED] - strNetVol = strNetVol.replace(",", ""): null

2024-01-22 17:59:06 - [TEST_STEP][PASSED] - strNetVal = getText(findTestObject("Stockbit/Bandarmology_NetVal")): Text of object 'Object Repository/Stockbit/Bandarmology_NetVal' is: '5.4 B'

2024-01-22 17:59:06 - [MESSAGE][PASSED] - Text of object 'Object Repository/Stockbit/Bandarmology_NetVal' is: '5.4 B'

2024-01-22 17:59:06 - [TEST_STEP][PASSED] - delay(3): Delayed 3 second(s)

2024-01-22 17:59:09 - [MESSAGE][PASSED] - Delayed 3 second(s)

2024-01-22 17:59:09 - [TEST_STEP][PASSED] - strOpenPrice = getText(findTestObject("Stockbit/Home_OpenPrice")): Text of object 'Object Repository/Stockbit/Home_OpenPrice' is: '376'

2024-01-22 17:59:09 - [MESSAGE][PASSED] - Text of object 'Object Repository/Stockbit/Home_OpenPrice' is: '376'

2024-01-22 17:59:09 - [TEST_STEP][PASSED] - strOpenPrice = strOpenPrice.replace(",", ""): null

2024-01-22 17:59:09 - [TEST_STEP][PASSED] - strLowPrice = getText(findTestObject("Stockbit/Home_LowPrice")): Text of object 'Object Repository/Stockbit/Home_LowPrice' is: '374'

2024-01-22 17:59:09 - [MESSAGE][PASSED] - Text of object 'Object Repository/Stockbit/Home_LowPrice' is: '374'

2024-01-22 17:59:09 - [TEST_STEP][PASSED] - strLowPrice = strLowPrice.replace(",", ""): null

2024-01-22 17:59:09 - [TEST_STEP][PASSED] - strHighPrice = getText(findTestObject("Stockbit/Home_HighPrice")): Text of object 'Object Repository/Stockbit/Home_HighPrice' is: '408'

2024-01-22 17:59:09 - [MESSAGE][PASSED] - Text of object 'Object Repository/Stockbit/Home_HighPrice' is: '408'

2024-01-22 17:59:09 - [TEST_STEP][PASSED] - strHighPrice = strHighPrice.replace(",", ""): null

2024-01-22 17:59:09 - [TEST_STEP][PASSED] - strClosePrice = getText(findTestObject("Stockbit/Home_ClosePrice")): Text of object 'Object Repository/Stockbit/Home_ClosePrice' is: '384'

2024-01-22 17:59:09 - [MESSAGE][PASSED] - Text of object 'Object Repository/Stockbit/Home_ClosePrice' is: '384'

2024-01-22 17:59:09 - [TEST_STEP][PASSED] - strClosePrice = strClosePrice.replace(",", ""): null

2024-01-22 17:59:09 - [TEST_STEP][PASSED] - strVol = getText(findTestObject("Stockbit/Home_Volume")): Text of object 'Object Repository/Stockbit/Home_Volume' is: '607 K'

2024-01-22 17:59:10 - [MESSAGE][PASSED] - Text of object 'Object Repository/Stockbit/Home_Volume' is: '607 K'

2024-01-22 17:59:10 - [TEST_STEP][PASSED] - if (strVol.contains(" K")): null

2024-01-22 17:59:10 - [TEST_STEP][PASSED] - strVol = strVol.replace(" K", "000"): null

2024-01-22 17:59:10 - [TEST_STEP][PASSED] - if (strVol.contains(",")): null

2024-01-22 17:59:10 - [TEST_STEP][PASSED] - strChange = getText(findTestObject("Stockbit/Home_Change")): Text of object 'Object Repository/Stockbit/Home_Change' is: '3.23%'

2024-01-22 17:59:10 - [MESSAGE][PASSED] - Text of object 'Object Repository/Stockbit/Home_Change' is: '3.23%'

2024-01-22 17:59:10 - [TEST_STEP][PASSED] - strChange = strChange.replace("%", ""): null

2024-01-22 17:59:10 - [TEST_STEP][PASSED] - strFreq = getText(findTestObject("Stockbit/Home_Freq")): Text of object 'Object Repository/Stockbit/Home_Freq' is: '8,175'

2024-01-22 17:59:10 - [MESSAGE][PASSED] - Text of object 'Object Repository/Stockbit/Home_Freq' is: '8,175'

2024-01-22 17:59:10 - [TEST_STEP][PASSED] - if (strFreq.contains(",")): null

2024-01-22 17:59:10 - [TEST_STEP][PASSED] - strFreq = strFreq.replace(",", ""): null

2024-01-22 17:59:10 - [TEST_STEP][PASSED] - if (strFreq == "NA" || strFreq == ""): null

2024-01-22 17:59:10 - [TEST_STEP][PASSED] - else: null

2024-01-22 17:59:10 - [TEST_STEP][PASSED] - dblFreqAnal = strVol.toDouble() / strFreq.toDouble() * strFreq.toDouble() * strFreq.toDouble() * 100000000: null

2024-01-22 17:59:10 - [TEST_STEP][PASSED] - strFreqAnal = String.format("%.4f", dblFreqAnal): null

2024-01-22 17:59:10 - [TEST_STEP][PASSED] - out.println("Double strFreqAnal: " + strFreqAnal): null

2024-01-22 17:59:10 - [TEST_STEP][PASSED] - strTanggal = d.format(DateTimeFormatter.ofPattern("yyyy-MM-dd")): null

2024-01-22 17:59:10 - [TEST_STEP][PASSED] - strTanggal = "#" + strTanggal + "#": null

2024-01-22 17:59:10 - [TEST_STEP][PASSED] - strSQL = "select count(*) as JumBaris from TblBrokSum where Nama = '" + strNama + "' and Tanggal = " + strTanggal + "": null

2024-01-22 17:59:10 - [TEST_STEP][PASSED] - resultSet = statement.executeQuery(strSQL): null

2024-01-22 17:59:10 - [TEST_STEP][PASSED] - resultSet.next(): null

2024-01-22 17:59:10 - [TEST_STEP][PASSED] - intJumBaris = resultSet.getInt("JumBaris"): null

2024-01-22 17:59:10 - [TEST_STEP][PASSED] - if (intJumBaris > 0): null

2024-01-22 17:59:10 - [TEST_STEP][PASSED] - else: null

2024-01-22 17:59:10 - [TEST_STEP][PASSED] - try: null

2024-01-22 17:59:10 - [TEST_STEP][PASSED] - out.println("Insert data"): null

2024-01-22 17:59:10 - [TEST_STEP][PASSED] - strSQL = "insert into TblBrokSum (nama, tanggal, top1, top2, top3, AllBrokAvg, AccDist, AvgRP, " + "Buyer1, BuyerVal1, BuyerAvg1, Seller1, SellerVal1, SellerAvg1, Buyer2, BuyerVal2, BuyerAvg2, " + "Seller2, SellerVal2, SellerAvg2, Buyer3, BuyerVal3, BuyerAvg3, Seller3, SellerVal3, SellerAvg3, NetVol, NetVal, " + "OpenPrice, LowPrice, HighPrice, ClosePrice, Volume, Change, Frekuensi, FrekAnal) " + "values ('" + strNama + "', " + strTanggal + ", '" + strTop1 + "', '" + strTop3 + "', '" + strTop5 + "', " + "'" + strAllBrokAvg + "', '" + strAccDist + "', " + intAvgRP + ", '" + strBuyer1 + "', '" + strBuyerVol1 + "', " + strBuyerAvg1 + ", " + "'" + strSeller1 + "', '" + strSellerVol1 + "', " + strSellerAvg1 + ", '" + strBuyer2 + "', '" + strBuyerVol2 + "', " + strBuyerAvg2 + ", " + "'" + strSeller2 + "', '" + strSellerVol2 + "', " + strSellerAvg2 + ", '" + strBuyer3 + "', '" + strBuyerVol3 + "', " + strBuyerAvg3 + ", " + "'" + strSeller3 + "', '" + strSellerVol3 + "', " + strSellerAvg3 + ", " + strNetVol + ", '" + strNetVal + "', " + "" + strOpenPrice + ", " + strLowPrice + ", " + strHighPrice + ", " + strClosePrice + ", '" + strVol + "', " + strChange + ", " + strFreq + ", " + strFreqAnal + ");": null

2024-01-22 17:59:10 - [TEST_STEP][PASSED] - out.println("strSQL = " + strSQL): null

2024-01-22 17:59:10 - [TEST_STEP][PASSED] - statement.executeUpdate(strSQL): null

2024-01-22 17:59:10 - [TEST_STEP][PASSED] - setValueToCellByIndex(sheet01, rowIndex, 4, "DONE"): null

2024-01-22 17:59:10 - [TEST_STEP][PASSED] - saveWorkbook(excelFilePath, workbook01): null

2024-01-22 17:59:10 - [TEST_STEP][PASSED] - waitForElementClickable(findTestObject("Stockbit/menu_Bandarmology"), 10): Object 'Object Repository/Stockbit/menu_Bandarmology' is clickable

2024-01-22 17:59:10 - [MESSAGE][PASSED] - Object 'Object Repository/Stockbit/menu_Bandarmology' is clickable

2024-01-22 17:59:10 - [TEST_STEP][PASSED] - click(findTestObject("Stockbit/menu_Bandarmology")): Object: 'Object Repository/Stockbit/menu_Bandarmology' is clicked on

2024-01-22 17:59:10 - [MESSAGE][PASSED] - Object: 'Object Repository/Stockbit/menu_Bandarmology' is clicked on

2024-01-22 17:59:10 - [TEST_STEP][PASSED] - strTemp = "NA": null

2024-01-22 17:59:10 - [TEST_STEP][PASSED] - if (getCellValueByIndex(sheet01, rowIndex, 4) != "DONE"): Object: 'Object Repository/Stockbit/menu_Bandarmology' is clicked on

2024-01-22 17:59:10 - [TEST_STEP][PASSED] - strNama = getCellValueByIndex(sheet01, rowIndex, 0): null

2024-01-22 17:59:10 - [TEST_STEP][PASSED] - navigateToUrl("https://stockbit.com/#/symbol/" + strNama): Navigate to 'https://stockbit.com/#/symbol/MMLP' successfully

2024-01-22 17:59:12 - [MESSAGE][PASSED] - Navigate to 'https://stockbit.com/#/symbol/MMLP' successfully

2024-01-22 17:59:12 - [TEST_STEP][PASSED] - waitForElementClickable(findTestObject("Stockbit/menu_Bandarmology"), 10): Object 'Object Repository/Stockbit/menu_Bandarmology' is clickable

2024-01-22 17:59:13 - [MESSAGE][PASSED] - Object 'Object Repository/Stockbit/menu_Bandarmology' is clickable

2024-01-22 17:59:13 - [TEST_STEP][PASSED] - click(findTestObject("Stockbit/menu_Bandarmology")): Object: 'Object Repository/Stockbit/menu_Bandarmology' is clicked on

2024-01-22 17:59:13 - [MESSAGE][PASSED] - Object: 'Object Repository/Stockbit/menu_Bandarmology' is clicked on

2024-01-22 17:59:13 - [TEST_STEP][PASSED] - strTanggal = d.format(DateTimeFormatter.ofPattern("MMM dd, yyyy")): null

2024-01-22 17:59:13 - [TEST_STEP][PASSED] - strTanggal = d.format(ISO_DATE): null

2024-01-22 17:59:13 - [TEST_STEP][PASSED] - out.println("strTanggal = " + strTanggal): null

2024-01-22 17:59:13 - [TEST_STEP][PASSED] - out.println("strNama = " + strNama): null

2024-01-22 17:59:13 - [TEST_STEP][PASSED] - out.println("Baris ke = " + rowIndex): null

2024-01-22 17:59:13 - [TEST_STEP][PASSED] - click(findTestObject("Stockbit/input__BandarmologyOpenStartDate")): Object: 'Object Repository/Stockbit/input__BandarmologyOpenStartDate' is clicked on

2024-01-22 17:59:15 - [MESSAGE][PASSED] - Object: 'Object Repository/Stockbit/input__BandarmologyOpenStartDate' is clicked on

2024-01-22 17:59:15 - [TEST_STEP][PASSED] - sendKeys(findTestObject("Stockbit/input__BandarmologyOpenStartDate"), Keys.chord(CONTROL, "a")): Keys 'CONTROL + a' sent to object: 'Object Repository/Stockbit/input__BandarmologyOpenStartDate'

2024-01-22 17:59:15 - [MESSAGE][PASSED] - Keys 'CONTROL + a' sent to object: 'Object Repository/Stockbit/input__BandarmologyOpenStartDate'

2024-01-22 17:59:15 - [TEST_STEP][PASSED] - sendKeys(findTestObject("Stockbit/input__BandarmologyOpenStartDate"), Keys.chord(BACK_SPACE)): Keys 'BACK_SPACE + ' sent to object: 'Object Repository/Stockbit/input__BandarmologyOpenStartDate'

2024-01-22 17:59:16 - [MESSAGE][PASSED] - Keys 'BACK_SPACE + ' sent to object: 'Object Repository/Stockbit/input__BandarmologyOpenStartDate'

2024-01-22 17:59:16 - [TEST_STEP][PASSED] - setText(findTestObject("Stockbit/input__BandarmologyOpenStartDate"), strTanggal): Text '2024-01-22' is set on object 'Object Repository/Stockbit/input__BandarmologyOpenStartDate'

2024-01-22 17:59:17 - [MESSAGE][PASSED] - Text '2024-01-22' is set on object 'Object Repository/Stockbit/input__BandarmologyOpenStartDate'

2024-01-22 17:59:17 - [TEST_STEP][PASSED] - sendKeys(findTestObject("Stockbit/input__BandarmologyOpenStartDate"), Keys.chord(ENTER)): Keys 'ENTER + ' sent to object: 'Object Repository/Stockbit/input__BandarmologyOpenStartDate'

2024-01-22 17:59:17 - [MESSAGE][PASSED] - Keys 'ENTER + ' sent to object: 'Object Repository/Stockbit/input__BandarmologyOpenStartDate'

2024-01-22 17:59:17 - [TEST_STEP][PASSED] - click(findTestObject("Stockbit/input__BandarmologyOpenEndDate")): Object: 'Object Repository/Stockbit/input__BandarmologyOpenEndDate' is clicked on

2024-01-22 17:59:18 - [MESSAGE][PASSED] - Object: 'Object Repository/Stockbit/input__BandarmologyOpenEndDate' is clicked on

2024-01-22 17:59:18 - [TEST_STEP][PASSED] - sendKeys(findTestObject("Stockbit/input__BandarmologyOpenEndDate"), Keys.chord(CONTROL, "a")): Keys 'CONTROL + a' sent to object: 'Object Repository/Stockbit/input__BandarmologyOpenEndDate'

2024-01-22 17:59:18 - [MESSAGE][PASSED] - Keys 'CONTROL + a' sent to object: 'Object Repository/Stockbit/input__BandarmologyOpenEndDate'

2024-01-22 17:59:18 - [TEST_STEP][PASSED] - sendKeys(findTestObject("Stockbit/input__BandarmologyOpenEndDate"), Keys.chord(BACK_SPACE)): Keys 'BACK_SPACE + ' sent to object: 'Object Repository/Stockbit/input__BandarmologyOpenEndDate'

2024-01-22 17:59:19 - [MESSAGE][PASSED] - Keys 'BACK_SPACE + ' sent to object: 'Object Repository/Stockbit/input__BandarmologyOpenEndDate'

2024-01-22 17:59:19 - [TEST_STEP][PASSED] - setText(findTestObject("Stockbit/input__BandarmologyOpenEndDate"), strTanggal): Text '2024-01-22' is set on object 'Object Repository/Stockbit/input__BandarmologyOpenEndDate'

2024-01-22 17:59:19 - [MESSAGE][PASSED] - Text '2024-01-22' is set on object 'Object Repository/Stockbit/input__BandarmologyOpenEndDate'

2024-01-22 17:59:19 - [TEST_STEP][PASSED] - sendKeys(findTestObject("Stockbit/input__BandarmologyOpenEndDate"), Keys.chord(ENTER)): Keys 'ENTER + ' sent to object: 'Object Repository/Stockbit/input__BandarmologyOpenEndDate'

2024-01-22 17:59:20 - [MESSAGE][PASSED] - Keys 'ENTER + ' sent to object: 'Object Repository/Stockbit/input__BandarmologyOpenEndDate'

2024-01-22 17:59:20 - [TEST_STEP][PASSED] - delay(2): Delayed 2 second(s)

2024-01-22 17:59:22 - [MESSAGE][PASSED] - Delayed 2 second(s)

2024-01-22 17:59:22 - [TEST_STEP][PASSED] - strTemp = getText(findTestObject("Stockbit/Bandarmology_AvgRP")): Text of object 'Object Repository/Stockbit/Bandarmology_AvgRP' is: '304'

2024-01-22 17:59:22 - [MESSAGE][PASSED] - Text of object 'Object Repository/Stockbit/Bandarmology_AvgRP' is: '304'

2024-01-22 17:59:22 - [TEST_STEP][PASSED] - out.println("Bandarmology_AvgRP = " + strTemp): null

2024-01-22 17:59:22 - [TEST_STEP][PASSED] - if (strTemp != "0"): null

2024-01-22 17:59:22 - [TEST_STEP][PASSED] - strTop1 = getText(findTestObject("Stockbit/Bandarmology_Top1")): Text of object 'Object Repository/Stockbit/Bandarmology_Top1' is: 'Big Acc'

2024-01-22 17:59:22 - [MESSAGE][PASSED] - Text of object 'Object Repository/Stockbit/Bandarmology_Top1' is: 'Big Acc'

2024-01-22 17:59:22 - [TEST_STEP][PASSED] - strTop3 = getText(findTestObject("Stockbit/Bandarmology_Top3")): Text of object 'Object Repository/Stockbit/Bandarmology_Top3' is: 'Big Acc'

2024-01-22 17:59:22 - [MESSAGE][PASSED] - Text of object 'Object Repository/Stockbit/Bandarmology_Top3' is: 'Big Acc'

2024-01-22 17:59:22 - [TEST_STEP][PASSED] - strTop5 = getText(findTestObject("Stockbit/Bandarmology_Top5")): Text of object 'Object Repository/Stockbit/Bandarmology_Top5' is: 'Neutral'

2024-01-22 17:59:23 - [MESSAGE][PASSED] - Text of object 'Object Repository/Stockbit/Bandarmology_Top5' is: 'Neutral'

2024-01-22 17:59:23 - [TEST_STEP][PASSED] - strAllBrokAvg = getText(findTestObject("Stockbit/Bandarmology_TopAVG")): Text of object 'Object Repository/Stockbit/Bandarmology_TopAVG' is: 'Normal Acc'

2024-01-22 17:59:23 - [MESSAGE][PASSED] - Text of object 'Object Repository/Stockbit/Bandarmology_TopAVG' is: 'Normal Acc'

2024-01-22 17:59:23 - [TEST_STEP][PASSED] - strTemp = getText(findTestObject("Stockbit/Bandarmology_AvgRP")): Text of object 'Object Repository/Stockbit/Bandarmology_AvgRP' is: '304'

2024-01-22 17:59:23 - [MESSAGE][PASSED] - Text of object 'Object Repository/Stockbit/Bandarmology_AvgRP' is: '304'

2024-01-22 17:59:23 - [TEST_STEP][PASSED] - if (strTemp.contains(",")): null

2024-01-22 17:59:23 - [TEST_STEP][PASSED] - intAvgRP = strTemp.toInteger(): null

2024-01-22 17:59:23 - [TEST_STEP][PASSED] - strBuyer1 = getText(findTestObject("Stockbit/Bandarmology_Buyer1")): Text of object 'Object Repository/Stockbit/Bandarmology_Buyer1' is: 'ZP'

2024-01-22 17:59:23 - [MESSAGE][PASSED] - Text of object 'Object Repository/Stockbit/Bandarmology_Buyer1' is: 'ZP'

2024-01-22 17:59:23 - [TEST_STEP][PASSED] - strBuyerVol1 = getText(findTestObject("Stockbit/Bandarmology_BuyerVol1")): Text of object 'Object Repository/Stockbit/Bandarmology_BuyerVol1' is: '2.5 K'

2024-01-22 17:59:23 - [MESSAGE][PASSED] - Text of object 'Object Repository/Stockbit/Bandarmology_BuyerVol1' is: '2.5 K'

2024-01-22 17:59:23 - [TEST_STEP][PASSED] - strBuyerAvg1 = getText(findTestObject("Stockbit/Bandarmology_BuyerAvg1")): Text of object 'Object Repository/Stockbit/Bandarmology_BuyerAvg1' is: '304'

2024-01-22 17:59:23 - [MESSAGE][PASSED] - Text of object 'Object Repository/Stockbit/Bandarmology_BuyerAvg1' is: '304'

2024-01-22 17:59:23 - [TEST_STEP][PASSED] - if (strBuyerAvg1.contains(",")): null

2024-01-22 17:59:23 - [TEST_STEP][PASSED] - if (strBuyerVol1.contains(" B")): null

2024-01-22 17:59:23 - [TEST_STEP][PASSED] - else if (strBuyerVol1.contains(" M")): null

2024-01-22 17:59:23 - [TEST_STEP][PASSED] - else if (strBuyerVol1.contains(" K")): null

2024-01-22 17:59:23 - [TEST_STEP][PASSED] - strBuyerVol1 = strBuyerVol1.replace(" K", ""): null

2024-01-22 17:59:23 - [TEST_STEP][PASSED] - strBuyerVol1 = strBuyerVol1.toDouble() * 1000: null

2024-01-22 17:59:23 - [TEST_STEP][PASSED] - strSeller1 = getText(findTestObject("Stockbit/Bandarmology_Seller1")): Text of object 'Object Repository/Stockbit/Bandarmology_Seller1' is: 'PD'

2024-01-22 17:59:24 - [MESSAGE][PASSED] - Text of object 'Object Repository/Stockbit/Bandarmology_Seller1' is: 'PD'

2024-01-22 17:59:24 - [TEST_STEP][PASSED] - strSellerVol1 = getText(findTestObject("Stockbit/Bandarmology_SellerVol1")): Text of object 'Object Repository/Stockbit/Bandarmology_SellerVol1' is: '1 K'

2024-01-22 17:59:24 - [MESSAGE][PASSED] - Text of object 'Object Repository/Stockbit/Bandarmology_SellerVol1' is: '1 K'

2024-01-22 17:59:24 - [TEST_STEP][PASSED] - strSellerAvg1 = getText(findTestObject("Stockbit/Bandarmology_SellerAvg1")): Text of object 'Object Repository/Stockbit/Bandarmology_SellerAvg1' is: '304'

2024-01-22 17:59:24 - [MESSAGE][PASSED] - Text of object 'Object Repository/Stockbit/Bandarmology_SellerAvg1' is: '304'

2024-01-22 17:59:24 - [TEST_STEP][PASSED] - if (strSellerAvg1.contains(",")): null

2024-01-22 17:59:24 - [TEST_STEP][PASSED] - if (strSellerVol1.contains(" B")): null

2024-01-22 17:59:24 - [TEST_STEP][PASSED] - else if (strSellerVol1.contains(" M")): null

2024-01-22 17:59:24 - [TEST_STEP][PASSED] - else if (strSellerVol1.contains(" K")): null

2024-01-22 17:59:24 - [TEST_STEP][PASSED] - strSellerVol1 = strSellerVol1.replace(" K", ""): null

2024-01-22 17:59:24 - [TEST_STEP][PASSED] - strSellerVol1 = strSellerVol1.toDouble() * 1000: null

2024-01-22 17:59:24 - [TEST_STEP][PASSED] - if (verifyElementNotPresent(findTestObject("Stockbit/Bandarmology_Buyer2"), 1, OPTIONAL)): Web element with id: 'Object Repository/Stockbit/Bandarmology_Buyer2' located by 'By.xpath: //*[contains(@id, 'rc-tabs-')]/div[2]/div/div/div/div/div/div[2]/table/tbody/tr[3]/td[1]/p' is present after '1' second(s) (Root cause: com.kms.katalon.core.exception.StepFailedException: Web element with id: 'Object Repository/Stockbit/Bandarmology_Buyer2' located by 'By.xpath: //*[contains(@id, 'rc-tabs-')]/div[2]/div/div/div/div/div/div[2]/table/tbody/tr[3]/td[1]/p' is present after '1' second(s)
	at com.kms.katalon.core.webui.keyword.internal.WebUIKeywordMain.stepFailed(WebUIKeywordMain.groovy:64)
	at com.kms.katalon.core.webui.keyword.internal.WebUIKeywordMain$stepFailed$0.call(Unknown Source)
	at com.kms.katalon.core.webui.keyword.builtin.VerifyElementNotPresentKeyword$_verifyElementNotPresent_closure1.doCall(VerifyElementNotPresentKeyword.groovy:106)
	at com.kms.katalon.core.webui.keyword.builtin.VerifyElementNotPresentKeyword$_verifyElementNotPresent_closure1.doCall(VerifyElementNotPresentKeyword.groovy)
	at com.kms.katalon.core.webui.keyword.internal.WebUIKeywordMain.runKeyword(WebUIKeywordMain.groovy:20)
	at com.kms.katalon.core.webui.keyword.internal.WebUIKeywordMain$runKeyword.call(Unknown Source)
	at com.kms.katalon.core.webui.keyword.builtin.VerifyElementNotPresentKeyword.verifyElementNotPresent(VerifyElementNotPresentKeyword.groovy:117)
	at com.kms.katalon.core.webui.keyword.builtin.VerifyElementNotPresentKeyword.execute(VerifyElementNotPresentKeyword.groovy:68)
	at com.kms.katalon.core.keyword.internal.KeywordExecutor.executeKeywordForPlatform(KeywordExecutor.groovy:74)
	at com.kms.katalon.core.webui.keyword.WebUiBuiltInKeywords.verifyElementNotPresent(WebUiBuiltInKeywords.groovy:1481)
	at com.kms.katalon.core.webui.keyword.WebUiBuiltInKeywords$verifyElementNotPresent$8.call(Unknown Source)
	at GetBrokSumPriceDaily.run(GetBrokSumPriceDaily:258)
	at com.kms.katalon.core.main.ScriptEngine.run(ScriptEngine.java:194)
	at com.kms.katalon.core.main.ScriptEngine.runScriptAsRawText(ScriptEngine.java:119)
	at com.kms.katalon.core.main.TestCaseExecutor.runScript(TestCaseExecutor.java:445)
	at com.kms.katalon.core.main.TestCaseExecutor.doExecute(TestCaseExecutor.java:436)
	at com.kms.katalon.core.main.TestCaseExecutor.processExecutionPhase(TestCaseExecutor.java:415)
	at com.kms.katalon.core.main.TestCaseExecutor.accessMainPhase(TestCaseExecutor.java:407)
	at com.kms.katalon.core.main.TestCaseExecutor.execute(TestCaseExecutor.java:284)
	at com.kms.katalon.core.common.CommonExecutor.accessTestCaseMainPhase(CommonExecutor.java:65)
	at com.kms.katalon.core.main.TestSuiteExecutor.accessTestSuiteMainPhase(TestSuiteExecutor.java:144)
	at com.kms.katalon.core.main.TestSuiteExecutor.execute(TestSuiteExecutor.java:106)
	at com.kms.katalon.core.main.TestCaseMain.startTestSuite(TestCaseMain.java:185)
	at com.kms.katalon.core.main.TestCaseMain$startTestSuite$0.call(Unknown Source)
	at TempTestSuite1705920083951.run(TempTestSuite1705920083951.groovy:36)
)

2024-01-22 17:59:25 - [MESSAGE][WARNING] - Web element with id: 'Object Repository/Stockbit/Bandarmology_Buyer2' located by 'By.xpath: //*[contains(@id, 'rc-tabs-')]/div[2]/div/div/div/div/div/div[2]/table/tbody/tr[3]/td[1]/p' is present after '1' second(s) (Root cause: com.kms.katalon.core.exception.StepFailedException: Web element with id: 'Object Repository/Stockbit/Bandarmology_Buyer2' located by 'By.xpath: //*[contains(@id, 'rc-tabs-')]/div[2]/div/div/div/div/div/div[2]/table/tbody/tr[3]/td[1]/p' is present after '1' second(s)
	at com.kms.katalon.core.webui.keyword.internal.WebUIKeywordMain.stepFailed(WebUIKeywordMain.groovy:64)
	at com.kms.katalon.core.webui.keyword.internal.WebUIKeywordMain$stepFailed$0.call(Unknown Source)
	at com.kms.katalon.core.webui.keyword.builtin.VerifyElementNotPresentKeyword$_verifyElementNotPresent_closure1.doCall(VerifyElementNotPresentKeyword.groovy:106)
	at com.kms.katalon.core.webui.keyword.builtin.VerifyElementNotPresentKeyword$_verifyElementNotPresent_closure1.doCall(VerifyElementNotPresentKeyword.groovy)
	at com.kms.katalon.core.webui.keyword.internal.WebUIKeywordMain.runKeyword(WebUIKeywordMain.groovy:20)
	at com.kms.katalon.core.webui.keyword.internal.WebUIKeywordMain$runKeyword.call(Unknown Source)
	at com.kms.katalon.core.webui.keyword.builtin.VerifyElementNotPresentKeyword.verifyElementNotPresent(VerifyElementNotPresentKeyword.groovy:117)
	at com.kms.katalon.core.webui.keyword.builtin.VerifyElementNotPresentKeyword.execute(VerifyElementNotPresentKeyword.groovy:68)
	at com.kms.katalon.core.keyword.internal.KeywordExecutor.executeKeywordForPlatform(KeywordExecutor.groovy:74)
	at com.kms.katalon.core.webui.keyword.WebUiBuiltInKeywords.verifyElementNotPresent(WebUiBuiltInKeywords.groovy:1481)
	at com.kms.katalon.core.webui.keyword.WebUiBuiltInKeywords$verifyElementNotPresent$8.call(Unknown Source)
	at GetBrokSumPriceDaily.run(GetBrokSumPriceDaily:258)
	at com.kms.katalon.core.main.ScriptEngine.run(ScriptEngine.java:194)
	at com.kms.katalon.core.main.ScriptEngine.runScriptAsRawText(ScriptEngine.java:119)
	at com.kms.katalon.core.main.TestCaseExecutor.runScript(TestCaseExecutor.java:445)
	at com.kms.katalon.core.main.TestCaseExecutor.doExecute(TestCaseExecutor.java:436)
	at com.kms.katalon.core.main.TestCaseExecutor.processExecutionPhase(TestCaseExecutor.java:415)
	at com.kms.katalon.core.main.TestCaseExecutor.accessMainPhase(TestCaseExecutor.java:407)
	at com.kms.katalon.core.main.TestCaseExecutor.execute(TestCaseExecutor.java:284)
	at com.kms.katalon.core.common.CommonExecutor.accessTestCaseMainPhase(CommonExecutor.java:65)
	at com.kms.katalon.core.main.TestSuiteExecutor.accessTestSuiteMainPhase(TestSuiteExecutor.java:144)
	at com.kms.katalon.core.main.TestSuiteExecutor.execute(TestSuiteExecutor.java:106)
	at com.kms.katalon.core.main.TestCaseMain.startTestSuite(TestCaseMain.java:185)
	at com.kms.katalon.core.main.TestCaseMain$startTestSuite$0.call(Unknown Source)
	at TempTestSuite1705920083951.run(TempTestSuite1705920083951.groovy:36)
)
[[ATTACHMENT|C:\\Users\\Fadli\\git\\KatalonDailyGetData2\\Reports\\20240122_174123\\TS1\\20240122_174123\\1705921165681.png]]

2024-01-22 17:59:25 - [TEST_STEP][PASSED] - else: null

2024-01-22 17:59:25 - [TEST_STEP][PASSED] - strBuyer2 = getText(findTestObject("Stockbit/Bandarmology_Buyer2")): Text of object 'Object Repository/Stockbit/Bandarmology_Buyer2' is: 'YP'

2024-01-22 17:59:26 - [MESSAGE][PASSED] - Text of object 'Object Repository/Stockbit/Bandarmology_Buyer2' is: 'YP'

2024-01-22 17:59:26 - [TEST_STEP][PASSED] - strBuyerVol2 = getText(findTestObject("Stockbit/Bandarmology_BuyerVol2")): Text of object 'Object Repository/Stockbit/Bandarmology_BuyerVol2' is: '7'

2024-01-22 17:59:26 - [MESSAGE][PASSED] - Text of object 'Object Repository/Stockbit/Bandarmology_BuyerVol2' is: '7'

2024-01-22 17:59:26 - [TEST_STEP][PASSED] - strBuyerAvg2 = getText(findTestObject("Stockbit/Bandarmology_BuyerAvg2")): Text of object 'Object Repository/Stockbit/Bandarmology_BuyerAvg2' is: '300'

2024-01-22 17:59:26 - [MESSAGE][PASSED] - Text of object 'Object Repository/Stockbit/Bandarmology_BuyerAvg2' is: '300'

2024-01-22 17:59:26 - [TEST_STEP][PASSED] - if (strBuyer2 != ""): null

2024-01-22 17:59:26 - [TEST_STEP][PASSED] - if (strBuyerAvg2.contains(",")): null

2024-01-22 17:59:26 - [TEST_STEP][PASSED] - if (strBuyerVol2.contains(" B")): null

2024-01-22 17:59:26 - [TEST_STEP][PASSED] - if (strBuyerVol2.contains(".")): null

2024-01-22 17:59:26 - [TEST_STEP][PASSED] - if (verifyElementNotPresent(findTestObject("Stockbit/Bandarmology_Seller2"), 1, OPTIONAL)): Web element with id: 'Object Repository/Stockbit/Bandarmology_Seller2' located by 'By.xpath: //*[contains(@id, 'rc-tabs-')]/div[2]/div/div/div/div/div/div[2]/table/tbody/tr[3]/td[5]/p' is present after '1' second(s) (Root cause: com.kms.katalon.core.exception.StepFailedException: Web element with id: 'Object Repository/Stockbit/Bandarmology_Seller2' located by 'By.xpath: //*[contains(@id, 'rc-tabs-')]/div[2]/div/div/div/div/div/div[2]/table/tbody/tr[3]/td[5]/p' is present after '1' second(s)
	at com.kms.katalon.core.webui.keyword.internal.WebUIKeywordMain.stepFailed(WebUIKeywordMain.groovy:64)
	at com.kms.katalon.core.webui.keyword.internal.WebUIKeywordMain$stepFailed$0.call(Unknown Source)
	at com.kms.katalon.core.webui.keyword.builtin.VerifyElementNotPresentKeyword$_verifyElementNotPresent_closure1.doCall(VerifyElementNotPresentKeyword.groovy:106)
	at com.kms.katalon.core.webui.keyword.builtin.VerifyElementNotPresentKeyword$_verifyElementNotPresent_closure1.doCall(VerifyElementNotPresentKeyword.groovy)
	at com.kms.katalon.core.webui.keyword.internal.WebUIKeywordMain.runKeyword(WebUIKeywordMain.groovy:20)
	at com.kms.katalon.core.webui.keyword.internal.WebUIKeywordMain$runKeyword.call(Unknown Source)
	at com.kms.katalon.core.webui.keyword.builtin.VerifyElementNotPresentKeyword.verifyElementNotPresent(VerifyElementNotPresentKeyword.groovy:117)
	at com.kms.katalon.core.webui.keyword.builtin.VerifyElementNotPresentKeyword.execute(VerifyElementNotPresentKeyword.groovy:68)
	at com.kms.katalon.core.keyword.internal.KeywordExecutor.executeKeywordForPlatform(KeywordExecutor.groovy:74)
	at com.kms.katalon.core.webui.keyword.WebUiBuiltInKeywords.verifyElementNotPresent(WebUiBuiltInKeywords.groovy:1481)
	at com.kms.katalon.core.webui.keyword.WebUiBuiltInKeywords$verifyElementNotPresent$8.call(Unknown Source)
	at GetBrokSumPriceDaily.run(GetBrokSumPriceDaily:309)
	at com.kms.katalon.core.main.ScriptEngine.run(ScriptEngine.java:194)
	at com.kms.katalon.core.main.ScriptEngine.runScriptAsRawText(ScriptEngine.java:119)
	at com.kms.katalon.core.main.TestCaseExecutor.runScript(TestCaseExecutor.java:445)
	at com.kms.katalon.core.main.TestCaseExecutor.doExecute(TestCaseExecutor.java:436)
	at com.kms.katalon.core.main.TestCaseExecutor.processExecutionPhase(TestCaseExecutor.java:415)
	at com.kms.katalon.core.main.TestCaseExecutor.accessMainPhase(TestCaseExecutor.java:407)
	at com.kms.katalon.core.main.TestCaseExecutor.execute(TestCaseExecutor.java:284)
	at com.kms.katalon.core.common.CommonExecutor.accessTestCaseMainPhase(CommonExecutor.java:65)
	at com.kms.katalon.core.main.TestSuiteExecutor.accessTestSuiteMainPhase(TestSuiteExecutor.java:144)
	at com.kms.katalon.core.main.TestSuiteExecutor.execute(TestSuiteExecutor.java:106)
	at com.kms.katalon.core.main.TestCaseMain.startTestSuite(TestCaseMain.java:185)
	at com.kms.katalon.core.main.TestCaseMain$startTestSuite$0.call(Unknown Source)
	at TempTestSuite1705920083951.run(TempTestSuite1705920083951.groovy:36)
)

2024-01-22 17:59:27 - [MESSAGE][WARNING] - Web element with id: 'Object Repository/Stockbit/Bandarmology_Seller2' located by 'By.xpath: //*[contains(@id, 'rc-tabs-')]/div[2]/div/div/div/div/div/div[2]/table/tbody/tr[3]/td[5]/p' is present after '1' second(s) (Root cause: com.kms.katalon.core.exception.StepFailedException: Web element with id: 'Object Repository/Stockbit/Bandarmology_Seller2' located by 'By.xpath: //*[contains(@id, 'rc-tabs-')]/div[2]/div/div/div/div/div/div[2]/table/tbody/tr[3]/td[5]/p' is present after '1' second(s)
	at com.kms.katalon.core.webui.keyword.internal.WebUIKeywordMain.stepFailed(WebUIKeywordMain.groovy:64)
	at com.kms.katalon.core.webui.keyword.internal.WebUIKeywordMain$stepFailed$0.call(Unknown Source)
	at com.kms.katalon.core.webui.keyword.builtin.VerifyElementNotPresentKeyword$_verifyElementNotPresent_closure1.doCall(VerifyElementNotPresentKeyword.groovy:106)
	at com.kms.katalon.core.webui.keyword.builtin.VerifyElementNotPresentKeyword$_verifyElementNotPresent_closure1.doCall(VerifyElementNotPresentKeyword.groovy)
	at com.kms.katalon.core.webui.keyword.internal.WebUIKeywordMain.runKeyword(WebUIKeywordMain.groovy:20)
	at com.kms.katalon.core.webui.keyword.internal.WebUIKeywordMain$runKeyword.call(Unknown Source)
	at com.kms.katalon.core.webui.keyword.builtin.VerifyElementNotPresentKeyword.verifyElementNotPresent(VerifyElementNotPresentKeyword.groovy:117)
	at com.kms.katalon.core.webui.keyword.builtin.VerifyElementNotPresentKeyword.execute(VerifyElementNotPresentKeyword.groovy:68)
	at com.kms.katalon.core.keyword.internal.KeywordExecutor.executeKeywordForPlatform(KeywordExecutor.groovy:74)
	at com.kms.katalon.core.webui.keyword.WebUiBuiltInKeywords.verifyElementNotPresent(WebUiBuiltInKeywords.groovy:1481)
	at com.kms.katalon.core.webui.keyword.WebUiBuiltInKeywords$verifyElementNotPresent$8.call(Unknown Source)
	at GetBrokSumPriceDaily.run(GetBrokSumPriceDaily:309)
	at com.kms.katalon.core.main.ScriptEngine.run(ScriptEngine.java:194)
	at com.kms.katalon.core.main.ScriptEngine.runScriptAsRawText(ScriptEngine.java:119)
	at com.kms.katalon.core.main.TestCaseExecutor.runScript(TestCaseExecutor.java:445)
	at com.kms.katalon.core.main.TestCaseExecutor.doExecute(TestCaseExecutor.java:436)
	at com.kms.katalon.core.main.TestCaseExecutor.processExecutionPhase(TestCaseExecutor.java:415)
	at com.kms.katalon.core.main.TestCaseExecutor.accessMainPhase(TestCaseExecutor.java:407)
	at com.kms.katalon.core.main.TestCaseExecutor.execute(TestCaseExecutor.java:284)
	at com.kms.katalon.core.common.CommonExecutor.accessTestCaseMainPhase(CommonExecutor.java:65)
	at com.kms.katalon.core.main.TestSuiteExecutor.accessTestSuiteMainPhase(TestSuiteExecutor.java:144)
	at com.kms.katalon.core.main.TestSuiteExecutor.execute(TestSuiteExecutor.java:106)
	at com.kms.katalon.core.main.TestCaseMain.startTestSuite(TestCaseMain.java:185)
	at com.kms.katalon.core.main.TestCaseMain$startTestSuite$0.call(Unknown Source)
	at TempTestSuite1705920083951.run(TempTestSuite1705920083951.groovy:36)
)
[[ATTACHMENT|C:\\Users\\Fadli\\git\\KatalonDailyGetData2\\Reports\\20240122_174123\\TS1\\20240122_174123\\1705921167578.png]]

2024-01-22 17:59:27 - [TEST_STEP][PASSED] - else: null

2024-01-22 17:59:27 - [TEST_STEP][PASSED] - strSeller2 = getText(findTestObject("Stockbit/Bandarmology_Seller2")): Text of object 'Object Repository/Stockbit/Bandarmology_Seller2' is: 'AZ'

2024-01-22 17:59:27 - [MESSAGE][PASSED] - Text of object 'Object Repository/Stockbit/Bandarmology_Seller2' is: 'AZ'

2024-01-22 17:59:27 - [TEST_STEP][PASSED] - strSellerVol2 = getText(findTestObject("Stockbit/Bandarmology_SellerVol2")): Text of object 'Object Repository/Stockbit/Bandarmology_SellerVol2' is: '500'

2024-01-22 17:59:28 - [MESSAGE][PASSED] - Text of object 'Object Repository/Stockbit/Bandarmology_SellerVol2' is: '500'

2024-01-22 17:59:28 - [TEST_STEP][PASSED] - strSellerAvg2 = getText(findTestObject("Stockbit/Bandarmology_SellerAvg2")): Text of object 'Object Repository/Stockbit/Bandarmology_SellerAvg2' is: '304'

2024-01-22 17:59:28 - [MESSAGE][PASSED] - Text of object 'Object Repository/Stockbit/Bandarmology_SellerAvg2' is: '304'

2024-01-22 17:59:28 - [TEST_STEP][PASSED] - if (strSeller2 != ""): null

2024-01-22 17:59:28 - [TEST_STEP][PASSED] - if (strSellerAvg2.contains(",")): null

2024-01-22 17:59:28 - [TEST_STEP][PASSED] - if (strSellerVol2.contains(" B")): null

2024-01-22 17:59:28 - [TEST_STEP][PASSED] - if (verifyElementNotPresent(findTestObject("Stockbit/Bandarmology_Buyer3"), 1, OPTIONAL)): Web element with id: 'Object Repository/Stockbit/Bandarmology_Buyer3' located by 'By.xpath: //*[contains(@id, 'rc-tabs-')]/div[2]/div/div/div/div/div/div[2]/table/tbody/tr[4]/td[1]/p' is present after '1' second(s) (Root cause: com.kms.katalon.core.exception.StepFailedException: Web element with id: 'Object Repository/Stockbit/Bandarmology_Buyer3' located by 'By.xpath: //*[contains(@id, 'rc-tabs-')]/div[2]/div/div/div/div/div/div[2]/table/tbody/tr[4]/td[1]/p' is present after '1' second(s)
	at com.kms.katalon.core.webui.keyword.internal.WebUIKeywordMain.stepFailed(WebUIKeywordMain.groovy:64)
	at com.kms.katalon.core.webui.keyword.internal.WebUIKeywordMain$stepFailed$0.call(Unknown Source)
	at com.kms.katalon.core.webui.keyword.builtin.VerifyElementNotPresentKeyword$_verifyElementNotPresent_closure1.doCall(VerifyElementNotPresentKeyword.groovy:106)
	at com.kms.katalon.core.webui.keyword.builtin.VerifyElementNotPresentKeyword$_verifyElementNotPresent_closure1.doCall(VerifyElementNotPresentKeyword.groovy)
	at com.kms.katalon.core.webui.keyword.internal.WebUIKeywordMain.runKeyword(WebUIKeywordMain.groovy:20)
	at com.kms.katalon.core.webui.keyword.internal.WebUIKeywordMain$runKeyword.call(Unknown Source)
	at com.kms.katalon.core.webui.keyword.builtin.VerifyElementNotPresentKeyword.verifyElementNotPresent(VerifyElementNotPresentKeyword.groovy:117)
	at com.kms.katalon.core.webui.keyword.builtin.VerifyElementNotPresentKeyword.execute(VerifyElementNotPresentKeyword.groovy:68)
	at com.kms.katalon.core.keyword.internal.KeywordExecutor.executeKeywordForPlatform(KeywordExecutor.groovy:74)
	at com.kms.katalon.core.webui.keyword.WebUiBuiltInKeywords.verifyElementNotPresent(WebUiBuiltInKeywords.groovy:1481)
	at com.kms.katalon.core.webui.keyword.WebUiBuiltInKeywords$verifyElementNotPresent$8.call(Unknown Source)
	at GetBrokSumPriceDaily.run(GetBrokSumPriceDaily:361)
	at com.kms.katalon.core.main.ScriptEngine.run(ScriptEngine.java:194)
	at com.kms.katalon.core.main.ScriptEngine.runScriptAsRawText(ScriptEngine.java:119)
	at com.kms.katalon.core.main.TestCaseExecutor.runScript(TestCaseExecutor.java:445)
	at com.kms.katalon.core.main.TestCaseExecutor.doExecute(TestCaseExecutor.java:436)
	at com.kms.katalon.core.main.TestCaseExecutor.processExecutionPhase(TestCaseExecutor.java:415)
	at com.kms.katalon.core.main.TestCaseExecutor.accessMainPhase(TestCaseExecutor.java:407)
	at com.kms.katalon.core.main.TestCaseExecutor.execute(TestCaseExecutor.java:284)
	at com.kms.katalon.core.common.CommonExecutor.accessTestCaseMainPhase(CommonExecutor.java:65)
	at com.kms.katalon.core.main.TestSuiteExecutor.accessTestSuiteMainPhase(TestSuiteExecutor.java:144)
	at com.kms.katalon.core.main.TestSuiteExecutor.execute(TestSuiteExecutor.java:106)
	at com.kms.katalon.core.main.TestCaseMain.startTestSuite(TestCaseMain.java:185)
	at com.kms.katalon.core.main.TestCaseMain$startTestSuite$0.call(Unknown Source)
	at TempTestSuite1705920083951.run(TempTestSuite1705920083951.groovy:36)
)

2024-01-22 17:59:29 - [MESSAGE][WARNING] - Web element with id: 'Object Repository/Stockbit/Bandarmology_Buyer3' located by 'By.xpath: //*[contains(@id, 'rc-tabs-')]/div[2]/div/div/div/div/div/div[2]/table/tbody/tr[4]/td[1]/p' is present after '1' second(s) (Root cause: com.kms.katalon.core.exception.StepFailedException: Web element with id: 'Object Repository/Stockbit/Bandarmology_Buyer3' located by 'By.xpath: //*[contains(@id, 'rc-tabs-')]/div[2]/div/div/div/div/div/div[2]/table/tbody/tr[4]/td[1]/p' is present after '1' second(s)
	at com.kms.katalon.core.webui.keyword.internal.WebUIKeywordMain.stepFailed(WebUIKeywordMain.groovy:64)
	at com.kms.katalon.core.webui.keyword.internal.WebUIKeywordMain$stepFailed$0.call(Unknown Source)
	at com.kms.katalon.core.webui.keyword.builtin.VerifyElementNotPresentKeyword$_verifyElementNotPresent_closure1.doCall(VerifyElementNotPresentKeyword.groovy:106)
	at com.kms.katalon.core.webui.keyword.builtin.VerifyElementNotPresentKeyword$_verifyElementNotPresent_closure1.doCall(VerifyElementNotPresentKeyword.groovy)
	at com.kms.katalon.core.webui.keyword.internal.WebUIKeywordMain.runKeyword(WebUIKeywordMain.groovy:20)
	at com.kms.katalon.core.webui.keyword.internal.WebUIKeywordMain$runKeyword.call(Unknown Source)
	at com.kms.katalon.core.webui.keyword.builtin.VerifyElementNotPresentKeyword.verifyElementNotPresent(VerifyElementNotPresentKeyword.groovy:117)
	at com.kms.katalon.core.webui.keyword.builtin.VerifyElementNotPresentKeyword.execute(VerifyElementNotPresentKeyword.groovy:68)
	at com.kms.katalon.core.keyword.internal.KeywordExecutor.executeKeywordForPlatform(KeywordExecutor.groovy:74)
	at com.kms.katalon.core.webui.keyword.WebUiBuiltInKeywords.verifyElementNotPresent(WebUiBuiltInKeywords.groovy:1481)
	at com.kms.katalon.core.webui.keyword.WebUiBuiltInKeywords$verifyElementNotPresent$8.call(Unknown Source)
	at GetBrokSumPriceDaily.run(GetBrokSumPriceDaily:361)
	at com.kms.katalon.core.main.ScriptEngine.run(ScriptEngine.java:194)
	at com.kms.katalon.core.main.ScriptEngine.runScriptAsRawText(ScriptEngine.java:119)
	at com.kms.katalon.core.main.TestCaseExecutor.runScript(TestCaseExecutor.java:445)
	at com.kms.katalon.core.main.TestCaseExecutor.doExecute(TestCaseExecutor.java:436)
	at com.kms.katalon.core.main.TestCaseExecutor.processExecutionPhase(TestCaseExecutor.java:415)
	at com.kms.katalon.core.main.TestCaseExecutor.accessMainPhase(TestCaseExecutor.java:407)
	at com.kms.katalon.core.main.TestCaseExecutor.execute(TestCaseExecutor.java:284)
	at com.kms.katalon.core.common.CommonExecutor.accessTestCaseMainPhase(CommonExecutor.java:65)
	at com.kms.katalon.core.main.TestSuiteExecutor.accessTestSuiteMainPhase(TestSuiteExecutor.java:144)
	at com.kms.katalon.core.main.TestSuiteExecutor.execute(TestSuiteExecutor.java:106)
	at com.kms.katalon.core.main.TestCaseMain.startTestSuite(TestCaseMain.java:185)
	at com.kms.katalon.core.main.TestCaseMain$startTestSuite$0.call(Unknown Source)
	at TempTestSuite1705920083951.run(TempTestSuite1705920083951.groovy:36)
)
[[ATTACHMENT|C:\\Users\\Fadli\\git\\KatalonDailyGetData2\\Reports\\20240122_174123\\TS1\\20240122_174123\\1705921169517.png]]

2024-01-22 17:59:29 - [TEST_STEP][PASSED] - else: null

2024-01-22 17:59:29 - [TEST_STEP][PASSED] - strBuyer3 = getText(findTestObject("Stockbit/Bandarmology_Buyer3")): Text of object 'Object Repository/Stockbit/Bandarmology_Buyer3' is: 'AK'

2024-01-22 17:59:29 - [MESSAGE][PASSED] - Text of object 'Object Repository/Stockbit/Bandarmology_Buyer3' is: 'AK'

2024-01-22 17:59:29 - [TEST_STEP][PASSED] - strBuyerVol3 = getText(findTestObject("Stockbit/Bandarmology_BuyerVol3")): Text of object 'Object Repository/Stockbit/Bandarmology_BuyerVol3' is: '3'

2024-01-22 17:59:30 - [MESSAGE][PASSED] - Text of object 'Object Repository/Stockbit/Bandarmology_BuyerVol3' is: '3'

2024-01-22 17:59:30 - [TEST_STEP][PASSED] - strBuyerAvg3 = getText(findTestObject("Stockbit/Bandarmology_BuyerAvg3")): Text of object 'Object Repository/Stockbit/Bandarmology_BuyerAvg3' is: '305'

2024-01-22 17:59:30 - [MESSAGE][PASSED] - Text of object 'Object Repository/Stockbit/Bandarmology_BuyerAvg3' is: '305'

2024-01-22 17:59:30 - [TEST_STEP][PASSED] - if (strBuyer3 != ""): null

2024-01-22 17:59:30 - [TEST_STEP][PASSED] - if (strBuyerAvg3.contains(",")): null

2024-01-22 17:59:30 - [TEST_STEP][PASSED] - if (strBuyerVol3.contains(" B")): null

2024-01-22 17:59:30 - [TEST_STEP][PASSED] - if (verifyElementNotPresent(findTestObject("Stockbit/Bandarmology_Seller3"), 1, OPTIONAL)): Web element with id: 'Object Repository/Stockbit/Bandarmology_Seller3' located by 'By.xpath: //*[contains(@id, 'rc-tabs-')]/div[2]/div/div/div/div/div/div[2]/table/tbody/tr[4]/td[5]/p' is present after '1' second(s) (Root cause: com.kms.katalon.core.exception.StepFailedException: Web element with id: 'Object Repository/Stockbit/Bandarmology_Seller3' located by 'By.xpath: //*[contains(@id, 'rc-tabs-')]/div[2]/div/div/div/div/div/div[2]/table/tbody/tr[4]/td[5]/p' is present after '1' second(s)
	at com.kms.katalon.core.webui.keyword.internal.WebUIKeywordMain.stepFailed(WebUIKeywordMain.groovy:64)
	at com.kms.katalon.core.webui.keyword.internal.WebUIKeywordMain$stepFailed$0.call(Unknown Source)
	at com.kms.katalon.core.webui.keyword.builtin.VerifyElementNotPresentKeyword$_verifyElementNotPresent_closure1.doCall(VerifyElementNotPresentKeyword.groovy:106)
	at com.kms.katalon.core.webui.keyword.builtin.VerifyElementNotPresentKeyword$_verifyElementNotPresent_closure1.doCall(VerifyElementNotPresentKeyword.groovy)
	at com.kms.katalon.core.webui.keyword.internal.WebUIKeywordMain.runKeyword(WebUIKeywordMain.groovy:20)
	at com.kms.katalon.core.webui.keyword.internal.WebUIKeywordMain$runKeyword.call(Unknown Source)
	at com.kms.katalon.core.webui.keyword.builtin.VerifyElementNotPresentKeyword.verifyElementNotPresent(VerifyElementNotPresentKeyword.groovy:117)
	at com.kms.katalon.core.webui.keyword.builtin.VerifyElementNotPresentKeyword.execute(VerifyElementNotPresentKeyword.groovy:68)
	at com.kms.katalon.core.keyword.internal.KeywordExecutor.executeKeywordForPlatform(KeywordExecutor.groovy:74)
	at com.kms.katalon.core.webui.keyword.WebUiBuiltInKeywords.verifyElementNotPresent(WebUiBuiltInKeywords.groovy:1481)
	at com.kms.katalon.core.webui.keyword.WebUiBuiltInKeywords$verifyElementNotPresent$8.call(Unknown Source)
	at GetBrokSumPriceDaily.run(GetBrokSumPriceDaily:414)
	at com.kms.katalon.core.main.ScriptEngine.run(ScriptEngine.java:194)
	at com.kms.katalon.core.main.ScriptEngine.runScriptAsRawText(ScriptEngine.java:119)
	at com.kms.katalon.core.main.TestCaseExecutor.runScript(TestCaseExecutor.java:445)
	at com.kms.katalon.core.main.TestCaseExecutor.doExecute(TestCaseExecutor.java:436)
	at com.kms.katalon.core.main.TestCaseExecutor.processExecutionPhase(TestCaseExecutor.java:415)
	at com.kms.katalon.core.main.TestCaseExecutor.accessMainPhase(TestCaseExecutor.java:407)
	at com.kms.katalon.core.main.TestCaseExecutor.execute(TestCaseExecutor.java:284)
	at com.kms.katalon.core.common.CommonExecutor.accessTestCaseMainPhase(CommonExecutor.java:65)
	at com.kms.katalon.core.main.TestSuiteExecutor.accessTestSuiteMainPhase(TestSuiteExecutor.java:144)
	at com.kms.katalon.core.main.TestSuiteExecutor.execute(TestSuiteExecutor.java:106)
	at com.kms.katalon.core.main.TestCaseMain.startTestSuite(TestCaseMain.java:185)
	at com.kms.katalon.core.main.TestCaseMain$startTestSuite$0.call(Unknown Source)
	at TempTestSuite1705920083951.run(TempTestSuite1705920083951.groovy:36)
)

2024-01-22 17:59:31 - [MESSAGE][WARNING] - Web element with id: 'Object Repository/Stockbit/Bandarmology_Seller3' located by 'By.xpath: //*[contains(@id, 'rc-tabs-')]/div[2]/div/div/div/div/div/div[2]/table/tbody/tr[4]/td[5]/p' is present after '1' second(s) (Root cause: com.kms.katalon.core.exception.StepFailedException: Web element with id: 'Object Repository/Stockbit/Bandarmology_Seller3' located by 'By.xpath: //*[contains(@id, 'rc-tabs-')]/div[2]/div/div/div/div/div/div[2]/table/tbody/tr[4]/td[5]/p' is present after '1' second(s)
	at com.kms.katalon.core.webui.keyword.internal.WebUIKeywordMain.stepFailed(WebUIKeywordMain.groovy:64)
	at com.kms.katalon.core.webui.keyword.internal.WebUIKeywordMain$stepFailed$0.call(Unknown Source)
	at com.kms.katalon.core.webui.keyword.builtin.VerifyElementNotPresentKeyword$_verifyElementNotPresent_closure1.doCall(VerifyElementNotPresentKeyword.groovy:106)
	at com.kms.katalon.core.webui.keyword.builtin.VerifyElementNotPresentKeyword$_verifyElementNotPresent_closure1.doCall(VerifyElementNotPresentKeyword.groovy)
	at com.kms.katalon.core.webui.keyword.internal.WebUIKeywordMain.runKeyword(WebUIKeywordMain.groovy:20)
	at com.kms.katalon.core.webui.keyword.internal.WebUIKeywordMain$runKeyword.call(Unknown Source)
	at com.kms.katalon.core.webui.keyword.builtin.VerifyElementNotPresentKeyword.verifyElementNotPresent(VerifyElementNotPresentKeyword.groovy:117)
	at com.kms.katalon.core.webui.keyword.builtin.VerifyElementNotPresentKeyword.execute(VerifyElementNotPresentKeyword.groovy:68)
	at com.kms.katalon.core.keyword.internal.KeywordExecutor.executeKeywordForPlatform(KeywordExecutor.groovy:74)
	at com.kms.katalon.core.webui.keyword.WebUiBuiltInKeywords.verifyElementNotPresent(WebUiBuiltInKeywords.groovy:1481)
	at com.kms.katalon.core.webui.keyword.WebUiBuiltInKeywords$verifyElementNotPresent$8.call(Unknown Source)
	at GetBrokSumPriceDaily.run(GetBrokSumPriceDaily:414)
	at com.kms.katalon.core.main.ScriptEngine.run(ScriptEngine.java:194)
	at com.kms.katalon.core.main.ScriptEngine.runScriptAsRawText(ScriptEngine.java:119)
	at com.kms.katalon.core.main.TestCaseExecutor.runScript(TestCaseExecutor.java:445)
	at com.kms.katalon.core.main.TestCaseExecutor.doExecute(TestCaseExecutor.java:436)
	at com.kms.katalon.core.main.TestCaseExecutor.processExecutionPhase(TestCaseExecutor.java:415)
	at com.kms.katalon.core.main.TestCaseExecutor.accessMainPhase(TestCaseExecutor.java:407)
	at com.kms.katalon.core.main.TestCaseExecutor.execute(TestCaseExecutor.java:284)
	at com.kms.katalon.core.common.CommonExecutor.accessTestCaseMainPhase(CommonExecutor.java:65)
	at com.kms.katalon.core.main.TestSuiteExecutor.accessTestSuiteMainPhase(TestSuiteExecutor.java:144)
	at com.kms.katalon.core.main.TestSuiteExecutor.execute(TestSuiteExecutor.java:106)
	at com.kms.katalon.core.main.TestCaseMain.startTestSuite(TestCaseMain.java:185)
	at com.kms.katalon.core.main.TestCaseMain$startTestSuite$0.call(Unknown Source)
	at TempTestSuite1705920083951.run(TempTestSuite1705920083951.groovy:36)
)
[[ATTACHMENT|C:\\Users\\Fadli\\git\\KatalonDailyGetData2\\Reports\\20240122_174123\\TS1\\20240122_174123\\1705921171444.png]]

2024-01-22 17:59:31 - [TEST_STEP][PASSED] - else: null

2024-01-22 17:59:31 - [TEST_STEP][PASSED] - strSeller3 = getText(findTestObject("Stockbit/Bandarmology_Seller3")): Text of object 'Object Repository/Stockbit/Bandarmology_Seller3' is: 'EP'

2024-01-22 17:59:31 - [MESSAGE][PASSED] - Text of object 'Object Repository/Stockbit/Bandarmology_Seller3' is: 'EP'

2024-01-22 17:59:31 - [TEST_STEP][PASSED] - strSellerVol3 = getText(findTestObject("Stockbit/Bandarmology_SellerVol3")): Text of object 'Object Repository/Stockbit/Bandarmology_SellerVol3' is: '390'

2024-01-22 17:59:31 - [MESSAGE][PASSED] - Text of object 'Object Repository/Stockbit/Bandarmology_SellerVol3' is: '390'

2024-01-22 17:59:31 - [TEST_STEP][PASSED] - strSellerAvg3 = getText(findTestObject("Stockbit/Bandarmology_SellerAvg3")): Text of object 'Object Repository/Stockbit/Bandarmology_SellerAvg3' is: '304'

2024-01-22 17:59:32 - [MESSAGE][PASSED] - Text of object 'Object Repository/Stockbit/Bandarmology_SellerAvg3' is: '304'

2024-01-22 17:59:32 - [TEST_STEP][PASSED] - if (strSeller3 != ""): null

2024-01-22 17:59:32 - [TEST_STEP][PASSED] - if (strSellerAvg3.contains(",")): null

2024-01-22 17:59:32 - [TEST_STEP][PASSED] - if (strSellerVol3.contains(" B")): null

2024-01-22 17:59:32 - [TEST_STEP][PASSED] - strAccDist = getText(findTestObject("Stockbit/Bandarmology_AccDist")): Text of object 'Object Repository/Stockbit/Bandarmology_AccDist' is: 'Acc'

2024-01-22 17:59:32 - [MESSAGE][PASSED] - Text of object 'Object Repository/Stockbit/Bandarmology_AccDist' is: 'Acc'

2024-01-22 17:59:32 - [TEST_STEP][PASSED] - strNetVol = getText(findTestObject("Stockbit/Bandarmology_NetVol")): Text of object 'Object Repository/Stockbit/Bandarmology_NetVol' is: '2,508'

2024-01-22 17:59:32 - [MESSAGE][PASSED] - Text of object 'Object Repository/Stockbit/Bandarmology_NetVol' is: '2,508'

2024-01-22 17:59:32 - [TEST_STEP][PASSED] - strNetVol = strNetVol.replace(",", ""): null

2024-01-22 17:59:32 - [TEST_STEP][PASSED] - strNetVal = getText(findTestObject("Stockbit/Bandarmology_NetVal")): Text of object 'Object Repository/Stockbit/Bandarmology_NetVal' is: '0.1 B'

2024-01-22 17:59:32 - [MESSAGE][PASSED] - Text of object 'Object Repository/Stockbit/Bandarmology_NetVal' is: '0.1 B'

2024-01-22 17:59:32 - [TEST_STEP][PASSED] - delay(3): Delayed 3 second(s)

2024-01-22 17:59:35 - [MESSAGE][PASSED] - Delayed 3 second(s)

2024-01-22 17:59:35 - [TEST_STEP][PASSED] - strOpenPrice = getText(findTestObject("Stockbit/Home_OpenPrice")): Text of object 'Object Repository/Stockbit/Home_OpenPrice' is: '306'

2024-01-22 17:59:35 - [MESSAGE][PASSED] - Text of object 'Object Repository/Stockbit/Home_OpenPrice' is: '306'

2024-01-22 17:59:35 - [TEST_STEP][PASSED] - strOpenPrice = strOpenPrice.replace(",", ""): null

2024-01-22 17:59:35 - [TEST_STEP][PASSED] - strLowPrice = getText(findTestObject("Stockbit/Home_LowPrice")): Text of object 'Object Repository/Stockbit/Home_LowPrice' is: '300'

2024-01-22 17:59:35 - [MESSAGE][PASSED] - Text of object 'Object Repository/Stockbit/Home_LowPrice' is: '300'

2024-01-22 17:59:35 - [TEST_STEP][PASSED] - strLowPrice = strLowPrice.replace(",", ""): null

2024-01-22 17:59:35 - [TEST_STEP][PASSED] - strHighPrice = getText(findTestObject("Stockbit/Home_HighPrice")): Text of object 'Object Repository/Stockbit/Home_HighPrice' is: '306'

2024-01-22 17:59:36 - [MESSAGE][PASSED] - Text of object 'Object Repository/Stockbit/Home_HighPrice' is: '306'

2024-01-22 17:59:36 - [TEST_STEP][PASSED] - strHighPrice = strHighPrice.replace(",", ""): null

2024-01-22 17:59:36 - [TEST_STEP][PASSED] - strClosePrice = getText(findTestObject("Stockbit/Home_ClosePrice")): Text of object 'Object Repository/Stockbit/Home_ClosePrice' is: '304'

2024-01-22 17:59:36 - [MESSAGE][PASSED] - Text of object 'Object Repository/Stockbit/Home_ClosePrice' is: '304'

2024-01-22 17:59:36 - [TEST_STEP][PASSED] - strClosePrice = strClosePrice.replace(",", ""): null

2024-01-22 17:59:36 - [TEST_STEP][PASSED] - strVol = getText(findTestObject("Stockbit/Home_Volume")): Text of object 'Object Repository/Stockbit/Home_Volume' is: '3 K'

2024-01-22 17:59:36 - [MESSAGE][PASSED] - Text of object 'Object Repository/Stockbit/Home_Volume' is: '3 K'

2024-01-22 17:59:36 - [TEST_STEP][PASSED] - if (strVol.contains(" K")): null

2024-01-22 17:59:36 - [TEST_STEP][PASSED] - strVol = strVol.replace(" K", "000"): null

2024-01-22 17:59:36 - [TEST_STEP][PASSED] - if (strVol.contains(",")): null

2024-01-22 17:59:36 - [TEST_STEP][PASSED] - strChange = getText(findTestObject("Stockbit/Home_Change")): Text of object 'Object Repository/Stockbit/Home_Change' is: '0.66%'

2024-01-22 17:59:36 - [MESSAGE][PASSED] - Text of object 'Object Repository/Stockbit/Home_Change' is: '0.66%'

2024-01-22 17:59:36 - [TEST_STEP][PASSED] - strChange = strChange.replace("%", ""): null

2024-01-22 17:59:36 - [TEST_STEP][PASSED] - strFreq = getText(findTestObject("Stockbit/Home_Freq")): Text of object 'Object Repository/Stockbit/Home_Freq' is: '41'

2024-01-22 17:59:36 - [MESSAGE][PASSED] - Text of object 'Object Repository/Stockbit/Home_Freq' is: '41'

2024-01-22 17:59:36 - [TEST_STEP][PASSED] - if (strFreq.contains(",")): null

2024-01-22 17:59:36 - [TEST_STEP][PASSED] - if (strFreq == "NA" || strFreq == ""): null

2024-01-22 17:59:36 - [TEST_STEP][PASSED] - else: null

2024-01-22 17:59:36 - [TEST_STEP][PASSED] - dblFreqAnal = strVol.toDouble() / strFreq.toDouble() * strFreq.toDouble() * strFreq.toDouble() * 100000000: null

2024-01-22 17:59:36 - [TEST_STEP][PASSED] - strFreqAnal = String.format("%.4f", dblFreqAnal): null

2024-01-22 17:59:36 - [TEST_STEP][PASSED] - out.println("Double strFreqAnal: " + strFreqAnal): null

2024-01-22 17:59:36 - [TEST_STEP][PASSED] - strTanggal = d.format(DateTimeFormatter.ofPattern("yyyy-MM-dd")): null

2024-01-22 17:59:36 - [TEST_STEP][PASSED] - strTanggal = "#" + strTanggal + "#": null

2024-01-22 17:59:36 - [TEST_STEP][PASSED] - strSQL = "select count(*) as JumBaris from TblBrokSum where Nama = '" + strNama + "' and Tanggal = " + strTanggal + "": null

2024-01-22 17:59:36 - [TEST_STEP][PASSED] - resultSet = statement.executeQuery(strSQL): null

2024-01-22 17:59:36 - [TEST_STEP][PASSED] - resultSet.next(): null

2024-01-22 17:59:36 - [TEST_STEP][PASSED] - intJumBaris = resultSet.getInt("JumBaris"): null

2024-01-22 17:59:36 - [TEST_STEP][PASSED] - if (intJumBaris > 0): null

2024-01-22 17:59:36 - [TEST_STEP][PASSED] - else: null

2024-01-22 17:59:36 - [TEST_STEP][PASSED] - try: null

2024-01-22 17:59:36 - [TEST_STEP][PASSED] - out.println("Insert data"): null

2024-01-22 17:59:36 - [TEST_STEP][PASSED] - strSQL = "insert into TblBrokSum (nama, tanggal, top1, top2, top3, AllBrokAvg, AccDist, AvgRP, " + "Buyer1, BuyerVal1, BuyerAvg1, Seller1, SellerVal1, SellerAvg1, Buyer2, BuyerVal2, BuyerAvg2, " + "Seller2, SellerVal2, SellerAvg2, Buyer3, BuyerVal3, BuyerAvg3, Seller3, SellerVal3, SellerAvg3, NetVol, NetVal, " + "OpenPrice, LowPrice, HighPrice, ClosePrice, Volume, Change, Frekuensi, FrekAnal) " + "values ('" + strNama + "', " + strTanggal + ", '" + strTop1 + "', '" + strTop3 + "', '" + strTop5 + "', " + "'" + strAllBrokAvg + "', '" + strAccDist + "', " + intAvgRP + ", '" + strBuyer1 + "', '" + strBuyerVol1 + "', " + strBuyerAvg1 + ", " + "'" + strSeller1 + "', '" + strSellerVol1 + "', " + strSellerAvg1 + ", '" + strBuyer2 + "', '" + strBuyerVol2 + "', " + strBuyerAvg2 + ", " + "'" + strSeller2 + "', '" + strSellerVol2 + "', " + strSellerAvg2 + ", '" + strBuyer3 + "', '" + strBuyerVol3 + "', " + strBuyerAvg3 + ", " + "'" + strSeller3 + "', '" + strSellerVol3 + "', " + strSellerAvg3 + ", " + strNetVol + ", '" + strNetVal + "', " + "" + strOpenPrice + ", " + strLowPrice + ", " + strHighPrice + ", " + strClosePrice + ", '" + strVol + "', " + strChange + ", " + strFreq + ", " + strFreqAnal + ");": null

2024-01-22 17:59:36 - [TEST_STEP][PASSED] - out.println("strSQL = " + strSQL): null

2024-01-22 17:59:36 - [TEST_STEP][PASSED] - statement.executeUpdate(strSQL): null

2024-01-22 17:59:36 - [TEST_STEP][PASSED] - setValueToCellByIndex(sheet01, rowIndex, 4, "DONE"): null

2024-01-22 17:59:36 - [TEST_STEP][PASSED] - saveWorkbook(excelFilePath, workbook01): null

2024-01-22 17:59:36 - [TEST_STEP][PASSED] - waitForElementClickable(findTestObject("Stockbit/menu_Bandarmology"), 10): Object 'Object Repository/Stockbit/menu_Bandarmology' is clickable

2024-01-22 17:59:36 - [MESSAGE][PASSED] - Object 'Object Repository/Stockbit/menu_Bandarmology' is clickable

2024-01-22 17:59:36 - [TEST_STEP][PASSED] - click(findTestObject("Stockbit/menu_Bandarmology")): Object: 'Object Repository/Stockbit/menu_Bandarmology' is clicked on

2024-01-22 17:59:37 - [MESSAGE][PASSED] - Object: 'Object Repository/Stockbit/menu_Bandarmology' is clicked on

2024-01-22 17:59:37 - [TEST_STEP][PASSED] - strTemp = "NA": null

2024-01-22 17:59:37 - [TEST_STEP][PASSED] - if (getCellValueByIndex(sheet01, rowIndex, 4) != "DONE"): Object: 'Object Repository/Stockbit/menu_Bandarmology' is clicked on

2024-01-22 17:59:37 - [TEST_STEP][PASSED] - strNama = getCellValueByIndex(sheet01, rowIndex, 0): null

2024-01-22 17:59:37 - [TEST_STEP][PASSED] - navigateToUrl("https://stockbit.com/#/symbol/" + strNama): Navigate to 'https://stockbit.com/#/symbol/WMPP' successfully

2024-01-22 17:59:39 - [MESSAGE][PASSED] - Navigate to 'https://stockbit.com/#/symbol/WMPP' successfully

2024-01-22 17:59:39 - [TEST_STEP][PASSED] - waitForElementClickable(findTestObject("Stockbit/menu_Bandarmology"), 10): Object 'Object Repository/Stockbit/menu_Bandarmology' is clickable

2024-01-22 17:59:39 - [MESSAGE][PASSED] - Object 'Object Repository/Stockbit/menu_Bandarmology' is clickable

2024-01-22 17:59:39 - [TEST_STEP][PASSED] - click(findTestObject("Stockbit/menu_Bandarmology")): Object: 'Object Repository/Stockbit/menu_Bandarmology' is clicked on

2024-01-22 17:59:40 - [MESSAGE][PASSED] - Object: 'Object Repository/Stockbit/menu_Bandarmology' is clicked on

2024-01-22 17:59:40 - [TEST_STEP][PASSED] - strTanggal = d.format(DateTimeFormatter.ofPattern("MMM dd, yyyy")): null

2024-01-22 17:59:40 - [TEST_STEP][PASSED] - strTanggal = d.format(ISO_DATE): null

2024-01-22 17:59:40 - [TEST_STEP][PASSED] - out.println("strTanggal = " + strTanggal): null

2024-01-22 17:59:40 - [TEST_STEP][PASSED] - out.println("strNama = " + strNama): null

2024-01-22 17:59:40 - [TEST_STEP][PASSED] - out.println("Baris ke = " + rowIndex): null

2024-01-22 17:59:40 - [TEST_STEP][PASSED] - click(findTestObject("Stockbit/input__BandarmologyOpenStartDate")): Object: 'Object Repository/Stockbit/input__BandarmologyOpenStartDate' is clicked on

2024-01-22 17:59:41 - [MESSAGE][PASSED] - Object: 'Object Repository/Stockbit/input__BandarmologyOpenStartDate' is clicked on

2024-01-22 17:59:41 - [TEST_STEP][PASSED] - sendKeys(findTestObject("Stockbit/input__BandarmologyOpenStartDate"), Keys.chord(CONTROL, "a")): Keys 'CONTROL + a' sent to object: 'Object Repository/Stockbit/input__BandarmologyOpenStartDate'

2024-01-22 17:59:41 - [MESSAGE][PASSED] - Keys 'CONTROL + a' sent to object: 'Object Repository/Stockbit/input__BandarmologyOpenStartDate'

2024-01-22 17:59:41 - [TEST_STEP][PASSED] - sendKeys(findTestObject("Stockbit/input__BandarmologyOpenStartDate"), Keys.chord(BACK_SPACE)): Keys 'BACK_SPACE + ' sent to object: 'Object Repository/Stockbit/input__BandarmologyOpenStartDate'

2024-01-22 17:59:42 - [MESSAGE][PASSED] - Keys 'BACK_SPACE + ' sent to object: 'Object Repository/Stockbit/input__BandarmologyOpenStartDate'

2024-01-22 17:59:42 - [TEST_STEP][PASSED] - setText(findTestObject("Stockbit/input__BandarmologyOpenStartDate"), strTanggal): Text '2024-01-22' is set on object 'Object Repository/Stockbit/input__BandarmologyOpenStartDate'

2024-01-22 17:59:43 - [MESSAGE][PASSED] - Text '2024-01-22' is set on object 'Object Repository/Stockbit/input__BandarmologyOpenStartDate'

2024-01-22 17:59:43 - [TEST_STEP][PASSED] - sendKeys(findTestObject("Stockbit/input__BandarmologyOpenStartDate"), Keys.chord(ENTER)): Keys 'ENTER + ' sent to object: 'Object Repository/Stockbit/input__BandarmologyOpenStartDate'

2024-01-22 17:59:43 - [MESSAGE][PASSED] - Keys 'ENTER + ' sent to object: 'Object Repository/Stockbit/input__BandarmologyOpenStartDate'

2024-01-22 17:59:43 - [TEST_STEP][PASSED] - click(findTestObject("Stockbit/input__BandarmologyOpenEndDate")): Object: 'Object Repository/Stockbit/input__BandarmologyOpenEndDate' is clicked on

2024-01-22 17:59:43 - [MESSAGE][PASSED] - Object: 'Object Repository/Stockbit/input__BandarmologyOpenEndDate' is clicked on

2024-01-22 17:59:43 - [TEST_STEP][PASSED] - sendKeys(findTestObject("Stockbit/input__BandarmologyOpenEndDate"), Keys.chord(CONTROL, "a")): Keys 'CONTROL + a' sent to object: 'Object Repository/Stockbit/input__BandarmologyOpenEndDate'

2024-01-22 17:59:44 - [MESSAGE][PASSED] - Keys 'CONTROL + a' sent to object: 'Object Repository/Stockbit/input__BandarmologyOpenEndDate'

2024-01-22 17:59:44 - [TEST_STEP][PASSED] - sendKeys(findTestObject("Stockbit/input__BandarmologyOpenEndDate"), Keys.chord(BACK_SPACE)): Keys 'BACK_SPACE + ' sent to object: 'Object Repository/Stockbit/input__BandarmologyOpenEndDate'

2024-01-22 17:59:44 - [MESSAGE][PASSED] - Keys 'BACK_SPACE + ' sent to object: 'Object Repository/Stockbit/input__BandarmologyOpenEndDate'

2024-01-22 17:59:44 - [TEST_STEP][PASSED] - setText(findTestObject("Stockbit/input__BandarmologyOpenEndDate"), strTanggal): Text '2024-01-22' is set on object 'Object Repository/Stockbit/input__BandarmologyOpenEndDate'

2024-01-22 17:59:45 - [MESSAGE][PASSED] - Text '2024-01-22' is set on object 'Object Repository/Stockbit/input__BandarmologyOpenEndDate'

2024-01-22 17:59:45 - [TEST_STEP][PASSED] - sendKeys(findTestObject("Stockbit/input__BandarmologyOpenEndDate"), Keys.chord(ENTER)): Keys 'ENTER + ' sent to object: 'Object Repository/Stockbit/input__BandarmologyOpenEndDate'

2024-01-22 17:59:45 - [MESSAGE][PASSED] - Keys 'ENTER + ' sent to object: 'Object Repository/Stockbit/input__BandarmologyOpenEndDate'

2024-01-22 17:59:45 - [TEST_STEP][PASSED] - delay(2): Delayed 2 second(s)

2024-01-22 17:59:47 - [MESSAGE][PASSED] - Delayed 2 second(s)

2024-01-22 17:59:47 - [TEST_STEP][PASSED] - strTemp = getText(findTestObject("Stockbit/Bandarmology_AvgRP")): Text of object 'Object Repository/Stockbit/Bandarmology_AvgRP' is: '50'

2024-01-22 17:59:47 - [MESSAGE][PASSED] - Text of object 'Object Repository/Stockbit/Bandarmology_AvgRP' is: '50'

2024-01-22 17:59:47 - [TEST_STEP][PASSED] - out.println("Bandarmology_AvgRP = " + strTemp): null

2024-01-22 17:59:47 - [TEST_STEP][PASSED] - if (strTemp != "0"): null

2024-01-22 17:59:47 - [TEST_STEP][PASSED] - strTop1 = getText(findTestObject("Stockbit/Bandarmology_Top1")): Text of object 'Object Repository/Stockbit/Bandarmology_Top1' is: 'Big Dist'

2024-01-22 17:59:48 - [MESSAGE][PASSED] - Text of object 'Object Repository/Stockbit/Bandarmology_Top1' is: 'Big Dist'

2024-01-22 17:59:48 - [TEST_STEP][PASSED] - strTop3 = getText(findTestObject("Stockbit/Bandarmology_Top3")): Text of object 'Object Repository/Stockbit/Bandarmology_Top3' is: 'Neutral'

2024-01-22 17:59:48 - [MESSAGE][PASSED] - Text of object 'Object Repository/Stockbit/Bandarmology_Top3' is: 'Neutral'

2024-01-22 17:59:48 - [TEST_STEP][PASSED] - strTop5 = getText(findTestObject("Stockbit/Bandarmology_Top5")): Text of object 'Object Repository/Stockbit/Bandarmology_Top5' is: 'Neutral'

2024-01-22 17:59:48 - [MESSAGE][PASSED] - Text of object 'Object Repository/Stockbit/Bandarmology_Top5' is: 'Neutral'

2024-01-22 17:59:48 - [TEST_STEP][PASSED] - strAllBrokAvg = getText(findTestObject("Stockbit/Bandarmology_TopAVG")): Text of object 'Object Repository/Stockbit/Bandarmology_TopAVG' is: 'Neutral'

2024-01-22 17:59:48 - [MESSAGE][PASSED] - Text of object 'Object Repository/Stockbit/Bandarmology_TopAVG' is: 'Neutral'

2024-01-22 17:59:48 - [TEST_STEP][PASSED] - strTemp = getText(findTestObject("Stockbit/Bandarmology_AvgRP")): Text of object 'Object Repository/Stockbit/Bandarmology_AvgRP' is: '50'

2024-01-22 17:59:48 - [MESSAGE][PASSED] - Text of object 'Object Repository/Stockbit/Bandarmology_AvgRP' is: '50'

2024-01-22 17:59:48 - [TEST_STEP][PASSED] - if (strTemp.contains(",")): null

2024-01-22 17:59:48 - [TEST_STEP][PASSED] - intAvgRP = strTemp.toInteger(): null

2024-01-22 17:59:48 - [TEST_STEP][PASSED] - strBuyer1 = getText(findTestObject("Stockbit/Bandarmology_Buyer1")): Text of object 'Object Repository/Stockbit/Bandarmology_Buyer1' is: 'XC'

2024-01-22 17:59:48 - [MESSAGE][PASSED] - Text of object 'Object Repository/Stockbit/Bandarmology_Buyer1' is: 'XC'

2024-01-22 17:59:48 - [TEST_STEP][PASSED] - strBuyerVol1 = getText(findTestObject("Stockbit/Bandarmology_BuyerVol1")): Text of object 'Object Repository/Stockbit/Bandarmology_BuyerVol1' is: '45'

2024-01-22 17:59:48 - [MESSAGE][PASSED] - Text of object 'Object Repository/Stockbit/Bandarmology_BuyerVol1' is: '45'

2024-01-22 17:59:48 - [TEST_STEP][PASSED] - strBuyerAvg1 = getText(findTestObject("Stockbit/Bandarmology_BuyerAvg1")): Text of object 'Object Repository/Stockbit/Bandarmology_BuyerAvg1' is: '50'

2024-01-22 17:59:48 - [MESSAGE][PASSED] - Text of object 'Object Repository/Stockbit/Bandarmology_BuyerAvg1' is: '50'

2024-01-22 17:59:48 - [TEST_STEP][PASSED] - if (strBuyerAvg1.contains(",")): null

2024-01-22 17:59:48 - [TEST_STEP][PASSED] - if (strBuyerVol1.contains(" B")): null

2024-01-22 17:59:48 - [TEST_STEP][PASSED] - strSeller1 = getText(findTestObject("Stockbit/Bandarmology_Seller1")): Text of object 'Object Repository/Stockbit/Bandarmology_Seller1' is: 'RB'

2024-01-22 17:59:48 - [MESSAGE][PASSED] - Text of object 'Object Repository/Stockbit/Bandarmology_Seller1' is: 'RB'

2024-01-22 17:59:48 - [TEST_STEP][PASSED] - strSellerVol1 = getText(findTestObject("Stockbit/Bandarmology_SellerVol1")): Text of object 'Object Repository/Stockbit/Bandarmology_SellerVol1' is: '78'

2024-01-22 17:59:49 - [MESSAGE][PASSED] - Text of object 'Object Repository/Stockbit/Bandarmology_SellerVol1' is: '78'

2024-01-22 17:59:49 - [TEST_STEP][PASSED] - strSellerAvg1 = getText(findTestObject("Stockbit/Bandarmology_SellerAvg1")): Text of object 'Object Repository/Stockbit/Bandarmology_SellerAvg1' is: '50'

2024-01-22 17:59:49 - [MESSAGE][PASSED] - Text of object 'Object Repository/Stockbit/Bandarmology_SellerAvg1' is: '50'

2024-01-22 17:59:49 - [TEST_STEP][PASSED] - if (strSellerAvg1.contains(",")): null

2024-01-22 17:59:49 - [TEST_STEP][PASSED] - if (strSellerVol1.contains(" B")): null

2024-01-22 17:59:49 - [TEST_STEP][PASSED] - if (verifyElementNotPresent(findTestObject("Stockbit/Bandarmology_Buyer2"), 1, OPTIONAL)): Web element with id: 'Object Repository/Stockbit/Bandarmology_Buyer2' located by 'By.xpath: //*[contains(@id, 'rc-tabs-')]/div[2]/div/div/div/div/div/div[2]/table/tbody/tr[3]/td[1]/p' is present after '1' second(s) (Root cause: com.kms.katalon.core.exception.StepFailedException: Web element with id: 'Object Repository/Stockbit/Bandarmology_Buyer2' located by 'By.xpath: //*[contains(@id, 'rc-tabs-')]/div[2]/div/div/div/div/div/div[2]/table/tbody/tr[3]/td[1]/p' is present after '1' second(s)
	at com.kms.katalon.core.webui.keyword.internal.WebUIKeywordMain.stepFailed(WebUIKeywordMain.groovy:64)
	at com.kms.katalon.core.webui.keyword.internal.WebUIKeywordMain$stepFailed$0.call(Unknown Source)
	at com.kms.katalon.core.webui.keyword.builtin.VerifyElementNotPresentKeyword$_verifyElementNotPresent_closure1.doCall(VerifyElementNotPresentKeyword.groovy:106)
	at com.kms.katalon.core.webui.keyword.builtin.VerifyElementNotPresentKeyword$_verifyElementNotPresent_closure1.doCall(VerifyElementNotPresentKeyword.groovy)
	at com.kms.katalon.core.webui.keyword.internal.WebUIKeywordMain.runKeyword(WebUIKeywordMain.groovy:20)
	at com.kms.katalon.core.webui.keyword.internal.WebUIKeywordMain$runKeyword.call(Unknown Source)
	at com.kms.katalon.core.webui.keyword.builtin.VerifyElementNotPresentKeyword.verifyElementNotPresent(VerifyElementNotPresentKeyword.groovy:117)
	at com.kms.katalon.core.webui.keyword.builtin.VerifyElementNotPresentKeyword.execute(VerifyElementNotPresentKeyword.groovy:68)
	at com.kms.katalon.core.keyword.internal.KeywordExecutor.executeKeywordForPlatform(KeywordExecutor.groovy:74)
	at com.kms.katalon.core.webui.keyword.WebUiBuiltInKeywords.verifyElementNotPresent(WebUiBuiltInKeywords.groovy:1481)
	at com.kms.katalon.core.webui.keyword.WebUiBuiltInKeywords$verifyElementNotPresent$8.call(Unknown Source)
	at GetBrokSumPriceDaily.run(GetBrokSumPriceDaily:258)
	at com.kms.katalon.core.main.ScriptEngine.run(ScriptEngine.java:194)
	at com.kms.katalon.core.main.ScriptEngine.runScriptAsRawText(ScriptEngine.java:119)
	at com.kms.katalon.core.main.TestCaseExecutor.runScript(TestCaseExecutor.java:445)
	at com.kms.katalon.core.main.TestCaseExecutor.doExecute(TestCaseExecutor.java:436)
	at com.kms.katalon.core.main.TestCaseExecutor.processExecutionPhase(TestCaseExecutor.java:415)
	at com.kms.katalon.core.main.TestCaseExecutor.accessMainPhase(TestCaseExecutor.java:407)
	at com.kms.katalon.core.main.TestCaseExecutor.execute(TestCaseExecutor.java:284)
	at com.kms.katalon.core.common.CommonExecutor.accessTestCaseMainPhase(CommonExecutor.java:65)
	at com.kms.katalon.core.main.TestSuiteExecutor.accessTestSuiteMainPhase(TestSuiteExecutor.java:144)
	at com.kms.katalon.core.main.TestSuiteExecutor.execute(TestSuiteExecutor.java:106)
	at com.kms.katalon.core.main.TestCaseMain.startTestSuite(TestCaseMain.java:185)
	at com.kms.katalon.core.main.TestCaseMain$startTestSuite$0.call(Unknown Source)
	at TempTestSuite1705920083951.run(TempTestSuite1705920083951.groovy:36)
)

2024-01-22 17:59:50 - [MESSAGE][WARNING] - Web element with id: 'Object Repository/Stockbit/Bandarmology_Buyer2' located by 'By.xpath: //*[contains(@id, 'rc-tabs-')]/div[2]/div/div/div/div/div/div[2]/table/tbody/tr[3]/td[1]/p' is present after '1' second(s) (Root cause: com.kms.katalon.core.exception.StepFailedException: Web element with id: 'Object Repository/Stockbit/Bandarmology_Buyer2' located by 'By.xpath: //*[contains(@id, 'rc-tabs-')]/div[2]/div/div/div/div/div/div[2]/table/tbody/tr[3]/td[1]/p' is present after '1' second(s)
	at com.kms.katalon.core.webui.keyword.internal.WebUIKeywordMain.stepFailed(WebUIKeywordMain.groovy:64)
	at com.kms.katalon.core.webui.keyword.internal.WebUIKeywordMain$stepFailed$0.call(Unknown Source)
	at com.kms.katalon.core.webui.keyword.builtin.VerifyElementNotPresentKeyword$_verifyElementNotPresent_closure1.doCall(VerifyElementNotPresentKeyword.groovy:106)
	at com.kms.katalon.core.webui.keyword.builtin.VerifyElementNotPresentKeyword$_verifyElementNotPresent_closure1.doCall(VerifyElementNotPresentKeyword.groovy)
	at com.kms.katalon.core.webui.keyword.internal.WebUIKeywordMain.runKeyword(WebUIKeywordMain.groovy:20)
	at com.kms.katalon.core.webui.keyword.internal.WebUIKeywordMain$runKeyword.call(Unknown Source)
	at com.kms.katalon.core.webui.keyword.builtin.VerifyElementNotPresentKeyword.verifyElementNotPresent(VerifyElementNotPresentKeyword.groovy:117)
	at com.kms.katalon.core.webui.keyword.builtin.VerifyElementNotPresentKeyword.execute(VerifyElementNotPresentKeyword.groovy:68)
	at com.kms.katalon.core.keyword.internal.KeywordExecutor.executeKeywordForPlatform(KeywordExecutor.groovy:74)
	at com.kms.katalon.core.webui.keyword.WebUiBuiltInKeywords.verifyElementNotPresent(WebUiBuiltInKeywords.groovy:1481)
	at com.kms.katalon.core.webui.keyword.WebUiBuiltInKeywords$verifyElementNotPresent$8.call(Unknown Source)
	at GetBrokSumPriceDaily.run(GetBrokSumPriceDaily:258)
	at com.kms.katalon.core.main.ScriptEngine.run(ScriptEngine.java:194)
	at com.kms.katalon.core.main.ScriptEngine.runScriptAsRawText(ScriptEngine.java:119)
	at com.kms.katalon.core.main.TestCaseExecutor.runScript(TestCaseExecutor.java:445)
	at com.kms.katalon.core.main.TestCaseExecutor.doExecute(TestCaseExecutor.java:436)
	at com.kms.katalon.core.main.TestCaseExecutor.processExecutionPhase(TestCaseExecutor.java:415)
	at com.kms.katalon.core.main.TestCaseExecutor.accessMainPhase(TestCaseExecutor.java:407)
	at com.kms.katalon.core.main.TestCaseExecutor.execute(TestCaseExecutor.java:284)
	at com.kms.katalon.core.common.CommonExecutor.accessTestCaseMainPhase(CommonExecutor.java:65)
	at com.kms.katalon.core.main.TestSuiteExecutor.accessTestSuiteMainPhase(TestSuiteExecutor.java:144)
	at com.kms.katalon.core.main.TestSuiteExecutor.execute(TestSuiteExecutor.java:106)
	at com.kms.katalon.core.main.TestCaseMain.startTestSuite(TestCaseMain.java:185)
	at com.kms.katalon.core.main.TestCaseMain$startTestSuite$0.call(Unknown Source)
	at TempTestSuite1705920083951.run(TempTestSuite1705920083951.groovy:36)
)
[[ATTACHMENT|C:\\Users\\Fadli\\git\\KatalonDailyGetData2\\Reports\\20240122_174123\\TS1\\20240122_174123\\1705921190330.png]]

2024-01-22 17:59:50 - [TEST_STEP][PASSED] - else: null

2024-01-22 17:59:50 - [TEST_STEP][PASSED] - strBuyer2 = getText(findTestObject("Stockbit/Bandarmology_Buyer2")): Text of object 'Object Repository/Stockbit/Bandarmology_Buyer2' is: 'XL'

2024-01-22 17:59:50 - [MESSAGE][PASSED] - Text of object 'Object Repository/Stockbit/Bandarmology_Buyer2' is: 'XL'

2024-01-22 17:59:50 - [TEST_STEP][PASSED] - strBuyerVol2 = getText(findTestObject("Stockbit/Bandarmology_BuyerVol2")): Text of object 'Object Repository/Stockbit/Bandarmology_BuyerVol2' is: '33'

2024-01-22 17:59:50 - [MESSAGE][PASSED] - Text of object 'Object Repository/Stockbit/Bandarmology_BuyerVol2' is: '33'

2024-01-22 17:59:50 - [TEST_STEP][PASSED] - strBuyerAvg2 = getText(findTestObject("Stockbit/Bandarmology_BuyerAvg2")): Text of object 'Object Repository/Stockbit/Bandarmology_BuyerAvg2' is: '50'

2024-01-22 17:59:50 - [MESSAGE][PASSED] - Text of object 'Object Repository/Stockbit/Bandarmology_BuyerAvg2' is: '50'

2024-01-22 17:59:50 - [TEST_STEP][PASSED] - if (strBuyer2 != ""): null

2024-01-22 17:59:50 - [TEST_STEP][PASSED] - if (strBuyerAvg2.contains(",")): null

2024-01-22 17:59:50 - [TEST_STEP][PASSED] - if (strBuyerVol2.contains(" B")): null

2024-01-22 17:59:50 - [TEST_STEP][PASSED] - if (strBuyerVol2.contains(".")): null

2024-01-22 17:59:50 - [TEST_STEP][PASSED] - if (verifyElementNotPresent(findTestObject("Stockbit/Bandarmology_Seller2"), 1, OPTIONAL)): Web element with id: 'Object Repository/Stockbit/Bandarmology_Seller2' located by 'By.xpath: //*[contains(@id, 'rc-tabs-')]/div[2]/div/div/div/div/div/div[2]/table/tbody/tr[3]/td[5]/p' is present after '1' second(s) (Root cause: com.kms.katalon.core.exception.StepFailedException: Web element with id: 'Object Repository/Stockbit/Bandarmology_Seller2' located by 'By.xpath: //*[contains(@id, 'rc-tabs-')]/div[2]/div/div/div/div/div/div[2]/table/tbody/tr[3]/td[5]/p' is present after '1' second(s)
	at com.kms.katalon.core.webui.keyword.internal.WebUIKeywordMain.stepFailed(WebUIKeywordMain.groovy:64)
	at com.kms.katalon.core.webui.keyword.internal.WebUIKeywordMain$stepFailed$0.call(Unknown Source)
	at com.kms.katalon.core.webui.keyword.builtin.VerifyElementNotPresentKeyword$_verifyElementNotPresent_closure1.doCall(VerifyElementNotPresentKeyword.groovy:106)
	at com.kms.katalon.core.webui.keyword.builtin.VerifyElementNotPresentKeyword$_verifyElementNotPresent_closure1.doCall(VerifyElementNotPresentKeyword.groovy)
	at com.kms.katalon.core.webui.keyword.internal.WebUIKeywordMain.runKeyword(WebUIKeywordMain.groovy:20)
	at com.kms.katalon.core.webui.keyword.internal.WebUIKeywordMain$runKeyword.call(Unknown Source)
	at com.kms.katalon.core.webui.keyword.builtin.VerifyElementNotPresentKeyword.verifyElementNotPresent(VerifyElementNotPresentKeyword.groovy:117)
	at com.kms.katalon.core.webui.keyword.builtin.VerifyElementNotPresentKeyword.execute(VerifyElementNotPresentKeyword.groovy:68)
	at com.kms.katalon.core.keyword.internal.KeywordExecutor.executeKeywordForPlatform(KeywordExecutor.groovy:74)
	at com.kms.katalon.core.webui.keyword.WebUiBuiltInKeywords.verifyElementNotPresent(WebUiBuiltInKeywords.groovy:1481)
	at com.kms.katalon.core.webui.keyword.WebUiBuiltInKeywords$verifyElementNotPresent$8.call(Unknown Source)
	at GetBrokSumPriceDaily.run(GetBrokSumPriceDaily:309)
	at com.kms.katalon.core.main.ScriptEngine.run(ScriptEngine.java:194)
	at com.kms.katalon.core.main.ScriptEngine.runScriptAsRawText(ScriptEngine.java:119)
	at com.kms.katalon.core.main.TestCaseExecutor.runScript(TestCaseExecutor.java:445)
	at com.kms.katalon.core.main.TestCaseExecutor.doExecute(TestCaseExecutor.java:436)
	at com.kms.katalon.core.main.TestCaseExecutor.processExecutionPhase(TestCaseExecutor.java:415)
	at com.kms.katalon.core.main.TestCaseExecutor.accessMainPhase(TestCaseExecutor.java:407)
	at com.kms.katalon.core.main.TestCaseExecutor.execute(TestCaseExecutor.java:284)
	at com.kms.katalon.core.common.CommonExecutor.accessTestCaseMainPhase(CommonExecutor.java:65)
	at com.kms.katalon.core.main.TestSuiteExecutor.accessTestSuiteMainPhase(TestSuiteExecutor.java:144)
	at com.kms.katalon.core.main.TestSuiteExecutor.execute(TestSuiteExecutor.java:106)
	at com.kms.katalon.core.main.TestCaseMain.startTestSuite(TestCaseMain.java:185)
	at com.kms.katalon.core.main.TestCaseMain$startTestSuite$0.call(Unknown Source)
	at TempTestSuite1705920083951.run(TempTestSuite1705920083951.groovy:36)
)

2024-01-22 17:59:52 - [MESSAGE][WARNING] - Web element with id: 'Object Repository/Stockbit/Bandarmology_Seller2' located by 'By.xpath: //*[contains(@id, 'rc-tabs-')]/div[2]/div/div/div/div/div/div[2]/table/tbody/tr[3]/td[5]/p' is present after '1' second(s) (Root cause: com.kms.katalon.core.exception.StepFailedException: Web element with id: 'Object Repository/Stockbit/Bandarmology_Seller2' located by 'By.xpath: //*[contains(@id, 'rc-tabs-')]/div[2]/div/div/div/div/div/div[2]/table/tbody/tr[3]/td[5]/p' is present after '1' second(s)
	at com.kms.katalon.core.webui.keyword.internal.WebUIKeywordMain.stepFailed(WebUIKeywordMain.groovy:64)
	at com.kms.katalon.core.webui.keyword.internal.WebUIKeywordMain$stepFailed$0.call(Unknown Source)
	at com.kms.katalon.core.webui.keyword.builtin.VerifyElementNotPresentKeyword$_verifyElementNotPresent_closure1.doCall(VerifyElementNotPresentKeyword.groovy:106)
	at com.kms.katalon.core.webui.keyword.builtin.VerifyElementNotPresentKeyword$_verifyElementNotPresent_closure1.doCall(VerifyElementNotPresentKeyword.groovy)
	at com.kms.katalon.core.webui.keyword.internal.WebUIKeywordMain.runKeyword(WebUIKeywordMain.groovy:20)
	at com.kms.katalon.core.webui.keyword.internal.WebUIKeywordMain$runKeyword.call(Unknown Source)
	at com.kms.katalon.core.webui.keyword.builtin.VerifyElementNotPresentKeyword.verifyElementNotPresent(VerifyElementNotPresentKeyword.groovy:117)
	at com.kms.katalon.core.webui.keyword.builtin.VerifyElementNotPresentKeyword.execute(VerifyElementNotPresentKeyword.groovy:68)
	at com.kms.katalon.core.keyword.internal.KeywordExecutor.executeKeywordForPlatform(KeywordExecutor.groovy:74)
	at com.kms.katalon.core.webui.keyword.WebUiBuiltInKeywords.verifyElementNotPresent(WebUiBuiltInKeywords.groovy:1481)
	at com.kms.katalon.core.webui.keyword.WebUiBuiltInKeywords$verifyElementNotPresent$8.call(Unknown Source)
	at GetBrokSumPriceDaily.run(GetBrokSumPriceDaily:309)
	at com.kms.katalon.core.main.ScriptEngine.run(ScriptEngine.java:194)
	at com.kms.katalon.core.main.ScriptEngine.runScriptAsRawText(ScriptEngine.java:119)
	at com.kms.katalon.core.main.TestCaseExecutor.runScript(TestCaseExecutor.java:445)
	at com.kms.katalon.core.main.TestCaseExecutor.doExecute(TestCaseExecutor.java:436)
	at com.kms.katalon.core.main.TestCaseExecutor.processExecutionPhase(TestCaseExecutor.java:415)
	at com.kms.katalon.core.main.TestCaseExecutor.accessMainPhase(TestCaseExecutor.java:407)
	at com.kms.katalon.core.main.TestCaseExecutor.execute(TestCaseExecutor.java:284)
	at com.kms.katalon.core.common.CommonExecutor.accessTestCaseMainPhase(CommonExecutor.java:65)
	at com.kms.katalon.core.main.TestSuiteExecutor.accessTestSuiteMainPhase(TestSuiteExecutor.java:144)
	at com.kms.katalon.core.main.TestSuiteExecutor.execute(TestSuiteExecutor.java:106)
	at com.kms.katalon.core.main.TestCaseMain.startTestSuite(TestCaseMain.java:185)
	at com.kms.katalon.core.main.TestCaseMain$startTestSuite$0.call(Unknown Source)
	at TempTestSuite1705920083951.run(TempTestSuite1705920083951.groovy:36)
)
[[ATTACHMENT|C:\\Users\\Fadli\\git\\KatalonDailyGetData2\\Reports\\20240122_174123\\TS1\\20240122_174123\\1705921192031.png]]

2024-01-22 17:59:52 - [TEST_STEP][PASSED] - else: null

2024-01-22 17:59:52 - [TEST_STEP][PASSED] - strSeller2 = getText(findTestObject("Stockbit/Bandarmology_Seller2")): Text of object 'Object Repository/Stockbit/Bandarmology_Seller2' is: ''

2024-01-22 17:59:52 - [MESSAGE][PASSED] - Text of object 'Object Repository/Stockbit/Bandarmology_Seller2' is: ''

2024-01-22 17:59:52 - [TEST_STEP][PASSED] - strSellerVol2 = getText(findTestObject("Stockbit/Bandarmology_SellerVol2")): Text of object 'Object Repository/Stockbit/Bandarmology_SellerVol2' is: ''

2024-01-22 17:59:52 - [MESSAGE][PASSED] - Text of object 'Object Repository/Stockbit/Bandarmology_SellerVol2' is: ''

2024-01-22 17:59:52 - [TEST_STEP][PASSED] - strSellerAvg2 = getText(findTestObject("Stockbit/Bandarmology_SellerAvg2")): Text of object 'Object Repository/Stockbit/Bandarmology_SellerAvg2' is: ''

2024-01-22 17:59:52 - [MESSAGE][PASSED] - Text of object 'Object Repository/Stockbit/Bandarmology_SellerAvg2' is: ''

2024-01-22 17:59:52 - [TEST_STEP][PASSED] - if (strSeller2 != ""): null

2024-01-22 17:59:52 - [TEST_STEP][PASSED] - else: null

2024-01-22 17:59:52 - [TEST_STEP][PASSED] - strSeller2 = "-": null

2024-01-22 17:59:52 - [TEST_STEP][PASSED] - strSellerVol2 = "0": null

2024-01-22 17:59:52 - [TEST_STEP][PASSED] - strSellerAvg2 = "0": null

2024-01-22 17:59:52 - [TEST_STEP][PASSED] - if (verifyElementNotPresent(findTestObject("Stockbit/Bandarmology_Buyer3"), 1, OPTIONAL)): null

2024-01-22 17:59:52 - [MESSAGE][PASSED] - Web element with id: 'Object Repository/Stockbit/Bandarmology_Buyer3' located by 'By.xpath: //*[contains(@id, 'rc-tabs-')]/div[2]/div/div/div/div/div/div[2]/table/tbody/tr[4]/td[1]/p' is not present after '1' second(s)

2024-01-22 17:59:52 - [TEST_STEP][PASSED] - strBuyer3 = "-": null

2024-01-22 17:59:52 - [TEST_STEP][PASSED] - strBuyerVol3 = "0": null

2024-01-22 17:59:52 - [TEST_STEP][PASSED] - strBuyerAvg3 = "0": null

2024-01-22 17:59:52 - [TEST_STEP][PASSED] - if (verifyElementNotPresent(findTestObject("Stockbit/Bandarmology_Seller3"), 1, OPTIONAL)): null

2024-01-22 17:59:52 - [MESSAGE][PASSED] - Web element with id: 'Object Repository/Stockbit/Bandarmology_Seller3' located by 'By.xpath: //*[contains(@id, 'rc-tabs-')]/div[2]/div/div/div/div/div/div[2]/table/tbody/tr[4]/td[5]/p' is not present after '1' second(s)

2024-01-22 17:59:52 - [TEST_STEP][PASSED] - strSeller3 = "-": null

2024-01-22 17:59:52 - [TEST_STEP][PASSED] - strSellerVol3 = "0": null

2024-01-22 17:59:52 - [TEST_STEP][PASSED] - strSellerAvg3 = "0": null

2024-01-22 17:59:52 - [TEST_STEP][PASSED] - strAccDist = getText(findTestObject("Stockbit/Bandarmology_AccDist")): Text of object 'Object Repository/Stockbit/Bandarmology_AccDist' is: 'Dist'

2024-01-22 17:59:53 - [MESSAGE][PASSED] - Text of object 'Object Repository/Stockbit/Bandarmology_AccDist' is: 'Dist'

2024-01-22 17:59:53 - [TEST_STEP][PASSED] - strNetVol = getText(findTestObject("Stockbit/Bandarmology_NetVol")): Text of object 'Object Repository/Stockbit/Bandarmology_NetVol' is: '78'

2024-01-22 17:59:53 - [MESSAGE][PASSED] - Text of object 'Object Repository/Stockbit/Bandarmology_NetVol' is: '78'

2024-01-22 17:59:53 - [TEST_STEP][PASSED] - strNetVol = strNetVol.replace(",", ""): null

2024-01-22 17:59:53 - [TEST_STEP][PASSED] - strNetVal = getText(findTestObject("Stockbit/Bandarmology_NetVal")): Text of object 'Object Repository/Stockbit/Bandarmology_NetVal' is: '0 B'

2024-01-22 17:59:53 - [MESSAGE][PASSED] - Text of object 'Object Repository/Stockbit/Bandarmology_NetVal' is: '0 B'

2024-01-22 17:59:53 - [TEST_STEP][PASSED] - delay(3): Delayed 3 second(s)

2024-01-22 17:59:56 - [MESSAGE][PASSED] - Delayed 3 second(s)

2024-01-22 17:59:56 - [TEST_STEP][PASSED] - strOpenPrice = getText(findTestObject("Stockbit/Home_OpenPrice")): Text of object 'Object Repository/Stockbit/Home_OpenPrice' is: '50'

2024-01-22 17:59:56 - [MESSAGE][PASSED] - Text of object 'Object Repository/Stockbit/Home_OpenPrice' is: '50'

2024-01-22 17:59:56 - [TEST_STEP][PASSED] - strOpenPrice = strOpenPrice.replace(",", ""): null

2024-01-22 17:59:56 - [TEST_STEP][PASSED] - strLowPrice = getText(findTestObject("Stockbit/Home_LowPrice")): Text of object 'Object Repository/Stockbit/Home_LowPrice' is: '50'

2024-01-22 17:59:56 - [MESSAGE][PASSED] - Text of object 'Object Repository/Stockbit/Home_LowPrice' is: '50'

2024-01-22 17:59:56 - [TEST_STEP][PASSED] - strLowPrice = strLowPrice.replace(",", ""): null

2024-01-22 17:59:56 - [TEST_STEP][PASSED] - strHighPrice = getText(findTestObject("Stockbit/Home_HighPrice")): Text of object 'Object Repository/Stockbit/Home_HighPrice' is: '50'

2024-01-22 17:59:56 - [MESSAGE][PASSED] - Text of object 'Object Repository/Stockbit/Home_HighPrice' is: '50'

2024-01-22 17:59:56 - [TEST_STEP][PASSED] - strHighPrice = strHighPrice.replace(",", ""): null

2024-01-22 17:59:56 - [TEST_STEP][PASSED] - strClosePrice = getText(findTestObject("Stockbit/Home_ClosePrice")): Text of object 'Object Repository/Stockbit/Home_ClosePrice' is: '50'

2024-01-22 17:59:56 - [MESSAGE][PASSED] - Text of object 'Object Repository/Stockbit/Home_ClosePrice' is: '50'

2024-01-22 17:59:56 - [TEST_STEP][PASSED] - strClosePrice = strClosePrice.replace(",", ""): null

2024-01-22 17:59:56 - [TEST_STEP][PASSED] - strVol = getText(findTestObject("Stockbit/Home_Volume")): Text of object 'Object Repository/Stockbit/Home_Volume' is: '78'

2024-01-22 17:59:56 - [MESSAGE][PASSED] - Text of object 'Object Repository/Stockbit/Home_Volume' is: '78'

2024-01-22 17:59:56 - [TEST_STEP][PASSED] - if (strVol.contains(" K")): null

2024-01-22 17:59:56 - [TEST_STEP][PASSED] - if (strVol.contains(",")): null

2024-01-22 17:59:56 - [TEST_STEP][PASSED] - strChange = getText(findTestObject("Stockbit/Home_Change")): Text of object 'Object Repository/Stockbit/Home_Change' is: '0.00%'

2024-01-22 17:59:57 - [MESSAGE][PASSED] - Text of object 'Object Repository/Stockbit/Home_Change' is: '0.00%'

2024-01-22 17:59:57 - [TEST_STEP][PASSED] - strChange = strChange.replace("%", ""): null

2024-01-22 17:59:57 - [TEST_STEP][PASSED] - strFreq = getText(findTestObject("Stockbit/Home_Freq")): Text of object 'Object Repository/Stockbit/Home_Freq' is: '20'

2024-01-22 17:59:57 - [MESSAGE][PASSED] - Text of object 'Object Repository/Stockbit/Home_Freq' is: '20'

2024-01-22 17:59:57 - [TEST_STEP][PASSED] - if (strFreq.contains(",")): null

2024-01-22 17:59:57 - [TEST_STEP][PASSED] - if (strFreq == "NA" || strFreq == ""): null

2024-01-22 17:59:57 - [TEST_STEP][PASSED] - else: null

2024-01-22 17:59:57 - [TEST_STEP][PASSED] - dblFreqAnal = strVol.toDouble() / strFreq.toDouble() * strFreq.toDouble() * strFreq.toDouble() * 100000000: null

2024-01-22 17:59:57 - [TEST_STEP][PASSED] - strFreqAnal = String.format("%.4f", dblFreqAnal): null

2024-01-22 17:59:57 - [TEST_STEP][PASSED] - out.println("Double strFreqAnal: " + strFreqAnal): null

2024-01-22 17:59:57 - [TEST_STEP][PASSED] - strTanggal = d.format(DateTimeFormatter.ofPattern("yyyy-MM-dd")): null

2024-01-22 17:59:57 - [TEST_STEP][PASSED] - strTanggal = "#" + strTanggal + "#": null

2024-01-22 17:59:57 - [TEST_STEP][PASSED] - strSQL = "select count(*) as JumBaris from TblBrokSum where Nama = '" + strNama + "' and Tanggal = " + strTanggal + "": null

2024-01-22 17:59:57 - [TEST_STEP][PASSED] - resultSet = statement.executeQuery(strSQL): null

2024-01-22 17:59:57 - [TEST_STEP][PASSED] - resultSet.next(): null

2024-01-22 17:59:57 - [TEST_STEP][PASSED] - intJumBaris = resultSet.getInt("JumBaris"): null

2024-01-22 17:59:57 - [TEST_STEP][PASSED] - if (intJumBaris > 0): null

2024-01-22 17:59:57 - [TEST_STEP][PASSED] - else: null

2024-01-22 17:59:57 - [TEST_STEP][PASSED] - try: null

2024-01-22 17:59:57 - [TEST_STEP][PASSED] - out.println("Insert data"): null

2024-01-22 17:59:57 - [TEST_STEP][PASSED] - strSQL = "insert into TblBrokSum (nama, tanggal, top1, top2, top3, AllBrokAvg, AccDist, AvgRP, " + "Buyer1, BuyerVal1, BuyerAvg1, Seller1, SellerVal1, SellerAvg1, Buyer2, BuyerVal2, BuyerAvg2, " + "Seller2, SellerVal2, SellerAvg2, Buyer3, BuyerVal3, BuyerAvg3, Seller3, SellerVal3, SellerAvg3, NetVol, NetVal, " + "OpenPrice, LowPrice, HighPrice, ClosePrice, Volume, Change, Frekuensi, FrekAnal) " + "values ('" + strNama + "', " + strTanggal + ", '" + strTop1 + "', '" + strTop3 + "', '" + strTop5 + "', " + "'" + strAllBrokAvg + "', '" + strAccDist + "', " + intAvgRP + ", '" + strBuyer1 + "', '" + strBuyerVol1 + "', " + strBuyerAvg1 + ", " + "'" + strSeller1 + "', '" + strSellerVol1 + "', " + strSellerAvg1 + ", '" + strBuyer2 + "', '" + strBuyerVol2 + "', " + strBuyerAvg2 + ", " + "'" + strSeller2 + "', '" + strSellerVol2 + "', " + strSellerAvg2 + ", '" + strBuyer3 + "', '" + strBuyerVol3 + "', " + strBuyerAvg3 + ", " + "'" + strSeller3 + "', '" + strSellerVol3 + "', " + strSellerAvg3 + ", " + strNetVol + ", '" + strNetVal + "', " + "" + strOpenPrice + ", " + strLowPrice + ", " + strHighPrice + ", " + strClosePrice + ", '" + strVol + "', " + strChange + ", " + strFreq + ", " + strFreqAnal + ");": null

2024-01-22 17:59:57 - [TEST_STEP][PASSED] - out.println("strSQL = " + strSQL): null

2024-01-22 17:59:57 - [TEST_STEP][PASSED] - statement.executeUpdate(strSQL): null

2024-01-22 17:59:57 - [TEST_STEP][PASSED] - setValueToCellByIndex(sheet01, rowIndex, 4, "DONE"): null

2024-01-22 17:59:57 - [TEST_STEP][PASSED] - saveWorkbook(excelFilePath, workbook01): null

2024-01-22 17:59:57 - [TEST_STEP][PASSED] - waitForElementClickable(findTestObject("Stockbit/menu_Bandarmology"), 10): Object 'Object Repository/Stockbit/menu_Bandarmology' is clickable

2024-01-22 17:59:57 - [MESSAGE][PASSED] - Object 'Object Repository/Stockbit/menu_Bandarmology' is clickable

2024-01-22 17:59:57 - [TEST_STEP][PASSED] - click(findTestObject("Stockbit/menu_Bandarmology")): Object: 'Object Repository/Stockbit/menu_Bandarmology' is clicked on

2024-01-22 17:59:57 - [MESSAGE][PASSED] - Object: 'Object Repository/Stockbit/menu_Bandarmology' is clicked on

2024-01-22 17:59:57 - [TEST_STEP][PASSED] - strTemp = "NA": null

2024-01-22 17:59:57 - [TEST_STEP][PASSED] - if (getCellValueByIndex(sheet01, rowIndex, 4) != "DONE"): Object: 'Object Repository/Stockbit/menu_Bandarmology' is clicked on

2024-01-22 17:59:57 - [TEST_STEP][PASSED] - strNama = getCellValueByIndex(sheet01, rowIndex, 0): null

2024-01-22 17:59:57 - [TEST_STEP][PASSED] - navigateToUrl("https://stockbit.com/#/symbol/" + strNama): Navigate to 'https://stockbit.com/#/symbol/JAST' successfully

2024-01-22 17:59:59 - [MESSAGE][PASSED] - Navigate to 'https://stockbit.com/#/symbol/JAST' successfully

2024-01-22 17:59:59 - [TEST_STEP][PASSED] - waitForElementClickable(findTestObject("Stockbit/menu_Bandarmology"), 10): Object 'Object Repository/Stockbit/menu_Bandarmology' is clickable

2024-01-22 17:59:59 - [MESSAGE][PASSED] - Object 'Object Repository/Stockbit/menu_Bandarmology' is clickable

2024-01-22 17:59:59 - [TEST_STEP][PASSED] - click(findTestObject("Stockbit/menu_Bandarmology")): Object: 'Object Repository/Stockbit/menu_Bandarmology' is clicked on

2024-01-22 18:00:00 - [MESSAGE][PASSED] - Object: 'Object Repository/Stockbit/menu_Bandarmology' is clicked on

2024-01-22 18:00:00 - [TEST_STEP][PASSED] - strTanggal = d.format(DateTimeFormatter.ofPattern("MMM dd, yyyy")): null

2024-01-22 18:00:00 - [TEST_STEP][PASSED] - strTanggal = d.format(ISO_DATE): null

2024-01-22 18:00:00 - [TEST_STEP][PASSED] - out.println("strTanggal = " + strTanggal): null

2024-01-22 18:00:00 - [TEST_STEP][PASSED] - out.println("strNama = " + strNama): null

2024-01-22 18:00:00 - [TEST_STEP][PASSED] - out.println("Baris ke = " + rowIndex): null

2024-01-22 18:00:00 - [TEST_STEP][PASSED] - click(findTestObject("Stockbit/input__BandarmologyOpenStartDate")): Object: 'Object Repository/Stockbit/input__BandarmologyOpenStartDate' is clicked on

2024-01-22 18:00:01 - [MESSAGE][PASSED] - Object: 'Object Repository/Stockbit/input__BandarmologyOpenStartDate' is clicked on

2024-01-22 18:00:01 - [TEST_STEP][PASSED] - sendKeys(findTestObject("Stockbit/input__BandarmologyOpenStartDate"), Keys.chord(CONTROL, "a")): Keys 'CONTROL + a' sent to object: 'Object Repository/Stockbit/input__BandarmologyOpenStartDate'

2024-01-22 18:00:02 - [MESSAGE][PASSED] - Keys 'CONTROL + a' sent to object: 'Object Repository/Stockbit/input__BandarmologyOpenStartDate'

2024-01-22 18:00:02 - [TEST_STEP][PASSED] - sendKeys(findTestObject("Stockbit/input__BandarmologyOpenStartDate"), Keys.chord(BACK_SPACE)): Keys 'BACK_SPACE + ' sent to object: 'Object Repository/Stockbit/input__BandarmologyOpenStartDate'

2024-01-22 18:00:02 - [MESSAGE][PASSED] - Keys 'BACK_SPACE + ' sent to object: 'Object Repository/Stockbit/input__BandarmologyOpenStartDate'

2024-01-22 18:00:02 - [TEST_STEP][PASSED] - setText(findTestObject("Stockbit/input__BandarmologyOpenStartDate"), strTanggal): Text '2024-01-22' is set on object 'Object Repository/Stockbit/input__BandarmologyOpenStartDate'

2024-01-22 18:00:03 - [MESSAGE][PASSED] - Text '2024-01-22' is set on object 'Object Repository/Stockbit/input__BandarmologyOpenStartDate'

2024-01-22 18:00:03 - [TEST_STEP][PASSED] - sendKeys(findTestObject("Stockbit/input__BandarmologyOpenStartDate"), Keys.chord(ENTER)): Keys 'ENTER + ' sent to object: 'Object Repository/Stockbit/input__BandarmologyOpenStartDate'

2024-01-22 18:00:03 - [MESSAGE][PASSED] - Keys 'ENTER + ' sent to object: 'Object Repository/Stockbit/input__BandarmologyOpenStartDate'

2024-01-22 18:00:03 - [TEST_STEP][PASSED] - click(findTestObject("Stockbit/input__BandarmologyOpenEndDate")): Object: 'Object Repository/Stockbit/input__BandarmologyOpenEndDate' is clicked on

2024-01-22 18:00:04 - [MESSAGE][PASSED] - Object: 'Object Repository/Stockbit/input__BandarmologyOpenEndDate' is clicked on

2024-01-22 18:00:04 - [TEST_STEP][PASSED] - sendKeys(findTestObject("Stockbit/input__BandarmologyOpenEndDate"), Keys.chord(CONTROL, "a")): Keys 'CONTROL + a' sent to object: 'Object Repository/Stockbit/input__BandarmologyOpenEndDate'

2024-01-22 18:00:04 - [MESSAGE][PASSED] - Keys 'CONTROL + a' sent to object: 'Object Repository/Stockbit/input__BandarmologyOpenEndDate'

2024-01-22 18:00:04 - [TEST_STEP][PASSED] - sendKeys(findTestObject("Stockbit/input__BandarmologyOpenEndDate"), Keys.chord(BACK_SPACE)): Keys 'BACK_SPACE + ' sent to object: 'Object Repository/Stockbit/input__BandarmologyOpenEndDate'

2024-01-22 18:00:05 - [MESSAGE][PASSED] - Keys 'BACK_SPACE + ' sent to object: 'Object Repository/Stockbit/input__BandarmologyOpenEndDate'

2024-01-22 18:00:05 - [TEST_STEP][PASSED] - setText(findTestObject("Stockbit/input__BandarmologyOpenEndDate"), strTanggal): Text '2024-01-22' is set on object 'Object Repository/Stockbit/input__BandarmologyOpenEndDate'

2024-01-22 18:00:05 - [MESSAGE][PASSED] - Text '2024-01-22' is set on object 'Object Repository/Stockbit/input__BandarmologyOpenEndDate'

2024-01-22 18:00:05 - [TEST_STEP][PASSED] - sendKeys(findTestObject("Stockbit/input__BandarmologyOpenEndDate"), Keys.chord(ENTER)): Keys 'ENTER + ' sent to object: 'Object Repository/Stockbit/input__BandarmologyOpenEndDate'

2024-01-22 18:00:06 - [MESSAGE][PASSED] - Keys 'ENTER + ' sent to object: 'Object Repository/Stockbit/input__BandarmologyOpenEndDate'

2024-01-22 18:00:06 - [TEST_STEP][PASSED] - delay(2): Delayed 2 second(s)

2024-01-22 18:00:08 - [MESSAGE][PASSED] - Delayed 2 second(s)

2024-01-22 18:00:08 - [TEST_STEP][PASSED] - strTemp = getText(findTestObject("Stockbit/Bandarmology_AvgRP")): Text of object 'Object Repository/Stockbit/Bandarmology_AvgRP' is: '50'

2024-01-22 18:00:08 - [MESSAGE][PASSED] - Text of object 'Object Repository/Stockbit/Bandarmology_AvgRP' is: '50'

2024-01-22 18:00:08 - [TEST_STEP][PASSED] - out.println("Bandarmology_AvgRP = " + strTemp): null

2024-01-22 18:00:08 - [TEST_STEP][PASSED] - if (strTemp != "0"): null

2024-01-22 18:00:08 - [TEST_STEP][PASSED] - strTop1 = getText(findTestObject("Stockbit/Bandarmology_Top1")): Text of object 'Object Repository/Stockbit/Bandarmology_Top1' is: 'Big Dist'

2024-01-22 18:00:08 - [MESSAGE][PASSED] - Text of object 'Object Repository/Stockbit/Bandarmology_Top1' is: 'Big Dist'

2024-01-22 18:00:08 - [TEST_STEP][PASSED] - strTop3 = getText(findTestObject("Stockbit/Bandarmology_Top3")): Text of object 'Object Repository/Stockbit/Bandarmology_Top3' is: 'Small Acc'

2024-01-22 18:00:08 - [MESSAGE][PASSED] - Text of object 'Object Repository/Stockbit/Bandarmology_Top3' is: 'Small Acc'

2024-01-22 18:00:08 - [TEST_STEP][PASSED] - strTop5 = getText(findTestObject("Stockbit/Bandarmology_Top5")): Text of object 'Object Repository/Stockbit/Bandarmology_Top5' is: 'Neutral'

2024-01-22 18:00:08 - [MESSAGE][PASSED] - Text of object 'Object Repository/Stockbit/Bandarmology_Top5' is: 'Neutral'

2024-01-22 18:00:08 - [TEST_STEP][PASSED] - strAllBrokAvg = getText(findTestObject("Stockbit/Bandarmology_TopAVG")): Text of object 'Object Repository/Stockbit/Bandarmology_TopAVG' is: 'Neutral'

2024-01-22 18:00:08 - [MESSAGE][PASSED] - Text of object 'Object Repository/Stockbit/Bandarmology_TopAVG' is: 'Neutral'

2024-01-22 18:00:08 - [TEST_STEP][PASSED] - strTemp = getText(findTestObject("Stockbit/Bandarmology_AvgRP")): Text of object 'Object Repository/Stockbit/Bandarmology_AvgRP' is: '50'

2024-01-22 18:00:08 - [MESSAGE][PASSED] - Text of object 'Object Repository/Stockbit/Bandarmology_AvgRP' is: '50'

2024-01-22 18:00:08 - [TEST_STEP][PASSED] - if (strTemp.contains(",")): null

2024-01-22 18:00:08 - [TEST_STEP][PASSED] - intAvgRP = strTemp.toInteger(): null

2024-01-22 18:00:08 - [TEST_STEP][PASSED] - strBuyer1 = getText(findTestObject("Stockbit/Bandarmology_Buyer1")): Text of object 'Object Repository/Stockbit/Bandarmology_Buyer1' is: 'CP'

2024-01-22 18:00:09 - [MESSAGE][PASSED] - Text of object 'Object Repository/Stockbit/Bandarmology_Buyer1' is: 'CP'

2024-01-22 18:00:09 - [TEST_STEP][PASSED] - strBuyerVol1 = getText(findTestObject("Stockbit/Bandarmology_BuyerVol1")): Text of object 'Object Repository/Stockbit/Bandarmology_BuyerVol1' is: '3 K'

2024-01-22 18:00:09 - [MESSAGE][PASSED] - Text of object 'Object Repository/Stockbit/Bandarmology_BuyerVol1' is: '3 K'

2024-01-22 18:00:09 - [TEST_STEP][PASSED] - strBuyerAvg1 = getText(findTestObject("Stockbit/Bandarmology_BuyerAvg1")): Text of object 'Object Repository/Stockbit/Bandarmology_BuyerAvg1' is: '50'

2024-01-22 18:00:09 - [MESSAGE][PASSED] - Text of object 'Object Repository/Stockbit/Bandarmology_BuyerAvg1' is: '50'

2024-01-22 18:00:09 - [TEST_STEP][PASSED] - if (strBuyerAvg1.contains(",")): null

2024-01-22 18:00:09 - [TEST_STEP][PASSED] - if (strBuyerVol1.contains(" B")): null

2024-01-22 18:00:09 - [TEST_STEP][PASSED] - else if (strBuyerVol1.contains(" M")): null

2024-01-22 18:00:09 - [TEST_STEP][PASSED] - else if (strBuyerVol1.contains(" K")): null

2024-01-22 18:00:09 - [TEST_STEP][PASSED] - strBuyerVol1 = strBuyerVol1.replace(" K", ""): null

2024-01-22 18:00:09 - [TEST_STEP][PASSED] - strBuyerVol1 = strBuyerVol1.toDouble() * 1000: null

2024-01-22 18:00:09 - [TEST_STEP][PASSED] - strSeller1 = getText(findTestObject("Stockbit/Bandarmology_Seller1")): Text of object 'Object Repository/Stockbit/Bandarmology_Seller1' is: 'XL'

2024-01-22 18:00:09 - [MESSAGE][PASSED] - Text of object 'Object Repository/Stockbit/Bandarmology_Seller1' is: 'XL'

2024-01-22 18:00:09 - [TEST_STEP][PASSED] - strSellerVol1 = getText(findTestObject("Stockbit/Bandarmology_SellerVol1")): Text of object 'Object Repository/Stockbit/Bandarmology_SellerVol1' is: '4.1 K'

2024-01-22 18:00:09 - [MESSAGE][PASSED] - Text of object 'Object Repository/Stockbit/Bandarmology_SellerVol1' is: '4.1 K'

2024-01-22 18:00:09 - [TEST_STEP][PASSED] - strSellerAvg1 = getText(findTestObject("Stockbit/Bandarmology_SellerAvg1")): Text of object 'Object Repository/Stockbit/Bandarmology_SellerAvg1' is: '50'

2024-01-22 18:00:09 - [MESSAGE][PASSED] - Text of object 'Object Repository/Stockbit/Bandarmology_SellerAvg1' is: '50'

2024-01-22 18:00:09 - [TEST_STEP][PASSED] - if (strSellerAvg1.contains(",")): null

2024-01-22 18:00:09 - [TEST_STEP][PASSED] - if (strSellerVol1.contains(" B")): null

2024-01-22 18:00:09 - [TEST_STEP][PASSED] - else if (strSellerVol1.contains(" M")): null

2024-01-22 18:00:09 - [TEST_STEP][PASSED] - else if (strSellerVol1.contains(" K")): null

2024-01-22 18:00:09 - [TEST_STEP][PASSED] - strSellerVol1 = strSellerVol1.replace(" K", ""): null

2024-01-22 18:00:09 - [TEST_STEP][PASSED] - strSellerVol1 = strSellerVol1.toDouble() * 1000: null

2024-01-22 18:00:09 - [TEST_STEP][PASSED] - if (verifyElementNotPresent(findTestObject("Stockbit/Bandarmology_Buyer2"), 1, OPTIONAL)): Web element with id: 'Object Repository/Stockbit/Bandarmology_Buyer2' located by 'By.xpath: //*[contains(@id, 'rc-tabs-')]/div[2]/div/div/div/div/div/div[2]/table/tbody/tr[3]/td[1]/p' is present after '1' second(s) (Root cause: com.kms.katalon.core.exception.StepFailedException: Web element with id: 'Object Repository/Stockbit/Bandarmology_Buyer2' located by 'By.xpath: //*[contains(@id, 'rc-tabs-')]/div[2]/div/div/div/div/div/div[2]/table/tbody/tr[3]/td[1]/p' is present after '1' second(s)
	at com.kms.katalon.core.webui.keyword.internal.WebUIKeywordMain.stepFailed(WebUIKeywordMain.groovy:64)
	at com.kms.katalon.core.webui.keyword.internal.WebUIKeywordMain$stepFailed$0.call(Unknown Source)
	at com.kms.katalon.core.webui.keyword.builtin.VerifyElementNotPresentKeyword$_verifyElementNotPresent_closure1.doCall(VerifyElementNotPresentKeyword.groovy:106)
	at com.kms.katalon.core.webui.keyword.builtin.VerifyElementNotPresentKeyword$_verifyElementNotPresent_closure1.doCall(VerifyElementNotPresentKeyword.groovy)
	at com.kms.katalon.core.webui.keyword.internal.WebUIKeywordMain.runKeyword(WebUIKeywordMain.groovy:20)
	at com.kms.katalon.core.webui.keyword.internal.WebUIKeywordMain$runKeyword.call(Unknown Source)
	at com.kms.katalon.core.webui.keyword.builtin.VerifyElementNotPresentKeyword.verifyElementNotPresent(VerifyElementNotPresentKeyword.groovy:117)
	at com.kms.katalon.core.webui.keyword.builtin.VerifyElementNotPresentKeyword.execute(VerifyElementNotPresentKeyword.groovy:68)
	at com.kms.katalon.core.keyword.internal.KeywordExecutor.executeKeywordForPlatform(KeywordExecutor.groovy:74)
	at com.kms.katalon.core.webui.keyword.WebUiBuiltInKeywords.verifyElementNotPresent(WebUiBuiltInKeywords.groovy:1481)
	at com.kms.katalon.core.webui.keyword.WebUiBuiltInKeywords$verifyElementNotPresent$8.call(Unknown Source)
	at GetBrokSumPriceDaily.run(GetBrokSumPriceDaily:258)
	at com.kms.katalon.core.main.ScriptEngine.run(ScriptEngine.java:194)
	at com.kms.katalon.core.main.ScriptEngine.runScriptAsRawText(ScriptEngine.java:119)
	at com.kms.katalon.core.main.TestCaseExecutor.runScript(TestCaseExecutor.java:445)
	at com.kms.katalon.core.main.TestCaseExecutor.doExecute(TestCaseExecutor.java:436)
	at com.kms.katalon.core.main.TestCaseExecutor.processExecutionPhase(TestCaseExecutor.java:415)
	at com.kms.katalon.core.main.TestCaseExecutor.accessMainPhase(TestCaseExecutor.java:407)
	at com.kms.katalon.core.main.TestCaseExecutor.execute(TestCaseExecutor.java:284)
	at com.kms.katalon.core.common.CommonExecutor.accessTestCaseMainPhase(CommonExecutor.java:65)
	at com.kms.katalon.core.main.TestSuiteExecutor.accessTestSuiteMainPhase(TestSuiteExecutor.java:144)
	at com.kms.katalon.core.main.TestSuiteExecutor.execute(TestSuiteExecutor.java:106)
	at com.kms.katalon.core.main.TestCaseMain.startTestSuite(TestCaseMain.java:185)
	at com.kms.katalon.core.main.TestCaseMain$startTestSuite$0.call(Unknown Source)
	at TempTestSuite1705920083951.run(TempTestSuite1705920083951.groovy:36)
)

2024-01-22 18:00:10 - [MESSAGE][WARNING] - Web element with id: 'Object Repository/Stockbit/Bandarmology_Buyer2' located by 'By.xpath: //*[contains(@id, 'rc-tabs-')]/div[2]/div/div/div/div/div/div[2]/table/tbody/tr[3]/td[1]/p' is present after '1' second(s) (Root cause: com.kms.katalon.core.exception.StepFailedException: Web element with id: 'Object Repository/Stockbit/Bandarmology_Buyer2' located by 'By.xpath: //*[contains(@id, 'rc-tabs-')]/div[2]/div/div/div/div/div/div[2]/table/tbody/tr[3]/td[1]/p' is present after '1' second(s)
	at com.kms.katalon.core.webui.keyword.internal.WebUIKeywordMain.stepFailed(WebUIKeywordMain.groovy:64)
	at com.kms.katalon.core.webui.keyword.internal.WebUIKeywordMain$stepFailed$0.call(Unknown Source)
	at com.kms.katalon.core.webui.keyword.builtin.VerifyElementNotPresentKeyword$_verifyElementNotPresent_closure1.doCall(VerifyElementNotPresentKeyword.groovy:106)
	at com.kms.katalon.core.webui.keyword.builtin.VerifyElementNotPresentKeyword$_verifyElementNotPresent_closure1.doCall(VerifyElementNotPresentKeyword.groovy)
	at com.kms.katalon.core.webui.keyword.internal.WebUIKeywordMain.runKeyword(WebUIKeywordMain.groovy:20)
	at com.kms.katalon.core.webui.keyword.internal.WebUIKeywordMain$runKeyword.call(Unknown Source)
	at com.kms.katalon.core.webui.keyword.builtin.VerifyElementNotPresentKeyword.verifyElementNotPresent(VerifyElementNotPresentKeyword.groovy:117)
	at com.kms.katalon.core.webui.keyword.builtin.VerifyElementNotPresentKeyword.execute(VerifyElementNotPresentKeyword.groovy:68)
	at com.kms.katalon.core.keyword.internal.KeywordExecutor.executeKeywordForPlatform(KeywordExecutor.groovy:74)
	at com.kms.katalon.core.webui.keyword.WebUiBuiltInKeywords.verifyElementNotPresent(WebUiBuiltInKeywords.groovy:1481)
	at com.kms.katalon.core.webui.keyword.WebUiBuiltInKeywords$verifyElementNotPresent$8.call(Unknown Source)
	at GetBrokSumPriceDaily.run(GetBrokSumPriceDaily:258)
	at com.kms.katalon.core.main.ScriptEngine.run(ScriptEngine.java:194)
	at com.kms.katalon.core.main.ScriptEngine.runScriptAsRawText(ScriptEngine.java:119)
	at com.kms.katalon.core.main.TestCaseExecutor.runScript(TestCaseExecutor.java:445)
	at com.kms.katalon.core.main.TestCaseExecutor.doExecute(TestCaseExecutor.java:436)
	at com.kms.katalon.core.main.TestCaseExecutor.processExecutionPhase(TestCaseExecutor.java:415)
	at com.kms.katalon.core.main.TestCaseExecutor.accessMainPhase(TestCaseExecutor.java:407)
	at com.kms.katalon.core.main.TestCaseExecutor.execute(TestCaseExecutor.java:284)
	at com.kms.katalon.core.common.CommonExecutor.accessTestCaseMainPhase(CommonExecutor.java:65)
	at com.kms.katalon.core.main.TestSuiteExecutor.accessTestSuiteMainPhase(TestSuiteExecutor.java:144)
	at com.kms.katalon.core.main.TestSuiteExecutor.execute(TestSuiteExecutor.java:106)
	at com.kms.katalon.core.main.TestCaseMain.startTestSuite(TestCaseMain.java:185)
	at com.kms.katalon.core.main.TestCaseMain$startTestSuite$0.call(Unknown Source)
	at TempTestSuite1705920083951.run(TempTestSuite1705920083951.groovy:36)
)
[[ATTACHMENT|C:\\Users\\Fadli\\git\\KatalonDailyGetData2\\Reports\\20240122_174123\\TS1\\20240122_174123\\1705921210819.png]]

2024-01-22 18:00:10 - [TEST_STEP][PASSED] - else: null

2024-01-22 18:00:10 - [TEST_STEP][PASSED] - strBuyer2 = getText(findTestObject("Stockbit/Bandarmology_Buyer2")): Text of object 'Object Repository/Stockbit/Bandarmology_Buyer2' is: 'AI'

2024-01-22 18:00:11 - [MESSAGE][PASSED] - Text of object 'Object Repository/Stockbit/Bandarmology_Buyer2' is: 'AI'

2024-01-22 18:00:11 - [TEST_STEP][PASSED] - strBuyerVol2 = getText(findTestObject("Stockbit/Bandarmology_BuyerVol2")): Text of object 'Object Repository/Stockbit/Bandarmology_BuyerVol2' is: '1.3 K'

2024-01-22 18:00:11 - [MESSAGE][PASSED] - Text of object 'Object Repository/Stockbit/Bandarmology_BuyerVol2' is: '1.3 K'

2024-01-22 18:00:11 - [TEST_STEP][PASSED] - strBuyerAvg2 = getText(findTestObject("Stockbit/Bandarmology_BuyerAvg2")): Text of object 'Object Repository/Stockbit/Bandarmology_BuyerAvg2' is: '50'

2024-01-22 18:00:11 - [MESSAGE][PASSED] - Text of object 'Object Repository/Stockbit/Bandarmology_BuyerAvg2' is: '50'

2024-01-22 18:00:11 - [TEST_STEP][PASSED] - if (strBuyer2 != ""): null

2024-01-22 18:00:11 - [TEST_STEP][PASSED] - if (strBuyerAvg2.contains(",")): null

2024-01-22 18:00:11 - [TEST_STEP][PASSED] - if (strBuyerVol2.contains(" B")): null

2024-01-22 18:00:11 - [TEST_STEP][PASSED] - else if (strBuyerVol2.contains(" M")): null

2024-01-22 18:00:11 - [TEST_STEP][PASSED] - else if (strBuyerVol2.contains(" K")): null

2024-01-22 18:00:11 - [TEST_STEP][PASSED] - strBuyerVol2 = strBuyerVol2.replace(" K", ""): null

2024-01-22 18:00:11 - [TEST_STEP][PASSED] - strBuyerVol2 = strBuyerVol2.toDouble() * 1000: null

2024-01-22 18:00:11 - [TEST_STEP][PASSED] - if (strBuyerVol2.contains(".")): null

2024-01-22 18:00:11 - [TEST_STEP][PASSED] - strBuyerVal2 = strBuyerVol2.replace(".", ""): null

2024-01-22 18:00:11 - [TEST_STEP][PASSED] - if (verifyElementNotPresent(findTestObject("Stockbit/Bandarmology_Seller2"), 1, OPTIONAL)): Web element with id: 'Object Repository/Stockbit/Bandarmology_Seller2' located by 'By.xpath: //*[contains(@id, 'rc-tabs-')]/div[2]/div/div/div/div/div/div[2]/table/tbody/tr[3]/td[5]/p' is present after '1' second(s) (Root cause: com.kms.katalon.core.exception.StepFailedException: Web element with id: 'Object Repository/Stockbit/Bandarmology_Seller2' located by 'By.xpath: //*[contains(@id, 'rc-tabs-')]/div[2]/div/div/div/div/div/div[2]/table/tbody/tr[3]/td[5]/p' is present after '1' second(s)
	at com.kms.katalon.core.webui.keyword.internal.WebUIKeywordMain.stepFailed(WebUIKeywordMain.groovy:64)
	at com.kms.katalon.core.webui.keyword.internal.WebUIKeywordMain$stepFailed$0.call(Unknown Source)
	at com.kms.katalon.core.webui.keyword.builtin.VerifyElementNotPresentKeyword$_verifyElementNotPresent_closure1.doCall(VerifyElementNotPresentKeyword.groovy:106)
	at com.kms.katalon.core.webui.keyword.builtin.VerifyElementNotPresentKeyword$_verifyElementNotPresent_closure1.doCall(VerifyElementNotPresentKeyword.groovy)
	at com.kms.katalon.core.webui.keyword.internal.WebUIKeywordMain.runKeyword(WebUIKeywordMain.groovy:20)
	at com.kms.katalon.core.webui.keyword.internal.WebUIKeywordMain$runKeyword.call(Unknown Source)
	at com.kms.katalon.core.webui.keyword.builtin.VerifyElementNotPresentKeyword.verifyElementNotPresent(VerifyElementNotPresentKeyword.groovy:117)
	at com.kms.katalon.core.webui.keyword.builtin.VerifyElementNotPresentKeyword.execute(VerifyElementNotPresentKeyword.groovy:68)
	at com.kms.katalon.core.keyword.internal.KeywordExecutor.executeKeywordForPlatform(KeywordExecutor.groovy:74)
	at com.kms.katalon.core.webui.keyword.WebUiBuiltInKeywords.verifyElementNotPresent(WebUiBuiltInKeywords.groovy:1481)
	at com.kms.katalon.core.webui.keyword.WebUiBuiltInKeywords$verifyElementNotPresent$8.call(Unknown Source)
	at GetBrokSumPriceDaily.run(GetBrokSumPriceDaily:309)
	at com.kms.katalon.core.main.ScriptEngine.run(ScriptEngine.java:194)
	at com.kms.katalon.core.main.ScriptEngine.runScriptAsRawText(ScriptEngine.java:119)
	at com.kms.katalon.core.main.TestCaseExecutor.runScript(TestCaseExecutor.java:445)
	at com.kms.katalon.core.main.TestCaseExecutor.doExecute(TestCaseExecutor.java:436)
	at com.kms.katalon.core.main.TestCaseExecutor.processExecutionPhase(TestCaseExecutor.java:415)
	at com.kms.katalon.core.main.TestCaseExecutor.accessMainPhase(TestCaseExecutor.java:407)
	at com.kms.katalon.core.main.TestCaseExecutor.execute(TestCaseExecutor.java:284)
	at com.kms.katalon.core.common.CommonExecutor.accessTestCaseMainPhase(CommonExecutor.java:65)
	at com.kms.katalon.core.main.TestSuiteExecutor.accessTestSuiteMainPhase(TestSuiteExecutor.java:144)
	at com.kms.katalon.core.main.TestSuiteExecutor.execute(TestSuiteExecutor.java:106)
	at com.kms.katalon.core.main.TestCaseMain.startTestSuite(TestCaseMain.java:185)
	at com.kms.katalon.core.main.TestCaseMain$startTestSuite$0.call(Unknown Source)
	at TempTestSuite1705920083951.run(TempTestSuite1705920083951.groovy:36)
)

2024-01-22 18:00:12 - [MESSAGE][WARNING] - Web element with id: 'Object Repository/Stockbit/Bandarmology_Seller2' located by 'By.xpath: //*[contains(@id, 'rc-tabs-')]/div[2]/div/div/div/div/div/div[2]/table/tbody/tr[3]/td[5]/p' is present after '1' second(s) (Root cause: com.kms.katalon.core.exception.StepFailedException: Web element with id: 'Object Repository/Stockbit/Bandarmology_Seller2' located by 'By.xpath: //*[contains(@id, 'rc-tabs-')]/div[2]/div/div/div/div/div/div[2]/table/tbody/tr[3]/td[5]/p' is present after '1' second(s)
	at com.kms.katalon.core.webui.keyword.internal.WebUIKeywordMain.stepFailed(WebUIKeywordMain.groovy:64)
	at com.kms.katalon.core.webui.keyword.internal.WebUIKeywordMain$stepFailed$0.call(Unknown Source)
	at com.kms.katalon.core.webui.keyword.builtin.VerifyElementNotPresentKeyword$_verifyElementNotPresent_closure1.doCall(VerifyElementNotPresentKeyword.groovy:106)
	at com.kms.katalon.core.webui.keyword.builtin.VerifyElementNotPresentKeyword$_verifyElementNotPresent_closure1.doCall(VerifyElementNotPresentKeyword.groovy)
	at com.kms.katalon.core.webui.keyword.internal.WebUIKeywordMain.runKeyword(WebUIKeywordMain.groovy:20)
	at com.kms.katalon.core.webui.keyword.internal.WebUIKeywordMain$runKeyword.call(Unknown Source)
	at com.kms.katalon.core.webui.keyword.builtin.VerifyElementNotPresentKeyword.verifyElementNotPresent(VerifyElementNotPresentKeyword.groovy:117)
	at com.kms.katalon.core.webui.keyword.builtin.VerifyElementNotPresentKeyword.execute(VerifyElementNotPresentKeyword.groovy:68)
	at com.kms.katalon.core.keyword.internal.KeywordExecutor.executeKeywordForPlatform(KeywordExecutor.groovy:74)
	at com.kms.katalon.core.webui.keyword.WebUiBuiltInKeywords.verifyElementNotPresent(WebUiBuiltInKeywords.groovy:1481)
	at com.kms.katalon.core.webui.keyword.WebUiBuiltInKeywords$verifyElementNotPresent$8.call(Unknown Source)
	at GetBrokSumPriceDaily.run(GetBrokSumPriceDaily:309)
	at com.kms.katalon.core.main.ScriptEngine.run(ScriptEngine.java:194)
	at com.kms.katalon.core.main.ScriptEngine.runScriptAsRawText(ScriptEngine.java:119)
	at com.kms.katalon.core.main.TestCaseExecutor.runScript(TestCaseExecutor.java:445)
	at com.kms.katalon.core.main.TestCaseExecutor.doExecute(TestCaseExecutor.java:436)
	at com.kms.katalon.core.main.TestCaseExecutor.processExecutionPhase(TestCaseExecutor.java:415)
	at com.kms.katalon.core.main.TestCaseExecutor.accessMainPhase(TestCaseExecutor.java:407)
	at com.kms.katalon.core.main.TestCaseExecutor.execute(TestCaseExecutor.java:284)
	at com.kms.katalon.core.common.CommonExecutor.accessTestCaseMainPhase(CommonExecutor.java:65)
	at com.kms.katalon.core.main.TestSuiteExecutor.accessTestSuiteMainPhase(TestSuiteExecutor.java:144)
	at com.kms.katalon.core.main.TestSuiteExecutor.execute(TestSuiteExecutor.java:106)
	at com.kms.katalon.core.main.TestCaseMain.startTestSuite(TestCaseMain.java:185)
	at com.kms.katalon.core.main.TestCaseMain$startTestSuite$0.call(Unknown Source)
	at TempTestSuite1705920083951.run(TempTestSuite1705920083951.groovy:36)
)
[[ATTACHMENT|C:\\Users\\Fadli\\git\\KatalonDailyGetData2\\Reports\\20240122_174123\\TS1\\20240122_174123\\1705921212542.png]]

2024-01-22 18:00:12 - [TEST_STEP][PASSED] - else: null

2024-01-22 18:00:12 - [TEST_STEP][PASSED] - strSeller2 = getText(findTestObject("Stockbit/Bandarmology_Seller2")): Text of object 'Object Repository/Stockbit/Bandarmology_Seller2' is: 'PD'

2024-01-22 18:00:12 - [MESSAGE][PASSED] - Text of object 'Object Repository/Stockbit/Bandarmology_Seller2' is: 'PD'

2024-01-22 18:00:12 - [TEST_STEP][PASSED] - strSellerVol2 = getText(findTestObject("Stockbit/Bandarmology_SellerVol2")): Text of object 'Object Repository/Stockbit/Bandarmology_SellerVol2' is: '395'

2024-01-22 18:00:12 - [MESSAGE][PASSED] - Text of object 'Object Repository/Stockbit/Bandarmology_SellerVol2' is: '395'

2024-01-22 18:00:12 - [TEST_STEP][PASSED] - strSellerAvg2 = getText(findTestObject("Stockbit/Bandarmology_SellerAvg2")): Text of object 'Object Repository/Stockbit/Bandarmology_SellerAvg2' is: '50'

2024-01-22 18:00:13 - [MESSAGE][PASSED] - Text of object 'Object Repository/Stockbit/Bandarmology_SellerAvg2' is: '50'

2024-01-22 18:00:13 - [TEST_STEP][PASSED] - if (strSeller2 != ""): null

2024-01-22 18:00:13 - [TEST_STEP][PASSED] - if (strSellerAvg2.contains(",")): null

2024-01-22 18:00:13 - [TEST_STEP][PASSED] - if (strSellerVol2.contains(" B")): null

2024-01-22 18:00:13 - [TEST_STEP][PASSED] - if (verifyElementNotPresent(findTestObject("Stockbit/Bandarmology_Buyer3"), 1, OPTIONAL)): Web element with id: 'Object Repository/Stockbit/Bandarmology_Buyer3' located by 'By.xpath: //*[contains(@id, 'rc-tabs-')]/div[2]/div/div/div/div/div/div[2]/table/tbody/tr[4]/td[1]/p' is present after '1' second(s) (Root cause: com.kms.katalon.core.exception.StepFailedException: Web element with id: 'Object Repository/Stockbit/Bandarmology_Buyer3' located by 'By.xpath: //*[contains(@id, 'rc-tabs-')]/div[2]/div/div/div/div/div/div[2]/table/tbody/tr[4]/td[1]/p' is present after '1' second(s)
	at com.kms.katalon.core.webui.keyword.internal.WebUIKeywordMain.stepFailed(WebUIKeywordMain.groovy:64)
	at com.kms.katalon.core.webui.keyword.internal.WebUIKeywordMain$stepFailed$0.call(Unknown Source)
	at com.kms.katalon.core.webui.keyword.builtin.VerifyElementNotPresentKeyword$_verifyElementNotPresent_closure1.doCall(VerifyElementNotPresentKeyword.groovy:106)
	at com.kms.katalon.core.webui.keyword.builtin.VerifyElementNotPresentKeyword$_verifyElementNotPresent_closure1.doCall(VerifyElementNotPresentKeyword.groovy)
	at com.kms.katalon.core.webui.keyword.internal.WebUIKeywordMain.runKeyword(WebUIKeywordMain.groovy:20)
	at com.kms.katalon.core.webui.keyword.internal.WebUIKeywordMain$runKeyword.call(Unknown Source)
	at com.kms.katalon.core.webui.keyword.builtin.VerifyElementNotPresentKeyword.verifyElementNotPresent(VerifyElementNotPresentKeyword.groovy:117)
	at com.kms.katalon.core.webui.keyword.builtin.VerifyElementNotPresentKeyword.execute(VerifyElementNotPresentKeyword.groovy:68)
	at com.kms.katalon.core.keyword.internal.KeywordExecutor.executeKeywordForPlatform(KeywordExecutor.groovy:74)
	at com.kms.katalon.core.webui.keyword.WebUiBuiltInKeywords.verifyElementNotPresent(WebUiBuiltInKeywords.groovy:1481)
	at com.kms.katalon.core.webui.keyword.WebUiBuiltInKeywords$verifyElementNotPresent$8.call(Unknown Source)
	at GetBrokSumPriceDaily.run(GetBrokSumPriceDaily:361)
	at com.kms.katalon.core.main.ScriptEngine.run(ScriptEngine.java:194)
	at com.kms.katalon.core.main.ScriptEngine.runScriptAsRawText(ScriptEngine.java:119)
	at com.kms.katalon.core.main.TestCaseExecutor.runScript(TestCaseExecutor.java:445)
	at com.kms.katalon.core.main.TestCaseExecutor.doExecute(TestCaseExecutor.java:436)
	at com.kms.katalon.core.main.TestCaseExecutor.processExecutionPhase(TestCaseExecutor.java:415)
	at com.kms.katalon.core.main.TestCaseExecutor.accessMainPhase(TestCaseExecutor.java:407)
	at com.kms.katalon.core.main.TestCaseExecutor.execute(TestCaseExecutor.java:284)
	at com.kms.katalon.core.common.CommonExecutor.accessTestCaseMainPhase(CommonExecutor.java:65)
	at com.kms.katalon.core.main.TestSuiteExecutor.accessTestSuiteMainPhase(TestSuiteExecutor.java:144)
	at com.kms.katalon.core.main.TestSuiteExecutor.execute(TestSuiteExecutor.java:106)
	at com.kms.katalon.core.main.TestCaseMain.startTestSuite(TestCaseMain.java:185)
	at com.kms.katalon.core.main.TestCaseMain$startTestSuite$0.call(Unknown Source)
	at TempTestSuite1705920083951.run(TempTestSuite1705920083951.groovy:36)
)

2024-01-22 18:00:14 - [MESSAGE][WARNING] - Web element with id: 'Object Repository/Stockbit/Bandarmology_Buyer3' located by 'By.xpath: //*[contains(@id, 'rc-tabs-')]/div[2]/div/div/div/div/div/div[2]/table/tbody/tr[4]/td[1]/p' is present after '1' second(s) (Root cause: com.kms.katalon.core.exception.StepFailedException: Web element with id: 'Object Repository/Stockbit/Bandarmology_Buyer3' located by 'By.xpath: //*[contains(@id, 'rc-tabs-')]/div[2]/div/div/div/div/div/div[2]/table/tbody/tr[4]/td[1]/p' is present after '1' second(s)
	at com.kms.katalon.core.webui.keyword.internal.WebUIKeywordMain.stepFailed(WebUIKeywordMain.groovy:64)
	at com.kms.katalon.core.webui.keyword.internal.WebUIKeywordMain$stepFailed$0.call(Unknown Source)
	at com.kms.katalon.core.webui.keyword.builtin.VerifyElementNotPresentKeyword$_verifyElementNotPresent_closure1.doCall(VerifyElementNotPresentKeyword.groovy:106)
	at com.kms.katalon.core.webui.keyword.builtin.VerifyElementNotPresentKeyword$_verifyElementNotPresent_closure1.doCall(VerifyElementNotPresentKeyword.groovy)
	at com.kms.katalon.core.webui.keyword.internal.WebUIKeywordMain.runKeyword(WebUIKeywordMain.groovy:20)
	at com.kms.katalon.core.webui.keyword.internal.WebUIKeywordMain$runKeyword.call(Unknown Source)
	at com.kms.katalon.core.webui.keyword.builtin.VerifyElementNotPresentKeyword.verifyElementNotPresent(VerifyElementNotPresentKeyword.groovy:117)
	at com.kms.katalon.core.webui.keyword.builtin.VerifyElementNotPresentKeyword.execute(VerifyElementNotPresentKeyword.groovy:68)
	at com.kms.katalon.core.keyword.internal.KeywordExecutor.executeKeywordForPlatform(KeywordExecutor.groovy:74)
	at com.kms.katalon.core.webui.keyword.WebUiBuiltInKeywords.verifyElementNotPresent(WebUiBuiltInKeywords.groovy:1481)
	at com.kms.katalon.core.webui.keyword.WebUiBuiltInKeywords$verifyElementNotPresent$8.call(Unknown Source)
	at GetBrokSumPriceDaily.run(GetBrokSumPriceDaily:361)
	at com.kms.katalon.core.main.ScriptEngine.run(ScriptEngine.java:194)
	at com.kms.katalon.core.main.ScriptEngine.runScriptAsRawText(ScriptEngine.java:119)
	at com.kms.katalon.core.main.TestCaseExecutor.runScript(TestCaseExecutor.java:445)
	at com.kms.katalon.core.main.TestCaseExecutor.doExecute(TestCaseExecutor.java:436)
	at com.kms.katalon.core.main.TestCaseExecutor.processExecutionPhase(TestCaseExecutor.java:415)
	at com.kms.katalon.core.main.TestCaseExecutor.accessMainPhase(TestCaseExecutor.java:407)
	at com.kms.katalon.core.main.TestCaseExecutor.execute(TestCaseExecutor.java:284)
	at com.kms.katalon.core.common.CommonExecutor.accessTestCaseMainPhase(CommonExecutor.java:65)
	at com.kms.katalon.core.main.TestSuiteExecutor.accessTestSuiteMainPhase(TestSuiteExecutor.java:144)
	at com.kms.katalon.core.main.TestSuiteExecutor.execute(TestSuiteExecutor.java:106)
	at com.kms.katalon.core.main.TestCaseMain.startTestSuite(TestCaseMain.java:185)
	at com.kms.katalon.core.main.TestCaseMain$startTestSuite$0.call(Unknown Source)
	at TempTestSuite1705920083951.run(TempTestSuite1705920083951.groovy:36)
)
[[ATTACHMENT|C:\\Users\\Fadli\\git\\KatalonDailyGetData2\\Reports\\20240122_174123\\TS1\\20240122_174123\\1705921214255.png]]

2024-01-22 18:00:14 - [TEST_STEP][PASSED] - else: null

2024-01-22 18:00:14 - [TEST_STEP][PASSED] - strBuyer3 = getText(findTestObject("Stockbit/Bandarmology_Buyer3")): Text of object 'Object Repository/Stockbit/Bandarmology_Buyer3' is: 'MG'

2024-01-22 18:00:14 - [MESSAGE][PASSED] - Text of object 'Object Repository/Stockbit/Bandarmology_Buyer3' is: 'MG'

2024-01-22 18:00:14 - [TEST_STEP][PASSED] - strBuyerVol3 = getText(findTestObject("Stockbit/Bandarmology_BuyerVol3")): Text of object 'Object Repository/Stockbit/Bandarmology_BuyerVol3' is: '799'

2024-01-22 18:00:14 - [MESSAGE][PASSED] - Text of object 'Object Repository/Stockbit/Bandarmology_BuyerVol3' is: '799'

2024-01-22 18:00:14 - [TEST_STEP][PASSED] - strBuyerAvg3 = getText(findTestObject("Stockbit/Bandarmology_BuyerAvg3")): Text of object 'Object Repository/Stockbit/Bandarmology_BuyerAvg3' is: '50'

2024-01-22 18:00:14 - [MESSAGE][PASSED] - Text of object 'Object Repository/Stockbit/Bandarmology_BuyerAvg3' is: '50'

2024-01-22 18:00:14 - [TEST_STEP][PASSED] - if (strBuyer3 != ""): null

2024-01-22 18:00:14 - [TEST_STEP][PASSED] - if (strBuyerAvg3.contains(",")): null

2024-01-22 18:00:14 - [TEST_STEP][PASSED] - if (strBuyerVol3.contains(" B")): null

2024-01-22 18:00:14 - [TEST_STEP][PASSED] - if (verifyElementNotPresent(findTestObject("Stockbit/Bandarmology_Seller3"), 1, OPTIONAL)): Web element with id: 'Object Repository/Stockbit/Bandarmology_Seller3' located by 'By.xpath: //*[contains(@id, 'rc-tabs-')]/div[2]/div/div/div/div/div/div[2]/table/tbody/tr[4]/td[5]/p' is present after '1' second(s) (Root cause: com.kms.katalon.core.exception.StepFailedException: Web element with id: 'Object Repository/Stockbit/Bandarmology_Seller3' located by 'By.xpath: //*[contains(@id, 'rc-tabs-')]/div[2]/div/div/div/div/div/div[2]/table/tbody/tr[4]/td[5]/p' is present after '1' second(s)
	at com.kms.katalon.core.webui.keyword.internal.WebUIKeywordMain.stepFailed(WebUIKeywordMain.groovy:64)
	at com.kms.katalon.core.webui.keyword.internal.WebUIKeywordMain$stepFailed$0.call(Unknown Source)
	at com.kms.katalon.core.webui.keyword.builtin.VerifyElementNotPresentKeyword$_verifyElementNotPresent_closure1.doCall(VerifyElementNotPresentKeyword.groovy:106)
	at com.kms.katalon.core.webui.keyword.builtin.VerifyElementNotPresentKeyword$_verifyElementNotPresent_closure1.doCall(VerifyElementNotPresentKeyword.groovy)
	at com.kms.katalon.core.webui.keyword.internal.WebUIKeywordMain.runKeyword(WebUIKeywordMain.groovy:20)
	at com.kms.katalon.core.webui.keyword.internal.WebUIKeywordMain$runKeyword.call(Unknown Source)
	at com.kms.katalon.core.webui.keyword.builtin.VerifyElementNotPresentKeyword.verifyElementNotPresent(VerifyElementNotPresentKeyword.groovy:117)
	at com.kms.katalon.core.webui.keyword.builtin.VerifyElementNotPresentKeyword.execute(VerifyElementNotPresentKeyword.groovy:68)
	at com.kms.katalon.core.keyword.internal.KeywordExecutor.executeKeywordForPlatform(KeywordExecutor.groovy:74)
	at com.kms.katalon.core.webui.keyword.WebUiBuiltInKeywords.verifyElementNotPresent(WebUiBuiltInKeywords.groovy:1481)
	at com.kms.katalon.core.webui.keyword.WebUiBuiltInKeywords$verifyElementNotPresent$8.call(Unknown Source)
	at GetBrokSumPriceDaily.run(GetBrokSumPriceDaily:414)
	at com.kms.katalon.core.main.ScriptEngine.run(ScriptEngine.java:194)
	at com.kms.katalon.core.main.ScriptEngine.runScriptAsRawText(ScriptEngine.java:119)
	at com.kms.katalon.core.main.TestCaseExecutor.runScript(TestCaseExecutor.java:445)
	at com.kms.katalon.core.main.TestCaseExecutor.doExecute(TestCaseExecutor.java:436)
	at com.kms.katalon.core.main.TestCaseExecutor.processExecutionPhase(TestCaseExecutor.java:415)
	at com.kms.katalon.core.main.TestCaseExecutor.accessMainPhase(TestCaseExecutor.java:407)
	at com.kms.katalon.core.main.TestCaseExecutor.execute(TestCaseExecutor.java:284)
	at com.kms.katalon.core.common.CommonExecutor.accessTestCaseMainPhase(CommonExecutor.java:65)
	at com.kms.katalon.core.main.TestSuiteExecutor.accessTestSuiteMainPhase(TestSuiteExecutor.java:144)
	at com.kms.katalon.core.main.TestSuiteExecutor.execute(TestSuiteExecutor.java:106)
	at com.kms.katalon.core.main.TestCaseMain.startTestSuite(TestCaseMain.java:185)
	at com.kms.katalon.core.main.TestCaseMain$startTestSuite$0.call(Unknown Source)
	at TempTestSuite1705920083951.run(TempTestSuite1705920083951.groovy:36)
)

2024-01-22 18:00:16 - [MESSAGE][WARNING] - Web element with id: 'Object Repository/Stockbit/Bandarmology_Seller3' located by 'By.xpath: //*[contains(@id, 'rc-tabs-')]/div[2]/div/div/div/div/div/div[2]/table/tbody/tr[4]/td[5]/p' is present after '1' second(s) (Root cause: com.kms.katalon.core.exception.StepFailedException: Web element with id: 'Object Repository/Stockbit/Bandarmology_Seller3' located by 'By.xpath: //*[contains(@id, 'rc-tabs-')]/div[2]/div/div/div/div/div/div[2]/table/tbody/tr[4]/td[5]/p' is present after '1' second(s)
	at com.kms.katalon.core.webui.keyword.internal.WebUIKeywordMain.stepFailed(WebUIKeywordMain.groovy:64)
	at com.kms.katalon.core.webui.keyword.internal.WebUIKeywordMain$stepFailed$0.call(Unknown Source)
	at com.kms.katalon.core.webui.keyword.builtin.VerifyElementNotPresentKeyword$_verifyElementNotPresent_closure1.doCall(VerifyElementNotPresentKeyword.groovy:106)
	at com.kms.katalon.core.webui.keyword.builtin.VerifyElementNotPresentKeyword$_verifyElementNotPresent_closure1.doCall(VerifyElementNotPresentKeyword.groovy)
	at com.kms.katalon.core.webui.keyword.internal.WebUIKeywordMain.runKeyword(WebUIKeywordMain.groovy:20)
	at com.kms.katalon.core.webui.keyword.internal.WebUIKeywordMain$runKeyword.call(Unknown Source)
	at com.kms.katalon.core.webui.keyword.builtin.VerifyElementNotPresentKeyword.verifyElementNotPresent(VerifyElementNotPresentKeyword.groovy:117)
	at com.kms.katalon.core.webui.keyword.builtin.VerifyElementNotPresentKeyword.execute(VerifyElementNotPresentKeyword.groovy:68)
	at com.kms.katalon.core.keyword.internal.KeywordExecutor.executeKeywordForPlatform(KeywordExecutor.groovy:74)
	at com.kms.katalon.core.webui.keyword.WebUiBuiltInKeywords.verifyElementNotPresent(WebUiBuiltInKeywords.groovy:1481)
	at com.kms.katalon.core.webui.keyword.WebUiBuiltInKeywords$verifyElementNotPresent$8.call(Unknown Source)
	at GetBrokSumPriceDaily.run(GetBrokSumPriceDaily:414)
	at com.kms.katalon.core.main.ScriptEngine.run(ScriptEngine.java:194)
	at com.kms.katalon.core.main.ScriptEngine.runScriptAsRawText(ScriptEngine.java:119)
	at com.kms.katalon.core.main.TestCaseExecutor.runScript(TestCaseExecutor.java:445)
	at com.kms.katalon.core.main.TestCaseExecutor.doExecute(TestCaseExecutor.java:436)
	at com.kms.katalon.core.main.TestCaseExecutor.processExecutionPhase(TestCaseExecutor.java:415)
	at com.kms.katalon.core.main.TestCaseExecutor.accessMainPhase(TestCaseExecutor.java:407)
	at com.kms.katalon.core.main.TestCaseExecutor.execute(TestCaseExecutor.java:284)
	at com.kms.katalon.core.common.CommonExecutor.accessTestCaseMainPhase(CommonExecutor.java:65)
	at com.kms.katalon.core.main.TestSuiteExecutor.accessTestSuiteMainPhase(TestSuiteExecutor.java:144)
	at com.kms.katalon.core.main.TestSuiteExecutor.execute(TestSuiteExecutor.java:106)
	at com.kms.katalon.core.main.TestCaseMain.startTestSuite(TestCaseMain.java:185)
	at com.kms.katalon.core.main.TestCaseMain$startTestSuite$0.call(Unknown Source)
	at TempTestSuite1705920083951.run(TempTestSuite1705920083951.groovy:36)
)
[[ATTACHMENT|C:\\Users\\Fadli\\git\\KatalonDailyGetData2\\Reports\\20240122_174123\\TS1\\20240122_174123\\1705921215981.png]]

2024-01-22 18:00:16 - [TEST_STEP][PASSED] - else: null

2024-01-22 18:00:16 - [TEST_STEP][PASSED] - strSeller3 = getText(findTestObject("Stockbit/Bandarmology_Seller3")): Text of object 'Object Repository/Stockbit/Bandarmology_Seller3' is: 'BQ'

2024-01-22 18:00:16 - [MESSAGE][PASSED] - Text of object 'Object Repository/Stockbit/Bandarmology_Seller3' is: 'BQ'

2024-01-22 18:00:16 - [TEST_STEP][PASSED] - strSellerVol3 = getText(findTestObject("Stockbit/Bandarmology_SellerVol3")): Text of object 'Object Repository/Stockbit/Bandarmology_SellerVol3' is: '250'

2024-01-22 18:00:16 - [MESSAGE][PASSED] - Text of object 'Object Repository/Stockbit/Bandarmology_SellerVol3' is: '250'

2024-01-22 18:00:16 - [TEST_STEP][PASSED] - strSellerAvg3 = getText(findTestObject("Stockbit/Bandarmology_SellerAvg3")): Text of object 'Object Repository/Stockbit/Bandarmology_SellerAvg3' is: '50'

2024-01-22 18:00:16 - [MESSAGE][PASSED] - Text of object 'Object Repository/Stockbit/Bandarmology_SellerAvg3' is: '50'

2024-01-22 18:00:16 - [TEST_STEP][PASSED] - if (strSeller3 != ""): null

2024-01-22 18:00:16 - [TEST_STEP][PASSED] - if (strSellerAvg3.contains(",")): null

2024-01-22 18:00:16 - [TEST_STEP][PASSED] - if (strSellerVol3.contains(" B")): null

2024-01-22 18:00:16 - [TEST_STEP][PASSED] - strAccDist = getText(findTestObject("Stockbit/Bandarmology_AccDist")): Text of object 'Object Repository/Stockbit/Bandarmology_AccDist' is: 'Acc'

2024-01-22 18:00:16 - [MESSAGE][PASSED] - Text of object 'Object Repository/Stockbit/Bandarmology_AccDist' is: 'Acc'

2024-01-22 18:00:16 - [TEST_STEP][PASSED] - strNetVol = getText(findTestObject("Stockbit/Bandarmology_NetVol")): Text of object 'Object Repository/Stockbit/Bandarmology_NetVol' is: '5,062'

2024-01-22 18:00:16 - [MESSAGE][PASSED] - Text of object 'Object Repository/Stockbit/Bandarmology_NetVol' is: '5,062'

2024-01-22 18:00:16 - [TEST_STEP][PASSED] - strNetVol = strNetVol.replace(",", ""): null

2024-01-22 18:00:16 - [TEST_STEP][PASSED] - strNetVal = getText(findTestObject("Stockbit/Bandarmology_NetVal")): Text of object 'Object Repository/Stockbit/Bandarmology_NetVal' is: '0 B'

2024-01-22 18:00:16 - [MESSAGE][PASSED] - Text of object 'Object Repository/Stockbit/Bandarmology_NetVal' is: '0 B'

2024-01-22 18:00:16 - [TEST_STEP][PASSED] - delay(3): Delayed 3 second(s)

2024-01-22 18:00:19 - [MESSAGE][PASSED] - Delayed 3 second(s)

2024-01-22 18:00:19 - [TEST_STEP][PASSED] - strOpenPrice = getText(findTestObject("Stockbit/Home_OpenPrice")): Text of object 'Object Repository/Stockbit/Home_OpenPrice' is: '51'

2024-01-22 18:00:20 - [MESSAGE][PASSED] - Text of object 'Object Repository/Stockbit/Home_OpenPrice' is: '51'

2024-01-22 18:00:20 - [TEST_STEP][PASSED] - strOpenPrice = strOpenPrice.replace(",", ""): null

2024-01-22 18:00:20 - [TEST_STEP][PASSED] - strLowPrice = getText(findTestObject("Stockbit/Home_LowPrice")): Text of object 'Object Repository/Stockbit/Home_LowPrice' is: '50'

2024-01-22 18:00:20 - [MESSAGE][PASSED] - Text of object 'Object Repository/Stockbit/Home_LowPrice' is: '50'

2024-01-22 18:00:20 - [TEST_STEP][PASSED] - strLowPrice = strLowPrice.replace(",", ""): null

2024-01-22 18:00:20 - [TEST_STEP][PASSED] - strHighPrice = getText(findTestObject("Stockbit/Home_HighPrice")): Text of object 'Object Repository/Stockbit/Home_HighPrice' is: '51'

2024-01-22 18:00:20 - [MESSAGE][PASSED] - Text of object 'Object Repository/Stockbit/Home_HighPrice' is: '51'

2024-01-22 18:00:20 - [TEST_STEP][PASSED] - strHighPrice = strHighPrice.replace(",", ""): null

2024-01-22 18:00:20 - [TEST_STEP][PASSED] - strClosePrice = getText(findTestObject("Stockbit/Home_ClosePrice")): Text of object 'Object Repository/Stockbit/Home_ClosePrice' is: '51'

2024-01-22 18:00:20 - [MESSAGE][PASSED] - Text of object 'Object Repository/Stockbit/Home_ClosePrice' is: '51'

2024-01-22 18:00:20 - [TEST_STEP][PASSED] - strClosePrice = strClosePrice.replace(",", ""): null

2024-01-22 18:00:20 - [TEST_STEP][PASSED] - strVol = getText(findTestObject("Stockbit/Home_Volume")): Text of object 'Object Repository/Stockbit/Home_Volume' is: '5 K'

2024-01-22 18:00:20 - [MESSAGE][PASSED] - Text of object 'Object Repository/Stockbit/Home_Volume' is: '5 K'

2024-01-22 18:00:20 - [TEST_STEP][PASSED] - if (strVol.contains(" K")): null

2024-01-22 18:00:20 - [TEST_STEP][PASSED] - strVol = strVol.replace(" K", "000"): null

2024-01-22 18:00:20 - [TEST_STEP][PASSED] - if (strVol.contains(",")): null

2024-01-22 18:00:20 - [TEST_STEP][PASSED] - strChange = getText(findTestObject("Stockbit/Home_Change")): Text of object 'Object Repository/Stockbit/Home_Change' is: '0.00%'

2024-01-22 18:00:20 - [MESSAGE][PASSED] - Text of object 'Object Repository/Stockbit/Home_Change' is: '0.00%'

2024-01-22 18:00:20 - [TEST_STEP][PASSED] - strChange = strChange.replace("%", ""): null

2024-01-22 18:00:20 - [TEST_STEP][PASSED] - strFreq = getText(findTestObject("Stockbit/Home_Freq")): Text of object 'Object Repository/Stockbit/Home_Freq' is: '22'

2024-01-22 18:00:20 - [MESSAGE][PASSED] - Text of object 'Object Repository/Stockbit/Home_Freq' is: '22'

2024-01-22 18:00:20 - [TEST_STEP][PASSED] - if (strFreq.contains(",")): null

2024-01-22 18:00:20 - [TEST_STEP][PASSED] - if (strFreq == "NA" || strFreq == ""): null

2024-01-22 18:00:20 - [TEST_STEP][PASSED] - else: null

2024-01-22 18:00:20 - [TEST_STEP][PASSED] - dblFreqAnal = strVol.toDouble() / strFreq.toDouble() * strFreq.toDouble() * strFreq.toDouble() * 100000000: null

2024-01-22 18:00:20 - [TEST_STEP][PASSED] - strFreqAnal = String.format("%.4f", dblFreqAnal): null

2024-01-22 18:00:20 - [TEST_STEP][PASSED] - out.println("Double strFreqAnal: " + strFreqAnal): null

2024-01-22 18:00:20 - [TEST_STEP][PASSED] - strTanggal = d.format(DateTimeFormatter.ofPattern("yyyy-MM-dd")): null

2024-01-22 18:00:20 - [TEST_STEP][PASSED] - strTanggal = "#" + strTanggal + "#": null

2024-01-22 18:00:20 - [TEST_STEP][PASSED] - strSQL = "select count(*) as JumBaris from TblBrokSum where Nama = '" + strNama + "' and Tanggal = " + strTanggal + "": null

2024-01-22 18:00:20 - [TEST_STEP][PASSED] - resultSet = statement.executeQuery(strSQL): null

2024-01-22 18:00:20 - [TEST_STEP][PASSED] - resultSet.next(): null

2024-01-22 18:00:20 - [TEST_STEP][PASSED] - intJumBaris = resultSet.getInt("JumBaris"): null

2024-01-22 18:00:20 - [TEST_STEP][PASSED] - if (intJumBaris > 0): null

2024-01-22 18:00:20 - [TEST_STEP][PASSED] - else: null

2024-01-22 18:00:20 - [TEST_STEP][PASSED] - try: null

2024-01-22 18:00:20 - [TEST_STEP][PASSED] - out.println("Insert data"): null

2024-01-22 18:00:20 - [TEST_STEP][PASSED] - strSQL = "insert into TblBrokSum (nama, tanggal, top1, top2, top3, AllBrokAvg, AccDist, AvgRP, " + "Buyer1, BuyerVal1, BuyerAvg1, Seller1, SellerVal1, SellerAvg1, Buyer2, BuyerVal2, BuyerAvg2, " + "Seller2, SellerVal2, SellerAvg2, Buyer3, BuyerVal3, BuyerAvg3, Seller3, SellerVal3, SellerAvg3, NetVol, NetVal, " + "OpenPrice, LowPrice, HighPrice, ClosePrice, Volume, Change, Frekuensi, FrekAnal) " + "values ('" + strNama + "', " + strTanggal + ", '" + strTop1 + "', '" + strTop3 + "', '" + strTop5 + "', " + "'" + strAllBrokAvg + "', '" + strAccDist + "', " + intAvgRP + ", '" + strBuyer1 + "', '" + strBuyerVol1 + "', " + strBuyerAvg1 + ", " + "'" + strSeller1 + "', '" + strSellerVol1 + "', " + strSellerAvg1 + ", '" + strBuyer2 + "', '" + strBuyerVol2 + "', " + strBuyerAvg2 + ", " + "'" + strSeller2 + "', '" + strSellerVol2 + "', " + strSellerAvg2 + ", '" + strBuyer3 + "', '" + strBuyerVol3 + "', " + strBuyerAvg3 + ", " + "'" + strSeller3 + "', '" + strSellerVol3 + "', " + strSellerAvg3 + ", " + strNetVol + ", '" + strNetVal + "', " + "" + strOpenPrice + ", " + strLowPrice + ", " + strHighPrice + ", " + strClosePrice + ", '" + strVol + "', " + strChange + ", " + strFreq + ", " + strFreqAnal + ");": null

2024-01-22 18:00:20 - [TEST_STEP][PASSED] - out.println("strSQL = " + strSQL): null

2024-01-22 18:00:20 - [TEST_STEP][PASSED] - statement.executeUpdate(strSQL): null

2024-01-22 18:00:20 - [TEST_STEP][PASSED] - setValueToCellByIndex(sheet01, rowIndex, 4, "DONE"): null

2024-01-22 18:00:20 - [TEST_STEP][PASSED] - saveWorkbook(excelFilePath, workbook01): null

2024-01-22 18:00:20 - [TEST_STEP][PASSED] - waitForElementClickable(findTestObject("Stockbit/menu_Bandarmology"), 10): Object 'Object Repository/Stockbit/menu_Bandarmology' is clickable

2024-01-22 18:00:20 - [MESSAGE][PASSED] - Object 'Object Repository/Stockbit/menu_Bandarmology' is clickable

2024-01-22 18:00:20 - [TEST_STEP][PASSED] - click(findTestObject("Stockbit/menu_Bandarmology")): Object: 'Object Repository/Stockbit/menu_Bandarmology' is clicked on

2024-01-22 18:00:21 - [MESSAGE][PASSED] - Object: 'Object Repository/Stockbit/menu_Bandarmology' is clicked on

2024-01-22 18:00:21 - [TEST_STEP][PASSED] - strTemp = "NA": null

2024-01-22 18:00:21 - [TEST_STEP][PASSED] - if (getCellValueByIndex(sheet01, rowIndex, 4) != "DONE"): Object: 'Object Repository/Stockbit/menu_Bandarmology' is clicked on

2024-01-22 18:00:21 - [TEST_STEP][PASSED] - strNama = getCellValueByIndex(sheet01, rowIndex, 0): null

2024-01-22 18:00:21 - [TEST_STEP][PASSED] - navigateToUrl("https://stockbit.com/#/symbol/" + strNama): Navigate to 'https://stockbit.com/#/symbol/SMRA' successfully

2024-01-22 18:00:23 - [MESSAGE][PASSED] - Navigate to 'https://stockbit.com/#/symbol/SMRA' successfully

2024-01-22 18:00:23 - [TEST_STEP][PASSED] - waitForElementClickable(findTestObject("Stockbit/menu_Bandarmology"), 10): Object 'Object Repository/Stockbit/menu_Bandarmology' is clickable

2024-01-22 18:00:23 - [MESSAGE][PASSED] - Object 'Object Repository/Stockbit/menu_Bandarmology' is clickable

2024-01-22 18:00:23 - [TEST_STEP][PASSED] - click(findTestObject("Stockbit/menu_Bandarmology")): Object: 'Object Repository/Stockbit/menu_Bandarmology' is clicked on

2024-01-22 18:00:24 - [MESSAGE][PASSED] - Object: 'Object Repository/Stockbit/menu_Bandarmology' is clicked on

2024-01-22 18:00:24 - [TEST_STEP][PASSED] - strTanggal = d.format(DateTimeFormatter.ofPattern("MMM dd, yyyy")): null

2024-01-22 18:00:24 - [TEST_STEP][PASSED] - strTanggal = d.format(ISO_DATE): null

2024-01-22 18:00:24 - [TEST_STEP][PASSED] - out.println("strTanggal = " + strTanggal): null

2024-01-22 18:00:24 - [TEST_STEP][PASSED] - out.println("strNama = " + strNama): null

2024-01-22 18:00:24 - [TEST_STEP][PASSED] - out.println("Baris ke = " + rowIndex): null

2024-01-22 18:00:24 - [TEST_STEP][PASSED] - click(findTestObject("Stockbit/input__BandarmologyOpenStartDate")): Object: 'Object Repository/Stockbit/input__BandarmologyOpenStartDate' is clicked on

2024-01-22 18:00:26 - [MESSAGE][PASSED] - Object: 'Object Repository/Stockbit/input__BandarmologyOpenStartDate' is clicked on

2024-01-22 18:00:26 - [TEST_STEP][PASSED] - sendKeys(findTestObject("Stockbit/input__BandarmologyOpenStartDate"), Keys.chord(CONTROL, "a")): Keys 'CONTROL + a' sent to object: 'Object Repository/Stockbit/input__BandarmologyOpenStartDate'

2024-01-22 18:00:26 - [MESSAGE][PASSED] - Keys 'CONTROL + a' sent to object: 'Object Repository/Stockbit/input__BandarmologyOpenStartDate'

2024-01-22 18:00:26 - [TEST_STEP][PASSED] - sendKeys(findTestObject("Stockbit/input__BandarmologyOpenStartDate"), Keys.chord(BACK_SPACE)): Keys 'BACK_SPACE + ' sent to object: 'Object Repository/Stockbit/input__BandarmologyOpenStartDate'

2024-01-22 18:00:27 - [MESSAGE][PASSED] - Keys 'BACK_SPACE + ' sent to object: 'Object Repository/Stockbit/input__BandarmologyOpenStartDate'

2024-01-22 18:00:27 - [TEST_STEP][PASSED] - setText(findTestObject("Stockbit/input__BandarmologyOpenStartDate"), strTanggal): Text '2024-01-22' is set on object 'Object Repository/Stockbit/input__BandarmologyOpenStartDate'

2024-01-22 18:00:28 - [MESSAGE][PASSED] - Text '2024-01-22' is set on object 'Object Repository/Stockbit/input__BandarmologyOpenStartDate'

2024-01-22 18:00:28 - [TEST_STEP][PASSED] - sendKeys(findTestObject("Stockbit/input__BandarmologyOpenStartDate"), Keys.chord(ENTER)): Keys 'ENTER + ' sent to object: 'Object Repository/Stockbit/input__BandarmologyOpenStartDate'

2024-01-22 18:00:28 - [MESSAGE][PASSED] - Keys 'ENTER + ' sent to object: 'Object Repository/Stockbit/input__BandarmologyOpenStartDate'

2024-01-22 18:00:28 - [TEST_STEP][PASSED] - click(findTestObject("Stockbit/input__BandarmologyOpenEndDate")): Object: 'Object Repository/Stockbit/input__BandarmologyOpenEndDate' is clicked on

2024-01-22 18:00:29 - [MESSAGE][PASSED] - Object: 'Object Repository/Stockbit/input__BandarmologyOpenEndDate' is clicked on

2024-01-22 18:00:29 - [TEST_STEP][PASSED] - sendKeys(findTestObject("Stockbit/input__BandarmologyOpenEndDate"), Keys.chord(CONTROL, "a")): Keys 'CONTROL + a' sent to object: 'Object Repository/Stockbit/input__BandarmologyOpenEndDate'

2024-01-22 18:00:29 - [MESSAGE][PASSED] - Keys 'CONTROL + a' sent to object: 'Object Repository/Stockbit/input__BandarmologyOpenEndDate'

2024-01-22 18:00:29 - [TEST_STEP][PASSED] - sendKeys(findTestObject("Stockbit/input__BandarmologyOpenEndDate"), Keys.chord(BACK_SPACE)): Keys 'BACK_SPACE + ' sent to object: 'Object Repository/Stockbit/input__BandarmologyOpenEndDate'

2024-01-22 18:00:30 - [MESSAGE][PASSED] - Keys 'BACK_SPACE + ' sent to object: 'Object Repository/Stockbit/input__BandarmologyOpenEndDate'

2024-01-22 18:00:30 - [TEST_STEP][PASSED] - setText(findTestObject("Stockbit/input__BandarmologyOpenEndDate"), strTanggal): Text '2024-01-22' is set on object 'Object Repository/Stockbit/input__BandarmologyOpenEndDate'

2024-01-22 18:00:30 - [MESSAGE][PASSED] - Text '2024-01-22' is set on object 'Object Repository/Stockbit/input__BandarmologyOpenEndDate'

2024-01-22 18:00:30 - [TEST_STEP][PASSED] - sendKeys(findTestObject("Stockbit/input__BandarmologyOpenEndDate"), Keys.chord(ENTER)): Keys 'ENTER + ' sent to object: 'Object Repository/Stockbit/input__BandarmologyOpenEndDate'

2024-01-22 18:00:31 - [MESSAGE][PASSED] - Keys 'ENTER + ' sent to object: 'Object Repository/Stockbit/input__BandarmologyOpenEndDate'

2024-01-22 18:00:31 - [TEST_STEP][PASSED] - delay(2): Delayed 2 second(s)

2024-01-22 18:00:33 - [MESSAGE][PASSED] - Delayed 2 second(s)

2024-01-22 18:00:33 - [TEST_STEP][PASSED] - strTemp = getText(findTestObject("Stockbit/Bandarmology_AvgRP")): Text of object 'Object Repository/Stockbit/Bandarmology_AvgRP' is: '583'

2024-01-22 18:00:33 - [MESSAGE][PASSED] - Text of object 'Object Repository/Stockbit/Bandarmology_AvgRP' is: '583'

2024-01-22 18:00:33 - [TEST_STEP][PASSED] - out.println("Bandarmology_AvgRP = " + strTemp): null

2024-01-22 18:00:33 - [TEST_STEP][PASSED] - if (strTemp != "0"): null

2024-01-22 18:00:33 - [TEST_STEP][PASSED] - strTop1 = getText(findTestObject("Stockbit/Bandarmology_Top1")): Text of object 'Object Repository/Stockbit/Bandarmology_Top1' is: 'Small Acc'

2024-01-22 18:00:33 - [MESSAGE][PASSED] - Text of object 'Object Repository/Stockbit/Bandarmology_Top1' is: 'Small Acc'

2024-01-22 18:00:33 - [TEST_STEP][PASSED] - strTop3 = getText(findTestObject("Stockbit/Bandarmology_Top3")): Text of object 'Object Repository/Stockbit/Bandarmology_Top3' is: 'Big Acc'

2024-01-22 18:00:33 - [MESSAGE][PASSED] - Text of object 'Object Repository/Stockbit/Bandarmology_Top3' is: 'Big Acc'

2024-01-22 18:00:33 - [TEST_STEP][PASSED] - strTop5 = getText(findTestObject("Stockbit/Bandarmology_Top5")): Text of object 'Object Repository/Stockbit/Bandarmology_Top5' is: 'Big Acc'

2024-01-22 18:00:34 - [MESSAGE][PASSED] - Text of object 'Object Repository/Stockbit/Bandarmology_Top5' is: 'Big Acc'

2024-01-22 18:00:34 - [TEST_STEP][PASSED] - strAllBrokAvg = getText(findTestObject("Stockbit/Bandarmology_TopAVG")): Text of object 'Object Repository/Stockbit/Bandarmology_TopAVG' is: 'Big Acc'

2024-01-22 18:00:34 - [MESSAGE][PASSED] - Text of object 'Object Repository/Stockbit/Bandarmology_TopAVG' is: 'Big Acc'

2024-01-22 18:00:34 - [TEST_STEP][PASSED] - strTemp = getText(findTestObject("Stockbit/Bandarmology_AvgRP")): Text of object 'Object Repository/Stockbit/Bandarmology_AvgRP' is: '583'

2024-01-22 18:00:34 - [MESSAGE][PASSED] - Text of object 'Object Repository/Stockbit/Bandarmology_AvgRP' is: '583'

2024-01-22 18:00:34 - [TEST_STEP][PASSED] - if (strTemp.contains(",")): null

2024-01-22 18:00:34 - [TEST_STEP][PASSED] - intAvgRP = strTemp.toInteger(): null

2024-01-22 18:00:34 - [TEST_STEP][PASSED] - strBuyer1 = getText(findTestObject("Stockbit/Bandarmology_Buyer1")): Text of object 'Object Repository/Stockbit/Bandarmology_Buyer1' is: 'SQ'

2024-01-22 18:00:34 - [MESSAGE][PASSED] - Text of object 'Object Repository/Stockbit/Bandarmology_Buyer1' is: 'SQ'

2024-01-22 18:00:34 - [TEST_STEP][PASSED] - strBuyerVol1 = getText(findTestObject("Stockbit/Bandarmology_BuyerVol1")): Text of object 'Object Repository/Stockbit/Bandarmology_BuyerVol1' is: '41 K'

2024-01-22 18:00:34 - [MESSAGE][PASSED] - Text of object 'Object Repository/Stockbit/Bandarmology_BuyerVol1' is: '41 K'

2024-01-22 18:00:34 - [TEST_STEP][PASSED] - strBuyerAvg1 = getText(findTestObject("Stockbit/Bandarmology_BuyerAvg1")): Text of object 'Object Repository/Stockbit/Bandarmology_BuyerAvg1' is: '583'

2024-01-22 18:00:34 - [MESSAGE][PASSED] - Text of object 'Object Repository/Stockbit/Bandarmology_BuyerAvg1' is: '583'

2024-01-22 18:00:34 - [TEST_STEP][PASSED] - if (strBuyerAvg1.contains(",")): null

2024-01-22 18:00:34 - [TEST_STEP][PASSED] - if (strBuyerVol1.contains(" B")): null

2024-01-22 18:00:34 - [TEST_STEP][PASSED] - else if (strBuyerVol1.contains(" M")): null

2024-01-22 18:00:34 - [TEST_STEP][PASSED] - else if (strBuyerVol1.contains(" K")): null

2024-01-22 18:00:34 - [TEST_STEP][PASSED] - strBuyerVol1 = strBuyerVol1.replace(" K", ""): null

2024-01-22 18:00:34 - [TEST_STEP][PASSED] - strBuyerVol1 = strBuyerVol1.toDouble() * 1000: null

2024-01-22 18:00:34 - [TEST_STEP][PASSED] - strSeller1 = getText(findTestObject("Stockbit/Bandarmology_Seller1")): Text of object 'Object Repository/Stockbit/Bandarmology_Seller1' is: 'CC'

2024-01-22 18:00:35 - [MESSAGE][PASSED] - Text of object 'Object Repository/Stockbit/Bandarmology_Seller1' is: 'CC'

2024-01-22 18:00:35 - [TEST_STEP][PASSED] - strSellerVol1 = getText(findTestObject("Stockbit/Bandarmology_SellerVol1")): Text of object 'Object Repository/Stockbit/Bandarmology_SellerVol1' is: '27.2 K'

2024-01-22 18:00:35 - [MESSAGE][PASSED] - Text of object 'Object Repository/Stockbit/Bandarmology_SellerVol1' is: '27.2 K'

2024-01-22 18:00:35 - [TEST_STEP][PASSED] - strSellerAvg1 = getText(findTestObject("Stockbit/Bandarmology_SellerAvg1")): Text of object 'Object Repository/Stockbit/Bandarmology_SellerAvg1' is: '581'

2024-01-22 18:00:35 - [MESSAGE][PASSED] - Text of object 'Object Repository/Stockbit/Bandarmology_SellerAvg1' is: '581'

2024-01-22 18:00:35 - [TEST_STEP][PASSED] - if (strSellerAvg1.contains(",")): null

2024-01-22 18:00:35 - [TEST_STEP][PASSED] - if (strSellerVol1.contains(" B")): null

2024-01-22 18:00:35 - [TEST_STEP][PASSED] - else if (strSellerVol1.contains(" M")): null

2024-01-22 18:00:35 - [TEST_STEP][PASSED] - else if (strSellerVol1.contains(" K")): null

2024-01-22 18:00:35 - [TEST_STEP][PASSED] - strSellerVol1 = strSellerVol1.replace(" K", ""): null

2024-01-22 18:00:35 - [TEST_STEP][PASSED] - strSellerVol1 = strSellerVol1.toDouble() * 1000: null

2024-01-22 18:00:35 - [TEST_STEP][PASSED] - if (verifyElementNotPresent(findTestObject("Stockbit/Bandarmology_Buyer2"), 1, OPTIONAL)): Web element with id: 'Object Repository/Stockbit/Bandarmology_Buyer2' located by 'By.xpath: //*[contains(@id, 'rc-tabs-')]/div[2]/div/div/div/div/div/div[2]/table/tbody/tr[3]/td[1]/p' is present after '1' second(s) (Root cause: com.kms.katalon.core.exception.StepFailedException: Web element with id: 'Object Repository/Stockbit/Bandarmology_Buyer2' located by 'By.xpath: //*[contains(@id, 'rc-tabs-')]/div[2]/div/div/div/div/div/div[2]/table/tbody/tr[3]/td[1]/p' is present after '1' second(s)
	at com.kms.katalon.core.webui.keyword.internal.WebUIKeywordMain.stepFailed(WebUIKeywordMain.groovy:64)
	at com.kms.katalon.core.webui.keyword.internal.WebUIKeywordMain$stepFailed$0.call(Unknown Source)
	at com.kms.katalon.core.webui.keyword.builtin.VerifyElementNotPresentKeyword$_verifyElementNotPresent_closure1.doCall(VerifyElementNotPresentKeyword.groovy:106)
	at com.kms.katalon.core.webui.keyword.builtin.VerifyElementNotPresentKeyword$_verifyElementNotPresent_closure1.doCall(VerifyElementNotPresentKeyword.groovy)
	at com.kms.katalon.core.webui.keyword.internal.WebUIKeywordMain.runKeyword(WebUIKeywordMain.groovy:20)
	at com.kms.katalon.core.webui.keyword.internal.WebUIKeywordMain$runKeyword.call(Unknown Source)
	at com.kms.katalon.core.webui.keyword.builtin.VerifyElementNotPresentKeyword.verifyElementNotPresent(VerifyElementNotPresentKeyword.groovy:117)
	at com.kms.katalon.core.webui.keyword.builtin.VerifyElementNotPresentKeyword.execute(VerifyElementNotPresentKeyword.groovy:68)
	at com.kms.katalon.core.keyword.internal.KeywordExecutor.executeKeywordForPlatform(KeywordExecutor.groovy:74)
	at com.kms.katalon.core.webui.keyword.WebUiBuiltInKeywords.verifyElementNotPresent(WebUiBuiltInKeywords.groovy:1481)
	at com.kms.katalon.core.webui.keyword.WebUiBuiltInKeywords$verifyElementNotPresent$8.call(Unknown Source)
	at GetBrokSumPriceDaily.run(GetBrokSumPriceDaily:258)
	at com.kms.katalon.core.main.ScriptEngine.run(ScriptEngine.java:194)
	at com.kms.katalon.core.main.ScriptEngine.runScriptAsRawText(ScriptEngine.java:119)
	at com.kms.katalon.core.main.TestCaseExecutor.runScript(TestCaseExecutor.java:445)
	at com.kms.katalon.core.main.TestCaseExecutor.doExecute(TestCaseExecutor.java:436)
	at com.kms.katalon.core.main.TestCaseExecutor.processExecutionPhase(TestCaseExecutor.java:415)
	at com.kms.katalon.core.main.TestCaseExecutor.accessMainPhase(TestCaseExecutor.java:407)
	at com.kms.katalon.core.main.TestCaseExecutor.execute(TestCaseExecutor.java:284)
	at com.kms.katalon.core.common.CommonExecutor.accessTestCaseMainPhase(CommonExecutor.java:65)
	at com.kms.katalon.core.main.TestSuiteExecutor.accessTestSuiteMainPhase(TestSuiteExecutor.java:144)
	at com.kms.katalon.core.main.TestSuiteExecutor.execute(TestSuiteExecutor.java:106)
	at com.kms.katalon.core.main.TestCaseMain.startTestSuite(TestCaseMain.java:185)
	at com.kms.katalon.core.main.TestCaseMain$startTestSuite$0.call(Unknown Source)
	at TempTestSuite1705920083951.run(TempTestSuite1705920083951.groovy:36)
)

2024-01-22 18:00:36 - [MESSAGE][WARNING] - Web element with id: 'Object Repository/Stockbit/Bandarmology_Buyer2' located by 'By.xpath: //*[contains(@id, 'rc-tabs-')]/div[2]/div/div/div/div/div/div[2]/table/tbody/tr[3]/td[1]/p' is present after '1' second(s) (Root cause: com.kms.katalon.core.exception.StepFailedException: Web element with id: 'Object Repository/Stockbit/Bandarmology_Buyer2' located by 'By.xpath: //*[contains(@id, 'rc-tabs-')]/div[2]/div/div/div/div/div/div[2]/table/tbody/tr[3]/td[1]/p' is present after '1' second(s)
	at com.kms.katalon.core.webui.keyword.internal.WebUIKeywordMain.stepFailed(WebUIKeywordMain.groovy:64)
	at com.kms.katalon.core.webui.keyword.internal.WebUIKeywordMain$stepFailed$0.call(Unknown Source)
	at com.kms.katalon.core.webui.keyword.builtin.VerifyElementNotPresentKeyword$_verifyElementNotPresent_closure1.doCall(VerifyElementNotPresentKeyword.groovy:106)
	at com.kms.katalon.core.webui.keyword.builtin.VerifyElementNotPresentKeyword$_verifyElementNotPresent_closure1.doCall(VerifyElementNotPresentKeyword.groovy)
	at com.kms.katalon.core.webui.keyword.internal.WebUIKeywordMain.runKeyword(WebUIKeywordMain.groovy:20)
	at com.kms.katalon.core.webui.keyword.internal.WebUIKeywordMain$runKeyword.call(Unknown Source)
	at com.kms.katalon.core.webui.keyword.builtin.VerifyElementNotPresentKeyword.verifyElementNotPresent(VerifyElementNotPresentKeyword.groovy:117)
	at com.kms.katalon.core.webui.keyword.builtin.VerifyElementNotPresentKeyword.execute(VerifyElementNotPresentKeyword.groovy:68)
	at com.kms.katalon.core.keyword.internal.KeywordExecutor.executeKeywordForPlatform(KeywordExecutor.groovy:74)
	at com.kms.katalon.core.webui.keyword.WebUiBuiltInKeywords.verifyElementNotPresent(WebUiBuiltInKeywords.groovy:1481)
	at com.kms.katalon.core.webui.keyword.WebUiBuiltInKeywords$verifyElementNotPresent$8.call(Unknown Source)
	at GetBrokSumPriceDaily.run(GetBrokSumPriceDaily:258)
	at com.kms.katalon.core.main.ScriptEngine.run(ScriptEngine.java:194)
	at com.kms.katalon.core.main.ScriptEngine.runScriptAsRawText(ScriptEngine.java:119)
	at com.kms.katalon.core.main.TestCaseExecutor.runScript(TestCaseExecutor.java:445)
	at com.kms.katalon.core.main.TestCaseExecutor.doExecute(TestCaseExecutor.java:436)
	at com.kms.katalon.core.main.TestCaseExecutor.processExecutionPhase(TestCaseExecutor.java:415)
	at com.kms.katalon.core.main.TestCaseExecutor.accessMainPhase(TestCaseExecutor.java:407)
	at com.kms.katalon.core.main.TestCaseExecutor.execute(TestCaseExecutor.java:284)
	at com.kms.katalon.core.common.CommonExecutor.accessTestCaseMainPhase(CommonExecutor.java:65)
	at com.kms.katalon.core.main.TestSuiteExecutor.accessTestSuiteMainPhase(TestSuiteExecutor.java:144)
	at com.kms.katalon.core.main.TestSuiteExecutor.execute(TestSuiteExecutor.java:106)
	at com.kms.katalon.core.main.TestCaseMain.startTestSuite(TestCaseMain.java:185)
	at com.kms.katalon.core.main.TestCaseMain$startTestSuite$0.call(Unknown Source)
	at TempTestSuite1705920083951.run(TempTestSuite1705920083951.groovy:36)
)
[[ATTACHMENT|C:\\Users\\Fadli\\git\\KatalonDailyGetData2\\Reports\\20240122_174123\\TS1\\20240122_174123\\1705921236616.png]]

2024-01-22 18:00:36 - [TEST_STEP][PASSED] - else: null

2024-01-22 18:00:36 - [TEST_STEP][PASSED] - strBuyer2 = getText(findTestObject("Stockbit/Bandarmology_Buyer2")): Text of object 'Object Repository/Stockbit/Bandarmology_Buyer2' is: 'DR'

2024-01-22 18:00:37 - [MESSAGE][PASSED] - Text of object 'Object Repository/Stockbit/Bandarmology_Buyer2' is: 'DR'

2024-01-22 18:00:37 - [TEST_STEP][PASSED] - strBuyerVol2 = getText(findTestObject("Stockbit/Bandarmology_BuyerVol2")): Text of object 'Object Repository/Stockbit/Bandarmology_BuyerVol2' is: '35 K'

2024-01-22 18:00:37 - [MESSAGE][PASSED] - Text of object 'Object Repository/Stockbit/Bandarmology_BuyerVol2' is: '35 K'

2024-01-22 18:00:37 - [TEST_STEP][PASSED] - strBuyerAvg2 = getText(findTestObject("Stockbit/Bandarmology_BuyerAvg2")): Text of object 'Object Repository/Stockbit/Bandarmology_BuyerAvg2' is: '581'

2024-01-22 18:00:37 - [MESSAGE][PASSED] - Text of object 'Object Repository/Stockbit/Bandarmology_BuyerAvg2' is: '581'

2024-01-22 18:00:37 - [TEST_STEP][PASSED] - if (strBuyer2 != ""): null

2024-01-22 18:00:37 - [TEST_STEP][PASSED] - if (strBuyerAvg2.contains(",")): null

2024-01-22 18:00:37 - [TEST_STEP][PASSED] - if (strBuyerVol2.contains(" B")): null

2024-01-22 18:00:37 - [TEST_STEP][PASSED] - else if (strBuyerVol2.contains(" M")): null

2024-01-22 18:00:37 - [TEST_STEP][PASSED] - else if (strBuyerVol2.contains(" K")): null

2024-01-22 18:00:37 - [TEST_STEP][PASSED] - strBuyerVol2 = strBuyerVol2.replace(" K", ""): null

2024-01-22 18:00:37 - [TEST_STEP][PASSED] - strBuyerVol2 = strBuyerVol2.toDouble() * 1000: null

2024-01-22 18:00:37 - [TEST_STEP][PASSED] - if (strBuyerVol2.contains(".")): null

2024-01-22 18:00:37 - [TEST_STEP][PASSED] - strBuyerVal2 = strBuyerVol2.replace(".", ""): null

2024-01-22 18:00:37 - [TEST_STEP][PASSED] - if (verifyElementNotPresent(findTestObject("Stockbit/Bandarmology_Seller2"), 1, OPTIONAL)): Web element with id: 'Object Repository/Stockbit/Bandarmology_Seller2' located by 'By.xpath: //*[contains(@id, 'rc-tabs-')]/div[2]/div/div/div/div/div/div[2]/table/tbody/tr[3]/td[5]/p' is present after '1' second(s) (Root cause: com.kms.katalon.core.exception.StepFailedException: Web element with id: 'Object Repository/Stockbit/Bandarmology_Seller2' located by 'By.xpath: //*[contains(@id, 'rc-tabs-')]/div[2]/div/div/div/div/div/div[2]/table/tbody/tr[3]/td[5]/p' is present after '1' second(s)
	at com.kms.katalon.core.webui.keyword.internal.WebUIKeywordMain.stepFailed(WebUIKeywordMain.groovy:64)
	at com.kms.katalon.core.webui.keyword.internal.WebUIKeywordMain$stepFailed$0.call(Unknown Source)
	at com.kms.katalon.core.webui.keyword.builtin.VerifyElementNotPresentKeyword$_verifyElementNotPresent_closure1.doCall(VerifyElementNotPresentKeyword.groovy:106)
	at com.kms.katalon.core.webui.keyword.builtin.VerifyElementNotPresentKeyword$_verifyElementNotPresent_closure1.doCall(VerifyElementNotPresentKeyword.groovy)
	at com.kms.katalon.core.webui.keyword.internal.WebUIKeywordMain.runKeyword(WebUIKeywordMain.groovy:20)
	at com.kms.katalon.core.webui.keyword.internal.WebUIKeywordMain$runKeyword.call(Unknown Source)
	at com.kms.katalon.core.webui.keyword.builtin.VerifyElementNotPresentKeyword.verifyElementNotPresent(VerifyElementNotPresentKeyword.groovy:117)
	at com.kms.katalon.core.webui.keyword.builtin.VerifyElementNotPresentKeyword.execute(VerifyElementNotPresentKeyword.groovy:68)
	at com.kms.katalon.core.keyword.internal.KeywordExecutor.executeKeywordForPlatform(KeywordExecutor.groovy:74)
	at com.kms.katalon.core.webui.keyword.WebUiBuiltInKeywords.verifyElementNotPresent(WebUiBuiltInKeywords.groovy:1481)
	at com.kms.katalon.core.webui.keyword.WebUiBuiltInKeywords$verifyElementNotPresent$8.call(Unknown Source)
	at GetBrokSumPriceDaily.run(GetBrokSumPriceDaily:309)
	at com.kms.katalon.core.main.ScriptEngine.run(ScriptEngine.java:194)
	at com.kms.katalon.core.main.ScriptEngine.runScriptAsRawText(ScriptEngine.java:119)
	at com.kms.katalon.core.main.TestCaseExecutor.runScript(TestCaseExecutor.java:445)
	at com.kms.katalon.core.main.TestCaseExecutor.doExecute(TestCaseExecutor.java:436)
	at com.kms.katalon.core.main.TestCaseExecutor.processExecutionPhase(TestCaseExecutor.java:415)
	at com.kms.katalon.core.main.TestCaseExecutor.accessMainPhase(TestCaseExecutor.java:407)
	at com.kms.katalon.core.main.TestCaseExecutor.execute(TestCaseExecutor.java:284)
	at com.kms.katalon.core.common.CommonExecutor.accessTestCaseMainPhase(CommonExecutor.java:65)
	at com.kms.katalon.core.main.TestSuiteExecutor.accessTestSuiteMainPhase(TestSuiteExecutor.java:144)
	at com.kms.katalon.core.main.TestSuiteExecutor.execute(TestSuiteExecutor.java:106)
	at com.kms.katalon.core.main.TestCaseMain.startTestSuite(TestCaseMain.java:185)
	at com.kms.katalon.core.main.TestCaseMain$startTestSuite$0.call(Unknown Source)
	at TempTestSuite1705920083951.run(TempTestSuite1705920083951.groovy:36)
)

2024-01-22 18:00:38 - [MESSAGE][WARNING] - Web element with id: 'Object Repository/Stockbit/Bandarmology_Seller2' located by 'By.xpath: //*[contains(@id, 'rc-tabs-')]/div[2]/div/div/div/div/div/div[2]/table/tbody/tr[3]/td[5]/p' is present after '1' second(s) (Root cause: com.kms.katalon.core.exception.StepFailedException: Web element with id: 'Object Repository/Stockbit/Bandarmology_Seller2' located by 'By.xpath: //*[contains(@id, 'rc-tabs-')]/div[2]/div/div/div/div/div/div[2]/table/tbody/tr[3]/td[5]/p' is present after '1' second(s)
	at com.kms.katalon.core.webui.keyword.internal.WebUIKeywordMain.stepFailed(WebUIKeywordMain.groovy:64)
	at com.kms.katalon.core.webui.keyword.internal.WebUIKeywordMain$stepFailed$0.call(Unknown Source)
	at com.kms.katalon.core.webui.keyword.builtin.VerifyElementNotPresentKeyword$_verifyElementNotPresent_closure1.doCall(VerifyElementNotPresentKeyword.groovy:106)
	at com.kms.katalon.core.webui.keyword.builtin.VerifyElementNotPresentKeyword$_verifyElementNotPresent_closure1.doCall(VerifyElementNotPresentKeyword.groovy)
	at com.kms.katalon.core.webui.keyword.internal.WebUIKeywordMain.runKeyword(WebUIKeywordMain.groovy:20)
	at com.kms.katalon.core.webui.keyword.internal.WebUIKeywordMain$runKeyword.call(Unknown Source)
	at com.kms.katalon.core.webui.keyword.builtin.VerifyElementNotPresentKeyword.verifyElementNotPresent(VerifyElementNotPresentKeyword.groovy:117)
	at com.kms.katalon.core.webui.keyword.builtin.VerifyElementNotPresentKeyword.execute(VerifyElementNotPresentKeyword.groovy:68)
	at com.kms.katalon.core.keyword.internal.KeywordExecutor.executeKeywordForPlatform(KeywordExecutor.groovy:74)
	at com.kms.katalon.core.webui.keyword.WebUiBuiltInKeywords.verifyElementNotPresent(WebUiBuiltInKeywords.groovy:1481)
	at com.kms.katalon.core.webui.keyword.WebUiBuiltInKeywords$verifyElementNotPresent$8.call(Unknown Source)
	at GetBrokSumPriceDaily.run(GetBrokSumPriceDaily:309)
	at com.kms.katalon.core.main.ScriptEngine.run(ScriptEngine.java:194)
	at com.kms.katalon.core.main.ScriptEngine.runScriptAsRawText(ScriptEngine.java:119)
	at com.kms.katalon.core.main.TestCaseExecutor.runScript(TestCaseExecutor.java:445)
	at com.kms.katalon.core.main.TestCaseExecutor.doExecute(TestCaseExecutor.java:436)
	at com.kms.katalon.core.main.TestCaseExecutor.processExecutionPhase(TestCaseExecutor.java:415)
	at com.kms.katalon.core.main.TestCaseExecutor.accessMainPhase(TestCaseExecutor.java:407)
	at com.kms.katalon.core.main.TestCaseExecutor.execute(TestCaseExecutor.java:284)
	at com.kms.katalon.core.common.CommonExecutor.accessTestCaseMainPhase(CommonExecutor.java:65)
	at com.kms.katalon.core.main.TestSuiteExecutor.accessTestSuiteMainPhase(TestSuiteExecutor.java:144)
	at com.kms.katalon.core.main.TestSuiteExecutor.execute(TestSuiteExecutor.java:106)
	at com.kms.katalon.core.main.TestCaseMain.startTestSuite(TestCaseMain.java:185)
	at com.kms.katalon.core.main.TestCaseMain$startTestSuite$0.call(Unknown Source)
	at TempTestSuite1705920083951.run(TempTestSuite1705920083951.groovy:36)
)
[[ATTACHMENT|C:\\Users\\Fadli\\git\\KatalonDailyGetData2\\Reports\\20240122_174123\\TS1\\20240122_174123\\1705921238595.png]]

2024-01-22 18:00:38 - [TEST_STEP][PASSED] - else: null

2024-01-22 18:00:38 - [TEST_STEP][PASSED] - strSeller2 = getText(findTestObject("Stockbit/Bandarmology_Seller2")): Text of object 'Object Repository/Stockbit/Bandarmology_Seller2' is: 'BK'

2024-01-22 18:00:38 - [MESSAGE][PASSED] - Text of object 'Object Repository/Stockbit/Bandarmology_Seller2' is: 'BK'

2024-01-22 18:00:38 - [TEST_STEP][PASSED] - strSellerVol2 = getText(findTestObject("Stockbit/Bandarmology_SellerVol2")): Text of object 'Object Repository/Stockbit/Bandarmology_SellerVol2' is: '14.7 K'

2024-01-22 18:00:39 - [MESSAGE][PASSED] - Text of object 'Object Repository/Stockbit/Bandarmology_SellerVol2' is: '14.7 K'

2024-01-22 18:00:39 - [TEST_STEP][PASSED] - strSellerAvg2 = getText(findTestObject("Stockbit/Bandarmology_SellerAvg2")): Text of object 'Object Repository/Stockbit/Bandarmology_SellerAvg2' is: '583'

2024-01-22 18:00:39 - [MESSAGE][PASSED] - Text of object 'Object Repository/Stockbit/Bandarmology_SellerAvg2' is: '583'

2024-01-22 18:00:39 - [TEST_STEP][PASSED] - if (strSeller2 != ""): null

2024-01-22 18:00:39 - [TEST_STEP][PASSED] - if (strSellerAvg2.contains(",")): null

2024-01-22 18:00:39 - [TEST_STEP][PASSED] - if (strSellerVol2.contains(" B")): null

2024-01-22 18:00:39 - [TEST_STEP][PASSED] - else if (strSellerVol2.contains(" M")): null

2024-01-22 18:00:39 - [TEST_STEP][PASSED] - else if (strSellerVol2.contains(" K")): null

2024-01-22 18:00:39 - [TEST_STEP][PASSED] - strSellerVol2 = strSellerVol2.replace(" K", ""): null

2024-01-22 18:00:39 - [TEST_STEP][PASSED] - strSellerVol2 = strSellerVol2.toDouble() * 1000: null

2024-01-22 18:00:39 - [TEST_STEP][PASSED] - if (verifyElementNotPresent(findTestObject("Stockbit/Bandarmology_Buyer3"), 1, OPTIONAL)): Web element with id: 'Object Repository/Stockbit/Bandarmology_Buyer3' located by 'By.xpath: //*[contains(@id, 'rc-tabs-')]/div[2]/div/div/div/div/div/div[2]/table/tbody/tr[4]/td[1]/p' is present after '1' second(s) (Root cause: com.kms.katalon.core.exception.StepFailedException: Web element with id: 'Object Repository/Stockbit/Bandarmology_Buyer3' located by 'By.xpath: //*[contains(@id, 'rc-tabs-')]/div[2]/div/div/div/div/div/div[2]/table/tbody/tr[4]/td[1]/p' is present after '1' second(s)
	at com.kms.katalon.core.webui.keyword.internal.WebUIKeywordMain.stepFailed(WebUIKeywordMain.groovy:64)
	at com.kms.katalon.core.webui.keyword.internal.WebUIKeywordMain$stepFailed$0.call(Unknown Source)
	at com.kms.katalon.core.webui.keyword.builtin.VerifyElementNotPresentKeyword$_verifyElementNotPresent_closure1.doCall(VerifyElementNotPresentKeyword.groovy:106)
	at com.kms.katalon.core.webui.keyword.builtin.VerifyElementNotPresentKeyword$_verifyElementNotPresent_closure1.doCall(VerifyElementNotPresentKeyword.groovy)
	at com.kms.katalon.core.webui.keyword.internal.WebUIKeywordMain.runKeyword(WebUIKeywordMain.groovy:20)
	at com.kms.katalon.core.webui.keyword.internal.WebUIKeywordMain$runKeyword.call(Unknown Source)
	at com.kms.katalon.core.webui.keyword.builtin.VerifyElementNotPresentKeyword.verifyElementNotPresent(VerifyElementNotPresentKeyword.groovy:117)
	at com.kms.katalon.core.webui.keyword.builtin.VerifyElementNotPresentKeyword.execute(VerifyElementNotPresentKeyword.groovy:68)
	at com.kms.katalon.core.keyword.internal.KeywordExecutor.executeKeywordForPlatform(KeywordExecutor.groovy:74)
	at com.kms.katalon.core.webui.keyword.WebUiBuiltInKeywords.verifyElementNotPresent(WebUiBuiltInKeywords.groovy:1481)
	at com.kms.katalon.core.webui.keyword.WebUiBuiltInKeywords$verifyElementNotPresent$8.call(Unknown Source)
	at GetBrokSumPriceDaily.run(GetBrokSumPriceDaily:361)
	at com.kms.katalon.core.main.ScriptEngine.run(ScriptEngine.java:194)
	at com.kms.katalon.core.main.ScriptEngine.runScriptAsRawText(ScriptEngine.java:119)
	at com.kms.katalon.core.main.TestCaseExecutor.runScript(TestCaseExecutor.java:445)
	at com.kms.katalon.core.main.TestCaseExecutor.doExecute(TestCaseExecutor.java:436)
	at com.kms.katalon.core.main.TestCaseExecutor.processExecutionPhase(TestCaseExecutor.java:415)
	at com.kms.katalon.core.main.TestCaseExecutor.accessMainPhase(TestCaseExecutor.java:407)
	at com.kms.katalon.core.main.TestCaseExecutor.execute(TestCaseExecutor.java:284)
	at com.kms.katalon.core.common.CommonExecutor.accessTestCaseMainPhase(CommonExecutor.java:65)
	at com.kms.katalon.core.main.TestSuiteExecutor.accessTestSuiteMainPhase(TestSuiteExecutor.java:144)
	at com.kms.katalon.core.main.TestSuiteExecutor.execute(TestSuiteExecutor.java:106)
	at com.kms.katalon.core.main.TestCaseMain.startTestSuite(TestCaseMain.java:185)
	at com.kms.katalon.core.main.TestCaseMain$startTestSuite$0.call(Unknown Source)
	at TempTestSuite1705920083951.run(TempTestSuite1705920083951.groovy:36)
)

2024-01-22 18:00:40 - [MESSAGE][WARNING] - Web element with id: 'Object Repository/Stockbit/Bandarmology_Buyer3' located by 'By.xpath: //*[contains(@id, 'rc-tabs-')]/div[2]/div/div/div/div/div/div[2]/table/tbody/tr[4]/td[1]/p' is present after '1' second(s) (Root cause: com.kms.katalon.core.exception.StepFailedException: Web element with id: 'Object Repository/Stockbit/Bandarmology_Buyer3' located by 'By.xpath: //*[contains(@id, 'rc-tabs-')]/div[2]/div/div/div/div/div/div[2]/table/tbody/tr[4]/td[1]/p' is present after '1' second(s)
	at com.kms.katalon.core.webui.keyword.internal.WebUIKeywordMain.stepFailed(WebUIKeywordMain.groovy:64)
	at com.kms.katalon.core.webui.keyword.internal.WebUIKeywordMain$stepFailed$0.call(Unknown Source)
	at com.kms.katalon.core.webui.keyword.builtin.VerifyElementNotPresentKeyword$_verifyElementNotPresent_closure1.doCall(VerifyElementNotPresentKeyword.groovy:106)
	at com.kms.katalon.core.webui.keyword.builtin.VerifyElementNotPresentKeyword$_verifyElementNotPresent_closure1.doCall(VerifyElementNotPresentKeyword.groovy)
	at com.kms.katalon.core.webui.keyword.internal.WebUIKeywordMain.runKeyword(WebUIKeywordMain.groovy:20)
	at com.kms.katalon.core.webui.keyword.internal.WebUIKeywordMain$runKeyword.call(Unknown Source)
	at com.kms.katalon.core.webui.keyword.builtin.VerifyElementNotPresentKeyword.verifyElementNotPresent(VerifyElementNotPresentKeyword.groovy:117)
	at com.kms.katalon.core.webui.keyword.builtin.VerifyElementNotPresentKeyword.execute(VerifyElementNotPresentKeyword.groovy:68)
	at com.kms.katalon.core.keyword.internal.KeywordExecutor.executeKeywordForPlatform(KeywordExecutor.groovy:74)
	at com.kms.katalon.core.webui.keyword.WebUiBuiltInKeywords.verifyElementNotPresent(WebUiBuiltInKeywords.groovy:1481)
	at com.kms.katalon.core.webui.keyword.WebUiBuiltInKeywords$verifyElementNotPresent$8.call(Unknown Source)
	at GetBrokSumPriceDaily.run(GetBrokSumPriceDaily:361)
	at com.kms.katalon.core.main.ScriptEngine.run(ScriptEngine.java:194)
	at com.kms.katalon.core.main.ScriptEngine.runScriptAsRawText(ScriptEngine.java:119)
	at com.kms.katalon.core.main.TestCaseExecutor.runScript(TestCaseExecutor.java:445)
	at com.kms.katalon.core.main.TestCaseExecutor.doExecute(TestCaseExecutor.java:436)
	at com.kms.katalon.core.main.TestCaseExecutor.processExecutionPhase(TestCaseExecutor.java:415)
	at com.kms.katalon.core.main.TestCaseExecutor.accessMainPhase(TestCaseExecutor.java:407)
	at com.kms.katalon.core.main.TestCaseExecutor.execute(TestCaseExecutor.java:284)
	at com.kms.katalon.core.common.CommonExecutor.accessTestCaseMainPhase(CommonExecutor.java:65)
	at com.kms.katalon.core.main.TestSuiteExecutor.accessTestSuiteMainPhase(TestSuiteExecutor.java:144)
	at com.kms.katalon.core.main.TestSuiteExecutor.execute(TestSuiteExecutor.java:106)
	at com.kms.katalon.core.main.TestCaseMain.startTestSuite(TestCaseMain.java:185)
	at com.kms.katalon.core.main.TestCaseMain$startTestSuite$0.call(Unknown Source)
	at TempTestSuite1705920083951.run(TempTestSuite1705920083951.groovy:36)
)
[[ATTACHMENT|C:\\Users\\Fadli\\git\\KatalonDailyGetData2\\Reports\\20240122_174123\\TS1\\20240122_174123\\1705921240509.png]]

2024-01-22 18:00:40 - [TEST_STEP][PASSED] - else: null

2024-01-22 18:00:40 - [TEST_STEP][PASSED] - strBuyer3 = getText(findTestObject("Stockbit/Bandarmology_Buyer3")): Text of object 'Object Repository/Stockbit/Bandarmology_Buyer3' is: 'OD'

2024-01-22 18:00:40 - [MESSAGE][PASSED] - Text of object 'Object Repository/Stockbit/Bandarmology_Buyer3' is: 'OD'

2024-01-22 18:00:40 - [TEST_STEP][PASSED] - strBuyerVol3 = getText(findTestObject("Stockbit/Bandarmology_BuyerVol3")): Text of object 'Object Repository/Stockbit/Bandarmology_BuyerVol3' is: '11.6 K'

2024-01-22 18:00:41 - [MESSAGE][PASSED] - Text of object 'Object Repository/Stockbit/Bandarmology_BuyerVol3' is: '11.6 K'

2024-01-22 18:00:41 - [TEST_STEP][PASSED] - strBuyerAvg3 = getText(findTestObject("Stockbit/Bandarmology_BuyerAvg3")): Text of object 'Object Repository/Stockbit/Bandarmology_BuyerAvg3' is: '583'

2024-01-22 18:00:41 - [MESSAGE][PASSED] - Text of object 'Object Repository/Stockbit/Bandarmology_BuyerAvg3' is: '583'

2024-01-22 18:00:41 - [TEST_STEP][PASSED] - if (strBuyer3 != ""): null

2024-01-22 18:00:41 - [TEST_STEP][PASSED] - if (strBuyerAvg3.contains(",")): null

2024-01-22 18:00:41 - [TEST_STEP][PASSED] - if (strBuyerVol3.contains(" B")): null

2024-01-22 18:00:41 - [TEST_STEP][PASSED] - else if (strBuyerVol3.contains(" M")): null

2024-01-22 18:00:41 - [TEST_STEP][PASSED] - else if (strBuyerVol3.contains(" K")): null

2024-01-22 18:00:41 - [TEST_STEP][PASSED] - strBuyerVol3 = strBuyerVol3.replace(" K", ""): null

2024-01-22 18:00:41 - [TEST_STEP][PASSED] - strBuyerVol3 = strBuyerVol3.toDouble() * 1000: null

2024-01-22 18:00:41 - [TEST_STEP][PASSED] - if (verifyElementNotPresent(findTestObject("Stockbit/Bandarmology_Seller3"), 1, OPTIONAL)): Web element with id: 'Object Repository/Stockbit/Bandarmology_Seller3' located by 'By.xpath: //*[contains(@id, 'rc-tabs-')]/div[2]/div/div/div/div/div/div[2]/table/tbody/tr[4]/td[5]/p' is present after '1' second(s) (Root cause: com.kms.katalon.core.exception.StepFailedException: Web element with id: 'Object Repository/Stockbit/Bandarmology_Seller3' located by 'By.xpath: //*[contains(@id, 'rc-tabs-')]/div[2]/div/div/div/div/div/div[2]/table/tbody/tr[4]/td[5]/p' is present after '1' second(s)
	at com.kms.katalon.core.webui.keyword.internal.WebUIKeywordMain.stepFailed(WebUIKeywordMain.groovy:64)
	at com.kms.katalon.core.webui.keyword.internal.WebUIKeywordMain$stepFailed$0.call(Unknown Source)
	at com.kms.katalon.core.webui.keyword.builtin.VerifyElementNotPresentKeyword$_verifyElementNotPresent_closure1.doCall(VerifyElementNotPresentKeyword.groovy:106)
	at com.kms.katalon.core.webui.keyword.builtin.VerifyElementNotPresentKeyword$_verifyElementNotPresent_closure1.doCall(VerifyElementNotPresentKeyword.groovy)
	at com.kms.katalon.core.webui.keyword.internal.WebUIKeywordMain.runKeyword(WebUIKeywordMain.groovy:20)
	at com.kms.katalon.core.webui.keyword.internal.WebUIKeywordMain$runKeyword.call(Unknown Source)
	at com.kms.katalon.core.webui.keyword.builtin.VerifyElementNotPresentKeyword.verifyElementNotPresent(VerifyElementNotPresentKeyword.groovy:117)
	at com.kms.katalon.core.webui.keyword.builtin.VerifyElementNotPresentKeyword.execute(VerifyElementNotPresentKeyword.groovy:68)
	at com.kms.katalon.core.keyword.internal.KeywordExecutor.executeKeywordForPlatform(KeywordExecutor.groovy:74)
	at com.kms.katalon.core.webui.keyword.WebUiBuiltInKeywords.verifyElementNotPresent(WebUiBuiltInKeywords.groovy:1481)
	at com.kms.katalon.core.webui.keyword.WebUiBuiltInKeywords$verifyElementNotPresent$8.call(Unknown Source)
	at GetBrokSumPriceDaily.run(GetBrokSumPriceDaily:414)
	at com.kms.katalon.core.main.ScriptEngine.run(ScriptEngine.java:194)
	at com.kms.katalon.core.main.ScriptEngine.runScriptAsRawText(ScriptEngine.java:119)
	at com.kms.katalon.core.main.TestCaseExecutor.runScript(TestCaseExecutor.java:445)
	at com.kms.katalon.core.main.TestCaseExecutor.doExecute(TestCaseExecutor.java:436)
	at com.kms.katalon.core.main.TestCaseExecutor.processExecutionPhase(TestCaseExecutor.java:415)
	at com.kms.katalon.core.main.TestCaseExecutor.accessMainPhase(TestCaseExecutor.java:407)
	at com.kms.katalon.core.main.TestCaseExecutor.execute(TestCaseExecutor.java:284)
	at com.kms.katalon.core.common.CommonExecutor.accessTestCaseMainPhase(CommonExecutor.java:65)
	at com.kms.katalon.core.main.TestSuiteExecutor.accessTestSuiteMainPhase(TestSuiteExecutor.java:144)
	at com.kms.katalon.core.main.TestSuiteExecutor.execute(TestSuiteExecutor.java:106)
	at com.kms.katalon.core.main.TestCaseMain.startTestSuite(TestCaseMain.java:185)
	at com.kms.katalon.core.main.TestCaseMain$startTestSuite$0.call(Unknown Source)
	at TempTestSuite1705920083951.run(TempTestSuite1705920083951.groovy:36)
)

2024-01-22 18:00:42 - [MESSAGE][WARNING] - Web element with id: 'Object Repository/Stockbit/Bandarmology_Seller3' located by 'By.xpath: //*[contains(@id, 'rc-tabs-')]/div[2]/div/div/div/div/div/div[2]/table/tbody/tr[4]/td[5]/p' is present after '1' second(s) (Root cause: com.kms.katalon.core.exception.StepFailedException: Web element with id: 'Object Repository/Stockbit/Bandarmology_Seller3' located by 'By.xpath: //*[contains(@id, 'rc-tabs-')]/div[2]/div/div/div/div/div/div[2]/table/tbody/tr[4]/td[5]/p' is present after '1' second(s)
	at com.kms.katalon.core.webui.keyword.internal.WebUIKeywordMain.stepFailed(WebUIKeywordMain.groovy:64)
	at com.kms.katalon.core.webui.keyword.internal.WebUIKeywordMain$stepFailed$0.call(Unknown Source)
	at com.kms.katalon.core.webui.keyword.builtin.VerifyElementNotPresentKeyword$_verifyElementNotPresent_closure1.doCall(VerifyElementNotPresentKeyword.groovy:106)
	at com.kms.katalon.core.webui.keyword.builtin.VerifyElementNotPresentKeyword$_verifyElementNotPresent_closure1.doCall(VerifyElementNotPresentKeyword.groovy)
	at com.kms.katalon.core.webui.keyword.internal.WebUIKeywordMain.runKeyword(WebUIKeywordMain.groovy:20)
	at com.kms.katalon.core.webui.keyword.internal.WebUIKeywordMain$runKeyword.call(Unknown Source)
	at com.kms.katalon.core.webui.keyword.builtin.VerifyElementNotPresentKeyword.verifyElementNotPresent(VerifyElementNotPresentKeyword.groovy:117)
	at com.kms.katalon.core.webui.keyword.builtin.VerifyElementNotPresentKeyword.execute(VerifyElementNotPresentKeyword.groovy:68)
	at com.kms.katalon.core.keyword.internal.KeywordExecutor.executeKeywordForPlatform(KeywordExecutor.groovy:74)
	at com.kms.katalon.core.webui.keyword.WebUiBuiltInKeywords.verifyElementNotPresent(WebUiBuiltInKeywords.groovy:1481)
	at com.kms.katalon.core.webui.keyword.WebUiBuiltInKeywords$verifyElementNotPresent$8.call(Unknown Source)
	at GetBrokSumPriceDaily.run(GetBrokSumPriceDaily:414)
	at com.kms.katalon.core.main.ScriptEngine.run(ScriptEngine.java:194)
	at com.kms.katalon.core.main.ScriptEngine.runScriptAsRawText(ScriptEngine.java:119)
	at com.kms.katalon.core.main.TestCaseExecutor.runScript(TestCaseExecutor.java:445)
	at com.kms.katalon.core.main.TestCaseExecutor.doExecute(TestCaseExecutor.java:436)
	at com.kms.katalon.core.main.TestCaseExecutor.processExecutionPhase(TestCaseExecutor.java:415)
	at com.kms.katalon.core.main.TestCaseExecutor.accessMainPhase(TestCaseExecutor.java:407)
	at com.kms.katalon.core.main.TestCaseExecutor.execute(TestCaseExecutor.java:284)
	at com.kms.katalon.core.common.CommonExecutor.accessTestCaseMainPhase(CommonExecutor.java:65)
	at com.kms.katalon.core.main.TestSuiteExecutor.accessTestSuiteMainPhase(TestSuiteExecutor.java:144)
	at com.kms.katalon.core.main.TestSuiteExecutor.execute(TestSuiteExecutor.java:106)
	at com.kms.katalon.core.main.TestCaseMain.startTestSuite(TestCaseMain.java:185)
	at com.kms.katalon.core.main.TestCaseMain$startTestSuite$0.call(Unknown Source)
	at TempTestSuite1705920083951.run(TempTestSuite1705920083951.groovy:36)
)
[[ATTACHMENT|C:\\Users\\Fadli\\git\\KatalonDailyGetData2\\Reports\\20240122_174123\\TS1\\20240122_174123\\1705921242451.png]]

2024-01-22 18:00:42 - [TEST_STEP][PASSED] - else: null

2024-01-22 18:00:42 - [TEST_STEP][PASSED] - strSeller3 = getText(findTestObject("Stockbit/Bandarmology_Seller3")): Text of object 'Object Repository/Stockbit/Bandarmology_Seller3' is: 'GR'

2024-01-22 18:00:42 - [MESSAGE][PASSED] - Text of object 'Object Repository/Stockbit/Bandarmology_Seller3' is: 'GR'

2024-01-22 18:00:42 - [TEST_STEP][PASSED] - strSellerVol3 = getText(findTestObject("Stockbit/Bandarmology_SellerVol3")): Text of object 'Object Repository/Stockbit/Bandarmology_SellerVol3' is: '14 K'

2024-01-22 18:00:42 - [MESSAGE][PASSED] - Text of object 'Object Repository/Stockbit/Bandarmology_SellerVol3' is: '14 K'

2024-01-22 18:00:42 - [TEST_STEP][PASSED] - strSellerAvg3 = getText(findTestObject("Stockbit/Bandarmology_SellerAvg3")): Text of object 'Object Repository/Stockbit/Bandarmology_SellerAvg3' is: '579'

2024-01-22 18:00:43 - [MESSAGE][PASSED] - Text of object 'Object Repository/Stockbit/Bandarmology_SellerAvg3' is: '579'

2024-01-22 18:00:43 - [TEST_STEP][PASSED] - if (strSeller3 != ""): null

2024-01-22 18:00:43 - [TEST_STEP][PASSED] - if (strSellerAvg3.contains(",")): null

2024-01-22 18:00:43 - [TEST_STEP][PASSED] - if (strSellerVol3.contains(" B")): null

2024-01-22 18:00:43 - [TEST_STEP][PASSED] - else if (strSellerVol3.contains(" M")): null

2024-01-22 18:00:43 - [TEST_STEP][PASSED] - else if (strSellerVol3.contains(" K")): null

2024-01-22 18:00:43 - [TEST_STEP][PASSED] - strSellerVol3 = strSellerVol3.replace(" K", ""): null

2024-01-22 18:00:43 - [TEST_STEP][PASSED] - strSellerVol3 = strSellerVol3.toDouble() * 1000: null

2024-01-22 18:00:43 - [TEST_STEP][PASSED] - strAccDist = getText(findTestObject("Stockbit/Bandarmology_AccDist")): Text of object 'Object Repository/Stockbit/Bandarmology_AccDist' is: 'Acc'

2024-01-22 18:00:43 - [MESSAGE][PASSED] - Text of object 'Object Repository/Stockbit/Bandarmology_AccDist' is: 'Acc'

2024-01-22 18:00:43 - [TEST_STEP][PASSED] - strNetVol = getText(findTestObject("Stockbit/Bandarmology_NetVol")): Text of object 'Object Repository/Stockbit/Bandarmology_NetVol' is: '114,485'

2024-01-22 18:00:43 - [MESSAGE][PASSED] - Text of object 'Object Repository/Stockbit/Bandarmology_NetVol' is: '114,485'

2024-01-22 18:00:43 - [TEST_STEP][PASSED] - strNetVol = strNetVol.replace(",", ""): null

2024-01-22 18:00:43 - [TEST_STEP][PASSED] - strNetVal = getText(findTestObject("Stockbit/Bandarmology_NetVal")): Text of object 'Object Repository/Stockbit/Bandarmology_NetVal' is: '6.7 B'

2024-01-22 18:00:43 - [MESSAGE][PASSED] - Text of object 'Object Repository/Stockbit/Bandarmology_NetVal' is: '6.7 B'

2024-01-22 18:00:43 - [TEST_STEP][PASSED] - delay(3): Delayed 3 second(s)

2024-01-22 18:00:46 - [MESSAGE][PASSED] - Delayed 3 second(s)

2024-01-22 18:00:46 - [TEST_STEP][PASSED] - strOpenPrice = getText(findTestObject("Stockbit/Home_OpenPrice")): Text of object 'Object Repository/Stockbit/Home_OpenPrice' is: '590'

2024-01-22 18:00:46 - [MESSAGE][PASSED] - Text of object 'Object Repository/Stockbit/Home_OpenPrice' is: '590'

2024-01-22 18:00:46 - [TEST_STEP][PASSED] - strOpenPrice = strOpenPrice.replace(",", ""): null

2024-01-22 18:00:46 - [TEST_STEP][PASSED] - strLowPrice = getText(findTestObject("Stockbit/Home_LowPrice")): Text of object 'Object Repository/Stockbit/Home_LowPrice' is: '575'

2024-01-22 18:00:46 - [MESSAGE][PASSED] - Text of object 'Object Repository/Stockbit/Home_LowPrice' is: '575'

2024-01-22 18:00:46 - [TEST_STEP][PASSED] - strLowPrice = strLowPrice.replace(",", ""): null

2024-01-22 18:00:46 - [TEST_STEP][PASSED] - strHighPrice = getText(findTestObject("Stockbit/Home_HighPrice")): Text of object 'Object Repository/Stockbit/Home_HighPrice' is: '590'

2024-01-22 18:00:47 - [MESSAGE][PASSED] - Text of object 'Object Repository/Stockbit/Home_HighPrice' is: '590'

2024-01-22 18:00:47 - [TEST_STEP][PASSED] - strHighPrice = strHighPrice.replace(",", ""): null

2024-01-22 18:00:47 - [TEST_STEP][PASSED] - strClosePrice = getText(findTestObject("Stockbit/Home_ClosePrice")): Text of object 'Object Repository/Stockbit/Home_ClosePrice' is: '585'

2024-01-22 18:00:47 - [MESSAGE][PASSED] - Text of object 'Object Repository/Stockbit/Home_ClosePrice' is: '585'

2024-01-22 18:00:47 - [TEST_STEP][PASSED] - strClosePrice = strClosePrice.replace(",", ""): null

2024-01-22 18:00:47 - [TEST_STEP][PASSED] - strVol = getText(findTestObject("Stockbit/Home_Volume")): Text of object 'Object Repository/Stockbit/Home_Volume' is: '165 K'

2024-01-22 18:00:47 - [MESSAGE][PASSED] - Text of object 'Object Repository/Stockbit/Home_Volume' is: '165 K'

2024-01-22 18:00:47 - [TEST_STEP][PASSED] - if (strVol.contains(" K")): null

2024-01-22 18:00:47 - [TEST_STEP][PASSED] - strVol = strVol.replace(" K", "000"): null

2024-01-22 18:00:47 - [TEST_STEP][PASSED] - if (strVol.contains(",")): null

2024-01-22 18:00:47 - [TEST_STEP][PASSED] - strChange = getText(findTestObject("Stockbit/Home_Change")): Text of object 'Object Repository/Stockbit/Home_Change' is: '0.00%'

2024-01-22 18:00:47 - [MESSAGE][PASSED] - Text of object 'Object Repository/Stockbit/Home_Change' is: '0.00%'

2024-01-22 18:00:47 - [TEST_STEP][PASSED] - strChange = strChange.replace("%", ""): null

2024-01-22 18:00:47 - [TEST_STEP][PASSED] - strFreq = getText(findTestObject("Stockbit/Home_Freq")): Text of object 'Object Repository/Stockbit/Home_Freq' is: '1,245'

2024-01-22 18:00:47 - [MESSAGE][PASSED] - Text of object 'Object Repository/Stockbit/Home_Freq' is: '1,245'

2024-01-22 18:00:47 - [TEST_STEP][PASSED] - if (strFreq.contains(",")): null

2024-01-22 18:00:47 - [TEST_STEP][PASSED] - strFreq = strFreq.replace(",", ""): null

2024-01-22 18:00:47 - [TEST_STEP][PASSED] - if (strFreq == "NA" || strFreq == ""): null

2024-01-22 18:00:47 - [TEST_STEP][PASSED] - else: null

2024-01-22 18:00:47 - [TEST_STEP][PASSED] - dblFreqAnal = strVol.toDouble() / strFreq.toDouble() * strFreq.toDouble() * strFreq.toDouble() * 100000000: null

2024-01-22 18:00:47 - [TEST_STEP][PASSED] - strFreqAnal = String.format("%.4f", dblFreqAnal): null

2024-01-22 18:00:47 - [TEST_STEP][PASSED] - out.println("Double strFreqAnal: " + strFreqAnal): null

2024-01-22 18:00:47 - [TEST_STEP][PASSED] - strTanggal = d.format(DateTimeFormatter.ofPattern("yyyy-MM-dd")): null

2024-01-22 18:00:47 - [TEST_STEP][PASSED] - strTanggal = "#" + strTanggal + "#": null

2024-01-22 18:00:47 - [TEST_STEP][PASSED] - strSQL = "select count(*) as JumBaris from TblBrokSum where Nama = '" + strNama + "' and Tanggal = " + strTanggal + "": null

2024-01-22 18:00:47 - [TEST_STEP][PASSED] - resultSet = statement.executeQuery(strSQL): null

2024-01-22 18:00:47 - [TEST_STEP][PASSED] - resultSet.next(): null

2024-01-22 18:00:47 - [TEST_STEP][PASSED] - intJumBaris = resultSet.getInt("JumBaris"): null

2024-01-22 18:00:47 - [TEST_STEP][PASSED] - if (intJumBaris > 0): null

2024-01-22 18:00:47 - [TEST_STEP][PASSED] - else: null

2024-01-22 18:00:47 - [TEST_STEP][PASSED] - try: null

2024-01-22 18:00:47 - [TEST_STEP][PASSED] - out.println("Insert data"): null

2024-01-22 18:00:47 - [TEST_STEP][PASSED] - strSQL = "insert into TblBrokSum (nama, tanggal, top1, top2, top3, AllBrokAvg, AccDist, AvgRP, " + "Buyer1, BuyerVal1, BuyerAvg1, Seller1, SellerVal1, SellerAvg1, Buyer2, BuyerVal2, BuyerAvg2, " + "Seller2, SellerVal2, SellerAvg2, Buyer3, BuyerVal3, BuyerAvg3, Seller3, SellerVal3, SellerAvg3, NetVol, NetVal, " + "OpenPrice, LowPrice, HighPrice, ClosePrice, Volume, Change, Frekuensi, FrekAnal) " + "values ('" + strNama + "', " + strTanggal + ", '" + strTop1 + "', '" + strTop3 + "', '" + strTop5 + "', " + "'" + strAllBrokAvg + "', '" + strAccDist + "', " + intAvgRP + ", '" + strBuyer1 + "', '" + strBuyerVol1 + "', " + strBuyerAvg1 + ", " + "'" + strSeller1 + "', '" + strSellerVol1 + "', " + strSellerAvg1 + ", '" + strBuyer2 + "', '" + strBuyerVol2 + "', " + strBuyerAvg2 + ", " + "'" + strSeller2 + "', '" + strSellerVol2 + "', " + strSellerAvg2 + ", '" + strBuyer3 + "', '" + strBuyerVol3 + "', " + strBuyerAvg3 + ", " + "'" + strSeller3 + "', '" + strSellerVol3 + "', " + strSellerAvg3 + ", " + strNetVol + ", '" + strNetVal + "', " + "" + strOpenPrice + ", " + strLowPrice + ", " + strHighPrice + ", " + strClosePrice + ", '" + strVol + "', " + strChange + ", " + strFreq + ", " + strFreqAnal + ");": null

2024-01-22 18:00:47 - [TEST_STEP][PASSED] - out.println("strSQL = " + strSQL): null

2024-01-22 18:00:47 - [TEST_STEP][PASSED] - statement.executeUpdate(strSQL): null

2024-01-22 18:00:47 - [TEST_STEP][PASSED] - setValueToCellByIndex(sheet01, rowIndex, 4, "DONE"): null

2024-01-22 18:00:47 - [TEST_STEP][PASSED] - saveWorkbook(excelFilePath, workbook01): null

2024-01-22 18:00:47 - [TEST_STEP][PASSED] - waitForElementClickable(findTestObject("Stockbit/menu_Bandarmology"), 10): Object 'Object Repository/Stockbit/menu_Bandarmology' is clickable

2024-01-22 18:00:47 - [MESSAGE][PASSED] - Object 'Object Repository/Stockbit/menu_Bandarmology' is clickable

2024-01-22 18:00:47 - [TEST_STEP][PASSED] - click(findTestObject("Stockbit/menu_Bandarmology")): Object: 'Object Repository/Stockbit/menu_Bandarmology' is clicked on

2024-01-22 18:00:48 - [MESSAGE][PASSED] - Object: 'Object Repository/Stockbit/menu_Bandarmology' is clicked on

2024-01-22 18:00:48 - [TEST_STEP][PASSED] - strTemp = "NA": null

2024-01-22 18:00:48 - [TEST_STEP][PASSED] - if (getCellValueByIndex(sheet01, rowIndex, 4) != "DONE"): Object: 'Object Repository/Stockbit/menu_Bandarmology' is clicked on

2024-01-22 18:00:48 - [TEST_STEP][PASSED] - strNama = getCellValueByIndex(sheet01, rowIndex, 0): null

2024-01-22 18:00:48 - [TEST_STEP][PASSED] - navigateToUrl("https://stockbit.com/#/symbol/" + strNama): Navigate to 'https://stockbit.com/#/symbol/GPSO' successfully

2024-01-22 18:00:51 - [MESSAGE][PASSED] - Navigate to 'https://stockbit.com/#/symbol/GPSO' successfully

2024-01-22 18:00:51 - [TEST_STEP][PASSED] - waitForElementClickable(findTestObject("Stockbit/menu_Bandarmology"), 10): Object 'Object Repository/Stockbit/menu_Bandarmology' is clickable

2024-01-22 18:00:51 - [MESSAGE][PASSED] - Object 'Object Repository/Stockbit/menu_Bandarmology' is clickable

2024-01-22 18:00:51 - [TEST_STEP][PASSED] - click(findTestObject("Stockbit/menu_Bandarmology")): Object: 'Object Repository/Stockbit/menu_Bandarmology' is clicked on

2024-01-22 18:00:52 - [MESSAGE][PASSED] - Object: 'Object Repository/Stockbit/menu_Bandarmology' is clicked on

2024-01-22 18:00:52 - [TEST_STEP][PASSED] - strTanggal = d.format(DateTimeFormatter.ofPattern("MMM dd, yyyy")): null

2024-01-22 18:00:52 - [TEST_STEP][PASSED] - strTanggal = d.format(ISO_DATE): null

2024-01-22 18:00:52 - [TEST_STEP][PASSED] - out.println("strTanggal = " + strTanggal): null

2024-01-22 18:00:52 - [TEST_STEP][PASSED] - out.println("strNama = " + strNama): null

2024-01-22 18:00:52 - [TEST_STEP][PASSED] - out.println("Baris ke = " + rowIndex): null

2024-01-22 18:00:52 - [TEST_STEP][PASSED] - click(findTestObject("Stockbit/input__BandarmologyOpenStartDate")): Object: 'Object Repository/Stockbit/input__BandarmologyOpenStartDate' is clicked on

2024-01-22 18:00:53 - [MESSAGE][PASSED] - Object: 'Object Repository/Stockbit/input__BandarmologyOpenStartDate' is clicked on

2024-01-22 18:00:53 - [TEST_STEP][PASSED] - sendKeys(findTestObject("Stockbit/input__BandarmologyOpenStartDate"), Keys.chord(CONTROL, "a")): Keys 'CONTROL + a' sent to object: 'Object Repository/Stockbit/input__BandarmologyOpenStartDate'

2024-01-22 18:00:54 - [MESSAGE][PASSED] - Keys 'CONTROL + a' sent to object: 'Object Repository/Stockbit/input__BandarmologyOpenStartDate'

2024-01-22 18:00:54 - [TEST_STEP][PASSED] - sendKeys(findTestObject("Stockbit/input__BandarmologyOpenStartDate"), Keys.chord(BACK_SPACE)): Keys 'BACK_SPACE + ' sent to object: 'Object Repository/Stockbit/input__BandarmologyOpenStartDate'

2024-01-22 18:00:54 - [MESSAGE][PASSED] - Keys 'BACK_SPACE + ' sent to object: 'Object Repository/Stockbit/input__BandarmologyOpenStartDate'

2024-01-22 18:00:54 - [TEST_STEP][PASSED] - setText(findTestObject("Stockbit/input__BandarmologyOpenStartDate"), strTanggal): Text '2024-01-22' is set on object 'Object Repository/Stockbit/input__BandarmologyOpenStartDate'

2024-01-22 18:00:55 - [MESSAGE][PASSED] - Text '2024-01-22' is set on object 'Object Repository/Stockbit/input__BandarmologyOpenStartDate'

2024-01-22 18:00:55 - [TEST_STEP][PASSED] - sendKeys(findTestObject("Stockbit/input__BandarmologyOpenStartDate"), Keys.chord(ENTER)): Keys 'ENTER + ' sent to object: 'Object Repository/Stockbit/input__BandarmologyOpenStartDate'

2024-01-22 18:00:55 - [MESSAGE][PASSED] - Keys 'ENTER + ' sent to object: 'Object Repository/Stockbit/input__BandarmologyOpenStartDate'

2024-01-22 18:00:55 - [TEST_STEP][PASSED] - click(findTestObject("Stockbit/input__BandarmologyOpenEndDate")): Object: 'Object Repository/Stockbit/input__BandarmologyOpenEndDate' is clicked on

2024-01-22 18:00:56 - [MESSAGE][PASSED] - Object: 'Object Repository/Stockbit/input__BandarmologyOpenEndDate' is clicked on

2024-01-22 18:00:56 - [TEST_STEP][PASSED] - sendKeys(findTestObject("Stockbit/input__BandarmologyOpenEndDate"), Keys.chord(CONTROL, "a")): Keys 'CONTROL + a' sent to object: 'Object Repository/Stockbit/input__BandarmologyOpenEndDate'

2024-01-22 18:00:56 - [MESSAGE][PASSED] - Keys 'CONTROL + a' sent to object: 'Object Repository/Stockbit/input__BandarmologyOpenEndDate'

2024-01-22 18:00:56 - [TEST_STEP][PASSED] - sendKeys(findTestObject("Stockbit/input__BandarmologyOpenEndDate"), Keys.chord(BACK_SPACE)): Keys 'BACK_SPACE + ' sent to object: 'Object Repository/Stockbit/input__BandarmologyOpenEndDate'

2024-01-22 18:00:57 - [MESSAGE][PASSED] - Keys 'BACK_SPACE + ' sent to object: 'Object Repository/Stockbit/input__BandarmologyOpenEndDate'

2024-01-22 18:00:57 - [TEST_STEP][PASSED] - setText(findTestObject("Stockbit/input__BandarmologyOpenEndDate"), strTanggal): Text '2024-01-22' is set on object 'Object Repository/Stockbit/input__BandarmologyOpenEndDate'

2024-01-22 18:00:57 - [MESSAGE][PASSED] - Text '2024-01-22' is set on object 'Object Repository/Stockbit/input__BandarmologyOpenEndDate'

2024-01-22 18:00:57 - [TEST_STEP][PASSED] - sendKeys(findTestObject("Stockbit/input__BandarmologyOpenEndDate"), Keys.chord(ENTER)): Keys 'ENTER + ' sent to object: 'Object Repository/Stockbit/input__BandarmologyOpenEndDate'

2024-01-22 18:00:58 - [MESSAGE][PASSED] - Keys 'ENTER + ' sent to object: 'Object Repository/Stockbit/input__BandarmologyOpenEndDate'

2024-01-22 18:00:58 - [TEST_STEP][PASSED] - delay(2): Delayed 2 second(s)

2024-01-22 18:01:00 - [MESSAGE][PASSED] - Delayed 2 second(s)

2024-01-22 18:01:00 - [TEST_STEP][PASSED] - strTemp = getText(findTestObject("Stockbit/Bandarmology_AvgRP")): Text of object 'Object Repository/Stockbit/Bandarmology_AvgRP' is: '126'

2024-01-22 18:01:00 - [MESSAGE][PASSED] - Text of object 'Object Repository/Stockbit/Bandarmology_AvgRP' is: '126'

2024-01-22 18:01:00 - [TEST_STEP][PASSED] - out.println("Bandarmology_AvgRP = " + strTemp): null

2024-01-22 18:01:00 - [TEST_STEP][PASSED] - if (strTemp != "0"): null

2024-01-22 18:01:00 - [TEST_STEP][PASSED] - strTop1 = getText(findTestObject("Stockbit/Bandarmology_Top1")): Text of object 'Object Repository/Stockbit/Bandarmology_Top1' is: 'Normal Dist'

2024-01-22 18:01:00 - [MESSAGE][PASSED] - Text of object 'Object Repository/Stockbit/Bandarmology_Top1' is: 'Normal Dist'

2024-01-22 18:01:00 - [TEST_STEP][PASSED] - strTop3 = getText(findTestObject("Stockbit/Bandarmology_Top3")): Text of object 'Object Repository/Stockbit/Bandarmology_Top3' is: 'Neutral'

2024-01-22 18:01:00 - [MESSAGE][PASSED] - Text of object 'Object Repository/Stockbit/Bandarmology_Top3' is: 'Neutral'

2024-01-22 18:01:00 - [TEST_STEP][PASSED] - strTop5 = getText(findTestObject("Stockbit/Bandarmology_Top5")): Text of object 'Object Repository/Stockbit/Bandarmology_Top5' is: 'Neutral'

2024-01-22 18:01:00 - [MESSAGE][PASSED] - Text of object 'Object Repository/Stockbit/Bandarmology_Top5' is: 'Neutral'

2024-01-22 18:01:00 - [TEST_STEP][PASSED] - strAllBrokAvg = getText(findTestObject("Stockbit/Bandarmology_TopAVG")): Text of object 'Object Repository/Stockbit/Bandarmology_TopAVG' is: 'Neutral'

2024-01-22 18:01:00 - [MESSAGE][PASSED] - Text of object 'Object Repository/Stockbit/Bandarmology_TopAVG' is: 'Neutral'

2024-01-22 18:01:00 - [TEST_STEP][PASSED] - strTemp = getText(findTestObject("Stockbit/Bandarmology_AvgRP")): Text of object 'Object Repository/Stockbit/Bandarmology_AvgRP' is: '126'

2024-01-22 18:01:01 - [MESSAGE][PASSED] - Text of object 'Object Repository/Stockbit/Bandarmology_AvgRP' is: '126'

2024-01-22 18:01:01 - [TEST_STEP][PASSED] - if (strTemp.contains(",")): null

2024-01-22 18:01:01 - [TEST_STEP][PASSED] - intAvgRP = strTemp.toInteger(): null

2024-01-22 18:01:01 - [TEST_STEP][PASSED] - strBuyer1 = getText(findTestObject("Stockbit/Bandarmology_Buyer1")): Text of object 'Object Repository/Stockbit/Bandarmology_Buyer1' is: 'RG'

2024-01-22 18:01:01 - [MESSAGE][PASSED] - Text of object 'Object Repository/Stockbit/Bandarmology_Buyer1' is: 'RG'

2024-01-22 18:01:01 - [TEST_STEP][PASSED] - strBuyerVol1 = getText(findTestObject("Stockbit/Bandarmology_BuyerVol1")): Text of object 'Object Repository/Stockbit/Bandarmology_BuyerVol1' is: '333'

2024-01-22 18:01:01 - [MESSAGE][PASSED] - Text of object 'Object Repository/Stockbit/Bandarmology_BuyerVol1' is: '333'

2024-01-22 18:01:01 - [TEST_STEP][PASSED] - strBuyerAvg1 = getText(findTestObject("Stockbit/Bandarmology_BuyerAvg1")): Text of object 'Object Repository/Stockbit/Bandarmology_BuyerAvg1' is: '126'

2024-01-22 18:01:01 - [MESSAGE][PASSED] - Text of object 'Object Repository/Stockbit/Bandarmology_BuyerAvg1' is: '126'

2024-01-22 18:01:01 - [TEST_STEP][PASSED] - if (strBuyerAvg1.contains(",")): null

2024-01-22 18:01:01 - [TEST_STEP][PASSED] - if (strBuyerVol1.contains(" B")): null

2024-01-22 18:01:01 - [TEST_STEP][PASSED] - strSeller1 = getText(findTestObject("Stockbit/Bandarmology_Seller1")): Text of object 'Object Repository/Stockbit/Bandarmology_Seller1' is: 'YP'

2024-01-22 18:01:01 - [MESSAGE][PASSED] - Text of object 'Object Repository/Stockbit/Bandarmology_Seller1' is: 'YP'

2024-01-22 18:01:01 - [TEST_STEP][PASSED] - strSellerVol1 = getText(findTestObject("Stockbit/Bandarmology_SellerVol1")): Text of object 'Object Repository/Stockbit/Bandarmology_SellerVol1' is: '478'

2024-01-22 18:01:01 - [MESSAGE][PASSED] - Text of object 'Object Repository/Stockbit/Bandarmology_SellerVol1' is: '478'

2024-01-22 18:01:01 - [TEST_STEP][PASSED] - strSellerAvg1 = getText(findTestObject("Stockbit/Bandarmology_SellerAvg1")): Text of object 'Object Repository/Stockbit/Bandarmology_SellerAvg1' is: '126'

2024-01-22 18:01:01 - [MESSAGE][PASSED] - Text of object 'Object Repository/Stockbit/Bandarmology_SellerAvg1' is: '126'

2024-01-22 18:01:01 - [TEST_STEP][PASSED] - if (strSellerAvg1.contains(",")): null

2024-01-22 18:01:01 - [TEST_STEP][PASSED] - if (strSellerVol1.contains(" B")): null

2024-01-22 18:01:01 - [TEST_STEP][PASSED] - if (verifyElementNotPresent(findTestObject("Stockbit/Bandarmology_Buyer2"), 1, OPTIONAL)): Web element with id: 'Object Repository/Stockbit/Bandarmology_Buyer2' located by 'By.xpath: //*[contains(@id, 'rc-tabs-')]/div[2]/div/div/div/div/div/div[2]/table/tbody/tr[3]/td[1]/p' is present after '1' second(s) (Root cause: com.kms.katalon.core.exception.StepFailedException: Web element with id: 'Object Repository/Stockbit/Bandarmology_Buyer2' located by 'By.xpath: //*[contains(@id, 'rc-tabs-')]/div[2]/div/div/div/div/div/div[2]/table/tbody/tr[3]/td[1]/p' is present after '1' second(s)
	at com.kms.katalon.core.webui.keyword.internal.WebUIKeywordMain.stepFailed(WebUIKeywordMain.groovy:64)
	at com.kms.katalon.core.webui.keyword.internal.WebUIKeywordMain$stepFailed$0.call(Unknown Source)
	at com.kms.katalon.core.webui.keyword.builtin.VerifyElementNotPresentKeyword$_verifyElementNotPresent_closure1.doCall(VerifyElementNotPresentKeyword.groovy:106)
	at com.kms.katalon.core.webui.keyword.builtin.VerifyElementNotPresentKeyword$_verifyElementNotPresent_closure1.doCall(VerifyElementNotPresentKeyword.groovy)
	at com.kms.katalon.core.webui.keyword.internal.WebUIKeywordMain.runKeyword(WebUIKeywordMain.groovy:20)
	at com.kms.katalon.core.webui.keyword.internal.WebUIKeywordMain$runKeyword.call(Unknown Source)
	at com.kms.katalon.core.webui.keyword.builtin.VerifyElementNotPresentKeyword.verifyElementNotPresent(VerifyElementNotPresentKeyword.groovy:117)
	at com.kms.katalon.core.webui.keyword.builtin.VerifyElementNotPresentKeyword.execute(VerifyElementNotPresentKeyword.groovy:68)
	at com.kms.katalon.core.keyword.internal.KeywordExecutor.executeKeywordForPlatform(KeywordExecutor.groovy:74)
	at com.kms.katalon.core.webui.keyword.WebUiBuiltInKeywords.verifyElementNotPresent(WebUiBuiltInKeywords.groovy:1481)
	at com.kms.katalon.core.webui.keyword.WebUiBuiltInKeywords$verifyElementNotPresent$8.call(Unknown Source)
	at GetBrokSumPriceDaily.run(GetBrokSumPriceDaily:258)
	at com.kms.katalon.core.main.ScriptEngine.run(ScriptEngine.java:194)
	at com.kms.katalon.core.main.ScriptEngine.runScriptAsRawText(ScriptEngine.java:119)
	at com.kms.katalon.core.main.TestCaseExecutor.runScript(TestCaseExecutor.java:445)
	at com.kms.katalon.core.main.TestCaseExecutor.doExecute(TestCaseExecutor.java:436)
	at com.kms.katalon.core.main.TestCaseExecutor.processExecutionPhase(TestCaseExecutor.java:415)
	at com.kms.katalon.core.main.TestCaseExecutor.accessMainPhase(TestCaseExecutor.java:407)
	at com.kms.katalon.core.main.TestCaseExecutor.execute(TestCaseExecutor.java:284)
	at com.kms.katalon.core.common.CommonExecutor.accessTestCaseMainPhase(CommonExecutor.java:65)
	at com.kms.katalon.core.main.TestSuiteExecutor.accessTestSuiteMainPhase(TestSuiteExecutor.java:144)
	at com.kms.katalon.core.main.TestSuiteExecutor.execute(TestSuiteExecutor.java:106)
	at com.kms.katalon.core.main.TestCaseMain.startTestSuite(TestCaseMain.java:185)
	at com.kms.katalon.core.main.TestCaseMain$startTestSuite$0.call(Unknown Source)
	at TempTestSuite1705920083951.run(TempTestSuite1705920083951.groovy:36)
)

2024-01-22 18:01:03 - [MESSAGE][WARNING] - Web element with id: 'Object Repository/Stockbit/Bandarmology_Buyer2' located by 'By.xpath: //*[contains(@id, 'rc-tabs-')]/div[2]/div/div/div/div/div/div[2]/table/tbody/tr[3]/td[1]/p' is present after '1' second(s) (Root cause: com.kms.katalon.core.exception.StepFailedException: Web element with id: 'Object Repository/Stockbit/Bandarmology_Buyer2' located by 'By.xpath: //*[contains(@id, 'rc-tabs-')]/div[2]/div/div/div/div/div/div[2]/table/tbody/tr[3]/td[1]/p' is present after '1' second(s)
	at com.kms.katalon.core.webui.keyword.internal.WebUIKeywordMain.stepFailed(WebUIKeywordMain.groovy:64)
	at com.kms.katalon.core.webui.keyword.internal.WebUIKeywordMain$stepFailed$0.call(Unknown Source)
	at com.kms.katalon.core.webui.keyword.builtin.VerifyElementNotPresentKeyword$_verifyElementNotPresent_closure1.doCall(VerifyElementNotPresentKeyword.groovy:106)
	at com.kms.katalon.core.webui.keyword.builtin.VerifyElementNotPresentKeyword$_verifyElementNotPresent_closure1.doCall(VerifyElementNotPresentKeyword.groovy)
	at com.kms.katalon.core.webui.keyword.internal.WebUIKeywordMain.runKeyword(WebUIKeywordMain.groovy:20)
	at com.kms.katalon.core.webui.keyword.internal.WebUIKeywordMain$runKeyword.call(Unknown Source)
	at com.kms.katalon.core.webui.keyword.builtin.VerifyElementNotPresentKeyword.verifyElementNotPresent(VerifyElementNotPresentKeyword.groovy:117)
	at com.kms.katalon.core.webui.keyword.builtin.VerifyElementNotPresentKeyword.execute(VerifyElementNotPresentKeyword.groovy:68)
	at com.kms.katalon.core.keyword.internal.KeywordExecutor.executeKeywordForPlatform(KeywordExecutor.groovy:74)
	at com.kms.katalon.core.webui.keyword.WebUiBuiltInKeywords.verifyElementNotPresent(WebUiBuiltInKeywords.groovy:1481)
	at com.kms.katalon.core.webui.keyword.WebUiBuiltInKeywords$verifyElementNotPresent$8.call(Unknown Source)
	at GetBrokSumPriceDaily.run(GetBrokSumPriceDaily:258)
	at com.kms.katalon.core.main.ScriptEngine.run(ScriptEngine.java:194)
	at com.kms.katalon.core.main.ScriptEngine.runScriptAsRawText(ScriptEngine.java:119)
	at com.kms.katalon.core.main.TestCaseExecutor.runScript(TestCaseExecutor.java:445)
	at com.kms.katalon.core.main.TestCaseExecutor.doExecute(TestCaseExecutor.java:436)
	at com.kms.katalon.core.main.TestCaseExecutor.processExecutionPhase(TestCaseExecutor.java:415)
	at com.kms.katalon.core.main.TestCaseExecutor.accessMainPhase(TestCaseExecutor.java:407)
	at com.kms.katalon.core.main.TestCaseExecutor.execute(TestCaseExecutor.java:284)
	at com.kms.katalon.core.common.CommonExecutor.accessTestCaseMainPhase(CommonExecutor.java:65)
	at com.kms.katalon.core.main.TestSuiteExecutor.accessTestSuiteMainPhase(TestSuiteExecutor.java:144)
	at com.kms.katalon.core.main.TestSuiteExecutor.execute(TestSuiteExecutor.java:106)
	at com.kms.katalon.core.main.TestCaseMain.startTestSuite(TestCaseMain.java:185)
	at com.kms.katalon.core.main.TestCaseMain$startTestSuite$0.call(Unknown Source)
	at TempTestSuite1705920083951.run(TempTestSuite1705920083951.groovy:36)
)
[[ATTACHMENT|C:\\Users\\Fadli\\git\\KatalonDailyGetData2\\Reports\\20240122_174123\\TS1\\20240122_174123\\1705921262904.png]]

2024-01-22 18:01:03 - [TEST_STEP][PASSED] - else: null

2024-01-22 18:01:03 - [TEST_STEP][PASSED] - strBuyer2 = getText(findTestObject("Stockbit/Bandarmology_Buyer2")): Text of object 'Object Repository/Stockbit/Bandarmology_Buyer2' is: 'XL'

2024-01-22 18:01:03 - [MESSAGE][PASSED] - Text of object 'Object Repository/Stockbit/Bandarmology_Buyer2' is: 'XL'

2024-01-22 18:01:03 - [TEST_STEP][PASSED] - strBuyerVol2 = getText(findTestObject("Stockbit/Bandarmology_BuyerVol2")): Text of object 'Object Repository/Stockbit/Bandarmology_BuyerVol2' is: '235'

2024-01-22 18:01:03 - [MESSAGE][PASSED] - Text of object 'Object Repository/Stockbit/Bandarmology_BuyerVol2' is: '235'

2024-01-22 18:01:03 - [TEST_STEP][PASSED] - strBuyerAvg2 = getText(findTestObject("Stockbit/Bandarmology_BuyerAvg2")): Text of object 'Object Repository/Stockbit/Bandarmology_BuyerAvg2' is: '127'

2024-01-22 18:01:03 - [MESSAGE][PASSED] - Text of object 'Object Repository/Stockbit/Bandarmology_BuyerAvg2' is: '127'

2024-01-22 18:01:03 - [TEST_STEP][PASSED] - if (strBuyer2 != ""): null

2024-01-22 18:01:03 - [TEST_STEP][PASSED] - if (strBuyerAvg2.contains(",")): null

2024-01-22 18:01:03 - [TEST_STEP][PASSED] - if (strBuyerVol2.contains(" B")): null

2024-01-22 18:01:03 - [TEST_STEP][PASSED] - if (strBuyerVol2.contains(".")): null

2024-01-22 18:01:03 - [TEST_STEP][PASSED] - if (verifyElementNotPresent(findTestObject("Stockbit/Bandarmology_Seller2"), 1, OPTIONAL)): Web element with id: 'Object Repository/Stockbit/Bandarmology_Seller2' located by 'By.xpath: //*[contains(@id, 'rc-tabs-')]/div[2]/div/div/div/div/div/div[2]/table/tbody/tr[3]/td[5]/p' is present after '1' second(s) (Root cause: com.kms.katalon.core.exception.StepFailedException: Web element with id: 'Object Repository/Stockbit/Bandarmology_Seller2' located by 'By.xpath: //*[contains(@id, 'rc-tabs-')]/div[2]/div/div/div/div/div/div[2]/table/tbody/tr[3]/td[5]/p' is present after '1' second(s)
	at com.kms.katalon.core.webui.keyword.internal.WebUIKeywordMain.stepFailed(WebUIKeywordMain.groovy:64)
	at com.kms.katalon.core.webui.keyword.internal.WebUIKeywordMain$stepFailed$0.call(Unknown Source)
	at com.kms.katalon.core.webui.keyword.builtin.VerifyElementNotPresentKeyword$_verifyElementNotPresent_closure1.doCall(VerifyElementNotPresentKeyword.groovy:106)
	at com.kms.katalon.core.webui.keyword.builtin.VerifyElementNotPresentKeyword$_verifyElementNotPresent_closure1.doCall(VerifyElementNotPresentKeyword.groovy)
	at com.kms.katalon.core.webui.keyword.internal.WebUIKeywordMain.runKeyword(WebUIKeywordMain.groovy:20)
	at com.kms.katalon.core.webui.keyword.internal.WebUIKeywordMain$runKeyword.call(Unknown Source)
	at com.kms.katalon.core.webui.keyword.builtin.VerifyElementNotPresentKeyword.verifyElementNotPresent(VerifyElementNotPresentKeyword.groovy:117)
	at com.kms.katalon.core.webui.keyword.builtin.VerifyElementNotPresentKeyword.execute(VerifyElementNotPresentKeyword.groovy:68)
	at com.kms.katalon.core.keyword.internal.KeywordExecutor.executeKeywordForPlatform(KeywordExecutor.groovy:74)
	at com.kms.katalon.core.webui.keyword.WebUiBuiltInKeywords.verifyElementNotPresent(WebUiBuiltInKeywords.groovy:1481)
	at com.kms.katalon.core.webui.keyword.WebUiBuiltInKeywords$verifyElementNotPresent$8.call(Unknown Source)
	at GetBrokSumPriceDaily.run(GetBrokSumPriceDaily:309)
	at com.kms.katalon.core.main.ScriptEngine.run(ScriptEngine.java:194)
	at com.kms.katalon.core.main.ScriptEngine.runScriptAsRawText(ScriptEngine.java:119)
	at com.kms.katalon.core.main.TestCaseExecutor.runScript(TestCaseExecutor.java:445)
	at com.kms.katalon.core.main.TestCaseExecutor.doExecute(TestCaseExecutor.java:436)
	at com.kms.katalon.core.main.TestCaseExecutor.processExecutionPhase(TestCaseExecutor.java:415)
	at com.kms.katalon.core.main.TestCaseExecutor.accessMainPhase(TestCaseExecutor.java:407)
	at com.kms.katalon.core.main.TestCaseExecutor.execute(TestCaseExecutor.java:284)
	at com.kms.katalon.core.common.CommonExecutor.accessTestCaseMainPhase(CommonExecutor.java:65)
	at com.kms.katalon.core.main.TestSuiteExecutor.accessTestSuiteMainPhase(TestSuiteExecutor.java:144)
	at com.kms.katalon.core.main.TestSuiteExecutor.execute(TestSuiteExecutor.java:106)
	at com.kms.katalon.core.main.TestCaseMain.startTestSuite(TestCaseMain.java:185)
	at com.kms.katalon.core.main.TestCaseMain$startTestSuite$0.call(Unknown Source)
	at TempTestSuite1705920083951.run(TempTestSuite1705920083951.groovy:36)
)

2024-01-22 18:01:04 - [MESSAGE][WARNING] - Web element with id: 'Object Repository/Stockbit/Bandarmology_Seller2' located by 'By.xpath: //*[contains(@id, 'rc-tabs-')]/div[2]/div/div/div/div/div/div[2]/table/tbody/tr[3]/td[5]/p' is present after '1' second(s) (Root cause: com.kms.katalon.core.exception.StepFailedException: Web element with id: 'Object Repository/Stockbit/Bandarmology_Seller2' located by 'By.xpath: //*[contains(@id, 'rc-tabs-')]/div[2]/div/div/div/div/div/div[2]/table/tbody/tr[3]/td[5]/p' is present after '1' second(s)
	at com.kms.katalon.core.webui.keyword.internal.WebUIKeywordMain.stepFailed(WebUIKeywordMain.groovy:64)
	at com.kms.katalon.core.webui.keyword.internal.WebUIKeywordMain$stepFailed$0.call(Unknown Source)
	at com.kms.katalon.core.webui.keyword.builtin.VerifyElementNotPresentKeyword$_verifyElementNotPresent_closure1.doCall(VerifyElementNotPresentKeyword.groovy:106)
	at com.kms.katalon.core.webui.keyword.builtin.VerifyElementNotPresentKeyword$_verifyElementNotPresent_closure1.doCall(VerifyElementNotPresentKeyword.groovy)
	at com.kms.katalon.core.webui.keyword.internal.WebUIKeywordMain.runKeyword(WebUIKeywordMain.groovy:20)
	at com.kms.katalon.core.webui.keyword.internal.WebUIKeywordMain$runKeyword.call(Unknown Source)
	at com.kms.katalon.core.webui.keyword.builtin.VerifyElementNotPresentKeyword.verifyElementNotPresent(VerifyElementNotPresentKeyword.groovy:117)
	at com.kms.katalon.core.webui.keyword.builtin.VerifyElementNotPresentKeyword.execute(VerifyElementNotPresentKeyword.groovy:68)
	at com.kms.katalon.core.keyword.internal.KeywordExecutor.executeKeywordForPlatform(KeywordExecutor.groovy:74)
	at com.kms.katalon.core.webui.keyword.WebUiBuiltInKeywords.verifyElementNotPresent(WebUiBuiltInKeywords.groovy:1481)
	at com.kms.katalon.core.webui.keyword.WebUiBuiltInKeywords$verifyElementNotPresent$8.call(Unknown Source)
	at GetBrokSumPriceDaily.run(GetBrokSumPriceDaily:309)
	at com.kms.katalon.core.main.ScriptEngine.run(ScriptEngine.java:194)
	at com.kms.katalon.core.main.ScriptEngine.runScriptAsRawText(ScriptEngine.java:119)
	at com.kms.katalon.core.main.TestCaseExecutor.runScript(TestCaseExecutor.java:445)
	at com.kms.katalon.core.main.TestCaseExecutor.doExecute(TestCaseExecutor.java:436)
	at com.kms.katalon.core.main.TestCaseExecutor.processExecutionPhase(TestCaseExecutor.java:415)
	at com.kms.katalon.core.main.TestCaseExecutor.accessMainPhase(TestCaseExecutor.java:407)
	at com.kms.katalon.core.main.TestCaseExecutor.execute(TestCaseExecutor.java:284)
	at com.kms.katalon.core.common.CommonExecutor.accessTestCaseMainPhase(CommonExecutor.java:65)
	at com.kms.katalon.core.main.TestSuiteExecutor.accessTestSuiteMainPhase(TestSuiteExecutor.java:144)
	at com.kms.katalon.core.main.TestSuiteExecutor.execute(TestSuiteExecutor.java:106)
	at com.kms.katalon.core.main.TestCaseMain.startTestSuite(TestCaseMain.java:185)
	at com.kms.katalon.core.main.TestCaseMain$startTestSuite$0.call(Unknown Source)
	at TempTestSuite1705920083951.run(TempTestSuite1705920083951.groovy:36)
)
[[ATTACHMENT|C:\\Users\\Fadli\\git\\KatalonDailyGetData2\\Reports\\20240122_174123\\TS1\\20240122_174123\\1705921264693.png]]

2024-01-22 18:01:04 - [TEST_STEP][PASSED] - else: null

2024-01-22 18:01:04 - [TEST_STEP][PASSED] - strSeller2 = getText(findTestObject("Stockbit/Bandarmology_Seller2")): Text of object 'Object Repository/Stockbit/Bandarmology_Seller2' is: 'CC'

2024-01-22 18:01:05 - [MESSAGE][PASSED] - Text of object 'Object Repository/Stockbit/Bandarmology_Seller2' is: 'CC'

2024-01-22 18:01:05 - [TEST_STEP][PASSED] - strSellerVol2 = getText(findTestObject("Stockbit/Bandarmology_SellerVol2")): Text of object 'Object Repository/Stockbit/Bandarmology_SellerVol2' is: '201'

2024-01-22 18:01:05 - [MESSAGE][PASSED] - Text of object 'Object Repository/Stockbit/Bandarmology_SellerVol2' is: '201'

2024-01-22 18:01:05 - [TEST_STEP][PASSED] - strSellerAvg2 = getText(findTestObject("Stockbit/Bandarmology_SellerAvg2")): Text of object 'Object Repository/Stockbit/Bandarmology_SellerAvg2' is: '127'

2024-01-22 18:01:05 - [MESSAGE][PASSED] - Text of object 'Object Repository/Stockbit/Bandarmology_SellerAvg2' is: '127'

2024-01-22 18:01:05 - [TEST_STEP][PASSED] - if (strSeller2 != ""): null

2024-01-22 18:01:05 - [TEST_STEP][PASSED] - if (strSellerAvg2.contains(",")): null

2024-01-22 18:01:05 - [TEST_STEP][PASSED] - if (strSellerVol2.contains(" B")): null

2024-01-22 18:01:05 - [TEST_STEP][PASSED] - if (verifyElementNotPresent(findTestObject("Stockbit/Bandarmology_Buyer3"), 1, OPTIONAL)): Web element with id: 'Object Repository/Stockbit/Bandarmology_Buyer3' located by 'By.xpath: //*[contains(@id, 'rc-tabs-')]/div[2]/div/div/div/div/div/div[2]/table/tbody/tr[4]/td[1]/p' is present after '1' second(s) (Root cause: com.kms.katalon.core.exception.StepFailedException: Web element with id: 'Object Repository/Stockbit/Bandarmology_Buyer3' located by 'By.xpath: //*[contains(@id, 'rc-tabs-')]/div[2]/div/div/div/div/div/div[2]/table/tbody/tr[4]/td[1]/p' is present after '1' second(s)
	at com.kms.katalon.core.webui.keyword.internal.WebUIKeywordMain.stepFailed(WebUIKeywordMain.groovy:64)
	at com.kms.katalon.core.webui.keyword.internal.WebUIKeywordMain$stepFailed$0.call(Unknown Source)
	at com.kms.katalon.core.webui.keyword.builtin.VerifyElementNotPresentKeyword$_verifyElementNotPresent_closure1.doCall(VerifyElementNotPresentKeyword.groovy:106)
	at com.kms.katalon.core.webui.keyword.builtin.VerifyElementNotPresentKeyword$_verifyElementNotPresent_closure1.doCall(VerifyElementNotPresentKeyword.groovy)
	at com.kms.katalon.core.webui.keyword.internal.WebUIKeywordMain.runKeyword(WebUIKeywordMain.groovy:20)
	at com.kms.katalon.core.webui.keyword.internal.WebUIKeywordMain$runKeyword.call(Unknown Source)
	at com.kms.katalon.core.webui.keyword.builtin.VerifyElementNotPresentKeyword.verifyElementNotPresent(VerifyElementNotPresentKeyword.groovy:117)
	at com.kms.katalon.core.webui.keyword.builtin.VerifyElementNotPresentKeyword.execute(VerifyElementNotPresentKeyword.groovy:68)
	at com.kms.katalon.core.keyword.internal.KeywordExecutor.executeKeywordForPlatform(KeywordExecutor.groovy:74)
	at com.kms.katalon.core.webui.keyword.WebUiBuiltInKeywords.verifyElementNotPresent(WebUiBuiltInKeywords.groovy:1481)
	at com.kms.katalon.core.webui.keyword.WebUiBuiltInKeywords$verifyElementNotPresent$8.call(Unknown Source)
	at GetBrokSumPriceDaily.run(GetBrokSumPriceDaily:361)
	at com.kms.katalon.core.main.ScriptEngine.run(ScriptEngine.java:194)
	at com.kms.katalon.core.main.ScriptEngine.runScriptAsRawText(ScriptEngine.java:119)
	at com.kms.katalon.core.main.TestCaseExecutor.runScript(TestCaseExecutor.java:445)
	at com.kms.katalon.core.main.TestCaseExecutor.doExecute(TestCaseExecutor.java:436)
	at com.kms.katalon.core.main.TestCaseExecutor.processExecutionPhase(TestCaseExecutor.java:415)
	at com.kms.katalon.core.main.TestCaseExecutor.accessMainPhase(TestCaseExecutor.java:407)
	at com.kms.katalon.core.main.TestCaseExecutor.execute(TestCaseExecutor.java:284)
	at com.kms.katalon.core.common.CommonExecutor.accessTestCaseMainPhase(CommonExecutor.java:65)
	at com.kms.katalon.core.main.TestSuiteExecutor.accessTestSuiteMainPhase(TestSuiteExecutor.java:144)
	at com.kms.katalon.core.main.TestSuiteExecutor.execute(TestSuiteExecutor.java:106)
	at com.kms.katalon.core.main.TestCaseMain.startTestSuite(TestCaseMain.java:185)
	at com.kms.katalon.core.main.TestCaseMain$startTestSuite$0.call(Unknown Source)
	at TempTestSuite1705920083951.run(TempTestSuite1705920083951.groovy:36)
)

2024-01-22 18:01:06 - [MESSAGE][WARNING] - Web element with id: 'Object Repository/Stockbit/Bandarmology_Buyer3' located by 'By.xpath: //*[contains(@id, 'rc-tabs-')]/div[2]/div/div/div/div/div/div[2]/table/tbody/tr[4]/td[1]/p' is present after '1' second(s) (Root cause: com.kms.katalon.core.exception.StepFailedException: Web element with id: 'Object Repository/Stockbit/Bandarmology_Buyer3' located by 'By.xpath: //*[contains(@id, 'rc-tabs-')]/div[2]/div/div/div/div/div/div[2]/table/tbody/tr[4]/td[1]/p' is present after '1' second(s)
	at com.kms.katalon.core.webui.keyword.internal.WebUIKeywordMain.stepFailed(WebUIKeywordMain.groovy:64)
	at com.kms.katalon.core.webui.keyword.internal.WebUIKeywordMain$stepFailed$0.call(Unknown Source)
	at com.kms.katalon.core.webui.keyword.builtin.VerifyElementNotPresentKeyword$_verifyElementNotPresent_closure1.doCall(VerifyElementNotPresentKeyword.groovy:106)
	at com.kms.katalon.core.webui.keyword.builtin.VerifyElementNotPresentKeyword$_verifyElementNotPresent_closure1.doCall(VerifyElementNotPresentKeyword.groovy)
	at com.kms.katalon.core.webui.keyword.internal.WebUIKeywordMain.runKeyword(WebUIKeywordMain.groovy:20)
	at com.kms.katalon.core.webui.keyword.internal.WebUIKeywordMain$runKeyword.call(Unknown Source)
	at com.kms.katalon.core.webui.keyword.builtin.VerifyElementNotPresentKeyword.verifyElementNotPresent(VerifyElementNotPresentKeyword.groovy:117)
	at com.kms.katalon.core.webui.keyword.builtin.VerifyElementNotPresentKeyword.execute(VerifyElementNotPresentKeyword.groovy:68)
	at com.kms.katalon.core.keyword.internal.KeywordExecutor.executeKeywordForPlatform(KeywordExecutor.groovy:74)
	at com.kms.katalon.core.webui.keyword.WebUiBuiltInKeywords.verifyElementNotPresent(WebUiBuiltInKeywords.groovy:1481)
	at com.kms.katalon.core.webui.keyword.WebUiBuiltInKeywords$verifyElementNotPresent$8.call(Unknown Source)
	at GetBrokSumPriceDaily.run(GetBrokSumPriceDaily:361)
	at com.kms.katalon.core.main.ScriptEngine.run(ScriptEngine.java:194)
	at com.kms.katalon.core.main.ScriptEngine.runScriptAsRawText(ScriptEngine.java:119)
	at com.kms.katalon.core.main.TestCaseExecutor.runScript(TestCaseExecutor.java:445)
	at com.kms.katalon.core.main.TestCaseExecutor.doExecute(TestCaseExecutor.java:436)
	at com.kms.katalon.core.main.TestCaseExecutor.processExecutionPhase(TestCaseExecutor.java:415)
	at com.kms.katalon.core.main.TestCaseExecutor.accessMainPhase(TestCaseExecutor.java:407)
	at com.kms.katalon.core.main.TestCaseExecutor.execute(TestCaseExecutor.java:284)
	at com.kms.katalon.core.common.CommonExecutor.accessTestCaseMainPhase(CommonExecutor.java:65)
	at com.kms.katalon.core.main.TestSuiteExecutor.accessTestSuiteMainPhase(TestSuiteExecutor.java:144)
	at com.kms.katalon.core.main.TestSuiteExecutor.execute(TestSuiteExecutor.java:106)
	at com.kms.katalon.core.main.TestCaseMain.startTestSuite(TestCaseMain.java:185)
	at com.kms.katalon.core.main.TestCaseMain$startTestSuite$0.call(Unknown Source)
	at TempTestSuite1705920083951.run(TempTestSuite1705920083951.groovy:36)
)
[[ATTACHMENT|C:\\Users\\Fadli\\git\\KatalonDailyGetData2\\Reports\\20240122_174123\\TS1\\20240122_174123\\1705921266387.png]]

2024-01-22 18:01:06 - [TEST_STEP][PASSED] - else: null

2024-01-22 18:01:06 - [TEST_STEP][PASSED] - strBuyer3 = getText(findTestObject("Stockbit/Bandarmology_Buyer3")): Text of object 'Object Repository/Stockbit/Bandarmology_Buyer3' is: 'PD'

2024-01-22 18:01:06 - [MESSAGE][PASSED] - Text of object 'Object Repository/Stockbit/Bandarmology_Buyer3' is: 'PD'

2024-01-22 18:01:06 - [TEST_STEP][PASSED] - strBuyerVol3 = getText(findTestObject("Stockbit/Bandarmology_BuyerVol3")): Text of object 'Object Repository/Stockbit/Bandarmology_BuyerVol3' is: '139'

2024-01-22 18:01:06 - [MESSAGE][PASSED] - Text of object 'Object Repository/Stockbit/Bandarmology_BuyerVol3' is: '139'

2024-01-22 18:01:06 - [TEST_STEP][PASSED] - strBuyerAvg3 = getText(findTestObject("Stockbit/Bandarmology_BuyerAvg3")): Text of object 'Object Repository/Stockbit/Bandarmology_BuyerAvg3' is: '127'

2024-01-22 18:01:06 - [MESSAGE][PASSED] - Text of object 'Object Repository/Stockbit/Bandarmology_BuyerAvg3' is: '127'

2024-01-22 18:01:06 - [TEST_STEP][PASSED] - if (strBuyer3 != ""): null

2024-01-22 18:01:06 - [TEST_STEP][PASSED] - if (strBuyerAvg3.contains(",")): null

2024-01-22 18:01:06 - [TEST_STEP][PASSED] - if (strBuyerVol3.contains(" B")): null

2024-01-22 18:01:06 - [TEST_STEP][PASSED] - if (verifyElementNotPresent(findTestObject("Stockbit/Bandarmology_Seller3"), 1, OPTIONAL)): Web element with id: 'Object Repository/Stockbit/Bandarmology_Seller3' located by 'By.xpath: //*[contains(@id, 'rc-tabs-')]/div[2]/div/div/div/div/div/div[2]/table/tbody/tr[4]/td[5]/p' is present after '1' second(s) (Root cause: com.kms.katalon.core.exception.StepFailedException: Web element with id: 'Object Repository/Stockbit/Bandarmology_Seller3' located by 'By.xpath: //*[contains(@id, 'rc-tabs-')]/div[2]/div/div/div/div/div/div[2]/table/tbody/tr[4]/td[5]/p' is present after '1' second(s)
	at com.kms.katalon.core.webui.keyword.internal.WebUIKeywordMain.stepFailed(WebUIKeywordMain.groovy:64)
	at com.kms.katalon.core.webui.keyword.internal.WebUIKeywordMain$stepFailed$0.call(Unknown Source)
	at com.kms.katalon.core.webui.keyword.builtin.VerifyElementNotPresentKeyword$_verifyElementNotPresent_closure1.doCall(VerifyElementNotPresentKeyword.groovy:106)
	at com.kms.katalon.core.webui.keyword.builtin.VerifyElementNotPresentKeyword$_verifyElementNotPresent_closure1.doCall(VerifyElementNotPresentKeyword.groovy)
	at com.kms.katalon.core.webui.keyword.internal.WebUIKeywordMain.runKeyword(WebUIKeywordMain.groovy:20)
	at com.kms.katalon.core.webui.keyword.internal.WebUIKeywordMain$runKeyword.call(Unknown Source)
	at com.kms.katalon.core.webui.keyword.builtin.VerifyElementNotPresentKeyword.verifyElementNotPresent(VerifyElementNotPresentKeyword.groovy:117)
	at com.kms.katalon.core.webui.keyword.builtin.VerifyElementNotPresentKeyword.execute(VerifyElementNotPresentKeyword.groovy:68)
	at com.kms.katalon.core.keyword.internal.KeywordExecutor.executeKeywordForPlatform(KeywordExecutor.groovy:74)
	at com.kms.katalon.core.webui.keyword.WebUiBuiltInKeywords.verifyElementNotPresent(WebUiBuiltInKeywords.groovy:1481)
	at com.kms.katalon.core.webui.keyword.WebUiBuiltInKeywords$verifyElementNotPresent$8.call(Unknown Source)
	at GetBrokSumPriceDaily.run(GetBrokSumPriceDaily:414)
	at com.kms.katalon.core.main.ScriptEngine.run(ScriptEngine.java:194)
	at com.kms.katalon.core.main.ScriptEngine.runScriptAsRawText(ScriptEngine.java:119)
	at com.kms.katalon.core.main.TestCaseExecutor.runScript(TestCaseExecutor.java:445)
	at com.kms.katalon.core.main.TestCaseExecutor.doExecute(TestCaseExecutor.java:436)
	at com.kms.katalon.core.main.TestCaseExecutor.processExecutionPhase(TestCaseExecutor.java:415)
	at com.kms.katalon.core.main.TestCaseExecutor.accessMainPhase(TestCaseExecutor.java:407)
	at com.kms.katalon.core.main.TestCaseExecutor.execute(TestCaseExecutor.java:284)
	at com.kms.katalon.core.common.CommonExecutor.accessTestCaseMainPhase(CommonExecutor.java:65)
	at com.kms.katalon.core.main.TestSuiteExecutor.accessTestSuiteMainPhase(TestSuiteExecutor.java:144)
	at com.kms.katalon.core.main.TestSuiteExecutor.execute(TestSuiteExecutor.java:106)
	at com.kms.katalon.core.main.TestCaseMain.startTestSuite(TestCaseMain.java:185)
	at com.kms.katalon.core.main.TestCaseMain$startTestSuite$0.call(Unknown Source)
	at TempTestSuite1705920083951.run(TempTestSuite1705920083951.groovy:36)
)

2024-01-22 18:01:08 - [MESSAGE][WARNING] - Web element with id: 'Object Repository/Stockbit/Bandarmology_Seller3' located by 'By.xpath: //*[contains(@id, 'rc-tabs-')]/div[2]/div/div/div/div/div/div[2]/table/tbody/tr[4]/td[5]/p' is present after '1' second(s) (Root cause: com.kms.katalon.core.exception.StepFailedException: Web element with id: 'Object Repository/Stockbit/Bandarmology_Seller3' located by 'By.xpath: //*[contains(@id, 'rc-tabs-')]/div[2]/div/div/div/div/div/div[2]/table/tbody/tr[4]/td[5]/p' is present after '1' second(s)
	at com.kms.katalon.core.webui.keyword.internal.WebUIKeywordMain.stepFailed(WebUIKeywordMain.groovy:64)
	at com.kms.katalon.core.webui.keyword.internal.WebUIKeywordMain$stepFailed$0.call(Unknown Source)
	at com.kms.katalon.core.webui.keyword.builtin.VerifyElementNotPresentKeyword$_verifyElementNotPresent_closure1.doCall(VerifyElementNotPresentKeyword.groovy:106)
	at com.kms.katalon.core.webui.keyword.builtin.VerifyElementNotPresentKeyword$_verifyElementNotPresent_closure1.doCall(VerifyElementNotPresentKeyword.groovy)
	at com.kms.katalon.core.webui.keyword.internal.WebUIKeywordMain.runKeyword(WebUIKeywordMain.groovy:20)
	at com.kms.katalon.core.webui.keyword.internal.WebUIKeywordMain$runKeyword.call(Unknown Source)
	at com.kms.katalon.core.webui.keyword.builtin.VerifyElementNotPresentKeyword.verifyElementNotPresent(VerifyElementNotPresentKeyword.groovy:117)
	at com.kms.katalon.core.webui.keyword.builtin.VerifyElementNotPresentKeyword.execute(VerifyElementNotPresentKeyword.groovy:68)
	at com.kms.katalon.core.keyword.internal.KeywordExecutor.executeKeywordForPlatform(KeywordExecutor.groovy:74)
	at com.kms.katalon.core.webui.keyword.WebUiBuiltInKeywords.verifyElementNotPresent(WebUiBuiltInKeywords.groovy:1481)
	at com.kms.katalon.core.webui.keyword.WebUiBuiltInKeywords$verifyElementNotPresent$8.call(Unknown Source)
	at GetBrokSumPriceDaily.run(GetBrokSumPriceDaily:414)
	at com.kms.katalon.core.main.ScriptEngine.run(ScriptEngine.java:194)
	at com.kms.katalon.core.main.ScriptEngine.runScriptAsRawText(ScriptEngine.java:119)
	at com.kms.katalon.core.main.TestCaseExecutor.runScript(TestCaseExecutor.java:445)
	at com.kms.katalon.core.main.TestCaseExecutor.doExecute(TestCaseExecutor.java:436)
	at com.kms.katalon.core.main.TestCaseExecutor.processExecutionPhase(TestCaseExecutor.java:415)
	at com.kms.katalon.core.main.TestCaseExecutor.accessMainPhase(TestCaseExecutor.java:407)
	at com.kms.katalon.core.main.TestCaseExecutor.execute(TestCaseExecutor.java:284)
	at com.kms.katalon.core.common.CommonExecutor.accessTestCaseMainPhase(CommonExecutor.java:65)
	at com.kms.katalon.core.main.TestSuiteExecutor.accessTestSuiteMainPhase(TestSuiteExecutor.java:144)
	at com.kms.katalon.core.main.TestSuiteExecutor.execute(TestSuiteExecutor.java:106)
	at com.kms.katalon.core.main.TestCaseMain.startTestSuite(TestCaseMain.java:185)
	at com.kms.katalon.core.main.TestCaseMain$startTestSuite$0.call(Unknown Source)
	at TempTestSuite1705920083951.run(TempTestSuite1705920083951.groovy:36)
)
[[ATTACHMENT|C:\\Users\\Fadli\\git\\KatalonDailyGetData2\\Reports\\20240122_174123\\TS1\\20240122_174123\\1705921268081.png]]

2024-01-22 18:01:08 - [TEST_STEP][PASSED] - else: null

2024-01-22 18:01:08 - [TEST_STEP][PASSED] - strSeller3 = getText(findTestObject("Stockbit/Bandarmology_Seller3")): Text of object 'Object Repository/Stockbit/Bandarmology_Seller3' is: 'XC'

2024-01-22 18:01:08 - [MESSAGE][PASSED] - Text of object 'Object Repository/Stockbit/Bandarmology_Seller3' is: 'XC'

2024-01-22 18:01:08 - [TEST_STEP][PASSED] - strSellerVol3 = getText(findTestObject("Stockbit/Bandarmology_SellerVol3")): Text of object 'Object Repository/Stockbit/Bandarmology_SellerVol3' is: '76'

2024-01-22 18:01:08 - [MESSAGE][PASSED] - Text of object 'Object Repository/Stockbit/Bandarmology_SellerVol3' is: '76'

2024-01-22 18:01:08 - [TEST_STEP][PASSED] - strSellerAvg3 = getText(findTestObject("Stockbit/Bandarmology_SellerAvg3")): Text of object 'Object Repository/Stockbit/Bandarmology_SellerAvg3' is: '127'

2024-01-22 18:01:08 - [MESSAGE][PASSED] - Text of object 'Object Repository/Stockbit/Bandarmology_SellerAvg3' is: '127'

2024-01-22 18:01:08 - [TEST_STEP][PASSED] - if (strSeller3 != ""): null

2024-01-22 18:01:08 - [TEST_STEP][PASSED] - if (strSellerAvg3.contains(",")): null

2024-01-22 18:01:08 - [TEST_STEP][PASSED] - if (strSellerVol3.contains(" B")): null

2024-01-22 18:01:08 - [TEST_STEP][PASSED] - strAccDist = getText(findTestObject("Stockbit/Bandarmology_AccDist")): Text of object 'Object Repository/Stockbit/Bandarmology_AccDist' is: 'Dist'

2024-01-22 18:01:08 - [MESSAGE][PASSED] - Text of object 'Object Repository/Stockbit/Bandarmology_AccDist' is: 'Dist'

2024-01-22 18:01:08 - [TEST_STEP][PASSED] - strNetVol = getText(findTestObject("Stockbit/Bandarmology_NetVol")): Text of object 'Object Repository/Stockbit/Bandarmology_NetVol' is: '856'

2024-01-22 18:01:08 - [MESSAGE][PASSED] - Text of object 'Object Repository/Stockbit/Bandarmology_NetVol' is: '856'

2024-01-22 18:01:08 - [TEST_STEP][PASSED] - strNetVol = strNetVol.replace(",", ""): null

2024-01-22 18:01:08 - [TEST_STEP][PASSED] - strNetVal = getText(findTestObject("Stockbit/Bandarmology_NetVal")): Text of object 'Object Repository/Stockbit/Bandarmology_NetVal' is: '0 B'

2024-01-22 18:01:08 - [MESSAGE][PASSED] - Text of object 'Object Repository/Stockbit/Bandarmology_NetVal' is: '0 B'

2024-01-22 18:01:08 - [TEST_STEP][PASSED] - delay(3): Delayed 3 second(s)

2024-01-22 18:01:11 - [MESSAGE][PASSED] - Delayed 3 second(s)

2024-01-22 18:01:11 - [TEST_STEP][PASSED] - strOpenPrice = getText(findTestObject("Stockbit/Home_OpenPrice")): Text of object 'Object Repository/Stockbit/Home_OpenPrice' is: '128'

2024-01-22 18:01:12 - [MESSAGE][PASSED] - Text of object 'Object Repository/Stockbit/Home_OpenPrice' is: '128'

2024-01-22 18:01:12 - [TEST_STEP][PASSED] - strOpenPrice = strOpenPrice.replace(",", ""): null

2024-01-22 18:01:12 - [TEST_STEP][PASSED] - strLowPrice = getText(findTestObject("Stockbit/Home_LowPrice")): Text of object 'Object Repository/Stockbit/Home_LowPrice' is: '126'

2024-01-22 18:01:12 - [MESSAGE][PASSED] - Text of object 'Object Repository/Stockbit/Home_LowPrice' is: '126'

2024-01-22 18:01:12 - [TEST_STEP][PASSED] - strLowPrice = strLowPrice.replace(",", ""): null

2024-01-22 18:01:12 - [TEST_STEP][PASSED] - strHighPrice = getText(findTestObject("Stockbit/Home_HighPrice")): Text of object 'Object Repository/Stockbit/Home_HighPrice' is: '128'

2024-01-22 18:01:12 - [MESSAGE][PASSED] - Text of object 'Object Repository/Stockbit/Home_HighPrice' is: '128'

2024-01-22 18:01:12 - [TEST_STEP][PASSED] - strHighPrice = strHighPrice.replace(",", ""): null

2024-01-22 18:01:12 - [TEST_STEP][PASSED] - strClosePrice = getText(findTestObject("Stockbit/Home_ClosePrice")): Text of object 'Object Repository/Stockbit/Home_ClosePrice' is: '127'

2024-01-22 18:01:12 - [MESSAGE][PASSED] - Text of object 'Object Repository/Stockbit/Home_ClosePrice' is: '127'

2024-01-22 18:01:12 - [TEST_STEP][PASSED] - strClosePrice = strClosePrice.replace(",", ""): null

2024-01-22 18:01:12 - [TEST_STEP][PASSED] - strVol = getText(findTestObject("Stockbit/Home_Volume")): Text of object 'Object Repository/Stockbit/Home_Volume' is: '1 K'

2024-01-22 18:01:12 - [MESSAGE][PASSED] - Text of object 'Object Repository/Stockbit/Home_Volume' is: '1 K'

2024-01-22 18:01:12 - [TEST_STEP][PASSED] - if (strVol.contains(" K")): null

2024-01-22 18:01:12 - [TEST_STEP][PASSED] - strVol = strVol.replace(" K", "000"): null

2024-01-22 18:01:12 - [TEST_STEP][PASSED] - if (strVol.contains(",")): null

2024-01-22 18:01:12 - [TEST_STEP][PASSED] - strChange = getText(findTestObject("Stockbit/Home_Change")): Text of object 'Object Repository/Stockbit/Home_Change' is: '0.79%'

2024-01-22 18:01:12 - [MESSAGE][PASSED] - Text of object 'Object Repository/Stockbit/Home_Change' is: '0.79%'

2024-01-22 18:01:12 - [TEST_STEP][PASSED] - strChange = strChange.replace("%", ""): null

2024-01-22 18:01:12 - [TEST_STEP][PASSED] - strFreq = getText(findTestObject("Stockbit/Home_Freq")): Text of object 'Object Repository/Stockbit/Home_Freq' is: '60'

2024-01-22 18:01:12 - [MESSAGE][PASSED] - Text of object 'Object Repository/Stockbit/Home_Freq' is: '60'

2024-01-22 18:01:12 - [TEST_STEP][PASSED] - if (strFreq.contains(",")): null

2024-01-22 18:01:12 - [TEST_STEP][PASSED] - if (strFreq == "NA" || strFreq == ""): null

2024-01-22 18:01:12 - [TEST_STEP][PASSED] - else: null

2024-01-22 18:01:12 - [TEST_STEP][PASSED] - dblFreqAnal = strVol.toDouble() / strFreq.toDouble() * strFreq.toDouble() * strFreq.toDouble() * 100000000: null

2024-01-22 18:01:12 - [TEST_STEP][PASSED] - strFreqAnal = String.format("%.4f", dblFreqAnal): null

2024-01-22 18:01:12 - [TEST_STEP][PASSED] - out.println("Double strFreqAnal: " + strFreqAnal): null

2024-01-22 18:01:12 - [TEST_STEP][PASSED] - strTanggal = d.format(DateTimeFormatter.ofPattern("yyyy-MM-dd")): null

2024-01-22 18:01:12 - [TEST_STEP][PASSED] - strTanggal = "#" + strTanggal + "#": null

2024-01-22 18:01:12 - [TEST_STEP][PASSED] - strSQL = "select count(*) as JumBaris from TblBrokSum where Nama = '" + strNama + "' and Tanggal = " + strTanggal + "": null

2024-01-22 18:01:12 - [TEST_STEP][PASSED] - resultSet = statement.executeQuery(strSQL): null

2024-01-22 18:01:12 - [TEST_STEP][PASSED] - resultSet.next(): null

2024-01-22 18:01:12 - [TEST_STEP][PASSED] - intJumBaris = resultSet.getInt("JumBaris"): null

2024-01-22 18:01:12 - [TEST_STEP][PASSED] - if (intJumBaris > 0): null

2024-01-22 18:01:12 - [TEST_STEP][PASSED] - else: null

2024-01-22 18:01:12 - [TEST_STEP][PASSED] - try: null

2024-01-22 18:01:12 - [TEST_STEP][PASSED] - out.println("Insert data"): null

2024-01-22 18:01:12 - [TEST_STEP][PASSED] - strSQL = "insert into TblBrokSum (nama, tanggal, top1, top2, top3, AllBrokAvg, AccDist, AvgRP, " + "Buyer1, BuyerVal1, BuyerAvg1, Seller1, SellerVal1, SellerAvg1, Buyer2, BuyerVal2, BuyerAvg2, " + "Seller2, SellerVal2, SellerAvg2, Buyer3, BuyerVal3, BuyerAvg3, Seller3, SellerVal3, SellerAvg3, NetVol, NetVal, " + "OpenPrice, LowPrice, HighPrice, ClosePrice, Volume, Change, Frekuensi, FrekAnal) " + "values ('" + strNama + "', " + strTanggal + ", '" + strTop1 + "', '" + strTop3 + "', '" + strTop5 + "', " + "'" + strAllBrokAvg + "', '" + strAccDist + "', " + intAvgRP + ", '" + strBuyer1 + "', '" + strBuyerVol1 + "', " + strBuyerAvg1 + ", " + "'" + strSeller1 + "', '" + strSellerVol1 + "', " + strSellerAvg1 + ", '" + strBuyer2 + "', '" + strBuyerVol2 + "', " + strBuyerAvg2 + ", " + "'" + strSeller2 + "', '" + strSellerVol2 + "', " + strSellerAvg2 + ", '" + strBuyer3 + "', '" + strBuyerVol3 + "', " + strBuyerAvg3 + ", " + "'" + strSeller3 + "', '" + strSellerVol3 + "', " + strSellerAvg3 + ", " + strNetVol + ", '" + strNetVal + "', " + "" + strOpenPrice + ", " + strLowPrice + ", " + strHighPrice + ", " + strClosePrice + ", '" + strVol + "', " + strChange + ", " + strFreq + ", " + strFreqAnal + ");": null

2024-01-22 18:01:12 - [TEST_STEP][PASSED] - out.println("strSQL = " + strSQL): null

2024-01-22 18:01:12 - [TEST_STEP][PASSED] - statement.executeUpdate(strSQL): null

2024-01-22 18:01:12 - [TEST_STEP][PASSED] - setValueToCellByIndex(sheet01, rowIndex, 4, "DONE"): null

2024-01-22 18:01:12 - [TEST_STEP][PASSED] - saveWorkbook(excelFilePath, workbook01): null

2024-01-22 18:01:12 - [TEST_STEP][PASSED] - waitForElementClickable(findTestObject("Stockbit/menu_Bandarmology"), 10): Object 'Object Repository/Stockbit/menu_Bandarmology' is clickable

2024-01-22 18:01:12 - [MESSAGE][PASSED] - Object 'Object Repository/Stockbit/menu_Bandarmology' is clickable

2024-01-22 18:01:12 - [TEST_STEP][PASSED] - click(findTestObject("Stockbit/menu_Bandarmology")): Object: 'Object Repository/Stockbit/menu_Bandarmology' is clicked on

2024-01-22 18:01:13 - [MESSAGE][PASSED] - Object: 'Object Repository/Stockbit/menu_Bandarmology' is clicked on

2024-01-22 18:01:13 - [TEST_STEP][PASSED] - strTemp = "NA": null

2024-01-22 18:01:13 - [TEST_STEP][PASSED] - if (getCellValueByIndex(sheet01, rowIndex, 4) != "DONE"): Object: 'Object Repository/Stockbit/menu_Bandarmology' is clicked on

2024-01-22 18:01:13 - [TEST_STEP][PASSED] - strNama = getCellValueByIndex(sheet01, rowIndex, 0): null

2024-01-22 18:01:13 - [TEST_STEP][PASSED] - navigateToUrl("https://stockbit.com/#/symbol/" + strNama): Navigate to 'https://stockbit.com/#/symbol/TRUK' successfully

2024-01-22 18:01:15 - [MESSAGE][PASSED] - Navigate to 'https://stockbit.com/#/symbol/TRUK' successfully

2024-01-22 18:01:15 - [TEST_STEP][PASSED] - waitForElementClickable(findTestObject("Stockbit/menu_Bandarmology"), 10): Object 'Object Repository/Stockbit/menu_Bandarmology' is clickable

2024-01-22 18:01:15 - [MESSAGE][PASSED] - Object 'Object Repository/Stockbit/menu_Bandarmology' is clickable

2024-01-22 18:01:15 - [TEST_STEP][PASSED] - click(findTestObject("Stockbit/menu_Bandarmology")): Object: 'Object Repository/Stockbit/menu_Bandarmology' is clicked on

2024-01-22 18:01:16 - [MESSAGE][PASSED] - Object: 'Object Repository/Stockbit/menu_Bandarmology' is clicked on

2024-01-22 18:01:16 - [TEST_STEP][PASSED] - strTanggal = d.format(DateTimeFormatter.ofPattern("MMM dd, yyyy")): null

2024-01-22 18:01:16 - [TEST_STEP][PASSED] - strTanggal = d.format(ISO_DATE): null

2024-01-22 18:01:16 - [TEST_STEP][PASSED] - out.println("strTanggal = " + strTanggal): null

2024-01-22 18:01:16 - [TEST_STEP][PASSED] - out.println("strNama = " + strNama): null

2024-01-22 18:01:16 - [TEST_STEP][PASSED] - out.println("Baris ke = " + rowIndex): null

2024-01-22 18:01:16 - [TEST_STEP][PASSED] - click(findTestObject("Stockbit/input__BandarmologyOpenStartDate")): Object: 'Object Repository/Stockbit/input__BandarmologyOpenStartDate' is clicked on

2024-01-22 18:01:17 - [MESSAGE][PASSED] - Object: 'Object Repository/Stockbit/input__BandarmologyOpenStartDate' is clicked on

2024-01-22 18:01:17 - [TEST_STEP][PASSED] - sendKeys(findTestObject("Stockbit/input__BandarmologyOpenStartDate"), Keys.chord(CONTROL, "a")): Keys 'CONTROL + a' sent to object: 'Object Repository/Stockbit/input__BandarmologyOpenStartDate'

2024-01-22 18:01:18 - [MESSAGE][PASSED] - Keys 'CONTROL + a' sent to object: 'Object Repository/Stockbit/input__BandarmologyOpenStartDate'

2024-01-22 18:01:18 - [TEST_STEP][PASSED] - sendKeys(findTestObject("Stockbit/input__BandarmologyOpenStartDate"), Keys.chord(BACK_SPACE)): Keys 'BACK_SPACE + ' sent to object: 'Object Repository/Stockbit/input__BandarmologyOpenStartDate'

2024-01-22 18:01:18 - [MESSAGE][PASSED] - Keys 'BACK_SPACE + ' sent to object: 'Object Repository/Stockbit/input__BandarmologyOpenStartDate'

2024-01-22 18:01:18 - [TEST_STEP][PASSED] - setText(findTestObject("Stockbit/input__BandarmologyOpenStartDate"), strTanggal): Text '2024-01-22' is set on object 'Object Repository/Stockbit/input__BandarmologyOpenStartDate'

2024-01-22 18:01:19 - [MESSAGE][PASSED] - Text '2024-01-22' is set on object 'Object Repository/Stockbit/input__BandarmologyOpenStartDate'

2024-01-22 18:01:19 - [TEST_STEP][PASSED] - sendKeys(findTestObject("Stockbit/input__BandarmologyOpenStartDate"), Keys.chord(ENTER)): Keys 'ENTER + ' sent to object: 'Object Repository/Stockbit/input__BandarmologyOpenStartDate'

2024-01-22 18:01:19 - [MESSAGE][PASSED] - Keys 'ENTER + ' sent to object: 'Object Repository/Stockbit/input__BandarmologyOpenStartDate'

2024-01-22 18:01:19 - [TEST_STEP][PASSED] - click(findTestObject("Stockbit/input__BandarmologyOpenEndDate")): Object: 'Object Repository/Stockbit/input__BandarmologyOpenEndDate' is clicked on

2024-01-22 18:01:20 - [MESSAGE][PASSED] - Object: 'Object Repository/Stockbit/input__BandarmologyOpenEndDate' is clicked on

2024-01-22 18:01:20 - [TEST_STEP][PASSED] - sendKeys(findTestObject("Stockbit/input__BandarmologyOpenEndDate"), Keys.chord(CONTROL, "a")): Keys 'CONTROL + a' sent to object: 'Object Repository/Stockbit/input__BandarmologyOpenEndDate'

2024-01-22 18:01:20 - [MESSAGE][PASSED] - Keys 'CONTROL + a' sent to object: 'Object Repository/Stockbit/input__BandarmologyOpenEndDate'

2024-01-22 18:01:20 - [TEST_STEP][PASSED] - sendKeys(findTestObject("Stockbit/input__BandarmologyOpenEndDate"), Keys.chord(BACK_SPACE)): Keys 'BACK_SPACE + ' sent to object: 'Object Repository/Stockbit/input__BandarmologyOpenEndDate'

2024-01-22 18:01:20 - [MESSAGE][PASSED] - Keys 'BACK_SPACE + ' sent to object: 'Object Repository/Stockbit/input__BandarmologyOpenEndDate'

2024-01-22 18:01:20 - [TEST_STEP][PASSED] - setText(findTestObject("Stockbit/input__BandarmologyOpenEndDate"), strTanggal): Text '2024-01-22' is set on object 'Object Repository/Stockbit/input__BandarmologyOpenEndDate'

2024-01-22 18:01:21 - [MESSAGE][PASSED] - Text '2024-01-22' is set on object 'Object Repository/Stockbit/input__BandarmologyOpenEndDate'

2024-01-22 18:01:21 - [TEST_STEP][PASSED] - sendKeys(findTestObject("Stockbit/input__BandarmologyOpenEndDate"), Keys.chord(ENTER)): Keys 'ENTER + ' sent to object: 'Object Repository/Stockbit/input__BandarmologyOpenEndDate'

2024-01-22 18:01:22 - [MESSAGE][PASSED] - Keys 'ENTER + ' sent to object: 'Object Repository/Stockbit/input__BandarmologyOpenEndDate'

2024-01-22 18:01:22 - [TEST_STEP][PASSED] - delay(2): Delayed 2 second(s)

2024-01-22 18:01:24 - [MESSAGE][PASSED] - Delayed 2 second(s)

2024-01-22 18:01:24 - [TEST_STEP][PASSED] - strTemp = getText(findTestObject("Stockbit/Bandarmology_AvgRP")): Text of object 'Object Repository/Stockbit/Bandarmology_AvgRP' is: '90'

2024-01-22 18:01:24 - [MESSAGE][PASSED] - Text of object 'Object Repository/Stockbit/Bandarmology_AvgRP' is: '90'

2024-01-22 18:01:24 - [TEST_STEP][PASSED] - out.println("Bandarmology_AvgRP = " + strTemp): null

2024-01-22 18:01:24 - [TEST_STEP][PASSED] - if (strTemp != "0"): null

2024-01-22 18:01:24 - [TEST_STEP][PASSED] - strTop1 = getText(findTestObject("Stockbit/Bandarmology_Top1")): Text of object 'Object Repository/Stockbit/Bandarmology_Top1' is: 'Big Acc'

2024-01-22 18:01:24 - [MESSAGE][PASSED] - Text of object 'Object Repository/Stockbit/Bandarmology_Top1' is: 'Big Acc'

2024-01-22 18:01:24 - [TEST_STEP][PASSED] - strTop3 = getText(findTestObject("Stockbit/Bandarmology_Top3")): Text of object 'Object Repository/Stockbit/Bandarmology_Top3' is: 'Big Acc'

2024-01-22 18:01:24 - [MESSAGE][PASSED] - Text of object 'Object Repository/Stockbit/Bandarmology_Top3' is: 'Big Acc'

2024-01-22 18:01:24 - [TEST_STEP][PASSED] - strTop5 = getText(findTestObject("Stockbit/Bandarmology_Top5")): Text of object 'Object Repository/Stockbit/Bandarmology_Top5' is: 'Small Acc'

2024-01-22 18:01:24 - [MESSAGE][PASSED] - Text of object 'Object Repository/Stockbit/Bandarmology_Top5' is: 'Small Acc'

2024-01-22 18:01:24 - [TEST_STEP][PASSED] - strAllBrokAvg = getText(findTestObject("Stockbit/Bandarmology_TopAVG")): Text of object 'Object Repository/Stockbit/Bandarmology_TopAVG' is: 'Normal Acc'

2024-01-22 18:01:24 - [MESSAGE][PASSED] - Text of object 'Object Repository/Stockbit/Bandarmology_TopAVG' is: 'Normal Acc'

2024-01-22 18:01:24 - [TEST_STEP][PASSED] - strTemp = getText(findTestObject("Stockbit/Bandarmology_AvgRP")): Text of object 'Object Repository/Stockbit/Bandarmology_AvgRP' is: '90'

2024-01-22 18:01:24 - [MESSAGE][PASSED] - Text of object 'Object Repository/Stockbit/Bandarmology_AvgRP' is: '90'

2024-01-22 18:01:24 - [TEST_STEP][PASSED] - if (strTemp.contains(",")): null

2024-01-22 18:01:24 - [TEST_STEP][PASSED] - intAvgRP = strTemp.toInteger(): null

2024-01-22 18:01:24 - [TEST_STEP][PASSED] - strBuyer1 = getText(findTestObject("Stockbit/Bandarmology_Buyer1")): Text of object 'Object Repository/Stockbit/Bandarmology_Buyer1' is: 'PO'

2024-01-22 18:01:24 - [MESSAGE][PASSED] - Text of object 'Object Repository/Stockbit/Bandarmology_Buyer1' is: 'PO'

2024-01-22 18:01:24 - [TEST_STEP][PASSED] - strBuyerVol1 = getText(findTestObject("Stockbit/Bandarmology_BuyerVol1")): Text of object 'Object Repository/Stockbit/Bandarmology_BuyerVol1' is: '2.4 K'

2024-01-22 18:01:25 - [MESSAGE][PASSED] - Text of object 'Object Repository/Stockbit/Bandarmology_BuyerVol1' is: '2.4 K'

2024-01-22 18:01:25 - [TEST_STEP][PASSED] - strBuyerAvg1 = getText(findTestObject("Stockbit/Bandarmology_BuyerAvg1")): Text of object 'Object Repository/Stockbit/Bandarmology_BuyerAvg1' is: '90'

2024-01-22 18:01:25 - [MESSAGE][PASSED] - Text of object 'Object Repository/Stockbit/Bandarmology_BuyerAvg1' is: '90'

2024-01-22 18:01:25 - [TEST_STEP][PASSED] - if (strBuyerAvg1.contains(",")): null

2024-01-22 18:01:25 - [TEST_STEP][PASSED] - if (strBuyerVol1.contains(" B")): null

2024-01-22 18:01:25 - [TEST_STEP][PASSED] - else if (strBuyerVol1.contains(" M")): null

2024-01-22 18:01:25 - [TEST_STEP][PASSED] - else if (strBuyerVol1.contains(" K")): null

2024-01-22 18:01:25 - [TEST_STEP][PASSED] - strBuyerVol1 = strBuyerVol1.replace(" K", ""): null

2024-01-22 18:01:25 - [TEST_STEP][PASSED] - strBuyerVol1 = strBuyerVol1.toDouble() * 1000: null

2024-01-22 18:01:25 - [TEST_STEP][PASSED] - strSeller1 = getText(findTestObject("Stockbit/Bandarmology_Seller1")): Text of object 'Object Repository/Stockbit/Bandarmology_Seller1' is: 'YU'

2024-01-22 18:01:25 - [MESSAGE][PASSED] - Text of object 'Object Repository/Stockbit/Bandarmology_Seller1' is: 'YU'

2024-01-22 18:01:25 - [TEST_STEP][PASSED] - strSellerVol1 = getText(findTestObject("Stockbit/Bandarmology_SellerVol1")): Text of object 'Object Repository/Stockbit/Bandarmology_SellerVol1' is: '980'

2024-01-22 18:01:25 - [MESSAGE][PASSED] - Text of object 'Object Repository/Stockbit/Bandarmology_SellerVol1' is: '980'

2024-01-22 18:01:25 - [TEST_STEP][PASSED] - strSellerAvg1 = getText(findTestObject("Stockbit/Bandarmology_SellerAvg1")): Text of object 'Object Repository/Stockbit/Bandarmology_SellerAvg1' is: '90'

2024-01-22 18:01:25 - [MESSAGE][PASSED] - Text of object 'Object Repository/Stockbit/Bandarmology_SellerAvg1' is: '90'

2024-01-22 18:01:25 - [TEST_STEP][PASSED] - if (strSellerAvg1.contains(",")): null

2024-01-22 18:01:25 - [TEST_STEP][PASSED] - if (strSellerVol1.contains(" B")): null

2024-01-22 18:01:25 - [TEST_STEP][PASSED] - if (verifyElementNotPresent(findTestObject("Stockbit/Bandarmology_Buyer2"), 1, OPTIONAL)): Web element with id: 'Object Repository/Stockbit/Bandarmology_Buyer2' located by 'By.xpath: //*[contains(@id, 'rc-tabs-')]/div[2]/div/div/div/div/div/div[2]/table/tbody/tr[3]/td[1]/p' is present after '1' second(s) (Root cause: com.kms.katalon.core.exception.StepFailedException: Web element with id: 'Object Repository/Stockbit/Bandarmology_Buyer2' located by 'By.xpath: //*[contains(@id, 'rc-tabs-')]/div[2]/div/div/div/div/div/div[2]/table/tbody/tr[3]/td[1]/p' is present after '1' second(s)
	at com.kms.katalon.core.webui.keyword.internal.WebUIKeywordMain.stepFailed(WebUIKeywordMain.groovy:64)
	at com.kms.katalon.core.webui.keyword.internal.WebUIKeywordMain$stepFailed$0.call(Unknown Source)
	at com.kms.katalon.core.webui.keyword.builtin.VerifyElementNotPresentKeyword$_verifyElementNotPresent_closure1.doCall(VerifyElementNotPresentKeyword.groovy:106)
	at com.kms.katalon.core.webui.keyword.builtin.VerifyElementNotPresentKeyword$_verifyElementNotPresent_closure1.doCall(VerifyElementNotPresentKeyword.groovy)
	at com.kms.katalon.core.webui.keyword.internal.WebUIKeywordMain.runKeyword(WebUIKeywordMain.groovy:20)
	at com.kms.katalon.core.webui.keyword.internal.WebUIKeywordMain$runKeyword.call(Unknown Source)
	at com.kms.katalon.core.webui.keyword.builtin.VerifyElementNotPresentKeyword.verifyElementNotPresent(VerifyElementNotPresentKeyword.groovy:117)
	at com.kms.katalon.core.webui.keyword.builtin.VerifyElementNotPresentKeyword.execute(VerifyElementNotPresentKeyword.groovy:68)
	at com.kms.katalon.core.keyword.internal.KeywordExecutor.executeKeywordForPlatform(KeywordExecutor.groovy:74)
	at com.kms.katalon.core.webui.keyword.WebUiBuiltInKeywords.verifyElementNotPresent(WebUiBuiltInKeywords.groovy:1481)
	at com.kms.katalon.core.webui.keyword.WebUiBuiltInKeywords$verifyElementNotPresent$8.call(Unknown Source)
	at GetBrokSumPriceDaily.run(GetBrokSumPriceDaily:258)
	at com.kms.katalon.core.main.ScriptEngine.run(ScriptEngine.java:194)
	at com.kms.katalon.core.main.ScriptEngine.runScriptAsRawText(ScriptEngine.java:119)
	at com.kms.katalon.core.main.TestCaseExecutor.runScript(TestCaseExecutor.java:445)
	at com.kms.katalon.core.main.TestCaseExecutor.doExecute(TestCaseExecutor.java:436)
	at com.kms.katalon.core.main.TestCaseExecutor.processExecutionPhase(TestCaseExecutor.java:415)
	at com.kms.katalon.core.main.TestCaseExecutor.accessMainPhase(TestCaseExecutor.java:407)
	at com.kms.katalon.core.main.TestCaseExecutor.execute(TestCaseExecutor.java:284)
	at com.kms.katalon.core.common.CommonExecutor.accessTestCaseMainPhase(CommonExecutor.java:65)
	at com.kms.katalon.core.main.TestSuiteExecutor.accessTestSuiteMainPhase(TestSuiteExecutor.java:144)
	at com.kms.katalon.core.main.TestSuiteExecutor.execute(TestSuiteExecutor.java:106)
	at com.kms.katalon.core.main.TestCaseMain.startTestSuite(TestCaseMain.java:185)
	at com.kms.katalon.core.main.TestCaseMain$startTestSuite$0.call(Unknown Source)
	at TempTestSuite1705920083951.run(TempTestSuite1705920083951.groovy:36)
)

2024-01-22 18:01:26 - [MESSAGE][WARNING] - Web element with id: 'Object Repository/Stockbit/Bandarmology_Buyer2' located by 'By.xpath: //*[contains(@id, 'rc-tabs-')]/div[2]/div/div/div/div/div/div[2]/table/tbody/tr[3]/td[1]/p' is present after '1' second(s) (Root cause: com.kms.katalon.core.exception.StepFailedException: Web element with id: 'Object Repository/Stockbit/Bandarmology_Buyer2' located by 'By.xpath: //*[contains(@id, 'rc-tabs-')]/div[2]/div/div/div/div/div/div[2]/table/tbody/tr[3]/td[1]/p' is present after '1' second(s)
	at com.kms.katalon.core.webui.keyword.internal.WebUIKeywordMain.stepFailed(WebUIKeywordMain.groovy:64)
	at com.kms.katalon.core.webui.keyword.internal.WebUIKeywordMain$stepFailed$0.call(Unknown Source)
	at com.kms.katalon.core.webui.keyword.builtin.VerifyElementNotPresentKeyword$_verifyElementNotPresent_closure1.doCall(VerifyElementNotPresentKeyword.groovy:106)
	at com.kms.katalon.core.webui.keyword.builtin.VerifyElementNotPresentKeyword$_verifyElementNotPresent_closure1.doCall(VerifyElementNotPresentKeyword.groovy)
	at com.kms.katalon.core.webui.keyword.internal.WebUIKeywordMain.runKeyword(WebUIKeywordMain.groovy:20)
	at com.kms.katalon.core.webui.keyword.internal.WebUIKeywordMain$runKeyword.call(Unknown Source)
	at com.kms.katalon.core.webui.keyword.builtin.VerifyElementNotPresentKeyword.verifyElementNotPresent(VerifyElementNotPresentKeyword.groovy:117)
	at com.kms.katalon.core.webui.keyword.builtin.VerifyElementNotPresentKeyword.execute(VerifyElementNotPresentKeyword.groovy:68)
	at com.kms.katalon.core.keyword.internal.KeywordExecutor.executeKeywordForPlatform(KeywordExecutor.groovy:74)
	at com.kms.katalon.core.webui.keyword.WebUiBuiltInKeywords.verifyElementNotPresent(WebUiBuiltInKeywords.groovy:1481)
	at com.kms.katalon.core.webui.keyword.WebUiBuiltInKeywords$verifyElementNotPresent$8.call(Unknown Source)
	at GetBrokSumPriceDaily.run(GetBrokSumPriceDaily:258)
	at com.kms.katalon.core.main.ScriptEngine.run(ScriptEngine.java:194)
	at com.kms.katalon.core.main.ScriptEngine.runScriptAsRawText(ScriptEngine.java:119)
	at com.kms.katalon.core.main.TestCaseExecutor.runScript(TestCaseExecutor.java:445)
	at com.kms.katalon.core.main.TestCaseExecutor.doExecute(TestCaseExecutor.java:436)
	at com.kms.katalon.core.main.TestCaseExecutor.processExecutionPhase(TestCaseExecutor.java:415)
	at com.kms.katalon.core.main.TestCaseExecutor.accessMainPhase(TestCaseExecutor.java:407)
	at com.kms.katalon.core.main.TestCaseExecutor.execute(TestCaseExecutor.java:284)
	at com.kms.katalon.core.common.CommonExecutor.accessTestCaseMainPhase(CommonExecutor.java:65)
	at com.kms.katalon.core.main.TestSuiteExecutor.accessTestSuiteMainPhase(TestSuiteExecutor.java:144)
	at com.kms.katalon.core.main.TestSuiteExecutor.execute(TestSuiteExecutor.java:106)
	at com.kms.katalon.core.main.TestCaseMain.startTestSuite(TestCaseMain.java:185)
	at com.kms.katalon.core.main.TestCaseMain$startTestSuite$0.call(Unknown Source)
	at TempTestSuite1705920083951.run(TempTestSuite1705920083951.groovy:36)
)
[[ATTACHMENT|C:\\Users\\Fadli\\git\\KatalonDailyGetData2\\Reports\\20240122_174123\\TS1\\20240122_174123\\1705921286628.png]]

2024-01-22 18:01:26 - [TEST_STEP][PASSED] - else: null

2024-01-22 18:01:26 - [TEST_STEP][PASSED] - strBuyer2 = getText(findTestObject("Stockbit/Bandarmology_Buyer2")): Text of object 'Object Repository/Stockbit/Bandarmology_Buyer2' is: 'RG'

2024-01-22 18:01:26 - [MESSAGE][PASSED] - Text of object 'Object Repository/Stockbit/Bandarmology_Buyer2' is: 'RG'

2024-01-22 18:01:26 - [TEST_STEP][PASSED] - strBuyerVol2 = getText(findTestObject("Stockbit/Bandarmology_BuyerVol2")): Text of object 'Object Repository/Stockbit/Bandarmology_BuyerVol2' is: '472'

2024-01-22 18:01:27 - [MESSAGE][PASSED] - Text of object 'Object Repository/Stockbit/Bandarmology_BuyerVol2' is: '472'

2024-01-22 18:01:27 - [TEST_STEP][PASSED] - strBuyerAvg2 = getText(findTestObject("Stockbit/Bandarmology_BuyerAvg2")): Text of object 'Object Repository/Stockbit/Bandarmology_BuyerAvg2' is: '89'

2024-01-22 18:01:27 - [MESSAGE][PASSED] - Text of object 'Object Repository/Stockbit/Bandarmology_BuyerAvg2' is: '89'

2024-01-22 18:01:27 - [TEST_STEP][PASSED] - if (strBuyer2 != ""): null

2024-01-22 18:01:27 - [TEST_STEP][PASSED] - if (strBuyerAvg2.contains(",")): null

2024-01-22 18:01:27 - [TEST_STEP][PASSED] - if (strBuyerVol2.contains(" B")): null

2024-01-22 18:01:27 - [TEST_STEP][PASSED] - if (strBuyerVol2.contains(".")): null

2024-01-22 18:01:27 - [TEST_STEP][PASSED] - if (verifyElementNotPresent(findTestObject("Stockbit/Bandarmology_Seller2"), 1, OPTIONAL)): Web element with id: 'Object Repository/Stockbit/Bandarmology_Seller2' located by 'By.xpath: //*[contains(@id, 'rc-tabs-')]/div[2]/div/div/div/div/div/div[2]/table/tbody/tr[3]/td[5]/p' is present after '1' second(s) (Root cause: com.kms.katalon.core.exception.StepFailedException: Web element with id: 'Object Repository/Stockbit/Bandarmology_Seller2' located by 'By.xpath: //*[contains(@id, 'rc-tabs-')]/div[2]/div/div/div/div/div/div[2]/table/tbody/tr[3]/td[5]/p' is present after '1' second(s)
	at com.kms.katalon.core.webui.keyword.internal.WebUIKeywordMain.stepFailed(WebUIKeywordMain.groovy:64)
	at com.kms.katalon.core.webui.keyword.internal.WebUIKeywordMain$stepFailed$0.call(Unknown Source)
	at com.kms.katalon.core.webui.keyword.builtin.VerifyElementNotPresentKeyword$_verifyElementNotPresent_closure1.doCall(VerifyElementNotPresentKeyword.groovy:106)
	at com.kms.katalon.core.webui.keyword.builtin.VerifyElementNotPresentKeyword$_verifyElementNotPresent_closure1.doCall(VerifyElementNotPresentKeyword.groovy)
	at com.kms.katalon.core.webui.keyword.internal.WebUIKeywordMain.runKeyword(WebUIKeywordMain.groovy:20)
	at com.kms.katalon.core.webui.keyword.internal.WebUIKeywordMain$runKeyword.call(Unknown Source)
	at com.kms.katalon.core.webui.keyword.builtin.VerifyElementNotPresentKeyword.verifyElementNotPresent(VerifyElementNotPresentKeyword.groovy:117)
	at com.kms.katalon.core.webui.keyword.builtin.VerifyElementNotPresentKeyword.execute(VerifyElementNotPresentKeyword.groovy:68)
	at com.kms.katalon.core.keyword.internal.KeywordExecutor.executeKeywordForPlatform(KeywordExecutor.groovy:74)
	at com.kms.katalon.core.webui.keyword.WebUiBuiltInKeywords.verifyElementNotPresent(WebUiBuiltInKeywords.groovy:1481)
	at com.kms.katalon.core.webui.keyword.WebUiBuiltInKeywords$verifyElementNotPresent$8.call(Unknown Source)
	at GetBrokSumPriceDaily.run(GetBrokSumPriceDaily:309)
	at com.kms.katalon.core.main.ScriptEngine.run(ScriptEngine.java:194)
	at com.kms.katalon.core.main.ScriptEngine.runScriptAsRawText(ScriptEngine.java:119)
	at com.kms.katalon.core.main.TestCaseExecutor.runScript(TestCaseExecutor.java:445)
	at com.kms.katalon.core.main.TestCaseExecutor.doExecute(TestCaseExecutor.java:436)
	at com.kms.katalon.core.main.TestCaseExecutor.processExecutionPhase(TestCaseExecutor.java:415)
	at com.kms.katalon.core.main.TestCaseExecutor.accessMainPhase(TestCaseExecutor.java:407)
	at com.kms.katalon.core.main.TestCaseExecutor.execute(TestCaseExecutor.java:284)
	at com.kms.katalon.core.common.CommonExecutor.accessTestCaseMainPhase(CommonExecutor.java:65)
	at com.kms.katalon.core.main.TestSuiteExecutor.accessTestSuiteMainPhase(TestSuiteExecutor.java:144)
	at com.kms.katalon.core.main.TestSuiteExecutor.execute(TestSuiteExecutor.java:106)
	at com.kms.katalon.core.main.TestCaseMain.startTestSuite(TestCaseMain.java:185)
	at com.kms.katalon.core.main.TestCaseMain$startTestSuite$0.call(Unknown Source)
	at TempTestSuite1705920083951.run(TempTestSuite1705920083951.groovy:36)
)

2024-01-22 18:01:28 - [MESSAGE][WARNING] - Web element with id: 'Object Repository/Stockbit/Bandarmology_Seller2' located by 'By.xpath: //*[contains(@id, 'rc-tabs-')]/div[2]/div/div/div/div/div/div[2]/table/tbody/tr[3]/td[5]/p' is present after '1' second(s) (Root cause: com.kms.katalon.core.exception.StepFailedException: Web element with id: 'Object Repository/Stockbit/Bandarmology_Seller2' located by 'By.xpath: //*[contains(@id, 'rc-tabs-')]/div[2]/div/div/div/div/div/div[2]/table/tbody/tr[3]/td[5]/p' is present after '1' second(s)
	at com.kms.katalon.core.webui.keyword.internal.WebUIKeywordMain.stepFailed(WebUIKeywordMain.groovy:64)
	at com.kms.katalon.core.webui.keyword.internal.WebUIKeywordMain$stepFailed$0.call(Unknown Source)
	at com.kms.katalon.core.webui.keyword.builtin.VerifyElementNotPresentKeyword$_verifyElementNotPresent_closure1.doCall(VerifyElementNotPresentKeyword.groovy:106)
	at com.kms.katalon.core.webui.keyword.builtin.VerifyElementNotPresentKeyword$_verifyElementNotPresent_closure1.doCall(VerifyElementNotPresentKeyword.groovy)
	at com.kms.katalon.core.webui.keyword.internal.WebUIKeywordMain.runKeyword(WebUIKeywordMain.groovy:20)
	at com.kms.katalon.core.webui.keyword.internal.WebUIKeywordMain$runKeyword.call(Unknown Source)
	at com.kms.katalon.core.webui.keyword.builtin.VerifyElementNotPresentKeyword.verifyElementNotPresent(VerifyElementNotPresentKeyword.groovy:117)
	at com.kms.katalon.core.webui.keyword.builtin.VerifyElementNotPresentKeyword.execute(VerifyElementNotPresentKeyword.groovy:68)
	at com.kms.katalon.core.keyword.internal.KeywordExecutor.executeKeywordForPlatform(KeywordExecutor.groovy:74)
	at com.kms.katalon.core.webui.keyword.WebUiBuiltInKeywords.verifyElementNotPresent(WebUiBuiltInKeywords.groovy:1481)
	at com.kms.katalon.core.webui.keyword.WebUiBuiltInKeywords$verifyElementNotPresent$8.call(Unknown Source)
	at GetBrokSumPriceDaily.run(GetBrokSumPriceDaily:309)
	at com.kms.katalon.core.main.ScriptEngine.run(ScriptEngine.java:194)
	at com.kms.katalon.core.main.ScriptEngine.runScriptAsRawText(ScriptEngine.java:119)
	at com.kms.katalon.core.main.TestCaseExecutor.runScript(TestCaseExecutor.java:445)
	at com.kms.katalon.core.main.TestCaseExecutor.doExecute(TestCaseExecutor.java:436)
	at com.kms.katalon.core.main.TestCaseExecutor.processExecutionPhase(TestCaseExecutor.java:415)
	at com.kms.katalon.core.main.TestCaseExecutor.accessMainPhase(TestCaseExecutor.java:407)
	at com.kms.katalon.core.main.TestCaseExecutor.execute(TestCaseExecutor.java:284)
	at com.kms.katalon.core.common.CommonExecutor.accessTestCaseMainPhase(CommonExecutor.java:65)
	at com.kms.katalon.core.main.TestSuiteExecutor.accessTestSuiteMainPhase(TestSuiteExecutor.java:144)
	at com.kms.katalon.core.main.TestSuiteExecutor.execute(TestSuiteExecutor.java:106)
	at com.kms.katalon.core.main.TestCaseMain.startTestSuite(TestCaseMain.java:185)
	at com.kms.katalon.core.main.TestCaseMain$startTestSuite$0.call(Unknown Source)
	at TempTestSuite1705920083951.run(TempTestSuite1705920083951.groovy:36)
)
[[ATTACHMENT|C:\\Users\\Fadli\\git\\KatalonDailyGetData2\\Reports\\20240122_174123\\TS1\\20240122_174123\\1705921288315.png]]

2024-01-22 18:01:28 - [TEST_STEP][PASSED] - else: null

2024-01-22 18:01:28 - [TEST_STEP][PASSED] - strSeller2 = getText(findTestObject("Stockbit/Bandarmology_Seller2")): Text of object 'Object Repository/Stockbit/Bandarmology_Seller2' is: 'MG'

2024-01-22 18:01:28 - [MESSAGE][PASSED] - Text of object 'Object Repository/Stockbit/Bandarmology_Seller2' is: 'MG'

2024-01-22 18:01:28 - [TEST_STEP][PASSED] - strSellerVol2 = getText(findTestObject("Stockbit/Bandarmology_SellerVol2")): Text of object 'Object Repository/Stockbit/Bandarmology_SellerVol2' is: '750'

2024-01-22 18:01:28 - [MESSAGE][PASSED] - Text of object 'Object Repository/Stockbit/Bandarmology_SellerVol2' is: '750'

2024-01-22 18:01:28 - [TEST_STEP][PASSED] - strSellerAvg2 = getText(findTestObject("Stockbit/Bandarmology_SellerAvg2")): Text of object 'Object Repository/Stockbit/Bandarmology_SellerAvg2' is: '90'

2024-01-22 18:01:28 - [MESSAGE][PASSED] - Text of object 'Object Repository/Stockbit/Bandarmology_SellerAvg2' is: '90'

2024-01-22 18:01:28 - [TEST_STEP][PASSED] - if (strSeller2 != ""): null

2024-01-22 18:01:28 - [TEST_STEP][PASSED] - if (strSellerAvg2.contains(",")): null

2024-01-22 18:01:28 - [TEST_STEP][PASSED] - if (strSellerVol2.contains(" B")): null

2024-01-22 18:01:28 - [TEST_STEP][PASSED] - if (verifyElementNotPresent(findTestObject("Stockbit/Bandarmology_Buyer3"), 1, OPTIONAL)): Web element with id: 'Object Repository/Stockbit/Bandarmology_Buyer3' located by 'By.xpath: //*[contains(@id, 'rc-tabs-')]/div[2]/div/div/div/div/div/div[2]/table/tbody/tr[4]/td[1]/p' is present after '1' second(s) (Root cause: com.kms.katalon.core.exception.StepFailedException: Web element with id: 'Object Repository/Stockbit/Bandarmology_Buyer3' located by 'By.xpath: //*[contains(@id, 'rc-tabs-')]/div[2]/div/div/div/div/div/div[2]/table/tbody/tr[4]/td[1]/p' is present after '1' second(s)
	at com.kms.katalon.core.webui.keyword.internal.WebUIKeywordMain.stepFailed(WebUIKeywordMain.groovy:64)
	at com.kms.katalon.core.webui.keyword.internal.WebUIKeywordMain$stepFailed$0.call(Unknown Source)
	at com.kms.katalon.core.webui.keyword.builtin.VerifyElementNotPresentKeyword$_verifyElementNotPresent_closure1.doCall(VerifyElementNotPresentKeyword.groovy:106)
	at com.kms.katalon.core.webui.keyword.builtin.VerifyElementNotPresentKeyword$_verifyElementNotPresent_closure1.doCall(VerifyElementNotPresentKeyword.groovy)
	at com.kms.katalon.core.webui.keyword.internal.WebUIKeywordMain.runKeyword(WebUIKeywordMain.groovy:20)
	at com.kms.katalon.core.webui.keyword.internal.WebUIKeywordMain$runKeyword.call(Unknown Source)
	at com.kms.katalon.core.webui.keyword.builtin.VerifyElementNotPresentKeyword.verifyElementNotPresent(VerifyElementNotPresentKeyword.groovy:117)
	at com.kms.katalon.core.webui.keyword.builtin.VerifyElementNotPresentKeyword.execute(VerifyElementNotPresentKeyword.groovy:68)
	at com.kms.katalon.core.keyword.internal.KeywordExecutor.executeKeywordForPlatform(KeywordExecutor.groovy:74)
	at com.kms.katalon.core.webui.keyword.WebUiBuiltInKeywords.verifyElementNotPresent(WebUiBuiltInKeywords.groovy:1481)
	at com.kms.katalon.core.webui.keyword.WebUiBuiltInKeywords$verifyElementNotPresent$8.call(Unknown Source)
	at GetBrokSumPriceDaily.run(GetBrokSumPriceDaily:361)
	at com.kms.katalon.core.main.ScriptEngine.run(ScriptEngine.java:194)
	at com.kms.katalon.core.main.ScriptEngine.runScriptAsRawText(ScriptEngine.java:119)
	at com.kms.katalon.core.main.TestCaseExecutor.runScript(TestCaseExecutor.java:445)
	at com.kms.katalon.core.main.TestCaseExecutor.doExecute(TestCaseExecutor.java:436)
	at com.kms.katalon.core.main.TestCaseExecutor.processExecutionPhase(TestCaseExecutor.java:415)
	at com.kms.katalon.core.main.TestCaseExecutor.accessMainPhase(TestCaseExecutor.java:407)
	at com.kms.katalon.core.main.TestCaseExecutor.execute(TestCaseExecutor.java:284)
	at com.kms.katalon.core.common.CommonExecutor.accessTestCaseMainPhase(CommonExecutor.java:65)
	at com.kms.katalon.core.main.TestSuiteExecutor.accessTestSuiteMainPhase(TestSuiteExecutor.java:144)
	at com.kms.katalon.core.main.TestSuiteExecutor.execute(TestSuiteExecutor.java:106)
	at com.kms.katalon.core.main.TestCaseMain.startTestSuite(TestCaseMain.java:185)
	at com.kms.katalon.core.main.TestCaseMain$startTestSuite$0.call(Unknown Source)
	at TempTestSuite1705920083951.run(TempTestSuite1705920083951.groovy:36)
)

2024-01-22 18:01:30 - [MESSAGE][WARNING] - Web element with id: 'Object Repository/Stockbit/Bandarmology_Buyer3' located by 'By.xpath: //*[contains(@id, 'rc-tabs-')]/div[2]/div/div/div/div/div/div[2]/table/tbody/tr[4]/td[1]/p' is present after '1' second(s) (Root cause: com.kms.katalon.core.exception.StepFailedException: Web element with id: 'Object Repository/Stockbit/Bandarmology_Buyer3' located by 'By.xpath: //*[contains(@id, 'rc-tabs-')]/div[2]/div/div/div/div/div/div[2]/table/tbody/tr[4]/td[1]/p' is present after '1' second(s)
	at com.kms.katalon.core.webui.keyword.internal.WebUIKeywordMain.stepFailed(WebUIKeywordMain.groovy:64)
	at com.kms.katalon.core.webui.keyword.internal.WebUIKeywordMain$stepFailed$0.call(Unknown Source)
	at com.kms.katalon.core.webui.keyword.builtin.VerifyElementNotPresentKeyword$_verifyElementNotPresent_closure1.doCall(VerifyElementNotPresentKeyword.groovy:106)
	at com.kms.katalon.core.webui.keyword.builtin.VerifyElementNotPresentKeyword$_verifyElementNotPresent_closure1.doCall(VerifyElementNotPresentKeyword.groovy)
	at com.kms.katalon.core.webui.keyword.internal.WebUIKeywordMain.runKeyword(WebUIKeywordMain.groovy:20)
	at com.kms.katalon.core.webui.keyword.internal.WebUIKeywordMain$runKeyword.call(Unknown Source)
	at com.kms.katalon.core.webui.keyword.builtin.VerifyElementNotPresentKeyword.verifyElementNotPresent(VerifyElementNotPresentKeyword.groovy:117)
	at com.kms.katalon.core.webui.keyword.builtin.VerifyElementNotPresentKeyword.execute(VerifyElementNotPresentKeyword.groovy:68)
	at com.kms.katalon.core.keyword.internal.KeywordExecutor.executeKeywordForPlatform(KeywordExecutor.groovy:74)
	at com.kms.katalon.core.webui.keyword.WebUiBuiltInKeywords.verifyElementNotPresent(WebUiBuiltInKeywords.groovy:1481)
	at com.kms.katalon.core.webui.keyword.WebUiBuiltInKeywords$verifyElementNotPresent$8.call(Unknown Source)
	at GetBrokSumPriceDaily.run(GetBrokSumPriceDaily:361)
	at com.kms.katalon.core.main.ScriptEngine.run(ScriptEngine.java:194)
	at com.kms.katalon.core.main.ScriptEngine.runScriptAsRawText(ScriptEngine.java:119)
	at com.kms.katalon.core.main.TestCaseExecutor.runScript(TestCaseExecutor.java:445)
	at com.kms.katalon.core.main.TestCaseExecutor.doExecute(TestCaseExecutor.java:436)
	at com.kms.katalon.core.main.TestCaseExecutor.processExecutionPhase(TestCaseExecutor.java:415)
	at com.kms.katalon.core.main.TestCaseExecutor.accessMainPhase(TestCaseExecutor.java:407)
	at com.kms.katalon.core.main.TestCaseExecutor.execute(TestCaseExecutor.java:284)
	at com.kms.katalon.core.common.CommonExecutor.accessTestCaseMainPhase(CommonExecutor.java:65)
	at com.kms.katalon.core.main.TestSuiteExecutor.accessTestSuiteMainPhase(TestSuiteExecutor.java:144)
	at com.kms.katalon.core.main.TestSuiteExecutor.execute(TestSuiteExecutor.java:106)
	at com.kms.katalon.core.main.TestCaseMain.startTestSuite(TestCaseMain.java:185)
	at com.kms.katalon.core.main.TestCaseMain$startTestSuite$0.call(Unknown Source)
	at TempTestSuite1705920083951.run(TempTestSuite1705920083951.groovy:36)
)
[[ATTACHMENT|C:\\Users\\Fadli\\git\\KatalonDailyGetData2\\Reports\\20240122_174123\\TS1\\20240122_174123\\1705921290105.png]]

2024-01-22 18:01:30 - [TEST_STEP][PASSED] - else: null

2024-01-22 18:01:30 - [TEST_STEP][PASSED] - strBuyer3 = getText(findTestObject("Stockbit/Bandarmology_Buyer3")): Text of object 'Object Repository/Stockbit/Bandarmology_Buyer3' is: 'XL'

2024-01-22 18:01:30 - [MESSAGE][PASSED] - Text of object 'Object Repository/Stockbit/Bandarmology_Buyer3' is: 'XL'

2024-01-22 18:01:30 - [TEST_STEP][PASSED] - strBuyerVol3 = getText(findTestObject("Stockbit/Bandarmology_BuyerVol3")): Text of object 'Object Repository/Stockbit/Bandarmology_BuyerVol3' is: '180'

2024-01-22 18:01:30 - [MESSAGE][PASSED] - Text of object 'Object Repository/Stockbit/Bandarmology_BuyerVol3' is: '180'

2024-01-22 18:01:30 - [TEST_STEP][PASSED] - strBuyerAvg3 = getText(findTestObject("Stockbit/Bandarmology_BuyerAvg3")): Text of object 'Object Repository/Stockbit/Bandarmology_BuyerAvg3' is: '89'

2024-01-22 18:01:30 - [MESSAGE][PASSED] - Text of object 'Object Repository/Stockbit/Bandarmology_BuyerAvg3' is: '89'

2024-01-22 18:01:30 - [TEST_STEP][PASSED] - if (strBuyer3 != ""): null

2024-01-22 18:01:30 - [TEST_STEP][PASSED] - if (strBuyerAvg3.contains(",")): null

2024-01-22 18:01:30 - [TEST_STEP][PASSED] - if (strBuyerVol3.contains(" B")): null

2024-01-22 18:01:30 - [TEST_STEP][PASSED] - if (verifyElementNotPresent(findTestObject("Stockbit/Bandarmology_Seller3"), 1, OPTIONAL)): Web element with id: 'Object Repository/Stockbit/Bandarmology_Seller3' located by 'By.xpath: //*[contains(@id, 'rc-tabs-')]/div[2]/div/div/div/div/div/div[2]/table/tbody/tr[4]/td[5]/p' is present after '1' second(s) (Root cause: com.kms.katalon.core.exception.StepFailedException: Web element with id: 'Object Repository/Stockbit/Bandarmology_Seller3' located by 'By.xpath: //*[contains(@id, 'rc-tabs-')]/div[2]/div/div/div/div/div/div[2]/table/tbody/tr[4]/td[5]/p' is present after '1' second(s)
	at com.kms.katalon.core.webui.keyword.internal.WebUIKeywordMain.stepFailed(WebUIKeywordMain.groovy:64)
	at com.kms.katalon.core.webui.keyword.internal.WebUIKeywordMain$stepFailed$0.call(Unknown Source)
	at com.kms.katalon.core.webui.keyword.builtin.VerifyElementNotPresentKeyword$_verifyElementNotPresent_closure1.doCall(VerifyElementNotPresentKeyword.groovy:106)
	at com.kms.katalon.core.webui.keyword.builtin.VerifyElementNotPresentKeyword$_verifyElementNotPresent_closure1.doCall(VerifyElementNotPresentKeyword.groovy)
	at com.kms.katalon.core.webui.keyword.internal.WebUIKeywordMain.runKeyword(WebUIKeywordMain.groovy:20)
	at com.kms.katalon.core.webui.keyword.internal.WebUIKeywordMain$runKeyword.call(Unknown Source)
	at com.kms.katalon.core.webui.keyword.builtin.VerifyElementNotPresentKeyword.verifyElementNotPresent(VerifyElementNotPresentKeyword.groovy:117)
	at com.kms.katalon.core.webui.keyword.builtin.VerifyElementNotPresentKeyword.execute(VerifyElementNotPresentKeyword.groovy:68)
	at com.kms.katalon.core.keyword.internal.KeywordExecutor.executeKeywordForPlatform(KeywordExecutor.groovy:74)
	at com.kms.katalon.core.webui.keyword.WebUiBuiltInKeywords.verifyElementNotPresent(WebUiBuiltInKeywords.groovy:1481)
	at com.kms.katalon.core.webui.keyword.WebUiBuiltInKeywords$verifyElementNotPresent$8.call(Unknown Source)
	at GetBrokSumPriceDaily.run(GetBrokSumPriceDaily:414)
	at com.kms.katalon.core.main.ScriptEngine.run(ScriptEngine.java:194)
	at com.kms.katalon.core.main.ScriptEngine.runScriptAsRawText(ScriptEngine.java:119)
	at com.kms.katalon.core.main.TestCaseExecutor.runScript(TestCaseExecutor.java:445)
	at com.kms.katalon.core.main.TestCaseExecutor.doExecute(TestCaseExecutor.java:436)
	at com.kms.katalon.core.main.TestCaseExecutor.processExecutionPhase(TestCaseExecutor.java:415)
	at com.kms.katalon.core.main.TestCaseExecutor.accessMainPhase(TestCaseExecutor.java:407)
	at com.kms.katalon.core.main.TestCaseExecutor.execute(TestCaseExecutor.java:284)
	at com.kms.katalon.core.common.CommonExecutor.accessTestCaseMainPhase(CommonExecutor.java:65)
	at com.kms.katalon.core.main.TestSuiteExecutor.accessTestSuiteMainPhase(TestSuiteExecutor.java:144)
	at com.kms.katalon.core.main.TestSuiteExecutor.execute(TestSuiteExecutor.java:106)
	at com.kms.katalon.core.main.TestCaseMain.startTestSuite(TestCaseMain.java:185)
	at com.kms.katalon.core.main.TestCaseMain$startTestSuite$0.call(Unknown Source)
	at TempTestSuite1705920083951.run(TempTestSuite1705920083951.groovy:36)
)

2024-01-22 18:01:31 - [MESSAGE][WARNING] - Web element with id: 'Object Repository/Stockbit/Bandarmology_Seller3' located by 'By.xpath: //*[contains(@id, 'rc-tabs-')]/div[2]/div/div/div/div/div/div[2]/table/tbody/tr[4]/td[5]/p' is present after '1' second(s) (Root cause: com.kms.katalon.core.exception.StepFailedException: Web element with id: 'Object Repository/Stockbit/Bandarmology_Seller3' located by 'By.xpath: //*[contains(@id, 'rc-tabs-')]/div[2]/div/div/div/div/div/div[2]/table/tbody/tr[4]/td[5]/p' is present after '1' second(s)
	at com.kms.katalon.core.webui.keyword.internal.WebUIKeywordMain.stepFailed(WebUIKeywordMain.groovy:64)
	at com.kms.katalon.core.webui.keyword.internal.WebUIKeywordMain$stepFailed$0.call(Unknown Source)
	at com.kms.katalon.core.webui.keyword.builtin.VerifyElementNotPresentKeyword$_verifyElementNotPresent_closure1.doCall(VerifyElementNotPresentKeyword.groovy:106)
	at com.kms.katalon.core.webui.keyword.builtin.VerifyElementNotPresentKeyword$_verifyElementNotPresent_closure1.doCall(VerifyElementNotPresentKeyword.groovy)
	at com.kms.katalon.core.webui.keyword.internal.WebUIKeywordMain.runKeyword(WebUIKeywordMain.groovy:20)
	at com.kms.katalon.core.webui.keyword.internal.WebUIKeywordMain$runKeyword.call(Unknown Source)
	at com.kms.katalon.core.webui.keyword.builtin.VerifyElementNotPresentKeyword.verifyElementNotPresent(VerifyElementNotPresentKeyword.groovy:117)
	at com.kms.katalon.core.webui.keyword.builtin.VerifyElementNotPresentKeyword.execute(VerifyElementNotPresentKeyword.groovy:68)
	at com.kms.katalon.core.keyword.internal.KeywordExecutor.executeKeywordForPlatform(KeywordExecutor.groovy:74)
	at com.kms.katalon.core.webui.keyword.WebUiBuiltInKeywords.verifyElementNotPresent(WebUiBuiltInKeywords.groovy:1481)
	at com.kms.katalon.core.webui.keyword.WebUiBuiltInKeywords$verifyElementNotPresent$8.call(Unknown Source)
	at GetBrokSumPriceDaily.run(GetBrokSumPriceDaily:414)
	at com.kms.katalon.core.main.ScriptEngine.run(ScriptEngine.java:194)
	at com.kms.katalon.core.main.ScriptEngine.runScriptAsRawText(ScriptEngine.java:119)
	at com.kms.katalon.core.main.TestCaseExecutor.runScript(TestCaseExecutor.java:445)
	at com.kms.katalon.core.main.TestCaseExecutor.doExecute(TestCaseExecutor.java:436)
	at com.kms.katalon.core.main.TestCaseExecutor.processExecutionPhase(TestCaseExecutor.java:415)
	at com.kms.katalon.core.main.TestCaseExecutor.accessMainPhase(TestCaseExecutor.java:407)
	at com.kms.katalon.core.main.TestCaseExecutor.execute(TestCaseExecutor.java:284)
	at com.kms.katalon.core.common.CommonExecutor.accessTestCaseMainPhase(CommonExecutor.java:65)
	at com.kms.katalon.core.main.TestSuiteExecutor.accessTestSuiteMainPhase(TestSuiteExecutor.java:144)
	at com.kms.katalon.core.main.TestSuiteExecutor.execute(TestSuiteExecutor.java:106)
	at com.kms.katalon.core.main.TestCaseMain.startTestSuite(TestCaseMain.java:185)
	at com.kms.katalon.core.main.TestCaseMain$startTestSuite$0.call(Unknown Source)
	at TempTestSuite1705920083951.run(TempTestSuite1705920083951.groovy:36)
)
[[ATTACHMENT|C:\\Users\\Fadli\\git\\KatalonDailyGetData2\\Reports\\20240122_174123\\TS1\\20240122_174123\\1705921291803.png]]

2024-01-22 18:01:31 - [TEST_STEP][PASSED] - else: null

2024-01-22 18:01:31 - [TEST_STEP][PASSED] - strSeller3 = getText(findTestObject("Stockbit/Bandarmology_Seller3")): Text of object 'Object Repository/Stockbit/Bandarmology_Seller3' is: 'GR'

2024-01-22 18:01:32 - [MESSAGE][PASSED] - Text of object 'Object Repository/Stockbit/Bandarmology_Seller3' is: 'GR'

2024-01-22 18:01:32 - [TEST_STEP][PASSED] - strSellerVol3 = getText(findTestObject("Stockbit/Bandarmology_SellerVol3")): Text of object 'Object Repository/Stockbit/Bandarmology_SellerVol3' is: '500'

2024-01-22 18:01:32 - [MESSAGE][PASSED] - Text of object 'Object Repository/Stockbit/Bandarmology_SellerVol3' is: '500'

2024-01-22 18:01:32 - [TEST_STEP][PASSED] - strSellerAvg3 = getText(findTestObject("Stockbit/Bandarmology_SellerAvg3")): Text of object 'Object Repository/Stockbit/Bandarmology_SellerAvg3' is: '89'

2024-01-22 18:01:32 - [MESSAGE][PASSED] - Text of object 'Object Repository/Stockbit/Bandarmology_SellerAvg3' is: '89'

2024-01-22 18:01:32 - [TEST_STEP][PASSED] - if (strSeller3 != ""): null

2024-01-22 18:01:32 - [TEST_STEP][PASSED] - if (strSellerAvg3.contains(",")): null

2024-01-22 18:01:32 - [TEST_STEP][PASSED] - if (strSellerVol3.contains(" B")): null

2024-01-22 18:01:32 - [TEST_STEP][PASSED] - strAccDist = getText(findTestObject("Stockbit/Bandarmology_AccDist")): Text of object 'Object Repository/Stockbit/Bandarmology_AccDist' is: 'Acc'

2024-01-22 18:01:32 - [MESSAGE][PASSED] - Text of object 'Object Repository/Stockbit/Bandarmology_AccDist' is: 'Acc'

2024-01-22 18:01:32 - [TEST_STEP][PASSED] - strNetVol = getText(findTestObject("Stockbit/Bandarmology_NetVol")): Text of object 'Object Repository/Stockbit/Bandarmology_NetVol' is: '3,084'

2024-01-22 18:01:32 - [MESSAGE][PASSED] - Text of object 'Object Repository/Stockbit/Bandarmology_NetVol' is: '3,084'

2024-01-22 18:01:32 - [TEST_STEP][PASSED] - strNetVol = strNetVol.replace(",", ""): null

2024-01-22 18:01:32 - [TEST_STEP][PASSED] - strNetVal = getText(findTestObject("Stockbit/Bandarmology_NetVal")): Text of object 'Object Repository/Stockbit/Bandarmology_NetVal' is: '0 B'

2024-01-22 18:01:32 - [MESSAGE][PASSED] - Text of object 'Object Repository/Stockbit/Bandarmology_NetVal' is: '0 B'

2024-01-22 18:01:32 - [TEST_STEP][PASSED] - delay(3): Delayed 3 second(s)

2024-01-22 18:01:35 - [MESSAGE][PASSED] - Delayed 3 second(s)

2024-01-22 18:01:35 - [TEST_STEP][PASSED] - strOpenPrice = getText(findTestObject("Stockbit/Home_OpenPrice")): Text of object 'Object Repository/Stockbit/Home_OpenPrice' is: '89'

2024-01-22 18:01:35 - [MESSAGE][PASSED] - Text of object 'Object Repository/Stockbit/Home_OpenPrice' is: '89'

2024-01-22 18:01:35 - [TEST_STEP][PASSED] - strOpenPrice = strOpenPrice.replace(",", ""): null

2024-01-22 18:01:35 - [TEST_STEP][PASSED] - strLowPrice = getText(findTestObject("Stockbit/Home_LowPrice")): Text of object 'Object Repository/Stockbit/Home_LowPrice' is: '89'

2024-01-22 18:01:35 - [MESSAGE][PASSED] - Text of object 'Object Repository/Stockbit/Home_LowPrice' is: '89'

2024-01-22 18:01:35 - [TEST_STEP][PASSED] - strLowPrice = strLowPrice.replace(",", ""): null

2024-01-22 18:01:35 - [TEST_STEP][PASSED] - strHighPrice = getText(findTestObject("Stockbit/Home_HighPrice")): Text of object 'Object Repository/Stockbit/Home_HighPrice' is: '90'

2024-01-22 18:01:36 - [MESSAGE][PASSED] - Text of object 'Object Repository/Stockbit/Home_HighPrice' is: '90'

2024-01-22 18:01:36 - [TEST_STEP][PASSED] - strHighPrice = strHighPrice.replace(",", ""): null

2024-01-22 18:01:36 - [TEST_STEP][PASSED] - strClosePrice = getText(findTestObject("Stockbit/Home_ClosePrice")): Text of object 'Object Repository/Stockbit/Home_ClosePrice' is: '90'

2024-01-22 18:01:36 - [MESSAGE][PASSED] - Text of object 'Object Repository/Stockbit/Home_ClosePrice' is: '90'

2024-01-22 18:01:36 - [TEST_STEP][PASSED] - strClosePrice = strClosePrice.replace(",", ""): null

2024-01-22 18:01:36 - [TEST_STEP][PASSED] - strVol = getText(findTestObject("Stockbit/Home_Volume")): Text of object 'Object Repository/Stockbit/Home_Volume' is: '3 K'

2024-01-22 18:01:36 - [MESSAGE][PASSED] - Text of object 'Object Repository/Stockbit/Home_Volume' is: '3 K'

2024-01-22 18:01:36 - [TEST_STEP][PASSED] - if (strVol.contains(" K")): null

2024-01-22 18:01:36 - [TEST_STEP][PASSED] - strVol = strVol.replace(" K", "000"): null

2024-01-22 18:01:36 - [TEST_STEP][PASSED] - if (strVol.contains(",")): null

2024-01-22 18:01:36 - [TEST_STEP][PASSED] - strChange = getText(findTestObject("Stockbit/Home_Change")): Text of object 'Object Repository/Stockbit/Home_Change' is: '0.00%'

2024-01-22 18:01:36 - [MESSAGE][PASSED] - Text of object 'Object Repository/Stockbit/Home_Change' is: '0.00%'

2024-01-22 18:01:36 - [TEST_STEP][PASSED] - strChange = strChange.replace("%", ""): null

2024-01-22 18:01:36 - [TEST_STEP][PASSED] - strFreq = getText(findTestObject("Stockbit/Home_Freq")): Text of object 'Object Repository/Stockbit/Home_Freq' is: '53'

2024-01-22 18:01:36 - [MESSAGE][PASSED] - Text of object 'Object Repository/Stockbit/Home_Freq' is: '53'

2024-01-22 18:01:36 - [TEST_STEP][PASSED] - if (strFreq.contains(",")): null

2024-01-22 18:01:36 - [TEST_STEP][PASSED] - if (strFreq == "NA" || strFreq == ""): null

2024-01-22 18:01:36 - [TEST_STEP][PASSED] - else: null

2024-01-22 18:01:36 - [TEST_STEP][PASSED] - dblFreqAnal = strVol.toDouble() / strFreq.toDouble() * strFreq.toDouble() * strFreq.toDouble() * 100000000: null

2024-01-22 18:01:36 - [TEST_STEP][PASSED] - strFreqAnal = String.format("%.4f", dblFreqAnal): null

2024-01-22 18:01:36 - [TEST_STEP][PASSED] - out.println("Double strFreqAnal: " + strFreqAnal): null

2024-01-22 18:01:36 - [TEST_STEP][PASSED] - strTanggal = d.format(DateTimeFormatter.ofPattern("yyyy-MM-dd")): null

2024-01-22 18:01:36 - [TEST_STEP][PASSED] - strTanggal = "#" + strTanggal + "#": null

2024-01-22 18:01:36 - [TEST_STEP][PASSED] - strSQL = "select count(*) as JumBaris from TblBrokSum where Nama = '" + strNama + "' and Tanggal = " + strTanggal + "": null

2024-01-22 18:01:36 - [TEST_STEP][PASSED] - resultSet = statement.executeQuery(strSQL): null

2024-01-22 18:01:36 - [TEST_STEP][PASSED] - resultSet.next(): null

2024-01-22 18:01:36 - [TEST_STEP][PASSED] - intJumBaris = resultSet.getInt("JumBaris"): null

2024-01-22 18:01:36 - [TEST_STEP][PASSED] - if (intJumBaris > 0): null

2024-01-22 18:01:36 - [TEST_STEP][PASSED] - else: null

2024-01-22 18:01:36 - [TEST_STEP][PASSED] - try: null

2024-01-22 18:01:36 - [TEST_STEP][PASSED] - out.println("Insert data"): null

2024-01-22 18:01:36 - [TEST_STEP][PASSED] - strSQL = "insert into TblBrokSum (nama, tanggal, top1, top2, top3, AllBrokAvg, AccDist, AvgRP, " + "Buyer1, BuyerVal1, BuyerAvg1, Seller1, SellerVal1, SellerAvg1, Buyer2, BuyerVal2, BuyerAvg2, " + "Seller2, SellerVal2, SellerAvg2, Buyer3, BuyerVal3, BuyerAvg3, Seller3, SellerVal3, SellerAvg3, NetVol, NetVal, " + "OpenPrice, LowPrice, HighPrice, ClosePrice, Volume, Change, Frekuensi, FrekAnal) " + "values ('" + strNama + "', " + strTanggal + ", '" + strTop1 + "', '" + strTop3 + "', '" + strTop5 + "', " + "'" + strAllBrokAvg + "', '" + strAccDist + "', " + intAvgRP + ", '" + strBuyer1 + "', '" + strBuyerVol1 + "', " + strBuyerAvg1 + ", " + "'" + strSeller1 + "', '" + strSellerVol1 + "', " + strSellerAvg1 + ", '" + strBuyer2 + "', '" + strBuyerVol2 + "', " + strBuyerAvg2 + ", " + "'" + strSeller2 + "', '" + strSellerVol2 + "', " + strSellerAvg2 + ", '" + strBuyer3 + "', '" + strBuyerVol3 + "', " + strBuyerAvg3 + ", " + "'" + strSeller3 + "', '" + strSellerVol3 + "', " + strSellerAvg3 + ", " + strNetVol + ", '" + strNetVal + "', " + "" + strOpenPrice + ", " + strLowPrice + ", " + strHighPrice + ", " + strClosePrice + ", '" + strVol + "', " + strChange + ", " + strFreq + ", " + strFreqAnal + ");": null

2024-01-22 18:01:36 - [TEST_STEP][PASSED] - out.println("strSQL = " + strSQL): null

2024-01-22 18:01:36 - [TEST_STEP][PASSED] - statement.executeUpdate(strSQL): null

2024-01-22 18:01:36 - [TEST_STEP][PASSED] - setValueToCellByIndex(sheet01, rowIndex, 4, "DONE"): null

2024-01-22 18:01:36 - [TEST_STEP][PASSED] - saveWorkbook(excelFilePath, workbook01): null

2024-01-22 18:01:36 - [TEST_STEP][PASSED] - waitForElementClickable(findTestObject("Stockbit/menu_Bandarmology"), 10): Object 'Object Repository/Stockbit/menu_Bandarmology' is clickable

2024-01-22 18:01:36 - [MESSAGE][PASSED] - Object 'Object Repository/Stockbit/menu_Bandarmology' is clickable

2024-01-22 18:01:36 - [TEST_STEP][PASSED] - click(findTestObject("Stockbit/menu_Bandarmology")): Object: 'Object Repository/Stockbit/menu_Bandarmology' is clicked on

2024-01-22 18:01:37 - [MESSAGE][PASSED] - Object: 'Object Repository/Stockbit/menu_Bandarmology' is clicked on

2024-01-22 18:01:37 - [TEST_STEP][PASSED] - strTemp = "NA": null

2024-01-22 18:01:37 - [TEST_STEP][PASSED] - if (getCellValueByIndex(sheet01, rowIndex, 4) != "DONE"): Object: 'Object Repository/Stockbit/menu_Bandarmology' is clicked on

2024-01-22 18:01:37 - [TEST_STEP][PASSED] - strNama = getCellValueByIndex(sheet01, rowIndex, 0): null

2024-01-22 18:01:37 - [TEST_STEP][PASSED] - navigateToUrl("https://stockbit.com/#/symbol/" + strNama): Navigate to 'https://stockbit.com/#/symbol/BBKP' successfully

2024-01-22 18:01:39 - [MESSAGE][PASSED] - Navigate to 'https://stockbit.com/#/symbol/BBKP' successfully

2024-01-22 18:01:39 - [TEST_STEP][PASSED] - waitForElementClickable(findTestObject("Stockbit/menu_Bandarmology"), 10): Object 'Object Repository/Stockbit/menu_Bandarmology' is clickable

2024-01-22 18:01:39 - [MESSAGE][PASSED] - Object 'Object Repository/Stockbit/menu_Bandarmology' is clickable

2024-01-22 18:01:39 - [TEST_STEP][PASSED] - click(findTestObject("Stockbit/menu_Bandarmology")): Object: 'Object Repository/Stockbit/menu_Bandarmology' is clicked on

2024-01-22 18:01:40 - [MESSAGE][PASSED] - Object: 'Object Repository/Stockbit/menu_Bandarmology' is clicked on

2024-01-22 18:01:40 - [TEST_STEP][PASSED] - strTanggal = d.format(DateTimeFormatter.ofPattern("MMM dd, yyyy")): null

2024-01-22 18:01:40 - [TEST_STEP][PASSED] - strTanggal = d.format(ISO_DATE): null

2024-01-22 18:01:40 - [TEST_STEP][PASSED] - out.println("strTanggal = " + strTanggal): null

2024-01-22 18:01:40 - [TEST_STEP][PASSED] - out.println("strNama = " + strNama): null

2024-01-22 18:01:40 - [TEST_STEP][PASSED] - out.println("Baris ke = " + rowIndex): null

2024-01-22 18:01:40 - [TEST_STEP][PASSED] - click(findTestObject("Stockbit/input__BandarmologyOpenStartDate")): Object: 'Object Repository/Stockbit/input__BandarmologyOpenStartDate' is clicked on

2024-01-22 18:01:41 - [MESSAGE][PASSED] - Object: 'Object Repository/Stockbit/input__BandarmologyOpenStartDate' is clicked on

2024-01-22 18:01:41 - [TEST_STEP][PASSED] - sendKeys(findTestObject("Stockbit/input__BandarmologyOpenStartDate"), Keys.chord(CONTROL, "a")): Keys 'CONTROL + a' sent to object: 'Object Repository/Stockbit/input__BandarmologyOpenStartDate'

2024-01-22 18:01:42 - [MESSAGE][PASSED] - Keys 'CONTROL + a' sent to object: 'Object Repository/Stockbit/input__BandarmologyOpenStartDate'

2024-01-22 18:01:42 - [TEST_STEP][PASSED] - sendKeys(findTestObject("Stockbit/input__BandarmologyOpenStartDate"), Keys.chord(BACK_SPACE)): Keys 'BACK_SPACE + ' sent to object: 'Object Repository/Stockbit/input__BandarmologyOpenStartDate'

2024-01-22 18:01:42 - [MESSAGE][PASSED] - Keys 'BACK_SPACE + ' sent to object: 'Object Repository/Stockbit/input__BandarmologyOpenStartDate'

2024-01-22 18:01:42 - [TEST_STEP][PASSED] - setText(findTestObject("Stockbit/input__BandarmologyOpenStartDate"), strTanggal): Text '2024-01-22' is set on object 'Object Repository/Stockbit/input__BandarmologyOpenStartDate'

2024-01-22 18:01:43 - [MESSAGE][PASSED] - Text '2024-01-22' is set on object 'Object Repository/Stockbit/input__BandarmologyOpenStartDate'

2024-01-22 18:01:43 - [TEST_STEP][PASSED] - sendKeys(findTestObject("Stockbit/input__BandarmologyOpenStartDate"), Keys.chord(ENTER)): Keys 'ENTER + ' sent to object: 'Object Repository/Stockbit/input__BandarmologyOpenStartDate'

2024-01-22 18:01:43 - [MESSAGE][PASSED] - Keys 'ENTER + ' sent to object: 'Object Repository/Stockbit/input__BandarmologyOpenStartDate'

2024-01-22 18:01:43 - [TEST_STEP][PASSED] - click(findTestObject("Stockbit/input__BandarmologyOpenEndDate")): Object: 'Object Repository/Stockbit/input__BandarmologyOpenEndDate' is clicked on

2024-01-22 18:01:44 - [MESSAGE][PASSED] - Object: 'Object Repository/Stockbit/input__BandarmologyOpenEndDate' is clicked on

2024-01-22 18:01:44 - [TEST_STEP][PASSED] - sendKeys(findTestObject("Stockbit/input__BandarmologyOpenEndDate"), Keys.chord(CONTROL, "a")): Keys 'CONTROL + a' sent to object: 'Object Repository/Stockbit/input__BandarmologyOpenEndDate'

2024-01-22 18:01:44 - [MESSAGE][PASSED] - Keys 'CONTROL + a' sent to object: 'Object Repository/Stockbit/input__BandarmologyOpenEndDate'

2024-01-22 18:01:44 - [TEST_STEP][PASSED] - sendKeys(findTestObject("Stockbit/input__BandarmologyOpenEndDate"), Keys.chord(BACK_SPACE)): Keys 'BACK_SPACE + ' sent to object: 'Object Repository/Stockbit/input__BandarmologyOpenEndDate'

2024-01-22 18:01:44 - [MESSAGE][PASSED] - Keys 'BACK_SPACE + ' sent to object: 'Object Repository/Stockbit/input__BandarmologyOpenEndDate'

2024-01-22 18:01:44 - [TEST_STEP][PASSED] - setText(findTestObject("Stockbit/input__BandarmologyOpenEndDate"), strTanggal): Text '2024-01-22' is set on object 'Object Repository/Stockbit/input__BandarmologyOpenEndDate'

2024-01-22 18:01:45 - [MESSAGE][PASSED] - Text '2024-01-22' is set on object 'Object Repository/Stockbit/input__BandarmologyOpenEndDate'

2024-01-22 18:01:45 - [TEST_STEP][PASSED] - sendKeys(findTestObject("Stockbit/input__BandarmologyOpenEndDate"), Keys.chord(ENTER)): Keys 'ENTER + ' sent to object: 'Object Repository/Stockbit/input__BandarmologyOpenEndDate'

2024-01-22 18:01:45 - [MESSAGE][PASSED] - Keys 'ENTER + ' sent to object: 'Object Repository/Stockbit/input__BandarmologyOpenEndDate'

2024-01-22 18:01:45 - [TEST_STEP][PASSED] - delay(2): Delayed 2 second(s)

2024-01-22 18:01:47 - [MESSAGE][PASSED] - Delayed 2 second(s)

2024-01-22 18:01:47 - [TEST_STEP][PASSED] - strTemp = getText(findTestObject("Stockbit/Bandarmology_AvgRP")): Text of object 'Object Repository/Stockbit/Bandarmology_AvgRP' is: '80'

2024-01-22 18:01:48 - [MESSAGE][PASSED] - Text of object 'Object Repository/Stockbit/Bandarmology_AvgRP' is: '80'

2024-01-22 18:01:48 - [TEST_STEP][PASSED] - out.println("Bandarmology_AvgRP = " + strTemp): null

2024-01-22 18:01:48 - [TEST_STEP][PASSED] - if (strTemp != "0"): null

2024-01-22 18:01:48 - [TEST_STEP][PASSED] - strTop1 = getText(findTestObject("Stockbit/Bandarmology_Top1")): Text of object 'Object Repository/Stockbit/Bandarmology_Top1' is: 'Small Acc'

2024-01-22 18:01:48 - [MESSAGE][PASSED] - Text of object 'Object Repository/Stockbit/Bandarmology_Top1' is: 'Small Acc'

2024-01-22 18:01:48 - [TEST_STEP][PASSED] - strTop3 = getText(findTestObject("Stockbit/Bandarmology_Top3")): Text of object 'Object Repository/Stockbit/Bandarmology_Top3' is: 'Normal Acc'

2024-01-22 18:01:48 - [MESSAGE][PASSED] - Text of object 'Object Repository/Stockbit/Bandarmology_Top3' is: 'Normal Acc'

2024-01-22 18:01:48 - [TEST_STEP][PASSED] - strTop5 = getText(findTestObject("Stockbit/Bandarmology_Top5")): Text of object 'Object Repository/Stockbit/Bandarmology_Top5' is: 'Small Acc'

2024-01-22 18:01:48 - [MESSAGE][PASSED] - Text of object 'Object Repository/Stockbit/Bandarmology_Top5' is: 'Small Acc'

2024-01-22 18:01:48 - [TEST_STEP][PASSED] - strAllBrokAvg = getText(findTestObject("Stockbit/Bandarmology_TopAVG")): Text of object 'Object Repository/Stockbit/Bandarmology_TopAVG' is: 'Normal Acc'

2024-01-22 18:01:48 - [MESSAGE][PASSED] - Text of object 'Object Repository/Stockbit/Bandarmology_TopAVG' is: 'Normal Acc'

2024-01-22 18:01:48 - [TEST_STEP][PASSED] - strTemp = getText(findTestObject("Stockbit/Bandarmology_AvgRP")): Text of object 'Object Repository/Stockbit/Bandarmology_AvgRP' is: '80'

2024-01-22 18:01:48 - [MESSAGE][PASSED] - Text of object 'Object Repository/Stockbit/Bandarmology_AvgRP' is: '80'

2024-01-22 18:01:48 - [TEST_STEP][PASSED] - if (strTemp.contains(",")): null

2024-01-22 18:01:48 - [TEST_STEP][PASSED] - intAvgRP = strTemp.toInteger(): null

2024-01-22 18:01:48 - [TEST_STEP][PASSED] - strBuyer1 = getText(findTestObject("Stockbit/Bandarmology_Buyer1")): Text of object 'Object Repository/Stockbit/Bandarmology_Buyer1' is: 'GR'

2024-01-22 18:01:48 - [MESSAGE][PASSED] - Text of object 'Object Repository/Stockbit/Bandarmology_Buyer1' is: 'GR'

2024-01-22 18:01:48 - [TEST_STEP][PASSED] - strBuyerVol1 = getText(findTestObject("Stockbit/Bandarmology_BuyerVol1")): Text of object 'Object Repository/Stockbit/Bandarmology_BuyerVol1' is: '51.7 K'

2024-01-22 18:01:48 - [MESSAGE][PASSED] - Text of object 'Object Repository/Stockbit/Bandarmology_BuyerVol1' is: '51.7 K'

2024-01-22 18:01:48 - [TEST_STEP][PASSED] - strBuyerAvg1 = getText(findTestObject("Stockbit/Bandarmology_BuyerAvg1")): Text of object 'Object Repository/Stockbit/Bandarmology_BuyerAvg1' is: '81'

2024-01-22 18:01:48 - [MESSAGE][PASSED] - Text of object 'Object Repository/Stockbit/Bandarmology_BuyerAvg1' is: '81'

2024-01-22 18:01:48 - [TEST_STEP][PASSED] - if (strBuyerAvg1.contains(",")): null

2024-01-22 18:01:48 - [TEST_STEP][PASSED] - if (strBuyerVol1.contains(" B")): null

2024-01-22 18:01:48 - [TEST_STEP][PASSED] - else if (strBuyerVol1.contains(" M")): null

2024-01-22 18:01:48 - [TEST_STEP][PASSED] - else if (strBuyerVol1.contains(" K")): null

2024-01-22 18:01:48 - [TEST_STEP][PASSED] - strBuyerVol1 = strBuyerVol1.replace(" K", ""): null

2024-01-22 18:01:48 - [TEST_STEP][PASSED] - strBuyerVol1 = strBuyerVol1.toDouble() * 1000: null

2024-01-22 18:01:48 - [TEST_STEP][PASSED] - strSeller1 = getText(findTestObject("Stockbit/Bandarmology_Seller1")): Text of object 'Object Repository/Stockbit/Bandarmology_Seller1' is: 'SQ'

2024-01-22 18:01:49 - [MESSAGE][PASSED] - Text of object 'Object Repository/Stockbit/Bandarmology_Seller1' is: 'SQ'

2024-01-22 18:01:49 - [TEST_STEP][PASSED] - strSellerVol1 = getText(findTestObject("Stockbit/Bandarmology_SellerVol1")): Text of object 'Object Repository/Stockbit/Bandarmology_SellerVol1' is: '37.3 K'

2024-01-22 18:01:49 - [MESSAGE][PASSED] - Text of object 'Object Repository/Stockbit/Bandarmology_SellerVol1' is: '37.3 K'

2024-01-22 18:01:49 - [TEST_STEP][PASSED] - strSellerAvg1 = getText(findTestObject("Stockbit/Bandarmology_SellerAvg1")): Text of object 'Object Repository/Stockbit/Bandarmology_SellerAvg1' is: '80'

2024-01-22 18:01:49 - [MESSAGE][PASSED] - Text of object 'Object Repository/Stockbit/Bandarmology_SellerAvg1' is: '80'

2024-01-22 18:01:49 - [TEST_STEP][PASSED] - if (strSellerAvg1.contains(",")): null

2024-01-22 18:01:49 - [TEST_STEP][PASSED] - if (strSellerVol1.contains(" B")): null

2024-01-22 18:01:49 - [TEST_STEP][PASSED] - else if (strSellerVol1.contains(" M")): null

2024-01-22 18:01:49 - [TEST_STEP][PASSED] - else if (strSellerVol1.contains(" K")): null

2024-01-22 18:01:49 - [TEST_STEP][PASSED] - strSellerVol1 = strSellerVol1.replace(" K", ""): null

2024-01-22 18:01:49 - [TEST_STEP][PASSED] - strSellerVol1 = strSellerVol1.toDouble() * 1000: null

2024-01-22 18:01:49 - [TEST_STEP][PASSED] - if (verifyElementNotPresent(findTestObject("Stockbit/Bandarmology_Buyer2"), 1, OPTIONAL)): Web element with id: 'Object Repository/Stockbit/Bandarmology_Buyer2' located by 'By.xpath: //*[contains(@id, 'rc-tabs-')]/div[2]/div/div/div/div/div/div[2]/table/tbody/tr[3]/td[1]/p' is present after '1' second(s) (Root cause: com.kms.katalon.core.exception.StepFailedException: Web element with id: 'Object Repository/Stockbit/Bandarmology_Buyer2' located by 'By.xpath: //*[contains(@id, 'rc-tabs-')]/div[2]/div/div/div/div/div/div[2]/table/tbody/tr[3]/td[1]/p' is present after '1' second(s)
	at com.kms.katalon.core.webui.keyword.internal.WebUIKeywordMain.stepFailed(WebUIKeywordMain.groovy:64)
	at com.kms.katalon.core.webui.keyword.internal.WebUIKeywordMain$stepFailed$0.call(Unknown Source)
	at com.kms.katalon.core.webui.keyword.builtin.VerifyElementNotPresentKeyword$_verifyElementNotPresent_closure1.doCall(VerifyElementNotPresentKeyword.groovy:106)
	at com.kms.katalon.core.webui.keyword.builtin.VerifyElementNotPresentKeyword$_verifyElementNotPresent_closure1.doCall(VerifyElementNotPresentKeyword.groovy)
	at com.kms.katalon.core.webui.keyword.internal.WebUIKeywordMain.runKeyword(WebUIKeywordMain.groovy:20)
	at com.kms.katalon.core.webui.keyword.internal.WebUIKeywordMain$runKeyword.call(Unknown Source)
	at com.kms.katalon.core.webui.keyword.builtin.VerifyElementNotPresentKeyword.verifyElementNotPresent(VerifyElementNotPresentKeyword.groovy:117)
	at com.kms.katalon.core.webui.keyword.builtin.VerifyElementNotPresentKeyword.execute(VerifyElementNotPresentKeyword.groovy:68)
	at com.kms.katalon.core.keyword.internal.KeywordExecutor.executeKeywordForPlatform(KeywordExecutor.groovy:74)
	at com.kms.katalon.core.webui.keyword.WebUiBuiltInKeywords.verifyElementNotPresent(WebUiBuiltInKeywords.groovy:1481)
	at com.kms.katalon.core.webui.keyword.WebUiBuiltInKeywords$verifyElementNotPresent$8.call(Unknown Source)
	at GetBrokSumPriceDaily.run(GetBrokSumPriceDaily:258)
	at com.kms.katalon.core.main.ScriptEngine.run(ScriptEngine.java:194)
	at com.kms.katalon.core.main.ScriptEngine.runScriptAsRawText(ScriptEngine.java:119)
	at com.kms.katalon.core.main.TestCaseExecutor.runScript(TestCaseExecutor.java:445)
	at com.kms.katalon.core.main.TestCaseExecutor.doExecute(TestCaseExecutor.java:436)
	at com.kms.katalon.core.main.TestCaseExecutor.processExecutionPhase(TestCaseExecutor.java:415)
	at com.kms.katalon.core.main.TestCaseExecutor.accessMainPhase(TestCaseExecutor.java:407)
	at com.kms.katalon.core.main.TestCaseExecutor.execute(TestCaseExecutor.java:284)
	at com.kms.katalon.core.common.CommonExecutor.accessTestCaseMainPhase(CommonExecutor.java:65)
	at com.kms.katalon.core.main.TestSuiteExecutor.accessTestSuiteMainPhase(TestSuiteExecutor.java:144)
	at com.kms.katalon.core.main.TestSuiteExecutor.execute(TestSuiteExecutor.java:106)
	at com.kms.katalon.core.main.TestCaseMain.startTestSuite(TestCaseMain.java:185)
	at com.kms.katalon.core.main.TestCaseMain$startTestSuite$0.call(Unknown Source)
	at TempTestSuite1705920083951.run(TempTestSuite1705920083951.groovy:36)
)

2024-01-22 18:01:50 - [MESSAGE][WARNING] - Web element with id: 'Object Repository/Stockbit/Bandarmology_Buyer2' located by 'By.xpath: //*[contains(@id, 'rc-tabs-')]/div[2]/div/div/div/div/div/div[2]/table/tbody/tr[3]/td[1]/p' is present after '1' second(s) (Root cause: com.kms.katalon.core.exception.StepFailedException: Web element with id: 'Object Repository/Stockbit/Bandarmology_Buyer2' located by 'By.xpath: //*[contains(@id, 'rc-tabs-')]/div[2]/div/div/div/div/div/div[2]/table/tbody/tr[3]/td[1]/p' is present after '1' second(s)
	at com.kms.katalon.core.webui.keyword.internal.WebUIKeywordMain.stepFailed(WebUIKeywordMain.groovy:64)
	at com.kms.katalon.core.webui.keyword.internal.WebUIKeywordMain$stepFailed$0.call(Unknown Source)
	at com.kms.katalon.core.webui.keyword.builtin.VerifyElementNotPresentKeyword$_verifyElementNotPresent_closure1.doCall(VerifyElementNotPresentKeyword.groovy:106)
	at com.kms.katalon.core.webui.keyword.builtin.VerifyElementNotPresentKeyword$_verifyElementNotPresent_closure1.doCall(VerifyElementNotPresentKeyword.groovy)
	at com.kms.katalon.core.webui.keyword.internal.WebUIKeywordMain.runKeyword(WebUIKeywordMain.groovy:20)
	at com.kms.katalon.core.webui.keyword.internal.WebUIKeywordMain$runKeyword.call(Unknown Source)
	at com.kms.katalon.core.webui.keyword.builtin.VerifyElementNotPresentKeyword.verifyElementNotPresent(VerifyElementNotPresentKeyword.groovy:117)
	at com.kms.katalon.core.webui.keyword.builtin.VerifyElementNotPresentKeyword.execute(VerifyElementNotPresentKeyword.groovy:68)
	at com.kms.katalon.core.keyword.internal.KeywordExecutor.executeKeywordForPlatform(KeywordExecutor.groovy:74)
	at com.kms.katalon.core.webui.keyword.WebUiBuiltInKeywords.verifyElementNotPresent(WebUiBuiltInKeywords.groovy:1481)
	at com.kms.katalon.core.webui.keyword.WebUiBuiltInKeywords$verifyElementNotPresent$8.call(Unknown Source)
	at GetBrokSumPriceDaily.run(GetBrokSumPriceDaily:258)
	at com.kms.katalon.core.main.ScriptEngine.run(ScriptEngine.java:194)
	at com.kms.katalon.core.main.ScriptEngine.runScriptAsRawText(ScriptEngine.java:119)
	at com.kms.katalon.core.main.TestCaseExecutor.runScript(TestCaseExecutor.java:445)
	at com.kms.katalon.core.main.TestCaseExecutor.doExecute(TestCaseExecutor.java:436)
	at com.kms.katalon.core.main.TestCaseExecutor.processExecutionPhase(TestCaseExecutor.java:415)
	at com.kms.katalon.core.main.TestCaseExecutor.accessMainPhase(TestCaseExecutor.java:407)
	at com.kms.katalon.core.main.TestCaseExecutor.execute(TestCaseExecutor.java:284)
	at com.kms.katalon.core.common.CommonExecutor.accessTestCaseMainPhase(CommonExecutor.java:65)
	at com.kms.katalon.core.main.TestSuiteExecutor.accessTestSuiteMainPhase(TestSuiteExecutor.java:144)
	at com.kms.katalon.core.main.TestSuiteExecutor.execute(TestSuiteExecutor.java:106)
	at com.kms.katalon.core.main.TestCaseMain.startTestSuite(TestCaseMain.java:185)
	at com.kms.katalon.core.main.TestCaseMain$startTestSuite$0.call(Unknown Source)
	at TempTestSuite1705920083951.run(TempTestSuite1705920083951.groovy:36)
)
[[ATTACHMENT|C:\\Users\\Fadli\\git\\KatalonDailyGetData2\\Reports\\20240122_174123\\TS1\\20240122_174123\\1705921310498.png]]

2024-01-22 18:01:50 - [TEST_STEP][PASSED] - else: null

2024-01-22 18:01:50 - [TEST_STEP][PASSED] - strBuyer2 = getText(findTestObject("Stockbit/Bandarmology_Buyer2")): Text of object 'Object Repository/Stockbit/Bandarmology_Buyer2' is: 'KK'

2024-01-22 18:01:50 - [MESSAGE][PASSED] - Text of object 'Object Repository/Stockbit/Bandarmology_Buyer2' is: 'KK'

2024-01-22 18:01:50 - [TEST_STEP][PASSED] - strBuyerVol2 = getText(findTestObject("Stockbit/Bandarmology_BuyerVol2")): Text of object 'Object Repository/Stockbit/Bandarmology_BuyerVol2' is: '49.8 K'

2024-01-22 18:01:50 - [MESSAGE][PASSED] - Text of object 'Object Repository/Stockbit/Bandarmology_BuyerVol2' is: '49.8 K'

2024-01-22 18:01:50 - [TEST_STEP][PASSED] - strBuyerAvg2 = getText(findTestObject("Stockbit/Bandarmology_BuyerAvg2")): Text of object 'Object Repository/Stockbit/Bandarmology_BuyerAvg2' is: '80'

2024-01-22 18:01:51 - [MESSAGE][PASSED] - Text of object 'Object Repository/Stockbit/Bandarmology_BuyerAvg2' is: '80'

2024-01-22 18:01:51 - [TEST_STEP][PASSED] - if (strBuyer2 != ""): null

2024-01-22 18:01:51 - [TEST_STEP][PASSED] - if (strBuyerAvg2.contains(",")): null

2024-01-22 18:01:51 - [TEST_STEP][PASSED] - if (strBuyerVol2.contains(" B")): null

2024-01-22 18:01:51 - [TEST_STEP][PASSED] - else if (strBuyerVol2.contains(" M")): null

2024-01-22 18:01:51 - [TEST_STEP][PASSED] - else if (strBuyerVol2.contains(" K")): null

2024-01-22 18:01:51 - [TEST_STEP][PASSED] - strBuyerVol2 = strBuyerVol2.replace(" K", ""): null

2024-01-22 18:01:51 - [TEST_STEP][PASSED] - strBuyerVol2 = strBuyerVol2.toDouble() * 1000: null

2024-01-22 18:01:51 - [TEST_STEP][PASSED] - if (strBuyerVol2.contains(".")): null

2024-01-22 18:01:51 - [TEST_STEP][PASSED] - strBuyerVal2 = strBuyerVol2.replace(".", ""): null

2024-01-22 18:01:51 - [TEST_STEP][PASSED] - if (verifyElementNotPresent(findTestObject("Stockbit/Bandarmology_Seller2"), 1, OPTIONAL)): Web element with id: 'Object Repository/Stockbit/Bandarmology_Seller2' located by 'By.xpath: //*[contains(@id, 'rc-tabs-')]/div[2]/div/div/div/div/div/div[2]/table/tbody/tr[3]/td[5]/p' is present after '1' second(s) (Root cause: com.kms.katalon.core.exception.StepFailedException: Web element with id: 'Object Repository/Stockbit/Bandarmology_Seller2' located by 'By.xpath: //*[contains(@id, 'rc-tabs-')]/div[2]/div/div/div/div/div/div[2]/table/tbody/tr[3]/td[5]/p' is present after '1' second(s)
	at com.kms.katalon.core.webui.keyword.internal.WebUIKeywordMain.stepFailed(WebUIKeywordMain.groovy:64)
	at com.kms.katalon.core.webui.keyword.internal.WebUIKeywordMain$stepFailed$0.call(Unknown Source)
	at com.kms.katalon.core.webui.keyword.builtin.VerifyElementNotPresentKeyword$_verifyElementNotPresent_closure1.doCall(VerifyElementNotPresentKeyword.groovy:106)
	at com.kms.katalon.core.webui.keyword.builtin.VerifyElementNotPresentKeyword$_verifyElementNotPresent_closure1.doCall(VerifyElementNotPresentKeyword.groovy)
	at com.kms.katalon.core.webui.keyword.internal.WebUIKeywordMain.runKeyword(WebUIKeywordMain.groovy:20)
	at com.kms.katalon.core.webui.keyword.internal.WebUIKeywordMain$runKeyword.call(Unknown Source)
	at com.kms.katalon.core.webui.keyword.builtin.VerifyElementNotPresentKeyword.verifyElementNotPresent(VerifyElementNotPresentKeyword.groovy:117)
	at com.kms.katalon.core.webui.keyword.builtin.VerifyElementNotPresentKeyword.execute(VerifyElementNotPresentKeyword.groovy:68)
	at com.kms.katalon.core.keyword.internal.KeywordExecutor.executeKeywordForPlatform(KeywordExecutor.groovy:74)
	at com.kms.katalon.core.webui.keyword.WebUiBuiltInKeywords.verifyElementNotPresent(WebUiBuiltInKeywords.groovy:1481)
	at com.kms.katalon.core.webui.keyword.WebUiBuiltInKeywords$verifyElementNotPresent$8.call(Unknown Source)
	at GetBrokSumPriceDaily.run(GetBrokSumPriceDaily:309)
	at com.kms.katalon.core.main.ScriptEngine.run(ScriptEngine.java:194)
	at com.kms.katalon.core.main.ScriptEngine.runScriptAsRawText(ScriptEngine.java:119)
	at com.kms.katalon.core.main.TestCaseExecutor.runScript(TestCaseExecutor.java:445)
	at com.kms.katalon.core.main.TestCaseExecutor.doExecute(TestCaseExecutor.java:436)
	at com.kms.katalon.core.main.TestCaseExecutor.processExecutionPhase(TestCaseExecutor.java:415)
	at com.kms.katalon.core.main.TestCaseExecutor.accessMainPhase(TestCaseExecutor.java:407)
	at com.kms.katalon.core.main.TestCaseExecutor.execute(TestCaseExecutor.java:284)
	at com.kms.katalon.core.common.CommonExecutor.accessTestCaseMainPhase(CommonExecutor.java:65)
	at com.kms.katalon.core.main.TestSuiteExecutor.accessTestSuiteMainPhase(TestSuiteExecutor.java:144)
	at com.kms.katalon.core.main.TestSuiteExecutor.execute(TestSuiteExecutor.java:106)
	at com.kms.katalon.core.main.TestCaseMain.startTestSuite(TestCaseMain.java:185)
	at com.kms.katalon.core.main.TestCaseMain$startTestSuite$0.call(Unknown Source)
	at TempTestSuite1705920083951.run(TempTestSuite1705920083951.groovy:36)
)

2024-01-22 18:01:52 - [MESSAGE][WARNING] - Web element with id: 'Object Repository/Stockbit/Bandarmology_Seller2' located by 'By.xpath: //*[contains(@id, 'rc-tabs-')]/div[2]/div/div/div/div/div/div[2]/table/tbody/tr[3]/td[5]/p' is present after '1' second(s) (Root cause: com.kms.katalon.core.exception.StepFailedException: Web element with id: 'Object Repository/Stockbit/Bandarmology_Seller2' located by 'By.xpath: //*[contains(@id, 'rc-tabs-')]/div[2]/div/div/div/div/div/div[2]/table/tbody/tr[3]/td[5]/p' is present after '1' second(s)
	at com.kms.katalon.core.webui.keyword.internal.WebUIKeywordMain.stepFailed(WebUIKeywordMain.groovy:64)
	at com.kms.katalon.core.webui.keyword.internal.WebUIKeywordMain$stepFailed$0.call(Unknown Source)
	at com.kms.katalon.core.webui.keyword.builtin.VerifyElementNotPresentKeyword$_verifyElementNotPresent_closure1.doCall(VerifyElementNotPresentKeyword.groovy:106)
	at com.kms.katalon.core.webui.keyword.builtin.VerifyElementNotPresentKeyword$_verifyElementNotPresent_closure1.doCall(VerifyElementNotPresentKeyword.groovy)
	at com.kms.katalon.core.webui.keyword.internal.WebUIKeywordMain.runKeyword(WebUIKeywordMain.groovy:20)
	at com.kms.katalon.core.webui.keyword.internal.WebUIKeywordMain$runKeyword.call(Unknown Source)
	at com.kms.katalon.core.webui.keyword.builtin.VerifyElementNotPresentKeyword.verifyElementNotPresent(VerifyElementNotPresentKeyword.groovy:117)
	at com.kms.katalon.core.webui.keyword.builtin.VerifyElementNotPresentKeyword.execute(VerifyElementNotPresentKeyword.groovy:68)
	at com.kms.katalon.core.keyword.internal.KeywordExecutor.executeKeywordForPlatform(KeywordExecutor.groovy:74)
	at com.kms.katalon.core.webui.keyword.WebUiBuiltInKeywords.verifyElementNotPresent(WebUiBuiltInKeywords.groovy:1481)
	at com.kms.katalon.core.webui.keyword.WebUiBuiltInKeywords$verifyElementNotPresent$8.call(Unknown Source)
	at GetBrokSumPriceDaily.run(GetBrokSumPriceDaily:309)
	at com.kms.katalon.core.main.ScriptEngine.run(ScriptEngine.java:194)
	at com.kms.katalon.core.main.ScriptEngine.runScriptAsRawText(ScriptEngine.java:119)
	at com.kms.katalon.core.main.TestCaseExecutor.runScript(TestCaseExecutor.java:445)
	at com.kms.katalon.core.main.TestCaseExecutor.doExecute(TestCaseExecutor.java:436)
	at com.kms.katalon.core.main.TestCaseExecutor.processExecutionPhase(TestCaseExecutor.java:415)
	at com.kms.katalon.core.main.TestCaseExecutor.accessMainPhase(TestCaseExecutor.java:407)
	at com.kms.katalon.core.main.TestCaseExecutor.execute(TestCaseExecutor.java:284)
	at com.kms.katalon.core.common.CommonExecutor.accessTestCaseMainPhase(CommonExecutor.java:65)
	at com.kms.katalon.core.main.TestSuiteExecutor.accessTestSuiteMainPhase(TestSuiteExecutor.java:144)
	at com.kms.katalon.core.main.TestSuiteExecutor.execute(TestSuiteExecutor.java:106)
	at com.kms.katalon.core.main.TestCaseMain.startTestSuite(TestCaseMain.java:185)
	at com.kms.katalon.core.main.TestCaseMain$startTestSuite$0.call(Unknown Source)
	at TempTestSuite1705920083951.run(TempTestSuite1705920083951.groovy:36)
)
[[ATTACHMENT|C:\\Users\\Fadli\\git\\KatalonDailyGetData2\\Reports\\20240122_174123\\TS1\\20240122_174123\\1705921312235.png]]

2024-01-22 18:01:52 - [TEST_STEP][PASSED] - else: null

2024-01-22 18:01:52 - [TEST_STEP][PASSED] - strSeller2 = getText(findTestObject("Stockbit/Bandarmology_Seller2")): Text of object 'Object Repository/Stockbit/Bandarmology_Seller2' is: 'EP'

2024-01-22 18:01:52 - [MESSAGE][PASSED] - Text of object 'Object Repository/Stockbit/Bandarmology_Seller2' is: 'EP'

2024-01-22 18:01:52 - [TEST_STEP][PASSED] - strSellerVol2 = getText(findTestObject("Stockbit/Bandarmology_SellerVol2")): Text of object 'Object Repository/Stockbit/Bandarmology_SellerVol2' is: '36.7 K'

2024-01-22 18:01:52 - [MESSAGE][PASSED] - Text of object 'Object Repository/Stockbit/Bandarmology_SellerVol2' is: '36.7 K'

2024-01-22 18:01:52 - [TEST_STEP][PASSED] - strSellerAvg2 = getText(findTestObject("Stockbit/Bandarmology_SellerAvg2")): Text of object 'Object Repository/Stockbit/Bandarmology_SellerAvg2' is: '80'

2024-01-22 18:01:52 - [MESSAGE][PASSED] - Text of object 'Object Repository/Stockbit/Bandarmology_SellerAvg2' is: '80'

2024-01-22 18:01:52 - [TEST_STEP][PASSED] - if (strSeller2 != ""): null

2024-01-22 18:01:52 - [TEST_STEP][PASSED] - if (strSellerAvg2.contains(",")): null

2024-01-22 18:01:52 - [TEST_STEP][PASSED] - if (strSellerVol2.contains(" B")): null

2024-01-22 18:01:52 - [TEST_STEP][PASSED] - else if (strSellerVol2.contains(" M")): null

2024-01-22 18:01:52 - [TEST_STEP][PASSED] - else if (strSellerVol2.contains(" K")): null

2024-01-22 18:01:52 - [TEST_STEP][PASSED] - strSellerVol2 = strSellerVol2.replace(" K", ""): null

2024-01-22 18:01:52 - [TEST_STEP][PASSED] - strSellerVol2 = strSellerVol2.toDouble() * 1000: null

2024-01-22 18:01:52 - [TEST_STEP][PASSED] - if (verifyElementNotPresent(findTestObject("Stockbit/Bandarmology_Buyer3"), 1, OPTIONAL)): Web element with id: 'Object Repository/Stockbit/Bandarmology_Buyer3' located by 'By.xpath: //*[contains(@id, 'rc-tabs-')]/div[2]/div/div/div/div/div/div[2]/table/tbody/tr[4]/td[1]/p' is present after '1' second(s) (Root cause: com.kms.katalon.core.exception.StepFailedException: Web element with id: 'Object Repository/Stockbit/Bandarmology_Buyer3' located by 'By.xpath: //*[contains(@id, 'rc-tabs-')]/div[2]/div/div/div/div/div/div[2]/table/tbody/tr[4]/td[1]/p' is present after '1' second(s)
	at com.kms.katalon.core.webui.keyword.internal.WebUIKeywordMain.stepFailed(WebUIKeywordMain.groovy:64)
	at com.kms.katalon.core.webui.keyword.internal.WebUIKeywordMain$stepFailed$0.call(Unknown Source)
	at com.kms.katalon.core.webui.keyword.builtin.VerifyElementNotPresentKeyword$_verifyElementNotPresent_closure1.doCall(VerifyElementNotPresentKeyword.groovy:106)
	at com.kms.katalon.core.webui.keyword.builtin.VerifyElementNotPresentKeyword$_verifyElementNotPresent_closure1.doCall(VerifyElementNotPresentKeyword.groovy)
	at com.kms.katalon.core.webui.keyword.internal.WebUIKeywordMain.runKeyword(WebUIKeywordMain.groovy:20)
	at com.kms.katalon.core.webui.keyword.internal.WebUIKeywordMain$runKeyword.call(Unknown Source)
	at com.kms.katalon.core.webui.keyword.builtin.VerifyElementNotPresentKeyword.verifyElementNotPresent(VerifyElementNotPresentKeyword.groovy:117)
	at com.kms.katalon.core.webui.keyword.builtin.VerifyElementNotPresentKeyword.execute(VerifyElementNotPresentKeyword.groovy:68)
	at com.kms.katalon.core.keyword.internal.KeywordExecutor.executeKeywordForPlatform(KeywordExecutor.groovy:74)
	at com.kms.katalon.core.webui.keyword.WebUiBuiltInKeywords.verifyElementNotPresent(WebUiBuiltInKeywords.groovy:1481)
	at com.kms.katalon.core.webui.keyword.WebUiBuiltInKeywords$verifyElementNotPresent$8.call(Unknown Source)
	at GetBrokSumPriceDaily.run(GetBrokSumPriceDaily:361)
	at com.kms.katalon.core.main.ScriptEngine.run(ScriptEngine.java:194)
	at com.kms.katalon.core.main.ScriptEngine.runScriptAsRawText(ScriptEngine.java:119)
	at com.kms.katalon.core.main.TestCaseExecutor.runScript(TestCaseExecutor.java:445)
	at com.kms.katalon.core.main.TestCaseExecutor.doExecute(TestCaseExecutor.java:436)
	at com.kms.katalon.core.main.TestCaseExecutor.processExecutionPhase(TestCaseExecutor.java:415)
	at com.kms.katalon.core.main.TestCaseExecutor.accessMainPhase(TestCaseExecutor.java:407)
	at com.kms.katalon.core.main.TestCaseExecutor.execute(TestCaseExecutor.java:284)
	at com.kms.katalon.core.common.CommonExecutor.accessTestCaseMainPhase(CommonExecutor.java:65)
	at com.kms.katalon.core.main.TestSuiteExecutor.accessTestSuiteMainPhase(TestSuiteExecutor.java:144)
	at com.kms.katalon.core.main.TestSuiteExecutor.execute(TestSuiteExecutor.java:106)
	at com.kms.katalon.core.main.TestCaseMain.startTestSuite(TestCaseMain.java:185)
	at com.kms.katalon.core.main.TestCaseMain$startTestSuite$0.call(Unknown Source)
	at TempTestSuite1705920083951.run(TempTestSuite1705920083951.groovy:36)
)

2024-01-22 18:01:54 - [MESSAGE][WARNING] - Web element with id: 'Object Repository/Stockbit/Bandarmology_Buyer3' located by 'By.xpath: //*[contains(@id, 'rc-tabs-')]/div[2]/div/div/div/div/div/div[2]/table/tbody/tr[4]/td[1]/p' is present after '1' second(s) (Root cause: com.kms.katalon.core.exception.StepFailedException: Web element with id: 'Object Repository/Stockbit/Bandarmology_Buyer3' located by 'By.xpath: //*[contains(@id, 'rc-tabs-')]/div[2]/div/div/div/div/div/div[2]/table/tbody/tr[4]/td[1]/p' is present after '1' second(s)
	at com.kms.katalon.core.webui.keyword.internal.WebUIKeywordMain.stepFailed(WebUIKeywordMain.groovy:64)
	at com.kms.katalon.core.webui.keyword.internal.WebUIKeywordMain$stepFailed$0.call(Unknown Source)
	at com.kms.katalon.core.webui.keyword.builtin.VerifyElementNotPresentKeyword$_verifyElementNotPresent_closure1.doCall(VerifyElementNotPresentKeyword.groovy:106)
	at com.kms.katalon.core.webui.keyword.builtin.VerifyElementNotPresentKeyword$_verifyElementNotPresent_closure1.doCall(VerifyElementNotPresentKeyword.groovy)
	at com.kms.katalon.core.webui.keyword.internal.WebUIKeywordMain.runKeyword(WebUIKeywordMain.groovy:20)
	at com.kms.katalon.core.webui.keyword.internal.WebUIKeywordMain$runKeyword.call(Unknown Source)
	at com.kms.katalon.core.webui.keyword.builtin.VerifyElementNotPresentKeyword.verifyElementNotPresent(VerifyElementNotPresentKeyword.groovy:117)
	at com.kms.katalon.core.webui.keyword.builtin.VerifyElementNotPresentKeyword.execute(VerifyElementNotPresentKeyword.groovy:68)
	at com.kms.katalon.core.keyword.internal.KeywordExecutor.executeKeywordForPlatform(KeywordExecutor.groovy:74)
	at com.kms.katalon.core.webui.keyword.WebUiBuiltInKeywords.verifyElementNotPresent(WebUiBuiltInKeywords.groovy:1481)
	at com.kms.katalon.core.webui.keyword.WebUiBuiltInKeywords$verifyElementNotPresent$8.call(Unknown Source)
	at GetBrokSumPriceDaily.run(GetBrokSumPriceDaily:361)
	at com.kms.katalon.core.main.ScriptEngine.run(ScriptEngine.java:194)
	at com.kms.katalon.core.main.ScriptEngine.runScriptAsRawText(ScriptEngine.java:119)
	at com.kms.katalon.core.main.TestCaseExecutor.runScript(TestCaseExecutor.java:445)
	at com.kms.katalon.core.main.TestCaseExecutor.doExecute(TestCaseExecutor.java:436)
	at com.kms.katalon.core.main.TestCaseExecutor.processExecutionPhase(TestCaseExecutor.java:415)
	at com.kms.katalon.core.main.TestCaseExecutor.accessMainPhase(TestCaseExecutor.java:407)
	at com.kms.katalon.core.main.TestCaseExecutor.execute(TestCaseExecutor.java:284)
	at com.kms.katalon.core.common.CommonExecutor.accessTestCaseMainPhase(CommonExecutor.java:65)
	at com.kms.katalon.core.main.TestSuiteExecutor.accessTestSuiteMainPhase(TestSuiteExecutor.java:144)
	at com.kms.katalon.core.main.TestSuiteExecutor.execute(TestSuiteExecutor.java:106)
	at com.kms.katalon.core.main.TestCaseMain.startTestSuite(TestCaseMain.java:185)
	at com.kms.katalon.core.main.TestCaseMain$startTestSuite$0.call(Unknown Source)
	at TempTestSuite1705920083951.run(TempTestSuite1705920083951.groovy:36)
)
[[ATTACHMENT|C:\\Users\\Fadli\\git\\KatalonDailyGetData2\\Reports\\20240122_174123\\TS1\\20240122_174123\\1705921313978.png]]

2024-01-22 18:01:54 - [TEST_STEP][PASSED] - else: null

2024-01-22 18:01:54 - [TEST_STEP][PASSED] - strBuyer3 = getText(findTestObject("Stockbit/Bandarmology_Buyer3")): Text of object 'Object Repository/Stockbit/Bandarmology_Buyer3' is: 'YU'

2024-01-22 18:01:54 - [MESSAGE][PASSED] - Text of object 'Object Repository/Stockbit/Bandarmology_Buyer3' is: 'YU'

2024-01-22 18:01:54 - [TEST_STEP][PASSED] - strBuyerVol3 = getText(findTestObject("Stockbit/Bandarmology_BuyerVol3")): Text of object 'Object Repository/Stockbit/Bandarmology_BuyerVol3' is: '32.4 K'

2024-01-22 18:01:54 - [MESSAGE][PASSED] - Text of object 'Object Repository/Stockbit/Bandarmology_BuyerVol3' is: '32.4 K'

2024-01-22 18:01:54 - [TEST_STEP][PASSED] - strBuyerAvg3 = getText(findTestObject("Stockbit/Bandarmology_BuyerAvg3")): Text of object 'Object Repository/Stockbit/Bandarmology_BuyerAvg3' is: '80'

2024-01-22 18:01:54 - [MESSAGE][PASSED] - Text of object 'Object Repository/Stockbit/Bandarmology_BuyerAvg3' is: '80'

2024-01-22 18:01:54 - [TEST_STEP][PASSED] - if (strBuyer3 != ""): null

2024-01-22 18:01:54 - [TEST_STEP][PASSED] - if (strBuyerAvg3.contains(",")): null

2024-01-22 18:01:54 - [TEST_STEP][PASSED] - if (strBuyerVol3.contains(" B")): null

2024-01-22 18:01:54 - [TEST_STEP][PASSED] - else if (strBuyerVol3.contains(" M")): null

2024-01-22 18:01:54 - [TEST_STEP][PASSED] - else if (strBuyerVol3.contains(" K")): null

2024-01-22 18:01:54 - [TEST_STEP][PASSED] - strBuyerVol3 = strBuyerVol3.replace(" K", ""): null

2024-01-22 18:01:54 - [TEST_STEP][PASSED] - strBuyerVol3 = strBuyerVol3.toDouble() * 1000: null

2024-01-22 18:01:54 - [TEST_STEP][PASSED] - if (verifyElementNotPresent(findTestObject("Stockbit/Bandarmology_Seller3"), 1, OPTIONAL)): Web element with id: 'Object Repository/Stockbit/Bandarmology_Seller3' located by 'By.xpath: //*[contains(@id, 'rc-tabs-')]/div[2]/div/div/div/div/div/div[2]/table/tbody/tr[4]/td[5]/p' is present after '1' second(s) (Root cause: com.kms.katalon.core.exception.StepFailedException: Web element with id: 'Object Repository/Stockbit/Bandarmology_Seller3' located by 'By.xpath: //*[contains(@id, 'rc-tabs-')]/div[2]/div/div/div/div/div/div[2]/table/tbody/tr[4]/td[5]/p' is present after '1' second(s)
	at com.kms.katalon.core.webui.keyword.internal.WebUIKeywordMain.stepFailed(WebUIKeywordMain.groovy:64)
	at com.kms.katalon.core.webui.keyword.internal.WebUIKeywordMain$stepFailed$0.call(Unknown Source)
	at com.kms.katalon.core.webui.keyword.builtin.VerifyElementNotPresentKeyword$_verifyElementNotPresent_closure1.doCall(VerifyElementNotPresentKeyword.groovy:106)
	at com.kms.katalon.core.webui.keyword.builtin.VerifyElementNotPresentKeyword$_verifyElementNotPresent_closure1.doCall(VerifyElementNotPresentKeyword.groovy)
	at com.kms.katalon.core.webui.keyword.internal.WebUIKeywordMain.runKeyword(WebUIKeywordMain.groovy:20)
	at com.kms.katalon.core.webui.keyword.internal.WebUIKeywordMain$runKeyword.call(Unknown Source)
	at com.kms.katalon.core.webui.keyword.builtin.VerifyElementNotPresentKeyword.verifyElementNotPresent(VerifyElementNotPresentKeyword.groovy:117)
	at com.kms.katalon.core.webui.keyword.builtin.VerifyElementNotPresentKeyword.execute(VerifyElementNotPresentKeyword.groovy:68)
	at com.kms.katalon.core.keyword.internal.KeywordExecutor.executeKeywordForPlatform(KeywordExecutor.groovy:74)
	at com.kms.katalon.core.webui.keyword.WebUiBuiltInKeywords.verifyElementNotPresent(WebUiBuiltInKeywords.groovy:1481)
	at com.kms.katalon.core.webui.keyword.WebUiBuiltInKeywords$verifyElementNotPresent$8.call(Unknown Source)
	at GetBrokSumPriceDaily.run(GetBrokSumPriceDaily:414)
	at com.kms.katalon.core.main.ScriptEngine.run(ScriptEngine.java:194)
	at com.kms.katalon.core.main.ScriptEngine.runScriptAsRawText(ScriptEngine.java:119)
	at com.kms.katalon.core.main.TestCaseExecutor.runScript(TestCaseExecutor.java:445)
	at com.kms.katalon.core.main.TestCaseExecutor.doExecute(TestCaseExecutor.java:436)
	at com.kms.katalon.core.main.TestCaseExecutor.processExecutionPhase(TestCaseExecutor.java:415)
	at com.kms.katalon.core.main.TestCaseExecutor.accessMainPhase(TestCaseExecutor.java:407)
	at com.kms.katalon.core.main.TestCaseExecutor.execute(TestCaseExecutor.java:284)
	at com.kms.katalon.core.common.CommonExecutor.accessTestCaseMainPhase(CommonExecutor.java:65)
	at com.kms.katalon.core.main.TestSuiteExecutor.accessTestSuiteMainPhase(TestSuiteExecutor.java:144)
	at com.kms.katalon.core.main.TestSuiteExecutor.execute(TestSuiteExecutor.java:106)
	at com.kms.katalon.core.main.TestCaseMain.startTestSuite(TestCaseMain.java:185)
	at com.kms.katalon.core.main.TestCaseMain$startTestSuite$0.call(Unknown Source)
	at TempTestSuite1705920083951.run(TempTestSuite1705920083951.groovy:36)
)

2024-01-22 18:01:55 - [MESSAGE][WARNING] - Web element with id: 'Object Repository/Stockbit/Bandarmology_Seller3' located by 'By.xpath: //*[contains(@id, 'rc-tabs-')]/div[2]/div/div/div/div/div/div[2]/table/tbody/tr[4]/td[5]/p' is present after '1' second(s) (Root cause: com.kms.katalon.core.exception.StepFailedException: Web element with id: 'Object Repository/Stockbit/Bandarmology_Seller3' located by 'By.xpath: //*[contains(@id, 'rc-tabs-')]/div[2]/div/div/div/div/div/div[2]/table/tbody/tr[4]/td[5]/p' is present after '1' second(s)
	at com.kms.katalon.core.webui.keyword.internal.WebUIKeywordMain.stepFailed(WebUIKeywordMain.groovy:64)
	at com.kms.katalon.core.webui.keyword.internal.WebUIKeywordMain$stepFailed$0.call(Unknown Source)
	at com.kms.katalon.core.webui.keyword.builtin.VerifyElementNotPresentKeyword$_verifyElementNotPresent_closure1.doCall(VerifyElementNotPresentKeyword.groovy:106)
	at com.kms.katalon.core.webui.keyword.builtin.VerifyElementNotPresentKeyword$_verifyElementNotPresent_closure1.doCall(VerifyElementNotPresentKeyword.groovy)
	at com.kms.katalon.core.webui.keyword.internal.WebUIKeywordMain.runKeyword(WebUIKeywordMain.groovy:20)
	at com.kms.katalon.core.webui.keyword.internal.WebUIKeywordMain$runKeyword.call(Unknown Source)
	at com.kms.katalon.core.webui.keyword.builtin.VerifyElementNotPresentKeyword.verifyElementNotPresent(VerifyElementNotPresentKeyword.groovy:117)
	at com.kms.katalon.core.webui.keyword.builtin.VerifyElementNotPresentKeyword.execute(VerifyElementNotPresentKeyword.groovy:68)
	at com.kms.katalon.core.keyword.internal.KeywordExecutor.executeKeywordForPlatform(KeywordExecutor.groovy:74)
	at com.kms.katalon.core.webui.keyword.WebUiBuiltInKeywords.verifyElementNotPresent(WebUiBuiltInKeywords.groovy:1481)
	at com.kms.katalon.core.webui.keyword.WebUiBuiltInKeywords$verifyElementNotPresent$8.call(Unknown Source)
	at GetBrokSumPriceDaily.run(GetBrokSumPriceDaily:414)
	at com.kms.katalon.core.main.ScriptEngine.run(ScriptEngine.java:194)
	at com.kms.katalon.core.main.ScriptEngine.runScriptAsRawText(ScriptEngine.java:119)
	at com.kms.katalon.core.main.TestCaseExecutor.runScript(TestCaseExecutor.java:445)
	at com.kms.katalon.core.main.TestCaseExecutor.doExecute(TestCaseExecutor.java:436)
	at com.kms.katalon.core.main.TestCaseExecutor.processExecutionPhase(TestCaseExecutor.java:415)
	at com.kms.katalon.core.main.TestCaseExecutor.accessMainPhase(TestCaseExecutor.java:407)
	at com.kms.katalon.core.main.TestCaseExecutor.execute(TestCaseExecutor.java:284)
	at com.kms.katalon.core.common.CommonExecutor.accessTestCaseMainPhase(CommonExecutor.java:65)
	at com.kms.katalon.core.main.TestSuiteExecutor.accessTestSuiteMainPhase(TestSuiteExecutor.java:144)
	at com.kms.katalon.core.main.TestSuiteExecutor.execute(TestSuiteExecutor.java:106)
	at com.kms.katalon.core.main.TestCaseMain.startTestSuite(TestCaseMain.java:185)
	at com.kms.katalon.core.main.TestCaseMain$startTestSuite$0.call(Unknown Source)
	at TempTestSuite1705920083951.run(TempTestSuite1705920083951.groovy:36)
)
[[ATTACHMENT|C:\\Users\\Fadli\\git\\KatalonDailyGetData2\\Reports\\20240122_174123\\TS1\\20240122_174123\\1705921315756.png]]

2024-01-22 18:01:55 - [TEST_STEP][PASSED] - else: null

2024-01-22 18:01:55 - [TEST_STEP][PASSED] - strSeller3 = getText(findTestObject("Stockbit/Bandarmology_Seller3")): Text of object 'Object Repository/Stockbit/Bandarmology_Seller3' is: 'AZ'

2024-01-22 18:01:56 - [MESSAGE][PASSED] - Text of object 'Object Repository/Stockbit/Bandarmology_Seller3' is: 'AZ'

2024-01-22 18:01:56 - [TEST_STEP][PASSED] - strSellerVol3 = getText(findTestObject("Stockbit/Bandarmology_SellerVol3")): Text of object 'Object Repository/Stockbit/Bandarmology_SellerVol3' is: '31.7 K'

2024-01-22 18:01:56 - [MESSAGE][PASSED] - Text of object 'Object Repository/Stockbit/Bandarmology_SellerVol3' is: '31.7 K'

2024-01-22 18:01:56 - [TEST_STEP][PASSED] - strSellerAvg3 = getText(findTestObject("Stockbit/Bandarmology_SellerAvg3")): Text of object 'Object Repository/Stockbit/Bandarmology_SellerAvg3' is: '80'

2024-01-22 18:01:56 - [MESSAGE][PASSED] - Text of object 'Object Repository/Stockbit/Bandarmology_SellerAvg3' is: '80'

2024-01-22 18:01:56 - [TEST_STEP][PASSED] - if (strSeller3 != ""): null

2024-01-22 18:01:56 - [TEST_STEP][PASSED] - if (strSellerAvg3.contains(",")): null

2024-01-22 18:01:56 - [TEST_STEP][PASSED] - if (strSellerVol3.contains(" B")): null

2024-01-22 18:01:56 - [TEST_STEP][PASSED] - else if (strSellerVol3.contains(" M")): null

2024-01-22 18:01:56 - [TEST_STEP][PASSED] - else if (strSellerVol3.contains(" K")): null

2024-01-22 18:01:56 - [TEST_STEP][PASSED] - strSellerVol3 = strSellerVol3.replace(" K", ""): null

2024-01-22 18:01:56 - [TEST_STEP][PASSED] - strSellerVol3 = strSellerVol3.toDouble() * 1000: null

2024-01-22 18:01:56 - [TEST_STEP][PASSED] - strAccDist = getText(findTestObject("Stockbit/Bandarmology_AccDist")): Text of object 'Object Repository/Stockbit/Bandarmology_AccDist' is: 'Dist'

2024-01-22 18:01:56 - [MESSAGE][PASSED] - Text of object 'Object Repository/Stockbit/Bandarmology_AccDist' is: 'Dist'

2024-01-22 18:01:56 - [TEST_STEP][PASSED] - strNetVol = getText(findTestObject("Stockbit/Bandarmology_NetVol")): Text of object 'Object Repository/Stockbit/Bandarmology_NetVol' is: '163,596'

2024-01-22 18:01:56 - [MESSAGE][PASSED] - Text of object 'Object Repository/Stockbit/Bandarmology_NetVol' is: '163,596'

2024-01-22 18:01:56 - [TEST_STEP][PASSED] - strNetVol = strNetVol.replace(",", ""): null

2024-01-22 18:01:56 - [TEST_STEP][PASSED] - strNetVal = getText(findTestObject("Stockbit/Bandarmology_NetVal")): Text of object 'Object Repository/Stockbit/Bandarmology_NetVal' is: '1.3 B'

2024-01-22 18:01:56 - [MESSAGE][PASSED] - Text of object 'Object Repository/Stockbit/Bandarmology_NetVal' is: '1.3 B'

2024-01-22 18:01:56 - [TEST_STEP][PASSED] - delay(3): Delayed 3 second(s)

2024-01-22 18:01:59 - [MESSAGE][PASSED] - Delayed 3 second(s)

2024-01-22 18:01:59 - [TEST_STEP][PASSED] - strOpenPrice = getText(findTestObject("Stockbit/Home_OpenPrice")): Text of object 'Object Repository/Stockbit/Home_OpenPrice' is: '81'

2024-01-22 18:01:59 - [MESSAGE][PASSED] - Text of object 'Object Repository/Stockbit/Home_OpenPrice' is: '81'

2024-01-22 18:01:59 - [TEST_STEP][PASSED] - strOpenPrice = strOpenPrice.replace(",", ""): null

2024-01-22 18:01:59 - [TEST_STEP][PASSED] - strLowPrice = getText(findTestObject("Stockbit/Home_LowPrice")): Text of object 'Object Repository/Stockbit/Home_LowPrice' is: '80'

2024-01-22 18:01:59 - [MESSAGE][PASSED] - Text of object 'Object Repository/Stockbit/Home_LowPrice' is: '80'

2024-01-22 18:01:59 - [TEST_STEP][PASSED] - strLowPrice = strLowPrice.replace(",", ""): null

2024-01-22 18:01:59 - [TEST_STEP][PASSED] - strHighPrice = getText(findTestObject("Stockbit/Home_HighPrice")): Text of object 'Object Repository/Stockbit/Home_HighPrice' is: '81'

2024-01-22 18:02:00 - [MESSAGE][PASSED] - Text of object 'Object Repository/Stockbit/Home_HighPrice' is: '81'

2024-01-22 18:02:00 - [TEST_STEP][PASSED] - strHighPrice = strHighPrice.replace(",", ""): null

2024-01-22 18:02:00 - [TEST_STEP][PASSED] - strClosePrice = getText(findTestObject("Stockbit/Home_ClosePrice")): Text of object 'Object Repository/Stockbit/Home_ClosePrice' is: '80'

2024-01-22 18:02:00 - [MESSAGE][PASSED] - Text of object 'Object Repository/Stockbit/Home_ClosePrice' is: '80'

2024-01-22 18:02:00 - [TEST_STEP][PASSED] - strClosePrice = strClosePrice.replace(",", ""): null

2024-01-22 18:02:00 - [TEST_STEP][PASSED] - strVol = getText(findTestObject("Stockbit/Home_Volume")): Text of object 'Object Repository/Stockbit/Home_Volume' is: '264 K'

2024-01-22 18:02:00 - [MESSAGE][PASSED] - Text of object 'Object Repository/Stockbit/Home_Volume' is: '264 K'

2024-01-22 18:02:00 - [TEST_STEP][PASSED] - if (strVol.contains(" K")): null

2024-01-22 18:02:00 - [TEST_STEP][PASSED] - strVol = strVol.replace(" K", "000"): null

2024-01-22 18:02:00 - [TEST_STEP][PASSED] - if (strVol.contains(",")): null

2024-01-22 18:02:00 - [TEST_STEP][PASSED] - strChange = getText(findTestObject("Stockbit/Home_Change")): Text of object 'Object Repository/Stockbit/Home_Change' is: '0.00%'

2024-01-22 18:02:00 - [MESSAGE][PASSED] - Text of object 'Object Repository/Stockbit/Home_Change' is: '0.00%'

2024-01-22 18:02:00 - [TEST_STEP][PASSED] - strChange = strChange.replace("%", ""): null

2024-01-22 18:02:00 - [TEST_STEP][PASSED] - strFreq = getText(findTestObject("Stockbit/Home_Freq")): Text of object 'Object Repository/Stockbit/Home_Freq' is: '744'

2024-01-22 18:02:00 - [MESSAGE][PASSED] - Text of object 'Object Repository/Stockbit/Home_Freq' is: '744'

2024-01-22 18:02:00 - [TEST_STEP][PASSED] - if (strFreq.contains(",")): null

2024-01-22 18:02:00 - [TEST_STEP][PASSED] - if (strFreq == "NA" || strFreq == ""): null

2024-01-22 18:02:00 - [TEST_STEP][PASSED] - else: null

2024-01-22 18:02:00 - [TEST_STEP][PASSED] - dblFreqAnal = strVol.toDouble() / strFreq.toDouble() * strFreq.toDouble() * strFreq.toDouble() * 100000000: null

2024-01-22 18:02:00 - [TEST_STEP][PASSED] - strFreqAnal = String.format("%.4f", dblFreqAnal): null

2024-01-22 18:02:00 - [TEST_STEP][PASSED] - out.println("Double strFreqAnal: " + strFreqAnal): null

2024-01-22 18:02:00 - [TEST_STEP][PASSED] - strTanggal = d.format(DateTimeFormatter.ofPattern("yyyy-MM-dd")): null

2024-01-22 18:02:00 - [TEST_STEP][PASSED] - strTanggal = "#" + strTanggal + "#": null

2024-01-22 18:02:00 - [TEST_STEP][PASSED] - strSQL = "select count(*) as JumBaris from TblBrokSum where Nama = '" + strNama + "' and Tanggal = " + strTanggal + "": null

2024-01-22 18:02:00 - [TEST_STEP][PASSED] - resultSet = statement.executeQuery(strSQL): null

2024-01-22 18:02:00 - [TEST_STEP][PASSED] - resultSet.next(): null

2024-01-22 18:02:00 - [TEST_STEP][PASSED] - intJumBaris = resultSet.getInt("JumBaris"): null

2024-01-22 18:02:00 - [TEST_STEP][PASSED] - if (intJumBaris > 0): null

2024-01-22 18:02:00 - [TEST_STEP][PASSED] - else: null

2024-01-22 18:02:00 - [TEST_STEP][PASSED] - try: null

2024-01-22 18:02:00 - [TEST_STEP][PASSED] - out.println("Insert data"): null

2024-01-22 18:02:00 - [TEST_STEP][PASSED] - strSQL = "insert into TblBrokSum (nama, tanggal, top1, top2, top3, AllBrokAvg, AccDist, AvgRP, " + "Buyer1, BuyerVal1, BuyerAvg1, Seller1, SellerVal1, SellerAvg1, Buyer2, BuyerVal2, BuyerAvg2, " + "Seller2, SellerVal2, SellerAvg2, Buyer3, BuyerVal3, BuyerAvg3, Seller3, SellerVal3, SellerAvg3, NetVol, NetVal, " + "OpenPrice, LowPrice, HighPrice, ClosePrice, Volume, Change, Frekuensi, FrekAnal) " + "values ('" + strNama + "', " + strTanggal + ", '" + strTop1 + "', '" + strTop3 + "', '" + strTop5 + "', " + "'" + strAllBrokAvg + "', '" + strAccDist + "', " + intAvgRP + ", '" + strBuyer1 + "', '" + strBuyerVol1 + "', " + strBuyerAvg1 + ", " + "'" + strSeller1 + "', '" + strSellerVol1 + "', " + strSellerAvg1 + ", '" + strBuyer2 + "', '" + strBuyerVol2 + "', " + strBuyerAvg2 + ", " + "'" + strSeller2 + "', '" + strSellerVol2 + "', " + strSellerAvg2 + ", '" + strBuyer3 + "', '" + strBuyerVol3 + "', " + strBuyerAvg3 + ", " + "'" + strSeller3 + "', '" + strSellerVol3 + "', " + strSellerAvg3 + ", " + strNetVol + ", '" + strNetVal + "', " + "" + strOpenPrice + ", " + strLowPrice + ", " + strHighPrice + ", " + strClosePrice + ", '" + strVol + "', " + strChange + ", " + strFreq + ", " + strFreqAnal + ");": null

2024-01-22 18:02:00 - [TEST_STEP][PASSED] - out.println("strSQL = " + strSQL): null

2024-01-22 18:02:00 - [TEST_STEP][PASSED] - statement.executeUpdate(strSQL): null

2024-01-22 18:02:00 - [TEST_STEP][PASSED] - setValueToCellByIndex(sheet01, rowIndex, 4, "DONE"): null

2024-01-22 18:02:00 - [TEST_STEP][PASSED] - saveWorkbook(excelFilePath, workbook01): null

2024-01-22 18:02:00 - [TEST_STEP][PASSED] - waitForElementClickable(findTestObject("Stockbit/menu_Bandarmology"), 10): Object 'Object Repository/Stockbit/menu_Bandarmology' is clickable

2024-01-22 18:02:00 - [MESSAGE][PASSED] - Object 'Object Repository/Stockbit/menu_Bandarmology' is clickable

2024-01-22 18:02:00 - [TEST_STEP][PASSED] - click(findTestObject("Stockbit/menu_Bandarmology")): Object: 'Object Repository/Stockbit/menu_Bandarmology' is clicked on

2024-01-22 18:02:01 - [MESSAGE][PASSED] - Object: 'Object Repository/Stockbit/menu_Bandarmology' is clicked on

2024-01-22 18:02:01 - [TEST_STEP][PASSED] - strTemp = "NA": null

2024-01-22 18:02:01 - [TEST_STEP][PASSED] - if (getCellValueByIndex(sheet01, rowIndex, 4) != "DONE"): Object: 'Object Repository/Stockbit/menu_Bandarmology' is clicked on

2024-01-22 18:02:01 - [TEST_STEP][PASSED] - strNama = getCellValueByIndex(sheet01, rowIndex, 0): null

2024-01-22 18:02:01 - [TEST_STEP][PASSED] - navigateToUrl("https://stockbit.com/#/symbol/" + strNama): Navigate to 'https://stockbit.com/#/symbol/RALS' successfully

2024-01-22 18:02:03 - [MESSAGE][PASSED] - Navigate to 'https://stockbit.com/#/symbol/RALS' successfully

2024-01-22 18:02:03 - [TEST_STEP][PASSED] - waitForElementClickable(findTestObject("Stockbit/menu_Bandarmology"), 10): Object 'Object Repository/Stockbit/menu_Bandarmology' is clickable

2024-01-22 18:02:03 - [MESSAGE][PASSED] - Object 'Object Repository/Stockbit/menu_Bandarmology' is clickable

2024-01-22 18:02:03 - [TEST_STEP][PASSED] - click(findTestObject("Stockbit/menu_Bandarmology")): Object: 'Object Repository/Stockbit/menu_Bandarmology' is clicked on

2024-01-22 18:02:04 - [MESSAGE][PASSED] - Object: 'Object Repository/Stockbit/menu_Bandarmology' is clicked on

2024-01-22 18:02:04 - [TEST_STEP][PASSED] - strTanggal = d.format(DateTimeFormatter.ofPattern("MMM dd, yyyy")): null

2024-01-22 18:02:04 - [TEST_STEP][PASSED] - strTanggal = d.format(ISO_DATE): null

2024-01-22 18:02:04 - [TEST_STEP][PASSED] - out.println("strTanggal = " + strTanggal): null

2024-01-22 18:02:04 - [TEST_STEP][PASSED] - out.println("strNama = " + strNama): null

2024-01-22 18:02:04 - [TEST_STEP][PASSED] - out.println("Baris ke = " + rowIndex): null

2024-01-22 18:02:04 - [TEST_STEP][PASSED] - click(findTestObject("Stockbit/input__BandarmologyOpenStartDate")): Object: 'Object Repository/Stockbit/input__BandarmologyOpenStartDate' is clicked on

2024-01-22 18:02:06 - [MESSAGE][PASSED] - Object: 'Object Repository/Stockbit/input__BandarmologyOpenStartDate' is clicked on

2024-01-22 18:02:06 - [TEST_STEP][PASSED] - sendKeys(findTestObject("Stockbit/input__BandarmologyOpenStartDate"), Keys.chord(CONTROL, "a")): Keys 'CONTROL + a' sent to object: 'Object Repository/Stockbit/input__BandarmologyOpenStartDate'

2024-01-22 18:02:06 - [MESSAGE][PASSED] - Keys 'CONTROL + a' sent to object: 'Object Repository/Stockbit/input__BandarmologyOpenStartDate'

2024-01-22 18:02:06 - [TEST_STEP][PASSED] - sendKeys(findTestObject("Stockbit/input__BandarmologyOpenStartDate"), Keys.chord(BACK_SPACE)): Keys 'BACK_SPACE + ' sent to object: 'Object Repository/Stockbit/input__BandarmologyOpenStartDate'

2024-01-22 18:02:07 - [MESSAGE][PASSED] - Keys 'BACK_SPACE + ' sent to object: 'Object Repository/Stockbit/input__BandarmologyOpenStartDate'

2024-01-22 18:02:07 - [TEST_STEP][PASSED] - setText(findTestObject("Stockbit/input__BandarmologyOpenStartDate"), strTanggal): Text '2024-01-22' is set on object 'Object Repository/Stockbit/input__BandarmologyOpenStartDate'

2024-01-22 18:02:08 - [MESSAGE][PASSED] - Text '2024-01-22' is set on object 'Object Repository/Stockbit/input__BandarmologyOpenStartDate'

2024-01-22 18:02:08 - [TEST_STEP][PASSED] - sendKeys(findTestObject("Stockbit/input__BandarmologyOpenStartDate"), Keys.chord(ENTER)): Keys 'ENTER + ' sent to object: 'Object Repository/Stockbit/input__BandarmologyOpenStartDate'

2024-01-22 18:02:08 - [MESSAGE][PASSED] - Keys 'ENTER + ' sent to object: 'Object Repository/Stockbit/input__BandarmologyOpenStartDate'

2024-01-22 18:02:08 - [TEST_STEP][PASSED] - click(findTestObject("Stockbit/input__BandarmologyOpenEndDate")): Object: 'Object Repository/Stockbit/input__BandarmologyOpenEndDate' is clicked on

2024-01-22 18:02:09 - [MESSAGE][PASSED] - Object: 'Object Repository/Stockbit/input__BandarmologyOpenEndDate' is clicked on

2024-01-22 18:02:09 - [TEST_STEP][PASSED] - sendKeys(findTestObject("Stockbit/input__BandarmologyOpenEndDate"), Keys.chord(CONTROL, "a")): Keys 'CONTROL + a' sent to object: 'Object Repository/Stockbit/input__BandarmologyOpenEndDate'

2024-01-22 18:02:09 - [MESSAGE][PASSED] - Keys 'CONTROL + a' sent to object: 'Object Repository/Stockbit/input__BandarmologyOpenEndDate'

2024-01-22 18:02:09 - [TEST_STEP][PASSED] - sendKeys(findTestObject("Stockbit/input__BandarmologyOpenEndDate"), Keys.chord(BACK_SPACE)): Keys 'BACK_SPACE + ' sent to object: 'Object Repository/Stockbit/input__BandarmologyOpenEndDate'

2024-01-22 18:02:10 - [MESSAGE][PASSED] - Keys 'BACK_SPACE + ' sent to object: 'Object Repository/Stockbit/input__BandarmologyOpenEndDate'

2024-01-22 18:02:10 - [TEST_STEP][PASSED] - setText(findTestObject("Stockbit/input__BandarmologyOpenEndDate"), strTanggal): Text '2024-01-22' is set on object 'Object Repository/Stockbit/input__BandarmologyOpenEndDate'

2024-01-22 18:02:11 - [MESSAGE][PASSED] - Text '2024-01-22' is set on object 'Object Repository/Stockbit/input__BandarmologyOpenEndDate'

2024-01-22 18:02:11 - [TEST_STEP][PASSED] - sendKeys(findTestObject("Stockbit/input__BandarmologyOpenEndDate"), Keys.chord(ENTER)): Keys 'ENTER + ' sent to object: 'Object Repository/Stockbit/input__BandarmologyOpenEndDate'

2024-01-22 18:02:11 - [MESSAGE][PASSED] - Keys 'ENTER + ' sent to object: 'Object Repository/Stockbit/input__BandarmologyOpenEndDate'

2024-01-22 18:02:11 - [TEST_STEP][PASSED] - delay(2): Delayed 2 second(s)

2024-01-22 18:02:13 - [MESSAGE][PASSED] - Delayed 2 second(s)

2024-01-22 18:02:13 - [TEST_STEP][PASSED] - strTemp = getText(findTestObject("Stockbit/Bandarmology_AvgRP")): Text of object 'Object Repository/Stockbit/Bandarmology_AvgRP' is: '501'

2024-01-22 18:02:13 - [MESSAGE][PASSED] - Text of object 'Object Repository/Stockbit/Bandarmology_AvgRP' is: '501'

2024-01-22 18:02:13 - [TEST_STEP][PASSED] - out.println("Bandarmology_AvgRP = " + strTemp): null

2024-01-22 18:02:13 - [TEST_STEP][PASSED] - if (strTemp != "0"): null

2024-01-22 18:02:13 - [TEST_STEP][PASSED] - strTop1 = getText(findTestObject("Stockbit/Bandarmology_Top1")): Text of object 'Object Repository/Stockbit/Bandarmology_Top1' is: 'Big Dist'

2024-01-22 18:02:13 - [MESSAGE][PASSED] - Text of object 'Object Repository/Stockbit/Bandarmology_Top1' is: 'Big Dist'

2024-01-22 18:02:13 - [TEST_STEP][PASSED] - strTop3 = getText(findTestObject("Stockbit/Bandarmology_Top3")): Text of object 'Object Repository/Stockbit/Bandarmology_Top3' is: 'Big Dist'

2024-01-22 18:02:14 - [MESSAGE][PASSED] - Text of object 'Object Repository/Stockbit/Bandarmology_Top3' is: 'Big Dist'

2024-01-22 18:02:14 - [TEST_STEP][PASSED] - strTop5 = getText(findTestObject("Stockbit/Bandarmology_Top5")): Text of object 'Object Repository/Stockbit/Bandarmology_Top5' is: 'Normal Dist'

2024-01-22 18:02:14 - [MESSAGE][PASSED] - Text of object 'Object Repository/Stockbit/Bandarmology_Top5' is: 'Normal Dist'

2024-01-22 18:02:14 - [TEST_STEP][PASSED] - strAllBrokAvg = getText(findTestObject("Stockbit/Bandarmology_TopAVG")): Text of object 'Object Repository/Stockbit/Bandarmology_TopAVG' is: 'Big Dist'

2024-01-22 18:02:14 - [MESSAGE][PASSED] - Text of object 'Object Repository/Stockbit/Bandarmology_TopAVG' is: 'Big Dist'

2024-01-22 18:02:14 - [TEST_STEP][PASSED] - strTemp = getText(findTestObject("Stockbit/Bandarmology_AvgRP")): Text of object 'Object Repository/Stockbit/Bandarmology_AvgRP' is: '501'

2024-01-22 18:02:14 - [MESSAGE][PASSED] - Text of object 'Object Repository/Stockbit/Bandarmology_AvgRP' is: '501'

2024-01-22 18:02:14 - [TEST_STEP][PASSED] - if (strTemp.contains(",")): null

2024-01-22 18:02:14 - [TEST_STEP][PASSED] - intAvgRP = strTemp.toInteger(): null

2024-01-22 18:02:14 - [TEST_STEP][PASSED] - strBuyer1 = getText(findTestObject("Stockbit/Bandarmology_Buyer1")): Text of object 'Object Repository/Stockbit/Bandarmology_Buyer1' is: 'ZP'

2024-01-22 18:02:14 - [MESSAGE][PASSED] - Text of object 'Object Repository/Stockbit/Bandarmology_Buyer1' is: 'ZP'

2024-01-22 18:02:14 - [TEST_STEP][PASSED] - strBuyerVol1 = getText(findTestObject("Stockbit/Bandarmology_BuyerVol1")): Text of object 'Object Repository/Stockbit/Bandarmology_BuyerVol1' is: '13.2 K'

2024-01-22 18:02:14 - [MESSAGE][PASSED] - Text of object 'Object Repository/Stockbit/Bandarmology_BuyerVol1' is: '13.2 K'

2024-01-22 18:02:14 - [TEST_STEP][PASSED] - strBuyerAvg1 = getText(findTestObject("Stockbit/Bandarmology_BuyerAvg1")): Text of object 'Object Repository/Stockbit/Bandarmology_BuyerAvg1' is: '503'

2024-01-22 18:02:14 - [MESSAGE][PASSED] - Text of object 'Object Repository/Stockbit/Bandarmology_BuyerAvg1' is: '503'

2024-01-22 18:02:14 - [TEST_STEP][PASSED] - if (strBuyerAvg1.contains(",")): null

2024-01-22 18:02:14 - [TEST_STEP][PASSED] - if (strBuyerVol1.contains(" B")): null

2024-01-22 18:02:14 - [TEST_STEP][PASSED] - else if (strBuyerVol1.contains(" M")): null

2024-01-22 18:02:14 - [TEST_STEP][PASSED] - else if (strBuyerVol1.contains(" K")): null

2024-01-22 18:02:14 - [TEST_STEP][PASSED] - strBuyerVol1 = strBuyerVol1.replace(" K", ""): null

2024-01-22 18:02:14 - [TEST_STEP][PASSED] - strBuyerVol1 = strBuyerVol1.toDouble() * 1000: null

2024-01-22 18:02:14 - [TEST_STEP][PASSED] - strSeller1 = getText(findTestObject("Stockbit/Bandarmology_Seller1")): Text of object 'Object Repository/Stockbit/Bandarmology_Seller1' is: 'YU'

2024-01-22 18:02:15 - [MESSAGE][PASSED] - Text of object 'Object Repository/Stockbit/Bandarmology_Seller1' is: 'YU'

2024-01-22 18:02:15 - [TEST_STEP][PASSED] - strSellerVol1 = getText(findTestObject("Stockbit/Bandarmology_SellerVol1")): Text of object 'Object Repository/Stockbit/Bandarmology_SellerVol1' is: '42.8 K'

2024-01-22 18:02:15 - [MESSAGE][PASSED] - Text of object 'Object Repository/Stockbit/Bandarmology_SellerVol1' is: '42.8 K'

2024-01-22 18:02:15 - [TEST_STEP][PASSED] - strSellerAvg1 = getText(findTestObject("Stockbit/Bandarmology_SellerAvg1")): Text of object 'Object Repository/Stockbit/Bandarmology_SellerAvg1' is: '502'

2024-01-22 18:02:15 - [MESSAGE][PASSED] - Text of object 'Object Repository/Stockbit/Bandarmology_SellerAvg1' is: '502'

2024-01-22 18:02:15 - [TEST_STEP][PASSED] - if (strSellerAvg1.contains(",")): null

2024-01-22 18:02:15 - [TEST_STEP][PASSED] - if (strSellerVol1.contains(" B")): null

2024-01-22 18:02:15 - [TEST_STEP][PASSED] - else if (strSellerVol1.contains(" M")): null

2024-01-22 18:02:15 - [TEST_STEP][PASSED] - else if (strSellerVol1.contains(" K")): null

2024-01-22 18:02:15 - [TEST_STEP][PASSED] - strSellerVol1 = strSellerVol1.replace(" K", ""): null

2024-01-22 18:02:15 - [TEST_STEP][PASSED] - strSellerVol1 = strSellerVol1.toDouble() * 1000: null

2024-01-22 18:02:15 - [TEST_STEP][PASSED] - if (verifyElementNotPresent(findTestObject("Stockbit/Bandarmology_Buyer2"), 1, OPTIONAL)): Web element with id: 'Object Repository/Stockbit/Bandarmology_Buyer2' located by 'By.xpath: //*[contains(@id, 'rc-tabs-')]/div[2]/div/div/div/div/div/div[2]/table/tbody/tr[3]/td[1]/p' is present after '1' second(s) (Root cause: com.kms.katalon.core.exception.StepFailedException: Web element with id: 'Object Repository/Stockbit/Bandarmology_Buyer2' located by 'By.xpath: //*[contains(@id, 'rc-tabs-')]/div[2]/div/div/div/div/div/div[2]/table/tbody/tr[3]/td[1]/p' is present after '1' second(s)
	at com.kms.katalon.core.webui.keyword.internal.WebUIKeywordMain.stepFailed(WebUIKeywordMain.groovy:64)
	at com.kms.katalon.core.webui.keyword.internal.WebUIKeywordMain$stepFailed$0.call(Unknown Source)
	at com.kms.katalon.core.webui.keyword.builtin.VerifyElementNotPresentKeyword$_verifyElementNotPresent_closure1.doCall(VerifyElementNotPresentKeyword.groovy:106)
	at com.kms.katalon.core.webui.keyword.builtin.VerifyElementNotPresentKeyword$_verifyElementNotPresent_closure1.doCall(VerifyElementNotPresentKeyword.groovy)
	at com.kms.katalon.core.webui.keyword.internal.WebUIKeywordMain.runKeyword(WebUIKeywordMain.groovy:20)
	at com.kms.katalon.core.webui.keyword.internal.WebUIKeywordMain$runKeyword.call(Unknown Source)
	at com.kms.katalon.core.webui.keyword.builtin.VerifyElementNotPresentKeyword.verifyElementNotPresent(VerifyElementNotPresentKeyword.groovy:117)
	at com.kms.katalon.core.webui.keyword.builtin.VerifyElementNotPresentKeyword.execute(VerifyElementNotPresentKeyword.groovy:68)
	at com.kms.katalon.core.keyword.internal.KeywordExecutor.executeKeywordForPlatform(KeywordExecutor.groovy:74)
	at com.kms.katalon.core.webui.keyword.WebUiBuiltInKeywords.verifyElementNotPresent(WebUiBuiltInKeywords.groovy:1481)
	at com.kms.katalon.core.webui.keyword.WebUiBuiltInKeywords$verifyElementNotPresent$8.call(Unknown Source)
	at GetBrokSumPriceDaily.run(GetBrokSumPriceDaily:258)
	at com.kms.katalon.core.main.ScriptEngine.run(ScriptEngine.java:194)
	at com.kms.katalon.core.main.ScriptEngine.runScriptAsRawText(ScriptEngine.java:119)
	at com.kms.katalon.core.main.TestCaseExecutor.runScript(TestCaseExecutor.java:445)
	at com.kms.katalon.core.main.TestCaseExecutor.doExecute(TestCaseExecutor.java:436)
	at com.kms.katalon.core.main.TestCaseExecutor.processExecutionPhase(TestCaseExecutor.java:415)
	at com.kms.katalon.core.main.TestCaseExecutor.accessMainPhase(TestCaseExecutor.java:407)
	at com.kms.katalon.core.main.TestCaseExecutor.execute(TestCaseExecutor.java:284)
	at com.kms.katalon.core.common.CommonExecutor.accessTestCaseMainPhase(CommonExecutor.java:65)
	at com.kms.katalon.core.main.TestSuiteExecutor.accessTestSuiteMainPhase(TestSuiteExecutor.java:144)
	at com.kms.katalon.core.main.TestSuiteExecutor.execute(TestSuiteExecutor.java:106)
	at com.kms.katalon.core.main.TestCaseMain.startTestSuite(TestCaseMain.java:185)
	at com.kms.katalon.core.main.TestCaseMain$startTestSuite$0.call(Unknown Source)
	at TempTestSuite1705920083951.run(TempTestSuite1705920083951.groovy:36)
)

2024-01-22 18:02:16 - [MESSAGE][WARNING] - Web element with id: 'Object Repository/Stockbit/Bandarmology_Buyer2' located by 'By.xpath: //*[contains(@id, 'rc-tabs-')]/div[2]/div/div/div/div/div/div[2]/table/tbody/tr[3]/td[1]/p' is present after '1' second(s) (Root cause: com.kms.katalon.core.exception.StepFailedException: Web element with id: 'Object Repository/Stockbit/Bandarmology_Buyer2' located by 'By.xpath: //*[contains(@id, 'rc-tabs-')]/div[2]/div/div/div/div/div/div[2]/table/tbody/tr[3]/td[1]/p' is present after '1' second(s)
	at com.kms.katalon.core.webui.keyword.internal.WebUIKeywordMain.stepFailed(WebUIKeywordMain.groovy:64)
	at com.kms.katalon.core.webui.keyword.internal.WebUIKeywordMain$stepFailed$0.call(Unknown Source)
	at com.kms.katalon.core.webui.keyword.builtin.VerifyElementNotPresentKeyword$_verifyElementNotPresent_closure1.doCall(VerifyElementNotPresentKeyword.groovy:106)
	at com.kms.katalon.core.webui.keyword.builtin.VerifyElementNotPresentKeyword$_verifyElementNotPresent_closure1.doCall(VerifyElementNotPresentKeyword.groovy)
	at com.kms.katalon.core.webui.keyword.internal.WebUIKeywordMain.runKeyword(WebUIKeywordMain.groovy:20)
	at com.kms.katalon.core.webui.keyword.internal.WebUIKeywordMain$runKeyword.call(Unknown Source)
	at com.kms.katalon.core.webui.keyword.builtin.VerifyElementNotPresentKeyword.verifyElementNotPresent(VerifyElementNotPresentKeyword.groovy:117)
	at com.kms.katalon.core.webui.keyword.builtin.VerifyElementNotPresentKeyword.execute(VerifyElementNotPresentKeyword.groovy:68)
	at com.kms.katalon.core.keyword.internal.KeywordExecutor.executeKeywordForPlatform(KeywordExecutor.groovy:74)
	at com.kms.katalon.core.webui.keyword.WebUiBuiltInKeywords.verifyElementNotPresent(WebUiBuiltInKeywords.groovy:1481)
	at com.kms.katalon.core.webui.keyword.WebUiBuiltInKeywords$verifyElementNotPresent$8.call(Unknown Source)
	at GetBrokSumPriceDaily.run(GetBrokSumPriceDaily:258)
	at com.kms.katalon.core.main.ScriptEngine.run(ScriptEngine.java:194)
	at com.kms.katalon.core.main.ScriptEngine.runScriptAsRawText(ScriptEngine.java:119)
	at com.kms.katalon.core.main.TestCaseExecutor.runScript(TestCaseExecutor.java:445)
	at com.kms.katalon.core.main.TestCaseExecutor.doExecute(TestCaseExecutor.java:436)
	at com.kms.katalon.core.main.TestCaseExecutor.processExecutionPhase(TestCaseExecutor.java:415)
	at com.kms.katalon.core.main.TestCaseExecutor.accessMainPhase(TestCaseExecutor.java:407)
	at com.kms.katalon.core.main.TestCaseExecutor.execute(TestCaseExecutor.java:284)
	at com.kms.katalon.core.common.CommonExecutor.accessTestCaseMainPhase(CommonExecutor.java:65)
	at com.kms.katalon.core.main.TestSuiteExecutor.accessTestSuiteMainPhase(TestSuiteExecutor.java:144)
	at com.kms.katalon.core.main.TestSuiteExecutor.execute(TestSuiteExecutor.java:106)
	at com.kms.katalon.core.main.TestCaseMain.startTestSuite(TestCaseMain.java:185)
	at com.kms.katalon.core.main.TestCaseMain$startTestSuite$0.call(Unknown Source)
	at TempTestSuite1705920083951.run(TempTestSuite1705920083951.groovy:36)
)
[[ATTACHMENT|C:\\Users\\Fadli\\git\\KatalonDailyGetData2\\Reports\\20240122_174123\\TS1\\20240122_174123\\1705921336676.png]]

2024-01-22 18:02:16 - [TEST_STEP][PASSED] - else: null

2024-01-22 18:02:16 - [TEST_STEP][PASSED] - strBuyer2 = getText(findTestObject("Stockbit/Bandarmology_Buyer2")): Text of object 'Object Repository/Stockbit/Bandarmology_Buyer2' is: 'SQ'

2024-01-22 18:02:17 - [MESSAGE][PASSED] - Text of object 'Object Repository/Stockbit/Bandarmology_Buyer2' is: 'SQ'

2024-01-22 18:02:17 - [TEST_STEP][PASSED] - strBuyerVol2 = getText(findTestObject("Stockbit/Bandarmology_BuyerVol2")): Text of object 'Object Repository/Stockbit/Bandarmology_BuyerVol2' is: '10.2 K'

2024-01-22 18:02:17 - [MESSAGE][PASSED] - Text of object 'Object Repository/Stockbit/Bandarmology_BuyerVol2' is: '10.2 K'

2024-01-22 18:02:17 - [TEST_STEP][PASSED] - strBuyerAvg2 = getText(findTestObject("Stockbit/Bandarmology_BuyerAvg2")): Text of object 'Object Repository/Stockbit/Bandarmology_BuyerAvg2' is: '502'

2024-01-22 18:02:17 - [MESSAGE][PASSED] - Text of object 'Object Repository/Stockbit/Bandarmology_BuyerAvg2' is: '502'

2024-01-22 18:02:17 - [TEST_STEP][PASSED] - if (strBuyer2 != ""): null

2024-01-22 18:02:17 - [TEST_STEP][PASSED] - if (strBuyerAvg2.contains(",")): null

2024-01-22 18:02:17 - [TEST_STEP][PASSED] - if (strBuyerVol2.contains(" B")): null

2024-01-22 18:02:17 - [TEST_STEP][PASSED] - else if (strBuyerVol2.contains(" M")): null

2024-01-22 18:02:17 - [TEST_STEP][PASSED] - else if (strBuyerVol2.contains(" K")): null

2024-01-22 18:02:17 - [TEST_STEP][PASSED] - strBuyerVol2 = strBuyerVol2.replace(" K", ""): null

2024-01-22 18:02:17 - [TEST_STEP][PASSED] - strBuyerVol2 = strBuyerVol2.toDouble() * 1000: null

2024-01-22 18:02:17 - [TEST_STEP][PASSED] - if (strBuyerVol2.contains(".")): null

2024-01-22 18:02:17 - [TEST_STEP][PASSED] - strBuyerVal2 = strBuyerVol2.replace(".", ""): null

2024-01-22 18:02:17 - [TEST_STEP][PASSED] - if (verifyElementNotPresent(findTestObject("Stockbit/Bandarmology_Seller2"), 1, OPTIONAL)): Web element with id: 'Object Repository/Stockbit/Bandarmology_Seller2' located by 'By.xpath: //*[contains(@id, 'rc-tabs-')]/div[2]/div/div/div/div/div/div[2]/table/tbody/tr[3]/td[5]/p' is present after '1' second(s) (Root cause: com.kms.katalon.core.exception.StepFailedException: Web element with id: 'Object Repository/Stockbit/Bandarmology_Seller2' located by 'By.xpath: //*[contains(@id, 'rc-tabs-')]/div[2]/div/div/div/div/div/div[2]/table/tbody/tr[3]/td[5]/p' is present after '1' second(s)
	at com.kms.katalon.core.webui.keyword.internal.WebUIKeywordMain.stepFailed(WebUIKeywordMain.groovy:64)
	at com.kms.katalon.core.webui.keyword.internal.WebUIKeywordMain$stepFailed$0.call(Unknown Source)
	at com.kms.katalon.core.webui.keyword.builtin.VerifyElementNotPresentKeyword$_verifyElementNotPresent_closure1.doCall(VerifyElementNotPresentKeyword.groovy:106)
	at com.kms.katalon.core.webui.keyword.builtin.VerifyElementNotPresentKeyword$_verifyElementNotPresent_closure1.doCall(VerifyElementNotPresentKeyword.groovy)
	at com.kms.katalon.core.webui.keyword.internal.WebUIKeywordMain.runKeyword(WebUIKeywordMain.groovy:20)
	at com.kms.katalon.core.webui.keyword.internal.WebUIKeywordMain$runKeyword.call(Unknown Source)
	at com.kms.katalon.core.webui.keyword.builtin.VerifyElementNotPresentKeyword.verifyElementNotPresent(VerifyElementNotPresentKeyword.groovy:117)
	at com.kms.katalon.core.webui.keyword.builtin.VerifyElementNotPresentKeyword.execute(VerifyElementNotPresentKeyword.groovy:68)
	at com.kms.katalon.core.keyword.internal.KeywordExecutor.executeKeywordForPlatform(KeywordExecutor.groovy:74)
	at com.kms.katalon.core.webui.keyword.WebUiBuiltInKeywords.verifyElementNotPresent(WebUiBuiltInKeywords.groovy:1481)
	at com.kms.katalon.core.webui.keyword.WebUiBuiltInKeywords$verifyElementNotPresent$8.call(Unknown Source)
	at GetBrokSumPriceDaily.run(GetBrokSumPriceDaily:309)
	at com.kms.katalon.core.main.ScriptEngine.run(ScriptEngine.java:194)
	at com.kms.katalon.core.main.ScriptEngine.runScriptAsRawText(ScriptEngine.java:119)
	at com.kms.katalon.core.main.TestCaseExecutor.runScript(TestCaseExecutor.java:445)
	at com.kms.katalon.core.main.TestCaseExecutor.doExecute(TestCaseExecutor.java:436)
	at com.kms.katalon.core.main.TestCaseExecutor.processExecutionPhase(TestCaseExecutor.java:415)
	at com.kms.katalon.core.main.TestCaseExecutor.accessMainPhase(TestCaseExecutor.java:407)
	at com.kms.katalon.core.main.TestCaseExecutor.execute(TestCaseExecutor.java:284)
	at com.kms.katalon.core.common.CommonExecutor.accessTestCaseMainPhase(CommonExecutor.java:65)
	at com.kms.katalon.core.main.TestSuiteExecutor.accessTestSuiteMainPhase(TestSuiteExecutor.java:144)
	at com.kms.katalon.core.main.TestSuiteExecutor.execute(TestSuiteExecutor.java:106)
	at com.kms.katalon.core.main.TestCaseMain.startTestSuite(TestCaseMain.java:185)
	at com.kms.katalon.core.main.TestCaseMain$startTestSuite$0.call(Unknown Source)
	at TempTestSuite1705920083951.run(TempTestSuite1705920083951.groovy:36)
)

2024-01-22 18:02:18 - [MESSAGE][WARNING] - Web element with id: 'Object Repository/Stockbit/Bandarmology_Seller2' located by 'By.xpath: //*[contains(@id, 'rc-tabs-')]/div[2]/div/div/div/div/div/div[2]/table/tbody/tr[3]/td[5]/p' is present after '1' second(s) (Root cause: com.kms.katalon.core.exception.StepFailedException: Web element with id: 'Object Repository/Stockbit/Bandarmology_Seller2' located by 'By.xpath: //*[contains(@id, 'rc-tabs-')]/div[2]/div/div/div/div/div/div[2]/table/tbody/tr[3]/td[5]/p' is present after '1' second(s)
	at com.kms.katalon.core.webui.keyword.internal.WebUIKeywordMain.stepFailed(WebUIKeywordMain.groovy:64)
	at com.kms.katalon.core.webui.keyword.internal.WebUIKeywordMain$stepFailed$0.call(Unknown Source)
	at com.kms.katalon.core.webui.keyword.builtin.VerifyElementNotPresentKeyword$_verifyElementNotPresent_closure1.doCall(VerifyElementNotPresentKeyword.groovy:106)
	at com.kms.katalon.core.webui.keyword.builtin.VerifyElementNotPresentKeyword$_verifyElementNotPresent_closure1.doCall(VerifyElementNotPresentKeyword.groovy)
	at com.kms.katalon.core.webui.keyword.internal.WebUIKeywordMain.runKeyword(WebUIKeywordMain.groovy:20)
	at com.kms.katalon.core.webui.keyword.internal.WebUIKeywordMain$runKeyword.call(Unknown Source)
	at com.kms.katalon.core.webui.keyword.builtin.VerifyElementNotPresentKeyword.verifyElementNotPresent(VerifyElementNotPresentKeyword.groovy:117)
	at com.kms.katalon.core.webui.keyword.builtin.VerifyElementNotPresentKeyword.execute(VerifyElementNotPresentKeyword.groovy:68)
	at com.kms.katalon.core.keyword.internal.KeywordExecutor.executeKeywordForPlatform(KeywordExecutor.groovy:74)
	at com.kms.katalon.core.webui.keyword.WebUiBuiltInKeywords.verifyElementNotPresent(WebUiBuiltInKeywords.groovy:1481)
	at com.kms.katalon.core.webui.keyword.WebUiBuiltInKeywords$verifyElementNotPresent$8.call(Unknown Source)
	at GetBrokSumPriceDaily.run(GetBrokSumPriceDaily:309)
	at com.kms.katalon.core.main.ScriptEngine.run(ScriptEngine.java:194)
	at com.kms.katalon.core.main.ScriptEngine.runScriptAsRawText(ScriptEngine.java:119)
	at com.kms.katalon.core.main.TestCaseExecutor.runScript(TestCaseExecutor.java:445)
	at com.kms.katalon.core.main.TestCaseExecutor.doExecute(TestCaseExecutor.java:436)
	at com.kms.katalon.core.main.TestCaseExecutor.processExecutionPhase(TestCaseExecutor.java:415)
	at com.kms.katalon.core.main.TestCaseExecutor.accessMainPhase(TestCaseExecutor.java:407)
	at com.kms.katalon.core.main.TestCaseExecutor.execute(TestCaseExecutor.java:284)
	at com.kms.katalon.core.common.CommonExecutor.accessTestCaseMainPhase(CommonExecutor.java:65)
	at com.kms.katalon.core.main.TestSuiteExecutor.accessTestSuiteMainPhase(TestSuiteExecutor.java:144)
	at com.kms.katalon.core.main.TestSuiteExecutor.execute(TestSuiteExecutor.java:106)
	at com.kms.katalon.core.main.TestCaseMain.startTestSuite(TestCaseMain.java:185)
	at com.kms.katalon.core.main.TestCaseMain$startTestSuite$0.call(Unknown Source)
	at TempTestSuite1705920083951.run(TempTestSuite1705920083951.groovy:36)
)
[[ATTACHMENT|C:\\Users\\Fadli\\git\\KatalonDailyGetData2\\Reports\\20240122_174123\\TS1\\20240122_174123\\1705921338614.png]]

2024-01-22 18:02:18 - [TEST_STEP][PASSED] - else: null

2024-01-22 18:02:18 - [TEST_STEP][PASSED] - strSeller2 = getText(findTestObject("Stockbit/Bandarmology_Seller2")): Text of object 'Object Repository/Stockbit/Bandarmology_Seller2' is: 'GR'

2024-01-22 18:02:18 - [MESSAGE][PASSED] - Text of object 'Object Repository/Stockbit/Bandarmology_Seller2' is: 'GR'

2024-01-22 18:02:18 - [TEST_STEP][PASSED] - strSellerVol2 = getText(findTestObject("Stockbit/Bandarmology_SellerVol2")): Text of object 'Object Repository/Stockbit/Bandarmology_SellerVol2' is: '4.9 K'

2024-01-22 18:02:19 - [MESSAGE][PASSED] - Text of object 'Object Repository/Stockbit/Bandarmology_SellerVol2' is: '4.9 K'

2024-01-22 18:02:19 - [TEST_STEP][PASSED] - strSellerAvg2 = getText(findTestObject("Stockbit/Bandarmology_SellerAvg2")): Text of object 'Object Repository/Stockbit/Bandarmology_SellerAvg2' is: '500'

2024-01-22 18:02:19 - [MESSAGE][PASSED] - Text of object 'Object Repository/Stockbit/Bandarmology_SellerAvg2' is: '500'

2024-01-22 18:02:19 - [TEST_STEP][PASSED] - if (strSeller2 != ""): null

2024-01-22 18:02:19 - [TEST_STEP][PASSED] - if (strSellerAvg2.contains(",")): null

2024-01-22 18:02:19 - [TEST_STEP][PASSED] - if (strSellerVol2.contains(" B")): null

2024-01-22 18:02:19 - [TEST_STEP][PASSED] - else if (strSellerVol2.contains(" M")): null

2024-01-22 18:02:19 - [TEST_STEP][PASSED] - else if (strSellerVol2.contains(" K")): null

2024-01-22 18:02:19 - [TEST_STEP][PASSED] - strSellerVol2 = strSellerVol2.replace(" K", ""): null

2024-01-22 18:02:19 - [TEST_STEP][PASSED] - strSellerVol2 = strSellerVol2.toDouble() * 1000: null

2024-01-22 18:02:19 - [TEST_STEP][PASSED] - if (verifyElementNotPresent(findTestObject("Stockbit/Bandarmology_Buyer3"), 1, OPTIONAL)): Web element with id: 'Object Repository/Stockbit/Bandarmology_Buyer3' located by 'By.xpath: //*[contains(@id, 'rc-tabs-')]/div[2]/div/div/div/div/div/div[2]/table/tbody/tr[4]/td[1]/p' is present after '1' second(s) (Root cause: com.kms.katalon.core.exception.StepFailedException: Web element with id: 'Object Repository/Stockbit/Bandarmology_Buyer3' located by 'By.xpath: //*[contains(@id, 'rc-tabs-')]/div[2]/div/div/div/div/div/div[2]/table/tbody/tr[4]/td[1]/p' is present after '1' second(s)
	at com.kms.katalon.core.webui.keyword.internal.WebUIKeywordMain.stepFailed(WebUIKeywordMain.groovy:64)
	at com.kms.katalon.core.webui.keyword.internal.WebUIKeywordMain$stepFailed$0.call(Unknown Source)
	at com.kms.katalon.core.webui.keyword.builtin.VerifyElementNotPresentKeyword$_verifyElementNotPresent_closure1.doCall(VerifyElementNotPresentKeyword.groovy:106)
	at com.kms.katalon.core.webui.keyword.builtin.VerifyElementNotPresentKeyword$_verifyElementNotPresent_closure1.doCall(VerifyElementNotPresentKeyword.groovy)
	at com.kms.katalon.core.webui.keyword.internal.WebUIKeywordMain.runKeyword(WebUIKeywordMain.groovy:20)
	at com.kms.katalon.core.webui.keyword.internal.WebUIKeywordMain$runKeyword.call(Unknown Source)
	at com.kms.katalon.core.webui.keyword.builtin.VerifyElementNotPresentKeyword.verifyElementNotPresent(VerifyElementNotPresentKeyword.groovy:117)
	at com.kms.katalon.core.webui.keyword.builtin.VerifyElementNotPresentKeyword.execute(VerifyElementNotPresentKeyword.groovy:68)
	at com.kms.katalon.core.keyword.internal.KeywordExecutor.executeKeywordForPlatform(KeywordExecutor.groovy:74)
	at com.kms.katalon.core.webui.keyword.WebUiBuiltInKeywords.verifyElementNotPresent(WebUiBuiltInKeywords.groovy:1481)
	at com.kms.katalon.core.webui.keyword.WebUiBuiltInKeywords$verifyElementNotPresent$8.call(Unknown Source)
	at GetBrokSumPriceDaily.run(GetBrokSumPriceDaily:361)
	at com.kms.katalon.core.main.ScriptEngine.run(ScriptEngine.java:194)
	at com.kms.katalon.core.main.ScriptEngine.runScriptAsRawText(ScriptEngine.java:119)
	at com.kms.katalon.core.main.TestCaseExecutor.runScript(TestCaseExecutor.java:445)
	at com.kms.katalon.core.main.TestCaseExecutor.doExecute(TestCaseExecutor.java:436)
	at com.kms.katalon.core.main.TestCaseExecutor.processExecutionPhase(TestCaseExecutor.java:415)
	at com.kms.katalon.core.main.TestCaseExecutor.accessMainPhase(TestCaseExecutor.java:407)
	at com.kms.katalon.core.main.TestCaseExecutor.execute(TestCaseExecutor.java:284)
	at com.kms.katalon.core.common.CommonExecutor.accessTestCaseMainPhase(CommonExecutor.java:65)
	at com.kms.katalon.core.main.TestSuiteExecutor.accessTestSuiteMainPhase(TestSuiteExecutor.java:144)
	at com.kms.katalon.core.main.TestSuiteExecutor.execute(TestSuiteExecutor.java:106)
	at com.kms.katalon.core.main.TestCaseMain.startTestSuite(TestCaseMain.java:185)
	at com.kms.katalon.core.main.TestCaseMain$startTestSuite$0.call(Unknown Source)
	at TempTestSuite1705920083951.run(TempTestSuite1705920083951.groovy:36)
)

2024-01-22 18:02:20 - [MESSAGE][WARNING] - Web element with id: 'Object Repository/Stockbit/Bandarmology_Buyer3' located by 'By.xpath: //*[contains(@id, 'rc-tabs-')]/div[2]/div/div/div/div/div/div[2]/table/tbody/tr[4]/td[1]/p' is present after '1' second(s) (Root cause: com.kms.katalon.core.exception.StepFailedException: Web element with id: 'Object Repository/Stockbit/Bandarmology_Buyer3' located by 'By.xpath: //*[contains(@id, 'rc-tabs-')]/div[2]/div/div/div/div/div/div[2]/table/tbody/tr[4]/td[1]/p' is present after '1' second(s)
	at com.kms.katalon.core.webui.keyword.internal.WebUIKeywordMain.stepFailed(WebUIKeywordMain.groovy:64)
	at com.kms.katalon.core.webui.keyword.internal.WebUIKeywordMain$stepFailed$0.call(Unknown Source)
	at com.kms.katalon.core.webui.keyword.builtin.VerifyElementNotPresentKeyword$_verifyElementNotPresent_closure1.doCall(VerifyElementNotPresentKeyword.groovy:106)
	at com.kms.katalon.core.webui.keyword.builtin.VerifyElementNotPresentKeyword$_verifyElementNotPresent_closure1.doCall(VerifyElementNotPresentKeyword.groovy)
	at com.kms.katalon.core.webui.keyword.internal.WebUIKeywordMain.runKeyword(WebUIKeywordMain.groovy:20)
	at com.kms.katalon.core.webui.keyword.internal.WebUIKeywordMain$runKeyword.call(Unknown Source)
	at com.kms.katalon.core.webui.keyword.builtin.VerifyElementNotPresentKeyword.verifyElementNotPresent(VerifyElementNotPresentKeyword.groovy:117)
	at com.kms.katalon.core.webui.keyword.builtin.VerifyElementNotPresentKeyword.execute(VerifyElementNotPresentKeyword.groovy:68)
	at com.kms.katalon.core.keyword.internal.KeywordExecutor.executeKeywordForPlatform(KeywordExecutor.groovy:74)
	at com.kms.katalon.core.webui.keyword.WebUiBuiltInKeywords.verifyElementNotPresent(WebUiBuiltInKeywords.groovy:1481)
	at com.kms.katalon.core.webui.keyword.WebUiBuiltInKeywords$verifyElementNotPresent$8.call(Unknown Source)
	at GetBrokSumPriceDaily.run(GetBrokSumPriceDaily:361)
	at com.kms.katalon.core.main.ScriptEngine.run(ScriptEngine.java:194)
	at com.kms.katalon.core.main.ScriptEngine.runScriptAsRawText(ScriptEngine.java:119)
	at com.kms.katalon.core.main.TestCaseExecutor.runScript(TestCaseExecutor.java:445)
	at com.kms.katalon.core.main.TestCaseExecutor.doExecute(TestCaseExecutor.java:436)
	at com.kms.katalon.core.main.TestCaseExecutor.processExecutionPhase(TestCaseExecutor.java:415)
	at com.kms.katalon.core.main.TestCaseExecutor.accessMainPhase(TestCaseExecutor.java:407)
	at com.kms.katalon.core.main.TestCaseExecutor.execute(TestCaseExecutor.java:284)
	at com.kms.katalon.core.common.CommonExecutor.accessTestCaseMainPhase(CommonExecutor.java:65)
	at com.kms.katalon.core.main.TestSuiteExecutor.accessTestSuiteMainPhase(TestSuiteExecutor.java:144)
	at com.kms.katalon.core.main.TestSuiteExecutor.execute(TestSuiteExecutor.java:106)
	at com.kms.katalon.core.main.TestCaseMain.startTestSuite(TestCaseMain.java:185)
	at com.kms.katalon.core.main.TestCaseMain$startTestSuite$0.call(Unknown Source)
	at TempTestSuite1705920083951.run(TempTestSuite1705920083951.groovy:36)
)
[[ATTACHMENT|C:\\Users\\Fadli\\git\\KatalonDailyGetData2\\Reports\\20240122_174123\\TS1\\20240122_174123\\1705921340562.png]]

2024-01-22 18:02:20 - [TEST_STEP][PASSED] - else: null

2024-01-22 18:02:20 - [TEST_STEP][PASSED] - strBuyer3 = getText(findTestObject("Stockbit/Bandarmology_Buyer3")): Text of object 'Object Repository/Stockbit/Bandarmology_Buyer3' is: 'YP'

2024-01-22 18:02:20 - [MESSAGE][PASSED] - Text of object 'Object Repository/Stockbit/Bandarmology_Buyer3' is: 'YP'

2024-01-22 18:02:20 - [TEST_STEP][PASSED] - strBuyerVol3 = getText(findTestObject("Stockbit/Bandarmology_BuyerVol3")): Text of object 'Object Repository/Stockbit/Bandarmology_BuyerVol3' is: '9.1 K'

2024-01-22 18:02:21 - [MESSAGE][PASSED] - Text of object 'Object Repository/Stockbit/Bandarmology_BuyerVol3' is: '9.1 K'

2024-01-22 18:02:21 - [TEST_STEP][PASSED] - strBuyerAvg3 = getText(findTestObject("Stockbit/Bandarmology_BuyerAvg3")): Text of object 'Object Repository/Stockbit/Bandarmology_BuyerAvg3' is: '500'

2024-01-22 18:02:21 - [MESSAGE][PASSED] - Text of object 'Object Repository/Stockbit/Bandarmology_BuyerAvg3' is: '500'

2024-01-22 18:02:21 - [TEST_STEP][PASSED] - if (strBuyer3 != ""): null

2024-01-22 18:02:21 - [TEST_STEP][PASSED] - if (strBuyerAvg3.contains(",")): null

2024-01-22 18:02:21 - [TEST_STEP][PASSED] - if (strBuyerVol3.contains(" B")): null

2024-01-22 18:02:21 - [TEST_STEP][PASSED] - else if (strBuyerVol3.contains(" M")): null

2024-01-22 18:02:21 - [TEST_STEP][PASSED] - else if (strBuyerVol3.contains(" K")): null

2024-01-22 18:02:21 - [TEST_STEP][PASSED] - strBuyerVol3 = strBuyerVol3.replace(" K", ""): null

2024-01-22 18:02:21 - [TEST_STEP][PASSED] - strBuyerVol3 = strBuyerVol3.toDouble() * 1000: null

2024-01-22 18:02:21 - [TEST_STEP][PASSED] - if (verifyElementNotPresent(findTestObject("Stockbit/Bandarmology_Seller3"), 1, OPTIONAL)): Web element with id: 'Object Repository/Stockbit/Bandarmology_Seller3' located by 'By.xpath: //*[contains(@id, 'rc-tabs-')]/div[2]/div/div/div/div/div/div[2]/table/tbody/tr[4]/td[5]/p' is present after '1' second(s) (Root cause: com.kms.katalon.core.exception.StepFailedException: Web element with id: 'Object Repository/Stockbit/Bandarmology_Seller3' located by 'By.xpath: //*[contains(@id, 'rc-tabs-')]/div[2]/div/div/div/div/div/div[2]/table/tbody/tr[4]/td[5]/p' is present after '1' second(s)
	at com.kms.katalon.core.webui.keyword.internal.WebUIKeywordMain.stepFailed(WebUIKeywordMain.groovy:64)
	at com.kms.katalon.core.webui.keyword.internal.WebUIKeywordMain$stepFailed$0.call(Unknown Source)
	at com.kms.katalon.core.webui.keyword.builtin.VerifyElementNotPresentKeyword$_verifyElementNotPresent_closure1.doCall(VerifyElementNotPresentKeyword.groovy:106)
	at com.kms.katalon.core.webui.keyword.builtin.VerifyElementNotPresentKeyword$_verifyElementNotPresent_closure1.doCall(VerifyElementNotPresentKeyword.groovy)
	at com.kms.katalon.core.webui.keyword.internal.WebUIKeywordMain.runKeyword(WebUIKeywordMain.groovy:20)
	at com.kms.katalon.core.webui.keyword.internal.WebUIKeywordMain$runKeyword.call(Unknown Source)
	at com.kms.katalon.core.webui.keyword.builtin.VerifyElementNotPresentKeyword.verifyElementNotPresent(VerifyElementNotPresentKeyword.groovy:117)
	at com.kms.katalon.core.webui.keyword.builtin.VerifyElementNotPresentKeyword.execute(VerifyElementNotPresentKeyword.groovy:68)
	at com.kms.katalon.core.keyword.internal.KeywordExecutor.executeKeywordForPlatform(KeywordExecutor.groovy:74)
	at com.kms.katalon.core.webui.keyword.WebUiBuiltInKeywords.verifyElementNotPresent(WebUiBuiltInKeywords.groovy:1481)
	at com.kms.katalon.core.webui.keyword.WebUiBuiltInKeywords$verifyElementNotPresent$8.call(Unknown Source)
	at GetBrokSumPriceDaily.run(GetBrokSumPriceDaily:414)
	at com.kms.katalon.core.main.ScriptEngine.run(ScriptEngine.java:194)
	at com.kms.katalon.core.main.ScriptEngine.runScriptAsRawText(ScriptEngine.java:119)
	at com.kms.katalon.core.main.TestCaseExecutor.runScript(TestCaseExecutor.java:445)
	at com.kms.katalon.core.main.TestCaseExecutor.doExecute(TestCaseExecutor.java:436)
	at com.kms.katalon.core.main.TestCaseExecutor.processExecutionPhase(TestCaseExecutor.java:415)
	at com.kms.katalon.core.main.TestCaseExecutor.accessMainPhase(TestCaseExecutor.java:407)
	at com.kms.katalon.core.main.TestCaseExecutor.execute(TestCaseExecutor.java:284)
	at com.kms.katalon.core.common.CommonExecutor.accessTestCaseMainPhase(CommonExecutor.java:65)
	at com.kms.katalon.core.main.TestSuiteExecutor.accessTestSuiteMainPhase(TestSuiteExecutor.java:144)
	at com.kms.katalon.core.main.TestSuiteExecutor.execute(TestSuiteExecutor.java:106)
	at com.kms.katalon.core.main.TestCaseMain.startTestSuite(TestCaseMain.java:185)
	at com.kms.katalon.core.main.TestCaseMain$startTestSuite$0.call(Unknown Source)
	at TempTestSuite1705920083951.run(TempTestSuite1705920083951.groovy:36)
)

2024-01-22 18:02:22 - [MESSAGE][WARNING] - Web element with id: 'Object Repository/Stockbit/Bandarmology_Seller3' located by 'By.xpath: //*[contains(@id, 'rc-tabs-')]/div[2]/div/div/div/div/div/div[2]/table/tbody/tr[4]/td[5]/p' is present after '1' second(s) (Root cause: com.kms.katalon.core.exception.StepFailedException: Web element with id: 'Object Repository/Stockbit/Bandarmology_Seller3' located by 'By.xpath: //*[contains(@id, 'rc-tabs-')]/div[2]/div/div/div/div/div/div[2]/table/tbody/tr[4]/td[5]/p' is present after '1' second(s)
	at com.kms.katalon.core.webui.keyword.internal.WebUIKeywordMain.stepFailed(WebUIKeywordMain.groovy:64)
	at com.kms.katalon.core.webui.keyword.internal.WebUIKeywordMain$stepFailed$0.call(Unknown Source)
	at com.kms.katalon.core.webui.keyword.builtin.VerifyElementNotPresentKeyword$_verifyElementNotPresent_closure1.doCall(VerifyElementNotPresentKeyword.groovy:106)
	at com.kms.katalon.core.webui.keyword.builtin.VerifyElementNotPresentKeyword$_verifyElementNotPresent_closure1.doCall(VerifyElementNotPresentKeyword.groovy)
	at com.kms.katalon.core.webui.keyword.internal.WebUIKeywordMain.runKeyword(WebUIKeywordMain.groovy:20)
	at com.kms.katalon.core.webui.keyword.internal.WebUIKeywordMain$runKeyword.call(Unknown Source)
	at com.kms.katalon.core.webui.keyword.builtin.VerifyElementNotPresentKeyword.verifyElementNotPresent(VerifyElementNotPresentKeyword.groovy:117)
	at com.kms.katalon.core.webui.keyword.builtin.VerifyElementNotPresentKeyword.execute(VerifyElementNotPresentKeyword.groovy:68)
	at com.kms.katalon.core.keyword.internal.KeywordExecutor.executeKeywordForPlatform(KeywordExecutor.groovy:74)
	at com.kms.katalon.core.webui.keyword.WebUiBuiltInKeywords.verifyElementNotPresent(WebUiBuiltInKeywords.groovy:1481)
	at com.kms.katalon.core.webui.keyword.WebUiBuiltInKeywords$verifyElementNotPresent$8.call(Unknown Source)
	at GetBrokSumPriceDaily.run(GetBrokSumPriceDaily:414)
	at com.kms.katalon.core.main.ScriptEngine.run(ScriptEngine.java:194)
	at com.kms.katalon.core.main.ScriptEngine.runScriptAsRawText(ScriptEngine.java:119)
	at com.kms.katalon.core.main.TestCaseExecutor.runScript(TestCaseExecutor.java:445)
	at com.kms.katalon.core.main.TestCaseExecutor.doExecute(TestCaseExecutor.java:436)
	at com.kms.katalon.core.main.TestCaseExecutor.processExecutionPhase(TestCaseExecutor.java:415)
	at com.kms.katalon.core.main.TestCaseExecutor.accessMainPhase(TestCaseExecutor.java:407)
	at com.kms.katalon.core.main.TestCaseExecutor.execute(TestCaseExecutor.java:284)
	at com.kms.katalon.core.common.CommonExecutor.accessTestCaseMainPhase(CommonExecutor.java:65)
	at com.kms.katalon.core.main.TestSuiteExecutor.accessTestSuiteMainPhase(TestSuiteExecutor.java:144)
	at com.kms.katalon.core.main.TestSuiteExecutor.execute(TestSuiteExecutor.java:106)
	at com.kms.katalon.core.main.TestCaseMain.startTestSuite(TestCaseMain.java:185)
	at com.kms.katalon.core.main.TestCaseMain$startTestSuite$0.call(Unknown Source)
	at TempTestSuite1705920083951.run(TempTestSuite1705920083951.groovy:36)
)
[[ATTACHMENT|C:\\Users\\Fadli\\git\\KatalonDailyGetData2\\Reports\\20240122_174123\\TS1\\20240122_174123\\1705921342489.png]]

2024-01-22 18:02:22 - [TEST_STEP][PASSED] - else: null

2024-01-22 18:02:22 - [TEST_STEP][PASSED] - strSeller3 = getText(findTestObject("Stockbit/Bandarmology_Seller3")): Text of object 'Object Repository/Stockbit/Bandarmology_Seller3' is: 'XL'

2024-01-22 18:02:22 - [MESSAGE][PASSED] - Text of object 'Object Repository/Stockbit/Bandarmology_Seller3' is: 'XL'

2024-01-22 18:02:22 - [TEST_STEP][PASSED] - strSellerVol3 = getText(findTestObject("Stockbit/Bandarmology_SellerVol3")): Text of object 'Object Repository/Stockbit/Bandarmology_SellerVol3' is: '626'

2024-01-22 18:02:22 - [MESSAGE][PASSED] - Text of object 'Object Repository/Stockbit/Bandarmology_SellerVol3' is: '626'

2024-01-22 18:02:22 - [TEST_STEP][PASSED] - strSellerAvg3 = getText(findTestObject("Stockbit/Bandarmology_SellerAvg3")): Text of object 'Object Repository/Stockbit/Bandarmology_SellerAvg3' is: '499'

2024-01-22 18:02:23 - [MESSAGE][PASSED] - Text of object 'Object Repository/Stockbit/Bandarmology_SellerAvg3' is: '499'

2024-01-22 18:02:23 - [TEST_STEP][PASSED] - if (strSeller3 != ""): null

2024-01-22 18:02:23 - [TEST_STEP][PASSED] - if (strSellerAvg3.contains(",")): null

2024-01-22 18:02:23 - [TEST_STEP][PASSED] - if (strSellerVol3.contains(" B")): null

2024-01-22 18:02:23 - [TEST_STEP][PASSED] - strAccDist = getText(findTestObject("Stockbit/Bandarmology_AccDist")): Text of object 'Object Repository/Stockbit/Bandarmology_AccDist' is: 'Dist'

2024-01-22 18:02:23 - [MESSAGE][PASSED] - Text of object 'Object Repository/Stockbit/Bandarmology_AccDist' is: 'Dist'

2024-01-22 18:02:23 - [TEST_STEP][PASSED] - strNetVol = getText(findTestObject("Stockbit/Bandarmology_NetVol")): Text of object 'Object Repository/Stockbit/Bandarmology_NetVol' is: '48,897'

2024-01-22 18:02:23 - [MESSAGE][PASSED] - Text of object 'Object Repository/Stockbit/Bandarmology_NetVol' is: '48,897'

2024-01-22 18:02:23 - [TEST_STEP][PASSED] - strNetVol = strNetVol.replace(",", ""): null

2024-01-22 18:02:23 - [TEST_STEP][PASSED] - strNetVal = getText(findTestObject("Stockbit/Bandarmology_NetVal")): Text of object 'Object Repository/Stockbit/Bandarmology_NetVal' is: '2.4 B'

2024-01-22 18:02:23 - [MESSAGE][PASSED] - Text of object 'Object Repository/Stockbit/Bandarmology_NetVal' is: '2.4 B'

2024-01-22 18:02:23 - [TEST_STEP][PASSED] - delay(3): Delayed 3 second(s)

2024-01-22 18:02:26 - [MESSAGE][PASSED] - Delayed 3 second(s)

2024-01-22 18:02:26 - [TEST_STEP][PASSED] - strOpenPrice = getText(findTestObject("Stockbit/Home_OpenPrice")): Text of object 'Object Repository/Stockbit/Home_OpenPrice' is: '510'

2024-01-22 18:02:26 - [MESSAGE][PASSED] - Text of object 'Object Repository/Stockbit/Home_OpenPrice' is: '510'

2024-01-22 18:02:26 - [TEST_STEP][PASSED] - strOpenPrice = strOpenPrice.replace(",", ""): null

2024-01-22 18:02:26 - [TEST_STEP][PASSED] - strLowPrice = getText(findTestObject("Stockbit/Home_LowPrice")): Text of object 'Object Repository/Stockbit/Home_LowPrice' is: '492'

2024-01-22 18:02:26 - [MESSAGE][PASSED] - Text of object 'Object Repository/Stockbit/Home_LowPrice' is: '492'

2024-01-22 18:02:26 - [TEST_STEP][PASSED] - strLowPrice = strLowPrice.replace(",", ""): null

2024-01-22 18:02:26 - [TEST_STEP][PASSED] - strHighPrice = getText(findTestObject("Stockbit/Home_HighPrice")): Text of object 'Object Repository/Stockbit/Home_HighPrice' is: '515'

2024-01-22 18:02:27 - [MESSAGE][PASSED] - Text of object 'Object Repository/Stockbit/Home_HighPrice' is: '515'

2024-01-22 18:02:27 - [TEST_STEP][PASSED] - strHighPrice = strHighPrice.replace(",", ""): null

2024-01-22 18:02:27 - [TEST_STEP][PASSED] - strClosePrice = getText(findTestObject("Stockbit/Home_ClosePrice")): Text of object 'Object Repository/Stockbit/Home_ClosePrice' is: '500'

2024-01-22 18:02:27 - [MESSAGE][PASSED] - Text of object 'Object Repository/Stockbit/Home_ClosePrice' is: '500'

2024-01-22 18:02:27 - [TEST_STEP][PASSED] - strClosePrice = strClosePrice.replace(",", ""): null

2024-01-22 18:02:27 - [TEST_STEP][PASSED] - strVol = getText(findTestObject("Stockbit/Home_Volume")): Text of object 'Object Repository/Stockbit/Home_Volume' is: '84 K'

2024-01-22 18:02:27 - [MESSAGE][PASSED] - Text of object 'Object Repository/Stockbit/Home_Volume' is: '84 K'

2024-01-22 18:02:27 - [TEST_STEP][PASSED] - if (strVol.contains(" K")): null

2024-01-22 18:02:27 - [TEST_STEP][PASSED] - strVol = strVol.replace(" K", "000"): null

2024-01-22 18:02:27 - [TEST_STEP][PASSED] - if (strVol.contains(",")): null

2024-01-22 18:02:27 - [TEST_STEP][PASSED] - strChange = getText(findTestObject("Stockbit/Home_Change")): Text of object 'Object Repository/Stockbit/Home_Change' is: '-1.96%'

2024-01-22 18:02:27 - [MESSAGE][PASSED] - Text of object 'Object Repository/Stockbit/Home_Change' is: '-1.96%'

2024-01-22 18:02:27 - [TEST_STEP][PASSED] - strChange = strChange.replace("%", ""): null

2024-01-22 18:02:27 - [TEST_STEP][PASSED] - strFreq = getText(findTestObject("Stockbit/Home_Freq")): Text of object 'Object Repository/Stockbit/Home_Freq' is: '1,075'

2024-01-22 18:02:27 - [MESSAGE][PASSED] - Text of object 'Object Repository/Stockbit/Home_Freq' is: '1,075'

2024-01-22 18:02:27 - [TEST_STEP][PASSED] - if (strFreq.contains(",")): null

2024-01-22 18:02:27 - [TEST_STEP][PASSED] - strFreq = strFreq.replace(",", ""): null

2024-01-22 18:02:27 - [TEST_STEP][PASSED] - if (strFreq == "NA" || strFreq == ""): null

2024-01-22 18:02:27 - [TEST_STEP][PASSED] - else: null

2024-01-22 18:02:27 - [TEST_STEP][PASSED] - dblFreqAnal = strVol.toDouble() / strFreq.toDouble() * strFreq.toDouble() * strFreq.toDouble() * 100000000: null

2024-01-22 18:02:27 - [TEST_STEP][PASSED] - strFreqAnal = String.format("%.4f", dblFreqAnal): null

2024-01-22 18:02:27 - [TEST_STEP][PASSED] - out.println("Double strFreqAnal: " + strFreqAnal): null

2024-01-22 18:02:27 - [TEST_STEP][PASSED] - strTanggal = d.format(DateTimeFormatter.ofPattern("yyyy-MM-dd")): null

2024-01-22 18:02:27 - [TEST_STEP][PASSED] - strTanggal = "#" + strTanggal + "#": null

2024-01-22 18:02:27 - [TEST_STEP][PASSED] - strSQL = "select count(*) as JumBaris from TblBrokSum where Nama = '" + strNama + "' and Tanggal = " + strTanggal + "": null

2024-01-22 18:02:27 - [TEST_STEP][PASSED] - resultSet = statement.executeQuery(strSQL): null

2024-01-22 18:02:27 - [TEST_STEP][PASSED] - resultSet.next(): null

2024-01-22 18:02:27 - [TEST_STEP][PASSED] - intJumBaris = resultSet.getInt("JumBaris"): null

2024-01-22 18:02:27 - [TEST_STEP][PASSED] - if (intJumBaris > 0): null

2024-01-22 18:02:27 - [TEST_STEP][PASSED] - else: null

2024-01-22 18:02:27 - [TEST_STEP][PASSED] - try: null

2024-01-22 18:02:27 - [TEST_STEP][PASSED] - out.println("Insert data"): null

2024-01-22 18:02:27 - [TEST_STEP][PASSED] - strSQL = "insert into TblBrokSum (nama, tanggal, top1, top2, top3, AllBrokAvg, AccDist, AvgRP, " + "Buyer1, BuyerVal1, BuyerAvg1, Seller1, SellerVal1, SellerAvg1, Buyer2, BuyerVal2, BuyerAvg2, " + "Seller2, SellerVal2, SellerAvg2, Buyer3, BuyerVal3, BuyerAvg3, Seller3, SellerVal3, SellerAvg3, NetVol, NetVal, " + "OpenPrice, LowPrice, HighPrice, ClosePrice, Volume, Change, Frekuensi, FrekAnal) " + "values ('" + strNama + "', " + strTanggal + ", '" + strTop1 + "', '" + strTop3 + "', '" + strTop5 + "', " + "'" + strAllBrokAvg + "', '" + strAccDist + "', " + intAvgRP + ", '" + strBuyer1 + "', '" + strBuyerVol1 + "', " + strBuyerAvg1 + ", " + "'" + strSeller1 + "', '" + strSellerVol1 + "', " + strSellerAvg1 + ", '" + strBuyer2 + "', '" + strBuyerVol2 + "', " + strBuyerAvg2 + ", " + "'" + strSeller2 + "', '" + strSellerVol2 + "', " + strSellerAvg2 + ", '" + strBuyer3 + "', '" + strBuyerVol3 + "', " + strBuyerAvg3 + ", " + "'" + strSeller3 + "', '" + strSellerVol3 + "', " + strSellerAvg3 + ", " + strNetVol + ", '" + strNetVal + "', " + "" + strOpenPrice + ", " + strLowPrice + ", " + strHighPrice + ", " + strClosePrice + ", '" + strVol + "', " + strChange + ", " + strFreq + ", " + strFreqAnal + ");": null

2024-01-22 18:02:27 - [TEST_STEP][PASSED] - out.println("strSQL = " + strSQL): null

2024-01-22 18:02:27 - [TEST_STEP][PASSED] - statement.executeUpdate(strSQL): null

2024-01-22 18:02:27 - [TEST_STEP][PASSED] - setValueToCellByIndex(sheet01, rowIndex, 4, "DONE"): null

2024-01-22 18:02:27 - [TEST_STEP][PASSED] - saveWorkbook(excelFilePath, workbook01): null

2024-01-22 18:02:27 - [TEST_STEP][PASSED] - waitForElementClickable(findTestObject("Stockbit/menu_Bandarmology"), 10): Object 'Object Repository/Stockbit/menu_Bandarmology' is clickable

2024-01-22 18:02:27 - [MESSAGE][PASSED] - Object 'Object Repository/Stockbit/menu_Bandarmology' is clickable

2024-01-22 18:02:27 - [TEST_STEP][PASSED] - click(findTestObject("Stockbit/menu_Bandarmology")): Object: 'Object Repository/Stockbit/menu_Bandarmology' is clicked on

2024-01-22 18:02:28 - [MESSAGE][PASSED] - Object: 'Object Repository/Stockbit/menu_Bandarmology' is clicked on

2024-01-22 18:02:28 - [TEST_STEP][PASSED] - strTemp = "NA": null

2024-01-22 18:02:28 - [TEST_STEP][PASSED] - if (getCellValueByIndex(sheet01, rowIndex, 4) != "DONE"): Object: 'Object Repository/Stockbit/menu_Bandarmology' is clicked on

2024-01-22 18:02:28 - [TEST_STEP][PASSED] - strNama = getCellValueByIndex(sheet01, rowIndex, 0): null

2024-01-22 18:02:28 - [TEST_STEP][PASSED] - navigateToUrl("https://stockbit.com/#/symbol/" + strNama): Navigate to 'https://stockbit.com/#/symbol/BCIC' successfully

2024-01-22 18:02:30 - [MESSAGE][PASSED] - Navigate to 'https://stockbit.com/#/symbol/BCIC' successfully

2024-01-22 18:02:30 - [TEST_STEP][PASSED] - waitForElementClickable(findTestObject("Stockbit/menu_Bandarmology"), 10): Object 'Object Repository/Stockbit/menu_Bandarmology' is clickable

2024-01-22 18:02:30 - [MESSAGE][PASSED] - Object 'Object Repository/Stockbit/menu_Bandarmology' is clickable

2024-01-22 18:02:30 - [TEST_STEP][PASSED] - click(findTestObject("Stockbit/menu_Bandarmology")): Object: 'Object Repository/Stockbit/menu_Bandarmology' is clicked on

2024-01-22 18:02:31 - [MESSAGE][PASSED] - Object: 'Object Repository/Stockbit/menu_Bandarmology' is clicked on

2024-01-22 18:02:31 - [TEST_STEP][PASSED] - strTanggal = d.format(DateTimeFormatter.ofPattern("MMM dd, yyyy")): null

2024-01-22 18:02:31 - [TEST_STEP][PASSED] - strTanggal = d.format(ISO_DATE): null

2024-01-22 18:02:31 - [TEST_STEP][PASSED] - out.println("strTanggal = " + strTanggal): null

2024-01-22 18:02:31 - [TEST_STEP][PASSED] - out.println("strNama = " + strNama): null

2024-01-22 18:02:31 - [TEST_STEP][PASSED] - out.println("Baris ke = " + rowIndex): null

2024-01-22 18:02:31 - [TEST_STEP][PASSED] - click(findTestObject("Stockbit/input__BandarmologyOpenStartDate")): Object: 'Object Repository/Stockbit/input__BandarmologyOpenStartDate' is clicked on

2024-01-22 18:02:32 - [MESSAGE][PASSED] - Object: 'Object Repository/Stockbit/input__BandarmologyOpenStartDate' is clicked on

2024-01-22 18:02:32 - [TEST_STEP][PASSED] - sendKeys(findTestObject("Stockbit/input__BandarmologyOpenStartDate"), Keys.chord(CONTROL, "a")): Keys 'CONTROL + a' sent to object: 'Object Repository/Stockbit/input__BandarmologyOpenStartDate'

2024-01-22 18:02:33 - [MESSAGE][PASSED] - Keys 'CONTROL + a' sent to object: 'Object Repository/Stockbit/input__BandarmologyOpenStartDate'

2024-01-22 18:02:33 - [TEST_STEP][PASSED] - sendKeys(findTestObject("Stockbit/input__BandarmologyOpenStartDate"), Keys.chord(BACK_SPACE)): Keys 'BACK_SPACE + ' sent to object: 'Object Repository/Stockbit/input__BandarmologyOpenStartDate'

2024-01-22 18:02:34 - [MESSAGE][PASSED] - Keys 'BACK_SPACE + ' sent to object: 'Object Repository/Stockbit/input__BandarmologyOpenStartDate'

2024-01-22 18:02:34 - [TEST_STEP][PASSED] - setText(findTestObject("Stockbit/input__BandarmologyOpenStartDate"), strTanggal): Text '2024-01-22' is set on object 'Object Repository/Stockbit/input__BandarmologyOpenStartDate'

2024-01-22 18:02:34 - [MESSAGE][PASSED] - Text '2024-01-22' is set on object 'Object Repository/Stockbit/input__BandarmologyOpenStartDate'

2024-01-22 18:02:34 - [TEST_STEP][PASSED] - sendKeys(findTestObject("Stockbit/input__BandarmologyOpenStartDate"), Keys.chord(ENTER)): Keys 'ENTER + ' sent to object: 'Object Repository/Stockbit/input__BandarmologyOpenStartDate'

2024-01-22 18:02:35 - [MESSAGE][PASSED] - Keys 'ENTER + ' sent to object: 'Object Repository/Stockbit/input__BandarmologyOpenStartDate'

2024-01-22 18:02:35 - [TEST_STEP][PASSED] - click(findTestObject("Stockbit/input__BandarmologyOpenEndDate")): Object: 'Object Repository/Stockbit/input__BandarmologyOpenEndDate' is clicked on

2024-01-22 18:02:35 - [MESSAGE][PASSED] - Object: 'Object Repository/Stockbit/input__BandarmologyOpenEndDate' is clicked on

2024-01-22 18:02:35 - [TEST_STEP][PASSED] - sendKeys(findTestObject("Stockbit/input__BandarmologyOpenEndDate"), Keys.chord(CONTROL, "a")): Keys 'CONTROL + a' sent to object: 'Object Repository/Stockbit/input__BandarmologyOpenEndDate'

2024-01-22 18:02:36 - [MESSAGE][PASSED] - Keys 'CONTROL + a' sent to object: 'Object Repository/Stockbit/input__BandarmologyOpenEndDate'

2024-01-22 18:02:36 - [TEST_STEP][PASSED] - sendKeys(findTestObject("Stockbit/input__BandarmologyOpenEndDate"), Keys.chord(BACK_SPACE)): Keys 'BACK_SPACE + ' sent to object: 'Object Repository/Stockbit/input__BandarmologyOpenEndDate'

2024-01-22 18:02:36 - [MESSAGE][PASSED] - Keys 'BACK_SPACE + ' sent to object: 'Object Repository/Stockbit/input__BandarmologyOpenEndDate'

2024-01-22 18:02:36 - [TEST_STEP][PASSED] - setText(findTestObject("Stockbit/input__BandarmologyOpenEndDate"), strTanggal): Text '2024-01-22' is set on object 'Object Repository/Stockbit/input__BandarmologyOpenEndDate'

2024-01-22 18:02:37 - [MESSAGE][PASSED] - Text '2024-01-22' is set on object 'Object Repository/Stockbit/input__BandarmologyOpenEndDate'

2024-01-22 18:02:37 - [TEST_STEP][PASSED] - sendKeys(findTestObject("Stockbit/input__BandarmologyOpenEndDate"), Keys.chord(ENTER)): Keys 'ENTER + ' sent to object: 'Object Repository/Stockbit/input__BandarmologyOpenEndDate'

2024-01-22 18:02:38 - [MESSAGE][PASSED] - Keys 'ENTER + ' sent to object: 'Object Repository/Stockbit/input__BandarmologyOpenEndDate'

2024-01-22 18:02:38 - [TEST_STEP][PASSED] - delay(2): Delayed 2 second(s)

2024-01-22 18:02:40 - [MESSAGE][PASSED] - Delayed 2 second(s)

2024-01-22 18:02:40 - [TEST_STEP][PASSED] - strTemp = getText(findTestObject("Stockbit/Bandarmology_AvgRP")): Text of object 'Object Repository/Stockbit/Bandarmology_AvgRP' is: '120'

2024-01-22 18:02:40 - [MESSAGE][PASSED] - Text of object 'Object Repository/Stockbit/Bandarmology_AvgRP' is: '120'

2024-01-22 18:02:40 - [TEST_STEP][PASSED] - out.println("Bandarmology_AvgRP = " + strTemp): null

2024-01-22 18:02:40 - [TEST_STEP][PASSED] - if (strTemp != "0"): null

2024-01-22 18:02:40 - [TEST_STEP][PASSED] - strTop1 = getText(findTestObject("Stockbit/Bandarmology_Top1")): Text of object 'Object Repository/Stockbit/Bandarmology_Top1' is: 'Neutral'

2024-01-22 18:02:40 - [MESSAGE][PASSED] - Text of object 'Object Repository/Stockbit/Bandarmology_Top1' is: 'Neutral'

2024-01-22 18:02:40 - [TEST_STEP][PASSED] - strTop3 = getText(findTestObject("Stockbit/Bandarmology_Top3")): Text of object 'Object Repository/Stockbit/Bandarmology_Top3' is: 'Small Acc'

2024-01-22 18:02:40 - [MESSAGE][PASSED] - Text of object 'Object Repository/Stockbit/Bandarmology_Top3' is: 'Small Acc'

2024-01-22 18:02:40 - [TEST_STEP][PASSED] - strTop5 = getText(findTestObject("Stockbit/Bandarmology_Top5")): Text of object 'Object Repository/Stockbit/Bandarmology_Top5' is: 'Neutral'

2024-01-22 18:02:40 - [MESSAGE][PASSED] - Text of object 'Object Repository/Stockbit/Bandarmology_Top5' is: 'Neutral'

2024-01-22 18:02:40 - [TEST_STEP][PASSED] - strAllBrokAvg = getText(findTestObject("Stockbit/Bandarmology_TopAVG")): Text of object 'Object Repository/Stockbit/Bandarmology_TopAVG' is: 'Neutral'

2024-01-22 18:02:40 - [MESSAGE][PASSED] - Text of object 'Object Repository/Stockbit/Bandarmology_TopAVG' is: 'Neutral'

2024-01-22 18:02:40 - [TEST_STEP][PASSED] - strTemp = getText(findTestObject("Stockbit/Bandarmology_AvgRP")): Text of object 'Object Repository/Stockbit/Bandarmology_AvgRP' is: '120'

2024-01-22 18:02:41 - [MESSAGE][PASSED] - Text of object 'Object Repository/Stockbit/Bandarmology_AvgRP' is: '120'

2024-01-22 18:02:41 - [TEST_STEP][PASSED] - if (strTemp.contains(",")): null

2024-01-22 18:02:41 - [TEST_STEP][PASSED] - intAvgRP = strTemp.toInteger(): null

2024-01-22 18:02:41 - [TEST_STEP][PASSED] - strBuyer1 = getText(findTestObject("Stockbit/Bandarmology_Buyer1")): Text of object 'Object Repository/Stockbit/Bandarmology_Buyer1' is: 'XC'

2024-01-22 18:02:41 - [MESSAGE][PASSED] - Text of object 'Object Repository/Stockbit/Bandarmology_Buyer1' is: 'XC'

2024-01-22 18:02:41 - [TEST_STEP][PASSED] - strBuyerVol1 = getText(findTestObject("Stockbit/Bandarmology_BuyerVol1")): Text of object 'Object Repository/Stockbit/Bandarmology_BuyerVol1' is: '3.2 K'

2024-01-22 18:02:41 - [MESSAGE][PASSED] - Text of object 'Object Repository/Stockbit/Bandarmology_BuyerVol1' is: '3.2 K'

2024-01-22 18:02:41 - [TEST_STEP][PASSED] - strBuyerAvg1 = getText(findTestObject("Stockbit/Bandarmology_BuyerAvg1")): Text of object 'Object Repository/Stockbit/Bandarmology_BuyerAvg1' is: '120'

2024-01-22 18:02:41 - [MESSAGE][PASSED] - Text of object 'Object Repository/Stockbit/Bandarmology_BuyerAvg1' is: '120'

2024-01-22 18:02:41 - [TEST_STEP][PASSED] - if (strBuyerAvg1.contains(",")): null

2024-01-22 18:02:41 - [TEST_STEP][PASSED] - if (strBuyerVol1.contains(" B")): null

2024-01-22 18:02:41 - [TEST_STEP][PASSED] - else if (strBuyerVol1.contains(" M")): null

2024-01-22 18:02:41 - [TEST_STEP][PASSED] - else if (strBuyerVol1.contains(" K")): null

2024-01-22 18:02:41 - [TEST_STEP][PASSED] - strBuyerVol1 = strBuyerVol1.replace(" K", ""): null

2024-01-22 18:02:41 - [TEST_STEP][PASSED] - strBuyerVol1 = strBuyerVol1.toDouble() * 1000: null

2024-01-22 18:02:41 - [TEST_STEP][PASSED] - strSeller1 = getText(findTestObject("Stockbit/Bandarmology_Seller1")): Text of object 'Object Repository/Stockbit/Bandarmology_Seller1' is: 'YP'

2024-01-22 18:02:41 - [MESSAGE][PASSED] - Text of object 'Object Repository/Stockbit/Bandarmology_Seller1' is: 'YP'

2024-01-22 18:02:41 - [TEST_STEP][PASSED] - strSellerVol1 = getText(findTestObject("Stockbit/Bandarmology_SellerVol1")): Text of object 'Object Repository/Stockbit/Bandarmology_SellerVol1' is: '3.3 K'

2024-01-22 18:02:41 - [MESSAGE][PASSED] - Text of object 'Object Repository/Stockbit/Bandarmology_SellerVol1' is: '3.3 K'

2024-01-22 18:02:41 - [TEST_STEP][PASSED] - strSellerAvg1 = getText(findTestObject("Stockbit/Bandarmology_SellerAvg1")): Text of object 'Object Repository/Stockbit/Bandarmology_SellerAvg1' is: '120'

2024-01-22 18:02:41 - [MESSAGE][PASSED] - Text of object 'Object Repository/Stockbit/Bandarmology_SellerAvg1' is: '120'

2024-01-22 18:02:42 - [TEST_STEP][PASSED] - if (strSellerAvg1.contains(",")): null

2024-01-22 18:02:42 - [TEST_STEP][PASSED] - if (strSellerVol1.contains(" B")): null

2024-01-22 18:02:42 - [TEST_STEP][PASSED] - else if (strSellerVol1.contains(" M")): null

2024-01-22 18:02:42 - [TEST_STEP][PASSED] - else if (strSellerVol1.contains(" K")): null

2024-01-22 18:02:42 - [TEST_STEP][PASSED] - strSellerVol1 = strSellerVol1.replace(" K", ""): null

2024-01-22 18:02:42 - [TEST_STEP][PASSED] - strSellerVol1 = strSellerVol1.toDouble() * 1000: null

2024-01-22 18:02:42 - [TEST_STEP][PASSED] - if (verifyElementNotPresent(findTestObject("Stockbit/Bandarmology_Buyer2"), 1, OPTIONAL)): Web element with id: 'Object Repository/Stockbit/Bandarmology_Buyer2' located by 'By.xpath: //*[contains(@id, 'rc-tabs-')]/div[2]/div/div/div/div/div/div[2]/table/tbody/tr[3]/td[1]/p' is present after '1' second(s) (Root cause: com.kms.katalon.core.exception.StepFailedException: Web element with id: 'Object Repository/Stockbit/Bandarmology_Buyer2' located by 'By.xpath: //*[contains(@id, 'rc-tabs-')]/div[2]/div/div/div/div/div/div[2]/table/tbody/tr[3]/td[1]/p' is present after '1' second(s)
	at com.kms.katalon.core.webui.keyword.internal.WebUIKeywordMain.stepFailed(WebUIKeywordMain.groovy:64)
	at com.kms.katalon.core.webui.keyword.internal.WebUIKeywordMain$stepFailed$0.call(Unknown Source)
	at com.kms.katalon.core.webui.keyword.builtin.VerifyElementNotPresentKeyword$_verifyElementNotPresent_closure1.doCall(VerifyElementNotPresentKeyword.groovy:106)
	at com.kms.katalon.core.webui.keyword.builtin.VerifyElementNotPresentKeyword$_verifyElementNotPresent_closure1.doCall(VerifyElementNotPresentKeyword.groovy)
	at com.kms.katalon.core.webui.keyword.internal.WebUIKeywordMain.runKeyword(WebUIKeywordMain.groovy:20)
	at com.kms.katalon.core.webui.keyword.internal.WebUIKeywordMain$runKeyword.call(Unknown Source)
	at com.kms.katalon.core.webui.keyword.builtin.VerifyElementNotPresentKeyword.verifyElementNotPresent(VerifyElementNotPresentKeyword.groovy:117)
	at com.kms.katalon.core.webui.keyword.builtin.VerifyElementNotPresentKeyword.execute(VerifyElementNotPresentKeyword.groovy:68)
	at com.kms.katalon.core.keyword.internal.KeywordExecutor.executeKeywordForPlatform(KeywordExecutor.groovy:74)
	at com.kms.katalon.core.webui.keyword.WebUiBuiltInKeywords.verifyElementNotPresent(WebUiBuiltInKeywords.groovy:1481)
	at com.kms.katalon.core.webui.keyword.WebUiBuiltInKeywords$verifyElementNotPresent$8.call(Unknown Source)
	at GetBrokSumPriceDaily.run(GetBrokSumPriceDaily:258)
	at com.kms.katalon.core.main.ScriptEngine.run(ScriptEngine.java:194)
	at com.kms.katalon.core.main.ScriptEngine.runScriptAsRawText(ScriptEngine.java:119)
	at com.kms.katalon.core.main.TestCaseExecutor.runScript(TestCaseExecutor.java:445)
	at com.kms.katalon.core.main.TestCaseExecutor.doExecute(TestCaseExecutor.java:436)
	at com.kms.katalon.core.main.TestCaseExecutor.processExecutionPhase(TestCaseExecutor.java:415)
	at com.kms.katalon.core.main.TestCaseExecutor.accessMainPhase(TestCaseExecutor.java:407)
	at com.kms.katalon.core.main.TestCaseExecutor.execute(TestCaseExecutor.java:284)
	at com.kms.katalon.core.common.CommonExecutor.accessTestCaseMainPhase(CommonExecutor.java:65)
	at com.kms.katalon.core.main.TestSuiteExecutor.accessTestSuiteMainPhase(TestSuiteExecutor.java:144)
	at com.kms.katalon.core.main.TestSuiteExecutor.execute(TestSuiteExecutor.java:106)
	at com.kms.katalon.core.main.TestCaseMain.startTestSuite(TestCaseMain.java:185)
	at com.kms.katalon.core.main.TestCaseMain$startTestSuite$0.call(Unknown Source)
	at TempTestSuite1705920083951.run(TempTestSuite1705920083951.groovy:36)
)

2024-01-22 18:02:43 - [MESSAGE][WARNING] - Web element with id: 'Object Repository/Stockbit/Bandarmology_Buyer2' located by 'By.xpath: //*[contains(@id, 'rc-tabs-')]/div[2]/div/div/div/div/div/div[2]/table/tbody/tr[3]/td[1]/p' is present after '1' second(s) (Root cause: com.kms.katalon.core.exception.StepFailedException: Web element with id: 'Object Repository/Stockbit/Bandarmology_Buyer2' located by 'By.xpath: //*[contains(@id, 'rc-tabs-')]/div[2]/div/div/div/div/div/div[2]/table/tbody/tr[3]/td[1]/p' is present after '1' second(s)
	at com.kms.katalon.core.webui.keyword.internal.WebUIKeywordMain.stepFailed(WebUIKeywordMain.groovy:64)
	at com.kms.katalon.core.webui.keyword.internal.WebUIKeywordMain$stepFailed$0.call(Unknown Source)
	at com.kms.katalon.core.webui.keyword.builtin.VerifyElementNotPresentKeyword$_verifyElementNotPresent_closure1.doCall(VerifyElementNotPresentKeyword.groovy:106)
	at com.kms.katalon.core.webui.keyword.builtin.VerifyElementNotPresentKeyword$_verifyElementNotPresent_closure1.doCall(VerifyElementNotPresentKeyword.groovy)
	at com.kms.katalon.core.webui.keyword.internal.WebUIKeywordMain.runKeyword(WebUIKeywordMain.groovy:20)
	at com.kms.katalon.core.webui.keyword.internal.WebUIKeywordMain$runKeyword.call(Unknown Source)
	at com.kms.katalon.core.webui.keyword.builtin.VerifyElementNotPresentKeyword.verifyElementNotPresent(VerifyElementNotPresentKeyword.groovy:117)
	at com.kms.katalon.core.webui.keyword.builtin.VerifyElementNotPresentKeyword.execute(VerifyElementNotPresentKeyword.groovy:68)
	at com.kms.katalon.core.keyword.internal.KeywordExecutor.executeKeywordForPlatform(KeywordExecutor.groovy:74)
	at com.kms.katalon.core.webui.keyword.WebUiBuiltInKeywords.verifyElementNotPresent(WebUiBuiltInKeywords.groovy:1481)
	at com.kms.katalon.core.webui.keyword.WebUiBuiltInKeywords$verifyElementNotPresent$8.call(Unknown Source)
	at GetBrokSumPriceDaily.run(GetBrokSumPriceDaily:258)
	at com.kms.katalon.core.main.ScriptEngine.run(ScriptEngine.java:194)
	at com.kms.katalon.core.main.ScriptEngine.runScriptAsRawText(ScriptEngine.java:119)
	at com.kms.katalon.core.main.TestCaseExecutor.runScript(TestCaseExecutor.java:445)
	at com.kms.katalon.core.main.TestCaseExecutor.doExecute(TestCaseExecutor.java:436)
	at com.kms.katalon.core.main.TestCaseExecutor.processExecutionPhase(TestCaseExecutor.java:415)
	at com.kms.katalon.core.main.TestCaseExecutor.accessMainPhase(TestCaseExecutor.java:407)
	at com.kms.katalon.core.main.TestCaseExecutor.execute(TestCaseExecutor.java:284)
	at com.kms.katalon.core.common.CommonExecutor.accessTestCaseMainPhase(CommonExecutor.java:65)
	at com.kms.katalon.core.main.TestSuiteExecutor.accessTestSuiteMainPhase(TestSuiteExecutor.java:144)
	at com.kms.katalon.core.main.TestSuiteExecutor.execute(TestSuiteExecutor.java:106)
	at com.kms.katalon.core.main.TestCaseMain.startTestSuite(TestCaseMain.java:185)
	at com.kms.katalon.core.main.TestCaseMain$startTestSuite$0.call(Unknown Source)
	at TempTestSuite1705920083951.run(TempTestSuite1705920083951.groovy:36)
)
[[ATTACHMENT|C:\\Users\\Fadli\\git\\KatalonDailyGetData2\\Reports\\20240122_174123\\TS1\\20240122_174123\\1705921363251.png]]

2024-01-22 18:02:43 - [TEST_STEP][PASSED] - else: null

2024-01-22 18:02:43 - [TEST_STEP][PASSED] - strBuyer2 = getText(findTestObject("Stockbit/Bandarmology_Buyer2")): Text of object 'Object Repository/Stockbit/Bandarmology_Buyer2' is: 'AI'

2024-01-22 18:02:43 - [MESSAGE][PASSED] - Text of object 'Object Repository/Stockbit/Bandarmology_Buyer2' is: 'AI'

2024-01-22 18:02:43 - [TEST_STEP][PASSED] - strBuyerVol2 = getText(findTestObject("Stockbit/Bandarmology_BuyerVol2")): Text of object 'Object Repository/Stockbit/Bandarmology_BuyerVol2' is: '1 K'

2024-01-22 18:02:43 - [MESSAGE][PASSED] - Text of object 'Object Repository/Stockbit/Bandarmology_BuyerVol2' is: '1 K'

2024-01-22 18:02:43 - [TEST_STEP][PASSED] - strBuyerAvg2 = getText(findTestObject("Stockbit/Bandarmology_BuyerAvg2")): Text of object 'Object Repository/Stockbit/Bandarmology_BuyerAvg2' is: '120'

2024-01-22 18:02:43 - [MESSAGE][PASSED] - Text of object 'Object Repository/Stockbit/Bandarmology_BuyerAvg2' is: '120'

2024-01-22 18:02:43 - [TEST_STEP][PASSED] - if (strBuyer2 != ""): null

2024-01-22 18:02:43 - [TEST_STEP][PASSED] - if (strBuyerAvg2.contains(",")): null

2024-01-22 18:02:43 - [TEST_STEP][PASSED] - if (strBuyerVol2.contains(" B")): null

2024-01-22 18:02:43 - [TEST_STEP][PASSED] - else if (strBuyerVol2.contains(" M")): null

2024-01-22 18:02:43 - [TEST_STEP][PASSED] - else if (strBuyerVol2.contains(" K")): null

2024-01-22 18:02:43 - [TEST_STEP][PASSED] - strBuyerVol2 = strBuyerVol2.replace(" K", ""): null

2024-01-22 18:02:43 - [TEST_STEP][PASSED] - strBuyerVol2 = strBuyerVol2.toDouble() * 1000: null

2024-01-22 18:02:43 - [TEST_STEP][PASSED] - if (strBuyerVol2.contains(".")): null

2024-01-22 18:02:43 - [TEST_STEP][PASSED] - strBuyerVal2 = strBuyerVol2.replace(".", ""): null

2024-01-22 18:02:43 - [TEST_STEP][PASSED] - if (verifyElementNotPresent(findTestObject("Stockbit/Bandarmology_Seller2"), 1, OPTIONAL)): Web element with id: 'Object Repository/Stockbit/Bandarmology_Seller2' located by 'By.xpath: //*[contains(@id, 'rc-tabs-')]/div[2]/div/div/div/div/div/div[2]/table/tbody/tr[3]/td[5]/p' is present after '1' second(s) (Root cause: com.kms.katalon.core.exception.StepFailedException: Web element with id: 'Object Repository/Stockbit/Bandarmology_Seller2' located by 'By.xpath: //*[contains(@id, 'rc-tabs-')]/div[2]/div/div/div/div/div/div[2]/table/tbody/tr[3]/td[5]/p' is present after '1' second(s)
	at com.kms.katalon.core.webui.keyword.internal.WebUIKeywordMain.stepFailed(WebUIKeywordMain.groovy:64)
	at com.kms.katalon.core.webui.keyword.internal.WebUIKeywordMain$stepFailed$0.call(Unknown Source)
	at com.kms.katalon.core.webui.keyword.builtin.VerifyElementNotPresentKeyword$_verifyElementNotPresent_closure1.doCall(VerifyElementNotPresentKeyword.groovy:106)
	at com.kms.katalon.core.webui.keyword.builtin.VerifyElementNotPresentKeyword$_verifyElementNotPresent_closure1.doCall(VerifyElementNotPresentKeyword.groovy)
	at com.kms.katalon.core.webui.keyword.internal.WebUIKeywordMain.runKeyword(WebUIKeywordMain.groovy:20)
	at com.kms.katalon.core.webui.keyword.internal.WebUIKeywordMain$runKeyword.call(Unknown Source)
	at com.kms.katalon.core.webui.keyword.builtin.VerifyElementNotPresentKeyword.verifyElementNotPresent(VerifyElementNotPresentKeyword.groovy:117)
	at com.kms.katalon.core.webui.keyword.builtin.VerifyElementNotPresentKeyword.execute(VerifyElementNotPresentKeyword.groovy:68)
	at com.kms.katalon.core.keyword.internal.KeywordExecutor.executeKeywordForPlatform(KeywordExecutor.groovy:74)
	at com.kms.katalon.core.webui.keyword.WebUiBuiltInKeywords.verifyElementNotPresent(WebUiBuiltInKeywords.groovy:1481)
	at com.kms.katalon.core.webui.keyword.WebUiBuiltInKeywords$verifyElementNotPresent$8.call(Unknown Source)
	at GetBrokSumPriceDaily.run(GetBrokSumPriceDaily:309)
	at com.kms.katalon.core.main.ScriptEngine.run(ScriptEngine.java:194)
	at com.kms.katalon.core.main.ScriptEngine.runScriptAsRawText(ScriptEngine.java:119)
	at com.kms.katalon.core.main.TestCaseExecutor.runScript(TestCaseExecutor.java:445)
	at com.kms.katalon.core.main.TestCaseExecutor.doExecute(TestCaseExecutor.java:436)
	at com.kms.katalon.core.main.TestCaseExecutor.processExecutionPhase(TestCaseExecutor.java:415)
	at com.kms.katalon.core.main.TestCaseExecutor.accessMainPhase(TestCaseExecutor.java:407)
	at com.kms.katalon.core.main.TestCaseExecutor.execute(TestCaseExecutor.java:284)
	at com.kms.katalon.core.common.CommonExecutor.accessTestCaseMainPhase(CommonExecutor.java:65)
	at com.kms.katalon.core.main.TestSuiteExecutor.accessTestSuiteMainPhase(TestSuiteExecutor.java:144)
	at com.kms.katalon.core.main.TestSuiteExecutor.execute(TestSuiteExecutor.java:106)
	at com.kms.katalon.core.main.TestCaseMain.startTestSuite(TestCaseMain.java:185)
	at com.kms.katalon.core.main.TestCaseMain$startTestSuite$0.call(Unknown Source)
	at TempTestSuite1705920083951.run(TempTestSuite1705920083951.groovy:36)
)

2024-01-22 18:02:45 - [MESSAGE][WARNING] - Web element with id: 'Object Repository/Stockbit/Bandarmology_Seller2' located by 'By.xpath: //*[contains(@id, 'rc-tabs-')]/div[2]/div/div/div/div/div/div[2]/table/tbody/tr[3]/td[5]/p' is present after '1' second(s) (Root cause: com.kms.katalon.core.exception.StepFailedException: Web element with id: 'Object Repository/Stockbit/Bandarmology_Seller2' located by 'By.xpath: //*[contains(@id, 'rc-tabs-')]/div[2]/div/div/div/div/div/div[2]/table/tbody/tr[3]/td[5]/p' is present after '1' second(s)
	at com.kms.katalon.core.webui.keyword.internal.WebUIKeywordMain.stepFailed(WebUIKeywordMain.groovy:64)
	at com.kms.katalon.core.webui.keyword.internal.WebUIKeywordMain$stepFailed$0.call(Unknown Source)
	at com.kms.katalon.core.webui.keyword.builtin.VerifyElementNotPresentKeyword$_verifyElementNotPresent_closure1.doCall(VerifyElementNotPresentKeyword.groovy:106)
	at com.kms.katalon.core.webui.keyword.builtin.VerifyElementNotPresentKeyword$_verifyElementNotPresent_closure1.doCall(VerifyElementNotPresentKeyword.groovy)
	at com.kms.katalon.core.webui.keyword.internal.WebUIKeywordMain.runKeyword(WebUIKeywordMain.groovy:20)
	at com.kms.katalon.core.webui.keyword.internal.WebUIKeywordMain$runKeyword.call(Unknown Source)
	at com.kms.katalon.core.webui.keyword.builtin.VerifyElementNotPresentKeyword.verifyElementNotPresent(VerifyElementNotPresentKeyword.groovy:117)
	at com.kms.katalon.core.webui.keyword.builtin.VerifyElementNotPresentKeyword.execute(VerifyElementNotPresentKeyword.groovy:68)
	at com.kms.katalon.core.keyword.internal.KeywordExecutor.executeKeywordForPlatform(KeywordExecutor.groovy:74)
	at com.kms.katalon.core.webui.keyword.WebUiBuiltInKeywords.verifyElementNotPresent(WebUiBuiltInKeywords.groovy:1481)
	at com.kms.katalon.core.webui.keyword.WebUiBuiltInKeywords$verifyElementNotPresent$8.call(Unknown Source)
	at GetBrokSumPriceDaily.run(GetBrokSumPriceDaily:309)
	at com.kms.katalon.core.main.ScriptEngine.run(ScriptEngine.java:194)
	at com.kms.katalon.core.main.ScriptEngine.runScriptAsRawText(ScriptEngine.java:119)
	at com.kms.katalon.core.main.TestCaseExecutor.runScript(TestCaseExecutor.java:445)
	at com.kms.katalon.core.main.TestCaseExecutor.doExecute(TestCaseExecutor.java:436)
	at com.kms.katalon.core.main.TestCaseExecutor.processExecutionPhase(TestCaseExecutor.java:415)
	at com.kms.katalon.core.main.TestCaseExecutor.accessMainPhase(TestCaseExecutor.java:407)
	at com.kms.katalon.core.main.TestCaseExecutor.execute(TestCaseExecutor.java:284)
	at com.kms.katalon.core.common.CommonExecutor.accessTestCaseMainPhase(CommonExecutor.java:65)
	at com.kms.katalon.core.main.TestSuiteExecutor.accessTestSuiteMainPhase(TestSuiteExecutor.java:144)
	at com.kms.katalon.core.main.TestSuiteExecutor.execute(TestSuiteExecutor.java:106)
	at com.kms.katalon.core.main.TestCaseMain.startTestSuite(TestCaseMain.java:185)
	at com.kms.katalon.core.main.TestCaseMain$startTestSuite$0.call(Unknown Source)
	at TempTestSuite1705920083951.run(TempTestSuite1705920083951.groovy:36)
)
[[ATTACHMENT|C:\\Users\\Fadli\\git\\KatalonDailyGetData2\\Reports\\20240122_174123\\TS1\\20240122_174123\\1705921365150.png]]

2024-01-22 18:02:45 - [TEST_STEP][PASSED] - else: null

2024-01-22 18:02:45 - [TEST_STEP][PASSED] - strSeller2 = getText(findTestObject("Stockbit/Bandarmology_Seller2")): Text of object 'Object Repository/Stockbit/Bandarmology_Seller2' is: 'NI'

2024-01-22 18:02:45 - [MESSAGE][PASSED] - Text of object 'Object Repository/Stockbit/Bandarmology_Seller2' is: 'NI'

2024-01-22 18:02:45 - [TEST_STEP][PASSED] - strSellerVol2 = getText(findTestObject("Stockbit/Bandarmology_SellerVol2")): Text of object 'Object Repository/Stockbit/Bandarmology_SellerVol2' is: '559'

2024-01-22 18:02:45 - [MESSAGE][PASSED] - Text of object 'Object Repository/Stockbit/Bandarmology_SellerVol2' is: '559'

2024-01-22 18:02:45 - [TEST_STEP][PASSED] - strSellerAvg2 = getText(findTestObject("Stockbit/Bandarmology_SellerAvg2")): Text of object 'Object Repository/Stockbit/Bandarmology_SellerAvg2' is: '120'

2024-01-22 18:02:45 - [MESSAGE][PASSED] - Text of object 'Object Repository/Stockbit/Bandarmology_SellerAvg2' is: '120'

2024-01-22 18:02:45 - [TEST_STEP][PASSED] - if (strSeller2 != ""): null

2024-01-22 18:02:45 - [TEST_STEP][PASSED] - if (strSellerAvg2.contains(",")): null

2024-01-22 18:02:45 - [TEST_STEP][PASSED] - if (strSellerVol2.contains(" B")): null

2024-01-22 18:02:45 - [TEST_STEP][PASSED] - if (verifyElementNotPresent(findTestObject("Stockbit/Bandarmology_Buyer3"), 1, OPTIONAL)): Web element with id: 'Object Repository/Stockbit/Bandarmology_Buyer3' located by 'By.xpath: //*[contains(@id, 'rc-tabs-')]/div[2]/div/div/div/div/div/div[2]/table/tbody/tr[4]/td[1]/p' is present after '1' second(s) (Root cause: com.kms.katalon.core.exception.StepFailedException: Web element with id: 'Object Repository/Stockbit/Bandarmology_Buyer3' located by 'By.xpath: //*[contains(@id, 'rc-tabs-')]/div[2]/div/div/div/div/div/div[2]/table/tbody/tr[4]/td[1]/p' is present after '1' second(s)
	at com.kms.katalon.core.webui.keyword.internal.WebUIKeywordMain.stepFailed(WebUIKeywordMain.groovy:64)
	at com.kms.katalon.core.webui.keyword.internal.WebUIKeywordMain$stepFailed$0.call(Unknown Source)
	at com.kms.katalon.core.webui.keyword.builtin.VerifyElementNotPresentKeyword$_verifyElementNotPresent_closure1.doCall(VerifyElementNotPresentKeyword.groovy:106)
	at com.kms.katalon.core.webui.keyword.builtin.VerifyElementNotPresentKeyword$_verifyElementNotPresent_closure1.doCall(VerifyElementNotPresentKeyword.groovy)
	at com.kms.katalon.core.webui.keyword.internal.WebUIKeywordMain.runKeyword(WebUIKeywordMain.groovy:20)
	at com.kms.katalon.core.webui.keyword.internal.WebUIKeywordMain$runKeyword.call(Unknown Source)
	at com.kms.katalon.core.webui.keyword.builtin.VerifyElementNotPresentKeyword.verifyElementNotPresent(VerifyElementNotPresentKeyword.groovy:117)
	at com.kms.katalon.core.webui.keyword.builtin.VerifyElementNotPresentKeyword.execute(VerifyElementNotPresentKeyword.groovy:68)
	at com.kms.katalon.core.keyword.internal.KeywordExecutor.executeKeywordForPlatform(KeywordExecutor.groovy:74)
	at com.kms.katalon.core.webui.keyword.WebUiBuiltInKeywords.verifyElementNotPresent(WebUiBuiltInKeywords.groovy:1481)
	at com.kms.katalon.core.webui.keyword.WebUiBuiltInKeywords$verifyElementNotPresent$8.call(Unknown Source)
	at GetBrokSumPriceDaily.run(GetBrokSumPriceDaily:361)
	at com.kms.katalon.core.main.ScriptEngine.run(ScriptEngine.java:194)
	at com.kms.katalon.core.main.ScriptEngine.runScriptAsRawText(ScriptEngine.java:119)
	at com.kms.katalon.core.main.TestCaseExecutor.runScript(TestCaseExecutor.java:445)
	at com.kms.katalon.core.main.TestCaseExecutor.doExecute(TestCaseExecutor.java:436)
	at com.kms.katalon.core.main.TestCaseExecutor.processExecutionPhase(TestCaseExecutor.java:415)
	at com.kms.katalon.core.main.TestCaseExecutor.accessMainPhase(TestCaseExecutor.java:407)
	at com.kms.katalon.core.main.TestCaseExecutor.execute(TestCaseExecutor.java:284)
	at com.kms.katalon.core.common.CommonExecutor.accessTestCaseMainPhase(CommonExecutor.java:65)
	at com.kms.katalon.core.main.TestSuiteExecutor.accessTestSuiteMainPhase(TestSuiteExecutor.java:144)
	at com.kms.katalon.core.main.TestSuiteExecutor.execute(TestSuiteExecutor.java:106)
	at com.kms.katalon.core.main.TestCaseMain.startTestSuite(TestCaseMain.java:185)
	at com.kms.katalon.core.main.TestCaseMain$startTestSuite$0.call(Unknown Source)
	at TempTestSuite1705920083951.run(TempTestSuite1705920083951.groovy:36)
)

2024-01-22 18:02:47 - [MESSAGE][WARNING] - Web element with id: 'Object Repository/Stockbit/Bandarmology_Buyer3' located by 'By.xpath: //*[contains(@id, 'rc-tabs-')]/div[2]/div/div/div/div/div/div[2]/table/tbody/tr[4]/td[1]/p' is present after '1' second(s) (Root cause: com.kms.katalon.core.exception.StepFailedException: Web element with id: 'Object Repository/Stockbit/Bandarmology_Buyer3' located by 'By.xpath: //*[contains(@id, 'rc-tabs-')]/div[2]/div/div/div/div/div/div[2]/table/tbody/tr[4]/td[1]/p' is present after '1' second(s)
	at com.kms.katalon.core.webui.keyword.internal.WebUIKeywordMain.stepFailed(WebUIKeywordMain.groovy:64)
	at com.kms.katalon.core.webui.keyword.internal.WebUIKeywordMain$stepFailed$0.call(Unknown Source)
	at com.kms.katalon.core.webui.keyword.builtin.VerifyElementNotPresentKeyword$_verifyElementNotPresent_closure1.doCall(VerifyElementNotPresentKeyword.groovy:106)
	at com.kms.katalon.core.webui.keyword.builtin.VerifyElementNotPresentKeyword$_verifyElementNotPresent_closure1.doCall(VerifyElementNotPresentKeyword.groovy)
	at com.kms.katalon.core.webui.keyword.internal.WebUIKeywordMain.runKeyword(WebUIKeywordMain.groovy:20)
	at com.kms.katalon.core.webui.keyword.internal.WebUIKeywordMain$runKeyword.call(Unknown Source)
	at com.kms.katalon.core.webui.keyword.builtin.VerifyElementNotPresentKeyword.verifyElementNotPresent(VerifyElementNotPresentKeyword.groovy:117)
	at com.kms.katalon.core.webui.keyword.builtin.VerifyElementNotPresentKeyword.execute(VerifyElementNotPresentKeyword.groovy:68)
	at com.kms.katalon.core.keyword.internal.KeywordExecutor.executeKeywordForPlatform(KeywordExecutor.groovy:74)
	at com.kms.katalon.core.webui.keyword.WebUiBuiltInKeywords.verifyElementNotPresent(WebUiBuiltInKeywords.groovy:1481)
	at com.kms.katalon.core.webui.keyword.WebUiBuiltInKeywords$verifyElementNotPresent$8.call(Unknown Source)
	at GetBrokSumPriceDaily.run(GetBrokSumPriceDaily:361)
	at com.kms.katalon.core.main.ScriptEngine.run(ScriptEngine.java:194)
	at com.kms.katalon.core.main.ScriptEngine.runScriptAsRawText(ScriptEngine.java:119)
	at com.kms.katalon.core.main.TestCaseExecutor.runScript(TestCaseExecutor.java:445)
	at com.kms.katalon.core.main.TestCaseExecutor.doExecute(TestCaseExecutor.java:436)
	at com.kms.katalon.core.main.TestCaseExecutor.processExecutionPhase(TestCaseExecutor.java:415)
	at com.kms.katalon.core.main.TestCaseExecutor.accessMainPhase(TestCaseExecutor.java:407)
	at com.kms.katalon.core.main.TestCaseExecutor.execute(TestCaseExecutor.java:284)
	at com.kms.katalon.core.common.CommonExecutor.accessTestCaseMainPhase(CommonExecutor.java:65)
	at com.kms.katalon.core.main.TestSuiteExecutor.accessTestSuiteMainPhase(TestSuiteExecutor.java:144)
	at com.kms.katalon.core.main.TestSuiteExecutor.execute(TestSuiteExecutor.java:106)
	at com.kms.katalon.core.main.TestCaseMain.startTestSuite(TestCaseMain.java:185)
	at com.kms.katalon.core.main.TestCaseMain$startTestSuite$0.call(Unknown Source)
	at TempTestSuite1705920083951.run(TempTestSuite1705920083951.groovy:36)
)
[[ATTACHMENT|C:\\Users\\Fadli\\git\\KatalonDailyGetData2\\Reports\\20240122_174123\\TS1\\20240122_174123\\1705921367055.png]]

2024-01-22 18:02:47 - [TEST_STEP][PASSED] - else: null

2024-01-22 18:02:47 - [TEST_STEP][PASSED] - strBuyer3 = getText(findTestObject("Stockbit/Bandarmology_Buyer3")): Text of object 'Object Repository/Stockbit/Bandarmology_Buyer3' is: 'CP'

2024-01-22 18:02:47 - [MESSAGE][PASSED] - Text of object 'Object Repository/Stockbit/Bandarmology_Buyer3' is: 'CP'

2024-01-22 18:02:47 - [TEST_STEP][PASSED] - strBuyerVol3 = getText(findTestObject("Stockbit/Bandarmology_BuyerVol3")): Text of object 'Object Repository/Stockbit/Bandarmology_BuyerVol3' is: '500'

2024-01-22 18:02:47 - [MESSAGE][PASSED] - Text of object 'Object Repository/Stockbit/Bandarmology_BuyerVol3' is: '500'

2024-01-22 18:02:47 - [TEST_STEP][PASSED] - strBuyerAvg3 = getText(findTestObject("Stockbit/Bandarmology_BuyerAvg3")): Text of object 'Object Repository/Stockbit/Bandarmology_BuyerAvg3' is: '121'

2024-01-22 18:02:47 - [MESSAGE][PASSED] - Text of object 'Object Repository/Stockbit/Bandarmology_BuyerAvg3' is: '121'

2024-01-22 18:02:47 - [TEST_STEP][PASSED] - if (strBuyer3 != ""): null

2024-01-22 18:02:47 - [TEST_STEP][PASSED] - if (strBuyerAvg3.contains(",")): null

2024-01-22 18:02:47 - [TEST_STEP][PASSED] - if (strBuyerVol3.contains(" B")): null

2024-01-22 18:02:47 - [TEST_STEP][PASSED] - if (verifyElementNotPresent(findTestObject("Stockbit/Bandarmology_Seller3"), 1, OPTIONAL)): Web element with id: 'Object Repository/Stockbit/Bandarmology_Seller3' located by 'By.xpath: //*[contains(@id, 'rc-tabs-')]/div[2]/div/div/div/div/div/div[2]/table/tbody/tr[4]/td[5]/p' is present after '1' second(s) (Root cause: com.kms.katalon.core.exception.StepFailedException: Web element with id: 'Object Repository/Stockbit/Bandarmology_Seller3' located by 'By.xpath: //*[contains(@id, 'rc-tabs-')]/div[2]/div/div/div/div/div/div[2]/table/tbody/tr[4]/td[5]/p' is present after '1' second(s)
	at com.kms.katalon.core.webui.keyword.internal.WebUIKeywordMain.stepFailed(WebUIKeywordMain.groovy:64)
	at com.kms.katalon.core.webui.keyword.internal.WebUIKeywordMain$stepFailed$0.call(Unknown Source)
	at com.kms.katalon.core.webui.keyword.builtin.VerifyElementNotPresentKeyword$_verifyElementNotPresent_closure1.doCall(VerifyElementNotPresentKeyword.groovy:106)
	at com.kms.katalon.core.webui.keyword.builtin.VerifyElementNotPresentKeyword$_verifyElementNotPresent_closure1.doCall(VerifyElementNotPresentKeyword.groovy)
	at com.kms.katalon.core.webui.keyword.internal.WebUIKeywordMain.runKeyword(WebUIKeywordMain.groovy:20)
	at com.kms.katalon.core.webui.keyword.internal.WebUIKeywordMain$runKeyword.call(Unknown Source)
	at com.kms.katalon.core.webui.keyword.builtin.VerifyElementNotPresentKeyword.verifyElementNotPresent(VerifyElementNotPresentKeyword.groovy:117)
	at com.kms.katalon.core.webui.keyword.builtin.VerifyElementNotPresentKeyword.execute(VerifyElementNotPresentKeyword.groovy:68)
	at com.kms.katalon.core.keyword.internal.KeywordExecutor.executeKeywordForPlatform(KeywordExecutor.groovy:74)
	at com.kms.katalon.core.webui.keyword.WebUiBuiltInKeywords.verifyElementNotPresent(WebUiBuiltInKeywords.groovy:1481)
	at com.kms.katalon.core.webui.keyword.WebUiBuiltInKeywords$verifyElementNotPresent$8.call(Unknown Source)
	at GetBrokSumPriceDaily.run(GetBrokSumPriceDaily:414)
	at com.kms.katalon.core.main.ScriptEngine.run(ScriptEngine.java:194)
	at com.kms.katalon.core.main.ScriptEngine.runScriptAsRawText(ScriptEngine.java:119)
	at com.kms.katalon.core.main.TestCaseExecutor.runScript(TestCaseExecutor.java:445)
	at com.kms.katalon.core.main.TestCaseExecutor.doExecute(TestCaseExecutor.java:436)
	at com.kms.katalon.core.main.TestCaseExecutor.processExecutionPhase(TestCaseExecutor.java:415)
	at com.kms.katalon.core.main.TestCaseExecutor.accessMainPhase(TestCaseExecutor.java:407)
	at com.kms.katalon.core.main.TestCaseExecutor.execute(TestCaseExecutor.java:284)
	at com.kms.katalon.core.common.CommonExecutor.accessTestCaseMainPhase(CommonExecutor.java:65)
	at com.kms.katalon.core.main.TestSuiteExecutor.accessTestSuiteMainPhase(TestSuiteExecutor.java:144)
	at com.kms.katalon.core.main.TestSuiteExecutor.execute(TestSuiteExecutor.java:106)
	at com.kms.katalon.core.main.TestCaseMain.startTestSuite(TestCaseMain.java:185)
	at com.kms.katalon.core.main.TestCaseMain$startTestSuite$0.call(Unknown Source)
	at TempTestSuite1705920083951.run(TempTestSuite1705920083951.groovy:36)
)

2024-01-22 18:02:49 - [MESSAGE][WARNING] - Web element with id: 'Object Repository/Stockbit/Bandarmology_Seller3' located by 'By.xpath: //*[contains(@id, 'rc-tabs-')]/div[2]/div/div/div/div/div/div[2]/table/tbody/tr[4]/td[5]/p' is present after '1' second(s) (Root cause: com.kms.katalon.core.exception.StepFailedException: Web element with id: 'Object Repository/Stockbit/Bandarmology_Seller3' located by 'By.xpath: //*[contains(@id, 'rc-tabs-')]/div[2]/div/div/div/div/div/div[2]/table/tbody/tr[4]/td[5]/p' is present after '1' second(s)
	at com.kms.katalon.core.webui.keyword.internal.WebUIKeywordMain.stepFailed(WebUIKeywordMain.groovy:64)
	at com.kms.katalon.core.webui.keyword.internal.WebUIKeywordMain$stepFailed$0.call(Unknown Source)
	at com.kms.katalon.core.webui.keyword.builtin.VerifyElementNotPresentKeyword$_verifyElementNotPresent_closure1.doCall(VerifyElementNotPresentKeyword.groovy:106)
	at com.kms.katalon.core.webui.keyword.builtin.VerifyElementNotPresentKeyword$_verifyElementNotPresent_closure1.doCall(VerifyElementNotPresentKeyword.groovy)
	at com.kms.katalon.core.webui.keyword.internal.WebUIKeywordMain.runKeyword(WebUIKeywordMain.groovy:20)
	at com.kms.katalon.core.webui.keyword.internal.WebUIKeywordMain$runKeyword.call(Unknown Source)
	at com.kms.katalon.core.webui.keyword.builtin.VerifyElementNotPresentKeyword.verifyElementNotPresent(VerifyElementNotPresentKeyword.groovy:117)
	at com.kms.katalon.core.webui.keyword.builtin.VerifyElementNotPresentKeyword.execute(VerifyElementNotPresentKeyword.groovy:68)
	at com.kms.katalon.core.keyword.internal.KeywordExecutor.executeKeywordForPlatform(KeywordExecutor.groovy:74)
	at com.kms.katalon.core.webui.keyword.WebUiBuiltInKeywords.verifyElementNotPresent(WebUiBuiltInKeywords.groovy:1481)
	at com.kms.katalon.core.webui.keyword.WebUiBuiltInKeywords$verifyElementNotPresent$8.call(Unknown Source)
	at GetBrokSumPriceDaily.run(GetBrokSumPriceDaily:414)
	at com.kms.katalon.core.main.ScriptEngine.run(ScriptEngine.java:194)
	at com.kms.katalon.core.main.ScriptEngine.runScriptAsRawText(ScriptEngine.java:119)
	at com.kms.katalon.core.main.TestCaseExecutor.runScript(TestCaseExecutor.java:445)
	at com.kms.katalon.core.main.TestCaseExecutor.doExecute(TestCaseExecutor.java:436)
	at com.kms.katalon.core.main.TestCaseExecutor.processExecutionPhase(TestCaseExecutor.java:415)
	at com.kms.katalon.core.main.TestCaseExecutor.accessMainPhase(TestCaseExecutor.java:407)
	at com.kms.katalon.core.main.TestCaseExecutor.execute(TestCaseExecutor.java:284)
	at com.kms.katalon.core.common.CommonExecutor.accessTestCaseMainPhase(CommonExecutor.java:65)
	at com.kms.katalon.core.main.TestSuiteExecutor.accessTestSuiteMainPhase(TestSuiteExecutor.java:144)
	at com.kms.katalon.core.main.TestSuiteExecutor.execute(TestSuiteExecutor.java:106)
	at com.kms.katalon.core.main.TestCaseMain.startTestSuite(TestCaseMain.java:185)
	at com.kms.katalon.core.main.TestCaseMain$startTestSuite$0.call(Unknown Source)
	at TempTestSuite1705920083951.run(TempTestSuite1705920083951.groovy:36)
)
[[ATTACHMENT|C:\\Users\\Fadli\\git\\KatalonDailyGetData2\\Reports\\20240122_174123\\TS1\\20240122_174123\\1705921368979.png]]

2024-01-22 18:02:49 - [TEST_STEP][PASSED] - else: null

2024-01-22 18:02:49 - [TEST_STEP][PASSED] - strSeller3 = getText(findTestObject("Stockbit/Bandarmology_Seller3")): Text of object 'Object Repository/Stockbit/Bandarmology_Seller3' is: 'PD'

2024-01-22 18:02:49 - [MESSAGE][PASSED] - Text of object 'Object Repository/Stockbit/Bandarmology_Seller3' is: 'PD'

2024-01-22 18:02:49 - [TEST_STEP][PASSED] - strSellerVol3 = getText(findTestObject("Stockbit/Bandarmology_SellerVol3")): Text of object 'Object Repository/Stockbit/Bandarmology_SellerVol3' is: '497'

2024-01-22 18:02:49 - [MESSAGE][PASSED] - Text of object 'Object Repository/Stockbit/Bandarmology_SellerVol3' is: '497'

2024-01-22 18:02:49 - [TEST_STEP][PASSED] - strSellerAvg3 = getText(findTestObject("Stockbit/Bandarmology_SellerAvg3")): Text of object 'Object Repository/Stockbit/Bandarmology_SellerAvg3' is: '120'

2024-01-22 18:02:49 - [MESSAGE][PASSED] - Text of object 'Object Repository/Stockbit/Bandarmology_SellerAvg3' is: '120'

2024-01-22 18:02:49 - [TEST_STEP][PASSED] - if (strSeller3 != ""): null

2024-01-22 18:02:49 - [TEST_STEP][PASSED] - if (strSellerAvg3.contains(",")): null

2024-01-22 18:02:49 - [TEST_STEP][PASSED] - if (strSellerVol3.contains(" B")): null

2024-01-22 18:02:49 - [TEST_STEP][PASSED] - strAccDist = getText(findTestObject("Stockbit/Bandarmology_AccDist")): Text of object 'Object Repository/Stockbit/Bandarmology_AccDist' is: 'Acc'

2024-01-22 18:02:49 - [MESSAGE][PASSED] - Text of object 'Object Repository/Stockbit/Bandarmology_AccDist' is: 'Acc'

2024-01-22 18:02:49 - [TEST_STEP][PASSED] - strNetVol = getText(findTestObject("Stockbit/Bandarmology_NetVol")): Text of object 'Object Repository/Stockbit/Bandarmology_NetVol' is: '4,705'

2024-01-22 18:02:49 - [MESSAGE][PASSED] - Text of object 'Object Repository/Stockbit/Bandarmology_NetVol' is: '4,705'

2024-01-22 18:02:49 - [TEST_STEP][PASSED] - strNetVol = strNetVol.replace(",", ""): null

2024-01-22 18:02:49 - [TEST_STEP][PASSED] - strNetVal = getText(findTestObject("Stockbit/Bandarmology_NetVal")): Text of object 'Object Repository/Stockbit/Bandarmology_NetVal' is: '0.1 B'

2024-01-22 18:02:50 - [MESSAGE][PASSED] - Text of object 'Object Repository/Stockbit/Bandarmology_NetVal' is: '0.1 B'

2024-01-22 18:02:50 - [TEST_STEP][PASSED] - delay(3): Delayed 3 second(s)

2024-01-22 18:02:53 - [MESSAGE][PASSED] - Delayed 3 second(s)

2024-01-22 18:02:53 - [TEST_STEP][PASSED] - strOpenPrice = getText(findTestObject("Stockbit/Home_OpenPrice")): Text of object 'Object Repository/Stockbit/Home_OpenPrice' is: '121'

2024-01-22 18:02:53 - [MESSAGE][PASSED] - Text of object 'Object Repository/Stockbit/Home_OpenPrice' is: '121'

2024-01-22 18:02:53 - [TEST_STEP][PASSED] - strOpenPrice = strOpenPrice.replace(",", ""): null

2024-01-22 18:02:53 - [TEST_STEP][PASSED] - strLowPrice = getText(findTestObject("Stockbit/Home_LowPrice")): Text of object 'Object Repository/Stockbit/Home_LowPrice' is: '120'

2024-01-22 18:02:53 - [MESSAGE][PASSED] - Text of object 'Object Repository/Stockbit/Home_LowPrice' is: '120'

2024-01-22 18:02:53 - [TEST_STEP][PASSED] - strLowPrice = strLowPrice.replace(",", ""): null

2024-01-22 18:02:53 - [TEST_STEP][PASSED] - strHighPrice = getText(findTestObject("Stockbit/Home_HighPrice")): Text of object 'Object Repository/Stockbit/Home_HighPrice' is: '122'

2024-01-22 18:02:53 - [MESSAGE][PASSED] - Text of object 'Object Repository/Stockbit/Home_HighPrice' is: '122'

2024-01-22 18:02:53 - [TEST_STEP][PASSED] - strHighPrice = strHighPrice.replace(",", ""): null

2024-01-22 18:02:53 - [TEST_STEP][PASSED] - strClosePrice = getText(findTestObject("Stockbit/Home_ClosePrice")): Text of object 'Object Repository/Stockbit/Home_ClosePrice' is: '121'

2024-01-22 18:02:53 - [MESSAGE][PASSED] - Text of object 'Object Repository/Stockbit/Home_ClosePrice' is: '121'

2024-01-22 18:02:53 - [TEST_STEP][PASSED] - strClosePrice = strClosePrice.replace(",", ""): null

2024-01-22 18:02:53 - [TEST_STEP][PASSED] - strVol = getText(findTestObject("Stockbit/Home_Volume")): Text of object 'Object Repository/Stockbit/Home_Volume' is: '6 K'

2024-01-22 18:02:53 - [MESSAGE][PASSED] - Text of object 'Object Repository/Stockbit/Home_Volume' is: '6 K'

2024-01-22 18:02:53 - [TEST_STEP][PASSED] - if (strVol.contains(" K")): null

2024-01-22 18:02:53 - [TEST_STEP][PASSED] - strVol = strVol.replace(" K", "000"): null

2024-01-22 18:02:53 - [TEST_STEP][PASSED] - if (strVol.contains(",")): null

2024-01-22 18:02:53 - [TEST_STEP][PASSED] - strChange = getText(findTestObject("Stockbit/Home_Change")): Text of object 'Object Repository/Stockbit/Home_Change' is: '0.00%'

2024-01-22 18:02:54 - [MESSAGE][PASSED] - Text of object 'Object Repository/Stockbit/Home_Change' is: '0.00%'

2024-01-22 18:02:54 - [TEST_STEP][PASSED] - strChange = strChange.replace("%", ""): null

2024-01-22 18:02:54 - [TEST_STEP][PASSED] - strFreq = getText(findTestObject("Stockbit/Home_Freq")): Text of object 'Object Repository/Stockbit/Home_Freq' is: '51'

2024-01-22 18:02:54 - [MESSAGE][PASSED] - Text of object 'Object Repository/Stockbit/Home_Freq' is: '51'

2024-01-22 18:02:54 - [TEST_STEP][PASSED] - if (strFreq.contains(",")): null

2024-01-22 18:02:54 - [TEST_STEP][PASSED] - if (strFreq == "NA" || strFreq == ""): null

2024-01-22 18:02:54 - [TEST_STEP][PASSED] - else: null

2024-01-22 18:02:54 - [TEST_STEP][PASSED] - dblFreqAnal = strVol.toDouble() / strFreq.toDouble() * strFreq.toDouble() * strFreq.toDouble() * 100000000: null

2024-01-22 18:02:54 - [TEST_STEP][PASSED] - strFreqAnal = String.format("%.4f", dblFreqAnal): null

2024-01-22 18:02:54 - [TEST_STEP][PASSED] - out.println("Double strFreqAnal: " + strFreqAnal): null

2024-01-22 18:02:54 - [TEST_STEP][PASSED] - strTanggal = d.format(DateTimeFormatter.ofPattern("yyyy-MM-dd")): null

2024-01-22 18:02:54 - [TEST_STEP][PASSED] - strTanggal = "#" + strTanggal + "#": null

2024-01-22 18:02:54 - [TEST_STEP][PASSED] - strSQL = "select count(*) as JumBaris from TblBrokSum where Nama = '" + strNama + "' and Tanggal = " + strTanggal + "": null

2024-01-22 18:02:54 - [TEST_STEP][PASSED] - resultSet = statement.executeQuery(strSQL): null

2024-01-22 18:02:54 - [TEST_STEP][PASSED] - resultSet.next(): null

2024-01-22 18:02:54 - [TEST_STEP][PASSED] - intJumBaris = resultSet.getInt("JumBaris"): null

2024-01-22 18:02:54 - [TEST_STEP][PASSED] - if (intJumBaris > 0): null

2024-01-22 18:02:54 - [TEST_STEP][PASSED] - else: null

2024-01-22 18:02:54 - [TEST_STEP][PASSED] - try: null

2024-01-22 18:02:54 - [TEST_STEP][PASSED] - out.println("Insert data"): null

2024-01-22 18:02:54 - [TEST_STEP][PASSED] - strSQL = "insert into TblBrokSum (nama, tanggal, top1, top2, top3, AllBrokAvg, AccDist, AvgRP, " + "Buyer1, BuyerVal1, BuyerAvg1, Seller1, SellerVal1, SellerAvg1, Buyer2, BuyerVal2, BuyerAvg2, " + "Seller2, SellerVal2, SellerAvg2, Buyer3, BuyerVal3, BuyerAvg3, Seller3, SellerVal3, SellerAvg3, NetVol, NetVal, " + "OpenPrice, LowPrice, HighPrice, ClosePrice, Volume, Change, Frekuensi, FrekAnal) " + "values ('" + strNama + "', " + strTanggal + ", '" + strTop1 + "', '" + strTop3 + "', '" + strTop5 + "', " + "'" + strAllBrokAvg + "', '" + strAccDist + "', " + intAvgRP + ", '" + strBuyer1 + "', '" + strBuyerVol1 + "', " + strBuyerAvg1 + ", " + "'" + strSeller1 + "', '" + strSellerVol1 + "', " + strSellerAvg1 + ", '" + strBuyer2 + "', '" + strBuyerVol2 + "', " + strBuyerAvg2 + ", " + "'" + strSeller2 + "', '" + strSellerVol2 + "', " + strSellerAvg2 + ", '" + strBuyer3 + "', '" + strBuyerVol3 + "', " + strBuyerAvg3 + ", " + "'" + strSeller3 + "', '" + strSellerVol3 + "', " + strSellerAvg3 + ", " + strNetVol + ", '" + strNetVal + "', " + "" + strOpenPrice + ", " + strLowPrice + ", " + strHighPrice + ", " + strClosePrice + ", '" + strVol + "', " + strChange + ", " + strFreq + ", " + strFreqAnal + ");": null

2024-01-22 18:02:54 - [TEST_STEP][PASSED] - out.println("strSQL = " + strSQL): null

2024-01-22 18:02:54 - [TEST_STEP][PASSED] - statement.executeUpdate(strSQL): null

2024-01-22 18:02:54 - [TEST_STEP][PASSED] - setValueToCellByIndex(sheet01, rowIndex, 4, "DONE"): null

2024-01-22 18:02:54 - [TEST_STEP][PASSED] - saveWorkbook(excelFilePath, workbook01): null

2024-01-22 18:02:54 - [TEST_STEP][PASSED] - waitForElementClickable(findTestObject("Stockbit/menu_Bandarmology"), 10): Object 'Object Repository/Stockbit/menu_Bandarmology' is clickable

2024-01-22 18:02:54 - [MESSAGE][PASSED] - Object 'Object Repository/Stockbit/menu_Bandarmology' is clickable

2024-01-22 18:02:54 - [TEST_STEP][PASSED] - click(findTestObject("Stockbit/menu_Bandarmology")): Object: 'Object Repository/Stockbit/menu_Bandarmology' is clicked on

2024-01-22 18:02:54 - [MESSAGE][PASSED] - Object: 'Object Repository/Stockbit/menu_Bandarmology' is clicked on

2024-01-22 18:02:54 - [TEST_STEP][PASSED] - strTemp = "NA": null

2024-01-22 18:02:54 - [TEST_STEP][PASSED] - if (getCellValueByIndex(sheet01, rowIndex, 4) != "DONE"): Object: 'Object Repository/Stockbit/menu_Bandarmology' is clicked on

2024-01-22 18:02:54 - [TEST_STEP][PASSED] - strNama = getCellValueByIndex(sheet01, rowIndex, 0): null

2024-01-22 18:02:54 - [TEST_STEP][PASSED] - navigateToUrl("https://stockbit.com/#/symbol/" + strNama): Navigate to 'https://stockbit.com/#/symbol/MDLN' successfully

2024-01-22 18:02:56 - [MESSAGE][PASSED] - Navigate to 'https://stockbit.com/#/symbol/MDLN' successfully

2024-01-22 18:02:56 - [TEST_STEP][PASSED] - waitForElementClickable(findTestObject("Stockbit/menu_Bandarmology"), 10): Object 'Object Repository/Stockbit/menu_Bandarmology' is clickable

2024-01-22 18:02:56 - [MESSAGE][PASSED] - Object 'Object Repository/Stockbit/menu_Bandarmology' is clickable

2024-01-22 18:02:56 - [TEST_STEP][PASSED] - click(findTestObject("Stockbit/menu_Bandarmology")): Object: 'Object Repository/Stockbit/menu_Bandarmology' is clicked on

2024-01-22 18:02:57 - [MESSAGE][PASSED] - Object: 'Object Repository/Stockbit/menu_Bandarmology' is clicked on

2024-01-22 18:02:57 - [TEST_STEP][PASSED] - strTanggal = d.format(DateTimeFormatter.ofPattern("MMM dd, yyyy")): null

2024-01-22 18:02:57 - [TEST_STEP][PASSED] - strTanggal = d.format(ISO_DATE): null

2024-01-22 18:02:57 - [TEST_STEP][PASSED] - out.println("strTanggal = " + strTanggal): null

2024-01-22 18:02:57 - [TEST_STEP][PASSED] - out.println("strNama = " + strNama): null

2024-01-22 18:02:57 - [TEST_STEP][PASSED] - out.println("Baris ke = " + rowIndex): null

2024-01-22 18:02:57 - [TEST_STEP][PASSED] - click(findTestObject("Stockbit/input__BandarmologyOpenStartDate")): Object: 'Object Repository/Stockbit/input__BandarmologyOpenStartDate' is clicked on

2024-01-22 18:02:58 - [MESSAGE][PASSED] - Object: 'Object Repository/Stockbit/input__BandarmologyOpenStartDate' is clicked on

2024-01-22 18:02:58 - [TEST_STEP][PASSED] - sendKeys(findTestObject("Stockbit/input__BandarmologyOpenStartDate"), Keys.chord(CONTROL, "a")): Keys 'CONTROL + a' sent to object: 'Object Repository/Stockbit/input__BandarmologyOpenStartDate'

2024-01-22 18:02:59 - [MESSAGE][PASSED] - Keys 'CONTROL + a' sent to object: 'Object Repository/Stockbit/input__BandarmologyOpenStartDate'

2024-01-22 18:02:59 - [TEST_STEP][PASSED] - sendKeys(findTestObject("Stockbit/input__BandarmologyOpenStartDate"), Keys.chord(BACK_SPACE)): Keys 'BACK_SPACE + ' sent to object: 'Object Repository/Stockbit/input__BandarmologyOpenStartDate'

2024-01-22 18:02:59 - [MESSAGE][PASSED] - Keys 'BACK_SPACE + ' sent to object: 'Object Repository/Stockbit/input__BandarmologyOpenStartDate'

2024-01-22 18:02:59 - [TEST_STEP][PASSED] - setText(findTestObject("Stockbit/input__BandarmologyOpenStartDate"), strTanggal): Text '2024-01-22' is set on object 'Object Repository/Stockbit/input__BandarmologyOpenStartDate'

2024-01-22 18:03:00 - [MESSAGE][PASSED] - Text '2024-01-22' is set on object 'Object Repository/Stockbit/input__BandarmologyOpenStartDate'

2024-01-22 18:03:00 - [TEST_STEP][PASSED] - sendKeys(findTestObject("Stockbit/input__BandarmologyOpenStartDate"), Keys.chord(ENTER)): Keys 'ENTER + ' sent to object: 'Object Repository/Stockbit/input__BandarmologyOpenStartDate'

2024-01-22 18:03:00 - [MESSAGE][PASSED] - Keys 'ENTER + ' sent to object: 'Object Repository/Stockbit/input__BandarmologyOpenStartDate'

2024-01-22 18:03:00 - [TEST_STEP][PASSED] - click(findTestObject("Stockbit/input__BandarmologyOpenEndDate")): Object: 'Object Repository/Stockbit/input__BandarmologyOpenEndDate' is clicked on

2024-01-22 18:03:01 - [MESSAGE][PASSED] - Object: 'Object Repository/Stockbit/input__BandarmologyOpenEndDate' is clicked on

2024-01-22 18:03:01 - [TEST_STEP][PASSED] - sendKeys(findTestObject("Stockbit/input__BandarmologyOpenEndDate"), Keys.chord(CONTROL, "a")): Keys 'CONTROL + a' sent to object: 'Object Repository/Stockbit/input__BandarmologyOpenEndDate'

2024-01-22 18:03:01 - [MESSAGE][PASSED] - Keys 'CONTROL + a' sent to object: 'Object Repository/Stockbit/input__BandarmologyOpenEndDate'

2024-01-22 18:03:01 - [TEST_STEP][PASSED] - sendKeys(findTestObject("Stockbit/input__BandarmologyOpenEndDate"), Keys.chord(BACK_SPACE)): Keys 'BACK_SPACE + ' sent to object: 'Object Repository/Stockbit/input__BandarmologyOpenEndDate'

2024-01-22 18:03:02 - [MESSAGE][PASSED] - Keys 'BACK_SPACE + ' sent to object: 'Object Repository/Stockbit/input__BandarmologyOpenEndDate'

2024-01-22 18:03:02 - [TEST_STEP][PASSED] - setText(findTestObject("Stockbit/input__BandarmologyOpenEndDate"), strTanggal): Text '2024-01-22' is set on object 'Object Repository/Stockbit/input__BandarmologyOpenEndDate'

2024-01-22 18:03:02 - [MESSAGE][PASSED] - Text '2024-01-22' is set on object 'Object Repository/Stockbit/input__BandarmologyOpenEndDate'

2024-01-22 18:03:02 - [TEST_STEP][PASSED] - sendKeys(findTestObject("Stockbit/input__BandarmologyOpenEndDate"), Keys.chord(ENTER)): Keys 'ENTER + ' sent to object: 'Object Repository/Stockbit/input__BandarmologyOpenEndDate'

2024-01-22 18:03:03 - [MESSAGE][PASSED] - Keys 'ENTER + ' sent to object: 'Object Repository/Stockbit/input__BandarmologyOpenEndDate'

2024-01-22 18:03:03 - [TEST_STEP][PASSED] - delay(2): Delayed 2 second(s)

2024-01-22 18:03:05 - [MESSAGE][PASSED] - Delayed 2 second(s)

2024-01-22 18:03:05 - [TEST_STEP][PASSED] - strTemp = getText(findTestObject("Stockbit/Bandarmology_AvgRP")): Text of object 'Object Repository/Stockbit/Bandarmology_AvgRP' is: '60'

2024-01-22 18:03:05 - [MESSAGE][PASSED] - Text of object 'Object Repository/Stockbit/Bandarmology_AvgRP' is: '60'

2024-01-22 18:03:05 - [TEST_STEP][PASSED] - out.println("Bandarmology_AvgRP = " + strTemp): null

2024-01-22 18:03:05 - [TEST_STEP][PASSED] - if (strTemp != "0"): null

2024-01-22 18:03:05 - [TEST_STEP][PASSED] - strTop1 = getText(findTestObject("Stockbit/Bandarmology_Top1")): Text of object 'Object Repository/Stockbit/Bandarmology_Top1' is: 'Big Dist'

2024-01-22 18:03:05 - [MESSAGE][PASSED] - Text of object 'Object Repository/Stockbit/Bandarmology_Top1' is: 'Big Dist'

2024-01-22 18:03:05 - [TEST_STEP][PASSED] - strTop3 = getText(findTestObject("Stockbit/Bandarmology_Top3")): Text of object 'Object Repository/Stockbit/Bandarmology_Top3' is: 'Big Dist'

2024-01-22 18:03:05 - [MESSAGE][PASSED] - Text of object 'Object Repository/Stockbit/Bandarmology_Top3' is: 'Big Dist'

2024-01-22 18:03:05 - [TEST_STEP][PASSED] - strTop5 = getText(findTestObject("Stockbit/Bandarmology_Top5")): Text of object 'Object Repository/Stockbit/Bandarmology_Top5' is: 'Big Dist'

2024-01-22 18:03:05 - [MESSAGE][PASSED] - Text of object 'Object Repository/Stockbit/Bandarmology_Top5' is: 'Big Dist'

2024-01-22 18:03:05 - [TEST_STEP][PASSED] - strAllBrokAvg = getText(findTestObject("Stockbit/Bandarmology_TopAVG")): Text of object 'Object Repository/Stockbit/Bandarmology_TopAVG' is: 'Big Dist'

2024-01-22 18:03:05 - [MESSAGE][PASSED] - Text of object 'Object Repository/Stockbit/Bandarmology_TopAVG' is: 'Big Dist'

2024-01-22 18:03:05 - [TEST_STEP][PASSED] - strTemp = getText(findTestObject("Stockbit/Bandarmology_AvgRP")): Text of object 'Object Repository/Stockbit/Bandarmology_AvgRP' is: '60'

2024-01-22 18:03:05 - [MESSAGE][PASSED] - Text of object 'Object Repository/Stockbit/Bandarmology_AvgRP' is: '60'

2024-01-22 18:03:05 - [TEST_STEP][PASSED] - if (strTemp.contains(",")): null

2024-01-22 18:03:05 - [TEST_STEP][PASSED] - intAvgRP = strTemp.toInteger(): null

2024-01-22 18:03:05 - [TEST_STEP][PASSED] - strBuyer1 = getText(findTestObject("Stockbit/Bandarmology_Buyer1")): Text of object 'Object Repository/Stockbit/Bandarmology_Buyer1' is: 'XC'

2024-01-22 18:03:06 - [MESSAGE][PASSED] - Text of object 'Object Repository/Stockbit/Bandarmology_Buyer1' is: 'XC'

2024-01-22 18:03:06 - [TEST_STEP][PASSED] - strBuyerVol1 = getText(findTestObject("Stockbit/Bandarmology_BuyerVol1")): Text of object 'Object Repository/Stockbit/Bandarmology_BuyerVol1' is: '19.9 K'

2024-01-22 18:03:06 - [MESSAGE][PASSED] - Text of object 'Object Repository/Stockbit/Bandarmology_BuyerVol1' is: '19.9 K'

2024-01-22 18:03:06 - [TEST_STEP][PASSED] - strBuyerAvg1 = getText(findTestObject("Stockbit/Bandarmology_BuyerAvg1")): Text of object 'Object Repository/Stockbit/Bandarmology_BuyerAvg1' is: '60'

2024-01-22 18:03:06 - [MESSAGE][PASSED] - Text of object 'Object Repository/Stockbit/Bandarmology_BuyerAvg1' is: '60'

2024-01-22 18:03:06 - [TEST_STEP][PASSED] - if (strBuyerAvg1.contains(",")): null

2024-01-22 18:03:06 - [TEST_STEP][PASSED] - if (strBuyerVol1.contains(" B")): null

2024-01-22 18:03:06 - [TEST_STEP][PASSED] - else if (strBuyerVol1.contains(" M")): null

2024-01-22 18:03:06 - [TEST_STEP][PASSED] - else if (strBuyerVol1.contains(" K")): null

2024-01-22 18:03:06 - [TEST_STEP][PASSED] - strBuyerVol1 = strBuyerVol1.replace(" K", ""): null

2024-01-22 18:03:06 - [TEST_STEP][PASSED] - strBuyerVol1 = strBuyerVol1.toDouble() * 1000: null

2024-01-22 18:03:06 - [TEST_STEP][PASSED] - strSeller1 = getText(findTestObject("Stockbit/Bandarmology_Seller1")): Text of object 'Object Repository/Stockbit/Bandarmology_Seller1' is: 'MU'

2024-01-22 18:03:06 - [MESSAGE][PASSED] - Text of object 'Object Repository/Stockbit/Bandarmology_Seller1' is: 'MU'

2024-01-22 18:03:06 - [TEST_STEP][PASSED] - strSellerVol1 = getText(findTestObject("Stockbit/Bandarmology_SellerVol1")): Text of object 'Object Repository/Stockbit/Bandarmology_SellerVol1' is: '50 K'

2024-01-22 18:03:06 - [MESSAGE][PASSED] - Text of object 'Object Repository/Stockbit/Bandarmology_SellerVol1' is: '50 K'

2024-01-22 18:03:06 - [TEST_STEP][PASSED] - strSellerAvg1 = getText(findTestObject("Stockbit/Bandarmology_SellerAvg1")): Text of object 'Object Repository/Stockbit/Bandarmology_SellerAvg1' is: '60'

2024-01-22 18:03:06 - [MESSAGE][PASSED] - Text of object 'Object Repository/Stockbit/Bandarmology_SellerAvg1' is: '60'

2024-01-22 18:03:06 - [TEST_STEP][PASSED] - if (strSellerAvg1.contains(",")): null

2024-01-22 18:03:06 - [TEST_STEP][PASSED] - if (strSellerVol1.contains(" B")): null

2024-01-22 18:03:06 - [TEST_STEP][PASSED] - else if (strSellerVol1.contains(" M")): null

2024-01-22 18:03:06 - [TEST_STEP][PASSED] - else if (strSellerVol1.contains(" K")): null

2024-01-22 18:03:06 - [TEST_STEP][PASSED] - strSellerVol1 = strSellerVol1.replace(" K", ""): null

2024-01-22 18:03:06 - [TEST_STEP][PASSED] - strSellerVol1 = strSellerVol1.toDouble() * 1000: null

2024-01-22 18:03:06 - [TEST_STEP][PASSED] - if (verifyElementNotPresent(findTestObject("Stockbit/Bandarmology_Buyer2"), 1, OPTIONAL)): Web element with id: 'Object Repository/Stockbit/Bandarmology_Buyer2' located by 'By.xpath: //*[contains(@id, 'rc-tabs-')]/div[2]/div/div/div/div/div/div[2]/table/tbody/tr[3]/td[1]/p' is present after '1' second(s) (Root cause: com.kms.katalon.core.exception.StepFailedException: Web element with id: 'Object Repository/Stockbit/Bandarmology_Buyer2' located by 'By.xpath: //*[contains(@id, 'rc-tabs-')]/div[2]/div/div/div/div/div/div[2]/table/tbody/tr[3]/td[1]/p' is present after '1' second(s)
	at com.kms.katalon.core.webui.keyword.internal.WebUIKeywordMain.stepFailed(WebUIKeywordMain.groovy:64)
	at com.kms.katalon.core.webui.keyword.internal.WebUIKeywordMain$stepFailed$0.call(Unknown Source)
	at com.kms.katalon.core.webui.keyword.builtin.VerifyElementNotPresentKeyword$_verifyElementNotPresent_closure1.doCall(VerifyElementNotPresentKeyword.groovy:106)
	at com.kms.katalon.core.webui.keyword.builtin.VerifyElementNotPresentKeyword$_verifyElementNotPresent_closure1.doCall(VerifyElementNotPresentKeyword.groovy)
	at com.kms.katalon.core.webui.keyword.internal.WebUIKeywordMain.runKeyword(WebUIKeywordMain.groovy:20)
	at com.kms.katalon.core.webui.keyword.internal.WebUIKeywordMain$runKeyword.call(Unknown Source)
	at com.kms.katalon.core.webui.keyword.builtin.VerifyElementNotPresentKeyword.verifyElementNotPresent(VerifyElementNotPresentKeyword.groovy:117)
	at com.kms.katalon.core.webui.keyword.builtin.VerifyElementNotPresentKeyword.execute(VerifyElementNotPresentKeyword.groovy:68)
	at com.kms.katalon.core.keyword.internal.KeywordExecutor.executeKeywordForPlatform(KeywordExecutor.groovy:74)
	at com.kms.katalon.core.webui.keyword.WebUiBuiltInKeywords.verifyElementNotPresent(WebUiBuiltInKeywords.groovy:1481)
	at com.kms.katalon.core.webui.keyword.WebUiBuiltInKeywords$verifyElementNotPresent$8.call(Unknown Source)
	at GetBrokSumPriceDaily.run(GetBrokSumPriceDaily:258)
	at com.kms.katalon.core.main.ScriptEngine.run(ScriptEngine.java:194)
	at com.kms.katalon.core.main.ScriptEngine.runScriptAsRawText(ScriptEngine.java:119)
	at com.kms.katalon.core.main.TestCaseExecutor.runScript(TestCaseExecutor.java:445)
	at com.kms.katalon.core.main.TestCaseExecutor.doExecute(TestCaseExecutor.java:436)
	at com.kms.katalon.core.main.TestCaseExecutor.processExecutionPhase(TestCaseExecutor.java:415)
	at com.kms.katalon.core.main.TestCaseExecutor.accessMainPhase(TestCaseExecutor.java:407)
	at com.kms.katalon.core.main.TestCaseExecutor.execute(TestCaseExecutor.java:284)
	at com.kms.katalon.core.common.CommonExecutor.accessTestCaseMainPhase(CommonExecutor.java:65)
	at com.kms.katalon.core.main.TestSuiteExecutor.accessTestSuiteMainPhase(TestSuiteExecutor.java:144)
	at com.kms.katalon.core.main.TestSuiteExecutor.execute(TestSuiteExecutor.java:106)
	at com.kms.katalon.core.main.TestCaseMain.startTestSuite(TestCaseMain.java:185)
	at com.kms.katalon.core.main.TestCaseMain$startTestSuite$0.call(Unknown Source)
	at TempTestSuite1705920083951.run(TempTestSuite1705920083951.groovy:36)
)

2024-01-22 18:03:08 - [MESSAGE][WARNING] - Web element with id: 'Object Repository/Stockbit/Bandarmology_Buyer2' located by 'By.xpath: //*[contains(@id, 'rc-tabs-')]/div[2]/div/div/div/div/div/div[2]/table/tbody/tr[3]/td[1]/p' is present after '1' second(s) (Root cause: com.kms.katalon.core.exception.StepFailedException: Web element with id: 'Object Repository/Stockbit/Bandarmology_Buyer2' located by 'By.xpath: //*[contains(@id, 'rc-tabs-')]/div[2]/div/div/div/div/div/div[2]/table/tbody/tr[3]/td[1]/p' is present after '1' second(s)
	at com.kms.katalon.core.webui.keyword.internal.WebUIKeywordMain.stepFailed(WebUIKeywordMain.groovy:64)
	at com.kms.katalon.core.webui.keyword.internal.WebUIKeywordMain$stepFailed$0.call(Unknown Source)
	at com.kms.katalon.core.webui.keyword.builtin.VerifyElementNotPresentKeyword$_verifyElementNotPresent_closure1.doCall(VerifyElementNotPresentKeyword.groovy:106)
	at com.kms.katalon.core.webui.keyword.builtin.VerifyElementNotPresentKeyword$_verifyElementNotPresent_closure1.doCall(VerifyElementNotPresentKeyword.groovy)
	at com.kms.katalon.core.webui.keyword.internal.WebUIKeywordMain.runKeyword(WebUIKeywordMain.groovy:20)
	at com.kms.katalon.core.webui.keyword.internal.WebUIKeywordMain$runKeyword.call(Unknown Source)
	at com.kms.katalon.core.webui.keyword.builtin.VerifyElementNotPresentKeyword.verifyElementNotPresent(VerifyElementNotPresentKeyword.groovy:117)
	at com.kms.katalon.core.webui.keyword.builtin.VerifyElementNotPresentKeyword.execute(VerifyElementNotPresentKeyword.groovy:68)
	at com.kms.katalon.core.keyword.internal.KeywordExecutor.executeKeywordForPlatform(KeywordExecutor.groovy:74)
	at com.kms.katalon.core.webui.keyword.WebUiBuiltInKeywords.verifyElementNotPresent(WebUiBuiltInKeywords.groovy:1481)
	at com.kms.katalon.core.webui.keyword.WebUiBuiltInKeywords$verifyElementNotPresent$8.call(Unknown Source)
	at GetBrokSumPriceDaily.run(GetBrokSumPriceDaily:258)
	at com.kms.katalon.core.main.ScriptEngine.run(ScriptEngine.java:194)
	at com.kms.katalon.core.main.ScriptEngine.runScriptAsRawText(ScriptEngine.java:119)
	at com.kms.katalon.core.main.TestCaseExecutor.runScript(TestCaseExecutor.java:445)
	at com.kms.katalon.core.main.TestCaseExecutor.doExecute(TestCaseExecutor.java:436)
	at com.kms.katalon.core.main.TestCaseExecutor.processExecutionPhase(TestCaseExecutor.java:415)
	at com.kms.katalon.core.main.TestCaseExecutor.accessMainPhase(TestCaseExecutor.java:407)
	at com.kms.katalon.core.main.TestCaseExecutor.execute(TestCaseExecutor.java:284)
	at com.kms.katalon.core.common.CommonExecutor.accessTestCaseMainPhase(CommonExecutor.java:65)
	at com.kms.katalon.core.main.TestSuiteExecutor.accessTestSuiteMainPhase(TestSuiteExecutor.java:144)
	at com.kms.katalon.core.main.TestSuiteExecutor.execute(TestSuiteExecutor.java:106)
	at com.kms.katalon.core.main.TestCaseMain.startTestSuite(TestCaseMain.java:185)
	at com.kms.katalon.core.main.TestCaseMain$startTestSuite$0.call(Unknown Source)
	at TempTestSuite1705920083951.run(TempTestSuite1705920083951.groovy:36)
)
[[ATTACHMENT|C:\\Users\\Fadli\\git\\KatalonDailyGetData2\\Reports\\20240122_174123\\TS1\\20240122_174123\\1705921387856.png]]

2024-01-22 18:03:08 - [TEST_STEP][PASSED] - else: null

2024-01-22 18:03:08 - [TEST_STEP][PASSED] - strBuyer2 = getText(findTestObject("Stockbit/Bandarmology_Buyer2")): Text of object 'Object Repository/Stockbit/Bandarmology_Buyer2' is: 'YP'

2024-01-22 18:03:08 - [MESSAGE][PASSED] - Text of object 'Object Repository/Stockbit/Bandarmology_Buyer2' is: 'YP'

2024-01-22 18:03:08 - [TEST_STEP][PASSED] - strBuyerVol2 = getText(findTestObject("Stockbit/Bandarmology_BuyerVol2")): Text of object 'Object Repository/Stockbit/Bandarmology_BuyerVol2' is: '14.3 K'

2024-01-22 18:03:08 - [MESSAGE][PASSED] - Text of object 'Object Repository/Stockbit/Bandarmology_BuyerVol2' is: '14.3 K'

2024-01-22 18:03:08 - [TEST_STEP][PASSED] - strBuyerAvg2 = getText(findTestObject("Stockbit/Bandarmology_BuyerAvg2")): Text of object 'Object Repository/Stockbit/Bandarmology_BuyerAvg2' is: '61'

2024-01-22 18:03:08 - [MESSAGE][PASSED] - Text of object 'Object Repository/Stockbit/Bandarmology_BuyerAvg2' is: '61'

2024-01-22 18:03:08 - [TEST_STEP][PASSED] - if (strBuyer2 != ""): null

2024-01-22 18:03:08 - [TEST_STEP][PASSED] - if (strBuyerAvg2.contains(",")): null

2024-01-22 18:03:08 - [TEST_STEP][PASSED] - if (strBuyerVol2.contains(" B")): null

2024-01-22 18:03:08 - [TEST_STEP][PASSED] - else if (strBuyerVol2.contains(" M")): null

2024-01-22 18:03:08 - [TEST_STEP][PASSED] - else if (strBuyerVol2.contains(" K")): null

2024-01-22 18:03:08 - [TEST_STEP][PASSED] - strBuyerVol2 = strBuyerVol2.replace(" K", ""): null

2024-01-22 18:03:08 - [TEST_STEP][PASSED] - strBuyerVol2 = strBuyerVol2.toDouble() * 1000: null

2024-01-22 18:03:08 - [TEST_STEP][PASSED] - if (strBuyerVol2.contains(".")): null

2024-01-22 18:03:08 - [TEST_STEP][PASSED] - strBuyerVal2 = strBuyerVol2.replace(".", ""): null

2024-01-22 18:03:08 - [TEST_STEP][PASSED] - if (verifyElementNotPresent(findTestObject("Stockbit/Bandarmology_Seller2"), 1, OPTIONAL)): Web element with id: 'Object Repository/Stockbit/Bandarmology_Seller2' located by 'By.xpath: //*[contains(@id, 'rc-tabs-')]/div[2]/div/div/div/div/div/div[2]/table/tbody/tr[3]/td[5]/p' is present after '1' second(s) (Root cause: com.kms.katalon.core.exception.StepFailedException: Web element with id: 'Object Repository/Stockbit/Bandarmology_Seller2' located by 'By.xpath: //*[contains(@id, 'rc-tabs-')]/div[2]/div/div/div/div/div/div[2]/table/tbody/tr[3]/td[5]/p' is present after '1' second(s)
	at com.kms.katalon.core.webui.keyword.internal.WebUIKeywordMain.stepFailed(WebUIKeywordMain.groovy:64)
	at com.kms.katalon.core.webui.keyword.internal.WebUIKeywordMain$stepFailed$0.call(Unknown Source)
	at com.kms.katalon.core.webui.keyword.builtin.VerifyElementNotPresentKeyword$_verifyElementNotPresent_closure1.doCall(VerifyElementNotPresentKeyword.groovy:106)
	at com.kms.katalon.core.webui.keyword.builtin.VerifyElementNotPresentKeyword$_verifyElementNotPresent_closure1.doCall(VerifyElementNotPresentKeyword.groovy)
	at com.kms.katalon.core.webui.keyword.internal.WebUIKeywordMain.runKeyword(WebUIKeywordMain.groovy:20)
	at com.kms.katalon.core.webui.keyword.internal.WebUIKeywordMain$runKeyword.call(Unknown Source)
	at com.kms.katalon.core.webui.keyword.builtin.VerifyElementNotPresentKeyword.verifyElementNotPresent(VerifyElementNotPresentKeyword.groovy:117)
	at com.kms.katalon.core.webui.keyword.builtin.VerifyElementNotPresentKeyword.execute(VerifyElementNotPresentKeyword.groovy:68)
	at com.kms.katalon.core.keyword.internal.KeywordExecutor.executeKeywordForPlatform(KeywordExecutor.groovy:74)
	at com.kms.katalon.core.webui.keyword.WebUiBuiltInKeywords.verifyElementNotPresent(WebUiBuiltInKeywords.groovy:1481)
	at com.kms.katalon.core.webui.keyword.WebUiBuiltInKeywords$verifyElementNotPresent$8.call(Unknown Source)
	at GetBrokSumPriceDaily.run(GetBrokSumPriceDaily:309)
	at com.kms.katalon.core.main.ScriptEngine.run(ScriptEngine.java:194)
	at com.kms.katalon.core.main.ScriptEngine.runScriptAsRawText(ScriptEngine.java:119)
	at com.kms.katalon.core.main.TestCaseExecutor.runScript(TestCaseExecutor.java:445)
	at com.kms.katalon.core.main.TestCaseExecutor.doExecute(TestCaseExecutor.java:436)
	at com.kms.katalon.core.main.TestCaseExecutor.processExecutionPhase(TestCaseExecutor.java:415)
	at com.kms.katalon.core.main.TestCaseExecutor.accessMainPhase(TestCaseExecutor.java:407)
	at com.kms.katalon.core.main.TestCaseExecutor.execute(TestCaseExecutor.java:284)
	at com.kms.katalon.core.common.CommonExecutor.accessTestCaseMainPhase(CommonExecutor.java:65)
	at com.kms.katalon.core.main.TestSuiteExecutor.accessTestSuiteMainPhase(TestSuiteExecutor.java:144)
	at com.kms.katalon.core.main.TestSuiteExecutor.execute(TestSuiteExecutor.java:106)
	at com.kms.katalon.core.main.TestCaseMain.startTestSuite(TestCaseMain.java:185)
	at com.kms.katalon.core.main.TestCaseMain$startTestSuite$0.call(Unknown Source)
	at TempTestSuite1705920083951.run(TempTestSuite1705920083951.groovy:36)
)

2024-01-22 18:03:09 - [MESSAGE][WARNING] - Web element with id: 'Object Repository/Stockbit/Bandarmology_Seller2' located by 'By.xpath: //*[contains(@id, 'rc-tabs-')]/div[2]/div/div/div/div/div/div[2]/table/tbody/tr[3]/td[5]/p' is present after '1' second(s) (Root cause: com.kms.katalon.core.exception.StepFailedException: Web element with id: 'Object Repository/Stockbit/Bandarmology_Seller2' located by 'By.xpath: //*[contains(@id, 'rc-tabs-')]/div[2]/div/div/div/div/div/div[2]/table/tbody/tr[3]/td[5]/p' is present after '1' second(s)
	at com.kms.katalon.core.webui.keyword.internal.WebUIKeywordMain.stepFailed(WebUIKeywordMain.groovy:64)
	at com.kms.katalon.core.webui.keyword.internal.WebUIKeywordMain$stepFailed$0.call(Unknown Source)
	at com.kms.katalon.core.webui.keyword.builtin.VerifyElementNotPresentKeyword$_verifyElementNotPresent_closure1.doCall(VerifyElementNotPresentKeyword.groovy:106)
	at com.kms.katalon.core.webui.keyword.builtin.VerifyElementNotPresentKeyword$_verifyElementNotPresent_closure1.doCall(VerifyElementNotPresentKeyword.groovy)
	at com.kms.katalon.core.webui.keyword.internal.WebUIKeywordMain.runKeyword(WebUIKeywordMain.groovy:20)
	at com.kms.katalon.core.webui.keyword.internal.WebUIKeywordMain$runKeyword.call(Unknown Source)
	at com.kms.katalon.core.webui.keyword.builtin.VerifyElementNotPresentKeyword.verifyElementNotPresent(VerifyElementNotPresentKeyword.groovy:117)
	at com.kms.katalon.core.webui.keyword.builtin.VerifyElementNotPresentKeyword.execute(VerifyElementNotPresentKeyword.groovy:68)
	at com.kms.katalon.core.keyword.internal.KeywordExecutor.executeKeywordForPlatform(KeywordExecutor.groovy:74)
	at com.kms.katalon.core.webui.keyword.WebUiBuiltInKeywords.verifyElementNotPresent(WebUiBuiltInKeywords.groovy:1481)
	at com.kms.katalon.core.webui.keyword.WebUiBuiltInKeywords$verifyElementNotPresent$8.call(Unknown Source)
	at GetBrokSumPriceDaily.run(GetBrokSumPriceDaily:309)
	at com.kms.katalon.core.main.ScriptEngine.run(ScriptEngine.java:194)
	at com.kms.katalon.core.main.ScriptEngine.runScriptAsRawText(ScriptEngine.java:119)
	at com.kms.katalon.core.main.TestCaseExecutor.runScript(TestCaseExecutor.java:445)
	at com.kms.katalon.core.main.TestCaseExecutor.doExecute(TestCaseExecutor.java:436)
	at com.kms.katalon.core.main.TestCaseExecutor.processExecutionPhase(TestCaseExecutor.java:415)
	at com.kms.katalon.core.main.TestCaseExecutor.accessMainPhase(TestCaseExecutor.java:407)
	at com.kms.katalon.core.main.TestCaseExecutor.execute(TestCaseExecutor.java:284)
	at com.kms.katalon.core.common.CommonExecutor.accessTestCaseMainPhase(CommonExecutor.java:65)
	at com.kms.katalon.core.main.TestSuiteExecutor.accessTestSuiteMainPhase(TestSuiteExecutor.java:144)
	at com.kms.katalon.core.main.TestSuiteExecutor.execute(TestSuiteExecutor.java:106)
	at com.kms.katalon.core.main.TestCaseMain.startTestSuite(TestCaseMain.java:185)
	at com.kms.katalon.core.main.TestCaseMain$startTestSuite$0.call(Unknown Source)
	at TempTestSuite1705920083951.run(TempTestSuite1705920083951.groovy:36)
)
[[ATTACHMENT|C:\\Users\\Fadli\\git\\KatalonDailyGetData2\\Reports\\20240122_174123\\TS1\\20240122_174123\\1705921389545.png]]

2024-01-22 18:03:09 - [TEST_STEP][PASSED] - else: null

2024-01-22 18:03:09 - [TEST_STEP][PASSED] - strSeller2 = getText(findTestObject("Stockbit/Bandarmology_Seller2")): Text of object 'Object Repository/Stockbit/Bandarmology_Seller2' is: 'XA'

2024-01-22 18:03:09 - [MESSAGE][PASSED] - Text of object 'Object Repository/Stockbit/Bandarmology_Seller2' is: 'XA'

2024-01-22 18:03:09 - [TEST_STEP][PASSED] - strSellerVol2 = getText(findTestObject("Stockbit/Bandarmology_SellerVol2")): Text of object 'Object Repository/Stockbit/Bandarmology_SellerVol2' is: '4.5 K'

2024-01-22 18:03:09 - [MESSAGE][PASSED] - Text of object 'Object Repository/Stockbit/Bandarmology_SellerVol2' is: '4.5 K'

2024-01-22 18:03:09 - [TEST_STEP][PASSED] - strSellerAvg2 = getText(findTestObject("Stockbit/Bandarmology_SellerAvg2")): Text of object 'Object Repository/Stockbit/Bandarmology_SellerAvg2' is: '61'

2024-01-22 18:03:10 - [MESSAGE][PASSED] - Text of object 'Object Repository/Stockbit/Bandarmology_SellerAvg2' is: '61'

2024-01-22 18:03:10 - [TEST_STEP][PASSED] - if (strSeller2 != ""): null

2024-01-22 18:03:10 - [TEST_STEP][PASSED] - if (strSellerAvg2.contains(",")): null

2024-01-22 18:03:10 - [TEST_STEP][PASSED] - if (strSellerVol2.contains(" B")): null

2024-01-22 18:03:10 - [TEST_STEP][PASSED] - else if (strSellerVol2.contains(" M")): null

2024-01-22 18:03:10 - [TEST_STEP][PASSED] - else if (strSellerVol2.contains(" K")): null

2024-01-22 18:03:10 - [TEST_STEP][PASSED] - strSellerVol2 = strSellerVol2.replace(" K", ""): null

2024-01-22 18:03:10 - [TEST_STEP][PASSED] - strSellerVol2 = strSellerVol2.toDouble() * 1000: null

2024-01-22 18:03:10 - [TEST_STEP][PASSED] - if (verifyElementNotPresent(findTestObject("Stockbit/Bandarmology_Buyer3"), 1, OPTIONAL)): Web element with id: 'Object Repository/Stockbit/Bandarmology_Buyer3' located by 'By.xpath: //*[contains(@id, 'rc-tabs-')]/div[2]/div/div/div/div/div/div[2]/table/tbody/tr[4]/td[1]/p' is present after '1' second(s) (Root cause: com.kms.katalon.core.exception.StepFailedException: Web element with id: 'Object Repository/Stockbit/Bandarmology_Buyer3' located by 'By.xpath: //*[contains(@id, 'rc-tabs-')]/div[2]/div/div/div/div/div/div[2]/table/tbody/tr[4]/td[1]/p' is present after '1' second(s)
	at com.kms.katalon.core.webui.keyword.internal.WebUIKeywordMain.stepFailed(WebUIKeywordMain.groovy:64)
	at com.kms.katalon.core.webui.keyword.internal.WebUIKeywordMain$stepFailed$0.call(Unknown Source)
	at com.kms.katalon.core.webui.keyword.builtin.VerifyElementNotPresentKeyword$_verifyElementNotPresent_closure1.doCall(VerifyElementNotPresentKeyword.groovy:106)
	at com.kms.katalon.core.webui.keyword.builtin.VerifyElementNotPresentKeyword$_verifyElementNotPresent_closure1.doCall(VerifyElementNotPresentKeyword.groovy)
	at com.kms.katalon.core.webui.keyword.internal.WebUIKeywordMain.runKeyword(WebUIKeywordMain.groovy:20)
	at com.kms.katalon.core.webui.keyword.internal.WebUIKeywordMain$runKeyword.call(Unknown Source)
	at com.kms.katalon.core.webui.keyword.builtin.VerifyElementNotPresentKeyword.verifyElementNotPresent(VerifyElementNotPresentKeyword.groovy:117)
	at com.kms.katalon.core.webui.keyword.builtin.VerifyElementNotPresentKeyword.execute(VerifyElementNotPresentKeyword.groovy:68)
	at com.kms.katalon.core.keyword.internal.KeywordExecutor.executeKeywordForPlatform(KeywordExecutor.groovy:74)
	at com.kms.katalon.core.webui.keyword.WebUiBuiltInKeywords.verifyElementNotPresent(WebUiBuiltInKeywords.groovy:1481)
	at com.kms.katalon.core.webui.keyword.WebUiBuiltInKeywords$verifyElementNotPresent$8.call(Unknown Source)
	at GetBrokSumPriceDaily.run(GetBrokSumPriceDaily:361)
	at com.kms.katalon.core.main.ScriptEngine.run(ScriptEngine.java:194)
	at com.kms.katalon.core.main.ScriptEngine.runScriptAsRawText(ScriptEngine.java:119)
	at com.kms.katalon.core.main.TestCaseExecutor.runScript(TestCaseExecutor.java:445)
	at com.kms.katalon.core.main.TestCaseExecutor.doExecute(TestCaseExecutor.java:436)
	at com.kms.katalon.core.main.TestCaseExecutor.processExecutionPhase(TestCaseExecutor.java:415)
	at com.kms.katalon.core.main.TestCaseExecutor.accessMainPhase(TestCaseExecutor.java:407)
	at com.kms.katalon.core.main.TestCaseExecutor.execute(TestCaseExecutor.java:284)
	at com.kms.katalon.core.common.CommonExecutor.accessTestCaseMainPhase(CommonExecutor.java:65)
	at com.kms.katalon.core.main.TestSuiteExecutor.accessTestSuiteMainPhase(TestSuiteExecutor.java:144)
	at com.kms.katalon.core.main.TestSuiteExecutor.execute(TestSuiteExecutor.java:106)
	at com.kms.katalon.core.main.TestCaseMain.startTestSuite(TestCaseMain.java:185)
	at com.kms.katalon.core.main.TestCaseMain$startTestSuite$0.call(Unknown Source)
	at TempTestSuite1705920083951.run(TempTestSuite1705920083951.groovy:36)
)

2024-01-22 18:03:11 - [MESSAGE][WARNING] - Web element with id: 'Object Repository/Stockbit/Bandarmology_Buyer3' located by 'By.xpath: //*[contains(@id, 'rc-tabs-')]/div[2]/div/div/div/div/div/div[2]/table/tbody/tr[4]/td[1]/p' is present after '1' second(s) (Root cause: com.kms.katalon.core.exception.StepFailedException: Web element with id: 'Object Repository/Stockbit/Bandarmology_Buyer3' located by 'By.xpath: //*[contains(@id, 'rc-tabs-')]/div[2]/div/div/div/div/div/div[2]/table/tbody/tr[4]/td[1]/p' is present after '1' second(s)
	at com.kms.katalon.core.webui.keyword.internal.WebUIKeywordMain.stepFailed(WebUIKeywordMain.groovy:64)
	at com.kms.katalon.core.webui.keyword.internal.WebUIKeywordMain$stepFailed$0.call(Unknown Source)
	at com.kms.katalon.core.webui.keyword.builtin.VerifyElementNotPresentKeyword$_verifyElementNotPresent_closure1.doCall(VerifyElementNotPresentKeyword.groovy:106)
	at com.kms.katalon.core.webui.keyword.builtin.VerifyElementNotPresentKeyword$_verifyElementNotPresent_closure1.doCall(VerifyElementNotPresentKeyword.groovy)
	at com.kms.katalon.core.webui.keyword.internal.WebUIKeywordMain.runKeyword(WebUIKeywordMain.groovy:20)
	at com.kms.katalon.core.webui.keyword.internal.WebUIKeywordMain$runKeyword.call(Unknown Source)
	at com.kms.katalon.core.webui.keyword.builtin.VerifyElementNotPresentKeyword.verifyElementNotPresent(VerifyElementNotPresentKeyword.groovy:117)
	at com.kms.katalon.core.webui.keyword.builtin.VerifyElementNotPresentKeyword.execute(VerifyElementNotPresentKeyword.groovy:68)
	at com.kms.katalon.core.keyword.internal.KeywordExecutor.executeKeywordForPlatform(KeywordExecutor.groovy:74)
	at com.kms.katalon.core.webui.keyword.WebUiBuiltInKeywords.verifyElementNotPresent(WebUiBuiltInKeywords.groovy:1481)
	at com.kms.katalon.core.webui.keyword.WebUiBuiltInKeywords$verifyElementNotPresent$8.call(Unknown Source)
	at GetBrokSumPriceDaily.run(GetBrokSumPriceDaily:361)
	at com.kms.katalon.core.main.ScriptEngine.run(ScriptEngine.java:194)
	at com.kms.katalon.core.main.ScriptEngine.runScriptAsRawText(ScriptEngine.java:119)
	at com.kms.katalon.core.main.TestCaseExecutor.runScript(TestCaseExecutor.java:445)
	at com.kms.katalon.core.main.TestCaseExecutor.doExecute(TestCaseExecutor.java:436)
	at com.kms.katalon.core.main.TestCaseExecutor.processExecutionPhase(TestCaseExecutor.java:415)
	at com.kms.katalon.core.main.TestCaseExecutor.accessMainPhase(TestCaseExecutor.java:407)
	at com.kms.katalon.core.main.TestCaseExecutor.execute(TestCaseExecutor.java:284)
	at com.kms.katalon.core.common.CommonExecutor.accessTestCaseMainPhase(CommonExecutor.java:65)
	at com.kms.katalon.core.main.TestSuiteExecutor.accessTestSuiteMainPhase(TestSuiteExecutor.java:144)
	at com.kms.katalon.core.main.TestSuiteExecutor.execute(TestSuiteExecutor.java:106)
	at com.kms.katalon.core.main.TestCaseMain.startTestSuite(TestCaseMain.java:185)
	at com.kms.katalon.core.main.TestCaseMain$startTestSuite$0.call(Unknown Source)
	at TempTestSuite1705920083951.run(TempTestSuite1705920083951.groovy:36)
)
[[ATTACHMENT|C:\\Users\\Fadli\\git\\KatalonDailyGetData2\\Reports\\20240122_174123\\TS1\\20240122_174123\\1705921391253.png]]

2024-01-22 18:03:11 - [TEST_STEP][PASSED] - else: null

2024-01-22 18:03:11 - [TEST_STEP][PASSED] - strBuyer3 = getText(findTestObject("Stockbit/Bandarmology_Buyer3")): Text of object 'Object Repository/Stockbit/Bandarmology_Buyer3' is: 'HP'

2024-01-22 18:03:11 - [MESSAGE][PASSED] - Text of object 'Object Repository/Stockbit/Bandarmology_Buyer3' is: 'HP'

2024-01-22 18:03:11 - [TEST_STEP][PASSED] - strBuyerVol3 = getText(findTestObject("Stockbit/Bandarmology_BuyerVol3")): Text of object 'Object Repository/Stockbit/Bandarmology_BuyerVol3' is: '3.8 K'

2024-01-22 18:03:11 - [MESSAGE][PASSED] - Text of object 'Object Repository/Stockbit/Bandarmology_BuyerVol3' is: '3.8 K'

2024-01-22 18:03:11 - [TEST_STEP][PASSED] - strBuyerAvg3 = getText(findTestObject("Stockbit/Bandarmology_BuyerAvg3")): Text of object 'Object Repository/Stockbit/Bandarmology_BuyerAvg3' is: '60'

2024-01-22 18:03:11 - [MESSAGE][PASSED] - Text of object 'Object Repository/Stockbit/Bandarmology_BuyerAvg3' is: '60'

2024-01-22 18:03:11 - [TEST_STEP][PASSED] - if (strBuyer3 != ""): null

2024-01-22 18:03:11 - [TEST_STEP][PASSED] - if (strBuyerAvg3.contains(",")): null

2024-01-22 18:03:11 - [TEST_STEP][PASSED] - if (strBuyerVol3.contains(" B")): null

2024-01-22 18:03:11 - [TEST_STEP][PASSED] - else if (strBuyerVol3.contains(" M")): null

2024-01-22 18:03:11 - [TEST_STEP][PASSED] - else if (strBuyerVol3.contains(" K")): null

2024-01-22 18:03:11 - [TEST_STEP][PASSED] - strBuyerVol3 = strBuyerVol3.replace(" K", ""): null

2024-01-22 18:03:11 - [TEST_STEP][PASSED] - strBuyerVol3 = strBuyerVol3.toDouble() * 1000: null

2024-01-22 18:03:11 - [TEST_STEP][PASSED] - if (verifyElementNotPresent(findTestObject("Stockbit/Bandarmology_Seller3"), 1, OPTIONAL)): Web element with id: 'Object Repository/Stockbit/Bandarmology_Seller3' located by 'By.xpath: //*[contains(@id, 'rc-tabs-')]/div[2]/div/div/div/div/div/div[2]/table/tbody/tr[4]/td[5]/p' is present after '1' second(s) (Root cause: com.kms.katalon.core.exception.StepFailedException: Web element with id: 'Object Repository/Stockbit/Bandarmology_Seller3' located by 'By.xpath: //*[contains(@id, 'rc-tabs-')]/div[2]/div/div/div/div/div/div[2]/table/tbody/tr[4]/td[5]/p' is present after '1' second(s)
	at com.kms.katalon.core.webui.keyword.internal.WebUIKeywordMain.stepFailed(WebUIKeywordMain.groovy:64)
	at com.kms.katalon.core.webui.keyword.internal.WebUIKeywordMain$stepFailed$0.call(Unknown Source)
	at com.kms.katalon.core.webui.keyword.builtin.VerifyElementNotPresentKeyword$_verifyElementNotPresent_closure1.doCall(VerifyElementNotPresentKeyword.groovy:106)
	at com.kms.katalon.core.webui.keyword.builtin.VerifyElementNotPresentKeyword$_verifyElementNotPresent_closure1.doCall(VerifyElementNotPresentKeyword.groovy)
	at com.kms.katalon.core.webui.keyword.internal.WebUIKeywordMain.runKeyword(WebUIKeywordMain.groovy:20)
	at com.kms.katalon.core.webui.keyword.internal.WebUIKeywordMain$runKeyword.call(Unknown Source)
	at com.kms.katalon.core.webui.keyword.builtin.VerifyElementNotPresentKeyword.verifyElementNotPresent(VerifyElementNotPresentKeyword.groovy:117)
	at com.kms.katalon.core.webui.keyword.builtin.VerifyElementNotPresentKeyword.execute(VerifyElementNotPresentKeyword.groovy:68)
	at com.kms.katalon.core.keyword.internal.KeywordExecutor.executeKeywordForPlatform(KeywordExecutor.groovy:74)
	at com.kms.katalon.core.webui.keyword.WebUiBuiltInKeywords.verifyElementNotPresent(WebUiBuiltInKeywords.groovy:1481)
	at com.kms.katalon.core.webui.keyword.WebUiBuiltInKeywords$verifyElementNotPresent$8.call(Unknown Source)
	at GetBrokSumPriceDaily.run(GetBrokSumPriceDaily:414)
	at com.kms.katalon.core.main.ScriptEngine.run(ScriptEngine.java:194)
	at com.kms.katalon.core.main.ScriptEngine.runScriptAsRawText(ScriptEngine.java:119)
	at com.kms.katalon.core.main.TestCaseExecutor.runScript(TestCaseExecutor.java:445)
	at com.kms.katalon.core.main.TestCaseExecutor.doExecute(TestCaseExecutor.java:436)
	at com.kms.katalon.core.main.TestCaseExecutor.processExecutionPhase(TestCaseExecutor.java:415)
	at com.kms.katalon.core.main.TestCaseExecutor.accessMainPhase(TestCaseExecutor.java:407)
	at com.kms.katalon.core.main.TestCaseExecutor.execute(TestCaseExecutor.java:284)
	at com.kms.katalon.core.common.CommonExecutor.accessTestCaseMainPhase(CommonExecutor.java:65)
	at com.kms.katalon.core.main.TestSuiteExecutor.accessTestSuiteMainPhase(TestSuiteExecutor.java:144)
	at com.kms.katalon.core.main.TestSuiteExecutor.execute(TestSuiteExecutor.java:106)
	at com.kms.katalon.core.main.TestCaseMain.startTestSuite(TestCaseMain.java:185)
	at com.kms.katalon.core.main.TestCaseMain$startTestSuite$0.call(Unknown Source)
	at TempTestSuite1705920083951.run(TempTestSuite1705920083951.groovy:36)
)

2024-01-22 18:03:13 - [MESSAGE][WARNING] - Web element with id: 'Object Repository/Stockbit/Bandarmology_Seller3' located by 'By.xpath: //*[contains(@id, 'rc-tabs-')]/div[2]/div/div/div/div/div/div[2]/table/tbody/tr[4]/td[5]/p' is present after '1' second(s) (Root cause: com.kms.katalon.core.exception.StepFailedException: Web element with id: 'Object Repository/Stockbit/Bandarmology_Seller3' located by 'By.xpath: //*[contains(@id, 'rc-tabs-')]/div[2]/div/div/div/div/div/div[2]/table/tbody/tr[4]/td[5]/p' is present after '1' second(s)
	at com.kms.katalon.core.webui.keyword.internal.WebUIKeywordMain.stepFailed(WebUIKeywordMain.groovy:64)
	at com.kms.katalon.core.webui.keyword.internal.WebUIKeywordMain$stepFailed$0.call(Unknown Source)
	at com.kms.katalon.core.webui.keyword.builtin.VerifyElementNotPresentKeyword$_verifyElementNotPresent_closure1.doCall(VerifyElementNotPresentKeyword.groovy:106)
	at com.kms.katalon.core.webui.keyword.builtin.VerifyElementNotPresentKeyword$_verifyElementNotPresent_closure1.doCall(VerifyElementNotPresentKeyword.groovy)
	at com.kms.katalon.core.webui.keyword.internal.WebUIKeywordMain.runKeyword(WebUIKeywordMain.groovy:20)
	at com.kms.katalon.core.webui.keyword.internal.WebUIKeywordMain$runKeyword.call(Unknown Source)
	at com.kms.katalon.core.webui.keyword.builtin.VerifyElementNotPresentKeyword.verifyElementNotPresent(VerifyElementNotPresentKeyword.groovy:117)
	at com.kms.katalon.core.webui.keyword.builtin.VerifyElementNotPresentKeyword.execute(VerifyElementNotPresentKeyword.groovy:68)
	at com.kms.katalon.core.keyword.internal.KeywordExecutor.executeKeywordForPlatform(KeywordExecutor.groovy:74)
	at com.kms.katalon.core.webui.keyword.WebUiBuiltInKeywords.verifyElementNotPresent(WebUiBuiltInKeywords.groovy:1481)
	at com.kms.katalon.core.webui.keyword.WebUiBuiltInKeywords$verifyElementNotPresent$8.call(Unknown Source)
	at GetBrokSumPriceDaily.run(GetBrokSumPriceDaily:414)
	at com.kms.katalon.core.main.ScriptEngine.run(ScriptEngine.java:194)
	at com.kms.katalon.core.main.ScriptEngine.runScriptAsRawText(ScriptEngine.java:119)
	at com.kms.katalon.core.main.TestCaseExecutor.runScript(TestCaseExecutor.java:445)
	at com.kms.katalon.core.main.TestCaseExecutor.doExecute(TestCaseExecutor.java:436)
	at com.kms.katalon.core.main.TestCaseExecutor.processExecutionPhase(TestCaseExecutor.java:415)
	at com.kms.katalon.core.main.TestCaseExecutor.accessMainPhase(TestCaseExecutor.java:407)
	at com.kms.katalon.core.main.TestCaseExecutor.execute(TestCaseExecutor.java:284)
	at com.kms.katalon.core.common.CommonExecutor.accessTestCaseMainPhase(CommonExecutor.java:65)
	at com.kms.katalon.core.main.TestSuiteExecutor.accessTestSuiteMainPhase(TestSuiteExecutor.java:144)
	at com.kms.katalon.core.main.TestSuiteExecutor.execute(TestSuiteExecutor.java:106)
	at com.kms.katalon.core.main.TestCaseMain.startTestSuite(TestCaseMain.java:185)
	at com.kms.katalon.core.main.TestCaseMain$startTestSuite$0.call(Unknown Source)
	at TempTestSuite1705920083951.run(TempTestSuite1705920083951.groovy:36)
)
[[ATTACHMENT|C:\\Users\\Fadli\\git\\KatalonDailyGetData2\\Reports\\20240122_174123\\TS1\\20240122_174123\\1705921392968.png]]

2024-01-22 18:03:13 - [TEST_STEP][PASSED] - else: null

2024-01-22 18:03:13 - [TEST_STEP][PASSED] - strSeller3 = getText(findTestObject("Stockbit/Bandarmology_Seller3")): Text of object 'Object Repository/Stockbit/Bandarmology_Seller3' is: 'SF'

2024-01-22 18:03:13 - [MESSAGE][PASSED] - Text of object 'Object Repository/Stockbit/Bandarmology_Seller3' is: 'SF'

2024-01-22 18:03:13 - [TEST_STEP][PASSED] - strSellerVol3 = getText(findTestObject("Stockbit/Bandarmology_SellerVol3")): Text of object 'Object Repository/Stockbit/Bandarmology_SellerVol3' is: '1.1 K'

2024-01-22 18:03:13 - [MESSAGE][PASSED] - Text of object 'Object Repository/Stockbit/Bandarmology_SellerVol3' is: '1.1 K'

2024-01-22 18:03:13 - [TEST_STEP][PASSED] - strSellerAvg3 = getText(findTestObject("Stockbit/Bandarmology_SellerAvg3")): Text of object 'Object Repository/Stockbit/Bandarmology_SellerAvg3' is: '61'

2024-01-22 18:03:13 - [MESSAGE][PASSED] - Text of object 'Object Repository/Stockbit/Bandarmology_SellerAvg3' is: '61'

2024-01-22 18:03:13 - [TEST_STEP][PASSED] - if (strSeller3 != ""): null

2024-01-22 18:03:13 - [TEST_STEP][PASSED] - if (strSellerAvg3.contains(",")): null

2024-01-22 18:03:13 - [TEST_STEP][PASSED] - if (strSellerVol3.contains(" B")): null

2024-01-22 18:03:13 - [TEST_STEP][PASSED] - else if (strSellerVol3.contains(" M")): null

2024-01-22 18:03:13 - [TEST_STEP][PASSED] - else if (strSellerVol3.contains(" K")): null

2024-01-22 18:03:13 - [TEST_STEP][PASSED] - strSellerVol3 = strSellerVol3.replace(" K", ""): null

2024-01-22 18:03:13 - [TEST_STEP][PASSED] - strSellerVol3 = strSellerVol3.toDouble() * 1000: null

2024-01-22 18:03:13 - [TEST_STEP][PASSED] - strAccDist = getText(findTestObject("Stockbit/Bandarmology_AccDist")): Text of object 'Object Repository/Stockbit/Bandarmology_AccDist' is: 'Dist'

2024-01-22 18:03:13 - [MESSAGE][PASSED] - Text of object 'Object Repository/Stockbit/Bandarmology_AccDist' is: 'Dist'

2024-01-22 18:03:13 - [TEST_STEP][PASSED] - strNetVol = getText(findTestObject("Stockbit/Bandarmology_NetVol")): Text of object 'Object Repository/Stockbit/Bandarmology_NetVol' is: '57,126'

2024-01-22 18:03:13 - [MESSAGE][PASSED] - Text of object 'Object Repository/Stockbit/Bandarmology_NetVol' is: '57,126'

2024-01-22 18:03:13 - [TEST_STEP][PASSED] - strNetVol = strNetVol.replace(",", ""): null

2024-01-22 18:03:13 - [TEST_STEP][PASSED] - strNetVal = getText(findTestObject("Stockbit/Bandarmology_NetVal")): Text of object 'Object Repository/Stockbit/Bandarmology_NetVal' is: '0.3 B'

2024-01-22 18:03:13 - [MESSAGE][PASSED] - Text of object 'Object Repository/Stockbit/Bandarmology_NetVal' is: '0.3 B'

2024-01-22 18:03:13 - [TEST_STEP][PASSED] - delay(3): Delayed 3 second(s)

2024-01-22 18:03:16 - [MESSAGE][PASSED] - Delayed 3 second(s)

2024-01-22 18:03:16 - [TEST_STEP][PASSED] - strOpenPrice = getText(findTestObject("Stockbit/Home_OpenPrice")): Text of object 'Object Repository/Stockbit/Home_OpenPrice' is: '61'

2024-01-22 18:03:17 - [MESSAGE][PASSED] - Text of object 'Object Repository/Stockbit/Home_OpenPrice' is: '61'

2024-01-22 18:03:17 - [TEST_STEP][PASSED] - strOpenPrice = strOpenPrice.replace(",", ""): null

2024-01-22 18:03:17 - [TEST_STEP][PASSED] - strLowPrice = getText(findTestObject("Stockbit/Home_LowPrice")): Text of object 'Object Repository/Stockbit/Home_LowPrice' is: '59'

2024-01-22 18:03:17 - [MESSAGE][PASSED] - Text of object 'Object Repository/Stockbit/Home_LowPrice' is: '59'

2024-01-22 18:03:17 - [TEST_STEP][PASSED] - strLowPrice = strLowPrice.replace(",", ""): null

2024-01-22 18:03:17 - [TEST_STEP][PASSED] - strHighPrice = getText(findTestObject("Stockbit/Home_HighPrice")): Text of object 'Object Repository/Stockbit/Home_HighPrice' is: '62'

2024-01-22 18:03:17 - [MESSAGE][PASSED] - Text of object 'Object Repository/Stockbit/Home_HighPrice' is: '62'

2024-01-22 18:03:17 - [TEST_STEP][PASSED] - strHighPrice = strHighPrice.replace(",", ""): null

2024-01-22 18:03:17 - [TEST_STEP][PASSED] - strClosePrice = getText(findTestObject("Stockbit/Home_ClosePrice")): Text of object 'Object Repository/Stockbit/Home_ClosePrice' is: '61'

2024-01-22 18:03:17 - [MESSAGE][PASSED] - Text of object 'Object Repository/Stockbit/Home_ClosePrice' is: '61'

2024-01-22 18:03:17 - [TEST_STEP][PASSED] - strClosePrice = strClosePrice.replace(",", ""): null

2024-01-22 18:03:17 - [TEST_STEP][PASSED] - strVol = getText(findTestObject("Stockbit/Home_Volume")): Text of object 'Object Repository/Stockbit/Home_Volume' is: '83 K'

2024-01-22 18:03:17 - [MESSAGE][PASSED] - Text of object 'Object Repository/Stockbit/Home_Volume' is: '83 K'

2024-01-22 18:03:17 - [TEST_STEP][PASSED] - if (strVol.contains(" K")): null

2024-01-22 18:03:17 - [TEST_STEP][PASSED] - strVol = strVol.replace(" K", "000"): null

2024-01-22 18:03:17 - [TEST_STEP][PASSED] - if (strVol.contains(",")): null

2024-01-22 18:03:17 - [TEST_STEP][PASSED] - strChange = getText(findTestObject("Stockbit/Home_Change")): Text of object 'Object Repository/Stockbit/Home_Change' is: '0.00%'

2024-01-22 18:03:17 - [MESSAGE][PASSED] - Text of object 'Object Repository/Stockbit/Home_Change' is: '0.00%'

2024-01-22 18:03:17 - [TEST_STEP][PASSED] - strChange = strChange.replace("%", ""): null

2024-01-22 18:03:17 - [TEST_STEP][PASSED] - strFreq = getText(findTestObject("Stockbit/Home_Freq")): Text of object 'Object Repository/Stockbit/Home_Freq' is: '204'

2024-01-22 18:03:17 - [MESSAGE][PASSED] - Text of object 'Object Repository/Stockbit/Home_Freq' is: '204'

2024-01-22 18:03:17 - [TEST_STEP][PASSED] - if (strFreq.contains(",")): null

2024-01-22 18:03:17 - [TEST_STEP][PASSED] - if (strFreq == "NA" || strFreq == ""): null

2024-01-22 18:03:17 - [TEST_STEP][PASSED] - else: null

2024-01-22 18:03:17 - [TEST_STEP][PASSED] - dblFreqAnal = strVol.toDouble() / strFreq.toDouble() * strFreq.toDouble() * strFreq.toDouble() * 100000000: null

2024-01-22 18:03:17 - [TEST_STEP][PASSED] - strFreqAnal = String.format("%.4f", dblFreqAnal): null

2024-01-22 18:03:17 - [TEST_STEP][PASSED] - out.println("Double strFreqAnal: " + strFreqAnal): null

2024-01-22 18:03:17 - [TEST_STEP][PASSED] - strTanggal = d.format(DateTimeFormatter.ofPattern("yyyy-MM-dd")): null

2024-01-22 18:03:17 - [TEST_STEP][PASSED] - strTanggal = "#" + strTanggal + "#": null

2024-01-22 18:03:17 - [TEST_STEP][PASSED] - strSQL = "select count(*) as JumBaris from TblBrokSum where Nama = '" + strNama + "' and Tanggal = " + strTanggal + "": null

2024-01-22 18:03:17 - [TEST_STEP][PASSED] - resultSet = statement.executeQuery(strSQL): null

2024-01-22 18:03:17 - [TEST_STEP][PASSED] - resultSet.next(): null

2024-01-22 18:03:17 - [TEST_STEP][PASSED] - intJumBaris = resultSet.getInt("JumBaris"): null

2024-01-22 18:03:17 - [TEST_STEP][PASSED] - if (intJumBaris > 0): null

2024-01-22 18:03:17 - [TEST_STEP][PASSED] - else: null

2024-01-22 18:03:17 - [TEST_STEP][PASSED] - try: null

2024-01-22 18:03:17 - [TEST_STEP][PASSED] - out.println("Insert data"): null

2024-01-22 18:03:17 - [TEST_STEP][PASSED] - strSQL = "insert into TblBrokSum (nama, tanggal, top1, top2, top3, AllBrokAvg, AccDist, AvgRP, " + "Buyer1, BuyerVal1, BuyerAvg1, Seller1, SellerVal1, SellerAvg1, Buyer2, BuyerVal2, BuyerAvg2, " + "Seller2, SellerVal2, SellerAvg2, Buyer3, BuyerVal3, BuyerAvg3, Seller3, SellerVal3, SellerAvg3, NetVol, NetVal, " + "OpenPrice, LowPrice, HighPrice, ClosePrice, Volume, Change, Frekuensi, FrekAnal) " + "values ('" + strNama + "', " + strTanggal + ", '" + strTop1 + "', '" + strTop3 + "', '" + strTop5 + "', " + "'" + strAllBrokAvg + "', '" + strAccDist + "', " + intAvgRP + ", '" + strBuyer1 + "', '" + strBuyerVol1 + "', " + strBuyerAvg1 + ", " + "'" + strSeller1 + "', '" + strSellerVol1 + "', " + strSellerAvg1 + ", '" + strBuyer2 + "', '" + strBuyerVol2 + "', " + strBuyerAvg2 + ", " + "'" + strSeller2 + "', '" + strSellerVol2 + "', " + strSellerAvg2 + ", '" + strBuyer3 + "', '" + strBuyerVol3 + "', " + strBuyerAvg3 + ", " + "'" + strSeller3 + "', '" + strSellerVol3 + "', " + strSellerAvg3 + ", " + strNetVol + ", '" + strNetVal + "', " + "" + strOpenPrice + ", " + strLowPrice + ", " + strHighPrice + ", " + strClosePrice + ", '" + strVol + "', " + strChange + ", " + strFreq + ", " + strFreqAnal + ");": null

2024-01-22 18:03:17 - [TEST_STEP][PASSED] - out.println("strSQL = " + strSQL): null

2024-01-22 18:03:17 - [TEST_STEP][PASSED] - statement.executeUpdate(strSQL): null

2024-01-22 18:03:17 - [TEST_STEP][PASSED] - setValueToCellByIndex(sheet01, rowIndex, 4, "DONE"): null

2024-01-22 18:03:17 - [TEST_STEP][PASSED] - saveWorkbook(excelFilePath, workbook01): null

2024-01-22 18:03:17 - [TEST_STEP][PASSED] - waitForElementClickable(findTestObject("Stockbit/menu_Bandarmology"), 10): Object 'Object Repository/Stockbit/menu_Bandarmology' is clickable

2024-01-22 18:03:17 - [MESSAGE][PASSED] - Object 'Object Repository/Stockbit/menu_Bandarmology' is clickable

2024-01-22 18:03:17 - [TEST_STEP][PASSED] - click(findTestObject("Stockbit/menu_Bandarmology")): Object: 'Object Repository/Stockbit/menu_Bandarmology' is clicked on

2024-01-22 18:03:18 - [MESSAGE][PASSED] - Object: 'Object Repository/Stockbit/menu_Bandarmology' is clicked on

2024-01-22 18:03:18 - [TEST_STEP][PASSED] - strTemp = "NA": null

2024-01-22 18:03:18 - [TEST_STEP][PASSED] - if (getCellValueByIndex(sheet01, rowIndex, 4) != "DONE"): Object: 'Object Repository/Stockbit/menu_Bandarmology' is clicked on

2024-01-22 18:03:18 - [TEST_STEP][PASSED] - strNama = getCellValueByIndex(sheet01, rowIndex, 0): null

2024-01-22 18:03:18 - [TEST_STEP][PASSED] - navigateToUrl("https://stockbit.com/#/symbol/" + strNama): Navigate to 'https://stockbit.com/#/symbol/PNBS' successfully

2024-01-22 18:03:20 - [MESSAGE][PASSED] - Navigate to 'https://stockbit.com/#/symbol/PNBS' successfully

2024-01-22 18:03:20 - [TEST_STEP][PASSED] - waitForElementClickable(findTestObject("Stockbit/menu_Bandarmology"), 10): Object 'Object Repository/Stockbit/menu_Bandarmology' is clickable

2024-01-22 18:03:20 - [MESSAGE][PASSED] - Object 'Object Repository/Stockbit/menu_Bandarmology' is clickable

2024-01-22 18:03:20 - [TEST_STEP][PASSED] - click(findTestObject("Stockbit/menu_Bandarmology")): Object: 'Object Repository/Stockbit/menu_Bandarmology' is clicked on

2024-01-22 18:03:21 - [MESSAGE][PASSED] - Object: 'Object Repository/Stockbit/menu_Bandarmology' is clicked on

2024-01-22 18:03:21 - [TEST_STEP][PASSED] - strTanggal = d.format(DateTimeFormatter.ofPattern("MMM dd, yyyy")): null

2024-01-22 18:03:21 - [TEST_STEP][PASSED] - strTanggal = d.format(ISO_DATE): null

2024-01-22 18:03:21 - [TEST_STEP][PASSED] - out.println("strTanggal = " + strTanggal): null

2024-01-22 18:03:21 - [TEST_STEP][PASSED] - out.println("strNama = " + strNama): null

2024-01-22 18:03:21 - [TEST_STEP][PASSED] - out.println("Baris ke = " + rowIndex): null

2024-01-22 18:03:21 - [TEST_STEP][PASSED] - click(findTestObject("Stockbit/input__BandarmologyOpenStartDate")): Object: 'Object Repository/Stockbit/input__BandarmologyOpenStartDate' is clicked on

2024-01-22 18:03:22 - [MESSAGE][PASSED] - Object: 'Object Repository/Stockbit/input__BandarmologyOpenStartDate' is clicked on

2024-01-22 18:03:22 - [TEST_STEP][PASSED] - sendKeys(findTestObject("Stockbit/input__BandarmologyOpenStartDate"), Keys.chord(CONTROL, "a")): Keys 'CONTROL + a' sent to object: 'Object Repository/Stockbit/input__BandarmologyOpenStartDate'

2024-01-22 18:03:23 - [MESSAGE][PASSED] - Keys 'CONTROL + a' sent to object: 'Object Repository/Stockbit/input__BandarmologyOpenStartDate'

2024-01-22 18:03:23 - [TEST_STEP][PASSED] - sendKeys(findTestObject("Stockbit/input__BandarmologyOpenStartDate"), Keys.chord(BACK_SPACE)): Keys 'BACK_SPACE + ' sent to object: 'Object Repository/Stockbit/input__BandarmologyOpenStartDate'

2024-01-22 18:03:23 - [MESSAGE][PASSED] - Keys 'BACK_SPACE + ' sent to object: 'Object Repository/Stockbit/input__BandarmologyOpenStartDate'

2024-01-22 18:03:23 - [TEST_STEP][PASSED] - setText(findTestObject("Stockbit/input__BandarmologyOpenStartDate"), strTanggal): Text '2024-01-22' is set on object 'Object Repository/Stockbit/input__BandarmologyOpenStartDate'

2024-01-22 18:03:24 - [MESSAGE][PASSED] - Text '2024-01-22' is set on object 'Object Repository/Stockbit/input__BandarmologyOpenStartDate'

2024-01-22 18:03:24 - [TEST_STEP][PASSED] - sendKeys(findTestObject("Stockbit/input__BandarmologyOpenStartDate"), Keys.chord(ENTER)): Keys 'ENTER + ' sent to object: 'Object Repository/Stockbit/input__BandarmologyOpenStartDate'

2024-01-22 18:03:25 - [MESSAGE][PASSED] - Keys 'ENTER + ' sent to object: 'Object Repository/Stockbit/input__BandarmologyOpenStartDate'

2024-01-22 18:03:25 - [TEST_STEP][PASSED] - click(findTestObject("Stockbit/input__BandarmologyOpenEndDate")): Object: 'Object Repository/Stockbit/input__BandarmologyOpenEndDate' is clicked on

2024-01-22 18:03:25 - [MESSAGE][PASSED] - Object: 'Object Repository/Stockbit/input__BandarmologyOpenEndDate' is clicked on

2024-01-22 18:03:25 - [TEST_STEP][PASSED] - sendKeys(findTestObject("Stockbit/input__BandarmologyOpenEndDate"), Keys.chord(CONTROL, "a")): Keys 'CONTROL + a' sent to object: 'Object Repository/Stockbit/input__BandarmologyOpenEndDate'

2024-01-22 18:03:26 - [MESSAGE][PASSED] - Keys 'CONTROL + a' sent to object: 'Object Repository/Stockbit/input__BandarmologyOpenEndDate'

2024-01-22 18:03:26 - [TEST_STEP][PASSED] - sendKeys(findTestObject("Stockbit/input__BandarmologyOpenEndDate"), Keys.chord(BACK_SPACE)): Keys 'BACK_SPACE + ' sent to object: 'Object Repository/Stockbit/input__BandarmologyOpenEndDate'

2024-01-22 18:03:26 - [MESSAGE][PASSED] - Keys 'BACK_SPACE + ' sent to object: 'Object Repository/Stockbit/input__BandarmologyOpenEndDate'

2024-01-22 18:03:26 - [TEST_STEP][PASSED] - setText(findTestObject("Stockbit/input__BandarmologyOpenEndDate"), strTanggal): Text '2024-01-22' is set on object 'Object Repository/Stockbit/input__BandarmologyOpenEndDate'

2024-01-22 18:03:27 - [MESSAGE][PASSED] - Text '2024-01-22' is set on object 'Object Repository/Stockbit/input__BandarmologyOpenEndDate'

2024-01-22 18:03:27 - [TEST_STEP][PASSED] - sendKeys(findTestObject("Stockbit/input__BandarmologyOpenEndDate"), Keys.chord(ENTER)): Keys 'ENTER + ' sent to object: 'Object Repository/Stockbit/input__BandarmologyOpenEndDate'

2024-01-22 18:03:28 - [MESSAGE][PASSED] - Keys 'ENTER + ' sent to object: 'Object Repository/Stockbit/input__BandarmologyOpenEndDate'

2024-01-22 18:03:28 - [TEST_STEP][PASSED] - delay(2): Delayed 2 second(s)

2024-01-22 18:03:30 - [MESSAGE][PASSED] - Delayed 2 second(s)

2024-01-22 18:03:30 - [TEST_STEP][PASSED] - strTemp = getText(findTestObject("Stockbit/Bandarmology_AvgRP")): Text of object 'Object Repository/Stockbit/Bandarmology_AvgRP' is: '54'

2024-01-22 18:03:30 - [MESSAGE][PASSED] - Text of object 'Object Repository/Stockbit/Bandarmology_AvgRP' is: '54'

2024-01-22 18:03:30 - [TEST_STEP][PASSED] - out.println("Bandarmology_AvgRP = " + strTemp): null

2024-01-22 18:03:30 - [TEST_STEP][PASSED] - if (strTemp != "0"): null

2024-01-22 18:03:30 - [TEST_STEP][PASSED] - strTop1 = getText(findTestObject("Stockbit/Bandarmology_Top1")): Text of object 'Object Repository/Stockbit/Bandarmology_Top1' is: 'Neutral'

2024-01-22 18:03:30 - [MESSAGE][PASSED] - Text of object 'Object Repository/Stockbit/Bandarmology_Top1' is: 'Neutral'

2024-01-22 18:03:30 - [TEST_STEP][PASSED] - strTop3 = getText(findTestObject("Stockbit/Bandarmology_Top3")): Text of object 'Object Repository/Stockbit/Bandarmology_Top3' is: 'Small Dist'

2024-01-22 18:03:30 - [MESSAGE][PASSED] - Text of object 'Object Repository/Stockbit/Bandarmology_Top3' is: 'Small Dist'

2024-01-22 18:03:30 - [TEST_STEP][PASSED] - strTop5 = getText(findTestObject("Stockbit/Bandarmology_Top5")): Text of object 'Object Repository/Stockbit/Bandarmology_Top5' is: 'Neutral'

2024-01-22 18:03:30 - [MESSAGE][PASSED] - Text of object 'Object Repository/Stockbit/Bandarmology_Top5' is: 'Neutral'

2024-01-22 18:03:30 - [TEST_STEP][PASSED] - strAllBrokAvg = getText(findTestObject("Stockbit/Bandarmology_TopAVG")): Text of object 'Object Repository/Stockbit/Bandarmology_TopAVG' is: 'Neutral'

2024-01-22 18:03:30 - [MESSAGE][PASSED] - Text of object 'Object Repository/Stockbit/Bandarmology_TopAVG' is: 'Neutral'

2024-01-22 18:03:30 - [TEST_STEP][PASSED] - strTemp = getText(findTestObject("Stockbit/Bandarmology_AvgRP")): Text of object 'Object Repository/Stockbit/Bandarmology_AvgRP' is: '54'

2024-01-22 18:03:31 - [MESSAGE][PASSED] - Text of object 'Object Repository/Stockbit/Bandarmology_AvgRP' is: '54'

2024-01-22 18:03:31 - [TEST_STEP][PASSED] - if (strTemp.contains(",")): null

2024-01-22 18:03:31 - [TEST_STEP][PASSED] - intAvgRP = strTemp.toInteger(): null

2024-01-22 18:03:31 - [TEST_STEP][PASSED] - strBuyer1 = getText(findTestObject("Stockbit/Bandarmology_Buyer1")): Text of object 'Object Repository/Stockbit/Bandarmology_Buyer1' is: 'MG'

2024-01-22 18:03:31 - [MESSAGE][PASSED] - Text of object 'Object Repository/Stockbit/Bandarmology_Buyer1' is: 'MG'

2024-01-22 18:03:31 - [TEST_STEP][PASSED] - strBuyerVol1 = getText(findTestObject("Stockbit/Bandarmology_BuyerVol1")): Text of object 'Object Repository/Stockbit/Bandarmology_BuyerVol1' is: '18.5 K'

2024-01-22 18:03:31 - [MESSAGE][PASSED] - Text of object 'Object Repository/Stockbit/Bandarmology_BuyerVol1' is: '18.5 K'

2024-01-22 18:03:31 - [TEST_STEP][PASSED] - strBuyerAvg1 = getText(findTestObject("Stockbit/Bandarmology_BuyerAvg1")): Text of object 'Object Repository/Stockbit/Bandarmology_BuyerAvg1' is: '53'

2024-01-22 18:03:31 - [MESSAGE][PASSED] - Text of object 'Object Repository/Stockbit/Bandarmology_BuyerAvg1' is: '53'

2024-01-22 18:03:31 - [TEST_STEP][PASSED] - if (strBuyerAvg1.contains(",")): null

2024-01-22 18:03:31 - [TEST_STEP][PASSED] - if (strBuyerVol1.contains(" B")): null

2024-01-22 18:03:31 - [TEST_STEP][PASSED] - else if (strBuyerVol1.contains(" M")): null

2024-01-22 18:03:31 - [TEST_STEP][PASSED] - else if (strBuyerVol1.contains(" K")): null

2024-01-22 18:03:31 - [TEST_STEP][PASSED] - strBuyerVol1 = strBuyerVol1.replace(" K", ""): null

2024-01-22 18:03:31 - [TEST_STEP][PASSED] - strBuyerVol1 = strBuyerVol1.toDouble() * 1000: null

2024-01-22 18:03:31 - [TEST_STEP][PASSED] - strSeller1 = getText(findTestObject("Stockbit/Bandarmology_Seller1")): Text of object 'Object Repository/Stockbit/Bandarmology_Seller1' is: 'YP'

2024-01-22 18:03:31 - [MESSAGE][PASSED] - Text of object 'Object Repository/Stockbit/Bandarmology_Seller1' is: 'YP'

2024-01-22 18:03:31 - [TEST_STEP][PASSED] - strSellerVol1 = getText(findTestObject("Stockbit/Bandarmology_SellerVol1")): Text of object 'Object Repository/Stockbit/Bandarmology_SellerVol1' is: '19.3 K'

2024-01-22 18:03:31 - [MESSAGE][PASSED] - Text of object 'Object Repository/Stockbit/Bandarmology_SellerVol1' is: '19.3 K'

2024-01-22 18:03:31 - [TEST_STEP][PASSED] - strSellerAvg1 = getText(findTestObject("Stockbit/Bandarmology_SellerAvg1")): Text of object 'Object Repository/Stockbit/Bandarmology_SellerAvg1' is: '54'

2024-01-22 18:03:32 - [MESSAGE][PASSED] - Text of object 'Object Repository/Stockbit/Bandarmology_SellerAvg1' is: '54'

2024-01-22 18:03:32 - [TEST_STEP][PASSED] - if (strSellerAvg1.contains(",")): null

2024-01-22 18:03:32 - [TEST_STEP][PASSED] - if (strSellerVol1.contains(" B")): null

2024-01-22 18:03:32 - [TEST_STEP][PASSED] - else if (strSellerVol1.contains(" M")): null

2024-01-22 18:03:32 - [TEST_STEP][PASSED] - else if (strSellerVol1.contains(" K")): null

2024-01-22 18:03:32 - [TEST_STEP][PASSED] - strSellerVol1 = strSellerVol1.replace(" K", ""): null

2024-01-22 18:03:32 - [TEST_STEP][PASSED] - strSellerVol1 = strSellerVol1.toDouble() * 1000: null

2024-01-22 18:03:32 - [TEST_STEP][PASSED] - if (verifyElementNotPresent(findTestObject("Stockbit/Bandarmology_Buyer2"), 1, OPTIONAL)): Web element with id: 'Object Repository/Stockbit/Bandarmology_Buyer2' located by 'By.xpath: //*[contains(@id, 'rc-tabs-')]/div[2]/div/div/div/div/div/div[2]/table/tbody/tr[3]/td[1]/p' is present after '1' second(s) (Root cause: com.kms.katalon.core.exception.StepFailedException: Web element with id: 'Object Repository/Stockbit/Bandarmology_Buyer2' located by 'By.xpath: //*[contains(@id, 'rc-tabs-')]/div[2]/div/div/div/div/div/div[2]/table/tbody/tr[3]/td[1]/p' is present after '1' second(s)
	at com.kms.katalon.core.webui.keyword.internal.WebUIKeywordMain.stepFailed(WebUIKeywordMain.groovy:64)
	at com.kms.katalon.core.webui.keyword.internal.WebUIKeywordMain$stepFailed$0.call(Unknown Source)
	at com.kms.katalon.core.webui.keyword.builtin.VerifyElementNotPresentKeyword$_verifyElementNotPresent_closure1.doCall(VerifyElementNotPresentKeyword.groovy:106)
	at com.kms.katalon.core.webui.keyword.builtin.VerifyElementNotPresentKeyword$_verifyElementNotPresent_closure1.doCall(VerifyElementNotPresentKeyword.groovy)
	at com.kms.katalon.core.webui.keyword.internal.WebUIKeywordMain.runKeyword(WebUIKeywordMain.groovy:20)
	at com.kms.katalon.core.webui.keyword.internal.WebUIKeywordMain$runKeyword.call(Unknown Source)
	at com.kms.katalon.core.webui.keyword.builtin.VerifyElementNotPresentKeyword.verifyElementNotPresent(VerifyElementNotPresentKeyword.groovy:117)
	at com.kms.katalon.core.webui.keyword.builtin.VerifyElementNotPresentKeyword.execute(VerifyElementNotPresentKeyword.groovy:68)
	at com.kms.katalon.core.keyword.internal.KeywordExecutor.executeKeywordForPlatform(KeywordExecutor.groovy:74)
	at com.kms.katalon.core.webui.keyword.WebUiBuiltInKeywords.verifyElementNotPresent(WebUiBuiltInKeywords.groovy:1481)
	at com.kms.katalon.core.webui.keyword.WebUiBuiltInKeywords$verifyElementNotPresent$8.call(Unknown Source)
	at GetBrokSumPriceDaily.run(GetBrokSumPriceDaily:258)
	at com.kms.katalon.core.main.ScriptEngine.run(ScriptEngine.java:194)
	at com.kms.katalon.core.main.ScriptEngine.runScriptAsRawText(ScriptEngine.java:119)
	at com.kms.katalon.core.main.TestCaseExecutor.runScript(TestCaseExecutor.java:445)
	at com.kms.katalon.core.main.TestCaseExecutor.doExecute(TestCaseExecutor.java:436)
	at com.kms.katalon.core.main.TestCaseExecutor.processExecutionPhase(TestCaseExecutor.java:415)
	at com.kms.katalon.core.main.TestCaseExecutor.accessMainPhase(TestCaseExecutor.java:407)
	at com.kms.katalon.core.main.TestCaseExecutor.execute(TestCaseExecutor.java:284)
	at com.kms.katalon.core.common.CommonExecutor.accessTestCaseMainPhase(CommonExecutor.java:65)
	at com.kms.katalon.core.main.TestSuiteExecutor.accessTestSuiteMainPhase(TestSuiteExecutor.java:144)
	at com.kms.katalon.core.main.TestSuiteExecutor.execute(TestSuiteExecutor.java:106)
	at com.kms.katalon.core.main.TestCaseMain.startTestSuite(TestCaseMain.java:185)
	at com.kms.katalon.core.main.TestCaseMain$startTestSuite$0.call(Unknown Source)
	at TempTestSuite1705920083951.run(TempTestSuite1705920083951.groovy:36)
)

2024-01-22 18:03:33 - [MESSAGE][WARNING] - Web element with id: 'Object Repository/Stockbit/Bandarmology_Buyer2' located by 'By.xpath: //*[contains(@id, 'rc-tabs-')]/div[2]/div/div/div/div/div/div[2]/table/tbody/tr[3]/td[1]/p' is present after '1' second(s) (Root cause: com.kms.katalon.core.exception.StepFailedException: Web element with id: 'Object Repository/Stockbit/Bandarmology_Buyer2' located by 'By.xpath: //*[contains(@id, 'rc-tabs-')]/div[2]/div/div/div/div/div/div[2]/table/tbody/tr[3]/td[1]/p' is present after '1' second(s)
	at com.kms.katalon.core.webui.keyword.internal.WebUIKeywordMain.stepFailed(WebUIKeywordMain.groovy:64)
	at com.kms.katalon.core.webui.keyword.internal.WebUIKeywordMain$stepFailed$0.call(Unknown Source)
	at com.kms.katalon.core.webui.keyword.builtin.VerifyElementNotPresentKeyword$_verifyElementNotPresent_closure1.doCall(VerifyElementNotPresentKeyword.groovy:106)
	at com.kms.katalon.core.webui.keyword.builtin.VerifyElementNotPresentKeyword$_verifyElementNotPresent_closure1.doCall(VerifyElementNotPresentKeyword.groovy)
	at com.kms.katalon.core.webui.keyword.internal.WebUIKeywordMain.runKeyword(WebUIKeywordMain.groovy:20)
	at com.kms.katalon.core.webui.keyword.internal.WebUIKeywordMain$runKeyword.call(Unknown Source)
	at com.kms.katalon.core.webui.keyword.builtin.VerifyElementNotPresentKeyword.verifyElementNotPresent(VerifyElementNotPresentKeyword.groovy:117)
	at com.kms.katalon.core.webui.keyword.builtin.VerifyElementNotPresentKeyword.execute(VerifyElementNotPresentKeyword.groovy:68)
	at com.kms.katalon.core.keyword.internal.KeywordExecutor.executeKeywordForPlatform(KeywordExecutor.groovy:74)
	at com.kms.katalon.core.webui.keyword.WebUiBuiltInKeywords.verifyElementNotPresent(WebUiBuiltInKeywords.groovy:1481)
	at com.kms.katalon.core.webui.keyword.WebUiBuiltInKeywords$verifyElementNotPresent$8.call(Unknown Source)
	at GetBrokSumPriceDaily.run(GetBrokSumPriceDaily:258)
	at com.kms.katalon.core.main.ScriptEngine.run(ScriptEngine.java:194)
	at com.kms.katalon.core.main.ScriptEngine.runScriptAsRawText(ScriptEngine.java:119)
	at com.kms.katalon.core.main.TestCaseExecutor.runScript(TestCaseExecutor.java:445)
	at com.kms.katalon.core.main.TestCaseExecutor.doExecute(TestCaseExecutor.java:436)
	at com.kms.katalon.core.main.TestCaseExecutor.processExecutionPhase(TestCaseExecutor.java:415)
	at com.kms.katalon.core.main.TestCaseExecutor.accessMainPhase(TestCaseExecutor.java:407)
	at com.kms.katalon.core.main.TestCaseExecutor.execute(TestCaseExecutor.java:284)
	at com.kms.katalon.core.common.CommonExecutor.accessTestCaseMainPhase(CommonExecutor.java:65)
	at com.kms.katalon.core.main.TestSuiteExecutor.accessTestSuiteMainPhase(TestSuiteExecutor.java:144)
	at com.kms.katalon.core.main.TestSuiteExecutor.execute(TestSuiteExecutor.java:106)
	at com.kms.katalon.core.main.TestCaseMain.startTestSuite(TestCaseMain.java:185)
	at com.kms.katalon.core.main.TestCaseMain$startTestSuite$0.call(Unknown Source)
	at TempTestSuite1705920083951.run(TempTestSuite1705920083951.groovy:36)
)
[[ATTACHMENT|C:\\Users\\Fadli\\git\\KatalonDailyGetData2\\Reports\\20240122_174123\\TS1\\20240122_174123\\1705921413255.png]]

2024-01-22 18:03:33 - [TEST_STEP][PASSED] - else: null

2024-01-22 18:03:33 - [TEST_STEP][PASSED] - strBuyer2 = getText(findTestObject("Stockbit/Bandarmology_Buyer2")): Text of object 'Object Repository/Stockbit/Bandarmology_Buyer2' is: 'IF'

2024-01-22 18:03:33 - [MESSAGE][PASSED] - Text of object 'Object Repository/Stockbit/Bandarmology_Buyer2' is: 'IF'

2024-01-22 18:03:33 - [TEST_STEP][PASSED] - strBuyerVol2 = getText(findTestObject("Stockbit/Bandarmology_BuyerVol2")): Text of object 'Object Repository/Stockbit/Bandarmology_BuyerVol2' is: '5 K'

2024-01-22 18:03:33 - [MESSAGE][PASSED] - Text of object 'Object Repository/Stockbit/Bandarmology_BuyerVol2' is: '5 K'

2024-01-22 18:03:33 - [TEST_STEP][PASSED] - strBuyerAvg2 = getText(findTestObject("Stockbit/Bandarmology_BuyerAvg2")): Text of object 'Object Repository/Stockbit/Bandarmology_BuyerAvg2' is: '54'

2024-01-22 18:03:33 - [MESSAGE][PASSED] - Text of object 'Object Repository/Stockbit/Bandarmology_BuyerAvg2' is: '54'

2024-01-22 18:03:33 - [TEST_STEP][PASSED] - if (strBuyer2 != ""): null

2024-01-22 18:03:33 - [TEST_STEP][PASSED] - if (strBuyerAvg2.contains(",")): null

2024-01-22 18:03:33 - [TEST_STEP][PASSED] - if (strBuyerVol2.contains(" B")): null

2024-01-22 18:03:33 - [TEST_STEP][PASSED] - else if (strBuyerVol2.contains(" M")): null

2024-01-22 18:03:33 - [TEST_STEP][PASSED] - else if (strBuyerVol2.contains(" K")): null

2024-01-22 18:03:33 - [TEST_STEP][PASSED] - strBuyerVol2 = strBuyerVol2.replace(" K", ""): null

2024-01-22 18:03:33 - [TEST_STEP][PASSED] - strBuyerVol2 = strBuyerVol2.toDouble() * 1000: null

2024-01-22 18:03:33 - [TEST_STEP][PASSED] - if (strBuyerVol2.contains(".")): null

2024-01-22 18:03:33 - [TEST_STEP][PASSED] - strBuyerVal2 = strBuyerVol2.replace(".", ""): null

2024-01-22 18:03:33 - [TEST_STEP][PASSED] - if (verifyElementNotPresent(findTestObject("Stockbit/Bandarmology_Seller2"), 1, OPTIONAL)): Web element with id: 'Object Repository/Stockbit/Bandarmology_Seller2' located by 'By.xpath: //*[contains(@id, 'rc-tabs-')]/div[2]/div/div/div/div/div/div[2]/table/tbody/tr[3]/td[5]/p' is present after '1' second(s) (Root cause: com.kms.katalon.core.exception.StepFailedException: Web element with id: 'Object Repository/Stockbit/Bandarmology_Seller2' located by 'By.xpath: //*[contains(@id, 'rc-tabs-')]/div[2]/div/div/div/div/div/div[2]/table/tbody/tr[3]/td[5]/p' is present after '1' second(s)
	at com.kms.katalon.core.webui.keyword.internal.WebUIKeywordMain.stepFailed(WebUIKeywordMain.groovy:64)
	at com.kms.katalon.core.webui.keyword.internal.WebUIKeywordMain$stepFailed$0.call(Unknown Source)
	at com.kms.katalon.core.webui.keyword.builtin.VerifyElementNotPresentKeyword$_verifyElementNotPresent_closure1.doCall(VerifyElementNotPresentKeyword.groovy:106)
	at com.kms.katalon.core.webui.keyword.builtin.VerifyElementNotPresentKeyword$_verifyElementNotPresent_closure1.doCall(VerifyElementNotPresentKeyword.groovy)
	at com.kms.katalon.core.webui.keyword.internal.WebUIKeywordMain.runKeyword(WebUIKeywordMain.groovy:20)
	at com.kms.katalon.core.webui.keyword.internal.WebUIKeywordMain$runKeyword.call(Unknown Source)
	at com.kms.katalon.core.webui.keyword.builtin.VerifyElementNotPresentKeyword.verifyElementNotPresent(VerifyElementNotPresentKeyword.groovy:117)
	at com.kms.katalon.core.webui.keyword.builtin.VerifyElementNotPresentKeyword.execute(VerifyElementNotPresentKeyword.groovy:68)
	at com.kms.katalon.core.keyword.internal.KeywordExecutor.executeKeywordForPlatform(KeywordExecutor.groovy:74)
	at com.kms.katalon.core.webui.keyword.WebUiBuiltInKeywords.verifyElementNotPresent(WebUiBuiltInKeywords.groovy:1481)
	at com.kms.katalon.core.webui.keyword.WebUiBuiltInKeywords$verifyElementNotPresent$8.call(Unknown Source)
	at GetBrokSumPriceDaily.run(GetBrokSumPriceDaily:309)
	at com.kms.katalon.core.main.ScriptEngine.run(ScriptEngine.java:194)
	at com.kms.katalon.core.main.ScriptEngine.runScriptAsRawText(ScriptEngine.java:119)
	at com.kms.katalon.core.main.TestCaseExecutor.runScript(TestCaseExecutor.java:445)
	at com.kms.katalon.core.main.TestCaseExecutor.doExecute(TestCaseExecutor.java:436)
	at com.kms.katalon.core.main.TestCaseExecutor.processExecutionPhase(TestCaseExecutor.java:415)
	at com.kms.katalon.core.main.TestCaseExecutor.accessMainPhase(TestCaseExecutor.java:407)
	at com.kms.katalon.core.main.TestCaseExecutor.execute(TestCaseExecutor.java:284)
	at com.kms.katalon.core.common.CommonExecutor.accessTestCaseMainPhase(CommonExecutor.java:65)
	at com.kms.katalon.core.main.TestSuiteExecutor.accessTestSuiteMainPhase(TestSuiteExecutor.java:144)
	at com.kms.katalon.core.main.TestSuiteExecutor.execute(TestSuiteExecutor.java:106)
	at com.kms.katalon.core.main.TestCaseMain.startTestSuite(TestCaseMain.java:185)
	at com.kms.katalon.core.main.TestCaseMain$startTestSuite$0.call(Unknown Source)
	at TempTestSuite1705920083951.run(TempTestSuite1705920083951.groovy:36)
)

2024-01-22 18:03:35 - [MESSAGE][WARNING] - Web element with id: 'Object Repository/Stockbit/Bandarmology_Seller2' located by 'By.xpath: //*[contains(@id, 'rc-tabs-')]/div[2]/div/div/div/div/div/div[2]/table/tbody/tr[3]/td[5]/p' is present after '1' second(s) (Root cause: com.kms.katalon.core.exception.StepFailedException: Web element with id: 'Object Repository/Stockbit/Bandarmology_Seller2' located by 'By.xpath: //*[contains(@id, 'rc-tabs-')]/div[2]/div/div/div/div/div/div[2]/table/tbody/tr[3]/td[5]/p' is present after '1' second(s)
	at com.kms.katalon.core.webui.keyword.internal.WebUIKeywordMain.stepFailed(WebUIKeywordMain.groovy:64)
	at com.kms.katalon.core.webui.keyword.internal.WebUIKeywordMain$stepFailed$0.call(Unknown Source)
	at com.kms.katalon.core.webui.keyword.builtin.VerifyElementNotPresentKeyword$_verifyElementNotPresent_closure1.doCall(VerifyElementNotPresentKeyword.groovy:106)
	at com.kms.katalon.core.webui.keyword.builtin.VerifyElementNotPresentKeyword$_verifyElementNotPresent_closure1.doCall(VerifyElementNotPresentKeyword.groovy)
	at com.kms.katalon.core.webui.keyword.internal.WebUIKeywordMain.runKeyword(WebUIKeywordMain.groovy:20)
	at com.kms.katalon.core.webui.keyword.internal.WebUIKeywordMain$runKeyword.call(Unknown Source)
	at com.kms.katalon.core.webui.keyword.builtin.VerifyElementNotPresentKeyword.verifyElementNotPresent(VerifyElementNotPresentKeyword.groovy:117)
	at com.kms.katalon.core.webui.keyword.builtin.VerifyElementNotPresentKeyword.execute(VerifyElementNotPresentKeyword.groovy:68)
	at com.kms.katalon.core.keyword.internal.KeywordExecutor.executeKeywordForPlatform(KeywordExecutor.groovy:74)
	at com.kms.katalon.core.webui.keyword.WebUiBuiltInKeywords.verifyElementNotPresent(WebUiBuiltInKeywords.groovy:1481)
	at com.kms.katalon.core.webui.keyword.WebUiBuiltInKeywords$verifyElementNotPresent$8.call(Unknown Source)
	at GetBrokSumPriceDaily.run(GetBrokSumPriceDaily:309)
	at com.kms.katalon.core.main.ScriptEngine.run(ScriptEngine.java:194)
	at com.kms.katalon.core.main.ScriptEngine.runScriptAsRawText(ScriptEngine.java:119)
	at com.kms.katalon.core.main.TestCaseExecutor.runScript(TestCaseExecutor.java:445)
	at com.kms.katalon.core.main.TestCaseExecutor.doExecute(TestCaseExecutor.java:436)
	at com.kms.katalon.core.main.TestCaseExecutor.processExecutionPhase(TestCaseExecutor.java:415)
	at com.kms.katalon.core.main.TestCaseExecutor.accessMainPhase(TestCaseExecutor.java:407)
	at com.kms.katalon.core.main.TestCaseExecutor.execute(TestCaseExecutor.java:284)
	at com.kms.katalon.core.common.CommonExecutor.accessTestCaseMainPhase(CommonExecutor.java:65)
	at com.kms.katalon.core.main.TestSuiteExecutor.accessTestSuiteMainPhase(TestSuiteExecutor.java:144)
	at com.kms.katalon.core.main.TestSuiteExecutor.execute(TestSuiteExecutor.java:106)
	at com.kms.katalon.core.main.TestCaseMain.startTestSuite(TestCaseMain.java:185)
	at com.kms.katalon.core.main.TestCaseMain$startTestSuite$0.call(Unknown Source)
	at TempTestSuite1705920083951.run(TempTestSuite1705920083951.groovy:36)
)
[[ATTACHMENT|C:\\Users\\Fadli\\git\\KatalonDailyGetData2\\Reports\\20240122_174123\\TS1\\20240122_174123\\1705921415188.png]]

2024-01-22 18:03:35 - [TEST_STEP][PASSED] - else: null

2024-01-22 18:03:35 - [TEST_STEP][PASSED] - strSeller2 = getText(findTestObject("Stockbit/Bandarmology_Seller2")): Text of object 'Object Repository/Stockbit/Bandarmology_Seller2' is: 'XC'

2024-01-22 18:03:35 - [MESSAGE][PASSED] - Text of object 'Object Repository/Stockbit/Bandarmology_Seller2' is: 'XC'

2024-01-22 18:03:35 - [TEST_STEP][PASSED] - strSellerVol2 = getText(findTestObject("Stockbit/Bandarmology_SellerVol2")): Text of object 'Object Repository/Stockbit/Bandarmology_SellerVol2' is: '8.1 K'

2024-01-22 18:03:35 - [MESSAGE][PASSED] - Text of object 'Object Repository/Stockbit/Bandarmology_SellerVol2' is: '8.1 K'

2024-01-22 18:03:35 - [TEST_STEP][PASSED] - strSellerAvg2 = getText(findTestObject("Stockbit/Bandarmology_SellerAvg2")): Text of object 'Object Repository/Stockbit/Bandarmology_SellerAvg2' is: '53'

2024-01-22 18:03:35 - [MESSAGE][PASSED] - Text of object 'Object Repository/Stockbit/Bandarmology_SellerAvg2' is: '53'

2024-01-22 18:03:35 - [TEST_STEP][PASSED] - if (strSeller2 != ""): null

2024-01-22 18:03:35 - [TEST_STEP][PASSED] - if (strSellerAvg2.contains(",")): null

2024-01-22 18:03:35 - [TEST_STEP][PASSED] - if (strSellerVol2.contains(" B")): null

2024-01-22 18:03:35 - [TEST_STEP][PASSED] - else if (strSellerVol2.contains(" M")): null

2024-01-22 18:03:35 - [TEST_STEP][PASSED] - else if (strSellerVol2.contains(" K")): null

2024-01-22 18:03:35 - [TEST_STEP][PASSED] - strSellerVol2 = strSellerVol2.replace(" K", ""): null

2024-01-22 18:03:35 - [TEST_STEP][PASSED] - strSellerVol2 = strSellerVol2.toDouble() * 1000: null

2024-01-22 18:03:35 - [TEST_STEP][PASSED] - if (verifyElementNotPresent(findTestObject("Stockbit/Bandarmology_Buyer3"), 1, OPTIONAL)): Web element with id: 'Object Repository/Stockbit/Bandarmology_Buyer3' located by 'By.xpath: //*[contains(@id, 'rc-tabs-')]/div[2]/div/div/div/div/div/div[2]/table/tbody/tr[4]/td[1]/p' is present after '1' second(s) (Root cause: com.kms.katalon.core.exception.StepFailedException: Web element with id: 'Object Repository/Stockbit/Bandarmology_Buyer3' located by 'By.xpath: //*[contains(@id, 'rc-tabs-')]/div[2]/div/div/div/div/div/div[2]/table/tbody/tr[4]/td[1]/p' is present after '1' second(s)
	at com.kms.katalon.core.webui.keyword.internal.WebUIKeywordMain.stepFailed(WebUIKeywordMain.groovy:64)
	at com.kms.katalon.core.webui.keyword.internal.WebUIKeywordMain$stepFailed$0.call(Unknown Source)
	at com.kms.katalon.core.webui.keyword.builtin.VerifyElementNotPresentKeyword$_verifyElementNotPresent_closure1.doCall(VerifyElementNotPresentKeyword.groovy:106)
	at com.kms.katalon.core.webui.keyword.builtin.VerifyElementNotPresentKeyword$_verifyElementNotPresent_closure1.doCall(VerifyElementNotPresentKeyword.groovy)
	at com.kms.katalon.core.webui.keyword.internal.WebUIKeywordMain.runKeyword(WebUIKeywordMain.groovy:20)
	at com.kms.katalon.core.webui.keyword.internal.WebUIKeywordMain$runKeyword.call(Unknown Source)
	at com.kms.katalon.core.webui.keyword.builtin.VerifyElementNotPresentKeyword.verifyElementNotPresent(VerifyElementNotPresentKeyword.groovy:117)
	at com.kms.katalon.core.webui.keyword.builtin.VerifyElementNotPresentKeyword.execute(VerifyElementNotPresentKeyword.groovy:68)
	at com.kms.katalon.core.keyword.internal.KeywordExecutor.executeKeywordForPlatform(KeywordExecutor.groovy:74)
	at com.kms.katalon.core.webui.keyword.WebUiBuiltInKeywords.verifyElementNotPresent(WebUiBuiltInKeywords.groovy:1481)
	at com.kms.katalon.core.webui.keyword.WebUiBuiltInKeywords$verifyElementNotPresent$8.call(Unknown Source)
	at GetBrokSumPriceDaily.run(GetBrokSumPriceDaily:361)
	at com.kms.katalon.core.main.ScriptEngine.run(ScriptEngine.java:194)
	at com.kms.katalon.core.main.ScriptEngine.runScriptAsRawText(ScriptEngine.java:119)
	at com.kms.katalon.core.main.TestCaseExecutor.runScript(TestCaseExecutor.java:445)
	at com.kms.katalon.core.main.TestCaseExecutor.doExecute(TestCaseExecutor.java:436)
	at com.kms.katalon.core.main.TestCaseExecutor.processExecutionPhase(TestCaseExecutor.java:415)
	at com.kms.katalon.core.main.TestCaseExecutor.accessMainPhase(TestCaseExecutor.java:407)
	at com.kms.katalon.core.main.TestCaseExecutor.execute(TestCaseExecutor.java:284)
	at com.kms.katalon.core.common.CommonExecutor.accessTestCaseMainPhase(CommonExecutor.java:65)
	at com.kms.katalon.core.main.TestSuiteExecutor.accessTestSuiteMainPhase(TestSuiteExecutor.java:144)
	at com.kms.katalon.core.main.TestSuiteExecutor.execute(TestSuiteExecutor.java:106)
	at com.kms.katalon.core.main.TestCaseMain.startTestSuite(TestCaseMain.java:185)
	at com.kms.katalon.core.main.TestCaseMain$startTestSuite$0.call(Unknown Source)
	at TempTestSuite1705920083951.run(TempTestSuite1705920083951.groovy:36)
)

2024-01-22 18:03:37 - [MESSAGE][WARNING] - Web element with id: 'Object Repository/Stockbit/Bandarmology_Buyer3' located by 'By.xpath: //*[contains(@id, 'rc-tabs-')]/div[2]/div/div/div/div/div/div[2]/table/tbody/tr[4]/td[1]/p' is present after '1' second(s) (Root cause: com.kms.katalon.core.exception.StepFailedException: Web element with id: 'Object Repository/Stockbit/Bandarmology_Buyer3' located by 'By.xpath: //*[contains(@id, 'rc-tabs-')]/div[2]/div/div/div/div/div/div[2]/table/tbody/tr[4]/td[1]/p' is present after '1' second(s)
	at com.kms.katalon.core.webui.keyword.internal.WebUIKeywordMain.stepFailed(WebUIKeywordMain.groovy:64)
	at com.kms.katalon.core.webui.keyword.internal.WebUIKeywordMain$stepFailed$0.call(Unknown Source)
	at com.kms.katalon.core.webui.keyword.builtin.VerifyElementNotPresentKeyword$_verifyElementNotPresent_closure1.doCall(VerifyElementNotPresentKeyword.groovy:106)
	at com.kms.katalon.core.webui.keyword.builtin.VerifyElementNotPresentKeyword$_verifyElementNotPresent_closure1.doCall(VerifyElementNotPresentKeyword.groovy)
	at com.kms.katalon.core.webui.keyword.internal.WebUIKeywordMain.runKeyword(WebUIKeywordMain.groovy:20)
	at com.kms.katalon.core.webui.keyword.internal.WebUIKeywordMain$runKeyword.call(Unknown Source)
	at com.kms.katalon.core.webui.keyword.builtin.VerifyElementNotPresentKeyword.verifyElementNotPresent(VerifyElementNotPresentKeyword.groovy:117)
	at com.kms.katalon.core.webui.keyword.builtin.VerifyElementNotPresentKeyword.execute(VerifyElementNotPresentKeyword.groovy:68)
	at com.kms.katalon.core.keyword.internal.KeywordExecutor.executeKeywordForPlatform(KeywordExecutor.groovy:74)
	at com.kms.katalon.core.webui.keyword.WebUiBuiltInKeywords.verifyElementNotPresent(WebUiBuiltInKeywords.groovy:1481)
	at com.kms.katalon.core.webui.keyword.WebUiBuiltInKeywords$verifyElementNotPresent$8.call(Unknown Source)
	at GetBrokSumPriceDaily.run(GetBrokSumPriceDaily:361)
	at com.kms.katalon.core.main.ScriptEngine.run(ScriptEngine.java:194)
	at com.kms.katalon.core.main.ScriptEngine.runScriptAsRawText(ScriptEngine.java:119)
	at com.kms.katalon.core.main.TestCaseExecutor.runScript(TestCaseExecutor.java:445)
	at com.kms.katalon.core.main.TestCaseExecutor.doExecute(TestCaseExecutor.java:436)
	at com.kms.katalon.core.main.TestCaseExecutor.processExecutionPhase(TestCaseExecutor.java:415)
	at com.kms.katalon.core.main.TestCaseExecutor.accessMainPhase(TestCaseExecutor.java:407)
	at com.kms.katalon.core.main.TestCaseExecutor.execute(TestCaseExecutor.java:284)
	at com.kms.katalon.core.common.CommonExecutor.accessTestCaseMainPhase(CommonExecutor.java:65)
	at com.kms.katalon.core.main.TestSuiteExecutor.accessTestSuiteMainPhase(TestSuiteExecutor.java:144)
	at com.kms.katalon.core.main.TestSuiteExecutor.execute(TestSuiteExecutor.java:106)
	at com.kms.katalon.core.main.TestCaseMain.startTestSuite(TestCaseMain.java:185)
	at com.kms.katalon.core.main.TestCaseMain$startTestSuite$0.call(Unknown Source)
	at TempTestSuite1705920083951.run(TempTestSuite1705920083951.groovy:36)
)
[[ATTACHMENT|C:\\Users\\Fadli\\git\\KatalonDailyGetData2\\Reports\\20240122_174123\\TS1\\20240122_174123\\1705921417097.png]]

2024-01-22 18:03:37 - [TEST_STEP][PASSED] - else: null

2024-01-22 18:03:37 - [TEST_STEP][PASSED] - strBuyer3 = getText(findTestObject("Stockbit/Bandarmology_Buyer3")): Text of object 'Object Repository/Stockbit/Bandarmology_Buyer3' is: 'RB'

2024-01-22 18:03:37 - [MESSAGE][PASSED] - Text of object 'Object Repository/Stockbit/Bandarmology_Buyer3' is: 'RB'

2024-01-22 18:03:37 - [TEST_STEP][PASSED] - strBuyerVol3 = getText(findTestObject("Stockbit/Bandarmology_BuyerVol3")): Text of object 'Object Repository/Stockbit/Bandarmology_BuyerVol3' is: '4.4 K'

2024-01-22 18:03:37 - [MESSAGE][PASSED] - Text of object 'Object Repository/Stockbit/Bandarmology_BuyerVol3' is: '4.4 K'

2024-01-22 18:03:37 - [TEST_STEP][PASSED] - strBuyerAvg3 = getText(findTestObject("Stockbit/Bandarmology_BuyerAvg3")): Text of object 'Object Repository/Stockbit/Bandarmology_BuyerAvg3' is: '54'

2024-01-22 18:03:37 - [MESSAGE][PASSED] - Text of object 'Object Repository/Stockbit/Bandarmology_BuyerAvg3' is: '54'

2024-01-22 18:03:37 - [TEST_STEP][PASSED] - if (strBuyer3 != ""): null

2024-01-22 18:03:37 - [TEST_STEP][PASSED] - if (strBuyerAvg3.contains(",")): null

2024-01-22 18:03:37 - [TEST_STEP][PASSED] - if (strBuyerVol3.contains(" B")): null

2024-01-22 18:03:37 - [TEST_STEP][PASSED] - else if (strBuyerVol3.contains(" M")): null

2024-01-22 18:03:37 - [TEST_STEP][PASSED] - else if (strBuyerVol3.contains(" K")): null

2024-01-22 18:03:37 - [TEST_STEP][PASSED] - strBuyerVol3 = strBuyerVol3.replace(" K", ""): null

2024-01-22 18:03:37 - [TEST_STEP][PASSED] - strBuyerVol3 = strBuyerVol3.toDouble() * 1000: null

2024-01-22 18:03:37 - [TEST_STEP][PASSED] - if (verifyElementNotPresent(findTestObject("Stockbit/Bandarmology_Seller3"), 1, OPTIONAL)): Web element with id: 'Object Repository/Stockbit/Bandarmology_Seller3' located by 'By.xpath: //*[contains(@id, 'rc-tabs-')]/div[2]/div/div/div/div/div/div[2]/table/tbody/tr[4]/td[5]/p' is present after '1' second(s) (Root cause: com.kms.katalon.core.exception.StepFailedException: Web element with id: 'Object Repository/Stockbit/Bandarmology_Seller3' located by 'By.xpath: //*[contains(@id, 'rc-tabs-')]/div[2]/div/div/div/div/div/div[2]/table/tbody/tr[4]/td[5]/p' is present after '1' second(s)
	at com.kms.katalon.core.webui.keyword.internal.WebUIKeywordMain.stepFailed(WebUIKeywordMain.groovy:64)
	at com.kms.katalon.core.webui.keyword.internal.WebUIKeywordMain$stepFailed$0.call(Unknown Source)
	at com.kms.katalon.core.webui.keyword.builtin.VerifyElementNotPresentKeyword$_verifyElementNotPresent_closure1.doCall(VerifyElementNotPresentKeyword.groovy:106)
	at com.kms.katalon.core.webui.keyword.builtin.VerifyElementNotPresentKeyword$_verifyElementNotPresent_closure1.doCall(VerifyElementNotPresentKeyword.groovy)
	at com.kms.katalon.core.webui.keyword.internal.WebUIKeywordMain.runKeyword(WebUIKeywordMain.groovy:20)
	at com.kms.katalon.core.webui.keyword.internal.WebUIKeywordMain$runKeyword.call(Unknown Source)
	at com.kms.katalon.core.webui.keyword.builtin.VerifyElementNotPresentKeyword.verifyElementNotPresent(VerifyElementNotPresentKeyword.groovy:117)
	at com.kms.katalon.core.webui.keyword.builtin.VerifyElementNotPresentKeyword.execute(VerifyElementNotPresentKeyword.groovy:68)
	at com.kms.katalon.core.keyword.internal.KeywordExecutor.executeKeywordForPlatform(KeywordExecutor.groovy:74)
	at com.kms.katalon.core.webui.keyword.WebUiBuiltInKeywords.verifyElementNotPresent(WebUiBuiltInKeywords.groovy:1481)
	at com.kms.katalon.core.webui.keyword.WebUiBuiltInKeywords$verifyElementNotPresent$8.call(Unknown Source)
	at GetBrokSumPriceDaily.run(GetBrokSumPriceDaily:414)
	at com.kms.katalon.core.main.ScriptEngine.run(ScriptEngine.java:194)
	at com.kms.katalon.core.main.ScriptEngine.runScriptAsRawText(ScriptEngine.java:119)
	at com.kms.katalon.core.main.TestCaseExecutor.runScript(TestCaseExecutor.java:445)
	at com.kms.katalon.core.main.TestCaseExecutor.doExecute(TestCaseExecutor.java:436)
	at com.kms.katalon.core.main.TestCaseExecutor.processExecutionPhase(TestCaseExecutor.java:415)
	at com.kms.katalon.core.main.TestCaseExecutor.accessMainPhase(TestCaseExecutor.java:407)
	at com.kms.katalon.core.main.TestCaseExecutor.execute(TestCaseExecutor.java:284)
	at com.kms.katalon.core.common.CommonExecutor.accessTestCaseMainPhase(CommonExecutor.java:65)
	at com.kms.katalon.core.main.TestSuiteExecutor.accessTestSuiteMainPhase(TestSuiteExecutor.java:144)
	at com.kms.katalon.core.main.TestSuiteExecutor.execute(TestSuiteExecutor.java:106)
	at com.kms.katalon.core.main.TestCaseMain.startTestSuite(TestCaseMain.java:185)
	at com.kms.katalon.core.main.TestCaseMain$startTestSuite$0.call(Unknown Source)
	at TempTestSuite1705920083951.run(TempTestSuite1705920083951.groovy:36)
)

2024-01-22 18:03:39 - [MESSAGE][WARNING] - Web element with id: 'Object Repository/Stockbit/Bandarmology_Seller3' located by 'By.xpath: //*[contains(@id, 'rc-tabs-')]/div[2]/div/div/div/div/div/div[2]/table/tbody/tr[4]/td[5]/p' is present after '1' second(s) (Root cause: com.kms.katalon.core.exception.StepFailedException: Web element with id: 'Object Repository/Stockbit/Bandarmology_Seller3' located by 'By.xpath: //*[contains(@id, 'rc-tabs-')]/div[2]/div/div/div/div/div/div[2]/table/tbody/tr[4]/td[5]/p' is present after '1' second(s)
	at com.kms.katalon.core.webui.keyword.internal.WebUIKeywordMain.stepFailed(WebUIKeywordMain.groovy:64)
	at com.kms.katalon.core.webui.keyword.internal.WebUIKeywordMain$stepFailed$0.call(Unknown Source)
	at com.kms.katalon.core.webui.keyword.builtin.VerifyElementNotPresentKeyword$_verifyElementNotPresent_closure1.doCall(VerifyElementNotPresentKeyword.groovy:106)
	at com.kms.katalon.core.webui.keyword.builtin.VerifyElementNotPresentKeyword$_verifyElementNotPresent_closure1.doCall(VerifyElementNotPresentKeyword.groovy)
	at com.kms.katalon.core.webui.keyword.internal.WebUIKeywordMain.runKeyword(WebUIKeywordMain.groovy:20)
	at com.kms.katalon.core.webui.keyword.internal.WebUIKeywordMain$runKeyword.call(Unknown Source)
	at com.kms.katalon.core.webui.keyword.builtin.VerifyElementNotPresentKeyword.verifyElementNotPresent(VerifyElementNotPresentKeyword.groovy:117)
	at com.kms.katalon.core.webui.keyword.builtin.VerifyElementNotPresentKeyword.execute(VerifyElementNotPresentKeyword.groovy:68)
	at com.kms.katalon.core.keyword.internal.KeywordExecutor.executeKeywordForPlatform(KeywordExecutor.groovy:74)
	at com.kms.katalon.core.webui.keyword.WebUiBuiltInKeywords.verifyElementNotPresent(WebUiBuiltInKeywords.groovy:1481)
	at com.kms.katalon.core.webui.keyword.WebUiBuiltInKeywords$verifyElementNotPresent$8.call(Unknown Source)
	at GetBrokSumPriceDaily.run(GetBrokSumPriceDaily:414)
	at com.kms.katalon.core.main.ScriptEngine.run(ScriptEngine.java:194)
	at com.kms.katalon.core.main.ScriptEngine.runScriptAsRawText(ScriptEngine.java:119)
	at com.kms.katalon.core.main.TestCaseExecutor.runScript(TestCaseExecutor.java:445)
	at com.kms.katalon.core.main.TestCaseExecutor.doExecute(TestCaseExecutor.java:436)
	at com.kms.katalon.core.main.TestCaseExecutor.processExecutionPhase(TestCaseExecutor.java:415)
	at com.kms.katalon.core.main.TestCaseExecutor.accessMainPhase(TestCaseExecutor.java:407)
	at com.kms.katalon.core.main.TestCaseExecutor.execute(TestCaseExecutor.java:284)
	at com.kms.katalon.core.common.CommonExecutor.accessTestCaseMainPhase(CommonExecutor.java:65)
	at com.kms.katalon.core.main.TestSuiteExecutor.accessTestSuiteMainPhase(TestSuiteExecutor.java:144)
	at com.kms.katalon.core.main.TestSuiteExecutor.execute(TestSuiteExecutor.java:106)
	at com.kms.katalon.core.main.TestCaseMain.startTestSuite(TestCaseMain.java:185)
	at com.kms.katalon.core.main.TestCaseMain$startTestSuite$0.call(Unknown Source)
	at TempTestSuite1705920083951.run(TempTestSuite1705920083951.groovy:36)
)
[[ATTACHMENT|C:\\Users\\Fadli\\git\\KatalonDailyGetData2\\Reports\\20240122_174123\\TS1\\20240122_174123\\1705921419109.png]]

2024-01-22 18:03:39 - [TEST_STEP][PASSED] - else: null

2024-01-22 18:03:39 - [TEST_STEP][PASSED] - strSeller3 = getText(findTestObject("Stockbit/Bandarmology_Seller3")): Text of object 'Object Repository/Stockbit/Bandarmology_Seller3' is: 'LG'

2024-01-22 18:03:39 - [MESSAGE][PASSED] - Text of object 'Object Repository/Stockbit/Bandarmology_Seller3' is: 'LG'

2024-01-22 18:03:39 - [TEST_STEP][PASSED] - strSellerVol3 = getText(findTestObject("Stockbit/Bandarmology_SellerVol3")): Text of object 'Object Repository/Stockbit/Bandarmology_SellerVol3' is: '3.1 K'

2024-01-22 18:03:39 - [MESSAGE][PASSED] - Text of object 'Object Repository/Stockbit/Bandarmology_SellerVol3' is: '3.1 K'

2024-01-22 18:03:39 - [TEST_STEP][PASSED] - strSellerAvg3 = getText(findTestObject("Stockbit/Bandarmology_SellerAvg3")): Text of object 'Object Repository/Stockbit/Bandarmology_SellerAvg3' is: '53'

2024-01-22 18:03:39 - [MESSAGE][PASSED] - Text of object 'Object Repository/Stockbit/Bandarmology_SellerAvg3' is: '53'

2024-01-22 18:03:39 - [TEST_STEP][PASSED] - if (strSeller3 != ""): null

2024-01-22 18:03:39 - [TEST_STEP][PASSED] - if (strSellerAvg3.contains(",")): null

2024-01-22 18:03:39 - [TEST_STEP][PASSED] - if (strSellerVol3.contains(" B")): null

2024-01-22 18:03:39 - [TEST_STEP][PASSED] - else if (strSellerVol3.contains(" M")): null

2024-01-22 18:03:39 - [TEST_STEP][PASSED] - else if (strSellerVol3.contains(" K")): null

2024-01-22 18:03:39 - [TEST_STEP][PASSED] - strSellerVol3 = strSellerVol3.replace(" K", ""): null

2024-01-22 18:03:39 - [TEST_STEP][PASSED] - strSellerVol3 = strSellerVol3.toDouble() * 1000: null

2024-01-22 18:03:39 - [TEST_STEP][PASSED] - strAccDist = getText(findTestObject("Stockbit/Bandarmology_AccDist")): Text of object 'Object Repository/Stockbit/Bandarmology_AccDist' is: 'Dist'

2024-01-22 18:03:39 - [MESSAGE][PASSED] - Text of object 'Object Repository/Stockbit/Bandarmology_AccDist' is: 'Dist'

2024-01-22 18:03:39 - [TEST_STEP][PASSED] - strNetVol = getText(findTestObject("Stockbit/Bandarmology_NetVol")): Text of object 'Object Repository/Stockbit/Bandarmology_NetVol' is: '36,151'

2024-01-22 18:03:40 - [MESSAGE][PASSED] - Text of object 'Object Repository/Stockbit/Bandarmology_NetVol' is: '36,151'

2024-01-22 18:03:40 - [TEST_STEP][PASSED] - strNetVol = strNetVol.replace(",", ""): null

2024-01-22 18:03:40 - [TEST_STEP][PASSED] - strNetVal = getText(findTestObject("Stockbit/Bandarmology_NetVal")): Text of object 'Object Repository/Stockbit/Bandarmology_NetVal' is: '0.2 B'

2024-01-22 18:03:40 - [MESSAGE][PASSED] - Text of object 'Object Repository/Stockbit/Bandarmology_NetVal' is: '0.2 B'

2024-01-22 18:03:40 - [TEST_STEP][PASSED] - delay(3): Delayed 3 second(s)

2024-01-22 18:03:43 - [MESSAGE][PASSED] - Delayed 3 second(s)

2024-01-22 18:03:43 - [TEST_STEP][PASSED] - strOpenPrice = getText(findTestObject("Stockbit/Home_OpenPrice")): Text of object 'Object Repository/Stockbit/Home_OpenPrice' is: '54'

2024-01-22 18:03:43 - [MESSAGE][PASSED] - Text of object 'Object Repository/Stockbit/Home_OpenPrice' is: '54'

2024-01-22 18:03:43 - [TEST_STEP][PASSED] - strOpenPrice = strOpenPrice.replace(",", ""): null

2024-01-22 18:03:43 - [TEST_STEP][PASSED] - strLowPrice = getText(findTestObject("Stockbit/Home_LowPrice")): Text of object 'Object Repository/Stockbit/Home_LowPrice' is: '53'

2024-01-22 18:03:43 - [MESSAGE][PASSED] - Text of object 'Object Repository/Stockbit/Home_LowPrice' is: '53'

2024-01-22 18:03:43 - [TEST_STEP][PASSED] - strLowPrice = strLowPrice.replace(",", ""): null

2024-01-22 18:03:43 - [TEST_STEP][PASSED] - strHighPrice = getText(findTestObject("Stockbit/Home_HighPrice")): Text of object 'Object Repository/Stockbit/Home_HighPrice' is: '55'

2024-01-22 18:03:43 - [MESSAGE][PASSED] - Text of object 'Object Repository/Stockbit/Home_HighPrice' is: '55'

2024-01-22 18:03:43 - [TEST_STEP][PASSED] - strHighPrice = strHighPrice.replace(",", ""): null

2024-01-22 18:03:43 - [TEST_STEP][PASSED] - strClosePrice = getText(findTestObject("Stockbit/Home_ClosePrice")): Text of object 'Object Repository/Stockbit/Home_ClosePrice' is: '54'

2024-01-22 18:03:43 - [MESSAGE][PASSED] - Text of object 'Object Repository/Stockbit/Home_ClosePrice' is: '54'

2024-01-22 18:03:43 - [TEST_STEP][PASSED] - strClosePrice = strClosePrice.replace(",", ""): null

2024-01-22 18:03:43 - [TEST_STEP][PASSED] - strVol = getText(findTestObject("Stockbit/Home_Volume")): Text of object 'Object Repository/Stockbit/Home_Volume' is: '58 K'

2024-01-22 18:03:43 - [MESSAGE][PASSED] - Text of object 'Object Repository/Stockbit/Home_Volume' is: '58 K'

2024-01-22 18:03:43 - [TEST_STEP][PASSED] - if (strVol.contains(" K")): null

2024-01-22 18:03:43 - [TEST_STEP][PASSED] - strVol = strVol.replace(" K", "000"): null

2024-01-22 18:03:43 - [TEST_STEP][PASSED] - if (strVol.contains(",")): null

2024-01-22 18:03:43 - [TEST_STEP][PASSED] - strChange = getText(findTestObject("Stockbit/Home_Change")): Text of object 'Object Repository/Stockbit/Home_Change' is: '-1.82%'

2024-01-22 18:03:44 - [MESSAGE][PASSED] - Text of object 'Object Repository/Stockbit/Home_Change' is: '-1.82%'

2024-01-22 18:03:44 - [TEST_STEP][PASSED] - strChange = strChange.replace("%", ""): null

2024-01-22 18:03:44 - [TEST_STEP][PASSED] - strFreq = getText(findTestObject("Stockbit/Home_Freq")): Text of object 'Object Repository/Stockbit/Home_Freq' is: '246'

2024-01-22 18:03:44 - [MESSAGE][PASSED] - Text of object 'Object Repository/Stockbit/Home_Freq' is: '246'

2024-01-22 18:03:44 - [TEST_STEP][PASSED] - if (strFreq.contains(",")): null

2024-01-22 18:03:44 - [TEST_STEP][PASSED] - if (strFreq == "NA" || strFreq == ""): null

2024-01-22 18:03:44 - [TEST_STEP][PASSED] - else: null

2024-01-22 18:03:44 - [TEST_STEP][PASSED] - dblFreqAnal = strVol.toDouble() / strFreq.toDouble() * strFreq.toDouble() * strFreq.toDouble() * 100000000: null

2024-01-22 18:03:44 - [TEST_STEP][PASSED] - strFreqAnal = String.format("%.4f", dblFreqAnal): null

2024-01-22 18:03:44 - [TEST_STEP][PASSED] - out.println("Double strFreqAnal: " + strFreqAnal): null

2024-01-22 18:03:44 - [TEST_STEP][PASSED] - strTanggal = d.format(DateTimeFormatter.ofPattern("yyyy-MM-dd")): null

2024-01-22 18:03:44 - [TEST_STEP][PASSED] - strTanggal = "#" + strTanggal + "#": null

2024-01-22 18:03:44 - [TEST_STEP][PASSED] - strSQL = "select count(*) as JumBaris from TblBrokSum where Nama = '" + strNama + "' and Tanggal = " + strTanggal + "": null

2024-01-22 18:03:44 - [TEST_STEP][PASSED] - resultSet = statement.executeQuery(strSQL): null

2024-01-22 18:03:44 - [TEST_STEP][PASSED] - resultSet.next(): null

2024-01-22 18:03:44 - [TEST_STEP][PASSED] - intJumBaris = resultSet.getInt("JumBaris"): null

2024-01-22 18:03:44 - [TEST_STEP][PASSED] - if (intJumBaris > 0): null

2024-01-22 18:03:44 - [TEST_STEP][PASSED] - else: null

2024-01-22 18:03:44 - [TEST_STEP][PASSED] - try: null

2024-01-22 18:03:44 - [TEST_STEP][PASSED] - out.println("Insert data"): null

2024-01-22 18:03:44 - [TEST_STEP][PASSED] - strSQL = "insert into TblBrokSum (nama, tanggal, top1, top2, top3, AllBrokAvg, AccDist, AvgRP, " + "Buyer1, BuyerVal1, BuyerAvg1, Seller1, SellerVal1, SellerAvg1, Buyer2, BuyerVal2, BuyerAvg2, " + "Seller2, SellerVal2, SellerAvg2, Buyer3, BuyerVal3, BuyerAvg3, Seller3, SellerVal3, SellerAvg3, NetVol, NetVal, " + "OpenPrice, LowPrice, HighPrice, ClosePrice, Volume, Change, Frekuensi, FrekAnal) " + "values ('" + strNama + "', " + strTanggal + ", '" + strTop1 + "', '" + strTop3 + "', '" + strTop5 + "', " + "'" + strAllBrokAvg + "', '" + strAccDist + "', " + intAvgRP + ", '" + strBuyer1 + "', '" + strBuyerVol1 + "', " + strBuyerAvg1 + ", " + "'" + strSeller1 + "', '" + strSellerVol1 + "', " + strSellerAvg1 + ", '" + strBuyer2 + "', '" + strBuyerVol2 + "', " + strBuyerAvg2 + ", " + "'" + strSeller2 + "', '" + strSellerVol2 + "', " + strSellerAvg2 + ", '" + strBuyer3 + "', '" + strBuyerVol3 + "', " + strBuyerAvg3 + ", " + "'" + strSeller3 + "', '" + strSellerVol3 + "', " + strSellerAvg3 + ", " + strNetVol + ", '" + strNetVal + "', " + "" + strOpenPrice + ", " + strLowPrice + ", " + strHighPrice + ", " + strClosePrice + ", '" + strVol + "', " + strChange + ", " + strFreq + ", " + strFreqAnal + ");": null

2024-01-22 18:03:44 - [TEST_STEP][PASSED] - out.println("strSQL = " + strSQL): null

2024-01-22 18:03:44 - [TEST_STEP][PASSED] - statement.executeUpdate(strSQL): null

2024-01-22 18:03:44 - [TEST_STEP][PASSED] - setValueToCellByIndex(sheet01, rowIndex, 4, "DONE"): null

2024-01-22 18:03:44 - [TEST_STEP][PASSED] - saveWorkbook(excelFilePath, workbook01): null

2024-01-22 18:03:44 - [TEST_STEP][PASSED] - waitForElementClickable(findTestObject("Stockbit/menu_Bandarmology"), 10): Object 'Object Repository/Stockbit/menu_Bandarmology' is clickable

2024-01-22 18:03:44 - [MESSAGE][PASSED] - Object 'Object Repository/Stockbit/menu_Bandarmology' is clickable

2024-01-22 18:03:44 - [TEST_STEP][PASSED] - click(findTestObject("Stockbit/menu_Bandarmology")): Object: 'Object Repository/Stockbit/menu_Bandarmology' is clicked on

2024-01-22 18:03:45 - [MESSAGE][PASSED] - Object: 'Object Repository/Stockbit/menu_Bandarmology' is clicked on

2024-01-22 18:03:45 - [TEST_STEP][PASSED] - strTemp = "NA": null

2024-01-22 18:03:45 - [TEST_STEP][PASSED] - if (getCellValueByIndex(sheet01, rowIndex, 4) != "DONE"): Object: 'Object Repository/Stockbit/menu_Bandarmology' is clicked on

2024-01-22 18:03:45 - [TEST_STEP][PASSED] - strNama = getCellValueByIndex(sheet01, rowIndex, 0): null

2024-01-22 18:03:45 - [TEST_STEP][PASSED] - navigateToUrl("https://stockbit.com/#/symbol/" + strNama): Navigate to 'https://stockbit.com/#/symbol/TRIN' successfully

2024-01-22 18:03:47 - [MESSAGE][PASSED] - Navigate to 'https://stockbit.com/#/symbol/TRIN' successfully

2024-01-22 18:03:47 - [TEST_STEP][PASSED] - waitForElementClickable(findTestObject("Stockbit/menu_Bandarmology"), 10): Object 'Object Repository/Stockbit/menu_Bandarmology' is clickable

2024-01-22 18:03:47 - [MESSAGE][PASSED] - Object 'Object Repository/Stockbit/menu_Bandarmology' is clickable

2024-01-22 18:03:47 - [TEST_STEP][PASSED] - click(findTestObject("Stockbit/menu_Bandarmology")): Object: 'Object Repository/Stockbit/menu_Bandarmology' is clicked on

2024-01-22 18:03:48 - [MESSAGE][PASSED] - Object: 'Object Repository/Stockbit/menu_Bandarmology' is clicked on

2024-01-22 18:03:48 - [TEST_STEP][PASSED] - strTanggal = d.format(DateTimeFormatter.ofPattern("MMM dd, yyyy")): null

2024-01-22 18:03:48 - [TEST_STEP][PASSED] - strTanggal = d.format(ISO_DATE): null

2024-01-22 18:03:48 - [TEST_STEP][PASSED] - out.println("strTanggal = " + strTanggal): null

2024-01-22 18:03:48 - [TEST_STEP][PASSED] - out.println("strNama = " + strNama): null

2024-01-22 18:03:48 - [TEST_STEP][PASSED] - out.println("Baris ke = " + rowIndex): null

2024-01-22 18:03:48 - [TEST_STEP][PASSED] - click(findTestObject("Stockbit/input__BandarmologyOpenStartDate")): Object: 'Object Repository/Stockbit/input__BandarmologyOpenStartDate' is clicked on

2024-01-22 18:03:49 - [MESSAGE][PASSED] - Object: 'Object Repository/Stockbit/input__BandarmologyOpenStartDate' is clicked on

2024-01-22 18:03:49 - [TEST_STEP][PASSED] - sendKeys(findTestObject("Stockbit/input__BandarmologyOpenStartDate"), Keys.chord(CONTROL, "a")): Keys 'CONTROL + a' sent to object: 'Object Repository/Stockbit/input__BandarmologyOpenStartDate'

2024-01-22 18:03:49 - [MESSAGE][PASSED] - Keys 'CONTROL + a' sent to object: 'Object Repository/Stockbit/input__BandarmologyOpenStartDate'

2024-01-22 18:03:49 - [TEST_STEP][PASSED] - sendKeys(findTestObject("Stockbit/input__BandarmologyOpenStartDate"), Keys.chord(BACK_SPACE)): Keys 'BACK_SPACE + ' sent to object: 'Object Repository/Stockbit/input__BandarmologyOpenStartDate'

2024-01-22 18:03:50 - [MESSAGE][PASSED] - Keys 'BACK_SPACE + ' sent to object: 'Object Repository/Stockbit/input__BandarmologyOpenStartDate'

2024-01-22 18:03:50 - [TEST_STEP][PASSED] - setText(findTestObject("Stockbit/input__BandarmologyOpenStartDate"), strTanggal): Text '2024-01-22' is set on object 'Object Repository/Stockbit/input__BandarmologyOpenStartDate'

2024-01-22 18:03:51 - [MESSAGE][PASSED] - Text '2024-01-22' is set on object 'Object Repository/Stockbit/input__BandarmologyOpenStartDate'

2024-01-22 18:03:51 - [TEST_STEP][PASSED] - sendKeys(findTestObject("Stockbit/input__BandarmologyOpenStartDate"), Keys.chord(ENTER)): Keys 'ENTER + ' sent to object: 'Object Repository/Stockbit/input__BandarmologyOpenStartDate'

2024-01-22 18:03:51 - [MESSAGE][PASSED] - Keys 'ENTER + ' sent to object: 'Object Repository/Stockbit/input__BandarmologyOpenStartDate'

2024-01-22 18:03:51 - [TEST_STEP][PASSED] - click(findTestObject("Stockbit/input__BandarmologyOpenEndDate")): Object: 'Object Repository/Stockbit/input__BandarmologyOpenEndDate' is clicked on

2024-01-22 18:03:52 - [MESSAGE][PASSED] - Object: 'Object Repository/Stockbit/input__BandarmologyOpenEndDate' is clicked on

2024-01-22 18:03:52 - [TEST_STEP][PASSED] - sendKeys(findTestObject("Stockbit/input__BandarmologyOpenEndDate"), Keys.chord(CONTROL, "a")): Keys 'CONTROL + a' sent to object: 'Object Repository/Stockbit/input__BandarmologyOpenEndDate'

2024-01-22 18:03:52 - [MESSAGE][PASSED] - Keys 'CONTROL + a' sent to object: 'Object Repository/Stockbit/input__BandarmologyOpenEndDate'

2024-01-22 18:03:52 - [TEST_STEP][PASSED] - sendKeys(findTestObject("Stockbit/input__BandarmologyOpenEndDate"), Keys.chord(BACK_SPACE)): Keys 'BACK_SPACE + ' sent to object: 'Object Repository/Stockbit/input__BandarmologyOpenEndDate'

2024-01-22 18:03:53 - [MESSAGE][PASSED] - Keys 'BACK_SPACE + ' sent to object: 'Object Repository/Stockbit/input__BandarmologyOpenEndDate'

2024-01-22 18:03:53 - [TEST_STEP][PASSED] - setText(findTestObject("Stockbit/input__BandarmologyOpenEndDate"), strTanggal): Text '2024-01-22' is set on object 'Object Repository/Stockbit/input__BandarmologyOpenEndDate'

2024-01-22 18:03:53 - [MESSAGE][PASSED] - Text '2024-01-22' is set on object 'Object Repository/Stockbit/input__BandarmologyOpenEndDate'

2024-01-22 18:03:53 - [TEST_STEP][PASSED] - sendKeys(findTestObject("Stockbit/input__BandarmologyOpenEndDate"), Keys.chord(ENTER)): Keys 'ENTER + ' sent to object: 'Object Repository/Stockbit/input__BandarmologyOpenEndDate'

2024-01-22 18:03:54 - [MESSAGE][PASSED] - Keys 'ENTER + ' sent to object: 'Object Repository/Stockbit/input__BandarmologyOpenEndDate'

2024-01-22 18:03:54 - [TEST_STEP][PASSED] - delay(2): Delayed 2 second(s)

2024-01-22 18:03:56 - [MESSAGE][PASSED] - Delayed 2 second(s)

2024-01-22 18:03:56 - [TEST_STEP][PASSED] - strTemp = getText(findTestObject("Stockbit/Bandarmology_AvgRP")): Text of object 'Object Repository/Stockbit/Bandarmology_AvgRP' is: '151'

2024-01-22 18:03:56 - [MESSAGE][PASSED] - Text of object 'Object Repository/Stockbit/Bandarmology_AvgRP' is: '151'

2024-01-22 18:03:56 - [TEST_STEP][PASSED] - out.println("Bandarmology_AvgRP = " + strTemp): null

2024-01-22 18:03:56 - [TEST_STEP][PASSED] - if (strTemp != "0"): null

2024-01-22 18:03:56 - [TEST_STEP][PASSED] - strTop1 = getText(findTestObject("Stockbit/Bandarmology_Top1")): Text of object 'Object Repository/Stockbit/Bandarmology_Top1' is: 'Big Dist'

2024-01-22 18:03:56 - [MESSAGE][PASSED] - Text of object 'Object Repository/Stockbit/Bandarmology_Top1' is: 'Big Dist'

2024-01-22 18:03:56 - [TEST_STEP][PASSED] - strTop3 = getText(findTestObject("Stockbit/Bandarmology_Top3")): Text of object 'Object Repository/Stockbit/Bandarmology_Top3' is: 'Big Dist'

2024-01-22 18:03:56 - [MESSAGE][PASSED] - Text of object 'Object Repository/Stockbit/Bandarmology_Top3' is: 'Big Dist'

2024-01-22 18:03:56 - [TEST_STEP][PASSED] - strTop5 = getText(findTestObject("Stockbit/Bandarmology_Top5")): Text of object 'Object Repository/Stockbit/Bandarmology_Top5' is: 'Normal Dist'

2024-01-22 18:03:57 - [MESSAGE][PASSED] - Text of object 'Object Repository/Stockbit/Bandarmology_Top5' is: 'Normal Dist'

2024-01-22 18:03:57 - [TEST_STEP][PASSED] - strAllBrokAvg = getText(findTestObject("Stockbit/Bandarmology_TopAVG")): Text of object 'Object Repository/Stockbit/Bandarmology_TopAVG' is: 'Big Dist'

2024-01-22 18:03:57 - [MESSAGE][PASSED] - Text of object 'Object Repository/Stockbit/Bandarmology_TopAVG' is: 'Big Dist'

2024-01-22 18:03:57 - [TEST_STEP][PASSED] - strTemp = getText(findTestObject("Stockbit/Bandarmology_AvgRP")): Text of object 'Object Repository/Stockbit/Bandarmology_AvgRP' is: '151'

2024-01-22 18:03:57 - [MESSAGE][PASSED] - Text of object 'Object Repository/Stockbit/Bandarmology_AvgRP' is: '151'

2024-01-22 18:03:57 - [TEST_STEP][PASSED] - if (strTemp.contains(",")): null

2024-01-22 18:03:57 - [TEST_STEP][PASSED] - intAvgRP = strTemp.toInteger(): null

2024-01-22 18:03:57 - [TEST_STEP][PASSED] - strBuyer1 = getText(findTestObject("Stockbit/Bandarmology_Buyer1")): Text of object 'Object Repository/Stockbit/Bandarmology_Buyer1' is: 'CC'

2024-01-22 18:03:57 - [MESSAGE][PASSED] - Text of object 'Object Repository/Stockbit/Bandarmology_Buyer1' is: 'CC'

2024-01-22 18:03:57 - [TEST_STEP][PASSED] - strBuyerVol1 = getText(findTestObject("Stockbit/Bandarmology_BuyerVol1")): Text of object 'Object Repository/Stockbit/Bandarmology_BuyerVol1' is: '5.7 K'

2024-01-22 18:03:57 - [MESSAGE][PASSED] - Text of object 'Object Repository/Stockbit/Bandarmology_BuyerVol1' is: '5.7 K'

2024-01-22 18:03:57 - [TEST_STEP][PASSED] - strBuyerAvg1 = getText(findTestObject("Stockbit/Bandarmology_BuyerAvg1")): Text of object 'Object Repository/Stockbit/Bandarmology_BuyerAvg1' is: '152'

2024-01-22 18:03:57 - [MESSAGE][PASSED] - Text of object 'Object Repository/Stockbit/Bandarmology_BuyerAvg1' is: '152'

2024-01-22 18:03:57 - [TEST_STEP][PASSED] - if (strBuyerAvg1.contains(",")): null

2024-01-22 18:03:57 - [TEST_STEP][PASSED] - if (strBuyerVol1.contains(" B")): null

2024-01-22 18:03:57 - [TEST_STEP][PASSED] - else if (strBuyerVol1.contains(" M")): null

2024-01-22 18:03:57 - [TEST_STEP][PASSED] - else if (strBuyerVol1.contains(" K")): null

2024-01-22 18:03:57 - [TEST_STEP][PASSED] - strBuyerVol1 = strBuyerVol1.replace(" K", ""): null

2024-01-22 18:03:57 - [TEST_STEP][PASSED] - strBuyerVol1 = strBuyerVol1.toDouble() * 1000: null

2024-01-22 18:03:57 - [TEST_STEP][PASSED] - strSeller1 = getText(findTestObject("Stockbit/Bandarmology_Seller1")): Text of object 'Object Repository/Stockbit/Bandarmology_Seller1' is: 'GR'

2024-01-22 18:03:57 - [MESSAGE][PASSED] - Text of object 'Object Repository/Stockbit/Bandarmology_Seller1' is: 'GR'

2024-01-22 18:03:57 - [TEST_STEP][PASSED] - strSellerVol1 = getText(findTestObject("Stockbit/Bandarmology_SellerVol1")): Text of object 'Object Repository/Stockbit/Bandarmology_SellerVol1' is: '14.6 K'

2024-01-22 18:03:58 - [MESSAGE][PASSED] - Text of object 'Object Repository/Stockbit/Bandarmology_SellerVol1' is: '14.6 K'

2024-01-22 18:03:58 - [TEST_STEP][PASSED] - strSellerAvg1 = getText(findTestObject("Stockbit/Bandarmology_SellerAvg1")): Text of object 'Object Repository/Stockbit/Bandarmology_SellerAvg1' is: '151'

2024-01-22 18:03:58 - [MESSAGE][PASSED] - Text of object 'Object Repository/Stockbit/Bandarmology_SellerAvg1' is: '151'

2024-01-22 18:03:58 - [TEST_STEP][PASSED] - if (strSellerAvg1.contains(",")): null

2024-01-22 18:03:58 - [TEST_STEP][PASSED] - if (strSellerVol1.contains(" B")): null

2024-01-22 18:03:58 - [TEST_STEP][PASSED] - else if (strSellerVol1.contains(" M")): null

2024-01-22 18:03:58 - [TEST_STEP][PASSED] - else if (strSellerVol1.contains(" K")): null

2024-01-22 18:03:58 - [TEST_STEP][PASSED] - strSellerVol1 = strSellerVol1.replace(" K", ""): null

2024-01-22 18:03:58 - [TEST_STEP][PASSED] - strSellerVol1 = strSellerVol1.toDouble() * 1000: null

2024-01-22 18:03:58 - [TEST_STEP][PASSED] - if (verifyElementNotPresent(findTestObject("Stockbit/Bandarmology_Buyer2"), 1, OPTIONAL)): Web element with id: 'Object Repository/Stockbit/Bandarmology_Buyer2' located by 'By.xpath: //*[contains(@id, 'rc-tabs-')]/div[2]/div/div/div/div/div/div[2]/table/tbody/tr[3]/td[1]/p' is present after '1' second(s) (Root cause: com.kms.katalon.core.exception.StepFailedException: Web element with id: 'Object Repository/Stockbit/Bandarmology_Buyer2' located by 'By.xpath: //*[contains(@id, 'rc-tabs-')]/div[2]/div/div/div/div/div/div[2]/table/tbody/tr[3]/td[1]/p' is present after '1' second(s)
	at com.kms.katalon.core.webui.keyword.internal.WebUIKeywordMain.stepFailed(WebUIKeywordMain.groovy:64)
	at com.kms.katalon.core.webui.keyword.internal.WebUIKeywordMain$stepFailed$0.call(Unknown Source)
	at com.kms.katalon.core.webui.keyword.builtin.VerifyElementNotPresentKeyword$_verifyElementNotPresent_closure1.doCall(VerifyElementNotPresentKeyword.groovy:106)
	at com.kms.katalon.core.webui.keyword.builtin.VerifyElementNotPresentKeyword$_verifyElementNotPresent_closure1.doCall(VerifyElementNotPresentKeyword.groovy)
	at com.kms.katalon.core.webui.keyword.internal.WebUIKeywordMain.runKeyword(WebUIKeywordMain.groovy:20)
	at com.kms.katalon.core.webui.keyword.internal.WebUIKeywordMain$runKeyword.call(Unknown Source)
	at com.kms.katalon.core.webui.keyword.builtin.VerifyElementNotPresentKeyword.verifyElementNotPresent(VerifyElementNotPresentKeyword.groovy:117)
	at com.kms.katalon.core.webui.keyword.builtin.VerifyElementNotPresentKeyword.execute(VerifyElementNotPresentKeyword.groovy:68)
	at com.kms.katalon.core.keyword.internal.KeywordExecutor.executeKeywordForPlatform(KeywordExecutor.groovy:74)
	at com.kms.katalon.core.webui.keyword.WebUiBuiltInKeywords.verifyElementNotPresent(WebUiBuiltInKeywords.groovy:1481)
	at com.kms.katalon.core.webui.keyword.WebUiBuiltInKeywords$verifyElementNotPresent$8.call(Unknown Source)
	at GetBrokSumPriceDaily.run(GetBrokSumPriceDaily:258)
	at com.kms.katalon.core.main.ScriptEngine.run(ScriptEngine.java:194)
	at com.kms.katalon.core.main.ScriptEngine.runScriptAsRawText(ScriptEngine.java:119)
	at com.kms.katalon.core.main.TestCaseExecutor.runScript(TestCaseExecutor.java:445)
	at com.kms.katalon.core.main.TestCaseExecutor.doExecute(TestCaseExecutor.java:436)
	at com.kms.katalon.core.main.TestCaseExecutor.processExecutionPhase(TestCaseExecutor.java:415)
	at com.kms.katalon.core.main.TestCaseExecutor.accessMainPhase(TestCaseExecutor.java:407)
	at com.kms.katalon.core.main.TestCaseExecutor.execute(TestCaseExecutor.java:284)
	at com.kms.katalon.core.common.CommonExecutor.accessTestCaseMainPhase(CommonExecutor.java:65)
	at com.kms.katalon.core.main.TestSuiteExecutor.accessTestSuiteMainPhase(TestSuiteExecutor.java:144)
	at com.kms.katalon.core.main.TestSuiteExecutor.execute(TestSuiteExecutor.java:106)
	at com.kms.katalon.core.main.TestCaseMain.startTestSuite(TestCaseMain.java:185)
	at com.kms.katalon.core.main.TestCaseMain$startTestSuite$0.call(Unknown Source)
	at TempTestSuite1705920083951.run(TempTestSuite1705920083951.groovy:36)
)

2024-01-22 18:03:59 - [MESSAGE][WARNING] - Web element with id: 'Object Repository/Stockbit/Bandarmology_Buyer2' located by 'By.xpath: //*[contains(@id, 'rc-tabs-')]/div[2]/div/div/div/div/div/div[2]/table/tbody/tr[3]/td[1]/p' is present after '1' second(s) (Root cause: com.kms.katalon.core.exception.StepFailedException: Web element with id: 'Object Repository/Stockbit/Bandarmology_Buyer2' located by 'By.xpath: //*[contains(@id, 'rc-tabs-')]/div[2]/div/div/div/div/div/div[2]/table/tbody/tr[3]/td[1]/p' is present after '1' second(s)
	at com.kms.katalon.core.webui.keyword.internal.WebUIKeywordMain.stepFailed(WebUIKeywordMain.groovy:64)
	at com.kms.katalon.core.webui.keyword.internal.WebUIKeywordMain$stepFailed$0.call(Unknown Source)
	at com.kms.katalon.core.webui.keyword.builtin.VerifyElementNotPresentKeyword$_verifyElementNotPresent_closure1.doCall(VerifyElementNotPresentKeyword.groovy:106)
	at com.kms.katalon.core.webui.keyword.builtin.VerifyElementNotPresentKeyword$_verifyElementNotPresent_closure1.doCall(VerifyElementNotPresentKeyword.groovy)
	at com.kms.katalon.core.webui.keyword.internal.WebUIKeywordMain.runKeyword(WebUIKeywordMain.groovy:20)
	at com.kms.katalon.core.webui.keyword.internal.WebUIKeywordMain$runKeyword.call(Unknown Source)
	at com.kms.katalon.core.webui.keyword.builtin.VerifyElementNotPresentKeyword.verifyElementNotPresent(VerifyElementNotPresentKeyword.groovy:117)
	at com.kms.katalon.core.webui.keyword.builtin.VerifyElementNotPresentKeyword.execute(VerifyElementNotPresentKeyword.groovy:68)
	at com.kms.katalon.core.keyword.internal.KeywordExecutor.executeKeywordForPlatform(KeywordExecutor.groovy:74)
	at com.kms.katalon.core.webui.keyword.WebUiBuiltInKeywords.verifyElementNotPresent(WebUiBuiltInKeywords.groovy:1481)
	at com.kms.katalon.core.webui.keyword.WebUiBuiltInKeywords$verifyElementNotPresent$8.call(Unknown Source)
	at GetBrokSumPriceDaily.run(GetBrokSumPriceDaily:258)
	at com.kms.katalon.core.main.ScriptEngine.run(ScriptEngine.java:194)
	at com.kms.katalon.core.main.ScriptEngine.runScriptAsRawText(ScriptEngine.java:119)
	at com.kms.katalon.core.main.TestCaseExecutor.runScript(TestCaseExecutor.java:445)
	at com.kms.katalon.core.main.TestCaseExecutor.doExecute(TestCaseExecutor.java:436)
	at com.kms.katalon.core.main.TestCaseExecutor.processExecutionPhase(TestCaseExecutor.java:415)
	at com.kms.katalon.core.main.TestCaseExecutor.accessMainPhase(TestCaseExecutor.java:407)
	at com.kms.katalon.core.main.TestCaseExecutor.execute(TestCaseExecutor.java:284)
	at com.kms.katalon.core.common.CommonExecutor.accessTestCaseMainPhase(CommonExecutor.java:65)
	at com.kms.katalon.core.main.TestSuiteExecutor.accessTestSuiteMainPhase(TestSuiteExecutor.java:144)
	at com.kms.katalon.core.main.TestSuiteExecutor.execute(TestSuiteExecutor.java:106)
	at com.kms.katalon.core.main.TestCaseMain.startTestSuite(TestCaseMain.java:185)
	at com.kms.katalon.core.main.TestCaseMain$startTestSuite$0.call(Unknown Source)
	at TempTestSuite1705920083951.run(TempTestSuite1705920083951.groovy:36)
)
[[ATTACHMENT|C:\\Users\\Fadli\\git\\KatalonDailyGetData2\\Reports\\20240122_174123\\TS1\\20240122_174123\\1705921439518.png]]

2024-01-22 18:03:59 - [TEST_STEP][PASSED] - else: null

2024-01-22 18:03:59 - [TEST_STEP][PASSED] - strBuyer2 = getText(findTestObject("Stockbit/Bandarmology_Buyer2")): Text of object 'Object Repository/Stockbit/Bandarmology_Buyer2' is: 'XC'

2024-01-22 18:03:59 - [MESSAGE][PASSED] - Text of object 'Object Repository/Stockbit/Bandarmology_Buyer2' is: 'XC'

2024-01-22 18:03:59 - [TEST_STEP][PASSED] - strBuyerVol2 = getText(findTestObject("Stockbit/Bandarmology_BuyerVol2")): Text of object 'Object Repository/Stockbit/Bandarmology_BuyerVol2' is: '3.1 K'

2024-01-22 18:04:00 - [MESSAGE][PASSED] - Text of object 'Object Repository/Stockbit/Bandarmology_BuyerVol2' is: '3.1 K'

2024-01-22 18:04:00 - [TEST_STEP][PASSED] - strBuyerAvg2 = getText(findTestObject("Stockbit/Bandarmology_BuyerAvg2")): Text of object 'Object Repository/Stockbit/Bandarmology_BuyerAvg2' is: '152'

2024-01-22 18:04:00 - [MESSAGE][PASSED] - Text of object 'Object Repository/Stockbit/Bandarmology_BuyerAvg2' is: '152'

2024-01-22 18:04:00 - [TEST_STEP][PASSED] - if (strBuyer2 != ""): null

2024-01-22 18:04:00 - [TEST_STEP][PASSED] - if (strBuyerAvg2.contains(",")): null

2024-01-22 18:04:00 - [TEST_STEP][PASSED] - if (strBuyerVol2.contains(" B")): null

2024-01-22 18:04:00 - [TEST_STEP][PASSED] - else if (strBuyerVol2.contains(" M")): null

2024-01-22 18:04:00 - [TEST_STEP][PASSED] - else if (strBuyerVol2.contains(" K")): null

2024-01-22 18:04:00 - [TEST_STEP][PASSED] - strBuyerVol2 = strBuyerVol2.replace(" K", ""): null

2024-01-22 18:04:00 - [TEST_STEP][PASSED] - strBuyerVol2 = strBuyerVol2.toDouble() * 1000: null

2024-01-22 18:04:00 - [TEST_STEP][PASSED] - if (strBuyerVol2.contains(".")): null

2024-01-22 18:04:00 - [TEST_STEP][PASSED] - strBuyerVal2 = strBuyerVol2.replace(".", ""): null

2024-01-22 18:04:00 - [TEST_STEP][PASSED] - if (verifyElementNotPresent(findTestObject("Stockbit/Bandarmology_Seller2"), 1, OPTIONAL)): Web element with id: 'Object Repository/Stockbit/Bandarmology_Seller2' located by 'By.xpath: //*[contains(@id, 'rc-tabs-')]/div[2]/div/div/div/div/div/div[2]/table/tbody/tr[3]/td[5]/p' is present after '1' second(s) (Root cause: com.kms.katalon.core.exception.StepFailedException: Web element with id: 'Object Repository/Stockbit/Bandarmology_Seller2' located by 'By.xpath: //*[contains(@id, 'rc-tabs-')]/div[2]/div/div/div/div/div/div[2]/table/tbody/tr[3]/td[5]/p' is present after '1' second(s)
	at com.kms.katalon.core.webui.keyword.internal.WebUIKeywordMain.stepFailed(WebUIKeywordMain.groovy:64)
	at com.kms.katalon.core.webui.keyword.internal.WebUIKeywordMain$stepFailed$0.call(Unknown Source)
	at com.kms.katalon.core.webui.keyword.builtin.VerifyElementNotPresentKeyword$_verifyElementNotPresent_closure1.doCall(VerifyElementNotPresentKeyword.groovy:106)
	at com.kms.katalon.core.webui.keyword.builtin.VerifyElementNotPresentKeyword$_verifyElementNotPresent_closure1.doCall(VerifyElementNotPresentKeyword.groovy)
	at com.kms.katalon.core.webui.keyword.internal.WebUIKeywordMain.runKeyword(WebUIKeywordMain.groovy:20)
	at com.kms.katalon.core.webui.keyword.internal.WebUIKeywordMain$runKeyword.call(Unknown Source)
	at com.kms.katalon.core.webui.keyword.builtin.VerifyElementNotPresentKeyword.verifyElementNotPresent(VerifyElementNotPresentKeyword.groovy:117)
	at com.kms.katalon.core.webui.keyword.builtin.VerifyElementNotPresentKeyword.execute(VerifyElementNotPresentKeyword.groovy:68)
	at com.kms.katalon.core.keyword.internal.KeywordExecutor.executeKeywordForPlatform(KeywordExecutor.groovy:74)
	at com.kms.katalon.core.webui.keyword.WebUiBuiltInKeywords.verifyElementNotPresent(WebUiBuiltInKeywords.groovy:1481)
	at com.kms.katalon.core.webui.keyword.WebUiBuiltInKeywords$verifyElementNotPresent$8.call(Unknown Source)
	at GetBrokSumPriceDaily.run(GetBrokSumPriceDaily:309)
	at com.kms.katalon.core.main.ScriptEngine.run(ScriptEngine.java:194)
	at com.kms.katalon.core.main.ScriptEngine.runScriptAsRawText(ScriptEngine.java:119)
	at com.kms.katalon.core.main.TestCaseExecutor.runScript(TestCaseExecutor.java:445)
	at com.kms.katalon.core.main.TestCaseExecutor.doExecute(TestCaseExecutor.java:436)
	at com.kms.katalon.core.main.TestCaseExecutor.processExecutionPhase(TestCaseExecutor.java:415)
	at com.kms.katalon.core.main.TestCaseExecutor.accessMainPhase(TestCaseExecutor.java:407)
	at com.kms.katalon.core.main.TestCaseExecutor.execute(TestCaseExecutor.java:284)
	at com.kms.katalon.core.common.CommonExecutor.accessTestCaseMainPhase(CommonExecutor.java:65)
	at com.kms.katalon.core.main.TestSuiteExecutor.accessTestSuiteMainPhase(TestSuiteExecutor.java:144)
	at com.kms.katalon.core.main.TestSuiteExecutor.execute(TestSuiteExecutor.java:106)
	at com.kms.katalon.core.main.TestCaseMain.startTestSuite(TestCaseMain.java:185)
	at com.kms.katalon.core.main.TestCaseMain$startTestSuite$0.call(Unknown Source)
	at TempTestSuite1705920083951.run(TempTestSuite1705920083951.groovy:36)
)

2024-01-22 18:04:01 - [MESSAGE][WARNING] - Web element with id: 'Object Repository/Stockbit/Bandarmology_Seller2' located by 'By.xpath: //*[contains(@id, 'rc-tabs-')]/div[2]/div/div/div/div/div/div[2]/table/tbody/tr[3]/td[5]/p' is present after '1' second(s) (Root cause: com.kms.katalon.core.exception.StepFailedException: Web element with id: 'Object Repository/Stockbit/Bandarmology_Seller2' located by 'By.xpath: //*[contains(@id, 'rc-tabs-')]/div[2]/div/div/div/div/div/div[2]/table/tbody/tr[3]/td[5]/p' is present after '1' second(s)
	at com.kms.katalon.core.webui.keyword.internal.WebUIKeywordMain.stepFailed(WebUIKeywordMain.groovy:64)
	at com.kms.katalon.core.webui.keyword.internal.WebUIKeywordMain$stepFailed$0.call(Unknown Source)
	at com.kms.katalon.core.webui.keyword.builtin.VerifyElementNotPresentKeyword$_verifyElementNotPresent_closure1.doCall(VerifyElementNotPresentKeyword.groovy:106)
	at com.kms.katalon.core.webui.keyword.builtin.VerifyElementNotPresentKeyword$_verifyElementNotPresent_closure1.doCall(VerifyElementNotPresentKeyword.groovy)
	at com.kms.katalon.core.webui.keyword.internal.WebUIKeywordMain.runKeyword(WebUIKeywordMain.groovy:20)
	at com.kms.katalon.core.webui.keyword.internal.WebUIKeywordMain$runKeyword.call(Unknown Source)
	at com.kms.katalon.core.webui.keyword.builtin.VerifyElementNotPresentKeyword.verifyElementNotPresent(VerifyElementNotPresentKeyword.groovy:117)
	at com.kms.katalon.core.webui.keyword.builtin.VerifyElementNotPresentKeyword.execute(VerifyElementNotPresentKeyword.groovy:68)
	at com.kms.katalon.core.keyword.internal.KeywordExecutor.executeKeywordForPlatform(KeywordExecutor.groovy:74)
	at com.kms.katalon.core.webui.keyword.WebUiBuiltInKeywords.verifyElementNotPresent(WebUiBuiltInKeywords.groovy:1481)
	at com.kms.katalon.core.webui.keyword.WebUiBuiltInKeywords$verifyElementNotPresent$8.call(Unknown Source)
	at GetBrokSumPriceDaily.run(GetBrokSumPriceDaily:309)
	at com.kms.katalon.core.main.ScriptEngine.run(ScriptEngine.java:194)
	at com.kms.katalon.core.main.ScriptEngine.runScriptAsRawText(ScriptEngine.java:119)
	at com.kms.katalon.core.main.TestCaseExecutor.runScript(TestCaseExecutor.java:445)
	at com.kms.katalon.core.main.TestCaseExecutor.doExecute(TestCaseExecutor.java:436)
	at com.kms.katalon.core.main.TestCaseExecutor.processExecutionPhase(TestCaseExecutor.java:415)
	at com.kms.katalon.core.main.TestCaseExecutor.accessMainPhase(TestCaseExecutor.java:407)
	at com.kms.katalon.core.main.TestCaseExecutor.execute(TestCaseExecutor.java:284)
	at com.kms.katalon.core.common.CommonExecutor.accessTestCaseMainPhase(CommonExecutor.java:65)
	at com.kms.katalon.core.main.TestSuiteExecutor.accessTestSuiteMainPhase(TestSuiteExecutor.java:144)
	at com.kms.katalon.core.main.TestSuiteExecutor.execute(TestSuiteExecutor.java:106)
	at com.kms.katalon.core.main.TestCaseMain.startTestSuite(TestCaseMain.java:185)
	at com.kms.katalon.core.main.TestCaseMain$startTestSuite$0.call(Unknown Source)
	at TempTestSuite1705920083951.run(TempTestSuite1705920083951.groovy:36)
)
[[ATTACHMENT|C:\\Users\\Fadli\\git\\KatalonDailyGetData2\\Reports\\20240122_174123\\TS1\\20240122_174123\\1705921441440.png]]

2024-01-22 18:04:01 - [TEST_STEP][PASSED] - else: null

2024-01-22 18:04:01 - [TEST_STEP][PASSED] - strSeller2 = getText(findTestObject("Stockbit/Bandarmology_Seller2")): Text of object 'Object Repository/Stockbit/Bandarmology_Seller2' is: 'BQ'

2024-01-22 18:04:01 - [MESSAGE][PASSED] - Text of object 'Object Repository/Stockbit/Bandarmology_Seller2' is: 'BQ'

2024-01-22 18:04:01 - [TEST_STEP][PASSED] - strSellerVol2 = getText(findTestObject("Stockbit/Bandarmology_SellerVol2")): Text of object 'Object Repository/Stockbit/Bandarmology_SellerVol2' is: '562'

2024-01-22 18:04:01 - [MESSAGE][PASSED] - Text of object 'Object Repository/Stockbit/Bandarmology_SellerVol2' is: '562'

2024-01-22 18:04:01 - [TEST_STEP][PASSED] - strSellerAvg2 = getText(findTestObject("Stockbit/Bandarmology_SellerAvg2")): Text of object 'Object Repository/Stockbit/Bandarmology_SellerAvg2' is: '152'

2024-01-22 18:04:02 - [MESSAGE][PASSED] - Text of object 'Object Repository/Stockbit/Bandarmology_SellerAvg2' is: '152'

2024-01-22 18:04:02 - [TEST_STEP][PASSED] - if (strSeller2 != ""): null

2024-01-22 18:04:02 - [TEST_STEP][PASSED] - if (strSellerAvg2.contains(",")): null

2024-01-22 18:04:02 - [TEST_STEP][PASSED] - if (strSellerVol2.contains(" B")): null

2024-01-22 18:04:02 - [TEST_STEP][PASSED] - if (verifyElementNotPresent(findTestObject("Stockbit/Bandarmology_Buyer3"), 1, OPTIONAL)): Web element with id: 'Object Repository/Stockbit/Bandarmology_Buyer3' located by 'By.xpath: //*[contains(@id, 'rc-tabs-')]/div[2]/div/div/div/div/div/div[2]/table/tbody/tr[4]/td[1]/p' is present after '1' second(s) (Root cause: com.kms.katalon.core.exception.StepFailedException: Web element with id: 'Object Repository/Stockbit/Bandarmology_Buyer3' located by 'By.xpath: //*[contains(@id, 'rc-tabs-')]/div[2]/div/div/div/div/div/div[2]/table/tbody/tr[4]/td[1]/p' is present after '1' second(s)
	at com.kms.katalon.core.webui.keyword.internal.WebUIKeywordMain.stepFailed(WebUIKeywordMain.groovy:64)
	at com.kms.katalon.core.webui.keyword.internal.WebUIKeywordMain$stepFailed$0.call(Unknown Source)
	at com.kms.katalon.core.webui.keyword.builtin.VerifyElementNotPresentKeyword$_verifyElementNotPresent_closure1.doCall(VerifyElementNotPresentKeyword.groovy:106)
	at com.kms.katalon.core.webui.keyword.builtin.VerifyElementNotPresentKeyword$_verifyElementNotPresent_closure1.doCall(VerifyElementNotPresentKeyword.groovy)
	at com.kms.katalon.core.webui.keyword.internal.WebUIKeywordMain.runKeyword(WebUIKeywordMain.groovy:20)
	at com.kms.katalon.core.webui.keyword.internal.WebUIKeywordMain$runKeyword.call(Unknown Source)
	at com.kms.katalon.core.webui.keyword.builtin.VerifyElementNotPresentKeyword.verifyElementNotPresent(VerifyElementNotPresentKeyword.groovy:117)
	at com.kms.katalon.core.webui.keyword.builtin.VerifyElementNotPresentKeyword.execute(VerifyElementNotPresentKeyword.groovy:68)
	at com.kms.katalon.core.keyword.internal.KeywordExecutor.executeKeywordForPlatform(KeywordExecutor.groovy:74)
	at com.kms.katalon.core.webui.keyword.WebUiBuiltInKeywords.verifyElementNotPresent(WebUiBuiltInKeywords.groovy:1481)
	at com.kms.katalon.core.webui.keyword.WebUiBuiltInKeywords$verifyElementNotPresent$8.call(Unknown Source)
	at GetBrokSumPriceDaily.run(GetBrokSumPriceDaily:361)
	at com.kms.katalon.core.main.ScriptEngine.run(ScriptEngine.java:194)
	at com.kms.katalon.core.main.ScriptEngine.runScriptAsRawText(ScriptEngine.java:119)
	at com.kms.katalon.core.main.TestCaseExecutor.runScript(TestCaseExecutor.java:445)
	at com.kms.katalon.core.main.TestCaseExecutor.doExecute(TestCaseExecutor.java:436)
	at com.kms.katalon.core.main.TestCaseExecutor.processExecutionPhase(TestCaseExecutor.java:415)
	at com.kms.katalon.core.main.TestCaseExecutor.accessMainPhase(TestCaseExecutor.java:407)
	at com.kms.katalon.core.main.TestCaseExecutor.execute(TestCaseExecutor.java:284)
	at com.kms.katalon.core.common.CommonExecutor.accessTestCaseMainPhase(CommonExecutor.java:65)
	at com.kms.katalon.core.main.TestSuiteExecutor.accessTestSuiteMainPhase(TestSuiteExecutor.java:144)
	at com.kms.katalon.core.main.TestSuiteExecutor.execute(TestSuiteExecutor.java:106)
	at com.kms.katalon.core.main.TestCaseMain.startTestSuite(TestCaseMain.java:185)
	at com.kms.katalon.core.main.TestCaseMain$startTestSuite$0.call(Unknown Source)
	at TempTestSuite1705920083951.run(TempTestSuite1705920083951.groovy:36)
)

2024-01-22 18:04:03 - [MESSAGE][WARNING] - Web element with id: 'Object Repository/Stockbit/Bandarmology_Buyer3' located by 'By.xpath: //*[contains(@id, 'rc-tabs-')]/div[2]/div/div/div/div/div/div[2]/table/tbody/tr[4]/td[1]/p' is present after '1' second(s) (Root cause: com.kms.katalon.core.exception.StepFailedException: Web element with id: 'Object Repository/Stockbit/Bandarmology_Buyer3' located by 'By.xpath: //*[contains(@id, 'rc-tabs-')]/div[2]/div/div/div/div/div/div[2]/table/tbody/tr[4]/td[1]/p' is present after '1' second(s)
	at com.kms.katalon.core.webui.keyword.internal.WebUIKeywordMain.stepFailed(WebUIKeywordMain.groovy:64)
	at com.kms.katalon.core.webui.keyword.internal.WebUIKeywordMain$stepFailed$0.call(Unknown Source)
	at com.kms.katalon.core.webui.keyword.builtin.VerifyElementNotPresentKeyword$_verifyElementNotPresent_closure1.doCall(VerifyElementNotPresentKeyword.groovy:106)
	at com.kms.katalon.core.webui.keyword.builtin.VerifyElementNotPresentKeyword$_verifyElementNotPresent_closure1.doCall(VerifyElementNotPresentKeyword.groovy)
	at com.kms.katalon.core.webui.keyword.internal.WebUIKeywordMain.runKeyword(WebUIKeywordMain.groovy:20)
	at com.kms.katalon.core.webui.keyword.internal.WebUIKeywordMain$runKeyword.call(Unknown Source)
	at com.kms.katalon.core.webui.keyword.builtin.VerifyElementNotPresentKeyword.verifyElementNotPresent(VerifyElementNotPresentKeyword.groovy:117)
	at com.kms.katalon.core.webui.keyword.builtin.VerifyElementNotPresentKeyword.execute(VerifyElementNotPresentKeyword.groovy:68)
	at com.kms.katalon.core.keyword.internal.KeywordExecutor.executeKeywordForPlatform(KeywordExecutor.groovy:74)
	at com.kms.katalon.core.webui.keyword.WebUiBuiltInKeywords.verifyElementNotPresent(WebUiBuiltInKeywords.groovy:1481)
	at com.kms.katalon.core.webui.keyword.WebUiBuiltInKeywords$verifyElementNotPresent$8.call(Unknown Source)
	at GetBrokSumPriceDaily.run(GetBrokSumPriceDaily:361)
	at com.kms.katalon.core.main.ScriptEngine.run(ScriptEngine.java:194)
	at com.kms.katalon.core.main.ScriptEngine.runScriptAsRawText(ScriptEngine.java:119)
	at com.kms.katalon.core.main.TestCaseExecutor.runScript(TestCaseExecutor.java:445)
	at com.kms.katalon.core.main.TestCaseExecutor.doExecute(TestCaseExecutor.java:436)
	at com.kms.katalon.core.main.TestCaseExecutor.processExecutionPhase(TestCaseExecutor.java:415)
	at com.kms.katalon.core.main.TestCaseExecutor.accessMainPhase(TestCaseExecutor.java:407)
	at com.kms.katalon.core.main.TestCaseExecutor.execute(TestCaseExecutor.java:284)
	at com.kms.katalon.core.common.CommonExecutor.accessTestCaseMainPhase(CommonExecutor.java:65)
	at com.kms.katalon.core.main.TestSuiteExecutor.accessTestSuiteMainPhase(TestSuiteExecutor.java:144)
	at com.kms.katalon.core.main.TestSuiteExecutor.execute(TestSuiteExecutor.java:106)
	at com.kms.katalon.core.main.TestCaseMain.startTestSuite(TestCaseMain.java:185)
	at com.kms.katalon.core.main.TestCaseMain$startTestSuite$0.call(Unknown Source)
	at TempTestSuite1705920083951.run(TempTestSuite1705920083951.groovy:36)
)
[[ATTACHMENT|C:\\Users\\Fadli\\git\\KatalonDailyGetData2\\Reports\\20240122_174123\\TS1\\20240122_174123\\1705921443344.png]]

2024-01-22 18:04:03 - [TEST_STEP][PASSED] - else: null

2024-01-22 18:04:03 - [TEST_STEP][PASSED] - strBuyer3 = getText(findTestObject("Stockbit/Bandarmology_Buyer3")): Text of object 'Object Repository/Stockbit/Bandarmology_Buyer3' is: 'PD'

2024-01-22 18:04:03 - [MESSAGE][PASSED] - Text of object 'Object Repository/Stockbit/Bandarmology_Buyer3' is: 'PD'

2024-01-22 18:04:03 - [TEST_STEP][PASSED] - strBuyerVol3 = getText(findTestObject("Stockbit/Bandarmology_BuyerVol3")): Text of object 'Object Repository/Stockbit/Bandarmology_BuyerVol3' is: '2.1 K'

2024-01-22 18:04:03 - [MESSAGE][PASSED] - Text of object 'Object Repository/Stockbit/Bandarmology_BuyerVol3' is: '2.1 K'

2024-01-22 18:04:03 - [TEST_STEP][PASSED] - strBuyerAvg3 = getText(findTestObject("Stockbit/Bandarmology_BuyerAvg3")): Text of object 'Object Repository/Stockbit/Bandarmology_BuyerAvg3' is: '152'

2024-01-22 18:04:04 - [MESSAGE][PASSED] - Text of object 'Object Repository/Stockbit/Bandarmology_BuyerAvg3' is: '152'

2024-01-22 18:04:04 - [TEST_STEP][PASSED] - if (strBuyer3 != ""): null

2024-01-22 18:04:04 - [TEST_STEP][PASSED] - if (strBuyerAvg3.contains(",")): null

2024-01-22 18:04:04 - [TEST_STEP][PASSED] - if (strBuyerVol3.contains(" B")): null

2024-01-22 18:04:04 - [TEST_STEP][PASSED] - else if (strBuyerVol3.contains(" M")): null

2024-01-22 18:04:04 - [TEST_STEP][PASSED] - else if (strBuyerVol3.contains(" K")): null

2024-01-22 18:04:04 - [TEST_STEP][PASSED] - strBuyerVol3 = strBuyerVol3.replace(" K", ""): null

2024-01-22 18:04:04 - [TEST_STEP][PASSED] - strBuyerVol3 = strBuyerVol3.toDouble() * 1000: null

2024-01-22 18:04:04 - [TEST_STEP][PASSED] - if (verifyElementNotPresent(findTestObject("Stockbit/Bandarmology_Seller3"), 1, OPTIONAL)): Web element with id: 'Object Repository/Stockbit/Bandarmology_Seller3' located by 'By.xpath: //*[contains(@id, 'rc-tabs-')]/div[2]/div/div/div/div/div/div[2]/table/tbody/tr[4]/td[5]/p' is present after '1' second(s) (Root cause: com.kms.katalon.core.exception.StepFailedException: Web element with id: 'Object Repository/Stockbit/Bandarmology_Seller3' located by 'By.xpath: //*[contains(@id, 'rc-tabs-')]/div[2]/div/div/div/div/div/div[2]/table/tbody/tr[4]/td[5]/p' is present after '1' second(s)
	at com.kms.katalon.core.webui.keyword.internal.WebUIKeywordMain.stepFailed(WebUIKeywordMain.groovy:64)
	at com.kms.katalon.core.webui.keyword.internal.WebUIKeywordMain$stepFailed$0.call(Unknown Source)
	at com.kms.katalon.core.webui.keyword.builtin.VerifyElementNotPresentKeyword$_verifyElementNotPresent_closure1.doCall(VerifyElementNotPresentKeyword.groovy:106)
	at com.kms.katalon.core.webui.keyword.builtin.VerifyElementNotPresentKeyword$_verifyElementNotPresent_closure1.doCall(VerifyElementNotPresentKeyword.groovy)
	at com.kms.katalon.core.webui.keyword.internal.WebUIKeywordMain.runKeyword(WebUIKeywordMain.groovy:20)
	at com.kms.katalon.core.webui.keyword.internal.WebUIKeywordMain$runKeyword.call(Unknown Source)
	at com.kms.katalon.core.webui.keyword.builtin.VerifyElementNotPresentKeyword.verifyElementNotPresent(VerifyElementNotPresentKeyword.groovy:117)
	at com.kms.katalon.core.webui.keyword.builtin.VerifyElementNotPresentKeyword.execute(VerifyElementNotPresentKeyword.groovy:68)
	at com.kms.katalon.core.keyword.internal.KeywordExecutor.executeKeywordForPlatform(KeywordExecutor.groovy:74)
	at com.kms.katalon.core.webui.keyword.WebUiBuiltInKeywords.verifyElementNotPresent(WebUiBuiltInKeywords.groovy:1481)
	at com.kms.katalon.core.webui.keyword.WebUiBuiltInKeywords$verifyElementNotPresent$8.call(Unknown Source)
	at GetBrokSumPriceDaily.run(GetBrokSumPriceDaily:414)
	at com.kms.katalon.core.main.ScriptEngine.run(ScriptEngine.java:194)
	at com.kms.katalon.core.main.ScriptEngine.runScriptAsRawText(ScriptEngine.java:119)
	at com.kms.katalon.core.main.TestCaseExecutor.runScript(TestCaseExecutor.java:445)
	at com.kms.katalon.core.main.TestCaseExecutor.doExecute(TestCaseExecutor.java:436)
	at com.kms.katalon.core.main.TestCaseExecutor.processExecutionPhase(TestCaseExecutor.java:415)
	at com.kms.katalon.core.main.TestCaseExecutor.accessMainPhase(TestCaseExecutor.java:407)
	at com.kms.katalon.core.main.TestCaseExecutor.execute(TestCaseExecutor.java:284)
	at com.kms.katalon.core.common.CommonExecutor.accessTestCaseMainPhase(CommonExecutor.java:65)
	at com.kms.katalon.core.main.TestSuiteExecutor.accessTestSuiteMainPhase(TestSuiteExecutor.java:144)
	at com.kms.katalon.core.main.TestSuiteExecutor.execute(TestSuiteExecutor.java:106)
	at com.kms.katalon.core.main.TestCaseMain.startTestSuite(TestCaseMain.java:185)
	at com.kms.katalon.core.main.TestCaseMain$startTestSuite$0.call(Unknown Source)
	at TempTestSuite1705920083951.run(TempTestSuite1705920083951.groovy:36)
)

2024-01-22 18:04:05 - [MESSAGE][WARNING] - Web element with id: 'Object Repository/Stockbit/Bandarmology_Seller3' located by 'By.xpath: //*[contains(@id, 'rc-tabs-')]/div[2]/div/div/div/div/div/div[2]/table/tbody/tr[4]/td[5]/p' is present after '1' second(s) (Root cause: com.kms.katalon.core.exception.StepFailedException: Web element with id: 'Object Repository/Stockbit/Bandarmology_Seller3' located by 'By.xpath: //*[contains(@id, 'rc-tabs-')]/div[2]/div/div/div/div/div/div[2]/table/tbody/tr[4]/td[5]/p' is present after '1' second(s)
	at com.kms.katalon.core.webui.keyword.internal.WebUIKeywordMain.stepFailed(WebUIKeywordMain.groovy:64)
	at com.kms.katalon.core.webui.keyword.internal.WebUIKeywordMain$stepFailed$0.call(Unknown Source)
	at com.kms.katalon.core.webui.keyword.builtin.VerifyElementNotPresentKeyword$_verifyElementNotPresent_closure1.doCall(VerifyElementNotPresentKeyword.groovy:106)
	at com.kms.katalon.core.webui.keyword.builtin.VerifyElementNotPresentKeyword$_verifyElementNotPresent_closure1.doCall(VerifyElementNotPresentKeyword.groovy)
	at com.kms.katalon.core.webui.keyword.internal.WebUIKeywordMain.runKeyword(WebUIKeywordMain.groovy:20)
	at com.kms.katalon.core.webui.keyword.internal.WebUIKeywordMain$runKeyword.call(Unknown Source)
	at com.kms.katalon.core.webui.keyword.builtin.VerifyElementNotPresentKeyword.verifyElementNotPresent(VerifyElementNotPresentKeyword.groovy:117)
	at com.kms.katalon.core.webui.keyword.builtin.VerifyElementNotPresentKeyword.execute(VerifyElementNotPresentKeyword.groovy:68)
	at com.kms.katalon.core.keyword.internal.KeywordExecutor.executeKeywordForPlatform(KeywordExecutor.groovy:74)
	at com.kms.katalon.core.webui.keyword.WebUiBuiltInKeywords.verifyElementNotPresent(WebUiBuiltInKeywords.groovy:1481)
	at com.kms.katalon.core.webui.keyword.WebUiBuiltInKeywords$verifyElementNotPresent$8.call(Unknown Source)
	at GetBrokSumPriceDaily.run(GetBrokSumPriceDaily:414)
	at com.kms.katalon.core.main.ScriptEngine.run(ScriptEngine.java:194)
	at com.kms.katalon.core.main.ScriptEngine.runScriptAsRawText(ScriptEngine.java:119)
	at com.kms.katalon.core.main.TestCaseExecutor.runScript(TestCaseExecutor.java:445)
	at com.kms.katalon.core.main.TestCaseExecutor.doExecute(TestCaseExecutor.java:436)
	at com.kms.katalon.core.main.TestCaseExecutor.processExecutionPhase(TestCaseExecutor.java:415)
	at com.kms.katalon.core.main.TestCaseExecutor.accessMainPhase(TestCaseExecutor.java:407)
	at com.kms.katalon.core.main.TestCaseExecutor.execute(TestCaseExecutor.java:284)
	at com.kms.katalon.core.common.CommonExecutor.accessTestCaseMainPhase(CommonExecutor.java:65)
	at com.kms.katalon.core.main.TestSuiteExecutor.accessTestSuiteMainPhase(TestSuiteExecutor.java:144)
	at com.kms.katalon.core.main.TestSuiteExecutor.execute(TestSuiteExecutor.java:106)
	at com.kms.katalon.core.main.TestCaseMain.startTestSuite(TestCaseMain.java:185)
	at com.kms.katalon.core.main.TestCaseMain$startTestSuite$0.call(Unknown Source)
	at TempTestSuite1705920083951.run(TempTestSuite1705920083951.groovy:36)
)
[[ATTACHMENT|C:\\Users\\Fadli\\git\\KatalonDailyGetData2\\Reports\\20240122_174123\\TS1\\20240122_174123\\1705921445229.png]]

2024-01-22 18:04:05 - [TEST_STEP][PASSED] - else: null

2024-01-22 18:04:05 - [TEST_STEP][PASSED] - strSeller3 = getText(findTestObject("Stockbit/Bandarmology_Seller3")): Text of object 'Object Repository/Stockbit/Bandarmology_Seller3' is: 'XL'

2024-01-22 18:04:05 - [MESSAGE][PASSED] - Text of object 'Object Repository/Stockbit/Bandarmology_Seller3' is: 'XL'

2024-01-22 18:04:05 - [TEST_STEP][PASSED] - strSellerVol3 = getText(findTestObject("Stockbit/Bandarmology_SellerVol3")): Text of object 'Object Repository/Stockbit/Bandarmology_SellerVol3' is: '356'

2024-01-22 18:04:05 - [MESSAGE][PASSED] - Text of object 'Object Repository/Stockbit/Bandarmology_SellerVol3' is: '356'

2024-01-22 18:04:05 - [TEST_STEP][PASSED] - strSellerAvg3 = getText(findTestObject("Stockbit/Bandarmology_SellerAvg3")): Text of object 'Object Repository/Stockbit/Bandarmology_SellerAvg3' is: '152'

2024-01-22 18:04:05 - [MESSAGE][PASSED] - Text of object 'Object Repository/Stockbit/Bandarmology_SellerAvg3' is: '152'

2024-01-22 18:04:05 - [TEST_STEP][PASSED] - if (strSeller3 != ""): null

2024-01-22 18:04:05 - [TEST_STEP][PASSED] - if (strSellerAvg3.contains(",")): null

2024-01-22 18:04:05 - [TEST_STEP][PASSED] - if (strSellerVol3.contains(" B")): null

2024-01-22 18:04:05 - [TEST_STEP][PASSED] - strAccDist = getText(findTestObject("Stockbit/Bandarmology_AccDist")): Text of object 'Object Repository/Stockbit/Bandarmology_AccDist' is: 'Dist'

2024-01-22 18:04:06 - [MESSAGE][PASSED] - Text of object 'Object Repository/Stockbit/Bandarmology_AccDist' is: 'Dist'

2024-01-22 18:04:06 - [TEST_STEP][PASSED] - strNetVol = getText(findTestObject("Stockbit/Bandarmology_NetVol")): Text of object 'Object Repository/Stockbit/Bandarmology_NetVol' is: '16,011'

2024-01-22 18:04:06 - [MESSAGE][PASSED] - Text of object 'Object Repository/Stockbit/Bandarmology_NetVol' is: '16,011'

2024-01-22 18:04:06 - [TEST_STEP][PASSED] - strNetVol = strNetVol.replace(",", ""): null

2024-01-22 18:04:06 - [TEST_STEP][PASSED] - strNetVal = getText(findTestObject("Stockbit/Bandarmology_NetVal")): Text of object 'Object Repository/Stockbit/Bandarmology_NetVal' is: '0.2 B'

2024-01-22 18:04:06 - [MESSAGE][PASSED] - Text of object 'Object Repository/Stockbit/Bandarmology_NetVal' is: '0.2 B'

2024-01-22 18:04:06 - [TEST_STEP][PASSED] - delay(3): Delayed 3 second(s)

2024-01-22 18:04:09 - [MESSAGE][PASSED] - Delayed 3 second(s)

2024-01-22 18:04:09 - [TEST_STEP][PASSED] - strOpenPrice = getText(findTestObject("Stockbit/Home_OpenPrice")): Text of object 'Object Repository/Stockbit/Home_OpenPrice' is: '155'

2024-01-22 18:04:09 - [MESSAGE][PASSED] - Text of object 'Object Repository/Stockbit/Home_OpenPrice' is: '155'

2024-01-22 18:04:09 - [TEST_STEP][PASSED] - strOpenPrice = strOpenPrice.replace(",", ""): null

2024-01-22 18:04:09 - [TEST_STEP][PASSED] - strLowPrice = getText(findTestObject("Stockbit/Home_LowPrice")): Text of object 'Object Repository/Stockbit/Home_LowPrice' is: '150'

2024-01-22 18:04:09 - [MESSAGE][PASSED] - Text of object 'Object Repository/Stockbit/Home_LowPrice' is: '150'

2024-01-22 18:04:09 - [TEST_STEP][PASSED] - strLowPrice = strLowPrice.replace(",", ""): null

2024-01-22 18:04:09 - [TEST_STEP][PASSED] - strHighPrice = getText(findTestObject("Stockbit/Home_HighPrice")): Text of object 'Object Repository/Stockbit/Home_HighPrice' is: '157'

2024-01-22 18:04:09 - [MESSAGE][PASSED] - Text of object 'Object Repository/Stockbit/Home_HighPrice' is: '157'

2024-01-22 18:04:09 - [TEST_STEP][PASSED] - strHighPrice = strHighPrice.replace(",", ""): null

2024-01-22 18:04:09 - [TEST_STEP][PASSED] - strClosePrice = getText(findTestObject("Stockbit/Home_ClosePrice")): Text of object 'Object Repository/Stockbit/Home_ClosePrice' is: '152'

2024-01-22 18:04:10 - [MESSAGE][PASSED] - Text of object 'Object Repository/Stockbit/Home_ClosePrice' is: '152'

2024-01-22 18:04:10 - [TEST_STEP][PASSED] - strClosePrice = strClosePrice.replace(",", ""): null

2024-01-22 18:04:10 - [TEST_STEP][PASSED] - strVol = getText(findTestObject("Stockbit/Home_Volume")): Text of object 'Object Repository/Stockbit/Home_Volume' is: '25 K'

2024-01-22 18:04:10 - [MESSAGE][PASSED] - Text of object 'Object Repository/Stockbit/Home_Volume' is: '25 K'

2024-01-22 18:04:10 - [TEST_STEP][PASSED] - if (strVol.contains(" K")): null

2024-01-22 18:04:10 - [TEST_STEP][PASSED] - strVol = strVol.replace(" K", "000"): null

2024-01-22 18:04:10 - [TEST_STEP][PASSED] - if (strVol.contains(",")): null

2024-01-22 18:04:10 - [TEST_STEP][PASSED] - strChange = getText(findTestObject("Stockbit/Home_Change")): Text of object 'Object Repository/Stockbit/Home_Change' is: '-1.94%'

2024-01-22 18:04:10 - [MESSAGE][PASSED] - Text of object 'Object Repository/Stockbit/Home_Change' is: '-1.94%'

2024-01-22 18:04:10 - [TEST_STEP][PASSED] - strChange = strChange.replace("%", ""): null

2024-01-22 18:04:10 - [TEST_STEP][PASSED] - strFreq = getText(findTestObject("Stockbit/Home_Freq")): Text of object 'Object Repository/Stockbit/Home_Freq' is: '480'

2024-01-22 18:04:10 - [MESSAGE][PASSED] - Text of object 'Object Repository/Stockbit/Home_Freq' is: '480'

2024-01-22 18:04:10 - [TEST_STEP][PASSED] - if (strFreq.contains(",")): null

2024-01-22 18:04:10 - [TEST_STEP][PASSED] - if (strFreq == "NA" || strFreq == ""): null

2024-01-22 18:04:10 - [TEST_STEP][PASSED] - else: null

2024-01-22 18:04:10 - [TEST_STEP][PASSED] - dblFreqAnal = strVol.toDouble() / strFreq.toDouble() * strFreq.toDouble() * strFreq.toDouble() * 100000000: null

2024-01-22 18:04:10 - [TEST_STEP][PASSED] - strFreqAnal = String.format("%.4f", dblFreqAnal): null

2024-01-22 18:04:10 - [TEST_STEP][PASSED] - out.println("Double strFreqAnal: " + strFreqAnal): null

2024-01-22 18:04:10 - [TEST_STEP][PASSED] - strTanggal = d.format(DateTimeFormatter.ofPattern("yyyy-MM-dd")): null

2024-01-22 18:04:10 - [TEST_STEP][PASSED] - strTanggal = "#" + strTanggal + "#": null

2024-01-22 18:04:10 - [TEST_STEP][PASSED] - strSQL = "select count(*) as JumBaris from TblBrokSum where Nama = '" + strNama + "' and Tanggal = " + strTanggal + "": null

2024-01-22 18:04:10 - [TEST_STEP][PASSED] - resultSet = statement.executeQuery(strSQL): null

2024-01-22 18:04:10 - [TEST_STEP][PASSED] - resultSet.next(): null

2024-01-22 18:04:10 - [TEST_STEP][PASSED] - intJumBaris = resultSet.getInt("JumBaris"): null

2024-01-22 18:04:10 - [TEST_STEP][PASSED] - if (intJumBaris > 0): null

2024-01-22 18:04:10 - [TEST_STEP][PASSED] - else: null

2024-01-22 18:04:10 - [TEST_STEP][PASSED] - try: null

2024-01-22 18:04:10 - [TEST_STEP][PASSED] - out.println("Insert data"): null

2024-01-22 18:04:10 - [TEST_STEP][PASSED] - strSQL = "insert into TblBrokSum (nama, tanggal, top1, top2, top3, AllBrokAvg, AccDist, AvgRP, " + "Buyer1, BuyerVal1, BuyerAvg1, Seller1, SellerVal1, SellerAvg1, Buyer2, BuyerVal2, BuyerAvg2, " + "Seller2, SellerVal2, SellerAvg2, Buyer3, BuyerVal3, BuyerAvg3, Seller3, SellerVal3, SellerAvg3, NetVol, NetVal, " + "OpenPrice, LowPrice, HighPrice, ClosePrice, Volume, Change, Frekuensi, FrekAnal) " + "values ('" + strNama + "', " + strTanggal + ", '" + strTop1 + "', '" + strTop3 + "', '" + strTop5 + "', " + "'" + strAllBrokAvg + "', '" + strAccDist + "', " + intAvgRP + ", '" + strBuyer1 + "', '" + strBuyerVol1 + "', " + strBuyerAvg1 + ", " + "'" + strSeller1 + "', '" + strSellerVol1 + "', " + strSellerAvg1 + ", '" + strBuyer2 + "', '" + strBuyerVol2 + "', " + strBuyerAvg2 + ", " + "'" + strSeller2 + "', '" + strSellerVol2 + "', " + strSellerAvg2 + ", '" + strBuyer3 + "', '" + strBuyerVol3 + "', " + strBuyerAvg3 + ", " + "'" + strSeller3 + "', '" + strSellerVol3 + "', " + strSellerAvg3 + ", " + strNetVol + ", '" + strNetVal + "', " + "" + strOpenPrice + ", " + strLowPrice + ", " + strHighPrice + ", " + strClosePrice + ", '" + strVol + "', " + strChange + ", " + strFreq + ", " + strFreqAnal + ");": null

2024-01-22 18:04:10 - [TEST_STEP][PASSED] - out.println("strSQL = " + strSQL): null

2024-01-22 18:04:10 - [TEST_STEP][PASSED] - statement.executeUpdate(strSQL): null

2024-01-22 18:04:10 - [TEST_STEP][PASSED] - setValueToCellByIndex(sheet01, rowIndex, 4, "DONE"): null

2024-01-22 18:04:10 - [TEST_STEP][PASSED] - saveWorkbook(excelFilePath, workbook01): null

2024-01-22 18:04:10 - [TEST_STEP][PASSED] - waitForElementClickable(findTestObject("Stockbit/menu_Bandarmology"), 10): Object 'Object Repository/Stockbit/menu_Bandarmology' is clickable

2024-01-22 18:04:10 - [MESSAGE][PASSED] - Object 'Object Repository/Stockbit/menu_Bandarmology' is clickable

2024-01-22 18:04:10 - [TEST_STEP][PASSED] - click(findTestObject("Stockbit/menu_Bandarmology")): Object: 'Object Repository/Stockbit/menu_Bandarmology' is clicked on

2024-01-22 18:04:11 - [MESSAGE][PASSED] - Object: 'Object Repository/Stockbit/menu_Bandarmology' is clicked on

2024-01-22 18:04:11 - [TEST_STEP][PASSED] - strTemp = "NA": null

2024-01-22 18:04:11 - [TEST_STEP][PASSED] - if (getCellValueByIndex(sheet01, rowIndex, 4) != "DONE"): Object: 'Object Repository/Stockbit/menu_Bandarmology' is clicked on

2024-01-22 18:04:11 - [TEST_STEP][PASSED] - strNama = getCellValueByIndex(sheet01, rowIndex, 0): null

2024-01-22 18:04:11 - [TEST_STEP][PASSED] - navigateToUrl("https://stockbit.com/#/symbol/" + strNama): Navigate to 'https://stockbit.com/#/symbol/WIFI' successfully

2024-01-22 18:04:13 - [MESSAGE][PASSED] - Navigate to 'https://stockbit.com/#/symbol/WIFI' successfully

2024-01-22 18:04:13 - [TEST_STEP][PASSED] - waitForElementClickable(findTestObject("Stockbit/menu_Bandarmology"), 10): Object 'Object Repository/Stockbit/menu_Bandarmology' is clickable

2024-01-22 18:04:13 - [MESSAGE][PASSED] - Object 'Object Repository/Stockbit/menu_Bandarmology' is clickable

2024-01-22 18:04:13 - [TEST_STEP][PASSED] - click(findTestObject("Stockbit/menu_Bandarmology")): Object: 'Object Repository/Stockbit/menu_Bandarmology' is clicked on

2024-01-22 18:04:14 - [MESSAGE][PASSED] - Object: 'Object Repository/Stockbit/menu_Bandarmology' is clicked on

2024-01-22 18:04:14 - [TEST_STEP][PASSED] - strTanggal = d.format(DateTimeFormatter.ofPattern("MMM dd, yyyy")): null

2024-01-22 18:04:14 - [TEST_STEP][PASSED] - strTanggal = d.format(ISO_DATE): null

2024-01-22 18:04:14 - [TEST_STEP][PASSED] - out.println("strTanggal = " + strTanggal): null

2024-01-22 18:04:14 - [TEST_STEP][PASSED] - out.println("strNama = " + strNama): null

2024-01-22 18:04:14 - [TEST_STEP][PASSED] - out.println("Baris ke = " + rowIndex): null

2024-01-22 18:04:14 - [TEST_STEP][PASSED] - click(findTestObject("Stockbit/input__BandarmologyOpenStartDate")): Object: 'Object Repository/Stockbit/input__BandarmologyOpenStartDate' is clicked on

2024-01-22 18:04:15 - [MESSAGE][PASSED] - Object: 'Object Repository/Stockbit/input__BandarmologyOpenStartDate' is clicked on

2024-01-22 18:04:15 - [TEST_STEP][PASSED] - sendKeys(findTestObject("Stockbit/input__BandarmologyOpenStartDate"), Keys.chord(CONTROL, "a")): Keys 'CONTROL + a' sent to object: 'Object Repository/Stockbit/input__BandarmologyOpenStartDate'

2024-01-22 18:04:15 - [MESSAGE][PASSED] - Keys 'CONTROL + a' sent to object: 'Object Repository/Stockbit/input__BandarmologyOpenStartDate'

2024-01-22 18:04:15 - [TEST_STEP][PASSED] - sendKeys(findTestObject("Stockbit/input__BandarmologyOpenStartDate"), Keys.chord(BACK_SPACE)): Keys 'BACK_SPACE + ' sent to object: 'Object Repository/Stockbit/input__BandarmologyOpenStartDate'

2024-01-22 18:04:16 - [MESSAGE][PASSED] - Keys 'BACK_SPACE + ' sent to object: 'Object Repository/Stockbit/input__BandarmologyOpenStartDate'

2024-01-22 18:04:16 - [TEST_STEP][PASSED] - setText(findTestObject("Stockbit/input__BandarmologyOpenStartDate"), strTanggal): Text '2024-01-22' is set on object 'Object Repository/Stockbit/input__BandarmologyOpenStartDate'

2024-01-22 18:04:16 - [MESSAGE][PASSED] - Text '2024-01-22' is set on object 'Object Repository/Stockbit/input__BandarmologyOpenStartDate'

2024-01-22 18:04:16 - [TEST_STEP][PASSED] - sendKeys(findTestObject("Stockbit/input__BandarmologyOpenStartDate"), Keys.chord(ENTER)): Keys 'ENTER + ' sent to object: 'Object Repository/Stockbit/input__BandarmologyOpenStartDate'

2024-01-22 18:04:17 - [MESSAGE][PASSED] - Keys 'ENTER + ' sent to object: 'Object Repository/Stockbit/input__BandarmologyOpenStartDate'

2024-01-22 18:04:17 - [TEST_STEP][PASSED] - click(findTestObject("Stockbit/input__BandarmologyOpenEndDate")): Object: 'Object Repository/Stockbit/input__BandarmologyOpenEndDate' is clicked on

2024-01-22 18:04:17 - [MESSAGE][PASSED] - Object: 'Object Repository/Stockbit/input__BandarmologyOpenEndDate' is clicked on

2024-01-22 18:04:17 - [TEST_STEP][PASSED] - sendKeys(findTestObject("Stockbit/input__BandarmologyOpenEndDate"), Keys.chord(CONTROL, "a")): Keys 'CONTROL + a' sent to object: 'Object Repository/Stockbit/input__BandarmologyOpenEndDate'

2024-01-22 18:04:18 - [MESSAGE][PASSED] - Keys 'CONTROL + a' sent to object: 'Object Repository/Stockbit/input__BandarmologyOpenEndDate'

2024-01-22 18:04:18 - [TEST_STEP][PASSED] - sendKeys(findTestObject("Stockbit/input__BandarmologyOpenEndDate"), Keys.chord(BACK_SPACE)): Keys 'BACK_SPACE + ' sent to object: 'Object Repository/Stockbit/input__BandarmologyOpenEndDate'

2024-01-22 18:04:18 - [MESSAGE][PASSED] - Keys 'BACK_SPACE + ' sent to object: 'Object Repository/Stockbit/input__BandarmologyOpenEndDate'

2024-01-22 18:04:18 - [TEST_STEP][PASSED] - setText(findTestObject("Stockbit/input__BandarmologyOpenEndDate"), strTanggal): Text '2024-01-22' is set on object 'Object Repository/Stockbit/input__BandarmologyOpenEndDate'

2024-01-22 18:04:19 - [MESSAGE][PASSED] - Text '2024-01-22' is set on object 'Object Repository/Stockbit/input__BandarmologyOpenEndDate'

2024-01-22 18:04:19 - [TEST_STEP][PASSED] - sendKeys(findTestObject("Stockbit/input__BandarmologyOpenEndDate"), Keys.chord(ENTER)): Keys 'ENTER + ' sent to object: 'Object Repository/Stockbit/input__BandarmologyOpenEndDate'

2024-01-22 18:04:19 - [MESSAGE][PASSED] - Keys 'ENTER + ' sent to object: 'Object Repository/Stockbit/input__BandarmologyOpenEndDate'

2024-01-22 18:04:19 - [TEST_STEP][PASSED] - delay(2): Delayed 2 second(s)

2024-01-22 18:04:21 - [MESSAGE][PASSED] - Delayed 2 second(s)

2024-01-22 18:04:21 - [TEST_STEP][PASSED] - strTemp = getText(findTestObject("Stockbit/Bandarmology_AvgRP")): Text of object 'Object Repository/Stockbit/Bandarmology_AvgRP' is: '156'

2024-01-22 18:04:21 - [MESSAGE][PASSED] - Text of object 'Object Repository/Stockbit/Bandarmology_AvgRP' is: '156'

2024-01-22 18:04:21 - [TEST_STEP][PASSED] - out.println("Bandarmology_AvgRP = " + strTemp): null

2024-01-22 18:04:21 - [TEST_STEP][PASSED] - if (strTemp != "0"): null

2024-01-22 18:04:21 - [TEST_STEP][PASSED] - strTop1 = getText(findTestObject("Stockbit/Bandarmology_Top1")): Text of object 'Object Repository/Stockbit/Bandarmology_Top1' is: 'Neutral'

2024-01-22 18:04:21 - [MESSAGE][PASSED] - Text of object 'Object Repository/Stockbit/Bandarmology_Top1' is: 'Neutral'

2024-01-22 18:04:21 - [TEST_STEP][PASSED] - strTop3 = getText(findTestObject("Stockbit/Bandarmology_Top3")): Text of object 'Object Repository/Stockbit/Bandarmology_Top3' is: 'Neutral'

2024-01-22 18:04:21 - [MESSAGE][PASSED] - Text of object 'Object Repository/Stockbit/Bandarmology_Top3' is: 'Neutral'

2024-01-22 18:04:21 - [TEST_STEP][PASSED] - strTop5 = getText(findTestObject("Stockbit/Bandarmology_Top5")): Text of object 'Object Repository/Stockbit/Bandarmology_Top5' is: 'Neutral'

2024-01-22 18:04:21 - [MESSAGE][PASSED] - Text of object 'Object Repository/Stockbit/Bandarmology_Top5' is: 'Neutral'

2024-01-22 18:04:21 - [TEST_STEP][PASSED] - strAllBrokAvg = getText(findTestObject("Stockbit/Bandarmology_TopAVG")): Text of object 'Object Repository/Stockbit/Bandarmology_TopAVG' is: 'Neutral'

2024-01-22 18:04:22 - [MESSAGE][PASSED] - Text of object 'Object Repository/Stockbit/Bandarmology_TopAVG' is: 'Neutral'

2024-01-22 18:04:22 - [TEST_STEP][PASSED] - strTemp = getText(findTestObject("Stockbit/Bandarmology_AvgRP")): Text of object 'Object Repository/Stockbit/Bandarmology_AvgRP' is: '156'

2024-01-22 18:04:22 - [MESSAGE][PASSED] - Text of object 'Object Repository/Stockbit/Bandarmology_AvgRP' is: '156'

2024-01-22 18:04:22 - [TEST_STEP][PASSED] - if (strTemp.contains(",")): null

2024-01-22 18:04:22 - [TEST_STEP][PASSED] - intAvgRP = strTemp.toInteger(): null

2024-01-22 18:04:22 - [TEST_STEP][PASSED] - strBuyer1 = getText(findTestObject("Stockbit/Bandarmology_Buyer1")): Text of object 'Object Repository/Stockbit/Bandarmology_Buyer1' is: 'DR'

2024-01-22 18:04:22 - [MESSAGE][PASSED] - Text of object 'Object Repository/Stockbit/Bandarmology_Buyer1' is: 'DR'

2024-01-22 18:04:22 - [TEST_STEP][PASSED] - strBuyerVol1 = getText(findTestObject("Stockbit/Bandarmology_BuyerVol1")): Text of object 'Object Repository/Stockbit/Bandarmology_BuyerVol1' is: '514.8 K'

2024-01-22 18:04:22 - [MESSAGE][PASSED] - Text of object 'Object Repository/Stockbit/Bandarmology_BuyerVol1' is: '514.8 K'

2024-01-22 18:04:22 - [TEST_STEP][PASSED] - strBuyerAvg1 = getText(findTestObject("Stockbit/Bandarmology_BuyerAvg1")): Text of object 'Object Repository/Stockbit/Bandarmology_BuyerAvg1' is: '156'

2024-01-22 18:04:22 - [MESSAGE][PASSED] - Text of object 'Object Repository/Stockbit/Bandarmology_BuyerAvg1' is: '156'

2024-01-22 18:04:22 - [TEST_STEP][PASSED] - if (strBuyerAvg1.contains(",")): null

2024-01-22 18:04:22 - [TEST_STEP][PASSED] - if (strBuyerVol1.contains(" B")): null

2024-01-22 18:04:22 - [TEST_STEP][PASSED] - else if (strBuyerVol1.contains(" M")): null

2024-01-22 18:04:22 - [TEST_STEP][PASSED] - else if (strBuyerVol1.contains(" K")): null

2024-01-22 18:04:22 - [TEST_STEP][PASSED] - strBuyerVol1 = strBuyerVol1.replace(" K", ""): null

2024-01-22 18:04:22 - [TEST_STEP][PASSED] - strBuyerVol1 = strBuyerVol1.toDouble() * 1000: null

2024-01-22 18:04:22 - [TEST_STEP][PASSED] - strSeller1 = getText(findTestObject("Stockbit/Bandarmology_Seller1")): Text of object 'Object Repository/Stockbit/Bandarmology_Seller1' is: 'AO'

2024-01-22 18:04:22 - [MESSAGE][PASSED] - Text of object 'Object Repository/Stockbit/Bandarmology_Seller1' is: 'AO'

2024-01-22 18:04:22 - [TEST_STEP][PASSED] - strSellerVol1 = getText(findTestObject("Stockbit/Bandarmology_SellerVol1")): Text of object 'Object Repository/Stockbit/Bandarmology_SellerVol1' is: '513.8 K'

2024-01-22 18:04:22 - [MESSAGE][PASSED] - Text of object 'Object Repository/Stockbit/Bandarmology_SellerVol1' is: '513.8 K'

2024-01-22 18:04:22 - [TEST_STEP][PASSED] - strSellerAvg1 = getText(findTestObject("Stockbit/Bandarmology_SellerAvg1")): Text of object 'Object Repository/Stockbit/Bandarmology_SellerAvg1' is: '155'

2024-01-22 18:04:22 - [MESSAGE][PASSED] - Text of object 'Object Repository/Stockbit/Bandarmology_SellerAvg1' is: '155'

2024-01-22 18:04:22 - [TEST_STEP][PASSED] - if (strSellerAvg1.contains(",")): null

2024-01-22 18:04:22 - [TEST_STEP][PASSED] - if (strSellerVol1.contains(" B")): null

2024-01-22 18:04:22 - [TEST_STEP][PASSED] - else if (strSellerVol1.contains(" M")): null

2024-01-22 18:04:22 - [TEST_STEP][PASSED] - else if (strSellerVol1.contains(" K")): null

2024-01-22 18:04:22 - [TEST_STEP][PASSED] - strSellerVol1 = strSellerVol1.replace(" K", ""): null

2024-01-22 18:04:22 - [TEST_STEP][PASSED] - strSellerVol1 = strSellerVol1.toDouble() * 1000: null

2024-01-22 18:04:22 - [TEST_STEP][PASSED] - if (verifyElementNotPresent(findTestObject("Stockbit/Bandarmology_Buyer2"), 1, OPTIONAL)): Web element with id: 'Object Repository/Stockbit/Bandarmology_Buyer2' located by 'By.xpath: //*[contains(@id, 'rc-tabs-')]/div[2]/div/div/div/div/div/div[2]/table/tbody/tr[3]/td[1]/p' is present after '1' second(s) (Root cause: com.kms.katalon.core.exception.StepFailedException: Web element with id: 'Object Repository/Stockbit/Bandarmology_Buyer2' located by 'By.xpath: //*[contains(@id, 'rc-tabs-')]/div[2]/div/div/div/div/div/div[2]/table/tbody/tr[3]/td[1]/p' is present after '1' second(s)
	at com.kms.katalon.core.webui.keyword.internal.WebUIKeywordMain.stepFailed(WebUIKeywordMain.groovy:64)
	at com.kms.katalon.core.webui.keyword.internal.WebUIKeywordMain$stepFailed$0.call(Unknown Source)
	at com.kms.katalon.core.webui.keyword.builtin.VerifyElementNotPresentKeyword$_verifyElementNotPresent_closure1.doCall(VerifyElementNotPresentKeyword.groovy:106)
	at com.kms.katalon.core.webui.keyword.builtin.VerifyElementNotPresentKeyword$_verifyElementNotPresent_closure1.doCall(VerifyElementNotPresentKeyword.groovy)
	at com.kms.katalon.core.webui.keyword.internal.WebUIKeywordMain.runKeyword(WebUIKeywordMain.groovy:20)
	at com.kms.katalon.core.webui.keyword.internal.WebUIKeywordMain$runKeyword.call(Unknown Source)
	at com.kms.katalon.core.webui.keyword.builtin.VerifyElementNotPresentKeyword.verifyElementNotPresent(VerifyElementNotPresentKeyword.groovy:117)
	at com.kms.katalon.core.webui.keyword.builtin.VerifyElementNotPresentKeyword.execute(VerifyElementNotPresentKeyword.groovy:68)
	at com.kms.katalon.core.keyword.internal.KeywordExecutor.executeKeywordForPlatform(KeywordExecutor.groovy:74)
	at com.kms.katalon.core.webui.keyword.WebUiBuiltInKeywords.verifyElementNotPresent(WebUiBuiltInKeywords.groovy:1481)
	at com.kms.katalon.core.webui.keyword.WebUiBuiltInKeywords$verifyElementNotPresent$8.call(Unknown Source)
	at GetBrokSumPriceDaily.run(GetBrokSumPriceDaily:258)
	at com.kms.katalon.core.main.ScriptEngine.run(ScriptEngine.java:194)
	at com.kms.katalon.core.main.ScriptEngine.runScriptAsRawText(ScriptEngine.java:119)
	at com.kms.katalon.core.main.TestCaseExecutor.runScript(TestCaseExecutor.java:445)
	at com.kms.katalon.core.main.TestCaseExecutor.doExecute(TestCaseExecutor.java:436)
	at com.kms.katalon.core.main.TestCaseExecutor.processExecutionPhase(TestCaseExecutor.java:415)
	at com.kms.katalon.core.main.TestCaseExecutor.accessMainPhase(TestCaseExecutor.java:407)
	at com.kms.katalon.core.main.TestCaseExecutor.execute(TestCaseExecutor.java:284)
	at com.kms.katalon.core.common.CommonExecutor.accessTestCaseMainPhase(CommonExecutor.java:65)
	at com.kms.katalon.core.main.TestSuiteExecutor.accessTestSuiteMainPhase(TestSuiteExecutor.java:144)
	at com.kms.katalon.core.main.TestSuiteExecutor.execute(TestSuiteExecutor.java:106)
	at com.kms.katalon.core.main.TestCaseMain.startTestSuite(TestCaseMain.java:185)
	at com.kms.katalon.core.main.TestCaseMain$startTestSuite$0.call(Unknown Source)
	at TempTestSuite1705920083951.run(TempTestSuite1705920083951.groovy:36)
)

2024-01-22 18:04:24 - [MESSAGE][WARNING] - Web element with id: 'Object Repository/Stockbit/Bandarmology_Buyer2' located by 'By.xpath: //*[contains(@id, 'rc-tabs-')]/div[2]/div/div/div/div/div/div[2]/table/tbody/tr[3]/td[1]/p' is present after '1' second(s) (Root cause: com.kms.katalon.core.exception.StepFailedException: Web element with id: 'Object Repository/Stockbit/Bandarmology_Buyer2' located by 'By.xpath: //*[contains(@id, 'rc-tabs-')]/div[2]/div/div/div/div/div/div[2]/table/tbody/tr[3]/td[1]/p' is present after '1' second(s)
	at com.kms.katalon.core.webui.keyword.internal.WebUIKeywordMain.stepFailed(WebUIKeywordMain.groovy:64)
	at com.kms.katalon.core.webui.keyword.internal.WebUIKeywordMain$stepFailed$0.call(Unknown Source)
	at com.kms.katalon.core.webui.keyword.builtin.VerifyElementNotPresentKeyword$_verifyElementNotPresent_closure1.doCall(VerifyElementNotPresentKeyword.groovy:106)
	at com.kms.katalon.core.webui.keyword.builtin.VerifyElementNotPresentKeyword$_verifyElementNotPresent_closure1.doCall(VerifyElementNotPresentKeyword.groovy)
	at com.kms.katalon.core.webui.keyword.internal.WebUIKeywordMain.runKeyword(WebUIKeywordMain.groovy:20)
	at com.kms.katalon.core.webui.keyword.internal.WebUIKeywordMain$runKeyword.call(Unknown Source)
	at com.kms.katalon.core.webui.keyword.builtin.VerifyElementNotPresentKeyword.verifyElementNotPresent(VerifyElementNotPresentKeyword.groovy:117)
	at com.kms.katalon.core.webui.keyword.builtin.VerifyElementNotPresentKeyword.execute(VerifyElementNotPresentKeyword.groovy:68)
	at com.kms.katalon.core.keyword.internal.KeywordExecutor.executeKeywordForPlatform(KeywordExecutor.groovy:74)
	at com.kms.katalon.core.webui.keyword.WebUiBuiltInKeywords.verifyElementNotPresent(WebUiBuiltInKeywords.groovy:1481)
	at com.kms.katalon.core.webui.keyword.WebUiBuiltInKeywords$verifyElementNotPresent$8.call(Unknown Source)
	at GetBrokSumPriceDaily.run(GetBrokSumPriceDaily:258)
	at com.kms.katalon.core.main.ScriptEngine.run(ScriptEngine.java:194)
	at com.kms.katalon.core.main.ScriptEngine.runScriptAsRawText(ScriptEngine.java:119)
	at com.kms.katalon.core.main.TestCaseExecutor.runScript(TestCaseExecutor.java:445)
	at com.kms.katalon.core.main.TestCaseExecutor.doExecute(TestCaseExecutor.java:436)
	at com.kms.katalon.core.main.TestCaseExecutor.processExecutionPhase(TestCaseExecutor.java:415)
	at com.kms.katalon.core.main.TestCaseExecutor.accessMainPhase(TestCaseExecutor.java:407)
	at com.kms.katalon.core.main.TestCaseExecutor.execute(TestCaseExecutor.java:284)
	at com.kms.katalon.core.common.CommonExecutor.accessTestCaseMainPhase(CommonExecutor.java:65)
	at com.kms.katalon.core.main.TestSuiteExecutor.accessTestSuiteMainPhase(TestSuiteExecutor.java:144)
	at com.kms.katalon.core.main.TestSuiteExecutor.execute(TestSuiteExecutor.java:106)
	at com.kms.katalon.core.main.TestCaseMain.startTestSuite(TestCaseMain.java:185)
	at com.kms.katalon.core.main.TestCaseMain$startTestSuite$0.call(Unknown Source)
	at TempTestSuite1705920083951.run(TempTestSuite1705920083951.groovy:36)
)
[[ATTACHMENT|C:\\Users\\Fadli\\git\\KatalonDailyGetData2\\Reports\\20240122_174123\\TS1\\20240122_174123\\1705921464020.png]]

2024-01-22 18:04:24 - [TEST_STEP][PASSED] - else: null

2024-01-22 18:04:24 - [TEST_STEP][PASSED] - strBuyer2 = getText(findTestObject("Stockbit/Bandarmology_Buyer2")): Text of object 'Object Repository/Stockbit/Bandarmology_Buyer2' is: 'EP'

2024-01-22 18:04:24 - [MESSAGE][PASSED] - Text of object 'Object Repository/Stockbit/Bandarmology_Buyer2' is: 'EP'

2024-01-22 18:04:24 - [TEST_STEP][PASSED] - strBuyerVol2 = getText(findTestObject("Stockbit/Bandarmology_BuyerVol2")): Text of object 'Object Repository/Stockbit/Bandarmology_BuyerVol2' is: '77.8 K'

2024-01-22 18:04:24 - [MESSAGE][PASSED] - Text of object 'Object Repository/Stockbit/Bandarmology_BuyerVol2' is: '77.8 K'

2024-01-22 18:04:24 - [TEST_STEP][PASSED] - strBuyerAvg2 = getText(findTestObject("Stockbit/Bandarmology_BuyerAvg2")): Text of object 'Object Repository/Stockbit/Bandarmology_BuyerAvg2' is: '155'

2024-01-22 18:04:24 - [MESSAGE][PASSED] - Text of object 'Object Repository/Stockbit/Bandarmology_BuyerAvg2' is: '155'

2024-01-22 18:04:24 - [TEST_STEP][PASSED] - if (strBuyer2 != ""): null

2024-01-22 18:04:24 - [TEST_STEP][PASSED] - if (strBuyerAvg2.contains(",")): null

2024-01-22 18:04:24 - [TEST_STEP][PASSED] - if (strBuyerVol2.contains(" B")): null

2024-01-22 18:04:24 - [TEST_STEP][PASSED] - else if (strBuyerVol2.contains(" M")): null

2024-01-22 18:04:24 - [TEST_STEP][PASSED] - else if (strBuyerVol2.contains(" K")): null

2024-01-22 18:04:24 - [TEST_STEP][PASSED] - strBuyerVol2 = strBuyerVol2.replace(" K", ""): null

2024-01-22 18:04:24 - [TEST_STEP][PASSED] - strBuyerVol2 = strBuyerVol2.toDouble() * 1000: null

2024-01-22 18:04:24 - [TEST_STEP][PASSED] - if (strBuyerVol2.contains(".")): null

2024-01-22 18:04:24 - [TEST_STEP][PASSED] - strBuyerVal2 = strBuyerVol2.replace(".", ""): null

2024-01-22 18:04:24 - [TEST_STEP][PASSED] - if (verifyElementNotPresent(findTestObject("Stockbit/Bandarmology_Seller2"), 1, OPTIONAL)): Web element with id: 'Object Repository/Stockbit/Bandarmology_Seller2' located by 'By.xpath: //*[contains(@id, 'rc-tabs-')]/div[2]/div/div/div/div/div/div[2]/table/tbody/tr[3]/td[5]/p' is present after '1' second(s) (Root cause: com.kms.katalon.core.exception.StepFailedException: Web element with id: 'Object Repository/Stockbit/Bandarmology_Seller2' located by 'By.xpath: //*[contains(@id, 'rc-tabs-')]/div[2]/div/div/div/div/div/div[2]/table/tbody/tr[3]/td[5]/p' is present after '1' second(s)
	at com.kms.katalon.core.webui.keyword.internal.WebUIKeywordMain.stepFailed(WebUIKeywordMain.groovy:64)
	at com.kms.katalon.core.webui.keyword.internal.WebUIKeywordMain$stepFailed$0.call(Unknown Source)
	at com.kms.katalon.core.webui.keyword.builtin.VerifyElementNotPresentKeyword$_verifyElementNotPresent_closure1.doCall(VerifyElementNotPresentKeyword.groovy:106)
	at com.kms.katalon.core.webui.keyword.builtin.VerifyElementNotPresentKeyword$_verifyElementNotPresent_closure1.doCall(VerifyElementNotPresentKeyword.groovy)
	at com.kms.katalon.core.webui.keyword.internal.WebUIKeywordMain.runKeyword(WebUIKeywordMain.groovy:20)
	at com.kms.katalon.core.webui.keyword.internal.WebUIKeywordMain$runKeyword.call(Unknown Source)
	at com.kms.katalon.core.webui.keyword.builtin.VerifyElementNotPresentKeyword.verifyElementNotPresent(VerifyElementNotPresentKeyword.groovy:117)
	at com.kms.katalon.core.webui.keyword.builtin.VerifyElementNotPresentKeyword.execute(VerifyElementNotPresentKeyword.groovy:68)
	at com.kms.katalon.core.keyword.internal.KeywordExecutor.executeKeywordForPlatform(KeywordExecutor.groovy:74)
	at com.kms.katalon.core.webui.keyword.WebUiBuiltInKeywords.verifyElementNotPresent(WebUiBuiltInKeywords.groovy:1481)
	at com.kms.katalon.core.webui.keyword.WebUiBuiltInKeywords$verifyElementNotPresent$8.call(Unknown Source)
	at GetBrokSumPriceDaily.run(GetBrokSumPriceDaily:309)
	at com.kms.katalon.core.main.ScriptEngine.run(ScriptEngine.java:194)
	at com.kms.katalon.core.main.ScriptEngine.runScriptAsRawText(ScriptEngine.java:119)
	at com.kms.katalon.core.main.TestCaseExecutor.runScript(TestCaseExecutor.java:445)
	at com.kms.katalon.core.main.TestCaseExecutor.doExecute(TestCaseExecutor.java:436)
	at com.kms.katalon.core.main.TestCaseExecutor.processExecutionPhase(TestCaseExecutor.java:415)
	at com.kms.katalon.core.main.TestCaseExecutor.accessMainPhase(TestCaseExecutor.java:407)
	at com.kms.katalon.core.main.TestCaseExecutor.execute(TestCaseExecutor.java:284)
	at com.kms.katalon.core.common.CommonExecutor.accessTestCaseMainPhase(CommonExecutor.java:65)
	at com.kms.katalon.core.main.TestSuiteExecutor.accessTestSuiteMainPhase(TestSuiteExecutor.java:144)
	at com.kms.katalon.core.main.TestSuiteExecutor.execute(TestSuiteExecutor.java:106)
	at com.kms.katalon.core.main.TestCaseMain.startTestSuite(TestCaseMain.java:185)
	at com.kms.katalon.core.main.TestCaseMain$startTestSuite$0.call(Unknown Source)
	at TempTestSuite1705920083951.run(TempTestSuite1705920083951.groovy:36)
)

2024-01-22 18:04:25 - [MESSAGE][WARNING] - Web element with id: 'Object Repository/Stockbit/Bandarmology_Seller2' located by 'By.xpath: //*[contains(@id, 'rc-tabs-')]/div[2]/div/div/div/div/div/div[2]/table/tbody/tr[3]/td[5]/p' is present after '1' second(s) (Root cause: com.kms.katalon.core.exception.StepFailedException: Web element with id: 'Object Repository/Stockbit/Bandarmology_Seller2' located by 'By.xpath: //*[contains(@id, 'rc-tabs-')]/div[2]/div/div/div/div/div/div[2]/table/tbody/tr[3]/td[5]/p' is present after '1' second(s)
	at com.kms.katalon.core.webui.keyword.internal.WebUIKeywordMain.stepFailed(WebUIKeywordMain.groovy:64)
	at com.kms.katalon.core.webui.keyword.internal.WebUIKeywordMain$stepFailed$0.call(Unknown Source)
	at com.kms.katalon.core.webui.keyword.builtin.VerifyElementNotPresentKeyword$_verifyElementNotPresent_closure1.doCall(VerifyElementNotPresentKeyword.groovy:106)
	at com.kms.katalon.core.webui.keyword.builtin.VerifyElementNotPresentKeyword$_verifyElementNotPresent_closure1.doCall(VerifyElementNotPresentKeyword.groovy)
	at com.kms.katalon.core.webui.keyword.internal.WebUIKeywordMain.runKeyword(WebUIKeywordMain.groovy:20)
	at com.kms.katalon.core.webui.keyword.internal.WebUIKeywordMain$runKeyword.call(Unknown Source)
	at com.kms.katalon.core.webui.keyword.builtin.VerifyElementNotPresentKeyword.verifyElementNotPresent(VerifyElementNotPresentKeyword.groovy:117)
	at com.kms.katalon.core.webui.keyword.builtin.VerifyElementNotPresentKeyword.execute(VerifyElementNotPresentKeyword.groovy:68)
	at com.kms.katalon.core.keyword.internal.KeywordExecutor.executeKeywordForPlatform(KeywordExecutor.groovy:74)
	at com.kms.katalon.core.webui.keyword.WebUiBuiltInKeywords.verifyElementNotPresent(WebUiBuiltInKeywords.groovy:1481)
	at com.kms.katalon.core.webui.keyword.WebUiBuiltInKeywords$verifyElementNotPresent$8.call(Unknown Source)
	at GetBrokSumPriceDaily.run(GetBrokSumPriceDaily:309)
	at com.kms.katalon.core.main.ScriptEngine.run(ScriptEngine.java:194)
	at com.kms.katalon.core.main.ScriptEngine.runScriptAsRawText(ScriptEngine.java:119)
	at com.kms.katalon.core.main.TestCaseExecutor.runScript(TestCaseExecutor.java:445)
	at com.kms.katalon.core.main.TestCaseExecutor.doExecute(TestCaseExecutor.java:436)
	at com.kms.katalon.core.main.TestCaseExecutor.processExecutionPhase(TestCaseExecutor.java:415)
	at com.kms.katalon.core.main.TestCaseExecutor.accessMainPhase(TestCaseExecutor.java:407)
	at com.kms.katalon.core.main.TestCaseExecutor.execute(TestCaseExecutor.java:284)
	at com.kms.katalon.core.common.CommonExecutor.accessTestCaseMainPhase(CommonExecutor.java:65)
	at com.kms.katalon.core.main.TestSuiteExecutor.accessTestSuiteMainPhase(TestSuiteExecutor.java:144)
	at com.kms.katalon.core.main.TestSuiteExecutor.execute(TestSuiteExecutor.java:106)
	at com.kms.katalon.core.main.TestCaseMain.startTestSuite(TestCaseMain.java:185)
	at com.kms.katalon.core.main.TestCaseMain$startTestSuite$0.call(Unknown Source)
	at TempTestSuite1705920083951.run(TempTestSuite1705920083951.groovy:36)
)
[[ATTACHMENT|C:\\Users\\Fadli\\git\\KatalonDailyGetData2\\Reports\\20240122_174123\\TS1\\20240122_174123\\1705921465741.png]]

2024-01-22 18:04:25 - [TEST_STEP][PASSED] - else: null

2024-01-22 18:04:25 - [TEST_STEP][PASSED] - strSeller2 = getText(findTestObject("Stockbit/Bandarmology_Seller2")): Text of object 'Object Repository/Stockbit/Bandarmology_Seller2' is: 'YB'

2024-01-22 18:04:26 - [MESSAGE][PASSED] - Text of object 'Object Repository/Stockbit/Bandarmology_Seller2' is: 'YB'

2024-01-22 18:04:26 - [TEST_STEP][PASSED] - strSellerVol2 = getText(findTestObject("Stockbit/Bandarmology_SellerVol2")): Text of object 'Object Repository/Stockbit/Bandarmology_SellerVol2' is: '115.5 K'

2024-01-22 18:04:26 - [MESSAGE][PASSED] - Text of object 'Object Repository/Stockbit/Bandarmology_SellerVol2' is: '115.5 K'

2024-01-22 18:04:26 - [TEST_STEP][PASSED] - strSellerAvg2 = getText(findTestObject("Stockbit/Bandarmology_SellerAvg2")): Text of object 'Object Repository/Stockbit/Bandarmology_SellerAvg2' is: '155'

2024-01-22 18:04:26 - [MESSAGE][PASSED] - Text of object 'Object Repository/Stockbit/Bandarmology_SellerAvg2' is: '155'

2024-01-22 18:04:26 - [TEST_STEP][PASSED] - if (strSeller2 != ""): null

2024-01-22 18:04:26 - [TEST_STEP][PASSED] - if (strSellerAvg2.contains(",")): null

2024-01-22 18:04:26 - [TEST_STEP][PASSED] - if (strSellerVol2.contains(" B")): null

2024-01-22 18:04:26 - [TEST_STEP][PASSED] - else if (strSellerVol2.contains(" M")): null

2024-01-22 18:04:26 - [TEST_STEP][PASSED] - else if (strSellerVol2.contains(" K")): null

2024-01-22 18:04:26 - [TEST_STEP][PASSED] - strSellerVol2 = strSellerVol2.replace(" K", ""): null

2024-01-22 18:04:26 - [TEST_STEP][PASSED] - strSellerVol2 = strSellerVol2.toDouble() * 1000: null

2024-01-22 18:04:26 - [TEST_STEP][PASSED] - if (verifyElementNotPresent(findTestObject("Stockbit/Bandarmology_Buyer3"), 1, OPTIONAL)): Web element with id: 'Object Repository/Stockbit/Bandarmology_Buyer3' located by 'By.xpath: //*[contains(@id, 'rc-tabs-')]/div[2]/div/div/div/div/div/div[2]/table/tbody/tr[4]/td[1]/p' is present after '1' second(s) (Root cause: com.kms.katalon.core.exception.StepFailedException: Web element with id: 'Object Repository/Stockbit/Bandarmology_Buyer3' located by 'By.xpath: //*[contains(@id, 'rc-tabs-')]/div[2]/div/div/div/div/div/div[2]/table/tbody/tr[4]/td[1]/p' is present after '1' second(s)
	at com.kms.katalon.core.webui.keyword.internal.WebUIKeywordMain.stepFailed(WebUIKeywordMain.groovy:64)
	at com.kms.katalon.core.webui.keyword.internal.WebUIKeywordMain$stepFailed$0.call(Unknown Source)
	at com.kms.katalon.core.webui.keyword.builtin.VerifyElementNotPresentKeyword$_verifyElementNotPresent_closure1.doCall(VerifyElementNotPresentKeyword.groovy:106)
	at com.kms.katalon.core.webui.keyword.builtin.VerifyElementNotPresentKeyword$_verifyElementNotPresent_closure1.doCall(VerifyElementNotPresentKeyword.groovy)
	at com.kms.katalon.core.webui.keyword.internal.WebUIKeywordMain.runKeyword(WebUIKeywordMain.groovy:20)
	at com.kms.katalon.core.webui.keyword.internal.WebUIKeywordMain$runKeyword.call(Unknown Source)
	at com.kms.katalon.core.webui.keyword.builtin.VerifyElementNotPresentKeyword.verifyElementNotPresent(VerifyElementNotPresentKeyword.groovy:117)
	at com.kms.katalon.core.webui.keyword.builtin.VerifyElementNotPresentKeyword.execute(VerifyElementNotPresentKeyword.groovy:68)
	at com.kms.katalon.core.keyword.internal.KeywordExecutor.executeKeywordForPlatform(KeywordExecutor.groovy:74)
	at com.kms.katalon.core.webui.keyword.WebUiBuiltInKeywords.verifyElementNotPresent(WebUiBuiltInKeywords.groovy:1481)
	at com.kms.katalon.core.webui.keyword.WebUiBuiltInKeywords$verifyElementNotPresent$8.call(Unknown Source)
	at GetBrokSumPriceDaily.run(GetBrokSumPriceDaily:361)
	at com.kms.katalon.core.main.ScriptEngine.run(ScriptEngine.java:194)
	at com.kms.katalon.core.main.ScriptEngine.runScriptAsRawText(ScriptEngine.java:119)
	at com.kms.katalon.core.main.TestCaseExecutor.runScript(TestCaseExecutor.java:445)
	at com.kms.katalon.core.main.TestCaseExecutor.doExecute(TestCaseExecutor.java:436)
	at com.kms.katalon.core.main.TestCaseExecutor.processExecutionPhase(TestCaseExecutor.java:415)
	at com.kms.katalon.core.main.TestCaseExecutor.accessMainPhase(TestCaseExecutor.java:407)
	at com.kms.katalon.core.main.TestCaseExecutor.execute(TestCaseExecutor.java:284)
	at com.kms.katalon.core.common.CommonExecutor.accessTestCaseMainPhase(CommonExecutor.java:65)
	at com.kms.katalon.core.main.TestSuiteExecutor.accessTestSuiteMainPhase(TestSuiteExecutor.java:144)
	at com.kms.katalon.core.main.TestSuiteExecutor.execute(TestSuiteExecutor.java:106)
	at com.kms.katalon.core.main.TestCaseMain.startTestSuite(TestCaseMain.java:185)
	at com.kms.katalon.core.main.TestCaseMain$startTestSuite$0.call(Unknown Source)
	at TempTestSuite1705920083951.run(TempTestSuite1705920083951.groovy:36)
)

2024-01-22 18:04:28 - [MESSAGE][WARNING] - Web element with id: 'Object Repository/Stockbit/Bandarmology_Buyer3' located by 'By.xpath: //*[contains(@id, 'rc-tabs-')]/div[2]/div/div/div/div/div/div[2]/table/tbody/tr[4]/td[1]/p' is present after '1' second(s) (Root cause: com.kms.katalon.core.exception.StepFailedException: Web element with id: 'Object Repository/Stockbit/Bandarmology_Buyer3' located by 'By.xpath: //*[contains(@id, 'rc-tabs-')]/div[2]/div/div/div/div/div/div[2]/table/tbody/tr[4]/td[1]/p' is present after '1' second(s)
	at com.kms.katalon.core.webui.keyword.internal.WebUIKeywordMain.stepFailed(WebUIKeywordMain.groovy:64)
	at com.kms.katalon.core.webui.keyword.internal.WebUIKeywordMain$stepFailed$0.call(Unknown Source)
	at com.kms.katalon.core.webui.keyword.builtin.VerifyElementNotPresentKeyword$_verifyElementNotPresent_closure1.doCall(VerifyElementNotPresentKeyword.groovy:106)
	at com.kms.katalon.core.webui.keyword.builtin.VerifyElementNotPresentKeyword$_verifyElementNotPresent_closure1.doCall(VerifyElementNotPresentKeyword.groovy)
	at com.kms.katalon.core.webui.keyword.internal.WebUIKeywordMain.runKeyword(WebUIKeywordMain.groovy:20)
	at com.kms.katalon.core.webui.keyword.internal.WebUIKeywordMain$runKeyword.call(Unknown Source)
	at com.kms.katalon.core.webui.keyword.builtin.VerifyElementNotPresentKeyword.verifyElementNotPresent(VerifyElementNotPresentKeyword.groovy:117)
	at com.kms.katalon.core.webui.keyword.builtin.VerifyElementNotPresentKeyword.execute(VerifyElementNotPresentKeyword.groovy:68)
	at com.kms.katalon.core.keyword.internal.KeywordExecutor.executeKeywordForPlatform(KeywordExecutor.groovy:74)
	at com.kms.katalon.core.webui.keyword.WebUiBuiltInKeywords.verifyElementNotPresent(WebUiBuiltInKeywords.groovy:1481)
	at com.kms.katalon.core.webui.keyword.WebUiBuiltInKeywords$verifyElementNotPresent$8.call(Unknown Source)
	at GetBrokSumPriceDaily.run(GetBrokSumPriceDaily:361)
	at com.kms.katalon.core.main.ScriptEngine.run(ScriptEngine.java:194)
	at com.kms.katalon.core.main.ScriptEngine.runScriptAsRawText(ScriptEngine.java:119)
	at com.kms.katalon.core.main.TestCaseExecutor.runScript(TestCaseExecutor.java:445)
	at com.kms.katalon.core.main.TestCaseExecutor.doExecute(TestCaseExecutor.java:436)
	at com.kms.katalon.core.main.TestCaseExecutor.processExecutionPhase(TestCaseExecutor.java:415)
	at com.kms.katalon.core.main.TestCaseExecutor.accessMainPhase(TestCaseExecutor.java:407)
	at com.kms.katalon.core.main.TestCaseExecutor.execute(TestCaseExecutor.java:284)
	at com.kms.katalon.core.common.CommonExecutor.accessTestCaseMainPhase(CommonExecutor.java:65)
	at com.kms.katalon.core.main.TestSuiteExecutor.accessTestSuiteMainPhase(TestSuiteExecutor.java:144)
	at com.kms.katalon.core.main.TestSuiteExecutor.execute(TestSuiteExecutor.java:106)
	at com.kms.katalon.core.main.TestCaseMain.startTestSuite(TestCaseMain.java:185)
	at com.kms.katalon.core.main.TestCaseMain$startTestSuite$0.call(Unknown Source)
	at TempTestSuite1705920083951.run(TempTestSuite1705920083951.groovy:36)
)
[[ATTACHMENT|C:\\Users\\Fadli\\git\\KatalonDailyGetData2\\Reports\\20240122_174123\\TS1\\20240122_174123\\1705921467833.png]]

2024-01-22 18:04:28 - [TEST_STEP][PASSED] - else: null

2024-01-22 18:04:28 - [TEST_STEP][PASSED] - strBuyer3 = getText(findTestObject("Stockbit/Bandarmology_Buyer3")): Text of object 'Object Repository/Stockbit/Bandarmology_Buyer3' is: 'AK'

2024-01-22 18:04:28 - [MESSAGE][PASSED] - Text of object 'Object Repository/Stockbit/Bandarmology_Buyer3' is: 'AK'

2024-01-22 18:04:28 - [TEST_STEP][PASSED] - strBuyerVol3 = getText(findTestObject("Stockbit/Bandarmology_BuyerVol3")): Text of object 'Object Repository/Stockbit/Bandarmology_BuyerVol3' is: '42.9 K'

2024-01-22 18:04:28 - [MESSAGE][PASSED] - Text of object 'Object Repository/Stockbit/Bandarmology_BuyerVol3' is: '42.9 K'

2024-01-22 18:04:28 - [TEST_STEP][PASSED] - strBuyerAvg3 = getText(findTestObject("Stockbit/Bandarmology_BuyerAvg3")): Text of object 'Object Repository/Stockbit/Bandarmology_BuyerAvg3' is: '155'

2024-01-22 18:04:28 - [MESSAGE][PASSED] - Text of object 'Object Repository/Stockbit/Bandarmology_BuyerAvg3' is: '155'

2024-01-22 18:04:28 - [TEST_STEP][PASSED] - if (strBuyer3 != ""): null

2024-01-22 18:04:28 - [TEST_STEP][PASSED] - if (strBuyerAvg3.contains(",")): null

2024-01-22 18:04:28 - [TEST_STEP][PASSED] - if (strBuyerVol3.contains(" B")): null

2024-01-22 18:04:28 - [TEST_STEP][PASSED] - else if (strBuyerVol3.contains(" M")): null

2024-01-22 18:04:28 - [TEST_STEP][PASSED] - else if (strBuyerVol3.contains(" K")): null

2024-01-22 18:04:28 - [TEST_STEP][PASSED] - strBuyerVol3 = strBuyerVol3.replace(" K", ""): null

2024-01-22 18:04:28 - [TEST_STEP][PASSED] - strBuyerVol3 = strBuyerVol3.toDouble() * 1000: null

2024-01-22 18:04:28 - [TEST_STEP][PASSED] - if (verifyElementNotPresent(findTestObject("Stockbit/Bandarmology_Seller3"), 1, OPTIONAL)): Web element with id: 'Object Repository/Stockbit/Bandarmology_Seller3' located by 'By.xpath: //*[contains(@id, 'rc-tabs-')]/div[2]/div/div/div/div/div/div[2]/table/tbody/tr[4]/td[5]/p' is present after '1' second(s) (Root cause: com.kms.katalon.core.exception.StepFailedException: Web element with id: 'Object Repository/Stockbit/Bandarmology_Seller3' located by 'By.xpath: //*[contains(@id, 'rc-tabs-')]/div[2]/div/div/div/div/div/div[2]/table/tbody/tr[4]/td[5]/p' is present after '1' second(s)
	at com.kms.katalon.core.webui.keyword.internal.WebUIKeywordMain.stepFailed(WebUIKeywordMain.groovy:64)
	at com.kms.katalon.core.webui.keyword.internal.WebUIKeywordMain$stepFailed$0.call(Unknown Source)
	at com.kms.katalon.core.webui.keyword.builtin.VerifyElementNotPresentKeyword$_verifyElementNotPresent_closure1.doCall(VerifyElementNotPresentKeyword.groovy:106)
	at com.kms.katalon.core.webui.keyword.builtin.VerifyElementNotPresentKeyword$_verifyElementNotPresent_closure1.doCall(VerifyElementNotPresentKeyword.groovy)
	at com.kms.katalon.core.webui.keyword.internal.WebUIKeywordMain.runKeyword(WebUIKeywordMain.groovy:20)
	at com.kms.katalon.core.webui.keyword.internal.WebUIKeywordMain$runKeyword.call(Unknown Source)
	at com.kms.katalon.core.webui.keyword.builtin.VerifyElementNotPresentKeyword.verifyElementNotPresent(VerifyElementNotPresentKeyword.groovy:117)
	at com.kms.katalon.core.webui.keyword.builtin.VerifyElementNotPresentKeyword.execute(VerifyElementNotPresentKeyword.groovy:68)
	at com.kms.katalon.core.keyword.internal.KeywordExecutor.executeKeywordForPlatform(KeywordExecutor.groovy:74)
	at com.kms.katalon.core.webui.keyword.WebUiBuiltInKeywords.verifyElementNotPresent(WebUiBuiltInKeywords.groovy:1481)
	at com.kms.katalon.core.webui.keyword.WebUiBuiltInKeywords$verifyElementNotPresent$8.call(Unknown Source)
	at GetBrokSumPriceDaily.run(GetBrokSumPriceDaily:414)
	at com.kms.katalon.core.main.ScriptEngine.run(ScriptEngine.java:194)
	at com.kms.katalon.core.main.ScriptEngine.runScriptAsRawText(ScriptEngine.java:119)
	at com.kms.katalon.core.main.TestCaseExecutor.runScript(TestCaseExecutor.java:445)
	at com.kms.katalon.core.main.TestCaseExecutor.doExecute(TestCaseExecutor.java:436)
	at com.kms.katalon.core.main.TestCaseExecutor.processExecutionPhase(TestCaseExecutor.java:415)
	at com.kms.katalon.core.main.TestCaseExecutor.accessMainPhase(TestCaseExecutor.java:407)
	at com.kms.katalon.core.main.TestCaseExecutor.execute(TestCaseExecutor.java:284)
	at com.kms.katalon.core.common.CommonExecutor.accessTestCaseMainPhase(CommonExecutor.java:65)
	at com.kms.katalon.core.main.TestSuiteExecutor.accessTestSuiteMainPhase(TestSuiteExecutor.java:144)
	at com.kms.katalon.core.main.TestSuiteExecutor.execute(TestSuiteExecutor.java:106)
	at com.kms.katalon.core.main.TestCaseMain.startTestSuite(TestCaseMain.java:185)
	at com.kms.katalon.core.main.TestCaseMain$startTestSuite$0.call(Unknown Source)
	at TempTestSuite1705920083951.run(TempTestSuite1705920083951.groovy:36)
)

2024-01-22 18:04:29 - [MESSAGE][WARNING] - Web element with id: 'Object Repository/Stockbit/Bandarmology_Seller3' located by 'By.xpath: //*[contains(@id, 'rc-tabs-')]/div[2]/div/div/div/div/div/div[2]/table/tbody/tr[4]/td[5]/p' is present after '1' second(s) (Root cause: com.kms.katalon.core.exception.StepFailedException: Web element with id: 'Object Repository/Stockbit/Bandarmology_Seller3' located by 'By.xpath: //*[contains(@id, 'rc-tabs-')]/div[2]/div/div/div/div/div/div[2]/table/tbody/tr[4]/td[5]/p' is present after '1' second(s)
	at com.kms.katalon.core.webui.keyword.internal.WebUIKeywordMain.stepFailed(WebUIKeywordMain.groovy:64)
	at com.kms.katalon.core.webui.keyword.internal.WebUIKeywordMain$stepFailed$0.call(Unknown Source)
	at com.kms.katalon.core.webui.keyword.builtin.VerifyElementNotPresentKeyword$_verifyElementNotPresent_closure1.doCall(VerifyElementNotPresentKeyword.groovy:106)
	at com.kms.katalon.core.webui.keyword.builtin.VerifyElementNotPresentKeyword$_verifyElementNotPresent_closure1.doCall(VerifyElementNotPresentKeyword.groovy)
	at com.kms.katalon.core.webui.keyword.internal.WebUIKeywordMain.runKeyword(WebUIKeywordMain.groovy:20)
	at com.kms.katalon.core.webui.keyword.internal.WebUIKeywordMain$runKeyword.call(Unknown Source)
	at com.kms.katalon.core.webui.keyword.builtin.VerifyElementNotPresentKeyword.verifyElementNotPresent(VerifyElementNotPresentKeyword.groovy:117)
	at com.kms.katalon.core.webui.keyword.builtin.VerifyElementNotPresentKeyword.execute(VerifyElementNotPresentKeyword.groovy:68)
	at com.kms.katalon.core.keyword.internal.KeywordExecutor.executeKeywordForPlatform(KeywordExecutor.groovy:74)
	at com.kms.katalon.core.webui.keyword.WebUiBuiltInKeywords.verifyElementNotPresent(WebUiBuiltInKeywords.groovy:1481)
	at com.kms.katalon.core.webui.keyword.WebUiBuiltInKeywords$verifyElementNotPresent$8.call(Unknown Source)
	at GetBrokSumPriceDaily.run(GetBrokSumPriceDaily:414)
	at com.kms.katalon.core.main.ScriptEngine.run(ScriptEngine.java:194)
	at com.kms.katalon.core.main.ScriptEngine.runScriptAsRawText(ScriptEngine.java:119)
	at com.kms.katalon.core.main.TestCaseExecutor.runScript(TestCaseExecutor.java:445)
	at com.kms.katalon.core.main.TestCaseExecutor.doExecute(TestCaseExecutor.java:436)
	at com.kms.katalon.core.main.TestCaseExecutor.processExecutionPhase(TestCaseExecutor.java:415)
	at com.kms.katalon.core.main.TestCaseExecutor.accessMainPhase(TestCaseExecutor.java:407)
	at com.kms.katalon.core.main.TestCaseExecutor.execute(TestCaseExecutor.java:284)
	at com.kms.katalon.core.common.CommonExecutor.accessTestCaseMainPhase(CommonExecutor.java:65)
	at com.kms.katalon.core.main.TestSuiteExecutor.accessTestSuiteMainPhase(TestSuiteExecutor.java:144)
	at com.kms.katalon.core.main.TestSuiteExecutor.execute(TestSuiteExecutor.java:106)
	at com.kms.katalon.core.main.TestCaseMain.startTestSuite(TestCaseMain.java:185)
	at com.kms.katalon.core.main.TestCaseMain$startTestSuite$0.call(Unknown Source)
	at TempTestSuite1705920083951.run(TempTestSuite1705920083951.groovy:36)
)
[[ATTACHMENT|C:\\Users\\Fadli\\git\\KatalonDailyGetData2\\Reports\\20240122_174123\\TS1\\20240122_174123\\1705921469541.png]]

2024-01-22 18:04:29 - [TEST_STEP][PASSED] - else: null

2024-01-22 18:04:29 - [TEST_STEP][PASSED] - strSeller3 = getText(findTestObject("Stockbit/Bandarmology_Seller3")): Text of object 'Object Repository/Stockbit/Bandarmology_Seller3' is: 'YP'

2024-01-22 18:04:29 - [MESSAGE][PASSED] - Text of object 'Object Repository/Stockbit/Bandarmology_Seller3' is: 'YP'

2024-01-22 18:04:29 - [TEST_STEP][PASSED] - strSellerVol3 = getText(findTestObject("Stockbit/Bandarmology_SellerVol3")): Text of object 'Object Repository/Stockbit/Bandarmology_SellerVol3' is: '12.7 K'

2024-01-22 18:04:29 - [MESSAGE][PASSED] - Text of object 'Object Repository/Stockbit/Bandarmology_SellerVol3' is: '12.7 K'

2024-01-22 18:04:29 - [TEST_STEP][PASSED] - strSellerAvg3 = getText(findTestObject("Stockbit/Bandarmology_SellerAvg3")): Text of object 'Object Repository/Stockbit/Bandarmology_SellerAvg3' is: '156'

2024-01-22 18:04:30 - [MESSAGE][PASSED] - Text of object 'Object Repository/Stockbit/Bandarmology_SellerAvg3' is: '156'

2024-01-22 18:04:30 - [TEST_STEP][PASSED] - if (strSeller3 != ""): null

2024-01-22 18:04:30 - [TEST_STEP][PASSED] - if (strSellerAvg3.contains(",")): null

2024-01-22 18:04:30 - [TEST_STEP][PASSED] - if (strSellerVol3.contains(" B")): null

2024-01-22 18:04:30 - [TEST_STEP][PASSED] - else if (strSellerVol3.contains(" M")): null

2024-01-22 18:04:30 - [TEST_STEP][PASSED] - else if (strSellerVol3.contains(" K")): null

2024-01-22 18:04:30 - [TEST_STEP][PASSED] - strSellerVol3 = strSellerVol3.replace(" K", ""): null

2024-01-22 18:04:30 - [TEST_STEP][PASSED] - strSellerVol3 = strSellerVol3.toDouble() * 1000: null

2024-01-22 18:04:30 - [TEST_STEP][PASSED] - strAccDist = getText(findTestObject("Stockbit/Bandarmology_AccDist")): Text of object 'Object Repository/Stockbit/Bandarmology_AccDist' is: 'Acc'

2024-01-22 18:04:30 - [MESSAGE][PASSED] - Text of object 'Object Repository/Stockbit/Bandarmology_AccDist' is: 'Acc'

2024-01-22 18:04:30 - [TEST_STEP][PASSED] - strNetVol = getText(findTestObject("Stockbit/Bandarmology_NetVol")): Text of object 'Object Repository/Stockbit/Bandarmology_NetVol' is: '684,390'

2024-01-22 18:04:30 - [MESSAGE][PASSED] - Text of object 'Object Repository/Stockbit/Bandarmology_NetVol' is: '684,390'

2024-01-22 18:04:30 - [TEST_STEP][PASSED] - strNetVol = strNetVol.replace(",", ""): null

2024-01-22 18:04:30 - [TEST_STEP][PASSED] - strNetVal = getText(findTestObject("Stockbit/Bandarmology_NetVal")): Text of object 'Object Repository/Stockbit/Bandarmology_NetVal' is: '10.6 B'

2024-01-22 18:04:30 - [MESSAGE][PASSED] - Text of object 'Object Repository/Stockbit/Bandarmology_NetVal' is: '10.6 B'

2024-01-22 18:04:30 - [TEST_STEP][PASSED] - delay(3): Delayed 3 second(s)

2024-01-22 18:04:33 - [MESSAGE][PASSED] - Delayed 3 second(s)

2024-01-22 18:04:33 - [TEST_STEP][PASSED] - strOpenPrice = getText(findTestObject("Stockbit/Home_OpenPrice")): Text of object 'Object Repository/Stockbit/Home_OpenPrice' is: '154'

2024-01-22 18:04:33 - [MESSAGE][PASSED] - Text of object 'Object Repository/Stockbit/Home_OpenPrice' is: '154'

2024-01-22 18:04:33 - [TEST_STEP][PASSED] - strOpenPrice = strOpenPrice.replace(",", ""): null

2024-01-22 18:04:33 - [TEST_STEP][PASSED] - strLowPrice = getText(findTestObject("Stockbit/Home_LowPrice")): Text of object 'Object Repository/Stockbit/Home_LowPrice' is: '151'

2024-01-22 18:04:33 - [MESSAGE][PASSED] - Text of object 'Object Repository/Stockbit/Home_LowPrice' is: '151'

2024-01-22 18:04:33 - [TEST_STEP][PASSED] - strLowPrice = strLowPrice.replace(",", ""): null

2024-01-22 18:04:33 - [TEST_STEP][PASSED] - strHighPrice = getText(findTestObject("Stockbit/Home_HighPrice")): Text of object 'Object Repository/Stockbit/Home_HighPrice' is: '160'

2024-01-22 18:04:33 - [MESSAGE][PASSED] - Text of object 'Object Repository/Stockbit/Home_HighPrice' is: '160'

2024-01-22 18:04:33 - [TEST_STEP][PASSED] - strHighPrice = strHighPrice.replace(",", ""): null

2024-01-22 18:04:33 - [TEST_STEP][PASSED] - strClosePrice = getText(findTestObject("Stockbit/Home_ClosePrice")): Text of object 'Object Repository/Stockbit/Home_ClosePrice' is: '155'

2024-01-22 18:04:33 - [MESSAGE][PASSED] - Text of object 'Object Repository/Stockbit/Home_ClosePrice' is: '155'

2024-01-22 18:04:33 - [TEST_STEP][PASSED] - strClosePrice = strClosePrice.replace(",", ""): null

2024-01-22 18:04:33 - [TEST_STEP][PASSED] - strVol = getText(findTestObject("Stockbit/Home_Volume")): Text of object 'Object Repository/Stockbit/Home_Volume' is: '3,627 K'

2024-01-22 18:04:34 - [MESSAGE][PASSED] - Text of object 'Object Repository/Stockbit/Home_Volume' is: '3,627 K'

2024-01-22 18:04:34 - [TEST_STEP][PASSED] - if (strVol.contains(" K")): null

2024-01-22 18:04:34 - [TEST_STEP][PASSED] - strVol = strVol.replace(" K", "000"): null

2024-01-22 18:04:34 - [TEST_STEP][PASSED] - if (strVol.contains(",")): null

2024-01-22 18:04:34 - [TEST_STEP][PASSED] - strVol = strVol.replace(",", ""): null

2024-01-22 18:04:34 - [TEST_STEP][PASSED] - strChange = getText(findTestObject("Stockbit/Home_Change")): Text of object 'Object Repository/Stockbit/Home_Change' is: '0.65%'

2024-01-22 18:04:34 - [MESSAGE][PASSED] - Text of object 'Object Repository/Stockbit/Home_Change' is: '0.65%'

2024-01-22 18:04:34 - [TEST_STEP][PASSED] - strChange = strChange.replace("%", ""): null

2024-01-22 18:04:34 - [TEST_STEP][PASSED] - strFreq = getText(findTestObject("Stockbit/Home_Freq")): Text of object 'Object Repository/Stockbit/Home_Freq' is: '32,126'

2024-01-22 18:04:34 - [MESSAGE][PASSED] - Text of object 'Object Repository/Stockbit/Home_Freq' is: '32,126'

2024-01-22 18:04:34 - [TEST_STEP][PASSED] - if (strFreq.contains(",")): null

2024-01-22 18:04:34 - [TEST_STEP][PASSED] - strFreq = strFreq.replace(",", ""): null

2024-01-22 18:04:34 - [TEST_STEP][PASSED] - if (strFreq == "NA" || strFreq == ""): null

2024-01-22 18:04:34 - [TEST_STEP][PASSED] - else: null

2024-01-22 18:04:34 - [TEST_STEP][PASSED] - dblFreqAnal = strVol.toDouble() / strFreq.toDouble() * strFreq.toDouble() * strFreq.toDouble() * 100000000: null

2024-01-22 18:04:34 - [TEST_STEP][PASSED] - strFreqAnal = String.format("%.4f", dblFreqAnal): null

2024-01-22 18:04:34 - [TEST_STEP][PASSED] - out.println("Double strFreqAnal: " + strFreqAnal): null

2024-01-22 18:04:34 - [TEST_STEP][PASSED] - strTanggal = d.format(DateTimeFormatter.ofPattern("yyyy-MM-dd")): null

2024-01-22 18:04:34 - [TEST_STEP][PASSED] - strTanggal = "#" + strTanggal + "#": null

2024-01-22 18:04:34 - [TEST_STEP][PASSED] - strSQL = "select count(*) as JumBaris from TblBrokSum where Nama = '" + strNama + "' and Tanggal = " + strTanggal + "": null

2024-01-22 18:04:34 - [TEST_STEP][PASSED] - resultSet = statement.executeQuery(strSQL): null

2024-01-22 18:04:34 - [TEST_STEP][PASSED] - resultSet.next(): null

2024-01-22 18:04:34 - [TEST_STEP][PASSED] - intJumBaris = resultSet.getInt("JumBaris"): null

2024-01-22 18:04:34 - [TEST_STEP][PASSED] - if (intJumBaris > 0): null

2024-01-22 18:04:34 - [TEST_STEP][PASSED] - else: null

2024-01-22 18:04:34 - [TEST_STEP][PASSED] - try: null

2024-01-22 18:04:34 - [TEST_STEP][PASSED] - out.println("Insert data"): null

2024-01-22 18:04:34 - [TEST_STEP][PASSED] - strSQL = "insert into TblBrokSum (nama, tanggal, top1, top2, top3, AllBrokAvg, AccDist, AvgRP, " + "Buyer1, BuyerVal1, BuyerAvg1, Seller1, SellerVal1, SellerAvg1, Buyer2, BuyerVal2, BuyerAvg2, " + "Seller2, SellerVal2, SellerAvg2, Buyer3, BuyerVal3, BuyerAvg3, Seller3, SellerVal3, SellerAvg3, NetVol, NetVal, " + "OpenPrice, LowPrice, HighPrice, ClosePrice, Volume, Change, Frekuensi, FrekAnal) " + "values ('" + strNama + "', " + strTanggal + ", '" + strTop1 + "', '" + strTop3 + "', '" + strTop5 + "', " + "'" + strAllBrokAvg + "', '" + strAccDist + "', " + intAvgRP + ", '" + strBuyer1 + "', '" + strBuyerVol1 + "', " + strBuyerAvg1 + ", " + "'" + strSeller1 + "', '" + strSellerVol1 + "', " + strSellerAvg1 + ", '" + strBuyer2 + "', '" + strBuyerVol2 + "', " + strBuyerAvg2 + ", " + "'" + strSeller2 + "', '" + strSellerVol2 + "', " + strSellerAvg2 + ", '" + strBuyer3 + "', '" + strBuyerVol3 + "', " + strBuyerAvg3 + ", " + "'" + strSeller3 + "', '" + strSellerVol3 + "', " + strSellerAvg3 + ", " + strNetVol + ", '" + strNetVal + "', " + "" + strOpenPrice + ", " + strLowPrice + ", " + strHighPrice + ", " + strClosePrice + ", '" + strVol + "', " + strChange + ", " + strFreq + ", " + strFreqAnal + ");": null

2024-01-22 18:04:34 - [TEST_STEP][PASSED] - out.println("strSQL = " + strSQL): null

2024-01-22 18:04:34 - [TEST_STEP][PASSED] - statement.executeUpdate(strSQL): null

2024-01-22 18:04:34 - [TEST_STEP][PASSED] - setValueToCellByIndex(sheet01, rowIndex, 4, "DONE"): null

2024-01-22 18:04:34 - [TEST_STEP][PASSED] - saveWorkbook(excelFilePath, workbook01): null

2024-01-22 18:04:34 - [TEST_STEP][PASSED] - waitForElementClickable(findTestObject("Stockbit/menu_Bandarmology"), 10): Object 'Object Repository/Stockbit/menu_Bandarmology' is clickable

2024-01-22 18:04:34 - [MESSAGE][PASSED] - Object 'Object Repository/Stockbit/menu_Bandarmology' is clickable

2024-01-22 18:04:34 - [TEST_STEP][PASSED] - click(findTestObject("Stockbit/menu_Bandarmology")): Object: 'Object Repository/Stockbit/menu_Bandarmology' is clicked on

2024-01-22 18:04:34 - [MESSAGE][PASSED] - Object: 'Object Repository/Stockbit/menu_Bandarmology' is clicked on

2024-01-22 18:04:34 - [TEST_STEP][PASSED] - strTemp = "NA": null

2024-01-22 18:04:34 - [TEST_STEP][PASSED] - if (getCellValueByIndex(sheet01, rowIndex, 4) != "DONE"): Object: 'Object Repository/Stockbit/menu_Bandarmology' is clicked on

2024-01-22 18:04:34 - [TEST_STEP][PASSED] - strNama = getCellValueByIndex(sheet01, rowIndex, 0): null

2024-01-22 18:04:34 - [TEST_STEP][PASSED] - navigateToUrl("https://stockbit.com/#/symbol/" + strNama): Navigate to 'https://stockbit.com/#/symbol/ADHI' successfully

2024-01-22 18:04:37 - [MESSAGE][PASSED] - Navigate to 'https://stockbit.com/#/symbol/ADHI' successfully

2024-01-22 18:04:37 - [TEST_STEP][PASSED] - waitForElementClickable(findTestObject("Stockbit/menu_Bandarmology"), 10): Object 'Object Repository/Stockbit/menu_Bandarmology' is clickable

2024-01-22 18:04:37 - [MESSAGE][PASSED] - Object 'Object Repository/Stockbit/menu_Bandarmology' is clickable

2024-01-22 18:04:37 - [TEST_STEP][PASSED] - click(findTestObject("Stockbit/menu_Bandarmology")): Object: 'Object Repository/Stockbit/menu_Bandarmology' is clicked on

2024-01-22 18:04:38 - [MESSAGE][PASSED] - Object: 'Object Repository/Stockbit/menu_Bandarmology' is clicked on

2024-01-22 18:04:38 - [TEST_STEP][PASSED] - strTanggal = d.format(DateTimeFormatter.ofPattern("MMM dd, yyyy")): null

2024-01-22 18:04:38 - [TEST_STEP][PASSED] - strTanggal = d.format(ISO_DATE): null

2024-01-22 18:04:38 - [TEST_STEP][PASSED] - out.println("strTanggal = " + strTanggal): null

2024-01-22 18:04:38 - [TEST_STEP][PASSED] - out.println("strNama = " + strNama): null

2024-01-22 18:04:38 - [TEST_STEP][PASSED] - out.println("Baris ke = " + rowIndex): null

2024-01-22 18:04:38 - [TEST_STEP][PASSED] - click(findTestObject("Stockbit/input__BandarmologyOpenStartDate")): Object: 'Object Repository/Stockbit/input__BandarmologyOpenStartDate' is clicked on

2024-01-22 18:04:40 - [MESSAGE][PASSED] - Object: 'Object Repository/Stockbit/input__BandarmologyOpenStartDate' is clicked on

2024-01-22 18:04:40 - [TEST_STEP][PASSED] - sendKeys(findTestObject("Stockbit/input__BandarmologyOpenStartDate"), Keys.chord(CONTROL, "a")): Keys 'CONTROL + a' sent to object: 'Object Repository/Stockbit/input__BandarmologyOpenStartDate'

2024-01-22 18:04:40 - [MESSAGE][PASSED] - Keys 'CONTROL + a' sent to object: 'Object Repository/Stockbit/input__BandarmologyOpenStartDate'

2024-01-22 18:04:40 - [TEST_STEP][PASSED] - sendKeys(findTestObject("Stockbit/input__BandarmologyOpenStartDate"), Keys.chord(BACK_SPACE)): Keys 'BACK_SPACE + ' sent to object: 'Object Repository/Stockbit/input__BandarmologyOpenStartDate'

2024-01-22 18:04:41 - [MESSAGE][PASSED] - Keys 'BACK_SPACE + ' sent to object: 'Object Repository/Stockbit/input__BandarmologyOpenStartDate'

2024-01-22 18:04:41 - [TEST_STEP][PASSED] - setText(findTestObject("Stockbit/input__BandarmologyOpenStartDate"), strTanggal): Text '2024-01-22' is set on object 'Object Repository/Stockbit/input__BandarmologyOpenStartDate'

2024-01-22 18:04:42 - [MESSAGE][PASSED] - Text '2024-01-22' is set on object 'Object Repository/Stockbit/input__BandarmologyOpenStartDate'

2024-01-22 18:04:42 - [TEST_STEP][PASSED] - sendKeys(findTestObject("Stockbit/input__BandarmologyOpenStartDate"), Keys.chord(ENTER)): Keys 'ENTER + ' sent to object: 'Object Repository/Stockbit/input__BandarmologyOpenStartDate'

2024-01-22 18:04:42 - [MESSAGE][PASSED] - Keys 'ENTER + ' sent to object: 'Object Repository/Stockbit/input__BandarmologyOpenStartDate'

2024-01-22 18:04:42 - [TEST_STEP][PASSED] - click(findTestObject("Stockbit/input__BandarmologyOpenEndDate")): Object: 'Object Repository/Stockbit/input__BandarmologyOpenEndDate' is clicked on

2024-01-22 18:04:43 - [MESSAGE][PASSED] - Object: 'Object Repository/Stockbit/input__BandarmologyOpenEndDate' is clicked on

2024-01-22 18:04:43 - [TEST_STEP][PASSED] - sendKeys(findTestObject("Stockbit/input__BandarmologyOpenEndDate"), Keys.chord(CONTROL, "a")): Keys 'CONTROL + a' sent to object: 'Object Repository/Stockbit/input__BandarmologyOpenEndDate'

2024-01-22 18:04:43 - [MESSAGE][PASSED] - Keys 'CONTROL + a' sent to object: 'Object Repository/Stockbit/input__BandarmologyOpenEndDate'

2024-01-22 18:04:43 - [TEST_STEP][PASSED] - sendKeys(findTestObject("Stockbit/input__BandarmologyOpenEndDate"), Keys.chord(BACK_SPACE)): Keys 'BACK_SPACE + ' sent to object: 'Object Repository/Stockbit/input__BandarmologyOpenEndDate'

2024-01-22 18:04:44 - [MESSAGE][PASSED] - Keys 'BACK_SPACE + ' sent to object: 'Object Repository/Stockbit/input__BandarmologyOpenEndDate'

2024-01-22 18:04:44 - [TEST_STEP][PASSED] - setText(findTestObject("Stockbit/input__BandarmologyOpenEndDate"), strTanggal): Text '2024-01-22' is set on object 'Object Repository/Stockbit/input__BandarmologyOpenEndDate'

2024-01-22 18:04:45 - [MESSAGE][PASSED] - Text '2024-01-22' is set on object 'Object Repository/Stockbit/input__BandarmologyOpenEndDate'

2024-01-22 18:04:45 - [TEST_STEP][PASSED] - sendKeys(findTestObject("Stockbit/input__BandarmologyOpenEndDate"), Keys.chord(ENTER)): Keys 'ENTER + ' sent to object: 'Object Repository/Stockbit/input__BandarmologyOpenEndDate'

2024-01-22 18:04:45 - [MESSAGE][PASSED] - Keys 'ENTER + ' sent to object: 'Object Repository/Stockbit/input__BandarmologyOpenEndDate'

2024-01-22 18:04:45 - [TEST_STEP][PASSED] - delay(2): Delayed 2 second(s)

2024-01-22 18:04:47 - [MESSAGE][PASSED] - Delayed 2 second(s)

2024-01-22 18:04:47 - [TEST_STEP][PASSED] - strTemp = getText(findTestObject("Stockbit/Bandarmology_AvgRP")): Text of object 'Object Repository/Stockbit/Bandarmology_AvgRP' is: '307'

2024-01-22 18:04:47 - [MESSAGE][PASSED] - Text of object 'Object Repository/Stockbit/Bandarmology_AvgRP' is: '307'

2024-01-22 18:04:47 - [TEST_STEP][PASSED] - out.println("Bandarmology_AvgRP = " + strTemp): null

2024-01-22 18:04:47 - [TEST_STEP][PASSED] - if (strTemp != "0"): null

2024-01-22 18:04:47 - [TEST_STEP][PASSED] - strTop1 = getText(findTestObject("Stockbit/Bandarmology_Top1")): Text of object 'Object Repository/Stockbit/Bandarmology_Top1' is: 'Big Dist'

2024-01-22 18:04:47 - [MESSAGE][PASSED] - Text of object 'Object Repository/Stockbit/Bandarmology_Top1' is: 'Big Dist'

2024-01-22 18:04:47 - [TEST_STEP][PASSED] - strTop3 = getText(findTestObject("Stockbit/Bandarmology_Top3")): Text of object 'Object Repository/Stockbit/Bandarmology_Top3' is: 'Big Dist'

2024-01-22 18:04:48 - [MESSAGE][PASSED] - Text of object 'Object Repository/Stockbit/Bandarmology_Top3' is: 'Big Dist'

2024-01-22 18:04:48 - [TEST_STEP][PASSED] - strTop5 = getText(findTestObject("Stockbit/Bandarmology_Top5")): Text of object 'Object Repository/Stockbit/Bandarmology_Top5' is: 'Big Dist'

2024-01-22 18:04:48 - [MESSAGE][PASSED] - Text of object 'Object Repository/Stockbit/Bandarmology_Top5' is: 'Big Dist'

2024-01-22 18:04:48 - [TEST_STEP][PASSED] - strAllBrokAvg = getText(findTestObject("Stockbit/Bandarmology_TopAVG")): Text of object 'Object Repository/Stockbit/Bandarmology_TopAVG' is: 'Big Dist'

2024-01-22 18:04:48 - [MESSAGE][PASSED] - Text of object 'Object Repository/Stockbit/Bandarmology_TopAVG' is: 'Big Dist'

2024-01-22 18:04:48 - [TEST_STEP][PASSED] - strTemp = getText(findTestObject("Stockbit/Bandarmology_AvgRP")): Text of object 'Object Repository/Stockbit/Bandarmology_AvgRP' is: '307'

2024-01-22 18:04:48 - [MESSAGE][PASSED] - Text of object 'Object Repository/Stockbit/Bandarmology_AvgRP' is: '307'

2024-01-22 18:04:48 - [TEST_STEP][PASSED] - if (strTemp.contains(",")): null

2024-01-22 18:04:48 - [TEST_STEP][PASSED] - intAvgRP = strTemp.toInteger(): null

2024-01-22 18:04:48 - [TEST_STEP][PASSED] - strBuyer1 = getText(findTestObject("Stockbit/Bandarmology_Buyer1")): Text of object 'Object Repository/Stockbit/Bandarmology_Buyer1' is: 'GR'

2024-01-22 18:04:48 - [MESSAGE][PASSED] - Text of object 'Object Repository/Stockbit/Bandarmology_Buyer1' is: 'GR'

2024-01-22 18:04:48 - [TEST_STEP][PASSED] - strBuyerVol1 = getText(findTestObject("Stockbit/Bandarmology_BuyerVol1")): Text of object 'Object Repository/Stockbit/Bandarmology_BuyerVol1' is: '50.8 K'

2024-01-22 18:04:48 - [MESSAGE][PASSED] - Text of object 'Object Repository/Stockbit/Bandarmology_BuyerVol1' is: '50.8 K'

2024-01-22 18:04:48 - [TEST_STEP][PASSED] - strBuyerAvg1 = getText(findTestObject("Stockbit/Bandarmology_BuyerAvg1")): Text of object 'Object Repository/Stockbit/Bandarmology_BuyerAvg1' is: '305'

2024-01-22 18:04:49 - [MESSAGE][PASSED] - Text of object 'Object Repository/Stockbit/Bandarmology_BuyerAvg1' is: '305'

2024-01-22 18:04:49 - [TEST_STEP][PASSED] - if (strBuyerAvg1.contains(",")): null

2024-01-22 18:04:49 - [TEST_STEP][PASSED] - if (strBuyerVol1.contains(" B")): null

2024-01-22 18:04:49 - [TEST_STEP][PASSED] - else if (strBuyerVol1.contains(" M")): null

2024-01-22 18:04:49 - [TEST_STEP][PASSED] - else if (strBuyerVol1.contains(" K")): null

2024-01-22 18:04:49 - [TEST_STEP][PASSED] - strBuyerVol1 = strBuyerVol1.replace(" K", ""): null

2024-01-22 18:04:49 - [TEST_STEP][PASSED] - strBuyerVol1 = strBuyerVol1.toDouble() * 1000: null

2024-01-22 18:04:49 - [TEST_STEP][PASSED] - strSeller1 = getText(findTestObject("Stockbit/Bandarmology_Seller1")): Text of object 'Object Repository/Stockbit/Bandarmology_Seller1' is: 'RF'

2024-01-22 18:04:49 - [MESSAGE][PASSED] - Text of object 'Object Repository/Stockbit/Bandarmology_Seller1' is: 'RF'

2024-01-22 18:04:49 - [TEST_STEP][PASSED] - strSellerVol1 = getText(findTestObject("Stockbit/Bandarmology_SellerVol1")): Text of object 'Object Repository/Stockbit/Bandarmology_SellerVol1' is: '204 K'

2024-01-22 18:04:49 - [MESSAGE][PASSED] - Text of object 'Object Repository/Stockbit/Bandarmology_SellerVol1' is: '204 K'

2024-01-22 18:04:49 - [TEST_STEP][PASSED] - strSellerAvg1 = getText(findTestObject("Stockbit/Bandarmology_SellerAvg1")): Text of object 'Object Repository/Stockbit/Bandarmology_SellerAvg1' is: '306'

2024-01-22 18:04:49 - [MESSAGE][PASSED] - Text of object 'Object Repository/Stockbit/Bandarmology_SellerAvg1' is: '306'

2024-01-22 18:04:49 - [TEST_STEP][PASSED] - if (strSellerAvg1.contains(",")): null

2024-01-22 18:04:49 - [TEST_STEP][PASSED] - if (strSellerVol1.contains(" B")): null

2024-01-22 18:04:49 - [TEST_STEP][PASSED] - else if (strSellerVol1.contains(" M")): null

2024-01-22 18:04:49 - [TEST_STEP][PASSED] - else if (strSellerVol1.contains(" K")): null

2024-01-22 18:04:49 - [TEST_STEP][PASSED] - strSellerVol1 = strSellerVol1.replace(" K", ""): null

2024-01-22 18:04:49 - [TEST_STEP][PASSED] - strSellerVol1 = strSellerVol1.toDouble() * 1000: null

2024-01-22 18:04:49 - [TEST_STEP][PASSED] - if (verifyElementNotPresent(findTestObject("Stockbit/Bandarmology_Buyer2"), 1, OPTIONAL)): Web element with id: 'Object Repository/Stockbit/Bandarmology_Buyer2' located by 'By.xpath: //*[contains(@id, 'rc-tabs-')]/div[2]/div/div/div/div/div/div[2]/table/tbody/tr[3]/td[1]/p' is present after '1' second(s) (Root cause: com.kms.katalon.core.exception.StepFailedException: Web element with id: 'Object Repository/Stockbit/Bandarmology_Buyer2' located by 'By.xpath: //*[contains(@id, 'rc-tabs-')]/div[2]/div/div/div/div/div/div[2]/table/tbody/tr[3]/td[1]/p' is present after '1' second(s)
	at com.kms.katalon.core.webui.keyword.internal.WebUIKeywordMain.stepFailed(WebUIKeywordMain.groovy:64)
	at com.kms.katalon.core.webui.keyword.internal.WebUIKeywordMain$stepFailed$0.call(Unknown Source)
	at com.kms.katalon.core.webui.keyword.builtin.VerifyElementNotPresentKeyword$_verifyElementNotPresent_closure1.doCall(VerifyElementNotPresentKeyword.groovy:106)
	at com.kms.katalon.core.webui.keyword.builtin.VerifyElementNotPresentKeyword$_verifyElementNotPresent_closure1.doCall(VerifyElementNotPresentKeyword.groovy)
	at com.kms.katalon.core.webui.keyword.internal.WebUIKeywordMain.runKeyword(WebUIKeywordMain.groovy:20)
	at com.kms.katalon.core.webui.keyword.internal.WebUIKeywordMain$runKeyword.call(Unknown Source)
	at com.kms.katalon.core.webui.keyword.builtin.VerifyElementNotPresentKeyword.verifyElementNotPresent(VerifyElementNotPresentKeyword.groovy:117)
	at com.kms.katalon.core.webui.keyword.builtin.VerifyElementNotPresentKeyword.execute(VerifyElementNotPresentKeyword.groovy:68)
	at com.kms.katalon.core.keyword.internal.KeywordExecutor.executeKeywordForPlatform(KeywordExecutor.groovy:74)
	at com.kms.katalon.core.webui.keyword.WebUiBuiltInKeywords.verifyElementNotPresent(WebUiBuiltInKeywords.groovy:1481)
	at com.kms.katalon.core.webui.keyword.WebUiBuiltInKeywords$verifyElementNotPresent$8.call(Unknown Source)
	at GetBrokSumPriceDaily.run(GetBrokSumPriceDaily:258)
	at com.kms.katalon.core.main.ScriptEngine.run(ScriptEngine.java:194)
	at com.kms.katalon.core.main.ScriptEngine.runScriptAsRawText(ScriptEngine.java:119)
	at com.kms.katalon.core.main.TestCaseExecutor.runScript(TestCaseExecutor.java:445)
	at com.kms.katalon.core.main.TestCaseExecutor.doExecute(TestCaseExecutor.java:436)
	at com.kms.katalon.core.main.TestCaseExecutor.processExecutionPhase(TestCaseExecutor.java:415)
	at com.kms.katalon.core.main.TestCaseExecutor.accessMainPhase(TestCaseExecutor.java:407)
	at com.kms.katalon.core.main.TestCaseExecutor.execute(TestCaseExecutor.java:284)
	at com.kms.katalon.core.common.CommonExecutor.accessTestCaseMainPhase(CommonExecutor.java:65)
	at com.kms.katalon.core.main.TestSuiteExecutor.accessTestSuiteMainPhase(TestSuiteExecutor.java:144)
	at com.kms.katalon.core.main.TestSuiteExecutor.execute(TestSuiteExecutor.java:106)
	at com.kms.katalon.core.main.TestCaseMain.startTestSuite(TestCaseMain.java:185)
	at com.kms.katalon.core.main.TestCaseMain$startTestSuite$0.call(Unknown Source)
	at TempTestSuite1705920083951.run(TempTestSuite1705920083951.groovy:36)
)

2024-01-22 18:04:51 - [MESSAGE][WARNING] - Web element with id: 'Object Repository/Stockbit/Bandarmology_Buyer2' located by 'By.xpath: //*[contains(@id, 'rc-tabs-')]/div[2]/div/div/div/div/div/div[2]/table/tbody/tr[3]/td[1]/p' is present after '1' second(s) (Root cause: com.kms.katalon.core.exception.StepFailedException: Web element with id: 'Object Repository/Stockbit/Bandarmology_Buyer2' located by 'By.xpath: //*[contains(@id, 'rc-tabs-')]/div[2]/div/div/div/div/div/div[2]/table/tbody/tr[3]/td[1]/p' is present after '1' second(s)
	at com.kms.katalon.core.webui.keyword.internal.WebUIKeywordMain.stepFailed(WebUIKeywordMain.groovy:64)
	at com.kms.katalon.core.webui.keyword.internal.WebUIKeywordMain$stepFailed$0.call(Unknown Source)
	at com.kms.katalon.core.webui.keyword.builtin.VerifyElementNotPresentKeyword$_verifyElementNotPresent_closure1.doCall(VerifyElementNotPresentKeyword.groovy:106)
	at com.kms.katalon.core.webui.keyword.builtin.VerifyElementNotPresentKeyword$_verifyElementNotPresent_closure1.doCall(VerifyElementNotPresentKeyword.groovy)
	at com.kms.katalon.core.webui.keyword.internal.WebUIKeywordMain.runKeyword(WebUIKeywordMain.groovy:20)
	at com.kms.katalon.core.webui.keyword.internal.WebUIKeywordMain$runKeyword.call(Unknown Source)
	at com.kms.katalon.core.webui.keyword.builtin.VerifyElementNotPresentKeyword.verifyElementNotPresent(VerifyElementNotPresentKeyword.groovy:117)
	at com.kms.katalon.core.webui.keyword.builtin.VerifyElementNotPresentKeyword.execute(VerifyElementNotPresentKeyword.groovy:68)
	at com.kms.katalon.core.keyword.internal.KeywordExecutor.executeKeywordForPlatform(KeywordExecutor.groovy:74)
	at com.kms.katalon.core.webui.keyword.WebUiBuiltInKeywords.verifyElementNotPresent(WebUiBuiltInKeywords.groovy:1481)
	at com.kms.katalon.core.webui.keyword.WebUiBuiltInKeywords$verifyElementNotPresent$8.call(Unknown Source)
	at GetBrokSumPriceDaily.run(GetBrokSumPriceDaily:258)
	at com.kms.katalon.core.main.ScriptEngine.run(ScriptEngine.java:194)
	at com.kms.katalon.core.main.ScriptEngine.runScriptAsRawText(ScriptEngine.java:119)
	at com.kms.katalon.core.main.TestCaseExecutor.runScript(TestCaseExecutor.java:445)
	at com.kms.katalon.core.main.TestCaseExecutor.doExecute(TestCaseExecutor.java:436)
	at com.kms.katalon.core.main.TestCaseExecutor.processExecutionPhase(TestCaseExecutor.java:415)
	at com.kms.katalon.core.main.TestCaseExecutor.accessMainPhase(TestCaseExecutor.java:407)
	at com.kms.katalon.core.main.TestCaseExecutor.execute(TestCaseExecutor.java:284)
	at com.kms.katalon.core.common.CommonExecutor.accessTestCaseMainPhase(CommonExecutor.java:65)
	at com.kms.katalon.core.main.TestSuiteExecutor.accessTestSuiteMainPhase(TestSuiteExecutor.java:144)
	at com.kms.katalon.core.main.TestSuiteExecutor.execute(TestSuiteExecutor.java:106)
	at com.kms.katalon.core.main.TestCaseMain.startTestSuite(TestCaseMain.java:185)
	at com.kms.katalon.core.main.TestCaseMain$startTestSuite$0.call(Unknown Source)
	at TempTestSuite1705920083951.run(TempTestSuite1705920083951.groovy:36)
)
[[ATTACHMENT|C:\\Users\\Fadli\\git\\KatalonDailyGetData2\\Reports\\20240122_174123\\TS1\\20240122_174123\\1705921490894.png]]

2024-01-22 18:04:51 - [TEST_STEP][PASSED] - else: null

2024-01-22 18:04:51 - [TEST_STEP][PASSED] - strBuyer2 = getText(findTestObject("Stockbit/Bandarmology_Buyer2")): Text of object 'Object Repository/Stockbit/Bandarmology_Buyer2' is: 'AG'

2024-01-22 18:04:51 - [MESSAGE][PASSED] - Text of object 'Object Repository/Stockbit/Bandarmology_Buyer2' is: 'AG'

2024-01-22 18:04:51 - [TEST_STEP][PASSED] - strBuyerVol2 = getText(findTestObject("Stockbit/Bandarmology_BuyerVol2")): Text of object 'Object Repository/Stockbit/Bandarmology_BuyerVol2' is: '15.1 K'

2024-01-22 18:04:51 - [MESSAGE][PASSED] - Text of object 'Object Repository/Stockbit/Bandarmology_BuyerVol2' is: '15.1 K'

2024-01-22 18:04:51 - [TEST_STEP][PASSED] - strBuyerAvg2 = getText(findTestObject("Stockbit/Bandarmology_BuyerAvg2")): Text of object 'Object Repository/Stockbit/Bandarmology_BuyerAvg2' is: '310'

2024-01-22 18:04:51 - [MESSAGE][PASSED] - Text of object 'Object Repository/Stockbit/Bandarmology_BuyerAvg2' is: '310'

2024-01-22 18:04:51 - [TEST_STEP][PASSED] - if (strBuyer2 != ""): null

2024-01-22 18:04:51 - [TEST_STEP][PASSED] - if (strBuyerAvg2.contains(",")): null

2024-01-22 18:04:51 - [TEST_STEP][PASSED] - if (strBuyerVol2.contains(" B")): null

2024-01-22 18:04:51 - [TEST_STEP][PASSED] - else if (strBuyerVol2.contains(" M")): null

2024-01-22 18:04:51 - [TEST_STEP][PASSED] - else if (strBuyerVol2.contains(" K")): null

2024-01-22 18:04:51 - [TEST_STEP][PASSED] - strBuyerVol2 = strBuyerVol2.replace(" K", ""): null

2024-01-22 18:04:51 - [TEST_STEP][PASSED] - strBuyerVol2 = strBuyerVol2.toDouble() * 1000: null

2024-01-22 18:04:51 - [TEST_STEP][PASSED] - if (strBuyerVol2.contains(".")): null

2024-01-22 18:04:51 - [TEST_STEP][PASSED] - strBuyerVal2 = strBuyerVol2.replace(".", ""): null

2024-01-22 18:04:51 - [TEST_STEP][PASSED] - if (verifyElementNotPresent(findTestObject("Stockbit/Bandarmology_Seller2"), 1, OPTIONAL)): Web element with id: 'Object Repository/Stockbit/Bandarmology_Seller2' located by 'By.xpath: //*[contains(@id, 'rc-tabs-')]/div[2]/div/div/div/div/div/div[2]/table/tbody/tr[3]/td[5]/p' is present after '1' second(s) (Root cause: com.kms.katalon.core.exception.StepFailedException: Web element with id: 'Object Repository/Stockbit/Bandarmology_Seller2' located by 'By.xpath: //*[contains(@id, 'rc-tabs-')]/div[2]/div/div/div/div/div/div[2]/table/tbody/tr[3]/td[5]/p' is present after '1' second(s)
	at com.kms.katalon.core.webui.keyword.internal.WebUIKeywordMain.stepFailed(WebUIKeywordMain.groovy:64)
	at com.kms.katalon.core.webui.keyword.internal.WebUIKeywordMain$stepFailed$0.call(Unknown Source)
	at com.kms.katalon.core.webui.keyword.builtin.VerifyElementNotPresentKeyword$_verifyElementNotPresent_closure1.doCall(VerifyElementNotPresentKeyword.groovy:106)
	at com.kms.katalon.core.webui.keyword.builtin.VerifyElementNotPresentKeyword$_verifyElementNotPresent_closure1.doCall(VerifyElementNotPresentKeyword.groovy)
	at com.kms.katalon.core.webui.keyword.internal.WebUIKeywordMain.runKeyword(WebUIKeywordMain.groovy:20)
	at com.kms.katalon.core.webui.keyword.internal.WebUIKeywordMain$runKeyword.call(Unknown Source)
	at com.kms.katalon.core.webui.keyword.builtin.VerifyElementNotPresentKeyword.verifyElementNotPresent(VerifyElementNotPresentKeyword.groovy:117)
	at com.kms.katalon.core.webui.keyword.builtin.VerifyElementNotPresentKeyword.execute(VerifyElementNotPresentKeyword.groovy:68)
	at com.kms.katalon.core.keyword.internal.KeywordExecutor.executeKeywordForPlatform(KeywordExecutor.groovy:74)
	at com.kms.katalon.core.webui.keyword.WebUiBuiltInKeywords.verifyElementNotPresent(WebUiBuiltInKeywords.groovy:1481)
	at com.kms.katalon.core.webui.keyword.WebUiBuiltInKeywords$verifyElementNotPresent$8.call(Unknown Source)
	at GetBrokSumPriceDaily.run(GetBrokSumPriceDaily:309)
	at com.kms.katalon.core.main.ScriptEngine.run(ScriptEngine.java:194)
	at com.kms.katalon.core.main.ScriptEngine.runScriptAsRawText(ScriptEngine.java:119)
	at com.kms.katalon.core.main.TestCaseExecutor.runScript(TestCaseExecutor.java:445)
	at com.kms.katalon.core.main.TestCaseExecutor.doExecute(TestCaseExecutor.java:436)
	at com.kms.katalon.core.main.TestCaseExecutor.processExecutionPhase(TestCaseExecutor.java:415)
	at com.kms.katalon.core.main.TestCaseExecutor.accessMainPhase(TestCaseExecutor.java:407)
	at com.kms.katalon.core.main.TestCaseExecutor.execute(TestCaseExecutor.java:284)
	at com.kms.katalon.core.common.CommonExecutor.accessTestCaseMainPhase(CommonExecutor.java:65)
	at com.kms.katalon.core.main.TestSuiteExecutor.accessTestSuiteMainPhase(TestSuiteExecutor.java:144)
	at com.kms.katalon.core.main.TestSuiteExecutor.execute(TestSuiteExecutor.java:106)
	at com.kms.katalon.core.main.TestCaseMain.startTestSuite(TestCaseMain.java:185)
	at com.kms.katalon.core.main.TestCaseMain$startTestSuite$0.call(Unknown Source)
	at TempTestSuite1705920083951.run(TempTestSuite1705920083951.groovy:36)
)

2024-01-22 18:04:53 - [MESSAGE][WARNING] - Web element with id: 'Object Repository/Stockbit/Bandarmology_Seller2' located by 'By.xpath: //*[contains(@id, 'rc-tabs-')]/div[2]/div/div/div/div/div/div[2]/table/tbody/tr[3]/td[5]/p' is present after '1' second(s) (Root cause: com.kms.katalon.core.exception.StepFailedException: Web element with id: 'Object Repository/Stockbit/Bandarmology_Seller2' located by 'By.xpath: //*[contains(@id, 'rc-tabs-')]/div[2]/div/div/div/div/div/div[2]/table/tbody/tr[3]/td[5]/p' is present after '1' second(s)
	at com.kms.katalon.core.webui.keyword.internal.WebUIKeywordMain.stepFailed(WebUIKeywordMain.groovy:64)
	at com.kms.katalon.core.webui.keyword.internal.WebUIKeywordMain$stepFailed$0.call(Unknown Source)
	at com.kms.katalon.core.webui.keyword.builtin.VerifyElementNotPresentKeyword$_verifyElementNotPresent_closure1.doCall(VerifyElementNotPresentKeyword.groovy:106)
	at com.kms.katalon.core.webui.keyword.builtin.VerifyElementNotPresentKeyword$_verifyElementNotPresent_closure1.doCall(VerifyElementNotPresentKeyword.groovy)
	at com.kms.katalon.core.webui.keyword.internal.WebUIKeywordMain.runKeyword(WebUIKeywordMain.groovy:20)
	at com.kms.katalon.core.webui.keyword.internal.WebUIKeywordMain$runKeyword.call(Unknown Source)
	at com.kms.katalon.core.webui.keyword.builtin.VerifyElementNotPresentKeyword.verifyElementNotPresent(VerifyElementNotPresentKeyword.groovy:117)
	at com.kms.katalon.core.webui.keyword.builtin.VerifyElementNotPresentKeyword.execute(VerifyElementNotPresentKeyword.groovy:68)
	at com.kms.katalon.core.keyword.internal.KeywordExecutor.executeKeywordForPlatform(KeywordExecutor.groovy:74)
	at com.kms.katalon.core.webui.keyword.WebUiBuiltInKeywords.verifyElementNotPresent(WebUiBuiltInKeywords.groovy:1481)
	at com.kms.katalon.core.webui.keyword.WebUiBuiltInKeywords$verifyElementNotPresent$8.call(Unknown Source)
	at GetBrokSumPriceDaily.run(GetBrokSumPriceDaily:309)
	at com.kms.katalon.core.main.ScriptEngine.run(ScriptEngine.java:194)
	at com.kms.katalon.core.main.ScriptEngine.runScriptAsRawText(ScriptEngine.java:119)
	at com.kms.katalon.core.main.TestCaseExecutor.runScript(TestCaseExecutor.java:445)
	at com.kms.katalon.core.main.TestCaseExecutor.doExecute(TestCaseExecutor.java:436)
	at com.kms.katalon.core.main.TestCaseExecutor.processExecutionPhase(TestCaseExecutor.java:415)
	at com.kms.katalon.core.main.TestCaseExecutor.accessMainPhase(TestCaseExecutor.java:407)
	at com.kms.katalon.core.main.TestCaseExecutor.execute(TestCaseExecutor.java:284)
	at com.kms.katalon.core.common.CommonExecutor.accessTestCaseMainPhase(CommonExecutor.java:65)
	at com.kms.katalon.core.main.TestSuiteExecutor.accessTestSuiteMainPhase(TestSuiteExecutor.java:144)
	at com.kms.katalon.core.main.TestSuiteExecutor.execute(TestSuiteExecutor.java:106)
	at com.kms.katalon.core.main.TestCaseMain.startTestSuite(TestCaseMain.java:185)
	at com.kms.katalon.core.main.TestCaseMain$startTestSuite$0.call(Unknown Source)
	at TempTestSuite1705920083951.run(TempTestSuite1705920083951.groovy:36)
)
[[ATTACHMENT|C:\\Users\\Fadli\\git\\KatalonDailyGetData2\\Reports\\20240122_174123\\TS1\\20240122_174123\\1705921492830.png]]

2024-01-22 18:04:53 - [TEST_STEP][PASSED] - else: null

2024-01-22 18:04:53 - [TEST_STEP][PASSED] - strSeller2 = getText(findTestObject("Stockbit/Bandarmology_Seller2")): Text of object 'Object Repository/Stockbit/Bandarmology_Seller2' is: 'BB'

2024-01-22 18:04:53 - [MESSAGE][PASSED] - Text of object 'Object Repository/Stockbit/Bandarmology_Seller2' is: 'BB'

2024-01-22 18:04:53 - [TEST_STEP][PASSED] - strSellerVol2 = getText(findTestObject("Stockbit/Bandarmology_SellerVol2")): Text of object 'Object Repository/Stockbit/Bandarmology_SellerVol2' is: '1.6 K'

2024-01-22 18:04:53 - [MESSAGE][PASSED] - Text of object 'Object Repository/Stockbit/Bandarmology_SellerVol2' is: '1.6 K'

2024-01-22 18:04:53 - [TEST_STEP][PASSED] - strSellerAvg2 = getText(findTestObject("Stockbit/Bandarmology_SellerAvg2")): Text of object 'Object Repository/Stockbit/Bandarmology_SellerAvg2' is: '318'

2024-01-22 18:04:53 - [MESSAGE][PASSED] - Text of object 'Object Repository/Stockbit/Bandarmology_SellerAvg2' is: '318'

2024-01-22 18:04:53 - [TEST_STEP][PASSED] - if (strSeller2 != ""): null

2024-01-22 18:04:53 - [TEST_STEP][PASSED] - if (strSellerAvg2.contains(",")): null

2024-01-22 18:04:53 - [TEST_STEP][PASSED] - if (strSellerVol2.contains(" B")): null

2024-01-22 18:04:53 - [TEST_STEP][PASSED] - else if (strSellerVol2.contains(" M")): null

2024-01-22 18:04:53 - [TEST_STEP][PASSED] - else if (strSellerVol2.contains(" K")): null

2024-01-22 18:04:53 - [TEST_STEP][PASSED] - strSellerVol2 = strSellerVol2.replace(" K", ""): null

2024-01-22 18:04:53 - [TEST_STEP][PASSED] - strSellerVol2 = strSellerVol2.toDouble() * 1000: null

2024-01-22 18:04:53 - [TEST_STEP][PASSED] - if (verifyElementNotPresent(findTestObject("Stockbit/Bandarmology_Buyer3"), 1, OPTIONAL)): Web element with id: 'Object Repository/Stockbit/Bandarmology_Buyer3' located by 'By.xpath: //*[contains(@id, 'rc-tabs-')]/div[2]/div/div/div/div/div/div[2]/table/tbody/tr[4]/td[1]/p' is present after '1' second(s) (Root cause: com.kms.katalon.core.exception.StepFailedException: Web element with id: 'Object Repository/Stockbit/Bandarmology_Buyer3' located by 'By.xpath: //*[contains(@id, 'rc-tabs-')]/div[2]/div/div/div/div/div/div[2]/table/tbody/tr[4]/td[1]/p' is present after '1' second(s)
	at com.kms.katalon.core.webui.keyword.internal.WebUIKeywordMain.stepFailed(WebUIKeywordMain.groovy:64)
	at com.kms.katalon.core.webui.keyword.internal.WebUIKeywordMain$stepFailed$0.call(Unknown Source)
	at com.kms.katalon.core.webui.keyword.builtin.VerifyElementNotPresentKeyword$_verifyElementNotPresent_closure1.doCall(VerifyElementNotPresentKeyword.groovy:106)
	at com.kms.katalon.core.webui.keyword.builtin.VerifyElementNotPresentKeyword$_verifyElementNotPresent_closure1.doCall(VerifyElementNotPresentKeyword.groovy)
	at com.kms.katalon.core.webui.keyword.internal.WebUIKeywordMain.runKeyword(WebUIKeywordMain.groovy:20)
	at com.kms.katalon.core.webui.keyword.internal.WebUIKeywordMain$runKeyword.call(Unknown Source)
	at com.kms.katalon.core.webui.keyword.builtin.VerifyElementNotPresentKeyword.verifyElementNotPresent(VerifyElementNotPresentKeyword.groovy:117)
	at com.kms.katalon.core.webui.keyword.builtin.VerifyElementNotPresentKeyword.execute(VerifyElementNotPresentKeyword.groovy:68)
	at com.kms.katalon.core.keyword.internal.KeywordExecutor.executeKeywordForPlatform(KeywordExecutor.groovy:74)
	at com.kms.katalon.core.webui.keyword.WebUiBuiltInKeywords.verifyElementNotPresent(WebUiBuiltInKeywords.groovy:1481)
	at com.kms.katalon.core.webui.keyword.WebUiBuiltInKeywords$verifyElementNotPresent$8.call(Unknown Source)
	at GetBrokSumPriceDaily.run(GetBrokSumPriceDaily:361)
	at com.kms.katalon.core.main.ScriptEngine.run(ScriptEngine.java:194)
	at com.kms.katalon.core.main.ScriptEngine.runScriptAsRawText(ScriptEngine.java:119)
	at com.kms.katalon.core.main.TestCaseExecutor.runScript(TestCaseExecutor.java:445)
	at com.kms.katalon.core.main.TestCaseExecutor.doExecute(TestCaseExecutor.java:436)
	at com.kms.katalon.core.main.TestCaseExecutor.processExecutionPhase(TestCaseExecutor.java:415)
	at com.kms.katalon.core.main.TestCaseExecutor.accessMainPhase(TestCaseExecutor.java:407)
	at com.kms.katalon.core.main.TestCaseExecutor.execute(TestCaseExecutor.java:284)
	at com.kms.katalon.core.common.CommonExecutor.accessTestCaseMainPhase(CommonExecutor.java:65)
	at com.kms.katalon.core.main.TestSuiteExecutor.accessTestSuiteMainPhase(TestSuiteExecutor.java:144)
	at com.kms.katalon.core.main.TestSuiteExecutor.execute(TestSuiteExecutor.java:106)
	at com.kms.katalon.core.main.TestCaseMain.startTestSuite(TestCaseMain.java:185)
	at com.kms.katalon.core.main.TestCaseMain$startTestSuite$0.call(Unknown Source)
	at TempTestSuite1705920083951.run(TempTestSuite1705920083951.groovy:36)
)

2024-01-22 18:04:55 - [MESSAGE][WARNING] - Web element with id: 'Object Repository/Stockbit/Bandarmology_Buyer3' located by 'By.xpath: //*[contains(@id, 'rc-tabs-')]/div[2]/div/div/div/div/div/div[2]/table/tbody/tr[4]/td[1]/p' is present after '1' second(s) (Root cause: com.kms.katalon.core.exception.StepFailedException: Web element with id: 'Object Repository/Stockbit/Bandarmology_Buyer3' located by 'By.xpath: //*[contains(@id, 'rc-tabs-')]/div[2]/div/div/div/div/div/div[2]/table/tbody/tr[4]/td[1]/p' is present after '1' second(s)
	at com.kms.katalon.core.webui.keyword.internal.WebUIKeywordMain.stepFailed(WebUIKeywordMain.groovy:64)
	at com.kms.katalon.core.webui.keyword.internal.WebUIKeywordMain$stepFailed$0.call(Unknown Source)
	at com.kms.katalon.core.webui.keyword.builtin.VerifyElementNotPresentKeyword$_verifyElementNotPresent_closure1.doCall(VerifyElementNotPresentKeyword.groovy:106)
	at com.kms.katalon.core.webui.keyword.builtin.VerifyElementNotPresentKeyword$_verifyElementNotPresent_closure1.doCall(VerifyElementNotPresentKeyword.groovy)
	at com.kms.katalon.core.webui.keyword.internal.WebUIKeywordMain.runKeyword(WebUIKeywordMain.groovy:20)
	at com.kms.katalon.core.webui.keyword.internal.WebUIKeywordMain$runKeyword.call(Unknown Source)
	at com.kms.katalon.core.webui.keyword.builtin.VerifyElementNotPresentKeyword.verifyElementNotPresent(VerifyElementNotPresentKeyword.groovy:117)
	at com.kms.katalon.core.webui.keyword.builtin.VerifyElementNotPresentKeyword.execute(VerifyElementNotPresentKeyword.groovy:68)
	at com.kms.katalon.core.keyword.internal.KeywordExecutor.executeKeywordForPlatform(KeywordExecutor.groovy:74)
	at com.kms.katalon.core.webui.keyword.WebUiBuiltInKeywords.verifyElementNotPresent(WebUiBuiltInKeywords.groovy:1481)
	at com.kms.katalon.core.webui.keyword.WebUiBuiltInKeywords$verifyElementNotPresent$8.call(Unknown Source)
	at GetBrokSumPriceDaily.run(GetBrokSumPriceDaily:361)
	at com.kms.katalon.core.main.ScriptEngine.run(ScriptEngine.java:194)
	at com.kms.katalon.core.main.ScriptEngine.runScriptAsRawText(ScriptEngine.java:119)
	at com.kms.katalon.core.main.TestCaseExecutor.runScript(TestCaseExecutor.java:445)
	at com.kms.katalon.core.main.TestCaseExecutor.doExecute(TestCaseExecutor.java:436)
	at com.kms.katalon.core.main.TestCaseExecutor.processExecutionPhase(TestCaseExecutor.java:415)
	at com.kms.katalon.core.main.TestCaseExecutor.accessMainPhase(TestCaseExecutor.java:407)
	at com.kms.katalon.core.main.TestCaseExecutor.execute(TestCaseExecutor.java:284)
	at com.kms.katalon.core.common.CommonExecutor.accessTestCaseMainPhase(CommonExecutor.java:65)
	at com.kms.katalon.core.main.TestSuiteExecutor.accessTestSuiteMainPhase(TestSuiteExecutor.java:144)
	at com.kms.katalon.core.main.TestSuiteExecutor.execute(TestSuiteExecutor.java:106)
	at com.kms.katalon.core.main.TestCaseMain.startTestSuite(TestCaseMain.java:185)
	at com.kms.katalon.core.main.TestCaseMain$startTestSuite$0.call(Unknown Source)
	at TempTestSuite1705920083951.run(TempTestSuite1705920083951.groovy:36)
)
[[ATTACHMENT|C:\\Users\\Fadli\\git\\KatalonDailyGetData2\\Reports\\20240122_174123\\TS1\\20240122_174123\\1705921494810.png]]

2024-01-22 18:04:55 - [TEST_STEP][PASSED] - else: null

2024-01-22 18:04:55 - [TEST_STEP][PASSED] - strBuyer3 = getText(findTestObject("Stockbit/Bandarmology_Buyer3")): Text of object 'Object Repository/Stockbit/Bandarmology_Buyer3' is: 'PD'

2024-01-22 18:04:55 - [MESSAGE][PASSED] - Text of object 'Object Repository/Stockbit/Bandarmology_Buyer3' is: 'PD'

2024-01-22 18:04:55 - [TEST_STEP][PASSED] - strBuyerVol3 = getText(findTestObject("Stockbit/Bandarmology_BuyerVol3")): Text of object 'Object Repository/Stockbit/Bandarmology_BuyerVol3' is: '13.7 K'

2024-01-22 18:04:55 - [MESSAGE][PASSED] - Text of object 'Object Repository/Stockbit/Bandarmology_BuyerVol3' is: '13.7 K'

2024-01-22 18:04:55 - [TEST_STEP][PASSED] - strBuyerAvg3 = getText(findTestObject("Stockbit/Bandarmology_BuyerAvg3")): Text of object 'Object Repository/Stockbit/Bandarmology_BuyerAvg3' is: '306'

2024-01-22 18:04:55 - [MESSAGE][PASSED] - Text of object 'Object Repository/Stockbit/Bandarmology_BuyerAvg3' is: '306'

2024-01-22 18:04:55 - [TEST_STEP][PASSED] - if (strBuyer3 != ""): null

2024-01-22 18:04:55 - [TEST_STEP][PASSED] - if (strBuyerAvg3.contains(",")): null

2024-01-22 18:04:55 - [TEST_STEP][PASSED] - if (strBuyerVol3.contains(" B")): null

2024-01-22 18:04:55 - [TEST_STEP][PASSED] - else if (strBuyerVol3.contains(" M")): null

2024-01-22 18:04:55 - [TEST_STEP][PASSED] - else if (strBuyerVol3.contains(" K")): null

2024-01-22 18:04:55 - [TEST_STEP][PASSED] - strBuyerVol3 = strBuyerVol3.replace(" K", ""): null

2024-01-22 18:04:55 - [TEST_STEP][PASSED] - strBuyerVol3 = strBuyerVol3.toDouble() * 1000: null

2024-01-22 18:04:55 - [TEST_STEP][PASSED] - if (verifyElementNotPresent(findTestObject("Stockbit/Bandarmology_Seller3"), 1, OPTIONAL)): Web element with id: 'Object Repository/Stockbit/Bandarmology_Seller3' located by 'By.xpath: //*[contains(@id, 'rc-tabs-')]/div[2]/div/div/div/div/div/div[2]/table/tbody/tr[4]/td[5]/p' is present after '1' second(s) (Root cause: com.kms.katalon.core.exception.StepFailedException: Web element with id: 'Object Repository/Stockbit/Bandarmology_Seller3' located by 'By.xpath: //*[contains(@id, 'rc-tabs-')]/div[2]/div/div/div/div/div/div[2]/table/tbody/tr[4]/td[5]/p' is present after '1' second(s)
	at com.kms.katalon.core.webui.keyword.internal.WebUIKeywordMain.stepFailed(WebUIKeywordMain.groovy:64)
	at com.kms.katalon.core.webui.keyword.internal.WebUIKeywordMain$stepFailed$0.call(Unknown Source)
	at com.kms.katalon.core.webui.keyword.builtin.VerifyElementNotPresentKeyword$_verifyElementNotPresent_closure1.doCall(VerifyElementNotPresentKeyword.groovy:106)
	at com.kms.katalon.core.webui.keyword.builtin.VerifyElementNotPresentKeyword$_verifyElementNotPresent_closure1.doCall(VerifyElementNotPresentKeyword.groovy)
	at com.kms.katalon.core.webui.keyword.internal.WebUIKeywordMain.runKeyword(WebUIKeywordMain.groovy:20)
	at com.kms.katalon.core.webui.keyword.internal.WebUIKeywordMain$runKeyword.call(Unknown Source)
	at com.kms.katalon.core.webui.keyword.builtin.VerifyElementNotPresentKeyword.verifyElementNotPresent(VerifyElementNotPresentKeyword.groovy:117)
	at com.kms.katalon.core.webui.keyword.builtin.VerifyElementNotPresentKeyword.execute(VerifyElementNotPresentKeyword.groovy:68)
	at com.kms.katalon.core.keyword.internal.KeywordExecutor.executeKeywordForPlatform(KeywordExecutor.groovy:74)
	at com.kms.katalon.core.webui.keyword.WebUiBuiltInKeywords.verifyElementNotPresent(WebUiBuiltInKeywords.groovy:1481)
	at com.kms.katalon.core.webui.keyword.WebUiBuiltInKeywords$verifyElementNotPresent$8.call(Unknown Source)
	at GetBrokSumPriceDaily.run(GetBrokSumPriceDaily:414)
	at com.kms.katalon.core.main.ScriptEngine.run(ScriptEngine.java:194)
	at com.kms.katalon.core.main.ScriptEngine.runScriptAsRawText(ScriptEngine.java:119)
	at com.kms.katalon.core.main.TestCaseExecutor.runScript(TestCaseExecutor.java:445)
	at com.kms.katalon.core.main.TestCaseExecutor.doExecute(TestCaseExecutor.java:436)
	at com.kms.katalon.core.main.TestCaseExecutor.processExecutionPhase(TestCaseExecutor.java:415)
	at com.kms.katalon.core.main.TestCaseExecutor.accessMainPhase(TestCaseExecutor.java:407)
	at com.kms.katalon.core.main.TestCaseExecutor.execute(TestCaseExecutor.java:284)
	at com.kms.katalon.core.common.CommonExecutor.accessTestCaseMainPhase(CommonExecutor.java:65)
	at com.kms.katalon.core.main.TestSuiteExecutor.accessTestSuiteMainPhase(TestSuiteExecutor.java:144)
	at com.kms.katalon.core.main.TestSuiteExecutor.execute(TestSuiteExecutor.java:106)
	at com.kms.katalon.core.main.TestCaseMain.startTestSuite(TestCaseMain.java:185)
	at com.kms.katalon.core.main.TestCaseMain$startTestSuite$0.call(Unknown Source)
	at TempTestSuite1705920083951.run(TempTestSuite1705920083951.groovy:36)
)

2024-01-22 18:04:56 - [MESSAGE][WARNING] - Web element with id: 'Object Repository/Stockbit/Bandarmology_Seller3' located by 'By.xpath: //*[contains(@id, 'rc-tabs-')]/div[2]/div/div/div/div/div/div[2]/table/tbody/tr[4]/td[5]/p' is present after '1' second(s) (Root cause: com.kms.katalon.core.exception.StepFailedException: Web element with id: 'Object Repository/Stockbit/Bandarmology_Seller3' located by 'By.xpath: //*[contains(@id, 'rc-tabs-')]/div[2]/div/div/div/div/div/div[2]/table/tbody/tr[4]/td[5]/p' is present after '1' second(s)
	at com.kms.katalon.core.webui.keyword.internal.WebUIKeywordMain.stepFailed(WebUIKeywordMain.groovy:64)
	at com.kms.katalon.core.webui.keyword.internal.WebUIKeywordMain$stepFailed$0.call(Unknown Source)
	at com.kms.katalon.core.webui.keyword.builtin.VerifyElementNotPresentKeyword$_verifyElementNotPresent_closure1.doCall(VerifyElementNotPresentKeyword.groovy:106)
	at com.kms.katalon.core.webui.keyword.builtin.VerifyElementNotPresentKeyword$_verifyElementNotPresent_closure1.doCall(VerifyElementNotPresentKeyword.groovy)
	at com.kms.katalon.core.webui.keyword.internal.WebUIKeywordMain.runKeyword(WebUIKeywordMain.groovy:20)
	at com.kms.katalon.core.webui.keyword.internal.WebUIKeywordMain$runKeyword.call(Unknown Source)
	at com.kms.katalon.core.webui.keyword.builtin.VerifyElementNotPresentKeyword.verifyElementNotPresent(VerifyElementNotPresentKeyword.groovy:117)
	at com.kms.katalon.core.webui.keyword.builtin.VerifyElementNotPresentKeyword.execute(VerifyElementNotPresentKeyword.groovy:68)
	at com.kms.katalon.core.keyword.internal.KeywordExecutor.executeKeywordForPlatform(KeywordExecutor.groovy:74)
	at com.kms.katalon.core.webui.keyword.WebUiBuiltInKeywords.verifyElementNotPresent(WebUiBuiltInKeywords.groovy:1481)
	at com.kms.katalon.core.webui.keyword.WebUiBuiltInKeywords$verifyElementNotPresent$8.call(Unknown Source)
	at GetBrokSumPriceDaily.run(GetBrokSumPriceDaily:414)
	at com.kms.katalon.core.main.ScriptEngine.run(ScriptEngine.java:194)
	at com.kms.katalon.core.main.ScriptEngine.runScriptAsRawText(ScriptEngine.java:119)
	at com.kms.katalon.core.main.TestCaseExecutor.runScript(TestCaseExecutor.java:445)
	at com.kms.katalon.core.main.TestCaseExecutor.doExecute(TestCaseExecutor.java:436)
	at com.kms.katalon.core.main.TestCaseExecutor.processExecutionPhase(TestCaseExecutor.java:415)
	at com.kms.katalon.core.main.TestCaseExecutor.accessMainPhase(TestCaseExecutor.java:407)
	at com.kms.katalon.core.main.TestCaseExecutor.execute(TestCaseExecutor.java:284)
	at com.kms.katalon.core.common.CommonExecutor.accessTestCaseMainPhase(CommonExecutor.java:65)
	at com.kms.katalon.core.main.TestSuiteExecutor.accessTestSuiteMainPhase(TestSuiteExecutor.java:144)
	at com.kms.katalon.core.main.TestSuiteExecutor.execute(TestSuiteExecutor.java:106)
	at com.kms.katalon.core.main.TestCaseMain.startTestSuite(TestCaseMain.java:185)
	at com.kms.katalon.core.main.TestCaseMain$startTestSuite$0.call(Unknown Source)
	at TempTestSuite1705920083951.run(TempTestSuite1705920083951.groovy:36)
)
[[ATTACHMENT|C:\\Users\\Fadli\\git\\KatalonDailyGetData2\\Reports\\20240122_174123\\TS1\\20240122_174123\\1705921496764.png]]

2024-01-22 18:04:56 - [TEST_STEP][PASSED] - else: null

2024-01-22 18:04:56 - [TEST_STEP][PASSED] - strSeller3 = getText(findTestObject("Stockbit/Bandarmology_Seller3")): Text of object 'Object Repository/Stockbit/Bandarmology_Seller3' is: 'LG'

2024-01-22 18:04:57 - [MESSAGE][PASSED] - Text of object 'Object Repository/Stockbit/Bandarmology_Seller3' is: 'LG'

2024-01-22 18:04:57 - [TEST_STEP][PASSED] - strSellerVol3 = getText(findTestObject("Stockbit/Bandarmology_SellerVol3")): Text of object 'Object Repository/Stockbit/Bandarmology_SellerVol3' is: '81'

2024-01-22 18:04:57 - [MESSAGE][PASSED] - Text of object 'Object Repository/Stockbit/Bandarmology_SellerVol3' is: '81'

2024-01-22 18:04:57 - [TEST_STEP][PASSED] - strSellerAvg3 = getText(findTestObject("Stockbit/Bandarmology_SellerAvg3")): Text of object 'Object Repository/Stockbit/Bandarmology_SellerAvg3' is: '302'

2024-01-22 18:04:57 - [MESSAGE][PASSED] - Text of object 'Object Repository/Stockbit/Bandarmology_SellerAvg3' is: '302'

2024-01-22 18:04:57 - [TEST_STEP][PASSED] - if (strSeller3 != ""): null

2024-01-22 18:04:57 - [TEST_STEP][PASSED] - if (strSellerAvg3.contains(",")): null

2024-01-22 18:04:57 - [TEST_STEP][PASSED] - if (strSellerVol3.contains(" B")): null

2024-01-22 18:04:57 - [TEST_STEP][PASSED] - strAccDist = getText(findTestObject("Stockbit/Bandarmology_AccDist")): Text of object 'Object Repository/Stockbit/Bandarmology_AccDist' is: 'Dist'

2024-01-22 18:04:57 - [MESSAGE][PASSED] - Text of object 'Object Repository/Stockbit/Bandarmology_AccDist' is: 'Dist'

2024-01-22 18:04:57 - [TEST_STEP][PASSED] - strNetVol = getText(findTestObject("Stockbit/Bandarmology_NetVol")): Text of object 'Object Repository/Stockbit/Bandarmology_NetVol' is: '205,730'

2024-01-22 18:04:57 - [MESSAGE][PASSED] - Text of object 'Object Repository/Stockbit/Bandarmology_NetVol' is: '205,730'

2024-01-22 18:04:57 - [TEST_STEP][PASSED] - strNetVol = strNetVol.replace(",", ""): null

2024-01-22 18:04:57 - [TEST_STEP][PASSED] - strNetVal = getText(findTestObject("Stockbit/Bandarmology_NetVal")): Text of object 'Object Repository/Stockbit/Bandarmology_NetVal' is: '6.3 B'

2024-01-22 18:04:57 - [MESSAGE][PASSED] - Text of object 'Object Repository/Stockbit/Bandarmology_NetVal' is: '6.3 B'

2024-01-22 18:04:57 - [TEST_STEP][PASSED] - delay(3): Delayed 3 second(s)

2024-01-22 18:05:00 - [MESSAGE][PASSED] - Delayed 3 second(s)

2024-01-22 18:05:00 - [TEST_STEP][PASSED] - strOpenPrice = getText(findTestObject("Stockbit/Home_OpenPrice")): Text of object 'Object Repository/Stockbit/Home_OpenPrice' is: '320'

2024-01-22 18:05:01 - [MESSAGE][PASSED] - Text of object 'Object Repository/Stockbit/Home_OpenPrice' is: '320'

2024-01-22 18:05:01 - [TEST_STEP][PASSED] - strOpenPrice = strOpenPrice.replace(",", ""): null

2024-01-22 18:05:01 - [TEST_STEP][PASSED] - strLowPrice = getText(findTestObject("Stockbit/Home_LowPrice")): Text of object 'Object Repository/Stockbit/Home_LowPrice' is: '298'

2024-01-22 18:05:01 - [MESSAGE][PASSED] - Text of object 'Object Repository/Stockbit/Home_LowPrice' is: '298'

2024-01-22 18:05:01 - [TEST_STEP][PASSED] - strLowPrice = strLowPrice.replace(",", ""): null

2024-01-22 18:05:01 - [TEST_STEP][PASSED] - strHighPrice = getText(findTestObject("Stockbit/Home_HighPrice")): Text of object 'Object Repository/Stockbit/Home_HighPrice' is: '322'

2024-01-22 18:05:01 - [MESSAGE][PASSED] - Text of object 'Object Repository/Stockbit/Home_HighPrice' is: '322'

2024-01-22 18:05:01 - [TEST_STEP][PASSED] - strHighPrice = strHighPrice.replace(",", ""): null

2024-01-22 18:05:01 - [TEST_STEP][PASSED] - strClosePrice = getText(findTestObject("Stockbit/Home_ClosePrice")): Text of object 'Object Repository/Stockbit/Home_ClosePrice' is: '302'

2024-01-22 18:05:01 - [MESSAGE][PASSED] - Text of object 'Object Repository/Stockbit/Home_ClosePrice' is: '302'

2024-01-22 18:05:01 - [TEST_STEP][PASSED] - strClosePrice = strClosePrice.replace(",", ""): null

2024-01-22 18:05:01 - [TEST_STEP][PASSED] - strVol = getText(findTestObject("Stockbit/Home_Volume")): Text of object 'Object Repository/Stockbit/Home_Volume' is: '409 K'

2024-01-22 18:05:01 - [MESSAGE][PASSED] - Text of object 'Object Repository/Stockbit/Home_Volume' is: '409 K'

2024-01-22 18:05:01 - [TEST_STEP][PASSED] - if (strVol.contains(" K")): null

2024-01-22 18:05:01 - [TEST_STEP][PASSED] - strVol = strVol.replace(" K", "000"): null

2024-01-22 18:05:01 - [TEST_STEP][PASSED] - if (strVol.contains(",")): null

2024-01-22 18:05:01 - [TEST_STEP][PASSED] - strChange = getText(findTestObject("Stockbit/Home_Change")): Text of object 'Object Repository/Stockbit/Home_Change' is: '-5.62%'

2024-01-22 18:05:01 - [MESSAGE][PASSED] - Text of object 'Object Repository/Stockbit/Home_Change' is: '-5.62%'

2024-01-22 18:05:01 - [TEST_STEP][PASSED] - strChange = strChange.replace("%", ""): null

2024-01-22 18:05:01 - [TEST_STEP][PASSED] - strFreq = getText(findTestObject("Stockbit/Home_Freq")): Text of object 'Object Repository/Stockbit/Home_Freq' is: '3,330'

2024-01-22 18:05:02 - [MESSAGE][PASSED] - Text of object 'Object Repository/Stockbit/Home_Freq' is: '3,330'

2024-01-22 18:05:02 - [TEST_STEP][PASSED] - if (strFreq.contains(",")): null

2024-01-22 18:05:02 - [TEST_STEP][PASSED] - strFreq = strFreq.replace(",", ""): null

2024-01-22 18:05:02 - [TEST_STEP][PASSED] - if (strFreq == "NA" || strFreq == ""): null

2024-01-22 18:05:02 - [TEST_STEP][PASSED] - else: null

2024-01-22 18:05:02 - [TEST_STEP][PASSED] - dblFreqAnal = strVol.toDouble() / strFreq.toDouble() * strFreq.toDouble() * strFreq.toDouble() * 100000000: null

2024-01-22 18:05:02 - [TEST_STEP][PASSED] - strFreqAnal = String.format("%.4f", dblFreqAnal): null

2024-01-22 18:05:02 - [TEST_STEP][PASSED] - out.println("Double strFreqAnal: " + strFreqAnal): null

2024-01-22 18:05:02 - [TEST_STEP][PASSED] - strTanggal = d.format(DateTimeFormatter.ofPattern("yyyy-MM-dd")): null

2024-01-22 18:05:02 - [TEST_STEP][PASSED] - strTanggal = "#" + strTanggal + "#": null

2024-01-22 18:05:02 - [TEST_STEP][PASSED] - strSQL = "select count(*) as JumBaris from TblBrokSum where Nama = '" + strNama + "' and Tanggal = " + strTanggal + "": null

2024-01-22 18:05:02 - [TEST_STEP][PASSED] - resultSet = statement.executeQuery(strSQL): null

2024-01-22 18:05:02 - [TEST_STEP][PASSED] - resultSet.next(): null

2024-01-22 18:05:02 - [TEST_STEP][PASSED] - intJumBaris = resultSet.getInt("JumBaris"): null

2024-01-22 18:05:02 - [TEST_STEP][PASSED] - if (intJumBaris > 0): null

2024-01-22 18:05:02 - [TEST_STEP][PASSED] - else: null

2024-01-22 18:05:02 - [TEST_STEP][PASSED] - try: null

2024-01-22 18:05:02 - [TEST_STEP][PASSED] - out.println("Insert data"): null

2024-01-22 18:05:02 - [TEST_STEP][PASSED] - strSQL = "insert into TblBrokSum (nama, tanggal, top1, top2, top3, AllBrokAvg, AccDist, AvgRP, " + "Buyer1, BuyerVal1, BuyerAvg1, Seller1, SellerVal1, SellerAvg1, Buyer2, BuyerVal2, BuyerAvg2, " + "Seller2, SellerVal2, SellerAvg2, Buyer3, BuyerVal3, BuyerAvg3, Seller3, SellerVal3, SellerAvg3, NetVol, NetVal, " + "OpenPrice, LowPrice, HighPrice, ClosePrice, Volume, Change, Frekuensi, FrekAnal) " + "values ('" + strNama + "', " + strTanggal + ", '" + strTop1 + "', '" + strTop3 + "', '" + strTop5 + "', " + "'" + strAllBrokAvg + "', '" + strAccDist + "', " + intAvgRP + ", '" + strBuyer1 + "', '" + strBuyerVol1 + "', " + strBuyerAvg1 + ", " + "'" + strSeller1 + "', '" + strSellerVol1 + "', " + strSellerAvg1 + ", '" + strBuyer2 + "', '" + strBuyerVol2 + "', " + strBuyerAvg2 + ", " + "'" + strSeller2 + "', '" + strSellerVol2 + "', " + strSellerAvg2 + ", '" + strBuyer3 + "', '" + strBuyerVol3 + "', " + strBuyerAvg3 + ", " + "'" + strSeller3 + "', '" + strSellerVol3 + "', " + strSellerAvg3 + ", " + strNetVol + ", '" + strNetVal + "', " + "" + strOpenPrice + ", " + strLowPrice + ", " + strHighPrice + ", " + strClosePrice + ", '" + strVol + "', " + strChange + ", " + strFreq + ", " + strFreqAnal + ");": null

2024-01-22 18:05:02 - [TEST_STEP][PASSED] - out.println("strSQL = " + strSQL): null

2024-01-22 18:05:02 - [TEST_STEP][PASSED] - statement.executeUpdate(strSQL): null

2024-01-22 18:05:02 - [TEST_STEP][PASSED] - setValueToCellByIndex(sheet01, rowIndex, 4, "DONE"): null

2024-01-22 18:05:02 - [TEST_STEP][PASSED] - saveWorkbook(excelFilePath, workbook01): null

2024-01-22 18:05:02 - [TEST_STEP][PASSED] - waitForElementClickable(findTestObject("Stockbit/menu_Bandarmology"), 10): Object 'Object Repository/Stockbit/menu_Bandarmology' is clickable

2024-01-22 18:05:02 - [MESSAGE][PASSED] - Object 'Object Repository/Stockbit/menu_Bandarmology' is clickable

2024-01-22 18:05:02 - [TEST_STEP][PASSED] - click(findTestObject("Stockbit/menu_Bandarmology")): Object: 'Object Repository/Stockbit/menu_Bandarmology' is clicked on

2024-01-22 18:05:02 - [MESSAGE][PASSED] - Object: 'Object Repository/Stockbit/menu_Bandarmology' is clicked on

2024-01-22 18:05:02 - [TEST_STEP][PASSED] - strTemp = "NA": null

2024-01-22 18:05:02 - [TEST_STEP][PASSED] - if (getCellValueByIndex(sheet01, rowIndex, 4) != "DONE"): Object: 'Object Repository/Stockbit/menu_Bandarmology' is clicked on

2024-01-22 18:05:02 - [TEST_STEP][PASSED] - strNama = getCellValueByIndex(sheet01, rowIndex, 0): null

2024-01-22 18:05:02 - [TEST_STEP][PASSED] - navigateToUrl("https://stockbit.com/#/symbol/" + strNama): Navigate to 'https://stockbit.com/#/symbol/BHAT' successfully

2024-01-22 18:05:04 - [MESSAGE][PASSED] - Navigate to 'https://stockbit.com/#/symbol/BHAT' successfully

2024-01-22 18:05:04 - [TEST_STEP][PASSED] - waitForElementClickable(findTestObject("Stockbit/menu_Bandarmology"), 10): Object 'Object Repository/Stockbit/menu_Bandarmology' is clickable

2024-01-22 18:05:04 - [MESSAGE][PASSED] - Object 'Object Repository/Stockbit/menu_Bandarmology' is clickable

2024-01-22 18:05:04 - [TEST_STEP][PASSED] - click(findTestObject("Stockbit/menu_Bandarmology")): Object: 'Object Repository/Stockbit/menu_Bandarmology' is clicked on

2024-01-22 18:05:05 - [MESSAGE][PASSED] - Object: 'Object Repository/Stockbit/menu_Bandarmology' is clicked on

2024-01-22 18:05:05 - [TEST_STEP][PASSED] - strTanggal = d.format(DateTimeFormatter.ofPattern("MMM dd, yyyy")): null

2024-01-22 18:05:05 - [TEST_STEP][PASSED] - strTanggal = d.format(ISO_DATE): null

2024-01-22 18:05:05 - [TEST_STEP][PASSED] - out.println("strTanggal = " + strTanggal): null

2024-01-22 18:05:05 - [TEST_STEP][PASSED] - out.println("strNama = " + strNama): null

2024-01-22 18:05:05 - [TEST_STEP][PASSED] - out.println("Baris ke = " + rowIndex): null

2024-01-22 18:05:05 - [TEST_STEP][PASSED] - click(findTestObject("Stockbit/input__BandarmologyOpenStartDate")): Object: 'Object Repository/Stockbit/input__BandarmologyOpenStartDate' is clicked on

2024-01-22 18:05:07 - [MESSAGE][PASSED] - Object: 'Object Repository/Stockbit/input__BandarmologyOpenStartDate' is clicked on

2024-01-22 18:05:07 - [TEST_STEP][PASSED] - sendKeys(findTestObject("Stockbit/input__BandarmologyOpenStartDate"), Keys.chord(CONTROL, "a")): Keys 'CONTROL + a' sent to object: 'Object Repository/Stockbit/input__BandarmologyOpenStartDate'

2024-01-22 18:05:07 - [MESSAGE][PASSED] - Keys 'CONTROL + a' sent to object: 'Object Repository/Stockbit/input__BandarmologyOpenStartDate'

2024-01-22 18:05:07 - [TEST_STEP][PASSED] - sendKeys(findTestObject("Stockbit/input__BandarmologyOpenStartDate"), Keys.chord(BACK_SPACE)): Keys 'BACK_SPACE + ' sent to object: 'Object Repository/Stockbit/input__BandarmologyOpenStartDate'

2024-01-22 18:05:08 - [MESSAGE][PASSED] - Keys 'BACK_SPACE + ' sent to object: 'Object Repository/Stockbit/input__BandarmologyOpenStartDate'

2024-01-22 18:05:08 - [TEST_STEP][PASSED] - setText(findTestObject("Stockbit/input__BandarmologyOpenStartDate"), strTanggal): Text '2024-01-22' is set on object 'Object Repository/Stockbit/input__BandarmologyOpenStartDate'

2024-01-22 18:05:08 - [MESSAGE][PASSED] - Text '2024-01-22' is set on object 'Object Repository/Stockbit/input__BandarmologyOpenStartDate'

2024-01-22 18:05:08 - [TEST_STEP][PASSED] - sendKeys(findTestObject("Stockbit/input__BandarmologyOpenStartDate"), Keys.chord(ENTER)): Keys 'ENTER + ' sent to object: 'Object Repository/Stockbit/input__BandarmologyOpenStartDate'

2024-01-22 18:05:09 - [MESSAGE][PASSED] - Keys 'ENTER + ' sent to object: 'Object Repository/Stockbit/input__BandarmologyOpenStartDate'

2024-01-22 18:05:09 - [TEST_STEP][PASSED] - click(findTestObject("Stockbit/input__BandarmologyOpenEndDate")): Object: 'Object Repository/Stockbit/input__BandarmologyOpenEndDate' is clicked on

2024-01-22 18:05:09 - [MESSAGE][PASSED] - Object: 'Object Repository/Stockbit/input__BandarmologyOpenEndDate' is clicked on

2024-01-22 18:05:09 - [TEST_STEP][PASSED] - sendKeys(findTestObject("Stockbit/input__BandarmologyOpenEndDate"), Keys.chord(CONTROL, "a")): Keys 'CONTROL + a' sent to object: 'Object Repository/Stockbit/input__BandarmologyOpenEndDate'

2024-01-22 18:05:10 - [MESSAGE][PASSED] - Keys 'CONTROL + a' sent to object: 'Object Repository/Stockbit/input__BandarmologyOpenEndDate'

2024-01-22 18:05:10 - [TEST_STEP][PASSED] - sendKeys(findTestObject("Stockbit/input__BandarmologyOpenEndDate"), Keys.chord(BACK_SPACE)): Keys 'BACK_SPACE + ' sent to object: 'Object Repository/Stockbit/input__BandarmologyOpenEndDate'

2024-01-22 18:05:10 - [MESSAGE][PASSED] - Keys 'BACK_SPACE + ' sent to object: 'Object Repository/Stockbit/input__BandarmologyOpenEndDate'

2024-01-22 18:05:10 - [TEST_STEP][PASSED] - setText(findTestObject("Stockbit/input__BandarmologyOpenEndDate"), strTanggal): Text '2024-01-22' is set on object 'Object Repository/Stockbit/input__BandarmologyOpenEndDate'

2024-01-22 18:05:11 - [MESSAGE][PASSED] - Text '2024-01-22' is set on object 'Object Repository/Stockbit/input__BandarmologyOpenEndDate'

2024-01-22 18:05:11 - [TEST_STEP][PASSED] - sendKeys(findTestObject("Stockbit/input__BandarmologyOpenEndDate"), Keys.chord(ENTER)): Keys 'ENTER + ' sent to object: 'Object Repository/Stockbit/input__BandarmologyOpenEndDate'

2024-01-22 18:05:11 - [MESSAGE][PASSED] - Keys 'ENTER + ' sent to object: 'Object Repository/Stockbit/input__BandarmologyOpenEndDate'

2024-01-22 18:05:11 - [TEST_STEP][PASSED] - delay(2): Delayed 2 second(s)

2024-01-22 18:05:13 - [MESSAGE][PASSED] - Delayed 2 second(s)

2024-01-22 18:05:13 - [TEST_STEP][PASSED] - strTemp = getText(findTestObject("Stockbit/Bandarmology_AvgRP")): Text of object 'Object Repository/Stockbit/Bandarmology_AvgRP' is: '398'

2024-01-22 18:05:14 - [MESSAGE][PASSED] - Text of object 'Object Repository/Stockbit/Bandarmology_AvgRP' is: '398'

2024-01-22 18:05:14 - [TEST_STEP][PASSED] - out.println("Bandarmology_AvgRP = " + strTemp): null

2024-01-22 18:05:14 - [TEST_STEP][PASSED] - if (strTemp != "0"): null

2024-01-22 18:05:14 - [TEST_STEP][PASSED] - strTop1 = getText(findTestObject("Stockbit/Bandarmology_Top1")): Text of object 'Object Repository/Stockbit/Bandarmology_Top1' is: 'Big Dist'

2024-01-22 18:05:14 - [MESSAGE][PASSED] - Text of object 'Object Repository/Stockbit/Bandarmology_Top1' is: 'Big Dist'

2024-01-22 18:05:14 - [TEST_STEP][PASSED] - strTop3 = getText(findTestObject("Stockbit/Bandarmology_Top3")): Text of object 'Object Repository/Stockbit/Bandarmology_Top3' is: 'Normal Dist'

2024-01-22 18:05:14 - [MESSAGE][PASSED] - Text of object 'Object Repository/Stockbit/Bandarmology_Top3' is: 'Normal Dist'

2024-01-22 18:05:14 - [TEST_STEP][PASSED] - strTop5 = getText(findTestObject("Stockbit/Bandarmology_Top5")): Text of object 'Object Repository/Stockbit/Bandarmology_Top5' is: 'Small Dist'

2024-01-22 18:05:14 - [MESSAGE][PASSED] - Text of object 'Object Repository/Stockbit/Bandarmology_Top5' is: 'Small Dist'

2024-01-22 18:05:14 - [TEST_STEP][PASSED] - strAllBrokAvg = getText(findTestObject("Stockbit/Bandarmology_TopAVG")): Text of object 'Object Repository/Stockbit/Bandarmology_TopAVG' is: 'Small Dist'

2024-01-22 18:05:14 - [MESSAGE][PASSED] - Text of object 'Object Repository/Stockbit/Bandarmology_TopAVG' is: 'Small Dist'

2024-01-22 18:05:14 - [TEST_STEP][PASSED] - strTemp = getText(findTestObject("Stockbit/Bandarmology_AvgRP")): Text of object 'Object Repository/Stockbit/Bandarmology_AvgRP' is: '398'

2024-01-22 18:05:14 - [MESSAGE][PASSED] - Text of object 'Object Repository/Stockbit/Bandarmology_AvgRP' is: '398'

2024-01-22 18:05:14 - [TEST_STEP][PASSED] - if (strTemp.contains(",")): null

2024-01-22 18:05:14 - [TEST_STEP][PASSED] - intAvgRP = strTemp.toInteger(): null

2024-01-22 18:05:14 - [TEST_STEP][PASSED] - strBuyer1 = getText(findTestObject("Stockbit/Bandarmology_Buyer1")): Text of object 'Object Repository/Stockbit/Bandarmology_Buyer1' is: 'IH'

2024-01-22 18:05:15 - [MESSAGE][PASSED] - Text of object 'Object Repository/Stockbit/Bandarmology_Buyer1' is: 'IH'

2024-01-22 18:05:15 - [TEST_STEP][PASSED] - strBuyerVol1 = getText(findTestObject("Stockbit/Bandarmology_BuyerVol1")): Text of object 'Object Repository/Stockbit/Bandarmology_BuyerVol1' is: '334'

2024-01-22 18:05:15 - [MESSAGE][PASSED] - Text of object 'Object Repository/Stockbit/Bandarmology_BuyerVol1' is: '334'

2024-01-22 18:05:15 - [TEST_STEP][PASSED] - strBuyerAvg1 = getText(findTestObject("Stockbit/Bandarmology_BuyerAvg1")): Text of object 'Object Repository/Stockbit/Bandarmology_BuyerAvg1' is: '398'

2024-01-22 18:05:15 - [MESSAGE][PASSED] - Text of object 'Object Repository/Stockbit/Bandarmology_BuyerAvg1' is: '398'

2024-01-22 18:05:15 - [TEST_STEP][PASSED] - if (strBuyerAvg1.contains(",")): null

2024-01-22 18:05:15 - [TEST_STEP][PASSED] - if (strBuyerVol1.contains(" B")): null

2024-01-22 18:05:15 - [TEST_STEP][PASSED] - strSeller1 = getText(findTestObject("Stockbit/Bandarmology_Seller1")): Text of object 'Object Repository/Stockbit/Bandarmology_Seller1' is: 'BK'

2024-01-22 18:05:15 - [MESSAGE][PASSED] - Text of object 'Object Repository/Stockbit/Bandarmology_Seller1' is: 'BK'

2024-01-22 18:05:15 - [TEST_STEP][PASSED] - strSellerVol1 = getText(findTestObject("Stockbit/Bandarmology_SellerVol1")): Text of object 'Object Repository/Stockbit/Bandarmology_SellerVol1' is: '513'

2024-01-22 18:05:15 - [MESSAGE][PASSED] - Text of object 'Object Repository/Stockbit/Bandarmology_SellerVol1' is: '513'

2024-01-22 18:05:15 - [TEST_STEP][PASSED] - strSellerAvg1 = getText(findTestObject("Stockbit/Bandarmology_SellerAvg1")): Text of object 'Object Repository/Stockbit/Bandarmology_SellerAvg1' is: '398'

2024-01-22 18:05:15 - [MESSAGE][PASSED] - Text of object 'Object Repository/Stockbit/Bandarmology_SellerAvg1' is: '398'

2024-01-22 18:05:15 - [TEST_STEP][PASSED] - if (strSellerAvg1.contains(",")): null

2024-01-22 18:05:15 - [TEST_STEP][PASSED] - if (strSellerVol1.contains(" B")): null

2024-01-22 18:05:15 - [TEST_STEP][PASSED] - if (verifyElementNotPresent(findTestObject("Stockbit/Bandarmology_Buyer2"), 1, OPTIONAL)): Web element with id: 'Object Repository/Stockbit/Bandarmology_Buyer2' located by 'By.xpath: //*[contains(@id, 'rc-tabs-')]/div[2]/div/div/div/div/div/div[2]/table/tbody/tr[3]/td[1]/p' is present after '1' second(s) (Root cause: com.kms.katalon.core.exception.StepFailedException: Web element with id: 'Object Repository/Stockbit/Bandarmology_Buyer2' located by 'By.xpath: //*[contains(@id, 'rc-tabs-')]/div[2]/div/div/div/div/div/div[2]/table/tbody/tr[3]/td[1]/p' is present after '1' second(s)
	at com.kms.katalon.core.webui.keyword.internal.WebUIKeywordMain.stepFailed(WebUIKeywordMain.groovy:64)
	at com.kms.katalon.core.webui.keyword.internal.WebUIKeywordMain$stepFailed$0.call(Unknown Source)
	at com.kms.katalon.core.webui.keyword.builtin.VerifyElementNotPresentKeyword$_verifyElementNotPresent_closure1.doCall(VerifyElementNotPresentKeyword.groovy:106)
	at com.kms.katalon.core.webui.keyword.builtin.VerifyElementNotPresentKeyword$_verifyElementNotPresent_closure1.doCall(VerifyElementNotPresentKeyword.groovy)
	at com.kms.katalon.core.webui.keyword.internal.WebUIKeywordMain.runKeyword(WebUIKeywordMain.groovy:20)
	at com.kms.katalon.core.webui.keyword.internal.WebUIKeywordMain$runKeyword.call(Unknown Source)
	at com.kms.katalon.core.webui.keyword.builtin.VerifyElementNotPresentKeyword.verifyElementNotPresent(VerifyElementNotPresentKeyword.groovy:117)
	at com.kms.katalon.core.webui.keyword.builtin.VerifyElementNotPresentKeyword.execute(VerifyElementNotPresentKeyword.groovy:68)
	at com.kms.katalon.core.keyword.internal.KeywordExecutor.executeKeywordForPlatform(KeywordExecutor.groovy:74)
	at com.kms.katalon.core.webui.keyword.WebUiBuiltInKeywords.verifyElementNotPresent(WebUiBuiltInKeywords.groovy:1481)
	at com.kms.katalon.core.webui.keyword.WebUiBuiltInKeywords$verifyElementNotPresent$8.call(Unknown Source)
	at GetBrokSumPriceDaily.run(GetBrokSumPriceDaily:258)
	at com.kms.katalon.core.main.ScriptEngine.run(ScriptEngine.java:194)
	at com.kms.katalon.core.main.ScriptEngine.runScriptAsRawText(ScriptEngine.java:119)
	at com.kms.katalon.core.main.TestCaseExecutor.runScript(TestCaseExecutor.java:445)
	at com.kms.katalon.core.main.TestCaseExecutor.doExecute(TestCaseExecutor.java:436)
	at com.kms.katalon.core.main.TestCaseExecutor.processExecutionPhase(TestCaseExecutor.java:415)
	at com.kms.katalon.core.main.TestCaseExecutor.accessMainPhase(TestCaseExecutor.java:407)
	at com.kms.katalon.core.main.TestCaseExecutor.execute(TestCaseExecutor.java:284)
	at com.kms.katalon.core.common.CommonExecutor.accessTestCaseMainPhase(CommonExecutor.java:65)
	at com.kms.katalon.core.main.TestSuiteExecutor.accessTestSuiteMainPhase(TestSuiteExecutor.java:144)
	at com.kms.katalon.core.main.TestSuiteExecutor.execute(TestSuiteExecutor.java:106)
	at com.kms.katalon.core.main.TestCaseMain.startTestSuite(TestCaseMain.java:185)
	at com.kms.katalon.core.main.TestCaseMain$startTestSuite$0.call(Unknown Source)
	at TempTestSuite1705920083951.run(TempTestSuite1705920083951.groovy:36)
)

2024-01-22 18:05:17 - [MESSAGE][WARNING] - Web element with id: 'Object Repository/Stockbit/Bandarmology_Buyer2' located by 'By.xpath: //*[contains(@id, 'rc-tabs-')]/div[2]/div/div/div/div/div/div[2]/table/tbody/tr[3]/td[1]/p' is present after '1' second(s) (Root cause: com.kms.katalon.core.exception.StepFailedException: Web element with id: 'Object Repository/Stockbit/Bandarmology_Buyer2' located by 'By.xpath: //*[contains(@id, 'rc-tabs-')]/div[2]/div/div/div/div/div/div[2]/table/tbody/tr[3]/td[1]/p' is present after '1' second(s)
	at com.kms.katalon.core.webui.keyword.internal.WebUIKeywordMain.stepFailed(WebUIKeywordMain.groovy:64)
	at com.kms.katalon.core.webui.keyword.internal.WebUIKeywordMain$stepFailed$0.call(Unknown Source)
	at com.kms.katalon.core.webui.keyword.builtin.VerifyElementNotPresentKeyword$_verifyElementNotPresent_closure1.doCall(VerifyElementNotPresentKeyword.groovy:106)
	at com.kms.katalon.core.webui.keyword.builtin.VerifyElementNotPresentKeyword$_verifyElementNotPresent_closure1.doCall(VerifyElementNotPresentKeyword.groovy)
	at com.kms.katalon.core.webui.keyword.internal.WebUIKeywordMain.runKeyword(WebUIKeywordMain.groovy:20)
	at com.kms.katalon.core.webui.keyword.internal.WebUIKeywordMain$runKeyword.call(Unknown Source)
	at com.kms.katalon.core.webui.keyword.builtin.VerifyElementNotPresentKeyword.verifyElementNotPresent(VerifyElementNotPresentKeyword.groovy:117)
	at com.kms.katalon.core.webui.keyword.builtin.VerifyElementNotPresentKeyword.execute(VerifyElementNotPresentKeyword.groovy:68)
	at com.kms.katalon.core.keyword.internal.KeywordExecutor.executeKeywordForPlatform(KeywordExecutor.groovy:74)
	at com.kms.katalon.core.webui.keyword.WebUiBuiltInKeywords.verifyElementNotPresent(WebUiBuiltInKeywords.groovy:1481)
	at com.kms.katalon.core.webui.keyword.WebUiBuiltInKeywords$verifyElementNotPresent$8.call(Unknown Source)
	at GetBrokSumPriceDaily.run(GetBrokSumPriceDaily:258)
	at com.kms.katalon.core.main.ScriptEngine.run(ScriptEngine.java:194)
	at com.kms.katalon.core.main.ScriptEngine.runScriptAsRawText(ScriptEngine.java:119)
	at com.kms.katalon.core.main.TestCaseExecutor.runScript(TestCaseExecutor.java:445)
	at com.kms.katalon.core.main.TestCaseExecutor.doExecute(TestCaseExecutor.java:436)
	at com.kms.katalon.core.main.TestCaseExecutor.processExecutionPhase(TestCaseExecutor.java:415)
	at com.kms.katalon.core.main.TestCaseExecutor.accessMainPhase(TestCaseExecutor.java:407)
	at com.kms.katalon.core.main.TestCaseExecutor.execute(TestCaseExecutor.java:284)
	at com.kms.katalon.core.common.CommonExecutor.accessTestCaseMainPhase(CommonExecutor.java:65)
	at com.kms.katalon.core.main.TestSuiteExecutor.accessTestSuiteMainPhase(TestSuiteExecutor.java:144)
	at com.kms.katalon.core.main.TestSuiteExecutor.execute(TestSuiteExecutor.java:106)
	at com.kms.katalon.core.main.TestCaseMain.startTestSuite(TestCaseMain.java:185)
	at com.kms.katalon.core.main.TestCaseMain$startTestSuite$0.call(Unknown Source)
	at TempTestSuite1705920083951.run(TempTestSuite1705920083951.groovy:36)
)
[[ATTACHMENT|C:\\Users\\Fadli\\git\\KatalonDailyGetData2\\Reports\\20240122_174123\\TS1\\20240122_174123\\1705921516932.png]]

2024-01-22 18:05:17 - [TEST_STEP][PASSED] - else: null

2024-01-22 18:05:17 - [TEST_STEP][PASSED] - strBuyer2 = getText(findTestObject("Stockbit/Bandarmology_Buyer2")): Text of object 'Object Repository/Stockbit/Bandarmology_Buyer2' is: 'BR'

2024-01-22 18:05:17 - [MESSAGE][PASSED] - Text of object 'Object Repository/Stockbit/Bandarmology_Buyer2' is: 'BR'

2024-01-22 18:05:17 - [TEST_STEP][PASSED] - strBuyerVol2 = getText(findTestObject("Stockbit/Bandarmology_BuyerVol2")): Text of object 'Object Repository/Stockbit/Bandarmology_BuyerVol2' is: '198'

2024-01-22 18:05:17 - [MESSAGE][PASSED] - Text of object 'Object Repository/Stockbit/Bandarmology_BuyerVol2' is: '198'

2024-01-22 18:05:17 - [TEST_STEP][PASSED] - strBuyerAvg2 = getText(findTestObject("Stockbit/Bandarmology_BuyerAvg2")): Text of object 'Object Repository/Stockbit/Bandarmology_BuyerAvg2' is: '398'

2024-01-22 18:05:17 - [MESSAGE][PASSED] - Text of object 'Object Repository/Stockbit/Bandarmology_BuyerAvg2' is: '398'

2024-01-22 18:05:17 - [TEST_STEP][PASSED] - if (strBuyer2 != ""): null

2024-01-22 18:05:17 - [TEST_STEP][PASSED] - if (strBuyerAvg2.contains(",")): null

2024-01-22 18:05:17 - [TEST_STEP][PASSED] - if (strBuyerVol2.contains(" B")): null

2024-01-22 18:05:17 - [TEST_STEP][PASSED] - if (strBuyerVol2.contains(".")): null

2024-01-22 18:05:17 - [TEST_STEP][PASSED] - if (verifyElementNotPresent(findTestObject("Stockbit/Bandarmology_Seller2"), 1, OPTIONAL)): Web element with id: 'Object Repository/Stockbit/Bandarmology_Seller2' located by 'By.xpath: //*[contains(@id, 'rc-tabs-')]/div[2]/div/div/div/div/div/div[2]/table/tbody/tr[3]/td[5]/p' is present after '1' second(s) (Root cause: com.kms.katalon.core.exception.StepFailedException: Web element with id: 'Object Repository/Stockbit/Bandarmology_Seller2' located by 'By.xpath: //*[contains(@id, 'rc-tabs-')]/div[2]/div/div/div/div/div/div[2]/table/tbody/tr[3]/td[5]/p' is present after '1' second(s)
	at com.kms.katalon.core.webui.keyword.internal.WebUIKeywordMain.stepFailed(WebUIKeywordMain.groovy:64)
	at com.kms.katalon.core.webui.keyword.internal.WebUIKeywordMain$stepFailed$0.call(Unknown Source)
	at com.kms.katalon.core.webui.keyword.builtin.VerifyElementNotPresentKeyword$_verifyElementNotPresent_closure1.doCall(VerifyElementNotPresentKeyword.groovy:106)
	at com.kms.katalon.core.webui.keyword.builtin.VerifyElementNotPresentKeyword$_verifyElementNotPresent_closure1.doCall(VerifyElementNotPresentKeyword.groovy)
	at com.kms.katalon.core.webui.keyword.internal.WebUIKeywordMain.runKeyword(WebUIKeywordMain.groovy:20)
	at com.kms.katalon.core.webui.keyword.internal.WebUIKeywordMain$runKeyword.call(Unknown Source)
	at com.kms.katalon.core.webui.keyword.builtin.VerifyElementNotPresentKeyword.verifyElementNotPresent(VerifyElementNotPresentKeyword.groovy:117)
	at com.kms.katalon.core.webui.keyword.builtin.VerifyElementNotPresentKeyword.execute(VerifyElementNotPresentKeyword.groovy:68)
	at com.kms.katalon.core.keyword.internal.KeywordExecutor.executeKeywordForPlatform(KeywordExecutor.groovy:74)
	at com.kms.katalon.core.webui.keyword.WebUiBuiltInKeywords.verifyElementNotPresent(WebUiBuiltInKeywords.groovy:1481)
	at com.kms.katalon.core.webui.keyword.WebUiBuiltInKeywords$verifyElementNotPresent$8.call(Unknown Source)
	at GetBrokSumPriceDaily.run(GetBrokSumPriceDaily:309)
	at com.kms.katalon.core.main.ScriptEngine.run(ScriptEngine.java:194)
	at com.kms.katalon.core.main.ScriptEngine.runScriptAsRawText(ScriptEngine.java:119)
	at com.kms.katalon.core.main.TestCaseExecutor.runScript(TestCaseExecutor.java:445)
	at com.kms.katalon.core.main.TestCaseExecutor.doExecute(TestCaseExecutor.java:436)
	at com.kms.katalon.core.main.TestCaseExecutor.processExecutionPhase(TestCaseExecutor.java:415)
	at com.kms.katalon.core.main.TestCaseExecutor.accessMainPhase(TestCaseExecutor.java:407)
	at com.kms.katalon.core.main.TestCaseExecutor.execute(TestCaseExecutor.java:284)
	at com.kms.katalon.core.common.CommonExecutor.accessTestCaseMainPhase(CommonExecutor.java:65)
	at com.kms.katalon.core.main.TestSuiteExecutor.accessTestSuiteMainPhase(TestSuiteExecutor.java:144)
	at com.kms.katalon.core.main.TestSuiteExecutor.execute(TestSuiteExecutor.java:106)
	at com.kms.katalon.core.main.TestCaseMain.startTestSuite(TestCaseMain.java:185)
	at com.kms.katalon.core.main.TestCaseMain$startTestSuite$0.call(Unknown Source)
	at TempTestSuite1705920083951.run(TempTestSuite1705920083951.groovy:36)
)

2024-01-22 18:05:18 - [MESSAGE][WARNING] - Web element with id: 'Object Repository/Stockbit/Bandarmology_Seller2' located by 'By.xpath: //*[contains(@id, 'rc-tabs-')]/div[2]/div/div/div/div/div/div[2]/table/tbody/tr[3]/td[5]/p' is present after '1' second(s) (Root cause: com.kms.katalon.core.exception.StepFailedException: Web element with id: 'Object Repository/Stockbit/Bandarmology_Seller2' located by 'By.xpath: //*[contains(@id, 'rc-tabs-')]/div[2]/div/div/div/div/div/div[2]/table/tbody/tr[3]/td[5]/p' is present after '1' second(s)
	at com.kms.katalon.core.webui.keyword.internal.WebUIKeywordMain.stepFailed(WebUIKeywordMain.groovy:64)
	at com.kms.katalon.core.webui.keyword.internal.WebUIKeywordMain$stepFailed$0.call(Unknown Source)
	at com.kms.katalon.core.webui.keyword.builtin.VerifyElementNotPresentKeyword$_verifyElementNotPresent_closure1.doCall(VerifyElementNotPresentKeyword.groovy:106)
	at com.kms.katalon.core.webui.keyword.builtin.VerifyElementNotPresentKeyword$_verifyElementNotPresent_closure1.doCall(VerifyElementNotPresentKeyword.groovy)
	at com.kms.katalon.core.webui.keyword.internal.WebUIKeywordMain.runKeyword(WebUIKeywordMain.groovy:20)
	at com.kms.katalon.core.webui.keyword.internal.WebUIKeywordMain$runKeyword.call(Unknown Source)
	at com.kms.katalon.core.webui.keyword.builtin.VerifyElementNotPresentKeyword.verifyElementNotPresent(VerifyElementNotPresentKeyword.groovy:117)
	at com.kms.katalon.core.webui.keyword.builtin.VerifyElementNotPresentKeyword.execute(VerifyElementNotPresentKeyword.groovy:68)
	at com.kms.katalon.core.keyword.internal.KeywordExecutor.executeKeywordForPlatform(KeywordExecutor.groovy:74)
	at com.kms.katalon.core.webui.keyword.WebUiBuiltInKeywords.verifyElementNotPresent(WebUiBuiltInKeywords.groovy:1481)
	at com.kms.katalon.core.webui.keyword.WebUiBuiltInKeywords$verifyElementNotPresent$8.call(Unknown Source)
	at GetBrokSumPriceDaily.run(GetBrokSumPriceDaily:309)
	at com.kms.katalon.core.main.ScriptEngine.run(ScriptEngine.java:194)
	at com.kms.katalon.core.main.ScriptEngine.runScriptAsRawText(ScriptEngine.java:119)
	at com.kms.katalon.core.main.TestCaseExecutor.runScript(TestCaseExecutor.java:445)
	at com.kms.katalon.core.main.TestCaseExecutor.doExecute(TestCaseExecutor.java:436)
	at com.kms.katalon.core.main.TestCaseExecutor.processExecutionPhase(TestCaseExecutor.java:415)
	at com.kms.katalon.core.main.TestCaseExecutor.accessMainPhase(TestCaseExecutor.java:407)
	at com.kms.katalon.core.main.TestCaseExecutor.execute(TestCaseExecutor.java:284)
	at com.kms.katalon.core.common.CommonExecutor.accessTestCaseMainPhase(CommonExecutor.java:65)
	at com.kms.katalon.core.main.TestSuiteExecutor.accessTestSuiteMainPhase(TestSuiteExecutor.java:144)
	at com.kms.katalon.core.main.TestSuiteExecutor.execute(TestSuiteExecutor.java:106)
	at com.kms.katalon.core.main.TestCaseMain.startTestSuite(TestCaseMain.java:185)
	at com.kms.katalon.core.main.TestCaseMain$startTestSuite$0.call(Unknown Source)
	at TempTestSuite1705920083951.run(TempTestSuite1705920083951.groovy:36)
)
[[ATTACHMENT|C:\\Users\\Fadli\\git\\KatalonDailyGetData2\\Reports\\20240122_174123\\TS1\\20240122_174123\\1705921518767.png]]

2024-01-22 18:05:18 - [TEST_STEP][PASSED] - else: null

2024-01-22 18:05:18 - [TEST_STEP][PASSED] - strSeller2 = getText(findTestObject("Stockbit/Bandarmology_Seller2")): Text of object 'Object Repository/Stockbit/Bandarmology_Seller2' is: 'CC'

2024-01-22 18:05:19 - [MESSAGE][PASSED] - Text of object 'Object Repository/Stockbit/Bandarmology_Seller2' is: 'CC'

2024-01-22 18:05:19 - [TEST_STEP][PASSED] - strSellerVol2 = getText(findTestObject("Stockbit/Bandarmology_SellerVol2")): Text of object 'Object Repository/Stockbit/Bandarmology_SellerVol2' is: '198'

2024-01-22 18:05:19 - [MESSAGE][PASSED] - Text of object 'Object Repository/Stockbit/Bandarmology_SellerVol2' is: '198'

2024-01-22 18:05:19 - [TEST_STEP][PASSED] - strSellerAvg2 = getText(findTestObject("Stockbit/Bandarmology_SellerAvg2")): Text of object 'Object Repository/Stockbit/Bandarmology_SellerAvg2' is: '398'

2024-01-22 18:05:19 - [MESSAGE][PASSED] - Text of object 'Object Repository/Stockbit/Bandarmology_SellerAvg2' is: '398'

2024-01-22 18:05:19 - [TEST_STEP][PASSED] - if (strSeller2 != ""): null

2024-01-22 18:05:19 - [TEST_STEP][PASSED] - if (strSellerAvg2.contains(",")): null

2024-01-22 18:05:19 - [TEST_STEP][PASSED] - if (strSellerVol2.contains(" B")): null

2024-01-22 18:05:19 - [TEST_STEP][PASSED] - if (verifyElementNotPresent(findTestObject("Stockbit/Bandarmology_Buyer3"), 1, OPTIONAL)): Web element with id: 'Object Repository/Stockbit/Bandarmology_Buyer3' located by 'By.xpath: //*[contains(@id, 'rc-tabs-')]/div[2]/div/div/div/div/div/div[2]/table/tbody/tr[4]/td[1]/p' is present after '1' second(s) (Root cause: com.kms.katalon.core.exception.StepFailedException: Web element with id: 'Object Repository/Stockbit/Bandarmology_Buyer3' located by 'By.xpath: //*[contains(@id, 'rc-tabs-')]/div[2]/div/div/div/div/div/div[2]/table/tbody/tr[4]/td[1]/p' is present after '1' second(s)
	at com.kms.katalon.core.webui.keyword.internal.WebUIKeywordMain.stepFailed(WebUIKeywordMain.groovy:64)
	at com.kms.katalon.core.webui.keyword.internal.WebUIKeywordMain$stepFailed$0.call(Unknown Source)
	at com.kms.katalon.core.webui.keyword.builtin.VerifyElementNotPresentKeyword$_verifyElementNotPresent_closure1.doCall(VerifyElementNotPresentKeyword.groovy:106)
	at com.kms.katalon.core.webui.keyword.builtin.VerifyElementNotPresentKeyword$_verifyElementNotPresent_closure1.doCall(VerifyElementNotPresentKeyword.groovy)
	at com.kms.katalon.core.webui.keyword.internal.WebUIKeywordMain.runKeyword(WebUIKeywordMain.groovy:20)
	at com.kms.katalon.core.webui.keyword.internal.WebUIKeywordMain$runKeyword.call(Unknown Source)
	at com.kms.katalon.core.webui.keyword.builtin.VerifyElementNotPresentKeyword.verifyElementNotPresent(VerifyElementNotPresentKeyword.groovy:117)
	at com.kms.katalon.core.webui.keyword.builtin.VerifyElementNotPresentKeyword.execute(VerifyElementNotPresentKeyword.groovy:68)
	at com.kms.katalon.core.keyword.internal.KeywordExecutor.executeKeywordForPlatform(KeywordExecutor.groovy:74)
	at com.kms.katalon.core.webui.keyword.WebUiBuiltInKeywords.verifyElementNotPresent(WebUiBuiltInKeywords.groovy:1481)
	at com.kms.katalon.core.webui.keyword.WebUiBuiltInKeywords$verifyElementNotPresent$8.call(Unknown Source)
	at GetBrokSumPriceDaily.run(GetBrokSumPriceDaily:361)
	at com.kms.katalon.core.main.ScriptEngine.run(ScriptEngine.java:194)
	at com.kms.katalon.core.main.ScriptEngine.runScriptAsRawText(ScriptEngine.java:119)
	at com.kms.katalon.core.main.TestCaseExecutor.runScript(TestCaseExecutor.java:445)
	at com.kms.katalon.core.main.TestCaseExecutor.doExecute(TestCaseExecutor.java:436)
	at com.kms.katalon.core.main.TestCaseExecutor.processExecutionPhase(TestCaseExecutor.java:415)
	at com.kms.katalon.core.main.TestCaseExecutor.accessMainPhase(TestCaseExecutor.java:407)
	at com.kms.katalon.core.main.TestCaseExecutor.execute(TestCaseExecutor.java:284)
	at com.kms.katalon.core.common.CommonExecutor.accessTestCaseMainPhase(CommonExecutor.java:65)
	at com.kms.katalon.core.main.TestSuiteExecutor.accessTestSuiteMainPhase(TestSuiteExecutor.java:144)
	at com.kms.katalon.core.main.TestSuiteExecutor.execute(TestSuiteExecutor.java:106)
	at com.kms.katalon.core.main.TestCaseMain.startTestSuite(TestCaseMain.java:185)
	at com.kms.katalon.core.main.TestCaseMain$startTestSuite$0.call(Unknown Source)
	at TempTestSuite1705920083951.run(TempTestSuite1705920083951.groovy:36)
)

2024-01-22 18:05:20 - [MESSAGE][WARNING] - Web element with id: 'Object Repository/Stockbit/Bandarmology_Buyer3' located by 'By.xpath: //*[contains(@id, 'rc-tabs-')]/div[2]/div/div/div/div/div/div[2]/table/tbody/tr[4]/td[1]/p' is present after '1' second(s) (Root cause: com.kms.katalon.core.exception.StepFailedException: Web element with id: 'Object Repository/Stockbit/Bandarmology_Buyer3' located by 'By.xpath: //*[contains(@id, 'rc-tabs-')]/div[2]/div/div/div/div/div/div[2]/table/tbody/tr[4]/td[1]/p' is present after '1' second(s)
	at com.kms.katalon.core.webui.keyword.internal.WebUIKeywordMain.stepFailed(WebUIKeywordMain.groovy:64)
	at com.kms.katalon.core.webui.keyword.internal.WebUIKeywordMain$stepFailed$0.call(Unknown Source)
	at com.kms.katalon.core.webui.keyword.builtin.VerifyElementNotPresentKeyword$_verifyElementNotPresent_closure1.doCall(VerifyElementNotPresentKeyword.groovy:106)
	at com.kms.katalon.core.webui.keyword.builtin.VerifyElementNotPresentKeyword$_verifyElementNotPresent_closure1.doCall(VerifyElementNotPresentKeyword.groovy)
	at com.kms.katalon.core.webui.keyword.internal.WebUIKeywordMain.runKeyword(WebUIKeywordMain.groovy:20)
	at com.kms.katalon.core.webui.keyword.internal.WebUIKeywordMain$runKeyword.call(Unknown Source)
	at com.kms.katalon.core.webui.keyword.builtin.VerifyElementNotPresentKeyword.verifyElementNotPresent(VerifyElementNotPresentKeyword.groovy:117)
	at com.kms.katalon.core.webui.keyword.builtin.VerifyElementNotPresentKeyword.execute(VerifyElementNotPresentKeyword.groovy:68)
	at com.kms.katalon.core.keyword.internal.KeywordExecutor.executeKeywordForPlatform(KeywordExecutor.groovy:74)
	at com.kms.katalon.core.webui.keyword.WebUiBuiltInKeywords.verifyElementNotPresent(WebUiBuiltInKeywords.groovy:1481)
	at com.kms.katalon.core.webui.keyword.WebUiBuiltInKeywords$verifyElementNotPresent$8.call(Unknown Source)
	at GetBrokSumPriceDaily.run(GetBrokSumPriceDaily:361)
	at com.kms.katalon.core.main.ScriptEngine.run(ScriptEngine.java:194)
	at com.kms.katalon.core.main.ScriptEngine.runScriptAsRawText(ScriptEngine.java:119)
	at com.kms.katalon.core.main.TestCaseExecutor.runScript(TestCaseExecutor.java:445)
	at com.kms.katalon.core.main.TestCaseExecutor.doExecute(TestCaseExecutor.java:436)
	at com.kms.katalon.core.main.TestCaseExecutor.processExecutionPhase(TestCaseExecutor.java:415)
	at com.kms.katalon.core.main.TestCaseExecutor.accessMainPhase(TestCaseExecutor.java:407)
	at com.kms.katalon.core.main.TestCaseExecutor.execute(TestCaseExecutor.java:284)
	at com.kms.katalon.core.common.CommonExecutor.accessTestCaseMainPhase(CommonExecutor.java:65)
	at com.kms.katalon.core.main.TestSuiteExecutor.accessTestSuiteMainPhase(TestSuiteExecutor.java:144)
	at com.kms.katalon.core.main.TestSuiteExecutor.execute(TestSuiteExecutor.java:106)
	at com.kms.katalon.core.main.TestCaseMain.startTestSuite(TestCaseMain.java:185)
	at com.kms.katalon.core.main.TestCaseMain$startTestSuite$0.call(Unknown Source)
	at TempTestSuite1705920083951.run(TempTestSuite1705920083951.groovy:36)
)
[[ATTACHMENT|C:\\Users\\Fadli\\git\\KatalonDailyGetData2\\Reports\\20240122_174123\\TS1\\20240122_174123\\1705921520627.png]]

2024-01-22 18:05:20 - [TEST_STEP][PASSED] - else: null

2024-01-22 18:05:20 - [TEST_STEP][PASSED] - strBuyer3 = getText(findTestObject("Stockbit/Bandarmology_Buyer3")): Text of object 'Object Repository/Stockbit/Bandarmology_Buyer3' is: 'ZP'

2024-01-22 18:05:20 - [MESSAGE][PASSED] - Text of object 'Object Repository/Stockbit/Bandarmology_Buyer3' is: 'ZP'

2024-01-22 18:05:20 - [TEST_STEP][PASSED] - strBuyerVol3 = getText(findTestObject("Stockbit/Bandarmology_BuyerVol3")): Text of object 'Object Repository/Stockbit/Bandarmology_BuyerVol3' is: '100'

2024-01-22 18:05:21 - [MESSAGE][PASSED] - Text of object 'Object Repository/Stockbit/Bandarmology_BuyerVol3' is: '100'

2024-01-22 18:05:21 - [TEST_STEP][PASSED] - strBuyerAvg3 = getText(findTestObject("Stockbit/Bandarmology_BuyerAvg3")): Text of object 'Object Repository/Stockbit/Bandarmology_BuyerAvg3' is: '398'

2024-01-22 18:05:21 - [MESSAGE][PASSED] - Text of object 'Object Repository/Stockbit/Bandarmology_BuyerAvg3' is: '398'

2024-01-22 18:05:21 - [TEST_STEP][PASSED] - if (strBuyer3 != ""): null

2024-01-22 18:05:21 - [TEST_STEP][PASSED] - if (strBuyerAvg3.contains(",")): null

2024-01-22 18:05:21 - [TEST_STEP][PASSED] - if (strBuyerVol3.contains(" B")): null

2024-01-22 18:05:21 - [TEST_STEP][PASSED] - if (verifyElementNotPresent(findTestObject("Stockbit/Bandarmology_Seller3"), 1, OPTIONAL)): Web element with id: 'Object Repository/Stockbit/Bandarmology_Seller3' located by 'By.xpath: //*[contains(@id, 'rc-tabs-')]/div[2]/div/div/div/div/div/div[2]/table/tbody/tr[4]/td[5]/p' is present after '1' second(s) (Root cause: com.kms.katalon.core.exception.StepFailedException: Web element with id: 'Object Repository/Stockbit/Bandarmology_Seller3' located by 'By.xpath: //*[contains(@id, 'rc-tabs-')]/div[2]/div/div/div/div/div/div[2]/table/tbody/tr[4]/td[5]/p' is present after '1' second(s)
	at com.kms.katalon.core.webui.keyword.internal.WebUIKeywordMain.stepFailed(WebUIKeywordMain.groovy:64)
	at com.kms.katalon.core.webui.keyword.internal.WebUIKeywordMain$stepFailed$0.call(Unknown Source)
	at com.kms.katalon.core.webui.keyword.builtin.VerifyElementNotPresentKeyword$_verifyElementNotPresent_closure1.doCall(VerifyElementNotPresentKeyword.groovy:106)
	at com.kms.katalon.core.webui.keyword.builtin.VerifyElementNotPresentKeyword$_verifyElementNotPresent_closure1.doCall(VerifyElementNotPresentKeyword.groovy)
	at com.kms.katalon.core.webui.keyword.internal.WebUIKeywordMain.runKeyword(WebUIKeywordMain.groovy:20)
	at com.kms.katalon.core.webui.keyword.internal.WebUIKeywordMain$runKeyword.call(Unknown Source)
	at com.kms.katalon.core.webui.keyword.builtin.VerifyElementNotPresentKeyword.verifyElementNotPresent(VerifyElementNotPresentKeyword.groovy:117)
	at com.kms.katalon.core.webui.keyword.builtin.VerifyElementNotPresentKeyword.execute(VerifyElementNotPresentKeyword.groovy:68)
	at com.kms.katalon.core.keyword.internal.KeywordExecutor.executeKeywordForPlatform(KeywordExecutor.groovy:74)
	at com.kms.katalon.core.webui.keyword.WebUiBuiltInKeywords.verifyElementNotPresent(WebUiBuiltInKeywords.groovy:1481)
	at com.kms.katalon.core.webui.keyword.WebUiBuiltInKeywords$verifyElementNotPresent$8.call(Unknown Source)
	at GetBrokSumPriceDaily.run(GetBrokSumPriceDaily:414)
	at com.kms.katalon.core.main.ScriptEngine.run(ScriptEngine.java:194)
	at com.kms.katalon.core.main.ScriptEngine.runScriptAsRawText(ScriptEngine.java:119)
	at com.kms.katalon.core.main.TestCaseExecutor.runScript(TestCaseExecutor.java:445)
	at com.kms.katalon.core.main.TestCaseExecutor.doExecute(TestCaseExecutor.java:436)
	at com.kms.katalon.core.main.TestCaseExecutor.processExecutionPhase(TestCaseExecutor.java:415)
	at com.kms.katalon.core.main.TestCaseExecutor.accessMainPhase(TestCaseExecutor.java:407)
	at com.kms.katalon.core.main.TestCaseExecutor.execute(TestCaseExecutor.java:284)
	at com.kms.katalon.core.common.CommonExecutor.accessTestCaseMainPhase(CommonExecutor.java:65)
	at com.kms.katalon.core.main.TestSuiteExecutor.accessTestSuiteMainPhase(TestSuiteExecutor.java:144)
	at com.kms.katalon.core.main.TestSuiteExecutor.execute(TestSuiteExecutor.java:106)
	at com.kms.katalon.core.main.TestCaseMain.startTestSuite(TestCaseMain.java:185)
	at com.kms.katalon.core.main.TestCaseMain$startTestSuite$0.call(Unknown Source)
	at TempTestSuite1705920083951.run(TempTestSuite1705920083951.groovy:36)
)

2024-01-22 18:05:22 - [MESSAGE][WARNING] - Web element with id: 'Object Repository/Stockbit/Bandarmology_Seller3' located by 'By.xpath: //*[contains(@id, 'rc-tabs-')]/div[2]/div/div/div/div/div/div[2]/table/tbody/tr[4]/td[5]/p' is present after '1' second(s) (Root cause: com.kms.katalon.core.exception.StepFailedException: Web element with id: 'Object Repository/Stockbit/Bandarmology_Seller3' located by 'By.xpath: //*[contains(@id, 'rc-tabs-')]/div[2]/div/div/div/div/div/div[2]/table/tbody/tr[4]/td[5]/p' is present after '1' second(s)
	at com.kms.katalon.core.webui.keyword.internal.WebUIKeywordMain.stepFailed(WebUIKeywordMain.groovy:64)
	at com.kms.katalon.core.webui.keyword.internal.WebUIKeywordMain$stepFailed$0.call(Unknown Source)
	at com.kms.katalon.core.webui.keyword.builtin.VerifyElementNotPresentKeyword$_verifyElementNotPresent_closure1.doCall(VerifyElementNotPresentKeyword.groovy:106)
	at com.kms.katalon.core.webui.keyword.builtin.VerifyElementNotPresentKeyword$_verifyElementNotPresent_closure1.doCall(VerifyElementNotPresentKeyword.groovy)
	at com.kms.katalon.core.webui.keyword.internal.WebUIKeywordMain.runKeyword(WebUIKeywordMain.groovy:20)
	at com.kms.katalon.core.webui.keyword.internal.WebUIKeywordMain$runKeyword.call(Unknown Source)
	at com.kms.katalon.core.webui.keyword.builtin.VerifyElementNotPresentKeyword.verifyElementNotPresent(VerifyElementNotPresentKeyword.groovy:117)
	at com.kms.katalon.core.webui.keyword.builtin.VerifyElementNotPresentKeyword.execute(VerifyElementNotPresentKeyword.groovy:68)
	at com.kms.katalon.core.keyword.internal.KeywordExecutor.executeKeywordForPlatform(KeywordExecutor.groovy:74)
	at com.kms.katalon.core.webui.keyword.WebUiBuiltInKeywords.verifyElementNotPresent(WebUiBuiltInKeywords.groovy:1481)
	at com.kms.katalon.core.webui.keyword.WebUiBuiltInKeywords$verifyElementNotPresent$8.call(Unknown Source)
	at GetBrokSumPriceDaily.run(GetBrokSumPriceDaily:414)
	at com.kms.katalon.core.main.ScriptEngine.run(ScriptEngine.java:194)
	at com.kms.katalon.core.main.ScriptEngine.runScriptAsRawText(ScriptEngine.java:119)
	at com.kms.katalon.core.main.TestCaseExecutor.runScript(TestCaseExecutor.java:445)
	at com.kms.katalon.core.main.TestCaseExecutor.doExecute(TestCaseExecutor.java:436)
	at com.kms.katalon.core.main.TestCaseExecutor.processExecutionPhase(TestCaseExecutor.java:415)
	at com.kms.katalon.core.main.TestCaseExecutor.accessMainPhase(TestCaseExecutor.java:407)
	at com.kms.katalon.core.main.TestCaseExecutor.execute(TestCaseExecutor.java:284)
	at com.kms.katalon.core.common.CommonExecutor.accessTestCaseMainPhase(CommonExecutor.java:65)
	at com.kms.katalon.core.main.TestSuiteExecutor.accessTestSuiteMainPhase(TestSuiteExecutor.java:144)
	at com.kms.katalon.core.main.TestSuiteExecutor.execute(TestSuiteExecutor.java:106)
	at com.kms.katalon.core.main.TestCaseMain.startTestSuite(TestCaseMain.java:185)
	at com.kms.katalon.core.main.TestCaseMain$startTestSuite$0.call(Unknown Source)
	at TempTestSuite1705920083951.run(TempTestSuite1705920083951.groovy:36)
)
[[ATTACHMENT|C:\\Users\\Fadli\\git\\KatalonDailyGetData2\\Reports\\20240122_174123\\TS1\\20240122_174123\\1705921522529.png]]

2024-01-22 18:05:22 - [TEST_STEP][PASSED] - else: null

2024-01-22 18:05:22 - [TEST_STEP][PASSED] - strSeller3 = getText(findTestObject("Stockbit/Bandarmology_Seller3")): Text of object 'Object Repository/Stockbit/Bandarmology_Seller3' is: 'YJ'

2024-01-22 18:05:22 - [MESSAGE][PASSED] - Text of object 'Object Repository/Stockbit/Bandarmology_Seller3' is: 'YJ'

2024-01-22 18:05:22 - [TEST_STEP][PASSED] - strSellerVol3 = getText(findTestObject("Stockbit/Bandarmology_SellerVol3")): Text of object 'Object Repository/Stockbit/Bandarmology_SellerVol3' is: '19'

2024-01-22 18:05:23 - [MESSAGE][PASSED] - Text of object 'Object Repository/Stockbit/Bandarmology_SellerVol3' is: '19'

2024-01-22 18:05:23 - [TEST_STEP][PASSED] - strSellerAvg3 = getText(findTestObject("Stockbit/Bandarmology_SellerAvg3")): Text of object 'Object Repository/Stockbit/Bandarmology_SellerAvg3' is: '400'

2024-01-22 18:05:23 - [MESSAGE][PASSED] - Text of object 'Object Repository/Stockbit/Bandarmology_SellerAvg3' is: '400'

2024-01-22 18:05:23 - [TEST_STEP][PASSED] - if (strSeller3 != ""): null

2024-01-22 18:05:23 - [TEST_STEP][PASSED] - if (strSellerAvg3.contains(",")): null

2024-01-22 18:05:23 - [TEST_STEP][PASSED] - if (strSellerVol3.contains(" B")): null

2024-01-22 18:05:23 - [TEST_STEP][PASSED] - strAccDist = getText(findTestObject("Stockbit/Bandarmology_AccDist")): Text of object 'Object Repository/Stockbit/Bandarmology_AccDist' is: 'Dist'

2024-01-22 18:05:23 - [MESSAGE][PASSED] - Text of object 'Object Repository/Stockbit/Bandarmology_AccDist' is: 'Dist'

2024-01-22 18:05:23 - [TEST_STEP][PASSED] - strNetVol = getText(findTestObject("Stockbit/Bandarmology_NetVol")): Text of object 'Object Repository/Stockbit/Bandarmology_NetVol' is: '748'

2024-01-22 18:05:23 - [MESSAGE][PASSED] - Text of object 'Object Repository/Stockbit/Bandarmology_NetVol' is: '748'

2024-01-22 18:05:23 - [TEST_STEP][PASSED] - strNetVol = strNetVol.replace(",", ""): null

2024-01-22 18:05:23 - [TEST_STEP][PASSED] - strNetVal = getText(findTestObject("Stockbit/Bandarmology_NetVal")): Text of object 'Object Repository/Stockbit/Bandarmology_NetVal' is: '0 B'

2024-01-22 18:05:23 - [MESSAGE][PASSED] - Text of object 'Object Repository/Stockbit/Bandarmology_NetVal' is: '0 B'

2024-01-22 18:05:23 - [TEST_STEP][PASSED] - delay(3): Delayed 3 second(s)

2024-01-22 18:05:26 - [MESSAGE][PASSED] - Delayed 3 second(s)

2024-01-22 18:05:26 - [TEST_STEP][PASSED] - strOpenPrice = getText(findTestObject("Stockbit/Home_OpenPrice")): Text of object 'Object Repository/Stockbit/Home_OpenPrice' is: '396'

2024-01-22 18:05:26 - [MESSAGE][PASSED] - Text of object 'Object Repository/Stockbit/Home_OpenPrice' is: '396'

2024-01-22 18:05:26 - [TEST_STEP][PASSED] - strOpenPrice = strOpenPrice.replace(",", ""): null

2024-01-22 18:05:26 - [TEST_STEP][PASSED] - strLowPrice = getText(findTestObject("Stockbit/Home_LowPrice")): Text of object 'Object Repository/Stockbit/Home_LowPrice' is: '396'

2024-01-22 18:05:26 - [MESSAGE][PASSED] - Text of object 'Object Repository/Stockbit/Home_LowPrice' is: '396'

2024-01-22 18:05:26 - [TEST_STEP][PASSED] - strLowPrice = strLowPrice.replace(",", ""): null

2024-01-22 18:05:26 - [TEST_STEP][PASSED] - strHighPrice = getText(findTestObject("Stockbit/Home_HighPrice")): Text of object 'Object Repository/Stockbit/Home_HighPrice' is: '400'

2024-01-22 18:05:27 - [MESSAGE][PASSED] - Text of object 'Object Repository/Stockbit/Home_HighPrice' is: '400'

2024-01-22 18:05:27 - [TEST_STEP][PASSED] - strHighPrice = strHighPrice.replace(",", ""): null

2024-01-22 18:05:27 - [TEST_STEP][PASSED] - strClosePrice = getText(findTestObject("Stockbit/Home_ClosePrice")): Text of object 'Object Repository/Stockbit/Home_ClosePrice' is: '398'

2024-01-22 18:05:27 - [MESSAGE][PASSED] - Text of object 'Object Repository/Stockbit/Home_ClosePrice' is: '398'

2024-01-22 18:05:27 - [TEST_STEP][PASSED] - strClosePrice = strClosePrice.replace(",", ""): null

2024-01-22 18:05:27 - [TEST_STEP][PASSED] - strVol = getText(findTestObject("Stockbit/Home_Volume")): Text of object 'Object Repository/Stockbit/Home_Volume' is: '749'

2024-01-22 18:05:27 - [MESSAGE][PASSED] - Text of object 'Object Repository/Stockbit/Home_Volume' is: '749'

2024-01-22 18:05:27 - [TEST_STEP][PASSED] - if (strVol.contains(" K")): null

2024-01-22 18:05:27 - [TEST_STEP][PASSED] - if (strVol.contains(",")): null

2024-01-22 18:05:27 - [TEST_STEP][PASSED] - strChange = getText(findTestObject("Stockbit/Home_Change")): Text of object 'Object Repository/Stockbit/Home_Change' is: '-0.50%'

2024-01-22 18:05:27 - [MESSAGE][PASSED] - Text of object 'Object Repository/Stockbit/Home_Change' is: '-0.50%'

2024-01-22 18:05:27 - [TEST_STEP][PASSED] - strChange = strChange.replace("%", ""): null

2024-01-22 18:05:27 - [TEST_STEP][PASSED] - strFreq = getText(findTestObject("Stockbit/Home_Freq")): Text of object 'Object Repository/Stockbit/Home_Freq' is: '21'

2024-01-22 18:05:27 - [MESSAGE][PASSED] - Text of object 'Object Repository/Stockbit/Home_Freq' is: '21'

2024-01-22 18:05:27 - [TEST_STEP][PASSED] - if (strFreq.contains(",")): null

2024-01-22 18:05:27 - [TEST_STEP][PASSED] - if (strFreq == "NA" || strFreq == ""): null

2024-01-22 18:05:27 - [TEST_STEP][PASSED] - else: null

2024-01-22 18:05:27 - [TEST_STEP][PASSED] - dblFreqAnal = strVol.toDouble() / strFreq.toDouble() * strFreq.toDouble() * strFreq.toDouble() * 100000000: null

2024-01-22 18:05:27 - [TEST_STEP][PASSED] - strFreqAnal = String.format("%.4f", dblFreqAnal): null

2024-01-22 18:05:27 - [TEST_STEP][PASSED] - out.println("Double strFreqAnal: " + strFreqAnal): null

2024-01-22 18:05:27 - [TEST_STEP][PASSED] - strTanggal = d.format(DateTimeFormatter.ofPattern("yyyy-MM-dd")): null

2024-01-22 18:05:27 - [TEST_STEP][PASSED] - strTanggal = "#" + strTanggal + "#": null

2024-01-22 18:05:27 - [TEST_STEP][PASSED] - strSQL = "select count(*) as JumBaris from TblBrokSum where Nama = '" + strNama + "' and Tanggal = " + strTanggal + "": null

2024-01-22 18:05:27 - [TEST_STEP][PASSED] - resultSet = statement.executeQuery(strSQL): null

2024-01-22 18:05:27 - [TEST_STEP][PASSED] - resultSet.next(): null

2024-01-22 18:05:27 - [TEST_STEP][PASSED] - intJumBaris = resultSet.getInt("JumBaris"): null

2024-01-22 18:05:27 - [TEST_STEP][PASSED] - if (intJumBaris > 0): null

2024-01-22 18:05:27 - [TEST_STEP][PASSED] - else: null

2024-01-22 18:05:27 - [TEST_STEP][PASSED] - try: null

2024-01-22 18:05:27 - [TEST_STEP][PASSED] - out.println("Insert data"): null

2024-01-22 18:05:27 - [TEST_STEP][PASSED] - strSQL = "insert into TblBrokSum (nama, tanggal, top1, top2, top3, AllBrokAvg, AccDist, AvgRP, " + "Buyer1, BuyerVal1, BuyerAvg1, Seller1, SellerVal1, SellerAvg1, Buyer2, BuyerVal2, BuyerAvg2, " + "Seller2, SellerVal2, SellerAvg2, Buyer3, BuyerVal3, BuyerAvg3, Seller3, SellerVal3, SellerAvg3, NetVol, NetVal, " + "OpenPrice, LowPrice, HighPrice, ClosePrice, Volume, Change, Frekuensi, FrekAnal) " + "values ('" + strNama + "', " + strTanggal + ", '" + strTop1 + "', '" + strTop3 + "', '" + strTop5 + "', " + "'" + strAllBrokAvg + "', '" + strAccDist + "', " + intAvgRP + ", '" + strBuyer1 + "', '" + strBuyerVol1 + "', " + strBuyerAvg1 + ", " + "'" + strSeller1 + "', '" + strSellerVol1 + "', " + strSellerAvg1 + ", '" + strBuyer2 + "', '" + strBuyerVol2 + "', " + strBuyerAvg2 + ", " + "'" + strSeller2 + "', '" + strSellerVol2 + "', " + strSellerAvg2 + ", '" + strBuyer3 + "', '" + strBuyerVol3 + "', " + strBuyerAvg3 + ", " + "'" + strSeller3 + "', '" + strSellerVol3 + "', " + strSellerAvg3 + ", " + strNetVol + ", '" + strNetVal + "', " + "" + strOpenPrice + ", " + strLowPrice + ", " + strHighPrice + ", " + strClosePrice + ", '" + strVol + "', " + strChange + ", " + strFreq + ", " + strFreqAnal + ");": null

2024-01-22 18:05:27 - [TEST_STEP][PASSED] - out.println("strSQL = " + strSQL): null

2024-01-22 18:05:27 - [TEST_STEP][PASSED] - statement.executeUpdate(strSQL): null

2024-01-22 18:05:27 - [TEST_STEP][PASSED] - setValueToCellByIndex(sheet01, rowIndex, 4, "DONE"): null

2024-01-22 18:05:27 - [TEST_STEP][PASSED] - saveWorkbook(excelFilePath, workbook01): null

2024-01-22 18:05:27 - [TEST_STEP][PASSED] - waitForElementClickable(findTestObject("Stockbit/menu_Bandarmology"), 10): Object 'Object Repository/Stockbit/menu_Bandarmology' is clickable

2024-01-22 18:05:27 - [MESSAGE][PASSED] - Object 'Object Repository/Stockbit/menu_Bandarmology' is clickable

2024-01-22 18:05:27 - [TEST_STEP][PASSED] - click(findTestObject("Stockbit/menu_Bandarmology")): Object: 'Object Repository/Stockbit/menu_Bandarmology' is clicked on

2024-01-22 18:05:28 - [MESSAGE][PASSED] - Object: 'Object Repository/Stockbit/menu_Bandarmology' is clicked on

2024-01-22 18:05:28 - [TEST_STEP][PASSED] - strTemp = "NA": null

2024-01-22 18:05:28 - [TEST_STEP][PASSED] - if (getCellValueByIndex(sheet01, rowIndex, 4) != "DONE"): Object: 'Object Repository/Stockbit/menu_Bandarmology' is clicked on

2024-01-22 18:05:28 - [TEST_STEP][PASSED] - strNama = getCellValueByIndex(sheet01, rowIndex, 0): null

2024-01-22 18:05:28 - [TEST_STEP][PASSED] - navigateToUrl("https://stockbit.com/#/symbol/" + strNama): Navigate to 'https://stockbit.com/#/symbol/MLPL' successfully

2024-01-22 18:05:30 - [MESSAGE][PASSED] - Navigate to 'https://stockbit.com/#/symbol/MLPL' successfully

2024-01-22 18:05:30 - [TEST_STEP][PASSED] - waitForElementClickable(findTestObject("Stockbit/menu_Bandarmology"), 10): Object 'Object Repository/Stockbit/menu_Bandarmology' is clickable

2024-01-22 18:05:30 - [MESSAGE][PASSED] - Object 'Object Repository/Stockbit/menu_Bandarmology' is clickable

2024-01-22 18:05:30 - [TEST_STEP][PASSED] - click(findTestObject("Stockbit/menu_Bandarmology")): Object: 'Object Repository/Stockbit/menu_Bandarmology' is clicked on

2024-01-22 18:05:31 - [MESSAGE][PASSED] - Object: 'Object Repository/Stockbit/menu_Bandarmology' is clicked on

2024-01-22 18:05:31 - [TEST_STEP][PASSED] - strTanggal = d.format(DateTimeFormatter.ofPattern("MMM dd, yyyy")): null

2024-01-22 18:05:31 - [TEST_STEP][PASSED] - strTanggal = d.format(ISO_DATE): null

2024-01-22 18:05:31 - [TEST_STEP][PASSED] - out.println("strTanggal = " + strTanggal): null

2024-01-22 18:05:31 - [TEST_STEP][PASSED] - out.println("strNama = " + strNama): null

2024-01-22 18:05:31 - [TEST_STEP][PASSED] - out.println("Baris ke = " + rowIndex): null

2024-01-22 18:05:31 - [TEST_STEP][PASSED] - click(findTestObject("Stockbit/input__BandarmologyOpenStartDate")): Object: 'Object Repository/Stockbit/input__BandarmologyOpenStartDate' is clicked on

2024-01-22 18:05:33 - [MESSAGE][PASSED] - Object: 'Object Repository/Stockbit/input__BandarmologyOpenStartDate' is clicked on

2024-01-22 18:05:33 - [TEST_STEP][PASSED] - sendKeys(findTestObject("Stockbit/input__BandarmologyOpenStartDate"), Keys.chord(CONTROL, "a")): Keys 'CONTROL + a' sent to object: 'Object Repository/Stockbit/input__BandarmologyOpenStartDate'

2024-01-22 18:05:33 - [MESSAGE][PASSED] - Keys 'CONTROL + a' sent to object: 'Object Repository/Stockbit/input__BandarmologyOpenStartDate'

2024-01-22 18:05:33 - [TEST_STEP][PASSED] - sendKeys(findTestObject("Stockbit/input__BandarmologyOpenStartDate"), Keys.chord(BACK_SPACE)): Keys 'BACK_SPACE + ' sent to object: 'Object Repository/Stockbit/input__BandarmologyOpenStartDate'

2024-01-22 18:05:34 - [MESSAGE][PASSED] - Keys 'BACK_SPACE + ' sent to object: 'Object Repository/Stockbit/input__BandarmologyOpenStartDate'

2024-01-22 18:05:34 - [TEST_STEP][PASSED] - setText(findTestObject("Stockbit/input__BandarmologyOpenStartDate"), strTanggal): Text '2024-01-22' is set on object 'Object Repository/Stockbit/input__BandarmologyOpenStartDate'

2024-01-22 18:05:34 - [MESSAGE][PASSED] - Text '2024-01-22' is set on object 'Object Repository/Stockbit/input__BandarmologyOpenStartDate'

2024-01-22 18:05:34 - [TEST_STEP][PASSED] - sendKeys(findTestObject("Stockbit/input__BandarmologyOpenStartDate"), Keys.chord(ENTER)): Keys 'ENTER + ' sent to object: 'Object Repository/Stockbit/input__BandarmologyOpenStartDate'

2024-01-22 18:05:35 - [MESSAGE][PASSED] - Keys 'ENTER + ' sent to object: 'Object Repository/Stockbit/input__BandarmologyOpenStartDate'

2024-01-22 18:05:35 - [TEST_STEP][PASSED] - click(findTestObject("Stockbit/input__BandarmologyOpenEndDate")): Object: 'Object Repository/Stockbit/input__BandarmologyOpenEndDate' is clicked on

2024-01-22 18:05:35 - [MESSAGE][PASSED] - Object: 'Object Repository/Stockbit/input__BandarmologyOpenEndDate' is clicked on

2024-01-22 18:05:35 - [TEST_STEP][PASSED] - sendKeys(findTestObject("Stockbit/input__BandarmologyOpenEndDate"), Keys.chord(CONTROL, "a")): Keys 'CONTROL + a' sent to object: 'Object Repository/Stockbit/input__BandarmologyOpenEndDate'

2024-01-22 18:05:36 - [MESSAGE][PASSED] - Keys 'CONTROL + a' sent to object: 'Object Repository/Stockbit/input__BandarmologyOpenEndDate'

2024-01-22 18:05:36 - [TEST_STEP][PASSED] - sendKeys(findTestObject("Stockbit/input__BandarmologyOpenEndDate"), Keys.chord(BACK_SPACE)): Keys 'BACK_SPACE + ' sent to object: 'Object Repository/Stockbit/input__BandarmologyOpenEndDate'

2024-01-22 18:05:36 - [MESSAGE][PASSED] - Keys 'BACK_SPACE + ' sent to object: 'Object Repository/Stockbit/input__BandarmologyOpenEndDate'

2024-01-22 18:05:36 - [TEST_STEP][PASSED] - setText(findTestObject("Stockbit/input__BandarmologyOpenEndDate"), strTanggal): Text '2024-01-22' is set on object 'Object Repository/Stockbit/input__BandarmologyOpenEndDate'

2024-01-22 18:05:37 - [MESSAGE][PASSED] - Text '2024-01-22' is set on object 'Object Repository/Stockbit/input__BandarmologyOpenEndDate'

2024-01-22 18:05:37 - [TEST_STEP][PASSED] - sendKeys(findTestObject("Stockbit/input__BandarmologyOpenEndDate"), Keys.chord(ENTER)): Keys 'ENTER + ' sent to object: 'Object Repository/Stockbit/input__BandarmologyOpenEndDate'

2024-01-22 18:05:38 - [MESSAGE][PASSED] - Keys 'ENTER + ' sent to object: 'Object Repository/Stockbit/input__BandarmologyOpenEndDate'

2024-01-22 18:05:38 - [TEST_STEP][PASSED] - delay(2): Delayed 2 second(s)

2024-01-22 18:05:40 - [MESSAGE][PASSED] - Delayed 2 second(s)

2024-01-22 18:05:40 - [TEST_STEP][PASSED] - strTemp = getText(findTestObject("Stockbit/Bandarmology_AvgRP")): Text of object 'Object Repository/Stockbit/Bandarmology_AvgRP' is: '73'

2024-01-22 18:05:40 - [MESSAGE][PASSED] - Text of object 'Object Repository/Stockbit/Bandarmology_AvgRP' is: '73'

2024-01-22 18:05:40 - [TEST_STEP][PASSED] - out.println("Bandarmology_AvgRP = " + strTemp): null

2024-01-22 18:05:40 - [TEST_STEP][PASSED] - if (strTemp != "0"): null

2024-01-22 18:05:40 - [TEST_STEP][PASSED] - strTop1 = getText(findTestObject("Stockbit/Bandarmology_Top1")): Text of object 'Object Repository/Stockbit/Bandarmology_Top1' is: 'Big Acc'

2024-01-22 18:05:40 - [MESSAGE][PASSED] - Text of object 'Object Repository/Stockbit/Bandarmology_Top1' is: 'Big Acc'

2024-01-22 18:05:40 - [TEST_STEP][PASSED] - strTop3 = getText(findTestObject("Stockbit/Bandarmology_Top3")): Text of object 'Object Repository/Stockbit/Bandarmology_Top3' is: 'Big Acc'

2024-01-22 18:05:40 - [MESSAGE][PASSED] - Text of object 'Object Repository/Stockbit/Bandarmology_Top3' is: 'Big Acc'

2024-01-22 18:05:40 - [TEST_STEP][PASSED] - strTop5 = getText(findTestObject("Stockbit/Bandarmology_Top5")): Text of object 'Object Repository/Stockbit/Bandarmology_Top5' is: 'Big Acc'

2024-01-22 18:05:40 - [MESSAGE][PASSED] - Text of object 'Object Repository/Stockbit/Bandarmology_Top5' is: 'Big Acc'

2024-01-22 18:05:40 - [TEST_STEP][PASSED] - strAllBrokAvg = getText(findTestObject("Stockbit/Bandarmology_TopAVG")): Text of object 'Object Repository/Stockbit/Bandarmology_TopAVG' is: 'Big Acc'

2024-01-22 18:05:40 - [MESSAGE][PASSED] - Text of object 'Object Repository/Stockbit/Bandarmology_TopAVG' is: 'Big Acc'

2024-01-22 18:05:40 - [TEST_STEP][PASSED] - strTemp = getText(findTestObject("Stockbit/Bandarmology_AvgRP")): Text of object 'Object Repository/Stockbit/Bandarmology_AvgRP' is: '73'

2024-01-22 18:05:41 - [MESSAGE][PASSED] - Text of object 'Object Repository/Stockbit/Bandarmology_AvgRP' is: '73'

2024-01-22 18:05:41 - [TEST_STEP][PASSED] - if (strTemp.contains(",")): null

2024-01-22 18:05:41 - [TEST_STEP][PASSED] - intAvgRP = strTemp.toInteger(): null

2024-01-22 18:05:41 - [TEST_STEP][PASSED] - strBuyer1 = getText(findTestObject("Stockbit/Bandarmology_Buyer1")): Text of object 'Object Repository/Stockbit/Bandarmology_Buyer1' is: 'NI'

2024-01-22 18:05:41 - [MESSAGE][PASSED] - Text of object 'Object Repository/Stockbit/Bandarmology_Buyer1' is: 'NI'

2024-01-22 18:05:41 - [TEST_STEP][PASSED] - strBuyerVol1 = getText(findTestObject("Stockbit/Bandarmology_BuyerVol1")): Text of object 'Object Repository/Stockbit/Bandarmology_BuyerVol1' is: '99.7 K'

2024-01-22 18:05:41 - [MESSAGE][PASSED] - Text of object 'Object Repository/Stockbit/Bandarmology_BuyerVol1' is: '99.7 K'

2024-01-22 18:05:41 - [TEST_STEP][PASSED] - strBuyerAvg1 = getText(findTestObject("Stockbit/Bandarmology_BuyerAvg1")): Text of object 'Object Repository/Stockbit/Bandarmology_BuyerAvg1' is: '73'

2024-01-22 18:05:41 - [MESSAGE][PASSED] - Text of object 'Object Repository/Stockbit/Bandarmology_BuyerAvg1' is: '73'

2024-01-22 18:05:41 - [TEST_STEP][PASSED] - if (strBuyerAvg1.contains(",")): null

2024-01-22 18:05:41 - [TEST_STEP][PASSED] - if (strBuyerVol1.contains(" B")): null

2024-01-22 18:05:41 - [TEST_STEP][PASSED] - else if (strBuyerVol1.contains(" M")): null

2024-01-22 18:05:41 - [TEST_STEP][PASSED] - else if (strBuyerVol1.contains(" K")): null

2024-01-22 18:05:41 - [TEST_STEP][PASSED] - strBuyerVol1 = strBuyerVol1.replace(" K", ""): null

2024-01-22 18:05:41 - [TEST_STEP][PASSED] - strBuyerVol1 = strBuyerVol1.toDouble() * 1000: null

2024-01-22 18:05:41 - [TEST_STEP][PASSED] - strSeller1 = getText(findTestObject("Stockbit/Bandarmology_Seller1")): Text of object 'Object Repository/Stockbit/Bandarmology_Seller1' is: 'GR'

2024-01-22 18:05:41 - [MESSAGE][PASSED] - Text of object 'Object Repository/Stockbit/Bandarmology_Seller1' is: 'GR'

2024-01-22 18:05:41 - [TEST_STEP][PASSED] - strSellerVol1 = getText(findTestObject("Stockbit/Bandarmology_SellerVol1")): Text of object 'Object Repository/Stockbit/Bandarmology_SellerVol1' is: '40.1 K'

2024-01-22 18:05:41 - [MESSAGE][PASSED] - Text of object 'Object Repository/Stockbit/Bandarmology_SellerVol1' is: '40.1 K'

2024-01-22 18:05:41 - [TEST_STEP][PASSED] - strSellerAvg1 = getText(findTestObject("Stockbit/Bandarmology_SellerAvg1")): Text of object 'Object Repository/Stockbit/Bandarmology_SellerAvg1' is: '72'

2024-01-22 18:05:42 - [MESSAGE][PASSED] - Text of object 'Object Repository/Stockbit/Bandarmology_SellerAvg1' is: '72'

2024-01-22 18:05:42 - [TEST_STEP][PASSED] - if (strSellerAvg1.contains(",")): null

2024-01-22 18:05:42 - [TEST_STEP][PASSED] - if (strSellerVol1.contains(" B")): null

2024-01-22 18:05:42 - [TEST_STEP][PASSED] - else if (strSellerVol1.contains(" M")): null

2024-01-22 18:05:42 - [TEST_STEP][PASSED] - else if (strSellerVol1.contains(" K")): null

2024-01-22 18:05:42 - [TEST_STEP][PASSED] - strSellerVol1 = strSellerVol1.replace(" K", ""): null

2024-01-22 18:05:42 - [TEST_STEP][PASSED] - strSellerVol1 = strSellerVol1.toDouble() * 1000: null

2024-01-22 18:05:42 - [TEST_STEP][PASSED] - if (verifyElementNotPresent(findTestObject("Stockbit/Bandarmology_Buyer2"), 1, OPTIONAL)): Web element with id: 'Object Repository/Stockbit/Bandarmology_Buyer2' located by 'By.xpath: //*[contains(@id, 'rc-tabs-')]/div[2]/div/div/div/div/div/div[2]/table/tbody/tr[3]/td[1]/p' is present after '1' second(s) (Root cause: com.kms.katalon.core.exception.StepFailedException: Web element with id: 'Object Repository/Stockbit/Bandarmology_Buyer2' located by 'By.xpath: //*[contains(@id, 'rc-tabs-')]/div[2]/div/div/div/div/div/div[2]/table/tbody/tr[3]/td[1]/p' is present after '1' second(s)
	at com.kms.katalon.core.webui.keyword.internal.WebUIKeywordMain.stepFailed(WebUIKeywordMain.groovy:64)
	at com.kms.katalon.core.webui.keyword.internal.WebUIKeywordMain$stepFailed$0.call(Unknown Source)
	at com.kms.katalon.core.webui.keyword.builtin.VerifyElementNotPresentKeyword$_verifyElementNotPresent_closure1.doCall(VerifyElementNotPresentKeyword.groovy:106)
	at com.kms.katalon.core.webui.keyword.builtin.VerifyElementNotPresentKeyword$_verifyElementNotPresent_closure1.doCall(VerifyElementNotPresentKeyword.groovy)
	at com.kms.katalon.core.webui.keyword.internal.WebUIKeywordMain.runKeyword(WebUIKeywordMain.groovy:20)
	at com.kms.katalon.core.webui.keyword.internal.WebUIKeywordMain$runKeyword.call(Unknown Source)
	at com.kms.katalon.core.webui.keyword.builtin.VerifyElementNotPresentKeyword.verifyElementNotPresent(VerifyElementNotPresentKeyword.groovy:117)
	at com.kms.katalon.core.webui.keyword.builtin.VerifyElementNotPresentKeyword.execute(VerifyElementNotPresentKeyword.groovy:68)
	at com.kms.katalon.core.keyword.internal.KeywordExecutor.executeKeywordForPlatform(KeywordExecutor.groovy:74)
	at com.kms.katalon.core.webui.keyword.WebUiBuiltInKeywords.verifyElementNotPresent(WebUiBuiltInKeywords.groovy:1481)
	at com.kms.katalon.core.webui.keyword.WebUiBuiltInKeywords$verifyElementNotPresent$8.call(Unknown Source)
	at GetBrokSumPriceDaily.run(GetBrokSumPriceDaily:258)
	at com.kms.katalon.core.main.ScriptEngine.run(ScriptEngine.java:194)
	at com.kms.katalon.core.main.ScriptEngine.runScriptAsRawText(ScriptEngine.java:119)
	at com.kms.katalon.core.main.TestCaseExecutor.runScript(TestCaseExecutor.java:445)
	at com.kms.katalon.core.main.TestCaseExecutor.doExecute(TestCaseExecutor.java:436)
	at com.kms.katalon.core.main.TestCaseExecutor.processExecutionPhase(TestCaseExecutor.java:415)
	at com.kms.katalon.core.main.TestCaseExecutor.accessMainPhase(TestCaseExecutor.java:407)
	at com.kms.katalon.core.main.TestCaseExecutor.execute(TestCaseExecutor.java:284)
	at com.kms.katalon.core.common.CommonExecutor.accessTestCaseMainPhase(CommonExecutor.java:65)
	at com.kms.katalon.core.main.TestSuiteExecutor.accessTestSuiteMainPhase(TestSuiteExecutor.java:144)
	at com.kms.katalon.core.main.TestSuiteExecutor.execute(TestSuiteExecutor.java:106)
	at com.kms.katalon.core.main.TestCaseMain.startTestSuite(TestCaseMain.java:185)
	at com.kms.katalon.core.main.TestCaseMain$startTestSuite$0.call(Unknown Source)
	at TempTestSuite1705920083951.run(TempTestSuite1705920083951.groovy:36)
)

2024-01-22 18:05:43 - [MESSAGE][WARNING] - Web element with id: 'Object Repository/Stockbit/Bandarmology_Buyer2' located by 'By.xpath: //*[contains(@id, 'rc-tabs-')]/div[2]/div/div/div/div/div/div[2]/table/tbody/tr[3]/td[1]/p' is present after '1' second(s) (Root cause: com.kms.katalon.core.exception.StepFailedException: Web element with id: 'Object Repository/Stockbit/Bandarmology_Buyer2' located by 'By.xpath: //*[contains(@id, 'rc-tabs-')]/div[2]/div/div/div/div/div/div[2]/table/tbody/tr[3]/td[1]/p' is present after '1' second(s)
	at com.kms.katalon.core.webui.keyword.internal.WebUIKeywordMain.stepFailed(WebUIKeywordMain.groovy:64)
	at com.kms.katalon.core.webui.keyword.internal.WebUIKeywordMain$stepFailed$0.call(Unknown Source)
	at com.kms.katalon.core.webui.keyword.builtin.VerifyElementNotPresentKeyword$_verifyElementNotPresent_closure1.doCall(VerifyElementNotPresentKeyword.groovy:106)
	at com.kms.katalon.core.webui.keyword.builtin.VerifyElementNotPresentKeyword$_verifyElementNotPresent_closure1.doCall(VerifyElementNotPresentKeyword.groovy)
	at com.kms.katalon.core.webui.keyword.internal.WebUIKeywordMain.runKeyword(WebUIKeywordMain.groovy:20)
	at com.kms.katalon.core.webui.keyword.internal.WebUIKeywordMain$runKeyword.call(Unknown Source)
	at com.kms.katalon.core.webui.keyword.builtin.VerifyElementNotPresentKeyword.verifyElementNotPresent(VerifyElementNotPresentKeyword.groovy:117)
	at com.kms.katalon.core.webui.keyword.builtin.VerifyElementNotPresentKeyword.execute(VerifyElementNotPresentKeyword.groovy:68)
	at com.kms.katalon.core.keyword.internal.KeywordExecutor.executeKeywordForPlatform(KeywordExecutor.groovy:74)
	at com.kms.katalon.core.webui.keyword.WebUiBuiltInKeywords.verifyElementNotPresent(WebUiBuiltInKeywords.groovy:1481)
	at com.kms.katalon.core.webui.keyword.WebUiBuiltInKeywords$verifyElementNotPresent$8.call(Unknown Source)
	at GetBrokSumPriceDaily.run(GetBrokSumPriceDaily:258)
	at com.kms.katalon.core.main.ScriptEngine.run(ScriptEngine.java:194)
	at com.kms.katalon.core.main.ScriptEngine.runScriptAsRawText(ScriptEngine.java:119)
	at com.kms.katalon.core.main.TestCaseExecutor.runScript(TestCaseExecutor.java:445)
	at com.kms.katalon.core.main.TestCaseExecutor.doExecute(TestCaseExecutor.java:436)
	at com.kms.katalon.core.main.TestCaseExecutor.processExecutionPhase(TestCaseExecutor.java:415)
	at com.kms.katalon.core.main.TestCaseExecutor.accessMainPhase(TestCaseExecutor.java:407)
	at com.kms.katalon.core.main.TestCaseExecutor.execute(TestCaseExecutor.java:284)
	at com.kms.katalon.core.common.CommonExecutor.accessTestCaseMainPhase(CommonExecutor.java:65)
	at com.kms.katalon.core.main.TestSuiteExecutor.accessTestSuiteMainPhase(TestSuiteExecutor.java:144)
	at com.kms.katalon.core.main.TestSuiteExecutor.execute(TestSuiteExecutor.java:106)
	at com.kms.katalon.core.main.TestCaseMain.startTestSuite(TestCaseMain.java:185)
	at com.kms.katalon.core.main.TestCaseMain$startTestSuite$0.call(Unknown Source)
	at TempTestSuite1705920083951.run(TempTestSuite1705920083951.groovy:36)
)
[[ATTACHMENT|C:\\Users\\Fadli\\git\\KatalonDailyGetData2\\Reports\\20240122_174123\\TS1\\20240122_174123\\1705921543238.png]]

2024-01-22 18:05:43 - [TEST_STEP][PASSED] - else: null

2024-01-22 18:05:43 - [TEST_STEP][PASSED] - strBuyer2 = getText(findTestObject("Stockbit/Bandarmology_Buyer2")): Text of object 'Object Repository/Stockbit/Bandarmology_Buyer2' is: 'YP'

2024-01-22 18:05:43 - [MESSAGE][PASSED] - Text of object 'Object Repository/Stockbit/Bandarmology_Buyer2' is: 'YP'

2024-01-22 18:05:43 - [TEST_STEP][PASSED] - strBuyerVol2 = getText(findTestObject("Stockbit/Bandarmology_BuyerVol2")): Text of object 'Object Repository/Stockbit/Bandarmology_BuyerVol2' is: '1.3 K'

2024-01-22 18:05:43 - [MESSAGE][PASSED] - Text of object 'Object Repository/Stockbit/Bandarmology_BuyerVol2' is: '1.3 K'

2024-01-22 18:05:43 - [TEST_STEP][PASSED] - strBuyerAvg2 = getText(findTestObject("Stockbit/Bandarmology_BuyerAvg2")): Text of object 'Object Repository/Stockbit/Bandarmology_BuyerAvg2' is: '71'

2024-01-22 18:05:43 - [MESSAGE][PASSED] - Text of object 'Object Repository/Stockbit/Bandarmology_BuyerAvg2' is: '71'

2024-01-22 18:05:43 - [TEST_STEP][PASSED] - if (strBuyer2 != ""): null

2024-01-22 18:05:43 - [TEST_STEP][PASSED] - if (strBuyerAvg2.contains(",")): null

2024-01-22 18:05:43 - [TEST_STEP][PASSED] - if (strBuyerVol2.contains(" B")): null

2024-01-22 18:05:43 - [TEST_STEP][PASSED] - else if (strBuyerVol2.contains(" M")): null

2024-01-22 18:05:43 - [TEST_STEP][PASSED] - else if (strBuyerVol2.contains(" K")): null

2024-01-22 18:05:43 - [TEST_STEP][PASSED] - strBuyerVol2 = strBuyerVol2.replace(" K", ""): null

2024-01-22 18:05:43 - [TEST_STEP][PASSED] - strBuyerVol2 = strBuyerVol2.toDouble() * 1000: null

2024-01-22 18:05:43 - [TEST_STEP][PASSED] - if (strBuyerVol2.contains(".")): null

2024-01-22 18:05:43 - [TEST_STEP][PASSED] - strBuyerVal2 = strBuyerVol2.replace(".", ""): null

2024-01-22 18:05:43 - [TEST_STEP][PASSED] - if (verifyElementNotPresent(findTestObject("Stockbit/Bandarmology_Seller2"), 1, OPTIONAL)): Web element with id: 'Object Repository/Stockbit/Bandarmology_Seller2' located by 'By.xpath: //*[contains(@id, 'rc-tabs-')]/div[2]/div/div/div/div/div/div[2]/table/tbody/tr[3]/td[5]/p' is present after '1' second(s) (Root cause: com.kms.katalon.core.exception.StepFailedException: Web element with id: 'Object Repository/Stockbit/Bandarmology_Seller2' located by 'By.xpath: //*[contains(@id, 'rc-tabs-')]/div[2]/div/div/div/div/div/div[2]/table/tbody/tr[3]/td[5]/p' is present after '1' second(s)
	at com.kms.katalon.core.webui.keyword.internal.WebUIKeywordMain.stepFailed(WebUIKeywordMain.groovy:64)
	at com.kms.katalon.core.webui.keyword.internal.WebUIKeywordMain$stepFailed$0.call(Unknown Source)
	at com.kms.katalon.core.webui.keyword.builtin.VerifyElementNotPresentKeyword$_verifyElementNotPresent_closure1.doCall(VerifyElementNotPresentKeyword.groovy:106)
	at com.kms.katalon.core.webui.keyword.builtin.VerifyElementNotPresentKeyword$_verifyElementNotPresent_closure1.doCall(VerifyElementNotPresentKeyword.groovy)
	at com.kms.katalon.core.webui.keyword.internal.WebUIKeywordMain.runKeyword(WebUIKeywordMain.groovy:20)
	at com.kms.katalon.core.webui.keyword.internal.WebUIKeywordMain$runKeyword.call(Unknown Source)
	at com.kms.katalon.core.webui.keyword.builtin.VerifyElementNotPresentKeyword.verifyElementNotPresent(VerifyElementNotPresentKeyword.groovy:117)
	at com.kms.katalon.core.webui.keyword.builtin.VerifyElementNotPresentKeyword.execute(VerifyElementNotPresentKeyword.groovy:68)
	at com.kms.katalon.core.keyword.internal.KeywordExecutor.executeKeywordForPlatform(KeywordExecutor.groovy:74)
	at com.kms.katalon.core.webui.keyword.WebUiBuiltInKeywords.verifyElementNotPresent(WebUiBuiltInKeywords.groovy:1481)
	at com.kms.katalon.core.webui.keyword.WebUiBuiltInKeywords$verifyElementNotPresent$8.call(Unknown Source)
	at GetBrokSumPriceDaily.run(GetBrokSumPriceDaily:309)
	at com.kms.katalon.core.main.ScriptEngine.run(ScriptEngine.java:194)
	at com.kms.katalon.core.main.ScriptEngine.runScriptAsRawText(ScriptEngine.java:119)
	at com.kms.katalon.core.main.TestCaseExecutor.runScript(TestCaseExecutor.java:445)
	at com.kms.katalon.core.main.TestCaseExecutor.doExecute(TestCaseExecutor.java:436)
	at com.kms.katalon.core.main.TestCaseExecutor.processExecutionPhase(TestCaseExecutor.java:415)
	at com.kms.katalon.core.main.TestCaseExecutor.accessMainPhase(TestCaseExecutor.java:407)
	at com.kms.katalon.core.main.TestCaseExecutor.execute(TestCaseExecutor.java:284)
	at com.kms.katalon.core.common.CommonExecutor.accessTestCaseMainPhase(CommonExecutor.java:65)
	at com.kms.katalon.core.main.TestSuiteExecutor.accessTestSuiteMainPhase(TestSuiteExecutor.java:144)
	at com.kms.katalon.core.main.TestSuiteExecutor.execute(TestSuiteExecutor.java:106)
	at com.kms.katalon.core.main.TestCaseMain.startTestSuite(TestCaseMain.java:185)
	at com.kms.katalon.core.main.TestCaseMain$startTestSuite$0.call(Unknown Source)
	at TempTestSuite1705920083951.run(TempTestSuite1705920083951.groovy:36)
)

2024-01-22 18:05:45 - [MESSAGE][WARNING] - Web element with id: 'Object Repository/Stockbit/Bandarmology_Seller2' located by 'By.xpath: //*[contains(@id, 'rc-tabs-')]/div[2]/div/div/div/div/div/div[2]/table/tbody/tr[3]/td[5]/p' is present after '1' second(s) (Root cause: com.kms.katalon.core.exception.StepFailedException: Web element with id: 'Object Repository/Stockbit/Bandarmology_Seller2' located by 'By.xpath: //*[contains(@id, 'rc-tabs-')]/div[2]/div/div/div/div/div/div[2]/table/tbody/tr[3]/td[5]/p' is present after '1' second(s)
	at com.kms.katalon.core.webui.keyword.internal.WebUIKeywordMain.stepFailed(WebUIKeywordMain.groovy:64)
	at com.kms.katalon.core.webui.keyword.internal.WebUIKeywordMain$stepFailed$0.call(Unknown Source)
	at com.kms.katalon.core.webui.keyword.builtin.VerifyElementNotPresentKeyword$_verifyElementNotPresent_closure1.doCall(VerifyElementNotPresentKeyword.groovy:106)
	at com.kms.katalon.core.webui.keyword.builtin.VerifyElementNotPresentKeyword$_verifyElementNotPresent_closure1.doCall(VerifyElementNotPresentKeyword.groovy)
	at com.kms.katalon.core.webui.keyword.internal.WebUIKeywordMain.runKeyword(WebUIKeywordMain.groovy:20)
	at com.kms.katalon.core.webui.keyword.internal.WebUIKeywordMain$runKeyword.call(Unknown Source)
	at com.kms.katalon.core.webui.keyword.builtin.VerifyElementNotPresentKeyword.verifyElementNotPresent(VerifyElementNotPresentKeyword.groovy:117)
	at com.kms.katalon.core.webui.keyword.builtin.VerifyElementNotPresentKeyword.execute(VerifyElementNotPresentKeyword.groovy:68)
	at com.kms.katalon.core.keyword.internal.KeywordExecutor.executeKeywordForPlatform(KeywordExecutor.groovy:74)
	at com.kms.katalon.core.webui.keyword.WebUiBuiltInKeywords.verifyElementNotPresent(WebUiBuiltInKeywords.groovy:1481)
	at com.kms.katalon.core.webui.keyword.WebUiBuiltInKeywords$verifyElementNotPresent$8.call(Unknown Source)
	at GetBrokSumPriceDaily.run(GetBrokSumPriceDaily:309)
	at com.kms.katalon.core.main.ScriptEngine.run(ScriptEngine.java:194)
	at com.kms.katalon.core.main.ScriptEngine.runScriptAsRawText(ScriptEngine.java:119)
	at com.kms.katalon.core.main.TestCaseExecutor.runScript(TestCaseExecutor.java:445)
	at com.kms.katalon.core.main.TestCaseExecutor.doExecute(TestCaseExecutor.java:436)
	at com.kms.katalon.core.main.TestCaseExecutor.processExecutionPhase(TestCaseExecutor.java:415)
	at com.kms.katalon.core.main.TestCaseExecutor.accessMainPhase(TestCaseExecutor.java:407)
	at com.kms.katalon.core.main.TestCaseExecutor.execute(TestCaseExecutor.java:284)
	at com.kms.katalon.core.common.CommonExecutor.accessTestCaseMainPhase(CommonExecutor.java:65)
	at com.kms.katalon.core.main.TestSuiteExecutor.accessTestSuiteMainPhase(TestSuiteExecutor.java:144)
	at com.kms.katalon.core.main.TestSuiteExecutor.execute(TestSuiteExecutor.java:106)
	at com.kms.katalon.core.main.TestCaseMain.startTestSuite(TestCaseMain.java:185)
	at com.kms.katalon.core.main.TestCaseMain$startTestSuite$0.call(Unknown Source)
	at TempTestSuite1705920083951.run(TempTestSuite1705920083951.groovy:36)
)
[[ATTACHMENT|C:\\Users\\Fadli\\git\\KatalonDailyGetData2\\Reports\\20240122_174123\\TS1\\20240122_174123\\1705921545116.png]]

2024-01-22 18:05:45 - [TEST_STEP][PASSED] - else: null

2024-01-22 18:05:45 - [TEST_STEP][PASSED] - strSeller2 = getText(findTestObject("Stockbit/Bandarmology_Seller2")): Text of object 'Object Repository/Stockbit/Bandarmology_Seller2' is: 'PD'

2024-01-22 18:05:45 - [MESSAGE][PASSED] - Text of object 'Object Repository/Stockbit/Bandarmology_Seller2' is: 'PD'

2024-01-22 18:05:45 - [TEST_STEP][PASSED] - strSellerVol2 = getText(findTestObject("Stockbit/Bandarmology_SellerVol2")): Text of object 'Object Repository/Stockbit/Bandarmology_SellerVol2' is: '13.4 K'

2024-01-22 18:05:45 - [MESSAGE][PASSED] - Text of object 'Object Repository/Stockbit/Bandarmology_SellerVol2' is: '13.4 K'

2024-01-22 18:05:45 - [TEST_STEP][PASSED] - strSellerAvg2 = getText(findTestObject("Stockbit/Bandarmology_SellerAvg2")): Text of object 'Object Repository/Stockbit/Bandarmology_SellerAvg2' is: '72'

2024-01-22 18:05:45 - [MESSAGE][PASSED] - Text of object 'Object Repository/Stockbit/Bandarmology_SellerAvg2' is: '72'

2024-01-22 18:05:45 - [TEST_STEP][PASSED] - if (strSeller2 != ""): null

2024-01-22 18:05:45 - [TEST_STEP][PASSED] - if (strSellerAvg2.contains(",")): null

2024-01-22 18:05:45 - [TEST_STEP][PASSED] - if (strSellerVol2.contains(" B")): null

2024-01-22 18:05:45 - [TEST_STEP][PASSED] - else if (strSellerVol2.contains(" M")): null

2024-01-22 18:05:45 - [TEST_STEP][PASSED] - else if (strSellerVol2.contains(" K")): null

2024-01-22 18:05:45 - [TEST_STEP][PASSED] - strSellerVol2 = strSellerVol2.replace(" K", ""): null

2024-01-22 18:05:45 - [TEST_STEP][PASSED] - strSellerVol2 = strSellerVol2.toDouble() * 1000: null

2024-01-22 18:05:45 - [TEST_STEP][PASSED] - if (verifyElementNotPresent(findTestObject("Stockbit/Bandarmology_Buyer3"), 1, OPTIONAL)): Web element with id: 'Object Repository/Stockbit/Bandarmology_Buyer3' located by 'By.xpath: //*[contains(@id, 'rc-tabs-')]/div[2]/div/div/div/div/div/div[2]/table/tbody/tr[4]/td[1]/p' is present after '1' second(s) (Root cause: com.kms.katalon.core.exception.StepFailedException: Web element with id: 'Object Repository/Stockbit/Bandarmology_Buyer3' located by 'By.xpath: //*[contains(@id, 'rc-tabs-')]/div[2]/div/div/div/div/div/div[2]/table/tbody/tr[4]/td[1]/p' is present after '1' second(s)
	at com.kms.katalon.core.webui.keyword.internal.WebUIKeywordMain.stepFailed(WebUIKeywordMain.groovy:64)
	at com.kms.katalon.core.webui.keyword.internal.WebUIKeywordMain$stepFailed$0.call(Unknown Source)
	at com.kms.katalon.core.webui.keyword.builtin.VerifyElementNotPresentKeyword$_verifyElementNotPresent_closure1.doCall(VerifyElementNotPresentKeyword.groovy:106)
	at com.kms.katalon.core.webui.keyword.builtin.VerifyElementNotPresentKeyword$_verifyElementNotPresent_closure1.doCall(VerifyElementNotPresentKeyword.groovy)
	at com.kms.katalon.core.webui.keyword.internal.WebUIKeywordMain.runKeyword(WebUIKeywordMain.groovy:20)
	at com.kms.katalon.core.webui.keyword.internal.WebUIKeywordMain$runKeyword.call(Unknown Source)
	at com.kms.katalon.core.webui.keyword.builtin.VerifyElementNotPresentKeyword.verifyElementNotPresent(VerifyElementNotPresentKeyword.groovy:117)
	at com.kms.katalon.core.webui.keyword.builtin.VerifyElementNotPresentKeyword.execute(VerifyElementNotPresentKeyword.groovy:68)
	at com.kms.katalon.core.keyword.internal.KeywordExecutor.executeKeywordForPlatform(KeywordExecutor.groovy:74)
	at com.kms.katalon.core.webui.keyword.WebUiBuiltInKeywords.verifyElementNotPresent(WebUiBuiltInKeywords.groovy:1481)
	at com.kms.katalon.core.webui.keyword.WebUiBuiltInKeywords$verifyElementNotPresent$8.call(Unknown Source)
	at GetBrokSumPriceDaily.run(GetBrokSumPriceDaily:361)
	at com.kms.katalon.core.main.ScriptEngine.run(ScriptEngine.java:194)
	at com.kms.katalon.core.main.ScriptEngine.runScriptAsRawText(ScriptEngine.java:119)
	at com.kms.katalon.core.main.TestCaseExecutor.runScript(TestCaseExecutor.java:445)
	at com.kms.katalon.core.main.TestCaseExecutor.doExecute(TestCaseExecutor.java:436)
	at com.kms.katalon.core.main.TestCaseExecutor.processExecutionPhase(TestCaseExecutor.java:415)
	at com.kms.katalon.core.main.TestCaseExecutor.accessMainPhase(TestCaseExecutor.java:407)
	at com.kms.katalon.core.main.TestCaseExecutor.execute(TestCaseExecutor.java:284)
	at com.kms.katalon.core.common.CommonExecutor.accessTestCaseMainPhase(CommonExecutor.java:65)
	at com.kms.katalon.core.main.TestSuiteExecutor.accessTestSuiteMainPhase(TestSuiteExecutor.java:144)
	at com.kms.katalon.core.main.TestSuiteExecutor.execute(TestSuiteExecutor.java:106)
	at com.kms.katalon.core.main.TestCaseMain.startTestSuite(TestCaseMain.java:185)
	at com.kms.katalon.core.main.TestCaseMain$startTestSuite$0.call(Unknown Source)
	at TempTestSuite1705920083951.run(TempTestSuite1705920083951.groovy:36)
)

2024-01-22 18:05:47 - [MESSAGE][WARNING] - Web element with id: 'Object Repository/Stockbit/Bandarmology_Buyer3' located by 'By.xpath: //*[contains(@id, 'rc-tabs-')]/div[2]/div/div/div/div/div/div[2]/table/tbody/tr[4]/td[1]/p' is present after '1' second(s) (Root cause: com.kms.katalon.core.exception.StepFailedException: Web element with id: 'Object Repository/Stockbit/Bandarmology_Buyer3' located by 'By.xpath: //*[contains(@id, 'rc-tabs-')]/div[2]/div/div/div/div/div/div[2]/table/tbody/tr[4]/td[1]/p' is present after '1' second(s)
	at com.kms.katalon.core.webui.keyword.internal.WebUIKeywordMain.stepFailed(WebUIKeywordMain.groovy:64)
	at com.kms.katalon.core.webui.keyword.internal.WebUIKeywordMain$stepFailed$0.call(Unknown Source)
	at com.kms.katalon.core.webui.keyword.builtin.VerifyElementNotPresentKeyword$_verifyElementNotPresent_closure1.doCall(VerifyElementNotPresentKeyword.groovy:106)
	at com.kms.katalon.core.webui.keyword.builtin.VerifyElementNotPresentKeyword$_verifyElementNotPresent_closure1.doCall(VerifyElementNotPresentKeyword.groovy)
	at com.kms.katalon.core.webui.keyword.internal.WebUIKeywordMain.runKeyword(WebUIKeywordMain.groovy:20)
	at com.kms.katalon.core.webui.keyword.internal.WebUIKeywordMain$runKeyword.call(Unknown Source)
	at com.kms.katalon.core.webui.keyword.builtin.VerifyElementNotPresentKeyword.verifyElementNotPresent(VerifyElementNotPresentKeyword.groovy:117)
	at com.kms.katalon.core.webui.keyword.builtin.VerifyElementNotPresentKeyword.execute(VerifyElementNotPresentKeyword.groovy:68)
	at com.kms.katalon.core.keyword.internal.KeywordExecutor.executeKeywordForPlatform(KeywordExecutor.groovy:74)
	at com.kms.katalon.core.webui.keyword.WebUiBuiltInKeywords.verifyElementNotPresent(WebUiBuiltInKeywords.groovy:1481)
	at com.kms.katalon.core.webui.keyword.WebUiBuiltInKeywords$verifyElementNotPresent$8.call(Unknown Source)
	at GetBrokSumPriceDaily.run(GetBrokSumPriceDaily:361)
	at com.kms.katalon.core.main.ScriptEngine.run(ScriptEngine.java:194)
	at com.kms.katalon.core.main.ScriptEngine.runScriptAsRawText(ScriptEngine.java:119)
	at com.kms.katalon.core.main.TestCaseExecutor.runScript(TestCaseExecutor.java:445)
	at com.kms.katalon.core.main.TestCaseExecutor.doExecute(TestCaseExecutor.java:436)
	at com.kms.katalon.core.main.TestCaseExecutor.processExecutionPhase(TestCaseExecutor.java:415)
	at com.kms.katalon.core.main.TestCaseExecutor.accessMainPhase(TestCaseExecutor.java:407)
	at com.kms.katalon.core.main.TestCaseExecutor.execute(TestCaseExecutor.java:284)
	at com.kms.katalon.core.common.CommonExecutor.accessTestCaseMainPhase(CommonExecutor.java:65)
	at com.kms.katalon.core.main.TestSuiteExecutor.accessTestSuiteMainPhase(TestSuiteExecutor.java:144)
	at com.kms.katalon.core.main.TestSuiteExecutor.execute(TestSuiteExecutor.java:106)
	at com.kms.katalon.core.main.TestCaseMain.startTestSuite(TestCaseMain.java:185)
	at com.kms.katalon.core.main.TestCaseMain$startTestSuite$0.call(Unknown Source)
	at TempTestSuite1705920083951.run(TempTestSuite1705920083951.groovy:36)
)
[[ATTACHMENT|C:\\Users\\Fadli\\git\\KatalonDailyGetData2\\Reports\\20240122_174123\\TS1\\20240122_174123\\1705921547046.png]]

2024-01-22 18:05:47 - [TEST_STEP][PASSED] - else: null

2024-01-22 18:05:47 - [TEST_STEP][PASSED] - strBuyer3 = getText(findTestObject("Stockbit/Bandarmology_Buyer3")): Text of object 'Object Repository/Stockbit/Bandarmology_Buyer3' is: 'RO'

2024-01-22 18:05:47 - [MESSAGE][PASSED] - Text of object 'Object Repository/Stockbit/Bandarmology_Buyer3' is: 'RO'

2024-01-22 18:05:47 - [TEST_STEP][PASSED] - strBuyerVol3 = getText(findTestObject("Stockbit/Bandarmology_BuyerVol3")): Text of object 'Object Repository/Stockbit/Bandarmology_BuyerVol3' is: '100'

2024-01-22 18:05:47 - [MESSAGE][PASSED] - Text of object 'Object Repository/Stockbit/Bandarmology_BuyerVol3' is: '100'

2024-01-22 18:05:47 - [TEST_STEP][PASSED] - strBuyerAvg3 = getText(findTestObject("Stockbit/Bandarmology_BuyerAvg3")): Text of object 'Object Repository/Stockbit/Bandarmology_BuyerAvg3' is: '70'

2024-01-22 18:05:47 - [MESSAGE][PASSED] - Text of object 'Object Repository/Stockbit/Bandarmology_BuyerAvg3' is: '70'

2024-01-22 18:05:47 - [TEST_STEP][PASSED] - if (strBuyer3 != ""): null

2024-01-22 18:05:47 - [TEST_STEP][PASSED] - if (strBuyerAvg3.contains(",")): null

2024-01-22 18:05:47 - [TEST_STEP][PASSED] - if (strBuyerVol3.contains(" B")): null

2024-01-22 18:05:47 - [TEST_STEP][PASSED] - if (verifyElementNotPresent(findTestObject("Stockbit/Bandarmology_Seller3"), 1, OPTIONAL)): Web element with id: 'Object Repository/Stockbit/Bandarmology_Seller3' located by 'By.xpath: //*[contains(@id, 'rc-tabs-')]/div[2]/div/div/div/div/div/div[2]/table/tbody/tr[4]/td[5]/p' is present after '1' second(s) (Root cause: com.kms.katalon.core.exception.StepFailedException: Web element with id: 'Object Repository/Stockbit/Bandarmology_Seller3' located by 'By.xpath: //*[contains(@id, 'rc-tabs-')]/div[2]/div/div/div/div/div/div[2]/table/tbody/tr[4]/td[5]/p' is present after '1' second(s)
	at com.kms.katalon.core.webui.keyword.internal.WebUIKeywordMain.stepFailed(WebUIKeywordMain.groovy:64)
	at com.kms.katalon.core.webui.keyword.internal.WebUIKeywordMain$stepFailed$0.call(Unknown Source)
	at com.kms.katalon.core.webui.keyword.builtin.VerifyElementNotPresentKeyword$_verifyElementNotPresent_closure1.doCall(VerifyElementNotPresentKeyword.groovy:106)
	at com.kms.katalon.core.webui.keyword.builtin.VerifyElementNotPresentKeyword$_verifyElementNotPresent_closure1.doCall(VerifyElementNotPresentKeyword.groovy)
	at com.kms.katalon.core.webui.keyword.internal.WebUIKeywordMain.runKeyword(WebUIKeywordMain.groovy:20)
	at com.kms.katalon.core.webui.keyword.internal.WebUIKeywordMain$runKeyword.call(Unknown Source)
	at com.kms.katalon.core.webui.keyword.builtin.VerifyElementNotPresentKeyword.verifyElementNotPresent(VerifyElementNotPresentKeyword.groovy:117)
	at com.kms.katalon.core.webui.keyword.builtin.VerifyElementNotPresentKeyword.execute(VerifyElementNotPresentKeyword.groovy:68)
	at com.kms.katalon.core.keyword.internal.KeywordExecutor.executeKeywordForPlatform(KeywordExecutor.groovy:74)
	at com.kms.katalon.core.webui.keyword.WebUiBuiltInKeywords.verifyElementNotPresent(WebUiBuiltInKeywords.groovy:1481)
	at com.kms.katalon.core.webui.keyword.WebUiBuiltInKeywords$verifyElementNotPresent$8.call(Unknown Source)
	at GetBrokSumPriceDaily.run(GetBrokSumPriceDaily:414)
	at com.kms.katalon.core.main.ScriptEngine.run(ScriptEngine.java:194)
	at com.kms.katalon.core.main.ScriptEngine.runScriptAsRawText(ScriptEngine.java:119)
	at com.kms.katalon.core.main.TestCaseExecutor.runScript(TestCaseExecutor.java:445)
	at com.kms.katalon.core.main.TestCaseExecutor.doExecute(TestCaseExecutor.java:436)
	at com.kms.katalon.core.main.TestCaseExecutor.processExecutionPhase(TestCaseExecutor.java:415)
	at com.kms.katalon.core.main.TestCaseExecutor.accessMainPhase(TestCaseExecutor.java:407)
	at com.kms.katalon.core.main.TestCaseExecutor.execute(TestCaseExecutor.java:284)
	at com.kms.katalon.core.common.CommonExecutor.accessTestCaseMainPhase(CommonExecutor.java:65)
	at com.kms.katalon.core.main.TestSuiteExecutor.accessTestSuiteMainPhase(TestSuiteExecutor.java:144)
	at com.kms.katalon.core.main.TestSuiteExecutor.execute(TestSuiteExecutor.java:106)
	at com.kms.katalon.core.main.TestCaseMain.startTestSuite(TestCaseMain.java:185)
	at com.kms.katalon.core.main.TestCaseMain$startTestSuite$0.call(Unknown Source)
	at TempTestSuite1705920083951.run(TempTestSuite1705920083951.groovy:36)
)

2024-01-22 18:05:49 - [MESSAGE][WARNING] - Web element with id: 'Object Repository/Stockbit/Bandarmology_Seller3' located by 'By.xpath: //*[contains(@id, 'rc-tabs-')]/div[2]/div/div/div/div/div/div[2]/table/tbody/tr[4]/td[5]/p' is present after '1' second(s) (Root cause: com.kms.katalon.core.exception.StepFailedException: Web element with id: 'Object Repository/Stockbit/Bandarmology_Seller3' located by 'By.xpath: //*[contains(@id, 'rc-tabs-')]/div[2]/div/div/div/div/div/div[2]/table/tbody/tr[4]/td[5]/p' is present after '1' second(s)
	at com.kms.katalon.core.webui.keyword.internal.WebUIKeywordMain.stepFailed(WebUIKeywordMain.groovy:64)
	at com.kms.katalon.core.webui.keyword.internal.WebUIKeywordMain$stepFailed$0.call(Unknown Source)
	at com.kms.katalon.core.webui.keyword.builtin.VerifyElementNotPresentKeyword$_verifyElementNotPresent_closure1.doCall(VerifyElementNotPresentKeyword.groovy:106)
	at com.kms.katalon.core.webui.keyword.builtin.VerifyElementNotPresentKeyword$_verifyElementNotPresent_closure1.doCall(VerifyElementNotPresentKeyword.groovy)
	at com.kms.katalon.core.webui.keyword.internal.WebUIKeywordMain.runKeyword(WebUIKeywordMain.groovy:20)
	at com.kms.katalon.core.webui.keyword.internal.WebUIKeywordMain$runKeyword.call(Unknown Source)
	at com.kms.katalon.core.webui.keyword.builtin.VerifyElementNotPresentKeyword.verifyElementNotPresent(VerifyElementNotPresentKeyword.groovy:117)
	at com.kms.katalon.core.webui.keyword.builtin.VerifyElementNotPresentKeyword.execute(VerifyElementNotPresentKeyword.groovy:68)
	at com.kms.katalon.core.keyword.internal.KeywordExecutor.executeKeywordForPlatform(KeywordExecutor.groovy:74)
	at com.kms.katalon.core.webui.keyword.WebUiBuiltInKeywords.verifyElementNotPresent(WebUiBuiltInKeywords.groovy:1481)
	at com.kms.katalon.core.webui.keyword.WebUiBuiltInKeywords$verifyElementNotPresent$8.call(Unknown Source)
	at GetBrokSumPriceDaily.run(GetBrokSumPriceDaily:414)
	at com.kms.katalon.core.main.ScriptEngine.run(ScriptEngine.java:194)
	at com.kms.katalon.core.main.ScriptEngine.runScriptAsRawText(ScriptEngine.java:119)
	at com.kms.katalon.core.main.TestCaseExecutor.runScript(TestCaseExecutor.java:445)
	at com.kms.katalon.core.main.TestCaseExecutor.doExecute(TestCaseExecutor.java:436)
	at com.kms.katalon.core.main.TestCaseExecutor.processExecutionPhase(TestCaseExecutor.java:415)
	at com.kms.katalon.core.main.TestCaseExecutor.accessMainPhase(TestCaseExecutor.java:407)
	at com.kms.katalon.core.main.TestCaseExecutor.execute(TestCaseExecutor.java:284)
	at com.kms.katalon.core.common.CommonExecutor.accessTestCaseMainPhase(CommonExecutor.java:65)
	at com.kms.katalon.core.main.TestSuiteExecutor.accessTestSuiteMainPhase(TestSuiteExecutor.java:144)
	at com.kms.katalon.core.main.TestSuiteExecutor.execute(TestSuiteExecutor.java:106)
	at com.kms.katalon.core.main.TestCaseMain.startTestSuite(TestCaseMain.java:185)
	at com.kms.katalon.core.main.TestCaseMain$startTestSuite$0.call(Unknown Source)
	at TempTestSuite1705920083951.run(TempTestSuite1705920083951.groovy:36)
)
[[ATTACHMENT|C:\\Users\\Fadli\\git\\KatalonDailyGetData2\\Reports\\20240122_174123\\TS1\\20240122_174123\\1705921549152.png]]

2024-01-22 18:05:49 - [TEST_STEP][PASSED] - else: null

2024-01-22 18:05:49 - [TEST_STEP][PASSED] - strSeller3 = getText(findTestObject("Stockbit/Bandarmology_Seller3")): Text of object 'Object Repository/Stockbit/Bandarmology_Seller3' is: 'CC'

2024-01-22 18:05:49 - [MESSAGE][PASSED] - Text of object 'Object Repository/Stockbit/Bandarmology_Seller3' is: 'CC'

2024-01-22 18:05:49 - [TEST_STEP][PASSED] - strSellerVol3 = getText(findTestObject("Stockbit/Bandarmology_SellerVol3")): Text of object 'Object Repository/Stockbit/Bandarmology_SellerVol3' is: '6.2 K'

2024-01-22 18:05:49 - [MESSAGE][PASSED] - Text of object 'Object Repository/Stockbit/Bandarmology_SellerVol3' is: '6.2 K'

2024-01-22 18:05:49 - [TEST_STEP][PASSED] - strSellerAvg3 = getText(findTestObject("Stockbit/Bandarmology_SellerAvg3")): Text of object 'Object Repository/Stockbit/Bandarmology_SellerAvg3' is: '73'

2024-01-22 18:05:49 - [MESSAGE][PASSED] - Text of object 'Object Repository/Stockbit/Bandarmology_SellerAvg3' is: '73'

2024-01-22 18:05:49 - [TEST_STEP][PASSED] - if (strSeller3 != ""): null

2024-01-22 18:05:49 - [TEST_STEP][PASSED] - if (strSellerAvg3.contains(",")): null

2024-01-22 18:05:49 - [TEST_STEP][PASSED] - if (strSellerVol3.contains(" B")): null

2024-01-22 18:05:49 - [TEST_STEP][PASSED] - else if (strSellerVol3.contains(" M")): null

2024-01-22 18:05:49 - [TEST_STEP][PASSED] - else if (strSellerVol3.contains(" K")): null

2024-01-22 18:05:49 - [TEST_STEP][PASSED] - strSellerVol3 = strSellerVol3.replace(" K", ""): null

2024-01-22 18:05:49 - [TEST_STEP][PASSED] - strSellerVol3 = strSellerVol3.toDouble() * 1000: null

2024-01-22 18:05:49 - [TEST_STEP][PASSED] - strAccDist = getText(findTestObject("Stockbit/Bandarmology_AccDist")): Text of object 'Object Repository/Stockbit/Bandarmology_AccDist' is: 'Acc'

2024-01-22 18:05:49 - [MESSAGE][PASSED] - Text of object 'Object Repository/Stockbit/Bandarmology_AccDist' is: 'Acc'

2024-01-22 18:05:49 - [TEST_STEP][PASSED] - strNetVol = getText(findTestObject("Stockbit/Bandarmology_NetVol")): Text of object 'Object Repository/Stockbit/Bandarmology_NetVol' is: '101,245'

2024-01-22 18:05:50 - [MESSAGE][PASSED] - Text of object 'Object Repository/Stockbit/Bandarmology_NetVol' is: '101,245'

2024-01-22 18:05:50 - [TEST_STEP][PASSED] - strNetVol = strNetVol.replace(",", ""): null

2024-01-22 18:05:50 - [TEST_STEP][PASSED] - strNetVal = getText(findTestObject("Stockbit/Bandarmology_NetVal")): Text of object 'Object Repository/Stockbit/Bandarmology_NetVal' is: '0.7 B'

2024-01-22 18:05:50 - [MESSAGE][PASSED] - Text of object 'Object Repository/Stockbit/Bandarmology_NetVal' is: '0.7 B'

2024-01-22 18:05:50 - [TEST_STEP][PASSED] - delay(3): Delayed 3 second(s)

2024-01-22 18:05:53 - [MESSAGE][PASSED] - Delayed 3 second(s)

2024-01-22 18:05:53 - [TEST_STEP][PASSED] - strOpenPrice = getText(findTestObject("Stockbit/Home_OpenPrice")): Text of object 'Object Repository/Stockbit/Home_OpenPrice' is: '70'

2024-01-22 18:05:53 - [MESSAGE][PASSED] - Text of object 'Object Repository/Stockbit/Home_OpenPrice' is: '70'

2024-01-22 18:05:53 - [TEST_STEP][PASSED] - strOpenPrice = strOpenPrice.replace(",", ""): null

2024-01-22 18:05:53 - [TEST_STEP][PASSED] - strLowPrice = getText(findTestObject("Stockbit/Home_LowPrice")): Text of object 'Object Repository/Stockbit/Home_LowPrice' is: '70'

2024-01-22 18:05:53 - [MESSAGE][PASSED] - Text of object 'Object Repository/Stockbit/Home_LowPrice' is: '70'

2024-01-22 18:05:53 - [TEST_STEP][PASSED] - strLowPrice = strLowPrice.replace(",", ""): null

2024-01-22 18:05:53 - [TEST_STEP][PASSED] - strHighPrice = getText(findTestObject("Stockbit/Home_HighPrice")): Text of object 'Object Repository/Stockbit/Home_HighPrice' is: '73'

2024-01-22 18:05:53 - [MESSAGE][PASSED] - Text of object 'Object Repository/Stockbit/Home_HighPrice' is: '73'

2024-01-22 18:05:53 - [TEST_STEP][PASSED] - strHighPrice = strHighPrice.replace(",", ""): null

2024-01-22 18:05:53 - [TEST_STEP][PASSED] - strClosePrice = getText(findTestObject("Stockbit/Home_ClosePrice")): Text of object 'Object Repository/Stockbit/Home_ClosePrice' is: '72'

2024-01-22 18:05:53 - [MESSAGE][PASSED] - Text of object 'Object Repository/Stockbit/Home_ClosePrice' is: '72'

2024-01-22 18:05:53 - [TEST_STEP][PASSED] - strClosePrice = strClosePrice.replace(",", ""): null

2024-01-22 18:05:53 - [TEST_STEP][PASSED] - strVol = getText(findTestObject("Stockbit/Home_Volume")): Text of object 'Object Repository/Stockbit/Home_Volume' is: '395 K'

2024-01-22 18:05:53 - [MESSAGE][PASSED] - Text of object 'Object Repository/Stockbit/Home_Volume' is: '395 K'

2024-01-22 18:05:53 - [TEST_STEP][PASSED] - if (strVol.contains(" K")): null

2024-01-22 18:05:53 - [TEST_STEP][PASSED] - strVol = strVol.replace(" K", "000"): null

2024-01-22 18:05:53 - [TEST_STEP][PASSED] - if (strVol.contains(",")): null

2024-01-22 18:05:53 - [TEST_STEP][PASSED] - strChange = getText(findTestObject("Stockbit/Home_Change")): Text of object 'Object Repository/Stockbit/Home_Change' is: '2.86%'

2024-01-22 18:05:54 - [MESSAGE][PASSED] - Text of object 'Object Repository/Stockbit/Home_Change' is: '2.86%'

2024-01-22 18:05:54 - [TEST_STEP][PASSED] - strChange = strChange.replace("%", ""): null

2024-01-22 18:05:54 - [TEST_STEP][PASSED] - strFreq = getText(findTestObject("Stockbit/Home_Freq")): Text of object 'Object Repository/Stockbit/Home_Freq' is: '470'

2024-01-22 18:05:54 - [MESSAGE][PASSED] - Text of object 'Object Repository/Stockbit/Home_Freq' is: '470'

2024-01-22 18:05:54 - [TEST_STEP][PASSED] - if (strFreq.contains(",")): null

2024-01-22 18:05:54 - [TEST_STEP][PASSED] - if (strFreq == "NA" || strFreq == ""): null

2024-01-22 18:05:54 - [TEST_STEP][PASSED] - else: null

2024-01-22 18:05:54 - [TEST_STEP][PASSED] - dblFreqAnal = strVol.toDouble() / strFreq.toDouble() * strFreq.toDouble() * strFreq.toDouble() * 100000000: null

2024-01-22 18:05:54 - [TEST_STEP][PASSED] - strFreqAnal = String.format("%.4f", dblFreqAnal): null

2024-01-22 18:05:54 - [TEST_STEP][PASSED] - out.println("Double strFreqAnal: " + strFreqAnal): null

2024-01-22 18:05:54 - [TEST_STEP][PASSED] - strTanggal = d.format(DateTimeFormatter.ofPattern("yyyy-MM-dd")): null

2024-01-22 18:05:54 - [TEST_STEP][PASSED] - strTanggal = "#" + strTanggal + "#": null

2024-01-22 18:05:54 - [TEST_STEP][PASSED] - strSQL = "select count(*) as JumBaris from TblBrokSum where Nama = '" + strNama + "' and Tanggal = " + strTanggal + "": null

2024-01-22 18:05:54 - [TEST_STEP][PASSED] - resultSet = statement.executeQuery(strSQL): null

2024-01-22 18:05:54 - [TEST_STEP][PASSED] - resultSet.next(): null

2024-01-22 18:05:54 - [TEST_STEP][PASSED] - intJumBaris = resultSet.getInt("JumBaris"): null

2024-01-22 18:05:54 - [TEST_STEP][PASSED] - if (intJumBaris > 0): null

2024-01-22 18:05:54 - [TEST_STEP][PASSED] - else: null

2024-01-22 18:05:54 - [TEST_STEP][PASSED] - try: null

2024-01-22 18:05:54 - [TEST_STEP][PASSED] - out.println("Insert data"): null

2024-01-22 18:05:54 - [TEST_STEP][PASSED] - strSQL = "insert into TblBrokSum (nama, tanggal, top1, top2, top3, AllBrokAvg, AccDist, AvgRP, " + "Buyer1, BuyerVal1, BuyerAvg1, Seller1, SellerVal1, SellerAvg1, Buyer2, BuyerVal2, BuyerAvg2, " + "Seller2, SellerVal2, SellerAvg2, Buyer3, BuyerVal3, BuyerAvg3, Seller3, SellerVal3, SellerAvg3, NetVol, NetVal, " + "OpenPrice, LowPrice, HighPrice, ClosePrice, Volume, Change, Frekuensi, FrekAnal) " + "values ('" + strNama + "', " + strTanggal + ", '" + strTop1 + "', '" + strTop3 + "', '" + strTop5 + "', " + "'" + strAllBrokAvg + "', '" + strAccDist + "', " + intAvgRP + ", '" + strBuyer1 + "', '" + strBuyerVol1 + "', " + strBuyerAvg1 + ", " + "'" + strSeller1 + "', '" + strSellerVol1 + "', " + strSellerAvg1 + ", '" + strBuyer2 + "', '" + strBuyerVol2 + "', " + strBuyerAvg2 + ", " + "'" + strSeller2 + "', '" + strSellerVol2 + "', " + strSellerAvg2 + ", '" + strBuyer3 + "', '" + strBuyerVol3 + "', " + strBuyerAvg3 + ", " + "'" + strSeller3 + "', '" + strSellerVol3 + "', " + strSellerAvg3 + ", " + strNetVol + ", '" + strNetVal + "', " + "" + strOpenPrice + ", " + strLowPrice + ", " + strHighPrice + ", " + strClosePrice + ", '" + strVol + "', " + strChange + ", " + strFreq + ", " + strFreqAnal + ");": null

2024-01-22 18:05:54 - [TEST_STEP][PASSED] - out.println("strSQL = " + strSQL): null

2024-01-22 18:05:54 - [TEST_STEP][PASSED] - statement.executeUpdate(strSQL): null

2024-01-22 18:05:54 - [TEST_STEP][PASSED] - setValueToCellByIndex(sheet01, rowIndex, 4, "DONE"): null

2024-01-22 18:05:54 - [TEST_STEP][PASSED] - saveWorkbook(excelFilePath, workbook01): null

2024-01-22 18:05:54 - [TEST_STEP][PASSED] - waitForElementClickable(findTestObject("Stockbit/menu_Bandarmology"), 10): Object 'Object Repository/Stockbit/menu_Bandarmology' is clickable

2024-01-22 18:05:54 - [MESSAGE][PASSED] - Object 'Object Repository/Stockbit/menu_Bandarmology' is clickable

2024-01-22 18:05:54 - [TEST_STEP][PASSED] - click(findTestObject("Stockbit/menu_Bandarmology")): Object: 'Object Repository/Stockbit/menu_Bandarmology' is clicked on

2024-01-22 18:05:55 - [MESSAGE][PASSED] - Object: 'Object Repository/Stockbit/menu_Bandarmology' is clicked on

2024-01-22 18:05:55 - [TEST_STEP][PASSED] - strTemp = "NA": null

2024-01-22 18:05:55 - [TEST_STEP][PASSED] - if (getCellValueByIndex(sheet01, rowIndex, 4) != "DONE"): Object: 'Object Repository/Stockbit/menu_Bandarmology' is clicked on

2024-01-22 18:05:55 - [TEST_STEP][PASSED] - strNama = getCellValueByIndex(sheet01, rowIndex, 0): null

2024-01-22 18:05:55 - [TEST_STEP][PASSED] - navigateToUrl("https://stockbit.com/#/symbol/" + strNama): Navigate to 'https://stockbit.com/#/symbol/BEBS' successfully

2024-01-22 18:05:56 - [MESSAGE][PASSED] - Navigate to 'https://stockbit.com/#/symbol/BEBS' successfully

2024-01-22 18:05:56 - [TEST_STEP][PASSED] - waitForElementClickable(findTestObject("Stockbit/menu_Bandarmology"), 10): Object 'Object Repository/Stockbit/menu_Bandarmology' is clickable

2024-01-22 18:05:57 - [MESSAGE][PASSED] - Object 'Object Repository/Stockbit/menu_Bandarmology' is clickable

2024-01-22 18:05:57 - [TEST_STEP][PASSED] - click(findTestObject("Stockbit/menu_Bandarmology")): Object: 'Object Repository/Stockbit/menu_Bandarmology' is clicked on

2024-01-22 18:05:57 - [MESSAGE][PASSED] - Object: 'Object Repository/Stockbit/menu_Bandarmology' is clicked on

2024-01-22 18:05:57 - [TEST_STEP][PASSED] - strTanggal = d.format(DateTimeFormatter.ofPattern("MMM dd, yyyy")): null

2024-01-22 18:05:57 - [TEST_STEP][PASSED] - strTanggal = d.format(ISO_DATE): null

2024-01-22 18:05:57 - [TEST_STEP][PASSED] - out.println("strTanggal = " + strTanggal): null

2024-01-22 18:05:57 - [TEST_STEP][PASSED] - out.println("strNama = " + strNama): null

2024-01-22 18:05:57 - [TEST_STEP][PASSED] - out.println("Baris ke = " + rowIndex): null

2024-01-22 18:05:57 - [TEST_STEP][PASSED] - click(findTestObject("Stockbit/input__BandarmologyOpenStartDate")): Object: 'Object Repository/Stockbit/input__BandarmologyOpenStartDate' is clicked on

2024-01-22 18:05:58 - [MESSAGE][PASSED] - Object: 'Object Repository/Stockbit/input__BandarmologyOpenStartDate' is clicked on

2024-01-22 18:05:58 - [TEST_STEP][PASSED] - sendKeys(findTestObject("Stockbit/input__BandarmologyOpenStartDate"), Keys.chord(CONTROL, "a")): Keys 'CONTROL + a' sent to object: 'Object Repository/Stockbit/input__BandarmologyOpenStartDate'

2024-01-22 18:05:59 - [MESSAGE][PASSED] - Keys 'CONTROL + a' sent to object: 'Object Repository/Stockbit/input__BandarmologyOpenStartDate'

2024-01-22 18:05:59 - [TEST_STEP][PASSED] - sendKeys(findTestObject("Stockbit/input__BandarmologyOpenStartDate"), Keys.chord(BACK_SPACE)): Keys 'BACK_SPACE + ' sent to object: 'Object Repository/Stockbit/input__BandarmologyOpenStartDate'

2024-01-22 18:05:59 - [MESSAGE][PASSED] - Keys 'BACK_SPACE + ' sent to object: 'Object Repository/Stockbit/input__BandarmologyOpenStartDate'

2024-01-22 18:05:59 - [TEST_STEP][PASSED] - setText(findTestObject("Stockbit/input__BandarmologyOpenStartDate"), strTanggal): Text '2024-01-22' is set on object 'Object Repository/Stockbit/input__BandarmologyOpenStartDate'

2024-01-22 18:06:00 - [MESSAGE][PASSED] - Text '2024-01-22' is set on object 'Object Repository/Stockbit/input__BandarmologyOpenStartDate'

2024-01-22 18:06:00 - [TEST_STEP][PASSED] - sendKeys(findTestObject("Stockbit/input__BandarmologyOpenStartDate"), Keys.chord(ENTER)): Keys 'ENTER + ' sent to object: 'Object Repository/Stockbit/input__BandarmologyOpenStartDate'

2024-01-22 18:06:00 - [MESSAGE][PASSED] - Keys 'ENTER + ' sent to object: 'Object Repository/Stockbit/input__BandarmologyOpenStartDate'

2024-01-22 18:06:00 - [TEST_STEP][PASSED] - click(findTestObject("Stockbit/input__BandarmologyOpenEndDate")): Object: 'Object Repository/Stockbit/input__BandarmologyOpenEndDate' is clicked on

2024-01-22 18:06:01 - [MESSAGE][PASSED] - Object: 'Object Repository/Stockbit/input__BandarmologyOpenEndDate' is clicked on

2024-01-22 18:06:01 - [TEST_STEP][PASSED] - sendKeys(findTestObject("Stockbit/input__BandarmologyOpenEndDate"), Keys.chord(CONTROL, "a")): Keys 'CONTROL + a' sent to object: 'Object Repository/Stockbit/input__BandarmologyOpenEndDate'

2024-01-22 18:06:01 - [MESSAGE][PASSED] - Keys 'CONTROL + a' sent to object: 'Object Repository/Stockbit/input__BandarmologyOpenEndDate'

2024-01-22 18:06:01 - [TEST_STEP][PASSED] - sendKeys(findTestObject("Stockbit/input__BandarmologyOpenEndDate"), Keys.chord(BACK_SPACE)): Keys 'BACK_SPACE + ' sent to object: 'Object Repository/Stockbit/input__BandarmologyOpenEndDate'

2024-01-22 18:06:02 - [MESSAGE][PASSED] - Keys 'BACK_SPACE + ' sent to object: 'Object Repository/Stockbit/input__BandarmologyOpenEndDate'

2024-01-22 18:06:02 - [TEST_STEP][PASSED] - setText(findTestObject("Stockbit/input__BandarmologyOpenEndDate"), strTanggal): Text '2024-01-22' is set on object 'Object Repository/Stockbit/input__BandarmologyOpenEndDate'

2024-01-22 18:06:02 - [MESSAGE][PASSED] - Text '2024-01-22' is set on object 'Object Repository/Stockbit/input__BandarmologyOpenEndDate'

2024-01-22 18:06:02 - [TEST_STEP][PASSED] - sendKeys(findTestObject("Stockbit/input__BandarmologyOpenEndDate"), Keys.chord(ENTER)): Keys 'ENTER + ' sent to object: 'Object Repository/Stockbit/input__BandarmologyOpenEndDate'

2024-01-22 18:06:03 - [MESSAGE][PASSED] - Keys 'ENTER + ' sent to object: 'Object Repository/Stockbit/input__BandarmologyOpenEndDate'

2024-01-22 18:06:03 - [TEST_STEP][PASSED] - delay(2): Delayed 2 second(s)

2024-01-22 18:06:05 - [MESSAGE][PASSED] - Delayed 2 second(s)

2024-01-22 18:06:05 - [TEST_STEP][PASSED] - strTemp = getText(findTestObject("Stockbit/Bandarmology_AvgRP")): Text of object 'Object Repository/Stockbit/Bandarmology_AvgRP' is: '50'

2024-01-22 18:06:05 - [MESSAGE][PASSED] - Text of object 'Object Repository/Stockbit/Bandarmology_AvgRP' is: '50'

2024-01-22 18:06:05 - [TEST_STEP][PASSED] - out.println("Bandarmology_AvgRP = " + strTemp): null

2024-01-22 18:06:05 - [TEST_STEP][PASSED] - if (strTemp != "0"): null

2024-01-22 18:06:05 - [TEST_STEP][PASSED] - strTop1 = getText(findTestObject("Stockbit/Bandarmology_Top1")): Text of object 'Object Repository/Stockbit/Bandarmology_Top1' is: 'Big Dist'

2024-01-22 18:06:05 - [MESSAGE][PASSED] - Text of object 'Object Repository/Stockbit/Bandarmology_Top1' is: 'Big Dist'

2024-01-22 18:06:05 - [TEST_STEP][PASSED] - strTop3 = getText(findTestObject("Stockbit/Bandarmology_Top3")): Text of object 'Object Repository/Stockbit/Bandarmology_Top3' is: 'Neutral'

2024-01-22 18:06:05 - [MESSAGE][PASSED] - Text of object 'Object Repository/Stockbit/Bandarmology_Top3' is: 'Neutral'

2024-01-22 18:06:05 - [TEST_STEP][PASSED] - strTop5 = getText(findTestObject("Stockbit/Bandarmology_Top5")): Text of object 'Object Repository/Stockbit/Bandarmology_Top5' is: 'Neutral'

2024-01-22 18:06:05 - [MESSAGE][PASSED] - Text of object 'Object Repository/Stockbit/Bandarmology_Top5' is: 'Neutral'

2024-01-22 18:06:05 - [TEST_STEP][PASSED] - strAllBrokAvg = getText(findTestObject("Stockbit/Bandarmology_TopAVG")): Text of object 'Object Repository/Stockbit/Bandarmology_TopAVG' is: 'Neutral'

2024-01-22 18:06:05 - [MESSAGE][PASSED] - Text of object 'Object Repository/Stockbit/Bandarmology_TopAVG' is: 'Neutral'

2024-01-22 18:06:05 - [TEST_STEP][PASSED] - strTemp = getText(findTestObject("Stockbit/Bandarmology_AvgRP")): Text of object 'Object Repository/Stockbit/Bandarmology_AvgRP' is: '50'

2024-01-22 18:06:05 - [MESSAGE][PASSED] - Text of object 'Object Repository/Stockbit/Bandarmology_AvgRP' is: '50'

2024-01-22 18:06:05 - [TEST_STEP][PASSED] - if (strTemp.contains(",")): null

2024-01-22 18:06:05 - [TEST_STEP][PASSED] - intAvgRP = strTemp.toInteger(): null

2024-01-22 18:06:05 - [TEST_STEP][PASSED] - strBuyer1 = getText(findTestObject("Stockbit/Bandarmology_Buyer1")): Text of object 'Object Repository/Stockbit/Bandarmology_Buyer1' is: 'YP'

2024-01-22 18:06:06 - [MESSAGE][PASSED] - Text of object 'Object Repository/Stockbit/Bandarmology_Buyer1' is: 'YP'

2024-01-22 18:06:06 - [TEST_STEP][PASSED] - strBuyerVol1 = getText(findTestObject("Stockbit/Bandarmology_BuyerVol1")): Text of object 'Object Repository/Stockbit/Bandarmology_BuyerVol1' is: '63'

2024-01-22 18:06:06 - [MESSAGE][PASSED] - Text of object 'Object Repository/Stockbit/Bandarmology_BuyerVol1' is: '63'

2024-01-22 18:06:06 - [TEST_STEP][PASSED] - strBuyerAvg1 = getText(findTestObject("Stockbit/Bandarmology_BuyerAvg1")): Text of object 'Object Repository/Stockbit/Bandarmology_BuyerAvg1' is: '50'

2024-01-22 18:06:06 - [MESSAGE][PASSED] - Text of object 'Object Repository/Stockbit/Bandarmology_BuyerAvg1' is: '50'

2024-01-22 18:06:06 - [TEST_STEP][PASSED] - if (strBuyerAvg1.contains(",")): null

2024-01-22 18:06:06 - [TEST_STEP][PASSED] - if (strBuyerVol1.contains(" B")): null

2024-01-22 18:06:06 - [TEST_STEP][PASSED] - strSeller1 = getText(findTestObject("Stockbit/Bandarmology_Seller1")): Text of object 'Object Repository/Stockbit/Bandarmology_Seller1' is: 'SH'

2024-01-22 18:06:06 - [MESSAGE][PASSED] - Text of object 'Object Repository/Stockbit/Bandarmology_Seller1' is: 'SH'

2024-01-22 18:06:06 - [TEST_STEP][PASSED] - strSellerVol1 = getText(findTestObject("Stockbit/Bandarmology_SellerVol1")): Text of object 'Object Repository/Stockbit/Bandarmology_SellerVol1' is: '97'

2024-01-22 18:06:06 - [MESSAGE][PASSED] - Text of object 'Object Repository/Stockbit/Bandarmology_SellerVol1' is: '97'

2024-01-22 18:06:06 - [TEST_STEP][PASSED] - strSellerAvg1 = getText(findTestObject("Stockbit/Bandarmology_SellerAvg1")): Text of object 'Object Repository/Stockbit/Bandarmology_SellerAvg1' is: '50'

2024-01-22 18:06:06 - [MESSAGE][PASSED] - Text of object 'Object Repository/Stockbit/Bandarmology_SellerAvg1' is: '50'

2024-01-22 18:06:06 - [TEST_STEP][PASSED] - if (strSellerAvg1.contains(",")): null

2024-01-22 18:06:06 - [TEST_STEP][PASSED] - if (strSellerVol1.contains(" B")): null

2024-01-22 18:06:06 - [TEST_STEP][PASSED] - if (verifyElementNotPresent(findTestObject("Stockbit/Bandarmology_Buyer2"), 1, OPTIONAL)): Web element with id: 'Object Repository/Stockbit/Bandarmology_Buyer2' located by 'By.xpath: //*[contains(@id, 'rc-tabs-')]/div[2]/div/div/div/div/div/div[2]/table/tbody/tr[3]/td[1]/p' is present after '1' second(s) (Root cause: com.kms.katalon.core.exception.StepFailedException: Web element with id: 'Object Repository/Stockbit/Bandarmology_Buyer2' located by 'By.xpath: //*[contains(@id, 'rc-tabs-')]/div[2]/div/div/div/div/div/div[2]/table/tbody/tr[3]/td[1]/p' is present after '1' second(s)
	at com.kms.katalon.core.webui.keyword.internal.WebUIKeywordMain.stepFailed(WebUIKeywordMain.groovy:64)
	at com.kms.katalon.core.webui.keyword.internal.WebUIKeywordMain$stepFailed$0.call(Unknown Source)
	at com.kms.katalon.core.webui.keyword.builtin.VerifyElementNotPresentKeyword$_verifyElementNotPresent_closure1.doCall(VerifyElementNotPresentKeyword.groovy:106)
	at com.kms.katalon.core.webui.keyword.builtin.VerifyElementNotPresentKeyword$_verifyElementNotPresent_closure1.doCall(VerifyElementNotPresentKeyword.groovy)
	at com.kms.katalon.core.webui.keyword.internal.WebUIKeywordMain.runKeyword(WebUIKeywordMain.groovy:20)
	at com.kms.katalon.core.webui.keyword.internal.WebUIKeywordMain$runKeyword.call(Unknown Source)
	at com.kms.katalon.core.webui.keyword.builtin.VerifyElementNotPresentKeyword.verifyElementNotPresent(VerifyElementNotPresentKeyword.groovy:117)
	at com.kms.katalon.core.webui.keyword.builtin.VerifyElementNotPresentKeyword.execute(VerifyElementNotPresentKeyword.groovy:68)
	at com.kms.katalon.core.keyword.internal.KeywordExecutor.executeKeywordForPlatform(KeywordExecutor.groovy:74)
	at com.kms.katalon.core.webui.keyword.WebUiBuiltInKeywords.verifyElementNotPresent(WebUiBuiltInKeywords.groovy:1481)
	at com.kms.katalon.core.webui.keyword.WebUiBuiltInKeywords$verifyElementNotPresent$8.call(Unknown Source)
	at GetBrokSumPriceDaily.run(GetBrokSumPriceDaily:258)
	at com.kms.katalon.core.main.ScriptEngine.run(ScriptEngine.java:194)
	at com.kms.katalon.core.main.ScriptEngine.runScriptAsRawText(ScriptEngine.java:119)
	at com.kms.katalon.core.main.TestCaseExecutor.runScript(TestCaseExecutor.java:445)
	at com.kms.katalon.core.main.TestCaseExecutor.doExecute(TestCaseExecutor.java:436)
	at com.kms.katalon.core.main.TestCaseExecutor.processExecutionPhase(TestCaseExecutor.java:415)
	at com.kms.katalon.core.main.TestCaseExecutor.accessMainPhase(TestCaseExecutor.java:407)
	at com.kms.katalon.core.main.TestCaseExecutor.execute(TestCaseExecutor.java:284)
	at com.kms.katalon.core.common.CommonExecutor.accessTestCaseMainPhase(CommonExecutor.java:65)
	at com.kms.katalon.core.main.TestSuiteExecutor.accessTestSuiteMainPhase(TestSuiteExecutor.java:144)
	at com.kms.katalon.core.main.TestSuiteExecutor.execute(TestSuiteExecutor.java:106)
	at com.kms.katalon.core.main.TestCaseMain.startTestSuite(TestCaseMain.java:185)
	at com.kms.katalon.core.main.TestCaseMain$startTestSuite$0.call(Unknown Source)
	at TempTestSuite1705920083951.run(TempTestSuite1705920083951.groovy:36)
)

2024-01-22 18:06:07 - [MESSAGE][WARNING] - Web element with id: 'Object Repository/Stockbit/Bandarmology_Buyer2' located by 'By.xpath: //*[contains(@id, 'rc-tabs-')]/div[2]/div/div/div/div/div/div[2]/table/tbody/tr[3]/td[1]/p' is present after '1' second(s) (Root cause: com.kms.katalon.core.exception.StepFailedException: Web element with id: 'Object Repository/Stockbit/Bandarmology_Buyer2' located by 'By.xpath: //*[contains(@id, 'rc-tabs-')]/div[2]/div/div/div/div/div/div[2]/table/tbody/tr[3]/td[1]/p' is present after '1' second(s)
	at com.kms.katalon.core.webui.keyword.internal.WebUIKeywordMain.stepFailed(WebUIKeywordMain.groovy:64)
	at com.kms.katalon.core.webui.keyword.internal.WebUIKeywordMain$stepFailed$0.call(Unknown Source)
	at com.kms.katalon.core.webui.keyword.builtin.VerifyElementNotPresentKeyword$_verifyElementNotPresent_closure1.doCall(VerifyElementNotPresentKeyword.groovy:106)
	at com.kms.katalon.core.webui.keyword.builtin.VerifyElementNotPresentKeyword$_verifyElementNotPresent_closure1.doCall(VerifyElementNotPresentKeyword.groovy)
	at com.kms.katalon.core.webui.keyword.internal.WebUIKeywordMain.runKeyword(WebUIKeywordMain.groovy:20)
	at com.kms.katalon.core.webui.keyword.internal.WebUIKeywordMain$runKeyword.call(Unknown Source)
	at com.kms.katalon.core.webui.keyword.builtin.VerifyElementNotPresentKeyword.verifyElementNotPresent(VerifyElementNotPresentKeyword.groovy:117)
	at com.kms.katalon.core.webui.keyword.builtin.VerifyElementNotPresentKeyword.execute(VerifyElementNotPresentKeyword.groovy:68)
	at com.kms.katalon.core.keyword.internal.KeywordExecutor.executeKeywordForPlatform(KeywordExecutor.groovy:74)
	at com.kms.katalon.core.webui.keyword.WebUiBuiltInKeywords.verifyElementNotPresent(WebUiBuiltInKeywords.groovy:1481)
	at com.kms.katalon.core.webui.keyword.WebUiBuiltInKeywords$verifyElementNotPresent$8.call(Unknown Source)
	at GetBrokSumPriceDaily.run(GetBrokSumPriceDaily:258)
	at com.kms.katalon.core.main.ScriptEngine.run(ScriptEngine.java:194)
	at com.kms.katalon.core.main.ScriptEngine.runScriptAsRawText(ScriptEngine.java:119)
	at com.kms.katalon.core.main.TestCaseExecutor.runScript(TestCaseExecutor.java:445)
	at com.kms.katalon.core.main.TestCaseExecutor.doExecute(TestCaseExecutor.java:436)
	at com.kms.katalon.core.main.TestCaseExecutor.processExecutionPhase(TestCaseExecutor.java:415)
	at com.kms.katalon.core.main.TestCaseExecutor.accessMainPhase(TestCaseExecutor.java:407)
	at com.kms.katalon.core.main.TestCaseExecutor.execute(TestCaseExecutor.java:284)
	at com.kms.katalon.core.common.CommonExecutor.accessTestCaseMainPhase(CommonExecutor.java:65)
	at com.kms.katalon.core.main.TestSuiteExecutor.accessTestSuiteMainPhase(TestSuiteExecutor.java:144)
	at com.kms.katalon.core.main.TestSuiteExecutor.execute(TestSuiteExecutor.java:106)
	at com.kms.katalon.core.main.TestCaseMain.startTestSuite(TestCaseMain.java:185)
	at com.kms.katalon.core.main.TestCaseMain$startTestSuite$0.call(Unknown Source)
	at TempTestSuite1705920083951.run(TempTestSuite1705920083951.groovy:36)
)
[[ATTACHMENT|C:\\Users\\Fadli\\git\\KatalonDailyGetData2\\Reports\\20240122_174123\\TS1\\20240122_174123\\1705921567743.png]]

2024-01-22 18:06:07 - [TEST_STEP][PASSED] - else: null

2024-01-22 18:06:07 - [TEST_STEP][PASSED] - strBuyer2 = getText(findTestObject("Stockbit/Bandarmology_Buyer2")): Text of object 'Object Repository/Stockbit/Bandarmology_Buyer2' is: 'XC'

2024-01-22 18:06:08 - [MESSAGE][PASSED] - Text of object 'Object Repository/Stockbit/Bandarmology_Buyer2' is: 'XC'

2024-01-22 18:06:08 - [TEST_STEP][PASSED] - strBuyerVol2 = getText(findTestObject("Stockbit/Bandarmology_BuyerVol2")): Text of object 'Object Repository/Stockbit/Bandarmology_BuyerVol2' is: '21'

2024-01-22 18:06:08 - [MESSAGE][PASSED] - Text of object 'Object Repository/Stockbit/Bandarmology_BuyerVol2' is: '21'

2024-01-22 18:06:08 - [TEST_STEP][PASSED] - strBuyerAvg2 = getText(findTestObject("Stockbit/Bandarmology_BuyerAvg2")): Text of object 'Object Repository/Stockbit/Bandarmology_BuyerAvg2' is: '50'

2024-01-22 18:06:08 - [MESSAGE][PASSED] - Text of object 'Object Repository/Stockbit/Bandarmology_BuyerAvg2' is: '50'

2024-01-22 18:06:08 - [TEST_STEP][PASSED] - if (strBuyer2 != ""): null

2024-01-22 18:06:08 - [TEST_STEP][PASSED] - if (strBuyerAvg2.contains(",")): null

2024-01-22 18:06:08 - [TEST_STEP][PASSED] - if (strBuyerVol2.contains(" B")): null

2024-01-22 18:06:08 - [TEST_STEP][PASSED] - if (strBuyerVol2.contains(".")): null

2024-01-22 18:06:08 - [TEST_STEP][PASSED] - if (verifyElementNotPresent(findTestObject("Stockbit/Bandarmology_Seller2"), 1, OPTIONAL)): Web element with id: 'Object Repository/Stockbit/Bandarmology_Seller2' located by 'By.xpath: //*[contains(@id, 'rc-tabs-')]/div[2]/div/div/div/div/div/div[2]/table/tbody/tr[3]/td[5]/p' is present after '1' second(s) (Root cause: com.kms.katalon.core.exception.StepFailedException: Web element with id: 'Object Repository/Stockbit/Bandarmology_Seller2' located by 'By.xpath: //*[contains(@id, 'rc-tabs-')]/div[2]/div/div/div/div/div/div[2]/table/tbody/tr[3]/td[5]/p' is present after '1' second(s)
	at com.kms.katalon.core.webui.keyword.internal.WebUIKeywordMain.stepFailed(WebUIKeywordMain.groovy:64)
	at com.kms.katalon.core.webui.keyword.internal.WebUIKeywordMain$stepFailed$0.call(Unknown Source)
	at com.kms.katalon.core.webui.keyword.builtin.VerifyElementNotPresentKeyword$_verifyElementNotPresent_closure1.doCall(VerifyElementNotPresentKeyword.groovy:106)
	at com.kms.katalon.core.webui.keyword.builtin.VerifyElementNotPresentKeyword$_verifyElementNotPresent_closure1.doCall(VerifyElementNotPresentKeyword.groovy)
	at com.kms.katalon.core.webui.keyword.internal.WebUIKeywordMain.runKeyword(WebUIKeywordMain.groovy:20)
	at com.kms.katalon.core.webui.keyword.internal.WebUIKeywordMain$runKeyword.call(Unknown Source)
	at com.kms.katalon.core.webui.keyword.builtin.VerifyElementNotPresentKeyword.verifyElementNotPresent(VerifyElementNotPresentKeyword.groovy:117)
	at com.kms.katalon.core.webui.keyword.builtin.VerifyElementNotPresentKeyword.execute(VerifyElementNotPresentKeyword.groovy:68)
	at com.kms.katalon.core.keyword.internal.KeywordExecutor.executeKeywordForPlatform(KeywordExecutor.groovy:74)
	at com.kms.katalon.core.webui.keyword.WebUiBuiltInKeywords.verifyElementNotPresent(WebUiBuiltInKeywords.groovy:1481)
	at com.kms.katalon.core.webui.keyword.WebUiBuiltInKeywords$verifyElementNotPresent$8.call(Unknown Source)
	at GetBrokSumPriceDaily.run(GetBrokSumPriceDaily:309)
	at com.kms.katalon.core.main.ScriptEngine.run(ScriptEngine.java:194)
	at com.kms.katalon.core.main.ScriptEngine.runScriptAsRawText(ScriptEngine.java:119)
	at com.kms.katalon.core.main.TestCaseExecutor.runScript(TestCaseExecutor.java:445)
	at com.kms.katalon.core.main.TestCaseExecutor.doExecute(TestCaseExecutor.java:436)
	at com.kms.katalon.core.main.TestCaseExecutor.processExecutionPhase(TestCaseExecutor.java:415)
	at com.kms.katalon.core.main.TestCaseExecutor.accessMainPhase(TestCaseExecutor.java:407)
	at com.kms.katalon.core.main.TestCaseExecutor.execute(TestCaseExecutor.java:284)
	at com.kms.katalon.core.common.CommonExecutor.accessTestCaseMainPhase(CommonExecutor.java:65)
	at com.kms.katalon.core.main.TestSuiteExecutor.accessTestSuiteMainPhase(TestSuiteExecutor.java:144)
	at com.kms.katalon.core.main.TestSuiteExecutor.execute(TestSuiteExecutor.java:106)
	at com.kms.katalon.core.main.TestCaseMain.startTestSuite(TestCaseMain.java:185)
	at com.kms.katalon.core.main.TestCaseMain$startTestSuite$0.call(Unknown Source)
	at TempTestSuite1705920083951.run(TempTestSuite1705920083951.groovy:36)
)

2024-01-22 18:06:09 - [MESSAGE][WARNING] - Web element with id: 'Object Repository/Stockbit/Bandarmology_Seller2' located by 'By.xpath: //*[contains(@id, 'rc-tabs-')]/div[2]/div/div/div/div/div/div[2]/table/tbody/tr[3]/td[5]/p' is present after '1' second(s) (Root cause: com.kms.katalon.core.exception.StepFailedException: Web element with id: 'Object Repository/Stockbit/Bandarmology_Seller2' located by 'By.xpath: //*[contains(@id, 'rc-tabs-')]/div[2]/div/div/div/div/div/div[2]/table/tbody/tr[3]/td[5]/p' is present after '1' second(s)
	at com.kms.katalon.core.webui.keyword.internal.WebUIKeywordMain.stepFailed(WebUIKeywordMain.groovy:64)
	at com.kms.katalon.core.webui.keyword.internal.WebUIKeywordMain$stepFailed$0.call(Unknown Source)
	at com.kms.katalon.core.webui.keyword.builtin.VerifyElementNotPresentKeyword$_verifyElementNotPresent_closure1.doCall(VerifyElementNotPresentKeyword.groovy:106)
	at com.kms.katalon.core.webui.keyword.builtin.VerifyElementNotPresentKeyword$_verifyElementNotPresent_closure1.doCall(VerifyElementNotPresentKeyword.groovy)
	at com.kms.katalon.core.webui.keyword.internal.WebUIKeywordMain.runKeyword(WebUIKeywordMain.groovy:20)
	at com.kms.katalon.core.webui.keyword.internal.WebUIKeywordMain$runKeyword.call(Unknown Source)
	at com.kms.katalon.core.webui.keyword.builtin.VerifyElementNotPresentKeyword.verifyElementNotPresent(VerifyElementNotPresentKeyword.groovy:117)
	at com.kms.katalon.core.webui.keyword.builtin.VerifyElementNotPresentKeyword.execute(VerifyElementNotPresentKeyword.groovy:68)
	at com.kms.katalon.core.keyword.internal.KeywordExecutor.executeKeywordForPlatform(KeywordExecutor.groovy:74)
	at com.kms.katalon.core.webui.keyword.WebUiBuiltInKeywords.verifyElementNotPresent(WebUiBuiltInKeywords.groovy:1481)
	at com.kms.katalon.core.webui.keyword.WebUiBuiltInKeywords$verifyElementNotPresent$8.call(Unknown Source)
	at GetBrokSumPriceDaily.run(GetBrokSumPriceDaily:309)
	at com.kms.katalon.core.main.ScriptEngine.run(ScriptEngine.java:194)
	at com.kms.katalon.core.main.ScriptEngine.runScriptAsRawText(ScriptEngine.java:119)
	at com.kms.katalon.core.main.TestCaseExecutor.runScript(TestCaseExecutor.java:445)
	at com.kms.katalon.core.main.TestCaseExecutor.doExecute(TestCaseExecutor.java:436)
	at com.kms.katalon.core.main.TestCaseExecutor.processExecutionPhase(TestCaseExecutor.java:415)
	at com.kms.katalon.core.main.TestCaseExecutor.accessMainPhase(TestCaseExecutor.java:407)
	at com.kms.katalon.core.main.TestCaseExecutor.execute(TestCaseExecutor.java:284)
	at com.kms.katalon.core.common.CommonExecutor.accessTestCaseMainPhase(CommonExecutor.java:65)
	at com.kms.katalon.core.main.TestSuiteExecutor.accessTestSuiteMainPhase(TestSuiteExecutor.java:144)
	at com.kms.katalon.core.main.TestSuiteExecutor.execute(TestSuiteExecutor.java:106)
	at com.kms.katalon.core.main.TestCaseMain.startTestSuite(TestCaseMain.java:185)
	at com.kms.katalon.core.main.TestCaseMain$startTestSuite$0.call(Unknown Source)
	at TempTestSuite1705920083951.run(TempTestSuite1705920083951.groovy:36)
)
[[ATTACHMENT|C:\\Users\\Fadli\\git\\KatalonDailyGetData2\\Reports\\20240122_174123\\TS1\\20240122_174123\\1705921569440.png]]

2024-01-22 18:06:09 - [TEST_STEP][PASSED] - else: null

2024-01-22 18:06:09 - [TEST_STEP][PASSED] - strSeller2 = getText(findTestObject("Stockbit/Bandarmology_Seller2")): Text of object 'Object Repository/Stockbit/Bandarmology_Seller2' is: ''

2024-01-22 18:06:09 - [MESSAGE][PASSED] - Text of object 'Object Repository/Stockbit/Bandarmology_Seller2' is: ''

2024-01-22 18:06:09 - [TEST_STEP][PASSED] - strSellerVol2 = getText(findTestObject("Stockbit/Bandarmology_SellerVol2")): Text of object 'Object Repository/Stockbit/Bandarmology_SellerVol2' is: ''

2024-01-22 18:06:09 - [MESSAGE][PASSED] - Text of object 'Object Repository/Stockbit/Bandarmology_SellerVol2' is: ''

2024-01-22 18:06:09 - [TEST_STEP][PASSED] - strSellerAvg2 = getText(findTestObject("Stockbit/Bandarmology_SellerAvg2")): Text of object 'Object Repository/Stockbit/Bandarmology_SellerAvg2' is: ''

2024-01-22 18:06:09 - [MESSAGE][PASSED] - Text of object 'Object Repository/Stockbit/Bandarmology_SellerAvg2' is: ''

2024-01-22 18:06:09 - [TEST_STEP][PASSED] - if (strSeller2 != ""): null

2024-01-22 18:06:09 - [TEST_STEP][PASSED] - else: null

2024-01-22 18:06:09 - [TEST_STEP][PASSED] - strSeller2 = "-": null

2024-01-22 18:06:09 - [TEST_STEP][PASSED] - strSellerVol2 = "0": null

2024-01-22 18:06:09 - [TEST_STEP][PASSED] - strSellerAvg2 = "0": null

2024-01-22 18:06:09 - [TEST_STEP][PASSED] - if (verifyElementNotPresent(findTestObject("Stockbit/Bandarmology_Buyer3"), 1, OPTIONAL)): Web element with id: 'Object Repository/Stockbit/Bandarmology_Buyer3' located by 'By.xpath: //*[contains(@id, 'rc-tabs-')]/div[2]/div/div/div/div/div/div[2]/table/tbody/tr[4]/td[1]/p' is present after '1' second(s) (Root cause: com.kms.katalon.core.exception.StepFailedException: Web element with id: 'Object Repository/Stockbit/Bandarmology_Buyer3' located by 'By.xpath: //*[contains(@id, 'rc-tabs-')]/div[2]/div/div/div/div/div/div[2]/table/tbody/tr[4]/td[1]/p' is present after '1' second(s)
	at com.kms.katalon.core.webui.keyword.internal.WebUIKeywordMain.stepFailed(WebUIKeywordMain.groovy:64)
	at com.kms.katalon.core.webui.keyword.internal.WebUIKeywordMain$stepFailed$0.call(Unknown Source)
	at com.kms.katalon.core.webui.keyword.builtin.VerifyElementNotPresentKeyword$_verifyElementNotPresent_closure1.doCall(VerifyElementNotPresentKeyword.groovy:106)
	at com.kms.katalon.core.webui.keyword.builtin.VerifyElementNotPresentKeyword$_verifyElementNotPresent_closure1.doCall(VerifyElementNotPresentKeyword.groovy)
	at com.kms.katalon.core.webui.keyword.internal.WebUIKeywordMain.runKeyword(WebUIKeywordMain.groovy:20)
	at com.kms.katalon.core.webui.keyword.internal.WebUIKeywordMain$runKeyword.call(Unknown Source)
	at com.kms.katalon.core.webui.keyword.builtin.VerifyElementNotPresentKeyword.verifyElementNotPresent(VerifyElementNotPresentKeyword.groovy:117)
	at com.kms.katalon.core.webui.keyword.builtin.VerifyElementNotPresentKeyword.execute(VerifyElementNotPresentKeyword.groovy:68)
	at com.kms.katalon.core.keyword.internal.KeywordExecutor.executeKeywordForPlatform(KeywordExecutor.groovy:74)
	at com.kms.katalon.core.webui.keyword.WebUiBuiltInKeywords.verifyElementNotPresent(WebUiBuiltInKeywords.groovy:1481)
	at com.kms.katalon.core.webui.keyword.WebUiBuiltInKeywords$verifyElementNotPresent$8.call(Unknown Source)
	at GetBrokSumPriceDaily.run(GetBrokSumPriceDaily:361)
	at com.kms.katalon.core.main.ScriptEngine.run(ScriptEngine.java:194)
	at com.kms.katalon.core.main.ScriptEngine.runScriptAsRawText(ScriptEngine.java:119)
	at com.kms.katalon.core.main.TestCaseExecutor.runScript(TestCaseExecutor.java:445)
	at com.kms.katalon.core.main.TestCaseExecutor.doExecute(TestCaseExecutor.java:436)
	at com.kms.katalon.core.main.TestCaseExecutor.processExecutionPhase(TestCaseExecutor.java:415)
	at com.kms.katalon.core.main.TestCaseExecutor.accessMainPhase(TestCaseExecutor.java:407)
	at com.kms.katalon.core.main.TestCaseExecutor.execute(TestCaseExecutor.java:284)
	at com.kms.katalon.core.common.CommonExecutor.accessTestCaseMainPhase(CommonExecutor.java:65)
	at com.kms.katalon.core.main.TestSuiteExecutor.accessTestSuiteMainPhase(TestSuiteExecutor.java:144)
	at com.kms.katalon.core.main.TestSuiteExecutor.execute(TestSuiteExecutor.java:106)
	at com.kms.katalon.core.main.TestCaseMain.startTestSuite(TestCaseMain.java:185)
	at com.kms.katalon.core.main.TestCaseMain$startTestSuite$0.call(Unknown Source)
	at TempTestSuite1705920083951.run(TempTestSuite1705920083951.groovy:36)
)

2024-01-22 18:06:11 - [MESSAGE][WARNING] - Web element with id: 'Object Repository/Stockbit/Bandarmology_Buyer3' located by 'By.xpath: //*[contains(@id, 'rc-tabs-')]/div[2]/div/div/div/div/div/div[2]/table/tbody/tr[4]/td[1]/p' is present after '1' second(s) (Root cause: com.kms.katalon.core.exception.StepFailedException: Web element with id: 'Object Repository/Stockbit/Bandarmology_Buyer3' located by 'By.xpath: //*[contains(@id, 'rc-tabs-')]/div[2]/div/div/div/div/div/div[2]/table/tbody/tr[4]/td[1]/p' is present after '1' second(s)
	at com.kms.katalon.core.webui.keyword.internal.WebUIKeywordMain.stepFailed(WebUIKeywordMain.groovy:64)
	at com.kms.katalon.core.webui.keyword.internal.WebUIKeywordMain$stepFailed$0.call(Unknown Source)
	at com.kms.katalon.core.webui.keyword.builtin.VerifyElementNotPresentKeyword$_verifyElementNotPresent_closure1.doCall(VerifyElementNotPresentKeyword.groovy:106)
	at com.kms.katalon.core.webui.keyword.builtin.VerifyElementNotPresentKeyword$_verifyElementNotPresent_closure1.doCall(VerifyElementNotPresentKeyword.groovy)
	at com.kms.katalon.core.webui.keyword.internal.WebUIKeywordMain.runKeyword(WebUIKeywordMain.groovy:20)
	at com.kms.katalon.core.webui.keyword.internal.WebUIKeywordMain$runKeyword.call(Unknown Source)
	at com.kms.katalon.core.webui.keyword.builtin.VerifyElementNotPresentKeyword.verifyElementNotPresent(VerifyElementNotPresentKeyword.groovy:117)
	at com.kms.katalon.core.webui.keyword.builtin.VerifyElementNotPresentKeyword.execute(VerifyElementNotPresentKeyword.groovy:68)
	at com.kms.katalon.core.keyword.internal.KeywordExecutor.executeKeywordForPlatform(KeywordExecutor.groovy:74)
	at com.kms.katalon.core.webui.keyword.WebUiBuiltInKeywords.verifyElementNotPresent(WebUiBuiltInKeywords.groovy:1481)
	at com.kms.katalon.core.webui.keyword.WebUiBuiltInKeywords$verifyElementNotPresent$8.call(Unknown Source)
	at GetBrokSumPriceDaily.run(GetBrokSumPriceDaily:361)
	at com.kms.katalon.core.main.ScriptEngine.run(ScriptEngine.java:194)
	at com.kms.katalon.core.main.ScriptEngine.runScriptAsRawText(ScriptEngine.java:119)
	at com.kms.katalon.core.main.TestCaseExecutor.runScript(TestCaseExecutor.java:445)
	at com.kms.katalon.core.main.TestCaseExecutor.doExecute(TestCaseExecutor.java:436)
	at com.kms.katalon.core.main.TestCaseExecutor.processExecutionPhase(TestCaseExecutor.java:415)
	at com.kms.katalon.core.main.TestCaseExecutor.accessMainPhase(TestCaseExecutor.java:407)
	at com.kms.katalon.core.main.TestCaseExecutor.execute(TestCaseExecutor.java:284)
	at com.kms.katalon.core.common.CommonExecutor.accessTestCaseMainPhase(CommonExecutor.java:65)
	at com.kms.katalon.core.main.TestSuiteExecutor.accessTestSuiteMainPhase(TestSuiteExecutor.java:144)
	at com.kms.katalon.core.main.TestSuiteExecutor.execute(TestSuiteExecutor.java:106)
	at com.kms.katalon.core.main.TestCaseMain.startTestSuite(TestCaseMain.java:185)
	at com.kms.katalon.core.main.TestCaseMain$startTestSuite$0.call(Unknown Source)
	at TempTestSuite1705920083951.run(TempTestSuite1705920083951.groovy:36)
)
[[ATTACHMENT|C:\\Users\\Fadli\\git\\KatalonDailyGetData2\\Reports\\20240122_174123\\TS1\\20240122_174123\\1705921571134.png]]

2024-01-22 18:06:11 - [TEST_STEP][PASSED] - else: null

2024-01-22 18:06:11 - [TEST_STEP][PASSED] - strBuyer3 = getText(findTestObject("Stockbit/Bandarmology_Buyer3")): Text of object 'Object Repository/Stockbit/Bandarmology_Buyer3' is: 'YU'

2024-01-22 18:06:11 - [MESSAGE][PASSED] - Text of object 'Object Repository/Stockbit/Bandarmology_Buyer3' is: 'YU'

2024-01-22 18:06:11 - [TEST_STEP][PASSED] - strBuyerVol3 = getText(findTestObject("Stockbit/Bandarmology_BuyerVol3")): Text of object 'Object Repository/Stockbit/Bandarmology_BuyerVol3' is: '12'

2024-01-22 18:06:11 - [MESSAGE][PASSED] - Text of object 'Object Repository/Stockbit/Bandarmology_BuyerVol3' is: '12'

2024-01-22 18:06:11 - [TEST_STEP][PASSED] - strBuyerAvg3 = getText(findTestObject("Stockbit/Bandarmology_BuyerAvg3")): Text of object 'Object Repository/Stockbit/Bandarmology_BuyerAvg3' is: '50'

2024-01-22 18:06:11 - [MESSAGE][PASSED] - Text of object 'Object Repository/Stockbit/Bandarmology_BuyerAvg3' is: '50'

2024-01-22 18:06:11 - [TEST_STEP][PASSED] - if (strBuyer3 != ""): null

2024-01-22 18:06:11 - [TEST_STEP][PASSED] - if (strBuyerAvg3.contains(",")): null

2024-01-22 18:06:11 - [TEST_STEP][PASSED] - if (strBuyerVol3.contains(" B")): null

2024-01-22 18:06:11 - [TEST_STEP][PASSED] - if (verifyElementNotPresent(findTestObject("Stockbit/Bandarmology_Seller3"), 1, OPTIONAL)): Web element with id: 'Object Repository/Stockbit/Bandarmology_Seller3' located by 'By.xpath: //*[contains(@id, 'rc-tabs-')]/div[2]/div/div/div/div/div/div[2]/table/tbody/tr[4]/td[5]/p' is present after '1' second(s) (Root cause: com.kms.katalon.core.exception.StepFailedException: Web element with id: 'Object Repository/Stockbit/Bandarmology_Seller3' located by 'By.xpath: //*[contains(@id, 'rc-tabs-')]/div[2]/div/div/div/div/div/div[2]/table/tbody/tr[4]/td[5]/p' is present after '1' second(s)
	at com.kms.katalon.core.webui.keyword.internal.WebUIKeywordMain.stepFailed(WebUIKeywordMain.groovy:64)
	at com.kms.katalon.core.webui.keyword.internal.WebUIKeywordMain$stepFailed$0.call(Unknown Source)
	at com.kms.katalon.core.webui.keyword.builtin.VerifyElementNotPresentKeyword$_verifyElementNotPresent_closure1.doCall(VerifyElementNotPresentKeyword.groovy:106)
	at com.kms.katalon.core.webui.keyword.builtin.VerifyElementNotPresentKeyword$_verifyElementNotPresent_closure1.doCall(VerifyElementNotPresentKeyword.groovy)
	at com.kms.katalon.core.webui.keyword.internal.WebUIKeywordMain.runKeyword(WebUIKeywordMain.groovy:20)
	at com.kms.katalon.core.webui.keyword.internal.WebUIKeywordMain$runKeyword.call(Unknown Source)
	at com.kms.katalon.core.webui.keyword.builtin.VerifyElementNotPresentKeyword.verifyElementNotPresent(VerifyElementNotPresentKeyword.groovy:117)
	at com.kms.katalon.core.webui.keyword.builtin.VerifyElementNotPresentKeyword.execute(VerifyElementNotPresentKeyword.groovy:68)
	at com.kms.katalon.core.keyword.internal.KeywordExecutor.executeKeywordForPlatform(KeywordExecutor.groovy:74)
	at com.kms.katalon.core.webui.keyword.WebUiBuiltInKeywords.verifyElementNotPresent(WebUiBuiltInKeywords.groovy:1481)
	at com.kms.katalon.core.webui.keyword.WebUiBuiltInKeywords$verifyElementNotPresent$8.call(Unknown Source)
	at GetBrokSumPriceDaily.run(GetBrokSumPriceDaily:414)
	at com.kms.katalon.core.main.ScriptEngine.run(ScriptEngine.java:194)
	at com.kms.katalon.core.main.ScriptEngine.runScriptAsRawText(ScriptEngine.java:119)
	at com.kms.katalon.core.main.TestCaseExecutor.runScript(TestCaseExecutor.java:445)
	at com.kms.katalon.core.main.TestCaseExecutor.doExecute(TestCaseExecutor.java:436)
	at com.kms.katalon.core.main.TestCaseExecutor.processExecutionPhase(TestCaseExecutor.java:415)
	at com.kms.katalon.core.main.TestCaseExecutor.accessMainPhase(TestCaseExecutor.java:407)
	at com.kms.katalon.core.main.TestCaseExecutor.execute(TestCaseExecutor.java:284)
	at com.kms.katalon.core.common.CommonExecutor.accessTestCaseMainPhase(CommonExecutor.java:65)
	at com.kms.katalon.core.main.TestSuiteExecutor.accessTestSuiteMainPhase(TestSuiteExecutor.java:144)
	at com.kms.katalon.core.main.TestSuiteExecutor.execute(TestSuiteExecutor.java:106)
	at com.kms.katalon.core.main.TestCaseMain.startTestSuite(TestCaseMain.java:185)
	at com.kms.katalon.core.main.TestCaseMain$startTestSuite$0.call(Unknown Source)
	at TempTestSuite1705920083951.run(TempTestSuite1705920083951.groovy:36)
)

2024-01-22 18:06:12 - [MESSAGE][WARNING] - Web element with id: 'Object Repository/Stockbit/Bandarmology_Seller3' located by 'By.xpath: //*[contains(@id, 'rc-tabs-')]/div[2]/div/div/div/div/div/div[2]/table/tbody/tr[4]/td[5]/p' is present after '1' second(s) (Root cause: com.kms.katalon.core.exception.StepFailedException: Web element with id: 'Object Repository/Stockbit/Bandarmology_Seller3' located by 'By.xpath: //*[contains(@id, 'rc-tabs-')]/div[2]/div/div/div/div/div/div[2]/table/tbody/tr[4]/td[5]/p' is present after '1' second(s)
	at com.kms.katalon.core.webui.keyword.internal.WebUIKeywordMain.stepFailed(WebUIKeywordMain.groovy:64)
	at com.kms.katalon.core.webui.keyword.internal.WebUIKeywordMain$stepFailed$0.call(Unknown Source)
	at com.kms.katalon.core.webui.keyword.builtin.VerifyElementNotPresentKeyword$_verifyElementNotPresent_closure1.doCall(VerifyElementNotPresentKeyword.groovy:106)
	at com.kms.katalon.core.webui.keyword.builtin.VerifyElementNotPresentKeyword$_verifyElementNotPresent_closure1.doCall(VerifyElementNotPresentKeyword.groovy)
	at com.kms.katalon.core.webui.keyword.internal.WebUIKeywordMain.runKeyword(WebUIKeywordMain.groovy:20)
	at com.kms.katalon.core.webui.keyword.internal.WebUIKeywordMain$runKeyword.call(Unknown Source)
	at com.kms.katalon.core.webui.keyword.builtin.VerifyElementNotPresentKeyword.verifyElementNotPresent(VerifyElementNotPresentKeyword.groovy:117)
	at com.kms.katalon.core.webui.keyword.builtin.VerifyElementNotPresentKeyword.execute(VerifyElementNotPresentKeyword.groovy:68)
	at com.kms.katalon.core.keyword.internal.KeywordExecutor.executeKeywordForPlatform(KeywordExecutor.groovy:74)
	at com.kms.katalon.core.webui.keyword.WebUiBuiltInKeywords.verifyElementNotPresent(WebUiBuiltInKeywords.groovy:1481)
	at com.kms.katalon.core.webui.keyword.WebUiBuiltInKeywords$verifyElementNotPresent$8.call(Unknown Source)
	at GetBrokSumPriceDaily.run(GetBrokSumPriceDaily:414)
	at com.kms.katalon.core.main.ScriptEngine.run(ScriptEngine.java:194)
	at com.kms.katalon.core.main.ScriptEngine.runScriptAsRawText(ScriptEngine.java:119)
	at com.kms.katalon.core.main.TestCaseExecutor.runScript(TestCaseExecutor.java:445)
	at com.kms.katalon.core.main.TestCaseExecutor.doExecute(TestCaseExecutor.java:436)
	at com.kms.katalon.core.main.TestCaseExecutor.processExecutionPhase(TestCaseExecutor.java:415)
	at com.kms.katalon.core.main.TestCaseExecutor.accessMainPhase(TestCaseExecutor.java:407)
	at com.kms.katalon.core.main.TestCaseExecutor.execute(TestCaseExecutor.java:284)
	at com.kms.katalon.core.common.CommonExecutor.accessTestCaseMainPhase(CommonExecutor.java:65)
	at com.kms.katalon.core.main.TestSuiteExecutor.accessTestSuiteMainPhase(TestSuiteExecutor.java:144)
	at com.kms.katalon.core.main.TestSuiteExecutor.execute(TestSuiteExecutor.java:106)
	at com.kms.katalon.core.main.TestCaseMain.startTestSuite(TestCaseMain.java:185)
	at com.kms.katalon.core.main.TestCaseMain$startTestSuite$0.call(Unknown Source)
	at TempTestSuite1705920083951.run(TempTestSuite1705920083951.groovy:36)
)
[[ATTACHMENT|C:\\Users\\Fadli\\git\\KatalonDailyGetData2\\Reports\\20240122_174123\\TS1\\20240122_174123\\1705921572814.png]]

2024-01-22 18:06:12 - [TEST_STEP][PASSED] - else: null

2024-01-22 18:06:12 - [TEST_STEP][PASSED] - strSeller3 = getText(findTestObject("Stockbit/Bandarmology_Seller3")): Text of object 'Object Repository/Stockbit/Bandarmology_Seller3' is: ''

2024-01-22 18:06:13 - [MESSAGE][PASSED] - Text of object 'Object Repository/Stockbit/Bandarmology_Seller3' is: ''

2024-01-22 18:06:13 - [TEST_STEP][PASSED] - strSellerVol3 = getText(findTestObject("Stockbit/Bandarmology_SellerVol3")): Text of object 'Object Repository/Stockbit/Bandarmology_SellerVol3' is: ''

2024-01-22 18:06:13 - [MESSAGE][PASSED] - Text of object 'Object Repository/Stockbit/Bandarmology_SellerVol3' is: ''

2024-01-22 18:06:13 - [TEST_STEP][PASSED] - strSellerAvg3 = getText(findTestObject("Stockbit/Bandarmology_SellerAvg3")): Text of object 'Object Repository/Stockbit/Bandarmology_SellerAvg3' is: ''

2024-01-22 18:06:13 - [MESSAGE][PASSED] - Text of object 'Object Repository/Stockbit/Bandarmology_SellerAvg3' is: ''

2024-01-22 18:06:13 - [TEST_STEP][PASSED] - if (strSeller3 != ""): null

2024-01-22 18:06:13 - [TEST_STEP][PASSED] - else: null

2024-01-22 18:06:13 - [TEST_STEP][PASSED] - strSeller3 = "-": null

2024-01-22 18:06:13 - [TEST_STEP][PASSED] - strSellerVol3 = "0": null

2024-01-22 18:06:13 - [TEST_STEP][PASSED] - strSellerAvg3 = "0": null

2024-01-22 18:06:13 - [TEST_STEP][PASSED] - strAccDist = getText(findTestObject("Stockbit/Bandarmology_AccDist")): Text of object 'Object Repository/Stockbit/Bandarmology_AccDist' is: 'Dist'

2024-01-22 18:06:13 - [MESSAGE][PASSED] - Text of object 'Object Repository/Stockbit/Bandarmology_AccDist' is: 'Dist'

2024-01-22 18:06:13 - [TEST_STEP][PASSED] - strNetVol = getText(findTestObject("Stockbit/Bandarmology_NetVol")): Text of object 'Object Repository/Stockbit/Bandarmology_NetVol' is: '97'

2024-01-22 18:06:13 - [MESSAGE][PASSED] - Text of object 'Object Repository/Stockbit/Bandarmology_NetVol' is: '97'

2024-01-22 18:06:13 - [TEST_STEP][PASSED] - strNetVol = strNetVol.replace(",", ""): null

2024-01-22 18:06:13 - [TEST_STEP][PASSED] - strNetVal = getText(findTestObject("Stockbit/Bandarmology_NetVal")): Text of object 'Object Repository/Stockbit/Bandarmology_NetVal' is: '0 B'

2024-01-22 18:06:13 - [MESSAGE][PASSED] - Text of object 'Object Repository/Stockbit/Bandarmology_NetVal' is: '0 B'

2024-01-22 18:06:13 - [TEST_STEP][PASSED] - delay(3): Delayed 3 second(s)

2024-01-22 18:06:16 - [MESSAGE][PASSED] - Delayed 3 second(s)

2024-01-22 18:06:16 - [TEST_STEP][PASSED] - strOpenPrice = getText(findTestObject("Stockbit/Home_OpenPrice")): Text of object 'Object Repository/Stockbit/Home_OpenPrice' is: '50'

2024-01-22 18:06:16 - [MESSAGE][PASSED] - Text of object 'Object Repository/Stockbit/Home_OpenPrice' is: '50'

2024-01-22 18:06:16 - [TEST_STEP][PASSED] - strOpenPrice = strOpenPrice.replace(",", ""): null

2024-01-22 18:06:16 - [TEST_STEP][PASSED] - strLowPrice = getText(findTestObject("Stockbit/Home_LowPrice")): Text of object 'Object Repository/Stockbit/Home_LowPrice' is: '50'

2024-01-22 18:06:16 - [MESSAGE][PASSED] - Text of object 'Object Repository/Stockbit/Home_LowPrice' is: '50'

2024-01-22 18:06:16 - [TEST_STEP][PASSED] - strLowPrice = strLowPrice.replace(",", ""): null

2024-01-22 18:06:16 - [TEST_STEP][PASSED] - strHighPrice = getText(findTestObject("Stockbit/Home_HighPrice")): Text of object 'Object Repository/Stockbit/Home_HighPrice' is: '50'

2024-01-22 18:06:17 - [MESSAGE][PASSED] - Text of object 'Object Repository/Stockbit/Home_HighPrice' is: '50'

2024-01-22 18:06:17 - [TEST_STEP][PASSED] - strHighPrice = strHighPrice.replace(",", ""): null

2024-01-22 18:06:17 - [TEST_STEP][PASSED] - strClosePrice = getText(findTestObject("Stockbit/Home_ClosePrice")): Text of object 'Object Repository/Stockbit/Home_ClosePrice' is: '50'

2024-01-22 18:06:17 - [MESSAGE][PASSED] - Text of object 'Object Repository/Stockbit/Home_ClosePrice' is: '50'

2024-01-22 18:06:17 - [TEST_STEP][PASSED] - strClosePrice = strClosePrice.replace(",", ""): null

2024-01-22 18:06:17 - [TEST_STEP][PASSED] - strVol = getText(findTestObject("Stockbit/Home_Volume")): Text of object 'Object Repository/Stockbit/Home_Volume' is: '97'

2024-01-22 18:06:17 - [MESSAGE][PASSED] - Text of object 'Object Repository/Stockbit/Home_Volume' is: '97'

2024-01-22 18:06:17 - [TEST_STEP][PASSED] - if (strVol.contains(" K")): null

2024-01-22 18:06:17 - [TEST_STEP][PASSED] - if (strVol.contains(",")): null

2024-01-22 18:06:17 - [TEST_STEP][PASSED] - strChange = getText(findTestObject("Stockbit/Home_Change")): Text of object 'Object Repository/Stockbit/Home_Change' is: '0.00%'

2024-01-22 18:06:17 - [MESSAGE][PASSED] - Text of object 'Object Repository/Stockbit/Home_Change' is: '0.00%'

2024-01-22 18:06:17 - [TEST_STEP][PASSED] - strChange = strChange.replace("%", ""): null

2024-01-22 18:06:17 - [TEST_STEP][PASSED] - strFreq = getText(findTestObject("Stockbit/Home_Freq")): Text of object 'Object Repository/Stockbit/Home_Freq' is: '13'

2024-01-22 18:06:17 - [MESSAGE][PASSED] - Text of object 'Object Repository/Stockbit/Home_Freq' is: '13'

2024-01-22 18:06:17 - [TEST_STEP][PASSED] - if (strFreq.contains(",")): null

2024-01-22 18:06:17 - [TEST_STEP][PASSED] - if (strFreq == "NA" || strFreq == ""): null

2024-01-22 18:06:17 - [TEST_STEP][PASSED] - else: null

2024-01-22 18:06:17 - [TEST_STEP][PASSED] - dblFreqAnal = strVol.toDouble() / strFreq.toDouble() * strFreq.toDouble() * strFreq.toDouble() * 100000000: null

2024-01-22 18:06:17 - [TEST_STEP][PASSED] - strFreqAnal = String.format("%.4f", dblFreqAnal): null

2024-01-22 18:06:17 - [TEST_STEP][PASSED] - out.println("Double strFreqAnal: " + strFreqAnal): null

2024-01-22 18:06:17 - [TEST_STEP][PASSED] - strTanggal = d.format(DateTimeFormatter.ofPattern("yyyy-MM-dd")): null

2024-01-22 18:06:17 - [TEST_STEP][PASSED] - strTanggal = "#" + strTanggal + "#": null

2024-01-22 18:06:17 - [TEST_STEP][PASSED] - strSQL = "select count(*) as JumBaris from TblBrokSum where Nama = '" + strNama + "' and Tanggal = " + strTanggal + "": null

2024-01-22 18:06:17 - [TEST_STEP][PASSED] - resultSet = statement.executeQuery(strSQL): null

2024-01-22 18:06:17 - [TEST_STEP][PASSED] - resultSet.next(): null

2024-01-22 18:06:17 - [TEST_STEP][PASSED] - intJumBaris = resultSet.getInt("JumBaris"): null

2024-01-22 18:06:17 - [TEST_STEP][PASSED] - if (intJumBaris > 0): null

2024-01-22 18:06:17 - [TEST_STEP][PASSED] - else: null

2024-01-22 18:06:17 - [TEST_STEP][PASSED] - try: null

2024-01-22 18:06:17 - [TEST_STEP][PASSED] - out.println("Insert data"): null

2024-01-22 18:06:17 - [TEST_STEP][PASSED] - strSQL = "insert into TblBrokSum (nama, tanggal, top1, top2, top3, AllBrokAvg, AccDist, AvgRP, " + "Buyer1, BuyerVal1, BuyerAvg1, Seller1, SellerVal1, SellerAvg1, Buyer2, BuyerVal2, BuyerAvg2, " + "Seller2, SellerVal2, SellerAvg2, Buyer3, BuyerVal3, BuyerAvg3, Seller3, SellerVal3, SellerAvg3, NetVol, NetVal, " + "OpenPrice, LowPrice, HighPrice, ClosePrice, Volume, Change, Frekuensi, FrekAnal) " + "values ('" + strNama + "', " + strTanggal + ", '" + strTop1 + "', '" + strTop3 + "', '" + strTop5 + "', " + "'" + strAllBrokAvg + "', '" + strAccDist + "', " + intAvgRP + ", '" + strBuyer1 + "', '" + strBuyerVol1 + "', " + strBuyerAvg1 + ", " + "'" + strSeller1 + "', '" + strSellerVol1 + "', " + strSellerAvg1 + ", '" + strBuyer2 + "', '" + strBuyerVol2 + "', " + strBuyerAvg2 + ", " + "'" + strSeller2 + "', '" + strSellerVol2 + "', " + strSellerAvg2 + ", '" + strBuyer3 + "', '" + strBuyerVol3 + "', " + strBuyerAvg3 + ", " + "'" + strSeller3 + "', '" + strSellerVol3 + "', " + strSellerAvg3 + ", " + strNetVol + ", '" + strNetVal + "', " + "" + strOpenPrice + ", " + strLowPrice + ", " + strHighPrice + ", " + strClosePrice + ", '" + strVol + "', " + strChange + ", " + strFreq + ", " + strFreqAnal + ");": null

2024-01-22 18:06:17 - [TEST_STEP][PASSED] - out.println("strSQL = " + strSQL): null

2024-01-22 18:06:17 - [TEST_STEP][PASSED] - statement.executeUpdate(strSQL): null

2024-01-22 18:06:17 - [TEST_STEP][PASSED] - setValueToCellByIndex(sheet01, rowIndex, 4, "DONE"): null

2024-01-22 18:06:17 - [TEST_STEP][PASSED] - saveWorkbook(excelFilePath, workbook01): null

2024-01-22 18:06:17 - [TEST_STEP][PASSED] - waitForElementClickable(findTestObject("Stockbit/menu_Bandarmology"), 10): Object 'Object Repository/Stockbit/menu_Bandarmology' is clickable

2024-01-22 18:06:17 - [MESSAGE][PASSED] - Object 'Object Repository/Stockbit/menu_Bandarmology' is clickable

2024-01-22 18:06:17 - [TEST_STEP][PASSED] - click(findTestObject("Stockbit/menu_Bandarmology")): Object: 'Object Repository/Stockbit/menu_Bandarmology' is clicked on

2024-01-22 18:06:18 - [MESSAGE][PASSED] - Object: 'Object Repository/Stockbit/menu_Bandarmology' is clicked on

2024-01-22 18:06:18 - [TEST_STEP][PASSED] - strTemp = "NA": null

2024-01-22 18:06:18 - [TEST_STEP][PASSED] - if (getCellValueByIndex(sheet01, rowIndex, 4) != "DONE"): Object: 'Object Repository/Stockbit/menu_Bandarmology' is clicked on

2024-01-22 18:06:18 - [TEST_STEP][PASSED] - strNama = getCellValueByIndex(sheet01, rowIndex, 0): null

2024-01-22 18:06:18 - [TEST_STEP][PASSED] - navigateToUrl("https://stockbit.com/#/symbol/" + strNama): Navigate to 'https://stockbit.com/#/symbol/YELO' successfully

2024-01-22 18:06:20 - [MESSAGE][PASSED] - Navigate to 'https://stockbit.com/#/symbol/YELO' successfully

2024-01-22 18:06:20 - [TEST_STEP][PASSED] - waitForElementClickable(findTestObject("Stockbit/menu_Bandarmology"), 10): Object 'Object Repository/Stockbit/menu_Bandarmology' is clickable

2024-01-22 18:06:20 - [MESSAGE][PASSED] - Object 'Object Repository/Stockbit/menu_Bandarmology' is clickable

2024-01-22 18:06:20 - [TEST_STEP][PASSED] - click(findTestObject("Stockbit/menu_Bandarmology")): Object: 'Object Repository/Stockbit/menu_Bandarmology' is clicked on

2024-01-22 18:06:20 - [MESSAGE][PASSED] - Object: 'Object Repository/Stockbit/menu_Bandarmology' is clicked on

2024-01-22 18:06:20 - [TEST_STEP][PASSED] - strTanggal = d.format(DateTimeFormatter.ofPattern("MMM dd, yyyy")): null

2024-01-22 18:06:20 - [TEST_STEP][PASSED] - strTanggal = d.format(ISO_DATE): null

2024-01-22 18:06:20 - [TEST_STEP][PASSED] - out.println("strTanggal = " + strTanggal): null

2024-01-22 18:06:20 - [TEST_STEP][PASSED] - out.println("strNama = " + strNama): null

2024-01-22 18:06:20 - [TEST_STEP][PASSED] - out.println("Baris ke = " + rowIndex): null

2024-01-22 18:06:20 - [TEST_STEP][PASSED] - click(findTestObject("Stockbit/input__BandarmologyOpenStartDate")): Object: 'Object Repository/Stockbit/input__BandarmologyOpenStartDate' is clicked on

2024-01-22 18:06:22 - [MESSAGE][PASSED] - Object: 'Object Repository/Stockbit/input__BandarmologyOpenStartDate' is clicked on

2024-01-22 18:06:22 - [TEST_STEP][PASSED] - sendKeys(findTestObject("Stockbit/input__BandarmologyOpenStartDate"), Keys.chord(CONTROL, "a")): Keys 'CONTROL + a' sent to object: 'Object Repository/Stockbit/input__BandarmologyOpenStartDate'

2024-01-22 18:06:22 - [MESSAGE][PASSED] - Keys 'CONTROL + a' sent to object: 'Object Repository/Stockbit/input__BandarmologyOpenStartDate'

2024-01-22 18:06:22 - [TEST_STEP][PASSED] - sendKeys(findTestObject("Stockbit/input__BandarmologyOpenStartDate"), Keys.chord(BACK_SPACE)): Keys 'BACK_SPACE + ' sent to object: 'Object Repository/Stockbit/input__BandarmologyOpenStartDate'

2024-01-22 18:06:23 - [MESSAGE][PASSED] - Keys 'BACK_SPACE + ' sent to object: 'Object Repository/Stockbit/input__BandarmologyOpenStartDate'

2024-01-22 18:06:23 - [TEST_STEP][PASSED] - setText(findTestObject("Stockbit/input__BandarmologyOpenStartDate"), strTanggal): Text '2024-01-22' is set on object 'Object Repository/Stockbit/input__BandarmologyOpenStartDate'

2024-01-22 18:06:24 - [MESSAGE][PASSED] - Text '2024-01-22' is set on object 'Object Repository/Stockbit/input__BandarmologyOpenStartDate'

2024-01-22 18:06:24 - [TEST_STEP][PASSED] - sendKeys(findTestObject("Stockbit/input__BandarmologyOpenStartDate"), Keys.chord(ENTER)): Keys 'ENTER + ' sent to object: 'Object Repository/Stockbit/input__BandarmologyOpenStartDate'

2024-01-22 18:06:24 - [MESSAGE][PASSED] - Keys 'ENTER + ' sent to object: 'Object Repository/Stockbit/input__BandarmologyOpenStartDate'

2024-01-22 18:06:24 - [TEST_STEP][PASSED] - click(findTestObject("Stockbit/input__BandarmologyOpenEndDate")): Object: 'Object Repository/Stockbit/input__BandarmologyOpenEndDate' is clicked on

2024-01-22 18:06:25 - [MESSAGE][PASSED] - Object: 'Object Repository/Stockbit/input__BandarmologyOpenEndDate' is clicked on

2024-01-22 18:06:25 - [TEST_STEP][PASSED] - sendKeys(findTestObject("Stockbit/input__BandarmologyOpenEndDate"), Keys.chord(CONTROL, "a")): Keys 'CONTROL + a' sent to object: 'Object Repository/Stockbit/input__BandarmologyOpenEndDate'

2024-01-22 18:06:25 - [MESSAGE][PASSED] - Keys 'CONTROL + a' sent to object: 'Object Repository/Stockbit/input__BandarmologyOpenEndDate'

2024-01-22 18:06:25 - [TEST_STEP][PASSED] - sendKeys(findTestObject("Stockbit/input__BandarmologyOpenEndDate"), Keys.chord(BACK_SPACE)): Keys 'BACK_SPACE + ' sent to object: 'Object Repository/Stockbit/input__BandarmologyOpenEndDate'

2024-01-22 18:06:26 - [MESSAGE][PASSED] - Keys 'BACK_SPACE + ' sent to object: 'Object Repository/Stockbit/input__BandarmologyOpenEndDate'

2024-01-22 18:06:26 - [TEST_STEP][PASSED] - setText(findTestObject("Stockbit/input__BandarmologyOpenEndDate"), strTanggal): Text '2024-01-22' is set on object 'Object Repository/Stockbit/input__BandarmologyOpenEndDate'

2024-01-22 18:06:26 - [MESSAGE][PASSED] - Text '2024-01-22' is set on object 'Object Repository/Stockbit/input__BandarmologyOpenEndDate'

2024-01-22 18:06:26 - [TEST_STEP][PASSED] - sendKeys(findTestObject("Stockbit/input__BandarmologyOpenEndDate"), Keys.chord(ENTER)): Keys 'ENTER + ' sent to object: 'Object Repository/Stockbit/input__BandarmologyOpenEndDate'

2024-01-22 18:06:27 - [MESSAGE][PASSED] - Keys 'ENTER + ' sent to object: 'Object Repository/Stockbit/input__BandarmologyOpenEndDate'

2024-01-22 18:06:27 - [TEST_STEP][PASSED] - delay(2): Delayed 2 second(s)

2024-01-22 18:06:29 - [MESSAGE][PASSED] - Delayed 2 second(s)

2024-01-22 18:06:29 - [TEST_STEP][PASSED] - strTemp = getText(findTestObject("Stockbit/Bandarmology_AvgRP")): Text of object 'Object Repository/Stockbit/Bandarmology_AvgRP' is: '50'

2024-01-22 18:06:29 - [MESSAGE][PASSED] - Text of object 'Object Repository/Stockbit/Bandarmology_AvgRP' is: '50'

2024-01-22 18:06:29 - [TEST_STEP][PASSED] - out.println("Bandarmology_AvgRP = " + strTemp): null

2024-01-22 18:06:29 - [TEST_STEP][PASSED] - if (strTemp != "0"): null

2024-01-22 18:06:29 - [TEST_STEP][PASSED] - strTop1 = getText(findTestObject("Stockbit/Bandarmology_Top1")): Text of object 'Object Repository/Stockbit/Bandarmology_Top1' is: 'Big Dist'

2024-01-22 18:06:29 - [MESSAGE][PASSED] - Text of object 'Object Repository/Stockbit/Bandarmology_Top1' is: 'Big Dist'

2024-01-22 18:06:29 - [TEST_STEP][PASSED] - strTop3 = getText(findTestObject("Stockbit/Bandarmology_Top3")): Text of object 'Object Repository/Stockbit/Bandarmology_Top3' is: 'Neutral'

2024-01-22 18:06:29 - [MESSAGE][PASSED] - Text of object 'Object Repository/Stockbit/Bandarmology_Top3' is: 'Neutral'

2024-01-22 18:06:29 - [TEST_STEP][PASSED] - strTop5 = getText(findTestObject("Stockbit/Bandarmology_Top5")): Text of object 'Object Repository/Stockbit/Bandarmology_Top5' is: 'Neutral'

2024-01-22 18:06:30 - [MESSAGE][PASSED] - Text of object 'Object Repository/Stockbit/Bandarmology_Top5' is: 'Neutral'

2024-01-22 18:06:30 - [TEST_STEP][PASSED] - strAllBrokAvg = getText(findTestObject("Stockbit/Bandarmology_TopAVG")): Text of object 'Object Repository/Stockbit/Bandarmology_TopAVG' is: 'Small Dist'

2024-01-22 18:06:30 - [MESSAGE][PASSED] - Text of object 'Object Repository/Stockbit/Bandarmology_TopAVG' is: 'Small Dist'

2024-01-22 18:06:30 - [TEST_STEP][PASSED] - strTemp = getText(findTestObject("Stockbit/Bandarmology_AvgRP")): Text of object 'Object Repository/Stockbit/Bandarmology_AvgRP' is: '50'

2024-01-22 18:06:30 - [MESSAGE][PASSED] - Text of object 'Object Repository/Stockbit/Bandarmology_AvgRP' is: '50'

2024-01-22 18:06:30 - [TEST_STEP][PASSED] - if (strTemp.contains(",")): null

2024-01-22 18:06:30 - [TEST_STEP][PASSED] - intAvgRP = strTemp.toInteger(): null

2024-01-22 18:06:30 - [TEST_STEP][PASSED] - strBuyer1 = getText(findTestObject("Stockbit/Bandarmology_Buyer1")): Text of object 'Object Repository/Stockbit/Bandarmology_Buyer1' is: 'YB'

2024-01-22 18:06:30 - [MESSAGE][PASSED] - Text of object 'Object Repository/Stockbit/Bandarmology_Buyer1' is: 'YB'

2024-01-22 18:06:30 - [TEST_STEP][PASSED] - strBuyerVol1 = getText(findTestObject("Stockbit/Bandarmology_BuyerVol1")): Text of object 'Object Repository/Stockbit/Bandarmology_BuyerVol1' is: '500'

2024-01-22 18:06:30 - [MESSAGE][PASSED] - Text of object 'Object Repository/Stockbit/Bandarmology_BuyerVol1' is: '500'

2024-01-22 18:06:30 - [TEST_STEP][PASSED] - strBuyerAvg1 = getText(findTestObject("Stockbit/Bandarmology_BuyerAvg1")): Text of object 'Object Repository/Stockbit/Bandarmology_BuyerAvg1' is: '50'

2024-01-22 18:06:30 - [MESSAGE][PASSED] - Text of object 'Object Repository/Stockbit/Bandarmology_BuyerAvg1' is: '50'

2024-01-22 18:06:30 - [TEST_STEP][PASSED] - if (strBuyerAvg1.contains(",")): null

2024-01-22 18:06:30 - [TEST_STEP][PASSED] - if (strBuyerVol1.contains(" B")): null

2024-01-22 18:06:30 - [TEST_STEP][PASSED] - strSeller1 = getText(findTestObject("Stockbit/Bandarmology_Seller1")): Text of object 'Object Repository/Stockbit/Bandarmology_Seller1' is: 'IF'

2024-01-22 18:06:30 - [MESSAGE][PASSED] - Text of object 'Object Repository/Stockbit/Bandarmology_Seller1' is: 'IF'

2024-01-22 18:06:30 - [TEST_STEP][PASSED] - strSellerVol1 = getText(findTestObject("Stockbit/Bandarmology_SellerVol1")): Text of object 'Object Repository/Stockbit/Bandarmology_SellerVol1' is: '1.1 K'

2024-01-22 18:06:31 - [MESSAGE][PASSED] - Text of object 'Object Repository/Stockbit/Bandarmology_SellerVol1' is: '1.1 K'

2024-01-22 18:06:31 - [TEST_STEP][PASSED] - strSellerAvg1 = getText(findTestObject("Stockbit/Bandarmology_SellerAvg1")): Text of object 'Object Repository/Stockbit/Bandarmology_SellerAvg1' is: '50'

2024-01-22 18:06:31 - [MESSAGE][PASSED] - Text of object 'Object Repository/Stockbit/Bandarmology_SellerAvg1' is: '50'

2024-01-22 18:06:31 - [TEST_STEP][PASSED] - if (strSellerAvg1.contains(",")): null

2024-01-22 18:06:31 - [TEST_STEP][PASSED] - if (strSellerVol1.contains(" B")): null

2024-01-22 18:06:31 - [TEST_STEP][PASSED] - else if (strSellerVol1.contains(" M")): null

2024-01-22 18:06:31 - [TEST_STEP][PASSED] - else if (strSellerVol1.contains(" K")): null

2024-01-22 18:06:31 - [TEST_STEP][PASSED] - strSellerVol1 = strSellerVol1.replace(" K", ""): null

2024-01-22 18:06:31 - [TEST_STEP][PASSED] - strSellerVol1 = strSellerVol1.toDouble() * 1000: null

2024-01-22 18:06:31 - [TEST_STEP][PASSED] - if (verifyElementNotPresent(findTestObject("Stockbit/Bandarmology_Buyer2"), 1, OPTIONAL)): Web element with id: 'Object Repository/Stockbit/Bandarmology_Buyer2' located by 'By.xpath: //*[contains(@id, 'rc-tabs-')]/div[2]/div/div/div/div/div/div[2]/table/tbody/tr[3]/td[1]/p' is present after '1' second(s) (Root cause: com.kms.katalon.core.exception.StepFailedException: Web element with id: 'Object Repository/Stockbit/Bandarmology_Buyer2' located by 'By.xpath: //*[contains(@id, 'rc-tabs-')]/div[2]/div/div/div/div/div/div[2]/table/tbody/tr[3]/td[1]/p' is present after '1' second(s)
	at com.kms.katalon.core.webui.keyword.internal.WebUIKeywordMain.stepFailed(WebUIKeywordMain.groovy:64)
	at com.kms.katalon.core.webui.keyword.internal.WebUIKeywordMain$stepFailed$0.call(Unknown Source)
	at com.kms.katalon.core.webui.keyword.builtin.VerifyElementNotPresentKeyword$_verifyElementNotPresent_closure1.doCall(VerifyElementNotPresentKeyword.groovy:106)
	at com.kms.katalon.core.webui.keyword.builtin.VerifyElementNotPresentKeyword$_verifyElementNotPresent_closure1.doCall(VerifyElementNotPresentKeyword.groovy)
	at com.kms.katalon.core.webui.keyword.internal.WebUIKeywordMain.runKeyword(WebUIKeywordMain.groovy:20)
	at com.kms.katalon.core.webui.keyword.internal.WebUIKeywordMain$runKeyword.call(Unknown Source)
	at com.kms.katalon.core.webui.keyword.builtin.VerifyElementNotPresentKeyword.verifyElementNotPresent(VerifyElementNotPresentKeyword.groovy:117)
	at com.kms.katalon.core.webui.keyword.builtin.VerifyElementNotPresentKeyword.execute(VerifyElementNotPresentKeyword.groovy:68)
	at com.kms.katalon.core.keyword.internal.KeywordExecutor.executeKeywordForPlatform(KeywordExecutor.groovy:74)
	at com.kms.katalon.core.webui.keyword.WebUiBuiltInKeywords.verifyElementNotPresent(WebUiBuiltInKeywords.groovy:1481)
	at com.kms.katalon.core.webui.keyword.WebUiBuiltInKeywords$verifyElementNotPresent$8.call(Unknown Source)
	at GetBrokSumPriceDaily.run(GetBrokSumPriceDaily:258)
	at com.kms.katalon.core.main.ScriptEngine.run(ScriptEngine.java:194)
	at com.kms.katalon.core.main.ScriptEngine.runScriptAsRawText(ScriptEngine.java:119)
	at com.kms.katalon.core.main.TestCaseExecutor.runScript(TestCaseExecutor.java:445)
	at com.kms.katalon.core.main.TestCaseExecutor.doExecute(TestCaseExecutor.java:436)
	at com.kms.katalon.core.main.TestCaseExecutor.processExecutionPhase(TestCaseExecutor.java:415)
	at com.kms.katalon.core.main.TestCaseExecutor.accessMainPhase(TestCaseExecutor.java:407)
	at com.kms.katalon.core.main.TestCaseExecutor.execute(TestCaseExecutor.java:284)
	at com.kms.katalon.core.common.CommonExecutor.accessTestCaseMainPhase(CommonExecutor.java:65)
	at com.kms.katalon.core.main.TestSuiteExecutor.accessTestSuiteMainPhase(TestSuiteExecutor.java:144)
	at com.kms.katalon.core.main.TestSuiteExecutor.execute(TestSuiteExecutor.java:106)
	at com.kms.katalon.core.main.TestCaseMain.startTestSuite(TestCaseMain.java:185)
	at com.kms.katalon.core.main.TestCaseMain$startTestSuite$0.call(Unknown Source)
	at TempTestSuite1705920083951.run(TempTestSuite1705920083951.groovy:36)
)

2024-01-22 18:06:32 - [MESSAGE][WARNING] - Web element with id: 'Object Repository/Stockbit/Bandarmology_Buyer2' located by 'By.xpath: //*[contains(@id, 'rc-tabs-')]/div[2]/div/div/div/div/div/div[2]/table/tbody/tr[3]/td[1]/p' is present after '1' second(s) (Root cause: com.kms.katalon.core.exception.StepFailedException: Web element with id: 'Object Repository/Stockbit/Bandarmology_Buyer2' located by 'By.xpath: //*[contains(@id, 'rc-tabs-')]/div[2]/div/div/div/div/div/div[2]/table/tbody/tr[3]/td[1]/p' is present after '1' second(s)
	at com.kms.katalon.core.webui.keyword.internal.WebUIKeywordMain.stepFailed(WebUIKeywordMain.groovy:64)
	at com.kms.katalon.core.webui.keyword.internal.WebUIKeywordMain$stepFailed$0.call(Unknown Source)
	at com.kms.katalon.core.webui.keyword.builtin.VerifyElementNotPresentKeyword$_verifyElementNotPresent_closure1.doCall(VerifyElementNotPresentKeyword.groovy:106)
	at com.kms.katalon.core.webui.keyword.builtin.VerifyElementNotPresentKeyword$_verifyElementNotPresent_closure1.doCall(VerifyElementNotPresentKeyword.groovy)
	at com.kms.katalon.core.webui.keyword.internal.WebUIKeywordMain.runKeyword(WebUIKeywordMain.groovy:20)
	at com.kms.katalon.core.webui.keyword.internal.WebUIKeywordMain$runKeyword.call(Unknown Source)
	at com.kms.katalon.core.webui.keyword.builtin.VerifyElementNotPresentKeyword.verifyElementNotPresent(VerifyElementNotPresentKeyword.groovy:117)
	at com.kms.katalon.core.webui.keyword.builtin.VerifyElementNotPresentKeyword.execute(VerifyElementNotPresentKeyword.groovy:68)
	at com.kms.katalon.core.keyword.internal.KeywordExecutor.executeKeywordForPlatform(KeywordExecutor.groovy:74)
	at com.kms.katalon.core.webui.keyword.WebUiBuiltInKeywords.verifyElementNotPresent(WebUiBuiltInKeywords.groovy:1481)
	at com.kms.katalon.core.webui.keyword.WebUiBuiltInKeywords$verifyElementNotPresent$8.call(Unknown Source)
	at GetBrokSumPriceDaily.run(GetBrokSumPriceDaily:258)
	at com.kms.katalon.core.main.ScriptEngine.run(ScriptEngine.java:194)
	at com.kms.katalon.core.main.ScriptEngine.runScriptAsRawText(ScriptEngine.java:119)
	at com.kms.katalon.core.main.TestCaseExecutor.runScript(TestCaseExecutor.java:445)
	at com.kms.katalon.core.main.TestCaseExecutor.doExecute(TestCaseExecutor.java:436)
	at com.kms.katalon.core.main.TestCaseExecutor.processExecutionPhase(TestCaseExecutor.java:415)
	at com.kms.katalon.core.main.TestCaseExecutor.accessMainPhase(TestCaseExecutor.java:407)
	at com.kms.katalon.core.main.TestCaseExecutor.execute(TestCaseExecutor.java:284)
	at com.kms.katalon.core.common.CommonExecutor.accessTestCaseMainPhase(CommonExecutor.java:65)
	at com.kms.katalon.core.main.TestSuiteExecutor.accessTestSuiteMainPhase(TestSuiteExecutor.java:144)
	at com.kms.katalon.core.main.TestSuiteExecutor.execute(TestSuiteExecutor.java:106)
	at com.kms.katalon.core.main.TestCaseMain.startTestSuite(TestCaseMain.java:185)
	at com.kms.katalon.core.main.TestCaseMain$startTestSuite$0.call(Unknown Source)
	at TempTestSuite1705920083951.run(TempTestSuite1705920083951.groovy:36)
)
[[ATTACHMENT|C:\\Users\\Fadli\\git\\KatalonDailyGetData2\\Reports\\20240122_174123\\TS1\\20240122_174123\\1705921592544.png]]

2024-01-22 18:06:32 - [TEST_STEP][PASSED] - else: null

2024-01-22 18:06:32 - [TEST_STEP][PASSED] - strBuyer2 = getText(findTestObject("Stockbit/Bandarmology_Buyer2")): Text of object 'Object Repository/Stockbit/Bandarmology_Buyer2' is: 'PD'

2024-01-22 18:06:32 - [MESSAGE][PASSED] - Text of object 'Object Repository/Stockbit/Bandarmology_Buyer2' is: 'PD'

2024-01-22 18:06:32 - [TEST_STEP][PASSED] - strBuyerVol2 = getText(findTestObject("Stockbit/Bandarmology_BuyerVol2")): Text of object 'Object Repository/Stockbit/Bandarmology_BuyerVol2' is: '306'

2024-01-22 18:06:33 - [MESSAGE][PASSED] - Text of object 'Object Repository/Stockbit/Bandarmology_BuyerVol2' is: '306'

2024-01-22 18:06:33 - [TEST_STEP][PASSED] - strBuyerAvg2 = getText(findTestObject("Stockbit/Bandarmology_BuyerAvg2")): Text of object 'Object Repository/Stockbit/Bandarmology_BuyerAvg2' is: '50'

2024-01-22 18:06:33 - [MESSAGE][PASSED] - Text of object 'Object Repository/Stockbit/Bandarmology_BuyerAvg2' is: '50'

2024-01-22 18:06:33 - [TEST_STEP][PASSED] - if (strBuyer2 != ""): null

2024-01-22 18:06:33 - [TEST_STEP][PASSED] - if (strBuyerAvg2.contains(",")): null

2024-01-22 18:06:33 - [TEST_STEP][PASSED] - if (strBuyerVol2.contains(" B")): null

2024-01-22 18:06:33 - [TEST_STEP][PASSED] - if (strBuyerVol2.contains(".")): null

2024-01-22 18:06:33 - [TEST_STEP][PASSED] - if (verifyElementNotPresent(findTestObject("Stockbit/Bandarmology_Seller2"), 1, OPTIONAL)): Web element with id: 'Object Repository/Stockbit/Bandarmology_Seller2' located by 'By.xpath: //*[contains(@id, 'rc-tabs-')]/div[2]/div/div/div/div/div/div[2]/table/tbody/tr[3]/td[5]/p' is present after '1' second(s) (Root cause: com.kms.katalon.core.exception.StepFailedException: Web element with id: 'Object Repository/Stockbit/Bandarmology_Seller2' located by 'By.xpath: //*[contains(@id, 'rc-tabs-')]/div[2]/div/div/div/div/div/div[2]/table/tbody/tr[3]/td[5]/p' is present after '1' second(s)
	at com.kms.katalon.core.webui.keyword.internal.WebUIKeywordMain.stepFailed(WebUIKeywordMain.groovy:64)
	at com.kms.katalon.core.webui.keyword.internal.WebUIKeywordMain$stepFailed$0.call(Unknown Source)
	at com.kms.katalon.core.webui.keyword.builtin.VerifyElementNotPresentKeyword$_verifyElementNotPresent_closure1.doCall(VerifyElementNotPresentKeyword.groovy:106)
	at com.kms.katalon.core.webui.keyword.builtin.VerifyElementNotPresentKeyword$_verifyElementNotPresent_closure1.doCall(VerifyElementNotPresentKeyword.groovy)
	at com.kms.katalon.core.webui.keyword.internal.WebUIKeywordMain.runKeyword(WebUIKeywordMain.groovy:20)
	at com.kms.katalon.core.webui.keyword.internal.WebUIKeywordMain$runKeyword.call(Unknown Source)
	at com.kms.katalon.core.webui.keyword.builtin.VerifyElementNotPresentKeyword.verifyElementNotPresent(VerifyElementNotPresentKeyword.groovy:117)
	at com.kms.katalon.core.webui.keyword.builtin.VerifyElementNotPresentKeyword.execute(VerifyElementNotPresentKeyword.groovy:68)
	at com.kms.katalon.core.keyword.internal.KeywordExecutor.executeKeywordForPlatform(KeywordExecutor.groovy:74)
	at com.kms.katalon.core.webui.keyword.WebUiBuiltInKeywords.verifyElementNotPresent(WebUiBuiltInKeywords.groovy:1481)
	at com.kms.katalon.core.webui.keyword.WebUiBuiltInKeywords$verifyElementNotPresent$8.call(Unknown Source)
	at GetBrokSumPriceDaily.run(GetBrokSumPriceDaily:309)
	at com.kms.katalon.core.main.ScriptEngine.run(ScriptEngine.java:194)
	at com.kms.katalon.core.main.ScriptEngine.runScriptAsRawText(ScriptEngine.java:119)
	at com.kms.katalon.core.main.TestCaseExecutor.runScript(TestCaseExecutor.java:445)
	at com.kms.katalon.core.main.TestCaseExecutor.doExecute(TestCaseExecutor.java:436)
	at com.kms.katalon.core.main.TestCaseExecutor.processExecutionPhase(TestCaseExecutor.java:415)
	at com.kms.katalon.core.main.TestCaseExecutor.accessMainPhase(TestCaseExecutor.java:407)
	at com.kms.katalon.core.main.TestCaseExecutor.execute(TestCaseExecutor.java:284)
	at com.kms.katalon.core.common.CommonExecutor.accessTestCaseMainPhase(CommonExecutor.java:65)
	at com.kms.katalon.core.main.TestSuiteExecutor.accessTestSuiteMainPhase(TestSuiteExecutor.java:144)
	at com.kms.katalon.core.main.TestSuiteExecutor.execute(TestSuiteExecutor.java:106)
	at com.kms.katalon.core.main.TestCaseMain.startTestSuite(TestCaseMain.java:185)
	at com.kms.katalon.core.main.TestCaseMain$startTestSuite$0.call(Unknown Source)
	at TempTestSuite1705920083951.run(TempTestSuite1705920083951.groovy:36)
)

2024-01-22 18:06:34 - [MESSAGE][WARNING] - Web element with id: 'Object Repository/Stockbit/Bandarmology_Seller2' located by 'By.xpath: //*[contains(@id, 'rc-tabs-')]/div[2]/div/div/div/div/div/div[2]/table/tbody/tr[3]/td[5]/p' is present after '1' second(s) (Root cause: com.kms.katalon.core.exception.StepFailedException: Web element with id: 'Object Repository/Stockbit/Bandarmology_Seller2' located by 'By.xpath: //*[contains(@id, 'rc-tabs-')]/div[2]/div/div/div/div/div/div[2]/table/tbody/tr[3]/td[5]/p' is present after '1' second(s)
	at com.kms.katalon.core.webui.keyword.internal.WebUIKeywordMain.stepFailed(WebUIKeywordMain.groovy:64)
	at com.kms.katalon.core.webui.keyword.internal.WebUIKeywordMain$stepFailed$0.call(Unknown Source)
	at com.kms.katalon.core.webui.keyword.builtin.VerifyElementNotPresentKeyword$_verifyElementNotPresent_closure1.doCall(VerifyElementNotPresentKeyword.groovy:106)
	at com.kms.katalon.core.webui.keyword.builtin.VerifyElementNotPresentKeyword$_verifyElementNotPresent_closure1.doCall(VerifyElementNotPresentKeyword.groovy)
	at com.kms.katalon.core.webui.keyword.internal.WebUIKeywordMain.runKeyword(WebUIKeywordMain.groovy:20)
	at com.kms.katalon.core.webui.keyword.internal.WebUIKeywordMain$runKeyword.call(Unknown Source)
	at com.kms.katalon.core.webui.keyword.builtin.VerifyElementNotPresentKeyword.verifyElementNotPresent(VerifyElementNotPresentKeyword.groovy:117)
	at com.kms.katalon.core.webui.keyword.builtin.VerifyElementNotPresentKeyword.execute(VerifyElementNotPresentKeyword.groovy:68)
	at com.kms.katalon.core.keyword.internal.KeywordExecutor.executeKeywordForPlatform(KeywordExecutor.groovy:74)
	at com.kms.katalon.core.webui.keyword.WebUiBuiltInKeywords.verifyElementNotPresent(WebUiBuiltInKeywords.groovy:1481)
	at com.kms.katalon.core.webui.keyword.WebUiBuiltInKeywords$verifyElementNotPresent$8.call(Unknown Source)
	at GetBrokSumPriceDaily.run(GetBrokSumPriceDaily:309)
	at com.kms.katalon.core.main.ScriptEngine.run(ScriptEngine.java:194)
	at com.kms.katalon.core.main.ScriptEngine.runScriptAsRawText(ScriptEngine.java:119)
	at com.kms.katalon.core.main.TestCaseExecutor.runScript(TestCaseExecutor.java:445)
	at com.kms.katalon.core.main.TestCaseExecutor.doExecute(TestCaseExecutor.java:436)
	at com.kms.katalon.core.main.TestCaseExecutor.processExecutionPhase(TestCaseExecutor.java:415)
	at com.kms.katalon.core.main.TestCaseExecutor.accessMainPhase(TestCaseExecutor.java:407)
	at com.kms.katalon.core.main.TestCaseExecutor.execute(TestCaseExecutor.java:284)
	at com.kms.katalon.core.common.CommonExecutor.accessTestCaseMainPhase(CommonExecutor.java:65)
	at com.kms.katalon.core.main.TestSuiteExecutor.accessTestSuiteMainPhase(TestSuiteExecutor.java:144)
	at com.kms.katalon.core.main.TestSuiteExecutor.execute(TestSuiteExecutor.java:106)
	at com.kms.katalon.core.main.TestCaseMain.startTestSuite(TestCaseMain.java:185)
	at com.kms.katalon.core.main.TestCaseMain$startTestSuite$0.call(Unknown Source)
	at TempTestSuite1705920083951.run(TempTestSuite1705920083951.groovy:36)
)
[[ATTACHMENT|C:\\Users\\Fadli\\git\\KatalonDailyGetData2\\Reports\\20240122_174123\\TS1\\20240122_174123\\1705921594409.png]]

2024-01-22 18:06:34 - [TEST_STEP][PASSED] - else: null

2024-01-22 18:06:34 - [TEST_STEP][PASSED] - strSeller2 = getText(findTestObject("Stockbit/Bandarmology_Seller2")): Text of object 'Object Repository/Stockbit/Bandarmology_Seller2' is: ''

2024-01-22 18:06:34 - [MESSAGE][PASSED] - Text of object 'Object Repository/Stockbit/Bandarmology_Seller2' is: ''

2024-01-22 18:06:34 - [TEST_STEP][PASSED] - strSellerVol2 = getText(findTestObject("Stockbit/Bandarmology_SellerVol2")): Text of object 'Object Repository/Stockbit/Bandarmology_SellerVol2' is: ''

2024-01-22 18:06:34 - [MESSAGE][PASSED] - Text of object 'Object Repository/Stockbit/Bandarmology_SellerVol2' is: ''

2024-01-22 18:06:34 - [TEST_STEP][PASSED] - strSellerAvg2 = getText(findTestObject("Stockbit/Bandarmology_SellerAvg2")): Text of object 'Object Repository/Stockbit/Bandarmology_SellerAvg2' is: ''

2024-01-22 18:06:35 - [MESSAGE][PASSED] - Text of object 'Object Repository/Stockbit/Bandarmology_SellerAvg2' is: ''

2024-01-22 18:06:35 - [TEST_STEP][PASSED] - if (strSeller2 != ""): null

2024-01-22 18:06:35 - [TEST_STEP][PASSED] - else: null

2024-01-22 18:06:35 - [TEST_STEP][PASSED] - strSeller2 = "-": null

2024-01-22 18:06:35 - [TEST_STEP][PASSED] - strSellerVol2 = "0": null

2024-01-22 18:06:35 - [TEST_STEP][PASSED] - strSellerAvg2 = "0": null

2024-01-22 18:06:35 - [TEST_STEP][PASSED] - if (verifyElementNotPresent(findTestObject("Stockbit/Bandarmology_Buyer3"), 1, OPTIONAL)): Web element with id: 'Object Repository/Stockbit/Bandarmology_Buyer3' located by 'By.xpath: //*[contains(@id, 'rc-tabs-')]/div[2]/div/div/div/div/div/div[2]/table/tbody/tr[4]/td[1]/p' is present after '1' second(s) (Root cause: com.kms.katalon.core.exception.StepFailedException: Web element with id: 'Object Repository/Stockbit/Bandarmology_Buyer3' located by 'By.xpath: //*[contains(@id, 'rc-tabs-')]/div[2]/div/div/div/div/div/div[2]/table/tbody/tr[4]/td[1]/p' is present after '1' second(s)
	at com.kms.katalon.core.webui.keyword.internal.WebUIKeywordMain.stepFailed(WebUIKeywordMain.groovy:64)
	at com.kms.katalon.core.webui.keyword.internal.WebUIKeywordMain$stepFailed$0.call(Unknown Source)
	at com.kms.katalon.core.webui.keyword.builtin.VerifyElementNotPresentKeyword$_verifyElementNotPresent_closure1.doCall(VerifyElementNotPresentKeyword.groovy:106)
	at com.kms.katalon.core.webui.keyword.builtin.VerifyElementNotPresentKeyword$_verifyElementNotPresent_closure1.doCall(VerifyElementNotPresentKeyword.groovy)
	at com.kms.katalon.core.webui.keyword.internal.WebUIKeywordMain.runKeyword(WebUIKeywordMain.groovy:20)
	at com.kms.katalon.core.webui.keyword.internal.WebUIKeywordMain$runKeyword.call(Unknown Source)
	at com.kms.katalon.core.webui.keyword.builtin.VerifyElementNotPresentKeyword.verifyElementNotPresent(VerifyElementNotPresentKeyword.groovy:117)
	at com.kms.katalon.core.webui.keyword.builtin.VerifyElementNotPresentKeyword.execute(VerifyElementNotPresentKeyword.groovy:68)
	at com.kms.katalon.core.keyword.internal.KeywordExecutor.executeKeywordForPlatform(KeywordExecutor.groovy:74)
	at com.kms.katalon.core.webui.keyword.WebUiBuiltInKeywords.verifyElementNotPresent(WebUiBuiltInKeywords.groovy:1481)
	at com.kms.katalon.core.webui.keyword.WebUiBuiltInKeywords$verifyElementNotPresent$8.call(Unknown Source)
	at GetBrokSumPriceDaily.run(GetBrokSumPriceDaily:361)
	at com.kms.katalon.core.main.ScriptEngine.run(ScriptEngine.java:194)
	at com.kms.katalon.core.main.ScriptEngine.runScriptAsRawText(ScriptEngine.java:119)
	at com.kms.katalon.core.main.TestCaseExecutor.runScript(TestCaseExecutor.java:445)
	at com.kms.katalon.core.main.TestCaseExecutor.doExecute(TestCaseExecutor.java:436)
	at com.kms.katalon.core.main.TestCaseExecutor.processExecutionPhase(TestCaseExecutor.java:415)
	at com.kms.katalon.core.main.TestCaseExecutor.accessMainPhase(TestCaseExecutor.java:407)
	at com.kms.katalon.core.main.TestCaseExecutor.execute(TestCaseExecutor.java:284)
	at com.kms.katalon.core.common.CommonExecutor.accessTestCaseMainPhase(CommonExecutor.java:65)
	at com.kms.katalon.core.main.TestSuiteExecutor.accessTestSuiteMainPhase(TestSuiteExecutor.java:144)
	at com.kms.katalon.core.main.TestSuiteExecutor.execute(TestSuiteExecutor.java:106)
	at com.kms.katalon.core.main.TestCaseMain.startTestSuite(TestCaseMain.java:185)
	at com.kms.katalon.core.main.TestCaseMain$startTestSuite$0.call(Unknown Source)
	at TempTestSuite1705920083951.run(TempTestSuite1705920083951.groovy:36)
)

2024-01-22 18:06:36 - [MESSAGE][WARNING] - Web element with id: 'Object Repository/Stockbit/Bandarmology_Buyer3' located by 'By.xpath: //*[contains(@id, 'rc-tabs-')]/div[2]/div/div/div/div/div/div[2]/table/tbody/tr[4]/td[1]/p' is present after '1' second(s) (Root cause: com.kms.katalon.core.exception.StepFailedException: Web element with id: 'Object Repository/Stockbit/Bandarmology_Buyer3' located by 'By.xpath: //*[contains(@id, 'rc-tabs-')]/div[2]/div/div/div/div/div/div[2]/table/tbody/tr[4]/td[1]/p' is present after '1' second(s)
	at com.kms.katalon.core.webui.keyword.internal.WebUIKeywordMain.stepFailed(WebUIKeywordMain.groovy:64)
	at com.kms.katalon.core.webui.keyword.internal.WebUIKeywordMain$stepFailed$0.call(Unknown Source)
	at com.kms.katalon.core.webui.keyword.builtin.VerifyElementNotPresentKeyword$_verifyElementNotPresent_closure1.doCall(VerifyElementNotPresentKeyword.groovy:106)
	at com.kms.katalon.core.webui.keyword.builtin.VerifyElementNotPresentKeyword$_verifyElementNotPresent_closure1.doCall(VerifyElementNotPresentKeyword.groovy)
	at com.kms.katalon.core.webui.keyword.internal.WebUIKeywordMain.runKeyword(WebUIKeywordMain.groovy:20)
	at com.kms.katalon.core.webui.keyword.internal.WebUIKeywordMain$runKeyword.call(Unknown Source)
	at com.kms.katalon.core.webui.keyword.builtin.VerifyElementNotPresentKeyword.verifyElementNotPresent(VerifyElementNotPresentKeyword.groovy:117)
	at com.kms.katalon.core.webui.keyword.builtin.VerifyElementNotPresentKeyword.execute(VerifyElementNotPresentKeyword.groovy:68)
	at com.kms.katalon.core.keyword.internal.KeywordExecutor.executeKeywordForPlatform(KeywordExecutor.groovy:74)
	at com.kms.katalon.core.webui.keyword.WebUiBuiltInKeywords.verifyElementNotPresent(WebUiBuiltInKeywords.groovy:1481)
	at com.kms.katalon.core.webui.keyword.WebUiBuiltInKeywords$verifyElementNotPresent$8.call(Unknown Source)
	at GetBrokSumPriceDaily.run(GetBrokSumPriceDaily:361)
	at com.kms.katalon.core.main.ScriptEngine.run(ScriptEngine.java:194)
	at com.kms.katalon.core.main.ScriptEngine.runScriptAsRawText(ScriptEngine.java:119)
	at com.kms.katalon.core.main.TestCaseExecutor.runScript(TestCaseExecutor.java:445)
	at com.kms.katalon.core.main.TestCaseExecutor.doExecute(TestCaseExecutor.java:436)
	at com.kms.katalon.core.main.TestCaseExecutor.processExecutionPhase(TestCaseExecutor.java:415)
	at com.kms.katalon.core.main.TestCaseExecutor.accessMainPhase(TestCaseExecutor.java:407)
	at com.kms.katalon.core.main.TestCaseExecutor.execute(TestCaseExecutor.java:284)
	at com.kms.katalon.core.common.CommonExecutor.accessTestCaseMainPhase(CommonExecutor.java:65)
	at com.kms.katalon.core.main.TestSuiteExecutor.accessTestSuiteMainPhase(TestSuiteExecutor.java:144)
	at com.kms.katalon.core.main.TestSuiteExecutor.execute(TestSuiteExecutor.java:106)
	at com.kms.katalon.core.main.TestCaseMain.startTestSuite(TestCaseMain.java:185)
	at com.kms.katalon.core.main.TestCaseMain$startTestSuite$0.call(Unknown Source)
	at TempTestSuite1705920083951.run(TempTestSuite1705920083951.groovy:36)
)
[[ATTACHMENT|C:\\Users\\Fadli\\git\\KatalonDailyGetData2\\Reports\\20240122_174123\\TS1\\20240122_174123\\1705921596350.png]]

2024-01-22 18:06:36 - [TEST_STEP][PASSED] - else: null

2024-01-22 18:06:36 - [TEST_STEP][PASSED] - strBuyer3 = getText(findTestObject("Stockbit/Bandarmology_Buyer3")): Text of object 'Object Repository/Stockbit/Bandarmology_Buyer3' is: 'YP'

2024-01-22 18:06:36 - [MESSAGE][PASSED] - Text of object 'Object Repository/Stockbit/Bandarmology_Buyer3' is: 'YP'

2024-01-22 18:06:36 - [TEST_STEP][PASSED] - strBuyerVol3 = getText(findTestObject("Stockbit/Bandarmology_BuyerVol3")): Text of object 'Object Repository/Stockbit/Bandarmology_BuyerVol3' is: '241'

2024-01-22 18:06:36 - [MESSAGE][PASSED] - Text of object 'Object Repository/Stockbit/Bandarmology_BuyerVol3' is: '241'

2024-01-22 18:06:36 - [TEST_STEP][PASSED] - strBuyerAvg3 = getText(findTestObject("Stockbit/Bandarmology_BuyerAvg3")): Text of object 'Object Repository/Stockbit/Bandarmology_BuyerAvg3' is: '50'

2024-01-22 18:06:37 - [MESSAGE][PASSED] - Text of object 'Object Repository/Stockbit/Bandarmology_BuyerAvg3' is: '50'

2024-01-22 18:06:37 - [TEST_STEP][PASSED] - if (strBuyer3 != ""): null

2024-01-22 18:06:37 - [TEST_STEP][PASSED] - if (strBuyerAvg3.contains(",")): null

2024-01-22 18:06:37 - [TEST_STEP][PASSED] - if (strBuyerVol3.contains(" B")): null

2024-01-22 18:06:37 - [TEST_STEP][PASSED] - if (verifyElementNotPresent(findTestObject("Stockbit/Bandarmology_Seller3"), 1, OPTIONAL)): Web element with id: 'Object Repository/Stockbit/Bandarmology_Seller3' located by 'By.xpath: //*[contains(@id, 'rc-tabs-')]/div[2]/div/div/div/div/div/div[2]/table/tbody/tr[4]/td[5]/p' is present after '1' second(s) (Root cause: com.kms.katalon.core.exception.StepFailedException: Web element with id: 'Object Repository/Stockbit/Bandarmology_Seller3' located by 'By.xpath: //*[contains(@id, 'rc-tabs-')]/div[2]/div/div/div/div/div/div[2]/table/tbody/tr[4]/td[5]/p' is present after '1' second(s)
	at com.kms.katalon.core.webui.keyword.internal.WebUIKeywordMain.stepFailed(WebUIKeywordMain.groovy:64)
	at com.kms.katalon.core.webui.keyword.internal.WebUIKeywordMain$stepFailed$0.call(Unknown Source)
	at com.kms.katalon.core.webui.keyword.builtin.VerifyElementNotPresentKeyword$_verifyElementNotPresent_closure1.doCall(VerifyElementNotPresentKeyword.groovy:106)
	at com.kms.katalon.core.webui.keyword.builtin.VerifyElementNotPresentKeyword$_verifyElementNotPresent_closure1.doCall(VerifyElementNotPresentKeyword.groovy)
	at com.kms.katalon.core.webui.keyword.internal.WebUIKeywordMain.runKeyword(WebUIKeywordMain.groovy:20)
	at com.kms.katalon.core.webui.keyword.internal.WebUIKeywordMain$runKeyword.call(Unknown Source)
	at com.kms.katalon.core.webui.keyword.builtin.VerifyElementNotPresentKeyword.verifyElementNotPresent(VerifyElementNotPresentKeyword.groovy:117)
	at com.kms.katalon.core.webui.keyword.builtin.VerifyElementNotPresentKeyword.execute(VerifyElementNotPresentKeyword.groovy:68)
	at com.kms.katalon.core.keyword.internal.KeywordExecutor.executeKeywordForPlatform(KeywordExecutor.groovy:74)
	at com.kms.katalon.core.webui.keyword.WebUiBuiltInKeywords.verifyElementNotPresent(WebUiBuiltInKeywords.groovy:1481)
	at com.kms.katalon.core.webui.keyword.WebUiBuiltInKeywords$verifyElementNotPresent$8.call(Unknown Source)
	at GetBrokSumPriceDaily.run(GetBrokSumPriceDaily:414)
	at com.kms.katalon.core.main.ScriptEngine.run(ScriptEngine.java:194)
	at com.kms.katalon.core.main.ScriptEngine.runScriptAsRawText(ScriptEngine.java:119)
	at com.kms.katalon.core.main.TestCaseExecutor.runScript(TestCaseExecutor.java:445)
	at com.kms.katalon.core.main.TestCaseExecutor.doExecute(TestCaseExecutor.java:436)
	at com.kms.katalon.core.main.TestCaseExecutor.processExecutionPhase(TestCaseExecutor.java:415)
	at com.kms.katalon.core.main.TestCaseExecutor.accessMainPhase(TestCaseExecutor.java:407)
	at com.kms.katalon.core.main.TestCaseExecutor.execute(TestCaseExecutor.java:284)
	at com.kms.katalon.core.common.CommonExecutor.accessTestCaseMainPhase(CommonExecutor.java:65)
	at com.kms.katalon.core.main.TestSuiteExecutor.accessTestSuiteMainPhase(TestSuiteExecutor.java:144)
	at com.kms.katalon.core.main.TestSuiteExecutor.execute(TestSuiteExecutor.java:106)
	at com.kms.katalon.core.main.TestCaseMain.startTestSuite(TestCaseMain.java:185)
	at com.kms.katalon.core.main.TestCaseMain$startTestSuite$0.call(Unknown Source)
	at TempTestSuite1705920083951.run(TempTestSuite1705920083951.groovy:36)
)

2024-01-22 18:06:38 - [MESSAGE][WARNING] - Web element with id: 'Object Repository/Stockbit/Bandarmology_Seller3' located by 'By.xpath: //*[contains(@id, 'rc-tabs-')]/div[2]/div/div/div/div/div/div[2]/table/tbody/tr[4]/td[5]/p' is present after '1' second(s) (Root cause: com.kms.katalon.core.exception.StepFailedException: Web element with id: 'Object Repository/Stockbit/Bandarmology_Seller3' located by 'By.xpath: //*[contains(@id, 'rc-tabs-')]/div[2]/div/div/div/div/div/div[2]/table/tbody/tr[4]/td[5]/p' is present after '1' second(s)
	at com.kms.katalon.core.webui.keyword.internal.WebUIKeywordMain.stepFailed(WebUIKeywordMain.groovy:64)
	at com.kms.katalon.core.webui.keyword.internal.WebUIKeywordMain$stepFailed$0.call(Unknown Source)
	at com.kms.katalon.core.webui.keyword.builtin.VerifyElementNotPresentKeyword$_verifyElementNotPresent_closure1.doCall(VerifyElementNotPresentKeyword.groovy:106)
	at com.kms.katalon.core.webui.keyword.builtin.VerifyElementNotPresentKeyword$_verifyElementNotPresent_closure1.doCall(VerifyElementNotPresentKeyword.groovy)
	at com.kms.katalon.core.webui.keyword.internal.WebUIKeywordMain.runKeyword(WebUIKeywordMain.groovy:20)
	at com.kms.katalon.core.webui.keyword.internal.WebUIKeywordMain$runKeyword.call(Unknown Source)
	at com.kms.katalon.core.webui.keyword.builtin.VerifyElementNotPresentKeyword.verifyElementNotPresent(VerifyElementNotPresentKeyword.groovy:117)
	at com.kms.katalon.core.webui.keyword.builtin.VerifyElementNotPresentKeyword.execute(VerifyElementNotPresentKeyword.groovy:68)
	at com.kms.katalon.core.keyword.internal.KeywordExecutor.executeKeywordForPlatform(KeywordExecutor.groovy:74)
	at com.kms.katalon.core.webui.keyword.WebUiBuiltInKeywords.verifyElementNotPresent(WebUiBuiltInKeywords.groovy:1481)
	at com.kms.katalon.core.webui.keyword.WebUiBuiltInKeywords$verifyElementNotPresent$8.call(Unknown Source)
	at GetBrokSumPriceDaily.run(GetBrokSumPriceDaily:414)
	at com.kms.katalon.core.main.ScriptEngine.run(ScriptEngine.java:194)
	at com.kms.katalon.core.main.ScriptEngine.runScriptAsRawText(ScriptEngine.java:119)
	at com.kms.katalon.core.main.TestCaseExecutor.runScript(TestCaseExecutor.java:445)
	at com.kms.katalon.core.main.TestCaseExecutor.doExecute(TestCaseExecutor.java:436)
	at com.kms.katalon.core.main.TestCaseExecutor.processExecutionPhase(TestCaseExecutor.java:415)
	at com.kms.katalon.core.main.TestCaseExecutor.accessMainPhase(TestCaseExecutor.java:407)
	at com.kms.katalon.core.main.TestCaseExecutor.execute(TestCaseExecutor.java:284)
	at com.kms.katalon.core.common.CommonExecutor.accessTestCaseMainPhase(CommonExecutor.java:65)
	at com.kms.katalon.core.main.TestSuiteExecutor.accessTestSuiteMainPhase(TestSuiteExecutor.java:144)
	at com.kms.katalon.core.main.TestSuiteExecutor.execute(TestSuiteExecutor.java:106)
	at com.kms.katalon.core.main.TestCaseMain.startTestSuite(TestCaseMain.java:185)
	at com.kms.katalon.core.main.TestCaseMain$startTestSuite$0.call(Unknown Source)
	at TempTestSuite1705920083951.run(TempTestSuite1705920083951.groovy:36)
)
[[ATTACHMENT|C:\\Users\\Fadli\\git\\KatalonDailyGetData2\\Reports\\20240122_174123\\TS1\\20240122_174123\\1705921598268.png]]

2024-01-22 18:06:38 - [TEST_STEP][PASSED] - else: null

2024-01-22 18:06:38 - [TEST_STEP][PASSED] - strSeller3 = getText(findTestObject("Stockbit/Bandarmology_Seller3")): Text of object 'Object Repository/Stockbit/Bandarmology_Seller3' is: ''

2024-01-22 18:06:38 - [MESSAGE][PASSED] - Text of object 'Object Repository/Stockbit/Bandarmology_Seller3' is: ''

2024-01-22 18:06:38 - [TEST_STEP][PASSED] - strSellerVol3 = getText(findTestObject("Stockbit/Bandarmology_SellerVol3")): Text of object 'Object Repository/Stockbit/Bandarmology_SellerVol3' is: ''

2024-01-22 18:06:38 - [MESSAGE][PASSED] - Text of object 'Object Repository/Stockbit/Bandarmology_SellerVol3' is: ''

2024-01-22 18:06:38 - [TEST_STEP][PASSED] - strSellerAvg3 = getText(findTestObject("Stockbit/Bandarmology_SellerAvg3")): Text of object 'Object Repository/Stockbit/Bandarmology_SellerAvg3' is: ''

2024-01-22 18:06:38 - [MESSAGE][PASSED] - Text of object 'Object Repository/Stockbit/Bandarmology_SellerAvg3' is: ''

2024-01-22 18:06:38 - [TEST_STEP][PASSED] - if (strSeller3 != ""): null

2024-01-22 18:06:38 - [TEST_STEP][PASSED] - else: null

2024-01-22 18:06:38 - [TEST_STEP][PASSED] - strSeller3 = "-": null

2024-01-22 18:06:38 - [TEST_STEP][PASSED] - strSellerVol3 = "0": null

2024-01-22 18:06:38 - [TEST_STEP][PASSED] - strSellerAvg3 = "0": null

2024-01-22 18:06:38 - [TEST_STEP][PASSED] - strAccDist = getText(findTestObject("Stockbit/Bandarmology_AccDist")): Text of object 'Object Repository/Stockbit/Bandarmology_AccDist' is: 'Dist'

2024-01-22 18:06:39 - [MESSAGE][PASSED] - Text of object 'Object Repository/Stockbit/Bandarmology_AccDist' is: 'Dist'

2024-01-22 18:06:39 - [TEST_STEP][PASSED] - strNetVol = getText(findTestObject("Stockbit/Bandarmology_NetVol")): Text of object 'Object Repository/Stockbit/Bandarmology_NetVol' is: '1,098'

2024-01-22 18:06:39 - [MESSAGE][PASSED] - Text of object 'Object Repository/Stockbit/Bandarmology_NetVol' is: '1,098'

2024-01-22 18:06:39 - [TEST_STEP][PASSED] - strNetVol = strNetVol.replace(",", ""): null

2024-01-22 18:06:39 - [TEST_STEP][PASSED] - strNetVal = getText(findTestObject("Stockbit/Bandarmology_NetVal")): Text of object 'Object Repository/Stockbit/Bandarmology_NetVal' is: '0 B'

2024-01-22 18:06:39 - [MESSAGE][PASSED] - Text of object 'Object Repository/Stockbit/Bandarmology_NetVal' is: '0 B'

2024-01-22 18:06:39 - [TEST_STEP][PASSED] - delay(3): Delayed 3 second(s)

2024-01-22 18:06:42 - [MESSAGE][PASSED] - Delayed 3 second(s)

2024-01-22 18:06:42 - [TEST_STEP][PASSED] - strOpenPrice = getText(findTestObject("Stockbit/Home_OpenPrice")): Text of object 'Object Repository/Stockbit/Home_OpenPrice' is: '50'

2024-01-22 18:06:42 - [MESSAGE][PASSED] - Text of object 'Object Repository/Stockbit/Home_OpenPrice' is: '50'

2024-01-22 18:06:42 - [TEST_STEP][PASSED] - strOpenPrice = strOpenPrice.replace(",", ""): null

2024-01-22 18:06:42 - [TEST_STEP][PASSED] - strLowPrice = getText(findTestObject("Stockbit/Home_LowPrice")): Text of object 'Object Repository/Stockbit/Home_LowPrice' is: '50'

2024-01-22 18:06:42 - [MESSAGE][PASSED] - Text of object 'Object Repository/Stockbit/Home_LowPrice' is: '50'

2024-01-22 18:06:42 - [TEST_STEP][PASSED] - strLowPrice = strLowPrice.replace(",", ""): null

2024-01-22 18:06:42 - [TEST_STEP][PASSED] - strHighPrice = getText(findTestObject("Stockbit/Home_HighPrice")): Text of object 'Object Repository/Stockbit/Home_HighPrice' is: '50'

2024-01-22 18:06:42 - [MESSAGE][PASSED] - Text of object 'Object Repository/Stockbit/Home_HighPrice' is: '50'

2024-01-22 18:06:42 - [TEST_STEP][PASSED] - strHighPrice = strHighPrice.replace(",", ""): null

2024-01-22 18:06:42 - [TEST_STEP][PASSED] - strClosePrice = getText(findTestObject("Stockbit/Home_ClosePrice")): Text of object 'Object Repository/Stockbit/Home_ClosePrice' is: '50'

2024-01-22 18:06:43 - [MESSAGE][PASSED] - Text of object 'Object Repository/Stockbit/Home_ClosePrice' is: '50'

2024-01-22 18:06:43 - [TEST_STEP][PASSED] - strClosePrice = strClosePrice.replace(",", ""): null

2024-01-22 18:06:43 - [TEST_STEP][PASSED] - strVol = getText(findTestObject("Stockbit/Home_Volume")): Text of object 'Object Repository/Stockbit/Home_Volume' is: '1 K'

2024-01-22 18:06:43 - [MESSAGE][PASSED] - Text of object 'Object Repository/Stockbit/Home_Volume' is: '1 K'

2024-01-22 18:06:43 - [TEST_STEP][PASSED] - if (strVol.contains(" K")): null

2024-01-22 18:06:43 - [TEST_STEP][PASSED] - strVol = strVol.replace(" K", "000"): null

2024-01-22 18:06:43 - [TEST_STEP][PASSED] - if (strVol.contains(",")): null

2024-01-22 18:06:43 - [TEST_STEP][PASSED] - strChange = getText(findTestObject("Stockbit/Home_Change")): Text of object 'Object Repository/Stockbit/Home_Change' is: '0.00%'

2024-01-22 18:06:43 - [MESSAGE][PASSED] - Text of object 'Object Repository/Stockbit/Home_Change' is: '0.00%'

2024-01-22 18:06:43 - [TEST_STEP][PASSED] - strChange = strChange.replace("%", ""): null

2024-01-22 18:06:43 - [TEST_STEP][PASSED] - strFreq = getText(findTestObject("Stockbit/Home_Freq")): Text of object 'Object Repository/Stockbit/Home_Freq' is: '212'

2024-01-22 18:06:43 - [MESSAGE][PASSED] - Text of object 'Object Repository/Stockbit/Home_Freq' is: '212'

2024-01-22 18:06:43 - [TEST_STEP][PASSED] - if (strFreq.contains(",")): null

2024-01-22 18:06:43 - [TEST_STEP][PASSED] - if (strFreq == "NA" || strFreq == ""): null

2024-01-22 18:06:43 - [TEST_STEP][PASSED] - else: null

2024-01-22 18:06:43 - [TEST_STEP][PASSED] - dblFreqAnal = strVol.toDouble() / strFreq.toDouble() * strFreq.toDouble() * strFreq.toDouble() * 100000000: null

2024-01-22 18:06:43 - [TEST_STEP][PASSED] - strFreqAnal = String.format("%.4f", dblFreqAnal): null

2024-01-22 18:06:43 - [TEST_STEP][PASSED] - out.println("Double strFreqAnal: " + strFreqAnal): null

2024-01-22 18:06:43 - [TEST_STEP][PASSED] - strTanggal = d.format(DateTimeFormatter.ofPattern("yyyy-MM-dd")): null

2024-01-22 18:06:43 - [TEST_STEP][PASSED] - strTanggal = "#" + strTanggal + "#": null

2024-01-22 18:06:43 - [TEST_STEP][PASSED] - strSQL = "select count(*) as JumBaris from TblBrokSum where Nama = '" + strNama + "' and Tanggal = " + strTanggal + "": null

2024-01-22 18:06:43 - [TEST_STEP][PASSED] - resultSet = statement.executeQuery(strSQL): null

2024-01-22 18:06:43 - [TEST_STEP][PASSED] - resultSet.next(): null

2024-01-22 18:06:43 - [TEST_STEP][PASSED] - intJumBaris = resultSet.getInt("JumBaris"): null

2024-01-22 18:06:43 - [TEST_STEP][PASSED] - if (intJumBaris > 0): null

2024-01-22 18:06:43 - [TEST_STEP][PASSED] - else: null

2024-01-22 18:06:43 - [TEST_STEP][PASSED] - try: null

2024-01-22 18:06:43 - [TEST_STEP][PASSED] - out.println("Insert data"): null

2024-01-22 18:06:43 - [TEST_STEP][PASSED] - strSQL = "insert into TblBrokSum (nama, tanggal, top1, top2, top3, AllBrokAvg, AccDist, AvgRP, " + "Buyer1, BuyerVal1, BuyerAvg1, Seller1, SellerVal1, SellerAvg1, Buyer2, BuyerVal2, BuyerAvg2, " + "Seller2, SellerVal2, SellerAvg2, Buyer3, BuyerVal3, BuyerAvg3, Seller3, SellerVal3, SellerAvg3, NetVol, NetVal, " + "OpenPrice, LowPrice, HighPrice, ClosePrice, Volume, Change, Frekuensi, FrekAnal) " + "values ('" + strNama + "', " + strTanggal + ", '" + strTop1 + "', '" + strTop3 + "', '" + strTop5 + "', " + "'" + strAllBrokAvg + "', '" + strAccDist + "', " + intAvgRP + ", '" + strBuyer1 + "', '" + strBuyerVol1 + "', " + strBuyerAvg1 + ", " + "'" + strSeller1 + "', '" + strSellerVol1 + "', " + strSellerAvg1 + ", '" + strBuyer2 + "', '" + strBuyerVol2 + "', " + strBuyerAvg2 + ", " + "'" + strSeller2 + "', '" + strSellerVol2 + "', " + strSellerAvg2 + ", '" + strBuyer3 + "', '" + strBuyerVol3 + "', " + strBuyerAvg3 + ", " + "'" + strSeller3 + "', '" + strSellerVol3 + "', " + strSellerAvg3 + ", " + strNetVol + ", '" + strNetVal + "', " + "" + strOpenPrice + ", " + strLowPrice + ", " + strHighPrice + ", " + strClosePrice + ", '" + strVol + "', " + strChange + ", " + strFreq + ", " + strFreqAnal + ");": null

2024-01-22 18:06:43 - [TEST_STEP][PASSED] - out.println("strSQL = " + strSQL): null

2024-01-22 18:06:43 - [TEST_STEP][PASSED] - statement.executeUpdate(strSQL): null

2024-01-22 18:06:43 - [TEST_STEP][PASSED] - setValueToCellByIndex(sheet01, rowIndex, 4, "DONE"): null

2024-01-22 18:06:43 - [TEST_STEP][PASSED] - saveWorkbook(excelFilePath, workbook01): null

2024-01-22 18:06:43 - [TEST_STEP][PASSED] - waitForElementClickable(findTestObject("Stockbit/menu_Bandarmology"), 10): Object 'Object Repository/Stockbit/menu_Bandarmology' is clickable

2024-01-22 18:06:43 - [MESSAGE][PASSED] - Object 'Object Repository/Stockbit/menu_Bandarmology' is clickable

2024-01-22 18:06:43 - [TEST_STEP][PASSED] - click(findTestObject("Stockbit/menu_Bandarmology")): Object: 'Object Repository/Stockbit/menu_Bandarmology' is clicked on

2024-01-22 18:06:44 - [MESSAGE][PASSED] - Object: 'Object Repository/Stockbit/menu_Bandarmology' is clicked on

2024-01-22 18:06:44 - [TEST_STEP][PASSED] - strTemp = "NA": null

2024-01-22 18:06:44 - [TEST_STEP][PASSED] - if (getCellValueByIndex(sheet01, rowIndex, 4) != "DONE"): Object: 'Object Repository/Stockbit/menu_Bandarmology' is clicked on

2024-01-22 18:06:44 - [TEST_STEP][PASSED] - strNama = getCellValueByIndex(sheet01, rowIndex, 0): null

2024-01-22 18:06:44 - [TEST_STEP][PASSED] - navigateToUrl("https://stockbit.com/#/symbol/" + strNama): Navigate to 'https://stockbit.com/#/symbol/CMNT' successfully

2024-01-22 18:06:46 - [MESSAGE][PASSED] - Navigate to 'https://stockbit.com/#/symbol/CMNT' successfully

2024-01-22 18:06:46 - [TEST_STEP][PASSED] - waitForElementClickable(findTestObject("Stockbit/menu_Bandarmology"), 10): Object 'Object Repository/Stockbit/menu_Bandarmology' is clickable

2024-01-22 18:06:46 - [MESSAGE][PASSED] - Object 'Object Repository/Stockbit/menu_Bandarmology' is clickable

2024-01-22 18:06:46 - [TEST_STEP][PASSED] - click(findTestObject("Stockbit/menu_Bandarmology")): Object: 'Object Repository/Stockbit/menu_Bandarmology' is clicked on

2024-01-22 18:06:47 - [MESSAGE][PASSED] - Object: 'Object Repository/Stockbit/menu_Bandarmology' is clicked on

2024-01-22 18:06:47 - [TEST_STEP][PASSED] - strTanggal = d.format(DateTimeFormatter.ofPattern("MMM dd, yyyy")): null

2024-01-22 18:06:47 - [TEST_STEP][PASSED] - strTanggal = d.format(ISO_DATE): null

2024-01-22 18:06:47 - [TEST_STEP][PASSED] - out.println("strTanggal = " + strTanggal): null

2024-01-22 18:06:47 - [TEST_STEP][PASSED] - out.println("strNama = " + strNama): null

2024-01-22 18:06:47 - [TEST_STEP][PASSED] - out.println("Baris ke = " + rowIndex): null

2024-01-22 18:06:47 - [TEST_STEP][PASSED] - click(findTestObject("Stockbit/input__BandarmologyOpenStartDate")): Object: 'Object Repository/Stockbit/input__BandarmologyOpenStartDate' is clicked on

2024-01-22 18:06:50 - [MESSAGE][PASSED] - Object: 'Object Repository/Stockbit/input__BandarmologyOpenStartDate' is clicked on

2024-01-22 18:06:50 - [TEST_STEP][PASSED] - sendKeys(findTestObject("Stockbit/input__BandarmologyOpenStartDate"), Keys.chord(CONTROL, "a")): Keys 'CONTROL + a' sent to object: 'Object Repository/Stockbit/input__BandarmologyOpenStartDate'

2024-01-22 18:06:51 - [MESSAGE][PASSED] - Keys 'CONTROL + a' sent to object: 'Object Repository/Stockbit/input__BandarmologyOpenStartDate'

2024-01-22 18:06:51 - [TEST_STEP][PASSED] - sendKeys(findTestObject("Stockbit/input__BandarmologyOpenStartDate"), Keys.chord(BACK_SPACE)): Keys 'BACK_SPACE + ' sent to object: 'Object Repository/Stockbit/input__BandarmologyOpenStartDate'

2024-01-22 18:06:51 - [MESSAGE][PASSED] - Keys 'BACK_SPACE + ' sent to object: 'Object Repository/Stockbit/input__BandarmologyOpenStartDate'

2024-01-22 18:06:51 - [TEST_STEP][PASSED] - setText(findTestObject("Stockbit/input__BandarmologyOpenStartDate"), strTanggal): Text '2024-01-22' is set on object 'Object Repository/Stockbit/input__BandarmologyOpenStartDate'

2024-01-22 18:06:52 - [MESSAGE][PASSED] - Text '2024-01-22' is set on object 'Object Repository/Stockbit/input__BandarmologyOpenStartDate'

2024-01-22 18:06:52 - [TEST_STEP][PASSED] - sendKeys(findTestObject("Stockbit/input__BandarmologyOpenStartDate"), Keys.chord(ENTER)): Keys 'ENTER + ' sent to object: 'Object Repository/Stockbit/input__BandarmologyOpenStartDate'

2024-01-22 18:06:52 - [MESSAGE][PASSED] - Keys 'ENTER + ' sent to object: 'Object Repository/Stockbit/input__BandarmologyOpenStartDate'

2024-01-22 18:06:52 - [TEST_STEP][PASSED] - click(findTestObject("Stockbit/input__BandarmologyOpenEndDate")): Object: 'Object Repository/Stockbit/input__BandarmologyOpenEndDate' is clicked on

2024-01-22 18:06:52 - [MESSAGE][PASSED] - Object: 'Object Repository/Stockbit/input__BandarmologyOpenEndDate' is clicked on

2024-01-22 18:06:52 - [TEST_STEP][PASSED] - sendKeys(findTestObject("Stockbit/input__BandarmologyOpenEndDate"), Keys.chord(CONTROL, "a")): Keys 'CONTROL + a' sent to object: 'Object Repository/Stockbit/input__BandarmologyOpenEndDate'

2024-01-22 18:06:53 - [MESSAGE][PASSED] - Keys 'CONTROL + a' sent to object: 'Object Repository/Stockbit/input__BandarmologyOpenEndDate'

2024-01-22 18:06:53 - [TEST_STEP][PASSED] - sendKeys(findTestObject("Stockbit/input__BandarmologyOpenEndDate"), Keys.chord(BACK_SPACE)): Keys 'BACK_SPACE + ' sent to object: 'Object Repository/Stockbit/input__BandarmologyOpenEndDate'

2024-01-22 18:06:53 - [MESSAGE][PASSED] - Keys 'BACK_SPACE + ' sent to object: 'Object Repository/Stockbit/input__BandarmologyOpenEndDate'

2024-01-22 18:06:53 - [TEST_STEP][PASSED] - setText(findTestObject("Stockbit/input__BandarmologyOpenEndDate"), strTanggal): Text '2024-01-22' is set on object 'Object Repository/Stockbit/input__BandarmologyOpenEndDate'

2024-01-22 18:06:54 - [MESSAGE][PASSED] - Text '2024-01-22' is set on object 'Object Repository/Stockbit/input__BandarmologyOpenEndDate'

2024-01-22 18:06:54 - [TEST_STEP][PASSED] - sendKeys(findTestObject("Stockbit/input__BandarmologyOpenEndDate"), Keys.chord(ENTER)): Keys 'ENTER + ' sent to object: 'Object Repository/Stockbit/input__BandarmologyOpenEndDate'

2024-01-22 18:06:54 - [MESSAGE][PASSED] - Keys 'ENTER + ' sent to object: 'Object Repository/Stockbit/input__BandarmologyOpenEndDate'

2024-01-22 18:06:54 - [TEST_STEP][PASSED] - delay(2): Delayed 2 second(s)

2024-01-22 18:06:56 - [MESSAGE][PASSED] - Delayed 2 second(s)

2024-01-22 18:06:56 - [TEST_STEP][PASSED] - strTemp = getText(findTestObject("Stockbit/Bandarmology_AvgRP")): Text of object 'Object Repository/Stockbit/Bandarmology_AvgRP' is: '1,130'

2024-01-22 18:06:56 - [MESSAGE][PASSED] - Text of object 'Object Repository/Stockbit/Bandarmology_AvgRP' is: '1,130'

2024-01-22 18:06:56 - [TEST_STEP][PASSED] - out.println("Bandarmology_AvgRP = " + strTemp): null

2024-01-22 18:06:56 - [TEST_STEP][PASSED] - if (strTemp != "0"): null

2024-01-22 18:06:56 - [TEST_STEP][PASSED] - strTop1 = getText(findTestObject("Stockbit/Bandarmology_Top1")): Text of object 'Object Repository/Stockbit/Bandarmology_Top1' is: 'Neutral'

2024-01-22 18:06:57 - [MESSAGE][PASSED] - Text of object 'Object Repository/Stockbit/Bandarmology_Top1' is: 'Neutral'

2024-01-22 18:06:57 - [TEST_STEP][PASSED] - strTop3 = getText(findTestObject("Stockbit/Bandarmology_Top3")): Text of object 'Object Repository/Stockbit/Bandarmology_Top3' is: 'Small Acc'

2024-01-22 18:06:57 - [MESSAGE][PASSED] - Text of object 'Object Repository/Stockbit/Bandarmology_Top3' is: 'Small Acc'

2024-01-22 18:06:57 - [TEST_STEP][PASSED] - strTop5 = getText(findTestObject("Stockbit/Bandarmology_Top5")): Text of object 'Object Repository/Stockbit/Bandarmology_Top5' is: 'Small Acc'

2024-01-22 18:06:57 - [MESSAGE][PASSED] - Text of object 'Object Repository/Stockbit/Bandarmology_Top5' is: 'Small Acc'

2024-01-22 18:06:57 - [TEST_STEP][PASSED] - strAllBrokAvg = getText(findTestObject("Stockbit/Bandarmology_TopAVG")): Text of object 'Object Repository/Stockbit/Bandarmology_TopAVG' is: 'Small Acc'

2024-01-22 18:06:57 - [MESSAGE][PASSED] - Text of object 'Object Repository/Stockbit/Bandarmology_TopAVG' is: 'Small Acc'

2024-01-22 18:06:57 - [TEST_STEP][PASSED] - strTemp = getText(findTestObject("Stockbit/Bandarmology_AvgRP")): Text of object 'Object Repository/Stockbit/Bandarmology_AvgRP' is: '1,130'

2024-01-22 18:06:57 - [MESSAGE][PASSED] - Text of object 'Object Repository/Stockbit/Bandarmology_AvgRP' is: '1,130'

2024-01-22 18:06:57 - [TEST_STEP][PASSED] - if (strTemp.contains(",")): null

2024-01-22 18:06:57 - [TEST_STEP][PASSED] - strTemp = strTemp.replace(",", ""): null

2024-01-22 18:06:57 - [TEST_STEP][PASSED] - intAvgRP = strTemp.toInteger(): null

2024-01-22 18:06:57 - [TEST_STEP][PASSED] - strBuyer1 = getText(findTestObject("Stockbit/Bandarmology_Buyer1")): Text of object 'Object Repository/Stockbit/Bandarmology_Buyer1' is: 'BK'

2024-01-22 18:06:57 - [MESSAGE][PASSED] - Text of object 'Object Repository/Stockbit/Bandarmology_Buyer1' is: 'BK'

2024-01-22 18:06:57 - [TEST_STEP][PASSED] - strBuyerVol1 = getText(findTestObject("Stockbit/Bandarmology_BuyerVol1")): Text of object 'Object Repository/Stockbit/Bandarmology_BuyerVol1' is: '16.7 K'

2024-01-22 18:06:57 - [MESSAGE][PASSED] - Text of object 'Object Repository/Stockbit/Bandarmology_BuyerVol1' is: '16.7 K'

2024-01-22 18:06:57 - [TEST_STEP][PASSED] - strBuyerAvg1 = getText(findTestObject("Stockbit/Bandarmology_BuyerAvg1")): Text of object 'Object Repository/Stockbit/Bandarmology_BuyerAvg1' is: '1,120'

2024-01-22 18:06:57 - [MESSAGE][PASSED] - Text of object 'Object Repository/Stockbit/Bandarmology_BuyerAvg1' is: '1,120'

2024-01-22 18:06:57 - [TEST_STEP][PASSED] - if (strBuyerAvg1.contains(",")): null

2024-01-22 18:06:57 - [TEST_STEP][PASSED] - strBuyerAvg1 = strBuyerAvg1.replace(",", ""): null

2024-01-22 18:06:57 - [TEST_STEP][PASSED] - if (strBuyerVol1.contains(" B")): null

2024-01-22 18:06:57 - [TEST_STEP][PASSED] - else if (strBuyerVol1.contains(" M")): null

2024-01-22 18:06:57 - [TEST_STEP][PASSED] - else if (strBuyerVol1.contains(" K")): null

2024-01-22 18:06:57 - [TEST_STEP][PASSED] - strBuyerVol1 = strBuyerVol1.replace(" K", ""): null

2024-01-22 18:06:57 - [TEST_STEP][PASSED] - strBuyerVol1 = strBuyerVol1.toDouble() * 1000: null

2024-01-22 18:06:57 - [TEST_STEP][PASSED] - strSeller1 = getText(findTestObject("Stockbit/Bandarmology_Seller1")): Text of object 'Object Repository/Stockbit/Bandarmology_Seller1' is: 'KI'

2024-01-22 18:06:58 - [MESSAGE][PASSED] - Text of object 'Object Repository/Stockbit/Bandarmology_Seller1' is: 'KI'

2024-01-22 18:06:58 - [TEST_STEP][PASSED] - strSellerVol1 = getText(findTestObject("Stockbit/Bandarmology_SellerVol1")): Text of object 'Object Repository/Stockbit/Bandarmology_SellerVol1' is: '13.6 K'

2024-01-22 18:06:58 - [MESSAGE][PASSED] - Text of object 'Object Repository/Stockbit/Bandarmology_SellerVol1' is: '13.6 K'

2024-01-22 18:06:58 - [TEST_STEP][PASSED] - strSellerAvg1 = getText(findTestObject("Stockbit/Bandarmology_SellerAvg1")): Text of object 'Object Repository/Stockbit/Bandarmology_SellerAvg1' is: '1,126'

2024-01-22 18:06:58 - [MESSAGE][PASSED] - Text of object 'Object Repository/Stockbit/Bandarmology_SellerAvg1' is: '1,126'

2024-01-22 18:06:58 - [TEST_STEP][PASSED] - if (strSellerAvg1.contains(",")): null

2024-01-22 18:06:58 - [TEST_STEP][PASSED] - strSellerAvg1 = strSellerAvg1.replace(",", ""): null

2024-01-22 18:06:58 - [TEST_STEP][PASSED] - if (strSellerVol1.contains(" B")): null

2024-01-22 18:06:58 - [TEST_STEP][PASSED] - else if (strSellerVol1.contains(" M")): null

2024-01-22 18:06:58 - [TEST_STEP][PASSED] - else if (strSellerVol1.contains(" K")): null

2024-01-22 18:06:58 - [TEST_STEP][PASSED] - strSellerVol1 = strSellerVol1.replace(" K", ""): null

2024-01-22 18:06:58 - [TEST_STEP][PASSED] - strSellerVol1 = strSellerVol1.toDouble() * 1000: null

2024-01-22 18:06:58 - [TEST_STEP][PASSED] - if (verifyElementNotPresent(findTestObject("Stockbit/Bandarmology_Buyer2"), 1, OPTIONAL)): Web element with id: 'Object Repository/Stockbit/Bandarmology_Buyer2' located by 'By.xpath: //*[contains(@id, 'rc-tabs-')]/div[2]/div/div/div/div/div/div[2]/table/tbody/tr[3]/td[1]/p' is present after '1' second(s) (Root cause: com.kms.katalon.core.exception.StepFailedException: Web element with id: 'Object Repository/Stockbit/Bandarmology_Buyer2' located by 'By.xpath: //*[contains(@id, 'rc-tabs-')]/div[2]/div/div/div/div/div/div[2]/table/tbody/tr[3]/td[1]/p' is present after '1' second(s)
	at com.kms.katalon.core.webui.keyword.internal.WebUIKeywordMain.stepFailed(WebUIKeywordMain.groovy:64)
	at com.kms.katalon.core.webui.keyword.internal.WebUIKeywordMain$stepFailed$0.call(Unknown Source)
	at com.kms.katalon.core.webui.keyword.builtin.VerifyElementNotPresentKeyword$_verifyElementNotPresent_closure1.doCall(VerifyElementNotPresentKeyword.groovy:106)
	at com.kms.katalon.core.webui.keyword.builtin.VerifyElementNotPresentKeyword$_verifyElementNotPresent_closure1.doCall(VerifyElementNotPresentKeyword.groovy)
	at com.kms.katalon.core.webui.keyword.internal.WebUIKeywordMain.runKeyword(WebUIKeywordMain.groovy:20)
	at com.kms.katalon.core.webui.keyword.internal.WebUIKeywordMain$runKeyword.call(Unknown Source)
	at com.kms.katalon.core.webui.keyword.builtin.VerifyElementNotPresentKeyword.verifyElementNotPresent(VerifyElementNotPresentKeyword.groovy:117)
	at com.kms.katalon.core.webui.keyword.builtin.VerifyElementNotPresentKeyword.execute(VerifyElementNotPresentKeyword.groovy:68)
	at com.kms.katalon.core.keyword.internal.KeywordExecutor.executeKeywordForPlatform(KeywordExecutor.groovy:74)
	at com.kms.katalon.core.webui.keyword.WebUiBuiltInKeywords.verifyElementNotPresent(WebUiBuiltInKeywords.groovy:1481)
	at com.kms.katalon.core.webui.keyword.WebUiBuiltInKeywords$verifyElementNotPresent$8.call(Unknown Source)
	at GetBrokSumPriceDaily.run(GetBrokSumPriceDaily:258)
	at com.kms.katalon.core.main.ScriptEngine.run(ScriptEngine.java:194)
	at com.kms.katalon.core.main.ScriptEngine.runScriptAsRawText(ScriptEngine.java:119)
	at com.kms.katalon.core.main.TestCaseExecutor.runScript(TestCaseExecutor.java:445)
	at com.kms.katalon.core.main.TestCaseExecutor.doExecute(TestCaseExecutor.java:436)
	at com.kms.katalon.core.main.TestCaseExecutor.processExecutionPhase(TestCaseExecutor.java:415)
	at com.kms.katalon.core.main.TestCaseExecutor.accessMainPhase(TestCaseExecutor.java:407)
	at com.kms.katalon.core.main.TestCaseExecutor.execute(TestCaseExecutor.java:284)
	at com.kms.katalon.core.common.CommonExecutor.accessTestCaseMainPhase(CommonExecutor.java:65)
	at com.kms.katalon.core.main.TestSuiteExecutor.accessTestSuiteMainPhase(TestSuiteExecutor.java:144)
	at com.kms.katalon.core.main.TestSuiteExecutor.execute(TestSuiteExecutor.java:106)
	at com.kms.katalon.core.main.TestCaseMain.startTestSuite(TestCaseMain.java:185)
	at com.kms.katalon.core.main.TestCaseMain$startTestSuite$0.call(Unknown Source)
	at TempTestSuite1705920083951.run(TempTestSuite1705920083951.groovy:36)
)

2024-01-22 18:06:59 - [MESSAGE][WARNING] - Web element with id: 'Object Repository/Stockbit/Bandarmology_Buyer2' located by 'By.xpath: //*[contains(@id, 'rc-tabs-')]/div[2]/div/div/div/div/div/div[2]/table/tbody/tr[3]/td[1]/p' is present after '1' second(s) (Root cause: com.kms.katalon.core.exception.StepFailedException: Web element with id: 'Object Repository/Stockbit/Bandarmology_Buyer2' located by 'By.xpath: //*[contains(@id, 'rc-tabs-')]/div[2]/div/div/div/div/div/div[2]/table/tbody/tr[3]/td[1]/p' is present after '1' second(s)
	at com.kms.katalon.core.webui.keyword.internal.WebUIKeywordMain.stepFailed(WebUIKeywordMain.groovy:64)
	at com.kms.katalon.core.webui.keyword.internal.WebUIKeywordMain$stepFailed$0.call(Unknown Source)
	at com.kms.katalon.core.webui.keyword.builtin.VerifyElementNotPresentKeyword$_verifyElementNotPresent_closure1.doCall(VerifyElementNotPresentKeyword.groovy:106)
	at com.kms.katalon.core.webui.keyword.builtin.VerifyElementNotPresentKeyword$_verifyElementNotPresent_closure1.doCall(VerifyElementNotPresentKeyword.groovy)
	at com.kms.katalon.core.webui.keyword.internal.WebUIKeywordMain.runKeyword(WebUIKeywordMain.groovy:20)
	at com.kms.katalon.core.webui.keyword.internal.WebUIKeywordMain$runKeyword.call(Unknown Source)
	at com.kms.katalon.core.webui.keyword.builtin.VerifyElementNotPresentKeyword.verifyElementNotPresent(VerifyElementNotPresentKeyword.groovy:117)
	at com.kms.katalon.core.webui.keyword.builtin.VerifyElementNotPresentKeyword.execute(VerifyElementNotPresentKeyword.groovy:68)
	at com.kms.katalon.core.keyword.internal.KeywordExecutor.executeKeywordForPlatform(KeywordExecutor.groovy:74)
	at com.kms.katalon.core.webui.keyword.WebUiBuiltInKeywords.verifyElementNotPresent(WebUiBuiltInKeywords.groovy:1481)
	at com.kms.katalon.core.webui.keyword.WebUiBuiltInKeywords$verifyElementNotPresent$8.call(Unknown Source)
	at GetBrokSumPriceDaily.run(GetBrokSumPriceDaily:258)
	at com.kms.katalon.core.main.ScriptEngine.run(ScriptEngine.java:194)
	at com.kms.katalon.core.main.ScriptEngine.runScriptAsRawText(ScriptEngine.java:119)
	at com.kms.katalon.core.main.TestCaseExecutor.runScript(TestCaseExecutor.java:445)
	at com.kms.katalon.core.main.TestCaseExecutor.doExecute(TestCaseExecutor.java:436)
	at com.kms.katalon.core.main.TestCaseExecutor.processExecutionPhase(TestCaseExecutor.java:415)
	at com.kms.katalon.core.main.TestCaseExecutor.accessMainPhase(TestCaseExecutor.java:407)
	at com.kms.katalon.core.main.TestCaseExecutor.execute(TestCaseExecutor.java:284)
	at com.kms.katalon.core.common.CommonExecutor.accessTestCaseMainPhase(CommonExecutor.java:65)
	at com.kms.katalon.core.main.TestSuiteExecutor.accessTestSuiteMainPhase(TestSuiteExecutor.java:144)
	at com.kms.katalon.core.main.TestSuiteExecutor.execute(TestSuiteExecutor.java:106)
	at com.kms.katalon.core.main.TestCaseMain.startTestSuite(TestCaseMain.java:185)
	at com.kms.katalon.core.main.TestCaseMain$startTestSuite$0.call(Unknown Source)
	at TempTestSuite1705920083951.run(TempTestSuite1705920083951.groovy:36)
)
[[ATTACHMENT|C:\\Users\\Fadli\\git\\KatalonDailyGetData2\\Reports\\20240122_174123\\TS1\\20240122_174123\\1705921619485.png]]

2024-01-22 18:06:59 - [TEST_STEP][PASSED] - else: null

2024-01-22 18:06:59 - [TEST_STEP][PASSED] - strBuyer2 = getText(findTestObject("Stockbit/Bandarmology_Buyer2")): Text of object 'Object Repository/Stockbit/Bandarmology_Buyer2' is: 'AK'

2024-01-22 18:06:59 - [MESSAGE][PASSED] - Text of object 'Object Repository/Stockbit/Bandarmology_Buyer2' is: 'AK'

2024-01-22 18:06:59 - [TEST_STEP][PASSED] - strBuyerVol2 = getText(findTestObject("Stockbit/Bandarmology_BuyerVol2")): Text of object 'Object Repository/Stockbit/Bandarmology_BuyerVol2' is: '7.4 K'

2024-01-22 18:06:59 - [MESSAGE][PASSED] - Text of object 'Object Repository/Stockbit/Bandarmology_BuyerVol2' is: '7.4 K'

2024-01-22 18:06:59 - [TEST_STEP][PASSED] - strBuyerAvg2 = getText(findTestObject("Stockbit/Bandarmology_BuyerAvg2")): Text of object 'Object Repository/Stockbit/Bandarmology_BuyerAvg2' is: '1,116'

2024-01-22 18:07:00 - [MESSAGE][PASSED] - Text of object 'Object Repository/Stockbit/Bandarmology_BuyerAvg2' is: '1,116'

2024-01-22 18:07:00 - [TEST_STEP][PASSED] - if (strBuyer2 != ""): null

2024-01-22 18:07:00 - [TEST_STEP][PASSED] - if (strBuyerAvg2.contains(",")): null

2024-01-22 18:07:00 - [TEST_STEP][PASSED] - strBuyerAvg2 = strBuyerAvg2.replace(",", ""): null

2024-01-22 18:07:00 - [TEST_STEP][PASSED] - if (strBuyerVol2.contains(" B")): null

2024-01-22 18:07:00 - [TEST_STEP][PASSED] - else if (strBuyerVol2.contains(" M")): null

2024-01-22 18:07:00 - [TEST_STEP][PASSED] - else if (strBuyerVol2.contains(" K")): null

2024-01-22 18:07:00 - [TEST_STEP][PASSED] - strBuyerVol2 = strBuyerVol2.replace(" K", ""): null

2024-01-22 18:07:00 - [TEST_STEP][PASSED] - strBuyerVol2 = strBuyerVol2.toDouble() * 1000: null

2024-01-22 18:07:00 - [TEST_STEP][PASSED] - if (strBuyerVol2.contains(".")): null

2024-01-22 18:07:00 - [TEST_STEP][PASSED] - strBuyerVal2 = strBuyerVol2.replace(".", ""): null

2024-01-22 18:07:00 - [TEST_STEP][PASSED] - if (verifyElementNotPresent(findTestObject("Stockbit/Bandarmology_Seller2"), 1, OPTIONAL)): Web element with id: 'Object Repository/Stockbit/Bandarmology_Seller2' located by 'By.xpath: //*[contains(@id, 'rc-tabs-')]/div[2]/div/div/div/div/div/div[2]/table/tbody/tr[3]/td[5]/p' is present after '1' second(s) (Root cause: com.kms.katalon.core.exception.StepFailedException: Web element with id: 'Object Repository/Stockbit/Bandarmology_Seller2' located by 'By.xpath: //*[contains(@id, 'rc-tabs-')]/div[2]/div/div/div/div/div/div[2]/table/tbody/tr[3]/td[5]/p' is present after '1' second(s)
	at com.kms.katalon.core.webui.keyword.internal.WebUIKeywordMain.stepFailed(WebUIKeywordMain.groovy:64)
	at com.kms.katalon.core.webui.keyword.internal.WebUIKeywordMain$stepFailed$0.call(Unknown Source)
	at com.kms.katalon.core.webui.keyword.builtin.VerifyElementNotPresentKeyword$_verifyElementNotPresent_closure1.doCall(VerifyElementNotPresentKeyword.groovy:106)
	at com.kms.katalon.core.webui.keyword.builtin.VerifyElementNotPresentKeyword$_verifyElementNotPresent_closure1.doCall(VerifyElementNotPresentKeyword.groovy)
	at com.kms.katalon.core.webui.keyword.internal.WebUIKeywordMain.runKeyword(WebUIKeywordMain.groovy:20)
	at com.kms.katalon.core.webui.keyword.internal.WebUIKeywordMain$runKeyword.call(Unknown Source)
	at com.kms.katalon.core.webui.keyword.builtin.VerifyElementNotPresentKeyword.verifyElementNotPresent(VerifyElementNotPresentKeyword.groovy:117)
	at com.kms.katalon.core.webui.keyword.builtin.VerifyElementNotPresentKeyword.execute(VerifyElementNotPresentKeyword.groovy:68)
	at com.kms.katalon.core.keyword.internal.KeywordExecutor.executeKeywordForPlatform(KeywordExecutor.groovy:74)
	at com.kms.katalon.core.webui.keyword.WebUiBuiltInKeywords.verifyElementNotPresent(WebUiBuiltInKeywords.groovy:1481)
	at com.kms.katalon.core.webui.keyword.WebUiBuiltInKeywords$verifyElementNotPresent$8.call(Unknown Source)
	at GetBrokSumPriceDaily.run(GetBrokSumPriceDaily:309)
	at com.kms.katalon.core.main.ScriptEngine.run(ScriptEngine.java:194)
	at com.kms.katalon.core.main.ScriptEngine.runScriptAsRawText(ScriptEngine.java:119)
	at com.kms.katalon.core.main.TestCaseExecutor.runScript(TestCaseExecutor.java:445)
	at com.kms.katalon.core.main.TestCaseExecutor.doExecute(TestCaseExecutor.java:436)
	at com.kms.katalon.core.main.TestCaseExecutor.processExecutionPhase(TestCaseExecutor.java:415)
	at com.kms.katalon.core.main.TestCaseExecutor.accessMainPhase(TestCaseExecutor.java:407)
	at com.kms.katalon.core.main.TestCaseExecutor.execute(TestCaseExecutor.java:284)
	at com.kms.katalon.core.common.CommonExecutor.accessTestCaseMainPhase(CommonExecutor.java:65)
	at com.kms.katalon.core.main.TestSuiteExecutor.accessTestSuiteMainPhase(TestSuiteExecutor.java:144)
	at com.kms.katalon.core.main.TestSuiteExecutor.execute(TestSuiteExecutor.java:106)
	at com.kms.katalon.core.main.TestCaseMain.startTestSuite(TestCaseMain.java:185)
	at com.kms.katalon.core.main.TestCaseMain$startTestSuite$0.call(Unknown Source)
	at TempTestSuite1705920083951.run(TempTestSuite1705920083951.groovy:36)
)

2024-01-22 18:07:01 - [MESSAGE][WARNING] - Web element with id: 'Object Repository/Stockbit/Bandarmology_Seller2' located by 'By.xpath: //*[contains(@id, 'rc-tabs-')]/div[2]/div/div/div/div/div/div[2]/table/tbody/tr[3]/td[5]/p' is present after '1' second(s) (Root cause: com.kms.katalon.core.exception.StepFailedException: Web element with id: 'Object Repository/Stockbit/Bandarmology_Seller2' located by 'By.xpath: //*[contains(@id, 'rc-tabs-')]/div[2]/div/div/div/div/div/div[2]/table/tbody/tr[3]/td[5]/p' is present after '1' second(s)
	at com.kms.katalon.core.webui.keyword.internal.WebUIKeywordMain.stepFailed(WebUIKeywordMain.groovy:64)
	at com.kms.katalon.core.webui.keyword.internal.WebUIKeywordMain$stepFailed$0.call(Unknown Source)
	at com.kms.katalon.core.webui.keyword.builtin.VerifyElementNotPresentKeyword$_verifyElementNotPresent_closure1.doCall(VerifyElementNotPresentKeyword.groovy:106)
	at com.kms.katalon.core.webui.keyword.builtin.VerifyElementNotPresentKeyword$_verifyElementNotPresent_closure1.doCall(VerifyElementNotPresentKeyword.groovy)
	at com.kms.katalon.core.webui.keyword.internal.WebUIKeywordMain.runKeyword(WebUIKeywordMain.groovy:20)
	at com.kms.katalon.core.webui.keyword.internal.WebUIKeywordMain$runKeyword.call(Unknown Source)
	at com.kms.katalon.core.webui.keyword.builtin.VerifyElementNotPresentKeyword.verifyElementNotPresent(VerifyElementNotPresentKeyword.groovy:117)
	at com.kms.katalon.core.webui.keyword.builtin.VerifyElementNotPresentKeyword.execute(VerifyElementNotPresentKeyword.groovy:68)
	at com.kms.katalon.core.keyword.internal.KeywordExecutor.executeKeywordForPlatform(KeywordExecutor.groovy:74)
	at com.kms.katalon.core.webui.keyword.WebUiBuiltInKeywords.verifyElementNotPresent(WebUiBuiltInKeywords.groovy:1481)
	at com.kms.katalon.core.webui.keyword.WebUiBuiltInKeywords$verifyElementNotPresent$8.call(Unknown Source)
	at GetBrokSumPriceDaily.run(GetBrokSumPriceDaily:309)
	at com.kms.katalon.core.main.ScriptEngine.run(ScriptEngine.java:194)
	at com.kms.katalon.core.main.ScriptEngine.runScriptAsRawText(ScriptEngine.java:119)
	at com.kms.katalon.core.main.TestCaseExecutor.runScript(TestCaseExecutor.java:445)
	at com.kms.katalon.core.main.TestCaseExecutor.doExecute(TestCaseExecutor.java:436)
	at com.kms.katalon.core.main.TestCaseExecutor.processExecutionPhase(TestCaseExecutor.java:415)
	at com.kms.katalon.core.main.TestCaseExecutor.accessMainPhase(TestCaseExecutor.java:407)
	at com.kms.katalon.core.main.TestCaseExecutor.execute(TestCaseExecutor.java:284)
	at com.kms.katalon.core.common.CommonExecutor.accessTestCaseMainPhase(CommonExecutor.java:65)
	at com.kms.katalon.core.main.TestSuiteExecutor.accessTestSuiteMainPhase(TestSuiteExecutor.java:144)
	at com.kms.katalon.core.main.TestSuiteExecutor.execute(TestSuiteExecutor.java:106)
	at com.kms.katalon.core.main.TestCaseMain.startTestSuite(TestCaseMain.java:185)
	at com.kms.katalon.core.main.TestCaseMain$startTestSuite$0.call(Unknown Source)
	at TempTestSuite1705920083951.run(TempTestSuite1705920083951.groovy:36)
)
[[ATTACHMENT|C:\\Users\\Fadli\\git\\KatalonDailyGetData2\\Reports\\20240122_174123\\TS1\\20240122_174123\\1705921621229.png]]

2024-01-22 18:07:01 - [TEST_STEP][PASSED] - else: null

2024-01-22 18:07:01 - [TEST_STEP][PASSED] - strSeller2 = getText(findTestObject("Stockbit/Bandarmology_Seller2")): Text of object 'Object Repository/Stockbit/Bandarmology_Seller2' is: 'RO'

2024-01-22 18:07:01 - [MESSAGE][PASSED] - Text of object 'Object Repository/Stockbit/Bandarmology_Seller2' is: 'RO'

2024-01-22 18:07:01 - [TEST_STEP][PASSED] - strSellerVol2 = getText(findTestObject("Stockbit/Bandarmology_SellerVol2")): Text of object 'Object Repository/Stockbit/Bandarmology_SellerVol2' is: '5.2 K'

2024-01-22 18:07:01 - [MESSAGE][PASSED] - Text of object 'Object Repository/Stockbit/Bandarmology_SellerVol2' is: '5.2 K'

2024-01-22 18:07:01 - [TEST_STEP][PASSED] - strSellerAvg2 = getText(findTestObject("Stockbit/Bandarmology_SellerAvg2")): Text of object 'Object Repository/Stockbit/Bandarmology_SellerAvg2' is: '1,129'

2024-01-22 18:07:01 - [MESSAGE][PASSED] - Text of object 'Object Repository/Stockbit/Bandarmology_SellerAvg2' is: '1,129'

2024-01-22 18:07:01 - [TEST_STEP][PASSED] - if (strSeller2 != ""): null

2024-01-22 18:07:01 - [TEST_STEP][PASSED] - if (strSellerAvg2.contains(",")): null

2024-01-22 18:07:01 - [TEST_STEP][PASSED] - strSellerAvg2 = strSellerAvg2.replace(",", ""): null

2024-01-22 18:07:01 - [TEST_STEP][PASSED] - if (strSellerVol2.contains(" B")): null

2024-01-22 18:07:01 - [TEST_STEP][PASSED] - else if (strSellerVol2.contains(" M")): null

2024-01-22 18:07:01 - [TEST_STEP][PASSED] - else if (strSellerVol2.contains(" K")): null

2024-01-22 18:07:01 - [TEST_STEP][PASSED] - strSellerVol2 = strSellerVol2.replace(" K", ""): null

2024-01-22 18:07:01 - [TEST_STEP][PASSED] - strSellerVol2 = strSellerVol2.toDouble() * 1000: null

2024-01-22 18:07:01 - [TEST_STEP][PASSED] - if (verifyElementNotPresent(findTestObject("Stockbit/Bandarmology_Buyer3"), 1, OPTIONAL)): Web element with id: 'Object Repository/Stockbit/Bandarmology_Buyer3' located by 'By.xpath: //*[contains(@id, 'rc-tabs-')]/div[2]/div/div/div/div/div/div[2]/table/tbody/tr[4]/td[1]/p' is present after '1' second(s) (Root cause: com.kms.katalon.core.exception.StepFailedException: Web element with id: 'Object Repository/Stockbit/Bandarmology_Buyer3' located by 'By.xpath: //*[contains(@id, 'rc-tabs-')]/div[2]/div/div/div/div/div/div[2]/table/tbody/tr[4]/td[1]/p' is present after '1' second(s)
	at com.kms.katalon.core.webui.keyword.internal.WebUIKeywordMain.stepFailed(WebUIKeywordMain.groovy:64)
	at com.kms.katalon.core.webui.keyword.internal.WebUIKeywordMain$stepFailed$0.call(Unknown Source)
	at com.kms.katalon.core.webui.keyword.builtin.VerifyElementNotPresentKeyword$_verifyElementNotPresent_closure1.doCall(VerifyElementNotPresentKeyword.groovy:106)
	at com.kms.katalon.core.webui.keyword.builtin.VerifyElementNotPresentKeyword$_verifyElementNotPresent_closure1.doCall(VerifyElementNotPresentKeyword.groovy)
	at com.kms.katalon.core.webui.keyword.internal.WebUIKeywordMain.runKeyword(WebUIKeywordMain.groovy:20)
	at com.kms.katalon.core.webui.keyword.internal.WebUIKeywordMain$runKeyword.call(Unknown Source)
	at com.kms.katalon.core.webui.keyword.builtin.VerifyElementNotPresentKeyword.verifyElementNotPresent(VerifyElementNotPresentKeyword.groovy:117)
	at com.kms.katalon.core.webui.keyword.builtin.VerifyElementNotPresentKeyword.execute(VerifyElementNotPresentKeyword.groovy:68)
	at com.kms.katalon.core.keyword.internal.KeywordExecutor.executeKeywordForPlatform(KeywordExecutor.groovy:74)
	at com.kms.katalon.core.webui.keyword.WebUiBuiltInKeywords.verifyElementNotPresent(WebUiBuiltInKeywords.groovy:1481)
	at com.kms.katalon.core.webui.keyword.WebUiBuiltInKeywords$verifyElementNotPresent$8.call(Unknown Source)
	at GetBrokSumPriceDaily.run(GetBrokSumPriceDaily:361)
	at com.kms.katalon.core.main.ScriptEngine.run(ScriptEngine.java:194)
	at com.kms.katalon.core.main.ScriptEngine.runScriptAsRawText(ScriptEngine.java:119)
	at com.kms.katalon.core.main.TestCaseExecutor.runScript(TestCaseExecutor.java:445)
	at com.kms.katalon.core.main.TestCaseExecutor.doExecute(TestCaseExecutor.java:436)
	at com.kms.katalon.core.main.TestCaseExecutor.processExecutionPhase(TestCaseExecutor.java:415)
	at com.kms.katalon.core.main.TestCaseExecutor.accessMainPhase(TestCaseExecutor.java:407)
	at com.kms.katalon.core.main.TestCaseExecutor.execute(TestCaseExecutor.java:284)
	at com.kms.katalon.core.common.CommonExecutor.accessTestCaseMainPhase(CommonExecutor.java:65)
	at com.kms.katalon.core.main.TestSuiteExecutor.accessTestSuiteMainPhase(TestSuiteExecutor.java:144)
	at com.kms.katalon.core.main.TestSuiteExecutor.execute(TestSuiteExecutor.java:106)
	at com.kms.katalon.core.main.TestCaseMain.startTestSuite(TestCaseMain.java:185)
	at com.kms.katalon.core.main.TestCaseMain$startTestSuite$0.call(Unknown Source)
	at TempTestSuite1705920083951.run(TempTestSuite1705920083951.groovy:36)
)

2024-01-22 18:07:03 - [MESSAGE][WARNING] - Web element with id: 'Object Repository/Stockbit/Bandarmology_Buyer3' located by 'By.xpath: //*[contains(@id, 'rc-tabs-')]/div[2]/div/div/div/div/div/div[2]/table/tbody/tr[4]/td[1]/p' is present after '1' second(s) (Root cause: com.kms.katalon.core.exception.StepFailedException: Web element with id: 'Object Repository/Stockbit/Bandarmology_Buyer3' located by 'By.xpath: //*[contains(@id, 'rc-tabs-')]/div[2]/div/div/div/div/div/div[2]/table/tbody/tr[4]/td[1]/p' is present after '1' second(s)
	at com.kms.katalon.core.webui.keyword.internal.WebUIKeywordMain.stepFailed(WebUIKeywordMain.groovy:64)
	at com.kms.katalon.core.webui.keyword.internal.WebUIKeywordMain$stepFailed$0.call(Unknown Source)
	at com.kms.katalon.core.webui.keyword.builtin.VerifyElementNotPresentKeyword$_verifyElementNotPresent_closure1.doCall(VerifyElementNotPresentKeyword.groovy:106)
	at com.kms.katalon.core.webui.keyword.builtin.VerifyElementNotPresentKeyword$_verifyElementNotPresent_closure1.doCall(VerifyElementNotPresentKeyword.groovy)
	at com.kms.katalon.core.webui.keyword.internal.WebUIKeywordMain.runKeyword(WebUIKeywordMain.groovy:20)
	at com.kms.katalon.core.webui.keyword.internal.WebUIKeywordMain$runKeyword.call(Unknown Source)
	at com.kms.katalon.core.webui.keyword.builtin.VerifyElementNotPresentKeyword.verifyElementNotPresent(VerifyElementNotPresentKeyword.groovy:117)
	at com.kms.katalon.core.webui.keyword.builtin.VerifyElementNotPresentKeyword.execute(VerifyElementNotPresentKeyword.groovy:68)
	at com.kms.katalon.core.keyword.internal.KeywordExecutor.executeKeywordForPlatform(KeywordExecutor.groovy:74)
	at com.kms.katalon.core.webui.keyword.WebUiBuiltInKeywords.verifyElementNotPresent(WebUiBuiltInKeywords.groovy:1481)
	at com.kms.katalon.core.webui.keyword.WebUiBuiltInKeywords$verifyElementNotPresent$8.call(Unknown Source)
	at GetBrokSumPriceDaily.run(GetBrokSumPriceDaily:361)
	at com.kms.katalon.core.main.ScriptEngine.run(ScriptEngine.java:194)
	at com.kms.katalon.core.main.ScriptEngine.runScriptAsRawText(ScriptEngine.java:119)
	at com.kms.katalon.core.main.TestCaseExecutor.runScript(TestCaseExecutor.java:445)
	at com.kms.katalon.core.main.TestCaseExecutor.doExecute(TestCaseExecutor.java:436)
	at com.kms.katalon.core.main.TestCaseExecutor.processExecutionPhase(TestCaseExecutor.java:415)
	at com.kms.katalon.core.main.TestCaseExecutor.accessMainPhase(TestCaseExecutor.java:407)
	at com.kms.katalon.core.main.TestCaseExecutor.execute(TestCaseExecutor.java:284)
	at com.kms.katalon.core.common.CommonExecutor.accessTestCaseMainPhase(CommonExecutor.java:65)
	at com.kms.katalon.core.main.TestSuiteExecutor.accessTestSuiteMainPhase(TestSuiteExecutor.java:144)
	at com.kms.katalon.core.main.TestSuiteExecutor.execute(TestSuiteExecutor.java:106)
	at com.kms.katalon.core.main.TestCaseMain.startTestSuite(TestCaseMain.java:185)
	at com.kms.katalon.core.main.TestCaseMain$startTestSuite$0.call(Unknown Source)
	at TempTestSuite1705920083951.run(TempTestSuite1705920083951.groovy:36)
)
[[ATTACHMENT|C:\\Users\\Fadli\\git\\KatalonDailyGetData2\\Reports\\20240122_174123\\TS1\\20240122_174123\\1705921622925.png]]

2024-01-22 18:07:03 - [TEST_STEP][PASSED] - else: null

2024-01-22 18:07:03 - [TEST_STEP][PASSED] - strBuyer3 = getText(findTestObject("Stockbit/Bandarmology_Buyer3")): Text of object 'Object Repository/Stockbit/Bandarmology_Buyer3' is: 'SH'

2024-01-22 18:07:03 - [MESSAGE][PASSED] - Text of object 'Object Repository/Stockbit/Bandarmology_Buyer3' is: 'SH'

2024-01-22 18:07:03 - [TEST_STEP][PASSED] - strBuyerVol3 = getText(findTestObject("Stockbit/Bandarmology_BuyerVol3")): Text of object 'Object Repository/Stockbit/Bandarmology_BuyerVol3' is: '5.3 K'

2024-01-22 18:07:03 - [MESSAGE][PASSED] - Text of object 'Object Repository/Stockbit/Bandarmology_BuyerVol3' is: '5.3 K'

2024-01-22 18:07:03 - [TEST_STEP][PASSED] - strBuyerAvg3 = getText(findTestObject("Stockbit/Bandarmology_BuyerAvg3")): Text of object 'Object Repository/Stockbit/Bandarmology_BuyerAvg3' is: '1,126'

2024-01-22 18:07:03 - [MESSAGE][PASSED] - Text of object 'Object Repository/Stockbit/Bandarmology_BuyerAvg3' is: '1,126'

2024-01-22 18:07:03 - [TEST_STEP][PASSED] - if (strBuyer3 != ""): null

2024-01-22 18:07:03 - [TEST_STEP][PASSED] - if (strBuyerAvg3.contains(",")): null

2024-01-22 18:07:03 - [TEST_STEP][PASSED] - strBuyerAvg3 = strBuyerAvg3.replace(",", ""): null

2024-01-22 18:07:03 - [TEST_STEP][PASSED] - if (strBuyerVol3.contains(" B")): null

2024-01-22 18:07:03 - [TEST_STEP][PASSED] - else if (strBuyerVol3.contains(" M")): null

2024-01-22 18:07:03 - [TEST_STEP][PASSED] - else if (strBuyerVol3.contains(" K")): null

2024-01-22 18:07:03 - [TEST_STEP][PASSED] - strBuyerVol3 = strBuyerVol3.replace(" K", ""): null

2024-01-22 18:07:03 - [TEST_STEP][PASSED] - strBuyerVol3 = strBuyerVol3.toDouble() * 1000: null

2024-01-22 18:07:03 - [TEST_STEP][PASSED] - if (verifyElementNotPresent(findTestObject("Stockbit/Bandarmology_Seller3"), 1, OPTIONAL)): Web element with id: 'Object Repository/Stockbit/Bandarmology_Seller3' located by 'By.xpath: //*[contains(@id, 'rc-tabs-')]/div[2]/div/div/div/div/div/div[2]/table/tbody/tr[4]/td[5]/p' is present after '1' second(s) (Root cause: com.kms.katalon.core.exception.StepFailedException: Web element with id: 'Object Repository/Stockbit/Bandarmology_Seller3' located by 'By.xpath: //*[contains(@id, 'rc-tabs-')]/div[2]/div/div/div/div/div/div[2]/table/tbody/tr[4]/td[5]/p' is present after '1' second(s)
	at com.kms.katalon.core.webui.keyword.internal.WebUIKeywordMain.stepFailed(WebUIKeywordMain.groovy:64)
	at com.kms.katalon.core.webui.keyword.internal.WebUIKeywordMain$stepFailed$0.call(Unknown Source)
	at com.kms.katalon.core.webui.keyword.builtin.VerifyElementNotPresentKeyword$_verifyElementNotPresent_closure1.doCall(VerifyElementNotPresentKeyword.groovy:106)
	at com.kms.katalon.core.webui.keyword.builtin.VerifyElementNotPresentKeyword$_verifyElementNotPresent_closure1.doCall(VerifyElementNotPresentKeyword.groovy)
	at com.kms.katalon.core.webui.keyword.internal.WebUIKeywordMain.runKeyword(WebUIKeywordMain.groovy:20)
	at com.kms.katalon.core.webui.keyword.internal.WebUIKeywordMain$runKeyword.call(Unknown Source)
	at com.kms.katalon.core.webui.keyword.builtin.VerifyElementNotPresentKeyword.verifyElementNotPresent(VerifyElementNotPresentKeyword.groovy:117)
	at com.kms.katalon.core.webui.keyword.builtin.VerifyElementNotPresentKeyword.execute(VerifyElementNotPresentKeyword.groovy:68)
	at com.kms.katalon.core.keyword.internal.KeywordExecutor.executeKeywordForPlatform(KeywordExecutor.groovy:74)
	at com.kms.katalon.core.webui.keyword.WebUiBuiltInKeywords.verifyElementNotPresent(WebUiBuiltInKeywords.groovy:1481)
	at com.kms.katalon.core.webui.keyword.WebUiBuiltInKeywords$verifyElementNotPresent$8.call(Unknown Source)
	at GetBrokSumPriceDaily.run(GetBrokSumPriceDaily:414)
	at com.kms.katalon.core.main.ScriptEngine.run(ScriptEngine.java:194)
	at com.kms.katalon.core.main.ScriptEngine.runScriptAsRawText(ScriptEngine.java:119)
	at com.kms.katalon.core.main.TestCaseExecutor.runScript(TestCaseExecutor.java:445)
	at com.kms.katalon.core.main.TestCaseExecutor.doExecute(TestCaseExecutor.java:436)
	at com.kms.katalon.core.main.TestCaseExecutor.processExecutionPhase(TestCaseExecutor.java:415)
	at com.kms.katalon.core.main.TestCaseExecutor.accessMainPhase(TestCaseExecutor.java:407)
	at com.kms.katalon.core.main.TestCaseExecutor.execute(TestCaseExecutor.java:284)
	at com.kms.katalon.core.common.CommonExecutor.accessTestCaseMainPhase(CommonExecutor.java:65)
	at com.kms.katalon.core.main.TestSuiteExecutor.accessTestSuiteMainPhase(TestSuiteExecutor.java:144)
	at com.kms.katalon.core.main.TestSuiteExecutor.execute(TestSuiteExecutor.java:106)
	at com.kms.katalon.core.main.TestCaseMain.startTestSuite(TestCaseMain.java:185)
	at com.kms.katalon.core.main.TestCaseMain$startTestSuite$0.call(Unknown Source)
	at TempTestSuite1705920083951.run(TempTestSuite1705920083951.groovy:36)
)

2024-01-22 18:07:04 - [MESSAGE][WARNING] - Web element with id: 'Object Repository/Stockbit/Bandarmology_Seller3' located by 'By.xpath: //*[contains(@id, 'rc-tabs-')]/div[2]/div/div/div/div/div/div[2]/table/tbody/tr[4]/td[5]/p' is present after '1' second(s) (Root cause: com.kms.katalon.core.exception.StepFailedException: Web element with id: 'Object Repository/Stockbit/Bandarmology_Seller3' located by 'By.xpath: //*[contains(@id, 'rc-tabs-')]/div[2]/div/div/div/div/div/div[2]/table/tbody/tr[4]/td[5]/p' is present after '1' second(s)
	at com.kms.katalon.core.webui.keyword.internal.WebUIKeywordMain.stepFailed(WebUIKeywordMain.groovy:64)
	at com.kms.katalon.core.webui.keyword.internal.WebUIKeywordMain$stepFailed$0.call(Unknown Source)
	at com.kms.katalon.core.webui.keyword.builtin.VerifyElementNotPresentKeyword$_verifyElementNotPresent_closure1.doCall(VerifyElementNotPresentKeyword.groovy:106)
	at com.kms.katalon.core.webui.keyword.builtin.VerifyElementNotPresentKeyword$_verifyElementNotPresent_closure1.doCall(VerifyElementNotPresentKeyword.groovy)
	at com.kms.katalon.core.webui.keyword.internal.WebUIKeywordMain.runKeyword(WebUIKeywordMain.groovy:20)
	at com.kms.katalon.core.webui.keyword.internal.WebUIKeywordMain$runKeyword.call(Unknown Source)
	at com.kms.katalon.core.webui.keyword.builtin.VerifyElementNotPresentKeyword.verifyElementNotPresent(VerifyElementNotPresentKeyword.groovy:117)
	at com.kms.katalon.core.webui.keyword.builtin.VerifyElementNotPresentKeyword.execute(VerifyElementNotPresentKeyword.groovy:68)
	at com.kms.katalon.core.keyword.internal.KeywordExecutor.executeKeywordForPlatform(KeywordExecutor.groovy:74)
	at com.kms.katalon.core.webui.keyword.WebUiBuiltInKeywords.verifyElementNotPresent(WebUiBuiltInKeywords.groovy:1481)
	at com.kms.katalon.core.webui.keyword.WebUiBuiltInKeywords$verifyElementNotPresent$8.call(Unknown Source)
	at GetBrokSumPriceDaily.run(GetBrokSumPriceDaily:414)
	at com.kms.katalon.core.main.ScriptEngine.run(ScriptEngine.java:194)
	at com.kms.katalon.core.main.ScriptEngine.runScriptAsRawText(ScriptEngine.java:119)
	at com.kms.katalon.core.main.TestCaseExecutor.runScript(TestCaseExecutor.java:445)
	at com.kms.katalon.core.main.TestCaseExecutor.doExecute(TestCaseExecutor.java:436)
	at com.kms.katalon.core.main.TestCaseExecutor.processExecutionPhase(TestCaseExecutor.java:415)
	at com.kms.katalon.core.main.TestCaseExecutor.accessMainPhase(TestCaseExecutor.java:407)
	at com.kms.katalon.core.main.TestCaseExecutor.execute(TestCaseExecutor.java:284)
	at com.kms.katalon.core.common.CommonExecutor.accessTestCaseMainPhase(CommonExecutor.java:65)
	at com.kms.katalon.core.main.TestSuiteExecutor.accessTestSuiteMainPhase(TestSuiteExecutor.java:144)
	at com.kms.katalon.core.main.TestSuiteExecutor.execute(TestSuiteExecutor.java:106)
	at com.kms.katalon.core.main.TestCaseMain.startTestSuite(TestCaseMain.java:185)
	at com.kms.katalon.core.main.TestCaseMain$startTestSuite$0.call(Unknown Source)
	at TempTestSuite1705920083951.run(TempTestSuite1705920083951.groovy:36)
)
[[ATTACHMENT|C:\\Users\\Fadli\\git\\KatalonDailyGetData2\\Reports\\20240122_174123\\TS1\\20240122_174123\\1705921624668.png]]

2024-01-22 18:07:04 - [TEST_STEP][PASSED] - else: null

2024-01-22 18:07:04 - [TEST_STEP][PASSED] - strSeller3 = getText(findTestObject("Stockbit/Bandarmology_Seller3")): Text of object 'Object Repository/Stockbit/Bandarmology_Seller3' is: 'CC'

2024-01-22 18:07:04 - [MESSAGE][PASSED] - Text of object 'Object Repository/Stockbit/Bandarmology_Seller3' is: 'CC'

2024-01-22 18:07:04 - [TEST_STEP][PASSED] - strSellerVol3 = getText(findTestObject("Stockbit/Bandarmology_SellerVol3")): Text of object 'Object Repository/Stockbit/Bandarmology_SellerVol3' is: '4.8 K'

2024-01-22 18:07:05 - [MESSAGE][PASSED] - Text of object 'Object Repository/Stockbit/Bandarmology_SellerVol3' is: '4.8 K'

2024-01-22 18:07:05 - [TEST_STEP][PASSED] - strSellerAvg3 = getText(findTestObject("Stockbit/Bandarmology_SellerAvg3")): Text of object 'Object Repository/Stockbit/Bandarmology_SellerAvg3' is: '1,131'

2024-01-22 18:07:05 - [MESSAGE][PASSED] - Text of object 'Object Repository/Stockbit/Bandarmology_SellerAvg3' is: '1,131'

2024-01-22 18:07:05 - [TEST_STEP][PASSED] - if (strSeller3 != ""): null

2024-01-22 18:07:05 - [TEST_STEP][PASSED] - if (strSellerAvg3.contains(",")): null

2024-01-22 18:07:05 - [TEST_STEP][PASSED] - strSellerAvg3 = strSellerAvg3.replace(",", ""): null

2024-01-22 18:07:05 - [TEST_STEP][PASSED] - if (strSellerVol3.contains(" B")): null

2024-01-22 18:07:05 - [TEST_STEP][PASSED] - else if (strSellerVol3.contains(" M")): null

2024-01-22 18:07:05 - [TEST_STEP][PASSED] - else if (strSellerVol3.contains(" K")): null

2024-01-22 18:07:05 - [TEST_STEP][PASSED] - strSellerVol3 = strSellerVol3.replace(" K", ""): null

2024-01-22 18:07:05 - [TEST_STEP][PASSED] - strSellerVol3 = strSellerVol3.toDouble() * 1000: null

2024-01-22 18:07:05 - [TEST_STEP][PASSED] - strAccDist = getText(findTestObject("Stockbit/Bandarmology_AccDist")): Text of object 'Object Repository/Stockbit/Bandarmology_AccDist' is: 'Acc'

2024-01-22 18:07:05 - [MESSAGE][PASSED] - Text of object 'Object Repository/Stockbit/Bandarmology_AccDist' is: 'Acc'

2024-01-22 18:07:05 - [TEST_STEP][PASSED] - strNetVol = getText(findTestObject("Stockbit/Bandarmology_NetVol")): Text of object 'Object Repository/Stockbit/Bandarmology_NetVol' is: '60,009'

2024-01-22 18:07:05 - [MESSAGE][PASSED] - Text of object 'Object Repository/Stockbit/Bandarmology_NetVol' is: '60,009'

2024-01-22 18:07:05 - [TEST_STEP][PASSED] - strNetVol = strNetVol.replace(",", ""): null

2024-01-22 18:07:05 - [TEST_STEP][PASSED] - strNetVal = getText(findTestObject("Stockbit/Bandarmology_NetVal")): Text of object 'Object Repository/Stockbit/Bandarmology_NetVal' is: '6.8 B'

2024-01-22 18:07:05 - [MESSAGE][PASSED] - Text of object 'Object Repository/Stockbit/Bandarmology_NetVal' is: '6.8 B'

2024-01-22 18:07:05 - [TEST_STEP][PASSED] - delay(3): Delayed 3 second(s)

2024-01-22 18:07:08 - [MESSAGE][PASSED] - Delayed 3 second(s)

2024-01-22 18:07:08 - [TEST_STEP][PASSED] - strOpenPrice = getText(findTestObject("Stockbit/Home_OpenPrice")): Text of object 'Object Repository/Stockbit/Home_OpenPrice' is: '1,130'

2024-01-22 18:07:08 - [MESSAGE][PASSED] - Text of object 'Object Repository/Stockbit/Home_OpenPrice' is: '1,130'

2024-01-22 18:07:08 - [TEST_STEP][PASSED] - strOpenPrice = strOpenPrice.replace(",", ""): null

2024-01-22 18:07:08 - [TEST_STEP][PASSED] - strLowPrice = getText(findTestObject("Stockbit/Home_LowPrice")): Text of object 'Object Repository/Stockbit/Home_LowPrice' is: '1,110'

2024-01-22 18:07:08 - [MESSAGE][PASSED] - Text of object 'Object Repository/Stockbit/Home_LowPrice' is: '1,110'

2024-01-22 18:07:08 - [TEST_STEP][PASSED] - strLowPrice = strLowPrice.replace(",", ""): null

2024-01-22 18:07:08 - [TEST_STEP][PASSED] - strHighPrice = getText(findTestObject("Stockbit/Home_HighPrice")): Text of object 'Object Repository/Stockbit/Home_HighPrice' is: '1,150'

2024-01-22 18:07:08 - [MESSAGE][PASSED] - Text of object 'Object Repository/Stockbit/Home_HighPrice' is: '1,150'

2024-01-22 18:07:08 - [TEST_STEP][PASSED] - strHighPrice = strHighPrice.replace(",", ""): null

2024-01-22 18:07:08 - [TEST_STEP][PASSED] - strClosePrice = getText(findTestObject("Stockbit/Home_ClosePrice")): Text of object 'Object Repository/Stockbit/Home_ClosePrice' is: '1,150'

2024-01-22 18:07:09 - [MESSAGE][PASSED] - Text of object 'Object Repository/Stockbit/Home_ClosePrice' is: '1,150'

2024-01-22 18:07:09 - [TEST_STEP][PASSED] - strClosePrice = strClosePrice.replace(",", ""): null

2024-01-22 18:07:09 - [TEST_STEP][PASSED] - strVol = getText(findTestObject("Stockbit/Home_Volume")): Text of object 'Object Repository/Stockbit/Home_Volume' is: '534 K'

2024-01-22 18:07:09 - [MESSAGE][PASSED] - Text of object 'Object Repository/Stockbit/Home_Volume' is: '534 K'

2024-01-22 18:07:09 - [TEST_STEP][PASSED] - if (strVol.contains(" K")): null

2024-01-22 18:07:09 - [TEST_STEP][PASSED] - strVol = strVol.replace(" K", "000"): null

2024-01-22 18:07:09 - [TEST_STEP][PASSED] - if (strVol.contains(",")): null

2024-01-22 18:07:09 - [TEST_STEP][PASSED] - strChange = getText(findTestObject("Stockbit/Home_Change")): Text of object 'Object Repository/Stockbit/Home_Change' is: '1.77%'

2024-01-22 18:07:09 - [MESSAGE][PASSED] - Text of object 'Object Repository/Stockbit/Home_Change' is: '1.77%'

2024-01-22 18:07:09 - [TEST_STEP][PASSED] - strChange = strChange.replace("%", ""): null

2024-01-22 18:07:09 - [TEST_STEP][PASSED] - strFreq = getText(findTestObject("Stockbit/Home_Freq")): Text of object 'Object Repository/Stockbit/Home_Freq' is: '2,945'

2024-01-22 18:07:09 - [MESSAGE][PASSED] - Text of object 'Object Repository/Stockbit/Home_Freq' is: '2,945'

2024-01-22 18:07:09 - [TEST_STEP][PASSED] - if (strFreq.contains(",")): null

2024-01-22 18:07:09 - [TEST_STEP][PASSED] - strFreq = strFreq.replace(",", ""): null

2024-01-22 18:07:09 - [TEST_STEP][PASSED] - if (strFreq == "NA" || strFreq == ""): null

2024-01-22 18:07:09 - [TEST_STEP][PASSED] - else: null

2024-01-22 18:07:09 - [TEST_STEP][PASSED] - dblFreqAnal = strVol.toDouble() / strFreq.toDouble() * strFreq.toDouble() * strFreq.toDouble() * 100000000: null

2024-01-22 18:07:09 - [TEST_STEP][PASSED] - strFreqAnal = String.format("%.4f", dblFreqAnal): null

2024-01-22 18:07:09 - [TEST_STEP][PASSED] - out.println("Double strFreqAnal: " + strFreqAnal): null

2024-01-22 18:07:09 - [TEST_STEP][PASSED] - strTanggal = d.format(DateTimeFormatter.ofPattern("yyyy-MM-dd")): null

2024-01-22 18:07:09 - [TEST_STEP][PASSED] - strTanggal = "#" + strTanggal + "#": null

2024-01-22 18:07:09 - [TEST_STEP][PASSED] - strSQL = "select count(*) as JumBaris from TblBrokSum where Nama = '" + strNama + "' and Tanggal = " + strTanggal + "": null

2024-01-22 18:07:09 - [TEST_STEP][PASSED] - resultSet = statement.executeQuery(strSQL): null

2024-01-22 18:07:09 - [TEST_STEP][PASSED] - resultSet.next(): null

2024-01-22 18:07:09 - [TEST_STEP][PASSED] - intJumBaris = resultSet.getInt("JumBaris"): null

2024-01-22 18:07:09 - [TEST_STEP][PASSED] - if (intJumBaris > 0): null

2024-01-22 18:07:09 - [TEST_STEP][PASSED] - else: null

2024-01-22 18:07:09 - [TEST_STEP][PASSED] - try: null

2024-01-22 18:07:09 - [TEST_STEP][PASSED] - out.println("Insert data"): null

2024-01-22 18:07:09 - [TEST_STEP][PASSED] - strSQL = "insert into TblBrokSum (nama, tanggal, top1, top2, top3, AllBrokAvg, AccDist, AvgRP, " + "Buyer1, BuyerVal1, BuyerAvg1, Seller1, SellerVal1, SellerAvg1, Buyer2, BuyerVal2, BuyerAvg2, " + "Seller2, SellerVal2, SellerAvg2, Buyer3, BuyerVal3, BuyerAvg3, Seller3, SellerVal3, SellerAvg3, NetVol, NetVal, " + "OpenPrice, LowPrice, HighPrice, ClosePrice, Volume, Change, Frekuensi, FrekAnal) " + "values ('" + strNama + "', " + strTanggal + ", '" + strTop1 + "', '" + strTop3 + "', '" + strTop5 + "', " + "'" + strAllBrokAvg + "', '" + strAccDist + "', " + intAvgRP + ", '" + strBuyer1 + "', '" + strBuyerVol1 + "', " + strBuyerAvg1 + ", " + "'" + strSeller1 + "', '" + strSellerVol1 + "', " + strSellerAvg1 + ", '" + strBuyer2 + "', '" + strBuyerVol2 + "', " + strBuyerAvg2 + ", " + "'" + strSeller2 + "', '" + strSellerVol2 + "', " + strSellerAvg2 + ", '" + strBuyer3 + "', '" + strBuyerVol3 + "', " + strBuyerAvg3 + ", " + "'" + strSeller3 + "', '" + strSellerVol3 + "', " + strSellerAvg3 + ", " + strNetVol + ", '" + strNetVal + "', " + "" + strOpenPrice + ", " + strLowPrice + ", " + strHighPrice + ", " + strClosePrice + ", '" + strVol + "', " + strChange + ", " + strFreq + ", " + strFreqAnal + ");": null

2024-01-22 18:07:09 - [TEST_STEP][PASSED] - out.println("strSQL = " + strSQL): null

2024-01-22 18:07:09 - [TEST_STEP][PASSED] - statement.executeUpdate(strSQL): null

2024-01-22 18:07:09 - [TEST_STEP][PASSED] - setValueToCellByIndex(sheet01, rowIndex, 4, "DONE"): null

2024-01-22 18:07:09 - [TEST_STEP][PASSED] - saveWorkbook(excelFilePath, workbook01): null

2024-01-22 18:07:09 - [TEST_STEP][PASSED] - waitForElementClickable(findTestObject("Stockbit/menu_Bandarmology"), 10): Object 'Object Repository/Stockbit/menu_Bandarmology' is clickable

2024-01-22 18:07:09 - [MESSAGE][PASSED] - Object 'Object Repository/Stockbit/menu_Bandarmology' is clickable

2024-01-22 18:07:09 - [TEST_STEP][PASSED] - click(findTestObject("Stockbit/menu_Bandarmology")): Object: 'Object Repository/Stockbit/menu_Bandarmology' is clicked on

2024-01-22 18:07:10 - [MESSAGE][PASSED] - Object: 'Object Repository/Stockbit/menu_Bandarmology' is clicked on

2024-01-22 18:07:10 - [TEST_STEP][PASSED] - strTemp = "NA": null

2024-01-22 18:07:10 - [TEST_STEP][PASSED] - if (getCellValueByIndex(sheet01, rowIndex, 4) != "DONE"): Object: 'Object Repository/Stockbit/menu_Bandarmology' is clicked on

2024-01-22 18:07:10 - [TEST_STEP][PASSED] - strNama = getCellValueByIndex(sheet01, rowIndex, 0): null

2024-01-22 18:07:10 - [TEST_STEP][PASSED] - navigateToUrl("https://stockbit.com/#/symbol/" + strNama): Navigate to 'https://stockbit.com/#/symbol/ESSA' successfully

2024-01-22 18:07:13 - [MESSAGE][PASSED] - Navigate to 'https://stockbit.com/#/symbol/ESSA' successfully

2024-01-22 18:07:13 - [TEST_STEP][PASSED] - waitForElementClickable(findTestObject("Stockbit/menu_Bandarmology"), 10): Object 'Object Repository/Stockbit/menu_Bandarmology' is clickable

2024-01-22 18:07:13 - [MESSAGE][PASSED] - Object 'Object Repository/Stockbit/menu_Bandarmology' is clickable

2024-01-22 18:07:13 - [TEST_STEP][PASSED] - click(findTestObject("Stockbit/menu_Bandarmology")): Object: 'Object Repository/Stockbit/menu_Bandarmology' is clicked on

2024-01-22 18:07:14 - [MESSAGE][PASSED] - Object: 'Object Repository/Stockbit/menu_Bandarmology' is clicked on

2024-01-22 18:07:14 - [TEST_STEP][PASSED] - strTanggal = d.format(DateTimeFormatter.ofPattern("MMM dd, yyyy")): null

2024-01-22 18:07:14 - [TEST_STEP][PASSED] - strTanggal = d.format(ISO_DATE): null

2024-01-22 18:07:14 - [TEST_STEP][PASSED] - out.println("strTanggal = " + strTanggal): null

2024-01-22 18:07:14 - [TEST_STEP][PASSED] - out.println("strNama = " + strNama): null

2024-01-22 18:07:14 - [TEST_STEP][PASSED] - out.println("Baris ke = " + rowIndex): null

2024-01-22 18:07:14 - [TEST_STEP][PASSED] - click(findTestObject("Stockbit/input__BandarmologyOpenStartDate")): Object: 'Object Repository/Stockbit/input__BandarmologyOpenStartDate' is clicked on

2024-01-22 18:07:16 - [MESSAGE][PASSED] - Object: 'Object Repository/Stockbit/input__BandarmologyOpenStartDate' is clicked on

2024-01-22 18:07:16 - [TEST_STEP][PASSED] - sendKeys(findTestObject("Stockbit/input__BandarmologyOpenStartDate"), Keys.chord(CONTROL, "a")): Keys 'CONTROL + a' sent to object: 'Object Repository/Stockbit/input__BandarmologyOpenStartDate'

2024-01-22 18:07:16 - [MESSAGE][PASSED] - Keys 'CONTROL + a' sent to object: 'Object Repository/Stockbit/input__BandarmologyOpenStartDate'

2024-01-22 18:07:16 - [TEST_STEP][PASSED] - sendKeys(findTestObject("Stockbit/input__BandarmologyOpenStartDate"), Keys.chord(BACK_SPACE)): Keys 'BACK_SPACE + ' sent to object: 'Object Repository/Stockbit/input__BandarmologyOpenStartDate'

2024-01-22 18:07:17 - [MESSAGE][PASSED] - Keys 'BACK_SPACE + ' sent to object: 'Object Repository/Stockbit/input__BandarmologyOpenStartDate'

2024-01-22 18:07:17 - [TEST_STEP][PASSED] - setText(findTestObject("Stockbit/input__BandarmologyOpenStartDate"), strTanggal): Text '2024-01-22' is set on object 'Object Repository/Stockbit/input__BandarmologyOpenStartDate'

2024-01-22 18:07:17 - [MESSAGE][PASSED] - Text '2024-01-22' is set on object 'Object Repository/Stockbit/input__BandarmologyOpenStartDate'

2024-01-22 18:07:17 - [TEST_STEP][PASSED] - sendKeys(findTestObject("Stockbit/input__BandarmologyOpenStartDate"), Keys.chord(ENTER)): Keys 'ENTER + ' sent to object: 'Object Repository/Stockbit/input__BandarmologyOpenStartDate'

2024-01-22 18:07:18 - [MESSAGE][PASSED] - Keys 'ENTER + ' sent to object: 'Object Repository/Stockbit/input__BandarmologyOpenStartDate'

2024-01-22 18:07:18 - [TEST_STEP][PASSED] - click(findTestObject("Stockbit/input__BandarmologyOpenEndDate")): Object: 'Object Repository/Stockbit/input__BandarmologyOpenEndDate' is clicked on

2024-01-22 18:07:18 - [MESSAGE][PASSED] - Object: 'Object Repository/Stockbit/input__BandarmologyOpenEndDate' is clicked on

2024-01-22 18:07:18 - [TEST_STEP][PASSED] - sendKeys(findTestObject("Stockbit/input__BandarmologyOpenEndDate"), Keys.chord(CONTROL, "a")): Keys 'CONTROL + a' sent to object: 'Object Repository/Stockbit/input__BandarmologyOpenEndDate'

2024-01-22 18:07:19 - [MESSAGE][PASSED] - Keys 'CONTROL + a' sent to object: 'Object Repository/Stockbit/input__BandarmologyOpenEndDate'

2024-01-22 18:07:19 - [TEST_STEP][PASSED] - sendKeys(findTestObject("Stockbit/input__BandarmologyOpenEndDate"), Keys.chord(BACK_SPACE)): Keys 'BACK_SPACE + ' sent to object: 'Object Repository/Stockbit/input__BandarmologyOpenEndDate'

2024-01-22 18:07:19 - [MESSAGE][PASSED] - Keys 'BACK_SPACE + ' sent to object: 'Object Repository/Stockbit/input__BandarmologyOpenEndDate'

2024-01-22 18:07:19 - [TEST_STEP][PASSED] - setText(findTestObject("Stockbit/input__BandarmologyOpenEndDate"), strTanggal): Text '2024-01-22' is set on object 'Object Repository/Stockbit/input__BandarmologyOpenEndDate'

2024-01-22 18:07:20 - [MESSAGE][PASSED] - Text '2024-01-22' is set on object 'Object Repository/Stockbit/input__BandarmologyOpenEndDate'

2024-01-22 18:07:20 - [TEST_STEP][PASSED] - sendKeys(findTestObject("Stockbit/input__BandarmologyOpenEndDate"), Keys.chord(ENTER)): Keys 'ENTER + ' sent to object: 'Object Repository/Stockbit/input__BandarmologyOpenEndDate'

2024-01-22 18:07:21 - [MESSAGE][PASSED] - Keys 'ENTER + ' sent to object: 'Object Repository/Stockbit/input__BandarmologyOpenEndDate'

2024-01-22 18:07:21 - [TEST_STEP][PASSED] - delay(2): Delayed 2 second(s)

2024-01-22 18:07:23 - [MESSAGE][PASSED] - Delayed 2 second(s)

2024-01-22 18:07:23 - [TEST_STEP][PASSED] - strTemp = getText(findTestObject("Stockbit/Bandarmology_AvgRP")): Text of object 'Object Repository/Stockbit/Bandarmology_AvgRP' is: '586'

2024-01-22 18:07:23 - [MESSAGE][PASSED] - Text of object 'Object Repository/Stockbit/Bandarmology_AvgRP' is: '586'

2024-01-22 18:07:23 - [TEST_STEP][PASSED] - out.println("Bandarmology_AvgRP = " + strTemp): null

2024-01-22 18:07:23 - [TEST_STEP][PASSED] - if (strTemp != "0"): null

2024-01-22 18:07:23 - [TEST_STEP][PASSED] - strTop1 = getText(findTestObject("Stockbit/Bandarmology_Top1")): Text of object 'Object Repository/Stockbit/Bandarmology_Top1' is: 'Neutral'

2024-01-22 18:07:23 - [MESSAGE][PASSED] - Text of object 'Object Repository/Stockbit/Bandarmology_Top1' is: 'Neutral'

2024-01-22 18:07:23 - [TEST_STEP][PASSED] - strTop3 = getText(findTestObject("Stockbit/Bandarmology_Top3")): Text of object 'Object Repository/Stockbit/Bandarmology_Top3' is: 'Neutral'

2024-01-22 18:07:23 - [MESSAGE][PASSED] - Text of object 'Object Repository/Stockbit/Bandarmology_Top3' is: 'Neutral'

2024-01-22 18:07:23 - [TEST_STEP][PASSED] - strTop5 = getText(findTestObject("Stockbit/Bandarmology_Top5")): Text of object 'Object Repository/Stockbit/Bandarmology_Top5' is: 'Neutral'

2024-01-22 18:07:23 - [MESSAGE][PASSED] - Text of object 'Object Repository/Stockbit/Bandarmology_Top5' is: 'Neutral'

2024-01-22 18:07:23 - [TEST_STEP][PASSED] - strAllBrokAvg = getText(findTestObject("Stockbit/Bandarmology_TopAVG")): Text of object 'Object Repository/Stockbit/Bandarmology_TopAVG' is: 'Neutral'

2024-01-22 18:07:24 - [MESSAGE][PASSED] - Text of object 'Object Repository/Stockbit/Bandarmology_TopAVG' is: 'Neutral'

2024-01-22 18:07:24 - [TEST_STEP][PASSED] - strTemp = getText(findTestObject("Stockbit/Bandarmology_AvgRP")): Text of object 'Object Repository/Stockbit/Bandarmology_AvgRP' is: '586'

2024-01-22 18:07:24 - [MESSAGE][PASSED] - Text of object 'Object Repository/Stockbit/Bandarmology_AvgRP' is: '586'

2024-01-22 18:07:24 - [TEST_STEP][PASSED] - if (strTemp.contains(",")): null

2024-01-22 18:07:24 - [TEST_STEP][PASSED] - intAvgRP = strTemp.toInteger(): null

2024-01-22 18:07:24 - [TEST_STEP][PASSED] - strBuyer1 = getText(findTestObject("Stockbit/Bandarmology_Buyer1")): Text of object 'Object Repository/Stockbit/Bandarmology_Buyer1' is: 'AK'

2024-01-22 18:07:24 - [MESSAGE][PASSED] - Text of object 'Object Repository/Stockbit/Bandarmology_Buyer1' is: 'AK'

2024-01-22 18:07:24 - [TEST_STEP][PASSED] - strBuyerVol1 = getText(findTestObject("Stockbit/Bandarmology_BuyerVol1")): Text of object 'Object Repository/Stockbit/Bandarmology_BuyerVol1' is: '11.6 K'

2024-01-22 18:07:24 - [MESSAGE][PASSED] - Text of object 'Object Repository/Stockbit/Bandarmology_BuyerVol1' is: '11.6 K'

2024-01-22 18:07:24 - [TEST_STEP][PASSED] - strBuyerAvg1 = getText(findTestObject("Stockbit/Bandarmology_BuyerAvg1")): Text of object 'Object Repository/Stockbit/Bandarmology_BuyerAvg1' is: '585'

2024-01-22 18:07:24 - [MESSAGE][PASSED] - Text of object 'Object Repository/Stockbit/Bandarmology_BuyerAvg1' is: '585'

2024-01-22 18:07:24 - [TEST_STEP][PASSED] - if (strBuyerAvg1.contains(",")): null

2024-01-22 18:07:24 - [TEST_STEP][PASSED] - if (strBuyerVol1.contains(" B")): null

2024-01-22 18:07:24 - [TEST_STEP][PASSED] - else if (strBuyerVol1.contains(" M")): null

2024-01-22 18:07:24 - [TEST_STEP][PASSED] - else if (strBuyerVol1.contains(" K")): null

2024-01-22 18:07:24 - [TEST_STEP][PASSED] - strBuyerVol1 = strBuyerVol1.replace(" K", ""): null

2024-01-22 18:07:24 - [TEST_STEP][PASSED] - strBuyerVol1 = strBuyerVol1.toDouble() * 1000: null

2024-01-22 18:07:24 - [TEST_STEP][PASSED] - strSeller1 = getText(findTestObject("Stockbit/Bandarmology_Seller1")): Text of object 'Object Repository/Stockbit/Bandarmology_Seller1' is: 'IF'

2024-01-22 18:07:24 - [MESSAGE][PASSED] - Text of object 'Object Repository/Stockbit/Bandarmology_Seller1' is: 'IF'

2024-01-22 18:07:24 - [TEST_STEP][PASSED] - strSellerVol1 = getText(findTestObject("Stockbit/Bandarmology_SellerVol1")): Text of object 'Object Repository/Stockbit/Bandarmology_SellerVol1' is: '12.6 K'

2024-01-22 18:07:25 - [MESSAGE][PASSED] - Text of object 'Object Repository/Stockbit/Bandarmology_SellerVol1' is: '12.6 K'

2024-01-22 18:07:25 - [TEST_STEP][PASSED] - strSellerAvg1 = getText(findTestObject("Stockbit/Bandarmology_SellerAvg1")): Text of object 'Object Repository/Stockbit/Bandarmology_SellerAvg1' is: '586'

2024-01-22 18:07:25 - [MESSAGE][PASSED] - Text of object 'Object Repository/Stockbit/Bandarmology_SellerAvg1' is: '586'

2024-01-22 18:07:25 - [TEST_STEP][PASSED] - if (strSellerAvg1.contains(",")): null

2024-01-22 18:07:25 - [TEST_STEP][PASSED] - if (strSellerVol1.contains(" B")): null

2024-01-22 18:07:25 - [TEST_STEP][PASSED] - else if (strSellerVol1.contains(" M")): null

2024-01-22 18:07:25 - [TEST_STEP][PASSED] - else if (strSellerVol1.contains(" K")): null

2024-01-22 18:07:25 - [TEST_STEP][PASSED] - strSellerVol1 = strSellerVol1.replace(" K", ""): null

2024-01-22 18:07:25 - [TEST_STEP][PASSED] - strSellerVol1 = strSellerVol1.toDouble() * 1000: null

2024-01-22 18:07:25 - [TEST_STEP][PASSED] - if (verifyElementNotPresent(findTestObject("Stockbit/Bandarmology_Buyer2"), 1, OPTIONAL)): Web element with id: 'Object Repository/Stockbit/Bandarmology_Buyer2' located by 'By.xpath: //*[contains(@id, 'rc-tabs-')]/div[2]/div/div/div/div/div/div[2]/table/tbody/tr[3]/td[1]/p' is present after '1' second(s) (Root cause: com.kms.katalon.core.exception.StepFailedException: Web element with id: 'Object Repository/Stockbit/Bandarmology_Buyer2' located by 'By.xpath: //*[contains(@id, 'rc-tabs-')]/div[2]/div/div/div/div/div/div[2]/table/tbody/tr[3]/td[1]/p' is present after '1' second(s)
	at com.kms.katalon.core.webui.keyword.internal.WebUIKeywordMain.stepFailed(WebUIKeywordMain.groovy:64)
	at com.kms.katalon.core.webui.keyword.internal.WebUIKeywordMain$stepFailed$0.call(Unknown Source)
	at com.kms.katalon.core.webui.keyword.builtin.VerifyElementNotPresentKeyword$_verifyElementNotPresent_closure1.doCall(VerifyElementNotPresentKeyword.groovy:106)
	at com.kms.katalon.core.webui.keyword.builtin.VerifyElementNotPresentKeyword$_verifyElementNotPresent_closure1.doCall(VerifyElementNotPresentKeyword.groovy)
	at com.kms.katalon.core.webui.keyword.internal.WebUIKeywordMain.runKeyword(WebUIKeywordMain.groovy:20)
	at com.kms.katalon.core.webui.keyword.internal.WebUIKeywordMain$runKeyword.call(Unknown Source)
	at com.kms.katalon.core.webui.keyword.builtin.VerifyElementNotPresentKeyword.verifyElementNotPresent(VerifyElementNotPresentKeyword.groovy:117)
	at com.kms.katalon.core.webui.keyword.builtin.VerifyElementNotPresentKeyword.execute(VerifyElementNotPresentKeyword.groovy:68)
	at com.kms.katalon.core.keyword.internal.KeywordExecutor.executeKeywordForPlatform(KeywordExecutor.groovy:74)
	at com.kms.katalon.core.webui.keyword.WebUiBuiltInKeywords.verifyElementNotPresent(WebUiBuiltInKeywords.groovy:1481)
	at com.kms.katalon.core.webui.keyword.WebUiBuiltInKeywords$verifyElementNotPresent$8.call(Unknown Source)
	at GetBrokSumPriceDaily.run(GetBrokSumPriceDaily:258)
	at com.kms.katalon.core.main.ScriptEngine.run(ScriptEngine.java:194)
	at com.kms.katalon.core.main.ScriptEngine.runScriptAsRawText(ScriptEngine.java:119)
	at com.kms.katalon.core.main.TestCaseExecutor.runScript(TestCaseExecutor.java:445)
	at com.kms.katalon.core.main.TestCaseExecutor.doExecute(TestCaseExecutor.java:436)
	at com.kms.katalon.core.main.TestCaseExecutor.processExecutionPhase(TestCaseExecutor.java:415)
	at com.kms.katalon.core.main.TestCaseExecutor.accessMainPhase(TestCaseExecutor.java:407)
	at com.kms.katalon.core.main.TestCaseExecutor.execute(TestCaseExecutor.java:284)
	at com.kms.katalon.core.common.CommonExecutor.accessTestCaseMainPhase(CommonExecutor.java:65)
	at com.kms.katalon.core.main.TestSuiteExecutor.accessTestSuiteMainPhase(TestSuiteExecutor.java:144)
	at com.kms.katalon.core.main.TestSuiteExecutor.execute(TestSuiteExecutor.java:106)
	at com.kms.katalon.core.main.TestCaseMain.startTestSuite(TestCaseMain.java:185)
	at com.kms.katalon.core.main.TestCaseMain$startTestSuite$0.call(Unknown Source)
	at TempTestSuite1705920083951.run(TempTestSuite1705920083951.groovy:36)
)

2024-01-22 18:07:26 - [MESSAGE][WARNING] - Web element with id: 'Object Repository/Stockbit/Bandarmology_Buyer2' located by 'By.xpath: //*[contains(@id, 'rc-tabs-')]/div[2]/div/div/div/div/div/div[2]/table/tbody/tr[3]/td[1]/p' is present after '1' second(s) (Root cause: com.kms.katalon.core.exception.StepFailedException: Web element with id: 'Object Repository/Stockbit/Bandarmology_Buyer2' located by 'By.xpath: //*[contains(@id, 'rc-tabs-')]/div[2]/div/div/div/div/div/div[2]/table/tbody/tr[3]/td[1]/p' is present after '1' second(s)
	at com.kms.katalon.core.webui.keyword.internal.WebUIKeywordMain.stepFailed(WebUIKeywordMain.groovy:64)
	at com.kms.katalon.core.webui.keyword.internal.WebUIKeywordMain$stepFailed$0.call(Unknown Source)
	at com.kms.katalon.core.webui.keyword.builtin.VerifyElementNotPresentKeyword$_verifyElementNotPresent_closure1.doCall(VerifyElementNotPresentKeyword.groovy:106)
	at com.kms.katalon.core.webui.keyword.builtin.VerifyElementNotPresentKeyword$_verifyElementNotPresent_closure1.doCall(VerifyElementNotPresentKeyword.groovy)
	at com.kms.katalon.core.webui.keyword.internal.WebUIKeywordMain.runKeyword(WebUIKeywordMain.groovy:20)
	at com.kms.katalon.core.webui.keyword.internal.WebUIKeywordMain$runKeyword.call(Unknown Source)
	at com.kms.katalon.core.webui.keyword.builtin.VerifyElementNotPresentKeyword.verifyElementNotPresent(VerifyElementNotPresentKeyword.groovy:117)
	at com.kms.katalon.core.webui.keyword.builtin.VerifyElementNotPresentKeyword.execute(VerifyElementNotPresentKeyword.groovy:68)
	at com.kms.katalon.core.keyword.internal.KeywordExecutor.executeKeywordForPlatform(KeywordExecutor.groovy:74)
	at com.kms.katalon.core.webui.keyword.WebUiBuiltInKeywords.verifyElementNotPresent(WebUiBuiltInKeywords.groovy:1481)
	at com.kms.katalon.core.webui.keyword.WebUiBuiltInKeywords$verifyElementNotPresent$8.call(Unknown Source)
	at GetBrokSumPriceDaily.run(GetBrokSumPriceDaily:258)
	at com.kms.katalon.core.main.ScriptEngine.run(ScriptEngine.java:194)
	at com.kms.katalon.core.main.ScriptEngine.runScriptAsRawText(ScriptEngine.java:119)
	at com.kms.katalon.core.main.TestCaseExecutor.runScript(TestCaseExecutor.java:445)
	at com.kms.katalon.core.main.TestCaseExecutor.doExecute(TestCaseExecutor.java:436)
	at com.kms.katalon.core.main.TestCaseExecutor.processExecutionPhase(TestCaseExecutor.java:415)
	at com.kms.katalon.core.main.TestCaseExecutor.accessMainPhase(TestCaseExecutor.java:407)
	at com.kms.katalon.core.main.TestCaseExecutor.execute(TestCaseExecutor.java:284)
	at com.kms.katalon.core.common.CommonExecutor.accessTestCaseMainPhase(CommonExecutor.java:65)
	at com.kms.katalon.core.main.TestSuiteExecutor.accessTestSuiteMainPhase(TestSuiteExecutor.java:144)
	at com.kms.katalon.core.main.TestSuiteExecutor.execute(TestSuiteExecutor.java:106)
	at com.kms.katalon.core.main.TestCaseMain.startTestSuite(TestCaseMain.java:185)
	at com.kms.katalon.core.main.TestCaseMain$startTestSuite$0.call(Unknown Source)
	at TempTestSuite1705920083951.run(TempTestSuite1705920083951.groovy:36)
)
[[ATTACHMENT|C:\\Users\\Fadli\\git\\KatalonDailyGetData2\\Reports\\20240122_174123\\TS1\\20240122_174123\\1705921646448.png]]

2024-01-22 18:07:26 - [TEST_STEP][PASSED] - else: null

2024-01-22 18:07:26 - [TEST_STEP][PASSED] - strBuyer2 = getText(findTestObject("Stockbit/Bandarmology_Buyer2")): Text of object 'Object Repository/Stockbit/Bandarmology_Buyer2' is: 'YP'

2024-01-22 18:07:26 - [MESSAGE][PASSED] - Text of object 'Object Repository/Stockbit/Bandarmology_Buyer2' is: 'YP'

2024-01-22 18:07:26 - [TEST_STEP][PASSED] - strBuyerVol2 = getText(findTestObject("Stockbit/Bandarmology_BuyerVol2")): Text of object 'Object Repository/Stockbit/Bandarmology_BuyerVol2' is: '8.6 K'

2024-01-22 18:07:27 - [MESSAGE][PASSED] - Text of object 'Object Repository/Stockbit/Bandarmology_BuyerVol2' is: '8.6 K'

2024-01-22 18:07:27 - [TEST_STEP][PASSED] - strBuyerAvg2 = getText(findTestObject("Stockbit/Bandarmology_BuyerAvg2")): Text of object 'Object Repository/Stockbit/Bandarmology_BuyerAvg2' is: '586'

2024-01-22 18:07:27 - [MESSAGE][PASSED] - Text of object 'Object Repository/Stockbit/Bandarmology_BuyerAvg2' is: '586'

2024-01-22 18:07:27 - [TEST_STEP][PASSED] - if (strBuyer2 != ""): null

2024-01-22 18:07:27 - [TEST_STEP][PASSED] - if (strBuyerAvg2.contains(",")): null

2024-01-22 18:07:27 - [TEST_STEP][PASSED] - if (strBuyerVol2.contains(" B")): null

2024-01-22 18:07:27 - [TEST_STEP][PASSED] - else if (strBuyerVol2.contains(" M")): null

2024-01-22 18:07:27 - [TEST_STEP][PASSED] - else if (strBuyerVol2.contains(" K")): null

2024-01-22 18:07:27 - [TEST_STEP][PASSED] - strBuyerVol2 = strBuyerVol2.replace(" K", ""): null

2024-01-22 18:07:27 - [TEST_STEP][PASSED] - strBuyerVol2 = strBuyerVol2.toDouble() * 1000: null

2024-01-22 18:07:27 - [TEST_STEP][PASSED] - if (strBuyerVol2.contains(".")): null

2024-01-22 18:07:27 - [TEST_STEP][PASSED] - strBuyerVal2 = strBuyerVol2.replace(".", ""): null

2024-01-22 18:07:27 - [TEST_STEP][PASSED] - if (verifyElementNotPresent(findTestObject("Stockbit/Bandarmology_Seller2"), 1, OPTIONAL)): Web element with id: 'Object Repository/Stockbit/Bandarmology_Seller2' located by 'By.xpath: //*[contains(@id, 'rc-tabs-')]/div[2]/div/div/div/div/div/div[2]/table/tbody/tr[3]/td[5]/p' is present after '1' second(s) (Root cause: com.kms.katalon.core.exception.StepFailedException: Web element with id: 'Object Repository/Stockbit/Bandarmology_Seller2' located by 'By.xpath: //*[contains(@id, 'rc-tabs-')]/div[2]/div/div/div/div/div/div[2]/table/tbody/tr[3]/td[5]/p' is present after '1' second(s)
	at com.kms.katalon.core.webui.keyword.internal.WebUIKeywordMain.stepFailed(WebUIKeywordMain.groovy:64)
	at com.kms.katalon.core.webui.keyword.internal.WebUIKeywordMain$stepFailed$0.call(Unknown Source)
	at com.kms.katalon.core.webui.keyword.builtin.VerifyElementNotPresentKeyword$_verifyElementNotPresent_closure1.doCall(VerifyElementNotPresentKeyword.groovy:106)
	at com.kms.katalon.core.webui.keyword.builtin.VerifyElementNotPresentKeyword$_verifyElementNotPresent_closure1.doCall(VerifyElementNotPresentKeyword.groovy)
	at com.kms.katalon.core.webui.keyword.internal.WebUIKeywordMain.runKeyword(WebUIKeywordMain.groovy:20)
	at com.kms.katalon.core.webui.keyword.internal.WebUIKeywordMain$runKeyword.call(Unknown Source)
	at com.kms.katalon.core.webui.keyword.builtin.VerifyElementNotPresentKeyword.verifyElementNotPresent(VerifyElementNotPresentKeyword.groovy:117)
	at com.kms.katalon.core.webui.keyword.builtin.VerifyElementNotPresentKeyword.execute(VerifyElementNotPresentKeyword.groovy:68)
	at com.kms.katalon.core.keyword.internal.KeywordExecutor.executeKeywordForPlatform(KeywordExecutor.groovy:74)
	at com.kms.katalon.core.webui.keyword.WebUiBuiltInKeywords.verifyElementNotPresent(WebUiBuiltInKeywords.groovy:1481)
	at com.kms.katalon.core.webui.keyword.WebUiBuiltInKeywords$verifyElementNotPresent$8.call(Unknown Source)
	at GetBrokSumPriceDaily.run(GetBrokSumPriceDaily:309)
	at com.kms.katalon.core.main.ScriptEngine.run(ScriptEngine.java:194)
	at com.kms.katalon.core.main.ScriptEngine.runScriptAsRawText(ScriptEngine.java:119)
	at com.kms.katalon.core.main.TestCaseExecutor.runScript(TestCaseExecutor.java:445)
	at com.kms.katalon.core.main.TestCaseExecutor.doExecute(TestCaseExecutor.java:436)
	at com.kms.katalon.core.main.TestCaseExecutor.processExecutionPhase(TestCaseExecutor.java:415)
	at com.kms.katalon.core.main.TestCaseExecutor.accessMainPhase(TestCaseExecutor.java:407)
	at com.kms.katalon.core.main.TestCaseExecutor.execute(TestCaseExecutor.java:284)
	at com.kms.katalon.core.common.CommonExecutor.accessTestCaseMainPhase(CommonExecutor.java:65)
	at com.kms.katalon.core.main.TestSuiteExecutor.accessTestSuiteMainPhase(TestSuiteExecutor.java:144)
	at com.kms.katalon.core.main.TestSuiteExecutor.execute(TestSuiteExecutor.java:106)
	at com.kms.katalon.core.main.TestCaseMain.startTestSuite(TestCaseMain.java:185)
	at com.kms.katalon.core.main.TestCaseMain$startTestSuite$0.call(Unknown Source)
	at TempTestSuite1705920083951.run(TempTestSuite1705920083951.groovy:36)
)

2024-01-22 18:07:28 - [MESSAGE][WARNING] - Web element with id: 'Object Repository/Stockbit/Bandarmology_Seller2' located by 'By.xpath: //*[contains(@id, 'rc-tabs-')]/div[2]/div/div/div/div/div/div[2]/table/tbody/tr[3]/td[5]/p' is present after '1' second(s) (Root cause: com.kms.katalon.core.exception.StepFailedException: Web element with id: 'Object Repository/Stockbit/Bandarmology_Seller2' located by 'By.xpath: //*[contains(@id, 'rc-tabs-')]/div[2]/div/div/div/div/div/div[2]/table/tbody/tr[3]/td[5]/p' is present after '1' second(s)
	at com.kms.katalon.core.webui.keyword.internal.WebUIKeywordMain.stepFailed(WebUIKeywordMain.groovy:64)
	at com.kms.katalon.core.webui.keyword.internal.WebUIKeywordMain$stepFailed$0.call(Unknown Source)
	at com.kms.katalon.core.webui.keyword.builtin.VerifyElementNotPresentKeyword$_verifyElementNotPresent_closure1.doCall(VerifyElementNotPresentKeyword.groovy:106)
	at com.kms.katalon.core.webui.keyword.builtin.VerifyElementNotPresentKeyword$_verifyElementNotPresent_closure1.doCall(VerifyElementNotPresentKeyword.groovy)
	at com.kms.katalon.core.webui.keyword.internal.WebUIKeywordMain.runKeyword(WebUIKeywordMain.groovy:20)
	at com.kms.katalon.core.webui.keyword.internal.WebUIKeywordMain$runKeyword.call(Unknown Source)
	at com.kms.katalon.core.webui.keyword.builtin.VerifyElementNotPresentKeyword.verifyElementNotPresent(VerifyElementNotPresentKeyword.groovy:117)
	at com.kms.katalon.core.webui.keyword.builtin.VerifyElementNotPresentKeyword.execute(VerifyElementNotPresentKeyword.groovy:68)
	at com.kms.katalon.core.keyword.internal.KeywordExecutor.executeKeywordForPlatform(KeywordExecutor.groovy:74)
	at com.kms.katalon.core.webui.keyword.WebUiBuiltInKeywords.verifyElementNotPresent(WebUiBuiltInKeywords.groovy:1481)
	at com.kms.katalon.core.webui.keyword.WebUiBuiltInKeywords$verifyElementNotPresent$8.call(Unknown Source)
	at GetBrokSumPriceDaily.run(GetBrokSumPriceDaily:309)
	at com.kms.katalon.core.main.ScriptEngine.run(ScriptEngine.java:194)
	at com.kms.katalon.core.main.ScriptEngine.runScriptAsRawText(ScriptEngine.java:119)
	at com.kms.katalon.core.main.TestCaseExecutor.runScript(TestCaseExecutor.java:445)
	at com.kms.katalon.core.main.TestCaseExecutor.doExecute(TestCaseExecutor.java:436)
	at com.kms.katalon.core.main.TestCaseExecutor.processExecutionPhase(TestCaseExecutor.java:415)
	at com.kms.katalon.core.main.TestCaseExecutor.accessMainPhase(TestCaseExecutor.java:407)
	at com.kms.katalon.core.main.TestCaseExecutor.execute(TestCaseExecutor.java:284)
	at com.kms.katalon.core.common.CommonExecutor.accessTestCaseMainPhase(CommonExecutor.java:65)
	at com.kms.katalon.core.main.TestSuiteExecutor.accessTestSuiteMainPhase(TestSuiteExecutor.java:144)
	at com.kms.katalon.core.main.TestSuiteExecutor.execute(TestSuiteExecutor.java:106)
	at com.kms.katalon.core.main.TestCaseMain.startTestSuite(TestCaseMain.java:185)
	at com.kms.katalon.core.main.TestCaseMain$startTestSuite$0.call(Unknown Source)
	at TempTestSuite1705920083951.run(TempTestSuite1705920083951.groovy:36)
)
[[ATTACHMENT|C:\\Users\\Fadli\\git\\KatalonDailyGetData2\\Reports\\20240122_174123\\TS1\\20240122_174123\\1705921648406.png]]

2024-01-22 18:07:28 - [TEST_STEP][PASSED] - else: null

2024-01-22 18:07:28 - [TEST_STEP][PASSED] - strSeller2 = getText(findTestObject("Stockbit/Bandarmology_Seller2")): Text of object 'Object Repository/Stockbit/Bandarmology_Seller2' is: 'ZP'

2024-01-22 18:07:28 - [MESSAGE][PASSED] - Text of object 'Object Repository/Stockbit/Bandarmology_Seller2' is: 'ZP'

2024-01-22 18:07:28 - [TEST_STEP][PASSED] - strSellerVol2 = getText(findTestObject("Stockbit/Bandarmology_SellerVol2")): Text of object 'Object Repository/Stockbit/Bandarmology_SellerVol2' is: '8.4 K'

2024-01-22 18:07:28 - [MESSAGE][PASSED] - Text of object 'Object Repository/Stockbit/Bandarmology_SellerVol2' is: '8.4 K'

2024-01-22 18:07:28 - [TEST_STEP][PASSED] - strSellerAvg2 = getText(findTestObject("Stockbit/Bandarmology_SellerAvg2")): Text of object 'Object Repository/Stockbit/Bandarmology_SellerAvg2' is: '586'

2024-01-22 18:07:29 - [MESSAGE][PASSED] - Text of object 'Object Repository/Stockbit/Bandarmology_SellerAvg2' is: '586'

2024-01-22 18:07:29 - [TEST_STEP][PASSED] - if (strSeller2 != ""): null

2024-01-22 18:07:29 - [TEST_STEP][PASSED] - if (strSellerAvg2.contains(",")): null

2024-01-22 18:07:29 - [TEST_STEP][PASSED] - if (strSellerVol2.contains(" B")): null

2024-01-22 18:07:29 - [TEST_STEP][PASSED] - else if (strSellerVol2.contains(" M")): null

2024-01-22 18:07:29 - [TEST_STEP][PASSED] - else if (strSellerVol2.contains(" K")): null

2024-01-22 18:07:29 - [TEST_STEP][PASSED] - strSellerVol2 = strSellerVol2.replace(" K", ""): null

2024-01-22 18:07:29 - [TEST_STEP][PASSED] - strSellerVol2 = strSellerVol2.toDouble() * 1000: null

2024-01-22 18:07:29 - [TEST_STEP][PASSED] - if (verifyElementNotPresent(findTestObject("Stockbit/Bandarmology_Buyer3"), 1, OPTIONAL)): Web element with id: 'Object Repository/Stockbit/Bandarmology_Buyer3' located by 'By.xpath: //*[contains(@id, 'rc-tabs-')]/div[2]/div/div/div/div/div/div[2]/table/tbody/tr[4]/td[1]/p' is present after '1' second(s) (Root cause: com.kms.katalon.core.exception.StepFailedException: Web element with id: 'Object Repository/Stockbit/Bandarmology_Buyer3' located by 'By.xpath: //*[contains(@id, 'rc-tabs-')]/div[2]/div/div/div/div/div/div[2]/table/tbody/tr[4]/td[1]/p' is present after '1' second(s)
	at com.kms.katalon.core.webui.keyword.internal.WebUIKeywordMain.stepFailed(WebUIKeywordMain.groovy:64)
	at com.kms.katalon.core.webui.keyword.internal.WebUIKeywordMain$stepFailed$0.call(Unknown Source)
	at com.kms.katalon.core.webui.keyword.builtin.VerifyElementNotPresentKeyword$_verifyElementNotPresent_closure1.doCall(VerifyElementNotPresentKeyword.groovy:106)
	at com.kms.katalon.core.webui.keyword.builtin.VerifyElementNotPresentKeyword$_verifyElementNotPresent_closure1.doCall(VerifyElementNotPresentKeyword.groovy)
	at com.kms.katalon.core.webui.keyword.internal.WebUIKeywordMain.runKeyword(WebUIKeywordMain.groovy:20)
	at com.kms.katalon.core.webui.keyword.internal.WebUIKeywordMain$runKeyword.call(Unknown Source)
	at com.kms.katalon.core.webui.keyword.builtin.VerifyElementNotPresentKeyword.verifyElementNotPresent(VerifyElementNotPresentKeyword.groovy:117)
	at com.kms.katalon.core.webui.keyword.builtin.VerifyElementNotPresentKeyword.execute(VerifyElementNotPresentKeyword.groovy:68)
	at com.kms.katalon.core.keyword.internal.KeywordExecutor.executeKeywordForPlatform(KeywordExecutor.groovy:74)
	at com.kms.katalon.core.webui.keyword.WebUiBuiltInKeywords.verifyElementNotPresent(WebUiBuiltInKeywords.groovy:1481)
	at com.kms.katalon.core.webui.keyword.WebUiBuiltInKeywords$verifyElementNotPresent$8.call(Unknown Source)
	at GetBrokSumPriceDaily.run(GetBrokSumPriceDaily:361)
	at com.kms.katalon.core.main.ScriptEngine.run(ScriptEngine.java:194)
	at com.kms.katalon.core.main.ScriptEngine.runScriptAsRawText(ScriptEngine.java:119)
	at com.kms.katalon.core.main.TestCaseExecutor.runScript(TestCaseExecutor.java:445)
	at com.kms.katalon.core.main.TestCaseExecutor.doExecute(TestCaseExecutor.java:436)
	at com.kms.katalon.core.main.TestCaseExecutor.processExecutionPhase(TestCaseExecutor.java:415)
	at com.kms.katalon.core.main.TestCaseExecutor.accessMainPhase(TestCaseExecutor.java:407)
	at com.kms.katalon.core.main.TestCaseExecutor.execute(TestCaseExecutor.java:284)
	at com.kms.katalon.core.common.CommonExecutor.accessTestCaseMainPhase(CommonExecutor.java:65)
	at com.kms.katalon.core.main.TestSuiteExecutor.accessTestSuiteMainPhase(TestSuiteExecutor.java:144)
	at com.kms.katalon.core.main.TestSuiteExecutor.execute(TestSuiteExecutor.java:106)
	at com.kms.katalon.core.main.TestCaseMain.startTestSuite(TestCaseMain.java:185)
	at com.kms.katalon.core.main.TestCaseMain$startTestSuite$0.call(Unknown Source)
	at TempTestSuite1705920083951.run(TempTestSuite1705920083951.groovy:36)
)

2024-01-22 18:07:30 - [MESSAGE][WARNING] - Web element with id: 'Object Repository/Stockbit/Bandarmology_Buyer3' located by 'By.xpath: //*[contains(@id, 'rc-tabs-')]/div[2]/div/div/div/div/div/div[2]/table/tbody/tr[4]/td[1]/p' is present after '1' second(s) (Root cause: com.kms.katalon.core.exception.StepFailedException: Web element with id: 'Object Repository/Stockbit/Bandarmology_Buyer3' located by 'By.xpath: //*[contains(@id, 'rc-tabs-')]/div[2]/div/div/div/div/div/div[2]/table/tbody/tr[4]/td[1]/p' is present after '1' second(s)
	at com.kms.katalon.core.webui.keyword.internal.WebUIKeywordMain.stepFailed(WebUIKeywordMain.groovy:64)
	at com.kms.katalon.core.webui.keyword.internal.WebUIKeywordMain$stepFailed$0.call(Unknown Source)
	at com.kms.katalon.core.webui.keyword.builtin.VerifyElementNotPresentKeyword$_verifyElementNotPresent_closure1.doCall(VerifyElementNotPresentKeyword.groovy:106)
	at com.kms.katalon.core.webui.keyword.builtin.VerifyElementNotPresentKeyword$_verifyElementNotPresent_closure1.doCall(VerifyElementNotPresentKeyword.groovy)
	at com.kms.katalon.core.webui.keyword.internal.WebUIKeywordMain.runKeyword(WebUIKeywordMain.groovy:20)
	at com.kms.katalon.core.webui.keyword.internal.WebUIKeywordMain$runKeyword.call(Unknown Source)
	at com.kms.katalon.core.webui.keyword.builtin.VerifyElementNotPresentKeyword.verifyElementNotPresent(VerifyElementNotPresentKeyword.groovy:117)
	at com.kms.katalon.core.webui.keyword.builtin.VerifyElementNotPresentKeyword.execute(VerifyElementNotPresentKeyword.groovy:68)
	at com.kms.katalon.core.keyword.internal.KeywordExecutor.executeKeywordForPlatform(KeywordExecutor.groovy:74)
	at com.kms.katalon.core.webui.keyword.WebUiBuiltInKeywords.verifyElementNotPresent(WebUiBuiltInKeywords.groovy:1481)
	at com.kms.katalon.core.webui.keyword.WebUiBuiltInKeywords$verifyElementNotPresent$8.call(Unknown Source)
	at GetBrokSumPriceDaily.run(GetBrokSumPriceDaily:361)
	at com.kms.katalon.core.main.ScriptEngine.run(ScriptEngine.java:194)
	at com.kms.katalon.core.main.ScriptEngine.runScriptAsRawText(ScriptEngine.java:119)
	at com.kms.katalon.core.main.TestCaseExecutor.runScript(TestCaseExecutor.java:445)
	at com.kms.katalon.core.main.TestCaseExecutor.doExecute(TestCaseExecutor.java:436)
	at com.kms.katalon.core.main.TestCaseExecutor.processExecutionPhase(TestCaseExecutor.java:415)
	at com.kms.katalon.core.main.TestCaseExecutor.accessMainPhase(TestCaseExecutor.java:407)
	at com.kms.katalon.core.main.TestCaseExecutor.execute(TestCaseExecutor.java:284)
	at com.kms.katalon.core.common.CommonExecutor.accessTestCaseMainPhase(CommonExecutor.java:65)
	at com.kms.katalon.core.main.TestSuiteExecutor.accessTestSuiteMainPhase(TestSuiteExecutor.java:144)
	at com.kms.katalon.core.main.TestSuiteExecutor.execute(TestSuiteExecutor.java:106)
	at com.kms.katalon.core.main.TestCaseMain.startTestSuite(TestCaseMain.java:185)
	at com.kms.katalon.core.main.TestCaseMain$startTestSuite$0.call(Unknown Source)
	at TempTestSuite1705920083951.run(TempTestSuite1705920083951.groovy:36)
)
[[ATTACHMENT|C:\\Users\\Fadli\\git\\KatalonDailyGetData2\\Reports\\20240122_174123\\TS1\\20240122_174123\\1705921650373.png]]

2024-01-22 18:07:30 - [TEST_STEP][PASSED] - else: null

2024-01-22 18:07:30 - [TEST_STEP][PASSED] - strBuyer3 = getText(findTestObject("Stockbit/Bandarmology_Buyer3")): Text of object 'Object Repository/Stockbit/Bandarmology_Buyer3' is: 'CC'

2024-01-22 18:07:30 - [MESSAGE][PASSED] - Text of object 'Object Repository/Stockbit/Bandarmology_Buyer3' is: 'CC'

2024-01-22 18:07:30 - [TEST_STEP][PASSED] - strBuyerVol3 = getText(findTestObject("Stockbit/Bandarmology_BuyerVol3")): Text of object 'Object Repository/Stockbit/Bandarmology_BuyerVol3' is: '7.3 K'

2024-01-22 18:07:30 - [MESSAGE][PASSED] - Text of object 'Object Repository/Stockbit/Bandarmology_BuyerVol3' is: '7.3 K'

2024-01-22 18:07:30 - [TEST_STEP][PASSED] - strBuyerAvg3 = getText(findTestObject("Stockbit/Bandarmology_BuyerAvg3")): Text of object 'Object Repository/Stockbit/Bandarmology_BuyerAvg3' is: '586'

2024-01-22 18:07:31 - [MESSAGE][PASSED] - Text of object 'Object Repository/Stockbit/Bandarmology_BuyerAvg3' is: '586'

2024-01-22 18:07:31 - [TEST_STEP][PASSED] - if (strBuyer3 != ""): null

2024-01-22 18:07:31 - [TEST_STEP][PASSED] - if (strBuyerAvg3.contains(",")): null

2024-01-22 18:07:31 - [TEST_STEP][PASSED] - if (strBuyerVol3.contains(" B")): null

2024-01-22 18:07:31 - [TEST_STEP][PASSED] - else if (strBuyerVol3.contains(" M")): null

2024-01-22 18:07:31 - [TEST_STEP][PASSED] - else if (strBuyerVol3.contains(" K")): null

2024-01-22 18:07:31 - [TEST_STEP][PASSED] - strBuyerVol3 = strBuyerVol3.replace(" K", ""): null

2024-01-22 18:07:31 - [TEST_STEP][PASSED] - strBuyerVol3 = strBuyerVol3.toDouble() * 1000: null

2024-01-22 18:07:31 - [TEST_STEP][PASSED] - if (verifyElementNotPresent(findTestObject("Stockbit/Bandarmology_Seller3"), 1, OPTIONAL)): Web element with id: 'Object Repository/Stockbit/Bandarmology_Seller3' located by 'By.xpath: //*[contains(@id, 'rc-tabs-')]/div[2]/div/div/div/div/div/div[2]/table/tbody/tr[4]/td[5]/p' is present after '1' second(s) (Root cause: com.kms.katalon.core.exception.StepFailedException: Web element with id: 'Object Repository/Stockbit/Bandarmology_Seller3' located by 'By.xpath: //*[contains(@id, 'rc-tabs-')]/div[2]/div/div/div/div/div/div[2]/table/tbody/tr[4]/td[5]/p' is present after '1' second(s)
	at com.kms.katalon.core.webui.keyword.internal.WebUIKeywordMain.stepFailed(WebUIKeywordMain.groovy:64)
	at com.kms.katalon.core.webui.keyword.internal.WebUIKeywordMain$stepFailed$0.call(Unknown Source)
	at com.kms.katalon.core.webui.keyword.builtin.VerifyElementNotPresentKeyword$_verifyElementNotPresent_closure1.doCall(VerifyElementNotPresentKeyword.groovy:106)
	at com.kms.katalon.core.webui.keyword.builtin.VerifyElementNotPresentKeyword$_verifyElementNotPresent_closure1.doCall(VerifyElementNotPresentKeyword.groovy)
	at com.kms.katalon.core.webui.keyword.internal.WebUIKeywordMain.runKeyword(WebUIKeywordMain.groovy:20)
	at com.kms.katalon.core.webui.keyword.internal.WebUIKeywordMain$runKeyword.call(Unknown Source)
	at com.kms.katalon.core.webui.keyword.builtin.VerifyElementNotPresentKeyword.verifyElementNotPresent(VerifyElementNotPresentKeyword.groovy:117)
	at com.kms.katalon.core.webui.keyword.builtin.VerifyElementNotPresentKeyword.execute(VerifyElementNotPresentKeyword.groovy:68)
	at com.kms.katalon.core.keyword.internal.KeywordExecutor.executeKeywordForPlatform(KeywordExecutor.groovy:74)
	at com.kms.katalon.core.webui.keyword.WebUiBuiltInKeywords.verifyElementNotPresent(WebUiBuiltInKeywords.groovy:1481)
	at com.kms.katalon.core.webui.keyword.WebUiBuiltInKeywords$verifyElementNotPresent$8.call(Unknown Source)
	at GetBrokSumPriceDaily.run(GetBrokSumPriceDaily:414)
	at com.kms.katalon.core.main.ScriptEngine.run(ScriptEngine.java:194)
	at com.kms.katalon.core.main.ScriptEngine.runScriptAsRawText(ScriptEngine.java:119)
	at com.kms.katalon.core.main.TestCaseExecutor.runScript(TestCaseExecutor.java:445)
	at com.kms.katalon.core.main.TestCaseExecutor.doExecute(TestCaseExecutor.java:436)
	at com.kms.katalon.core.main.TestCaseExecutor.processExecutionPhase(TestCaseExecutor.java:415)
	at com.kms.katalon.core.main.TestCaseExecutor.accessMainPhase(TestCaseExecutor.java:407)
	at com.kms.katalon.core.main.TestCaseExecutor.execute(TestCaseExecutor.java:284)
	at com.kms.katalon.core.common.CommonExecutor.accessTestCaseMainPhase(CommonExecutor.java:65)
	at com.kms.katalon.core.main.TestSuiteExecutor.accessTestSuiteMainPhase(TestSuiteExecutor.java:144)
	at com.kms.katalon.core.main.TestSuiteExecutor.execute(TestSuiteExecutor.java:106)
	at com.kms.katalon.core.main.TestCaseMain.startTestSuite(TestCaseMain.java:185)
	at com.kms.katalon.core.main.TestCaseMain$startTestSuite$0.call(Unknown Source)
	at TempTestSuite1705920083951.run(TempTestSuite1705920083951.groovy:36)
)

2024-01-22 18:07:32 - [MESSAGE][WARNING] - Web element with id: 'Object Repository/Stockbit/Bandarmology_Seller3' located by 'By.xpath: //*[contains(@id, 'rc-tabs-')]/div[2]/div/div/div/div/div/div[2]/table/tbody/tr[4]/td[5]/p' is present after '1' second(s) (Root cause: com.kms.katalon.core.exception.StepFailedException: Web element with id: 'Object Repository/Stockbit/Bandarmology_Seller3' located by 'By.xpath: //*[contains(@id, 'rc-tabs-')]/div[2]/div/div/div/div/div/div[2]/table/tbody/tr[4]/td[5]/p' is present after '1' second(s)
	at com.kms.katalon.core.webui.keyword.internal.WebUIKeywordMain.stepFailed(WebUIKeywordMain.groovy:64)
	at com.kms.katalon.core.webui.keyword.internal.WebUIKeywordMain$stepFailed$0.call(Unknown Source)
	at com.kms.katalon.core.webui.keyword.builtin.VerifyElementNotPresentKeyword$_verifyElementNotPresent_closure1.doCall(VerifyElementNotPresentKeyword.groovy:106)
	at com.kms.katalon.core.webui.keyword.builtin.VerifyElementNotPresentKeyword$_verifyElementNotPresent_closure1.doCall(VerifyElementNotPresentKeyword.groovy)
	at com.kms.katalon.core.webui.keyword.internal.WebUIKeywordMain.runKeyword(WebUIKeywordMain.groovy:20)
	at com.kms.katalon.core.webui.keyword.internal.WebUIKeywordMain$runKeyword.call(Unknown Source)
	at com.kms.katalon.core.webui.keyword.builtin.VerifyElementNotPresentKeyword.verifyElementNotPresent(VerifyElementNotPresentKeyword.groovy:117)
	at com.kms.katalon.core.webui.keyword.builtin.VerifyElementNotPresentKeyword.execute(VerifyElementNotPresentKeyword.groovy:68)
	at com.kms.katalon.core.keyword.internal.KeywordExecutor.executeKeywordForPlatform(KeywordExecutor.groovy:74)
	at com.kms.katalon.core.webui.keyword.WebUiBuiltInKeywords.verifyElementNotPresent(WebUiBuiltInKeywords.groovy:1481)
	at com.kms.katalon.core.webui.keyword.WebUiBuiltInKeywords$verifyElementNotPresent$8.call(Unknown Source)
	at GetBrokSumPriceDaily.run(GetBrokSumPriceDaily:414)
	at com.kms.katalon.core.main.ScriptEngine.run(ScriptEngine.java:194)
	at com.kms.katalon.core.main.ScriptEngine.runScriptAsRawText(ScriptEngine.java:119)
	at com.kms.katalon.core.main.TestCaseExecutor.runScript(TestCaseExecutor.java:445)
	at com.kms.katalon.core.main.TestCaseExecutor.doExecute(TestCaseExecutor.java:436)
	at com.kms.katalon.core.main.TestCaseExecutor.processExecutionPhase(TestCaseExecutor.java:415)
	at com.kms.katalon.core.main.TestCaseExecutor.accessMainPhase(TestCaseExecutor.java:407)
	at com.kms.katalon.core.main.TestCaseExecutor.execute(TestCaseExecutor.java:284)
	at com.kms.katalon.core.common.CommonExecutor.accessTestCaseMainPhase(CommonExecutor.java:65)
	at com.kms.katalon.core.main.TestSuiteExecutor.accessTestSuiteMainPhase(TestSuiteExecutor.java:144)
	at com.kms.katalon.core.main.TestSuiteExecutor.execute(TestSuiteExecutor.java:106)
	at com.kms.katalon.core.main.TestCaseMain.startTestSuite(TestCaseMain.java:185)
	at com.kms.katalon.core.main.TestCaseMain$startTestSuite$0.call(Unknown Source)
	at TempTestSuite1705920083951.run(TempTestSuite1705920083951.groovy:36)
)
[[ATTACHMENT|C:\\Users\\Fadli\\git\\KatalonDailyGetData2\\Reports\\20240122_174123\\TS1\\20240122_174123\\1705921652400.png]]

2024-01-22 18:07:32 - [TEST_STEP][PASSED] - else: null

2024-01-22 18:07:32 - [TEST_STEP][PASSED] - strSeller3 = getText(findTestObject("Stockbit/Bandarmology_Seller3")): Text of object 'Object Repository/Stockbit/Bandarmology_Seller3' is: 'DR'

2024-01-22 18:07:32 - [MESSAGE][PASSED] - Text of object 'Object Repository/Stockbit/Bandarmology_Seller3' is: 'DR'

2024-01-22 18:07:32 - [TEST_STEP][PASSED] - strSellerVol3 = getText(findTestObject("Stockbit/Bandarmology_SellerVol3")): Text of object 'Object Repository/Stockbit/Bandarmology_SellerVol3' is: '7.6 K'

2024-01-22 18:07:33 - [MESSAGE][PASSED] - Text of object 'Object Repository/Stockbit/Bandarmology_SellerVol3' is: '7.6 K'

2024-01-22 18:07:33 - [TEST_STEP][PASSED] - strSellerAvg3 = getText(findTestObject("Stockbit/Bandarmology_SellerAvg3")): Text of object 'Object Repository/Stockbit/Bandarmology_SellerAvg3' is: '586'

2024-01-22 18:07:33 - [MESSAGE][PASSED] - Text of object 'Object Repository/Stockbit/Bandarmology_SellerAvg3' is: '586'

2024-01-22 18:07:33 - [TEST_STEP][PASSED] - if (strSeller3 != ""): null

2024-01-22 18:07:33 - [TEST_STEP][PASSED] - if (strSellerAvg3.contains(",")): null

2024-01-22 18:07:33 - [TEST_STEP][PASSED] - if (strSellerVol3.contains(" B")): null

2024-01-22 18:07:33 - [TEST_STEP][PASSED] - else if (strSellerVol3.contains(" M")): null

2024-01-22 18:07:33 - [TEST_STEP][PASSED] - else if (strSellerVol3.contains(" K")): null

2024-01-22 18:07:33 - [TEST_STEP][PASSED] - strSellerVol3 = strSellerVol3.replace(" K", ""): null

2024-01-22 18:07:33 - [TEST_STEP][PASSED] - strSellerVol3 = strSellerVol3.toDouble() * 1000: null

2024-01-22 18:07:33 - [TEST_STEP][PASSED] - strAccDist = getText(findTestObject("Stockbit/Bandarmology_AccDist")): Text of object 'Object Repository/Stockbit/Bandarmology_AccDist' is: 'Dist'

2024-01-22 18:07:33 - [MESSAGE][PASSED] - Text of object 'Object Repository/Stockbit/Bandarmology_AccDist' is: 'Dist'

2024-01-22 18:07:33 - [TEST_STEP][PASSED] - strNetVol = getText(findTestObject("Stockbit/Bandarmology_NetVol")): Text of object 'Object Repository/Stockbit/Bandarmology_NetVol' is: '59,722'

2024-01-22 18:07:33 - [MESSAGE][PASSED] - Text of object 'Object Repository/Stockbit/Bandarmology_NetVol' is: '59,722'

2024-01-22 18:07:33 - [TEST_STEP][PASSED] - strNetVol = strNetVol.replace(",", ""): null

2024-01-22 18:07:33 - [TEST_STEP][PASSED] - strNetVal = getText(findTestObject("Stockbit/Bandarmology_NetVal")): Text of object 'Object Repository/Stockbit/Bandarmology_NetVal' is: '3.5 B'

2024-01-22 18:07:33 - [MESSAGE][PASSED] - Text of object 'Object Repository/Stockbit/Bandarmology_NetVal' is: '3.5 B'

2024-01-22 18:07:33 - [TEST_STEP][PASSED] - delay(3): Delayed 3 second(s)

2024-01-22 18:07:36 - [MESSAGE][PASSED] - Delayed 3 second(s)

2024-01-22 18:07:36 - [TEST_STEP][PASSED] - strOpenPrice = getText(findTestObject("Stockbit/Home_OpenPrice")): Text of object 'Object Repository/Stockbit/Home_OpenPrice' is: '590'

2024-01-22 18:07:36 - [MESSAGE][PASSED] - Text of object 'Object Repository/Stockbit/Home_OpenPrice' is: '590'

2024-01-22 18:07:36 - [TEST_STEP][PASSED] - strOpenPrice = strOpenPrice.replace(",", ""): null

2024-01-22 18:07:36 - [TEST_STEP][PASSED] - strLowPrice = getText(findTestObject("Stockbit/Home_LowPrice")): Text of object 'Object Repository/Stockbit/Home_LowPrice' is: '580'

2024-01-22 18:07:37 - [MESSAGE][PASSED] - Text of object 'Object Repository/Stockbit/Home_LowPrice' is: '580'

2024-01-22 18:07:37 - [TEST_STEP][PASSED] - strLowPrice = strLowPrice.replace(",", ""): null

2024-01-22 18:07:37 - [TEST_STEP][PASSED] - strHighPrice = getText(findTestObject("Stockbit/Home_HighPrice")): Text of object 'Object Repository/Stockbit/Home_HighPrice' is: '595'

2024-01-22 18:07:37 - [MESSAGE][PASSED] - Text of object 'Object Repository/Stockbit/Home_HighPrice' is: '595'

2024-01-22 18:07:37 - [TEST_STEP][PASSED] - strHighPrice = strHighPrice.replace(",", ""): null

2024-01-22 18:07:37 - [TEST_STEP][PASSED] - strClosePrice = getText(findTestObject("Stockbit/Home_ClosePrice")): Text of object 'Object Repository/Stockbit/Home_ClosePrice' is: '585'

2024-01-22 18:07:37 - [MESSAGE][PASSED] - Text of object 'Object Repository/Stockbit/Home_ClosePrice' is: '585'

2024-01-22 18:07:37 - [TEST_STEP][PASSED] - strClosePrice = strClosePrice.replace(",", ""): null

2024-01-22 18:07:37 - [TEST_STEP][PASSED] - strVol = getText(findTestObject("Stockbit/Home_Volume")): Text of object 'Object Repository/Stockbit/Home_Volume' is: '166 K'

2024-01-22 18:07:37 - [MESSAGE][PASSED] - Text of object 'Object Repository/Stockbit/Home_Volume' is: '166 K'

2024-01-22 18:07:37 - [TEST_STEP][PASSED] - if (strVol.contains(" K")): null

2024-01-22 18:07:37 - [TEST_STEP][PASSED] - strVol = strVol.replace(" K", "000"): null

2024-01-22 18:07:37 - [TEST_STEP][PASSED] - if (strVol.contains(",")): null

2024-01-22 18:07:37 - [TEST_STEP][PASSED] - strChange = getText(findTestObject("Stockbit/Home_Change")): Text of object 'Object Repository/Stockbit/Home_Change' is: '-0.85%'

2024-01-22 18:07:37 - [MESSAGE][PASSED] - Text of object 'Object Repository/Stockbit/Home_Change' is: '-0.85%'

2024-01-22 18:07:37 - [TEST_STEP][PASSED] - strChange = strChange.replace("%", ""): null

2024-01-22 18:07:37 - [TEST_STEP][PASSED] - strFreq = getText(findTestObject("Stockbit/Home_Freq")): Text of object 'Object Repository/Stockbit/Home_Freq' is: '1,877'

2024-01-22 18:07:37 - [MESSAGE][PASSED] - Text of object 'Object Repository/Stockbit/Home_Freq' is: '1,877'

2024-01-22 18:07:37 - [TEST_STEP][PASSED] - if (strFreq.contains(",")): null

2024-01-22 18:07:37 - [TEST_STEP][PASSED] - strFreq = strFreq.replace(",", ""): null

2024-01-22 18:07:37 - [TEST_STEP][PASSED] - if (strFreq == "NA" || strFreq == ""): null

2024-01-22 18:07:37 - [TEST_STEP][PASSED] - else: null

2024-01-22 18:07:37 - [TEST_STEP][PASSED] - dblFreqAnal = strVol.toDouble() / strFreq.toDouble() * strFreq.toDouble() * strFreq.toDouble() * 100000000: null

2024-01-22 18:07:37 - [TEST_STEP][PASSED] - strFreqAnal = String.format("%.4f", dblFreqAnal): null

2024-01-22 18:07:37 - [TEST_STEP][PASSED] - out.println("Double strFreqAnal: " + strFreqAnal): null

2024-01-22 18:07:37 - [TEST_STEP][PASSED] - strTanggal = d.format(DateTimeFormatter.ofPattern("yyyy-MM-dd")): null

2024-01-22 18:07:37 - [TEST_STEP][PASSED] - strTanggal = "#" + strTanggal + "#": null

2024-01-22 18:07:37 - [TEST_STEP][PASSED] - strSQL = "select count(*) as JumBaris from TblBrokSum where Nama = '" + strNama + "' and Tanggal = " + strTanggal + "": null

2024-01-22 18:07:37 - [TEST_STEP][PASSED] - resultSet = statement.executeQuery(strSQL): null

2024-01-22 18:07:37 - [TEST_STEP][PASSED] - resultSet.next(): null

2024-01-22 18:07:37 - [TEST_STEP][PASSED] - intJumBaris = resultSet.getInt("JumBaris"): null

2024-01-22 18:07:37 - [TEST_STEP][PASSED] - if (intJumBaris > 0): null

2024-01-22 18:07:37 - [TEST_STEP][PASSED] - else: null

2024-01-22 18:07:37 - [TEST_STEP][PASSED] - try: null

2024-01-22 18:07:37 - [TEST_STEP][PASSED] - out.println("Insert data"): null

2024-01-22 18:07:37 - [TEST_STEP][PASSED] - strSQL = "insert into TblBrokSum (nama, tanggal, top1, top2, top3, AllBrokAvg, AccDist, AvgRP, " + "Buyer1, BuyerVal1, BuyerAvg1, Seller1, SellerVal1, SellerAvg1, Buyer2, BuyerVal2, BuyerAvg2, " + "Seller2, SellerVal2, SellerAvg2, Buyer3, BuyerVal3, BuyerAvg3, Seller3, SellerVal3, SellerAvg3, NetVol, NetVal, " + "OpenPrice, LowPrice, HighPrice, ClosePrice, Volume, Change, Frekuensi, FrekAnal) " + "values ('" + strNama + "', " + strTanggal + ", '" + strTop1 + "', '" + strTop3 + "', '" + strTop5 + "', " + "'" + strAllBrokAvg + "', '" + strAccDist + "', " + intAvgRP + ", '" + strBuyer1 + "', '" + strBuyerVol1 + "', " + strBuyerAvg1 + ", " + "'" + strSeller1 + "', '" + strSellerVol1 + "', " + strSellerAvg1 + ", '" + strBuyer2 + "', '" + strBuyerVol2 + "', " + strBuyerAvg2 + ", " + "'" + strSeller2 + "', '" + strSellerVol2 + "', " + strSellerAvg2 + ", '" + strBuyer3 + "', '" + strBuyerVol3 + "', " + strBuyerAvg3 + ", " + "'" + strSeller3 + "', '" + strSellerVol3 + "', " + strSellerAvg3 + ", " + strNetVol + ", '" + strNetVal + "', " + "" + strOpenPrice + ", " + strLowPrice + ", " + strHighPrice + ", " + strClosePrice + ", '" + strVol + "', " + strChange + ", " + strFreq + ", " + strFreqAnal + ");": null

2024-01-22 18:07:37 - [TEST_STEP][PASSED] - out.println("strSQL = " + strSQL): null

2024-01-22 18:07:37 - [TEST_STEP][PASSED] - statement.executeUpdate(strSQL): null

2024-01-22 18:07:37 - [TEST_STEP][PASSED] - setValueToCellByIndex(sheet01, rowIndex, 4, "DONE"): null

2024-01-22 18:07:37 - [TEST_STEP][PASSED] - saveWorkbook(excelFilePath, workbook01): null

2024-01-22 18:07:37 - [TEST_STEP][PASSED] - waitForElementClickable(findTestObject("Stockbit/menu_Bandarmology"), 10): Object 'Object Repository/Stockbit/menu_Bandarmology' is clickable

2024-01-22 18:07:38 - [MESSAGE][PASSED] - Object 'Object Repository/Stockbit/menu_Bandarmology' is clickable

2024-01-22 18:07:38 - [TEST_STEP][PASSED] - click(findTestObject("Stockbit/menu_Bandarmology")): Object: 'Object Repository/Stockbit/menu_Bandarmology' is clicked on

2024-01-22 18:07:38 - [MESSAGE][PASSED] - Object: 'Object Repository/Stockbit/menu_Bandarmology' is clicked on

2024-01-22 18:07:38 - [TEST_STEP][PASSED] - strTemp = "NA": null

2024-01-22 18:07:38 - [TEST_STEP][PASSED] - if (getCellValueByIndex(sheet01, rowIndex, 4) != "DONE"): Object: 'Object Repository/Stockbit/menu_Bandarmology' is clicked on

2024-01-22 18:07:38 - [TEST_STEP][PASSED] - strNama = getCellValueByIndex(sheet01, rowIndex, 0): null

2024-01-22 18:07:38 - [TEST_STEP][PASSED] - navigateToUrl("https://stockbit.com/#/symbol/" + strNama): Navigate to 'https://stockbit.com/#/symbol/SSIA' successfully

2024-01-22 18:07:41 - [MESSAGE][PASSED] - Navigate to 'https://stockbit.com/#/symbol/SSIA' successfully

2024-01-22 18:07:41 - [TEST_STEP][PASSED] - waitForElementClickable(findTestObject("Stockbit/menu_Bandarmology"), 10): Object 'Object Repository/Stockbit/menu_Bandarmology' is clickable

2024-01-22 18:07:41 - [MESSAGE][PASSED] - Object 'Object Repository/Stockbit/menu_Bandarmology' is clickable

2024-01-22 18:07:41 - [TEST_STEP][PASSED] - click(findTestObject("Stockbit/menu_Bandarmology")): Object: 'Object Repository/Stockbit/menu_Bandarmology' is clicked on

2024-01-22 18:07:42 - [MESSAGE][PASSED] - Object: 'Object Repository/Stockbit/menu_Bandarmology' is clicked on

2024-01-22 18:07:42 - [TEST_STEP][PASSED] - strTanggal = d.format(DateTimeFormatter.ofPattern("MMM dd, yyyy")): null

2024-01-22 18:07:42 - [TEST_STEP][PASSED] - strTanggal = d.format(ISO_DATE): null

2024-01-22 18:07:42 - [TEST_STEP][PASSED] - out.println("strTanggal = " + strTanggal): null

2024-01-22 18:07:42 - [TEST_STEP][PASSED] - out.println("strNama = " + strNama): null

2024-01-22 18:07:42 - [TEST_STEP][PASSED] - out.println("Baris ke = " + rowIndex): null

2024-01-22 18:07:42 - [TEST_STEP][PASSED] - click(findTestObject("Stockbit/input__BandarmologyOpenStartDate")): Object: 'Object Repository/Stockbit/input__BandarmologyOpenStartDate' is clicked on

2024-01-22 18:07:43 - [MESSAGE][PASSED] - Object: 'Object Repository/Stockbit/input__BandarmologyOpenStartDate' is clicked on

2024-01-22 18:07:43 - [TEST_STEP][PASSED] - sendKeys(findTestObject("Stockbit/input__BandarmologyOpenStartDate"), Keys.chord(CONTROL, "a")): Keys 'CONTROL + a' sent to object: 'Object Repository/Stockbit/input__BandarmologyOpenStartDate'

2024-01-22 18:07:44 - [MESSAGE][PASSED] - Keys 'CONTROL + a' sent to object: 'Object Repository/Stockbit/input__BandarmologyOpenStartDate'

2024-01-22 18:07:44 - [TEST_STEP][PASSED] - sendKeys(findTestObject("Stockbit/input__BandarmologyOpenStartDate"), Keys.chord(BACK_SPACE)): Keys 'BACK_SPACE + ' sent to object: 'Object Repository/Stockbit/input__BandarmologyOpenStartDate'

2024-01-22 18:07:44 - [MESSAGE][PASSED] - Keys 'BACK_SPACE + ' sent to object: 'Object Repository/Stockbit/input__BandarmologyOpenStartDate'

2024-01-22 18:07:44 - [TEST_STEP][PASSED] - setText(findTestObject("Stockbit/input__BandarmologyOpenStartDate"), strTanggal): Text '2024-01-22' is set on object 'Object Repository/Stockbit/input__BandarmologyOpenStartDate'

2024-01-22 18:07:45 - [MESSAGE][PASSED] - Text '2024-01-22' is set on object 'Object Repository/Stockbit/input__BandarmologyOpenStartDate'

2024-01-22 18:07:45 - [TEST_STEP][PASSED] - sendKeys(findTestObject("Stockbit/input__BandarmologyOpenStartDate"), Keys.chord(ENTER)): Keys 'ENTER + ' sent to object: 'Object Repository/Stockbit/input__BandarmologyOpenStartDate'

2024-01-22 18:07:46 - [MESSAGE][PASSED] - Keys 'ENTER + ' sent to object: 'Object Repository/Stockbit/input__BandarmologyOpenStartDate'

2024-01-22 18:07:46 - [TEST_STEP][PASSED] - click(findTestObject("Stockbit/input__BandarmologyOpenEndDate")): Object: 'Object Repository/Stockbit/input__BandarmologyOpenEndDate' is clicked on

2024-01-22 18:07:46 - [MESSAGE][PASSED] - Object: 'Object Repository/Stockbit/input__BandarmologyOpenEndDate' is clicked on

2024-01-22 18:07:46 - [TEST_STEP][PASSED] - sendKeys(findTestObject("Stockbit/input__BandarmologyOpenEndDate"), Keys.chord(CONTROL, "a")): Keys 'CONTROL + a' sent to object: 'Object Repository/Stockbit/input__BandarmologyOpenEndDate'

2024-01-22 18:07:47 - [MESSAGE][PASSED] - Keys 'CONTROL + a' sent to object: 'Object Repository/Stockbit/input__BandarmologyOpenEndDate'

2024-01-22 18:07:47 - [TEST_STEP][PASSED] - sendKeys(findTestObject("Stockbit/input__BandarmologyOpenEndDate"), Keys.chord(BACK_SPACE)): Keys 'BACK_SPACE + ' sent to object: 'Object Repository/Stockbit/input__BandarmologyOpenEndDate'

2024-01-22 18:07:47 - [MESSAGE][PASSED] - Keys 'BACK_SPACE + ' sent to object: 'Object Repository/Stockbit/input__BandarmologyOpenEndDate'

2024-01-22 18:07:47 - [TEST_STEP][PASSED] - setText(findTestObject("Stockbit/input__BandarmologyOpenEndDate"), strTanggal): Text '2024-01-22' is set on object 'Object Repository/Stockbit/input__BandarmologyOpenEndDate'

2024-01-22 18:07:48 - [MESSAGE][PASSED] - Text '2024-01-22' is set on object 'Object Repository/Stockbit/input__BandarmologyOpenEndDate'

2024-01-22 18:07:48 - [TEST_STEP][PASSED] - sendKeys(findTestObject("Stockbit/input__BandarmologyOpenEndDate"), Keys.chord(ENTER)): Keys 'ENTER + ' sent to object: 'Object Repository/Stockbit/input__BandarmologyOpenEndDate'

2024-01-22 18:07:48 - [MESSAGE][PASSED] - Keys 'ENTER + ' sent to object: 'Object Repository/Stockbit/input__BandarmologyOpenEndDate'

2024-01-22 18:07:48 - [TEST_STEP][PASSED] - delay(2): Delayed 2 second(s)

2024-01-22 18:07:50 - [MESSAGE][PASSED] - Delayed 2 second(s)

2024-01-22 18:07:50 - [TEST_STEP][PASSED] - strTemp = getText(findTestObject("Stockbit/Bandarmology_AvgRP")): Text of object 'Object Repository/Stockbit/Bandarmology_AvgRP' is: '413'

2024-01-22 18:07:50 - [MESSAGE][PASSED] - Text of object 'Object Repository/Stockbit/Bandarmology_AvgRP' is: '413'

2024-01-22 18:07:50 - [TEST_STEP][PASSED] - out.println("Bandarmology_AvgRP = " + strTemp): null

2024-01-22 18:07:50 - [TEST_STEP][PASSED] - if (strTemp != "0"): null

2024-01-22 18:07:50 - [TEST_STEP][PASSED] - strTop1 = getText(findTestObject("Stockbit/Bandarmology_Top1")): Text of object 'Object Repository/Stockbit/Bandarmology_Top1' is: 'Big Acc'

2024-01-22 18:07:51 - [MESSAGE][PASSED] - Text of object 'Object Repository/Stockbit/Bandarmology_Top1' is: 'Big Acc'

2024-01-22 18:07:51 - [TEST_STEP][PASSED] - strTop3 = getText(findTestObject("Stockbit/Bandarmology_Top3")): Text of object 'Object Repository/Stockbit/Bandarmology_Top3' is: 'Big Acc'

2024-01-22 18:07:51 - [MESSAGE][PASSED] - Text of object 'Object Repository/Stockbit/Bandarmology_Top3' is: 'Big Acc'

2024-01-22 18:07:51 - [TEST_STEP][PASSED] - strTop5 = getText(findTestObject("Stockbit/Bandarmology_Top5")): Text of object 'Object Repository/Stockbit/Bandarmology_Top5' is: 'Big Acc'

2024-01-22 18:07:51 - [MESSAGE][PASSED] - Text of object 'Object Repository/Stockbit/Bandarmology_Top5' is: 'Big Acc'

2024-01-22 18:07:51 - [TEST_STEP][PASSED] - strAllBrokAvg = getText(findTestObject("Stockbit/Bandarmology_TopAVG")): Text of object 'Object Repository/Stockbit/Bandarmology_TopAVG' is: 'Big Acc'

2024-01-22 18:07:51 - [MESSAGE][PASSED] - Text of object 'Object Repository/Stockbit/Bandarmology_TopAVG' is: 'Big Acc'

2024-01-22 18:07:51 - [TEST_STEP][PASSED] - strTemp = getText(findTestObject("Stockbit/Bandarmology_AvgRP")): Text of object 'Object Repository/Stockbit/Bandarmology_AvgRP' is: '413'

2024-01-22 18:07:51 - [MESSAGE][PASSED] - Text of object 'Object Repository/Stockbit/Bandarmology_AvgRP' is: '413'

2024-01-22 18:07:51 - [TEST_STEP][PASSED] - if (strTemp.contains(",")): null

2024-01-22 18:07:51 - [TEST_STEP][PASSED] - intAvgRP = strTemp.toInteger(): null

2024-01-22 18:07:51 - [TEST_STEP][PASSED] - strBuyer1 = getText(findTestObject("Stockbit/Bandarmology_Buyer1")): Text of object 'Object Repository/Stockbit/Bandarmology_Buyer1' is: 'NI'

2024-01-22 18:07:51 - [MESSAGE][PASSED] - Text of object 'Object Repository/Stockbit/Bandarmology_Buyer1' is: 'NI'

2024-01-22 18:07:51 - [TEST_STEP][PASSED] - strBuyerVol1 = getText(findTestObject("Stockbit/Bandarmology_BuyerVol1")): Text of object 'Object Repository/Stockbit/Bandarmology_BuyerVol1' is: '33.5 K'

2024-01-22 18:07:52 - [MESSAGE][PASSED] - Text of object 'Object Repository/Stockbit/Bandarmology_BuyerVol1' is: '33.5 K'

2024-01-22 18:07:52 - [TEST_STEP][PASSED] - strBuyerAvg1 = getText(findTestObject("Stockbit/Bandarmology_BuyerAvg1")): Text of object 'Object Repository/Stockbit/Bandarmology_BuyerAvg1' is: '414'

2024-01-22 18:07:52 - [MESSAGE][PASSED] - Text of object 'Object Repository/Stockbit/Bandarmology_BuyerAvg1' is: '414'

2024-01-22 18:07:52 - [TEST_STEP][PASSED] - if (strBuyerAvg1.contains(",")): null

2024-01-22 18:07:52 - [TEST_STEP][PASSED] - if (strBuyerVol1.contains(" B")): null

2024-01-22 18:07:52 - [TEST_STEP][PASSED] - else if (strBuyerVol1.contains(" M")): null

2024-01-22 18:07:52 - [TEST_STEP][PASSED] - else if (strBuyerVol1.contains(" K")): null

2024-01-22 18:07:52 - [TEST_STEP][PASSED] - strBuyerVol1 = strBuyerVol1.replace(" K", ""): null

2024-01-22 18:07:52 - [TEST_STEP][PASSED] - strBuyerVol1 = strBuyerVol1.toDouble() * 1000: null

2024-01-22 18:07:52 - [TEST_STEP][PASSED] - strSeller1 = getText(findTestObject("Stockbit/Bandarmology_Seller1")): Text of object 'Object Repository/Stockbit/Bandarmology_Seller1' is: 'YP'

2024-01-22 18:07:52 - [MESSAGE][PASSED] - Text of object 'Object Repository/Stockbit/Bandarmology_Seller1' is: 'YP'

2024-01-22 18:07:52 - [TEST_STEP][PASSED] - strSellerVol1 = getText(findTestObject("Stockbit/Bandarmology_SellerVol1")): Text of object 'Object Repository/Stockbit/Bandarmology_SellerVol1' is: '15.5 K'

2024-01-22 18:07:52 - [MESSAGE][PASSED] - Text of object 'Object Repository/Stockbit/Bandarmology_SellerVol1' is: '15.5 K'

2024-01-22 18:07:52 - [TEST_STEP][PASSED] - strSellerAvg1 = getText(findTestObject("Stockbit/Bandarmology_SellerAvg1")): Text of object 'Object Repository/Stockbit/Bandarmology_SellerAvg1' is: '414'

2024-01-22 18:07:52 - [MESSAGE][PASSED] - Text of object 'Object Repository/Stockbit/Bandarmology_SellerAvg1' is: '414'

2024-01-22 18:07:52 - [TEST_STEP][PASSED] - if (strSellerAvg1.contains(",")): null

2024-01-22 18:07:52 - [TEST_STEP][PASSED] - if (strSellerVol1.contains(" B")): null

2024-01-22 18:07:52 - [TEST_STEP][PASSED] - else if (strSellerVol1.contains(" M")): null

2024-01-22 18:07:52 - [TEST_STEP][PASSED] - else if (strSellerVol1.contains(" K")): null

2024-01-22 18:07:52 - [TEST_STEP][PASSED] - strSellerVol1 = strSellerVol1.replace(" K", ""): null

2024-01-22 18:07:52 - [TEST_STEP][PASSED] - strSellerVol1 = strSellerVol1.toDouble() * 1000: null

2024-01-22 18:07:52 - [TEST_STEP][PASSED] - if (verifyElementNotPresent(findTestObject("Stockbit/Bandarmology_Buyer2"), 1, OPTIONAL)): Web element with id: 'Object Repository/Stockbit/Bandarmology_Buyer2' located by 'By.xpath: //*[contains(@id, 'rc-tabs-')]/div[2]/div/div/div/div/div/div[2]/table/tbody/tr[3]/td[1]/p' is present after '1' second(s) (Root cause: com.kms.katalon.core.exception.StepFailedException: Web element with id: 'Object Repository/Stockbit/Bandarmology_Buyer2' located by 'By.xpath: //*[contains(@id, 'rc-tabs-')]/div[2]/div/div/div/div/div/div[2]/table/tbody/tr[3]/td[1]/p' is present after '1' second(s)
	at com.kms.katalon.core.webui.keyword.internal.WebUIKeywordMain.stepFailed(WebUIKeywordMain.groovy:64)
	at com.kms.katalon.core.webui.keyword.internal.WebUIKeywordMain$stepFailed$0.call(Unknown Source)
	at com.kms.katalon.core.webui.keyword.builtin.VerifyElementNotPresentKeyword$_verifyElementNotPresent_closure1.doCall(VerifyElementNotPresentKeyword.groovy:106)
	at com.kms.katalon.core.webui.keyword.builtin.VerifyElementNotPresentKeyword$_verifyElementNotPresent_closure1.doCall(VerifyElementNotPresentKeyword.groovy)
	at com.kms.katalon.core.webui.keyword.internal.WebUIKeywordMain.runKeyword(WebUIKeywordMain.groovy:20)
	at com.kms.katalon.core.webui.keyword.internal.WebUIKeywordMain$runKeyword.call(Unknown Source)
	at com.kms.katalon.core.webui.keyword.builtin.VerifyElementNotPresentKeyword.verifyElementNotPresent(VerifyElementNotPresentKeyword.groovy:117)
	at com.kms.katalon.core.webui.keyword.builtin.VerifyElementNotPresentKeyword.execute(VerifyElementNotPresentKeyword.groovy:68)
	at com.kms.katalon.core.keyword.internal.KeywordExecutor.executeKeywordForPlatform(KeywordExecutor.groovy:74)
	at com.kms.katalon.core.webui.keyword.WebUiBuiltInKeywords.verifyElementNotPresent(WebUiBuiltInKeywords.groovy:1481)
	at com.kms.katalon.core.webui.keyword.WebUiBuiltInKeywords$verifyElementNotPresent$8.call(Unknown Source)
	at GetBrokSumPriceDaily.run(GetBrokSumPriceDaily:258)
	at com.kms.katalon.core.main.ScriptEngine.run(ScriptEngine.java:194)
	at com.kms.katalon.core.main.ScriptEngine.runScriptAsRawText(ScriptEngine.java:119)
	at com.kms.katalon.core.main.TestCaseExecutor.runScript(TestCaseExecutor.java:445)
	at com.kms.katalon.core.main.TestCaseExecutor.doExecute(TestCaseExecutor.java:436)
	at com.kms.katalon.core.main.TestCaseExecutor.processExecutionPhase(TestCaseExecutor.java:415)
	at com.kms.katalon.core.main.TestCaseExecutor.accessMainPhase(TestCaseExecutor.java:407)
	at com.kms.katalon.core.main.TestCaseExecutor.execute(TestCaseExecutor.java:284)
	at com.kms.katalon.core.common.CommonExecutor.accessTestCaseMainPhase(CommonExecutor.java:65)
	at com.kms.katalon.core.main.TestSuiteExecutor.accessTestSuiteMainPhase(TestSuiteExecutor.java:144)
	at com.kms.katalon.core.main.TestSuiteExecutor.execute(TestSuiteExecutor.java:106)
	at com.kms.katalon.core.main.TestCaseMain.startTestSuite(TestCaseMain.java:185)
	at com.kms.katalon.core.main.TestCaseMain$startTestSuite$0.call(Unknown Source)
	at TempTestSuite1705920083951.run(TempTestSuite1705920083951.groovy:36)
)

2024-01-22 18:07:54 - [MESSAGE][WARNING] - Web element with id: 'Object Repository/Stockbit/Bandarmology_Buyer2' located by 'By.xpath: //*[contains(@id, 'rc-tabs-')]/div[2]/div/div/div/div/div/div[2]/table/tbody/tr[3]/td[1]/p' is present after '1' second(s) (Root cause: com.kms.katalon.core.exception.StepFailedException: Web element with id: 'Object Repository/Stockbit/Bandarmology_Buyer2' located by 'By.xpath: //*[contains(@id, 'rc-tabs-')]/div[2]/div/div/div/div/div/div[2]/table/tbody/tr[3]/td[1]/p' is present after '1' second(s)
	at com.kms.katalon.core.webui.keyword.internal.WebUIKeywordMain.stepFailed(WebUIKeywordMain.groovy:64)
	at com.kms.katalon.core.webui.keyword.internal.WebUIKeywordMain$stepFailed$0.call(Unknown Source)
	at com.kms.katalon.core.webui.keyword.builtin.VerifyElementNotPresentKeyword$_verifyElementNotPresent_closure1.doCall(VerifyElementNotPresentKeyword.groovy:106)
	at com.kms.katalon.core.webui.keyword.builtin.VerifyElementNotPresentKeyword$_verifyElementNotPresent_closure1.doCall(VerifyElementNotPresentKeyword.groovy)
	at com.kms.katalon.core.webui.keyword.internal.WebUIKeywordMain.runKeyword(WebUIKeywordMain.groovy:20)
	at com.kms.katalon.core.webui.keyword.internal.WebUIKeywordMain$runKeyword.call(Unknown Source)
	at com.kms.katalon.core.webui.keyword.builtin.VerifyElementNotPresentKeyword.verifyElementNotPresent(VerifyElementNotPresentKeyword.groovy:117)
	at com.kms.katalon.core.webui.keyword.builtin.VerifyElementNotPresentKeyword.execute(VerifyElementNotPresentKeyword.groovy:68)
	at com.kms.katalon.core.keyword.internal.KeywordExecutor.executeKeywordForPlatform(KeywordExecutor.groovy:74)
	at com.kms.katalon.core.webui.keyword.WebUiBuiltInKeywords.verifyElementNotPresent(WebUiBuiltInKeywords.groovy:1481)
	at com.kms.katalon.core.webui.keyword.WebUiBuiltInKeywords$verifyElementNotPresent$8.call(Unknown Source)
	at GetBrokSumPriceDaily.run(GetBrokSumPriceDaily:258)
	at com.kms.katalon.core.main.ScriptEngine.run(ScriptEngine.java:194)
	at com.kms.katalon.core.main.ScriptEngine.runScriptAsRawText(ScriptEngine.java:119)
	at com.kms.katalon.core.main.TestCaseExecutor.runScript(TestCaseExecutor.java:445)
	at com.kms.katalon.core.main.TestCaseExecutor.doExecute(TestCaseExecutor.java:436)
	at com.kms.katalon.core.main.TestCaseExecutor.processExecutionPhase(TestCaseExecutor.java:415)
	at com.kms.katalon.core.main.TestCaseExecutor.accessMainPhase(TestCaseExecutor.java:407)
	at com.kms.katalon.core.main.TestCaseExecutor.execute(TestCaseExecutor.java:284)
	at com.kms.katalon.core.common.CommonExecutor.accessTestCaseMainPhase(CommonExecutor.java:65)
	at com.kms.katalon.core.main.TestSuiteExecutor.accessTestSuiteMainPhase(TestSuiteExecutor.java:144)
	at com.kms.katalon.core.main.TestSuiteExecutor.execute(TestSuiteExecutor.java:106)
	at com.kms.katalon.core.main.TestCaseMain.startTestSuite(TestCaseMain.java:185)
	at com.kms.katalon.core.main.TestCaseMain$startTestSuite$0.call(Unknown Source)
	at TempTestSuite1705920083951.run(TempTestSuite1705920083951.groovy:36)
)
[[ATTACHMENT|C:\\Users\\Fadli\\git\\KatalonDailyGetData2\\Reports\\20240122_174123\\TS1\\20240122_174123\\1705921674040.png]]

2024-01-22 18:07:54 - [TEST_STEP][PASSED] - else: null

2024-01-22 18:07:54 - [TEST_STEP][PASSED] - strBuyer2 = getText(findTestObject("Stockbit/Bandarmology_Buyer2")): Text of object 'Object Repository/Stockbit/Bandarmology_Buyer2' is: 'AI'

2024-01-22 18:07:54 - [MESSAGE][PASSED] - Text of object 'Object Repository/Stockbit/Bandarmology_Buyer2' is: 'AI'

2024-01-22 18:07:54 - [TEST_STEP][PASSED] - strBuyerVol2 = getText(findTestObject("Stockbit/Bandarmology_BuyerVol2")): Text of object 'Object Repository/Stockbit/Bandarmology_BuyerVol2' is: '25.1 K'

2024-01-22 18:07:54 - [MESSAGE][PASSED] - Text of object 'Object Repository/Stockbit/Bandarmology_BuyerVol2' is: '25.1 K'

2024-01-22 18:07:54 - [TEST_STEP][PASSED] - strBuyerAvg2 = getText(findTestObject("Stockbit/Bandarmology_BuyerAvg2")): Text of object 'Object Repository/Stockbit/Bandarmology_BuyerAvg2' is: '413'

2024-01-22 18:07:54 - [MESSAGE][PASSED] - Text of object 'Object Repository/Stockbit/Bandarmology_BuyerAvg2' is: '413'

2024-01-22 18:07:54 - [TEST_STEP][PASSED] - if (strBuyer2 != ""): null

2024-01-22 18:07:54 - [TEST_STEP][PASSED] - if (strBuyerAvg2.contains(",")): null

2024-01-22 18:07:54 - [TEST_STEP][PASSED] - if (strBuyerVol2.contains(" B")): null

2024-01-22 18:07:54 - [TEST_STEP][PASSED] - else if (strBuyerVol2.contains(" M")): null

2024-01-22 18:07:54 - [TEST_STEP][PASSED] - else if (strBuyerVol2.contains(" K")): null

2024-01-22 18:07:54 - [TEST_STEP][PASSED] - strBuyerVol2 = strBuyerVol2.replace(" K", ""): null

2024-01-22 18:07:54 - [TEST_STEP][PASSED] - strBuyerVol2 = strBuyerVol2.toDouble() * 1000: null

2024-01-22 18:07:54 - [TEST_STEP][PASSED] - if (strBuyerVol2.contains(".")): null

2024-01-22 18:07:54 - [TEST_STEP][PASSED] - strBuyerVal2 = strBuyerVol2.replace(".", ""): null

2024-01-22 18:07:54 - [TEST_STEP][PASSED] - if (verifyElementNotPresent(findTestObject("Stockbit/Bandarmology_Seller2"), 1, OPTIONAL)): Web element with id: 'Object Repository/Stockbit/Bandarmology_Seller2' located by 'By.xpath: //*[contains(@id, 'rc-tabs-')]/div[2]/div/div/div/div/div/div[2]/table/tbody/tr[3]/td[5]/p' is present after '1' second(s) (Root cause: com.kms.katalon.core.exception.StepFailedException: Web element with id: 'Object Repository/Stockbit/Bandarmology_Seller2' located by 'By.xpath: //*[contains(@id, 'rc-tabs-')]/div[2]/div/div/div/div/div/div[2]/table/tbody/tr[3]/td[5]/p' is present after '1' second(s)
	at com.kms.katalon.core.webui.keyword.internal.WebUIKeywordMain.stepFailed(WebUIKeywordMain.groovy:64)
	at com.kms.katalon.core.webui.keyword.internal.WebUIKeywordMain$stepFailed$0.call(Unknown Source)
	at com.kms.katalon.core.webui.keyword.builtin.VerifyElementNotPresentKeyword$_verifyElementNotPresent_closure1.doCall(VerifyElementNotPresentKeyword.groovy:106)
	at com.kms.katalon.core.webui.keyword.builtin.VerifyElementNotPresentKeyword$_verifyElementNotPresent_closure1.doCall(VerifyElementNotPresentKeyword.groovy)
	at com.kms.katalon.core.webui.keyword.internal.WebUIKeywordMain.runKeyword(WebUIKeywordMain.groovy:20)
	at com.kms.katalon.core.webui.keyword.internal.WebUIKeywordMain$runKeyword.call(Unknown Source)
	at com.kms.katalon.core.webui.keyword.builtin.VerifyElementNotPresentKeyword.verifyElementNotPresent(VerifyElementNotPresentKeyword.groovy:117)
	at com.kms.katalon.core.webui.keyword.builtin.VerifyElementNotPresentKeyword.execute(VerifyElementNotPresentKeyword.groovy:68)
	at com.kms.katalon.core.keyword.internal.KeywordExecutor.executeKeywordForPlatform(KeywordExecutor.groovy:74)
	at com.kms.katalon.core.webui.keyword.WebUiBuiltInKeywords.verifyElementNotPresent(WebUiBuiltInKeywords.groovy:1481)
	at com.kms.katalon.core.webui.keyword.WebUiBuiltInKeywords$verifyElementNotPresent$8.call(Unknown Source)
	at GetBrokSumPriceDaily.run(GetBrokSumPriceDaily:309)
	at com.kms.katalon.core.main.ScriptEngine.run(ScriptEngine.java:194)
	at com.kms.katalon.core.main.ScriptEngine.runScriptAsRawText(ScriptEngine.java:119)
	at com.kms.katalon.core.main.TestCaseExecutor.runScript(TestCaseExecutor.java:445)
	at com.kms.katalon.core.main.TestCaseExecutor.doExecute(TestCaseExecutor.java:436)
	at com.kms.katalon.core.main.TestCaseExecutor.processExecutionPhase(TestCaseExecutor.java:415)
	at com.kms.katalon.core.main.TestCaseExecutor.accessMainPhase(TestCaseExecutor.java:407)
	at com.kms.katalon.core.main.TestCaseExecutor.execute(TestCaseExecutor.java:284)
	at com.kms.katalon.core.common.CommonExecutor.accessTestCaseMainPhase(CommonExecutor.java:65)
	at com.kms.katalon.core.main.TestSuiteExecutor.accessTestSuiteMainPhase(TestSuiteExecutor.java:144)
	at com.kms.katalon.core.main.TestSuiteExecutor.execute(TestSuiteExecutor.java:106)
	at com.kms.katalon.core.main.TestCaseMain.startTestSuite(TestCaseMain.java:185)
	at com.kms.katalon.core.main.TestCaseMain$startTestSuite$0.call(Unknown Source)
	at TempTestSuite1705920083951.run(TempTestSuite1705920083951.groovy:36)
)

2024-01-22 18:07:56 - [MESSAGE][WARNING] - Web element with id: 'Object Repository/Stockbit/Bandarmology_Seller2' located by 'By.xpath: //*[contains(@id, 'rc-tabs-')]/div[2]/div/div/div/div/div/div[2]/table/tbody/tr[3]/td[5]/p' is present after '1' second(s) (Root cause: com.kms.katalon.core.exception.StepFailedException: Web element with id: 'Object Repository/Stockbit/Bandarmology_Seller2' located by 'By.xpath: //*[contains(@id, 'rc-tabs-')]/div[2]/div/div/div/div/div/div[2]/table/tbody/tr[3]/td[5]/p' is present after '1' second(s)
	at com.kms.katalon.core.webui.keyword.internal.WebUIKeywordMain.stepFailed(WebUIKeywordMain.groovy:64)
	at com.kms.katalon.core.webui.keyword.internal.WebUIKeywordMain$stepFailed$0.call(Unknown Source)
	at com.kms.katalon.core.webui.keyword.builtin.VerifyElementNotPresentKeyword$_verifyElementNotPresent_closure1.doCall(VerifyElementNotPresentKeyword.groovy:106)
	at com.kms.katalon.core.webui.keyword.builtin.VerifyElementNotPresentKeyword$_verifyElementNotPresent_closure1.doCall(VerifyElementNotPresentKeyword.groovy)
	at com.kms.katalon.core.webui.keyword.internal.WebUIKeywordMain.runKeyword(WebUIKeywordMain.groovy:20)
	at com.kms.katalon.core.webui.keyword.internal.WebUIKeywordMain$runKeyword.call(Unknown Source)
	at com.kms.katalon.core.webui.keyword.builtin.VerifyElementNotPresentKeyword.verifyElementNotPresent(VerifyElementNotPresentKeyword.groovy:117)
	at com.kms.katalon.core.webui.keyword.builtin.VerifyElementNotPresentKeyword.execute(VerifyElementNotPresentKeyword.groovy:68)
	at com.kms.katalon.core.keyword.internal.KeywordExecutor.executeKeywordForPlatform(KeywordExecutor.groovy:74)
	at com.kms.katalon.core.webui.keyword.WebUiBuiltInKeywords.verifyElementNotPresent(WebUiBuiltInKeywords.groovy:1481)
	at com.kms.katalon.core.webui.keyword.WebUiBuiltInKeywords$verifyElementNotPresent$8.call(Unknown Source)
	at GetBrokSumPriceDaily.run(GetBrokSumPriceDaily:309)
	at com.kms.katalon.core.main.ScriptEngine.run(ScriptEngine.java:194)
	at com.kms.katalon.core.main.ScriptEngine.runScriptAsRawText(ScriptEngine.java:119)
	at com.kms.katalon.core.main.TestCaseExecutor.runScript(TestCaseExecutor.java:445)
	at com.kms.katalon.core.main.TestCaseExecutor.doExecute(TestCaseExecutor.java:436)
	at com.kms.katalon.core.main.TestCaseExecutor.processExecutionPhase(TestCaseExecutor.java:415)
	at com.kms.katalon.core.main.TestCaseExecutor.accessMainPhase(TestCaseExecutor.java:407)
	at com.kms.katalon.core.main.TestCaseExecutor.execute(TestCaseExecutor.java:284)
	at com.kms.katalon.core.common.CommonExecutor.accessTestCaseMainPhase(CommonExecutor.java:65)
	at com.kms.katalon.core.main.TestSuiteExecutor.accessTestSuiteMainPhase(TestSuiteExecutor.java:144)
	at com.kms.katalon.core.main.TestSuiteExecutor.execute(TestSuiteExecutor.java:106)
	at com.kms.katalon.core.main.TestCaseMain.startTestSuite(TestCaseMain.java:185)
	at com.kms.katalon.core.main.TestCaseMain$startTestSuite$0.call(Unknown Source)
	at TempTestSuite1705920083951.run(TempTestSuite1705920083951.groovy:36)
)
[[ATTACHMENT|C:\\Users\\Fadli\\git\\KatalonDailyGetData2\\Reports\\20240122_174123\\TS1\\20240122_174123\\1705921676033.png]]

2024-01-22 18:07:56 - [TEST_STEP][PASSED] - else: null

2024-01-22 18:07:56 - [TEST_STEP][PASSED] - strSeller2 = getText(findTestObject("Stockbit/Bandarmology_Seller2")): Text of object 'Object Repository/Stockbit/Bandarmology_Seller2' is: 'KI'

2024-01-22 18:07:56 - [MESSAGE][PASSED] - Text of object 'Object Repository/Stockbit/Bandarmology_Seller2' is: 'KI'

2024-01-22 18:07:56 - [TEST_STEP][PASSED] - strSellerVol2 = getText(findTestObject("Stockbit/Bandarmology_SellerVol2")): Text of object 'Object Repository/Stockbit/Bandarmology_SellerVol2' is: '14.5 K'

2024-01-22 18:07:56 - [MESSAGE][PASSED] - Text of object 'Object Repository/Stockbit/Bandarmology_SellerVol2' is: '14.5 K'

2024-01-22 18:07:56 - [TEST_STEP][PASSED] - strSellerAvg2 = getText(findTestObject("Stockbit/Bandarmology_SellerAvg2")): Text of object 'Object Repository/Stockbit/Bandarmology_SellerAvg2' is: '413'

2024-01-22 18:07:56 - [MESSAGE][PASSED] - Text of object 'Object Repository/Stockbit/Bandarmology_SellerAvg2' is: '413'

2024-01-22 18:07:56 - [TEST_STEP][PASSED] - if (strSeller2 != ""): null

2024-01-22 18:07:56 - [TEST_STEP][PASSED] - if (strSellerAvg2.contains(",")): null

2024-01-22 18:07:56 - [TEST_STEP][PASSED] - if (strSellerVol2.contains(" B")): null

2024-01-22 18:07:56 - [TEST_STEP][PASSED] - else if (strSellerVol2.contains(" M")): null

2024-01-22 18:07:56 - [TEST_STEP][PASSED] - else if (strSellerVol2.contains(" K")): null

2024-01-22 18:07:56 - [TEST_STEP][PASSED] - strSellerVol2 = strSellerVol2.replace(" K", ""): null

2024-01-22 18:07:56 - [TEST_STEP][PASSED] - strSellerVol2 = strSellerVol2.toDouble() * 1000: null

2024-01-22 18:07:56 - [TEST_STEP][PASSED] - if (verifyElementNotPresent(findTestObject("Stockbit/Bandarmology_Buyer3"), 1, OPTIONAL)): Web element with id: 'Object Repository/Stockbit/Bandarmology_Buyer3' located by 'By.xpath: //*[contains(@id, 'rc-tabs-')]/div[2]/div/div/div/div/div/div[2]/table/tbody/tr[4]/td[1]/p' is present after '1' second(s) (Root cause: com.kms.katalon.core.exception.StepFailedException: Web element with id: 'Object Repository/Stockbit/Bandarmology_Buyer3' located by 'By.xpath: //*[contains(@id, 'rc-tabs-')]/div[2]/div/div/div/div/div/div[2]/table/tbody/tr[4]/td[1]/p' is present after '1' second(s)
	at com.kms.katalon.core.webui.keyword.internal.WebUIKeywordMain.stepFailed(WebUIKeywordMain.groovy:64)
	at com.kms.katalon.core.webui.keyword.internal.WebUIKeywordMain$stepFailed$0.call(Unknown Source)
	at com.kms.katalon.core.webui.keyword.builtin.VerifyElementNotPresentKeyword$_verifyElementNotPresent_closure1.doCall(VerifyElementNotPresentKeyword.groovy:106)
	at com.kms.katalon.core.webui.keyword.builtin.VerifyElementNotPresentKeyword$_verifyElementNotPresent_closure1.doCall(VerifyElementNotPresentKeyword.groovy)
	at com.kms.katalon.core.webui.keyword.internal.WebUIKeywordMain.runKeyword(WebUIKeywordMain.groovy:20)
	at com.kms.katalon.core.webui.keyword.internal.WebUIKeywordMain$runKeyword.call(Unknown Source)
	at com.kms.katalon.core.webui.keyword.builtin.VerifyElementNotPresentKeyword.verifyElementNotPresent(VerifyElementNotPresentKeyword.groovy:117)
	at com.kms.katalon.core.webui.keyword.builtin.VerifyElementNotPresentKeyword.execute(VerifyElementNotPresentKeyword.groovy:68)
	at com.kms.katalon.core.keyword.internal.KeywordExecutor.executeKeywordForPlatform(KeywordExecutor.groovy:74)
	at com.kms.katalon.core.webui.keyword.WebUiBuiltInKeywords.verifyElementNotPresent(WebUiBuiltInKeywords.groovy:1481)
	at com.kms.katalon.core.webui.keyword.WebUiBuiltInKeywords$verifyElementNotPresent$8.call(Unknown Source)
	at GetBrokSumPriceDaily.run(GetBrokSumPriceDaily:361)
	at com.kms.katalon.core.main.ScriptEngine.run(ScriptEngine.java:194)
	at com.kms.katalon.core.main.ScriptEngine.runScriptAsRawText(ScriptEngine.java:119)
	at com.kms.katalon.core.main.TestCaseExecutor.runScript(TestCaseExecutor.java:445)
	at com.kms.katalon.core.main.TestCaseExecutor.doExecute(TestCaseExecutor.java:436)
	at com.kms.katalon.core.main.TestCaseExecutor.processExecutionPhase(TestCaseExecutor.java:415)
	at com.kms.katalon.core.main.TestCaseExecutor.accessMainPhase(TestCaseExecutor.java:407)
	at com.kms.katalon.core.main.TestCaseExecutor.execute(TestCaseExecutor.java:284)
	at com.kms.katalon.core.common.CommonExecutor.accessTestCaseMainPhase(CommonExecutor.java:65)
	at com.kms.katalon.core.main.TestSuiteExecutor.accessTestSuiteMainPhase(TestSuiteExecutor.java:144)
	at com.kms.katalon.core.main.TestSuiteExecutor.execute(TestSuiteExecutor.java:106)
	at com.kms.katalon.core.main.TestCaseMain.startTestSuite(TestCaseMain.java:185)
	at com.kms.katalon.core.main.TestCaseMain$startTestSuite$0.call(Unknown Source)
	at TempTestSuite1705920083951.run(TempTestSuite1705920083951.groovy:36)
)

2024-01-22 18:07:58 - [MESSAGE][WARNING] - Web element with id: 'Object Repository/Stockbit/Bandarmology_Buyer3' located by 'By.xpath: //*[contains(@id, 'rc-tabs-')]/div[2]/div/div/div/div/div/div[2]/table/tbody/tr[4]/td[1]/p' is present after '1' second(s) (Root cause: com.kms.katalon.core.exception.StepFailedException: Web element with id: 'Object Repository/Stockbit/Bandarmology_Buyer3' located by 'By.xpath: //*[contains(@id, 'rc-tabs-')]/div[2]/div/div/div/div/div/div[2]/table/tbody/tr[4]/td[1]/p' is present after '1' second(s)
	at com.kms.katalon.core.webui.keyword.internal.WebUIKeywordMain.stepFailed(WebUIKeywordMain.groovy:64)
	at com.kms.katalon.core.webui.keyword.internal.WebUIKeywordMain$stepFailed$0.call(Unknown Source)
	at com.kms.katalon.core.webui.keyword.builtin.VerifyElementNotPresentKeyword$_verifyElementNotPresent_closure1.doCall(VerifyElementNotPresentKeyword.groovy:106)
	at com.kms.katalon.core.webui.keyword.builtin.VerifyElementNotPresentKeyword$_verifyElementNotPresent_closure1.doCall(VerifyElementNotPresentKeyword.groovy)
	at com.kms.katalon.core.webui.keyword.internal.WebUIKeywordMain.runKeyword(WebUIKeywordMain.groovy:20)
	at com.kms.katalon.core.webui.keyword.internal.WebUIKeywordMain$runKeyword.call(Unknown Source)
	at com.kms.katalon.core.webui.keyword.builtin.VerifyElementNotPresentKeyword.verifyElementNotPresent(VerifyElementNotPresentKeyword.groovy:117)
	at com.kms.katalon.core.webui.keyword.builtin.VerifyElementNotPresentKeyword.execute(VerifyElementNotPresentKeyword.groovy:68)
	at com.kms.katalon.core.keyword.internal.KeywordExecutor.executeKeywordForPlatform(KeywordExecutor.groovy:74)
	at com.kms.katalon.core.webui.keyword.WebUiBuiltInKeywords.verifyElementNotPresent(WebUiBuiltInKeywords.groovy:1481)
	at com.kms.katalon.core.webui.keyword.WebUiBuiltInKeywords$verifyElementNotPresent$8.call(Unknown Source)
	at GetBrokSumPriceDaily.run(GetBrokSumPriceDaily:361)
	at com.kms.katalon.core.main.ScriptEngine.run(ScriptEngine.java:194)
	at com.kms.katalon.core.main.ScriptEngine.runScriptAsRawText(ScriptEngine.java:119)
	at com.kms.katalon.core.main.TestCaseExecutor.runScript(TestCaseExecutor.java:445)
	at com.kms.katalon.core.main.TestCaseExecutor.doExecute(TestCaseExecutor.java:436)
	at com.kms.katalon.core.main.TestCaseExecutor.processExecutionPhase(TestCaseExecutor.java:415)
	at com.kms.katalon.core.main.TestCaseExecutor.accessMainPhase(TestCaseExecutor.java:407)
	at com.kms.katalon.core.main.TestCaseExecutor.execute(TestCaseExecutor.java:284)
	at com.kms.katalon.core.common.CommonExecutor.accessTestCaseMainPhase(CommonExecutor.java:65)
	at com.kms.katalon.core.main.TestSuiteExecutor.accessTestSuiteMainPhase(TestSuiteExecutor.java:144)
	at com.kms.katalon.core.main.TestSuiteExecutor.execute(TestSuiteExecutor.java:106)
	at com.kms.katalon.core.main.TestCaseMain.startTestSuite(TestCaseMain.java:185)
	at com.kms.katalon.core.main.TestCaseMain$startTestSuite$0.call(Unknown Source)
	at TempTestSuite1705920083951.run(TempTestSuite1705920083951.groovy:36)
)
[[ATTACHMENT|C:\\Users\\Fadli\\git\\KatalonDailyGetData2\\Reports\\20240122_174123\\TS1\\20240122_174123\\1705921677969.png]]

2024-01-22 18:07:58 - [TEST_STEP][PASSED] - else: null

2024-01-22 18:07:58 - [TEST_STEP][PASSED] - strBuyer3 = getText(findTestObject("Stockbit/Bandarmology_Buyer3")): Text of object 'Object Repository/Stockbit/Bandarmology_Buyer3' is: 'AK'

2024-01-22 18:07:58 - [MESSAGE][PASSED] - Text of object 'Object Repository/Stockbit/Bandarmology_Buyer3' is: 'AK'

2024-01-22 18:07:58 - [TEST_STEP][PASSED] - strBuyerVol3 = getText(findTestObject("Stockbit/Bandarmology_BuyerVol3")): Text of object 'Object Repository/Stockbit/Bandarmology_BuyerVol3' is: '10.6 K'

2024-01-22 18:07:58 - [MESSAGE][PASSED] - Text of object 'Object Repository/Stockbit/Bandarmology_BuyerVol3' is: '10.6 K'

2024-01-22 18:07:58 - [TEST_STEP][PASSED] - strBuyerAvg3 = getText(findTestObject("Stockbit/Bandarmology_BuyerAvg3")): Text of object 'Object Repository/Stockbit/Bandarmology_BuyerAvg3' is: '412'

2024-01-22 18:07:58 - [MESSAGE][PASSED] - Text of object 'Object Repository/Stockbit/Bandarmology_BuyerAvg3' is: '412'

2024-01-22 18:07:58 - [TEST_STEP][PASSED] - if (strBuyer3 != ""): null

2024-01-22 18:07:58 - [TEST_STEP][PASSED] - if (strBuyerAvg3.contains(",")): null

2024-01-22 18:07:58 - [TEST_STEP][PASSED] - if (strBuyerVol3.contains(" B")): null

2024-01-22 18:07:58 - [TEST_STEP][PASSED] - else if (strBuyerVol3.contains(" M")): null

2024-01-22 18:07:58 - [TEST_STEP][PASSED] - else if (strBuyerVol3.contains(" K")): null

2024-01-22 18:07:58 - [TEST_STEP][PASSED] - strBuyerVol3 = strBuyerVol3.replace(" K", ""): null

2024-01-22 18:07:58 - [TEST_STEP][PASSED] - strBuyerVol3 = strBuyerVol3.toDouble() * 1000: null

2024-01-22 18:07:58 - [TEST_STEP][PASSED] - if (verifyElementNotPresent(findTestObject("Stockbit/Bandarmology_Seller3"), 1, OPTIONAL)): Web element with id: 'Object Repository/Stockbit/Bandarmology_Seller3' located by 'By.xpath: //*[contains(@id, 'rc-tabs-')]/div[2]/div/div/div/div/div/div[2]/table/tbody/tr[4]/td[5]/p' is present after '1' second(s) (Root cause: com.kms.katalon.core.exception.StepFailedException: Web element with id: 'Object Repository/Stockbit/Bandarmology_Seller3' located by 'By.xpath: //*[contains(@id, 'rc-tabs-')]/div[2]/div/div/div/div/div/div[2]/table/tbody/tr[4]/td[5]/p' is present after '1' second(s)
	at com.kms.katalon.core.webui.keyword.internal.WebUIKeywordMain.stepFailed(WebUIKeywordMain.groovy:64)
	at com.kms.katalon.core.webui.keyword.internal.WebUIKeywordMain$stepFailed$0.call(Unknown Source)
	at com.kms.katalon.core.webui.keyword.builtin.VerifyElementNotPresentKeyword$_verifyElementNotPresent_closure1.doCall(VerifyElementNotPresentKeyword.groovy:106)
	at com.kms.katalon.core.webui.keyword.builtin.VerifyElementNotPresentKeyword$_verifyElementNotPresent_closure1.doCall(VerifyElementNotPresentKeyword.groovy)
	at com.kms.katalon.core.webui.keyword.internal.WebUIKeywordMain.runKeyword(WebUIKeywordMain.groovy:20)
	at com.kms.katalon.core.webui.keyword.internal.WebUIKeywordMain$runKeyword.call(Unknown Source)
	at com.kms.katalon.core.webui.keyword.builtin.VerifyElementNotPresentKeyword.verifyElementNotPresent(VerifyElementNotPresentKeyword.groovy:117)
	at com.kms.katalon.core.webui.keyword.builtin.VerifyElementNotPresentKeyword.execute(VerifyElementNotPresentKeyword.groovy:68)
	at com.kms.katalon.core.keyword.internal.KeywordExecutor.executeKeywordForPlatform(KeywordExecutor.groovy:74)
	at com.kms.katalon.core.webui.keyword.WebUiBuiltInKeywords.verifyElementNotPresent(WebUiBuiltInKeywords.groovy:1481)
	at com.kms.katalon.core.webui.keyword.WebUiBuiltInKeywords$verifyElementNotPresent$8.call(Unknown Source)
	at GetBrokSumPriceDaily.run(GetBrokSumPriceDaily:414)
	at com.kms.katalon.core.main.ScriptEngine.run(ScriptEngine.java:194)
	at com.kms.katalon.core.main.ScriptEngine.runScriptAsRawText(ScriptEngine.java:119)
	at com.kms.katalon.core.main.TestCaseExecutor.runScript(TestCaseExecutor.java:445)
	at com.kms.katalon.core.main.TestCaseExecutor.doExecute(TestCaseExecutor.java:436)
	at com.kms.katalon.core.main.TestCaseExecutor.processExecutionPhase(TestCaseExecutor.java:415)
	at com.kms.katalon.core.main.TestCaseExecutor.accessMainPhase(TestCaseExecutor.java:407)
	at com.kms.katalon.core.main.TestCaseExecutor.execute(TestCaseExecutor.java:284)
	at com.kms.katalon.core.common.CommonExecutor.accessTestCaseMainPhase(CommonExecutor.java:65)
	at com.kms.katalon.core.main.TestSuiteExecutor.accessTestSuiteMainPhase(TestSuiteExecutor.java:144)
	at com.kms.katalon.core.main.TestSuiteExecutor.execute(TestSuiteExecutor.java:106)
	at com.kms.katalon.core.main.TestCaseMain.startTestSuite(TestCaseMain.java:185)
	at com.kms.katalon.core.main.TestCaseMain$startTestSuite$0.call(Unknown Source)
	at TempTestSuite1705920083951.run(TempTestSuite1705920083951.groovy:36)
)

2024-01-22 18:08:00 - [MESSAGE][WARNING] - Web element with id: 'Object Repository/Stockbit/Bandarmology_Seller3' located by 'By.xpath: //*[contains(@id, 'rc-tabs-')]/div[2]/div/div/div/div/div/div[2]/table/tbody/tr[4]/td[5]/p' is present after '1' second(s) (Root cause: com.kms.katalon.core.exception.StepFailedException: Web element with id: 'Object Repository/Stockbit/Bandarmology_Seller3' located by 'By.xpath: //*[contains(@id, 'rc-tabs-')]/div[2]/div/div/div/div/div/div[2]/table/tbody/tr[4]/td[5]/p' is present after '1' second(s)
	at com.kms.katalon.core.webui.keyword.internal.WebUIKeywordMain.stepFailed(WebUIKeywordMain.groovy:64)
	at com.kms.katalon.core.webui.keyword.internal.WebUIKeywordMain$stepFailed$0.call(Unknown Source)
	at com.kms.katalon.core.webui.keyword.builtin.VerifyElementNotPresentKeyword$_verifyElementNotPresent_closure1.doCall(VerifyElementNotPresentKeyword.groovy:106)
	at com.kms.katalon.core.webui.keyword.builtin.VerifyElementNotPresentKeyword$_verifyElementNotPresent_closure1.doCall(VerifyElementNotPresentKeyword.groovy)
	at com.kms.katalon.core.webui.keyword.internal.WebUIKeywordMain.runKeyword(WebUIKeywordMain.groovy:20)
	at com.kms.katalon.core.webui.keyword.internal.WebUIKeywordMain$runKeyword.call(Unknown Source)
	at com.kms.katalon.core.webui.keyword.builtin.VerifyElementNotPresentKeyword.verifyElementNotPresent(VerifyElementNotPresentKeyword.groovy:117)
	at com.kms.katalon.core.webui.keyword.builtin.VerifyElementNotPresentKeyword.execute(VerifyElementNotPresentKeyword.groovy:68)
	at com.kms.katalon.core.keyword.internal.KeywordExecutor.executeKeywordForPlatform(KeywordExecutor.groovy:74)
	at com.kms.katalon.core.webui.keyword.WebUiBuiltInKeywords.verifyElementNotPresent(WebUiBuiltInKeywords.groovy:1481)
	at com.kms.katalon.core.webui.keyword.WebUiBuiltInKeywords$verifyElementNotPresent$8.call(Unknown Source)
	at GetBrokSumPriceDaily.run(GetBrokSumPriceDaily:414)
	at com.kms.katalon.core.main.ScriptEngine.run(ScriptEngine.java:194)
	at com.kms.katalon.core.main.ScriptEngine.runScriptAsRawText(ScriptEngine.java:119)
	at com.kms.katalon.core.main.TestCaseExecutor.runScript(TestCaseExecutor.java:445)
	at com.kms.katalon.core.main.TestCaseExecutor.doExecute(TestCaseExecutor.java:436)
	at com.kms.katalon.core.main.TestCaseExecutor.processExecutionPhase(TestCaseExecutor.java:415)
	at com.kms.katalon.core.main.TestCaseExecutor.accessMainPhase(TestCaseExecutor.java:407)
	at com.kms.katalon.core.main.TestCaseExecutor.execute(TestCaseExecutor.java:284)
	at com.kms.katalon.core.common.CommonExecutor.accessTestCaseMainPhase(CommonExecutor.java:65)
	at com.kms.katalon.core.main.TestSuiteExecutor.accessTestSuiteMainPhase(TestSuiteExecutor.java:144)
	at com.kms.katalon.core.main.TestSuiteExecutor.execute(TestSuiteExecutor.java:106)
	at com.kms.katalon.core.main.TestCaseMain.startTestSuite(TestCaseMain.java:185)
	at com.kms.katalon.core.main.TestCaseMain$startTestSuite$0.call(Unknown Source)
	at TempTestSuite1705920083951.run(TempTestSuite1705920083951.groovy:36)
)
[[ATTACHMENT|C:\\Users\\Fadli\\git\\KatalonDailyGetData2\\Reports\\20240122_174123\\TS1\\20240122_174123\\1705921679902.png]]

2024-01-22 18:08:00 - [TEST_STEP][PASSED] - else: null

2024-01-22 18:08:00 - [TEST_STEP][PASSED] - strSeller3 = getText(findTestObject("Stockbit/Bandarmology_Seller3")): Text of object 'Object Repository/Stockbit/Bandarmology_Seller3' is: 'LG'

2024-01-22 18:08:00 - [MESSAGE][PASSED] - Text of object 'Object Repository/Stockbit/Bandarmology_Seller3' is: 'LG'

2024-01-22 18:08:00 - [TEST_STEP][PASSED] - strSellerVol3 = getText(findTestObject("Stockbit/Bandarmology_SellerVol3")): Text of object 'Object Repository/Stockbit/Bandarmology_SellerVol3' is: '8.7 K'

2024-01-22 18:08:00 - [MESSAGE][PASSED] - Text of object 'Object Repository/Stockbit/Bandarmology_SellerVol3' is: '8.7 K'

2024-01-22 18:08:00 - [TEST_STEP][PASSED] - strSellerAvg3 = getText(findTestObject("Stockbit/Bandarmology_SellerAvg3")): Text of object 'Object Repository/Stockbit/Bandarmology_SellerAvg3' is: '412'

2024-01-22 18:08:00 - [MESSAGE][PASSED] - Text of object 'Object Repository/Stockbit/Bandarmology_SellerAvg3' is: '412'

2024-01-22 18:08:00 - [TEST_STEP][PASSED] - if (strSeller3 != ""): null

2024-01-22 18:08:00 - [TEST_STEP][PASSED] - if (strSellerAvg3.contains(",")): null

2024-01-22 18:08:00 - [TEST_STEP][PASSED] - if (strSellerVol3.contains(" B")): null

2024-01-22 18:08:00 - [TEST_STEP][PASSED] - else if (strSellerVol3.contains(" M")): null

2024-01-22 18:08:00 - [TEST_STEP][PASSED] - else if (strSellerVol3.contains(" K")): null

2024-01-22 18:08:00 - [TEST_STEP][PASSED] - strSellerVol3 = strSellerVol3.replace(" K", ""): null

2024-01-22 18:08:00 - [TEST_STEP][PASSED] - strSellerVol3 = strSellerVol3.toDouble() * 1000: null

2024-01-22 18:08:00 - [TEST_STEP][PASSED] - strAccDist = getText(findTestObject("Stockbit/Bandarmology_AccDist")): Text of object 'Object Repository/Stockbit/Bandarmology_AccDist' is: 'Acc'

2024-01-22 18:08:00 - [MESSAGE][PASSED] - Text of object 'Object Repository/Stockbit/Bandarmology_AccDist' is: 'Acc'

2024-01-22 18:08:00 - [TEST_STEP][PASSED] - strNetVol = getText(findTestObject("Stockbit/Bandarmology_NetVol")): Text of object 'Object Repository/Stockbit/Bandarmology_NetVol' is: '81,230'

2024-01-22 18:08:00 - [MESSAGE][PASSED] - Text of object 'Object Repository/Stockbit/Bandarmology_NetVol' is: '81,230'

2024-01-22 18:08:00 - [TEST_STEP][PASSED] - strNetVol = strNetVol.replace(",", ""): null

2024-01-22 18:08:00 - [TEST_STEP][PASSED] - strNetVal = getText(findTestObject("Stockbit/Bandarmology_NetVal")): Text of object 'Object Repository/Stockbit/Bandarmology_NetVal' is: '3.4 B'

2024-01-22 18:08:01 - [MESSAGE][PASSED] - Text of object 'Object Repository/Stockbit/Bandarmology_NetVal' is: '3.4 B'

2024-01-22 18:08:01 - [TEST_STEP][PASSED] - delay(3): Delayed 3 second(s)

2024-01-22 18:08:04 - [MESSAGE][PASSED] - Delayed 3 second(s)

2024-01-22 18:08:04 - [TEST_STEP][PASSED] - strOpenPrice = getText(findTestObject("Stockbit/Home_OpenPrice")): Text of object 'Object Repository/Stockbit/Home_OpenPrice' is: '400'

2024-01-22 18:08:04 - [MESSAGE][PASSED] - Text of object 'Object Repository/Stockbit/Home_OpenPrice' is: '400'

2024-01-22 18:08:04 - [TEST_STEP][PASSED] - strOpenPrice = strOpenPrice.replace(",", ""): null

2024-01-22 18:08:04 - [TEST_STEP][PASSED] - strLowPrice = getText(findTestObject("Stockbit/Home_LowPrice")): Text of object 'Object Repository/Stockbit/Home_LowPrice' is: '396'

2024-01-22 18:08:04 - [MESSAGE][PASSED] - Text of object 'Object Repository/Stockbit/Home_LowPrice' is: '396'

2024-01-22 18:08:04 - [TEST_STEP][PASSED] - strLowPrice = strLowPrice.replace(",", ""): null

2024-01-22 18:08:04 - [TEST_STEP][PASSED] - strHighPrice = getText(findTestObject("Stockbit/Home_HighPrice")): Text of object 'Object Repository/Stockbit/Home_HighPrice' is: '420'

2024-01-22 18:08:04 - [MESSAGE][PASSED] - Text of object 'Object Repository/Stockbit/Home_HighPrice' is: '420'

2024-01-22 18:08:04 - [TEST_STEP][PASSED] - strHighPrice = strHighPrice.replace(",", ""): null

2024-01-22 18:08:04 - [TEST_STEP][PASSED] - strClosePrice = getText(findTestObject("Stockbit/Home_ClosePrice")): Text of object 'Object Repository/Stockbit/Home_ClosePrice' is: '416'

2024-01-22 18:08:04 - [MESSAGE][PASSED] - Text of object 'Object Repository/Stockbit/Home_ClosePrice' is: '416'

2024-01-22 18:08:04 - [TEST_STEP][PASSED] - strClosePrice = strClosePrice.replace(",", ""): null

2024-01-22 18:08:04 - [TEST_STEP][PASSED] - strVol = getText(findTestObject("Stockbit/Home_Volume")): Text of object 'Object Repository/Stockbit/Home_Volume' is: '208 K'

2024-01-22 18:08:04 - [MESSAGE][PASSED] - Text of object 'Object Repository/Stockbit/Home_Volume' is: '208 K'

2024-01-22 18:08:04 - [TEST_STEP][PASSED] - if (strVol.contains(" K")): null

2024-01-22 18:08:04 - [TEST_STEP][PASSED] - strVol = strVol.replace(" K", "000"): null

2024-01-22 18:08:04 - [TEST_STEP][PASSED] - if (strVol.contains(",")): null

2024-01-22 18:08:04 - [TEST_STEP][PASSED] - strChange = getText(findTestObject("Stockbit/Home_Change")): Text of object 'Object Repository/Stockbit/Home_Change' is: '5.58%'

2024-01-22 18:08:04 - [MESSAGE][PASSED] - Text of object 'Object Repository/Stockbit/Home_Change' is: '5.58%'

2024-01-22 18:08:04 - [TEST_STEP][PASSED] - strChange = strChange.replace("%", ""): null

2024-01-22 18:08:04 - [TEST_STEP][PASSED] - strFreq = getText(findTestObject("Stockbit/Home_Freq")): Text of object 'Object Repository/Stockbit/Home_Freq' is: '1,952'

2024-01-22 18:08:05 - [MESSAGE][PASSED] - Text of object 'Object Repository/Stockbit/Home_Freq' is: '1,952'

2024-01-22 18:08:05 - [TEST_STEP][PASSED] - if (strFreq.contains(",")): null

2024-01-22 18:08:05 - [TEST_STEP][PASSED] - strFreq = strFreq.replace(",", ""): null

2024-01-22 18:08:05 - [TEST_STEP][PASSED] - if (strFreq == "NA" || strFreq == ""): null

2024-01-22 18:08:05 - [TEST_STEP][PASSED] - else: null

2024-01-22 18:08:05 - [TEST_STEP][PASSED] - dblFreqAnal = strVol.toDouble() / strFreq.toDouble() * strFreq.toDouble() * strFreq.toDouble() * 100000000: null

2024-01-22 18:08:05 - [TEST_STEP][PASSED] - strFreqAnal = String.format("%.4f", dblFreqAnal): null

2024-01-22 18:08:05 - [TEST_STEP][PASSED] - out.println("Double strFreqAnal: " + strFreqAnal): null

2024-01-22 18:08:05 - [TEST_STEP][PASSED] - strTanggal = d.format(DateTimeFormatter.ofPattern("yyyy-MM-dd")): null

2024-01-22 18:08:05 - [TEST_STEP][PASSED] - strTanggal = "#" + strTanggal + "#": null

2024-01-22 18:08:05 - [TEST_STEP][PASSED] - strSQL = "select count(*) as JumBaris from TblBrokSum where Nama = '" + strNama + "' and Tanggal = " + strTanggal + "": null

2024-01-22 18:08:05 - [TEST_STEP][PASSED] - resultSet = statement.executeQuery(strSQL): null

2024-01-22 18:08:05 - [TEST_STEP][PASSED] - resultSet.next(): null

2024-01-22 18:08:05 - [TEST_STEP][PASSED] - intJumBaris = resultSet.getInt("JumBaris"): null

2024-01-22 18:08:05 - [TEST_STEP][PASSED] - if (intJumBaris > 0): null

2024-01-22 18:08:05 - [TEST_STEP][PASSED] - else: null

2024-01-22 18:08:05 - [TEST_STEP][PASSED] - try: null

2024-01-22 18:08:05 - [TEST_STEP][PASSED] - out.println("Insert data"): null

2024-01-22 18:08:05 - [TEST_STEP][PASSED] - strSQL = "insert into TblBrokSum (nama, tanggal, top1, top2, top3, AllBrokAvg, AccDist, AvgRP, " + "Buyer1, BuyerVal1, BuyerAvg1, Seller1, SellerVal1, SellerAvg1, Buyer2, BuyerVal2, BuyerAvg2, " + "Seller2, SellerVal2, SellerAvg2, Buyer3, BuyerVal3, BuyerAvg3, Seller3, SellerVal3, SellerAvg3, NetVol, NetVal, " + "OpenPrice, LowPrice, HighPrice, ClosePrice, Volume, Change, Frekuensi, FrekAnal) " + "values ('" + strNama + "', " + strTanggal + ", '" + strTop1 + "', '" + strTop3 + "', '" + strTop5 + "', " + "'" + strAllBrokAvg + "', '" + strAccDist + "', " + intAvgRP + ", '" + strBuyer1 + "', '" + strBuyerVol1 + "', " + strBuyerAvg1 + ", " + "'" + strSeller1 + "', '" + strSellerVol1 + "', " + strSellerAvg1 + ", '" + strBuyer2 + "', '" + strBuyerVol2 + "', " + strBuyerAvg2 + ", " + "'" + strSeller2 + "', '" + strSellerVol2 + "', " + strSellerAvg2 + ", '" + strBuyer3 + "', '" + strBuyerVol3 + "', " + strBuyerAvg3 + ", " + "'" + strSeller3 + "', '" + strSellerVol3 + "', " + strSellerAvg3 + ", " + strNetVol + ", '" + strNetVal + "', " + "" + strOpenPrice + ", " + strLowPrice + ", " + strHighPrice + ", " + strClosePrice + ", '" + strVol + "', " + strChange + ", " + strFreq + ", " + strFreqAnal + ");": null

2024-01-22 18:08:05 - [TEST_STEP][PASSED] - out.println("strSQL = " + strSQL): null

2024-01-22 18:08:05 - [TEST_STEP][PASSED] - statement.executeUpdate(strSQL): null

2024-01-22 18:08:05 - [TEST_STEP][PASSED] - setValueToCellByIndex(sheet01, rowIndex, 4, "DONE"): null

2024-01-22 18:08:05 - [TEST_STEP][PASSED] - saveWorkbook(excelFilePath, workbook01): null

2024-01-22 18:08:05 - [TEST_STEP][PASSED] - waitForElementClickable(findTestObject("Stockbit/menu_Bandarmology"), 10): Object 'Object Repository/Stockbit/menu_Bandarmology' is clickable

2024-01-22 18:08:05 - [MESSAGE][PASSED] - Object 'Object Repository/Stockbit/menu_Bandarmology' is clickable

2024-01-22 18:08:05 - [TEST_STEP][PASSED] - click(findTestObject("Stockbit/menu_Bandarmology")): Object: 'Object Repository/Stockbit/menu_Bandarmology' is clicked on

2024-01-22 18:08:05 - [MESSAGE][PASSED] - Object: 'Object Repository/Stockbit/menu_Bandarmology' is clicked on

2024-01-22 18:08:05 - [TEST_STEP][PASSED] - strTemp = "NA": null

2024-01-22 18:08:05 - [TEST_STEP][PASSED] - if (getCellValueByIndex(sheet01, rowIndex, 4) != "DONE"): Object: 'Object Repository/Stockbit/menu_Bandarmology' is clicked on

2024-01-22 18:08:05 - [TEST_STEP][PASSED] - strNama = getCellValueByIndex(sheet01, rowIndex, 0): null

2024-01-22 18:08:05 - [TEST_STEP][PASSED] - navigateToUrl("https://stockbit.com/#/symbol/" + strNama): Navigate to 'https://stockbit.com/#/symbol/NZIA' successfully

2024-01-22 18:08:08 - [MESSAGE][PASSED] - Navigate to 'https://stockbit.com/#/symbol/NZIA' successfully

2024-01-22 18:08:08 - [TEST_STEP][PASSED] - waitForElementClickable(findTestObject("Stockbit/menu_Bandarmology"), 10): Object 'Object Repository/Stockbit/menu_Bandarmology' is clickable

2024-01-22 18:08:09 - [MESSAGE][PASSED] - Object 'Object Repository/Stockbit/menu_Bandarmology' is clickable

2024-01-22 18:08:09 - [TEST_STEP][PASSED] - click(findTestObject("Stockbit/menu_Bandarmology")): Object: 'Object Repository/Stockbit/menu_Bandarmology' is clicked on

2024-01-22 18:08:09 - [MESSAGE][PASSED] - Object: 'Object Repository/Stockbit/menu_Bandarmology' is clicked on

2024-01-22 18:08:09 - [TEST_STEP][PASSED] - strTanggal = d.format(DateTimeFormatter.ofPattern("MMM dd, yyyy")): null

2024-01-22 18:08:09 - [TEST_STEP][PASSED] - strTanggal = d.format(ISO_DATE): null

2024-01-22 18:08:09 - [TEST_STEP][PASSED] - out.println("strTanggal = " + strTanggal): null

2024-01-22 18:08:09 - [TEST_STEP][PASSED] - out.println("strNama = " + strNama): null

2024-01-22 18:08:09 - [TEST_STEP][PASSED] - out.println("Baris ke = " + rowIndex): null

2024-01-22 18:08:09 - [TEST_STEP][PASSED] - click(findTestObject("Stockbit/input__BandarmologyOpenStartDate")): Object: 'Object Repository/Stockbit/input__BandarmologyOpenStartDate' is clicked on

2024-01-22 18:08:11 - [MESSAGE][PASSED] - Object: 'Object Repository/Stockbit/input__BandarmologyOpenStartDate' is clicked on

2024-01-22 18:08:11 - [TEST_STEP][PASSED] - sendKeys(findTestObject("Stockbit/input__BandarmologyOpenStartDate"), Keys.chord(CONTROL, "a")): Keys 'CONTROL + a' sent to object: 'Object Repository/Stockbit/input__BandarmologyOpenStartDate'

2024-01-22 18:08:11 - [MESSAGE][PASSED] - Keys 'CONTROL + a' sent to object: 'Object Repository/Stockbit/input__BandarmologyOpenStartDate'

2024-01-22 18:08:11 - [TEST_STEP][PASSED] - sendKeys(findTestObject("Stockbit/input__BandarmologyOpenStartDate"), Keys.chord(BACK_SPACE)): Keys 'BACK_SPACE + ' sent to object: 'Object Repository/Stockbit/input__BandarmologyOpenStartDate'

2024-01-22 18:08:12 - [MESSAGE][PASSED] - Keys 'BACK_SPACE + ' sent to object: 'Object Repository/Stockbit/input__BandarmologyOpenStartDate'

2024-01-22 18:08:12 - [TEST_STEP][PASSED] - setText(findTestObject("Stockbit/input__BandarmologyOpenStartDate"), strTanggal): Text '2024-01-22' is set on object 'Object Repository/Stockbit/input__BandarmologyOpenStartDate'

2024-01-22 18:08:13 - [MESSAGE][PASSED] - Text '2024-01-22' is set on object 'Object Repository/Stockbit/input__BandarmologyOpenStartDate'

2024-01-22 18:08:13 - [TEST_STEP][PASSED] - sendKeys(findTestObject("Stockbit/input__BandarmologyOpenStartDate"), Keys.chord(ENTER)): Keys 'ENTER + ' sent to object: 'Object Repository/Stockbit/input__BandarmologyOpenStartDate'

2024-01-22 18:08:13 - [MESSAGE][PASSED] - Keys 'ENTER + ' sent to object: 'Object Repository/Stockbit/input__BandarmologyOpenStartDate'

2024-01-22 18:08:13 - [TEST_STEP][PASSED] - click(findTestObject("Stockbit/input__BandarmologyOpenEndDate")): Object: 'Object Repository/Stockbit/input__BandarmologyOpenEndDate' is clicked on

2024-01-22 18:08:14 - [MESSAGE][PASSED] - Object: 'Object Repository/Stockbit/input__BandarmologyOpenEndDate' is clicked on

2024-01-22 18:08:14 - [TEST_STEP][PASSED] - sendKeys(findTestObject("Stockbit/input__BandarmologyOpenEndDate"), Keys.chord(CONTROL, "a")): Keys 'CONTROL + a' sent to object: 'Object Repository/Stockbit/input__BandarmologyOpenEndDate'

2024-01-22 18:08:14 - [MESSAGE][PASSED] - Keys 'CONTROL + a' sent to object: 'Object Repository/Stockbit/input__BandarmologyOpenEndDate'

2024-01-22 18:08:14 - [TEST_STEP][PASSED] - sendKeys(findTestObject("Stockbit/input__BandarmologyOpenEndDate"), Keys.chord(BACK_SPACE)): Keys 'BACK_SPACE + ' sent to object: 'Object Repository/Stockbit/input__BandarmologyOpenEndDate'

2024-01-22 18:08:15 - [MESSAGE][PASSED] - Keys 'BACK_SPACE + ' sent to object: 'Object Repository/Stockbit/input__BandarmologyOpenEndDate'

2024-01-22 18:08:15 - [TEST_STEP][PASSED] - setText(findTestObject("Stockbit/input__BandarmologyOpenEndDate"), strTanggal): Text '2024-01-22' is set on object 'Object Repository/Stockbit/input__BandarmologyOpenEndDate'

2024-01-22 18:08:16 - [MESSAGE][PASSED] - Text '2024-01-22' is set on object 'Object Repository/Stockbit/input__BandarmologyOpenEndDate'

2024-01-22 18:08:16 - [TEST_STEP][PASSED] - sendKeys(findTestObject("Stockbit/input__BandarmologyOpenEndDate"), Keys.chord(ENTER)): Keys 'ENTER + ' sent to object: 'Object Repository/Stockbit/input__BandarmologyOpenEndDate'

2024-01-22 18:08:16 - [MESSAGE][PASSED] - Keys 'ENTER + ' sent to object: 'Object Repository/Stockbit/input__BandarmologyOpenEndDate'

2024-01-22 18:08:16 - [TEST_STEP][PASSED] - delay(2): Delayed 2 second(s)

2024-01-22 18:08:18 - [MESSAGE][PASSED] - Delayed 2 second(s)

2024-01-22 18:08:18 - [TEST_STEP][PASSED] - strTemp = getText(findTestObject("Stockbit/Bandarmology_AvgRP")): Text of object 'Object Repository/Stockbit/Bandarmology_AvgRP' is: '86'

2024-01-22 18:08:18 - [MESSAGE][PASSED] - Text of object 'Object Repository/Stockbit/Bandarmology_AvgRP' is: '86'

2024-01-22 18:08:18 - [TEST_STEP][PASSED] - out.println("Bandarmology_AvgRP = " + strTemp): null

2024-01-22 18:08:18 - [TEST_STEP][PASSED] - if (strTemp != "0"): null

2024-01-22 18:08:18 - [TEST_STEP][PASSED] - strTop1 = getText(findTestObject("Stockbit/Bandarmology_Top1")): Text of object 'Object Repository/Stockbit/Bandarmology_Top1' is: 'Neutral'

2024-01-22 18:08:18 - [MESSAGE][PASSED] - Text of object 'Object Repository/Stockbit/Bandarmology_Top1' is: 'Neutral'

2024-01-22 18:08:18 - [TEST_STEP][PASSED] - strTop3 = getText(findTestObject("Stockbit/Bandarmology_Top3")): Text of object 'Object Repository/Stockbit/Bandarmology_Top3' is: 'Small Acc'

2024-01-22 18:08:19 - [MESSAGE][PASSED] - Text of object 'Object Repository/Stockbit/Bandarmology_Top3' is: 'Small Acc'

2024-01-22 18:08:19 - [TEST_STEP][PASSED] - strTop5 = getText(findTestObject("Stockbit/Bandarmology_Top5")): Text of object 'Object Repository/Stockbit/Bandarmology_Top5' is: 'Neutral'

2024-01-22 18:08:19 - [MESSAGE][PASSED] - Text of object 'Object Repository/Stockbit/Bandarmology_Top5' is: 'Neutral'

2024-01-22 18:08:19 - [TEST_STEP][PASSED] - strAllBrokAvg = getText(findTestObject("Stockbit/Bandarmology_TopAVG")): Text of object 'Object Repository/Stockbit/Bandarmology_TopAVG' is: 'Small Acc'

2024-01-22 18:08:19 - [MESSAGE][PASSED] - Text of object 'Object Repository/Stockbit/Bandarmology_TopAVG' is: 'Small Acc'

2024-01-22 18:08:19 - [TEST_STEP][PASSED] - strTemp = getText(findTestObject("Stockbit/Bandarmology_AvgRP")): Text of object 'Object Repository/Stockbit/Bandarmology_AvgRP' is: '86'

2024-01-22 18:08:19 - [MESSAGE][PASSED] - Text of object 'Object Repository/Stockbit/Bandarmology_AvgRP' is: '86'

2024-01-22 18:08:19 - [TEST_STEP][PASSED] - if (strTemp.contains(",")): null

2024-01-22 18:08:19 - [TEST_STEP][PASSED] - intAvgRP = strTemp.toInteger(): null

2024-01-22 18:08:19 - [TEST_STEP][PASSED] - strBuyer1 = getText(findTestObject("Stockbit/Bandarmology_Buyer1")): Text of object 'Object Repository/Stockbit/Bandarmology_Buyer1' is: 'CP'

2024-01-22 18:08:19 - [MESSAGE][PASSED] - Text of object 'Object Repository/Stockbit/Bandarmology_Buyer1' is: 'CP'

2024-01-22 18:08:19 - [TEST_STEP][PASSED] - strBuyerVol1 = getText(findTestObject("Stockbit/Bandarmology_BuyerVol1")): Text of object 'Object Repository/Stockbit/Bandarmology_BuyerVol1' is: '2.7 K'

2024-01-22 18:08:19 - [MESSAGE][PASSED] - Text of object 'Object Repository/Stockbit/Bandarmology_BuyerVol1' is: '2.7 K'

2024-01-22 18:08:19 - [TEST_STEP][PASSED] - strBuyerAvg1 = getText(findTestObject("Stockbit/Bandarmology_BuyerAvg1")): Text of object 'Object Repository/Stockbit/Bandarmology_BuyerAvg1' is: '87'

2024-01-22 18:08:19 - [MESSAGE][PASSED] - Text of object 'Object Repository/Stockbit/Bandarmology_BuyerAvg1' is: '87'

2024-01-22 18:08:19 - [TEST_STEP][PASSED] - if (strBuyerAvg1.contains(",")): null

2024-01-22 18:08:19 - [TEST_STEP][PASSED] - if (strBuyerVol1.contains(" B")): null

2024-01-22 18:08:19 - [TEST_STEP][PASSED] - else if (strBuyerVol1.contains(" M")): null

2024-01-22 18:08:19 - [TEST_STEP][PASSED] - else if (strBuyerVol1.contains(" K")): null

2024-01-22 18:08:19 - [TEST_STEP][PASSED] - strBuyerVol1 = strBuyerVol1.replace(" K", ""): null

2024-01-22 18:08:19 - [TEST_STEP][PASSED] - strBuyerVol1 = strBuyerVol1.toDouble() * 1000: null

2024-01-22 18:08:19 - [TEST_STEP][PASSED] - strSeller1 = getText(findTestObject("Stockbit/Bandarmology_Seller1")): Text of object 'Object Repository/Stockbit/Bandarmology_Seller1' is: 'PD'

2024-01-22 18:08:20 - [MESSAGE][PASSED] - Text of object 'Object Repository/Stockbit/Bandarmology_Seller1' is: 'PD'

2024-01-22 18:08:20 - [TEST_STEP][PASSED] - strSellerVol1 = getText(findTestObject("Stockbit/Bandarmology_SellerVol1")): Text of object 'Object Repository/Stockbit/Bandarmology_SellerVol1' is: '2.9 K'

2024-01-22 18:08:20 - [MESSAGE][PASSED] - Text of object 'Object Repository/Stockbit/Bandarmology_SellerVol1' is: '2.9 K'

2024-01-22 18:08:20 - [TEST_STEP][PASSED] - strSellerAvg1 = getText(findTestObject("Stockbit/Bandarmology_SellerAvg1")): Text of object 'Object Repository/Stockbit/Bandarmology_SellerAvg1' is: '87'

2024-01-22 18:08:20 - [MESSAGE][PASSED] - Text of object 'Object Repository/Stockbit/Bandarmology_SellerAvg1' is: '87'

2024-01-22 18:08:20 - [TEST_STEP][PASSED] - if (strSellerAvg1.contains(",")): null

2024-01-22 18:08:20 - [TEST_STEP][PASSED] - if (strSellerVol1.contains(" B")): null

2024-01-22 18:08:20 - [TEST_STEP][PASSED] - else if (strSellerVol1.contains(" M")): null

2024-01-22 18:08:20 - [TEST_STEP][PASSED] - else if (strSellerVol1.contains(" K")): null

2024-01-22 18:08:20 - [TEST_STEP][PASSED] - strSellerVol1 = strSellerVol1.replace(" K", ""): null

2024-01-22 18:08:20 - [TEST_STEP][PASSED] - strSellerVol1 = strSellerVol1.toDouble() * 1000: null

2024-01-22 18:08:20 - [TEST_STEP][PASSED] - if (verifyElementNotPresent(findTestObject("Stockbit/Bandarmology_Buyer2"), 1, OPTIONAL)): Web element with id: 'Object Repository/Stockbit/Bandarmology_Buyer2' located by 'By.xpath: //*[contains(@id, 'rc-tabs-')]/div[2]/div/div/div/div/div/div[2]/table/tbody/tr[3]/td[1]/p' is present after '1' second(s) (Root cause: com.kms.katalon.core.exception.StepFailedException: Web element with id: 'Object Repository/Stockbit/Bandarmology_Buyer2' located by 'By.xpath: //*[contains(@id, 'rc-tabs-')]/div[2]/div/div/div/div/div/div[2]/table/tbody/tr[3]/td[1]/p' is present after '1' second(s)
	at com.kms.katalon.core.webui.keyword.internal.WebUIKeywordMain.stepFailed(WebUIKeywordMain.groovy:64)
	at com.kms.katalon.core.webui.keyword.internal.WebUIKeywordMain$stepFailed$0.call(Unknown Source)
	at com.kms.katalon.core.webui.keyword.builtin.VerifyElementNotPresentKeyword$_verifyElementNotPresent_closure1.doCall(VerifyElementNotPresentKeyword.groovy:106)
	at com.kms.katalon.core.webui.keyword.builtin.VerifyElementNotPresentKeyword$_verifyElementNotPresent_closure1.doCall(VerifyElementNotPresentKeyword.groovy)
	at com.kms.katalon.core.webui.keyword.internal.WebUIKeywordMain.runKeyword(WebUIKeywordMain.groovy:20)
	at com.kms.katalon.core.webui.keyword.internal.WebUIKeywordMain$runKeyword.call(Unknown Source)
	at com.kms.katalon.core.webui.keyword.builtin.VerifyElementNotPresentKeyword.verifyElementNotPresent(VerifyElementNotPresentKeyword.groovy:117)
	at com.kms.katalon.core.webui.keyword.builtin.VerifyElementNotPresentKeyword.execute(VerifyElementNotPresentKeyword.groovy:68)
	at com.kms.katalon.core.keyword.internal.KeywordExecutor.executeKeywordForPlatform(KeywordExecutor.groovy:74)
	at com.kms.katalon.core.webui.keyword.WebUiBuiltInKeywords.verifyElementNotPresent(WebUiBuiltInKeywords.groovy:1481)
	at com.kms.katalon.core.webui.keyword.WebUiBuiltInKeywords$verifyElementNotPresent$8.call(Unknown Source)
	at GetBrokSumPriceDaily.run(GetBrokSumPriceDaily:258)
	at com.kms.katalon.core.main.ScriptEngine.run(ScriptEngine.java:194)
	at com.kms.katalon.core.main.ScriptEngine.runScriptAsRawText(ScriptEngine.java:119)
	at com.kms.katalon.core.main.TestCaseExecutor.runScript(TestCaseExecutor.java:445)
	at com.kms.katalon.core.main.TestCaseExecutor.doExecute(TestCaseExecutor.java:436)
	at com.kms.katalon.core.main.TestCaseExecutor.processExecutionPhase(TestCaseExecutor.java:415)
	at com.kms.katalon.core.main.TestCaseExecutor.accessMainPhase(TestCaseExecutor.java:407)
	at com.kms.katalon.core.main.TestCaseExecutor.execute(TestCaseExecutor.java:284)
	at com.kms.katalon.core.common.CommonExecutor.accessTestCaseMainPhase(CommonExecutor.java:65)
	at com.kms.katalon.core.main.TestSuiteExecutor.accessTestSuiteMainPhase(TestSuiteExecutor.java:144)
	at com.kms.katalon.core.main.TestSuiteExecutor.execute(TestSuiteExecutor.java:106)
	at com.kms.katalon.core.main.TestCaseMain.startTestSuite(TestCaseMain.java:185)
	at com.kms.katalon.core.main.TestCaseMain$startTestSuite$0.call(Unknown Source)
	at TempTestSuite1705920083951.run(TempTestSuite1705920083951.groovy:36)
)

2024-01-22 18:08:21 - [MESSAGE][WARNING] - Web element with id: 'Object Repository/Stockbit/Bandarmology_Buyer2' located by 'By.xpath: //*[contains(@id, 'rc-tabs-')]/div[2]/div/div/div/div/div/div[2]/table/tbody/tr[3]/td[1]/p' is present after '1' second(s) (Root cause: com.kms.katalon.core.exception.StepFailedException: Web element with id: 'Object Repository/Stockbit/Bandarmology_Buyer2' located by 'By.xpath: //*[contains(@id, 'rc-tabs-')]/div[2]/div/div/div/div/div/div[2]/table/tbody/tr[3]/td[1]/p' is present after '1' second(s)
	at com.kms.katalon.core.webui.keyword.internal.WebUIKeywordMain.stepFailed(WebUIKeywordMain.groovy:64)
	at com.kms.katalon.core.webui.keyword.internal.WebUIKeywordMain$stepFailed$0.call(Unknown Source)
	at com.kms.katalon.core.webui.keyword.builtin.VerifyElementNotPresentKeyword$_verifyElementNotPresent_closure1.doCall(VerifyElementNotPresentKeyword.groovy:106)
	at com.kms.katalon.core.webui.keyword.builtin.VerifyElementNotPresentKeyword$_verifyElementNotPresent_closure1.doCall(VerifyElementNotPresentKeyword.groovy)
	at com.kms.katalon.core.webui.keyword.internal.WebUIKeywordMain.runKeyword(WebUIKeywordMain.groovy:20)
	at com.kms.katalon.core.webui.keyword.internal.WebUIKeywordMain$runKeyword.call(Unknown Source)
	at com.kms.katalon.core.webui.keyword.builtin.VerifyElementNotPresentKeyword.verifyElementNotPresent(VerifyElementNotPresentKeyword.groovy:117)
	at com.kms.katalon.core.webui.keyword.builtin.VerifyElementNotPresentKeyword.execute(VerifyElementNotPresentKeyword.groovy:68)
	at com.kms.katalon.core.keyword.internal.KeywordExecutor.executeKeywordForPlatform(KeywordExecutor.groovy:74)
	at com.kms.katalon.core.webui.keyword.WebUiBuiltInKeywords.verifyElementNotPresent(WebUiBuiltInKeywords.groovy:1481)
	at com.kms.katalon.core.webui.keyword.WebUiBuiltInKeywords$verifyElementNotPresent$8.call(Unknown Source)
	at GetBrokSumPriceDaily.run(GetBrokSumPriceDaily:258)
	at com.kms.katalon.core.main.ScriptEngine.run(ScriptEngine.java:194)
	at com.kms.katalon.core.main.ScriptEngine.runScriptAsRawText(ScriptEngine.java:119)
	at com.kms.katalon.core.main.TestCaseExecutor.runScript(TestCaseExecutor.java:445)
	at com.kms.katalon.core.main.TestCaseExecutor.doExecute(TestCaseExecutor.java:436)
	at com.kms.katalon.core.main.TestCaseExecutor.processExecutionPhase(TestCaseExecutor.java:415)
	at com.kms.katalon.core.main.TestCaseExecutor.accessMainPhase(TestCaseExecutor.java:407)
	at com.kms.katalon.core.main.TestCaseExecutor.execute(TestCaseExecutor.java:284)
	at com.kms.katalon.core.common.CommonExecutor.accessTestCaseMainPhase(CommonExecutor.java:65)
	at com.kms.katalon.core.main.TestSuiteExecutor.accessTestSuiteMainPhase(TestSuiteExecutor.java:144)
	at com.kms.katalon.core.main.TestSuiteExecutor.execute(TestSuiteExecutor.java:106)
	at com.kms.katalon.core.main.TestCaseMain.startTestSuite(TestCaseMain.java:185)
	at com.kms.katalon.core.main.TestCaseMain$startTestSuite$0.call(Unknown Source)
	at TempTestSuite1705920083951.run(TempTestSuite1705920083951.groovy:36)
)
[[ATTACHMENT|C:\\Users\\Fadli\\git\\KatalonDailyGetData2\\Reports\\20240122_174123\\TS1\\20240122_174123\\1705921701662.png]]

2024-01-22 18:08:21 - [TEST_STEP][PASSED] - else: null

2024-01-22 18:08:21 - [TEST_STEP][PASSED] - strBuyer2 = getText(findTestObject("Stockbit/Bandarmology_Buyer2")): Text of object 'Object Repository/Stockbit/Bandarmology_Buyer2' is: 'KK'

2024-01-22 18:08:22 - [MESSAGE][PASSED] - Text of object 'Object Repository/Stockbit/Bandarmology_Buyer2' is: 'KK'

2024-01-22 18:08:22 - [TEST_STEP][PASSED] - strBuyerVol2 = getText(findTestObject("Stockbit/Bandarmology_BuyerVol2")): Text of object 'Object Repository/Stockbit/Bandarmology_BuyerVol2' is: '2.7 K'

2024-01-22 18:08:22 - [MESSAGE][PASSED] - Text of object 'Object Repository/Stockbit/Bandarmology_BuyerVol2' is: '2.7 K'

2024-01-22 18:08:22 - [TEST_STEP][PASSED] - strBuyerAvg2 = getText(findTestObject("Stockbit/Bandarmology_BuyerAvg2")): Text of object 'Object Repository/Stockbit/Bandarmology_BuyerAvg2' is: '86'

2024-01-22 18:08:22 - [MESSAGE][PASSED] - Text of object 'Object Repository/Stockbit/Bandarmology_BuyerAvg2' is: '86'

2024-01-22 18:08:22 - [TEST_STEP][PASSED] - if (strBuyer2 != ""): null

2024-01-22 18:08:22 - [TEST_STEP][PASSED] - if (strBuyerAvg2.contains(",")): null

2024-01-22 18:08:22 - [TEST_STEP][PASSED] - if (strBuyerVol2.contains(" B")): null

2024-01-22 18:08:22 - [TEST_STEP][PASSED] - else if (strBuyerVol2.contains(" M")): null

2024-01-22 18:08:22 - [TEST_STEP][PASSED] - else if (strBuyerVol2.contains(" K")): null

2024-01-22 18:08:22 - [TEST_STEP][PASSED] - strBuyerVol2 = strBuyerVol2.replace(" K", ""): null

2024-01-22 18:08:22 - [TEST_STEP][PASSED] - strBuyerVol2 = strBuyerVol2.toDouble() * 1000: null

2024-01-22 18:08:22 - [TEST_STEP][PASSED] - if (strBuyerVol2.contains(".")): null

2024-01-22 18:08:22 - [TEST_STEP][PASSED] - strBuyerVal2 = strBuyerVol2.replace(".", ""): null

2024-01-22 18:08:22 - [TEST_STEP][PASSED] - if (verifyElementNotPresent(findTestObject("Stockbit/Bandarmology_Seller2"), 1, OPTIONAL)): Web element with id: 'Object Repository/Stockbit/Bandarmology_Seller2' located by 'By.xpath: //*[contains(@id, 'rc-tabs-')]/div[2]/div/div/div/div/div/div[2]/table/tbody/tr[3]/td[5]/p' is present after '1' second(s) (Root cause: com.kms.katalon.core.exception.StepFailedException: Web element with id: 'Object Repository/Stockbit/Bandarmology_Seller2' located by 'By.xpath: //*[contains(@id, 'rc-tabs-')]/div[2]/div/div/div/div/div/div[2]/table/tbody/tr[3]/td[5]/p' is present after '1' second(s)
	at com.kms.katalon.core.webui.keyword.internal.WebUIKeywordMain.stepFailed(WebUIKeywordMain.groovy:64)
	at com.kms.katalon.core.webui.keyword.internal.WebUIKeywordMain$stepFailed$0.call(Unknown Source)
	at com.kms.katalon.core.webui.keyword.builtin.VerifyElementNotPresentKeyword$_verifyElementNotPresent_closure1.doCall(VerifyElementNotPresentKeyword.groovy:106)
	at com.kms.katalon.core.webui.keyword.builtin.VerifyElementNotPresentKeyword$_verifyElementNotPresent_closure1.doCall(VerifyElementNotPresentKeyword.groovy)
	at com.kms.katalon.core.webui.keyword.internal.WebUIKeywordMain.runKeyword(WebUIKeywordMain.groovy:20)
	at com.kms.katalon.core.webui.keyword.internal.WebUIKeywordMain$runKeyword.call(Unknown Source)
	at com.kms.katalon.core.webui.keyword.builtin.VerifyElementNotPresentKeyword.verifyElementNotPresent(VerifyElementNotPresentKeyword.groovy:117)
	at com.kms.katalon.core.webui.keyword.builtin.VerifyElementNotPresentKeyword.execute(VerifyElementNotPresentKeyword.groovy:68)
	at com.kms.katalon.core.keyword.internal.KeywordExecutor.executeKeywordForPlatform(KeywordExecutor.groovy:74)
	at com.kms.katalon.core.webui.keyword.WebUiBuiltInKeywords.verifyElementNotPresent(WebUiBuiltInKeywords.groovy:1481)
	at com.kms.katalon.core.webui.keyword.WebUiBuiltInKeywords$verifyElementNotPresent$8.call(Unknown Source)
	at GetBrokSumPriceDaily.run(GetBrokSumPriceDaily:309)
	at com.kms.katalon.core.main.ScriptEngine.run(ScriptEngine.java:194)
	at com.kms.katalon.core.main.ScriptEngine.runScriptAsRawText(ScriptEngine.java:119)
	at com.kms.katalon.core.main.TestCaseExecutor.runScript(TestCaseExecutor.java:445)
	at com.kms.katalon.core.main.TestCaseExecutor.doExecute(TestCaseExecutor.java:436)
	at com.kms.katalon.core.main.TestCaseExecutor.processExecutionPhase(TestCaseExecutor.java:415)
	at com.kms.katalon.core.main.TestCaseExecutor.accessMainPhase(TestCaseExecutor.java:407)
	at com.kms.katalon.core.main.TestCaseExecutor.execute(TestCaseExecutor.java:284)
	at com.kms.katalon.core.common.CommonExecutor.accessTestCaseMainPhase(CommonExecutor.java:65)
	at com.kms.katalon.core.main.TestSuiteExecutor.accessTestSuiteMainPhase(TestSuiteExecutor.java:144)
	at com.kms.katalon.core.main.TestSuiteExecutor.execute(TestSuiteExecutor.java:106)
	at com.kms.katalon.core.main.TestCaseMain.startTestSuite(TestCaseMain.java:185)
	at com.kms.katalon.core.main.TestCaseMain$startTestSuite$0.call(Unknown Source)
	at TempTestSuite1705920083951.run(TempTestSuite1705920083951.groovy:36)
)

2024-01-22 18:08:23 - [MESSAGE][WARNING] - Web element with id: 'Object Repository/Stockbit/Bandarmology_Seller2' located by 'By.xpath: //*[contains(@id, 'rc-tabs-')]/div[2]/div/div/div/div/div/div[2]/table/tbody/tr[3]/td[5]/p' is present after '1' second(s) (Root cause: com.kms.katalon.core.exception.StepFailedException: Web element with id: 'Object Repository/Stockbit/Bandarmology_Seller2' located by 'By.xpath: //*[contains(@id, 'rc-tabs-')]/div[2]/div/div/div/div/div/div[2]/table/tbody/tr[3]/td[5]/p' is present after '1' second(s)
	at com.kms.katalon.core.webui.keyword.internal.WebUIKeywordMain.stepFailed(WebUIKeywordMain.groovy:64)
	at com.kms.katalon.core.webui.keyword.internal.WebUIKeywordMain$stepFailed$0.call(Unknown Source)
	at com.kms.katalon.core.webui.keyword.builtin.VerifyElementNotPresentKeyword$_verifyElementNotPresent_closure1.doCall(VerifyElementNotPresentKeyword.groovy:106)
	at com.kms.katalon.core.webui.keyword.builtin.VerifyElementNotPresentKeyword$_verifyElementNotPresent_closure1.doCall(VerifyElementNotPresentKeyword.groovy)
	at com.kms.katalon.core.webui.keyword.internal.WebUIKeywordMain.runKeyword(WebUIKeywordMain.groovy:20)
	at com.kms.katalon.core.webui.keyword.internal.WebUIKeywordMain$runKeyword.call(Unknown Source)
	at com.kms.katalon.core.webui.keyword.builtin.VerifyElementNotPresentKeyword.verifyElementNotPresent(VerifyElementNotPresentKeyword.groovy:117)
	at com.kms.katalon.core.webui.keyword.builtin.VerifyElementNotPresentKeyword.execute(VerifyElementNotPresentKeyword.groovy:68)
	at com.kms.katalon.core.keyword.internal.KeywordExecutor.executeKeywordForPlatform(KeywordExecutor.groovy:74)
	at com.kms.katalon.core.webui.keyword.WebUiBuiltInKeywords.verifyElementNotPresent(WebUiBuiltInKeywords.groovy:1481)
	at com.kms.katalon.core.webui.keyword.WebUiBuiltInKeywords$verifyElementNotPresent$8.call(Unknown Source)
	at GetBrokSumPriceDaily.run(GetBrokSumPriceDaily:309)
	at com.kms.katalon.core.main.ScriptEngine.run(ScriptEngine.java:194)
	at com.kms.katalon.core.main.ScriptEngine.runScriptAsRawText(ScriptEngine.java:119)
	at com.kms.katalon.core.main.TestCaseExecutor.runScript(TestCaseExecutor.java:445)
	at com.kms.katalon.core.main.TestCaseExecutor.doExecute(TestCaseExecutor.java:436)
	at com.kms.katalon.core.main.TestCaseExecutor.processExecutionPhase(TestCaseExecutor.java:415)
	at com.kms.katalon.core.main.TestCaseExecutor.accessMainPhase(TestCaseExecutor.java:407)
	at com.kms.katalon.core.main.TestCaseExecutor.execute(TestCaseExecutor.java:284)
	at com.kms.katalon.core.common.CommonExecutor.accessTestCaseMainPhase(CommonExecutor.java:65)
	at com.kms.katalon.core.main.TestSuiteExecutor.accessTestSuiteMainPhase(TestSuiteExecutor.java:144)
	at com.kms.katalon.core.main.TestSuiteExecutor.execute(TestSuiteExecutor.java:106)
	at com.kms.katalon.core.main.TestCaseMain.startTestSuite(TestCaseMain.java:185)
	at com.kms.katalon.core.main.TestCaseMain$startTestSuite$0.call(Unknown Source)
	at TempTestSuite1705920083951.run(TempTestSuite1705920083951.groovy:36)
)
[[ATTACHMENT|C:\\Users\\Fadli\\git\\KatalonDailyGetData2\\Reports\\20240122_174123\\TS1\\20240122_174123\\1705921703522.png]]

2024-01-22 18:08:23 - [TEST_STEP][PASSED] - else: null

2024-01-22 18:08:23 - [TEST_STEP][PASSED] - strSeller2 = getText(findTestObject("Stockbit/Bandarmology_Seller2")): Text of object 'Object Repository/Stockbit/Bandarmology_Seller2' is: 'GR'

2024-01-22 18:08:23 - [MESSAGE][PASSED] - Text of object 'Object Repository/Stockbit/Bandarmology_Seller2' is: 'GR'

2024-01-22 18:08:23 - [TEST_STEP][PASSED] - strSellerVol2 = getText(findTestObject("Stockbit/Bandarmology_SellerVol2")): Text of object 'Object Repository/Stockbit/Bandarmology_SellerVol2' is: '1.9 K'

2024-01-22 18:08:24 - [MESSAGE][PASSED] - Text of object 'Object Repository/Stockbit/Bandarmology_SellerVol2' is: '1.9 K'

2024-01-22 18:08:24 - [TEST_STEP][PASSED] - strSellerAvg2 = getText(findTestObject("Stockbit/Bandarmology_SellerAvg2")): Text of object 'Object Repository/Stockbit/Bandarmology_SellerAvg2' is: '87'

2024-01-22 18:08:24 - [MESSAGE][PASSED] - Text of object 'Object Repository/Stockbit/Bandarmology_SellerAvg2' is: '87'

2024-01-22 18:08:24 - [TEST_STEP][PASSED] - if (strSeller2 != ""): null

2024-01-22 18:08:24 - [TEST_STEP][PASSED] - if (strSellerAvg2.contains(",")): null

2024-01-22 18:08:24 - [TEST_STEP][PASSED] - if (strSellerVol2.contains(" B")): null

2024-01-22 18:08:24 - [TEST_STEP][PASSED] - else if (strSellerVol2.contains(" M")): null

2024-01-22 18:08:24 - [TEST_STEP][PASSED] - else if (strSellerVol2.contains(" K")): null

2024-01-22 18:08:24 - [TEST_STEP][PASSED] - strSellerVol2 = strSellerVol2.replace(" K", ""): null

2024-01-22 18:08:24 - [TEST_STEP][PASSED] - strSellerVol2 = strSellerVol2.toDouble() * 1000: null

2024-01-22 18:08:24 - [TEST_STEP][PASSED] - if (verifyElementNotPresent(findTestObject("Stockbit/Bandarmology_Buyer3"), 1, OPTIONAL)): Web element with id: 'Object Repository/Stockbit/Bandarmology_Buyer3' located by 'By.xpath: //*[contains(@id, 'rc-tabs-')]/div[2]/div/div/div/div/div/div[2]/table/tbody/tr[4]/td[1]/p' is present after '1' second(s) (Root cause: com.kms.katalon.core.exception.StepFailedException: Web element with id: 'Object Repository/Stockbit/Bandarmology_Buyer3' located by 'By.xpath: //*[contains(@id, 'rc-tabs-')]/div[2]/div/div/div/div/div/div[2]/table/tbody/tr[4]/td[1]/p' is present after '1' second(s)
	at com.kms.katalon.core.webui.keyword.internal.WebUIKeywordMain.stepFailed(WebUIKeywordMain.groovy:64)
	at com.kms.katalon.core.webui.keyword.internal.WebUIKeywordMain$stepFailed$0.call(Unknown Source)
	at com.kms.katalon.core.webui.keyword.builtin.VerifyElementNotPresentKeyword$_verifyElementNotPresent_closure1.doCall(VerifyElementNotPresentKeyword.groovy:106)
	at com.kms.katalon.core.webui.keyword.builtin.VerifyElementNotPresentKeyword$_verifyElementNotPresent_closure1.doCall(VerifyElementNotPresentKeyword.groovy)
	at com.kms.katalon.core.webui.keyword.internal.WebUIKeywordMain.runKeyword(WebUIKeywordMain.groovy:20)
	at com.kms.katalon.core.webui.keyword.internal.WebUIKeywordMain$runKeyword.call(Unknown Source)
	at com.kms.katalon.core.webui.keyword.builtin.VerifyElementNotPresentKeyword.verifyElementNotPresent(VerifyElementNotPresentKeyword.groovy:117)
	at com.kms.katalon.core.webui.keyword.builtin.VerifyElementNotPresentKeyword.execute(VerifyElementNotPresentKeyword.groovy:68)
	at com.kms.katalon.core.keyword.internal.KeywordExecutor.executeKeywordForPlatform(KeywordExecutor.groovy:74)
	at com.kms.katalon.core.webui.keyword.WebUiBuiltInKeywords.verifyElementNotPresent(WebUiBuiltInKeywords.groovy:1481)
	at com.kms.katalon.core.webui.keyword.WebUiBuiltInKeywords$verifyElementNotPresent$8.call(Unknown Source)
	at GetBrokSumPriceDaily.run(GetBrokSumPriceDaily:361)
	at com.kms.katalon.core.main.ScriptEngine.run(ScriptEngine.java:194)
	at com.kms.katalon.core.main.ScriptEngine.runScriptAsRawText(ScriptEngine.java:119)
	at com.kms.katalon.core.main.TestCaseExecutor.runScript(TestCaseExecutor.java:445)
	at com.kms.katalon.core.main.TestCaseExecutor.doExecute(TestCaseExecutor.java:436)
	at com.kms.katalon.core.main.TestCaseExecutor.processExecutionPhase(TestCaseExecutor.java:415)
	at com.kms.katalon.core.main.TestCaseExecutor.accessMainPhase(TestCaseExecutor.java:407)
	at com.kms.katalon.core.main.TestCaseExecutor.execute(TestCaseExecutor.java:284)
	at com.kms.katalon.core.common.CommonExecutor.accessTestCaseMainPhase(CommonExecutor.java:65)
	at com.kms.katalon.core.main.TestSuiteExecutor.accessTestSuiteMainPhase(TestSuiteExecutor.java:144)
	at com.kms.katalon.core.main.TestSuiteExecutor.execute(TestSuiteExecutor.java:106)
	at com.kms.katalon.core.main.TestCaseMain.startTestSuite(TestCaseMain.java:185)
	at com.kms.katalon.core.main.TestCaseMain$startTestSuite$0.call(Unknown Source)
	at TempTestSuite1705920083951.run(TempTestSuite1705920083951.groovy:36)
)

2024-01-22 18:08:25 - [MESSAGE][WARNING] - Web element with id: 'Object Repository/Stockbit/Bandarmology_Buyer3' located by 'By.xpath: //*[contains(@id, 'rc-tabs-')]/div[2]/div/div/div/div/div/div[2]/table/tbody/tr[4]/td[1]/p' is present after '1' second(s) (Root cause: com.kms.katalon.core.exception.StepFailedException: Web element with id: 'Object Repository/Stockbit/Bandarmology_Buyer3' located by 'By.xpath: //*[contains(@id, 'rc-tabs-')]/div[2]/div/div/div/div/div/div[2]/table/tbody/tr[4]/td[1]/p' is present after '1' second(s)
	at com.kms.katalon.core.webui.keyword.internal.WebUIKeywordMain.stepFailed(WebUIKeywordMain.groovy:64)
	at com.kms.katalon.core.webui.keyword.internal.WebUIKeywordMain$stepFailed$0.call(Unknown Source)
	at com.kms.katalon.core.webui.keyword.builtin.VerifyElementNotPresentKeyword$_verifyElementNotPresent_closure1.doCall(VerifyElementNotPresentKeyword.groovy:106)
	at com.kms.katalon.core.webui.keyword.builtin.VerifyElementNotPresentKeyword$_verifyElementNotPresent_closure1.doCall(VerifyElementNotPresentKeyword.groovy)
	at com.kms.katalon.core.webui.keyword.internal.WebUIKeywordMain.runKeyword(WebUIKeywordMain.groovy:20)
	at com.kms.katalon.core.webui.keyword.internal.WebUIKeywordMain$runKeyword.call(Unknown Source)
	at com.kms.katalon.core.webui.keyword.builtin.VerifyElementNotPresentKeyword.verifyElementNotPresent(VerifyElementNotPresentKeyword.groovy:117)
	at com.kms.katalon.core.webui.keyword.builtin.VerifyElementNotPresentKeyword.execute(VerifyElementNotPresentKeyword.groovy:68)
	at com.kms.katalon.core.keyword.internal.KeywordExecutor.executeKeywordForPlatform(KeywordExecutor.groovy:74)
	at com.kms.katalon.core.webui.keyword.WebUiBuiltInKeywords.verifyElementNotPresent(WebUiBuiltInKeywords.groovy:1481)
	at com.kms.katalon.core.webui.keyword.WebUiBuiltInKeywords$verifyElementNotPresent$8.call(Unknown Source)
	at GetBrokSumPriceDaily.run(GetBrokSumPriceDaily:361)
	at com.kms.katalon.core.main.ScriptEngine.run(ScriptEngine.java:194)
	at com.kms.katalon.core.main.ScriptEngine.runScriptAsRawText(ScriptEngine.java:119)
	at com.kms.katalon.core.main.TestCaseExecutor.runScript(TestCaseExecutor.java:445)
	at com.kms.katalon.core.main.TestCaseExecutor.doExecute(TestCaseExecutor.java:436)
	at com.kms.katalon.core.main.TestCaseExecutor.processExecutionPhase(TestCaseExecutor.java:415)
	at com.kms.katalon.core.main.TestCaseExecutor.accessMainPhase(TestCaseExecutor.java:407)
	at com.kms.katalon.core.main.TestCaseExecutor.execute(TestCaseExecutor.java:284)
	at com.kms.katalon.core.common.CommonExecutor.accessTestCaseMainPhase(CommonExecutor.java:65)
	at com.kms.katalon.core.main.TestSuiteExecutor.accessTestSuiteMainPhase(TestSuiteExecutor.java:144)
	at com.kms.katalon.core.main.TestSuiteExecutor.execute(TestSuiteExecutor.java:106)
	at com.kms.katalon.core.main.TestCaseMain.startTestSuite(TestCaseMain.java:185)
	at com.kms.katalon.core.main.TestCaseMain$startTestSuite$0.call(Unknown Source)
	at TempTestSuite1705920083951.run(TempTestSuite1705920083951.groovy:36)
)
[[ATTACHMENT|C:\\Users\\Fadli\\git\\KatalonDailyGetData2\\Reports\\20240122_174123\\TS1\\20240122_174123\\1705921705397.png]]

2024-01-22 18:08:25 - [TEST_STEP][PASSED] - else: null

2024-01-22 18:08:25 - [TEST_STEP][PASSED] - strBuyer3 = getText(findTestObject("Stockbit/Bandarmology_Buyer3")): Text of object 'Object Repository/Stockbit/Bandarmology_Buyer3' is: 'MG'

2024-01-22 18:08:25 - [MESSAGE][PASSED] - Text of object 'Object Repository/Stockbit/Bandarmology_Buyer3' is: 'MG'

2024-01-22 18:08:25 - [TEST_STEP][PASSED] - strBuyerVol3 = getText(findTestObject("Stockbit/Bandarmology_BuyerVol3")): Text of object 'Object Repository/Stockbit/Bandarmology_BuyerVol3' is: '901'

2024-01-22 18:08:25 - [MESSAGE][PASSED] - Text of object 'Object Repository/Stockbit/Bandarmology_BuyerVol3' is: '901'

2024-01-22 18:08:25 - [TEST_STEP][PASSED] - strBuyerAvg3 = getText(findTestObject("Stockbit/Bandarmology_BuyerAvg3")): Text of object 'Object Repository/Stockbit/Bandarmology_BuyerAvg3' is: '86'

2024-01-22 18:08:26 - [MESSAGE][PASSED] - Text of object 'Object Repository/Stockbit/Bandarmology_BuyerAvg3' is: '86'

2024-01-22 18:08:26 - [TEST_STEP][PASSED] - if (strBuyer3 != ""): null

2024-01-22 18:08:26 - [TEST_STEP][PASSED] - if (strBuyerAvg3.contains(",")): null

2024-01-22 18:08:26 - [TEST_STEP][PASSED] - if (strBuyerVol3.contains(" B")): null

2024-01-22 18:08:26 - [TEST_STEP][PASSED] - if (verifyElementNotPresent(findTestObject("Stockbit/Bandarmology_Seller3"), 1, OPTIONAL)): Web element with id: 'Object Repository/Stockbit/Bandarmology_Seller3' located by 'By.xpath: //*[contains(@id, 'rc-tabs-')]/div[2]/div/div/div/div/div/div[2]/table/tbody/tr[4]/td[5]/p' is present after '1' second(s) (Root cause: com.kms.katalon.core.exception.StepFailedException: Web element with id: 'Object Repository/Stockbit/Bandarmology_Seller3' located by 'By.xpath: //*[contains(@id, 'rc-tabs-')]/div[2]/div/div/div/div/div/div[2]/table/tbody/tr[4]/td[5]/p' is present after '1' second(s)
	at com.kms.katalon.core.webui.keyword.internal.WebUIKeywordMain.stepFailed(WebUIKeywordMain.groovy:64)
	at com.kms.katalon.core.webui.keyword.internal.WebUIKeywordMain$stepFailed$0.call(Unknown Source)
	at com.kms.katalon.core.webui.keyword.builtin.VerifyElementNotPresentKeyword$_verifyElementNotPresent_closure1.doCall(VerifyElementNotPresentKeyword.groovy:106)
	at com.kms.katalon.core.webui.keyword.builtin.VerifyElementNotPresentKeyword$_verifyElementNotPresent_closure1.doCall(VerifyElementNotPresentKeyword.groovy)
	at com.kms.katalon.core.webui.keyword.internal.WebUIKeywordMain.runKeyword(WebUIKeywordMain.groovy:20)
	at com.kms.katalon.core.webui.keyword.internal.WebUIKeywordMain$runKeyword.call(Unknown Source)
	at com.kms.katalon.core.webui.keyword.builtin.VerifyElementNotPresentKeyword.verifyElementNotPresent(VerifyElementNotPresentKeyword.groovy:117)
	at com.kms.katalon.core.webui.keyword.builtin.VerifyElementNotPresentKeyword.execute(VerifyElementNotPresentKeyword.groovy:68)
	at com.kms.katalon.core.keyword.internal.KeywordExecutor.executeKeywordForPlatform(KeywordExecutor.groovy:74)
	at com.kms.katalon.core.webui.keyword.WebUiBuiltInKeywords.verifyElementNotPresent(WebUiBuiltInKeywords.groovy:1481)
	at com.kms.katalon.core.webui.keyword.WebUiBuiltInKeywords$verifyElementNotPresent$8.call(Unknown Source)
	at GetBrokSumPriceDaily.run(GetBrokSumPriceDaily:414)
	at com.kms.katalon.core.main.ScriptEngine.run(ScriptEngine.java:194)
	at com.kms.katalon.core.main.ScriptEngine.runScriptAsRawText(ScriptEngine.java:119)
	at com.kms.katalon.core.main.TestCaseExecutor.runScript(TestCaseExecutor.java:445)
	at com.kms.katalon.core.main.TestCaseExecutor.doExecute(TestCaseExecutor.java:436)
	at com.kms.katalon.core.main.TestCaseExecutor.processExecutionPhase(TestCaseExecutor.java:415)
	at com.kms.katalon.core.main.TestCaseExecutor.accessMainPhase(TestCaseExecutor.java:407)
	at com.kms.katalon.core.main.TestCaseExecutor.execute(TestCaseExecutor.java:284)
	at com.kms.katalon.core.common.CommonExecutor.accessTestCaseMainPhase(CommonExecutor.java:65)
	at com.kms.katalon.core.main.TestSuiteExecutor.accessTestSuiteMainPhase(TestSuiteExecutor.java:144)
	at com.kms.katalon.core.main.TestSuiteExecutor.execute(TestSuiteExecutor.java:106)
	at com.kms.katalon.core.main.TestCaseMain.startTestSuite(TestCaseMain.java:185)
	at com.kms.katalon.core.main.TestCaseMain$startTestSuite$0.call(Unknown Source)
	at TempTestSuite1705920083951.run(TempTestSuite1705920083951.groovy:36)
)

2024-01-22 18:08:27 - [MESSAGE][WARNING] - Web element with id: 'Object Repository/Stockbit/Bandarmology_Seller3' located by 'By.xpath: //*[contains(@id, 'rc-tabs-')]/div[2]/div/div/div/div/div/div[2]/table/tbody/tr[4]/td[5]/p' is present after '1' second(s) (Root cause: com.kms.katalon.core.exception.StepFailedException: Web element with id: 'Object Repository/Stockbit/Bandarmology_Seller3' located by 'By.xpath: //*[contains(@id, 'rc-tabs-')]/div[2]/div/div/div/div/div/div[2]/table/tbody/tr[4]/td[5]/p' is present after '1' second(s)
	at com.kms.katalon.core.webui.keyword.internal.WebUIKeywordMain.stepFailed(WebUIKeywordMain.groovy:64)
	at com.kms.katalon.core.webui.keyword.internal.WebUIKeywordMain$stepFailed$0.call(Unknown Source)
	at com.kms.katalon.core.webui.keyword.builtin.VerifyElementNotPresentKeyword$_verifyElementNotPresent_closure1.doCall(VerifyElementNotPresentKeyword.groovy:106)
	at com.kms.katalon.core.webui.keyword.builtin.VerifyElementNotPresentKeyword$_verifyElementNotPresent_closure1.doCall(VerifyElementNotPresentKeyword.groovy)
	at com.kms.katalon.core.webui.keyword.internal.WebUIKeywordMain.runKeyword(WebUIKeywordMain.groovy:20)
	at com.kms.katalon.core.webui.keyword.internal.WebUIKeywordMain$runKeyword.call(Unknown Source)
	at com.kms.katalon.core.webui.keyword.builtin.VerifyElementNotPresentKeyword.verifyElementNotPresent(VerifyElementNotPresentKeyword.groovy:117)
	at com.kms.katalon.core.webui.keyword.builtin.VerifyElementNotPresentKeyword.execute(VerifyElementNotPresentKeyword.groovy:68)
	at com.kms.katalon.core.keyword.internal.KeywordExecutor.executeKeywordForPlatform(KeywordExecutor.groovy:74)
	at com.kms.katalon.core.webui.keyword.WebUiBuiltInKeywords.verifyElementNotPresent(WebUiBuiltInKeywords.groovy:1481)
	at com.kms.katalon.core.webui.keyword.WebUiBuiltInKeywords$verifyElementNotPresent$8.call(Unknown Source)
	at GetBrokSumPriceDaily.run(GetBrokSumPriceDaily:414)
	at com.kms.katalon.core.main.ScriptEngine.run(ScriptEngine.java:194)
	at com.kms.katalon.core.main.ScriptEngine.runScriptAsRawText(ScriptEngine.java:119)
	at com.kms.katalon.core.main.TestCaseExecutor.runScript(TestCaseExecutor.java:445)
	at com.kms.katalon.core.main.TestCaseExecutor.doExecute(TestCaseExecutor.java:436)
	at com.kms.katalon.core.main.TestCaseExecutor.processExecutionPhase(TestCaseExecutor.java:415)
	at com.kms.katalon.core.main.TestCaseExecutor.accessMainPhase(TestCaseExecutor.java:407)
	at com.kms.katalon.core.main.TestCaseExecutor.execute(TestCaseExecutor.java:284)
	at com.kms.katalon.core.common.CommonExecutor.accessTestCaseMainPhase(CommonExecutor.java:65)
	at com.kms.katalon.core.main.TestSuiteExecutor.accessTestSuiteMainPhase(TestSuiteExecutor.java:144)
	at com.kms.katalon.core.main.TestSuiteExecutor.execute(TestSuiteExecutor.java:106)
	at com.kms.katalon.core.main.TestCaseMain.startTestSuite(TestCaseMain.java:185)
	at com.kms.katalon.core.main.TestCaseMain$startTestSuite$0.call(Unknown Source)
	at TempTestSuite1705920083951.run(TempTestSuite1705920083951.groovy:36)
)
[[ATTACHMENT|C:\\Users\\Fadli\\git\\KatalonDailyGetData2\\Reports\\20240122_174123\\TS1\\20240122_174123\\1705921707294.png]]

2024-01-22 18:08:27 - [TEST_STEP][PASSED] - else: null

2024-01-22 18:08:27 - [TEST_STEP][PASSED] - strSeller3 = getText(findTestObject("Stockbit/Bandarmology_Seller3")): Text of object 'Object Repository/Stockbit/Bandarmology_Seller3' is: 'CC'

2024-01-22 18:08:27 - [MESSAGE][PASSED] - Text of object 'Object Repository/Stockbit/Bandarmology_Seller3' is: 'CC'

2024-01-22 18:08:27 - [TEST_STEP][PASSED] - strSellerVol3 = getText(findTestObject("Stockbit/Bandarmology_SellerVol3")): Text of object 'Object Repository/Stockbit/Bandarmology_SellerVol3' is: '882'

2024-01-22 18:08:27 - [MESSAGE][PASSED] - Text of object 'Object Repository/Stockbit/Bandarmology_SellerVol3' is: '882'

2024-01-22 18:08:27 - [TEST_STEP][PASSED] - strSellerAvg3 = getText(findTestObject("Stockbit/Bandarmology_SellerAvg3")): Text of object 'Object Repository/Stockbit/Bandarmology_SellerAvg3' is: '86'

2024-01-22 18:08:27 - [MESSAGE][PASSED] - Text of object 'Object Repository/Stockbit/Bandarmology_SellerAvg3' is: '86'

2024-01-22 18:08:27 - [TEST_STEP][PASSED] - if (strSeller3 != ""): null

2024-01-22 18:08:27 - [TEST_STEP][PASSED] - if (strSellerAvg3.contains(",")): null

2024-01-22 18:08:27 - [TEST_STEP][PASSED] - if (strSellerVol3.contains(" B")): null

2024-01-22 18:08:27 - [TEST_STEP][PASSED] - strAccDist = getText(findTestObject("Stockbit/Bandarmology_AccDist")): Text of object 'Object Repository/Stockbit/Bandarmology_AccDist' is: 'Dist'

2024-01-22 18:08:28 - [MESSAGE][PASSED] - Text of object 'Object Repository/Stockbit/Bandarmology_AccDist' is: 'Dist'

2024-01-22 18:08:28 - [TEST_STEP][PASSED] - strNetVol = getText(findTestObject("Stockbit/Bandarmology_NetVol")): Text of object 'Object Repository/Stockbit/Bandarmology_NetVol' is: '8,094'

2024-01-22 18:08:28 - [MESSAGE][PASSED] - Text of object 'Object Repository/Stockbit/Bandarmology_NetVol' is: '8,094'

2024-01-22 18:08:28 - [TEST_STEP][PASSED] - strNetVol = strNetVol.replace(",", ""): null

2024-01-22 18:08:28 - [TEST_STEP][PASSED] - strNetVal = getText(findTestObject("Stockbit/Bandarmology_NetVal")): Text of object 'Object Repository/Stockbit/Bandarmology_NetVal' is: '0.1 B'

2024-01-22 18:08:28 - [MESSAGE][PASSED] - Text of object 'Object Repository/Stockbit/Bandarmology_NetVal' is: '0.1 B'

2024-01-22 18:08:28 - [TEST_STEP][PASSED] - delay(3): Delayed 3 second(s)

2024-01-22 18:08:31 - [MESSAGE][PASSED] - Delayed 3 second(s)

2024-01-22 18:08:31 - [TEST_STEP][PASSED] - strOpenPrice = getText(findTestObject("Stockbit/Home_OpenPrice")): Text of object 'Object Repository/Stockbit/Home_OpenPrice' is: '88'

2024-01-22 18:08:31 - [MESSAGE][PASSED] - Text of object 'Object Repository/Stockbit/Home_OpenPrice' is: '88'

2024-01-22 18:08:31 - [TEST_STEP][PASSED] - strOpenPrice = strOpenPrice.replace(",", ""): null

2024-01-22 18:08:31 - [TEST_STEP][PASSED] - strLowPrice = getText(findTestObject("Stockbit/Home_LowPrice")): Text of object 'Object Repository/Stockbit/Home_LowPrice' is: '85'

2024-01-22 18:08:31 - [MESSAGE][PASSED] - Text of object 'Object Repository/Stockbit/Home_LowPrice' is: '85'

2024-01-22 18:08:31 - [TEST_STEP][PASSED] - strLowPrice = strLowPrice.replace(",", ""): null

2024-01-22 18:08:31 - [TEST_STEP][PASSED] - strHighPrice = getText(findTestObject("Stockbit/Home_HighPrice")): Text of object 'Object Repository/Stockbit/Home_HighPrice' is: '89'

2024-01-22 18:08:31 - [MESSAGE][PASSED] - Text of object 'Object Repository/Stockbit/Home_HighPrice' is: '89'

2024-01-22 18:08:31 - [TEST_STEP][PASSED] - strHighPrice = strHighPrice.replace(",", ""): null

2024-01-22 18:08:31 - [TEST_STEP][PASSED] - strClosePrice = getText(findTestObject("Stockbit/Home_ClosePrice")): Text of object 'Object Repository/Stockbit/Home_ClosePrice' is: '86'

2024-01-22 18:08:32 - [MESSAGE][PASSED] - Text of object 'Object Repository/Stockbit/Home_ClosePrice' is: '86'

2024-01-22 18:08:32 - [TEST_STEP][PASSED] - strClosePrice = strClosePrice.replace(",", ""): null

2024-01-22 18:08:32 - [TEST_STEP][PASSED] - strVol = getText(findTestObject("Stockbit/Home_Volume")): Text of object 'Object Repository/Stockbit/Home_Volume' is: '40 K'

2024-01-22 18:08:32 - [MESSAGE][PASSED] - Text of object 'Object Repository/Stockbit/Home_Volume' is: '40 K'

2024-01-22 18:08:32 - [TEST_STEP][PASSED] - if (strVol.contains(" K")): null

2024-01-22 18:08:32 - [TEST_STEP][PASSED] - strVol = strVol.replace(" K", "000"): null

2024-01-22 18:08:32 - [TEST_STEP][PASSED] - if (strVol.contains(",")): null

2024-01-22 18:08:32 - [TEST_STEP][PASSED] - strChange = getText(findTestObject("Stockbit/Home_Change")): Text of object 'Object Repository/Stockbit/Home_Change' is: '-2.27%'

2024-01-22 18:08:32 - [MESSAGE][PASSED] - Text of object 'Object Repository/Stockbit/Home_Change' is: '-2.27%'

2024-01-22 18:08:32 - [TEST_STEP][PASSED] - strChange = strChange.replace("%", ""): null

2024-01-22 18:08:32 - [TEST_STEP][PASSED] - strFreq = getText(findTestObject("Stockbit/Home_Freq")): Text of object 'Object Repository/Stockbit/Home_Freq' is: '334'

2024-01-22 18:08:32 - [MESSAGE][PASSED] - Text of object 'Object Repository/Stockbit/Home_Freq' is: '334'

2024-01-22 18:08:32 - [TEST_STEP][PASSED] - if (strFreq.contains(",")): null

2024-01-22 18:08:32 - [TEST_STEP][PASSED] - if (strFreq == "NA" || strFreq == ""): null

2024-01-22 18:08:32 - [TEST_STEP][PASSED] - else: null

2024-01-22 18:08:32 - [TEST_STEP][PASSED] - dblFreqAnal = strVol.toDouble() / strFreq.toDouble() * strFreq.toDouble() * strFreq.toDouble() * 100000000: null

2024-01-22 18:08:32 - [TEST_STEP][PASSED] - strFreqAnal = String.format("%.4f", dblFreqAnal): null

2024-01-22 18:08:32 - [TEST_STEP][PASSED] - out.println("Double strFreqAnal: " + strFreqAnal): null

2024-01-22 18:08:32 - [TEST_STEP][PASSED] - strTanggal = d.format(DateTimeFormatter.ofPattern("yyyy-MM-dd")): null

2024-01-22 18:08:32 - [TEST_STEP][PASSED] - strTanggal = "#" + strTanggal + "#": null

2024-01-22 18:08:32 - [TEST_STEP][PASSED] - strSQL = "select count(*) as JumBaris from TblBrokSum where Nama = '" + strNama + "' and Tanggal = " + strTanggal + "": null

2024-01-22 18:08:32 - [TEST_STEP][PASSED] - resultSet = statement.executeQuery(strSQL): null

2024-01-22 18:08:32 - [TEST_STEP][PASSED] - resultSet.next(): null

2024-01-22 18:08:32 - [TEST_STEP][PASSED] - intJumBaris = resultSet.getInt("JumBaris"): null

2024-01-22 18:08:32 - [TEST_STEP][PASSED] - if (intJumBaris > 0): null

2024-01-22 18:08:32 - [TEST_STEP][PASSED] - else: null

2024-01-22 18:08:32 - [TEST_STEP][PASSED] - try: null

2024-01-22 18:08:32 - [TEST_STEP][PASSED] - out.println("Insert data"): null

2024-01-22 18:08:32 - [TEST_STEP][PASSED] - strSQL = "insert into TblBrokSum (nama, tanggal, top1, top2, top3, AllBrokAvg, AccDist, AvgRP, " + "Buyer1, BuyerVal1, BuyerAvg1, Seller1, SellerVal1, SellerAvg1, Buyer2, BuyerVal2, BuyerAvg2, " + "Seller2, SellerVal2, SellerAvg2, Buyer3, BuyerVal3, BuyerAvg3, Seller3, SellerVal3, SellerAvg3, NetVol, NetVal, " + "OpenPrice, LowPrice, HighPrice, ClosePrice, Volume, Change, Frekuensi, FrekAnal) " + "values ('" + strNama + "', " + strTanggal + ", '" + strTop1 + "', '" + strTop3 + "', '" + strTop5 + "', " + "'" + strAllBrokAvg + "', '" + strAccDist + "', " + intAvgRP + ", '" + strBuyer1 + "', '" + strBuyerVol1 + "', " + strBuyerAvg1 + ", " + "'" + strSeller1 + "', '" + strSellerVol1 + "', " + strSellerAvg1 + ", '" + strBuyer2 + "', '" + strBuyerVol2 + "', " + strBuyerAvg2 + ", " + "'" + strSeller2 + "', '" + strSellerVol2 + "', " + strSellerAvg2 + ", '" + strBuyer3 + "', '" + strBuyerVol3 + "', " + strBuyerAvg3 + ", " + "'" + strSeller3 + "', '" + strSellerVol3 + "', " + strSellerAvg3 + ", " + strNetVol + ", '" + strNetVal + "', " + "" + strOpenPrice + ", " + strLowPrice + ", " + strHighPrice + ", " + strClosePrice + ", '" + strVol + "', " + strChange + ", " + strFreq + ", " + strFreqAnal + ");": null

2024-01-22 18:08:32 - [TEST_STEP][PASSED] - out.println("strSQL = " + strSQL): null

2024-01-22 18:08:32 - [TEST_STEP][PASSED] - statement.executeUpdate(strSQL): null

2024-01-22 18:08:32 - [TEST_STEP][PASSED] - setValueToCellByIndex(sheet01, rowIndex, 4, "DONE"): null

2024-01-22 18:08:32 - [TEST_STEP][PASSED] - saveWorkbook(excelFilePath, workbook01): null

2024-01-22 18:08:32 - [TEST_STEP][PASSED] - waitForElementClickable(findTestObject("Stockbit/menu_Bandarmology"), 10): Object 'Object Repository/Stockbit/menu_Bandarmology' is clickable

2024-01-22 18:08:32 - [MESSAGE][PASSED] - Object 'Object Repository/Stockbit/menu_Bandarmology' is clickable

2024-01-22 18:08:32 - [TEST_STEP][PASSED] - click(findTestObject("Stockbit/menu_Bandarmology")): Object: 'Object Repository/Stockbit/menu_Bandarmology' is clicked on

2024-01-22 18:08:33 - [MESSAGE][PASSED] - Object: 'Object Repository/Stockbit/menu_Bandarmology' is clicked on

2024-01-22 18:08:33 - [TEST_STEP][PASSED] - strTemp = "NA": null

2024-01-22 18:08:33 - [TEST_STEP][PASSED] - if (getCellValueByIndex(sheet01, rowIndex, 4) != "DONE"): Object: 'Object Repository/Stockbit/menu_Bandarmology' is clicked on

2024-01-22 18:08:33 - [TEST_STEP][PASSED] - strNama = getCellValueByIndex(sheet01, rowIndex, 0): null

2024-01-22 18:08:33 - [TEST_STEP][PASSED] - navigateToUrl("https://stockbit.com/#/symbol/" + strNama): Navigate to 'https://stockbit.com/#/symbol/ERAA' successfully

2024-01-22 18:08:39 - [MESSAGE][PASSED] - Navigate to 'https://stockbit.com/#/symbol/ERAA' successfully

2024-01-22 18:08:39 - [TEST_STEP][PASSED] - waitForElementClickable(findTestObject("Stockbit/menu_Bandarmology"), 10): Object 'Object Repository/Stockbit/menu_Bandarmology' is clickable

2024-01-22 18:08:39 - [MESSAGE][PASSED] - Object 'Object Repository/Stockbit/menu_Bandarmology' is clickable

2024-01-22 18:08:39 - [TEST_STEP][PASSED] - click(findTestObject("Stockbit/menu_Bandarmology")): Object: 'Object Repository/Stockbit/menu_Bandarmology' is clicked on

2024-01-22 18:08:40 - [MESSAGE][PASSED] - Object: 'Object Repository/Stockbit/menu_Bandarmology' is clicked on

2024-01-22 18:08:40 - [TEST_STEP][PASSED] - strTanggal = d.format(DateTimeFormatter.ofPattern("MMM dd, yyyy")): null

2024-01-22 18:08:40 - [TEST_STEP][PASSED] - strTanggal = d.format(ISO_DATE): null

2024-01-22 18:08:40 - [TEST_STEP][PASSED] - out.println("strTanggal = " + strTanggal): null

2024-01-22 18:08:40 - [TEST_STEP][PASSED] - out.println("strNama = " + strNama): null

2024-01-22 18:08:40 - [TEST_STEP][PASSED] - out.println("Baris ke = " + rowIndex): null

2024-01-22 18:08:40 - [TEST_STEP][PASSED] - click(findTestObject("Stockbit/input__BandarmologyOpenStartDate")): Object: 'Object Repository/Stockbit/input__BandarmologyOpenStartDate' is clicked on

2024-01-22 18:08:41 - [MESSAGE][PASSED] - Object: 'Object Repository/Stockbit/input__BandarmologyOpenStartDate' is clicked on

2024-01-22 18:08:41 - [TEST_STEP][PASSED] - sendKeys(findTestObject("Stockbit/input__BandarmologyOpenStartDate"), Keys.chord(CONTROL, "a")): Keys 'CONTROL + a' sent to object: 'Object Repository/Stockbit/input__BandarmologyOpenStartDate'

2024-01-22 18:08:42 - [MESSAGE][PASSED] - Keys 'CONTROL + a' sent to object: 'Object Repository/Stockbit/input__BandarmologyOpenStartDate'

2024-01-22 18:08:42 - [TEST_STEP][PASSED] - sendKeys(findTestObject("Stockbit/input__BandarmologyOpenStartDate"), Keys.chord(BACK_SPACE)): Keys 'BACK_SPACE + ' sent to object: 'Object Repository/Stockbit/input__BandarmologyOpenStartDate'

2024-01-22 18:08:43 - [MESSAGE][PASSED] - Keys 'BACK_SPACE + ' sent to object: 'Object Repository/Stockbit/input__BandarmologyOpenStartDate'

2024-01-22 18:08:43 - [TEST_STEP][PASSED] - setText(findTestObject("Stockbit/input__BandarmologyOpenStartDate"), strTanggal): Text '2024-01-22' is set on object 'Object Repository/Stockbit/input__BandarmologyOpenStartDate'

2024-01-22 18:08:43 - [MESSAGE][PASSED] - Text '2024-01-22' is set on object 'Object Repository/Stockbit/input__BandarmologyOpenStartDate'

2024-01-22 18:08:43 - [TEST_STEP][PASSED] - sendKeys(findTestObject("Stockbit/input__BandarmologyOpenStartDate"), Keys.chord(ENTER)): Keys 'ENTER + ' sent to object: 'Object Repository/Stockbit/input__BandarmologyOpenStartDate'

2024-01-22 18:08:44 - [MESSAGE][PASSED] - Keys 'ENTER + ' sent to object: 'Object Repository/Stockbit/input__BandarmologyOpenStartDate'

2024-01-22 18:08:44 - [TEST_STEP][PASSED] - click(findTestObject("Stockbit/input__BandarmologyOpenEndDate")): Object: 'Object Repository/Stockbit/input__BandarmologyOpenEndDate' is clicked on

2024-01-22 18:08:44 - [MESSAGE][PASSED] - Object: 'Object Repository/Stockbit/input__BandarmologyOpenEndDate' is clicked on

2024-01-22 18:08:44 - [TEST_STEP][PASSED] - sendKeys(findTestObject("Stockbit/input__BandarmologyOpenEndDate"), Keys.chord(CONTROL, "a")): Keys 'CONTROL + a' sent to object: 'Object Repository/Stockbit/input__BandarmologyOpenEndDate'

2024-01-22 18:08:45 - [MESSAGE][PASSED] - Keys 'CONTROL + a' sent to object: 'Object Repository/Stockbit/input__BandarmologyOpenEndDate'

2024-01-22 18:08:45 - [TEST_STEP][PASSED] - sendKeys(findTestObject("Stockbit/input__BandarmologyOpenEndDate"), Keys.chord(BACK_SPACE)): Keys 'BACK_SPACE + ' sent to object: 'Object Repository/Stockbit/input__BandarmologyOpenEndDate'

2024-01-22 18:08:45 - [MESSAGE][PASSED] - Keys 'BACK_SPACE + ' sent to object: 'Object Repository/Stockbit/input__BandarmologyOpenEndDate'

2024-01-22 18:08:45 - [TEST_STEP][PASSED] - setText(findTestObject("Stockbit/input__BandarmologyOpenEndDate"), strTanggal): Text '2024-01-22' is set on object 'Object Repository/Stockbit/input__BandarmologyOpenEndDate'

2024-01-22 18:08:46 - [MESSAGE][PASSED] - Text '2024-01-22' is set on object 'Object Repository/Stockbit/input__BandarmologyOpenEndDate'

2024-01-22 18:08:46 - [TEST_STEP][PASSED] - sendKeys(findTestObject("Stockbit/input__BandarmologyOpenEndDate"), Keys.chord(ENTER)): Keys 'ENTER + ' sent to object: 'Object Repository/Stockbit/input__BandarmologyOpenEndDate'

2024-01-22 18:08:47 - [MESSAGE][PASSED] - Keys 'ENTER + ' sent to object: 'Object Repository/Stockbit/input__BandarmologyOpenEndDate'

2024-01-22 18:08:47 - [TEST_STEP][PASSED] - delay(2): Delayed 2 second(s)

2024-01-22 18:08:49 - [MESSAGE][PASSED] - Delayed 2 second(s)

2024-01-22 18:08:49 - [TEST_STEP][PASSED] - strTemp = getText(findTestObject("Stockbit/Bandarmology_AvgRP")): Text of object 'Object Repository/Stockbit/Bandarmology_AvgRP' is: '424'

2024-01-22 18:08:49 - [MESSAGE][PASSED] - Text of object 'Object Repository/Stockbit/Bandarmology_AvgRP' is: '424'

2024-01-22 18:08:49 - [TEST_STEP][PASSED] - out.println("Bandarmology_AvgRP = " + strTemp): null

2024-01-22 18:08:49 - [TEST_STEP][PASSED] - if (strTemp != "0"): null

2024-01-22 18:08:49 - [TEST_STEP][PASSED] - strTop1 = getText(findTestObject("Stockbit/Bandarmology_Top1")): Text of object 'Object Repository/Stockbit/Bandarmology_Top1' is: 'Normal Dist'

2024-01-22 18:08:49 - [MESSAGE][PASSED] - Text of object 'Object Repository/Stockbit/Bandarmology_Top1' is: 'Normal Dist'

2024-01-22 18:08:49 - [TEST_STEP][PASSED] - strTop3 = getText(findTestObject("Stockbit/Bandarmology_Top3")): Text of object 'Object Repository/Stockbit/Bandarmology_Top3' is: 'Neutral'

2024-01-22 18:08:49 - [MESSAGE][PASSED] - Text of object 'Object Repository/Stockbit/Bandarmology_Top3' is: 'Neutral'

2024-01-22 18:08:49 - [TEST_STEP][PASSED] - strTop5 = getText(findTestObject("Stockbit/Bandarmology_Top5")): Text of object 'Object Repository/Stockbit/Bandarmology_Top5' is: 'Neutral'

2024-01-22 18:08:49 - [MESSAGE][PASSED] - Text of object 'Object Repository/Stockbit/Bandarmology_Top5' is: 'Neutral'

2024-01-22 18:08:49 - [TEST_STEP][PASSED] - strAllBrokAvg = getText(findTestObject("Stockbit/Bandarmology_TopAVG")): Text of object 'Object Repository/Stockbit/Bandarmology_TopAVG' is: 'Neutral'

2024-01-22 18:08:50 - [MESSAGE][PASSED] - Text of object 'Object Repository/Stockbit/Bandarmology_TopAVG' is: 'Neutral'

2024-01-22 18:08:50 - [TEST_STEP][PASSED] - strTemp = getText(findTestObject("Stockbit/Bandarmology_AvgRP")): Text of object 'Object Repository/Stockbit/Bandarmology_AvgRP' is: '424'

2024-01-22 18:08:50 - [MESSAGE][PASSED] - Text of object 'Object Repository/Stockbit/Bandarmology_AvgRP' is: '424'

2024-01-22 18:08:50 - [TEST_STEP][PASSED] - if (strTemp.contains(",")): null

2024-01-22 18:08:50 - [TEST_STEP][PASSED] - intAvgRP = strTemp.toInteger(): null

2024-01-22 18:08:50 - [TEST_STEP][PASSED] - strBuyer1 = getText(findTestObject("Stockbit/Bandarmology_Buyer1")): Text of object 'Object Repository/Stockbit/Bandarmology_Buyer1' is: 'OD'

2024-01-22 18:08:50 - [MESSAGE][PASSED] - Text of object 'Object Repository/Stockbit/Bandarmology_Buyer1' is: 'OD'

2024-01-22 18:08:50 - [TEST_STEP][PASSED] - strBuyerVol1 = getText(findTestObject("Stockbit/Bandarmology_BuyerVol1")): Text of object 'Object Repository/Stockbit/Bandarmology_BuyerVol1' is: '43.1 K'

2024-01-22 18:08:50 - [MESSAGE][PASSED] - Text of object 'Object Repository/Stockbit/Bandarmology_BuyerVol1' is: '43.1 K'

2024-01-22 18:08:50 - [TEST_STEP][PASSED] - strBuyerAvg1 = getText(findTestObject("Stockbit/Bandarmology_BuyerAvg1")): Text of object 'Object Repository/Stockbit/Bandarmology_BuyerAvg1' is: '424'

2024-01-22 18:08:50 - [MESSAGE][PASSED] - Text of object 'Object Repository/Stockbit/Bandarmology_BuyerAvg1' is: '424'

2024-01-22 18:08:50 - [TEST_STEP][PASSED] - if (strBuyerAvg1.contains(",")): null

2024-01-22 18:08:50 - [TEST_STEP][PASSED] - if (strBuyerVol1.contains(" B")): null

2024-01-22 18:08:50 - [TEST_STEP][PASSED] - else if (strBuyerVol1.contains(" M")): null

2024-01-22 18:08:50 - [TEST_STEP][PASSED] - else if (strBuyerVol1.contains(" K")): null

2024-01-22 18:08:50 - [TEST_STEP][PASSED] - strBuyerVol1 = strBuyerVol1.replace(" K", ""): null

2024-01-22 18:08:50 - [TEST_STEP][PASSED] - strBuyerVol1 = strBuyerVol1.toDouble() * 1000: null

2024-01-22 18:08:50 - [TEST_STEP][PASSED] - strSeller1 = getText(findTestObject("Stockbit/Bandarmology_Seller1")): Text of object 'Object Repository/Stockbit/Bandarmology_Seller1' is: 'PD'

2024-01-22 18:08:50 - [MESSAGE][PASSED] - Text of object 'Object Repository/Stockbit/Bandarmology_Seller1' is: 'PD'

2024-01-22 18:08:50 - [TEST_STEP][PASSED] - strSellerVol1 = getText(findTestObject("Stockbit/Bandarmology_SellerVol1")): Text of object 'Object Repository/Stockbit/Bandarmology_SellerVol1' is: '55.1 K'

2024-01-22 18:08:51 - [MESSAGE][PASSED] - Text of object 'Object Repository/Stockbit/Bandarmology_SellerVol1' is: '55.1 K'

2024-01-22 18:08:51 - [TEST_STEP][PASSED] - strSellerAvg1 = getText(findTestObject("Stockbit/Bandarmology_SellerAvg1")): Text of object 'Object Repository/Stockbit/Bandarmology_SellerAvg1' is: '423'

2024-01-22 18:08:51 - [MESSAGE][PASSED] - Text of object 'Object Repository/Stockbit/Bandarmology_SellerAvg1' is: '423'

2024-01-22 18:08:51 - [TEST_STEP][PASSED] - if (strSellerAvg1.contains(",")): null

2024-01-22 18:08:51 - [TEST_STEP][PASSED] - if (strSellerVol1.contains(" B")): null

2024-01-22 18:08:51 - [TEST_STEP][PASSED] - else if (strSellerVol1.contains(" M")): null

2024-01-22 18:08:51 - [TEST_STEP][PASSED] - else if (strSellerVol1.contains(" K")): null

2024-01-22 18:08:51 - [TEST_STEP][PASSED] - strSellerVol1 = strSellerVol1.replace(" K", ""): null

2024-01-22 18:08:51 - [TEST_STEP][PASSED] - strSellerVol1 = strSellerVol1.toDouble() * 1000: null

2024-01-22 18:08:51 - [TEST_STEP][PASSED] - if (verifyElementNotPresent(findTestObject("Stockbit/Bandarmology_Buyer2"), 1, OPTIONAL)): Web element with id: 'Object Repository/Stockbit/Bandarmology_Buyer2' located by 'By.xpath: //*[contains(@id, 'rc-tabs-')]/div[2]/div/div/div/div/div/div[2]/table/tbody/tr[3]/td[1]/p' is present after '1' second(s) (Root cause: com.kms.katalon.core.exception.StepFailedException: Web element with id: 'Object Repository/Stockbit/Bandarmology_Buyer2' located by 'By.xpath: //*[contains(@id, 'rc-tabs-')]/div[2]/div/div/div/div/div/div[2]/table/tbody/tr[3]/td[1]/p' is present after '1' second(s)
	at com.kms.katalon.core.webui.keyword.internal.WebUIKeywordMain.stepFailed(WebUIKeywordMain.groovy:64)
	at com.kms.katalon.core.webui.keyword.internal.WebUIKeywordMain$stepFailed$0.call(Unknown Source)
	at com.kms.katalon.core.webui.keyword.builtin.VerifyElementNotPresentKeyword$_verifyElementNotPresent_closure1.doCall(VerifyElementNotPresentKeyword.groovy:106)
	at com.kms.katalon.core.webui.keyword.builtin.VerifyElementNotPresentKeyword$_verifyElementNotPresent_closure1.doCall(VerifyElementNotPresentKeyword.groovy)
	at com.kms.katalon.core.webui.keyword.internal.WebUIKeywordMain.runKeyword(WebUIKeywordMain.groovy:20)
	at com.kms.katalon.core.webui.keyword.internal.WebUIKeywordMain$runKeyword.call(Unknown Source)
	at com.kms.katalon.core.webui.keyword.builtin.VerifyElementNotPresentKeyword.verifyElementNotPresent(VerifyElementNotPresentKeyword.groovy:117)
	at com.kms.katalon.core.webui.keyword.builtin.VerifyElementNotPresentKeyword.execute(VerifyElementNotPresentKeyword.groovy:68)
	at com.kms.katalon.core.keyword.internal.KeywordExecutor.executeKeywordForPlatform(KeywordExecutor.groovy:74)
	at com.kms.katalon.core.webui.keyword.WebUiBuiltInKeywords.verifyElementNotPresent(WebUiBuiltInKeywords.groovy:1481)
	at com.kms.katalon.core.webui.keyword.WebUiBuiltInKeywords$verifyElementNotPresent$8.call(Unknown Source)
	at GetBrokSumPriceDaily.run(GetBrokSumPriceDaily:258)
	at com.kms.katalon.core.main.ScriptEngine.run(ScriptEngine.java:194)
	at com.kms.katalon.core.main.ScriptEngine.runScriptAsRawText(ScriptEngine.java:119)
	at com.kms.katalon.core.main.TestCaseExecutor.runScript(TestCaseExecutor.java:445)
	at com.kms.katalon.core.main.TestCaseExecutor.doExecute(TestCaseExecutor.java:436)
	at com.kms.katalon.core.main.TestCaseExecutor.processExecutionPhase(TestCaseExecutor.java:415)
	at com.kms.katalon.core.main.TestCaseExecutor.accessMainPhase(TestCaseExecutor.java:407)
	at com.kms.katalon.core.main.TestCaseExecutor.execute(TestCaseExecutor.java:284)
	at com.kms.katalon.core.common.CommonExecutor.accessTestCaseMainPhase(CommonExecutor.java:65)
	at com.kms.katalon.core.main.TestSuiteExecutor.accessTestSuiteMainPhase(TestSuiteExecutor.java:144)
	at com.kms.katalon.core.main.TestSuiteExecutor.execute(TestSuiteExecutor.java:106)
	at com.kms.katalon.core.main.TestCaseMain.startTestSuite(TestCaseMain.java:185)
	at com.kms.katalon.core.main.TestCaseMain$startTestSuite$0.call(Unknown Source)
	at TempTestSuite1705920083951.run(TempTestSuite1705920083951.groovy:36)
)

2024-01-22 18:08:52 - [MESSAGE][WARNING] - Web element with id: 'Object Repository/Stockbit/Bandarmology_Buyer2' located by 'By.xpath: //*[contains(@id, 'rc-tabs-')]/div[2]/div/div/div/div/div/div[2]/table/tbody/tr[3]/td[1]/p' is present after '1' second(s) (Root cause: com.kms.katalon.core.exception.StepFailedException: Web element with id: 'Object Repository/Stockbit/Bandarmology_Buyer2' located by 'By.xpath: //*[contains(@id, 'rc-tabs-')]/div[2]/div/div/div/div/div/div[2]/table/tbody/tr[3]/td[1]/p' is present after '1' second(s)
	at com.kms.katalon.core.webui.keyword.internal.WebUIKeywordMain.stepFailed(WebUIKeywordMain.groovy:64)
	at com.kms.katalon.core.webui.keyword.internal.WebUIKeywordMain$stepFailed$0.call(Unknown Source)
	at com.kms.katalon.core.webui.keyword.builtin.VerifyElementNotPresentKeyword$_verifyElementNotPresent_closure1.doCall(VerifyElementNotPresentKeyword.groovy:106)
	at com.kms.katalon.core.webui.keyword.builtin.VerifyElementNotPresentKeyword$_verifyElementNotPresent_closure1.doCall(VerifyElementNotPresentKeyword.groovy)
	at com.kms.katalon.core.webui.keyword.internal.WebUIKeywordMain.runKeyword(WebUIKeywordMain.groovy:20)
	at com.kms.katalon.core.webui.keyword.internal.WebUIKeywordMain$runKeyword.call(Unknown Source)
	at com.kms.katalon.core.webui.keyword.builtin.VerifyElementNotPresentKeyword.verifyElementNotPresent(VerifyElementNotPresentKeyword.groovy:117)
	at com.kms.katalon.core.webui.keyword.builtin.VerifyElementNotPresentKeyword.execute(VerifyElementNotPresentKeyword.groovy:68)
	at com.kms.katalon.core.keyword.internal.KeywordExecutor.executeKeywordForPlatform(KeywordExecutor.groovy:74)
	at com.kms.katalon.core.webui.keyword.WebUiBuiltInKeywords.verifyElementNotPresent(WebUiBuiltInKeywords.groovy:1481)
	at com.kms.katalon.core.webui.keyword.WebUiBuiltInKeywords$verifyElementNotPresent$8.call(Unknown Source)
	at GetBrokSumPriceDaily.run(GetBrokSumPriceDaily:258)
	at com.kms.katalon.core.main.ScriptEngine.run(ScriptEngine.java:194)
	at com.kms.katalon.core.main.ScriptEngine.runScriptAsRawText(ScriptEngine.java:119)
	at com.kms.katalon.core.main.TestCaseExecutor.runScript(TestCaseExecutor.java:445)
	at com.kms.katalon.core.main.TestCaseExecutor.doExecute(TestCaseExecutor.java:436)
	at com.kms.katalon.core.main.TestCaseExecutor.processExecutionPhase(TestCaseExecutor.java:415)
	at com.kms.katalon.core.main.TestCaseExecutor.accessMainPhase(TestCaseExecutor.java:407)
	at com.kms.katalon.core.main.TestCaseExecutor.execute(TestCaseExecutor.java:284)
	at com.kms.katalon.core.common.CommonExecutor.accessTestCaseMainPhase(CommonExecutor.java:65)
	at com.kms.katalon.core.main.TestSuiteExecutor.accessTestSuiteMainPhase(TestSuiteExecutor.java:144)
	at com.kms.katalon.core.main.TestSuiteExecutor.execute(TestSuiteExecutor.java:106)
	at com.kms.katalon.core.main.TestCaseMain.startTestSuite(TestCaseMain.java:185)
	at com.kms.katalon.core.main.TestCaseMain$startTestSuite$0.call(Unknown Source)
	at TempTestSuite1705920083951.run(TempTestSuite1705920083951.groovy:36)
)
[[ATTACHMENT|C:\\Users\\Fadli\\git\\KatalonDailyGetData2\\Reports\\20240122_174123\\TS1\\20240122_174123\\1705921732435.png]]

2024-01-22 18:08:52 - [TEST_STEP][PASSED] - else: null

2024-01-22 18:08:52 - [TEST_STEP][PASSED] - strBuyer2 = getText(findTestObject("Stockbit/Bandarmology_Buyer2")): Text of object 'Object Repository/Stockbit/Bandarmology_Buyer2' is: 'YU'

2024-01-22 18:08:52 - [MESSAGE][PASSED] - Text of object 'Object Repository/Stockbit/Bandarmology_Buyer2' is: 'YU'

2024-01-22 18:08:52 - [TEST_STEP][PASSED] - strBuyerVol2 = getText(findTestObject("Stockbit/Bandarmology_BuyerVol2")): Text of object 'Object Repository/Stockbit/Bandarmology_BuyerVol2' is: '22.5 K'

2024-01-22 18:08:52 - [MESSAGE][PASSED] - Text of object 'Object Repository/Stockbit/Bandarmology_BuyerVol2' is: '22.5 K'

2024-01-22 18:08:52 - [TEST_STEP][PASSED] - strBuyerAvg2 = getText(findTestObject("Stockbit/Bandarmology_BuyerAvg2")): Text of object 'Object Repository/Stockbit/Bandarmology_BuyerAvg2' is: '425'

2024-01-22 18:08:53 - [MESSAGE][PASSED] - Text of object 'Object Repository/Stockbit/Bandarmology_BuyerAvg2' is: '425'

2024-01-22 18:08:53 - [TEST_STEP][PASSED] - if (strBuyer2 != ""): null

2024-01-22 18:08:53 - [TEST_STEP][PASSED] - if (strBuyerAvg2.contains(",")): null

2024-01-22 18:08:53 - [TEST_STEP][PASSED] - if (strBuyerVol2.contains(" B")): null

2024-01-22 18:08:53 - [TEST_STEP][PASSED] - else if (strBuyerVol2.contains(" M")): null

2024-01-22 18:08:53 - [TEST_STEP][PASSED] - else if (strBuyerVol2.contains(" K")): null

2024-01-22 18:08:53 - [TEST_STEP][PASSED] - strBuyerVol2 = strBuyerVol2.replace(" K", ""): null

2024-01-22 18:08:53 - [TEST_STEP][PASSED] - strBuyerVol2 = strBuyerVol2.toDouble() * 1000: null

2024-01-22 18:08:53 - [TEST_STEP][PASSED] - if (strBuyerVol2.contains(".")): null

2024-01-22 18:08:53 - [TEST_STEP][PASSED] - strBuyerVal2 = strBuyerVol2.replace(".", ""): null

2024-01-22 18:08:53 - [TEST_STEP][PASSED] - if (verifyElementNotPresent(findTestObject("Stockbit/Bandarmology_Seller2"), 1, OPTIONAL)): Web element with id: 'Object Repository/Stockbit/Bandarmology_Seller2' located by 'By.xpath: //*[contains(@id, 'rc-tabs-')]/div[2]/div/div/div/div/div/div[2]/table/tbody/tr[3]/td[5]/p' is present after '1' second(s) (Root cause: com.kms.katalon.core.exception.StepFailedException: Web element with id: 'Object Repository/Stockbit/Bandarmology_Seller2' located by 'By.xpath: //*[contains(@id, 'rc-tabs-')]/div[2]/div/div/div/div/div/div[2]/table/tbody/tr[3]/td[5]/p' is present after '1' second(s)
	at com.kms.katalon.core.webui.keyword.internal.WebUIKeywordMain.stepFailed(WebUIKeywordMain.groovy:64)
	at com.kms.katalon.core.webui.keyword.internal.WebUIKeywordMain$stepFailed$0.call(Unknown Source)
	at com.kms.katalon.core.webui.keyword.builtin.VerifyElementNotPresentKeyword$_verifyElementNotPresent_closure1.doCall(VerifyElementNotPresentKeyword.groovy:106)
	at com.kms.katalon.core.webui.keyword.builtin.VerifyElementNotPresentKeyword$_verifyElementNotPresent_closure1.doCall(VerifyElementNotPresentKeyword.groovy)
	at com.kms.katalon.core.webui.keyword.internal.WebUIKeywordMain.runKeyword(WebUIKeywordMain.groovy:20)
	at com.kms.katalon.core.webui.keyword.internal.WebUIKeywordMain$runKeyword.call(Unknown Source)
	at com.kms.katalon.core.webui.keyword.builtin.VerifyElementNotPresentKeyword.verifyElementNotPresent(VerifyElementNotPresentKeyword.groovy:117)
	at com.kms.katalon.core.webui.keyword.builtin.VerifyElementNotPresentKeyword.execute(VerifyElementNotPresentKeyword.groovy:68)
	at com.kms.katalon.core.keyword.internal.KeywordExecutor.executeKeywordForPlatform(KeywordExecutor.groovy:74)
	at com.kms.katalon.core.webui.keyword.WebUiBuiltInKeywords.verifyElementNotPresent(WebUiBuiltInKeywords.groovy:1481)
	at com.kms.katalon.core.webui.keyword.WebUiBuiltInKeywords$verifyElementNotPresent$8.call(Unknown Source)
	at GetBrokSumPriceDaily.run(GetBrokSumPriceDaily:309)
	at com.kms.katalon.core.main.ScriptEngine.run(ScriptEngine.java:194)
	at com.kms.katalon.core.main.ScriptEngine.runScriptAsRawText(ScriptEngine.java:119)
	at com.kms.katalon.core.main.TestCaseExecutor.runScript(TestCaseExecutor.java:445)
	at com.kms.katalon.core.main.TestCaseExecutor.doExecute(TestCaseExecutor.java:436)
	at com.kms.katalon.core.main.TestCaseExecutor.processExecutionPhase(TestCaseExecutor.java:415)
	at com.kms.katalon.core.main.TestCaseExecutor.accessMainPhase(TestCaseExecutor.java:407)
	at com.kms.katalon.core.main.TestCaseExecutor.execute(TestCaseExecutor.java:284)
	at com.kms.katalon.core.common.CommonExecutor.accessTestCaseMainPhase(CommonExecutor.java:65)
	at com.kms.katalon.core.main.TestSuiteExecutor.accessTestSuiteMainPhase(TestSuiteExecutor.java:144)
	at com.kms.katalon.core.main.TestSuiteExecutor.execute(TestSuiteExecutor.java:106)
	at com.kms.katalon.core.main.TestCaseMain.startTestSuite(TestCaseMain.java:185)
	at com.kms.katalon.core.main.TestCaseMain$startTestSuite$0.call(Unknown Source)
	at TempTestSuite1705920083951.run(TempTestSuite1705920083951.groovy:36)
)

2024-01-22 18:08:54 - [MESSAGE][WARNING] - Web element with id: 'Object Repository/Stockbit/Bandarmology_Seller2' located by 'By.xpath: //*[contains(@id, 'rc-tabs-')]/div[2]/div/div/div/div/div/div[2]/table/tbody/tr[3]/td[5]/p' is present after '1' second(s) (Root cause: com.kms.katalon.core.exception.StepFailedException: Web element with id: 'Object Repository/Stockbit/Bandarmology_Seller2' located by 'By.xpath: //*[contains(@id, 'rc-tabs-')]/div[2]/div/div/div/div/div/div[2]/table/tbody/tr[3]/td[5]/p' is present after '1' second(s)
	at com.kms.katalon.core.webui.keyword.internal.WebUIKeywordMain.stepFailed(WebUIKeywordMain.groovy:64)
	at com.kms.katalon.core.webui.keyword.internal.WebUIKeywordMain$stepFailed$0.call(Unknown Source)
	at com.kms.katalon.core.webui.keyword.builtin.VerifyElementNotPresentKeyword$_verifyElementNotPresent_closure1.doCall(VerifyElementNotPresentKeyword.groovy:106)
	at com.kms.katalon.core.webui.keyword.builtin.VerifyElementNotPresentKeyword$_verifyElementNotPresent_closure1.doCall(VerifyElementNotPresentKeyword.groovy)
	at com.kms.katalon.core.webui.keyword.internal.WebUIKeywordMain.runKeyword(WebUIKeywordMain.groovy:20)
	at com.kms.katalon.core.webui.keyword.internal.WebUIKeywordMain$runKeyword.call(Unknown Source)
	at com.kms.katalon.core.webui.keyword.builtin.VerifyElementNotPresentKeyword.verifyElementNotPresent(VerifyElementNotPresentKeyword.groovy:117)
	at com.kms.katalon.core.webui.keyword.builtin.VerifyElementNotPresentKeyword.execute(VerifyElementNotPresentKeyword.groovy:68)
	at com.kms.katalon.core.keyword.internal.KeywordExecutor.executeKeywordForPlatform(KeywordExecutor.groovy:74)
	at com.kms.katalon.core.webui.keyword.WebUiBuiltInKeywords.verifyElementNotPresent(WebUiBuiltInKeywords.groovy:1481)
	at com.kms.katalon.core.webui.keyword.WebUiBuiltInKeywords$verifyElementNotPresent$8.call(Unknown Source)
	at GetBrokSumPriceDaily.run(GetBrokSumPriceDaily:309)
	at com.kms.katalon.core.main.ScriptEngine.run(ScriptEngine.java:194)
	at com.kms.katalon.core.main.ScriptEngine.runScriptAsRawText(ScriptEngine.java:119)
	at com.kms.katalon.core.main.TestCaseExecutor.runScript(TestCaseExecutor.java:445)
	at com.kms.katalon.core.main.TestCaseExecutor.doExecute(TestCaseExecutor.java:436)
	at com.kms.katalon.core.main.TestCaseExecutor.processExecutionPhase(TestCaseExecutor.java:415)
	at com.kms.katalon.core.main.TestCaseExecutor.accessMainPhase(TestCaseExecutor.java:407)
	at com.kms.katalon.core.main.TestCaseExecutor.execute(TestCaseExecutor.java:284)
	at com.kms.katalon.core.common.CommonExecutor.accessTestCaseMainPhase(CommonExecutor.java:65)
	at com.kms.katalon.core.main.TestSuiteExecutor.accessTestSuiteMainPhase(TestSuiteExecutor.java:144)
	at com.kms.katalon.core.main.TestSuiteExecutor.execute(TestSuiteExecutor.java:106)
	at com.kms.katalon.core.main.TestCaseMain.startTestSuite(TestCaseMain.java:185)
	at com.kms.katalon.core.main.TestCaseMain$startTestSuite$0.call(Unknown Source)
	at TempTestSuite1705920083951.run(TempTestSuite1705920083951.groovy:36)
)
[[ATTACHMENT|C:\\Users\\Fadli\\git\\KatalonDailyGetData2\\Reports\\20240122_174123\\TS1\\20240122_174123\\1705921734387.png]]

2024-01-22 18:08:54 - [TEST_STEP][PASSED] - else: null

2024-01-22 18:08:54 - [TEST_STEP][PASSED] - strSeller2 = getText(findTestObject("Stockbit/Bandarmology_Seller2")): Text of object 'Object Repository/Stockbit/Bandarmology_Seller2' is: 'YP'

2024-01-22 18:08:54 - [MESSAGE][PASSED] - Text of object 'Object Repository/Stockbit/Bandarmology_Seller2' is: 'YP'

2024-01-22 18:08:54 - [TEST_STEP][PASSED] - strSellerVol2 = getText(findTestObject("Stockbit/Bandarmology_SellerVol2")): Text of object 'Object Repository/Stockbit/Bandarmology_SellerVol2' is: '8.3 K'

2024-01-22 18:08:54 - [MESSAGE][PASSED] - Text of object 'Object Repository/Stockbit/Bandarmology_SellerVol2' is: '8.3 K'

2024-01-22 18:08:54 - [TEST_STEP][PASSED] - strSellerAvg2 = getText(findTestObject("Stockbit/Bandarmology_SellerAvg2")): Text of object 'Object Repository/Stockbit/Bandarmology_SellerAvg2' is: '424'

2024-01-22 18:08:55 - [MESSAGE][PASSED] - Text of object 'Object Repository/Stockbit/Bandarmology_SellerAvg2' is: '424'

2024-01-22 18:08:55 - [TEST_STEP][PASSED] - if (strSeller2 != ""): null

2024-01-22 18:08:55 - [TEST_STEP][PASSED] - if (strSellerAvg2.contains(",")): null

2024-01-22 18:08:55 - [TEST_STEP][PASSED] - if (strSellerVol2.contains(" B")): null

2024-01-22 18:08:55 - [TEST_STEP][PASSED] - else if (strSellerVol2.contains(" M")): null

2024-01-22 18:08:55 - [TEST_STEP][PASSED] - else if (strSellerVol2.contains(" K")): null

2024-01-22 18:08:55 - [TEST_STEP][PASSED] - strSellerVol2 = strSellerVol2.replace(" K", ""): null

2024-01-22 18:08:55 - [TEST_STEP][PASSED] - strSellerVol2 = strSellerVol2.toDouble() * 1000: null

2024-01-22 18:08:55 - [TEST_STEP][PASSED] - if (verifyElementNotPresent(findTestObject("Stockbit/Bandarmology_Buyer3"), 1, OPTIONAL)): Web element with id: 'Object Repository/Stockbit/Bandarmology_Buyer3' located by 'By.xpath: //*[contains(@id, 'rc-tabs-')]/div[2]/div/div/div/div/div/div[2]/table/tbody/tr[4]/td[1]/p' is present after '1' second(s) (Root cause: com.kms.katalon.core.exception.StepFailedException: Web element with id: 'Object Repository/Stockbit/Bandarmology_Buyer3' located by 'By.xpath: //*[contains(@id, 'rc-tabs-')]/div[2]/div/div/div/div/div/div[2]/table/tbody/tr[4]/td[1]/p' is present after '1' second(s)
	at com.kms.katalon.core.webui.keyword.internal.WebUIKeywordMain.stepFailed(WebUIKeywordMain.groovy:64)
	at com.kms.katalon.core.webui.keyword.internal.WebUIKeywordMain$stepFailed$0.call(Unknown Source)
	at com.kms.katalon.core.webui.keyword.builtin.VerifyElementNotPresentKeyword$_verifyElementNotPresent_closure1.doCall(VerifyElementNotPresentKeyword.groovy:106)
	at com.kms.katalon.core.webui.keyword.builtin.VerifyElementNotPresentKeyword$_verifyElementNotPresent_closure1.doCall(VerifyElementNotPresentKeyword.groovy)
	at com.kms.katalon.core.webui.keyword.internal.WebUIKeywordMain.runKeyword(WebUIKeywordMain.groovy:20)
	at com.kms.katalon.core.webui.keyword.internal.WebUIKeywordMain$runKeyword.call(Unknown Source)
	at com.kms.katalon.core.webui.keyword.builtin.VerifyElementNotPresentKeyword.verifyElementNotPresent(VerifyElementNotPresentKeyword.groovy:117)
	at com.kms.katalon.core.webui.keyword.builtin.VerifyElementNotPresentKeyword.execute(VerifyElementNotPresentKeyword.groovy:68)
	at com.kms.katalon.core.keyword.internal.KeywordExecutor.executeKeywordForPlatform(KeywordExecutor.groovy:74)
	at com.kms.katalon.core.webui.keyword.WebUiBuiltInKeywords.verifyElementNotPresent(WebUiBuiltInKeywords.groovy:1481)
	at com.kms.katalon.core.webui.keyword.WebUiBuiltInKeywords$verifyElementNotPresent$8.call(Unknown Source)
	at GetBrokSumPriceDaily.run(GetBrokSumPriceDaily:361)
	at com.kms.katalon.core.main.ScriptEngine.run(ScriptEngine.java:194)
	at com.kms.katalon.core.main.ScriptEngine.runScriptAsRawText(ScriptEngine.java:119)
	at com.kms.katalon.core.main.TestCaseExecutor.runScript(TestCaseExecutor.java:445)
	at com.kms.katalon.core.main.TestCaseExecutor.doExecute(TestCaseExecutor.java:436)
	at com.kms.katalon.core.main.TestCaseExecutor.processExecutionPhase(TestCaseExecutor.java:415)
	at com.kms.katalon.core.main.TestCaseExecutor.accessMainPhase(TestCaseExecutor.java:407)
	at com.kms.katalon.core.main.TestCaseExecutor.execute(TestCaseExecutor.java:284)
	at com.kms.katalon.core.common.CommonExecutor.accessTestCaseMainPhase(CommonExecutor.java:65)
	at com.kms.katalon.core.main.TestSuiteExecutor.accessTestSuiteMainPhase(TestSuiteExecutor.java:144)
	at com.kms.katalon.core.main.TestSuiteExecutor.execute(TestSuiteExecutor.java:106)
	at com.kms.katalon.core.main.TestCaseMain.startTestSuite(TestCaseMain.java:185)
	at com.kms.katalon.core.main.TestCaseMain$startTestSuite$0.call(Unknown Source)
	at TempTestSuite1705920083951.run(TempTestSuite1705920083951.groovy:36)
)

2024-01-22 18:08:56 - [MESSAGE][WARNING] - Web element with id: 'Object Repository/Stockbit/Bandarmology_Buyer3' located by 'By.xpath: //*[contains(@id, 'rc-tabs-')]/div[2]/div/div/div/div/div/div[2]/table/tbody/tr[4]/td[1]/p' is present after '1' second(s) (Root cause: com.kms.katalon.core.exception.StepFailedException: Web element with id: 'Object Repository/Stockbit/Bandarmology_Buyer3' located by 'By.xpath: //*[contains(@id, 'rc-tabs-')]/div[2]/div/div/div/div/div/div[2]/table/tbody/tr[4]/td[1]/p' is present after '1' second(s)
	at com.kms.katalon.core.webui.keyword.internal.WebUIKeywordMain.stepFailed(WebUIKeywordMain.groovy:64)
	at com.kms.katalon.core.webui.keyword.internal.WebUIKeywordMain$stepFailed$0.call(Unknown Source)
	at com.kms.katalon.core.webui.keyword.builtin.VerifyElementNotPresentKeyword$_verifyElementNotPresent_closure1.doCall(VerifyElementNotPresentKeyword.groovy:106)
	at com.kms.katalon.core.webui.keyword.builtin.VerifyElementNotPresentKeyword$_verifyElementNotPresent_closure1.doCall(VerifyElementNotPresentKeyword.groovy)
	at com.kms.katalon.core.webui.keyword.internal.WebUIKeywordMain.runKeyword(WebUIKeywordMain.groovy:20)
	at com.kms.katalon.core.webui.keyword.internal.WebUIKeywordMain$runKeyword.call(Unknown Source)
	at com.kms.katalon.core.webui.keyword.builtin.VerifyElementNotPresentKeyword.verifyElementNotPresent(VerifyElementNotPresentKeyword.groovy:117)
	at com.kms.katalon.core.webui.keyword.builtin.VerifyElementNotPresentKeyword.execute(VerifyElementNotPresentKeyword.groovy:68)
	at com.kms.katalon.core.keyword.internal.KeywordExecutor.executeKeywordForPlatform(KeywordExecutor.groovy:74)
	at com.kms.katalon.core.webui.keyword.WebUiBuiltInKeywords.verifyElementNotPresent(WebUiBuiltInKeywords.groovy:1481)
	at com.kms.katalon.core.webui.keyword.WebUiBuiltInKeywords$verifyElementNotPresent$8.call(Unknown Source)
	at GetBrokSumPriceDaily.run(GetBrokSumPriceDaily:361)
	at com.kms.katalon.core.main.ScriptEngine.run(ScriptEngine.java:194)
	at com.kms.katalon.core.main.ScriptEngine.runScriptAsRawText(ScriptEngine.java:119)
	at com.kms.katalon.core.main.TestCaseExecutor.runScript(TestCaseExecutor.java:445)
	at com.kms.katalon.core.main.TestCaseExecutor.doExecute(TestCaseExecutor.java:436)
	at com.kms.katalon.core.main.TestCaseExecutor.processExecutionPhase(TestCaseExecutor.java:415)
	at com.kms.katalon.core.main.TestCaseExecutor.accessMainPhase(TestCaseExecutor.java:407)
	at com.kms.katalon.core.main.TestCaseExecutor.execute(TestCaseExecutor.java:284)
	at com.kms.katalon.core.common.CommonExecutor.accessTestCaseMainPhase(CommonExecutor.java:65)
	at com.kms.katalon.core.main.TestSuiteExecutor.accessTestSuiteMainPhase(TestSuiteExecutor.java:144)
	at com.kms.katalon.core.main.TestSuiteExecutor.execute(TestSuiteExecutor.java:106)
	at com.kms.katalon.core.main.TestCaseMain.startTestSuite(TestCaseMain.java:185)
	at com.kms.katalon.core.main.TestCaseMain$startTestSuite$0.call(Unknown Source)
	at TempTestSuite1705920083951.run(TempTestSuite1705920083951.groovy:36)
)
[[ATTACHMENT|C:\\Users\\Fadli\\git\\KatalonDailyGetData2\\Reports\\20240122_174123\\TS1\\20240122_174123\\1705921736345.png]]

2024-01-22 18:08:56 - [TEST_STEP][PASSED] - else: null

2024-01-22 18:08:56 - [TEST_STEP][PASSED] - strBuyer3 = getText(findTestObject("Stockbit/Bandarmology_Buyer3")): Text of object 'Object Repository/Stockbit/Bandarmology_Buyer3' is: 'LS'

2024-01-22 18:08:56 - [MESSAGE][PASSED] - Text of object 'Object Repository/Stockbit/Bandarmology_Buyer3' is: 'LS'

2024-01-22 18:08:56 - [TEST_STEP][PASSED] - strBuyerVol3 = getText(findTestObject("Stockbit/Bandarmology_BuyerVol3")): Text of object 'Object Repository/Stockbit/Bandarmology_BuyerVol3' is: '10.1 K'

2024-01-22 18:08:56 - [MESSAGE][PASSED] - Text of object 'Object Repository/Stockbit/Bandarmology_BuyerVol3' is: '10.1 K'

2024-01-22 18:08:56 - [TEST_STEP][PASSED] - strBuyerAvg3 = getText(findTestObject("Stockbit/Bandarmology_BuyerAvg3")): Text of object 'Object Repository/Stockbit/Bandarmology_BuyerAvg3' is: '426'

2024-01-22 18:08:57 - [MESSAGE][PASSED] - Text of object 'Object Repository/Stockbit/Bandarmology_BuyerAvg3' is: '426'

2024-01-22 18:08:57 - [TEST_STEP][PASSED] - if (strBuyer3 != ""): null

2024-01-22 18:08:57 - [TEST_STEP][PASSED] - if (strBuyerAvg3.contains(",")): null

2024-01-22 18:08:57 - [TEST_STEP][PASSED] - if (strBuyerVol3.contains(" B")): null

2024-01-22 18:08:57 - [TEST_STEP][PASSED] - else if (strBuyerVol3.contains(" M")): null

2024-01-22 18:08:57 - [TEST_STEP][PASSED] - else if (strBuyerVol3.contains(" K")): null

2024-01-22 18:08:57 - [TEST_STEP][PASSED] - strBuyerVol3 = strBuyerVol3.replace(" K", ""): null

2024-01-22 18:08:57 - [TEST_STEP][PASSED] - strBuyerVol3 = strBuyerVol3.toDouble() * 1000: null

2024-01-22 18:08:57 - [TEST_STEP][PASSED] - if (verifyElementNotPresent(findTestObject("Stockbit/Bandarmology_Seller3"), 1, OPTIONAL)): Web element with id: 'Object Repository/Stockbit/Bandarmology_Seller3' located by 'By.xpath: //*[contains(@id, 'rc-tabs-')]/div[2]/div/div/div/div/div/div[2]/table/tbody/tr[4]/td[5]/p' is present after '1' second(s) (Root cause: com.kms.katalon.core.exception.StepFailedException: Web element with id: 'Object Repository/Stockbit/Bandarmology_Seller3' located by 'By.xpath: //*[contains(@id, 'rc-tabs-')]/div[2]/div/div/div/div/div/div[2]/table/tbody/tr[4]/td[5]/p' is present after '1' second(s)
	at com.kms.katalon.core.webui.keyword.internal.WebUIKeywordMain.stepFailed(WebUIKeywordMain.groovy:64)
	at com.kms.katalon.core.webui.keyword.internal.WebUIKeywordMain$stepFailed$0.call(Unknown Source)
	at com.kms.katalon.core.webui.keyword.builtin.VerifyElementNotPresentKeyword$_verifyElementNotPresent_closure1.doCall(VerifyElementNotPresentKeyword.groovy:106)
	at com.kms.katalon.core.webui.keyword.builtin.VerifyElementNotPresentKeyword$_verifyElementNotPresent_closure1.doCall(VerifyElementNotPresentKeyword.groovy)
	at com.kms.katalon.core.webui.keyword.internal.WebUIKeywordMain.runKeyword(WebUIKeywordMain.groovy:20)
	at com.kms.katalon.core.webui.keyword.internal.WebUIKeywordMain$runKeyword.call(Unknown Source)
	at com.kms.katalon.core.webui.keyword.builtin.VerifyElementNotPresentKeyword.verifyElementNotPresent(VerifyElementNotPresentKeyword.groovy:117)
	at com.kms.katalon.core.webui.keyword.builtin.VerifyElementNotPresentKeyword.execute(VerifyElementNotPresentKeyword.groovy:68)
	at com.kms.katalon.core.keyword.internal.KeywordExecutor.executeKeywordForPlatform(KeywordExecutor.groovy:74)
	at com.kms.katalon.core.webui.keyword.WebUiBuiltInKeywords.verifyElementNotPresent(WebUiBuiltInKeywords.groovy:1481)
	at com.kms.katalon.core.webui.keyword.WebUiBuiltInKeywords$verifyElementNotPresent$8.call(Unknown Source)
	at GetBrokSumPriceDaily.run(GetBrokSumPriceDaily:414)
	at com.kms.katalon.core.main.ScriptEngine.run(ScriptEngine.java:194)
	at com.kms.katalon.core.main.ScriptEngine.runScriptAsRawText(ScriptEngine.java:119)
	at com.kms.katalon.core.main.TestCaseExecutor.runScript(TestCaseExecutor.java:445)
	at com.kms.katalon.core.main.TestCaseExecutor.doExecute(TestCaseExecutor.java:436)
	at com.kms.katalon.core.main.TestCaseExecutor.processExecutionPhase(TestCaseExecutor.java:415)
	at com.kms.katalon.core.main.TestCaseExecutor.accessMainPhase(TestCaseExecutor.java:407)
	at com.kms.katalon.core.main.TestCaseExecutor.execute(TestCaseExecutor.java:284)
	at com.kms.katalon.core.common.CommonExecutor.accessTestCaseMainPhase(CommonExecutor.java:65)
	at com.kms.katalon.core.main.TestSuiteExecutor.accessTestSuiteMainPhase(TestSuiteExecutor.java:144)
	at com.kms.katalon.core.main.TestSuiteExecutor.execute(TestSuiteExecutor.java:106)
	at com.kms.katalon.core.main.TestCaseMain.startTestSuite(TestCaseMain.java:185)
	at com.kms.katalon.core.main.TestCaseMain$startTestSuite$0.call(Unknown Source)
	at TempTestSuite1705920083951.run(TempTestSuite1705920083951.groovy:36)
)

2024-01-22 18:08:58 - [MESSAGE][WARNING] - Web element with id: 'Object Repository/Stockbit/Bandarmology_Seller3' located by 'By.xpath: //*[contains(@id, 'rc-tabs-')]/div[2]/div/div/div/div/div/div[2]/table/tbody/tr[4]/td[5]/p' is present after '1' second(s) (Root cause: com.kms.katalon.core.exception.StepFailedException: Web element with id: 'Object Repository/Stockbit/Bandarmology_Seller3' located by 'By.xpath: //*[contains(@id, 'rc-tabs-')]/div[2]/div/div/div/div/div/div[2]/table/tbody/tr[4]/td[5]/p' is present after '1' second(s)
	at com.kms.katalon.core.webui.keyword.internal.WebUIKeywordMain.stepFailed(WebUIKeywordMain.groovy:64)
	at com.kms.katalon.core.webui.keyword.internal.WebUIKeywordMain$stepFailed$0.call(Unknown Source)
	at com.kms.katalon.core.webui.keyword.builtin.VerifyElementNotPresentKeyword$_verifyElementNotPresent_closure1.doCall(VerifyElementNotPresentKeyword.groovy:106)
	at com.kms.katalon.core.webui.keyword.builtin.VerifyElementNotPresentKeyword$_verifyElementNotPresent_closure1.doCall(VerifyElementNotPresentKeyword.groovy)
	at com.kms.katalon.core.webui.keyword.internal.WebUIKeywordMain.runKeyword(WebUIKeywordMain.groovy:20)
	at com.kms.katalon.core.webui.keyword.internal.WebUIKeywordMain$runKeyword.call(Unknown Source)
	at com.kms.katalon.core.webui.keyword.builtin.VerifyElementNotPresentKeyword.verifyElementNotPresent(VerifyElementNotPresentKeyword.groovy:117)
	at com.kms.katalon.core.webui.keyword.builtin.VerifyElementNotPresentKeyword.execute(VerifyElementNotPresentKeyword.groovy:68)
	at com.kms.katalon.core.keyword.internal.KeywordExecutor.executeKeywordForPlatform(KeywordExecutor.groovy:74)
	at com.kms.katalon.core.webui.keyword.WebUiBuiltInKeywords.verifyElementNotPresent(WebUiBuiltInKeywords.groovy:1481)
	at com.kms.katalon.core.webui.keyword.WebUiBuiltInKeywords$verifyElementNotPresent$8.call(Unknown Source)
	at GetBrokSumPriceDaily.run(GetBrokSumPriceDaily:414)
	at com.kms.katalon.core.main.ScriptEngine.run(ScriptEngine.java:194)
	at com.kms.katalon.core.main.ScriptEngine.runScriptAsRawText(ScriptEngine.java:119)
	at com.kms.katalon.core.main.TestCaseExecutor.runScript(TestCaseExecutor.java:445)
	at com.kms.katalon.core.main.TestCaseExecutor.doExecute(TestCaseExecutor.java:436)
	at com.kms.katalon.core.main.TestCaseExecutor.processExecutionPhase(TestCaseExecutor.java:415)
	at com.kms.katalon.core.main.TestCaseExecutor.accessMainPhase(TestCaseExecutor.java:407)
	at com.kms.katalon.core.main.TestCaseExecutor.execute(TestCaseExecutor.java:284)
	at com.kms.katalon.core.common.CommonExecutor.accessTestCaseMainPhase(CommonExecutor.java:65)
	at com.kms.katalon.core.main.TestSuiteExecutor.accessTestSuiteMainPhase(TestSuiteExecutor.java:144)
	at com.kms.katalon.core.main.TestSuiteExecutor.execute(TestSuiteExecutor.java:106)
	at com.kms.katalon.core.main.TestCaseMain.startTestSuite(TestCaseMain.java:185)
	at com.kms.katalon.core.main.TestCaseMain$startTestSuite$0.call(Unknown Source)
	at TempTestSuite1705920083951.run(TempTestSuite1705920083951.groovy:36)
)
[[ATTACHMENT|C:\\Users\\Fadli\\git\\KatalonDailyGetData2\\Reports\\20240122_174123\\TS1\\20240122_174123\\1705921738281.png]]

2024-01-22 18:08:58 - [TEST_STEP][PASSED] - else: null

2024-01-22 18:08:58 - [TEST_STEP][PASSED] - strSeller3 = getText(findTestObject("Stockbit/Bandarmology_Seller3")): Text of object 'Object Repository/Stockbit/Bandarmology_Seller3' is: 'LG'

2024-01-22 18:08:58 - [MESSAGE][PASSED] - Text of object 'Object Repository/Stockbit/Bandarmology_Seller3' is: 'LG'

2024-01-22 18:08:58 - [TEST_STEP][PASSED] - strSellerVol3 = getText(findTestObject("Stockbit/Bandarmology_SellerVol3")): Text of object 'Object Repository/Stockbit/Bandarmology_SellerVol3' is: '8.3 K'

2024-01-22 18:08:58 - [MESSAGE][PASSED] - Text of object 'Object Repository/Stockbit/Bandarmology_SellerVol3' is: '8.3 K'

2024-01-22 18:08:58 - [TEST_STEP][PASSED] - strSellerAvg3 = getText(findTestObject("Stockbit/Bandarmology_SellerAvg3")): Text of object 'Object Repository/Stockbit/Bandarmology_SellerAvg3' is: '420'

2024-01-22 18:08:59 - [MESSAGE][PASSED] - Text of object 'Object Repository/Stockbit/Bandarmology_SellerAvg3' is: '420'

2024-01-22 18:08:59 - [TEST_STEP][PASSED] - if (strSeller3 != ""): null

2024-01-22 18:08:59 - [TEST_STEP][PASSED] - if (strSellerAvg3.contains(",")): null

2024-01-22 18:08:59 - [TEST_STEP][PASSED] - if (strSellerVol3.contains(" B")): null

2024-01-22 18:08:59 - [TEST_STEP][PASSED] - else if (strSellerVol3.contains(" M")): null

2024-01-22 18:08:59 - [TEST_STEP][PASSED] - else if (strSellerVol3.contains(" K")): null

2024-01-22 18:08:59 - [TEST_STEP][PASSED] - strSellerVol3 = strSellerVol3.replace(" K", ""): null

2024-01-22 18:08:59 - [TEST_STEP][PASSED] - strSellerVol3 = strSellerVol3.toDouble() * 1000: null

2024-01-22 18:08:59 - [TEST_STEP][PASSED] - strAccDist = getText(findTestObject("Stockbit/Bandarmology_AccDist")): Text of object 'Object Repository/Stockbit/Bandarmology_AccDist' is: 'Acc'

2024-01-22 18:08:59 - [MESSAGE][PASSED] - Text of object 'Object Repository/Stockbit/Bandarmology_AccDist' is: 'Acc'

2024-01-22 18:08:59 - [TEST_STEP][PASSED] - strNetVol = getText(findTestObject("Stockbit/Bandarmology_NetVol")): Text of object 'Object Repository/Stockbit/Bandarmology_NetVol' is: '89,420'

2024-01-22 18:08:59 - [MESSAGE][PASSED] - Text of object 'Object Repository/Stockbit/Bandarmology_NetVol' is: '89,420'

2024-01-22 18:08:59 - [TEST_STEP][PASSED] - strNetVol = strNetVol.replace(",", ""): null

2024-01-22 18:08:59 - [TEST_STEP][PASSED] - strNetVal = getText(findTestObject("Stockbit/Bandarmology_NetVal")): Text of object 'Object Repository/Stockbit/Bandarmology_NetVal' is: '3.8 B'

2024-01-22 18:08:59 - [MESSAGE][PASSED] - Text of object 'Object Repository/Stockbit/Bandarmology_NetVal' is: '3.8 B'

2024-01-22 18:08:59 - [TEST_STEP][PASSED] - delay(3): Delayed 3 second(s)

2024-01-22 18:09:02 - [MESSAGE][PASSED] - Delayed 3 second(s)

2024-01-22 18:09:02 - [TEST_STEP][PASSED] - strOpenPrice = getText(findTestObject("Stockbit/Home_OpenPrice")): Text of object 'Object Repository/Stockbit/Home_OpenPrice' is: '422'

2024-01-22 18:09:02 - [MESSAGE][PASSED] - Text of object 'Object Repository/Stockbit/Home_OpenPrice' is: '422'

2024-01-22 18:09:02 - [TEST_STEP][PASSED] - strOpenPrice = strOpenPrice.replace(",", ""): null

2024-01-22 18:09:02 - [TEST_STEP][PASSED] - strLowPrice = getText(findTestObject("Stockbit/Home_LowPrice")): Text of object 'Object Repository/Stockbit/Home_LowPrice' is: '416'

2024-01-22 18:09:02 - [MESSAGE][PASSED] - Text of object 'Object Repository/Stockbit/Home_LowPrice' is: '416'

2024-01-22 18:09:02 - [TEST_STEP][PASSED] - strLowPrice = strLowPrice.replace(",", ""): null

2024-01-22 18:09:02 - [TEST_STEP][PASSED] - strHighPrice = getText(findTestObject("Stockbit/Home_HighPrice")): Text of object 'Object Repository/Stockbit/Home_HighPrice' is: '428'

2024-01-22 18:09:03 - [MESSAGE][PASSED] - Text of object 'Object Repository/Stockbit/Home_HighPrice' is: '428'

2024-01-22 18:09:03 - [TEST_STEP][PASSED] - strHighPrice = strHighPrice.replace(",", ""): null

2024-01-22 18:09:03 - [TEST_STEP][PASSED] - strClosePrice = getText(findTestObject("Stockbit/Home_ClosePrice")): Text of object 'Object Repository/Stockbit/Home_ClosePrice' is: '426'

2024-01-22 18:09:03 - [MESSAGE][PASSED] - Text of object 'Object Repository/Stockbit/Home_ClosePrice' is: '426'

2024-01-22 18:09:03 - [TEST_STEP][PASSED] - strClosePrice = strClosePrice.replace(",", ""): null

2024-01-22 18:09:03 - [TEST_STEP][PASSED] - strVol = getText(findTestObject("Stockbit/Home_Volume")): Text of object 'Object Repository/Stockbit/Home_Volume' is: '159 K'

2024-01-22 18:09:03 - [MESSAGE][PASSED] - Text of object 'Object Repository/Stockbit/Home_Volume' is: '159 K'

2024-01-22 18:09:03 - [TEST_STEP][PASSED] - if (strVol.contains(" K")): null

2024-01-22 18:09:03 - [TEST_STEP][PASSED] - strVol = strVol.replace(" K", "000"): null

2024-01-22 18:09:03 - [TEST_STEP][PASSED] - if (strVol.contains(",")): null

2024-01-22 18:09:03 - [TEST_STEP][PASSED] - strChange = getText(findTestObject("Stockbit/Home_Change")): Text of object 'Object Repository/Stockbit/Home_Change' is: '0.95%'

2024-01-22 18:09:03 - [MESSAGE][PASSED] - Text of object 'Object Repository/Stockbit/Home_Change' is: '0.95%'

2024-01-22 18:09:03 - [TEST_STEP][PASSED] - strChange = strChange.replace("%", ""): null

2024-01-22 18:09:03 - [TEST_STEP][PASSED] - strFreq = getText(findTestObject("Stockbit/Home_Freq")): Text of object 'Object Repository/Stockbit/Home_Freq' is: '1,416'

2024-01-22 18:09:03 - [MESSAGE][PASSED] - Text of object 'Object Repository/Stockbit/Home_Freq' is: '1,416'

2024-01-22 18:09:03 - [TEST_STEP][PASSED] - if (strFreq.contains(",")): null

2024-01-22 18:09:03 - [TEST_STEP][PASSED] - strFreq = strFreq.replace(",", ""): null

2024-01-22 18:09:03 - [TEST_STEP][PASSED] - if (strFreq == "NA" || strFreq == ""): null

2024-01-22 18:09:03 - [TEST_STEP][PASSED] - else: null

2024-01-22 18:09:03 - [TEST_STEP][PASSED] - dblFreqAnal = strVol.toDouble() / strFreq.toDouble() * strFreq.toDouble() * strFreq.toDouble() * 100000000: null

2024-01-22 18:09:03 - [TEST_STEP][PASSED] - strFreqAnal = String.format("%.4f", dblFreqAnal): null

2024-01-22 18:09:03 - [TEST_STEP][PASSED] - out.println("Double strFreqAnal: " + strFreqAnal): null

2024-01-22 18:09:03 - [TEST_STEP][PASSED] - strTanggal = d.format(DateTimeFormatter.ofPattern("yyyy-MM-dd")): null

2024-01-22 18:09:03 - [TEST_STEP][PASSED] - strTanggal = "#" + strTanggal + "#": null

2024-01-22 18:09:03 - [TEST_STEP][PASSED] - strSQL = "select count(*) as JumBaris from TblBrokSum where Nama = '" + strNama + "' and Tanggal = " + strTanggal + "": null

2024-01-22 18:09:03 - [TEST_STEP][PASSED] - resultSet = statement.executeQuery(strSQL): null

2024-01-22 18:09:03 - [TEST_STEP][PASSED] - resultSet.next(): null

2024-01-22 18:09:03 - [TEST_STEP][PASSED] - intJumBaris = resultSet.getInt("JumBaris"): null

2024-01-22 18:09:03 - [TEST_STEP][PASSED] - if (intJumBaris > 0): null

2024-01-22 18:09:03 - [TEST_STEP][PASSED] - else: null

2024-01-22 18:09:03 - [TEST_STEP][PASSED] - try: null

2024-01-22 18:09:03 - [TEST_STEP][PASSED] - out.println("Insert data"): null

2024-01-22 18:09:03 - [TEST_STEP][PASSED] - strSQL = "insert into TblBrokSum (nama, tanggal, top1, top2, top3, AllBrokAvg, AccDist, AvgRP, " + "Buyer1, BuyerVal1, BuyerAvg1, Seller1, SellerVal1, SellerAvg1, Buyer2, BuyerVal2, BuyerAvg2, " + "Seller2, SellerVal2, SellerAvg2, Buyer3, BuyerVal3, BuyerAvg3, Seller3, SellerVal3, SellerAvg3, NetVol, NetVal, " + "OpenPrice, LowPrice, HighPrice, ClosePrice, Volume, Change, Frekuensi, FrekAnal) " + "values ('" + strNama + "', " + strTanggal + ", '" + strTop1 + "', '" + strTop3 + "', '" + strTop5 + "', " + "'" + strAllBrokAvg + "', '" + strAccDist + "', " + intAvgRP + ", '" + strBuyer1 + "', '" + strBuyerVol1 + "', " + strBuyerAvg1 + ", " + "'" + strSeller1 + "', '" + strSellerVol1 + "', " + strSellerAvg1 + ", '" + strBuyer2 + "', '" + strBuyerVol2 + "', " + strBuyerAvg2 + ", " + "'" + strSeller2 + "', '" + strSellerVol2 + "', " + strSellerAvg2 + ", '" + strBuyer3 + "', '" + strBuyerVol3 + "', " + strBuyerAvg3 + ", " + "'" + strSeller3 + "', '" + strSellerVol3 + "', " + strSellerAvg3 + ", " + strNetVol + ", '" + strNetVal + "', " + "" + strOpenPrice + ", " + strLowPrice + ", " + strHighPrice + ", " + strClosePrice + ", '" + strVol + "', " + strChange + ", " + strFreq + ", " + strFreqAnal + ");": null

2024-01-22 18:09:03 - [TEST_STEP][PASSED] - out.println("strSQL = " + strSQL): null

2024-01-22 18:09:03 - [TEST_STEP][PASSED] - statement.executeUpdate(strSQL): null

2024-01-22 18:09:03 - [TEST_STEP][PASSED] - setValueToCellByIndex(sheet01, rowIndex, 4, "DONE"): null

2024-01-22 18:09:03 - [TEST_STEP][PASSED] - saveWorkbook(excelFilePath, workbook01): null

2024-01-22 18:09:03 - [TEST_STEP][PASSED] - waitForElementClickable(findTestObject("Stockbit/menu_Bandarmology"), 10): Object 'Object Repository/Stockbit/menu_Bandarmology' is clickable

2024-01-22 18:09:03 - [MESSAGE][PASSED] - Object 'Object Repository/Stockbit/menu_Bandarmology' is clickable

2024-01-22 18:09:03 - [TEST_STEP][PASSED] - click(findTestObject("Stockbit/menu_Bandarmology")): Object: 'Object Repository/Stockbit/menu_Bandarmology' is clicked on

2024-01-22 18:09:04 - [MESSAGE][PASSED] - Object: 'Object Repository/Stockbit/menu_Bandarmology' is clicked on

2024-01-22 18:09:04 - [TEST_STEP][PASSED] - strTemp = "NA": null

2024-01-22 18:09:04 - [TEST_STEP][PASSED] - if (getCellValueByIndex(sheet01, rowIndex, 4) != "DONE"): Object: 'Object Repository/Stockbit/menu_Bandarmology' is clicked on

2024-01-22 18:09:04 - [TEST_STEP][PASSED] - strNama = getCellValueByIndex(sheet01, rowIndex, 0): null

2024-01-22 18:09:04 - [TEST_STEP][PASSED] - navigateToUrl("https://stockbit.com/#/symbol/" + strNama): Navigate to 'https://stockbit.com/#/symbol/BRMS' successfully

2024-01-22 18:09:08 - [MESSAGE][PASSED] - Navigate to 'https://stockbit.com/#/symbol/BRMS' successfully

2024-01-22 18:09:08 - [TEST_STEP][PASSED] - waitForElementClickable(findTestObject("Stockbit/menu_Bandarmology"), 10): Object 'Object Repository/Stockbit/menu_Bandarmology' is clickable

2024-01-22 18:09:08 - [MESSAGE][PASSED] - Object 'Object Repository/Stockbit/menu_Bandarmology' is clickable

2024-01-22 18:09:08 - [TEST_STEP][PASSED] - click(findTestObject("Stockbit/menu_Bandarmology")): Object: 'Object Repository/Stockbit/menu_Bandarmology' is clicked on

2024-01-22 18:09:09 - [MESSAGE][PASSED] - Object: 'Object Repository/Stockbit/menu_Bandarmology' is clicked on

2024-01-22 18:09:09 - [TEST_STEP][PASSED] - strTanggal = d.format(DateTimeFormatter.ofPattern("MMM dd, yyyy")): null

2024-01-22 18:09:09 - [TEST_STEP][PASSED] - strTanggal = d.format(ISO_DATE): null

2024-01-22 18:09:09 - [TEST_STEP][PASSED] - out.println("strTanggal = " + strTanggal): null

2024-01-22 18:09:09 - [TEST_STEP][PASSED] - out.println("strNama = " + strNama): null

2024-01-22 18:09:09 - [TEST_STEP][PASSED] - out.println("Baris ke = " + rowIndex): null

2024-01-22 18:09:09 - [TEST_STEP][PASSED] - click(findTestObject("Stockbit/input__BandarmologyOpenStartDate")): Object: 'Object Repository/Stockbit/input__BandarmologyOpenStartDate' is clicked on

2024-01-22 18:09:10 - [MESSAGE][PASSED] - Object: 'Object Repository/Stockbit/input__BandarmologyOpenStartDate' is clicked on

2024-01-22 18:09:10 - [TEST_STEP][PASSED] - sendKeys(findTestObject("Stockbit/input__BandarmologyOpenStartDate"), Keys.chord(CONTROL, "a")): Keys 'CONTROL + a' sent to object: 'Object Repository/Stockbit/input__BandarmologyOpenStartDate'

2024-01-22 18:09:11 - [MESSAGE][PASSED] - Keys 'CONTROL + a' sent to object: 'Object Repository/Stockbit/input__BandarmologyOpenStartDate'

2024-01-22 18:09:11 - [TEST_STEP][PASSED] - sendKeys(findTestObject("Stockbit/input__BandarmologyOpenStartDate"), Keys.chord(BACK_SPACE)): Keys 'BACK_SPACE + ' sent to object: 'Object Repository/Stockbit/input__BandarmologyOpenStartDate'

2024-01-22 18:09:11 - [MESSAGE][PASSED] - Keys 'BACK_SPACE + ' sent to object: 'Object Repository/Stockbit/input__BandarmologyOpenStartDate'

2024-01-22 18:09:11 - [TEST_STEP][PASSED] - setText(findTestObject("Stockbit/input__BandarmologyOpenStartDate"), strTanggal): Text '2024-01-22' is set on object 'Object Repository/Stockbit/input__BandarmologyOpenStartDate'

2024-01-22 18:09:12 - [MESSAGE][PASSED] - Text '2024-01-22' is set on object 'Object Repository/Stockbit/input__BandarmologyOpenStartDate'

2024-01-22 18:09:12 - [TEST_STEP][PASSED] - sendKeys(findTestObject("Stockbit/input__BandarmologyOpenStartDate"), Keys.chord(ENTER)): Keys 'ENTER + ' sent to object: 'Object Repository/Stockbit/input__BandarmologyOpenStartDate'

2024-01-22 18:09:13 - [MESSAGE][PASSED] - Keys 'ENTER + ' sent to object: 'Object Repository/Stockbit/input__BandarmologyOpenStartDate'

2024-01-22 18:09:13 - [TEST_STEP][PASSED] - click(findTestObject("Stockbit/input__BandarmologyOpenEndDate")): Object: 'Object Repository/Stockbit/input__BandarmologyOpenEndDate' is clicked on

2024-01-22 18:09:13 - [MESSAGE][PASSED] - Object: 'Object Repository/Stockbit/input__BandarmologyOpenEndDate' is clicked on

2024-01-22 18:09:13 - [TEST_STEP][PASSED] - sendKeys(findTestObject("Stockbit/input__BandarmologyOpenEndDate"), Keys.chord(CONTROL, "a")): Keys 'CONTROL + a' sent to object: 'Object Repository/Stockbit/input__BandarmologyOpenEndDate'

2024-01-22 18:09:14 - [MESSAGE][PASSED] - Keys 'CONTROL + a' sent to object: 'Object Repository/Stockbit/input__BandarmologyOpenEndDate'

2024-01-22 18:09:14 - [TEST_STEP][PASSED] - sendKeys(findTestObject("Stockbit/input__BandarmologyOpenEndDate"), Keys.chord(BACK_SPACE)): Keys 'BACK_SPACE + ' sent to object: 'Object Repository/Stockbit/input__BandarmologyOpenEndDate'

2024-01-22 18:09:14 - [MESSAGE][PASSED] - Keys 'BACK_SPACE + ' sent to object: 'Object Repository/Stockbit/input__BandarmologyOpenEndDate'

2024-01-22 18:09:14 - [TEST_STEP][PASSED] - setText(findTestObject("Stockbit/input__BandarmologyOpenEndDate"), strTanggal): Text '2024-01-22' is set on object 'Object Repository/Stockbit/input__BandarmologyOpenEndDate'

2024-01-22 18:09:15 - [MESSAGE][PASSED] - Text '2024-01-22' is set on object 'Object Repository/Stockbit/input__BandarmologyOpenEndDate'

2024-01-22 18:09:15 - [TEST_STEP][PASSED] - sendKeys(findTestObject("Stockbit/input__BandarmologyOpenEndDate"), Keys.chord(ENTER)): Keys 'ENTER + ' sent to object: 'Object Repository/Stockbit/input__BandarmologyOpenEndDate'

2024-01-22 18:09:16 - [MESSAGE][PASSED] - Keys 'ENTER + ' sent to object: 'Object Repository/Stockbit/input__BandarmologyOpenEndDate'

2024-01-22 18:09:16 - [TEST_STEP][PASSED] - delay(2): Delayed 2 second(s)

2024-01-22 18:09:18 - [MESSAGE][PASSED] - Delayed 2 second(s)

2024-01-22 18:09:18 - [TEST_STEP][PASSED] - strTemp = getText(findTestObject("Stockbit/Bandarmology_AvgRP")): Text of object 'Object Repository/Stockbit/Bandarmology_AvgRP' is: '165'

2024-01-22 18:09:18 - [MESSAGE][PASSED] - Text of object 'Object Repository/Stockbit/Bandarmology_AvgRP' is: '165'

2024-01-22 18:09:18 - [TEST_STEP][PASSED] - out.println("Bandarmology_AvgRP = " + strTemp): null

2024-01-22 18:09:18 - [TEST_STEP][PASSED] - if (strTemp != "0"): null

2024-01-22 18:09:18 - [TEST_STEP][PASSED] - strTop1 = getText(findTestObject("Stockbit/Bandarmology_Top1")): Text of object 'Object Repository/Stockbit/Bandarmology_Top1' is: 'Normal Dist'

2024-01-22 18:09:18 - [MESSAGE][PASSED] - Text of object 'Object Repository/Stockbit/Bandarmology_Top1' is: 'Normal Dist'

2024-01-22 18:09:18 - [TEST_STEP][PASSED] - strTop3 = getText(findTestObject("Stockbit/Bandarmology_Top3")): Text of object 'Object Repository/Stockbit/Bandarmology_Top3' is: 'Normal Dist'

2024-01-22 18:09:18 - [MESSAGE][PASSED] - Text of object 'Object Repository/Stockbit/Bandarmology_Top3' is: 'Normal Dist'

2024-01-22 18:09:18 - [TEST_STEP][PASSED] - strTop5 = getText(findTestObject("Stockbit/Bandarmology_Top5")): Text of object 'Object Repository/Stockbit/Bandarmology_Top5' is: 'Neutral'

2024-01-22 18:09:18 - [MESSAGE][PASSED] - Text of object 'Object Repository/Stockbit/Bandarmology_Top5' is: 'Neutral'

2024-01-22 18:09:18 - [TEST_STEP][PASSED] - strAllBrokAvg = getText(findTestObject("Stockbit/Bandarmology_TopAVG")): Text of object 'Object Repository/Stockbit/Bandarmology_TopAVG' is: 'Small Dist'

2024-01-22 18:09:18 - [MESSAGE][PASSED] - Text of object 'Object Repository/Stockbit/Bandarmology_TopAVG' is: 'Small Dist'

2024-01-22 18:09:18 - [TEST_STEP][PASSED] - strTemp = getText(findTestObject("Stockbit/Bandarmology_AvgRP")): Text of object 'Object Repository/Stockbit/Bandarmology_AvgRP' is: '165'

2024-01-22 18:09:19 - [MESSAGE][PASSED] - Text of object 'Object Repository/Stockbit/Bandarmology_AvgRP' is: '165'

2024-01-22 18:09:19 - [TEST_STEP][PASSED] - if (strTemp.contains(",")): null

2024-01-22 18:09:19 - [TEST_STEP][PASSED] - intAvgRP = strTemp.toInteger(): null

2024-01-22 18:09:19 - [TEST_STEP][PASSED] - strBuyer1 = getText(findTestObject("Stockbit/Bandarmology_Buyer1")): Text of object 'Object Repository/Stockbit/Bandarmology_Buyer1' is: 'YU'

2024-01-22 18:09:19 - [MESSAGE][PASSED] - Text of object 'Object Repository/Stockbit/Bandarmology_Buyer1' is: 'YU'

2024-01-22 18:09:19 - [TEST_STEP][PASSED] - strBuyerVol1 = getText(findTestObject("Stockbit/Bandarmology_BuyerVol1")): Text of object 'Object Repository/Stockbit/Bandarmology_BuyerVol1' is: '59.6 K'

2024-01-22 18:09:19 - [MESSAGE][PASSED] - Text of object 'Object Repository/Stockbit/Bandarmology_BuyerVol1' is: '59.6 K'

2024-01-22 18:09:19 - [TEST_STEP][PASSED] - strBuyerAvg1 = getText(findTestObject("Stockbit/Bandarmology_BuyerAvg1")): Text of object 'Object Repository/Stockbit/Bandarmology_BuyerAvg1' is: '165'

2024-01-22 18:09:19 - [MESSAGE][PASSED] - Text of object 'Object Repository/Stockbit/Bandarmology_BuyerAvg1' is: '165'

2024-01-22 18:09:19 - [TEST_STEP][PASSED] - if (strBuyerAvg1.contains(",")): null

2024-01-22 18:09:19 - [TEST_STEP][PASSED] - if (strBuyerVol1.contains(" B")): null

2024-01-22 18:09:19 - [TEST_STEP][PASSED] - else if (strBuyerVol1.contains(" M")): null

2024-01-22 18:09:19 - [TEST_STEP][PASSED] - else if (strBuyerVol1.contains(" K")): null

2024-01-22 18:09:19 - [TEST_STEP][PASSED] - strBuyerVol1 = strBuyerVol1.replace(" K", ""): null

2024-01-22 18:09:19 - [TEST_STEP][PASSED] - strBuyerVol1 = strBuyerVol1.toDouble() * 1000: null

2024-01-22 18:09:19 - [TEST_STEP][PASSED] - strSeller1 = getText(findTestObject("Stockbit/Bandarmology_Seller1")): Text of object 'Object Repository/Stockbit/Bandarmology_Seller1' is: 'IN'

2024-01-22 18:09:19 - [MESSAGE][PASSED] - Text of object 'Object Repository/Stockbit/Bandarmology_Seller1' is: 'IN'

2024-01-22 18:09:19 - [TEST_STEP][PASSED] - strSellerVol1 = getText(findTestObject("Stockbit/Bandarmology_SellerVol1")): Text of object 'Object Repository/Stockbit/Bandarmology_SellerVol1' is: '101 K'

2024-01-22 18:09:19 - [MESSAGE][PASSED] - Text of object 'Object Repository/Stockbit/Bandarmology_SellerVol1' is: '101 K'

2024-01-22 18:09:19 - [TEST_STEP][PASSED] - strSellerAvg1 = getText(findTestObject("Stockbit/Bandarmology_SellerAvg1")): Text of object 'Object Repository/Stockbit/Bandarmology_SellerAvg1' is: '165'

2024-01-22 18:09:20 - [MESSAGE][PASSED] - Text of object 'Object Repository/Stockbit/Bandarmology_SellerAvg1' is: '165'

2024-01-22 18:09:20 - [TEST_STEP][PASSED] - if (strSellerAvg1.contains(",")): null

2024-01-22 18:09:20 - [TEST_STEP][PASSED] - if (strSellerVol1.contains(" B")): null

2024-01-22 18:09:20 - [TEST_STEP][PASSED] - else if (strSellerVol1.contains(" M")): null

2024-01-22 18:09:20 - [TEST_STEP][PASSED] - else if (strSellerVol1.contains(" K")): null

2024-01-22 18:09:20 - [TEST_STEP][PASSED] - strSellerVol1 = strSellerVol1.replace(" K", ""): null

2024-01-22 18:09:20 - [TEST_STEP][PASSED] - strSellerVol1 = strSellerVol1.toDouble() * 1000: null

2024-01-22 18:09:20 - [TEST_STEP][PASSED] - if (verifyElementNotPresent(findTestObject("Stockbit/Bandarmology_Buyer2"), 1, OPTIONAL)): Web element with id: 'Object Repository/Stockbit/Bandarmology_Buyer2' located by 'By.xpath: //*[contains(@id, 'rc-tabs-')]/div[2]/div/div/div/div/div/div[2]/table/tbody/tr[3]/td[1]/p' is present after '1' second(s) (Root cause: com.kms.katalon.core.exception.StepFailedException: Web element with id: 'Object Repository/Stockbit/Bandarmology_Buyer2' located by 'By.xpath: //*[contains(@id, 'rc-tabs-')]/div[2]/div/div/div/div/div/div[2]/table/tbody/tr[3]/td[1]/p' is present after '1' second(s)
	at com.kms.katalon.core.webui.keyword.internal.WebUIKeywordMain.stepFailed(WebUIKeywordMain.groovy:64)
	at com.kms.katalon.core.webui.keyword.internal.WebUIKeywordMain$stepFailed$0.call(Unknown Source)
	at com.kms.katalon.core.webui.keyword.builtin.VerifyElementNotPresentKeyword$_verifyElementNotPresent_closure1.doCall(VerifyElementNotPresentKeyword.groovy:106)
	at com.kms.katalon.core.webui.keyword.builtin.VerifyElementNotPresentKeyword$_verifyElementNotPresent_closure1.doCall(VerifyElementNotPresentKeyword.groovy)
	at com.kms.katalon.core.webui.keyword.internal.WebUIKeywordMain.runKeyword(WebUIKeywordMain.groovy:20)
	at com.kms.katalon.core.webui.keyword.internal.WebUIKeywordMain$runKeyword.call(Unknown Source)
	at com.kms.katalon.core.webui.keyword.builtin.VerifyElementNotPresentKeyword.verifyElementNotPresent(VerifyElementNotPresentKeyword.groovy:117)
	at com.kms.katalon.core.webui.keyword.builtin.VerifyElementNotPresentKeyword.execute(VerifyElementNotPresentKeyword.groovy:68)
	at com.kms.katalon.core.keyword.internal.KeywordExecutor.executeKeywordForPlatform(KeywordExecutor.groovy:74)
	at com.kms.katalon.core.webui.keyword.WebUiBuiltInKeywords.verifyElementNotPresent(WebUiBuiltInKeywords.groovy:1481)
	at com.kms.katalon.core.webui.keyword.WebUiBuiltInKeywords$verifyElementNotPresent$8.call(Unknown Source)
	at GetBrokSumPriceDaily.run(GetBrokSumPriceDaily:258)
	at com.kms.katalon.core.main.ScriptEngine.run(ScriptEngine.java:194)
	at com.kms.katalon.core.main.ScriptEngine.runScriptAsRawText(ScriptEngine.java:119)
	at com.kms.katalon.core.main.TestCaseExecutor.runScript(TestCaseExecutor.java:445)
	at com.kms.katalon.core.main.TestCaseExecutor.doExecute(TestCaseExecutor.java:436)
	at com.kms.katalon.core.main.TestCaseExecutor.processExecutionPhase(TestCaseExecutor.java:415)
	at com.kms.katalon.core.main.TestCaseExecutor.accessMainPhase(TestCaseExecutor.java:407)
	at com.kms.katalon.core.main.TestCaseExecutor.execute(TestCaseExecutor.java:284)
	at com.kms.katalon.core.common.CommonExecutor.accessTestCaseMainPhase(CommonExecutor.java:65)
	at com.kms.katalon.core.main.TestSuiteExecutor.accessTestSuiteMainPhase(TestSuiteExecutor.java:144)
	at com.kms.katalon.core.main.TestSuiteExecutor.execute(TestSuiteExecutor.java:106)
	at com.kms.katalon.core.main.TestCaseMain.startTestSuite(TestCaseMain.java:185)
	at com.kms.katalon.core.main.TestCaseMain$startTestSuite$0.call(Unknown Source)
	at TempTestSuite1705920083951.run(TempTestSuite1705920083951.groovy:36)
)

2024-01-22 18:09:21 - [MESSAGE][WARNING] - Web element with id: 'Object Repository/Stockbit/Bandarmology_Buyer2' located by 'By.xpath: //*[contains(@id, 'rc-tabs-')]/div[2]/div/div/div/div/div/div[2]/table/tbody/tr[3]/td[1]/p' is present after '1' second(s) (Root cause: com.kms.katalon.core.exception.StepFailedException: Web element with id: 'Object Repository/Stockbit/Bandarmology_Buyer2' located by 'By.xpath: //*[contains(@id, 'rc-tabs-')]/div[2]/div/div/div/div/div/div[2]/table/tbody/tr[3]/td[1]/p' is present after '1' second(s)
	at com.kms.katalon.core.webui.keyword.internal.WebUIKeywordMain.stepFailed(WebUIKeywordMain.groovy:64)
	at com.kms.katalon.core.webui.keyword.internal.WebUIKeywordMain$stepFailed$0.call(Unknown Source)
	at com.kms.katalon.core.webui.keyword.builtin.VerifyElementNotPresentKeyword$_verifyElementNotPresent_closure1.doCall(VerifyElementNotPresentKeyword.groovy:106)
	at com.kms.katalon.core.webui.keyword.builtin.VerifyElementNotPresentKeyword$_verifyElementNotPresent_closure1.doCall(VerifyElementNotPresentKeyword.groovy)
	at com.kms.katalon.core.webui.keyword.internal.WebUIKeywordMain.runKeyword(WebUIKeywordMain.groovy:20)
	at com.kms.katalon.core.webui.keyword.internal.WebUIKeywordMain$runKeyword.call(Unknown Source)
	at com.kms.katalon.core.webui.keyword.builtin.VerifyElementNotPresentKeyword.verifyElementNotPresent(VerifyElementNotPresentKeyword.groovy:117)
	at com.kms.katalon.core.webui.keyword.builtin.VerifyElementNotPresentKeyword.execute(VerifyElementNotPresentKeyword.groovy:68)
	at com.kms.katalon.core.keyword.internal.KeywordExecutor.executeKeywordForPlatform(KeywordExecutor.groovy:74)
	at com.kms.katalon.core.webui.keyword.WebUiBuiltInKeywords.verifyElementNotPresent(WebUiBuiltInKeywords.groovy:1481)
	at com.kms.katalon.core.webui.keyword.WebUiBuiltInKeywords$verifyElementNotPresent$8.call(Unknown Source)
	at GetBrokSumPriceDaily.run(GetBrokSumPriceDaily:258)
	at com.kms.katalon.core.main.ScriptEngine.run(ScriptEngine.java:194)
	at com.kms.katalon.core.main.ScriptEngine.runScriptAsRawText(ScriptEngine.java:119)
	at com.kms.katalon.core.main.TestCaseExecutor.runScript(TestCaseExecutor.java:445)
	at com.kms.katalon.core.main.TestCaseExecutor.doExecute(TestCaseExecutor.java:436)
	at com.kms.katalon.core.main.TestCaseExecutor.processExecutionPhase(TestCaseExecutor.java:415)
	at com.kms.katalon.core.main.TestCaseExecutor.accessMainPhase(TestCaseExecutor.java:407)
	at com.kms.katalon.core.main.TestCaseExecutor.execute(TestCaseExecutor.java:284)
	at com.kms.katalon.core.common.CommonExecutor.accessTestCaseMainPhase(CommonExecutor.java:65)
	at com.kms.katalon.core.main.TestSuiteExecutor.accessTestSuiteMainPhase(TestSuiteExecutor.java:144)
	at com.kms.katalon.core.main.TestSuiteExecutor.execute(TestSuiteExecutor.java:106)
	at com.kms.katalon.core.main.TestCaseMain.startTestSuite(TestCaseMain.java:185)
	at com.kms.katalon.core.main.TestCaseMain$startTestSuite$0.call(Unknown Source)
	at TempTestSuite1705920083951.run(TempTestSuite1705920083951.groovy:36)
)
[[ATTACHMENT|C:\\Users\\Fadli\\git\\KatalonDailyGetData2\\Reports\\20240122_174123\\TS1\\20240122_174123\\1705921761357.png]]

2024-01-22 18:09:21 - [TEST_STEP][PASSED] - else: null

2024-01-22 18:09:21 - [TEST_STEP][PASSED] - strBuyer2 = getText(findTestObject("Stockbit/Bandarmology_Buyer2")): Text of object 'Object Repository/Stockbit/Bandarmology_Buyer2' is: 'KI'

2024-01-22 18:09:21 - [MESSAGE][PASSED] - Text of object 'Object Repository/Stockbit/Bandarmology_Buyer2' is: 'KI'

2024-01-22 18:09:21 - [TEST_STEP][PASSED] - strBuyerVol2 = getText(findTestObject("Stockbit/Bandarmology_BuyerVol2")): Text of object 'Object Repository/Stockbit/Bandarmology_BuyerVol2' is: '43 K'

2024-01-22 18:09:21 - [MESSAGE][PASSED] - Text of object 'Object Repository/Stockbit/Bandarmology_BuyerVol2' is: '43 K'

2024-01-22 18:09:21 - [TEST_STEP][PASSED] - strBuyerAvg2 = getText(findTestObject("Stockbit/Bandarmology_BuyerAvg2")): Text of object 'Object Repository/Stockbit/Bandarmology_BuyerAvg2' is: '164'

2024-01-22 18:09:22 - [MESSAGE][PASSED] - Text of object 'Object Repository/Stockbit/Bandarmology_BuyerAvg2' is: '164'

2024-01-22 18:09:22 - [TEST_STEP][PASSED] - if (strBuyer2 != ""): null

2024-01-22 18:09:22 - [TEST_STEP][PASSED] - if (strBuyerAvg2.contains(",")): null

2024-01-22 18:09:22 - [TEST_STEP][PASSED] - if (strBuyerVol2.contains(" B")): null

2024-01-22 18:09:22 - [TEST_STEP][PASSED] - else if (strBuyerVol2.contains(" M")): null

2024-01-22 18:09:22 - [TEST_STEP][PASSED] - else if (strBuyerVol2.contains(" K")): null

2024-01-22 18:09:22 - [TEST_STEP][PASSED] - strBuyerVol2 = strBuyerVol2.replace(" K", ""): null

2024-01-22 18:09:22 - [TEST_STEP][PASSED] - strBuyerVol2 = strBuyerVol2.toDouble() * 1000: null

2024-01-22 18:09:22 - [TEST_STEP][PASSED] - if (strBuyerVol2.contains(".")): null

2024-01-22 18:09:22 - [TEST_STEP][PASSED] - strBuyerVal2 = strBuyerVol2.replace(".", ""): null

2024-01-22 18:09:22 - [TEST_STEP][PASSED] - if (verifyElementNotPresent(findTestObject("Stockbit/Bandarmology_Seller2"), 1, OPTIONAL)): Web element with id: 'Object Repository/Stockbit/Bandarmology_Seller2' located by 'By.xpath: //*[contains(@id, 'rc-tabs-')]/div[2]/div/div/div/div/div/div[2]/table/tbody/tr[3]/td[5]/p' is present after '1' second(s) (Root cause: com.kms.katalon.core.exception.StepFailedException: Web element with id: 'Object Repository/Stockbit/Bandarmology_Seller2' located by 'By.xpath: //*[contains(@id, 'rc-tabs-')]/div[2]/div/div/div/div/div/div[2]/table/tbody/tr[3]/td[5]/p' is present after '1' second(s)
	at com.kms.katalon.core.webui.keyword.internal.WebUIKeywordMain.stepFailed(WebUIKeywordMain.groovy:64)
	at com.kms.katalon.core.webui.keyword.internal.WebUIKeywordMain$stepFailed$0.call(Unknown Source)
	at com.kms.katalon.core.webui.keyword.builtin.VerifyElementNotPresentKeyword$_verifyElementNotPresent_closure1.doCall(VerifyElementNotPresentKeyword.groovy:106)
	at com.kms.katalon.core.webui.keyword.builtin.VerifyElementNotPresentKeyword$_verifyElementNotPresent_closure1.doCall(VerifyElementNotPresentKeyword.groovy)
	at com.kms.katalon.core.webui.keyword.internal.WebUIKeywordMain.runKeyword(WebUIKeywordMain.groovy:20)
	at com.kms.katalon.core.webui.keyword.internal.WebUIKeywordMain$runKeyword.call(Unknown Source)
	at com.kms.katalon.core.webui.keyword.builtin.VerifyElementNotPresentKeyword.verifyElementNotPresent(VerifyElementNotPresentKeyword.groovy:117)
	at com.kms.katalon.core.webui.keyword.builtin.VerifyElementNotPresentKeyword.execute(VerifyElementNotPresentKeyword.groovy:68)
	at com.kms.katalon.core.keyword.internal.KeywordExecutor.executeKeywordForPlatform(KeywordExecutor.groovy:74)
	at com.kms.katalon.core.webui.keyword.WebUiBuiltInKeywords.verifyElementNotPresent(WebUiBuiltInKeywords.groovy:1481)
	at com.kms.katalon.core.webui.keyword.WebUiBuiltInKeywords$verifyElementNotPresent$8.call(Unknown Source)
	at GetBrokSumPriceDaily.run(GetBrokSumPriceDaily:309)
	at com.kms.katalon.core.main.ScriptEngine.run(ScriptEngine.java:194)
	at com.kms.katalon.core.main.ScriptEngine.runScriptAsRawText(ScriptEngine.java:119)
	at com.kms.katalon.core.main.TestCaseExecutor.runScript(TestCaseExecutor.java:445)
	at com.kms.katalon.core.main.TestCaseExecutor.doExecute(TestCaseExecutor.java:436)
	at com.kms.katalon.core.main.TestCaseExecutor.processExecutionPhase(TestCaseExecutor.java:415)
	at com.kms.katalon.core.main.TestCaseExecutor.accessMainPhase(TestCaseExecutor.java:407)
	at com.kms.katalon.core.main.TestCaseExecutor.execute(TestCaseExecutor.java:284)
	at com.kms.katalon.core.common.CommonExecutor.accessTestCaseMainPhase(CommonExecutor.java:65)
	at com.kms.katalon.core.main.TestSuiteExecutor.accessTestSuiteMainPhase(TestSuiteExecutor.java:144)
	at com.kms.katalon.core.main.TestSuiteExecutor.execute(TestSuiteExecutor.java:106)
	at com.kms.katalon.core.main.TestCaseMain.startTestSuite(TestCaseMain.java:185)
	at com.kms.katalon.core.main.TestCaseMain$startTestSuite$0.call(Unknown Source)
	at TempTestSuite1705920083951.run(TempTestSuite1705920083951.groovy:36)
)

2024-01-22 18:09:23 - [MESSAGE][WARNING] - Web element with id: 'Object Repository/Stockbit/Bandarmology_Seller2' located by 'By.xpath: //*[contains(@id, 'rc-tabs-')]/div[2]/div/div/div/div/div/div[2]/table/tbody/tr[3]/td[5]/p' is present after '1' second(s) (Root cause: com.kms.katalon.core.exception.StepFailedException: Web element with id: 'Object Repository/Stockbit/Bandarmology_Seller2' located by 'By.xpath: //*[contains(@id, 'rc-tabs-')]/div[2]/div/div/div/div/div/div[2]/table/tbody/tr[3]/td[5]/p' is present after '1' second(s)
	at com.kms.katalon.core.webui.keyword.internal.WebUIKeywordMain.stepFailed(WebUIKeywordMain.groovy:64)
	at com.kms.katalon.core.webui.keyword.internal.WebUIKeywordMain$stepFailed$0.call(Unknown Source)
	at com.kms.katalon.core.webui.keyword.builtin.VerifyElementNotPresentKeyword$_verifyElementNotPresent_closure1.doCall(VerifyElementNotPresentKeyword.groovy:106)
	at com.kms.katalon.core.webui.keyword.builtin.VerifyElementNotPresentKeyword$_verifyElementNotPresent_closure1.doCall(VerifyElementNotPresentKeyword.groovy)
	at com.kms.katalon.core.webui.keyword.internal.WebUIKeywordMain.runKeyword(WebUIKeywordMain.groovy:20)
	at com.kms.katalon.core.webui.keyword.internal.WebUIKeywordMain$runKeyword.call(Unknown Source)
	at com.kms.katalon.core.webui.keyword.builtin.VerifyElementNotPresentKeyword.verifyElementNotPresent(VerifyElementNotPresentKeyword.groovy:117)
	at com.kms.katalon.core.webui.keyword.builtin.VerifyElementNotPresentKeyword.execute(VerifyElementNotPresentKeyword.groovy:68)
	at com.kms.katalon.core.keyword.internal.KeywordExecutor.executeKeywordForPlatform(KeywordExecutor.groovy:74)
	at com.kms.katalon.core.webui.keyword.WebUiBuiltInKeywords.verifyElementNotPresent(WebUiBuiltInKeywords.groovy:1481)
	at com.kms.katalon.core.webui.keyword.WebUiBuiltInKeywords$verifyElementNotPresent$8.call(Unknown Source)
	at GetBrokSumPriceDaily.run(GetBrokSumPriceDaily:309)
	at com.kms.katalon.core.main.ScriptEngine.run(ScriptEngine.java:194)
	at com.kms.katalon.core.main.ScriptEngine.runScriptAsRawText(ScriptEngine.java:119)
	at com.kms.katalon.core.main.TestCaseExecutor.runScript(TestCaseExecutor.java:445)
	at com.kms.katalon.core.main.TestCaseExecutor.doExecute(TestCaseExecutor.java:436)
	at com.kms.katalon.core.main.TestCaseExecutor.processExecutionPhase(TestCaseExecutor.java:415)
	at com.kms.katalon.core.main.TestCaseExecutor.accessMainPhase(TestCaseExecutor.java:407)
	at com.kms.katalon.core.main.TestCaseExecutor.execute(TestCaseExecutor.java:284)
	at com.kms.katalon.core.common.CommonExecutor.accessTestCaseMainPhase(CommonExecutor.java:65)
	at com.kms.katalon.core.main.TestSuiteExecutor.accessTestSuiteMainPhase(TestSuiteExecutor.java:144)
	at com.kms.katalon.core.main.TestSuiteExecutor.execute(TestSuiteExecutor.java:106)
	at com.kms.katalon.core.main.TestCaseMain.startTestSuite(TestCaseMain.java:185)
	at com.kms.katalon.core.main.TestCaseMain$startTestSuite$0.call(Unknown Source)
	at TempTestSuite1705920083951.run(TempTestSuite1705920083951.groovy:36)
)
[[ATTACHMENT|C:\\Users\\Fadli\\git\\KatalonDailyGetData2\\Reports\\20240122_174123\\TS1\\20240122_174123\\1705921763292.png]]

2024-01-22 18:09:23 - [TEST_STEP][PASSED] - else: null

2024-01-22 18:09:23 - [TEST_STEP][PASSED] - strSeller2 = getText(findTestObject("Stockbit/Bandarmology_Seller2")): Text of object 'Object Repository/Stockbit/Bandarmology_Seller2' is: 'CD'

2024-01-22 18:09:23 - [MESSAGE][PASSED] - Text of object 'Object Repository/Stockbit/Bandarmology_Seller2' is: 'CD'

2024-01-22 18:09:23 - [TEST_STEP][PASSED] - strSellerVol2 = getText(findTestObject("Stockbit/Bandarmology_SellerVol2")): Text of object 'Object Repository/Stockbit/Bandarmology_SellerVol2' is: '50.2 K'

2024-01-22 18:09:23 - [MESSAGE][PASSED] - Text of object 'Object Repository/Stockbit/Bandarmology_SellerVol2' is: '50.2 K'

2024-01-22 18:09:23 - [TEST_STEP][PASSED] - strSellerAvg2 = getText(findTestObject("Stockbit/Bandarmology_SellerAvg2")): Text of object 'Object Repository/Stockbit/Bandarmology_SellerAvg2' is: '165'

2024-01-22 18:09:24 - [MESSAGE][PASSED] - Text of object 'Object Repository/Stockbit/Bandarmology_SellerAvg2' is: '165'

2024-01-22 18:09:24 - [TEST_STEP][PASSED] - if (strSeller2 != ""): null

2024-01-22 18:09:24 - [TEST_STEP][PASSED] - if (strSellerAvg2.contains(",")): null

2024-01-22 18:09:24 - [TEST_STEP][PASSED] - if (strSellerVol2.contains(" B")): null

2024-01-22 18:09:24 - [TEST_STEP][PASSED] - else if (strSellerVol2.contains(" M")): null

2024-01-22 18:09:24 - [TEST_STEP][PASSED] - else if (strSellerVol2.contains(" K")): null

2024-01-22 18:09:24 - [TEST_STEP][PASSED] - strSellerVol2 = strSellerVol2.replace(" K", ""): null

2024-01-22 18:09:24 - [TEST_STEP][PASSED] - strSellerVol2 = strSellerVol2.toDouble() * 1000: null

2024-01-22 18:09:24 - [TEST_STEP][PASSED] - if (verifyElementNotPresent(findTestObject("Stockbit/Bandarmology_Buyer3"), 1, OPTIONAL)): Web element with id: 'Object Repository/Stockbit/Bandarmology_Buyer3' located by 'By.xpath: //*[contains(@id, 'rc-tabs-')]/div[2]/div/div/div/div/div/div[2]/table/tbody/tr[4]/td[1]/p' is present after '1' second(s) (Root cause: com.kms.katalon.core.exception.StepFailedException: Web element with id: 'Object Repository/Stockbit/Bandarmology_Buyer3' located by 'By.xpath: //*[contains(@id, 'rc-tabs-')]/div[2]/div/div/div/div/div/div[2]/table/tbody/tr[4]/td[1]/p' is present after '1' second(s)
	at com.kms.katalon.core.webui.keyword.internal.WebUIKeywordMain.stepFailed(WebUIKeywordMain.groovy:64)
	at com.kms.katalon.core.webui.keyword.internal.WebUIKeywordMain$stepFailed$0.call(Unknown Source)
	at com.kms.katalon.core.webui.keyword.builtin.VerifyElementNotPresentKeyword$_verifyElementNotPresent_closure1.doCall(VerifyElementNotPresentKeyword.groovy:106)
	at com.kms.katalon.core.webui.keyword.builtin.VerifyElementNotPresentKeyword$_verifyElementNotPresent_closure1.doCall(VerifyElementNotPresentKeyword.groovy)
	at com.kms.katalon.core.webui.keyword.internal.WebUIKeywordMain.runKeyword(WebUIKeywordMain.groovy:20)
	at com.kms.katalon.core.webui.keyword.internal.WebUIKeywordMain$runKeyword.call(Unknown Source)
	at com.kms.katalon.core.webui.keyword.builtin.VerifyElementNotPresentKeyword.verifyElementNotPresent(VerifyElementNotPresentKeyword.groovy:117)
	at com.kms.katalon.core.webui.keyword.builtin.VerifyElementNotPresentKeyword.execute(VerifyElementNotPresentKeyword.groovy:68)
	at com.kms.katalon.core.keyword.internal.KeywordExecutor.executeKeywordForPlatform(KeywordExecutor.groovy:74)
	at com.kms.katalon.core.webui.keyword.WebUiBuiltInKeywords.verifyElementNotPresent(WebUiBuiltInKeywords.groovy:1481)
	at com.kms.katalon.core.webui.keyword.WebUiBuiltInKeywords$verifyElementNotPresent$8.call(Unknown Source)
	at GetBrokSumPriceDaily.run(GetBrokSumPriceDaily:361)
	at com.kms.katalon.core.main.ScriptEngine.run(ScriptEngine.java:194)
	at com.kms.katalon.core.main.ScriptEngine.runScriptAsRawText(ScriptEngine.java:119)
	at com.kms.katalon.core.main.TestCaseExecutor.runScript(TestCaseExecutor.java:445)
	at com.kms.katalon.core.main.TestCaseExecutor.doExecute(TestCaseExecutor.java:436)
	at com.kms.katalon.core.main.TestCaseExecutor.processExecutionPhase(TestCaseExecutor.java:415)
	at com.kms.katalon.core.main.TestCaseExecutor.accessMainPhase(TestCaseExecutor.java:407)
	at com.kms.katalon.core.main.TestCaseExecutor.execute(TestCaseExecutor.java:284)
	at com.kms.katalon.core.common.CommonExecutor.accessTestCaseMainPhase(CommonExecutor.java:65)
	at com.kms.katalon.core.main.TestSuiteExecutor.accessTestSuiteMainPhase(TestSuiteExecutor.java:144)
	at com.kms.katalon.core.main.TestSuiteExecutor.execute(TestSuiteExecutor.java:106)
	at com.kms.katalon.core.main.TestCaseMain.startTestSuite(TestCaseMain.java:185)
	at com.kms.katalon.core.main.TestCaseMain$startTestSuite$0.call(Unknown Source)
	at TempTestSuite1705920083951.run(TempTestSuite1705920083951.groovy:36)
)

2024-01-22 18:09:25 - [MESSAGE][WARNING] - Web element with id: 'Object Repository/Stockbit/Bandarmology_Buyer3' located by 'By.xpath: //*[contains(@id, 'rc-tabs-')]/div[2]/div/div/div/div/div/div[2]/table/tbody/tr[4]/td[1]/p' is present after '1' second(s) (Root cause: com.kms.katalon.core.exception.StepFailedException: Web element with id: 'Object Repository/Stockbit/Bandarmology_Buyer3' located by 'By.xpath: //*[contains(@id, 'rc-tabs-')]/div[2]/div/div/div/div/div/div[2]/table/tbody/tr[4]/td[1]/p' is present after '1' second(s)
	at com.kms.katalon.core.webui.keyword.internal.WebUIKeywordMain.stepFailed(WebUIKeywordMain.groovy:64)
	at com.kms.katalon.core.webui.keyword.internal.WebUIKeywordMain$stepFailed$0.call(Unknown Source)
	at com.kms.katalon.core.webui.keyword.builtin.VerifyElementNotPresentKeyword$_verifyElementNotPresent_closure1.doCall(VerifyElementNotPresentKeyword.groovy:106)
	at com.kms.katalon.core.webui.keyword.builtin.VerifyElementNotPresentKeyword$_verifyElementNotPresent_closure1.doCall(VerifyElementNotPresentKeyword.groovy)
	at com.kms.katalon.core.webui.keyword.internal.WebUIKeywordMain.runKeyword(WebUIKeywordMain.groovy:20)
	at com.kms.katalon.core.webui.keyword.internal.WebUIKeywordMain$runKeyword.call(Unknown Source)
	at com.kms.katalon.core.webui.keyword.builtin.VerifyElementNotPresentKeyword.verifyElementNotPresent(VerifyElementNotPresentKeyword.groovy:117)
	at com.kms.katalon.core.webui.keyword.builtin.VerifyElementNotPresentKeyword.execute(VerifyElementNotPresentKeyword.groovy:68)
	at com.kms.katalon.core.keyword.internal.KeywordExecutor.executeKeywordForPlatform(KeywordExecutor.groovy:74)
	at com.kms.katalon.core.webui.keyword.WebUiBuiltInKeywords.verifyElementNotPresent(WebUiBuiltInKeywords.groovy:1481)
	at com.kms.katalon.core.webui.keyword.WebUiBuiltInKeywords$verifyElementNotPresent$8.call(Unknown Source)
	at GetBrokSumPriceDaily.run(GetBrokSumPriceDaily:361)
	at com.kms.katalon.core.main.ScriptEngine.run(ScriptEngine.java:194)
	at com.kms.katalon.core.main.ScriptEngine.runScriptAsRawText(ScriptEngine.java:119)
	at com.kms.katalon.core.main.TestCaseExecutor.runScript(TestCaseExecutor.java:445)
	at com.kms.katalon.core.main.TestCaseExecutor.doExecute(TestCaseExecutor.java:436)
	at com.kms.katalon.core.main.TestCaseExecutor.processExecutionPhase(TestCaseExecutor.java:415)
	at com.kms.katalon.core.main.TestCaseExecutor.accessMainPhase(TestCaseExecutor.java:407)
	at com.kms.katalon.core.main.TestCaseExecutor.execute(TestCaseExecutor.java:284)
	at com.kms.katalon.core.common.CommonExecutor.accessTestCaseMainPhase(CommonExecutor.java:65)
	at com.kms.katalon.core.main.TestSuiteExecutor.accessTestSuiteMainPhase(TestSuiteExecutor.java:144)
	at com.kms.katalon.core.main.TestSuiteExecutor.execute(TestSuiteExecutor.java:106)
	at com.kms.katalon.core.main.TestCaseMain.startTestSuite(TestCaseMain.java:185)
	at com.kms.katalon.core.main.TestCaseMain$startTestSuite$0.call(Unknown Source)
	at TempTestSuite1705920083951.run(TempTestSuite1705920083951.groovy:36)
)
[[ATTACHMENT|C:\\Users\\Fadli\\git\\KatalonDailyGetData2\\Reports\\20240122_174123\\TS1\\20240122_174123\\1705921765249.png]]

2024-01-22 18:09:25 - [TEST_STEP][PASSED] - else: null

2024-01-22 18:09:25 - [TEST_STEP][PASSED] - strBuyer3 = getText(findTestObject("Stockbit/Bandarmology_Buyer3")): Text of object 'Object Repository/Stockbit/Bandarmology_Buyer3' is: 'RX'

2024-01-22 18:09:25 - [MESSAGE][PASSED] - Text of object 'Object Repository/Stockbit/Bandarmology_Buyer3' is: 'RX'

2024-01-22 18:09:25 - [TEST_STEP][PASSED] - strBuyerVol3 = getText(findTestObject("Stockbit/Bandarmology_BuyerVol3")): Text of object 'Object Repository/Stockbit/Bandarmology_BuyerVol3' is: '36.6 K'

2024-01-22 18:09:25 - [MESSAGE][PASSED] - Text of object 'Object Repository/Stockbit/Bandarmology_BuyerVol3' is: '36.6 K'

2024-01-22 18:09:25 - [TEST_STEP][PASSED] - strBuyerAvg3 = getText(findTestObject("Stockbit/Bandarmology_BuyerAvg3")): Text of object 'Object Repository/Stockbit/Bandarmology_BuyerAvg3' is: '165'

2024-01-22 18:09:25 - [MESSAGE][PASSED] - Text of object 'Object Repository/Stockbit/Bandarmology_BuyerAvg3' is: '165'

2024-01-22 18:09:25 - [TEST_STEP][PASSED] - if (strBuyer3 != ""): null

2024-01-22 18:09:25 - [TEST_STEP][PASSED] - if (strBuyerAvg3.contains(",")): null

2024-01-22 18:09:25 - [TEST_STEP][PASSED] - if (strBuyerVol3.contains(" B")): null

2024-01-22 18:09:25 - [TEST_STEP][PASSED] - else if (strBuyerVol3.contains(" M")): null

2024-01-22 18:09:25 - [TEST_STEP][PASSED] - else if (strBuyerVol3.contains(" K")): null

2024-01-22 18:09:25 - [TEST_STEP][PASSED] - strBuyerVol3 = strBuyerVol3.replace(" K", ""): null

2024-01-22 18:09:25 - [TEST_STEP][PASSED] - strBuyerVol3 = strBuyerVol3.toDouble() * 1000: null

2024-01-22 18:09:25 - [TEST_STEP][PASSED] - if (verifyElementNotPresent(findTestObject("Stockbit/Bandarmology_Seller3"), 1, OPTIONAL)): Web element with id: 'Object Repository/Stockbit/Bandarmology_Seller3' located by 'By.xpath: //*[contains(@id, 'rc-tabs-')]/div[2]/div/div/div/div/div/div[2]/table/tbody/tr[4]/td[5]/p' is present after '1' second(s) (Root cause: com.kms.katalon.core.exception.StepFailedException: Web element with id: 'Object Repository/Stockbit/Bandarmology_Seller3' located by 'By.xpath: //*[contains(@id, 'rc-tabs-')]/div[2]/div/div/div/div/div/div[2]/table/tbody/tr[4]/td[5]/p' is present after '1' second(s)
	at com.kms.katalon.core.webui.keyword.internal.WebUIKeywordMain.stepFailed(WebUIKeywordMain.groovy:64)
	at com.kms.katalon.core.webui.keyword.internal.WebUIKeywordMain$stepFailed$0.call(Unknown Source)
	at com.kms.katalon.core.webui.keyword.builtin.VerifyElementNotPresentKeyword$_verifyElementNotPresent_closure1.doCall(VerifyElementNotPresentKeyword.groovy:106)
	at com.kms.katalon.core.webui.keyword.builtin.VerifyElementNotPresentKeyword$_verifyElementNotPresent_closure1.doCall(VerifyElementNotPresentKeyword.groovy)
	at com.kms.katalon.core.webui.keyword.internal.WebUIKeywordMain.runKeyword(WebUIKeywordMain.groovy:20)
	at com.kms.katalon.core.webui.keyword.internal.WebUIKeywordMain$runKeyword.call(Unknown Source)
	at com.kms.katalon.core.webui.keyword.builtin.VerifyElementNotPresentKeyword.verifyElementNotPresent(VerifyElementNotPresentKeyword.groovy:117)
	at com.kms.katalon.core.webui.keyword.builtin.VerifyElementNotPresentKeyword.execute(VerifyElementNotPresentKeyword.groovy:68)
	at com.kms.katalon.core.keyword.internal.KeywordExecutor.executeKeywordForPlatform(KeywordExecutor.groovy:74)
	at com.kms.katalon.core.webui.keyword.WebUiBuiltInKeywords.verifyElementNotPresent(WebUiBuiltInKeywords.groovy:1481)
	at com.kms.katalon.core.webui.keyword.WebUiBuiltInKeywords$verifyElementNotPresent$8.call(Unknown Source)
	at GetBrokSumPriceDaily.run(GetBrokSumPriceDaily:414)
	at com.kms.katalon.core.main.ScriptEngine.run(ScriptEngine.java:194)
	at com.kms.katalon.core.main.ScriptEngine.runScriptAsRawText(ScriptEngine.java:119)
	at com.kms.katalon.core.main.TestCaseExecutor.runScript(TestCaseExecutor.java:445)
	at com.kms.katalon.core.main.TestCaseExecutor.doExecute(TestCaseExecutor.java:436)
	at com.kms.katalon.core.main.TestCaseExecutor.processExecutionPhase(TestCaseExecutor.java:415)
	at com.kms.katalon.core.main.TestCaseExecutor.accessMainPhase(TestCaseExecutor.java:407)
	at com.kms.katalon.core.main.TestCaseExecutor.execute(TestCaseExecutor.java:284)
	at com.kms.katalon.core.common.CommonExecutor.accessTestCaseMainPhase(CommonExecutor.java:65)
	at com.kms.katalon.core.main.TestSuiteExecutor.accessTestSuiteMainPhase(TestSuiteExecutor.java:144)
	at com.kms.katalon.core.main.TestSuiteExecutor.execute(TestSuiteExecutor.java:106)
	at com.kms.katalon.core.main.TestCaseMain.startTestSuite(TestCaseMain.java:185)
	at com.kms.katalon.core.main.TestCaseMain$startTestSuite$0.call(Unknown Source)
	at TempTestSuite1705920083951.run(TempTestSuite1705920083951.groovy:36)
)

2024-01-22 18:09:27 - [MESSAGE][WARNING] - Web element with id: 'Object Repository/Stockbit/Bandarmology_Seller3' located by 'By.xpath: //*[contains(@id, 'rc-tabs-')]/div[2]/div/div/div/div/div/div[2]/table/tbody/tr[4]/td[5]/p' is present after '1' second(s) (Root cause: com.kms.katalon.core.exception.StepFailedException: Web element with id: 'Object Repository/Stockbit/Bandarmology_Seller3' located by 'By.xpath: //*[contains(@id, 'rc-tabs-')]/div[2]/div/div/div/div/div/div[2]/table/tbody/tr[4]/td[5]/p' is present after '1' second(s)
	at com.kms.katalon.core.webui.keyword.internal.WebUIKeywordMain.stepFailed(WebUIKeywordMain.groovy:64)
	at com.kms.katalon.core.webui.keyword.internal.WebUIKeywordMain$stepFailed$0.call(Unknown Source)
	at com.kms.katalon.core.webui.keyword.builtin.VerifyElementNotPresentKeyword$_verifyElementNotPresent_closure1.doCall(VerifyElementNotPresentKeyword.groovy:106)
	at com.kms.katalon.core.webui.keyword.builtin.VerifyElementNotPresentKeyword$_verifyElementNotPresent_closure1.doCall(VerifyElementNotPresentKeyword.groovy)
	at com.kms.katalon.core.webui.keyword.internal.WebUIKeywordMain.runKeyword(WebUIKeywordMain.groovy:20)
	at com.kms.katalon.core.webui.keyword.internal.WebUIKeywordMain$runKeyword.call(Unknown Source)
	at com.kms.katalon.core.webui.keyword.builtin.VerifyElementNotPresentKeyword.verifyElementNotPresent(VerifyElementNotPresentKeyword.groovy:117)
	at com.kms.katalon.core.webui.keyword.builtin.VerifyElementNotPresentKeyword.execute(VerifyElementNotPresentKeyword.groovy:68)
	at com.kms.katalon.core.keyword.internal.KeywordExecutor.executeKeywordForPlatform(KeywordExecutor.groovy:74)
	at com.kms.katalon.core.webui.keyword.WebUiBuiltInKeywords.verifyElementNotPresent(WebUiBuiltInKeywords.groovy:1481)
	at com.kms.katalon.core.webui.keyword.WebUiBuiltInKeywords$verifyElementNotPresent$8.call(Unknown Source)
	at GetBrokSumPriceDaily.run(GetBrokSumPriceDaily:414)
	at com.kms.katalon.core.main.ScriptEngine.run(ScriptEngine.java:194)
	at com.kms.katalon.core.main.ScriptEngine.runScriptAsRawText(ScriptEngine.java:119)
	at com.kms.katalon.core.main.TestCaseExecutor.runScript(TestCaseExecutor.java:445)
	at com.kms.katalon.core.main.TestCaseExecutor.doExecute(TestCaseExecutor.java:436)
	at com.kms.katalon.core.main.TestCaseExecutor.processExecutionPhase(TestCaseExecutor.java:415)
	at com.kms.katalon.core.main.TestCaseExecutor.accessMainPhase(TestCaseExecutor.java:407)
	at com.kms.katalon.core.main.TestCaseExecutor.execute(TestCaseExecutor.java:284)
	at com.kms.katalon.core.common.CommonExecutor.accessTestCaseMainPhase(CommonExecutor.java:65)
	at com.kms.katalon.core.main.TestSuiteExecutor.accessTestSuiteMainPhase(TestSuiteExecutor.java:144)
	at com.kms.katalon.core.main.TestSuiteExecutor.execute(TestSuiteExecutor.java:106)
	at com.kms.katalon.core.main.TestCaseMain.startTestSuite(TestCaseMain.java:185)
	at com.kms.katalon.core.main.TestCaseMain$startTestSuite$0.call(Unknown Source)
	at TempTestSuite1705920083951.run(TempTestSuite1705920083951.groovy:36)
)
[[ATTACHMENT|C:\\Users\\Fadli\\git\\KatalonDailyGetData2\\Reports\\20240122_174123\\TS1\\20240122_174123\\1705921767189.png]]

2024-01-22 18:09:27 - [TEST_STEP][PASSED] - else: null

2024-01-22 18:09:27 - [TEST_STEP][PASSED] - strSeller3 = getText(findTestObject("Stockbit/Bandarmology_Seller3")): Text of object 'Object Repository/Stockbit/Bandarmology_Seller3' is: 'MG'

2024-01-22 18:09:27 - [MESSAGE][PASSED] - Text of object 'Object Repository/Stockbit/Bandarmology_Seller3' is: 'MG'

2024-01-22 18:09:27 - [TEST_STEP][PASSED] - strSellerVol3 = getText(findTestObject("Stockbit/Bandarmology_SellerVol3")): Text of object 'Object Repository/Stockbit/Bandarmology_SellerVol3' is: '27 K'

2024-01-22 18:09:27 - [MESSAGE][PASSED] - Text of object 'Object Repository/Stockbit/Bandarmology_SellerVol3' is: '27 K'

2024-01-22 18:09:27 - [TEST_STEP][PASSED] - strSellerAvg3 = getText(findTestObject("Stockbit/Bandarmology_SellerAvg3")): Text of object 'Object Repository/Stockbit/Bandarmology_SellerAvg3' is: '164'

2024-01-22 18:09:27 - [MESSAGE][PASSED] - Text of object 'Object Repository/Stockbit/Bandarmology_SellerAvg3' is: '164'

2024-01-22 18:09:27 - [TEST_STEP][PASSED] - if (strSeller3 != ""): null

2024-01-22 18:09:27 - [TEST_STEP][PASSED] - if (strSellerAvg3.contains(",")): null

2024-01-22 18:09:27 - [TEST_STEP][PASSED] - if (strSellerVol3.contains(" B")): null

2024-01-22 18:09:27 - [TEST_STEP][PASSED] - else if (strSellerVol3.contains(" M")): null

2024-01-22 18:09:27 - [TEST_STEP][PASSED] - else if (strSellerVol3.contains(" K")): null

2024-01-22 18:09:27 - [TEST_STEP][PASSED] - strSellerVol3 = strSellerVol3.replace(" K", ""): null

2024-01-22 18:09:27 - [TEST_STEP][PASSED] - strSellerVol3 = strSellerVol3.toDouble() * 1000: null

2024-01-22 18:09:27 - [TEST_STEP][PASSED] - strAccDist = getText(findTestObject("Stockbit/Bandarmology_AccDist")): Text of object 'Object Repository/Stockbit/Bandarmology_AccDist' is: 'Dist'

2024-01-22 18:09:28 - [MESSAGE][PASSED] - Text of object 'Object Repository/Stockbit/Bandarmology_AccDist' is: 'Dist'

2024-01-22 18:09:28 - [TEST_STEP][PASSED] - strNetVol = getText(findTestObject("Stockbit/Bandarmology_NetVol")): Text of object 'Object Repository/Stockbit/Bandarmology_NetVol' is: '290,318'

2024-01-22 18:09:28 - [MESSAGE][PASSED] - Text of object 'Object Repository/Stockbit/Bandarmology_NetVol' is: '290,318'

2024-01-22 18:09:28 - [TEST_STEP][PASSED] - strNetVol = strNetVol.replace(",", ""): null

2024-01-22 18:09:28 - [TEST_STEP][PASSED] - strNetVal = getText(findTestObject("Stockbit/Bandarmology_NetVal")): Text of object 'Object Repository/Stockbit/Bandarmology_NetVal' is: '4.8 B'

2024-01-22 18:09:28 - [MESSAGE][PASSED] - Text of object 'Object Repository/Stockbit/Bandarmology_NetVal' is: '4.8 B'

2024-01-22 18:09:28 - [TEST_STEP][PASSED] - delay(3): Delayed 3 second(s)

2024-01-22 18:09:31 - [MESSAGE][PASSED] - Delayed 3 second(s)

2024-01-22 18:09:31 - [TEST_STEP][PASSED] - strOpenPrice = getText(findTestObject("Stockbit/Home_OpenPrice")): Text of object 'Object Repository/Stockbit/Home_OpenPrice' is: '168'

2024-01-22 18:09:31 - [MESSAGE][PASSED] - Text of object 'Object Repository/Stockbit/Home_OpenPrice' is: '168'

2024-01-22 18:09:31 - [TEST_STEP][PASSED] - strOpenPrice = strOpenPrice.replace(",", ""): null

2024-01-22 18:09:31 - [TEST_STEP][PASSED] - strLowPrice = getText(findTestObject("Stockbit/Home_LowPrice")): Text of object 'Object Repository/Stockbit/Home_LowPrice' is: '163'

2024-01-22 18:09:31 - [MESSAGE][PASSED] - Text of object 'Object Repository/Stockbit/Home_LowPrice' is: '163'

2024-01-22 18:09:31 - [TEST_STEP][PASSED] - strLowPrice = strLowPrice.replace(",", ""): null

2024-01-22 18:09:31 - [TEST_STEP][PASSED] - strHighPrice = getText(findTestObject("Stockbit/Home_HighPrice")): Text of object 'Object Repository/Stockbit/Home_HighPrice' is: '168'

2024-01-22 18:09:31 - [MESSAGE][PASSED] - Text of object 'Object Repository/Stockbit/Home_HighPrice' is: '168'

2024-01-22 18:09:31 - [TEST_STEP][PASSED] - strHighPrice = strHighPrice.replace(",", ""): null

2024-01-22 18:09:31 - [TEST_STEP][PASSED] - strClosePrice = getText(findTestObject("Stockbit/Home_ClosePrice")): Text of object 'Object Repository/Stockbit/Home_ClosePrice' is: '164'

2024-01-22 18:09:32 - [MESSAGE][PASSED] - Text of object 'Object Repository/Stockbit/Home_ClosePrice' is: '164'

2024-01-22 18:09:32 - [TEST_STEP][PASSED] - strClosePrice = strClosePrice.replace(",", ""): null

2024-01-22 18:09:32 - [TEST_STEP][PASSED] - strVol = getText(findTestObject("Stockbit/Home_Volume")): Text of object 'Object Repository/Stockbit/Home_Volume' is: '599 K'

2024-01-22 18:09:32 - [MESSAGE][PASSED] - Text of object 'Object Repository/Stockbit/Home_Volume' is: '599 K'

2024-01-22 18:09:32 - [TEST_STEP][PASSED] - if (strVol.contains(" K")): null

2024-01-22 18:09:32 - [TEST_STEP][PASSED] - strVol = strVol.replace(" K", "000"): null

2024-01-22 18:09:32 - [TEST_STEP][PASSED] - if (strVol.contains(",")): null

2024-01-22 18:09:32 - [TEST_STEP][PASSED] - strChange = getText(findTestObject("Stockbit/Home_Change")): Text of object 'Object Repository/Stockbit/Home_Change' is: '-1.20%'

2024-01-22 18:09:32 - [MESSAGE][PASSED] - Text of object 'Object Repository/Stockbit/Home_Change' is: '-1.20%'

2024-01-22 18:09:32 - [TEST_STEP][PASSED] - strChange = strChange.replace("%", ""): null

2024-01-22 18:09:32 - [TEST_STEP][PASSED] - strFreq = getText(findTestObject("Stockbit/Home_Freq")): Text of object 'Object Repository/Stockbit/Home_Freq' is: '2,581'

2024-01-22 18:09:32 - [MESSAGE][PASSED] - Text of object 'Object Repository/Stockbit/Home_Freq' is: '2,581'

2024-01-22 18:09:32 - [TEST_STEP][PASSED] - if (strFreq.contains(",")): null

2024-01-22 18:09:32 - [TEST_STEP][PASSED] - strFreq = strFreq.replace(",", ""): null

2024-01-22 18:09:32 - [TEST_STEP][PASSED] - if (strFreq == "NA" || strFreq == ""): null

2024-01-22 18:09:32 - [TEST_STEP][PASSED] - else: null

2024-01-22 18:09:32 - [TEST_STEP][PASSED] - dblFreqAnal = strVol.toDouble() / strFreq.toDouble() * strFreq.toDouble() * strFreq.toDouble() * 100000000: null

2024-01-22 18:09:32 - [TEST_STEP][PASSED] - strFreqAnal = String.format("%.4f", dblFreqAnal): null

2024-01-22 18:09:32 - [TEST_STEP][PASSED] - out.println("Double strFreqAnal: " + strFreqAnal): null

2024-01-22 18:09:32 - [TEST_STEP][PASSED] - strTanggal = d.format(DateTimeFormatter.ofPattern("yyyy-MM-dd")): null

2024-01-22 18:09:32 - [TEST_STEP][PASSED] - strTanggal = "#" + strTanggal + "#": null

2024-01-22 18:09:32 - [TEST_STEP][PASSED] - strSQL = "select count(*) as JumBaris from TblBrokSum where Nama = '" + strNama + "' and Tanggal = " + strTanggal + "": null

2024-01-22 18:09:32 - [TEST_STEP][PASSED] - resultSet = statement.executeQuery(strSQL): null

2024-01-22 18:09:32 - [TEST_STEP][PASSED] - resultSet.next(): null

2024-01-22 18:09:32 - [TEST_STEP][PASSED] - intJumBaris = resultSet.getInt("JumBaris"): null

2024-01-22 18:09:32 - [TEST_STEP][PASSED] - if (intJumBaris > 0): null

2024-01-22 18:09:32 - [TEST_STEP][PASSED] - else: null

2024-01-22 18:09:32 - [TEST_STEP][PASSED] - try: null

2024-01-22 18:09:32 - [TEST_STEP][PASSED] - out.println("Insert data"): null

2024-01-22 18:09:32 - [TEST_STEP][PASSED] - strSQL = "insert into TblBrokSum (nama, tanggal, top1, top2, top3, AllBrokAvg, AccDist, AvgRP, " + "Buyer1, BuyerVal1, BuyerAvg1, Seller1, SellerVal1, SellerAvg1, Buyer2, BuyerVal2, BuyerAvg2, " + "Seller2, SellerVal2, SellerAvg2, Buyer3, BuyerVal3, BuyerAvg3, Seller3, SellerVal3, SellerAvg3, NetVol, NetVal, " + "OpenPrice, LowPrice, HighPrice, ClosePrice, Volume, Change, Frekuensi, FrekAnal) " + "values ('" + strNama + "', " + strTanggal + ", '" + strTop1 + "', '" + strTop3 + "', '" + strTop5 + "', " + "'" + strAllBrokAvg + "', '" + strAccDist + "', " + intAvgRP + ", '" + strBuyer1 + "', '" + strBuyerVol1 + "', " + strBuyerAvg1 + ", " + "'" + strSeller1 + "', '" + strSellerVol1 + "', " + strSellerAvg1 + ", '" + strBuyer2 + "', '" + strBuyerVol2 + "', " + strBuyerAvg2 + ", " + "'" + strSeller2 + "', '" + strSellerVol2 + "', " + strSellerAvg2 + ", '" + strBuyer3 + "', '" + strBuyerVol3 + "', " + strBuyerAvg3 + ", " + "'" + strSeller3 + "', '" + strSellerVol3 + "', " + strSellerAvg3 + ", " + strNetVol + ", '" + strNetVal + "', " + "" + strOpenPrice + ", " + strLowPrice + ", " + strHighPrice + ", " + strClosePrice + ", '" + strVol + "', " + strChange + ", " + strFreq + ", " + strFreqAnal + ");": null

2024-01-22 18:09:32 - [TEST_STEP][PASSED] - out.println("strSQL = " + strSQL): null

2024-01-22 18:09:32 - [TEST_STEP][PASSED] - statement.executeUpdate(strSQL): null

2024-01-22 18:09:32 - [TEST_STEP][PASSED] - setValueToCellByIndex(sheet01, rowIndex, 4, "DONE"): null

2024-01-22 18:09:32 - [TEST_STEP][PASSED] - saveWorkbook(excelFilePath, workbook01): null

2024-01-22 18:09:32 - [TEST_STEP][PASSED] - waitForElementClickable(findTestObject("Stockbit/menu_Bandarmology"), 10): Object 'Object Repository/Stockbit/menu_Bandarmology' is clickable

2024-01-22 18:09:32 - [MESSAGE][PASSED] - Object 'Object Repository/Stockbit/menu_Bandarmology' is clickable

2024-01-22 18:09:32 - [TEST_STEP][PASSED] - click(findTestObject("Stockbit/menu_Bandarmology")): Object: 'Object Repository/Stockbit/menu_Bandarmology' is clicked on

2024-01-22 18:09:33 - [MESSAGE][PASSED] - Object: 'Object Repository/Stockbit/menu_Bandarmology' is clicked on

2024-01-22 18:09:33 - [TEST_STEP][PASSED] - strTemp = "NA": null

2024-01-22 18:09:33 - [TEST_STEP][PASSED] - if (getCellValueByIndex(sheet01, rowIndex, 4) != "DONE"): Object: 'Object Repository/Stockbit/menu_Bandarmology' is clicked on

2024-01-22 18:09:33 - [TEST_STEP][PASSED] - strNama = getCellValueByIndex(sheet01, rowIndex, 0): null

2024-01-22 18:09:33 - [TEST_STEP][PASSED] - navigateToUrl("https://stockbit.com/#/symbol/" + strNama): Navigate to 'https://stockbit.com/#/symbol/BUKA' successfully

2024-01-22 18:09:35 - [MESSAGE][PASSED] - Navigate to 'https://stockbit.com/#/symbol/BUKA' successfully

2024-01-22 18:09:35 - [TEST_STEP][PASSED] - waitForElementClickable(findTestObject("Stockbit/menu_Bandarmology"), 10): Object 'Object Repository/Stockbit/menu_Bandarmology' is clickable

2024-01-22 18:09:35 - [MESSAGE][PASSED] - Object 'Object Repository/Stockbit/menu_Bandarmology' is clickable

2024-01-22 18:09:35 - [TEST_STEP][PASSED] - click(findTestObject("Stockbit/menu_Bandarmology")): Object: 'Object Repository/Stockbit/menu_Bandarmology' is clicked on

2024-01-22 18:09:35 - [MESSAGE][PASSED] - Object: 'Object Repository/Stockbit/menu_Bandarmology' is clicked on

2024-01-22 18:09:35 - [TEST_STEP][PASSED] - strTanggal = d.format(DateTimeFormatter.ofPattern("MMM dd, yyyy")): null

2024-01-22 18:09:35 - [TEST_STEP][PASSED] - strTanggal = d.format(ISO_DATE): null

2024-01-22 18:09:35 - [TEST_STEP][PASSED] - out.println("strTanggal = " + strTanggal): null

2024-01-22 18:09:35 - [TEST_STEP][PASSED] - out.println("strNama = " + strNama): null

2024-01-22 18:09:35 - [TEST_STEP][PASSED] - out.println("Baris ke = " + rowIndex): null

2024-01-22 18:09:35 - [TEST_STEP][PASSED] - click(findTestObject("Stockbit/input__BandarmologyOpenStartDate")): Object: 'Object Repository/Stockbit/input__BandarmologyOpenStartDate' is clicked on

2024-01-22 18:09:37 - [MESSAGE][PASSED] - Object: 'Object Repository/Stockbit/input__BandarmologyOpenStartDate' is clicked on

2024-01-22 18:09:37 - [TEST_STEP][PASSED] - sendKeys(findTestObject("Stockbit/input__BandarmologyOpenStartDate"), Keys.chord(CONTROL, "a")): Keys 'CONTROL + a' sent to object: 'Object Repository/Stockbit/input__BandarmologyOpenStartDate'

2024-01-22 18:09:38 - [MESSAGE][PASSED] - Keys 'CONTROL + a' sent to object: 'Object Repository/Stockbit/input__BandarmologyOpenStartDate'

2024-01-22 18:09:38 - [TEST_STEP][PASSED] - sendKeys(findTestObject("Stockbit/input__BandarmologyOpenStartDate"), Keys.chord(BACK_SPACE)): Keys 'BACK_SPACE + ' sent to object: 'Object Repository/Stockbit/input__BandarmologyOpenStartDate'

2024-01-22 18:09:38 - [MESSAGE][PASSED] - Keys 'BACK_SPACE + ' sent to object: 'Object Repository/Stockbit/input__BandarmologyOpenStartDate'

2024-01-22 18:09:38 - [TEST_STEP][PASSED] - setText(findTestObject("Stockbit/input__BandarmologyOpenStartDate"), strTanggal): Text '2024-01-22' is set on object 'Object Repository/Stockbit/input__BandarmologyOpenStartDate'

2024-01-22 18:09:39 - [MESSAGE][PASSED] - Text '2024-01-22' is set on object 'Object Repository/Stockbit/input__BandarmologyOpenStartDate'

2024-01-22 18:09:39 - [TEST_STEP][PASSED] - sendKeys(findTestObject("Stockbit/input__BandarmologyOpenStartDate"), Keys.chord(ENTER)): Keys 'ENTER + ' sent to object: 'Object Repository/Stockbit/input__BandarmologyOpenStartDate'

2024-01-22 18:09:40 - [MESSAGE][PASSED] - Keys 'ENTER + ' sent to object: 'Object Repository/Stockbit/input__BandarmologyOpenStartDate'

2024-01-22 18:09:40 - [TEST_STEP][PASSED] - click(findTestObject("Stockbit/input__BandarmologyOpenEndDate")): Object: 'Object Repository/Stockbit/input__BandarmologyOpenEndDate' is clicked on

2024-01-22 18:09:40 - [MESSAGE][PASSED] - Object: 'Object Repository/Stockbit/input__BandarmologyOpenEndDate' is clicked on

2024-01-22 18:09:40 - [TEST_STEP][PASSED] - sendKeys(findTestObject("Stockbit/input__BandarmologyOpenEndDate"), Keys.chord(CONTROL, "a")): Keys 'CONTROL + a' sent to object: 'Object Repository/Stockbit/input__BandarmologyOpenEndDate'

2024-01-22 18:09:41 - [MESSAGE][PASSED] - Keys 'CONTROL + a' sent to object: 'Object Repository/Stockbit/input__BandarmologyOpenEndDate'

2024-01-22 18:09:41 - [TEST_STEP][PASSED] - sendKeys(findTestObject("Stockbit/input__BandarmologyOpenEndDate"), Keys.chord(BACK_SPACE)): Keys 'BACK_SPACE + ' sent to object: 'Object Repository/Stockbit/input__BandarmologyOpenEndDate'

2024-01-22 18:09:41 - [MESSAGE][PASSED] - Keys 'BACK_SPACE + ' sent to object: 'Object Repository/Stockbit/input__BandarmologyOpenEndDate'

2024-01-22 18:09:41 - [TEST_STEP][PASSED] - setText(findTestObject("Stockbit/input__BandarmologyOpenEndDate"), strTanggal): Text '2024-01-22' is set on object 'Object Repository/Stockbit/input__BandarmologyOpenEndDate'

2024-01-22 18:09:42 - [MESSAGE][PASSED] - Text '2024-01-22' is set on object 'Object Repository/Stockbit/input__BandarmologyOpenEndDate'

2024-01-22 18:09:42 - [TEST_STEP][PASSED] - sendKeys(findTestObject("Stockbit/input__BandarmologyOpenEndDate"), Keys.chord(ENTER)): Keys 'ENTER + ' sent to object: 'Object Repository/Stockbit/input__BandarmologyOpenEndDate'

2024-01-22 18:09:42 - [MESSAGE][PASSED] - Keys 'ENTER + ' sent to object: 'Object Repository/Stockbit/input__BandarmologyOpenEndDate'

2024-01-22 18:09:42 - [TEST_STEP][PASSED] - delay(2): Delayed 2 second(s)

2024-01-22 18:09:44 - [MESSAGE][PASSED] - Delayed 2 second(s)

2024-01-22 18:09:44 - [TEST_STEP][PASSED] - strTemp = getText(findTestObject("Stockbit/Bandarmology_AvgRP")): Text of object 'Object Repository/Stockbit/Bandarmology_AvgRP' is: '191'

2024-01-22 18:09:45 - [MESSAGE][PASSED] - Text of object 'Object Repository/Stockbit/Bandarmology_AvgRP' is: '191'

2024-01-22 18:09:45 - [TEST_STEP][PASSED] - out.println("Bandarmology_AvgRP = " + strTemp): null

2024-01-22 18:09:45 - [TEST_STEP][PASSED] - if (strTemp != "0"): null

2024-01-22 18:09:45 - [TEST_STEP][PASSED] - strTop1 = getText(findTestObject("Stockbit/Bandarmology_Top1")): Text of object 'Object Repository/Stockbit/Bandarmology_Top1' is: 'Small Dist'

2024-01-22 18:09:45 - [MESSAGE][PASSED] - Text of object 'Object Repository/Stockbit/Bandarmology_Top1' is: 'Small Dist'

2024-01-22 18:09:45 - [TEST_STEP][PASSED] - strTop3 = getText(findTestObject("Stockbit/Bandarmology_Top3")): Text of object 'Object Repository/Stockbit/Bandarmology_Top3' is: 'Neutral'

2024-01-22 18:09:45 - [MESSAGE][PASSED] - Text of object 'Object Repository/Stockbit/Bandarmology_Top3' is: 'Neutral'

2024-01-22 18:09:45 - [TEST_STEP][PASSED] - strTop5 = getText(findTestObject("Stockbit/Bandarmology_Top5")): Text of object 'Object Repository/Stockbit/Bandarmology_Top5' is: 'Neutral'

2024-01-22 18:09:45 - [MESSAGE][PASSED] - Text of object 'Object Repository/Stockbit/Bandarmology_Top5' is: 'Neutral'

2024-01-22 18:09:45 - [TEST_STEP][PASSED] - strAllBrokAvg = getText(findTestObject("Stockbit/Bandarmology_TopAVG")): Text of object 'Object Repository/Stockbit/Bandarmology_TopAVG' is: 'Neutral'

2024-01-22 18:09:45 - [MESSAGE][PASSED] - Text of object 'Object Repository/Stockbit/Bandarmology_TopAVG' is: 'Neutral'

2024-01-22 18:09:45 - [TEST_STEP][PASSED] - strTemp = getText(findTestObject("Stockbit/Bandarmology_AvgRP")): Text of object 'Object Repository/Stockbit/Bandarmology_AvgRP' is: '191'

2024-01-22 18:09:45 - [MESSAGE][PASSED] - Text of object 'Object Repository/Stockbit/Bandarmology_AvgRP' is: '191'

2024-01-22 18:09:45 - [TEST_STEP][PASSED] - if (strTemp.contains(",")): null

2024-01-22 18:09:45 - [TEST_STEP][PASSED] - intAvgRP = strTemp.toInteger(): null

2024-01-22 18:09:45 - [TEST_STEP][PASSED] - strBuyer1 = getText(findTestObject("Stockbit/Bandarmology_Buyer1")): Text of object 'Object Repository/Stockbit/Bandarmology_Buyer1' is: 'AZ'

2024-01-22 18:09:46 - [MESSAGE][PASSED] - Text of object 'Object Repository/Stockbit/Bandarmology_Buyer1' is: 'AZ'

2024-01-22 18:09:46 - [TEST_STEP][PASSED] - strBuyerVol1 = getText(findTestObject("Stockbit/Bandarmology_BuyerVol1")): Text of object 'Object Repository/Stockbit/Bandarmology_BuyerVol1' is: '350.4 K'

2024-01-22 18:09:46 - [MESSAGE][PASSED] - Text of object 'Object Repository/Stockbit/Bandarmology_BuyerVol1' is: '350.4 K'

2024-01-22 18:09:46 - [TEST_STEP][PASSED] - strBuyerAvg1 = getText(findTestObject("Stockbit/Bandarmology_BuyerAvg1")): Text of object 'Object Repository/Stockbit/Bandarmology_BuyerAvg1' is: '192'

2024-01-22 18:09:46 - [MESSAGE][PASSED] - Text of object 'Object Repository/Stockbit/Bandarmology_BuyerAvg1' is: '192'

2024-01-22 18:09:46 - [TEST_STEP][PASSED] - if (strBuyerAvg1.contains(",")): null

2024-01-22 18:09:46 - [TEST_STEP][PASSED] - if (strBuyerVol1.contains(" B")): null

2024-01-22 18:09:46 - [TEST_STEP][PASSED] - else if (strBuyerVol1.contains(" M")): null

2024-01-22 18:09:46 - [TEST_STEP][PASSED] - else if (strBuyerVol1.contains(" K")): null

2024-01-22 18:09:46 - [TEST_STEP][PASSED] - strBuyerVol1 = strBuyerVol1.replace(" K", ""): null

2024-01-22 18:09:46 - [TEST_STEP][PASSED] - strBuyerVol1 = strBuyerVol1.toDouble() * 1000: null

2024-01-22 18:09:46 - [TEST_STEP][PASSED] - strSeller1 = getText(findTestObject("Stockbit/Bandarmology_Seller1")): Text of object 'Object Repository/Stockbit/Bandarmology_Seller1' is: 'RF'

2024-01-22 18:09:46 - [MESSAGE][PASSED] - Text of object 'Object Repository/Stockbit/Bandarmology_Seller1' is: 'RF'

2024-01-22 18:09:46 - [TEST_STEP][PASSED] - strSellerVol1 = getText(findTestObject("Stockbit/Bandarmology_SellerVol1")): Text of object 'Object Repository/Stockbit/Bandarmology_SellerVol1' is: '467.8 K'

2024-01-22 18:09:46 - [MESSAGE][PASSED] - Text of object 'Object Repository/Stockbit/Bandarmology_SellerVol1' is: '467.8 K'

2024-01-22 18:09:46 - [TEST_STEP][PASSED] - strSellerAvg1 = getText(findTestObject("Stockbit/Bandarmology_SellerAvg1")): Text of object 'Object Repository/Stockbit/Bandarmology_SellerAvg1' is: '192'

2024-01-22 18:09:46 - [MESSAGE][PASSED] - Text of object 'Object Repository/Stockbit/Bandarmology_SellerAvg1' is: '192'

2024-01-22 18:09:46 - [TEST_STEP][PASSED] - if (strSellerAvg1.contains(",")): null

2024-01-22 18:09:46 - [TEST_STEP][PASSED] - if (strSellerVol1.contains(" B")): null

2024-01-22 18:09:46 - [TEST_STEP][PASSED] - else if (strSellerVol1.contains(" M")): null

2024-01-22 18:09:46 - [TEST_STEP][PASSED] - else if (strSellerVol1.contains(" K")): null

2024-01-22 18:09:46 - [TEST_STEP][PASSED] - strSellerVol1 = strSellerVol1.replace(" K", ""): null

2024-01-22 18:09:46 - [TEST_STEP][PASSED] - strSellerVol1 = strSellerVol1.toDouble() * 1000: null

2024-01-22 18:09:46 - [TEST_STEP][PASSED] - if (verifyElementNotPresent(findTestObject("Stockbit/Bandarmology_Buyer2"), 1, OPTIONAL)): Web element with id: 'Object Repository/Stockbit/Bandarmology_Buyer2' located by 'By.xpath: //*[contains(@id, 'rc-tabs-')]/div[2]/div/div/div/div/div/div[2]/table/tbody/tr[3]/td[1]/p' is present after '1' second(s) (Root cause: com.kms.katalon.core.exception.StepFailedException: Web element with id: 'Object Repository/Stockbit/Bandarmology_Buyer2' located by 'By.xpath: //*[contains(@id, 'rc-tabs-')]/div[2]/div/div/div/div/div/div[2]/table/tbody/tr[3]/td[1]/p' is present after '1' second(s)
	at com.kms.katalon.core.webui.keyword.internal.WebUIKeywordMain.stepFailed(WebUIKeywordMain.groovy:64)
	at com.kms.katalon.core.webui.keyword.internal.WebUIKeywordMain$stepFailed$0.call(Unknown Source)
	at com.kms.katalon.core.webui.keyword.builtin.VerifyElementNotPresentKeyword$_verifyElementNotPresent_closure1.doCall(VerifyElementNotPresentKeyword.groovy:106)
	at com.kms.katalon.core.webui.keyword.builtin.VerifyElementNotPresentKeyword$_verifyElementNotPresent_closure1.doCall(VerifyElementNotPresentKeyword.groovy)
	at com.kms.katalon.core.webui.keyword.internal.WebUIKeywordMain.runKeyword(WebUIKeywordMain.groovy:20)
	at com.kms.katalon.core.webui.keyword.internal.WebUIKeywordMain$runKeyword.call(Unknown Source)
	at com.kms.katalon.core.webui.keyword.builtin.VerifyElementNotPresentKeyword.verifyElementNotPresent(VerifyElementNotPresentKeyword.groovy:117)
	at com.kms.katalon.core.webui.keyword.builtin.VerifyElementNotPresentKeyword.execute(VerifyElementNotPresentKeyword.groovy:68)
	at com.kms.katalon.core.keyword.internal.KeywordExecutor.executeKeywordForPlatform(KeywordExecutor.groovy:74)
	at com.kms.katalon.core.webui.keyword.WebUiBuiltInKeywords.verifyElementNotPresent(WebUiBuiltInKeywords.groovy:1481)
	at com.kms.katalon.core.webui.keyword.WebUiBuiltInKeywords$verifyElementNotPresent$8.call(Unknown Source)
	at GetBrokSumPriceDaily.run(GetBrokSumPriceDaily:258)
	at com.kms.katalon.core.main.ScriptEngine.run(ScriptEngine.java:194)
	at com.kms.katalon.core.main.ScriptEngine.runScriptAsRawText(ScriptEngine.java:119)
	at com.kms.katalon.core.main.TestCaseExecutor.runScript(TestCaseExecutor.java:445)
	at com.kms.katalon.core.main.TestCaseExecutor.doExecute(TestCaseExecutor.java:436)
	at com.kms.katalon.core.main.TestCaseExecutor.processExecutionPhase(TestCaseExecutor.java:415)
	at com.kms.katalon.core.main.TestCaseExecutor.accessMainPhase(TestCaseExecutor.java:407)
	at com.kms.katalon.core.main.TestCaseExecutor.execute(TestCaseExecutor.java:284)
	at com.kms.katalon.core.common.CommonExecutor.accessTestCaseMainPhase(CommonExecutor.java:65)
	at com.kms.katalon.core.main.TestSuiteExecutor.accessTestSuiteMainPhase(TestSuiteExecutor.java:144)
	at com.kms.katalon.core.main.TestSuiteExecutor.execute(TestSuiteExecutor.java:106)
	at com.kms.katalon.core.main.TestCaseMain.startTestSuite(TestCaseMain.java:185)
	at com.kms.katalon.core.main.TestCaseMain$startTestSuite$0.call(Unknown Source)
	at TempTestSuite1705920083951.run(TempTestSuite1705920083951.groovy:36)
)

2024-01-22 18:09:48 - [MESSAGE][WARNING] - Web element with id: 'Object Repository/Stockbit/Bandarmology_Buyer2' located by 'By.xpath: //*[contains(@id, 'rc-tabs-')]/div[2]/div/div/div/div/div/div[2]/table/tbody/tr[3]/td[1]/p' is present after '1' second(s) (Root cause: com.kms.katalon.core.exception.StepFailedException: Web element with id: 'Object Repository/Stockbit/Bandarmology_Buyer2' located by 'By.xpath: //*[contains(@id, 'rc-tabs-')]/div[2]/div/div/div/div/div/div[2]/table/tbody/tr[3]/td[1]/p' is present after '1' second(s)
	at com.kms.katalon.core.webui.keyword.internal.WebUIKeywordMain.stepFailed(WebUIKeywordMain.groovy:64)
	at com.kms.katalon.core.webui.keyword.internal.WebUIKeywordMain$stepFailed$0.call(Unknown Source)
	at com.kms.katalon.core.webui.keyword.builtin.VerifyElementNotPresentKeyword$_verifyElementNotPresent_closure1.doCall(VerifyElementNotPresentKeyword.groovy:106)
	at com.kms.katalon.core.webui.keyword.builtin.VerifyElementNotPresentKeyword$_verifyElementNotPresent_closure1.doCall(VerifyElementNotPresentKeyword.groovy)
	at com.kms.katalon.core.webui.keyword.internal.WebUIKeywordMain.runKeyword(WebUIKeywordMain.groovy:20)
	at com.kms.katalon.core.webui.keyword.internal.WebUIKeywordMain$runKeyword.call(Unknown Source)
	at com.kms.katalon.core.webui.keyword.builtin.VerifyElementNotPresentKeyword.verifyElementNotPresent(VerifyElementNotPresentKeyword.groovy:117)
	at com.kms.katalon.core.webui.keyword.builtin.VerifyElementNotPresentKeyword.execute(VerifyElementNotPresentKeyword.groovy:68)
	at com.kms.katalon.core.keyword.internal.KeywordExecutor.executeKeywordForPlatform(KeywordExecutor.groovy:74)
	at com.kms.katalon.core.webui.keyword.WebUiBuiltInKeywords.verifyElementNotPresent(WebUiBuiltInKeywords.groovy:1481)
	at com.kms.katalon.core.webui.keyword.WebUiBuiltInKeywords$verifyElementNotPresent$8.call(Unknown Source)
	at GetBrokSumPriceDaily.run(GetBrokSumPriceDaily:258)
	at com.kms.katalon.core.main.ScriptEngine.run(ScriptEngine.java:194)
	at com.kms.katalon.core.main.ScriptEngine.runScriptAsRawText(ScriptEngine.java:119)
	at com.kms.katalon.core.main.TestCaseExecutor.runScript(TestCaseExecutor.java:445)
	at com.kms.katalon.core.main.TestCaseExecutor.doExecute(TestCaseExecutor.java:436)
	at com.kms.katalon.core.main.TestCaseExecutor.processExecutionPhase(TestCaseExecutor.java:415)
	at com.kms.katalon.core.main.TestCaseExecutor.accessMainPhase(TestCaseExecutor.java:407)
	at com.kms.katalon.core.main.TestCaseExecutor.execute(TestCaseExecutor.java:284)
	at com.kms.katalon.core.common.CommonExecutor.accessTestCaseMainPhase(CommonExecutor.java:65)
	at com.kms.katalon.core.main.TestSuiteExecutor.accessTestSuiteMainPhase(TestSuiteExecutor.java:144)
	at com.kms.katalon.core.main.TestSuiteExecutor.execute(TestSuiteExecutor.java:106)
	at com.kms.katalon.core.main.TestCaseMain.startTestSuite(TestCaseMain.java:185)
	at com.kms.katalon.core.main.TestCaseMain$startTestSuite$0.call(Unknown Source)
	at TempTestSuite1705920083951.run(TempTestSuite1705920083951.groovy:36)
)
[[ATTACHMENT|C:\\Users\\Fadli\\git\\KatalonDailyGetData2\\Reports\\20240122_174123\\TS1\\20240122_174123\\1705921788040.png]]

2024-01-22 18:09:48 - [TEST_STEP][PASSED] - else: null

2024-01-22 18:09:48 - [TEST_STEP][PASSED] - strBuyer2 = getText(findTestObject("Stockbit/Bandarmology_Buyer2")): Text of object 'Object Repository/Stockbit/Bandarmology_Buyer2' is: 'AI'

2024-01-22 18:09:48 - [MESSAGE][PASSED] - Text of object 'Object Repository/Stockbit/Bandarmology_Buyer2' is: 'AI'

2024-01-22 18:09:48 - [TEST_STEP][PASSED] - strBuyerVol2 = getText(findTestObject("Stockbit/Bandarmology_BuyerVol2")): Text of object 'Object Repository/Stockbit/Bandarmology_BuyerVol2' is: '319 K'

2024-01-22 18:09:48 - [MESSAGE][PASSED] - Text of object 'Object Repository/Stockbit/Bandarmology_BuyerVol2' is: '319 K'

2024-01-22 18:09:48 - [TEST_STEP][PASSED] - strBuyerAvg2 = getText(findTestObject("Stockbit/Bandarmology_BuyerAvg2")): Text of object 'Object Repository/Stockbit/Bandarmology_BuyerAvg2' is: '192'

2024-01-22 18:09:48 - [MESSAGE][PASSED] - Text of object 'Object Repository/Stockbit/Bandarmology_BuyerAvg2' is: '192'

2024-01-22 18:09:48 - [TEST_STEP][PASSED] - if (strBuyer2 != ""): null

2024-01-22 18:09:48 - [TEST_STEP][PASSED] - if (strBuyerAvg2.contains(",")): null

2024-01-22 18:09:48 - [TEST_STEP][PASSED] - if (strBuyerVol2.contains(" B")): null

2024-01-22 18:09:48 - [TEST_STEP][PASSED] - else if (strBuyerVol2.contains(" M")): null

2024-01-22 18:09:48 - [TEST_STEP][PASSED] - else if (strBuyerVol2.contains(" K")): null

2024-01-22 18:09:48 - [TEST_STEP][PASSED] - strBuyerVol2 = strBuyerVol2.replace(" K", ""): null

2024-01-22 18:09:48 - [TEST_STEP][PASSED] - strBuyerVol2 = strBuyerVol2.toDouble() * 1000: null

2024-01-22 18:09:48 - [TEST_STEP][PASSED] - if (strBuyerVol2.contains(".")): null

2024-01-22 18:09:48 - [TEST_STEP][PASSED] - strBuyerVal2 = strBuyerVol2.replace(".", ""): null

2024-01-22 18:09:48 - [TEST_STEP][PASSED] - if (verifyElementNotPresent(findTestObject("Stockbit/Bandarmology_Seller2"), 1, OPTIONAL)): Web element with id: 'Object Repository/Stockbit/Bandarmology_Seller2' located by 'By.xpath: //*[contains(@id, 'rc-tabs-')]/div[2]/div/div/div/div/div/div[2]/table/tbody/tr[3]/td[5]/p' is present after '1' second(s) (Root cause: com.kms.katalon.core.exception.StepFailedException: Web element with id: 'Object Repository/Stockbit/Bandarmology_Seller2' located by 'By.xpath: //*[contains(@id, 'rc-tabs-')]/div[2]/div/div/div/div/div/div[2]/table/tbody/tr[3]/td[5]/p' is present after '1' second(s)
	at com.kms.katalon.core.webui.keyword.internal.WebUIKeywordMain.stepFailed(WebUIKeywordMain.groovy:64)
	at com.kms.katalon.core.webui.keyword.internal.WebUIKeywordMain$stepFailed$0.call(Unknown Source)
	at com.kms.katalon.core.webui.keyword.builtin.VerifyElementNotPresentKeyword$_verifyElementNotPresent_closure1.doCall(VerifyElementNotPresentKeyword.groovy:106)
	at com.kms.katalon.core.webui.keyword.builtin.VerifyElementNotPresentKeyword$_verifyElementNotPresent_closure1.doCall(VerifyElementNotPresentKeyword.groovy)
	at com.kms.katalon.core.webui.keyword.internal.WebUIKeywordMain.runKeyword(WebUIKeywordMain.groovy:20)
	at com.kms.katalon.core.webui.keyword.internal.WebUIKeywordMain$runKeyword.call(Unknown Source)
	at com.kms.katalon.core.webui.keyword.builtin.VerifyElementNotPresentKeyword.verifyElementNotPresent(VerifyElementNotPresentKeyword.groovy:117)
	at com.kms.katalon.core.webui.keyword.builtin.VerifyElementNotPresentKeyword.execute(VerifyElementNotPresentKeyword.groovy:68)
	at com.kms.katalon.core.keyword.internal.KeywordExecutor.executeKeywordForPlatform(KeywordExecutor.groovy:74)
	at com.kms.katalon.core.webui.keyword.WebUiBuiltInKeywords.verifyElementNotPresent(WebUiBuiltInKeywords.groovy:1481)
	at com.kms.katalon.core.webui.keyword.WebUiBuiltInKeywords$verifyElementNotPresent$8.call(Unknown Source)
	at GetBrokSumPriceDaily.run(GetBrokSumPriceDaily:309)
	at com.kms.katalon.core.main.ScriptEngine.run(ScriptEngine.java:194)
	at com.kms.katalon.core.main.ScriptEngine.runScriptAsRawText(ScriptEngine.java:119)
	at com.kms.katalon.core.main.TestCaseExecutor.runScript(TestCaseExecutor.java:445)
	at com.kms.katalon.core.main.TestCaseExecutor.doExecute(TestCaseExecutor.java:436)
	at com.kms.katalon.core.main.TestCaseExecutor.processExecutionPhase(TestCaseExecutor.java:415)
	at com.kms.katalon.core.main.TestCaseExecutor.accessMainPhase(TestCaseExecutor.java:407)
	at com.kms.katalon.core.main.TestCaseExecutor.execute(TestCaseExecutor.java:284)
	at com.kms.katalon.core.common.CommonExecutor.accessTestCaseMainPhase(CommonExecutor.java:65)
	at com.kms.katalon.core.main.TestSuiteExecutor.accessTestSuiteMainPhase(TestSuiteExecutor.java:144)
	at com.kms.katalon.core.main.TestSuiteExecutor.execute(TestSuiteExecutor.java:106)
	at com.kms.katalon.core.main.TestCaseMain.startTestSuite(TestCaseMain.java:185)
	at com.kms.katalon.core.main.TestCaseMain$startTestSuite$0.call(Unknown Source)
	at TempTestSuite1705920083951.run(TempTestSuite1705920083951.groovy:36)
)

2024-01-22 18:09:50 - [MESSAGE][WARNING] - Web element with id: 'Object Repository/Stockbit/Bandarmology_Seller2' located by 'By.xpath: //*[contains(@id, 'rc-tabs-')]/div[2]/div/div/div/div/div/div[2]/table/tbody/tr[3]/td[5]/p' is present after '1' second(s) (Root cause: com.kms.katalon.core.exception.StepFailedException: Web element with id: 'Object Repository/Stockbit/Bandarmology_Seller2' located by 'By.xpath: //*[contains(@id, 'rc-tabs-')]/div[2]/div/div/div/div/div/div[2]/table/tbody/tr[3]/td[5]/p' is present after '1' second(s)
	at com.kms.katalon.core.webui.keyword.internal.WebUIKeywordMain.stepFailed(WebUIKeywordMain.groovy:64)
	at com.kms.katalon.core.webui.keyword.internal.WebUIKeywordMain$stepFailed$0.call(Unknown Source)
	at com.kms.katalon.core.webui.keyword.builtin.VerifyElementNotPresentKeyword$_verifyElementNotPresent_closure1.doCall(VerifyElementNotPresentKeyword.groovy:106)
	at com.kms.katalon.core.webui.keyword.builtin.VerifyElementNotPresentKeyword$_verifyElementNotPresent_closure1.doCall(VerifyElementNotPresentKeyword.groovy)
	at com.kms.katalon.core.webui.keyword.internal.WebUIKeywordMain.runKeyword(WebUIKeywordMain.groovy:20)
	at com.kms.katalon.core.webui.keyword.internal.WebUIKeywordMain$runKeyword.call(Unknown Source)
	at com.kms.katalon.core.webui.keyword.builtin.VerifyElementNotPresentKeyword.verifyElementNotPresent(VerifyElementNotPresentKeyword.groovy:117)
	at com.kms.katalon.core.webui.keyword.builtin.VerifyElementNotPresentKeyword.execute(VerifyElementNotPresentKeyword.groovy:68)
	at com.kms.katalon.core.keyword.internal.KeywordExecutor.executeKeywordForPlatform(KeywordExecutor.groovy:74)
	at com.kms.katalon.core.webui.keyword.WebUiBuiltInKeywords.verifyElementNotPresent(WebUiBuiltInKeywords.groovy:1481)
	at com.kms.katalon.core.webui.keyword.WebUiBuiltInKeywords$verifyElementNotPresent$8.call(Unknown Source)
	at GetBrokSumPriceDaily.run(GetBrokSumPriceDaily:309)
	at com.kms.katalon.core.main.ScriptEngine.run(ScriptEngine.java:194)
	at com.kms.katalon.core.main.ScriptEngine.runScriptAsRawText(ScriptEngine.java:119)
	at com.kms.katalon.core.main.TestCaseExecutor.runScript(TestCaseExecutor.java:445)
	at com.kms.katalon.core.main.TestCaseExecutor.doExecute(TestCaseExecutor.java:436)
	at com.kms.katalon.core.main.TestCaseExecutor.processExecutionPhase(TestCaseExecutor.java:415)
	at com.kms.katalon.core.main.TestCaseExecutor.accessMainPhase(TestCaseExecutor.java:407)
	at com.kms.katalon.core.main.TestCaseExecutor.execute(TestCaseExecutor.java:284)
	at com.kms.katalon.core.common.CommonExecutor.accessTestCaseMainPhase(CommonExecutor.java:65)
	at com.kms.katalon.core.main.TestSuiteExecutor.accessTestSuiteMainPhase(TestSuiteExecutor.java:144)
	at com.kms.katalon.core.main.TestSuiteExecutor.execute(TestSuiteExecutor.java:106)
	at com.kms.katalon.core.main.TestCaseMain.startTestSuite(TestCaseMain.java:185)
	at com.kms.katalon.core.main.TestCaseMain$startTestSuite$0.call(Unknown Source)
	at TempTestSuite1705920083951.run(TempTestSuite1705920083951.groovy:36)
)
[[ATTACHMENT|C:\\Users\\Fadli\\git\\KatalonDailyGetData2\\Reports\\20240122_174123\\TS1\\20240122_174123\\1705921789950.png]]

2024-01-22 18:09:50 - [TEST_STEP][PASSED] - else: null

2024-01-22 18:09:50 - [TEST_STEP][PASSED] - strSeller2 = getText(findTestObject("Stockbit/Bandarmology_Seller2")): Text of object 'Object Repository/Stockbit/Bandarmology_Seller2' is: 'BB'

2024-01-22 18:09:50 - [MESSAGE][PASSED] - Text of object 'Object Repository/Stockbit/Bandarmology_Seller2' is: 'BB'

2024-01-22 18:09:50 - [TEST_STEP][PASSED] - strSellerVol2 = getText(findTestObject("Stockbit/Bandarmology_SellerVol2")): Text of object 'Object Repository/Stockbit/Bandarmology_SellerVol2' is: '279.6 K'

2024-01-22 18:09:50 - [MESSAGE][PASSED] - Text of object 'Object Repository/Stockbit/Bandarmology_SellerVol2' is: '279.6 K'

2024-01-22 18:09:50 - [TEST_STEP][PASSED] - strSellerAvg2 = getText(findTestObject("Stockbit/Bandarmology_SellerAvg2")): Text of object 'Object Repository/Stockbit/Bandarmology_SellerAvg2' is: '191'

2024-01-22 18:09:50 - [MESSAGE][PASSED] - Text of object 'Object Repository/Stockbit/Bandarmology_SellerAvg2' is: '191'

2024-01-22 18:09:50 - [TEST_STEP][PASSED] - if (strSeller2 != ""): null

2024-01-22 18:09:50 - [TEST_STEP][PASSED] - if (strSellerAvg2.contains(",")): null

2024-01-22 18:09:50 - [TEST_STEP][PASSED] - if (strSellerVol2.contains(" B")): null

2024-01-22 18:09:50 - [TEST_STEP][PASSED] - else if (strSellerVol2.contains(" M")): null

2024-01-22 18:09:50 - [TEST_STEP][PASSED] - else if (strSellerVol2.contains(" K")): null

2024-01-22 18:09:50 - [TEST_STEP][PASSED] - strSellerVol2 = strSellerVol2.replace(" K", ""): null

2024-01-22 18:09:50 - [TEST_STEP][PASSED] - strSellerVol2 = strSellerVol2.toDouble() * 1000: null

2024-01-22 18:09:50 - [TEST_STEP][PASSED] - if (verifyElementNotPresent(findTestObject("Stockbit/Bandarmology_Buyer3"), 1, OPTIONAL)): Web element with id: 'Object Repository/Stockbit/Bandarmology_Buyer3' located by 'By.xpath: //*[contains(@id, 'rc-tabs-')]/div[2]/div/div/div/div/div/div[2]/table/tbody/tr[4]/td[1]/p' is present after '1' second(s) (Root cause: com.kms.katalon.core.exception.StepFailedException: Web element with id: 'Object Repository/Stockbit/Bandarmology_Buyer3' located by 'By.xpath: //*[contains(@id, 'rc-tabs-')]/div[2]/div/div/div/div/div/div[2]/table/tbody/tr[4]/td[1]/p' is present after '1' second(s)
	at com.kms.katalon.core.webui.keyword.internal.WebUIKeywordMain.stepFailed(WebUIKeywordMain.groovy:64)
	at com.kms.katalon.core.webui.keyword.internal.WebUIKeywordMain$stepFailed$0.call(Unknown Source)
	at com.kms.katalon.core.webui.keyword.builtin.VerifyElementNotPresentKeyword$_verifyElementNotPresent_closure1.doCall(VerifyElementNotPresentKeyword.groovy:106)
	at com.kms.katalon.core.webui.keyword.builtin.VerifyElementNotPresentKeyword$_verifyElementNotPresent_closure1.doCall(VerifyElementNotPresentKeyword.groovy)
	at com.kms.katalon.core.webui.keyword.internal.WebUIKeywordMain.runKeyword(WebUIKeywordMain.groovy:20)
	at com.kms.katalon.core.webui.keyword.internal.WebUIKeywordMain$runKeyword.call(Unknown Source)
	at com.kms.katalon.core.webui.keyword.builtin.VerifyElementNotPresentKeyword.verifyElementNotPresent(VerifyElementNotPresentKeyword.groovy:117)
	at com.kms.katalon.core.webui.keyword.builtin.VerifyElementNotPresentKeyword.execute(VerifyElementNotPresentKeyword.groovy:68)
	at com.kms.katalon.core.keyword.internal.KeywordExecutor.executeKeywordForPlatform(KeywordExecutor.groovy:74)
	at com.kms.katalon.core.webui.keyword.WebUiBuiltInKeywords.verifyElementNotPresent(WebUiBuiltInKeywords.groovy:1481)
	at com.kms.katalon.core.webui.keyword.WebUiBuiltInKeywords$verifyElementNotPresent$8.call(Unknown Source)
	at GetBrokSumPriceDaily.run(GetBrokSumPriceDaily:361)
	at com.kms.katalon.core.main.ScriptEngine.run(ScriptEngine.java:194)
	at com.kms.katalon.core.main.ScriptEngine.runScriptAsRawText(ScriptEngine.java:119)
	at com.kms.katalon.core.main.TestCaseExecutor.runScript(TestCaseExecutor.java:445)
	at com.kms.katalon.core.main.TestCaseExecutor.doExecute(TestCaseExecutor.java:436)
	at com.kms.katalon.core.main.TestCaseExecutor.processExecutionPhase(TestCaseExecutor.java:415)
	at com.kms.katalon.core.main.TestCaseExecutor.accessMainPhase(TestCaseExecutor.java:407)
	at com.kms.katalon.core.main.TestCaseExecutor.execute(TestCaseExecutor.java:284)
	at com.kms.katalon.core.common.CommonExecutor.accessTestCaseMainPhase(CommonExecutor.java:65)
	at com.kms.katalon.core.main.TestSuiteExecutor.accessTestSuiteMainPhase(TestSuiteExecutor.java:144)
	at com.kms.katalon.core.main.TestSuiteExecutor.execute(TestSuiteExecutor.java:106)
	at com.kms.katalon.core.main.TestCaseMain.startTestSuite(TestCaseMain.java:185)
	at com.kms.katalon.core.main.TestCaseMain$startTestSuite$0.call(Unknown Source)
	at TempTestSuite1705920083951.run(TempTestSuite1705920083951.groovy:36)
)

2024-01-22 18:09:52 - [MESSAGE][WARNING] - Web element with id: 'Object Repository/Stockbit/Bandarmology_Buyer3' located by 'By.xpath: //*[contains(@id, 'rc-tabs-')]/div[2]/div/div/div/div/div/div[2]/table/tbody/tr[4]/td[1]/p' is present after '1' second(s) (Root cause: com.kms.katalon.core.exception.StepFailedException: Web element with id: 'Object Repository/Stockbit/Bandarmology_Buyer3' located by 'By.xpath: //*[contains(@id, 'rc-tabs-')]/div[2]/div/div/div/div/div/div[2]/table/tbody/tr[4]/td[1]/p' is present after '1' second(s)
	at com.kms.katalon.core.webui.keyword.internal.WebUIKeywordMain.stepFailed(WebUIKeywordMain.groovy:64)
	at com.kms.katalon.core.webui.keyword.internal.WebUIKeywordMain$stepFailed$0.call(Unknown Source)
	at com.kms.katalon.core.webui.keyword.builtin.VerifyElementNotPresentKeyword$_verifyElementNotPresent_closure1.doCall(VerifyElementNotPresentKeyword.groovy:106)
	at com.kms.katalon.core.webui.keyword.builtin.VerifyElementNotPresentKeyword$_verifyElementNotPresent_closure1.doCall(VerifyElementNotPresentKeyword.groovy)
	at com.kms.katalon.core.webui.keyword.internal.WebUIKeywordMain.runKeyword(WebUIKeywordMain.groovy:20)
	at com.kms.katalon.core.webui.keyword.internal.WebUIKeywordMain$runKeyword.call(Unknown Source)
	at com.kms.katalon.core.webui.keyword.builtin.VerifyElementNotPresentKeyword.verifyElementNotPresent(VerifyElementNotPresentKeyword.groovy:117)
	at com.kms.katalon.core.webui.keyword.builtin.VerifyElementNotPresentKeyword.execute(VerifyElementNotPresentKeyword.groovy:68)
	at com.kms.katalon.core.keyword.internal.KeywordExecutor.executeKeywordForPlatform(KeywordExecutor.groovy:74)
	at com.kms.katalon.core.webui.keyword.WebUiBuiltInKeywords.verifyElementNotPresent(WebUiBuiltInKeywords.groovy:1481)
	at com.kms.katalon.core.webui.keyword.WebUiBuiltInKeywords$verifyElementNotPresent$8.call(Unknown Source)
	at GetBrokSumPriceDaily.run(GetBrokSumPriceDaily:361)
	at com.kms.katalon.core.main.ScriptEngine.run(ScriptEngine.java:194)
	at com.kms.katalon.core.main.ScriptEngine.runScriptAsRawText(ScriptEngine.java:119)
	at com.kms.katalon.core.main.TestCaseExecutor.runScript(TestCaseExecutor.java:445)
	at com.kms.katalon.core.main.TestCaseExecutor.doExecute(TestCaseExecutor.java:436)
	at com.kms.katalon.core.main.TestCaseExecutor.processExecutionPhase(TestCaseExecutor.java:415)
	at com.kms.katalon.core.main.TestCaseExecutor.accessMainPhase(TestCaseExecutor.java:407)
	at com.kms.katalon.core.main.TestCaseExecutor.execute(TestCaseExecutor.java:284)
	at com.kms.katalon.core.common.CommonExecutor.accessTestCaseMainPhase(CommonExecutor.java:65)
	at com.kms.katalon.core.main.TestSuiteExecutor.accessTestSuiteMainPhase(TestSuiteExecutor.java:144)
	at com.kms.katalon.core.main.TestSuiteExecutor.execute(TestSuiteExecutor.java:106)
	at com.kms.katalon.core.main.TestCaseMain.startTestSuite(TestCaseMain.java:185)
	at com.kms.katalon.core.main.TestCaseMain$startTestSuite$0.call(Unknown Source)
	at TempTestSuite1705920083951.run(TempTestSuite1705920083951.groovy:36)
)
[[ATTACHMENT|C:\\Users\\Fadli\\git\\KatalonDailyGetData2\\Reports\\20240122_174123\\TS1\\20240122_174123\\1705921791872.png]]

2024-01-22 18:09:52 - [TEST_STEP][PASSED] - else: null

2024-01-22 18:09:52 - [TEST_STEP][PASSED] - strBuyer3 = getText(findTestObject("Stockbit/Bandarmology_Buyer3")): Text of object 'Object Repository/Stockbit/Bandarmology_Buyer3' is: 'YU'

2024-01-22 18:09:52 - [MESSAGE][PASSED] - Text of object 'Object Repository/Stockbit/Bandarmology_Buyer3' is: 'YU'

2024-01-22 18:09:52 - [TEST_STEP][PASSED] - strBuyerVol3 = getText(findTestObject("Stockbit/Bandarmology_BuyerVol3")): Text of object 'Object Repository/Stockbit/Bandarmology_BuyerVol3' is: '262.1 K'

2024-01-22 18:09:52 - [MESSAGE][PASSED] - Text of object 'Object Repository/Stockbit/Bandarmology_BuyerVol3' is: '262.1 K'

2024-01-22 18:09:52 - [TEST_STEP][PASSED] - strBuyerAvg3 = getText(findTestObject("Stockbit/Bandarmology_BuyerAvg3")): Text of object 'Object Repository/Stockbit/Bandarmology_BuyerAvg3' is: '192'

2024-01-22 18:09:52 - [MESSAGE][PASSED] - Text of object 'Object Repository/Stockbit/Bandarmology_BuyerAvg3' is: '192'

2024-01-22 18:09:52 - [TEST_STEP][PASSED] - if (strBuyer3 != ""): null

2024-01-22 18:09:52 - [TEST_STEP][PASSED] - if (strBuyerAvg3.contains(",")): null

2024-01-22 18:09:52 - [TEST_STEP][PASSED] - if (strBuyerVol3.contains(" B")): null

2024-01-22 18:09:52 - [TEST_STEP][PASSED] - else if (strBuyerVol3.contains(" M")): null

2024-01-22 18:09:52 - [TEST_STEP][PASSED] - else if (strBuyerVol3.contains(" K")): null

2024-01-22 18:09:52 - [TEST_STEP][PASSED] - strBuyerVol3 = strBuyerVol3.replace(" K", ""): null

2024-01-22 18:09:52 - [TEST_STEP][PASSED] - strBuyerVol3 = strBuyerVol3.toDouble() * 1000: null

2024-01-22 18:09:52 - [TEST_STEP][PASSED] - if (verifyElementNotPresent(findTestObject("Stockbit/Bandarmology_Seller3"), 1, OPTIONAL)): Web element with id: 'Object Repository/Stockbit/Bandarmology_Seller3' located by 'By.xpath: //*[contains(@id, 'rc-tabs-')]/div[2]/div/div/div/div/div/div[2]/table/tbody/tr[4]/td[5]/p' is present after '1' second(s) (Root cause: com.kms.katalon.core.exception.StepFailedException: Web element with id: 'Object Repository/Stockbit/Bandarmology_Seller3' located by 'By.xpath: //*[contains(@id, 'rc-tabs-')]/div[2]/div/div/div/div/div/div[2]/table/tbody/tr[4]/td[5]/p' is present after '1' second(s)
	at com.kms.katalon.core.webui.keyword.internal.WebUIKeywordMain.stepFailed(WebUIKeywordMain.groovy:64)
	at com.kms.katalon.core.webui.keyword.internal.WebUIKeywordMain$stepFailed$0.call(Unknown Source)
	at com.kms.katalon.core.webui.keyword.builtin.VerifyElementNotPresentKeyword$_verifyElementNotPresent_closure1.doCall(VerifyElementNotPresentKeyword.groovy:106)
	at com.kms.katalon.core.webui.keyword.builtin.VerifyElementNotPresentKeyword$_verifyElementNotPresent_closure1.doCall(VerifyElementNotPresentKeyword.groovy)
	at com.kms.katalon.core.webui.keyword.internal.WebUIKeywordMain.runKeyword(WebUIKeywordMain.groovy:20)
	at com.kms.katalon.core.webui.keyword.internal.WebUIKeywordMain$runKeyword.call(Unknown Source)
	at com.kms.katalon.core.webui.keyword.builtin.VerifyElementNotPresentKeyword.verifyElementNotPresent(VerifyElementNotPresentKeyword.groovy:117)
	at com.kms.katalon.core.webui.keyword.builtin.VerifyElementNotPresentKeyword.execute(VerifyElementNotPresentKeyword.groovy:68)
	at com.kms.katalon.core.keyword.internal.KeywordExecutor.executeKeywordForPlatform(KeywordExecutor.groovy:74)
	at com.kms.katalon.core.webui.keyword.WebUiBuiltInKeywords.verifyElementNotPresent(WebUiBuiltInKeywords.groovy:1481)
	at com.kms.katalon.core.webui.keyword.WebUiBuiltInKeywords$verifyElementNotPresent$8.call(Unknown Source)
	at GetBrokSumPriceDaily.run(GetBrokSumPriceDaily:414)
	at com.kms.katalon.core.main.ScriptEngine.run(ScriptEngine.java:194)
	at com.kms.katalon.core.main.ScriptEngine.runScriptAsRawText(ScriptEngine.java:119)
	at com.kms.katalon.core.main.TestCaseExecutor.runScript(TestCaseExecutor.java:445)
	at com.kms.katalon.core.main.TestCaseExecutor.doExecute(TestCaseExecutor.java:436)
	at com.kms.katalon.core.main.TestCaseExecutor.processExecutionPhase(TestCaseExecutor.java:415)
	at com.kms.katalon.core.main.TestCaseExecutor.accessMainPhase(TestCaseExecutor.java:407)
	at com.kms.katalon.core.main.TestCaseExecutor.execute(TestCaseExecutor.java:284)
	at com.kms.katalon.core.common.CommonExecutor.accessTestCaseMainPhase(CommonExecutor.java:65)
	at com.kms.katalon.core.main.TestSuiteExecutor.accessTestSuiteMainPhase(TestSuiteExecutor.java:144)
	at com.kms.katalon.core.main.TestSuiteExecutor.execute(TestSuiteExecutor.java:106)
	at com.kms.katalon.core.main.TestCaseMain.startTestSuite(TestCaseMain.java:185)
	at com.kms.katalon.core.main.TestCaseMain$startTestSuite$0.call(Unknown Source)
	at TempTestSuite1705920083951.run(TempTestSuite1705920083951.groovy:36)
)

2024-01-22 18:09:54 - [MESSAGE][WARNING] - Web element with id: 'Object Repository/Stockbit/Bandarmology_Seller3' located by 'By.xpath: //*[contains(@id, 'rc-tabs-')]/div[2]/div/div/div/div/div/div[2]/table/tbody/tr[4]/td[5]/p' is present after '1' second(s) (Root cause: com.kms.katalon.core.exception.StepFailedException: Web element with id: 'Object Repository/Stockbit/Bandarmology_Seller3' located by 'By.xpath: //*[contains(@id, 'rc-tabs-')]/div[2]/div/div/div/div/div/div[2]/table/tbody/tr[4]/td[5]/p' is present after '1' second(s)
	at com.kms.katalon.core.webui.keyword.internal.WebUIKeywordMain.stepFailed(WebUIKeywordMain.groovy:64)
	at com.kms.katalon.core.webui.keyword.internal.WebUIKeywordMain$stepFailed$0.call(Unknown Source)
	at com.kms.katalon.core.webui.keyword.builtin.VerifyElementNotPresentKeyword$_verifyElementNotPresent_closure1.doCall(VerifyElementNotPresentKeyword.groovy:106)
	at com.kms.katalon.core.webui.keyword.builtin.VerifyElementNotPresentKeyword$_verifyElementNotPresent_closure1.doCall(VerifyElementNotPresentKeyword.groovy)
	at com.kms.katalon.core.webui.keyword.internal.WebUIKeywordMain.runKeyword(WebUIKeywordMain.groovy:20)
	at com.kms.katalon.core.webui.keyword.internal.WebUIKeywordMain$runKeyword.call(Unknown Source)
	at com.kms.katalon.core.webui.keyword.builtin.VerifyElementNotPresentKeyword.verifyElementNotPresent(VerifyElementNotPresentKeyword.groovy:117)
	at com.kms.katalon.core.webui.keyword.builtin.VerifyElementNotPresentKeyword.execute(VerifyElementNotPresentKeyword.groovy:68)
	at com.kms.katalon.core.keyword.internal.KeywordExecutor.executeKeywordForPlatform(KeywordExecutor.groovy:74)
	at com.kms.katalon.core.webui.keyword.WebUiBuiltInKeywords.verifyElementNotPresent(WebUiBuiltInKeywords.groovy:1481)
	at com.kms.katalon.core.webui.keyword.WebUiBuiltInKeywords$verifyElementNotPresent$8.call(Unknown Source)
	at GetBrokSumPriceDaily.run(GetBrokSumPriceDaily:414)
	at com.kms.katalon.core.main.ScriptEngine.run(ScriptEngine.java:194)
	at com.kms.katalon.core.main.ScriptEngine.runScriptAsRawText(ScriptEngine.java:119)
	at com.kms.katalon.core.main.TestCaseExecutor.runScript(TestCaseExecutor.java:445)
	at com.kms.katalon.core.main.TestCaseExecutor.doExecute(TestCaseExecutor.java:436)
	at com.kms.katalon.core.main.TestCaseExecutor.processExecutionPhase(TestCaseExecutor.java:415)
	at com.kms.katalon.core.main.TestCaseExecutor.accessMainPhase(TestCaseExecutor.java:407)
	at com.kms.katalon.core.main.TestCaseExecutor.execute(TestCaseExecutor.java:284)
	at com.kms.katalon.core.common.CommonExecutor.accessTestCaseMainPhase(CommonExecutor.java:65)
	at com.kms.katalon.core.main.TestSuiteExecutor.accessTestSuiteMainPhase(TestSuiteExecutor.java:144)
	at com.kms.katalon.core.main.TestSuiteExecutor.execute(TestSuiteExecutor.java:106)
	at com.kms.katalon.core.main.TestCaseMain.startTestSuite(TestCaseMain.java:185)
	at com.kms.katalon.core.main.TestCaseMain$startTestSuite$0.call(Unknown Source)
	at TempTestSuite1705920083951.run(TempTestSuite1705920083951.groovy:36)
)
[[ATTACHMENT|C:\\Users\\Fadli\\git\\KatalonDailyGetData2\\Reports\\20240122_174123\\TS1\\20240122_174123\\1705921793781.png]]

2024-01-22 18:09:54 - [TEST_STEP][PASSED] - else: null

2024-01-22 18:09:54 - [TEST_STEP][PASSED] - strSeller3 = getText(findTestObject("Stockbit/Bandarmology_Seller3")): Text of object 'Object Repository/Stockbit/Bandarmology_Seller3' is: 'PD'

2024-01-22 18:09:54 - [MESSAGE][PASSED] - Text of object 'Object Repository/Stockbit/Bandarmology_Seller3' is: 'PD'

2024-01-22 18:09:54 - [TEST_STEP][PASSED] - strSellerVol3 = getText(findTestObject("Stockbit/Bandarmology_SellerVol3")): Text of object 'Object Repository/Stockbit/Bandarmology_SellerVol3' is: '246.4 K'

2024-01-22 18:09:54 - [MESSAGE][PASSED] - Text of object 'Object Repository/Stockbit/Bandarmology_SellerVol3' is: '246.4 K'

2024-01-22 18:09:54 - [TEST_STEP][PASSED] - strSellerAvg3 = getText(findTestObject("Stockbit/Bandarmology_SellerAvg3")): Text of object 'Object Repository/Stockbit/Bandarmology_SellerAvg3' is: '191'

2024-01-22 18:09:54 - [MESSAGE][PASSED] - Text of object 'Object Repository/Stockbit/Bandarmology_SellerAvg3' is: '191'

2024-01-22 18:09:54 - [TEST_STEP][PASSED] - if (strSeller3 != ""): null

2024-01-22 18:09:54 - [TEST_STEP][PASSED] - if (strSellerAvg3.contains(",")): null

2024-01-22 18:09:54 - [TEST_STEP][PASSED] - if (strSellerVol3.contains(" B")): null

2024-01-22 18:09:54 - [TEST_STEP][PASSED] - else if (strSellerVol3.contains(" M")): null

2024-01-22 18:09:54 - [TEST_STEP][PASSED] - else if (strSellerVol3.contains(" K")): null

2024-01-22 18:09:54 - [TEST_STEP][PASSED] - strSellerVol3 = strSellerVol3.replace(" K", ""): null

2024-01-22 18:09:54 - [TEST_STEP][PASSED] - strSellerVol3 = strSellerVol3.toDouble() * 1000: null

2024-01-22 18:09:54 - [TEST_STEP][PASSED] - strAccDist = getText(findTestObject("Stockbit/Bandarmology_AccDist")): Text of object 'Object Repository/Stockbit/Bandarmology_AccDist' is: 'Dist'

2024-01-22 18:09:54 - [MESSAGE][PASSED] - Text of object 'Object Repository/Stockbit/Bandarmology_AccDist' is: 'Dist'

2024-01-22 18:09:54 - [TEST_STEP][PASSED] - strNetVol = getText(findTestObject("Stockbit/Bandarmology_NetVol")): Text of object 'Object Repository/Stockbit/Bandarmology_NetVol' is: '1,398,520'

2024-01-22 18:09:54 - [MESSAGE][PASSED] - Text of object 'Object Repository/Stockbit/Bandarmology_NetVol' is: '1,398,520'

2024-01-22 18:09:54 - [TEST_STEP][PASSED] - strNetVol = strNetVol.replace(",", ""): null

2024-01-22 18:09:54 - [TEST_STEP][PASSED] - strNetVal = getText(findTestObject("Stockbit/Bandarmology_NetVal")): Text of object 'Object Repository/Stockbit/Bandarmology_NetVal' is: '26.7 B'

2024-01-22 18:09:54 - [MESSAGE][PASSED] - Text of object 'Object Repository/Stockbit/Bandarmology_NetVal' is: '26.7 B'

2024-01-22 18:09:54 - [TEST_STEP][PASSED] - delay(3): Delayed 3 second(s)

2024-01-22 18:09:57 - [MESSAGE][PASSED] - Delayed 3 second(s)

2024-01-22 18:09:57 - [TEST_STEP][PASSED] - strOpenPrice = getText(findTestObject("Stockbit/Home_OpenPrice")): Text of object 'Object Repository/Stockbit/Home_OpenPrice' is: '196'

2024-01-22 18:09:58 - [MESSAGE][PASSED] - Text of object 'Object Repository/Stockbit/Home_OpenPrice' is: '196'

2024-01-22 18:09:58 - [TEST_STEP][PASSED] - strOpenPrice = strOpenPrice.replace(",", ""): null

2024-01-22 18:09:58 - [TEST_STEP][PASSED] - strLowPrice = getText(findTestObject("Stockbit/Home_LowPrice")): Text of object 'Object Repository/Stockbit/Home_LowPrice' is: '188'

2024-01-22 18:09:58 - [MESSAGE][PASSED] - Text of object 'Object Repository/Stockbit/Home_LowPrice' is: '188'

2024-01-22 18:09:58 - [TEST_STEP][PASSED] - strLowPrice = strLowPrice.replace(",", ""): null

2024-01-22 18:09:58 - [TEST_STEP][PASSED] - strHighPrice = getText(findTestObject("Stockbit/Home_HighPrice")): Text of object 'Object Repository/Stockbit/Home_HighPrice' is: '197'

2024-01-22 18:09:58 - [MESSAGE][PASSED] - Text of object 'Object Repository/Stockbit/Home_HighPrice' is: '197'

2024-01-22 18:09:58 - [TEST_STEP][PASSED] - strHighPrice = strHighPrice.replace(",", ""): null

2024-01-22 18:09:58 - [TEST_STEP][PASSED] - strClosePrice = getText(findTestObject("Stockbit/Home_ClosePrice")): Text of object 'Object Repository/Stockbit/Home_ClosePrice' is: '190'

2024-01-22 18:09:58 - [MESSAGE][PASSED] - Text of object 'Object Repository/Stockbit/Home_ClosePrice' is: '190'

2024-01-22 18:09:58 - [TEST_STEP][PASSED] - strClosePrice = strClosePrice.replace(",", ""): null

2024-01-22 18:09:58 - [TEST_STEP][PASSED] - strVol = getText(findTestObject("Stockbit/Home_Volume")): Text of object 'Object Repository/Stockbit/Home_Volume' is: '2,144 K'

2024-01-22 18:09:58 - [MESSAGE][PASSED] - Text of object 'Object Repository/Stockbit/Home_Volume' is: '2,144 K'

2024-01-22 18:09:58 - [TEST_STEP][PASSED] - if (strVol.contains(" K")): null

2024-01-22 18:09:58 - [TEST_STEP][PASSED] - strVol = strVol.replace(" K", "000"): null

2024-01-22 18:09:58 - [TEST_STEP][PASSED] - if (strVol.contains(",")): null

2024-01-22 18:09:58 - [TEST_STEP][PASSED] - strVol = strVol.replace(",", ""): null

2024-01-22 18:09:58 - [TEST_STEP][PASSED] - strChange = getText(findTestObject("Stockbit/Home_Change")): Text of object 'Object Repository/Stockbit/Home_Change' is: '-2.56%'

2024-01-22 18:09:59 - [MESSAGE][PASSED] - Text of object 'Object Repository/Stockbit/Home_Change' is: '-2.56%'

2024-01-22 18:09:59 - [TEST_STEP][PASSED] - strChange = strChange.replace("%", ""): null

2024-01-22 18:09:59 - [TEST_STEP][PASSED] - strFreq = getText(findTestObject("Stockbit/Home_Freq")): Text of object 'Object Repository/Stockbit/Home_Freq' is: '5,801'

2024-01-22 18:09:59 - [MESSAGE][PASSED] - Text of object 'Object Repository/Stockbit/Home_Freq' is: '5,801'

2024-01-22 18:09:59 - [TEST_STEP][PASSED] - if (strFreq.contains(",")): null

2024-01-22 18:09:59 - [TEST_STEP][PASSED] - strFreq = strFreq.replace(",", ""): null

2024-01-22 18:09:59 - [TEST_STEP][PASSED] - if (strFreq == "NA" || strFreq == ""): null

2024-01-22 18:09:59 - [TEST_STEP][PASSED] - else: null

2024-01-22 18:09:59 - [TEST_STEP][PASSED] - dblFreqAnal = strVol.toDouble() / strFreq.toDouble() * strFreq.toDouble() * strFreq.toDouble() * 100000000: null

2024-01-22 18:09:59 - [TEST_STEP][PASSED] - strFreqAnal = String.format("%.4f", dblFreqAnal): null

2024-01-22 18:09:59 - [TEST_STEP][PASSED] - out.println("Double strFreqAnal: " + strFreqAnal): null

2024-01-22 18:09:59 - [TEST_STEP][PASSED] - strTanggal = d.format(DateTimeFormatter.ofPattern("yyyy-MM-dd")): null

2024-01-22 18:09:59 - [TEST_STEP][PASSED] - strTanggal = "#" + strTanggal + "#": null

2024-01-22 18:09:59 - [TEST_STEP][PASSED] - strSQL = "select count(*) as JumBaris from TblBrokSum where Nama = '" + strNama + "' and Tanggal = " + strTanggal + "": null

2024-01-22 18:09:59 - [TEST_STEP][PASSED] - resultSet = statement.executeQuery(strSQL): null

2024-01-22 18:09:59 - [TEST_STEP][PASSED] - resultSet.next(): null

2024-01-22 18:09:59 - [TEST_STEP][PASSED] - intJumBaris = resultSet.getInt("JumBaris"): null

2024-01-22 18:09:59 - [TEST_STEP][PASSED] - if (intJumBaris > 0): null

2024-01-22 18:09:59 - [TEST_STEP][PASSED] - else: null

2024-01-22 18:09:59 - [TEST_STEP][PASSED] - try: null

2024-01-22 18:09:59 - [TEST_STEP][PASSED] - out.println("Insert data"): null

2024-01-22 18:09:59 - [TEST_STEP][PASSED] - strSQL = "insert into TblBrokSum (nama, tanggal, top1, top2, top3, AllBrokAvg, AccDist, AvgRP, " + "Buyer1, BuyerVal1, BuyerAvg1, Seller1, SellerVal1, SellerAvg1, Buyer2, BuyerVal2, BuyerAvg2, " + "Seller2, SellerVal2, SellerAvg2, Buyer3, BuyerVal3, BuyerAvg3, Seller3, SellerVal3, SellerAvg3, NetVol, NetVal, " + "OpenPrice, LowPrice, HighPrice, ClosePrice, Volume, Change, Frekuensi, FrekAnal) " + "values ('" + strNama + "', " + strTanggal + ", '" + strTop1 + "', '" + strTop3 + "', '" + strTop5 + "', " + "'" + strAllBrokAvg + "', '" + strAccDist + "', " + intAvgRP + ", '" + strBuyer1 + "', '" + strBuyerVol1 + "', " + strBuyerAvg1 + ", " + "'" + strSeller1 + "', '" + strSellerVol1 + "', " + strSellerAvg1 + ", '" + strBuyer2 + "', '" + strBuyerVol2 + "', " + strBuyerAvg2 + ", " + "'" + strSeller2 + "', '" + strSellerVol2 + "', " + strSellerAvg2 + ", '" + strBuyer3 + "', '" + strBuyerVol3 + "', " + strBuyerAvg3 + ", " + "'" + strSeller3 + "', '" + strSellerVol3 + "', " + strSellerAvg3 + ", " + strNetVol + ", '" + strNetVal + "', " + "" + strOpenPrice + ", " + strLowPrice + ", " + strHighPrice + ", " + strClosePrice + ", '" + strVol + "', " + strChange + ", " + strFreq + ", " + strFreqAnal + ");": null

2024-01-22 18:09:59 - [TEST_STEP][PASSED] - out.println("strSQL = " + strSQL): null

2024-01-22 18:09:59 - [TEST_STEP][PASSED] - statement.executeUpdate(strSQL): null

2024-01-22 18:09:59 - [TEST_STEP][PASSED] - setValueToCellByIndex(sheet01, rowIndex, 4, "DONE"): null

2024-01-22 18:09:59 - [TEST_STEP][PASSED] - saveWorkbook(excelFilePath, workbook01): null

2024-01-22 18:09:59 - [TEST_STEP][PASSED] - waitForElementClickable(findTestObject("Stockbit/menu_Bandarmology"), 10): Object 'Object Repository/Stockbit/menu_Bandarmology' is clickable

2024-01-22 18:09:59 - [MESSAGE][PASSED] - Object 'Object Repository/Stockbit/menu_Bandarmology' is clickable

2024-01-22 18:09:59 - [TEST_STEP][PASSED] - click(findTestObject("Stockbit/menu_Bandarmology")): Object: 'Object Repository/Stockbit/menu_Bandarmology' is clicked on

2024-01-22 18:09:59 - [MESSAGE][PASSED] - Object: 'Object Repository/Stockbit/menu_Bandarmology' is clicked on

2024-01-22 18:09:59 - [TEST_STEP][PASSED] - strTemp = "NA": null

2024-01-22 18:09:59 - [TEST_STEP][PASSED] - if (getCellValueByIndex(sheet01, rowIndex, 4) != "DONE"): Object: 'Object Repository/Stockbit/menu_Bandarmology' is clicked on

2024-01-22 18:09:59 - [TEST_STEP][PASSED] - strNama = getCellValueByIndex(sheet01, rowIndex, 0): null

2024-01-22 18:09:59 - [TEST_STEP][PASSED] - navigateToUrl("https://stockbit.com/#/symbol/" + strNama): Navigate to 'https://stockbit.com/#/symbol/GZCO' successfully

2024-01-22 18:10:02 - [MESSAGE][PASSED] - Navigate to 'https://stockbit.com/#/symbol/GZCO' successfully

2024-01-22 18:10:02 - [TEST_STEP][PASSED] - waitForElementClickable(findTestObject("Stockbit/menu_Bandarmology"), 10): Object 'Object Repository/Stockbit/menu_Bandarmology' is clickable

2024-01-22 18:10:02 - [MESSAGE][PASSED] - Object 'Object Repository/Stockbit/menu_Bandarmology' is clickable

2024-01-22 18:10:02 - [TEST_STEP][PASSED] - click(findTestObject("Stockbit/menu_Bandarmology")): Object: 'Object Repository/Stockbit/menu_Bandarmology' is clicked on

2024-01-22 18:10:03 - [MESSAGE][PASSED] - Object: 'Object Repository/Stockbit/menu_Bandarmology' is clicked on

2024-01-22 18:10:03 - [TEST_STEP][PASSED] - strTanggal = d.format(DateTimeFormatter.ofPattern("MMM dd, yyyy")): null

2024-01-22 18:10:03 - [TEST_STEP][PASSED] - strTanggal = d.format(ISO_DATE): null

2024-01-22 18:10:03 - [TEST_STEP][PASSED] - out.println("strTanggal = " + strTanggal): null

2024-01-22 18:10:03 - [TEST_STEP][PASSED] - out.println("strNama = " + strNama): null

2024-01-22 18:10:03 - [TEST_STEP][PASSED] - out.println("Baris ke = " + rowIndex): null

2024-01-22 18:10:03 - [TEST_STEP][PASSED] - click(findTestObject("Stockbit/input__BandarmologyOpenStartDate")): Object: 'Object Repository/Stockbit/input__BandarmologyOpenStartDate' is clicked on

2024-01-22 18:10:04 - [MESSAGE][PASSED] - Object: 'Object Repository/Stockbit/input__BandarmologyOpenStartDate' is clicked on

2024-01-22 18:10:04 - [TEST_STEP][PASSED] - sendKeys(findTestObject("Stockbit/input__BandarmologyOpenStartDate"), Keys.chord(CONTROL, "a")): Keys 'CONTROL + a' sent to object: 'Object Repository/Stockbit/input__BandarmologyOpenStartDate'

2024-01-22 18:10:05 - [MESSAGE][PASSED] - Keys 'CONTROL + a' sent to object: 'Object Repository/Stockbit/input__BandarmologyOpenStartDate'

2024-01-22 18:10:05 - [TEST_STEP][PASSED] - sendKeys(findTestObject("Stockbit/input__BandarmologyOpenStartDate"), Keys.chord(BACK_SPACE)): Keys 'BACK_SPACE + ' sent to object: 'Object Repository/Stockbit/input__BandarmologyOpenStartDate'

2024-01-22 18:10:05 - [MESSAGE][PASSED] - Keys 'BACK_SPACE + ' sent to object: 'Object Repository/Stockbit/input__BandarmologyOpenStartDate'

2024-01-22 18:10:05 - [TEST_STEP][PASSED] - setText(findTestObject("Stockbit/input__BandarmologyOpenStartDate"), strTanggal): Text '2024-01-22' is set on object 'Object Repository/Stockbit/input__BandarmologyOpenStartDate'

2024-01-22 18:10:06 - [MESSAGE][PASSED] - Text '2024-01-22' is set on object 'Object Repository/Stockbit/input__BandarmologyOpenStartDate'

2024-01-22 18:10:06 - [TEST_STEP][PASSED] - sendKeys(findTestObject("Stockbit/input__BandarmologyOpenStartDate"), Keys.chord(ENTER)): Keys 'ENTER + ' sent to object: 'Object Repository/Stockbit/input__BandarmologyOpenStartDate'

2024-01-22 18:10:06 - [MESSAGE][PASSED] - Keys 'ENTER + ' sent to object: 'Object Repository/Stockbit/input__BandarmologyOpenStartDate'

2024-01-22 18:10:06 - [TEST_STEP][PASSED] - click(findTestObject("Stockbit/input__BandarmologyOpenEndDate")): Object: 'Object Repository/Stockbit/input__BandarmologyOpenEndDate' is clicked on

2024-01-22 18:10:07 - [MESSAGE][PASSED] - Object: 'Object Repository/Stockbit/input__BandarmologyOpenEndDate' is clicked on

2024-01-22 18:10:07 - [TEST_STEP][PASSED] - sendKeys(findTestObject("Stockbit/input__BandarmologyOpenEndDate"), Keys.chord(CONTROL, "a")): Keys 'CONTROL + a' sent to object: 'Object Repository/Stockbit/input__BandarmologyOpenEndDate'

2024-01-22 18:10:07 - [MESSAGE][PASSED] - Keys 'CONTROL + a' sent to object: 'Object Repository/Stockbit/input__BandarmologyOpenEndDate'

2024-01-22 18:10:07 - [TEST_STEP][PASSED] - sendKeys(findTestObject("Stockbit/input__BandarmologyOpenEndDate"), Keys.chord(BACK_SPACE)): Keys 'BACK_SPACE + ' sent to object: 'Object Repository/Stockbit/input__BandarmologyOpenEndDate'

2024-01-22 18:10:08 - [MESSAGE][PASSED] - Keys 'BACK_SPACE + ' sent to object: 'Object Repository/Stockbit/input__BandarmologyOpenEndDate'

2024-01-22 18:10:08 - [TEST_STEP][PASSED] - setText(findTestObject("Stockbit/input__BandarmologyOpenEndDate"), strTanggal): Text '2024-01-22' is set on object 'Object Repository/Stockbit/input__BandarmologyOpenEndDate'

2024-01-22 18:10:08 - [MESSAGE][PASSED] - Text '2024-01-22' is set on object 'Object Repository/Stockbit/input__BandarmologyOpenEndDate'

2024-01-22 18:10:08 - [TEST_STEP][PASSED] - sendKeys(findTestObject("Stockbit/input__BandarmologyOpenEndDate"), Keys.chord(ENTER)): Keys 'ENTER + ' sent to object: 'Object Repository/Stockbit/input__BandarmologyOpenEndDate'

2024-01-22 18:10:09 - [MESSAGE][PASSED] - Keys 'ENTER + ' sent to object: 'Object Repository/Stockbit/input__BandarmologyOpenEndDate'

2024-01-22 18:10:09 - [TEST_STEP][PASSED] - delay(2): Delayed 2 second(s)

2024-01-22 18:10:11 - [MESSAGE][PASSED] - Delayed 2 second(s)

2024-01-22 18:10:11 - [TEST_STEP][PASSED] - strTemp = getText(findTestObject("Stockbit/Bandarmology_AvgRP")): Text of object 'Object Repository/Stockbit/Bandarmology_AvgRP' is: '124'

2024-01-22 18:10:11 - [MESSAGE][PASSED] - Text of object 'Object Repository/Stockbit/Bandarmology_AvgRP' is: '124'

2024-01-22 18:10:11 - [TEST_STEP][PASSED] - out.println("Bandarmology_AvgRP = " + strTemp): null

2024-01-22 18:10:11 - [TEST_STEP][PASSED] - if (strTemp != "0"): null

2024-01-22 18:10:11 - [TEST_STEP][PASSED] - strTop1 = getText(findTestObject("Stockbit/Bandarmology_Top1")): Text of object 'Object Repository/Stockbit/Bandarmology_Top1' is: 'Big Acc'

2024-01-22 18:10:11 - [MESSAGE][PASSED] - Text of object 'Object Repository/Stockbit/Bandarmology_Top1' is: 'Big Acc'

2024-01-22 18:10:11 - [TEST_STEP][PASSED] - strTop3 = getText(findTestObject("Stockbit/Bandarmology_Top3")): Text of object 'Object Repository/Stockbit/Bandarmology_Top3' is: 'Big Acc'

2024-01-22 18:10:11 - [MESSAGE][PASSED] - Text of object 'Object Repository/Stockbit/Bandarmology_Top3' is: 'Big Acc'

2024-01-22 18:10:11 - [TEST_STEP][PASSED] - strTop5 = getText(findTestObject("Stockbit/Bandarmology_Top5")): Text of object 'Object Repository/Stockbit/Bandarmology_Top5' is: 'Normal Acc'

2024-01-22 18:10:11 - [MESSAGE][PASSED] - Text of object 'Object Repository/Stockbit/Bandarmology_Top5' is: 'Normal Acc'

2024-01-22 18:10:11 - [TEST_STEP][PASSED] - strAllBrokAvg = getText(findTestObject("Stockbit/Bandarmology_TopAVG")): Text of object 'Object Repository/Stockbit/Bandarmology_TopAVG' is: 'Big Acc'

2024-01-22 18:10:11 - [MESSAGE][PASSED] - Text of object 'Object Repository/Stockbit/Bandarmology_TopAVG' is: 'Big Acc'

2024-01-22 18:10:11 - [TEST_STEP][PASSED] - strTemp = getText(findTestObject("Stockbit/Bandarmology_AvgRP")): Text of object 'Object Repository/Stockbit/Bandarmology_AvgRP' is: '124'

2024-01-22 18:10:12 - [MESSAGE][PASSED] - Text of object 'Object Repository/Stockbit/Bandarmology_AvgRP' is: '124'

2024-01-22 18:10:12 - [TEST_STEP][PASSED] - if (strTemp.contains(",")): null

2024-01-22 18:10:12 - [TEST_STEP][PASSED] - intAvgRP = strTemp.toInteger(): null

2024-01-22 18:10:12 - [TEST_STEP][PASSED] - strBuyer1 = getText(findTestObject("Stockbit/Bandarmology_Buyer1")): Text of object 'Object Repository/Stockbit/Bandarmology_Buyer1' is: 'PD'

2024-01-22 18:10:12 - [MESSAGE][PASSED] - Text of object 'Object Repository/Stockbit/Bandarmology_Buyer1' is: 'PD'

2024-01-22 18:10:12 - [TEST_STEP][PASSED] - strBuyerVol1 = getText(findTestObject("Stockbit/Bandarmology_BuyerVol1")): Text of object 'Object Repository/Stockbit/Bandarmology_BuyerVol1' is: '52.2 K'

2024-01-22 18:10:12 - [MESSAGE][PASSED] - Text of object 'Object Repository/Stockbit/Bandarmology_BuyerVol1' is: '52.2 K'

2024-01-22 18:10:12 - [TEST_STEP][PASSED] - strBuyerAvg1 = getText(findTestObject("Stockbit/Bandarmology_BuyerAvg1")): Text of object 'Object Repository/Stockbit/Bandarmology_BuyerAvg1' is: '124'

2024-01-22 18:10:12 - [MESSAGE][PASSED] - Text of object 'Object Repository/Stockbit/Bandarmology_BuyerAvg1' is: '124'

2024-01-22 18:10:12 - [TEST_STEP][PASSED] - if (strBuyerAvg1.contains(",")): null

2024-01-22 18:10:12 - [TEST_STEP][PASSED] - if (strBuyerVol1.contains(" B")): null

2024-01-22 18:10:12 - [TEST_STEP][PASSED] - else if (strBuyerVol1.contains(" M")): null

2024-01-22 18:10:12 - [TEST_STEP][PASSED] - else if (strBuyerVol1.contains(" K")): null

2024-01-22 18:10:12 - [TEST_STEP][PASSED] - strBuyerVol1 = strBuyerVol1.replace(" K", ""): null

2024-01-22 18:10:12 - [TEST_STEP][PASSED] - strBuyerVol1 = strBuyerVol1.toDouble() * 1000: null

2024-01-22 18:10:12 - [TEST_STEP][PASSED] - strSeller1 = getText(findTestObject("Stockbit/Bandarmology_Seller1")): Text of object 'Object Repository/Stockbit/Bandarmology_Seller1' is: 'AI'

2024-01-22 18:10:12 - [MESSAGE][PASSED] - Text of object 'Object Repository/Stockbit/Bandarmology_Seller1' is: 'AI'

2024-01-22 18:10:12 - [TEST_STEP][PASSED] - strSellerVol1 = getText(findTestObject("Stockbit/Bandarmology_SellerVol1")): Text of object 'Object Repository/Stockbit/Bandarmology_SellerVol1' is: '20 K'

2024-01-22 18:10:12 - [MESSAGE][PASSED] - Text of object 'Object Repository/Stockbit/Bandarmology_SellerVol1' is: '20 K'

2024-01-22 18:10:12 - [TEST_STEP][PASSED] - strSellerAvg1 = getText(findTestObject("Stockbit/Bandarmology_SellerAvg1")): Text of object 'Object Repository/Stockbit/Bandarmology_SellerAvg1' is: '125'

2024-01-22 18:10:12 - [MESSAGE][PASSED] - Text of object 'Object Repository/Stockbit/Bandarmology_SellerAvg1' is: '125'

2024-01-22 18:10:12 - [TEST_STEP][PASSED] - if (strSellerAvg1.contains(",")): null

2024-01-22 18:10:12 - [TEST_STEP][PASSED] - if (strSellerVol1.contains(" B")): null

2024-01-22 18:10:12 - [TEST_STEP][PASSED] - else if (strSellerVol1.contains(" M")): null

2024-01-22 18:10:12 - [TEST_STEP][PASSED] - else if (strSellerVol1.contains(" K")): null

2024-01-22 18:10:12 - [TEST_STEP][PASSED] - strSellerVol1 = strSellerVol1.replace(" K", ""): null

2024-01-22 18:10:12 - [TEST_STEP][PASSED] - strSellerVol1 = strSellerVol1.toDouble() * 1000: null

2024-01-22 18:10:12 - [TEST_STEP][PASSED] - if (verifyElementNotPresent(findTestObject("Stockbit/Bandarmology_Buyer2"), 1, OPTIONAL)): Web element with id: 'Object Repository/Stockbit/Bandarmology_Buyer2' located by 'By.xpath: //*[contains(@id, 'rc-tabs-')]/div[2]/div/div/div/div/div/div[2]/table/tbody/tr[3]/td[1]/p' is present after '1' second(s) (Root cause: com.kms.katalon.core.exception.StepFailedException: Web element with id: 'Object Repository/Stockbit/Bandarmology_Buyer2' located by 'By.xpath: //*[contains(@id, 'rc-tabs-')]/div[2]/div/div/div/div/div/div[2]/table/tbody/tr[3]/td[1]/p' is present after '1' second(s)
	at com.kms.katalon.core.webui.keyword.internal.WebUIKeywordMain.stepFailed(WebUIKeywordMain.groovy:64)
	at com.kms.katalon.core.webui.keyword.internal.WebUIKeywordMain$stepFailed$0.call(Unknown Source)
	at com.kms.katalon.core.webui.keyword.builtin.VerifyElementNotPresentKeyword$_verifyElementNotPresent_closure1.doCall(VerifyElementNotPresentKeyword.groovy:106)
	at com.kms.katalon.core.webui.keyword.builtin.VerifyElementNotPresentKeyword$_verifyElementNotPresent_closure1.doCall(VerifyElementNotPresentKeyword.groovy)
	at com.kms.katalon.core.webui.keyword.internal.WebUIKeywordMain.runKeyword(WebUIKeywordMain.groovy:20)
	at com.kms.katalon.core.webui.keyword.internal.WebUIKeywordMain$runKeyword.call(Unknown Source)
	at com.kms.katalon.core.webui.keyword.builtin.VerifyElementNotPresentKeyword.verifyElementNotPresent(VerifyElementNotPresentKeyword.groovy:117)
	at com.kms.katalon.core.webui.keyword.builtin.VerifyElementNotPresentKeyword.execute(VerifyElementNotPresentKeyword.groovy:68)
	at com.kms.katalon.core.keyword.internal.KeywordExecutor.executeKeywordForPlatform(KeywordExecutor.groovy:74)
	at com.kms.katalon.core.webui.keyword.WebUiBuiltInKeywords.verifyElementNotPresent(WebUiBuiltInKeywords.groovy:1481)
	at com.kms.katalon.core.webui.keyword.WebUiBuiltInKeywords$verifyElementNotPresent$8.call(Unknown Source)
	at GetBrokSumPriceDaily.run(GetBrokSumPriceDaily:258)
	at com.kms.katalon.core.main.ScriptEngine.run(ScriptEngine.java:194)
	at com.kms.katalon.core.main.ScriptEngine.runScriptAsRawText(ScriptEngine.java:119)
	at com.kms.katalon.core.main.TestCaseExecutor.runScript(TestCaseExecutor.java:445)
	at com.kms.katalon.core.main.TestCaseExecutor.doExecute(TestCaseExecutor.java:436)
	at com.kms.katalon.core.main.TestCaseExecutor.processExecutionPhase(TestCaseExecutor.java:415)
	at com.kms.katalon.core.main.TestCaseExecutor.accessMainPhase(TestCaseExecutor.java:407)
	at com.kms.katalon.core.main.TestCaseExecutor.execute(TestCaseExecutor.java:284)
	at com.kms.katalon.core.common.CommonExecutor.accessTestCaseMainPhase(CommonExecutor.java:65)
	at com.kms.katalon.core.main.TestSuiteExecutor.accessTestSuiteMainPhase(TestSuiteExecutor.java:144)
	at com.kms.katalon.core.main.TestSuiteExecutor.execute(TestSuiteExecutor.java:106)
	at com.kms.katalon.core.main.TestCaseMain.startTestSuite(TestCaseMain.java:185)
	at com.kms.katalon.core.main.TestCaseMain$startTestSuite$0.call(Unknown Source)
	at TempTestSuite1705920083951.run(TempTestSuite1705920083951.groovy:36)
)

2024-01-22 18:10:14 - [MESSAGE][WARNING] - Web element with id: 'Object Repository/Stockbit/Bandarmology_Buyer2' located by 'By.xpath: //*[contains(@id, 'rc-tabs-')]/div[2]/div/div/div/div/div/div[2]/table/tbody/tr[3]/td[1]/p' is present after '1' second(s) (Root cause: com.kms.katalon.core.exception.StepFailedException: Web element with id: 'Object Repository/Stockbit/Bandarmology_Buyer2' located by 'By.xpath: //*[contains(@id, 'rc-tabs-')]/div[2]/div/div/div/div/div/div[2]/table/tbody/tr[3]/td[1]/p' is present after '1' second(s)
	at com.kms.katalon.core.webui.keyword.internal.WebUIKeywordMain.stepFailed(WebUIKeywordMain.groovy:64)
	at com.kms.katalon.core.webui.keyword.internal.WebUIKeywordMain$stepFailed$0.call(Unknown Source)
	at com.kms.katalon.core.webui.keyword.builtin.VerifyElementNotPresentKeyword$_verifyElementNotPresent_closure1.doCall(VerifyElementNotPresentKeyword.groovy:106)
	at com.kms.katalon.core.webui.keyword.builtin.VerifyElementNotPresentKeyword$_verifyElementNotPresent_closure1.doCall(VerifyElementNotPresentKeyword.groovy)
	at com.kms.katalon.core.webui.keyword.internal.WebUIKeywordMain.runKeyword(WebUIKeywordMain.groovy:20)
	at com.kms.katalon.core.webui.keyword.internal.WebUIKeywordMain$runKeyword.call(Unknown Source)
	at com.kms.katalon.core.webui.keyword.builtin.VerifyElementNotPresentKeyword.verifyElementNotPresent(VerifyElementNotPresentKeyword.groovy:117)
	at com.kms.katalon.core.webui.keyword.builtin.VerifyElementNotPresentKeyword.execute(VerifyElementNotPresentKeyword.groovy:68)
	at com.kms.katalon.core.keyword.internal.KeywordExecutor.executeKeywordForPlatform(KeywordExecutor.groovy:74)
	at com.kms.katalon.core.webui.keyword.WebUiBuiltInKeywords.verifyElementNotPresent(WebUiBuiltInKeywords.groovy:1481)
	at com.kms.katalon.core.webui.keyword.WebUiBuiltInKeywords$verifyElementNotPresent$8.call(Unknown Source)
	at GetBrokSumPriceDaily.run(GetBrokSumPriceDaily:258)
	at com.kms.katalon.core.main.ScriptEngine.run(ScriptEngine.java:194)
	at com.kms.katalon.core.main.ScriptEngine.runScriptAsRawText(ScriptEngine.java:119)
	at com.kms.katalon.core.main.TestCaseExecutor.runScript(TestCaseExecutor.java:445)
	at com.kms.katalon.core.main.TestCaseExecutor.doExecute(TestCaseExecutor.java:436)
	at com.kms.katalon.core.main.TestCaseExecutor.processExecutionPhase(TestCaseExecutor.java:415)
	at com.kms.katalon.core.main.TestCaseExecutor.accessMainPhase(TestCaseExecutor.java:407)
	at com.kms.katalon.core.main.TestCaseExecutor.execute(TestCaseExecutor.java:284)
	at com.kms.katalon.core.common.CommonExecutor.accessTestCaseMainPhase(CommonExecutor.java:65)
	at com.kms.katalon.core.main.TestSuiteExecutor.accessTestSuiteMainPhase(TestSuiteExecutor.java:144)
	at com.kms.katalon.core.main.TestSuiteExecutor.execute(TestSuiteExecutor.java:106)
	at com.kms.katalon.core.main.TestCaseMain.startTestSuite(TestCaseMain.java:185)
	at com.kms.katalon.core.main.TestCaseMain$startTestSuite$0.call(Unknown Source)
	at TempTestSuite1705920083951.run(TempTestSuite1705920083951.groovy:36)
)
[[ATTACHMENT|C:\\Users\\Fadli\\git\\KatalonDailyGetData2\\Reports\\20240122_174123\\TS1\\20240122_174123\\1705921813977.png]]

2024-01-22 18:10:14 - [TEST_STEP][PASSED] - else: null

2024-01-22 18:10:14 - [TEST_STEP][PASSED] - strBuyer2 = getText(findTestObject("Stockbit/Bandarmology_Buyer2")): Text of object 'Object Repository/Stockbit/Bandarmology_Buyer2' is: 'CP'

2024-01-22 18:10:14 - [MESSAGE][PASSED] - Text of object 'Object Repository/Stockbit/Bandarmology_Buyer2' is: 'CP'

2024-01-22 18:10:14 - [TEST_STEP][PASSED] - strBuyerVol2 = getText(findTestObject("Stockbit/Bandarmology_BuyerVol2")): Text of object 'Object Repository/Stockbit/Bandarmology_BuyerVol2' is: '12.6 K'

2024-01-22 18:10:14 - [MESSAGE][PASSED] - Text of object 'Object Repository/Stockbit/Bandarmology_BuyerVol2' is: '12.6 K'

2024-01-22 18:10:14 - [TEST_STEP][PASSED] - strBuyerAvg2 = getText(findTestObject("Stockbit/Bandarmology_BuyerAvg2")): Text of object 'Object Repository/Stockbit/Bandarmology_BuyerAvg2' is: '124'

2024-01-22 18:10:14 - [MESSAGE][PASSED] - Text of object 'Object Repository/Stockbit/Bandarmology_BuyerAvg2' is: '124'

2024-01-22 18:10:14 - [TEST_STEP][PASSED] - if (strBuyer2 != ""): null

2024-01-22 18:10:14 - [TEST_STEP][PASSED] - if (strBuyerAvg2.contains(",")): null

2024-01-22 18:10:14 - [TEST_STEP][PASSED] - if (strBuyerVol2.contains(" B")): null

2024-01-22 18:10:14 - [TEST_STEP][PASSED] - else if (strBuyerVol2.contains(" M")): null

2024-01-22 18:10:14 - [TEST_STEP][PASSED] - else if (strBuyerVol2.contains(" K")): null

2024-01-22 18:10:14 - [TEST_STEP][PASSED] - strBuyerVol2 = strBuyerVol2.replace(" K", ""): null

2024-01-22 18:10:14 - [TEST_STEP][PASSED] - strBuyerVol2 = strBuyerVol2.toDouble() * 1000: null

2024-01-22 18:10:14 - [TEST_STEP][PASSED] - if (strBuyerVol2.contains(".")): null

2024-01-22 18:10:14 - [TEST_STEP][PASSED] - strBuyerVal2 = strBuyerVol2.replace(".", ""): null

2024-01-22 18:10:14 - [TEST_STEP][PASSED] - if (verifyElementNotPresent(findTestObject("Stockbit/Bandarmology_Seller2"), 1, OPTIONAL)): Web element with id: 'Object Repository/Stockbit/Bandarmology_Seller2' located by 'By.xpath: //*[contains(@id, 'rc-tabs-')]/div[2]/div/div/div/div/div/div[2]/table/tbody/tr[3]/td[5]/p' is present after '1' second(s) (Root cause: com.kms.katalon.core.exception.StepFailedException: Web element with id: 'Object Repository/Stockbit/Bandarmology_Seller2' located by 'By.xpath: //*[contains(@id, 'rc-tabs-')]/div[2]/div/div/div/div/div/div[2]/table/tbody/tr[3]/td[5]/p' is present after '1' second(s)
	at com.kms.katalon.core.webui.keyword.internal.WebUIKeywordMain.stepFailed(WebUIKeywordMain.groovy:64)
	at com.kms.katalon.core.webui.keyword.internal.WebUIKeywordMain$stepFailed$0.call(Unknown Source)
	at com.kms.katalon.core.webui.keyword.builtin.VerifyElementNotPresentKeyword$_verifyElementNotPresent_closure1.doCall(VerifyElementNotPresentKeyword.groovy:106)
	at com.kms.katalon.core.webui.keyword.builtin.VerifyElementNotPresentKeyword$_verifyElementNotPresent_closure1.doCall(VerifyElementNotPresentKeyword.groovy)
	at com.kms.katalon.core.webui.keyword.internal.WebUIKeywordMain.runKeyword(WebUIKeywordMain.groovy:20)
	at com.kms.katalon.core.webui.keyword.internal.WebUIKeywordMain$runKeyword.call(Unknown Source)
	at com.kms.katalon.core.webui.keyword.builtin.VerifyElementNotPresentKeyword.verifyElementNotPresent(VerifyElementNotPresentKeyword.groovy:117)
	at com.kms.katalon.core.webui.keyword.builtin.VerifyElementNotPresentKeyword.execute(VerifyElementNotPresentKeyword.groovy:68)
	at com.kms.katalon.core.keyword.internal.KeywordExecutor.executeKeywordForPlatform(KeywordExecutor.groovy:74)
	at com.kms.katalon.core.webui.keyword.WebUiBuiltInKeywords.verifyElementNotPresent(WebUiBuiltInKeywords.groovy:1481)
	at com.kms.katalon.core.webui.keyword.WebUiBuiltInKeywords$verifyElementNotPresent$8.call(Unknown Source)
	at GetBrokSumPriceDaily.run(GetBrokSumPriceDaily:309)
	at com.kms.katalon.core.main.ScriptEngine.run(ScriptEngine.java:194)
	at com.kms.katalon.core.main.ScriptEngine.runScriptAsRawText(ScriptEngine.java:119)
	at com.kms.katalon.core.main.TestCaseExecutor.runScript(TestCaseExecutor.java:445)
	at com.kms.katalon.core.main.TestCaseExecutor.doExecute(TestCaseExecutor.java:436)
	at com.kms.katalon.core.main.TestCaseExecutor.processExecutionPhase(TestCaseExecutor.java:415)
	at com.kms.katalon.core.main.TestCaseExecutor.accessMainPhase(TestCaseExecutor.java:407)
	at com.kms.katalon.core.main.TestCaseExecutor.execute(TestCaseExecutor.java:284)
	at com.kms.katalon.core.common.CommonExecutor.accessTestCaseMainPhase(CommonExecutor.java:65)
	at com.kms.katalon.core.main.TestSuiteExecutor.accessTestSuiteMainPhase(TestSuiteExecutor.java:144)
	at com.kms.katalon.core.main.TestSuiteExecutor.execute(TestSuiteExecutor.java:106)
	at com.kms.katalon.core.main.TestCaseMain.startTestSuite(TestCaseMain.java:185)
	at com.kms.katalon.core.main.TestCaseMain$startTestSuite$0.call(Unknown Source)
	at TempTestSuite1705920083951.run(TempTestSuite1705920083951.groovy:36)
)

2024-01-22 18:10:15 - [MESSAGE][WARNING] - Web element with id: 'Object Repository/Stockbit/Bandarmology_Seller2' located by 'By.xpath: //*[contains(@id, 'rc-tabs-')]/div[2]/div/div/div/div/div/div[2]/table/tbody/tr[3]/td[5]/p' is present after '1' second(s) (Root cause: com.kms.katalon.core.exception.StepFailedException: Web element with id: 'Object Repository/Stockbit/Bandarmology_Seller2' located by 'By.xpath: //*[contains(@id, 'rc-tabs-')]/div[2]/div/div/div/div/div/div[2]/table/tbody/tr[3]/td[5]/p' is present after '1' second(s)
	at com.kms.katalon.core.webui.keyword.internal.WebUIKeywordMain.stepFailed(WebUIKeywordMain.groovy:64)
	at com.kms.katalon.core.webui.keyword.internal.WebUIKeywordMain$stepFailed$0.call(Unknown Source)
	at com.kms.katalon.core.webui.keyword.builtin.VerifyElementNotPresentKeyword$_verifyElementNotPresent_closure1.doCall(VerifyElementNotPresentKeyword.groovy:106)
	at com.kms.katalon.core.webui.keyword.builtin.VerifyElementNotPresentKeyword$_verifyElementNotPresent_closure1.doCall(VerifyElementNotPresentKeyword.groovy)
	at com.kms.katalon.core.webui.keyword.internal.WebUIKeywordMain.runKeyword(WebUIKeywordMain.groovy:20)
	at com.kms.katalon.core.webui.keyword.internal.WebUIKeywordMain$runKeyword.call(Unknown Source)
	at com.kms.katalon.core.webui.keyword.builtin.VerifyElementNotPresentKeyword.verifyElementNotPresent(VerifyElementNotPresentKeyword.groovy:117)
	at com.kms.katalon.core.webui.keyword.builtin.VerifyElementNotPresentKeyword.execute(VerifyElementNotPresentKeyword.groovy:68)
	at com.kms.katalon.core.keyword.internal.KeywordExecutor.executeKeywordForPlatform(KeywordExecutor.groovy:74)
	at com.kms.katalon.core.webui.keyword.WebUiBuiltInKeywords.verifyElementNotPresent(WebUiBuiltInKeywords.groovy:1481)
	at com.kms.katalon.core.webui.keyword.WebUiBuiltInKeywords$verifyElementNotPresent$8.call(Unknown Source)
	at GetBrokSumPriceDaily.run(GetBrokSumPriceDaily:309)
	at com.kms.katalon.core.main.ScriptEngine.run(ScriptEngine.java:194)
	at com.kms.katalon.core.main.ScriptEngine.runScriptAsRawText(ScriptEngine.java:119)
	at com.kms.katalon.core.main.TestCaseExecutor.runScript(TestCaseExecutor.java:445)
	at com.kms.katalon.core.main.TestCaseExecutor.doExecute(TestCaseExecutor.java:436)
	at com.kms.katalon.core.main.TestCaseExecutor.processExecutionPhase(TestCaseExecutor.java:415)
	at com.kms.katalon.core.main.TestCaseExecutor.accessMainPhase(TestCaseExecutor.java:407)
	at com.kms.katalon.core.main.TestCaseExecutor.execute(TestCaseExecutor.java:284)
	at com.kms.katalon.core.common.CommonExecutor.accessTestCaseMainPhase(CommonExecutor.java:65)
	at com.kms.katalon.core.main.TestSuiteExecutor.accessTestSuiteMainPhase(TestSuiteExecutor.java:144)
	at com.kms.katalon.core.main.TestSuiteExecutor.execute(TestSuiteExecutor.java:106)
	at com.kms.katalon.core.main.TestCaseMain.startTestSuite(TestCaseMain.java:185)
	at com.kms.katalon.core.main.TestCaseMain$startTestSuite$0.call(Unknown Source)
	at TempTestSuite1705920083951.run(TempTestSuite1705920083951.groovy:36)
)
[[ATTACHMENT|C:\\Users\\Fadli\\git\\KatalonDailyGetData2\\Reports\\20240122_174123\\TS1\\20240122_174123\\1705921815681.png]]

2024-01-22 18:10:15 - [TEST_STEP][PASSED] - else: null

2024-01-22 18:10:15 - [TEST_STEP][PASSED] - strSeller2 = getText(findTestObject("Stockbit/Bandarmology_Seller2")): Text of object 'Object Repository/Stockbit/Bandarmology_Seller2' is: 'XL'

2024-01-22 18:10:15 - [MESSAGE][PASSED] - Text of object 'Object Repository/Stockbit/Bandarmology_Seller2' is: 'XL'

2024-01-22 18:10:15 - [TEST_STEP][PASSED] - strSellerVol2 = getText(findTestObject("Stockbit/Bandarmology_SellerVol2")): Text of object 'Object Repository/Stockbit/Bandarmology_SellerVol2' is: '16.3 K'

2024-01-22 18:10:16 - [MESSAGE][PASSED] - Text of object 'Object Repository/Stockbit/Bandarmology_SellerVol2' is: '16.3 K'

2024-01-22 18:10:16 - [TEST_STEP][PASSED] - strSellerAvg2 = getText(findTestObject("Stockbit/Bandarmology_SellerAvg2")): Text of object 'Object Repository/Stockbit/Bandarmology_SellerAvg2' is: '124'

2024-01-22 18:10:16 - [MESSAGE][PASSED] - Text of object 'Object Repository/Stockbit/Bandarmology_SellerAvg2' is: '124'

2024-01-22 18:10:16 - [TEST_STEP][PASSED] - if (strSeller2 != ""): null

2024-01-22 18:10:16 - [TEST_STEP][PASSED] - if (strSellerAvg2.contains(",")): null

2024-01-22 18:10:16 - [TEST_STEP][PASSED] - if (strSellerVol2.contains(" B")): null

2024-01-22 18:10:16 - [TEST_STEP][PASSED] - else if (strSellerVol2.contains(" M")): null

2024-01-22 18:10:16 - [TEST_STEP][PASSED] - else if (strSellerVol2.contains(" K")): null

2024-01-22 18:10:16 - [TEST_STEP][PASSED] - strSellerVol2 = strSellerVol2.replace(" K", ""): null

2024-01-22 18:10:16 - [TEST_STEP][PASSED] - strSellerVol2 = strSellerVol2.toDouble() * 1000: null

2024-01-22 18:10:16 - [TEST_STEP][PASSED] - if (verifyElementNotPresent(findTestObject("Stockbit/Bandarmology_Buyer3"), 1, OPTIONAL)): Web element with id: 'Object Repository/Stockbit/Bandarmology_Buyer3' located by 'By.xpath: //*[contains(@id, 'rc-tabs-')]/div[2]/div/div/div/div/div/div[2]/table/tbody/tr[4]/td[1]/p' is present after '1' second(s) (Root cause: com.kms.katalon.core.exception.StepFailedException: Web element with id: 'Object Repository/Stockbit/Bandarmology_Buyer3' located by 'By.xpath: //*[contains(@id, 'rc-tabs-')]/div[2]/div/div/div/div/div/div[2]/table/tbody/tr[4]/td[1]/p' is present after '1' second(s)
	at com.kms.katalon.core.webui.keyword.internal.WebUIKeywordMain.stepFailed(WebUIKeywordMain.groovy:64)
	at com.kms.katalon.core.webui.keyword.internal.WebUIKeywordMain$stepFailed$0.call(Unknown Source)
	at com.kms.katalon.core.webui.keyword.builtin.VerifyElementNotPresentKeyword$_verifyElementNotPresent_closure1.doCall(VerifyElementNotPresentKeyword.groovy:106)
	at com.kms.katalon.core.webui.keyword.builtin.VerifyElementNotPresentKeyword$_verifyElementNotPresent_closure1.doCall(VerifyElementNotPresentKeyword.groovy)
	at com.kms.katalon.core.webui.keyword.internal.WebUIKeywordMain.runKeyword(WebUIKeywordMain.groovy:20)
	at com.kms.katalon.core.webui.keyword.internal.WebUIKeywordMain$runKeyword.call(Unknown Source)
	at com.kms.katalon.core.webui.keyword.builtin.VerifyElementNotPresentKeyword.verifyElementNotPresent(VerifyElementNotPresentKeyword.groovy:117)
	at com.kms.katalon.core.webui.keyword.builtin.VerifyElementNotPresentKeyword.execute(VerifyElementNotPresentKeyword.groovy:68)
	at com.kms.katalon.core.keyword.internal.KeywordExecutor.executeKeywordForPlatform(KeywordExecutor.groovy:74)
	at com.kms.katalon.core.webui.keyword.WebUiBuiltInKeywords.verifyElementNotPresent(WebUiBuiltInKeywords.groovy:1481)
	at com.kms.katalon.core.webui.keyword.WebUiBuiltInKeywords$verifyElementNotPresent$8.call(Unknown Source)
	at GetBrokSumPriceDaily.run(GetBrokSumPriceDaily:361)
	at com.kms.katalon.core.main.ScriptEngine.run(ScriptEngine.java:194)
	at com.kms.katalon.core.main.ScriptEngine.runScriptAsRawText(ScriptEngine.java:119)
	at com.kms.katalon.core.main.TestCaseExecutor.runScript(TestCaseExecutor.java:445)
	at com.kms.katalon.core.main.TestCaseExecutor.doExecute(TestCaseExecutor.java:436)
	at com.kms.katalon.core.main.TestCaseExecutor.processExecutionPhase(TestCaseExecutor.java:415)
	at com.kms.katalon.core.main.TestCaseExecutor.accessMainPhase(TestCaseExecutor.java:407)
	at com.kms.katalon.core.main.TestCaseExecutor.execute(TestCaseExecutor.java:284)
	at com.kms.katalon.core.common.CommonExecutor.accessTestCaseMainPhase(CommonExecutor.java:65)
	at com.kms.katalon.core.main.TestSuiteExecutor.accessTestSuiteMainPhase(TestSuiteExecutor.java:144)
	at com.kms.katalon.core.main.TestSuiteExecutor.execute(TestSuiteExecutor.java:106)
	at com.kms.katalon.core.main.TestCaseMain.startTestSuite(TestCaseMain.java:185)
	at com.kms.katalon.core.main.TestCaseMain$startTestSuite$0.call(Unknown Source)
	at TempTestSuite1705920083951.run(TempTestSuite1705920083951.groovy:36)
)

2024-01-22 18:10:17 - [MESSAGE][WARNING] - Web element with id: 'Object Repository/Stockbit/Bandarmology_Buyer3' located by 'By.xpath: //*[contains(@id, 'rc-tabs-')]/div[2]/div/div/div/div/div/div[2]/table/tbody/tr[4]/td[1]/p' is present after '1' second(s) (Root cause: com.kms.katalon.core.exception.StepFailedException: Web element with id: 'Object Repository/Stockbit/Bandarmology_Buyer3' located by 'By.xpath: //*[contains(@id, 'rc-tabs-')]/div[2]/div/div/div/div/div/div[2]/table/tbody/tr[4]/td[1]/p' is present after '1' second(s)
	at com.kms.katalon.core.webui.keyword.internal.WebUIKeywordMain.stepFailed(WebUIKeywordMain.groovy:64)
	at com.kms.katalon.core.webui.keyword.internal.WebUIKeywordMain$stepFailed$0.call(Unknown Source)
	at com.kms.katalon.core.webui.keyword.builtin.VerifyElementNotPresentKeyword$_verifyElementNotPresent_closure1.doCall(VerifyElementNotPresentKeyword.groovy:106)
	at com.kms.katalon.core.webui.keyword.builtin.VerifyElementNotPresentKeyword$_verifyElementNotPresent_closure1.doCall(VerifyElementNotPresentKeyword.groovy)
	at com.kms.katalon.core.webui.keyword.internal.WebUIKeywordMain.runKeyword(WebUIKeywordMain.groovy:20)
	at com.kms.katalon.core.webui.keyword.internal.WebUIKeywordMain$runKeyword.call(Unknown Source)
	at com.kms.katalon.core.webui.keyword.builtin.VerifyElementNotPresentKeyword.verifyElementNotPresent(VerifyElementNotPresentKeyword.groovy:117)
	at com.kms.katalon.core.webui.keyword.builtin.VerifyElementNotPresentKeyword.execute(VerifyElementNotPresentKeyword.groovy:68)
	at com.kms.katalon.core.keyword.internal.KeywordExecutor.executeKeywordForPlatform(KeywordExecutor.groovy:74)
	at com.kms.katalon.core.webui.keyword.WebUiBuiltInKeywords.verifyElementNotPresent(WebUiBuiltInKeywords.groovy:1481)
	at com.kms.katalon.core.webui.keyword.WebUiBuiltInKeywords$verifyElementNotPresent$8.call(Unknown Source)
	at GetBrokSumPriceDaily.run(GetBrokSumPriceDaily:361)
	at com.kms.katalon.core.main.ScriptEngine.run(ScriptEngine.java:194)
	at com.kms.katalon.core.main.ScriptEngine.runScriptAsRawText(ScriptEngine.java:119)
	at com.kms.katalon.core.main.TestCaseExecutor.runScript(TestCaseExecutor.java:445)
	at com.kms.katalon.core.main.TestCaseExecutor.doExecute(TestCaseExecutor.java:436)
	at com.kms.katalon.core.main.TestCaseExecutor.processExecutionPhase(TestCaseExecutor.java:415)
	at com.kms.katalon.core.main.TestCaseExecutor.accessMainPhase(TestCaseExecutor.java:407)
	at com.kms.katalon.core.main.TestCaseExecutor.execute(TestCaseExecutor.java:284)
	at com.kms.katalon.core.common.CommonExecutor.accessTestCaseMainPhase(CommonExecutor.java:65)
	at com.kms.katalon.core.main.TestSuiteExecutor.accessTestSuiteMainPhase(TestSuiteExecutor.java:144)
	at com.kms.katalon.core.main.TestSuiteExecutor.execute(TestSuiteExecutor.java:106)
	at com.kms.katalon.core.main.TestCaseMain.startTestSuite(TestCaseMain.java:185)
	at com.kms.katalon.core.main.TestCaseMain$startTestSuite$0.call(Unknown Source)
	at TempTestSuite1705920083951.run(TempTestSuite1705920083951.groovy:36)
)
[[ATTACHMENT|C:\\Users\\Fadli\\git\\KatalonDailyGetData2\\Reports\\20240122_174123\\TS1\\20240122_174123\\1705921817431.png]]

2024-01-22 18:10:17 - [TEST_STEP][PASSED] - else: null

2024-01-22 18:10:17 - [TEST_STEP][PASSED] - strBuyer3 = getText(findTestObject("Stockbit/Bandarmology_Buyer3")): Text of object 'Object Repository/Stockbit/Bandarmology_Buyer3' is: 'LG'

2024-01-22 18:10:17 - [MESSAGE][PASSED] - Text of object 'Object Repository/Stockbit/Bandarmology_Buyer3' is: 'LG'

2024-01-22 18:10:17 - [TEST_STEP][PASSED] - strBuyerVol3 = getText(findTestObject("Stockbit/Bandarmology_BuyerVol3")): Text of object 'Object Repository/Stockbit/Bandarmology_BuyerVol3' is: '12.1 K'

2024-01-22 18:10:17 - [MESSAGE][PASSED] - Text of object 'Object Repository/Stockbit/Bandarmology_BuyerVol3' is: '12.1 K'

2024-01-22 18:10:17 - [TEST_STEP][PASSED] - strBuyerAvg3 = getText(findTestObject("Stockbit/Bandarmology_BuyerAvg3")): Text of object 'Object Repository/Stockbit/Bandarmology_BuyerAvg3' is: '121'

2024-01-22 18:10:17 - [MESSAGE][PASSED] - Text of object 'Object Repository/Stockbit/Bandarmology_BuyerAvg3' is: '121'

2024-01-22 18:10:17 - [TEST_STEP][PASSED] - if (strBuyer3 != ""): null

2024-01-22 18:10:17 - [TEST_STEP][PASSED] - if (strBuyerAvg3.contains(",")): null

2024-01-22 18:10:17 - [TEST_STEP][PASSED] - if (strBuyerVol3.contains(" B")): null

2024-01-22 18:10:17 - [TEST_STEP][PASSED] - else if (strBuyerVol3.contains(" M")): null

2024-01-22 18:10:17 - [TEST_STEP][PASSED] - else if (strBuyerVol3.contains(" K")): null

2024-01-22 18:10:17 - [TEST_STEP][PASSED] - strBuyerVol3 = strBuyerVol3.replace(" K", ""): null

2024-01-22 18:10:17 - [TEST_STEP][PASSED] - strBuyerVol3 = strBuyerVol3.toDouble() * 1000: null

2024-01-22 18:10:17 - [TEST_STEP][PASSED] - if (verifyElementNotPresent(findTestObject("Stockbit/Bandarmology_Seller3"), 1, OPTIONAL)): Web element with id: 'Object Repository/Stockbit/Bandarmology_Seller3' located by 'By.xpath: //*[contains(@id, 'rc-tabs-')]/div[2]/div/div/div/div/div/div[2]/table/tbody/tr[4]/td[5]/p' is present after '1' second(s) (Root cause: com.kms.katalon.core.exception.StepFailedException: Web element with id: 'Object Repository/Stockbit/Bandarmology_Seller3' located by 'By.xpath: //*[contains(@id, 'rc-tabs-')]/div[2]/div/div/div/div/div/div[2]/table/tbody/tr[4]/td[5]/p' is present after '1' second(s)
	at com.kms.katalon.core.webui.keyword.internal.WebUIKeywordMain.stepFailed(WebUIKeywordMain.groovy:64)
	at com.kms.katalon.core.webui.keyword.internal.WebUIKeywordMain$stepFailed$0.call(Unknown Source)
	at com.kms.katalon.core.webui.keyword.builtin.VerifyElementNotPresentKeyword$_verifyElementNotPresent_closure1.doCall(VerifyElementNotPresentKeyword.groovy:106)
	at com.kms.katalon.core.webui.keyword.builtin.VerifyElementNotPresentKeyword$_verifyElementNotPresent_closure1.doCall(VerifyElementNotPresentKeyword.groovy)
	at com.kms.katalon.core.webui.keyword.internal.WebUIKeywordMain.runKeyword(WebUIKeywordMain.groovy:20)
	at com.kms.katalon.core.webui.keyword.internal.WebUIKeywordMain$runKeyword.call(Unknown Source)
	at com.kms.katalon.core.webui.keyword.builtin.VerifyElementNotPresentKeyword.verifyElementNotPresent(VerifyElementNotPresentKeyword.groovy:117)
	at com.kms.katalon.core.webui.keyword.builtin.VerifyElementNotPresentKeyword.execute(VerifyElementNotPresentKeyword.groovy:68)
	at com.kms.katalon.core.keyword.internal.KeywordExecutor.executeKeywordForPlatform(KeywordExecutor.groovy:74)
	at com.kms.katalon.core.webui.keyword.WebUiBuiltInKeywords.verifyElementNotPresent(WebUiBuiltInKeywords.groovy:1481)
	at com.kms.katalon.core.webui.keyword.WebUiBuiltInKeywords$verifyElementNotPresent$8.call(Unknown Source)
	at GetBrokSumPriceDaily.run(GetBrokSumPriceDaily:414)
	at com.kms.katalon.core.main.ScriptEngine.run(ScriptEngine.java:194)
	at com.kms.katalon.core.main.ScriptEngine.runScriptAsRawText(ScriptEngine.java:119)
	at com.kms.katalon.core.main.TestCaseExecutor.runScript(TestCaseExecutor.java:445)
	at com.kms.katalon.core.main.TestCaseExecutor.doExecute(TestCaseExecutor.java:436)
	at com.kms.katalon.core.main.TestCaseExecutor.processExecutionPhase(TestCaseExecutor.java:415)
	at com.kms.katalon.core.main.TestCaseExecutor.accessMainPhase(TestCaseExecutor.java:407)
	at com.kms.katalon.core.main.TestCaseExecutor.execute(TestCaseExecutor.java:284)
	at com.kms.katalon.core.common.CommonExecutor.accessTestCaseMainPhase(CommonExecutor.java:65)
	at com.kms.katalon.core.main.TestSuiteExecutor.accessTestSuiteMainPhase(TestSuiteExecutor.java:144)
	at com.kms.katalon.core.main.TestSuiteExecutor.execute(TestSuiteExecutor.java:106)
	at com.kms.katalon.core.main.TestCaseMain.startTestSuite(TestCaseMain.java:185)
	at com.kms.katalon.core.main.TestCaseMain$startTestSuite$0.call(Unknown Source)
	at TempTestSuite1705920083951.run(TempTestSuite1705920083951.groovy:36)
)

2024-01-22 18:10:19 - [MESSAGE][WARNING] - Web element with id: 'Object Repository/Stockbit/Bandarmology_Seller3' located by 'By.xpath: //*[contains(@id, 'rc-tabs-')]/div[2]/div/div/div/div/div/div[2]/table/tbody/tr[4]/td[5]/p' is present after '1' second(s) (Root cause: com.kms.katalon.core.exception.StepFailedException: Web element with id: 'Object Repository/Stockbit/Bandarmology_Seller3' located by 'By.xpath: //*[contains(@id, 'rc-tabs-')]/div[2]/div/div/div/div/div/div[2]/table/tbody/tr[4]/td[5]/p' is present after '1' second(s)
	at com.kms.katalon.core.webui.keyword.internal.WebUIKeywordMain.stepFailed(WebUIKeywordMain.groovy:64)
	at com.kms.katalon.core.webui.keyword.internal.WebUIKeywordMain$stepFailed$0.call(Unknown Source)
	at com.kms.katalon.core.webui.keyword.builtin.VerifyElementNotPresentKeyword$_verifyElementNotPresent_closure1.doCall(VerifyElementNotPresentKeyword.groovy:106)
	at com.kms.katalon.core.webui.keyword.builtin.VerifyElementNotPresentKeyword$_verifyElementNotPresent_closure1.doCall(VerifyElementNotPresentKeyword.groovy)
	at com.kms.katalon.core.webui.keyword.internal.WebUIKeywordMain.runKeyword(WebUIKeywordMain.groovy:20)
	at com.kms.katalon.core.webui.keyword.internal.WebUIKeywordMain$runKeyword.call(Unknown Source)
	at com.kms.katalon.core.webui.keyword.builtin.VerifyElementNotPresentKeyword.verifyElementNotPresent(VerifyElementNotPresentKeyword.groovy:117)
	at com.kms.katalon.core.webui.keyword.builtin.VerifyElementNotPresentKeyword.execute(VerifyElementNotPresentKeyword.groovy:68)
	at com.kms.katalon.core.keyword.internal.KeywordExecutor.executeKeywordForPlatform(KeywordExecutor.groovy:74)
	at com.kms.katalon.core.webui.keyword.WebUiBuiltInKeywords.verifyElementNotPresent(WebUiBuiltInKeywords.groovy:1481)
	at com.kms.katalon.core.webui.keyword.WebUiBuiltInKeywords$verifyElementNotPresent$8.call(Unknown Source)
	at GetBrokSumPriceDaily.run(GetBrokSumPriceDaily:414)
	at com.kms.katalon.core.main.ScriptEngine.run(ScriptEngine.java:194)
	at com.kms.katalon.core.main.ScriptEngine.runScriptAsRawText(ScriptEngine.java:119)
	at com.kms.katalon.core.main.TestCaseExecutor.runScript(TestCaseExecutor.java:445)
	at com.kms.katalon.core.main.TestCaseExecutor.doExecute(TestCaseExecutor.java:436)
	at com.kms.katalon.core.main.TestCaseExecutor.processExecutionPhase(TestCaseExecutor.java:415)
	at com.kms.katalon.core.main.TestCaseExecutor.accessMainPhase(TestCaseExecutor.java:407)
	at com.kms.katalon.core.main.TestCaseExecutor.execute(TestCaseExecutor.java:284)
	at com.kms.katalon.core.common.CommonExecutor.accessTestCaseMainPhase(CommonExecutor.java:65)
	at com.kms.katalon.core.main.TestSuiteExecutor.accessTestSuiteMainPhase(TestSuiteExecutor.java:144)
	at com.kms.katalon.core.main.TestSuiteExecutor.execute(TestSuiteExecutor.java:106)
	at com.kms.katalon.core.main.TestCaseMain.startTestSuite(TestCaseMain.java:185)
	at com.kms.katalon.core.main.TestCaseMain$startTestSuite$0.call(Unknown Source)
	at TempTestSuite1705920083951.run(TempTestSuite1705920083951.groovy:36)
)
[[ATTACHMENT|C:\\Users\\Fadli\\git\\KatalonDailyGetData2\\Reports\\20240122_174123\\TS1\\20240122_174123\\1705921819150.png]]

2024-01-22 18:10:19 - [TEST_STEP][PASSED] - else: null

2024-01-22 18:10:19 - [TEST_STEP][PASSED] - strSeller3 = getText(findTestObject("Stockbit/Bandarmology_Seller3")): Text of object 'Object Repository/Stockbit/Bandarmology_Seller3' is: 'CC'

2024-01-22 18:10:19 - [MESSAGE][PASSED] - Text of object 'Object Repository/Stockbit/Bandarmology_Seller3' is: 'CC'

2024-01-22 18:10:19 - [TEST_STEP][PASSED] - strSellerVol3 = getText(findTestObject("Stockbit/Bandarmology_SellerVol3")): Text of object 'Object Repository/Stockbit/Bandarmology_SellerVol3' is: '15 K'

2024-01-22 18:10:19 - [MESSAGE][PASSED] - Text of object 'Object Repository/Stockbit/Bandarmology_SellerVol3' is: '15 K'

2024-01-22 18:10:19 - [TEST_STEP][PASSED] - strSellerAvg3 = getText(findTestObject("Stockbit/Bandarmology_SellerAvg3")): Text of object 'Object Repository/Stockbit/Bandarmology_SellerAvg3' is: '123'

2024-01-22 18:10:19 - [MESSAGE][PASSED] - Text of object 'Object Repository/Stockbit/Bandarmology_SellerAvg3' is: '123'

2024-01-22 18:10:19 - [TEST_STEP][PASSED] - if (strSeller3 != ""): null

2024-01-22 18:10:19 - [TEST_STEP][PASSED] - if (strSellerAvg3.contains(",")): null

2024-01-22 18:10:19 - [TEST_STEP][PASSED] - if (strSellerVol3.contains(" B")): null

2024-01-22 18:10:19 - [TEST_STEP][PASSED] - else if (strSellerVol3.contains(" M")): null

2024-01-22 18:10:19 - [TEST_STEP][PASSED] - else if (strSellerVol3.contains(" K")): null

2024-01-22 18:10:19 - [TEST_STEP][PASSED] - strSellerVol3 = strSellerVol3.replace(" K", ""): null

2024-01-22 18:10:19 - [TEST_STEP][PASSED] - strSellerVol3 = strSellerVol3.toDouble() * 1000: null

2024-01-22 18:10:19 - [TEST_STEP][PASSED] - strAccDist = getText(findTestObject("Stockbit/Bandarmology_AccDist")): Text of object 'Object Repository/Stockbit/Bandarmology_AccDist' is: 'Acc'

2024-01-22 18:10:19 - [MESSAGE][PASSED] - Text of object 'Object Repository/Stockbit/Bandarmology_AccDist' is: 'Acc'

2024-01-22 18:10:19 - [TEST_STEP][PASSED] - strNetVol = getText(findTestObject("Stockbit/Bandarmology_NetVol")): Text of object 'Object Repository/Stockbit/Bandarmology_NetVol' is: '107,025'

2024-01-22 18:10:19 - [MESSAGE][PASSED] - Text of object 'Object Repository/Stockbit/Bandarmology_NetVol' is: '107,025'

2024-01-22 18:10:19 - [TEST_STEP][PASSED] - strNetVol = strNetVol.replace(",", ""): null

2024-01-22 18:10:19 - [TEST_STEP][PASSED] - strNetVal = getText(findTestObject("Stockbit/Bandarmology_NetVal")): Text of object 'Object Repository/Stockbit/Bandarmology_NetVal' is: '1.3 B'

2024-01-22 18:10:20 - [MESSAGE][PASSED] - Text of object 'Object Repository/Stockbit/Bandarmology_NetVal' is: '1.3 B'

2024-01-22 18:10:20 - [TEST_STEP][PASSED] - delay(3): Delayed 3 second(s)

2024-01-22 18:10:23 - [MESSAGE][PASSED] - Delayed 3 second(s)

2024-01-22 18:10:23 - [TEST_STEP][PASSED] - strOpenPrice = getText(findTestObject("Stockbit/Home_OpenPrice")): Text of object 'Object Repository/Stockbit/Home_OpenPrice' is: '119'

2024-01-22 18:10:23 - [MESSAGE][PASSED] - Text of object 'Object Repository/Stockbit/Home_OpenPrice' is: '119'

2024-01-22 18:10:23 - [TEST_STEP][PASSED] - strOpenPrice = strOpenPrice.replace(",", ""): null

2024-01-22 18:10:23 - [TEST_STEP][PASSED] - strLowPrice = getText(findTestObject("Stockbit/Home_LowPrice")): Text of object 'Object Repository/Stockbit/Home_LowPrice' is: '119'

2024-01-22 18:10:23 - [MESSAGE][PASSED] - Text of object 'Object Repository/Stockbit/Home_LowPrice' is: '119'

2024-01-22 18:10:23 - [TEST_STEP][PASSED] - strLowPrice = strLowPrice.replace(",", ""): null

2024-01-22 18:10:23 - [TEST_STEP][PASSED] - strHighPrice = getText(findTestObject("Stockbit/Home_HighPrice")): Text of object 'Object Repository/Stockbit/Home_HighPrice' is: '126'

2024-01-22 18:10:23 - [MESSAGE][PASSED] - Text of object 'Object Repository/Stockbit/Home_HighPrice' is: '126'

2024-01-22 18:10:23 - [TEST_STEP][PASSED] - strHighPrice = strHighPrice.replace(",", ""): null

2024-01-22 18:10:23 - [TEST_STEP][PASSED] - strClosePrice = getText(findTestObject("Stockbit/Home_ClosePrice")): Text of object 'Object Repository/Stockbit/Home_ClosePrice' is: '124'

2024-01-22 18:10:23 - [MESSAGE][PASSED] - Text of object 'Object Repository/Stockbit/Home_ClosePrice' is: '124'

2024-01-22 18:10:23 - [TEST_STEP][PASSED] - strClosePrice = strClosePrice.replace(",", ""): null

2024-01-22 18:10:23 - [TEST_STEP][PASSED] - strVol = getText(findTestObject("Stockbit/Home_Volume")): Text of object 'Object Repository/Stockbit/Home_Volume' is: '517 K'

2024-01-22 18:10:23 - [MESSAGE][PASSED] - Text of object 'Object Repository/Stockbit/Home_Volume' is: '517 K'

2024-01-22 18:10:23 - [TEST_STEP][PASSED] - if (strVol.contains(" K")): null

2024-01-22 18:10:23 - [TEST_STEP][PASSED] - strVol = strVol.replace(" K", "000"): null

2024-01-22 18:10:23 - [TEST_STEP][PASSED] - if (strVol.contains(",")): null

2024-01-22 18:10:23 - [TEST_STEP][PASSED] - strChange = getText(findTestObject("Stockbit/Home_Change")): Text of object 'Object Repository/Stockbit/Home_Change' is: '3.33%'

2024-01-22 18:10:23 - [MESSAGE][PASSED] - Text of object 'Object Repository/Stockbit/Home_Change' is: '3.33%'

2024-01-22 18:10:23 - [TEST_STEP][PASSED] - strChange = strChange.replace("%", ""): null

2024-01-22 18:10:23 - [TEST_STEP][PASSED] - strFreq = getText(findTestObject("Stockbit/Home_Freq")): Text of object 'Object Repository/Stockbit/Home_Freq' is: '3,722'

2024-01-22 18:10:23 - [MESSAGE][PASSED] - Text of object 'Object Repository/Stockbit/Home_Freq' is: '3,722'

2024-01-22 18:10:23 - [TEST_STEP][PASSED] - if (strFreq.contains(",")): null

2024-01-22 18:10:23 - [TEST_STEP][PASSED] - strFreq = strFreq.replace(",", ""): null

2024-01-22 18:10:23 - [TEST_STEP][PASSED] - if (strFreq == "NA" || strFreq == ""): null

2024-01-22 18:10:23 - [TEST_STEP][PASSED] - else: null

2024-01-22 18:10:23 - [TEST_STEP][PASSED] - dblFreqAnal = strVol.toDouble() / strFreq.toDouble() * strFreq.toDouble() * strFreq.toDouble() * 100000000: null

2024-01-22 18:10:23 - [TEST_STEP][PASSED] - strFreqAnal = String.format("%.4f", dblFreqAnal): null

2024-01-22 18:10:23 - [TEST_STEP][PASSED] - out.println("Double strFreqAnal: " + strFreqAnal): null

2024-01-22 18:10:23 - [TEST_STEP][PASSED] - strTanggal = d.format(DateTimeFormatter.ofPattern("yyyy-MM-dd")): null

2024-01-22 18:10:23 - [TEST_STEP][PASSED] - strTanggal = "#" + strTanggal + "#": null

2024-01-22 18:10:23 - [TEST_STEP][PASSED] - strSQL = "select count(*) as JumBaris from TblBrokSum where Nama = '" + strNama + "' and Tanggal = " + strTanggal + "": null

2024-01-22 18:10:23 - [TEST_STEP][PASSED] - resultSet = statement.executeQuery(strSQL): null

2024-01-22 18:10:23 - [TEST_STEP][PASSED] - resultSet.next(): null

2024-01-22 18:10:23 - [TEST_STEP][PASSED] - intJumBaris = resultSet.getInt("JumBaris"): null

2024-01-22 18:10:23 - [TEST_STEP][PASSED] - if (intJumBaris > 0): null

2024-01-22 18:10:23 - [TEST_STEP][PASSED] - else: null

2024-01-22 18:10:23 - [TEST_STEP][PASSED] - try: null

2024-01-22 18:10:23 - [TEST_STEP][PASSED] - out.println("Insert data"): null

2024-01-22 18:10:23 - [TEST_STEP][PASSED] - strSQL = "insert into TblBrokSum (nama, tanggal, top1, top2, top3, AllBrokAvg, AccDist, AvgRP, " + "Buyer1, BuyerVal1, BuyerAvg1, Seller1, SellerVal1, SellerAvg1, Buyer2, BuyerVal2, BuyerAvg2, " + "Seller2, SellerVal2, SellerAvg2, Buyer3, BuyerVal3, BuyerAvg3, Seller3, SellerVal3, SellerAvg3, NetVol, NetVal, " + "OpenPrice, LowPrice, HighPrice, ClosePrice, Volume, Change, Frekuensi, FrekAnal) " + "values ('" + strNama + "', " + strTanggal + ", '" + strTop1 + "', '" + strTop3 + "', '" + strTop5 + "', " + "'" + strAllBrokAvg + "', '" + strAccDist + "', " + intAvgRP + ", '" + strBuyer1 + "', '" + strBuyerVol1 + "', " + strBuyerAvg1 + ", " + "'" + strSeller1 + "', '" + strSellerVol1 + "', " + strSellerAvg1 + ", '" + strBuyer2 + "', '" + strBuyerVol2 + "', " + strBuyerAvg2 + ", " + "'" + strSeller2 + "', '" + strSellerVol2 + "', " + strSellerAvg2 + ", '" + strBuyer3 + "', '" + strBuyerVol3 + "', " + strBuyerAvg3 + ", " + "'" + strSeller3 + "', '" + strSellerVol3 + "', " + strSellerAvg3 + ", " + strNetVol + ", '" + strNetVal + "', " + "" + strOpenPrice + ", " + strLowPrice + ", " + strHighPrice + ", " + strClosePrice + ", '" + strVol + "', " + strChange + ", " + strFreq + ", " + strFreqAnal + ");": null

2024-01-22 18:10:23 - [TEST_STEP][PASSED] - out.println("strSQL = " + strSQL): null

2024-01-22 18:10:23 - [TEST_STEP][PASSED] - statement.executeUpdate(strSQL): null

2024-01-22 18:10:23 - [TEST_STEP][PASSED] - setValueToCellByIndex(sheet01, rowIndex, 4, "DONE"): null

2024-01-22 18:10:23 - [TEST_STEP][PASSED] - saveWorkbook(excelFilePath, workbook01): null

2024-01-22 18:10:23 - [TEST_STEP][PASSED] - waitForElementClickable(findTestObject("Stockbit/menu_Bandarmology"), 10): Object 'Object Repository/Stockbit/menu_Bandarmology' is clickable

2024-01-22 18:10:23 - [MESSAGE][PASSED] - Object 'Object Repository/Stockbit/menu_Bandarmology' is clickable

2024-01-22 18:10:23 - [TEST_STEP][PASSED] - click(findTestObject("Stockbit/menu_Bandarmology")): Object: 'Object Repository/Stockbit/menu_Bandarmology' is clicked on

2024-01-22 18:10:24 - [MESSAGE][PASSED] - Object: 'Object Repository/Stockbit/menu_Bandarmology' is clicked on

2024-01-22 18:10:24 - [TEST_STEP][PASSED] - strTemp = "NA": null

2024-01-22 18:10:24 - [TEST_STEP][PASSED] - if (getCellValueByIndex(sheet01, rowIndex, 4) != "DONE"): Object: 'Object Repository/Stockbit/menu_Bandarmology' is clicked on

2024-01-22 18:10:24 - [TEST_STEP][PASSED] - strNama = getCellValueByIndex(sheet01, rowIndex, 0): null

2024-01-22 18:10:24 - [TEST_STEP][PASSED] - navigateToUrl("https://stockbit.com/#/symbol/" + strNama): Navigate to 'https://stockbit.com/#/symbol/ACES' successfully

2024-01-22 18:10:26 - [MESSAGE][PASSED] - Navigate to 'https://stockbit.com/#/symbol/ACES' successfully

2024-01-22 18:10:26 - [TEST_STEP][PASSED] - waitForElementClickable(findTestObject("Stockbit/menu_Bandarmology"), 10): Object 'Object Repository/Stockbit/menu_Bandarmology' is clickable

2024-01-22 18:10:26 - [MESSAGE][PASSED] - Object 'Object Repository/Stockbit/menu_Bandarmology' is clickable

2024-01-22 18:10:26 - [TEST_STEP][PASSED] - click(findTestObject("Stockbit/menu_Bandarmology")): Object: 'Object Repository/Stockbit/menu_Bandarmology' is clicked on

2024-01-22 18:10:27 - [MESSAGE][PASSED] - Object: 'Object Repository/Stockbit/menu_Bandarmology' is clicked on

2024-01-22 18:10:27 - [TEST_STEP][PASSED] - strTanggal = d.format(DateTimeFormatter.ofPattern("MMM dd, yyyy")): null

2024-01-22 18:10:27 - [TEST_STEP][PASSED] - strTanggal = d.format(ISO_DATE): null

2024-01-22 18:10:27 - [TEST_STEP][PASSED] - out.println("strTanggal = " + strTanggal): null

2024-01-22 18:10:27 - [TEST_STEP][PASSED] - out.println("strNama = " + strNama): null

2024-01-22 18:10:27 - [TEST_STEP][PASSED] - out.println("Baris ke = " + rowIndex): null

2024-01-22 18:10:27 - [TEST_STEP][PASSED] - click(findTestObject("Stockbit/input__BandarmologyOpenStartDate")): Object: 'Object Repository/Stockbit/input__BandarmologyOpenStartDate' is clicked on

2024-01-22 18:10:28 - [MESSAGE][PASSED] - Object: 'Object Repository/Stockbit/input__BandarmologyOpenStartDate' is clicked on

2024-01-22 18:10:28 - [TEST_STEP][PASSED] - sendKeys(findTestObject("Stockbit/input__BandarmologyOpenStartDate"), Keys.chord(CONTROL, "a")): Keys 'CONTROL + a' sent to object: 'Object Repository/Stockbit/input__BandarmologyOpenStartDate'

2024-01-22 18:10:29 - [MESSAGE][PASSED] - Keys 'CONTROL + a' sent to object: 'Object Repository/Stockbit/input__BandarmologyOpenStartDate'

2024-01-22 18:10:29 - [TEST_STEP][PASSED] - sendKeys(findTestObject("Stockbit/input__BandarmologyOpenStartDate"), Keys.chord(BACK_SPACE)): Keys 'BACK_SPACE + ' sent to object: 'Object Repository/Stockbit/input__BandarmologyOpenStartDate'

2024-01-22 18:10:29 - [MESSAGE][PASSED] - Keys 'BACK_SPACE + ' sent to object: 'Object Repository/Stockbit/input__BandarmologyOpenStartDate'

2024-01-22 18:10:29 - [TEST_STEP][PASSED] - setText(findTestObject("Stockbit/input__BandarmologyOpenStartDate"), strTanggal): Text '2024-01-22' is set on object 'Object Repository/Stockbit/input__BandarmologyOpenStartDate'

2024-01-22 18:10:30 - [MESSAGE][PASSED] - Text '2024-01-22' is set on object 'Object Repository/Stockbit/input__BandarmologyOpenStartDate'

2024-01-22 18:10:30 - [TEST_STEP][PASSED] - sendKeys(findTestObject("Stockbit/input__BandarmologyOpenStartDate"), Keys.chord(ENTER)): Keys 'ENTER + ' sent to object: 'Object Repository/Stockbit/input__BandarmologyOpenStartDate'

2024-01-22 18:10:31 - [MESSAGE][PASSED] - Keys 'ENTER + ' sent to object: 'Object Repository/Stockbit/input__BandarmologyOpenStartDate'

2024-01-22 18:10:31 - [TEST_STEP][PASSED] - click(findTestObject("Stockbit/input__BandarmologyOpenEndDate")): Object: 'Object Repository/Stockbit/input__BandarmologyOpenEndDate' is clicked on

2024-01-22 18:10:31 - [MESSAGE][PASSED] - Object: 'Object Repository/Stockbit/input__BandarmologyOpenEndDate' is clicked on

2024-01-22 18:10:31 - [TEST_STEP][PASSED] - sendKeys(findTestObject("Stockbit/input__BandarmologyOpenEndDate"), Keys.chord(CONTROL, "a")): Keys 'CONTROL + a' sent to object: 'Object Repository/Stockbit/input__BandarmologyOpenEndDate'

2024-01-22 18:10:32 - [MESSAGE][PASSED] - Keys 'CONTROL + a' sent to object: 'Object Repository/Stockbit/input__BandarmologyOpenEndDate'

2024-01-22 18:10:32 - [TEST_STEP][PASSED] - sendKeys(findTestObject("Stockbit/input__BandarmologyOpenEndDate"), Keys.chord(BACK_SPACE)): Keys 'BACK_SPACE + ' sent to object: 'Object Repository/Stockbit/input__BandarmologyOpenEndDate'

2024-01-22 18:10:32 - [MESSAGE][PASSED] - Keys 'BACK_SPACE + ' sent to object: 'Object Repository/Stockbit/input__BandarmologyOpenEndDate'

2024-01-22 18:10:32 - [TEST_STEP][PASSED] - setText(findTestObject("Stockbit/input__BandarmologyOpenEndDate"), strTanggal): Text '2024-01-22' is set on object 'Object Repository/Stockbit/input__BandarmologyOpenEndDate'

2024-01-22 18:10:33 - [MESSAGE][PASSED] - Text '2024-01-22' is set on object 'Object Repository/Stockbit/input__BandarmologyOpenEndDate'

2024-01-22 18:10:33 - [TEST_STEP][PASSED] - sendKeys(findTestObject("Stockbit/input__BandarmologyOpenEndDate"), Keys.chord(ENTER)): Keys 'ENTER + ' sent to object: 'Object Repository/Stockbit/input__BandarmologyOpenEndDate'

2024-01-22 18:10:34 - [MESSAGE][PASSED] - Keys 'ENTER + ' sent to object: 'Object Repository/Stockbit/input__BandarmologyOpenEndDate'

2024-01-22 18:10:34 - [TEST_STEP][PASSED] - delay(2): Delayed 2 second(s)

2024-01-22 18:10:36 - [MESSAGE][PASSED] - Delayed 2 second(s)

2024-01-22 18:10:36 - [TEST_STEP][PASSED] - strTemp = getText(findTestObject("Stockbit/Bandarmology_AvgRP")): Text of object 'Object Repository/Stockbit/Bandarmology_AvgRP' is: '802'

2024-01-22 18:10:36 - [MESSAGE][PASSED] - Text of object 'Object Repository/Stockbit/Bandarmology_AvgRP' is: '802'

2024-01-22 18:10:36 - [TEST_STEP][PASSED] - out.println("Bandarmology_AvgRP = " + strTemp): null

2024-01-22 18:10:36 - [TEST_STEP][PASSED] - if (strTemp != "0"): null

2024-01-22 18:10:36 - [TEST_STEP][PASSED] - strTop1 = getText(findTestObject("Stockbit/Bandarmology_Top1")): Text of object 'Object Repository/Stockbit/Bandarmology_Top1' is: 'Big Acc'

2024-01-22 18:10:36 - [MESSAGE][PASSED] - Text of object 'Object Repository/Stockbit/Bandarmology_Top1' is: 'Big Acc'

2024-01-22 18:10:36 - [TEST_STEP][PASSED] - strTop3 = getText(findTestObject("Stockbit/Bandarmology_Top3")): Text of object 'Object Repository/Stockbit/Bandarmology_Top3' is: 'Normal Acc'

2024-01-22 18:10:36 - [MESSAGE][PASSED] - Text of object 'Object Repository/Stockbit/Bandarmology_Top3' is: 'Normal Acc'

2024-01-22 18:10:36 - [TEST_STEP][PASSED] - strTop5 = getText(findTestObject("Stockbit/Bandarmology_Top5")): Text of object 'Object Repository/Stockbit/Bandarmology_Top5' is: 'Normal Acc'

2024-01-22 18:10:36 - [MESSAGE][PASSED] - Text of object 'Object Repository/Stockbit/Bandarmology_Top5' is: 'Normal Acc'

2024-01-22 18:10:36 - [TEST_STEP][PASSED] - strAllBrokAvg = getText(findTestObject("Stockbit/Bandarmology_TopAVG")): Text of object 'Object Repository/Stockbit/Bandarmology_TopAVG' is: 'Normal Acc'

2024-01-22 18:10:36 - [MESSAGE][PASSED] - Text of object 'Object Repository/Stockbit/Bandarmology_TopAVG' is: 'Normal Acc'

2024-01-22 18:10:36 - [TEST_STEP][PASSED] - strTemp = getText(findTestObject("Stockbit/Bandarmology_AvgRP")): Text of object 'Object Repository/Stockbit/Bandarmology_AvgRP' is: '802'

2024-01-22 18:10:37 - [MESSAGE][PASSED] - Text of object 'Object Repository/Stockbit/Bandarmology_AvgRP' is: '802'

2024-01-22 18:10:37 - [TEST_STEP][PASSED] - if (strTemp.contains(",")): null

2024-01-22 18:10:37 - [TEST_STEP][PASSED] - intAvgRP = strTemp.toInteger(): null

2024-01-22 18:10:37 - [TEST_STEP][PASSED] - strBuyer1 = getText(findTestObject("Stockbit/Bandarmology_Buyer1")): Text of object 'Object Repository/Stockbit/Bandarmology_Buyer1' is: 'AK'

2024-01-22 18:10:37 - [MESSAGE][PASSED] - Text of object 'Object Repository/Stockbit/Bandarmology_Buyer1' is: 'AK'

2024-01-22 18:10:37 - [TEST_STEP][PASSED] - strBuyerVol1 = getText(findTestObject("Stockbit/Bandarmology_BuyerVol1")): Text of object 'Object Repository/Stockbit/Bandarmology_BuyerVol1' is: '158.4 K'

2024-01-22 18:10:37 - [MESSAGE][PASSED] - Text of object 'Object Repository/Stockbit/Bandarmology_BuyerVol1' is: '158.4 K'

2024-01-22 18:10:37 - [TEST_STEP][PASSED] - strBuyerAvg1 = getText(findTestObject("Stockbit/Bandarmology_BuyerAvg1")): Text of object 'Object Repository/Stockbit/Bandarmology_BuyerAvg1' is: '798'

2024-01-22 18:10:37 - [MESSAGE][PASSED] - Text of object 'Object Repository/Stockbit/Bandarmology_BuyerAvg1' is: '798'

2024-01-22 18:10:37 - [TEST_STEP][PASSED] - if (strBuyerAvg1.contains(",")): null

2024-01-22 18:10:37 - [TEST_STEP][PASSED] - if (strBuyerVol1.contains(" B")): null

2024-01-22 18:10:37 - [TEST_STEP][PASSED] - else if (strBuyerVol1.contains(" M")): null

2024-01-22 18:10:37 - [TEST_STEP][PASSED] - else if (strBuyerVol1.contains(" K")): null

2024-01-22 18:10:37 - [TEST_STEP][PASSED] - strBuyerVol1 = strBuyerVol1.replace(" K", ""): null

2024-01-22 18:10:37 - [TEST_STEP][PASSED] - strBuyerVol1 = strBuyerVol1.toDouble() * 1000: null

2024-01-22 18:10:37 - [TEST_STEP][PASSED] - strSeller1 = getText(findTestObject("Stockbit/Bandarmology_Seller1")): Text of object 'Object Repository/Stockbit/Bandarmology_Seller1' is: 'AZ'

2024-01-22 18:10:37 - [MESSAGE][PASSED] - Text of object 'Object Repository/Stockbit/Bandarmology_Seller1' is: 'AZ'

2024-01-22 18:10:37 - [TEST_STEP][PASSED] - strSellerVol1 = getText(findTestObject("Stockbit/Bandarmology_SellerVol1")): Text of object 'Object Repository/Stockbit/Bandarmology_SellerVol1' is: '84.4 K'

2024-01-22 18:10:37 - [MESSAGE][PASSED] - Text of object 'Object Repository/Stockbit/Bandarmology_SellerVol1' is: '84.4 K'

2024-01-22 18:10:37 - [TEST_STEP][PASSED] - strSellerAvg1 = getText(findTestObject("Stockbit/Bandarmology_SellerAvg1")): Text of object 'Object Repository/Stockbit/Bandarmology_SellerAvg1' is: '807'

2024-01-22 18:10:38 - [MESSAGE][PASSED] - Text of object 'Object Repository/Stockbit/Bandarmology_SellerAvg1' is: '807'

2024-01-22 18:10:38 - [TEST_STEP][PASSED] - if (strSellerAvg1.contains(",")): null

2024-01-22 18:10:38 - [TEST_STEP][PASSED] - if (strSellerVol1.contains(" B")): null

2024-01-22 18:10:38 - [TEST_STEP][PASSED] - else if (strSellerVol1.contains(" M")): null

2024-01-22 18:10:38 - [TEST_STEP][PASSED] - else if (strSellerVol1.contains(" K")): null

2024-01-22 18:10:38 - [TEST_STEP][PASSED] - strSellerVol1 = strSellerVol1.replace(" K", ""): null

2024-01-22 18:10:38 - [TEST_STEP][PASSED] - strSellerVol1 = strSellerVol1.toDouble() * 1000: null

2024-01-22 18:10:38 - [TEST_STEP][PASSED] - if (verifyElementNotPresent(findTestObject("Stockbit/Bandarmology_Buyer2"), 1, OPTIONAL)): Web element with id: 'Object Repository/Stockbit/Bandarmology_Buyer2' located by 'By.xpath: //*[contains(@id, 'rc-tabs-')]/div[2]/div/div/div/div/div/div[2]/table/tbody/tr[3]/td[1]/p' is present after '1' second(s) (Root cause: com.kms.katalon.core.exception.StepFailedException: Web element with id: 'Object Repository/Stockbit/Bandarmology_Buyer2' located by 'By.xpath: //*[contains(@id, 'rc-tabs-')]/div[2]/div/div/div/div/div/div[2]/table/tbody/tr[3]/td[1]/p' is present after '1' second(s)
	at com.kms.katalon.core.webui.keyword.internal.WebUIKeywordMain.stepFailed(WebUIKeywordMain.groovy:64)
	at com.kms.katalon.core.webui.keyword.internal.WebUIKeywordMain$stepFailed$0.call(Unknown Source)
	at com.kms.katalon.core.webui.keyword.builtin.VerifyElementNotPresentKeyword$_verifyElementNotPresent_closure1.doCall(VerifyElementNotPresentKeyword.groovy:106)
	at com.kms.katalon.core.webui.keyword.builtin.VerifyElementNotPresentKeyword$_verifyElementNotPresent_closure1.doCall(VerifyElementNotPresentKeyword.groovy)
	at com.kms.katalon.core.webui.keyword.internal.WebUIKeywordMain.runKeyword(WebUIKeywordMain.groovy:20)
	at com.kms.katalon.core.webui.keyword.internal.WebUIKeywordMain$runKeyword.call(Unknown Source)
	at com.kms.katalon.core.webui.keyword.builtin.VerifyElementNotPresentKeyword.verifyElementNotPresent(VerifyElementNotPresentKeyword.groovy:117)
	at com.kms.katalon.core.webui.keyword.builtin.VerifyElementNotPresentKeyword.execute(VerifyElementNotPresentKeyword.groovy:68)
	at com.kms.katalon.core.keyword.internal.KeywordExecutor.executeKeywordForPlatform(KeywordExecutor.groovy:74)
	at com.kms.katalon.core.webui.keyword.WebUiBuiltInKeywords.verifyElementNotPresent(WebUiBuiltInKeywords.groovy:1481)
	at com.kms.katalon.core.webui.keyword.WebUiBuiltInKeywords$verifyElementNotPresent$8.call(Unknown Source)
	at GetBrokSumPriceDaily.run(GetBrokSumPriceDaily:258)
	at com.kms.katalon.core.main.ScriptEngine.run(ScriptEngine.java:194)
	at com.kms.katalon.core.main.ScriptEngine.runScriptAsRawText(ScriptEngine.java:119)
	at com.kms.katalon.core.main.TestCaseExecutor.runScript(TestCaseExecutor.java:445)
	at com.kms.katalon.core.main.TestCaseExecutor.doExecute(TestCaseExecutor.java:436)
	at com.kms.katalon.core.main.TestCaseExecutor.processExecutionPhase(TestCaseExecutor.java:415)
	at com.kms.katalon.core.main.TestCaseExecutor.accessMainPhase(TestCaseExecutor.java:407)
	at com.kms.katalon.core.main.TestCaseExecutor.execute(TestCaseExecutor.java:284)
	at com.kms.katalon.core.common.CommonExecutor.accessTestCaseMainPhase(CommonExecutor.java:65)
	at com.kms.katalon.core.main.TestSuiteExecutor.accessTestSuiteMainPhase(TestSuiteExecutor.java:144)
	at com.kms.katalon.core.main.TestSuiteExecutor.execute(TestSuiteExecutor.java:106)
	at com.kms.katalon.core.main.TestCaseMain.startTestSuite(TestCaseMain.java:185)
	at com.kms.katalon.core.main.TestCaseMain$startTestSuite$0.call(Unknown Source)
	at TempTestSuite1705920083951.run(TempTestSuite1705920083951.groovy:36)
)

2024-01-22 18:10:39 - [MESSAGE][WARNING] - Web element with id: 'Object Repository/Stockbit/Bandarmology_Buyer2' located by 'By.xpath: //*[contains(@id, 'rc-tabs-')]/div[2]/div/div/div/div/div/div[2]/table/tbody/tr[3]/td[1]/p' is present after '1' second(s) (Root cause: com.kms.katalon.core.exception.StepFailedException: Web element with id: 'Object Repository/Stockbit/Bandarmology_Buyer2' located by 'By.xpath: //*[contains(@id, 'rc-tabs-')]/div[2]/div/div/div/div/div/div[2]/table/tbody/tr[3]/td[1]/p' is present after '1' second(s)
	at com.kms.katalon.core.webui.keyword.internal.WebUIKeywordMain.stepFailed(WebUIKeywordMain.groovy:64)
	at com.kms.katalon.core.webui.keyword.internal.WebUIKeywordMain$stepFailed$0.call(Unknown Source)
	at com.kms.katalon.core.webui.keyword.builtin.VerifyElementNotPresentKeyword$_verifyElementNotPresent_closure1.doCall(VerifyElementNotPresentKeyword.groovy:106)
	at com.kms.katalon.core.webui.keyword.builtin.VerifyElementNotPresentKeyword$_verifyElementNotPresent_closure1.doCall(VerifyElementNotPresentKeyword.groovy)
	at com.kms.katalon.core.webui.keyword.internal.WebUIKeywordMain.runKeyword(WebUIKeywordMain.groovy:20)
	at com.kms.katalon.core.webui.keyword.internal.WebUIKeywordMain$runKeyword.call(Unknown Source)
	at com.kms.katalon.core.webui.keyword.builtin.VerifyElementNotPresentKeyword.verifyElementNotPresent(VerifyElementNotPresentKeyword.groovy:117)
	at com.kms.katalon.core.webui.keyword.builtin.VerifyElementNotPresentKeyword.execute(VerifyElementNotPresentKeyword.groovy:68)
	at com.kms.katalon.core.keyword.internal.KeywordExecutor.executeKeywordForPlatform(KeywordExecutor.groovy:74)
	at com.kms.katalon.core.webui.keyword.WebUiBuiltInKeywords.verifyElementNotPresent(WebUiBuiltInKeywords.groovy:1481)
	at com.kms.katalon.core.webui.keyword.WebUiBuiltInKeywords$verifyElementNotPresent$8.call(Unknown Source)
	at GetBrokSumPriceDaily.run(GetBrokSumPriceDaily:258)
	at com.kms.katalon.core.main.ScriptEngine.run(ScriptEngine.java:194)
	at com.kms.katalon.core.main.ScriptEngine.runScriptAsRawText(ScriptEngine.java:119)
	at com.kms.katalon.core.main.TestCaseExecutor.runScript(TestCaseExecutor.java:445)
	at com.kms.katalon.core.main.TestCaseExecutor.doExecute(TestCaseExecutor.java:436)
	at com.kms.katalon.core.main.TestCaseExecutor.processExecutionPhase(TestCaseExecutor.java:415)
	at com.kms.katalon.core.main.TestCaseExecutor.accessMainPhase(TestCaseExecutor.java:407)
	at com.kms.katalon.core.main.TestCaseExecutor.execute(TestCaseExecutor.java:284)
	at com.kms.katalon.core.common.CommonExecutor.accessTestCaseMainPhase(CommonExecutor.java:65)
	at com.kms.katalon.core.main.TestSuiteExecutor.accessTestSuiteMainPhase(TestSuiteExecutor.java:144)
	at com.kms.katalon.core.main.TestSuiteExecutor.execute(TestSuiteExecutor.java:106)
	at com.kms.katalon.core.main.TestCaseMain.startTestSuite(TestCaseMain.java:185)
	at com.kms.katalon.core.main.TestCaseMain$startTestSuite$0.call(Unknown Source)
	at TempTestSuite1705920083951.run(TempTestSuite1705920083951.groovy:36)
)
[[ATTACHMENT|C:\\Users\\Fadli\\git\\KatalonDailyGetData2\\Reports\\20240122_174123\\TS1\\20240122_174123\\1705921839256.png]]

2024-01-22 18:10:39 - [TEST_STEP][PASSED] - else: null

2024-01-22 18:10:39 - [TEST_STEP][PASSED] - strBuyer2 = getText(findTestObject("Stockbit/Bandarmology_Buyer2")): Text of object 'Object Repository/Stockbit/Bandarmology_Buyer2' is: 'BB'

2024-01-22 18:10:39 - [MESSAGE][PASSED] - Text of object 'Object Repository/Stockbit/Bandarmology_Buyer2' is: 'BB'

2024-01-22 18:10:39 - [TEST_STEP][PASSED] - strBuyerVol2 = getText(findTestObject("Stockbit/Bandarmology_BuyerVol2")): Text of object 'Object Repository/Stockbit/Bandarmology_BuyerVol2' is: '58.7 K'

2024-01-22 18:10:39 - [MESSAGE][PASSED] - Text of object 'Object Repository/Stockbit/Bandarmology_BuyerVol2' is: '58.7 K'

2024-01-22 18:10:39 - [TEST_STEP][PASSED] - strBuyerAvg2 = getText(findTestObject("Stockbit/Bandarmology_BuyerAvg2")): Text of object 'Object Repository/Stockbit/Bandarmology_BuyerAvg2' is: '799'

2024-01-22 18:10:39 - [MESSAGE][PASSED] - Text of object 'Object Repository/Stockbit/Bandarmology_BuyerAvg2' is: '799'

2024-01-22 18:10:39 - [TEST_STEP][PASSED] - if (strBuyer2 != ""): null

2024-01-22 18:10:39 - [TEST_STEP][PASSED] - if (strBuyerAvg2.contains(",")): null

2024-01-22 18:10:39 - [TEST_STEP][PASSED] - if (strBuyerVol2.contains(" B")): null

2024-01-22 18:10:39 - [TEST_STEP][PASSED] - else if (strBuyerVol2.contains(" M")): null

2024-01-22 18:10:39 - [TEST_STEP][PASSED] - else if (strBuyerVol2.contains(" K")): null

2024-01-22 18:10:39 - [TEST_STEP][PASSED] - strBuyerVol2 = strBuyerVol2.replace(" K", ""): null

2024-01-22 18:10:39 - [TEST_STEP][PASSED] - strBuyerVol2 = strBuyerVol2.toDouble() * 1000: null

2024-01-22 18:10:39 - [TEST_STEP][PASSED] - if (strBuyerVol2.contains(".")): null

2024-01-22 18:10:39 - [TEST_STEP][PASSED] - strBuyerVal2 = strBuyerVol2.replace(".", ""): null

2024-01-22 18:10:39 - [TEST_STEP][PASSED] - if (verifyElementNotPresent(findTestObject("Stockbit/Bandarmology_Seller2"), 1, OPTIONAL)): Web element with id: 'Object Repository/Stockbit/Bandarmology_Seller2' located by 'By.xpath: //*[contains(@id, 'rc-tabs-')]/div[2]/div/div/div/div/div/div[2]/table/tbody/tr[3]/td[5]/p' is present after '1' second(s) (Root cause: com.kms.katalon.core.exception.StepFailedException: Web element with id: 'Object Repository/Stockbit/Bandarmology_Seller2' located by 'By.xpath: //*[contains(@id, 'rc-tabs-')]/div[2]/div/div/div/div/div/div[2]/table/tbody/tr[3]/td[5]/p' is present after '1' second(s)
	at com.kms.katalon.core.webui.keyword.internal.WebUIKeywordMain.stepFailed(WebUIKeywordMain.groovy:64)
	at com.kms.katalon.core.webui.keyword.internal.WebUIKeywordMain$stepFailed$0.call(Unknown Source)
	at com.kms.katalon.core.webui.keyword.builtin.VerifyElementNotPresentKeyword$_verifyElementNotPresent_closure1.doCall(VerifyElementNotPresentKeyword.groovy:106)
	at com.kms.katalon.core.webui.keyword.builtin.VerifyElementNotPresentKeyword$_verifyElementNotPresent_closure1.doCall(VerifyElementNotPresentKeyword.groovy)
	at com.kms.katalon.core.webui.keyword.internal.WebUIKeywordMain.runKeyword(WebUIKeywordMain.groovy:20)
	at com.kms.katalon.core.webui.keyword.internal.WebUIKeywordMain$runKeyword.call(Unknown Source)
	at com.kms.katalon.core.webui.keyword.builtin.VerifyElementNotPresentKeyword.verifyElementNotPresent(VerifyElementNotPresentKeyword.groovy:117)
	at com.kms.katalon.core.webui.keyword.builtin.VerifyElementNotPresentKeyword.execute(VerifyElementNotPresentKeyword.groovy:68)
	at com.kms.katalon.core.keyword.internal.KeywordExecutor.executeKeywordForPlatform(KeywordExecutor.groovy:74)
	at com.kms.katalon.core.webui.keyword.WebUiBuiltInKeywords.verifyElementNotPresent(WebUiBuiltInKeywords.groovy:1481)
	at com.kms.katalon.core.webui.keyword.WebUiBuiltInKeywords$verifyElementNotPresent$8.call(Unknown Source)
	at GetBrokSumPriceDaily.run(GetBrokSumPriceDaily:309)
	at com.kms.katalon.core.main.ScriptEngine.run(ScriptEngine.java:194)
	at com.kms.katalon.core.main.ScriptEngine.runScriptAsRawText(ScriptEngine.java:119)
	at com.kms.katalon.core.main.TestCaseExecutor.runScript(TestCaseExecutor.java:445)
	at com.kms.katalon.core.main.TestCaseExecutor.doExecute(TestCaseExecutor.java:436)
	at com.kms.katalon.core.main.TestCaseExecutor.processExecutionPhase(TestCaseExecutor.java:415)
	at com.kms.katalon.core.main.TestCaseExecutor.accessMainPhase(TestCaseExecutor.java:407)
	at com.kms.katalon.core.main.TestCaseExecutor.execute(TestCaseExecutor.java:284)
	at com.kms.katalon.core.common.CommonExecutor.accessTestCaseMainPhase(CommonExecutor.java:65)
	at com.kms.katalon.core.main.TestSuiteExecutor.accessTestSuiteMainPhase(TestSuiteExecutor.java:144)
	at com.kms.katalon.core.main.TestSuiteExecutor.execute(TestSuiteExecutor.java:106)
	at com.kms.katalon.core.main.TestCaseMain.startTestSuite(TestCaseMain.java:185)
	at com.kms.katalon.core.main.TestCaseMain$startTestSuite$0.call(Unknown Source)
	at TempTestSuite1705920083951.run(TempTestSuite1705920083951.groovy:36)
)

2024-01-22 18:10:41 - [MESSAGE][WARNING] - Web element with id: 'Object Repository/Stockbit/Bandarmology_Seller2' located by 'By.xpath: //*[contains(@id, 'rc-tabs-')]/div[2]/div/div/div/div/div/div[2]/table/tbody/tr[3]/td[5]/p' is present after '1' second(s) (Root cause: com.kms.katalon.core.exception.StepFailedException: Web element with id: 'Object Repository/Stockbit/Bandarmology_Seller2' located by 'By.xpath: //*[contains(@id, 'rc-tabs-')]/div[2]/div/div/div/div/div/div[2]/table/tbody/tr[3]/td[5]/p' is present after '1' second(s)
	at com.kms.katalon.core.webui.keyword.internal.WebUIKeywordMain.stepFailed(WebUIKeywordMain.groovy:64)
	at com.kms.katalon.core.webui.keyword.internal.WebUIKeywordMain$stepFailed$0.call(Unknown Source)
	at com.kms.katalon.core.webui.keyword.builtin.VerifyElementNotPresentKeyword$_verifyElementNotPresent_closure1.doCall(VerifyElementNotPresentKeyword.groovy:106)
	at com.kms.katalon.core.webui.keyword.builtin.VerifyElementNotPresentKeyword$_verifyElementNotPresent_closure1.doCall(VerifyElementNotPresentKeyword.groovy)
	at com.kms.katalon.core.webui.keyword.internal.WebUIKeywordMain.runKeyword(WebUIKeywordMain.groovy:20)
	at com.kms.katalon.core.webui.keyword.internal.WebUIKeywordMain$runKeyword.call(Unknown Source)
	at com.kms.katalon.core.webui.keyword.builtin.VerifyElementNotPresentKeyword.verifyElementNotPresent(VerifyElementNotPresentKeyword.groovy:117)
	at com.kms.katalon.core.webui.keyword.builtin.VerifyElementNotPresentKeyword.execute(VerifyElementNotPresentKeyword.groovy:68)
	at com.kms.katalon.core.keyword.internal.KeywordExecutor.executeKeywordForPlatform(KeywordExecutor.groovy:74)
	at com.kms.katalon.core.webui.keyword.WebUiBuiltInKeywords.verifyElementNotPresent(WebUiBuiltInKeywords.groovy:1481)
	at com.kms.katalon.core.webui.keyword.WebUiBuiltInKeywords$verifyElementNotPresent$8.call(Unknown Source)
	at GetBrokSumPriceDaily.run(GetBrokSumPriceDaily:309)
	at com.kms.katalon.core.main.ScriptEngine.run(ScriptEngine.java:194)
	at com.kms.katalon.core.main.ScriptEngine.runScriptAsRawText(ScriptEngine.java:119)
	at com.kms.katalon.core.main.TestCaseExecutor.runScript(TestCaseExecutor.java:445)
	at com.kms.katalon.core.main.TestCaseExecutor.doExecute(TestCaseExecutor.java:436)
	at com.kms.katalon.core.main.TestCaseExecutor.processExecutionPhase(TestCaseExecutor.java:415)
	at com.kms.katalon.core.main.TestCaseExecutor.accessMainPhase(TestCaseExecutor.java:407)
	at com.kms.katalon.core.main.TestCaseExecutor.execute(TestCaseExecutor.java:284)
	at com.kms.katalon.core.common.CommonExecutor.accessTestCaseMainPhase(CommonExecutor.java:65)
	at com.kms.katalon.core.main.TestSuiteExecutor.accessTestSuiteMainPhase(TestSuiteExecutor.java:144)
	at com.kms.katalon.core.main.TestSuiteExecutor.execute(TestSuiteExecutor.java:106)
	at com.kms.katalon.core.main.TestCaseMain.startTestSuite(TestCaseMain.java:185)
	at com.kms.katalon.core.main.TestCaseMain$startTestSuite$0.call(Unknown Source)
	at TempTestSuite1705920083951.run(TempTestSuite1705920083951.groovy:36)
)
[[ATTACHMENT|C:\\Users\\Fadli\\git\\KatalonDailyGetData2\\Reports\\20240122_174123\\TS1\\20240122_174123\\1705921841158.png]]

2024-01-22 18:10:41 - [TEST_STEP][PASSED] - else: null

2024-01-22 18:10:41 - [TEST_STEP][PASSED] - strSeller2 = getText(findTestObject("Stockbit/Bandarmology_Seller2")): Text of object 'Object Repository/Stockbit/Bandarmology_Seller2' is: 'OD'

2024-01-22 18:10:41 - [MESSAGE][PASSED] - Text of object 'Object Repository/Stockbit/Bandarmology_Seller2' is: 'OD'

2024-01-22 18:10:41 - [TEST_STEP][PASSED] - strSellerVol2 = getText(findTestObject("Stockbit/Bandarmology_SellerVol2")): Text of object 'Object Repository/Stockbit/Bandarmology_SellerVol2' is: '67 K'

2024-01-22 18:10:41 - [MESSAGE][PASSED] - Text of object 'Object Repository/Stockbit/Bandarmology_SellerVol2' is: '67 K'

2024-01-22 18:10:41 - [TEST_STEP][PASSED] - strSellerAvg2 = getText(findTestObject("Stockbit/Bandarmology_SellerAvg2")): Text of object 'Object Repository/Stockbit/Bandarmology_SellerAvg2' is: '801'

2024-01-22 18:10:41 - [MESSAGE][PASSED] - Text of object 'Object Repository/Stockbit/Bandarmology_SellerAvg2' is: '801'

2024-01-22 18:10:41 - [TEST_STEP][PASSED] - if (strSeller2 != ""): null

2024-01-22 18:10:41 - [TEST_STEP][PASSED] - if (strSellerAvg2.contains(",")): null

2024-01-22 18:10:41 - [TEST_STEP][PASSED] - if (strSellerVol2.contains(" B")): null

2024-01-22 18:10:41 - [TEST_STEP][PASSED] - else if (strSellerVol2.contains(" M")): null

2024-01-22 18:10:41 - [TEST_STEP][PASSED] - else if (strSellerVol2.contains(" K")): null

2024-01-22 18:10:41 - [TEST_STEP][PASSED] - strSellerVol2 = strSellerVol2.replace(" K", ""): null

2024-01-22 18:10:41 - [TEST_STEP][PASSED] - strSellerVol2 = strSellerVol2.toDouble() * 1000: null

2024-01-22 18:10:41 - [TEST_STEP][PASSED] - if (verifyElementNotPresent(findTestObject("Stockbit/Bandarmology_Buyer3"), 1, OPTIONAL)): Web element with id: 'Object Repository/Stockbit/Bandarmology_Buyer3' located by 'By.xpath: //*[contains(@id, 'rc-tabs-')]/div[2]/div/div/div/div/div/div[2]/table/tbody/tr[4]/td[1]/p' is present after '1' second(s) (Root cause: com.kms.katalon.core.exception.StepFailedException: Web element with id: 'Object Repository/Stockbit/Bandarmology_Buyer3' located by 'By.xpath: //*[contains(@id, 'rc-tabs-')]/div[2]/div/div/div/div/div/div[2]/table/tbody/tr[4]/td[1]/p' is present after '1' second(s)
	at com.kms.katalon.core.webui.keyword.internal.WebUIKeywordMain.stepFailed(WebUIKeywordMain.groovy:64)
	at com.kms.katalon.core.webui.keyword.internal.WebUIKeywordMain$stepFailed$0.call(Unknown Source)
	at com.kms.katalon.core.webui.keyword.builtin.VerifyElementNotPresentKeyword$_verifyElementNotPresent_closure1.doCall(VerifyElementNotPresentKeyword.groovy:106)
	at com.kms.katalon.core.webui.keyword.builtin.VerifyElementNotPresentKeyword$_verifyElementNotPresent_closure1.doCall(VerifyElementNotPresentKeyword.groovy)
	at com.kms.katalon.core.webui.keyword.internal.WebUIKeywordMain.runKeyword(WebUIKeywordMain.groovy:20)
	at com.kms.katalon.core.webui.keyword.internal.WebUIKeywordMain$runKeyword.call(Unknown Source)
	at com.kms.katalon.core.webui.keyword.builtin.VerifyElementNotPresentKeyword.verifyElementNotPresent(VerifyElementNotPresentKeyword.groovy:117)
	at com.kms.katalon.core.webui.keyword.builtin.VerifyElementNotPresentKeyword.execute(VerifyElementNotPresentKeyword.groovy:68)
	at com.kms.katalon.core.keyword.internal.KeywordExecutor.executeKeywordForPlatform(KeywordExecutor.groovy:74)
	at com.kms.katalon.core.webui.keyword.WebUiBuiltInKeywords.verifyElementNotPresent(WebUiBuiltInKeywords.groovy:1481)
	at com.kms.katalon.core.webui.keyword.WebUiBuiltInKeywords$verifyElementNotPresent$8.call(Unknown Source)
	at GetBrokSumPriceDaily.run(GetBrokSumPriceDaily:361)
	at com.kms.katalon.core.main.ScriptEngine.run(ScriptEngine.java:194)
	at com.kms.katalon.core.main.ScriptEngine.runScriptAsRawText(ScriptEngine.java:119)
	at com.kms.katalon.core.main.TestCaseExecutor.runScript(TestCaseExecutor.java:445)
	at com.kms.katalon.core.main.TestCaseExecutor.doExecute(TestCaseExecutor.java:436)
	at com.kms.katalon.core.main.TestCaseExecutor.processExecutionPhase(TestCaseExecutor.java:415)
	at com.kms.katalon.core.main.TestCaseExecutor.accessMainPhase(TestCaseExecutor.java:407)
	at com.kms.katalon.core.main.TestCaseExecutor.execute(TestCaseExecutor.java:284)
	at com.kms.katalon.core.common.CommonExecutor.accessTestCaseMainPhase(CommonExecutor.java:65)
	at com.kms.katalon.core.main.TestSuiteExecutor.accessTestSuiteMainPhase(TestSuiteExecutor.java:144)
	at com.kms.katalon.core.main.TestSuiteExecutor.execute(TestSuiteExecutor.java:106)
	at com.kms.katalon.core.main.TestCaseMain.startTestSuite(TestCaseMain.java:185)
	at com.kms.katalon.core.main.TestCaseMain$startTestSuite$0.call(Unknown Source)
	at TempTestSuite1705920083951.run(TempTestSuite1705920083951.groovy:36)
)

2024-01-22 18:10:43 - [MESSAGE][WARNING] - Web element with id: 'Object Repository/Stockbit/Bandarmology_Buyer3' located by 'By.xpath: //*[contains(@id, 'rc-tabs-')]/div[2]/div/div/div/div/div/div[2]/table/tbody/tr[4]/td[1]/p' is present after '1' second(s) (Root cause: com.kms.katalon.core.exception.StepFailedException: Web element with id: 'Object Repository/Stockbit/Bandarmology_Buyer3' located by 'By.xpath: //*[contains(@id, 'rc-tabs-')]/div[2]/div/div/div/div/div/div[2]/table/tbody/tr[4]/td[1]/p' is present after '1' second(s)
	at com.kms.katalon.core.webui.keyword.internal.WebUIKeywordMain.stepFailed(WebUIKeywordMain.groovy:64)
	at com.kms.katalon.core.webui.keyword.internal.WebUIKeywordMain$stepFailed$0.call(Unknown Source)
	at com.kms.katalon.core.webui.keyword.builtin.VerifyElementNotPresentKeyword$_verifyElementNotPresent_closure1.doCall(VerifyElementNotPresentKeyword.groovy:106)
	at com.kms.katalon.core.webui.keyword.builtin.VerifyElementNotPresentKeyword$_verifyElementNotPresent_closure1.doCall(VerifyElementNotPresentKeyword.groovy)
	at com.kms.katalon.core.webui.keyword.internal.WebUIKeywordMain.runKeyword(WebUIKeywordMain.groovy:20)
	at com.kms.katalon.core.webui.keyword.internal.WebUIKeywordMain$runKeyword.call(Unknown Source)
	at com.kms.katalon.core.webui.keyword.builtin.VerifyElementNotPresentKeyword.verifyElementNotPresent(VerifyElementNotPresentKeyword.groovy:117)
	at com.kms.katalon.core.webui.keyword.builtin.VerifyElementNotPresentKeyword.execute(VerifyElementNotPresentKeyword.groovy:68)
	at com.kms.katalon.core.keyword.internal.KeywordExecutor.executeKeywordForPlatform(KeywordExecutor.groovy:74)
	at com.kms.katalon.core.webui.keyword.WebUiBuiltInKeywords.verifyElementNotPresent(WebUiBuiltInKeywords.groovy:1481)
	at com.kms.katalon.core.webui.keyword.WebUiBuiltInKeywords$verifyElementNotPresent$8.call(Unknown Source)
	at GetBrokSumPriceDaily.run(GetBrokSumPriceDaily:361)
	at com.kms.katalon.core.main.ScriptEngine.run(ScriptEngine.java:194)
	at com.kms.katalon.core.main.ScriptEngine.runScriptAsRawText(ScriptEngine.java:119)
	at com.kms.katalon.core.main.TestCaseExecutor.runScript(TestCaseExecutor.java:445)
	at com.kms.katalon.core.main.TestCaseExecutor.doExecute(TestCaseExecutor.java:436)
	at com.kms.katalon.core.main.TestCaseExecutor.processExecutionPhase(TestCaseExecutor.java:415)
	at com.kms.katalon.core.main.TestCaseExecutor.accessMainPhase(TestCaseExecutor.java:407)
	at com.kms.katalon.core.main.TestCaseExecutor.execute(TestCaseExecutor.java:284)
	at com.kms.katalon.core.common.CommonExecutor.accessTestCaseMainPhase(CommonExecutor.java:65)
	at com.kms.katalon.core.main.TestSuiteExecutor.accessTestSuiteMainPhase(TestSuiteExecutor.java:144)
	at com.kms.katalon.core.main.TestSuiteExecutor.execute(TestSuiteExecutor.java:106)
	at com.kms.katalon.core.main.TestCaseMain.startTestSuite(TestCaseMain.java:185)
	at com.kms.katalon.core.main.TestCaseMain$startTestSuite$0.call(Unknown Source)
	at TempTestSuite1705920083951.run(TempTestSuite1705920083951.groovy:36)
)
[[ATTACHMENT|C:\\Users\\Fadli\\git\\KatalonDailyGetData2\\Reports\\20240122_174123\\TS1\\20240122_174123\\1705921843115.png]]

2024-01-22 18:10:43 - [TEST_STEP][PASSED] - else: null

2024-01-22 18:10:43 - [TEST_STEP][PASSED] - strBuyer3 = getText(findTestObject("Stockbit/Bandarmology_Buyer3")): Text of object 'Object Repository/Stockbit/Bandarmology_Buyer3' is: 'NI'

2024-01-22 18:10:43 - [MESSAGE][PASSED] - Text of object 'Object Repository/Stockbit/Bandarmology_Buyer3' is: 'NI'

2024-01-22 18:10:43 - [TEST_STEP][PASSED] - strBuyerVol3 = getText(findTestObject("Stockbit/Bandarmology_BuyerVol3")): Text of object 'Object Repository/Stockbit/Bandarmology_BuyerVol3' is: '43 K'

2024-01-22 18:10:43 - [MESSAGE][PASSED] - Text of object 'Object Repository/Stockbit/Bandarmology_BuyerVol3' is: '43 K'

2024-01-22 18:10:43 - [TEST_STEP][PASSED] - strBuyerAvg3 = getText(findTestObject("Stockbit/Bandarmology_BuyerAvg3")): Text of object 'Object Repository/Stockbit/Bandarmology_BuyerAvg3' is: '809'

2024-01-22 18:10:43 - [MESSAGE][PASSED] - Text of object 'Object Repository/Stockbit/Bandarmology_BuyerAvg3' is: '809'

2024-01-22 18:10:43 - [TEST_STEP][PASSED] - if (strBuyer3 != ""): null

2024-01-22 18:10:43 - [TEST_STEP][PASSED] - if (strBuyerAvg3.contains(",")): null

2024-01-22 18:10:43 - [TEST_STEP][PASSED] - if (strBuyerVol3.contains(" B")): null

2024-01-22 18:10:43 - [TEST_STEP][PASSED] - else if (strBuyerVol3.contains(" M")): null

2024-01-22 18:10:43 - [TEST_STEP][PASSED] - else if (strBuyerVol3.contains(" K")): null

2024-01-22 18:10:43 - [TEST_STEP][PASSED] - strBuyerVol3 = strBuyerVol3.replace(" K", ""): null

2024-01-22 18:10:43 - [TEST_STEP][PASSED] - strBuyerVol3 = strBuyerVol3.toDouble() * 1000: null

2024-01-22 18:10:43 - [TEST_STEP][PASSED] - if (verifyElementNotPresent(findTestObject("Stockbit/Bandarmology_Seller3"), 1, OPTIONAL)): Web element with id: 'Object Repository/Stockbit/Bandarmology_Seller3' located by 'By.xpath: //*[contains(@id, 'rc-tabs-')]/div[2]/div/div/div/div/div/div[2]/table/tbody/tr[4]/td[5]/p' is present after '1' second(s) (Root cause: com.kms.katalon.core.exception.StepFailedException: Web element with id: 'Object Repository/Stockbit/Bandarmology_Seller3' located by 'By.xpath: //*[contains(@id, 'rc-tabs-')]/div[2]/div/div/div/div/div/div[2]/table/tbody/tr[4]/td[5]/p' is present after '1' second(s)
	at com.kms.katalon.core.webui.keyword.internal.WebUIKeywordMain.stepFailed(WebUIKeywordMain.groovy:64)
	at com.kms.katalon.core.webui.keyword.internal.WebUIKeywordMain$stepFailed$0.call(Unknown Source)
	at com.kms.katalon.core.webui.keyword.builtin.VerifyElementNotPresentKeyword$_verifyElementNotPresent_closure1.doCall(VerifyElementNotPresentKeyword.groovy:106)
	at com.kms.katalon.core.webui.keyword.builtin.VerifyElementNotPresentKeyword$_verifyElementNotPresent_closure1.doCall(VerifyElementNotPresentKeyword.groovy)
	at com.kms.katalon.core.webui.keyword.internal.WebUIKeywordMain.runKeyword(WebUIKeywordMain.groovy:20)
	at com.kms.katalon.core.webui.keyword.internal.WebUIKeywordMain$runKeyword.call(Unknown Source)
	at com.kms.katalon.core.webui.keyword.builtin.VerifyElementNotPresentKeyword.verifyElementNotPresent(VerifyElementNotPresentKeyword.groovy:117)
	at com.kms.katalon.core.webui.keyword.builtin.VerifyElementNotPresentKeyword.execute(VerifyElementNotPresentKeyword.groovy:68)
	at com.kms.katalon.core.keyword.internal.KeywordExecutor.executeKeywordForPlatform(KeywordExecutor.groovy:74)
	at com.kms.katalon.core.webui.keyword.WebUiBuiltInKeywords.verifyElementNotPresent(WebUiBuiltInKeywords.groovy:1481)
	at com.kms.katalon.core.webui.keyword.WebUiBuiltInKeywords$verifyElementNotPresent$8.call(Unknown Source)
	at GetBrokSumPriceDaily.run(GetBrokSumPriceDaily:414)
	at com.kms.katalon.core.main.ScriptEngine.run(ScriptEngine.java:194)
	at com.kms.katalon.core.main.ScriptEngine.runScriptAsRawText(ScriptEngine.java:119)
	at com.kms.katalon.core.main.TestCaseExecutor.runScript(TestCaseExecutor.java:445)
	at com.kms.katalon.core.main.TestCaseExecutor.doExecute(TestCaseExecutor.java:436)
	at com.kms.katalon.core.main.TestCaseExecutor.processExecutionPhase(TestCaseExecutor.java:415)
	at com.kms.katalon.core.main.TestCaseExecutor.accessMainPhase(TestCaseExecutor.java:407)
	at com.kms.katalon.core.main.TestCaseExecutor.execute(TestCaseExecutor.java:284)
	at com.kms.katalon.core.common.CommonExecutor.accessTestCaseMainPhase(CommonExecutor.java:65)
	at com.kms.katalon.core.main.TestSuiteExecutor.accessTestSuiteMainPhase(TestSuiteExecutor.java:144)
	at com.kms.katalon.core.main.TestSuiteExecutor.execute(TestSuiteExecutor.java:106)
	at com.kms.katalon.core.main.TestCaseMain.startTestSuite(TestCaseMain.java:185)
	at com.kms.katalon.core.main.TestCaseMain$startTestSuite$0.call(Unknown Source)
	at TempTestSuite1705920083951.run(TempTestSuite1705920083951.groovy:36)
)

2024-01-22 18:10:45 - [MESSAGE][WARNING] - Web element with id: 'Object Repository/Stockbit/Bandarmology_Seller3' located by 'By.xpath: //*[contains(@id, 'rc-tabs-')]/div[2]/div/div/div/div/div/div[2]/table/tbody/tr[4]/td[5]/p' is present after '1' second(s) (Root cause: com.kms.katalon.core.exception.StepFailedException: Web element with id: 'Object Repository/Stockbit/Bandarmology_Seller3' located by 'By.xpath: //*[contains(@id, 'rc-tabs-')]/div[2]/div/div/div/div/div/div[2]/table/tbody/tr[4]/td[5]/p' is present after '1' second(s)
	at com.kms.katalon.core.webui.keyword.internal.WebUIKeywordMain.stepFailed(WebUIKeywordMain.groovy:64)
	at com.kms.katalon.core.webui.keyword.internal.WebUIKeywordMain$stepFailed$0.call(Unknown Source)
	at com.kms.katalon.core.webui.keyword.builtin.VerifyElementNotPresentKeyword$_verifyElementNotPresent_closure1.doCall(VerifyElementNotPresentKeyword.groovy:106)
	at com.kms.katalon.core.webui.keyword.builtin.VerifyElementNotPresentKeyword$_verifyElementNotPresent_closure1.doCall(VerifyElementNotPresentKeyword.groovy)
	at com.kms.katalon.core.webui.keyword.internal.WebUIKeywordMain.runKeyword(WebUIKeywordMain.groovy:20)
	at com.kms.katalon.core.webui.keyword.internal.WebUIKeywordMain$runKeyword.call(Unknown Source)
	at com.kms.katalon.core.webui.keyword.builtin.VerifyElementNotPresentKeyword.verifyElementNotPresent(VerifyElementNotPresentKeyword.groovy:117)
	at com.kms.katalon.core.webui.keyword.builtin.VerifyElementNotPresentKeyword.execute(VerifyElementNotPresentKeyword.groovy:68)
	at com.kms.katalon.core.keyword.internal.KeywordExecutor.executeKeywordForPlatform(KeywordExecutor.groovy:74)
	at com.kms.katalon.core.webui.keyword.WebUiBuiltInKeywords.verifyElementNotPresent(WebUiBuiltInKeywords.groovy:1481)
	at com.kms.katalon.core.webui.keyword.WebUiBuiltInKeywords$verifyElementNotPresent$8.call(Unknown Source)
	at GetBrokSumPriceDaily.run(GetBrokSumPriceDaily:414)
	at com.kms.katalon.core.main.ScriptEngine.run(ScriptEngine.java:194)
	at com.kms.katalon.core.main.ScriptEngine.runScriptAsRawText(ScriptEngine.java:119)
	at com.kms.katalon.core.main.TestCaseExecutor.runScript(TestCaseExecutor.java:445)
	at com.kms.katalon.core.main.TestCaseExecutor.doExecute(TestCaseExecutor.java:436)
	at com.kms.katalon.core.main.TestCaseExecutor.processExecutionPhase(TestCaseExecutor.java:415)
	at com.kms.katalon.core.main.TestCaseExecutor.accessMainPhase(TestCaseExecutor.java:407)
	at com.kms.katalon.core.main.TestCaseExecutor.execute(TestCaseExecutor.java:284)
	at com.kms.katalon.core.common.CommonExecutor.accessTestCaseMainPhase(CommonExecutor.java:65)
	at com.kms.katalon.core.main.TestSuiteExecutor.accessTestSuiteMainPhase(TestSuiteExecutor.java:144)
	at com.kms.katalon.core.main.TestSuiteExecutor.execute(TestSuiteExecutor.java:106)
	at com.kms.katalon.core.main.TestCaseMain.startTestSuite(TestCaseMain.java:185)
	at com.kms.katalon.core.main.TestCaseMain$startTestSuite$0.call(Unknown Source)
	at TempTestSuite1705920083951.run(TempTestSuite1705920083951.groovy:36)
)
[[ATTACHMENT|C:\\Users\\Fadli\\git\\KatalonDailyGetData2\\Reports\\20240122_174123\\TS1\\20240122_174123\\1705921845168.png]]

2024-01-22 18:10:45 - [TEST_STEP][PASSED] - else: null

2024-01-22 18:10:45 - [TEST_STEP][PASSED] - strSeller3 = getText(findTestObject("Stockbit/Bandarmology_Seller3")): Text of object 'Object Repository/Stockbit/Bandarmology_Seller3' is: 'KK'

2024-01-22 18:10:45 - [MESSAGE][PASSED] - Text of object 'Object Repository/Stockbit/Bandarmology_Seller3' is: 'KK'

2024-01-22 18:10:45 - [TEST_STEP][PASSED] - strSellerVol3 = getText(findTestObject("Stockbit/Bandarmology_SellerVol3")): Text of object 'Object Repository/Stockbit/Bandarmology_SellerVol3' is: '48.1 K'

2024-01-22 18:10:45 - [MESSAGE][PASSED] - Text of object 'Object Repository/Stockbit/Bandarmology_SellerVol3' is: '48.1 K'

2024-01-22 18:10:45 - [TEST_STEP][PASSED] - strSellerAvg3 = getText(findTestObject("Stockbit/Bandarmology_SellerAvg3")): Text of object 'Object Repository/Stockbit/Bandarmology_SellerAvg3' is: '806'

2024-01-22 18:10:45 - [MESSAGE][PASSED] - Text of object 'Object Repository/Stockbit/Bandarmology_SellerAvg3' is: '806'

2024-01-22 18:10:45 - [TEST_STEP][PASSED] - if (strSeller3 != ""): null

2024-01-22 18:10:45 - [TEST_STEP][PASSED] - if (strSellerAvg3.contains(",")): null

2024-01-22 18:10:45 - [TEST_STEP][PASSED] - if (strSellerVol3.contains(" B")): null

2024-01-22 18:10:45 - [TEST_STEP][PASSED] - else if (strSellerVol3.contains(" M")): null

2024-01-22 18:10:45 - [TEST_STEP][PASSED] - else if (strSellerVol3.contains(" K")): null

2024-01-22 18:10:45 - [TEST_STEP][PASSED] - strSellerVol3 = strSellerVol3.replace(" K", ""): null

2024-01-22 18:10:45 - [TEST_STEP][PASSED] - strSellerVol3 = strSellerVol3.toDouble() * 1000: null

2024-01-22 18:10:45 - [TEST_STEP][PASSED] - strAccDist = getText(findTestObject("Stockbit/Bandarmology_AccDist")): Text of object 'Object Repository/Stockbit/Bandarmology_AccDist' is: 'Acc'

2024-01-22 18:10:46 - [MESSAGE][PASSED] - Text of object 'Object Repository/Stockbit/Bandarmology_AccDist' is: 'Acc'

2024-01-22 18:10:46 - [TEST_STEP][PASSED] - strNetVol = getText(findTestObject("Stockbit/Bandarmology_NetVol")): Text of object 'Object Repository/Stockbit/Bandarmology_NetVol' is: '368,511'

2024-01-22 18:10:46 - [MESSAGE][PASSED] - Text of object 'Object Repository/Stockbit/Bandarmology_NetVol' is: '368,511'

2024-01-22 18:10:46 - [TEST_STEP][PASSED] - strNetVol = strNetVol.replace(",", ""): null

2024-01-22 18:10:46 - [TEST_STEP][PASSED] - strNetVal = getText(findTestObject("Stockbit/Bandarmology_NetVal")): Text of object 'Object Repository/Stockbit/Bandarmology_NetVal' is: '29.6 B'

2024-01-22 18:10:46 - [MESSAGE][PASSED] - Text of object 'Object Repository/Stockbit/Bandarmology_NetVal' is: '29.6 B'

2024-01-22 18:10:46 - [TEST_STEP][PASSED] - delay(3): Delayed 3 second(s)

2024-01-22 18:10:49 - [MESSAGE][PASSED] - Delayed 3 second(s)

2024-01-22 18:10:49 - [TEST_STEP][PASSED] - strOpenPrice = getText(findTestObject("Stockbit/Home_OpenPrice")): Text of object 'Object Repository/Stockbit/Home_OpenPrice' is: '800'

2024-01-22 18:10:49 - [MESSAGE][PASSED] - Text of object 'Object Repository/Stockbit/Home_OpenPrice' is: '800'

2024-01-22 18:10:49 - [TEST_STEP][PASSED] - strOpenPrice = strOpenPrice.replace(",", ""): null

2024-01-22 18:10:49 - [TEST_STEP][PASSED] - strLowPrice = getText(findTestObject("Stockbit/Home_LowPrice")): Text of object 'Object Repository/Stockbit/Home_LowPrice' is: '790'

2024-01-22 18:10:49 - [MESSAGE][PASSED] - Text of object 'Object Repository/Stockbit/Home_LowPrice' is: '790'

2024-01-22 18:10:49 - [TEST_STEP][PASSED] - strLowPrice = strLowPrice.replace(",", ""): null

2024-01-22 18:10:49 - [TEST_STEP][PASSED] - strHighPrice = getText(findTestObject("Stockbit/Home_HighPrice")): Text of object 'Object Repository/Stockbit/Home_HighPrice' is: '815'

2024-01-22 18:10:49 - [MESSAGE][PASSED] - Text of object 'Object Repository/Stockbit/Home_HighPrice' is: '815'

2024-01-22 18:10:49 - [TEST_STEP][PASSED] - strHighPrice = strHighPrice.replace(",", ""): null

2024-01-22 18:10:49 - [TEST_STEP][PASSED] - strClosePrice = getText(findTestObject("Stockbit/Home_ClosePrice")): Text of object 'Object Repository/Stockbit/Home_ClosePrice' is: '810'

2024-01-22 18:10:50 - [MESSAGE][PASSED] - Text of object 'Object Repository/Stockbit/Home_ClosePrice' is: '810'

2024-01-22 18:10:50 - [TEST_STEP][PASSED] - strClosePrice = strClosePrice.replace(",", ""): null

2024-01-22 18:10:50 - [TEST_STEP][PASSED] - strVol = getText(findTestObject("Stockbit/Home_Volume")): Text of object 'Object Repository/Stockbit/Home_Volume' is: '539 K'

2024-01-22 18:10:50 - [MESSAGE][PASSED] - Text of object 'Object Repository/Stockbit/Home_Volume' is: '539 K'

2024-01-22 18:10:50 - [TEST_STEP][PASSED] - if (strVol.contains(" K")): null

2024-01-22 18:10:50 - [TEST_STEP][PASSED] - strVol = strVol.replace(" K", "000"): null

2024-01-22 18:10:50 - [TEST_STEP][PASSED] - if (strVol.contains(",")): null

2024-01-22 18:10:50 - [TEST_STEP][PASSED] - strChange = getText(findTestObject("Stockbit/Home_Change")): Text of object 'Object Repository/Stockbit/Home_Change' is: '1.25%'

2024-01-22 18:10:50 - [MESSAGE][PASSED] - Text of object 'Object Repository/Stockbit/Home_Change' is: '1.25%'

2024-01-22 18:10:50 - [TEST_STEP][PASSED] - strChange = strChange.replace("%", ""): null

2024-01-22 18:10:50 - [TEST_STEP][PASSED] - strFreq = getText(findTestObject("Stockbit/Home_Freq")): Text of object 'Object Repository/Stockbit/Home_Freq' is: '4,355'

2024-01-22 18:10:50 - [MESSAGE][PASSED] - Text of object 'Object Repository/Stockbit/Home_Freq' is: '4,355'

2024-01-22 18:10:50 - [TEST_STEP][PASSED] - if (strFreq.contains(",")): null

2024-01-22 18:10:50 - [TEST_STEP][PASSED] - strFreq = strFreq.replace(",", ""): null

2024-01-22 18:10:50 - [TEST_STEP][PASSED] - if (strFreq == "NA" || strFreq == ""): null

2024-01-22 18:10:50 - [TEST_STEP][PASSED] - else: null

2024-01-22 18:10:50 - [TEST_STEP][PASSED] - dblFreqAnal = strVol.toDouble() / strFreq.toDouble() * strFreq.toDouble() * strFreq.toDouble() * 100000000: null

2024-01-22 18:10:50 - [TEST_STEP][PASSED] - strFreqAnal = String.format("%.4f", dblFreqAnal): null

2024-01-22 18:10:50 - [TEST_STEP][PASSED] - out.println("Double strFreqAnal: " + strFreqAnal): null

2024-01-22 18:10:50 - [TEST_STEP][PASSED] - strTanggal = d.format(DateTimeFormatter.ofPattern("yyyy-MM-dd")): null

2024-01-22 18:10:50 - [TEST_STEP][PASSED] - strTanggal = "#" + strTanggal + "#": null

2024-01-22 18:10:50 - [TEST_STEP][PASSED] - strSQL = "select count(*) as JumBaris from TblBrokSum where Nama = '" + strNama + "' and Tanggal = " + strTanggal + "": null

2024-01-22 18:10:50 - [TEST_STEP][PASSED] - resultSet = statement.executeQuery(strSQL): null

2024-01-22 18:10:50 - [TEST_STEP][PASSED] - resultSet.next(): null

2024-01-22 18:10:50 - [TEST_STEP][PASSED] - intJumBaris = resultSet.getInt("JumBaris"): null

2024-01-22 18:10:50 - [TEST_STEP][PASSED] - if (intJumBaris > 0): null

2024-01-22 18:10:50 - [TEST_STEP][PASSED] - else: null

2024-01-22 18:10:50 - [TEST_STEP][PASSED] - try: null

2024-01-22 18:10:50 - [TEST_STEP][PASSED] - out.println("Insert data"): null

2024-01-22 18:10:50 - [TEST_STEP][PASSED] - strSQL = "insert into TblBrokSum (nama, tanggal, top1, top2, top3, AllBrokAvg, AccDist, AvgRP, " + "Buyer1, BuyerVal1, BuyerAvg1, Seller1, SellerVal1, SellerAvg1, Buyer2, BuyerVal2, BuyerAvg2, " + "Seller2, SellerVal2, SellerAvg2, Buyer3, BuyerVal3, BuyerAvg3, Seller3, SellerVal3, SellerAvg3, NetVol, NetVal, " + "OpenPrice, LowPrice, HighPrice, ClosePrice, Volume, Change, Frekuensi, FrekAnal) " + "values ('" + strNama + "', " + strTanggal + ", '" + strTop1 + "', '" + strTop3 + "', '" + strTop5 + "', " + "'" + strAllBrokAvg + "', '" + strAccDist + "', " + intAvgRP + ", '" + strBuyer1 + "', '" + strBuyerVol1 + "', " + strBuyerAvg1 + ", " + "'" + strSeller1 + "', '" + strSellerVol1 + "', " + strSellerAvg1 + ", '" + strBuyer2 + "', '" + strBuyerVol2 + "', " + strBuyerAvg2 + ", " + "'" + strSeller2 + "', '" + strSellerVol2 + "', " + strSellerAvg2 + ", '" + strBuyer3 + "', '" + strBuyerVol3 + "', " + strBuyerAvg3 + ", " + "'" + strSeller3 + "', '" + strSellerVol3 + "', " + strSellerAvg3 + ", " + strNetVol + ", '" + strNetVal + "', " + "" + strOpenPrice + ", " + strLowPrice + ", " + strHighPrice + ", " + strClosePrice + ", '" + strVol + "', " + strChange + ", " + strFreq + ", " + strFreqAnal + ");": null

2024-01-22 18:10:50 - [TEST_STEP][PASSED] - out.println("strSQL = " + strSQL): null

2024-01-22 18:10:50 - [TEST_STEP][PASSED] - statement.executeUpdate(strSQL): null

2024-01-22 18:10:50 - [TEST_STEP][PASSED] - setValueToCellByIndex(sheet01, rowIndex, 4, "DONE"): null

2024-01-22 18:10:50 - [TEST_STEP][PASSED] - saveWorkbook(excelFilePath, workbook01): null

2024-01-22 18:10:50 - [TEST_STEP][PASSED] - waitForElementClickable(findTestObject("Stockbit/menu_Bandarmology"), 10): Object 'Object Repository/Stockbit/menu_Bandarmology' is clickable

2024-01-22 18:10:50 - [MESSAGE][PASSED] - Object 'Object Repository/Stockbit/menu_Bandarmology' is clickable

2024-01-22 18:10:50 - [TEST_STEP][PASSED] - click(findTestObject("Stockbit/menu_Bandarmology")): Object: 'Object Repository/Stockbit/menu_Bandarmology' is clicked on

2024-01-22 18:10:51 - [MESSAGE][PASSED] - Object: 'Object Repository/Stockbit/menu_Bandarmology' is clicked on

2024-01-22 18:10:51 - [TEST_STEP][PASSED] - strTemp = "NA": null

2024-01-22 18:10:51 - [TEST_STEP][PASSED] - if (getCellValueByIndex(sheet01, rowIndex, 4) != "DONE"): Object: 'Object Repository/Stockbit/menu_Bandarmology' is clicked on

2024-01-22 18:10:51 - [TEST_STEP][PASSED] - strNama = getCellValueByIndex(sheet01, rowIndex, 0): null

2024-01-22 18:10:51 - [TEST_STEP][PASSED] - navigateToUrl("https://stockbit.com/#/symbol/" + strNama): Navigate to 'https://stockbit.com/#/symbol/SULI' successfully

2024-01-22 18:10:53 - [MESSAGE][PASSED] - Navigate to 'https://stockbit.com/#/symbol/SULI' successfully

2024-01-22 18:10:53 - [TEST_STEP][PASSED] - waitForElementClickable(findTestObject("Stockbit/menu_Bandarmology"), 10): Object 'Object Repository/Stockbit/menu_Bandarmology' is clickable

2024-01-22 18:10:53 - [MESSAGE][PASSED] - Object 'Object Repository/Stockbit/menu_Bandarmology' is clickable

2024-01-22 18:10:53 - [TEST_STEP][PASSED] - click(findTestObject("Stockbit/menu_Bandarmology")): Object: 'Object Repository/Stockbit/menu_Bandarmology' is clicked on

2024-01-22 18:10:54 - [MESSAGE][PASSED] - Object: 'Object Repository/Stockbit/menu_Bandarmology' is clicked on

2024-01-22 18:10:54 - [TEST_STEP][PASSED] - strTanggal = d.format(DateTimeFormatter.ofPattern("MMM dd, yyyy")): null

2024-01-22 18:10:54 - [TEST_STEP][PASSED] - strTanggal = d.format(ISO_DATE): null

2024-01-22 18:10:54 - [TEST_STEP][PASSED] - out.println("strTanggal = " + strTanggal): null

2024-01-22 18:10:54 - [TEST_STEP][PASSED] - out.println("strNama = " + strNama): null

2024-01-22 18:10:54 - [TEST_STEP][PASSED] - out.println("Baris ke = " + rowIndex): null

2024-01-22 18:10:54 - [TEST_STEP][PASSED] - click(findTestObject("Stockbit/input__BandarmologyOpenStartDate")): Object: 'Object Repository/Stockbit/input__BandarmologyOpenStartDate' is clicked on

2024-01-22 18:10:55 - [MESSAGE][PASSED] - Object: 'Object Repository/Stockbit/input__BandarmologyOpenStartDate' is clicked on

2024-01-22 18:10:55 - [TEST_STEP][PASSED] - sendKeys(findTestObject("Stockbit/input__BandarmologyOpenStartDate"), Keys.chord(CONTROL, "a")): Keys 'CONTROL + a' sent to object: 'Object Repository/Stockbit/input__BandarmologyOpenStartDate'

2024-01-22 18:10:56 - [MESSAGE][PASSED] - Keys 'CONTROL + a' sent to object: 'Object Repository/Stockbit/input__BandarmologyOpenStartDate'

2024-01-22 18:10:56 - [TEST_STEP][PASSED] - sendKeys(findTestObject("Stockbit/input__BandarmologyOpenStartDate"), Keys.chord(BACK_SPACE)): Keys 'BACK_SPACE + ' sent to object: 'Object Repository/Stockbit/input__BandarmologyOpenStartDate'

2024-01-22 18:10:56 - [MESSAGE][PASSED] - Keys 'BACK_SPACE + ' sent to object: 'Object Repository/Stockbit/input__BandarmologyOpenStartDate'

2024-01-22 18:10:56 - [TEST_STEP][PASSED] - setText(findTestObject("Stockbit/input__BandarmologyOpenStartDate"), strTanggal): Text '2024-01-22' is set on object 'Object Repository/Stockbit/input__BandarmologyOpenStartDate'

2024-01-22 18:10:57 - [MESSAGE][PASSED] - Text '2024-01-22' is set on object 'Object Repository/Stockbit/input__BandarmologyOpenStartDate'

2024-01-22 18:10:57 - [TEST_STEP][PASSED] - sendKeys(findTestObject("Stockbit/input__BandarmologyOpenStartDate"), Keys.chord(ENTER)): Keys 'ENTER + ' sent to object: 'Object Repository/Stockbit/input__BandarmologyOpenStartDate'

2024-01-22 18:10:57 - [MESSAGE][PASSED] - Keys 'ENTER + ' sent to object: 'Object Repository/Stockbit/input__BandarmologyOpenStartDate'

2024-01-22 18:10:57 - [TEST_STEP][PASSED] - click(findTestObject("Stockbit/input__BandarmologyOpenEndDate")): Object: 'Object Repository/Stockbit/input__BandarmologyOpenEndDate' is clicked on

2024-01-22 18:10:58 - [MESSAGE][PASSED] - Object: 'Object Repository/Stockbit/input__BandarmologyOpenEndDate' is clicked on

2024-01-22 18:10:58 - [TEST_STEP][PASSED] - sendKeys(findTestObject("Stockbit/input__BandarmologyOpenEndDate"), Keys.chord(CONTROL, "a")): Keys 'CONTROL + a' sent to object: 'Object Repository/Stockbit/input__BandarmologyOpenEndDate'

2024-01-22 18:10:58 - [MESSAGE][PASSED] - Keys 'CONTROL + a' sent to object: 'Object Repository/Stockbit/input__BandarmologyOpenEndDate'

2024-01-22 18:10:58 - [TEST_STEP][PASSED] - sendKeys(findTestObject("Stockbit/input__BandarmologyOpenEndDate"), Keys.chord(BACK_SPACE)): Keys 'BACK_SPACE + ' sent to object: 'Object Repository/Stockbit/input__BandarmologyOpenEndDate'

2024-01-22 18:10:58 - [MESSAGE][PASSED] - Keys 'BACK_SPACE + ' sent to object: 'Object Repository/Stockbit/input__BandarmologyOpenEndDate'

2024-01-22 18:10:58 - [TEST_STEP][PASSED] - setText(findTestObject("Stockbit/input__BandarmologyOpenEndDate"), strTanggal): Text '2024-01-22' is set on object 'Object Repository/Stockbit/input__BandarmologyOpenEndDate'

2024-01-22 18:10:59 - [MESSAGE][PASSED] - Text '2024-01-22' is set on object 'Object Repository/Stockbit/input__BandarmologyOpenEndDate'

2024-01-22 18:10:59 - [TEST_STEP][PASSED] - sendKeys(findTestObject("Stockbit/input__BandarmologyOpenEndDate"), Keys.chord(ENTER)): Keys 'ENTER + ' sent to object: 'Object Repository/Stockbit/input__BandarmologyOpenEndDate'

2024-01-22 18:10:59 - [MESSAGE][PASSED] - Keys 'ENTER + ' sent to object: 'Object Repository/Stockbit/input__BandarmologyOpenEndDate'

2024-01-22 18:10:59 - [TEST_STEP][PASSED] - delay(2): Delayed 2 second(s)

2024-01-22 18:11:01 - [MESSAGE][PASSED] - Delayed 2 second(s)

2024-01-22 18:11:01 - [TEST_STEP][PASSED] - strTemp = getText(findTestObject("Stockbit/Bandarmology_AvgRP")): Text of object 'Object Repository/Stockbit/Bandarmology_AvgRP' is: '137'

2024-01-22 18:11:02 - [MESSAGE][PASSED] - Text of object 'Object Repository/Stockbit/Bandarmology_AvgRP' is: '137'

2024-01-22 18:11:02 - [TEST_STEP][PASSED] - out.println("Bandarmology_AvgRP = " + strTemp): null

2024-01-22 18:11:02 - [TEST_STEP][PASSED] - if (strTemp != "0"): null

2024-01-22 18:11:02 - [TEST_STEP][PASSED] - strTop1 = getText(findTestObject("Stockbit/Bandarmology_Top1")): Text of object 'Object Repository/Stockbit/Bandarmology_Top1' is: 'Neutral'

2024-01-22 18:11:02 - [MESSAGE][PASSED] - Text of object 'Object Repository/Stockbit/Bandarmology_Top1' is: 'Neutral'

2024-01-22 18:11:02 - [TEST_STEP][PASSED] - strTop3 = getText(findTestObject("Stockbit/Bandarmology_Top3")): Text of object 'Object Repository/Stockbit/Bandarmology_Top3' is: 'Neutral'

2024-01-22 18:11:02 - [MESSAGE][PASSED] - Text of object 'Object Repository/Stockbit/Bandarmology_Top3' is: 'Neutral'

2024-01-22 18:11:02 - [TEST_STEP][PASSED] - strTop5 = getText(findTestObject("Stockbit/Bandarmology_Top5")): Text of object 'Object Repository/Stockbit/Bandarmology_Top5' is: 'Small Acc'

2024-01-22 18:11:02 - [MESSAGE][PASSED] - Text of object 'Object Repository/Stockbit/Bandarmology_Top5' is: 'Small Acc'

2024-01-22 18:11:02 - [TEST_STEP][PASSED] - strAllBrokAvg = getText(findTestObject("Stockbit/Bandarmology_TopAVG")): Text of object 'Object Repository/Stockbit/Bandarmology_TopAVG' is: 'Neutral'

2024-01-22 18:11:02 - [MESSAGE][PASSED] - Text of object 'Object Repository/Stockbit/Bandarmology_TopAVG' is: 'Neutral'

2024-01-22 18:11:02 - [TEST_STEP][PASSED] - strTemp = getText(findTestObject("Stockbit/Bandarmology_AvgRP")): Text of object 'Object Repository/Stockbit/Bandarmology_AvgRP' is: '137'

2024-01-22 18:11:02 - [MESSAGE][PASSED] - Text of object 'Object Repository/Stockbit/Bandarmology_AvgRP' is: '137'

2024-01-22 18:11:02 - [TEST_STEP][PASSED] - if (strTemp.contains(",")): null

2024-01-22 18:11:02 - [TEST_STEP][PASSED] - intAvgRP = strTemp.toInteger(): null

2024-01-22 18:11:02 - [TEST_STEP][PASSED] - strBuyer1 = getText(findTestObject("Stockbit/Bandarmology_Buyer1")): Text of object 'Object Repository/Stockbit/Bandarmology_Buyer1' is: 'RG'

2024-01-22 18:11:02 - [MESSAGE][PASSED] - Text of object 'Object Repository/Stockbit/Bandarmology_Buyer1' is: 'RG'

2024-01-22 18:11:02 - [TEST_STEP][PASSED] - strBuyerVol1 = getText(findTestObject("Stockbit/Bandarmology_BuyerVol1")): Text of object 'Object Repository/Stockbit/Bandarmology_BuyerVol1' is: '600'

2024-01-22 18:11:02 - [MESSAGE][PASSED] - Text of object 'Object Repository/Stockbit/Bandarmology_BuyerVol1' is: '600'

2024-01-22 18:11:02 - [TEST_STEP][PASSED] - strBuyerAvg1 = getText(findTestObject("Stockbit/Bandarmology_BuyerAvg1")): Text of object 'Object Repository/Stockbit/Bandarmology_BuyerAvg1' is: '137'

2024-01-22 18:11:03 - [MESSAGE][PASSED] - Text of object 'Object Repository/Stockbit/Bandarmology_BuyerAvg1' is: '137'

2024-01-22 18:11:03 - [TEST_STEP][PASSED] - if (strBuyerAvg1.contains(",")): null

2024-01-22 18:11:03 - [TEST_STEP][PASSED] - if (strBuyerVol1.contains(" B")): null

2024-01-22 18:11:03 - [TEST_STEP][PASSED] - strSeller1 = getText(findTestObject("Stockbit/Bandarmology_Seller1")): Text of object 'Object Repository/Stockbit/Bandarmology_Seller1' is: 'YU'

2024-01-22 18:11:03 - [MESSAGE][PASSED] - Text of object 'Object Repository/Stockbit/Bandarmology_Seller1' is: 'YU'

2024-01-22 18:11:03 - [TEST_STEP][PASSED] - strSellerVol1 = getText(findTestObject("Stockbit/Bandarmology_SellerVol1")): Text of object 'Object Repository/Stockbit/Bandarmology_SellerVol1' is: '600'

2024-01-22 18:11:03 - [MESSAGE][PASSED] - Text of object 'Object Repository/Stockbit/Bandarmology_SellerVol1' is: '600'

2024-01-22 18:11:03 - [TEST_STEP][PASSED] - strSellerAvg1 = getText(findTestObject("Stockbit/Bandarmology_SellerAvg1")): Text of object 'Object Repository/Stockbit/Bandarmology_SellerAvg1' is: '137'

2024-01-22 18:11:03 - [MESSAGE][PASSED] - Text of object 'Object Repository/Stockbit/Bandarmology_SellerAvg1' is: '137'

2024-01-22 18:11:03 - [TEST_STEP][PASSED] - if (strSellerAvg1.contains(",")): null

2024-01-22 18:11:03 - [TEST_STEP][PASSED] - if (strSellerVol1.contains(" B")): null

2024-01-22 18:11:03 - [TEST_STEP][PASSED] - if (verifyElementNotPresent(findTestObject("Stockbit/Bandarmology_Buyer2"), 1, OPTIONAL)): Web element with id: 'Object Repository/Stockbit/Bandarmology_Buyer2' located by 'By.xpath: //*[contains(@id, 'rc-tabs-')]/div[2]/div/div/div/div/div/div[2]/table/tbody/tr[3]/td[1]/p' is present after '1' second(s) (Root cause: com.kms.katalon.core.exception.StepFailedException: Web element with id: 'Object Repository/Stockbit/Bandarmology_Buyer2' located by 'By.xpath: //*[contains(@id, 'rc-tabs-')]/div[2]/div/div/div/div/div/div[2]/table/tbody/tr[3]/td[1]/p' is present after '1' second(s)
	at com.kms.katalon.core.webui.keyword.internal.WebUIKeywordMain.stepFailed(WebUIKeywordMain.groovy:64)
	at com.kms.katalon.core.webui.keyword.internal.WebUIKeywordMain$stepFailed$0.call(Unknown Source)
	at com.kms.katalon.core.webui.keyword.builtin.VerifyElementNotPresentKeyword$_verifyElementNotPresent_closure1.doCall(VerifyElementNotPresentKeyword.groovy:106)
	at com.kms.katalon.core.webui.keyword.builtin.VerifyElementNotPresentKeyword$_verifyElementNotPresent_closure1.doCall(VerifyElementNotPresentKeyword.groovy)
	at com.kms.katalon.core.webui.keyword.internal.WebUIKeywordMain.runKeyword(WebUIKeywordMain.groovy:20)
	at com.kms.katalon.core.webui.keyword.internal.WebUIKeywordMain$runKeyword.call(Unknown Source)
	at com.kms.katalon.core.webui.keyword.builtin.VerifyElementNotPresentKeyword.verifyElementNotPresent(VerifyElementNotPresentKeyword.groovy:117)
	at com.kms.katalon.core.webui.keyword.builtin.VerifyElementNotPresentKeyword.execute(VerifyElementNotPresentKeyword.groovy:68)
	at com.kms.katalon.core.keyword.internal.KeywordExecutor.executeKeywordForPlatform(KeywordExecutor.groovy:74)
	at com.kms.katalon.core.webui.keyword.WebUiBuiltInKeywords.verifyElementNotPresent(WebUiBuiltInKeywords.groovy:1481)
	at com.kms.katalon.core.webui.keyword.WebUiBuiltInKeywords$verifyElementNotPresent$8.call(Unknown Source)
	at GetBrokSumPriceDaily.run(GetBrokSumPriceDaily:258)
	at com.kms.katalon.core.main.ScriptEngine.run(ScriptEngine.java:194)
	at com.kms.katalon.core.main.ScriptEngine.runScriptAsRawText(ScriptEngine.java:119)
	at com.kms.katalon.core.main.TestCaseExecutor.runScript(TestCaseExecutor.java:445)
	at com.kms.katalon.core.main.TestCaseExecutor.doExecute(TestCaseExecutor.java:436)
	at com.kms.katalon.core.main.TestCaseExecutor.processExecutionPhase(TestCaseExecutor.java:415)
	at com.kms.katalon.core.main.TestCaseExecutor.accessMainPhase(TestCaseExecutor.java:407)
	at com.kms.katalon.core.main.TestCaseExecutor.execute(TestCaseExecutor.java:284)
	at com.kms.katalon.core.common.CommonExecutor.accessTestCaseMainPhase(CommonExecutor.java:65)
	at com.kms.katalon.core.main.TestSuiteExecutor.accessTestSuiteMainPhase(TestSuiteExecutor.java:144)
	at com.kms.katalon.core.main.TestSuiteExecutor.execute(TestSuiteExecutor.java:106)
	at com.kms.katalon.core.main.TestCaseMain.startTestSuite(TestCaseMain.java:185)
	at com.kms.katalon.core.main.TestCaseMain$startTestSuite$0.call(Unknown Source)
	at TempTestSuite1705920083951.run(TempTestSuite1705920083951.groovy:36)
)

2024-01-22 18:11:04 - [MESSAGE][WARNING] - Web element with id: 'Object Repository/Stockbit/Bandarmology_Buyer2' located by 'By.xpath: //*[contains(@id, 'rc-tabs-')]/div[2]/div/div/div/div/div/div[2]/table/tbody/tr[3]/td[1]/p' is present after '1' second(s) (Root cause: com.kms.katalon.core.exception.StepFailedException: Web element with id: 'Object Repository/Stockbit/Bandarmology_Buyer2' located by 'By.xpath: //*[contains(@id, 'rc-tabs-')]/div[2]/div/div/div/div/div/div[2]/table/tbody/tr[3]/td[1]/p' is present after '1' second(s)
	at com.kms.katalon.core.webui.keyword.internal.WebUIKeywordMain.stepFailed(WebUIKeywordMain.groovy:64)
	at com.kms.katalon.core.webui.keyword.internal.WebUIKeywordMain$stepFailed$0.call(Unknown Source)
	at com.kms.katalon.core.webui.keyword.builtin.VerifyElementNotPresentKeyword$_verifyElementNotPresent_closure1.doCall(VerifyElementNotPresentKeyword.groovy:106)
	at com.kms.katalon.core.webui.keyword.builtin.VerifyElementNotPresentKeyword$_verifyElementNotPresent_closure1.doCall(VerifyElementNotPresentKeyword.groovy)
	at com.kms.katalon.core.webui.keyword.internal.WebUIKeywordMain.runKeyword(WebUIKeywordMain.groovy:20)
	at com.kms.katalon.core.webui.keyword.internal.WebUIKeywordMain$runKeyword.call(Unknown Source)
	at com.kms.katalon.core.webui.keyword.builtin.VerifyElementNotPresentKeyword.verifyElementNotPresent(VerifyElementNotPresentKeyword.groovy:117)
	at com.kms.katalon.core.webui.keyword.builtin.VerifyElementNotPresentKeyword.execute(VerifyElementNotPresentKeyword.groovy:68)
	at com.kms.katalon.core.keyword.internal.KeywordExecutor.executeKeywordForPlatform(KeywordExecutor.groovy:74)
	at com.kms.katalon.core.webui.keyword.WebUiBuiltInKeywords.verifyElementNotPresent(WebUiBuiltInKeywords.groovy:1481)
	at com.kms.katalon.core.webui.keyword.WebUiBuiltInKeywords$verifyElementNotPresent$8.call(Unknown Source)
	at GetBrokSumPriceDaily.run(GetBrokSumPriceDaily:258)
	at com.kms.katalon.core.main.ScriptEngine.run(ScriptEngine.java:194)
	at com.kms.katalon.core.main.ScriptEngine.runScriptAsRawText(ScriptEngine.java:119)
	at com.kms.katalon.core.main.TestCaseExecutor.runScript(TestCaseExecutor.java:445)
	at com.kms.katalon.core.main.TestCaseExecutor.doExecute(TestCaseExecutor.java:436)
	at com.kms.katalon.core.main.TestCaseExecutor.processExecutionPhase(TestCaseExecutor.java:415)
	at com.kms.katalon.core.main.TestCaseExecutor.accessMainPhase(TestCaseExecutor.java:407)
	at com.kms.katalon.core.main.TestCaseExecutor.execute(TestCaseExecutor.java:284)
	at com.kms.katalon.core.common.CommonExecutor.accessTestCaseMainPhase(CommonExecutor.java:65)
	at com.kms.katalon.core.main.TestSuiteExecutor.accessTestSuiteMainPhase(TestSuiteExecutor.java:144)
	at com.kms.katalon.core.main.TestSuiteExecutor.execute(TestSuiteExecutor.java:106)
	at com.kms.katalon.core.main.TestCaseMain.startTestSuite(TestCaseMain.java:185)
	at com.kms.katalon.core.main.TestCaseMain$startTestSuite$0.call(Unknown Source)
	at TempTestSuite1705920083951.run(TempTestSuite1705920083951.groovy:36)
)
[[ATTACHMENT|C:\\Users\\Fadli\\git\\KatalonDailyGetData2\\Reports\\20240122_174123\\TS1\\20240122_174123\\1705921864542.png]]

2024-01-22 18:11:04 - [TEST_STEP][PASSED] - else: null

2024-01-22 18:11:04 - [TEST_STEP][PASSED] - strBuyer2 = getText(findTestObject("Stockbit/Bandarmology_Buyer2")): Text of object 'Object Repository/Stockbit/Bandarmology_Buyer2' is: 'GR'

2024-01-22 18:11:04 - [MESSAGE][PASSED] - Text of object 'Object Repository/Stockbit/Bandarmology_Buyer2' is: 'GR'

2024-01-22 18:11:04 - [TEST_STEP][PASSED] - strBuyerVol2 = getText(findTestObject("Stockbit/Bandarmology_BuyerVol2")): Text of object 'Object Repository/Stockbit/Bandarmology_BuyerVol2' is: '501'

2024-01-22 18:11:04 - [MESSAGE][PASSED] - Text of object 'Object Repository/Stockbit/Bandarmology_BuyerVol2' is: '501'

2024-01-22 18:11:04 - [TEST_STEP][PASSED] - strBuyerAvg2 = getText(findTestObject("Stockbit/Bandarmology_BuyerAvg2")): Text of object 'Object Repository/Stockbit/Bandarmology_BuyerAvg2' is: '136'

2024-01-22 18:11:05 - [MESSAGE][PASSED] - Text of object 'Object Repository/Stockbit/Bandarmology_BuyerAvg2' is: '136'

2024-01-22 18:11:05 - [TEST_STEP][PASSED] - if (strBuyer2 != ""): null

2024-01-22 18:11:05 - [TEST_STEP][PASSED] - if (strBuyerAvg2.contains(",")): null

2024-01-22 18:11:05 - [TEST_STEP][PASSED] - if (strBuyerVol2.contains(" B")): null

2024-01-22 18:11:05 - [TEST_STEP][PASSED] - if (strBuyerVol2.contains(".")): null

2024-01-22 18:11:05 - [TEST_STEP][PASSED] - if (verifyElementNotPresent(findTestObject("Stockbit/Bandarmology_Seller2"), 1, OPTIONAL)): Web element with id: 'Object Repository/Stockbit/Bandarmology_Seller2' located by 'By.xpath: //*[contains(@id, 'rc-tabs-')]/div[2]/div/div/div/div/div/div[2]/table/tbody/tr[3]/td[5]/p' is present after '1' second(s) (Root cause: com.kms.katalon.core.exception.StepFailedException: Web element with id: 'Object Repository/Stockbit/Bandarmology_Seller2' located by 'By.xpath: //*[contains(@id, 'rc-tabs-')]/div[2]/div/div/div/div/div/div[2]/table/tbody/tr[3]/td[5]/p' is present after '1' second(s)
	at com.kms.katalon.core.webui.keyword.internal.WebUIKeywordMain.stepFailed(WebUIKeywordMain.groovy:64)
	at com.kms.katalon.core.webui.keyword.internal.WebUIKeywordMain$stepFailed$0.call(Unknown Source)
	at com.kms.katalon.core.webui.keyword.builtin.VerifyElementNotPresentKeyword$_verifyElementNotPresent_closure1.doCall(VerifyElementNotPresentKeyword.groovy:106)
	at com.kms.katalon.core.webui.keyword.builtin.VerifyElementNotPresentKeyword$_verifyElementNotPresent_closure1.doCall(VerifyElementNotPresentKeyword.groovy)
	at com.kms.katalon.core.webui.keyword.internal.WebUIKeywordMain.runKeyword(WebUIKeywordMain.groovy:20)
	at com.kms.katalon.core.webui.keyword.internal.WebUIKeywordMain$runKeyword.call(Unknown Source)
	at com.kms.katalon.core.webui.keyword.builtin.VerifyElementNotPresentKeyword.verifyElementNotPresent(VerifyElementNotPresentKeyword.groovy:117)
	at com.kms.katalon.core.webui.keyword.builtin.VerifyElementNotPresentKeyword.execute(VerifyElementNotPresentKeyword.groovy:68)
	at com.kms.katalon.core.keyword.internal.KeywordExecutor.executeKeywordForPlatform(KeywordExecutor.groovy:74)
	at com.kms.katalon.core.webui.keyword.WebUiBuiltInKeywords.verifyElementNotPresent(WebUiBuiltInKeywords.groovy:1481)
	at com.kms.katalon.core.webui.keyword.WebUiBuiltInKeywords$verifyElementNotPresent$8.call(Unknown Source)
	at GetBrokSumPriceDaily.run(GetBrokSumPriceDaily:309)
	at com.kms.katalon.core.main.ScriptEngine.run(ScriptEngine.java:194)
	at com.kms.katalon.core.main.ScriptEngine.runScriptAsRawText(ScriptEngine.java:119)
	at com.kms.katalon.core.main.TestCaseExecutor.runScript(TestCaseExecutor.java:445)
	at com.kms.katalon.core.main.TestCaseExecutor.doExecute(TestCaseExecutor.java:436)
	at com.kms.katalon.core.main.TestCaseExecutor.processExecutionPhase(TestCaseExecutor.java:415)
	at com.kms.katalon.core.main.TestCaseExecutor.accessMainPhase(TestCaseExecutor.java:407)
	at com.kms.katalon.core.main.TestCaseExecutor.execute(TestCaseExecutor.java:284)
	at com.kms.katalon.core.common.CommonExecutor.accessTestCaseMainPhase(CommonExecutor.java:65)
	at com.kms.katalon.core.main.TestSuiteExecutor.accessTestSuiteMainPhase(TestSuiteExecutor.java:144)
	at com.kms.katalon.core.main.TestSuiteExecutor.execute(TestSuiteExecutor.java:106)
	at com.kms.katalon.core.main.TestCaseMain.startTestSuite(TestCaseMain.java:185)
	at com.kms.katalon.core.main.TestCaseMain$startTestSuite$0.call(Unknown Source)
	at TempTestSuite1705920083951.run(TempTestSuite1705920083951.groovy:36)
)

2024-01-22 18:11:06 - [MESSAGE][WARNING] - Web element with id: 'Object Repository/Stockbit/Bandarmology_Seller2' located by 'By.xpath: //*[contains(@id, 'rc-tabs-')]/div[2]/div/div/div/div/div/div[2]/table/tbody/tr[3]/td[5]/p' is present after '1' second(s) (Root cause: com.kms.katalon.core.exception.StepFailedException: Web element with id: 'Object Repository/Stockbit/Bandarmology_Seller2' located by 'By.xpath: //*[contains(@id, 'rc-tabs-')]/div[2]/div/div/div/div/div/div[2]/table/tbody/tr[3]/td[5]/p' is present after '1' second(s)
	at com.kms.katalon.core.webui.keyword.internal.WebUIKeywordMain.stepFailed(WebUIKeywordMain.groovy:64)
	at com.kms.katalon.core.webui.keyword.internal.WebUIKeywordMain$stepFailed$0.call(Unknown Source)
	at com.kms.katalon.core.webui.keyword.builtin.VerifyElementNotPresentKeyword$_verifyElementNotPresent_closure1.doCall(VerifyElementNotPresentKeyword.groovy:106)
	at com.kms.katalon.core.webui.keyword.builtin.VerifyElementNotPresentKeyword$_verifyElementNotPresent_closure1.doCall(VerifyElementNotPresentKeyword.groovy)
	at com.kms.katalon.core.webui.keyword.internal.WebUIKeywordMain.runKeyword(WebUIKeywordMain.groovy:20)
	at com.kms.katalon.core.webui.keyword.internal.WebUIKeywordMain$runKeyword.call(Unknown Source)
	at com.kms.katalon.core.webui.keyword.builtin.VerifyElementNotPresentKeyword.verifyElementNotPresent(VerifyElementNotPresentKeyword.groovy:117)
	at com.kms.katalon.core.webui.keyword.builtin.VerifyElementNotPresentKeyword.execute(VerifyElementNotPresentKeyword.groovy:68)
	at com.kms.katalon.core.keyword.internal.KeywordExecutor.executeKeywordForPlatform(KeywordExecutor.groovy:74)
	at com.kms.katalon.core.webui.keyword.WebUiBuiltInKeywords.verifyElementNotPresent(WebUiBuiltInKeywords.groovy:1481)
	at com.kms.katalon.core.webui.keyword.WebUiBuiltInKeywords$verifyElementNotPresent$8.call(Unknown Source)
	at GetBrokSumPriceDaily.run(GetBrokSumPriceDaily:309)
	at com.kms.katalon.core.main.ScriptEngine.run(ScriptEngine.java:194)
	at com.kms.katalon.core.main.ScriptEngine.runScriptAsRawText(ScriptEngine.java:119)
	at com.kms.katalon.core.main.TestCaseExecutor.runScript(TestCaseExecutor.java:445)
	at com.kms.katalon.core.main.TestCaseExecutor.doExecute(TestCaseExecutor.java:436)
	at com.kms.katalon.core.main.TestCaseExecutor.processExecutionPhase(TestCaseExecutor.java:415)
	at com.kms.katalon.core.main.TestCaseExecutor.accessMainPhase(TestCaseExecutor.java:407)
	at com.kms.katalon.core.main.TestCaseExecutor.execute(TestCaseExecutor.java:284)
	at com.kms.katalon.core.common.CommonExecutor.accessTestCaseMainPhase(CommonExecutor.java:65)
	at com.kms.katalon.core.main.TestSuiteExecutor.accessTestSuiteMainPhase(TestSuiteExecutor.java:144)
	at com.kms.katalon.core.main.TestSuiteExecutor.execute(TestSuiteExecutor.java:106)
	at com.kms.katalon.core.main.TestCaseMain.startTestSuite(TestCaseMain.java:185)
	at com.kms.katalon.core.main.TestCaseMain$startTestSuite$0.call(Unknown Source)
	at TempTestSuite1705920083951.run(TempTestSuite1705920083951.groovy:36)
)
[[ATTACHMENT|C:\\Users\\Fadli\\git\\KatalonDailyGetData2\\Reports\\20240122_174123\\TS1\\20240122_174123\\1705921866255.png]]

2024-01-22 18:11:06 - [TEST_STEP][PASSED] - else: null

2024-01-22 18:11:06 - [TEST_STEP][PASSED] - strSeller2 = getText(findTestObject("Stockbit/Bandarmology_Seller2")): Text of object 'Object Repository/Stockbit/Bandarmology_Seller2' is: 'OD'

2024-01-22 18:11:06 - [MESSAGE][PASSED] - Text of object 'Object Repository/Stockbit/Bandarmology_Seller2' is: 'OD'

2024-01-22 18:11:06 - [TEST_STEP][PASSED] - strSellerVol2 = getText(findTestObject("Stockbit/Bandarmology_SellerVol2")): Text of object 'Object Repository/Stockbit/Bandarmology_SellerVol2' is: '524'

2024-01-22 18:11:06 - [MESSAGE][PASSED] - Text of object 'Object Repository/Stockbit/Bandarmology_SellerVol2' is: '524'

2024-01-22 18:11:06 - [TEST_STEP][PASSED] - strSellerAvg2 = getText(findTestObject("Stockbit/Bandarmology_SellerAvg2")): Text of object 'Object Repository/Stockbit/Bandarmology_SellerAvg2' is: '136'

2024-01-22 18:11:06 - [MESSAGE][PASSED] - Text of object 'Object Repository/Stockbit/Bandarmology_SellerAvg2' is: '136'

2024-01-22 18:11:06 - [TEST_STEP][PASSED] - if (strSeller2 != ""): null

2024-01-22 18:11:06 - [TEST_STEP][PASSED] - if (strSellerAvg2.contains(",")): null

2024-01-22 18:11:06 - [TEST_STEP][PASSED] - if (strSellerVol2.contains(" B")): null

2024-01-22 18:11:06 - [TEST_STEP][PASSED] - if (verifyElementNotPresent(findTestObject("Stockbit/Bandarmology_Buyer3"), 1, OPTIONAL)): Web element with id: 'Object Repository/Stockbit/Bandarmology_Buyer3' located by 'By.xpath: //*[contains(@id, 'rc-tabs-')]/div[2]/div/div/div/div/div/div[2]/table/tbody/tr[4]/td[1]/p' is present after '1' second(s) (Root cause: com.kms.katalon.core.exception.StepFailedException: Web element with id: 'Object Repository/Stockbit/Bandarmology_Buyer3' located by 'By.xpath: //*[contains(@id, 'rc-tabs-')]/div[2]/div/div/div/div/div/div[2]/table/tbody/tr[4]/td[1]/p' is present after '1' second(s)
	at com.kms.katalon.core.webui.keyword.internal.WebUIKeywordMain.stepFailed(WebUIKeywordMain.groovy:64)
	at com.kms.katalon.core.webui.keyword.internal.WebUIKeywordMain$stepFailed$0.call(Unknown Source)
	at com.kms.katalon.core.webui.keyword.builtin.VerifyElementNotPresentKeyword$_verifyElementNotPresent_closure1.doCall(VerifyElementNotPresentKeyword.groovy:106)
	at com.kms.katalon.core.webui.keyword.builtin.VerifyElementNotPresentKeyword$_verifyElementNotPresent_closure1.doCall(VerifyElementNotPresentKeyword.groovy)
	at com.kms.katalon.core.webui.keyword.internal.WebUIKeywordMain.runKeyword(WebUIKeywordMain.groovy:20)
	at com.kms.katalon.core.webui.keyword.internal.WebUIKeywordMain$runKeyword.call(Unknown Source)
	at com.kms.katalon.core.webui.keyword.builtin.VerifyElementNotPresentKeyword.verifyElementNotPresent(VerifyElementNotPresentKeyword.groovy:117)
	at com.kms.katalon.core.webui.keyword.builtin.VerifyElementNotPresentKeyword.execute(VerifyElementNotPresentKeyword.groovy:68)
	at com.kms.katalon.core.keyword.internal.KeywordExecutor.executeKeywordForPlatform(KeywordExecutor.groovy:74)
	at com.kms.katalon.core.webui.keyword.WebUiBuiltInKeywords.verifyElementNotPresent(WebUiBuiltInKeywords.groovy:1481)
	at com.kms.katalon.core.webui.keyword.WebUiBuiltInKeywords$verifyElementNotPresent$8.call(Unknown Source)
	at GetBrokSumPriceDaily.run(GetBrokSumPriceDaily:361)
	at com.kms.katalon.core.main.ScriptEngine.run(ScriptEngine.java:194)
	at com.kms.katalon.core.main.ScriptEngine.runScriptAsRawText(ScriptEngine.java:119)
	at com.kms.katalon.core.main.TestCaseExecutor.runScript(TestCaseExecutor.java:445)
	at com.kms.katalon.core.main.TestCaseExecutor.doExecute(TestCaseExecutor.java:436)
	at com.kms.katalon.core.main.TestCaseExecutor.processExecutionPhase(TestCaseExecutor.java:415)
	at com.kms.katalon.core.main.TestCaseExecutor.accessMainPhase(TestCaseExecutor.java:407)
	at com.kms.katalon.core.main.TestCaseExecutor.execute(TestCaseExecutor.java:284)
	at com.kms.katalon.core.common.CommonExecutor.accessTestCaseMainPhase(CommonExecutor.java:65)
	at com.kms.katalon.core.main.TestSuiteExecutor.accessTestSuiteMainPhase(TestSuiteExecutor.java:144)
	at com.kms.katalon.core.main.TestSuiteExecutor.execute(TestSuiteExecutor.java:106)
	at com.kms.katalon.core.main.TestCaseMain.startTestSuite(TestCaseMain.java:185)
	at com.kms.katalon.core.main.TestCaseMain$startTestSuite$0.call(Unknown Source)
	at TempTestSuite1705920083951.run(TempTestSuite1705920083951.groovy:36)
)

2024-01-22 18:11:08 - [MESSAGE][WARNING] - Web element with id: 'Object Repository/Stockbit/Bandarmology_Buyer3' located by 'By.xpath: //*[contains(@id, 'rc-tabs-')]/div[2]/div/div/div/div/div/div[2]/table/tbody/tr[4]/td[1]/p' is present after '1' second(s) (Root cause: com.kms.katalon.core.exception.StepFailedException: Web element with id: 'Object Repository/Stockbit/Bandarmology_Buyer3' located by 'By.xpath: //*[contains(@id, 'rc-tabs-')]/div[2]/div/div/div/div/div/div[2]/table/tbody/tr[4]/td[1]/p' is present after '1' second(s)
	at com.kms.katalon.core.webui.keyword.internal.WebUIKeywordMain.stepFailed(WebUIKeywordMain.groovy:64)
	at com.kms.katalon.core.webui.keyword.internal.WebUIKeywordMain$stepFailed$0.call(Unknown Source)
	at com.kms.katalon.core.webui.keyword.builtin.VerifyElementNotPresentKeyword$_verifyElementNotPresent_closure1.doCall(VerifyElementNotPresentKeyword.groovy:106)
	at com.kms.katalon.core.webui.keyword.builtin.VerifyElementNotPresentKeyword$_verifyElementNotPresent_closure1.doCall(VerifyElementNotPresentKeyword.groovy)
	at com.kms.katalon.core.webui.keyword.internal.WebUIKeywordMain.runKeyword(WebUIKeywordMain.groovy:20)
	at com.kms.katalon.core.webui.keyword.internal.WebUIKeywordMain$runKeyword.call(Unknown Source)
	at com.kms.katalon.core.webui.keyword.builtin.VerifyElementNotPresentKeyword.verifyElementNotPresent(VerifyElementNotPresentKeyword.groovy:117)
	at com.kms.katalon.core.webui.keyword.builtin.VerifyElementNotPresentKeyword.execute(VerifyElementNotPresentKeyword.groovy:68)
	at com.kms.katalon.core.keyword.internal.KeywordExecutor.executeKeywordForPlatform(KeywordExecutor.groovy:74)
	at com.kms.katalon.core.webui.keyword.WebUiBuiltInKeywords.verifyElementNotPresent(WebUiBuiltInKeywords.groovy:1481)
	at com.kms.katalon.core.webui.keyword.WebUiBuiltInKeywords$verifyElementNotPresent$8.call(Unknown Source)
	at GetBrokSumPriceDaily.run(GetBrokSumPriceDaily:361)
	at com.kms.katalon.core.main.ScriptEngine.run(ScriptEngine.java:194)
	at com.kms.katalon.core.main.ScriptEngine.runScriptAsRawText(ScriptEngine.java:119)
	at com.kms.katalon.core.main.TestCaseExecutor.runScript(TestCaseExecutor.java:445)
	at com.kms.katalon.core.main.TestCaseExecutor.doExecute(TestCaseExecutor.java:436)
	at com.kms.katalon.core.main.TestCaseExecutor.processExecutionPhase(TestCaseExecutor.java:415)
	at com.kms.katalon.core.main.TestCaseExecutor.accessMainPhase(TestCaseExecutor.java:407)
	at com.kms.katalon.core.main.TestCaseExecutor.execute(TestCaseExecutor.java:284)
	at com.kms.katalon.core.common.CommonExecutor.accessTestCaseMainPhase(CommonExecutor.java:65)
	at com.kms.katalon.core.main.TestSuiteExecutor.accessTestSuiteMainPhase(TestSuiteExecutor.java:144)
	at com.kms.katalon.core.main.TestSuiteExecutor.execute(TestSuiteExecutor.java:106)
	at com.kms.katalon.core.main.TestCaseMain.startTestSuite(TestCaseMain.java:185)
	at com.kms.katalon.core.main.TestCaseMain$startTestSuite$0.call(Unknown Source)
	at TempTestSuite1705920083951.run(TempTestSuite1705920083951.groovy:36)
)
[[ATTACHMENT|C:\\Users\\Fadli\\git\\KatalonDailyGetData2\\Reports\\20240122_174123\\TS1\\20240122_174123\\1705921867964.png]]

2024-01-22 18:11:08 - [TEST_STEP][PASSED] - else: null

2024-01-22 18:11:08 - [TEST_STEP][PASSED] - strBuyer3 = getText(findTestObject("Stockbit/Bandarmology_Buyer3")): Text of object 'Object Repository/Stockbit/Bandarmology_Buyer3' is: 'CC'

2024-01-22 18:11:08 - [MESSAGE][PASSED] - Text of object 'Object Repository/Stockbit/Bandarmology_Buyer3' is: 'CC'

2024-01-22 18:11:08 - [TEST_STEP][PASSED] - strBuyerVol3 = getText(findTestObject("Stockbit/Bandarmology_BuyerVol3")): Text of object 'Object Repository/Stockbit/Bandarmology_BuyerVol3' is: '400'

2024-01-22 18:11:08 - [MESSAGE][PASSED] - Text of object 'Object Repository/Stockbit/Bandarmology_BuyerVol3' is: '400'

2024-01-22 18:11:08 - [TEST_STEP][PASSED] - strBuyerAvg3 = getText(findTestObject("Stockbit/Bandarmology_BuyerAvg3")): Text of object 'Object Repository/Stockbit/Bandarmology_BuyerAvg3' is: '137'

2024-01-22 18:11:08 - [MESSAGE][PASSED] - Text of object 'Object Repository/Stockbit/Bandarmology_BuyerAvg3' is: '137'

2024-01-22 18:11:08 - [TEST_STEP][PASSED] - if (strBuyer3 != ""): null

2024-01-22 18:11:08 - [TEST_STEP][PASSED] - if (strBuyerAvg3.contains(",")): null

2024-01-22 18:11:08 - [TEST_STEP][PASSED] - if (strBuyerVol3.contains(" B")): null

2024-01-22 18:11:08 - [TEST_STEP][PASSED] - if (verifyElementNotPresent(findTestObject("Stockbit/Bandarmology_Seller3"), 1, OPTIONAL)): Web element with id: 'Object Repository/Stockbit/Bandarmology_Seller3' located by 'By.xpath: //*[contains(@id, 'rc-tabs-')]/div[2]/div/div/div/div/div/div[2]/table/tbody/tr[4]/td[5]/p' is present after '1' second(s) (Root cause: com.kms.katalon.core.exception.StepFailedException: Web element with id: 'Object Repository/Stockbit/Bandarmology_Seller3' located by 'By.xpath: //*[contains(@id, 'rc-tabs-')]/div[2]/div/div/div/div/div/div[2]/table/tbody/tr[4]/td[5]/p' is present after '1' second(s)
	at com.kms.katalon.core.webui.keyword.internal.WebUIKeywordMain.stepFailed(WebUIKeywordMain.groovy:64)
	at com.kms.katalon.core.webui.keyword.internal.WebUIKeywordMain$stepFailed$0.call(Unknown Source)
	at com.kms.katalon.core.webui.keyword.builtin.VerifyElementNotPresentKeyword$_verifyElementNotPresent_closure1.doCall(VerifyElementNotPresentKeyword.groovy:106)
	at com.kms.katalon.core.webui.keyword.builtin.VerifyElementNotPresentKeyword$_verifyElementNotPresent_closure1.doCall(VerifyElementNotPresentKeyword.groovy)
	at com.kms.katalon.core.webui.keyword.internal.WebUIKeywordMain.runKeyword(WebUIKeywordMain.groovy:20)
	at com.kms.katalon.core.webui.keyword.internal.WebUIKeywordMain$runKeyword.call(Unknown Source)
	at com.kms.katalon.core.webui.keyword.builtin.VerifyElementNotPresentKeyword.verifyElementNotPresent(VerifyElementNotPresentKeyword.groovy:117)
	at com.kms.katalon.core.webui.keyword.builtin.VerifyElementNotPresentKeyword.execute(VerifyElementNotPresentKeyword.groovy:68)
	at com.kms.katalon.core.keyword.internal.KeywordExecutor.executeKeywordForPlatform(KeywordExecutor.groovy:74)
	at com.kms.katalon.core.webui.keyword.WebUiBuiltInKeywords.verifyElementNotPresent(WebUiBuiltInKeywords.groovy:1481)
	at com.kms.katalon.core.webui.keyword.WebUiBuiltInKeywords$verifyElementNotPresent$8.call(Unknown Source)
	at GetBrokSumPriceDaily.run(GetBrokSumPriceDaily:414)
	at com.kms.katalon.core.main.ScriptEngine.run(ScriptEngine.java:194)
	at com.kms.katalon.core.main.ScriptEngine.runScriptAsRawText(ScriptEngine.java:119)
	at com.kms.katalon.core.main.TestCaseExecutor.runScript(TestCaseExecutor.java:445)
	at com.kms.katalon.core.main.TestCaseExecutor.doExecute(TestCaseExecutor.java:436)
	at com.kms.katalon.core.main.TestCaseExecutor.processExecutionPhase(TestCaseExecutor.java:415)
	at com.kms.katalon.core.main.TestCaseExecutor.accessMainPhase(TestCaseExecutor.java:407)
	at com.kms.katalon.core.main.TestCaseExecutor.execute(TestCaseExecutor.java:284)
	at com.kms.katalon.core.common.CommonExecutor.accessTestCaseMainPhase(CommonExecutor.java:65)
	at com.kms.katalon.core.main.TestSuiteExecutor.accessTestSuiteMainPhase(TestSuiteExecutor.java:144)
	at com.kms.katalon.core.main.TestSuiteExecutor.execute(TestSuiteExecutor.java:106)
	at com.kms.katalon.core.main.TestCaseMain.startTestSuite(TestCaseMain.java:185)
	at com.kms.katalon.core.main.TestCaseMain$startTestSuite$0.call(Unknown Source)
	at TempTestSuite1705920083951.run(TempTestSuite1705920083951.groovy:36)
)

2024-01-22 18:11:09 - [MESSAGE][WARNING] - Web element with id: 'Object Repository/Stockbit/Bandarmology_Seller3' located by 'By.xpath: //*[contains(@id, 'rc-tabs-')]/div[2]/div/div/div/div/div/div[2]/table/tbody/tr[4]/td[5]/p' is present after '1' second(s) (Root cause: com.kms.katalon.core.exception.StepFailedException: Web element with id: 'Object Repository/Stockbit/Bandarmology_Seller3' located by 'By.xpath: //*[contains(@id, 'rc-tabs-')]/div[2]/div/div/div/div/div/div[2]/table/tbody/tr[4]/td[5]/p' is present after '1' second(s)
	at com.kms.katalon.core.webui.keyword.internal.WebUIKeywordMain.stepFailed(WebUIKeywordMain.groovy:64)
	at com.kms.katalon.core.webui.keyword.internal.WebUIKeywordMain$stepFailed$0.call(Unknown Source)
	at com.kms.katalon.core.webui.keyword.builtin.VerifyElementNotPresentKeyword$_verifyElementNotPresent_closure1.doCall(VerifyElementNotPresentKeyword.groovy:106)
	at com.kms.katalon.core.webui.keyword.builtin.VerifyElementNotPresentKeyword$_verifyElementNotPresent_closure1.doCall(VerifyElementNotPresentKeyword.groovy)
	at com.kms.katalon.core.webui.keyword.internal.WebUIKeywordMain.runKeyword(WebUIKeywordMain.groovy:20)
	at com.kms.katalon.core.webui.keyword.internal.WebUIKeywordMain$runKeyword.call(Unknown Source)
	at com.kms.katalon.core.webui.keyword.builtin.VerifyElementNotPresentKeyword.verifyElementNotPresent(VerifyElementNotPresentKeyword.groovy:117)
	at com.kms.katalon.core.webui.keyword.builtin.VerifyElementNotPresentKeyword.execute(VerifyElementNotPresentKeyword.groovy:68)
	at com.kms.katalon.core.keyword.internal.KeywordExecutor.executeKeywordForPlatform(KeywordExecutor.groovy:74)
	at com.kms.katalon.core.webui.keyword.WebUiBuiltInKeywords.verifyElementNotPresent(WebUiBuiltInKeywords.groovy:1481)
	at com.kms.katalon.core.webui.keyword.WebUiBuiltInKeywords$verifyElementNotPresent$8.call(Unknown Source)
	at GetBrokSumPriceDaily.run(GetBrokSumPriceDaily:414)
	at com.kms.katalon.core.main.ScriptEngine.run(ScriptEngine.java:194)
	at com.kms.katalon.core.main.ScriptEngine.runScriptAsRawText(ScriptEngine.java:119)
	at com.kms.katalon.core.main.TestCaseExecutor.runScript(TestCaseExecutor.java:445)
	at com.kms.katalon.core.main.TestCaseExecutor.doExecute(TestCaseExecutor.java:436)
	at com.kms.katalon.core.main.TestCaseExecutor.processExecutionPhase(TestCaseExecutor.java:415)
	at com.kms.katalon.core.main.TestCaseExecutor.accessMainPhase(TestCaseExecutor.java:407)
	at com.kms.katalon.core.main.TestCaseExecutor.execute(TestCaseExecutor.java:284)
	at com.kms.katalon.core.common.CommonExecutor.accessTestCaseMainPhase(CommonExecutor.java:65)
	at com.kms.katalon.core.main.TestSuiteExecutor.accessTestSuiteMainPhase(TestSuiteExecutor.java:144)
	at com.kms.katalon.core.main.TestSuiteExecutor.execute(TestSuiteExecutor.java:106)
	at com.kms.katalon.core.main.TestCaseMain.startTestSuite(TestCaseMain.java:185)
	at com.kms.katalon.core.main.TestCaseMain$startTestSuite$0.call(Unknown Source)
	at TempTestSuite1705920083951.run(TempTestSuite1705920083951.groovy:36)
)
[[ATTACHMENT|C:\\Users\\Fadli\\git\\KatalonDailyGetData2\\Reports\\20240122_174123\\TS1\\20240122_174123\\1705921869657.png]]

2024-01-22 18:11:09 - [TEST_STEP][PASSED] - else: null

2024-01-22 18:11:09 - [TEST_STEP][PASSED] - strSeller3 = getText(findTestObject("Stockbit/Bandarmology_Seller3")): Text of object 'Object Repository/Stockbit/Bandarmology_Seller3' is: 'XA'

2024-01-22 18:11:09 - [MESSAGE][PASSED] - Text of object 'Object Repository/Stockbit/Bandarmology_Seller3' is: 'XA'

2024-01-22 18:11:09 - [TEST_STEP][PASSED] - strSellerVol3 = getText(findTestObject("Stockbit/Bandarmology_SellerVol3")): Text of object 'Object Repository/Stockbit/Bandarmology_SellerVol3' is: '487'

2024-01-22 18:11:10 - [MESSAGE][PASSED] - Text of object 'Object Repository/Stockbit/Bandarmology_SellerVol3' is: '487'

2024-01-22 18:11:10 - [TEST_STEP][PASSED] - strSellerAvg3 = getText(findTestObject("Stockbit/Bandarmology_SellerAvg3")): Text of object 'Object Repository/Stockbit/Bandarmology_SellerAvg3' is: '136'

2024-01-22 18:11:10 - [MESSAGE][PASSED] - Text of object 'Object Repository/Stockbit/Bandarmology_SellerAvg3' is: '136'

2024-01-22 18:11:10 - [TEST_STEP][PASSED] - if (strSeller3 != ""): null

2024-01-22 18:11:10 - [TEST_STEP][PASSED] - if (strSellerAvg3.contains(",")): null

2024-01-22 18:11:10 - [TEST_STEP][PASSED] - if (strSellerVol3.contains(" B")): null

2024-01-22 18:11:10 - [TEST_STEP][PASSED] - strAccDist = getText(findTestObject("Stockbit/Bandarmology_AccDist")): Text of object 'Object Repository/Stockbit/Bandarmology_AccDist' is: 'Acc'

2024-01-22 18:11:10 - [MESSAGE][PASSED] - Text of object 'Object Repository/Stockbit/Bandarmology_AccDist' is: 'Acc'

2024-01-22 18:11:10 - [TEST_STEP][PASSED] - strNetVol = getText(findTestObject("Stockbit/Bandarmology_NetVol")): Text of object 'Object Repository/Stockbit/Bandarmology_NetVol' is: '2,092'

2024-01-22 18:11:10 - [MESSAGE][PASSED] - Text of object 'Object Repository/Stockbit/Bandarmology_NetVol' is: '2,092'

2024-01-22 18:11:10 - [TEST_STEP][PASSED] - strNetVol = strNetVol.replace(",", ""): null

2024-01-22 18:11:10 - [TEST_STEP][PASSED] - strNetVal = getText(findTestObject("Stockbit/Bandarmology_NetVal")): Text of object 'Object Repository/Stockbit/Bandarmology_NetVal' is: '0 B'

2024-01-22 18:11:10 - [MESSAGE][PASSED] - Text of object 'Object Repository/Stockbit/Bandarmology_NetVal' is: '0 B'

2024-01-22 18:11:10 - [TEST_STEP][PASSED] - delay(3): Delayed 3 second(s)

2024-01-22 18:11:13 - [MESSAGE][PASSED] - Delayed 3 second(s)

2024-01-22 18:11:13 - [TEST_STEP][PASSED] - strOpenPrice = getText(findTestObject("Stockbit/Home_OpenPrice")): Text of object 'Object Repository/Stockbit/Home_OpenPrice' is: '136'

2024-01-22 18:11:13 - [MESSAGE][PASSED] - Text of object 'Object Repository/Stockbit/Home_OpenPrice' is: '136'

2024-01-22 18:11:13 - [TEST_STEP][PASSED] - strOpenPrice = strOpenPrice.replace(",", ""): null

2024-01-22 18:11:13 - [TEST_STEP][PASSED] - strLowPrice = getText(findTestObject("Stockbit/Home_LowPrice")): Text of object 'Object Repository/Stockbit/Home_LowPrice' is: '136'

2024-01-22 18:11:13 - [MESSAGE][PASSED] - Text of object 'Object Repository/Stockbit/Home_LowPrice' is: '136'

2024-01-22 18:11:13 - [TEST_STEP][PASSED] - strLowPrice = strLowPrice.replace(",", ""): null

2024-01-22 18:11:13 - [TEST_STEP][PASSED] - strHighPrice = getText(findTestObject("Stockbit/Home_HighPrice")): Text of object 'Object Repository/Stockbit/Home_HighPrice' is: '139'

2024-01-22 18:11:13 - [MESSAGE][PASSED] - Text of object 'Object Repository/Stockbit/Home_HighPrice' is: '139'

2024-01-22 18:11:13 - [TEST_STEP][PASSED] - strHighPrice = strHighPrice.replace(",", ""): null

2024-01-22 18:11:13 - [TEST_STEP][PASSED] - strClosePrice = getText(findTestObject("Stockbit/Home_ClosePrice")): Text of object 'Object Repository/Stockbit/Home_ClosePrice' is: '136'

2024-01-22 18:11:14 - [MESSAGE][PASSED] - Text of object 'Object Repository/Stockbit/Home_ClosePrice' is: '136'

2024-01-22 18:11:14 - [TEST_STEP][PASSED] - strClosePrice = strClosePrice.replace(",", ""): null

2024-01-22 18:11:14 - [TEST_STEP][PASSED] - strVol = getText(findTestObject("Stockbit/Home_Volume")): Text of object 'Object Repository/Stockbit/Home_Volume' is: '4 K'

2024-01-22 18:11:14 - [MESSAGE][PASSED] - Text of object 'Object Repository/Stockbit/Home_Volume' is: '4 K'

2024-01-22 18:11:14 - [TEST_STEP][PASSED] - if (strVol.contains(" K")): null

2024-01-22 18:11:14 - [TEST_STEP][PASSED] - strVol = strVol.replace(" K", "000"): null

2024-01-22 18:11:14 - [TEST_STEP][PASSED] - if (strVol.contains(",")): null

2024-01-22 18:11:14 - [TEST_STEP][PASSED] - strChange = getText(findTestObject("Stockbit/Home_Change")): Text of object 'Object Repository/Stockbit/Home_Change' is: '-1.45%'

2024-01-22 18:11:14 - [MESSAGE][PASSED] - Text of object 'Object Repository/Stockbit/Home_Change' is: '-1.45%'

2024-01-22 18:11:14 - [TEST_STEP][PASSED] - strChange = strChange.replace("%", ""): null

2024-01-22 18:11:14 - [TEST_STEP][PASSED] - strFreq = getText(findTestObject("Stockbit/Home_Freq")): Text of object 'Object Repository/Stockbit/Home_Freq' is: '159'

2024-01-22 18:11:14 - [MESSAGE][PASSED] - Text of object 'Object Repository/Stockbit/Home_Freq' is: '159'

2024-01-22 18:11:14 - [TEST_STEP][PASSED] - if (strFreq.contains(",")): null

2024-01-22 18:11:14 - [TEST_STEP][PASSED] - if (strFreq == "NA" || strFreq == ""): null

2024-01-22 18:11:14 - [TEST_STEP][PASSED] - else: null

2024-01-22 18:11:14 - [TEST_STEP][PASSED] - dblFreqAnal = strVol.toDouble() / strFreq.toDouble() * strFreq.toDouble() * strFreq.toDouble() * 100000000: null

2024-01-22 18:11:14 - [TEST_STEP][PASSED] - strFreqAnal = String.format("%.4f", dblFreqAnal): null

2024-01-22 18:11:14 - [TEST_STEP][PASSED] - out.println("Double strFreqAnal: " + strFreqAnal): null

2024-01-22 18:11:14 - [TEST_STEP][PASSED] - strTanggal = d.format(DateTimeFormatter.ofPattern("yyyy-MM-dd")): null

2024-01-22 18:11:14 - [TEST_STEP][PASSED] - strTanggal = "#" + strTanggal + "#": null

2024-01-22 18:11:14 - [TEST_STEP][PASSED] - strSQL = "select count(*) as JumBaris from TblBrokSum where Nama = '" + strNama + "' and Tanggal = " + strTanggal + "": null

2024-01-22 18:11:14 - [TEST_STEP][PASSED] - resultSet = statement.executeQuery(strSQL): null

2024-01-22 18:11:14 - [TEST_STEP][PASSED] - resultSet.next(): null

2024-01-22 18:11:14 - [TEST_STEP][PASSED] - intJumBaris = resultSet.getInt("JumBaris"): null

2024-01-22 18:11:14 - [TEST_STEP][PASSED] - if (intJumBaris > 0): null

2024-01-22 18:11:14 - [TEST_STEP][PASSED] - else: null

2024-01-22 18:11:14 - [TEST_STEP][PASSED] - try: null

2024-01-22 18:11:14 - [TEST_STEP][PASSED] - out.println("Insert data"): null

2024-01-22 18:11:14 - [TEST_STEP][PASSED] - strSQL = "insert into TblBrokSum (nama, tanggal, top1, top2, top3, AllBrokAvg, AccDist, AvgRP, " + "Buyer1, BuyerVal1, BuyerAvg1, Seller1, SellerVal1, SellerAvg1, Buyer2, BuyerVal2, BuyerAvg2, " + "Seller2, SellerVal2, SellerAvg2, Buyer3, BuyerVal3, BuyerAvg3, Seller3, SellerVal3, SellerAvg3, NetVol, NetVal, " + "OpenPrice, LowPrice, HighPrice, ClosePrice, Volume, Change, Frekuensi, FrekAnal) " + "values ('" + strNama + "', " + strTanggal + ", '" + strTop1 + "', '" + strTop3 + "', '" + strTop5 + "', " + "'" + strAllBrokAvg + "', '" + strAccDist + "', " + intAvgRP + ", '" + strBuyer1 + "', '" + strBuyerVol1 + "', " + strBuyerAvg1 + ", " + "'" + strSeller1 + "', '" + strSellerVol1 + "', " + strSellerAvg1 + ", '" + strBuyer2 + "', '" + strBuyerVol2 + "', " + strBuyerAvg2 + ", " + "'" + strSeller2 + "', '" + strSellerVol2 + "', " + strSellerAvg2 + ", '" + strBuyer3 + "', '" + strBuyerVol3 + "', " + strBuyerAvg3 + ", " + "'" + strSeller3 + "', '" + strSellerVol3 + "', " + strSellerAvg3 + ", " + strNetVol + ", '" + strNetVal + "', " + "" + strOpenPrice + ", " + strLowPrice + ", " + strHighPrice + ", " + strClosePrice + ", '" + strVol + "', " + strChange + ", " + strFreq + ", " + strFreqAnal + ");": null

2024-01-22 18:11:14 - [TEST_STEP][PASSED] - out.println("strSQL = " + strSQL): null

2024-01-22 18:11:14 - [TEST_STEP][PASSED] - statement.executeUpdate(strSQL): null

2024-01-22 18:11:14 - [TEST_STEP][PASSED] - setValueToCellByIndex(sheet01, rowIndex, 4, "DONE"): null

2024-01-22 18:11:14 - [TEST_STEP][PASSED] - saveWorkbook(excelFilePath, workbook01): null

2024-01-22 18:11:14 - [TEST_STEP][PASSED] - waitForElementClickable(findTestObject("Stockbit/menu_Bandarmology"), 10): Object 'Object Repository/Stockbit/menu_Bandarmology' is clickable

2024-01-22 18:11:14 - [MESSAGE][PASSED] - Object 'Object Repository/Stockbit/menu_Bandarmology' is clickable

2024-01-22 18:11:14 - [TEST_STEP][PASSED] - click(findTestObject("Stockbit/menu_Bandarmology")): Object: 'Object Repository/Stockbit/menu_Bandarmology' is clicked on

2024-01-22 18:11:15 - [MESSAGE][PASSED] - Object: 'Object Repository/Stockbit/menu_Bandarmology' is clicked on

2024-01-22 18:11:15 - [TEST_STEP][PASSED] - strTemp = "NA": null

2024-01-22 18:11:15 - [TEST_STEP][PASSED] - if (getCellValueByIndex(sheet01, rowIndex, 4) != "DONE"): Object: 'Object Repository/Stockbit/menu_Bandarmology' is clicked on

2024-01-22 18:11:15 - [TEST_STEP][PASSED] - strNama = getCellValueByIndex(sheet01, rowIndex, 0): null

2024-01-22 18:11:15 - [TEST_STEP][PASSED] - navigateToUrl("https://stockbit.com/#/symbol/" + strNama): Navigate to 'https://stockbit.com/#/symbol/KBLM' successfully

2024-01-22 18:11:17 - [MESSAGE][PASSED] - Navigate to 'https://stockbit.com/#/symbol/KBLM' successfully

2024-01-22 18:11:17 - [TEST_STEP][PASSED] - waitForElementClickable(findTestObject("Stockbit/menu_Bandarmology"), 10): Object 'Object Repository/Stockbit/menu_Bandarmology' is clickable

2024-01-22 18:11:17 - [MESSAGE][PASSED] - Object 'Object Repository/Stockbit/menu_Bandarmology' is clickable

2024-01-22 18:11:17 - [TEST_STEP][PASSED] - click(findTestObject("Stockbit/menu_Bandarmology")): Object: 'Object Repository/Stockbit/menu_Bandarmology' is clicked on

2024-01-22 18:11:17 - [MESSAGE][PASSED] - Object: 'Object Repository/Stockbit/menu_Bandarmology' is clicked on

2024-01-22 18:11:17 - [TEST_STEP][PASSED] - strTanggal = d.format(DateTimeFormatter.ofPattern("MMM dd, yyyy")): null

2024-01-22 18:11:17 - [TEST_STEP][PASSED] - strTanggal = d.format(ISO_DATE): null

2024-01-22 18:11:17 - [TEST_STEP][PASSED] - out.println("strTanggal = " + strTanggal): null

2024-01-22 18:11:17 - [TEST_STEP][PASSED] - out.println("strNama = " + strNama): null

2024-01-22 18:11:17 - [TEST_STEP][PASSED] - out.println("Baris ke = " + rowIndex): null

2024-01-22 18:11:17 - [TEST_STEP][PASSED] - click(findTestObject("Stockbit/input__BandarmologyOpenStartDate")): Object: 'Object Repository/Stockbit/input__BandarmologyOpenStartDate' is clicked on

2024-01-22 18:11:19 - [MESSAGE][PASSED] - Object: 'Object Repository/Stockbit/input__BandarmologyOpenStartDate' is clicked on

2024-01-22 18:11:19 - [TEST_STEP][PASSED] - sendKeys(findTestObject("Stockbit/input__BandarmologyOpenStartDate"), Keys.chord(CONTROL, "a")): Keys 'CONTROL + a' sent to object: 'Object Repository/Stockbit/input__BandarmologyOpenStartDate'

2024-01-22 18:11:19 - [MESSAGE][PASSED] - Keys 'CONTROL + a' sent to object: 'Object Repository/Stockbit/input__BandarmologyOpenStartDate'

2024-01-22 18:11:19 - [TEST_STEP][PASSED] - sendKeys(findTestObject("Stockbit/input__BandarmologyOpenStartDate"), Keys.chord(BACK_SPACE)): Keys 'BACK_SPACE + ' sent to object: 'Object Repository/Stockbit/input__BandarmologyOpenStartDate'

2024-01-22 18:11:20 - [MESSAGE][PASSED] - Keys 'BACK_SPACE + ' sent to object: 'Object Repository/Stockbit/input__BandarmologyOpenStartDate'

2024-01-22 18:11:20 - [TEST_STEP][PASSED] - setText(findTestObject("Stockbit/input__BandarmologyOpenStartDate"), strTanggal): Text '2024-01-22' is set on object 'Object Repository/Stockbit/input__BandarmologyOpenStartDate'

2024-01-22 18:11:21 - [MESSAGE][PASSED] - Text '2024-01-22' is set on object 'Object Repository/Stockbit/input__BandarmologyOpenStartDate'

2024-01-22 18:11:21 - [TEST_STEP][PASSED] - sendKeys(findTestObject("Stockbit/input__BandarmologyOpenStartDate"), Keys.chord(ENTER)): Keys 'ENTER + ' sent to object: 'Object Repository/Stockbit/input__BandarmologyOpenStartDate'

2024-01-22 18:11:21 - [MESSAGE][PASSED] - Keys 'ENTER + ' sent to object: 'Object Repository/Stockbit/input__BandarmologyOpenStartDate'

2024-01-22 18:11:21 - [TEST_STEP][PASSED] - click(findTestObject("Stockbit/input__BandarmologyOpenEndDate")): Object: 'Object Repository/Stockbit/input__BandarmologyOpenEndDate' is clicked on

2024-01-22 18:11:22 - [MESSAGE][PASSED] - Object: 'Object Repository/Stockbit/input__BandarmologyOpenEndDate' is clicked on

2024-01-22 18:11:22 - [TEST_STEP][PASSED] - sendKeys(findTestObject("Stockbit/input__BandarmologyOpenEndDate"), Keys.chord(CONTROL, "a")): Keys 'CONTROL + a' sent to object: 'Object Repository/Stockbit/input__BandarmologyOpenEndDate'

2024-01-22 18:11:22 - [MESSAGE][PASSED] - Keys 'CONTROL + a' sent to object: 'Object Repository/Stockbit/input__BandarmologyOpenEndDate'

2024-01-22 18:11:22 - [TEST_STEP][PASSED] - sendKeys(findTestObject("Stockbit/input__BandarmologyOpenEndDate"), Keys.chord(BACK_SPACE)): Keys 'BACK_SPACE + ' sent to object: 'Object Repository/Stockbit/input__BandarmologyOpenEndDate'

2024-01-22 18:11:22 - [MESSAGE][PASSED] - Keys 'BACK_SPACE + ' sent to object: 'Object Repository/Stockbit/input__BandarmologyOpenEndDate'

2024-01-22 18:11:22 - [TEST_STEP][PASSED] - setText(findTestObject("Stockbit/input__BandarmologyOpenEndDate"), strTanggal): Text '2024-01-22' is set on object 'Object Repository/Stockbit/input__BandarmologyOpenEndDate'

2024-01-22 18:11:23 - [MESSAGE][PASSED] - Text '2024-01-22' is set on object 'Object Repository/Stockbit/input__BandarmologyOpenEndDate'

2024-01-22 18:11:23 - [TEST_STEP][PASSED] - sendKeys(findTestObject("Stockbit/input__BandarmologyOpenEndDate"), Keys.chord(ENTER)): Keys 'ENTER + ' sent to object: 'Object Repository/Stockbit/input__BandarmologyOpenEndDate'

2024-01-22 18:11:24 - [MESSAGE][PASSED] - Keys 'ENTER + ' sent to object: 'Object Repository/Stockbit/input__BandarmologyOpenEndDate'

2024-01-22 18:11:24 - [TEST_STEP][PASSED] - delay(2): Delayed 2 second(s)

2024-01-22 18:11:26 - [MESSAGE][PASSED] - Delayed 2 second(s)

2024-01-22 18:11:26 - [TEST_STEP][PASSED] - strTemp = getText(findTestObject("Stockbit/Bandarmology_AvgRP")): Text of object 'Object Repository/Stockbit/Bandarmology_AvgRP' is: '270'

2024-01-22 18:11:26 - [MESSAGE][PASSED] - Text of object 'Object Repository/Stockbit/Bandarmology_AvgRP' is: '270'

2024-01-22 18:11:26 - [TEST_STEP][PASSED] - out.println("Bandarmology_AvgRP = " + strTemp): null

2024-01-22 18:11:26 - [TEST_STEP][PASSED] - if (strTemp != "0"): null

2024-01-22 18:11:26 - [TEST_STEP][PASSED] - strTop1 = getText(findTestObject("Stockbit/Bandarmology_Top1")): Text of object 'Object Repository/Stockbit/Bandarmology_Top1' is: 'Big Dist'

2024-01-22 18:11:26 - [MESSAGE][PASSED] - Text of object 'Object Repository/Stockbit/Bandarmology_Top1' is: 'Big Dist'

2024-01-22 18:11:26 - [TEST_STEP][PASSED] - strTop3 = getText(findTestObject("Stockbit/Bandarmology_Top3")): Text of object 'Object Repository/Stockbit/Bandarmology_Top3' is: 'Neutral'

2024-01-22 18:11:26 - [MESSAGE][PASSED] - Text of object 'Object Repository/Stockbit/Bandarmology_Top3' is: 'Neutral'

2024-01-22 18:11:26 - [TEST_STEP][PASSED] - strTop5 = getText(findTestObject("Stockbit/Bandarmology_Top5")): Text of object 'Object Repository/Stockbit/Bandarmology_Top5' is: 'Neutral'

2024-01-22 18:11:26 - [MESSAGE][PASSED] - Text of object 'Object Repository/Stockbit/Bandarmology_Top5' is: 'Neutral'

2024-01-22 18:11:26 - [TEST_STEP][PASSED] - strAllBrokAvg = getText(findTestObject("Stockbit/Bandarmology_TopAVG")): Text of object 'Object Repository/Stockbit/Bandarmology_TopAVG' is: 'Neutral'

2024-01-22 18:11:26 - [MESSAGE][PASSED] - Text of object 'Object Repository/Stockbit/Bandarmology_TopAVG' is: 'Neutral'

2024-01-22 18:11:26 - [TEST_STEP][PASSED] - strTemp = getText(findTestObject("Stockbit/Bandarmology_AvgRP")): Text of object 'Object Repository/Stockbit/Bandarmology_AvgRP' is: '270'

2024-01-22 18:11:26 - [MESSAGE][PASSED] - Text of object 'Object Repository/Stockbit/Bandarmology_AvgRP' is: '270'

2024-01-22 18:11:26 - [TEST_STEP][PASSED] - if (strTemp.contains(",")): null

2024-01-22 18:11:26 - [TEST_STEP][PASSED] - intAvgRP = strTemp.toInteger(): null

2024-01-22 18:11:26 - [TEST_STEP][PASSED] - strBuyer1 = getText(findTestObject("Stockbit/Bandarmology_Buyer1")): Text of object 'Object Repository/Stockbit/Bandarmology_Buyer1' is: 'XL'

2024-01-22 18:11:27 - [MESSAGE][PASSED] - Text of object 'Object Repository/Stockbit/Bandarmology_Buyer1' is: 'XL'

2024-01-22 18:11:27 - [TEST_STEP][PASSED] - strBuyerVol1 = getText(findTestObject("Stockbit/Bandarmology_BuyerVol1")): Text of object 'Object Repository/Stockbit/Bandarmology_BuyerVol1' is: '1'

2024-01-22 18:11:27 - [MESSAGE][PASSED] - Text of object 'Object Repository/Stockbit/Bandarmology_BuyerVol1' is: '1'

2024-01-22 18:11:27 - [TEST_STEP][PASSED] - strBuyerAvg1 = getText(findTestObject("Stockbit/Bandarmology_BuyerAvg1")): Text of object 'Object Repository/Stockbit/Bandarmology_BuyerAvg1' is: '264'

2024-01-22 18:11:27 - [MESSAGE][PASSED] - Text of object 'Object Repository/Stockbit/Bandarmology_BuyerAvg1' is: '264'

2024-01-22 18:11:27 - [TEST_STEP][PASSED] - if (strBuyerAvg1.contains(",")): null

2024-01-22 18:11:27 - [TEST_STEP][PASSED] - if (strBuyerVol1.contains(" B")): null

2024-01-22 18:11:27 - [TEST_STEP][PASSED] - strSeller1 = getText(findTestObject("Stockbit/Bandarmology_Seller1")): Text of object 'Object Repository/Stockbit/Bandarmology_Seller1' is: 'CC'

2024-01-22 18:11:27 - [MESSAGE][PASSED] - Text of object 'Object Repository/Stockbit/Bandarmology_Seller1' is: 'CC'

2024-01-22 18:11:27 - [TEST_STEP][PASSED] - strSellerVol1 = getText(findTestObject("Stockbit/Bandarmology_SellerVol1")): Text of object 'Object Repository/Stockbit/Bandarmology_SellerVol1' is: '2'

2024-01-22 18:11:27 - [MESSAGE][PASSED] - Text of object 'Object Repository/Stockbit/Bandarmology_SellerVol1' is: '2'

2024-01-22 18:11:27 - [TEST_STEP][PASSED] - strSellerAvg1 = getText(findTestObject("Stockbit/Bandarmology_SellerAvg1")): Text of object 'Object Repository/Stockbit/Bandarmology_SellerAvg1' is: '268'

2024-01-22 18:11:27 - [MESSAGE][PASSED] - Text of object 'Object Repository/Stockbit/Bandarmology_SellerAvg1' is: '268'

2024-01-22 18:11:27 - [TEST_STEP][PASSED] - if (strSellerAvg1.contains(",")): null

2024-01-22 18:11:27 - [TEST_STEP][PASSED] - if (strSellerVol1.contains(" B")): null

2024-01-22 18:11:27 - [TEST_STEP][PASSED] - if (verifyElementNotPresent(findTestObject("Stockbit/Bandarmology_Buyer2"), 1, OPTIONAL)): Web element with id: 'Object Repository/Stockbit/Bandarmology_Buyer2' located by 'By.xpath: //*[contains(@id, 'rc-tabs-')]/div[2]/div/div/div/div/div/div[2]/table/tbody/tr[3]/td[1]/p' is present after '1' second(s) (Root cause: com.kms.katalon.core.exception.StepFailedException: Web element with id: 'Object Repository/Stockbit/Bandarmology_Buyer2' located by 'By.xpath: //*[contains(@id, 'rc-tabs-')]/div[2]/div/div/div/div/div/div[2]/table/tbody/tr[3]/td[1]/p' is present after '1' second(s)
	at com.kms.katalon.core.webui.keyword.internal.WebUIKeywordMain.stepFailed(WebUIKeywordMain.groovy:64)
	at com.kms.katalon.core.webui.keyword.internal.WebUIKeywordMain$stepFailed$0.call(Unknown Source)
	at com.kms.katalon.core.webui.keyword.builtin.VerifyElementNotPresentKeyword$_verifyElementNotPresent_closure1.doCall(VerifyElementNotPresentKeyword.groovy:106)
	at com.kms.katalon.core.webui.keyword.builtin.VerifyElementNotPresentKeyword$_verifyElementNotPresent_closure1.doCall(VerifyElementNotPresentKeyword.groovy)
	at com.kms.katalon.core.webui.keyword.internal.WebUIKeywordMain.runKeyword(WebUIKeywordMain.groovy:20)
	at com.kms.katalon.core.webui.keyword.internal.WebUIKeywordMain$runKeyword.call(Unknown Source)
	at com.kms.katalon.core.webui.keyword.builtin.VerifyElementNotPresentKeyword.verifyElementNotPresent(VerifyElementNotPresentKeyword.groovy:117)
	at com.kms.katalon.core.webui.keyword.builtin.VerifyElementNotPresentKeyword.execute(VerifyElementNotPresentKeyword.groovy:68)
	at com.kms.katalon.core.keyword.internal.KeywordExecutor.executeKeywordForPlatform(KeywordExecutor.groovy:74)
	at com.kms.katalon.core.webui.keyword.WebUiBuiltInKeywords.verifyElementNotPresent(WebUiBuiltInKeywords.groovy:1481)
	at com.kms.katalon.core.webui.keyword.WebUiBuiltInKeywords$verifyElementNotPresent$8.call(Unknown Source)
	at GetBrokSumPriceDaily.run(GetBrokSumPriceDaily:258)
	at com.kms.katalon.core.main.ScriptEngine.run(ScriptEngine.java:194)
	at com.kms.katalon.core.main.ScriptEngine.runScriptAsRawText(ScriptEngine.java:119)
	at com.kms.katalon.core.main.TestCaseExecutor.runScript(TestCaseExecutor.java:445)
	at com.kms.katalon.core.main.TestCaseExecutor.doExecute(TestCaseExecutor.java:436)
	at com.kms.katalon.core.main.TestCaseExecutor.processExecutionPhase(TestCaseExecutor.java:415)
	at com.kms.katalon.core.main.TestCaseExecutor.accessMainPhase(TestCaseExecutor.java:407)
	at com.kms.katalon.core.main.TestCaseExecutor.execute(TestCaseExecutor.java:284)
	at com.kms.katalon.core.common.CommonExecutor.accessTestCaseMainPhase(CommonExecutor.java:65)
	at com.kms.katalon.core.main.TestSuiteExecutor.accessTestSuiteMainPhase(TestSuiteExecutor.java:144)
	at com.kms.katalon.core.main.TestSuiteExecutor.execute(TestSuiteExecutor.java:106)
	at com.kms.katalon.core.main.TestCaseMain.startTestSuite(TestCaseMain.java:185)
	at com.kms.katalon.core.main.TestCaseMain$startTestSuite$0.call(Unknown Source)
	at TempTestSuite1705920083951.run(TempTestSuite1705920083951.groovy:36)
)

2024-01-22 18:11:29 - [MESSAGE][WARNING] - Web element with id: 'Object Repository/Stockbit/Bandarmology_Buyer2' located by 'By.xpath: //*[contains(@id, 'rc-tabs-')]/div[2]/div/div/div/div/div/div[2]/table/tbody/tr[3]/td[1]/p' is present after '1' second(s) (Root cause: com.kms.katalon.core.exception.StepFailedException: Web element with id: 'Object Repository/Stockbit/Bandarmology_Buyer2' located by 'By.xpath: //*[contains(@id, 'rc-tabs-')]/div[2]/div/div/div/div/div/div[2]/table/tbody/tr[3]/td[1]/p' is present after '1' second(s)
	at com.kms.katalon.core.webui.keyword.internal.WebUIKeywordMain.stepFailed(WebUIKeywordMain.groovy:64)
	at com.kms.katalon.core.webui.keyword.internal.WebUIKeywordMain$stepFailed$0.call(Unknown Source)
	at com.kms.katalon.core.webui.keyword.builtin.VerifyElementNotPresentKeyword$_verifyElementNotPresent_closure1.doCall(VerifyElementNotPresentKeyword.groovy:106)
	at com.kms.katalon.core.webui.keyword.builtin.VerifyElementNotPresentKeyword$_verifyElementNotPresent_closure1.doCall(VerifyElementNotPresentKeyword.groovy)
	at com.kms.katalon.core.webui.keyword.internal.WebUIKeywordMain.runKeyword(WebUIKeywordMain.groovy:20)
	at com.kms.katalon.core.webui.keyword.internal.WebUIKeywordMain$runKeyword.call(Unknown Source)
	at com.kms.katalon.core.webui.keyword.builtin.VerifyElementNotPresentKeyword.verifyElementNotPresent(VerifyElementNotPresentKeyword.groovy:117)
	at com.kms.katalon.core.webui.keyword.builtin.VerifyElementNotPresentKeyword.execute(VerifyElementNotPresentKeyword.groovy:68)
	at com.kms.katalon.core.keyword.internal.KeywordExecutor.executeKeywordForPlatform(KeywordExecutor.groovy:74)
	at com.kms.katalon.core.webui.keyword.WebUiBuiltInKeywords.verifyElementNotPresent(WebUiBuiltInKeywords.groovy:1481)
	at com.kms.katalon.core.webui.keyword.WebUiBuiltInKeywords$verifyElementNotPresent$8.call(Unknown Source)
	at GetBrokSumPriceDaily.run(GetBrokSumPriceDaily:258)
	at com.kms.katalon.core.main.ScriptEngine.run(ScriptEngine.java:194)
	at com.kms.katalon.core.main.ScriptEngine.runScriptAsRawText(ScriptEngine.java:119)
	at com.kms.katalon.core.main.TestCaseExecutor.runScript(TestCaseExecutor.java:445)
	at com.kms.katalon.core.main.TestCaseExecutor.doExecute(TestCaseExecutor.java:436)
	at com.kms.katalon.core.main.TestCaseExecutor.processExecutionPhase(TestCaseExecutor.java:415)
	at com.kms.katalon.core.main.TestCaseExecutor.accessMainPhase(TestCaseExecutor.java:407)
	at com.kms.katalon.core.main.TestCaseExecutor.execute(TestCaseExecutor.java:284)
	at com.kms.katalon.core.common.CommonExecutor.accessTestCaseMainPhase(CommonExecutor.java:65)
	at com.kms.katalon.core.main.TestSuiteExecutor.accessTestSuiteMainPhase(TestSuiteExecutor.java:144)
	at com.kms.katalon.core.main.TestSuiteExecutor.execute(TestSuiteExecutor.java:106)
	at com.kms.katalon.core.main.TestCaseMain.startTestSuite(TestCaseMain.java:185)
	at com.kms.katalon.core.main.TestCaseMain$startTestSuite$0.call(Unknown Source)
	at TempTestSuite1705920083951.run(TempTestSuite1705920083951.groovy:36)
)
[[ATTACHMENT|C:\\Users\\Fadli\\git\\KatalonDailyGetData2\\Reports\\20240122_174123\\TS1\\20240122_174123\\1705921888976.png]]

2024-01-22 18:11:29 - [TEST_STEP][PASSED] - else: null

2024-01-22 18:11:29 - [TEST_STEP][PASSED] - strBuyer2 = getText(findTestObject("Stockbit/Bandarmology_Buyer2")): Text of object 'Object Repository/Stockbit/Bandarmology_Buyer2' is: 'NI'

2024-01-22 18:11:29 - [MESSAGE][PASSED] - Text of object 'Object Repository/Stockbit/Bandarmology_Buyer2' is: 'NI'

2024-01-22 18:11:29 - [TEST_STEP][PASSED] - strBuyerVol2 = getText(findTestObject("Stockbit/Bandarmology_BuyerVol2")): Text of object 'Object Repository/Stockbit/Bandarmology_BuyerVol2' is: '1'

2024-01-22 18:11:29 - [MESSAGE][PASSED] - Text of object 'Object Repository/Stockbit/Bandarmology_BuyerVol2' is: '1'

2024-01-22 18:11:29 - [TEST_STEP][PASSED] - strBuyerAvg2 = getText(findTestObject("Stockbit/Bandarmology_BuyerAvg2")): Text of object 'Object Repository/Stockbit/Bandarmology_BuyerAvg2' is: '268'

2024-01-22 18:11:29 - [MESSAGE][PASSED] - Text of object 'Object Repository/Stockbit/Bandarmology_BuyerAvg2' is: '268'

2024-01-22 18:11:29 - [TEST_STEP][PASSED] - if (strBuyer2 != ""): null

2024-01-22 18:11:29 - [TEST_STEP][PASSED] - if (strBuyerAvg2.contains(",")): null

2024-01-22 18:11:29 - [TEST_STEP][PASSED] - if (strBuyerVol2.contains(" B")): null

2024-01-22 18:11:29 - [TEST_STEP][PASSED] - if (strBuyerVol2.contains(".")): null

2024-01-22 18:11:29 - [TEST_STEP][PASSED] - if (verifyElementNotPresent(findTestObject("Stockbit/Bandarmology_Seller2"), 1, OPTIONAL)): Web element with id: 'Object Repository/Stockbit/Bandarmology_Seller2' located by 'By.xpath: //*[contains(@id, 'rc-tabs-')]/div[2]/div/div/div/div/div/div[2]/table/tbody/tr[3]/td[5]/p' is present after '1' second(s) (Root cause: com.kms.katalon.core.exception.StepFailedException: Web element with id: 'Object Repository/Stockbit/Bandarmology_Seller2' located by 'By.xpath: //*[contains(@id, 'rc-tabs-')]/div[2]/div/div/div/div/div/div[2]/table/tbody/tr[3]/td[5]/p' is present after '1' second(s)
	at com.kms.katalon.core.webui.keyword.internal.WebUIKeywordMain.stepFailed(WebUIKeywordMain.groovy:64)
	at com.kms.katalon.core.webui.keyword.internal.WebUIKeywordMain$stepFailed$0.call(Unknown Source)
	at com.kms.katalon.core.webui.keyword.builtin.VerifyElementNotPresentKeyword$_verifyElementNotPresent_closure1.doCall(VerifyElementNotPresentKeyword.groovy:106)
	at com.kms.katalon.core.webui.keyword.builtin.VerifyElementNotPresentKeyword$_verifyElementNotPresent_closure1.doCall(VerifyElementNotPresentKeyword.groovy)
	at com.kms.katalon.core.webui.keyword.internal.WebUIKeywordMain.runKeyword(WebUIKeywordMain.groovy:20)
	at com.kms.katalon.core.webui.keyword.internal.WebUIKeywordMain$runKeyword.call(Unknown Source)
	at com.kms.katalon.core.webui.keyword.builtin.VerifyElementNotPresentKeyword.verifyElementNotPresent(VerifyElementNotPresentKeyword.groovy:117)
	at com.kms.katalon.core.webui.keyword.builtin.VerifyElementNotPresentKeyword.execute(VerifyElementNotPresentKeyword.groovy:68)
	at com.kms.katalon.core.keyword.internal.KeywordExecutor.executeKeywordForPlatform(KeywordExecutor.groovy:74)
	at com.kms.katalon.core.webui.keyword.WebUiBuiltInKeywords.verifyElementNotPresent(WebUiBuiltInKeywords.groovy:1481)
	at com.kms.katalon.core.webui.keyword.WebUiBuiltInKeywords$verifyElementNotPresent$8.call(Unknown Source)
	at GetBrokSumPriceDaily.run(GetBrokSumPriceDaily:309)
	at com.kms.katalon.core.main.ScriptEngine.run(ScriptEngine.java:194)
	at com.kms.katalon.core.main.ScriptEngine.runScriptAsRawText(ScriptEngine.java:119)
	at com.kms.katalon.core.main.TestCaseExecutor.runScript(TestCaseExecutor.java:445)
	at com.kms.katalon.core.main.TestCaseExecutor.doExecute(TestCaseExecutor.java:436)
	at com.kms.katalon.core.main.TestCaseExecutor.processExecutionPhase(TestCaseExecutor.java:415)
	at com.kms.katalon.core.main.TestCaseExecutor.accessMainPhase(TestCaseExecutor.java:407)
	at com.kms.katalon.core.main.TestCaseExecutor.execute(TestCaseExecutor.java:284)
	at com.kms.katalon.core.common.CommonExecutor.accessTestCaseMainPhase(CommonExecutor.java:65)
	at com.kms.katalon.core.main.TestSuiteExecutor.accessTestSuiteMainPhase(TestSuiteExecutor.java:144)
	at com.kms.katalon.core.main.TestSuiteExecutor.execute(TestSuiteExecutor.java:106)
	at com.kms.katalon.core.main.TestCaseMain.startTestSuite(TestCaseMain.java:185)
	at com.kms.katalon.core.main.TestCaseMain$startTestSuite$0.call(Unknown Source)
	at TempTestSuite1705920083951.run(TempTestSuite1705920083951.groovy:36)
)

2024-01-22 18:11:31 - [MESSAGE][WARNING] - Web element with id: 'Object Repository/Stockbit/Bandarmology_Seller2' located by 'By.xpath: //*[contains(@id, 'rc-tabs-')]/div[2]/div/div/div/div/div/div[2]/table/tbody/tr[3]/td[5]/p' is present after '1' second(s) (Root cause: com.kms.katalon.core.exception.StepFailedException: Web element with id: 'Object Repository/Stockbit/Bandarmology_Seller2' located by 'By.xpath: //*[contains(@id, 'rc-tabs-')]/div[2]/div/div/div/div/div/div[2]/table/tbody/tr[3]/td[5]/p' is present after '1' second(s)
	at com.kms.katalon.core.webui.keyword.internal.WebUIKeywordMain.stepFailed(WebUIKeywordMain.groovy:64)
	at com.kms.katalon.core.webui.keyword.internal.WebUIKeywordMain$stepFailed$0.call(Unknown Source)
	at com.kms.katalon.core.webui.keyword.builtin.VerifyElementNotPresentKeyword$_verifyElementNotPresent_closure1.doCall(VerifyElementNotPresentKeyword.groovy:106)
	at com.kms.katalon.core.webui.keyword.builtin.VerifyElementNotPresentKeyword$_verifyElementNotPresent_closure1.doCall(VerifyElementNotPresentKeyword.groovy)
	at com.kms.katalon.core.webui.keyword.internal.WebUIKeywordMain.runKeyword(WebUIKeywordMain.groovy:20)
	at com.kms.katalon.core.webui.keyword.internal.WebUIKeywordMain$runKeyword.call(Unknown Source)
	at com.kms.katalon.core.webui.keyword.builtin.VerifyElementNotPresentKeyword.verifyElementNotPresent(VerifyElementNotPresentKeyword.groovy:117)
	at com.kms.katalon.core.webui.keyword.builtin.VerifyElementNotPresentKeyword.execute(VerifyElementNotPresentKeyword.groovy:68)
	at com.kms.katalon.core.keyword.internal.KeywordExecutor.executeKeywordForPlatform(KeywordExecutor.groovy:74)
	at com.kms.katalon.core.webui.keyword.WebUiBuiltInKeywords.verifyElementNotPresent(WebUiBuiltInKeywords.groovy:1481)
	at com.kms.katalon.core.webui.keyword.WebUiBuiltInKeywords$verifyElementNotPresent$8.call(Unknown Source)
	at GetBrokSumPriceDaily.run(GetBrokSumPriceDaily:309)
	at com.kms.katalon.core.main.ScriptEngine.run(ScriptEngine.java:194)
	at com.kms.katalon.core.main.ScriptEngine.runScriptAsRawText(ScriptEngine.java:119)
	at com.kms.katalon.core.main.TestCaseExecutor.runScript(TestCaseExecutor.java:445)
	at com.kms.katalon.core.main.TestCaseExecutor.doExecute(TestCaseExecutor.java:436)
	at com.kms.katalon.core.main.TestCaseExecutor.processExecutionPhase(TestCaseExecutor.java:415)
	at com.kms.katalon.core.main.TestCaseExecutor.accessMainPhase(TestCaseExecutor.java:407)
	at com.kms.katalon.core.main.TestCaseExecutor.execute(TestCaseExecutor.java:284)
	at com.kms.katalon.core.common.CommonExecutor.accessTestCaseMainPhase(CommonExecutor.java:65)
	at com.kms.katalon.core.main.TestSuiteExecutor.accessTestSuiteMainPhase(TestSuiteExecutor.java:144)
	at com.kms.katalon.core.main.TestSuiteExecutor.execute(TestSuiteExecutor.java:106)
	at com.kms.katalon.core.main.TestCaseMain.startTestSuite(TestCaseMain.java:185)
	at com.kms.katalon.core.main.TestCaseMain$startTestSuite$0.call(Unknown Source)
	at TempTestSuite1705920083951.run(TempTestSuite1705920083951.groovy:36)
)
[[ATTACHMENT|C:\\Users\\Fadli\\git\\KatalonDailyGetData2\\Reports\\20240122_174123\\TS1\\20240122_174123\\1705921890788.png]]

2024-01-22 18:11:31 - [TEST_STEP][PASSED] - else: null

2024-01-22 18:11:31 - [TEST_STEP][PASSED] - strSeller2 = getText(findTestObject("Stockbit/Bandarmology_Seller2")): Text of object 'Object Repository/Stockbit/Bandarmology_Seller2' is: 'XC'

2024-01-22 18:11:31 - [MESSAGE][PASSED] - Text of object 'Object Repository/Stockbit/Bandarmology_Seller2' is: 'XC'

2024-01-22 18:11:31 - [TEST_STEP][PASSED] - strSellerVol2 = getText(findTestObject("Stockbit/Bandarmology_SellerVol2")): Text of object 'Object Repository/Stockbit/Bandarmology_SellerVol2' is: '0'

2024-01-22 18:11:31 - [MESSAGE][PASSED] - Text of object 'Object Repository/Stockbit/Bandarmology_SellerVol2' is: '0'

2024-01-22 18:11:31 - [TEST_STEP][PASSED] - strSellerAvg2 = getText(findTestObject("Stockbit/Bandarmology_SellerAvg2")): Text of object 'Object Repository/Stockbit/Bandarmology_SellerAvg2' is: '266'

2024-01-22 18:11:31 - [MESSAGE][PASSED] - Text of object 'Object Repository/Stockbit/Bandarmology_SellerAvg2' is: '266'

2024-01-22 18:11:31 - [TEST_STEP][PASSED] - if (strSeller2 != ""): null

2024-01-22 18:11:31 - [TEST_STEP][PASSED] - if (strSellerAvg2.contains(",")): null

2024-01-22 18:11:31 - [TEST_STEP][PASSED] - if (strSellerVol2.contains(" B")): null

2024-01-22 18:11:31 - [TEST_STEP][PASSED] - if (verifyElementNotPresent(findTestObject("Stockbit/Bandarmology_Buyer3"), 1, OPTIONAL)): null

2024-01-22 18:11:31 - [MESSAGE][PASSED] - Web element with id: 'Object Repository/Stockbit/Bandarmology_Buyer3' located by 'By.xpath: //*[contains(@id, 'rc-tabs-')]/div[2]/div/div/div/div/div/div[2]/table/tbody/tr[4]/td[1]/p' is not present after '1' second(s)

2024-01-22 18:11:31 - [TEST_STEP][PASSED] - strBuyer3 = "-": null

2024-01-22 18:11:31 - [TEST_STEP][PASSED] - strBuyerVol3 = "0": null

2024-01-22 18:11:31 - [TEST_STEP][PASSED] - strBuyerAvg3 = "0": null

2024-01-22 18:11:31 - [TEST_STEP][PASSED] - if (verifyElementNotPresent(findTestObject("Stockbit/Bandarmology_Seller3"), 1, OPTIONAL)): null

2024-01-22 18:11:31 - [MESSAGE][PASSED] - Web element with id: 'Object Repository/Stockbit/Bandarmology_Seller3' located by 'By.xpath: //*[contains(@id, 'rc-tabs-')]/div[2]/div/div/div/div/div/div[2]/table/tbody/tr[4]/td[5]/p' is not present after '1' second(s)

2024-01-22 18:11:31 - [TEST_STEP][PASSED] - strSeller3 = "-": null

2024-01-22 18:11:31 - [TEST_STEP][PASSED] - strSellerVol3 = "0": null

2024-01-22 18:11:31 - [TEST_STEP][PASSED] - strSellerAvg3 = "0": null

2024-01-22 18:11:31 - [TEST_STEP][PASSED] - strAccDist = getText(findTestObject("Stockbit/Bandarmology_AccDist")): Text of object 'Object Repository/Stockbit/Bandarmology_AccDist' is: 'Dist'

2024-01-22 18:11:31 - [MESSAGE][PASSED] - Text of object 'Object Repository/Stockbit/Bandarmology_AccDist' is: 'Dist'

2024-01-22 18:11:31 - [TEST_STEP][PASSED] - strNetVol = getText(findTestObject("Stockbit/Bandarmology_NetVol")): Text of object 'Object Repository/Stockbit/Bandarmology_NetVol' is: '2'

2024-01-22 18:11:31 - [MESSAGE][PASSED] - Text of object 'Object Repository/Stockbit/Bandarmology_NetVol' is: '2'

2024-01-22 18:11:31 - [TEST_STEP][PASSED] - strNetVol = strNetVol.replace(",", ""): null

2024-01-22 18:11:31 - [TEST_STEP][PASSED] - strNetVal = getText(findTestObject("Stockbit/Bandarmology_NetVal")): Text of object 'Object Repository/Stockbit/Bandarmology_NetVal' is: '0 B'

2024-01-22 18:11:32 - [MESSAGE][PASSED] - Text of object 'Object Repository/Stockbit/Bandarmology_NetVal' is: '0 B'

2024-01-22 18:11:32 - [TEST_STEP][PASSED] - delay(3): Delayed 3 second(s)

2024-01-22 18:11:35 - [MESSAGE][PASSED] - Delayed 3 second(s)

2024-01-22 18:11:35 - [TEST_STEP][PASSED] - strOpenPrice = getText(findTestObject("Stockbit/Home_OpenPrice")): Text of object 'Object Repository/Stockbit/Home_OpenPrice' is: '268'

2024-01-22 18:11:35 - [MESSAGE][PASSED] - Text of object 'Object Repository/Stockbit/Home_OpenPrice' is: '268'

2024-01-22 18:11:35 - [TEST_STEP][PASSED] - strOpenPrice = strOpenPrice.replace(",", ""): null

2024-01-22 18:11:35 - [TEST_STEP][PASSED] - strLowPrice = getText(findTestObject("Stockbit/Home_LowPrice")): Text of object 'Object Repository/Stockbit/Home_LowPrice' is: '264'

2024-01-22 18:11:35 - [MESSAGE][PASSED] - Text of object 'Object Repository/Stockbit/Home_LowPrice' is: '264'

2024-01-22 18:11:35 - [TEST_STEP][PASSED] - strLowPrice = strLowPrice.replace(",", ""): null

2024-01-22 18:11:35 - [TEST_STEP][PASSED] - strHighPrice = getText(findTestObject("Stockbit/Home_HighPrice")): Text of object 'Object Repository/Stockbit/Home_HighPrice' is: '268'

2024-01-22 18:11:35 - [MESSAGE][PASSED] - Text of object 'Object Repository/Stockbit/Home_HighPrice' is: '268'

2024-01-22 18:11:35 - [TEST_STEP][PASSED] - strHighPrice = strHighPrice.replace(",", ""): null

2024-01-22 18:11:35 - [TEST_STEP][PASSED] - strClosePrice = getText(findTestObject("Stockbit/Home_ClosePrice")): Text of object 'Object Repository/Stockbit/Home_ClosePrice' is: '268'

2024-01-22 18:11:35 - [MESSAGE][PASSED] - Text of object 'Object Repository/Stockbit/Home_ClosePrice' is: '268'

2024-01-22 18:11:35 - [TEST_STEP][PASSED] - strClosePrice = strClosePrice.replace(",", ""): null

2024-01-22 18:11:35 - [TEST_STEP][PASSED] - strVol = getText(findTestObject("Stockbit/Home_Volume")): Text of object 'Object Repository/Stockbit/Home_Volume' is: '20'

2024-01-22 18:11:35 - [MESSAGE][PASSED] - Text of object 'Object Repository/Stockbit/Home_Volume' is: '20'

2024-01-22 18:11:35 - [TEST_STEP][PASSED] - if (strVol.contains(" K")): null

2024-01-22 18:11:35 - [TEST_STEP][PASSED] - if (strVol.contains(",")): null

2024-01-22 18:11:35 - [TEST_STEP][PASSED] - strChange = getText(findTestObject("Stockbit/Home_Change")): Text of object 'Object Repository/Stockbit/Home_Change' is: '0.00%'

2024-01-22 18:11:35 - [MESSAGE][PASSED] - Text of object 'Object Repository/Stockbit/Home_Change' is: '0.00%'

2024-01-22 18:11:35 - [TEST_STEP][PASSED] - strChange = strChange.replace("%", ""): null

2024-01-22 18:11:35 - [TEST_STEP][PASSED] - strFreq = getText(findTestObject("Stockbit/Home_Freq")): Text of object 'Object Repository/Stockbit/Home_Freq' is: '5'

2024-01-22 18:11:35 - [MESSAGE][PASSED] - Text of object 'Object Repository/Stockbit/Home_Freq' is: '5'

2024-01-22 18:11:35 - [TEST_STEP][PASSED] - if (strFreq.contains(",")): null

2024-01-22 18:11:35 - [TEST_STEP][PASSED] - if (strFreq == "NA" || strFreq == ""): null

2024-01-22 18:11:35 - [TEST_STEP][PASSED] - else: null

2024-01-22 18:11:35 - [TEST_STEP][PASSED] - dblFreqAnal = strVol.toDouble() / strFreq.toDouble() * strFreq.toDouble() * strFreq.toDouble() * 100000000: null

2024-01-22 18:11:35 - [TEST_STEP][PASSED] - strFreqAnal = String.format("%.4f", dblFreqAnal): null

2024-01-22 18:11:35 - [TEST_STEP][PASSED] - out.println("Double strFreqAnal: " + strFreqAnal): null

2024-01-22 18:11:35 - [TEST_STEP][PASSED] - strTanggal = d.format(DateTimeFormatter.ofPattern("yyyy-MM-dd")): null

2024-01-22 18:11:35 - [TEST_STEP][PASSED] - strTanggal = "#" + strTanggal + "#": null

2024-01-22 18:11:35 - [TEST_STEP][PASSED] - strSQL = "select count(*) as JumBaris from TblBrokSum where Nama = '" + strNama + "' and Tanggal = " + strTanggal + "": null

2024-01-22 18:11:35 - [TEST_STEP][PASSED] - resultSet = statement.executeQuery(strSQL): null

2024-01-22 18:11:35 - [TEST_STEP][PASSED] - resultSet.next(): null

2024-01-22 18:11:35 - [TEST_STEP][PASSED] - intJumBaris = resultSet.getInt("JumBaris"): null

2024-01-22 18:11:35 - [TEST_STEP][PASSED] - if (intJumBaris > 0): null

2024-01-22 18:11:35 - [TEST_STEP][PASSED] - else: null

2024-01-22 18:11:35 - [TEST_STEP][PASSED] - try: null

2024-01-22 18:11:35 - [TEST_STEP][PASSED] - out.println("Insert data"): null

2024-01-22 18:11:35 - [TEST_STEP][PASSED] - strSQL = "insert into TblBrokSum (nama, tanggal, top1, top2, top3, AllBrokAvg, AccDist, AvgRP, " + "Buyer1, BuyerVal1, BuyerAvg1, Seller1, SellerVal1, SellerAvg1, Buyer2, BuyerVal2, BuyerAvg2, " + "Seller2, SellerVal2, SellerAvg2, Buyer3, BuyerVal3, BuyerAvg3, Seller3, SellerVal3, SellerAvg3, NetVol, NetVal, " + "OpenPrice, LowPrice, HighPrice, ClosePrice, Volume, Change, Frekuensi, FrekAnal) " + "values ('" + strNama + "', " + strTanggal + ", '" + strTop1 + "', '" + strTop3 + "', '" + strTop5 + "', " + "'" + strAllBrokAvg + "', '" + strAccDist + "', " + intAvgRP + ", '" + strBuyer1 + "', '" + strBuyerVol1 + "', " + strBuyerAvg1 + ", " + "'" + strSeller1 + "', '" + strSellerVol1 + "', " + strSellerAvg1 + ", '" + strBuyer2 + "', '" + strBuyerVol2 + "', " + strBuyerAvg2 + ", " + "'" + strSeller2 + "', '" + strSellerVol2 + "', " + strSellerAvg2 + ", '" + strBuyer3 + "', '" + strBuyerVol3 + "', " + strBuyerAvg3 + ", " + "'" + strSeller3 + "', '" + strSellerVol3 + "', " + strSellerAvg3 + ", " + strNetVol + ", '" + strNetVal + "', " + "" + strOpenPrice + ", " + strLowPrice + ", " + strHighPrice + ", " + strClosePrice + ", '" + strVol + "', " + strChange + ", " + strFreq + ", " + strFreqAnal + ");": null

2024-01-22 18:11:35 - [TEST_STEP][PASSED] - out.println("strSQL = " + strSQL): null

2024-01-22 18:11:35 - [TEST_STEP][PASSED] - statement.executeUpdate(strSQL): null

2024-01-22 18:11:35 - [TEST_STEP][PASSED] - setValueToCellByIndex(sheet01, rowIndex, 4, "DONE"): null

2024-01-22 18:11:35 - [TEST_STEP][PASSED] - saveWorkbook(excelFilePath, workbook01): null

2024-01-22 18:11:36 - [TEST_STEP][PASSED] - waitForElementClickable(findTestObject("Stockbit/menu_Bandarmology"), 10): Object 'Object Repository/Stockbit/menu_Bandarmology' is clickable

2024-01-22 18:11:36 - [MESSAGE][PASSED] - Object 'Object Repository/Stockbit/menu_Bandarmology' is clickable

2024-01-22 18:11:36 - [TEST_STEP][PASSED] - click(findTestObject("Stockbit/menu_Bandarmology")): Object: 'Object Repository/Stockbit/menu_Bandarmology' is clicked on

2024-01-22 18:11:36 - [MESSAGE][PASSED] - Object: 'Object Repository/Stockbit/menu_Bandarmology' is clicked on

2024-01-22 18:11:36 - [TEST_STEP][PASSED] - strTemp = "NA": null

2024-01-22 18:11:36 - [TEST_STEP][PASSED] - if (getCellValueByIndex(sheet01, rowIndex, 4) != "DONE"): Object: 'Object Repository/Stockbit/menu_Bandarmology' is clicked on

2024-01-22 18:11:36 - [TEST_STEP][PASSED] - strNama = getCellValueByIndex(sheet01, rowIndex, 0): null

2024-01-22 18:11:36 - [TEST_STEP][PASSED] - navigateToUrl("https://stockbit.com/#/symbol/" + strNama): Navigate to 'https://stockbit.com/#/symbol/INDX' successfully

2024-01-22 18:11:38 - [MESSAGE][PASSED] - Navigate to 'https://stockbit.com/#/symbol/INDX' successfully

2024-01-22 18:11:38 - [TEST_STEP][PASSED] - waitForElementClickable(findTestObject("Stockbit/menu_Bandarmology"), 10): Object 'Object Repository/Stockbit/menu_Bandarmology' is clickable

2024-01-22 18:11:39 - [MESSAGE][PASSED] - Object 'Object Repository/Stockbit/menu_Bandarmology' is clickable

2024-01-22 18:11:39 - [TEST_STEP][PASSED] - click(findTestObject("Stockbit/menu_Bandarmology")): Object: 'Object Repository/Stockbit/menu_Bandarmology' is clicked on

2024-01-22 18:11:39 - [MESSAGE][PASSED] - Object: 'Object Repository/Stockbit/menu_Bandarmology' is clicked on

2024-01-22 18:11:39 - [TEST_STEP][PASSED] - strTanggal = d.format(DateTimeFormatter.ofPattern("MMM dd, yyyy")): null

2024-01-22 18:11:39 - [TEST_STEP][PASSED] - strTanggal = d.format(ISO_DATE): null

2024-01-22 18:11:39 - [TEST_STEP][PASSED] - out.println("strTanggal = " + strTanggal): null

2024-01-22 18:11:39 - [TEST_STEP][PASSED] - out.println("strNama = " + strNama): null

2024-01-22 18:11:39 - [TEST_STEP][PASSED] - out.println("Baris ke = " + rowIndex): null

2024-01-22 18:11:39 - [TEST_STEP][PASSED] - click(findTestObject("Stockbit/input__BandarmologyOpenStartDate")): Object: 'Object Repository/Stockbit/input__BandarmologyOpenStartDate' is clicked on

2024-01-22 18:11:41 - [MESSAGE][PASSED] - Object: 'Object Repository/Stockbit/input__BandarmologyOpenStartDate' is clicked on

2024-01-22 18:11:41 - [TEST_STEP][PASSED] - sendKeys(findTestObject("Stockbit/input__BandarmologyOpenStartDate"), Keys.chord(CONTROL, "a")): Keys 'CONTROL + a' sent to object: 'Object Repository/Stockbit/input__BandarmologyOpenStartDate'

2024-01-22 18:11:41 - [MESSAGE][PASSED] - Keys 'CONTROL + a' sent to object: 'Object Repository/Stockbit/input__BandarmologyOpenStartDate'

2024-01-22 18:11:41 - [TEST_STEP][PASSED] - sendKeys(findTestObject("Stockbit/input__BandarmologyOpenStartDate"), Keys.chord(BACK_SPACE)): Keys 'BACK_SPACE + ' sent to object: 'Object Repository/Stockbit/input__BandarmologyOpenStartDate'

2024-01-22 18:11:42 - [MESSAGE][PASSED] - Keys 'BACK_SPACE + ' sent to object: 'Object Repository/Stockbit/input__BandarmologyOpenStartDate'

2024-01-22 18:11:42 - [TEST_STEP][PASSED] - setText(findTestObject("Stockbit/input__BandarmologyOpenStartDate"), strTanggal): Text '2024-01-22' is set on object 'Object Repository/Stockbit/input__BandarmologyOpenStartDate'

2024-01-22 18:11:42 - [MESSAGE][PASSED] - Text '2024-01-22' is set on object 'Object Repository/Stockbit/input__BandarmologyOpenStartDate'

2024-01-22 18:11:42 - [TEST_STEP][PASSED] - sendKeys(findTestObject("Stockbit/input__BandarmologyOpenStartDate"), Keys.chord(ENTER)): Keys 'ENTER + ' sent to object: 'Object Repository/Stockbit/input__BandarmologyOpenStartDate'

2024-01-22 18:11:43 - [MESSAGE][PASSED] - Keys 'ENTER + ' sent to object: 'Object Repository/Stockbit/input__BandarmologyOpenStartDate'

2024-01-22 18:11:43 - [TEST_STEP][PASSED] - click(findTestObject("Stockbit/input__BandarmologyOpenEndDate")): Object: 'Object Repository/Stockbit/input__BandarmologyOpenEndDate' is clicked on

2024-01-22 18:11:43 - [MESSAGE][PASSED] - Object: 'Object Repository/Stockbit/input__BandarmologyOpenEndDate' is clicked on

2024-01-22 18:11:43 - [TEST_STEP][PASSED] - sendKeys(findTestObject("Stockbit/input__BandarmologyOpenEndDate"), Keys.chord(CONTROL, "a")): Keys 'CONTROL + a' sent to object: 'Object Repository/Stockbit/input__BandarmologyOpenEndDate'

2024-01-22 18:11:44 - [MESSAGE][PASSED] - Keys 'CONTROL + a' sent to object: 'Object Repository/Stockbit/input__BandarmologyOpenEndDate'

2024-01-22 18:11:44 - [TEST_STEP][PASSED] - sendKeys(findTestObject("Stockbit/input__BandarmologyOpenEndDate"), Keys.chord(BACK_SPACE)): Keys 'BACK_SPACE + ' sent to object: 'Object Repository/Stockbit/input__BandarmologyOpenEndDate'

2024-01-22 18:11:44 - [MESSAGE][PASSED] - Keys 'BACK_SPACE + ' sent to object: 'Object Repository/Stockbit/input__BandarmologyOpenEndDate'

2024-01-22 18:11:44 - [TEST_STEP][PASSED] - setText(findTestObject("Stockbit/input__BandarmologyOpenEndDate"), strTanggal): Text '2024-01-22' is set on object 'Object Repository/Stockbit/input__BandarmologyOpenEndDate'

2024-01-22 18:11:45 - [MESSAGE][PASSED] - Text '2024-01-22' is set on object 'Object Repository/Stockbit/input__BandarmologyOpenEndDate'

2024-01-22 18:11:45 - [TEST_STEP][PASSED] - sendKeys(findTestObject("Stockbit/input__BandarmologyOpenEndDate"), Keys.chord(ENTER)): Keys 'ENTER + ' sent to object: 'Object Repository/Stockbit/input__BandarmologyOpenEndDate'

2024-01-22 18:11:45 - [MESSAGE][PASSED] - Keys 'ENTER + ' sent to object: 'Object Repository/Stockbit/input__BandarmologyOpenEndDate'

2024-01-22 18:11:45 - [TEST_STEP][PASSED] - delay(2): Delayed 2 second(s)

2024-01-22 18:11:47 - [MESSAGE][PASSED] - Delayed 2 second(s)

2024-01-22 18:11:47 - [TEST_STEP][PASSED] - strTemp = getText(findTestObject("Stockbit/Bandarmology_AvgRP")): Text of object 'Object Repository/Stockbit/Bandarmology_AvgRP' is: '118'

2024-01-22 18:11:47 - [MESSAGE][PASSED] - Text of object 'Object Repository/Stockbit/Bandarmology_AvgRP' is: '118'

2024-01-22 18:11:47 - [TEST_STEP][PASSED] - out.println("Bandarmology_AvgRP = " + strTemp): null

2024-01-22 18:11:47 - [TEST_STEP][PASSED] - if (strTemp != "0"): null

2024-01-22 18:11:47 - [TEST_STEP][PASSED] - strTop1 = getText(findTestObject("Stockbit/Bandarmology_Top1")): Text of object 'Object Repository/Stockbit/Bandarmology_Top1' is: 'Normal Acc'

2024-01-22 18:11:47 - [MESSAGE][PASSED] - Text of object 'Object Repository/Stockbit/Bandarmology_Top1' is: 'Normal Acc'

2024-01-22 18:11:47 - [TEST_STEP][PASSED] - strTop3 = getText(findTestObject("Stockbit/Bandarmology_Top3")): Text of object 'Object Repository/Stockbit/Bandarmology_Top3' is: 'Normal Acc'

2024-01-22 18:11:47 - [MESSAGE][PASSED] - Text of object 'Object Repository/Stockbit/Bandarmology_Top3' is: 'Normal Acc'

2024-01-22 18:11:47 - [TEST_STEP][PASSED] - strTop5 = getText(findTestObject("Stockbit/Bandarmology_Top5")): Text of object 'Object Repository/Stockbit/Bandarmology_Top5' is: 'Neutral'

2024-01-22 18:11:48 - [MESSAGE][PASSED] - Text of object 'Object Repository/Stockbit/Bandarmology_Top5' is: 'Neutral'

2024-01-22 18:11:48 - [TEST_STEP][PASSED] - strAllBrokAvg = getText(findTestObject("Stockbit/Bandarmology_TopAVG")): Text of object 'Object Repository/Stockbit/Bandarmology_TopAVG' is: 'Small Acc'

2024-01-22 18:11:48 - [MESSAGE][PASSED] - Text of object 'Object Repository/Stockbit/Bandarmology_TopAVG' is: 'Small Acc'

2024-01-22 18:11:48 - [TEST_STEP][PASSED] - strTemp = getText(findTestObject("Stockbit/Bandarmology_AvgRP")): Text of object 'Object Repository/Stockbit/Bandarmology_AvgRP' is: '118'

2024-01-22 18:11:48 - [MESSAGE][PASSED] - Text of object 'Object Repository/Stockbit/Bandarmology_AvgRP' is: '118'

2024-01-22 18:11:48 - [TEST_STEP][PASSED] - if (strTemp.contains(",")): null

2024-01-22 18:11:48 - [TEST_STEP][PASSED] - intAvgRP = strTemp.toInteger(): null

2024-01-22 18:11:48 - [TEST_STEP][PASSED] - strBuyer1 = getText(findTestObject("Stockbit/Bandarmology_Buyer1")): Text of object 'Object Repository/Stockbit/Bandarmology_Buyer1' is: 'XC'

2024-01-22 18:11:48 - [MESSAGE][PASSED] - Text of object 'Object Repository/Stockbit/Bandarmology_Buyer1' is: 'XC'

2024-01-22 18:11:48 - [TEST_STEP][PASSED] - strBuyerVol1 = getText(findTestObject("Stockbit/Bandarmology_BuyerVol1")): Text of object 'Object Repository/Stockbit/Bandarmology_BuyerVol1' is: '1.5 K'

2024-01-22 18:11:48 - [MESSAGE][PASSED] - Text of object 'Object Repository/Stockbit/Bandarmology_BuyerVol1' is: '1.5 K'

2024-01-22 18:11:48 - [TEST_STEP][PASSED] - strBuyerAvg1 = getText(findTestObject("Stockbit/Bandarmology_BuyerAvg1")): Text of object 'Object Repository/Stockbit/Bandarmology_BuyerAvg1' is: '118'

2024-01-22 18:11:48 - [MESSAGE][PASSED] - Text of object 'Object Repository/Stockbit/Bandarmology_BuyerAvg1' is: '118'

2024-01-22 18:11:48 - [TEST_STEP][PASSED] - if (strBuyerAvg1.contains(",")): null

2024-01-22 18:11:48 - [TEST_STEP][PASSED] - if (strBuyerVol1.contains(" B")): null

2024-01-22 18:11:48 - [TEST_STEP][PASSED] - else if (strBuyerVol1.contains(" M")): null

2024-01-22 18:11:48 - [TEST_STEP][PASSED] - else if (strBuyerVol1.contains(" K")): null

2024-01-22 18:11:48 - [TEST_STEP][PASSED] - strBuyerVol1 = strBuyerVol1.replace(" K", ""): null

2024-01-22 18:11:48 - [TEST_STEP][PASSED] - strBuyerVol1 = strBuyerVol1.toDouble() * 1000: null

2024-01-22 18:11:48 - [TEST_STEP][PASSED] - strSeller1 = getText(findTestObject("Stockbit/Bandarmology_Seller1")): Text of object 'Object Repository/Stockbit/Bandarmology_Seller1' is: 'KK'

2024-01-22 18:11:48 - [MESSAGE][PASSED] - Text of object 'Object Repository/Stockbit/Bandarmology_Seller1' is: 'KK'

2024-01-22 18:11:48 - [TEST_STEP][PASSED] - strSellerVol1 = getText(findTestObject("Stockbit/Bandarmology_SellerVol1")): Text of object 'Object Repository/Stockbit/Bandarmology_SellerVol1' is: '926'

2024-01-22 18:11:49 - [MESSAGE][PASSED] - Text of object 'Object Repository/Stockbit/Bandarmology_SellerVol1' is: '926'

2024-01-22 18:11:49 - [TEST_STEP][PASSED] - strSellerAvg1 = getText(findTestObject("Stockbit/Bandarmology_SellerAvg1")): Text of object 'Object Repository/Stockbit/Bandarmology_SellerAvg1' is: '118'

2024-01-22 18:11:49 - [MESSAGE][PASSED] - Text of object 'Object Repository/Stockbit/Bandarmology_SellerAvg1' is: '118'

2024-01-22 18:11:49 - [TEST_STEP][PASSED] - if (strSellerAvg1.contains(",")): null

2024-01-22 18:11:49 - [TEST_STEP][PASSED] - if (strSellerVol1.contains(" B")): null

2024-01-22 18:11:49 - [TEST_STEP][PASSED] - if (verifyElementNotPresent(findTestObject("Stockbit/Bandarmology_Buyer2"), 1, OPTIONAL)): Web element with id: 'Object Repository/Stockbit/Bandarmology_Buyer2' located by 'By.xpath: //*[contains(@id, 'rc-tabs-')]/div[2]/div/div/div/div/div/div[2]/table/tbody/tr[3]/td[1]/p' is present after '1' second(s) (Root cause: com.kms.katalon.core.exception.StepFailedException: Web element with id: 'Object Repository/Stockbit/Bandarmology_Buyer2' located by 'By.xpath: //*[contains(@id, 'rc-tabs-')]/div[2]/div/div/div/div/div/div[2]/table/tbody/tr[3]/td[1]/p' is present after '1' second(s)
	at com.kms.katalon.core.webui.keyword.internal.WebUIKeywordMain.stepFailed(WebUIKeywordMain.groovy:64)
	at com.kms.katalon.core.webui.keyword.internal.WebUIKeywordMain$stepFailed$0.call(Unknown Source)
	at com.kms.katalon.core.webui.keyword.builtin.VerifyElementNotPresentKeyword$_verifyElementNotPresent_closure1.doCall(VerifyElementNotPresentKeyword.groovy:106)
	at com.kms.katalon.core.webui.keyword.builtin.VerifyElementNotPresentKeyword$_verifyElementNotPresent_closure1.doCall(VerifyElementNotPresentKeyword.groovy)
	at com.kms.katalon.core.webui.keyword.internal.WebUIKeywordMain.runKeyword(WebUIKeywordMain.groovy:20)
	at com.kms.katalon.core.webui.keyword.internal.WebUIKeywordMain$runKeyword.call(Unknown Source)
	at com.kms.katalon.core.webui.keyword.builtin.VerifyElementNotPresentKeyword.verifyElementNotPresent(VerifyElementNotPresentKeyword.groovy:117)
	at com.kms.katalon.core.webui.keyword.builtin.VerifyElementNotPresentKeyword.execute(VerifyElementNotPresentKeyword.groovy:68)
	at com.kms.katalon.core.keyword.internal.KeywordExecutor.executeKeywordForPlatform(KeywordExecutor.groovy:74)
	at com.kms.katalon.core.webui.keyword.WebUiBuiltInKeywords.verifyElementNotPresent(WebUiBuiltInKeywords.groovy:1481)
	at com.kms.katalon.core.webui.keyword.WebUiBuiltInKeywords$verifyElementNotPresent$8.call(Unknown Source)
	at GetBrokSumPriceDaily.run(GetBrokSumPriceDaily:258)
	at com.kms.katalon.core.main.ScriptEngine.run(ScriptEngine.java:194)
	at com.kms.katalon.core.main.ScriptEngine.runScriptAsRawText(ScriptEngine.java:119)
	at com.kms.katalon.core.main.TestCaseExecutor.runScript(TestCaseExecutor.java:445)
	at com.kms.katalon.core.main.TestCaseExecutor.doExecute(TestCaseExecutor.java:436)
	at com.kms.katalon.core.main.TestCaseExecutor.processExecutionPhase(TestCaseExecutor.java:415)
	at com.kms.katalon.core.main.TestCaseExecutor.accessMainPhase(TestCaseExecutor.java:407)
	at com.kms.katalon.core.main.TestCaseExecutor.execute(TestCaseExecutor.java:284)
	at com.kms.katalon.core.common.CommonExecutor.accessTestCaseMainPhase(CommonExecutor.java:65)
	at com.kms.katalon.core.main.TestSuiteExecutor.accessTestSuiteMainPhase(TestSuiteExecutor.java:144)
	at com.kms.katalon.core.main.TestSuiteExecutor.execute(TestSuiteExecutor.java:106)
	at com.kms.katalon.core.main.TestCaseMain.startTestSuite(TestCaseMain.java:185)
	at com.kms.katalon.core.main.TestCaseMain$startTestSuite$0.call(Unknown Source)
	at TempTestSuite1705920083951.run(TempTestSuite1705920083951.groovy:36)
)

2024-01-22 18:11:50 - [MESSAGE][WARNING] - Web element with id: 'Object Repository/Stockbit/Bandarmology_Buyer2' located by 'By.xpath: //*[contains(@id, 'rc-tabs-')]/div[2]/div/div/div/div/div/div[2]/table/tbody/tr[3]/td[1]/p' is present after '1' second(s) (Root cause: com.kms.katalon.core.exception.StepFailedException: Web element with id: 'Object Repository/Stockbit/Bandarmology_Buyer2' located by 'By.xpath: //*[contains(@id, 'rc-tabs-')]/div[2]/div/div/div/div/div/div[2]/table/tbody/tr[3]/td[1]/p' is present after '1' second(s)
	at com.kms.katalon.core.webui.keyword.internal.WebUIKeywordMain.stepFailed(WebUIKeywordMain.groovy:64)
	at com.kms.katalon.core.webui.keyword.internal.WebUIKeywordMain$stepFailed$0.call(Unknown Source)
	at com.kms.katalon.core.webui.keyword.builtin.VerifyElementNotPresentKeyword$_verifyElementNotPresent_closure1.doCall(VerifyElementNotPresentKeyword.groovy:106)
	at com.kms.katalon.core.webui.keyword.builtin.VerifyElementNotPresentKeyword$_verifyElementNotPresent_closure1.doCall(VerifyElementNotPresentKeyword.groovy)
	at com.kms.katalon.core.webui.keyword.internal.WebUIKeywordMain.runKeyword(WebUIKeywordMain.groovy:20)
	at com.kms.katalon.core.webui.keyword.internal.WebUIKeywordMain$runKeyword.call(Unknown Source)
	at com.kms.katalon.core.webui.keyword.builtin.VerifyElementNotPresentKeyword.verifyElementNotPresent(VerifyElementNotPresentKeyword.groovy:117)
	at com.kms.katalon.core.webui.keyword.builtin.VerifyElementNotPresentKeyword.execute(VerifyElementNotPresentKeyword.groovy:68)
	at com.kms.katalon.core.keyword.internal.KeywordExecutor.executeKeywordForPlatform(KeywordExecutor.groovy:74)
	at com.kms.katalon.core.webui.keyword.WebUiBuiltInKeywords.verifyElementNotPresent(WebUiBuiltInKeywords.groovy:1481)
	at com.kms.katalon.core.webui.keyword.WebUiBuiltInKeywords$verifyElementNotPresent$8.call(Unknown Source)
	at GetBrokSumPriceDaily.run(GetBrokSumPriceDaily:258)
	at com.kms.katalon.core.main.ScriptEngine.run(ScriptEngine.java:194)
	at com.kms.katalon.core.main.ScriptEngine.runScriptAsRawText(ScriptEngine.java:119)
	at com.kms.katalon.core.main.TestCaseExecutor.runScript(TestCaseExecutor.java:445)
	at com.kms.katalon.core.main.TestCaseExecutor.doExecute(TestCaseExecutor.java:436)
	at com.kms.katalon.core.main.TestCaseExecutor.processExecutionPhase(TestCaseExecutor.java:415)
	at com.kms.katalon.core.main.TestCaseExecutor.accessMainPhase(TestCaseExecutor.java:407)
	at com.kms.katalon.core.main.TestCaseExecutor.execute(TestCaseExecutor.java:284)
	at com.kms.katalon.core.common.CommonExecutor.accessTestCaseMainPhase(CommonExecutor.java:65)
	at com.kms.katalon.core.main.TestSuiteExecutor.accessTestSuiteMainPhase(TestSuiteExecutor.java:144)
	at com.kms.katalon.core.main.TestSuiteExecutor.execute(TestSuiteExecutor.java:106)
	at com.kms.katalon.core.main.TestCaseMain.startTestSuite(TestCaseMain.java:185)
	at com.kms.katalon.core.main.TestCaseMain$startTestSuite$0.call(Unknown Source)
	at TempTestSuite1705920083951.run(TempTestSuite1705920083951.groovy:36)
)
[[ATTACHMENT|C:\\Users\\Fadli\\git\\KatalonDailyGetData2\\Reports\\20240122_174123\\TS1\\20240122_174123\\1705921910273.png]]

2024-01-22 18:11:50 - [TEST_STEP][PASSED] - else: null

2024-01-22 18:11:50 - [TEST_STEP][PASSED] - strBuyer2 = getText(findTestObject("Stockbit/Bandarmology_Buyer2")): Text of object 'Object Repository/Stockbit/Bandarmology_Buyer2' is: 'GR'

2024-01-22 18:11:50 - [MESSAGE][PASSED] - Text of object 'Object Repository/Stockbit/Bandarmology_Buyer2' is: 'GR'

2024-01-22 18:11:50 - [TEST_STEP][PASSED] - strBuyerVol2 = getText(findTestObject("Stockbit/Bandarmology_BuyerVol2")): Text of object 'Object Repository/Stockbit/Bandarmology_BuyerVol2' is: '600'

2024-01-22 18:11:50 - [MESSAGE][PASSED] - Text of object 'Object Repository/Stockbit/Bandarmology_BuyerVol2' is: '600'

2024-01-22 18:11:50 - [TEST_STEP][PASSED] - strBuyerAvg2 = getText(findTestObject("Stockbit/Bandarmology_BuyerAvg2")): Text of object 'Object Repository/Stockbit/Bandarmology_BuyerAvg2' is: '118'

2024-01-22 18:11:50 - [MESSAGE][PASSED] - Text of object 'Object Repository/Stockbit/Bandarmology_BuyerAvg2' is: '118'

2024-01-22 18:11:50 - [TEST_STEP][PASSED] - if (strBuyer2 != ""): null

2024-01-22 18:11:50 - [TEST_STEP][PASSED] - if (strBuyerAvg2.contains(",")): null

2024-01-22 18:11:50 - [TEST_STEP][PASSED] - if (strBuyerVol2.contains(" B")): null

2024-01-22 18:11:50 - [TEST_STEP][PASSED] - if (strBuyerVol2.contains(".")): null

2024-01-22 18:11:50 - [TEST_STEP][PASSED] - if (verifyElementNotPresent(findTestObject("Stockbit/Bandarmology_Seller2"), 1, OPTIONAL)): Web element with id: 'Object Repository/Stockbit/Bandarmology_Seller2' located by 'By.xpath: //*[contains(@id, 'rc-tabs-')]/div[2]/div/div/div/div/div/div[2]/table/tbody/tr[3]/td[5]/p' is present after '1' second(s) (Root cause: com.kms.katalon.core.exception.StepFailedException: Web element with id: 'Object Repository/Stockbit/Bandarmology_Seller2' located by 'By.xpath: //*[contains(@id, 'rc-tabs-')]/div[2]/div/div/div/div/div/div[2]/table/tbody/tr[3]/td[5]/p' is present after '1' second(s)
	at com.kms.katalon.core.webui.keyword.internal.WebUIKeywordMain.stepFailed(WebUIKeywordMain.groovy:64)
	at com.kms.katalon.core.webui.keyword.internal.WebUIKeywordMain$stepFailed$0.call(Unknown Source)
	at com.kms.katalon.core.webui.keyword.builtin.VerifyElementNotPresentKeyword$_verifyElementNotPresent_closure1.doCall(VerifyElementNotPresentKeyword.groovy:106)
	at com.kms.katalon.core.webui.keyword.builtin.VerifyElementNotPresentKeyword$_verifyElementNotPresent_closure1.doCall(VerifyElementNotPresentKeyword.groovy)
	at com.kms.katalon.core.webui.keyword.internal.WebUIKeywordMain.runKeyword(WebUIKeywordMain.groovy:20)
	at com.kms.katalon.core.webui.keyword.internal.WebUIKeywordMain$runKeyword.call(Unknown Source)
	at com.kms.katalon.core.webui.keyword.builtin.VerifyElementNotPresentKeyword.verifyElementNotPresent(VerifyElementNotPresentKeyword.groovy:117)
	at com.kms.katalon.core.webui.keyword.builtin.VerifyElementNotPresentKeyword.execute(VerifyElementNotPresentKeyword.groovy:68)
	at com.kms.katalon.core.keyword.internal.KeywordExecutor.executeKeywordForPlatform(KeywordExecutor.groovy:74)
	at com.kms.katalon.core.webui.keyword.WebUiBuiltInKeywords.verifyElementNotPresent(WebUiBuiltInKeywords.groovy:1481)
	at com.kms.katalon.core.webui.keyword.WebUiBuiltInKeywords$verifyElementNotPresent$8.call(Unknown Source)
	at GetBrokSumPriceDaily.run(GetBrokSumPriceDaily:309)
	at com.kms.katalon.core.main.ScriptEngine.run(ScriptEngine.java:194)
	at com.kms.katalon.core.main.ScriptEngine.runScriptAsRawText(ScriptEngine.java:119)
	at com.kms.katalon.core.main.TestCaseExecutor.runScript(TestCaseExecutor.java:445)
	at com.kms.katalon.core.main.TestCaseExecutor.doExecute(TestCaseExecutor.java:436)
	at com.kms.katalon.core.main.TestCaseExecutor.processExecutionPhase(TestCaseExecutor.java:415)
	at com.kms.katalon.core.main.TestCaseExecutor.accessMainPhase(TestCaseExecutor.java:407)
	at com.kms.katalon.core.main.TestCaseExecutor.execute(TestCaseExecutor.java:284)
	at com.kms.katalon.core.common.CommonExecutor.accessTestCaseMainPhase(CommonExecutor.java:65)
	at com.kms.katalon.core.main.TestSuiteExecutor.accessTestSuiteMainPhase(TestSuiteExecutor.java:144)
	at com.kms.katalon.core.main.TestSuiteExecutor.execute(TestSuiteExecutor.java:106)
	at com.kms.katalon.core.main.TestCaseMain.startTestSuite(TestCaseMain.java:185)
	at com.kms.katalon.core.main.TestCaseMain$startTestSuite$0.call(Unknown Source)
	at TempTestSuite1705920083951.run(TempTestSuite1705920083951.groovy:36)
)

2024-01-22 18:11:52 - [MESSAGE][WARNING] - Web element with id: 'Object Repository/Stockbit/Bandarmology_Seller2' located by 'By.xpath: //*[contains(@id, 'rc-tabs-')]/div[2]/div/div/div/div/div/div[2]/table/tbody/tr[3]/td[5]/p' is present after '1' second(s) (Root cause: com.kms.katalon.core.exception.StepFailedException: Web element with id: 'Object Repository/Stockbit/Bandarmology_Seller2' located by 'By.xpath: //*[contains(@id, 'rc-tabs-')]/div[2]/div/div/div/div/div/div[2]/table/tbody/tr[3]/td[5]/p' is present after '1' second(s)
	at com.kms.katalon.core.webui.keyword.internal.WebUIKeywordMain.stepFailed(WebUIKeywordMain.groovy:64)
	at com.kms.katalon.core.webui.keyword.internal.WebUIKeywordMain$stepFailed$0.call(Unknown Source)
	at com.kms.katalon.core.webui.keyword.builtin.VerifyElementNotPresentKeyword$_verifyElementNotPresent_closure1.doCall(VerifyElementNotPresentKeyword.groovy:106)
	at com.kms.katalon.core.webui.keyword.builtin.VerifyElementNotPresentKeyword$_verifyElementNotPresent_closure1.doCall(VerifyElementNotPresentKeyword.groovy)
	at com.kms.katalon.core.webui.keyword.internal.WebUIKeywordMain.runKeyword(WebUIKeywordMain.groovy:20)
	at com.kms.katalon.core.webui.keyword.internal.WebUIKeywordMain$runKeyword.call(Unknown Source)
	at com.kms.katalon.core.webui.keyword.builtin.VerifyElementNotPresentKeyword.verifyElementNotPresent(VerifyElementNotPresentKeyword.groovy:117)
	at com.kms.katalon.core.webui.keyword.builtin.VerifyElementNotPresentKeyword.execute(VerifyElementNotPresentKeyword.groovy:68)
	at com.kms.katalon.core.keyword.internal.KeywordExecutor.executeKeywordForPlatform(KeywordExecutor.groovy:74)
	at com.kms.katalon.core.webui.keyword.WebUiBuiltInKeywords.verifyElementNotPresent(WebUiBuiltInKeywords.groovy:1481)
	at com.kms.katalon.core.webui.keyword.WebUiBuiltInKeywords$verifyElementNotPresent$8.call(Unknown Source)
	at GetBrokSumPriceDaily.run(GetBrokSumPriceDaily:309)
	at com.kms.katalon.core.main.ScriptEngine.run(ScriptEngine.java:194)
	at com.kms.katalon.core.main.ScriptEngine.runScriptAsRawText(ScriptEngine.java:119)
	at com.kms.katalon.core.main.TestCaseExecutor.runScript(TestCaseExecutor.java:445)
	at com.kms.katalon.core.main.TestCaseExecutor.doExecute(TestCaseExecutor.java:436)
	at com.kms.katalon.core.main.TestCaseExecutor.processExecutionPhase(TestCaseExecutor.java:415)
	at com.kms.katalon.core.main.TestCaseExecutor.accessMainPhase(TestCaseExecutor.java:407)
	at com.kms.katalon.core.main.TestCaseExecutor.execute(TestCaseExecutor.java:284)
	at com.kms.katalon.core.common.CommonExecutor.accessTestCaseMainPhase(CommonExecutor.java:65)
	at com.kms.katalon.core.main.TestSuiteExecutor.accessTestSuiteMainPhase(TestSuiteExecutor.java:144)
	at com.kms.katalon.core.main.TestSuiteExecutor.execute(TestSuiteExecutor.java:106)
	at com.kms.katalon.core.main.TestCaseMain.startTestSuite(TestCaseMain.java:185)
	at com.kms.katalon.core.main.TestCaseMain$startTestSuite$0.call(Unknown Source)
	at TempTestSuite1705920083951.run(TempTestSuite1705920083951.groovy:36)
)
[[ATTACHMENT|C:\\Users\\Fadli\\git\\KatalonDailyGetData2\\Reports\\20240122_174123\\TS1\\20240122_174123\\1705921911988.png]]

2024-01-22 18:11:52 - [TEST_STEP][PASSED] - else: null

2024-01-22 18:11:52 - [TEST_STEP][PASSED] - strSeller2 = getText(findTestObject("Stockbit/Bandarmology_Seller2")): Text of object 'Object Repository/Stockbit/Bandarmology_Seller2' is: 'EP'

2024-01-22 18:11:52 - [MESSAGE][PASSED] - Text of object 'Object Repository/Stockbit/Bandarmology_Seller2' is: 'EP'

2024-01-22 18:11:52 - [TEST_STEP][PASSED] - strSellerVol2 = getText(findTestObject("Stockbit/Bandarmology_SellerVol2")): Text of object 'Object Repository/Stockbit/Bandarmology_SellerVol2' is: '746'

2024-01-22 18:11:52 - [MESSAGE][PASSED] - Text of object 'Object Repository/Stockbit/Bandarmology_SellerVol2' is: '746'

2024-01-22 18:11:52 - [TEST_STEP][PASSED] - strSellerAvg2 = getText(findTestObject("Stockbit/Bandarmology_SellerAvg2")): Text of object 'Object Repository/Stockbit/Bandarmology_SellerAvg2' is: '118'

2024-01-22 18:11:52 - [MESSAGE][PASSED] - Text of object 'Object Repository/Stockbit/Bandarmology_SellerAvg2' is: '118'

2024-01-22 18:11:52 - [TEST_STEP][PASSED] - if (strSeller2 != ""): null

2024-01-22 18:11:52 - [TEST_STEP][PASSED] - if (strSellerAvg2.contains(",")): null

2024-01-22 18:11:52 - [TEST_STEP][PASSED] - if (strSellerVol2.contains(" B")): null

2024-01-22 18:11:52 - [TEST_STEP][PASSED] - if (verifyElementNotPresent(findTestObject("Stockbit/Bandarmology_Buyer3"), 1, OPTIONAL)): Web element with id: 'Object Repository/Stockbit/Bandarmology_Buyer3' located by 'By.xpath: //*[contains(@id, 'rc-tabs-')]/div[2]/div/div/div/div/div/div[2]/table/tbody/tr[4]/td[1]/p' is present after '1' second(s) (Root cause: com.kms.katalon.core.exception.StepFailedException: Web element with id: 'Object Repository/Stockbit/Bandarmology_Buyer3' located by 'By.xpath: //*[contains(@id, 'rc-tabs-')]/div[2]/div/div/div/div/div/div[2]/table/tbody/tr[4]/td[1]/p' is present after '1' second(s)
	at com.kms.katalon.core.webui.keyword.internal.WebUIKeywordMain.stepFailed(WebUIKeywordMain.groovy:64)
	at com.kms.katalon.core.webui.keyword.internal.WebUIKeywordMain$stepFailed$0.call(Unknown Source)
	at com.kms.katalon.core.webui.keyword.builtin.VerifyElementNotPresentKeyword$_verifyElementNotPresent_closure1.doCall(VerifyElementNotPresentKeyword.groovy:106)
	at com.kms.katalon.core.webui.keyword.builtin.VerifyElementNotPresentKeyword$_verifyElementNotPresent_closure1.doCall(VerifyElementNotPresentKeyword.groovy)
	at com.kms.katalon.core.webui.keyword.internal.WebUIKeywordMain.runKeyword(WebUIKeywordMain.groovy:20)
	at com.kms.katalon.core.webui.keyword.internal.WebUIKeywordMain$runKeyword.call(Unknown Source)
	at com.kms.katalon.core.webui.keyword.builtin.VerifyElementNotPresentKeyword.verifyElementNotPresent(VerifyElementNotPresentKeyword.groovy:117)
	at com.kms.katalon.core.webui.keyword.builtin.VerifyElementNotPresentKeyword.execute(VerifyElementNotPresentKeyword.groovy:68)
	at com.kms.katalon.core.keyword.internal.KeywordExecutor.executeKeywordForPlatform(KeywordExecutor.groovy:74)
	at com.kms.katalon.core.webui.keyword.WebUiBuiltInKeywords.verifyElementNotPresent(WebUiBuiltInKeywords.groovy:1481)
	at com.kms.katalon.core.webui.keyword.WebUiBuiltInKeywords$verifyElementNotPresent$8.call(Unknown Source)
	at GetBrokSumPriceDaily.run(GetBrokSumPriceDaily:361)
	at com.kms.katalon.core.main.ScriptEngine.run(ScriptEngine.java:194)
	at com.kms.katalon.core.main.ScriptEngine.runScriptAsRawText(ScriptEngine.java:119)
	at com.kms.katalon.core.main.TestCaseExecutor.runScript(TestCaseExecutor.java:445)
	at com.kms.katalon.core.main.TestCaseExecutor.doExecute(TestCaseExecutor.java:436)
	at com.kms.katalon.core.main.TestCaseExecutor.processExecutionPhase(TestCaseExecutor.java:415)
	at com.kms.katalon.core.main.TestCaseExecutor.accessMainPhase(TestCaseExecutor.java:407)
	at com.kms.katalon.core.main.TestCaseExecutor.execute(TestCaseExecutor.java:284)
	at com.kms.katalon.core.common.CommonExecutor.accessTestCaseMainPhase(CommonExecutor.java:65)
	at com.kms.katalon.core.main.TestSuiteExecutor.accessTestSuiteMainPhase(TestSuiteExecutor.java:144)
	at com.kms.katalon.core.main.TestSuiteExecutor.execute(TestSuiteExecutor.java:106)
	at com.kms.katalon.core.main.TestCaseMain.startTestSuite(TestCaseMain.java:185)
	at com.kms.katalon.core.main.TestCaseMain$startTestSuite$0.call(Unknown Source)
	at TempTestSuite1705920083951.run(TempTestSuite1705920083951.groovy:36)
)

2024-01-22 18:11:53 - [MESSAGE][WARNING] - Web element with id: 'Object Repository/Stockbit/Bandarmology_Buyer3' located by 'By.xpath: //*[contains(@id, 'rc-tabs-')]/div[2]/div/div/div/div/div/div[2]/table/tbody/tr[4]/td[1]/p' is present after '1' second(s) (Root cause: com.kms.katalon.core.exception.StepFailedException: Web element with id: 'Object Repository/Stockbit/Bandarmology_Buyer3' located by 'By.xpath: //*[contains(@id, 'rc-tabs-')]/div[2]/div/div/div/div/div/div[2]/table/tbody/tr[4]/td[1]/p' is present after '1' second(s)
	at com.kms.katalon.core.webui.keyword.internal.WebUIKeywordMain.stepFailed(WebUIKeywordMain.groovy:64)
	at com.kms.katalon.core.webui.keyword.internal.WebUIKeywordMain$stepFailed$0.call(Unknown Source)
	at com.kms.katalon.core.webui.keyword.builtin.VerifyElementNotPresentKeyword$_verifyElementNotPresent_closure1.doCall(VerifyElementNotPresentKeyword.groovy:106)
	at com.kms.katalon.core.webui.keyword.builtin.VerifyElementNotPresentKeyword$_verifyElementNotPresent_closure1.doCall(VerifyElementNotPresentKeyword.groovy)
	at com.kms.katalon.core.webui.keyword.internal.WebUIKeywordMain.runKeyword(WebUIKeywordMain.groovy:20)
	at com.kms.katalon.core.webui.keyword.internal.WebUIKeywordMain$runKeyword.call(Unknown Source)
	at com.kms.katalon.core.webui.keyword.builtin.VerifyElementNotPresentKeyword.verifyElementNotPresent(VerifyElementNotPresentKeyword.groovy:117)
	at com.kms.katalon.core.webui.keyword.builtin.VerifyElementNotPresentKeyword.execute(VerifyElementNotPresentKeyword.groovy:68)
	at com.kms.katalon.core.keyword.internal.KeywordExecutor.executeKeywordForPlatform(KeywordExecutor.groovy:74)
	at com.kms.katalon.core.webui.keyword.WebUiBuiltInKeywords.verifyElementNotPresent(WebUiBuiltInKeywords.groovy:1481)
	at com.kms.katalon.core.webui.keyword.WebUiBuiltInKeywords$verifyElementNotPresent$8.call(Unknown Source)
	at GetBrokSumPriceDaily.run(GetBrokSumPriceDaily:361)
	at com.kms.katalon.core.main.ScriptEngine.run(ScriptEngine.java:194)
	at com.kms.katalon.core.main.ScriptEngine.runScriptAsRawText(ScriptEngine.java:119)
	at com.kms.katalon.core.main.TestCaseExecutor.runScript(TestCaseExecutor.java:445)
	at com.kms.katalon.core.main.TestCaseExecutor.doExecute(TestCaseExecutor.java:436)
	at com.kms.katalon.core.main.TestCaseExecutor.processExecutionPhase(TestCaseExecutor.java:415)
	at com.kms.katalon.core.main.TestCaseExecutor.accessMainPhase(TestCaseExecutor.java:407)
	at com.kms.katalon.core.main.TestCaseExecutor.execute(TestCaseExecutor.java:284)
	at com.kms.katalon.core.common.CommonExecutor.accessTestCaseMainPhase(CommonExecutor.java:65)
	at com.kms.katalon.core.main.TestSuiteExecutor.accessTestSuiteMainPhase(TestSuiteExecutor.java:144)
	at com.kms.katalon.core.main.TestSuiteExecutor.execute(TestSuiteExecutor.java:106)
	at com.kms.katalon.core.main.TestCaseMain.startTestSuite(TestCaseMain.java:185)
	at com.kms.katalon.core.main.TestCaseMain$startTestSuite$0.call(Unknown Source)
	at TempTestSuite1705920083951.run(TempTestSuite1705920083951.groovy:36)
)
[[ATTACHMENT|C:\\Users\\Fadli\\git\\KatalonDailyGetData2\\Reports\\20240122_174123\\TS1\\20240122_174123\\1705921913752.png]]

2024-01-22 18:11:53 - [TEST_STEP][PASSED] - else: null

2024-01-22 18:11:53 - [TEST_STEP][PASSED] - strBuyer3 = getText(findTestObject("Stockbit/Bandarmology_Buyer3")): Text of object 'Object Repository/Stockbit/Bandarmology_Buyer3' is: 'BQ'

2024-01-22 18:11:54 - [MESSAGE][PASSED] - Text of object 'Object Repository/Stockbit/Bandarmology_Buyer3' is: 'BQ'

2024-01-22 18:11:54 - [TEST_STEP][PASSED] - strBuyerVol3 = getText(findTestObject("Stockbit/Bandarmology_BuyerVol3")): Text of object 'Object Repository/Stockbit/Bandarmology_BuyerVol3' is: '445'

2024-01-22 18:11:54 - [MESSAGE][PASSED] - Text of object 'Object Repository/Stockbit/Bandarmology_BuyerVol3' is: '445'

2024-01-22 18:11:54 - [TEST_STEP][PASSED] - strBuyerAvg3 = getText(findTestObject("Stockbit/Bandarmology_BuyerAvg3")): Text of object 'Object Repository/Stockbit/Bandarmology_BuyerAvg3' is: '119'

2024-01-22 18:11:54 - [MESSAGE][PASSED] - Text of object 'Object Repository/Stockbit/Bandarmology_BuyerAvg3' is: '119'

2024-01-22 18:11:54 - [TEST_STEP][PASSED] - if (strBuyer3 != ""): null

2024-01-22 18:11:54 - [TEST_STEP][PASSED] - if (strBuyerAvg3.contains(",")): null

2024-01-22 18:11:54 - [TEST_STEP][PASSED] - if (strBuyerVol3.contains(" B")): null

2024-01-22 18:11:54 - [TEST_STEP][PASSED] - if (verifyElementNotPresent(findTestObject("Stockbit/Bandarmology_Seller3"), 1, OPTIONAL)): Web element with id: 'Object Repository/Stockbit/Bandarmology_Seller3' located by 'By.xpath: //*[contains(@id, 'rc-tabs-')]/div[2]/div/div/div/div/div/div[2]/table/tbody/tr[4]/td[5]/p' is present after '1' second(s) (Root cause: com.kms.katalon.core.exception.StepFailedException: Web element with id: 'Object Repository/Stockbit/Bandarmology_Seller3' located by 'By.xpath: //*[contains(@id, 'rc-tabs-')]/div[2]/div/div/div/div/div/div[2]/table/tbody/tr[4]/td[5]/p' is present after '1' second(s)
	at com.kms.katalon.core.webui.keyword.internal.WebUIKeywordMain.stepFailed(WebUIKeywordMain.groovy:64)
	at com.kms.katalon.core.webui.keyword.internal.WebUIKeywordMain$stepFailed$0.call(Unknown Source)
	at com.kms.katalon.core.webui.keyword.builtin.VerifyElementNotPresentKeyword$_verifyElementNotPresent_closure1.doCall(VerifyElementNotPresentKeyword.groovy:106)
	at com.kms.katalon.core.webui.keyword.builtin.VerifyElementNotPresentKeyword$_verifyElementNotPresent_closure1.doCall(VerifyElementNotPresentKeyword.groovy)
	at com.kms.katalon.core.webui.keyword.internal.WebUIKeywordMain.runKeyword(WebUIKeywordMain.groovy:20)
	at com.kms.katalon.core.webui.keyword.internal.WebUIKeywordMain$runKeyword.call(Unknown Source)
	at com.kms.katalon.core.webui.keyword.builtin.VerifyElementNotPresentKeyword.verifyElementNotPresent(VerifyElementNotPresentKeyword.groovy:117)
	at com.kms.katalon.core.webui.keyword.builtin.VerifyElementNotPresentKeyword.execute(VerifyElementNotPresentKeyword.groovy:68)
	at com.kms.katalon.core.keyword.internal.KeywordExecutor.executeKeywordForPlatform(KeywordExecutor.groovy:74)
	at com.kms.katalon.core.webui.keyword.WebUiBuiltInKeywords.verifyElementNotPresent(WebUiBuiltInKeywords.groovy:1481)
	at com.kms.katalon.core.webui.keyword.WebUiBuiltInKeywords$verifyElementNotPresent$8.call(Unknown Source)
	at GetBrokSumPriceDaily.run(GetBrokSumPriceDaily:414)
	at com.kms.katalon.core.main.ScriptEngine.run(ScriptEngine.java:194)
	at com.kms.katalon.core.main.ScriptEngine.runScriptAsRawText(ScriptEngine.java:119)
	at com.kms.katalon.core.main.TestCaseExecutor.runScript(TestCaseExecutor.java:445)
	at com.kms.katalon.core.main.TestCaseExecutor.doExecute(TestCaseExecutor.java:436)
	at com.kms.katalon.core.main.TestCaseExecutor.processExecutionPhase(TestCaseExecutor.java:415)
	at com.kms.katalon.core.main.TestCaseExecutor.accessMainPhase(TestCaseExecutor.java:407)
	at com.kms.katalon.core.main.TestCaseExecutor.execute(TestCaseExecutor.java:284)
	at com.kms.katalon.core.common.CommonExecutor.accessTestCaseMainPhase(CommonExecutor.java:65)
	at com.kms.katalon.core.main.TestSuiteExecutor.accessTestSuiteMainPhase(TestSuiteExecutor.java:144)
	at com.kms.katalon.core.main.TestSuiteExecutor.execute(TestSuiteExecutor.java:106)
	at com.kms.katalon.core.main.TestCaseMain.startTestSuite(TestCaseMain.java:185)
	at com.kms.katalon.core.main.TestCaseMain$startTestSuite$0.call(Unknown Source)
	at TempTestSuite1705920083951.run(TempTestSuite1705920083951.groovy:36)
)

2024-01-22 18:11:55 - [MESSAGE][WARNING] - Web element with id: 'Object Repository/Stockbit/Bandarmology_Seller3' located by 'By.xpath: //*[contains(@id, 'rc-tabs-')]/div[2]/div/div/div/div/div/div[2]/table/tbody/tr[4]/td[5]/p' is present after '1' second(s) (Root cause: com.kms.katalon.core.exception.StepFailedException: Web element with id: 'Object Repository/Stockbit/Bandarmology_Seller3' located by 'By.xpath: //*[contains(@id, 'rc-tabs-')]/div[2]/div/div/div/div/div/div[2]/table/tbody/tr[4]/td[5]/p' is present after '1' second(s)
	at com.kms.katalon.core.webui.keyword.internal.WebUIKeywordMain.stepFailed(WebUIKeywordMain.groovy:64)
	at com.kms.katalon.core.webui.keyword.internal.WebUIKeywordMain$stepFailed$0.call(Unknown Source)
	at com.kms.katalon.core.webui.keyword.builtin.VerifyElementNotPresentKeyword$_verifyElementNotPresent_closure1.doCall(VerifyElementNotPresentKeyword.groovy:106)
	at com.kms.katalon.core.webui.keyword.builtin.VerifyElementNotPresentKeyword$_verifyElementNotPresent_closure1.doCall(VerifyElementNotPresentKeyword.groovy)
	at com.kms.katalon.core.webui.keyword.internal.WebUIKeywordMain.runKeyword(WebUIKeywordMain.groovy:20)
	at com.kms.katalon.core.webui.keyword.internal.WebUIKeywordMain$runKeyword.call(Unknown Source)
	at com.kms.katalon.core.webui.keyword.builtin.VerifyElementNotPresentKeyword.verifyElementNotPresent(VerifyElementNotPresentKeyword.groovy:117)
	at com.kms.katalon.core.webui.keyword.builtin.VerifyElementNotPresentKeyword.execute(VerifyElementNotPresentKeyword.groovy:68)
	at com.kms.katalon.core.keyword.internal.KeywordExecutor.executeKeywordForPlatform(KeywordExecutor.groovy:74)
	at com.kms.katalon.core.webui.keyword.WebUiBuiltInKeywords.verifyElementNotPresent(WebUiBuiltInKeywords.groovy:1481)
	at com.kms.katalon.core.webui.keyword.WebUiBuiltInKeywords$verifyElementNotPresent$8.call(Unknown Source)
	at GetBrokSumPriceDaily.run(GetBrokSumPriceDaily:414)
	at com.kms.katalon.core.main.ScriptEngine.run(ScriptEngine.java:194)
	at com.kms.katalon.core.main.ScriptEngine.runScriptAsRawText(ScriptEngine.java:119)
	at com.kms.katalon.core.main.TestCaseExecutor.runScript(TestCaseExecutor.java:445)
	at com.kms.katalon.core.main.TestCaseExecutor.doExecute(TestCaseExecutor.java:436)
	at com.kms.katalon.core.main.TestCaseExecutor.processExecutionPhase(TestCaseExecutor.java:415)
	at com.kms.katalon.core.main.TestCaseExecutor.accessMainPhase(TestCaseExecutor.java:407)
	at com.kms.katalon.core.main.TestCaseExecutor.execute(TestCaseExecutor.java:284)
	at com.kms.katalon.core.common.CommonExecutor.accessTestCaseMainPhase(CommonExecutor.java:65)
	at com.kms.katalon.core.main.TestSuiteExecutor.accessTestSuiteMainPhase(TestSuiteExecutor.java:144)
	at com.kms.katalon.core.main.TestSuiteExecutor.execute(TestSuiteExecutor.java:106)
	at com.kms.katalon.core.main.TestCaseMain.startTestSuite(TestCaseMain.java:185)
	at com.kms.katalon.core.main.TestCaseMain$startTestSuite$0.call(Unknown Source)
	at TempTestSuite1705920083951.run(TempTestSuite1705920083951.groovy:36)
)
[[ATTACHMENT|C:\\Users\\Fadli\\git\\KatalonDailyGetData2\\Reports\\20240122_174123\\TS1\\20240122_174123\\1705921915533.png]]

2024-01-22 18:11:55 - [TEST_STEP][PASSED] - else: null

2024-01-22 18:11:55 - [TEST_STEP][PASSED] - strSeller3 = getText(findTestObject("Stockbit/Bandarmology_Seller3")): Text of object 'Object Repository/Stockbit/Bandarmology_Seller3' is: 'CC'

2024-01-22 18:11:55 - [MESSAGE][PASSED] - Text of object 'Object Repository/Stockbit/Bandarmology_Seller3' is: 'CC'

2024-01-22 18:11:55 - [TEST_STEP][PASSED] - strSellerVol3 = getText(findTestObject("Stockbit/Bandarmology_SellerVol3")): Text of object 'Object Repository/Stockbit/Bandarmology_SellerVol3' is: '465'

2024-01-22 18:11:56 - [MESSAGE][PASSED] - Text of object 'Object Repository/Stockbit/Bandarmology_SellerVol3' is: '465'

2024-01-22 18:11:56 - [TEST_STEP][PASSED] - strSellerAvg3 = getText(findTestObject("Stockbit/Bandarmology_SellerAvg3")): Text of object 'Object Repository/Stockbit/Bandarmology_SellerAvg3' is: '118'

2024-01-22 18:11:56 - [MESSAGE][PASSED] - Text of object 'Object Repository/Stockbit/Bandarmology_SellerAvg3' is: '118'

2024-01-22 18:11:56 - [TEST_STEP][PASSED] - if (strSeller3 != ""): null

2024-01-22 18:11:56 - [TEST_STEP][PASSED] - if (strSellerAvg3.contains(",")): null

2024-01-22 18:11:56 - [TEST_STEP][PASSED] - if (strSellerVol3.contains(" B")): null

2024-01-22 18:11:56 - [TEST_STEP][PASSED] - strAccDist = getText(findTestObject("Stockbit/Bandarmology_AccDist")): Text of object 'Object Repository/Stockbit/Bandarmology_AccDist' is: 'Dist'

2024-01-22 18:11:56 - [MESSAGE][PASSED] - Text of object 'Object Repository/Stockbit/Bandarmology_AccDist' is: 'Dist'

2024-01-22 18:11:56 - [TEST_STEP][PASSED] - strNetVol = getText(findTestObject("Stockbit/Bandarmology_NetVol")): Text of object 'Object Repository/Stockbit/Bandarmology_NetVol' is: '2,912'

2024-01-22 18:11:56 - [MESSAGE][PASSED] - Text of object 'Object Repository/Stockbit/Bandarmology_NetVol' is: '2,912'

2024-01-22 18:11:56 - [TEST_STEP][PASSED] - strNetVol = strNetVol.replace(",", ""): null

2024-01-22 18:11:56 - [TEST_STEP][PASSED] - strNetVal = getText(findTestObject("Stockbit/Bandarmology_NetVal")): Text of object 'Object Repository/Stockbit/Bandarmology_NetVal' is: '0 B'

2024-01-22 18:11:56 - [MESSAGE][PASSED] - Text of object 'Object Repository/Stockbit/Bandarmology_NetVal' is: '0 B'

2024-01-22 18:11:56 - [TEST_STEP][PASSED] - delay(3): Delayed 3 second(s)

2024-01-22 18:11:59 - [MESSAGE][PASSED] - Delayed 3 second(s)

2024-01-22 18:11:59 - [TEST_STEP][PASSED] - strOpenPrice = getText(findTestObject("Stockbit/Home_OpenPrice")): Text of object 'Object Repository/Stockbit/Home_OpenPrice' is: '118'

2024-01-22 18:11:59 - [MESSAGE][PASSED] - Text of object 'Object Repository/Stockbit/Home_OpenPrice' is: '118'

2024-01-22 18:11:59 - [TEST_STEP][PASSED] - strOpenPrice = strOpenPrice.replace(",", ""): null

2024-01-22 18:11:59 - [TEST_STEP][PASSED] - strLowPrice = getText(findTestObject("Stockbit/Home_LowPrice")): Text of object 'Object Repository/Stockbit/Home_LowPrice' is: '117'

2024-01-22 18:11:59 - [MESSAGE][PASSED] - Text of object 'Object Repository/Stockbit/Home_LowPrice' is: '117'

2024-01-22 18:11:59 - [TEST_STEP][PASSED] - strLowPrice = strLowPrice.replace(",", ""): null

2024-01-22 18:11:59 - [TEST_STEP][PASSED] - strHighPrice = getText(findTestObject("Stockbit/Home_HighPrice")): Text of object 'Object Repository/Stockbit/Home_HighPrice' is: '120'

2024-01-22 18:11:59 - [MESSAGE][PASSED] - Text of object 'Object Repository/Stockbit/Home_HighPrice' is: '120'

2024-01-22 18:11:59 - [TEST_STEP][PASSED] - strHighPrice = strHighPrice.replace(",", ""): null

2024-01-22 18:11:59 - [TEST_STEP][PASSED] - strClosePrice = getText(findTestObject("Stockbit/Home_ClosePrice")): Text of object 'Object Repository/Stockbit/Home_ClosePrice' is: '119'

2024-01-22 18:11:59 - [MESSAGE][PASSED] - Text of object 'Object Repository/Stockbit/Home_ClosePrice' is: '119'

2024-01-22 18:11:59 - [TEST_STEP][PASSED] - strClosePrice = strClosePrice.replace(",", ""): null

2024-01-22 18:11:59 - [TEST_STEP][PASSED] - strVol = getText(findTestObject("Stockbit/Home_Volume")): Text of object 'Object Repository/Stockbit/Home_Volume' is: '5 K'

2024-01-22 18:12:00 - [MESSAGE][PASSED] - Text of object 'Object Repository/Stockbit/Home_Volume' is: '5 K'

2024-01-22 18:12:00 - [TEST_STEP][PASSED] - if (strVol.contains(" K")): null

2024-01-22 18:12:00 - [TEST_STEP][PASSED] - strVol = strVol.replace(" K", "000"): null

2024-01-22 18:12:00 - [TEST_STEP][PASSED] - if (strVol.contains(",")): null

2024-01-22 18:12:00 - [TEST_STEP][PASSED] - strChange = getText(findTestObject("Stockbit/Home_Change")): Text of object 'Object Repository/Stockbit/Home_Change' is: '1.71%'

2024-01-22 18:12:00 - [MESSAGE][PASSED] - Text of object 'Object Repository/Stockbit/Home_Change' is: '1.71%'

2024-01-22 18:12:00 - [TEST_STEP][PASSED] - strChange = strChange.replace("%", ""): null

2024-01-22 18:12:00 - [TEST_STEP][PASSED] - strFreq = getText(findTestObject("Stockbit/Home_Freq")): Text of object 'Object Repository/Stockbit/Home_Freq' is: '117'

2024-01-22 18:12:00 - [MESSAGE][PASSED] - Text of object 'Object Repository/Stockbit/Home_Freq' is: '117'

2024-01-22 18:12:00 - [TEST_STEP][PASSED] - if (strFreq.contains(",")): null

2024-01-22 18:12:00 - [TEST_STEP][PASSED] - if (strFreq == "NA" || strFreq == ""): null

2024-01-22 18:12:00 - [TEST_STEP][PASSED] - else: null

2024-01-22 18:12:00 - [TEST_STEP][PASSED] - dblFreqAnal = strVol.toDouble() / strFreq.toDouble() * strFreq.toDouble() * strFreq.toDouble() * 100000000: null

2024-01-22 18:12:00 - [TEST_STEP][PASSED] - strFreqAnal = String.format("%.4f", dblFreqAnal): null

2024-01-22 18:12:00 - [TEST_STEP][PASSED] - out.println("Double strFreqAnal: " + strFreqAnal): null

2024-01-22 18:12:00 - [TEST_STEP][PASSED] - strTanggal = d.format(DateTimeFormatter.ofPattern("yyyy-MM-dd")): null

2024-01-22 18:12:00 - [TEST_STEP][PASSED] - strTanggal = "#" + strTanggal + "#": null

2024-01-22 18:12:00 - [TEST_STEP][PASSED] - strSQL = "select count(*) as JumBaris from TblBrokSum where Nama = '" + strNama + "' and Tanggal = " + strTanggal + "": null

2024-01-22 18:12:00 - [TEST_STEP][PASSED] - resultSet = statement.executeQuery(strSQL): null

2024-01-22 18:12:00 - [TEST_STEP][PASSED] - resultSet.next(): null

2024-01-22 18:12:00 - [TEST_STEP][PASSED] - intJumBaris = resultSet.getInt("JumBaris"): null

2024-01-22 18:12:00 - [TEST_STEP][PASSED] - if (intJumBaris > 0): null

2024-01-22 18:12:00 - [TEST_STEP][PASSED] - else: null

2024-01-22 18:12:00 - [TEST_STEP][PASSED] - try: null

2024-01-22 18:12:00 - [TEST_STEP][PASSED] - out.println("Insert data"): null

2024-01-22 18:12:00 - [TEST_STEP][PASSED] - strSQL = "insert into TblBrokSum (nama, tanggal, top1, top2, top3, AllBrokAvg, AccDist, AvgRP, " + "Buyer1, BuyerVal1, BuyerAvg1, Seller1, SellerVal1, SellerAvg1, Buyer2, BuyerVal2, BuyerAvg2, " + "Seller2, SellerVal2, SellerAvg2, Buyer3, BuyerVal3, BuyerAvg3, Seller3, SellerVal3, SellerAvg3, NetVol, NetVal, " + "OpenPrice, LowPrice, HighPrice, ClosePrice, Volume, Change, Frekuensi, FrekAnal) " + "values ('" + strNama + "', " + strTanggal + ", '" + strTop1 + "', '" + strTop3 + "', '" + strTop5 + "', " + "'" + strAllBrokAvg + "', '" + strAccDist + "', " + intAvgRP + ", '" + strBuyer1 + "', '" + strBuyerVol1 + "', " + strBuyerAvg1 + ", " + "'" + strSeller1 + "', '" + strSellerVol1 + "', " + strSellerAvg1 + ", '" + strBuyer2 + "', '" + strBuyerVol2 + "', " + strBuyerAvg2 + ", " + "'" + strSeller2 + "', '" + strSellerVol2 + "', " + strSellerAvg2 + ", '" + strBuyer3 + "', '" + strBuyerVol3 + "', " + strBuyerAvg3 + ", " + "'" + strSeller3 + "', '" + strSellerVol3 + "', " + strSellerAvg3 + ", " + strNetVol + ", '" + strNetVal + "', " + "" + strOpenPrice + ", " + strLowPrice + ", " + strHighPrice + ", " + strClosePrice + ", '" + strVol + "', " + strChange + ", " + strFreq + ", " + strFreqAnal + ");": null

2024-01-22 18:12:00 - [TEST_STEP][PASSED] - out.println("strSQL = " + strSQL): null

2024-01-22 18:12:00 - [TEST_STEP][PASSED] - statement.executeUpdate(strSQL): null

2024-01-22 18:12:00 - [TEST_STEP][PASSED] - setValueToCellByIndex(sheet01, rowIndex, 4, "DONE"): null

2024-01-22 18:12:00 - [TEST_STEP][PASSED] - saveWorkbook(excelFilePath, workbook01): null

2024-01-22 18:12:00 - [TEST_STEP][PASSED] - waitForElementClickable(findTestObject("Stockbit/menu_Bandarmology"), 10): Object 'Object Repository/Stockbit/menu_Bandarmology' is clickable

2024-01-22 18:12:00 - [MESSAGE][PASSED] - Object 'Object Repository/Stockbit/menu_Bandarmology' is clickable

2024-01-22 18:12:00 - [TEST_STEP][PASSED] - click(findTestObject("Stockbit/menu_Bandarmology")): Object: 'Object Repository/Stockbit/menu_Bandarmology' is clicked on

2024-01-22 18:12:00 - [MESSAGE][PASSED] - Object: 'Object Repository/Stockbit/menu_Bandarmology' is clicked on

2024-01-22 18:12:00 - [TEST_STEP][PASSED] - strTemp = "NA": null

2024-01-22 18:12:00 - [TEST_STEP][PASSED] - if (getCellValueByIndex(sheet01, rowIndex, 4) != "DONE"): Object: 'Object Repository/Stockbit/menu_Bandarmology' is clicked on

2024-01-22 18:12:00 - [TEST_STEP][PASSED] - strNama = getCellValueByIndex(sheet01, rowIndex, 0): null

2024-01-22 18:12:00 - [TEST_STEP][PASSED] - navigateToUrl("https://stockbit.com/#/symbol/" + strNama): Navigate to 'https://stockbit.com/#/symbol/ASLC' successfully

2024-01-22 18:12:03 - [MESSAGE][PASSED] - Navigate to 'https://stockbit.com/#/symbol/ASLC' successfully

2024-01-22 18:12:03 - [TEST_STEP][PASSED] - waitForElementClickable(findTestObject("Stockbit/menu_Bandarmology"), 10): Object 'Object Repository/Stockbit/menu_Bandarmology' is clickable

2024-01-22 18:12:03 - [MESSAGE][PASSED] - Object 'Object Repository/Stockbit/menu_Bandarmology' is clickable

2024-01-22 18:12:03 - [TEST_STEP][PASSED] - click(findTestObject("Stockbit/menu_Bandarmology")): Object: 'Object Repository/Stockbit/menu_Bandarmology' is clicked on

2024-01-22 18:12:04 - [MESSAGE][PASSED] - Object: 'Object Repository/Stockbit/menu_Bandarmology' is clicked on

2024-01-22 18:12:04 - [TEST_STEP][PASSED] - strTanggal = d.format(DateTimeFormatter.ofPattern("MMM dd, yyyy")): null

2024-01-22 18:12:04 - [TEST_STEP][PASSED] - strTanggal = d.format(ISO_DATE): null

2024-01-22 18:12:04 - [TEST_STEP][PASSED] - out.println("strTanggal = " + strTanggal): null

2024-01-22 18:12:04 - [TEST_STEP][PASSED] - out.println("strNama = " + strNama): null

2024-01-22 18:12:04 - [TEST_STEP][PASSED] - out.println("Baris ke = " + rowIndex): null

2024-01-22 18:12:04 - [TEST_STEP][PASSED] - click(findTestObject("Stockbit/input__BandarmologyOpenStartDate")): Object: 'Object Repository/Stockbit/input__BandarmologyOpenStartDate' is clicked on

2024-01-22 18:12:05 - [MESSAGE][PASSED] - Object: 'Object Repository/Stockbit/input__BandarmologyOpenStartDate' is clicked on

2024-01-22 18:12:05 - [TEST_STEP][PASSED] - sendKeys(findTestObject("Stockbit/input__BandarmologyOpenStartDate"), Keys.chord(CONTROL, "a")): Keys 'CONTROL + a' sent to object: 'Object Repository/Stockbit/input__BandarmologyOpenStartDate'

2024-01-22 18:12:06 - [MESSAGE][PASSED] - Keys 'CONTROL + a' sent to object: 'Object Repository/Stockbit/input__BandarmologyOpenStartDate'

2024-01-22 18:12:06 - [TEST_STEP][PASSED] - sendKeys(findTestObject("Stockbit/input__BandarmologyOpenStartDate"), Keys.chord(BACK_SPACE)): Keys 'BACK_SPACE + ' sent to object: 'Object Repository/Stockbit/input__BandarmologyOpenStartDate'

2024-01-22 18:12:06 - [MESSAGE][PASSED] - Keys 'BACK_SPACE + ' sent to object: 'Object Repository/Stockbit/input__BandarmologyOpenStartDate'

2024-01-22 18:12:06 - [TEST_STEP][PASSED] - setText(findTestObject("Stockbit/input__BandarmologyOpenStartDate"), strTanggal): Text '2024-01-22' is set on object 'Object Repository/Stockbit/input__BandarmologyOpenStartDate'

2024-01-22 18:12:07 - [MESSAGE][PASSED] - Text '2024-01-22' is set on object 'Object Repository/Stockbit/input__BandarmologyOpenStartDate'

2024-01-22 18:12:07 - [TEST_STEP][PASSED] - sendKeys(findTestObject("Stockbit/input__BandarmologyOpenStartDate"), Keys.chord(ENTER)): Keys 'ENTER + ' sent to object: 'Object Repository/Stockbit/input__BandarmologyOpenStartDate'

2024-01-22 18:12:07 - [MESSAGE][PASSED] - Keys 'ENTER + ' sent to object: 'Object Repository/Stockbit/input__BandarmologyOpenStartDate'

2024-01-22 18:12:07 - [TEST_STEP][PASSED] - click(findTestObject("Stockbit/input__BandarmologyOpenEndDate")): Object: 'Object Repository/Stockbit/input__BandarmologyOpenEndDate' is clicked on

2024-01-22 18:12:08 - [MESSAGE][PASSED] - Object: 'Object Repository/Stockbit/input__BandarmologyOpenEndDate' is clicked on

2024-01-22 18:12:08 - [TEST_STEP][PASSED] - sendKeys(findTestObject("Stockbit/input__BandarmologyOpenEndDate"), Keys.chord(CONTROL, "a")): Keys 'CONTROL + a' sent to object: 'Object Repository/Stockbit/input__BandarmologyOpenEndDate'

2024-01-22 18:12:09 - [MESSAGE][PASSED] - Keys 'CONTROL + a' sent to object: 'Object Repository/Stockbit/input__BandarmologyOpenEndDate'

2024-01-22 18:12:09 - [TEST_STEP][PASSED] - sendKeys(findTestObject("Stockbit/input__BandarmologyOpenEndDate"), Keys.chord(BACK_SPACE)): Keys 'BACK_SPACE + ' sent to object: 'Object Repository/Stockbit/input__BandarmologyOpenEndDate'

2024-01-22 18:12:09 - [MESSAGE][PASSED] - Keys 'BACK_SPACE + ' sent to object: 'Object Repository/Stockbit/input__BandarmologyOpenEndDate'

2024-01-22 18:12:09 - [TEST_STEP][PASSED] - setText(findTestObject("Stockbit/input__BandarmologyOpenEndDate"), strTanggal): Text '2024-01-22' is set on object 'Object Repository/Stockbit/input__BandarmologyOpenEndDate'

2024-01-22 18:12:10 - [MESSAGE][PASSED] - Text '2024-01-22' is set on object 'Object Repository/Stockbit/input__BandarmologyOpenEndDate'

2024-01-22 18:12:10 - [TEST_STEP][PASSED] - sendKeys(findTestObject("Stockbit/input__BandarmologyOpenEndDate"), Keys.chord(ENTER)): Keys 'ENTER + ' sent to object: 'Object Repository/Stockbit/input__BandarmologyOpenEndDate'

2024-01-22 18:12:10 - [MESSAGE][PASSED] - Keys 'ENTER + ' sent to object: 'Object Repository/Stockbit/input__BandarmologyOpenEndDate'

2024-01-22 18:12:10 - [TEST_STEP][PASSED] - delay(2): Delayed 2 second(s)

2024-01-22 18:12:12 - [MESSAGE][PASSED] - Delayed 2 second(s)

2024-01-22 18:12:12 - [TEST_STEP][PASSED] - strTemp = getText(findTestObject("Stockbit/Bandarmology_AvgRP")): Text of object 'Object Repository/Stockbit/Bandarmology_AvgRP' is: '107'

2024-01-22 18:12:12 - [MESSAGE][PASSED] - Text of object 'Object Repository/Stockbit/Bandarmology_AvgRP' is: '107'

2024-01-22 18:12:12 - [TEST_STEP][PASSED] - out.println("Bandarmology_AvgRP = " + strTemp): null

2024-01-22 18:12:12 - [TEST_STEP][PASSED] - if (strTemp != "0"): null

2024-01-22 18:12:12 - [TEST_STEP][PASSED] - strTop1 = getText(findTestObject("Stockbit/Bandarmology_Top1")): Text of object 'Object Repository/Stockbit/Bandarmology_Top1' is: 'Small Dist'

2024-01-22 18:12:13 - [MESSAGE][PASSED] - Text of object 'Object Repository/Stockbit/Bandarmology_Top1' is: 'Small Dist'

2024-01-22 18:12:13 - [TEST_STEP][PASSED] - strTop3 = getText(findTestObject("Stockbit/Bandarmology_Top3")): Text of object 'Object Repository/Stockbit/Bandarmology_Top3' is: 'Normal Dist'

2024-01-22 18:12:13 - [MESSAGE][PASSED] - Text of object 'Object Repository/Stockbit/Bandarmology_Top3' is: 'Normal Dist'

2024-01-22 18:12:13 - [TEST_STEP][PASSED] - strTop5 = getText(findTestObject("Stockbit/Bandarmology_Top5")): Text of object 'Object Repository/Stockbit/Bandarmology_Top5' is: 'Normal Dist'

2024-01-22 18:12:13 - [MESSAGE][PASSED] - Text of object 'Object Repository/Stockbit/Bandarmology_Top5' is: 'Normal Dist'

2024-01-22 18:12:13 - [TEST_STEP][PASSED] - strAllBrokAvg = getText(findTestObject("Stockbit/Bandarmology_TopAVG")): Text of object 'Object Repository/Stockbit/Bandarmology_TopAVG' is: 'Normal Dist'

2024-01-22 18:12:13 - [MESSAGE][PASSED] - Text of object 'Object Repository/Stockbit/Bandarmology_TopAVG' is: 'Normal Dist'

2024-01-22 18:12:13 - [TEST_STEP][PASSED] - strTemp = getText(findTestObject("Stockbit/Bandarmology_AvgRP")): Text of object 'Object Repository/Stockbit/Bandarmology_AvgRP' is: '107'

2024-01-22 18:12:13 - [MESSAGE][PASSED] - Text of object 'Object Repository/Stockbit/Bandarmology_AvgRP' is: '107'

2024-01-22 18:12:13 - [TEST_STEP][PASSED] - if (strTemp.contains(",")): null

2024-01-22 18:12:13 - [TEST_STEP][PASSED] - intAvgRP = strTemp.toInteger(): null

2024-01-22 18:12:13 - [TEST_STEP][PASSED] - strBuyer1 = getText(findTestObject("Stockbit/Bandarmology_Buyer1")): Text of object 'Object Repository/Stockbit/Bandarmology_Buyer1' is: 'YP'

2024-01-22 18:12:13 - [MESSAGE][PASSED] - Text of object 'Object Repository/Stockbit/Bandarmology_Buyer1' is: 'YP'

2024-01-22 18:12:13 - [TEST_STEP][PASSED] - strBuyerVol1 = getText(findTestObject("Stockbit/Bandarmology_BuyerVol1")): Text of object 'Object Repository/Stockbit/Bandarmology_BuyerVol1' is: '11.3 K'

2024-01-22 18:12:14 - [MESSAGE][PASSED] - Text of object 'Object Repository/Stockbit/Bandarmology_BuyerVol1' is: '11.3 K'

2024-01-22 18:12:14 - [TEST_STEP][PASSED] - strBuyerAvg1 = getText(findTestObject("Stockbit/Bandarmology_BuyerAvg1")): Text of object 'Object Repository/Stockbit/Bandarmology_BuyerAvg1' is: '107'

2024-01-22 18:12:14 - [MESSAGE][PASSED] - Text of object 'Object Repository/Stockbit/Bandarmology_BuyerAvg1' is: '107'

2024-01-22 18:12:14 - [TEST_STEP][PASSED] - if (strBuyerAvg1.contains(",")): null

2024-01-22 18:12:14 - [TEST_STEP][PASSED] - if (strBuyerVol1.contains(" B")): null

2024-01-22 18:12:14 - [TEST_STEP][PASSED] - else if (strBuyerVol1.contains(" M")): null

2024-01-22 18:12:14 - [TEST_STEP][PASSED] - else if (strBuyerVol1.contains(" K")): null

2024-01-22 18:12:14 - [TEST_STEP][PASSED] - strBuyerVol1 = strBuyerVol1.replace(" K", ""): null

2024-01-22 18:12:14 - [TEST_STEP][PASSED] - strBuyerVol1 = strBuyerVol1.toDouble() * 1000: null

2024-01-22 18:12:14 - [TEST_STEP][PASSED] - strSeller1 = getText(findTestObject("Stockbit/Bandarmology_Seller1")): Text of object 'Object Repository/Stockbit/Bandarmology_Seller1' is: 'CC'

2024-01-22 18:12:14 - [MESSAGE][PASSED] - Text of object 'Object Repository/Stockbit/Bandarmology_Seller1' is: 'CC'

2024-01-22 18:12:14 - [TEST_STEP][PASSED] - strSellerVol1 = getText(findTestObject("Stockbit/Bandarmology_SellerVol1")): Text of object 'Object Repository/Stockbit/Bandarmology_SellerVol1' is: '14.6 K'

2024-01-22 18:12:14 - [MESSAGE][PASSED] - Text of object 'Object Repository/Stockbit/Bandarmology_SellerVol1' is: '14.6 K'

2024-01-22 18:12:14 - [TEST_STEP][PASSED] - strSellerAvg1 = getText(findTestObject("Stockbit/Bandarmology_SellerAvg1")): Text of object 'Object Repository/Stockbit/Bandarmology_SellerAvg1' is: '108'

2024-01-22 18:12:14 - [MESSAGE][PASSED] - Text of object 'Object Repository/Stockbit/Bandarmology_SellerAvg1' is: '108'

2024-01-22 18:12:14 - [TEST_STEP][PASSED] - if (strSellerAvg1.contains(",")): null

2024-01-22 18:12:14 - [TEST_STEP][PASSED] - if (strSellerVol1.contains(" B")): null

2024-01-22 18:12:14 - [TEST_STEP][PASSED] - else if (strSellerVol1.contains(" M")): null

2024-01-22 18:12:14 - [TEST_STEP][PASSED] - else if (strSellerVol1.contains(" K")): null

2024-01-22 18:12:14 - [TEST_STEP][PASSED] - strSellerVol1 = strSellerVol1.replace(" K", ""): null

2024-01-22 18:12:14 - [TEST_STEP][PASSED] - strSellerVol1 = strSellerVol1.toDouble() * 1000: null

2024-01-22 18:12:14 - [TEST_STEP][PASSED] - if (verifyElementNotPresent(findTestObject("Stockbit/Bandarmology_Buyer2"), 1, OPTIONAL)): Web element with id: 'Object Repository/Stockbit/Bandarmology_Buyer2' located by 'By.xpath: //*[contains(@id, 'rc-tabs-')]/div[2]/div/div/div/div/div/div[2]/table/tbody/tr[3]/td[1]/p' is present after '1' second(s) (Root cause: com.kms.katalon.core.exception.StepFailedException: Web element with id: 'Object Repository/Stockbit/Bandarmology_Buyer2' located by 'By.xpath: //*[contains(@id, 'rc-tabs-')]/div[2]/div/div/div/div/div/div[2]/table/tbody/tr[3]/td[1]/p' is present after '1' second(s)
	at com.kms.katalon.core.webui.keyword.internal.WebUIKeywordMain.stepFailed(WebUIKeywordMain.groovy:64)
	at com.kms.katalon.core.webui.keyword.internal.WebUIKeywordMain$stepFailed$0.call(Unknown Source)
	at com.kms.katalon.core.webui.keyword.builtin.VerifyElementNotPresentKeyword$_verifyElementNotPresent_closure1.doCall(VerifyElementNotPresentKeyword.groovy:106)
	at com.kms.katalon.core.webui.keyword.builtin.VerifyElementNotPresentKeyword$_verifyElementNotPresent_closure1.doCall(VerifyElementNotPresentKeyword.groovy)
	at com.kms.katalon.core.webui.keyword.internal.WebUIKeywordMain.runKeyword(WebUIKeywordMain.groovy:20)
	at com.kms.katalon.core.webui.keyword.internal.WebUIKeywordMain$runKeyword.call(Unknown Source)
	at com.kms.katalon.core.webui.keyword.builtin.VerifyElementNotPresentKeyword.verifyElementNotPresent(VerifyElementNotPresentKeyword.groovy:117)
	at com.kms.katalon.core.webui.keyword.builtin.VerifyElementNotPresentKeyword.execute(VerifyElementNotPresentKeyword.groovy:68)
	at com.kms.katalon.core.keyword.internal.KeywordExecutor.executeKeywordForPlatform(KeywordExecutor.groovy:74)
	at com.kms.katalon.core.webui.keyword.WebUiBuiltInKeywords.verifyElementNotPresent(WebUiBuiltInKeywords.groovy:1481)
	at com.kms.katalon.core.webui.keyword.WebUiBuiltInKeywords$verifyElementNotPresent$8.call(Unknown Source)
	at GetBrokSumPriceDaily.run(GetBrokSumPriceDaily:258)
	at com.kms.katalon.core.main.ScriptEngine.run(ScriptEngine.java:194)
	at com.kms.katalon.core.main.ScriptEngine.runScriptAsRawText(ScriptEngine.java:119)
	at com.kms.katalon.core.main.TestCaseExecutor.runScript(TestCaseExecutor.java:445)
	at com.kms.katalon.core.main.TestCaseExecutor.doExecute(TestCaseExecutor.java:436)
	at com.kms.katalon.core.main.TestCaseExecutor.processExecutionPhase(TestCaseExecutor.java:415)
	at com.kms.katalon.core.main.TestCaseExecutor.accessMainPhase(TestCaseExecutor.java:407)
	at com.kms.katalon.core.main.TestCaseExecutor.execute(TestCaseExecutor.java:284)
	at com.kms.katalon.core.common.CommonExecutor.accessTestCaseMainPhase(CommonExecutor.java:65)
	at com.kms.katalon.core.main.TestSuiteExecutor.accessTestSuiteMainPhase(TestSuiteExecutor.java:144)
	at com.kms.katalon.core.main.TestSuiteExecutor.execute(TestSuiteExecutor.java:106)
	at com.kms.katalon.core.main.TestCaseMain.startTestSuite(TestCaseMain.java:185)
	at com.kms.katalon.core.main.TestCaseMain$startTestSuite$0.call(Unknown Source)
	at TempTestSuite1705920083951.run(TempTestSuite1705920083951.groovy:36)
)

2024-01-22 18:12:16 - [MESSAGE][WARNING] - Web element with id: 'Object Repository/Stockbit/Bandarmology_Buyer2' located by 'By.xpath: //*[contains(@id, 'rc-tabs-')]/div[2]/div/div/div/div/div/div[2]/table/tbody/tr[3]/td[1]/p' is present after '1' second(s) (Root cause: com.kms.katalon.core.exception.StepFailedException: Web element with id: 'Object Repository/Stockbit/Bandarmology_Buyer2' located by 'By.xpath: //*[contains(@id, 'rc-tabs-')]/div[2]/div/div/div/div/div/div[2]/table/tbody/tr[3]/td[1]/p' is present after '1' second(s)
	at com.kms.katalon.core.webui.keyword.internal.WebUIKeywordMain.stepFailed(WebUIKeywordMain.groovy:64)
	at com.kms.katalon.core.webui.keyword.internal.WebUIKeywordMain$stepFailed$0.call(Unknown Source)
	at com.kms.katalon.core.webui.keyword.builtin.VerifyElementNotPresentKeyword$_verifyElementNotPresent_closure1.doCall(VerifyElementNotPresentKeyword.groovy:106)
	at com.kms.katalon.core.webui.keyword.builtin.VerifyElementNotPresentKeyword$_verifyElementNotPresent_closure1.doCall(VerifyElementNotPresentKeyword.groovy)
	at com.kms.katalon.core.webui.keyword.internal.WebUIKeywordMain.runKeyword(WebUIKeywordMain.groovy:20)
	at com.kms.katalon.core.webui.keyword.internal.WebUIKeywordMain$runKeyword.call(Unknown Source)
	at com.kms.katalon.core.webui.keyword.builtin.VerifyElementNotPresentKeyword.verifyElementNotPresent(VerifyElementNotPresentKeyword.groovy:117)
	at com.kms.katalon.core.webui.keyword.builtin.VerifyElementNotPresentKeyword.execute(VerifyElementNotPresentKeyword.groovy:68)
	at com.kms.katalon.core.keyword.internal.KeywordExecutor.executeKeywordForPlatform(KeywordExecutor.groovy:74)
	at com.kms.katalon.core.webui.keyword.WebUiBuiltInKeywords.verifyElementNotPresent(WebUiBuiltInKeywords.groovy:1481)
	at com.kms.katalon.core.webui.keyword.WebUiBuiltInKeywords$verifyElementNotPresent$8.call(Unknown Source)
	at GetBrokSumPriceDaily.run(GetBrokSumPriceDaily:258)
	at com.kms.katalon.core.main.ScriptEngine.run(ScriptEngine.java:194)
	at com.kms.katalon.core.main.ScriptEngine.runScriptAsRawText(ScriptEngine.java:119)
	at com.kms.katalon.core.main.TestCaseExecutor.runScript(TestCaseExecutor.java:445)
	at com.kms.katalon.core.main.TestCaseExecutor.doExecute(TestCaseExecutor.java:436)
	at com.kms.katalon.core.main.TestCaseExecutor.processExecutionPhase(TestCaseExecutor.java:415)
	at com.kms.katalon.core.main.TestCaseExecutor.accessMainPhase(TestCaseExecutor.java:407)
	at com.kms.katalon.core.main.TestCaseExecutor.execute(TestCaseExecutor.java:284)
	at com.kms.katalon.core.common.CommonExecutor.accessTestCaseMainPhase(CommonExecutor.java:65)
	at com.kms.katalon.core.main.TestSuiteExecutor.accessTestSuiteMainPhase(TestSuiteExecutor.java:144)
	at com.kms.katalon.core.main.TestSuiteExecutor.execute(TestSuiteExecutor.java:106)
	at com.kms.katalon.core.main.TestCaseMain.startTestSuite(TestCaseMain.java:185)
	at com.kms.katalon.core.main.TestCaseMain$startTestSuite$0.call(Unknown Source)
	at TempTestSuite1705920083951.run(TempTestSuite1705920083951.groovy:36)
)
[[ATTACHMENT|C:\\Users\\Fadli\\git\\KatalonDailyGetData2\\Reports\\20240122_174123\\TS1\\20240122_174123\\1705921935927.png]]

2024-01-22 18:12:16 - [TEST_STEP][PASSED] - else: null

2024-01-22 18:12:16 - [TEST_STEP][PASSED] - strBuyer2 = getText(findTestObject("Stockbit/Bandarmology_Buyer2")): Text of object 'Object Repository/Stockbit/Bandarmology_Buyer2' is: 'AZ'

2024-01-22 18:12:16 - [MESSAGE][PASSED] - Text of object 'Object Repository/Stockbit/Bandarmology_Buyer2' is: 'AZ'

2024-01-22 18:12:16 - [TEST_STEP][PASSED] - strBuyerVol2 = getText(findTestObject("Stockbit/Bandarmology_BuyerVol2")): Text of object 'Object Repository/Stockbit/Bandarmology_BuyerVol2' is: '10.8 K'

2024-01-22 18:12:16 - [MESSAGE][PASSED] - Text of object 'Object Repository/Stockbit/Bandarmology_BuyerVol2' is: '10.8 K'

2024-01-22 18:12:16 - [TEST_STEP][PASSED] - strBuyerAvg2 = getText(findTestObject("Stockbit/Bandarmology_BuyerAvg2")): Text of object 'Object Repository/Stockbit/Bandarmology_BuyerAvg2' is: '105'

2024-01-22 18:12:16 - [MESSAGE][PASSED] - Text of object 'Object Repository/Stockbit/Bandarmology_BuyerAvg2' is: '105'

2024-01-22 18:12:16 - [TEST_STEP][PASSED] - if (strBuyer2 != ""): null

2024-01-22 18:12:16 - [TEST_STEP][PASSED] - if (strBuyerAvg2.contains(",")): null

2024-01-22 18:12:16 - [TEST_STEP][PASSED] - if (strBuyerVol2.contains(" B")): null

2024-01-22 18:12:16 - [TEST_STEP][PASSED] - else if (strBuyerVol2.contains(" M")): null

2024-01-22 18:12:16 - [TEST_STEP][PASSED] - else if (strBuyerVol2.contains(" K")): null

2024-01-22 18:12:16 - [TEST_STEP][PASSED] - strBuyerVol2 = strBuyerVol2.replace(" K", ""): null

2024-01-22 18:12:16 - [TEST_STEP][PASSED] - strBuyerVol2 = strBuyerVol2.toDouble() * 1000: null

2024-01-22 18:12:16 - [TEST_STEP][PASSED] - if (strBuyerVol2.contains(".")): null

2024-01-22 18:12:16 - [TEST_STEP][PASSED] - strBuyerVal2 = strBuyerVol2.replace(".", ""): null

2024-01-22 18:12:16 - [TEST_STEP][PASSED] - if (verifyElementNotPresent(findTestObject("Stockbit/Bandarmology_Seller2"), 1, OPTIONAL)): Web element with id: 'Object Repository/Stockbit/Bandarmology_Seller2' located by 'By.xpath: //*[contains(@id, 'rc-tabs-')]/div[2]/div/div/div/div/div/div[2]/table/tbody/tr[3]/td[5]/p' is present after '1' second(s) (Root cause: com.kms.katalon.core.exception.StepFailedException: Web element with id: 'Object Repository/Stockbit/Bandarmology_Seller2' located by 'By.xpath: //*[contains(@id, 'rc-tabs-')]/div[2]/div/div/div/div/div/div[2]/table/tbody/tr[3]/td[5]/p' is present after '1' second(s)
	at com.kms.katalon.core.webui.keyword.internal.WebUIKeywordMain.stepFailed(WebUIKeywordMain.groovy:64)
	at com.kms.katalon.core.webui.keyword.internal.WebUIKeywordMain$stepFailed$0.call(Unknown Source)
	at com.kms.katalon.core.webui.keyword.builtin.VerifyElementNotPresentKeyword$_verifyElementNotPresent_closure1.doCall(VerifyElementNotPresentKeyword.groovy:106)
	at com.kms.katalon.core.webui.keyword.builtin.VerifyElementNotPresentKeyword$_verifyElementNotPresent_closure1.doCall(VerifyElementNotPresentKeyword.groovy)
	at com.kms.katalon.core.webui.keyword.internal.WebUIKeywordMain.runKeyword(WebUIKeywordMain.groovy:20)
	at com.kms.katalon.core.webui.keyword.internal.WebUIKeywordMain$runKeyword.call(Unknown Source)
	at com.kms.katalon.core.webui.keyword.builtin.VerifyElementNotPresentKeyword.verifyElementNotPresent(VerifyElementNotPresentKeyword.groovy:117)
	at com.kms.katalon.core.webui.keyword.builtin.VerifyElementNotPresentKeyword.execute(VerifyElementNotPresentKeyword.groovy:68)
	at com.kms.katalon.core.keyword.internal.KeywordExecutor.executeKeywordForPlatform(KeywordExecutor.groovy:74)
	at com.kms.katalon.core.webui.keyword.WebUiBuiltInKeywords.verifyElementNotPresent(WebUiBuiltInKeywords.groovy:1481)
	at com.kms.katalon.core.webui.keyword.WebUiBuiltInKeywords$verifyElementNotPresent$8.call(Unknown Source)
	at GetBrokSumPriceDaily.run(GetBrokSumPriceDaily:309)
	at com.kms.katalon.core.main.ScriptEngine.run(ScriptEngine.java:194)
	at com.kms.katalon.core.main.ScriptEngine.runScriptAsRawText(ScriptEngine.java:119)
	at com.kms.katalon.core.main.TestCaseExecutor.runScript(TestCaseExecutor.java:445)
	at com.kms.katalon.core.main.TestCaseExecutor.doExecute(TestCaseExecutor.java:436)
	at com.kms.katalon.core.main.TestCaseExecutor.processExecutionPhase(TestCaseExecutor.java:415)
	at com.kms.katalon.core.main.TestCaseExecutor.accessMainPhase(TestCaseExecutor.java:407)
	at com.kms.katalon.core.main.TestCaseExecutor.execute(TestCaseExecutor.java:284)
	at com.kms.katalon.core.common.CommonExecutor.accessTestCaseMainPhase(CommonExecutor.java:65)
	at com.kms.katalon.core.main.TestSuiteExecutor.accessTestSuiteMainPhase(TestSuiteExecutor.java:144)
	at com.kms.katalon.core.main.TestSuiteExecutor.execute(TestSuiteExecutor.java:106)
	at com.kms.katalon.core.main.TestCaseMain.startTestSuite(TestCaseMain.java:185)
	at com.kms.katalon.core.main.TestCaseMain$startTestSuite$0.call(Unknown Source)
	at TempTestSuite1705920083951.run(TempTestSuite1705920083951.groovy:36)
)

2024-01-22 18:12:18 - [MESSAGE][WARNING] - Web element with id: 'Object Repository/Stockbit/Bandarmology_Seller2' located by 'By.xpath: //*[contains(@id, 'rc-tabs-')]/div[2]/div/div/div/div/div/div[2]/table/tbody/tr[3]/td[5]/p' is present after '1' second(s) (Root cause: com.kms.katalon.core.exception.StepFailedException: Web element with id: 'Object Repository/Stockbit/Bandarmology_Seller2' located by 'By.xpath: //*[contains(@id, 'rc-tabs-')]/div[2]/div/div/div/div/div/div[2]/table/tbody/tr[3]/td[5]/p' is present after '1' second(s)
	at com.kms.katalon.core.webui.keyword.internal.WebUIKeywordMain.stepFailed(WebUIKeywordMain.groovy:64)
	at com.kms.katalon.core.webui.keyword.internal.WebUIKeywordMain$stepFailed$0.call(Unknown Source)
	at com.kms.katalon.core.webui.keyword.builtin.VerifyElementNotPresentKeyword$_verifyElementNotPresent_closure1.doCall(VerifyElementNotPresentKeyword.groovy:106)
	at com.kms.katalon.core.webui.keyword.builtin.VerifyElementNotPresentKeyword$_verifyElementNotPresent_closure1.doCall(VerifyElementNotPresentKeyword.groovy)
	at com.kms.katalon.core.webui.keyword.internal.WebUIKeywordMain.runKeyword(WebUIKeywordMain.groovy:20)
	at com.kms.katalon.core.webui.keyword.internal.WebUIKeywordMain$runKeyword.call(Unknown Source)
	at com.kms.katalon.core.webui.keyword.builtin.VerifyElementNotPresentKeyword.verifyElementNotPresent(VerifyElementNotPresentKeyword.groovy:117)
	at com.kms.katalon.core.webui.keyword.builtin.VerifyElementNotPresentKeyword.execute(VerifyElementNotPresentKeyword.groovy:68)
	at com.kms.katalon.core.keyword.internal.KeywordExecutor.executeKeywordForPlatform(KeywordExecutor.groovy:74)
	at com.kms.katalon.core.webui.keyword.WebUiBuiltInKeywords.verifyElementNotPresent(WebUiBuiltInKeywords.groovy:1481)
	at com.kms.katalon.core.webui.keyword.WebUiBuiltInKeywords$verifyElementNotPresent$8.call(Unknown Source)
	at GetBrokSumPriceDaily.run(GetBrokSumPriceDaily:309)
	at com.kms.katalon.core.main.ScriptEngine.run(ScriptEngine.java:194)
	at com.kms.katalon.core.main.ScriptEngine.runScriptAsRawText(ScriptEngine.java:119)
	at com.kms.katalon.core.main.TestCaseExecutor.runScript(TestCaseExecutor.java:445)
	at com.kms.katalon.core.main.TestCaseExecutor.doExecute(TestCaseExecutor.java:436)
	at com.kms.katalon.core.main.TestCaseExecutor.processExecutionPhase(TestCaseExecutor.java:415)
	at com.kms.katalon.core.main.TestCaseExecutor.accessMainPhase(TestCaseExecutor.java:407)
	at com.kms.katalon.core.main.TestCaseExecutor.execute(TestCaseExecutor.java:284)
	at com.kms.katalon.core.common.CommonExecutor.accessTestCaseMainPhase(CommonExecutor.java:65)
	at com.kms.katalon.core.main.TestSuiteExecutor.accessTestSuiteMainPhase(TestSuiteExecutor.java:144)
	at com.kms.katalon.core.main.TestSuiteExecutor.execute(TestSuiteExecutor.java:106)
	at com.kms.katalon.core.main.TestCaseMain.startTestSuite(TestCaseMain.java:185)
	at com.kms.katalon.core.main.TestCaseMain$startTestSuite$0.call(Unknown Source)
	at TempTestSuite1705920083951.run(TempTestSuite1705920083951.groovy:36)
)
[[ATTACHMENT|C:\\Users\\Fadli\\git\\KatalonDailyGetData2\\Reports\\20240122_174123\\TS1\\20240122_174123\\1705921937898.png]]

2024-01-22 18:12:18 - [TEST_STEP][PASSED] - else: null

2024-01-22 18:12:18 - [TEST_STEP][PASSED] - strSeller2 = getText(findTestObject("Stockbit/Bandarmology_Seller2")): Text of object 'Object Repository/Stockbit/Bandarmology_Seller2' is: 'PD'

2024-01-22 18:12:18 - [MESSAGE][PASSED] - Text of object 'Object Repository/Stockbit/Bandarmology_Seller2' is: 'PD'

2024-01-22 18:12:18 - [TEST_STEP][PASSED] - strSellerVol2 = getText(findTestObject("Stockbit/Bandarmology_SellerVol2")): Text of object 'Object Repository/Stockbit/Bandarmology_SellerVol2' is: '13.9 K'

2024-01-22 18:12:18 - [MESSAGE][PASSED] - Text of object 'Object Repository/Stockbit/Bandarmology_SellerVol2' is: '13.9 K'

2024-01-22 18:12:18 - [TEST_STEP][PASSED] - strSellerAvg2 = getText(findTestObject("Stockbit/Bandarmology_SellerAvg2")): Text of object 'Object Repository/Stockbit/Bandarmology_SellerAvg2' is: '108'

2024-01-22 18:12:18 - [MESSAGE][PASSED] - Text of object 'Object Repository/Stockbit/Bandarmology_SellerAvg2' is: '108'

2024-01-22 18:12:18 - [TEST_STEP][PASSED] - if (strSeller2 != ""): null

2024-01-22 18:12:18 - [TEST_STEP][PASSED] - if (strSellerAvg2.contains(",")): null

2024-01-22 18:12:18 - [TEST_STEP][PASSED] - if (strSellerVol2.contains(" B")): null

2024-01-22 18:12:18 - [TEST_STEP][PASSED] - else if (strSellerVol2.contains(" M")): null

2024-01-22 18:12:18 - [TEST_STEP][PASSED] - else if (strSellerVol2.contains(" K")): null

2024-01-22 18:12:18 - [TEST_STEP][PASSED] - strSellerVol2 = strSellerVol2.replace(" K", ""): null

2024-01-22 18:12:18 - [TEST_STEP][PASSED] - strSellerVol2 = strSellerVol2.toDouble() * 1000: null

2024-01-22 18:12:18 - [TEST_STEP][PASSED] - if (verifyElementNotPresent(findTestObject("Stockbit/Bandarmology_Buyer3"), 1, OPTIONAL)): Web element with id: 'Object Repository/Stockbit/Bandarmology_Buyer3' located by 'By.xpath: //*[contains(@id, 'rc-tabs-')]/div[2]/div/div/div/div/div/div[2]/table/tbody/tr[4]/td[1]/p' is present after '1' second(s) (Root cause: com.kms.katalon.core.exception.StepFailedException: Web element with id: 'Object Repository/Stockbit/Bandarmology_Buyer3' located by 'By.xpath: //*[contains(@id, 'rc-tabs-')]/div[2]/div/div/div/div/div/div[2]/table/tbody/tr[4]/td[1]/p' is present after '1' second(s)
	at com.kms.katalon.core.webui.keyword.internal.WebUIKeywordMain.stepFailed(WebUIKeywordMain.groovy:64)
	at com.kms.katalon.core.webui.keyword.internal.WebUIKeywordMain$stepFailed$0.call(Unknown Source)
	at com.kms.katalon.core.webui.keyword.builtin.VerifyElementNotPresentKeyword$_verifyElementNotPresent_closure1.doCall(VerifyElementNotPresentKeyword.groovy:106)
	at com.kms.katalon.core.webui.keyword.builtin.VerifyElementNotPresentKeyword$_verifyElementNotPresent_closure1.doCall(VerifyElementNotPresentKeyword.groovy)
	at com.kms.katalon.core.webui.keyword.internal.WebUIKeywordMain.runKeyword(WebUIKeywordMain.groovy:20)
	at com.kms.katalon.core.webui.keyword.internal.WebUIKeywordMain$runKeyword.call(Unknown Source)
	at com.kms.katalon.core.webui.keyword.builtin.VerifyElementNotPresentKeyword.verifyElementNotPresent(VerifyElementNotPresentKeyword.groovy:117)
	at com.kms.katalon.core.webui.keyword.builtin.VerifyElementNotPresentKeyword.execute(VerifyElementNotPresentKeyword.groovy:68)
	at com.kms.katalon.core.keyword.internal.KeywordExecutor.executeKeywordForPlatform(KeywordExecutor.groovy:74)
	at com.kms.katalon.core.webui.keyword.WebUiBuiltInKeywords.verifyElementNotPresent(WebUiBuiltInKeywords.groovy:1481)
	at com.kms.katalon.core.webui.keyword.WebUiBuiltInKeywords$verifyElementNotPresent$8.call(Unknown Source)
	at GetBrokSumPriceDaily.run(GetBrokSumPriceDaily:361)
	at com.kms.katalon.core.main.ScriptEngine.run(ScriptEngine.java:194)
	at com.kms.katalon.core.main.ScriptEngine.runScriptAsRawText(ScriptEngine.java:119)
	at com.kms.katalon.core.main.TestCaseExecutor.runScript(TestCaseExecutor.java:445)
	at com.kms.katalon.core.main.TestCaseExecutor.doExecute(TestCaseExecutor.java:436)
	at com.kms.katalon.core.main.TestCaseExecutor.processExecutionPhase(TestCaseExecutor.java:415)
	at com.kms.katalon.core.main.TestCaseExecutor.accessMainPhase(TestCaseExecutor.java:407)
	at com.kms.katalon.core.main.TestCaseExecutor.execute(TestCaseExecutor.java:284)
	at com.kms.katalon.core.common.CommonExecutor.accessTestCaseMainPhase(CommonExecutor.java:65)
	at com.kms.katalon.core.main.TestSuiteExecutor.accessTestSuiteMainPhase(TestSuiteExecutor.java:144)
	at com.kms.katalon.core.main.TestSuiteExecutor.execute(TestSuiteExecutor.java:106)
	at com.kms.katalon.core.main.TestCaseMain.startTestSuite(TestCaseMain.java:185)
	at com.kms.katalon.core.main.TestCaseMain$startTestSuite$0.call(Unknown Source)
	at TempTestSuite1705920083951.run(TempTestSuite1705920083951.groovy:36)
)

2024-01-22 18:12:20 - [MESSAGE][WARNING] - Web element with id: 'Object Repository/Stockbit/Bandarmology_Buyer3' located by 'By.xpath: //*[contains(@id, 'rc-tabs-')]/div[2]/div/div/div/div/div/div[2]/table/tbody/tr[4]/td[1]/p' is present after '1' second(s) (Root cause: com.kms.katalon.core.exception.StepFailedException: Web element with id: 'Object Repository/Stockbit/Bandarmology_Buyer3' located by 'By.xpath: //*[contains(@id, 'rc-tabs-')]/div[2]/div/div/div/div/div/div[2]/table/tbody/tr[4]/td[1]/p' is present after '1' second(s)
	at com.kms.katalon.core.webui.keyword.internal.WebUIKeywordMain.stepFailed(WebUIKeywordMain.groovy:64)
	at com.kms.katalon.core.webui.keyword.internal.WebUIKeywordMain$stepFailed$0.call(Unknown Source)
	at com.kms.katalon.core.webui.keyword.builtin.VerifyElementNotPresentKeyword$_verifyElementNotPresent_closure1.doCall(VerifyElementNotPresentKeyword.groovy:106)
	at com.kms.katalon.core.webui.keyword.builtin.VerifyElementNotPresentKeyword$_verifyElementNotPresent_closure1.doCall(VerifyElementNotPresentKeyword.groovy)
	at com.kms.katalon.core.webui.keyword.internal.WebUIKeywordMain.runKeyword(WebUIKeywordMain.groovy:20)
	at com.kms.katalon.core.webui.keyword.internal.WebUIKeywordMain$runKeyword.call(Unknown Source)
	at com.kms.katalon.core.webui.keyword.builtin.VerifyElementNotPresentKeyword.verifyElementNotPresent(VerifyElementNotPresentKeyword.groovy:117)
	at com.kms.katalon.core.webui.keyword.builtin.VerifyElementNotPresentKeyword.execute(VerifyElementNotPresentKeyword.groovy:68)
	at com.kms.katalon.core.keyword.internal.KeywordExecutor.executeKeywordForPlatform(KeywordExecutor.groovy:74)
	at com.kms.katalon.core.webui.keyword.WebUiBuiltInKeywords.verifyElementNotPresent(WebUiBuiltInKeywords.groovy:1481)
	at com.kms.katalon.core.webui.keyword.WebUiBuiltInKeywords$verifyElementNotPresent$8.call(Unknown Source)
	at GetBrokSumPriceDaily.run(GetBrokSumPriceDaily:361)
	at com.kms.katalon.core.main.ScriptEngine.run(ScriptEngine.java:194)
	at com.kms.katalon.core.main.ScriptEngine.runScriptAsRawText(ScriptEngine.java:119)
	at com.kms.katalon.core.main.TestCaseExecutor.runScript(TestCaseExecutor.java:445)
	at com.kms.katalon.core.main.TestCaseExecutor.doExecute(TestCaseExecutor.java:436)
	at com.kms.katalon.core.main.TestCaseExecutor.processExecutionPhase(TestCaseExecutor.java:415)
	at com.kms.katalon.core.main.TestCaseExecutor.accessMainPhase(TestCaseExecutor.java:407)
	at com.kms.katalon.core.main.TestCaseExecutor.execute(TestCaseExecutor.java:284)
	at com.kms.katalon.core.common.CommonExecutor.accessTestCaseMainPhase(CommonExecutor.java:65)
	at com.kms.katalon.core.main.TestSuiteExecutor.accessTestSuiteMainPhase(TestSuiteExecutor.java:144)
	at com.kms.katalon.core.main.TestSuiteExecutor.execute(TestSuiteExecutor.java:106)
	at com.kms.katalon.core.main.TestCaseMain.startTestSuite(TestCaseMain.java:185)
	at com.kms.katalon.core.main.TestCaseMain$startTestSuite$0.call(Unknown Source)
	at TempTestSuite1705920083951.run(TempTestSuite1705920083951.groovy:36)
)
[[ATTACHMENT|C:\\Users\\Fadli\\git\\KatalonDailyGetData2\\Reports\\20240122_174123\\TS1\\20240122_174123\\1705921939927.png]]

2024-01-22 18:12:20 - [TEST_STEP][PASSED] - else: null

2024-01-22 18:12:20 - [TEST_STEP][PASSED] - strBuyer3 = getText(findTestObject("Stockbit/Bandarmology_Buyer3")): Text of object 'Object Repository/Stockbit/Bandarmology_Buyer3' is: 'YU'

2024-01-22 18:12:20 - [MESSAGE][PASSED] - Text of object 'Object Repository/Stockbit/Bandarmology_Buyer3' is: 'YU'

2024-01-22 18:12:20 - [TEST_STEP][PASSED] - strBuyerVol3 = getText(findTestObject("Stockbit/Bandarmology_BuyerVol3")): Text of object 'Object Repository/Stockbit/Bandarmology_BuyerVol3' is: '8.2 K'

2024-01-22 18:12:20 - [MESSAGE][PASSED] - Text of object 'Object Repository/Stockbit/Bandarmology_BuyerVol3' is: '8.2 K'

2024-01-22 18:12:20 - [TEST_STEP][PASSED] - strBuyerAvg3 = getText(findTestObject("Stockbit/Bandarmology_BuyerAvg3")): Text of object 'Object Repository/Stockbit/Bandarmology_BuyerAvg3' is: '110'

2024-01-22 18:12:20 - [MESSAGE][PASSED] - Text of object 'Object Repository/Stockbit/Bandarmology_BuyerAvg3' is: '110'

2024-01-22 18:12:20 - [TEST_STEP][PASSED] - if (strBuyer3 != ""): null

2024-01-22 18:12:20 - [TEST_STEP][PASSED] - if (strBuyerAvg3.contains(",")): null

2024-01-22 18:12:20 - [TEST_STEP][PASSED] - if (strBuyerVol3.contains(" B")): null

2024-01-22 18:12:20 - [TEST_STEP][PASSED] - else if (strBuyerVol3.contains(" M")): null

2024-01-22 18:12:20 - [TEST_STEP][PASSED] - else if (strBuyerVol3.contains(" K")): null

2024-01-22 18:12:20 - [TEST_STEP][PASSED] - strBuyerVol3 = strBuyerVol3.replace(" K", ""): null

2024-01-22 18:12:20 - [TEST_STEP][PASSED] - strBuyerVol3 = strBuyerVol3.toDouble() * 1000: null

2024-01-22 18:12:20 - [TEST_STEP][PASSED] - if (verifyElementNotPresent(findTestObject("Stockbit/Bandarmology_Seller3"), 1, OPTIONAL)): Web element with id: 'Object Repository/Stockbit/Bandarmology_Seller3' located by 'By.xpath: //*[contains(@id, 'rc-tabs-')]/div[2]/div/div/div/div/div/div[2]/table/tbody/tr[4]/td[5]/p' is present after '1' second(s) (Root cause: com.kms.katalon.core.exception.StepFailedException: Web element with id: 'Object Repository/Stockbit/Bandarmology_Seller3' located by 'By.xpath: //*[contains(@id, 'rc-tabs-')]/div[2]/div/div/div/div/div/div[2]/table/tbody/tr[4]/td[5]/p' is present after '1' second(s)
	at com.kms.katalon.core.webui.keyword.internal.WebUIKeywordMain.stepFailed(WebUIKeywordMain.groovy:64)
	at com.kms.katalon.core.webui.keyword.internal.WebUIKeywordMain$stepFailed$0.call(Unknown Source)
	at com.kms.katalon.core.webui.keyword.builtin.VerifyElementNotPresentKeyword$_verifyElementNotPresent_closure1.doCall(VerifyElementNotPresentKeyword.groovy:106)
	at com.kms.katalon.core.webui.keyword.builtin.VerifyElementNotPresentKeyword$_verifyElementNotPresent_closure1.doCall(VerifyElementNotPresentKeyword.groovy)
	at com.kms.katalon.core.webui.keyword.internal.WebUIKeywordMain.runKeyword(WebUIKeywordMain.groovy:20)
	at com.kms.katalon.core.webui.keyword.internal.WebUIKeywordMain$runKeyword.call(Unknown Source)
	at com.kms.katalon.core.webui.keyword.builtin.VerifyElementNotPresentKeyword.verifyElementNotPresent(VerifyElementNotPresentKeyword.groovy:117)
	at com.kms.katalon.core.webui.keyword.builtin.VerifyElementNotPresentKeyword.execute(VerifyElementNotPresentKeyword.groovy:68)
	at com.kms.katalon.core.keyword.internal.KeywordExecutor.executeKeywordForPlatform(KeywordExecutor.groovy:74)
	at com.kms.katalon.core.webui.keyword.WebUiBuiltInKeywords.verifyElementNotPresent(WebUiBuiltInKeywords.groovy:1481)
	at com.kms.katalon.core.webui.keyword.WebUiBuiltInKeywords$verifyElementNotPresent$8.call(Unknown Source)
	at GetBrokSumPriceDaily.run(GetBrokSumPriceDaily:414)
	at com.kms.katalon.core.main.ScriptEngine.run(ScriptEngine.java:194)
	at com.kms.katalon.core.main.ScriptEngine.runScriptAsRawText(ScriptEngine.java:119)
	at com.kms.katalon.core.main.TestCaseExecutor.runScript(TestCaseExecutor.java:445)
	at com.kms.katalon.core.main.TestCaseExecutor.doExecute(TestCaseExecutor.java:436)
	at com.kms.katalon.core.main.TestCaseExecutor.processExecutionPhase(TestCaseExecutor.java:415)
	at com.kms.katalon.core.main.TestCaseExecutor.accessMainPhase(TestCaseExecutor.java:407)
	at com.kms.katalon.core.main.TestCaseExecutor.execute(TestCaseExecutor.java:284)
	at com.kms.katalon.core.common.CommonExecutor.accessTestCaseMainPhase(CommonExecutor.java:65)
	at com.kms.katalon.core.main.TestSuiteExecutor.accessTestSuiteMainPhase(TestSuiteExecutor.java:144)
	at com.kms.katalon.core.main.TestSuiteExecutor.execute(TestSuiteExecutor.java:106)
	at com.kms.katalon.core.main.TestCaseMain.startTestSuite(TestCaseMain.java:185)
	at com.kms.katalon.core.main.TestCaseMain$startTestSuite$0.call(Unknown Source)
	at TempTestSuite1705920083951.run(TempTestSuite1705920083951.groovy:36)
)

2024-01-22 18:12:22 - [MESSAGE][WARNING] - Web element with id: 'Object Repository/Stockbit/Bandarmology_Seller3' located by 'By.xpath: //*[contains(@id, 'rc-tabs-')]/div[2]/div/div/div/div/div/div[2]/table/tbody/tr[4]/td[5]/p' is present after '1' second(s) (Root cause: com.kms.katalon.core.exception.StepFailedException: Web element with id: 'Object Repository/Stockbit/Bandarmology_Seller3' located by 'By.xpath: //*[contains(@id, 'rc-tabs-')]/div[2]/div/div/div/div/div/div[2]/table/tbody/tr[4]/td[5]/p' is present after '1' second(s)
	at com.kms.katalon.core.webui.keyword.internal.WebUIKeywordMain.stepFailed(WebUIKeywordMain.groovy:64)
	at com.kms.katalon.core.webui.keyword.internal.WebUIKeywordMain$stepFailed$0.call(Unknown Source)
	at com.kms.katalon.core.webui.keyword.builtin.VerifyElementNotPresentKeyword$_verifyElementNotPresent_closure1.doCall(VerifyElementNotPresentKeyword.groovy:106)
	at com.kms.katalon.core.webui.keyword.builtin.VerifyElementNotPresentKeyword$_verifyElementNotPresent_closure1.doCall(VerifyElementNotPresentKeyword.groovy)
	at com.kms.katalon.core.webui.keyword.internal.WebUIKeywordMain.runKeyword(WebUIKeywordMain.groovy:20)
	at com.kms.katalon.core.webui.keyword.internal.WebUIKeywordMain$runKeyword.call(Unknown Source)
	at com.kms.katalon.core.webui.keyword.builtin.VerifyElementNotPresentKeyword.verifyElementNotPresent(VerifyElementNotPresentKeyword.groovy:117)
	at com.kms.katalon.core.webui.keyword.builtin.VerifyElementNotPresentKeyword.execute(VerifyElementNotPresentKeyword.groovy:68)
	at com.kms.katalon.core.keyword.internal.KeywordExecutor.executeKeywordForPlatform(KeywordExecutor.groovy:74)
	at com.kms.katalon.core.webui.keyword.WebUiBuiltInKeywords.verifyElementNotPresent(WebUiBuiltInKeywords.groovy:1481)
	at com.kms.katalon.core.webui.keyword.WebUiBuiltInKeywords$verifyElementNotPresent$8.call(Unknown Source)
	at GetBrokSumPriceDaily.run(GetBrokSumPriceDaily:414)
	at com.kms.katalon.core.main.ScriptEngine.run(ScriptEngine.java:194)
	at com.kms.katalon.core.main.ScriptEngine.runScriptAsRawText(ScriptEngine.java:119)
	at com.kms.katalon.core.main.TestCaseExecutor.runScript(TestCaseExecutor.java:445)
	at com.kms.katalon.core.main.TestCaseExecutor.doExecute(TestCaseExecutor.java:436)
	at com.kms.katalon.core.main.TestCaseExecutor.processExecutionPhase(TestCaseExecutor.java:415)
	at com.kms.katalon.core.main.TestCaseExecutor.accessMainPhase(TestCaseExecutor.java:407)
	at com.kms.katalon.core.main.TestCaseExecutor.execute(TestCaseExecutor.java:284)
	at com.kms.katalon.core.common.CommonExecutor.accessTestCaseMainPhase(CommonExecutor.java:65)
	at com.kms.katalon.core.main.TestSuiteExecutor.accessTestSuiteMainPhase(TestSuiteExecutor.java:144)
	at com.kms.katalon.core.main.TestSuiteExecutor.execute(TestSuiteExecutor.java:106)
	at com.kms.katalon.core.main.TestCaseMain.startTestSuite(TestCaseMain.java:185)
	at com.kms.katalon.core.main.TestCaseMain$startTestSuite$0.call(Unknown Source)
	at TempTestSuite1705920083951.run(TempTestSuite1705920083951.groovy:36)
)
[[ATTACHMENT|C:\\Users\\Fadli\\git\\KatalonDailyGetData2\\Reports\\20240122_174123\\TS1\\20240122_174123\\1705921941953.png]]

2024-01-22 18:12:22 - [TEST_STEP][PASSED] - else: null

2024-01-22 18:12:22 - [TEST_STEP][PASSED] - strSeller3 = getText(findTestObject("Stockbit/Bandarmology_Seller3")): Text of object 'Object Repository/Stockbit/Bandarmology_Seller3' is: 'CP'

2024-01-22 18:12:22 - [MESSAGE][PASSED] - Text of object 'Object Repository/Stockbit/Bandarmology_Seller3' is: 'CP'

2024-01-22 18:12:22 - [TEST_STEP][PASSED] - strSellerVol3 = getText(findTestObject("Stockbit/Bandarmology_SellerVol3")): Text of object 'Object Repository/Stockbit/Bandarmology_SellerVol3' is: '8.9 K'

2024-01-22 18:12:22 - [MESSAGE][PASSED] - Text of object 'Object Repository/Stockbit/Bandarmology_SellerVol3' is: '8.9 K'

2024-01-22 18:12:22 - [TEST_STEP][PASSED] - strSellerAvg3 = getText(findTestObject("Stockbit/Bandarmology_SellerAvg3")): Text of object 'Object Repository/Stockbit/Bandarmology_SellerAvg3' is: '106'

2024-01-22 18:12:22 - [MESSAGE][PASSED] - Text of object 'Object Repository/Stockbit/Bandarmology_SellerAvg3' is: '106'

2024-01-22 18:12:22 - [TEST_STEP][PASSED] - if (strSeller3 != ""): null

2024-01-22 18:12:22 - [TEST_STEP][PASSED] - if (strSellerAvg3.contains(",")): null

2024-01-22 18:12:22 - [TEST_STEP][PASSED] - if (strSellerVol3.contains(" B")): null

2024-01-22 18:12:22 - [TEST_STEP][PASSED] - else if (strSellerVol3.contains(" M")): null

2024-01-22 18:12:22 - [TEST_STEP][PASSED] - else if (strSellerVol3.contains(" K")): null

2024-01-22 18:12:22 - [TEST_STEP][PASSED] - strSellerVol3 = strSellerVol3.replace(" K", ""): null

2024-01-22 18:12:22 - [TEST_STEP][PASSED] - strSellerVol3 = strSellerVol3.toDouble() * 1000: null

2024-01-22 18:12:22 - [TEST_STEP][PASSED] - strAccDist = getText(findTestObject("Stockbit/Bandarmology_AccDist")): Text of object 'Object Repository/Stockbit/Bandarmology_AccDist' is: 'Dist'

2024-01-22 18:12:22 - [MESSAGE][PASSED] - Text of object 'Object Repository/Stockbit/Bandarmology_AccDist' is: 'Dist'

2024-01-22 18:12:22 - [TEST_STEP][PASSED] - strNetVol = getText(findTestObject("Stockbit/Bandarmology_NetVol")): Text of object 'Object Repository/Stockbit/Bandarmology_NetVol' is: '54,892'

2024-01-22 18:12:23 - [MESSAGE][PASSED] - Text of object 'Object Repository/Stockbit/Bandarmology_NetVol' is: '54,892'

2024-01-22 18:12:23 - [TEST_STEP][PASSED] - strNetVol = strNetVol.replace(",", ""): null

2024-01-22 18:12:23 - [TEST_STEP][PASSED] - strNetVal = getText(findTestObject("Stockbit/Bandarmology_NetVal")): Text of object 'Object Repository/Stockbit/Bandarmology_NetVal' is: '0.6 B'

2024-01-22 18:12:23 - [MESSAGE][PASSED] - Text of object 'Object Repository/Stockbit/Bandarmology_NetVal' is: '0.6 B'

2024-01-22 18:12:23 - [TEST_STEP][PASSED] - delay(3): Delayed 3 second(s)

2024-01-22 18:12:26 - [MESSAGE][PASSED] - Delayed 3 second(s)

2024-01-22 18:12:26 - [TEST_STEP][PASSED] - strOpenPrice = getText(findTestObject("Stockbit/Home_OpenPrice")): Text of object 'Object Repository/Stockbit/Home_OpenPrice' is: '108'

2024-01-22 18:12:26 - [MESSAGE][PASSED] - Text of object 'Object Repository/Stockbit/Home_OpenPrice' is: '108'

2024-01-22 18:12:26 - [TEST_STEP][PASSED] - strOpenPrice = strOpenPrice.replace(",", ""): null

2024-01-22 18:12:26 - [TEST_STEP][PASSED] - strLowPrice = getText(findTestObject("Stockbit/Home_LowPrice")): Text of object 'Object Repository/Stockbit/Home_LowPrice' is: '105'

2024-01-22 18:12:26 - [MESSAGE][PASSED] - Text of object 'Object Repository/Stockbit/Home_LowPrice' is: '105'

2024-01-22 18:12:26 - [TEST_STEP][PASSED] - strLowPrice = strLowPrice.replace(",", ""): null

2024-01-22 18:12:26 - [TEST_STEP][PASSED] - strHighPrice = getText(findTestObject("Stockbit/Home_HighPrice")): Text of object 'Object Repository/Stockbit/Home_HighPrice' is: '112'

2024-01-22 18:12:26 - [MESSAGE][PASSED] - Text of object 'Object Repository/Stockbit/Home_HighPrice' is: '112'

2024-01-22 18:12:26 - [TEST_STEP][PASSED] - strHighPrice = strHighPrice.replace(",", ""): null

2024-01-22 18:12:26 - [TEST_STEP][PASSED] - strClosePrice = getText(findTestObject("Stockbit/Home_ClosePrice")): Text of object 'Object Repository/Stockbit/Home_ClosePrice' is: '105'

2024-01-22 18:12:26 - [MESSAGE][PASSED] - Text of object 'Object Repository/Stockbit/Home_ClosePrice' is: '105'

2024-01-22 18:12:26 - [TEST_STEP][PASSED] - strClosePrice = strClosePrice.replace(",", ""): null

2024-01-22 18:12:26 - [TEST_STEP][PASSED] - strVol = getText(findTestObject("Stockbit/Home_Volume")): Text of object 'Object Repository/Stockbit/Home_Volume' is: '134 K'

2024-01-22 18:12:26 - [MESSAGE][PASSED] - Text of object 'Object Repository/Stockbit/Home_Volume' is: '134 K'

2024-01-22 18:12:26 - [TEST_STEP][PASSED] - if (strVol.contains(" K")): null

2024-01-22 18:12:26 - [TEST_STEP][PASSED] - strVol = strVol.replace(" K", "000"): null

2024-01-22 18:12:26 - [TEST_STEP][PASSED] - if (strVol.contains(",")): null

2024-01-22 18:12:26 - [TEST_STEP][PASSED] - strChange = getText(findTestObject("Stockbit/Home_Change")): Text of object 'Object Repository/Stockbit/Home_Change' is: '-4.55%'

2024-01-22 18:12:27 - [MESSAGE][PASSED] - Text of object 'Object Repository/Stockbit/Home_Change' is: '-4.55%'

2024-01-22 18:12:27 - [TEST_STEP][PASSED] - strChange = strChange.replace("%", ""): null

2024-01-22 18:12:27 - [TEST_STEP][PASSED] - strFreq = getText(findTestObject("Stockbit/Home_Freq")): Text of object 'Object Repository/Stockbit/Home_Freq' is: '810'

2024-01-22 18:12:27 - [MESSAGE][PASSED] - Text of object 'Object Repository/Stockbit/Home_Freq' is: '810'

2024-01-22 18:12:27 - [TEST_STEP][PASSED] - if (strFreq.contains(",")): null

2024-01-22 18:12:27 - [TEST_STEP][PASSED] - if (strFreq == "NA" || strFreq == ""): null

2024-01-22 18:12:27 - [TEST_STEP][PASSED] - else: null

2024-01-22 18:12:27 - [TEST_STEP][PASSED] - dblFreqAnal = strVol.toDouble() / strFreq.toDouble() * strFreq.toDouble() * strFreq.toDouble() * 100000000: null

2024-01-22 18:12:27 - [TEST_STEP][PASSED] - strFreqAnal = String.format("%.4f", dblFreqAnal): null

2024-01-22 18:12:27 - [TEST_STEP][PASSED] - out.println("Double strFreqAnal: " + strFreqAnal): null

2024-01-22 18:12:27 - [TEST_STEP][PASSED] - strTanggal = d.format(DateTimeFormatter.ofPattern("yyyy-MM-dd")): null

2024-01-22 18:12:27 - [TEST_STEP][PASSED] - strTanggal = "#" + strTanggal + "#": null

2024-01-22 18:12:27 - [TEST_STEP][PASSED] - strSQL = "select count(*) as JumBaris from TblBrokSum where Nama = '" + strNama + "' and Tanggal = " + strTanggal + "": null

2024-01-22 18:12:27 - [TEST_STEP][PASSED] - resultSet = statement.executeQuery(strSQL): null

2024-01-22 18:12:27 - [TEST_STEP][PASSED] - resultSet.next(): null

2024-01-22 18:12:27 - [TEST_STEP][PASSED] - intJumBaris = resultSet.getInt("JumBaris"): null

2024-01-22 18:12:27 - [TEST_STEP][PASSED] - if (intJumBaris > 0): null

2024-01-22 18:12:27 - [TEST_STEP][PASSED] - else: null

2024-01-22 18:12:27 - [TEST_STEP][PASSED] - try: null

2024-01-22 18:12:27 - [TEST_STEP][PASSED] - out.println("Insert data"): null

2024-01-22 18:12:27 - [TEST_STEP][PASSED] - strSQL = "insert into TblBrokSum (nama, tanggal, top1, top2, top3, AllBrokAvg, AccDist, AvgRP, " + "Buyer1, BuyerVal1, BuyerAvg1, Seller1, SellerVal1, SellerAvg1, Buyer2, BuyerVal2, BuyerAvg2, " + "Seller2, SellerVal2, SellerAvg2, Buyer3, BuyerVal3, BuyerAvg3, Seller3, SellerVal3, SellerAvg3, NetVol, NetVal, " + "OpenPrice, LowPrice, HighPrice, ClosePrice, Volume, Change, Frekuensi, FrekAnal) " + "values ('" + strNama + "', " + strTanggal + ", '" + strTop1 + "', '" + strTop3 + "', '" + strTop5 + "', " + "'" + strAllBrokAvg + "', '" + strAccDist + "', " + intAvgRP + ", '" + strBuyer1 + "', '" + strBuyerVol1 + "', " + strBuyerAvg1 + ", " + "'" + strSeller1 + "', '" + strSellerVol1 + "', " + strSellerAvg1 + ", '" + strBuyer2 + "', '" + strBuyerVol2 + "', " + strBuyerAvg2 + ", " + "'" + strSeller2 + "', '" + strSellerVol2 + "', " + strSellerAvg2 + ", '" + strBuyer3 + "', '" + strBuyerVol3 + "', " + strBuyerAvg3 + ", " + "'" + strSeller3 + "', '" + strSellerVol3 + "', " + strSellerAvg3 + ", " + strNetVol + ", '" + strNetVal + "', " + "" + strOpenPrice + ", " + strLowPrice + ", " + strHighPrice + ", " + strClosePrice + ", '" + strVol + "', " + strChange + ", " + strFreq + ", " + strFreqAnal + ");": null

2024-01-22 18:12:27 - [TEST_STEP][PASSED] - out.println("strSQL = " + strSQL): null

2024-01-22 18:12:27 - [TEST_STEP][PASSED] - statement.executeUpdate(strSQL): null

2024-01-22 18:12:27 - [TEST_STEP][PASSED] - setValueToCellByIndex(sheet01, rowIndex, 4, "DONE"): null

2024-01-22 18:12:27 - [TEST_STEP][PASSED] - saveWorkbook(excelFilePath, workbook01): null

2024-01-22 18:12:27 - [TEST_STEP][PASSED] - waitForElementClickable(findTestObject("Stockbit/menu_Bandarmology"), 10): Object 'Object Repository/Stockbit/menu_Bandarmology' is clickable

2024-01-22 18:12:27 - [MESSAGE][PASSED] - Object 'Object Repository/Stockbit/menu_Bandarmology' is clickable

2024-01-22 18:12:27 - [TEST_STEP][PASSED] - click(findTestObject("Stockbit/menu_Bandarmology")): Object: 'Object Repository/Stockbit/menu_Bandarmology' is clicked on

2024-01-22 18:12:27 - [MESSAGE][PASSED] - Object: 'Object Repository/Stockbit/menu_Bandarmology' is clicked on

2024-01-22 18:12:27 - [TEST_STEP][PASSED] - strTemp = "NA": null

2024-01-22 18:12:27 - [TEST_STEP][PASSED] - if (getCellValueByIndex(sheet01, rowIndex, 4) != "DONE"): Object: 'Object Repository/Stockbit/menu_Bandarmology' is clicked on

2024-01-22 18:12:27 - [TEST_STEP][PASSED] - strNama = getCellValueByIndex(sheet01, rowIndex, 0): null

2024-01-22 18:12:27 - [TEST_STEP][PASSED] - navigateToUrl("https://stockbit.com/#/symbol/" + strNama): Navigate to 'https://stockbit.com/#/symbol/AMIN' successfully

2024-01-22 18:12:29 - [MESSAGE][PASSED] - Navigate to 'https://stockbit.com/#/symbol/AMIN' successfully

2024-01-22 18:12:29 - [TEST_STEP][PASSED] - waitForElementClickable(findTestObject("Stockbit/menu_Bandarmology"), 10): Object 'Object Repository/Stockbit/menu_Bandarmology' is clickable

2024-01-22 18:12:30 - [MESSAGE][PASSED] - Object 'Object Repository/Stockbit/menu_Bandarmology' is clickable

2024-01-22 18:12:30 - [TEST_STEP][PASSED] - click(findTestObject("Stockbit/menu_Bandarmology")): Object: 'Object Repository/Stockbit/menu_Bandarmology' is clicked on

2024-01-22 18:12:30 - [MESSAGE][PASSED] - Object: 'Object Repository/Stockbit/menu_Bandarmology' is clicked on

2024-01-22 18:12:30 - [TEST_STEP][PASSED] - strTanggal = d.format(DateTimeFormatter.ofPattern("MMM dd, yyyy")): null

2024-01-22 18:12:30 - [TEST_STEP][PASSED] - strTanggal = d.format(ISO_DATE): null

2024-01-22 18:12:30 - [TEST_STEP][PASSED] - out.println("strTanggal = " + strTanggal): null

2024-01-22 18:12:30 - [TEST_STEP][PASSED] - out.println("strNama = " + strNama): null

2024-01-22 18:12:30 - [TEST_STEP][PASSED] - out.println("Baris ke = " + rowIndex): null

2024-01-22 18:12:30 - [TEST_STEP][PASSED] - click(findTestObject("Stockbit/input__BandarmologyOpenStartDate")): Object: 'Object Repository/Stockbit/input__BandarmologyOpenStartDate' is clicked on

2024-01-22 18:12:32 - [MESSAGE][PASSED] - Object: 'Object Repository/Stockbit/input__BandarmologyOpenStartDate' is clicked on

2024-01-22 18:12:32 - [TEST_STEP][PASSED] - sendKeys(findTestObject("Stockbit/input__BandarmologyOpenStartDate"), Keys.chord(CONTROL, "a")): Keys 'CONTROL + a' sent to object: 'Object Repository/Stockbit/input__BandarmologyOpenStartDate'

2024-01-22 18:12:32 - [MESSAGE][PASSED] - Keys 'CONTROL + a' sent to object: 'Object Repository/Stockbit/input__BandarmologyOpenStartDate'

2024-01-22 18:12:32 - [TEST_STEP][PASSED] - sendKeys(findTestObject("Stockbit/input__BandarmologyOpenStartDate"), Keys.chord(BACK_SPACE)): Keys 'BACK_SPACE + ' sent to object: 'Object Repository/Stockbit/input__BandarmologyOpenStartDate'

2024-01-22 18:12:32 - [MESSAGE][PASSED] - Keys 'BACK_SPACE + ' sent to object: 'Object Repository/Stockbit/input__BandarmologyOpenStartDate'

2024-01-22 18:12:32 - [TEST_STEP][PASSED] - setText(findTestObject("Stockbit/input__BandarmologyOpenStartDate"), strTanggal): Text '2024-01-22' is set on object 'Object Repository/Stockbit/input__BandarmologyOpenStartDate'

2024-01-22 18:12:33 - [MESSAGE][PASSED] - Text '2024-01-22' is set on object 'Object Repository/Stockbit/input__BandarmologyOpenStartDate'

2024-01-22 18:12:33 - [TEST_STEP][PASSED] - sendKeys(findTestObject("Stockbit/input__BandarmologyOpenStartDate"), Keys.chord(ENTER)): Keys 'ENTER + ' sent to object: 'Object Repository/Stockbit/input__BandarmologyOpenStartDate'

2024-01-22 18:12:34 - [MESSAGE][PASSED] - Keys 'ENTER + ' sent to object: 'Object Repository/Stockbit/input__BandarmologyOpenStartDate'

2024-01-22 18:12:34 - [TEST_STEP][PASSED] - click(findTestObject("Stockbit/input__BandarmologyOpenEndDate")): Object: 'Object Repository/Stockbit/input__BandarmologyOpenEndDate' is clicked on

2024-01-22 18:12:34 - [MESSAGE][PASSED] - Object: 'Object Repository/Stockbit/input__BandarmologyOpenEndDate' is clicked on

2024-01-22 18:12:34 - [TEST_STEP][PASSED] - sendKeys(findTestObject("Stockbit/input__BandarmologyOpenEndDate"), Keys.chord(CONTROL, "a")): Keys 'CONTROL + a' sent to object: 'Object Repository/Stockbit/input__BandarmologyOpenEndDate'

2024-01-22 18:12:34 - [MESSAGE][PASSED] - Keys 'CONTROL + a' sent to object: 'Object Repository/Stockbit/input__BandarmologyOpenEndDate'

2024-01-22 18:12:34 - [TEST_STEP][PASSED] - sendKeys(findTestObject("Stockbit/input__BandarmologyOpenEndDate"), Keys.chord(BACK_SPACE)): Keys 'BACK_SPACE + ' sent to object: 'Object Repository/Stockbit/input__BandarmologyOpenEndDate'

2024-01-22 18:12:35 - [MESSAGE][PASSED] - Keys 'BACK_SPACE + ' sent to object: 'Object Repository/Stockbit/input__BandarmologyOpenEndDate'

2024-01-22 18:12:35 - [TEST_STEP][PASSED] - setText(findTestObject("Stockbit/input__BandarmologyOpenEndDate"), strTanggal): Text '2024-01-22' is set on object 'Object Repository/Stockbit/input__BandarmologyOpenEndDate'

2024-01-22 18:12:35 - [MESSAGE][PASSED] - Text '2024-01-22' is set on object 'Object Repository/Stockbit/input__BandarmologyOpenEndDate'

2024-01-22 18:12:35 - [TEST_STEP][PASSED] - sendKeys(findTestObject("Stockbit/input__BandarmologyOpenEndDate"), Keys.chord(ENTER)): Keys 'ENTER + ' sent to object: 'Object Repository/Stockbit/input__BandarmologyOpenEndDate'

2024-01-22 18:12:36 - [MESSAGE][PASSED] - Keys 'ENTER + ' sent to object: 'Object Repository/Stockbit/input__BandarmologyOpenEndDate'

2024-01-22 18:12:36 - [TEST_STEP][PASSED] - delay(2): Delayed 2 second(s)

2024-01-22 18:12:38 - [MESSAGE][PASSED] - Delayed 2 second(s)

2024-01-22 18:12:38 - [TEST_STEP][PASSED] - strTemp = getText(findTestObject("Stockbit/Bandarmology_AvgRP")): Text of object 'Object Repository/Stockbit/Bandarmology_AvgRP' is: '151'

2024-01-22 18:12:38 - [MESSAGE][PASSED] - Text of object 'Object Repository/Stockbit/Bandarmology_AvgRP' is: '151'

2024-01-22 18:12:38 - [TEST_STEP][PASSED] - out.println("Bandarmology_AvgRP = " + strTemp): null

2024-01-22 18:12:38 - [TEST_STEP][PASSED] - if (strTemp != "0"): null

2024-01-22 18:12:38 - [TEST_STEP][PASSED] - strTop1 = getText(findTestObject("Stockbit/Bandarmology_Top1")): Text of object 'Object Repository/Stockbit/Bandarmology_Top1' is: 'Neutral'

2024-01-22 18:12:38 - [MESSAGE][PASSED] - Text of object 'Object Repository/Stockbit/Bandarmology_Top1' is: 'Neutral'

2024-01-22 18:12:38 - [TEST_STEP][PASSED] - strTop3 = getText(findTestObject("Stockbit/Bandarmology_Top3")): Text of object 'Object Repository/Stockbit/Bandarmology_Top3' is: 'Neutral'

2024-01-22 18:12:38 - [MESSAGE][PASSED] - Text of object 'Object Repository/Stockbit/Bandarmology_Top3' is: 'Neutral'

2024-01-22 18:12:38 - [TEST_STEP][PASSED] - strTop5 = getText(findTestObject("Stockbit/Bandarmology_Top5")): Text of object 'Object Repository/Stockbit/Bandarmology_Top5' is: 'Neutral'

2024-01-22 18:12:38 - [MESSAGE][PASSED] - Text of object 'Object Repository/Stockbit/Bandarmology_Top5' is: 'Neutral'

2024-01-22 18:12:38 - [TEST_STEP][PASSED] - strAllBrokAvg = getText(findTestObject("Stockbit/Bandarmology_TopAVG")): Text of object 'Object Repository/Stockbit/Bandarmology_TopAVG' is: 'Neutral'

2024-01-22 18:12:38 - [MESSAGE][PASSED] - Text of object 'Object Repository/Stockbit/Bandarmology_TopAVG' is: 'Neutral'

2024-01-22 18:12:38 - [TEST_STEP][PASSED] - strTemp = getText(findTestObject("Stockbit/Bandarmology_AvgRP")): Text of object 'Object Repository/Stockbit/Bandarmology_AvgRP' is: '151'

2024-01-22 18:12:39 - [MESSAGE][PASSED] - Text of object 'Object Repository/Stockbit/Bandarmology_AvgRP' is: '151'

2024-01-22 18:12:39 - [TEST_STEP][PASSED] - if (strTemp.contains(",")): null

2024-01-22 18:12:39 - [TEST_STEP][PASSED] - intAvgRP = strTemp.toInteger(): null

2024-01-22 18:12:39 - [TEST_STEP][PASSED] - strBuyer1 = getText(findTestObject("Stockbit/Bandarmology_Buyer1")): Text of object 'Object Repository/Stockbit/Bandarmology_Buyer1' is: 'BQ'

2024-01-22 18:12:39 - [MESSAGE][PASSED] - Text of object 'Object Repository/Stockbit/Bandarmology_Buyer1' is: 'BQ'

2024-01-22 18:12:39 - [TEST_STEP][PASSED] - strBuyerVol1 = getText(findTestObject("Stockbit/Bandarmology_BuyerVol1")): Text of object 'Object Repository/Stockbit/Bandarmology_BuyerVol1' is: '138'

2024-01-22 18:12:39 - [MESSAGE][PASSED] - Text of object 'Object Repository/Stockbit/Bandarmology_BuyerVol1' is: '138'

2024-01-22 18:12:39 - [TEST_STEP][PASSED] - strBuyerAvg1 = getText(findTestObject("Stockbit/Bandarmology_BuyerAvg1")): Text of object 'Object Repository/Stockbit/Bandarmology_BuyerAvg1' is: '151'

2024-01-22 18:12:39 - [MESSAGE][PASSED] - Text of object 'Object Repository/Stockbit/Bandarmology_BuyerAvg1' is: '151'

2024-01-22 18:12:39 - [TEST_STEP][PASSED] - if (strBuyerAvg1.contains(",")): null

2024-01-22 18:12:39 - [TEST_STEP][PASSED] - if (strBuyerVol1.contains(" B")): null

2024-01-22 18:12:39 - [TEST_STEP][PASSED] - strSeller1 = getText(findTestObject("Stockbit/Bandarmology_Seller1")): Text of object 'Object Repository/Stockbit/Bandarmology_Seller1' is: 'PD'

2024-01-22 18:12:39 - [MESSAGE][PASSED] - Text of object 'Object Repository/Stockbit/Bandarmology_Seller1' is: 'PD'

2024-01-22 18:12:39 - [TEST_STEP][PASSED] - strSellerVol1 = getText(findTestObject("Stockbit/Bandarmology_SellerVol1")): Text of object 'Object Repository/Stockbit/Bandarmology_SellerVol1' is: '132'

2024-01-22 18:12:39 - [MESSAGE][PASSED] - Text of object 'Object Repository/Stockbit/Bandarmology_SellerVol1' is: '132'

2024-01-22 18:12:39 - [TEST_STEP][PASSED] - strSellerAvg1 = getText(findTestObject("Stockbit/Bandarmology_SellerAvg1")): Text of object 'Object Repository/Stockbit/Bandarmology_SellerAvg1' is: '151'

2024-01-22 18:12:39 - [MESSAGE][PASSED] - Text of object 'Object Repository/Stockbit/Bandarmology_SellerAvg1' is: '151'

2024-01-22 18:12:39 - [TEST_STEP][PASSED] - if (strSellerAvg1.contains(",")): null

2024-01-22 18:12:39 - [TEST_STEP][PASSED] - if (strSellerVol1.contains(" B")): null

2024-01-22 18:12:39 - [TEST_STEP][PASSED] - if (verifyElementNotPresent(findTestObject("Stockbit/Bandarmology_Buyer2"), 1, OPTIONAL)): Web element with id: 'Object Repository/Stockbit/Bandarmology_Buyer2' located by 'By.xpath: //*[contains(@id, 'rc-tabs-')]/div[2]/div/div/div/div/div/div[2]/table/tbody/tr[3]/td[1]/p' is present after '1' second(s) (Root cause: com.kms.katalon.core.exception.StepFailedException: Web element with id: 'Object Repository/Stockbit/Bandarmology_Buyer2' located by 'By.xpath: //*[contains(@id, 'rc-tabs-')]/div[2]/div/div/div/div/div/div[2]/table/tbody/tr[3]/td[1]/p' is present after '1' second(s)
	at com.kms.katalon.core.webui.keyword.internal.WebUIKeywordMain.stepFailed(WebUIKeywordMain.groovy:64)
	at com.kms.katalon.core.webui.keyword.internal.WebUIKeywordMain$stepFailed$0.call(Unknown Source)
	at com.kms.katalon.core.webui.keyword.builtin.VerifyElementNotPresentKeyword$_verifyElementNotPresent_closure1.doCall(VerifyElementNotPresentKeyword.groovy:106)
	at com.kms.katalon.core.webui.keyword.builtin.VerifyElementNotPresentKeyword$_verifyElementNotPresent_closure1.doCall(VerifyElementNotPresentKeyword.groovy)
	at com.kms.katalon.core.webui.keyword.internal.WebUIKeywordMain.runKeyword(WebUIKeywordMain.groovy:20)
	at com.kms.katalon.core.webui.keyword.internal.WebUIKeywordMain$runKeyword.call(Unknown Source)
	at com.kms.katalon.core.webui.keyword.builtin.VerifyElementNotPresentKeyword.verifyElementNotPresent(VerifyElementNotPresentKeyword.groovy:117)
	at com.kms.katalon.core.webui.keyword.builtin.VerifyElementNotPresentKeyword.execute(VerifyElementNotPresentKeyword.groovy:68)
	at com.kms.katalon.core.keyword.internal.KeywordExecutor.executeKeywordForPlatform(KeywordExecutor.groovy:74)
	at com.kms.katalon.core.webui.keyword.WebUiBuiltInKeywords.verifyElementNotPresent(WebUiBuiltInKeywords.groovy:1481)
	at com.kms.katalon.core.webui.keyword.WebUiBuiltInKeywords$verifyElementNotPresent$8.call(Unknown Source)
	at GetBrokSumPriceDaily.run(GetBrokSumPriceDaily:258)
	at com.kms.katalon.core.main.ScriptEngine.run(ScriptEngine.java:194)
	at com.kms.katalon.core.main.ScriptEngine.runScriptAsRawText(ScriptEngine.java:119)
	at com.kms.katalon.core.main.TestCaseExecutor.runScript(TestCaseExecutor.java:445)
	at com.kms.katalon.core.main.TestCaseExecutor.doExecute(TestCaseExecutor.java:436)
	at com.kms.katalon.core.main.TestCaseExecutor.processExecutionPhase(TestCaseExecutor.java:415)
	at com.kms.katalon.core.main.TestCaseExecutor.accessMainPhase(TestCaseExecutor.java:407)
	at com.kms.katalon.core.main.TestCaseExecutor.execute(TestCaseExecutor.java:284)
	at com.kms.katalon.core.common.CommonExecutor.accessTestCaseMainPhase(CommonExecutor.java:65)
	at com.kms.katalon.core.main.TestSuiteExecutor.accessTestSuiteMainPhase(TestSuiteExecutor.java:144)
	at com.kms.katalon.core.main.TestSuiteExecutor.execute(TestSuiteExecutor.java:106)
	at com.kms.katalon.core.main.TestCaseMain.startTestSuite(TestCaseMain.java:185)
	at com.kms.katalon.core.main.TestCaseMain$startTestSuite$0.call(Unknown Source)
	at TempTestSuite1705920083951.run(TempTestSuite1705920083951.groovy:36)
)

2024-01-22 18:12:41 - [MESSAGE][WARNING] - Web element with id: 'Object Repository/Stockbit/Bandarmology_Buyer2' located by 'By.xpath: //*[contains(@id, 'rc-tabs-')]/div[2]/div/div/div/div/div/div[2]/table/tbody/tr[3]/td[1]/p' is present after '1' second(s) (Root cause: com.kms.katalon.core.exception.StepFailedException: Web element with id: 'Object Repository/Stockbit/Bandarmology_Buyer2' located by 'By.xpath: //*[contains(@id, 'rc-tabs-')]/div[2]/div/div/div/div/div/div[2]/table/tbody/tr[3]/td[1]/p' is present after '1' second(s)
	at com.kms.katalon.core.webui.keyword.internal.WebUIKeywordMain.stepFailed(WebUIKeywordMain.groovy:64)
	at com.kms.katalon.core.webui.keyword.internal.WebUIKeywordMain$stepFailed$0.call(Unknown Source)
	at com.kms.katalon.core.webui.keyword.builtin.VerifyElementNotPresentKeyword$_verifyElementNotPresent_closure1.doCall(VerifyElementNotPresentKeyword.groovy:106)
	at com.kms.katalon.core.webui.keyword.builtin.VerifyElementNotPresentKeyword$_verifyElementNotPresent_closure1.doCall(VerifyElementNotPresentKeyword.groovy)
	at com.kms.katalon.core.webui.keyword.internal.WebUIKeywordMain.runKeyword(WebUIKeywordMain.groovy:20)
	at com.kms.katalon.core.webui.keyword.internal.WebUIKeywordMain$runKeyword.call(Unknown Source)
	at com.kms.katalon.core.webui.keyword.builtin.VerifyElementNotPresentKeyword.verifyElementNotPresent(VerifyElementNotPresentKeyword.groovy:117)
	at com.kms.katalon.core.webui.keyword.builtin.VerifyElementNotPresentKeyword.execute(VerifyElementNotPresentKeyword.groovy:68)
	at com.kms.katalon.core.keyword.internal.KeywordExecutor.executeKeywordForPlatform(KeywordExecutor.groovy:74)
	at com.kms.katalon.core.webui.keyword.WebUiBuiltInKeywords.verifyElementNotPresent(WebUiBuiltInKeywords.groovy:1481)
	at com.kms.katalon.core.webui.keyword.WebUiBuiltInKeywords$verifyElementNotPresent$8.call(Unknown Source)
	at GetBrokSumPriceDaily.run(GetBrokSumPriceDaily:258)
	at com.kms.katalon.core.main.ScriptEngine.run(ScriptEngine.java:194)
	at com.kms.katalon.core.main.ScriptEngine.runScriptAsRawText(ScriptEngine.java:119)
	at com.kms.katalon.core.main.TestCaseExecutor.runScript(TestCaseExecutor.java:445)
	at com.kms.katalon.core.main.TestCaseExecutor.doExecute(TestCaseExecutor.java:436)
	at com.kms.katalon.core.main.TestCaseExecutor.processExecutionPhase(TestCaseExecutor.java:415)
	at com.kms.katalon.core.main.TestCaseExecutor.accessMainPhase(TestCaseExecutor.java:407)
	at com.kms.katalon.core.main.TestCaseExecutor.execute(TestCaseExecutor.java:284)
	at com.kms.katalon.core.common.CommonExecutor.accessTestCaseMainPhase(CommonExecutor.java:65)
	at com.kms.katalon.core.main.TestSuiteExecutor.accessTestSuiteMainPhase(TestSuiteExecutor.java:144)
	at com.kms.katalon.core.main.TestSuiteExecutor.execute(TestSuiteExecutor.java:106)
	at com.kms.katalon.core.main.TestCaseMain.startTestSuite(TestCaseMain.java:185)
	at com.kms.katalon.core.main.TestCaseMain$startTestSuite$0.call(Unknown Source)
	at TempTestSuite1705920083951.run(TempTestSuite1705920083951.groovy:36)
)
[[ATTACHMENT|C:\\Users\\Fadli\\git\\KatalonDailyGetData2\\Reports\\20240122_174123\\TS1\\20240122_174123\\1705921960935.png]]

2024-01-22 18:12:41 - [TEST_STEP][PASSED] - else: null

2024-01-22 18:12:41 - [TEST_STEP][PASSED] - strBuyer2 = getText(findTestObject("Stockbit/Bandarmology_Buyer2")): Text of object 'Object Repository/Stockbit/Bandarmology_Buyer2' is: 'XL'

2024-01-22 18:12:41 - [MESSAGE][PASSED] - Text of object 'Object Repository/Stockbit/Bandarmology_Buyer2' is: 'XL'

2024-01-22 18:12:41 - [TEST_STEP][PASSED] - strBuyerVol2 = getText(findTestObject("Stockbit/Bandarmology_BuyerVol2")): Text of object 'Object Repository/Stockbit/Bandarmology_BuyerVol2' is: '2'

2024-01-22 18:12:41 - [MESSAGE][PASSED] - Text of object 'Object Repository/Stockbit/Bandarmology_BuyerVol2' is: '2'

2024-01-22 18:12:41 - [TEST_STEP][PASSED] - strBuyerAvg2 = getText(findTestObject("Stockbit/Bandarmology_BuyerAvg2")): Text of object 'Object Repository/Stockbit/Bandarmology_BuyerAvg2' is: '153'

2024-01-22 18:12:41 - [MESSAGE][PASSED] - Text of object 'Object Repository/Stockbit/Bandarmology_BuyerAvg2' is: '153'

2024-01-22 18:12:41 - [TEST_STEP][PASSED] - if (strBuyer2 != ""): null

2024-01-22 18:12:41 - [TEST_STEP][PASSED] - if (strBuyerAvg2.contains(",")): null

2024-01-22 18:12:41 - [TEST_STEP][PASSED] - if (strBuyerVol2.contains(" B")): null

2024-01-22 18:12:41 - [TEST_STEP][PASSED] - if (strBuyerVol2.contains(".")): null

2024-01-22 18:12:41 - [TEST_STEP][PASSED] - if (verifyElementNotPresent(findTestObject("Stockbit/Bandarmology_Seller2"), 1, OPTIONAL)): Web element with id: 'Object Repository/Stockbit/Bandarmology_Seller2' located by 'By.xpath: //*[contains(@id, 'rc-tabs-')]/div[2]/div/div/div/div/div/div[2]/table/tbody/tr[3]/td[5]/p' is present after '1' second(s) (Root cause: com.kms.katalon.core.exception.StepFailedException: Web element with id: 'Object Repository/Stockbit/Bandarmology_Seller2' located by 'By.xpath: //*[contains(@id, 'rc-tabs-')]/div[2]/div/div/div/div/div/div[2]/table/tbody/tr[3]/td[5]/p' is present after '1' second(s)
	at com.kms.katalon.core.webui.keyword.internal.WebUIKeywordMain.stepFailed(WebUIKeywordMain.groovy:64)
	at com.kms.katalon.core.webui.keyword.internal.WebUIKeywordMain$stepFailed$0.call(Unknown Source)
	at com.kms.katalon.core.webui.keyword.builtin.VerifyElementNotPresentKeyword$_verifyElementNotPresent_closure1.doCall(VerifyElementNotPresentKeyword.groovy:106)
	at com.kms.katalon.core.webui.keyword.builtin.VerifyElementNotPresentKeyword$_verifyElementNotPresent_closure1.doCall(VerifyElementNotPresentKeyword.groovy)
	at com.kms.katalon.core.webui.keyword.internal.WebUIKeywordMain.runKeyword(WebUIKeywordMain.groovy:20)
	at com.kms.katalon.core.webui.keyword.internal.WebUIKeywordMain$runKeyword.call(Unknown Source)
	at com.kms.katalon.core.webui.keyword.builtin.VerifyElementNotPresentKeyword.verifyElementNotPresent(VerifyElementNotPresentKeyword.groovy:117)
	at com.kms.katalon.core.webui.keyword.builtin.VerifyElementNotPresentKeyword.execute(VerifyElementNotPresentKeyword.groovy:68)
	at com.kms.katalon.core.keyword.internal.KeywordExecutor.executeKeywordForPlatform(KeywordExecutor.groovy:74)
	at com.kms.katalon.core.webui.keyword.WebUiBuiltInKeywords.verifyElementNotPresent(WebUiBuiltInKeywords.groovy:1481)
	at com.kms.katalon.core.webui.keyword.WebUiBuiltInKeywords$verifyElementNotPresent$8.call(Unknown Source)
	at GetBrokSumPriceDaily.run(GetBrokSumPriceDaily:309)
	at com.kms.katalon.core.main.ScriptEngine.run(ScriptEngine.java:194)
	at com.kms.katalon.core.main.ScriptEngine.runScriptAsRawText(ScriptEngine.java:119)
	at com.kms.katalon.core.main.TestCaseExecutor.runScript(TestCaseExecutor.java:445)
	at com.kms.katalon.core.main.TestCaseExecutor.doExecute(TestCaseExecutor.java:436)
	at com.kms.katalon.core.main.TestCaseExecutor.processExecutionPhase(TestCaseExecutor.java:415)
	at com.kms.katalon.core.main.TestCaseExecutor.accessMainPhase(TestCaseExecutor.java:407)
	at com.kms.katalon.core.main.TestCaseExecutor.execute(TestCaseExecutor.java:284)
	at com.kms.katalon.core.common.CommonExecutor.accessTestCaseMainPhase(CommonExecutor.java:65)
	at com.kms.katalon.core.main.TestSuiteExecutor.accessTestSuiteMainPhase(TestSuiteExecutor.java:144)
	at com.kms.katalon.core.main.TestSuiteExecutor.execute(TestSuiteExecutor.java:106)
	at com.kms.katalon.core.main.TestCaseMain.startTestSuite(TestCaseMain.java:185)
	at com.kms.katalon.core.main.TestCaseMain$startTestSuite$0.call(Unknown Source)
	at TempTestSuite1705920083951.run(TempTestSuite1705920083951.groovy:36)
)

2024-01-22 18:12:42 - [MESSAGE][WARNING] - Web element with id: 'Object Repository/Stockbit/Bandarmology_Seller2' located by 'By.xpath: //*[contains(@id, 'rc-tabs-')]/div[2]/div/div/div/div/div/div[2]/table/tbody/tr[3]/td[5]/p' is present after '1' second(s) (Root cause: com.kms.katalon.core.exception.StepFailedException: Web element with id: 'Object Repository/Stockbit/Bandarmology_Seller2' located by 'By.xpath: //*[contains(@id, 'rc-tabs-')]/div[2]/div/div/div/div/div/div[2]/table/tbody/tr[3]/td[5]/p' is present after '1' second(s)
	at com.kms.katalon.core.webui.keyword.internal.WebUIKeywordMain.stepFailed(WebUIKeywordMain.groovy:64)
	at com.kms.katalon.core.webui.keyword.internal.WebUIKeywordMain$stepFailed$0.call(Unknown Source)
	at com.kms.katalon.core.webui.keyword.builtin.VerifyElementNotPresentKeyword$_verifyElementNotPresent_closure1.doCall(VerifyElementNotPresentKeyword.groovy:106)
	at com.kms.katalon.core.webui.keyword.builtin.VerifyElementNotPresentKeyword$_verifyElementNotPresent_closure1.doCall(VerifyElementNotPresentKeyword.groovy)
	at com.kms.katalon.core.webui.keyword.internal.WebUIKeywordMain.runKeyword(WebUIKeywordMain.groovy:20)
	at com.kms.katalon.core.webui.keyword.internal.WebUIKeywordMain$runKeyword.call(Unknown Source)
	at com.kms.katalon.core.webui.keyword.builtin.VerifyElementNotPresentKeyword.verifyElementNotPresent(VerifyElementNotPresentKeyword.groovy:117)
	at com.kms.katalon.core.webui.keyword.builtin.VerifyElementNotPresentKeyword.execute(VerifyElementNotPresentKeyword.groovy:68)
	at com.kms.katalon.core.keyword.internal.KeywordExecutor.executeKeywordForPlatform(KeywordExecutor.groovy:74)
	at com.kms.katalon.core.webui.keyword.WebUiBuiltInKeywords.verifyElementNotPresent(WebUiBuiltInKeywords.groovy:1481)
	at com.kms.katalon.core.webui.keyword.WebUiBuiltInKeywords$verifyElementNotPresent$8.call(Unknown Source)
	at GetBrokSumPriceDaily.run(GetBrokSumPriceDaily:309)
	at com.kms.katalon.core.main.ScriptEngine.run(ScriptEngine.java:194)
	at com.kms.katalon.core.main.ScriptEngine.runScriptAsRawText(ScriptEngine.java:119)
	at com.kms.katalon.core.main.TestCaseExecutor.runScript(TestCaseExecutor.java:445)
	at com.kms.katalon.core.main.TestCaseExecutor.doExecute(TestCaseExecutor.java:436)
	at com.kms.katalon.core.main.TestCaseExecutor.processExecutionPhase(TestCaseExecutor.java:415)
	at com.kms.katalon.core.main.TestCaseExecutor.accessMainPhase(TestCaseExecutor.java:407)
	at com.kms.katalon.core.main.TestCaseExecutor.execute(TestCaseExecutor.java:284)
	at com.kms.katalon.core.common.CommonExecutor.accessTestCaseMainPhase(CommonExecutor.java:65)
	at com.kms.katalon.core.main.TestSuiteExecutor.accessTestSuiteMainPhase(TestSuiteExecutor.java:144)
	at com.kms.katalon.core.main.TestSuiteExecutor.execute(TestSuiteExecutor.java:106)
	at com.kms.katalon.core.main.TestCaseMain.startTestSuite(TestCaseMain.java:185)
	at com.kms.katalon.core.main.TestCaseMain$startTestSuite$0.call(Unknown Source)
	at TempTestSuite1705920083951.run(TempTestSuite1705920083951.groovy:36)
)
[[ATTACHMENT|C:\\Users\\Fadli\\git\\KatalonDailyGetData2\\Reports\\20240122_174123\\TS1\\20240122_174123\\1705921962649.png]]

2024-01-22 18:12:42 - [TEST_STEP][PASSED] - else: null

2024-01-22 18:12:42 - [TEST_STEP][PASSED] - strSeller2 = getText(findTestObject("Stockbit/Bandarmology_Seller2")): Text of object 'Object Repository/Stockbit/Bandarmology_Seller2' is: 'XC'

2024-01-22 18:12:42 - [MESSAGE][PASSED] - Text of object 'Object Repository/Stockbit/Bandarmology_Seller2' is: 'XC'

2024-01-22 18:12:42 - [TEST_STEP][PASSED] - strSellerVol2 = getText(findTestObject("Stockbit/Bandarmology_SellerVol2")): Text of object 'Object Repository/Stockbit/Bandarmology_SellerVol2' is: '9'

2024-01-22 18:12:43 - [MESSAGE][PASSED] - Text of object 'Object Repository/Stockbit/Bandarmology_SellerVol2' is: '9'

2024-01-22 18:12:43 - [TEST_STEP][PASSED] - strSellerAvg2 = getText(findTestObject("Stockbit/Bandarmology_SellerAvg2")): Text of object 'Object Repository/Stockbit/Bandarmology_SellerAvg2' is: '155'

2024-01-22 18:12:43 - [MESSAGE][PASSED] - Text of object 'Object Repository/Stockbit/Bandarmology_SellerAvg2' is: '155'

2024-01-22 18:12:43 - [TEST_STEP][PASSED] - if (strSeller2 != ""): null

2024-01-22 18:12:43 - [TEST_STEP][PASSED] - if (strSellerAvg2.contains(",")): null

2024-01-22 18:12:43 - [TEST_STEP][PASSED] - if (strSellerVol2.contains(" B")): null

2024-01-22 18:12:43 - [TEST_STEP][PASSED] - if (verifyElementNotPresent(findTestObject("Stockbit/Bandarmology_Buyer3"), 1, OPTIONAL)): Web element with id: 'Object Repository/Stockbit/Bandarmology_Buyer3' located by 'By.xpath: //*[contains(@id, 'rc-tabs-')]/div[2]/div/div/div/div/div/div[2]/table/tbody/tr[4]/td[1]/p' is present after '1' second(s) (Root cause: com.kms.katalon.core.exception.StepFailedException: Web element with id: 'Object Repository/Stockbit/Bandarmology_Buyer3' located by 'By.xpath: //*[contains(@id, 'rc-tabs-')]/div[2]/div/div/div/div/div/div[2]/table/tbody/tr[4]/td[1]/p' is present after '1' second(s)
	at com.kms.katalon.core.webui.keyword.internal.WebUIKeywordMain.stepFailed(WebUIKeywordMain.groovy:64)
	at com.kms.katalon.core.webui.keyword.internal.WebUIKeywordMain$stepFailed$0.call(Unknown Source)
	at com.kms.katalon.core.webui.keyword.builtin.VerifyElementNotPresentKeyword$_verifyElementNotPresent_closure1.doCall(VerifyElementNotPresentKeyword.groovy:106)
	at com.kms.katalon.core.webui.keyword.builtin.VerifyElementNotPresentKeyword$_verifyElementNotPresent_closure1.doCall(VerifyElementNotPresentKeyword.groovy)
	at com.kms.katalon.core.webui.keyword.internal.WebUIKeywordMain.runKeyword(WebUIKeywordMain.groovy:20)
	at com.kms.katalon.core.webui.keyword.internal.WebUIKeywordMain$runKeyword.call(Unknown Source)
	at com.kms.katalon.core.webui.keyword.builtin.VerifyElementNotPresentKeyword.verifyElementNotPresent(VerifyElementNotPresentKeyword.groovy:117)
	at com.kms.katalon.core.webui.keyword.builtin.VerifyElementNotPresentKeyword.execute(VerifyElementNotPresentKeyword.groovy:68)
	at com.kms.katalon.core.keyword.internal.KeywordExecutor.executeKeywordForPlatform(KeywordExecutor.groovy:74)
	at com.kms.katalon.core.webui.keyword.WebUiBuiltInKeywords.verifyElementNotPresent(WebUiBuiltInKeywords.groovy:1481)
	at com.kms.katalon.core.webui.keyword.WebUiBuiltInKeywords$verifyElementNotPresent$8.call(Unknown Source)
	at GetBrokSumPriceDaily.run(GetBrokSumPriceDaily:361)
	at com.kms.katalon.core.main.ScriptEngine.run(ScriptEngine.java:194)
	at com.kms.katalon.core.main.ScriptEngine.runScriptAsRawText(ScriptEngine.java:119)
	at com.kms.katalon.core.main.TestCaseExecutor.runScript(TestCaseExecutor.java:445)
	at com.kms.katalon.core.main.TestCaseExecutor.doExecute(TestCaseExecutor.java:436)
	at com.kms.katalon.core.main.TestCaseExecutor.processExecutionPhase(TestCaseExecutor.java:415)
	at com.kms.katalon.core.main.TestCaseExecutor.accessMainPhase(TestCaseExecutor.java:407)
	at com.kms.katalon.core.main.TestCaseExecutor.execute(TestCaseExecutor.java:284)
	at com.kms.katalon.core.common.CommonExecutor.accessTestCaseMainPhase(CommonExecutor.java:65)
	at com.kms.katalon.core.main.TestSuiteExecutor.accessTestSuiteMainPhase(TestSuiteExecutor.java:144)
	at com.kms.katalon.core.main.TestSuiteExecutor.execute(TestSuiteExecutor.java:106)
	at com.kms.katalon.core.main.TestCaseMain.startTestSuite(TestCaseMain.java:185)
	at com.kms.katalon.core.main.TestCaseMain$startTestSuite$0.call(Unknown Source)
	at TempTestSuite1705920083951.run(TempTestSuite1705920083951.groovy:36)
)

2024-01-22 18:12:44 - [MESSAGE][WARNING] - Web element with id: 'Object Repository/Stockbit/Bandarmology_Buyer3' located by 'By.xpath: //*[contains(@id, 'rc-tabs-')]/div[2]/div/div/div/div/div/div[2]/table/tbody/tr[4]/td[1]/p' is present after '1' second(s) (Root cause: com.kms.katalon.core.exception.StepFailedException: Web element with id: 'Object Repository/Stockbit/Bandarmology_Buyer3' located by 'By.xpath: //*[contains(@id, 'rc-tabs-')]/div[2]/div/div/div/div/div/div[2]/table/tbody/tr[4]/td[1]/p' is present after '1' second(s)
	at com.kms.katalon.core.webui.keyword.internal.WebUIKeywordMain.stepFailed(WebUIKeywordMain.groovy:64)
	at com.kms.katalon.core.webui.keyword.internal.WebUIKeywordMain$stepFailed$0.call(Unknown Source)
	at com.kms.katalon.core.webui.keyword.builtin.VerifyElementNotPresentKeyword$_verifyElementNotPresent_closure1.doCall(VerifyElementNotPresentKeyword.groovy:106)
	at com.kms.katalon.core.webui.keyword.builtin.VerifyElementNotPresentKeyword$_verifyElementNotPresent_closure1.doCall(VerifyElementNotPresentKeyword.groovy)
	at com.kms.katalon.core.webui.keyword.internal.WebUIKeywordMain.runKeyword(WebUIKeywordMain.groovy:20)
	at com.kms.katalon.core.webui.keyword.internal.WebUIKeywordMain$runKeyword.call(Unknown Source)
	at com.kms.katalon.core.webui.keyword.builtin.VerifyElementNotPresentKeyword.verifyElementNotPresent(VerifyElementNotPresentKeyword.groovy:117)
	at com.kms.katalon.core.webui.keyword.builtin.VerifyElementNotPresentKeyword.execute(VerifyElementNotPresentKeyword.groovy:68)
	at com.kms.katalon.core.keyword.internal.KeywordExecutor.executeKeywordForPlatform(KeywordExecutor.groovy:74)
	at com.kms.katalon.core.webui.keyword.WebUiBuiltInKeywords.verifyElementNotPresent(WebUiBuiltInKeywords.groovy:1481)
	at com.kms.katalon.core.webui.keyword.WebUiBuiltInKeywords$verifyElementNotPresent$8.call(Unknown Source)
	at GetBrokSumPriceDaily.run(GetBrokSumPriceDaily:361)
	at com.kms.katalon.core.main.ScriptEngine.run(ScriptEngine.java:194)
	at com.kms.katalon.core.main.ScriptEngine.runScriptAsRawText(ScriptEngine.java:119)
	at com.kms.katalon.core.main.TestCaseExecutor.runScript(TestCaseExecutor.java:445)
	at com.kms.katalon.core.main.TestCaseExecutor.doExecute(TestCaseExecutor.java:436)
	at com.kms.katalon.core.main.TestCaseExecutor.processExecutionPhase(TestCaseExecutor.java:415)
	at com.kms.katalon.core.main.TestCaseExecutor.accessMainPhase(TestCaseExecutor.java:407)
	at com.kms.katalon.core.main.TestCaseExecutor.execute(TestCaseExecutor.java:284)
	at com.kms.katalon.core.common.CommonExecutor.accessTestCaseMainPhase(CommonExecutor.java:65)
	at com.kms.katalon.core.main.TestSuiteExecutor.accessTestSuiteMainPhase(TestSuiteExecutor.java:144)
	at com.kms.katalon.core.main.TestSuiteExecutor.execute(TestSuiteExecutor.java:106)
	at com.kms.katalon.core.main.TestCaseMain.startTestSuite(TestCaseMain.java:185)
	at com.kms.katalon.core.main.TestCaseMain$startTestSuite$0.call(Unknown Source)
	at TempTestSuite1705920083951.run(TempTestSuite1705920083951.groovy:36)
)
[[ATTACHMENT|C:\\Users\\Fadli\\git\\KatalonDailyGetData2\\Reports\\20240122_174123\\TS1\\20240122_174123\\1705921964370.png]]

2024-01-22 18:12:44 - [TEST_STEP][PASSED] - else: null

2024-01-22 18:12:44 - [TEST_STEP][PASSED] - strBuyer3 = getText(findTestObject("Stockbit/Bandarmology_Buyer3")): Text of object 'Object Repository/Stockbit/Bandarmology_Buyer3' is: 'OD'

2024-01-22 18:12:44 - [MESSAGE][PASSED] - Text of object 'Object Repository/Stockbit/Bandarmology_Buyer3' is: 'OD'

2024-01-22 18:12:44 - [TEST_STEP][PASSED] - strBuyerVol3 = getText(findTestObject("Stockbit/Bandarmology_BuyerVol3")): Text of object 'Object Repository/Stockbit/Bandarmology_BuyerVol3' is: '2'

2024-01-22 18:12:44 - [MESSAGE][PASSED] - Text of object 'Object Repository/Stockbit/Bandarmology_BuyerVol3' is: '2'

2024-01-22 18:12:44 - [TEST_STEP][PASSED] - strBuyerAvg3 = getText(findTestObject("Stockbit/Bandarmology_BuyerAvg3")): Text of object 'Object Repository/Stockbit/Bandarmology_BuyerAvg3' is: '152'

2024-01-22 18:12:44 - [MESSAGE][PASSED] - Text of object 'Object Repository/Stockbit/Bandarmology_BuyerAvg3' is: '152'

2024-01-22 18:12:44 - [TEST_STEP][PASSED] - if (strBuyer3 != ""): null

2024-01-22 18:12:44 - [TEST_STEP][PASSED] - if (strBuyerAvg3.contains(",")): null

2024-01-22 18:12:44 - [TEST_STEP][PASSED] - if (strBuyerVol3.contains(" B")): null

2024-01-22 18:12:44 - [TEST_STEP][PASSED] - if (verifyElementNotPresent(findTestObject("Stockbit/Bandarmology_Seller3"), 1, OPTIONAL)): Web element with id: 'Object Repository/Stockbit/Bandarmology_Seller3' located by 'By.xpath: //*[contains(@id, 'rc-tabs-')]/div[2]/div/div/div/div/div/div[2]/table/tbody/tr[4]/td[5]/p' is present after '1' second(s) (Root cause: com.kms.katalon.core.exception.StepFailedException: Web element with id: 'Object Repository/Stockbit/Bandarmology_Seller3' located by 'By.xpath: //*[contains(@id, 'rc-tabs-')]/div[2]/div/div/div/div/div/div[2]/table/tbody/tr[4]/td[5]/p' is present after '1' second(s)
	at com.kms.katalon.core.webui.keyword.internal.WebUIKeywordMain.stepFailed(WebUIKeywordMain.groovy:64)
	at com.kms.katalon.core.webui.keyword.internal.WebUIKeywordMain$stepFailed$0.call(Unknown Source)
	at com.kms.katalon.core.webui.keyword.builtin.VerifyElementNotPresentKeyword$_verifyElementNotPresent_closure1.doCall(VerifyElementNotPresentKeyword.groovy:106)
	at com.kms.katalon.core.webui.keyword.builtin.VerifyElementNotPresentKeyword$_verifyElementNotPresent_closure1.doCall(VerifyElementNotPresentKeyword.groovy)
	at com.kms.katalon.core.webui.keyword.internal.WebUIKeywordMain.runKeyword(WebUIKeywordMain.groovy:20)
	at com.kms.katalon.core.webui.keyword.internal.WebUIKeywordMain$runKeyword.call(Unknown Source)
	at com.kms.katalon.core.webui.keyword.builtin.VerifyElementNotPresentKeyword.verifyElementNotPresent(VerifyElementNotPresentKeyword.groovy:117)
	at com.kms.katalon.core.webui.keyword.builtin.VerifyElementNotPresentKeyword.execute(VerifyElementNotPresentKeyword.groovy:68)
	at com.kms.katalon.core.keyword.internal.KeywordExecutor.executeKeywordForPlatform(KeywordExecutor.groovy:74)
	at com.kms.katalon.core.webui.keyword.WebUiBuiltInKeywords.verifyElementNotPresent(WebUiBuiltInKeywords.groovy:1481)
	at com.kms.katalon.core.webui.keyword.WebUiBuiltInKeywords$verifyElementNotPresent$8.call(Unknown Source)
	at GetBrokSumPriceDaily.run(GetBrokSumPriceDaily:414)
	at com.kms.katalon.core.main.ScriptEngine.run(ScriptEngine.java:194)
	at com.kms.katalon.core.main.ScriptEngine.runScriptAsRawText(ScriptEngine.java:119)
	at com.kms.katalon.core.main.TestCaseExecutor.runScript(TestCaseExecutor.java:445)
	at com.kms.katalon.core.main.TestCaseExecutor.doExecute(TestCaseExecutor.java:436)
	at com.kms.katalon.core.main.TestCaseExecutor.processExecutionPhase(TestCaseExecutor.java:415)
	at com.kms.katalon.core.main.TestCaseExecutor.accessMainPhase(TestCaseExecutor.java:407)
	at com.kms.katalon.core.main.TestCaseExecutor.execute(TestCaseExecutor.java:284)
	at com.kms.katalon.core.common.CommonExecutor.accessTestCaseMainPhase(CommonExecutor.java:65)
	at com.kms.katalon.core.main.TestSuiteExecutor.accessTestSuiteMainPhase(TestSuiteExecutor.java:144)
	at com.kms.katalon.core.main.TestSuiteExecutor.execute(TestSuiteExecutor.java:106)
	at com.kms.katalon.core.main.TestCaseMain.startTestSuite(TestCaseMain.java:185)
	at com.kms.katalon.core.main.TestCaseMain$startTestSuite$0.call(Unknown Source)
	at TempTestSuite1705920083951.run(TempTestSuite1705920083951.groovy:36)
)

2024-01-22 18:12:46 - [MESSAGE][WARNING] - Web element with id: 'Object Repository/Stockbit/Bandarmology_Seller3' located by 'By.xpath: //*[contains(@id, 'rc-tabs-')]/div[2]/div/div/div/div/div/div[2]/table/tbody/tr[4]/td[5]/p' is present after '1' second(s) (Root cause: com.kms.katalon.core.exception.StepFailedException: Web element with id: 'Object Repository/Stockbit/Bandarmology_Seller3' located by 'By.xpath: //*[contains(@id, 'rc-tabs-')]/div[2]/div/div/div/div/div/div[2]/table/tbody/tr[4]/td[5]/p' is present after '1' second(s)
	at com.kms.katalon.core.webui.keyword.internal.WebUIKeywordMain.stepFailed(WebUIKeywordMain.groovy:64)
	at com.kms.katalon.core.webui.keyword.internal.WebUIKeywordMain$stepFailed$0.call(Unknown Source)
	at com.kms.katalon.core.webui.keyword.builtin.VerifyElementNotPresentKeyword$_verifyElementNotPresent_closure1.doCall(VerifyElementNotPresentKeyword.groovy:106)
	at com.kms.katalon.core.webui.keyword.builtin.VerifyElementNotPresentKeyword$_verifyElementNotPresent_closure1.doCall(VerifyElementNotPresentKeyword.groovy)
	at com.kms.katalon.core.webui.keyword.internal.WebUIKeywordMain.runKeyword(WebUIKeywordMain.groovy:20)
	at com.kms.katalon.core.webui.keyword.internal.WebUIKeywordMain$runKeyword.call(Unknown Source)
	at com.kms.katalon.core.webui.keyword.builtin.VerifyElementNotPresentKeyword.verifyElementNotPresent(VerifyElementNotPresentKeyword.groovy:117)
	at com.kms.katalon.core.webui.keyword.builtin.VerifyElementNotPresentKeyword.execute(VerifyElementNotPresentKeyword.groovy:68)
	at com.kms.katalon.core.keyword.internal.KeywordExecutor.executeKeywordForPlatform(KeywordExecutor.groovy:74)
	at com.kms.katalon.core.webui.keyword.WebUiBuiltInKeywords.verifyElementNotPresent(WebUiBuiltInKeywords.groovy:1481)
	at com.kms.katalon.core.webui.keyword.WebUiBuiltInKeywords$verifyElementNotPresent$8.call(Unknown Source)
	at GetBrokSumPriceDaily.run(GetBrokSumPriceDaily:414)
	at com.kms.katalon.core.main.ScriptEngine.run(ScriptEngine.java:194)
	at com.kms.katalon.core.main.ScriptEngine.runScriptAsRawText(ScriptEngine.java:119)
	at com.kms.katalon.core.main.TestCaseExecutor.runScript(TestCaseExecutor.java:445)
	at com.kms.katalon.core.main.TestCaseExecutor.doExecute(TestCaseExecutor.java:436)
	at com.kms.katalon.core.main.TestCaseExecutor.processExecutionPhase(TestCaseExecutor.java:415)
	at com.kms.katalon.core.main.TestCaseExecutor.accessMainPhase(TestCaseExecutor.java:407)
	at com.kms.katalon.core.main.TestCaseExecutor.execute(TestCaseExecutor.java:284)
	at com.kms.katalon.core.common.CommonExecutor.accessTestCaseMainPhase(CommonExecutor.java:65)
	at com.kms.katalon.core.main.TestSuiteExecutor.accessTestSuiteMainPhase(TestSuiteExecutor.java:144)
	at com.kms.katalon.core.main.TestSuiteExecutor.execute(TestSuiteExecutor.java:106)
	at com.kms.katalon.core.main.TestCaseMain.startTestSuite(TestCaseMain.java:185)
	at com.kms.katalon.core.main.TestCaseMain$startTestSuite$0.call(Unknown Source)
	at TempTestSuite1705920083951.run(TempTestSuite1705920083951.groovy:36)
)
[[ATTACHMENT|C:\\Users\\Fadli\\git\\KatalonDailyGetData2\\Reports\\20240122_174123\\TS1\\20240122_174123\\1705921966058.png]]

2024-01-22 18:12:46 - [TEST_STEP][PASSED] - else: null

2024-01-22 18:12:46 - [TEST_STEP][PASSED] - strSeller3 = getText(findTestObject("Stockbit/Bandarmology_Seller3")): Text of object 'Object Repository/Stockbit/Bandarmology_Seller3' is: 'EP'

2024-01-22 18:12:46 - [MESSAGE][PASSED] - Text of object 'Object Repository/Stockbit/Bandarmology_Seller3' is: 'EP'

2024-01-22 18:12:46 - [TEST_STEP][PASSED] - strSellerVol3 = getText(findTestObject("Stockbit/Bandarmology_SellerVol3")): Text of object 'Object Repository/Stockbit/Bandarmology_SellerVol3' is: '1'

2024-01-22 18:12:46 - [MESSAGE][PASSED] - Text of object 'Object Repository/Stockbit/Bandarmology_SellerVol3' is: '1'

2024-01-22 18:12:46 - [TEST_STEP][PASSED] - strSellerAvg3 = getText(findTestObject("Stockbit/Bandarmology_SellerAvg3")): Text of object 'Object Repository/Stockbit/Bandarmology_SellerAvg3' is: '155'

2024-01-22 18:12:46 - [MESSAGE][PASSED] - Text of object 'Object Repository/Stockbit/Bandarmology_SellerAvg3' is: '155'

2024-01-22 18:12:46 - [TEST_STEP][PASSED] - if (strSeller3 != ""): null

2024-01-22 18:12:46 - [TEST_STEP][PASSED] - if (strSellerAvg3.contains(",")): null

2024-01-22 18:12:46 - [TEST_STEP][PASSED] - if (strSellerVol3.contains(" B")): null

2024-01-22 18:12:46 - [TEST_STEP][PASSED] - strAccDist = getText(findTestObject("Stockbit/Bandarmology_AccDist")): Text of object 'Object Repository/Stockbit/Bandarmology_AccDist' is: 'Dist'

2024-01-22 18:12:46 - [MESSAGE][PASSED] - Text of object 'Object Repository/Stockbit/Bandarmology_AccDist' is: 'Dist'

2024-01-22 18:12:46 - [TEST_STEP][PASSED] - strNetVol = getText(findTestObject("Stockbit/Bandarmology_NetVol")): Text of object 'Object Repository/Stockbit/Bandarmology_NetVol' is: '142'

2024-01-22 18:12:46 - [MESSAGE][PASSED] - Text of object 'Object Repository/Stockbit/Bandarmology_NetVol' is: '142'

2024-01-22 18:12:46 - [TEST_STEP][PASSED] - strNetVol = strNetVol.replace(",", ""): null

2024-01-22 18:12:46 - [TEST_STEP][PASSED] - strNetVal = getText(findTestObject("Stockbit/Bandarmology_NetVal")): Text of object 'Object Repository/Stockbit/Bandarmology_NetVal' is: '0 B'

2024-01-22 18:12:46 - [MESSAGE][PASSED] - Text of object 'Object Repository/Stockbit/Bandarmology_NetVal' is: '0 B'

2024-01-22 18:12:46 - [TEST_STEP][PASSED] - delay(3): Delayed 3 second(s)

2024-01-22 18:12:49 - [MESSAGE][PASSED] - Delayed 3 second(s)

2024-01-22 18:12:49 - [TEST_STEP][PASSED] - strOpenPrice = getText(findTestObject("Stockbit/Home_OpenPrice")): Text of object 'Object Repository/Stockbit/Home_OpenPrice' is: '155'

2024-01-22 18:12:50 - [MESSAGE][PASSED] - Text of object 'Object Repository/Stockbit/Home_OpenPrice' is: '155'

2024-01-22 18:12:50 - [TEST_STEP][PASSED] - strOpenPrice = strOpenPrice.replace(",", ""): null

2024-01-22 18:12:50 - [TEST_STEP][PASSED] - strLowPrice = getText(findTestObject("Stockbit/Home_LowPrice")): Text of object 'Object Repository/Stockbit/Home_LowPrice' is: '143'

2024-01-22 18:12:50 - [MESSAGE][PASSED] - Text of object 'Object Repository/Stockbit/Home_LowPrice' is: '143'

2024-01-22 18:12:50 - [TEST_STEP][PASSED] - strLowPrice = strLowPrice.replace(",", ""): null

2024-01-22 18:12:50 - [TEST_STEP][PASSED] - strHighPrice = getText(findTestObject("Stockbit/Home_HighPrice")): Text of object 'Object Repository/Stockbit/Home_HighPrice' is: '155'

2024-01-22 18:12:50 - [MESSAGE][PASSED] - Text of object 'Object Repository/Stockbit/Home_HighPrice' is: '155'

2024-01-22 18:12:50 - [TEST_STEP][PASSED] - strHighPrice = strHighPrice.replace(",", ""): null

2024-01-22 18:12:50 - [TEST_STEP][PASSED] - strClosePrice = getText(findTestObject("Stockbit/Home_ClosePrice")): Text of object 'Object Repository/Stockbit/Home_ClosePrice' is: '151'

2024-01-22 18:12:50 - [MESSAGE][PASSED] - Text of object 'Object Repository/Stockbit/Home_ClosePrice' is: '151'

2024-01-22 18:12:50 - [TEST_STEP][PASSED] - strClosePrice = strClosePrice.replace(",", ""): null

2024-01-22 18:12:50 - [TEST_STEP][PASSED] - strVol = getText(findTestObject("Stockbit/Home_Volume")): Text of object 'Object Repository/Stockbit/Home_Volume' is: '164'

2024-01-22 18:12:50 - [MESSAGE][PASSED] - Text of object 'Object Repository/Stockbit/Home_Volume' is: '164'

2024-01-22 18:12:50 - [TEST_STEP][PASSED] - if (strVol.contains(" K")): null

2024-01-22 18:12:50 - [TEST_STEP][PASSED] - if (strVol.contains(",")): null

2024-01-22 18:12:50 - [TEST_STEP][PASSED] - strChange = getText(findTestObject("Stockbit/Home_Change")): Text of object 'Object Repository/Stockbit/Home_Change' is: '-4.43%'

2024-01-22 18:12:50 - [MESSAGE][PASSED] - Text of object 'Object Repository/Stockbit/Home_Change' is: '-4.43%'

2024-01-22 18:12:50 - [TEST_STEP][PASSED] - strChange = strChange.replace("%", ""): null

2024-01-22 18:12:50 - [TEST_STEP][PASSED] - strFreq = getText(findTestObject("Stockbit/Home_Freq")): Text of object 'Object Repository/Stockbit/Home_Freq' is: '18'

2024-01-22 18:12:50 - [MESSAGE][PASSED] - Text of object 'Object Repository/Stockbit/Home_Freq' is: '18'

2024-01-22 18:12:50 - [TEST_STEP][PASSED] - if (strFreq.contains(",")): null

2024-01-22 18:12:50 - [TEST_STEP][PASSED] - if (strFreq == "NA" || strFreq == ""): null

2024-01-22 18:12:50 - [TEST_STEP][PASSED] - else: null

2024-01-22 18:12:50 - [TEST_STEP][PASSED] - dblFreqAnal = strVol.toDouble() / strFreq.toDouble() * strFreq.toDouble() * strFreq.toDouble() * 100000000: null

2024-01-22 18:12:50 - [TEST_STEP][PASSED] - strFreqAnal = String.format("%.4f", dblFreqAnal): null

2024-01-22 18:12:50 - [TEST_STEP][PASSED] - out.println("Double strFreqAnal: " + strFreqAnal): null

2024-01-22 18:12:50 - [TEST_STEP][PASSED] - strTanggal = d.format(DateTimeFormatter.ofPattern("yyyy-MM-dd")): null

2024-01-22 18:12:50 - [TEST_STEP][PASSED] - strTanggal = "#" + strTanggal + "#": null

2024-01-22 18:12:50 - [TEST_STEP][PASSED] - strSQL = "select count(*) as JumBaris from TblBrokSum where Nama = '" + strNama + "' and Tanggal = " + strTanggal + "": null

2024-01-22 18:12:50 - [TEST_STEP][PASSED] - resultSet = statement.executeQuery(strSQL): null

2024-01-22 18:12:50 - [TEST_STEP][PASSED] - resultSet.next(): null

2024-01-22 18:12:50 - [TEST_STEP][PASSED] - intJumBaris = resultSet.getInt("JumBaris"): null

2024-01-22 18:12:50 - [TEST_STEP][PASSED] - if (intJumBaris > 0): null

2024-01-22 18:12:50 - [TEST_STEP][PASSED] - else: null

2024-01-22 18:12:50 - [TEST_STEP][PASSED] - try: null

2024-01-22 18:12:50 - [TEST_STEP][PASSED] - out.println("Insert data"): null

2024-01-22 18:12:50 - [TEST_STEP][PASSED] - strSQL = "insert into TblBrokSum (nama, tanggal, top1, top2, top3, AllBrokAvg, AccDist, AvgRP, " + "Buyer1, BuyerVal1, BuyerAvg1, Seller1, SellerVal1, SellerAvg1, Buyer2, BuyerVal2, BuyerAvg2, " + "Seller2, SellerVal2, SellerAvg2, Buyer3, BuyerVal3, BuyerAvg3, Seller3, SellerVal3, SellerAvg3, NetVol, NetVal, " + "OpenPrice, LowPrice, HighPrice, ClosePrice, Volume, Change, Frekuensi, FrekAnal) " + "values ('" + strNama + "', " + strTanggal + ", '" + strTop1 + "', '" + strTop3 + "', '" + strTop5 + "', " + "'" + strAllBrokAvg + "', '" + strAccDist + "', " + intAvgRP + ", '" + strBuyer1 + "', '" + strBuyerVol1 + "', " + strBuyerAvg1 + ", " + "'" + strSeller1 + "', '" + strSellerVol1 + "', " + strSellerAvg1 + ", '" + strBuyer2 + "', '" + strBuyerVol2 + "', " + strBuyerAvg2 + ", " + "'" + strSeller2 + "', '" + strSellerVol2 + "', " + strSellerAvg2 + ", '" + strBuyer3 + "', '" + strBuyerVol3 + "', " + strBuyerAvg3 + ", " + "'" + strSeller3 + "', '" + strSellerVol3 + "', " + strSellerAvg3 + ", " + strNetVol + ", '" + strNetVal + "', " + "" + strOpenPrice + ", " + strLowPrice + ", " + strHighPrice + ", " + strClosePrice + ", '" + strVol + "', " + strChange + ", " + strFreq + ", " + strFreqAnal + ");": null

2024-01-22 18:12:50 - [TEST_STEP][PASSED] - out.println("strSQL = " + strSQL): null

2024-01-22 18:12:50 - [TEST_STEP][PASSED] - statement.executeUpdate(strSQL): null

2024-01-22 18:12:50 - [TEST_STEP][PASSED] - setValueToCellByIndex(sheet01, rowIndex, 4, "DONE"): null

2024-01-22 18:12:50 - [TEST_STEP][PASSED] - saveWorkbook(excelFilePath, workbook01): null

2024-01-22 18:12:50 - [TEST_STEP][PASSED] - waitForElementClickable(findTestObject("Stockbit/menu_Bandarmology"), 10): Object 'Object Repository/Stockbit/menu_Bandarmology' is clickable

2024-01-22 18:12:50 - [MESSAGE][PASSED] - Object 'Object Repository/Stockbit/menu_Bandarmology' is clickable

2024-01-22 18:12:50 - [TEST_STEP][PASSED] - click(findTestObject("Stockbit/menu_Bandarmology")): Object: 'Object Repository/Stockbit/menu_Bandarmology' is clicked on

2024-01-22 18:12:51 - [MESSAGE][PASSED] - Object: 'Object Repository/Stockbit/menu_Bandarmology' is clicked on

2024-01-22 18:12:51 - [TEST_STEP][PASSED] - strTemp = "NA": null

2024-01-22 18:12:51 - [TEST_STEP][PASSED] - if (getCellValueByIndex(sheet01, rowIndex, 4) != "DONE"): Object: 'Object Repository/Stockbit/menu_Bandarmology' is clicked on

2024-01-22 18:12:51 - [TEST_STEP][PASSED] - strNama = getCellValueByIndex(sheet01, rowIndex, 0): null

2024-01-22 18:12:51 - [TEST_STEP][PASSED] - navigateToUrl("https://stockbit.com/#/symbol/" + strNama): Navigate to 'https://stockbit.com/#/symbol/WMUU' successfully

2024-01-22 18:12:54 - [MESSAGE][PASSED] - Navigate to 'https://stockbit.com/#/symbol/WMUU' successfully

2024-01-22 18:12:54 - [TEST_STEP][PASSED] - waitForElementClickable(findTestObject("Stockbit/menu_Bandarmology"), 10): Object 'Object Repository/Stockbit/menu_Bandarmology' is clickable

2024-01-22 18:12:54 - [MESSAGE][PASSED] - Object 'Object Repository/Stockbit/menu_Bandarmology' is clickable

2024-01-22 18:12:54 - [TEST_STEP][PASSED] - click(findTestObject("Stockbit/menu_Bandarmology")): Object: 'Object Repository/Stockbit/menu_Bandarmology' is clicked on

2024-01-22 18:12:54 - [MESSAGE][PASSED] - Object: 'Object Repository/Stockbit/menu_Bandarmology' is clicked on

2024-01-22 18:12:54 - [TEST_STEP][PASSED] - strTanggal = d.format(DateTimeFormatter.ofPattern("MMM dd, yyyy")): null

2024-01-22 18:12:54 - [TEST_STEP][PASSED] - strTanggal = d.format(ISO_DATE): null

2024-01-22 18:12:54 - [TEST_STEP][PASSED] - out.println("strTanggal = " + strTanggal): null

2024-01-22 18:12:54 - [TEST_STEP][PASSED] - out.println("strNama = " + strNama): null

2024-01-22 18:12:54 - [TEST_STEP][PASSED] - out.println("Baris ke = " + rowIndex): null

2024-01-22 18:12:54 - [TEST_STEP][PASSED] - click(findTestObject("Stockbit/input__BandarmologyOpenStartDate")): Object: 'Object Repository/Stockbit/input__BandarmologyOpenStartDate' is clicked on

2024-01-22 18:12:56 - [MESSAGE][PASSED] - Object: 'Object Repository/Stockbit/input__BandarmologyOpenStartDate' is clicked on

2024-01-22 18:12:56 - [TEST_STEP][PASSED] - sendKeys(findTestObject("Stockbit/input__BandarmologyOpenStartDate"), Keys.chord(CONTROL, "a")): Keys 'CONTROL + a' sent to object: 'Object Repository/Stockbit/input__BandarmologyOpenStartDate'

2024-01-22 18:12:56 - [MESSAGE][PASSED] - Keys 'CONTROL + a' sent to object: 'Object Repository/Stockbit/input__BandarmologyOpenStartDate'

2024-01-22 18:12:56 - [TEST_STEP][PASSED] - sendKeys(findTestObject("Stockbit/input__BandarmologyOpenStartDate"), Keys.chord(BACK_SPACE)): Keys 'BACK_SPACE + ' sent to object: 'Object Repository/Stockbit/input__BandarmologyOpenStartDate'

2024-01-22 18:12:57 - [MESSAGE][PASSED] - Keys 'BACK_SPACE + ' sent to object: 'Object Repository/Stockbit/input__BandarmologyOpenStartDate'

2024-01-22 18:12:57 - [TEST_STEP][PASSED] - setText(findTestObject("Stockbit/input__BandarmologyOpenStartDate"), strTanggal): Text '2024-01-22' is set on object 'Object Repository/Stockbit/input__BandarmologyOpenStartDate'

2024-01-22 18:12:57 - [MESSAGE][PASSED] - Text '2024-01-22' is set on object 'Object Repository/Stockbit/input__BandarmologyOpenStartDate'

2024-01-22 18:12:57 - [TEST_STEP][PASSED] - sendKeys(findTestObject("Stockbit/input__BandarmologyOpenStartDate"), Keys.chord(ENTER)): Keys 'ENTER + ' sent to object: 'Object Repository/Stockbit/input__BandarmologyOpenStartDate'

2024-01-22 18:12:58 - [MESSAGE][PASSED] - Keys 'ENTER + ' sent to object: 'Object Repository/Stockbit/input__BandarmologyOpenStartDate'

2024-01-22 18:12:58 - [TEST_STEP][PASSED] - click(findTestObject("Stockbit/input__BandarmologyOpenEndDate")): Object: 'Object Repository/Stockbit/input__BandarmologyOpenEndDate' is clicked on

2024-01-22 18:12:58 - [MESSAGE][PASSED] - Object: 'Object Repository/Stockbit/input__BandarmologyOpenEndDate' is clicked on

2024-01-22 18:12:58 - [TEST_STEP][PASSED] - sendKeys(findTestObject("Stockbit/input__BandarmologyOpenEndDate"), Keys.chord(CONTROL, "a")): Keys 'CONTROL + a' sent to object: 'Object Repository/Stockbit/input__BandarmologyOpenEndDate'

2024-01-22 18:12:58 - [MESSAGE][PASSED] - Keys 'CONTROL + a' sent to object: 'Object Repository/Stockbit/input__BandarmologyOpenEndDate'

2024-01-22 18:12:58 - [TEST_STEP][PASSED] - sendKeys(findTestObject("Stockbit/input__BandarmologyOpenEndDate"), Keys.chord(BACK_SPACE)): Keys 'BACK_SPACE + ' sent to object: 'Object Repository/Stockbit/input__BandarmologyOpenEndDate'

2024-01-22 18:12:59 - [MESSAGE][PASSED] - Keys 'BACK_SPACE + ' sent to object: 'Object Repository/Stockbit/input__BandarmologyOpenEndDate'

2024-01-22 18:12:59 - [TEST_STEP][PASSED] - setText(findTestObject("Stockbit/input__BandarmologyOpenEndDate"), strTanggal): Text '2024-01-22' is set on object 'Object Repository/Stockbit/input__BandarmologyOpenEndDate'

2024-01-22 18:12:59 - [MESSAGE][PASSED] - Text '2024-01-22' is set on object 'Object Repository/Stockbit/input__BandarmologyOpenEndDate'

2024-01-22 18:12:59 - [TEST_STEP][PASSED] - sendKeys(findTestObject("Stockbit/input__BandarmologyOpenEndDate"), Keys.chord(ENTER)): Keys 'ENTER + ' sent to object: 'Object Repository/Stockbit/input__BandarmologyOpenEndDate'

2024-01-22 18:13:00 - [MESSAGE][PASSED] - Keys 'ENTER + ' sent to object: 'Object Repository/Stockbit/input__BandarmologyOpenEndDate'

2024-01-22 18:13:00 - [TEST_STEP][PASSED] - delay(2): Delayed 2 second(s)

2024-01-22 18:13:02 - [MESSAGE][PASSED] - Delayed 2 second(s)

2024-01-22 18:13:02 - [TEST_STEP][PASSED] - strTemp = getText(findTestObject("Stockbit/Bandarmology_AvgRP")): Text of object 'Object Repository/Stockbit/Bandarmology_AvgRP' is: '50'

2024-01-22 18:13:02 - [MESSAGE][PASSED] - Text of object 'Object Repository/Stockbit/Bandarmology_AvgRP' is: '50'

2024-01-22 18:13:02 - [TEST_STEP][PASSED] - out.println("Bandarmology_AvgRP = " + strTemp): null

2024-01-22 18:13:02 - [TEST_STEP][PASSED] - if (strTemp != "0"): null

2024-01-22 18:13:02 - [TEST_STEP][PASSED] - strTop1 = getText(findTestObject("Stockbit/Bandarmology_Top1")): Text of object 'Object Repository/Stockbit/Bandarmology_Top1' is: 'Small Dist'

2024-01-22 18:13:02 - [MESSAGE][PASSED] - Text of object 'Object Repository/Stockbit/Bandarmology_Top1' is: 'Small Dist'

2024-01-22 18:13:02 - [TEST_STEP][PASSED] - strTop3 = getText(findTestObject("Stockbit/Bandarmology_Top3")): Text of object 'Object Repository/Stockbit/Bandarmology_Top3' is: 'Neutral'

2024-01-22 18:13:02 - [MESSAGE][PASSED] - Text of object 'Object Repository/Stockbit/Bandarmology_Top3' is: 'Neutral'

2024-01-22 18:13:02 - [TEST_STEP][PASSED] - strTop5 = getText(findTestObject("Stockbit/Bandarmology_Top5")): Text of object 'Object Repository/Stockbit/Bandarmology_Top5' is: 'Neutral'

2024-01-22 18:13:02 - [MESSAGE][PASSED] - Text of object 'Object Repository/Stockbit/Bandarmology_Top5' is: 'Neutral'

2024-01-22 18:13:02 - [TEST_STEP][PASSED] - strAllBrokAvg = getText(findTestObject("Stockbit/Bandarmology_TopAVG")): Text of object 'Object Repository/Stockbit/Bandarmology_TopAVG' is: 'Neutral'

2024-01-22 18:13:02 - [MESSAGE][PASSED] - Text of object 'Object Repository/Stockbit/Bandarmology_TopAVG' is: 'Neutral'

2024-01-22 18:13:02 - [TEST_STEP][PASSED] - strTemp = getText(findTestObject("Stockbit/Bandarmology_AvgRP")): Text of object 'Object Repository/Stockbit/Bandarmology_AvgRP' is: '50'

2024-01-22 18:13:03 - [MESSAGE][PASSED] - Text of object 'Object Repository/Stockbit/Bandarmology_AvgRP' is: '50'

2024-01-22 18:13:03 - [TEST_STEP][PASSED] - if (strTemp.contains(",")): null

2024-01-22 18:13:03 - [TEST_STEP][PASSED] - intAvgRP = strTemp.toInteger(): null

2024-01-22 18:13:03 - [TEST_STEP][PASSED] - strBuyer1 = getText(findTestObject("Stockbit/Bandarmology_Buyer1")): Text of object 'Object Repository/Stockbit/Bandarmology_Buyer1' is: 'XC'

2024-01-22 18:13:03 - [MESSAGE][PASSED] - Text of object 'Object Repository/Stockbit/Bandarmology_Buyer1' is: 'XC'

2024-01-22 18:13:03 - [TEST_STEP][PASSED] - strBuyerVol1 = getText(findTestObject("Stockbit/Bandarmology_BuyerVol1")): Text of object 'Object Repository/Stockbit/Bandarmology_BuyerVol1' is: '201'

2024-01-22 18:13:03 - [MESSAGE][PASSED] - Text of object 'Object Repository/Stockbit/Bandarmology_BuyerVol1' is: '201'

2024-01-22 18:13:03 - [TEST_STEP][PASSED] - strBuyerAvg1 = getText(findTestObject("Stockbit/Bandarmology_BuyerAvg1")): Text of object 'Object Repository/Stockbit/Bandarmology_BuyerAvg1' is: '50'

2024-01-22 18:13:03 - [MESSAGE][PASSED] - Text of object 'Object Repository/Stockbit/Bandarmology_BuyerAvg1' is: '50'

2024-01-22 18:13:03 - [TEST_STEP][PASSED] - if (strBuyerAvg1.contains(",")): null

2024-01-22 18:13:03 - [TEST_STEP][PASSED] - if (strBuyerVol1.contains(" B")): null

2024-01-22 18:13:03 - [TEST_STEP][PASSED] - strSeller1 = getText(findTestObject("Stockbit/Bandarmology_Seller1")): Text of object 'Object Repository/Stockbit/Bandarmology_Seller1' is: 'NI'

2024-01-22 18:13:03 - [MESSAGE][PASSED] - Text of object 'Object Repository/Stockbit/Bandarmology_Seller1' is: 'NI'

2024-01-22 18:13:03 - [TEST_STEP][PASSED] - strSellerVol1 = getText(findTestObject("Stockbit/Bandarmology_SellerVol1")): Text of object 'Object Repository/Stockbit/Bandarmology_SellerVol1' is: '219'

2024-01-22 18:13:03 - [MESSAGE][PASSED] - Text of object 'Object Repository/Stockbit/Bandarmology_SellerVol1' is: '219'

2024-01-22 18:13:03 - [TEST_STEP][PASSED] - strSellerAvg1 = getText(findTestObject("Stockbit/Bandarmology_SellerAvg1")): Text of object 'Object Repository/Stockbit/Bandarmology_SellerAvg1' is: '50'

2024-01-22 18:13:03 - [MESSAGE][PASSED] - Text of object 'Object Repository/Stockbit/Bandarmology_SellerAvg1' is: '50'

2024-01-22 18:13:03 - [TEST_STEP][PASSED] - if (strSellerAvg1.contains(",")): null

2024-01-22 18:13:03 - [TEST_STEP][PASSED] - if (strSellerVol1.contains(" B")): null

2024-01-22 18:13:03 - [TEST_STEP][PASSED] - if (verifyElementNotPresent(findTestObject("Stockbit/Bandarmology_Buyer2"), 1, OPTIONAL)): Web element with id: 'Object Repository/Stockbit/Bandarmology_Buyer2' located by 'By.xpath: //*[contains(@id, 'rc-tabs-')]/div[2]/div/div/div/div/div/div[2]/table/tbody/tr[3]/td[1]/p' is present after '1' second(s) (Root cause: com.kms.katalon.core.exception.StepFailedException: Web element with id: 'Object Repository/Stockbit/Bandarmology_Buyer2' located by 'By.xpath: //*[contains(@id, 'rc-tabs-')]/div[2]/div/div/div/div/div/div[2]/table/tbody/tr[3]/td[1]/p' is present after '1' second(s)
	at com.kms.katalon.core.webui.keyword.internal.WebUIKeywordMain.stepFailed(WebUIKeywordMain.groovy:64)
	at com.kms.katalon.core.webui.keyword.internal.WebUIKeywordMain$stepFailed$0.call(Unknown Source)
	at com.kms.katalon.core.webui.keyword.builtin.VerifyElementNotPresentKeyword$_verifyElementNotPresent_closure1.doCall(VerifyElementNotPresentKeyword.groovy:106)
	at com.kms.katalon.core.webui.keyword.builtin.VerifyElementNotPresentKeyword$_verifyElementNotPresent_closure1.doCall(VerifyElementNotPresentKeyword.groovy)
	at com.kms.katalon.core.webui.keyword.internal.WebUIKeywordMain.runKeyword(WebUIKeywordMain.groovy:20)
	at com.kms.katalon.core.webui.keyword.internal.WebUIKeywordMain$runKeyword.call(Unknown Source)
	at com.kms.katalon.core.webui.keyword.builtin.VerifyElementNotPresentKeyword.verifyElementNotPresent(VerifyElementNotPresentKeyword.groovy:117)
	at com.kms.katalon.core.webui.keyword.builtin.VerifyElementNotPresentKeyword.execute(VerifyElementNotPresentKeyword.groovy:68)
	at com.kms.katalon.core.keyword.internal.KeywordExecutor.executeKeywordForPlatform(KeywordExecutor.groovy:74)
	at com.kms.katalon.core.webui.keyword.WebUiBuiltInKeywords.verifyElementNotPresent(WebUiBuiltInKeywords.groovy:1481)
	at com.kms.katalon.core.webui.keyword.WebUiBuiltInKeywords$verifyElementNotPresent$8.call(Unknown Source)
	at GetBrokSumPriceDaily.run(GetBrokSumPriceDaily:258)
	at com.kms.katalon.core.main.ScriptEngine.run(ScriptEngine.java:194)
	at com.kms.katalon.core.main.ScriptEngine.runScriptAsRawText(ScriptEngine.java:119)
	at com.kms.katalon.core.main.TestCaseExecutor.runScript(TestCaseExecutor.java:445)
	at com.kms.katalon.core.main.TestCaseExecutor.doExecute(TestCaseExecutor.java:436)
	at com.kms.katalon.core.main.TestCaseExecutor.processExecutionPhase(TestCaseExecutor.java:415)
	at com.kms.katalon.core.main.TestCaseExecutor.accessMainPhase(TestCaseExecutor.java:407)
	at com.kms.katalon.core.main.TestCaseExecutor.execute(TestCaseExecutor.java:284)
	at com.kms.katalon.core.common.CommonExecutor.accessTestCaseMainPhase(CommonExecutor.java:65)
	at com.kms.katalon.core.main.TestSuiteExecutor.accessTestSuiteMainPhase(TestSuiteExecutor.java:144)
	at com.kms.katalon.core.main.TestSuiteExecutor.execute(TestSuiteExecutor.java:106)
	at com.kms.katalon.core.main.TestCaseMain.startTestSuite(TestCaseMain.java:185)
	at com.kms.katalon.core.main.TestCaseMain$startTestSuite$0.call(Unknown Source)
	at TempTestSuite1705920083951.run(TempTestSuite1705920083951.groovy:36)
)

2024-01-22 18:13:05 - [MESSAGE][WARNING] - Web element with id: 'Object Repository/Stockbit/Bandarmology_Buyer2' located by 'By.xpath: //*[contains(@id, 'rc-tabs-')]/div[2]/div/div/div/div/div/div[2]/table/tbody/tr[3]/td[1]/p' is present after '1' second(s) (Root cause: com.kms.katalon.core.exception.StepFailedException: Web element with id: 'Object Repository/Stockbit/Bandarmology_Buyer2' located by 'By.xpath: //*[contains(@id, 'rc-tabs-')]/div[2]/div/div/div/div/div/div[2]/table/tbody/tr[3]/td[1]/p' is present after '1' second(s)
	at com.kms.katalon.core.webui.keyword.internal.WebUIKeywordMain.stepFailed(WebUIKeywordMain.groovy:64)
	at com.kms.katalon.core.webui.keyword.internal.WebUIKeywordMain$stepFailed$0.call(Unknown Source)
	at com.kms.katalon.core.webui.keyword.builtin.VerifyElementNotPresentKeyword$_verifyElementNotPresent_closure1.doCall(VerifyElementNotPresentKeyword.groovy:106)
	at com.kms.katalon.core.webui.keyword.builtin.VerifyElementNotPresentKeyword$_verifyElementNotPresent_closure1.doCall(VerifyElementNotPresentKeyword.groovy)
	at com.kms.katalon.core.webui.keyword.internal.WebUIKeywordMain.runKeyword(WebUIKeywordMain.groovy:20)
	at com.kms.katalon.core.webui.keyword.internal.WebUIKeywordMain$runKeyword.call(Unknown Source)
	at com.kms.katalon.core.webui.keyword.builtin.VerifyElementNotPresentKeyword.verifyElementNotPresent(VerifyElementNotPresentKeyword.groovy:117)
	at com.kms.katalon.core.webui.keyword.builtin.VerifyElementNotPresentKeyword.execute(VerifyElementNotPresentKeyword.groovy:68)
	at com.kms.katalon.core.keyword.internal.KeywordExecutor.executeKeywordForPlatform(KeywordExecutor.groovy:74)
	at com.kms.katalon.core.webui.keyword.WebUiBuiltInKeywords.verifyElementNotPresent(WebUiBuiltInKeywords.groovy:1481)
	at com.kms.katalon.core.webui.keyword.WebUiBuiltInKeywords$verifyElementNotPresent$8.call(Unknown Source)
	at GetBrokSumPriceDaily.run(GetBrokSumPriceDaily:258)
	at com.kms.katalon.core.main.ScriptEngine.run(ScriptEngine.java:194)
	at com.kms.katalon.core.main.ScriptEngine.runScriptAsRawText(ScriptEngine.java:119)
	at com.kms.katalon.core.main.TestCaseExecutor.runScript(TestCaseExecutor.java:445)
	at com.kms.katalon.core.main.TestCaseExecutor.doExecute(TestCaseExecutor.java:436)
	at com.kms.katalon.core.main.TestCaseExecutor.processExecutionPhase(TestCaseExecutor.java:415)
	at com.kms.katalon.core.main.TestCaseExecutor.accessMainPhase(TestCaseExecutor.java:407)
	at com.kms.katalon.core.main.TestCaseExecutor.execute(TestCaseExecutor.java:284)
	at com.kms.katalon.core.common.CommonExecutor.accessTestCaseMainPhase(CommonExecutor.java:65)
	at com.kms.katalon.core.main.TestSuiteExecutor.accessTestSuiteMainPhase(TestSuiteExecutor.java:144)
	at com.kms.katalon.core.main.TestSuiteExecutor.execute(TestSuiteExecutor.java:106)
	at com.kms.katalon.core.main.TestCaseMain.startTestSuite(TestCaseMain.java:185)
	at com.kms.katalon.core.main.TestCaseMain$startTestSuite$0.call(Unknown Source)
	at TempTestSuite1705920083951.run(TempTestSuite1705920083951.groovy:36)
)
[[ATTACHMENT|C:\\Users\\Fadli\\git\\KatalonDailyGetData2\\Reports\\20240122_174123\\TS1\\20240122_174123\\1705921984896.png]]

2024-01-22 18:13:05 - [TEST_STEP][PASSED] - else: null

2024-01-22 18:13:05 - [TEST_STEP][PASSED] - strBuyer2 = getText(findTestObject("Stockbit/Bandarmology_Buyer2")): Text of object 'Object Repository/Stockbit/Bandarmology_Buyer2' is: 'SQ'

2024-01-22 18:13:05 - [MESSAGE][PASSED] - Text of object 'Object Repository/Stockbit/Bandarmology_Buyer2' is: 'SQ'

2024-01-22 18:13:05 - [TEST_STEP][PASSED] - strBuyerVol2 = getText(findTestObject("Stockbit/Bandarmology_BuyerVol2")): Text of object 'Object Repository/Stockbit/Bandarmology_BuyerVol2' is: '7'

2024-01-22 18:13:05 - [MESSAGE][PASSED] - Text of object 'Object Repository/Stockbit/Bandarmology_BuyerVol2' is: '7'

2024-01-22 18:13:05 - [TEST_STEP][PASSED] - strBuyerAvg2 = getText(findTestObject("Stockbit/Bandarmology_BuyerAvg2")): Text of object 'Object Repository/Stockbit/Bandarmology_BuyerAvg2' is: '50'

2024-01-22 18:13:05 - [MESSAGE][PASSED] - Text of object 'Object Repository/Stockbit/Bandarmology_BuyerAvg2' is: '50'

2024-01-22 18:13:05 - [TEST_STEP][PASSED] - if (strBuyer2 != ""): null

2024-01-22 18:13:05 - [TEST_STEP][PASSED] - if (strBuyerAvg2.contains(",")): null

2024-01-22 18:13:05 - [TEST_STEP][PASSED] - if (strBuyerVol2.contains(" B")): null

2024-01-22 18:13:05 - [TEST_STEP][PASSED] - if (strBuyerVol2.contains(".")): null

2024-01-22 18:13:05 - [TEST_STEP][PASSED] - if (verifyElementNotPresent(findTestObject("Stockbit/Bandarmology_Seller2"), 1, OPTIONAL)): Web element with id: 'Object Repository/Stockbit/Bandarmology_Seller2' located by 'By.xpath: //*[contains(@id, 'rc-tabs-')]/div[2]/div/div/div/div/div/div[2]/table/tbody/tr[3]/td[5]/p' is present after '1' second(s) (Root cause: com.kms.katalon.core.exception.StepFailedException: Web element with id: 'Object Repository/Stockbit/Bandarmology_Seller2' located by 'By.xpath: //*[contains(@id, 'rc-tabs-')]/div[2]/div/div/div/div/div/div[2]/table/tbody/tr[3]/td[5]/p' is present after '1' second(s)
	at com.kms.katalon.core.webui.keyword.internal.WebUIKeywordMain.stepFailed(WebUIKeywordMain.groovy:64)
	at com.kms.katalon.core.webui.keyword.internal.WebUIKeywordMain$stepFailed$0.call(Unknown Source)
	at com.kms.katalon.core.webui.keyword.builtin.VerifyElementNotPresentKeyword$_verifyElementNotPresent_closure1.doCall(VerifyElementNotPresentKeyword.groovy:106)
	at com.kms.katalon.core.webui.keyword.builtin.VerifyElementNotPresentKeyword$_verifyElementNotPresent_closure1.doCall(VerifyElementNotPresentKeyword.groovy)
	at com.kms.katalon.core.webui.keyword.internal.WebUIKeywordMain.runKeyword(WebUIKeywordMain.groovy:20)
	at com.kms.katalon.core.webui.keyword.internal.WebUIKeywordMain$runKeyword.call(Unknown Source)
	at com.kms.katalon.core.webui.keyword.builtin.VerifyElementNotPresentKeyword.verifyElementNotPresent(VerifyElementNotPresentKeyword.groovy:117)
	at com.kms.katalon.core.webui.keyword.builtin.VerifyElementNotPresentKeyword.execute(VerifyElementNotPresentKeyword.groovy:68)
	at com.kms.katalon.core.keyword.internal.KeywordExecutor.executeKeywordForPlatform(KeywordExecutor.groovy:74)
	at com.kms.katalon.core.webui.keyword.WebUiBuiltInKeywords.verifyElementNotPresent(WebUiBuiltInKeywords.groovy:1481)
	at com.kms.katalon.core.webui.keyword.WebUiBuiltInKeywords$verifyElementNotPresent$8.call(Unknown Source)
	at GetBrokSumPriceDaily.run(GetBrokSumPriceDaily:309)
	at com.kms.katalon.core.main.ScriptEngine.run(ScriptEngine.java:194)
	at com.kms.katalon.core.main.ScriptEngine.runScriptAsRawText(ScriptEngine.java:119)
	at com.kms.katalon.core.main.TestCaseExecutor.runScript(TestCaseExecutor.java:445)
	at com.kms.katalon.core.main.TestCaseExecutor.doExecute(TestCaseExecutor.java:436)
	at com.kms.katalon.core.main.TestCaseExecutor.processExecutionPhase(TestCaseExecutor.java:415)
	at com.kms.katalon.core.main.TestCaseExecutor.accessMainPhase(TestCaseExecutor.java:407)
	at com.kms.katalon.core.main.TestCaseExecutor.execute(TestCaseExecutor.java:284)
	at com.kms.katalon.core.common.CommonExecutor.accessTestCaseMainPhase(CommonExecutor.java:65)
	at com.kms.katalon.core.main.TestSuiteExecutor.accessTestSuiteMainPhase(TestSuiteExecutor.java:144)
	at com.kms.katalon.core.main.TestSuiteExecutor.execute(TestSuiteExecutor.java:106)
	at com.kms.katalon.core.main.TestCaseMain.startTestSuite(TestCaseMain.java:185)
	at com.kms.katalon.core.main.TestCaseMain$startTestSuite$0.call(Unknown Source)
	at TempTestSuite1705920083951.run(TempTestSuite1705920083951.groovy:36)
)

2024-01-22 18:13:06 - [MESSAGE][WARNING] - Web element with id: 'Object Repository/Stockbit/Bandarmology_Seller2' located by 'By.xpath: //*[contains(@id, 'rc-tabs-')]/div[2]/div/div/div/div/div/div[2]/table/tbody/tr[3]/td[5]/p' is present after '1' second(s) (Root cause: com.kms.katalon.core.exception.StepFailedException: Web element with id: 'Object Repository/Stockbit/Bandarmology_Seller2' located by 'By.xpath: //*[contains(@id, 'rc-tabs-')]/div[2]/div/div/div/div/div/div[2]/table/tbody/tr[3]/td[5]/p' is present after '1' second(s)
	at com.kms.katalon.core.webui.keyword.internal.WebUIKeywordMain.stepFailed(WebUIKeywordMain.groovy:64)
	at com.kms.katalon.core.webui.keyword.internal.WebUIKeywordMain$stepFailed$0.call(Unknown Source)
	at com.kms.katalon.core.webui.keyword.builtin.VerifyElementNotPresentKeyword$_verifyElementNotPresent_closure1.doCall(VerifyElementNotPresentKeyword.groovy:106)
	at com.kms.katalon.core.webui.keyword.builtin.VerifyElementNotPresentKeyword$_verifyElementNotPresent_closure1.doCall(VerifyElementNotPresentKeyword.groovy)
	at com.kms.katalon.core.webui.keyword.internal.WebUIKeywordMain.runKeyword(WebUIKeywordMain.groovy:20)
	at com.kms.katalon.core.webui.keyword.internal.WebUIKeywordMain$runKeyword.call(Unknown Source)
	at com.kms.katalon.core.webui.keyword.builtin.VerifyElementNotPresentKeyword.verifyElementNotPresent(VerifyElementNotPresentKeyword.groovy:117)
	at com.kms.katalon.core.webui.keyword.builtin.VerifyElementNotPresentKeyword.execute(VerifyElementNotPresentKeyword.groovy:68)
	at com.kms.katalon.core.keyword.internal.KeywordExecutor.executeKeywordForPlatform(KeywordExecutor.groovy:74)
	at com.kms.katalon.core.webui.keyword.WebUiBuiltInKeywords.verifyElementNotPresent(WebUiBuiltInKeywords.groovy:1481)
	at com.kms.katalon.core.webui.keyword.WebUiBuiltInKeywords$verifyElementNotPresent$8.call(Unknown Source)
	at GetBrokSumPriceDaily.run(GetBrokSumPriceDaily:309)
	at com.kms.katalon.core.main.ScriptEngine.run(ScriptEngine.java:194)
	at com.kms.katalon.core.main.ScriptEngine.runScriptAsRawText(ScriptEngine.java:119)
	at com.kms.katalon.core.main.TestCaseExecutor.runScript(TestCaseExecutor.java:445)
	at com.kms.katalon.core.main.TestCaseExecutor.doExecute(TestCaseExecutor.java:436)
	at com.kms.katalon.core.main.TestCaseExecutor.processExecutionPhase(TestCaseExecutor.java:415)
	at com.kms.katalon.core.main.TestCaseExecutor.accessMainPhase(TestCaseExecutor.java:407)
	at com.kms.katalon.core.main.TestCaseExecutor.execute(TestCaseExecutor.java:284)
	at com.kms.katalon.core.common.CommonExecutor.accessTestCaseMainPhase(CommonExecutor.java:65)
	at com.kms.katalon.core.main.TestSuiteExecutor.accessTestSuiteMainPhase(TestSuiteExecutor.java:144)
	at com.kms.katalon.core.main.TestSuiteExecutor.execute(TestSuiteExecutor.java:106)
	at com.kms.katalon.core.main.TestCaseMain.startTestSuite(TestCaseMain.java:185)
	at com.kms.katalon.core.main.TestCaseMain$startTestSuite$0.call(Unknown Source)
	at TempTestSuite1705920083951.run(TempTestSuite1705920083951.groovy:36)
)
[[ATTACHMENT|C:\\Users\\Fadli\\git\\KatalonDailyGetData2\\Reports\\20240122_174123\\TS1\\20240122_174123\\1705921986642.png]]

2024-01-22 18:13:06 - [TEST_STEP][PASSED] - else: null

2024-01-22 18:13:06 - [TEST_STEP][PASSED] - strSeller2 = getText(findTestObject("Stockbit/Bandarmology_Seller2")): Text of object 'Object Repository/Stockbit/Bandarmology_Seller2' is: ''

2024-01-22 18:13:06 - [MESSAGE][PASSED] - Text of object 'Object Repository/Stockbit/Bandarmology_Seller2' is: ''

2024-01-22 18:13:06 - [TEST_STEP][PASSED] - strSellerVol2 = getText(findTestObject("Stockbit/Bandarmology_SellerVol2")): Text of object 'Object Repository/Stockbit/Bandarmology_SellerVol2' is: ''

2024-01-22 18:13:07 - [MESSAGE][PASSED] - Text of object 'Object Repository/Stockbit/Bandarmology_SellerVol2' is: ''

2024-01-22 18:13:07 - [TEST_STEP][PASSED] - strSellerAvg2 = getText(findTestObject("Stockbit/Bandarmology_SellerAvg2")): Text of object 'Object Repository/Stockbit/Bandarmology_SellerAvg2' is: ''

2024-01-22 18:13:07 - [MESSAGE][PASSED] - Text of object 'Object Repository/Stockbit/Bandarmology_SellerAvg2' is: ''

2024-01-22 18:13:07 - [TEST_STEP][PASSED] - if (strSeller2 != ""): null

2024-01-22 18:13:07 - [TEST_STEP][PASSED] - else: null

2024-01-22 18:13:07 - [TEST_STEP][PASSED] - strSeller2 = "-": null

2024-01-22 18:13:07 - [TEST_STEP][PASSED] - strSellerVol2 = "0": null

2024-01-22 18:13:07 - [TEST_STEP][PASSED] - strSellerAvg2 = "0": null

2024-01-22 18:13:07 - [TEST_STEP][PASSED] - if (verifyElementNotPresent(findTestObject("Stockbit/Bandarmology_Buyer3"), 1, OPTIONAL)): Web element with id: 'Object Repository/Stockbit/Bandarmology_Buyer3' located by 'By.xpath: //*[contains(@id, 'rc-tabs-')]/div[2]/div/div/div/div/div/div[2]/table/tbody/tr[4]/td[1]/p' is present after '1' second(s) (Root cause: com.kms.katalon.core.exception.StepFailedException: Web element with id: 'Object Repository/Stockbit/Bandarmology_Buyer3' located by 'By.xpath: //*[contains(@id, 'rc-tabs-')]/div[2]/div/div/div/div/div/div[2]/table/tbody/tr[4]/td[1]/p' is present after '1' second(s)
	at com.kms.katalon.core.webui.keyword.internal.WebUIKeywordMain.stepFailed(WebUIKeywordMain.groovy:64)
	at com.kms.katalon.core.webui.keyword.internal.WebUIKeywordMain$stepFailed$0.call(Unknown Source)
	at com.kms.katalon.core.webui.keyword.builtin.VerifyElementNotPresentKeyword$_verifyElementNotPresent_closure1.doCall(VerifyElementNotPresentKeyword.groovy:106)
	at com.kms.katalon.core.webui.keyword.builtin.VerifyElementNotPresentKeyword$_verifyElementNotPresent_closure1.doCall(VerifyElementNotPresentKeyword.groovy)
	at com.kms.katalon.core.webui.keyword.internal.WebUIKeywordMain.runKeyword(WebUIKeywordMain.groovy:20)
	at com.kms.katalon.core.webui.keyword.internal.WebUIKeywordMain$runKeyword.call(Unknown Source)
	at com.kms.katalon.core.webui.keyword.builtin.VerifyElementNotPresentKeyword.verifyElementNotPresent(VerifyElementNotPresentKeyword.groovy:117)
	at com.kms.katalon.core.webui.keyword.builtin.VerifyElementNotPresentKeyword.execute(VerifyElementNotPresentKeyword.groovy:68)
	at com.kms.katalon.core.keyword.internal.KeywordExecutor.executeKeywordForPlatform(KeywordExecutor.groovy:74)
	at com.kms.katalon.core.webui.keyword.WebUiBuiltInKeywords.verifyElementNotPresent(WebUiBuiltInKeywords.groovy:1481)
	at com.kms.katalon.core.webui.keyword.WebUiBuiltInKeywords$verifyElementNotPresent$8.call(Unknown Source)
	at GetBrokSumPriceDaily.run(GetBrokSumPriceDaily:361)
	at com.kms.katalon.core.main.ScriptEngine.run(ScriptEngine.java:194)
	at com.kms.katalon.core.main.ScriptEngine.runScriptAsRawText(ScriptEngine.java:119)
	at com.kms.katalon.core.main.TestCaseExecutor.runScript(TestCaseExecutor.java:445)
	at com.kms.katalon.core.main.TestCaseExecutor.doExecute(TestCaseExecutor.java:436)
	at com.kms.katalon.core.main.TestCaseExecutor.processExecutionPhase(TestCaseExecutor.java:415)
	at com.kms.katalon.core.main.TestCaseExecutor.accessMainPhase(TestCaseExecutor.java:407)
	at com.kms.katalon.core.main.TestCaseExecutor.execute(TestCaseExecutor.java:284)
	at com.kms.katalon.core.common.CommonExecutor.accessTestCaseMainPhase(CommonExecutor.java:65)
	at com.kms.katalon.core.main.TestSuiteExecutor.accessTestSuiteMainPhase(TestSuiteExecutor.java:144)
	at com.kms.katalon.core.main.TestSuiteExecutor.execute(TestSuiteExecutor.java:106)
	at com.kms.katalon.core.main.TestCaseMain.startTestSuite(TestCaseMain.java:185)
	at com.kms.katalon.core.main.TestCaseMain$startTestSuite$0.call(Unknown Source)
	at TempTestSuite1705920083951.run(TempTestSuite1705920083951.groovy:36)
)

2024-01-22 18:13:08 - [MESSAGE][WARNING] - Web element with id: 'Object Repository/Stockbit/Bandarmology_Buyer3' located by 'By.xpath: //*[contains(@id, 'rc-tabs-')]/div[2]/div/div/div/div/div/div[2]/table/tbody/tr[4]/td[1]/p' is present after '1' second(s) (Root cause: com.kms.katalon.core.exception.StepFailedException: Web element with id: 'Object Repository/Stockbit/Bandarmology_Buyer3' located by 'By.xpath: //*[contains(@id, 'rc-tabs-')]/div[2]/div/div/div/div/div/div[2]/table/tbody/tr[4]/td[1]/p' is present after '1' second(s)
	at com.kms.katalon.core.webui.keyword.internal.WebUIKeywordMain.stepFailed(WebUIKeywordMain.groovy:64)
	at com.kms.katalon.core.webui.keyword.internal.WebUIKeywordMain$stepFailed$0.call(Unknown Source)
	at com.kms.katalon.core.webui.keyword.builtin.VerifyElementNotPresentKeyword$_verifyElementNotPresent_closure1.doCall(VerifyElementNotPresentKeyword.groovy:106)
	at com.kms.katalon.core.webui.keyword.builtin.VerifyElementNotPresentKeyword$_verifyElementNotPresent_closure1.doCall(VerifyElementNotPresentKeyword.groovy)
	at com.kms.katalon.core.webui.keyword.internal.WebUIKeywordMain.runKeyword(WebUIKeywordMain.groovy:20)
	at com.kms.katalon.core.webui.keyword.internal.WebUIKeywordMain$runKeyword.call(Unknown Source)
	at com.kms.katalon.core.webui.keyword.builtin.VerifyElementNotPresentKeyword.verifyElementNotPresent(VerifyElementNotPresentKeyword.groovy:117)
	at com.kms.katalon.core.webui.keyword.builtin.VerifyElementNotPresentKeyword.execute(VerifyElementNotPresentKeyword.groovy:68)
	at com.kms.katalon.core.keyword.internal.KeywordExecutor.executeKeywordForPlatform(KeywordExecutor.groovy:74)
	at com.kms.katalon.core.webui.keyword.WebUiBuiltInKeywords.verifyElementNotPresent(WebUiBuiltInKeywords.groovy:1481)
	at com.kms.katalon.core.webui.keyword.WebUiBuiltInKeywords$verifyElementNotPresent$8.call(Unknown Source)
	at GetBrokSumPriceDaily.run(GetBrokSumPriceDaily:361)
	at com.kms.katalon.core.main.ScriptEngine.run(ScriptEngine.java:194)
	at com.kms.katalon.core.main.ScriptEngine.runScriptAsRawText(ScriptEngine.java:119)
	at com.kms.katalon.core.main.TestCaseExecutor.runScript(TestCaseExecutor.java:445)
	at com.kms.katalon.core.main.TestCaseExecutor.doExecute(TestCaseExecutor.java:436)
	at com.kms.katalon.core.main.TestCaseExecutor.processExecutionPhase(TestCaseExecutor.java:415)
	at com.kms.katalon.core.main.TestCaseExecutor.accessMainPhase(TestCaseExecutor.java:407)
	at com.kms.katalon.core.main.TestCaseExecutor.execute(TestCaseExecutor.java:284)
	at com.kms.katalon.core.common.CommonExecutor.accessTestCaseMainPhase(CommonExecutor.java:65)
	at com.kms.katalon.core.main.TestSuiteExecutor.accessTestSuiteMainPhase(TestSuiteExecutor.java:144)
	at com.kms.katalon.core.main.TestSuiteExecutor.execute(TestSuiteExecutor.java:106)
	at com.kms.katalon.core.main.TestCaseMain.startTestSuite(TestCaseMain.java:185)
	at com.kms.katalon.core.main.TestCaseMain$startTestSuite$0.call(Unknown Source)
	at TempTestSuite1705920083951.run(TempTestSuite1705920083951.groovy:36)
)
[[ATTACHMENT|C:\\Users\\Fadli\\git\\KatalonDailyGetData2\\Reports\\20240122_174123\\TS1\\20240122_174123\\1705921988351.png]]

2024-01-22 18:13:08 - [TEST_STEP][PASSED] - else: null

2024-01-22 18:13:08 - [TEST_STEP][PASSED] - strBuyer3 = getText(findTestObject("Stockbit/Bandarmology_Buyer3")): Text of object 'Object Repository/Stockbit/Bandarmology_Buyer3' is: 'YP'

2024-01-22 18:13:08 - [MESSAGE][PASSED] - Text of object 'Object Repository/Stockbit/Bandarmology_Buyer3' is: 'YP'

2024-01-22 18:13:08 - [TEST_STEP][PASSED] - strBuyerVol3 = getText(findTestObject("Stockbit/Bandarmology_BuyerVol3")): Text of object 'Object Repository/Stockbit/Bandarmology_BuyerVol3' is: '5'

2024-01-22 18:13:08 - [MESSAGE][PASSED] - Text of object 'Object Repository/Stockbit/Bandarmology_BuyerVol3' is: '5'

2024-01-22 18:13:08 - [TEST_STEP][PASSED] - strBuyerAvg3 = getText(findTestObject("Stockbit/Bandarmology_BuyerAvg3")): Text of object 'Object Repository/Stockbit/Bandarmology_BuyerAvg3' is: '50'

2024-01-22 18:13:08 - [MESSAGE][PASSED] - Text of object 'Object Repository/Stockbit/Bandarmology_BuyerAvg3' is: '50'

2024-01-22 18:13:08 - [TEST_STEP][PASSED] - if (strBuyer3 != ""): null

2024-01-22 18:13:08 - [TEST_STEP][PASSED] - if (strBuyerAvg3.contains(",")): null

2024-01-22 18:13:08 - [TEST_STEP][PASSED] - if (strBuyerVol3.contains(" B")): null

2024-01-22 18:13:08 - [TEST_STEP][PASSED] - if (verifyElementNotPresent(findTestObject("Stockbit/Bandarmology_Seller3"), 1, OPTIONAL)): Web element with id: 'Object Repository/Stockbit/Bandarmology_Seller3' located by 'By.xpath: //*[contains(@id, 'rc-tabs-')]/div[2]/div/div/div/div/div/div[2]/table/tbody/tr[4]/td[5]/p' is present after '1' second(s) (Root cause: com.kms.katalon.core.exception.StepFailedException: Web element with id: 'Object Repository/Stockbit/Bandarmology_Seller3' located by 'By.xpath: //*[contains(@id, 'rc-tabs-')]/div[2]/div/div/div/div/div/div[2]/table/tbody/tr[4]/td[5]/p' is present after '1' second(s)
	at com.kms.katalon.core.webui.keyword.internal.WebUIKeywordMain.stepFailed(WebUIKeywordMain.groovy:64)
	at com.kms.katalon.core.webui.keyword.internal.WebUIKeywordMain$stepFailed$0.call(Unknown Source)
	at com.kms.katalon.core.webui.keyword.builtin.VerifyElementNotPresentKeyword$_verifyElementNotPresent_closure1.doCall(VerifyElementNotPresentKeyword.groovy:106)
	at com.kms.katalon.core.webui.keyword.builtin.VerifyElementNotPresentKeyword$_verifyElementNotPresent_closure1.doCall(VerifyElementNotPresentKeyword.groovy)
	at com.kms.katalon.core.webui.keyword.internal.WebUIKeywordMain.runKeyword(WebUIKeywordMain.groovy:20)
	at com.kms.katalon.core.webui.keyword.internal.WebUIKeywordMain$runKeyword.call(Unknown Source)
	at com.kms.katalon.core.webui.keyword.builtin.VerifyElementNotPresentKeyword.verifyElementNotPresent(VerifyElementNotPresentKeyword.groovy:117)
	at com.kms.katalon.core.webui.keyword.builtin.VerifyElementNotPresentKeyword.execute(VerifyElementNotPresentKeyword.groovy:68)
	at com.kms.katalon.core.keyword.internal.KeywordExecutor.executeKeywordForPlatform(KeywordExecutor.groovy:74)
	at com.kms.katalon.core.webui.keyword.WebUiBuiltInKeywords.verifyElementNotPresent(WebUiBuiltInKeywords.groovy:1481)
	at com.kms.katalon.core.webui.keyword.WebUiBuiltInKeywords$verifyElementNotPresent$8.call(Unknown Source)
	at GetBrokSumPriceDaily.run(GetBrokSumPriceDaily:414)
	at com.kms.katalon.core.main.ScriptEngine.run(ScriptEngine.java:194)
	at com.kms.katalon.core.main.ScriptEngine.runScriptAsRawText(ScriptEngine.java:119)
	at com.kms.katalon.core.main.TestCaseExecutor.runScript(TestCaseExecutor.java:445)
	at com.kms.katalon.core.main.TestCaseExecutor.doExecute(TestCaseExecutor.java:436)
	at com.kms.katalon.core.main.TestCaseExecutor.processExecutionPhase(TestCaseExecutor.java:415)
	at com.kms.katalon.core.main.TestCaseExecutor.accessMainPhase(TestCaseExecutor.java:407)
	at com.kms.katalon.core.main.TestCaseExecutor.execute(TestCaseExecutor.java:284)
	at com.kms.katalon.core.common.CommonExecutor.accessTestCaseMainPhase(CommonExecutor.java:65)
	at com.kms.katalon.core.main.TestSuiteExecutor.accessTestSuiteMainPhase(TestSuiteExecutor.java:144)
	at com.kms.katalon.core.main.TestSuiteExecutor.execute(TestSuiteExecutor.java:106)
	at com.kms.katalon.core.main.TestCaseMain.startTestSuite(TestCaseMain.java:185)
	at com.kms.katalon.core.main.TestCaseMain$startTestSuite$0.call(Unknown Source)
	at TempTestSuite1705920083951.run(TempTestSuite1705920083951.groovy:36)
)

2024-01-22 18:13:10 - [MESSAGE][WARNING] - Web element with id: 'Object Repository/Stockbit/Bandarmology_Seller3' located by 'By.xpath: //*[contains(@id, 'rc-tabs-')]/div[2]/div/div/div/div/div/div[2]/table/tbody/tr[4]/td[5]/p' is present after '1' second(s) (Root cause: com.kms.katalon.core.exception.StepFailedException: Web element with id: 'Object Repository/Stockbit/Bandarmology_Seller3' located by 'By.xpath: //*[contains(@id, 'rc-tabs-')]/div[2]/div/div/div/div/div/div[2]/table/tbody/tr[4]/td[5]/p' is present after '1' second(s)
	at com.kms.katalon.core.webui.keyword.internal.WebUIKeywordMain.stepFailed(WebUIKeywordMain.groovy:64)
	at com.kms.katalon.core.webui.keyword.internal.WebUIKeywordMain$stepFailed$0.call(Unknown Source)
	at com.kms.katalon.core.webui.keyword.builtin.VerifyElementNotPresentKeyword$_verifyElementNotPresent_closure1.doCall(VerifyElementNotPresentKeyword.groovy:106)
	at com.kms.katalon.core.webui.keyword.builtin.VerifyElementNotPresentKeyword$_verifyElementNotPresent_closure1.doCall(VerifyElementNotPresentKeyword.groovy)
	at com.kms.katalon.core.webui.keyword.internal.WebUIKeywordMain.runKeyword(WebUIKeywordMain.groovy:20)
	at com.kms.katalon.core.webui.keyword.internal.WebUIKeywordMain$runKeyword.call(Unknown Source)
	at com.kms.katalon.core.webui.keyword.builtin.VerifyElementNotPresentKeyword.verifyElementNotPresent(VerifyElementNotPresentKeyword.groovy:117)
	at com.kms.katalon.core.webui.keyword.builtin.VerifyElementNotPresentKeyword.execute(VerifyElementNotPresentKeyword.groovy:68)
	at com.kms.katalon.core.keyword.internal.KeywordExecutor.executeKeywordForPlatform(KeywordExecutor.groovy:74)
	at com.kms.katalon.core.webui.keyword.WebUiBuiltInKeywords.verifyElementNotPresent(WebUiBuiltInKeywords.groovy:1481)
	at com.kms.katalon.core.webui.keyword.WebUiBuiltInKeywords$verifyElementNotPresent$8.call(Unknown Source)
	at GetBrokSumPriceDaily.run(GetBrokSumPriceDaily:414)
	at com.kms.katalon.core.main.ScriptEngine.run(ScriptEngine.java:194)
	at com.kms.katalon.core.main.ScriptEngine.runScriptAsRawText(ScriptEngine.java:119)
	at com.kms.katalon.core.main.TestCaseExecutor.runScript(TestCaseExecutor.java:445)
	at com.kms.katalon.core.main.TestCaseExecutor.doExecute(TestCaseExecutor.java:436)
	at com.kms.katalon.core.main.TestCaseExecutor.processExecutionPhase(TestCaseExecutor.java:415)
	at com.kms.katalon.core.main.TestCaseExecutor.accessMainPhase(TestCaseExecutor.java:407)
	at com.kms.katalon.core.main.TestCaseExecutor.execute(TestCaseExecutor.java:284)
	at com.kms.katalon.core.common.CommonExecutor.accessTestCaseMainPhase(CommonExecutor.java:65)
	at com.kms.katalon.core.main.TestSuiteExecutor.accessTestSuiteMainPhase(TestSuiteExecutor.java:144)
	at com.kms.katalon.core.main.TestSuiteExecutor.execute(TestSuiteExecutor.java:106)
	at com.kms.katalon.core.main.TestCaseMain.startTestSuite(TestCaseMain.java:185)
	at com.kms.katalon.core.main.TestCaseMain$startTestSuite$0.call(Unknown Source)
	at TempTestSuite1705920083951.run(TempTestSuite1705920083951.groovy:36)
)
[[ATTACHMENT|C:\\Users\\Fadli\\git\\KatalonDailyGetData2\\Reports\\20240122_174123\\TS1\\20240122_174123\\1705921990069.png]]

2024-01-22 18:13:10 - [TEST_STEP][PASSED] - else: null

2024-01-22 18:13:10 - [TEST_STEP][PASSED] - strSeller3 = getText(findTestObject("Stockbit/Bandarmology_Seller3")): Text of object 'Object Repository/Stockbit/Bandarmology_Seller3' is: ''

2024-01-22 18:13:10 - [MESSAGE][PASSED] - Text of object 'Object Repository/Stockbit/Bandarmology_Seller3' is: ''

2024-01-22 18:13:10 - [TEST_STEP][PASSED] - strSellerVol3 = getText(findTestObject("Stockbit/Bandarmology_SellerVol3")): Text of object 'Object Repository/Stockbit/Bandarmology_SellerVol3' is: ''

2024-01-22 18:13:10 - [MESSAGE][PASSED] - Text of object 'Object Repository/Stockbit/Bandarmology_SellerVol3' is: ''

2024-01-22 18:13:10 - [TEST_STEP][PASSED] - strSellerAvg3 = getText(findTestObject("Stockbit/Bandarmology_SellerAvg3")): Text of object 'Object Repository/Stockbit/Bandarmology_SellerAvg3' is: ''

2024-01-22 18:13:10 - [MESSAGE][PASSED] - Text of object 'Object Repository/Stockbit/Bandarmology_SellerAvg3' is: ''

2024-01-22 18:13:10 - [TEST_STEP][PASSED] - if (strSeller3 != ""): null

2024-01-22 18:13:10 - [TEST_STEP][PASSED] - else: null

2024-01-22 18:13:10 - [TEST_STEP][PASSED] - strSeller3 = "-": null

2024-01-22 18:13:10 - [TEST_STEP][PASSED] - strSellerVol3 = "0": null

2024-01-22 18:13:10 - [TEST_STEP][PASSED] - strSellerAvg3 = "0": null

2024-01-22 18:13:10 - [TEST_STEP][PASSED] - strAccDist = getText(findTestObject("Stockbit/Bandarmology_AccDist")): Text of object 'Object Repository/Stockbit/Bandarmology_AccDist' is: 'Dist'

2024-01-22 18:13:10 - [MESSAGE][PASSED] - Text of object 'Object Repository/Stockbit/Bandarmology_AccDist' is: 'Dist'

2024-01-22 18:13:10 - [TEST_STEP][PASSED] - strNetVol = getText(findTestObject("Stockbit/Bandarmology_NetVol")): Text of object 'Object Repository/Stockbit/Bandarmology_NetVol' is: '219'

2024-01-22 18:13:10 - [MESSAGE][PASSED] - Text of object 'Object Repository/Stockbit/Bandarmology_NetVol' is: '219'

2024-01-22 18:13:10 - [TEST_STEP][PASSED] - strNetVol = strNetVol.replace(",", ""): null

2024-01-22 18:13:10 - [TEST_STEP][PASSED] - strNetVal = getText(findTestObject("Stockbit/Bandarmology_NetVal")): Text of object 'Object Repository/Stockbit/Bandarmology_NetVal' is: '0 B'

2024-01-22 18:13:10 - [MESSAGE][PASSED] - Text of object 'Object Repository/Stockbit/Bandarmology_NetVal' is: '0 B'

2024-01-22 18:13:10 - [TEST_STEP][PASSED] - delay(3): Delayed 3 second(s)

2024-01-22 18:13:13 - [MESSAGE][PASSED] - Delayed 3 second(s)

2024-01-22 18:13:13 - [TEST_STEP][PASSED] - strOpenPrice = getText(findTestObject("Stockbit/Home_OpenPrice")): Text of object 'Object Repository/Stockbit/Home_OpenPrice' is: '50'

2024-01-22 18:13:14 - [MESSAGE][PASSED] - Text of object 'Object Repository/Stockbit/Home_OpenPrice' is: '50'

2024-01-22 18:13:14 - [TEST_STEP][PASSED] - strOpenPrice = strOpenPrice.replace(",", ""): null

2024-01-22 18:13:14 - [TEST_STEP][PASSED] - strLowPrice = getText(findTestObject("Stockbit/Home_LowPrice")): Text of object 'Object Repository/Stockbit/Home_LowPrice' is: '50'

2024-01-22 18:13:14 - [MESSAGE][PASSED] - Text of object 'Object Repository/Stockbit/Home_LowPrice' is: '50'

2024-01-22 18:13:14 - [TEST_STEP][PASSED] - strLowPrice = strLowPrice.replace(",", ""): null

2024-01-22 18:13:14 - [TEST_STEP][PASSED] - strHighPrice = getText(findTestObject("Stockbit/Home_HighPrice")): Text of object 'Object Repository/Stockbit/Home_HighPrice' is: '50'

2024-01-22 18:13:14 - [MESSAGE][PASSED] - Text of object 'Object Repository/Stockbit/Home_HighPrice' is: '50'

2024-01-22 18:13:14 - [TEST_STEP][PASSED] - strHighPrice = strHighPrice.replace(",", ""): null

2024-01-22 18:13:14 - [TEST_STEP][PASSED] - strClosePrice = getText(findTestObject("Stockbit/Home_ClosePrice")): Text of object 'Object Repository/Stockbit/Home_ClosePrice' is: '50'

2024-01-22 18:13:14 - [MESSAGE][PASSED] - Text of object 'Object Repository/Stockbit/Home_ClosePrice' is: '50'

2024-01-22 18:13:14 - [TEST_STEP][PASSED] - strClosePrice = strClosePrice.replace(",", ""): null

2024-01-22 18:13:14 - [TEST_STEP][PASSED] - strVol = getText(findTestObject("Stockbit/Home_Volume")): Text of object 'Object Repository/Stockbit/Home_Volume' is: '219'

2024-01-22 18:13:14 - [MESSAGE][PASSED] - Text of object 'Object Repository/Stockbit/Home_Volume' is: '219'

2024-01-22 18:13:14 - [TEST_STEP][PASSED] - if (strVol.contains(" K")): null

2024-01-22 18:13:14 - [TEST_STEP][PASSED] - if (strVol.contains(",")): null

2024-01-22 18:13:14 - [TEST_STEP][PASSED] - strChange = getText(findTestObject("Stockbit/Home_Change")): Text of object 'Object Repository/Stockbit/Home_Change' is: '0.00%'

2024-01-22 18:13:14 - [MESSAGE][PASSED] - Text of object 'Object Repository/Stockbit/Home_Change' is: '0.00%'

2024-01-22 18:13:14 - [TEST_STEP][PASSED] - strChange = strChange.replace("%", ""): null

2024-01-22 18:13:14 - [TEST_STEP][PASSED] - strFreq = getText(findTestObject("Stockbit/Home_Freq")): Text of object 'Object Repository/Stockbit/Home_Freq' is: '11'

2024-01-22 18:13:14 - [MESSAGE][PASSED] - Text of object 'Object Repository/Stockbit/Home_Freq' is: '11'

2024-01-22 18:13:14 - [TEST_STEP][PASSED] - if (strFreq.contains(",")): null

2024-01-22 18:13:14 - [TEST_STEP][PASSED] - if (strFreq == "NA" || strFreq == ""): null

2024-01-22 18:13:14 - [TEST_STEP][PASSED] - else: null

2024-01-22 18:13:14 - [TEST_STEP][PASSED] - dblFreqAnal = strVol.toDouble() / strFreq.toDouble() * strFreq.toDouble() * strFreq.toDouble() * 100000000: null

2024-01-22 18:13:14 - [TEST_STEP][PASSED] - strFreqAnal = String.format("%.4f", dblFreqAnal): null

2024-01-22 18:13:14 - [TEST_STEP][PASSED] - out.println("Double strFreqAnal: " + strFreqAnal): null

2024-01-22 18:13:14 - [TEST_STEP][PASSED] - strTanggal = d.format(DateTimeFormatter.ofPattern("yyyy-MM-dd")): null

2024-01-22 18:13:14 - [TEST_STEP][PASSED] - strTanggal = "#" + strTanggal + "#": null

2024-01-22 18:13:14 - [TEST_STEP][PASSED] - strSQL = "select count(*) as JumBaris from TblBrokSum where Nama = '" + strNama + "' and Tanggal = " + strTanggal + "": null

2024-01-22 18:13:14 - [TEST_STEP][PASSED] - resultSet = statement.executeQuery(strSQL): null

2024-01-22 18:13:14 - [TEST_STEP][PASSED] - resultSet.next(): null

2024-01-22 18:13:14 - [TEST_STEP][PASSED] - intJumBaris = resultSet.getInt("JumBaris"): null

2024-01-22 18:13:14 - [TEST_STEP][PASSED] - if (intJumBaris > 0): null

2024-01-22 18:13:14 - [TEST_STEP][PASSED] - else: null

2024-01-22 18:13:14 - [TEST_STEP][PASSED] - try: null

2024-01-22 18:13:14 - [TEST_STEP][PASSED] - out.println("Insert data"): null

2024-01-22 18:13:14 - [TEST_STEP][PASSED] - strSQL = "insert into TblBrokSum (nama, tanggal, top1, top2, top3, AllBrokAvg, AccDist, AvgRP, " + "Buyer1, BuyerVal1, BuyerAvg1, Seller1, SellerVal1, SellerAvg1, Buyer2, BuyerVal2, BuyerAvg2, " + "Seller2, SellerVal2, SellerAvg2, Buyer3, BuyerVal3, BuyerAvg3, Seller3, SellerVal3, SellerAvg3, NetVol, NetVal, " + "OpenPrice, LowPrice, HighPrice, ClosePrice, Volume, Change, Frekuensi, FrekAnal) " + "values ('" + strNama + "', " + strTanggal + ", '" + strTop1 + "', '" + strTop3 + "', '" + strTop5 + "', " + "'" + strAllBrokAvg + "', '" + strAccDist + "', " + intAvgRP + ", '" + strBuyer1 + "', '" + strBuyerVol1 + "', " + strBuyerAvg1 + ", " + "'" + strSeller1 + "', '" + strSellerVol1 + "', " + strSellerAvg1 + ", '" + strBuyer2 + "', '" + strBuyerVol2 + "', " + strBuyerAvg2 + ", " + "'" + strSeller2 + "', '" + strSellerVol2 + "', " + strSellerAvg2 + ", '" + strBuyer3 + "', '" + strBuyerVol3 + "', " + strBuyerAvg3 + ", " + "'" + strSeller3 + "', '" + strSellerVol3 + "', " + strSellerAvg3 + ", " + strNetVol + ", '" + strNetVal + "', " + "" + strOpenPrice + ", " + strLowPrice + ", " + strHighPrice + ", " + strClosePrice + ", '" + strVol + "', " + strChange + ", " + strFreq + ", " + strFreqAnal + ");": null

2024-01-22 18:13:14 - [TEST_STEP][PASSED] - out.println("strSQL = " + strSQL): null

2024-01-22 18:13:14 - [TEST_STEP][PASSED] - statement.executeUpdate(strSQL): null

2024-01-22 18:13:14 - [TEST_STEP][PASSED] - setValueToCellByIndex(sheet01, rowIndex, 4, "DONE"): null

2024-01-22 18:13:14 - [TEST_STEP][PASSED] - saveWorkbook(excelFilePath, workbook01): null

2024-01-22 18:13:14 - [TEST_STEP][PASSED] - waitForElementClickable(findTestObject("Stockbit/menu_Bandarmology"), 10): Object 'Object Repository/Stockbit/menu_Bandarmology' is clickable

2024-01-22 18:13:14 - [MESSAGE][PASSED] - Object 'Object Repository/Stockbit/menu_Bandarmology' is clickable

2024-01-22 18:13:14 - [TEST_STEP][PASSED] - click(findTestObject("Stockbit/menu_Bandarmology")): Object: 'Object Repository/Stockbit/menu_Bandarmology' is clicked on

2024-01-22 18:13:15 - [MESSAGE][PASSED] - Object: 'Object Repository/Stockbit/menu_Bandarmology' is clicked on

2024-01-22 18:13:15 - [TEST_STEP][PASSED] - strTemp = "NA": null

2024-01-22 18:13:15 - [TEST_STEP][PASSED] - if (getCellValueByIndex(sheet01, rowIndex, 4) != "DONE"): Object: 'Object Repository/Stockbit/menu_Bandarmology' is clicked on

2024-01-22 18:13:15 - [TEST_STEP][PASSED] - strNama = getCellValueByIndex(sheet01, rowIndex, 0): null

2024-01-22 18:13:15 - [TEST_STEP][PASSED] - navigateToUrl("https://stockbit.com/#/symbol/" + strNama): Navigate to 'https://stockbit.com/#/symbol/JKON' successfully

2024-01-22 18:13:17 - [MESSAGE][PASSED] - Navigate to 'https://stockbit.com/#/symbol/JKON' successfully

2024-01-22 18:13:17 - [TEST_STEP][PASSED] - waitForElementClickable(findTestObject("Stockbit/menu_Bandarmology"), 10): Object 'Object Repository/Stockbit/menu_Bandarmology' is clickable

2024-01-22 18:13:17 - [MESSAGE][PASSED] - Object 'Object Repository/Stockbit/menu_Bandarmology' is clickable

2024-01-22 18:13:17 - [TEST_STEP][PASSED] - click(findTestObject("Stockbit/menu_Bandarmology")): Object: 'Object Repository/Stockbit/menu_Bandarmology' is clicked on

2024-01-22 18:13:18 - [MESSAGE][PASSED] - Object: 'Object Repository/Stockbit/menu_Bandarmology' is clicked on

2024-01-22 18:13:18 - [TEST_STEP][PASSED] - strTanggal = d.format(DateTimeFormatter.ofPattern("MMM dd, yyyy")): null

2024-01-22 18:13:18 - [TEST_STEP][PASSED] - strTanggal = d.format(ISO_DATE): null

2024-01-22 18:13:18 - [TEST_STEP][PASSED] - out.println("strTanggal = " + strTanggal): null

2024-01-22 18:13:18 - [TEST_STEP][PASSED] - out.println("strNama = " + strNama): null

2024-01-22 18:13:18 - [TEST_STEP][PASSED] - out.println("Baris ke = " + rowIndex): null

2024-01-22 18:13:18 - [TEST_STEP][PASSED] - click(findTestObject("Stockbit/input__BandarmologyOpenStartDate")): Object: 'Object Repository/Stockbit/input__BandarmologyOpenStartDate' is clicked on

2024-01-22 18:13:19 - [MESSAGE][PASSED] - Object: 'Object Repository/Stockbit/input__BandarmologyOpenStartDate' is clicked on

2024-01-22 18:13:19 - [TEST_STEP][PASSED] - sendKeys(findTestObject("Stockbit/input__BandarmologyOpenStartDate"), Keys.chord(CONTROL, "a")): Keys 'CONTROL + a' sent to object: 'Object Repository/Stockbit/input__BandarmologyOpenStartDate'

2024-01-22 18:13:20 - [MESSAGE][PASSED] - Keys 'CONTROL + a' sent to object: 'Object Repository/Stockbit/input__BandarmologyOpenStartDate'

2024-01-22 18:13:20 - [TEST_STEP][PASSED] - sendKeys(findTestObject("Stockbit/input__BandarmologyOpenStartDate"), Keys.chord(BACK_SPACE)): Keys 'BACK_SPACE + ' sent to object: 'Object Repository/Stockbit/input__BandarmologyOpenStartDate'

2024-01-22 18:13:20 - [MESSAGE][PASSED] - Keys 'BACK_SPACE + ' sent to object: 'Object Repository/Stockbit/input__BandarmologyOpenStartDate'

2024-01-22 18:13:20 - [TEST_STEP][PASSED] - setText(findTestObject("Stockbit/input__BandarmologyOpenStartDate"), strTanggal): Text '2024-01-22' is set on object 'Object Repository/Stockbit/input__BandarmologyOpenStartDate'

2024-01-22 18:13:21 - [MESSAGE][PASSED] - Text '2024-01-22' is set on object 'Object Repository/Stockbit/input__BandarmologyOpenStartDate'

2024-01-22 18:13:21 - [TEST_STEP][PASSED] - sendKeys(findTestObject("Stockbit/input__BandarmologyOpenStartDate"), Keys.chord(ENTER)): Keys 'ENTER + ' sent to object: 'Object Repository/Stockbit/input__BandarmologyOpenStartDate'

2024-01-22 18:13:21 - [MESSAGE][PASSED] - Keys 'ENTER + ' sent to object: 'Object Repository/Stockbit/input__BandarmologyOpenStartDate'

2024-01-22 18:13:21 - [TEST_STEP][PASSED] - click(findTestObject("Stockbit/input__BandarmologyOpenEndDate")): Object: 'Object Repository/Stockbit/input__BandarmologyOpenEndDate' is clicked on

2024-01-22 18:13:22 - [MESSAGE][PASSED] - Object: 'Object Repository/Stockbit/input__BandarmologyOpenEndDate' is clicked on

2024-01-22 18:13:22 - [TEST_STEP][PASSED] - sendKeys(findTestObject("Stockbit/input__BandarmologyOpenEndDate"), Keys.chord(CONTROL, "a")): Keys 'CONTROL + a' sent to object: 'Object Repository/Stockbit/input__BandarmologyOpenEndDate'

2024-01-22 18:13:22 - [MESSAGE][PASSED] - Keys 'CONTROL + a' sent to object: 'Object Repository/Stockbit/input__BandarmologyOpenEndDate'

2024-01-22 18:13:22 - [TEST_STEP][PASSED] - sendKeys(findTestObject("Stockbit/input__BandarmologyOpenEndDate"), Keys.chord(BACK_SPACE)): Keys 'BACK_SPACE + ' sent to object: 'Object Repository/Stockbit/input__BandarmologyOpenEndDate'

2024-01-22 18:13:23 - [MESSAGE][PASSED] - Keys 'BACK_SPACE + ' sent to object: 'Object Repository/Stockbit/input__BandarmologyOpenEndDate'

2024-01-22 18:13:23 - [TEST_STEP][PASSED] - setText(findTestObject("Stockbit/input__BandarmologyOpenEndDate"), strTanggal): Text '2024-01-22' is set on object 'Object Repository/Stockbit/input__BandarmologyOpenEndDate'

2024-01-22 18:13:23 - [MESSAGE][PASSED] - Text '2024-01-22' is set on object 'Object Repository/Stockbit/input__BandarmologyOpenEndDate'

2024-01-22 18:13:23 - [TEST_STEP][PASSED] - sendKeys(findTestObject("Stockbit/input__BandarmologyOpenEndDate"), Keys.chord(ENTER)): Keys 'ENTER + ' sent to object: 'Object Repository/Stockbit/input__BandarmologyOpenEndDate'

2024-01-22 18:13:24 - [MESSAGE][PASSED] - Keys 'ENTER + ' sent to object: 'Object Repository/Stockbit/input__BandarmologyOpenEndDate'

2024-01-22 18:13:24 - [TEST_STEP][PASSED] - delay(2): Delayed 2 second(s)

2024-01-22 18:13:26 - [MESSAGE][PASSED] - Delayed 2 second(s)

2024-01-22 18:13:26 - [TEST_STEP][PASSED] - strTemp = getText(findTestObject("Stockbit/Bandarmology_AvgRP")): Text of object 'Object Repository/Stockbit/Bandarmology_AvgRP' is: '91'

2024-01-22 18:13:26 - [MESSAGE][PASSED] - Text of object 'Object Repository/Stockbit/Bandarmology_AvgRP' is: '91'

2024-01-22 18:13:26 - [TEST_STEP][PASSED] - out.println("Bandarmology_AvgRP = " + strTemp): null

2024-01-22 18:13:26 - [TEST_STEP][PASSED] - if (strTemp != "0"): null

2024-01-22 18:13:26 - [TEST_STEP][PASSED] - strTop1 = getText(findTestObject("Stockbit/Bandarmology_Top1")): Text of object 'Object Repository/Stockbit/Bandarmology_Top1' is: 'Normal Acc'

2024-01-22 18:13:26 - [MESSAGE][PASSED] - Text of object 'Object Repository/Stockbit/Bandarmology_Top1' is: 'Normal Acc'

2024-01-22 18:13:26 - [TEST_STEP][PASSED] - strTop3 = getText(findTestObject("Stockbit/Bandarmology_Top3")): Text of object 'Object Repository/Stockbit/Bandarmology_Top3' is: 'Big Acc'

2024-01-22 18:13:26 - [MESSAGE][PASSED] - Text of object 'Object Repository/Stockbit/Bandarmology_Top3' is: 'Big Acc'

2024-01-22 18:13:26 - [TEST_STEP][PASSED] - strTop5 = getText(findTestObject("Stockbit/Bandarmology_Top5")): Text of object 'Object Repository/Stockbit/Bandarmology_Top5' is: 'Small Acc'

2024-01-22 18:13:26 - [MESSAGE][PASSED] - Text of object 'Object Repository/Stockbit/Bandarmology_Top5' is: 'Small Acc'

2024-01-22 18:13:26 - [TEST_STEP][PASSED] - strAllBrokAvg = getText(findTestObject("Stockbit/Bandarmology_TopAVG")): Text of object 'Object Repository/Stockbit/Bandarmology_TopAVG' is: 'Normal Acc'

2024-01-22 18:13:26 - [MESSAGE][PASSED] - Text of object 'Object Repository/Stockbit/Bandarmology_TopAVG' is: 'Normal Acc'

2024-01-22 18:13:26 - [TEST_STEP][PASSED] - strTemp = getText(findTestObject("Stockbit/Bandarmology_AvgRP")): Text of object 'Object Repository/Stockbit/Bandarmology_AvgRP' is: '91'

2024-01-22 18:13:26 - [MESSAGE][PASSED] - Text of object 'Object Repository/Stockbit/Bandarmology_AvgRP' is: '91'

2024-01-22 18:13:26 - [TEST_STEP][PASSED] - if (strTemp.contains(",")): null

2024-01-22 18:13:26 - [TEST_STEP][PASSED] - intAvgRP = strTemp.toInteger(): null

2024-01-22 18:13:26 - [TEST_STEP][PASSED] - strBuyer1 = getText(findTestObject("Stockbit/Bandarmology_Buyer1")): Text of object 'Object Repository/Stockbit/Bandarmology_Buyer1' is: 'YP'

2024-01-22 18:13:26 - [MESSAGE][PASSED] - Text of object 'Object Repository/Stockbit/Bandarmology_Buyer1' is: 'YP'

2024-01-22 18:13:26 - [TEST_STEP][PASSED] - strBuyerVol1 = getText(findTestObject("Stockbit/Bandarmology_BuyerVol1")): Text of object 'Object Repository/Stockbit/Bandarmology_BuyerVol1' is: '27.5 K'

2024-01-22 18:13:27 - [MESSAGE][PASSED] - Text of object 'Object Repository/Stockbit/Bandarmology_BuyerVol1' is: '27.5 K'

2024-01-22 18:13:27 - [TEST_STEP][PASSED] - strBuyerAvg1 = getText(findTestObject("Stockbit/Bandarmology_BuyerAvg1")): Text of object 'Object Repository/Stockbit/Bandarmology_BuyerAvg1' is: '90'

2024-01-22 18:13:27 - [MESSAGE][PASSED] - Text of object 'Object Repository/Stockbit/Bandarmology_BuyerAvg1' is: '90'

2024-01-22 18:13:27 - [TEST_STEP][PASSED] - if (strBuyerAvg1.contains(",")): null

2024-01-22 18:13:27 - [TEST_STEP][PASSED] - if (strBuyerVol1.contains(" B")): null

2024-01-22 18:13:27 - [TEST_STEP][PASSED] - else if (strBuyerVol1.contains(" M")): null

2024-01-22 18:13:27 - [TEST_STEP][PASSED] - else if (strBuyerVol1.contains(" K")): null

2024-01-22 18:13:27 - [TEST_STEP][PASSED] - strBuyerVol1 = strBuyerVol1.replace(" K", ""): null

2024-01-22 18:13:27 - [TEST_STEP][PASSED] - strBuyerVol1 = strBuyerVol1.toDouble() * 1000: null

2024-01-22 18:13:27 - [TEST_STEP][PASSED] - strSeller1 = getText(findTestObject("Stockbit/Bandarmology_Seller1")): Text of object 'Object Repository/Stockbit/Bandarmology_Seller1' is: 'DH'

2024-01-22 18:13:27 - [MESSAGE][PASSED] - Text of object 'Object Repository/Stockbit/Bandarmology_Seller1' is: 'DH'

2024-01-22 18:13:27 - [TEST_STEP][PASSED] - strSellerVol1 = getText(findTestObject("Stockbit/Bandarmology_SellerVol1")): Text of object 'Object Repository/Stockbit/Bandarmology_SellerVol1' is: '21 K'

2024-01-22 18:13:27 - [MESSAGE][PASSED] - Text of object 'Object Repository/Stockbit/Bandarmology_SellerVol1' is: '21 K'

2024-01-22 18:13:27 - [TEST_STEP][PASSED] - strSellerAvg1 = getText(findTestObject("Stockbit/Bandarmology_SellerAvg1")): Text of object 'Object Repository/Stockbit/Bandarmology_SellerAvg1' is: '90'

2024-01-22 18:13:27 - [MESSAGE][PASSED] - Text of object 'Object Repository/Stockbit/Bandarmology_SellerAvg1' is: '90'

2024-01-22 18:13:27 - [TEST_STEP][PASSED] - if (strSellerAvg1.contains(",")): null

2024-01-22 18:13:27 - [TEST_STEP][PASSED] - if (strSellerVol1.contains(" B")): null

2024-01-22 18:13:27 - [TEST_STEP][PASSED] - else if (strSellerVol1.contains(" M")): null

2024-01-22 18:13:27 - [TEST_STEP][PASSED] - else if (strSellerVol1.contains(" K")): null

2024-01-22 18:13:27 - [TEST_STEP][PASSED] - strSellerVol1 = strSellerVol1.replace(" K", ""): null

2024-01-22 18:13:27 - [TEST_STEP][PASSED] - strSellerVol1 = strSellerVol1.toDouble() * 1000: null

2024-01-22 18:13:27 - [TEST_STEP][PASSED] - if (verifyElementNotPresent(findTestObject("Stockbit/Bandarmology_Buyer2"), 1, OPTIONAL)): Web element with id: 'Object Repository/Stockbit/Bandarmology_Buyer2' located by 'By.xpath: //*[contains(@id, 'rc-tabs-')]/div[2]/div/div/div/div/div/div[2]/table/tbody/tr[3]/td[1]/p' is present after '1' second(s) (Root cause: com.kms.katalon.core.exception.StepFailedException: Web element with id: 'Object Repository/Stockbit/Bandarmology_Buyer2' located by 'By.xpath: //*[contains(@id, 'rc-tabs-')]/div[2]/div/div/div/div/div/div[2]/table/tbody/tr[3]/td[1]/p' is present after '1' second(s)
	at com.kms.katalon.core.webui.keyword.internal.WebUIKeywordMain.stepFailed(WebUIKeywordMain.groovy:64)
	at com.kms.katalon.core.webui.keyword.internal.WebUIKeywordMain$stepFailed$0.call(Unknown Source)
	at com.kms.katalon.core.webui.keyword.builtin.VerifyElementNotPresentKeyword$_verifyElementNotPresent_closure1.doCall(VerifyElementNotPresentKeyword.groovy:106)
	at com.kms.katalon.core.webui.keyword.builtin.VerifyElementNotPresentKeyword$_verifyElementNotPresent_closure1.doCall(VerifyElementNotPresentKeyword.groovy)
	at com.kms.katalon.core.webui.keyword.internal.WebUIKeywordMain.runKeyword(WebUIKeywordMain.groovy:20)
	at com.kms.katalon.core.webui.keyword.internal.WebUIKeywordMain$runKeyword.call(Unknown Source)
	at com.kms.katalon.core.webui.keyword.builtin.VerifyElementNotPresentKeyword.verifyElementNotPresent(VerifyElementNotPresentKeyword.groovy:117)
	at com.kms.katalon.core.webui.keyword.builtin.VerifyElementNotPresentKeyword.execute(VerifyElementNotPresentKeyword.groovy:68)
	at com.kms.katalon.core.keyword.internal.KeywordExecutor.executeKeywordForPlatform(KeywordExecutor.groovy:74)
	at com.kms.katalon.core.webui.keyword.WebUiBuiltInKeywords.verifyElementNotPresent(WebUiBuiltInKeywords.groovy:1481)
	at com.kms.katalon.core.webui.keyword.WebUiBuiltInKeywords$verifyElementNotPresent$8.call(Unknown Source)
	at GetBrokSumPriceDaily.run(GetBrokSumPriceDaily:258)
	at com.kms.katalon.core.main.ScriptEngine.run(ScriptEngine.java:194)
	at com.kms.katalon.core.main.ScriptEngine.runScriptAsRawText(ScriptEngine.java:119)
	at com.kms.katalon.core.main.TestCaseExecutor.runScript(TestCaseExecutor.java:445)
	at com.kms.katalon.core.main.TestCaseExecutor.doExecute(TestCaseExecutor.java:436)
	at com.kms.katalon.core.main.TestCaseExecutor.processExecutionPhase(TestCaseExecutor.java:415)
	at com.kms.katalon.core.main.TestCaseExecutor.accessMainPhase(TestCaseExecutor.java:407)
	at com.kms.katalon.core.main.TestCaseExecutor.execute(TestCaseExecutor.java:284)
	at com.kms.katalon.core.common.CommonExecutor.accessTestCaseMainPhase(CommonExecutor.java:65)
	at com.kms.katalon.core.main.TestSuiteExecutor.accessTestSuiteMainPhase(TestSuiteExecutor.java:144)
	at com.kms.katalon.core.main.TestSuiteExecutor.execute(TestSuiteExecutor.java:106)
	at com.kms.katalon.core.main.TestCaseMain.startTestSuite(TestCaseMain.java:185)
	at com.kms.katalon.core.main.TestCaseMain$startTestSuite$0.call(Unknown Source)
	at TempTestSuite1705920083951.run(TempTestSuite1705920083951.groovy:36)
)

2024-01-22 18:13:28 - [MESSAGE][WARNING] - Web element with id: 'Object Repository/Stockbit/Bandarmology_Buyer2' located by 'By.xpath: //*[contains(@id, 'rc-tabs-')]/div[2]/div/div/div/div/div/div[2]/table/tbody/tr[3]/td[1]/p' is present after '1' second(s) (Root cause: com.kms.katalon.core.exception.StepFailedException: Web element with id: 'Object Repository/Stockbit/Bandarmology_Buyer2' located by 'By.xpath: //*[contains(@id, 'rc-tabs-')]/div[2]/div/div/div/div/div/div[2]/table/tbody/tr[3]/td[1]/p' is present after '1' second(s)
	at com.kms.katalon.core.webui.keyword.internal.WebUIKeywordMain.stepFailed(WebUIKeywordMain.groovy:64)
	at com.kms.katalon.core.webui.keyword.internal.WebUIKeywordMain$stepFailed$0.call(Unknown Source)
	at com.kms.katalon.core.webui.keyword.builtin.VerifyElementNotPresentKeyword$_verifyElementNotPresent_closure1.doCall(VerifyElementNotPresentKeyword.groovy:106)
	at com.kms.katalon.core.webui.keyword.builtin.VerifyElementNotPresentKeyword$_verifyElementNotPresent_closure1.doCall(VerifyElementNotPresentKeyword.groovy)
	at com.kms.katalon.core.webui.keyword.internal.WebUIKeywordMain.runKeyword(WebUIKeywordMain.groovy:20)
	at com.kms.katalon.core.webui.keyword.internal.WebUIKeywordMain$runKeyword.call(Unknown Source)
	at com.kms.katalon.core.webui.keyword.builtin.VerifyElementNotPresentKeyword.verifyElementNotPresent(VerifyElementNotPresentKeyword.groovy:117)
	at com.kms.katalon.core.webui.keyword.builtin.VerifyElementNotPresentKeyword.execute(VerifyElementNotPresentKeyword.groovy:68)
	at com.kms.katalon.core.keyword.internal.KeywordExecutor.executeKeywordForPlatform(KeywordExecutor.groovy:74)
	at com.kms.katalon.core.webui.keyword.WebUiBuiltInKeywords.verifyElementNotPresent(WebUiBuiltInKeywords.groovy:1481)
	at com.kms.katalon.core.webui.keyword.WebUiBuiltInKeywords$verifyElementNotPresent$8.call(Unknown Source)
	at GetBrokSumPriceDaily.run(GetBrokSumPriceDaily:258)
	at com.kms.katalon.core.main.ScriptEngine.run(ScriptEngine.java:194)
	at com.kms.katalon.core.main.ScriptEngine.runScriptAsRawText(ScriptEngine.java:119)
	at com.kms.katalon.core.main.TestCaseExecutor.runScript(TestCaseExecutor.java:445)
	at com.kms.katalon.core.main.TestCaseExecutor.doExecute(TestCaseExecutor.java:436)
	at com.kms.katalon.core.main.TestCaseExecutor.processExecutionPhase(TestCaseExecutor.java:415)
	at com.kms.katalon.core.main.TestCaseExecutor.accessMainPhase(TestCaseExecutor.java:407)
	at com.kms.katalon.core.main.TestCaseExecutor.execute(TestCaseExecutor.java:284)
	at com.kms.katalon.core.common.CommonExecutor.accessTestCaseMainPhase(CommonExecutor.java:65)
	at com.kms.katalon.core.main.TestSuiteExecutor.accessTestSuiteMainPhase(TestSuiteExecutor.java:144)
	at com.kms.katalon.core.main.TestSuiteExecutor.execute(TestSuiteExecutor.java:106)
	at com.kms.katalon.core.main.TestCaseMain.startTestSuite(TestCaseMain.java:185)
	at com.kms.katalon.core.main.TestCaseMain$startTestSuite$0.call(Unknown Source)
	at TempTestSuite1705920083951.run(TempTestSuite1705920083951.groovy:36)
)
[[ATTACHMENT|C:\\Users\\Fadli\\git\\KatalonDailyGetData2\\Reports\\20240122_174123\\TS1\\20240122_174123\\1705922008788.png]]

2024-01-22 18:13:28 - [TEST_STEP][PASSED] - else: null

2024-01-22 18:13:28 - [TEST_STEP][PASSED] - strBuyer2 = getText(findTestObject("Stockbit/Bandarmology_Buyer2")): Text of object 'Object Repository/Stockbit/Bandarmology_Buyer2' is: 'GR'

2024-01-22 18:13:29 - [MESSAGE][PASSED] - Text of object 'Object Repository/Stockbit/Bandarmology_Buyer2' is: 'GR'

2024-01-22 18:13:29 - [TEST_STEP][PASSED] - strBuyerVol2 = getText(findTestObject("Stockbit/Bandarmology_BuyerVol2")): Text of object 'Object Repository/Stockbit/Bandarmology_BuyerVol2' is: '11.2 K'

2024-01-22 18:13:29 - [MESSAGE][PASSED] - Text of object 'Object Repository/Stockbit/Bandarmology_BuyerVol2' is: '11.2 K'

2024-01-22 18:13:29 - [TEST_STEP][PASSED] - strBuyerAvg2 = getText(findTestObject("Stockbit/Bandarmology_BuyerAvg2")): Text of object 'Object Repository/Stockbit/Bandarmology_BuyerAvg2' is: '92'

2024-01-22 18:13:29 - [MESSAGE][PASSED] - Text of object 'Object Repository/Stockbit/Bandarmology_BuyerAvg2' is: '92'

2024-01-22 18:13:29 - [TEST_STEP][PASSED] - if (strBuyer2 != ""): null

2024-01-22 18:13:29 - [TEST_STEP][PASSED] - if (strBuyerAvg2.contains(",")): null

2024-01-22 18:13:29 - [TEST_STEP][PASSED] - if (strBuyerVol2.contains(" B")): null

2024-01-22 18:13:29 - [TEST_STEP][PASSED] - else if (strBuyerVol2.contains(" M")): null

2024-01-22 18:13:29 - [TEST_STEP][PASSED] - else if (strBuyerVol2.contains(" K")): null

2024-01-22 18:13:29 - [TEST_STEP][PASSED] - strBuyerVol2 = strBuyerVol2.replace(" K", ""): null

2024-01-22 18:13:29 - [TEST_STEP][PASSED] - strBuyerVol2 = strBuyerVol2.toDouble() * 1000: null

2024-01-22 18:13:29 - [TEST_STEP][PASSED] - if (strBuyerVol2.contains(".")): null

2024-01-22 18:13:29 - [TEST_STEP][PASSED] - strBuyerVal2 = strBuyerVol2.replace(".", ""): null

2024-01-22 18:13:29 - [TEST_STEP][PASSED] - if (verifyElementNotPresent(findTestObject("Stockbit/Bandarmology_Seller2"), 1, OPTIONAL)): Web element with id: 'Object Repository/Stockbit/Bandarmology_Seller2' located by 'By.xpath: //*[contains(@id, 'rc-tabs-')]/div[2]/div/div/div/div/div/div[2]/table/tbody/tr[3]/td[5]/p' is present after '1' second(s) (Root cause: com.kms.katalon.core.exception.StepFailedException: Web element with id: 'Object Repository/Stockbit/Bandarmology_Seller2' located by 'By.xpath: //*[contains(@id, 'rc-tabs-')]/div[2]/div/div/div/div/div/div[2]/table/tbody/tr[3]/td[5]/p' is present after '1' second(s)
	at com.kms.katalon.core.webui.keyword.internal.WebUIKeywordMain.stepFailed(WebUIKeywordMain.groovy:64)
	at com.kms.katalon.core.webui.keyword.internal.WebUIKeywordMain$stepFailed$0.call(Unknown Source)
	at com.kms.katalon.core.webui.keyword.builtin.VerifyElementNotPresentKeyword$_verifyElementNotPresent_closure1.doCall(VerifyElementNotPresentKeyword.groovy:106)
	at com.kms.katalon.core.webui.keyword.builtin.VerifyElementNotPresentKeyword$_verifyElementNotPresent_closure1.doCall(VerifyElementNotPresentKeyword.groovy)
	at com.kms.katalon.core.webui.keyword.internal.WebUIKeywordMain.runKeyword(WebUIKeywordMain.groovy:20)
	at com.kms.katalon.core.webui.keyword.internal.WebUIKeywordMain$runKeyword.call(Unknown Source)
	at com.kms.katalon.core.webui.keyword.builtin.VerifyElementNotPresentKeyword.verifyElementNotPresent(VerifyElementNotPresentKeyword.groovy:117)
	at com.kms.katalon.core.webui.keyword.builtin.VerifyElementNotPresentKeyword.execute(VerifyElementNotPresentKeyword.groovy:68)
	at com.kms.katalon.core.keyword.internal.KeywordExecutor.executeKeywordForPlatform(KeywordExecutor.groovy:74)
	at com.kms.katalon.core.webui.keyword.WebUiBuiltInKeywords.verifyElementNotPresent(WebUiBuiltInKeywords.groovy:1481)
	at com.kms.katalon.core.webui.keyword.WebUiBuiltInKeywords$verifyElementNotPresent$8.call(Unknown Source)
	at GetBrokSumPriceDaily.run(GetBrokSumPriceDaily:309)
	at com.kms.katalon.core.main.ScriptEngine.run(ScriptEngine.java:194)
	at com.kms.katalon.core.main.ScriptEngine.runScriptAsRawText(ScriptEngine.java:119)
	at com.kms.katalon.core.main.TestCaseExecutor.runScript(TestCaseExecutor.java:445)
	at com.kms.katalon.core.main.TestCaseExecutor.doExecute(TestCaseExecutor.java:436)
	at com.kms.katalon.core.main.TestCaseExecutor.processExecutionPhase(TestCaseExecutor.java:415)
	at com.kms.katalon.core.main.TestCaseExecutor.accessMainPhase(TestCaseExecutor.java:407)
	at com.kms.katalon.core.main.TestCaseExecutor.execute(TestCaseExecutor.java:284)
	at com.kms.katalon.core.common.CommonExecutor.accessTestCaseMainPhase(CommonExecutor.java:65)
	at com.kms.katalon.core.main.TestSuiteExecutor.accessTestSuiteMainPhase(TestSuiteExecutor.java:144)
	at com.kms.katalon.core.main.TestSuiteExecutor.execute(TestSuiteExecutor.java:106)
	at com.kms.katalon.core.main.TestCaseMain.startTestSuite(TestCaseMain.java:185)
	at com.kms.katalon.core.main.TestCaseMain$startTestSuite$0.call(Unknown Source)
	at TempTestSuite1705920083951.run(TempTestSuite1705920083951.groovy:36)
)

2024-01-22 18:13:30 - [MESSAGE][WARNING] - Web element with id: 'Object Repository/Stockbit/Bandarmology_Seller2' located by 'By.xpath: //*[contains(@id, 'rc-tabs-')]/div[2]/div/div/div/div/div/div[2]/table/tbody/tr[3]/td[5]/p' is present after '1' second(s) (Root cause: com.kms.katalon.core.exception.StepFailedException: Web element with id: 'Object Repository/Stockbit/Bandarmology_Seller2' located by 'By.xpath: //*[contains(@id, 'rc-tabs-')]/div[2]/div/div/div/div/div/div[2]/table/tbody/tr[3]/td[5]/p' is present after '1' second(s)
	at com.kms.katalon.core.webui.keyword.internal.WebUIKeywordMain.stepFailed(WebUIKeywordMain.groovy:64)
	at com.kms.katalon.core.webui.keyword.internal.WebUIKeywordMain$stepFailed$0.call(Unknown Source)
	at com.kms.katalon.core.webui.keyword.builtin.VerifyElementNotPresentKeyword$_verifyElementNotPresent_closure1.doCall(VerifyElementNotPresentKeyword.groovy:106)
	at com.kms.katalon.core.webui.keyword.builtin.VerifyElementNotPresentKeyword$_verifyElementNotPresent_closure1.doCall(VerifyElementNotPresentKeyword.groovy)
	at com.kms.katalon.core.webui.keyword.internal.WebUIKeywordMain.runKeyword(WebUIKeywordMain.groovy:20)
	at com.kms.katalon.core.webui.keyword.internal.WebUIKeywordMain$runKeyword.call(Unknown Source)
	at com.kms.katalon.core.webui.keyword.builtin.VerifyElementNotPresentKeyword.verifyElementNotPresent(VerifyElementNotPresentKeyword.groovy:117)
	at com.kms.katalon.core.webui.keyword.builtin.VerifyElementNotPresentKeyword.execute(VerifyElementNotPresentKeyword.groovy:68)
	at com.kms.katalon.core.keyword.internal.KeywordExecutor.executeKeywordForPlatform(KeywordExecutor.groovy:74)
	at com.kms.katalon.core.webui.keyword.WebUiBuiltInKeywords.verifyElementNotPresent(WebUiBuiltInKeywords.groovy:1481)
	at com.kms.katalon.core.webui.keyword.WebUiBuiltInKeywords$verifyElementNotPresent$8.call(Unknown Source)
	at GetBrokSumPriceDaily.run(GetBrokSumPriceDaily:309)
	at com.kms.katalon.core.main.ScriptEngine.run(ScriptEngine.java:194)
	at com.kms.katalon.core.main.ScriptEngine.runScriptAsRawText(ScriptEngine.java:119)
	at com.kms.katalon.core.main.TestCaseExecutor.runScript(TestCaseExecutor.java:445)
	at com.kms.katalon.core.main.TestCaseExecutor.doExecute(TestCaseExecutor.java:436)
	at com.kms.katalon.core.main.TestCaseExecutor.processExecutionPhase(TestCaseExecutor.java:415)
	at com.kms.katalon.core.main.TestCaseExecutor.accessMainPhase(TestCaseExecutor.java:407)
	at com.kms.katalon.core.main.TestCaseExecutor.execute(TestCaseExecutor.java:284)
	at com.kms.katalon.core.common.CommonExecutor.accessTestCaseMainPhase(CommonExecutor.java:65)
	at com.kms.katalon.core.main.TestSuiteExecutor.accessTestSuiteMainPhase(TestSuiteExecutor.java:144)
	at com.kms.katalon.core.main.TestSuiteExecutor.execute(TestSuiteExecutor.java:106)
	at com.kms.katalon.core.main.TestCaseMain.startTestSuite(TestCaseMain.java:185)
	at com.kms.katalon.core.main.TestCaseMain$startTestSuite$0.call(Unknown Source)
	at TempTestSuite1705920083951.run(TempTestSuite1705920083951.groovy:36)
)
[[ATTACHMENT|C:\\Users\\Fadli\\git\\KatalonDailyGetData2\\Reports\\20240122_174123\\TS1\\20240122_174123\\1705922010540.png]]

2024-01-22 18:13:30 - [TEST_STEP][PASSED] - else: null

2024-01-22 18:13:30 - [TEST_STEP][PASSED] - strSeller2 = getText(findTestObject("Stockbit/Bandarmology_Seller2")): Text of object 'Object Repository/Stockbit/Bandarmology_Seller2' is: 'CD'

2024-01-22 18:13:30 - [MESSAGE][PASSED] - Text of object 'Object Repository/Stockbit/Bandarmology_Seller2' is: 'CD'

2024-01-22 18:13:30 - [TEST_STEP][PASSED] - strSellerVol2 = getText(findTestObject("Stockbit/Bandarmology_SellerVol2")): Text of object 'Object Repository/Stockbit/Bandarmology_SellerVol2' is: '5.5 K'

2024-01-22 18:13:30 - [MESSAGE][PASSED] - Text of object 'Object Repository/Stockbit/Bandarmology_SellerVol2' is: '5.5 K'

2024-01-22 18:13:30 - [TEST_STEP][PASSED] - strSellerAvg2 = getText(findTestObject("Stockbit/Bandarmology_SellerAvg2")): Text of object 'Object Repository/Stockbit/Bandarmology_SellerAvg2' is: '92'

2024-01-22 18:13:31 - [MESSAGE][PASSED] - Text of object 'Object Repository/Stockbit/Bandarmology_SellerAvg2' is: '92'

2024-01-22 18:13:31 - [TEST_STEP][PASSED] - if (strSeller2 != ""): null

2024-01-22 18:13:31 - [TEST_STEP][PASSED] - if (strSellerAvg2.contains(",")): null

2024-01-22 18:13:31 - [TEST_STEP][PASSED] - if (strSellerVol2.contains(" B")): null

2024-01-22 18:13:31 - [TEST_STEP][PASSED] - else if (strSellerVol2.contains(" M")): null

2024-01-22 18:13:31 - [TEST_STEP][PASSED] - else if (strSellerVol2.contains(" K")): null

2024-01-22 18:13:31 - [TEST_STEP][PASSED] - strSellerVol2 = strSellerVol2.replace(" K", ""): null

2024-01-22 18:13:31 - [TEST_STEP][PASSED] - strSellerVol2 = strSellerVol2.toDouble() * 1000: null

2024-01-22 18:13:31 - [TEST_STEP][PASSED] - if (verifyElementNotPresent(findTestObject("Stockbit/Bandarmology_Buyer3"), 1, OPTIONAL)): Web element with id: 'Object Repository/Stockbit/Bandarmology_Buyer3' located by 'By.xpath: //*[contains(@id, 'rc-tabs-')]/div[2]/div/div/div/div/div/div[2]/table/tbody/tr[4]/td[1]/p' is present after '1' second(s) (Root cause: com.kms.katalon.core.exception.StepFailedException: Web element with id: 'Object Repository/Stockbit/Bandarmology_Buyer3' located by 'By.xpath: //*[contains(@id, 'rc-tabs-')]/div[2]/div/div/div/div/div/div[2]/table/tbody/tr[4]/td[1]/p' is present after '1' second(s)
	at com.kms.katalon.core.webui.keyword.internal.WebUIKeywordMain.stepFailed(WebUIKeywordMain.groovy:64)
	at com.kms.katalon.core.webui.keyword.internal.WebUIKeywordMain$stepFailed$0.call(Unknown Source)
	at com.kms.katalon.core.webui.keyword.builtin.VerifyElementNotPresentKeyword$_verifyElementNotPresent_closure1.doCall(VerifyElementNotPresentKeyword.groovy:106)
	at com.kms.katalon.core.webui.keyword.builtin.VerifyElementNotPresentKeyword$_verifyElementNotPresent_closure1.doCall(VerifyElementNotPresentKeyword.groovy)
	at com.kms.katalon.core.webui.keyword.internal.WebUIKeywordMain.runKeyword(WebUIKeywordMain.groovy:20)
	at com.kms.katalon.core.webui.keyword.internal.WebUIKeywordMain$runKeyword.call(Unknown Source)
	at com.kms.katalon.core.webui.keyword.builtin.VerifyElementNotPresentKeyword.verifyElementNotPresent(VerifyElementNotPresentKeyword.groovy:117)
	at com.kms.katalon.core.webui.keyword.builtin.VerifyElementNotPresentKeyword.execute(VerifyElementNotPresentKeyword.groovy:68)
	at com.kms.katalon.core.keyword.internal.KeywordExecutor.executeKeywordForPlatform(KeywordExecutor.groovy:74)
	at com.kms.katalon.core.webui.keyword.WebUiBuiltInKeywords.verifyElementNotPresent(WebUiBuiltInKeywords.groovy:1481)
	at com.kms.katalon.core.webui.keyword.WebUiBuiltInKeywords$verifyElementNotPresent$8.call(Unknown Source)
	at GetBrokSumPriceDaily.run(GetBrokSumPriceDaily:361)
	at com.kms.katalon.core.main.ScriptEngine.run(ScriptEngine.java:194)
	at com.kms.katalon.core.main.ScriptEngine.runScriptAsRawText(ScriptEngine.java:119)
	at com.kms.katalon.core.main.TestCaseExecutor.runScript(TestCaseExecutor.java:445)
	at com.kms.katalon.core.main.TestCaseExecutor.doExecute(TestCaseExecutor.java:436)
	at com.kms.katalon.core.main.TestCaseExecutor.processExecutionPhase(TestCaseExecutor.java:415)
	at com.kms.katalon.core.main.TestCaseExecutor.accessMainPhase(TestCaseExecutor.java:407)
	at com.kms.katalon.core.main.TestCaseExecutor.execute(TestCaseExecutor.java:284)
	at com.kms.katalon.core.common.CommonExecutor.accessTestCaseMainPhase(CommonExecutor.java:65)
	at com.kms.katalon.core.main.TestSuiteExecutor.accessTestSuiteMainPhase(TestSuiteExecutor.java:144)
	at com.kms.katalon.core.main.TestSuiteExecutor.execute(TestSuiteExecutor.java:106)
	at com.kms.katalon.core.main.TestCaseMain.startTestSuite(TestCaseMain.java:185)
	at com.kms.katalon.core.main.TestCaseMain$startTestSuite$0.call(Unknown Source)
	at TempTestSuite1705920083951.run(TempTestSuite1705920083951.groovy:36)
)

2024-01-22 18:13:32 - [MESSAGE][WARNING] - Web element with id: 'Object Repository/Stockbit/Bandarmology_Buyer3' located by 'By.xpath: //*[contains(@id, 'rc-tabs-')]/div[2]/div/div/div/div/div/div[2]/table/tbody/tr[4]/td[1]/p' is present after '1' second(s) (Root cause: com.kms.katalon.core.exception.StepFailedException: Web element with id: 'Object Repository/Stockbit/Bandarmology_Buyer3' located by 'By.xpath: //*[contains(@id, 'rc-tabs-')]/div[2]/div/div/div/div/div/div[2]/table/tbody/tr[4]/td[1]/p' is present after '1' second(s)
	at com.kms.katalon.core.webui.keyword.internal.WebUIKeywordMain.stepFailed(WebUIKeywordMain.groovy:64)
	at com.kms.katalon.core.webui.keyword.internal.WebUIKeywordMain$stepFailed$0.call(Unknown Source)
	at com.kms.katalon.core.webui.keyword.builtin.VerifyElementNotPresentKeyword$_verifyElementNotPresent_closure1.doCall(VerifyElementNotPresentKeyword.groovy:106)
	at com.kms.katalon.core.webui.keyword.builtin.VerifyElementNotPresentKeyword$_verifyElementNotPresent_closure1.doCall(VerifyElementNotPresentKeyword.groovy)
	at com.kms.katalon.core.webui.keyword.internal.WebUIKeywordMain.runKeyword(WebUIKeywordMain.groovy:20)
	at com.kms.katalon.core.webui.keyword.internal.WebUIKeywordMain$runKeyword.call(Unknown Source)
	at com.kms.katalon.core.webui.keyword.builtin.VerifyElementNotPresentKeyword.verifyElementNotPresent(VerifyElementNotPresentKeyword.groovy:117)
	at com.kms.katalon.core.webui.keyword.builtin.VerifyElementNotPresentKeyword.execute(VerifyElementNotPresentKeyword.groovy:68)
	at com.kms.katalon.core.keyword.internal.KeywordExecutor.executeKeywordForPlatform(KeywordExecutor.groovy:74)
	at com.kms.katalon.core.webui.keyword.WebUiBuiltInKeywords.verifyElementNotPresent(WebUiBuiltInKeywords.groovy:1481)
	at com.kms.katalon.core.webui.keyword.WebUiBuiltInKeywords$verifyElementNotPresent$8.call(Unknown Source)
	at GetBrokSumPriceDaily.run(GetBrokSumPriceDaily:361)
	at com.kms.katalon.core.main.ScriptEngine.run(ScriptEngine.java:194)
	at com.kms.katalon.core.main.ScriptEngine.runScriptAsRawText(ScriptEngine.java:119)
	at com.kms.katalon.core.main.TestCaseExecutor.runScript(TestCaseExecutor.java:445)
	at com.kms.katalon.core.main.TestCaseExecutor.doExecute(TestCaseExecutor.java:436)
	at com.kms.katalon.core.main.TestCaseExecutor.processExecutionPhase(TestCaseExecutor.java:415)
	at com.kms.katalon.core.main.TestCaseExecutor.accessMainPhase(TestCaseExecutor.java:407)
	at com.kms.katalon.core.main.TestCaseExecutor.execute(TestCaseExecutor.java:284)
	at com.kms.katalon.core.common.CommonExecutor.accessTestCaseMainPhase(CommonExecutor.java:65)
	at com.kms.katalon.core.main.TestSuiteExecutor.accessTestSuiteMainPhase(TestSuiteExecutor.java:144)
	at com.kms.katalon.core.main.TestSuiteExecutor.execute(TestSuiteExecutor.java:106)
	at com.kms.katalon.core.main.TestCaseMain.startTestSuite(TestCaseMain.java:185)
	at com.kms.katalon.core.main.TestCaseMain$startTestSuite$0.call(Unknown Source)
	at TempTestSuite1705920083951.run(TempTestSuite1705920083951.groovy:36)
)
[[ATTACHMENT|C:\\Users\\Fadli\\git\\KatalonDailyGetData2\\Reports\\20240122_174123\\TS1\\20240122_174123\\1705922012237.png]]

2024-01-22 18:13:32 - [TEST_STEP][PASSED] - else: null

2024-01-22 18:13:32 - [TEST_STEP][PASSED] - strBuyer3 = getText(findTestObject("Stockbit/Bandarmology_Buyer3")): Text of object 'Object Repository/Stockbit/Bandarmology_Buyer3' is: 'PD'

2024-01-22 18:13:32 - [MESSAGE][PASSED] - Text of object 'Object Repository/Stockbit/Bandarmology_Buyer3' is: 'PD'

2024-01-22 18:13:32 - [TEST_STEP][PASSED] - strBuyerVol3 = getText(findTestObject("Stockbit/Bandarmology_BuyerVol3")): Text of object 'Object Repository/Stockbit/Bandarmology_BuyerVol3' is: '3.8 K'

2024-01-22 18:13:32 - [MESSAGE][PASSED] - Text of object 'Object Repository/Stockbit/Bandarmology_BuyerVol3' is: '3.8 K'

2024-01-22 18:13:32 - [TEST_STEP][PASSED] - strBuyerAvg3 = getText(findTestObject("Stockbit/Bandarmology_BuyerAvg3")): Text of object 'Object Repository/Stockbit/Bandarmology_BuyerAvg3' is: '91'

2024-01-22 18:13:32 - [MESSAGE][PASSED] - Text of object 'Object Repository/Stockbit/Bandarmology_BuyerAvg3' is: '91'

2024-01-22 18:13:32 - [TEST_STEP][PASSED] - if (strBuyer3 != ""): null

2024-01-22 18:13:32 - [TEST_STEP][PASSED] - if (strBuyerAvg3.contains(",")): null

2024-01-22 18:13:32 - [TEST_STEP][PASSED] - if (strBuyerVol3.contains(" B")): null

2024-01-22 18:13:32 - [TEST_STEP][PASSED] - else if (strBuyerVol3.contains(" M")): null

2024-01-22 18:13:32 - [TEST_STEP][PASSED] - else if (strBuyerVol3.contains(" K")): null

2024-01-22 18:13:32 - [TEST_STEP][PASSED] - strBuyerVol3 = strBuyerVol3.replace(" K", ""): null

2024-01-22 18:13:32 - [TEST_STEP][PASSED] - strBuyerVol3 = strBuyerVol3.toDouble() * 1000: null

2024-01-22 18:13:32 - [TEST_STEP][PASSED] - if (verifyElementNotPresent(findTestObject("Stockbit/Bandarmology_Seller3"), 1, OPTIONAL)): Web element with id: 'Object Repository/Stockbit/Bandarmology_Seller3' located by 'By.xpath: //*[contains(@id, 'rc-tabs-')]/div[2]/div/div/div/div/div/div[2]/table/tbody/tr[4]/td[5]/p' is present after '1' second(s) (Root cause: com.kms.katalon.core.exception.StepFailedException: Web element with id: 'Object Repository/Stockbit/Bandarmology_Seller3' located by 'By.xpath: //*[contains(@id, 'rc-tabs-')]/div[2]/div/div/div/div/div/div[2]/table/tbody/tr[4]/td[5]/p' is present after '1' second(s)
	at com.kms.katalon.core.webui.keyword.internal.WebUIKeywordMain.stepFailed(WebUIKeywordMain.groovy:64)
	at com.kms.katalon.core.webui.keyword.internal.WebUIKeywordMain$stepFailed$0.call(Unknown Source)
	at com.kms.katalon.core.webui.keyword.builtin.VerifyElementNotPresentKeyword$_verifyElementNotPresent_closure1.doCall(VerifyElementNotPresentKeyword.groovy:106)
	at com.kms.katalon.core.webui.keyword.builtin.VerifyElementNotPresentKeyword$_verifyElementNotPresent_closure1.doCall(VerifyElementNotPresentKeyword.groovy)
	at com.kms.katalon.core.webui.keyword.internal.WebUIKeywordMain.runKeyword(WebUIKeywordMain.groovy:20)
	at com.kms.katalon.core.webui.keyword.internal.WebUIKeywordMain$runKeyword.call(Unknown Source)
	at com.kms.katalon.core.webui.keyword.builtin.VerifyElementNotPresentKeyword.verifyElementNotPresent(VerifyElementNotPresentKeyword.groovy:117)
	at com.kms.katalon.core.webui.keyword.builtin.VerifyElementNotPresentKeyword.execute(VerifyElementNotPresentKeyword.groovy:68)
	at com.kms.katalon.core.keyword.internal.KeywordExecutor.executeKeywordForPlatform(KeywordExecutor.groovy:74)
	at com.kms.katalon.core.webui.keyword.WebUiBuiltInKeywords.verifyElementNotPresent(WebUiBuiltInKeywords.groovy:1481)
	at com.kms.katalon.core.webui.keyword.WebUiBuiltInKeywords$verifyElementNotPresent$8.call(Unknown Source)
	at GetBrokSumPriceDaily.run(GetBrokSumPriceDaily:414)
	at com.kms.katalon.core.main.ScriptEngine.run(ScriptEngine.java:194)
	at com.kms.katalon.core.main.ScriptEngine.runScriptAsRawText(ScriptEngine.java:119)
	at com.kms.katalon.core.main.TestCaseExecutor.runScript(TestCaseExecutor.java:445)
	at com.kms.katalon.core.main.TestCaseExecutor.doExecute(TestCaseExecutor.java:436)
	at com.kms.katalon.core.main.TestCaseExecutor.processExecutionPhase(TestCaseExecutor.java:415)
	at com.kms.katalon.core.main.TestCaseExecutor.accessMainPhase(TestCaseExecutor.java:407)
	at com.kms.katalon.core.main.TestCaseExecutor.execute(TestCaseExecutor.java:284)
	at com.kms.katalon.core.common.CommonExecutor.accessTestCaseMainPhase(CommonExecutor.java:65)
	at com.kms.katalon.core.main.TestSuiteExecutor.accessTestSuiteMainPhase(TestSuiteExecutor.java:144)
	at com.kms.katalon.core.main.TestSuiteExecutor.execute(TestSuiteExecutor.java:106)
	at com.kms.katalon.core.main.TestCaseMain.startTestSuite(TestCaseMain.java:185)
	at com.kms.katalon.core.main.TestCaseMain$startTestSuite$0.call(Unknown Source)
	at TempTestSuite1705920083951.run(TempTestSuite1705920083951.groovy:36)
)

2024-01-22 18:13:34 - [MESSAGE][WARNING] - Web element with id: 'Object Repository/Stockbit/Bandarmology_Seller3' located by 'By.xpath: //*[contains(@id, 'rc-tabs-')]/div[2]/div/div/div/div/div/div[2]/table/tbody/tr[4]/td[5]/p' is present after '1' second(s) (Root cause: com.kms.katalon.core.exception.StepFailedException: Web element with id: 'Object Repository/Stockbit/Bandarmology_Seller3' located by 'By.xpath: //*[contains(@id, 'rc-tabs-')]/div[2]/div/div/div/div/div/div[2]/table/tbody/tr[4]/td[5]/p' is present after '1' second(s)
	at com.kms.katalon.core.webui.keyword.internal.WebUIKeywordMain.stepFailed(WebUIKeywordMain.groovy:64)
	at com.kms.katalon.core.webui.keyword.internal.WebUIKeywordMain$stepFailed$0.call(Unknown Source)
	at com.kms.katalon.core.webui.keyword.builtin.VerifyElementNotPresentKeyword$_verifyElementNotPresent_closure1.doCall(VerifyElementNotPresentKeyword.groovy:106)
	at com.kms.katalon.core.webui.keyword.builtin.VerifyElementNotPresentKeyword$_verifyElementNotPresent_closure1.doCall(VerifyElementNotPresentKeyword.groovy)
	at com.kms.katalon.core.webui.keyword.internal.WebUIKeywordMain.runKeyword(WebUIKeywordMain.groovy:20)
	at com.kms.katalon.core.webui.keyword.internal.WebUIKeywordMain$runKeyword.call(Unknown Source)
	at com.kms.katalon.core.webui.keyword.builtin.VerifyElementNotPresentKeyword.verifyElementNotPresent(VerifyElementNotPresentKeyword.groovy:117)
	at com.kms.katalon.core.webui.keyword.builtin.VerifyElementNotPresentKeyword.execute(VerifyElementNotPresentKeyword.groovy:68)
	at com.kms.katalon.core.keyword.internal.KeywordExecutor.executeKeywordForPlatform(KeywordExecutor.groovy:74)
	at com.kms.katalon.core.webui.keyword.WebUiBuiltInKeywords.verifyElementNotPresent(WebUiBuiltInKeywords.groovy:1481)
	at com.kms.katalon.core.webui.keyword.WebUiBuiltInKeywords$verifyElementNotPresent$8.call(Unknown Source)
	at GetBrokSumPriceDaily.run(GetBrokSumPriceDaily:414)
	at com.kms.katalon.core.main.ScriptEngine.run(ScriptEngine.java:194)
	at com.kms.katalon.core.main.ScriptEngine.runScriptAsRawText(ScriptEngine.java:119)
	at com.kms.katalon.core.main.TestCaseExecutor.runScript(TestCaseExecutor.java:445)
	at com.kms.katalon.core.main.TestCaseExecutor.doExecute(TestCaseExecutor.java:436)
	at com.kms.katalon.core.main.TestCaseExecutor.processExecutionPhase(TestCaseExecutor.java:415)
	at com.kms.katalon.core.main.TestCaseExecutor.accessMainPhase(TestCaseExecutor.java:407)
	at com.kms.katalon.core.main.TestCaseExecutor.execute(TestCaseExecutor.java:284)
	at com.kms.katalon.core.common.CommonExecutor.accessTestCaseMainPhase(CommonExecutor.java:65)
	at com.kms.katalon.core.main.TestSuiteExecutor.accessTestSuiteMainPhase(TestSuiteExecutor.java:144)
	at com.kms.katalon.core.main.TestSuiteExecutor.execute(TestSuiteExecutor.java:106)
	at com.kms.katalon.core.main.TestCaseMain.startTestSuite(TestCaseMain.java:185)
	at com.kms.katalon.core.main.TestCaseMain$startTestSuite$0.call(Unknown Source)
	at TempTestSuite1705920083951.run(TempTestSuite1705920083951.groovy:36)
)
[[ATTACHMENT|C:\\Users\\Fadli\\git\\KatalonDailyGetData2\\Reports\\20240122_174123\\TS1\\20240122_174123\\1705922013967.png]]

2024-01-22 18:13:34 - [TEST_STEP][PASSED] - else: null

2024-01-22 18:13:34 - [TEST_STEP][PASSED] - strSeller3 = getText(findTestObject("Stockbit/Bandarmology_Seller3")): Text of object 'Object Repository/Stockbit/Bandarmology_Seller3' is: 'CC'

2024-01-22 18:13:34 - [MESSAGE][PASSED] - Text of object 'Object Repository/Stockbit/Bandarmology_Seller3' is: 'CC'

2024-01-22 18:13:34 - [TEST_STEP][PASSED] - strSellerVol3 = getText(findTestObject("Stockbit/Bandarmology_SellerVol3")): Text of object 'Object Repository/Stockbit/Bandarmology_SellerVol3' is: '5.3 K'

2024-01-22 18:13:34 - [MESSAGE][PASSED] - Text of object 'Object Repository/Stockbit/Bandarmology_SellerVol3' is: '5.3 K'

2024-01-22 18:13:34 - [TEST_STEP][PASSED] - strSellerAvg3 = getText(findTestObject("Stockbit/Bandarmology_SellerAvg3")): Text of object 'Object Repository/Stockbit/Bandarmology_SellerAvg3' is: '91'

2024-01-22 18:13:34 - [MESSAGE][PASSED] - Text of object 'Object Repository/Stockbit/Bandarmology_SellerAvg3' is: '91'

2024-01-22 18:13:34 - [TEST_STEP][PASSED] - if (strSeller3 != ""): null

2024-01-22 18:13:34 - [TEST_STEP][PASSED] - if (strSellerAvg3.contains(",")): null

2024-01-22 18:13:34 - [TEST_STEP][PASSED] - if (strSellerVol3.contains(" B")): null

2024-01-22 18:13:34 - [TEST_STEP][PASSED] - else if (strSellerVol3.contains(" M")): null

2024-01-22 18:13:34 - [TEST_STEP][PASSED] - else if (strSellerVol3.contains(" K")): null

2024-01-22 18:13:34 - [TEST_STEP][PASSED] - strSellerVol3 = strSellerVol3.replace(" K", ""): null

2024-01-22 18:13:34 - [TEST_STEP][PASSED] - strSellerVol3 = strSellerVol3.toDouble() * 1000: null

2024-01-22 18:13:34 - [TEST_STEP][PASSED] - strAccDist = getText(findTestObject("Stockbit/Bandarmology_AccDist")): Text of object 'Object Repository/Stockbit/Bandarmology_AccDist' is: 'Acc'

2024-01-22 18:13:34 - [MESSAGE][PASSED] - Text of object 'Object Repository/Stockbit/Bandarmology_AccDist' is: 'Acc'

2024-01-22 18:13:34 - [TEST_STEP][PASSED] - strNetVol = getText(findTestObject("Stockbit/Bandarmology_NetVol")): Text of object 'Object Repository/Stockbit/Bandarmology_NetVol' is: '46,960'

2024-01-22 18:13:34 - [MESSAGE][PASSED] - Text of object 'Object Repository/Stockbit/Bandarmology_NetVol' is: '46,960'

2024-01-22 18:13:34 - [TEST_STEP][PASSED] - strNetVol = strNetVol.replace(",", ""): null

2024-01-22 18:13:34 - [TEST_STEP][PASSED] - strNetVal = getText(findTestObject("Stockbit/Bandarmology_NetVal")): Text of object 'Object Repository/Stockbit/Bandarmology_NetVal' is: '0.4 B'

2024-01-22 18:13:34 - [MESSAGE][PASSED] - Text of object 'Object Repository/Stockbit/Bandarmology_NetVal' is: '0.4 B'

2024-01-22 18:13:34 - [TEST_STEP][PASSED] - delay(3): Delayed 3 second(s)

2024-01-22 18:13:37 - [MESSAGE][PASSED] - Delayed 3 second(s)

2024-01-22 18:13:37 - [TEST_STEP][PASSED] - strOpenPrice = getText(findTestObject("Stockbit/Home_OpenPrice")): Text of object 'Object Repository/Stockbit/Home_OpenPrice' is: '89'

2024-01-22 18:13:37 - [MESSAGE][PASSED] - Text of object 'Object Repository/Stockbit/Home_OpenPrice' is: '89'

2024-01-22 18:13:37 - [TEST_STEP][PASSED] - strOpenPrice = strOpenPrice.replace(",", ""): null

2024-01-22 18:13:37 - [TEST_STEP][PASSED] - strLowPrice = getText(findTestObject("Stockbit/Home_LowPrice")): Text of object 'Object Repository/Stockbit/Home_LowPrice' is: '89'

2024-01-22 18:13:38 - [MESSAGE][PASSED] - Text of object 'Object Repository/Stockbit/Home_LowPrice' is: '89'

2024-01-22 18:13:38 - [TEST_STEP][PASSED] - strLowPrice = strLowPrice.replace(",", ""): null

2024-01-22 18:13:38 - [TEST_STEP][PASSED] - strHighPrice = getText(findTestObject("Stockbit/Home_HighPrice")): Text of object 'Object Repository/Stockbit/Home_HighPrice' is: '93'

2024-01-22 18:13:38 - [MESSAGE][PASSED] - Text of object 'Object Repository/Stockbit/Home_HighPrice' is: '93'

2024-01-22 18:13:38 - [TEST_STEP][PASSED] - strHighPrice = strHighPrice.replace(",", ""): null

2024-01-22 18:13:38 - [TEST_STEP][PASSED] - strClosePrice = getText(findTestObject("Stockbit/Home_ClosePrice")): Text of object 'Object Repository/Stockbit/Home_ClosePrice' is: '91'

2024-01-22 18:13:38 - [MESSAGE][PASSED] - Text of object 'Object Repository/Stockbit/Home_ClosePrice' is: '91'

2024-01-22 18:13:38 - [TEST_STEP][PASSED] - strClosePrice = strClosePrice.replace(",", ""): null

2024-01-22 18:13:38 - [TEST_STEP][PASSED] - strVol = getText(findTestObject("Stockbit/Home_Volume")): Text of object 'Object Repository/Stockbit/Home_Volume' is: '84 K'

2024-01-22 18:13:38 - [MESSAGE][PASSED] - Text of object 'Object Repository/Stockbit/Home_Volume' is: '84 K'

2024-01-22 18:13:38 - [TEST_STEP][PASSED] - if (strVol.contains(" K")): null

2024-01-22 18:13:38 - [TEST_STEP][PASSED] - strVol = strVol.replace(" K", "000"): null

2024-01-22 18:13:38 - [TEST_STEP][PASSED] - if (strVol.contains(",")): null

2024-01-22 18:13:38 - [TEST_STEP][PASSED] - strChange = getText(findTestObject("Stockbit/Home_Change")): Text of object 'Object Repository/Stockbit/Home_Change' is: '1.11%'

2024-01-22 18:13:38 - [MESSAGE][PASSED] - Text of object 'Object Repository/Stockbit/Home_Change' is: '1.11%'

2024-01-22 18:13:38 - [TEST_STEP][PASSED] - strChange = strChange.replace("%", ""): null

2024-01-22 18:13:38 - [TEST_STEP][PASSED] - strFreq = getText(findTestObject("Stockbit/Home_Freq")): Text of object 'Object Repository/Stockbit/Home_Freq' is: '363'

2024-01-22 18:13:38 - [MESSAGE][PASSED] - Text of object 'Object Repository/Stockbit/Home_Freq' is: '363'

2024-01-22 18:13:38 - [TEST_STEP][PASSED] - if (strFreq.contains(",")): null

2024-01-22 18:13:38 - [TEST_STEP][PASSED] - if (strFreq == "NA" || strFreq == ""): null

2024-01-22 18:13:38 - [TEST_STEP][PASSED] - else: null

2024-01-22 18:13:38 - [TEST_STEP][PASSED] - dblFreqAnal = strVol.toDouble() / strFreq.toDouble() * strFreq.toDouble() * strFreq.toDouble() * 100000000: null

2024-01-22 18:13:38 - [TEST_STEP][PASSED] - strFreqAnal = String.format("%.4f", dblFreqAnal): null

2024-01-22 18:13:38 - [TEST_STEP][PASSED] - out.println("Double strFreqAnal: " + strFreqAnal): null

2024-01-22 18:13:38 - [TEST_STEP][PASSED] - strTanggal = d.format(DateTimeFormatter.ofPattern("yyyy-MM-dd")): null

2024-01-22 18:13:38 - [TEST_STEP][PASSED] - strTanggal = "#" + strTanggal + "#": null

2024-01-22 18:13:38 - [TEST_STEP][PASSED] - strSQL = "select count(*) as JumBaris from TblBrokSum where Nama = '" + strNama + "' and Tanggal = " + strTanggal + "": null

2024-01-22 18:13:38 - [TEST_STEP][PASSED] - resultSet = statement.executeQuery(strSQL): null

2024-01-22 18:13:38 - [TEST_STEP][PASSED] - resultSet.next(): null

2024-01-22 18:13:38 - [TEST_STEP][PASSED] - intJumBaris = resultSet.getInt("JumBaris"): null

2024-01-22 18:13:38 - [TEST_STEP][PASSED] - if (intJumBaris > 0): null

2024-01-22 18:13:38 - [TEST_STEP][PASSED] - else: null

2024-01-22 18:13:38 - [TEST_STEP][PASSED] - try: null

2024-01-22 18:13:38 - [TEST_STEP][PASSED] - out.println("Insert data"): null

2024-01-22 18:13:38 - [TEST_STEP][PASSED] - strSQL = "insert into TblBrokSum (nama, tanggal, top1, top2, top3, AllBrokAvg, AccDist, AvgRP, " + "Buyer1, BuyerVal1, BuyerAvg1, Seller1, SellerVal1, SellerAvg1, Buyer2, BuyerVal2, BuyerAvg2, " + "Seller2, SellerVal2, SellerAvg2, Buyer3, BuyerVal3, BuyerAvg3, Seller3, SellerVal3, SellerAvg3, NetVol, NetVal, " + "OpenPrice, LowPrice, HighPrice, ClosePrice, Volume, Change, Frekuensi, FrekAnal) " + "values ('" + strNama + "', " + strTanggal + ", '" + strTop1 + "', '" + strTop3 + "', '" + strTop5 + "', " + "'" + strAllBrokAvg + "', '" + strAccDist + "', " + intAvgRP + ", '" + strBuyer1 + "', '" + strBuyerVol1 + "', " + strBuyerAvg1 + ", " + "'" + strSeller1 + "', '" + strSellerVol1 + "', " + strSellerAvg1 + ", '" + strBuyer2 + "', '" + strBuyerVol2 + "', " + strBuyerAvg2 + ", " + "'" + strSeller2 + "', '" + strSellerVol2 + "', " + strSellerAvg2 + ", '" + strBuyer3 + "', '" + strBuyerVol3 + "', " + strBuyerAvg3 + ", " + "'" + strSeller3 + "', '" + strSellerVol3 + "', " + strSellerAvg3 + ", " + strNetVol + ", '" + strNetVal + "', " + "" + strOpenPrice + ", " + strLowPrice + ", " + strHighPrice + ", " + strClosePrice + ", '" + strVol + "', " + strChange + ", " + strFreq + ", " + strFreqAnal + ");": null

2024-01-22 18:13:38 - [TEST_STEP][PASSED] - out.println("strSQL = " + strSQL): null

2024-01-22 18:13:38 - [TEST_STEP][PASSED] - statement.executeUpdate(strSQL): null

2024-01-22 18:13:38 - [TEST_STEP][PASSED] - setValueToCellByIndex(sheet01, rowIndex, 4, "DONE"): null

2024-01-22 18:13:38 - [TEST_STEP][PASSED] - saveWorkbook(excelFilePath, workbook01): null

2024-01-22 18:13:38 - [TEST_STEP][PASSED] - waitForElementClickable(findTestObject("Stockbit/menu_Bandarmology"), 10): Object 'Object Repository/Stockbit/menu_Bandarmology' is clickable

2024-01-22 18:13:38 - [MESSAGE][PASSED] - Object 'Object Repository/Stockbit/menu_Bandarmology' is clickable

2024-01-22 18:13:38 - [TEST_STEP][PASSED] - click(findTestObject("Stockbit/menu_Bandarmology")): Object: 'Object Repository/Stockbit/menu_Bandarmology' is clicked on

2024-01-22 18:13:39 - [MESSAGE][PASSED] - Object: 'Object Repository/Stockbit/menu_Bandarmology' is clicked on

2024-01-22 18:13:39 - [TEST_STEP][PASSED] - strTemp = "NA": null

2024-01-22 18:13:39 - [TEST_STEP][PASSED] - if (getCellValueByIndex(sheet01, rowIndex, 4) != "DONE"): Object: 'Object Repository/Stockbit/menu_Bandarmology' is clicked on

2024-01-22 18:13:39 - [TEST_STEP][PASSED] - strNama = getCellValueByIndex(sheet01, rowIndex, 0): null

2024-01-22 18:13:39 - [TEST_STEP][PASSED] - navigateToUrl("https://stockbit.com/#/symbol/" + strNama): Navigate to 'https://stockbit.com/#/symbol/IATA' successfully

2024-01-22 18:13:41 - [MESSAGE][PASSED] - Navigate to 'https://stockbit.com/#/symbol/IATA' successfully

2024-01-22 18:13:41 - [TEST_STEP][PASSED] - waitForElementClickable(findTestObject("Stockbit/menu_Bandarmology"), 10): Object 'Object Repository/Stockbit/menu_Bandarmology' is clickable

2024-01-22 18:13:41 - [MESSAGE][PASSED] - Object 'Object Repository/Stockbit/menu_Bandarmology' is clickable

2024-01-22 18:13:41 - [TEST_STEP][PASSED] - click(findTestObject("Stockbit/menu_Bandarmology")): Object: 'Object Repository/Stockbit/menu_Bandarmology' is clicked on

2024-01-22 18:13:41 - [MESSAGE][PASSED] - Object: 'Object Repository/Stockbit/menu_Bandarmology' is clicked on

2024-01-22 18:13:41 - [TEST_STEP][PASSED] - strTanggal = d.format(DateTimeFormatter.ofPattern("MMM dd, yyyy")): null

2024-01-22 18:13:41 - [TEST_STEP][PASSED] - strTanggal = d.format(ISO_DATE): null

2024-01-22 18:13:41 - [TEST_STEP][PASSED] - out.println("strTanggal = " + strTanggal): null

2024-01-22 18:13:41 - [TEST_STEP][PASSED] - out.println("strNama = " + strNama): null

2024-01-22 18:13:41 - [TEST_STEP][PASSED] - out.println("Baris ke = " + rowIndex): null

2024-01-22 18:13:41 - [TEST_STEP][PASSED] - click(findTestObject("Stockbit/input__BandarmologyOpenStartDate")): Object: 'Object Repository/Stockbit/input__BandarmologyOpenStartDate' is clicked on

2024-01-22 18:13:43 - [MESSAGE][PASSED] - Object: 'Object Repository/Stockbit/input__BandarmologyOpenStartDate' is clicked on

2024-01-22 18:13:43 - [TEST_STEP][PASSED] - sendKeys(findTestObject("Stockbit/input__BandarmologyOpenStartDate"), Keys.chord(CONTROL, "a")): Keys 'CONTROL + a' sent to object: 'Object Repository/Stockbit/input__BandarmologyOpenStartDate'

2024-01-22 18:13:43 - [MESSAGE][PASSED] - Keys 'CONTROL + a' sent to object: 'Object Repository/Stockbit/input__BandarmologyOpenStartDate'

2024-01-22 18:13:43 - [TEST_STEP][PASSED] - sendKeys(findTestObject("Stockbit/input__BandarmologyOpenStartDate"), Keys.chord(BACK_SPACE)): Keys 'BACK_SPACE + ' sent to object: 'Object Repository/Stockbit/input__BandarmologyOpenStartDate'

2024-01-22 18:13:44 - [MESSAGE][PASSED] - Keys 'BACK_SPACE + ' sent to object: 'Object Repository/Stockbit/input__BandarmologyOpenStartDate'

2024-01-22 18:13:44 - [TEST_STEP][PASSED] - setText(findTestObject("Stockbit/input__BandarmologyOpenStartDate"), strTanggal): Text '2024-01-22' is set on object 'Object Repository/Stockbit/input__BandarmologyOpenStartDate'

2024-01-22 18:13:45 - [MESSAGE][PASSED] - Text '2024-01-22' is set on object 'Object Repository/Stockbit/input__BandarmologyOpenStartDate'

2024-01-22 18:13:45 - [TEST_STEP][PASSED] - sendKeys(findTestObject("Stockbit/input__BandarmologyOpenStartDate"), Keys.chord(ENTER)): Keys 'ENTER + ' sent to object: 'Object Repository/Stockbit/input__BandarmologyOpenStartDate'

2024-01-22 18:13:45 - [MESSAGE][PASSED] - Keys 'ENTER + ' sent to object: 'Object Repository/Stockbit/input__BandarmologyOpenStartDate'

2024-01-22 18:13:45 - [TEST_STEP][PASSED] - click(findTestObject("Stockbit/input__BandarmologyOpenEndDate")): Object: 'Object Repository/Stockbit/input__BandarmologyOpenEndDate' is clicked on

2024-01-22 18:13:46 - [MESSAGE][PASSED] - Object: 'Object Repository/Stockbit/input__BandarmologyOpenEndDate' is clicked on

2024-01-22 18:13:46 - [TEST_STEP][PASSED] - sendKeys(findTestObject("Stockbit/input__BandarmologyOpenEndDate"), Keys.chord(CONTROL, "a")): Keys 'CONTROL + a' sent to object: 'Object Repository/Stockbit/input__BandarmologyOpenEndDate'

2024-01-22 18:13:46 - [MESSAGE][PASSED] - Keys 'CONTROL + a' sent to object: 'Object Repository/Stockbit/input__BandarmologyOpenEndDate'

2024-01-22 18:13:46 - [TEST_STEP][PASSED] - sendKeys(findTestObject("Stockbit/input__BandarmologyOpenEndDate"), Keys.chord(BACK_SPACE)): Keys 'BACK_SPACE + ' sent to object: 'Object Repository/Stockbit/input__BandarmologyOpenEndDate'

2024-01-22 18:13:47 - [MESSAGE][PASSED] - Keys 'BACK_SPACE + ' sent to object: 'Object Repository/Stockbit/input__BandarmologyOpenEndDate'

2024-01-22 18:13:47 - [TEST_STEP][PASSED] - setText(findTestObject("Stockbit/input__BandarmologyOpenEndDate"), strTanggal): Text '2024-01-22' is set on object 'Object Repository/Stockbit/input__BandarmologyOpenEndDate'

2024-01-22 18:13:48 - [MESSAGE][PASSED] - Text '2024-01-22' is set on object 'Object Repository/Stockbit/input__BandarmologyOpenEndDate'

2024-01-22 18:13:48 - [TEST_STEP][PASSED] - sendKeys(findTestObject("Stockbit/input__BandarmologyOpenEndDate"), Keys.chord(ENTER)): Keys 'ENTER + ' sent to object: 'Object Repository/Stockbit/input__BandarmologyOpenEndDate'

2024-01-22 18:13:48 - [MESSAGE][PASSED] - Keys 'ENTER + ' sent to object: 'Object Repository/Stockbit/input__BandarmologyOpenEndDate'

2024-01-22 18:13:48 - [TEST_STEP][PASSED] - delay(2): Delayed 2 second(s)

2024-01-22 18:13:50 - [MESSAGE][PASSED] - Delayed 2 second(s)

2024-01-22 18:13:50 - [TEST_STEP][PASSED] - strTemp = getText(findTestObject("Stockbit/Bandarmology_AvgRP")): Text of object 'Object Repository/Stockbit/Bandarmology_AvgRP' is: '50'

2024-01-22 18:13:50 - [MESSAGE][PASSED] - Text of object 'Object Repository/Stockbit/Bandarmology_AvgRP' is: '50'

2024-01-22 18:13:50 - [TEST_STEP][PASSED] - out.println("Bandarmology_AvgRP = " + strTemp): null

2024-01-22 18:13:50 - [TEST_STEP][PASSED] - if (strTemp != "0"): null

2024-01-22 18:13:50 - [TEST_STEP][PASSED] - strTop1 = getText(findTestObject("Stockbit/Bandarmology_Top1")): Text of object 'Object Repository/Stockbit/Bandarmology_Top1' is: 'Neutral'

2024-01-22 18:13:50 - [MESSAGE][PASSED] - Text of object 'Object Repository/Stockbit/Bandarmology_Top1' is: 'Neutral'

2024-01-22 18:13:50 - [TEST_STEP][PASSED] - strTop3 = getText(findTestObject("Stockbit/Bandarmology_Top3")): Text of object 'Object Repository/Stockbit/Bandarmology_Top3' is: 'Neutral'

2024-01-22 18:13:51 - [MESSAGE][PASSED] - Text of object 'Object Repository/Stockbit/Bandarmology_Top3' is: 'Neutral'

2024-01-22 18:13:51 - [TEST_STEP][PASSED] - strTop5 = getText(findTestObject("Stockbit/Bandarmology_Top5")): Text of object 'Object Repository/Stockbit/Bandarmology_Top5' is: 'Neutral'

2024-01-22 18:13:51 - [MESSAGE][PASSED] - Text of object 'Object Repository/Stockbit/Bandarmology_Top5' is: 'Neutral'

2024-01-22 18:13:51 - [TEST_STEP][PASSED] - strAllBrokAvg = getText(findTestObject("Stockbit/Bandarmology_TopAVG")): Text of object 'Object Repository/Stockbit/Bandarmology_TopAVG' is: 'Neutral'

2024-01-22 18:13:51 - [MESSAGE][PASSED] - Text of object 'Object Repository/Stockbit/Bandarmology_TopAVG' is: 'Neutral'

2024-01-22 18:13:51 - [TEST_STEP][PASSED] - strTemp = getText(findTestObject("Stockbit/Bandarmology_AvgRP")): Text of object 'Object Repository/Stockbit/Bandarmology_AvgRP' is: '50'

2024-01-22 18:13:51 - [MESSAGE][PASSED] - Text of object 'Object Repository/Stockbit/Bandarmology_AvgRP' is: '50'

2024-01-22 18:13:51 - [TEST_STEP][PASSED] - if (strTemp.contains(",")): null

2024-01-22 18:13:51 - [TEST_STEP][PASSED] - intAvgRP = strTemp.toInteger(): null

2024-01-22 18:13:51 - [TEST_STEP][PASSED] - strBuyer1 = getText(findTestObject("Stockbit/Bandarmology_Buyer1")): Text of object 'Object Repository/Stockbit/Bandarmology_Buyer1' is: 'SQ'

2024-01-22 18:13:51 - [MESSAGE][PASSED] - Text of object 'Object Repository/Stockbit/Bandarmology_Buyer1' is: 'SQ'

2024-01-22 18:13:51 - [TEST_STEP][PASSED] - strBuyerVol1 = getText(findTestObject("Stockbit/Bandarmology_BuyerVol1")): Text of object 'Object Repository/Stockbit/Bandarmology_BuyerVol1' is: '12 K'

2024-01-22 18:13:51 - [MESSAGE][PASSED] - Text of object 'Object Repository/Stockbit/Bandarmology_BuyerVol1' is: '12 K'

2024-01-22 18:13:51 - [TEST_STEP][PASSED] - strBuyerAvg1 = getText(findTestObject("Stockbit/Bandarmology_BuyerAvg1")): Text of object 'Object Repository/Stockbit/Bandarmology_BuyerAvg1' is: '50'

2024-01-22 18:13:51 - [MESSAGE][PASSED] - Text of object 'Object Repository/Stockbit/Bandarmology_BuyerAvg1' is: '50'

2024-01-22 18:13:51 - [TEST_STEP][PASSED] - if (strBuyerAvg1.contains(",")): null

2024-01-22 18:13:51 - [TEST_STEP][PASSED] - if (strBuyerVol1.contains(" B")): null

2024-01-22 18:13:51 - [TEST_STEP][PASSED] - else if (strBuyerVol1.contains(" M")): null

2024-01-22 18:13:51 - [TEST_STEP][PASSED] - else if (strBuyerVol1.contains(" K")): null

2024-01-22 18:13:51 - [TEST_STEP][PASSED] - strBuyerVol1 = strBuyerVol1.replace(" K", ""): null

2024-01-22 18:13:51 - [TEST_STEP][PASSED] - strBuyerVol1 = strBuyerVol1.toDouble() * 1000: null

2024-01-22 18:13:51 - [TEST_STEP][PASSED] - strSeller1 = getText(findTestObject("Stockbit/Bandarmology_Seller1")): Text of object 'Object Repository/Stockbit/Bandarmology_Seller1' is: 'ZP'

2024-01-22 18:13:52 - [MESSAGE][PASSED] - Text of object 'Object Repository/Stockbit/Bandarmology_Seller1' is: 'ZP'

2024-01-22 18:13:52 - [TEST_STEP][PASSED] - strSellerVol1 = getText(findTestObject("Stockbit/Bandarmology_SellerVol1")): Text of object 'Object Repository/Stockbit/Bandarmology_SellerVol1' is: '11.7 K'

2024-01-22 18:13:52 - [MESSAGE][PASSED] - Text of object 'Object Repository/Stockbit/Bandarmology_SellerVol1' is: '11.7 K'

2024-01-22 18:13:52 - [TEST_STEP][PASSED] - strSellerAvg1 = getText(findTestObject("Stockbit/Bandarmology_SellerAvg1")): Text of object 'Object Repository/Stockbit/Bandarmology_SellerAvg1' is: '50'

2024-01-22 18:13:52 - [MESSAGE][PASSED] - Text of object 'Object Repository/Stockbit/Bandarmology_SellerAvg1' is: '50'

2024-01-22 18:13:52 - [TEST_STEP][PASSED] - if (strSellerAvg1.contains(",")): null

2024-01-22 18:13:52 - [TEST_STEP][PASSED] - if (strSellerVol1.contains(" B")): null

2024-01-22 18:13:52 - [TEST_STEP][PASSED] - else if (strSellerVol1.contains(" M")): null

2024-01-22 18:13:52 - [TEST_STEP][PASSED] - else if (strSellerVol1.contains(" K")): null

2024-01-22 18:13:52 - [TEST_STEP][PASSED] - strSellerVol1 = strSellerVol1.replace(" K", ""): null

2024-01-22 18:13:52 - [TEST_STEP][PASSED] - strSellerVol1 = strSellerVol1.toDouble() * 1000: null

2024-01-22 18:13:52 - [TEST_STEP][PASSED] - if (verifyElementNotPresent(findTestObject("Stockbit/Bandarmology_Buyer2"), 1, OPTIONAL)): Web element with id: 'Object Repository/Stockbit/Bandarmology_Buyer2' located by 'By.xpath: //*[contains(@id, 'rc-tabs-')]/div[2]/div/div/div/div/div/div[2]/table/tbody/tr[3]/td[1]/p' is present after '1' second(s) (Root cause: com.kms.katalon.core.exception.StepFailedException: Web element with id: 'Object Repository/Stockbit/Bandarmology_Buyer2' located by 'By.xpath: //*[contains(@id, 'rc-tabs-')]/div[2]/div/div/div/div/div/div[2]/table/tbody/tr[3]/td[1]/p' is present after '1' second(s)
	at com.kms.katalon.core.webui.keyword.internal.WebUIKeywordMain.stepFailed(WebUIKeywordMain.groovy:64)
	at com.kms.katalon.core.webui.keyword.internal.WebUIKeywordMain$stepFailed$0.call(Unknown Source)
	at com.kms.katalon.core.webui.keyword.builtin.VerifyElementNotPresentKeyword$_verifyElementNotPresent_closure1.doCall(VerifyElementNotPresentKeyword.groovy:106)
	at com.kms.katalon.core.webui.keyword.builtin.VerifyElementNotPresentKeyword$_verifyElementNotPresent_closure1.doCall(VerifyElementNotPresentKeyword.groovy)
	at com.kms.katalon.core.webui.keyword.internal.WebUIKeywordMain.runKeyword(WebUIKeywordMain.groovy:20)
	at com.kms.katalon.core.webui.keyword.internal.WebUIKeywordMain$runKeyword.call(Unknown Source)
	at com.kms.katalon.core.webui.keyword.builtin.VerifyElementNotPresentKeyword.verifyElementNotPresent(VerifyElementNotPresentKeyword.groovy:117)
	at com.kms.katalon.core.webui.keyword.builtin.VerifyElementNotPresentKeyword.execute(VerifyElementNotPresentKeyword.groovy:68)
	at com.kms.katalon.core.keyword.internal.KeywordExecutor.executeKeywordForPlatform(KeywordExecutor.groovy:74)
	at com.kms.katalon.core.webui.keyword.WebUiBuiltInKeywords.verifyElementNotPresent(WebUiBuiltInKeywords.groovy:1481)
	at com.kms.katalon.core.webui.keyword.WebUiBuiltInKeywords$verifyElementNotPresent$8.call(Unknown Source)
	at GetBrokSumPriceDaily.run(GetBrokSumPriceDaily:258)
	at com.kms.katalon.core.main.ScriptEngine.run(ScriptEngine.java:194)
	at com.kms.katalon.core.main.ScriptEngine.runScriptAsRawText(ScriptEngine.java:119)
	at com.kms.katalon.core.main.TestCaseExecutor.runScript(TestCaseExecutor.java:445)
	at com.kms.katalon.core.main.TestCaseExecutor.doExecute(TestCaseExecutor.java:436)
	at com.kms.katalon.core.main.TestCaseExecutor.processExecutionPhase(TestCaseExecutor.java:415)
	at com.kms.katalon.core.main.TestCaseExecutor.accessMainPhase(TestCaseExecutor.java:407)
	at com.kms.katalon.core.main.TestCaseExecutor.execute(TestCaseExecutor.java:284)
	at com.kms.katalon.core.common.CommonExecutor.accessTestCaseMainPhase(CommonExecutor.java:65)
	at com.kms.katalon.core.main.TestSuiteExecutor.accessTestSuiteMainPhase(TestSuiteExecutor.java:144)
	at com.kms.katalon.core.main.TestSuiteExecutor.execute(TestSuiteExecutor.java:106)
	at com.kms.katalon.core.main.TestCaseMain.startTestSuite(TestCaseMain.java:185)
	at com.kms.katalon.core.main.TestCaseMain$startTestSuite$0.call(Unknown Source)
	at TempTestSuite1705920083951.run(TempTestSuite1705920083951.groovy:36)
)

2024-01-22 18:13:53 - [MESSAGE][WARNING] - Web element with id: 'Object Repository/Stockbit/Bandarmology_Buyer2' located by 'By.xpath: //*[contains(@id, 'rc-tabs-')]/div[2]/div/div/div/div/div/div[2]/table/tbody/tr[3]/td[1]/p' is present after '1' second(s) (Root cause: com.kms.katalon.core.exception.StepFailedException: Web element with id: 'Object Repository/Stockbit/Bandarmology_Buyer2' located by 'By.xpath: //*[contains(@id, 'rc-tabs-')]/div[2]/div/div/div/div/div/div[2]/table/tbody/tr[3]/td[1]/p' is present after '1' second(s)
	at com.kms.katalon.core.webui.keyword.internal.WebUIKeywordMain.stepFailed(WebUIKeywordMain.groovy:64)
	at com.kms.katalon.core.webui.keyword.internal.WebUIKeywordMain$stepFailed$0.call(Unknown Source)
	at com.kms.katalon.core.webui.keyword.builtin.VerifyElementNotPresentKeyword$_verifyElementNotPresent_closure1.doCall(VerifyElementNotPresentKeyword.groovy:106)
	at com.kms.katalon.core.webui.keyword.builtin.VerifyElementNotPresentKeyword$_verifyElementNotPresent_closure1.doCall(VerifyElementNotPresentKeyword.groovy)
	at com.kms.katalon.core.webui.keyword.internal.WebUIKeywordMain.runKeyword(WebUIKeywordMain.groovy:20)
	at com.kms.katalon.core.webui.keyword.internal.WebUIKeywordMain$runKeyword.call(Unknown Source)
	at com.kms.katalon.core.webui.keyword.builtin.VerifyElementNotPresentKeyword.verifyElementNotPresent(VerifyElementNotPresentKeyword.groovy:117)
	at com.kms.katalon.core.webui.keyword.builtin.VerifyElementNotPresentKeyword.execute(VerifyElementNotPresentKeyword.groovy:68)
	at com.kms.katalon.core.keyword.internal.KeywordExecutor.executeKeywordForPlatform(KeywordExecutor.groovy:74)
	at com.kms.katalon.core.webui.keyword.WebUiBuiltInKeywords.verifyElementNotPresent(WebUiBuiltInKeywords.groovy:1481)
	at com.kms.katalon.core.webui.keyword.WebUiBuiltInKeywords$verifyElementNotPresent$8.call(Unknown Source)
	at GetBrokSumPriceDaily.run(GetBrokSumPriceDaily:258)
	at com.kms.katalon.core.main.ScriptEngine.run(ScriptEngine.java:194)
	at com.kms.katalon.core.main.ScriptEngine.runScriptAsRawText(ScriptEngine.java:119)
	at com.kms.katalon.core.main.TestCaseExecutor.runScript(TestCaseExecutor.java:445)
	at com.kms.katalon.core.main.TestCaseExecutor.doExecute(TestCaseExecutor.java:436)
	at com.kms.katalon.core.main.TestCaseExecutor.processExecutionPhase(TestCaseExecutor.java:415)
	at com.kms.katalon.core.main.TestCaseExecutor.accessMainPhase(TestCaseExecutor.java:407)
	at com.kms.katalon.core.main.TestCaseExecutor.execute(TestCaseExecutor.java:284)
	at com.kms.katalon.core.common.CommonExecutor.accessTestCaseMainPhase(CommonExecutor.java:65)
	at com.kms.katalon.core.main.TestSuiteExecutor.accessTestSuiteMainPhase(TestSuiteExecutor.java:144)
	at com.kms.katalon.core.main.TestSuiteExecutor.execute(TestSuiteExecutor.java:106)
	at com.kms.katalon.core.main.TestCaseMain.startTestSuite(TestCaseMain.java:185)
	at com.kms.katalon.core.main.TestCaseMain$startTestSuite$0.call(Unknown Source)
	at TempTestSuite1705920083951.run(TempTestSuite1705920083951.groovy:36)
)
[[ATTACHMENT|C:\\Users\\Fadli\\git\\KatalonDailyGetData2\\Reports\\20240122_174123\\TS1\\20240122_174123\\1705922033648.png]]

2024-01-22 18:13:53 - [TEST_STEP][PASSED] - else: null

2024-01-22 18:13:53 - [TEST_STEP][PASSED] - strBuyer2 = getText(findTestObject("Stockbit/Bandarmology_Buyer2")): Text of object 'Object Repository/Stockbit/Bandarmology_Buyer2' is: 'CC'

2024-01-22 18:13:54 - [MESSAGE][PASSED] - Text of object 'Object Repository/Stockbit/Bandarmology_Buyer2' is: 'CC'

2024-01-22 18:13:54 - [TEST_STEP][PASSED] - strBuyerVol2 = getText(findTestObject("Stockbit/Bandarmology_BuyerVol2")): Text of object 'Object Repository/Stockbit/Bandarmology_BuyerVol2' is: '5 K'

2024-01-22 18:13:54 - [MESSAGE][PASSED] - Text of object 'Object Repository/Stockbit/Bandarmology_BuyerVol2' is: '5 K'

2024-01-22 18:13:54 - [TEST_STEP][PASSED] - strBuyerAvg2 = getText(findTestObject("Stockbit/Bandarmology_BuyerAvg2")): Text of object 'Object Repository/Stockbit/Bandarmology_BuyerAvg2' is: '50'

2024-01-22 18:13:54 - [MESSAGE][PASSED] - Text of object 'Object Repository/Stockbit/Bandarmology_BuyerAvg2' is: '50'

2024-01-22 18:13:54 - [TEST_STEP][PASSED] - if (strBuyer2 != ""): null

2024-01-22 18:13:54 - [TEST_STEP][PASSED] - if (strBuyerAvg2.contains(",")): null

2024-01-22 18:13:54 - [TEST_STEP][PASSED] - if (strBuyerVol2.contains(" B")): null

2024-01-22 18:13:54 - [TEST_STEP][PASSED] - else if (strBuyerVol2.contains(" M")): null

2024-01-22 18:13:54 - [TEST_STEP][PASSED] - else if (strBuyerVol2.contains(" K")): null

2024-01-22 18:13:54 - [TEST_STEP][PASSED] - strBuyerVol2 = strBuyerVol2.replace(" K", ""): null

2024-01-22 18:13:54 - [TEST_STEP][PASSED] - strBuyerVol2 = strBuyerVol2.toDouble() * 1000: null

2024-01-22 18:13:54 - [TEST_STEP][PASSED] - if (strBuyerVol2.contains(".")): null

2024-01-22 18:13:54 - [TEST_STEP][PASSED] - strBuyerVal2 = strBuyerVol2.replace(".", ""): null

2024-01-22 18:13:54 - [TEST_STEP][PASSED] - if (verifyElementNotPresent(findTestObject("Stockbit/Bandarmology_Seller2"), 1, OPTIONAL)): Web element with id: 'Object Repository/Stockbit/Bandarmology_Seller2' located by 'By.xpath: //*[contains(@id, 'rc-tabs-')]/div[2]/div/div/div/div/div/div[2]/table/tbody/tr[3]/td[5]/p' is present after '1' second(s) (Root cause: com.kms.katalon.core.exception.StepFailedException: Web element with id: 'Object Repository/Stockbit/Bandarmology_Seller2' located by 'By.xpath: //*[contains(@id, 'rc-tabs-')]/div[2]/div/div/div/div/div/div[2]/table/tbody/tr[3]/td[5]/p' is present after '1' second(s)
	at com.kms.katalon.core.webui.keyword.internal.WebUIKeywordMain.stepFailed(WebUIKeywordMain.groovy:64)
	at com.kms.katalon.core.webui.keyword.internal.WebUIKeywordMain$stepFailed$0.call(Unknown Source)
	at com.kms.katalon.core.webui.keyword.builtin.VerifyElementNotPresentKeyword$_verifyElementNotPresent_closure1.doCall(VerifyElementNotPresentKeyword.groovy:106)
	at com.kms.katalon.core.webui.keyword.builtin.VerifyElementNotPresentKeyword$_verifyElementNotPresent_closure1.doCall(VerifyElementNotPresentKeyword.groovy)
	at com.kms.katalon.core.webui.keyword.internal.WebUIKeywordMain.runKeyword(WebUIKeywordMain.groovy:20)
	at com.kms.katalon.core.webui.keyword.internal.WebUIKeywordMain$runKeyword.call(Unknown Source)
	at com.kms.katalon.core.webui.keyword.builtin.VerifyElementNotPresentKeyword.verifyElementNotPresent(VerifyElementNotPresentKeyword.groovy:117)
	at com.kms.katalon.core.webui.keyword.builtin.VerifyElementNotPresentKeyword.execute(VerifyElementNotPresentKeyword.groovy:68)
	at com.kms.katalon.core.keyword.internal.KeywordExecutor.executeKeywordForPlatform(KeywordExecutor.groovy:74)
	at com.kms.katalon.core.webui.keyword.WebUiBuiltInKeywords.verifyElementNotPresent(WebUiBuiltInKeywords.groovy:1481)
	at com.kms.katalon.core.webui.keyword.WebUiBuiltInKeywords$verifyElementNotPresent$8.call(Unknown Source)
	at GetBrokSumPriceDaily.run(GetBrokSumPriceDaily:309)
	at com.kms.katalon.core.main.ScriptEngine.run(ScriptEngine.java:194)
	at com.kms.katalon.core.main.ScriptEngine.runScriptAsRawText(ScriptEngine.java:119)
	at com.kms.katalon.core.main.TestCaseExecutor.runScript(TestCaseExecutor.java:445)
	at com.kms.katalon.core.main.TestCaseExecutor.doExecute(TestCaseExecutor.java:436)
	at com.kms.katalon.core.main.TestCaseExecutor.processExecutionPhase(TestCaseExecutor.java:415)
	at com.kms.katalon.core.main.TestCaseExecutor.accessMainPhase(TestCaseExecutor.java:407)
	at com.kms.katalon.core.main.TestCaseExecutor.execute(TestCaseExecutor.java:284)
	at com.kms.katalon.core.common.CommonExecutor.accessTestCaseMainPhase(CommonExecutor.java:65)
	at com.kms.katalon.core.main.TestSuiteExecutor.accessTestSuiteMainPhase(TestSuiteExecutor.java:144)
	at com.kms.katalon.core.main.TestSuiteExecutor.execute(TestSuiteExecutor.java:106)
	at com.kms.katalon.core.main.TestCaseMain.startTestSuite(TestCaseMain.java:185)
	at com.kms.katalon.core.main.TestCaseMain$startTestSuite$0.call(Unknown Source)
	at TempTestSuite1705920083951.run(TempTestSuite1705920083951.groovy:36)
)

2024-01-22 18:13:55 - [MESSAGE][WARNING] - Web element with id: 'Object Repository/Stockbit/Bandarmology_Seller2' located by 'By.xpath: //*[contains(@id, 'rc-tabs-')]/div[2]/div/div/div/div/div/div[2]/table/tbody/tr[3]/td[5]/p' is present after '1' second(s) (Root cause: com.kms.katalon.core.exception.StepFailedException: Web element with id: 'Object Repository/Stockbit/Bandarmology_Seller2' located by 'By.xpath: //*[contains(@id, 'rc-tabs-')]/div[2]/div/div/div/div/div/div[2]/table/tbody/tr[3]/td[5]/p' is present after '1' second(s)
	at com.kms.katalon.core.webui.keyword.internal.WebUIKeywordMain.stepFailed(WebUIKeywordMain.groovy:64)
	at com.kms.katalon.core.webui.keyword.internal.WebUIKeywordMain$stepFailed$0.call(Unknown Source)
	at com.kms.katalon.core.webui.keyword.builtin.VerifyElementNotPresentKeyword$_verifyElementNotPresent_closure1.doCall(VerifyElementNotPresentKeyword.groovy:106)
	at com.kms.katalon.core.webui.keyword.builtin.VerifyElementNotPresentKeyword$_verifyElementNotPresent_closure1.doCall(VerifyElementNotPresentKeyword.groovy)
	at com.kms.katalon.core.webui.keyword.internal.WebUIKeywordMain.runKeyword(WebUIKeywordMain.groovy:20)
	at com.kms.katalon.core.webui.keyword.internal.WebUIKeywordMain$runKeyword.call(Unknown Source)
	at com.kms.katalon.core.webui.keyword.builtin.VerifyElementNotPresentKeyword.verifyElementNotPresent(VerifyElementNotPresentKeyword.groovy:117)
	at com.kms.katalon.core.webui.keyword.builtin.VerifyElementNotPresentKeyword.execute(VerifyElementNotPresentKeyword.groovy:68)
	at com.kms.katalon.core.keyword.internal.KeywordExecutor.executeKeywordForPlatform(KeywordExecutor.groovy:74)
	at com.kms.katalon.core.webui.keyword.WebUiBuiltInKeywords.verifyElementNotPresent(WebUiBuiltInKeywords.groovy:1481)
	at com.kms.katalon.core.webui.keyword.WebUiBuiltInKeywords$verifyElementNotPresent$8.call(Unknown Source)
	at GetBrokSumPriceDaily.run(GetBrokSumPriceDaily:309)
	at com.kms.katalon.core.main.ScriptEngine.run(ScriptEngine.java:194)
	at com.kms.katalon.core.main.ScriptEngine.runScriptAsRawText(ScriptEngine.java:119)
	at com.kms.katalon.core.main.TestCaseExecutor.runScript(TestCaseExecutor.java:445)
	at com.kms.katalon.core.main.TestCaseExecutor.doExecute(TestCaseExecutor.java:436)
	at com.kms.katalon.core.main.TestCaseExecutor.processExecutionPhase(TestCaseExecutor.java:415)
	at com.kms.katalon.core.main.TestCaseExecutor.accessMainPhase(TestCaseExecutor.java:407)
	at com.kms.katalon.core.main.TestCaseExecutor.execute(TestCaseExecutor.java:284)
	at com.kms.katalon.core.common.CommonExecutor.accessTestCaseMainPhase(CommonExecutor.java:65)
	at com.kms.katalon.core.main.TestSuiteExecutor.accessTestSuiteMainPhase(TestSuiteExecutor.java:144)
	at com.kms.katalon.core.main.TestSuiteExecutor.execute(TestSuiteExecutor.java:106)
	at com.kms.katalon.core.main.TestCaseMain.startTestSuite(TestCaseMain.java:185)
	at com.kms.katalon.core.main.TestCaseMain$startTestSuite$0.call(Unknown Source)
	at TempTestSuite1705920083951.run(TempTestSuite1705920083951.groovy:36)
)
[[ATTACHMENT|C:\\Users\\Fadli\\git\\KatalonDailyGetData2\\Reports\\20240122_174123\\TS1\\20240122_174123\\1705922035524.png]]

2024-01-22 18:13:55 - [TEST_STEP][PASSED] - else: null

2024-01-22 18:13:55 - [TEST_STEP][PASSED] - strSeller2 = getText(findTestObject("Stockbit/Bandarmology_Seller2")): Text of object 'Object Repository/Stockbit/Bandarmology_Seller2' is: 'AR'

2024-01-22 18:13:55 - [MESSAGE][PASSED] - Text of object 'Object Repository/Stockbit/Bandarmology_Seller2' is: 'AR'

2024-01-22 18:13:55 - [TEST_STEP][PASSED] - strSellerVol2 = getText(findTestObject("Stockbit/Bandarmology_SellerVol2")): Text of object 'Object Repository/Stockbit/Bandarmology_SellerVol2' is: '5 K'

2024-01-22 18:13:56 - [MESSAGE][PASSED] - Text of object 'Object Repository/Stockbit/Bandarmology_SellerVol2' is: '5 K'

2024-01-22 18:13:56 - [TEST_STEP][PASSED] - strSellerAvg2 = getText(findTestObject("Stockbit/Bandarmology_SellerAvg2")): Text of object 'Object Repository/Stockbit/Bandarmology_SellerAvg2' is: '50'

2024-01-22 18:13:56 - [MESSAGE][PASSED] - Text of object 'Object Repository/Stockbit/Bandarmology_SellerAvg2' is: '50'

2024-01-22 18:13:56 - [TEST_STEP][PASSED] - if (strSeller2 != ""): null

2024-01-22 18:13:56 - [TEST_STEP][PASSED] - if (strSellerAvg2.contains(",")): null

2024-01-22 18:13:56 - [TEST_STEP][PASSED] - if (strSellerVol2.contains(" B")): null

2024-01-22 18:13:56 - [TEST_STEP][PASSED] - else if (strSellerVol2.contains(" M")): null

2024-01-22 18:13:56 - [TEST_STEP][PASSED] - else if (strSellerVol2.contains(" K")): null

2024-01-22 18:13:56 - [TEST_STEP][PASSED] - strSellerVol2 = strSellerVol2.replace(" K", ""): null

2024-01-22 18:13:56 - [TEST_STEP][PASSED] - strSellerVol2 = strSellerVol2.toDouble() * 1000: null

2024-01-22 18:13:56 - [TEST_STEP][PASSED] - if (verifyElementNotPresent(findTestObject("Stockbit/Bandarmology_Buyer3"), 1, OPTIONAL)): Web element with id: 'Object Repository/Stockbit/Bandarmology_Buyer3' located by 'By.xpath: //*[contains(@id, 'rc-tabs-')]/div[2]/div/div/div/div/div/div[2]/table/tbody/tr[4]/td[1]/p' is present after '1' second(s) (Root cause: com.kms.katalon.core.exception.StepFailedException: Web element with id: 'Object Repository/Stockbit/Bandarmology_Buyer3' located by 'By.xpath: //*[contains(@id, 'rc-tabs-')]/div[2]/div/div/div/div/div/div[2]/table/tbody/tr[4]/td[1]/p' is present after '1' second(s)
	at com.kms.katalon.core.webui.keyword.internal.WebUIKeywordMain.stepFailed(WebUIKeywordMain.groovy:64)
	at com.kms.katalon.core.webui.keyword.internal.WebUIKeywordMain$stepFailed$0.call(Unknown Source)
	at com.kms.katalon.core.webui.keyword.builtin.VerifyElementNotPresentKeyword$_verifyElementNotPresent_closure1.doCall(VerifyElementNotPresentKeyword.groovy:106)
	at com.kms.katalon.core.webui.keyword.builtin.VerifyElementNotPresentKeyword$_verifyElementNotPresent_closure1.doCall(VerifyElementNotPresentKeyword.groovy)
	at com.kms.katalon.core.webui.keyword.internal.WebUIKeywordMain.runKeyword(WebUIKeywordMain.groovy:20)
	at com.kms.katalon.core.webui.keyword.internal.WebUIKeywordMain$runKeyword.call(Unknown Source)
	at com.kms.katalon.core.webui.keyword.builtin.VerifyElementNotPresentKeyword.verifyElementNotPresent(VerifyElementNotPresentKeyword.groovy:117)
	at com.kms.katalon.core.webui.keyword.builtin.VerifyElementNotPresentKeyword.execute(VerifyElementNotPresentKeyword.groovy:68)
	at com.kms.katalon.core.keyword.internal.KeywordExecutor.executeKeywordForPlatform(KeywordExecutor.groovy:74)
	at com.kms.katalon.core.webui.keyword.WebUiBuiltInKeywords.verifyElementNotPresent(WebUiBuiltInKeywords.groovy:1481)
	at com.kms.katalon.core.webui.keyword.WebUiBuiltInKeywords$verifyElementNotPresent$8.call(Unknown Source)
	at GetBrokSumPriceDaily.run(GetBrokSumPriceDaily:361)
	at com.kms.katalon.core.main.ScriptEngine.run(ScriptEngine.java:194)
	at com.kms.katalon.core.main.ScriptEngine.runScriptAsRawText(ScriptEngine.java:119)
	at com.kms.katalon.core.main.TestCaseExecutor.runScript(TestCaseExecutor.java:445)
	at com.kms.katalon.core.main.TestCaseExecutor.doExecute(TestCaseExecutor.java:436)
	at com.kms.katalon.core.main.TestCaseExecutor.processExecutionPhase(TestCaseExecutor.java:415)
	at com.kms.katalon.core.main.TestCaseExecutor.accessMainPhase(TestCaseExecutor.java:407)
	at com.kms.katalon.core.main.TestCaseExecutor.execute(TestCaseExecutor.java:284)
	at com.kms.katalon.core.common.CommonExecutor.accessTestCaseMainPhase(CommonExecutor.java:65)
	at com.kms.katalon.core.main.TestSuiteExecutor.accessTestSuiteMainPhase(TestSuiteExecutor.java:144)
	at com.kms.katalon.core.main.TestSuiteExecutor.execute(TestSuiteExecutor.java:106)
	at com.kms.katalon.core.main.TestCaseMain.startTestSuite(TestCaseMain.java:185)
	at com.kms.katalon.core.main.TestCaseMain$startTestSuite$0.call(Unknown Source)
	at TempTestSuite1705920083951.run(TempTestSuite1705920083951.groovy:36)
)

2024-01-22 18:13:57 - [MESSAGE][WARNING] - Web element with id: 'Object Repository/Stockbit/Bandarmology_Buyer3' located by 'By.xpath: //*[contains(@id, 'rc-tabs-')]/div[2]/div/div/div/div/div/div[2]/table/tbody/tr[4]/td[1]/p' is present after '1' second(s) (Root cause: com.kms.katalon.core.exception.StepFailedException: Web element with id: 'Object Repository/Stockbit/Bandarmology_Buyer3' located by 'By.xpath: //*[contains(@id, 'rc-tabs-')]/div[2]/div/div/div/div/div/div[2]/table/tbody/tr[4]/td[1]/p' is present after '1' second(s)
	at com.kms.katalon.core.webui.keyword.internal.WebUIKeywordMain.stepFailed(WebUIKeywordMain.groovy:64)
	at com.kms.katalon.core.webui.keyword.internal.WebUIKeywordMain$stepFailed$0.call(Unknown Source)
	at com.kms.katalon.core.webui.keyword.builtin.VerifyElementNotPresentKeyword$_verifyElementNotPresent_closure1.doCall(VerifyElementNotPresentKeyword.groovy:106)
	at com.kms.katalon.core.webui.keyword.builtin.VerifyElementNotPresentKeyword$_verifyElementNotPresent_closure1.doCall(VerifyElementNotPresentKeyword.groovy)
	at com.kms.katalon.core.webui.keyword.internal.WebUIKeywordMain.runKeyword(WebUIKeywordMain.groovy:20)
	at com.kms.katalon.core.webui.keyword.internal.WebUIKeywordMain$runKeyword.call(Unknown Source)
	at com.kms.katalon.core.webui.keyword.builtin.VerifyElementNotPresentKeyword.verifyElementNotPresent(VerifyElementNotPresentKeyword.groovy:117)
	at com.kms.katalon.core.webui.keyword.builtin.VerifyElementNotPresentKeyword.execute(VerifyElementNotPresentKeyword.groovy:68)
	at com.kms.katalon.core.keyword.internal.KeywordExecutor.executeKeywordForPlatform(KeywordExecutor.groovy:74)
	at com.kms.katalon.core.webui.keyword.WebUiBuiltInKeywords.verifyElementNotPresent(WebUiBuiltInKeywords.groovy:1481)
	at com.kms.katalon.core.webui.keyword.WebUiBuiltInKeywords$verifyElementNotPresent$8.call(Unknown Source)
	at GetBrokSumPriceDaily.run(GetBrokSumPriceDaily:361)
	at com.kms.katalon.core.main.ScriptEngine.run(ScriptEngine.java:194)
	at com.kms.katalon.core.main.ScriptEngine.runScriptAsRawText(ScriptEngine.java:119)
	at com.kms.katalon.core.main.TestCaseExecutor.runScript(TestCaseExecutor.java:445)
	at com.kms.katalon.core.main.TestCaseExecutor.doExecute(TestCaseExecutor.java:436)
	at com.kms.katalon.core.main.TestCaseExecutor.processExecutionPhase(TestCaseExecutor.java:415)
	at com.kms.katalon.core.main.TestCaseExecutor.accessMainPhase(TestCaseExecutor.java:407)
	at com.kms.katalon.core.main.TestCaseExecutor.execute(TestCaseExecutor.java:284)
	at com.kms.katalon.core.common.CommonExecutor.accessTestCaseMainPhase(CommonExecutor.java:65)
	at com.kms.katalon.core.main.TestSuiteExecutor.accessTestSuiteMainPhase(TestSuiteExecutor.java:144)
	at com.kms.katalon.core.main.TestSuiteExecutor.execute(TestSuiteExecutor.java:106)
	at com.kms.katalon.core.main.TestCaseMain.startTestSuite(TestCaseMain.java:185)
	at com.kms.katalon.core.main.TestCaseMain$startTestSuite$0.call(Unknown Source)
	at TempTestSuite1705920083951.run(TempTestSuite1705920083951.groovy:36)
)
[[ATTACHMENT|C:\\Users\\Fadli\\git\\KatalonDailyGetData2\\Reports\\20240122_174123\\TS1\\20240122_174123\\1705922037587.png]]

2024-01-22 18:13:57 - [TEST_STEP][PASSED] - else: null

2024-01-22 18:13:57 - [TEST_STEP][PASSED] - strBuyer3 = getText(findTestObject("Stockbit/Bandarmology_Buyer3")): Text of object 'Object Repository/Stockbit/Bandarmology_Buyer3' is: 'PD'

2024-01-22 18:13:57 - [MESSAGE][PASSED] - Text of object 'Object Repository/Stockbit/Bandarmology_Buyer3' is: 'PD'

2024-01-22 18:13:57 - [TEST_STEP][PASSED] - strBuyerVol3 = getText(findTestObject("Stockbit/Bandarmology_BuyerVol3")): Text of object 'Object Repository/Stockbit/Bandarmology_BuyerVol3' is: '515'

2024-01-22 18:13:58 - [MESSAGE][PASSED] - Text of object 'Object Repository/Stockbit/Bandarmology_BuyerVol3' is: '515'

2024-01-22 18:13:58 - [TEST_STEP][PASSED] - strBuyerAvg3 = getText(findTestObject("Stockbit/Bandarmology_BuyerAvg3")): Text of object 'Object Repository/Stockbit/Bandarmology_BuyerAvg3' is: '50'

2024-01-22 18:13:58 - [MESSAGE][PASSED] - Text of object 'Object Repository/Stockbit/Bandarmology_BuyerAvg3' is: '50'

2024-01-22 18:13:58 - [TEST_STEP][PASSED] - if (strBuyer3 != ""): null

2024-01-22 18:13:58 - [TEST_STEP][PASSED] - if (strBuyerAvg3.contains(",")): null

2024-01-22 18:13:58 - [TEST_STEP][PASSED] - if (strBuyerVol3.contains(" B")): null

2024-01-22 18:13:58 - [TEST_STEP][PASSED] - if (verifyElementNotPresent(findTestObject("Stockbit/Bandarmology_Seller3"), 1, OPTIONAL)): Web element with id: 'Object Repository/Stockbit/Bandarmology_Seller3' located by 'By.xpath: //*[contains(@id, 'rc-tabs-')]/div[2]/div/div/div/div/div/div[2]/table/tbody/tr[4]/td[5]/p' is present after '1' second(s) (Root cause: com.kms.katalon.core.exception.StepFailedException: Web element with id: 'Object Repository/Stockbit/Bandarmology_Seller3' located by 'By.xpath: //*[contains(@id, 'rc-tabs-')]/div[2]/div/div/div/div/div/div[2]/table/tbody/tr[4]/td[5]/p' is present after '1' second(s)
	at com.kms.katalon.core.webui.keyword.internal.WebUIKeywordMain.stepFailed(WebUIKeywordMain.groovy:64)
	at com.kms.katalon.core.webui.keyword.internal.WebUIKeywordMain$stepFailed$0.call(Unknown Source)
	at com.kms.katalon.core.webui.keyword.builtin.VerifyElementNotPresentKeyword$_verifyElementNotPresent_closure1.doCall(VerifyElementNotPresentKeyword.groovy:106)
	at com.kms.katalon.core.webui.keyword.builtin.VerifyElementNotPresentKeyword$_verifyElementNotPresent_closure1.doCall(VerifyElementNotPresentKeyword.groovy)
	at com.kms.katalon.core.webui.keyword.internal.WebUIKeywordMain.runKeyword(WebUIKeywordMain.groovy:20)
	at com.kms.katalon.core.webui.keyword.internal.WebUIKeywordMain$runKeyword.call(Unknown Source)
	at com.kms.katalon.core.webui.keyword.builtin.VerifyElementNotPresentKeyword.verifyElementNotPresent(VerifyElementNotPresentKeyword.groovy:117)
	at com.kms.katalon.core.webui.keyword.builtin.VerifyElementNotPresentKeyword.execute(VerifyElementNotPresentKeyword.groovy:68)
	at com.kms.katalon.core.keyword.internal.KeywordExecutor.executeKeywordForPlatform(KeywordExecutor.groovy:74)
	at com.kms.katalon.core.webui.keyword.WebUiBuiltInKeywords.verifyElementNotPresent(WebUiBuiltInKeywords.groovy:1481)
	at com.kms.katalon.core.webui.keyword.WebUiBuiltInKeywords$verifyElementNotPresent$8.call(Unknown Source)
	at GetBrokSumPriceDaily.run(GetBrokSumPriceDaily:414)
	at com.kms.katalon.core.main.ScriptEngine.run(ScriptEngine.java:194)
	at com.kms.katalon.core.main.ScriptEngine.runScriptAsRawText(ScriptEngine.java:119)
	at com.kms.katalon.core.main.TestCaseExecutor.runScript(TestCaseExecutor.java:445)
	at com.kms.katalon.core.main.TestCaseExecutor.doExecute(TestCaseExecutor.java:436)
	at com.kms.katalon.core.main.TestCaseExecutor.processExecutionPhase(TestCaseExecutor.java:415)
	at com.kms.katalon.core.main.TestCaseExecutor.accessMainPhase(TestCaseExecutor.java:407)
	at com.kms.katalon.core.main.TestCaseExecutor.execute(TestCaseExecutor.java:284)
	at com.kms.katalon.core.common.CommonExecutor.accessTestCaseMainPhase(CommonExecutor.java:65)
	at com.kms.katalon.core.main.TestSuiteExecutor.accessTestSuiteMainPhase(TestSuiteExecutor.java:144)
	at com.kms.katalon.core.main.TestSuiteExecutor.execute(TestSuiteExecutor.java:106)
	at com.kms.katalon.core.main.TestCaseMain.startTestSuite(TestCaseMain.java:185)
	at com.kms.katalon.core.main.TestCaseMain$startTestSuite$0.call(Unknown Source)
	at TempTestSuite1705920083951.run(TempTestSuite1705920083951.groovy:36)
)

2024-01-22 18:13:59 - [MESSAGE][WARNING] - Web element with id: 'Object Repository/Stockbit/Bandarmology_Seller3' located by 'By.xpath: //*[contains(@id, 'rc-tabs-')]/div[2]/div/div/div/div/div/div[2]/table/tbody/tr[4]/td[5]/p' is present after '1' second(s) (Root cause: com.kms.katalon.core.exception.StepFailedException: Web element with id: 'Object Repository/Stockbit/Bandarmology_Seller3' located by 'By.xpath: //*[contains(@id, 'rc-tabs-')]/div[2]/div/div/div/div/div/div[2]/table/tbody/tr[4]/td[5]/p' is present after '1' second(s)
	at com.kms.katalon.core.webui.keyword.internal.WebUIKeywordMain.stepFailed(WebUIKeywordMain.groovy:64)
	at com.kms.katalon.core.webui.keyword.internal.WebUIKeywordMain$stepFailed$0.call(Unknown Source)
	at com.kms.katalon.core.webui.keyword.builtin.VerifyElementNotPresentKeyword$_verifyElementNotPresent_closure1.doCall(VerifyElementNotPresentKeyword.groovy:106)
	at com.kms.katalon.core.webui.keyword.builtin.VerifyElementNotPresentKeyword$_verifyElementNotPresent_closure1.doCall(VerifyElementNotPresentKeyword.groovy)
	at com.kms.katalon.core.webui.keyword.internal.WebUIKeywordMain.runKeyword(WebUIKeywordMain.groovy:20)
	at com.kms.katalon.core.webui.keyword.internal.WebUIKeywordMain$runKeyword.call(Unknown Source)
	at com.kms.katalon.core.webui.keyword.builtin.VerifyElementNotPresentKeyword.verifyElementNotPresent(VerifyElementNotPresentKeyword.groovy:117)
	at com.kms.katalon.core.webui.keyword.builtin.VerifyElementNotPresentKeyword.execute(VerifyElementNotPresentKeyword.groovy:68)
	at com.kms.katalon.core.keyword.internal.KeywordExecutor.executeKeywordForPlatform(KeywordExecutor.groovy:74)
	at com.kms.katalon.core.webui.keyword.WebUiBuiltInKeywords.verifyElementNotPresent(WebUiBuiltInKeywords.groovy:1481)
	at com.kms.katalon.core.webui.keyword.WebUiBuiltInKeywords$verifyElementNotPresent$8.call(Unknown Source)
	at GetBrokSumPriceDaily.run(GetBrokSumPriceDaily:414)
	at com.kms.katalon.core.main.ScriptEngine.run(ScriptEngine.java:194)
	at com.kms.katalon.core.main.ScriptEngine.runScriptAsRawText(ScriptEngine.java:119)
	at com.kms.katalon.core.main.TestCaseExecutor.runScript(TestCaseExecutor.java:445)
	at com.kms.katalon.core.main.TestCaseExecutor.doExecute(TestCaseExecutor.java:436)
	at com.kms.katalon.core.main.TestCaseExecutor.processExecutionPhase(TestCaseExecutor.java:415)
	at com.kms.katalon.core.main.TestCaseExecutor.accessMainPhase(TestCaseExecutor.java:407)
	at com.kms.katalon.core.main.TestCaseExecutor.execute(TestCaseExecutor.java:284)
	at com.kms.katalon.core.common.CommonExecutor.accessTestCaseMainPhase(CommonExecutor.java:65)
	at com.kms.katalon.core.main.TestSuiteExecutor.accessTestSuiteMainPhase(TestSuiteExecutor.java:144)
	at com.kms.katalon.core.main.TestSuiteExecutor.execute(TestSuiteExecutor.java:106)
	at com.kms.katalon.core.main.TestCaseMain.startTestSuite(TestCaseMain.java:185)
	at com.kms.katalon.core.main.TestCaseMain$startTestSuite$0.call(Unknown Source)
	at TempTestSuite1705920083951.run(TempTestSuite1705920083951.groovy:36)
)
[[ATTACHMENT|C:\\Users\\Fadli\\git\\KatalonDailyGetData2\\Reports\\20240122_174123\\TS1\\20240122_174123\\1705922039468.png]]

2024-01-22 18:13:59 - [TEST_STEP][PASSED] - else: null

2024-01-22 18:13:59 - [TEST_STEP][PASSED] - strSeller3 = getText(findTestObject("Stockbit/Bandarmology_Seller3")): Text of object 'Object Repository/Stockbit/Bandarmology_Seller3' is: 'RO'

2024-01-22 18:13:59 - [MESSAGE][PASSED] - Text of object 'Object Repository/Stockbit/Bandarmology_Seller3' is: 'RO'

2024-01-22 18:13:59 - [TEST_STEP][PASSED] - strSellerVol3 = getText(findTestObject("Stockbit/Bandarmology_SellerVol3")): Text of object 'Object Repository/Stockbit/Bandarmology_SellerVol3' is: '1.9 K'

2024-01-22 18:13:59 - [MESSAGE][PASSED] - Text of object 'Object Repository/Stockbit/Bandarmology_SellerVol3' is: '1.9 K'

2024-01-22 18:13:59 - [TEST_STEP][PASSED] - strSellerAvg3 = getText(findTestObject("Stockbit/Bandarmology_SellerAvg3")): Text of object 'Object Repository/Stockbit/Bandarmology_SellerAvg3' is: '50'

2024-01-22 18:14:00 - [MESSAGE][PASSED] - Text of object 'Object Repository/Stockbit/Bandarmology_SellerAvg3' is: '50'

2024-01-22 18:14:00 - [TEST_STEP][PASSED] - if (strSeller3 != ""): null

2024-01-22 18:14:00 - [TEST_STEP][PASSED] - if (strSellerAvg3.contains(",")): null

2024-01-22 18:14:00 - [TEST_STEP][PASSED] - if (strSellerVol3.contains(" B")): null

2024-01-22 18:14:00 - [TEST_STEP][PASSED] - else if (strSellerVol3.contains(" M")): null

2024-01-22 18:14:00 - [TEST_STEP][PASSED] - else if (strSellerVol3.contains(" K")): null

2024-01-22 18:14:00 - [TEST_STEP][PASSED] - strSellerVol3 = strSellerVol3.replace(" K", ""): null

2024-01-22 18:14:00 - [TEST_STEP][PASSED] - strSellerVol3 = strSellerVol3.toDouble() * 1000: null

2024-01-22 18:14:00 - [TEST_STEP][PASSED] - strAccDist = getText(findTestObject("Stockbit/Bandarmology_AccDist")): Text of object 'Object Repository/Stockbit/Bandarmology_AccDist' is: 'Dist'

2024-01-22 18:14:00 - [MESSAGE][PASSED] - Text of object 'Object Repository/Stockbit/Bandarmology_AccDist' is: 'Dist'

2024-01-22 18:14:00 - [TEST_STEP][PASSED] - strNetVol = getText(findTestObject("Stockbit/Bandarmology_NetVol")): Text of object 'Object Repository/Stockbit/Bandarmology_NetVol' is: '18,821'

2024-01-22 18:14:00 - [MESSAGE][PASSED] - Text of object 'Object Repository/Stockbit/Bandarmology_NetVol' is: '18,821'

2024-01-22 18:14:00 - [TEST_STEP][PASSED] - strNetVol = strNetVol.replace(",", ""): null

2024-01-22 18:14:00 - [TEST_STEP][PASSED] - strNetVal = getText(findTestObject("Stockbit/Bandarmology_NetVal")): Text of object 'Object Repository/Stockbit/Bandarmology_NetVal' is: '0.1 B'

2024-01-22 18:14:00 - [MESSAGE][PASSED] - Text of object 'Object Repository/Stockbit/Bandarmology_NetVal' is: '0.1 B'

2024-01-22 18:14:00 - [TEST_STEP][PASSED] - delay(3): Delayed 3 second(s)

2024-01-22 18:14:03 - [MESSAGE][PASSED] - Delayed 3 second(s)

2024-01-22 18:14:03 - [TEST_STEP][PASSED] - strOpenPrice = getText(findTestObject("Stockbit/Home_OpenPrice")): Text of object 'Object Repository/Stockbit/Home_OpenPrice' is: '50'

2024-01-22 18:14:03 - [MESSAGE][PASSED] - Text of object 'Object Repository/Stockbit/Home_OpenPrice' is: '50'

2024-01-22 18:14:03 - [TEST_STEP][PASSED] - strOpenPrice = strOpenPrice.replace(",", ""): null

2024-01-22 18:14:03 - [TEST_STEP][PASSED] - strLowPrice = getText(findTestObject("Stockbit/Home_LowPrice")): Text of object 'Object Repository/Stockbit/Home_LowPrice' is: '50'

2024-01-22 18:14:03 - [MESSAGE][PASSED] - Text of object 'Object Repository/Stockbit/Home_LowPrice' is: '50'

2024-01-22 18:14:03 - [TEST_STEP][PASSED] - strLowPrice = strLowPrice.replace(",", ""): null

2024-01-22 18:14:03 - [TEST_STEP][PASSED] - strHighPrice = getText(findTestObject("Stockbit/Home_HighPrice")): Text of object 'Object Repository/Stockbit/Home_HighPrice' is: '50'

2024-01-22 18:14:04 - [MESSAGE][PASSED] - Text of object 'Object Repository/Stockbit/Home_HighPrice' is: '50'

2024-01-22 18:14:04 - [TEST_STEP][PASSED] - strHighPrice = strHighPrice.replace(",", ""): null

2024-01-22 18:14:04 - [TEST_STEP][PASSED] - strClosePrice = getText(findTestObject("Stockbit/Home_ClosePrice")): Text of object 'Object Repository/Stockbit/Home_ClosePrice' is: '50'

2024-01-22 18:14:04 - [MESSAGE][PASSED] - Text of object 'Object Repository/Stockbit/Home_ClosePrice' is: '50'

2024-01-22 18:14:04 - [TEST_STEP][PASSED] - strClosePrice = strClosePrice.replace(",", ""): null

2024-01-22 18:14:04 - [TEST_STEP][PASSED] - strVol = getText(findTestObject("Stockbit/Home_Volume")): Text of object 'Object Repository/Stockbit/Home_Volume' is: '19 K'

2024-01-22 18:14:04 - [MESSAGE][PASSED] - Text of object 'Object Repository/Stockbit/Home_Volume' is: '19 K'

2024-01-22 18:14:04 - [TEST_STEP][PASSED] - if (strVol.contains(" K")): null

2024-01-22 18:14:04 - [TEST_STEP][PASSED] - strVol = strVol.replace(" K", "000"): null

2024-01-22 18:14:04 - [TEST_STEP][PASSED] - if (strVol.contains(",")): null

2024-01-22 18:14:04 - [TEST_STEP][PASSED] - strChange = getText(findTestObject("Stockbit/Home_Change")): Text of object 'Object Repository/Stockbit/Home_Change' is: '0.00%'

2024-01-22 18:14:04 - [MESSAGE][PASSED] - Text of object 'Object Repository/Stockbit/Home_Change' is: '0.00%'

2024-01-22 18:14:04 - [TEST_STEP][PASSED] - strChange = strChange.replace("%", ""): null

2024-01-22 18:14:04 - [TEST_STEP][PASSED] - strFreq = getText(findTestObject("Stockbit/Home_Freq")): Text of object 'Object Repository/Stockbit/Home_Freq' is: '194'

2024-01-22 18:14:04 - [MESSAGE][PASSED] - Text of object 'Object Repository/Stockbit/Home_Freq' is: '194'

2024-01-22 18:14:04 - [TEST_STEP][PASSED] - if (strFreq.contains(",")): null

2024-01-22 18:14:04 - [TEST_STEP][PASSED] - if (strFreq == "NA" || strFreq == ""): null

2024-01-22 18:14:04 - [TEST_STEP][PASSED] - else: null

2024-01-22 18:14:04 - [TEST_STEP][PASSED] - dblFreqAnal = strVol.toDouble() / strFreq.toDouble() * strFreq.toDouble() * strFreq.toDouble() * 100000000: null

2024-01-22 18:14:04 - [TEST_STEP][PASSED] - strFreqAnal = String.format("%.4f", dblFreqAnal): null

2024-01-22 18:14:04 - [TEST_STEP][PASSED] - out.println("Double strFreqAnal: " + strFreqAnal): null

2024-01-22 18:14:04 - [TEST_STEP][PASSED] - strTanggal = d.format(DateTimeFormatter.ofPattern("yyyy-MM-dd")): null

2024-01-22 18:14:04 - [TEST_STEP][PASSED] - strTanggal = "#" + strTanggal + "#": null

2024-01-22 18:14:04 - [TEST_STEP][PASSED] - strSQL = "select count(*) as JumBaris from TblBrokSum where Nama = '" + strNama + "' and Tanggal = " + strTanggal + "": null

2024-01-22 18:14:04 - [TEST_STEP][PASSED] - resultSet = statement.executeQuery(strSQL): null

2024-01-22 18:14:04 - [TEST_STEP][PASSED] - resultSet.next(): null

2024-01-22 18:14:04 - [TEST_STEP][PASSED] - intJumBaris = resultSet.getInt("JumBaris"): null

2024-01-22 18:14:04 - [TEST_STEP][PASSED] - if (intJumBaris > 0): null

2024-01-22 18:14:04 - [TEST_STEP][PASSED] - else: null

2024-01-22 18:14:04 - [TEST_STEP][PASSED] - try: null

2024-01-22 18:14:04 - [TEST_STEP][PASSED] - out.println("Insert data"): null

2024-01-22 18:14:04 - [TEST_STEP][PASSED] - strSQL = "insert into TblBrokSum (nama, tanggal, top1, top2, top3, AllBrokAvg, AccDist, AvgRP, " + "Buyer1, BuyerVal1, BuyerAvg1, Seller1, SellerVal1, SellerAvg1, Buyer2, BuyerVal2, BuyerAvg2, " + "Seller2, SellerVal2, SellerAvg2, Buyer3, BuyerVal3, BuyerAvg3, Seller3, SellerVal3, SellerAvg3, NetVol, NetVal, " + "OpenPrice, LowPrice, HighPrice, ClosePrice, Volume, Change, Frekuensi, FrekAnal) " + "values ('" + strNama + "', " + strTanggal + ", '" + strTop1 + "', '" + strTop3 + "', '" + strTop5 + "', " + "'" + strAllBrokAvg + "', '" + strAccDist + "', " + intAvgRP + ", '" + strBuyer1 + "', '" + strBuyerVol1 + "', " + strBuyerAvg1 + ", " + "'" + strSeller1 + "', '" + strSellerVol1 + "', " + strSellerAvg1 + ", '" + strBuyer2 + "', '" + strBuyerVol2 + "', " + strBuyerAvg2 + ", " + "'" + strSeller2 + "', '" + strSellerVol2 + "', " + strSellerAvg2 + ", '" + strBuyer3 + "', '" + strBuyerVol3 + "', " + strBuyerAvg3 + ", " + "'" + strSeller3 + "', '" + strSellerVol3 + "', " + strSellerAvg3 + ", " + strNetVol + ", '" + strNetVal + "', " + "" + strOpenPrice + ", " + strLowPrice + ", " + strHighPrice + ", " + strClosePrice + ", '" + strVol + "', " + strChange + ", " + strFreq + ", " + strFreqAnal + ");": null

2024-01-22 18:14:04 - [TEST_STEP][PASSED] - out.println("strSQL = " + strSQL): null

2024-01-22 18:14:04 - [TEST_STEP][PASSED] - statement.executeUpdate(strSQL): null

2024-01-22 18:14:04 - [TEST_STEP][PASSED] - setValueToCellByIndex(sheet01, rowIndex, 4, "DONE"): null

2024-01-22 18:14:04 - [TEST_STEP][PASSED] - saveWorkbook(excelFilePath, workbook01): null

2024-01-22 18:14:04 - [TEST_STEP][PASSED] - waitForElementClickable(findTestObject("Stockbit/menu_Bandarmology"), 10): Object 'Object Repository/Stockbit/menu_Bandarmology' is clickable

2024-01-22 18:14:04 - [MESSAGE][PASSED] - Object 'Object Repository/Stockbit/menu_Bandarmology' is clickable

2024-01-22 18:14:04 - [TEST_STEP][PASSED] - click(findTestObject("Stockbit/menu_Bandarmology")): Object: 'Object Repository/Stockbit/menu_Bandarmology' is clicked on

2024-01-22 18:14:05 - [MESSAGE][PASSED] - Object: 'Object Repository/Stockbit/menu_Bandarmology' is clicked on

2024-01-22 18:14:05 - [TEST_STEP][PASSED] - strTemp = "NA": null

2024-01-22 18:14:05 - [TEST_STEP][PASSED] - if (getCellValueByIndex(sheet01, rowIndex, 4) != "DONE"): Object: 'Object Repository/Stockbit/menu_Bandarmology' is clicked on

2024-01-22 18:14:05 - [TEST_STEP][PASSED] - strNama = getCellValueByIndex(sheet01, rowIndex, 0): null

2024-01-22 18:14:05 - [TEST_STEP][PASSED] - navigateToUrl("https://stockbit.com/#/symbol/" + strNama): Navigate to 'https://stockbit.com/#/symbol/TAPG' successfully

2024-01-22 18:14:07 - [MESSAGE][PASSED] - Navigate to 'https://stockbit.com/#/symbol/TAPG' successfully

2024-01-22 18:14:07 - [TEST_STEP][PASSED] - waitForElementClickable(findTestObject("Stockbit/menu_Bandarmology"), 10): Object 'Object Repository/Stockbit/menu_Bandarmology' is clickable

2024-01-22 18:14:07 - [MESSAGE][PASSED] - Object 'Object Repository/Stockbit/menu_Bandarmology' is clickable

2024-01-22 18:14:07 - [TEST_STEP][PASSED] - click(findTestObject("Stockbit/menu_Bandarmology")): Object: 'Object Repository/Stockbit/menu_Bandarmology' is clicked on

2024-01-22 18:14:08 - [MESSAGE][PASSED] - Object: 'Object Repository/Stockbit/menu_Bandarmology' is clicked on

2024-01-22 18:14:08 - [TEST_STEP][PASSED] - strTanggal = d.format(DateTimeFormatter.ofPattern("MMM dd, yyyy")): null

2024-01-22 18:14:08 - [TEST_STEP][PASSED] - strTanggal = d.format(ISO_DATE): null

2024-01-22 18:14:08 - [TEST_STEP][PASSED] - out.println("strTanggal = " + strTanggal): null

2024-01-22 18:14:08 - [TEST_STEP][PASSED] - out.println("strNama = " + strNama): null

2024-01-22 18:14:08 - [TEST_STEP][PASSED] - out.println("Baris ke = " + rowIndex): null

2024-01-22 18:14:08 - [TEST_STEP][PASSED] - click(findTestObject("Stockbit/input__BandarmologyOpenStartDate")): Object: 'Object Repository/Stockbit/input__BandarmologyOpenStartDate' is clicked on

2024-01-22 18:14:09 - [MESSAGE][PASSED] - Object: 'Object Repository/Stockbit/input__BandarmologyOpenStartDate' is clicked on

2024-01-22 18:14:09 - [TEST_STEP][PASSED] - sendKeys(findTestObject("Stockbit/input__BandarmologyOpenStartDate"), Keys.chord(CONTROL, "a")): Keys 'CONTROL + a' sent to object: 'Object Repository/Stockbit/input__BandarmologyOpenStartDate'

2024-01-22 18:14:10 - [MESSAGE][PASSED] - Keys 'CONTROL + a' sent to object: 'Object Repository/Stockbit/input__BandarmologyOpenStartDate'

2024-01-22 18:14:10 - [TEST_STEP][PASSED] - sendKeys(findTestObject("Stockbit/input__BandarmologyOpenStartDate"), Keys.chord(BACK_SPACE)): Keys 'BACK_SPACE + ' sent to object: 'Object Repository/Stockbit/input__BandarmologyOpenStartDate'

2024-01-22 18:14:10 - [MESSAGE][PASSED] - Keys 'BACK_SPACE + ' sent to object: 'Object Repository/Stockbit/input__BandarmologyOpenStartDate'

2024-01-22 18:14:10 - [TEST_STEP][PASSED] - setText(findTestObject("Stockbit/input__BandarmologyOpenStartDate"), strTanggal): Text '2024-01-22' is set on object 'Object Repository/Stockbit/input__BandarmologyOpenStartDate'

2024-01-22 18:14:11 - [MESSAGE][PASSED] - Text '2024-01-22' is set on object 'Object Repository/Stockbit/input__BandarmologyOpenStartDate'

2024-01-22 18:14:11 - [TEST_STEP][PASSED] - sendKeys(findTestObject("Stockbit/input__BandarmologyOpenStartDate"), Keys.chord(ENTER)): Keys 'ENTER + ' sent to object: 'Object Repository/Stockbit/input__BandarmologyOpenStartDate'

2024-01-22 18:14:12 - [MESSAGE][PASSED] - Keys 'ENTER + ' sent to object: 'Object Repository/Stockbit/input__BandarmologyOpenStartDate'

2024-01-22 18:14:12 - [TEST_STEP][PASSED] - click(findTestObject("Stockbit/input__BandarmologyOpenEndDate")): Object: 'Object Repository/Stockbit/input__BandarmologyOpenEndDate' is clicked on

2024-01-22 18:14:12 - [MESSAGE][PASSED] - Object: 'Object Repository/Stockbit/input__BandarmologyOpenEndDate' is clicked on

2024-01-22 18:14:12 - [TEST_STEP][PASSED] - sendKeys(findTestObject("Stockbit/input__BandarmologyOpenEndDate"), Keys.chord(CONTROL, "a")): Keys 'CONTROL + a' sent to object: 'Object Repository/Stockbit/input__BandarmologyOpenEndDate'

2024-01-22 18:14:13 - [MESSAGE][PASSED] - Keys 'CONTROL + a' sent to object: 'Object Repository/Stockbit/input__BandarmologyOpenEndDate'

2024-01-22 18:14:13 - [TEST_STEP][PASSED] - sendKeys(findTestObject("Stockbit/input__BandarmologyOpenEndDate"), Keys.chord(BACK_SPACE)): Keys 'BACK_SPACE + ' sent to object: 'Object Repository/Stockbit/input__BandarmologyOpenEndDate'

2024-01-22 18:14:13 - [MESSAGE][PASSED] - Keys 'BACK_SPACE + ' sent to object: 'Object Repository/Stockbit/input__BandarmologyOpenEndDate'

2024-01-22 18:14:13 - [TEST_STEP][PASSED] - setText(findTestObject("Stockbit/input__BandarmologyOpenEndDate"), strTanggal): Text '2024-01-22' is set on object 'Object Repository/Stockbit/input__BandarmologyOpenEndDate'

2024-01-22 18:14:14 - [MESSAGE][PASSED] - Text '2024-01-22' is set on object 'Object Repository/Stockbit/input__BandarmologyOpenEndDate'

2024-01-22 18:14:14 - [TEST_STEP][PASSED] - sendKeys(findTestObject("Stockbit/input__BandarmologyOpenEndDate"), Keys.chord(ENTER)): Keys 'ENTER + ' sent to object: 'Object Repository/Stockbit/input__BandarmologyOpenEndDate'

2024-01-22 18:14:15 - [MESSAGE][PASSED] - Keys 'ENTER + ' sent to object: 'Object Repository/Stockbit/input__BandarmologyOpenEndDate'

2024-01-22 18:14:15 - [TEST_STEP][PASSED] - delay(2): Delayed 2 second(s)

2024-01-22 18:14:17 - [MESSAGE][PASSED] - Delayed 2 second(s)

2024-01-22 18:14:17 - [TEST_STEP][PASSED] - strTemp = getText(findTestObject("Stockbit/Bandarmology_AvgRP")): Text of object 'Object Repository/Stockbit/Bandarmology_AvgRP' is: '553'

2024-01-22 18:14:17 - [MESSAGE][PASSED] - Text of object 'Object Repository/Stockbit/Bandarmology_AvgRP' is: '553'

2024-01-22 18:14:17 - [TEST_STEP][PASSED] - out.println("Bandarmology_AvgRP = " + strTemp): null

2024-01-22 18:14:17 - [TEST_STEP][PASSED] - if (strTemp != "0"): null

2024-01-22 18:14:17 - [TEST_STEP][PASSED] - strTop1 = getText(findTestObject("Stockbit/Bandarmology_Top1")): Text of object 'Object Repository/Stockbit/Bandarmology_Top1' is: 'Small Dist'

2024-01-22 18:14:17 - [MESSAGE][PASSED] - Text of object 'Object Repository/Stockbit/Bandarmology_Top1' is: 'Small Dist'

2024-01-22 18:14:17 - [TEST_STEP][PASSED] - strTop3 = getText(findTestObject("Stockbit/Bandarmology_Top3")): Text of object 'Object Repository/Stockbit/Bandarmology_Top3' is: 'Normal Dist'

2024-01-22 18:14:17 - [MESSAGE][PASSED] - Text of object 'Object Repository/Stockbit/Bandarmology_Top3' is: 'Normal Dist'

2024-01-22 18:14:17 - [TEST_STEP][PASSED] - strTop5 = getText(findTestObject("Stockbit/Bandarmology_Top5")): Text of object 'Object Repository/Stockbit/Bandarmology_Top5' is: 'Small Dist'

2024-01-22 18:14:17 - [MESSAGE][PASSED] - Text of object 'Object Repository/Stockbit/Bandarmology_Top5' is: 'Small Dist'

2024-01-22 18:14:17 - [TEST_STEP][PASSED] - strAllBrokAvg = getText(findTestObject("Stockbit/Bandarmology_TopAVG")): Text of object 'Object Repository/Stockbit/Bandarmology_TopAVG' is: 'Small Dist'

2024-01-22 18:14:17 - [MESSAGE][PASSED] - Text of object 'Object Repository/Stockbit/Bandarmology_TopAVG' is: 'Small Dist'

2024-01-22 18:14:17 - [TEST_STEP][PASSED] - strTemp = getText(findTestObject("Stockbit/Bandarmology_AvgRP")): Text of object 'Object Repository/Stockbit/Bandarmology_AvgRP' is: '553'

2024-01-22 18:14:17 - [MESSAGE][PASSED] - Text of object 'Object Repository/Stockbit/Bandarmology_AvgRP' is: '553'

2024-01-22 18:14:17 - [TEST_STEP][PASSED] - if (strTemp.contains(",")): null

2024-01-22 18:14:17 - [TEST_STEP][PASSED] - intAvgRP = strTemp.toInteger(): null

2024-01-22 18:14:17 - [TEST_STEP][PASSED] - strBuyer1 = getText(findTestObject("Stockbit/Bandarmology_Buyer1")): Text of object 'Object Repository/Stockbit/Bandarmology_Buyer1' is: 'LG'

2024-01-22 18:14:18 - [MESSAGE][PASSED] - Text of object 'Object Repository/Stockbit/Bandarmology_Buyer1' is: 'LG'

2024-01-22 18:14:18 - [TEST_STEP][PASSED] - strBuyerVol1 = getText(findTestObject("Stockbit/Bandarmology_BuyerVol1")): Text of object 'Object Repository/Stockbit/Bandarmology_BuyerVol1' is: '3 K'

2024-01-22 18:14:18 - [MESSAGE][PASSED] - Text of object 'Object Repository/Stockbit/Bandarmology_BuyerVol1' is: '3 K'

2024-01-22 18:14:18 - [TEST_STEP][PASSED] - strBuyerAvg1 = getText(findTestObject("Stockbit/Bandarmology_BuyerAvg1")): Text of object 'Object Repository/Stockbit/Bandarmology_BuyerAvg1' is: '555'

2024-01-22 18:14:18 - [MESSAGE][PASSED] - Text of object 'Object Repository/Stockbit/Bandarmology_BuyerAvg1' is: '555'

2024-01-22 18:14:18 - [TEST_STEP][PASSED] - if (strBuyerAvg1.contains(",")): null

2024-01-22 18:14:18 - [TEST_STEP][PASSED] - if (strBuyerVol1.contains(" B")): null

2024-01-22 18:14:18 - [TEST_STEP][PASSED] - else if (strBuyerVol1.contains(" M")): null

2024-01-22 18:14:18 - [TEST_STEP][PASSED] - else if (strBuyerVol1.contains(" K")): null

2024-01-22 18:14:18 - [TEST_STEP][PASSED] - strBuyerVol1 = strBuyerVol1.replace(" K", ""): null

2024-01-22 18:14:18 - [TEST_STEP][PASSED] - strBuyerVol1 = strBuyerVol1.toDouble() * 1000: null

2024-01-22 18:14:18 - [TEST_STEP][PASSED] - strSeller1 = getText(findTestObject("Stockbit/Bandarmology_Seller1")): Text of object 'Object Repository/Stockbit/Bandarmology_Seller1' is: 'YP'

2024-01-22 18:14:18 - [MESSAGE][PASSED] - Text of object 'Object Repository/Stockbit/Bandarmology_Seller1' is: 'YP'

2024-01-22 18:14:18 - [TEST_STEP][PASSED] - strSellerVol1 = getText(findTestObject("Stockbit/Bandarmology_SellerVol1")): Text of object 'Object Repository/Stockbit/Bandarmology_SellerVol1' is: '4.6 K'

2024-01-22 18:14:18 - [MESSAGE][PASSED] - Text of object 'Object Repository/Stockbit/Bandarmology_SellerVol1' is: '4.6 K'

2024-01-22 18:14:18 - [TEST_STEP][PASSED] - strSellerAvg1 = getText(findTestObject("Stockbit/Bandarmology_SellerAvg1")): Text of object 'Object Repository/Stockbit/Bandarmology_SellerAvg1' is: '555'

2024-01-22 18:14:18 - [MESSAGE][PASSED] - Text of object 'Object Repository/Stockbit/Bandarmology_SellerAvg1' is: '555'

2024-01-22 18:14:18 - [TEST_STEP][PASSED] - if (strSellerAvg1.contains(",")): null

2024-01-22 18:14:18 - [TEST_STEP][PASSED] - if (strSellerVol1.contains(" B")): null

2024-01-22 18:14:18 - [TEST_STEP][PASSED] - else if (strSellerVol1.contains(" M")): null

2024-01-22 18:14:18 - [TEST_STEP][PASSED] - else if (strSellerVol1.contains(" K")): null

2024-01-22 18:14:18 - [TEST_STEP][PASSED] - strSellerVol1 = strSellerVol1.replace(" K", ""): null

2024-01-22 18:14:18 - [TEST_STEP][PASSED] - strSellerVol1 = strSellerVol1.toDouble() * 1000: null

2024-01-22 18:14:18 - [TEST_STEP][PASSED] - if (verifyElementNotPresent(findTestObject("Stockbit/Bandarmology_Buyer2"), 1, OPTIONAL)): Web element with id: 'Object Repository/Stockbit/Bandarmology_Buyer2' located by 'By.xpath: //*[contains(@id, 'rc-tabs-')]/div[2]/div/div/div/div/div/div[2]/table/tbody/tr[3]/td[1]/p' is present after '1' second(s) (Root cause: com.kms.katalon.core.exception.StepFailedException: Web element with id: 'Object Repository/Stockbit/Bandarmology_Buyer2' located by 'By.xpath: //*[contains(@id, 'rc-tabs-')]/div[2]/div/div/div/div/div/div[2]/table/tbody/tr[3]/td[1]/p' is present after '1' second(s)
	at com.kms.katalon.core.webui.keyword.internal.WebUIKeywordMain.stepFailed(WebUIKeywordMain.groovy:64)
	at com.kms.katalon.core.webui.keyword.internal.WebUIKeywordMain$stepFailed$0.call(Unknown Source)
	at com.kms.katalon.core.webui.keyword.builtin.VerifyElementNotPresentKeyword$_verifyElementNotPresent_closure1.doCall(VerifyElementNotPresentKeyword.groovy:106)
	at com.kms.katalon.core.webui.keyword.builtin.VerifyElementNotPresentKeyword$_verifyElementNotPresent_closure1.doCall(VerifyElementNotPresentKeyword.groovy)
	at com.kms.katalon.core.webui.keyword.internal.WebUIKeywordMain.runKeyword(WebUIKeywordMain.groovy:20)
	at com.kms.katalon.core.webui.keyword.internal.WebUIKeywordMain$runKeyword.call(Unknown Source)
	at com.kms.katalon.core.webui.keyword.builtin.VerifyElementNotPresentKeyword.verifyElementNotPresent(VerifyElementNotPresentKeyword.groovy:117)
	at com.kms.katalon.core.webui.keyword.builtin.VerifyElementNotPresentKeyword.execute(VerifyElementNotPresentKeyword.groovy:68)
	at com.kms.katalon.core.keyword.internal.KeywordExecutor.executeKeywordForPlatform(KeywordExecutor.groovy:74)
	at com.kms.katalon.core.webui.keyword.WebUiBuiltInKeywords.verifyElementNotPresent(WebUiBuiltInKeywords.groovy:1481)
	at com.kms.katalon.core.webui.keyword.WebUiBuiltInKeywords$verifyElementNotPresent$8.call(Unknown Source)
	at GetBrokSumPriceDaily.run(GetBrokSumPriceDaily:258)
	at com.kms.katalon.core.main.ScriptEngine.run(ScriptEngine.java:194)
	at com.kms.katalon.core.main.ScriptEngine.runScriptAsRawText(ScriptEngine.java:119)
	at com.kms.katalon.core.main.TestCaseExecutor.runScript(TestCaseExecutor.java:445)
	at com.kms.katalon.core.main.TestCaseExecutor.doExecute(TestCaseExecutor.java:436)
	at com.kms.katalon.core.main.TestCaseExecutor.processExecutionPhase(TestCaseExecutor.java:415)
	at com.kms.katalon.core.main.TestCaseExecutor.accessMainPhase(TestCaseExecutor.java:407)
	at com.kms.katalon.core.main.TestCaseExecutor.execute(TestCaseExecutor.java:284)
	at com.kms.katalon.core.common.CommonExecutor.accessTestCaseMainPhase(CommonExecutor.java:65)
	at com.kms.katalon.core.main.TestSuiteExecutor.accessTestSuiteMainPhase(TestSuiteExecutor.java:144)
	at com.kms.katalon.core.main.TestSuiteExecutor.execute(TestSuiteExecutor.java:106)
	at com.kms.katalon.core.main.TestCaseMain.startTestSuite(TestCaseMain.java:185)
	at com.kms.katalon.core.main.TestCaseMain$startTestSuite$0.call(Unknown Source)
	at TempTestSuite1705920083951.run(TempTestSuite1705920083951.groovy:36)
)

2024-01-22 18:14:20 - [MESSAGE][WARNING] - Web element with id: 'Object Repository/Stockbit/Bandarmology_Buyer2' located by 'By.xpath: //*[contains(@id, 'rc-tabs-')]/div[2]/div/div/div/div/div/div[2]/table/tbody/tr[3]/td[1]/p' is present after '1' second(s) (Root cause: com.kms.katalon.core.exception.StepFailedException: Web element with id: 'Object Repository/Stockbit/Bandarmology_Buyer2' located by 'By.xpath: //*[contains(@id, 'rc-tabs-')]/div[2]/div/div/div/div/div/div[2]/table/tbody/tr[3]/td[1]/p' is present after '1' second(s)
	at com.kms.katalon.core.webui.keyword.internal.WebUIKeywordMain.stepFailed(WebUIKeywordMain.groovy:64)
	at com.kms.katalon.core.webui.keyword.internal.WebUIKeywordMain$stepFailed$0.call(Unknown Source)
	at com.kms.katalon.core.webui.keyword.builtin.VerifyElementNotPresentKeyword$_verifyElementNotPresent_closure1.doCall(VerifyElementNotPresentKeyword.groovy:106)
	at com.kms.katalon.core.webui.keyword.builtin.VerifyElementNotPresentKeyword$_verifyElementNotPresent_closure1.doCall(VerifyElementNotPresentKeyword.groovy)
	at com.kms.katalon.core.webui.keyword.internal.WebUIKeywordMain.runKeyword(WebUIKeywordMain.groovy:20)
	at com.kms.katalon.core.webui.keyword.internal.WebUIKeywordMain$runKeyword.call(Unknown Source)
	at com.kms.katalon.core.webui.keyword.builtin.VerifyElementNotPresentKeyword.verifyElementNotPresent(VerifyElementNotPresentKeyword.groovy:117)
	at com.kms.katalon.core.webui.keyword.builtin.VerifyElementNotPresentKeyword.execute(VerifyElementNotPresentKeyword.groovy:68)
	at com.kms.katalon.core.keyword.internal.KeywordExecutor.executeKeywordForPlatform(KeywordExecutor.groovy:74)
	at com.kms.katalon.core.webui.keyword.WebUiBuiltInKeywords.verifyElementNotPresent(WebUiBuiltInKeywords.groovy:1481)
	at com.kms.katalon.core.webui.keyword.WebUiBuiltInKeywords$verifyElementNotPresent$8.call(Unknown Source)
	at GetBrokSumPriceDaily.run(GetBrokSumPriceDaily:258)
	at com.kms.katalon.core.main.ScriptEngine.run(ScriptEngine.java:194)
	at com.kms.katalon.core.main.ScriptEngine.runScriptAsRawText(ScriptEngine.java:119)
	at com.kms.katalon.core.main.TestCaseExecutor.runScript(TestCaseExecutor.java:445)
	at com.kms.katalon.core.main.TestCaseExecutor.doExecute(TestCaseExecutor.java:436)
	at com.kms.katalon.core.main.TestCaseExecutor.processExecutionPhase(TestCaseExecutor.java:415)
	at com.kms.katalon.core.main.TestCaseExecutor.accessMainPhase(TestCaseExecutor.java:407)
	at com.kms.katalon.core.main.TestCaseExecutor.execute(TestCaseExecutor.java:284)
	at com.kms.katalon.core.common.CommonExecutor.accessTestCaseMainPhase(CommonExecutor.java:65)
	at com.kms.katalon.core.main.TestSuiteExecutor.accessTestSuiteMainPhase(TestSuiteExecutor.java:144)
	at com.kms.katalon.core.main.TestSuiteExecutor.execute(TestSuiteExecutor.java:106)
	at com.kms.katalon.core.main.TestCaseMain.startTestSuite(TestCaseMain.java:185)
	at com.kms.katalon.core.main.TestCaseMain$startTestSuite$0.call(Unknown Source)
	at TempTestSuite1705920083951.run(TempTestSuite1705920083951.groovy:36)
)
[[ATTACHMENT|C:\\Users\\Fadli\\git\\KatalonDailyGetData2\\Reports\\20240122_174123\\TS1\\20240122_174123\\1705922060119.png]]

2024-01-22 18:14:20 - [TEST_STEP][PASSED] - else: null

2024-01-22 18:14:20 - [TEST_STEP][PASSED] - strBuyer2 = getText(findTestObject("Stockbit/Bandarmology_Buyer2")): Text of object 'Object Repository/Stockbit/Bandarmology_Buyer2' is: 'XL'

2024-01-22 18:14:20 - [MESSAGE][PASSED] - Text of object 'Object Repository/Stockbit/Bandarmology_Buyer2' is: 'XL'

2024-01-22 18:14:20 - [TEST_STEP][PASSED] - strBuyerVol2 = getText(findTestObject("Stockbit/Bandarmology_BuyerVol2")): Text of object 'Object Repository/Stockbit/Bandarmology_BuyerVol2' is: '2.1 K'

2024-01-22 18:14:20 - [MESSAGE][PASSED] - Text of object 'Object Repository/Stockbit/Bandarmology_BuyerVol2' is: '2.1 K'

2024-01-22 18:14:20 - [TEST_STEP][PASSED] - strBuyerAvg2 = getText(findTestObject("Stockbit/Bandarmology_BuyerAvg2")): Text of object 'Object Repository/Stockbit/Bandarmology_BuyerAvg2' is: '555'

2024-01-22 18:14:20 - [MESSAGE][PASSED] - Text of object 'Object Repository/Stockbit/Bandarmology_BuyerAvg2' is: '555'

2024-01-22 18:14:20 - [TEST_STEP][PASSED] - if (strBuyer2 != ""): null

2024-01-22 18:14:20 - [TEST_STEP][PASSED] - if (strBuyerAvg2.contains(",")): null

2024-01-22 18:14:20 - [TEST_STEP][PASSED] - if (strBuyerVol2.contains(" B")): null

2024-01-22 18:14:20 - [TEST_STEP][PASSED] - else if (strBuyerVol2.contains(" M")): null

2024-01-22 18:14:20 - [TEST_STEP][PASSED] - else if (strBuyerVol2.contains(" K")): null

2024-01-22 18:14:20 - [TEST_STEP][PASSED] - strBuyerVol2 = strBuyerVol2.replace(" K", ""): null

2024-01-22 18:14:20 - [TEST_STEP][PASSED] - strBuyerVol2 = strBuyerVol2.toDouble() * 1000: null

2024-01-22 18:14:20 - [TEST_STEP][PASSED] - if (strBuyerVol2.contains(".")): null

2024-01-22 18:14:20 - [TEST_STEP][PASSED] - strBuyerVal2 = strBuyerVol2.replace(".", ""): null

2024-01-22 18:14:20 - [TEST_STEP][PASSED] - if (verifyElementNotPresent(findTestObject("Stockbit/Bandarmology_Seller2"), 1, OPTIONAL)): Web element with id: 'Object Repository/Stockbit/Bandarmology_Seller2' located by 'By.xpath: //*[contains(@id, 'rc-tabs-')]/div[2]/div/div/div/div/div/div[2]/table/tbody/tr[3]/td[5]/p' is present after '1' second(s) (Root cause: com.kms.katalon.core.exception.StepFailedException: Web element with id: 'Object Repository/Stockbit/Bandarmology_Seller2' located by 'By.xpath: //*[contains(@id, 'rc-tabs-')]/div[2]/div/div/div/div/div/div[2]/table/tbody/tr[3]/td[5]/p' is present after '1' second(s)
	at com.kms.katalon.core.webui.keyword.internal.WebUIKeywordMain.stepFailed(WebUIKeywordMain.groovy:64)
	at com.kms.katalon.core.webui.keyword.internal.WebUIKeywordMain$stepFailed$0.call(Unknown Source)
	at com.kms.katalon.core.webui.keyword.builtin.VerifyElementNotPresentKeyword$_verifyElementNotPresent_closure1.doCall(VerifyElementNotPresentKeyword.groovy:106)
	at com.kms.katalon.core.webui.keyword.builtin.VerifyElementNotPresentKeyword$_verifyElementNotPresent_closure1.doCall(VerifyElementNotPresentKeyword.groovy)
	at com.kms.katalon.core.webui.keyword.internal.WebUIKeywordMain.runKeyword(WebUIKeywordMain.groovy:20)
	at com.kms.katalon.core.webui.keyword.internal.WebUIKeywordMain$runKeyword.call(Unknown Source)
	at com.kms.katalon.core.webui.keyword.builtin.VerifyElementNotPresentKeyword.verifyElementNotPresent(VerifyElementNotPresentKeyword.groovy:117)
	at com.kms.katalon.core.webui.keyword.builtin.VerifyElementNotPresentKeyword.execute(VerifyElementNotPresentKeyword.groovy:68)
	at com.kms.katalon.core.keyword.internal.KeywordExecutor.executeKeywordForPlatform(KeywordExecutor.groovy:74)
	at com.kms.katalon.core.webui.keyword.WebUiBuiltInKeywords.verifyElementNotPresent(WebUiBuiltInKeywords.groovy:1481)
	at com.kms.katalon.core.webui.keyword.WebUiBuiltInKeywords$verifyElementNotPresent$8.call(Unknown Source)
	at GetBrokSumPriceDaily.run(GetBrokSumPriceDaily:309)
	at com.kms.katalon.core.main.ScriptEngine.run(ScriptEngine.java:194)
	at com.kms.katalon.core.main.ScriptEngine.runScriptAsRawText(ScriptEngine.java:119)
	at com.kms.katalon.core.main.TestCaseExecutor.runScript(TestCaseExecutor.java:445)
	at com.kms.katalon.core.main.TestCaseExecutor.doExecute(TestCaseExecutor.java:436)
	at com.kms.katalon.core.main.TestCaseExecutor.processExecutionPhase(TestCaseExecutor.java:415)
	at com.kms.katalon.core.main.TestCaseExecutor.accessMainPhase(TestCaseExecutor.java:407)
	at com.kms.katalon.core.main.TestCaseExecutor.execute(TestCaseExecutor.java:284)
	at com.kms.katalon.core.common.CommonExecutor.accessTestCaseMainPhase(CommonExecutor.java:65)
	at com.kms.katalon.core.main.TestSuiteExecutor.accessTestSuiteMainPhase(TestSuiteExecutor.java:144)
	at com.kms.katalon.core.main.TestSuiteExecutor.execute(TestSuiteExecutor.java:106)
	at com.kms.katalon.core.main.TestCaseMain.startTestSuite(TestCaseMain.java:185)
	at com.kms.katalon.core.main.TestCaseMain$startTestSuite$0.call(Unknown Source)
	at TempTestSuite1705920083951.run(TempTestSuite1705920083951.groovy:36)
)

2024-01-22 18:14:22 - [MESSAGE][WARNING] - Web element with id: 'Object Repository/Stockbit/Bandarmology_Seller2' located by 'By.xpath: //*[contains(@id, 'rc-tabs-')]/div[2]/div/div/div/div/div/div[2]/table/tbody/tr[3]/td[5]/p' is present after '1' second(s) (Root cause: com.kms.katalon.core.exception.StepFailedException: Web element with id: 'Object Repository/Stockbit/Bandarmology_Seller2' located by 'By.xpath: //*[contains(@id, 'rc-tabs-')]/div[2]/div/div/div/div/div/div[2]/table/tbody/tr[3]/td[5]/p' is present after '1' second(s)
	at com.kms.katalon.core.webui.keyword.internal.WebUIKeywordMain.stepFailed(WebUIKeywordMain.groovy:64)
	at com.kms.katalon.core.webui.keyword.internal.WebUIKeywordMain$stepFailed$0.call(Unknown Source)
	at com.kms.katalon.core.webui.keyword.builtin.VerifyElementNotPresentKeyword$_verifyElementNotPresent_closure1.doCall(VerifyElementNotPresentKeyword.groovy:106)
	at com.kms.katalon.core.webui.keyword.builtin.VerifyElementNotPresentKeyword$_verifyElementNotPresent_closure1.doCall(VerifyElementNotPresentKeyword.groovy)
	at com.kms.katalon.core.webui.keyword.internal.WebUIKeywordMain.runKeyword(WebUIKeywordMain.groovy:20)
	at com.kms.katalon.core.webui.keyword.internal.WebUIKeywordMain$runKeyword.call(Unknown Source)
	at com.kms.katalon.core.webui.keyword.builtin.VerifyElementNotPresentKeyword.verifyElementNotPresent(VerifyElementNotPresentKeyword.groovy:117)
	at com.kms.katalon.core.webui.keyword.builtin.VerifyElementNotPresentKeyword.execute(VerifyElementNotPresentKeyword.groovy:68)
	at com.kms.katalon.core.keyword.internal.KeywordExecutor.executeKeywordForPlatform(KeywordExecutor.groovy:74)
	at com.kms.katalon.core.webui.keyword.WebUiBuiltInKeywords.verifyElementNotPresent(WebUiBuiltInKeywords.groovy:1481)
	at com.kms.katalon.core.webui.keyword.WebUiBuiltInKeywords$verifyElementNotPresent$8.call(Unknown Source)
	at GetBrokSumPriceDaily.run(GetBrokSumPriceDaily:309)
	at com.kms.katalon.core.main.ScriptEngine.run(ScriptEngine.java:194)
	at com.kms.katalon.core.main.ScriptEngine.runScriptAsRawText(ScriptEngine.java:119)
	at com.kms.katalon.core.main.TestCaseExecutor.runScript(TestCaseExecutor.java:445)
	at com.kms.katalon.core.main.TestCaseExecutor.doExecute(TestCaseExecutor.java:436)
	at com.kms.katalon.core.main.TestCaseExecutor.processExecutionPhase(TestCaseExecutor.java:415)
	at com.kms.katalon.core.main.TestCaseExecutor.accessMainPhase(TestCaseExecutor.java:407)
	at com.kms.katalon.core.main.TestCaseExecutor.execute(TestCaseExecutor.java:284)
	at com.kms.katalon.core.common.CommonExecutor.accessTestCaseMainPhase(CommonExecutor.java:65)
	at com.kms.katalon.core.main.TestSuiteExecutor.accessTestSuiteMainPhase(TestSuiteExecutor.java:144)
	at com.kms.katalon.core.main.TestSuiteExecutor.execute(TestSuiteExecutor.java:106)
	at com.kms.katalon.core.main.TestCaseMain.startTestSuite(TestCaseMain.java:185)
	at com.kms.katalon.core.main.TestCaseMain$startTestSuite$0.call(Unknown Source)
	at TempTestSuite1705920083951.run(TempTestSuite1705920083951.groovy:36)
)
[[ATTACHMENT|C:\\Users\\Fadli\\git\\KatalonDailyGetData2\\Reports\\20240122_174123\\TS1\\20240122_174123\\1705922062063.png]]

2024-01-22 18:14:22 - [TEST_STEP][PASSED] - else: null

2024-01-22 18:14:22 - [TEST_STEP][PASSED] - strSeller2 = getText(findTestObject("Stockbit/Bandarmology_Seller2")): Text of object 'Object Repository/Stockbit/Bandarmology_Seller2' is: 'IF'

2024-01-22 18:14:22 - [MESSAGE][PASSED] - Text of object 'Object Repository/Stockbit/Bandarmology_Seller2' is: 'IF'

2024-01-22 18:14:22 - [TEST_STEP][PASSED] - strSellerVol2 = getText(findTestObject("Stockbit/Bandarmology_SellerVol2")): Text of object 'Object Repository/Stockbit/Bandarmology_SellerVol2' is: '3 K'

2024-01-22 18:14:22 - [MESSAGE][PASSED] - Text of object 'Object Repository/Stockbit/Bandarmology_SellerVol2' is: '3 K'

2024-01-22 18:14:22 - [TEST_STEP][PASSED] - strSellerAvg2 = getText(findTestObject("Stockbit/Bandarmology_SellerAvg2")): Text of object 'Object Repository/Stockbit/Bandarmology_SellerAvg2' is: '550'

2024-01-22 18:14:22 - [MESSAGE][PASSED] - Text of object 'Object Repository/Stockbit/Bandarmology_SellerAvg2' is: '550'

2024-01-22 18:14:22 - [TEST_STEP][PASSED] - if (strSeller2 != ""): null

2024-01-22 18:14:22 - [TEST_STEP][PASSED] - if (strSellerAvg2.contains(",")): null

2024-01-22 18:14:22 - [TEST_STEP][PASSED] - if (strSellerVol2.contains(" B")): null

2024-01-22 18:14:22 - [TEST_STEP][PASSED] - else if (strSellerVol2.contains(" M")): null

2024-01-22 18:14:22 - [TEST_STEP][PASSED] - else if (strSellerVol2.contains(" K")): null

2024-01-22 18:14:22 - [TEST_STEP][PASSED] - strSellerVol2 = strSellerVol2.replace(" K", ""): null

2024-01-22 18:14:22 - [TEST_STEP][PASSED] - strSellerVol2 = strSellerVol2.toDouble() * 1000: null

2024-01-22 18:14:22 - [TEST_STEP][PASSED] - if (verifyElementNotPresent(findTestObject("Stockbit/Bandarmology_Buyer3"), 1, OPTIONAL)): Web element with id: 'Object Repository/Stockbit/Bandarmology_Buyer3' located by 'By.xpath: //*[contains(@id, 'rc-tabs-')]/div[2]/div/div/div/div/div/div[2]/table/tbody/tr[4]/td[1]/p' is present after '1' second(s) (Root cause: com.kms.katalon.core.exception.StepFailedException: Web element with id: 'Object Repository/Stockbit/Bandarmology_Buyer3' located by 'By.xpath: //*[contains(@id, 'rc-tabs-')]/div[2]/div/div/div/div/div/div[2]/table/tbody/tr[4]/td[1]/p' is present after '1' second(s)
	at com.kms.katalon.core.webui.keyword.internal.WebUIKeywordMain.stepFailed(WebUIKeywordMain.groovy:64)
	at com.kms.katalon.core.webui.keyword.internal.WebUIKeywordMain$stepFailed$0.call(Unknown Source)
	at com.kms.katalon.core.webui.keyword.builtin.VerifyElementNotPresentKeyword$_verifyElementNotPresent_closure1.doCall(VerifyElementNotPresentKeyword.groovy:106)
	at com.kms.katalon.core.webui.keyword.builtin.VerifyElementNotPresentKeyword$_verifyElementNotPresent_closure1.doCall(VerifyElementNotPresentKeyword.groovy)
	at com.kms.katalon.core.webui.keyword.internal.WebUIKeywordMain.runKeyword(WebUIKeywordMain.groovy:20)
	at com.kms.katalon.core.webui.keyword.internal.WebUIKeywordMain$runKeyword.call(Unknown Source)
	at com.kms.katalon.core.webui.keyword.builtin.VerifyElementNotPresentKeyword.verifyElementNotPresent(VerifyElementNotPresentKeyword.groovy:117)
	at com.kms.katalon.core.webui.keyword.builtin.VerifyElementNotPresentKeyword.execute(VerifyElementNotPresentKeyword.groovy:68)
	at com.kms.katalon.core.keyword.internal.KeywordExecutor.executeKeywordForPlatform(KeywordExecutor.groovy:74)
	at com.kms.katalon.core.webui.keyword.WebUiBuiltInKeywords.verifyElementNotPresent(WebUiBuiltInKeywords.groovy:1481)
	at com.kms.katalon.core.webui.keyword.WebUiBuiltInKeywords$verifyElementNotPresent$8.call(Unknown Source)
	at GetBrokSumPriceDaily.run(GetBrokSumPriceDaily:361)
	at com.kms.katalon.core.main.ScriptEngine.run(ScriptEngine.java:194)
	at com.kms.katalon.core.main.ScriptEngine.runScriptAsRawText(ScriptEngine.java:119)
	at com.kms.katalon.core.main.TestCaseExecutor.runScript(TestCaseExecutor.java:445)
	at com.kms.katalon.core.main.TestCaseExecutor.doExecute(TestCaseExecutor.java:436)
	at com.kms.katalon.core.main.TestCaseExecutor.processExecutionPhase(TestCaseExecutor.java:415)
	at com.kms.katalon.core.main.TestCaseExecutor.accessMainPhase(TestCaseExecutor.java:407)
	at com.kms.katalon.core.main.TestCaseExecutor.execute(TestCaseExecutor.java:284)
	at com.kms.katalon.core.common.CommonExecutor.accessTestCaseMainPhase(CommonExecutor.java:65)
	at com.kms.katalon.core.main.TestSuiteExecutor.accessTestSuiteMainPhase(TestSuiteExecutor.java:144)
	at com.kms.katalon.core.main.TestSuiteExecutor.execute(TestSuiteExecutor.java:106)
	at com.kms.katalon.core.main.TestCaseMain.startTestSuite(TestCaseMain.java:185)
	at com.kms.katalon.core.main.TestCaseMain$startTestSuite$0.call(Unknown Source)
	at TempTestSuite1705920083951.run(TempTestSuite1705920083951.groovy:36)
)

2024-01-22 18:14:24 - [MESSAGE][WARNING] - Web element with id: 'Object Repository/Stockbit/Bandarmology_Buyer3' located by 'By.xpath: //*[contains(@id, 'rc-tabs-')]/div[2]/div/div/div/div/div/div[2]/table/tbody/tr[4]/td[1]/p' is present after '1' second(s) (Root cause: com.kms.katalon.core.exception.StepFailedException: Web element with id: 'Object Repository/Stockbit/Bandarmology_Buyer3' located by 'By.xpath: //*[contains(@id, 'rc-tabs-')]/div[2]/div/div/div/div/div/div[2]/table/tbody/tr[4]/td[1]/p' is present after '1' second(s)
	at com.kms.katalon.core.webui.keyword.internal.WebUIKeywordMain.stepFailed(WebUIKeywordMain.groovy:64)
	at com.kms.katalon.core.webui.keyword.internal.WebUIKeywordMain$stepFailed$0.call(Unknown Source)
	at com.kms.katalon.core.webui.keyword.builtin.VerifyElementNotPresentKeyword$_verifyElementNotPresent_closure1.doCall(VerifyElementNotPresentKeyword.groovy:106)
	at com.kms.katalon.core.webui.keyword.builtin.VerifyElementNotPresentKeyword$_verifyElementNotPresent_closure1.doCall(VerifyElementNotPresentKeyword.groovy)
	at com.kms.katalon.core.webui.keyword.internal.WebUIKeywordMain.runKeyword(WebUIKeywordMain.groovy:20)
	at com.kms.katalon.core.webui.keyword.internal.WebUIKeywordMain$runKeyword.call(Unknown Source)
	at com.kms.katalon.core.webui.keyword.builtin.VerifyElementNotPresentKeyword.verifyElementNotPresent(VerifyElementNotPresentKeyword.groovy:117)
	at com.kms.katalon.core.webui.keyword.builtin.VerifyElementNotPresentKeyword.execute(VerifyElementNotPresentKeyword.groovy:68)
	at com.kms.katalon.core.keyword.internal.KeywordExecutor.executeKeywordForPlatform(KeywordExecutor.groovy:74)
	at com.kms.katalon.core.webui.keyword.WebUiBuiltInKeywords.verifyElementNotPresent(WebUiBuiltInKeywords.groovy:1481)
	at com.kms.katalon.core.webui.keyword.WebUiBuiltInKeywords$verifyElementNotPresent$8.call(Unknown Source)
	at GetBrokSumPriceDaily.run(GetBrokSumPriceDaily:361)
	at com.kms.katalon.core.main.ScriptEngine.run(ScriptEngine.java:194)
	at com.kms.katalon.core.main.ScriptEngine.runScriptAsRawText(ScriptEngine.java:119)
	at com.kms.katalon.core.main.TestCaseExecutor.runScript(TestCaseExecutor.java:445)
	at com.kms.katalon.core.main.TestCaseExecutor.doExecute(TestCaseExecutor.java:436)
	at com.kms.katalon.core.main.TestCaseExecutor.processExecutionPhase(TestCaseExecutor.java:415)
	at com.kms.katalon.core.main.TestCaseExecutor.accessMainPhase(TestCaseExecutor.java:407)
	at com.kms.katalon.core.main.TestCaseExecutor.execute(TestCaseExecutor.java:284)
	at com.kms.katalon.core.common.CommonExecutor.accessTestCaseMainPhase(CommonExecutor.java:65)
	at com.kms.katalon.core.main.TestSuiteExecutor.accessTestSuiteMainPhase(TestSuiteExecutor.java:144)
	at com.kms.katalon.core.main.TestSuiteExecutor.execute(TestSuiteExecutor.java:106)
	at com.kms.katalon.core.main.TestCaseMain.startTestSuite(TestCaseMain.java:185)
	at com.kms.katalon.core.main.TestCaseMain$startTestSuite$0.call(Unknown Source)
	at TempTestSuite1705920083951.run(TempTestSuite1705920083951.groovy:36)
)
[[ATTACHMENT|C:\\Users\\Fadli\\git\\KatalonDailyGetData2\\Reports\\20240122_174123\\TS1\\20240122_174123\\1705922063952.png]]

2024-01-22 18:14:24 - [TEST_STEP][PASSED] - else: null

2024-01-22 18:14:24 - [TEST_STEP][PASSED] - strBuyer3 = getText(findTestObject("Stockbit/Bandarmology_Buyer3")): Text of object 'Object Repository/Stockbit/Bandarmology_Buyer3' is: 'ZP'

2024-01-22 18:14:24 - [MESSAGE][PASSED] - Text of object 'Object Repository/Stockbit/Bandarmology_Buyer3' is: 'ZP'

2024-01-22 18:14:24 - [TEST_STEP][PASSED] - strBuyerVol3 = getText(findTestObject("Stockbit/Bandarmology_BuyerVol3")): Text of object 'Object Repository/Stockbit/Bandarmology_BuyerVol3' is: '2 K'

2024-01-22 18:14:24 - [MESSAGE][PASSED] - Text of object 'Object Repository/Stockbit/Bandarmology_BuyerVol3' is: '2 K'

2024-01-22 18:14:24 - [TEST_STEP][PASSED] - strBuyerAvg3 = getText(findTestObject("Stockbit/Bandarmology_BuyerAvg3")): Text of object 'Object Repository/Stockbit/Bandarmology_BuyerAvg3' is: '551'

2024-01-22 18:14:24 - [MESSAGE][PASSED] - Text of object 'Object Repository/Stockbit/Bandarmology_BuyerAvg3' is: '551'

2024-01-22 18:14:24 - [TEST_STEP][PASSED] - if (strBuyer3 != ""): null

2024-01-22 18:14:24 - [TEST_STEP][PASSED] - if (strBuyerAvg3.contains(",")): null

2024-01-22 18:14:24 - [TEST_STEP][PASSED] - if (strBuyerVol3.contains(" B")): null

2024-01-22 18:14:24 - [TEST_STEP][PASSED] - else if (strBuyerVol3.contains(" M")): null

2024-01-22 18:14:24 - [TEST_STEP][PASSED] - else if (strBuyerVol3.contains(" K")): null

2024-01-22 18:14:24 - [TEST_STEP][PASSED] - strBuyerVol3 = strBuyerVol3.replace(" K", ""): null

2024-01-22 18:14:24 - [TEST_STEP][PASSED] - strBuyerVol3 = strBuyerVol3.toDouble() * 1000: null

2024-01-22 18:14:24 - [TEST_STEP][PASSED] - if (verifyElementNotPresent(findTestObject("Stockbit/Bandarmology_Seller3"), 1, OPTIONAL)): Web element with id: 'Object Repository/Stockbit/Bandarmology_Seller3' located by 'By.xpath: //*[contains(@id, 'rc-tabs-')]/div[2]/div/div/div/div/div/div[2]/table/tbody/tr[4]/td[5]/p' is present after '1' second(s) (Root cause: com.kms.katalon.core.exception.StepFailedException: Web element with id: 'Object Repository/Stockbit/Bandarmology_Seller3' located by 'By.xpath: //*[contains(@id, 'rc-tabs-')]/div[2]/div/div/div/div/div/div[2]/table/tbody/tr[4]/td[5]/p' is present after '1' second(s)
	at com.kms.katalon.core.webui.keyword.internal.WebUIKeywordMain.stepFailed(WebUIKeywordMain.groovy:64)
	at com.kms.katalon.core.webui.keyword.internal.WebUIKeywordMain$stepFailed$0.call(Unknown Source)
	at com.kms.katalon.core.webui.keyword.builtin.VerifyElementNotPresentKeyword$_verifyElementNotPresent_closure1.doCall(VerifyElementNotPresentKeyword.groovy:106)
	at com.kms.katalon.core.webui.keyword.builtin.VerifyElementNotPresentKeyword$_verifyElementNotPresent_closure1.doCall(VerifyElementNotPresentKeyword.groovy)
	at com.kms.katalon.core.webui.keyword.internal.WebUIKeywordMain.runKeyword(WebUIKeywordMain.groovy:20)
	at com.kms.katalon.core.webui.keyword.internal.WebUIKeywordMain$runKeyword.call(Unknown Source)
	at com.kms.katalon.core.webui.keyword.builtin.VerifyElementNotPresentKeyword.verifyElementNotPresent(VerifyElementNotPresentKeyword.groovy:117)
	at com.kms.katalon.core.webui.keyword.builtin.VerifyElementNotPresentKeyword.execute(VerifyElementNotPresentKeyword.groovy:68)
	at com.kms.katalon.core.keyword.internal.KeywordExecutor.executeKeywordForPlatform(KeywordExecutor.groovy:74)
	at com.kms.katalon.core.webui.keyword.WebUiBuiltInKeywords.verifyElementNotPresent(WebUiBuiltInKeywords.groovy:1481)
	at com.kms.katalon.core.webui.keyword.WebUiBuiltInKeywords$verifyElementNotPresent$8.call(Unknown Source)
	at GetBrokSumPriceDaily.run(GetBrokSumPriceDaily:414)
	at com.kms.katalon.core.main.ScriptEngine.run(ScriptEngine.java:194)
	at com.kms.katalon.core.main.ScriptEngine.runScriptAsRawText(ScriptEngine.java:119)
	at com.kms.katalon.core.main.TestCaseExecutor.runScript(TestCaseExecutor.java:445)
	at com.kms.katalon.core.main.TestCaseExecutor.doExecute(TestCaseExecutor.java:436)
	at com.kms.katalon.core.main.TestCaseExecutor.processExecutionPhase(TestCaseExecutor.java:415)
	at com.kms.katalon.core.main.TestCaseExecutor.accessMainPhase(TestCaseExecutor.java:407)
	at com.kms.katalon.core.main.TestCaseExecutor.execute(TestCaseExecutor.java:284)
	at com.kms.katalon.core.common.CommonExecutor.accessTestCaseMainPhase(CommonExecutor.java:65)
	at com.kms.katalon.core.main.TestSuiteExecutor.accessTestSuiteMainPhase(TestSuiteExecutor.java:144)
	at com.kms.katalon.core.main.TestSuiteExecutor.execute(TestSuiteExecutor.java:106)
	at com.kms.katalon.core.main.TestCaseMain.startTestSuite(TestCaseMain.java:185)
	at com.kms.katalon.core.main.TestCaseMain$startTestSuite$0.call(Unknown Source)
	at TempTestSuite1705920083951.run(TempTestSuite1705920083951.groovy:36)
)

2024-01-22 18:14:26 - [MESSAGE][WARNING] - Web element with id: 'Object Repository/Stockbit/Bandarmology_Seller3' located by 'By.xpath: //*[contains(@id, 'rc-tabs-')]/div[2]/div/div/div/div/div/div[2]/table/tbody/tr[4]/td[5]/p' is present after '1' second(s) (Root cause: com.kms.katalon.core.exception.StepFailedException: Web element with id: 'Object Repository/Stockbit/Bandarmology_Seller3' located by 'By.xpath: //*[contains(@id, 'rc-tabs-')]/div[2]/div/div/div/div/div/div[2]/table/tbody/tr[4]/td[5]/p' is present after '1' second(s)
	at com.kms.katalon.core.webui.keyword.internal.WebUIKeywordMain.stepFailed(WebUIKeywordMain.groovy:64)
	at com.kms.katalon.core.webui.keyword.internal.WebUIKeywordMain$stepFailed$0.call(Unknown Source)
	at com.kms.katalon.core.webui.keyword.builtin.VerifyElementNotPresentKeyword$_verifyElementNotPresent_closure1.doCall(VerifyElementNotPresentKeyword.groovy:106)
	at com.kms.katalon.core.webui.keyword.builtin.VerifyElementNotPresentKeyword$_verifyElementNotPresent_closure1.doCall(VerifyElementNotPresentKeyword.groovy)
	at com.kms.katalon.core.webui.keyword.internal.WebUIKeywordMain.runKeyword(WebUIKeywordMain.groovy:20)
	at com.kms.katalon.core.webui.keyword.internal.WebUIKeywordMain$runKeyword.call(Unknown Source)
	at com.kms.katalon.core.webui.keyword.builtin.VerifyElementNotPresentKeyword.verifyElementNotPresent(VerifyElementNotPresentKeyword.groovy:117)
	at com.kms.katalon.core.webui.keyword.builtin.VerifyElementNotPresentKeyword.execute(VerifyElementNotPresentKeyword.groovy:68)
	at com.kms.katalon.core.keyword.internal.KeywordExecutor.executeKeywordForPlatform(KeywordExecutor.groovy:74)
	at com.kms.katalon.core.webui.keyword.WebUiBuiltInKeywords.verifyElementNotPresent(WebUiBuiltInKeywords.groovy:1481)
	at com.kms.katalon.core.webui.keyword.WebUiBuiltInKeywords$verifyElementNotPresent$8.call(Unknown Source)
	at GetBrokSumPriceDaily.run(GetBrokSumPriceDaily:414)
	at com.kms.katalon.core.main.ScriptEngine.run(ScriptEngine.java:194)
	at com.kms.katalon.core.main.ScriptEngine.runScriptAsRawText(ScriptEngine.java:119)
	at com.kms.katalon.core.main.TestCaseExecutor.runScript(TestCaseExecutor.java:445)
	at com.kms.katalon.core.main.TestCaseExecutor.doExecute(TestCaseExecutor.java:436)
	at com.kms.katalon.core.main.TestCaseExecutor.processExecutionPhase(TestCaseExecutor.java:415)
	at com.kms.katalon.core.main.TestCaseExecutor.accessMainPhase(TestCaseExecutor.java:407)
	at com.kms.katalon.core.main.TestCaseExecutor.execute(TestCaseExecutor.java:284)
	at com.kms.katalon.core.common.CommonExecutor.accessTestCaseMainPhase(CommonExecutor.java:65)
	at com.kms.katalon.core.main.TestSuiteExecutor.accessTestSuiteMainPhase(TestSuiteExecutor.java:144)
	at com.kms.katalon.core.main.TestSuiteExecutor.execute(TestSuiteExecutor.java:106)
	at com.kms.katalon.core.main.TestCaseMain.startTestSuite(TestCaseMain.java:185)
	at com.kms.katalon.core.main.TestCaseMain$startTestSuite$0.call(Unknown Source)
	at TempTestSuite1705920083951.run(TempTestSuite1705920083951.groovy:36)
)
[[ATTACHMENT|C:\\Users\\Fadli\\git\\KatalonDailyGetData2\\Reports\\20240122_174123\\TS1\\20240122_174123\\1705922065901.png]]

2024-01-22 18:14:26 - [TEST_STEP][PASSED] - else: null

2024-01-22 18:14:26 - [TEST_STEP][PASSED] - strSeller3 = getText(findTestObject("Stockbit/Bandarmology_Seller3")): Text of object 'Object Repository/Stockbit/Bandarmology_Seller3' is: 'CC'

2024-01-22 18:14:26 - [MESSAGE][PASSED] - Text of object 'Object Repository/Stockbit/Bandarmology_Seller3' is: 'CC'

2024-01-22 18:14:26 - [TEST_STEP][PASSED] - strSellerVol3 = getText(findTestObject("Stockbit/Bandarmology_SellerVol3")): Text of object 'Object Repository/Stockbit/Bandarmology_SellerVol3' is: '1.7 K'

2024-01-22 18:14:26 - [MESSAGE][PASSED] - Text of object 'Object Repository/Stockbit/Bandarmology_SellerVol3' is: '1.7 K'

2024-01-22 18:14:26 - [TEST_STEP][PASSED] - strSellerAvg3 = getText(findTestObject("Stockbit/Bandarmology_SellerAvg3")): Text of object 'Object Repository/Stockbit/Bandarmology_SellerAvg3' is: '555'

2024-01-22 18:14:26 - [MESSAGE][PASSED] - Text of object 'Object Repository/Stockbit/Bandarmology_SellerAvg3' is: '555'

2024-01-22 18:14:26 - [TEST_STEP][PASSED] - if (strSeller3 != ""): null

2024-01-22 18:14:26 - [TEST_STEP][PASSED] - if (strSellerAvg3.contains(",")): null

2024-01-22 18:14:26 - [TEST_STEP][PASSED] - if (strSellerVol3.contains(" B")): null

2024-01-22 18:14:26 - [TEST_STEP][PASSED] - else if (strSellerVol3.contains(" M")): null

2024-01-22 18:14:26 - [TEST_STEP][PASSED] - else if (strSellerVol3.contains(" K")): null

2024-01-22 18:14:26 - [TEST_STEP][PASSED] - strSellerVol3 = strSellerVol3.replace(" K", ""): null

2024-01-22 18:14:26 - [TEST_STEP][PASSED] - strSellerVol3 = strSellerVol3.toDouble() * 1000: null

2024-01-22 18:14:26 - [TEST_STEP][PASSED] - strAccDist = getText(findTestObject("Stockbit/Bandarmology_AccDist")): Text of object 'Object Repository/Stockbit/Bandarmology_AccDist' is: 'Dist'

2024-01-22 18:14:26 - [MESSAGE][PASSED] - Text of object 'Object Repository/Stockbit/Bandarmology_AccDist' is: 'Dist'

2024-01-22 18:14:26 - [TEST_STEP][PASSED] - strNetVol = getText(findTestObject("Stockbit/Bandarmology_NetVol")): Text of object 'Object Repository/Stockbit/Bandarmology_NetVol' is: '14,233'

2024-01-22 18:14:26 - [MESSAGE][PASSED] - Text of object 'Object Repository/Stockbit/Bandarmology_NetVol' is: '14,233'

2024-01-22 18:14:26 - [TEST_STEP][PASSED] - strNetVol = strNetVol.replace(",", ""): null

2024-01-22 18:14:26 - [TEST_STEP][PASSED] - strNetVal = getText(findTestObject("Stockbit/Bandarmology_NetVal")): Text of object 'Object Repository/Stockbit/Bandarmology_NetVal' is: '0.8 B'

2024-01-22 18:14:27 - [MESSAGE][PASSED] - Text of object 'Object Repository/Stockbit/Bandarmology_NetVal' is: '0.8 B'

2024-01-22 18:14:27 - [TEST_STEP][PASSED] - delay(3): Delayed 3 second(s)

2024-01-22 18:14:30 - [MESSAGE][PASSED] - Delayed 3 second(s)

2024-01-22 18:14:30 - [TEST_STEP][PASSED] - strOpenPrice = getText(findTestObject("Stockbit/Home_OpenPrice")): Text of object 'Object Repository/Stockbit/Home_OpenPrice' is: '560'

2024-01-22 18:14:30 - [MESSAGE][PASSED] - Text of object 'Object Repository/Stockbit/Home_OpenPrice' is: '560'

2024-01-22 18:14:30 - [TEST_STEP][PASSED] - strOpenPrice = strOpenPrice.replace(",", ""): null

2024-01-22 18:14:30 - [TEST_STEP][PASSED] - strLowPrice = getText(findTestObject("Stockbit/Home_LowPrice")): Text of object 'Object Repository/Stockbit/Home_LowPrice' is: '550'

2024-01-22 18:14:30 - [MESSAGE][PASSED] - Text of object 'Object Repository/Stockbit/Home_LowPrice' is: '550'

2024-01-22 18:14:30 - [TEST_STEP][PASSED] - strLowPrice = strLowPrice.replace(",", ""): null

2024-01-22 18:14:30 - [TEST_STEP][PASSED] - strHighPrice = getText(findTestObject("Stockbit/Home_HighPrice")): Text of object 'Object Repository/Stockbit/Home_HighPrice' is: '560'

2024-01-22 18:14:30 - [MESSAGE][PASSED] - Text of object 'Object Repository/Stockbit/Home_HighPrice' is: '560'

2024-01-22 18:14:30 - [TEST_STEP][PASSED] - strHighPrice = strHighPrice.replace(",", ""): null

2024-01-22 18:14:30 - [TEST_STEP][PASSED] - strClosePrice = getText(findTestObject("Stockbit/Home_ClosePrice")): Text of object 'Object Repository/Stockbit/Home_ClosePrice' is: '550'

2024-01-22 18:14:30 - [MESSAGE][PASSED] - Text of object 'Object Repository/Stockbit/Home_ClosePrice' is: '550'

2024-01-22 18:14:30 - [TEST_STEP][PASSED] - strClosePrice = strClosePrice.replace(",", ""): null

2024-01-22 18:14:30 - [TEST_STEP][PASSED] - strVol = getText(findTestObject("Stockbit/Home_Volume")): Text of object 'Object Repository/Stockbit/Home_Volume' is: '20 K'

2024-01-22 18:14:30 - [MESSAGE][PASSED] - Text of object 'Object Repository/Stockbit/Home_Volume' is: '20 K'

2024-01-22 18:14:30 - [TEST_STEP][PASSED] - if (strVol.contains(" K")): null

2024-01-22 18:14:30 - [TEST_STEP][PASSED] - strVol = strVol.replace(" K", "000"): null

2024-01-22 18:14:30 - [TEST_STEP][PASSED] - if (strVol.contains(",")): null

2024-01-22 18:14:30 - [TEST_STEP][PASSED] - strChange = getText(findTestObject("Stockbit/Home_Change")): Text of object 'Object Repository/Stockbit/Home_Change' is: '-1.79%'

2024-01-22 18:14:31 - [MESSAGE][PASSED] - Text of object 'Object Repository/Stockbit/Home_Change' is: '-1.79%'

2024-01-22 18:14:31 - [TEST_STEP][PASSED] - strChange = strChange.replace("%", ""): null

2024-01-22 18:14:31 - [TEST_STEP][PASSED] - strFreq = getText(findTestObject("Stockbit/Home_Freq")): Text of object 'Object Repository/Stockbit/Home_Freq' is: '307'

2024-01-22 18:14:31 - [MESSAGE][PASSED] - Text of object 'Object Repository/Stockbit/Home_Freq' is: '307'

2024-01-22 18:14:31 - [TEST_STEP][PASSED] - if (strFreq.contains(",")): null

2024-01-22 18:14:31 - [TEST_STEP][PASSED] - if (strFreq == "NA" || strFreq == ""): null

2024-01-22 18:14:31 - [TEST_STEP][PASSED] - else: null

2024-01-22 18:14:31 - [TEST_STEP][PASSED] - dblFreqAnal = strVol.toDouble() / strFreq.toDouble() * strFreq.toDouble() * strFreq.toDouble() * 100000000: null

2024-01-22 18:14:31 - [TEST_STEP][PASSED] - strFreqAnal = String.format("%.4f", dblFreqAnal): null

2024-01-22 18:14:31 - [TEST_STEP][PASSED] - out.println("Double strFreqAnal: " + strFreqAnal): null

2024-01-22 18:14:31 - [TEST_STEP][PASSED] - strTanggal = d.format(DateTimeFormatter.ofPattern("yyyy-MM-dd")): null

2024-01-22 18:14:31 - [TEST_STEP][PASSED] - strTanggal = "#" + strTanggal + "#": null

2024-01-22 18:14:31 - [TEST_STEP][PASSED] - strSQL = "select count(*) as JumBaris from TblBrokSum where Nama = '" + strNama + "' and Tanggal = " + strTanggal + "": null

2024-01-22 18:14:31 - [TEST_STEP][PASSED] - resultSet = statement.executeQuery(strSQL): null

2024-01-22 18:14:31 - [TEST_STEP][PASSED] - resultSet.next(): null

2024-01-22 18:14:31 - [TEST_STEP][PASSED] - intJumBaris = resultSet.getInt("JumBaris"): null

2024-01-22 18:14:31 - [TEST_STEP][PASSED] - if (intJumBaris > 0): null

2024-01-22 18:14:31 - [TEST_STEP][PASSED] - else: null

2024-01-22 18:14:31 - [TEST_STEP][PASSED] - try: null

2024-01-22 18:14:31 - [TEST_STEP][PASSED] - out.println("Insert data"): null

2024-01-22 18:14:31 - [TEST_STEP][PASSED] - strSQL = "insert into TblBrokSum (nama, tanggal, top1, top2, top3, AllBrokAvg, AccDist, AvgRP, " + "Buyer1, BuyerVal1, BuyerAvg1, Seller1, SellerVal1, SellerAvg1, Buyer2, BuyerVal2, BuyerAvg2, " + "Seller2, SellerVal2, SellerAvg2, Buyer3, BuyerVal3, BuyerAvg3, Seller3, SellerVal3, SellerAvg3, NetVol, NetVal, " + "OpenPrice, LowPrice, HighPrice, ClosePrice, Volume, Change, Frekuensi, FrekAnal) " + "values ('" + strNama + "', " + strTanggal + ", '" + strTop1 + "', '" + strTop3 + "', '" + strTop5 + "', " + "'" + strAllBrokAvg + "', '" + strAccDist + "', " + intAvgRP + ", '" + strBuyer1 + "', '" + strBuyerVol1 + "', " + strBuyerAvg1 + ", " + "'" + strSeller1 + "', '" + strSellerVol1 + "', " + strSellerAvg1 + ", '" + strBuyer2 + "', '" + strBuyerVol2 + "', " + strBuyerAvg2 + ", " + "'" + strSeller2 + "', '" + strSellerVol2 + "', " + strSellerAvg2 + ", '" + strBuyer3 + "', '" + strBuyerVol3 + "', " + strBuyerAvg3 + ", " + "'" + strSeller3 + "', '" + strSellerVol3 + "', " + strSellerAvg3 + ", " + strNetVol + ", '" + strNetVal + "', " + "" + strOpenPrice + ", " + strLowPrice + ", " + strHighPrice + ", " + strClosePrice + ", '" + strVol + "', " + strChange + ", " + strFreq + ", " + strFreqAnal + ");": null

2024-01-22 18:14:31 - [TEST_STEP][PASSED] - out.println("strSQL = " + strSQL): null

2024-01-22 18:14:31 - [TEST_STEP][PASSED] - statement.executeUpdate(strSQL): null

2024-01-22 18:14:31 - [TEST_STEP][PASSED] - setValueToCellByIndex(sheet01, rowIndex, 4, "DONE"): null

2024-01-22 18:14:31 - [TEST_STEP][PASSED] - saveWorkbook(excelFilePath, workbook01): null

2024-01-22 18:14:31 - [TEST_STEP][PASSED] - waitForElementClickable(findTestObject("Stockbit/menu_Bandarmology"), 10): Object 'Object Repository/Stockbit/menu_Bandarmology' is clickable

2024-01-22 18:14:31 - [MESSAGE][PASSED] - Object 'Object Repository/Stockbit/menu_Bandarmology' is clickable

2024-01-22 18:14:31 - [TEST_STEP][PASSED] - click(findTestObject("Stockbit/menu_Bandarmology")): Object: 'Object Repository/Stockbit/menu_Bandarmology' is clicked on

2024-01-22 18:14:31 - [MESSAGE][PASSED] - Object: 'Object Repository/Stockbit/menu_Bandarmology' is clicked on

2024-01-22 18:14:31 - [TEST_STEP][PASSED] - strTemp = "NA": null

2024-01-22 18:14:31 - [TEST_STEP][PASSED] - if (getCellValueByIndex(sheet01, rowIndex, 4) != "DONE"): Object: 'Object Repository/Stockbit/menu_Bandarmology' is clicked on

2024-01-22 18:14:31 - [TEST_STEP][PASSED] - strNama = getCellValueByIndex(sheet01, rowIndex, 0): null

2024-01-22 18:14:31 - [TEST_STEP][PASSED] - navigateToUrl("https://stockbit.com/#/symbol/" + strNama): Navigate to 'https://stockbit.com/#/symbol/APLN' successfully

2024-01-22 18:14:34 - [MESSAGE][PASSED] - Navigate to 'https://stockbit.com/#/symbol/APLN' successfully

2024-01-22 18:14:34 - [TEST_STEP][PASSED] - waitForElementClickable(findTestObject("Stockbit/menu_Bandarmology"), 10): Object 'Object Repository/Stockbit/menu_Bandarmology' is clickable

2024-01-22 18:14:34 - [MESSAGE][PASSED] - Object 'Object Repository/Stockbit/menu_Bandarmology' is clickable

2024-01-22 18:14:34 - [TEST_STEP][PASSED] - click(findTestObject("Stockbit/menu_Bandarmology")): Object: 'Object Repository/Stockbit/menu_Bandarmology' is clicked on

2024-01-22 18:14:35 - [MESSAGE][PASSED] - Object: 'Object Repository/Stockbit/menu_Bandarmology' is clicked on

2024-01-22 18:14:35 - [TEST_STEP][PASSED] - strTanggal = d.format(DateTimeFormatter.ofPattern("MMM dd, yyyy")): null

2024-01-22 18:14:35 - [TEST_STEP][PASSED] - strTanggal = d.format(ISO_DATE): null

2024-01-22 18:14:35 - [TEST_STEP][PASSED] - out.println("strTanggal = " + strTanggal): null

2024-01-22 18:14:35 - [TEST_STEP][PASSED] - out.println("strNama = " + strNama): null

2024-01-22 18:14:35 - [TEST_STEP][PASSED] - out.println("Baris ke = " + rowIndex): null

2024-01-22 18:14:35 - [TEST_STEP][PASSED] - click(findTestObject("Stockbit/input__BandarmologyOpenStartDate")): Object: 'Object Repository/Stockbit/input__BandarmologyOpenStartDate' is clicked on

2024-01-22 18:14:36 - [MESSAGE][PASSED] - Object: 'Object Repository/Stockbit/input__BandarmologyOpenStartDate' is clicked on

2024-01-22 18:14:36 - [TEST_STEP][PASSED] - sendKeys(findTestObject("Stockbit/input__BandarmologyOpenStartDate"), Keys.chord(CONTROL, "a")): Keys 'CONTROL + a' sent to object: 'Object Repository/Stockbit/input__BandarmologyOpenStartDate'

2024-01-22 18:14:37 - [MESSAGE][PASSED] - Keys 'CONTROL + a' sent to object: 'Object Repository/Stockbit/input__BandarmologyOpenStartDate'

2024-01-22 18:14:37 - [TEST_STEP][PASSED] - sendKeys(findTestObject("Stockbit/input__BandarmologyOpenStartDate"), Keys.chord(BACK_SPACE)): Keys 'BACK_SPACE + ' sent to object: 'Object Repository/Stockbit/input__BandarmologyOpenStartDate'

2024-01-22 18:14:37 - [MESSAGE][PASSED] - Keys 'BACK_SPACE + ' sent to object: 'Object Repository/Stockbit/input__BandarmologyOpenStartDate'

2024-01-22 18:14:37 - [TEST_STEP][PASSED] - setText(findTestObject("Stockbit/input__BandarmologyOpenStartDate"), strTanggal): Text '2024-01-22' is set on object 'Object Repository/Stockbit/input__BandarmologyOpenStartDate'

2024-01-22 18:14:38 - [MESSAGE][PASSED] - Text '2024-01-22' is set on object 'Object Repository/Stockbit/input__BandarmologyOpenStartDate'

2024-01-22 18:14:38 - [TEST_STEP][PASSED] - sendKeys(findTestObject("Stockbit/input__BandarmologyOpenStartDate"), Keys.chord(ENTER)): Keys 'ENTER + ' sent to object: 'Object Repository/Stockbit/input__BandarmologyOpenStartDate'

2024-01-22 18:14:39 - [MESSAGE][PASSED] - Keys 'ENTER + ' sent to object: 'Object Repository/Stockbit/input__BandarmologyOpenStartDate'

2024-01-22 18:14:39 - [TEST_STEP][PASSED] - click(findTestObject("Stockbit/input__BandarmologyOpenEndDate")): Object: 'Object Repository/Stockbit/input__BandarmologyOpenEndDate' is clicked on

2024-01-22 18:14:39 - [MESSAGE][PASSED] - Object: 'Object Repository/Stockbit/input__BandarmologyOpenEndDate' is clicked on

2024-01-22 18:14:39 - [TEST_STEP][PASSED] - sendKeys(findTestObject("Stockbit/input__BandarmologyOpenEndDate"), Keys.chord(CONTROL, "a")): Keys 'CONTROL + a' sent to object: 'Object Repository/Stockbit/input__BandarmologyOpenEndDate'

2024-01-22 18:14:40 - [MESSAGE][PASSED] - Keys 'CONTROL + a' sent to object: 'Object Repository/Stockbit/input__BandarmologyOpenEndDate'

2024-01-22 18:14:40 - [TEST_STEP][PASSED] - sendKeys(findTestObject("Stockbit/input__BandarmologyOpenEndDate"), Keys.chord(BACK_SPACE)): Keys 'BACK_SPACE + ' sent to object: 'Object Repository/Stockbit/input__BandarmologyOpenEndDate'

2024-01-22 18:14:40 - [MESSAGE][PASSED] - Keys 'BACK_SPACE + ' sent to object: 'Object Repository/Stockbit/input__BandarmologyOpenEndDate'

2024-01-22 18:14:40 - [TEST_STEP][PASSED] - setText(findTestObject("Stockbit/input__BandarmologyOpenEndDate"), strTanggal): Text '2024-01-22' is set on object 'Object Repository/Stockbit/input__BandarmologyOpenEndDate'

2024-01-22 18:14:41 - [MESSAGE][PASSED] - Text '2024-01-22' is set on object 'Object Repository/Stockbit/input__BandarmologyOpenEndDate'

2024-01-22 18:14:41 - [TEST_STEP][PASSED] - sendKeys(findTestObject("Stockbit/input__BandarmologyOpenEndDate"), Keys.chord(ENTER)): Keys 'ENTER + ' sent to object: 'Object Repository/Stockbit/input__BandarmologyOpenEndDate'

2024-01-22 18:14:41 - [MESSAGE][PASSED] - Keys 'ENTER + ' sent to object: 'Object Repository/Stockbit/input__BandarmologyOpenEndDate'

2024-01-22 18:14:41 - [TEST_STEP][PASSED] - delay(2): Delayed 2 second(s)

2024-01-22 18:14:44 - [MESSAGE][PASSED] - Delayed 2 second(s)

2024-01-22 18:14:44 - [TEST_STEP][PASSED] - strTemp = getText(findTestObject("Stockbit/Bandarmology_AvgRP")): Text of object 'Object Repository/Stockbit/Bandarmology_AvgRP' is: '126'

2024-01-22 18:14:44 - [MESSAGE][PASSED] - Text of object 'Object Repository/Stockbit/Bandarmology_AvgRP' is: '126'

2024-01-22 18:14:44 - [TEST_STEP][PASSED] - out.println("Bandarmology_AvgRP = " + strTemp): null

2024-01-22 18:14:44 - [TEST_STEP][PASSED] - if (strTemp != "0"): null

2024-01-22 18:14:44 - [TEST_STEP][PASSED] - strTop1 = getText(findTestObject("Stockbit/Bandarmology_Top1")): Text of object 'Object Repository/Stockbit/Bandarmology_Top1' is: 'Small Dist'

2024-01-22 18:14:44 - [MESSAGE][PASSED] - Text of object 'Object Repository/Stockbit/Bandarmology_Top1' is: 'Small Dist'

2024-01-22 18:14:44 - [TEST_STEP][PASSED] - strTop3 = getText(findTestObject("Stockbit/Bandarmology_Top3")): Text of object 'Object Repository/Stockbit/Bandarmology_Top3' is: 'Big Dist'

2024-01-22 18:14:44 - [MESSAGE][PASSED] - Text of object 'Object Repository/Stockbit/Bandarmology_Top3' is: 'Big Dist'

2024-01-22 18:14:44 - [TEST_STEP][PASSED] - strTop5 = getText(findTestObject("Stockbit/Bandarmology_Top5")): Text of object 'Object Repository/Stockbit/Bandarmology_Top5' is: 'Normal Dist'

2024-01-22 18:14:44 - [MESSAGE][PASSED] - Text of object 'Object Repository/Stockbit/Bandarmology_Top5' is: 'Normal Dist'

2024-01-22 18:14:44 - [TEST_STEP][PASSED] - strAllBrokAvg = getText(findTestObject("Stockbit/Bandarmology_TopAVG")): Text of object 'Object Repository/Stockbit/Bandarmology_TopAVG' is: 'Big Dist'

2024-01-22 18:14:44 - [MESSAGE][PASSED] - Text of object 'Object Repository/Stockbit/Bandarmology_TopAVG' is: 'Big Dist'

2024-01-22 18:14:44 - [TEST_STEP][PASSED] - strTemp = getText(findTestObject("Stockbit/Bandarmology_AvgRP")): Text of object 'Object Repository/Stockbit/Bandarmology_AvgRP' is: '126'

2024-01-22 18:14:44 - [MESSAGE][PASSED] - Text of object 'Object Repository/Stockbit/Bandarmology_AvgRP' is: '126'

2024-01-22 18:14:44 - [TEST_STEP][PASSED] - if (strTemp.contains(",")): null

2024-01-22 18:14:44 - [TEST_STEP][PASSED] - intAvgRP = strTemp.toInteger(): null

2024-01-22 18:14:44 - [TEST_STEP][PASSED] - strBuyer1 = getText(findTestObject("Stockbit/Bandarmology_Buyer1")): Text of object 'Object Repository/Stockbit/Bandarmology_Buyer1' is: 'NI'

2024-01-22 18:14:45 - [MESSAGE][PASSED] - Text of object 'Object Repository/Stockbit/Bandarmology_Buyer1' is: 'NI'

2024-01-22 18:14:45 - [TEST_STEP][PASSED] - strBuyerVol1 = getText(findTestObject("Stockbit/Bandarmology_BuyerVol1")): Text of object 'Object Repository/Stockbit/Bandarmology_BuyerVol1' is: '5.1 K'

2024-01-22 18:14:45 - [MESSAGE][PASSED] - Text of object 'Object Repository/Stockbit/Bandarmology_BuyerVol1' is: '5.1 K'

2024-01-22 18:14:45 - [TEST_STEP][PASSED] - strBuyerAvg1 = getText(findTestObject("Stockbit/Bandarmology_BuyerAvg1")): Text of object 'Object Repository/Stockbit/Bandarmology_BuyerAvg1' is: '126'

2024-01-22 18:14:45 - [MESSAGE][PASSED] - Text of object 'Object Repository/Stockbit/Bandarmology_BuyerAvg1' is: '126'

2024-01-22 18:14:45 - [TEST_STEP][PASSED] - if (strBuyerAvg1.contains(",")): null

2024-01-22 18:14:45 - [TEST_STEP][PASSED] - if (strBuyerVol1.contains(" B")): null

2024-01-22 18:14:45 - [TEST_STEP][PASSED] - else if (strBuyerVol1.contains(" M")): null

2024-01-22 18:14:45 - [TEST_STEP][PASSED] - else if (strBuyerVol1.contains(" K")): null

2024-01-22 18:14:45 - [TEST_STEP][PASSED] - strBuyerVol1 = strBuyerVol1.replace(" K", ""): null

2024-01-22 18:14:45 - [TEST_STEP][PASSED] - strBuyerVol1 = strBuyerVol1.toDouble() * 1000: null

2024-01-22 18:14:45 - [TEST_STEP][PASSED] - strSeller1 = getText(findTestObject("Stockbit/Bandarmology_Seller1")): Text of object 'Object Repository/Stockbit/Bandarmology_Seller1' is: 'YU'

2024-01-22 18:14:45 - [MESSAGE][PASSED] - Text of object 'Object Repository/Stockbit/Bandarmology_Seller1' is: 'YU'

2024-01-22 18:14:45 - [TEST_STEP][PASSED] - strSellerVol1 = getText(findTestObject("Stockbit/Bandarmology_SellerVol1")): Text of object 'Object Repository/Stockbit/Bandarmology_SellerVol1' is: '6.7 K'

2024-01-22 18:14:45 - [MESSAGE][PASSED] - Text of object 'Object Repository/Stockbit/Bandarmology_SellerVol1' is: '6.7 K'

2024-01-22 18:14:45 - [TEST_STEP][PASSED] - strSellerAvg1 = getText(findTestObject("Stockbit/Bandarmology_SellerAvg1")): Text of object 'Object Repository/Stockbit/Bandarmology_SellerAvg1' is: '126'

2024-01-22 18:14:45 - [MESSAGE][PASSED] - Text of object 'Object Repository/Stockbit/Bandarmology_SellerAvg1' is: '126'

2024-01-22 18:14:45 - [TEST_STEP][PASSED] - if (strSellerAvg1.contains(",")): null

2024-01-22 18:14:45 - [TEST_STEP][PASSED] - if (strSellerVol1.contains(" B")): null

2024-01-22 18:14:45 - [TEST_STEP][PASSED] - else if (strSellerVol1.contains(" M")): null

2024-01-22 18:14:45 - [TEST_STEP][PASSED] - else if (strSellerVol1.contains(" K")): null

2024-01-22 18:14:45 - [TEST_STEP][PASSED] - strSellerVol1 = strSellerVol1.replace(" K", ""): null

2024-01-22 18:14:45 - [TEST_STEP][PASSED] - strSellerVol1 = strSellerVol1.toDouble() * 1000: null

2024-01-22 18:14:45 - [TEST_STEP][PASSED] - if (verifyElementNotPresent(findTestObject("Stockbit/Bandarmology_Buyer2"), 1, OPTIONAL)): Web element with id: 'Object Repository/Stockbit/Bandarmology_Buyer2' located by 'By.xpath: //*[contains(@id, 'rc-tabs-')]/div[2]/div/div/div/div/div/div[2]/table/tbody/tr[3]/td[1]/p' is present after '1' second(s) (Root cause: com.kms.katalon.core.exception.StepFailedException: Web element with id: 'Object Repository/Stockbit/Bandarmology_Buyer2' located by 'By.xpath: //*[contains(@id, 'rc-tabs-')]/div[2]/div/div/div/div/div/div[2]/table/tbody/tr[3]/td[1]/p' is present after '1' second(s)
	at com.kms.katalon.core.webui.keyword.internal.WebUIKeywordMain.stepFailed(WebUIKeywordMain.groovy:64)
	at com.kms.katalon.core.webui.keyword.internal.WebUIKeywordMain$stepFailed$0.call(Unknown Source)
	at com.kms.katalon.core.webui.keyword.builtin.VerifyElementNotPresentKeyword$_verifyElementNotPresent_closure1.doCall(VerifyElementNotPresentKeyword.groovy:106)
	at com.kms.katalon.core.webui.keyword.builtin.VerifyElementNotPresentKeyword$_verifyElementNotPresent_closure1.doCall(VerifyElementNotPresentKeyword.groovy)
	at com.kms.katalon.core.webui.keyword.internal.WebUIKeywordMain.runKeyword(WebUIKeywordMain.groovy:20)
	at com.kms.katalon.core.webui.keyword.internal.WebUIKeywordMain$runKeyword.call(Unknown Source)
	at com.kms.katalon.core.webui.keyword.builtin.VerifyElementNotPresentKeyword.verifyElementNotPresent(VerifyElementNotPresentKeyword.groovy:117)
	at com.kms.katalon.core.webui.keyword.builtin.VerifyElementNotPresentKeyword.execute(VerifyElementNotPresentKeyword.groovy:68)
	at com.kms.katalon.core.keyword.internal.KeywordExecutor.executeKeywordForPlatform(KeywordExecutor.groovy:74)
	at com.kms.katalon.core.webui.keyword.WebUiBuiltInKeywords.verifyElementNotPresent(WebUiBuiltInKeywords.groovy:1481)
	at com.kms.katalon.core.webui.keyword.WebUiBuiltInKeywords$verifyElementNotPresent$8.call(Unknown Source)
	at GetBrokSumPriceDaily.run(GetBrokSumPriceDaily:258)
	at com.kms.katalon.core.main.ScriptEngine.run(ScriptEngine.java:194)
	at com.kms.katalon.core.main.ScriptEngine.runScriptAsRawText(ScriptEngine.java:119)
	at com.kms.katalon.core.main.TestCaseExecutor.runScript(TestCaseExecutor.java:445)
	at com.kms.katalon.core.main.TestCaseExecutor.doExecute(TestCaseExecutor.java:436)
	at com.kms.katalon.core.main.TestCaseExecutor.processExecutionPhase(TestCaseExecutor.java:415)
	at com.kms.katalon.core.main.TestCaseExecutor.accessMainPhase(TestCaseExecutor.java:407)
	at com.kms.katalon.core.main.TestCaseExecutor.execute(TestCaseExecutor.java:284)
	at com.kms.katalon.core.common.CommonExecutor.accessTestCaseMainPhase(CommonExecutor.java:65)
	at com.kms.katalon.core.main.TestSuiteExecutor.accessTestSuiteMainPhase(TestSuiteExecutor.java:144)
	at com.kms.katalon.core.main.TestSuiteExecutor.execute(TestSuiteExecutor.java:106)
	at com.kms.katalon.core.main.TestCaseMain.startTestSuite(TestCaseMain.java:185)
	at com.kms.katalon.core.main.TestCaseMain$startTestSuite$0.call(Unknown Source)
	at TempTestSuite1705920083951.run(TempTestSuite1705920083951.groovy:36)
)

2024-01-22 18:14:47 - [MESSAGE][WARNING] - Web element with id: 'Object Repository/Stockbit/Bandarmology_Buyer2' located by 'By.xpath: //*[contains(@id, 'rc-tabs-')]/div[2]/div/div/div/div/div/div[2]/table/tbody/tr[3]/td[1]/p' is present after '1' second(s) (Root cause: com.kms.katalon.core.exception.StepFailedException: Web element with id: 'Object Repository/Stockbit/Bandarmology_Buyer2' located by 'By.xpath: //*[contains(@id, 'rc-tabs-')]/div[2]/div/div/div/div/div/div[2]/table/tbody/tr[3]/td[1]/p' is present after '1' second(s)
	at com.kms.katalon.core.webui.keyword.internal.WebUIKeywordMain.stepFailed(WebUIKeywordMain.groovy:64)
	at com.kms.katalon.core.webui.keyword.internal.WebUIKeywordMain$stepFailed$0.call(Unknown Source)
	at com.kms.katalon.core.webui.keyword.builtin.VerifyElementNotPresentKeyword$_verifyElementNotPresent_closure1.doCall(VerifyElementNotPresentKeyword.groovy:106)
	at com.kms.katalon.core.webui.keyword.builtin.VerifyElementNotPresentKeyword$_verifyElementNotPresent_closure1.doCall(VerifyElementNotPresentKeyword.groovy)
	at com.kms.katalon.core.webui.keyword.internal.WebUIKeywordMain.runKeyword(WebUIKeywordMain.groovy:20)
	at com.kms.katalon.core.webui.keyword.internal.WebUIKeywordMain$runKeyword.call(Unknown Source)
	at com.kms.katalon.core.webui.keyword.builtin.VerifyElementNotPresentKeyword.verifyElementNotPresent(VerifyElementNotPresentKeyword.groovy:117)
	at com.kms.katalon.core.webui.keyword.builtin.VerifyElementNotPresentKeyword.execute(VerifyElementNotPresentKeyword.groovy:68)
	at com.kms.katalon.core.keyword.internal.KeywordExecutor.executeKeywordForPlatform(KeywordExecutor.groovy:74)
	at com.kms.katalon.core.webui.keyword.WebUiBuiltInKeywords.verifyElementNotPresent(WebUiBuiltInKeywords.groovy:1481)
	at com.kms.katalon.core.webui.keyword.WebUiBuiltInKeywords$verifyElementNotPresent$8.call(Unknown Source)
	at GetBrokSumPriceDaily.run(GetBrokSumPriceDaily:258)
	at com.kms.katalon.core.main.ScriptEngine.run(ScriptEngine.java:194)
	at com.kms.katalon.core.main.ScriptEngine.runScriptAsRawText(ScriptEngine.java:119)
	at com.kms.katalon.core.main.TestCaseExecutor.runScript(TestCaseExecutor.java:445)
	at com.kms.katalon.core.main.TestCaseExecutor.doExecute(TestCaseExecutor.java:436)
	at com.kms.katalon.core.main.TestCaseExecutor.processExecutionPhase(TestCaseExecutor.java:415)
	at com.kms.katalon.core.main.TestCaseExecutor.accessMainPhase(TestCaseExecutor.java:407)
	at com.kms.katalon.core.main.TestCaseExecutor.execute(TestCaseExecutor.java:284)
	at com.kms.katalon.core.common.CommonExecutor.accessTestCaseMainPhase(CommonExecutor.java:65)
	at com.kms.katalon.core.main.TestSuiteExecutor.accessTestSuiteMainPhase(TestSuiteExecutor.java:144)
	at com.kms.katalon.core.main.TestSuiteExecutor.execute(TestSuiteExecutor.java:106)
	at com.kms.katalon.core.main.TestCaseMain.startTestSuite(TestCaseMain.java:185)
	at com.kms.katalon.core.main.TestCaseMain$startTestSuite$0.call(Unknown Source)
	at TempTestSuite1705920083951.run(TempTestSuite1705920083951.groovy:36)
)
[[ATTACHMENT|C:\\Users\\Fadli\\git\\KatalonDailyGetData2\\Reports\\20240122_174123\\TS1\\20240122_174123\\1705922087073.png]]

2024-01-22 18:14:47 - [TEST_STEP][PASSED] - else: null

2024-01-22 18:14:47 - [TEST_STEP][PASSED] - strBuyer2 = getText(findTestObject("Stockbit/Bandarmology_Buyer2")): Text of object 'Object Repository/Stockbit/Bandarmology_Buyer2' is: 'LG'

2024-01-22 18:14:47 - [MESSAGE][PASSED] - Text of object 'Object Repository/Stockbit/Bandarmology_Buyer2' is: 'LG'

2024-01-22 18:14:47 - [TEST_STEP][PASSED] - strBuyerVol2 = getText(findTestObject("Stockbit/Bandarmology_BuyerVol2")): Text of object 'Object Repository/Stockbit/Bandarmology_BuyerVol2' is: '2 K'

2024-01-22 18:14:47 - [MESSAGE][PASSED] - Text of object 'Object Repository/Stockbit/Bandarmology_BuyerVol2' is: '2 K'

2024-01-22 18:14:47 - [TEST_STEP][PASSED] - strBuyerAvg2 = getText(findTestObject("Stockbit/Bandarmology_BuyerAvg2")): Text of object 'Object Repository/Stockbit/Bandarmology_BuyerAvg2' is: '127'

2024-01-22 18:14:47 - [MESSAGE][PASSED] - Text of object 'Object Repository/Stockbit/Bandarmology_BuyerAvg2' is: '127'

2024-01-22 18:14:47 - [TEST_STEP][PASSED] - if (strBuyer2 != ""): null

2024-01-22 18:14:47 - [TEST_STEP][PASSED] - if (strBuyerAvg2.contains(",")): null

2024-01-22 18:14:47 - [TEST_STEP][PASSED] - if (strBuyerVol2.contains(" B")): null

2024-01-22 18:14:47 - [TEST_STEP][PASSED] - else if (strBuyerVol2.contains(" M")): null

2024-01-22 18:14:47 - [TEST_STEP][PASSED] - else if (strBuyerVol2.contains(" K")): null

2024-01-22 18:14:47 - [TEST_STEP][PASSED] - strBuyerVol2 = strBuyerVol2.replace(" K", ""): null

2024-01-22 18:14:47 - [TEST_STEP][PASSED] - strBuyerVol2 = strBuyerVol2.toDouble() * 1000: null

2024-01-22 18:14:47 - [TEST_STEP][PASSED] - if (strBuyerVol2.contains(".")): null

2024-01-22 18:14:47 - [TEST_STEP][PASSED] - strBuyerVal2 = strBuyerVol2.replace(".", ""): null

2024-01-22 18:14:47 - [TEST_STEP][PASSED] - if (verifyElementNotPresent(findTestObject("Stockbit/Bandarmology_Seller2"), 1, OPTIONAL)): Web element with id: 'Object Repository/Stockbit/Bandarmology_Seller2' located by 'By.xpath: //*[contains(@id, 'rc-tabs-')]/div[2]/div/div/div/div/div/div[2]/table/tbody/tr[3]/td[5]/p' is present after '1' second(s) (Root cause: com.kms.katalon.core.exception.StepFailedException: Web element with id: 'Object Repository/Stockbit/Bandarmology_Seller2' located by 'By.xpath: //*[contains(@id, 'rc-tabs-')]/div[2]/div/div/div/div/div/div[2]/table/tbody/tr[3]/td[5]/p' is present after '1' second(s)
	at com.kms.katalon.core.webui.keyword.internal.WebUIKeywordMain.stepFailed(WebUIKeywordMain.groovy:64)
	at com.kms.katalon.core.webui.keyword.internal.WebUIKeywordMain$stepFailed$0.call(Unknown Source)
	at com.kms.katalon.core.webui.keyword.builtin.VerifyElementNotPresentKeyword$_verifyElementNotPresent_closure1.doCall(VerifyElementNotPresentKeyword.groovy:106)
	at com.kms.katalon.core.webui.keyword.builtin.VerifyElementNotPresentKeyword$_verifyElementNotPresent_closure1.doCall(VerifyElementNotPresentKeyword.groovy)
	at com.kms.katalon.core.webui.keyword.internal.WebUIKeywordMain.runKeyword(WebUIKeywordMain.groovy:20)
	at com.kms.katalon.core.webui.keyword.internal.WebUIKeywordMain$runKeyword.call(Unknown Source)
	at com.kms.katalon.core.webui.keyword.builtin.VerifyElementNotPresentKeyword.verifyElementNotPresent(VerifyElementNotPresentKeyword.groovy:117)
	at com.kms.katalon.core.webui.keyword.builtin.VerifyElementNotPresentKeyword.execute(VerifyElementNotPresentKeyword.groovy:68)
	at com.kms.katalon.core.keyword.internal.KeywordExecutor.executeKeywordForPlatform(KeywordExecutor.groovy:74)
	at com.kms.katalon.core.webui.keyword.WebUiBuiltInKeywords.verifyElementNotPresent(WebUiBuiltInKeywords.groovy:1481)
	at com.kms.katalon.core.webui.keyword.WebUiBuiltInKeywords$verifyElementNotPresent$8.call(Unknown Source)
	at GetBrokSumPriceDaily.run(GetBrokSumPriceDaily:309)
	at com.kms.katalon.core.main.ScriptEngine.run(ScriptEngine.java:194)
	at com.kms.katalon.core.main.ScriptEngine.runScriptAsRawText(ScriptEngine.java:119)
	at com.kms.katalon.core.main.TestCaseExecutor.runScript(TestCaseExecutor.java:445)
	at com.kms.katalon.core.main.TestCaseExecutor.doExecute(TestCaseExecutor.java:436)
	at com.kms.katalon.core.main.TestCaseExecutor.processExecutionPhase(TestCaseExecutor.java:415)
	at com.kms.katalon.core.main.TestCaseExecutor.accessMainPhase(TestCaseExecutor.java:407)
	at com.kms.katalon.core.main.TestCaseExecutor.execute(TestCaseExecutor.java:284)
	at com.kms.katalon.core.common.CommonExecutor.accessTestCaseMainPhase(CommonExecutor.java:65)
	at com.kms.katalon.core.main.TestSuiteExecutor.accessTestSuiteMainPhase(TestSuiteExecutor.java:144)
	at com.kms.katalon.core.main.TestSuiteExecutor.execute(TestSuiteExecutor.java:106)
	at com.kms.katalon.core.main.TestCaseMain.startTestSuite(TestCaseMain.java:185)
	at com.kms.katalon.core.main.TestCaseMain$startTestSuite$0.call(Unknown Source)
	at TempTestSuite1705920083951.run(TempTestSuite1705920083951.groovy:36)
)

2024-01-22 18:14:49 - [MESSAGE][WARNING] - Web element with id: 'Object Repository/Stockbit/Bandarmology_Seller2' located by 'By.xpath: //*[contains(@id, 'rc-tabs-')]/div[2]/div/div/div/div/div/div[2]/table/tbody/tr[3]/td[5]/p' is present after '1' second(s) (Root cause: com.kms.katalon.core.exception.StepFailedException: Web element with id: 'Object Repository/Stockbit/Bandarmology_Seller2' located by 'By.xpath: //*[contains(@id, 'rc-tabs-')]/div[2]/div/div/div/div/div/div[2]/table/tbody/tr[3]/td[5]/p' is present after '1' second(s)
	at com.kms.katalon.core.webui.keyword.internal.WebUIKeywordMain.stepFailed(WebUIKeywordMain.groovy:64)
	at com.kms.katalon.core.webui.keyword.internal.WebUIKeywordMain$stepFailed$0.call(Unknown Source)
	at com.kms.katalon.core.webui.keyword.builtin.VerifyElementNotPresentKeyword$_verifyElementNotPresent_closure1.doCall(VerifyElementNotPresentKeyword.groovy:106)
	at com.kms.katalon.core.webui.keyword.builtin.VerifyElementNotPresentKeyword$_verifyElementNotPresent_closure1.doCall(VerifyElementNotPresentKeyword.groovy)
	at com.kms.katalon.core.webui.keyword.internal.WebUIKeywordMain.runKeyword(WebUIKeywordMain.groovy:20)
	at com.kms.katalon.core.webui.keyword.internal.WebUIKeywordMain$runKeyword.call(Unknown Source)
	at com.kms.katalon.core.webui.keyword.builtin.VerifyElementNotPresentKeyword.verifyElementNotPresent(VerifyElementNotPresentKeyword.groovy:117)
	at com.kms.katalon.core.webui.keyword.builtin.VerifyElementNotPresentKeyword.execute(VerifyElementNotPresentKeyword.groovy:68)
	at com.kms.katalon.core.keyword.internal.KeywordExecutor.executeKeywordForPlatform(KeywordExecutor.groovy:74)
	at com.kms.katalon.core.webui.keyword.WebUiBuiltInKeywords.verifyElementNotPresent(WebUiBuiltInKeywords.groovy:1481)
	at com.kms.katalon.core.webui.keyword.WebUiBuiltInKeywords$verifyElementNotPresent$8.call(Unknown Source)
	at GetBrokSumPriceDaily.run(GetBrokSumPriceDaily:309)
	at com.kms.katalon.core.main.ScriptEngine.run(ScriptEngine.java:194)
	at com.kms.katalon.core.main.ScriptEngine.runScriptAsRawText(ScriptEngine.java:119)
	at com.kms.katalon.core.main.TestCaseExecutor.runScript(TestCaseExecutor.java:445)
	at com.kms.katalon.core.main.TestCaseExecutor.doExecute(TestCaseExecutor.java:436)
	at com.kms.katalon.core.main.TestCaseExecutor.processExecutionPhase(TestCaseExecutor.java:415)
	at com.kms.katalon.core.main.TestCaseExecutor.accessMainPhase(TestCaseExecutor.java:407)
	at com.kms.katalon.core.main.TestCaseExecutor.execute(TestCaseExecutor.java:284)
	at com.kms.katalon.core.common.CommonExecutor.accessTestCaseMainPhase(CommonExecutor.java:65)
	at com.kms.katalon.core.main.TestSuiteExecutor.accessTestSuiteMainPhase(TestSuiteExecutor.java:144)
	at com.kms.katalon.core.main.TestSuiteExecutor.execute(TestSuiteExecutor.java:106)
	at com.kms.katalon.core.main.TestCaseMain.startTestSuite(TestCaseMain.java:185)
	at com.kms.katalon.core.main.TestCaseMain$startTestSuite$0.call(Unknown Source)
	at TempTestSuite1705920083951.run(TempTestSuite1705920083951.groovy:36)
)
[[ATTACHMENT|C:\\Users\\Fadli\\git\\KatalonDailyGetData2\\Reports\\20240122_174123\\TS1\\20240122_174123\\1705922088980.png]]

2024-01-22 18:14:49 - [TEST_STEP][PASSED] - else: null

2024-01-22 18:14:49 - [TEST_STEP][PASSED] - strSeller2 = getText(findTestObject("Stockbit/Bandarmology_Seller2")): Text of object 'Object Repository/Stockbit/Bandarmology_Seller2' is: 'XL'

2024-01-22 18:14:49 - [MESSAGE][PASSED] - Text of object 'Object Repository/Stockbit/Bandarmology_Seller2' is: 'XL'

2024-01-22 18:14:49 - [TEST_STEP][PASSED] - strSellerVol2 = getText(findTestObject("Stockbit/Bandarmology_SellerVol2")): Text of object 'Object Repository/Stockbit/Bandarmology_SellerVol2' is: '4.6 K'

2024-01-22 18:14:49 - [MESSAGE][PASSED] - Text of object 'Object Repository/Stockbit/Bandarmology_SellerVol2' is: '4.6 K'

2024-01-22 18:14:49 - [TEST_STEP][PASSED] - strSellerAvg2 = getText(findTestObject("Stockbit/Bandarmology_SellerAvg2")): Text of object 'Object Repository/Stockbit/Bandarmology_SellerAvg2' is: '127'

2024-01-22 18:14:49 - [MESSAGE][PASSED] - Text of object 'Object Repository/Stockbit/Bandarmology_SellerAvg2' is: '127'

2024-01-22 18:14:49 - [TEST_STEP][PASSED] - if (strSeller2 != ""): null

2024-01-22 18:14:49 - [TEST_STEP][PASSED] - if (strSellerAvg2.contains(",")): null

2024-01-22 18:14:49 - [TEST_STEP][PASSED] - if (strSellerVol2.contains(" B")): null

2024-01-22 18:14:49 - [TEST_STEP][PASSED] - else if (strSellerVol2.contains(" M")): null

2024-01-22 18:14:49 - [TEST_STEP][PASSED] - else if (strSellerVol2.contains(" K")): null

2024-01-22 18:14:49 - [TEST_STEP][PASSED] - strSellerVol2 = strSellerVol2.replace(" K", ""): null

2024-01-22 18:14:49 - [TEST_STEP][PASSED] - strSellerVol2 = strSellerVol2.toDouble() * 1000: null

2024-01-22 18:14:49 - [TEST_STEP][PASSED] - if (verifyElementNotPresent(findTestObject("Stockbit/Bandarmology_Buyer3"), 1, OPTIONAL)): Web element with id: 'Object Repository/Stockbit/Bandarmology_Buyer3' located by 'By.xpath: //*[contains(@id, 'rc-tabs-')]/div[2]/div/div/div/div/div/div[2]/table/tbody/tr[4]/td[1]/p' is present after '1' second(s) (Root cause: com.kms.katalon.core.exception.StepFailedException: Web element with id: 'Object Repository/Stockbit/Bandarmology_Buyer3' located by 'By.xpath: //*[contains(@id, 'rc-tabs-')]/div[2]/div/div/div/div/div/div[2]/table/tbody/tr[4]/td[1]/p' is present after '1' second(s)
	at com.kms.katalon.core.webui.keyword.internal.WebUIKeywordMain.stepFailed(WebUIKeywordMain.groovy:64)
	at com.kms.katalon.core.webui.keyword.internal.WebUIKeywordMain$stepFailed$0.call(Unknown Source)
	at com.kms.katalon.core.webui.keyword.builtin.VerifyElementNotPresentKeyword$_verifyElementNotPresent_closure1.doCall(VerifyElementNotPresentKeyword.groovy:106)
	at com.kms.katalon.core.webui.keyword.builtin.VerifyElementNotPresentKeyword$_verifyElementNotPresent_closure1.doCall(VerifyElementNotPresentKeyword.groovy)
	at com.kms.katalon.core.webui.keyword.internal.WebUIKeywordMain.runKeyword(WebUIKeywordMain.groovy:20)
	at com.kms.katalon.core.webui.keyword.internal.WebUIKeywordMain$runKeyword.call(Unknown Source)
	at com.kms.katalon.core.webui.keyword.builtin.VerifyElementNotPresentKeyword.verifyElementNotPresent(VerifyElementNotPresentKeyword.groovy:117)
	at com.kms.katalon.core.webui.keyword.builtin.VerifyElementNotPresentKeyword.execute(VerifyElementNotPresentKeyword.groovy:68)
	at com.kms.katalon.core.keyword.internal.KeywordExecutor.executeKeywordForPlatform(KeywordExecutor.groovy:74)
	at com.kms.katalon.core.webui.keyword.WebUiBuiltInKeywords.verifyElementNotPresent(WebUiBuiltInKeywords.groovy:1481)
	at com.kms.katalon.core.webui.keyword.WebUiBuiltInKeywords$verifyElementNotPresent$8.call(Unknown Source)
	at GetBrokSumPriceDaily.run(GetBrokSumPriceDaily:361)
	at com.kms.katalon.core.main.ScriptEngine.run(ScriptEngine.java:194)
	at com.kms.katalon.core.main.ScriptEngine.runScriptAsRawText(ScriptEngine.java:119)
	at com.kms.katalon.core.main.TestCaseExecutor.runScript(TestCaseExecutor.java:445)
	at com.kms.katalon.core.main.TestCaseExecutor.doExecute(TestCaseExecutor.java:436)
	at com.kms.katalon.core.main.TestCaseExecutor.processExecutionPhase(TestCaseExecutor.java:415)
	at com.kms.katalon.core.main.TestCaseExecutor.accessMainPhase(TestCaseExecutor.java:407)
	at com.kms.katalon.core.main.TestCaseExecutor.execute(TestCaseExecutor.java:284)
	at com.kms.katalon.core.common.CommonExecutor.accessTestCaseMainPhase(CommonExecutor.java:65)
	at com.kms.katalon.core.main.TestSuiteExecutor.accessTestSuiteMainPhase(TestSuiteExecutor.java:144)
	at com.kms.katalon.core.main.TestSuiteExecutor.execute(TestSuiteExecutor.java:106)
	at com.kms.katalon.core.main.TestCaseMain.startTestSuite(TestCaseMain.java:185)
	at com.kms.katalon.core.main.TestCaseMain$startTestSuite$0.call(Unknown Source)
	at TempTestSuite1705920083951.run(TempTestSuite1705920083951.groovy:36)
)

2024-01-22 18:14:51 - [MESSAGE][WARNING] - Web element with id: 'Object Repository/Stockbit/Bandarmology_Buyer3' located by 'By.xpath: //*[contains(@id, 'rc-tabs-')]/div[2]/div/div/div/div/div/div[2]/table/tbody/tr[4]/td[1]/p' is present after '1' second(s) (Root cause: com.kms.katalon.core.exception.StepFailedException: Web element with id: 'Object Repository/Stockbit/Bandarmology_Buyer3' located by 'By.xpath: //*[contains(@id, 'rc-tabs-')]/div[2]/div/div/div/div/div/div[2]/table/tbody/tr[4]/td[1]/p' is present after '1' second(s)
	at com.kms.katalon.core.webui.keyword.internal.WebUIKeywordMain.stepFailed(WebUIKeywordMain.groovy:64)
	at com.kms.katalon.core.webui.keyword.internal.WebUIKeywordMain$stepFailed$0.call(Unknown Source)
	at com.kms.katalon.core.webui.keyword.builtin.VerifyElementNotPresentKeyword$_verifyElementNotPresent_closure1.doCall(VerifyElementNotPresentKeyword.groovy:106)
	at com.kms.katalon.core.webui.keyword.builtin.VerifyElementNotPresentKeyword$_verifyElementNotPresent_closure1.doCall(VerifyElementNotPresentKeyword.groovy)
	at com.kms.katalon.core.webui.keyword.internal.WebUIKeywordMain.runKeyword(WebUIKeywordMain.groovy:20)
	at com.kms.katalon.core.webui.keyword.internal.WebUIKeywordMain$runKeyword.call(Unknown Source)
	at com.kms.katalon.core.webui.keyword.builtin.VerifyElementNotPresentKeyword.verifyElementNotPresent(VerifyElementNotPresentKeyword.groovy:117)
	at com.kms.katalon.core.webui.keyword.builtin.VerifyElementNotPresentKeyword.execute(VerifyElementNotPresentKeyword.groovy:68)
	at com.kms.katalon.core.keyword.internal.KeywordExecutor.executeKeywordForPlatform(KeywordExecutor.groovy:74)
	at com.kms.katalon.core.webui.keyword.WebUiBuiltInKeywords.verifyElementNotPresent(WebUiBuiltInKeywords.groovy:1481)
	at com.kms.katalon.core.webui.keyword.WebUiBuiltInKeywords$verifyElementNotPresent$8.call(Unknown Source)
	at GetBrokSumPriceDaily.run(GetBrokSumPriceDaily:361)
	at com.kms.katalon.core.main.ScriptEngine.run(ScriptEngine.java:194)
	at com.kms.katalon.core.main.ScriptEngine.runScriptAsRawText(ScriptEngine.java:119)
	at com.kms.katalon.core.main.TestCaseExecutor.runScript(TestCaseExecutor.java:445)
	at com.kms.katalon.core.main.TestCaseExecutor.doExecute(TestCaseExecutor.java:436)
	at com.kms.katalon.core.main.TestCaseExecutor.processExecutionPhase(TestCaseExecutor.java:415)
	at com.kms.katalon.core.main.TestCaseExecutor.accessMainPhase(TestCaseExecutor.java:407)
	at com.kms.katalon.core.main.TestCaseExecutor.execute(TestCaseExecutor.java:284)
	at com.kms.katalon.core.common.CommonExecutor.accessTestCaseMainPhase(CommonExecutor.java:65)
	at com.kms.katalon.core.main.TestSuiteExecutor.accessTestSuiteMainPhase(TestSuiteExecutor.java:144)
	at com.kms.katalon.core.main.TestSuiteExecutor.execute(TestSuiteExecutor.java:106)
	at com.kms.katalon.core.main.TestCaseMain.startTestSuite(TestCaseMain.java:185)
	at com.kms.katalon.core.main.TestCaseMain$startTestSuite$0.call(Unknown Source)
	at TempTestSuite1705920083951.run(TempTestSuite1705920083951.groovy:36)
)
[[ATTACHMENT|C:\\Users\\Fadli\\git\\KatalonDailyGetData2\\Reports\\20240122_174123\\TS1\\20240122_174123\\1705922090925.png]]

2024-01-22 18:14:51 - [TEST_STEP][PASSED] - else: null

2024-01-22 18:14:51 - [TEST_STEP][PASSED] - strBuyer3 = getText(findTestObject("Stockbit/Bandarmology_Buyer3")): Text of object 'Object Repository/Stockbit/Bandarmology_Buyer3' is: 'GR'

2024-01-22 18:14:51 - [MESSAGE][PASSED] - Text of object 'Object Repository/Stockbit/Bandarmology_Buyer3' is: 'GR'

2024-01-22 18:14:51 - [TEST_STEP][PASSED] - strBuyerVol3 = getText(findTestObject("Stockbit/Bandarmology_BuyerVol3")): Text of object 'Object Repository/Stockbit/Bandarmology_BuyerVol3' is: '2 K'

2024-01-22 18:14:51 - [MESSAGE][PASSED] - Text of object 'Object Repository/Stockbit/Bandarmology_BuyerVol3' is: '2 K'

2024-01-22 18:14:51 - [TEST_STEP][PASSED] - strBuyerAvg3 = getText(findTestObject("Stockbit/Bandarmology_BuyerAvg3")): Text of object 'Object Repository/Stockbit/Bandarmology_BuyerAvg3' is: '127'

2024-01-22 18:14:51 - [MESSAGE][PASSED] - Text of object 'Object Repository/Stockbit/Bandarmology_BuyerAvg3' is: '127'

2024-01-22 18:14:51 - [TEST_STEP][PASSED] - if (strBuyer3 != ""): null

2024-01-22 18:14:51 - [TEST_STEP][PASSED] - if (strBuyerAvg3.contains(",")): null

2024-01-22 18:14:51 - [TEST_STEP][PASSED] - if (strBuyerVol3.contains(" B")): null

2024-01-22 18:14:51 - [TEST_STEP][PASSED] - else if (strBuyerVol3.contains(" M")): null

2024-01-22 18:14:51 - [TEST_STEP][PASSED] - else if (strBuyerVol3.contains(" K")): null

2024-01-22 18:14:51 - [TEST_STEP][PASSED] - strBuyerVol3 = strBuyerVol3.replace(" K", ""): null

2024-01-22 18:14:51 - [TEST_STEP][PASSED] - strBuyerVol3 = strBuyerVol3.toDouble() * 1000: null

2024-01-22 18:14:51 - [TEST_STEP][PASSED] - if (verifyElementNotPresent(findTestObject("Stockbit/Bandarmology_Seller3"), 1, OPTIONAL)): Web element with id: 'Object Repository/Stockbit/Bandarmology_Seller3' located by 'By.xpath: //*[contains(@id, 'rc-tabs-')]/div[2]/div/div/div/div/div/div[2]/table/tbody/tr[4]/td[5]/p' is present after '1' second(s) (Root cause: com.kms.katalon.core.exception.StepFailedException: Web element with id: 'Object Repository/Stockbit/Bandarmology_Seller3' located by 'By.xpath: //*[contains(@id, 'rc-tabs-')]/div[2]/div/div/div/div/div/div[2]/table/tbody/tr[4]/td[5]/p' is present after '1' second(s)
	at com.kms.katalon.core.webui.keyword.internal.WebUIKeywordMain.stepFailed(WebUIKeywordMain.groovy:64)
	at com.kms.katalon.core.webui.keyword.internal.WebUIKeywordMain$stepFailed$0.call(Unknown Source)
	at com.kms.katalon.core.webui.keyword.builtin.VerifyElementNotPresentKeyword$_verifyElementNotPresent_closure1.doCall(VerifyElementNotPresentKeyword.groovy:106)
	at com.kms.katalon.core.webui.keyword.builtin.VerifyElementNotPresentKeyword$_verifyElementNotPresent_closure1.doCall(VerifyElementNotPresentKeyword.groovy)
	at com.kms.katalon.core.webui.keyword.internal.WebUIKeywordMain.runKeyword(WebUIKeywordMain.groovy:20)
	at com.kms.katalon.core.webui.keyword.internal.WebUIKeywordMain$runKeyword.call(Unknown Source)
	at com.kms.katalon.core.webui.keyword.builtin.VerifyElementNotPresentKeyword.verifyElementNotPresent(VerifyElementNotPresentKeyword.groovy:117)
	at com.kms.katalon.core.webui.keyword.builtin.VerifyElementNotPresentKeyword.execute(VerifyElementNotPresentKeyword.groovy:68)
	at com.kms.katalon.core.keyword.internal.KeywordExecutor.executeKeywordForPlatform(KeywordExecutor.groovy:74)
	at com.kms.katalon.core.webui.keyword.WebUiBuiltInKeywords.verifyElementNotPresent(WebUiBuiltInKeywords.groovy:1481)
	at com.kms.katalon.core.webui.keyword.WebUiBuiltInKeywords$verifyElementNotPresent$8.call(Unknown Source)
	at GetBrokSumPriceDaily.run(GetBrokSumPriceDaily:414)
	at com.kms.katalon.core.main.ScriptEngine.run(ScriptEngine.java:194)
	at com.kms.katalon.core.main.ScriptEngine.runScriptAsRawText(ScriptEngine.java:119)
	at com.kms.katalon.core.main.TestCaseExecutor.runScript(TestCaseExecutor.java:445)
	at com.kms.katalon.core.main.TestCaseExecutor.doExecute(TestCaseExecutor.java:436)
	at com.kms.katalon.core.main.TestCaseExecutor.processExecutionPhase(TestCaseExecutor.java:415)
	at com.kms.katalon.core.main.TestCaseExecutor.accessMainPhase(TestCaseExecutor.java:407)
	at com.kms.katalon.core.main.TestCaseExecutor.execute(TestCaseExecutor.java:284)
	at com.kms.katalon.core.common.CommonExecutor.accessTestCaseMainPhase(CommonExecutor.java:65)
	at com.kms.katalon.core.main.TestSuiteExecutor.accessTestSuiteMainPhase(TestSuiteExecutor.java:144)
	at com.kms.katalon.core.main.TestSuiteExecutor.execute(TestSuiteExecutor.java:106)
	at com.kms.katalon.core.main.TestCaseMain.startTestSuite(TestCaseMain.java:185)
	at com.kms.katalon.core.main.TestCaseMain$startTestSuite$0.call(Unknown Source)
	at TempTestSuite1705920083951.run(TempTestSuite1705920083951.groovy:36)
)

2024-01-22 18:14:53 - [MESSAGE][WARNING] - Web element with id: 'Object Repository/Stockbit/Bandarmology_Seller3' located by 'By.xpath: //*[contains(@id, 'rc-tabs-')]/div[2]/div/div/div/div/div/div[2]/table/tbody/tr[4]/td[5]/p' is present after '1' second(s) (Root cause: com.kms.katalon.core.exception.StepFailedException: Web element with id: 'Object Repository/Stockbit/Bandarmology_Seller3' located by 'By.xpath: //*[contains(@id, 'rc-tabs-')]/div[2]/div/div/div/div/div/div[2]/table/tbody/tr[4]/td[5]/p' is present after '1' second(s)
	at com.kms.katalon.core.webui.keyword.internal.WebUIKeywordMain.stepFailed(WebUIKeywordMain.groovy:64)
	at com.kms.katalon.core.webui.keyword.internal.WebUIKeywordMain$stepFailed$0.call(Unknown Source)
	at com.kms.katalon.core.webui.keyword.builtin.VerifyElementNotPresentKeyword$_verifyElementNotPresent_closure1.doCall(VerifyElementNotPresentKeyword.groovy:106)
	at com.kms.katalon.core.webui.keyword.builtin.VerifyElementNotPresentKeyword$_verifyElementNotPresent_closure1.doCall(VerifyElementNotPresentKeyword.groovy)
	at com.kms.katalon.core.webui.keyword.internal.WebUIKeywordMain.runKeyword(WebUIKeywordMain.groovy:20)
	at com.kms.katalon.core.webui.keyword.internal.WebUIKeywordMain$runKeyword.call(Unknown Source)
	at com.kms.katalon.core.webui.keyword.builtin.VerifyElementNotPresentKeyword.verifyElementNotPresent(VerifyElementNotPresentKeyword.groovy:117)
	at com.kms.katalon.core.webui.keyword.builtin.VerifyElementNotPresentKeyword.execute(VerifyElementNotPresentKeyword.groovy:68)
	at com.kms.katalon.core.keyword.internal.KeywordExecutor.executeKeywordForPlatform(KeywordExecutor.groovy:74)
	at com.kms.katalon.core.webui.keyword.WebUiBuiltInKeywords.verifyElementNotPresent(WebUiBuiltInKeywords.groovy:1481)
	at com.kms.katalon.core.webui.keyword.WebUiBuiltInKeywords$verifyElementNotPresent$8.call(Unknown Source)
	at GetBrokSumPriceDaily.run(GetBrokSumPriceDaily:414)
	at com.kms.katalon.core.main.ScriptEngine.run(ScriptEngine.java:194)
	at com.kms.katalon.core.main.ScriptEngine.runScriptAsRawText(ScriptEngine.java:119)
	at com.kms.katalon.core.main.TestCaseExecutor.runScript(TestCaseExecutor.java:445)
	at com.kms.katalon.core.main.TestCaseExecutor.doExecute(TestCaseExecutor.java:436)
	at com.kms.katalon.core.main.TestCaseExecutor.processExecutionPhase(TestCaseExecutor.java:415)
	at com.kms.katalon.core.main.TestCaseExecutor.accessMainPhase(TestCaseExecutor.java:407)
	at com.kms.katalon.core.main.TestCaseExecutor.execute(TestCaseExecutor.java:284)
	at com.kms.katalon.core.common.CommonExecutor.accessTestCaseMainPhase(CommonExecutor.java:65)
	at com.kms.katalon.core.main.TestSuiteExecutor.accessTestSuiteMainPhase(TestSuiteExecutor.java:144)
	at com.kms.katalon.core.main.TestSuiteExecutor.execute(TestSuiteExecutor.java:106)
	at com.kms.katalon.core.main.TestCaseMain.startTestSuite(TestCaseMain.java:185)
	at com.kms.katalon.core.main.TestCaseMain$startTestSuite$0.call(Unknown Source)
	at TempTestSuite1705920083951.run(TempTestSuite1705920083951.groovy:36)
)
[[ATTACHMENT|C:\\Users\\Fadli\\git\\KatalonDailyGetData2\\Reports\\20240122_174123\\TS1\\20240122_174123\\1705922092837.png]]

2024-01-22 18:14:53 - [TEST_STEP][PASSED] - else: null

2024-01-22 18:14:53 - [TEST_STEP][PASSED] - strSeller3 = getText(findTestObject("Stockbit/Bandarmology_Seller3")): Text of object 'Object Repository/Stockbit/Bandarmology_Seller3' is: 'PD'

2024-01-22 18:14:53 - [MESSAGE][PASSED] - Text of object 'Object Repository/Stockbit/Bandarmology_Seller3' is: 'PD'

2024-01-22 18:14:53 - [TEST_STEP][PASSED] - strSellerVol3 = getText(findTestObject("Stockbit/Bandarmology_SellerVol3")): Text of object 'Object Repository/Stockbit/Bandarmology_SellerVol3' is: '2.3 K'

2024-01-22 18:14:53 - [MESSAGE][PASSED] - Text of object 'Object Repository/Stockbit/Bandarmology_SellerVol3' is: '2.3 K'

2024-01-22 18:14:53 - [TEST_STEP][PASSED] - strSellerAvg3 = getText(findTestObject("Stockbit/Bandarmology_SellerAvg3")): Text of object 'Object Repository/Stockbit/Bandarmology_SellerAvg3' is: '127'

2024-01-22 18:14:53 - [MESSAGE][PASSED] - Text of object 'Object Repository/Stockbit/Bandarmology_SellerAvg3' is: '127'

2024-01-22 18:14:53 - [TEST_STEP][PASSED] - if (strSeller3 != ""): null

2024-01-22 18:14:53 - [TEST_STEP][PASSED] - if (strSellerAvg3.contains(",")): null

2024-01-22 18:14:53 - [TEST_STEP][PASSED] - if (strSellerVol3.contains(" B")): null

2024-01-22 18:14:53 - [TEST_STEP][PASSED] - else if (strSellerVol3.contains(" M")): null

2024-01-22 18:14:53 - [TEST_STEP][PASSED] - else if (strSellerVol3.contains(" K")): null

2024-01-22 18:14:53 - [TEST_STEP][PASSED] - strSellerVol3 = strSellerVol3.replace(" K", ""): null

2024-01-22 18:14:53 - [TEST_STEP][PASSED] - strSellerVol3 = strSellerVol3.toDouble() * 1000: null

2024-01-22 18:14:53 - [TEST_STEP][PASSED] - strAccDist = getText(findTestObject("Stockbit/Bandarmology_AccDist")): Text of object 'Object Repository/Stockbit/Bandarmology_AccDist' is: 'Dist'

2024-01-22 18:14:53 - [MESSAGE][PASSED] - Text of object 'Object Repository/Stockbit/Bandarmology_AccDist' is: 'Dist'

2024-01-22 18:14:53 - [TEST_STEP][PASSED] - strNetVol = getText(findTestObject("Stockbit/Bandarmology_NetVol")): Text of object 'Object Repository/Stockbit/Bandarmology_NetVol' is: '16,754'

2024-01-22 18:14:53 - [MESSAGE][PASSED] - Text of object 'Object Repository/Stockbit/Bandarmology_NetVol' is: '16,754'

2024-01-22 18:14:53 - [TEST_STEP][PASSED] - strNetVol = strNetVol.replace(",", ""): null

2024-01-22 18:14:53 - [TEST_STEP][PASSED] - strNetVal = getText(findTestObject("Stockbit/Bandarmology_NetVal")): Text of object 'Object Repository/Stockbit/Bandarmology_NetVal' is: '0.2 B'

2024-01-22 18:14:54 - [MESSAGE][PASSED] - Text of object 'Object Repository/Stockbit/Bandarmology_NetVal' is: '0.2 B'

2024-01-22 18:14:54 - [TEST_STEP][PASSED] - delay(3): Delayed 3 second(s)

2024-01-22 18:14:57 - [MESSAGE][PASSED] - Delayed 3 second(s)

2024-01-22 18:14:57 - [TEST_STEP][PASSED] - strOpenPrice = getText(findTestObject("Stockbit/Home_OpenPrice")): Text of object 'Object Repository/Stockbit/Home_OpenPrice' is: '128'

2024-01-22 18:14:57 - [MESSAGE][PASSED] - Text of object 'Object Repository/Stockbit/Home_OpenPrice' is: '128'

2024-01-22 18:14:57 - [TEST_STEP][PASSED] - strOpenPrice = strOpenPrice.replace(",", ""): null

2024-01-22 18:14:57 - [TEST_STEP][PASSED] - strLowPrice = getText(findTestObject("Stockbit/Home_LowPrice")): Text of object 'Object Repository/Stockbit/Home_LowPrice' is: '126'

2024-01-22 18:14:57 - [MESSAGE][PASSED] - Text of object 'Object Repository/Stockbit/Home_LowPrice' is: '126'

2024-01-22 18:14:57 - [TEST_STEP][PASSED] - strLowPrice = strLowPrice.replace(",", ""): null

2024-01-22 18:14:57 - [TEST_STEP][PASSED] - strHighPrice = getText(findTestObject("Stockbit/Home_HighPrice")): Text of object 'Object Repository/Stockbit/Home_HighPrice' is: '129'

2024-01-22 18:14:57 - [MESSAGE][PASSED] - Text of object 'Object Repository/Stockbit/Home_HighPrice' is: '129'

2024-01-22 18:14:57 - [TEST_STEP][PASSED] - strHighPrice = strHighPrice.replace(",", ""): null

2024-01-22 18:14:57 - [TEST_STEP][PASSED] - strClosePrice = getText(findTestObject("Stockbit/Home_ClosePrice")): Text of object 'Object Repository/Stockbit/Home_ClosePrice' is: '126'

2024-01-22 18:14:57 - [MESSAGE][PASSED] - Text of object 'Object Repository/Stockbit/Home_ClosePrice' is: '126'

2024-01-22 18:14:57 - [TEST_STEP][PASSED] - strClosePrice = strClosePrice.replace(",", ""): null

2024-01-22 18:14:57 - [TEST_STEP][PASSED] - strVol = getText(findTestObject("Stockbit/Home_Volume")): Text of object 'Object Repository/Stockbit/Home_Volume' is: '41 K'

2024-01-22 18:14:57 - [MESSAGE][PASSED] - Text of object 'Object Repository/Stockbit/Home_Volume' is: '41 K'

2024-01-22 18:14:57 - [TEST_STEP][PASSED] - if (strVol.contains(" K")): null

2024-01-22 18:14:57 - [TEST_STEP][PASSED] - strVol = strVol.replace(" K", "000"): null

2024-01-22 18:14:57 - [TEST_STEP][PASSED] - if (strVol.contains(",")): null

2024-01-22 18:14:57 - [TEST_STEP][PASSED] - strChange = getText(findTestObject("Stockbit/Home_Change")): Text of object 'Object Repository/Stockbit/Home_Change' is: '-1.56%'

2024-01-22 18:14:58 - [MESSAGE][PASSED] - Text of object 'Object Repository/Stockbit/Home_Change' is: '-1.56%'

2024-01-22 18:14:58 - [TEST_STEP][PASSED] - strChange = strChange.replace("%", ""): null

2024-01-22 18:14:58 - [TEST_STEP][PASSED] - strFreq = getText(findTestObject("Stockbit/Home_Freq")): Text of object 'Object Repository/Stockbit/Home_Freq' is: '555'

2024-01-22 18:14:58 - [MESSAGE][PASSED] - Text of object 'Object Repository/Stockbit/Home_Freq' is: '555'

2024-01-22 18:14:58 - [TEST_STEP][PASSED] - if (strFreq.contains(",")): null

2024-01-22 18:14:58 - [TEST_STEP][PASSED] - if (strFreq == "NA" || strFreq == ""): null

2024-01-22 18:14:58 - [TEST_STEP][PASSED] - else: null

2024-01-22 18:14:58 - [TEST_STEP][PASSED] - dblFreqAnal = strVol.toDouble() / strFreq.toDouble() * strFreq.toDouble() * strFreq.toDouble() * 100000000: null

2024-01-22 18:14:58 - [TEST_STEP][PASSED] - strFreqAnal = String.format("%.4f", dblFreqAnal): null

2024-01-22 18:14:58 - [TEST_STEP][PASSED] - out.println("Double strFreqAnal: " + strFreqAnal): null

2024-01-22 18:14:58 - [TEST_STEP][PASSED] - strTanggal = d.format(DateTimeFormatter.ofPattern("yyyy-MM-dd")): null

2024-01-22 18:14:58 - [TEST_STEP][PASSED] - strTanggal = "#" + strTanggal + "#": null

2024-01-22 18:14:58 - [TEST_STEP][PASSED] - strSQL = "select count(*) as JumBaris from TblBrokSum where Nama = '" + strNama + "' and Tanggal = " + strTanggal + "": null

2024-01-22 18:14:58 - [TEST_STEP][PASSED] - resultSet = statement.executeQuery(strSQL): null

2024-01-22 18:14:58 - [TEST_STEP][PASSED] - resultSet.next(): null

2024-01-22 18:14:58 - [TEST_STEP][PASSED] - intJumBaris = resultSet.getInt("JumBaris"): null

2024-01-22 18:14:58 - [TEST_STEP][PASSED] - if (intJumBaris > 0): null

2024-01-22 18:14:58 - [TEST_STEP][PASSED] - else: null

2024-01-22 18:14:58 - [TEST_STEP][PASSED] - try: null

2024-01-22 18:14:58 - [TEST_STEP][PASSED] - out.println("Insert data"): null

2024-01-22 18:14:58 - [TEST_STEP][PASSED] - strSQL = "insert into TblBrokSum (nama, tanggal, top1, top2, top3, AllBrokAvg, AccDist, AvgRP, " + "Buyer1, BuyerVal1, BuyerAvg1, Seller1, SellerVal1, SellerAvg1, Buyer2, BuyerVal2, BuyerAvg2, " + "Seller2, SellerVal2, SellerAvg2, Buyer3, BuyerVal3, BuyerAvg3, Seller3, SellerVal3, SellerAvg3, NetVol, NetVal, " + "OpenPrice, LowPrice, HighPrice, ClosePrice, Volume, Change, Frekuensi, FrekAnal) " + "values ('" + strNama + "', " + strTanggal + ", '" + strTop1 + "', '" + strTop3 + "', '" + strTop5 + "', " + "'" + strAllBrokAvg + "', '" + strAccDist + "', " + intAvgRP + ", '" + strBuyer1 + "', '" + strBuyerVol1 + "', " + strBuyerAvg1 + ", " + "'" + strSeller1 + "', '" + strSellerVol1 + "', " + strSellerAvg1 + ", '" + strBuyer2 + "', '" + strBuyerVol2 + "', " + strBuyerAvg2 + ", " + "'" + strSeller2 + "', '" + strSellerVol2 + "', " + strSellerAvg2 + ", '" + strBuyer3 + "', '" + strBuyerVol3 + "', " + strBuyerAvg3 + ", " + "'" + strSeller3 + "', '" + strSellerVol3 + "', " + strSellerAvg3 + ", " + strNetVol + ", '" + strNetVal + "', " + "" + strOpenPrice + ", " + strLowPrice + ", " + strHighPrice + ", " + strClosePrice + ", '" + strVol + "', " + strChange + ", " + strFreq + ", " + strFreqAnal + ");": null

2024-01-22 18:14:58 - [TEST_STEP][PASSED] - out.println("strSQL = " + strSQL): null

2024-01-22 18:14:58 - [TEST_STEP][PASSED] - statement.executeUpdate(strSQL): null

2024-01-22 18:14:58 - [TEST_STEP][PASSED] - setValueToCellByIndex(sheet01, rowIndex, 4, "DONE"): null

2024-01-22 18:14:58 - [TEST_STEP][PASSED] - saveWorkbook(excelFilePath, workbook01): null

2024-01-22 18:14:58 - [TEST_STEP][PASSED] - waitForElementClickable(findTestObject("Stockbit/menu_Bandarmology"), 10): Object 'Object Repository/Stockbit/menu_Bandarmology' is clickable

2024-01-22 18:14:58 - [MESSAGE][PASSED] - Object 'Object Repository/Stockbit/menu_Bandarmology' is clickable

2024-01-22 18:14:58 - [TEST_STEP][PASSED] - click(findTestObject("Stockbit/menu_Bandarmology")): Object: 'Object Repository/Stockbit/menu_Bandarmology' is clicked on

2024-01-22 18:14:59 - [MESSAGE][PASSED] - Object: 'Object Repository/Stockbit/menu_Bandarmology' is clicked on

2024-01-22 18:14:59 - [TEST_STEP][PASSED] - strTemp = "NA": null

2024-01-22 18:14:59 - [TEST_STEP][PASSED] - if (getCellValueByIndex(sheet01, rowIndex, 4) != "DONE"): Object: 'Object Repository/Stockbit/menu_Bandarmology' is clicked on

2024-01-22 18:14:59 - [TEST_STEP][PASSED] - strNama = getCellValueByIndex(sheet01, rowIndex, 0): null

2024-01-22 18:14:59 - [TEST_STEP][PASSED] - navigateToUrl("https://stockbit.com/#/symbol/" + strNama): Navigate to 'https://stockbit.com/#/symbol/AGRO' successfully

2024-01-22 18:15:02 - [MESSAGE][PASSED] - Navigate to 'https://stockbit.com/#/symbol/AGRO' successfully

2024-01-22 18:15:02 - [TEST_STEP][PASSED] - waitForElementClickable(findTestObject("Stockbit/menu_Bandarmology"), 10): Object 'Object Repository/Stockbit/menu_Bandarmology' is clickable

2024-01-22 18:15:02 - [MESSAGE][PASSED] - Object 'Object Repository/Stockbit/menu_Bandarmology' is clickable

2024-01-22 18:15:02 - [TEST_STEP][PASSED] - click(findTestObject("Stockbit/menu_Bandarmology")): Object: 'Object Repository/Stockbit/menu_Bandarmology' is clicked on

2024-01-22 18:15:03 - [MESSAGE][PASSED] - Object: 'Object Repository/Stockbit/menu_Bandarmology' is clicked on

2024-01-22 18:15:03 - [TEST_STEP][PASSED] - strTanggal = d.format(DateTimeFormatter.ofPattern("MMM dd, yyyy")): null

2024-01-22 18:15:03 - [TEST_STEP][PASSED] - strTanggal = d.format(ISO_DATE): null

2024-01-22 18:15:03 - [TEST_STEP][PASSED] - out.println("strTanggal = " + strTanggal): null

2024-01-22 18:15:03 - [TEST_STEP][PASSED] - out.println("strNama = " + strNama): null

2024-01-22 18:15:03 - [TEST_STEP][PASSED] - out.println("Baris ke = " + rowIndex): null

2024-01-22 18:15:03 - [TEST_STEP][PASSED] - click(findTestObject("Stockbit/input__BandarmologyOpenStartDate")): Object: 'Object Repository/Stockbit/input__BandarmologyOpenStartDate' is clicked on

2024-01-22 18:15:04 - [MESSAGE][PASSED] - Object: 'Object Repository/Stockbit/input__BandarmologyOpenStartDate' is clicked on

2024-01-22 18:15:04 - [TEST_STEP][PASSED] - sendKeys(findTestObject("Stockbit/input__BandarmologyOpenStartDate"), Keys.chord(CONTROL, "a")): Keys 'CONTROL + a' sent to object: 'Object Repository/Stockbit/input__BandarmologyOpenStartDate'

2024-01-22 18:15:04 - [MESSAGE][PASSED] - Keys 'CONTROL + a' sent to object: 'Object Repository/Stockbit/input__BandarmologyOpenStartDate'

2024-01-22 18:15:04 - [TEST_STEP][PASSED] - sendKeys(findTestObject("Stockbit/input__BandarmologyOpenStartDate"), Keys.chord(BACK_SPACE)): Keys 'BACK_SPACE + ' sent to object: 'Object Repository/Stockbit/input__BandarmologyOpenStartDate'

2024-01-22 18:15:05 - [MESSAGE][PASSED] - Keys 'BACK_SPACE + ' sent to object: 'Object Repository/Stockbit/input__BandarmologyOpenStartDate'

2024-01-22 18:15:05 - [TEST_STEP][PASSED] - setText(findTestObject("Stockbit/input__BandarmologyOpenStartDate"), strTanggal): Text '2024-01-22' is set on object 'Object Repository/Stockbit/input__BandarmologyOpenStartDate'

2024-01-22 18:15:06 - [MESSAGE][PASSED] - Text '2024-01-22' is set on object 'Object Repository/Stockbit/input__BandarmologyOpenStartDate'

2024-01-22 18:15:06 - [TEST_STEP][PASSED] - sendKeys(findTestObject("Stockbit/input__BandarmologyOpenStartDate"), Keys.chord(ENTER)): Keys 'ENTER + ' sent to object: 'Object Repository/Stockbit/input__BandarmologyOpenStartDate'

2024-01-22 18:15:06 - [MESSAGE][PASSED] - Keys 'ENTER + ' sent to object: 'Object Repository/Stockbit/input__BandarmologyOpenStartDate'

2024-01-22 18:15:06 - [TEST_STEP][PASSED] - click(findTestObject("Stockbit/input__BandarmologyOpenEndDate")): Object: 'Object Repository/Stockbit/input__BandarmologyOpenEndDate' is clicked on

2024-01-22 18:15:06 - [MESSAGE][PASSED] - Object: 'Object Repository/Stockbit/input__BandarmologyOpenEndDate' is clicked on

2024-01-22 18:15:06 - [TEST_STEP][PASSED] - sendKeys(findTestObject("Stockbit/input__BandarmologyOpenEndDate"), Keys.chord(CONTROL, "a")): Keys 'CONTROL + a' sent to object: 'Object Repository/Stockbit/input__BandarmologyOpenEndDate'

2024-01-22 18:15:07 - [MESSAGE][PASSED] - Keys 'CONTROL + a' sent to object: 'Object Repository/Stockbit/input__BandarmologyOpenEndDate'

2024-01-22 18:15:07 - [TEST_STEP][PASSED] - sendKeys(findTestObject("Stockbit/input__BandarmologyOpenEndDate"), Keys.chord(BACK_SPACE)): Keys 'BACK_SPACE + ' sent to object: 'Object Repository/Stockbit/input__BandarmologyOpenEndDate'

2024-01-22 18:15:07 - [MESSAGE][PASSED] - Keys 'BACK_SPACE + ' sent to object: 'Object Repository/Stockbit/input__BandarmologyOpenEndDate'

2024-01-22 18:15:07 - [TEST_STEP][PASSED] - setText(findTestObject("Stockbit/input__BandarmologyOpenEndDate"), strTanggal): Text '2024-01-22' is set on object 'Object Repository/Stockbit/input__BandarmologyOpenEndDate'

2024-01-22 18:15:08 - [MESSAGE][PASSED] - Text '2024-01-22' is set on object 'Object Repository/Stockbit/input__BandarmologyOpenEndDate'

2024-01-22 18:15:08 - [TEST_STEP][PASSED] - sendKeys(findTestObject("Stockbit/input__BandarmologyOpenEndDate"), Keys.chord(ENTER)): Keys 'ENTER + ' sent to object: 'Object Repository/Stockbit/input__BandarmologyOpenEndDate'

2024-01-22 18:15:08 - [MESSAGE][PASSED] - Keys 'ENTER + ' sent to object: 'Object Repository/Stockbit/input__BandarmologyOpenEndDate'

2024-01-22 18:15:08 - [TEST_STEP][PASSED] - delay(2): Delayed 2 second(s)

2024-01-22 18:15:10 - [MESSAGE][PASSED] - Delayed 2 second(s)

2024-01-22 18:15:10 - [TEST_STEP][PASSED] - strTemp = getText(findTestObject("Stockbit/Bandarmology_AvgRP")): Text of object 'Object Repository/Stockbit/Bandarmology_AvgRP' is: '316'

2024-01-22 18:15:10 - [MESSAGE][PASSED] - Text of object 'Object Repository/Stockbit/Bandarmology_AvgRP' is: '316'

2024-01-22 18:15:10 - [TEST_STEP][PASSED] - out.println("Bandarmology_AvgRP = " + strTemp): null

2024-01-22 18:15:10 - [TEST_STEP][PASSED] - if (strTemp != "0"): null

2024-01-22 18:15:10 - [TEST_STEP][PASSED] - strTop1 = getText(findTestObject("Stockbit/Bandarmology_Top1")): Text of object 'Object Repository/Stockbit/Bandarmology_Top1' is: 'Neutral'

2024-01-22 18:15:10 - [MESSAGE][PASSED] - Text of object 'Object Repository/Stockbit/Bandarmology_Top1' is: 'Neutral'

2024-01-22 18:15:10 - [TEST_STEP][PASSED] - strTop3 = getText(findTestObject("Stockbit/Bandarmology_Top3")): Text of object 'Object Repository/Stockbit/Bandarmology_Top3' is: 'Small Dist'

2024-01-22 18:15:11 - [MESSAGE][PASSED] - Text of object 'Object Repository/Stockbit/Bandarmology_Top3' is: 'Small Dist'

2024-01-22 18:15:11 - [TEST_STEP][PASSED] - strTop5 = getText(findTestObject("Stockbit/Bandarmology_Top5")): Text of object 'Object Repository/Stockbit/Bandarmology_Top5' is: 'Small Dist'

2024-01-22 18:15:11 - [MESSAGE][PASSED] - Text of object 'Object Repository/Stockbit/Bandarmology_Top5' is: 'Small Dist'

2024-01-22 18:15:11 - [TEST_STEP][PASSED] - strAllBrokAvg = getText(findTestObject("Stockbit/Bandarmology_TopAVG")): Text of object 'Object Repository/Stockbit/Bandarmology_TopAVG' is: 'Small Dist'

2024-01-22 18:15:11 - [MESSAGE][PASSED] - Text of object 'Object Repository/Stockbit/Bandarmology_TopAVG' is: 'Small Dist'

2024-01-22 18:15:11 - [TEST_STEP][PASSED] - strTemp = getText(findTestObject("Stockbit/Bandarmology_AvgRP")): Text of object 'Object Repository/Stockbit/Bandarmology_AvgRP' is: '316'

2024-01-22 18:15:11 - [MESSAGE][PASSED] - Text of object 'Object Repository/Stockbit/Bandarmology_AvgRP' is: '316'

2024-01-22 18:15:11 - [TEST_STEP][PASSED] - if (strTemp.contains(",")): null

2024-01-22 18:15:11 - [TEST_STEP][PASSED] - intAvgRP = strTemp.toInteger(): null

2024-01-22 18:15:11 - [TEST_STEP][PASSED] - strBuyer1 = getText(findTestObject("Stockbit/Bandarmology_Buyer1")): Text of object 'Object Repository/Stockbit/Bandarmology_Buyer1' is: 'CC'

2024-01-22 18:15:11 - [MESSAGE][PASSED] - Text of object 'Object Repository/Stockbit/Bandarmology_Buyer1' is: 'CC'

2024-01-22 18:15:11 - [TEST_STEP][PASSED] - strBuyerVol1 = getText(findTestObject("Stockbit/Bandarmology_BuyerVol1")): Text of object 'Object Repository/Stockbit/Bandarmology_BuyerVol1' is: '45.1 K'

2024-01-22 18:15:11 - [MESSAGE][PASSED] - Text of object 'Object Repository/Stockbit/Bandarmology_BuyerVol1' is: '45.1 K'

2024-01-22 18:15:11 - [TEST_STEP][PASSED] - strBuyerAvg1 = getText(findTestObject("Stockbit/Bandarmology_BuyerAvg1")): Text of object 'Object Repository/Stockbit/Bandarmology_BuyerAvg1' is: '317'

2024-01-22 18:15:11 - [MESSAGE][PASSED] - Text of object 'Object Repository/Stockbit/Bandarmology_BuyerAvg1' is: '317'

2024-01-22 18:15:11 - [TEST_STEP][PASSED] - if (strBuyerAvg1.contains(",")): null

2024-01-22 18:15:11 - [TEST_STEP][PASSED] - if (strBuyerVol1.contains(" B")): null

2024-01-22 18:15:11 - [TEST_STEP][PASSED] - else if (strBuyerVol1.contains(" M")): null

2024-01-22 18:15:11 - [TEST_STEP][PASSED] - else if (strBuyerVol1.contains(" K")): null

2024-01-22 18:15:11 - [TEST_STEP][PASSED] - strBuyerVol1 = strBuyerVol1.replace(" K", ""): null

2024-01-22 18:15:11 - [TEST_STEP][PASSED] - strBuyerVol1 = strBuyerVol1.toDouble() * 1000: null

2024-01-22 18:15:11 - [TEST_STEP][PASSED] - strSeller1 = getText(findTestObject("Stockbit/Bandarmology_Seller1")): Text of object 'Object Repository/Stockbit/Bandarmology_Seller1' is: 'KK'

2024-01-22 18:15:11 - [MESSAGE][PASSED] - Text of object 'Object Repository/Stockbit/Bandarmology_Seller1' is: 'KK'

2024-01-22 18:15:11 - [TEST_STEP][PASSED] - strSellerVol1 = getText(findTestObject("Stockbit/Bandarmology_SellerVol1")): Text of object 'Object Repository/Stockbit/Bandarmology_SellerVol1' is: '36.6 K'

2024-01-22 18:15:12 - [MESSAGE][PASSED] - Text of object 'Object Repository/Stockbit/Bandarmology_SellerVol1' is: '36.6 K'

2024-01-22 18:15:12 - [TEST_STEP][PASSED] - strSellerAvg1 = getText(findTestObject("Stockbit/Bandarmology_SellerAvg1")): Text of object 'Object Repository/Stockbit/Bandarmology_SellerAvg1' is: '317'

2024-01-22 18:15:12 - [MESSAGE][PASSED] - Text of object 'Object Repository/Stockbit/Bandarmology_SellerAvg1' is: '317'

2024-01-22 18:15:12 - [TEST_STEP][PASSED] - if (strSellerAvg1.contains(",")): null

2024-01-22 18:15:12 - [TEST_STEP][PASSED] - if (strSellerVol1.contains(" B")): null

2024-01-22 18:15:12 - [TEST_STEP][PASSED] - else if (strSellerVol1.contains(" M")): null

2024-01-22 18:15:12 - [TEST_STEP][PASSED] - else if (strSellerVol1.contains(" K")): null

2024-01-22 18:15:12 - [TEST_STEP][PASSED] - strSellerVol1 = strSellerVol1.replace(" K", ""): null

2024-01-22 18:15:12 - [TEST_STEP][PASSED] - strSellerVol1 = strSellerVol1.toDouble() * 1000: null

2024-01-22 18:15:12 - [TEST_STEP][PASSED] - if (verifyElementNotPresent(findTestObject("Stockbit/Bandarmology_Buyer2"), 1, OPTIONAL)): Web element with id: 'Object Repository/Stockbit/Bandarmology_Buyer2' located by 'By.xpath: //*[contains(@id, 'rc-tabs-')]/div[2]/div/div/div/div/div/div[2]/table/tbody/tr[3]/td[1]/p' is present after '1' second(s) (Root cause: com.kms.katalon.core.exception.StepFailedException: Web element with id: 'Object Repository/Stockbit/Bandarmology_Buyer2' located by 'By.xpath: //*[contains(@id, 'rc-tabs-')]/div[2]/div/div/div/div/div/div[2]/table/tbody/tr[3]/td[1]/p' is present after '1' second(s)
	at com.kms.katalon.core.webui.keyword.internal.WebUIKeywordMain.stepFailed(WebUIKeywordMain.groovy:64)
	at com.kms.katalon.core.webui.keyword.internal.WebUIKeywordMain$stepFailed$0.call(Unknown Source)
	at com.kms.katalon.core.webui.keyword.builtin.VerifyElementNotPresentKeyword$_verifyElementNotPresent_closure1.doCall(VerifyElementNotPresentKeyword.groovy:106)
	at com.kms.katalon.core.webui.keyword.builtin.VerifyElementNotPresentKeyword$_verifyElementNotPresent_closure1.doCall(VerifyElementNotPresentKeyword.groovy)
	at com.kms.katalon.core.webui.keyword.internal.WebUIKeywordMain.runKeyword(WebUIKeywordMain.groovy:20)
	at com.kms.katalon.core.webui.keyword.internal.WebUIKeywordMain$runKeyword.call(Unknown Source)
	at com.kms.katalon.core.webui.keyword.builtin.VerifyElementNotPresentKeyword.verifyElementNotPresent(VerifyElementNotPresentKeyword.groovy:117)
	at com.kms.katalon.core.webui.keyword.builtin.VerifyElementNotPresentKeyword.execute(VerifyElementNotPresentKeyword.groovy:68)
	at com.kms.katalon.core.keyword.internal.KeywordExecutor.executeKeywordForPlatform(KeywordExecutor.groovy:74)
	at com.kms.katalon.core.webui.keyword.WebUiBuiltInKeywords.verifyElementNotPresent(WebUiBuiltInKeywords.groovy:1481)
	at com.kms.katalon.core.webui.keyword.WebUiBuiltInKeywords$verifyElementNotPresent$8.call(Unknown Source)
	at GetBrokSumPriceDaily.run(GetBrokSumPriceDaily:258)
	at com.kms.katalon.core.main.ScriptEngine.run(ScriptEngine.java:194)
	at com.kms.katalon.core.main.ScriptEngine.runScriptAsRawText(ScriptEngine.java:119)
	at com.kms.katalon.core.main.TestCaseExecutor.runScript(TestCaseExecutor.java:445)
	at com.kms.katalon.core.main.TestCaseExecutor.doExecute(TestCaseExecutor.java:436)
	at com.kms.katalon.core.main.TestCaseExecutor.processExecutionPhase(TestCaseExecutor.java:415)
	at com.kms.katalon.core.main.TestCaseExecutor.accessMainPhase(TestCaseExecutor.java:407)
	at com.kms.katalon.core.main.TestCaseExecutor.execute(TestCaseExecutor.java:284)
	at com.kms.katalon.core.common.CommonExecutor.accessTestCaseMainPhase(CommonExecutor.java:65)
	at com.kms.katalon.core.main.TestSuiteExecutor.accessTestSuiteMainPhase(TestSuiteExecutor.java:144)
	at com.kms.katalon.core.main.TestSuiteExecutor.execute(TestSuiteExecutor.java:106)
	at com.kms.katalon.core.main.TestCaseMain.startTestSuite(TestCaseMain.java:185)
	at com.kms.katalon.core.main.TestCaseMain$startTestSuite$0.call(Unknown Source)
	at TempTestSuite1705920083951.run(TempTestSuite1705920083951.groovy:36)
)

2024-01-22 18:15:13 - [MESSAGE][WARNING] - Web element with id: 'Object Repository/Stockbit/Bandarmology_Buyer2' located by 'By.xpath: //*[contains(@id, 'rc-tabs-')]/div[2]/div/div/div/div/div/div[2]/table/tbody/tr[3]/td[1]/p' is present after '1' second(s) (Root cause: com.kms.katalon.core.exception.StepFailedException: Web element with id: 'Object Repository/Stockbit/Bandarmology_Buyer2' located by 'By.xpath: //*[contains(@id, 'rc-tabs-')]/div[2]/div/div/div/div/div/div[2]/table/tbody/tr[3]/td[1]/p' is present after '1' second(s)
	at com.kms.katalon.core.webui.keyword.internal.WebUIKeywordMain.stepFailed(WebUIKeywordMain.groovy:64)
	at com.kms.katalon.core.webui.keyword.internal.WebUIKeywordMain$stepFailed$0.call(Unknown Source)
	at com.kms.katalon.core.webui.keyword.builtin.VerifyElementNotPresentKeyword$_verifyElementNotPresent_closure1.doCall(VerifyElementNotPresentKeyword.groovy:106)
	at com.kms.katalon.core.webui.keyword.builtin.VerifyElementNotPresentKeyword$_verifyElementNotPresent_closure1.doCall(VerifyElementNotPresentKeyword.groovy)
	at com.kms.katalon.core.webui.keyword.internal.WebUIKeywordMain.runKeyword(WebUIKeywordMain.groovy:20)
	at com.kms.katalon.core.webui.keyword.internal.WebUIKeywordMain$runKeyword.call(Unknown Source)
	at com.kms.katalon.core.webui.keyword.builtin.VerifyElementNotPresentKeyword.verifyElementNotPresent(VerifyElementNotPresentKeyword.groovy:117)
	at com.kms.katalon.core.webui.keyword.builtin.VerifyElementNotPresentKeyword.execute(VerifyElementNotPresentKeyword.groovy:68)
	at com.kms.katalon.core.keyword.internal.KeywordExecutor.executeKeywordForPlatform(KeywordExecutor.groovy:74)
	at com.kms.katalon.core.webui.keyword.WebUiBuiltInKeywords.verifyElementNotPresent(WebUiBuiltInKeywords.groovy:1481)
	at com.kms.katalon.core.webui.keyword.WebUiBuiltInKeywords$verifyElementNotPresent$8.call(Unknown Source)
	at GetBrokSumPriceDaily.run(GetBrokSumPriceDaily:258)
	at com.kms.katalon.core.main.ScriptEngine.run(ScriptEngine.java:194)
	at com.kms.katalon.core.main.ScriptEngine.runScriptAsRawText(ScriptEngine.java:119)
	at com.kms.katalon.core.main.TestCaseExecutor.runScript(TestCaseExecutor.java:445)
	at com.kms.katalon.core.main.TestCaseExecutor.doExecute(TestCaseExecutor.java:436)
	at com.kms.katalon.core.main.TestCaseExecutor.processExecutionPhase(TestCaseExecutor.java:415)
	at com.kms.katalon.core.main.TestCaseExecutor.accessMainPhase(TestCaseExecutor.java:407)
	at com.kms.katalon.core.main.TestCaseExecutor.execute(TestCaseExecutor.java:284)
	at com.kms.katalon.core.common.CommonExecutor.accessTestCaseMainPhase(CommonExecutor.java:65)
	at com.kms.katalon.core.main.TestSuiteExecutor.accessTestSuiteMainPhase(TestSuiteExecutor.java:144)
	at com.kms.katalon.core.main.TestSuiteExecutor.execute(TestSuiteExecutor.java:106)
	at com.kms.katalon.core.main.TestCaseMain.startTestSuite(TestCaseMain.java:185)
	at com.kms.katalon.core.main.TestCaseMain$startTestSuite$0.call(Unknown Source)
	at TempTestSuite1705920083951.run(TempTestSuite1705920083951.groovy:36)
)
[[ATTACHMENT|C:\\Users\\Fadli\\git\\KatalonDailyGetData2\\Reports\\20240122_174123\\TS1\\20240122_174123\\1705922113360.png]]

2024-01-22 18:15:13 - [TEST_STEP][PASSED] - else: null

2024-01-22 18:15:13 - [TEST_STEP][PASSED] - strBuyer2 = getText(findTestObject("Stockbit/Bandarmology_Buyer2")): Text of object 'Object Repository/Stockbit/Bandarmology_Buyer2' is: 'PD'

2024-01-22 18:15:13 - [MESSAGE][PASSED] - Text of object 'Object Repository/Stockbit/Bandarmology_Buyer2' is: 'PD'

2024-01-22 18:15:13 - [TEST_STEP][PASSED] - strBuyerVol2 = getText(findTestObject("Stockbit/Bandarmology_BuyerVol2")): Text of object 'Object Repository/Stockbit/Bandarmology_BuyerVol2' is: '23.9 K'

2024-01-22 18:15:13 - [MESSAGE][PASSED] - Text of object 'Object Repository/Stockbit/Bandarmology_BuyerVol2' is: '23.9 K'

2024-01-22 18:15:13 - [TEST_STEP][PASSED] - strBuyerAvg2 = getText(findTestObject("Stockbit/Bandarmology_BuyerAvg2")): Text of object 'Object Repository/Stockbit/Bandarmology_BuyerAvg2' is: '317'

2024-01-22 18:15:13 - [MESSAGE][PASSED] - Text of object 'Object Repository/Stockbit/Bandarmology_BuyerAvg2' is: '317'

2024-01-22 18:15:13 - [TEST_STEP][PASSED] - if (strBuyer2 != ""): null

2024-01-22 18:15:13 - [TEST_STEP][PASSED] - if (strBuyerAvg2.contains(",")): null

2024-01-22 18:15:13 - [TEST_STEP][PASSED] - if (strBuyerVol2.contains(" B")): null

2024-01-22 18:15:13 - [TEST_STEP][PASSED] - else if (strBuyerVol2.contains(" M")): null

2024-01-22 18:15:13 - [TEST_STEP][PASSED] - else if (strBuyerVol2.contains(" K")): null

2024-01-22 18:15:13 - [TEST_STEP][PASSED] - strBuyerVol2 = strBuyerVol2.replace(" K", ""): null

2024-01-22 18:15:13 - [TEST_STEP][PASSED] - strBuyerVol2 = strBuyerVol2.toDouble() * 1000: null

2024-01-22 18:15:13 - [TEST_STEP][PASSED] - if (strBuyerVol2.contains(".")): null

2024-01-22 18:15:13 - [TEST_STEP][PASSED] - strBuyerVal2 = strBuyerVol2.replace(".", ""): null

2024-01-22 18:15:13 - [TEST_STEP][PASSED] - if (verifyElementNotPresent(findTestObject("Stockbit/Bandarmology_Seller2"), 1, OPTIONAL)): Web element with id: 'Object Repository/Stockbit/Bandarmology_Seller2' located by 'By.xpath: //*[contains(@id, 'rc-tabs-')]/div[2]/div/div/div/div/div/div[2]/table/tbody/tr[3]/td[5]/p' is present after '1' second(s) (Root cause: com.kms.katalon.core.exception.StepFailedException: Web element with id: 'Object Repository/Stockbit/Bandarmology_Seller2' located by 'By.xpath: //*[contains(@id, 'rc-tabs-')]/div[2]/div/div/div/div/div/div[2]/table/tbody/tr[3]/td[5]/p' is present after '1' second(s)
	at com.kms.katalon.core.webui.keyword.internal.WebUIKeywordMain.stepFailed(WebUIKeywordMain.groovy:64)
	at com.kms.katalon.core.webui.keyword.internal.WebUIKeywordMain$stepFailed$0.call(Unknown Source)
	at com.kms.katalon.core.webui.keyword.builtin.VerifyElementNotPresentKeyword$_verifyElementNotPresent_closure1.doCall(VerifyElementNotPresentKeyword.groovy:106)
	at com.kms.katalon.core.webui.keyword.builtin.VerifyElementNotPresentKeyword$_verifyElementNotPresent_closure1.doCall(VerifyElementNotPresentKeyword.groovy)
	at com.kms.katalon.core.webui.keyword.internal.WebUIKeywordMain.runKeyword(WebUIKeywordMain.groovy:20)
	at com.kms.katalon.core.webui.keyword.internal.WebUIKeywordMain$runKeyword.call(Unknown Source)
	at com.kms.katalon.core.webui.keyword.builtin.VerifyElementNotPresentKeyword.verifyElementNotPresent(VerifyElementNotPresentKeyword.groovy:117)
	at com.kms.katalon.core.webui.keyword.builtin.VerifyElementNotPresentKeyword.execute(VerifyElementNotPresentKeyword.groovy:68)
	at com.kms.katalon.core.keyword.internal.KeywordExecutor.executeKeywordForPlatform(KeywordExecutor.groovy:74)
	at com.kms.katalon.core.webui.keyword.WebUiBuiltInKeywords.verifyElementNotPresent(WebUiBuiltInKeywords.groovy:1481)
	at com.kms.katalon.core.webui.keyword.WebUiBuiltInKeywords$verifyElementNotPresent$8.call(Unknown Source)
	at GetBrokSumPriceDaily.run(GetBrokSumPriceDaily:309)
	at com.kms.katalon.core.main.ScriptEngine.run(ScriptEngine.java:194)
	at com.kms.katalon.core.main.ScriptEngine.runScriptAsRawText(ScriptEngine.java:119)
	at com.kms.katalon.core.main.TestCaseExecutor.runScript(TestCaseExecutor.java:445)
	at com.kms.katalon.core.main.TestCaseExecutor.doExecute(TestCaseExecutor.java:436)
	at com.kms.katalon.core.main.TestCaseExecutor.processExecutionPhase(TestCaseExecutor.java:415)
	at com.kms.katalon.core.main.TestCaseExecutor.accessMainPhase(TestCaseExecutor.java:407)
	at com.kms.katalon.core.main.TestCaseExecutor.execute(TestCaseExecutor.java:284)
	at com.kms.katalon.core.common.CommonExecutor.accessTestCaseMainPhase(CommonExecutor.java:65)
	at com.kms.katalon.core.main.TestSuiteExecutor.accessTestSuiteMainPhase(TestSuiteExecutor.java:144)
	at com.kms.katalon.core.main.TestSuiteExecutor.execute(TestSuiteExecutor.java:106)
	at com.kms.katalon.core.main.TestCaseMain.startTestSuite(TestCaseMain.java:185)
	at com.kms.katalon.core.main.TestCaseMain$startTestSuite$0.call(Unknown Source)
	at TempTestSuite1705920083951.run(TempTestSuite1705920083951.groovy:36)
)

2024-01-22 18:15:15 - [MESSAGE][WARNING] - Web element with id: 'Object Repository/Stockbit/Bandarmology_Seller2' located by 'By.xpath: //*[contains(@id, 'rc-tabs-')]/div[2]/div/div/div/div/div/div[2]/table/tbody/tr[3]/td[5]/p' is present after '1' second(s) (Root cause: com.kms.katalon.core.exception.StepFailedException: Web element with id: 'Object Repository/Stockbit/Bandarmology_Seller2' located by 'By.xpath: //*[contains(@id, 'rc-tabs-')]/div[2]/div/div/div/div/div/div[2]/table/tbody/tr[3]/td[5]/p' is present after '1' second(s)
	at com.kms.katalon.core.webui.keyword.internal.WebUIKeywordMain.stepFailed(WebUIKeywordMain.groovy:64)
	at com.kms.katalon.core.webui.keyword.internal.WebUIKeywordMain$stepFailed$0.call(Unknown Source)
	at com.kms.katalon.core.webui.keyword.builtin.VerifyElementNotPresentKeyword$_verifyElementNotPresent_closure1.doCall(VerifyElementNotPresentKeyword.groovy:106)
	at com.kms.katalon.core.webui.keyword.builtin.VerifyElementNotPresentKeyword$_verifyElementNotPresent_closure1.doCall(VerifyElementNotPresentKeyword.groovy)
	at com.kms.katalon.core.webui.keyword.internal.WebUIKeywordMain.runKeyword(WebUIKeywordMain.groovy:20)
	at com.kms.katalon.core.webui.keyword.internal.WebUIKeywordMain$runKeyword.call(Unknown Source)
	at com.kms.katalon.core.webui.keyword.builtin.VerifyElementNotPresentKeyword.verifyElementNotPresent(VerifyElementNotPresentKeyword.groovy:117)
	at com.kms.katalon.core.webui.keyword.builtin.VerifyElementNotPresentKeyword.execute(VerifyElementNotPresentKeyword.groovy:68)
	at com.kms.katalon.core.keyword.internal.KeywordExecutor.executeKeywordForPlatform(KeywordExecutor.groovy:74)
	at com.kms.katalon.core.webui.keyword.WebUiBuiltInKeywords.verifyElementNotPresent(WebUiBuiltInKeywords.groovy:1481)
	at com.kms.katalon.core.webui.keyword.WebUiBuiltInKeywords$verifyElementNotPresent$8.call(Unknown Source)
	at GetBrokSumPriceDaily.run(GetBrokSumPriceDaily:309)
	at com.kms.katalon.core.main.ScriptEngine.run(ScriptEngine.java:194)
	at com.kms.katalon.core.main.ScriptEngine.runScriptAsRawText(ScriptEngine.java:119)
	at com.kms.katalon.core.main.TestCaseExecutor.runScript(TestCaseExecutor.java:445)
	at com.kms.katalon.core.main.TestCaseExecutor.doExecute(TestCaseExecutor.java:436)
	at com.kms.katalon.core.main.TestCaseExecutor.processExecutionPhase(TestCaseExecutor.java:415)
	at com.kms.katalon.core.main.TestCaseExecutor.accessMainPhase(TestCaseExecutor.java:407)
	at com.kms.katalon.core.main.TestCaseExecutor.execute(TestCaseExecutor.java:284)
	at com.kms.katalon.core.common.CommonExecutor.accessTestCaseMainPhase(CommonExecutor.java:65)
	at com.kms.katalon.core.main.TestSuiteExecutor.accessTestSuiteMainPhase(TestSuiteExecutor.java:144)
	at com.kms.katalon.core.main.TestSuiteExecutor.execute(TestSuiteExecutor.java:106)
	at com.kms.katalon.core.main.TestCaseMain.startTestSuite(TestCaseMain.java:185)
	at com.kms.katalon.core.main.TestCaseMain$startTestSuite$0.call(Unknown Source)
	at TempTestSuite1705920083951.run(TempTestSuite1705920083951.groovy:36)
)
[[ATTACHMENT|C:\\Users\\Fadli\\git\\KatalonDailyGetData2\\Reports\\20240122_174123\\TS1\\20240122_174123\\1705922115108.png]]

2024-01-22 18:15:15 - [TEST_STEP][PASSED] - else: null

2024-01-22 18:15:15 - [TEST_STEP][PASSED] - strSeller2 = getText(findTestObject("Stockbit/Bandarmology_Seller2")): Text of object 'Object Repository/Stockbit/Bandarmology_Seller2' is: 'NI'

2024-01-22 18:15:15 - [MESSAGE][PASSED] - Text of object 'Object Repository/Stockbit/Bandarmology_Seller2' is: 'NI'

2024-01-22 18:15:15 - [TEST_STEP][PASSED] - strSellerVol2 = getText(findTestObject("Stockbit/Bandarmology_SellerVol2")): Text of object 'Object Repository/Stockbit/Bandarmology_SellerVol2' is: '37.4 K'

2024-01-22 18:15:15 - [MESSAGE][PASSED] - Text of object 'Object Repository/Stockbit/Bandarmology_SellerVol2' is: '37.4 K'

2024-01-22 18:15:15 - [TEST_STEP][PASSED] - strSellerAvg2 = getText(findTestObject("Stockbit/Bandarmology_SellerAvg2")): Text of object 'Object Repository/Stockbit/Bandarmology_SellerAvg2' is: '316'

2024-01-22 18:15:15 - [MESSAGE][PASSED] - Text of object 'Object Repository/Stockbit/Bandarmology_SellerAvg2' is: '316'

2024-01-22 18:15:15 - [TEST_STEP][PASSED] - if (strSeller2 != ""): null

2024-01-22 18:15:15 - [TEST_STEP][PASSED] - if (strSellerAvg2.contains(",")): null

2024-01-22 18:15:15 - [TEST_STEP][PASSED] - if (strSellerVol2.contains(" B")): null

2024-01-22 18:15:15 - [TEST_STEP][PASSED] - else if (strSellerVol2.contains(" M")): null

2024-01-22 18:15:15 - [TEST_STEP][PASSED] - else if (strSellerVol2.contains(" K")): null

2024-01-22 18:15:15 - [TEST_STEP][PASSED] - strSellerVol2 = strSellerVol2.replace(" K", ""): null

2024-01-22 18:15:15 - [TEST_STEP][PASSED] - strSellerVol2 = strSellerVol2.toDouble() * 1000: null

2024-01-22 18:15:15 - [TEST_STEP][PASSED] - if (verifyElementNotPresent(findTestObject("Stockbit/Bandarmology_Buyer3"), 1, OPTIONAL)): Web element with id: 'Object Repository/Stockbit/Bandarmology_Buyer3' located by 'By.xpath: //*[contains(@id, 'rc-tabs-')]/div[2]/div/div/div/div/div/div[2]/table/tbody/tr[4]/td[1]/p' is present after '1' second(s) (Root cause: com.kms.katalon.core.exception.StepFailedException: Web element with id: 'Object Repository/Stockbit/Bandarmology_Buyer3' located by 'By.xpath: //*[contains(@id, 'rc-tabs-')]/div[2]/div/div/div/div/div/div[2]/table/tbody/tr[4]/td[1]/p' is present after '1' second(s)
	at com.kms.katalon.core.webui.keyword.internal.WebUIKeywordMain.stepFailed(WebUIKeywordMain.groovy:64)
	at com.kms.katalon.core.webui.keyword.internal.WebUIKeywordMain$stepFailed$0.call(Unknown Source)
	at com.kms.katalon.core.webui.keyword.builtin.VerifyElementNotPresentKeyword$_verifyElementNotPresent_closure1.doCall(VerifyElementNotPresentKeyword.groovy:106)
	at com.kms.katalon.core.webui.keyword.builtin.VerifyElementNotPresentKeyword$_verifyElementNotPresent_closure1.doCall(VerifyElementNotPresentKeyword.groovy)
	at com.kms.katalon.core.webui.keyword.internal.WebUIKeywordMain.runKeyword(WebUIKeywordMain.groovy:20)
	at com.kms.katalon.core.webui.keyword.internal.WebUIKeywordMain$runKeyword.call(Unknown Source)
	at com.kms.katalon.core.webui.keyword.builtin.VerifyElementNotPresentKeyword.verifyElementNotPresent(VerifyElementNotPresentKeyword.groovy:117)
	at com.kms.katalon.core.webui.keyword.builtin.VerifyElementNotPresentKeyword.execute(VerifyElementNotPresentKeyword.groovy:68)
	at com.kms.katalon.core.keyword.internal.KeywordExecutor.executeKeywordForPlatform(KeywordExecutor.groovy:74)
	at com.kms.katalon.core.webui.keyword.WebUiBuiltInKeywords.verifyElementNotPresent(WebUiBuiltInKeywords.groovy:1481)
	at com.kms.katalon.core.webui.keyword.WebUiBuiltInKeywords$verifyElementNotPresent$8.call(Unknown Source)
	at GetBrokSumPriceDaily.run(GetBrokSumPriceDaily:361)
	at com.kms.katalon.core.main.ScriptEngine.run(ScriptEngine.java:194)
	at com.kms.katalon.core.main.ScriptEngine.runScriptAsRawText(ScriptEngine.java:119)
	at com.kms.katalon.core.main.TestCaseExecutor.runScript(TestCaseExecutor.java:445)
	at com.kms.katalon.core.main.TestCaseExecutor.doExecute(TestCaseExecutor.java:436)
	at com.kms.katalon.core.main.TestCaseExecutor.processExecutionPhase(TestCaseExecutor.java:415)
	at com.kms.katalon.core.main.TestCaseExecutor.accessMainPhase(TestCaseExecutor.java:407)
	at com.kms.katalon.core.main.TestCaseExecutor.execute(TestCaseExecutor.java:284)
	at com.kms.katalon.core.common.CommonExecutor.accessTestCaseMainPhase(CommonExecutor.java:65)
	at com.kms.katalon.core.main.TestSuiteExecutor.accessTestSuiteMainPhase(TestSuiteExecutor.java:144)
	at com.kms.katalon.core.main.TestSuiteExecutor.execute(TestSuiteExecutor.java:106)
	at com.kms.katalon.core.main.TestCaseMain.startTestSuite(TestCaseMain.java:185)
	at com.kms.katalon.core.main.TestCaseMain$startTestSuite$0.call(Unknown Source)
	at TempTestSuite1705920083951.run(TempTestSuite1705920083951.groovy:36)
)

2024-01-22 18:15:17 - [MESSAGE][WARNING] - Web element with id: 'Object Repository/Stockbit/Bandarmology_Buyer3' located by 'By.xpath: //*[contains(@id, 'rc-tabs-')]/div[2]/div/div/div/div/div/div[2]/table/tbody/tr[4]/td[1]/p' is present after '1' second(s) (Root cause: com.kms.katalon.core.exception.StepFailedException: Web element with id: 'Object Repository/Stockbit/Bandarmology_Buyer3' located by 'By.xpath: //*[contains(@id, 'rc-tabs-')]/div[2]/div/div/div/div/div/div[2]/table/tbody/tr[4]/td[1]/p' is present after '1' second(s)
	at com.kms.katalon.core.webui.keyword.internal.WebUIKeywordMain.stepFailed(WebUIKeywordMain.groovy:64)
	at com.kms.katalon.core.webui.keyword.internal.WebUIKeywordMain$stepFailed$0.call(Unknown Source)
	at com.kms.katalon.core.webui.keyword.builtin.VerifyElementNotPresentKeyword$_verifyElementNotPresent_closure1.doCall(VerifyElementNotPresentKeyword.groovy:106)
	at com.kms.katalon.core.webui.keyword.builtin.VerifyElementNotPresentKeyword$_verifyElementNotPresent_closure1.doCall(VerifyElementNotPresentKeyword.groovy)
	at com.kms.katalon.core.webui.keyword.internal.WebUIKeywordMain.runKeyword(WebUIKeywordMain.groovy:20)
	at com.kms.katalon.core.webui.keyword.internal.WebUIKeywordMain$runKeyword.call(Unknown Source)
	at com.kms.katalon.core.webui.keyword.builtin.VerifyElementNotPresentKeyword.verifyElementNotPresent(VerifyElementNotPresentKeyword.groovy:117)
	at com.kms.katalon.core.webui.keyword.builtin.VerifyElementNotPresentKeyword.execute(VerifyElementNotPresentKeyword.groovy:68)
	at com.kms.katalon.core.keyword.internal.KeywordExecutor.executeKeywordForPlatform(KeywordExecutor.groovy:74)
	at com.kms.katalon.core.webui.keyword.WebUiBuiltInKeywords.verifyElementNotPresent(WebUiBuiltInKeywords.groovy:1481)
	at com.kms.katalon.core.webui.keyword.WebUiBuiltInKeywords$verifyElementNotPresent$8.call(Unknown Source)
	at GetBrokSumPriceDaily.run(GetBrokSumPriceDaily:361)
	at com.kms.katalon.core.main.ScriptEngine.run(ScriptEngine.java:194)
	at com.kms.katalon.core.main.ScriptEngine.runScriptAsRawText(ScriptEngine.java:119)
	at com.kms.katalon.core.main.TestCaseExecutor.runScript(TestCaseExecutor.java:445)
	at com.kms.katalon.core.main.TestCaseExecutor.doExecute(TestCaseExecutor.java:436)
	at com.kms.katalon.core.main.TestCaseExecutor.processExecutionPhase(TestCaseExecutor.java:415)
	at com.kms.katalon.core.main.TestCaseExecutor.accessMainPhase(TestCaseExecutor.java:407)
	at com.kms.katalon.core.main.TestCaseExecutor.execute(TestCaseExecutor.java:284)
	at com.kms.katalon.core.common.CommonExecutor.accessTestCaseMainPhase(CommonExecutor.java:65)
	at com.kms.katalon.core.main.TestSuiteExecutor.accessTestSuiteMainPhase(TestSuiteExecutor.java:144)
	at com.kms.katalon.core.main.TestSuiteExecutor.execute(TestSuiteExecutor.java:106)
	at com.kms.katalon.core.main.TestCaseMain.startTestSuite(TestCaseMain.java:185)
	at com.kms.katalon.core.main.TestCaseMain$startTestSuite$0.call(Unknown Source)
	at TempTestSuite1705920083951.run(TempTestSuite1705920083951.groovy:36)
)
[[ATTACHMENT|C:\\Users\\Fadli\\git\\KatalonDailyGetData2\\Reports\\20240122_174123\\TS1\\20240122_174123\\1705922116815.png]]

2024-01-22 18:15:17 - [TEST_STEP][PASSED] - else: null

2024-01-22 18:15:17 - [TEST_STEP][PASSED] - strBuyer3 = getText(findTestObject("Stockbit/Bandarmology_Buyer3")): Text of object 'Object Repository/Stockbit/Bandarmology_Buyer3' is: 'ZR'

2024-01-22 18:15:17 - [MESSAGE][PASSED] - Text of object 'Object Repository/Stockbit/Bandarmology_Buyer3' is: 'ZR'

2024-01-22 18:15:17 - [TEST_STEP][PASSED] - strBuyerVol3 = getText(findTestObject("Stockbit/Bandarmology_BuyerVol3")): Text of object 'Object Repository/Stockbit/Bandarmology_BuyerVol3' is: '15.3 K'

2024-01-22 18:15:17 - [MESSAGE][PASSED] - Text of object 'Object Repository/Stockbit/Bandarmology_BuyerVol3' is: '15.3 K'

2024-01-22 18:15:17 - [TEST_STEP][PASSED] - strBuyerAvg3 = getText(findTestObject("Stockbit/Bandarmology_BuyerAvg3")): Text of object 'Object Repository/Stockbit/Bandarmology_BuyerAvg3' is: '322'

2024-01-22 18:15:17 - [MESSAGE][PASSED] - Text of object 'Object Repository/Stockbit/Bandarmology_BuyerAvg3' is: '322'

2024-01-22 18:15:17 - [TEST_STEP][PASSED] - if (strBuyer3 != ""): null

2024-01-22 18:15:17 - [TEST_STEP][PASSED] - if (strBuyerAvg3.contains(",")): null

2024-01-22 18:15:17 - [TEST_STEP][PASSED] - if (strBuyerVol3.contains(" B")): null

2024-01-22 18:15:17 - [TEST_STEP][PASSED] - else if (strBuyerVol3.contains(" M")): null

2024-01-22 18:15:17 - [TEST_STEP][PASSED] - else if (strBuyerVol3.contains(" K")): null

2024-01-22 18:15:17 - [TEST_STEP][PASSED] - strBuyerVol3 = strBuyerVol3.replace(" K", ""): null

2024-01-22 18:15:17 - [TEST_STEP][PASSED] - strBuyerVol3 = strBuyerVol3.toDouble() * 1000: null

2024-01-22 18:15:17 - [TEST_STEP][PASSED] - if (verifyElementNotPresent(findTestObject("Stockbit/Bandarmology_Seller3"), 1, OPTIONAL)): Web element with id: 'Object Repository/Stockbit/Bandarmology_Seller3' located by 'By.xpath: //*[contains(@id, 'rc-tabs-')]/div[2]/div/div/div/div/div/div[2]/table/tbody/tr[4]/td[5]/p' is present after '1' second(s) (Root cause: com.kms.katalon.core.exception.StepFailedException: Web element with id: 'Object Repository/Stockbit/Bandarmology_Seller3' located by 'By.xpath: //*[contains(@id, 'rc-tabs-')]/div[2]/div/div/div/div/div/div[2]/table/tbody/tr[4]/td[5]/p' is present after '1' second(s)
	at com.kms.katalon.core.webui.keyword.internal.WebUIKeywordMain.stepFailed(WebUIKeywordMain.groovy:64)
	at com.kms.katalon.core.webui.keyword.internal.WebUIKeywordMain$stepFailed$0.call(Unknown Source)
	at com.kms.katalon.core.webui.keyword.builtin.VerifyElementNotPresentKeyword$_verifyElementNotPresent_closure1.doCall(VerifyElementNotPresentKeyword.groovy:106)
	at com.kms.katalon.core.webui.keyword.builtin.VerifyElementNotPresentKeyword$_verifyElementNotPresent_closure1.doCall(VerifyElementNotPresentKeyword.groovy)
	at com.kms.katalon.core.webui.keyword.internal.WebUIKeywordMain.runKeyword(WebUIKeywordMain.groovy:20)
	at com.kms.katalon.core.webui.keyword.internal.WebUIKeywordMain$runKeyword.call(Unknown Source)
	at com.kms.katalon.core.webui.keyword.builtin.VerifyElementNotPresentKeyword.verifyElementNotPresent(VerifyElementNotPresentKeyword.groovy:117)
	at com.kms.katalon.core.webui.keyword.builtin.VerifyElementNotPresentKeyword.execute(VerifyElementNotPresentKeyword.groovy:68)
	at com.kms.katalon.core.keyword.internal.KeywordExecutor.executeKeywordForPlatform(KeywordExecutor.groovy:74)
	at com.kms.katalon.core.webui.keyword.WebUiBuiltInKeywords.verifyElementNotPresent(WebUiBuiltInKeywords.groovy:1481)
	at com.kms.katalon.core.webui.keyword.WebUiBuiltInKeywords$verifyElementNotPresent$8.call(Unknown Source)
	at GetBrokSumPriceDaily.run(GetBrokSumPriceDaily:414)
	at com.kms.katalon.core.main.ScriptEngine.run(ScriptEngine.java:194)
	at com.kms.katalon.core.main.ScriptEngine.runScriptAsRawText(ScriptEngine.java:119)
	at com.kms.katalon.core.main.TestCaseExecutor.runScript(TestCaseExecutor.java:445)
	at com.kms.katalon.core.main.TestCaseExecutor.doExecute(TestCaseExecutor.java:436)
	at com.kms.katalon.core.main.TestCaseExecutor.processExecutionPhase(TestCaseExecutor.java:415)
	at com.kms.katalon.core.main.TestCaseExecutor.accessMainPhase(TestCaseExecutor.java:407)
	at com.kms.katalon.core.main.TestCaseExecutor.execute(TestCaseExecutor.java:284)
	at com.kms.katalon.core.common.CommonExecutor.accessTestCaseMainPhase(CommonExecutor.java:65)
	at com.kms.katalon.core.main.TestSuiteExecutor.accessTestSuiteMainPhase(TestSuiteExecutor.java:144)
	at com.kms.katalon.core.main.TestSuiteExecutor.execute(TestSuiteExecutor.java:106)
	at com.kms.katalon.core.main.TestCaseMain.startTestSuite(TestCaseMain.java:185)
	at com.kms.katalon.core.main.TestCaseMain$startTestSuite$0.call(Unknown Source)
	at TempTestSuite1705920083951.run(TempTestSuite1705920083951.groovy:36)
)

2024-01-22 18:15:18 - [MESSAGE][WARNING] - Web element with id: 'Object Repository/Stockbit/Bandarmology_Seller3' located by 'By.xpath: //*[contains(@id, 'rc-tabs-')]/div[2]/div/div/div/div/div/div[2]/table/tbody/tr[4]/td[5]/p' is present after '1' second(s) (Root cause: com.kms.katalon.core.exception.StepFailedException: Web element with id: 'Object Repository/Stockbit/Bandarmology_Seller3' located by 'By.xpath: //*[contains(@id, 'rc-tabs-')]/div[2]/div/div/div/div/div/div[2]/table/tbody/tr[4]/td[5]/p' is present after '1' second(s)
	at com.kms.katalon.core.webui.keyword.internal.WebUIKeywordMain.stepFailed(WebUIKeywordMain.groovy:64)
	at com.kms.katalon.core.webui.keyword.internal.WebUIKeywordMain$stepFailed$0.call(Unknown Source)
	at com.kms.katalon.core.webui.keyword.builtin.VerifyElementNotPresentKeyword$_verifyElementNotPresent_closure1.doCall(VerifyElementNotPresentKeyword.groovy:106)
	at com.kms.katalon.core.webui.keyword.builtin.VerifyElementNotPresentKeyword$_verifyElementNotPresent_closure1.doCall(VerifyElementNotPresentKeyword.groovy)
	at com.kms.katalon.core.webui.keyword.internal.WebUIKeywordMain.runKeyword(WebUIKeywordMain.groovy:20)
	at com.kms.katalon.core.webui.keyword.internal.WebUIKeywordMain$runKeyword.call(Unknown Source)
	at com.kms.katalon.core.webui.keyword.builtin.VerifyElementNotPresentKeyword.verifyElementNotPresent(VerifyElementNotPresentKeyword.groovy:117)
	at com.kms.katalon.core.webui.keyword.builtin.VerifyElementNotPresentKeyword.execute(VerifyElementNotPresentKeyword.groovy:68)
	at com.kms.katalon.core.keyword.internal.KeywordExecutor.executeKeywordForPlatform(KeywordExecutor.groovy:74)
	at com.kms.katalon.core.webui.keyword.WebUiBuiltInKeywords.verifyElementNotPresent(WebUiBuiltInKeywords.groovy:1481)
	at com.kms.katalon.core.webui.keyword.WebUiBuiltInKeywords$verifyElementNotPresent$8.call(Unknown Source)
	at GetBrokSumPriceDaily.run(GetBrokSumPriceDaily:414)
	at com.kms.katalon.core.main.ScriptEngine.run(ScriptEngine.java:194)
	at com.kms.katalon.core.main.ScriptEngine.runScriptAsRawText(ScriptEngine.java:119)
	at com.kms.katalon.core.main.TestCaseExecutor.runScript(TestCaseExecutor.java:445)
	at com.kms.katalon.core.main.TestCaseExecutor.doExecute(TestCaseExecutor.java:436)
	at com.kms.katalon.core.main.TestCaseExecutor.processExecutionPhase(TestCaseExecutor.java:415)
	at com.kms.katalon.core.main.TestCaseExecutor.accessMainPhase(TestCaseExecutor.java:407)
	at com.kms.katalon.core.main.TestCaseExecutor.execute(TestCaseExecutor.java:284)
	at com.kms.katalon.core.common.CommonExecutor.accessTestCaseMainPhase(CommonExecutor.java:65)
	at com.kms.katalon.core.main.TestSuiteExecutor.accessTestSuiteMainPhase(TestSuiteExecutor.java:144)
	at com.kms.katalon.core.main.TestSuiteExecutor.execute(TestSuiteExecutor.java:106)
	at com.kms.katalon.core.main.TestCaseMain.startTestSuite(TestCaseMain.java:185)
	at com.kms.katalon.core.main.TestCaseMain$startTestSuite$0.call(Unknown Source)
	at TempTestSuite1705920083951.run(TempTestSuite1705920083951.groovy:36)
)
[[ATTACHMENT|C:\\Users\\Fadli\\git\\KatalonDailyGetData2\\Reports\\20240122_174123\\TS1\\20240122_174123\\1705922118564.png]]

2024-01-22 18:15:18 - [TEST_STEP][PASSED] - else: null

2024-01-22 18:15:18 - [TEST_STEP][PASSED] - strSeller3 = getText(findTestObject("Stockbit/Bandarmology_Seller3")): Text of object 'Object Repository/Stockbit/Bandarmology_Seller3' is: 'EP'

2024-01-22 18:15:18 - [MESSAGE][PASSED] - Text of object 'Object Repository/Stockbit/Bandarmology_Seller3' is: 'EP'

2024-01-22 18:15:18 - [TEST_STEP][PASSED] - strSellerVol3 = getText(findTestObject("Stockbit/Bandarmology_SellerVol3")): Text of object 'Object Repository/Stockbit/Bandarmology_SellerVol3' is: '22 K'

2024-01-22 18:15:19 - [MESSAGE][PASSED] - Text of object 'Object Repository/Stockbit/Bandarmology_SellerVol3' is: '22 K'

2024-01-22 18:15:19 - [TEST_STEP][PASSED] - strSellerAvg3 = getText(findTestObject("Stockbit/Bandarmology_SellerAvg3")): Text of object 'Object Repository/Stockbit/Bandarmology_SellerAvg3' is: '319'

2024-01-22 18:15:19 - [MESSAGE][PASSED] - Text of object 'Object Repository/Stockbit/Bandarmology_SellerAvg3' is: '319'

2024-01-22 18:15:19 - [TEST_STEP][PASSED] - if (strSeller3 != ""): null

2024-01-22 18:15:19 - [TEST_STEP][PASSED] - if (strSellerAvg3.contains(",")): null

2024-01-22 18:15:19 - [TEST_STEP][PASSED] - if (strSellerVol3.contains(" B")): null

2024-01-22 18:15:19 - [TEST_STEP][PASSED] - else if (strSellerVol3.contains(" M")): null

2024-01-22 18:15:19 - [TEST_STEP][PASSED] - else if (strSellerVol3.contains(" K")): null

2024-01-22 18:15:19 - [TEST_STEP][PASSED] - strSellerVol3 = strSellerVol3.replace(" K", ""): null

2024-01-22 18:15:19 - [TEST_STEP][PASSED] - strSellerVol3 = strSellerVol3.toDouble() * 1000: null

2024-01-22 18:15:19 - [TEST_STEP][PASSED] - strAccDist = getText(findTestObject("Stockbit/Bandarmology_AccDist")): Text of object 'Object Repository/Stockbit/Bandarmology_AccDist' is: 'Acc'

2024-01-22 18:15:19 - [MESSAGE][PASSED] - Text of object 'Object Repository/Stockbit/Bandarmology_AccDist' is: 'Acc'

2024-01-22 18:15:19 - [TEST_STEP][PASSED] - strNetVol = getText(findTestObject("Stockbit/Bandarmology_NetVol")): Text of object 'Object Repository/Stockbit/Bandarmology_NetVol' is: '185,529'

2024-01-22 18:15:19 - [MESSAGE][PASSED] - Text of object 'Object Repository/Stockbit/Bandarmology_NetVol' is: '185,529'

2024-01-22 18:15:19 - [TEST_STEP][PASSED] - strNetVol = strNetVol.replace(",", ""): null

2024-01-22 18:15:19 - [TEST_STEP][PASSED] - strNetVal = getText(findTestObject("Stockbit/Bandarmology_NetVal")): Text of object 'Object Repository/Stockbit/Bandarmology_NetVal' is: '5.9 B'

2024-01-22 18:15:19 - [MESSAGE][PASSED] - Text of object 'Object Repository/Stockbit/Bandarmology_NetVal' is: '5.9 B'

2024-01-22 18:15:19 - [TEST_STEP][PASSED] - delay(3): Delayed 3 second(s)

2024-01-22 18:15:22 - [MESSAGE][PASSED] - Delayed 3 second(s)

2024-01-22 18:15:22 - [TEST_STEP][PASSED] - strOpenPrice = getText(findTestObject("Stockbit/Home_OpenPrice")): Text of object 'Object Repository/Stockbit/Home_OpenPrice' is: '308'

2024-01-22 18:15:22 - [MESSAGE][PASSED] - Text of object 'Object Repository/Stockbit/Home_OpenPrice' is: '308'

2024-01-22 18:15:22 - [TEST_STEP][PASSED] - strOpenPrice = strOpenPrice.replace(",", ""): null

2024-01-22 18:15:22 - [TEST_STEP][PASSED] - strLowPrice = getText(findTestObject("Stockbit/Home_LowPrice")): Text of object 'Object Repository/Stockbit/Home_LowPrice' is: '306'

2024-01-22 18:15:22 - [MESSAGE][PASSED] - Text of object 'Object Repository/Stockbit/Home_LowPrice' is: '306'

2024-01-22 18:15:22 - [TEST_STEP][PASSED] - strLowPrice = strLowPrice.replace(",", ""): null

2024-01-22 18:15:22 - [TEST_STEP][PASSED] - strHighPrice = getText(findTestObject("Stockbit/Home_HighPrice")): Text of object 'Object Repository/Stockbit/Home_HighPrice' is: '324'

2024-01-22 18:15:22 - [MESSAGE][PASSED] - Text of object 'Object Repository/Stockbit/Home_HighPrice' is: '324'

2024-01-22 18:15:22 - [TEST_STEP][PASSED] - strHighPrice = strHighPrice.replace(",", ""): null

2024-01-22 18:15:22 - [TEST_STEP][PASSED] - strClosePrice = getText(findTestObject("Stockbit/Home_ClosePrice")): Text of object 'Object Repository/Stockbit/Home_ClosePrice' is: '314'

2024-01-22 18:15:22 - [MESSAGE][PASSED] - Text of object 'Object Repository/Stockbit/Home_ClosePrice' is: '314'

2024-01-22 18:15:22 - [TEST_STEP][PASSED] - strClosePrice = strClosePrice.replace(",", ""): null

2024-01-22 18:15:22 - [TEST_STEP][PASSED] - strVol = getText(findTestObject("Stockbit/Home_Volume")): Text of object 'Object Repository/Stockbit/Home_Volume' is: '582 K'

2024-01-22 18:15:23 - [MESSAGE][PASSED] - Text of object 'Object Repository/Stockbit/Home_Volume' is: '582 K'

2024-01-22 18:15:23 - [TEST_STEP][PASSED] - if (strVol.contains(" K")): null

2024-01-22 18:15:23 - [TEST_STEP][PASSED] - strVol = strVol.replace(" K", "000"): null

2024-01-22 18:15:23 - [TEST_STEP][PASSED] - if (strVol.contains(",")): null

2024-01-22 18:15:23 - [TEST_STEP][PASSED] - strChange = getText(findTestObject("Stockbit/Home_Change")): Text of object 'Object Repository/Stockbit/Home_Change' is: '2.61%'

2024-01-22 18:15:23 - [MESSAGE][PASSED] - Text of object 'Object Repository/Stockbit/Home_Change' is: '2.61%'

2024-01-22 18:15:23 - [TEST_STEP][PASSED] - strChange = strChange.replace("%", ""): null

2024-01-22 18:15:23 - [TEST_STEP][PASSED] - strFreq = getText(findTestObject("Stockbit/Home_Freq")): Text of object 'Object Repository/Stockbit/Home_Freq' is: '4,600'

2024-01-22 18:15:23 - [MESSAGE][PASSED] - Text of object 'Object Repository/Stockbit/Home_Freq' is: '4,600'

2024-01-22 18:15:23 - [TEST_STEP][PASSED] - if (strFreq.contains(",")): null

2024-01-22 18:15:23 - [TEST_STEP][PASSED] - strFreq = strFreq.replace(",", ""): null

2024-01-22 18:15:23 - [TEST_STEP][PASSED] - if (strFreq == "NA" || strFreq == ""): null

2024-01-22 18:15:23 - [TEST_STEP][PASSED] - else: null

2024-01-22 18:15:23 - [TEST_STEP][PASSED] - dblFreqAnal = strVol.toDouble() / strFreq.toDouble() * strFreq.toDouble() * strFreq.toDouble() * 100000000: null

2024-01-22 18:15:23 - [TEST_STEP][PASSED] - strFreqAnal = String.format("%.4f", dblFreqAnal): null

2024-01-22 18:15:23 - [TEST_STEP][PASSED] - out.println("Double strFreqAnal: " + strFreqAnal): null

2024-01-22 18:15:23 - [TEST_STEP][PASSED] - strTanggal = d.format(DateTimeFormatter.ofPattern("yyyy-MM-dd")): null

2024-01-22 18:15:23 - [TEST_STEP][PASSED] - strTanggal = "#" + strTanggal + "#": null

2024-01-22 18:15:23 - [TEST_STEP][PASSED] - strSQL = "select count(*) as JumBaris from TblBrokSum where Nama = '" + strNama + "' and Tanggal = " + strTanggal + "": null

2024-01-22 18:15:23 - [TEST_STEP][PASSED] - resultSet = statement.executeQuery(strSQL): null

2024-01-22 18:15:23 - [TEST_STEP][PASSED] - resultSet.next(): null

2024-01-22 18:15:23 - [TEST_STEP][PASSED] - intJumBaris = resultSet.getInt("JumBaris"): null

2024-01-22 18:15:23 - [TEST_STEP][PASSED] - if (intJumBaris > 0): null

2024-01-22 18:15:23 - [TEST_STEP][PASSED] - else: null

2024-01-22 18:15:23 - [TEST_STEP][PASSED] - try: null

2024-01-22 18:15:23 - [TEST_STEP][PASSED] - out.println("Insert data"): null

2024-01-22 18:15:23 - [TEST_STEP][PASSED] - strSQL = "insert into TblBrokSum (nama, tanggal, top1, top2, top3, AllBrokAvg, AccDist, AvgRP, " + "Buyer1, BuyerVal1, BuyerAvg1, Seller1, SellerVal1, SellerAvg1, Buyer2, BuyerVal2, BuyerAvg2, " + "Seller2, SellerVal2, SellerAvg2, Buyer3, BuyerVal3, BuyerAvg3, Seller3, SellerVal3, SellerAvg3, NetVol, NetVal, " + "OpenPrice, LowPrice, HighPrice, ClosePrice, Volume, Change, Frekuensi, FrekAnal) " + "values ('" + strNama + "', " + strTanggal + ", '" + strTop1 + "', '" + strTop3 + "', '" + strTop5 + "', " + "'" + strAllBrokAvg + "', '" + strAccDist + "', " + intAvgRP + ", '" + strBuyer1 + "', '" + strBuyerVol1 + "', " + strBuyerAvg1 + ", " + "'" + strSeller1 + "', '" + strSellerVol1 + "', " + strSellerAvg1 + ", '" + strBuyer2 + "', '" + strBuyerVol2 + "', " + strBuyerAvg2 + ", " + "'" + strSeller2 + "', '" + strSellerVol2 + "', " + strSellerAvg2 + ", '" + strBuyer3 + "', '" + strBuyerVol3 + "', " + strBuyerAvg3 + ", " + "'" + strSeller3 + "', '" + strSellerVol3 + "', " + strSellerAvg3 + ", " + strNetVol + ", '" + strNetVal + "', " + "" + strOpenPrice + ", " + strLowPrice + ", " + strHighPrice + ", " + strClosePrice + ", '" + strVol + "', " + strChange + ", " + strFreq + ", " + strFreqAnal + ");": null

2024-01-22 18:15:23 - [TEST_STEP][PASSED] - out.println("strSQL = " + strSQL): null

2024-01-22 18:15:23 - [TEST_STEP][PASSED] - statement.executeUpdate(strSQL): null

2024-01-22 18:15:23 - [TEST_STEP][PASSED] - setValueToCellByIndex(sheet01, rowIndex, 4, "DONE"): null

2024-01-22 18:15:23 - [TEST_STEP][PASSED] - saveWorkbook(excelFilePath, workbook01): null

2024-01-22 18:15:23 - [TEST_STEP][PASSED] - waitForElementClickable(findTestObject("Stockbit/menu_Bandarmology"), 10): Object 'Object Repository/Stockbit/menu_Bandarmology' is clickable

2024-01-22 18:15:23 - [MESSAGE][PASSED] - Object 'Object Repository/Stockbit/menu_Bandarmology' is clickable

2024-01-22 18:15:23 - [TEST_STEP][PASSED] - click(findTestObject("Stockbit/menu_Bandarmology")): Object: 'Object Repository/Stockbit/menu_Bandarmology' is clicked on

2024-01-22 18:15:23 - [MESSAGE][PASSED] - Object: 'Object Repository/Stockbit/menu_Bandarmology' is clicked on

2024-01-22 18:15:23 - [TEST_STEP][PASSED] - strTemp = "NA": null

2024-01-22 18:15:23 - [TEST_STEP][PASSED] - if (getCellValueByIndex(sheet01, rowIndex, 4) != "DONE"): Object: 'Object Repository/Stockbit/menu_Bandarmology' is clicked on

2024-01-22 18:15:23 - [TEST_STEP][PASSED] - strNama = getCellValueByIndex(sheet01, rowIndex, 0): null

2024-01-22 18:15:23 - [TEST_STEP][PASSED] - navigateToUrl("https://stockbit.com/#/symbol/" + strNama): Navigate to 'https://stockbit.com/#/symbol/ELSA' successfully

2024-01-22 18:15:25 - [MESSAGE][PASSED] - Navigate to 'https://stockbit.com/#/symbol/ELSA' successfully

2024-01-22 18:15:25 - [TEST_STEP][PASSED] - waitForElementClickable(findTestObject("Stockbit/menu_Bandarmology"), 10): Object 'Object Repository/Stockbit/menu_Bandarmology' is clickable

2024-01-22 18:15:26 - [MESSAGE][PASSED] - Object 'Object Repository/Stockbit/menu_Bandarmology' is clickable

2024-01-22 18:15:26 - [TEST_STEP][PASSED] - click(findTestObject("Stockbit/menu_Bandarmology")): Object: 'Object Repository/Stockbit/menu_Bandarmology' is clicked on

2024-01-22 18:15:26 - [MESSAGE][PASSED] - Object: 'Object Repository/Stockbit/menu_Bandarmology' is clicked on

2024-01-22 18:15:26 - [TEST_STEP][PASSED] - strTanggal = d.format(DateTimeFormatter.ofPattern("MMM dd, yyyy")): null

2024-01-22 18:15:26 - [TEST_STEP][PASSED] - strTanggal = d.format(ISO_DATE): null

2024-01-22 18:15:26 - [TEST_STEP][PASSED] - out.println("strTanggal = " + strTanggal): null

2024-01-22 18:15:26 - [TEST_STEP][PASSED] - out.println("strNama = " + strNama): null

2024-01-22 18:15:26 - [TEST_STEP][PASSED] - out.println("Baris ke = " + rowIndex): null

2024-01-22 18:15:26 - [TEST_STEP][PASSED] - click(findTestObject("Stockbit/input__BandarmologyOpenStartDate")): Object: 'Object Repository/Stockbit/input__BandarmologyOpenStartDate' is clicked on

2024-01-22 18:15:28 - [MESSAGE][PASSED] - Object: 'Object Repository/Stockbit/input__BandarmologyOpenStartDate' is clicked on

2024-01-22 18:15:28 - [TEST_STEP][PASSED] - sendKeys(findTestObject("Stockbit/input__BandarmologyOpenStartDate"), Keys.chord(CONTROL, "a")): Keys 'CONTROL + a' sent to object: 'Object Repository/Stockbit/input__BandarmologyOpenStartDate'

2024-01-22 18:15:28 - [MESSAGE][PASSED] - Keys 'CONTROL + a' sent to object: 'Object Repository/Stockbit/input__BandarmologyOpenStartDate'

2024-01-22 18:15:28 - [TEST_STEP][PASSED] - sendKeys(findTestObject("Stockbit/input__BandarmologyOpenStartDate"), Keys.chord(BACK_SPACE)): Keys 'BACK_SPACE + ' sent to object: 'Object Repository/Stockbit/input__BandarmologyOpenStartDate'

2024-01-22 18:15:29 - [MESSAGE][PASSED] - Keys 'BACK_SPACE + ' sent to object: 'Object Repository/Stockbit/input__BandarmologyOpenStartDate'

2024-01-22 18:15:29 - [TEST_STEP][PASSED] - setText(findTestObject("Stockbit/input__BandarmologyOpenStartDate"), strTanggal): Text '2024-01-22' is set on object 'Object Repository/Stockbit/input__BandarmologyOpenStartDate'

2024-01-22 18:15:30 - [MESSAGE][PASSED] - Text '2024-01-22' is set on object 'Object Repository/Stockbit/input__BandarmologyOpenStartDate'

2024-01-22 18:15:30 - [TEST_STEP][PASSED] - sendKeys(findTestObject("Stockbit/input__BandarmologyOpenStartDate"), Keys.chord(ENTER)): Keys 'ENTER + ' sent to object: 'Object Repository/Stockbit/input__BandarmologyOpenStartDate'

2024-01-22 18:15:30 - [MESSAGE][PASSED] - Keys 'ENTER + ' sent to object: 'Object Repository/Stockbit/input__BandarmologyOpenStartDate'

2024-01-22 18:15:30 - [TEST_STEP][PASSED] - click(findTestObject("Stockbit/input__BandarmologyOpenEndDate")): Object: 'Object Repository/Stockbit/input__BandarmologyOpenEndDate' is clicked on

2024-01-22 18:15:31 - [MESSAGE][PASSED] - Object: 'Object Repository/Stockbit/input__BandarmologyOpenEndDate' is clicked on

2024-01-22 18:15:31 - [TEST_STEP][PASSED] - sendKeys(findTestObject("Stockbit/input__BandarmologyOpenEndDate"), Keys.chord(CONTROL, "a")): Keys 'CONTROL + a' sent to object: 'Object Repository/Stockbit/input__BandarmologyOpenEndDate'

2024-01-22 18:15:31 - [MESSAGE][PASSED] - Keys 'CONTROL + a' sent to object: 'Object Repository/Stockbit/input__BandarmologyOpenEndDate'

2024-01-22 18:15:31 - [TEST_STEP][PASSED] - sendKeys(findTestObject("Stockbit/input__BandarmologyOpenEndDate"), Keys.chord(BACK_SPACE)): Keys 'BACK_SPACE + ' sent to object: 'Object Repository/Stockbit/input__BandarmologyOpenEndDate'

2024-01-22 18:15:32 - [MESSAGE][PASSED] - Keys 'BACK_SPACE + ' sent to object: 'Object Repository/Stockbit/input__BandarmologyOpenEndDate'

2024-01-22 18:15:32 - [TEST_STEP][PASSED] - setText(findTestObject("Stockbit/input__BandarmologyOpenEndDate"), strTanggal): Text '2024-01-22' is set on object 'Object Repository/Stockbit/input__BandarmologyOpenEndDate'

2024-01-22 18:15:33 - [MESSAGE][PASSED] - Text '2024-01-22' is set on object 'Object Repository/Stockbit/input__BandarmologyOpenEndDate'

2024-01-22 18:15:33 - [TEST_STEP][PASSED] - sendKeys(findTestObject("Stockbit/input__BandarmologyOpenEndDate"), Keys.chord(ENTER)): Keys 'ENTER + ' sent to object: 'Object Repository/Stockbit/input__BandarmologyOpenEndDate'

2024-01-22 18:15:33 - [MESSAGE][PASSED] - Keys 'ENTER + ' sent to object: 'Object Repository/Stockbit/input__BandarmologyOpenEndDate'

2024-01-22 18:15:33 - [TEST_STEP][PASSED] - delay(2): Delayed 2 second(s)

2024-01-22 18:15:35 - [MESSAGE][PASSED] - Delayed 2 second(s)

2024-01-22 18:15:35 - [TEST_STEP][PASSED] - strTemp = getText(findTestObject("Stockbit/Bandarmology_AvgRP")): Text of object 'Object Repository/Stockbit/Bandarmology_AvgRP' is: '402'

2024-01-22 18:15:35 - [MESSAGE][PASSED] - Text of object 'Object Repository/Stockbit/Bandarmology_AvgRP' is: '402'

2024-01-22 18:15:35 - [TEST_STEP][PASSED] - out.println("Bandarmology_AvgRP = " + strTemp): null

2024-01-22 18:15:35 - [TEST_STEP][PASSED] - if (strTemp != "0"): null

2024-01-22 18:15:35 - [TEST_STEP][PASSED] - strTop1 = getText(findTestObject("Stockbit/Bandarmology_Top1")): Text of object 'Object Repository/Stockbit/Bandarmology_Top1' is: 'Big Dist'

2024-01-22 18:15:36 - [MESSAGE][PASSED] - Text of object 'Object Repository/Stockbit/Bandarmology_Top1' is: 'Big Dist'

2024-01-22 18:15:36 - [TEST_STEP][PASSED] - strTop3 = getText(findTestObject("Stockbit/Bandarmology_Top3")): Text of object 'Object Repository/Stockbit/Bandarmology_Top3' is: 'Big Dist'

2024-01-22 18:15:36 - [MESSAGE][PASSED] - Text of object 'Object Repository/Stockbit/Bandarmology_Top3' is: 'Big Dist'

2024-01-22 18:15:36 - [TEST_STEP][PASSED] - strTop5 = getText(findTestObject("Stockbit/Bandarmology_Top5")): Text of object 'Object Repository/Stockbit/Bandarmology_Top5' is: 'Big Dist'

2024-01-22 18:15:36 - [MESSAGE][PASSED] - Text of object 'Object Repository/Stockbit/Bandarmology_Top5' is: 'Big Dist'

2024-01-22 18:15:36 - [TEST_STEP][PASSED] - strAllBrokAvg = getText(findTestObject("Stockbit/Bandarmology_TopAVG")): Text of object 'Object Repository/Stockbit/Bandarmology_TopAVG' is: 'Big Dist'

2024-01-22 18:15:36 - [MESSAGE][PASSED] - Text of object 'Object Repository/Stockbit/Bandarmology_TopAVG' is: 'Big Dist'

2024-01-22 18:15:36 - [TEST_STEP][PASSED] - strTemp = getText(findTestObject("Stockbit/Bandarmology_AvgRP")): Text of object 'Object Repository/Stockbit/Bandarmology_AvgRP' is: '402'

2024-01-22 18:15:36 - [MESSAGE][PASSED] - Text of object 'Object Repository/Stockbit/Bandarmology_AvgRP' is: '402'

2024-01-22 18:15:36 - [TEST_STEP][PASSED] - if (strTemp.contains(",")): null

2024-01-22 18:15:36 - [TEST_STEP][PASSED] - intAvgRP = strTemp.toInteger(): null

2024-01-22 18:15:36 - [TEST_STEP][PASSED] - strBuyer1 = getText(findTestObject("Stockbit/Bandarmology_Buyer1")): Text of object 'Object Repository/Stockbit/Bandarmology_Buyer1' is: 'YU'

2024-01-22 18:15:36 - [MESSAGE][PASSED] - Text of object 'Object Repository/Stockbit/Bandarmology_Buyer1' is: 'YU'

2024-01-22 18:15:36 - [TEST_STEP][PASSED] - strBuyerVol1 = getText(findTestObject("Stockbit/Bandarmology_BuyerVol1")): Text of object 'Object Repository/Stockbit/Bandarmology_BuyerVol1' is: '29.4 K'

2024-01-22 18:15:37 - [MESSAGE][PASSED] - Text of object 'Object Repository/Stockbit/Bandarmology_BuyerVol1' is: '29.4 K'

2024-01-22 18:15:37 - [TEST_STEP][PASSED] - strBuyerAvg1 = getText(findTestObject("Stockbit/Bandarmology_BuyerAvg1")): Text of object 'Object Repository/Stockbit/Bandarmology_BuyerAvg1' is: '403'

2024-01-22 18:15:37 - [MESSAGE][PASSED] - Text of object 'Object Repository/Stockbit/Bandarmology_BuyerAvg1' is: '403'

2024-01-22 18:15:37 - [TEST_STEP][PASSED] - if (strBuyerAvg1.contains(",")): null

2024-01-22 18:15:37 - [TEST_STEP][PASSED] - if (strBuyerVol1.contains(" B")): null

2024-01-22 18:15:37 - [TEST_STEP][PASSED] - else if (strBuyerVol1.contains(" M")): null

2024-01-22 18:15:37 - [TEST_STEP][PASSED] - else if (strBuyerVol1.contains(" K")): null

2024-01-22 18:15:37 - [TEST_STEP][PASSED] - strBuyerVol1 = strBuyerVol1.replace(" K", ""): null

2024-01-22 18:15:37 - [TEST_STEP][PASSED] - strBuyerVol1 = strBuyerVol1.toDouble() * 1000: null

2024-01-22 18:15:37 - [TEST_STEP][PASSED] - strSeller1 = getText(findTestObject("Stockbit/Bandarmology_Seller1")): Text of object 'Object Repository/Stockbit/Bandarmology_Seller1' is: 'DR'

2024-01-22 18:15:37 - [MESSAGE][PASSED] - Text of object 'Object Repository/Stockbit/Bandarmology_Seller1' is: 'DR'

2024-01-22 18:15:37 - [TEST_STEP][PASSED] - strSellerVol1 = getText(findTestObject("Stockbit/Bandarmology_SellerVol1")): Text of object 'Object Repository/Stockbit/Bandarmology_SellerVol1' is: '51.5 K'

2024-01-22 18:15:37 - [MESSAGE][PASSED] - Text of object 'Object Repository/Stockbit/Bandarmology_SellerVol1' is: '51.5 K'

2024-01-22 18:15:37 - [TEST_STEP][PASSED] - strSellerAvg1 = getText(findTestObject("Stockbit/Bandarmology_SellerAvg1")): Text of object 'Object Repository/Stockbit/Bandarmology_SellerAvg1' is: '401'

2024-01-22 18:15:37 - [MESSAGE][PASSED] - Text of object 'Object Repository/Stockbit/Bandarmology_SellerAvg1' is: '401'

2024-01-22 18:15:37 - [TEST_STEP][PASSED] - if (strSellerAvg1.contains(",")): null

2024-01-22 18:15:37 - [TEST_STEP][PASSED] - if (strSellerVol1.contains(" B")): null

2024-01-22 18:15:37 - [TEST_STEP][PASSED] - else if (strSellerVol1.contains(" M")): null

2024-01-22 18:15:37 - [TEST_STEP][PASSED] - else if (strSellerVol1.contains(" K")): null

2024-01-22 18:15:37 - [TEST_STEP][PASSED] - strSellerVol1 = strSellerVol1.replace(" K", ""): null

2024-01-22 18:15:37 - [TEST_STEP][PASSED] - strSellerVol1 = strSellerVol1.toDouble() * 1000: null

2024-01-22 18:15:37 - [TEST_STEP][PASSED] - if (verifyElementNotPresent(findTestObject("Stockbit/Bandarmology_Buyer2"), 1, OPTIONAL)): Web element with id: 'Object Repository/Stockbit/Bandarmology_Buyer2' located by 'By.xpath: //*[contains(@id, 'rc-tabs-')]/div[2]/div/div/div/div/div/div[2]/table/tbody/tr[3]/td[1]/p' is present after '1' second(s) (Root cause: com.kms.katalon.core.exception.StepFailedException: Web element with id: 'Object Repository/Stockbit/Bandarmology_Buyer2' located by 'By.xpath: //*[contains(@id, 'rc-tabs-')]/div[2]/div/div/div/div/div/div[2]/table/tbody/tr[3]/td[1]/p' is present after '1' second(s)
	at com.kms.katalon.core.webui.keyword.internal.WebUIKeywordMain.stepFailed(WebUIKeywordMain.groovy:64)
	at com.kms.katalon.core.webui.keyword.internal.WebUIKeywordMain$stepFailed$0.call(Unknown Source)
	at com.kms.katalon.core.webui.keyword.builtin.VerifyElementNotPresentKeyword$_verifyElementNotPresent_closure1.doCall(VerifyElementNotPresentKeyword.groovy:106)
	at com.kms.katalon.core.webui.keyword.builtin.VerifyElementNotPresentKeyword$_verifyElementNotPresent_closure1.doCall(VerifyElementNotPresentKeyword.groovy)
	at com.kms.katalon.core.webui.keyword.internal.WebUIKeywordMain.runKeyword(WebUIKeywordMain.groovy:20)
	at com.kms.katalon.core.webui.keyword.internal.WebUIKeywordMain$runKeyword.call(Unknown Source)
	at com.kms.katalon.core.webui.keyword.builtin.VerifyElementNotPresentKeyword.verifyElementNotPresent(VerifyElementNotPresentKeyword.groovy:117)
	at com.kms.katalon.core.webui.keyword.builtin.VerifyElementNotPresentKeyword.execute(VerifyElementNotPresentKeyword.groovy:68)
	at com.kms.katalon.core.keyword.internal.KeywordExecutor.executeKeywordForPlatform(KeywordExecutor.groovy:74)
	at com.kms.katalon.core.webui.keyword.WebUiBuiltInKeywords.verifyElementNotPresent(WebUiBuiltInKeywords.groovy:1481)
	at com.kms.katalon.core.webui.keyword.WebUiBuiltInKeywords$verifyElementNotPresent$8.call(Unknown Source)
	at GetBrokSumPriceDaily.run(GetBrokSumPriceDaily:258)
	at com.kms.katalon.core.main.ScriptEngine.run(ScriptEngine.java:194)
	at com.kms.katalon.core.main.ScriptEngine.runScriptAsRawText(ScriptEngine.java:119)
	at com.kms.katalon.core.main.TestCaseExecutor.runScript(TestCaseExecutor.java:445)
	at com.kms.katalon.core.main.TestCaseExecutor.doExecute(TestCaseExecutor.java:436)
	at com.kms.katalon.core.main.TestCaseExecutor.processExecutionPhase(TestCaseExecutor.java:415)
	at com.kms.katalon.core.main.TestCaseExecutor.accessMainPhase(TestCaseExecutor.java:407)
	at com.kms.katalon.core.main.TestCaseExecutor.execute(TestCaseExecutor.java:284)
	at com.kms.katalon.core.common.CommonExecutor.accessTestCaseMainPhase(CommonExecutor.java:65)
	at com.kms.katalon.core.main.TestSuiteExecutor.accessTestSuiteMainPhase(TestSuiteExecutor.java:144)
	at com.kms.katalon.core.main.TestSuiteExecutor.execute(TestSuiteExecutor.java:106)
	at com.kms.katalon.core.main.TestCaseMain.startTestSuite(TestCaseMain.java:185)
	at com.kms.katalon.core.main.TestCaseMain$startTestSuite$0.call(Unknown Source)
	at TempTestSuite1705920083951.run(TempTestSuite1705920083951.groovy:36)
)

2024-01-22 18:15:39 - [MESSAGE][WARNING] - Web element with id: 'Object Repository/Stockbit/Bandarmology_Buyer2' located by 'By.xpath: //*[contains(@id, 'rc-tabs-')]/div[2]/div/div/div/div/div/div[2]/table/tbody/tr[3]/td[1]/p' is present after '1' second(s) (Root cause: com.kms.katalon.core.exception.StepFailedException: Web element with id: 'Object Repository/Stockbit/Bandarmology_Buyer2' located by 'By.xpath: //*[contains(@id, 'rc-tabs-')]/div[2]/div/div/div/div/div/div[2]/table/tbody/tr[3]/td[1]/p' is present after '1' second(s)
	at com.kms.katalon.core.webui.keyword.internal.WebUIKeywordMain.stepFailed(WebUIKeywordMain.groovy:64)
	at com.kms.katalon.core.webui.keyword.internal.WebUIKeywordMain$stepFailed$0.call(Unknown Source)
	at com.kms.katalon.core.webui.keyword.builtin.VerifyElementNotPresentKeyword$_verifyElementNotPresent_closure1.doCall(VerifyElementNotPresentKeyword.groovy:106)
	at com.kms.katalon.core.webui.keyword.builtin.VerifyElementNotPresentKeyword$_verifyElementNotPresent_closure1.doCall(VerifyElementNotPresentKeyword.groovy)
	at com.kms.katalon.core.webui.keyword.internal.WebUIKeywordMain.runKeyword(WebUIKeywordMain.groovy:20)
	at com.kms.katalon.core.webui.keyword.internal.WebUIKeywordMain$runKeyword.call(Unknown Source)
	at com.kms.katalon.core.webui.keyword.builtin.VerifyElementNotPresentKeyword.verifyElementNotPresent(VerifyElementNotPresentKeyword.groovy:117)
	at com.kms.katalon.core.webui.keyword.builtin.VerifyElementNotPresentKeyword.execute(VerifyElementNotPresentKeyword.groovy:68)
	at com.kms.katalon.core.keyword.internal.KeywordExecutor.executeKeywordForPlatform(KeywordExecutor.groovy:74)
	at com.kms.katalon.core.webui.keyword.WebUiBuiltInKeywords.verifyElementNotPresent(WebUiBuiltInKeywords.groovy:1481)
	at com.kms.katalon.core.webui.keyword.WebUiBuiltInKeywords$verifyElementNotPresent$8.call(Unknown Source)
	at GetBrokSumPriceDaily.run(GetBrokSumPriceDaily:258)
	at com.kms.katalon.core.main.ScriptEngine.run(ScriptEngine.java:194)
	at com.kms.katalon.core.main.ScriptEngine.runScriptAsRawText(ScriptEngine.java:119)
	at com.kms.katalon.core.main.TestCaseExecutor.runScript(TestCaseExecutor.java:445)
	at com.kms.katalon.core.main.TestCaseExecutor.doExecute(TestCaseExecutor.java:436)
	at com.kms.katalon.core.main.TestCaseExecutor.processExecutionPhase(TestCaseExecutor.java:415)
	at com.kms.katalon.core.main.TestCaseExecutor.accessMainPhase(TestCaseExecutor.java:407)
	at com.kms.katalon.core.main.TestCaseExecutor.execute(TestCaseExecutor.java:284)
	at com.kms.katalon.core.common.CommonExecutor.accessTestCaseMainPhase(CommonExecutor.java:65)
	at com.kms.katalon.core.main.TestSuiteExecutor.accessTestSuiteMainPhase(TestSuiteExecutor.java:144)
	at com.kms.katalon.core.main.TestSuiteExecutor.execute(TestSuiteExecutor.java:106)
	at com.kms.katalon.core.main.TestCaseMain.startTestSuite(TestCaseMain.java:185)
	at com.kms.katalon.core.main.TestCaseMain$startTestSuite$0.call(Unknown Source)
	at TempTestSuite1705920083951.run(TempTestSuite1705920083951.groovy:36)
)
[[ATTACHMENT|C:\\Users\\Fadli\\git\\KatalonDailyGetData2\\Reports\\20240122_174123\\TS1\\20240122_174123\\1705922138969.png]]

2024-01-22 18:15:39 - [TEST_STEP][PASSED] - else: null

2024-01-22 18:15:39 - [TEST_STEP][PASSED] - strBuyer2 = getText(findTestObject("Stockbit/Bandarmology_Buyer2")): Text of object 'Object Repository/Stockbit/Bandarmology_Buyer2' is: 'CC'

2024-01-22 18:15:39 - [MESSAGE][PASSED] - Text of object 'Object Repository/Stockbit/Bandarmology_Buyer2' is: 'CC'

2024-01-22 18:15:39 - [TEST_STEP][PASSED] - strBuyerVol2 = getText(findTestObject("Stockbit/Bandarmology_BuyerVol2")): Text of object 'Object Repository/Stockbit/Bandarmology_BuyerVol2' is: '12.5 K'

2024-01-22 18:15:39 - [MESSAGE][PASSED] - Text of object 'Object Repository/Stockbit/Bandarmology_BuyerVol2' is: '12.5 K'

2024-01-22 18:15:39 - [TEST_STEP][PASSED] - strBuyerAvg2 = getText(findTestObject("Stockbit/Bandarmology_BuyerAvg2")): Text of object 'Object Repository/Stockbit/Bandarmology_BuyerAvg2' is: '402'

2024-01-22 18:15:39 - [MESSAGE][PASSED] - Text of object 'Object Repository/Stockbit/Bandarmology_BuyerAvg2' is: '402'

2024-01-22 18:15:39 - [TEST_STEP][PASSED] - if (strBuyer2 != ""): null

2024-01-22 18:15:39 - [TEST_STEP][PASSED] - if (strBuyerAvg2.contains(",")): null

2024-01-22 18:15:39 - [TEST_STEP][PASSED] - if (strBuyerVol2.contains(" B")): null

2024-01-22 18:15:39 - [TEST_STEP][PASSED] - else if (strBuyerVol2.contains(" M")): null

2024-01-22 18:15:39 - [TEST_STEP][PASSED] - else if (strBuyerVol2.contains(" K")): null

2024-01-22 18:15:39 - [TEST_STEP][PASSED] - strBuyerVol2 = strBuyerVol2.replace(" K", ""): null

2024-01-22 18:15:39 - [TEST_STEP][PASSED] - strBuyerVol2 = strBuyerVol2.toDouble() * 1000: null

2024-01-22 18:15:39 - [TEST_STEP][PASSED] - if (strBuyerVol2.contains(".")): null

2024-01-22 18:15:39 - [TEST_STEP][PASSED] - strBuyerVal2 = strBuyerVol2.replace(".", ""): null

2024-01-22 18:15:39 - [TEST_STEP][PASSED] - if (verifyElementNotPresent(findTestObject("Stockbit/Bandarmology_Seller2"), 1, OPTIONAL)): Web element with id: 'Object Repository/Stockbit/Bandarmology_Seller2' located by 'By.xpath: //*[contains(@id, 'rc-tabs-')]/div[2]/div/div/div/div/div/div[2]/table/tbody/tr[3]/td[5]/p' is present after '1' second(s) (Root cause: com.kms.katalon.core.exception.StepFailedException: Web element with id: 'Object Repository/Stockbit/Bandarmology_Seller2' located by 'By.xpath: //*[contains(@id, 'rc-tabs-')]/div[2]/div/div/div/div/div/div[2]/table/tbody/tr[3]/td[5]/p' is present after '1' second(s)
	at com.kms.katalon.core.webui.keyword.internal.WebUIKeywordMain.stepFailed(WebUIKeywordMain.groovy:64)
	at com.kms.katalon.core.webui.keyword.internal.WebUIKeywordMain$stepFailed$0.call(Unknown Source)
	at com.kms.katalon.core.webui.keyword.builtin.VerifyElementNotPresentKeyword$_verifyElementNotPresent_closure1.doCall(VerifyElementNotPresentKeyword.groovy:106)
	at com.kms.katalon.core.webui.keyword.builtin.VerifyElementNotPresentKeyword$_verifyElementNotPresent_closure1.doCall(VerifyElementNotPresentKeyword.groovy)
	at com.kms.katalon.core.webui.keyword.internal.WebUIKeywordMain.runKeyword(WebUIKeywordMain.groovy:20)
	at com.kms.katalon.core.webui.keyword.internal.WebUIKeywordMain$runKeyword.call(Unknown Source)
	at com.kms.katalon.core.webui.keyword.builtin.VerifyElementNotPresentKeyword.verifyElementNotPresent(VerifyElementNotPresentKeyword.groovy:117)
	at com.kms.katalon.core.webui.keyword.builtin.VerifyElementNotPresentKeyword.execute(VerifyElementNotPresentKeyword.groovy:68)
	at com.kms.katalon.core.keyword.internal.KeywordExecutor.executeKeywordForPlatform(KeywordExecutor.groovy:74)
	at com.kms.katalon.core.webui.keyword.WebUiBuiltInKeywords.verifyElementNotPresent(WebUiBuiltInKeywords.groovy:1481)
	at com.kms.katalon.core.webui.keyword.WebUiBuiltInKeywords$verifyElementNotPresent$8.call(Unknown Source)
	at GetBrokSumPriceDaily.run(GetBrokSumPriceDaily:309)
	at com.kms.katalon.core.main.ScriptEngine.run(ScriptEngine.java:194)
	at com.kms.katalon.core.main.ScriptEngine.runScriptAsRawText(ScriptEngine.java:119)
	at com.kms.katalon.core.main.TestCaseExecutor.runScript(TestCaseExecutor.java:445)
	at com.kms.katalon.core.main.TestCaseExecutor.doExecute(TestCaseExecutor.java:436)
	at com.kms.katalon.core.main.TestCaseExecutor.processExecutionPhase(TestCaseExecutor.java:415)
	at com.kms.katalon.core.main.TestCaseExecutor.accessMainPhase(TestCaseExecutor.java:407)
	at com.kms.katalon.core.main.TestCaseExecutor.execute(TestCaseExecutor.java:284)
	at com.kms.katalon.core.common.CommonExecutor.accessTestCaseMainPhase(CommonExecutor.java:65)
	at com.kms.katalon.core.main.TestSuiteExecutor.accessTestSuiteMainPhase(TestSuiteExecutor.java:144)
	at com.kms.katalon.core.main.TestSuiteExecutor.execute(TestSuiteExecutor.java:106)
	at com.kms.katalon.core.main.TestCaseMain.startTestSuite(TestCaseMain.java:185)
	at com.kms.katalon.core.main.TestCaseMain$startTestSuite$0.call(Unknown Source)
	at TempTestSuite1705920083951.run(TempTestSuite1705920083951.groovy:36)
)

2024-01-22 18:15:41 - [MESSAGE][WARNING] - Web element with id: 'Object Repository/Stockbit/Bandarmology_Seller2' located by 'By.xpath: //*[contains(@id, 'rc-tabs-')]/div[2]/div/div/div/div/div/div[2]/table/tbody/tr[3]/td[5]/p' is present after '1' second(s) (Root cause: com.kms.katalon.core.exception.StepFailedException: Web element with id: 'Object Repository/Stockbit/Bandarmology_Seller2' located by 'By.xpath: //*[contains(@id, 'rc-tabs-')]/div[2]/div/div/div/div/div/div[2]/table/tbody/tr[3]/td[5]/p' is present after '1' second(s)
	at com.kms.katalon.core.webui.keyword.internal.WebUIKeywordMain.stepFailed(WebUIKeywordMain.groovy:64)
	at com.kms.katalon.core.webui.keyword.internal.WebUIKeywordMain$stepFailed$0.call(Unknown Source)
	at com.kms.katalon.core.webui.keyword.builtin.VerifyElementNotPresentKeyword$_verifyElementNotPresent_closure1.doCall(VerifyElementNotPresentKeyword.groovy:106)
	at com.kms.katalon.core.webui.keyword.builtin.VerifyElementNotPresentKeyword$_verifyElementNotPresent_closure1.doCall(VerifyElementNotPresentKeyword.groovy)
	at com.kms.katalon.core.webui.keyword.internal.WebUIKeywordMain.runKeyword(WebUIKeywordMain.groovy:20)
	at com.kms.katalon.core.webui.keyword.internal.WebUIKeywordMain$runKeyword.call(Unknown Source)
	at com.kms.katalon.core.webui.keyword.builtin.VerifyElementNotPresentKeyword.verifyElementNotPresent(VerifyElementNotPresentKeyword.groovy:117)
	at com.kms.katalon.core.webui.keyword.builtin.VerifyElementNotPresentKeyword.execute(VerifyElementNotPresentKeyword.groovy:68)
	at com.kms.katalon.core.keyword.internal.KeywordExecutor.executeKeywordForPlatform(KeywordExecutor.groovy:74)
	at com.kms.katalon.core.webui.keyword.WebUiBuiltInKeywords.verifyElementNotPresent(WebUiBuiltInKeywords.groovy:1481)
	at com.kms.katalon.core.webui.keyword.WebUiBuiltInKeywords$verifyElementNotPresent$8.call(Unknown Source)
	at GetBrokSumPriceDaily.run(GetBrokSumPriceDaily:309)
	at com.kms.katalon.core.main.ScriptEngine.run(ScriptEngine.java:194)
	at com.kms.katalon.core.main.ScriptEngine.runScriptAsRawText(ScriptEngine.java:119)
	at com.kms.katalon.core.main.TestCaseExecutor.runScript(TestCaseExecutor.java:445)
	at com.kms.katalon.core.main.TestCaseExecutor.doExecute(TestCaseExecutor.java:436)
	at com.kms.katalon.core.main.TestCaseExecutor.processExecutionPhase(TestCaseExecutor.java:415)
	at com.kms.katalon.core.main.TestCaseExecutor.accessMainPhase(TestCaseExecutor.java:407)
	at com.kms.katalon.core.main.TestCaseExecutor.execute(TestCaseExecutor.java:284)
	at com.kms.katalon.core.common.CommonExecutor.accessTestCaseMainPhase(CommonExecutor.java:65)
	at com.kms.katalon.core.main.TestSuiteExecutor.accessTestSuiteMainPhase(TestSuiteExecutor.java:144)
	at com.kms.katalon.core.main.TestSuiteExecutor.execute(TestSuiteExecutor.java:106)
	at com.kms.katalon.core.main.TestCaseMain.startTestSuite(TestCaseMain.java:185)
	at com.kms.katalon.core.main.TestCaseMain$startTestSuite$0.call(Unknown Source)
	at TempTestSuite1705920083951.run(TempTestSuite1705920083951.groovy:36)
)
[[ATTACHMENT|C:\\Users\\Fadli\\git\\KatalonDailyGetData2\\Reports\\20240122_174123\\TS1\\20240122_174123\\1705922140940.png]]

2024-01-22 18:15:41 - [TEST_STEP][PASSED] - else: null

2024-01-22 18:15:41 - [TEST_STEP][PASSED] - strSeller2 = getText(findTestObject("Stockbit/Bandarmology_Seller2")): Text of object 'Object Repository/Stockbit/Bandarmology_Seller2' is: 'CP'

2024-01-22 18:15:41 - [MESSAGE][PASSED] - Text of object 'Object Repository/Stockbit/Bandarmology_Seller2' is: 'CP'

2024-01-22 18:15:41 - [TEST_STEP][PASSED] - strSellerVol2 = getText(findTestObject("Stockbit/Bandarmology_SellerVol2")): Text of object 'Object Repository/Stockbit/Bandarmology_SellerVol2' is: '25.1 K'

2024-01-22 18:15:41 - [MESSAGE][PASSED] - Text of object 'Object Repository/Stockbit/Bandarmology_SellerVol2' is: '25.1 K'

2024-01-22 18:15:41 - [TEST_STEP][PASSED] - strSellerAvg2 = getText(findTestObject("Stockbit/Bandarmology_SellerAvg2")): Text of object 'Object Repository/Stockbit/Bandarmology_SellerAvg2' is: '404'

2024-01-22 18:15:41 - [MESSAGE][PASSED] - Text of object 'Object Repository/Stockbit/Bandarmology_SellerAvg2' is: '404'

2024-01-22 18:15:41 - [TEST_STEP][PASSED] - if (strSeller2 != ""): null

2024-01-22 18:15:41 - [TEST_STEP][PASSED] - if (strSellerAvg2.contains(",")): null

2024-01-22 18:15:41 - [TEST_STEP][PASSED] - if (strSellerVol2.contains(" B")): null

2024-01-22 18:15:41 - [TEST_STEP][PASSED] - else if (strSellerVol2.contains(" M")): null

2024-01-22 18:15:41 - [TEST_STEP][PASSED] - else if (strSellerVol2.contains(" K")): null

2024-01-22 18:15:41 - [TEST_STEP][PASSED] - strSellerVol2 = strSellerVol2.replace(" K", ""): null

2024-01-22 18:15:41 - [TEST_STEP][PASSED] - strSellerVol2 = strSellerVol2.toDouble() * 1000: null

2024-01-22 18:15:41 - [TEST_STEP][PASSED] - if (verifyElementNotPresent(findTestObject("Stockbit/Bandarmology_Buyer3"), 1, OPTIONAL)): Web element with id: 'Object Repository/Stockbit/Bandarmology_Buyer3' located by 'By.xpath: //*[contains(@id, 'rc-tabs-')]/div[2]/div/div/div/div/div/div[2]/table/tbody/tr[4]/td[1]/p' is present after '1' second(s) (Root cause: com.kms.katalon.core.exception.StepFailedException: Web element with id: 'Object Repository/Stockbit/Bandarmology_Buyer3' located by 'By.xpath: //*[contains(@id, 'rc-tabs-')]/div[2]/div/div/div/div/div/div[2]/table/tbody/tr[4]/td[1]/p' is present after '1' second(s)
	at com.kms.katalon.core.webui.keyword.internal.WebUIKeywordMain.stepFailed(WebUIKeywordMain.groovy:64)
	at com.kms.katalon.core.webui.keyword.internal.WebUIKeywordMain$stepFailed$0.call(Unknown Source)
	at com.kms.katalon.core.webui.keyword.builtin.VerifyElementNotPresentKeyword$_verifyElementNotPresent_closure1.doCall(VerifyElementNotPresentKeyword.groovy:106)
	at com.kms.katalon.core.webui.keyword.builtin.VerifyElementNotPresentKeyword$_verifyElementNotPresent_closure1.doCall(VerifyElementNotPresentKeyword.groovy)
	at com.kms.katalon.core.webui.keyword.internal.WebUIKeywordMain.runKeyword(WebUIKeywordMain.groovy:20)
	at com.kms.katalon.core.webui.keyword.internal.WebUIKeywordMain$runKeyword.call(Unknown Source)
	at com.kms.katalon.core.webui.keyword.builtin.VerifyElementNotPresentKeyword.verifyElementNotPresent(VerifyElementNotPresentKeyword.groovy:117)
	at com.kms.katalon.core.webui.keyword.builtin.VerifyElementNotPresentKeyword.execute(VerifyElementNotPresentKeyword.groovy:68)
	at com.kms.katalon.core.keyword.internal.KeywordExecutor.executeKeywordForPlatform(KeywordExecutor.groovy:74)
	at com.kms.katalon.core.webui.keyword.WebUiBuiltInKeywords.verifyElementNotPresent(WebUiBuiltInKeywords.groovy:1481)
	at com.kms.katalon.core.webui.keyword.WebUiBuiltInKeywords$verifyElementNotPresent$8.call(Unknown Source)
	at GetBrokSumPriceDaily.run(GetBrokSumPriceDaily:361)
	at com.kms.katalon.core.main.ScriptEngine.run(ScriptEngine.java:194)
	at com.kms.katalon.core.main.ScriptEngine.runScriptAsRawText(ScriptEngine.java:119)
	at com.kms.katalon.core.main.TestCaseExecutor.runScript(TestCaseExecutor.java:445)
	at com.kms.katalon.core.main.TestCaseExecutor.doExecute(TestCaseExecutor.java:436)
	at com.kms.katalon.core.main.TestCaseExecutor.processExecutionPhase(TestCaseExecutor.java:415)
	at com.kms.katalon.core.main.TestCaseExecutor.accessMainPhase(TestCaseExecutor.java:407)
	at com.kms.katalon.core.main.TestCaseExecutor.execute(TestCaseExecutor.java:284)
	at com.kms.katalon.core.common.CommonExecutor.accessTestCaseMainPhase(CommonExecutor.java:65)
	at com.kms.katalon.core.main.TestSuiteExecutor.accessTestSuiteMainPhase(TestSuiteExecutor.java:144)
	at com.kms.katalon.core.main.TestSuiteExecutor.execute(TestSuiteExecutor.java:106)
	at com.kms.katalon.core.main.TestCaseMain.startTestSuite(TestCaseMain.java:185)
	at com.kms.katalon.core.main.TestCaseMain$startTestSuite$0.call(Unknown Source)
	at TempTestSuite1705920083951.run(TempTestSuite1705920083951.groovy:36)
)

2024-01-22 18:15:43 - [MESSAGE][WARNING] - Web element with id: 'Object Repository/Stockbit/Bandarmology_Buyer3' located by 'By.xpath: //*[contains(@id, 'rc-tabs-')]/div[2]/div/div/div/div/div/div[2]/table/tbody/tr[4]/td[1]/p' is present after '1' second(s) (Root cause: com.kms.katalon.core.exception.StepFailedException: Web element with id: 'Object Repository/Stockbit/Bandarmology_Buyer3' located by 'By.xpath: //*[contains(@id, 'rc-tabs-')]/div[2]/div/div/div/div/div/div[2]/table/tbody/tr[4]/td[1]/p' is present after '1' second(s)
	at com.kms.katalon.core.webui.keyword.internal.WebUIKeywordMain.stepFailed(WebUIKeywordMain.groovy:64)
	at com.kms.katalon.core.webui.keyword.internal.WebUIKeywordMain$stepFailed$0.call(Unknown Source)
	at com.kms.katalon.core.webui.keyword.builtin.VerifyElementNotPresentKeyword$_verifyElementNotPresent_closure1.doCall(VerifyElementNotPresentKeyword.groovy:106)
	at com.kms.katalon.core.webui.keyword.builtin.VerifyElementNotPresentKeyword$_verifyElementNotPresent_closure1.doCall(VerifyElementNotPresentKeyword.groovy)
	at com.kms.katalon.core.webui.keyword.internal.WebUIKeywordMain.runKeyword(WebUIKeywordMain.groovy:20)
	at com.kms.katalon.core.webui.keyword.internal.WebUIKeywordMain$runKeyword.call(Unknown Source)
	at com.kms.katalon.core.webui.keyword.builtin.VerifyElementNotPresentKeyword.verifyElementNotPresent(VerifyElementNotPresentKeyword.groovy:117)
	at com.kms.katalon.core.webui.keyword.builtin.VerifyElementNotPresentKeyword.execute(VerifyElementNotPresentKeyword.groovy:68)
	at com.kms.katalon.core.keyword.internal.KeywordExecutor.executeKeywordForPlatform(KeywordExecutor.groovy:74)
	at com.kms.katalon.core.webui.keyword.WebUiBuiltInKeywords.verifyElementNotPresent(WebUiBuiltInKeywords.groovy:1481)
	at com.kms.katalon.core.webui.keyword.WebUiBuiltInKeywords$verifyElementNotPresent$8.call(Unknown Source)
	at GetBrokSumPriceDaily.run(GetBrokSumPriceDaily:361)
	at com.kms.katalon.core.main.ScriptEngine.run(ScriptEngine.java:194)
	at com.kms.katalon.core.main.ScriptEngine.runScriptAsRawText(ScriptEngine.java:119)
	at com.kms.katalon.core.main.TestCaseExecutor.runScript(TestCaseExecutor.java:445)
	at com.kms.katalon.core.main.TestCaseExecutor.doExecute(TestCaseExecutor.java:436)
	at com.kms.katalon.core.main.TestCaseExecutor.processExecutionPhase(TestCaseExecutor.java:415)
	at com.kms.katalon.core.main.TestCaseExecutor.accessMainPhase(TestCaseExecutor.java:407)
	at com.kms.katalon.core.main.TestCaseExecutor.execute(TestCaseExecutor.java:284)
	at com.kms.katalon.core.common.CommonExecutor.accessTestCaseMainPhase(CommonExecutor.java:65)
	at com.kms.katalon.core.main.TestSuiteExecutor.accessTestSuiteMainPhase(TestSuiteExecutor.java:144)
	at com.kms.katalon.core.main.TestSuiteExecutor.execute(TestSuiteExecutor.java:106)
	at com.kms.katalon.core.main.TestCaseMain.startTestSuite(TestCaseMain.java:185)
	at com.kms.katalon.core.main.TestCaseMain$startTestSuite$0.call(Unknown Source)
	at TempTestSuite1705920083951.run(TempTestSuite1705920083951.groovy:36)
)
[[ATTACHMENT|C:\\Users\\Fadli\\git\\KatalonDailyGetData2\\Reports\\20240122_174123\\TS1\\20240122_174123\\1705922142905.png]]

2024-01-22 18:15:43 - [TEST_STEP][PASSED] - else: null

2024-01-22 18:15:43 - [TEST_STEP][PASSED] - strBuyer3 = getText(findTestObject("Stockbit/Bandarmology_Buyer3")): Text of object 'Object Repository/Stockbit/Bandarmology_Buyer3' is: 'YP'

2024-01-22 18:15:43 - [MESSAGE][PASSED] - Text of object 'Object Repository/Stockbit/Bandarmology_Buyer3' is: 'YP'

2024-01-22 18:15:43 - [TEST_STEP][PASSED] - strBuyerVol3 = getText(findTestObject("Stockbit/Bandarmology_BuyerVol3")): Text of object 'Object Repository/Stockbit/Bandarmology_BuyerVol3' is: '11.6 K'

2024-01-22 18:15:43 - [MESSAGE][PASSED] - Text of object 'Object Repository/Stockbit/Bandarmology_BuyerVol3' is: '11.6 K'

2024-01-22 18:15:43 - [TEST_STEP][PASSED] - strBuyerAvg3 = getText(findTestObject("Stockbit/Bandarmology_BuyerAvg3")): Text of object 'Object Repository/Stockbit/Bandarmology_BuyerAvg3' is: '403'

2024-01-22 18:15:43 - [MESSAGE][PASSED] - Text of object 'Object Repository/Stockbit/Bandarmology_BuyerAvg3' is: '403'

2024-01-22 18:15:43 - [TEST_STEP][PASSED] - if (strBuyer3 != ""): null

2024-01-22 18:15:43 - [TEST_STEP][PASSED] - if (strBuyerAvg3.contains(",")): null

2024-01-22 18:15:43 - [TEST_STEP][PASSED] - if (strBuyerVol3.contains(" B")): null

2024-01-22 18:15:43 - [TEST_STEP][PASSED] - else if (strBuyerVol3.contains(" M")): null

2024-01-22 18:15:43 - [TEST_STEP][PASSED] - else if (strBuyerVol3.contains(" K")): null

2024-01-22 18:15:43 - [TEST_STEP][PASSED] - strBuyerVol3 = strBuyerVol3.replace(" K", ""): null

2024-01-22 18:15:43 - [TEST_STEP][PASSED] - strBuyerVol3 = strBuyerVol3.toDouble() * 1000: null

2024-01-22 18:15:43 - [TEST_STEP][PASSED] - if (verifyElementNotPresent(findTestObject("Stockbit/Bandarmology_Seller3"), 1, OPTIONAL)): Web element with id: 'Object Repository/Stockbit/Bandarmology_Seller3' located by 'By.xpath: //*[contains(@id, 'rc-tabs-')]/div[2]/div/div/div/div/div/div[2]/table/tbody/tr[4]/td[5]/p' is present after '1' second(s) (Root cause: com.kms.katalon.core.exception.StepFailedException: Web element with id: 'Object Repository/Stockbit/Bandarmology_Seller3' located by 'By.xpath: //*[contains(@id, 'rc-tabs-')]/div[2]/div/div/div/div/div/div[2]/table/tbody/tr[4]/td[5]/p' is present after '1' second(s)
	at com.kms.katalon.core.webui.keyword.internal.WebUIKeywordMain.stepFailed(WebUIKeywordMain.groovy:64)
	at com.kms.katalon.core.webui.keyword.internal.WebUIKeywordMain$stepFailed$0.call(Unknown Source)
	at com.kms.katalon.core.webui.keyword.builtin.VerifyElementNotPresentKeyword$_verifyElementNotPresent_closure1.doCall(VerifyElementNotPresentKeyword.groovy:106)
	at com.kms.katalon.core.webui.keyword.builtin.VerifyElementNotPresentKeyword$_verifyElementNotPresent_closure1.doCall(VerifyElementNotPresentKeyword.groovy)
	at com.kms.katalon.core.webui.keyword.internal.WebUIKeywordMain.runKeyword(WebUIKeywordMain.groovy:20)
	at com.kms.katalon.core.webui.keyword.internal.WebUIKeywordMain$runKeyword.call(Unknown Source)
	at com.kms.katalon.core.webui.keyword.builtin.VerifyElementNotPresentKeyword.verifyElementNotPresent(VerifyElementNotPresentKeyword.groovy:117)
	at com.kms.katalon.core.webui.keyword.builtin.VerifyElementNotPresentKeyword.execute(VerifyElementNotPresentKeyword.groovy:68)
	at com.kms.katalon.core.keyword.internal.KeywordExecutor.executeKeywordForPlatform(KeywordExecutor.groovy:74)
	at com.kms.katalon.core.webui.keyword.WebUiBuiltInKeywords.verifyElementNotPresent(WebUiBuiltInKeywords.groovy:1481)
	at com.kms.katalon.core.webui.keyword.WebUiBuiltInKeywords$verifyElementNotPresent$8.call(Unknown Source)
	at GetBrokSumPriceDaily.run(GetBrokSumPriceDaily:414)
	at com.kms.katalon.core.main.ScriptEngine.run(ScriptEngine.java:194)
	at com.kms.katalon.core.main.ScriptEngine.runScriptAsRawText(ScriptEngine.java:119)
	at com.kms.katalon.core.main.TestCaseExecutor.runScript(TestCaseExecutor.java:445)
	at com.kms.katalon.core.main.TestCaseExecutor.doExecute(TestCaseExecutor.java:436)
	at com.kms.katalon.core.main.TestCaseExecutor.processExecutionPhase(TestCaseExecutor.java:415)
	at com.kms.katalon.core.main.TestCaseExecutor.accessMainPhase(TestCaseExecutor.java:407)
	at com.kms.katalon.core.main.TestCaseExecutor.execute(TestCaseExecutor.java:284)
	at com.kms.katalon.core.common.CommonExecutor.accessTestCaseMainPhase(CommonExecutor.java:65)
	at com.kms.katalon.core.main.TestSuiteExecutor.accessTestSuiteMainPhase(TestSuiteExecutor.java:144)
	at com.kms.katalon.core.main.TestSuiteExecutor.execute(TestSuiteExecutor.java:106)
	at com.kms.katalon.core.main.TestCaseMain.startTestSuite(TestCaseMain.java:185)
	at com.kms.katalon.core.main.TestCaseMain$startTestSuite$0.call(Unknown Source)
	at TempTestSuite1705920083951.run(TempTestSuite1705920083951.groovy:36)
)

2024-01-22 18:15:45 - [MESSAGE][WARNING] - Web element with id: 'Object Repository/Stockbit/Bandarmology_Seller3' located by 'By.xpath: //*[contains(@id, 'rc-tabs-')]/div[2]/div/div/div/div/div/div[2]/table/tbody/tr[4]/td[5]/p' is present after '1' second(s) (Root cause: com.kms.katalon.core.exception.StepFailedException: Web element with id: 'Object Repository/Stockbit/Bandarmology_Seller3' located by 'By.xpath: //*[contains(@id, 'rc-tabs-')]/div[2]/div/div/div/div/div/div[2]/table/tbody/tr[4]/td[5]/p' is present after '1' second(s)
	at com.kms.katalon.core.webui.keyword.internal.WebUIKeywordMain.stepFailed(WebUIKeywordMain.groovy:64)
	at com.kms.katalon.core.webui.keyword.internal.WebUIKeywordMain$stepFailed$0.call(Unknown Source)
	at com.kms.katalon.core.webui.keyword.builtin.VerifyElementNotPresentKeyword$_verifyElementNotPresent_closure1.doCall(VerifyElementNotPresentKeyword.groovy:106)
	at com.kms.katalon.core.webui.keyword.builtin.VerifyElementNotPresentKeyword$_verifyElementNotPresent_closure1.doCall(VerifyElementNotPresentKeyword.groovy)
	at com.kms.katalon.core.webui.keyword.internal.WebUIKeywordMain.runKeyword(WebUIKeywordMain.groovy:20)
	at com.kms.katalon.core.webui.keyword.internal.WebUIKeywordMain$runKeyword.call(Unknown Source)
	at com.kms.katalon.core.webui.keyword.builtin.VerifyElementNotPresentKeyword.verifyElementNotPresent(VerifyElementNotPresentKeyword.groovy:117)
	at com.kms.katalon.core.webui.keyword.builtin.VerifyElementNotPresentKeyword.execute(VerifyElementNotPresentKeyword.groovy:68)
	at com.kms.katalon.core.keyword.internal.KeywordExecutor.executeKeywordForPlatform(KeywordExecutor.groovy:74)
	at com.kms.katalon.core.webui.keyword.WebUiBuiltInKeywords.verifyElementNotPresent(WebUiBuiltInKeywords.groovy:1481)
	at com.kms.katalon.core.webui.keyword.WebUiBuiltInKeywords$verifyElementNotPresent$8.call(Unknown Source)
	at GetBrokSumPriceDaily.run(GetBrokSumPriceDaily:414)
	at com.kms.katalon.core.main.ScriptEngine.run(ScriptEngine.java:194)
	at com.kms.katalon.core.main.ScriptEngine.runScriptAsRawText(ScriptEngine.java:119)
	at com.kms.katalon.core.main.TestCaseExecutor.runScript(TestCaseExecutor.java:445)
	at com.kms.katalon.core.main.TestCaseExecutor.doExecute(TestCaseExecutor.java:436)
	at com.kms.katalon.core.main.TestCaseExecutor.processExecutionPhase(TestCaseExecutor.java:415)
	at com.kms.katalon.core.main.TestCaseExecutor.accessMainPhase(TestCaseExecutor.java:407)
	at com.kms.katalon.core.main.TestCaseExecutor.execute(TestCaseExecutor.java:284)
	at com.kms.katalon.core.common.CommonExecutor.accessTestCaseMainPhase(CommonExecutor.java:65)
	at com.kms.katalon.core.main.TestSuiteExecutor.accessTestSuiteMainPhase(TestSuiteExecutor.java:144)
	at com.kms.katalon.core.main.TestSuiteExecutor.execute(TestSuiteExecutor.java:106)
	at com.kms.katalon.core.main.TestCaseMain.startTestSuite(TestCaseMain.java:185)
	at com.kms.katalon.core.main.TestCaseMain$startTestSuite$0.call(Unknown Source)
	at TempTestSuite1705920083951.run(TempTestSuite1705920083951.groovy:36)
)
[[ATTACHMENT|C:\\Users\\Fadli\\git\\KatalonDailyGetData2\\Reports\\20240122_174123\\TS1\\20240122_174123\\1705922144843.png]]

2024-01-22 18:15:45 - [TEST_STEP][PASSED] - else: null

2024-01-22 18:15:45 - [TEST_STEP][PASSED] - strSeller3 = getText(findTestObject("Stockbit/Bandarmology_Seller3")): Text of object 'Object Repository/Stockbit/Bandarmology_Seller3' is: 'EP'

2024-01-22 18:15:45 - [MESSAGE][PASSED] - Text of object 'Object Repository/Stockbit/Bandarmology_Seller3' is: 'EP'

2024-01-22 18:15:45 - [TEST_STEP][PASSED] - strSellerVol3 = getText(findTestObject("Stockbit/Bandarmology_SellerVol3")): Text of object 'Object Repository/Stockbit/Bandarmology_SellerVol3' is: '11.9 K'

2024-01-22 18:15:45 - [MESSAGE][PASSED] - Text of object 'Object Repository/Stockbit/Bandarmology_SellerVol3' is: '11.9 K'

2024-01-22 18:15:45 - [TEST_STEP][PASSED] - strSellerAvg3 = getText(findTestObject("Stockbit/Bandarmology_SellerAvg3")): Text of object 'Object Repository/Stockbit/Bandarmology_SellerAvg3' is: '400'

2024-01-22 18:15:45 - [MESSAGE][PASSED] - Text of object 'Object Repository/Stockbit/Bandarmology_SellerAvg3' is: '400'

2024-01-22 18:15:45 - [TEST_STEP][PASSED] - if (strSeller3 != ""): null

2024-01-22 18:15:45 - [TEST_STEP][PASSED] - if (strSellerAvg3.contains(",")): null

2024-01-22 18:15:45 - [TEST_STEP][PASSED] - if (strSellerVol3.contains(" B")): null

2024-01-22 18:15:45 - [TEST_STEP][PASSED] - else if (strSellerVol3.contains(" M")): null

2024-01-22 18:15:45 - [TEST_STEP][PASSED] - else if (strSellerVol3.contains(" K")): null

2024-01-22 18:15:45 - [TEST_STEP][PASSED] - strSellerVol3 = strSellerVol3.replace(" K", ""): null

2024-01-22 18:15:45 - [TEST_STEP][PASSED] - strSellerVol3 = strSellerVol3.toDouble() * 1000: null

2024-01-22 18:15:45 - [TEST_STEP][PASSED] - strAccDist = getText(findTestObject("Stockbit/Bandarmology_AccDist")): Text of object 'Object Repository/Stockbit/Bandarmology_AccDist' is: 'Dist'

2024-01-22 18:15:45 - [MESSAGE][PASSED] - Text of object 'Object Repository/Stockbit/Bandarmology_AccDist' is: 'Dist'

2024-01-22 18:15:45 - [TEST_STEP][PASSED] - strNetVol = getText(findTestObject("Stockbit/Bandarmology_NetVol")): Text of object 'Object Repository/Stockbit/Bandarmology_NetVol' is: '106,140'

2024-01-22 18:15:45 - [MESSAGE][PASSED] - Text of object 'Object Repository/Stockbit/Bandarmology_NetVol' is: '106,140'

2024-01-22 18:15:45 - [TEST_STEP][PASSED] - strNetVol = strNetVol.replace(",", ""): null

2024-01-22 18:15:45 - [TEST_STEP][PASSED] - strNetVal = getText(findTestObject("Stockbit/Bandarmology_NetVal")): Text of object 'Object Repository/Stockbit/Bandarmology_NetVal' is: '4.3 B'

2024-01-22 18:15:46 - [MESSAGE][PASSED] - Text of object 'Object Repository/Stockbit/Bandarmology_NetVal' is: '4.3 B'

2024-01-22 18:15:46 - [TEST_STEP][PASSED] - delay(3): Delayed 3 second(s)

2024-01-22 18:15:49 - [MESSAGE][PASSED] - Delayed 3 second(s)

2024-01-22 18:15:49 - [TEST_STEP][PASSED] - strOpenPrice = getText(findTestObject("Stockbit/Home_OpenPrice")): Text of object 'Object Repository/Stockbit/Home_OpenPrice' is: '408'

2024-01-22 18:15:49 - [MESSAGE][PASSED] - Text of object 'Object Repository/Stockbit/Home_OpenPrice' is: '408'

2024-01-22 18:15:49 - [TEST_STEP][PASSED] - strOpenPrice = strOpenPrice.replace(",", ""): null

2024-01-22 18:15:49 - [TEST_STEP][PASSED] - strLowPrice = getText(findTestObject("Stockbit/Home_LowPrice")): Text of object 'Object Repository/Stockbit/Home_LowPrice' is: '398'

2024-01-22 18:15:49 - [MESSAGE][PASSED] - Text of object 'Object Repository/Stockbit/Home_LowPrice' is: '398'

2024-01-22 18:15:49 - [TEST_STEP][PASSED] - strLowPrice = strLowPrice.replace(",", ""): null

2024-01-22 18:15:49 - [TEST_STEP][PASSED] - strHighPrice = getText(findTestObject("Stockbit/Home_HighPrice")): Text of object 'Object Repository/Stockbit/Home_HighPrice' is: '410'

2024-01-22 18:15:49 - [MESSAGE][PASSED] - Text of object 'Object Repository/Stockbit/Home_HighPrice' is: '410'

2024-01-22 18:15:49 - [TEST_STEP][PASSED] - strHighPrice = strHighPrice.replace(",", ""): null

2024-01-22 18:15:49 - [TEST_STEP][PASSED] - strClosePrice = getText(findTestObject("Stockbit/Home_ClosePrice")): Text of object 'Object Repository/Stockbit/Home_ClosePrice' is: '400'

2024-01-22 18:15:49 - [MESSAGE][PASSED] - Text of object 'Object Repository/Stockbit/Home_ClosePrice' is: '400'

2024-01-22 18:15:49 - [TEST_STEP][PASSED] - strClosePrice = strClosePrice.replace(",", ""): null

2024-01-22 18:15:49 - [TEST_STEP][PASSED] - strVol = getText(findTestObject("Stockbit/Home_Volume")): Text of object 'Object Repository/Stockbit/Home_Volume' is: '214 K'

2024-01-22 18:15:49 - [MESSAGE][PASSED] - Text of object 'Object Repository/Stockbit/Home_Volume' is: '214 K'

2024-01-22 18:15:49 - [TEST_STEP][PASSED] - if (strVol.contains(" K")): null

2024-01-22 18:15:49 - [TEST_STEP][PASSED] - strVol = strVol.replace(" K", "000"): null

2024-01-22 18:15:49 - [TEST_STEP][PASSED] - if (strVol.contains(",")): null

2024-01-22 18:15:49 - [TEST_STEP][PASSED] - strChange = getText(findTestObject("Stockbit/Home_Change")): Text of object 'Object Repository/Stockbit/Home_Change' is: '-1.96%'

2024-01-22 18:15:50 - [MESSAGE][PASSED] - Text of object 'Object Repository/Stockbit/Home_Change' is: '-1.96%'

2024-01-22 18:15:50 - [TEST_STEP][PASSED] - strChange = strChange.replace("%", ""): null

2024-01-22 18:15:50 - [TEST_STEP][PASSED] - strFreq = getText(findTestObject("Stockbit/Home_Freq")): Text of object 'Object Repository/Stockbit/Home_Freq' is: '2,278'

2024-01-22 18:15:50 - [MESSAGE][PASSED] - Text of object 'Object Repository/Stockbit/Home_Freq' is: '2,278'

2024-01-22 18:15:50 - [TEST_STEP][PASSED] - if (strFreq.contains(",")): null

2024-01-22 18:15:50 - [TEST_STEP][PASSED] - strFreq = strFreq.replace(",", ""): null

2024-01-22 18:15:50 - [TEST_STEP][PASSED] - if (strFreq == "NA" || strFreq == ""): null

2024-01-22 18:15:50 - [TEST_STEP][PASSED] - else: null

2024-01-22 18:15:50 - [TEST_STEP][PASSED] - dblFreqAnal = strVol.toDouble() / strFreq.toDouble() * strFreq.toDouble() * strFreq.toDouble() * 100000000: null

2024-01-22 18:15:50 - [TEST_STEP][PASSED] - strFreqAnal = String.format("%.4f", dblFreqAnal): null

2024-01-22 18:15:50 - [TEST_STEP][PASSED] - out.println("Double strFreqAnal: " + strFreqAnal): null

2024-01-22 18:15:50 - [TEST_STEP][PASSED] - strTanggal = d.format(DateTimeFormatter.ofPattern("yyyy-MM-dd")): null

2024-01-22 18:15:50 - [TEST_STEP][PASSED] - strTanggal = "#" + strTanggal + "#": null

2024-01-22 18:15:50 - [TEST_STEP][PASSED] - strSQL = "select count(*) as JumBaris from TblBrokSum where Nama = '" + strNama + "' and Tanggal = " + strTanggal + "": null

2024-01-22 18:15:50 - [TEST_STEP][PASSED] - resultSet = statement.executeQuery(strSQL): null

2024-01-22 18:15:50 - [TEST_STEP][PASSED] - resultSet.next(): null

2024-01-22 18:15:50 - [TEST_STEP][PASSED] - intJumBaris = resultSet.getInt("JumBaris"): null

2024-01-22 18:15:50 - [TEST_STEP][PASSED] - if (intJumBaris > 0): null

2024-01-22 18:15:50 - [TEST_STEP][PASSED] - else: null

2024-01-22 18:15:50 - [TEST_STEP][PASSED] - try: null

2024-01-22 18:15:50 - [TEST_STEP][PASSED] - out.println("Insert data"): null

2024-01-22 18:15:50 - [TEST_STEP][PASSED] - strSQL = "insert into TblBrokSum (nama, tanggal, top1, top2, top3, AllBrokAvg, AccDist, AvgRP, " + "Buyer1, BuyerVal1, BuyerAvg1, Seller1, SellerVal1, SellerAvg1, Buyer2, BuyerVal2, BuyerAvg2, " + "Seller2, SellerVal2, SellerAvg2, Buyer3, BuyerVal3, BuyerAvg3, Seller3, SellerVal3, SellerAvg3, NetVol, NetVal, " + "OpenPrice, LowPrice, HighPrice, ClosePrice, Volume, Change, Frekuensi, FrekAnal) " + "values ('" + strNama + "', " + strTanggal + ", '" + strTop1 + "', '" + strTop3 + "', '" + strTop5 + "', " + "'" + strAllBrokAvg + "', '" + strAccDist + "', " + intAvgRP + ", '" + strBuyer1 + "', '" + strBuyerVol1 + "', " + strBuyerAvg1 + ", " + "'" + strSeller1 + "', '" + strSellerVol1 + "', " + strSellerAvg1 + ", '" + strBuyer2 + "', '" + strBuyerVol2 + "', " + strBuyerAvg2 + ", " + "'" + strSeller2 + "', '" + strSellerVol2 + "', " + strSellerAvg2 + ", '" + strBuyer3 + "', '" + strBuyerVol3 + "', " + strBuyerAvg3 + ", " + "'" + strSeller3 + "', '" + strSellerVol3 + "', " + strSellerAvg3 + ", " + strNetVol + ", '" + strNetVal + "', " + "" + strOpenPrice + ", " + strLowPrice + ", " + strHighPrice + ", " + strClosePrice + ", '" + strVol + "', " + strChange + ", " + strFreq + ", " + strFreqAnal + ");": null

2024-01-22 18:15:50 - [TEST_STEP][PASSED] - out.println("strSQL = " + strSQL): null

2024-01-22 18:15:50 - [TEST_STEP][PASSED] - statement.executeUpdate(strSQL): null

2024-01-22 18:15:50 - [TEST_STEP][PASSED] - setValueToCellByIndex(sheet01, rowIndex, 4, "DONE"): null

2024-01-22 18:15:50 - [TEST_STEP][PASSED] - saveWorkbook(excelFilePath, workbook01): null

2024-01-22 18:15:50 - [TEST_STEP][PASSED] - waitForElementClickable(findTestObject("Stockbit/menu_Bandarmology"), 10): Object 'Object Repository/Stockbit/menu_Bandarmology' is clickable

2024-01-22 18:15:50 - [MESSAGE][PASSED] - Object 'Object Repository/Stockbit/menu_Bandarmology' is clickable

2024-01-22 18:15:50 - [TEST_STEP][PASSED] - click(findTestObject("Stockbit/menu_Bandarmology")): Object: 'Object Repository/Stockbit/menu_Bandarmology' is clicked on

2024-01-22 18:15:50 - [MESSAGE][PASSED] - Object: 'Object Repository/Stockbit/menu_Bandarmology' is clicked on

2024-01-22 18:15:50 - [TEST_STEP][PASSED] - strTemp = "NA": null

2024-01-22 18:15:50 - [TEST_STEP][FAILED] - if (getCellValueByIndex(sheet01, rowIndex, 4) != "DONE"): Unable to get text of object 'Object Repository/Stockbit/Home_Freq' (Root cause: com.kms.katalon.core.exception.StepFailedException: Unable to get text of object 'Object Repository/Stockbit/Home_Freq'
	at com.kms.katalon.core.webui.keyword.internal.WebUIKeywordMain.stepFailed(WebUIKeywordMain.groovy:64)
	at com.kms.katalon.core.webui.keyword.internal.WebUIKeywordMain.runKeyword(WebUIKeywordMain.groovy:26)
	at com.kms.katalon.core.webui.keyword.builtin.GetTextKeyword.getText(GetTextKeyword.groovy:88)
	at com.kms.katalon.core.webui.keyword.builtin.GetTextKeyword.execute(GetTextKeyword.groovy:67)
	at com.kms.katalon.core.keyword.internal.KeywordExecutor.executeKeywordForPlatform(KeywordExecutor.groovy:74)
	at com.kms.katalon.core.webui.keyword.WebUiBuiltInKeywords.getText(WebUiBuiltInKeywords.groovy:918)
	at com.kms.katalon.core.webui.keyword.WebUiBuiltInKeywords$getText$7.call(Unknown Source)
	at GetBrokSumPriceDaily.run(GetBrokSumPriceDaily:510)
	at com.kms.katalon.core.main.ScriptEngine.run(ScriptEngine.java:194)
	at com.kms.katalon.core.main.ScriptEngine.runScriptAsRawText(ScriptEngine.java:119)
	at com.kms.katalon.core.main.TestCaseExecutor.runScript(TestCaseExecutor.java:445)
	at com.kms.katalon.core.main.TestCaseExecutor.doExecute(TestCaseExecutor.java:436)
	at com.kms.katalon.core.main.TestCaseExecutor.processExecutionPhase(TestCaseExecutor.java:415)
	at com.kms.katalon.core.main.TestCaseExecutor.accessMainPhase(TestCaseExecutor.java:407)
	at com.kms.katalon.core.main.TestCaseExecutor.execute(TestCaseExecutor.java:284)
	at com.kms.katalon.core.common.CommonExecutor.accessTestCaseMainPhase(CommonExecutor.java:65)
	at com.kms.katalon.core.main.TestSuiteExecutor.accessTestSuiteMainPhase(TestSuiteExecutor.java:144)
	at com.kms.katalon.core.main.TestSuiteExecutor.execute(TestSuiteExecutor.java:106)
	at com.kms.katalon.core.main.TestCaseMain.startTestSuite(TestCaseMain.java:185)
	at com.kms.katalon.core.main.TestCaseMain$startTestSuite$0.call(Unknown Source)
	at TempTestSuite1705920083951.run(TempTestSuite1705920083951.groovy:36)
Caused by: com.kms.katalon.core.webui.exception.WebElementNotFoundException: Web element with id: 'Object Repository/Stockbit/Home_Freq' located by '//main[@id='main-container']/div[4]/div[2]/div/table/tbody/tr[4]/td[2]' not found
	at com.kms.katalon.core.webui.common.WebUiCommonHelper.findWebElement(WebUiCommonHelper.java:1370)
	at com.kms.katalon.core.webui.keyword.internal.WebUIAbstractKeyword.findWebElement(WebUIAbstractKeyword.groovy:27)
	at com.kms.katalon.core.webui.keyword.internal.WebUIAbstractKeyword.findWebElement(WebUIAbstractKeyword.groovy:26)
	at com.kms.katalon.core.webui.keyword.builtin.GetTextKeyword$_getText_closure1.doCall(GetTextKeyword.groovy:78)
	at com.kms.katalon.core.webui.keyword.builtin.GetTextKeyword$_getText_closure1.call(GetTextKeyword.groovy)
	at com.kms.katalon.core.webui.keyword.internal.WebUIKeywordMain.runKeyword(WebUIKeywordMain.groovy:20)
	at com.kms.katalon.core.webui.keyword.builtin.GetTextKeyword.getText(GetTextKeyword.groovy:88)
	at com.kms.katalon.core.webui.keyword.builtin.GetTextKeyword.execute(GetTextKeyword.groovy:67)
	at com.kms.katalon.core.keyword.internal.KeywordExecutor.executeKeywordForPlatform(KeywordExecutor.groovy:74)
	at com.kms.katalon.core.webui.keyword.WebUiBuiltInKeywords.getText(WebUiBuiltInKeywords.groovy:918)
	at com.kms.katalon.core.webui.keyword.WebUiBuiltInKeywords$getText$7.call(Unknown Source)
	at Script1673024832871.run(Script1673024832871.groovy:510)
	... 13 more
)

2024-01-22 18:15:50 - [TEST_STEP][PASSED] - strNama = getCellValueByIndex(sheet01, rowIndex, 0): null

2024-01-22 18:15:50 - [TEST_STEP][PASSED] - navigateToUrl("https://stockbit.com/#/symbol/" + strNama): Navigate to 'https://stockbit.com/#/symbol/PSDN' successfully

2024-01-22 18:15:55 - [MESSAGE][PASSED] - Navigate to 'https://stockbit.com/#/symbol/PSDN' successfully

2024-01-22 18:15:55 - [TEST_STEP][PASSED] - waitForElementClickable(findTestObject("Stockbit/menu_Bandarmology"), 10): Object 'Object Repository/Stockbit/menu_Bandarmology' is clickable

2024-01-22 18:15:55 - [MESSAGE][PASSED] - Object 'Object Repository/Stockbit/menu_Bandarmology' is clickable

2024-01-22 18:15:55 - [TEST_STEP][PASSED] - click(findTestObject("Stockbit/menu_Bandarmology")): Object: 'Object Repository/Stockbit/menu_Bandarmology' is clicked on

2024-01-22 18:15:55 - [MESSAGE][PASSED] - Object: 'Object Repository/Stockbit/menu_Bandarmology' is clicked on

2024-01-22 18:15:55 - [TEST_STEP][PASSED] - strTanggal = d.format(DateTimeFormatter.ofPattern("MMM dd, yyyy")): null

2024-01-22 18:15:55 - [TEST_STEP][PASSED] - strTanggal = d.format(ISO_DATE): null

2024-01-22 18:15:55 - [TEST_STEP][PASSED] - out.println("strTanggal = " + strTanggal): null

2024-01-22 18:15:55 - [TEST_STEP][PASSED] - out.println("strNama = " + strNama): null

2024-01-22 18:15:55 - [TEST_STEP][PASSED] - out.println("Baris ke = " + rowIndex): null

2024-01-22 18:15:55 - [TEST_STEP][PASSED] - click(findTestObject("Stockbit/input__BandarmologyOpenStartDate")): Object: 'Object Repository/Stockbit/input__BandarmologyOpenStartDate' is clicked on

2024-01-22 18:15:56 - [MESSAGE][PASSED] - Object: 'Object Repository/Stockbit/input__BandarmologyOpenStartDate' is clicked on

2024-01-22 18:15:56 - [TEST_STEP][PASSED] - sendKeys(findTestObject("Stockbit/input__BandarmologyOpenStartDate"), Keys.chord(CONTROL, "a")): Keys 'CONTROL + a' sent to object: 'Object Repository/Stockbit/input__BandarmologyOpenStartDate'

2024-01-22 18:15:57 - [MESSAGE][PASSED] - Keys 'CONTROL + a' sent to object: 'Object Repository/Stockbit/input__BandarmologyOpenStartDate'

2024-01-22 18:15:57 - [TEST_STEP][PASSED] - sendKeys(findTestObject("Stockbit/input__BandarmologyOpenStartDate"), Keys.chord(BACK_SPACE)): Keys 'BACK_SPACE + ' sent to object: 'Object Repository/Stockbit/input__BandarmologyOpenStartDate'

2024-01-22 18:15:57 - [MESSAGE][PASSED] - Keys 'BACK_SPACE + ' sent to object: 'Object Repository/Stockbit/input__BandarmologyOpenStartDate'

2024-01-22 18:15:57 - [TEST_STEP][PASSED] - setText(findTestObject("Stockbit/input__BandarmologyOpenStartDate"), strTanggal): Text '2024-01-22' is set on object 'Object Repository/Stockbit/input__BandarmologyOpenStartDate'

2024-01-22 18:15:58 - [MESSAGE][PASSED] - Text '2024-01-22' is set on object 'Object Repository/Stockbit/input__BandarmologyOpenStartDate'

2024-01-22 18:15:58 - [TEST_STEP][PASSED] - sendKeys(findTestObject("Stockbit/input__BandarmologyOpenStartDate"), Keys.chord(ENTER)): Keys 'ENTER + ' sent to object: 'Object Repository/Stockbit/input__BandarmologyOpenStartDate'

2024-01-22 18:15:59 - [MESSAGE][PASSED] - Keys 'ENTER + ' sent to object: 'Object Repository/Stockbit/input__BandarmologyOpenStartDate'

2024-01-22 18:15:59 - [TEST_STEP][PASSED] - click(findTestObject("Stockbit/input__BandarmologyOpenEndDate")): Object: 'Object Repository/Stockbit/input__BandarmologyOpenEndDate' is clicked on

2024-01-22 18:15:59 - [MESSAGE][PASSED] - Object: 'Object Repository/Stockbit/input__BandarmologyOpenEndDate' is clicked on

2024-01-22 18:15:59 - [TEST_STEP][PASSED] - sendKeys(findTestObject("Stockbit/input__BandarmologyOpenEndDate"), Keys.chord(CONTROL, "a")): Keys 'CONTROL + a' sent to object: 'Object Repository/Stockbit/input__BandarmologyOpenEndDate'

2024-01-22 18:15:59 - [MESSAGE][PASSED] - Keys 'CONTROL + a' sent to object: 'Object Repository/Stockbit/input__BandarmologyOpenEndDate'

2024-01-22 18:15:59 - [TEST_STEP][PASSED] - sendKeys(findTestObject("Stockbit/input__BandarmologyOpenEndDate"), Keys.chord(BACK_SPACE)): Keys 'BACK_SPACE + ' sent to object: 'Object Repository/Stockbit/input__BandarmologyOpenEndDate'

2024-01-22 18:16:00 - [MESSAGE][PASSED] - Keys 'BACK_SPACE + ' sent to object: 'Object Repository/Stockbit/input__BandarmologyOpenEndDate'

2024-01-22 18:16:00 - [TEST_STEP][PASSED] - setText(findTestObject("Stockbit/input__BandarmologyOpenEndDate"), strTanggal): Text '2024-01-22' is set on object 'Object Repository/Stockbit/input__BandarmologyOpenEndDate'

2024-01-22 18:16:01 - [MESSAGE][PASSED] - Text '2024-01-22' is set on object 'Object Repository/Stockbit/input__BandarmologyOpenEndDate'

2024-01-22 18:16:01 - [TEST_STEP][PASSED] - sendKeys(findTestObject("Stockbit/input__BandarmologyOpenEndDate"), Keys.chord(ENTER)): Keys 'ENTER + ' sent to object: 'Object Repository/Stockbit/input__BandarmologyOpenEndDate'

2024-01-22 18:16:01 - [MESSAGE][PASSED] - Keys 'ENTER + ' sent to object: 'Object Repository/Stockbit/input__BandarmologyOpenEndDate'

2024-01-22 18:16:01 - [TEST_STEP][PASSED] - delay(2): Delayed 2 second(s)

2024-01-22 18:16:03 - [MESSAGE][PASSED] - Delayed 2 second(s)

2024-01-22 18:16:03 - [TEST_STEP][PASSED] - strTemp = getText(findTestObject("Stockbit/Bandarmology_AvgRP")): Text of object 'Object Repository/Stockbit/Bandarmology_AvgRP' is: '122'

2024-01-22 18:16:03 - [MESSAGE][PASSED] - Text of object 'Object Repository/Stockbit/Bandarmology_AvgRP' is: '122'

2024-01-22 18:16:03 - [TEST_STEP][PASSED] - out.println("Bandarmology_AvgRP = " + strTemp): null

2024-01-22 18:16:03 - [TEST_STEP][FAILED] - if (strTemp != "0"): Unable to get text of object 'Object Repository/Stockbit/Home_Freq' (Root cause: com.kms.katalon.core.exception.StepFailedException: Unable to get text of object 'Object Repository/Stockbit/Home_Freq'
	at com.kms.katalon.core.webui.keyword.internal.WebUIKeywordMain.stepFailed(WebUIKeywordMain.groovy:64)
	at com.kms.katalon.core.webui.keyword.internal.WebUIKeywordMain.runKeyword(WebUIKeywordMain.groovy:26)
	at com.kms.katalon.core.webui.keyword.builtin.GetTextKeyword.getText(GetTextKeyword.groovy:88)
	at com.kms.katalon.core.webui.keyword.builtin.GetTextKeyword.execute(GetTextKeyword.groovy:67)
	at com.kms.katalon.core.keyword.internal.KeywordExecutor.executeKeywordForPlatform(KeywordExecutor.groovy:74)
	at com.kms.katalon.core.webui.keyword.WebUiBuiltInKeywords.getText(WebUiBuiltInKeywords.groovy:918)
	at com.kms.katalon.core.webui.keyword.WebUiBuiltInKeywords$getText$7.call(Unknown Source)
	at GetBrokSumPriceDaily.run(GetBrokSumPriceDaily:510)
	at com.kms.katalon.core.main.ScriptEngine.run(ScriptEngine.java:194)
	at com.kms.katalon.core.main.ScriptEngine.runScriptAsRawText(ScriptEngine.java:119)
	at com.kms.katalon.core.main.TestCaseExecutor.runScript(TestCaseExecutor.java:445)
	at com.kms.katalon.core.main.TestCaseExecutor.doExecute(TestCaseExecutor.java:436)
	at com.kms.katalon.core.main.TestCaseExecutor.processExecutionPhase(TestCaseExecutor.java:415)
	at com.kms.katalon.core.main.TestCaseExecutor.accessMainPhase(TestCaseExecutor.java:407)
	at com.kms.katalon.core.main.TestCaseExecutor.execute(TestCaseExecutor.java:284)
	at com.kms.katalon.core.common.CommonExecutor.accessTestCaseMainPhase(CommonExecutor.java:65)
	at com.kms.katalon.core.main.TestSuiteExecutor.accessTestSuiteMainPhase(TestSuiteExecutor.java:144)
	at com.kms.katalon.core.main.TestSuiteExecutor.execute(TestSuiteExecutor.java:106)
	at com.kms.katalon.core.main.TestCaseMain.startTestSuite(TestCaseMain.java:185)
	at com.kms.katalon.core.main.TestCaseMain$startTestSuite$0.call(Unknown Source)
	at TempTestSuite1705920083951.run(TempTestSuite1705920083951.groovy:36)
Caused by: com.kms.katalon.core.webui.exception.WebElementNotFoundException: Web element with id: 'Object Repository/Stockbit/Home_Freq' located by '//main[@id='main-container']/div[4]/div[2]/div/table/tbody/tr[4]/td[2]' not found
	at com.kms.katalon.core.webui.common.WebUiCommonHelper.findWebElement(WebUiCommonHelper.java:1370)
	at com.kms.katalon.core.webui.keyword.internal.WebUIAbstractKeyword.findWebElement(WebUIAbstractKeyword.groovy:27)
	at com.kms.katalon.core.webui.keyword.internal.WebUIAbstractKeyword.findWebElement(WebUIAbstractKeyword.groovy:26)
	at com.kms.katalon.core.webui.keyword.builtin.GetTextKeyword$_getText_closure1.doCall(GetTextKeyword.groovy:78)
	at com.kms.katalon.core.webui.keyword.builtin.GetTextKeyword$_getText_closure1.call(GetTextKeyword.groovy)
	at com.kms.katalon.core.webui.keyword.internal.WebUIKeywordMain.runKeyword(WebUIKeywordMain.groovy:20)
	at com.kms.katalon.core.webui.keyword.builtin.GetTextKeyword.getText(GetTextKeyword.groovy:88)
	at com.kms.katalon.core.webui.keyword.builtin.GetTextKeyword.execute(GetTextKeyword.groovy:67)
	at com.kms.katalon.core.keyword.internal.KeywordExecutor.executeKeywordForPlatform(KeywordExecutor.groovy:74)
	at com.kms.katalon.core.webui.keyword.WebUiBuiltInKeywords.getText(WebUiBuiltInKeywords.groovy:918)
	at com.kms.katalon.core.webui.keyword.WebUiBuiltInKeywords$getText$7.call(Unknown Source)
	at Script1673024832871.run(Script1673024832871.groovy:510)
	... 13 more
)

2024-01-22 18:16:03 - [TEST_STEP][PASSED] - strTop1 = getText(findTestObject("Stockbit/Bandarmology_Top1")): Text of object 'Object Repository/Stockbit/Bandarmology_Top1' is: 'Big Dist'

2024-01-22 18:16:03 - [MESSAGE][PASSED] - Text of object 'Object Repository/Stockbit/Bandarmology_Top1' is: 'Big Dist'

2024-01-22 18:16:03 - [TEST_STEP][PASSED] - strTop3 = getText(findTestObject("Stockbit/Bandarmology_Top3")): Text of object 'Object Repository/Stockbit/Bandarmology_Top3' is: 'Big Dist'

2024-01-22 18:16:03 - [MESSAGE][PASSED] - Text of object 'Object Repository/Stockbit/Bandarmology_Top3' is: 'Big Dist'

2024-01-22 18:16:03 - [TEST_STEP][PASSED] - strTop5 = getText(findTestObject("Stockbit/Bandarmology_Top5")): Text of object 'Object Repository/Stockbit/Bandarmology_Top5' is: 'Small Dist'

2024-01-22 18:16:03 - [MESSAGE][PASSED] - Text of object 'Object Repository/Stockbit/Bandarmology_Top5' is: 'Small Dist'

2024-01-22 18:16:03 - [TEST_STEP][PASSED] - strAllBrokAvg = getText(findTestObject("Stockbit/Bandarmology_TopAVG")): Text of object 'Object Repository/Stockbit/Bandarmology_TopAVG' is: 'Normal Dist'

2024-01-22 18:16:04 - [MESSAGE][PASSED] - Text of object 'Object Repository/Stockbit/Bandarmology_TopAVG' is: 'Normal Dist'

2024-01-22 18:16:04 - [TEST_STEP][PASSED] - strTemp = getText(findTestObject("Stockbit/Bandarmology_AvgRP")): Text of object 'Object Repository/Stockbit/Bandarmology_AvgRP' is: '122'

2024-01-22 18:16:04 - [MESSAGE][PASSED] - Text of object 'Object Repository/Stockbit/Bandarmology_AvgRP' is: '122'

2024-01-22 18:16:04 - [TEST_STEP][PASSED] - if (strTemp.contains(",")): null

2024-01-22 18:16:04 - [TEST_STEP][PASSED] - intAvgRP = strTemp.toInteger(): null

2024-01-22 18:16:04 - [TEST_STEP][PASSED] - strBuyer1 = getText(findTestObject("Stockbit/Bandarmology_Buyer1")): Text of object 'Object Repository/Stockbit/Bandarmology_Buyer1' is: 'XA'

2024-01-22 18:16:04 - [MESSAGE][PASSED] - Text of object 'Object Repository/Stockbit/Bandarmology_Buyer1' is: 'XA'

2024-01-22 18:16:04 - [TEST_STEP][PASSED] - strBuyerVol1 = getText(findTestObject("Stockbit/Bandarmology_BuyerVol1")): Text of object 'Object Repository/Stockbit/Bandarmology_BuyerVol1' is: '8.3 K'

2024-01-22 18:16:04 - [MESSAGE][PASSED] - Text of object 'Object Repository/Stockbit/Bandarmology_BuyerVol1' is: '8.3 K'

2024-01-22 18:16:04 - [TEST_STEP][PASSED] - strBuyerAvg1 = getText(findTestObject("Stockbit/Bandarmology_BuyerAvg1")): Text of object 'Object Repository/Stockbit/Bandarmology_BuyerAvg1' is: '120'

2024-01-22 18:16:04 - [MESSAGE][PASSED] - Text of object 'Object Repository/Stockbit/Bandarmology_BuyerAvg1' is: '120'

2024-01-22 18:16:04 - [TEST_STEP][PASSED] - if (strBuyerAvg1.contains(",")): null

2024-01-22 18:16:04 - [TEST_STEP][PASSED] - if (strBuyerVol1.contains(" B")): null

2024-01-22 18:16:04 - [TEST_STEP][PASSED] - else if (strBuyerVol1.contains(" M")): null

2024-01-22 18:16:04 - [TEST_STEP][PASSED] - else if (strBuyerVol1.contains(" K")): null

2024-01-22 18:16:04 - [TEST_STEP][PASSED] - strBuyerVol1 = strBuyerVol1.replace(" K", ""): null

2024-01-22 18:16:04 - [TEST_STEP][PASSED] - strBuyerVol1 = strBuyerVol1.toDouble() * 1000: null

2024-01-22 18:16:04 - [TEST_STEP][PASSED] - strSeller1 = getText(findTestObject("Stockbit/Bandarmology_Seller1")): Text of object 'Object Repository/Stockbit/Bandarmology_Seller1' is: 'KK'

2024-01-22 18:16:04 - [MESSAGE][PASSED] - Text of object 'Object Repository/Stockbit/Bandarmology_Seller1' is: 'KK'

2024-01-22 18:16:04 - [TEST_STEP][PASSED] - strSellerVol1 = getText(findTestObject("Stockbit/Bandarmology_SellerVol1")): Text of object 'Object Repository/Stockbit/Bandarmology_SellerVol1' is: '15.9 K'

2024-01-22 18:16:04 - [MESSAGE][PASSED] - Text of object 'Object Repository/Stockbit/Bandarmology_SellerVol1' is: '15.9 K'

2024-01-22 18:16:04 - [TEST_STEP][PASSED] - strSellerAvg1 = getText(findTestObject("Stockbit/Bandarmology_SellerAvg1")): Text of object 'Object Repository/Stockbit/Bandarmology_SellerAvg1' is: '121'

2024-01-22 18:16:04 - [MESSAGE][PASSED] - Text of object 'Object Repository/Stockbit/Bandarmology_SellerAvg1' is: '121'

2024-01-22 18:16:04 - [TEST_STEP][PASSED] - if (strSellerAvg1.contains(",")): null

2024-01-22 18:16:04 - [TEST_STEP][PASSED] - if (strSellerVol1.contains(" B")): null

2024-01-22 18:16:04 - [TEST_STEP][PASSED] - else if (strSellerVol1.contains(" M")): null

2024-01-22 18:16:04 - [TEST_STEP][PASSED] - else if (strSellerVol1.contains(" K")): null

2024-01-22 18:16:04 - [TEST_STEP][PASSED] - strSellerVol1 = strSellerVol1.replace(" K", ""): null

2024-01-22 18:16:04 - [TEST_STEP][PASSED] - strSellerVol1 = strSellerVol1.toDouble() * 1000: null

2024-01-22 18:16:04 - [TEST_STEP][PASSED] - if (verifyElementNotPresent(findTestObject("Stockbit/Bandarmology_Buyer2"), 1, OPTIONAL)): Web element with id: 'Object Repository/Stockbit/Bandarmology_Buyer2' located by 'By.xpath: //*[contains(@id, 'rc-tabs-')]/div[2]/div/div/div/div/div/div[2]/table/tbody/tr[3]/td[1]/p' is present after '1' second(s) (Root cause: com.kms.katalon.core.exception.StepFailedException: Web element with id: 'Object Repository/Stockbit/Bandarmology_Buyer2' located by 'By.xpath: //*[contains(@id, 'rc-tabs-')]/div[2]/div/div/div/div/div/div[2]/table/tbody/tr[3]/td[1]/p' is present after '1' second(s)
	at com.kms.katalon.core.webui.keyword.internal.WebUIKeywordMain.stepFailed(WebUIKeywordMain.groovy:64)
	at com.kms.katalon.core.webui.keyword.internal.WebUIKeywordMain$stepFailed$0.call(Unknown Source)
	at com.kms.katalon.core.webui.keyword.builtin.VerifyElementNotPresentKeyword$_verifyElementNotPresent_closure1.doCall(VerifyElementNotPresentKeyword.groovy:106)
	at com.kms.katalon.core.webui.keyword.builtin.VerifyElementNotPresentKeyword$_verifyElementNotPresent_closure1.doCall(VerifyElementNotPresentKeyword.groovy)
	at com.kms.katalon.core.webui.keyword.internal.WebUIKeywordMain.runKeyword(WebUIKeywordMain.groovy:20)
	at com.kms.katalon.core.webui.keyword.internal.WebUIKeywordMain$runKeyword.call(Unknown Source)
	at com.kms.katalon.core.webui.keyword.builtin.VerifyElementNotPresentKeyword.verifyElementNotPresent(VerifyElementNotPresentKeyword.groovy:117)
	at com.kms.katalon.core.webui.keyword.builtin.VerifyElementNotPresentKeyword.execute(VerifyElementNotPresentKeyword.groovy:68)
	at com.kms.katalon.core.keyword.internal.KeywordExecutor.executeKeywordForPlatform(KeywordExecutor.groovy:74)
	at com.kms.katalon.core.webui.keyword.WebUiBuiltInKeywords.verifyElementNotPresent(WebUiBuiltInKeywords.groovy:1481)
	at com.kms.katalon.core.webui.keyword.WebUiBuiltInKeywords$verifyElementNotPresent$8.call(Unknown Source)
	at GetBrokSumPriceDaily.run(GetBrokSumPriceDaily:258)
	at com.kms.katalon.core.main.ScriptEngine.run(ScriptEngine.java:194)
	at com.kms.katalon.core.main.ScriptEngine.runScriptAsRawText(ScriptEngine.java:119)
	at com.kms.katalon.core.main.TestCaseExecutor.runScript(TestCaseExecutor.java:445)
	at com.kms.katalon.core.main.TestCaseExecutor.doExecute(TestCaseExecutor.java:436)
	at com.kms.katalon.core.main.TestCaseExecutor.processExecutionPhase(TestCaseExecutor.java:415)
	at com.kms.katalon.core.main.TestCaseExecutor.accessMainPhase(TestCaseExecutor.java:407)
	at com.kms.katalon.core.main.TestCaseExecutor.execute(TestCaseExecutor.java:284)
	at com.kms.katalon.core.common.CommonExecutor.accessTestCaseMainPhase(CommonExecutor.java:65)
	at com.kms.katalon.core.main.TestSuiteExecutor.accessTestSuiteMainPhase(TestSuiteExecutor.java:144)
	at com.kms.katalon.core.main.TestSuiteExecutor.execute(TestSuiteExecutor.java:106)
	at com.kms.katalon.core.main.TestCaseMain.startTestSuite(TestCaseMain.java:185)
	at com.kms.katalon.core.main.TestCaseMain$startTestSuite$0.call(Unknown Source)
	at TempTestSuite1705920083951.run(TempTestSuite1705920083951.groovy:36)
)

2024-01-22 18:16:06 - [MESSAGE][WARNING] - Web element with id: 'Object Repository/Stockbit/Bandarmology_Buyer2' located by 'By.xpath: //*[contains(@id, 'rc-tabs-')]/div[2]/div/div/div/div/div/div[2]/table/tbody/tr[3]/td[1]/p' is present after '1' second(s) (Root cause: com.kms.katalon.core.exception.StepFailedException: Web element with id: 'Object Repository/Stockbit/Bandarmology_Buyer2' located by 'By.xpath: //*[contains(@id, 'rc-tabs-')]/div[2]/div/div/div/div/div/div[2]/table/tbody/tr[3]/td[1]/p' is present after '1' second(s)
	at com.kms.katalon.core.webui.keyword.internal.WebUIKeywordMain.stepFailed(WebUIKeywordMain.groovy:64)
	at com.kms.katalon.core.webui.keyword.internal.WebUIKeywordMain$stepFailed$0.call(Unknown Source)
	at com.kms.katalon.core.webui.keyword.builtin.VerifyElementNotPresentKeyword$_verifyElementNotPresent_closure1.doCall(VerifyElementNotPresentKeyword.groovy:106)
	at com.kms.katalon.core.webui.keyword.builtin.VerifyElementNotPresentKeyword$_verifyElementNotPresent_closure1.doCall(VerifyElementNotPresentKeyword.groovy)
	at com.kms.katalon.core.webui.keyword.internal.WebUIKeywordMain.runKeyword(WebUIKeywordMain.groovy:20)
	at com.kms.katalon.core.webui.keyword.internal.WebUIKeywordMain$runKeyword.call(Unknown Source)
	at com.kms.katalon.core.webui.keyword.builtin.VerifyElementNotPresentKeyword.verifyElementNotPresent(VerifyElementNotPresentKeyword.groovy:117)
	at com.kms.katalon.core.webui.keyword.builtin.VerifyElementNotPresentKeyword.execute(VerifyElementNotPresentKeyword.groovy:68)
	at com.kms.katalon.core.keyword.internal.KeywordExecutor.executeKeywordForPlatform(KeywordExecutor.groovy:74)
	at com.kms.katalon.core.webui.keyword.WebUiBuiltInKeywords.verifyElementNotPresent(WebUiBuiltInKeywords.groovy:1481)
	at com.kms.katalon.core.webui.keyword.WebUiBuiltInKeywords$verifyElementNotPresent$8.call(Unknown Source)
	at GetBrokSumPriceDaily.run(GetBrokSumPriceDaily:258)
	at com.kms.katalon.core.main.ScriptEngine.run(ScriptEngine.java:194)
	at com.kms.katalon.core.main.ScriptEngine.runScriptAsRawText(ScriptEngine.java:119)
	at com.kms.katalon.core.main.TestCaseExecutor.runScript(TestCaseExecutor.java:445)
	at com.kms.katalon.core.main.TestCaseExecutor.doExecute(TestCaseExecutor.java:436)
	at com.kms.katalon.core.main.TestCaseExecutor.processExecutionPhase(TestCaseExecutor.java:415)
	at com.kms.katalon.core.main.TestCaseExecutor.accessMainPhase(TestCaseExecutor.java:407)
	at com.kms.katalon.core.main.TestCaseExecutor.execute(TestCaseExecutor.java:284)
	at com.kms.katalon.core.common.CommonExecutor.accessTestCaseMainPhase(CommonExecutor.java:65)
	at com.kms.katalon.core.main.TestSuiteExecutor.accessTestSuiteMainPhase(TestSuiteExecutor.java:144)
	at com.kms.katalon.core.main.TestSuiteExecutor.execute(TestSuiteExecutor.java:106)
	at com.kms.katalon.core.main.TestCaseMain.startTestSuite(TestCaseMain.java:185)
	at com.kms.katalon.core.main.TestCaseMain$startTestSuite$0.call(Unknown Source)
	at TempTestSuite1705920083951.run(TempTestSuite1705920083951.groovy:36)
)
[[ATTACHMENT|C:\\Users\\Fadli\\git\\KatalonDailyGetData2\\Reports\\20240122_174123\\TS1\\20240122_174123\\1705922166117.png]]

2024-01-22 18:16:06 - [TEST_STEP][PASSED] - else: null

2024-01-22 18:16:06 - [TEST_STEP][PASSED] - strBuyer2 = getText(findTestObject("Stockbit/Bandarmology_Buyer2")): Text of object 'Object Repository/Stockbit/Bandarmology_Buyer2' is: 'CP'

2024-01-22 18:16:06 - [MESSAGE][PASSED] - Text of object 'Object Repository/Stockbit/Bandarmology_Buyer2' is: 'CP'

2024-01-22 18:16:06 - [TEST_STEP][PASSED] - strBuyerVol2 = getText(findTestObject("Stockbit/Bandarmology_BuyerVol2")): Text of object 'Object Repository/Stockbit/Bandarmology_BuyerVol2' is: '2.9 K'

2024-01-22 18:16:06 - [MESSAGE][PASSED] - Text of object 'Object Repository/Stockbit/Bandarmology_BuyerVol2' is: '2.9 K'

2024-01-22 18:16:06 - [TEST_STEP][PASSED] - strBuyerAvg2 = getText(findTestObject("Stockbit/Bandarmology_BuyerAvg2")): Text of object 'Object Repository/Stockbit/Bandarmology_BuyerAvg2' is: '121'

2024-01-22 18:16:06 - [MESSAGE][PASSED] - Text of object 'Object Repository/Stockbit/Bandarmology_BuyerAvg2' is: '121'

2024-01-22 18:16:06 - [TEST_STEP][PASSED] - if (strBuyer2 != ""): null

2024-01-22 18:16:06 - [TEST_STEP][PASSED] - if (strBuyerAvg2.contains(",")): null

2024-01-22 18:16:06 - [TEST_STEP][PASSED] - if (strBuyerVol2.contains(" B")): null

2024-01-22 18:16:06 - [TEST_STEP][PASSED] - else if (strBuyerVol2.contains(" M")): null

2024-01-22 18:16:06 - [TEST_STEP][PASSED] - else if (strBuyerVol2.contains(" K")): null

2024-01-22 18:16:06 - [TEST_STEP][PASSED] - strBuyerVol2 = strBuyerVol2.replace(" K", ""): null

2024-01-22 18:16:06 - [TEST_STEP][PASSED] - strBuyerVol2 = strBuyerVol2.toDouble() * 1000: null

2024-01-22 18:16:06 - [TEST_STEP][PASSED] - if (strBuyerVol2.contains(".")): null

2024-01-22 18:16:06 - [TEST_STEP][PASSED] - strBuyerVal2 = strBuyerVol2.replace(".", ""): null

2024-01-22 18:16:06 - [TEST_STEP][PASSED] - if (verifyElementNotPresent(findTestObject("Stockbit/Bandarmology_Seller2"), 1, OPTIONAL)): Web element with id: 'Object Repository/Stockbit/Bandarmology_Seller2' located by 'By.xpath: //*[contains(@id, 'rc-tabs-')]/div[2]/div/div/div/div/div/div[2]/table/tbody/tr[3]/td[5]/p' is present after '1' second(s) (Root cause: com.kms.katalon.core.exception.StepFailedException: Web element with id: 'Object Repository/Stockbit/Bandarmology_Seller2' located by 'By.xpath: //*[contains(@id, 'rc-tabs-')]/div[2]/div/div/div/div/div/div[2]/table/tbody/tr[3]/td[5]/p' is present after '1' second(s)
	at com.kms.katalon.core.webui.keyword.internal.WebUIKeywordMain.stepFailed(WebUIKeywordMain.groovy:64)
	at com.kms.katalon.core.webui.keyword.internal.WebUIKeywordMain$stepFailed$0.call(Unknown Source)
	at com.kms.katalon.core.webui.keyword.builtin.VerifyElementNotPresentKeyword$_verifyElementNotPresent_closure1.doCall(VerifyElementNotPresentKeyword.groovy:106)
	at com.kms.katalon.core.webui.keyword.builtin.VerifyElementNotPresentKeyword$_verifyElementNotPresent_closure1.doCall(VerifyElementNotPresentKeyword.groovy)
	at com.kms.katalon.core.webui.keyword.internal.WebUIKeywordMain.runKeyword(WebUIKeywordMain.groovy:20)
	at com.kms.katalon.core.webui.keyword.internal.WebUIKeywordMain$runKeyword.call(Unknown Source)
	at com.kms.katalon.core.webui.keyword.builtin.VerifyElementNotPresentKeyword.verifyElementNotPresent(VerifyElementNotPresentKeyword.groovy:117)
	at com.kms.katalon.core.webui.keyword.builtin.VerifyElementNotPresentKeyword.execute(VerifyElementNotPresentKeyword.groovy:68)
	at com.kms.katalon.core.keyword.internal.KeywordExecutor.executeKeywordForPlatform(KeywordExecutor.groovy:74)
	at com.kms.katalon.core.webui.keyword.WebUiBuiltInKeywords.verifyElementNotPresent(WebUiBuiltInKeywords.groovy:1481)
	at com.kms.katalon.core.webui.keyword.WebUiBuiltInKeywords$verifyElementNotPresent$8.call(Unknown Source)
	at GetBrokSumPriceDaily.run(GetBrokSumPriceDaily:309)
	at com.kms.katalon.core.main.ScriptEngine.run(ScriptEngine.java:194)
	at com.kms.katalon.core.main.ScriptEngine.runScriptAsRawText(ScriptEngine.java:119)
	at com.kms.katalon.core.main.TestCaseExecutor.runScript(TestCaseExecutor.java:445)
	at com.kms.katalon.core.main.TestCaseExecutor.doExecute(TestCaseExecutor.java:436)
	at com.kms.katalon.core.main.TestCaseExecutor.processExecutionPhase(TestCaseExecutor.java:415)
	at com.kms.katalon.core.main.TestCaseExecutor.accessMainPhase(TestCaseExecutor.java:407)
	at com.kms.katalon.core.main.TestCaseExecutor.execute(TestCaseExecutor.java:284)
	at com.kms.katalon.core.common.CommonExecutor.accessTestCaseMainPhase(CommonExecutor.java:65)
	at com.kms.katalon.core.main.TestSuiteExecutor.accessTestSuiteMainPhase(TestSuiteExecutor.java:144)
	at com.kms.katalon.core.main.TestSuiteExecutor.execute(TestSuiteExecutor.java:106)
	at com.kms.katalon.core.main.TestCaseMain.startTestSuite(TestCaseMain.java:185)
	at com.kms.katalon.core.main.TestCaseMain$startTestSuite$0.call(Unknown Source)
	at TempTestSuite1705920083951.run(TempTestSuite1705920083951.groovy:36)
)

2024-01-22 18:16:08 - [MESSAGE][WARNING] - Web element with id: 'Object Repository/Stockbit/Bandarmology_Seller2' located by 'By.xpath: //*[contains(@id, 'rc-tabs-')]/div[2]/div/div/div/div/div/div[2]/table/tbody/tr[3]/td[5]/p' is present after '1' second(s) (Root cause: com.kms.katalon.core.exception.StepFailedException: Web element with id: 'Object Repository/Stockbit/Bandarmology_Seller2' located by 'By.xpath: //*[contains(@id, 'rc-tabs-')]/div[2]/div/div/div/div/div/div[2]/table/tbody/tr[3]/td[5]/p' is present after '1' second(s)
	at com.kms.katalon.core.webui.keyword.internal.WebUIKeywordMain.stepFailed(WebUIKeywordMain.groovy:64)
	at com.kms.katalon.core.webui.keyword.internal.WebUIKeywordMain$stepFailed$0.call(Unknown Source)
	at com.kms.katalon.core.webui.keyword.builtin.VerifyElementNotPresentKeyword$_verifyElementNotPresent_closure1.doCall(VerifyElementNotPresentKeyword.groovy:106)
	at com.kms.katalon.core.webui.keyword.builtin.VerifyElementNotPresentKeyword$_verifyElementNotPresent_closure1.doCall(VerifyElementNotPresentKeyword.groovy)
	at com.kms.katalon.core.webui.keyword.internal.WebUIKeywordMain.runKeyword(WebUIKeywordMain.groovy:20)
	at com.kms.katalon.core.webui.keyword.internal.WebUIKeywordMain$runKeyword.call(Unknown Source)
	at com.kms.katalon.core.webui.keyword.builtin.VerifyElementNotPresentKeyword.verifyElementNotPresent(VerifyElementNotPresentKeyword.groovy:117)
	at com.kms.katalon.core.webui.keyword.builtin.VerifyElementNotPresentKeyword.execute(VerifyElementNotPresentKeyword.groovy:68)
	at com.kms.katalon.core.keyword.internal.KeywordExecutor.executeKeywordForPlatform(KeywordExecutor.groovy:74)
	at com.kms.katalon.core.webui.keyword.WebUiBuiltInKeywords.verifyElementNotPresent(WebUiBuiltInKeywords.groovy:1481)
	at com.kms.katalon.core.webui.keyword.WebUiBuiltInKeywords$verifyElementNotPresent$8.call(Unknown Source)
	at GetBrokSumPriceDaily.run(GetBrokSumPriceDaily:309)
	at com.kms.katalon.core.main.ScriptEngine.run(ScriptEngine.java:194)
	at com.kms.katalon.core.main.ScriptEngine.runScriptAsRawText(ScriptEngine.java:119)
	at com.kms.katalon.core.main.TestCaseExecutor.runScript(TestCaseExecutor.java:445)
	at com.kms.katalon.core.main.TestCaseExecutor.doExecute(TestCaseExecutor.java:436)
	at com.kms.katalon.core.main.TestCaseExecutor.processExecutionPhase(TestCaseExecutor.java:415)
	at com.kms.katalon.core.main.TestCaseExecutor.accessMainPhase(TestCaseExecutor.java:407)
	at com.kms.katalon.core.main.TestCaseExecutor.execute(TestCaseExecutor.java:284)
	at com.kms.katalon.core.common.CommonExecutor.accessTestCaseMainPhase(CommonExecutor.java:65)
	at com.kms.katalon.core.main.TestSuiteExecutor.accessTestSuiteMainPhase(TestSuiteExecutor.java:144)
	at com.kms.katalon.core.main.TestSuiteExecutor.execute(TestSuiteExecutor.java:106)
	at com.kms.katalon.core.main.TestCaseMain.startTestSuite(TestCaseMain.java:185)
	at com.kms.katalon.core.main.TestCaseMain$startTestSuite$0.call(Unknown Source)
	at TempTestSuite1705920083951.run(TempTestSuite1705920083951.groovy:36)
)
[[ATTACHMENT|C:\\Users\\Fadli\\git\\KatalonDailyGetData2\\Reports\\20240122_174123\\TS1\\20240122_174123\\1705922167818.png]]

2024-01-22 18:16:08 - [TEST_STEP][PASSED] - else: null

2024-01-22 18:16:08 - [TEST_STEP][PASSED] - strSeller2 = getText(findTestObject("Stockbit/Bandarmology_Seller2")): Text of object 'Object Repository/Stockbit/Bandarmology_Seller2' is: 'CC'

2024-01-22 18:16:08 - [MESSAGE][PASSED] - Text of object 'Object Repository/Stockbit/Bandarmology_Seller2' is: 'CC'

2024-01-22 18:16:08 - [TEST_STEP][PASSED] - strSellerVol2 = getText(findTestObject("Stockbit/Bandarmology_SellerVol2")): Text of object 'Object Repository/Stockbit/Bandarmology_SellerVol2' is: '1.8 K'

2024-01-22 18:16:08 - [MESSAGE][PASSED] - Text of object 'Object Repository/Stockbit/Bandarmology_SellerVol2' is: '1.8 K'

2024-01-22 18:16:08 - [TEST_STEP][PASSED] - strSellerAvg2 = getText(findTestObject("Stockbit/Bandarmology_SellerAvg2")): Text of object 'Object Repository/Stockbit/Bandarmology_SellerAvg2' is: '122'

2024-01-22 18:16:08 - [MESSAGE][PASSED] - Text of object 'Object Repository/Stockbit/Bandarmology_SellerAvg2' is: '122'

2024-01-22 18:16:08 - [TEST_STEP][PASSED] - if (strSeller2 != ""): null

2024-01-22 18:16:08 - [TEST_STEP][PASSED] - if (strSellerAvg2.contains(",")): null

2024-01-22 18:16:08 - [TEST_STEP][PASSED] - if (strSellerVol2.contains(" B")): null

2024-01-22 18:16:08 - [TEST_STEP][PASSED] - else if (strSellerVol2.contains(" M")): null

2024-01-22 18:16:08 - [TEST_STEP][PASSED] - else if (strSellerVol2.contains(" K")): null

2024-01-22 18:16:08 - [TEST_STEP][PASSED] - strSellerVol2 = strSellerVol2.replace(" K", ""): null

2024-01-22 18:16:08 - [TEST_STEP][PASSED] - strSellerVol2 = strSellerVol2.toDouble() * 1000: null

2024-01-22 18:16:08 - [TEST_STEP][PASSED] - if (verifyElementNotPresent(findTestObject("Stockbit/Bandarmology_Buyer3"), 1, OPTIONAL)): Web element with id: 'Object Repository/Stockbit/Bandarmology_Buyer3' located by 'By.xpath: //*[contains(@id, 'rc-tabs-')]/div[2]/div/div/div/div/div/div[2]/table/tbody/tr[4]/td[1]/p' is present after '1' second(s) (Root cause: com.kms.katalon.core.exception.StepFailedException: Web element with id: 'Object Repository/Stockbit/Bandarmology_Buyer3' located by 'By.xpath: //*[contains(@id, 'rc-tabs-')]/div[2]/div/div/div/div/div/div[2]/table/tbody/tr[4]/td[1]/p' is present after '1' second(s)
	at com.kms.katalon.core.webui.keyword.internal.WebUIKeywordMain.stepFailed(WebUIKeywordMain.groovy:64)
	at com.kms.katalon.core.webui.keyword.internal.WebUIKeywordMain$stepFailed$0.call(Unknown Source)
	at com.kms.katalon.core.webui.keyword.builtin.VerifyElementNotPresentKeyword$_verifyElementNotPresent_closure1.doCall(VerifyElementNotPresentKeyword.groovy:106)
	at com.kms.katalon.core.webui.keyword.builtin.VerifyElementNotPresentKeyword$_verifyElementNotPresent_closure1.doCall(VerifyElementNotPresentKeyword.groovy)
	at com.kms.katalon.core.webui.keyword.internal.WebUIKeywordMain.runKeyword(WebUIKeywordMain.groovy:20)
	at com.kms.katalon.core.webui.keyword.internal.WebUIKeywordMain$runKeyword.call(Unknown Source)
	at com.kms.katalon.core.webui.keyword.builtin.VerifyElementNotPresentKeyword.verifyElementNotPresent(VerifyElementNotPresentKeyword.groovy:117)
	at com.kms.katalon.core.webui.keyword.builtin.VerifyElementNotPresentKeyword.execute(VerifyElementNotPresentKeyword.groovy:68)
	at com.kms.katalon.core.keyword.internal.KeywordExecutor.executeKeywordForPlatform(KeywordExecutor.groovy:74)
	at com.kms.katalon.core.webui.keyword.WebUiBuiltInKeywords.verifyElementNotPresent(WebUiBuiltInKeywords.groovy:1481)
	at com.kms.katalon.core.webui.keyword.WebUiBuiltInKeywords$verifyElementNotPresent$8.call(Unknown Source)
	at GetBrokSumPriceDaily.run(GetBrokSumPriceDaily:361)
	at com.kms.katalon.core.main.ScriptEngine.run(ScriptEngine.java:194)
	at com.kms.katalon.core.main.ScriptEngine.runScriptAsRawText(ScriptEngine.java:119)
	at com.kms.katalon.core.main.TestCaseExecutor.runScript(TestCaseExecutor.java:445)
	at com.kms.katalon.core.main.TestCaseExecutor.doExecute(TestCaseExecutor.java:436)
	at com.kms.katalon.core.main.TestCaseExecutor.processExecutionPhase(TestCaseExecutor.java:415)
	at com.kms.katalon.core.main.TestCaseExecutor.accessMainPhase(TestCaseExecutor.java:407)
	at com.kms.katalon.core.main.TestCaseExecutor.execute(TestCaseExecutor.java:284)
	at com.kms.katalon.core.common.CommonExecutor.accessTestCaseMainPhase(CommonExecutor.java:65)
	at com.kms.katalon.core.main.TestSuiteExecutor.accessTestSuiteMainPhase(TestSuiteExecutor.java:144)
	at com.kms.katalon.core.main.TestSuiteExecutor.execute(TestSuiteExecutor.java:106)
	at com.kms.katalon.core.main.TestCaseMain.startTestSuite(TestCaseMain.java:185)
	at com.kms.katalon.core.main.TestCaseMain$startTestSuite$0.call(Unknown Source)
	at TempTestSuite1705920083951.run(TempTestSuite1705920083951.groovy:36)
)

2024-01-22 18:16:09 - [MESSAGE][WARNING] - Web element with id: 'Object Repository/Stockbit/Bandarmology_Buyer3' located by 'By.xpath: //*[contains(@id, 'rc-tabs-')]/div[2]/div/div/div/div/div/div[2]/table/tbody/tr[4]/td[1]/p' is present after '1' second(s) (Root cause: com.kms.katalon.core.exception.StepFailedException: Web element with id: 'Object Repository/Stockbit/Bandarmology_Buyer3' located by 'By.xpath: //*[contains(@id, 'rc-tabs-')]/div[2]/div/div/div/div/div/div[2]/table/tbody/tr[4]/td[1]/p' is present after '1' second(s)
	at com.kms.katalon.core.webui.keyword.internal.WebUIKeywordMain.stepFailed(WebUIKeywordMain.groovy:64)
	at com.kms.katalon.core.webui.keyword.internal.WebUIKeywordMain$stepFailed$0.call(Unknown Source)
	at com.kms.katalon.core.webui.keyword.builtin.VerifyElementNotPresentKeyword$_verifyElementNotPresent_closure1.doCall(VerifyElementNotPresentKeyword.groovy:106)
	at com.kms.katalon.core.webui.keyword.builtin.VerifyElementNotPresentKeyword$_verifyElementNotPresent_closure1.doCall(VerifyElementNotPresentKeyword.groovy)
	at com.kms.katalon.core.webui.keyword.internal.WebUIKeywordMain.runKeyword(WebUIKeywordMain.groovy:20)
	at com.kms.katalon.core.webui.keyword.internal.WebUIKeywordMain$runKeyword.call(Unknown Source)
	at com.kms.katalon.core.webui.keyword.builtin.VerifyElementNotPresentKeyword.verifyElementNotPresent(VerifyElementNotPresentKeyword.groovy:117)
	at com.kms.katalon.core.webui.keyword.builtin.VerifyElementNotPresentKeyword.execute(VerifyElementNotPresentKeyword.groovy:68)
	at com.kms.katalon.core.keyword.internal.KeywordExecutor.executeKeywordForPlatform(KeywordExecutor.groovy:74)
	at com.kms.katalon.core.webui.keyword.WebUiBuiltInKeywords.verifyElementNotPresent(WebUiBuiltInKeywords.groovy:1481)
	at com.kms.katalon.core.webui.keyword.WebUiBuiltInKeywords$verifyElementNotPresent$8.call(Unknown Source)
	at GetBrokSumPriceDaily.run(GetBrokSumPriceDaily:361)
	at com.kms.katalon.core.main.ScriptEngine.run(ScriptEngine.java:194)
	at com.kms.katalon.core.main.ScriptEngine.runScriptAsRawText(ScriptEngine.java:119)
	at com.kms.katalon.core.main.TestCaseExecutor.runScript(TestCaseExecutor.java:445)
	at com.kms.katalon.core.main.TestCaseExecutor.doExecute(TestCaseExecutor.java:436)
	at com.kms.katalon.core.main.TestCaseExecutor.processExecutionPhase(TestCaseExecutor.java:415)
	at com.kms.katalon.core.main.TestCaseExecutor.accessMainPhase(TestCaseExecutor.java:407)
	at com.kms.katalon.core.main.TestCaseExecutor.execute(TestCaseExecutor.java:284)
	at com.kms.katalon.core.common.CommonExecutor.accessTestCaseMainPhase(CommonExecutor.java:65)
	at com.kms.katalon.core.main.TestSuiteExecutor.accessTestSuiteMainPhase(TestSuiteExecutor.java:144)
	at com.kms.katalon.core.main.TestSuiteExecutor.execute(TestSuiteExecutor.java:106)
	at com.kms.katalon.core.main.TestCaseMain.startTestSuite(TestCaseMain.java:185)
	at com.kms.katalon.core.main.TestCaseMain$startTestSuite$0.call(Unknown Source)
	at TempTestSuite1705920083951.run(TempTestSuite1705920083951.groovy:36)
)
[[ATTACHMENT|C:\\Users\\Fadli\\git\\KatalonDailyGetData2\\Reports\\20240122_174123\\TS1\\20240122_174123\\1705922169562.png]]

2024-01-22 18:16:09 - [TEST_STEP][PASSED] - else: null

2024-01-22 18:16:09 - [TEST_STEP][PASSED] - strBuyer3 = getText(findTestObject("Stockbit/Bandarmology_Buyer3")): Text of object 'Object Repository/Stockbit/Bandarmology_Buyer3' is: 'XC'

2024-01-22 18:16:09 - [MESSAGE][PASSED] - Text of object 'Object Repository/Stockbit/Bandarmology_Buyer3' is: 'XC'

2024-01-22 18:16:09 - [TEST_STEP][PASSED] - strBuyerVol3 = getText(findTestObject("Stockbit/Bandarmology_BuyerVol3")): Text of object 'Object Repository/Stockbit/Bandarmology_BuyerVol3' is: '3.2 K'

2024-01-22 18:16:10 - [MESSAGE][PASSED] - Text of object 'Object Repository/Stockbit/Bandarmology_BuyerVol3' is: '3.2 K'

2024-01-22 18:16:10 - [TEST_STEP][PASSED] - strBuyerAvg3 = getText(findTestObject("Stockbit/Bandarmology_BuyerAvg3")): Text of object 'Object Repository/Stockbit/Bandarmology_BuyerAvg3' is: '117'

2024-01-22 18:16:10 - [MESSAGE][PASSED] - Text of object 'Object Repository/Stockbit/Bandarmology_BuyerAvg3' is: '117'

2024-01-22 18:16:10 - [TEST_STEP][PASSED] - if (strBuyer3 != ""): null

2024-01-22 18:16:10 - [TEST_STEP][PASSED] - if (strBuyerAvg3.contains(",")): null

2024-01-22 18:16:10 - [TEST_STEP][PASSED] - if (strBuyerVol3.contains(" B")): null

2024-01-22 18:16:10 - [TEST_STEP][PASSED] - else if (strBuyerVol3.contains(" M")): null

2024-01-22 18:16:10 - [TEST_STEP][PASSED] - else if (strBuyerVol3.contains(" K")): null

2024-01-22 18:16:10 - [TEST_STEP][PASSED] - strBuyerVol3 = strBuyerVol3.replace(" K", ""): null

2024-01-22 18:16:10 - [TEST_STEP][PASSED] - strBuyerVol3 = strBuyerVol3.toDouble() * 1000: null

2024-01-22 18:16:10 - [TEST_STEP][PASSED] - if (verifyElementNotPresent(findTestObject("Stockbit/Bandarmology_Seller3"), 1, OPTIONAL)): Web element with id: 'Object Repository/Stockbit/Bandarmology_Seller3' located by 'By.xpath: //*[contains(@id, 'rc-tabs-')]/div[2]/div/div/div/div/div/div[2]/table/tbody/tr[4]/td[5]/p' is present after '1' second(s) (Root cause: com.kms.katalon.core.exception.StepFailedException: Web element with id: 'Object Repository/Stockbit/Bandarmology_Seller3' located by 'By.xpath: //*[contains(@id, 'rc-tabs-')]/div[2]/div/div/div/div/div/div[2]/table/tbody/tr[4]/td[5]/p' is present after '1' second(s)
	at com.kms.katalon.core.webui.keyword.internal.WebUIKeywordMain.stepFailed(WebUIKeywordMain.groovy:64)
	at com.kms.katalon.core.webui.keyword.internal.WebUIKeywordMain$stepFailed$0.call(Unknown Source)
	at com.kms.katalon.core.webui.keyword.builtin.VerifyElementNotPresentKeyword$_verifyElementNotPresent_closure1.doCall(VerifyElementNotPresentKeyword.groovy:106)
	at com.kms.katalon.core.webui.keyword.builtin.VerifyElementNotPresentKeyword$_verifyElementNotPresent_closure1.doCall(VerifyElementNotPresentKeyword.groovy)
	at com.kms.katalon.core.webui.keyword.internal.WebUIKeywordMain.runKeyword(WebUIKeywordMain.groovy:20)
	at com.kms.katalon.core.webui.keyword.internal.WebUIKeywordMain$runKeyword.call(Unknown Source)
	at com.kms.katalon.core.webui.keyword.builtin.VerifyElementNotPresentKeyword.verifyElementNotPresent(VerifyElementNotPresentKeyword.groovy:117)
	at com.kms.katalon.core.webui.keyword.builtin.VerifyElementNotPresentKeyword.execute(VerifyElementNotPresentKeyword.groovy:68)
	at com.kms.katalon.core.keyword.internal.KeywordExecutor.executeKeywordForPlatform(KeywordExecutor.groovy:74)
	at com.kms.katalon.core.webui.keyword.WebUiBuiltInKeywords.verifyElementNotPresent(WebUiBuiltInKeywords.groovy:1481)
	at com.kms.katalon.core.webui.keyword.WebUiBuiltInKeywords$verifyElementNotPresent$8.call(Unknown Source)
	at GetBrokSumPriceDaily.run(GetBrokSumPriceDaily:414)
	at com.kms.katalon.core.main.ScriptEngine.run(ScriptEngine.java:194)
	at com.kms.katalon.core.main.ScriptEngine.runScriptAsRawText(ScriptEngine.java:119)
	at com.kms.katalon.core.main.TestCaseExecutor.runScript(TestCaseExecutor.java:445)
	at com.kms.katalon.core.main.TestCaseExecutor.doExecute(TestCaseExecutor.java:436)
	at com.kms.katalon.core.main.TestCaseExecutor.processExecutionPhase(TestCaseExecutor.java:415)
	at com.kms.katalon.core.main.TestCaseExecutor.accessMainPhase(TestCaseExecutor.java:407)
	at com.kms.katalon.core.main.TestCaseExecutor.execute(TestCaseExecutor.java:284)
	at com.kms.katalon.core.common.CommonExecutor.accessTestCaseMainPhase(CommonExecutor.java:65)
	at com.kms.katalon.core.main.TestSuiteExecutor.accessTestSuiteMainPhase(TestSuiteExecutor.java:144)
	at com.kms.katalon.core.main.TestSuiteExecutor.execute(TestSuiteExecutor.java:106)
	at com.kms.katalon.core.main.TestCaseMain.startTestSuite(TestCaseMain.java:185)
	at com.kms.katalon.core.main.TestCaseMain$startTestSuite$0.call(Unknown Source)
	at TempTestSuite1705920083951.run(TempTestSuite1705920083951.groovy:36)
)

2024-01-22 18:16:11 - [MESSAGE][WARNING] - Web element with id: 'Object Repository/Stockbit/Bandarmology_Seller3' located by 'By.xpath: //*[contains(@id, 'rc-tabs-')]/div[2]/div/div/div/div/div/div[2]/table/tbody/tr[4]/td[5]/p' is present after '1' second(s) (Root cause: com.kms.katalon.core.exception.StepFailedException: Web element with id: 'Object Repository/Stockbit/Bandarmology_Seller3' located by 'By.xpath: //*[contains(@id, 'rc-tabs-')]/div[2]/div/div/div/div/div/div[2]/table/tbody/tr[4]/td[5]/p' is present after '1' second(s)
	at com.kms.katalon.core.webui.keyword.internal.WebUIKeywordMain.stepFailed(WebUIKeywordMain.groovy:64)
	at com.kms.katalon.core.webui.keyword.internal.WebUIKeywordMain$stepFailed$0.call(Unknown Source)
	at com.kms.katalon.core.webui.keyword.builtin.VerifyElementNotPresentKeyword$_verifyElementNotPresent_closure1.doCall(VerifyElementNotPresentKeyword.groovy:106)
	at com.kms.katalon.core.webui.keyword.builtin.VerifyElementNotPresentKeyword$_verifyElementNotPresent_closure1.doCall(VerifyElementNotPresentKeyword.groovy)
	at com.kms.katalon.core.webui.keyword.internal.WebUIKeywordMain.runKeyword(WebUIKeywordMain.groovy:20)
	at com.kms.katalon.core.webui.keyword.internal.WebUIKeywordMain$runKeyword.call(Unknown Source)
	at com.kms.katalon.core.webui.keyword.builtin.VerifyElementNotPresentKeyword.verifyElementNotPresent(VerifyElementNotPresentKeyword.groovy:117)
	at com.kms.katalon.core.webui.keyword.builtin.VerifyElementNotPresentKeyword.execute(VerifyElementNotPresentKeyword.groovy:68)
	at com.kms.katalon.core.keyword.internal.KeywordExecutor.executeKeywordForPlatform(KeywordExecutor.groovy:74)
	at com.kms.katalon.core.webui.keyword.WebUiBuiltInKeywords.verifyElementNotPresent(WebUiBuiltInKeywords.groovy:1481)
	at com.kms.katalon.core.webui.keyword.WebUiBuiltInKeywords$verifyElementNotPresent$8.call(Unknown Source)
	at GetBrokSumPriceDaily.run(GetBrokSumPriceDaily:414)
	at com.kms.katalon.core.main.ScriptEngine.run(ScriptEngine.java:194)
	at com.kms.katalon.core.main.ScriptEngine.runScriptAsRawText(ScriptEngine.java:119)
	at com.kms.katalon.core.main.TestCaseExecutor.runScript(TestCaseExecutor.java:445)
	at com.kms.katalon.core.main.TestCaseExecutor.doExecute(TestCaseExecutor.java:436)
	at com.kms.katalon.core.main.TestCaseExecutor.processExecutionPhase(TestCaseExecutor.java:415)
	at com.kms.katalon.core.main.TestCaseExecutor.accessMainPhase(TestCaseExecutor.java:407)
	at com.kms.katalon.core.main.TestCaseExecutor.execute(TestCaseExecutor.java:284)
	at com.kms.katalon.core.common.CommonExecutor.accessTestCaseMainPhase(CommonExecutor.java:65)
	at com.kms.katalon.core.main.TestSuiteExecutor.accessTestSuiteMainPhase(TestSuiteExecutor.java:144)
	at com.kms.katalon.core.main.TestSuiteExecutor.execute(TestSuiteExecutor.java:106)
	at com.kms.katalon.core.main.TestCaseMain.startTestSuite(TestCaseMain.java:185)
	at com.kms.katalon.core.main.TestCaseMain$startTestSuite$0.call(Unknown Source)
	at TempTestSuite1705920083951.run(TempTestSuite1705920083951.groovy:36)
)
[[ATTACHMENT|C:\\Users\\Fadli\\git\\KatalonDailyGetData2\\Reports\\20240122_174123\\TS1\\20240122_174123\\1705922171278.png]]

2024-01-22 18:16:11 - [TEST_STEP][PASSED] - else: null

2024-01-22 18:16:11 - [TEST_STEP][PASSED] - strSeller3 = getText(findTestObject("Stockbit/Bandarmology_Seller3")): Text of object 'Object Repository/Stockbit/Bandarmology_Seller3' is: 'SQ'

2024-01-22 18:16:11 - [MESSAGE][PASSED] - Text of object 'Object Repository/Stockbit/Bandarmology_Seller3' is: 'SQ'

2024-01-22 18:16:11 - [TEST_STEP][PASSED] - strSellerVol3 = getText(findTestObject("Stockbit/Bandarmology_SellerVol3")): Text of object 'Object Repository/Stockbit/Bandarmology_SellerVol3' is: '1.6 K'

2024-01-22 18:16:11 - [MESSAGE][PASSED] - Text of object 'Object Repository/Stockbit/Bandarmology_SellerVol3' is: '1.6 K'

2024-01-22 18:16:11 - [TEST_STEP][PASSED] - strSellerAvg3 = getText(findTestObject("Stockbit/Bandarmology_SellerAvg3")): Text of object 'Object Repository/Stockbit/Bandarmology_SellerAvg3' is: '120'

2024-01-22 18:16:11 - [MESSAGE][PASSED] - Text of object 'Object Repository/Stockbit/Bandarmology_SellerAvg3' is: '120'

2024-01-22 18:16:11 - [TEST_STEP][PASSED] - if (strSeller3 != ""): null

2024-01-22 18:16:11 - [TEST_STEP][PASSED] - if (strSellerAvg3.contains(",")): null

2024-01-22 18:16:11 - [TEST_STEP][PASSED] - if (strSellerVol3.contains(" B")): null

2024-01-22 18:16:11 - [TEST_STEP][PASSED] - else if (strSellerVol3.contains(" M")): null

2024-01-22 18:16:11 - [TEST_STEP][PASSED] - else if (strSellerVol3.contains(" K")): null

2024-01-22 18:16:11 - [TEST_STEP][PASSED] - strSellerVol3 = strSellerVol3.replace(" K", ""): null

2024-01-22 18:16:11 - [TEST_STEP][PASSED] - strSellerVol3 = strSellerVol3.toDouble() * 1000: null

2024-01-22 18:16:11 - [TEST_STEP][PASSED] - strAccDist = getText(findTestObject("Stockbit/Bandarmology_AccDist")): Text of object 'Object Repository/Stockbit/Bandarmology_AccDist' is: 'Dist'

2024-01-22 18:16:11 - [MESSAGE][PASSED] - Text of object 'Object Repository/Stockbit/Bandarmology_AccDist' is: 'Dist'

2024-01-22 18:16:11 - [TEST_STEP][PASSED] - strNetVol = getText(findTestObject("Stockbit/Bandarmology_NetVol")): Text of object 'Object Repository/Stockbit/Bandarmology_NetVol' is: '22,983'

2024-01-22 18:16:12 - [MESSAGE][PASSED] - Text of object 'Object Repository/Stockbit/Bandarmology_NetVol' is: '22,983'

2024-01-22 18:16:12 - [TEST_STEP][PASSED] - strNetVol = strNetVol.replace(",", ""): null

2024-01-22 18:16:12 - [TEST_STEP][PASSED] - strNetVal = getText(findTestObject("Stockbit/Bandarmology_NetVal")): Text of object 'Object Repository/Stockbit/Bandarmology_NetVal' is: '0.3 B'

2024-01-22 18:16:12 - [MESSAGE][PASSED] - Text of object 'Object Repository/Stockbit/Bandarmology_NetVal' is: '0.3 B'

2024-01-22 18:16:12 - [TEST_STEP][PASSED] - delay(3): Delayed 3 second(s)

2024-01-22 18:16:15 - [MESSAGE][PASSED] - Delayed 3 second(s)

2024-01-22 18:16:15 - [TEST_STEP][PASSED] - strOpenPrice = getText(findTestObject("Stockbit/Home_OpenPrice")): Text of object 'Object Repository/Stockbit/Home_OpenPrice' is: 'NA'

2024-01-22 18:16:15 - [MESSAGE][PASSED] - Text of object 'Object Repository/Stockbit/Home_OpenPrice' is: 'NA'

2024-01-22 18:16:15 - [TEST_STEP][PASSED] - strOpenPrice = strOpenPrice.replace(",", ""): null

2024-01-22 18:16:15 - [TEST_STEP][PASSED] - strLowPrice = getText(findTestObject("Stockbit/Home_LowPrice")): Text of object 'Object Repository/Stockbit/Home_LowPrice' is: 'NA'

2024-01-22 18:16:15 - [MESSAGE][PASSED] - Text of object 'Object Repository/Stockbit/Home_LowPrice' is: 'NA'

2024-01-22 18:16:15 - [TEST_STEP][PASSED] - strLowPrice = strLowPrice.replace(",", ""): null

2024-01-22 18:16:15 - [TEST_STEP][PASSED] - strHighPrice = getText(findTestObject("Stockbit/Home_HighPrice")): Text of object 'Object Repository/Stockbit/Home_HighPrice' is: 'NA'

2024-01-22 18:16:15 - [MESSAGE][PASSED] - Text of object 'Object Repository/Stockbit/Home_HighPrice' is: 'NA'

2024-01-22 18:16:15 - [TEST_STEP][PASSED] - strHighPrice = strHighPrice.replace(",", ""): null

2024-01-22 18:16:15 - [TEST_STEP][PASSED] - strClosePrice = getText(findTestObject("Stockbit/Home_ClosePrice")): Text of object 'Object Repository/Stockbit/Home_ClosePrice' is: 'NA'

2024-01-22 18:16:15 - [MESSAGE][PASSED] - Text of object 'Object Repository/Stockbit/Home_ClosePrice' is: 'NA'

2024-01-22 18:16:15 - [TEST_STEP][PASSED] - strClosePrice = strClosePrice.replace(",", ""): null

2024-01-22 18:16:15 - [TEST_STEP][PASSED] - strVol = getText(findTestObject("Stockbit/Home_Volume")): Text of object 'Object Repository/Stockbit/Home_Volume' is: 'NA'

2024-01-22 18:16:15 - [MESSAGE][PASSED] - Text of object 'Object Repository/Stockbit/Home_Volume' is: 'NA'

2024-01-22 18:16:15 - [TEST_STEP][PASSED] - if (strVol.contains(" K")): null

2024-01-22 18:16:15 - [TEST_STEP][PASSED] - if (strVol.contains(",")): null

2024-01-22 18:16:15 - [TEST_STEP][PASSED] - strChange = getText(findTestObject("Stockbit/Home_Change")): Text of object 'Object Repository/Stockbit/Home_Change' is: '0.00%'

2024-01-22 18:16:15 - [MESSAGE][PASSED] - Text of object 'Object Repository/Stockbit/Home_Change' is: '0.00%'

2024-01-22 18:16:15 - [TEST_STEP][PASSED] - strChange = strChange.replace("%", ""): null

2024-01-22 18:16:15 - [TEST_STEP][FAILED] - strFreq = getText(findTestObject("Stockbit/Home_Freq")): Unable to get text of object 'Object Repository/Stockbit/Home_Freq' (Root cause: com.kms.katalon.core.exception.StepFailedException: Unable to get text of object 'Object Repository/Stockbit/Home_Freq'
	at com.kms.katalon.core.webui.keyword.internal.WebUIKeywordMain.stepFailed(WebUIKeywordMain.groovy:64)
	at com.kms.katalon.core.webui.keyword.internal.WebUIKeywordMain.runKeyword(WebUIKeywordMain.groovy:26)
	at com.kms.katalon.core.webui.keyword.builtin.GetTextKeyword.getText(GetTextKeyword.groovy:88)
	at com.kms.katalon.core.webui.keyword.builtin.GetTextKeyword.execute(GetTextKeyword.groovy:67)
	at com.kms.katalon.core.keyword.internal.KeywordExecutor.executeKeywordForPlatform(KeywordExecutor.groovy:74)
	at com.kms.katalon.core.webui.keyword.WebUiBuiltInKeywords.getText(WebUiBuiltInKeywords.groovy:918)
	at com.kms.katalon.core.webui.keyword.WebUiBuiltInKeywords$getText$7.call(Unknown Source)
	at GetBrokSumPriceDaily.run(GetBrokSumPriceDaily:510)
	at com.kms.katalon.core.main.ScriptEngine.run(ScriptEngine.java:194)
	at com.kms.katalon.core.main.ScriptEngine.runScriptAsRawText(ScriptEngine.java:119)
	at com.kms.katalon.core.main.TestCaseExecutor.runScript(TestCaseExecutor.java:445)
	at com.kms.katalon.core.main.TestCaseExecutor.doExecute(TestCaseExecutor.java:436)
	at com.kms.katalon.core.main.TestCaseExecutor.processExecutionPhase(TestCaseExecutor.java:415)
	at com.kms.katalon.core.main.TestCaseExecutor.accessMainPhase(TestCaseExecutor.java:407)
	at com.kms.katalon.core.main.TestCaseExecutor.execute(TestCaseExecutor.java:284)
	at com.kms.katalon.core.common.CommonExecutor.accessTestCaseMainPhase(CommonExecutor.java:65)
	at com.kms.katalon.core.main.TestSuiteExecutor.accessTestSuiteMainPhase(TestSuiteExecutor.java:144)
	at com.kms.katalon.core.main.TestSuiteExecutor.execute(TestSuiteExecutor.java:106)
	at com.kms.katalon.core.main.TestCaseMain.startTestSuite(TestCaseMain.java:185)
	at com.kms.katalon.core.main.TestCaseMain$startTestSuite$0.call(Unknown Source)
	at TempTestSuite1705920083951.run(TempTestSuite1705920083951.groovy:36)
Caused by: com.kms.katalon.core.webui.exception.WebElementNotFoundException: Web element with id: 'Object Repository/Stockbit/Home_Freq' located by '//main[@id='main-container']/div[4]/div[2]/div/table/tbody/tr[4]/td[2]' not found
	at com.kms.katalon.core.webui.common.WebUiCommonHelper.findWebElement(WebUiCommonHelper.java:1370)
	at com.kms.katalon.core.webui.keyword.internal.WebUIAbstractKeyword.findWebElement(WebUIAbstractKeyword.groovy:27)
	at com.kms.katalon.core.webui.keyword.internal.WebUIAbstractKeyword.findWebElement(WebUIAbstractKeyword.groovy:26)
	at com.kms.katalon.core.webui.keyword.builtin.GetTextKeyword$_getText_closure1.doCall(GetTextKeyword.groovy:78)
	at com.kms.katalon.core.webui.keyword.builtin.GetTextKeyword$_getText_closure1.call(GetTextKeyword.groovy)
	at com.kms.katalon.core.webui.keyword.internal.WebUIKeywordMain.runKeyword(WebUIKeywordMain.groovy:20)
	at com.kms.katalon.core.webui.keyword.builtin.GetTextKeyword.getText(GetTextKeyword.groovy:88)
	at com.kms.katalon.core.webui.keyword.builtin.GetTextKeyword.execute(GetTextKeyword.groovy:67)
	at com.kms.katalon.core.keyword.internal.KeywordExecutor.executeKeywordForPlatform(KeywordExecutor.groovy:74)
	at com.kms.katalon.core.webui.keyword.WebUiBuiltInKeywords.getText(WebUiBuiltInKeywords.groovy:918)
	at com.kms.katalon.core.webui.keyword.WebUiBuiltInKeywords$getText$7.call(Unknown Source)
	at Script1673024832871.run(Script1673024832871.groovy:510)
	... 13 more
)

2024-01-22 18:16:26 - [MESSAGE][INFO] - Unable to find the element located by 'By.xpath: //main[@id='main-container']/div[4]/div[2]/div/table/tbody/tr[4]/td[2]'. Please recheck the objects properties to make sure the desired element is located. 

2024-01-22 18:16:27 - [MESSAGE][FAILED] - Unable to get text of object 'Object Repository/Stockbit/Home_Freq' (Root cause: com.kms.katalon.core.exception.StepFailedException: Unable to get text of object 'Object Repository/Stockbit/Home_Freq'
	at com.kms.katalon.core.webui.keyword.internal.WebUIKeywordMain.stepFailed(WebUIKeywordMain.groovy:64)
	at com.kms.katalon.core.webui.keyword.internal.WebUIKeywordMain.runKeyword(WebUIKeywordMain.groovy:26)
	at com.kms.katalon.core.webui.keyword.builtin.GetTextKeyword.getText(GetTextKeyword.groovy:88)
	at com.kms.katalon.core.webui.keyword.builtin.GetTextKeyword.execute(GetTextKeyword.groovy:67)
	at com.kms.katalon.core.keyword.internal.KeywordExecutor.executeKeywordForPlatform(KeywordExecutor.groovy:74)
	at com.kms.katalon.core.webui.keyword.WebUiBuiltInKeywords.getText(WebUiBuiltInKeywords.groovy:918)
	at com.kms.katalon.core.webui.keyword.WebUiBuiltInKeywords$getText$7.call(Unknown Source)
	at GetBrokSumPriceDaily.run(GetBrokSumPriceDaily:510)
	at com.kms.katalon.core.main.ScriptEngine.run(ScriptEngine.java:194)
	at com.kms.katalon.core.main.ScriptEngine.runScriptAsRawText(ScriptEngine.java:119)
	at com.kms.katalon.core.main.TestCaseExecutor.runScript(TestCaseExecutor.java:445)
	at com.kms.katalon.core.main.TestCaseExecutor.doExecute(TestCaseExecutor.java:436)
	at com.kms.katalon.core.main.TestCaseExecutor.processExecutionPhase(TestCaseExecutor.java:415)
	at com.kms.katalon.core.main.TestCaseExecutor.accessMainPhase(TestCaseExecutor.java:407)
	at com.kms.katalon.core.main.TestCaseExecutor.execute(TestCaseExecutor.java:284)
	at com.kms.katalon.core.common.CommonExecutor.accessTestCaseMainPhase(CommonExecutor.java:65)
	at com.kms.katalon.core.main.TestSuiteExecutor.accessTestSuiteMainPhase(TestSuiteExecutor.java:144)
	at com.kms.katalon.core.main.TestSuiteExecutor.execute(TestSuiteExecutor.java:106)
	at com.kms.katalon.core.main.TestCaseMain.startTestSuite(TestCaseMain.java:185)
	at com.kms.katalon.core.main.TestCaseMain$startTestSuite$0.call(Unknown Source)
	at TempTestSuite1705920083951.run(TempTestSuite1705920083951.groovy:36)
Caused by: com.kms.katalon.core.webui.exception.WebElementNotFoundException: Web element with id: 'Object Repository/Stockbit/Home_Freq' located by '//main[@id='main-container']/div[4]/div[2]/div/table/tbody/tr[4]/td[2]' not found
	at com.kms.katalon.core.webui.common.WebUiCommonHelper.findWebElement(WebUiCommonHelper.java:1370)
	at com.kms.katalon.core.webui.keyword.internal.WebUIAbstractKeyword.findWebElement(WebUIAbstractKeyword.groovy:27)
	at com.kms.katalon.core.webui.keyword.internal.WebUIAbstractKeyword.findWebElement(WebUIAbstractKeyword.groovy:26)
	at com.kms.katalon.core.webui.keyword.builtin.GetTextKeyword$_getText_closure1.doCall(GetTextKeyword.groovy:78)
	at com.kms.katalon.core.webui.keyword.builtin.GetTextKeyword$_getText_closure1.call(GetTextKeyword.groovy)
	at com.kms.katalon.core.webui.keyword.internal.WebUIKeywordMain.runKeyword(WebUIKeywordMain.groovy:20)
	at com.kms.katalon.core.webui.keyword.builtin.GetTextKeyword.getText(GetTextKeyword.groovy:88)
	at com.kms.katalon.core.webui.keyword.builtin.GetTextKeyword.execute(GetTextKeyword.groovy:67)
	at com.kms.katalon.core.keyword.internal.KeywordExecutor.executeKeywordForPlatform(KeywordExecutor.groovy:74)
	at com.kms.katalon.core.webui.keyword.WebUiBuiltInKeywords.getText(WebUiBuiltInKeywords.groovy:918)
	at com.kms.katalon.core.webui.keyword.WebUiBuiltInKeywords$getText$7.call(Unknown Source)
	at Script1673024832871.run(Script1673024832871.groovy:510)
	... 13 more
)
[[ATTACHMENT|C:\\Users\\Fadli\\git\\KatalonDailyGetData2\\Reports\\20240122_174123\\TS1\\20240122_174123\\1705922186935.png]]]]></system-out>
         <system-err><![CDATA[2024-01-22 17:41:28 - [TEST_CASE][FAILED] - Test Cases/Stockbit/GetBrokSumPriceDaily: Test Cases/Stockbit/GetBrokSumPriceDaily FAILED.
Reason:
com.kms.katalon.core.exception.StepFailedException: Unable to get text of object 'Object Repository/Stockbit/Home_Freq'
	at com.kms.katalon.core.webui.keyword.internal.WebUIKeywordMain.stepFailed(WebUIKeywordMain.groovy:64)
	at com.kms.katalon.core.webui.keyword.internal.WebUIKeywordMain.runKeyword(WebUIKeywordMain.groovy:26)
	at com.kms.katalon.core.webui.keyword.builtin.GetTextKeyword.getText(GetTextKeyword.groovy:88)
	at com.kms.katalon.core.webui.keyword.builtin.GetTextKeyword.execute(GetTextKeyword.groovy:67)
	at com.kms.katalon.core.keyword.internal.KeywordExecutor.executeKeywordForPlatform(KeywordExecutor.groovy:74)
	at com.kms.katalon.core.webui.keyword.WebUiBuiltInKeywords.getText(WebUiBuiltInKeywords.groovy:918)
	at com.kms.katalon.core.webui.keyword.WebUiBuiltInKeywords$getText$7.call(Unknown Source)
	at GetBrokSumPriceDaily.run(GetBrokSumPriceDaily:510)
	at com.kms.katalon.core.main.ScriptEngine.run(ScriptEngine.java:194)
	at com.kms.katalon.core.main.ScriptEngine.runScriptAsRawText(ScriptEngine.java:119)
	at com.kms.katalon.core.main.TestCaseExecutor.runScript(TestCaseExecutor.java:445)
	at com.kms.katalon.core.main.TestCaseExecutor.doExecute(TestCaseExecutor.java:436)
	at com.kms.katalon.core.main.TestCaseExecutor.processExecutionPhase(TestCaseExecutor.java:415)
	at com.kms.katalon.core.main.TestCaseExecutor.accessMainPhase(TestCaseExecutor.java:407)
	at com.kms.katalon.core.main.TestCaseExecutor.execute(TestCaseExecutor.java:284)
	at com.kms.katalon.core.common.CommonExecutor.accessTestCaseMainPhase(CommonExecutor.java:65)
	at com.kms.katalon.core.main.TestSuiteExecutor.accessTestSuiteMainPhase(TestSuiteExecutor.java:144)
	at com.kms.katalon.core.main.TestSuiteExecutor.execute(TestSuiteExecutor.java:106)
	at com.kms.katalon.core.main.TestCaseMain.startTestSuite(TestCaseMain.java:185)
	at com.kms.katalon.core.main.TestCaseMain$startTestSuite$0.call(Unknown Source)
	at TempTestSuite1705920083951.run(TempTestSuite1705920083951.groovy:36)
Caused by: com.kms.katalon.core.webui.exception.WebElementNotFoundException: Web element with id: 'Object Repository/Stockbit/Home_Freq' located by '//main[@id='main-container']/div[4]/div[2]/div/table/tbody/tr[4]/td[2]' not found
	at com.kms.katalon.core.webui.common.WebUiCommonHelper.findWebElement(WebUiCommonHelper.java:1370)
	at com.kms.katalon.core.webui.keyword.internal.WebUIAbstractKeyword.findWebElement(WebUIAbstractKeyword.groovy:27)
	at com.kms.katalon.core.webui.keyword.internal.WebUIAbstractKeyword.findWebElement(WebUIAbstractKeyword.groovy:26)
	at com.kms.katalon.core.webui.keyword.builtin.GetTextKeyword$_getText_closure1.doCall(GetTextKeyword.groovy:78)
	at com.kms.katalon.core.webui.keyword.builtin.GetTextKeyword$_getText_closure1.call(GetTextKeyword.groovy)
	at com.kms.katalon.core.webui.keyword.internal.WebUIKeywordMain.runKeyword(WebUIKeywordMain.groovy:20)
	... 19 more]]></system-err>
      </testcase>
      <system-out><![CDATA[2024-01-22 17:41:28 - [TEST_SUITE][FAILED] - TS1: Test Cases/Stockbit/GetBrokSumPriceDaily FAILED.
Reason:
com.kms.katalon.core.exception.StepFailedException: Unable to get text of object 'Object Repository/Stockbit/Home_Freq'
	at com.kms.katalon.core.webui.keyword.internal.WebUIKeywordMain.stepFailed(WebUIKeywordMain.groovy:64)
	at com.kms.katalon.core.webui.keyword.internal.WebUIKeywordMain.runKeyword(WebUIKeywordMain.groovy:26)
	at com.kms.katalon.core.webui.keyword.builtin.GetTextKeyword.getText(GetTextKeyword.groovy:88)
	at com.kms.katalon.core.webui.keyword.builtin.GetTextKeyword.execute(GetTextKeyword.groovy:67)
	at com.kms.katalon.core.keyword.internal.KeywordExecutor.executeKeywordForPlatform(KeywordExecutor.groovy:74)
	at com.kms.katalon.core.webui.keyword.WebUiBuiltInKeywords.getText(WebUiBuiltInKeywords.groovy:918)
	at com.kms.katalon.core.webui.keyword.WebUiBuiltInKeywords$getText$7.call(Unknown Source)
	at GetBrokSumPriceDaily.run(GetBrokSumPriceDaily:510)
	at com.kms.katalon.core.main.ScriptEngine.run(ScriptEngine.java:194)
	at com.kms.katalon.core.main.ScriptEngine.runScriptAsRawText(ScriptEngine.java:119)
	at com.kms.katalon.core.main.TestCaseExecutor.runScript(TestCaseExecutor.java:445)
	at com.kms.katalon.core.main.TestCaseExecutor.doExecute(TestCaseExecutor.java:436)
	at com.kms.katalon.core.main.TestCaseExecutor.processExecutionPhase(TestCaseExecutor.java:415)
	at com.kms.katalon.core.main.TestCaseExecutor.accessMainPhase(TestCaseExecutor.java:407)
	at com.kms.katalon.core.main.TestCaseExecutor.execute(TestCaseExecutor.java:284)
	at com.kms.katalon.core.common.CommonExecutor.accessTestCaseMainPhase(CommonExecutor.java:65)
	at com.kms.katalon.core.main.TestSuiteExecutor.accessTestSuiteMainPhase(TestSuiteExecutor.java:144)
	at com.kms.katalon.core.main.TestSuiteExecutor.execute(TestSuiteExecutor.java:106)
	at com.kms.katalon.core.main.TestCaseMain.startTestSuite(TestCaseMain.java:185)
	at com.kms.katalon.core.main.TestCaseMain$startTestSuite$0.call(Unknown Source)
	at TempTestSuite1705920083951.run(TempTestSuite1705920083951.groovy:36)
Caused by: com.kms.katalon.core.webui.exception.WebElementNotFoundException: Web element with id: 'Object Repository/Stockbit/Home_Freq' located by '//main[@id='main-container']/div[4]/div[2]/div/table/tbody/tr[4]/td[2]' not found
	at com.kms.katalon.core.webui.common.WebUiCommonHelper.findWebElement(WebUiCommonHelper.java:1370)
	at com.kms.katalon.core.webui.keyword.internal.WebUIAbstractKeyword.findWebElement(WebUIAbstractKeyword.groovy:27)
	at com.kms.katalon.core.webui.keyword.internal.WebUIAbstractKeyword.findWebElement(WebUIAbstractKeyword.groovy:26)
	at com.kms.katalon.core.webui.keyword.builtin.GetTextKeyword$_getText_closure1.doCall(GetTextKeyword.groovy:78)
	at com.kms.katalon.core.webui.keyword.builtin.GetTextKeyword$_getText_closure1.call(GetTextKeyword.groovy)
	at com.kms.katalon.core.webui.keyword.internal.WebUIKeywordMain.runKeyword(WebUIKeywordMain.groovy:20)
	... 19 more]]></system-out>
      <system-err><![CDATA[2024-01-22 17:41:28 - [TEST_SUITE][FAILED] - TS1: Test Cases/Stockbit/GetBrokSumPriceDaily FAILED.
Reason:
com.kms.katalon.core.exception.StepFailedException: Unable to get text of object 'Object Repository/Stockbit/Home_Freq'
	at com.kms.katalon.core.webui.keyword.internal.WebUIKeywordMain.stepFailed(WebUIKeywordMain.groovy:64)
	at com.kms.katalon.core.webui.keyword.internal.WebUIKeywordMain.runKeyword(WebUIKeywordMain.groovy:26)
	at com.kms.katalon.core.webui.keyword.builtin.GetTextKeyword.getText(GetTextKeyword.groovy:88)
	at com.kms.katalon.core.webui.keyword.builtin.GetTextKeyword.execute(GetTextKeyword.groovy:67)
	at com.kms.katalon.core.keyword.internal.KeywordExecutor.executeKeywordForPlatform(KeywordExecutor.groovy:74)
	at com.kms.katalon.core.webui.keyword.WebUiBuiltInKeywords.getText(WebUiBuiltInKeywords.groovy:918)
	at com.kms.katalon.core.webui.keyword.WebUiBuiltInKeywords$getText$7.call(Unknown Source)
	at GetBrokSumPriceDaily.run(GetBrokSumPriceDaily:510)
	at com.kms.katalon.core.main.ScriptEngine.run(ScriptEngine.java:194)
	at com.kms.katalon.core.main.ScriptEngine.runScriptAsRawText(ScriptEngine.java:119)
	at com.kms.katalon.core.main.TestCaseExecutor.runScript(TestCaseExecutor.java:445)
	at com.kms.katalon.core.main.TestCaseExecutor.doExecute(TestCaseExecutor.java:436)
	at com.kms.katalon.core.main.TestCaseExecutor.processExecutionPhase(TestCaseExecutor.java:415)
	at com.kms.katalon.core.main.TestCaseExecutor.accessMainPhase(TestCaseExecutor.java:407)
	at com.kms.katalon.core.main.TestCaseExecutor.execute(TestCaseExecutor.java:284)
	at com.kms.katalon.core.common.CommonExecutor.accessTestCaseMainPhase(CommonExecutor.java:65)
	at com.kms.katalon.core.main.TestSuiteExecutor.accessTestSuiteMainPhase(TestSuiteExecutor.java:144)
	at com.kms.katalon.core.main.TestSuiteExecutor.execute(TestSuiteExecutor.java:106)
	at com.kms.katalon.core.main.TestCaseMain.startTestSuite(TestCaseMain.java:185)
	at com.kms.katalon.core.main.TestCaseMain$startTestSuite$0.call(Unknown Source)
	at TempTestSuite1705920083951.run(TempTestSuite1705920083951.groovy:36)
Caused by: com.kms.katalon.core.webui.exception.WebElementNotFoundException: Web element with id: 'Object Repository/Stockbit/Home_Freq' located by '//main[@id='main-container']/div[4]/div[2]/div/table/tbody/tr[4]/td[2]' not found
	at com.kms.katalon.core.webui.common.WebUiCommonHelper.findWebElement(WebUiCommonHelper.java:1370)
	at com.kms.katalon.core.webui.keyword.internal.WebUIAbstractKeyword.findWebElement(WebUIAbstractKeyword.groovy:27)
	at com.kms.katalon.core.webui.keyword.internal.WebUIAbstractKeyword.findWebElement(WebUIAbstractKeyword.groovy:26)
	at com.kms.katalon.core.webui.keyword.builtin.GetTextKeyword$_getText_closure1.doCall(GetTextKeyword.groovy:78)
	at com.kms.katalon.core.webui.keyword.builtin.GetTextKeyword$_getText_closure1.call(GetTextKeyword.groovy)
	at com.kms.katalon.core.webui.keyword.internal.WebUIKeywordMain.runKeyword(WebUIKeywordMain.groovy:20)
	... 19 more]]></system-err>
   </testsuite>
</testsuites>
