<?xml version="1.0" encoding="UTF-8"?>
<testsuites name="TS1" time="96.873" tests="1" failures="0" errors="0">
   <testsuite name="TS1" tests="1" failures="0" errors="0" time="96.873" skipped="0" timestamp="2024-01-22 18:50:32" hostname="Fadli - LAPTOP-UEQ5K85B.mshome.net" id="Test Suites/TS1">
      <properties>
         <property name="deviceName" value=""/>
         <property name="devicePlatform" value=""/>
         <property name="logFolder" value="C:\\Users\\Fadli\\git\\KatalonDailyGetData2\\Reports\\20240122_174123\\TS1\\20240122_185029"/>
         <property name="logFiles" value="C:\\Users\\Fadli\\git\\KatalonDailyGetData2\\Reports\\20240122_174123\\TS1\\20240122_185029\\execution0.log"/>
         <property name="attachments" value=""/>
         <property name="hostName" value="Fadli - LAPTOP-UEQ5K85B.mshome.net"/>
         <property name="os" value="Windows 10 64bit"/>
         <property name="katalonVersion" value="8.3.5.208"/>
         <property name="browser" value="Chrome 120.0.0.0"/>
         <property name="hostAddress" value="192.168.137.1"/>
         <property name="sessionId" value="76a204421998cce452a9f11a7c62f52f"/>
         <property name="seleniumVersion" value="3.141.59"/>
         <property name="proxyInformation" value="ProxyInformation { proxyOption=NO_PROXY, proxyServerType=HTTP, username=supporting\anabatic.fadli, password=********, proxyServerAddress=10.254.38.4, proxyServerPort=8080, executionList=&quot;&quot;, isApplyToDesiredCapabilities=false }"/>
         <property name="platform" value="Windows 10"/>
      </properties>
      <testcase name="Test Cases/Stockbit/GetBrokSumPriceDaily" time="96.444" classname="Test Cases/Stockbit/GetBrokSumPriceDaily" status="PASSED">
         <system-out><![CDATA[2024-01-22 18:50:33 - [TEST_CASE][PASSED] - Test Cases/Stockbit/GetBrokSumPriceDaily: Test Cases/Stockbit/GetBrokSumPriceDaily

2024-01-22 18:50:34 - [TEST_STEP][PASSED] - strTop1 = <not implemented yet for class: org.codehaus.groovy.ast.expr.EmptyExpression>: null

2024-01-22 18:50:34 - [TEST_STEP][PASSED] - strTop2 = <not implemented yet for class: org.codehaus.groovy.ast.expr.EmptyExpression>: null

2024-01-22 18:50:34 - [TEST_STEP][PASSED] - strTop3 = <not implemented yet for class: org.codehaus.groovy.ast.expr.EmptyExpression>: null

2024-01-22 18:50:34 - [TEST_STEP][PASSED] - strAllBrokAvg = <not implemented yet for class: org.codehaus.groovy.ast.expr.EmptyExpression>: null

2024-01-22 18:50:34 - [TEST_STEP][PASSED] - strAccDist = <not implemented yet for class: org.codehaus.groovy.ast.expr.EmptyExpression>: null

2024-01-22 18:50:34 - [TEST_STEP][PASSED] - strNetVal = <not implemented yet for class: org.codehaus.groovy.ast.expr.EmptyExpression>: null

2024-01-22 18:50:34 - [TEST_STEP][PASSED] - strNetVol = <not implemented yet for class: org.codehaus.groovy.ast.expr.EmptyExpression>: null

2024-01-22 18:50:34 - [TEST_STEP][PASSED] - strTanggal = <not implemented yet for class: org.codehaus.groovy.ast.expr.EmptyExpression>: null

2024-01-22 18:50:34 - [TEST_STEP][PASSED] - strBuyer1 = <not implemented yet for class: org.codehaus.groovy.ast.expr.EmptyExpression>: null

2024-01-22 18:50:34 - [TEST_STEP][PASSED] - strBuyerVol1 = <not implemented yet for class: org.codehaus.groovy.ast.expr.EmptyExpression>: null

2024-01-22 18:50:34 - [TEST_STEP][PASSED] - strBuyerAvg1 = <not implemented yet for class: org.codehaus.groovy.ast.expr.EmptyExpression>: null

2024-01-22 18:50:34 - [TEST_STEP][PASSED] - strSeller1 = <not implemented yet for class: org.codehaus.groovy.ast.expr.EmptyExpression>: null

2024-01-22 18:50:34 - [TEST_STEP][PASSED] - strSellerVol1 = <not implemented yet for class: org.codehaus.groovy.ast.expr.EmptyExpression>: null

2024-01-22 18:50:34 - [TEST_STEP][PASSED] - strSellerAvg1 = <not implemented yet for class: org.codehaus.groovy.ast.expr.EmptyExpression>: null

2024-01-22 18:50:34 - [TEST_STEP][PASSED] - strBuyer2 = <not implemented yet for class: org.codehaus.groovy.ast.expr.EmptyExpression>: null

2024-01-22 18:50:34 - [TEST_STEP][PASSED] - strBuyerVol2 = <not implemented yet for class: org.codehaus.groovy.ast.expr.EmptyExpression>: null

2024-01-22 18:50:34 - [TEST_STEP][PASSED] - strBuyerAvg2 = <not implemented yet for class: org.codehaus.groovy.ast.expr.EmptyExpression>: null

2024-01-22 18:50:34 - [TEST_STEP][PASSED] - strSeller2 = <not implemented yet for class: org.codehaus.groovy.ast.expr.EmptyExpression>: null

2024-01-22 18:50:34 - [TEST_STEP][PASSED] - strSellerVol2 = <not implemented yet for class: org.codehaus.groovy.ast.expr.EmptyExpression>: null

2024-01-22 18:50:34 - [TEST_STEP][PASSED] - strSellerAvg2 = <not implemented yet for class: org.codehaus.groovy.ast.expr.EmptyExpression>: null

2024-01-22 18:50:34 - [TEST_STEP][PASSED] - strBuyer3 = <not implemented yet for class: org.codehaus.groovy.ast.expr.EmptyExpression>: null

2024-01-22 18:50:34 - [TEST_STEP][PASSED] - strBuyerVol3 = <not implemented yet for class: org.codehaus.groovy.ast.expr.EmptyExpression>: null

2024-01-22 18:50:34 - [TEST_STEP][PASSED] - strBuyerAvg3 = <not implemented yet for class: org.codehaus.groovy.ast.expr.EmptyExpression>: null

2024-01-22 18:50:34 - [TEST_STEP][PASSED] - strSeller3 = <not implemented yet for class: org.codehaus.groovy.ast.expr.EmptyExpression>: null

2024-01-22 18:50:34 - [TEST_STEP][PASSED] - strSellerVol3 = <not implemented yet for class: org.codehaus.groovy.ast.expr.EmptyExpression>: null

2024-01-22 18:50:34 - [TEST_STEP][PASSED] - strSellerAvg3 = <not implemented yet for class: org.codehaus.groovy.ast.expr.EmptyExpression>: null

2024-01-22 18:50:34 - [TEST_STEP][PASSED] - strOpenPrice = <not implemented yet for class: org.codehaus.groovy.ast.expr.EmptyExpression>: null

2024-01-22 18:50:34 - [TEST_STEP][PASSED] - strLowPrice = <not implemented yet for class: org.codehaus.groovy.ast.expr.EmptyExpression>: null

2024-01-22 18:50:34 - [TEST_STEP][PASSED] - strHighPrice = <not implemented yet for class: org.codehaus.groovy.ast.expr.EmptyExpression>: null

2024-01-22 18:50:34 - [TEST_STEP][PASSED] - strClosePrice = <not implemented yet for class: org.codehaus.groovy.ast.expr.EmptyExpression>: null

2024-01-22 18:50:34 - [TEST_STEP][PASSED] - strVol = <not implemented yet for class: org.codehaus.groovy.ast.expr.EmptyExpression>: null

2024-01-22 18:50:34 - [TEST_STEP][PASSED] - strChange = <not implemented yet for class: org.codehaus.groovy.ast.expr.EmptyExpression>: null

2024-01-22 18:50:34 - [TEST_STEP][PASSED] - strFreq = <not implemented yet for class: org.codehaus.groovy.ast.expr.EmptyExpression>: null

2024-01-22 18:50:34 - [TEST_STEP][PASSED] - strFreqAnal = <not implemented yet for class: org.codehaus.groovy.ast.expr.EmptyExpression>: null

2024-01-22 18:50:34 - [TEST_STEP][PASSED] - intAvgRP = <not implemented yet for class: org.codehaus.groovy.ast.expr.EmptyExpression>: null

2024-01-22 18:50:34 - [TEST_STEP][PASSED] - strTemp = <not implemented yet for class: org.codehaus.groovy.ast.expr.EmptyExpression>: null

2024-01-22 18:50:34 - [TEST_STEP][PASSED] - dblFreqAnal = <not implemented yet for class: org.codehaus.groovy.ast.expr.EmptyExpression>: null

2024-01-22 18:50:34 - [TEST_STEP][PASSED] - ldt = LocalDate.now(): null

2024-01-22 18:50:34 - [TEST_STEP][PASSED] - strNama = <not implemented yet for class: org.codehaus.groovy.ast.expr.EmptyExpression>: null

2024-01-22 18:50:34 - [TEST_STEP][PASSED] - strStartDate2 = ldt.toString(): null

2024-01-22 18:50:34 - [TEST_STEP][PASSED] - strEndDate2 = ldt.toString(): null

2024-01-22 18:50:34 - [TEST_STEP][PASSED] - partSplit = <not implemented yet for class: org.codehaus.groovy.ast.expr.EmptyExpression>: null

2024-01-22 18:50:34 - [TEST_STEP][PASSED] - strHari = <not implemented yet for class: org.codehaus.groovy.ast.expr.EmptyExpression>: null

2024-01-22 18:50:34 - [TEST_STEP][PASSED] - strBulan = <not implemented yet for class: org.codehaus.groovy.ast.expr.EmptyExpression>: null

2024-01-22 18:50:34 - [TEST_STEP][PASSED] - strTahun = <not implemented yet for class: org.codehaus.groovy.ast.expr.EmptyExpression>: null

2024-01-22 18:50:34 - [TEST_STEP][PASSED] - builder = new java.lang.StringBuilder(): null

2024-01-22 18:50:34 - [TEST_STEP][PASSED] - startDate = LocalDate.parse(strStartDate2): null

2024-01-22 18:50:34 - [TEST_STEP][PASSED] - endDate = LocalDate.parse(strEndDate2): null

2024-01-22 18:50:34 - [TEST_STEP][PASSED] - d = startDate: null

2024-01-22 18:50:34 - [TEST_STEP][PASSED] - openBrowser("https://stockbit.com/login"): Browser is opened with url: 'https://stockbit.com/login'

2024-01-22 18:50:35 - [MESSAGE][INFO] - Starting 'Chrome' driver

2024-01-22 18:50:35 - [MESSAGE][INFO] - User set preference: ['acceptInsecureCerts', 'false']

2024-01-22 18:50:35 - [MESSAGE][INFO] - Action delay is set to 200 milliseconds

2024-01-22 18:50:37 - [MESSAGE][WARNING] - FFmpeg was not installed! Browser Recording will be disabled. Please follow this document to install FFmpeg first: https://docs.katalon.com/katalon-studio/docs/screenshots-videos.html#browser-based-recorder

2024-01-22 18:50:39 - [MESSAGE][PASSED] - Browser is opened with url: 'https://stockbit.com/login'

2024-01-22 18:50:39 - [TEST_STEP][PASSED] - maximizeWindow(): Current window maximized

2024-01-22 18:50:39 - [MESSAGE][PASSED] - Current window maximized

2024-01-22 18:50:39 - [TEST_STEP][PASSED] - setText(findTestObject("Stockbit/input_UserID"), "fadli_romi@yahoo.com"): Text 'fadli_romi@yahoo.com' is set on object 'Object Repository/Stockbit/input_UserID'

2024-01-22 18:50:40 - [MESSAGE][PASSED] - Text 'fadli_romi@yahoo.com' is set on object 'Object Repository/Stockbit/input_UserID'

2024-01-22 18:50:40 - [TEST_STEP][PASSED] - setEncryptedText(findTestObject("Stockbit/input_Password"), "qzE6rR3iJu4="): Text ****** has been set on object 'Object Repository/Stockbit/input_Password'

2024-01-22 18:50:41 - [MESSAGE][PASSED] - Text ****** has been set on object 'Object Repository/Stockbit/input_Password'

2024-01-22 18:50:41 - [TEST_STEP][PASSED] - click(findTestObject("Stockbit/button_Login")): Object: 'Object Repository/Stockbit/button_Login' is clicked on

2024-01-22 18:50:41 - [MESSAGE][PASSED] - Object: 'Object Repository/Stockbit/button_Login' is clicked on

2024-01-22 18:50:41 - [TEST_STEP][PASSED] - delay(3): Delayed 3 second(s)

2024-01-22 18:50:44 - [MESSAGE][PASSED] - Delayed 3 second(s)

2024-01-22 18:50:44 - [TEST_STEP][PASSED] - navigateToUrl("https://stockbit.com/screener"): Navigate to 'https://stockbit.com/screener' successfully

2024-01-22 18:50:48 - [MESSAGE][PASSED] - Navigate to 'https://stockbit.com/screener' successfully

2024-01-22 18:50:48 - [TEST_STEP][PASSED] - connection = null: null

2024-01-22 18:50:48 - [TEST_STEP][PASSED] - statement = null: null

2024-01-22 18:50:48 - [TEST_STEP][PASSED] - resultSet = null: null

2024-01-22 18:50:48 - [TEST_STEP][PASSED] - Class.forName("net.ucanaccess.jdbc.UcanaccessDriver"): null

2024-01-22 18:50:48 - [TEST_STEP][PASSED] - msAccDB = "C:\Fadli\Database1.accdb": null

2024-01-22 18:50:48 - [TEST_STEP][PASSED] - dbURL = "jdbc:ucanaccess://" + msAccDB: null

2024-01-22 18:50:48 - [TEST_STEP][PASSED] - strSQL = <not implemented yet for class: org.codehaus.groovy.ast.expr.EmptyExpression>: null

2024-01-22 18:50:48 - [TEST_STEP][PASSED] - connection = DriverManager.getConnection(dbURL): null

2024-01-22 18:51:43 - [TEST_STEP][PASSED] - statement = connection.createStatement(): null

2024-01-22 18:51:43 - [TEST_STEP][PASSED] - try: null

2024-01-22 18:51:43 - [TEST_STEP][PASSED] - Class.forName("net.ucanaccess.jdbc.UcanaccessDriver"): null

2024-01-22 18:51:43 - [TEST_STEP][PASSED] - excelFilePath = "C:\Fadli\GetPrice.xlsx": null

2024-01-22 18:51:43 - [TEST_STEP][PASSED] - sheetName = "Sheet1": null

2024-01-22 18:51:43 - [TEST_STEP][PASSED] - workbook01 = getWorkbook(excelFilePath): null

2024-01-22 18:51:44 - [TEST_STEP][PASSED] - sheet01 = getExcelSheet(workbook01, sheetName): null

2024-01-22 18:51:44 - [TEST_STEP][PASSED] - numTot = numTot = getCellValueByIndex(sheet01, 0, 0): null

2024-01-22 18:51:44 - [TEST_STEP][PASSED] - while (d.isBefore(endDate) || d.equals(endDate)): null

2024-01-22 18:51:44 - [TEST_STEP][PASSED] - for ([rowIndex = 1, rowIndex < numTot + 1, (rowIndex++)]): Object: 'Object Repository/Stockbit/menu_Bandarmology' is clicked on

2024-01-22 18:51:44 - [TEST_STEP][PASSED] - strTemp = "NA": null

2024-01-22 18:51:44 - [TEST_STEP][PASSED] - if (getCellValueByIndex(sheet01, rowIndex, 4) != "DONE"): null

2024-01-22 18:51:44 - [TEST_STEP][PASSED] - strTemp = "NA": null

2024-01-22 18:51:44 - [TEST_STEP][PASSED] - if (getCellValueByIndex(sheet01, rowIndex, 4) != "DONE"): null

2024-01-22 18:51:44 - [TEST_STEP][PASSED] - strTemp = "NA": null

2024-01-22 18:51:44 - [TEST_STEP][PASSED] - if (getCellValueByIndex(sheet01, rowIndex, 4) != "DONE"): null

2024-01-22 18:51:44 - [TEST_STEP][PASSED] - strTemp = "NA": null

2024-01-22 18:51:44 - [TEST_STEP][PASSED] - if (getCellValueByIndex(sheet01, rowIndex, 4) != "DONE"): null

2024-01-22 18:51:44 - [TEST_STEP][PASSED] - strTemp = "NA": null

2024-01-22 18:51:44 - [TEST_STEP][PASSED] - if (getCellValueByIndex(sheet01, rowIndex, 4) != "DONE"): null

2024-01-22 18:51:44 - [TEST_STEP][PASSED] - strTemp = "NA": null

2024-01-22 18:51:44 - [TEST_STEP][PASSED] - if (getCellValueByIndex(sheet01, rowIndex, 4) != "DONE"): null

2024-01-22 18:51:44 - [TEST_STEP][PASSED] - strTemp = "NA": null

2024-01-22 18:51:44 - [TEST_STEP][PASSED] - if (getCellValueByIndex(sheet01, rowIndex, 4) != "DONE"): null

2024-01-22 18:51:44 - [TEST_STEP][PASSED] - strTemp = "NA": null

2024-01-22 18:51:44 - [TEST_STEP][PASSED] - if (getCellValueByIndex(sheet01, rowIndex, 4) != "DONE"): Object: 'Object Repository/Stockbit/menu_Bandarmology' is clicked on

2024-01-22 18:51:44 - [TEST_STEP][PASSED] - strNama = getCellValueByIndex(sheet01, rowIndex, 0): null

2024-01-22 18:51:44 - [TEST_STEP][PASSED] - navigateToUrl("https://stockbit.com/#/symbol/" + strNama): Navigate to 'https://stockbit.com/#/symbol/META' successfully

2024-01-22 18:51:46 - [MESSAGE][PASSED] - Navigate to 'https://stockbit.com/#/symbol/META' successfully

2024-01-22 18:51:46 - [TEST_STEP][PASSED] - waitForElementClickable(findTestObject("Stockbit/menu_Bandarmology"), 10): Object 'Object Repository/Stockbit/menu_Bandarmology' is clickable

2024-01-22 18:51:46 - [MESSAGE][PASSED] - Object 'Object Repository/Stockbit/menu_Bandarmology' is clickable

2024-01-22 18:51:46 - [TEST_STEP][PASSED] - click(findTestObject("Stockbit/menu_Bandarmology")): Object: 'Object Repository/Stockbit/menu_Bandarmology' is clicked on

2024-01-22 18:51:47 - [MESSAGE][PASSED] - Object: 'Object Repository/Stockbit/menu_Bandarmology' is clicked on

2024-01-22 18:51:47 - [TEST_STEP][PASSED] - strTanggal = d.format(DateTimeFormatter.ofPattern("MMM dd, yyyy")): null

2024-01-22 18:51:47 - [TEST_STEP][PASSED] - strTanggal = d.format(ISO_DATE): null

2024-01-22 18:51:47 - [TEST_STEP][PASSED] - out.println("strTanggal = " + strTanggal): null

2024-01-22 18:51:47 - [TEST_STEP][PASSED] - out.println("strNama = " + strNama): null

2024-01-22 18:51:47 - [TEST_STEP][PASSED] - out.println("Baris ke = " + rowIndex): null

2024-01-22 18:51:47 - [TEST_STEP][PASSED] - click(findTestObject("Stockbit/input__BandarmologyOpenStartDate")): Object: 'Object Repository/Stockbit/input__BandarmologyOpenStartDate' is clicked on

2024-01-22 18:51:48 - [MESSAGE][PASSED] - Object: 'Object Repository/Stockbit/input__BandarmologyOpenStartDate' is clicked on

2024-01-22 18:51:48 - [TEST_STEP][PASSED] - sendKeys(findTestObject("Stockbit/input__BandarmologyOpenStartDate"), Keys.chord(CONTROL, "a")): Keys 'CONTROL + a' sent to object: 'Object Repository/Stockbit/input__BandarmologyOpenStartDate'

2024-01-22 18:51:49 - [MESSAGE][PASSED] - Keys 'CONTROL + a' sent to object: 'Object Repository/Stockbit/input__BandarmologyOpenStartDate'

2024-01-22 18:51:49 - [TEST_STEP][PASSED] - sendKeys(findTestObject("Stockbit/input__BandarmologyOpenStartDate"), Keys.chord(BACK_SPACE)): Keys 'BACK_SPACE + ' sent to object: 'Object Repository/Stockbit/input__BandarmologyOpenStartDate'

2024-01-22 18:51:49 - [MESSAGE][PASSED] - Keys 'BACK_SPACE + ' sent to object: 'Object Repository/Stockbit/input__BandarmologyOpenStartDate'

2024-01-22 18:51:49 - [TEST_STEP][PASSED] - setText(findTestObject("Stockbit/input__BandarmologyOpenStartDate"), strTanggal): Text '2024-01-22' is set on object 'Object Repository/Stockbit/input__BandarmologyOpenStartDate'

2024-01-22 18:51:50 - [MESSAGE][PASSED] - Text '2024-01-22' is set on object 'Object Repository/Stockbit/input__BandarmologyOpenStartDate'

2024-01-22 18:51:50 - [TEST_STEP][PASSED] - sendKeys(findTestObject("Stockbit/input__BandarmologyOpenStartDate"), Keys.chord(ENTER)): Keys 'ENTER + ' sent to object: 'Object Repository/Stockbit/input__BandarmologyOpenStartDate'

2024-01-22 18:51:50 - [MESSAGE][PASSED] - Keys 'ENTER + ' sent to object: 'Object Repository/Stockbit/input__BandarmologyOpenStartDate'

2024-01-22 18:51:50 - [TEST_STEP][PASSED] - click(findTestObject("Stockbit/input__BandarmologyOpenEndDate")): Object: 'Object Repository/Stockbit/input__BandarmologyOpenEndDate' is clicked on

2024-01-22 18:51:51 - [MESSAGE][PASSED] - Object: 'Object Repository/Stockbit/input__BandarmologyOpenEndDate' is clicked on

2024-01-22 18:51:51 - [TEST_STEP][PASSED] - sendKeys(findTestObject("Stockbit/input__BandarmologyOpenEndDate"), Keys.chord(CONTROL, "a")): Keys 'CONTROL + a' sent to object: 'Object Repository/Stockbit/input__BandarmologyOpenEndDate'

2024-01-22 18:51:51 - [MESSAGE][PASSED] - Keys 'CONTROL + a' sent to object: 'Object Repository/Stockbit/input__BandarmologyOpenEndDate'

2024-01-22 18:51:51 - [TEST_STEP][PASSED] - sendKeys(findTestObject("Stockbit/input__BandarmologyOpenEndDate"), Keys.chord(BACK_SPACE)): Keys 'BACK_SPACE + ' sent to object: 'Object Repository/Stockbit/input__BandarmologyOpenEndDate'

2024-01-22 18:51:52 - [MESSAGE][PASSED] - Keys 'BACK_SPACE + ' sent to object: 'Object Repository/Stockbit/input__BandarmologyOpenEndDate'

2024-01-22 18:51:52 - [TEST_STEP][PASSED] - setText(findTestObject("Stockbit/input__BandarmologyOpenEndDate"), strTanggal): Text '2024-01-22' is set on object 'Object Repository/Stockbit/input__BandarmologyOpenEndDate'

2024-01-22 18:51:52 - [MESSAGE][PASSED] - Text '2024-01-22' is set on object 'Object Repository/Stockbit/input__BandarmologyOpenEndDate'

2024-01-22 18:51:52 - [TEST_STEP][PASSED] - sendKeys(findTestObject("Stockbit/input__BandarmologyOpenEndDate"), Keys.chord(ENTER)): Keys 'ENTER + ' sent to object: 'Object Repository/Stockbit/input__BandarmologyOpenEndDate'

2024-01-22 18:51:53 - [MESSAGE][PASSED] - Keys 'ENTER + ' sent to object: 'Object Repository/Stockbit/input__BandarmologyOpenEndDate'

2024-01-22 18:51:53 - [TEST_STEP][PASSED] - delay(2): Delayed 2 second(s)

2024-01-22 18:51:55 - [MESSAGE][PASSED] - Delayed 2 second(s)

2024-01-22 18:51:55 - [TEST_STEP][PASSED] - strTemp = getText(findTestObject("Stockbit/Bandarmology_AvgRP")): Text of object 'Object Repository/Stockbit/Bandarmology_AvgRP' is: '0'

2024-01-22 18:51:55 - [MESSAGE][PASSED] - Text of object 'Object Repository/Stockbit/Bandarmology_AvgRP' is: '0'

2024-01-22 18:51:55 - [TEST_STEP][PASSED] - out.println("Bandarmology_AvgRP = " + strTemp): null

2024-01-22 18:51:55 - [TEST_STEP][PASSED] - if (strTemp != "0"): null

2024-01-22 18:51:55 - [TEST_STEP][PASSED] - waitForElementClickable(findTestObject("Stockbit/menu_Bandarmology"), 10): Object 'Object Repository/Stockbit/menu_Bandarmology' is clickable

2024-01-22 18:51:55 - [MESSAGE][PASSED] - Object 'Object Repository/Stockbit/menu_Bandarmology' is clickable

2024-01-22 18:51:55 - [TEST_STEP][PASSED] - click(findTestObject("Stockbit/menu_Bandarmology")): Object: 'Object Repository/Stockbit/menu_Bandarmology' is clicked on

2024-01-22 18:51:56 - [MESSAGE][PASSED] - Object: 'Object Repository/Stockbit/menu_Bandarmology' is clicked on

2024-01-22 18:51:56 - [TEST_STEP][PASSED] - strTemp = "NA": null

2024-01-22 18:51:56 - [TEST_STEP][PASSED] - if (getCellValueByIndex(sheet01, rowIndex, 4) != "DONE"): null

2024-01-22 18:51:56 - [TEST_STEP][PASSED] - strTemp = "NA": null

2024-01-22 18:51:56 - [TEST_STEP][PASSED] - if (getCellValueByIndex(sheet01, rowIndex, 4) != "DONE"): null

2024-01-22 18:51:56 - [TEST_STEP][PASSED] - strTemp = "NA": null

2024-01-22 18:51:56 - [TEST_STEP][PASSED] - if (getCellValueByIndex(sheet01, rowIndex, 4) != "DONE"): null

2024-01-22 18:51:56 - [TEST_STEP][PASSED] - strTemp = "NA": null

2024-01-22 18:51:56 - [TEST_STEP][PASSED] - if (getCellValueByIndex(sheet01, rowIndex, 4) != "DONE"): null

2024-01-22 18:51:56 - [TEST_STEP][PASSED] - strTemp = "NA": null

2024-01-22 18:51:56 - [TEST_STEP][PASSED] - if (getCellValueByIndex(sheet01, rowIndex, 4) != "DONE"): null

2024-01-22 18:51:56 - [TEST_STEP][PASSED] - strTemp = "NA": null

2024-01-22 18:51:56 - [TEST_STEP][PASSED] - if (getCellValueByIndex(sheet01, rowIndex, 4) != "DONE"): null

2024-01-22 18:51:56 - [TEST_STEP][PASSED] - strTemp = "NA": null

2024-01-22 18:51:56 - [TEST_STEP][PASSED] - if (getCellValueByIndex(sheet01, rowIndex, 4) != "DONE"): null

2024-01-22 18:51:56 - [TEST_STEP][PASSED] - strTemp = "NA": null

2024-01-22 18:51:56 - [TEST_STEP][PASSED] - if (getCellValueByIndex(sheet01, rowIndex, 4) != "DONE"): null

2024-01-22 18:51:56 - [TEST_STEP][PASSED] - strTemp = "NA": null

2024-01-22 18:51:56 - [TEST_STEP][PASSED] - if (getCellValueByIndex(sheet01, rowIndex, 4) != "DONE"): null

2024-01-22 18:51:56 - [TEST_STEP][PASSED] - strTemp = "NA": null

2024-01-22 18:51:56 - [TEST_STEP][PASSED] - if (getCellValueByIndex(sheet01, rowIndex, 4) != "DONE"): null

2024-01-22 18:51:56 - [TEST_STEP][PASSED] - strTemp = "NA": null

2024-01-22 18:51:56 - [TEST_STEP][PASSED] - if (getCellValueByIndex(sheet01, rowIndex, 4) != "DONE"): null

2024-01-22 18:51:56 - [TEST_STEP][PASSED] - strTemp = "NA": null

2024-01-22 18:51:56 - [TEST_STEP][PASSED] - if (getCellValueByIndex(sheet01, rowIndex, 4) != "DONE"): null

2024-01-22 18:51:56 - [TEST_STEP][PASSED] - strTemp = "NA": null

2024-01-22 18:51:56 - [TEST_STEP][PASSED] - if (getCellValueByIndex(sheet01, rowIndex, 4) != "DONE"): null

2024-01-22 18:51:56 - [TEST_STEP][PASSED] - strTemp = "NA": null

2024-01-22 18:51:56 - [TEST_STEP][PASSED] - if (getCellValueByIndex(sheet01, rowIndex, 4) != "DONE"): null

2024-01-22 18:51:56 - [TEST_STEP][PASSED] - strTemp = "NA": null

2024-01-22 18:51:56 - [TEST_STEP][PASSED] - if (getCellValueByIndex(sheet01, rowIndex, 4) != "DONE"): null

2024-01-22 18:51:56 - [TEST_STEP][PASSED] - strTemp = "NA": null

2024-01-22 18:51:56 - [TEST_STEP][PASSED] - if (getCellValueByIndex(sheet01, rowIndex, 4) != "DONE"): null

2024-01-22 18:51:56 - [TEST_STEP][PASSED] - strTemp = "NA": null

2024-01-22 18:51:56 - [TEST_STEP][PASSED] - if (getCellValueByIndex(sheet01, rowIndex, 4) != "DONE"): null

2024-01-22 18:51:56 - [TEST_STEP][PASSED] - strTemp = "NA": null

2024-01-22 18:51:56 - [TEST_STEP][PASSED] - if (getCellValueByIndex(sheet01, rowIndex, 4) != "DONE"): null

2024-01-22 18:51:56 - [TEST_STEP][PASSED] - strTemp = "NA": null

2024-01-22 18:51:56 - [TEST_STEP][PASSED] - if (getCellValueByIndex(sheet01, rowIndex, 4) != "DONE"): null

2024-01-22 18:51:56 - [TEST_STEP][PASSED] - strTemp = "NA": null

2024-01-22 18:51:56 - [TEST_STEP][PASSED] - if (getCellValueByIndex(sheet01, rowIndex, 4) != "DONE"): null

2024-01-22 18:51:56 - [TEST_STEP][PASSED] - strTemp = "NA": null

2024-01-22 18:51:56 - [TEST_STEP][PASSED] - if (getCellValueByIndex(sheet01, rowIndex, 4) != "DONE"): null

2024-01-22 18:51:56 - [TEST_STEP][PASSED] - strTemp = "NA": null

2024-01-22 18:51:56 - [TEST_STEP][PASSED] - if (getCellValueByIndex(sheet01, rowIndex, 4) != "DONE"): null

2024-01-22 18:51:56 - [TEST_STEP][PASSED] - strTemp = "NA": null

2024-01-22 18:51:56 - [TEST_STEP][PASSED] - if (getCellValueByIndex(sheet01, rowIndex, 4) != "DONE"): null

2024-01-22 18:51:56 - [TEST_STEP][PASSED] - strTemp = "NA": null

2024-01-22 18:51:56 - [TEST_STEP][PASSED] - if (getCellValueByIndex(sheet01, rowIndex, 4) != "DONE"): null

2024-01-22 18:51:56 - [TEST_STEP][PASSED] - strTemp = "NA": null

2024-01-22 18:51:56 - [TEST_STEP][PASSED] - if (getCellValueByIndex(sheet01, rowIndex, 4) != "DONE"): null

2024-01-22 18:51:56 - [TEST_STEP][PASSED] - strTemp = "NA": null

2024-01-22 18:51:56 - [TEST_STEP][PASSED] - if (getCellValueByIndex(sheet01, rowIndex, 4) != "DONE"): null

2024-01-22 18:51:56 - [TEST_STEP][PASSED] - strTemp = "NA": null

2024-01-22 18:51:56 - [TEST_STEP][PASSED] - if (getCellValueByIndex(sheet01, rowIndex, 4) != "DONE"): null

2024-01-22 18:51:56 - [TEST_STEP][PASSED] - strTemp = "NA": null

2024-01-22 18:51:56 - [TEST_STEP][PASSED] - if (getCellValueByIndex(sheet01, rowIndex, 4) != "DONE"): null

2024-01-22 18:51:56 - [TEST_STEP][PASSED] - strTemp = "NA": null

2024-01-22 18:51:56 - [TEST_STEP][PASSED] - if (getCellValueByIndex(sheet01, rowIndex, 4) != "DONE"): null

2024-01-22 18:51:56 - [TEST_STEP][PASSED] - strTemp = "NA": null

2024-01-22 18:51:56 - [TEST_STEP][PASSED] - if (getCellValueByIndex(sheet01, rowIndex, 4) != "DONE"): null

2024-01-22 18:51:56 - [TEST_STEP][PASSED] - strTemp = "NA": null

2024-01-22 18:51:56 - [TEST_STEP][PASSED] - if (getCellValueByIndex(sheet01, rowIndex, 4) != "DONE"): null

2024-01-22 18:51:56 - [TEST_STEP][PASSED] - strTemp = "NA": null

2024-01-22 18:51:56 - [TEST_STEP][PASSED] - if (getCellValueByIndex(sheet01, rowIndex, 4) != "DONE"): null

2024-01-22 18:51:56 - [TEST_STEP][PASSED] - strTemp = "NA": null

2024-01-22 18:51:56 - [TEST_STEP][PASSED] - if (getCellValueByIndex(sheet01, rowIndex, 4) != "DONE"): null

2024-01-22 18:51:56 - [TEST_STEP][PASSED] - strTemp = "NA": null

2024-01-22 18:51:56 - [TEST_STEP][PASSED] - if (getCellValueByIndex(sheet01, rowIndex, 4) != "DONE"): null

2024-01-22 18:51:56 - [TEST_STEP][PASSED] - strTemp = "NA": null

2024-01-22 18:51:56 - [TEST_STEP][PASSED] - if (getCellValueByIndex(sheet01, rowIndex, 4) != "DONE"): null

2024-01-22 18:51:56 - [TEST_STEP][PASSED] - strTemp = "NA": null

2024-01-22 18:51:56 - [TEST_STEP][PASSED] - if (getCellValueByIndex(sheet01, rowIndex, 4) != "DONE"): null

2024-01-22 18:51:56 - [TEST_STEP][PASSED] - strTemp = "NA": null

2024-01-22 18:51:56 - [TEST_STEP][PASSED] - if (getCellValueByIndex(sheet01, rowIndex, 4) != "DONE"): null

2024-01-22 18:51:56 - [TEST_STEP][PASSED] - strTemp = "NA": null

2024-01-22 18:51:56 - [TEST_STEP][PASSED] - if (getCellValueByIndex(sheet01, rowIndex, 4) != "DONE"): null

2024-01-22 18:51:56 - [TEST_STEP][PASSED] - strTemp = "NA": null

2024-01-22 18:51:56 - [TEST_STEP][PASSED] - if (getCellValueByIndex(sheet01, rowIndex, 4) != "DONE"): null

2024-01-22 18:51:56 - [TEST_STEP][PASSED] - strTemp = "NA": null

2024-01-22 18:51:56 - [TEST_STEP][PASSED] - if (getCellValueByIndex(sheet01, rowIndex, 4) != "DONE"): null

2024-01-22 18:51:56 - [TEST_STEP][PASSED] - strTemp = "NA": null

2024-01-22 18:51:56 - [TEST_STEP][PASSED] - if (getCellValueByIndex(sheet01, rowIndex, 4) != "DONE"): null

2024-01-22 18:51:56 - [TEST_STEP][PASSED] - strTemp = "NA": null

2024-01-22 18:51:56 - [TEST_STEP][PASSED] - if (getCellValueByIndex(sheet01, rowIndex, 4) != "DONE"): null

2024-01-22 18:51:56 - [TEST_STEP][PASSED] - strTemp = "NA": null

2024-01-22 18:51:56 - [TEST_STEP][PASSED] - if (getCellValueByIndex(sheet01, rowIndex, 4) != "DONE"): null

2024-01-22 18:51:56 - [TEST_STEP][PASSED] - strTemp = "NA": null

2024-01-22 18:51:56 - [TEST_STEP][PASSED] - if (getCellValueByIndex(sheet01, rowIndex, 4) != "DONE"): null

2024-01-22 18:51:56 - [TEST_STEP][PASSED] - strTemp = "NA": null

2024-01-22 18:51:56 - [TEST_STEP][PASSED] - if (getCellValueByIndex(sheet01, rowIndex, 4) != "DONE"): null

2024-01-22 18:51:56 - [TEST_STEP][PASSED] - strTemp = "NA": null

2024-01-22 18:51:56 - [TEST_STEP][PASSED] - if (getCellValueByIndex(sheet01, rowIndex, 4) != "DONE"): null

2024-01-22 18:51:56 - [TEST_STEP][PASSED] - strTemp = "NA": null

2024-01-22 18:51:56 - [TEST_STEP][PASSED] - if (getCellValueByIndex(sheet01, rowIndex, 4) != "DONE"): null

2024-01-22 18:51:56 - [TEST_STEP][PASSED] - strTemp = "NA": null

2024-01-22 18:51:56 - [TEST_STEP][PASSED] - if (getCellValueByIndex(sheet01, rowIndex, 4) != "DONE"): null

2024-01-22 18:51:56 - [TEST_STEP][PASSED] - strTemp = "NA": null

2024-01-22 18:51:56 - [TEST_STEP][PASSED] - if (getCellValueByIndex(sheet01, rowIndex, 4) != "DONE"): null

2024-01-22 18:51:56 - [TEST_STEP][PASSED] - strTemp = "NA": null

2024-01-22 18:51:56 - [TEST_STEP][PASSED] - if (getCellValueByIndex(sheet01, rowIndex, 4) != "DONE"): null

2024-01-22 18:51:56 - [TEST_STEP][PASSED] - strTemp = "NA": null

2024-01-22 18:51:56 - [TEST_STEP][PASSED] - if (getCellValueByIndex(sheet01, rowIndex, 4) != "DONE"): null

2024-01-22 18:51:56 - [TEST_STEP][PASSED] - strTemp = "NA": null

2024-01-22 18:51:56 - [TEST_STEP][PASSED] - if (getCellValueByIndex(sheet01, rowIndex, 4) != "DONE"): null

2024-01-22 18:51:56 - [TEST_STEP][PASSED] - strTemp = "NA": null

2024-01-22 18:51:56 - [TEST_STEP][PASSED] - if (getCellValueByIndex(sheet01, rowIndex, 4) != "DONE"): null

2024-01-22 18:51:56 - [TEST_STEP][PASSED] - strTemp = "NA": null

2024-01-22 18:51:56 - [TEST_STEP][PASSED] - if (getCellValueByIndex(sheet01, rowIndex, 4) != "DONE"): null

2024-01-22 18:51:56 - [TEST_STEP][PASSED] - strTemp = "NA": null

2024-01-22 18:51:56 - [TEST_STEP][PASSED] - if (getCellValueByIndex(sheet01, rowIndex, 4) != "DONE"): null

2024-01-22 18:51:56 - [TEST_STEP][PASSED] - strTemp = "NA": null

2024-01-22 18:51:56 - [TEST_STEP][PASSED] - if (getCellValueByIndex(sheet01, rowIndex, 4) != "DONE"): null

2024-01-22 18:51:56 - [TEST_STEP][PASSED] - strTemp = "NA": null

2024-01-22 18:51:56 - [TEST_STEP][PASSED] - if (getCellValueByIndex(sheet01, rowIndex, 4) != "DONE"): null

2024-01-22 18:51:56 - [TEST_STEP][PASSED] - strTemp = "NA": null

2024-01-22 18:51:56 - [TEST_STEP][PASSED] - if (getCellValueByIndex(sheet01, rowIndex, 4) != "DONE"): null

2024-01-22 18:51:56 - [TEST_STEP][PASSED] - strTemp = "NA": null

2024-01-22 18:51:56 - [TEST_STEP][PASSED] - if (getCellValueByIndex(sheet01, rowIndex, 4) != "DONE"): null

2024-01-22 18:51:56 - [TEST_STEP][PASSED] - strTemp = "NA": null

2024-01-22 18:51:56 - [TEST_STEP][PASSED] - if (getCellValueByIndex(sheet01, rowIndex, 4) != "DONE"): null

2024-01-22 18:51:56 - [TEST_STEP][PASSED] - strTemp = "NA": null

2024-01-22 18:51:56 - [TEST_STEP][PASSED] - if (getCellValueByIndex(sheet01, rowIndex, 4) != "DONE"): null

2024-01-22 18:51:56 - [TEST_STEP][PASSED] - strTemp = "NA": null

2024-01-22 18:51:56 - [TEST_STEP][PASSED] - if (getCellValueByIndex(sheet01, rowIndex, 4) != "DONE"): null

2024-01-22 18:51:56 - [TEST_STEP][PASSED] - strTemp = "NA": null

2024-01-22 18:51:56 - [TEST_STEP][PASSED] - if (getCellValueByIndex(sheet01, rowIndex, 4) != "DONE"): null

2024-01-22 18:51:56 - [TEST_STEP][PASSED] - strTemp = "NA": null

2024-01-22 18:51:56 - [TEST_STEP][PASSED] - if (getCellValueByIndex(sheet01, rowIndex, 4) != "DONE"): null

2024-01-22 18:51:56 - [TEST_STEP][PASSED] - strTemp = "NA": null

2024-01-22 18:51:56 - [TEST_STEP][PASSED] - if (getCellValueByIndex(sheet01, rowIndex, 4) != "DONE"): null

2024-01-22 18:51:56 - [TEST_STEP][PASSED] - strTemp = "NA": null

2024-01-22 18:51:56 - [TEST_STEP][PASSED] - if (getCellValueByIndex(sheet01, rowIndex, 4) != "DONE"): null

2024-01-22 18:51:56 - [TEST_STEP][PASSED] - strTemp = "NA": null

2024-01-22 18:51:56 - [TEST_STEP][PASSED] - if (getCellValueByIndex(sheet01, rowIndex, 4) != "DONE"): null

2024-01-22 18:51:56 - [TEST_STEP][PASSED] - strTemp = "NA": null

2024-01-22 18:51:56 - [TEST_STEP][PASSED] - if (getCellValueByIndex(sheet01, rowIndex, 4) != "DONE"): null

2024-01-22 18:51:56 - [TEST_STEP][PASSED] - strTemp = "NA": null

2024-01-22 18:51:56 - [TEST_STEP][PASSED] - if (getCellValueByIndex(sheet01, rowIndex, 4) != "DONE"): null

2024-01-22 18:51:56 - [TEST_STEP][PASSED] - strTemp = "NA": null

2024-01-22 18:51:56 - [TEST_STEP][PASSED] - if (getCellValueByIndex(sheet01, rowIndex, 4) != "DONE"): null

2024-01-22 18:51:56 - [TEST_STEP][PASSED] - strTemp = "NA": null

2024-01-22 18:51:56 - [TEST_STEP][PASSED] - if (getCellValueByIndex(sheet01, rowIndex, 4) != "DONE"): null

2024-01-22 18:51:56 - [TEST_STEP][PASSED] - strTemp = "NA": null

2024-01-22 18:51:56 - [TEST_STEP][PASSED] - if (getCellValueByIndex(sheet01, rowIndex, 4) != "DONE"): null

2024-01-22 18:51:56 - [TEST_STEP][PASSED] - strTemp = "NA": null

2024-01-22 18:51:56 - [TEST_STEP][PASSED] - if (getCellValueByIndex(sheet01, rowIndex, 4) != "DONE"): null

2024-01-22 18:51:56 - [TEST_STEP][PASSED] - strTemp = "NA": null

2024-01-22 18:51:56 - [TEST_STEP][PASSED] - if (getCellValueByIndex(sheet01, rowIndex, 4) != "DONE"): null

2024-01-22 18:51:56 - [TEST_STEP][PASSED] - strTemp = "NA": null

2024-01-22 18:51:56 - [TEST_STEP][PASSED] - if (getCellValueByIndex(sheet01, rowIndex, 4) != "DONE"): null

2024-01-22 18:51:56 - [TEST_STEP][PASSED] - strTemp = "NA": null

2024-01-22 18:51:56 - [TEST_STEP][PASSED] - if (getCellValueByIndex(sheet01, rowIndex, 4) != "DONE"): null

2024-01-22 18:51:56 - [TEST_STEP][PASSED] - strTemp = "NA": null

2024-01-22 18:51:56 - [TEST_STEP][PASSED] - if (getCellValueByIndex(sheet01, rowIndex, 4) != "DONE"): null

2024-01-22 18:51:56 - [TEST_STEP][PASSED] - strTemp = "NA": null

2024-01-22 18:51:56 - [TEST_STEP][PASSED] - if (getCellValueByIndex(sheet01, rowIndex, 4) != "DONE"): null

2024-01-22 18:51:56 - [TEST_STEP][PASSED] - strTemp = "NA": null

2024-01-22 18:51:56 - [TEST_STEP][PASSED] - if (getCellValueByIndex(sheet01, rowIndex, 4) != "DONE"): null

2024-01-22 18:51:56 - [TEST_STEP][PASSED] - strTemp = "NA": null

2024-01-22 18:51:56 - [TEST_STEP][PASSED] - if (getCellValueByIndex(sheet01, rowIndex, 4) != "DONE"): null

2024-01-22 18:51:56 - [TEST_STEP][PASSED] - strTemp = "NA": null

2024-01-22 18:51:56 - [TEST_STEP][PASSED] - if (getCellValueByIndex(sheet01, rowIndex, 4) != "DONE"): null

2024-01-22 18:51:56 - [TEST_STEP][PASSED] - strTemp = "NA": null

2024-01-22 18:51:56 - [TEST_STEP][PASSED] - if (getCellValueByIndex(sheet01, rowIndex, 4) != "DONE"): null

2024-01-22 18:51:56 - [TEST_STEP][PASSED] - strTemp = "NA": null

2024-01-22 18:51:56 - [TEST_STEP][PASSED] - if (getCellValueByIndex(sheet01, rowIndex, 4) != "DONE"): null

2024-01-22 18:51:56 - [TEST_STEP][PASSED] - strTemp = "NA": null

2024-01-22 18:51:56 - [TEST_STEP][PASSED] - if (getCellValueByIndex(sheet01, rowIndex, 4) != "DONE"): null

2024-01-22 18:51:56 - [TEST_STEP][PASSED] - strTemp = "NA": null

2024-01-22 18:51:56 - [TEST_STEP][PASSED] - if (getCellValueByIndex(sheet01, rowIndex, 4) != "DONE"): null

2024-01-22 18:51:56 - [TEST_STEP][PASSED] - strTemp = "NA": null

2024-01-22 18:51:56 - [TEST_STEP][PASSED] - if (getCellValueByIndex(sheet01, rowIndex, 4) != "DONE"): null

2024-01-22 18:51:56 - [TEST_STEP][PASSED] - strTemp = "NA": null

2024-01-22 18:51:56 - [TEST_STEP][PASSED] - if (getCellValueByIndex(sheet01, rowIndex, 4) != "DONE"): null

2024-01-22 18:51:56 - [TEST_STEP][PASSED] - strTemp = "NA": null

2024-01-22 18:51:56 - [TEST_STEP][PASSED] - if (getCellValueByIndex(sheet01, rowIndex, 4) != "DONE"): null

2024-01-22 18:51:56 - [TEST_STEP][PASSED] - strTemp = "NA": null

2024-01-22 18:51:56 - [TEST_STEP][PASSED] - if (getCellValueByIndex(sheet01, rowIndex, 4) != "DONE"): null

2024-01-22 18:51:56 - [TEST_STEP][PASSED] - strTemp = "NA": null

2024-01-22 18:51:56 - [TEST_STEP][PASSED] - if (getCellValueByIndex(sheet01, rowIndex, 4) != "DONE"): null

2024-01-22 18:51:56 - [TEST_STEP][PASSED] - strTemp = "NA": null

2024-01-22 18:51:56 - [TEST_STEP][PASSED] - if (getCellValueByIndex(sheet01, rowIndex, 4) != "DONE"): null

2024-01-22 18:51:56 - [TEST_STEP][PASSED] - strTemp = "NA": null

2024-01-22 18:51:56 - [TEST_STEP][PASSED] - if (getCellValueByIndex(sheet01, rowIndex, 4) != "DONE"): null

2024-01-22 18:51:56 - [TEST_STEP][PASSED] - strTemp = "NA": null

2024-01-22 18:51:56 - [TEST_STEP][PASSED] - if (getCellValueByIndex(sheet01, rowIndex, 4) != "DONE"): null

2024-01-22 18:51:56 - [TEST_STEP][PASSED] - strTemp = "NA": null

2024-01-22 18:51:56 - [TEST_STEP][PASSED] - if (getCellValueByIndex(sheet01, rowIndex, 4) != "DONE"): null

2024-01-22 18:51:56 - [TEST_STEP][PASSED] - strTemp = "NA": null

2024-01-22 18:51:56 - [TEST_STEP][PASSED] - if (getCellValueByIndex(sheet01, rowIndex, 4) != "DONE"): null

2024-01-22 18:51:56 - [TEST_STEP][PASSED] - strTemp = "NA": null

2024-01-22 18:51:56 - [TEST_STEP][PASSED] - if (getCellValueByIndex(sheet01, rowIndex, 4) != "DONE"): null

2024-01-22 18:51:56 - [TEST_STEP][PASSED] - strTemp = "NA": null

2024-01-22 18:51:56 - [TEST_STEP][PASSED] - if (getCellValueByIndex(sheet01, rowIndex, 4) != "DONE"): null

2024-01-22 18:51:56 - [TEST_STEP][PASSED] - strTemp = "NA": null

2024-01-22 18:51:56 - [TEST_STEP][PASSED] - if (getCellValueByIndex(sheet01, rowIndex, 4) != "DONE"): null

2024-01-22 18:51:56 - [TEST_STEP][PASSED] - strTemp = "NA": null

2024-01-22 18:51:56 - [TEST_STEP][PASSED] - if (getCellValueByIndex(sheet01, rowIndex, 4) != "DONE"): null

2024-01-22 18:51:56 - [TEST_STEP][PASSED] - strTemp = "NA": null

2024-01-22 18:51:56 - [TEST_STEP][PASSED] - if (getCellValueByIndex(sheet01, rowIndex, 4) != "DONE"): null

2024-01-22 18:51:56 - [TEST_STEP][PASSED] - strTemp = "NA": null

2024-01-22 18:51:56 - [TEST_STEP][PASSED] - if (getCellValueByIndex(sheet01, rowIndex, 4) != "DONE"): null

2024-01-22 18:51:56 - [TEST_STEP][PASSED] - strTemp = "NA": null

2024-01-22 18:51:56 - [TEST_STEP][PASSED] - if (getCellValueByIndex(sheet01, rowIndex, 4) != "DONE"): null

2024-01-22 18:51:56 - [TEST_STEP][PASSED] - strTemp = "NA": null

2024-01-22 18:51:56 - [TEST_STEP][PASSED] - if (getCellValueByIndex(sheet01, rowIndex, 4) != "DONE"): null

2024-01-22 18:51:56 - [TEST_STEP][PASSED] - strTemp = "NA": null

2024-01-22 18:51:56 - [TEST_STEP][PASSED] - if (getCellValueByIndex(sheet01, rowIndex, 4) != "DONE"): null

2024-01-22 18:51:56 - [TEST_STEP][PASSED] - strTemp = "NA": null

2024-01-22 18:51:56 - [TEST_STEP][PASSED] - if (getCellValueByIndex(sheet01, rowIndex, 4) != "DONE"): null

2024-01-22 18:51:56 - [TEST_STEP][PASSED] - strTemp = "NA": null

2024-01-22 18:51:56 - [TEST_STEP][PASSED] - if (getCellValueByIndex(sheet01, rowIndex, 4) != "DONE"): null

2024-01-22 18:51:56 - [TEST_STEP][PASSED] - strTemp = "NA": null

2024-01-22 18:51:56 - [TEST_STEP][PASSED] - if (getCellValueByIndex(sheet01, rowIndex, 4) != "DONE"): null

2024-01-22 18:51:56 - [TEST_STEP][PASSED] - strTemp = "NA": null

2024-01-22 18:51:56 - [TEST_STEP][PASSED] - if (getCellValueByIndex(sheet01, rowIndex, 4) != "DONE"): null

2024-01-22 18:51:56 - [TEST_STEP][PASSED] - strTemp = "NA": null

2024-01-22 18:51:56 - [TEST_STEP][PASSED] - if (getCellValueByIndex(sheet01, rowIndex, 4) != "DONE"): null

2024-01-22 18:51:56 - [TEST_STEP][PASSED] - strTemp = "NA": null

2024-01-22 18:51:56 - [TEST_STEP][PASSED] - if (getCellValueByIndex(sheet01, rowIndex, 4) != "DONE"): null

2024-01-22 18:51:56 - [TEST_STEP][PASSED] - strTemp = "NA": null

2024-01-22 18:51:56 - [TEST_STEP][PASSED] - if (getCellValueByIndex(sheet01, rowIndex, 4) != "DONE"): null

2024-01-22 18:51:56 - [TEST_STEP][PASSED] - strTemp = "NA": null

2024-01-22 18:51:56 - [TEST_STEP][PASSED] - if (getCellValueByIndex(sheet01, rowIndex, 4) != "DONE"): null

2024-01-22 18:51:56 - [TEST_STEP][PASSED] - strTemp = "NA": null

2024-01-22 18:51:56 - [TEST_STEP][PASSED] - if (getCellValueByIndex(sheet01, rowIndex, 4) != "DONE"): null

2024-01-22 18:51:56 - [TEST_STEP][PASSED] - strTemp = "NA": null

2024-01-22 18:51:56 - [TEST_STEP][PASSED] - if (getCellValueByIndex(sheet01, rowIndex, 4) != "DONE"): null

2024-01-22 18:51:56 - [TEST_STEP][PASSED] - strTemp = "NA": null

2024-01-22 18:51:56 - [TEST_STEP][PASSED] - if (getCellValueByIndex(sheet01, rowIndex, 4) != "DONE"): null

2024-01-22 18:51:56 - [TEST_STEP][PASSED] - strTemp = "NA": null

2024-01-22 18:51:56 - [TEST_STEP][PASSED] - if (getCellValueByIndex(sheet01, rowIndex, 4) != "DONE"): null

2024-01-22 18:51:56 - [TEST_STEP][PASSED] - strTemp = "NA": null

2024-01-22 18:51:56 - [TEST_STEP][PASSED] - if (getCellValueByIndex(sheet01, rowIndex, 4) != "DONE"): null

2024-01-22 18:51:56 - [TEST_STEP][PASSED] - strTemp = "NA": null

2024-01-22 18:51:56 - [TEST_STEP][PASSED] - if (getCellValueByIndex(sheet01, rowIndex, 4) != "DONE"): null

2024-01-22 18:51:56 - [TEST_STEP][PASSED] - strTemp = "NA": null

2024-01-22 18:51:56 - [TEST_STEP][PASSED] - if (getCellValueByIndex(sheet01, rowIndex, 4) != "DONE"): null

2024-01-22 18:51:56 - [TEST_STEP][PASSED] - strTemp = "NA": null

2024-01-22 18:51:56 - [TEST_STEP][PASSED] - if (getCellValueByIndex(sheet01, rowIndex, 4) != "DONE"): null

2024-01-22 18:51:56 - [TEST_STEP][PASSED] - strTemp = "NA": null

2024-01-22 18:51:56 - [TEST_STEP][PASSED] - if (getCellValueByIndex(sheet01, rowIndex, 4) != "DONE"): null

2024-01-22 18:51:56 - [TEST_STEP][PASSED] - strTemp = "NA": null

2024-01-22 18:51:56 - [TEST_STEP][PASSED] - if (getCellValueByIndex(sheet01, rowIndex, 4) != "DONE"): null

2024-01-22 18:51:56 - [TEST_STEP][PASSED] - strTemp = "NA": null

2024-01-22 18:51:56 - [TEST_STEP][PASSED] - if (getCellValueByIndex(sheet01, rowIndex, 4) != "DONE"): null

2024-01-22 18:51:56 - [TEST_STEP][PASSED] - strTemp = "NA": null

2024-01-22 18:51:56 - [TEST_STEP][PASSED] - if (getCellValueByIndex(sheet01, rowIndex, 4) != "DONE"): null

2024-01-22 18:51:56 - [TEST_STEP][PASSED] - strTemp = "NA": null

2024-01-22 18:51:56 - [TEST_STEP][PASSED] - if (getCellValueByIndex(sheet01, rowIndex, 4) != "DONE"): null

2024-01-22 18:51:56 - [TEST_STEP][PASSED] - strTemp = "NA": null

2024-01-22 18:51:56 - [TEST_STEP][PASSED] - if (getCellValueByIndex(sheet01, rowIndex, 4) != "DONE"): null

2024-01-22 18:51:56 - [TEST_STEP][PASSED] - strTemp = "NA": null

2024-01-22 18:51:56 - [TEST_STEP][PASSED] - if (getCellValueByIndex(sheet01, rowIndex, 4) != "DONE"): null

2024-01-22 18:51:56 - [TEST_STEP][PASSED] - strTemp = "NA": null

2024-01-22 18:51:56 - [TEST_STEP][PASSED] - if (getCellValueByIndex(sheet01, rowIndex, 4) != "DONE"): null

2024-01-22 18:51:56 - [TEST_STEP][PASSED] - strTemp = "NA": null

2024-01-22 18:51:56 - [TEST_STEP][PASSED] - if (getCellValueByIndex(sheet01, rowIndex, 4) != "DONE"): null

2024-01-22 18:51:56 - [TEST_STEP][PASSED] - strTemp = "NA": null

2024-01-22 18:51:56 - [TEST_STEP][PASSED] - if (getCellValueByIndex(sheet01, rowIndex, 4) != "DONE"): null

2024-01-22 18:51:56 - [TEST_STEP][PASSED] - strTemp = "NA": null

2024-01-22 18:51:56 - [TEST_STEP][PASSED] - if (getCellValueByIndex(sheet01, rowIndex, 4) != "DONE"): null

2024-01-22 18:51:56 - [TEST_STEP][PASSED] - strTemp = "NA": null

2024-01-22 18:51:56 - [TEST_STEP][PASSED] - if (getCellValueByIndex(sheet01, rowIndex, 4) != "DONE"): null

2024-01-22 18:51:56 - [TEST_STEP][PASSED] - strTemp = "NA": null

2024-01-22 18:51:56 - [TEST_STEP][PASSED] - if (getCellValueByIndex(sheet01, rowIndex, 4) != "DONE"): null

2024-01-22 18:51:56 - [TEST_STEP][PASSED] - strTemp = "NA": null

2024-01-22 18:51:56 - [TEST_STEP][PASSED] - if (getCellValueByIndex(sheet01, rowIndex, 4) != "DONE"): null

2024-01-22 18:51:56 - [TEST_STEP][PASSED] - strTemp = "NA": null

2024-01-22 18:51:56 - [TEST_STEP][PASSED] - if (getCellValueByIndex(sheet01, rowIndex, 4) != "DONE"): null

2024-01-22 18:51:56 - [TEST_STEP][PASSED] - strTemp = "NA": null

2024-01-22 18:51:56 - [TEST_STEP][PASSED] - if (getCellValueByIndex(sheet01, rowIndex, 4) != "DONE"): null

2024-01-22 18:51:56 - [TEST_STEP][PASSED] - strTemp = "NA": null

2024-01-22 18:51:56 - [TEST_STEP][PASSED] - if (getCellValueByIndex(sheet01, rowIndex, 4) != "DONE"): null

2024-01-22 18:51:56 - [TEST_STEP][PASSED] - strTemp = "NA": null

2024-01-22 18:51:56 - [TEST_STEP][PASSED] - if (getCellValueByIndex(sheet01, rowIndex, 4) != "DONE"): null

2024-01-22 18:51:56 - [TEST_STEP][PASSED] - strTemp = "NA": null

2024-01-22 18:51:56 - [TEST_STEP][PASSED] - if (getCellValueByIndex(sheet01, rowIndex, 4) != "DONE"): null

2024-01-22 18:51:56 - [TEST_STEP][PASSED] - strTemp = "NA": null

2024-01-22 18:51:56 - [TEST_STEP][PASSED] - if (getCellValueByIndex(sheet01, rowIndex, 4) != "DONE"): null

2024-01-22 18:51:56 - [TEST_STEP][PASSED] - strTemp = "NA": null

2024-01-22 18:51:56 - [TEST_STEP][PASSED] - if (getCellValueByIndex(sheet01, rowIndex, 4) != "DONE"): null

2024-01-22 18:51:56 - [TEST_STEP][PASSED] - strTemp = "NA": null

2024-01-22 18:51:56 - [TEST_STEP][PASSED] - if (getCellValueByIndex(sheet01, rowIndex, 4) != "DONE"): null

2024-01-22 18:51:56 - [TEST_STEP][PASSED] - strTemp = "NA": null

2024-01-22 18:51:56 - [TEST_STEP][PASSED] - if (getCellValueByIndex(sheet01, rowIndex, 4) != "DONE"): null

2024-01-22 18:51:56 - [TEST_STEP][PASSED] - strTemp = "NA": null

2024-01-22 18:51:56 - [TEST_STEP][PASSED] - if (getCellValueByIndex(sheet01, rowIndex, 4) != "DONE"): null

2024-01-22 18:51:56 - [TEST_STEP][PASSED] - strTemp = "NA": null

2024-01-22 18:51:56 - [TEST_STEP][PASSED] - if (getCellValueByIndex(sheet01, rowIndex, 4) != "DONE"): null

2024-01-22 18:51:56 - [TEST_STEP][PASSED] - strTemp = "NA": null

2024-01-22 18:51:56 - [TEST_STEP][PASSED] - if (getCellValueByIndex(sheet01, rowIndex, 4) != "DONE"): null

2024-01-22 18:51:56 - [TEST_STEP][PASSED] - strTemp = "NA": null

2024-01-22 18:51:56 - [TEST_STEP][PASSED] - if (getCellValueByIndex(sheet01, rowIndex, 4) != "DONE"): null

2024-01-22 18:51:56 - [TEST_STEP][PASSED] - strTemp = "NA": null

2024-01-22 18:51:56 - [TEST_STEP][PASSED] - if (getCellValueByIndex(sheet01, rowIndex, 4) != "DONE"): null

2024-01-22 18:51:56 - [TEST_STEP][PASSED] - strTemp = "NA": null

2024-01-22 18:51:56 - [TEST_STEP][PASSED] - if (getCellValueByIndex(sheet01, rowIndex, 4) != "DONE"): null

2024-01-22 18:51:56 - [TEST_STEP][PASSED] - strTemp = "NA": null

2024-01-22 18:51:56 - [TEST_STEP][PASSED] - if (getCellValueByIndex(sheet01, rowIndex, 4) != "DONE"): null

2024-01-22 18:51:56 - [TEST_STEP][PASSED] - strTemp = "NA": null

2024-01-22 18:51:56 - [TEST_STEP][PASSED] - if (getCellValueByIndex(sheet01, rowIndex, 4) != "DONE"): null

2024-01-22 18:51:56 - [TEST_STEP][PASSED] - strTemp = "NA": null

2024-01-22 18:51:56 - [TEST_STEP][PASSED] - if (getCellValueByIndex(sheet01, rowIndex, 4) != "DONE"): Object: 'Object Repository/Stockbit/menu_Bandarmology' is clicked on

2024-01-22 18:51:56 - [TEST_STEP][PASSED] - strNama = getCellValueByIndex(sheet01, rowIndex, 0): null

2024-01-22 18:51:56 - [TEST_STEP][PASSED] - navigateToUrl("https://stockbit.com/#/symbol/" + strNama): Navigate to 'https://stockbit.com/#/symbol/WSKT' successfully

2024-01-22 18:51:58 - [MESSAGE][PASSED] - Navigate to 'https://stockbit.com/#/symbol/WSKT' successfully

2024-01-22 18:51:58 - [TEST_STEP][PASSED] - waitForElementClickable(findTestObject("Stockbit/menu_Bandarmology"), 10): Object 'Object Repository/Stockbit/menu_Bandarmology' is clickable

2024-01-22 18:51:58 - [MESSAGE][PASSED] - Object 'Object Repository/Stockbit/menu_Bandarmology' is clickable

2024-01-22 18:51:58 - [TEST_STEP][PASSED] - click(findTestObject("Stockbit/menu_Bandarmology")): Object: 'Object Repository/Stockbit/menu_Bandarmology' is clicked on

2024-01-22 18:51:59 - [MESSAGE][PASSED] - Object: 'Object Repository/Stockbit/menu_Bandarmology' is clicked on

2024-01-22 18:51:59 - [TEST_STEP][PASSED] - strTanggal = d.format(DateTimeFormatter.ofPattern("MMM dd, yyyy")): null

2024-01-22 18:51:59 - [TEST_STEP][PASSED] - strTanggal = d.format(ISO_DATE): null

2024-01-22 18:51:59 - [TEST_STEP][PASSED] - out.println("strTanggal = " + strTanggal): null

2024-01-22 18:51:59 - [TEST_STEP][PASSED] - out.println("strNama = " + strNama): null

2024-01-22 18:51:59 - [TEST_STEP][PASSED] - out.println("Baris ke = " + rowIndex): null

2024-01-22 18:51:59 - [TEST_STEP][PASSED] - click(findTestObject("Stockbit/input__BandarmologyOpenStartDate")): Object: 'Object Repository/Stockbit/input__BandarmologyOpenStartDate' is clicked on

2024-01-22 18:52:00 - [MESSAGE][PASSED] - Object: 'Object Repository/Stockbit/input__BandarmologyOpenStartDate' is clicked on

2024-01-22 18:52:00 - [TEST_STEP][PASSED] - sendKeys(findTestObject("Stockbit/input__BandarmologyOpenStartDate"), Keys.chord(CONTROL, "a")): Keys 'CONTROL + a' sent to object: 'Object Repository/Stockbit/input__BandarmologyOpenStartDate'

2024-01-22 18:52:01 - [MESSAGE][PASSED] - Keys 'CONTROL + a' sent to object: 'Object Repository/Stockbit/input__BandarmologyOpenStartDate'

2024-01-22 18:52:01 - [TEST_STEP][PASSED] - sendKeys(findTestObject("Stockbit/input__BandarmologyOpenStartDate"), Keys.chord(BACK_SPACE)): Keys 'BACK_SPACE + ' sent to object: 'Object Repository/Stockbit/input__BandarmologyOpenStartDate'

2024-01-22 18:52:01 - [MESSAGE][PASSED] - Keys 'BACK_SPACE + ' sent to object: 'Object Repository/Stockbit/input__BandarmologyOpenStartDate'

2024-01-22 18:52:01 - [TEST_STEP][PASSED] - setText(findTestObject("Stockbit/input__BandarmologyOpenStartDate"), strTanggal): Text '2024-01-22' is set on object 'Object Repository/Stockbit/input__BandarmologyOpenStartDate'

2024-01-22 18:52:02 - [MESSAGE][PASSED] - Text '2024-01-22' is set on object 'Object Repository/Stockbit/input__BandarmologyOpenStartDate'

2024-01-22 18:52:02 - [TEST_STEP][PASSED] - sendKeys(findTestObject("Stockbit/input__BandarmologyOpenStartDate"), Keys.chord(ENTER)): Keys 'ENTER + ' sent to object: 'Object Repository/Stockbit/input__BandarmologyOpenStartDate'

2024-01-22 18:52:02 - [MESSAGE][PASSED] - Keys 'ENTER + ' sent to object: 'Object Repository/Stockbit/input__BandarmologyOpenStartDate'

2024-01-22 18:52:02 - [TEST_STEP][PASSED] - click(findTestObject("Stockbit/input__BandarmologyOpenEndDate")): Object: 'Object Repository/Stockbit/input__BandarmologyOpenEndDate' is clicked on

2024-01-22 18:52:03 - [MESSAGE][PASSED] - Object: 'Object Repository/Stockbit/input__BandarmologyOpenEndDate' is clicked on

2024-01-22 18:52:03 - [TEST_STEP][PASSED] - sendKeys(findTestObject("Stockbit/input__BandarmologyOpenEndDate"), Keys.chord(CONTROL, "a")): Keys 'CONTROL + a' sent to object: 'Object Repository/Stockbit/input__BandarmologyOpenEndDate'

2024-01-22 18:52:03 - [MESSAGE][PASSED] - Keys 'CONTROL + a' sent to object: 'Object Repository/Stockbit/input__BandarmologyOpenEndDate'

2024-01-22 18:52:03 - [TEST_STEP][PASSED] - sendKeys(findTestObject("Stockbit/input__BandarmologyOpenEndDate"), Keys.chord(BACK_SPACE)): Keys 'BACK_SPACE + ' sent to object: 'Object Repository/Stockbit/input__BandarmologyOpenEndDate'

2024-01-22 18:52:04 - [MESSAGE][PASSED] - Keys 'BACK_SPACE + ' sent to object: 'Object Repository/Stockbit/input__BandarmologyOpenEndDate'

2024-01-22 18:52:04 - [TEST_STEP][PASSED] - setText(findTestObject("Stockbit/input__BandarmologyOpenEndDate"), strTanggal): Text '2024-01-22' is set on object 'Object Repository/Stockbit/input__BandarmologyOpenEndDate'

2024-01-22 18:52:04 - [MESSAGE][PASSED] - Text '2024-01-22' is set on object 'Object Repository/Stockbit/input__BandarmologyOpenEndDate'

2024-01-22 18:52:04 - [TEST_STEP][PASSED] - sendKeys(findTestObject("Stockbit/input__BandarmologyOpenEndDate"), Keys.chord(ENTER)): Keys 'ENTER + ' sent to object: 'Object Repository/Stockbit/input__BandarmologyOpenEndDate'

2024-01-22 18:52:05 - [MESSAGE][PASSED] - Keys 'ENTER + ' sent to object: 'Object Repository/Stockbit/input__BandarmologyOpenEndDate'

2024-01-22 18:52:05 - [TEST_STEP][PASSED] - delay(2): Delayed 2 second(s)

2024-01-22 18:52:07 - [MESSAGE][PASSED] - Delayed 2 second(s)

2024-01-22 18:52:07 - [TEST_STEP][PASSED] - strTemp = getText(findTestObject("Stockbit/Bandarmology_AvgRP")): Text of object 'Object Repository/Stockbit/Bandarmology_AvgRP' is: '0'

2024-01-22 18:52:07 - [MESSAGE][PASSED] - Text of object 'Object Repository/Stockbit/Bandarmology_AvgRP' is: '0'

2024-01-22 18:52:07 - [TEST_STEP][PASSED] - out.println("Bandarmology_AvgRP = " + strTemp): null

2024-01-22 18:52:07 - [TEST_STEP][PASSED] - if (strTemp != "0"): null

2024-01-22 18:52:07 - [TEST_STEP][PASSED] - waitForElementClickable(findTestObject("Stockbit/menu_Bandarmology"), 10): Object 'Object Repository/Stockbit/menu_Bandarmology' is clickable

2024-01-22 18:52:07 - [MESSAGE][PASSED] - Object 'Object Repository/Stockbit/menu_Bandarmology' is clickable

2024-01-22 18:52:07 - [TEST_STEP][PASSED] - click(findTestObject("Stockbit/menu_Bandarmology")): Object: 'Object Repository/Stockbit/menu_Bandarmology' is clicked on

2024-01-22 18:52:07 - [MESSAGE][PASSED] - Object: 'Object Repository/Stockbit/menu_Bandarmology' is clicked on

2024-01-22 18:52:07 - [TEST_STEP][PASSED] - d = d.plusDays(1): null

2024-01-22 18:52:07 - [TEST_STEP][PASSED] - if (null != connection): null

2024-01-22 18:52:07 - [TEST_STEP][PASSED] - if (resultSet != null): null

2024-01-22 18:52:07 - [TEST_STEP][PASSED] - statement.close(): null

2024-01-22 18:52:07 - [TEST_STEP][PASSED] - connection.close(): null

2024-01-22 18:52:07 - [TEST_STEP][PASSED] - click(findTestObject("Stockbit/img__Profile")): Object: 'Object Repository/Stockbit/img__Profile' is clicked on

2024-01-22 18:52:08 - [MESSAGE][PASSED] - Object: 'Object Repository/Stockbit/img__Profile' is clicked on

2024-01-22 18:52:08 - [TEST_STEP][PASSED] - click(findTestObject("Stockbit/button_Logout")): Object: 'Object Repository/Stockbit/button_Logout' is clicked on

2024-01-22 18:52:08 - [MESSAGE][PASSED] - Object: 'Object Repository/Stockbit/button_Logout' is clicked on

2024-01-22 18:52:08 - [TEST_STEP][PASSED] - closeBrowser(): Browser is closed

2024-01-22 18:52:09 - [MESSAGE][PASSED] - Browser is closed]]></system-out>
         <system-err><![CDATA[]]></system-err>
      </testcase>
      <system-out><![CDATA[2024-01-22 18:50:32 - [TEST_SUITE][PASSED] - TS1: Test Cases/Stockbit/GetBrokSumPriceDaily]]></system-out>
      <system-err><![CDATA[]]></system-err>
   </testsuite>
</testsuites>
